<?xml version="1.0" encoding="UTF-8"?>
<testsuite xmlns:xsi="http://www.w3.org/2001/XMLSchema-instance" xsi:noNamespaceSchemaLocation="https://maven.apache.org/surefire/maven-surefire-plugin/xsd/surefire-test-report-3.0.xsd" version="3.0" name="org.apache.hadoop.ozone.scm.node.TestDecommissionAndMaintenance" time="246.232" tests="7" errors="1" skipped="0" failures="0">
  <properties>
    <property name="awt.toolkit" value="sun.awt.X11.XToolkit"/>
    <property name="file.encoding.pkg" value="sun.io"/>
    <property name="java.specification.version" value="1.8"/>
    <property name="sun.cpu.isalist" value=""/>
    <property name="sun.jnu.encoding" value="UTF-8"/>
    <property name="java.class.path" value="/home/runner/work/ozone/ozone/hadoop-ozone/integration-test/target/test-classes:/home/runner/work/ozone/ozone/hadoop-ozone/integration-test/target/classes:/home/runner/.m2/repository/org/apache/ozone/ozone-common/1.3.0-SNAPSHOT/ozone-common-1.3.0-SNAPSHOT.jar:/home/runner/.m2/repository/io/grpc/grpc-netty/1.48.1/grpc-netty-1.48.1.jar:/home/runner/.m2/repository/io/grpc/grpc-core/1.48.1/grpc-core-1.48.1.jar:/home/runner/.m2/repository/com/google/android/annotations/4.1.1.4/annotations-4.1.1.4.jar:/home/runner/.m2/repository/org/codehaus/mojo/animal-sniffer-annotations/1.21/animal-sniffer-annotations-1.21.jar:/home/runner/.m2/repository/com/google/errorprone/error_prone_annotations/2.2.0/error_prone_annotations-2.2.0.jar:/home/runner/.m2/repository/io/perfmark/perfmark-api/0.25.0/perfmark-api-0.25.0.jar:/home/runner/.m2/repository/io/netty/netty-codec-http2/4.1.77.Final/netty-codec-http2-4.1.77.Final.jar:/home/runner/.m2/repository/io/netty/netty-common/4.1.77.Final/netty-common-4.1.77.Final.jar:/home/runner/.m2/repository/io/netty/netty-buffer/4.1.77.Final/netty-buffer-4.1.77.Final.jar:/home/runner/.m2/repository/io/netty/netty-codec-http/4.1.77.Final/netty-codec-http-4.1.77.Final.jar:/home/runner/.m2/repository/io/netty/netty-handler-proxy/4.1.77.Final/netty-handler-proxy-4.1.77.Final.jar:/home/runner/.m2/repository/io/netty/netty-codec-socks/4.1.77.Final/netty-codec-socks-4.1.77.Final.jar:/home/runner/.m2/repository/io/netty/netty-tcnative-boringssl-static/2.0.52.Final/netty-tcnative-boringssl-static-2.0.52.Final.jar:/home/runner/.m2/repository/io/netty/netty-tcnative-classes/2.0.52.Final/netty-tcnative-classes-2.0.52.Final.jar:/home/runner/.m2/repository/io/netty/netty-tcnative-boringssl-static/2.0.52.Final/netty-tcnative-boringssl-static-2.0.52.Final-linux-x86_64.jar:/home/runner/.m2/repository/io/netty/netty-tcnative-boringssl-static/2.0.52.Final/netty-tcnative-boringssl-static-2.0.52.Final-linux-aarch_64.jar:/home/runner/.m2/repository/io/netty/netty-tcnative-boringssl-static/2.0.52.Final/netty-tcnative-boringssl-static-2.0.52.Final-osx-x86_64.jar:/home/runner/.m2/repository/io/netty/netty-tcnative-boringssl-static/2.0.52.Final/netty-tcnative-boringssl-static-2.0.52.Final-osx-aarch_64.jar:/home/runner/.m2/repository/io/netty/netty-tcnative-boringssl-static/2.0.52.Final/netty-tcnative-boringssl-static-2.0.52.Final-windows-x86_64.jar:/home/runner/.m2/repository/org/apache/commons/commons-compress/1.21/commons-compress-1.21.jar:/home/runner/.m2/repository/org/apache/ozone/hdds-common/1.3.0-SNAPSHOT/hdds-common-1.3.0-SNAPSHOT.jar:/home/runner/.m2/repository/org/apache/ozone/hdds-client/1.3.0-SNAPSHOT/hdds-client-1.3.0-SNAPSHOT.jar:/home/runner/.m2/repository/org/apache/ozone/ozone-interface-client/1.3.0-SNAPSHOT/ozone-interface-client-1.3.0-SNAPSHOT.jar:/home/runner/.m2/repository/org/apache/ozone/hdds-test-utils/1.3.0-SNAPSHOT/hdds-test-utils-1.3.0-SNAPSHOT.jar:/home/runner/.m2/repository/com/google/guava/guava/31.1-jre/guava-31.1-jre.jar:/home/runner/.m2/repository/com/google/guava/failureaccess/1.0.1/failureaccess-1.0.1.jar:/home/runner/.m2/repository/com/google/guava/listenablefuture/9999.0-empty-to-avoid-conflict-with-guava/listenablefuture-9999.0-empty-to-avoid-conflict-with-guava.jar:/home/runner/.m2/repository/com/google/code/findbugs/jsr305/3.0.0/jsr305-3.0.0.jar:/home/runner/.m2/repository/org/checkerframework/checker-qual/3.12.0/checker-qual-3.12.0.jar:/home/runner/.m2/repository/com/google/j2objc/j2objc-annotations/1.3/j2objc-annotations-1.3.jar:/home/runner/.m2/repository/commons-io/commons-io/2.11.0/commons-io-2.11.0.jar:/home/runner/.m2/repository/commons-logging/commons-logging/1.2/commons-logging-1.2.jar:/home/runner/.m2/repository/ch/qos/reload4j/reload4j/1.2.22/reload4j-1.2.22.jar:/home/runner/.m2/repository/org/slf4j/slf4j-api/1.7.36/slf4j-api-1.7.36.jar:/home/runner/.m2/repository/org/apache/ozone/hdds-server-scm/1.3.0-SNAPSHOT/hdds-server-scm-1.3.0-SNAPSHOT.jar:/home/runner/.m2/repository/org/apache/ozone/hdds-container-service/1.3.0-SNAPSHOT/hdds-container-service-1.3.0-SNAPSHOT.jar:/home/runner/.m2/repository/org/apache/ozone/hdds-hadoop-dependency-server/1.3.0-SNAPSHOT/hdds-hadoop-dependency-server-1.3.0-SNAPSHOT.jar:/home/runner/.m2/repository/org/apache/hadoop/hadoop-hdfs/3.3.4/hadoop-hdfs-3.3.4.jar:/home/runner/.m2/repository/org/eclipse/jetty/jetty-util-ajax/9.4.49.v20220914/jetty-util-ajax-9.4.49.v20220914.jar:/home/runner/.m2/repository/commons-daemon/commons-daemon/1.0.13/commons-daemon-1.0.13.jar:/home/runner/.m2/repository/org/apache/ozone/hdds-server-framework/1.3.0-SNAPSHOT/hdds-server-framework-1.3.0-SNAPSHOT.jar:/home/runner/.m2/repository/org/apache/ozone/hdds-interface-server/1.3.0-SNAPSHOT/hdds-interface-server-1.3.0-SNAPSHOT.jar:/home/runner/.m2/repository/org/apache/commons/commons-configuration2/2.1.1/commons-configuration2-2.1.1.jar:/home/runner/.m2/repository/org/apache/logging/log4j/log4j-core/2.17.1/log4j-core-2.17.1.jar:/home/runner/.m2/repository/com/lmax/disruptor/3.4.2/disruptor-3.4.2.jar:/home/runner/.m2/repository/org/eclipse/jetty/jetty-servlet/9.4.49.v20220914/jetty-servlet-9.4.49.v20220914.jar:/home/runner/.m2/repository/org/eclipse/jetty/jetty-security/9.4.49.v20220914/jetty-security-9.4.49.v20220914.jar:/home/runner/.m2/repository/org/rocksdb/rocksdbjni/7.7.3/rocksdbjni-7.7.3.jar:/home/runner/.m2/repository/io/prometheus/simpleclient_dropwizard/0.7.0/simpleclient_dropwizard-0.7.0.jar:/home/runner/.m2/repository/io/prometheus/simpleclient/0.7.0/simpleclient-0.7.0.jar:/home/runner/.m2/repository/io/prometheus/simpleclient_common/0.7.0/simpleclient_common-0.7.0.jar:/home/runner/.m2/repository/com/github/spotbugs/spotbugs-annotations/3.1.12/spotbugs-annotations-3.1.12.jar:/home/runner/.m2/repository/io/dropwizard/metrics/metrics-core/3.2.4/metrics-core-3.2.4.jar:/home/runner/.m2/repository/org/apache/commons/commons-text/1.4/commons-text-1.4.jar:/home/runner/.m2/repository/org/apache/hadoop/hadoop-hdfs-client/3.3.4/hadoop-hdfs-client-3.3.4.jar:/home/runner/.m2/repository/com/squareup/okhttp3/okhttp/4.9.3/okhttp-4.9.3.jar:/home/runner/.m2/repository/com/squareup/okio/okio/2.8.0/okio-2.8.0.jar:/home/runner/.m2/repository/org/jetbrains/kotlin/kotlin-stdlib-common/1.4.10/kotlin-stdlib-common-1.4.10.jar:/home/runner/.m2/repository/org/bouncycastle/bcprov-jdk15on/1.67/bcprov-jdk15on-1.67.jar:/home/runner/.m2/repository/com/google/protobuf/protobuf-java/2.5.0/protobuf-java-2.5.0.jar:/home/runner/.m2/repository/org/apache/ozone/ozone-manager/1.3.0-SNAPSHOT/ozone-manager-1.3.0-SNAPSHOT.jar:/home/runner/.m2/repository/org/aspectj/aspectjrt/1.9.7/aspectjrt-1.9.7.jar:/home/runner/.m2/repository/org/aspectj/aspectjweaver/1.9.7/aspectjweaver-1.9.7.jar:/home/runner/.m2/repository/org/apache/ozone/hdds-interface-client/1.3.0-SNAPSHOT/hdds-interface-client-1.3.0-SNAPSHOT.jar:/home/runner/.m2/repository/org/apache/hadoop/thirdparty/hadoop-shaded-protobuf_3_7/1.1.1/hadoop-shaded-protobuf_3_7-1.1.1.jar:/home/runner/.m2/repository/org/apache/ozone/ozone-interface-storage/1.3.0-SNAPSHOT/ozone-interface-storage-1.3.0-SNAPSHOT.jar:/home/runner/.m2/repository/org/reflections/reflections/0.9.11/reflections-0.9.11.jar:/home/runner/.m2/repository/com/sun/jersey/jersey-client/1.19/jersey-client-1.19.jar:/home/runner/.m2/repository/org/apache/ranger/ranger-intg/2.3.0/ranger-intg-2.3.0.jar:/home/runner/.m2/repository/org/apache/ranger/ranger-plugins-common/2.3.0/ranger-plugins-common-2.3.0.jar:/home/runner/.m2/repository/commons-lang/commons-lang/2.6/commons-lang-2.6.jar:/home/runner/.m2/repository/org/codehaus/jackson/jackson-jaxrs/1.9.13/jackson-jaxrs-1.9.13.jar:/home/runner/.m2/repository/org/apache/ranger/ranger-plugins-cred/2.3.0/ranger-plugins-cred-2.3.0.jar:/home/runner/.m2/repository/org/apache/ranger/ranger-plugins-audit/2.3.0/ranger-plugins-audit-2.3.0.jar:/home/runner/.m2/repository/org/eclipse/jetty/jetty-client/9.4.31.v20200723/jetty-client-9.4.31.v20200723.jar:/home/runner/.m2/repository/org/apache/httpcomponents/httpmime/4.5.6/httpmime-4.5.6.jar:/home/runner/.m2/repository/org/apache/httpcomponents/httpcore-nio/4.4.6/httpcore-nio-4.4.6.jar:/home/runner/.m2/repository/org/apache/httpcomponents/httpasyncclient/4.1.3/httpasyncclient-4.1.3.jar:/home/runner/.m2/repository/com/carrotsearch/hppc/0.8.0/hppc-0.8.0.jar:/home/runner/.m2/repository/org/apache/orc/orc-core/1.5.8/orc-core-1.5.8.jar:/home/runner/.m2/repository/net/java/dev/jna/jna/5.2.0/jna-5.2.0.jar:/home/runner/.m2/repository/net/java/dev/jna/jna-platform/5.2.0/jna-platform-5.2.0.jar:/home/runner/.m2/repository/com/kstruct/gethostname4j/0.0.2/gethostname4j-0.0.2.jar:/home/runner/.m2/repository/org/apache/ranger/ranger-plugin-classloader/2.3.0/ranger-plugin-classloader-2.3.0.jar:/home/runner/.m2/repository/org/apache/hadoop/hadoop-minikdc/3.3.4/hadoop-minikdc-3.3.4.jar:/home/runner/.m2/repository/org/apache/kerby/kerb-simplekdc/1.0.1/kerb-simplekdc-1.0.1.jar:/home/runner/.m2/repository/org/apache/kerby/kerb-client/1.0.1/kerb-client-1.0.1.jar:/home/runner/.m2/repository/org/apache/kerby/kerby-config/1.0.1/kerby-config-1.0.1.jar:/home/runner/.m2/repository/org/apache/kerby/kerb-common/1.0.1/kerb-common-1.0.1.jar:/home/runner/.m2/repository/org/apache/kerby/kerb-crypto/1.0.1/kerb-crypto-1.0.1.jar:/home/runner/.m2/repository/org/apache/kerby/kerb-util/1.0.1/kerb-util-1.0.1.jar:/home/runner/.m2/repository/org/apache/kerby/token-provider/1.0.1/token-provider-1.0.1.jar:/home/runner/.m2/repository/org/apache/kerby/kerb-admin/1.0.1/kerb-admin-1.0.1.jar:/home/runner/.m2/repository/org/apache/kerby/kerb-server/1.0.1/kerb-server-1.0.1.jar:/home/runner/.m2/repository/org/apache/kerby/kerb-identity/1.0.1/kerb-identity-1.0.1.jar:/home/runner/.m2/repository/org/apache/kerby/kerby-xdr/1.0.1/kerby-xdr-1.0.1.jar:/home/runner/.m2/repository/org/apache/ozone/ozone-s3gateway/1.3.0-SNAPSHOT/ozone-s3gateway-1.3.0-SNAPSHOT.jar:/home/runner/.m2/repository/org/javassist/javassist/3.21.0-GA/javassist-3.21.0-GA.jar:/home/runner/.m2/repository/org/jboss/weld/servlet/weld-servlet/2.4.7.Final/weld-servlet-2.4.7.Final.jar:/home/runner/.m2/repository/org/glassfish/jersey/containers/jersey-container-servlet-core/2.34/jersey-container-servlet-core-2.34.jar:/home/runner/.m2/repository/org/glassfish/hk2/external/jakarta.inject/2.6.1/jakarta.inject-2.6.1.jar:/home/runner/.m2/repository/org/glassfish/jersey/core/jersey-common/2.34/jersey-common-2.34.jar:/home/runner/.m2/repository/jakarta/ws/rs/jakarta.ws.rs-api/2.1.6/jakarta.ws.rs-api-2.1.6.jar:/home/runner/.m2/repository/org/glassfish/jersey/ext/cdi/jersey-cdi1x/2.34/jersey-cdi1x-2.34.jar:/home/runner/.m2/repository/org/glassfish/jersey/inject/jersey-hk2/2.34/jersey-hk2-2.34.jar:/home/runner/.m2/repository/org/glassfish/hk2/hk2-locator/2.6.1/hk2-locator-2.6.1.jar:/home/runner/.m2/repository/org/glassfish/jersey/media/jersey-media-jaxb/2.34/jersey-media-jaxb-2.34.jar:/home/runner/.m2/repository/org/glassfish/hk2/osgi-resource-locator/1.0.3/osgi-resource-locator-1.0.3.jar:/home/runner/.m2/repository/org/glassfish/hk2/hk2-api/2.5.0/hk2-api-2.5.0.jar:/home/runner/.m2/repository/org/glassfish/hk2/hk2-utils/2.5.0/hk2-utils-2.5.0.jar:/home/runner/.m2/repository/org/glassfish/hk2/external/aopalliance-repackaged/2.5.0/aopalliance-repackaged-2.5.0.jar:/home/runner/.m2/repository/com/fasterxml/jackson/dataformat/jackson-dataformat-xml/2.13.4/jackson-dataformat-xml-2.13.4.jar:/home/runner/.m2/repository/com/fasterxml/jackson/core/jackson-core/2.13.4/jackson-core-2.13.4.jar:/home/runner/.m2/repository/org/codehaus/woodstox/stax2-api/4.2.1/stax2-api-4.2.1.jar:/home/runner/.m2/repository/com/fasterxml/woodstox/woodstox-core/5.4.0/woodstox-core-5.4.0.jar:/home/runner/.m2/repository/com/fasterxml/jackson/module/jackson-module-jaxb-annotations/2.13.4/jackson-module-jaxb-annotations-2.13.4.jar:/home/runner/.m2/repository/jakarta/xml/bind/jakarta.xml.bind-api/2.3.3/jakarta.xml.bind-api-2.3.3.jar:/home/runner/.m2/repository/jakarta/activation/jakarta.activation-api/1.2.1/jakarta.activation-api-1.2.1.jar:/home/runner/.m2/repository/javax/enterprise/cdi-api/1.2/cdi-api-1.2.jar:/home/runner/.m2/repository/javax/el/javax.el-api/3.0.0/javax.el-api-3.0.0.jar:/home/runner/.m2/repository/javax/interceptor/javax.interceptor-api/1.2/javax.interceptor-api-1.2.jar:/home/runner/.m2/repository/javax/inject/javax.inject/1/javax.inject-1.jar:/home/runner/.m2/repository/javax/xml/bind/jaxb-api/2.3.0/jaxb-api-2.3.0.jar:/home/runner/.m2/repository/org/glassfish/jaxb/jaxb-runtime/2.3.0.1/jaxb-runtime-2.3.0.1.jar:/home/runner/.m2/repository/org/glassfish/jaxb/jaxb-core/2.3.0.1/jaxb-core-2.3.0.1.jar:/home/runner/.m2/repository/org/glassfish/jaxb/txw2/2.3.0.1/txw2-2.3.0.1.jar:/home/runner/.m2/repository/com/sun/istack/istack-commons-runtime/3.0.5/istack-commons-runtime-3.0.5.jar:/home/runner/.m2/repository/org/jvnet/staxex/stax-ex/1.7.8/stax-ex-1.7.8.jar:/home/runner/.m2/repository/com/sun/xml/fastinfoset/FastInfoset/1.2.13/FastInfoset-1.2.13.jar:/home/runner/.m2/repository/javax/activation/activation/1.1.1/activation-1.1.1.jar:/home/runner/.m2/repository/io/grpc/grpc-protobuf/1.48.1/grpc-protobuf-1.48.1.jar:/home/runner/.m2/repository/io/grpc/grpc-api/1.48.1/grpc-api-1.48.1.jar:/home/runner/.m2/repository/io/grpc/grpc-context/1.48.1/grpc-context-1.48.1.jar:/home/runner/.m2/repository/com/google/api/grpc/proto-google-common-protos/2.9.0/proto-google-common-protos-2.9.0.jar:/home/runner/.m2/repository/io/grpc/grpc-protobuf-lite/1.48.1/grpc-protobuf-lite-1.48.1.jar:/home/runner/.m2/repository/io/grpc/grpc-stub/1.48.1/grpc-stub-1.48.1.jar:/home/runner/.m2/repository/io/netty/netty-transport/4.1.77.Final/netty-transport-4.1.77.Final.jar:/home/runner/.m2/repository/io/netty/netty-resolver/4.1.77.Final/netty-resolver-4.1.77.Final.jar:/home/runner/.m2/repository/org/apache/ozone/ozone-csi/1.3.0-SNAPSHOT/ozone-csi-1.3.0-SNAPSHOT.jar:/home/runner/.m2/repository/com/google/protobuf/protobuf-java-util/3.19.6/protobuf-java-util-3.19.6.jar:/home/runner/.m2/repository/com/google/code/gson/gson/2.9.0/gson-2.9.0.jar:/home/runner/.m2/repository/org/apache/ozone/hdds-config/1.3.0-SNAPSHOT/hdds-config-1.3.0-SNAPSHOT.jar:/home/runner/.m2/repository/io/netty/netty-transport-native-epoll/4.1.77.Final/netty-transport-native-epoll-4.1.77.Final-linux-x86_64.jar:/home/runner/.m2/repository/io/netty/netty-transport-classes-epoll/4.1.77.Final/netty-transport-classes-epoll-4.1.77.Final.jar:/home/runner/.m2/repository/io/netty/netty-transport-native-unix-common/4.1.77.Final/netty-transport-native-unix-common-4.1.77.Final.jar:/home/runner/.m2/repository/org/slf4j/slf4j-reload4j/1.7.36/slf4j-reload4j-1.7.36.jar:/home/runner/.m2/repository/org/apache/ozone/ozone-recon/1.3.0-SNAPSHOT/ozone-recon-1.3.0-SNAPSHOT.jar:/home/runner/.m2/repository/org/apache/ozone/ozone-reconcodegen/1.3.0-SNAPSHOT/ozone-reconcodegen-1.3.0-SNAPSHOT.jar:/home/runner/.m2/repository/com/google/inject/extensions/guice-multibindings/4.0/guice-multibindings-4.0.jar:/home/runner/.m2/repository/com/google/inject/guice/4.0/guice-4.0.jar:/home/runner/.m2/repository/aopalliance/aopalliance/1.0/aopalliance-1.0.jar:/home/runner/.m2/repository/com/google/inject/extensions/guice-assistedinject/4.0/guice-assistedinject-4.0.jar:/home/runner/.m2/repository/com/google/inject/extensions/guice-servlet/4.0/guice-servlet-4.0.jar:/home/runner/.m2/repository/org/glassfish/jersey/containers/jersey-container-servlet/2.34/jersey-container-servlet-2.34.jar:/home/runner/.m2/repository/org/glassfish/hk2/guice-bridge/2.5.0/guice-bridge-2.5.0.jar:/home/runner/.m2/repository/org/glassfish/jersey/core/jersey-server/2.34/jersey-server-2.34.jar:/home/runner/.m2/repository/org/glassfish/jersey/core/jersey-client/2.34/jersey-client-2.34.jar:/home/runner/.m2/repository/jakarta/annotation/jakarta.annotation-api/1.3.5/jakarta.annotation-api-1.3.5.jar:/home/runner/.m2/repository/jakarta/validation/jakarta.validation-api/2.0.2/jakarta.validation-api-2.0.2.jar:/home/runner/.m2/repository/org/glassfish/jersey/media/jersey-media-json-jackson/2.34/jersey-media-json-jackson-2.34.jar:/home/runner/.m2/repository/org/glassfish/jersey/ext/jersey-entity-filtering/2.34/jersey-entity-filtering-2.34.jar:/home/runner/.m2/repository/org/jooq/jooq/3.11.10/jooq-3.11.10.jar:/home/runner/.m2/repository/org/jooq/jooq-meta/3.11.10/jooq-meta-3.11.10.jar:/home/runner/.m2/repository/org/jooq/jooq-codegen/3.11.10/jooq-codegen-3.11.10.jar:/home/runner/.m2/repository/com/jolbox/bonecp/0.8.0.RELEASE/bonecp-0.8.0.RELEASE.jar:/home/runner/.m2/repository/org/apache/derby/derby/10.14.2.0/derby-10.14.2.0.jar:/home/runner/.m2/repository/org/xerial/sqlite-jdbc/3.25.2/sqlite-jdbc-3.25.2.jar:/home/runner/.m2/repository/org/springframework/spring-jdbc/5.3.23/spring-jdbc-5.3.23.jar:/home/runner/.m2/repository/org/springframework/spring-beans/5.3.23/spring-beans-5.3.23.jar:/home/runner/.m2/repository/org/springframework/spring-core/5.3.23/spring-core-5.3.23.jar:/home/runner/.m2/repository/org/springframework/spring-jcl/5.3.23/spring-jcl-5.3.23.jar:/home/runner/.m2/repository/org/springframework/spring-tx/5.3.23/spring-tx-5.3.23.jar:/home/runner/.m2/repository/org/apache/ozone/ozone-client/1.3.0-SNAPSHOT/ozone-client-1.3.0-SNAPSHOT.jar:/home/runner/.m2/repository/org/apache/ozone/hdds-erasurecode/1.3.0-SNAPSHOT/hdds-erasurecode-1.3.0-SNAPSHOT.jar:/home/runner/.m2/repository/org/apache/ozone/ozone-filesystem/1.3.0-SNAPSHOT/ozone-filesystem-1.3.0-SNAPSHOT.jar:/home/runner/.m2/repository/org/apache/ozone/ozone-filesystem-common/1.3.0-SNAPSHOT/ozone-filesystem-common-1.3.0-SNAPSHOT.jar:/home/runner/.m2/repository/org/apache/ozone/ozone-tools/1.3.0-SNAPSHOT/ozone-tools-1.3.0-SNAPSHOT.jar:/home/runner/.m2/repository/org/apache/ratis/ratis-tools/2.4.2-8b8bdda-SNAPSHOT/ratis-tools-2.4.2-8b8bdda-SNAPSHOT.jar:/home/runner/.m2/repository/com/amazonaws/aws-java-sdk-core/1.12.261/aws-java-sdk-core-1.12.261.jar:/home/runner/.m2/repository/org/apache/httpcomponents/httpclient/4.5.13/httpclient-4.5.13.jar:/home/runner/.m2/repository/org/apache/httpcomponents/httpcore/4.4.13/httpcore-4.4.13.jar:/home/runner/.m2/repository/software/amazon/ion/ion-java/1.0.2/ion-java-1.0.2.jar:/home/runner/.m2/repository/com/fasterxml/jackson/dataformat/jackson-dataformat-cbor/2.13.4/jackson-dataformat-cbor-2.13.4.jar:/home/runner/.m2/repository/joda-time/joda-time/2.8.1/joda-time-2.8.1.jar:/home/runner/.m2/repository/com/amazonaws/aws-java-sdk-s3/1.12.261/aws-java-sdk-s3-1.12.261.jar:/home/runner/.m2/repository/com/amazonaws/aws-java-sdk-kms/1.12.261/aws-java-sdk-kms-1.12.261.jar:/home/runner/.m2/repository/com/amazonaws/jmespath-java/1.12.261/jmespath-java-1.12.261.jar:/home/runner/.m2/repository/org/kohsuke/metainf-services/metainf-services/1.8/metainf-services-1.8.jar:/home/runner/.m2/repository/org/apache/ozone/hdds-tools/1.3.0-SNAPSHOT/hdds-tools-1.3.0-SNAPSHOT.jar:/home/runner/.m2/repository/commons-cli/commons-cli/1.2/commons-cli-1.2.jar:/home/runner/.m2/repository/org/apache/commons/commons-lang3/3.7/commons-lang3-3.7.jar:/home/runner/.m2/repository/org/apache/ozone/ozone-manager/1.3.0-SNAPSHOT/ozone-manager-1.3.0-SNAPSHOT-tests.jar:/home/runner/.m2/repository/org/apache/ozone/hdds-common/1.3.0-SNAPSHOT/hdds-common-1.3.0-SNAPSHOT-tests.jar:/home/runner/.m2/repository/org/apache/ozone/hdds-hadoop-dependency-client/1.3.0-SNAPSHOT/hdds-hadoop-dependency-client-1.3.0-SNAPSHOT.jar:/home/runner/.m2/repository/info/picocli/picocli/4.6.1/picocli-4.6.1.jar:/home/runner/.m2/repository/com/fasterxml/jackson/core/jackson-annotations/2.13.4/jackson-annotations-2.13.4.jar:/home/runner/.m2/repository/com/fasterxml/jackson/datatype/jackson-datatype-jsr310/2.13.4/jackson-datatype-jsr310-2.13.4.jar:/home/runner/.m2/repository/org/apache/ozone/hdds-annotation-processing/1.3.0-SNAPSHOT/hdds-annotation-processing-1.3.0-SNAPSHOT.jar:/home/runner/.m2/repository/javax/annotation/javax.annotation-api/1.2/javax.annotation-api-1.2.jar:/home/runner/.m2/repository/org/apache/ratis/ratis-server/2.4.2-8b8bdda-SNAPSHOT/ratis-server-2.4.2-8b8bdda-SNAPSHOT.jar:/home/runner/.m2/repository/org/apache/ratis/ratis-client/2.4.2-8b8bdda-SNAPSHOT/ratis-client-2.4.2-8b8bdda-SNAPSHOT.jar:/home/runner/.m2/repository/org/apache/ratis/ratis-server-api/2.4.2-8b8bdda-SNAPSHOT/ratis-server-api-2.4.2-8b8bdda-SNAPSHOT.jar:/home/runner/.m2/repository/org/apache/ratis/ratis-metrics/2.4.2-8b8bdda-SNAPSHOT/ratis-metrics-2.4.2-8b8bdda-SNAPSHOT.jar:/home/runner/.m2/repository/org/apache/ratis/ratis-netty/2.4.2-8b8bdda-SNAPSHOT/ratis-netty-2.4.2-8b8bdda-SNAPSHOT.jar:/home/runner/.m2/repository/org/apache/ratis/ratis-grpc/2.4.2-8b8bdda-SNAPSHOT/ratis-grpc-2.4.2-8b8bdda-SNAPSHOT.jar:/home/runner/.m2/repository/org/apache/logging/log4j/log4j-api/2.17.1/log4j-api-2.17.1.jar:/home/runner/.m2/repository/org/apache/commons/commons-pool2/2.6.0/commons-pool2-2.6.0.jar:/home/runner/.m2/repository/org/bouncycastle/bcpkix-jdk15on/1.67/bcpkix-jdk15on-1.67.jar:/home/runner/.m2/repository/commons-validator/commons-validator/1.6/commons-validator-1.6.jar:/home/runner/.m2/repository/commons-beanutils/commons-beanutils/1.9.4/commons-beanutils-1.9.4.jar:/home/runner/.m2/repository/commons-digester/commons-digester/1.8.1/commons-digester-1.8.1.jar:/home/runner/.m2/repository/commons-collections/commons-collections/3.2.2/commons-collections-3.2.2.jar:/home/runner/.m2/repository/io/jaegertracing/jaeger-client/1.6.0/jaeger-client-1.6.0.jar:/home/runner/.m2/repository/io/jaegertracing/jaeger-thrift/1.6.0/jaeger-thrift-1.6.0.jar:/home/runner/.m2/repository/org/apache/thrift/libthrift/0.14.1/libthrift-0.14.1.jar:/home/runner/.m2/repository/io/jaegertracing/jaeger-core/1.6.0/jaeger-core-1.6.0.jar:/home/runner/.m2/repository/io/jaegertracing/jaeger-tracerresolver/1.6.0/jaeger-tracerresolver-1.6.0.jar:/home/runner/.m2/repository/io/opentracing/contrib/opentracing-tracerresolver/0.1.8/opentracing-tracerresolver-0.1.8.jar:/home/runner/.m2/repository/org/jetbrains/kotlin/kotlin-stdlib/1.6.21/kotlin-stdlib-1.6.21.jar:/home/runner/.m2/repository/org/jetbrains/annotations/13.0/annotations-13.0.jar:/home/runner/.m2/repository/io/opentracing/opentracing-util/0.33.0/opentracing-util-0.33.0.jar:/home/runner/.m2/repository/io/opentracing/opentracing-api/0.33.0/opentracing-api-0.33.0.jar:/home/runner/.m2/repository/io/opentracing/opentracing-noop/0.33.0/opentracing-noop-0.33.0.jar:/home/runner/.m2/repository/org/yaml/snakeyaml/1.33/snakeyaml-1.33.jar:/home/runner/.m2/repository/org/apache/ozone/hdds-interface-admin/1.3.0-SNAPSHOT/hdds-interface-admin-1.3.0-SNAPSHOT.jar:/home/runner/.m2/repository/junit/junit/4.13.1/junit-4.13.1.jar:/home/runner/.m2/repository/org/hamcrest/hamcrest-core/1.3/hamcrest-core-1.3.jar:/home/runner/.m2/repository/org/junit/jupiter/junit-jupiter-api/5.8.2/junit-jupiter-api-5.8.2.jar:/home/runner/.m2/repository/org/opentest4j/opentest4j/1.2.0/opentest4j-1.2.0.jar:/home/runner/.m2/repository/org/junit/platform/junit-platform-commons/1.8.2/junit-platform-commons-1.8.2.jar:/home/runner/.m2/repository/org/apiguardian/apiguardian-api/1.1.2/apiguardian-api-1.1.2.jar:/home/runner/.m2/repository/org/junit/jupiter/junit-jupiter-params/5.8.2/junit-jupiter-params-5.8.2.jar:/home/runner/.m2/repository/org/junit/jupiter/junit-jupiter-migrationsupport/5.8.2/junit-jupiter-migrationsupport-5.8.2.jar:/home/runner/.m2/repository/org/junit/jupiter/junit-jupiter-engine/5.8.2/junit-jupiter-engine-5.8.2.jar:/home/runner/.m2/repository/org/junit/platform/junit-platform-engine/1.8.2/junit-platform-engine-1.8.2.jar:/home/runner/.m2/repository/org/junit/vintage/junit-vintage-engine/5.8.2/junit-vintage-engine-5.8.2.jar:/home/runner/.m2/repository/org/junit/platform/junit-platform-launcher/1.8.2/junit-platform-launcher-1.8.2.jar:/home/runner/.m2/repository/org/mockito/mockito-core/2.28.2/mockito-core-2.28.2.jar:/home/runner/.m2/repository/net/bytebuddy/byte-buddy/1.9.10/byte-buddy-1.9.10.jar:/home/runner/.m2/repository/net/bytebuddy/byte-buddy-agent/1.9.10/byte-buddy-agent-1.9.10.jar:/home/runner/.m2/repository/org/objenesis/objenesis/1.0/objenesis-1.0.jar:/home/runner/.m2/repository/org/apache/hadoop/hadoop-kms/3.3.4/hadoop-kms-3.3.4.jar:/home/runner/.m2/repository/org/apache/hadoop/hadoop-auth/3.3.4/hadoop-auth-3.3.4.jar:/home/runner/.m2/repository/com/nimbusds/nimbus-jose-jwt/9.8.1/nimbus-jose-jwt-9.8.1.jar:/home/runner/.m2/repository/com/github/stephenc/jcip/jcip-annotations/1.0-1/jcip-annotations-1.0-1.jar:/home/runner/.m2/repository/net/minidev/json-smart/2.4.7/json-smart-2.4.7.jar:/home/runner/.m2/repository/net/minidev/accessors-smart/2.4.7/accessors-smart-2.4.7.jar:/home/runner/.m2/repository/org/ow2/asm/asm/5.0.4/asm-5.0.4.jar:/home/runner/.m2/repository/org/apache/zookeeper/zookeeper/3.5.6/zookeeper-3.5.6.jar:/home/runner/.m2/repository/org/apache/zookeeper/zookeeper-jute/3.5.6/zookeeper-jute-3.5.6.jar:/home/runner/.m2/repository/org/apache/yetus/audience-annotations/0.5.0/audience-annotations-0.5.0.jar:/home/runner/.m2/repository/org/apache/curator/curator-framework/4.2.0/curator-framework-4.2.0.jar:/home/runner/.m2/repository/org/apache/hadoop/thirdparty/hadoop-shaded-guava/1.1.1/hadoop-shaded-guava-1.1.1.jar:/home/runner/.m2/repository/com/sun/jersey/jersey-core/1.19/jersey-core-1.19.jar:/home/runner/.m2/repository/javax/ws/rs/jsr311-api/1.1.1/jsr311-api-1.1.1.jar:/home/runner/.m2/repository/com/sun/jersey/jersey-server/1.19/jersey-server-1.19.jar:/home/runner/.m2/repository/javax/servlet/javax.servlet-api/3.1.0/javax.servlet-api-3.1.0.jar:/home/runner/.m2/repository/org/eclipse/jetty/jetty-server/9.4.49.v20220914/jetty-server-9.4.49.v20220914.jar:/home/runner/.m2/repository/org/eclipse/jetty/jetty-http/9.4.49.v20220914/jetty-http-9.4.49.v20220914.jar:/home/runner/.m2/repository/org/eclipse/jetty/jetty-io/9.4.49.v20220914/jetty-io-9.4.49.v20220914.jar:/home/runner/.m2/repository/org/eclipse/jetty/jetty-webapp/9.4.49.v20220914/jetty-webapp-9.4.49.v20220914.jar:/home/runner/.m2/repository/org/eclipse/jetty/jetty-xml/9.4.49.v20220914/jetty-xml-9.4.49.v20220914.jar:/home/runner/.m2/repository/org/apache/hadoop/hadoop-common/3.3.4/hadoop-common-3.3.4.jar:/home/runner/.m2/repository/org/apache/commons/commons-math3/3.1.1/commons-math3-3.1.1.jar:/home/runner/.m2/repository/commons-net/commons-net/3.9.0/commons-net-3.9.0.jar:/home/runner/.m2/repository/com/sun/jersey/jersey-servlet/1.19/jersey-servlet-1.19.jar:/home/runner/.m2/repository/com/sun/jersey/jersey-json/1.19/jersey-json-1.19.jar:/home/runner/.m2/repository/org/codehaus/jettison/jettison/1.1/jettison-1.1.jar:/home/runner/.m2/repository/com/sun/xml/bind/jaxb-impl/2.2.3-1/jaxb-impl-2.2.3-1.jar:/home/runner/.m2/repository/org/codehaus/jackson/jackson-xc/1.9.2/jackson-xc-1.9.2.jar:/home/runner/.m2/repository/com/google/re2j/re2j/1.1/re2j-1.1.jar:/home/runner/.m2/repository/com/jcraft/jsch/0.1.54/jsch-0.1.54.jar:/home/runner/.m2/repository/org/apache/curator/curator-client/4.2.0/curator-client-4.2.0.jar:/home/runner/.m2/repository/org/apache/curator/curator-recipes/4.2.0/curator-recipes-4.2.0.jar:/home/runner/.m2/repository/org/apache/kerby/kerb-core/1.0.1/kerb-core-1.0.1.jar:/home/runner/.m2/repository/org/apache/kerby/kerby-pkix/1.0.1/kerby-pkix-1.0.1.jar:/home/runner/.m2/repository/org/apache/kerby/kerby-asn1/1.0.1/kerby-asn1-1.0.1.jar:/home/runner/.m2/repository/org/apache/kerby/kerby-util/1.0.1/kerby-util-1.0.1.jar:/home/runner/.m2/repository/dnsjava/dnsjava/2.1.7/dnsjava-2.1.7.jar:/home/runner/.m2/repository/org/xerial/snappy/snappy-java/1.1.8.2/snappy-java-1.1.8.2.jar:/home/runner/.m2/repository/org/eclipse/jetty/jetty-util/9.4.49.v20220914/jetty-util-9.4.49.v20220914.jar:/home/runner/.m2/repository/com/fasterxml/jackson/core/jackson-databind/2.13.4.2/jackson-databind-2.13.4.2.jar:/home/runner/.m2/repository/org/apache/hadoop/hadoop-kms/3.3.4/hadoop-kms-3.3.4-tests.jar:/home/runner/.m2/repository/org/apache/ozone/hdds-server-scm/1.3.0-SNAPSHOT/hdds-server-scm-1.3.0-SNAPSHOT-tests.jar:/home/runner/.m2/repository/org/apache/ozone/hdds-container-service/1.3.0-SNAPSHOT/hdds-container-service-1.3.0-SNAPSHOT-tests.jar:/home/runner/.m2/repository/commons-codec/commons-codec/1.15/commons-codec-1.15.jar:/home/runner/.m2/repository/io/netty/netty-codec/4.1.77.Final/netty-codec-4.1.77.Final.jar:/home/runner/.m2/repository/io/netty/netty-handler/4.1.77.Final/netty-handler-4.1.77.Final.jar:/home/runner/.m2/repository/org/apache/ozone/hdds-hadoop-dependency-test/1.3.0-SNAPSHOT/hdds-hadoop-dependency-test-1.3.0-SNAPSHOT.jar:/home/runner/.m2/repository/org/apache/hadoop/hadoop-common/3.3.4/hadoop-common-3.3.4-tests.jar:/home/runner/.m2/repository/org/apache/hadoop/hadoop-hdfs/3.3.4/hadoop-hdfs-3.3.4-tests.jar:/home/runner/.m2/repository/org/assertj/assertj-core/3.12.2/assertj-core-3.12.2.jar:/home/runner/.m2/repository/org/apache/hadoop/hadoop-distcp/3.3.4/hadoop-distcp-3.3.4.jar:/home/runner/.m2/repository/org/apache/hadoop/hadoop-mapreduce-client-jobclient/3.3.4/hadoop-mapreduce-client-jobclient-3.3.4.jar:/home/runner/.m2/repository/org/apache/hadoop/hadoop-mapreduce-client-common/3.3.4/hadoop-mapreduce-client-common-3.3.4.jar:/home/runner/.m2/repository/org/apache/hadoop/hadoop-yarn-common/3.3.4/hadoop-yarn-common-3.3.4.jar:/home/runner/.m2/repository/org/apache/hadoop/hadoop-yarn-api/3.3.4/hadoop-yarn-api-3.3.4.jar:/home/runner/.m2/repository/com/sun/jersey/contribs/jersey-guice/1.19/jersey-guice-1.19.jar:/home/runner/.m2/repository/com/fasterxml/jackson/jaxrs/jackson-jaxrs-json-provider/2.13.4/jackson-jaxrs-json-provider-2.13.4.jar:/home/runner/.m2/repository/com/fasterxml/jackson/jaxrs/jackson-jaxrs-base/2.13.4/jackson-jaxrs-base-2.13.4.jar:/home/runner/.m2/repository/org/apache/hadoop/hadoop-yarn-client/3.3.4/hadoop-yarn-client-3.3.4.jar:/home/runner/.m2/repository/org/eclipse/jetty/websocket/websocket-client/9.4.43.v20210629/websocket-client-9.4.43.v20210629.jar:/home/runner/.m2/repository/org/eclipse/jetty/websocket/websocket-common/9.4.43.v20210629/websocket-common-9.4.43.v20210629.jar:/home/runner/.m2/repository/org/eclipse/jetty/websocket/websocket-api/9.4.43.v20210629/websocket-api-9.4.43.v20210629.jar:/home/runner/.m2/repository/org/jline/jline/3.9.0/jline-3.9.0.jar:/home/runner/.m2/repository/org/apache/hadoop/hadoop-mapreduce-client-core/3.3.4/hadoop-mapreduce-client-core-3.3.4.jar:/home/runner/.m2/repository/org/apache/avro/avro/1.7.7/avro-1.7.7.jar:/home/runner/.m2/repository/org/codehaus/jackson/jackson-core-asl/1.9.13/jackson-core-asl-1.9.13.jar:/home/runner/.m2/repository/org/codehaus/jackson/jackson-mapper-asl/1.9.13/jackson-mapper-asl-1.9.13.jar:/home/runner/.m2/repository/com/thoughtworks/paranamer/paranamer/2.3/paranamer-2.3.jar:/home/runner/.m2/repository/org/apache/hadoop/hadoop-annotations/3.3.4/hadoop-annotations-3.3.4.jar:/usr/lib/jvm/temurin-8-jdk-amd64/jre/../lib/tools.jar:/home/runner/.m2/repository/io/netty/netty/3.10.6.Final/netty-3.10.6.Final.jar:/home/runner/.m2/repository/org/apache/hadoop/hadoop-distcp/3.3.4/hadoop-distcp-3.3.4-tests.jar:/home/runner/.m2/repository/org/slf4j/jul-to-slf4j/1.7.36/jul-to-slf4j-1.7.36.jar:/home/runner/.m2/repository/org/apache/ratis/ratis-common/2.4.2-8b8bdda-SNAPSHOT/ratis-common-2.4.2-8b8bdda-SNAPSHOT.jar:/home/runner/.m2/repository/org/apache/ratis/ratis-thirdparty-misc/1.0.3/ratis-thirdparty-misc-1.0.3.jar:/home/runner/.m2/repository/org/apache/ratis/ratis-proto/2.4.2-8b8bdda-SNAPSHOT/ratis-proto-2.4.2-8b8bdda-SNAPSHOT.jar:"/>
    <property name="java.vm.vendor" value="Temurin"/>
    <property name="sun.arch.data.model" value="64"/>
    <property name="test.build.dir" value="/home/runner/work/ozone/ozone/hadoop-ozone/integration-test/target/test-dir"/>
    <property name="test.cache.data" value=""/>
    <property name="java.vendor.url" value="https://adoptium.net/"/>
    <property name="user.timezone" value="Etc/UTC"/>
    <property name="java.vm.specification.version" value="1.8"/>
    <property name="os.name" value="Linux"/>
    <property name="test.build.data" value="/home/runner/work/ozone/ozone/hadoop-ozone/integration-test/target/test-dir"/>
    <property name="sun.java.launcher" value="SUN_STANDARD"/>
    <property name="sun.boot.library.path" value="/usr/lib/jvm/temurin-8-jdk-amd64/jre/lib/amd64"/>
    <property name="sun.java.command" value="/home/runner/work/ozone/ozone/hadoop-ozone/integration-test/target/surefire/surefirebooter8267428406375817133.jar /home/runner/work/ozone/ozone/hadoop-ozone/integration-test/target/surefire 2022-12-08T06-38-58_945-jvmRun1 surefire1822855775129636119tmp surefire_18597393429361624194tmp"/>
    <property name="surefire.test.class.path" value="/home/runner/work/ozone/ozone/hadoop-ozone/integration-test/target/test-classes:/home/runner/work/ozone/ozone/hadoop-ozone/integration-test/target/classes:/home/runner/.m2/repository/org/apache/ozone/ozone-common/1.3.0-SNAPSHOT/ozone-common-1.3.0-SNAPSHOT.jar:/home/runner/.m2/repository/io/grpc/grpc-netty/1.48.1/grpc-netty-1.48.1.jar:/home/runner/.m2/repository/io/grpc/grpc-core/1.48.1/grpc-core-1.48.1.jar:/home/runner/.m2/repository/com/google/android/annotations/4.1.1.4/annotations-4.1.1.4.jar:/home/runner/.m2/repository/org/codehaus/mojo/animal-sniffer-annotations/1.21/animal-sniffer-annotations-1.21.jar:/home/runner/.m2/repository/com/google/errorprone/error_prone_annotations/2.2.0/error_prone_annotations-2.2.0.jar:/home/runner/.m2/repository/io/perfmark/perfmark-api/0.25.0/perfmark-api-0.25.0.jar:/home/runner/.m2/repository/io/netty/netty-codec-http2/4.1.77.Final/netty-codec-http2-4.1.77.Final.jar:/home/runner/.m2/repository/io/netty/netty-common/4.1.77.Final/netty-common-4.1.77.Final.jar:/home/runner/.m2/repository/io/netty/netty-buffer/4.1.77.Final/netty-buffer-4.1.77.Final.jar:/home/runner/.m2/repository/io/netty/netty-codec-http/4.1.77.Final/netty-codec-http-4.1.77.Final.jar:/home/runner/.m2/repository/io/netty/netty-handler-proxy/4.1.77.Final/netty-handler-proxy-4.1.77.Final.jar:/home/runner/.m2/repository/io/netty/netty-codec-socks/4.1.77.Final/netty-codec-socks-4.1.77.Final.jar:/home/runner/.m2/repository/io/netty/netty-tcnative-boringssl-static/2.0.52.Final/netty-tcnative-boringssl-static-2.0.52.Final.jar:/home/runner/.m2/repository/io/netty/netty-tcnative-classes/2.0.52.Final/netty-tcnative-classes-2.0.52.Final.jar:/home/runner/.m2/repository/io/netty/netty-tcnative-boringssl-static/2.0.52.Final/netty-tcnative-boringssl-static-2.0.52.Final-linux-x86_64.jar:/home/runner/.m2/repository/io/netty/netty-tcnative-boringssl-static/2.0.52.Final/netty-tcnative-boringssl-static-2.0.52.Final-linux-aarch_64.jar:/home/runner/.m2/repository/io/netty/netty-tcnative-boringssl-static/2.0.52.Final/netty-tcnative-boringssl-static-2.0.52.Final-osx-x86_64.jar:/home/runner/.m2/repository/io/netty/netty-tcnative-boringssl-static/2.0.52.Final/netty-tcnative-boringssl-static-2.0.52.Final-osx-aarch_64.jar:/home/runner/.m2/repository/io/netty/netty-tcnative-boringssl-static/2.0.52.Final/netty-tcnative-boringssl-static-2.0.52.Final-windows-x86_64.jar:/home/runner/.m2/repository/org/apache/commons/commons-compress/1.21/commons-compress-1.21.jar:/home/runner/.m2/repository/org/apache/ozone/hdds-common/1.3.0-SNAPSHOT/hdds-common-1.3.0-SNAPSHOT.jar:/home/runner/.m2/repository/org/apache/ozone/hdds-client/1.3.0-SNAPSHOT/hdds-client-1.3.0-SNAPSHOT.jar:/home/runner/.m2/repository/org/apache/ozone/ozone-interface-client/1.3.0-SNAPSHOT/ozone-interface-client-1.3.0-SNAPSHOT.jar:/home/runner/.m2/repository/org/apache/ozone/hdds-test-utils/1.3.0-SNAPSHOT/hdds-test-utils-1.3.0-SNAPSHOT.jar:/home/runner/.m2/repository/com/google/guava/guava/31.1-jre/guava-31.1-jre.jar:/home/runner/.m2/repository/com/google/guava/failureaccess/1.0.1/failureaccess-1.0.1.jar:/home/runner/.m2/repository/com/google/guava/listenablefuture/9999.0-empty-to-avoid-conflict-with-guava/listenablefuture-9999.0-empty-to-avoid-conflict-with-guava.jar:/home/runner/.m2/repository/com/google/code/findbugs/jsr305/3.0.0/jsr305-3.0.0.jar:/home/runner/.m2/repository/org/checkerframework/checker-qual/3.12.0/checker-qual-3.12.0.jar:/home/runner/.m2/repository/com/google/j2objc/j2objc-annotations/1.3/j2objc-annotations-1.3.jar:/home/runner/.m2/repository/commons-io/commons-io/2.11.0/commons-io-2.11.0.jar:/home/runner/.m2/repository/commons-logging/commons-logging/1.2/commons-logging-1.2.jar:/home/runner/.m2/repository/ch/qos/reload4j/reload4j/1.2.22/reload4j-1.2.22.jar:/home/runner/.m2/repository/org/slf4j/slf4j-api/1.7.36/slf4j-api-1.7.36.jar:/home/runner/.m2/repository/org/apache/ozone/hdds-server-scm/1.3.0-SNAPSHOT/hdds-server-scm-1.3.0-SNAPSHOT.jar:/home/runner/.m2/repository/org/apache/ozone/hdds-container-service/1.3.0-SNAPSHOT/hdds-container-service-1.3.0-SNAPSHOT.jar:/home/runner/.m2/repository/org/apache/ozone/hdds-hadoop-dependency-server/1.3.0-SNAPSHOT/hdds-hadoop-dependency-server-1.3.0-SNAPSHOT.jar:/home/runner/.m2/repository/org/apache/hadoop/hadoop-hdfs/3.3.4/hadoop-hdfs-3.3.4.jar:/home/runner/.m2/repository/org/eclipse/jetty/jetty-util-ajax/9.4.49.v20220914/jetty-util-ajax-9.4.49.v20220914.jar:/home/runner/.m2/repository/commons-daemon/commons-daemon/1.0.13/commons-daemon-1.0.13.jar:/home/runner/.m2/repository/org/apache/ozone/hdds-server-framework/1.3.0-SNAPSHOT/hdds-server-framework-1.3.0-SNAPSHOT.jar:/home/runner/.m2/repository/org/apache/ozone/hdds-interface-server/1.3.0-SNAPSHOT/hdds-interface-server-1.3.0-SNAPSHOT.jar:/home/runner/.m2/repository/org/apache/commons/commons-configuration2/2.1.1/commons-configuration2-2.1.1.jar:/home/runner/.m2/repository/org/apache/logging/log4j/log4j-core/2.17.1/log4j-core-2.17.1.jar:/home/runner/.m2/repository/com/lmax/disruptor/3.4.2/disruptor-3.4.2.jar:/home/runner/.m2/repository/org/eclipse/jetty/jetty-servlet/9.4.49.v20220914/jetty-servlet-9.4.49.v20220914.jar:/home/runner/.m2/repository/org/eclipse/jetty/jetty-security/9.4.49.v20220914/jetty-security-9.4.49.v20220914.jar:/home/runner/.m2/repository/org/rocksdb/rocksdbjni/7.7.3/rocksdbjni-7.7.3.jar:/home/runner/.m2/repository/io/prometheus/simpleclient_dropwizard/0.7.0/simpleclient_dropwizard-0.7.0.jar:/home/runner/.m2/repository/io/prometheus/simpleclient/0.7.0/simpleclient-0.7.0.jar:/home/runner/.m2/repository/io/prometheus/simpleclient_common/0.7.0/simpleclient_common-0.7.0.jar:/home/runner/.m2/repository/com/github/spotbugs/spotbugs-annotations/3.1.12/spotbugs-annotations-3.1.12.jar:/home/runner/.m2/repository/io/dropwizard/metrics/metrics-core/3.2.4/metrics-core-3.2.4.jar:/home/runner/.m2/repository/org/apache/commons/commons-text/1.4/commons-text-1.4.jar:/home/runner/.m2/repository/org/apache/hadoop/hadoop-hdfs-client/3.3.4/hadoop-hdfs-client-3.3.4.jar:/home/runner/.m2/repository/com/squareup/okhttp3/okhttp/4.9.3/okhttp-4.9.3.jar:/home/runner/.m2/repository/com/squareup/okio/okio/2.8.0/okio-2.8.0.jar:/home/runner/.m2/repository/org/jetbrains/kotlin/kotlin-stdlib-common/1.4.10/kotlin-stdlib-common-1.4.10.jar:/home/runner/.m2/repository/org/bouncycastle/bcprov-jdk15on/1.67/bcprov-jdk15on-1.67.jar:/home/runner/.m2/repository/com/google/protobuf/protobuf-java/2.5.0/protobuf-java-2.5.0.jar:/home/runner/.m2/repository/org/apache/ozone/ozone-manager/1.3.0-SNAPSHOT/ozone-manager-1.3.0-SNAPSHOT.jar:/home/runner/.m2/repository/org/aspectj/aspectjrt/1.9.7/aspectjrt-1.9.7.jar:/home/runner/.m2/repository/org/aspectj/aspectjweaver/1.9.7/aspectjweaver-1.9.7.jar:/home/runner/.m2/repository/org/apache/ozone/hdds-interface-client/1.3.0-SNAPSHOT/hdds-interface-client-1.3.0-SNAPSHOT.jar:/home/runner/.m2/repository/org/apache/hadoop/thirdparty/hadoop-shaded-protobuf_3_7/1.1.1/hadoop-shaded-protobuf_3_7-1.1.1.jar:/home/runner/.m2/repository/org/apache/ozone/ozone-interface-storage/1.3.0-SNAPSHOT/ozone-interface-storage-1.3.0-SNAPSHOT.jar:/home/runner/.m2/repository/org/reflections/reflections/0.9.11/reflections-0.9.11.jar:/home/runner/.m2/repository/com/sun/jersey/jersey-client/1.19/jersey-client-1.19.jar:/home/runner/.m2/repository/org/apache/ranger/ranger-intg/2.3.0/ranger-intg-2.3.0.jar:/home/runner/.m2/repository/org/apache/ranger/ranger-plugins-common/2.3.0/ranger-plugins-common-2.3.0.jar:/home/runner/.m2/repository/commons-lang/commons-lang/2.6/commons-lang-2.6.jar:/home/runner/.m2/repository/org/codehaus/jackson/jackson-jaxrs/1.9.13/jackson-jaxrs-1.9.13.jar:/home/runner/.m2/repository/org/apache/ranger/ranger-plugins-cred/2.3.0/ranger-plugins-cred-2.3.0.jar:/home/runner/.m2/repository/org/apache/ranger/ranger-plugins-audit/2.3.0/ranger-plugins-audit-2.3.0.jar:/home/runner/.m2/repository/org/eclipse/jetty/jetty-client/9.4.31.v20200723/jetty-client-9.4.31.v20200723.jar:/home/runner/.m2/repository/org/apache/httpcomponents/httpmime/4.5.6/httpmime-4.5.6.jar:/home/runner/.m2/repository/org/apache/httpcomponents/httpcore-nio/4.4.6/httpcore-nio-4.4.6.jar:/home/runner/.m2/repository/org/apache/httpcomponents/httpasyncclient/4.1.3/httpasyncclient-4.1.3.jar:/home/runner/.m2/repository/com/carrotsearch/hppc/0.8.0/hppc-0.8.0.jar:/home/runner/.m2/repository/org/apache/orc/orc-core/1.5.8/orc-core-1.5.8.jar:/home/runner/.m2/repository/net/java/dev/jna/jna/5.2.0/jna-5.2.0.jar:/home/runner/.m2/repository/net/java/dev/jna/jna-platform/5.2.0/jna-platform-5.2.0.jar:/home/runner/.m2/repository/com/kstruct/gethostname4j/0.0.2/gethostname4j-0.0.2.jar:/home/runner/.m2/repository/org/apache/ranger/ranger-plugin-classloader/2.3.0/ranger-plugin-classloader-2.3.0.jar:/home/runner/.m2/repository/org/apache/hadoop/hadoop-minikdc/3.3.4/hadoop-minikdc-3.3.4.jar:/home/runner/.m2/repository/org/apache/kerby/kerb-simplekdc/1.0.1/kerb-simplekdc-1.0.1.jar:/home/runner/.m2/repository/org/apache/kerby/kerb-client/1.0.1/kerb-client-1.0.1.jar:/home/runner/.m2/repository/org/apache/kerby/kerby-config/1.0.1/kerby-config-1.0.1.jar:/home/runner/.m2/repository/org/apache/kerby/kerb-common/1.0.1/kerb-common-1.0.1.jar:/home/runner/.m2/repository/org/apache/kerby/kerb-crypto/1.0.1/kerb-crypto-1.0.1.jar:/home/runner/.m2/repository/org/apache/kerby/kerb-util/1.0.1/kerb-util-1.0.1.jar:/home/runner/.m2/repository/org/apache/kerby/token-provider/1.0.1/token-provider-1.0.1.jar:/home/runner/.m2/repository/org/apache/kerby/kerb-admin/1.0.1/kerb-admin-1.0.1.jar:/home/runner/.m2/repository/org/apache/kerby/kerb-server/1.0.1/kerb-server-1.0.1.jar:/home/runner/.m2/repository/org/apache/kerby/kerb-identity/1.0.1/kerb-identity-1.0.1.jar:/home/runner/.m2/repository/org/apache/kerby/kerby-xdr/1.0.1/kerby-xdr-1.0.1.jar:/home/runner/.m2/repository/org/apache/ozone/ozone-s3gateway/1.3.0-SNAPSHOT/ozone-s3gateway-1.3.0-SNAPSHOT.jar:/home/runner/.m2/repository/org/javassist/javassist/3.21.0-GA/javassist-3.21.0-GA.jar:/home/runner/.m2/repository/org/jboss/weld/servlet/weld-servlet/2.4.7.Final/weld-servlet-2.4.7.Final.jar:/home/runner/.m2/repository/org/glassfish/jersey/containers/jersey-container-servlet-core/2.34/jersey-container-servlet-core-2.34.jar:/home/runner/.m2/repository/org/glassfish/hk2/external/jakarta.inject/2.6.1/jakarta.inject-2.6.1.jar:/home/runner/.m2/repository/org/glassfish/jersey/core/jersey-common/2.34/jersey-common-2.34.jar:/home/runner/.m2/repository/jakarta/ws/rs/jakarta.ws.rs-api/2.1.6/jakarta.ws.rs-api-2.1.6.jar:/home/runner/.m2/repository/org/glassfish/jersey/ext/cdi/jersey-cdi1x/2.34/jersey-cdi1x-2.34.jar:/home/runner/.m2/repository/org/glassfish/jersey/inject/jersey-hk2/2.34/jersey-hk2-2.34.jar:/home/runner/.m2/repository/org/glassfish/hk2/hk2-locator/2.6.1/hk2-locator-2.6.1.jar:/home/runner/.m2/repository/org/glassfish/jersey/media/jersey-media-jaxb/2.34/jersey-media-jaxb-2.34.jar:/home/runner/.m2/repository/org/glassfish/hk2/osgi-resource-locator/1.0.3/osgi-resource-locator-1.0.3.jar:/home/runner/.m2/repository/org/glassfish/hk2/hk2-api/2.5.0/hk2-api-2.5.0.jar:/home/runner/.m2/repository/org/glassfish/hk2/hk2-utils/2.5.0/hk2-utils-2.5.0.jar:/home/runner/.m2/repository/org/glassfish/hk2/external/aopalliance-repackaged/2.5.0/aopalliance-repackaged-2.5.0.jar:/home/runner/.m2/repository/com/fasterxml/jackson/dataformat/jackson-dataformat-xml/2.13.4/jackson-dataformat-xml-2.13.4.jar:/home/runner/.m2/repository/com/fasterxml/jackson/core/jackson-core/2.13.4/jackson-core-2.13.4.jar:/home/runner/.m2/repository/org/codehaus/woodstox/stax2-api/4.2.1/stax2-api-4.2.1.jar:/home/runner/.m2/repository/com/fasterxml/woodstox/woodstox-core/5.4.0/woodstox-core-5.4.0.jar:/home/runner/.m2/repository/com/fasterxml/jackson/module/jackson-module-jaxb-annotations/2.13.4/jackson-module-jaxb-annotations-2.13.4.jar:/home/runner/.m2/repository/jakarta/xml/bind/jakarta.xml.bind-api/2.3.3/jakarta.xml.bind-api-2.3.3.jar:/home/runner/.m2/repository/jakarta/activation/jakarta.activation-api/1.2.1/jakarta.activation-api-1.2.1.jar:/home/runner/.m2/repository/javax/enterprise/cdi-api/1.2/cdi-api-1.2.jar:/home/runner/.m2/repository/javax/el/javax.el-api/3.0.0/javax.el-api-3.0.0.jar:/home/runner/.m2/repository/javax/interceptor/javax.interceptor-api/1.2/javax.interceptor-api-1.2.jar:/home/runner/.m2/repository/javax/inject/javax.inject/1/javax.inject-1.jar:/home/runner/.m2/repository/javax/xml/bind/jaxb-api/2.3.0/jaxb-api-2.3.0.jar:/home/runner/.m2/repository/org/glassfish/jaxb/jaxb-runtime/2.3.0.1/jaxb-runtime-2.3.0.1.jar:/home/runner/.m2/repository/org/glassfish/jaxb/jaxb-core/2.3.0.1/jaxb-core-2.3.0.1.jar:/home/runner/.m2/repository/org/glassfish/jaxb/txw2/2.3.0.1/txw2-2.3.0.1.jar:/home/runner/.m2/repository/com/sun/istack/istack-commons-runtime/3.0.5/istack-commons-runtime-3.0.5.jar:/home/runner/.m2/repository/org/jvnet/staxex/stax-ex/1.7.8/stax-ex-1.7.8.jar:/home/runner/.m2/repository/com/sun/xml/fastinfoset/FastInfoset/1.2.13/FastInfoset-1.2.13.jar:/home/runner/.m2/repository/javax/activation/activation/1.1.1/activation-1.1.1.jar:/home/runner/.m2/repository/io/grpc/grpc-protobuf/1.48.1/grpc-protobuf-1.48.1.jar:/home/runner/.m2/repository/io/grpc/grpc-api/1.48.1/grpc-api-1.48.1.jar:/home/runner/.m2/repository/io/grpc/grpc-context/1.48.1/grpc-context-1.48.1.jar:/home/runner/.m2/repository/com/google/api/grpc/proto-google-common-protos/2.9.0/proto-google-common-protos-2.9.0.jar:/home/runner/.m2/repository/io/grpc/grpc-protobuf-lite/1.48.1/grpc-protobuf-lite-1.48.1.jar:/home/runner/.m2/repository/io/grpc/grpc-stub/1.48.1/grpc-stub-1.48.1.jar:/home/runner/.m2/repository/io/netty/netty-transport/4.1.77.Final/netty-transport-4.1.77.Final.jar:/home/runner/.m2/repository/io/netty/netty-resolver/4.1.77.Final/netty-resolver-4.1.77.Final.jar:/home/runner/.m2/repository/org/apache/ozone/ozone-csi/1.3.0-SNAPSHOT/ozone-csi-1.3.0-SNAPSHOT.jar:/home/runner/.m2/repository/com/google/protobuf/protobuf-java-util/3.19.6/protobuf-java-util-3.19.6.jar:/home/runner/.m2/repository/com/google/code/gson/gson/2.9.0/gson-2.9.0.jar:/home/runner/.m2/repository/org/apache/ozone/hdds-config/1.3.0-SNAPSHOT/hdds-config-1.3.0-SNAPSHOT.jar:/home/runner/.m2/repository/io/netty/netty-transport-native-epoll/4.1.77.Final/netty-transport-native-epoll-4.1.77.Final-linux-x86_64.jar:/home/runner/.m2/repository/io/netty/netty-transport-classes-epoll/4.1.77.Final/netty-transport-classes-epoll-4.1.77.Final.jar:/home/runner/.m2/repository/io/netty/netty-transport-native-unix-common/4.1.77.Final/netty-transport-native-unix-common-4.1.77.Final.jar:/home/runner/.m2/repository/org/slf4j/slf4j-reload4j/1.7.36/slf4j-reload4j-1.7.36.jar:/home/runner/.m2/repository/org/apache/ozone/ozone-recon/1.3.0-SNAPSHOT/ozone-recon-1.3.0-SNAPSHOT.jar:/home/runner/.m2/repository/org/apache/ozone/ozone-reconcodegen/1.3.0-SNAPSHOT/ozone-reconcodegen-1.3.0-SNAPSHOT.jar:/home/runner/.m2/repository/com/google/inject/extensions/guice-multibindings/4.0/guice-multibindings-4.0.jar:/home/runner/.m2/repository/com/google/inject/guice/4.0/guice-4.0.jar:/home/runner/.m2/repository/aopalliance/aopalliance/1.0/aopalliance-1.0.jar:/home/runner/.m2/repository/com/google/inject/extensions/guice-assistedinject/4.0/guice-assistedinject-4.0.jar:/home/runner/.m2/repository/com/google/inject/extensions/guice-servlet/4.0/guice-servlet-4.0.jar:/home/runner/.m2/repository/org/glassfish/jersey/containers/jersey-container-servlet/2.34/jersey-container-servlet-2.34.jar:/home/runner/.m2/repository/org/glassfish/hk2/guice-bridge/2.5.0/guice-bridge-2.5.0.jar:/home/runner/.m2/repository/org/glassfish/jersey/core/jersey-server/2.34/jersey-server-2.34.jar:/home/runner/.m2/repository/org/glassfish/jersey/core/jersey-client/2.34/jersey-client-2.34.jar:/home/runner/.m2/repository/jakarta/annotation/jakarta.annotation-api/1.3.5/jakarta.annotation-api-1.3.5.jar:/home/runner/.m2/repository/jakarta/validation/jakarta.validation-api/2.0.2/jakarta.validation-api-2.0.2.jar:/home/runner/.m2/repository/org/glassfish/jersey/media/jersey-media-json-jackson/2.34/jersey-media-json-jackson-2.34.jar:/home/runner/.m2/repository/org/glassfish/jersey/ext/jersey-entity-filtering/2.34/jersey-entity-filtering-2.34.jar:/home/runner/.m2/repository/org/jooq/jooq/3.11.10/jooq-3.11.10.jar:/home/runner/.m2/repository/org/jooq/jooq-meta/3.11.10/jooq-meta-3.11.10.jar:/home/runner/.m2/repository/org/jooq/jooq-codegen/3.11.10/jooq-codegen-3.11.10.jar:/home/runner/.m2/repository/com/jolbox/bonecp/0.8.0.RELEASE/bonecp-0.8.0.RELEASE.jar:/home/runner/.m2/repository/org/apache/derby/derby/10.14.2.0/derby-10.14.2.0.jar:/home/runner/.m2/repository/org/xerial/sqlite-jdbc/3.25.2/sqlite-jdbc-3.25.2.jar:/home/runner/.m2/repository/org/springframework/spring-jdbc/5.3.23/spring-jdbc-5.3.23.jar:/home/runner/.m2/repository/org/springframework/spring-beans/5.3.23/spring-beans-5.3.23.jar:/home/runner/.m2/repository/org/springframework/spring-core/5.3.23/spring-core-5.3.23.jar:/home/runner/.m2/repository/org/springframework/spring-jcl/5.3.23/spring-jcl-5.3.23.jar:/home/runner/.m2/repository/org/springframework/spring-tx/5.3.23/spring-tx-5.3.23.jar:/home/runner/.m2/repository/org/apache/ozone/ozone-client/1.3.0-SNAPSHOT/ozone-client-1.3.0-SNAPSHOT.jar:/home/runner/.m2/repository/org/apache/ozone/hdds-erasurecode/1.3.0-SNAPSHOT/hdds-erasurecode-1.3.0-SNAPSHOT.jar:/home/runner/.m2/repository/org/apache/ozone/ozone-filesystem/1.3.0-SNAPSHOT/ozone-filesystem-1.3.0-SNAPSHOT.jar:/home/runner/.m2/repository/org/apache/ozone/ozone-filesystem-common/1.3.0-SNAPSHOT/ozone-filesystem-common-1.3.0-SNAPSHOT.jar:/home/runner/.m2/repository/org/apache/ozone/ozone-tools/1.3.0-SNAPSHOT/ozone-tools-1.3.0-SNAPSHOT.jar:/home/runner/.m2/repository/org/apache/ratis/ratis-tools/2.4.2-8b8bdda-SNAPSHOT/ratis-tools-2.4.2-8b8bdda-SNAPSHOT.jar:/home/runner/.m2/repository/com/amazonaws/aws-java-sdk-core/1.12.261/aws-java-sdk-core-1.12.261.jar:/home/runner/.m2/repository/org/apache/httpcomponents/httpclient/4.5.13/httpclient-4.5.13.jar:/home/runner/.m2/repository/org/apache/httpcomponents/httpcore/4.4.13/httpcore-4.4.13.jar:/home/runner/.m2/repository/software/amazon/ion/ion-java/1.0.2/ion-java-1.0.2.jar:/home/runner/.m2/repository/com/fasterxml/jackson/dataformat/jackson-dataformat-cbor/2.13.4/jackson-dataformat-cbor-2.13.4.jar:/home/runner/.m2/repository/joda-time/joda-time/2.8.1/joda-time-2.8.1.jar:/home/runner/.m2/repository/com/amazonaws/aws-java-sdk-s3/1.12.261/aws-java-sdk-s3-1.12.261.jar:/home/runner/.m2/repository/com/amazonaws/aws-java-sdk-kms/1.12.261/aws-java-sdk-kms-1.12.261.jar:/home/runner/.m2/repository/com/amazonaws/jmespath-java/1.12.261/jmespath-java-1.12.261.jar:/home/runner/.m2/repository/org/kohsuke/metainf-services/metainf-services/1.8/metainf-services-1.8.jar:/home/runner/.m2/repository/org/apache/ozone/hdds-tools/1.3.0-SNAPSHOT/hdds-tools-1.3.0-SNAPSHOT.jar:/home/runner/.m2/repository/commons-cli/commons-cli/1.2/commons-cli-1.2.jar:/home/runner/.m2/repository/org/apache/commons/commons-lang3/3.7/commons-lang3-3.7.jar:/home/runner/.m2/repository/org/apache/ozone/ozone-manager/1.3.0-SNAPSHOT/ozone-manager-1.3.0-SNAPSHOT-tests.jar:/home/runner/.m2/repository/org/apache/ozone/hdds-common/1.3.0-SNAPSHOT/hdds-common-1.3.0-SNAPSHOT-tests.jar:/home/runner/.m2/repository/org/apache/ozone/hdds-hadoop-dependency-client/1.3.0-SNAPSHOT/hdds-hadoop-dependency-client-1.3.0-SNAPSHOT.jar:/home/runner/.m2/repository/info/picocli/picocli/4.6.1/picocli-4.6.1.jar:/home/runner/.m2/repository/com/fasterxml/jackson/core/jackson-annotations/2.13.4/jackson-annotations-2.13.4.jar:/home/runner/.m2/repository/com/fasterxml/jackson/datatype/jackson-datatype-jsr310/2.13.4/jackson-datatype-jsr310-2.13.4.jar:/home/runner/.m2/repository/org/apache/ozone/hdds-annotation-processing/1.3.0-SNAPSHOT/hdds-annotation-processing-1.3.0-SNAPSHOT.jar:/home/runner/.m2/repository/javax/annotation/javax.annotation-api/1.2/javax.annotation-api-1.2.jar:/home/runner/.m2/repository/org/apache/ratis/ratis-server/2.4.2-8b8bdda-SNAPSHOT/ratis-server-2.4.2-8b8bdda-SNAPSHOT.jar:/home/runner/.m2/repository/org/apache/ratis/ratis-client/2.4.2-8b8bdda-SNAPSHOT/ratis-client-2.4.2-8b8bdda-SNAPSHOT.jar:/home/runner/.m2/repository/org/apache/ratis/ratis-server-api/2.4.2-8b8bdda-SNAPSHOT/ratis-server-api-2.4.2-8b8bdda-SNAPSHOT.jar:/home/runner/.m2/repository/org/apache/ratis/ratis-metrics/2.4.2-8b8bdda-SNAPSHOT/ratis-metrics-2.4.2-8b8bdda-SNAPSHOT.jar:/home/runner/.m2/repository/org/apache/ratis/ratis-netty/2.4.2-8b8bdda-SNAPSHOT/ratis-netty-2.4.2-8b8bdda-SNAPSHOT.jar:/home/runner/.m2/repository/org/apache/ratis/ratis-grpc/2.4.2-8b8bdda-SNAPSHOT/ratis-grpc-2.4.2-8b8bdda-SNAPSHOT.jar:/home/runner/.m2/repository/org/apache/logging/log4j/log4j-api/2.17.1/log4j-api-2.17.1.jar:/home/runner/.m2/repository/org/apache/commons/commons-pool2/2.6.0/commons-pool2-2.6.0.jar:/home/runner/.m2/repository/org/bouncycastle/bcpkix-jdk15on/1.67/bcpkix-jdk15on-1.67.jar:/home/runner/.m2/repository/commons-validator/commons-validator/1.6/commons-validator-1.6.jar:/home/runner/.m2/repository/commons-beanutils/commons-beanutils/1.9.4/commons-beanutils-1.9.4.jar:/home/runner/.m2/repository/commons-digester/commons-digester/1.8.1/commons-digester-1.8.1.jar:/home/runner/.m2/repository/commons-collections/commons-collections/3.2.2/commons-collections-3.2.2.jar:/home/runner/.m2/repository/io/jaegertracing/jaeger-client/1.6.0/jaeger-client-1.6.0.jar:/home/runner/.m2/repository/io/jaegertracing/jaeger-thrift/1.6.0/jaeger-thrift-1.6.0.jar:/home/runner/.m2/repository/org/apache/thrift/libthrift/0.14.1/libthrift-0.14.1.jar:/home/runner/.m2/repository/io/jaegertracing/jaeger-core/1.6.0/jaeger-core-1.6.0.jar:/home/runner/.m2/repository/io/jaegertracing/jaeger-tracerresolver/1.6.0/jaeger-tracerresolver-1.6.0.jar:/home/runner/.m2/repository/io/opentracing/contrib/opentracing-tracerresolver/0.1.8/opentracing-tracerresolver-0.1.8.jar:/home/runner/.m2/repository/org/jetbrains/kotlin/kotlin-stdlib/1.6.21/kotlin-stdlib-1.6.21.jar:/home/runner/.m2/repository/org/jetbrains/annotations/13.0/annotations-13.0.jar:/home/runner/.m2/repository/io/opentracing/opentracing-util/0.33.0/opentracing-util-0.33.0.jar:/home/runner/.m2/repository/io/opentracing/opentracing-api/0.33.0/opentracing-api-0.33.0.jar:/home/runner/.m2/repository/io/opentracing/opentracing-noop/0.33.0/opentracing-noop-0.33.0.jar:/home/runner/.m2/repository/org/yaml/snakeyaml/1.33/snakeyaml-1.33.jar:/home/runner/.m2/repository/org/apache/ozone/hdds-interface-admin/1.3.0-SNAPSHOT/hdds-interface-admin-1.3.0-SNAPSHOT.jar:/home/runner/.m2/repository/junit/junit/4.13.1/junit-4.13.1.jar:/home/runner/.m2/repository/org/hamcrest/hamcrest-core/1.3/hamcrest-core-1.3.jar:/home/runner/.m2/repository/org/junit/jupiter/junit-jupiter-api/5.8.2/junit-jupiter-api-5.8.2.jar:/home/runner/.m2/repository/org/opentest4j/opentest4j/1.2.0/opentest4j-1.2.0.jar:/home/runner/.m2/repository/org/junit/platform/junit-platform-commons/1.8.2/junit-platform-commons-1.8.2.jar:/home/runner/.m2/repository/org/apiguardian/apiguardian-api/1.1.2/apiguardian-api-1.1.2.jar:/home/runner/.m2/repository/org/junit/jupiter/junit-jupiter-params/5.8.2/junit-jupiter-params-5.8.2.jar:/home/runner/.m2/repository/org/junit/jupiter/junit-jupiter-migrationsupport/5.8.2/junit-jupiter-migrationsupport-5.8.2.jar:/home/runner/.m2/repository/org/junit/jupiter/junit-jupiter-engine/5.8.2/junit-jupiter-engine-5.8.2.jar:/home/runner/.m2/repository/org/junit/platform/junit-platform-engine/1.8.2/junit-platform-engine-1.8.2.jar:/home/runner/.m2/repository/org/junit/vintage/junit-vintage-engine/5.8.2/junit-vintage-engine-5.8.2.jar:/home/runner/.m2/repository/org/junit/platform/junit-platform-launcher/1.8.2/junit-platform-launcher-1.8.2.jar:/home/runner/.m2/repository/org/mockito/mockito-core/2.28.2/mockito-core-2.28.2.jar:/home/runner/.m2/repository/net/bytebuddy/byte-buddy/1.9.10/byte-buddy-1.9.10.jar:/home/runner/.m2/repository/net/bytebuddy/byte-buddy-agent/1.9.10/byte-buddy-agent-1.9.10.jar:/home/runner/.m2/repository/org/objenesis/objenesis/1.0/objenesis-1.0.jar:/home/runner/.m2/repository/org/apache/hadoop/hadoop-kms/3.3.4/hadoop-kms-3.3.4.jar:/home/runner/.m2/repository/org/apache/hadoop/hadoop-auth/3.3.4/hadoop-auth-3.3.4.jar:/home/runner/.m2/repository/com/nimbusds/nimbus-jose-jwt/9.8.1/nimbus-jose-jwt-9.8.1.jar:/home/runner/.m2/repository/com/github/stephenc/jcip/jcip-annotations/1.0-1/jcip-annotations-1.0-1.jar:/home/runner/.m2/repository/net/minidev/json-smart/2.4.7/json-smart-2.4.7.jar:/home/runner/.m2/repository/net/minidev/accessors-smart/2.4.7/accessors-smart-2.4.7.jar:/home/runner/.m2/repository/org/ow2/asm/asm/5.0.4/asm-5.0.4.jar:/home/runner/.m2/repository/org/apache/zookeeper/zookeeper/3.5.6/zookeeper-3.5.6.jar:/home/runner/.m2/repository/org/apache/zookeeper/zookeeper-jute/3.5.6/zookeeper-jute-3.5.6.jar:/home/runner/.m2/repository/org/apache/yetus/audience-annotations/0.5.0/audience-annotations-0.5.0.jar:/home/runner/.m2/repository/org/apache/curator/curator-framework/4.2.0/curator-framework-4.2.0.jar:/home/runner/.m2/repository/org/apache/hadoop/thirdparty/hadoop-shaded-guava/1.1.1/hadoop-shaded-guava-1.1.1.jar:/home/runner/.m2/repository/com/sun/jersey/jersey-core/1.19/jersey-core-1.19.jar:/home/runner/.m2/repository/javax/ws/rs/jsr311-api/1.1.1/jsr311-api-1.1.1.jar:/home/runner/.m2/repository/com/sun/jersey/jersey-server/1.19/jersey-server-1.19.jar:/home/runner/.m2/repository/javax/servlet/javax.servlet-api/3.1.0/javax.servlet-api-3.1.0.jar:/home/runner/.m2/repository/org/eclipse/jetty/jetty-server/9.4.49.v20220914/jetty-server-9.4.49.v20220914.jar:/home/runner/.m2/repository/org/eclipse/jetty/jetty-http/9.4.49.v20220914/jetty-http-9.4.49.v20220914.jar:/home/runner/.m2/repository/org/eclipse/jetty/jetty-io/9.4.49.v20220914/jetty-io-9.4.49.v20220914.jar:/home/runner/.m2/repository/org/eclipse/jetty/jetty-webapp/9.4.49.v20220914/jetty-webapp-9.4.49.v20220914.jar:/home/runner/.m2/repository/org/eclipse/jetty/jetty-xml/9.4.49.v20220914/jetty-xml-9.4.49.v20220914.jar:/home/runner/.m2/repository/org/apache/hadoop/hadoop-common/3.3.4/hadoop-common-3.3.4.jar:/home/runner/.m2/repository/org/apache/commons/commons-math3/3.1.1/commons-math3-3.1.1.jar:/home/runner/.m2/repository/commons-net/commons-net/3.9.0/commons-net-3.9.0.jar:/home/runner/.m2/repository/com/sun/jersey/jersey-servlet/1.19/jersey-servlet-1.19.jar:/home/runner/.m2/repository/com/sun/jersey/jersey-json/1.19/jersey-json-1.19.jar:/home/runner/.m2/repository/org/codehaus/jettison/jettison/1.1/jettison-1.1.jar:/home/runner/.m2/repository/com/sun/xml/bind/jaxb-impl/2.2.3-1/jaxb-impl-2.2.3-1.jar:/home/runner/.m2/repository/org/codehaus/jackson/jackson-xc/1.9.2/jackson-xc-1.9.2.jar:/home/runner/.m2/repository/com/google/re2j/re2j/1.1/re2j-1.1.jar:/home/runner/.m2/repository/com/jcraft/jsch/0.1.54/jsch-0.1.54.jar:/home/runner/.m2/repository/org/apache/curator/curator-client/4.2.0/curator-client-4.2.0.jar:/home/runner/.m2/repository/org/apache/curator/curator-recipes/4.2.0/curator-recipes-4.2.0.jar:/home/runner/.m2/repository/org/apache/kerby/kerb-core/1.0.1/kerb-core-1.0.1.jar:/home/runner/.m2/repository/org/apache/kerby/kerby-pkix/1.0.1/kerby-pkix-1.0.1.jar:/home/runner/.m2/repository/org/apache/kerby/kerby-asn1/1.0.1/kerby-asn1-1.0.1.jar:/home/runner/.m2/repository/org/apache/kerby/kerby-util/1.0.1/kerby-util-1.0.1.jar:/home/runner/.m2/repository/dnsjava/dnsjava/2.1.7/dnsjava-2.1.7.jar:/home/runner/.m2/repository/org/xerial/snappy/snappy-java/1.1.8.2/snappy-java-1.1.8.2.jar:/home/runner/.m2/repository/org/eclipse/jetty/jetty-util/9.4.49.v20220914/jetty-util-9.4.49.v20220914.jar:/home/runner/.m2/repository/com/fasterxml/jackson/core/jackson-databind/2.13.4.2/jackson-databind-2.13.4.2.jar:/home/runner/.m2/repository/org/apache/hadoop/hadoop-kms/3.3.4/hadoop-kms-3.3.4-tests.jar:/home/runner/.m2/repository/org/apache/ozone/hdds-server-scm/1.3.0-SNAPSHOT/hdds-server-scm-1.3.0-SNAPSHOT-tests.jar:/home/runner/.m2/repository/org/apache/ozone/hdds-container-service/1.3.0-SNAPSHOT/hdds-container-service-1.3.0-SNAPSHOT-tests.jar:/home/runner/.m2/repository/commons-codec/commons-codec/1.15/commons-codec-1.15.jar:/home/runner/.m2/repository/io/netty/netty-codec/4.1.77.Final/netty-codec-4.1.77.Final.jar:/home/runner/.m2/repository/io/netty/netty-handler/4.1.77.Final/netty-handler-4.1.77.Final.jar:/home/runner/.m2/repository/org/apache/ozone/hdds-hadoop-dependency-test/1.3.0-SNAPSHOT/hdds-hadoop-dependency-test-1.3.0-SNAPSHOT.jar:/home/runner/.m2/repository/org/apache/hadoop/hadoop-common/3.3.4/hadoop-common-3.3.4-tests.jar:/home/runner/.m2/repository/org/apache/hadoop/hadoop-hdfs/3.3.4/hadoop-hdfs-3.3.4-tests.jar:/home/runner/.m2/repository/org/assertj/assertj-core/3.12.2/assertj-core-3.12.2.jar:/home/runner/.m2/repository/org/apache/hadoop/hadoop-distcp/3.3.4/hadoop-distcp-3.3.4.jar:/home/runner/.m2/repository/org/apache/hadoop/hadoop-mapreduce-client-jobclient/3.3.4/hadoop-mapreduce-client-jobclient-3.3.4.jar:/home/runner/.m2/repository/org/apache/hadoop/hadoop-mapreduce-client-common/3.3.4/hadoop-mapreduce-client-common-3.3.4.jar:/home/runner/.m2/repository/org/apache/hadoop/hadoop-yarn-common/3.3.4/hadoop-yarn-common-3.3.4.jar:/home/runner/.m2/repository/org/apache/hadoop/hadoop-yarn-api/3.3.4/hadoop-yarn-api-3.3.4.jar:/home/runner/.m2/repository/com/sun/jersey/contribs/jersey-guice/1.19/jersey-guice-1.19.jar:/home/runner/.m2/repository/com/fasterxml/jackson/jaxrs/jackson-jaxrs-json-provider/2.13.4/jackson-jaxrs-json-provider-2.13.4.jar:/home/runner/.m2/repository/com/fasterxml/jackson/jaxrs/jackson-jaxrs-base/2.13.4/jackson-jaxrs-base-2.13.4.jar:/home/runner/.m2/repository/org/apache/hadoop/hadoop-yarn-client/3.3.4/hadoop-yarn-client-3.3.4.jar:/home/runner/.m2/repository/org/eclipse/jetty/websocket/websocket-client/9.4.43.v20210629/websocket-client-9.4.43.v20210629.jar:/home/runner/.m2/repository/org/eclipse/jetty/websocket/websocket-common/9.4.43.v20210629/websocket-common-9.4.43.v20210629.jar:/home/runner/.m2/repository/org/eclipse/jetty/websocket/websocket-api/9.4.43.v20210629/websocket-api-9.4.43.v20210629.jar:/home/runner/.m2/repository/org/jline/jline/3.9.0/jline-3.9.0.jar:/home/runner/.m2/repository/org/apache/hadoop/hadoop-mapreduce-client-core/3.3.4/hadoop-mapreduce-client-core-3.3.4.jar:/home/runner/.m2/repository/org/apache/avro/avro/1.7.7/avro-1.7.7.jar:/home/runner/.m2/repository/org/codehaus/jackson/jackson-core-asl/1.9.13/jackson-core-asl-1.9.13.jar:/home/runner/.m2/repository/org/codehaus/jackson/jackson-mapper-asl/1.9.13/jackson-mapper-asl-1.9.13.jar:/home/runner/.m2/repository/com/thoughtworks/paranamer/paranamer/2.3/paranamer-2.3.jar:/home/runner/.m2/repository/org/apache/hadoop/hadoop-annotations/3.3.4/hadoop-annotations-3.3.4.jar:/usr/lib/jvm/temurin-8-jdk-amd64/jre/../lib/tools.jar:/home/runner/.m2/repository/io/netty/netty/3.10.6.Final/netty-3.10.6.Final.jar:/home/runner/.m2/repository/org/apache/hadoop/hadoop-distcp/3.3.4/hadoop-distcp-3.3.4-tests.jar:/home/runner/.m2/repository/org/slf4j/jul-to-slf4j/1.7.36/jul-to-slf4j-1.7.36.jar:/home/runner/.m2/repository/org/apache/ratis/ratis-common/2.4.2-8b8bdda-SNAPSHOT/ratis-common-2.4.2-8b8bdda-SNAPSHOT.jar:/home/runner/.m2/repository/org/apache/ratis/ratis-thirdparty-misc/1.0.3/ratis-thirdparty-misc-1.0.3.jar:/home/runner/.m2/repository/org/apache/ratis/ratis-proto/2.4.2-8b8bdda-SNAPSHOT/ratis-proto-2.4.2-8b8bdda-SNAPSHOT.jar:"/>
    <property name="sun.cpu.endian" value="little"/>
    <property name="user.home" value="/home/runner"/>
    <property name="user.language" value="en"/>
    <property name="java.specification.vendor" value="Oracle Corporation"/>
    <property name="java.home" value="/usr/lib/jvm/temurin-8-jdk-amd64/jre"/>
    <property name="java.security.krb5.conf" value="/home/runner/work/ozone/ozone/hadoop-ozone/integration-test/target/test-classes/krb5.conf"/>
    <property name="file.separator" value="/"/>
    <property name="basedir" value="/home/runner/work/ozone/ozone/hadoop-ozone/integration-test"/>
    <property name="line.separator" value="&#10;"/>
    <property name="java.vm.specification.vendor" value="Oracle Corporation"/>
    <property name="java.specification.name" value="Java Platform API Specification"/>
    <property name="skip.installnpx" value="true"/>
    <property name="java.awt.graphicsenv" value="sun.awt.X11GraphicsEnvironment"/>
    <property name="surefire.fork.timeout" value="3600"/>
    <property name="surefire.real.class.path" value="/home/runner/work/ozone/ozone/hadoop-ozone/integration-test/target/surefire/surefirebooter8267428406375817133.jar:/home/runner/.m2/repository/org/jacoco/org.jacoco.agent/0.8.5/org.jacoco.agent-0.8.5-runtime.jar"/>
    <property name="sun.boot.class.path" value="/usr/lib/jvm/temurin-8-jdk-amd64/jre/lib/resources.jar:/usr/lib/jvm/temurin-8-jdk-amd64/jre/lib/rt.jar:/usr/lib/jvm/temurin-8-jdk-amd64/jre/lib/sunrsasign.jar:/usr/lib/jvm/temurin-8-jdk-amd64/jre/lib/jsse.jar:/usr/lib/jvm/temurin-8-jdk-amd64/jre/lib/jce.jar:/usr/lib/jvm/temurin-8-jdk-amd64/jre/lib/charsets.jar:/usr/lib/jvm/temurin-8-jdk-amd64/jre/lib/jfr.jar:/usr/lib/jvm/temurin-8-jdk-amd64/jre/classes"/>
    <property name="hadoop.log.dir" value="/home/runner/work/ozone/ozone/hadoop-ozone/integration-test/target/log"/>
    <property name="sun.management.compiler" value="HotSpot 64-Bit Tiered Compilers"/>
    <property name="java.runtime.version" value="1.8.0_352-b08"/>
    <property name="skip.npx" value="true"/>
    <property name="user.name" value="runner"/>
    <property name="java.net.preferIPv4Stack" value="true"/>
    <property name="path.separator" value=":"/>
    <property name="java.security.egd" value="file:///dev/urandom"/>
    <property name="os.version" value="5.15.0-1023-azure"/>
    <property name="java.endorsed.dirs" value="/usr/lib/jvm/temurin-8-jdk-amd64/jre/lib/endorsed"/>
    <property name="java.runtime.name" value="OpenJDK Runtime Environment"/>
    <property name="file.encoding" value="UTF-8"/>
    <property name="java.vm.name" value="OpenJDK 64-Bit Server VM"/>
    <property name="test.build.webapps" value=""/>
    <property name="localRepository" value="/home/runner/.m2/repository"/>
    <property name="jetty.git.hash" value="4231a3b2e4cb8548a412a789936d640a97b1aa0a"/>
    <property name="java.vendor.url.bug" value="https://github.com/adoptium/adoptium-support/issues"/>
    <property name="require.test.libhadoop" value=""/>
    <property name="java.io.tmpdir" value="/tmp"/>
    <property name="java.version" value="1.8.0_352"/>
    <property name="surefire.rerunFailingTestsCount" value="5"/>
    <property name="user.dir" value="/home/runner/work/ozone/ozone/hadoop-ozone/integration-test"/>
    <property name="os.arch" value="amd64"/>
    <property name="test.build.classes" value="/home/runner/work/ozone/ozone/hadoop-ozone/integration-test/target/test-classes"/>
    <property name="java.vm.specification.name" value="Java Virtual Machine Specification"/>
    <property name="java.awt.printerjob" value="sun.print.PSPrinterJob"/>
    <property name="sun.os.patch.level" value="unknown"/>
    <property name="org.apache.ratis.thirdparty.io.netty.allocator.useCacheForAllThreads" value="false"/>
    <property name="hadoop.tmp.dir" value="/home/runner/work/ozone/ozone/hadoop-ozone/integration-test/target/tmp"/>
    <property name="java.library.path" value="/usr/java/packages/lib/amd64:/usr/lib64:/lib64:/lib:/usr/lib"/>
    <property name="java.vendor" value="Temurin"/>
    <property name="java.vm.info" value="mixed mode"/>
    <property name="java.vm.version" value="25.352-b08"/>
    <property name="java.specification.maintenance.version" value="4"/>
    <property name="sun.io.unicode.encoding" value="UnicodeLittle"/>
    <property name="java.ext.dirs" value="/usr/lib/jvm/temurin-8-jdk-amd64/jre/lib/ext:/usr/java/packages/lib/ext"/>
    <property name="java.class.version" value="52.0"/>
  </properties>
  <testcase name="testNodeWithOpenPipelineCanBeDecommissionedAndRecommissioned" classname="org.apache.hadoop.ozone.scm.node.TestDecommissionAndMaintenance" time="46.538">
    <error type="java.lang.IllegalStateException"><![CDATA[java.lang.IllegalStateException: zip file closed
	at java.util.zip.ZipFile.ensureOpen(ZipFile.java:690)
	at java.util.zip.ZipFile.access$200(ZipFile.java:61)
	at java.util.zip.ZipFile$ZipEntryIterator.hasNext(ZipFile.java:512)
	at java.util.zip.ZipFile$ZipEntryIterator.hasMoreElements(ZipFile.java:507)
	at java.util.jar.JarFile$JarEntryIterator.hasNext(JarFile.java:264)
	at java.util.jar.JarFile$JarEntryIterator.hasMoreElements(JarFile.java:273)
	at org.reflections.vfs.ZipDir$1$1.computeNext(ZipDir.java:30)
	at org.reflections.vfs.ZipDir$1$1.computeNext(ZipDir.java:26)
	at com.google.common.collect.AbstractIterator.tryToComputeNext(AbstractIterator.java:146)
	at com.google.common.collect.AbstractIterator.hasNext(AbstractIterator.java:141)
	at org.reflections.Reflections.scan(Reflections.java:243)
	at org.reflections.Reflections.scan(Reflections.java:202)
	at org.reflections.Reflections.<init>(Reflections.java:123)
	at org.reflections.Reflections.<init>(Reflections.java:168)
	at org.apache.hadoop.hdds.upgrade.HDDSLayoutVersionManager.registerUpgradeActions(HDDSLayoutVersionManager.java:64)
	at org.apache.hadoop.hdds.upgrade.HDDSLayoutVersionManager.<init>(HDDSLayoutVersionManager.java:51)
	at org.apache.hadoop.ozone.container.common.statemachine.DatanodeStateMachine.<init>(DatanodeStateMachine.java:147)
	at org.apache.hadoop.ozone.HddsDatanodeService.start(HddsDatanodeService.java:279)
	at org.apache.hadoop.ozone.HddsDatanodeService.start(HddsDatanodeService.java:209)
	at org.apache.hadoop.ozone.MiniOzoneClusterImpl.restartHddsDatanode(MiniOzoneClusterImpl.java:418)
	at org.apache.hadoop.ozone.scm.node.TestDecommissionAndMaintenance.testNodeWithOpenPipelineCanBeDecommissionedAndRecommissioned(TestDecommissionAndMaintenance.java:229)
	at sun.reflect.NativeMethodAccessorImpl.invoke0(Native Method)
	at sun.reflect.NativeMethodAccessorImpl.invoke(NativeMethodAccessorImpl.java:62)
	at sun.reflect.DelegatingMethodAccessorImpl.invoke(DelegatingMethodAccessorImpl.java:43)
	at java.lang.reflect.Method.invoke(Method.java:498)
	at org.junit.platform.commons.util.ReflectionUtils.invokeMethod(ReflectionUtils.java:725)
	at org.junit.jupiter.engine.execution.MethodInvocation.proceed(MethodInvocation.java:60)
	at org.junit.jupiter.engine.execution.InvocationInterceptorChain$ValidatingInvocation.proceed(InvocationInterceptorChain.java:131)
	at org.junit.jupiter.engine.extension.TimeoutExtension.intercept(TimeoutExtension.java:149)
	at org.junit.jupiter.engine.extension.TimeoutExtension.interceptTestableMethod(TimeoutExtension.java:140)
	at org.junit.jupiter.engine.extension.TimeoutExtension.interceptTestMethod(TimeoutExtension.java:84)
	at org.junit.jupiter.engine.execution.ExecutableInvoker$ReflectiveInterceptorCall.lambda$ofVoidMethod$0(ExecutableInvoker.java:115)
	at org.junit.jupiter.engine.execution.ExecutableInvoker.lambda$invoke$0(ExecutableInvoker.java:105)
	at org.junit.jupiter.engine.execution.InvocationInterceptorChain$InterceptedInvocation.proceed(InvocationInterceptorChain.java:106)
	at org.junit.jupiter.engine.execution.InvocationInterceptorChain.proceed(InvocationInterceptorChain.java:64)
	at org.junit.jupiter.engine.execution.InvocationInterceptorChain.chainAndInvoke(InvocationInterceptorChain.java:45)
	at org.junit.jupiter.engine.execution.InvocationInterceptorChain.invoke(InvocationInterceptorChain.java:37)
	at org.junit.jupiter.engine.execution.ExecutableInvoker.invoke(ExecutableInvoker.java:104)
	at org.junit.jupiter.engine.execution.ExecutableInvoker.invoke(ExecutableInvoker.java:98)
	at org.junit.jupiter.engine.descriptor.TestMethodTestDescriptor.lambda$invokeTestMethod$7(TestMethodTestDescriptor.java:214)
	at org.junit.platform.engine.support.hierarchical.ThrowableCollector.execute(ThrowableCollector.java:73)
	at org.junit.jupiter.engine.descriptor.TestMethodTestDescriptor.invokeTestMethod(TestMethodTestDescriptor.java:210)
	at org.junit.jupiter.engine.descriptor.TestMethodTestDescriptor.execute(TestMethodTestDescriptor.java:135)
	at org.junit.jupiter.engine.descriptor.TestMethodTestDescriptor.execute(TestMethodTestDescriptor.java:66)
	at org.junit.platform.engine.support.hierarchical.NodeTestTask.lambda$executeRecursively$6(NodeTestTask.java:151)
	at org.junit.platform.engine.support.hierarchical.ThrowableCollector.execute(ThrowableCollector.java:73)
	at org.junit.platform.engine.support.hierarchical.NodeTestTask.lambda$executeRecursively$8(NodeTestTask.java:141)
	at org.junit.platform.engine.support.hierarchical.Node.around(Node.java:137)
	at org.junit.platform.engine.support.hierarchical.NodeTestTask.lambda$executeRecursively$9(NodeTestTask.java:139)
	at org.junit.platform.engine.support.hierarchical.ThrowableCollector.execute(ThrowableCollector.java:73)
	at org.junit.platform.engine.support.hierarchical.NodeTestTask.executeRecursively(NodeTestTask.java:138)
	at org.junit.platform.engine.support.hierarchical.NodeTestTask.execute(NodeTestTask.java:95)
	at java.util.ArrayList.forEach(ArrayList.java:1259)
	at org.junit.platform.engine.support.hierarchical.SameThreadHierarchicalTestExecutorService.invokeAll(SameThreadHierarchicalTestExecutorService.java:41)
	at org.junit.platform.engine.support.hierarchical.NodeTestTask.lambda$executeRecursively$6(NodeTestTask.java:155)
	at org.junit.platform.engine.support.hierarchical.ThrowableCollector.execute(ThrowableCollector.java:73)
	at org.junit.platform.engine.support.hierarchical.NodeTestTask.lambda$executeRecursively$8(NodeTestTask.java:141)
	at org.junit.platform.engine.support.hierarchical.Node.around(Node.java:137)
	at org.junit.platform.engine.support.hierarchical.NodeTestTask.lambda$executeRecursively$9(NodeTestTask.java:139)
	at org.junit.platform.engine.support.hierarchical.ThrowableCollector.execute(ThrowableCollector.java:73)
	at org.junit.platform.engine.support.hierarchical.NodeTestTask.executeRecursively(NodeTestTask.java:138)
	at org.junit.platform.engine.support.hierarchical.NodeTestTask.execute(NodeTestTask.java:95)
	at java.util.ArrayList.forEach(ArrayList.java:1259)
	at org.junit.platform.engine.support.hierarchical.SameThreadHierarchicalTestExecutorService.invokeAll(SameThreadHierarchicalTestExecutorService.java:41)
	at org.junit.platform.engine.support.hierarchical.NodeTestTask.lambda$executeRecursively$6(NodeTestTask.java:155)
	at org.junit.platform.engine.support.hierarchical.ThrowableCollector.execute(ThrowableCollector.java:73)
	at org.junit.platform.engine.support.hierarchical.NodeTestTask.lambda$executeRecursively$8(NodeTestTask.java:141)
	at org.junit.platform.engine.support.hierarchical.Node.around(Node.java:137)
	at org.junit.platform.engine.support.hierarchical.NodeTestTask.lambda$executeRecursively$9(NodeTestTask.java:139)
	at org.junit.platform.engine.support.hierarchical.ThrowableCollector.execute(ThrowableCollector.java:73)
	at org.junit.platform.engine.support.hierarchical.NodeTestTask.executeRecursively(NodeTestTask.java:138)
	at org.junit.platform.engine.support.hierarchical.NodeTestTask.execute(NodeTestTask.java:95)
	at org.junit.platform.engine.support.hierarchical.SameThreadHierarchicalTestExecutorService.submit(SameThreadHierarchicalTestExecutorService.java:35)
	at org.junit.platform.engine.support.hierarchical.HierarchicalTestExecutor.execute(HierarchicalTestExecutor.java:57)
	at org.junit.platform.engine.support.hierarchical.HierarchicalTestEngine.execute(HierarchicalTestEngine.java:54)
	at org.junit.platform.launcher.core.EngineExecutionOrchestrator.execute(EngineExecutionOrchestrator.java:107)
	at org.junit.platform.launcher.core.EngineExecutionOrchestrator.execute(EngineExecutionOrchestrator.java:88)
	at org.junit.platform.launcher.core.EngineExecutionOrchestrator.lambda$execute$0(EngineExecutionOrchestrator.java:54)
	at org.junit.platform.launcher.core.EngineExecutionOrchestrator.withInterceptedStreams(EngineExecutionOrchestrator.java:67)
	at org.junit.platform.launcher.core.EngineExecutionOrchestrator.execute(EngineExecutionOrchestrator.java:52)
	at org.junit.platform.launcher.core.DefaultLauncher.execute(DefaultLauncher.java:114)
	at org.junit.platform.launcher.core.DefaultLauncher.execute(DefaultLauncher.java:86)
	at org.junit.platform.launcher.core.DefaultLauncherSession$DelegatingLauncher.execute(DefaultLauncherSession.java:86)
	at org.junit.platform.launcher.core.SessionPerRequestLauncher.execute(SessionPerRequestLauncher.java:53)
	at org.apache.maven.surefire.junitplatform.JUnitPlatformProvider.execute(JUnitPlatformProvider.java:188)
	at org.apache.maven.surefire.junitplatform.JUnitPlatformProvider.invokeAllTests(JUnitPlatformProvider.java:154)
	at org.apache.maven.surefire.junitplatform.JUnitPlatformProvider.invoke(JUnitPlatformProvider.java:124)
	at org.apache.maven.surefire.booter.ForkedBooter.runSuitesInProcess(ForkedBooter.java:428)
	at org.apache.maven.surefire.booter.ForkedBooter.execute(ForkedBooter.java:162)
	at org.apache.maven.surefire.booter.ForkedBooter.run(ForkedBooter.java:562)
	at org.apache.maven.surefire.booter.ForkedBooter.main(ForkedBooter.java:548)
]]></error>
    <system-out><![CDATA[2022-12-08 07:05:56,574 [Mini-Cluster-Provider-Create] WARN  server.ServerUtils (ServerUtils.java:getScmDbDir(148)) - ozone.scm.db.dirs is not configured. We recommend adding this setting. Falling back to ozone.metadata.dirs instead.
2022-12-08 07:05:56,694 [Mini-Cluster-Provider-Create] WARN  server.ServerUtils (ServerUtils.java:getScmDbDir(148)) - ozone.scm.db.dirs is not configured. We recommend adding this setting. Falling back to ozone.metadata.dirs instead.
2022-12-08 07:05:56,704 [Mini-Cluster-Provider-Create] INFO  ha.SCMHANodeDetails (SCMHANodeDetails.java:loadSCMHAConfig(209)) - ServiceID for StorageContainerManager is null
2022-12-08 07:05:56,717 [Mini-Cluster-Provider-Create] WARN  ha.SCMHANodeDetails (SCMHANodeDetails.java:validateSCMHAConfig(182)) - Invalid config ozone.scm.ratis.enable. The config was not specified, but the default value true conflicts with the expected config value false. Falling back to the expected value. Current State of SCM: SCM is running in Non-HA without Ratis Ratis SCM -> Non Ratis SCM or Non HA SCM -> HA SCM is not supported
2022-12-08 07:05:56,717 [Mini-Cluster-Provider-Create] INFO  ha.SCMHANodeDetails (SCMHANodeDetails.java:loadSCMHAConfig(214)) - ozone.scm.default.service.id is not defined, falling back to ozone.scm.service.ids to find serviceID for StorageContainerManager if it is HA enabled cluster
2022-12-08 07:05:57,357 [Mini-Cluster-Provider-Create] WARN  utils.HAUtils (HAUtils.java:getMetaDir(342)) - ozone.scm.db.dirs is not configured. We recommend adding this setting. Falling back to ozone.metadata.dirs instead.
2022-12-08 07:05:57,547 [Mini-Cluster-Provider-Create] WARN  db.DBStoreBuilder (DBStoreBuilder.java:applyDBDefinition(144)) - ozone.scm.db.dirs is not configured. We recommend adding this setting. Falling back to ozone.metadata.dirs instead.
2022-12-08 07:05:57,963 [Mini-Cluster-Provider-Create] INFO  net.NodeSchemaLoader (NodeSchemaLoader.java:loadSchemaFromFile(129)) - Loading schema from [jar:file:/home/runner/.m2/repository/org/apache/ozone/hdds-common/1.3.0-SNAPSHOT/hdds-common-1.3.0-SNAPSHOT.jar!/network-topology-default.xml]
2022-12-08 07:05:57,965 [Mini-Cluster-Provider-Create] INFO  net.NodeSchemaLoader (NodeSchemaLoader.java:loadSchema(176)) - Loading network topology layer schema file
2022-12-08 07:05:58,014 [Mini-Cluster-Provider-Create] INFO  metrics.MetricRegistries (MetricRegistriesLoader.java:load(64)) - Loaded MetricRegistries class org.apache.ratis.metrics.impl.MetricRegistriesImpl
2022-12-08 07:05:58,022 [Mini-Cluster-Provider-Create] INFO  upgrade.AbstractLayoutVersionManager (AbstractLayoutVersionManager.java:init(83)) - Initializing Layout version manager with metadata layout = DATANODE_SCHEMA_V3 (version = 4), software layout = DATANODE_SCHEMA_V3 (version = 4)
2022-12-08 07:05:58,283 [Mini-Cluster-Provider-Create] INFO  reflections.Reflections (Reflections.java:scan(232)) - Reflections took 162 ms to scan 7 urls, producing 140 keys and 342 values 
2022-12-08 07:05:58,410 [Mini-Cluster-Provider-Create] INFO  ha.SequenceIdGenerator (SequenceIdGenerator.java:upgradeToSequenceId(349)) - upgrade localId to 109611004723200000
2022-12-08 07:05:58,410 [Mini-Cluster-Provider-Create] INFO  ha.SequenceIdGenerator (SequenceIdGenerator.java:upgradeToSequenceId(359)) - upgrade delTxnId to 0
2022-12-08 07:05:58,415 [Mini-Cluster-Provider-Create] INFO  ha.SequenceIdGenerator (SequenceIdGenerator.java:upgradeToSequenceId(376)) - upgrade containerId to 0
2022-12-08 07:05:58,418 [Mini-Cluster-Provider-Create] INFO  ha.SequenceIdGenerator (SequenceIdGenerator.java:<init>(220)) - Init the HA SequenceIdGenerator.
2022-12-08 07:05:58,488 [Mini-Cluster-Provider-Create] INFO  node.SCMNodeManager (SCMNodeManager.java:<init>(149)) - Entering startup safe mode.
2022-12-08 07:05:58,592 [Mini-Cluster-Provider-Create] INFO  algorithms.ContainerPlacementPolicyFactory (ContainerPlacementPolicyFactory.java:getPolicyInternal(86)) - Create container placement policy of type org.apache.hadoop.hdds.scm.container.placement.algorithms.SCMContainerPlacementRandom
2022-12-08 07:05:58,595 [Mini-Cluster-Provider-Create] INFO  algorithms.ContainerPlacementPolicyFactory (ContainerPlacementPolicyFactory.java:getPolicyInternal(86)) - Create container placement policy of type org.apache.hadoop.hdds.scm.container.placement.algorithms.SCMContainerPlacementRackScatter
2022-12-08 07:05:58,605 [Mini-Cluster-Provider-Create] INFO  pipeline.PipelineStateManagerImpl (PipelineStateManagerImpl.java:initialize(78)) - No pipeline exists in current db
2022-12-08 07:05:58,646 [Mini-Cluster-Provider-Create] INFO  algorithms.LeaderChoosePolicyFactory (LeaderChoosePolicyFactory.java:getPolicy(57)) - Create leader choose policy of type org.apache.hadoop.hdds.scm.pipeline.leader.choose.algorithms.MinLeaderCountChoosePolicy
2022-12-08 07:05:58,646 [Mini-Cluster-Provider-Create] INFO  algorithms.ContainerPlacementPolicyFactory (ContainerPlacementPolicyFactory.java:getPolicyInternal(86)) - Create container placement policy of type org.apache.hadoop.hdds.scm.container.placement.algorithms.SCMContainerPlacementRackScatter
2022-12-08 07:05:58,653 [Mini-Cluster-Provider-Create] INFO  ha.SCMServiceManager (SCMServiceManager.java:register(42)) - Registering service BackgroundPipelineCreator.
2022-12-08 07:05:58,653 [Mini-Cluster-Provider-Create] INFO  pipeline.BackgroundPipelineCreator (BackgroundPipelineCreator.java:start(124)) - Starting RatisPipelineUtilsThread.
2022-12-08 07:05:58,658 [Mini-Cluster-Provider-Create] INFO  BackgroundPipelineScrubber (BackgroundSCMService.java:start(68)) - Starting BackgroundPipelineScrubber Service.
2022-12-08 07:05:58,662 [Mini-Cluster-Provider-Create] INFO  ha.SCMServiceManager (SCMServiceManager.java:register(42)) - Registering service BackgroundPipelineScrubber.
2022-12-08 07:05:58,670 [Mini-Cluster-Provider-Create] INFO  ExpiredContainerReplicaOpScrubber (BackgroundSCMService.java:start(68)) - Starting ExpiredContainerReplicaOpScrubber Service.
2022-12-08 07:05:58,678 [Mini-Cluster-Provider-Create] INFO  ha.SCMServiceManager (SCMServiceManager.java:register(42)) - Registering service ExpiredContainerReplicaOpScrubber.
2022-12-08 07:05:58,727 [Mini-Cluster-Provider-Create] INFO  algorithms.PipelineChoosePolicyFactory (PipelineChoosePolicyFactory.java:createPipelineChoosePolicyFromClass(73)) - Create pipeline choose policy of type org.apache.hadoop.hdds.scm.pipeline.choose.algorithms.RandomPipelineChoosePolicy
2022-12-08 07:05:58,747 [Mini-Cluster-Provider-Create] INFO  ha.SCMServiceManager (SCMServiceManager.java:register(42)) - Registering service SCMBlockDeletingService.
2022-12-08 07:05:58,805 [Mini-Cluster-Provider-Create] INFO  replication.ReplicationManager (ReplicationManager.java:start(254)) - Starting Replication Monitor Thread.
2022-12-08 07:05:58,815 [Mini-Cluster-Provider-Create] INFO  ha.SCMServiceManager (SCMServiceManager.java:register(42)) - Registering service ReplicationManager.
2022-12-08 07:05:58,818 [ReplicationMonitor] INFO  replication.ReplicationManager (ReplicationManager.java:processAll(323)) - Replication Manager is not ready to run until 3000ms after safemode exit
2022-12-08 07:05:58,831 [Mini-Cluster-Provider-Create] INFO  safemode.ContainerSafeModeRule (ContainerSafeModeRule.java:<init>(89)) - containers with one replica threshold count 0
2022-12-08 07:05:58,836 [Mini-Cluster-Provider-Create] INFO  safemode.HealthyPipelineSafeModeRule (HealthyPipelineSafeModeRule.java:initializeRule(169)) - Total pipeline count is 0, healthy pipeline threshold count is 1
2022-12-08 07:05:58,839 [Mini-Cluster-Provider-Create] INFO  safemode.OneReplicaPipelineSafeModeRule (OneReplicaPipelineSafeModeRule.java:initializeRule(180)) - Total pipeline count is 0, pipeline's with at least one datanode reported threshold count is 0
2022-12-08 07:05:59,229 [Mini-Cluster-Provider-Create] INFO  audit.AuditLogger (AuditLogger.java:refreshDebugCmdSet(126)) - Refresh DebugCmdSet for SCMAudit to [].
2022-12-08 07:05:59,266 [Mini-Cluster-Provider-Create] INFO  ipc.CallQueueManager (CallQueueManager.java:<init>(90)) - Using callQueue: class java.util.concurrent.LinkedBlockingQueue, queueCapacity: 2000, scheduler: class org.apache.hadoop.ipc.DefaultRpcScheduler, ipcBackoff: false.
2022-12-08 07:05:59,321 [Socket Reader #1 for port 0] INFO  ipc.Server (Server.java:run(1273)) - Starting Socket Reader #1 for port 0
2022-12-08 07:05:59,402 [Listener at 0.0.0.0/38075] INFO  audit.AuditLogger (AuditLogger.java:refreshDebugCmdSet(126)) - Refresh DebugCmdSet for SCMAudit to [].
2022-12-08 07:05:59,410 [Listener at 0.0.0.0/38075] INFO  ipc.CallQueueManager (CallQueueManager.java:<init>(90)) - Using callQueue: class java.util.concurrent.LinkedBlockingQueue, queueCapacity: 2000, scheduler: class org.apache.hadoop.ipc.DefaultRpcScheduler, ipcBackoff: false.
2022-12-08 07:05:59,411 [Socket Reader #1 for port 0] INFO  ipc.Server (Server.java:run(1273)) - Starting Socket Reader #1 for port 0
2022-12-08 07:05:59,448 [Listener at 0.0.0.0/39625] INFO  audit.AuditLogger (AuditLogger.java:refreshDebugCmdSet(126)) - Refresh DebugCmdSet for SCMAudit to [].
2022-12-08 07:05:59,462 [Listener at 0.0.0.0/39625] INFO  ipc.CallQueueManager (CallQueueManager.java:<init>(90)) - Using callQueue: class java.util.concurrent.LinkedBlockingQueue, queueCapacity: 2000, scheduler: class org.apache.hadoop.ipc.DefaultRpcScheduler, ipcBackoff: false.
2022-12-08 07:05:59,466 [Socket Reader #1 for port 0] INFO  ipc.Server (Server.java:run(1273)) - Starting Socket Reader #1 for port 0
2022-12-08 07:05:59,563 [Listener at 0.0.0.0/43093] INFO  ha.SCMServiceManager (SCMServiceManager.java:register(42)) - Registering service ContainerBalancer.
2022-12-08 07:05:59,566 [Listener at 0.0.0.0/43093] INFO  server.StorageContainerManager (StorageContainerManager.java:<init>(397)) - 
Container Balancer status:
Key                            Value
Running                        true
Container Balancer Configuration values:
Key                                                Value
Threshold                                          10
Max Datanodes to Involve per Iteration(percent)    20
Max Size to Move per Iteration                     500GB
Max Size Entering Target per Iteration             26GB
Max Size Leaving Source per Iteration              26GB

2022-12-08 07:05:59,566 [Listener at 0.0.0.0/43093] INFO  ha.SCMContext (SCMContext.java:updateSafeModeStatus(228)) - Update SafeModeStatus from SafeModeStatus{safeModeStatus=true, preCheckPassed=false} to SafeModeStatus{safeModeStatus=true, preCheckPassed=false}.
2022-12-08 07:05:59,580 [Listener at 0.0.0.0/43093] INFO  server.StorageContainerManager (StorageContainerManager.java:start(1419)) - StorageContainerLocationProtocol RPC server is listening at /0.0.0.0:43093
2022-12-08 07:05:59,754 [Listener at 0.0.0.0/43093] WARN  impl.MetricsConfig (MetricsConfig.java:loadFirst(136)) - Cannot locate configuration: tried hadoop-metrics2-storagecontainermanager.properties,hadoop-metrics2.properties
2022-12-08 07:05:59,770 [Listener at 0.0.0.0/43093] INFO  impl.MetricsSystemImpl (MetricsSystemImpl.java:startTimer(378)) - Scheduled Metric snapshot period at 10 second(s).
2022-12-08 07:05:59,770 [Listener at 0.0.0.0/43093] INFO  impl.MetricsSystemImpl (MetricsSystemImpl.java:start(191)) - StorageContainerManager metrics system started
2022-12-08 07:05:59,818 [ReplicationMonitor] INFO  replication.ReplicationManager (ReplicationManager.java:processAll(323)) - Replication Manager is not ready to run until 3000ms after safemode exit
2022-12-08 07:06:00,102 [Listener at 0.0.0.0/43093] INFO  server.SCMClientProtocolServer (SCMClientProtocolServer.java:start(170)) - RPC server for Client  is listening at /0.0.0.0:43093
2022-12-08 07:06:00,103 [IPC Server Responder] INFO  ipc.Server (Server.java:run(1512)) - IPC Server Responder: starting
2022-12-08 07:06:00,134 [Listener at 0.0.0.0/43093] INFO  server.StorageContainerManager (StorageContainerManager.java:start(1433)) - ScmBlockLocationProtocol RPC server is listening at /0.0.0.0:39625
2022-12-08 07:06:00,135 [Listener at 0.0.0.0/43093] INFO  server.SCMBlockProtocolServer (SCMBlockProtocolServer.java:start(152)) - RPC server for Block Protocol is listening at /0.0.0.0:39625
2022-12-08 07:06:00,138 [IPC Server Responder] INFO  ipc.Server (Server.java:run(1512)) - IPC Server Responder: starting
2022-12-08 07:06:00,144 [IPC Server listener on 0] INFO  ipc.Server (Server.java:run(1352)) - IPC Server listener on 0: starting
2022-12-08 07:06:00,166 [IPC Server listener on 0] INFO  ipc.Server (Server.java:run(1352)) - IPC Server listener on 0: starting
2022-12-08 07:06:00,180 [Listener at 0.0.0.0/43093] INFO  server.SCMDatanodeProtocolServer (SCMDatanodeProtocolServer.java:start(186)) - ScmDatanodeProtocol RPC server for DataNodes is listening at /0.0.0.0:38075
2022-12-08 07:06:00,182 [IPC Server Responder] INFO  ipc.Server (Server.java:run(1512)) - IPC Server Responder: starting
2022-12-08 07:06:00,183 [IPC Server listener on 0] INFO  ipc.Server (Server.java:run(1352)) - IPC Server listener on 0: starting
2022-12-08 07:06:00,219 [org.apache.hadoop.util.JvmPauseMonitor$Monitor@55a6e501] INFO  util.JvmPauseMonitor (JvmPauseMonitor.java:run(188)) - Starting JVM pause monitor
2022-12-08 07:06:00,236 [Listener at 0.0.0.0/43093] INFO  http.BaseHttpServer (BaseHttpServer.java:newHttpServer2BuilderForOzone(213)) - Starting Web-server for scm at: http://0.0.0.0:0
2022-12-08 07:06:00,237 [Listener at 0.0.0.0/43093] INFO  http.BaseHttpServer (BaseHttpServer.java:<init>(108)) - Hadoop Security Enabled: false Ozone Security Enabled: false Ozone HTTP Security Enabled: false 
2022-12-08 07:06:00,276 [Listener at 0.0.0.0/43093] INFO  util.log (Log.java:initialized(170)) - Logging initialized @5740ms to org.eclipse.jetty.util.log.Slf4jLog
2022-12-08 07:06:00,434 [Listener at 0.0.0.0/43093] WARN  server.AuthenticationFilter (AuthenticationFilter.java:constructSecretProvider(240)) - Unable to initialize FileSignerSecretProvider, falling back to use random secrets. Reason: Could not read signature secret file: /home/runner/hadoop-http-auth-signature-secret
2022-12-08 07:06:00,443 [Listener at 0.0.0.0/43093] WARN  http.HttpRequestLog (HttpRequestLog.java:getRequestLog(103)) - Jetty request log can only be enabled using Log4j
2022-12-08 07:06:00,451 [Listener at 0.0.0.0/43093] INFO  http.HttpServer2 (HttpServer2.java:addGlobalFilter(1031)) - Added global filter 'safety' (class=org.apache.hadoop.hdds.server.http.HttpServer2$QuotingInputFilter)
2022-12-08 07:06:00,453 [Listener at 0.0.0.0/43093] INFO  http.HttpServer2 (HttpServer2.java:addFilter(1007)) - Added filter static_user_filter (class=org.apache.hadoop.http.lib.StaticUserWebFilter$StaticUserFilter) to context scm
2022-12-08 07:06:00,454 [Listener at 0.0.0.0/43093] INFO  http.HttpServer2 (HttpServer2.java:addFilter(1015)) - Added filter static_user_filter (class=org.apache.hadoop.http.lib.StaticUserWebFilter$StaticUserFilter) to context static
2022-12-08 07:06:00,454 [Listener at 0.0.0.0/43093] INFO  http.HttpServer2 (HttpServer2.java:addFilter(1015)) - Added filter static_user_filter (class=org.apache.hadoop.http.lib.StaticUserWebFilter$StaticUserFilter) to context logs
2022-12-08 07:06:00,509 [Listener at 0.0.0.0/43093] INFO  http.HttpServer2 (HttpServer2.java:bindListener(1250)) - Jetty bound to port 42185
2022-12-08 07:06:00,511 [Listener at 0.0.0.0/43093] INFO  server.Server (Server.java:doStart(375)) - jetty-9.4.49.v20220914; built: 2022-09-14T01:07:36.601Z; git: 4231a3b2e4cb8548a412a789936d640a97b1aa0a; jvm 1.8.0_352-b08
2022-12-08 07:06:00,572 [Listener at 0.0.0.0/43093] INFO  server.session (DefaultSessionIdManager.java:doStart(334)) - DefaultSessionIdManager workerName=node0
2022-12-08 07:06:00,572 [Listener at 0.0.0.0/43093] INFO  server.session (DefaultSessionIdManager.java:doStart(339)) - No SessionScavenger set, using defaults
2022-12-08 07:06:00,576 [Listener at 0.0.0.0/43093] INFO  server.session (HouseKeeper.java:startScavenging(132)) - node0 Scavenging every 660000ms
2022-12-08 07:06:00,594 [Listener at 0.0.0.0/43093] INFO  handler.ContextHandler (ContextHandler.java:doStart(921)) - Started o.e.j.s.ServletContextHandler@54af6986{logs,/logs,file:///home/runner/work/ozone/ozone/hadoop-ozone/integration-test/target/log,AVAILABLE}
2022-12-08 07:06:00,595 [Listener at 0.0.0.0/43093] INFO  handler.ContextHandler (ContextHandler.java:doStart(921)) - Started o.e.j.s.ServletContextHandler@726541c2{static,/static,file:///home/runner/work/ozone/ozone/hadoop-ozone/integration-test/target/test-classes/webapps/static,AVAILABLE}
2022-12-08 07:06:00,657 [Listener at 0.0.0.0/43093] INFO  handler.ContextHandler (ContextHandler.java:doStart(921)) - Started o.e.j.w.WebAppContext@445667af{scm,/,file:///home/runner/work/ozone/ozone/hadoop-ozone/integration-test/target/test-classes/webapps/scm/,AVAILABLE}{file:/home/runner/work/ozone/ozone/hadoop-ozone/integration-test/target/test-classes/webapps/scm}
2022-12-08 07:06:00,670 [Listener at 0.0.0.0/43093] INFO  server.AbstractConnector (AbstractConnector.java:doStart(333)) - Started ServerConnector@6d537aef{HTTP/1.1, (http/1.1)}{0.0.0.0:42185}
2022-12-08 07:06:00,670 [Listener at 0.0.0.0/43093] INFO  server.Server (Server.java:doStart(415)) - Started @6134ms
2022-12-08 07:06:00,674 [Listener at 0.0.0.0/43093] INFO  impl.MetricsSinkAdapter (MetricsSinkAdapter.java:start(204)) - Sink prometheus started
2022-12-08 07:06:00,674 [Listener at 0.0.0.0/43093] INFO  impl.MetricsSystemImpl (MetricsSystemImpl.java:registerSink(305)) - Registered sink prometheus
2022-12-08 07:06:00,675 [Listener at 0.0.0.0/43093] INFO  http.BaseHttpServer (BaseHttpServer.java:updateConnectorAddress(333)) - HTTP server of scm listening at http://0.0.0.0:42185
2022-12-08 07:06:00,677 [Listener at 0.0.0.0/43093] WARN  server.ServerUtils (ServerUtils.java:getDBPath(225)) - ozone.om.db.dirs is not configured. We recommend adding this setting. Falling back to ozone.metadata.dirs instead.
2022-12-08 07:06:00,766 [Listener at 0.0.0.0/43093] INFO  audit.AuditLogger (AuditLogger.java:refreshDebugCmdSet(126)) - Refresh DebugCmdSet for OMAudit to [].
2022-12-08 07:06:00,820 [ReplicationMonitor] INFO  replication.ReplicationManager (ReplicationManager.java:processAll(323)) - Replication Manager is not ready to run until 3000ms after safemode exit
2022-12-08 07:06:00,917 [Listener at 0.0.0.0/43093] INFO  ha.OMHANodeDetails (OMHANodeDetails.java:loadOMHAConfig(115)) - ozone.om.internal.service.id is not defined, falling back to ozone.om.service.ids to find serviceID for OzoneManager if it is HA enabled cluster
2022-12-08 07:06:00,921 [Listener at 0.0.0.0/43093] INFO  ha.OMHANodeDetails (OMHANodeDetails.java:loadOMHAConfig(226)) - Configuration does not have ozone.om.address set. Falling back to the default OM address /127.0.0.1:0
2022-12-08 07:06:00,921 [Listener at 0.0.0.0/43093] INFO  ha.OMHANodeDetails (OMHANodeDetails.java:getOMNodeDetailsForNonHA(254)) - OM Service ID is not set. Setting it to the default ID: omServiceIdDefault
2022-12-08 07:06:00,921 [Listener at 0.0.0.0/43093] INFO  ha.OMHANodeDetails (OMHANodeDetails.java:getOMNodeDetailsForNonHA(261)) - OM Node ID is not set. Setting it to the default ID: om1
2022-12-08 07:06:00,926 [Listener at 0.0.0.0/43093] WARN  server.ServerUtils (ServerUtils.java:getDBPath(225)) - ozone.om.db.dirs is not configured. We recommend adding this setting. Falling back to ozone.metadata.dirs instead.
2022-12-08 07:06:00,928 [Listener at 0.0.0.0/43093] INFO  upgrade.AbstractLayoutVersionManager (AbstractLayoutVersionManager.java:init(83)) - Initializing Layout version manager with metadata layout = MULTITENANCY_SCHEMA (version = 3), software layout = MULTITENANCY_SCHEMA (version = 3)
2022-12-08 07:06:01,040 [Listener at 0.0.0.0/43093] INFO  reflections.Reflections (Reflections.java:scan(232)) - Reflections took 105 ms to scan 2 urls, producing 154 keys and 429 values [using 2 cores]
2022-12-08 07:06:01,050 [Listener at 0.0.0.0/43093] INFO  upgrade.OMLayoutVersionManager (OMLayoutVersionManager.java:lambda$0(115)) - Skipping Upgrade Action MockOmUpgradeAction since it has been finalized.
2022-12-08 07:06:01,051 [Listener at 0.0.0.0/43093] WARN  server.ServerUtils (ServerUtils.java:getDBPath(225)) - ozone.om.db.dirs is not configured. We recommend adding this setting. Falling back to ozone.metadata.dirs instead.
2022-12-08 07:06:01,286 [Listener at 0.0.0.0/43093] INFO  proxy.SCMBlockLocationFailoverProxyProvider (SCMBlockLocationFailoverProxyProvider.java:<init>(114)) - Created block location fail-over proxy with 1 nodes: [nodeId=scmNodeId,nodeAddress=/0.0.0.0:39625]
2022-12-08 07:06:01,348 [Listener at 0.0.0.0/43093] INFO  proxy.SCMBlockLocationFailoverProxyProvider (SCMBlockLocationFailoverProxyProvider.java:<init>(114)) - Created block location fail-over proxy with 1 nodes: [nodeId=scmNodeId,nodeAddress=/0.0.0.0:39625]
2022-12-08 07:06:01,677 [Listener at 0.0.0.0/43093] WARN  server.ServerUtils (ServerUtils.java:getDBPath(225)) - ozone.om.db.dirs is not configured. We recommend adding this setting. Falling back to ozone.metadata.dirs instead.
2022-12-08 07:06:01,685 [Listener at 0.0.0.0/43093] INFO  codec.OmKeyInfoCodec (OmKeyInfoCodec.java:<init>(49)) - OmKeyInfoCodec ignorePipeline = true
2022-12-08 07:06:01,686 [Listener at 0.0.0.0/43093] INFO  codec.RepeatedOmKeyInfoCodec (RepeatedOmKeyInfoCodec.java:<init>(41)) - RepeatedOmKeyInfoCodec ignorePipeline = true
2022-12-08 07:06:01,821 [ReplicationMonitor] INFO  replication.ReplicationManager (ReplicationManager.java:processAll(323)) - Replication Manager is not ready to run until 3000ms after safemode exit
2022-12-08 07:06:01,982 [Listener at 0.0.0.0/43093] INFO  om.OzoneManager (OzoneManager.java:instantiateServices(715)) - S3 Multi-Tenancy is disabled
2022-12-08 07:06:02,132 [Listener at 0.0.0.0/43093] INFO  om.OzoneManager (OzoneManager.java:addS3GVolumeToDB(4400)) - Created Volume s3v With Owner runner required for S3Gateway operations.
2022-12-08 07:06:02,209 [Listener at 0.0.0.0/43093] WARN  server.ServerUtils (ServerUtils.java:getDefaultRatisDirectory(237)) - Storage directory for Ratis is not configured. It is a good idea to map this to an SSD disk. Falling back to ozone.metadata.dirs
2022-12-08 07:06:02,210 [Listener at 0.0.0.0/43093] WARN  utils.OzoneManagerRatisUtils (OzoneManagerRatisUtils.java:getOMRatisSnapshotDirectory(434)) - ozone.om.ratis.snapshot.dir is not configured. Falling back to ozone.metadata.dirs config
2022-12-08 07:06:02,239 [Listener at 0.0.0.0/43093] WARN  server.ServerUtils (ServerUtils.java:getDefaultRatisDirectory(237)) - Storage directory for Ratis is not configured. It is a good idea to map this to an SSD disk. Falling back to ozone.metadata.dirs
2022-12-08 07:06:02,295 [Listener at 0.0.0.0/43093] INFO  ratis.OzoneManagerRatisServer (OzoneManagerRatisServer.java:<init>(160)) - Instantiating OM Ratis server with groupID: omServiceIdDefault and peers: localhost:32971
2022-12-08 07:06:02,307 [Listener at 0.0.0.0/43093] INFO  ratis.OzoneManagerStateMachine (OzoneManagerStateMachine.java:loadSnapshotInfoFromDB(636)) - LastAppliedIndex is set from TransactionInfo from OM DB as (t:0, i:~)
2022-12-08 07:06:02,394 [Listener at 0.0.0.0/43093] INFO  server.RaftServer (ConfUtils.java:logGet(46)) - raft.rpc.type = GRPC (default)
2022-12-08 07:06:02,525 [Listener at 0.0.0.0/43093] INFO  grpc.GrpcConfigKeys (ConfUtils.java:logFallback(53)) - raft.grpc.admin.host = null (fallback to raft.grpc.server.host)
2022-12-08 07:06:02,528 [Listener at 0.0.0.0/43093] INFO  grpc.GrpcConfigKeys (ConfUtils.java:logFallback(53)) - raft.grpc.admin.port = 32971 (fallback to raft.grpc.server.port)
2022-12-08 07:06:02,529 [Listener at 0.0.0.0/43093] INFO  grpc.GrpcConfigKeys (ConfUtils.java:logFallback(53)) - raft.grpc.client.host = null (fallback to raft.grpc.server.host)
2022-12-08 07:06:02,532 [Listener at 0.0.0.0/43093] INFO  grpc.GrpcConfigKeys (ConfUtils.java:logFallback(53)) - raft.grpc.client.port = 32971 (fallback to raft.grpc.server.port)
2022-12-08 07:06:02,533 [Listener at 0.0.0.0/43093] INFO  grpc.GrpcConfigKeys (ConfUtils.java:logGet(46)) - raft.grpc.server.host = null (default)
2022-12-08 07:06:02,533 [Listener at 0.0.0.0/43093] INFO  grpc.GrpcConfigKeys (ConfUtils.java:logGet(46)) - raft.grpc.server.port = 32971 (custom)
2022-12-08 07:06:02,536 [Listener at 0.0.0.0/43093] INFO  server.GrpcService (ConfUtils.java:logGet(46)) - raft.grpc.message.size.max = 33554432 (custom)
2022-12-08 07:06:02,540 [Listener at 0.0.0.0/43093] INFO  server.RaftServerConfigKeys (ConfUtils.java:logGet(46)) - raft.server.log.appender.buffer.byte-limit = 33554432 (custom)
2022-12-08 07:06:02,541 [Listener at 0.0.0.0/43093] INFO  server.GrpcService (ConfUtils.java:logGet(46)) - raft.grpc.flow.control.window = 1MB (=1048576) (default)
2022-12-08 07:06:02,541 [Listener at 0.0.0.0/43093] INFO  server.RaftServerConfigKeys (ConfUtils.java:logGet(46)) - raft.server.rpc.request.timeout = 3000ms (default)
2022-12-08 07:06:02,564 [Listener at 0.0.0.0/43093] INFO  grpc.GrpcConfigKeys (ConfUtils.java:logGet(46)) - raft.grpc.server.heartbeat.channel = true (default)
2022-12-08 07:06:02,568 [Listener at 0.0.0.0/43093] INFO  grpc.GrpcConfigKeys (ConfUtils.java:logGet(46)) - raft.grpc.server.async.request.thread.pool.cached = true (default)
2022-12-08 07:06:02,569 [Listener at 0.0.0.0/43093] INFO  grpc.GrpcConfigKeys (ConfUtils.java:logGet(46)) - raft.grpc.server.async.request.thread.pool.size = 32 (default)
2022-12-08 07:06:02,821 [ReplicationMonitor] INFO  replication.ReplicationManager (ReplicationManager.java:processAll(323)) - Replication Manager is not ready to run until 3000ms after safemode exit
2022-12-08 07:06:03,014 [Listener at 0.0.0.0/43093] INFO  impl.DataStreamServerImpl (ConfUtils.java:logGet(46)) - raft.datastream.type = DISABLED (default)
2022-12-08 07:06:03,018 [Listener at 0.0.0.0/43093] INFO  server.RaftServerConfigKeys (ConfUtils.java:logGet(46)) - raft.server.threadpool.proxy.cached = true (default)
2022-12-08 07:06:03,019 [Listener at 0.0.0.0/43093] INFO  server.RaftServerConfigKeys (ConfUtils.java:logGet(46)) - raft.server.threadpool.proxy.size = 0 (default)
2022-12-08 07:06:03,019 [Listener at 0.0.0.0/43093] INFO  server.RaftServerConfigKeys (ConfUtils.java:logGet(46)) - raft.server.rpc.slowness.timeout = 120s (custom)
2022-12-08 07:06:03,020 [Listener at 0.0.0.0/43093] INFO  server.RaftServerConfigKeys (ConfUtils.java:logGet(46)) - raft.server.leaderelection.leader.step-down.wait-time = 10s (default)
2022-12-08 07:06:03,024 [Listener at 0.0.0.0/43093] INFO  server.RaftServerConfigKeys (ConfUtils.java:logGet(46)) - raft.server.storage.dir = [/home/runner/work/ozone/ozone/hadoop-ozone/integration-test/target/test-dir/MiniOzoneClusterImpl-3253a570-fb02-4895-b12a-309bd2ff2d50/ozone-meta/ratis] (custom)
2022-12-08 07:06:03,035 [Listener at 0.0.0.0/43093] INFO  server.RaftServer (RaftServerProxy.java:addNew(96)) - om1: addNew group-C5BA1605619E:[om1|rpc:localhost:32971|priority:0|startupRole:FOLLOWER] returns group-C5BA1605619E:java.util.concurrent.CompletableFuture@1a4dab1a[Not completed]
2022-12-08 07:06:03,035 [Listener at 0.0.0.0/43093] INFO  om.OzoneManager (OzoneManager.java:initializeRatisServer(1977)) - OzoneManager Ratis server initialized at port 32971
2022-12-08 07:06:03,072 [Listener at 0.0.0.0/43093] INFO  om.OzoneManager (OzoneManager.java:getRpcServer(1104)) - Creating RPC Server
2022-12-08 07:06:03,092 [pool-54-thread-1] INFO  server.RaftServer$Division (RaftServerImpl.java:<init>(195)) - om1: new RaftServerImpl for group-C5BA1605619E:[om1|rpc:localhost:32971|priority:0|startupRole:FOLLOWER] with OzoneManagerStateMachine:uninitialized
2022-12-08 07:06:03,095 [pool-54-thread-1] INFO  server.RaftServerConfigKeys (ConfUtils.java:logGet(46)) - raft.server.rpc.timeout.min = 1s (custom)
2022-12-08 07:06:03,096 [pool-54-thread-1] INFO  server.RaftServerConfigKeys (ConfUtils.java:logGet(46)) - raft.server.rpc.timeout.max = 1200ms (custom)
2022-12-08 07:06:03,096 [pool-54-thread-1] INFO  server.RaftServerConfigKeys (ConfUtils.java:logGet(46)) - raft.server.rpc.sleep.time = 25ms (default)
2022-12-08 07:06:03,096 [pool-54-thread-1] INFO  server.RaftServerConfigKeys (ConfUtils.java:logGet(46)) - raft.server.rpc.slowness.timeout = 120s (custom)
2022-12-08 07:06:03,096 [pool-54-thread-1] INFO  server.RaftServerConfigKeys (ConfUtils.java:logGet(46)) - raft.server.leaderelection.leader.step-down.wait-time = 10s (default)
2022-12-08 07:06:03,096 [pool-54-thread-1] INFO  server.RaftServerConfigKeys (ConfUtils.java:logGet(46)) - raft.server.sleep.deviation.threshold = 300ms (default)
2022-12-08 07:06:03,136 [pool-54-thread-1] INFO  server.RaftServer$Division (ServerState.java:<init>(118)) - om1@group-C5BA1605619E: ConfigurationManager, init=-1: peers:[om1|rpc:localhost:32971|priority:0|startupRole:FOLLOWER]|listeners:[], old=null, confs=<EMPTY_MAP>
2022-12-08 07:06:03,136 [pool-54-thread-1] INFO  server.RaftServerConfigKeys (ConfUtils.java:logGet(46)) - raft.server.storage.dir = [/home/runner/work/ozone/ozone/hadoop-ozone/integration-test/target/test-dir/MiniOzoneClusterImpl-3253a570-fb02-4895-b12a-309bd2ff2d50/ozone-meta/ratis] (custom)
2022-12-08 07:06:03,160 [pool-54-thread-1] INFO  server.RaftServerConfigKeys (ConfUtils.java:logGet(46)) - raft.server.log.corruption.policy = EXCEPTION (default)
2022-12-08 07:06:03,160 [pool-54-thread-1] INFO  server.RaftServerConfigKeys (ConfUtils.java:logGet(46)) - raft.server.storage.free-space.min = 0MB (=0) (default)
2022-12-08 07:06:03,182 [pool-54-thread-1] INFO  server.RaftServerConfigKeys (ConfUtils.java:logGet(46)) - raft.server.notification.no-leader.timeout = 120s (custom)
2022-12-08 07:06:03,187 [pool-54-thread-1] INFO  server.RaftServerConfigKeys (ConfUtils.java:logGet(46)) - raft.server.retrycache.expirytime = 300s (custom)
2022-12-08 07:06:03,187 [pool-54-thread-1] INFO  server.RaftServerConfigKeys (ConfUtils.java:logGet(46)) - raft.server.retrycache.statistics.expirytime = 100μs (default)
2022-12-08 07:06:03,484 [pool-54-thread-1] INFO  server.RaftServerConfigKeys (ConfUtils.java:logGet(46)) - raft.server.log.appender.install.snapshot.enabled = false (custom)
2022-12-08 07:06:03,493 [pool-54-thread-1] INFO  server.RaftServerConfigKeys (ConfUtils.java:logGet(46)) - raft.server.threadpool.server.cached = true (default)
2022-12-08 07:06:03,493 [pool-54-thread-1] INFO  server.RaftServerConfigKeys (ConfUtils.java:logGet(46)) - raft.server.threadpool.server.size = 0 (default)
2022-12-08 07:06:03,494 [pool-54-thread-1] INFO  server.RaftServerConfigKeys (ConfUtils.java:logGet(46)) - raft.server.threadpool.client.cached = true (default)
2022-12-08 07:06:03,494 [pool-54-thread-1] INFO  server.RaftServerConfigKeys (ConfUtils.java:logGet(46)) - raft.server.threadpool.client.size = 0 (default)
2022-12-08 07:06:04,017 [ReplicationMonitor] INFO  replication.ReplicationManager (ReplicationManager.java:processAll(323)) - Replication Manager is not ready to run until 3000ms after safemode exit
2022-12-08 07:06:04,114 [Listener at 0.0.0.0/43093] INFO  reflections.Reflections (Reflections.java:scan(232)) - Reflections took 938 ms to scan 19 urls, producing 67 keys and 4402 values [using 2 cores]
2022-12-08 07:06:04,312 [Listener at 0.0.0.0/43093] INFO  ipc.CallQueueManager (CallQueueManager.java:<init>(90)) - Using callQueue: class java.util.concurrent.LinkedBlockingQueue, queueCapacity: 2000, scheduler: class org.apache.hadoop.ipc.DefaultRpcScheduler, ipcBackoff: false.
2022-12-08 07:06:04,313 [Socket Reader #1 for port 0] INFO  ipc.Server (Server.java:run(1273)) - Starting Socket Reader #1 for port 0
2022-12-08 07:06:04,350 [Listener at 127.0.0.1/32903] INFO  impl.MetricsSystemImpl (MetricsSystemImpl.java:init(158)) - OzoneManager metrics system started (again)
2022-12-08 07:06:04,372 [Listener at 127.0.0.1/32903] INFO  om.OzoneManager (OzoneManager.java:start(1484)) - OzoneManager RPC server is listening at localhost/127.0.0.1:32903
2022-12-08 07:06:04,372 [Listener at 127.0.0.1/32903] INFO  ratis.OzoneManagerRatisServer (OzoneManagerRatisServer.java:start(555)) - Starting OzoneManagerRatisServer om1 at port 32971
2022-12-08 07:06:04,375 [om1-impl-thread1] INFO  storage.RaftStorageDirectory (RaftStorageDirectoryImpl.java:analyzeStorage(137)) - The storage directory /home/runner/work/ozone/ozone/hadoop-ozone/integration-test/target/test-dir/MiniOzoneClusterImpl-3253a570-fb02-4895-b12a-309bd2ff2d50/ozone-meta/ratis/bf265839-605b-3f16-9796-c5ba1605619e does not exist. Creating ...
2022-12-08 07:06:04,381 [om1-impl-thread1] INFO  storage.RaftStorageDirectory (RaftStorageDirectoryImpl.java:tryLock(231)) - Lock on /home/runner/work/ozone/ozone/hadoop-ozone/integration-test/target/test-dir/MiniOzoneClusterImpl-3253a570-fb02-4895-b12a-309bd2ff2d50/ozone-meta/ratis/bf265839-605b-3f16-9796-c5ba1605619e/in_use.lock acquired by nodename 50697@fv-az165-805
2022-12-08 07:06:04,390 [om1-impl-thread1] INFO  storage.RaftStorage (RaftStorageImpl.java:format(96)) - Storage directory /home/runner/work/ozone/ozone/hadoop-ozone/integration-test/target/test-dir/MiniOzoneClusterImpl-3253a570-fb02-4895-b12a-309bd2ff2d50/ozone-meta/ratis/bf265839-605b-3f16-9796-c5ba1605619e has been successfully formatted.
2022-12-08 07:06:04,395 [om1-impl-thread1] INFO  server.RaftServerConfigKeys (ConfUtils.java:logGet(46)) - raft.server.log.use.memory = false (default)
2022-12-08 07:06:04,410 [om1-impl-thread1] INFO  server.RaftServerConfigKeys (ConfUtils.java:logGet(46)) - raft.server.log.purge.gap = 1000000 (custom)
2022-12-08 07:06:04,411 [om1-impl-thread1] INFO  server.RaftServerConfigKeys (ConfUtils.java:logGet(46)) - raft.server.log.appender.buffer.byte-limit = 33554432 (custom)
2022-12-08 07:06:04,414 [om1-impl-thread1] INFO  server.RaftServerConfigKeys (ConfUtils.java:logGet(46)) - raft.server.log.statemachine.data.read.timeout = 1000ms (default)
2022-12-08 07:06:04,415 [om1-impl-thread1] INFO  server.RaftServerConfigKeys (ConfUtils.java:logGet(46)) - raft.server.log.purge.preservation.log.num = 0 (default)
2022-12-08 07:06:04,418 [om1-impl-thread1] INFO  server.RaftServerConfigKeys (ConfUtils.java:logGet(46)) - raft.server.log.segment.size.max = 4194304 (custom)
2022-12-08 07:06:04,426 [om1-impl-thread1] INFO  server.RaftServerConfigKeys (ConfUtils.java:logGet(46)) - raft.server.log.segment.cache.num.max = 2 (custom)
2022-12-08 07:06:04,426 [om1-impl-thread1] INFO  server.RaftServerConfigKeys (ConfUtils.java:logGet(46)) - raft.server.log.segment.cache.size.max = 200MB (=209715200) (default)
2022-12-08 07:06:04,434 [om1-impl-thread1] INFO  segmented.SegmentedRaftLogWorker (SegmentedRaftLogWorker.java:<init>(189)) - new om1@group-C5BA1605619E-SegmentedRaftLogWorker for RaftStorageImpl:Storage Directory /home/runner/work/ozone/ozone/hadoop-ozone/integration-test/target/test-dir/MiniOzoneClusterImpl-3253a570-fb02-4895-b12a-309bd2ff2d50/ozone-meta/ratis/bf265839-605b-3f16-9796-c5ba1605619e
2022-12-08 07:06:04,435 [om1-impl-thread1] INFO  server.RaftServerConfigKeys (ConfUtils.java:logGet(46)) - raft.server.log.queue.byte-limit = 64MB (=67108864) (default)
2022-12-08 07:06:04,435 [om1-impl-thread1] INFO  server.RaftServerConfigKeys (ConfUtils.java:logGet(46)) - raft.server.log.queue.element-limit = 4096 (default)
2022-12-08 07:06:04,437 [om1-impl-thread1] INFO  server.RaftServerConfigKeys (ConfUtils.java:logGet(46)) - raft.server.log.segment.size.max = 4194304 (custom)
2022-12-08 07:06:04,437 [om1-impl-thread1] INFO  server.RaftServerConfigKeys (ConfUtils.java:logGet(46)) - raft.server.log.preallocated.size = 4194304 (custom)
2022-12-08 07:06:04,438 [om1-impl-thread1] INFO  server.RaftServerConfigKeys (ConfUtils.java:logGet(46)) - raft.server.log.force.sync.num = 128 (default)
2022-12-08 07:06:04,439 [om1-impl-thread1] INFO  server.RaftServerConfigKeys (ConfUtils.java:logGet(46)) - raft.server.log.statemachine.data.sync = true (default)
2022-12-08 07:06:04,439 [om1-impl-thread1] INFO  server.RaftServerConfigKeys (ConfUtils.java:logGet(46)) - raft.server.log.statemachine.data.sync.timeout = 10s (default)
2022-12-08 07:06:04,439 [om1-impl-thread1] INFO  server.RaftServerConfigKeys (ConfUtils.java:logGet(46)) - raft.server.log.statemachine.data.sync.timeout.retry = -1 (default)
2022-12-08 07:06:04,451 [om1-impl-thread1] INFO  server.RaftServerConfigKeys (ConfUtils.java:logGet(46)) - raft.server.log.write.buffer.size = 64KB (=65536) (default)
2022-12-08 07:06:04,451 [om1-impl-thread1] INFO  server.RaftServerConfigKeys (ConfUtils.java:logGet(46)) - raft.server.log.appender.buffer.byte-limit = 33554432 (custom)
2022-12-08 07:06:04,459 [om1-impl-thread1] INFO  server.RaftServerConfigKeys (ConfUtils.java:logGet(46)) - raft.server.log.unsafe-flush.enabled = false (default)
2022-12-08 07:06:04,460 [om1-impl-thread1] INFO  server.RaftServerConfigKeys (ConfUtils.java:logGet(46)) - raft.server.log.async-flush.enabled = false (default)
2022-12-08 07:06:04,461 [om1-impl-thread1] INFO  server.RaftServerConfigKeys (ConfUtils.java:logGet(46)) - raft.server.log.statemachine.data.caching.enabled = false (default)
2022-12-08 07:06:04,470 [om1-impl-thread1] INFO  segmented.SegmentedRaftLogWorker (SegmentedRaftLogWorker.java:lambda$new$0(135)) - om1@group-C5BA1605619E-SegmentedRaftLogWorker: flushIndex: setUnconditionally 0 -> -1
2022-12-08 07:06:04,471 [om1-impl-thread1] INFO  segmented.SegmentedRaftLogWorker (SegmentedRaftLogWorker.java:lambda$new$0(135)) - om1@group-C5BA1605619E-SegmentedRaftLogWorker: safeCacheEvictIndex: setUnconditionally 0 -> -1
2022-12-08 07:06:04,473 [om1-impl-thread1] INFO  server.RaftServer$Division (RaftServerImpl.java:start(334)) - om1@group-C5BA1605619E: start as a follower, conf=-1: peers:[om1|rpc:localhost:32971|priority:0|startupRole:FOLLOWER]|listeners:[], old=null
2022-12-08 07:06:04,474 [om1-impl-thread1] INFO  server.RaftServer$Division (RaftServerImpl.java:setRole(321)) - om1@group-C5BA1605619E: changes role from      null to FOLLOWER at term 0 for startAsFollower
2022-12-08 07:06:04,477 [om1-impl-thread1] INFO  impl.RoleInfo (RoleInfo.java:updateAndGet(139)) - om1: start om1@group-C5BA1605619E-FollowerState
2022-12-08 07:06:04,479 [om1-impl-thread1] INFO  util.JmxRegister (JmxRegister.java:tryRegister(44)) - Successfully registered JMX Bean with object name Ratis:service=RaftServer,group=group-C5BA1605619E,id=om1
2022-12-08 07:06:04,485 [om1-impl-thread1] INFO  server.RaftServerConfigKeys (ConfUtils.java:logGet(46)) - raft.server.snapshot.auto.trigger.enabled = true (custom)
2022-12-08 07:06:04,485 [om1-impl-thread1] INFO  server.RaftServerConfigKeys (ConfUtils.java:logGet(46)) - raft.server.snapshot.auto.trigger.threshold = 400000 (default)
2022-12-08 07:06:04,486 [om1-impl-thread1] INFO  server.RaftServerConfigKeys (ConfUtils.java:logGet(46)) - raft.server.snapshot.retention.file.num = -1 (default)
2022-12-08 07:06:04,486 [om1@group-C5BA1605619E-FollowerState] INFO  server.RaftServerConfigKeys (ConfUtils.java:logFallback(53)) - raft.server.rpc.first-election.timeout.min = 1s (fallback to raft.server.rpc.timeout.min)
2022-12-08 07:06:04,487 [om1@group-C5BA1605619E-FollowerState] INFO  server.RaftServerConfigKeys (ConfUtils.java:logFallback(53)) - raft.server.rpc.first-election.timeout.max = 1200ms (fallback to raft.server.rpc.timeout.max)
2022-12-08 07:06:04,487 [om1-impl-thread1] INFO  server.RaftServerConfigKeys (ConfUtils.java:logGet(46)) - raft.server.log.purge.upto.snapshot.index = true (custom)
2022-12-08 07:06:04,491 [Listener at 127.0.0.1/32903] INFO  server.RaftServer (RaftServerProxy.java:startImpl(393)) - om1: start RPC server
2022-12-08 07:06:04,586 [Listener at 127.0.0.1/32903] INFO  server.GrpcService (GrpcService.java:startImpl(262)) - om1: GrpcService started, listening on 32971
2022-12-08 07:06:04,589 [Listener at 127.0.0.1/32903] INFO  om.OzoneManager (OzoneManager.java:start(1500)) - Version File has different layout version (3) than OM DB (null). That is expected if this OM has never been finalized to a newer layout version.
2022-12-08 07:06:04,590 [JvmPauseMonitor0] INFO  util.JvmPauseMonitor (JvmPauseMonitor.java:run(105)) - JvmPauseMonitor-om1: Started
2022-12-08 07:06:04,616 [Listener at 127.0.0.1/32903] INFO  http.BaseHttpServer (BaseHttpServer.java:newHttpServer2BuilderForOzone(213)) - Starting Web-server for ozoneManager at: http://0.0.0.0:0
2022-12-08 07:06:04,617 [Listener at 127.0.0.1/32903] INFO  http.BaseHttpServer (BaseHttpServer.java:<init>(108)) - Hadoop Security Enabled: false Ozone Security Enabled: false Ozone HTTP Security Enabled: false 
2022-12-08 07:06:04,619 [Listener at 127.0.0.1/32903] WARN  server.AuthenticationFilter (AuthenticationFilter.java:constructSecretProvider(240)) - Unable to initialize FileSignerSecretProvider, falling back to use random secrets. Reason: Could not read signature secret file: /home/runner/hadoop-http-auth-signature-secret
2022-12-08 07:06:04,624 [Listener at 127.0.0.1/32903] WARN  http.HttpRequestLog (HttpRequestLog.java:getRequestLog(103)) - Jetty request log can only be enabled using Log4j
2022-12-08 07:06:04,626 [Listener at 127.0.0.1/32903] INFO  http.HttpServer2 (HttpServer2.java:addGlobalFilter(1031)) - Added global filter 'safety' (class=org.apache.hadoop.hdds.server.http.HttpServer2$QuotingInputFilter)
2022-12-08 07:06:04,629 [Listener at 127.0.0.1/32903] INFO  http.HttpServer2 (HttpServer2.java:addFilter(1007)) - Added filter static_user_filter (class=org.apache.hadoop.http.lib.StaticUserWebFilter$StaticUserFilter) to context ozoneManager
2022-12-08 07:06:04,629 [Listener at 127.0.0.1/32903] INFO  http.HttpServer2 (HttpServer2.java:addFilter(1015)) - Added filter static_user_filter (class=org.apache.hadoop.http.lib.StaticUserWebFilter$StaticUserFilter) to context logs
2022-12-08 07:06:04,630 [Listener at 127.0.0.1/32903] INFO  http.HttpServer2 (HttpServer2.java:addFilter(1015)) - Added filter static_user_filter (class=org.apache.hadoop.http.lib.StaticUserWebFilter$StaticUserFilter) to context static
2022-12-08 07:06:04,633 [Listener at 127.0.0.1/32903] INFO  http.HttpServer2 (HttpServer2.java:bindListener(1250)) - Jetty bound to port 41885
2022-12-08 07:06:04,633 [Listener at 127.0.0.1/32903] INFO  server.Server (Server.java:doStart(375)) - jetty-9.4.49.v20220914; built: 2022-09-14T01:07:36.601Z; git: 4231a3b2e4cb8548a412a789936d640a97b1aa0a; jvm 1.8.0_352-b08
2022-12-08 07:06:04,646 [Listener at 127.0.0.1/32903] INFO  server.session (DefaultSessionIdManager.java:doStart(334)) - DefaultSessionIdManager workerName=node0
2022-12-08 07:06:04,646 [Listener at 127.0.0.1/32903] INFO  server.session (DefaultSessionIdManager.java:doStart(339)) - No SessionScavenger set, using defaults
2022-12-08 07:06:04,647 [Listener at 127.0.0.1/32903] INFO  server.session (HouseKeeper.java:startScavenging(132)) - node0 Scavenging every 660000ms
2022-12-08 07:06:04,648 [Listener at 127.0.0.1/32903] INFO  handler.ContextHandler (ContextHandler.java:doStart(921)) - Started o.e.j.s.ServletContextHandler@11c0c6cb{logs,/logs,file:///home/runner/work/ozone/ozone/hadoop-ozone/integration-test/target/log,AVAILABLE}
2022-12-08 07:06:04,648 [Listener at 127.0.0.1/32903] INFO  handler.ContextHandler (ContextHandler.java:doStart(921)) - Started o.e.j.s.ServletContextHandler@7a4cc791{static,/static,file:///home/runner/work/ozone/ozone/hadoop-ozone/integration-test/target/test-classes/webapps/static,AVAILABLE}
2022-12-08 07:06:04,653 [Listener at 127.0.0.1/32903] INFO  handler.ContextHandler (ContextHandler.java:doStart(921)) - Started o.e.j.w.WebAppContext@7c9ae2ac{ozoneManager,/,file:///home/runner/work/ozone/ozone/hadoop-ozone/integration-test/target/test-classes/webapps/ozoneManager/,AVAILABLE}{file:/home/runner/work/ozone/ozone/hadoop-ozone/integration-test/target/test-classes/webapps/ozoneManager}
2022-12-08 07:06:04,655 [Listener at 127.0.0.1/32903] INFO  server.AbstractConnector (AbstractConnector.java:doStart(333)) - Started ServerConnector@28e82c86{HTTP/1.1, (http/1.1)}{0.0.0.0:41885}
2022-12-08 07:06:04,656 [Listener at 127.0.0.1/32903] INFO  server.Server (Server.java:doStart(415)) - Started @10119ms
2022-12-08 07:06:04,656 [Listener at 127.0.0.1/32903] WARN  impl.MetricsSystemImpl (MetricsSystemImpl.java:register(279)) - Sink prometheus already exists!
2022-12-08 07:06:04,656 [Listener at 127.0.0.1/32903] INFO  http.BaseHttpServer (BaseHttpServer.java:updateConnectorAddress(333)) - HTTP server of ozoneManager listening at http://0.0.0.0:41885
2022-12-08 07:06:04,657 [IPC Server Responder] INFO  ipc.Server (Server.java:run(1512)) - IPC Server Responder: starting
2022-12-08 07:06:04,657 [IPC Server listener on 0] INFO  ipc.Server (Server.java:run(1352)) - IPC Server listener on 0: starting
2022-12-08 07:06:04,670 [Listener at 127.0.0.1/32903] INFO  om.OzoneManager (OzoneManager.java:startTrashEmptier(1921)) - Trash Interval set to 0. Files deleted won't move to trash
2022-12-08 07:06:04,678 [org.apache.hadoop.util.JvmPauseMonitor$Monitor@6c6e9ea1] INFO  util.JvmPauseMonitor (JvmPauseMonitor.java:run(188)) - Starting JVM pause monitor
2022-12-08 07:06:04,905 [Listener at 127.0.0.1/32903] WARN  impl.MetricRegistriesImpl (MetricRegistriesImpl.java:addReporterRegistration(111)) - New reporters are added after registries were created. Some metrics will be missing from the reporter. Please add reporter before adding any new registry.
2022-12-08 07:06:04,905 [Listener at 127.0.0.1/32903] WARN  impl.MetricRegistriesImpl (MetricRegistriesImpl.java:addReporterRegistration(111)) - New reporters are added after registries were created. Some metrics will be missing from the reporter. Please add reporter before adding any new registry.
2022-12-08 07:06:04,905 [Listener at 127.0.0.1/32903] INFO  impl.MetricsSystemImpl (MetricsSystemImpl.java:init(158)) - HddsDatanode metrics system started (again)
2022-12-08 07:06:04,931 [Listener at 127.0.0.1/32903] INFO  ozone.HddsDatanodeService (HddsDatanodeService.java:start(236)) - HddsDatanodeService host:fv-az165-805.wtg55dazuvhetdvd2gpth4ys5d.dx.internal.cloudapp.net ip:10.1.0.14
2022-12-08 07:06:04,988 [Listener at 127.0.0.1/32903] INFO  upgrade.AbstractLayoutVersionManager (AbstractLayoutVersionManager.java:init(83)) - Initializing Layout version manager with metadata layout = DATANODE_SCHEMA_V3 (version = 4), software layout = DATANODE_SCHEMA_V3 (version = 4)
2022-12-08 07:06:05,017 [ReplicationMonitor] INFO  replication.ReplicationManager (ReplicationManager.java:processAll(323)) - Replication Manager is not ready to run until 3000ms after safemode exit
2022-12-08 07:06:05,083 [Listener at 127.0.0.1/32903] INFO  reflections.Reflections (Reflections.java:scan(232)) - Reflections took 88 ms to scan 7 urls, producing 140 keys and 342 values 
2022-12-08 07:06:05,092 [Listener at 127.0.0.1/32903] INFO  statemachine.DatanodeStateMachine (DatanodeStateMachine.java:getEndPointTaskThreadPoolSize(245)) - Datanode State Machine Task Thread Pool size 2
2022-12-08 07:06:05,188 [Listener at 127.0.0.1/32903] INFO  volume.HddsVolume (HddsVolume.java:<init>(117)) - Creating HddsVolume: /home/runner/work/ozone/ozone/hadoop-ozone/integration-test/target/test-dir/MiniOzoneClusterImpl-3253a570-fb02-4895-b12a-309bd2ff2d50/datanode-0/data-0/containers/hdds of storage type : DISK capacity : 9223372036854775807
2022-12-08 07:06:05,192 [Listener at 127.0.0.1/32903] INFO  volume.MutableVolumeSet (MutableVolumeSet.java:initializeVolumeSet(174)) - Added Volume : /home/runner/work/ozone/ozone/hadoop-ozone/integration-test/target/test-dir/MiniOzoneClusterImpl-3253a570-fb02-4895-b12a-309bd2ff2d50/datanode-0/data-0/containers/hdds to VolumeSet
2022-12-08 07:06:05,193 [Listener at 127.0.0.1/32903] INFO  volume.ThrottledAsyncChecker (ThrottledAsyncChecker.java:schedule(141)) - Scheduling a check for /home/runner/work/ozone/ozone/hadoop-ozone/integration-test/target/test-dir/MiniOzoneClusterImpl-3253a570-fb02-4895-b12a-309bd2ff2d50/datanode-0/data-0/containers/hdds
2022-12-08 07:06:05,221 [Listener at 127.0.0.1/32903] INFO  volume.StorageVolumeChecker (StorageVolumeChecker.java:checkAllVolumes(202)) - Scheduled health check for volume /home/runner/work/ozone/ozone/hadoop-ozone/integration-test/target/test-dir/MiniOzoneClusterImpl-3253a570-fb02-4895-b12a-309bd2ff2d50/datanode-0/data-0/containers/hdds
2022-12-08 07:06:05,263 [Listener at 127.0.0.1/32903] INFO  volume.MutableVolumeSet (MutableVolumeSet.java:initializeVolumeSet(174)) - Added Volume : /home/runner/work/ozone/ozone/hadoop-ozone/integration-test/target/test-dir/MiniOzoneClusterImpl-3253a570-fb02-4895-b12a-309bd2ff2d50/datanode-0/data/ratis to VolumeSet
2022-12-08 07:06:05,264 [Listener at 127.0.0.1/32903] INFO  volume.ThrottledAsyncChecker (ThrottledAsyncChecker.java:schedule(141)) - Scheduling a check for /home/runner/work/ozone/ozone/hadoop-ozone/integration-test/target/test-dir/MiniOzoneClusterImpl-3253a570-fb02-4895-b12a-309bd2ff2d50/datanode-0/data/ratis
2022-12-08 07:06:05,264 [Listener at 127.0.0.1/32903] INFO  volume.StorageVolumeChecker (StorageVolumeChecker.java:checkAllVolumes(202)) - Scheduled health check for volume /home/runner/work/ozone/ozone/hadoop-ozone/integration-test/target/test-dir/MiniOzoneClusterImpl-3253a570-fb02-4895-b12a-309bd2ff2d50/datanode-0/data/ratis
2022-12-08 07:06:05,299 [Thread-137] INFO  ozoneimpl.ContainerReader (ContainerReader.java:readVolume(175)) - Finish verifying containers on volume /home/runner/work/ozone/ozone/hadoop-ozone/integration-test/target/test-dir/MiniOzoneClusterImpl-3253a570-fb02-4895-b12a-309bd2ff2d50/datanode-0/data-0/containers/hdds
2022-12-08 07:06:05,301 [Listener at 127.0.0.1/32903] INFO  ozoneimpl.OzoneContainer (OzoneContainer.java:buildContainerSet(301)) - Build ContainerSet costs 0s
2022-12-08 07:06:05,375 [Listener at 127.0.0.1/32903] INFO  audit.AuditLogger (AuditLogger.java:refreshDebugCmdSet(126)) - Refresh DebugCmdSet for DNAudit to [].
2022-12-08 07:06:05,451 [Listener at 127.0.0.1/32903] INFO  server.RaftServer (ConfUtils.java:logGet(46)) - raft.rpc.type = GRPC (default)
2022-12-08 07:06:05,451 [Listener at 127.0.0.1/32903] INFO  grpc.GrpcConfigKeys (ConfUtils.java:logFallback(53)) - raft.grpc.admin.host = null (fallback to raft.grpc.server.host)
2022-12-08 07:06:05,452 [Listener at 127.0.0.1/32903] INFO  grpc.GrpcConfigKeys (ConfUtils.java:logGet(46)) - raft.grpc.admin.port = 0 (custom)
2022-12-08 07:06:05,452 [Listener at 127.0.0.1/32903] INFO  grpc.GrpcConfigKeys (ConfUtils.java:logFallback(53)) - raft.grpc.client.host = null (fallback to raft.grpc.server.host)
2022-12-08 07:06:05,453 [Listener at 127.0.0.1/32903] INFO  grpc.GrpcConfigKeys (ConfUtils.java:logGet(46)) - raft.grpc.client.port = 0 (custom)
2022-12-08 07:06:05,453 [Listener at 127.0.0.1/32903] INFO  grpc.GrpcConfigKeys (ConfUtils.java:logGet(46)) - raft.grpc.server.host = null (default)
2022-12-08 07:06:05,454 [Listener at 127.0.0.1/32903] INFO  grpc.GrpcConfigKeys (ConfUtils.java:logGet(46)) - raft.grpc.server.port = 0 (default)
2022-12-08 07:06:05,456 [Listener at 127.0.0.1/32903] INFO  server.GrpcService (ConfUtils.java:logGet(46)) - raft.grpc.message.size.max = 32MB (=33554432) (custom)
2022-12-08 07:06:05,456 [Listener at 127.0.0.1/32903] INFO  server.RaftServerConfigKeys (ConfUtils.java:logGet(46)) - raft.server.log.appender.buffer.byte-limit = 33554432 (custom)
2022-12-08 07:06:05,457 [Listener at 127.0.0.1/32903] INFO  server.GrpcService (ConfUtils.java:logGet(46)) - raft.grpc.flow.control.window = 5MB (=5242880) (custom)
2022-12-08 07:06:05,458 [Listener at 127.0.0.1/32903] INFO  server.RaftServerConfigKeys (ConfUtils.java:logGet(46)) - raft.server.rpc.request.timeout = 60s (custom)
2022-12-08 07:06:05,458 [Listener at 127.0.0.1/32903] INFO  grpc.GrpcConfigKeys (ConfUtils.java:logGet(46)) - raft.grpc.server.heartbeat.channel = true (default)
2022-12-08 07:06:05,458 [Listener at 127.0.0.1/32903] INFO  grpc.GrpcConfigKeys (ConfUtils.java:logGet(46)) - raft.grpc.server.async.request.thread.pool.cached = true (default)
2022-12-08 07:06:05,458 [Listener at 127.0.0.1/32903] INFO  grpc.GrpcConfigKeys (ConfUtils.java:logGet(46)) - raft.grpc.server.async.request.thread.pool.size = 32 (default)
2022-12-08 07:06:05,462 [Listener at 127.0.0.1/32903] INFO  impl.DataStreamServerImpl (ConfUtils.java:logGet(46)) - raft.datastream.type = DISABLED (default)
2022-12-08 07:06:05,462 [Listener at 127.0.0.1/32903] INFO  server.RaftServerConfigKeys (ConfUtils.java:logGet(46)) - raft.server.threadpool.proxy.cached = true (default)
2022-12-08 07:06:05,462 [Listener at 127.0.0.1/32903] INFO  server.RaftServerConfigKeys (ConfUtils.java:logGet(46)) - raft.server.threadpool.proxy.size = 0 (default)
2022-12-08 07:06:05,462 [Listener at 127.0.0.1/32903] INFO  server.RaftServerConfigKeys (ConfUtils.java:logGet(46)) - raft.server.rpc.slowness.timeout = 300s (custom)
2022-12-08 07:06:05,463 [Listener at 127.0.0.1/32903] INFO  server.RaftServerConfigKeys (ConfUtils.java:logGet(46)) - raft.server.leaderelection.leader.step-down.wait-time = 10s (default)
2022-12-08 07:06:05,463 [Listener at 127.0.0.1/32903] INFO  server.RaftServerConfigKeys (ConfUtils.java:logGet(46)) - raft.server.storage.dir = [/home/runner/work/ozone/ozone/hadoop-ozone/integration-test/target/test-dir/MiniOzoneClusterImpl-3253a570-fb02-4895-b12a-309bd2ff2d50/datanode-0/data/ratis] (custom)
2022-12-08 07:06:05,495 [Listener at 127.0.0.1/32903] INFO  server.XceiverServerGrpc (XceiverServerGrpc.java:<init>(132)) - GrpcServer channel type EpollServerSocketChannel
2022-12-08 07:06:05,508 [om1@group-C5BA1605619E-FollowerState] INFO  impl.FollowerState (FollowerState.java:run(143)) - om1@group-C5BA1605619E-FollowerState: change to CANDIDATE, lastRpcElapsedTime:1031513725ns, electionTimeout:1020ms
2022-12-08 07:06:05,510 [om1@group-C5BA1605619E-FollowerState] INFO  impl.RoleInfo (RoleInfo.java:shutdownFollowerState(110)) - om1: shutdown om1@group-C5BA1605619E-FollowerState
2022-12-08 07:06:05,521 [om1@group-C5BA1605619E-FollowerState] INFO  server.RaftServer$Division (RaftServerImpl.java:setRole(321)) - om1@group-C5BA1605619E: changes role from  FOLLOWER to CANDIDATE at term 0 for changeToCandidate
2022-12-08 07:06:05,525 [om1@group-C5BA1605619E-FollowerState] INFO  server.RaftServerConfigKeys (ConfUtils.java:logGet(46)) - raft.server.leaderelection.pre-vote = false (custom)
2022-12-08 07:06:05,525 [om1@group-C5BA1605619E-FollowerState] INFO  impl.RoleInfo (RoleInfo.java:updateAndGet(139)) - om1: start om1@group-C5BA1605619E-LeaderElection1
2022-12-08 07:06:05,534 [om1@group-C5BA1605619E-LeaderElection1] INFO  impl.LeaderElection (LeaderElection.java:askForVotes(312)) - om1@group-C5BA1605619E-LeaderElection1 ELECTION round 0: submit vote requests at term 1 for -1: peers:[om1|rpc:localhost:32971|priority:0|startupRole:FOLLOWER]|listeners:[], old=null
2022-12-08 07:06:05,536 [om1@group-C5BA1605619E-LeaderElection1] INFO  impl.LeaderElection (LeaderElection.java:askForVotes(314)) - om1@group-C5BA1605619E-LeaderElection1 ELECTION round 0: result PASSED (term=1)
2022-12-08 07:06:05,537 [om1@group-C5BA1605619E-LeaderElection1] INFO  impl.RoleInfo (RoleInfo.java:shutdownLeaderElection(130)) - om1: shutdown om1@group-C5BA1605619E-LeaderElection1
2022-12-08 07:06:05,539 [om1@group-C5BA1605619E-LeaderElection1] INFO  server.RaftServer$Division (RaftServerImpl.java:setRole(321)) - om1@group-C5BA1605619E: changes role from CANDIDATE to LEADER at term 1 for changeToLeader
2022-12-08 07:06:05,539 [om1@group-C5BA1605619E-LeaderElection1] INFO  server.RaftServer$Division (ServerState.java:setLeader(313)) - om1@group-C5BA1605619E: change Leader from null to om1 at term 1 for becomeLeader, leader elected after 2358ms
2022-12-08 07:06:05,557 [om1@group-C5BA1605619E-LeaderElection1] INFO  server.RaftServerConfigKeys (ConfUtils.java:logGet(46)) - raft.server.staging.catchup.gap = 1000 (default)
2022-12-08 07:06:05,570 [om1@group-C5BA1605619E-LeaderElection1] INFO  server.RaftServerConfigKeys (ConfUtils.java:logGet(46)) - raft.server.write.element-limit = 4096 (default)
2022-12-08 07:06:05,573 [om1@group-C5BA1605619E-LeaderElection1] INFO  server.RaftServerConfigKeys (ConfUtils.java:logGet(46)) - raft.server.write.byte-limit = 64MB (=67108864) (default)
2022-12-08 07:06:05,582 [om1@group-C5BA1605619E-LeaderElection1] INFO  server.RaftServerConfigKeys (ConfUtils.java:logGet(46)) - raft.server.watch.timeout = 10s (default)
2022-12-08 07:06:05,582 [om1@group-C5BA1605619E-LeaderElection1] INFO  server.RaftServerConfigKeys (ConfUtils.java:logGet(46)) - raft.server.watch.timeout.denomination = 1s (default)
2022-12-08 07:06:05,583 [om1@group-C5BA1605619E-LeaderElection1] INFO  server.RaftServerConfigKeys (ConfUtils.java:logGet(46)) - raft.server.watch.element-limit = 65536 (default)
2022-12-08 07:06:05,603 [om1@group-C5BA1605619E-LeaderElection1] INFO  server.RaftServerConfigKeys (ConfUtils.java:logGet(46)) - raft.server.write.element-limit = 4096 (default)
2022-12-08 07:06:05,606 [om1@group-C5BA1605619E-LeaderElection1] INFO  server.RaftServerConfigKeys (ConfUtils.java:logGet(46)) - raft.server.write.follower.gap.ratio.max = -1.0 (default)
2022-12-08 07:06:05,609 [om1@group-C5BA1605619E-LeaderElection1] INFO  impl.RoleInfo (RoleInfo.java:updateAndGet(139)) - om1: start om1@group-C5BA1605619E-LeaderStateImpl
2022-12-08 07:06:05,628 [Listener at 127.0.0.1/32903] INFO  http.BaseHttpServer (BaseHttpServer.java:newHttpServer2BuilderForOzone(213)) - Starting Web-server for hddsDatanode at: http://0.0.0.0:0
2022-12-08 07:06:05,628 [Listener at 127.0.0.1/32903] INFO  http.BaseHttpServer (BaseHttpServer.java:<init>(108)) - Hadoop Security Enabled: false Ozone Security Enabled: false Ozone HTTP Security Enabled: false 
2022-12-08 07:06:05,636 [Listener at 127.0.0.1/32903] WARN  server.AuthenticationFilter (AuthenticationFilter.java:constructSecretProvider(240)) - Unable to initialize FileSignerSecretProvider, falling back to use random secrets. Reason: Could not read signature secret file: /home/runner/hadoop-http-auth-signature-secret
2022-12-08 07:06:05,643 [Listener at 127.0.0.1/32903] WARN  http.HttpRequestLog (HttpRequestLog.java:getRequestLog(103)) - Jetty request log can only be enabled using Log4j
2022-12-08 07:06:05,648 [Listener at 127.0.0.1/32903] INFO  http.HttpServer2 (HttpServer2.java:addGlobalFilter(1031)) - Added global filter 'safety' (class=org.apache.hadoop.hdds.server.http.HttpServer2$QuotingInputFilter)
2022-12-08 07:06:05,649 [Listener at 127.0.0.1/32903] INFO  http.HttpServer2 (HttpServer2.java:addFilter(1007)) - Added filter static_user_filter (class=org.apache.hadoop.http.lib.StaticUserWebFilter$StaticUserFilter) to context hddsDatanode
2022-12-08 07:06:05,650 [Listener at 127.0.0.1/32903] INFO  http.HttpServer2 (HttpServer2.java:addFilter(1015)) - Added filter static_user_filter (class=org.apache.hadoop.http.lib.StaticUserWebFilter$StaticUserFilter) to context static
2022-12-08 07:06:05,650 [Listener at 127.0.0.1/32903] INFO  http.HttpServer2 (HttpServer2.java:addFilter(1015)) - Added filter static_user_filter (class=org.apache.hadoop.http.lib.StaticUserWebFilter$StaticUserFilter) to context logs
2022-12-08 07:06:05,652 [Listener at 127.0.0.1/32903] INFO  http.HttpServer2 (HttpServer2.java:bindListener(1250)) - Jetty bound to port 42199
2022-12-08 07:06:05,652 [Listener at 127.0.0.1/32903] INFO  server.Server (Server.java:doStart(375)) - jetty-9.4.49.v20220914; built: 2022-09-14T01:07:36.601Z; git: 4231a3b2e4cb8548a412a789936d640a97b1aa0a; jvm 1.8.0_352-b08
2022-12-08 07:06:05,663 [Listener at 127.0.0.1/32903] INFO  server.session (DefaultSessionIdManager.java:doStart(334)) - DefaultSessionIdManager workerName=node0
2022-12-08 07:06:05,663 [Listener at 127.0.0.1/32903] INFO  server.session (DefaultSessionIdManager.java:doStart(339)) - No SessionScavenger set, using defaults
2022-12-08 07:06:05,663 [Listener at 127.0.0.1/32903] INFO  server.session (HouseKeeper.java:startScavenging(132)) - node0 Scavenging every 600000ms
2022-12-08 07:06:05,664 [Listener at 127.0.0.1/32903] INFO  handler.ContextHandler (ContextHandler.java:doStart(921)) - Started o.e.j.s.ServletContextHandler@6a043bdd{logs,/logs,file:///home/runner/work/ozone/ozone/hadoop-ozone/integration-test/target/log,AVAILABLE}
2022-12-08 07:06:05,665 [Listener at 127.0.0.1/32903] INFO  handler.ContextHandler (ContextHandler.java:doStart(921)) - Started o.e.j.s.ServletContextHandler@1388a17a{static,/static,jar:file:/home/runner/.m2/repository/org/apache/ozone/hdds-container-service/1.3.0-SNAPSHOT/hdds-container-service-1.3.0-SNAPSHOT.jar!/webapps/static,AVAILABLE}
2022-12-08 07:06:05,658 [om1@group-C5BA1605619E-LeaderElection1] INFO  segmented.SegmentedRaftLogWorker (SegmentedRaftLogWorker.java:startLogSegment(452)) - om1@group-C5BA1605619E-SegmentedRaftLogWorker: Starting segment from index:0
2022-12-08 07:06:05,789 [om1@group-C5BA1605619E-LeaderElection1] INFO  server.RaftServer$Division (ServerState.java:setRaftConf(430)) - om1@group-C5BA1605619E: set configuration 0: peers:[om1|rpc:localhost:32971|admin:|client:|dataStream:|priority:0|startupRole:FOLLOWER]|listeners:[], old=null
2022-12-08 07:06:05,900 [om1@group-C5BA1605619E-SegmentedRaftLogWorker] INFO  segmented.SegmentedRaftLogWorker (SegmentedRaftLogWorker.java:execute(656)) - om1@group-C5BA1605619E-SegmentedRaftLogWorker: created new log segment /home/runner/work/ozone/ozone/hadoop-ozone/integration-test/target/test-dir/MiniOzoneClusterImpl-3253a570-fb02-4895-b12a-309bd2ff2d50/ozone-meta/ratis/bf265839-605b-3f16-9796-c5ba1605619e/current/log_inprogress_0
2022-12-08 07:06:05,988 [Listener at 127.0.0.1/32903] INFO  handler.ContextHandler (ContextHandler.java:doStart(921)) - Started o.e.j.w.WebAppContext@ffe170{hddsDatanode,/,file:///tmp/jetty-0_0_0_0-42199-hdds-container-service-1_3_0-SNAPSHOT_jar-_-any-2678255210481920400/webapp/,AVAILABLE}{jar:file:/home/runner/.m2/repository/org/apache/ozone/hdds-container-service/1.3.0-SNAPSHOT/hdds-container-service-1.3.0-SNAPSHOT.jar!/webapps/hddsDatanode}
2022-12-08 07:06:05,992 [Listener at 127.0.0.1/32903] INFO  server.AbstractConnector (AbstractConnector.java:doStart(333)) - Started ServerConnector@87ad1de{HTTP/1.1, (http/1.1)}{0.0.0.0:42199}
2022-12-08 07:06:05,992 [Listener at 127.0.0.1/32903] INFO  server.Server (Server.java:doStart(415)) - Started @11456ms
2022-12-08 07:06:05,992 [Listener at 127.0.0.1/32903] WARN  impl.MetricsSystemImpl (MetricsSystemImpl.java:register(279)) - Sink prometheus already exists!
2022-12-08 07:06:05,993 [Listener at 127.0.0.1/32903] INFO  http.BaseHttpServer (BaseHttpServer.java:updateConnectorAddress(333)) - HTTP server of hddsDatanode listening at http://0.0.0.0:42199
2022-12-08 07:06:05,995 [Listener at 127.0.0.1/32903] WARN  impl.MetricRegistriesImpl (MetricRegistriesImpl.java:addReporterRegistration(111)) - New reporters are added after registries were created. Some metrics will be missing from the reporter. Please add reporter before adding any new registry.
2022-12-08 07:06:05,995 [Listener at 127.0.0.1/32903] WARN  impl.MetricRegistriesImpl (MetricRegistriesImpl.java:addReporterRegistration(111)) - New reporters are added after registries were created. Some metrics will be missing from the reporter. Please add reporter before adding any new registry.
2022-12-08 07:06:05,995 [Listener at 127.0.0.1/32903] INFO  impl.MetricsSystemImpl (MetricsSystemImpl.java:init(158)) - HddsDatanode metrics system started (again)
2022-12-08 07:06:06,006 [Datanode State Machine Daemon Thread] INFO  statemachine.DatanodeStateMachine (DatanodeStateMachine.java:lambda$startDaemon$0(505)) - Ozone container server started.
2022-12-08 07:06:06,035 [ReplicationMonitor] INFO  replication.ReplicationManager (ReplicationManager.java:processAll(323)) - Replication Manager is not ready to run until 3000ms after safemode exit
2022-12-08 07:06:06,041 [org.apache.hadoop.util.JvmPauseMonitor$Monitor@342a2af] INFO  util.JvmPauseMonitor (JvmPauseMonitor.java:run(188)) - Starting JVM pause monitor
2022-12-08 07:06:06,062 [Listener at 127.0.0.1/32903] INFO  ozone.HddsDatanodeService (HddsDatanodeService.java:start(236)) - HddsDatanodeService host:fv-az165-805.wtg55dazuvhetdvd2gpth4ys5d.dx.internal.cloudapp.net ip:10.1.0.14
2022-12-08 07:06:06,115 [Listener at 127.0.0.1/32903] INFO  upgrade.AbstractLayoutVersionManager (AbstractLayoutVersionManager.java:init(83)) - Initializing Layout version manager with metadata layout = DATANODE_SCHEMA_V3 (version = 4), software layout = DATANODE_SCHEMA_V3 (version = 4)
2022-12-08 07:06:06,166 [om1@group-C5BA1605619E-StateMachineUpdater] INFO  ratis.OzoneManagerStateMachine (OzoneManagerStateMachine.java:notifyConfigurationChanged(192)) - Received Configuration change notification from Ratis. New Peer list:
[id: "om1"
address: "localhost:32971"
startupRole: FOLLOWER
]
2022-12-08 07:06:06,266 [Listener at 127.0.0.1/32903] INFO  reflections.Reflections (Reflections.java:scan(232)) - Reflections took 149 ms to scan 7 urls, producing 140 keys and 342 values 
2022-12-08 07:06:06,274 [Listener at 127.0.0.1/32903] INFO  statemachine.DatanodeStateMachine (DatanodeStateMachine.java:getEndPointTaskThreadPoolSize(245)) - Datanode State Machine Task Thread Pool size 2
2022-12-08 07:06:06,279 [Listener at 127.0.0.1/32903] INFO  volume.HddsVolume (HddsVolume.java:<init>(117)) - Creating HddsVolume: /home/runner/work/ozone/ozone/hadoop-ozone/integration-test/target/test-dir/MiniOzoneClusterImpl-3253a570-fb02-4895-b12a-309bd2ff2d50/datanode-1/data-0/containers/hdds of storage type : DISK capacity : 9223372036854775807
2022-12-08 07:06:06,279 [Listener at 127.0.0.1/32903] INFO  volume.MutableVolumeSet (MutableVolumeSet.java:initializeVolumeSet(174)) - Added Volume : /home/runner/work/ozone/ozone/hadoop-ozone/integration-test/target/test-dir/MiniOzoneClusterImpl-3253a570-fb02-4895-b12a-309bd2ff2d50/datanode-1/data-0/containers/hdds to VolumeSet
2022-12-08 07:06:06,279 [Listener at 127.0.0.1/32903] INFO  volume.ThrottledAsyncChecker (ThrottledAsyncChecker.java:schedule(141)) - Scheduling a check for /home/runner/work/ozone/ozone/hadoop-ozone/integration-test/target/test-dir/MiniOzoneClusterImpl-3253a570-fb02-4895-b12a-309bd2ff2d50/datanode-1/data-0/containers/hdds
2022-12-08 07:06:06,280 [Listener at 127.0.0.1/32903] INFO  volume.StorageVolumeChecker (StorageVolumeChecker.java:checkAllVolumes(202)) - Scheduled health check for volume /home/runner/work/ozone/ozone/hadoop-ozone/integration-test/target/test-dir/MiniOzoneClusterImpl-3253a570-fb02-4895-b12a-309bd2ff2d50/datanode-1/data-0/containers/hdds
2022-12-08 07:06:06,297 [Listener at 127.0.0.1/32903] INFO  volume.MutableVolumeSet (MutableVolumeSet.java:initializeVolumeSet(174)) - Added Volume : /home/runner/work/ozone/ozone/hadoop-ozone/integration-test/target/test-dir/MiniOzoneClusterImpl-3253a570-fb02-4895-b12a-309bd2ff2d50/datanode-1/data/ratis to VolumeSet
2022-12-08 07:06:06,298 [Listener at 127.0.0.1/32903] INFO  volume.ThrottledAsyncChecker (ThrottledAsyncChecker.java:schedule(141)) - Scheduling a check for /home/runner/work/ozone/ozone/hadoop-ozone/integration-test/target/test-dir/MiniOzoneClusterImpl-3253a570-fb02-4895-b12a-309bd2ff2d50/datanode-1/data/ratis
2022-12-08 07:06:06,298 [Listener at 127.0.0.1/32903] INFO  volume.StorageVolumeChecker (StorageVolumeChecker.java:checkAllVolumes(202)) - Scheduled health check for volume /home/runner/work/ozone/ozone/hadoop-ozone/integration-test/target/test-dir/MiniOzoneClusterImpl-3253a570-fb02-4895-b12a-309bd2ff2d50/datanode-1/data/ratis
2022-12-08 07:06:06,315 [Thread-152] INFO  ozoneimpl.ContainerReader (ContainerReader.java:readVolume(175)) - Finish verifying containers on volume /home/runner/work/ozone/ozone/hadoop-ozone/integration-test/target/test-dir/MiniOzoneClusterImpl-3253a570-fb02-4895-b12a-309bd2ff2d50/datanode-1/data-0/containers/hdds
2022-12-08 07:06:06,321 [Listener at 127.0.0.1/32903] INFO  ozoneimpl.OzoneContainer (OzoneContainer.java:buildContainerSet(301)) - Build ContainerSet costs 0s
2022-12-08 07:06:06,326 [Listener at 127.0.0.1/32903] INFO  server.RaftServer (ConfUtils.java:logGet(46)) - raft.rpc.type = GRPC (default)
2022-12-08 07:06:06,327 [Listener at 127.0.0.1/32903] INFO  grpc.GrpcConfigKeys (ConfUtils.java:logFallback(53)) - raft.grpc.admin.host = null (fallback to raft.grpc.server.host)
2022-12-08 07:06:06,327 [Listener at 127.0.0.1/32903] INFO  grpc.GrpcConfigKeys (ConfUtils.java:logGet(46)) - raft.grpc.admin.port = 0 (custom)
2022-12-08 07:06:06,327 [Listener at 127.0.0.1/32903] INFO  grpc.GrpcConfigKeys (ConfUtils.java:logFallback(53)) - raft.grpc.client.host = null (fallback to raft.grpc.server.host)
2022-12-08 07:06:06,327 [Listener at 127.0.0.1/32903] INFO  grpc.GrpcConfigKeys (ConfUtils.java:logGet(46)) - raft.grpc.client.port = 0 (custom)
2022-12-08 07:06:06,327 [Listener at 127.0.0.1/32903] INFO  grpc.GrpcConfigKeys (ConfUtils.java:logGet(46)) - raft.grpc.server.host = null (default)
2022-12-08 07:06:06,328 [Listener at 127.0.0.1/32903] INFO  grpc.GrpcConfigKeys (ConfUtils.java:logGet(46)) - raft.grpc.server.port = 0 (default)
2022-12-08 07:06:06,328 [Listener at 127.0.0.1/32903] INFO  server.GrpcService (ConfUtils.java:logGet(46)) - raft.grpc.message.size.max = 32MB (=33554432) (custom)
2022-12-08 07:06:06,328 [Listener at 127.0.0.1/32903] INFO  server.RaftServerConfigKeys (ConfUtils.java:logGet(46)) - raft.server.log.appender.buffer.byte-limit = 33554432 (custom)
2022-12-08 07:06:06,328 [Listener at 127.0.0.1/32903] INFO  server.GrpcService (ConfUtils.java:logGet(46)) - raft.grpc.flow.control.window = 5MB (=5242880) (custom)
2022-12-08 07:06:06,328 [Listener at 127.0.0.1/32903] INFO  server.RaftServerConfigKeys (ConfUtils.java:logGet(46)) - raft.server.rpc.request.timeout = 60s (custom)
2022-12-08 07:06:06,328 [Listener at 127.0.0.1/32903] INFO  grpc.GrpcConfigKeys (ConfUtils.java:logGet(46)) - raft.grpc.server.heartbeat.channel = true (default)
2022-12-08 07:06:06,329 [Listener at 127.0.0.1/32903] INFO  grpc.GrpcConfigKeys (ConfUtils.java:logGet(46)) - raft.grpc.server.async.request.thread.pool.cached = true (default)
2022-12-08 07:06:06,329 [Listener at 127.0.0.1/32903] INFO  grpc.GrpcConfigKeys (ConfUtils.java:logGet(46)) - raft.grpc.server.async.request.thread.pool.size = 32 (default)
2022-12-08 07:06:06,330 [Listener at 127.0.0.1/32903] INFO  impl.DataStreamServerImpl (ConfUtils.java:logGet(46)) - raft.datastream.type = DISABLED (default)
2022-12-08 07:06:06,330 [Listener at 127.0.0.1/32903] INFO  server.RaftServerConfigKeys (ConfUtils.java:logGet(46)) - raft.server.threadpool.proxy.cached = true (default)
2022-12-08 07:06:06,331 [Listener at 127.0.0.1/32903] INFO  server.RaftServerConfigKeys (ConfUtils.java:logGet(46)) - raft.server.threadpool.proxy.size = 0 (default)
2022-12-08 07:06:06,331 [Listener at 127.0.0.1/32903] INFO  server.RaftServerConfigKeys (ConfUtils.java:logGet(46)) - raft.server.rpc.slowness.timeout = 300s (custom)
2022-12-08 07:06:06,331 [Listener at 127.0.0.1/32903] INFO  server.RaftServerConfigKeys (ConfUtils.java:logGet(46)) - raft.server.leaderelection.leader.step-down.wait-time = 10s (default)
2022-12-08 07:06:06,332 [Listener at 127.0.0.1/32903] INFO  server.RaftServerConfigKeys (ConfUtils.java:logGet(46)) - raft.server.storage.dir = [/home/runner/work/ozone/ozone/hadoop-ozone/integration-test/target/test-dir/MiniOzoneClusterImpl-3253a570-fb02-4895-b12a-309bd2ff2d50/datanode-1/data/ratis] (custom)
2022-12-08 07:06:06,334 [Listener at 127.0.0.1/32903] INFO  server.XceiverServerGrpc (XceiverServerGrpc.java:<init>(132)) - GrpcServer channel type EpollServerSocketChannel
2022-12-08 07:06:06,339 [Listener at 127.0.0.1/32903] INFO  http.BaseHttpServer (BaseHttpServer.java:newHttpServer2BuilderForOzone(213)) - Starting Web-server for hddsDatanode at: http://0.0.0.0:0
2022-12-08 07:06:06,339 [Listener at 127.0.0.1/32903] INFO  http.BaseHttpServer (BaseHttpServer.java:<init>(108)) - Hadoop Security Enabled: false Ozone Security Enabled: false Ozone HTTP Security Enabled: false 
2022-12-08 07:06:06,341 [Listener at 127.0.0.1/32903] WARN  server.AuthenticationFilter (AuthenticationFilter.java:constructSecretProvider(240)) - Unable to initialize FileSignerSecretProvider, falling back to use random secrets. Reason: Could not read signature secret file: /home/runner/hadoop-http-auth-signature-secret
2022-12-08 07:06:06,342 [Listener at 127.0.0.1/32903] WARN  http.HttpRequestLog (HttpRequestLog.java:getRequestLog(103)) - Jetty request log can only be enabled using Log4j
2022-12-08 07:06:06,343 [Listener at 127.0.0.1/32903] INFO  http.HttpServer2 (HttpServer2.java:addGlobalFilter(1031)) - Added global filter 'safety' (class=org.apache.hadoop.hdds.server.http.HttpServer2$QuotingInputFilter)
2022-12-08 07:06:06,344 [Listener at 127.0.0.1/32903] INFO  http.HttpServer2 (HttpServer2.java:addFilter(1007)) - Added filter static_user_filter (class=org.apache.hadoop.http.lib.StaticUserWebFilter$StaticUserFilter) to context hddsDatanode
2022-12-08 07:06:06,344 [Listener at 127.0.0.1/32903] INFO  http.HttpServer2 (HttpServer2.java:addFilter(1015)) - Added filter static_user_filter (class=org.apache.hadoop.http.lib.StaticUserWebFilter$StaticUserFilter) to context logs
2022-12-08 07:06:06,344 [Listener at 127.0.0.1/32903] INFO  http.HttpServer2 (HttpServer2.java:addFilter(1015)) - Added filter static_user_filter (class=org.apache.hadoop.http.lib.StaticUserWebFilter$StaticUserFilter) to context static
2022-12-08 07:06:06,345 [Listener at 127.0.0.1/32903] INFO  http.HttpServer2 (HttpServer2.java:bindListener(1250)) - Jetty bound to port 43049
2022-12-08 07:06:06,345 [Listener at 127.0.0.1/32903] INFO  server.Server (Server.java:doStart(375)) - jetty-9.4.49.v20220914; built: 2022-09-14T01:07:36.601Z; git: 4231a3b2e4cb8548a412a789936d640a97b1aa0a; jvm 1.8.0_352-b08
2022-12-08 07:06:06,371 [Listener at 127.0.0.1/32903] INFO  server.session (DefaultSessionIdManager.java:doStart(334)) - DefaultSessionIdManager workerName=node0
2022-12-08 07:06:06,371 [Listener at 127.0.0.1/32903] INFO  server.session (DefaultSessionIdManager.java:doStart(339)) - No SessionScavenger set, using defaults
2022-12-08 07:06:06,371 [Listener at 127.0.0.1/32903] INFO  server.session (HouseKeeper.java:startScavenging(132)) - node0 Scavenging every 600000ms
2022-12-08 07:06:06,372 [Listener at 127.0.0.1/32903] INFO  handler.ContextHandler (ContextHandler.java:doStart(921)) - Started o.e.j.s.ServletContextHandler@2cb1c5c5{logs,/logs,file:///home/runner/work/ozone/ozone/hadoop-ozone/integration-test/target/log,AVAILABLE}
2022-12-08 07:06:06,372 [Listener at 127.0.0.1/32903] INFO  handler.ContextHandler (ContextHandler.java:doStart(921)) - Started o.e.j.s.ServletContextHandler@1692a29e{static,/static,jar:file:/home/runner/.m2/repository/org/apache/ozone/hdds-container-service/1.3.0-SNAPSHOT/hdds-container-service-1.3.0-SNAPSHOT.jar!/webapps/static,AVAILABLE}
2022-12-08 07:06:06,435 [Datanode State Machine Task Thread - 0] INFO  datanode.InitDatanodeState (InitDatanodeState.java:persistContainerDatanodeDetails(138)) - DatanodeDetails is persisted to /home/runner/work/ozone/ozone/hadoop-ozone/integration-test/target/test-dir/MiniOzoneClusterImpl-3253a570-fb02-4895-b12a-309bd2ff2d50/datanode-0/meta/datanode.id
2022-12-08 07:06:06,623 [Listener at 127.0.0.1/32903] INFO  handler.ContextHandler (ContextHandler.java:doStart(921)) - Started o.e.j.w.WebAppContext@3cad58ca{hddsDatanode,/,file:///tmp/jetty-0_0_0_0-43049-hdds-container-service-1_3_0-SNAPSHOT_jar-_-any-8085674200524496648/webapp/,AVAILABLE}{jar:file:/home/runner/.m2/repository/org/apache/ozone/hdds-container-service/1.3.0-SNAPSHOT/hdds-container-service-1.3.0-SNAPSHOT.jar!/webapps/hddsDatanode}
2022-12-08 07:06:06,625 [Listener at 127.0.0.1/32903] INFO  server.AbstractConnector (AbstractConnector.java:doStart(333)) - Started ServerConnector@737258ec{HTTP/1.1, (http/1.1)}{0.0.0.0:43049}
2022-12-08 07:06:06,625 [Listener at 127.0.0.1/32903] INFO  server.Server (Server.java:doStart(415)) - Started @12089ms
2022-12-08 07:06:06,625 [Listener at 127.0.0.1/32903] WARN  impl.MetricsSystemImpl (MetricsSystemImpl.java:register(279)) - Sink prometheus already exists!
2022-12-08 07:06:06,626 [Listener at 127.0.0.1/32903] INFO  http.BaseHttpServer (BaseHttpServer.java:updateConnectorAddress(333)) - HTTP server of hddsDatanode listening at http://0.0.0.0:43049
2022-12-08 07:06:06,631 [Listener at 127.0.0.1/32903] WARN  impl.MetricRegistriesImpl (MetricRegistriesImpl.java:addReporterRegistration(111)) - New reporters are added after registries were created. Some metrics will be missing from the reporter. Please add reporter before adding any new registry.
2022-12-08 07:06:06,631 [Listener at 127.0.0.1/32903] WARN  impl.MetricRegistriesImpl (MetricRegistriesImpl.java:addReporterRegistration(111)) - New reporters are added after registries were created. Some metrics will be missing from the reporter. Please add reporter before adding any new registry.
2022-12-08 07:06:06,631 [Listener at 127.0.0.1/32903] INFO  impl.MetricsSystemImpl (MetricsSystemImpl.java:init(158)) - HddsDatanode metrics system started (again)
2022-12-08 07:06:06,631 [Datanode State Machine Daemon Thread] INFO  statemachine.DatanodeStateMachine (DatanodeStateMachine.java:lambda$startDaemon$0(505)) - Ozone container server started.
2022-12-08 07:06:06,644 [org.apache.hadoop.util.JvmPauseMonitor$Monitor@13e81eb4] INFO  util.JvmPauseMonitor (JvmPauseMonitor.java:run(188)) - Starting JVM pause monitor
2022-12-08 07:06:06,668 [Datanode State Machine Task Thread - 0] INFO  datanode.InitDatanodeState (InitDatanodeState.java:persistContainerDatanodeDetails(138)) - DatanodeDetails is persisted to /home/runner/work/ozone/ozone/hadoop-ozone/integration-test/target/test-dir/MiniOzoneClusterImpl-3253a570-fb02-4895-b12a-309bd2ff2d50/datanode-1/meta/datanode.id
2022-12-08 07:06:06,693 [Listener at 127.0.0.1/32903] INFO  ozone.HddsDatanodeService (HddsDatanodeService.java:start(236)) - HddsDatanodeService host:fv-az165-805.wtg55dazuvhetdvd2gpth4ys5d.dx.internal.cloudapp.net ip:10.1.0.14
2022-12-08 07:06:06,725 [Listener at 127.0.0.1/32903] INFO  upgrade.AbstractLayoutVersionManager (AbstractLayoutVersionManager.java:init(83)) - Initializing Layout version manager with metadata layout = DATANODE_SCHEMA_V3 (version = 4), software layout = DATANODE_SCHEMA_V3 (version = 4)
2022-12-08 07:06:06,801 [Listener at 127.0.0.1/32903] INFO  reflections.Reflections (Reflections.java:scan(232)) - Reflections took 72 ms to scan 7 urls, producing 140 keys and 342 values 
2022-12-08 07:06:06,803 [Listener at 127.0.0.1/32903] INFO  statemachine.DatanodeStateMachine (DatanodeStateMachine.java:getEndPointTaskThreadPoolSize(245)) - Datanode State Machine Task Thread Pool size 2
2022-12-08 07:06:06,806 [Listener at 127.0.0.1/32903] INFO  volume.HddsVolume (HddsVolume.java:<init>(117)) - Creating HddsVolume: /home/runner/work/ozone/ozone/hadoop-ozone/integration-test/target/test-dir/MiniOzoneClusterImpl-3253a570-fb02-4895-b12a-309bd2ff2d50/datanode-2/data-0/containers/hdds of storage type : DISK capacity : 9223372036854775807
2022-12-08 07:06:06,806 [Listener at 127.0.0.1/32903] INFO  volume.MutableVolumeSet (MutableVolumeSet.java:initializeVolumeSet(174)) - Added Volume : /home/runner/work/ozone/ozone/hadoop-ozone/integration-test/target/test-dir/MiniOzoneClusterImpl-3253a570-fb02-4895-b12a-309bd2ff2d50/datanode-2/data-0/containers/hdds to VolumeSet
2022-12-08 07:06:06,807 [Listener at 127.0.0.1/32903] INFO  volume.ThrottledAsyncChecker (ThrottledAsyncChecker.java:schedule(141)) - Scheduling a check for /home/runner/work/ozone/ozone/hadoop-ozone/integration-test/target/test-dir/MiniOzoneClusterImpl-3253a570-fb02-4895-b12a-309bd2ff2d50/datanode-2/data-0/containers/hdds
2022-12-08 07:06:06,811 [Listener at 127.0.0.1/32903] INFO  volume.StorageVolumeChecker (StorageVolumeChecker.java:checkAllVolumes(202)) - Scheduled health check for volume /home/runner/work/ozone/ozone/hadoop-ozone/integration-test/target/test-dir/MiniOzoneClusterImpl-3253a570-fb02-4895-b12a-309bd2ff2d50/datanode-2/data-0/containers/hdds
2022-12-08 07:06:06,827 [Listener at 127.0.0.1/32903] INFO  volume.MutableVolumeSet (MutableVolumeSet.java:initializeVolumeSet(174)) - Added Volume : /home/runner/work/ozone/ozone/hadoop-ozone/integration-test/target/test-dir/MiniOzoneClusterImpl-3253a570-fb02-4895-b12a-309bd2ff2d50/datanode-2/data/ratis to VolumeSet
2022-12-08 07:06:06,827 [Listener at 127.0.0.1/32903] INFO  volume.ThrottledAsyncChecker (ThrottledAsyncChecker.java:schedule(141)) - Scheduling a check for /home/runner/work/ozone/ozone/hadoop-ozone/integration-test/target/test-dir/MiniOzoneClusterImpl-3253a570-fb02-4895-b12a-309bd2ff2d50/datanode-2/data/ratis
2022-12-08 07:06:06,827 [Listener at 127.0.0.1/32903] INFO  volume.StorageVolumeChecker (StorageVolumeChecker.java:checkAllVolumes(202)) - Scheduled health check for volume /home/runner/work/ozone/ozone/hadoop-ozone/integration-test/target/test-dir/MiniOzoneClusterImpl-3253a570-fb02-4895-b12a-309bd2ff2d50/datanode-2/data/ratis
2022-12-08 07:06:06,841 [Thread-165] INFO  ozoneimpl.ContainerReader (ContainerReader.java:readVolume(175)) - Finish verifying containers on volume /home/runner/work/ozone/ozone/hadoop-ozone/integration-test/target/test-dir/MiniOzoneClusterImpl-3253a570-fb02-4895-b12a-309bd2ff2d50/datanode-2/data-0/containers/hdds
2022-12-08 07:06:06,841 [Listener at 127.0.0.1/32903] INFO  ozoneimpl.OzoneContainer (OzoneContainer.java:buildContainerSet(301)) - Build ContainerSet costs 0s
2022-12-08 07:06:06,845 [Listener at 127.0.0.1/32903] INFO  server.RaftServer (ConfUtils.java:logGet(46)) - raft.rpc.type = GRPC (default)
2022-12-08 07:06:06,845 [Listener at 127.0.0.1/32903] INFO  grpc.GrpcConfigKeys (ConfUtils.java:logFallback(53)) - raft.grpc.admin.host = null (fallback to raft.grpc.server.host)
2022-12-08 07:06:06,845 [Listener at 127.0.0.1/32903] INFO  grpc.GrpcConfigKeys (ConfUtils.java:logGet(46)) - raft.grpc.admin.port = 0 (custom)
2022-12-08 07:06:06,846 [Listener at 127.0.0.1/32903] INFO  grpc.GrpcConfigKeys (ConfUtils.java:logFallback(53)) - raft.grpc.client.host = null (fallback to raft.grpc.server.host)
2022-12-08 07:06:06,846 [Listener at 127.0.0.1/32903] INFO  grpc.GrpcConfigKeys (ConfUtils.java:logGet(46)) - raft.grpc.client.port = 0 (custom)
2022-12-08 07:06:06,846 [Listener at 127.0.0.1/32903] INFO  grpc.GrpcConfigKeys (ConfUtils.java:logGet(46)) - raft.grpc.server.host = null (default)
2022-12-08 07:06:06,846 [Listener at 127.0.0.1/32903] INFO  grpc.GrpcConfigKeys (ConfUtils.java:logGet(46)) - raft.grpc.server.port = 0 (default)
2022-12-08 07:06:06,846 [Listener at 127.0.0.1/32903] INFO  server.GrpcService (ConfUtils.java:logGet(46)) - raft.grpc.message.size.max = 32MB (=33554432) (custom)
2022-12-08 07:06:06,846 [Listener at 127.0.0.1/32903] INFO  server.RaftServerConfigKeys (ConfUtils.java:logGet(46)) - raft.server.log.appender.buffer.byte-limit = 33554432 (custom)
2022-12-08 07:06:06,846 [Listener at 127.0.0.1/32903] INFO  server.GrpcService (ConfUtils.java:logGet(46)) - raft.grpc.flow.control.window = 5MB (=5242880) (custom)
2022-12-08 07:06:06,847 [Listener at 127.0.0.1/32903] INFO  server.RaftServerConfigKeys (ConfUtils.java:logGet(46)) - raft.server.rpc.request.timeout = 60s (custom)
2022-12-08 07:06:06,847 [Listener at 127.0.0.1/32903] INFO  grpc.GrpcConfigKeys (ConfUtils.java:logGet(46)) - raft.grpc.server.heartbeat.channel = true (default)
2022-12-08 07:06:06,847 [Listener at 127.0.0.1/32903] INFO  grpc.GrpcConfigKeys (ConfUtils.java:logGet(46)) - raft.grpc.server.async.request.thread.pool.cached = true (default)
2022-12-08 07:06:06,847 [Listener at 127.0.0.1/32903] INFO  grpc.GrpcConfigKeys (ConfUtils.java:logGet(46)) - raft.grpc.server.async.request.thread.pool.size = 32 (default)
2022-12-08 07:06:06,848 [Listener at 127.0.0.1/32903] INFO  impl.DataStreamServerImpl (ConfUtils.java:logGet(46)) - raft.datastream.type = DISABLED (default)
2022-12-08 07:06:06,849 [Listener at 127.0.0.1/32903] INFO  server.RaftServerConfigKeys (ConfUtils.java:logGet(46)) - raft.server.threadpool.proxy.cached = true (default)
2022-12-08 07:06:06,849 [Listener at 127.0.0.1/32903] INFO  server.RaftServerConfigKeys (ConfUtils.java:logGet(46)) - raft.server.threadpool.proxy.size = 0 (default)
2022-12-08 07:06:06,849 [Listener at 127.0.0.1/32903] INFO  server.RaftServerConfigKeys (ConfUtils.java:logGet(46)) - raft.server.rpc.slowness.timeout = 300s (custom)
2022-12-08 07:06:06,849 [Listener at 127.0.0.1/32903] INFO  server.RaftServerConfigKeys (ConfUtils.java:logGet(46)) - raft.server.leaderelection.leader.step-down.wait-time = 10s (default)
2022-12-08 07:06:06,849 [Listener at 127.0.0.1/32903] INFO  server.RaftServerConfigKeys (ConfUtils.java:logGet(46)) - raft.server.storage.dir = [/home/runner/work/ozone/ozone/hadoop-ozone/integration-test/target/test-dir/MiniOzoneClusterImpl-3253a570-fb02-4895-b12a-309bd2ff2d50/datanode-2/data/ratis] (custom)
2022-12-08 07:06:06,856 [Listener at 127.0.0.1/32903] INFO  server.XceiverServerGrpc (XceiverServerGrpc.java:<init>(132)) - GrpcServer channel type EpollServerSocketChannel
2022-12-08 07:06:06,861 [Listener at 127.0.0.1/32903] INFO  http.BaseHttpServer (BaseHttpServer.java:newHttpServer2BuilderForOzone(213)) - Starting Web-server for hddsDatanode at: http://0.0.0.0:0
2022-12-08 07:06:06,861 [Listener at 127.0.0.1/32903] INFO  http.BaseHttpServer (BaseHttpServer.java:<init>(108)) - Hadoop Security Enabled: false Ozone Security Enabled: false Ozone HTTP Security Enabled: false 
2022-12-08 07:06:06,863 [Listener at 127.0.0.1/32903] WARN  server.AuthenticationFilter (AuthenticationFilter.java:constructSecretProvider(240)) - Unable to initialize FileSignerSecretProvider, falling back to use random secrets. Reason: Could not read signature secret file: /home/runner/hadoop-http-auth-signature-secret
2022-12-08 07:06:06,868 [Listener at 127.0.0.1/32903] WARN  http.HttpRequestLog (HttpRequestLog.java:getRequestLog(103)) - Jetty request log can only be enabled using Log4j
2022-12-08 07:06:06,869 [Listener at 127.0.0.1/32903] INFO  http.HttpServer2 (HttpServer2.java:addGlobalFilter(1031)) - Added global filter 'safety' (class=org.apache.hadoop.hdds.server.http.HttpServer2$QuotingInputFilter)
2022-12-08 07:06:06,870 [Listener at 127.0.0.1/32903] INFO  http.HttpServer2 (HttpServer2.java:addFilter(1007)) - Added filter static_user_filter (class=org.apache.hadoop.http.lib.StaticUserWebFilter$StaticUserFilter) to context hddsDatanode
2022-12-08 07:06:06,870 [Listener at 127.0.0.1/32903] INFO  http.HttpServer2 (HttpServer2.java:addFilter(1015)) - Added filter static_user_filter (class=org.apache.hadoop.http.lib.StaticUserWebFilter$StaticUserFilter) to context logs
2022-12-08 07:06:06,871 [Listener at 127.0.0.1/32903] INFO  http.HttpServer2 (HttpServer2.java:addFilter(1015)) - Added filter static_user_filter (class=org.apache.hadoop.http.lib.StaticUserWebFilter$StaticUserFilter) to context static
2022-12-08 07:06:06,871 [Listener at 127.0.0.1/32903] INFO  http.HttpServer2 (HttpServer2.java:bindListener(1250)) - Jetty bound to port 45069
2022-12-08 07:06:06,871 [Listener at 127.0.0.1/32903] INFO  server.Server (Server.java:doStart(375)) - jetty-9.4.49.v20220914; built: 2022-09-14T01:07:36.601Z; git: 4231a3b2e4cb8548a412a789936d640a97b1aa0a; jvm 1.8.0_352-b08
2022-12-08 07:06:06,879 [Listener at 127.0.0.1/32903] INFO  server.session (DefaultSessionIdManager.java:doStart(334)) - DefaultSessionIdManager workerName=node0
2022-12-08 07:06:06,879 [Listener at 127.0.0.1/32903] INFO  server.session (DefaultSessionIdManager.java:doStart(339)) - No SessionScavenger set, using defaults
2022-12-08 07:06:06,879 [Listener at 127.0.0.1/32903] INFO  server.session (HouseKeeper.java:startScavenging(132)) - node0 Scavenging every 600000ms
2022-12-08 07:06:06,881 [Listener at 127.0.0.1/32903] INFO  handler.ContextHandler (ContextHandler.java:doStart(921)) - Started o.e.j.s.ServletContextHandler@f76e554{logs,/logs,file:///home/runner/work/ozone/ozone/hadoop-ozone/integration-test/target/log,AVAILABLE}
2022-12-08 07:06:06,882 [Listener at 127.0.0.1/32903] INFO  handler.ContextHandler (ContextHandler.java:doStart(921)) - Started o.e.j.s.ServletContextHandler@7d952e08{static,/static,jar:file:/home/runner/.m2/repository/org/apache/ozone/hdds-container-service/1.3.0-SNAPSHOT/hdds-container-service-1.3.0-SNAPSHOT.jar!/webapps/static,AVAILABLE}
2022-12-08 07:06:07,036 [ReplicationMonitor] INFO  replication.ReplicationManager (ReplicationManager.java:processAll(323)) - Replication Manager is not ready to run until 3000ms after safemode exit
2022-12-08 07:06:07,144 [Listener at 127.0.0.1/32903] INFO  handler.ContextHandler (ContextHandler.java:doStart(921)) - Started o.e.j.w.WebAppContext@473c5c95{hddsDatanode,/,file:///tmp/jetty-0_0_0_0-45069-hdds-container-service-1_3_0-SNAPSHOT_jar-_-any-4445016091001957637/webapp/,AVAILABLE}{jar:file:/home/runner/.m2/repository/org/apache/ozone/hdds-container-service/1.3.0-SNAPSHOT/hdds-container-service-1.3.0-SNAPSHOT.jar!/webapps/hddsDatanode}
2022-12-08 07:06:07,146 [Listener at 127.0.0.1/32903] INFO  server.AbstractConnector (AbstractConnector.java:doStart(333)) - Started ServerConnector@6182073c{HTTP/1.1, (http/1.1)}{0.0.0.0:45069}
2022-12-08 07:06:07,146 [Listener at 127.0.0.1/32903] INFO  server.Server (Server.java:doStart(415)) - Started @12609ms
2022-12-08 07:06:07,146 [Listener at 127.0.0.1/32903] WARN  impl.MetricsSystemImpl (MetricsSystemImpl.java:register(279)) - Sink prometheus already exists!
2022-12-08 07:06:07,147 [Listener at 127.0.0.1/32903] INFO  http.BaseHttpServer (BaseHttpServer.java:updateConnectorAddress(333)) - HTTP server of hddsDatanode listening at http://0.0.0.0:45069
2022-12-08 07:06:07,147 [Datanode State Machine Daemon Thread] INFO  statemachine.DatanodeStateMachine (DatanodeStateMachine.java:lambda$startDaemon$0(505)) - Ozone container server started.
2022-12-08 07:06:07,147 [Listener at 127.0.0.1/32903] WARN  impl.MetricRegistriesImpl (MetricRegistriesImpl.java:addReporterRegistration(111)) - New reporters are added after registries were created. Some metrics will be missing from the reporter. Please add reporter before adding any new registry.
2022-12-08 07:06:07,151 [Listener at 127.0.0.1/32903] WARN  impl.MetricRegistriesImpl (MetricRegistriesImpl.java:addReporterRegistration(111)) - New reporters are added after registries were created. Some metrics will be missing from the reporter. Please add reporter before adding any new registry.
2022-12-08 07:06:07,151 [Listener at 127.0.0.1/32903] INFO  impl.MetricsSystemImpl (MetricsSystemImpl.java:init(158)) - HddsDatanode metrics system started (again)
2022-12-08 07:06:07,159 [org.apache.hadoop.util.JvmPauseMonitor$Monitor@6144ccf3] INFO  util.JvmPauseMonitor (JvmPauseMonitor.java:run(188)) - Starting JVM pause monitor
2022-12-08 07:06:07,164 [Datanode State Machine Task Thread - 0] INFO  datanode.InitDatanodeState (InitDatanodeState.java:persistContainerDatanodeDetails(138)) - DatanodeDetails is persisted to /home/runner/work/ozone/ozone/hadoop-ozone/integration-test/target/test-dir/MiniOzoneClusterImpl-3253a570-fb02-4895-b12a-309bd2ff2d50/datanode-2/meta/datanode.id
2022-12-08 07:06:07,184 [Listener at 127.0.0.1/32903] INFO  ozone.HddsDatanodeService (HddsDatanodeService.java:start(236)) - HddsDatanodeService host:fv-az165-805.wtg55dazuvhetdvd2gpth4ys5d.dx.internal.cloudapp.net ip:10.1.0.14
2022-12-08 07:06:07,245 [Listener at 127.0.0.1/32903] INFO  upgrade.AbstractLayoutVersionManager (AbstractLayoutVersionManager.java:init(83)) - Initializing Layout version manager with metadata layout = DATANODE_SCHEMA_V3 (version = 4), software layout = DATANODE_SCHEMA_V3 (version = 4)
2022-12-08 07:06:07,309 [Listener at 127.0.0.1/32903] INFO  reflections.Reflections (Reflections.java:scan(232)) - Reflections took 60 ms to scan 7 urls, producing 140 keys and 342 values 
2022-12-08 07:06:07,311 [Listener at 127.0.0.1/32903] INFO  statemachine.DatanodeStateMachine (DatanodeStateMachine.java:getEndPointTaskThreadPoolSize(245)) - Datanode State Machine Task Thread Pool size 2
2022-12-08 07:06:07,314 [Listener at 127.0.0.1/32903] INFO  volume.HddsVolume (HddsVolume.java:<init>(117)) - Creating HddsVolume: /home/runner/work/ozone/ozone/hadoop-ozone/integration-test/target/test-dir/MiniOzoneClusterImpl-3253a570-fb02-4895-b12a-309bd2ff2d50/datanode-3/data-0/containers/hdds of storage type : DISK capacity : 9223372036854775807
2022-12-08 07:06:07,314 [Listener at 127.0.0.1/32903] INFO  volume.MutableVolumeSet (MutableVolumeSet.java:initializeVolumeSet(174)) - Added Volume : /home/runner/work/ozone/ozone/hadoop-ozone/integration-test/target/test-dir/MiniOzoneClusterImpl-3253a570-fb02-4895-b12a-309bd2ff2d50/datanode-3/data-0/containers/hdds to VolumeSet
2022-12-08 07:06:07,315 [Listener at 127.0.0.1/32903] INFO  volume.ThrottledAsyncChecker (ThrottledAsyncChecker.java:schedule(141)) - Scheduling a check for /home/runner/work/ozone/ozone/hadoop-ozone/integration-test/target/test-dir/MiniOzoneClusterImpl-3253a570-fb02-4895-b12a-309bd2ff2d50/datanode-3/data-0/containers/hdds
2022-12-08 07:06:07,318 [Listener at 127.0.0.1/32903] INFO  volume.StorageVolumeChecker (StorageVolumeChecker.java:checkAllVolumes(202)) - Scheduled health check for volume /home/runner/work/ozone/ozone/hadoop-ozone/integration-test/target/test-dir/MiniOzoneClusterImpl-3253a570-fb02-4895-b12a-309bd2ff2d50/datanode-3/data-0/containers/hdds
2022-12-08 07:06:07,332 [Listener at 127.0.0.1/32903] INFO  volume.MutableVolumeSet (MutableVolumeSet.java:initializeVolumeSet(174)) - Added Volume : /home/runner/work/ozone/ozone/hadoop-ozone/integration-test/target/test-dir/MiniOzoneClusterImpl-3253a570-fb02-4895-b12a-309bd2ff2d50/datanode-3/data/ratis to VolumeSet
2022-12-08 07:06:07,332 [Listener at 127.0.0.1/32903] INFO  volume.ThrottledAsyncChecker (ThrottledAsyncChecker.java:schedule(141)) - Scheduling a check for /home/runner/work/ozone/ozone/hadoop-ozone/integration-test/target/test-dir/MiniOzoneClusterImpl-3253a570-fb02-4895-b12a-309bd2ff2d50/datanode-3/data/ratis
2022-12-08 07:06:07,333 [Listener at 127.0.0.1/32903] INFO  volume.StorageVolumeChecker (StorageVolumeChecker.java:checkAllVolumes(202)) - Scheduled health check for volume /home/runner/work/ozone/ozone/hadoop-ozone/integration-test/target/test-dir/MiniOzoneClusterImpl-3253a570-fb02-4895-b12a-309bd2ff2d50/datanode-3/data/ratis
2022-12-08 07:06:07,350 [Thread-178] INFO  ozoneimpl.ContainerReader (ContainerReader.java:readVolume(175)) - Finish verifying containers on volume /home/runner/work/ozone/ozone/hadoop-ozone/integration-test/target/test-dir/MiniOzoneClusterImpl-3253a570-fb02-4895-b12a-309bd2ff2d50/datanode-3/data-0/containers/hdds
2022-12-08 07:06:07,351 [Listener at 127.0.0.1/32903] INFO  ozoneimpl.OzoneContainer (OzoneContainer.java:buildContainerSet(301)) - Build ContainerSet costs 0s
2022-12-08 07:06:07,355 [Listener at 127.0.0.1/32903] INFO  server.RaftServer (ConfUtils.java:logGet(46)) - raft.rpc.type = GRPC (default)
2022-12-08 07:06:07,355 [Listener at 127.0.0.1/32903] INFO  grpc.GrpcConfigKeys (ConfUtils.java:logFallback(53)) - raft.grpc.admin.host = null (fallback to raft.grpc.server.host)
2022-12-08 07:06:07,355 [Listener at 127.0.0.1/32903] INFO  grpc.GrpcConfigKeys (ConfUtils.java:logGet(46)) - raft.grpc.admin.port = 0 (custom)
2022-12-08 07:06:07,355 [Listener at 127.0.0.1/32903] INFO  grpc.GrpcConfigKeys (ConfUtils.java:logFallback(53)) - raft.grpc.client.host = null (fallback to raft.grpc.server.host)
2022-12-08 07:06:07,356 [Listener at 127.0.0.1/32903] INFO  grpc.GrpcConfigKeys (ConfUtils.java:logGet(46)) - raft.grpc.client.port = 0 (custom)
2022-12-08 07:06:07,356 [Listener at 127.0.0.1/32903] INFO  grpc.GrpcConfigKeys (ConfUtils.java:logGet(46)) - raft.grpc.server.host = null (default)
2022-12-08 07:06:07,356 [Listener at 127.0.0.1/32903] INFO  grpc.GrpcConfigKeys (ConfUtils.java:logGet(46)) - raft.grpc.server.port = 0 (default)
2022-12-08 07:06:07,356 [Listener at 127.0.0.1/32903] INFO  server.GrpcService (ConfUtils.java:logGet(46)) - raft.grpc.message.size.max = 32MB (=33554432) (custom)
2022-12-08 07:06:07,356 [Listener at 127.0.0.1/32903] INFO  server.RaftServerConfigKeys (ConfUtils.java:logGet(46)) - raft.server.log.appender.buffer.byte-limit = 33554432 (custom)
2022-12-08 07:06:07,356 [Listener at 127.0.0.1/32903] INFO  server.GrpcService (ConfUtils.java:logGet(46)) - raft.grpc.flow.control.window = 5MB (=5242880) (custom)
2022-12-08 07:06:07,356 [Listener at 127.0.0.1/32903] INFO  server.RaftServerConfigKeys (ConfUtils.java:logGet(46)) - raft.server.rpc.request.timeout = 60s (custom)
2022-12-08 07:06:07,356 [Listener at 127.0.0.1/32903] INFO  grpc.GrpcConfigKeys (ConfUtils.java:logGet(46)) - raft.grpc.server.heartbeat.channel = true (default)
2022-12-08 07:06:07,357 [Listener at 127.0.0.1/32903] INFO  grpc.GrpcConfigKeys (ConfUtils.java:logGet(46)) - raft.grpc.server.async.request.thread.pool.cached = true (default)
2022-12-08 07:06:07,357 [Listener at 127.0.0.1/32903] INFO  grpc.GrpcConfigKeys (ConfUtils.java:logGet(46)) - raft.grpc.server.async.request.thread.pool.size = 32 (default)
2022-12-08 07:06:07,359 [Listener at 127.0.0.1/32903] INFO  impl.DataStreamServerImpl (ConfUtils.java:logGet(46)) - raft.datastream.type = DISABLED (default)
2022-12-08 07:06:07,359 [Listener at 127.0.0.1/32903] INFO  server.RaftServerConfigKeys (ConfUtils.java:logGet(46)) - raft.server.threadpool.proxy.cached = true (default)
2022-12-08 07:06:07,359 [Listener at 127.0.0.1/32903] INFO  server.RaftServerConfigKeys (ConfUtils.java:logGet(46)) - raft.server.threadpool.proxy.size = 0 (default)
2022-12-08 07:06:07,359 [Listener at 127.0.0.1/32903] INFO  server.RaftServerConfigKeys (ConfUtils.java:logGet(46)) - raft.server.rpc.slowness.timeout = 300s (custom)
2022-12-08 07:06:07,359 [Listener at 127.0.0.1/32903] INFO  server.RaftServerConfigKeys (ConfUtils.java:logGet(46)) - raft.server.leaderelection.leader.step-down.wait-time = 10s (default)
2022-12-08 07:06:07,360 [Listener at 127.0.0.1/32903] INFO  server.RaftServerConfigKeys (ConfUtils.java:logGet(46)) - raft.server.storage.dir = [/home/runner/work/ozone/ozone/hadoop-ozone/integration-test/target/test-dir/MiniOzoneClusterImpl-3253a570-fb02-4895-b12a-309bd2ff2d50/datanode-3/data/ratis] (custom)
2022-12-08 07:06:07,362 [Listener at 127.0.0.1/32903] INFO  server.XceiverServerGrpc (XceiverServerGrpc.java:<init>(132)) - GrpcServer channel type EpollServerSocketChannel
2022-12-08 07:06:07,366 [Listener at 127.0.0.1/32903] INFO  http.BaseHttpServer (BaseHttpServer.java:newHttpServer2BuilderForOzone(213)) - Starting Web-server for hddsDatanode at: http://0.0.0.0:0
2022-12-08 07:06:07,366 [Listener at 127.0.0.1/32903] INFO  http.BaseHttpServer (BaseHttpServer.java:<init>(108)) - Hadoop Security Enabled: false Ozone Security Enabled: false Ozone HTTP Security Enabled: false 
2022-12-08 07:06:07,368 [Listener at 127.0.0.1/32903] WARN  server.AuthenticationFilter (AuthenticationFilter.java:constructSecretProvider(240)) - Unable to initialize FileSignerSecretProvider, falling back to use random secrets. Reason: Could not read signature secret file: /home/runner/hadoop-http-auth-signature-secret
2022-12-08 07:06:07,369 [Listener at 127.0.0.1/32903] WARN  http.HttpRequestLog (HttpRequestLog.java:getRequestLog(103)) - Jetty request log can only be enabled using Log4j
2022-12-08 07:06:07,370 [Listener at 127.0.0.1/32903] INFO  http.HttpServer2 (HttpServer2.java:addGlobalFilter(1031)) - Added global filter 'safety' (class=org.apache.hadoop.hdds.server.http.HttpServer2$QuotingInputFilter)
2022-12-08 07:06:07,371 [Listener at 127.0.0.1/32903] INFO  http.HttpServer2 (HttpServer2.java:addFilter(1007)) - Added filter static_user_filter (class=org.apache.hadoop.http.lib.StaticUserWebFilter$StaticUserFilter) to context hddsDatanode
2022-12-08 07:06:07,371 [Listener at 127.0.0.1/32903] INFO  http.HttpServer2 (HttpServer2.java:addFilter(1015)) - Added filter static_user_filter (class=org.apache.hadoop.http.lib.StaticUserWebFilter$StaticUserFilter) to context logs
2022-12-08 07:06:07,371 [Listener at 127.0.0.1/32903] INFO  http.HttpServer2 (HttpServer2.java:addFilter(1015)) - Added filter static_user_filter (class=org.apache.hadoop.http.lib.StaticUserWebFilter$StaticUserFilter) to context static
2022-12-08 07:06:07,373 [Listener at 127.0.0.1/32903] INFO  http.HttpServer2 (HttpServer2.java:bindListener(1250)) - Jetty bound to port 35661
2022-12-08 07:06:07,373 [Listener at 127.0.0.1/32903] INFO  server.Server (Server.java:doStart(375)) - jetty-9.4.49.v20220914; built: 2022-09-14T01:07:36.601Z; git: 4231a3b2e4cb8548a412a789936d640a97b1aa0a; jvm 1.8.0_352-b08
2022-12-08 07:06:07,378 [Listener at 127.0.0.1/32903] INFO  server.session (DefaultSessionIdManager.java:doStart(334)) - DefaultSessionIdManager workerName=node0
2022-12-08 07:06:07,378 [Listener at 127.0.0.1/32903] INFO  server.session (DefaultSessionIdManager.java:doStart(339)) - No SessionScavenger set, using defaults
2022-12-08 07:06:07,378 [Listener at 127.0.0.1/32903] INFO  server.session (HouseKeeper.java:startScavenging(132)) - node0 Scavenging every 660000ms
2022-12-08 07:06:07,379 [Listener at 127.0.0.1/32903] INFO  handler.ContextHandler (ContextHandler.java:doStart(921)) - Started o.e.j.s.ServletContextHandler@6da9a41a{logs,/logs,file:///home/runner/work/ozone/ozone/hadoop-ozone/integration-test/target/log,AVAILABLE}
2022-12-08 07:06:07,380 [Listener at 127.0.0.1/32903] INFO  handler.ContextHandler (ContextHandler.java:doStart(921)) - Started o.e.j.s.ServletContextHandler@283fc4b0{static,/static,jar:file:/home/runner/.m2/repository/org/apache/ozone/hdds-container-service/1.3.0-SNAPSHOT/hdds-container-service-1.3.0-SNAPSHOT.jar!/webapps/static,AVAILABLE}
2022-12-08 07:06:07,622 [Listener at 127.0.0.1/32903] INFO  handler.ContextHandler (ContextHandler.java:doStart(921)) - Started o.e.j.w.WebAppContext@5f8b8170{hddsDatanode,/,file:///tmp/jetty-0_0_0_0-35661-hdds-container-service-1_3_0-SNAPSHOT_jar-_-any-8999392837890047322/webapp/,AVAILABLE}{jar:file:/home/runner/.m2/repository/org/apache/ozone/hdds-container-service/1.3.0-SNAPSHOT/hdds-container-service-1.3.0-SNAPSHOT.jar!/webapps/hddsDatanode}
2022-12-08 07:06:07,624 [Listener at 127.0.0.1/32903] INFO  server.AbstractConnector (AbstractConnector.java:doStart(333)) - Started ServerConnector@74d0cd7b{HTTP/1.1, (http/1.1)}{0.0.0.0:35661}
2022-12-08 07:06:07,624 [Listener at 127.0.0.1/32903] INFO  server.Server (Server.java:doStart(415)) - Started @13088ms
2022-12-08 07:06:07,624 [Listener at 127.0.0.1/32903] WARN  impl.MetricsSystemImpl (MetricsSystemImpl.java:register(279)) - Sink prometheus already exists!
2022-12-08 07:06:07,625 [Listener at 127.0.0.1/32903] INFO  http.BaseHttpServer (BaseHttpServer.java:updateConnectorAddress(333)) - HTTP server of hddsDatanode listening at http://0.0.0.0:35661
2022-12-08 07:06:07,626 [Listener at 127.0.0.1/32903] WARN  impl.MetricRegistriesImpl (MetricRegistriesImpl.java:addReporterRegistration(111)) - New reporters are added after registries were created. Some metrics will be missing from the reporter. Please add reporter before adding any new registry.
2022-12-08 07:06:07,626 [Listener at 127.0.0.1/32903] WARN  impl.MetricRegistriesImpl (MetricRegistriesImpl.java:addReporterRegistration(111)) - New reporters are added after registries were created. Some metrics will be missing from the reporter. Please add reporter before adding any new registry.
2022-12-08 07:06:07,627 [Listener at 127.0.0.1/32903] INFO  impl.MetricsSystemImpl (MetricsSystemImpl.java:init(158)) - HddsDatanode metrics system started (again)
2022-12-08 07:06:07,632 [Datanode State Machine Daemon Thread] INFO  statemachine.DatanodeStateMachine (DatanodeStateMachine.java:lambda$startDaemon$0(505)) - Ozone container server started.
2022-12-08 07:06:07,648 [org.apache.hadoop.util.JvmPauseMonitor$Monitor@72e1adba] INFO  util.JvmPauseMonitor (JvmPauseMonitor.java:run(188)) - Starting JVM pause monitor
2022-12-08 07:06:07,648 [Listener at 127.0.0.1/32903] INFO  ozone.HddsDatanodeService (HddsDatanodeService.java:start(236)) - HddsDatanodeService host:fv-az165-805.wtg55dazuvhetdvd2gpth4ys5d.dx.internal.cloudapp.net ip:10.1.0.14
2022-12-08 07:06:07,651 [Datanode State Machine Task Thread - 0] INFO  datanode.InitDatanodeState (InitDatanodeState.java:persistContainerDatanodeDetails(138)) - DatanodeDetails is persisted to /home/runner/work/ozone/ozone/hadoop-ozone/integration-test/target/test-dir/MiniOzoneClusterImpl-3253a570-fb02-4895-b12a-309bd2ff2d50/datanode-3/meta/datanode.id
2022-12-08 07:06:07,684 [Listener at 127.0.0.1/32903] INFO  upgrade.AbstractLayoutVersionManager (AbstractLayoutVersionManager.java:init(83)) - Initializing Layout version manager with metadata layout = DATANODE_SCHEMA_V3 (version = 4), software layout = DATANODE_SCHEMA_V3 (version = 4)
2022-12-08 07:06:07,801 [Listener at 127.0.0.1/32903] INFO  reflections.Reflections (Reflections.java:scan(232)) - Reflections took 115 ms to scan 7 urls, producing 140 keys and 342 values 
2022-12-08 07:06:07,803 [Listener at 127.0.0.1/32903] INFO  statemachine.DatanodeStateMachine (DatanodeStateMachine.java:getEndPointTaskThreadPoolSize(245)) - Datanode State Machine Task Thread Pool size 2
2022-12-08 07:06:07,806 [Listener at 127.0.0.1/32903] INFO  volume.HddsVolume (HddsVolume.java:<init>(117)) - Creating HddsVolume: /home/runner/work/ozone/ozone/hadoop-ozone/integration-test/target/test-dir/MiniOzoneClusterImpl-3253a570-fb02-4895-b12a-309bd2ff2d50/datanode-4/data-0/containers/hdds of storage type : DISK capacity : 9223372036854775807
2022-12-08 07:06:07,806 [Listener at 127.0.0.1/32903] INFO  volume.MutableVolumeSet (MutableVolumeSet.java:initializeVolumeSet(174)) - Added Volume : /home/runner/work/ozone/ozone/hadoop-ozone/integration-test/target/test-dir/MiniOzoneClusterImpl-3253a570-fb02-4895-b12a-309bd2ff2d50/datanode-4/data-0/containers/hdds to VolumeSet
2022-12-08 07:06:07,806 [Listener at 127.0.0.1/32903] INFO  volume.ThrottledAsyncChecker (ThrottledAsyncChecker.java:schedule(141)) - Scheduling a check for /home/runner/work/ozone/ozone/hadoop-ozone/integration-test/target/test-dir/MiniOzoneClusterImpl-3253a570-fb02-4895-b12a-309bd2ff2d50/datanode-4/data-0/containers/hdds
2022-12-08 07:06:07,807 [Listener at 127.0.0.1/32903] INFO  volume.StorageVolumeChecker (StorageVolumeChecker.java:checkAllVolumes(202)) - Scheduled health check for volume /home/runner/work/ozone/ozone/hadoop-ozone/integration-test/target/test-dir/MiniOzoneClusterImpl-3253a570-fb02-4895-b12a-309bd2ff2d50/datanode-4/data-0/containers/hdds
2022-12-08 07:06:07,823 [Listener at 127.0.0.1/32903] INFO  volume.MutableVolumeSet (MutableVolumeSet.java:initializeVolumeSet(174)) - Added Volume : /home/runner/work/ozone/ozone/hadoop-ozone/integration-test/target/test-dir/MiniOzoneClusterImpl-3253a570-fb02-4895-b12a-309bd2ff2d50/datanode-4/data/ratis to VolumeSet
2022-12-08 07:06:07,823 [Listener at 127.0.0.1/32903] INFO  volume.ThrottledAsyncChecker (ThrottledAsyncChecker.java:schedule(141)) - Scheduling a check for /home/runner/work/ozone/ozone/hadoop-ozone/integration-test/target/test-dir/MiniOzoneClusterImpl-3253a570-fb02-4895-b12a-309bd2ff2d50/datanode-4/data/ratis
2022-12-08 07:06:07,823 [Listener at 127.0.0.1/32903] INFO  volume.StorageVolumeChecker (StorageVolumeChecker.java:checkAllVolumes(202)) - Scheduled health check for volume /home/runner/work/ozone/ozone/hadoop-ozone/integration-test/target/test-dir/MiniOzoneClusterImpl-3253a570-fb02-4895-b12a-309bd2ff2d50/datanode-4/data/ratis
2022-12-08 07:06:07,840 [Thread-191] INFO  ozoneimpl.ContainerReader (ContainerReader.java:readVolume(175)) - Finish verifying containers on volume /home/runner/work/ozone/ozone/hadoop-ozone/integration-test/target/test-dir/MiniOzoneClusterImpl-3253a570-fb02-4895-b12a-309bd2ff2d50/datanode-4/data-0/containers/hdds
2022-12-08 07:06:07,841 [Listener at 127.0.0.1/32903] INFO  ozoneimpl.OzoneContainer (OzoneContainer.java:buildContainerSet(301)) - Build ContainerSet costs 0s
2022-12-08 07:06:07,845 [Listener at 127.0.0.1/32903] INFO  server.RaftServer (ConfUtils.java:logGet(46)) - raft.rpc.type = GRPC (default)
2022-12-08 07:06:07,845 [Listener at 127.0.0.1/32903] INFO  grpc.GrpcConfigKeys (ConfUtils.java:logFallback(53)) - raft.grpc.admin.host = null (fallback to raft.grpc.server.host)
2022-12-08 07:06:07,845 [Listener at 127.0.0.1/32903] INFO  grpc.GrpcConfigKeys (ConfUtils.java:logGet(46)) - raft.grpc.admin.port = 0 (custom)
2022-12-08 07:06:07,846 [Listener at 127.0.0.1/32903] INFO  grpc.GrpcConfigKeys (ConfUtils.java:logFallback(53)) - raft.grpc.client.host = null (fallback to raft.grpc.server.host)
2022-12-08 07:06:07,846 [Listener at 127.0.0.1/32903] INFO  grpc.GrpcConfigKeys (ConfUtils.java:logGet(46)) - raft.grpc.client.port = 0 (custom)
2022-12-08 07:06:07,846 [Listener at 127.0.0.1/32903] INFO  grpc.GrpcConfigKeys (ConfUtils.java:logGet(46)) - raft.grpc.server.host = null (default)
2022-12-08 07:06:07,846 [Listener at 127.0.0.1/32903] INFO  grpc.GrpcConfigKeys (ConfUtils.java:logGet(46)) - raft.grpc.server.port = 0 (default)
2022-12-08 07:06:07,846 [Listener at 127.0.0.1/32903] INFO  server.GrpcService (ConfUtils.java:logGet(46)) - raft.grpc.message.size.max = 32MB (=33554432) (custom)
2022-12-08 07:06:07,846 [Listener at 127.0.0.1/32903] INFO  server.RaftServerConfigKeys (ConfUtils.java:logGet(46)) - raft.server.log.appender.buffer.byte-limit = 33554432 (custom)
2022-12-08 07:06:07,846 [Listener at 127.0.0.1/32903] INFO  server.GrpcService (ConfUtils.java:logGet(46)) - raft.grpc.flow.control.window = 5MB (=5242880) (custom)
2022-12-08 07:06:07,846 [Listener at 127.0.0.1/32903] INFO  server.RaftServerConfigKeys (ConfUtils.java:logGet(46)) - raft.server.rpc.request.timeout = 60s (custom)
2022-12-08 07:06:07,847 [Listener at 127.0.0.1/32903] INFO  grpc.GrpcConfigKeys (ConfUtils.java:logGet(46)) - raft.grpc.server.heartbeat.channel = true (default)
2022-12-08 07:06:07,847 [Listener at 127.0.0.1/32903] INFO  grpc.GrpcConfigKeys (ConfUtils.java:logGet(46)) - raft.grpc.server.async.request.thread.pool.cached = true (default)
2022-12-08 07:06:07,847 [Listener at 127.0.0.1/32903] INFO  grpc.GrpcConfigKeys (ConfUtils.java:logGet(46)) - raft.grpc.server.async.request.thread.pool.size = 32 (default)
2022-12-08 07:06:07,848 [Listener at 127.0.0.1/32903] INFO  impl.DataStreamServerImpl (ConfUtils.java:logGet(46)) - raft.datastream.type = DISABLED (default)
2022-12-08 07:06:07,848 [Listener at 127.0.0.1/32903] INFO  server.RaftServerConfigKeys (ConfUtils.java:logGet(46)) - raft.server.threadpool.proxy.cached = true (default)
2022-12-08 07:06:07,848 [Listener at 127.0.0.1/32903] INFO  server.RaftServerConfigKeys (ConfUtils.java:logGet(46)) - raft.server.threadpool.proxy.size = 0 (default)
2022-12-08 07:06:07,849 [Listener at 127.0.0.1/32903] INFO  server.RaftServerConfigKeys (ConfUtils.java:logGet(46)) - raft.server.rpc.slowness.timeout = 300s (custom)
2022-12-08 07:06:07,849 [Listener at 127.0.0.1/32903] INFO  server.RaftServerConfigKeys (ConfUtils.java:logGet(46)) - raft.server.leaderelection.leader.step-down.wait-time = 10s (default)
2022-12-08 07:06:07,849 [Listener at 127.0.0.1/32903] INFO  server.RaftServerConfigKeys (ConfUtils.java:logGet(46)) - raft.server.storage.dir = [/home/runner/work/ozone/ozone/hadoop-ozone/integration-test/target/test-dir/MiniOzoneClusterImpl-3253a570-fb02-4895-b12a-309bd2ff2d50/datanode-4/data/ratis] (custom)
2022-12-08 07:06:07,851 [Listener at 127.0.0.1/32903] INFO  server.XceiverServerGrpc (XceiverServerGrpc.java:<init>(132)) - GrpcServer channel type EpollServerSocketChannel
2022-12-08 07:06:07,855 [Listener at 127.0.0.1/32903] INFO  http.BaseHttpServer (BaseHttpServer.java:newHttpServer2BuilderForOzone(213)) - Starting Web-server for hddsDatanode at: http://0.0.0.0:0
2022-12-08 07:06:07,856 [Listener at 127.0.0.1/32903] INFO  http.BaseHttpServer (BaseHttpServer.java:<init>(108)) - Hadoop Security Enabled: false Ozone Security Enabled: false Ozone HTTP Security Enabled: false 
2022-12-08 07:06:07,858 [Listener at 127.0.0.1/32903] WARN  server.AuthenticationFilter (AuthenticationFilter.java:constructSecretProvider(240)) - Unable to initialize FileSignerSecretProvider, falling back to use random secrets. Reason: Could not read signature secret file: /home/runner/hadoop-http-auth-signature-secret
2022-12-08 07:06:07,859 [Listener at 127.0.0.1/32903] WARN  http.HttpRequestLog (HttpRequestLog.java:getRequestLog(103)) - Jetty request log can only be enabled using Log4j
2022-12-08 07:06:07,862 [Listener at 127.0.0.1/32903] INFO  http.HttpServer2 (HttpServer2.java:addGlobalFilter(1031)) - Added global filter 'safety' (class=org.apache.hadoop.hdds.server.http.HttpServer2$QuotingInputFilter)
2022-12-08 07:06:07,863 [Listener at 127.0.0.1/32903] INFO  http.HttpServer2 (HttpServer2.java:addFilter(1007)) - Added filter static_user_filter (class=org.apache.hadoop.http.lib.StaticUserWebFilter$StaticUserFilter) to context hddsDatanode
2022-12-08 07:06:07,863 [Listener at 127.0.0.1/32903] INFO  http.HttpServer2 (HttpServer2.java:addFilter(1015)) - Added filter static_user_filter (class=org.apache.hadoop.http.lib.StaticUserWebFilter$StaticUserFilter) to context logs
2022-12-08 07:06:07,864 [Listener at 127.0.0.1/32903] INFO  http.HttpServer2 (HttpServer2.java:addFilter(1015)) - Added filter static_user_filter (class=org.apache.hadoop.http.lib.StaticUserWebFilter$StaticUserFilter) to context static
2022-12-08 07:06:07,864 [Listener at 127.0.0.1/32903] INFO  http.HttpServer2 (HttpServer2.java:bindListener(1250)) - Jetty bound to port 35513
2022-12-08 07:06:07,864 [Listener at 127.0.0.1/32903] INFO  server.Server (Server.java:doStart(375)) - jetty-9.4.49.v20220914; built: 2022-09-14T01:07:36.601Z; git: 4231a3b2e4cb8548a412a789936d640a97b1aa0a; jvm 1.8.0_352-b08
2022-12-08 07:06:07,866 [Listener at 127.0.0.1/32903] INFO  server.session (DefaultSessionIdManager.java:doStart(334)) - DefaultSessionIdManager workerName=node0
2022-12-08 07:06:07,867 [Listener at 127.0.0.1/32903] INFO  server.session (DefaultSessionIdManager.java:doStart(339)) - No SessionScavenger set, using defaults
2022-12-08 07:06:07,867 [Listener at 127.0.0.1/32903] INFO  server.session (HouseKeeper.java:startScavenging(132)) - node0 Scavenging every 600000ms
2022-12-08 07:06:07,868 [Listener at 127.0.0.1/32903] INFO  handler.ContextHandler (ContextHandler.java:doStart(921)) - Started o.e.j.s.ServletContextHandler@3c3c588f{logs,/logs,file:///home/runner/work/ozone/ozone/hadoop-ozone/integration-test/target/log,AVAILABLE}
2022-12-08 07:06:07,868 [Listener at 127.0.0.1/32903] INFO  handler.ContextHandler (ContextHandler.java:doStart(921)) - Started o.e.j.s.ServletContextHandler@3155a7c6{static,/static,jar:file:/home/runner/.m2/repository/org/apache/ozone/hdds-container-service/1.3.0-SNAPSHOT/hdds-container-service-1.3.0-SNAPSHOT.jar!/webapps/static,AVAILABLE}
2022-12-08 07:06:08,038 [ReplicationMonitor] INFO  replication.ReplicationManager (ReplicationManager.java:processAll(323)) - Replication Manager is not ready to run until 3000ms after safemode exit
2022-12-08 07:06:08,113 [Listener at 127.0.0.1/32903] INFO  handler.ContextHandler (ContextHandler.java:doStart(921)) - Started o.e.j.w.WebAppContext@5d9a2f90{hddsDatanode,/,file:///tmp/jetty-0_0_0_0-35513-hdds-container-service-1_3_0-SNAPSHOT_jar-_-any-4638555183435257842/webapp/,AVAILABLE}{jar:file:/home/runner/.m2/repository/org/apache/ozone/hdds-container-service/1.3.0-SNAPSHOT/hdds-container-service-1.3.0-SNAPSHOT.jar!/webapps/hddsDatanode}
2022-12-08 07:06:08,117 [Listener at 127.0.0.1/32903] INFO  server.AbstractConnector (AbstractConnector.java:doStart(333)) - Started ServerConnector@57023be7{HTTP/1.1, (http/1.1)}{0.0.0.0:35513}
2022-12-08 07:06:08,117 [Listener at 127.0.0.1/32903] INFO  server.Server (Server.java:doStart(415)) - Started @13580ms
2022-12-08 07:06:08,117 [Listener at 127.0.0.1/32903] WARN  impl.MetricsSystemImpl (MetricsSystemImpl.java:register(279)) - Sink prometheus already exists!
2022-12-08 07:06:08,123 [Listener at 127.0.0.1/32903] INFO  http.BaseHttpServer (BaseHttpServer.java:updateConnectorAddress(333)) - HTTP server of hddsDatanode listening at http://0.0.0.0:35513
2022-12-08 07:06:08,130 [Listener at 127.0.0.1/32903] WARN  impl.MetricRegistriesImpl (MetricRegistriesImpl.java:addReporterRegistration(111)) - New reporters are added after registries were created. Some metrics will be missing from the reporter. Please add reporter before adding any new registry.
2022-12-08 07:06:08,131 [Listener at 127.0.0.1/32903] WARN  impl.MetricRegistriesImpl (MetricRegistriesImpl.java:addReporterRegistration(111)) - New reporters are added after registries were created. Some metrics will be missing from the reporter. Please add reporter before adding any new registry.
2022-12-08 07:06:08,131 [Listener at 127.0.0.1/32903] INFO  impl.MetricsSystemImpl (MetricsSystemImpl.java:init(158)) - HddsDatanode metrics system started (again)
2022-12-08 07:06:08,136 [Datanode State Machine Daemon Thread] INFO  statemachine.DatanodeStateMachine (DatanodeStateMachine.java:lambda$startDaemon$0(505)) - Ozone container server started.
2022-12-08 07:06:08,169 [Listener at 127.0.0.1/32903] INFO  ozone.HddsDatanodeService (HddsDatanodeService.java:start(236)) - HddsDatanodeService host:fv-az165-805.wtg55dazuvhetdvd2gpth4ys5d.dx.internal.cloudapp.net ip:10.1.0.14
2022-12-08 07:06:08,176 [org.apache.hadoop.util.JvmPauseMonitor$Monitor@43299ca5] INFO  util.JvmPauseMonitor (JvmPauseMonitor.java:run(188)) - Starting JVM pause monitor
2022-12-08 07:06:08,190 [Datanode State Machine Task Thread - 0] INFO  datanode.InitDatanodeState (InitDatanodeState.java:persistContainerDatanodeDetails(138)) - DatanodeDetails is persisted to /home/runner/work/ozone/ozone/hadoop-ozone/integration-test/target/test-dir/MiniOzoneClusterImpl-3253a570-fb02-4895-b12a-309bd2ff2d50/datanode-4/meta/datanode.id
2022-12-08 07:06:08,216 [Listener at 127.0.0.1/32903] INFO  upgrade.AbstractLayoutVersionManager (AbstractLayoutVersionManager.java:init(83)) - Initializing Layout version manager with metadata layout = DATANODE_SCHEMA_V3 (version = 4), software layout = DATANODE_SCHEMA_V3 (version = 4)
2022-12-08 07:06:08,264 [EndpointStateMachine task thread for /0.0.0.0:38075 - 0 ] INFO  utils.DatanodeStoreCache (DatanodeStoreCache.java:addDB(58)) - Added db /home/runner/work/ozone/ozone/hadoop-ozone/integration-test/target/test-dir/MiniOzoneClusterImpl-3253a570-fb02-4895-b12a-309bd2ff2d50/datanode-0/data-0/containers/hdds/3253a570-fb02-4895-b12a-309bd2ff2d50/DS-823c7e27-1c48-4786-bf35-280e5b2cb0b3/container.db to cache
2022-12-08 07:06:08,265 [EndpointStateMachine task thread for /0.0.0.0:38075 - 0 ] INFO  volume.HddsVolume (HddsVolume.java:createDbStore(307)) - SchemaV3 db is created and loaded at /home/runner/work/ozone/ozone/hadoop-ozone/integration-test/target/test-dir/MiniOzoneClusterImpl-3253a570-fb02-4895-b12a-309bd2ff2d50/datanode-0/data-0/containers/hdds/3253a570-fb02-4895-b12a-309bd2ff2d50/DS-823c7e27-1c48-4786-bf35-280e5b2cb0b3/container.db for volume DS-823c7e27-1c48-4786-bf35-280e5b2cb0b3
2022-12-08 07:06:08,271 [EndpointStateMachine task thread for /0.0.0.0:38075 - 0 ] INFO  ozoneimpl.OzoneContainer (OzoneContainer.java:start(395)) - Attempting to start container services.
2022-12-08 07:06:08,277 [EndpointStateMachine task thread for /0.0.0.0:38075 - 0 ] INFO  ozoneimpl.OzoneContainer (OzoneContainer.java:startContainerScrub(312)) - Scheduled background container scanners and the on-demand container scanner have been disabled.
2022-12-08 07:06:08,279 [EndpointStateMachine task thread for /0.0.0.0:38075 - 0 ] INFO  replication.ReplicationServer (ReplicationServer.java:start(111)) - ReplicationServer is started using port 34875
2022-12-08 07:06:08,283 [EndpointStateMachine task thread for /0.0.0.0:38075 - 0 ] INFO  ratis.XceiverServerRatis (XceiverServerRatis.java:start(481)) - Starting XceiverServerRatis a323b8f8-7c4d-4fe6-8663-2fcba1e99710
2022-12-08 07:06:08,296 [EndpointStateMachine task thread for /0.0.0.0:38075 - 0 ] INFO  server.RaftServer (RaftServerProxy.java:startImpl(393)) - a323b8f8-7c4d-4fe6-8663-2fcba1e99710: start RPC server
2022-12-08 07:06:08,299 [EndpointStateMachine task thread for /0.0.0.0:38075 - 0 ] INFO  server.GrpcService (GrpcService.java:startImpl(262)) - a323b8f8-7c4d-4fe6-8663-2fcba1e99710: GrpcService started, listening on 38689
2022-12-08 07:06:08,300 [EndpointStateMachine task thread for /0.0.0.0:38075 - 0 ] INFO  ratis.XceiverServerRatis (XceiverServerRatis.java:getRealPort(502)) - XceiverServerRatis a323b8f8-7c4d-4fe6-8663-2fcba1e99710 is started using port 38689 for RATIS
2022-12-08 07:06:08,300 [EndpointStateMachine task thread for /0.0.0.0:38075 - 0 ] INFO  ratis.XceiverServerRatis (XceiverServerRatis.java:getRealPort(502)) - XceiverServerRatis a323b8f8-7c4d-4fe6-8663-2fcba1e99710 is started using port 38689 for RATIS_ADMIN
2022-12-08 07:06:08,300 [EndpointStateMachine task thread for /0.0.0.0:38075 - 0 ] INFO  ratis.XceiverServerRatis (XceiverServerRatis.java:getRealPort(502)) - XceiverServerRatis a323b8f8-7c4d-4fe6-8663-2fcba1e99710 is started using port 38689 for RATIS_SERVER
2022-12-08 07:06:08,300 [JvmPauseMonitor1] INFO  util.JvmPauseMonitor (JvmPauseMonitor.java:run(105)) - JvmPauseMonitor-a323b8f8-7c4d-4fe6-8663-2fcba1e99710: Started
2022-12-08 07:06:08,303 [EndpointStateMachine task thread for /0.0.0.0:38075 - 0 ] INFO  server.XceiverServerGrpc (XceiverServerGrpc.java:start(180)) - XceiverServerGrpc a323b8f8-7c4d-4fe6-8663-2fcba1e99710 is started using port 41587
2022-12-08 07:06:08,324 [Listener at 127.0.0.1/32903] INFO  reflections.Reflections (Reflections.java:scan(232)) - Reflections took 105 ms to scan 7 urls, producing 140 keys and 342 values 
2022-12-08 07:06:08,326 [Listener at 127.0.0.1/32903] INFO  statemachine.DatanodeStateMachine (DatanodeStateMachine.java:getEndPointTaskThreadPoolSize(245)) - Datanode State Machine Task Thread Pool size 2
2022-12-08 07:06:08,339 [Listener at 127.0.0.1/32903] INFO  volume.HddsVolume (HddsVolume.java:<init>(117)) - Creating HddsVolume: /home/runner/work/ozone/ozone/hadoop-ozone/integration-test/target/test-dir/MiniOzoneClusterImpl-3253a570-fb02-4895-b12a-309bd2ff2d50/datanode-5/data-0/containers/hdds of storage type : DISK capacity : 9223372036854775807
2022-12-08 07:06:08,341 [Listener at 127.0.0.1/32903] INFO  volume.MutableVolumeSet (MutableVolumeSet.java:initializeVolumeSet(174)) - Added Volume : /home/runner/work/ozone/ozone/hadoop-ozone/integration-test/target/test-dir/MiniOzoneClusterImpl-3253a570-fb02-4895-b12a-309bd2ff2d50/datanode-5/data-0/containers/hdds to VolumeSet
2022-12-08 07:06:08,342 [Listener at 127.0.0.1/32903] INFO  volume.ThrottledAsyncChecker (ThrottledAsyncChecker.java:schedule(141)) - Scheduling a check for /home/runner/work/ozone/ozone/hadoop-ozone/integration-test/target/test-dir/MiniOzoneClusterImpl-3253a570-fb02-4895-b12a-309bd2ff2d50/datanode-5/data-0/containers/hdds
2022-12-08 07:06:08,343 [Listener at 127.0.0.1/32903] INFO  volume.StorageVolumeChecker (StorageVolumeChecker.java:checkAllVolumes(202)) - Scheduled health check for volume /home/runner/work/ozone/ozone/hadoop-ozone/integration-test/target/test-dir/MiniOzoneClusterImpl-3253a570-fb02-4895-b12a-309bd2ff2d50/datanode-5/data-0/containers/hdds
2022-12-08 07:06:08,361 [Listener at 127.0.0.1/32903] INFO  volume.MutableVolumeSet (MutableVolumeSet.java:initializeVolumeSet(174)) - Added Volume : /home/runner/work/ozone/ozone/hadoop-ozone/integration-test/target/test-dir/MiniOzoneClusterImpl-3253a570-fb02-4895-b12a-309bd2ff2d50/datanode-5/data/ratis to VolumeSet
2022-12-08 07:06:08,361 [Listener at 127.0.0.1/32903] INFO  volume.ThrottledAsyncChecker (ThrottledAsyncChecker.java:schedule(141)) - Scheduling a check for /home/runner/work/ozone/ozone/hadoop-ozone/integration-test/target/test-dir/MiniOzoneClusterImpl-3253a570-fb02-4895-b12a-309bd2ff2d50/datanode-5/data/ratis
2022-12-08 07:06:08,361 [Listener at 127.0.0.1/32903] INFO  volume.StorageVolumeChecker (StorageVolumeChecker.java:checkAllVolumes(202)) - Scheduled health check for volume /home/runner/work/ozone/ozone/hadoop-ozone/integration-test/target/test-dir/MiniOzoneClusterImpl-3253a570-fb02-4895-b12a-309bd2ff2d50/datanode-5/data/ratis
2022-12-08 07:06:08,379 [Thread-210] INFO  ozoneimpl.ContainerReader (ContainerReader.java:readVolume(175)) - Finish verifying containers on volume /home/runner/work/ozone/ozone/hadoop-ozone/integration-test/target/test-dir/MiniOzoneClusterImpl-3253a570-fb02-4895-b12a-309bd2ff2d50/datanode-5/data-0/containers/hdds
2022-12-08 07:06:08,380 [Listener at 127.0.0.1/32903] INFO  ozoneimpl.OzoneContainer (OzoneContainer.java:buildContainerSet(301)) - Build ContainerSet costs 0s
2022-12-08 07:06:08,384 [Listener at 127.0.0.1/32903] INFO  server.RaftServer (ConfUtils.java:logGet(46)) - raft.rpc.type = GRPC (default)
2022-12-08 07:06:08,384 [Listener at 127.0.0.1/32903] INFO  grpc.GrpcConfigKeys (ConfUtils.java:logFallback(53)) - raft.grpc.admin.host = null (fallback to raft.grpc.server.host)
2022-12-08 07:06:08,385 [Listener at 127.0.0.1/32903] INFO  grpc.GrpcConfigKeys (ConfUtils.java:logGet(46)) - raft.grpc.admin.port = 0 (custom)
2022-12-08 07:06:08,385 [Listener at 127.0.0.1/32903] INFO  grpc.GrpcConfigKeys (ConfUtils.java:logFallback(53)) - raft.grpc.client.host = null (fallback to raft.grpc.server.host)
2022-12-08 07:06:08,385 [Listener at 127.0.0.1/32903] INFO  grpc.GrpcConfigKeys (ConfUtils.java:logGet(46)) - raft.grpc.client.port = 0 (custom)
2022-12-08 07:06:08,385 [Listener at 127.0.0.1/32903] INFO  grpc.GrpcConfigKeys (ConfUtils.java:logGet(46)) - raft.grpc.server.host = null (default)
2022-12-08 07:06:08,385 [Listener at 127.0.0.1/32903] INFO  grpc.GrpcConfigKeys (ConfUtils.java:logGet(46)) - raft.grpc.server.port = 0 (default)
2022-12-08 07:06:08,385 [Listener at 127.0.0.1/32903] INFO  server.GrpcService (ConfUtils.java:logGet(46)) - raft.grpc.message.size.max = 32MB (=33554432) (custom)
2022-12-08 07:06:08,386 [Listener at 127.0.0.1/32903] INFO  server.RaftServerConfigKeys (ConfUtils.java:logGet(46)) - raft.server.log.appender.buffer.byte-limit = 33554432 (custom)
2022-12-08 07:06:08,386 [Listener at 127.0.0.1/32903] INFO  server.GrpcService (ConfUtils.java:logGet(46)) - raft.grpc.flow.control.window = 5MB (=5242880) (custom)
2022-12-08 07:06:08,386 [Listener at 127.0.0.1/32903] INFO  server.RaftServerConfigKeys (ConfUtils.java:logGet(46)) - raft.server.rpc.request.timeout = 60s (custom)
2022-12-08 07:06:08,386 [Listener at 127.0.0.1/32903] INFO  grpc.GrpcConfigKeys (ConfUtils.java:logGet(46)) - raft.grpc.server.heartbeat.channel = true (default)
2022-12-08 07:06:08,386 [Listener at 127.0.0.1/32903] INFO  grpc.GrpcConfigKeys (ConfUtils.java:logGet(46)) - raft.grpc.server.async.request.thread.pool.cached = true (default)
2022-12-08 07:06:08,386 [Listener at 127.0.0.1/32903] INFO  grpc.GrpcConfigKeys (ConfUtils.java:logGet(46)) - raft.grpc.server.async.request.thread.pool.size = 32 (default)
2022-12-08 07:06:08,389 [Listener at 127.0.0.1/32903] INFO  impl.DataStreamServerImpl (ConfUtils.java:logGet(46)) - raft.datastream.type = DISABLED (default)
2022-12-08 07:06:08,390 [Listener at 127.0.0.1/32903] INFO  server.RaftServerConfigKeys (ConfUtils.java:logGet(46)) - raft.server.threadpool.proxy.cached = true (default)
2022-12-08 07:06:08,390 [Listener at 127.0.0.1/32903] INFO  server.RaftServerConfigKeys (ConfUtils.java:logGet(46)) - raft.server.threadpool.proxy.size = 0 (default)
2022-12-08 07:06:08,390 [Listener at 127.0.0.1/32903] INFO  server.RaftServerConfigKeys (ConfUtils.java:logGet(46)) - raft.server.rpc.slowness.timeout = 300s (custom)
2022-12-08 07:06:08,390 [Listener at 127.0.0.1/32903] INFO  server.RaftServerConfigKeys (ConfUtils.java:logGet(46)) - raft.server.leaderelection.leader.step-down.wait-time = 10s (default)
2022-12-08 07:06:08,390 [Listener at 127.0.0.1/32903] INFO  server.RaftServerConfigKeys (ConfUtils.java:logGet(46)) - raft.server.storage.dir = [/home/runner/work/ozone/ozone/hadoop-ozone/integration-test/target/test-dir/MiniOzoneClusterImpl-3253a570-fb02-4895-b12a-309bd2ff2d50/datanode-5/data/ratis] (custom)
2022-12-08 07:06:08,392 [Listener at 127.0.0.1/32903] INFO  server.XceiverServerGrpc (XceiverServerGrpc.java:<init>(132)) - GrpcServer channel type EpollServerSocketChannel
2022-12-08 07:06:08,397 [Listener at 127.0.0.1/32903] INFO  http.BaseHttpServer (BaseHttpServer.java:newHttpServer2BuilderForOzone(213)) - Starting Web-server for hddsDatanode at: http://0.0.0.0:0
2022-12-08 07:06:08,398 [Listener at 127.0.0.1/32903] INFO  http.BaseHttpServer (BaseHttpServer.java:<init>(108)) - Hadoop Security Enabled: false Ozone Security Enabled: false Ozone HTTP Security Enabled: false 
2022-12-08 07:06:08,399 [Listener at 127.0.0.1/32903] WARN  server.AuthenticationFilter (AuthenticationFilter.java:constructSecretProvider(240)) - Unable to initialize FileSignerSecretProvider, falling back to use random secrets. Reason: Could not read signature secret file: /home/runner/hadoop-http-auth-signature-secret
2022-12-08 07:06:08,402 [Listener at 127.0.0.1/32903] WARN  http.HttpRequestLog (HttpRequestLog.java:getRequestLog(103)) - Jetty request log can only be enabled using Log4j
2022-12-08 07:06:08,406 [Listener at 127.0.0.1/32903] INFO  http.HttpServer2 (HttpServer2.java:addGlobalFilter(1031)) - Added global filter 'safety' (class=org.apache.hadoop.hdds.server.http.HttpServer2$QuotingInputFilter)
2022-12-08 07:06:08,407 [Listener at 127.0.0.1/32903] INFO  http.HttpServer2 (HttpServer2.java:addFilter(1007)) - Added filter static_user_filter (class=org.apache.hadoop.http.lib.StaticUserWebFilter$StaticUserFilter) to context hddsDatanode
2022-12-08 07:06:08,407 [Listener at 127.0.0.1/32903] INFO  http.HttpServer2 (HttpServer2.java:addFilter(1015)) - Added filter static_user_filter (class=org.apache.hadoop.http.lib.StaticUserWebFilter$StaticUserFilter) to context logs
2022-12-08 07:06:08,407 [Listener at 127.0.0.1/32903] INFO  http.HttpServer2 (HttpServer2.java:addFilter(1015)) - Added filter static_user_filter (class=org.apache.hadoop.http.lib.StaticUserWebFilter$StaticUserFilter) to context static
2022-12-08 07:06:08,409 [Listener at 127.0.0.1/32903] INFO  http.HttpServer2 (HttpServer2.java:bindListener(1250)) - Jetty bound to port 46493
2022-12-08 07:06:08,410 [Listener at 127.0.0.1/32903] INFO  server.Server (Server.java:doStart(375)) - jetty-9.4.49.v20220914; built: 2022-09-14T01:07:36.601Z; git: 4231a3b2e4cb8548a412a789936d640a97b1aa0a; jvm 1.8.0_352-b08
2022-12-08 07:06:08,413 [Listener at 127.0.0.1/32903] INFO  server.session (DefaultSessionIdManager.java:doStart(334)) - DefaultSessionIdManager workerName=node0
2022-12-08 07:06:08,413 [Listener at 127.0.0.1/32903] INFO  server.session (DefaultSessionIdManager.java:doStart(339)) - No SessionScavenger set, using defaults
2022-12-08 07:06:08,413 [Listener at 127.0.0.1/32903] INFO  server.session (HouseKeeper.java:startScavenging(132)) - node0 Scavenging every 600000ms
2022-12-08 07:06:08,415 [Listener at 127.0.0.1/32903] INFO  handler.ContextHandler (ContextHandler.java:doStart(921)) - Started o.e.j.s.ServletContextHandler@5206f546{logs,/logs,file:///home/runner/work/ozone/ozone/hadoop-ozone/integration-test/target/log,AVAILABLE}
2022-12-08 07:06:08,415 [Listener at 127.0.0.1/32903] INFO  handler.ContextHandler (ContextHandler.java:doStart(921)) - Started o.e.j.s.ServletContextHandler@2488c6b4{static,/static,jar:file:/home/runner/.m2/repository/org/apache/ozone/hdds-container-service/1.3.0-SNAPSHOT/hdds-container-service-1.3.0-SNAPSHOT.jar!/webapps/static,AVAILABLE}
2022-12-08 07:06:08,639 [Listener at 127.0.0.1/32903] INFO  handler.ContextHandler (ContextHandler.java:doStart(921)) - Started o.e.j.w.WebAppContext@47a9c1a5{hddsDatanode,/,file:///tmp/jetty-0_0_0_0-46493-hdds-container-service-1_3_0-SNAPSHOT_jar-_-any-6570221898628552822/webapp/,AVAILABLE}{jar:file:/home/runner/.m2/repository/org/apache/ozone/hdds-container-service/1.3.0-SNAPSHOT/hdds-container-service-1.3.0-SNAPSHOT.jar!/webapps/hddsDatanode}
2022-12-08 07:06:08,641 [Listener at 127.0.0.1/32903] INFO  server.AbstractConnector (AbstractConnector.java:doStart(333)) - Started ServerConnector@3bb1d90{HTTP/1.1, (http/1.1)}{0.0.0.0:46493}
2022-12-08 07:06:08,641 [Listener at 127.0.0.1/32903] INFO  server.Server (Server.java:doStart(415)) - Started @14105ms
2022-12-08 07:06:08,641 [Listener at 127.0.0.1/32903] WARN  impl.MetricsSystemImpl (MetricsSystemImpl.java:register(279)) - Sink prometheus already exists!
2022-12-08 07:06:08,642 [Listener at 127.0.0.1/32903] INFO  http.BaseHttpServer (BaseHttpServer.java:updateConnectorAddress(333)) - HTTP server of hddsDatanode listening at http://0.0.0.0:46493
2022-12-08 07:06:08,643 [Datanode State Machine Daemon Thread] INFO  statemachine.DatanodeStateMachine (DatanodeStateMachine.java:lambda$startDaemon$0(505)) - Ozone container server started.
2022-12-08 07:06:08,643 [Listener at 127.0.0.1/32903] WARN  impl.MetricRegistriesImpl (MetricRegistriesImpl.java:addReporterRegistration(111)) - New reporters are added after registries were created. Some metrics will be missing from the reporter. Please add reporter before adding any new registry.
2022-12-08 07:06:08,644 [Listener at 127.0.0.1/32903] WARN  impl.MetricRegistriesImpl (MetricRegistriesImpl.java:addReporterRegistration(111)) - New reporters are added after registries were created. Some metrics will be missing from the reporter. Please add reporter before adding any new registry.
2022-12-08 07:06:08,644 [Listener at 127.0.0.1/32903] INFO  impl.MetricsSystemImpl (MetricsSystemImpl.java:init(158)) - HddsDatanode metrics system started (again)
2022-12-08 07:06:08,678 [org.apache.hadoop.util.JvmPauseMonitor$Monitor@1967317e] INFO  util.JvmPauseMonitor (JvmPauseMonitor.java:run(188)) - Starting JVM pause monitor
2022-12-08 07:06:08,686 [Listener at 127.0.0.1/32903] INFO  ozone.HddsDatanodeService (HddsDatanodeService.java:start(236)) - HddsDatanodeService host:fv-az165-805.wtg55dazuvhetdvd2gpth4ys5d.dx.internal.cloudapp.net ip:10.1.0.14
2022-12-08 07:06:08,699 [Datanode State Machine Task Thread - 0] INFO  datanode.InitDatanodeState (InitDatanodeState.java:persistContainerDatanodeDetails(138)) - DatanodeDetails is persisted to /home/runner/work/ozone/ozone/hadoop-ozone/integration-test/target/test-dir/MiniOzoneClusterImpl-3253a570-fb02-4895-b12a-309bd2ff2d50/datanode-5/meta/datanode.id
2022-12-08 07:06:08,749 [Listener at 127.0.0.1/32903] INFO  upgrade.AbstractLayoutVersionManager (AbstractLayoutVersionManager.java:init(83)) - Initializing Layout version manager with metadata layout = DATANODE_SCHEMA_V3 (version = 4), software layout = DATANODE_SCHEMA_V3 (version = 4)
2022-12-08 07:06:08,764 [EndpointStateMachine task thread for /0.0.0.0:38075 - 0 ] INFO  utils.DatanodeStoreCache (DatanodeStoreCache.java:addDB(58)) - Added db /home/runner/work/ozone/ozone/hadoop-ozone/integration-test/target/test-dir/MiniOzoneClusterImpl-3253a570-fb02-4895-b12a-309bd2ff2d50/datanode-1/data-0/containers/hdds/3253a570-fb02-4895-b12a-309bd2ff2d50/DS-dea5b919-443a-4f9b-a6db-1db874ecd1e9/container.db to cache
2022-12-08 07:06:08,765 [EndpointStateMachine task thread for /0.0.0.0:38075 - 0 ] INFO  volume.HddsVolume (HddsVolume.java:createDbStore(307)) - SchemaV3 db is created and loaded at /home/runner/work/ozone/ozone/hadoop-ozone/integration-test/target/test-dir/MiniOzoneClusterImpl-3253a570-fb02-4895-b12a-309bd2ff2d50/datanode-1/data-0/containers/hdds/3253a570-fb02-4895-b12a-309bd2ff2d50/DS-dea5b919-443a-4f9b-a6db-1db874ecd1e9/container.db for volume DS-dea5b919-443a-4f9b-a6db-1db874ecd1e9
2022-12-08 07:06:08,765 [EndpointStateMachine task thread for /0.0.0.0:38075 - 0 ] INFO  ozoneimpl.OzoneContainer (OzoneContainer.java:start(395)) - Attempting to start container services.
2022-12-08 07:06:08,766 [EndpointStateMachine task thread for /0.0.0.0:38075 - 0 ] INFO  ozoneimpl.OzoneContainer (OzoneContainer.java:startContainerScrub(312)) - Scheduled background container scanners and the on-demand container scanner have been disabled.
2022-12-08 07:06:08,771 [EndpointStateMachine task thread for /0.0.0.0:38075 - 0 ] INFO  replication.ReplicationServer (ReplicationServer.java:start(111)) - ReplicationServer is started using port 39487
2022-12-08 07:06:08,771 [EndpointStateMachine task thread for /0.0.0.0:38075 - 0 ] INFO  ratis.XceiverServerRatis (XceiverServerRatis.java:start(481)) - Starting XceiverServerRatis 624d0ae4-c5c0-4b02-bbde-b37f19cf8f9a
2022-12-08 07:06:08,795 [EndpointStateMachine task thread for /0.0.0.0:38075 - 0 ] INFO  server.RaftServer (RaftServerProxy.java:startImpl(393)) - 624d0ae4-c5c0-4b02-bbde-b37f19cf8f9a: start RPC server
2022-12-08 07:06:08,797 [EndpointStateMachine task thread for /0.0.0.0:38075 - 0 ] INFO  server.GrpcService (GrpcService.java:startImpl(262)) - 624d0ae4-c5c0-4b02-bbde-b37f19cf8f9a: GrpcService started, listening on 41749
2022-12-08 07:06:08,803 [EndpointStateMachine task thread for /0.0.0.0:38075 - 0 ] INFO  ratis.XceiverServerRatis (XceiverServerRatis.java:getRealPort(502)) - XceiverServerRatis 624d0ae4-c5c0-4b02-bbde-b37f19cf8f9a is started using port 41749 for RATIS
2022-12-08 07:06:08,804 [EndpointStateMachine task thread for /0.0.0.0:38075 - 0 ] INFO  ratis.XceiverServerRatis (XceiverServerRatis.java:getRealPort(502)) - XceiverServerRatis 624d0ae4-c5c0-4b02-bbde-b37f19cf8f9a is started using port 41749 for RATIS_ADMIN
2022-12-08 07:06:08,804 [EndpointStateMachine task thread for /0.0.0.0:38075 - 0 ] INFO  ratis.XceiverServerRatis (XceiverServerRatis.java:getRealPort(502)) - XceiverServerRatis 624d0ae4-c5c0-4b02-bbde-b37f19cf8f9a is started using port 41749 for RATIS_SERVER
2022-12-08 07:06:08,808 [JvmPauseMonitor2] INFO  util.JvmPauseMonitor (JvmPauseMonitor.java:run(105)) - JvmPauseMonitor-624d0ae4-c5c0-4b02-bbde-b37f19cf8f9a: Started
2022-12-08 07:06:08,811 [EndpointStateMachine task thread for /0.0.0.0:38075 - 0 ] INFO  server.XceiverServerGrpc (XceiverServerGrpc.java:start(180)) - XceiverServerGrpc 624d0ae4-c5c0-4b02-bbde-b37f19cf8f9a is started using port 43743
2022-12-08 07:06:08,851 [Listener at 127.0.0.1/32903] INFO  reflections.Reflections (Reflections.java:scan(232)) - Reflections took 99 ms to scan 7 urls, producing 140 keys and 342 values 
2022-12-08 07:06:08,853 [Listener at 127.0.0.1/32903] INFO  statemachine.DatanodeStateMachine (DatanodeStateMachine.java:getEndPointTaskThreadPoolSize(245)) - Datanode State Machine Task Thread Pool size 2
2022-12-08 07:06:08,857 [Listener at 127.0.0.1/32903] INFO  volume.HddsVolume (HddsVolume.java:<init>(117)) - Creating HddsVolume: /home/runner/work/ozone/ozone/hadoop-ozone/integration-test/target/test-dir/MiniOzoneClusterImpl-3253a570-fb02-4895-b12a-309bd2ff2d50/datanode-6/data-0/containers/hdds of storage type : DISK capacity : 9223372036854775807
2022-12-08 07:06:08,857 [Listener at 127.0.0.1/32903] INFO  volume.MutableVolumeSet (MutableVolumeSet.java:initializeVolumeSet(174)) - Added Volume : /home/runner/work/ozone/ozone/hadoop-ozone/integration-test/target/test-dir/MiniOzoneClusterImpl-3253a570-fb02-4895-b12a-309bd2ff2d50/datanode-6/data-0/containers/hdds to VolumeSet
2022-12-08 07:06:08,857 [Listener at 127.0.0.1/32903] INFO  volume.ThrottledAsyncChecker (ThrottledAsyncChecker.java:schedule(141)) - Scheduling a check for /home/runner/work/ozone/ozone/hadoop-ozone/integration-test/target/test-dir/MiniOzoneClusterImpl-3253a570-fb02-4895-b12a-309bd2ff2d50/datanode-6/data-0/containers/hdds
2022-12-08 07:06:08,858 [Listener at 127.0.0.1/32903] INFO  volume.StorageVolumeChecker (StorageVolumeChecker.java:checkAllVolumes(202)) - Scheduled health check for volume /home/runner/work/ozone/ozone/hadoop-ozone/integration-test/target/test-dir/MiniOzoneClusterImpl-3253a570-fb02-4895-b12a-309bd2ff2d50/datanode-6/data-0/containers/hdds
2022-12-08 07:06:08,873 [Listener at 127.0.0.1/32903] INFO  volume.MutableVolumeSet (MutableVolumeSet.java:initializeVolumeSet(174)) - Added Volume : /home/runner/work/ozone/ozone/hadoop-ozone/integration-test/target/test-dir/MiniOzoneClusterImpl-3253a570-fb02-4895-b12a-309bd2ff2d50/datanode-6/data/ratis to VolumeSet
2022-12-08 07:06:08,874 [Listener at 127.0.0.1/32903] INFO  volume.ThrottledAsyncChecker (ThrottledAsyncChecker.java:schedule(141)) - Scheduling a check for /home/runner/work/ozone/ozone/hadoop-ozone/integration-test/target/test-dir/MiniOzoneClusterImpl-3253a570-fb02-4895-b12a-309bd2ff2d50/datanode-6/data/ratis
2022-12-08 07:06:08,874 [Listener at 127.0.0.1/32903] INFO  volume.StorageVolumeChecker (StorageVolumeChecker.java:checkAllVolumes(202)) - Scheduled health check for volume /home/runner/work/ozone/ozone/hadoop-ozone/integration-test/target/test-dir/MiniOzoneClusterImpl-3253a570-fb02-4895-b12a-309bd2ff2d50/datanode-6/data/ratis
2022-12-08 07:06:08,888 [Thread-228] INFO  ozoneimpl.ContainerReader (ContainerReader.java:readVolume(175)) - Finish verifying containers on volume /home/runner/work/ozone/ozone/hadoop-ozone/integration-test/target/test-dir/MiniOzoneClusterImpl-3253a570-fb02-4895-b12a-309bd2ff2d50/datanode-6/data-0/containers/hdds
2022-12-08 07:06:08,888 [Listener at 127.0.0.1/32903] INFO  ozoneimpl.OzoneContainer (OzoneContainer.java:buildContainerSet(301)) - Build ContainerSet costs 0s
2022-12-08 07:06:08,892 [Listener at 127.0.0.1/32903] INFO  server.RaftServer (ConfUtils.java:logGet(46)) - raft.rpc.type = GRPC (default)
2022-12-08 07:06:08,892 [Listener at 127.0.0.1/32903] INFO  grpc.GrpcConfigKeys (ConfUtils.java:logFallback(53)) - raft.grpc.admin.host = null (fallback to raft.grpc.server.host)
2022-12-08 07:06:08,892 [Listener at 127.0.0.1/32903] INFO  grpc.GrpcConfigKeys (ConfUtils.java:logGet(46)) - raft.grpc.admin.port = 0 (custom)
2022-12-08 07:06:08,892 [Listener at 127.0.0.1/32903] INFO  grpc.GrpcConfigKeys (ConfUtils.java:logFallback(53)) - raft.grpc.client.host = null (fallback to raft.grpc.server.host)
2022-12-08 07:06:08,892 [Listener at 127.0.0.1/32903] INFO  grpc.GrpcConfigKeys (ConfUtils.java:logGet(46)) - raft.grpc.client.port = 0 (custom)
2022-12-08 07:06:08,893 [Listener at 127.0.0.1/32903] INFO  grpc.GrpcConfigKeys (ConfUtils.java:logGet(46)) - raft.grpc.server.host = null (default)
2022-12-08 07:06:08,893 [Listener at 127.0.0.1/32903] INFO  grpc.GrpcConfigKeys (ConfUtils.java:logGet(46)) - raft.grpc.server.port = 0 (default)
2022-12-08 07:06:08,893 [Listener at 127.0.0.1/32903] INFO  server.GrpcService (ConfUtils.java:logGet(46)) - raft.grpc.message.size.max = 32MB (=33554432) (custom)
2022-12-08 07:06:08,893 [Listener at 127.0.0.1/32903] INFO  server.RaftServerConfigKeys (ConfUtils.java:logGet(46)) - raft.server.log.appender.buffer.byte-limit = 33554432 (custom)
2022-12-08 07:06:08,893 [Listener at 127.0.0.1/32903] INFO  server.GrpcService (ConfUtils.java:logGet(46)) - raft.grpc.flow.control.window = 5MB (=5242880) (custom)
2022-12-08 07:06:08,893 [Listener at 127.0.0.1/32903] INFO  server.RaftServerConfigKeys (ConfUtils.java:logGet(46)) - raft.server.rpc.request.timeout = 60s (custom)
2022-12-08 07:06:08,893 [Listener at 127.0.0.1/32903] INFO  grpc.GrpcConfigKeys (ConfUtils.java:logGet(46)) - raft.grpc.server.heartbeat.channel = true (default)
2022-12-08 07:06:08,893 [Listener at 127.0.0.1/32903] INFO  grpc.GrpcConfigKeys (ConfUtils.java:logGet(46)) - raft.grpc.server.async.request.thread.pool.cached = true (default)
2022-12-08 07:06:08,893 [Listener at 127.0.0.1/32903] INFO  grpc.GrpcConfigKeys (ConfUtils.java:logGet(46)) - raft.grpc.server.async.request.thread.pool.size = 32 (default)
2022-12-08 07:06:08,895 [Listener at 127.0.0.1/32903] INFO  impl.DataStreamServerImpl (ConfUtils.java:logGet(46)) - raft.datastream.type = DISABLED (default)
2022-12-08 07:06:08,895 [Listener at 127.0.0.1/32903] INFO  server.RaftServerConfigKeys (ConfUtils.java:logGet(46)) - raft.server.threadpool.proxy.cached = true (default)
2022-12-08 07:06:08,895 [Listener at 127.0.0.1/32903] INFO  server.RaftServerConfigKeys (ConfUtils.java:logGet(46)) - raft.server.threadpool.proxy.size = 0 (default)
2022-12-08 07:06:08,895 [Listener at 127.0.0.1/32903] INFO  server.RaftServerConfigKeys (ConfUtils.java:logGet(46)) - raft.server.rpc.slowness.timeout = 300s (custom)
2022-12-08 07:06:08,895 [Listener at 127.0.0.1/32903] INFO  server.RaftServerConfigKeys (ConfUtils.java:logGet(46)) - raft.server.leaderelection.leader.step-down.wait-time = 10s (default)
2022-12-08 07:06:08,896 [Listener at 127.0.0.1/32903] INFO  server.RaftServerConfigKeys (ConfUtils.java:logGet(46)) - raft.server.storage.dir = [/home/runner/work/ozone/ozone/hadoop-ozone/integration-test/target/test-dir/MiniOzoneClusterImpl-3253a570-fb02-4895-b12a-309bd2ff2d50/datanode-6/data/ratis] (custom)
2022-12-08 07:06:08,900 [Listener at 127.0.0.1/32903] INFO  server.XceiverServerGrpc (XceiverServerGrpc.java:<init>(132)) - GrpcServer channel type EpollServerSocketChannel
2022-12-08 07:06:08,904 [Listener at 127.0.0.1/32903] INFO  http.BaseHttpServer (BaseHttpServer.java:newHttpServer2BuilderForOzone(213)) - Starting Web-server for hddsDatanode at: http://0.0.0.0:0
2022-12-08 07:06:08,904 [Listener at 127.0.0.1/32903] INFO  http.BaseHttpServer (BaseHttpServer.java:<init>(108)) - Hadoop Security Enabled: false Ozone Security Enabled: false Ozone HTTP Security Enabled: false 
2022-12-08 07:06:08,906 [Listener at 127.0.0.1/32903] WARN  server.AuthenticationFilter (AuthenticationFilter.java:constructSecretProvider(240)) - Unable to initialize FileSignerSecretProvider, falling back to use random secrets. Reason: Could not read signature secret file: /home/runner/hadoop-http-auth-signature-secret
2022-12-08 07:06:08,911 [Listener at 127.0.0.1/32903] WARN  http.HttpRequestLog (HttpRequestLog.java:getRequestLog(103)) - Jetty request log can only be enabled using Log4j
2022-12-08 07:06:08,913 [Listener at 127.0.0.1/32903] INFO  http.HttpServer2 (HttpServer2.java:addGlobalFilter(1031)) - Added global filter 'safety' (class=org.apache.hadoop.hdds.server.http.HttpServer2$QuotingInputFilter)
2022-12-08 07:06:08,914 [Listener at 127.0.0.1/32903] INFO  http.HttpServer2 (HttpServer2.java:addFilter(1007)) - Added filter static_user_filter (class=org.apache.hadoop.http.lib.StaticUserWebFilter$StaticUserFilter) to context hddsDatanode
2022-12-08 07:06:08,914 [Listener at 127.0.0.1/32903] INFO  http.HttpServer2 (HttpServer2.java:addFilter(1015)) - Added filter static_user_filter (class=org.apache.hadoop.http.lib.StaticUserWebFilter$StaticUserFilter) to context logs
2022-12-08 07:06:08,914 [Listener at 127.0.0.1/32903] INFO  http.HttpServer2 (HttpServer2.java:addFilter(1015)) - Added filter static_user_filter (class=org.apache.hadoop.http.lib.StaticUserWebFilter$StaticUserFilter) to context static
2022-12-08 07:06:08,915 [Listener at 127.0.0.1/32903] INFO  http.HttpServer2 (HttpServer2.java:bindListener(1250)) - Jetty bound to port 46473
2022-12-08 07:06:08,915 [Listener at 127.0.0.1/32903] INFO  server.Server (Server.java:doStart(375)) - jetty-9.4.49.v20220914; built: 2022-09-14T01:07:36.601Z; git: 4231a3b2e4cb8548a412a789936d640a97b1aa0a; jvm 1.8.0_352-b08
2022-12-08 07:06:08,926 [Listener at 127.0.0.1/32903] INFO  server.session (DefaultSessionIdManager.java:doStart(334)) - DefaultSessionIdManager workerName=node0
2022-12-08 07:06:08,926 [Listener at 127.0.0.1/32903] INFO  server.session (DefaultSessionIdManager.java:doStart(339)) - No SessionScavenger set, using defaults
2022-12-08 07:06:08,927 [Listener at 127.0.0.1/32903] INFO  server.session (HouseKeeper.java:startScavenging(132)) - node0 Scavenging every 600000ms
2022-12-08 07:06:08,927 [Listener at 127.0.0.1/32903] INFO  handler.ContextHandler (ContextHandler.java:doStart(921)) - Started o.e.j.s.ServletContextHandler@2d7d306{logs,/logs,file:///home/runner/work/ozone/ozone/hadoop-ozone/integration-test/target/log,AVAILABLE}
2022-12-08 07:06:08,928 [Listener at 127.0.0.1/32903] INFO  handler.ContextHandler (ContextHandler.java:doStart(921)) - Started o.e.j.s.ServletContextHandler@7f3995ed{static,/static,jar:file:/home/runner/.m2/repository/org/apache/ozone/hdds-container-service/1.3.0-SNAPSHOT/hdds-container-service-1.3.0-SNAPSHOT.jar!/webapps/static,AVAILABLE}
2022-12-08 07:06:09,038 [ReplicationMonitor] INFO  replication.ReplicationManager (ReplicationManager.java:processAll(323)) - Replication Manager is not ready to run until 3000ms after safemode exit
2022-12-08 07:06:09,200 [Listener at 127.0.0.1/32903] INFO  handler.ContextHandler (ContextHandler.java:doStart(921)) - Started o.e.j.w.WebAppContext@215f97c0{hddsDatanode,/,file:///tmp/jetty-0_0_0_0-46473-hdds-container-service-1_3_0-SNAPSHOT_jar-_-any-7675809484939498107/webapp/,AVAILABLE}{jar:file:/home/runner/.m2/repository/org/apache/ozone/hdds-container-service/1.3.0-SNAPSHOT/hdds-container-service-1.3.0-SNAPSHOT.jar!/webapps/hddsDatanode}
2022-12-08 07:06:09,202 [Listener at 127.0.0.1/32903] INFO  server.AbstractConnector (AbstractConnector.java:doStart(333)) - Started ServerConnector@4a82c32d{HTTP/1.1, (http/1.1)}{0.0.0.0:46473}
2022-12-08 07:06:09,202 [Listener at 127.0.0.1/32903] INFO  server.Server (Server.java:doStart(415)) - Started @14666ms
2022-12-08 07:06:09,203 [Listener at 127.0.0.1/32903] WARN  impl.MetricsSystemImpl (MetricsSystemImpl.java:register(279)) - Sink prometheus already exists!
2022-12-08 07:06:09,205 [Listener at 127.0.0.1/32903] INFO  http.BaseHttpServer (BaseHttpServer.java:updateConnectorAddress(333)) - HTTP server of hddsDatanode listening at http://0.0.0.0:46473
2022-12-08 07:06:09,205 [Datanode State Machine Daemon Thread] INFO  statemachine.DatanodeStateMachine (DatanodeStateMachine.java:lambda$startDaemon$0(505)) - Ozone container server started.
2022-12-08 07:06:09,221 [org.apache.hadoop.util.JvmPauseMonitor$Monitor@1692ef86] INFO  util.JvmPauseMonitor (JvmPauseMonitor.java:run(188)) - Starting JVM pause monitor
2022-12-08 07:06:09,221 [Listener at 127.0.0.1/32903] INFO  ozone.MiniOzoneClusterImpl (MiniOzoneClusterImpl.java:lambda$waitForClusterToBeReady$0(216)) - Waiting for nodes to be ready. Got 0 of 7 DN Heartbeats.
2022-12-08 07:06:09,221 [Listener at 127.0.0.1/32903] INFO  ozone.MiniOzoneClusterImpl (MiniOzoneClusterImpl.java:lambda$waitForClusterToBeReady$0(219)) - Waiting for cluster to exit safe mode
2022-12-08 07:06:09,221 [Listener at 127.0.0.1/32903] INFO  ozone.MiniOzoneClusterImpl (MiniOzoneClusterImpl.java:lambda$waitForClusterToBeReady$0(221)) - SCM became leader
2022-12-08 07:06:09,228 [Datanode State Machine Task Thread - 0] INFO  datanode.InitDatanodeState (InitDatanodeState.java:persistContainerDatanodeDetails(138)) - DatanodeDetails is persisted to /home/runner/work/ozone/ozone/hadoop-ozone/integration-test/target/test-dir/MiniOzoneClusterImpl-3253a570-fb02-4895-b12a-309bd2ff2d50/datanode-6/meta/datanode.id
2022-12-08 07:06:09,247 [EndpointStateMachine task thread for /0.0.0.0:38075 - 0 ] INFO  utils.DatanodeStoreCache (DatanodeStoreCache.java:addDB(58)) - Added db /home/runner/work/ozone/ozone/hadoop-ozone/integration-test/target/test-dir/MiniOzoneClusterImpl-3253a570-fb02-4895-b12a-309bd2ff2d50/datanode-2/data-0/containers/hdds/3253a570-fb02-4895-b12a-309bd2ff2d50/DS-e474bba6-fc6c-4426-be59-e85e2a116cde/container.db to cache
2022-12-08 07:06:09,247 [EndpointStateMachine task thread for /0.0.0.0:38075 - 0 ] INFO  volume.HddsVolume (HddsVolume.java:createDbStore(307)) - SchemaV3 db is created and loaded at /home/runner/work/ozone/ozone/hadoop-ozone/integration-test/target/test-dir/MiniOzoneClusterImpl-3253a570-fb02-4895-b12a-309bd2ff2d50/datanode-2/data-0/containers/hdds/3253a570-fb02-4895-b12a-309bd2ff2d50/DS-e474bba6-fc6c-4426-be59-e85e2a116cde/container.db for volume DS-e474bba6-fc6c-4426-be59-e85e2a116cde
2022-12-08 07:06:09,248 [EndpointStateMachine task thread for /0.0.0.0:38075 - 0 ] INFO  ozoneimpl.OzoneContainer (OzoneContainer.java:start(395)) - Attempting to start container services.
2022-12-08 07:06:09,248 [EndpointStateMachine task thread for /0.0.0.0:38075 - 0 ] INFO  ozoneimpl.OzoneContainer (OzoneContainer.java:startContainerScrub(312)) - Scheduled background container scanners and the on-demand container scanner have been disabled.
2022-12-08 07:06:09,250 [EndpointStateMachine task thread for /0.0.0.0:38075 - 0 ] INFO  replication.ReplicationServer (ReplicationServer.java:start(111)) - ReplicationServer is started using port 42005
2022-12-08 07:06:09,251 [EndpointStateMachine task thread for /0.0.0.0:38075 - 0 ] INFO  ratis.XceiverServerRatis (XceiverServerRatis.java:start(481)) - Starting XceiverServerRatis 1fec2e66-b36b-410d-a836-56974e80c6bf
2022-12-08 07:06:09,259 [EndpointStateMachine task thread for /0.0.0.0:38075 - 0 ] INFO  server.RaftServer (RaftServerProxy.java:startImpl(393)) - 1fec2e66-b36b-410d-a836-56974e80c6bf: start RPC server
2022-12-08 07:06:09,261 [EndpointStateMachine task thread for /0.0.0.0:38075 - 0 ] INFO  server.GrpcService (GrpcService.java:startImpl(262)) - 1fec2e66-b36b-410d-a836-56974e80c6bf: GrpcService started, listening on 40777
2022-12-08 07:06:09,262 [EndpointStateMachine task thread for /0.0.0.0:38075 - 0 ] INFO  ratis.XceiverServerRatis (XceiverServerRatis.java:getRealPort(502)) - XceiverServerRatis 1fec2e66-b36b-410d-a836-56974e80c6bf is started using port 40777 for RATIS
2022-12-08 07:06:09,262 [EndpointStateMachine task thread for /0.0.0.0:38075 - 0 ] INFO  ratis.XceiverServerRatis (XceiverServerRatis.java:getRealPort(502)) - XceiverServerRatis 1fec2e66-b36b-410d-a836-56974e80c6bf is started using port 40777 for RATIS_ADMIN
2022-12-08 07:06:09,262 [EndpointStateMachine task thread for /0.0.0.0:38075 - 0 ] INFO  ratis.XceiverServerRatis (XceiverServerRatis.java:getRealPort(502)) - XceiverServerRatis 1fec2e66-b36b-410d-a836-56974e80c6bf is started using port 40777 for RATIS_SERVER
2022-12-08 07:06:09,268 [JvmPauseMonitor3] INFO  util.JvmPauseMonitor (JvmPauseMonitor.java:run(105)) - JvmPauseMonitor-1fec2e66-b36b-410d-a836-56974e80c6bf: Started
2022-12-08 07:06:09,270 [EndpointStateMachine task thread for /0.0.0.0:38075 - 0 ] INFO  server.XceiverServerGrpc (XceiverServerGrpc.java:start(180)) - XceiverServerGrpc 1fec2e66-b36b-410d-a836-56974e80c6bf is started using port 40099
2022-12-08 07:06:09,739 [EndpointStateMachine task thread for /0.0.0.0:38075 - 0 ] INFO  utils.DatanodeStoreCache (DatanodeStoreCache.java:addDB(58)) - Added db /home/runner/work/ozone/ozone/hadoop-ozone/integration-test/target/test-dir/MiniOzoneClusterImpl-3253a570-fb02-4895-b12a-309bd2ff2d50/datanode-3/data-0/containers/hdds/3253a570-fb02-4895-b12a-309bd2ff2d50/DS-73995e4e-da4d-4daa-9f38-1452f4811059/container.db to cache
2022-12-08 07:06:09,739 [EndpointStateMachine task thread for /0.0.0.0:38075 - 0 ] INFO  volume.HddsVolume (HddsVolume.java:createDbStore(307)) - SchemaV3 db is created and loaded at /home/runner/work/ozone/ozone/hadoop-ozone/integration-test/target/test-dir/MiniOzoneClusterImpl-3253a570-fb02-4895-b12a-309bd2ff2d50/datanode-3/data-0/containers/hdds/3253a570-fb02-4895-b12a-309bd2ff2d50/DS-73995e4e-da4d-4daa-9f38-1452f4811059/container.db for volume DS-73995e4e-da4d-4daa-9f38-1452f4811059
2022-12-08 07:06:09,739 [EndpointStateMachine task thread for /0.0.0.0:38075 - 0 ] INFO  ozoneimpl.OzoneContainer (OzoneContainer.java:start(395)) - Attempting to start container services.
2022-12-08 07:06:09,740 [EndpointStateMachine task thread for /0.0.0.0:38075 - 0 ] INFO  ozoneimpl.OzoneContainer (OzoneContainer.java:startContainerScrub(312)) - Scheduled background container scanners and the on-demand container scanner have been disabled.
2022-12-08 07:06:09,747 [EndpointStateMachine task thread for /0.0.0.0:38075 - 0 ] INFO  replication.ReplicationServer (ReplicationServer.java:start(111)) - ReplicationServer is started using port 39261
2022-12-08 07:06:09,750 [EndpointStateMachine task thread for /0.0.0.0:38075 - 0 ] INFO  ratis.XceiverServerRatis (XceiverServerRatis.java:start(481)) - Starting XceiverServerRatis e288a489-637a-4316-af43-30866b2c8bfc
2022-12-08 07:06:09,752 [EndpointStateMachine task thread for /0.0.0.0:38075 - 0 ] INFO  server.RaftServer (RaftServerProxy.java:startImpl(393)) - e288a489-637a-4316-af43-30866b2c8bfc: start RPC server
2022-12-08 07:06:09,755 [EndpointStateMachine task thread for /0.0.0.0:38075 - 0 ] INFO  server.GrpcService (GrpcService.java:startImpl(262)) - e288a489-637a-4316-af43-30866b2c8bfc: GrpcService started, listening on 36389
2022-12-08 07:06:09,758 [EndpointStateMachine task thread for /0.0.0.0:38075 - 0 ] INFO  ratis.XceiverServerRatis (XceiverServerRatis.java:getRealPort(502)) - XceiverServerRatis e288a489-637a-4316-af43-30866b2c8bfc is started using port 36389 for RATIS
2022-12-08 07:06:09,758 [JvmPauseMonitor4] INFO  util.JvmPauseMonitor (JvmPauseMonitor.java:run(105)) - JvmPauseMonitor-e288a489-637a-4316-af43-30866b2c8bfc: Started
2022-12-08 07:06:09,758 [EndpointStateMachine task thread for /0.0.0.0:38075 - 0 ] INFO  ratis.XceiverServerRatis (XceiverServerRatis.java:getRealPort(502)) - XceiverServerRatis e288a489-637a-4316-af43-30866b2c8bfc is started using port 36389 for RATIS_ADMIN
2022-12-08 07:06:09,758 [EndpointStateMachine task thread for /0.0.0.0:38075 - 0 ] INFO  ratis.XceiverServerRatis (XceiverServerRatis.java:getRealPort(502)) - XceiverServerRatis e288a489-637a-4316-af43-30866b2c8bfc is started using port 36389 for RATIS_SERVER
2022-12-08 07:06:09,762 [EndpointStateMachine task thread for /0.0.0.0:38075 - 0 ] INFO  server.XceiverServerGrpc (XceiverServerGrpc.java:start(180)) - XceiverServerGrpc e288a489-637a-4316-af43-30866b2c8bfc is started using port 35147
2022-12-08 07:06:10,039 [ReplicationMonitor] INFO  replication.ReplicationManager (ReplicationManager.java:processAll(323)) - Replication Manager is not ready to run until 3000ms after safemode exit
2022-12-08 07:06:10,055 [IPC Server handler 1 on default port 38075] INFO  net.NetworkTopologyImpl (NetworkTopologyImpl.java:add(112)) - Added a new node: /default-rack/a323b8f8-7c4d-4fe6-8663-2fcba1e99710
2022-12-08 07:06:10,057 [IPC Server handler 1 on default port 38075] INFO  node.SCMNodeManager (SCMNodeManager.java:register(397)) - Registered Data node : a323b8f8-7c4d-4fe6-8663-2fcba1e99710{ip: 10.1.0.14, host: fv-az165-805.wtg55dazuvhetdvd2gpth4ys5d.dx.internal.cloudapp.net, ports: [REPLICATION=34875, RATIS=38689, RATIS_ADMIN=38689, RATIS_SERVER=38689, STANDALONE=41587], networkLocation: /default-rack, certSerialId: null, persistedOpState: null, persistedOpStateExpiryEpochSec: 0}
2022-12-08 07:06:10,062 [EventQueue-NewNodeForNewNodeHandler] INFO  pipeline.BackgroundPipelineCreator (BackgroundPipelineCreator.java:notifyEventTriggered(276)) - trigger a one-shot run on RatisPipelineUtilsThread.
2022-12-08 07:06:10,064 [EventQueue-NodeRegistrationContainerReportForContainerSafeModeRule] INFO  safemode.SCMSafeModeManager (SCMSafeModeManager.java:validateSafeModeExitRules(200)) - ContainerSafeModeRule rule is successfully validated
2022-12-08 07:06:10,075 [RatisPipelineUtilsThread - 0] INFO  pipeline.RatisPipelineProvider (RatisPipelineProvider.java:lambda$create$0(195)) - Sending CreatePipelineCommand for pipeline:PipelineID=1e26e778-9c50-40c4-ba8d-2641c3f3ab49 to datanode:a323b8f8-7c4d-4fe6-8663-2fcba1e99710
2022-12-08 07:06:10,076 [EventQueue-NodeRegistrationContainerReportForDataNodeSafeModeRule] INFO  safemode.SCMSafeModeManager (DataNodeSafeModeRule.java:process(71)) - SCM in safe mode. 1 DataNodes registered, 3 required.
2022-12-08 07:06:10,080 [EventQueue-PipelineReportForOneReplicaPipelineSafeModeRule] INFO  safemode.SCMSafeModeManager (SCMSafeModeManager.java:validateSafeModeExitRules(200)) - AtleastOneDatanodeReportedRule rule is successfully validated
2022-12-08 07:06:10,092 [RatisPipelineUtilsThread - 0] INFO  pipeline.PipelineStateManagerImpl (PipelineStateManagerImpl.java:addPipeline(103)) - Created pipeline Pipeline[ Id: 1e26e778-9c50-40c4-ba8d-2641c3f3ab49, Nodes: a323b8f8-7c4d-4fe6-8663-2fcba1e99710{ip: 10.1.0.14, host: fv-az165-805.wtg55dazuvhetdvd2gpth4ys5d.dx.internal.cloudapp.net, ports: [REPLICATION=34875, RATIS=38689, RATIS_ADMIN=38689, RATIS_SERVER=38689, STANDALONE=41587], networkLocation: /default-rack, certSerialId: null, persistedOpState: IN_SERVICE, persistedOpStateExpiryEpochSec: 0}, ReplicationConfig: RATIS/ONE, State:ALLOCATED, leaderId:, CreationTimestamp2022-12-08T07:06:10.074Z[Etc/UTC]].
2022-12-08 07:06:10,224 [Listener at 127.0.0.1/32903] INFO  ozone.MiniOzoneClusterImpl (MiniOzoneClusterImpl.java:lambda$waitForClusterToBeReady$0(216)) - Waiting for nodes to be ready. Got 1 of 7 DN Heartbeats.
2022-12-08 07:06:10,224 [Listener at 127.0.0.1/32903] INFO  ozone.MiniOzoneClusterImpl (MiniOzoneClusterImpl.java:lambda$waitForClusterToBeReady$0(219)) - Waiting for cluster to exit safe mode
2022-12-08 07:06:10,224 [Listener at 127.0.0.1/32903] INFO  ozone.MiniOzoneClusterImpl (MiniOzoneClusterImpl.java:lambda$waitForClusterToBeReady$0(221)) - SCM became leader
2022-12-08 07:06:10,246 [EndpointStateMachine task thread for /0.0.0.0:38075 - 0 ] INFO  utils.DatanodeStoreCache (DatanodeStoreCache.java:addDB(58)) - Added db /home/runner/work/ozone/ozone/hadoop-ozone/integration-test/target/test-dir/MiniOzoneClusterImpl-3253a570-fb02-4895-b12a-309bd2ff2d50/datanode-4/data-0/containers/hdds/3253a570-fb02-4895-b12a-309bd2ff2d50/DS-69de6ba0-46b1-4b78-b9ce-d4dd7f3f27e1/container.db to cache
2022-12-08 07:06:10,250 [EndpointStateMachine task thread for /0.0.0.0:38075 - 0 ] INFO  volume.HddsVolume (HddsVolume.java:createDbStore(307)) - SchemaV3 db is created and loaded at /home/runner/work/ozone/ozone/hadoop-ozone/integration-test/target/test-dir/MiniOzoneClusterImpl-3253a570-fb02-4895-b12a-309bd2ff2d50/datanode-4/data-0/containers/hdds/3253a570-fb02-4895-b12a-309bd2ff2d50/DS-69de6ba0-46b1-4b78-b9ce-d4dd7f3f27e1/container.db for volume DS-69de6ba0-46b1-4b78-b9ce-d4dd7f3f27e1
2022-12-08 07:06:10,250 [EndpointStateMachine task thread for /0.0.0.0:38075 - 0 ] INFO  ozoneimpl.OzoneContainer (OzoneContainer.java:start(395)) - Attempting to start container services.
2022-12-08 07:06:10,250 [EndpointStateMachine task thread for /0.0.0.0:38075 - 0 ] INFO  ozoneimpl.OzoneContainer (OzoneContainer.java:startContainerScrub(312)) - Scheduled background container scanners and the on-demand container scanner have been disabled.
2022-12-08 07:06:10,253 [EndpointStateMachine task thread for /0.0.0.0:38075 - 0 ] INFO  replication.ReplicationServer (ReplicationServer.java:start(111)) - ReplicationServer is started using port 35375
2022-12-08 07:06:10,254 [EndpointStateMachine task thread for /0.0.0.0:38075 - 0 ] INFO  ratis.XceiverServerRatis (XceiverServerRatis.java:start(481)) - Starting XceiverServerRatis 6eec9aac-ee1b-4e1e-837d-d3cab734710b
2022-12-08 07:06:10,255 [EndpointStateMachine task thread for /0.0.0.0:38075 - 0 ] INFO  server.RaftServer (RaftServerProxy.java:startImpl(393)) - 6eec9aac-ee1b-4e1e-837d-d3cab734710b: start RPC server
2022-12-08 07:06:10,258 [EndpointStateMachine task thread for /0.0.0.0:38075 - 0 ] INFO  server.GrpcService (GrpcService.java:startImpl(262)) - 6eec9aac-ee1b-4e1e-837d-d3cab734710b: GrpcService started, listening on 33309
2022-12-08 07:06:10,258 [EndpointStateMachine task thread for /0.0.0.0:38075 - 0 ] INFO  ratis.XceiverServerRatis (XceiverServerRatis.java:getRealPort(502)) - XceiverServerRatis 6eec9aac-ee1b-4e1e-837d-d3cab734710b is started using port 33309 for RATIS
2022-12-08 07:06:10,258 [JvmPauseMonitor5] INFO  util.JvmPauseMonitor (JvmPauseMonitor.java:run(105)) - JvmPauseMonitor-6eec9aac-ee1b-4e1e-837d-d3cab734710b: Started
2022-12-08 07:06:10,258 [EndpointStateMachine task thread for /0.0.0.0:38075 - 0 ] INFO  ratis.XceiverServerRatis (XceiverServerRatis.java:getRealPort(502)) - XceiverServerRatis 6eec9aac-ee1b-4e1e-837d-d3cab734710b is started using port 33309 for RATIS_ADMIN
2022-12-08 07:06:10,261 [EndpointStateMachine task thread for /0.0.0.0:38075 - 0 ] INFO  ratis.XceiverServerRatis (XceiverServerRatis.java:getRealPort(502)) - XceiverServerRatis 6eec9aac-ee1b-4e1e-837d-d3cab734710b is started using port 33309 for RATIS_SERVER
2022-12-08 07:06:10,265 [EndpointStateMachine task thread for /0.0.0.0:38075 - 0 ] INFO  server.XceiverServerGrpc (XceiverServerGrpc.java:start(180)) - XceiverServerGrpc 6eec9aac-ee1b-4e1e-837d-d3cab734710b is started using port 43585
2022-12-08 07:06:10,650 [IPC Server handler 0 on default port 38075] INFO  net.NetworkTopologyImpl (NetworkTopologyImpl.java:add(112)) - Added a new node: /default-rack/624d0ae4-c5c0-4b02-bbde-b37f19cf8f9a
2022-12-08 07:06:10,651 [IPC Server handler 0 on default port 38075] INFO  node.SCMNodeManager (SCMNodeManager.java:register(397)) - Registered Data node : 624d0ae4-c5c0-4b02-bbde-b37f19cf8f9a{ip: 10.1.0.14, host: fv-az165-805.wtg55dazuvhetdvd2gpth4ys5d.dx.internal.cloudapp.net, ports: [REPLICATION=39487, RATIS=41749, RATIS_ADMIN=41749, RATIS_SERVER=41749, STANDALONE=43743], networkLocation: /default-rack, certSerialId: null, persistedOpState: null, persistedOpStateExpiryEpochSec: 0}
2022-12-08 07:06:10,651 [EventQueue-NodeRegistrationContainerReportForDataNodeSafeModeRule] INFO  safemode.SCMSafeModeManager (DataNodeSafeModeRule.java:process(71)) - SCM in safe mode. 2 DataNodes registered, 3 required.
2022-12-08 07:06:10,652 [EventQueue-NewNodeForNewNodeHandler] INFO  pipeline.BackgroundPipelineCreator (BackgroundPipelineCreator.java:notifyEventTriggered(276)) - trigger a one-shot run on RatisPipelineUtilsThread.
2022-12-08 07:06:10,653 [RatisPipelineUtilsThread - 0] INFO  pipeline.RatisPipelineProvider (RatisPipelineProvider.java:lambda$create$0(195)) - Sending CreatePipelineCommand for pipeline:PipelineID=a699e608-622d-4a62-b659-079d96fddcb1 to datanode:624d0ae4-c5c0-4b02-bbde-b37f19cf8f9a
2022-12-08 07:06:10,660 [RatisPipelineUtilsThread - 0] INFO  pipeline.PipelineStateManagerImpl (PipelineStateManagerImpl.java:addPipeline(103)) - Created pipeline Pipeline[ Id: a699e608-622d-4a62-b659-079d96fddcb1, Nodes: 624d0ae4-c5c0-4b02-bbde-b37f19cf8f9a{ip: 10.1.0.14, host: fv-az165-805.wtg55dazuvhetdvd2gpth4ys5d.dx.internal.cloudapp.net, ports: [REPLICATION=39487, RATIS=41749, RATIS_ADMIN=41749, RATIS_SERVER=41749, STANDALONE=43743], networkLocation: /default-rack, certSerialId: null, persistedOpState: IN_SERVICE, persistedOpStateExpiryEpochSec: 0}, ReplicationConfig: RATIS/ONE, State:ALLOCATED, leaderId:, CreationTimestamp2022-12-08T07:06:10.653Z[Etc/UTC]].
2022-12-08 07:06:10,756 [EndpointStateMachine task thread for /0.0.0.0:38075 - 0 ] INFO  utils.DatanodeStoreCache (DatanodeStoreCache.java:addDB(58)) - Added db /home/runner/work/ozone/ozone/hadoop-ozone/integration-test/target/test-dir/MiniOzoneClusterImpl-3253a570-fb02-4895-b12a-309bd2ff2d50/datanode-5/data-0/containers/hdds/3253a570-fb02-4895-b12a-309bd2ff2d50/DS-4a25b60e-f42e-4c90-b6cc-fc25fac2d45a/container.db to cache
2022-12-08 07:06:10,756 [EndpointStateMachine task thread for /0.0.0.0:38075 - 0 ] INFO  volume.HddsVolume (HddsVolume.java:createDbStore(307)) - SchemaV3 db is created and loaded at /home/runner/work/ozone/ozone/hadoop-ozone/integration-test/target/test-dir/MiniOzoneClusterImpl-3253a570-fb02-4895-b12a-309bd2ff2d50/datanode-5/data-0/containers/hdds/3253a570-fb02-4895-b12a-309bd2ff2d50/DS-4a25b60e-f42e-4c90-b6cc-fc25fac2d45a/container.db for volume DS-4a25b60e-f42e-4c90-b6cc-fc25fac2d45a
2022-12-08 07:06:10,757 [EndpointStateMachine task thread for /0.0.0.0:38075 - 0 ] INFO  ozoneimpl.OzoneContainer (OzoneContainer.java:start(395)) - Attempting to start container services.
2022-12-08 07:06:10,757 [EndpointStateMachine task thread for /0.0.0.0:38075 - 0 ] INFO  ozoneimpl.OzoneContainer (OzoneContainer.java:startContainerScrub(312)) - Scheduled background container scanners and the on-demand container scanner have been disabled.
2022-12-08 07:06:10,761 [EndpointStateMachine task thread for /0.0.0.0:38075 - 0 ] INFO  replication.ReplicationServer (ReplicationServer.java:start(111)) - ReplicationServer is started using port 38971
2022-12-08 07:06:10,761 [EndpointStateMachine task thread for /0.0.0.0:38075 - 0 ] INFO  ratis.XceiverServerRatis (XceiverServerRatis.java:start(481)) - Starting XceiverServerRatis aa703a63-3c65-4215-94e9-ba864e506dd9
2022-12-08 07:06:10,763 [EndpointStateMachine task thread for /0.0.0.0:38075 - 0 ] INFO  server.RaftServer (RaftServerProxy.java:startImpl(393)) - aa703a63-3c65-4215-94e9-ba864e506dd9: start RPC server
2022-12-08 07:06:10,765 [EndpointStateMachine task thread for /0.0.0.0:38075 - 0 ] INFO  server.GrpcService (GrpcService.java:startImpl(262)) - aa703a63-3c65-4215-94e9-ba864e506dd9: GrpcService started, listening on 39791
2022-12-08 07:06:10,765 [EndpointStateMachine task thread for /0.0.0.0:38075 - 0 ] INFO  ratis.XceiverServerRatis (XceiverServerRatis.java:getRealPort(502)) - XceiverServerRatis aa703a63-3c65-4215-94e9-ba864e506dd9 is started using port 39791 for RATIS
2022-12-08 07:06:10,765 [EndpointStateMachine task thread for /0.0.0.0:38075 - 0 ] INFO  ratis.XceiverServerRatis (XceiverServerRatis.java:getRealPort(502)) - XceiverServerRatis aa703a63-3c65-4215-94e9-ba864e506dd9 is started using port 39791 for RATIS_ADMIN
2022-12-08 07:06:10,766 [EndpointStateMachine task thread for /0.0.0.0:38075 - 0 ] INFO  ratis.XceiverServerRatis (XceiverServerRatis.java:getRealPort(502)) - XceiverServerRatis aa703a63-3c65-4215-94e9-ba864e506dd9 is started using port 39791 for RATIS_SERVER
2022-12-08 07:06:10,766 [JvmPauseMonitor6] INFO  util.JvmPauseMonitor (JvmPauseMonitor.java:run(105)) - JvmPauseMonitor-aa703a63-3c65-4215-94e9-ba864e506dd9: Started
2022-12-08 07:06:10,779 [EndpointStateMachine task thread for /0.0.0.0:38075 - 0 ] INFO  server.XceiverServerGrpc (XceiverServerGrpc.java:start(180)) - XceiverServerGrpc aa703a63-3c65-4215-94e9-ba864e506dd9 is started using port 40597
2022-12-08 07:06:11,039 [ReplicationMonitor] INFO  replication.ReplicationManager (ReplicationManager.java:processAll(323)) - Replication Manager is not ready to run until 3000ms after safemode exit
2022-12-08 07:06:11,163 [IPC Server handler 2 on default port 38075] INFO  net.NetworkTopologyImpl (NetworkTopologyImpl.java:add(112)) - Added a new node: /default-rack/1fec2e66-b36b-410d-a836-56974e80c6bf
2022-12-08 07:06:11,163 [IPC Server handler 2 on default port 38075] INFO  node.SCMNodeManager (SCMNodeManager.java:register(397)) - Registered Data node : 1fec2e66-b36b-410d-a836-56974e80c6bf{ip: 10.1.0.14, host: fv-az165-805.wtg55dazuvhetdvd2gpth4ys5d.dx.internal.cloudapp.net, ports: [REPLICATION=42005, RATIS=40777, RATIS_ADMIN=40777, RATIS_SERVER=40777, STANDALONE=40099], networkLocation: /default-rack, certSerialId: null, persistedOpState: null, persistedOpStateExpiryEpochSec: 0}
2022-12-08 07:06:11,163 [EventQueue-NewNodeForNewNodeHandler] INFO  pipeline.BackgroundPipelineCreator (BackgroundPipelineCreator.java:notifyEventTriggered(276)) - trigger a one-shot run on RatisPipelineUtilsThread.
2022-12-08 07:06:11,164 [EventQueue-NodeRegistrationContainerReportForDataNodeSafeModeRule] INFO  safemode.SCMSafeModeManager (DataNodeSafeModeRule.java:process(71)) - SCM in safe mode. 3 DataNodes registered, 3 required.
2022-12-08 07:06:11,164 [EventQueue-NodeRegistrationContainerReportForDataNodeSafeModeRule] INFO  safemode.SCMSafeModeManager (SCMSafeModeManager.java:validateSafeModeExitRules(200)) - DataNodeSafeModeRule rule is successfully validated
2022-12-08 07:06:11,164 [EventQueue-NodeRegistrationContainerReportForDataNodeSafeModeRule] INFO  safemode.SCMSafeModeManager (SCMSafeModeManager.java:completePreCheck(229)) - All SCM safe mode pre check rules have passed
2022-12-08 07:06:11,164 [RatisPipelineUtilsThread - 0] INFO  pipeline.RatisPipelineProvider (RatisPipelineProvider.java:lambda$create$0(195)) - Sending CreatePipelineCommand for pipeline:PipelineID=3370344d-1ee3-4417-a94a-63a4591fc1d5 to datanode:1fec2e66-b36b-410d-a836-56974e80c6bf
2022-12-08 07:06:11,164 [EventQueue-NodeRegistrationContainerReportForDataNodeSafeModeRule] INFO  ha.SCMContext (SCMContext.java:updateSafeModeStatus(228)) - Update SafeModeStatus from SafeModeStatus{safeModeStatus=true, preCheckPassed=false} to SafeModeStatus{safeModeStatus=true, preCheckPassed=true}.
2022-12-08 07:06:11,164 [EventQueue-NodeRegistrationContainerReportForDataNodeSafeModeRule] INFO  pipeline.BackgroundPipelineCreator (BackgroundPipelineCreator.java:notifyEventTriggered(276)) - trigger a one-shot run on RatisPipelineUtilsThread.
2022-12-08 07:06:11,165 [RatisPipelineUtilsThread - 0] INFO  pipeline.PipelineStateManagerImpl (PipelineStateManagerImpl.java:addPipeline(103)) - Created pipeline Pipeline[ Id: 3370344d-1ee3-4417-a94a-63a4591fc1d5, Nodes: 1fec2e66-b36b-410d-a836-56974e80c6bf{ip: 10.1.0.14, host: fv-az165-805.wtg55dazuvhetdvd2gpth4ys5d.dx.internal.cloudapp.net, ports: [REPLICATION=42005, RATIS=40777, RATIS_ADMIN=40777, RATIS_SERVER=40777, STANDALONE=40099], networkLocation: /default-rack, certSerialId: null, persistedOpState: IN_SERVICE, persistedOpStateExpiryEpochSec: 0}, ReplicationConfig: RATIS/ONE, State:ALLOCATED, leaderId:, CreationTimestamp2022-12-08T07:06:11.164Z[Etc/UTC]].
2022-12-08 07:06:11,170 [RatisPipelineUtilsThread - 0] INFO  pipeline.RatisPipelineProvider (RatisPipelineProvider.java:lambda$create$0(195)) - Sending CreatePipelineCommand for pipeline:PipelineID=9d5f0604-367d-4da6-baea-ba3d94f9a8a7 to datanode:1fec2e66-b36b-410d-a836-56974e80c6bf
2022-12-08 07:06:11,170 [RatisPipelineUtilsThread - 0] INFO  pipeline.RatisPipelineProvider (RatisPipelineProvider.java:lambda$create$0(195)) - Sending CreatePipelineCommand for pipeline:PipelineID=9d5f0604-367d-4da6-baea-ba3d94f9a8a7 to datanode:a323b8f8-7c4d-4fe6-8663-2fcba1e99710
2022-12-08 07:06:11,170 [RatisPipelineUtilsThread - 0] INFO  pipeline.RatisPipelineProvider (RatisPipelineProvider.java:lambda$create$0(195)) - Sending CreatePipelineCommand for pipeline:PipelineID=9d5f0604-367d-4da6-baea-ba3d94f9a8a7 to datanode:624d0ae4-c5c0-4b02-bbde-b37f19cf8f9a
2022-12-08 07:06:11,172 [RatisPipelineUtilsThread - 0] INFO  pipeline.PipelineStateManagerImpl (PipelineStateManagerImpl.java:addPipeline(103)) - Created pipeline Pipeline[ Id: 9d5f0604-367d-4da6-baea-ba3d94f9a8a7, Nodes: 1fec2e66-b36b-410d-a836-56974e80c6bf{ip: 10.1.0.14, host: fv-az165-805.wtg55dazuvhetdvd2gpth4ys5d.dx.internal.cloudapp.net, ports: [REPLICATION=42005, RATIS=40777, RATIS_ADMIN=40777, RATIS_SERVER=40777, STANDALONE=40099], networkLocation: /default-rack, certSerialId: null, persistedOpState: IN_SERVICE, persistedOpStateExpiryEpochSec: 0}a323b8f8-7c4d-4fe6-8663-2fcba1e99710{ip: 10.1.0.14, host: fv-az165-805.wtg55dazuvhetdvd2gpth4ys5d.dx.internal.cloudapp.net, ports: [REPLICATION=34875, RATIS=38689, RATIS_ADMIN=38689, RATIS_SERVER=38689, STANDALONE=41587], networkLocation: /default-rack, certSerialId: null, persistedOpState: IN_SERVICE, persistedOpStateExpiryEpochSec: 0}624d0ae4-c5c0-4b02-bbde-b37f19cf8f9a{ip: 10.1.0.14, host: fv-az165-805.wtg55dazuvhetdvd2gpth4ys5d.dx.internal.cloudapp.net, ports: [REPLICATION=39487, RATIS=41749, RATIS_ADMIN=41749, RATIS_SERVER=41749, STANDALONE=43743], networkLocation: /default-rack, certSerialId: null, persistedOpState: IN_SERVICE, persistedOpStateExpiryEpochSec: 0}, ReplicationConfig: RATIS/THREE, State:ALLOCATED, leaderId:, CreationTimestamp2022-12-08T07:06:11.170Z[Etc/UTC]].
2022-12-08 07:06:11,225 [Listener at 127.0.0.1/32903] INFO  ozone.MiniOzoneClusterImpl (MiniOzoneClusterImpl.java:lambda$waitForClusterToBeReady$0(216)) - Waiting for nodes to be ready. Got 3 of 7 DN Heartbeats.
2022-12-08 07:06:11,226 [Listener at 127.0.0.1/32903] INFO  ozone.MiniOzoneClusterImpl (MiniOzoneClusterImpl.java:lambda$waitForClusterToBeReady$0(219)) - Waiting for cluster to exit safe mode
2022-12-08 07:06:11,226 [Listener at 127.0.0.1/32903] INFO  ozone.MiniOzoneClusterImpl (MiniOzoneClusterImpl.java:lambda$waitForClusterToBeReady$0(221)) - SCM became leader
2022-12-08 07:06:11,277 [EndpointStateMachine task thread for /0.0.0.0:38075 - 0 ] INFO  utils.DatanodeStoreCache (DatanodeStoreCache.java:addDB(58)) - Added db /home/runner/work/ozone/ozone/hadoop-ozone/integration-test/target/test-dir/MiniOzoneClusterImpl-3253a570-fb02-4895-b12a-309bd2ff2d50/datanode-6/data-0/containers/hdds/3253a570-fb02-4895-b12a-309bd2ff2d50/DS-56f15412-9919-4c8f-a4ed-9b7cda8ffb1e/container.db to cache
2022-12-08 07:06:11,278 [EndpointStateMachine task thread for /0.0.0.0:38075 - 0 ] INFO  volume.HddsVolume (HddsVolume.java:createDbStore(307)) - SchemaV3 db is created and loaded at /home/runner/work/ozone/ozone/hadoop-ozone/integration-test/target/test-dir/MiniOzoneClusterImpl-3253a570-fb02-4895-b12a-309bd2ff2d50/datanode-6/data-0/containers/hdds/3253a570-fb02-4895-b12a-309bd2ff2d50/DS-56f15412-9919-4c8f-a4ed-9b7cda8ffb1e/container.db for volume DS-56f15412-9919-4c8f-a4ed-9b7cda8ffb1e
2022-12-08 07:06:11,279 [EndpointStateMachine task thread for /0.0.0.0:38075 - 0 ] INFO  ozoneimpl.OzoneContainer (OzoneContainer.java:start(395)) - Attempting to start container services.
2022-12-08 07:06:11,279 [EndpointStateMachine task thread for /0.0.0.0:38075 - 0 ] INFO  ozoneimpl.OzoneContainer (OzoneContainer.java:startContainerScrub(312)) - Scheduled background container scanners and the on-demand container scanner have been disabled.
2022-12-08 07:06:11,286 [EndpointStateMachine task thread for /0.0.0.0:38075 - 0 ] INFO  replication.ReplicationServer (ReplicationServer.java:start(111)) - ReplicationServer is started using port 33383
2022-12-08 07:06:11,286 [EndpointStateMachine task thread for /0.0.0.0:38075 - 0 ] INFO  ratis.XceiverServerRatis (XceiverServerRatis.java:start(481)) - Starting XceiverServerRatis f4ffb4f0-97dc-4c31-9ebf-2914332a538f
2022-12-08 07:06:11,287 [EndpointStateMachine task thread for /0.0.0.0:38075 - 0 ] INFO  server.RaftServer (RaftServerProxy.java:startImpl(393)) - f4ffb4f0-97dc-4c31-9ebf-2914332a538f: start RPC server
2022-12-08 07:06:11,288 [EndpointStateMachine task thread for /0.0.0.0:38075 - 0 ] INFO  server.GrpcService (GrpcService.java:startImpl(262)) - f4ffb4f0-97dc-4c31-9ebf-2914332a538f: GrpcService started, listening on 34119
2022-12-08 07:06:11,289 [EndpointStateMachine task thread for /0.0.0.0:38075 - 0 ] INFO  ratis.XceiverServerRatis (XceiverServerRatis.java:getRealPort(502)) - XceiverServerRatis f4ffb4f0-97dc-4c31-9ebf-2914332a538f is started using port 34119 for RATIS
2022-12-08 07:06:11,289 [JvmPauseMonitor7] INFO  util.JvmPauseMonitor (JvmPauseMonitor.java:run(105)) - JvmPauseMonitor-f4ffb4f0-97dc-4c31-9ebf-2914332a538f: Started
2022-12-08 07:06:11,289 [EndpointStateMachine task thread for /0.0.0.0:38075 - 0 ] INFO  ratis.XceiverServerRatis (XceiverServerRatis.java:getRealPort(502)) - XceiverServerRatis f4ffb4f0-97dc-4c31-9ebf-2914332a538f is started using port 34119 for RATIS_ADMIN
2022-12-08 07:06:11,289 [EndpointStateMachine task thread for /0.0.0.0:38075 - 0 ] INFO  ratis.XceiverServerRatis (XceiverServerRatis.java:getRealPort(502)) - XceiverServerRatis f4ffb4f0-97dc-4c31-9ebf-2914332a538f is started using port 34119 for RATIS_SERVER
2022-12-08 07:06:11,292 [EndpointStateMachine task thread for /0.0.0.0:38075 - 0 ] INFO  server.XceiverServerGrpc (XceiverServerGrpc.java:start(180)) - XceiverServerGrpc f4ffb4f0-97dc-4c31-9ebf-2914332a538f is started using port 42873
2022-12-08 07:06:11,652 [IPC Server handler 1 on default port 38075] INFO  net.NetworkTopologyImpl (NetworkTopologyImpl.java:add(112)) - Added a new node: /default-rack/e288a489-637a-4316-af43-30866b2c8bfc
2022-12-08 07:06:11,652 [IPC Server handler 1 on default port 38075] INFO  node.SCMNodeManager (SCMNodeManager.java:register(397)) - Registered Data node : e288a489-637a-4316-af43-30866b2c8bfc{ip: 10.1.0.14, host: fv-az165-805.wtg55dazuvhetdvd2gpth4ys5d.dx.internal.cloudapp.net, ports: [REPLICATION=39261, RATIS=36389, RATIS_ADMIN=36389, RATIS_SERVER=36389, STANDALONE=35147], networkLocation: /default-rack, certSerialId: null, persistedOpState: null, persistedOpStateExpiryEpochSec: 0}
2022-12-08 07:06:11,652 [EventQueue-NewNodeForNewNodeHandler] INFO  pipeline.BackgroundPipelineCreator (BackgroundPipelineCreator.java:notifyEventTriggered(276)) - trigger a one-shot run on RatisPipelineUtilsThread.
2022-12-08 07:06:11,653 [RatisPipelineUtilsThread - 0] INFO  pipeline.RatisPipelineProvider (RatisPipelineProvider.java:lambda$create$0(195)) - Sending CreatePipelineCommand for pipeline:PipelineID=5dd85db0-a362-406d-9fc8-318bffff3e34 to datanode:e288a489-637a-4316-af43-30866b2c8bfc
2022-12-08 07:06:11,654 [RatisPipelineUtilsThread - 0] INFO  pipeline.PipelineStateManagerImpl (PipelineStateManagerImpl.java:addPipeline(103)) - Created pipeline Pipeline[ Id: 5dd85db0-a362-406d-9fc8-318bffff3e34, Nodes: e288a489-637a-4316-af43-30866b2c8bfc{ip: 10.1.0.14, host: fv-az165-805.wtg55dazuvhetdvd2gpth4ys5d.dx.internal.cloudapp.net, ports: [REPLICATION=39261, RATIS=36389, RATIS_ADMIN=36389, RATIS_SERVER=36389, STANDALONE=35147], networkLocation: /default-rack, certSerialId: null, persistedOpState: IN_SERVICE, persistedOpStateExpiryEpochSec: 0}, ReplicationConfig: RATIS/ONE, State:ALLOCATED, leaderId:, CreationTimestamp2022-12-08T07:06:11.653Z[Etc/UTC]].
2022-12-08 07:06:12,040 [ReplicationMonitor] INFO  replication.ReplicationManager (ReplicationManager.java:processAll(323)) - Replication Manager is not ready to run until 3000ms after safemode exit
2022-12-08 07:06:12,074 [EventQueue-CommandQueueReportForCommandQueueReportHandler] WARN  events.EventQueue (EventQueue.java:fireEvent(216)) - No event handler registered for event TypedEvent{payloadType=DatanodeDetails, name='Datanode_Command_Queue_Updated'}
2022-12-08 07:06:12,174 [IPC Server handler 3 on default port 38075] INFO  net.NetworkTopologyImpl (NetworkTopologyImpl.java:add(112)) - Added a new node: /default-rack/6eec9aac-ee1b-4e1e-837d-d3cab734710b
2022-12-08 07:06:12,175 [IPC Server handler 3 on default port 38075] INFO  node.SCMNodeManager (SCMNodeManager.java:register(397)) - Registered Data node : 6eec9aac-ee1b-4e1e-837d-d3cab734710b{ip: 10.1.0.14, host: fv-az165-805.wtg55dazuvhetdvd2gpth4ys5d.dx.internal.cloudapp.net, ports: [REPLICATION=35375, RATIS=33309, RATIS_ADMIN=33309, RATIS_SERVER=33309, STANDALONE=43585], networkLocation: /default-rack, certSerialId: null, persistedOpState: null, persistedOpStateExpiryEpochSec: 0}
2022-12-08 07:06:12,176 [EventQueue-NewNodeForNewNodeHandler] INFO  pipeline.BackgroundPipelineCreator (BackgroundPipelineCreator.java:notifyEventTriggered(276)) - trigger a one-shot run on RatisPipelineUtilsThread.
2022-12-08 07:06:12,176 [RatisPipelineUtilsThread - 0] INFO  pipeline.RatisPipelineProvider (RatisPipelineProvider.java:lambda$create$0(195)) - Sending CreatePipelineCommand for pipeline:PipelineID=ed886c2b-3b24-41db-9809-0bda8a85d201 to datanode:6eec9aac-ee1b-4e1e-837d-d3cab734710b
2022-12-08 07:06:12,177 [RatisPipelineUtilsThread - 0] INFO  pipeline.PipelineStateManagerImpl (PipelineStateManagerImpl.java:addPipeline(103)) - Created pipeline Pipeline[ Id: ed886c2b-3b24-41db-9809-0bda8a85d201, Nodes: 6eec9aac-ee1b-4e1e-837d-d3cab734710b{ip: 10.1.0.14, host: fv-az165-805.wtg55dazuvhetdvd2gpth4ys5d.dx.internal.cloudapp.net, ports: [REPLICATION=35375, RATIS=33309, RATIS_ADMIN=33309, RATIS_SERVER=33309, STANDALONE=43585], networkLocation: /default-rack, certSerialId: null, persistedOpState: IN_SERVICE, persistedOpStateExpiryEpochSec: 0}, ReplicationConfig: RATIS/ONE, State:ALLOCATED, leaderId:, CreationTimestamp2022-12-08T07:06:12.176Z[Etc/UTC]].
2022-12-08 07:06:12,226 [Listener at 127.0.0.1/32903] INFO  ozone.MiniOzoneClusterImpl (MiniOzoneClusterImpl.java:lambda$waitForClusterToBeReady$0(216)) - Waiting for nodes to be ready. Got 5 of 7 DN Heartbeats.
2022-12-08 07:06:12,226 [Listener at 127.0.0.1/32903] INFO  ozone.MiniOzoneClusterImpl (MiniOzoneClusterImpl.java:lambda$waitForClusterToBeReady$0(219)) - Waiting for cluster to exit safe mode
2022-12-08 07:06:12,226 [Listener at 127.0.0.1/32903] INFO  ozone.MiniOzoneClusterImpl (MiniOzoneClusterImpl.java:lambda$waitForClusterToBeReady$0(221)) - SCM became leader
2022-12-08 07:06:12,651 [EventQueue-CommandQueueReportForCommandQueueReportHandler] WARN  events.EventQueue (EventQueue.java:fireEvent(216)) - No event handler registered for event TypedEvent{payloadType=DatanodeDetails, name='Datanode_Command_Queue_Updated'}
2022-12-08 07:06:12,682 [IPC Server handler 2 on default port 38075] INFO  net.NetworkTopologyImpl (NetworkTopologyImpl.java:add(112)) - Added a new node: /default-rack/aa703a63-3c65-4215-94e9-ba864e506dd9
2022-12-08 07:06:12,682 [IPC Server handler 2 on default port 38075] INFO  node.SCMNodeManager (SCMNodeManager.java:register(397)) - Registered Data node : aa703a63-3c65-4215-94e9-ba864e506dd9{ip: 10.1.0.14, host: fv-az165-805.wtg55dazuvhetdvd2gpth4ys5d.dx.internal.cloudapp.net, ports: [REPLICATION=38971, RATIS=39791, RATIS_ADMIN=39791, RATIS_SERVER=39791, STANDALONE=40597], networkLocation: /default-rack, certSerialId: null, persistedOpState: null, persistedOpStateExpiryEpochSec: 0}
2022-12-08 07:06:12,682 [EventQueue-NewNodeForNewNodeHandler] INFO  pipeline.BackgroundPipelineCreator (BackgroundPipelineCreator.java:notifyEventTriggered(276)) - trigger a one-shot run on RatisPipelineUtilsThread.
2022-12-08 07:06:12,686 [RatisPipelineUtilsThread - 0] INFO  pipeline.RatisPipelineProvider (RatisPipelineProvider.java:lambda$create$0(195)) - Sending CreatePipelineCommand for pipeline:PipelineID=bd0ae4a8-76e8-4937-b5e0-c19893a30753 to datanode:aa703a63-3c65-4215-94e9-ba864e506dd9
2022-12-08 07:06:12,687 [RatisPipelineUtilsThread - 0] INFO  pipeline.PipelineStateManagerImpl (PipelineStateManagerImpl.java:addPipeline(103)) - Created pipeline Pipeline[ Id: bd0ae4a8-76e8-4937-b5e0-c19893a30753, Nodes: aa703a63-3c65-4215-94e9-ba864e506dd9{ip: 10.1.0.14, host: fv-az165-805.wtg55dazuvhetdvd2gpth4ys5d.dx.internal.cloudapp.net, ports: [REPLICATION=38971, RATIS=39791, RATIS_ADMIN=39791, RATIS_SERVER=39791, STANDALONE=40597], networkLocation: /default-rack, certSerialId: null, persistedOpState: IN_SERVICE, persistedOpStateExpiryEpochSec: 0}, ReplicationConfig: RATIS/ONE, State:ALLOCATED, leaderId:, CreationTimestamp2022-12-08T07:06:12.686Z[Etc/UTC]].
2022-12-08 07:06:12,688 [RatisPipelineUtilsThread - 0] INFO  pipeline.RatisPipelineProvider (RatisPipelineProvider.java:lambda$create$0(195)) - Sending CreatePipelineCommand for pipeline:PipelineID=5859235e-1a5a-4985-b851-a8a841cf23d2 to datanode:e288a489-637a-4316-af43-30866b2c8bfc
2022-12-08 07:06:12,688 [RatisPipelineUtilsThread - 0] INFO  pipeline.RatisPipelineProvider (RatisPipelineProvider.java:lambda$create$0(195)) - Sending CreatePipelineCommand for pipeline:PipelineID=5859235e-1a5a-4985-b851-a8a841cf23d2 to datanode:aa703a63-3c65-4215-94e9-ba864e506dd9
2022-12-08 07:06:12,688 [RatisPipelineUtilsThread - 0] INFO  pipeline.RatisPipelineProvider (RatisPipelineProvider.java:lambda$create$0(195)) - Sending CreatePipelineCommand for pipeline:PipelineID=5859235e-1a5a-4985-b851-a8a841cf23d2 to datanode:6eec9aac-ee1b-4e1e-837d-d3cab734710b
2022-12-08 07:06:12,690 [RatisPipelineUtilsThread - 0] INFO  pipeline.PipelineStateManagerImpl (PipelineStateManagerImpl.java:addPipeline(103)) - Created pipeline Pipeline[ Id: 5859235e-1a5a-4985-b851-a8a841cf23d2, Nodes: e288a489-637a-4316-af43-30866b2c8bfc{ip: 10.1.0.14, host: fv-az165-805.wtg55dazuvhetdvd2gpth4ys5d.dx.internal.cloudapp.net, ports: [REPLICATION=39261, RATIS=36389, RATIS_ADMIN=36389, RATIS_SERVER=36389, STANDALONE=35147], networkLocation: /default-rack, certSerialId: null, persistedOpState: IN_SERVICE, persistedOpStateExpiryEpochSec: 0}aa703a63-3c65-4215-94e9-ba864e506dd9{ip: 10.1.0.14, host: fv-az165-805.wtg55dazuvhetdvd2gpth4ys5d.dx.internal.cloudapp.net, ports: [REPLICATION=38971, RATIS=39791, RATIS_ADMIN=39791, RATIS_SERVER=39791, STANDALONE=40597], networkLocation: /default-rack, certSerialId: null, persistedOpState: IN_SERVICE, persistedOpStateExpiryEpochSec: 0}6eec9aac-ee1b-4e1e-837d-d3cab734710b{ip: 10.1.0.14, host: fv-az165-805.wtg55dazuvhetdvd2gpth4ys5d.dx.internal.cloudapp.net, ports: [REPLICATION=35375, RATIS=33309, RATIS_ADMIN=33309, RATIS_SERVER=33309, STANDALONE=43585], networkLocation: /default-rack, certSerialId: null, persistedOpState: IN_SERVICE, persistedOpStateExpiryEpochSec: 0}, ReplicationConfig: RATIS/THREE, State:ALLOCATED, leaderId:, CreationTimestamp2022-12-08T07:06:12.688Z[Etc/UTC]].
2022-12-08 07:06:13,047 [EventQueue-CommandQueueReportForCommandQueueReportHandler] WARN  events.EventQueue (EventQueue.java:fireEvent(216)) - No event handler registered for event TypedEvent{payloadType=DatanodeDetails, name='Datanode_Command_Queue_Updated'}
2022-12-08 07:06:13,048 [ReplicationMonitor] INFO  replication.ReplicationManager (ReplicationManager.java:processAll(323)) - Replication Manager is not ready to run until 3000ms after safemode exit
2022-12-08 07:06:13,085 [Command processor thread] INFO  server.RaftServer (RaftServerProxy.java:addNew(96)) - a323b8f8-7c4d-4fe6-8663-2fcba1e99710: addNew group-2641C3F3AB49:[a323b8f8-7c4d-4fe6-8663-2fcba1e99710|rpc:10.1.0.14:38689|priority:1|startupRole:FOLLOWER] returns group-2641C3F3AB49:java.util.concurrent.CompletableFuture@74d3ea42[Not completed]
2022-12-08 07:06:13,102 [pool-71-thread-1] INFO  server.RaftServer$Division (RaftServerImpl.java:<init>(195)) - a323b8f8-7c4d-4fe6-8663-2fcba1e99710: new RaftServerImpl for group-2641C3F3AB49:[a323b8f8-7c4d-4fe6-8663-2fcba1e99710|rpc:10.1.0.14:38689|priority:1|startupRole:FOLLOWER] with ContainerStateMachine:uninitialized
2022-12-08 07:06:13,102 [pool-71-thread-1] INFO  server.RaftServerConfigKeys (ConfUtils.java:logGet(46)) - raft.server.rpc.timeout.min = 5s (custom)
2022-12-08 07:06:13,102 [pool-71-thread-1] INFO  server.RaftServerConfigKeys (ConfUtils.java:logGet(46)) - raft.server.rpc.timeout.max = 5200ms (custom)
2022-12-08 07:06:13,102 [pool-71-thread-1] INFO  server.RaftServerConfigKeys (ConfUtils.java:logGet(46)) - raft.server.rpc.sleep.time = 25ms (default)
2022-12-08 07:06:13,102 [pool-71-thread-1] INFO  server.RaftServerConfigKeys (ConfUtils.java:logGet(46)) - raft.server.rpc.slowness.timeout = 300s (custom)
2022-12-08 07:06:13,102 [pool-71-thread-1] INFO  server.RaftServerConfigKeys (ConfUtils.java:logGet(46)) - raft.server.leaderelection.leader.step-down.wait-time = 10s (default)
2022-12-08 07:06:13,102 [pool-71-thread-1] INFO  server.RaftServerConfigKeys (ConfUtils.java:logGet(46)) - raft.server.sleep.deviation.threshold = 300ms (default)
2022-12-08 07:06:13,103 [pool-71-thread-1] INFO  server.RaftServer$Division (ServerState.java:<init>(118)) - a323b8f8-7c4d-4fe6-8663-2fcba1e99710@group-2641C3F3AB49: ConfigurationManager, init=-1: peers:[a323b8f8-7c4d-4fe6-8663-2fcba1e99710|rpc:10.1.0.14:38689|priority:1|startupRole:FOLLOWER]|listeners:[], old=null, confs=<EMPTY_MAP>
2022-12-08 07:06:13,103 [pool-71-thread-1] INFO  server.RaftServerConfigKeys (ConfUtils.java:logGet(46)) - raft.server.storage.dir = [/home/runner/work/ozone/ozone/hadoop-ozone/integration-test/target/test-dir/MiniOzoneClusterImpl-3253a570-fb02-4895-b12a-309bd2ff2d50/datanode-0/data/ratis] (custom)
2022-12-08 07:06:13,103 [pool-71-thread-1] INFO  server.RaftServerConfigKeys (ConfUtils.java:logGet(46)) - raft.server.log.corruption.policy = EXCEPTION (default)
2022-12-08 07:06:13,103 [pool-71-thread-1] INFO  server.RaftServerConfigKeys (ConfUtils.java:logGet(46)) - raft.server.storage.free-space.min = 0MB (=0) (default)
2022-12-08 07:06:13,103 [pool-71-thread-1] INFO  server.RaftServerConfigKeys (ConfUtils.java:logGet(46)) - raft.server.notification.no-leader.timeout = 300s (custom)
2022-12-08 07:06:13,103 [pool-71-thread-1] INFO  server.RaftServerConfigKeys (ConfUtils.java:logGet(46)) - raft.server.retrycache.expirytime = 600000ms (custom)
2022-12-08 07:06:13,103 [pool-71-thread-1] INFO  server.RaftServerConfigKeys (ConfUtils.java:logGet(46)) - raft.server.retrycache.statistics.expirytime = 100μs (default)
2022-12-08 07:06:13,107 [pool-71-thread-1] INFO  server.RaftServerConfigKeys (ConfUtils.java:logGet(46)) - raft.server.log.appender.install.snapshot.enabled = false (custom)
2022-12-08 07:06:13,108 [pool-71-thread-1] INFO  server.RaftServerConfigKeys (ConfUtils.java:logGet(46)) - raft.server.threadpool.server.cached = true (default)
2022-12-08 07:06:13,108 [pool-71-thread-1] INFO  server.RaftServerConfigKeys (ConfUtils.java:logGet(46)) - raft.server.threadpool.server.size = 0 (default)
2022-12-08 07:06:13,108 [pool-71-thread-1] INFO  server.RaftServerConfigKeys (ConfUtils.java:logGet(46)) - raft.server.threadpool.client.cached = true (default)
2022-12-08 07:06:13,108 [pool-71-thread-1] INFO  server.RaftServerConfigKeys (ConfUtils.java:logGet(46)) - raft.server.threadpool.client.size = 0 (default)
2022-12-08 07:06:13,108 [pool-71-thread-1] INFO  storage.RaftStorageDirectory (RaftStorageDirectoryImpl.java:analyzeStorage(137)) - The storage directory /home/runner/work/ozone/ozone/hadoop-ozone/integration-test/target/test-dir/MiniOzoneClusterImpl-3253a570-fb02-4895-b12a-309bd2ff2d50/datanode-0/data/ratis/1e26e778-9c50-40c4-ba8d-2641c3f3ab49 does not exist. Creating ...
2022-12-08 07:06:13,114 [pool-71-thread-1] INFO  storage.RaftStorageDirectory (RaftStorageDirectoryImpl.java:tryLock(231)) - Lock on /home/runner/work/ozone/ozone/hadoop-ozone/integration-test/target/test-dir/MiniOzoneClusterImpl-3253a570-fb02-4895-b12a-309bd2ff2d50/datanode-0/data/ratis/1e26e778-9c50-40c4-ba8d-2641c3f3ab49/in_use.lock acquired by nodename 50697@fv-az165-805
2022-12-08 07:06:13,116 [pool-71-thread-1] INFO  storage.RaftStorage (RaftStorageImpl.java:format(96)) - Storage directory /home/runner/work/ozone/ozone/hadoop-ozone/integration-test/target/test-dir/MiniOzoneClusterImpl-3253a570-fb02-4895-b12a-309bd2ff2d50/datanode-0/data/ratis/1e26e778-9c50-40c4-ba8d-2641c3f3ab49 has been successfully formatted.
2022-12-08 07:06:13,121 [pool-71-thread-1] INFO  ratis.ContainerStateMachine (ContainerStateMachine.java:loadSnapshot(236)) - group-2641C3F3AB49: The snapshot info is null. Setting the last applied indexto:(t:0, i:~)
2022-12-08 07:06:13,121 [pool-71-thread-1] INFO  server.RaftServerConfigKeys (ConfUtils.java:logGet(46)) - raft.server.log.use.memory = false (default)
2022-12-08 07:06:13,122 [pool-71-thread-1] INFO  server.RaftServerConfigKeys (ConfUtils.java:logGet(46)) - raft.server.log.purge.gap = 1000000 (custom)
2022-12-08 07:06:13,122 [pool-71-thread-1] INFO  server.RaftServerConfigKeys (ConfUtils.java:logGet(46)) - raft.server.log.appender.buffer.byte-limit = 33554432 (custom)
2022-12-08 07:06:13,122 [pool-71-thread-1] INFO  server.RaftServerConfigKeys (ConfUtils.java:logGet(46)) - raft.server.log.statemachine.data.read.timeout = 1000ms (default)
2022-12-08 07:06:13,123 [pool-71-thread-1] INFO  server.RaftServerConfigKeys (ConfUtils.java:logGet(46)) - raft.server.log.purge.preservation.log.num = 0 (default)
2022-12-08 07:06:13,123 [EventQueue-CommandQueueReportForCommandQueueReportHandler] WARN  events.EventQueue (EventQueue.java:fireEvent(216)) - No event handler registered for event TypedEvent{payloadType=DatanodeDetails, name='Datanode_Command_Queue_Updated'}
2022-12-08 07:06:13,123 [EventQueue-PipelineReportForPipelineReportHandler] INFO  pipeline.PipelineManagerImpl (PipelineManagerImpl.java:openPipeline(367)) - Pipeline Pipeline[ Id: 1e26e778-9c50-40c4-ba8d-2641c3f3ab49, Nodes: a323b8f8-7c4d-4fe6-8663-2fcba1e99710{ip: 10.1.0.14, host: fv-az165-805.wtg55dazuvhetdvd2gpth4ys5d.dx.internal.cloudapp.net, ports: [REPLICATION=34875, RATIS=38689, RATIS_ADMIN=38689, RATIS_SERVER=38689, STANDALONE=41587], networkLocation: /default-rack, certSerialId: null, persistedOpState: IN_SERVICE, persistedOpStateExpiryEpochSec: 0}, ReplicationConfig: RATIS/ONE, State:ALLOCATED, leaderId:a323b8f8-7c4d-4fe6-8663-2fcba1e99710, CreationTimestamp2022-12-08T07:06:10.074Z[Etc/UTC]] moved to OPEN state
2022-12-08 07:06:13,126 [EventQueue-OpenPipelineForHealthyPipelineSafeModeRule] INFO  safemode.SCMSafeModeManager (HealthyPipelineSafeModeRule.java:process(137)) - SCM in safe mode. Healthy pipelines reported count is 0, required healthy pipeline reported count is 1
2022-12-08 07:06:13,129 [pool-71-thread-1] INFO  server.RaftServerConfigKeys (ConfUtils.java:logGet(46)) - raft.server.log.segment.size.max = 1048576 (custom)
2022-12-08 07:06:13,139 [pool-71-thread-1] INFO  server.RaftServerConfigKeys (ConfUtils.java:logGet(46)) - raft.server.log.segment.cache.num.max = 2 (custom)
2022-12-08 07:06:13,139 [pool-71-thread-1] INFO  server.RaftServerConfigKeys (ConfUtils.java:logGet(46)) - raft.server.log.segment.cache.size.max = 200MB (=209715200) (default)
2022-12-08 07:06:13,139 [pool-71-thread-1] INFO  segmented.SegmentedRaftLogWorker (SegmentedRaftLogWorker.java:<init>(189)) - new a323b8f8-7c4d-4fe6-8663-2fcba1e99710@group-2641C3F3AB49-SegmentedRaftLogWorker for RaftStorageImpl:Storage Directory /home/runner/work/ozone/ozone/hadoop-ozone/integration-test/target/test-dir/MiniOzoneClusterImpl-3253a570-fb02-4895-b12a-309bd2ff2d50/datanode-0/data/ratis/1e26e778-9c50-40c4-ba8d-2641c3f3ab49
2022-12-08 07:06:13,140 [pool-71-thread-1] INFO  server.RaftServerConfigKeys (ConfUtils.java:logGet(46)) - raft.server.log.queue.byte-limit = 4294967296 (custom)
2022-12-08 07:06:13,140 [pool-71-thread-1] INFO  server.RaftServerConfigKeys (ConfUtils.java:logGet(46)) - raft.server.log.queue.element-limit = 1024 (custom)
2022-12-08 07:06:13,140 [pool-71-thread-1] INFO  server.RaftServerConfigKeys (ConfUtils.java:logGet(46)) - raft.server.log.segment.size.max = 1048576 (custom)
2022-12-08 07:06:13,140 [pool-71-thread-1] INFO  server.RaftServerConfigKeys (ConfUtils.java:logGet(46)) - raft.server.log.preallocated.size = 16384 (custom)
2022-12-08 07:06:13,140 [pool-71-thread-1] INFO  server.RaftServerConfigKeys (ConfUtils.java:logGet(46)) - raft.server.log.force.sync.num = 128 (default)
2022-12-08 07:06:13,140 [pool-71-thread-1] INFO  server.RaftServerConfigKeys (ConfUtils.java:logGet(46)) - raft.server.log.statemachine.data.sync = true (default)
2022-12-08 07:06:13,140 [pool-71-thread-1] INFO  server.RaftServerConfigKeys (ConfUtils.java:logGet(46)) - raft.server.log.statemachine.data.sync.timeout = 10s (default)
2022-12-08 07:06:13,140 [pool-71-thread-1] INFO  server.RaftServerConfigKeys (ConfUtils.java:logGet(46)) - raft.server.log.statemachine.data.sync.timeout.retry = -1 (default)
2022-12-08 07:06:13,146 [pool-71-thread-1] INFO  server.RaftServerConfigKeys (ConfUtils.java:logGet(46)) - raft.server.log.write.buffer.size = 1048576 (custom)
2022-12-08 07:06:13,147 [pool-71-thread-1] INFO  server.RaftServerConfigKeys (ConfUtils.java:logGet(46)) - raft.server.log.appender.buffer.byte-limit = 33554432 (custom)
2022-12-08 07:06:13,155 [pool-71-thread-1] INFO  server.RaftServerConfigKeys (ConfUtils.java:logGet(46)) - raft.server.log.unsafe-flush.enabled = false (default)
2022-12-08 07:06:13,156 [pool-71-thread-1] INFO  server.RaftServerConfigKeys (ConfUtils.java:logGet(46)) - raft.server.log.async-flush.enabled = false (default)
2022-12-08 07:06:13,156 [pool-71-thread-1] INFO  server.RaftServerConfigKeys (ConfUtils.java:logGet(46)) - raft.server.log.statemachine.data.caching.enabled = true (custom)
2022-12-08 07:06:13,156 [pool-71-thread-1] INFO  segmented.SegmentedRaftLogWorker (SegmentedRaftLogWorker.java:lambda$new$0(135)) - a323b8f8-7c4d-4fe6-8663-2fcba1e99710@group-2641C3F3AB49-SegmentedRaftLogWorker: flushIndex: setUnconditionally 0 -> -1
2022-12-08 07:06:13,156 [pool-71-thread-1] INFO  segmented.SegmentedRaftLogWorker (SegmentedRaftLogWorker.java:lambda$new$0(135)) - a323b8f8-7c4d-4fe6-8663-2fcba1e99710@group-2641C3F3AB49-SegmentedRaftLogWorker: safeCacheEvictIndex: setUnconditionally 0 -> -1
2022-12-08 07:06:13,164 [pool-71-thread-1] INFO  server.RaftServer$Division (RaftServerImpl.java:start(334)) - a323b8f8-7c4d-4fe6-8663-2fcba1e99710@group-2641C3F3AB49: start as a follower, conf=-1: peers:[a323b8f8-7c4d-4fe6-8663-2fcba1e99710|rpc:10.1.0.14:38689|priority:1|startupRole:FOLLOWER]|listeners:[], old=null
2022-12-08 07:06:13,168 [EventQueue-CommandQueueReportForCommandQueueReportHandler] WARN  events.EventQueue (EventQueue.java:fireEvent(216)) - No event handler registered for event TypedEvent{payloadType=DatanodeDetails, name='Datanode_Command_Queue_Updated'}
2022-12-08 07:06:13,170 [pool-71-thread-1] INFO  server.RaftServer$Division (RaftServerImpl.java:setRole(321)) - a323b8f8-7c4d-4fe6-8663-2fcba1e99710@group-2641C3F3AB49: changes role from      null to FOLLOWER at term 0 for startAsFollower
2022-12-08 07:06:13,170 [pool-71-thread-1] INFO  impl.RoleInfo (RoleInfo.java:updateAndGet(139)) - a323b8f8-7c4d-4fe6-8663-2fcba1e99710: start a323b8f8-7c4d-4fe6-8663-2fcba1e99710@group-2641C3F3AB49-FollowerState
2022-12-08 07:06:13,171 [pool-71-thread-1] INFO  util.JmxRegister (JmxRegister.java:tryRegister(44)) - Successfully registered JMX Bean with object name Ratis:service=RaftServer,group=group-2641C3F3AB49,id=a323b8f8-7c4d-4fe6-8663-2fcba1e99710
2022-12-08 07:06:13,171 [pool-71-thread-1] INFO  server.RaftServerConfigKeys (ConfUtils.java:logGet(46)) - raft.server.snapshot.auto.trigger.enabled = true (custom)
2022-12-08 07:06:13,171 [pool-71-thread-1] INFO  server.RaftServerConfigKeys (ConfUtils.java:logGet(46)) - raft.server.snapshot.auto.trigger.threshold = 10000 (custom)
2022-12-08 07:06:13,171 [pool-71-thread-1] INFO  server.RaftServerConfigKeys (ConfUtils.java:logGet(46)) - raft.server.snapshot.retention.file.num = 5 (custom)
2022-12-08 07:06:13,171 [pool-71-thread-1] INFO  server.RaftServerConfigKeys (ConfUtils.java:logGet(46)) - raft.server.log.purge.upto.snapshot.index = false (default)
2022-12-08 07:06:13,179 [a323b8f8-7c4d-4fe6-8663-2fcba1e99710@group-2641C3F3AB49-FollowerState] INFO  server.RaftServerConfigKeys (ConfUtils.java:logFallback(53)) - raft.server.rpc.first-election.timeout.min = 5s (fallback to raft.server.rpc.timeout.min)
2022-12-08 07:06:13,180 [a323b8f8-7c4d-4fe6-8663-2fcba1e99710@group-2641C3F3AB49-FollowerState] INFO  server.RaftServerConfigKeys (ConfUtils.java:logFallback(53)) - raft.server.rpc.first-election.timeout.max = 5200ms (fallback to raft.server.rpc.timeout.max)
2022-12-08 07:06:13,188 [Command processor thread] INFO  ratis.XceiverServerRatis (XceiverServerRatis.java:addGroup(765)) - Created group PipelineID=1e26e778-9c50-40c4-ba8d-2641c3f3ab49
2022-12-08 07:06:13,189 [Command processor thread] INFO  commandhandler.CreatePipelineCommandHandler (CreatePipelineCommandHandler.java:handle(113)) - Created Pipeline RATIS ONE PipelineID=1e26e778-9c50-40c4-ba8d-2641c3f3ab49.
2022-12-08 07:06:13,190 [Command processor thread] INFO  server.RaftServer (RaftServerProxy.java:addNew(96)) - a323b8f8-7c4d-4fe6-8663-2fcba1e99710: addNew group-BA3D94F9A8A7:[624d0ae4-c5c0-4b02-bbde-b37f19cf8f9a|rpc:10.1.0.14:41749|priority:0|startupRole:FOLLOWER, 1fec2e66-b36b-410d-a836-56974e80c6bf|rpc:10.1.0.14:40777|priority:0|startupRole:FOLLOWER, a323b8f8-7c4d-4fe6-8663-2fcba1e99710|rpc:10.1.0.14:38689|priority:1|startupRole:FOLLOWER] returns group-BA3D94F9A8A7:java.util.concurrent.CompletableFuture@3aa50231[Not completed]
2022-12-08 07:06:13,192 [pool-71-thread-1] INFO  server.RaftServer$Division (RaftServerImpl.java:<init>(195)) - a323b8f8-7c4d-4fe6-8663-2fcba1e99710: new RaftServerImpl for group-BA3D94F9A8A7:[624d0ae4-c5c0-4b02-bbde-b37f19cf8f9a|rpc:10.1.0.14:41749|priority:0|startupRole:FOLLOWER, 1fec2e66-b36b-410d-a836-56974e80c6bf|rpc:10.1.0.14:40777|priority:0|startupRole:FOLLOWER, a323b8f8-7c4d-4fe6-8663-2fcba1e99710|rpc:10.1.0.14:38689|priority:1|startupRole:FOLLOWER] with ContainerStateMachine:uninitialized
2022-12-08 07:06:13,192 [pool-71-thread-1] INFO  server.RaftServerConfigKeys (ConfUtils.java:logGet(46)) - raft.server.rpc.timeout.min = 5s (custom)
2022-12-08 07:06:13,192 [pool-71-thread-1] INFO  server.RaftServerConfigKeys (ConfUtils.java:logGet(46)) - raft.server.rpc.timeout.max = 5200ms (custom)
2022-12-08 07:06:13,193 [pool-71-thread-1] INFO  server.RaftServerConfigKeys (ConfUtils.java:logGet(46)) - raft.server.rpc.sleep.time = 25ms (default)
2022-12-08 07:06:13,193 [pool-71-thread-1] INFO  server.RaftServerConfigKeys (ConfUtils.java:logGet(46)) - raft.server.rpc.slowness.timeout = 300s (custom)
2022-12-08 07:06:13,193 [pool-71-thread-1] INFO  server.RaftServerConfigKeys (ConfUtils.java:logGet(46)) - raft.server.leaderelection.leader.step-down.wait-time = 10s (default)
2022-12-08 07:06:13,193 [pool-71-thread-1] INFO  server.RaftServerConfigKeys (ConfUtils.java:logGet(46)) - raft.server.sleep.deviation.threshold = 300ms (default)
2022-12-08 07:06:13,193 [pool-71-thread-1] INFO  server.RaftServer$Division (ServerState.java:<init>(118)) - a323b8f8-7c4d-4fe6-8663-2fcba1e99710@group-BA3D94F9A8A7: ConfigurationManager, init=-1: peers:[624d0ae4-c5c0-4b02-bbde-b37f19cf8f9a|rpc:10.1.0.14:41749|priority:0|startupRole:FOLLOWER, 1fec2e66-b36b-410d-a836-56974e80c6bf|rpc:10.1.0.14:40777|priority:0|startupRole:FOLLOWER, a323b8f8-7c4d-4fe6-8663-2fcba1e99710|rpc:10.1.0.14:38689|priority:1|startupRole:FOLLOWER]|listeners:[], old=null, confs=<EMPTY_MAP>
2022-12-08 07:06:13,193 [pool-71-thread-1] INFO  server.RaftServerConfigKeys (ConfUtils.java:logGet(46)) - raft.server.storage.dir = [/home/runner/work/ozone/ozone/hadoop-ozone/integration-test/target/test-dir/MiniOzoneClusterImpl-3253a570-fb02-4895-b12a-309bd2ff2d50/datanode-0/data/ratis] (custom)
2022-12-08 07:06:13,194 [pool-71-thread-1] INFO  server.RaftServerConfigKeys (ConfUtils.java:logGet(46)) - raft.server.log.corruption.policy = EXCEPTION (default)
2022-12-08 07:06:13,194 [pool-71-thread-1] INFO  server.RaftServerConfigKeys (ConfUtils.java:logGet(46)) - raft.server.storage.free-space.min = 0MB (=0) (default)
2022-12-08 07:06:13,196 [pool-71-thread-1] INFO  server.RaftServerConfigKeys (ConfUtils.java:logGet(46)) - raft.server.notification.no-leader.timeout = 300s (custom)
2022-12-08 07:06:13,196 [pool-71-thread-1] INFO  server.RaftServerConfigKeys (ConfUtils.java:logGet(46)) - raft.server.retrycache.expirytime = 600000ms (custom)
2022-12-08 07:06:13,196 [pool-71-thread-1] INFO  server.RaftServerConfigKeys (ConfUtils.java:logGet(46)) - raft.server.retrycache.statistics.expirytime = 100μs (default)
2022-12-08 07:06:13,206 [pool-71-thread-1] INFO  server.RaftServerConfigKeys (ConfUtils.java:logGet(46)) - raft.server.log.appender.install.snapshot.enabled = false (custom)
2022-12-08 07:06:13,206 [pool-71-thread-1] INFO  server.RaftServerConfigKeys (ConfUtils.java:logGet(46)) - raft.server.threadpool.server.cached = true (default)
2022-12-08 07:06:13,206 [pool-71-thread-1] INFO  server.RaftServerConfigKeys (ConfUtils.java:logGet(46)) - raft.server.threadpool.server.size = 0 (default)
2022-12-08 07:06:13,206 [pool-71-thread-1] INFO  server.RaftServerConfigKeys (ConfUtils.java:logGet(46)) - raft.server.threadpool.client.cached = true (default)
2022-12-08 07:06:13,206 [pool-71-thread-1] INFO  server.RaftServerConfigKeys (ConfUtils.java:logGet(46)) - raft.server.threadpool.client.size = 0 (default)
2022-12-08 07:06:13,211 [pool-71-thread-1] INFO  storage.RaftStorageDirectory (RaftStorageDirectoryImpl.java:analyzeStorage(137)) - The storage directory /home/runner/work/ozone/ozone/hadoop-ozone/integration-test/target/test-dir/MiniOzoneClusterImpl-3253a570-fb02-4895-b12a-309bd2ff2d50/datanode-0/data/ratis/9d5f0604-367d-4da6-baea-ba3d94f9a8a7 does not exist. Creating ...
2022-12-08 07:06:13,212 [pool-71-thread-1] INFO  storage.RaftStorageDirectory (RaftStorageDirectoryImpl.java:tryLock(231)) - Lock on /home/runner/work/ozone/ozone/hadoop-ozone/integration-test/target/test-dir/MiniOzoneClusterImpl-3253a570-fb02-4895-b12a-309bd2ff2d50/datanode-0/data/ratis/9d5f0604-367d-4da6-baea-ba3d94f9a8a7/in_use.lock acquired by nodename 50697@fv-az165-805
2022-12-08 07:06:13,215 [pool-71-thread-1] INFO  storage.RaftStorage (RaftStorageImpl.java:format(96)) - Storage directory /home/runner/work/ozone/ozone/hadoop-ozone/integration-test/target/test-dir/MiniOzoneClusterImpl-3253a570-fb02-4895-b12a-309bd2ff2d50/datanode-0/data/ratis/9d5f0604-367d-4da6-baea-ba3d94f9a8a7 has been successfully formatted.
2022-12-08 07:06:13,221 [pool-71-thread-1] INFO  ratis.ContainerStateMachine (ContainerStateMachine.java:loadSnapshot(236)) - group-BA3D94F9A8A7: The snapshot info is null. Setting the last applied indexto:(t:0, i:~)
2022-12-08 07:06:13,222 [pool-71-thread-1] INFO  server.RaftServerConfigKeys (ConfUtils.java:logGet(46)) - raft.server.log.use.memory = false (default)
2022-12-08 07:06:13,222 [pool-71-thread-1] INFO  server.RaftServerConfigKeys (ConfUtils.java:logGet(46)) - raft.server.log.purge.gap = 1000000 (custom)
2022-12-08 07:06:13,222 [pool-71-thread-1] INFO  server.RaftServerConfigKeys (ConfUtils.java:logGet(46)) - raft.server.log.appender.buffer.byte-limit = 33554432 (custom)
2022-12-08 07:06:13,222 [EventQueue-OpenPipelineForHealthyPipelineSafeModeRule] INFO  safemode.SCMSafeModeManager (HealthyPipelineSafeModeRule.java:process(137)) - SCM in safe mode. Healthy pipelines reported count is 0, required healthy pipeline reported count is 1
2022-12-08 07:06:13,221 [EventQueue-CommandQueueReportForCommandQueueReportHandler] WARN  events.EventQueue (EventQueue.java:fireEvent(216)) - No event handler registered for event TypedEvent{payloadType=DatanodeDetails, name='Datanode_Command_Queue_Updated'}
2022-12-08 07:06:13,222 [pool-71-thread-1] INFO  server.RaftServerConfigKeys (ConfUtils.java:logGet(46)) - raft.server.log.statemachine.data.read.timeout = 1000ms (default)
2022-12-08 07:06:13,226 [pool-71-thread-1] INFO  server.RaftServerConfigKeys (ConfUtils.java:logGet(46)) - raft.server.log.purge.preservation.log.num = 0 (default)
2022-12-08 07:06:13,227 [Listener at 127.0.0.1/32903] INFO  ozone.MiniOzoneClusterImpl (MiniOzoneClusterImpl.java:lambda$waitForClusterToBeReady$0(216)) - Waiting for nodes to be ready. Got 6 of 7 DN Heartbeats.
2022-12-08 07:06:13,227 [Listener at 127.0.0.1/32903] INFO  ozone.MiniOzoneClusterImpl (MiniOzoneClusterImpl.java:lambda$waitForClusterToBeReady$0(219)) - Waiting for cluster to exit safe mode
2022-12-08 07:06:13,227 [Listener at 127.0.0.1/32903] INFO  ozone.MiniOzoneClusterImpl (MiniOzoneClusterImpl.java:lambda$waitForClusterToBeReady$0(221)) - SCM became leader
2022-12-08 07:06:13,228 [IPC Server handler 1 on default port 38075] INFO  net.NetworkTopologyImpl (NetworkTopologyImpl.java:add(112)) - Added a new node: /default-rack/f4ffb4f0-97dc-4c31-9ebf-2914332a538f
2022-12-08 07:06:13,229 [IPC Server handler 1 on default port 38075] INFO  node.SCMNodeManager (SCMNodeManager.java:register(397)) - Registered Data node : f4ffb4f0-97dc-4c31-9ebf-2914332a538f{ip: 10.1.0.14, host: fv-az165-805.wtg55dazuvhetdvd2gpth4ys5d.dx.internal.cloudapp.net, ports: [REPLICATION=33383, RATIS=34119, RATIS_ADMIN=34119, RATIS_SERVER=34119, STANDALONE=42873], networkLocation: /default-rack, certSerialId: null, persistedOpState: null, persistedOpStateExpiryEpochSec: 0}
2022-12-08 07:06:13,229 [EventQueue-NewNodeForNewNodeHandler] INFO  pipeline.BackgroundPipelineCreator (BackgroundPipelineCreator.java:notifyEventTriggered(276)) - trigger a one-shot run on RatisPipelineUtilsThread.
2022-12-08 07:06:13,230 [RatisPipelineUtilsThread - 0] INFO  pipeline.RatisPipelineProvider (RatisPipelineProvider.java:lambda$create$0(195)) - Sending CreatePipelineCommand for pipeline:PipelineID=58039b8c-a6c7-4215-9bbe-fee113336341 to datanode:f4ffb4f0-97dc-4c31-9ebf-2914332a538f
2022-12-08 07:06:13,230 [pool-71-thread-1] INFO  server.RaftServerConfigKeys (ConfUtils.java:logGet(46)) - raft.server.log.segment.size.max = 1048576 (custom)
2022-12-08 07:06:13,230 [RatisPipelineUtilsThread - 0] INFO  pipeline.PipelineStateManagerImpl (PipelineStateManagerImpl.java:addPipeline(103)) - Created pipeline Pipeline[ Id: 58039b8c-a6c7-4215-9bbe-fee113336341, Nodes: f4ffb4f0-97dc-4c31-9ebf-2914332a538f{ip: 10.1.0.14, host: fv-az165-805.wtg55dazuvhetdvd2gpth4ys5d.dx.internal.cloudapp.net, ports: [REPLICATION=33383, RATIS=34119, RATIS_ADMIN=34119, RATIS_SERVER=34119, STANDALONE=42873], networkLocation: /default-rack, certSerialId: null, persistedOpState: IN_SERVICE, persistedOpStateExpiryEpochSec: 0}, ReplicationConfig: RATIS/ONE, State:ALLOCATED, leaderId:, CreationTimestamp2022-12-08T07:06:13.230Z[Etc/UTC]].
2022-12-08 07:06:13,234 [pool-71-thread-1] INFO  server.RaftServerConfigKeys (ConfUtils.java:logGet(46)) - raft.server.log.segment.cache.num.max = 2 (custom)
2022-12-08 07:06:13,234 [pool-71-thread-1] INFO  server.RaftServerConfigKeys (ConfUtils.java:logGet(46)) - raft.server.log.segment.cache.size.max = 200MB (=209715200) (default)
2022-12-08 07:06:13,234 [pool-71-thread-1] INFO  segmented.SegmentedRaftLogWorker (SegmentedRaftLogWorker.java:<init>(189)) - new a323b8f8-7c4d-4fe6-8663-2fcba1e99710@group-BA3D94F9A8A7-SegmentedRaftLogWorker for RaftStorageImpl:Storage Directory /home/runner/work/ozone/ozone/hadoop-ozone/integration-test/target/test-dir/MiniOzoneClusterImpl-3253a570-fb02-4895-b12a-309bd2ff2d50/datanode-0/data/ratis/9d5f0604-367d-4da6-baea-ba3d94f9a8a7
2022-12-08 07:06:13,235 [pool-71-thread-1] INFO  server.RaftServerConfigKeys (ConfUtils.java:logGet(46)) - raft.server.log.queue.byte-limit = 4294967296 (custom)
2022-12-08 07:06:13,236 [pool-71-thread-1] INFO  server.RaftServerConfigKeys (ConfUtils.java:logGet(46)) - raft.server.log.queue.element-limit = 1024 (custom)
2022-12-08 07:06:13,236 [pool-71-thread-1] INFO  server.RaftServerConfigKeys (ConfUtils.java:logGet(46)) - raft.server.log.segment.size.max = 1048576 (custom)
2022-12-08 07:06:13,236 [pool-71-thread-1] INFO  server.RaftServerConfigKeys (ConfUtils.java:logGet(46)) - raft.server.log.preallocated.size = 16384 (custom)
2022-12-08 07:06:13,236 [pool-71-thread-1] INFO  server.RaftServerConfigKeys (ConfUtils.java:logGet(46)) - raft.server.log.force.sync.num = 128 (default)
2022-12-08 07:06:13,236 [pool-71-thread-1] INFO  server.RaftServerConfigKeys (ConfUtils.java:logGet(46)) - raft.server.log.statemachine.data.sync = true (default)
2022-12-08 07:06:13,236 [pool-71-thread-1] INFO  server.RaftServerConfigKeys (ConfUtils.java:logGet(46)) - raft.server.log.statemachine.data.sync.timeout = 10s (default)
2022-12-08 07:06:13,236 [pool-71-thread-1] INFO  server.RaftServerConfigKeys (ConfUtils.java:logGet(46)) - raft.server.log.statemachine.data.sync.timeout.retry = -1 (default)
2022-12-08 07:06:13,241 [pool-71-thread-1] INFO  server.RaftServerConfigKeys (ConfUtils.java:logGet(46)) - raft.server.log.write.buffer.size = 1048576 (custom)
2022-12-08 07:06:13,242 [pool-71-thread-1] INFO  server.RaftServerConfigKeys (ConfUtils.java:logGet(46)) - raft.server.log.appender.buffer.byte-limit = 33554432 (custom)
2022-12-08 07:06:13,254 [pool-71-thread-1] INFO  server.RaftServerConfigKeys (ConfUtils.java:logGet(46)) - raft.server.log.unsafe-flush.enabled = false (default)
2022-12-08 07:06:13,254 [pool-71-thread-1] INFO  server.RaftServerConfigKeys (ConfUtils.java:logGet(46)) - raft.server.log.async-flush.enabled = false (default)
2022-12-08 07:06:13,254 [pool-71-thread-1] INFO  server.RaftServerConfigKeys (ConfUtils.java:logGet(46)) - raft.server.log.statemachine.data.caching.enabled = true (custom)
2022-12-08 07:06:13,254 [pool-71-thread-1] INFO  segmented.SegmentedRaftLogWorker (SegmentedRaftLogWorker.java:lambda$new$0(135)) - a323b8f8-7c4d-4fe6-8663-2fcba1e99710@group-BA3D94F9A8A7-SegmentedRaftLogWorker: flushIndex: setUnconditionally 0 -> -1
2022-12-08 07:06:13,255 [pool-71-thread-1] INFO  segmented.SegmentedRaftLogWorker (SegmentedRaftLogWorker.java:lambda$new$0(135)) - a323b8f8-7c4d-4fe6-8663-2fcba1e99710@group-BA3D94F9A8A7-SegmentedRaftLogWorker: safeCacheEvictIndex: setUnconditionally 0 -> -1
2022-12-08 07:06:13,255 [pool-71-thread-1] INFO  server.RaftServer$Division (RaftServerImpl.java:start(334)) - a323b8f8-7c4d-4fe6-8663-2fcba1e99710@group-BA3D94F9A8A7: start as a follower, conf=-1: peers:[624d0ae4-c5c0-4b02-bbde-b37f19cf8f9a|rpc:10.1.0.14:41749|priority:0|startupRole:FOLLOWER, 1fec2e66-b36b-410d-a836-56974e80c6bf|rpc:10.1.0.14:40777|priority:0|startupRole:FOLLOWER, a323b8f8-7c4d-4fe6-8663-2fcba1e99710|rpc:10.1.0.14:38689|priority:1|startupRole:FOLLOWER]|listeners:[], old=null
2022-12-08 07:06:13,255 [pool-71-thread-1] INFO  server.RaftServer$Division (RaftServerImpl.java:setRole(321)) - a323b8f8-7c4d-4fe6-8663-2fcba1e99710@group-BA3D94F9A8A7: changes role from      null to FOLLOWER at term 0 for startAsFollower
2022-12-08 07:06:13,256 [pool-71-thread-1] INFO  impl.RoleInfo (RoleInfo.java:updateAndGet(139)) - a323b8f8-7c4d-4fe6-8663-2fcba1e99710: start a323b8f8-7c4d-4fe6-8663-2fcba1e99710@group-BA3D94F9A8A7-FollowerState
2022-12-08 07:06:13,257 [pool-71-thread-1] INFO  util.JmxRegister (JmxRegister.java:tryRegister(44)) - Successfully registered JMX Bean with object name Ratis:service=RaftServer,group=group-BA3D94F9A8A7,id=a323b8f8-7c4d-4fe6-8663-2fcba1e99710
2022-12-08 07:06:13,257 [pool-71-thread-1] INFO  server.RaftServerConfigKeys (ConfUtils.java:logGet(46)) - raft.server.snapshot.auto.trigger.enabled = true (custom)
2022-12-08 07:06:13,257 [pool-71-thread-1] INFO  server.RaftServerConfigKeys (ConfUtils.java:logGet(46)) - raft.server.snapshot.auto.trigger.threshold = 10000 (custom)
2022-12-08 07:06:13,257 [pool-71-thread-1] INFO  server.RaftServerConfigKeys (ConfUtils.java:logGet(46)) - raft.server.snapshot.retention.file.num = 5 (custom)
2022-12-08 07:06:13,257 [pool-71-thread-1] INFO  server.RaftServerConfigKeys (ConfUtils.java:logGet(46)) - raft.server.log.purge.upto.snapshot.index = false (default)
2022-12-08 07:06:13,260 [a323b8f8-7c4d-4fe6-8663-2fcba1e99710@group-BA3D94F9A8A7-FollowerState] INFO  server.RaftServerConfigKeys (ConfUtils.java:logFallback(53)) - raft.server.rpc.first-election.timeout.min = 5s (fallback to raft.server.rpc.timeout.min)
2022-12-08 07:06:13,262 [Command processor thread] INFO  ratis.XceiverServerRatis (XceiverServerRatis.java:addGroup(765)) - Created group PipelineID=9d5f0604-367d-4da6-baea-ba3d94f9a8a7
2022-12-08 07:06:13,270 [a323b8f8-7c4d-4fe6-8663-2fcba1e99710@group-BA3D94F9A8A7-FollowerState] INFO  server.RaftServerConfigKeys (ConfUtils.java:logFallback(53)) - raft.server.rpc.first-election.timeout.max = 5200ms (fallback to raft.server.rpc.timeout.max)
2022-12-08 07:06:13,692 [EventQueue-CommandQueueReportForCommandQueueReportHandler] WARN  events.EventQueue (EventQueue.java:fireEvent(216)) - No event handler registered for event TypedEvent{payloadType=DatanodeDetails, name='Datanode_Command_Queue_Updated'}
2022-12-08 07:06:13,696 [Command processor thread] INFO  server.RaftServer (RaftServerProxy.java:addNew(96)) - 624d0ae4-c5c0-4b02-bbde-b37f19cf8f9a: addNew group-079D96FDDCB1:[624d0ae4-c5c0-4b02-bbde-b37f19cf8f9a|rpc:10.1.0.14:41749|priority:1|startupRole:FOLLOWER] returns group-079D96FDDCB1:java.util.concurrent.CompletableFuture@3b8d019c[Not completed]
2022-12-08 07:06:13,698 [EventQueue-CommandQueueReportForCommandQueueReportHandler] WARN  events.EventQueue (EventQueue.java:fireEvent(216)) - No event handler registered for event TypedEvent{payloadType=DatanodeDetails, name='Datanode_Command_Queue_Updated'}
2022-12-08 07:06:13,715 [pool-94-thread-1] INFO  server.RaftServer$Division (RaftServerImpl.java:<init>(195)) - 624d0ae4-c5c0-4b02-bbde-b37f19cf8f9a: new RaftServerImpl for group-079D96FDDCB1:[624d0ae4-c5c0-4b02-bbde-b37f19cf8f9a|rpc:10.1.0.14:41749|priority:1|startupRole:FOLLOWER] with ContainerStateMachine:uninitialized
2022-12-08 07:06:13,715 [pool-94-thread-1] INFO  server.RaftServerConfigKeys (ConfUtils.java:logGet(46)) - raft.server.rpc.timeout.min = 5s (custom)
2022-12-08 07:06:13,715 [pool-94-thread-1] INFO  server.RaftServerConfigKeys (ConfUtils.java:logGet(46)) - raft.server.rpc.timeout.max = 5200ms (custom)
2022-12-08 07:06:13,716 [pool-94-thread-1] INFO  server.RaftServerConfigKeys (ConfUtils.java:logGet(46)) - raft.server.rpc.sleep.time = 25ms (default)
2022-12-08 07:06:13,716 [pool-94-thread-1] INFO  server.RaftServerConfigKeys (ConfUtils.java:logGet(46)) - raft.server.rpc.slowness.timeout = 300s (custom)
2022-12-08 07:06:13,716 [pool-94-thread-1] INFO  server.RaftServerConfigKeys (ConfUtils.java:logGet(46)) - raft.server.leaderelection.leader.step-down.wait-time = 10s (default)
2022-12-08 07:06:13,716 [pool-94-thread-1] INFO  server.RaftServerConfigKeys (ConfUtils.java:logGet(46)) - raft.server.sleep.deviation.threshold = 300ms (default)
2022-12-08 07:06:13,716 [pool-94-thread-1] INFO  server.RaftServer$Division (ServerState.java:<init>(118)) - 624d0ae4-c5c0-4b02-bbde-b37f19cf8f9a@group-079D96FDDCB1: ConfigurationManager, init=-1: peers:[624d0ae4-c5c0-4b02-bbde-b37f19cf8f9a|rpc:10.1.0.14:41749|priority:1|startupRole:FOLLOWER]|listeners:[], old=null, confs=<EMPTY_MAP>
2022-12-08 07:06:13,716 [pool-94-thread-1] INFO  server.RaftServerConfigKeys (ConfUtils.java:logGet(46)) - raft.server.storage.dir = [/home/runner/work/ozone/ozone/hadoop-ozone/integration-test/target/test-dir/MiniOzoneClusterImpl-3253a570-fb02-4895-b12a-309bd2ff2d50/datanode-1/data/ratis] (custom)
2022-12-08 07:06:13,716 [pool-94-thread-1] INFO  server.RaftServerConfigKeys (ConfUtils.java:logGet(46)) - raft.server.log.corruption.policy = EXCEPTION (default)
2022-12-08 07:06:13,716 [pool-94-thread-1] INFO  server.RaftServerConfigKeys (ConfUtils.java:logGet(46)) - raft.server.storage.free-space.min = 0MB (=0) (default)
2022-12-08 07:06:13,717 [pool-94-thread-1] INFO  server.RaftServerConfigKeys (ConfUtils.java:logGet(46)) - raft.server.notification.no-leader.timeout = 300s (custom)
2022-12-08 07:06:13,717 [pool-94-thread-1] INFO  server.RaftServerConfigKeys (ConfUtils.java:logGet(46)) - raft.server.retrycache.expirytime = 600000ms (custom)
2022-12-08 07:06:13,717 [pool-94-thread-1] INFO  server.RaftServerConfigKeys (ConfUtils.java:logGet(46)) - raft.server.retrycache.statistics.expirytime = 100μs (default)
2022-12-08 07:06:13,719 [pool-94-thread-1] INFO  server.RaftServerConfigKeys (ConfUtils.java:logGet(46)) - raft.server.log.appender.install.snapshot.enabled = false (custom)
2022-12-08 07:06:13,720 [pool-94-thread-1] INFO  server.RaftServerConfigKeys (ConfUtils.java:logGet(46)) - raft.server.threadpool.server.cached = true (default)
2022-12-08 07:06:13,720 [pool-94-thread-1] INFO  server.RaftServerConfigKeys (ConfUtils.java:logGet(46)) - raft.server.threadpool.server.size = 0 (default)
2022-12-08 07:06:13,720 [pool-94-thread-1] INFO  server.RaftServerConfigKeys (ConfUtils.java:logGet(46)) - raft.server.threadpool.client.cached = true (default)
2022-12-08 07:06:13,720 [pool-94-thread-1] INFO  server.RaftServerConfigKeys (ConfUtils.java:logGet(46)) - raft.server.threadpool.client.size = 0 (default)
2022-12-08 07:06:13,720 [pool-94-thread-1] INFO  storage.RaftStorageDirectory (RaftStorageDirectoryImpl.java:analyzeStorage(137)) - The storage directory /home/runner/work/ozone/ozone/hadoop-ozone/integration-test/target/test-dir/MiniOzoneClusterImpl-3253a570-fb02-4895-b12a-309bd2ff2d50/datanode-1/data/ratis/a699e608-622d-4a62-b659-079d96fddcb1 does not exist. Creating ...
2022-12-08 07:06:13,725 [pool-94-thread-1] INFO  storage.RaftStorageDirectory (RaftStorageDirectoryImpl.java:tryLock(231)) - Lock on /home/runner/work/ozone/ozone/hadoop-ozone/integration-test/target/test-dir/MiniOzoneClusterImpl-3253a570-fb02-4895-b12a-309bd2ff2d50/datanode-1/data/ratis/a699e608-622d-4a62-b659-079d96fddcb1/in_use.lock acquired by nodename 50697@fv-az165-805
2022-12-08 07:06:13,728 [pool-94-thread-1] INFO  storage.RaftStorage (RaftStorageImpl.java:format(96)) - Storage directory /home/runner/work/ozone/ozone/hadoop-ozone/integration-test/target/test-dir/MiniOzoneClusterImpl-3253a570-fb02-4895-b12a-309bd2ff2d50/datanode-1/data/ratis/a699e608-622d-4a62-b659-079d96fddcb1 has been successfully formatted.
2022-12-08 07:06:13,732 [pool-94-thread-1] INFO  ratis.ContainerStateMachine (ContainerStateMachine.java:loadSnapshot(236)) - group-079D96FDDCB1: The snapshot info is null. Setting the last applied indexto:(t:0, i:~)
2022-12-08 07:06:13,733 [pool-94-thread-1] INFO  server.RaftServerConfigKeys (ConfUtils.java:logGet(46)) - raft.server.log.use.memory = false (default)
2022-12-08 07:06:13,733 [pool-94-thread-1] INFO  server.RaftServerConfigKeys (ConfUtils.java:logGet(46)) - raft.server.log.purge.gap = 1000000 (custom)
2022-12-08 07:06:13,733 [pool-94-thread-1] INFO  server.RaftServerConfigKeys (ConfUtils.java:logGet(46)) - raft.server.log.appender.buffer.byte-limit = 33554432 (custom)
2022-12-08 07:06:13,733 [pool-94-thread-1] INFO  server.RaftServerConfigKeys (ConfUtils.java:logGet(46)) - raft.server.log.statemachine.data.read.timeout = 1000ms (default)
2022-12-08 07:06:13,733 [pool-94-thread-1] INFO  server.RaftServerConfigKeys (ConfUtils.java:logGet(46)) - raft.server.log.purge.preservation.log.num = 0 (default)
2022-12-08 07:06:13,736 [EventQueue-CommandQueueReportForCommandQueueReportHandler] WARN  events.EventQueue (EventQueue.java:fireEvent(216)) - No event handler registered for event TypedEvent{payloadType=DatanodeDetails, name='Datanode_Command_Queue_Updated'}
2022-12-08 07:06:13,736 [EventQueue-PipelineReportForPipelineReportHandler] INFO  pipeline.PipelineManagerImpl (PipelineManagerImpl.java:openPipeline(367)) - Pipeline Pipeline[ Id: a699e608-622d-4a62-b659-079d96fddcb1, Nodes: 624d0ae4-c5c0-4b02-bbde-b37f19cf8f9a{ip: 10.1.0.14, host: fv-az165-805.wtg55dazuvhetdvd2gpth4ys5d.dx.internal.cloudapp.net, ports: [REPLICATION=39487, RATIS=41749, RATIS_ADMIN=41749, RATIS_SERVER=41749, STANDALONE=43743], networkLocation: /default-rack, certSerialId: null, persistedOpState: IN_SERVICE, persistedOpStateExpiryEpochSec: 0}, ReplicationConfig: RATIS/ONE, State:ALLOCATED, leaderId:624d0ae4-c5c0-4b02-bbde-b37f19cf8f9a, CreationTimestamp2022-12-08T07:06:10.653Z[Etc/UTC]] moved to OPEN state
2022-12-08 07:06:13,746 [pool-94-thread-1] INFO  server.RaftServerConfigKeys (ConfUtils.java:logGet(46)) - raft.server.log.segment.size.max = 1048576 (custom)
2022-12-08 07:06:13,746 [EventQueue-OpenPipelineForHealthyPipelineSafeModeRule] INFO  safemode.SCMSafeModeManager (HealthyPipelineSafeModeRule.java:process(137)) - SCM in safe mode. Healthy pipelines reported count is 0, required healthy pipeline reported count is 1
2022-12-08 07:06:13,747 [pool-94-thread-1] INFO  server.RaftServerConfigKeys (ConfUtils.java:logGet(46)) - raft.server.log.segment.cache.num.max = 2 (custom)
2022-12-08 07:06:13,747 [pool-94-thread-1] INFO  server.RaftServerConfigKeys (ConfUtils.java:logGet(46)) - raft.server.log.segment.cache.size.max = 200MB (=209715200) (default)
2022-12-08 07:06:13,747 [pool-94-thread-1] INFO  segmented.SegmentedRaftLogWorker (SegmentedRaftLogWorker.java:<init>(189)) - new 624d0ae4-c5c0-4b02-bbde-b37f19cf8f9a@group-079D96FDDCB1-SegmentedRaftLogWorker for RaftStorageImpl:Storage Directory /home/runner/work/ozone/ozone/hadoop-ozone/integration-test/target/test-dir/MiniOzoneClusterImpl-3253a570-fb02-4895-b12a-309bd2ff2d50/datanode-1/data/ratis/a699e608-622d-4a62-b659-079d96fddcb1
2022-12-08 07:06:13,748 [pool-94-thread-1] INFO  server.RaftServerConfigKeys (ConfUtils.java:logGet(46)) - raft.server.log.queue.byte-limit = 4294967296 (custom)
2022-12-08 07:06:13,748 [pool-94-thread-1] INFO  server.RaftServerConfigKeys (ConfUtils.java:logGet(46)) - raft.server.log.queue.element-limit = 1024 (custom)
2022-12-08 07:06:13,748 [pool-94-thread-1] INFO  server.RaftServerConfigKeys (ConfUtils.java:logGet(46)) - raft.server.log.segment.size.max = 1048576 (custom)
2022-12-08 07:06:13,748 [pool-94-thread-1] INFO  server.RaftServerConfigKeys (ConfUtils.java:logGet(46)) - raft.server.log.preallocated.size = 16384 (custom)
2022-12-08 07:06:13,748 [pool-94-thread-1] INFO  server.RaftServerConfigKeys (ConfUtils.java:logGet(46)) - raft.server.log.force.sync.num = 128 (default)
2022-12-08 07:06:13,748 [pool-94-thread-1] INFO  server.RaftServerConfigKeys (ConfUtils.java:logGet(46)) - raft.server.log.statemachine.data.sync = true (default)
2022-12-08 07:06:13,748 [pool-94-thread-1] INFO  server.RaftServerConfigKeys (ConfUtils.java:logGet(46)) - raft.server.log.statemachine.data.sync.timeout = 10s (default)
2022-12-08 07:06:13,748 [pool-94-thread-1] INFO  server.RaftServerConfigKeys (ConfUtils.java:logGet(46)) - raft.server.log.statemachine.data.sync.timeout.retry = -1 (default)
2022-12-08 07:06:13,749 [pool-94-thread-1] INFO  server.RaftServerConfigKeys (ConfUtils.java:logGet(46)) - raft.server.log.write.buffer.size = 1048576 (custom)
2022-12-08 07:06:13,750 [pool-94-thread-1] INFO  server.RaftServerConfigKeys (ConfUtils.java:logGet(46)) - raft.server.log.appender.buffer.byte-limit = 33554432 (custom)
2022-12-08 07:06:13,757 [pool-94-thread-1] INFO  server.RaftServerConfigKeys (ConfUtils.java:logGet(46)) - raft.server.log.unsafe-flush.enabled = false (default)
2022-12-08 07:06:13,757 [pool-94-thread-1] INFO  server.RaftServerConfigKeys (ConfUtils.java:logGet(46)) - raft.server.log.async-flush.enabled = false (default)
2022-12-08 07:06:13,757 [pool-94-thread-1] INFO  server.RaftServerConfigKeys (ConfUtils.java:logGet(46)) - raft.server.log.statemachine.data.caching.enabled = true (custom)
2022-12-08 07:06:13,758 [pool-94-thread-1] INFO  segmented.SegmentedRaftLogWorker (SegmentedRaftLogWorker.java:lambda$new$0(135)) - 624d0ae4-c5c0-4b02-bbde-b37f19cf8f9a@group-079D96FDDCB1-SegmentedRaftLogWorker: flushIndex: setUnconditionally 0 -> -1
2022-12-08 07:06:13,758 [pool-94-thread-1] INFO  segmented.SegmentedRaftLogWorker (SegmentedRaftLogWorker.java:lambda$new$0(135)) - 624d0ae4-c5c0-4b02-bbde-b37f19cf8f9a@group-079D96FDDCB1-SegmentedRaftLogWorker: safeCacheEvictIndex: setUnconditionally 0 -> -1
2022-12-08 07:06:13,758 [pool-94-thread-1] INFO  server.RaftServer$Division (RaftServerImpl.java:start(334)) - 624d0ae4-c5c0-4b02-bbde-b37f19cf8f9a@group-079D96FDDCB1: start as a follower, conf=-1: peers:[624d0ae4-c5c0-4b02-bbde-b37f19cf8f9a|rpc:10.1.0.14:41749|priority:1|startupRole:FOLLOWER]|listeners:[], old=null
2022-12-08 07:06:13,758 [pool-94-thread-1] INFO  server.RaftServer$Division (RaftServerImpl.java:setRole(321)) - 624d0ae4-c5c0-4b02-bbde-b37f19cf8f9a@group-079D96FDDCB1: changes role from      null to FOLLOWER at term 0 for startAsFollower
2022-12-08 07:06:13,758 [pool-94-thread-1] INFO  impl.RoleInfo (RoleInfo.java:updateAndGet(139)) - 624d0ae4-c5c0-4b02-bbde-b37f19cf8f9a: start 624d0ae4-c5c0-4b02-bbde-b37f19cf8f9a@group-079D96FDDCB1-FollowerState
2022-12-08 07:06:13,759 [pool-94-thread-1] INFO  util.JmxRegister (JmxRegister.java:tryRegister(44)) - Successfully registered JMX Bean with object name Ratis:service=RaftServer,group=group-079D96FDDCB1,id=624d0ae4-c5c0-4b02-bbde-b37f19cf8f9a
2022-12-08 07:06:13,760 [pool-94-thread-1] INFO  server.RaftServerConfigKeys (ConfUtils.java:logGet(46)) - raft.server.snapshot.auto.trigger.enabled = true (custom)
2022-12-08 07:06:13,760 [pool-94-thread-1] INFO  server.RaftServerConfigKeys (ConfUtils.java:logGet(46)) - raft.server.snapshot.auto.trigger.threshold = 10000 (custom)
2022-12-08 07:06:13,761 [pool-94-thread-1] INFO  server.RaftServerConfigKeys (ConfUtils.java:logGet(46)) - raft.server.snapshot.retention.file.num = 5 (custom)
2022-12-08 07:06:13,761 [pool-94-thread-1] INFO  server.RaftServerConfigKeys (ConfUtils.java:logGet(46)) - raft.server.log.purge.upto.snapshot.index = false (default)
2022-12-08 07:06:13,769 [Command processor thread] INFO  ratis.XceiverServerRatis (XceiverServerRatis.java:addGroup(765)) - Created group PipelineID=a699e608-622d-4a62-b659-079d96fddcb1
2022-12-08 07:06:13,769 [624d0ae4-c5c0-4b02-bbde-b37f19cf8f9a@group-079D96FDDCB1-FollowerState] INFO  server.RaftServerConfigKeys (ConfUtils.java:logFallback(53)) - raft.server.rpc.first-election.timeout.min = 5s (fallback to raft.server.rpc.timeout.min)
2022-12-08 07:06:13,769 [624d0ae4-c5c0-4b02-bbde-b37f19cf8f9a@group-079D96FDDCB1-FollowerState] INFO  server.RaftServerConfigKeys (ConfUtils.java:logFallback(53)) - raft.server.rpc.first-election.timeout.max = 5200ms (fallback to raft.server.rpc.timeout.max)
2022-12-08 07:06:13,769 [Command processor thread] INFO  commandhandler.CreatePipelineCommandHandler (CreatePipelineCommandHandler.java:handle(113)) - Created Pipeline RATIS ONE PipelineID=a699e608-622d-4a62-b659-079d96fddcb1.
2022-12-08 07:06:13,771 [Command processor thread] INFO  server.RaftServer (RaftServerProxy.java:addNew(96)) - 624d0ae4-c5c0-4b02-bbde-b37f19cf8f9a: addNew group-BA3D94F9A8A7:[624d0ae4-c5c0-4b02-bbde-b37f19cf8f9a|rpc:10.1.0.14:41749|priority:0|startupRole:FOLLOWER, 1fec2e66-b36b-410d-a836-56974e80c6bf|rpc:10.1.0.14:40777|priority:0|startupRole:FOLLOWER, a323b8f8-7c4d-4fe6-8663-2fcba1e99710|rpc:10.1.0.14:38689|priority:1|startupRole:FOLLOWER] returns group-BA3D94F9A8A7:java.util.concurrent.CompletableFuture@3fb28235[Not completed]
2022-12-08 07:06:13,773 [pool-94-thread-1] INFO  server.RaftServer$Division (RaftServerImpl.java:<init>(195)) - 624d0ae4-c5c0-4b02-bbde-b37f19cf8f9a: new RaftServerImpl for group-BA3D94F9A8A7:[624d0ae4-c5c0-4b02-bbde-b37f19cf8f9a|rpc:10.1.0.14:41749|priority:0|startupRole:FOLLOWER, 1fec2e66-b36b-410d-a836-56974e80c6bf|rpc:10.1.0.14:40777|priority:0|startupRole:FOLLOWER, a323b8f8-7c4d-4fe6-8663-2fcba1e99710|rpc:10.1.0.14:38689|priority:1|startupRole:FOLLOWER] with ContainerStateMachine:uninitialized
2022-12-08 07:06:13,773 [pool-94-thread-1] INFO  server.RaftServerConfigKeys (ConfUtils.java:logGet(46)) - raft.server.rpc.timeout.min = 5s (custom)
2022-12-08 07:06:13,773 [pool-94-thread-1] INFO  server.RaftServerConfigKeys (ConfUtils.java:logGet(46)) - raft.server.rpc.timeout.max = 5200ms (custom)
2022-12-08 07:06:13,773 [pool-94-thread-1] INFO  server.RaftServerConfigKeys (ConfUtils.java:logGet(46)) - raft.server.rpc.sleep.time = 25ms (default)
2022-12-08 07:06:13,773 [pool-94-thread-1] INFO  server.RaftServerConfigKeys (ConfUtils.java:logGet(46)) - raft.server.rpc.slowness.timeout = 300s (custom)
2022-12-08 07:06:13,773 [pool-94-thread-1] INFO  server.RaftServerConfigKeys (ConfUtils.java:logGet(46)) - raft.server.leaderelection.leader.step-down.wait-time = 10s (default)
2022-12-08 07:06:13,774 [pool-94-thread-1] INFO  server.RaftServerConfigKeys (ConfUtils.java:logGet(46)) - raft.server.sleep.deviation.threshold = 300ms (default)
2022-12-08 07:06:13,774 [pool-94-thread-1] INFO  server.RaftServer$Division (ServerState.java:<init>(118)) - 624d0ae4-c5c0-4b02-bbde-b37f19cf8f9a@group-BA3D94F9A8A7: ConfigurationManager, init=-1: peers:[624d0ae4-c5c0-4b02-bbde-b37f19cf8f9a|rpc:10.1.0.14:41749|priority:0|startupRole:FOLLOWER, 1fec2e66-b36b-410d-a836-56974e80c6bf|rpc:10.1.0.14:40777|priority:0|startupRole:FOLLOWER, a323b8f8-7c4d-4fe6-8663-2fcba1e99710|rpc:10.1.0.14:38689|priority:1|startupRole:FOLLOWER]|listeners:[], old=null, confs=<EMPTY_MAP>
2022-12-08 07:06:13,774 [pool-94-thread-1] INFO  server.RaftServerConfigKeys (ConfUtils.java:logGet(46)) - raft.server.storage.dir = [/home/runner/work/ozone/ozone/hadoop-ozone/integration-test/target/test-dir/MiniOzoneClusterImpl-3253a570-fb02-4895-b12a-309bd2ff2d50/datanode-1/data/ratis] (custom)
2022-12-08 07:06:13,774 [pool-94-thread-1] INFO  server.RaftServerConfigKeys (ConfUtils.java:logGet(46)) - raft.server.log.corruption.policy = EXCEPTION (default)
2022-12-08 07:06:13,774 [pool-94-thread-1] INFO  server.RaftServerConfigKeys (ConfUtils.java:logGet(46)) - raft.server.storage.free-space.min = 0MB (=0) (default)
2022-12-08 07:06:13,774 [pool-94-thread-1] INFO  server.RaftServerConfigKeys (ConfUtils.java:logGet(46)) - raft.server.notification.no-leader.timeout = 300s (custom)
2022-12-08 07:06:13,774 [pool-94-thread-1] INFO  server.RaftServerConfigKeys (ConfUtils.java:logGet(46)) - raft.server.retrycache.expirytime = 600000ms (custom)
2022-12-08 07:06:13,775 [pool-94-thread-1] INFO  server.RaftServerConfigKeys (ConfUtils.java:logGet(46)) - raft.server.retrycache.statistics.expirytime = 100μs (default)
2022-12-08 07:06:13,776 [pool-94-thread-1] INFO  server.RaftServerConfigKeys (ConfUtils.java:logGet(46)) - raft.server.log.appender.install.snapshot.enabled = false (custom)
2022-12-08 07:06:13,777 [pool-94-thread-1] INFO  server.RaftServerConfigKeys (ConfUtils.java:logGet(46)) - raft.server.threadpool.server.cached = true (default)
2022-12-08 07:06:13,777 [pool-94-thread-1] INFO  server.RaftServerConfigKeys (ConfUtils.java:logGet(46)) - raft.server.threadpool.server.size = 0 (default)
2022-12-08 07:06:13,777 [pool-94-thread-1] INFO  server.RaftServerConfigKeys (ConfUtils.java:logGet(46)) - raft.server.threadpool.client.cached = true (default)
2022-12-08 07:06:13,777 [pool-94-thread-1] INFO  server.RaftServerConfigKeys (ConfUtils.java:logGet(46)) - raft.server.threadpool.client.size = 0 (default)
2022-12-08 07:06:13,777 [pool-94-thread-1] INFO  storage.RaftStorageDirectory (RaftStorageDirectoryImpl.java:analyzeStorage(137)) - The storage directory /home/runner/work/ozone/ozone/hadoop-ozone/integration-test/target/test-dir/MiniOzoneClusterImpl-3253a570-fb02-4895-b12a-309bd2ff2d50/datanode-1/data/ratis/9d5f0604-367d-4da6-baea-ba3d94f9a8a7 does not exist. Creating ...
2022-12-08 07:06:13,782 [pool-94-thread-1] INFO  storage.RaftStorageDirectory (RaftStorageDirectoryImpl.java:tryLock(231)) - Lock on /home/runner/work/ozone/ozone/hadoop-ozone/integration-test/target/test-dir/MiniOzoneClusterImpl-3253a570-fb02-4895-b12a-309bd2ff2d50/datanode-1/data/ratis/9d5f0604-367d-4da6-baea-ba3d94f9a8a7/in_use.lock acquired by nodename 50697@fv-az165-805
2022-12-08 07:06:13,790 [pool-94-thread-1] INFO  storage.RaftStorage (RaftStorageImpl.java:format(96)) - Storage directory /home/runner/work/ozone/ozone/hadoop-ozone/integration-test/target/test-dir/MiniOzoneClusterImpl-3253a570-fb02-4895-b12a-309bd2ff2d50/datanode-1/data/ratis/9d5f0604-367d-4da6-baea-ba3d94f9a8a7 has been successfully formatted.
2022-12-08 07:06:13,791 [pool-94-thread-1] INFO  ratis.ContainerStateMachine (ContainerStateMachine.java:loadSnapshot(236)) - group-BA3D94F9A8A7: The snapshot info is null. Setting the last applied indexto:(t:0, i:~)
2022-12-08 07:06:13,791 [pool-94-thread-1] INFO  server.RaftServerConfigKeys (ConfUtils.java:logGet(46)) - raft.server.log.use.memory = false (default)
2022-12-08 07:06:13,791 [pool-94-thread-1] INFO  server.RaftServerConfigKeys (ConfUtils.java:logGet(46)) - raft.server.log.purge.gap = 1000000 (custom)
2022-12-08 07:06:13,791 [pool-94-thread-1] INFO  server.RaftServerConfigKeys (ConfUtils.java:logGet(46)) - raft.server.log.appender.buffer.byte-limit = 33554432 (custom)
2022-12-08 07:06:13,791 [pool-94-thread-1] INFO  server.RaftServerConfigKeys (ConfUtils.java:logGet(46)) - raft.server.log.statemachine.data.read.timeout = 1000ms (default)
2022-12-08 07:06:13,791 [pool-94-thread-1] INFO  server.RaftServerConfigKeys (ConfUtils.java:logGet(46)) - raft.server.log.purge.preservation.log.num = 0 (default)
2022-12-08 07:06:13,794 [pool-94-thread-1] INFO  server.RaftServerConfigKeys (ConfUtils.java:logGet(46)) - raft.server.log.segment.size.max = 1048576 (custom)
2022-12-08 07:06:13,795 [EventQueue-CommandQueueReportForCommandQueueReportHandler] WARN  events.EventQueue (EventQueue.java:fireEvent(216)) - No event handler registered for event TypedEvent{payloadType=DatanodeDetails, name='Datanode_Command_Queue_Updated'}
2022-12-08 07:06:13,796 [EventQueue-OpenPipelineForHealthyPipelineSafeModeRule] INFO  safemode.SCMSafeModeManager (HealthyPipelineSafeModeRule.java:process(137)) - SCM in safe mode. Healthy pipelines reported count is 0, required healthy pipeline reported count is 1
2022-12-08 07:06:13,800 [pool-94-thread-1] INFO  server.RaftServerConfigKeys (ConfUtils.java:logGet(46)) - raft.server.log.segment.cache.num.max = 2 (custom)
2022-12-08 07:06:13,800 [pool-94-thread-1] INFO  server.RaftServerConfigKeys (ConfUtils.java:logGet(46)) - raft.server.log.segment.cache.size.max = 200MB (=209715200) (default)
2022-12-08 07:06:13,800 [pool-94-thread-1] INFO  segmented.SegmentedRaftLogWorker (SegmentedRaftLogWorker.java:<init>(189)) - new 624d0ae4-c5c0-4b02-bbde-b37f19cf8f9a@group-BA3D94F9A8A7-SegmentedRaftLogWorker for RaftStorageImpl:Storage Directory /home/runner/work/ozone/ozone/hadoop-ozone/integration-test/target/test-dir/MiniOzoneClusterImpl-3253a570-fb02-4895-b12a-309bd2ff2d50/datanode-1/data/ratis/9d5f0604-367d-4da6-baea-ba3d94f9a8a7
2022-12-08 07:06:13,800 [pool-94-thread-1] INFO  server.RaftServerConfigKeys (ConfUtils.java:logGet(46)) - raft.server.log.queue.byte-limit = 4294967296 (custom)
2022-12-08 07:06:13,800 [pool-94-thread-1] INFO  server.RaftServerConfigKeys (ConfUtils.java:logGet(46)) - raft.server.log.queue.element-limit = 1024 (custom)
2022-12-08 07:06:13,800 [pool-94-thread-1] INFO  server.RaftServerConfigKeys (ConfUtils.java:logGet(46)) - raft.server.log.segment.size.max = 1048576 (custom)
2022-12-08 07:06:13,800 [pool-94-thread-1] INFO  server.RaftServerConfigKeys (ConfUtils.java:logGet(46)) - raft.server.log.preallocated.size = 16384 (custom)
2022-12-08 07:06:13,800 [pool-94-thread-1] INFO  server.RaftServerConfigKeys (ConfUtils.java:logGet(46)) - raft.server.log.force.sync.num = 128 (default)
2022-12-08 07:06:13,800 [pool-94-thread-1] INFO  server.RaftServerConfigKeys (ConfUtils.java:logGet(46)) - raft.server.log.statemachine.data.sync = true (default)
2022-12-08 07:06:13,800 [pool-94-thread-1] INFO  server.RaftServerConfigKeys (ConfUtils.java:logGet(46)) - raft.server.log.statemachine.data.sync.timeout = 10s (default)
2022-12-08 07:06:13,801 [pool-94-thread-1] INFO  server.RaftServerConfigKeys (ConfUtils.java:logGet(46)) - raft.server.log.statemachine.data.sync.timeout.retry = -1 (default)
2022-12-08 07:06:13,808 [pool-94-thread-1] INFO  server.RaftServerConfigKeys (ConfUtils.java:logGet(46)) - raft.server.log.write.buffer.size = 1048576 (custom)
2022-12-08 07:06:13,808 [pool-94-thread-1] INFO  server.RaftServerConfigKeys (ConfUtils.java:logGet(46)) - raft.server.log.appender.buffer.byte-limit = 33554432 (custom)
2022-12-08 07:06:13,824 [pool-94-thread-1] INFO  server.RaftServerConfigKeys (ConfUtils.java:logGet(46)) - raft.server.log.unsafe-flush.enabled = false (default)
2022-12-08 07:06:13,824 [pool-94-thread-1] INFO  server.RaftServerConfigKeys (ConfUtils.java:logGet(46)) - raft.server.log.async-flush.enabled = false (default)
2022-12-08 07:06:13,824 [pool-94-thread-1] INFO  server.RaftServerConfigKeys (ConfUtils.java:logGet(46)) - raft.server.log.statemachine.data.caching.enabled = true (custom)
2022-12-08 07:06:13,825 [pool-94-thread-1] INFO  segmented.SegmentedRaftLogWorker (SegmentedRaftLogWorker.java:lambda$new$0(135)) - 624d0ae4-c5c0-4b02-bbde-b37f19cf8f9a@group-BA3D94F9A8A7-SegmentedRaftLogWorker: flushIndex: setUnconditionally 0 -> -1
2022-12-08 07:06:13,825 [pool-94-thread-1] INFO  segmented.SegmentedRaftLogWorker (SegmentedRaftLogWorker.java:lambda$new$0(135)) - 624d0ae4-c5c0-4b02-bbde-b37f19cf8f9a@group-BA3D94F9A8A7-SegmentedRaftLogWorker: safeCacheEvictIndex: setUnconditionally 0 -> -1
2022-12-08 07:06:13,825 [pool-94-thread-1] INFO  server.RaftServer$Division (RaftServerImpl.java:start(334)) - 624d0ae4-c5c0-4b02-bbde-b37f19cf8f9a@group-BA3D94F9A8A7: start as a follower, conf=-1: peers:[624d0ae4-c5c0-4b02-bbde-b37f19cf8f9a|rpc:10.1.0.14:41749|priority:0|startupRole:FOLLOWER, 1fec2e66-b36b-410d-a836-56974e80c6bf|rpc:10.1.0.14:40777|priority:0|startupRole:FOLLOWER, a323b8f8-7c4d-4fe6-8663-2fcba1e99710|rpc:10.1.0.14:38689|priority:1|startupRole:FOLLOWER]|listeners:[], old=null
2022-12-08 07:06:13,825 [pool-94-thread-1] INFO  server.RaftServer$Division (RaftServerImpl.java:setRole(321)) - 624d0ae4-c5c0-4b02-bbde-b37f19cf8f9a@group-BA3D94F9A8A7: changes role from      null to FOLLOWER at term 0 for startAsFollower
2022-12-08 07:06:13,826 [pool-94-thread-1] INFO  impl.RoleInfo (RoleInfo.java:updateAndGet(139)) - 624d0ae4-c5c0-4b02-bbde-b37f19cf8f9a: start 624d0ae4-c5c0-4b02-bbde-b37f19cf8f9a@group-BA3D94F9A8A7-FollowerState
2022-12-08 07:06:13,831 [pool-94-thread-1] INFO  util.JmxRegister (JmxRegister.java:tryRegister(44)) - Successfully registered JMX Bean with object name Ratis:service=RaftServer,group=group-BA3D94F9A8A7,id=624d0ae4-c5c0-4b02-bbde-b37f19cf8f9a
2022-12-08 07:06:13,831 [pool-94-thread-1] INFO  server.RaftServerConfigKeys (ConfUtils.java:logGet(46)) - raft.server.snapshot.auto.trigger.enabled = true (custom)
2022-12-08 07:06:13,831 [pool-94-thread-1] INFO  server.RaftServerConfigKeys (ConfUtils.java:logGet(46)) - raft.server.snapshot.auto.trigger.threshold = 10000 (custom)
2022-12-08 07:06:13,831 [pool-94-thread-1] INFO  server.RaftServerConfigKeys (ConfUtils.java:logGet(46)) - raft.server.snapshot.retention.file.num = 5 (custom)
2022-12-08 07:06:13,831 [pool-94-thread-1] INFO  server.RaftServerConfigKeys (ConfUtils.java:logGet(46)) - raft.server.log.purge.upto.snapshot.index = false (default)
2022-12-08 07:06:13,834 [624d0ae4-c5c0-4b02-bbde-b37f19cf8f9a@group-BA3D94F9A8A7-FollowerState] INFO  server.RaftServerConfigKeys (ConfUtils.java:logFallback(53)) - raft.server.rpc.first-election.timeout.min = 5s (fallback to raft.server.rpc.timeout.min)
2022-12-08 07:06:13,834 [624d0ae4-c5c0-4b02-bbde-b37f19cf8f9a@group-BA3D94F9A8A7-FollowerState] INFO  server.RaftServerConfigKeys (ConfUtils.java:logFallback(53)) - raft.server.rpc.first-election.timeout.max = 5200ms (fallback to raft.server.rpc.timeout.max)
2022-12-08 07:06:13,835 [Command processor thread] INFO  ratis.XceiverServerRatis (XceiverServerRatis.java:addGroup(765)) - Created group PipelineID=9d5f0604-367d-4da6-baea-ba3d94f9a8a7
2022-12-08 07:06:14,049 [ReplicationMonitor] INFO  replication.ReplicationManager (ReplicationManager.java:processAll(323)) - Replication Manager is not ready to run until 3000ms after safemode exit
2022-12-08 07:06:14,160 [Command processor thread] INFO  server.RaftServer (RaftServerProxy.java:addNew(96)) - 1fec2e66-b36b-410d-a836-56974e80c6bf: addNew group-63A4591FC1D5:[1fec2e66-b36b-410d-a836-56974e80c6bf|rpc:10.1.0.14:40777|priority:1|startupRole:FOLLOWER] returns group-63A4591FC1D5:java.util.concurrent.CompletableFuture@6554685d[Not completed]
2022-12-08 07:06:14,163 [EventQueue-CommandQueueReportForCommandQueueReportHandler] WARN  events.EventQueue (EventQueue.java:fireEvent(216)) - No event handler registered for event TypedEvent{payloadType=DatanodeDetails, name='Datanode_Command_Queue_Updated'}
2022-12-08 07:06:14,164 [pool-117-thread-1] INFO  server.RaftServer$Division (RaftServerImpl.java:<init>(195)) - 1fec2e66-b36b-410d-a836-56974e80c6bf: new RaftServerImpl for group-63A4591FC1D5:[1fec2e66-b36b-410d-a836-56974e80c6bf|rpc:10.1.0.14:40777|priority:1|startupRole:FOLLOWER] with ContainerStateMachine:uninitialized
2022-12-08 07:06:14,165 [pool-117-thread-1] INFO  server.RaftServerConfigKeys (ConfUtils.java:logGet(46)) - raft.server.rpc.timeout.min = 5s (custom)
2022-12-08 07:06:14,165 [pool-117-thread-1] INFO  server.RaftServerConfigKeys (ConfUtils.java:logGet(46)) - raft.server.rpc.timeout.max = 5200ms (custom)
2022-12-08 07:06:14,165 [pool-117-thread-1] INFO  server.RaftServerConfigKeys (ConfUtils.java:logGet(46)) - raft.server.rpc.sleep.time = 25ms (default)
2022-12-08 07:06:14,165 [pool-117-thread-1] INFO  server.RaftServerConfigKeys (ConfUtils.java:logGet(46)) - raft.server.rpc.slowness.timeout = 300s (custom)
2022-12-08 07:06:14,165 [pool-117-thread-1] INFO  server.RaftServerConfigKeys (ConfUtils.java:logGet(46)) - raft.server.leaderelection.leader.step-down.wait-time = 10s (default)
2022-12-08 07:06:14,166 [pool-117-thread-1] INFO  server.RaftServerConfigKeys (ConfUtils.java:logGet(46)) - raft.server.sleep.deviation.threshold = 300ms (default)
2022-12-08 07:06:14,166 [pool-117-thread-1] INFO  server.RaftServer$Division (ServerState.java:<init>(118)) - 1fec2e66-b36b-410d-a836-56974e80c6bf@group-63A4591FC1D5: ConfigurationManager, init=-1: peers:[1fec2e66-b36b-410d-a836-56974e80c6bf|rpc:10.1.0.14:40777|priority:1|startupRole:FOLLOWER]|listeners:[], old=null, confs=<EMPTY_MAP>
2022-12-08 07:06:14,166 [pool-117-thread-1] INFO  server.RaftServerConfigKeys (ConfUtils.java:logGet(46)) - raft.server.storage.dir = [/home/runner/work/ozone/ozone/hadoop-ozone/integration-test/target/test-dir/MiniOzoneClusterImpl-3253a570-fb02-4895-b12a-309bd2ff2d50/datanode-2/data/ratis] (custom)
2022-12-08 07:06:14,166 [pool-117-thread-1] INFO  server.RaftServerConfigKeys (ConfUtils.java:logGet(46)) - raft.server.log.corruption.policy = EXCEPTION (default)
2022-12-08 07:06:14,166 [pool-117-thread-1] INFO  server.RaftServerConfigKeys (ConfUtils.java:logGet(46)) - raft.server.storage.free-space.min = 0MB (=0) (default)
2022-12-08 07:06:14,166 [pool-117-thread-1] INFO  server.RaftServerConfigKeys (ConfUtils.java:logGet(46)) - raft.server.notification.no-leader.timeout = 300s (custom)
2022-12-08 07:06:14,167 [pool-117-thread-1] INFO  server.RaftServerConfigKeys (ConfUtils.java:logGet(46)) - raft.server.retrycache.expirytime = 600000ms (custom)
2022-12-08 07:06:14,167 [pool-117-thread-1] INFO  server.RaftServerConfigKeys (ConfUtils.java:logGet(46)) - raft.server.retrycache.statistics.expirytime = 100μs (default)
2022-12-08 07:06:14,169 [pool-117-thread-1] INFO  server.RaftServerConfigKeys (ConfUtils.java:logGet(46)) - raft.server.log.appender.install.snapshot.enabled = false (custom)
2022-12-08 07:06:14,169 [pool-117-thread-1] INFO  server.RaftServerConfigKeys (ConfUtils.java:logGet(46)) - raft.server.threadpool.server.cached = true (default)
2022-12-08 07:06:14,169 [pool-117-thread-1] INFO  server.RaftServerConfigKeys (ConfUtils.java:logGet(46)) - raft.server.threadpool.server.size = 0 (default)
2022-12-08 07:06:14,169 [pool-117-thread-1] INFO  server.RaftServerConfigKeys (ConfUtils.java:logGet(46)) - raft.server.threadpool.client.cached = true (default)
2022-12-08 07:06:14,169 [pool-117-thread-1] INFO  server.RaftServerConfigKeys (ConfUtils.java:logGet(46)) - raft.server.threadpool.client.size = 0 (default)
2022-12-08 07:06:14,169 [pool-117-thread-1] INFO  storage.RaftStorageDirectory (RaftStorageDirectoryImpl.java:analyzeStorage(137)) - The storage directory /home/runner/work/ozone/ozone/hadoop-ozone/integration-test/target/test-dir/MiniOzoneClusterImpl-3253a570-fb02-4895-b12a-309bd2ff2d50/datanode-2/data/ratis/3370344d-1ee3-4417-a94a-63a4591fc1d5 does not exist. Creating ...
2022-12-08 07:06:14,178 [EventQueue-CommandQueueReportForCommandQueueReportHandler] WARN  events.EventQueue (EventQueue.java:fireEvent(216)) - No event handler registered for event TypedEvent{payloadType=DatanodeDetails, name='Datanode_Command_Queue_Updated'}
2022-12-08 07:06:14,185 [pool-117-thread-1] INFO  storage.RaftStorageDirectory (RaftStorageDirectoryImpl.java:tryLock(231)) - Lock on /home/runner/work/ozone/ozone/hadoop-ozone/integration-test/target/test-dir/MiniOzoneClusterImpl-3253a570-fb02-4895-b12a-309bd2ff2d50/datanode-2/data/ratis/3370344d-1ee3-4417-a94a-63a4591fc1d5/in_use.lock acquired by nodename 50697@fv-az165-805
2022-12-08 07:06:14,190 [pool-117-thread-1] INFO  storage.RaftStorage (RaftStorageImpl.java:format(96)) - Storage directory /home/runner/work/ozone/ozone/hadoop-ozone/integration-test/target/test-dir/MiniOzoneClusterImpl-3253a570-fb02-4895-b12a-309bd2ff2d50/datanode-2/data/ratis/3370344d-1ee3-4417-a94a-63a4591fc1d5 has been successfully formatted.
2022-12-08 07:06:14,191 [pool-117-thread-1] INFO  ratis.ContainerStateMachine (ContainerStateMachine.java:loadSnapshot(236)) - group-63A4591FC1D5: The snapshot info is null. Setting the last applied indexto:(t:0, i:~)
2022-12-08 07:06:14,191 [pool-117-thread-1] INFO  server.RaftServerConfigKeys (ConfUtils.java:logGet(46)) - raft.server.log.use.memory = false (default)
2022-12-08 07:06:14,191 [pool-117-thread-1] INFO  server.RaftServerConfigKeys (ConfUtils.java:logGet(46)) - raft.server.log.purge.gap = 1000000 (custom)
2022-12-08 07:06:14,191 [pool-117-thread-1] INFO  server.RaftServerConfigKeys (ConfUtils.java:logGet(46)) - raft.server.log.appender.buffer.byte-limit = 33554432 (custom)
2022-12-08 07:06:14,191 [pool-117-thread-1] INFO  server.RaftServerConfigKeys (ConfUtils.java:logGet(46)) - raft.server.log.statemachine.data.read.timeout = 1000ms (default)
2022-12-08 07:06:14,192 [pool-117-thread-1] INFO  server.RaftServerConfigKeys (ConfUtils.java:logGet(46)) - raft.server.log.purge.preservation.log.num = 0 (default)
2022-12-08 07:06:14,194 [pool-117-thread-1] INFO  server.RaftServerConfigKeys (ConfUtils.java:logGet(46)) - raft.server.log.segment.size.max = 1048576 (custom)
2022-12-08 07:06:14,194 [EventQueue-PipelineReportForPipelineReportHandler] INFO  pipeline.PipelineManagerImpl (PipelineManagerImpl.java:openPipeline(367)) - Pipeline Pipeline[ Id: 3370344d-1ee3-4417-a94a-63a4591fc1d5, Nodes: 1fec2e66-b36b-410d-a836-56974e80c6bf{ip: 10.1.0.14, host: fv-az165-805.wtg55dazuvhetdvd2gpth4ys5d.dx.internal.cloudapp.net, ports: [REPLICATION=42005, RATIS=40777, RATIS_ADMIN=40777, RATIS_SERVER=40777, STANDALONE=40099], networkLocation: /default-rack, certSerialId: null, persistedOpState: IN_SERVICE, persistedOpStateExpiryEpochSec: 0}, ReplicationConfig: RATIS/ONE, State:ALLOCATED, leaderId:1fec2e66-b36b-410d-a836-56974e80c6bf, CreationTimestamp2022-12-08T07:06:11.164Z[Etc/UTC]] moved to OPEN state
2022-12-08 07:06:14,195 [EventQueue-OpenPipelineForHealthyPipelineSafeModeRule] INFO  safemode.SCMSafeModeManager (HealthyPipelineSafeModeRule.java:process(137)) - SCM in safe mode. Healthy pipelines reported count is 0, required healthy pipeline reported count is 1
2022-12-08 07:06:14,194 [EventQueue-CommandQueueReportForCommandQueueReportHandler] WARN  events.EventQueue (EventQueue.java:fireEvent(216)) - No event handler registered for event TypedEvent{payloadType=DatanodeDetails, name='Datanode_Command_Queue_Updated'}
2022-12-08 07:06:14,200 [pool-117-thread-1] INFO  server.RaftServerConfigKeys (ConfUtils.java:logGet(46)) - raft.server.log.segment.cache.num.max = 2 (custom)
2022-12-08 07:06:14,200 [pool-117-thread-1] INFO  server.RaftServerConfigKeys (ConfUtils.java:logGet(46)) - raft.server.log.segment.cache.size.max = 200MB (=209715200) (default)
2022-12-08 07:06:14,200 [pool-117-thread-1] INFO  segmented.SegmentedRaftLogWorker (SegmentedRaftLogWorker.java:<init>(189)) - new 1fec2e66-b36b-410d-a836-56974e80c6bf@group-63A4591FC1D5-SegmentedRaftLogWorker for RaftStorageImpl:Storage Directory /home/runner/work/ozone/ozone/hadoop-ozone/integration-test/target/test-dir/MiniOzoneClusterImpl-3253a570-fb02-4895-b12a-309bd2ff2d50/datanode-2/data/ratis/3370344d-1ee3-4417-a94a-63a4591fc1d5
2022-12-08 07:06:14,200 [pool-117-thread-1] INFO  server.RaftServerConfigKeys (ConfUtils.java:logGet(46)) - raft.server.log.queue.byte-limit = 4294967296 (custom)
2022-12-08 07:06:14,203 [pool-117-thread-1] INFO  server.RaftServerConfigKeys (ConfUtils.java:logGet(46)) - raft.server.log.queue.element-limit = 1024 (custom)
2022-12-08 07:06:14,203 [pool-117-thread-1] INFO  server.RaftServerConfigKeys (ConfUtils.java:logGet(46)) - raft.server.log.segment.size.max = 1048576 (custom)
2022-12-08 07:06:14,203 [pool-117-thread-1] INFO  server.RaftServerConfigKeys (ConfUtils.java:logGet(46)) - raft.server.log.preallocated.size = 16384 (custom)
2022-12-08 07:06:14,203 [pool-117-thread-1] INFO  server.RaftServerConfigKeys (ConfUtils.java:logGet(46)) - raft.server.log.force.sync.num = 128 (default)
2022-12-08 07:06:14,203 [pool-117-thread-1] INFO  server.RaftServerConfigKeys (ConfUtils.java:logGet(46)) - raft.server.log.statemachine.data.sync = true (default)
2022-12-08 07:06:14,203 [pool-117-thread-1] INFO  server.RaftServerConfigKeys (ConfUtils.java:logGet(46)) - raft.server.log.statemachine.data.sync.timeout = 10s (default)
2022-12-08 07:06:14,203 [pool-117-thread-1] INFO  server.RaftServerConfigKeys (ConfUtils.java:logGet(46)) - raft.server.log.statemachine.data.sync.timeout.retry = -1 (default)
2022-12-08 07:06:14,208 [pool-117-thread-1] INFO  server.RaftServerConfigKeys (ConfUtils.java:logGet(46)) - raft.server.log.write.buffer.size = 1048576 (custom)
2022-12-08 07:06:14,212 [pool-117-thread-1] INFO  server.RaftServerConfigKeys (ConfUtils.java:logGet(46)) - raft.server.log.appender.buffer.byte-limit = 33554432 (custom)
2022-12-08 07:06:14,229 [Listener at 127.0.0.1/32903] INFO  ozone.MiniOzoneClusterImpl (MiniOzoneClusterImpl.java:lambda$waitForClusterToBeReady$0(216)) - Nodes are ready. Got 7 of 7 DN Heartbeats.
2022-12-08 07:06:14,230 [Listener at 127.0.0.1/32903] INFO  ozone.MiniOzoneClusterImpl (MiniOzoneClusterImpl.java:lambda$waitForClusterToBeReady$0(219)) - Waiting for cluster to exit safe mode
2022-12-08 07:06:14,230 [Listener at 127.0.0.1/32903] INFO  ozone.MiniOzoneClusterImpl (MiniOzoneClusterImpl.java:lambda$waitForClusterToBeReady$0(221)) - SCM became leader
2022-12-08 07:06:14,231 [EventQueue-CommandQueueReportForCommandQueueReportHandler] WARN  events.EventQueue (EventQueue.java:fireEvent(216)) - No event handler registered for event TypedEvent{payloadType=DatanodeDetails, name='Datanode_Command_Queue_Updated'}
2022-12-08 07:06:14,245 [pool-117-thread-1] INFO  server.RaftServerConfigKeys (ConfUtils.java:logGet(46)) - raft.server.log.unsafe-flush.enabled = false (default)
2022-12-08 07:06:14,245 [pool-117-thread-1] INFO  server.RaftServerConfigKeys (ConfUtils.java:logGet(46)) - raft.server.log.async-flush.enabled = false (default)
2022-12-08 07:06:14,245 [pool-117-thread-1] INFO  server.RaftServerConfigKeys (ConfUtils.java:logGet(46)) - raft.server.log.statemachine.data.caching.enabled = true (custom)
2022-12-08 07:06:14,245 [pool-117-thread-1] INFO  segmented.SegmentedRaftLogWorker (SegmentedRaftLogWorker.java:lambda$new$0(135)) - 1fec2e66-b36b-410d-a836-56974e80c6bf@group-63A4591FC1D5-SegmentedRaftLogWorker: flushIndex: setUnconditionally 0 -> -1
2022-12-08 07:06:14,245 [pool-117-thread-1] INFO  segmented.SegmentedRaftLogWorker (SegmentedRaftLogWorker.java:lambda$new$0(135)) - 1fec2e66-b36b-410d-a836-56974e80c6bf@group-63A4591FC1D5-SegmentedRaftLogWorker: safeCacheEvictIndex: setUnconditionally 0 -> -1
2022-12-08 07:06:14,250 [pool-117-thread-1] INFO  server.RaftServer$Division (RaftServerImpl.java:start(334)) - 1fec2e66-b36b-410d-a836-56974e80c6bf@group-63A4591FC1D5: start as a follower, conf=-1: peers:[1fec2e66-b36b-410d-a836-56974e80c6bf|rpc:10.1.0.14:40777|priority:1|startupRole:FOLLOWER]|listeners:[], old=null
2022-12-08 07:06:14,250 [pool-117-thread-1] INFO  server.RaftServer$Division (RaftServerImpl.java:setRole(321)) - 1fec2e66-b36b-410d-a836-56974e80c6bf@group-63A4591FC1D5: changes role from      null to FOLLOWER at term 0 for startAsFollower
2022-12-08 07:06:14,250 [pool-117-thread-1] INFO  impl.RoleInfo (RoleInfo.java:updateAndGet(139)) - 1fec2e66-b36b-410d-a836-56974e80c6bf: start 1fec2e66-b36b-410d-a836-56974e80c6bf@group-63A4591FC1D5-FollowerState
2022-12-08 07:06:14,257 [pool-117-thread-1] INFO  util.JmxRegister (JmxRegister.java:tryRegister(44)) - Successfully registered JMX Bean with object name Ratis:service=RaftServer,group=group-63A4591FC1D5,id=1fec2e66-b36b-410d-a836-56974e80c6bf
2022-12-08 07:06:14,257 [pool-117-thread-1] INFO  server.RaftServerConfigKeys (ConfUtils.java:logGet(46)) - raft.server.snapshot.auto.trigger.enabled = true (custom)
2022-12-08 07:06:14,257 [pool-117-thread-1] INFO  server.RaftServerConfigKeys (ConfUtils.java:logGet(46)) - raft.server.snapshot.auto.trigger.threshold = 10000 (custom)
2022-12-08 07:06:14,257 [pool-117-thread-1] INFO  server.RaftServerConfigKeys (ConfUtils.java:logGet(46)) - raft.server.snapshot.retention.file.num = 5 (custom)
2022-12-08 07:06:14,257 [pool-117-thread-1] INFO  server.RaftServerConfigKeys (ConfUtils.java:logGet(46)) - raft.server.log.purge.upto.snapshot.index = false (default)
2022-12-08 07:06:14,257 [1fec2e66-b36b-410d-a836-56974e80c6bf@group-63A4591FC1D5-FollowerState] INFO  server.RaftServerConfigKeys (ConfUtils.java:logFallback(53)) - raft.server.rpc.first-election.timeout.min = 5s (fallback to raft.server.rpc.timeout.min)
2022-12-08 07:06:14,259 [1fec2e66-b36b-410d-a836-56974e80c6bf@group-63A4591FC1D5-FollowerState] INFO  server.RaftServerConfigKeys (ConfUtils.java:logFallback(53)) - raft.server.rpc.first-election.timeout.max = 5200ms (fallback to raft.server.rpc.timeout.max)
2022-12-08 07:06:14,262 [Command processor thread] INFO  ratis.XceiverServerRatis (XceiverServerRatis.java:addGroup(765)) - Created group PipelineID=3370344d-1ee3-4417-a94a-63a4591fc1d5
2022-12-08 07:06:14,262 [Command processor thread] INFO  commandhandler.CreatePipelineCommandHandler (CreatePipelineCommandHandler.java:handle(113)) - Created Pipeline RATIS ONE PipelineID=3370344d-1ee3-4417-a94a-63a4591fc1d5.
2022-12-08 07:06:14,262 [Command processor thread] INFO  server.RaftServer (RaftServerProxy.java:addNew(96)) - 1fec2e66-b36b-410d-a836-56974e80c6bf: addNew group-BA3D94F9A8A7:[624d0ae4-c5c0-4b02-bbde-b37f19cf8f9a|rpc:10.1.0.14:41749|priority:0|startupRole:FOLLOWER, 1fec2e66-b36b-410d-a836-56974e80c6bf|rpc:10.1.0.14:40777|priority:0|startupRole:FOLLOWER, a323b8f8-7c4d-4fe6-8663-2fcba1e99710|rpc:10.1.0.14:38689|priority:1|startupRole:FOLLOWER] returns group-BA3D94F9A8A7:java.util.concurrent.CompletableFuture@616be02f[Not completed]
2022-12-08 07:06:14,264 [pool-117-thread-1] INFO  server.RaftServer$Division (RaftServerImpl.java:<init>(195)) - 1fec2e66-b36b-410d-a836-56974e80c6bf: new RaftServerImpl for group-BA3D94F9A8A7:[624d0ae4-c5c0-4b02-bbde-b37f19cf8f9a|rpc:10.1.0.14:41749|priority:0|startupRole:FOLLOWER, 1fec2e66-b36b-410d-a836-56974e80c6bf|rpc:10.1.0.14:40777|priority:0|startupRole:FOLLOWER, a323b8f8-7c4d-4fe6-8663-2fcba1e99710|rpc:10.1.0.14:38689|priority:1|startupRole:FOLLOWER] with ContainerStateMachine:uninitialized
2022-12-08 07:06:14,264 [pool-117-thread-1] INFO  server.RaftServerConfigKeys (ConfUtils.java:logGet(46)) - raft.server.rpc.timeout.min = 5s (custom)
2022-12-08 07:06:14,264 [pool-117-thread-1] INFO  server.RaftServerConfigKeys (ConfUtils.java:logGet(46)) - raft.server.rpc.timeout.max = 5200ms (custom)
2022-12-08 07:06:14,264 [pool-117-thread-1] INFO  server.RaftServerConfigKeys (ConfUtils.java:logGet(46)) - raft.server.rpc.sleep.time = 25ms (default)
2022-12-08 07:06:14,264 [pool-117-thread-1] INFO  server.RaftServerConfigKeys (ConfUtils.java:logGet(46)) - raft.server.rpc.slowness.timeout = 300s (custom)
2022-12-08 07:06:14,264 [pool-117-thread-1] INFO  server.RaftServerConfigKeys (ConfUtils.java:logGet(46)) - raft.server.leaderelection.leader.step-down.wait-time = 10s (default)
2022-12-08 07:06:14,264 [pool-117-thread-1] INFO  server.RaftServerConfigKeys (ConfUtils.java:logGet(46)) - raft.server.sleep.deviation.threshold = 300ms (default)
2022-12-08 07:06:14,265 [pool-117-thread-1] INFO  server.RaftServer$Division (ServerState.java:<init>(118)) - 1fec2e66-b36b-410d-a836-56974e80c6bf@group-BA3D94F9A8A7: ConfigurationManager, init=-1: peers:[624d0ae4-c5c0-4b02-bbde-b37f19cf8f9a|rpc:10.1.0.14:41749|priority:0|startupRole:FOLLOWER, 1fec2e66-b36b-410d-a836-56974e80c6bf|rpc:10.1.0.14:40777|priority:0|startupRole:FOLLOWER, a323b8f8-7c4d-4fe6-8663-2fcba1e99710|rpc:10.1.0.14:38689|priority:1|startupRole:FOLLOWER]|listeners:[], old=null, confs=<EMPTY_MAP>
2022-12-08 07:06:14,265 [pool-117-thread-1] INFO  server.RaftServerConfigKeys (ConfUtils.java:logGet(46)) - raft.server.storage.dir = [/home/runner/work/ozone/ozone/hadoop-ozone/integration-test/target/test-dir/MiniOzoneClusterImpl-3253a570-fb02-4895-b12a-309bd2ff2d50/datanode-2/data/ratis] (custom)
2022-12-08 07:06:14,265 [pool-117-thread-1] INFO  server.RaftServerConfigKeys (ConfUtils.java:logGet(46)) - raft.server.log.corruption.policy = EXCEPTION (default)
2022-12-08 07:06:14,265 [pool-117-thread-1] INFO  server.RaftServerConfigKeys (ConfUtils.java:logGet(46)) - raft.server.storage.free-space.min = 0MB (=0) (default)
2022-12-08 07:06:14,265 [pool-117-thread-1] INFO  server.RaftServerConfigKeys (ConfUtils.java:logGet(46)) - raft.server.notification.no-leader.timeout = 300s (custom)
2022-12-08 07:06:14,265 [pool-117-thread-1] INFO  server.RaftServerConfigKeys (ConfUtils.java:logGet(46)) - raft.server.retrycache.expirytime = 600000ms (custom)
2022-12-08 07:06:14,265 [pool-117-thread-1] INFO  server.RaftServerConfigKeys (ConfUtils.java:logGet(46)) - raft.server.retrycache.statistics.expirytime = 100μs (default)
2022-12-08 07:06:14,267 [pool-117-thread-1] INFO  server.RaftServerConfigKeys (ConfUtils.java:logGet(46)) - raft.server.log.appender.install.snapshot.enabled = false (custom)
2022-12-08 07:06:14,267 [pool-117-thread-1] INFO  server.RaftServerConfigKeys (ConfUtils.java:logGet(46)) - raft.server.threadpool.server.cached = true (default)
2022-12-08 07:06:14,267 [pool-117-thread-1] INFO  server.RaftServerConfigKeys (ConfUtils.java:logGet(46)) - raft.server.threadpool.server.size = 0 (default)
2022-12-08 07:06:14,267 [pool-117-thread-1] INFO  server.RaftServerConfigKeys (ConfUtils.java:logGet(46)) - raft.server.threadpool.client.cached = true (default)
2022-12-08 07:06:14,268 [pool-117-thread-1] INFO  server.RaftServerConfigKeys (ConfUtils.java:logGet(46)) - raft.server.threadpool.client.size = 0 (default)
2022-12-08 07:06:14,268 [pool-117-thread-1] INFO  storage.RaftStorageDirectory (RaftStorageDirectoryImpl.java:analyzeStorage(137)) - The storage directory /home/runner/work/ozone/ozone/hadoop-ozone/integration-test/target/test-dir/MiniOzoneClusterImpl-3253a570-fb02-4895-b12a-309bd2ff2d50/datanode-2/data/ratis/9d5f0604-367d-4da6-baea-ba3d94f9a8a7 does not exist. Creating ...
2022-12-08 07:06:14,270 [pool-117-thread-1] INFO  storage.RaftStorageDirectory (RaftStorageDirectoryImpl.java:tryLock(231)) - Lock on /home/runner/work/ozone/ozone/hadoop-ozone/integration-test/target/test-dir/MiniOzoneClusterImpl-3253a570-fb02-4895-b12a-309bd2ff2d50/datanode-2/data/ratis/9d5f0604-367d-4da6-baea-ba3d94f9a8a7/in_use.lock acquired by nodename 50697@fv-az165-805
2022-12-08 07:06:14,273 [pool-117-thread-1] INFO  storage.RaftStorage (RaftStorageImpl.java:format(96)) - Storage directory /home/runner/work/ozone/ozone/hadoop-ozone/integration-test/target/test-dir/MiniOzoneClusterImpl-3253a570-fb02-4895-b12a-309bd2ff2d50/datanode-2/data/ratis/9d5f0604-367d-4da6-baea-ba3d94f9a8a7 has been successfully formatted.
2022-12-08 07:06:14,274 [pool-117-thread-1] INFO  ratis.ContainerStateMachine (ContainerStateMachine.java:loadSnapshot(236)) - group-BA3D94F9A8A7: The snapshot info is null. Setting the last applied indexto:(t:0, i:~)
2022-12-08 07:06:14,274 [pool-117-thread-1] INFO  server.RaftServerConfigKeys (ConfUtils.java:logGet(46)) - raft.server.log.use.memory = false (default)
2022-12-08 07:06:14,274 [pool-117-thread-1] INFO  server.RaftServerConfigKeys (ConfUtils.java:logGet(46)) - raft.server.log.purge.gap = 1000000 (custom)
2022-12-08 07:06:14,274 [pool-117-thread-1] INFO  server.RaftServerConfigKeys (ConfUtils.java:logGet(46)) - raft.server.log.appender.buffer.byte-limit = 33554432 (custom)
2022-12-08 07:06:14,274 [pool-117-thread-1] INFO  server.RaftServerConfigKeys (ConfUtils.java:logGet(46)) - raft.server.log.statemachine.data.read.timeout = 1000ms (default)
2022-12-08 07:06:14,274 [pool-117-thread-1] INFO  server.RaftServerConfigKeys (ConfUtils.java:logGet(46)) - raft.server.log.purge.preservation.log.num = 0 (default)
2022-12-08 07:06:14,275 [pool-117-thread-1] INFO  server.RaftServerConfigKeys (ConfUtils.java:logGet(46)) - raft.server.log.segment.size.max = 1048576 (custom)
2022-12-08 07:06:14,275 [pool-117-thread-1] INFO  server.RaftServerConfigKeys (ConfUtils.java:logGet(46)) - raft.server.log.segment.cache.num.max = 2 (custom)
2022-12-08 07:06:14,275 [pool-117-thread-1] INFO  server.RaftServerConfigKeys (ConfUtils.java:logGet(46)) - raft.server.log.segment.cache.size.max = 200MB (=209715200) (default)
2022-12-08 07:06:14,276 [pool-117-thread-1] INFO  segmented.SegmentedRaftLogWorker (SegmentedRaftLogWorker.java:<init>(189)) - new 1fec2e66-b36b-410d-a836-56974e80c6bf@group-BA3D94F9A8A7-SegmentedRaftLogWorker for RaftStorageImpl:Storage Directory /home/runner/work/ozone/ozone/hadoop-ozone/integration-test/target/test-dir/MiniOzoneClusterImpl-3253a570-fb02-4895-b12a-309bd2ff2d50/datanode-2/data/ratis/9d5f0604-367d-4da6-baea-ba3d94f9a8a7
2022-12-08 07:06:14,276 [pool-117-thread-1] INFO  server.RaftServerConfigKeys (ConfUtils.java:logGet(46)) - raft.server.log.queue.byte-limit = 4294967296 (custom)
2022-12-08 07:06:14,276 [pool-117-thread-1] INFO  server.RaftServerConfigKeys (ConfUtils.java:logGet(46)) - raft.server.log.queue.element-limit = 1024 (custom)
2022-12-08 07:06:14,276 [pool-117-thread-1] INFO  server.RaftServerConfigKeys (ConfUtils.java:logGet(46)) - raft.server.log.segment.size.max = 1048576 (custom)
2022-12-08 07:06:14,276 [pool-117-thread-1] INFO  server.RaftServerConfigKeys (ConfUtils.java:logGet(46)) - raft.server.log.preallocated.size = 16384 (custom)
2022-12-08 07:06:14,277 [pool-117-thread-1] INFO  server.RaftServerConfigKeys (ConfUtils.java:logGet(46)) - raft.server.log.force.sync.num = 128 (default)
2022-12-08 07:06:14,277 [pool-117-thread-1] INFO  server.RaftServerConfigKeys (ConfUtils.java:logGet(46)) - raft.server.log.statemachine.data.sync = true (default)
2022-12-08 07:06:14,277 [pool-117-thread-1] INFO  server.RaftServerConfigKeys (ConfUtils.java:logGet(46)) - raft.server.log.statemachine.data.sync.timeout = 10s (default)
2022-12-08 07:06:14,277 [pool-117-thread-1] INFO  server.RaftServerConfigKeys (ConfUtils.java:logGet(46)) - raft.server.log.statemachine.data.sync.timeout.retry = -1 (default)
2022-12-08 07:06:14,279 [pool-117-thread-1] INFO  server.RaftServerConfigKeys (ConfUtils.java:logGet(46)) - raft.server.log.write.buffer.size = 1048576 (custom)
2022-12-08 07:06:14,282 [pool-117-thread-1] INFO  server.RaftServerConfigKeys (ConfUtils.java:logGet(46)) - raft.server.log.appender.buffer.byte-limit = 33554432 (custom)
2022-12-08 07:06:14,282 [EventQueue-OpenPipelineForHealthyPipelineSafeModeRule] INFO  safemode.SCMSafeModeManager (HealthyPipelineSafeModeRule.java:process(137)) - SCM in safe mode. Healthy pipelines reported count is 0, required healthy pipeline reported count is 1
2022-12-08 07:06:14,282 [EventQueue-CommandQueueReportForCommandQueueReportHandler] WARN  events.EventQueue (EventQueue.java:fireEvent(216)) - No event handler registered for event TypedEvent{payloadType=DatanodeDetails, name='Datanode_Command_Queue_Updated'}
2022-12-08 07:06:14,299 [pool-117-thread-1] INFO  server.RaftServerConfigKeys (ConfUtils.java:logGet(46)) - raft.server.log.unsafe-flush.enabled = false (default)
2022-12-08 07:06:14,299 [pool-117-thread-1] INFO  server.RaftServerConfigKeys (ConfUtils.java:logGet(46)) - raft.server.log.async-flush.enabled = false (default)
2022-12-08 07:06:14,300 [pool-117-thread-1] INFO  server.RaftServerConfigKeys (ConfUtils.java:logGet(46)) - raft.server.log.statemachine.data.caching.enabled = true (custom)
2022-12-08 07:06:14,300 [pool-117-thread-1] INFO  segmented.SegmentedRaftLogWorker (SegmentedRaftLogWorker.java:lambda$new$0(135)) - 1fec2e66-b36b-410d-a836-56974e80c6bf@group-BA3D94F9A8A7-SegmentedRaftLogWorker: flushIndex: setUnconditionally 0 -> -1
2022-12-08 07:06:14,300 [pool-117-thread-1] INFO  segmented.SegmentedRaftLogWorker (SegmentedRaftLogWorker.java:lambda$new$0(135)) - 1fec2e66-b36b-410d-a836-56974e80c6bf@group-BA3D94F9A8A7-SegmentedRaftLogWorker: safeCacheEvictIndex: setUnconditionally 0 -> -1
2022-12-08 07:06:14,305 [pool-117-thread-1] INFO  server.RaftServer$Division (RaftServerImpl.java:start(334)) - 1fec2e66-b36b-410d-a836-56974e80c6bf@group-BA3D94F9A8A7: start as a follower, conf=-1: peers:[624d0ae4-c5c0-4b02-bbde-b37f19cf8f9a|rpc:10.1.0.14:41749|priority:0|startupRole:FOLLOWER, 1fec2e66-b36b-410d-a836-56974e80c6bf|rpc:10.1.0.14:40777|priority:0|startupRole:FOLLOWER, a323b8f8-7c4d-4fe6-8663-2fcba1e99710|rpc:10.1.0.14:38689|priority:1|startupRole:FOLLOWER]|listeners:[], old=null
2022-12-08 07:06:14,305 [pool-117-thread-1] INFO  server.RaftServer$Division (RaftServerImpl.java:setRole(321)) - 1fec2e66-b36b-410d-a836-56974e80c6bf@group-BA3D94F9A8A7: changes role from      null to FOLLOWER at term 0 for startAsFollower
2022-12-08 07:06:14,305 [pool-117-thread-1] INFO  impl.RoleInfo (RoleInfo.java:updateAndGet(139)) - 1fec2e66-b36b-410d-a836-56974e80c6bf: start 1fec2e66-b36b-410d-a836-56974e80c6bf@group-BA3D94F9A8A7-FollowerState
2022-12-08 07:06:14,335 [pool-117-thread-1] INFO  util.JmxRegister (JmxRegister.java:tryRegister(44)) - Successfully registered JMX Bean with object name Ratis:service=RaftServer,group=group-BA3D94F9A8A7,id=1fec2e66-b36b-410d-a836-56974e80c6bf
2022-12-08 07:06:14,335 [pool-117-thread-1] INFO  server.RaftServerConfigKeys (ConfUtils.java:logGet(46)) - raft.server.snapshot.auto.trigger.enabled = true (custom)
2022-12-08 07:06:14,335 [pool-117-thread-1] INFO  server.RaftServerConfigKeys (ConfUtils.java:logGet(46)) - raft.server.snapshot.auto.trigger.threshold = 10000 (custom)
2022-12-08 07:06:14,335 [pool-117-thread-1] INFO  server.RaftServerConfigKeys (ConfUtils.java:logGet(46)) - raft.server.snapshot.retention.file.num = 5 (custom)
2022-12-08 07:06:14,335 [pool-117-thread-1] INFO  server.RaftServerConfigKeys (ConfUtils.java:logGet(46)) - raft.server.log.purge.upto.snapshot.index = false (default)
2022-12-08 07:06:14,336 [1fec2e66-b36b-410d-a836-56974e80c6bf@group-BA3D94F9A8A7-FollowerState] INFO  server.RaftServerConfigKeys (ConfUtils.java:logFallback(53)) - raft.server.rpc.first-election.timeout.min = 5s (fallback to raft.server.rpc.timeout.min)
2022-12-08 07:06:14,336 [1fec2e66-b36b-410d-a836-56974e80c6bf@group-BA3D94F9A8A7-FollowerState] INFO  server.RaftServerConfigKeys (ConfUtils.java:logFallback(53)) - raft.server.rpc.first-election.timeout.max = 5200ms (fallback to raft.server.rpc.timeout.max)
2022-12-08 07:06:14,338 [Command processor thread] INFO  ratis.XceiverServerRatis (XceiverServerRatis.java:addGroup(765)) - Created group PipelineID=9d5f0604-367d-4da6-baea-ba3d94f9a8a7
2022-12-08 07:06:14,651 [Command processor thread] INFO  server.RaftServer (RaftServerProxy.java:addNew(96)) - e288a489-637a-4316-af43-30866b2c8bfc: addNew group-318BFFFF3E34:[e288a489-637a-4316-af43-30866b2c8bfc|rpc:10.1.0.14:36389|priority:1|startupRole:FOLLOWER] returns group-318BFFFF3E34:java.util.concurrent.CompletableFuture@55f9b2b7[Not completed]
2022-12-08 07:06:14,665 [pool-140-thread-1] INFO  server.RaftServer$Division (RaftServerImpl.java:<init>(195)) - e288a489-637a-4316-af43-30866b2c8bfc: new RaftServerImpl for group-318BFFFF3E34:[e288a489-637a-4316-af43-30866b2c8bfc|rpc:10.1.0.14:36389|priority:1|startupRole:FOLLOWER] with ContainerStateMachine:uninitialized
2022-12-08 07:06:14,666 [pool-140-thread-1] INFO  server.RaftServerConfigKeys (ConfUtils.java:logGet(46)) - raft.server.rpc.timeout.min = 5s (custom)
2022-12-08 07:06:14,666 [pool-140-thread-1] INFO  server.RaftServerConfigKeys (ConfUtils.java:logGet(46)) - raft.server.rpc.timeout.max = 5200ms (custom)
2022-12-08 07:06:14,666 [pool-140-thread-1] INFO  server.RaftServerConfigKeys (ConfUtils.java:logGet(46)) - raft.server.rpc.sleep.time = 25ms (default)
2022-12-08 07:06:14,666 [pool-140-thread-1] INFO  server.RaftServerConfigKeys (ConfUtils.java:logGet(46)) - raft.server.rpc.slowness.timeout = 300s (custom)
2022-12-08 07:06:14,666 [pool-140-thread-1] INFO  server.RaftServerConfigKeys (ConfUtils.java:logGet(46)) - raft.server.leaderelection.leader.step-down.wait-time = 10s (default)
2022-12-08 07:06:14,666 [pool-140-thread-1] INFO  server.RaftServerConfigKeys (ConfUtils.java:logGet(46)) - raft.server.sleep.deviation.threshold = 300ms (default)
2022-12-08 07:06:14,666 [pool-140-thread-1] INFO  server.RaftServer$Division (ServerState.java:<init>(118)) - e288a489-637a-4316-af43-30866b2c8bfc@group-318BFFFF3E34: ConfigurationManager, init=-1: peers:[e288a489-637a-4316-af43-30866b2c8bfc|rpc:10.1.0.14:36389|priority:1|startupRole:FOLLOWER]|listeners:[], old=null, confs=<EMPTY_MAP>
2022-12-08 07:06:14,674 [pool-140-thread-1] INFO  server.RaftServerConfigKeys (ConfUtils.java:logGet(46)) - raft.server.storage.dir = [/home/runner/work/ozone/ozone/hadoop-ozone/integration-test/target/test-dir/MiniOzoneClusterImpl-3253a570-fb02-4895-b12a-309bd2ff2d50/datanode-3/data/ratis] (custom)
2022-12-08 07:06:14,675 [pool-140-thread-1] INFO  server.RaftServerConfigKeys (ConfUtils.java:logGet(46)) - raft.server.log.corruption.policy = EXCEPTION (default)
2022-12-08 07:06:14,675 [pool-140-thread-1] INFO  server.RaftServerConfigKeys (ConfUtils.java:logGet(46)) - raft.server.storage.free-space.min = 0MB (=0) (default)
2022-12-08 07:06:14,675 [pool-140-thread-1] INFO  server.RaftServerConfigKeys (ConfUtils.java:logGet(46)) - raft.server.notification.no-leader.timeout = 300s (custom)
2022-12-08 07:06:14,675 [pool-140-thread-1] INFO  server.RaftServerConfigKeys (ConfUtils.java:logGet(46)) - raft.server.retrycache.expirytime = 600000ms (custom)
2022-12-08 07:06:14,675 [pool-140-thread-1] INFO  server.RaftServerConfigKeys (ConfUtils.java:logGet(46)) - raft.server.retrycache.statistics.expirytime = 100μs (default)
2022-12-08 07:06:14,685 [pool-140-thread-1] INFO  server.RaftServerConfigKeys (ConfUtils.java:logGet(46)) - raft.server.log.appender.install.snapshot.enabled = false (custom)
2022-12-08 07:06:14,685 [pool-140-thread-1] INFO  server.RaftServerConfigKeys (ConfUtils.java:logGet(46)) - raft.server.threadpool.server.cached = true (default)
2022-12-08 07:06:14,685 [pool-140-thread-1] INFO  server.RaftServerConfigKeys (ConfUtils.java:logGet(46)) - raft.server.threadpool.server.size = 0 (default)
2022-12-08 07:06:14,686 [pool-140-thread-1] INFO  server.RaftServerConfigKeys (ConfUtils.java:logGet(46)) - raft.server.threadpool.client.cached = true (default)
2022-12-08 07:06:14,686 [pool-140-thread-1] INFO  server.RaftServerConfigKeys (ConfUtils.java:logGet(46)) - raft.server.threadpool.client.size = 0 (default)
2022-12-08 07:06:14,685 [EventQueue-CommandQueueReportForCommandQueueReportHandler] WARN  events.EventQueue (EventQueue.java:fireEvent(216)) - No event handler registered for event TypedEvent{payloadType=DatanodeDetails, name='Datanode_Command_Queue_Updated'}
2022-12-08 07:06:14,686 [pool-140-thread-1] INFO  storage.RaftStorageDirectory (RaftStorageDirectoryImpl.java:analyzeStorage(137)) - The storage directory /home/runner/work/ozone/ozone/hadoop-ozone/integration-test/target/test-dir/MiniOzoneClusterImpl-3253a570-fb02-4895-b12a-309bd2ff2d50/datanode-3/data/ratis/5dd85db0-a362-406d-9fc8-318bffff3e34 does not exist. Creating ...
2022-12-08 07:06:14,692 [EventQueue-CommandQueueReportForCommandQueueReportHandler] WARN  events.EventQueue (EventQueue.java:fireEvent(216)) - No event handler registered for event TypedEvent{payloadType=DatanodeDetails, name='Datanode_Command_Queue_Updated'}
2022-12-08 07:06:14,697 [pool-140-thread-1] INFO  storage.RaftStorageDirectory (RaftStorageDirectoryImpl.java:tryLock(231)) - Lock on /home/runner/work/ozone/ozone/hadoop-ozone/integration-test/target/test-dir/MiniOzoneClusterImpl-3253a570-fb02-4895-b12a-309bd2ff2d50/datanode-3/data/ratis/5dd85db0-a362-406d-9fc8-318bffff3e34/in_use.lock acquired by nodename 50697@fv-az165-805
2022-12-08 07:06:14,709 [pool-140-thread-1] INFO  storage.RaftStorage (RaftStorageImpl.java:format(96)) - Storage directory /home/runner/work/ozone/ozone/hadoop-ozone/integration-test/target/test-dir/MiniOzoneClusterImpl-3253a570-fb02-4895-b12a-309bd2ff2d50/datanode-3/data/ratis/5dd85db0-a362-406d-9fc8-318bffff3e34 has been successfully formatted.
2022-12-08 07:06:14,710 [pool-140-thread-1] INFO  ratis.ContainerStateMachine (ContainerStateMachine.java:loadSnapshot(236)) - group-318BFFFF3E34: The snapshot info is null. Setting the last applied indexto:(t:0, i:~)
2022-12-08 07:06:14,710 [pool-140-thread-1] INFO  server.RaftServerConfigKeys (ConfUtils.java:logGet(46)) - raft.server.log.use.memory = false (default)
2022-12-08 07:06:14,710 [pool-140-thread-1] INFO  server.RaftServerConfigKeys (ConfUtils.java:logGet(46)) - raft.server.log.purge.gap = 1000000 (custom)
2022-12-08 07:06:14,710 [pool-140-thread-1] INFO  server.RaftServerConfigKeys (ConfUtils.java:logGet(46)) - raft.server.log.appender.buffer.byte-limit = 33554432 (custom)
2022-12-08 07:06:14,710 [pool-140-thread-1] INFO  server.RaftServerConfigKeys (ConfUtils.java:logGet(46)) - raft.server.log.statemachine.data.read.timeout = 1000ms (default)
2022-12-08 07:06:14,710 [pool-140-thread-1] INFO  server.RaftServerConfigKeys (ConfUtils.java:logGet(46)) - raft.server.log.purge.preservation.log.num = 0 (default)
2022-12-08 07:06:14,711 [pool-140-thread-1] INFO  server.RaftServerConfigKeys (ConfUtils.java:logGet(46)) - raft.server.log.segment.size.max = 1048576 (custom)
2022-12-08 07:06:14,711 [pool-140-thread-1] INFO  server.RaftServerConfigKeys (ConfUtils.java:logGet(46)) - raft.server.log.segment.cache.num.max = 2 (custom)
2022-12-08 07:06:14,711 [pool-140-thread-1] INFO  server.RaftServerConfigKeys (ConfUtils.java:logGet(46)) - raft.server.log.segment.cache.size.max = 200MB (=209715200) (default)
2022-12-08 07:06:14,711 [pool-140-thread-1] INFO  segmented.SegmentedRaftLogWorker (SegmentedRaftLogWorker.java:<init>(189)) - new e288a489-637a-4316-af43-30866b2c8bfc@group-318BFFFF3E34-SegmentedRaftLogWorker for RaftStorageImpl:Storage Directory /home/runner/work/ozone/ozone/hadoop-ozone/integration-test/target/test-dir/MiniOzoneClusterImpl-3253a570-fb02-4895-b12a-309bd2ff2d50/datanode-3/data/ratis/5dd85db0-a362-406d-9fc8-318bffff3e34
2022-12-08 07:06:14,712 [pool-140-thread-1] INFO  server.RaftServerConfigKeys (ConfUtils.java:logGet(46)) - raft.server.log.queue.byte-limit = 4294967296 (custom)
2022-12-08 07:06:14,712 [pool-140-thread-1] INFO  server.RaftServerConfigKeys (ConfUtils.java:logGet(46)) - raft.server.log.queue.element-limit = 1024 (custom)
2022-12-08 07:06:14,712 [pool-140-thread-1] INFO  server.RaftServerConfigKeys (ConfUtils.java:logGet(46)) - raft.server.log.segment.size.max = 1048576 (custom)
2022-12-08 07:06:14,712 [pool-140-thread-1] INFO  server.RaftServerConfigKeys (ConfUtils.java:logGet(46)) - raft.server.log.preallocated.size = 16384 (custom)
2022-12-08 07:06:14,712 [pool-140-thread-1] INFO  server.RaftServerConfigKeys (ConfUtils.java:logGet(46)) - raft.server.log.force.sync.num = 128 (default)
2022-12-08 07:06:14,712 [pool-140-thread-1] INFO  server.RaftServerConfigKeys (ConfUtils.java:logGet(46)) - raft.server.log.statemachine.data.sync = true (default)
2022-12-08 07:06:14,712 [pool-140-thread-1] INFO  server.RaftServerConfigKeys (ConfUtils.java:logGet(46)) - raft.server.log.statemachine.data.sync.timeout = 10s (default)
2022-12-08 07:06:14,712 [pool-140-thread-1] INFO  server.RaftServerConfigKeys (ConfUtils.java:logGet(46)) - raft.server.log.statemachine.data.sync.timeout.retry = -1 (default)
2022-12-08 07:06:14,713 [pool-140-thread-1] INFO  server.RaftServerConfigKeys (ConfUtils.java:logGet(46)) - raft.server.log.write.buffer.size = 1048576 (custom)
2022-12-08 07:06:14,714 [pool-140-thread-1] INFO  server.RaftServerConfigKeys (ConfUtils.java:logGet(46)) - raft.server.log.appender.buffer.byte-limit = 33554432 (custom)
2022-12-08 07:06:14,723 [pool-140-thread-1] INFO  server.RaftServerConfigKeys (ConfUtils.java:logGet(46)) - raft.server.log.unsafe-flush.enabled = false (default)
2022-12-08 07:06:14,723 [pool-140-thread-1] INFO  server.RaftServerConfigKeys (ConfUtils.java:logGet(46)) - raft.server.log.async-flush.enabled = false (default)
2022-12-08 07:06:14,724 [pool-140-thread-1] INFO  server.RaftServerConfigKeys (ConfUtils.java:logGet(46)) - raft.server.log.statemachine.data.caching.enabled = true (custom)
2022-12-08 07:06:14,724 [pool-140-thread-1] INFO  segmented.SegmentedRaftLogWorker (SegmentedRaftLogWorker.java:lambda$new$0(135)) - e288a489-637a-4316-af43-30866b2c8bfc@group-318BFFFF3E34-SegmentedRaftLogWorker: flushIndex: setUnconditionally 0 -> -1
2022-12-08 07:06:14,724 [pool-140-thread-1] INFO  segmented.SegmentedRaftLogWorker (SegmentedRaftLogWorker.java:lambda$new$0(135)) - e288a489-637a-4316-af43-30866b2c8bfc@group-318BFFFF3E34-SegmentedRaftLogWorker: safeCacheEvictIndex: setUnconditionally 0 -> -1
2022-12-08 07:06:14,725 [EventQueue-CommandQueueReportForCommandQueueReportHandler] WARN  events.EventQueue (EventQueue.java:fireEvent(216)) - No event handler registered for event TypedEvent{payloadType=DatanodeDetails, name='Datanode_Command_Queue_Updated'}
2022-12-08 07:06:14,725 [EventQueue-PipelineReportForPipelineReportHandler] INFO  pipeline.PipelineManagerImpl (PipelineManagerImpl.java:openPipeline(367)) - Pipeline Pipeline[ Id: 5dd85db0-a362-406d-9fc8-318bffff3e34, Nodes: e288a489-637a-4316-af43-30866b2c8bfc{ip: 10.1.0.14, host: fv-az165-805.wtg55dazuvhetdvd2gpth4ys5d.dx.internal.cloudapp.net, ports: [REPLICATION=39261, RATIS=36389, RATIS_ADMIN=36389, RATIS_SERVER=36389, STANDALONE=35147], networkLocation: /default-rack, certSerialId: null, persistedOpState: IN_SERVICE, persistedOpStateExpiryEpochSec: 0}, ReplicationConfig: RATIS/ONE, State:ALLOCATED, leaderId:e288a489-637a-4316-af43-30866b2c8bfc, CreationTimestamp2022-12-08T07:06:11.653Z[Etc/UTC]] moved to OPEN state
2022-12-08 07:06:14,726 [EventQueue-OpenPipelineForHealthyPipelineSafeModeRule] INFO  safemode.SCMSafeModeManager (HealthyPipelineSafeModeRule.java:process(137)) - SCM in safe mode. Healthy pipelines reported count is 0, required healthy pipeline reported count is 1
2022-12-08 07:06:14,753 [pool-140-thread-1] INFO  server.RaftServer$Division (RaftServerImpl.java:start(334)) - e288a489-637a-4316-af43-30866b2c8bfc@group-318BFFFF3E34: start as a follower, conf=-1: peers:[e288a489-637a-4316-af43-30866b2c8bfc|rpc:10.1.0.14:36389|priority:1|startupRole:FOLLOWER]|listeners:[], old=null
2022-12-08 07:06:14,757 [pool-140-thread-1] INFO  server.RaftServer$Division (RaftServerImpl.java:setRole(321)) - e288a489-637a-4316-af43-30866b2c8bfc@group-318BFFFF3E34: changes role from      null to FOLLOWER at term 0 for startAsFollower
2022-12-08 07:06:14,757 [pool-140-thread-1] INFO  impl.RoleInfo (RoleInfo.java:updateAndGet(139)) - e288a489-637a-4316-af43-30866b2c8bfc: start e288a489-637a-4316-af43-30866b2c8bfc@group-318BFFFF3E34-FollowerState
2022-12-08 07:06:14,759 [pool-140-thread-1] INFO  util.JmxRegister (JmxRegister.java:tryRegister(44)) - Successfully registered JMX Bean with object name Ratis:service=RaftServer,group=group-318BFFFF3E34,id=e288a489-637a-4316-af43-30866b2c8bfc
2022-12-08 07:06:14,759 [pool-140-thread-1] INFO  server.RaftServerConfigKeys (ConfUtils.java:logGet(46)) - raft.server.snapshot.auto.trigger.enabled = true (custom)
2022-12-08 07:06:14,759 [pool-140-thread-1] INFO  server.RaftServerConfigKeys (ConfUtils.java:logGet(46)) - raft.server.snapshot.auto.trigger.threshold = 10000 (custom)
2022-12-08 07:06:14,759 [pool-140-thread-1] INFO  server.RaftServerConfigKeys (ConfUtils.java:logGet(46)) - raft.server.snapshot.retention.file.num = 5 (custom)
2022-12-08 07:06:14,759 [pool-140-thread-1] INFO  server.RaftServerConfigKeys (ConfUtils.java:logGet(46)) - raft.server.log.purge.upto.snapshot.index = false (default)
2022-12-08 07:06:14,760 [e288a489-637a-4316-af43-30866b2c8bfc@group-318BFFFF3E34-FollowerState] INFO  server.RaftServerConfigKeys (ConfUtils.java:logFallback(53)) - raft.server.rpc.first-election.timeout.min = 5s (fallback to raft.server.rpc.timeout.min)
2022-12-08 07:06:14,760 [e288a489-637a-4316-af43-30866b2c8bfc@group-318BFFFF3E34-FollowerState] INFO  server.RaftServerConfigKeys (ConfUtils.java:logFallback(53)) - raft.server.rpc.first-election.timeout.max = 5200ms (fallback to raft.server.rpc.timeout.max)
2022-12-08 07:06:14,764 [Command processor thread] INFO  commandhandler.CreatePipelineCommandHandler (CreatePipelineCommandHandler.java:handle(113)) - Created Pipeline RATIS THREE PipelineID=9d5f0604-367d-4da6-baea-ba3d94f9a8a7.
2022-12-08 07:06:14,769 [Command processor thread] INFO  ratis.XceiverServerRatis (XceiverServerRatis.java:addGroup(765)) - Created group PipelineID=5dd85db0-a362-406d-9fc8-318bffff3e34
2022-12-08 07:06:14,770 [Command processor thread] INFO  commandhandler.CreatePipelineCommandHandler (CreatePipelineCommandHandler.java:handle(113)) - Created Pipeline RATIS ONE PipelineID=5dd85db0-a362-406d-9fc8-318bffff3e34.
2022-12-08 07:06:14,770 [Command processor thread] INFO  server.RaftServer (RaftServerProxy.java:addNew(96)) - e288a489-637a-4316-af43-30866b2c8bfc: addNew group-A8A841CF23D2:[aa703a63-3c65-4215-94e9-ba864e506dd9|rpc:10.1.0.14:39791|priority:1|startupRole:FOLLOWER, e288a489-637a-4316-af43-30866b2c8bfc|rpc:10.1.0.14:36389|priority:0|startupRole:FOLLOWER, 6eec9aac-ee1b-4e1e-837d-d3cab734710b|rpc:10.1.0.14:33309|priority:0|startupRole:FOLLOWER] returns group-A8A841CF23D2:java.util.concurrent.CompletableFuture@51c62cd0[Not completed]
2022-12-08 07:06:14,777 [pool-140-thread-1] INFO  server.RaftServer$Division (RaftServerImpl.java:<init>(195)) - e288a489-637a-4316-af43-30866b2c8bfc: new RaftServerImpl for group-A8A841CF23D2:[aa703a63-3c65-4215-94e9-ba864e506dd9|rpc:10.1.0.14:39791|priority:1|startupRole:FOLLOWER, e288a489-637a-4316-af43-30866b2c8bfc|rpc:10.1.0.14:36389|priority:0|startupRole:FOLLOWER, 6eec9aac-ee1b-4e1e-837d-d3cab734710b|rpc:10.1.0.14:33309|priority:0|startupRole:FOLLOWER] with ContainerStateMachine:uninitialized
2022-12-08 07:06:14,778 [pool-140-thread-1] INFO  server.RaftServerConfigKeys (ConfUtils.java:logGet(46)) - raft.server.rpc.timeout.min = 5s (custom)
2022-12-08 07:06:14,778 [pool-140-thread-1] INFO  server.RaftServerConfigKeys (ConfUtils.java:logGet(46)) - raft.server.rpc.timeout.max = 5200ms (custom)
2022-12-08 07:06:14,778 [pool-140-thread-1] INFO  server.RaftServerConfigKeys (ConfUtils.java:logGet(46)) - raft.server.rpc.sleep.time = 25ms (default)
2022-12-08 07:06:14,778 [pool-140-thread-1] INFO  server.RaftServerConfigKeys (ConfUtils.java:logGet(46)) - raft.server.rpc.slowness.timeout = 300s (custom)
2022-12-08 07:06:14,778 [pool-140-thread-1] INFO  server.RaftServerConfigKeys (ConfUtils.java:logGet(46)) - raft.server.leaderelection.leader.step-down.wait-time = 10s (default)
2022-12-08 07:06:14,778 [pool-140-thread-1] INFO  server.RaftServerConfigKeys (ConfUtils.java:logGet(46)) - raft.server.sleep.deviation.threshold = 300ms (default)
2022-12-08 07:06:14,778 [pool-140-thread-1] INFO  server.RaftServer$Division (ServerState.java:<init>(118)) - e288a489-637a-4316-af43-30866b2c8bfc@group-A8A841CF23D2: ConfigurationManager, init=-1: peers:[aa703a63-3c65-4215-94e9-ba864e506dd9|rpc:10.1.0.14:39791|priority:1|startupRole:FOLLOWER, e288a489-637a-4316-af43-30866b2c8bfc|rpc:10.1.0.14:36389|priority:0|startupRole:FOLLOWER, 6eec9aac-ee1b-4e1e-837d-d3cab734710b|rpc:10.1.0.14:33309|priority:0|startupRole:FOLLOWER]|listeners:[], old=null, confs=<EMPTY_MAP>
2022-12-08 07:06:14,778 [pool-140-thread-1] INFO  server.RaftServerConfigKeys (ConfUtils.java:logGet(46)) - raft.server.storage.dir = [/home/runner/work/ozone/ozone/hadoop-ozone/integration-test/target/test-dir/MiniOzoneClusterImpl-3253a570-fb02-4895-b12a-309bd2ff2d50/datanode-3/data/ratis] (custom)
2022-12-08 07:06:14,779 [pool-140-thread-1] INFO  server.RaftServerConfigKeys (ConfUtils.java:logGet(46)) - raft.server.log.corruption.policy = EXCEPTION (default)
2022-12-08 07:06:14,779 [pool-140-thread-1] INFO  server.RaftServerConfigKeys (ConfUtils.java:logGet(46)) - raft.server.storage.free-space.min = 0MB (=0) (default)
2022-12-08 07:06:14,779 [pool-140-thread-1] INFO  server.RaftServerConfigKeys (ConfUtils.java:logGet(46)) - raft.server.notification.no-leader.timeout = 300s (custom)
2022-12-08 07:06:14,779 [pool-140-thread-1] INFO  server.RaftServerConfigKeys (ConfUtils.java:logGet(46)) - raft.server.retrycache.expirytime = 600000ms (custom)
2022-12-08 07:06:14,779 [pool-140-thread-1] INFO  server.RaftServerConfigKeys (ConfUtils.java:logGet(46)) - raft.server.retrycache.statistics.expirytime = 100μs (default)
2022-12-08 07:06:14,780 [pool-140-thread-1] INFO  server.RaftServerConfigKeys (ConfUtils.java:logGet(46)) - raft.server.log.appender.install.snapshot.enabled = false (custom)
2022-12-08 07:06:14,780 [pool-140-thread-1] INFO  server.RaftServerConfigKeys (ConfUtils.java:logGet(46)) - raft.server.threadpool.server.cached = true (default)
2022-12-08 07:06:14,780 [pool-140-thread-1] INFO  server.RaftServerConfigKeys (ConfUtils.java:logGet(46)) - raft.server.threadpool.server.size = 0 (default)
2022-12-08 07:06:14,781 [pool-140-thread-1] INFO  server.RaftServerConfigKeys (ConfUtils.java:logGet(46)) - raft.server.threadpool.client.cached = true (default)
2022-12-08 07:06:14,781 [pool-140-thread-1] INFO  server.RaftServerConfigKeys (ConfUtils.java:logGet(46)) - raft.server.threadpool.client.size = 0 (default)
2022-12-08 07:06:14,781 [pool-140-thread-1] INFO  storage.RaftStorageDirectory (RaftStorageDirectoryImpl.java:analyzeStorage(137)) - The storage directory /home/runner/work/ozone/ozone/hadoop-ozone/integration-test/target/test-dir/MiniOzoneClusterImpl-3253a570-fb02-4895-b12a-309bd2ff2d50/datanode-3/data/ratis/5859235e-1a5a-4985-b851-a8a841cf23d2 does not exist. Creating ...
2022-12-08 07:06:14,783 [pool-140-thread-1] INFO  storage.RaftStorageDirectory (RaftStorageDirectoryImpl.java:tryLock(231)) - Lock on /home/runner/work/ozone/ozone/hadoop-ozone/integration-test/target/test-dir/MiniOzoneClusterImpl-3253a570-fb02-4895-b12a-309bd2ff2d50/datanode-3/data/ratis/5859235e-1a5a-4985-b851-a8a841cf23d2/in_use.lock acquired by nodename 50697@fv-az165-805
2022-12-08 07:06:14,785 [pool-140-thread-1] INFO  storage.RaftStorage (RaftStorageImpl.java:format(96)) - Storage directory /home/runner/work/ozone/ozone/hadoop-ozone/integration-test/target/test-dir/MiniOzoneClusterImpl-3253a570-fb02-4895-b12a-309bd2ff2d50/datanode-3/data/ratis/5859235e-1a5a-4985-b851-a8a841cf23d2 has been successfully formatted.
2022-12-08 07:06:14,788 [pool-140-thread-1] INFO  ratis.ContainerStateMachine (ContainerStateMachine.java:loadSnapshot(236)) - group-A8A841CF23D2: The snapshot info is null. Setting the last applied indexto:(t:0, i:~)
2022-12-08 07:06:14,788 [pool-140-thread-1] INFO  server.RaftServerConfigKeys (ConfUtils.java:logGet(46)) - raft.server.log.use.memory = false (default)
2022-12-08 07:06:14,788 [pool-140-thread-1] INFO  server.RaftServerConfigKeys (ConfUtils.java:logGet(46)) - raft.server.log.purge.gap = 1000000 (custom)
2022-12-08 07:06:14,789 [pool-140-thread-1] INFO  server.RaftServerConfigKeys (ConfUtils.java:logGet(46)) - raft.server.log.appender.buffer.byte-limit = 33554432 (custom)
2022-12-08 07:06:14,789 [pool-140-thread-1] INFO  server.RaftServerConfigKeys (ConfUtils.java:logGet(46)) - raft.server.log.statemachine.data.read.timeout = 1000ms (default)
2022-12-08 07:06:14,789 [pool-140-thread-1] INFO  server.RaftServerConfigKeys (ConfUtils.java:logGet(46)) - raft.server.log.purge.preservation.log.num = 0 (default)
2022-12-08 07:06:14,789 [pool-140-thread-1] INFO  server.RaftServerConfigKeys (ConfUtils.java:logGet(46)) - raft.server.log.segment.size.max = 1048576 (custom)
2022-12-08 07:06:14,790 [pool-140-thread-1] INFO  server.RaftServerConfigKeys (ConfUtils.java:logGet(46)) - raft.server.log.segment.cache.num.max = 2 (custom)
2022-12-08 07:06:14,790 [pool-140-thread-1] INFO  server.RaftServerConfigKeys (ConfUtils.java:logGet(46)) - raft.server.log.segment.cache.size.max = 200MB (=209715200) (default)
2022-12-08 07:06:14,790 [pool-140-thread-1] INFO  segmented.SegmentedRaftLogWorker (SegmentedRaftLogWorker.java:<init>(189)) - new e288a489-637a-4316-af43-30866b2c8bfc@group-A8A841CF23D2-SegmentedRaftLogWorker for RaftStorageImpl:Storage Directory /home/runner/work/ozone/ozone/hadoop-ozone/integration-test/target/test-dir/MiniOzoneClusterImpl-3253a570-fb02-4895-b12a-309bd2ff2d50/datanode-3/data/ratis/5859235e-1a5a-4985-b851-a8a841cf23d2
2022-12-08 07:06:14,790 [pool-140-thread-1] INFO  server.RaftServerConfigKeys (ConfUtils.java:logGet(46)) - raft.server.log.queue.byte-limit = 4294967296 (custom)
2022-12-08 07:06:14,790 [pool-140-thread-1] INFO  server.RaftServerConfigKeys (ConfUtils.java:logGet(46)) - raft.server.log.queue.element-limit = 1024 (custom)
2022-12-08 07:06:14,790 [pool-140-thread-1] INFO  server.RaftServerConfigKeys (ConfUtils.java:logGet(46)) - raft.server.log.segment.size.max = 1048576 (custom)
2022-12-08 07:06:14,790 [pool-140-thread-1] INFO  server.RaftServerConfigKeys (ConfUtils.java:logGet(46)) - raft.server.log.preallocated.size = 16384 (custom)
2022-12-08 07:06:14,790 [pool-140-thread-1] INFO  server.RaftServerConfigKeys (ConfUtils.java:logGet(46)) - raft.server.log.force.sync.num = 128 (default)
2022-12-08 07:06:14,790 [pool-140-thread-1] INFO  server.RaftServerConfigKeys (ConfUtils.java:logGet(46)) - raft.server.log.statemachine.data.sync = true (default)
2022-12-08 07:06:14,790 [pool-140-thread-1] INFO  server.RaftServerConfigKeys (ConfUtils.java:logGet(46)) - raft.server.log.statemachine.data.sync.timeout = 10s (default)
2022-12-08 07:06:14,790 [pool-140-thread-1] INFO  server.RaftServerConfigKeys (ConfUtils.java:logGet(46)) - raft.server.log.statemachine.data.sync.timeout.retry = -1 (default)
2022-12-08 07:06:14,795 [Command processor thread] INFO  commandhandler.CreatePipelineCommandHandler (CreatePipelineCommandHandler.java:handle(113)) - Created Pipeline RATIS THREE PipelineID=9d5f0604-367d-4da6-baea-ba3d94f9a8a7.
2022-12-08 07:06:14,796 [EventQueue-CommandQueueReportForCommandQueueReportHandler] WARN  events.EventQueue (EventQueue.java:fireEvent(216)) - No event handler registered for event TypedEvent{payloadType=DatanodeDetails, name='Datanode_Command_Queue_Updated'}
2022-12-08 07:06:14,798 [Command processor thread] INFO  commandhandler.CreatePipelineCommandHandler (CreatePipelineCommandHandler.java:handle(113)) - Created Pipeline RATIS THREE PipelineID=9d5f0604-367d-4da6-baea-ba3d94f9a8a7.
2022-12-08 07:06:14,799 [EventQueue-OpenPipelineForHealthyPipelineSafeModeRule] INFO  safemode.SCMSafeModeManager (HealthyPipelineSafeModeRule.java:process(137)) - SCM in safe mode. Healthy pipelines reported count is 0, required healthy pipeline reported count is 1
2022-12-08 07:06:14,800 [EventQueue-CommandQueueReportForCommandQueueReportHandler] WARN  events.EventQueue (EventQueue.java:fireEvent(216)) - No event handler registered for event TypedEvent{payloadType=DatanodeDetails, name='Datanode_Command_Queue_Updated'}
2022-12-08 07:06:14,803 [pool-140-thread-1] INFO  server.RaftServerConfigKeys (ConfUtils.java:logGet(46)) - raft.server.log.write.buffer.size = 1048576 (custom)
2022-12-08 07:06:14,804 [pool-140-thread-1] INFO  server.RaftServerConfigKeys (ConfUtils.java:logGet(46)) - raft.server.log.appender.buffer.byte-limit = 33554432 (custom)
2022-12-08 07:06:14,820 [pool-140-thread-1] INFO  server.RaftServerConfigKeys (ConfUtils.java:logGet(46)) - raft.server.log.unsafe-flush.enabled = false (default)
2022-12-08 07:06:14,820 [pool-140-thread-1] INFO  server.RaftServerConfigKeys (ConfUtils.java:logGet(46)) - raft.server.log.async-flush.enabled = false (default)
2022-12-08 07:06:14,820 [pool-140-thread-1] INFO  server.RaftServerConfigKeys (ConfUtils.java:logGet(46)) - raft.server.log.statemachine.data.caching.enabled = true (custom)
2022-12-08 07:06:14,821 [pool-140-thread-1] INFO  segmented.SegmentedRaftLogWorker (SegmentedRaftLogWorker.java:lambda$new$0(135)) - e288a489-637a-4316-af43-30866b2c8bfc@group-A8A841CF23D2-SegmentedRaftLogWorker: flushIndex: setUnconditionally 0 -> -1
2022-12-08 07:06:14,821 [pool-140-thread-1] INFO  segmented.SegmentedRaftLogWorker (SegmentedRaftLogWorker.java:lambda$new$0(135)) - e288a489-637a-4316-af43-30866b2c8bfc@group-A8A841CF23D2-SegmentedRaftLogWorker: safeCacheEvictIndex: setUnconditionally 0 -> -1
2022-12-08 07:06:14,821 [pool-140-thread-1] INFO  server.RaftServer$Division (RaftServerImpl.java:start(334)) - e288a489-637a-4316-af43-30866b2c8bfc@group-A8A841CF23D2: start as a follower, conf=-1: peers:[aa703a63-3c65-4215-94e9-ba864e506dd9|rpc:10.1.0.14:39791|priority:1|startupRole:FOLLOWER, e288a489-637a-4316-af43-30866b2c8bfc|rpc:10.1.0.14:36389|priority:0|startupRole:FOLLOWER, 6eec9aac-ee1b-4e1e-837d-d3cab734710b|rpc:10.1.0.14:33309|priority:0|startupRole:FOLLOWER]|listeners:[], old=null
2022-12-08 07:06:14,821 [pool-140-thread-1] INFO  server.RaftServer$Division (RaftServerImpl.java:setRole(321)) - e288a489-637a-4316-af43-30866b2c8bfc@group-A8A841CF23D2: changes role from      null to FOLLOWER at term 0 for startAsFollower
2022-12-08 07:06:14,821 [pool-140-thread-1] INFO  impl.RoleInfo (RoleInfo.java:updateAndGet(139)) - e288a489-637a-4316-af43-30866b2c8bfc: start e288a489-637a-4316-af43-30866b2c8bfc@group-A8A841CF23D2-FollowerState
2022-12-08 07:06:14,825 [e288a489-637a-4316-af43-30866b2c8bfc@group-A8A841CF23D2-FollowerState] INFO  server.RaftServerConfigKeys (ConfUtils.java:logFallback(53)) - raft.server.rpc.first-election.timeout.min = 5s (fallback to raft.server.rpc.timeout.min)
2022-12-08 07:06:14,825 [pool-140-thread-1] INFO  util.JmxRegister (JmxRegister.java:tryRegister(44)) - Successfully registered JMX Bean with object name Ratis:service=RaftServer,group=group-A8A841CF23D2,id=e288a489-637a-4316-af43-30866b2c8bfc
2022-12-08 07:06:14,825 [pool-140-thread-1] INFO  server.RaftServerConfigKeys (ConfUtils.java:logGet(46)) - raft.server.snapshot.auto.trigger.enabled = true (custom)
2022-12-08 07:06:14,825 [pool-140-thread-1] INFO  server.RaftServerConfigKeys (ConfUtils.java:logGet(46)) - raft.server.snapshot.auto.trigger.threshold = 10000 (custom)
2022-12-08 07:06:14,825 [pool-140-thread-1] INFO  server.RaftServerConfigKeys (ConfUtils.java:logGet(46)) - raft.server.snapshot.retention.file.num = 5 (custom)
2022-12-08 07:06:14,825 [pool-140-thread-1] INFO  server.RaftServerConfigKeys (ConfUtils.java:logGet(46)) - raft.server.log.purge.upto.snapshot.index = false (default)
2022-12-08 07:06:14,826 [e288a489-637a-4316-af43-30866b2c8bfc@group-A8A841CF23D2-FollowerState] INFO  server.RaftServerConfigKeys (ConfUtils.java:logFallback(53)) - raft.server.rpc.first-election.timeout.max = 5200ms (fallback to raft.server.rpc.timeout.max)
2022-12-08 07:06:14,828 [Command processor thread] INFO  ratis.XceiverServerRatis (XceiverServerRatis.java:addGroup(765)) - Created group PipelineID=5859235e-1a5a-4985-b851-a8a841cf23d2
2022-12-08 07:06:14,864 [grpc-default-executor-0] INFO  server.RaftServer (RaftServerProxy.java:addNew(96)) - aa703a63-3c65-4215-94e9-ba864e506dd9: addNew group-A8A841CF23D2:[aa703a63-3c65-4215-94e9-ba864e506dd9|rpc:10.1.0.14:39791|dataStream:|priority:1|startupRole:FOLLOWER, e288a489-637a-4316-af43-30866b2c8bfc|rpc:10.1.0.14:36389|dataStream:|priority:0|startupRole:FOLLOWER, 6eec9aac-ee1b-4e1e-837d-d3cab734710b|rpc:10.1.0.14:33309|dataStream:|priority:0|startupRole:FOLLOWER] returns group-A8A841CF23D2:java.util.concurrent.CompletableFuture@5408534[Not completed]
2022-12-08 07:06:14,866 [pool-190-thread-1] INFO  server.RaftServer$Division (RaftServerImpl.java:<init>(195)) - aa703a63-3c65-4215-94e9-ba864e506dd9: new RaftServerImpl for group-A8A841CF23D2:[aa703a63-3c65-4215-94e9-ba864e506dd9|rpc:10.1.0.14:39791|dataStream:|priority:1|startupRole:FOLLOWER, e288a489-637a-4316-af43-30866b2c8bfc|rpc:10.1.0.14:36389|dataStream:|priority:0|startupRole:FOLLOWER, 6eec9aac-ee1b-4e1e-837d-d3cab734710b|rpc:10.1.0.14:33309|dataStream:|priority:0|startupRole:FOLLOWER] with ContainerStateMachine:uninitialized
2022-12-08 07:06:14,867 [pool-190-thread-1] INFO  server.RaftServerConfigKeys (ConfUtils.java:logGet(46)) - raft.server.rpc.timeout.min = 5s (custom)
2022-12-08 07:06:14,867 [pool-190-thread-1] INFO  server.RaftServerConfigKeys (ConfUtils.java:logGet(46)) - raft.server.rpc.timeout.max = 5200ms (custom)
2022-12-08 07:06:14,867 [pool-190-thread-1] INFO  server.RaftServerConfigKeys (ConfUtils.java:logGet(46)) - raft.server.rpc.sleep.time = 25ms (default)
2022-12-08 07:06:14,868 [pool-190-thread-1] INFO  server.RaftServerConfigKeys (ConfUtils.java:logGet(46)) - raft.server.rpc.slowness.timeout = 300s (custom)
2022-12-08 07:06:14,868 [pool-190-thread-1] INFO  server.RaftServerConfigKeys (ConfUtils.java:logGet(46)) - raft.server.leaderelection.leader.step-down.wait-time = 10s (default)
2022-12-08 07:06:14,868 [pool-190-thread-1] INFO  server.RaftServerConfigKeys (ConfUtils.java:logGet(46)) - raft.server.sleep.deviation.threshold = 300ms (default)
2022-12-08 07:06:14,868 [pool-190-thread-1] INFO  server.RaftServer$Division (ServerState.java:<init>(118)) - aa703a63-3c65-4215-94e9-ba864e506dd9@group-A8A841CF23D2: ConfigurationManager, init=-1: peers:[aa703a63-3c65-4215-94e9-ba864e506dd9|rpc:10.1.0.14:39791|dataStream:|priority:1|startupRole:FOLLOWER, e288a489-637a-4316-af43-30866b2c8bfc|rpc:10.1.0.14:36389|dataStream:|priority:0|startupRole:FOLLOWER, 6eec9aac-ee1b-4e1e-837d-d3cab734710b|rpc:10.1.0.14:33309|dataStream:|priority:0|startupRole:FOLLOWER]|listeners:[], old=null, confs=<EMPTY_MAP>
2022-12-08 07:06:14,868 [pool-190-thread-1] INFO  server.RaftServerConfigKeys (ConfUtils.java:logGet(46)) - raft.server.storage.dir = [/home/runner/work/ozone/ozone/hadoop-ozone/integration-test/target/test-dir/MiniOzoneClusterImpl-3253a570-fb02-4895-b12a-309bd2ff2d50/datanode-5/data/ratis] (custom)
2022-12-08 07:06:14,869 [pool-190-thread-1] INFO  server.RaftServerConfigKeys (ConfUtils.java:logGet(46)) - raft.server.log.corruption.policy = EXCEPTION (default)
2022-12-08 07:06:14,869 [pool-190-thread-1] INFO  server.RaftServerConfigKeys (ConfUtils.java:logGet(46)) - raft.server.storage.free-space.min = 0MB (=0) (default)
2022-12-08 07:06:14,869 [pool-190-thread-1] INFO  server.RaftServerConfigKeys (ConfUtils.java:logGet(46)) - raft.server.notification.no-leader.timeout = 300s (custom)
2022-12-08 07:06:14,869 [pool-190-thread-1] INFO  server.RaftServerConfigKeys (ConfUtils.java:logGet(46)) - raft.server.retrycache.expirytime = 600000ms (custom)
2022-12-08 07:06:14,869 [pool-190-thread-1] INFO  server.RaftServerConfigKeys (ConfUtils.java:logGet(46)) - raft.server.retrycache.statistics.expirytime = 100μs (default)
2022-12-08 07:06:14,875 [pool-190-thread-1] INFO  server.RaftServerConfigKeys (ConfUtils.java:logGet(46)) - raft.server.log.appender.install.snapshot.enabled = false (custom)
2022-12-08 07:06:14,876 [pool-190-thread-1] INFO  server.RaftServerConfigKeys (ConfUtils.java:logGet(46)) - raft.server.threadpool.server.cached = true (default)
2022-12-08 07:06:14,876 [pool-190-thread-1] INFO  server.RaftServerConfigKeys (ConfUtils.java:logGet(46)) - raft.server.threadpool.server.size = 0 (default)
2022-12-08 07:06:14,876 [pool-190-thread-1] INFO  server.RaftServerConfigKeys (ConfUtils.java:logGet(46)) - raft.server.threadpool.client.cached = true (default)
2022-12-08 07:06:14,876 [pool-190-thread-1] INFO  server.RaftServerConfigKeys (ConfUtils.java:logGet(46)) - raft.server.threadpool.client.size = 0 (default)
2022-12-08 07:06:14,876 [pool-190-thread-1] INFO  storage.RaftStorageDirectory (RaftStorageDirectoryImpl.java:analyzeStorage(137)) - The storage directory /home/runner/work/ozone/ozone/hadoop-ozone/integration-test/target/test-dir/MiniOzoneClusterImpl-3253a570-fb02-4895-b12a-309bd2ff2d50/datanode-5/data/ratis/5859235e-1a5a-4985-b851-a8a841cf23d2 does not exist. Creating ...
2022-12-08 07:06:14,878 [pool-190-thread-1] INFO  storage.RaftStorageDirectory (RaftStorageDirectoryImpl.java:tryLock(231)) - Lock on /home/runner/work/ozone/ozone/hadoop-ozone/integration-test/target/test-dir/MiniOzoneClusterImpl-3253a570-fb02-4895-b12a-309bd2ff2d50/datanode-5/data/ratis/5859235e-1a5a-4985-b851-a8a841cf23d2/in_use.lock acquired by nodename 50697@fv-az165-805
2022-12-08 07:06:14,882 [pool-190-thread-1] INFO  storage.RaftStorage (RaftStorageImpl.java:format(96)) - Storage directory /home/runner/work/ozone/ozone/hadoop-ozone/integration-test/target/test-dir/MiniOzoneClusterImpl-3253a570-fb02-4895-b12a-309bd2ff2d50/datanode-5/data/ratis/5859235e-1a5a-4985-b851-a8a841cf23d2 has been successfully formatted.
2022-12-08 07:06:14,883 [pool-190-thread-1] INFO  ratis.ContainerStateMachine (ContainerStateMachine.java:loadSnapshot(236)) - group-A8A841CF23D2: The snapshot info is null. Setting the last applied indexto:(t:0, i:~)
2022-12-08 07:06:14,883 [pool-190-thread-1] INFO  server.RaftServerConfigKeys (ConfUtils.java:logGet(46)) - raft.server.log.use.memory = false (default)
2022-12-08 07:06:14,895 [pool-190-thread-1] INFO  server.RaftServerConfigKeys (ConfUtils.java:logGet(46)) - raft.server.log.purge.gap = 1000000 (custom)
2022-12-08 07:06:14,896 [pool-190-thread-1] INFO  server.RaftServerConfigKeys (ConfUtils.java:logGet(46)) - raft.server.log.appender.buffer.byte-limit = 33554432 (custom)
2022-12-08 07:06:14,896 [pool-190-thread-1] INFO  server.RaftServerConfigKeys (ConfUtils.java:logGet(46)) - raft.server.log.statemachine.data.read.timeout = 1000ms (default)
2022-12-08 07:06:14,896 [pool-190-thread-1] INFO  server.RaftServerConfigKeys (ConfUtils.java:logGet(46)) - raft.server.log.purge.preservation.log.num = 0 (default)
2022-12-08 07:06:14,896 [pool-190-thread-1] INFO  server.RaftServerConfigKeys (ConfUtils.java:logGet(46)) - raft.server.log.segment.size.max = 1048576 (custom)
2022-12-08 07:06:14,897 [pool-190-thread-1] INFO  server.RaftServerConfigKeys (ConfUtils.java:logGet(46)) - raft.server.log.segment.cache.num.max = 2 (custom)
2022-12-08 07:06:14,897 [pool-190-thread-1] INFO  server.RaftServerConfigKeys (ConfUtils.java:logGet(46)) - raft.server.log.segment.cache.size.max = 200MB (=209715200) (default)
2022-12-08 07:06:14,897 [pool-190-thread-1] INFO  segmented.SegmentedRaftLogWorker (SegmentedRaftLogWorker.java:<init>(189)) - new aa703a63-3c65-4215-94e9-ba864e506dd9@group-A8A841CF23D2-SegmentedRaftLogWorker for RaftStorageImpl:Storage Directory /home/runner/work/ozone/ozone/hadoop-ozone/integration-test/target/test-dir/MiniOzoneClusterImpl-3253a570-fb02-4895-b12a-309bd2ff2d50/datanode-5/data/ratis/5859235e-1a5a-4985-b851-a8a841cf23d2
2022-12-08 07:06:14,897 [pool-190-thread-1] INFO  server.RaftServerConfigKeys (ConfUtils.java:logGet(46)) - raft.server.log.queue.byte-limit = 4294967296 (custom)
2022-12-08 07:06:14,897 [pool-190-thread-1] INFO  server.RaftServerConfigKeys (ConfUtils.java:logGet(46)) - raft.server.log.queue.element-limit = 1024 (custom)
2022-12-08 07:06:14,897 [pool-190-thread-1] INFO  server.RaftServerConfigKeys (ConfUtils.java:logGet(46)) - raft.server.log.segment.size.max = 1048576 (custom)
2022-12-08 07:06:14,898 [pool-190-thread-1] INFO  server.RaftServerConfigKeys (ConfUtils.java:logGet(46)) - raft.server.log.preallocated.size = 16384 (custom)
2022-12-08 07:06:14,898 [pool-190-thread-1] INFO  server.RaftServerConfigKeys (ConfUtils.java:logGet(46)) - raft.server.log.force.sync.num = 128 (default)
2022-12-08 07:06:14,898 [pool-190-thread-1] INFO  server.RaftServerConfigKeys (ConfUtils.java:logGet(46)) - raft.server.log.statemachine.data.sync = true (default)
2022-12-08 07:06:14,898 [pool-190-thread-1] INFO  server.RaftServerConfigKeys (ConfUtils.java:logGet(46)) - raft.server.log.statemachine.data.sync.timeout = 10s (default)
2022-12-08 07:06:14,898 [pool-190-thread-1] INFO  server.RaftServerConfigKeys (ConfUtils.java:logGet(46)) - raft.server.log.statemachine.data.sync.timeout.retry = -1 (default)
2022-12-08 07:06:14,899 [EventQueue-CommandQueueReportForCommandQueueReportHandler] WARN  events.EventQueue (EventQueue.java:fireEvent(216)) - No event handler registered for event TypedEvent{payloadType=DatanodeDetails, name='Datanode_Command_Queue_Updated'}
2022-12-08 07:06:14,908 [pool-190-thread-1] INFO  server.RaftServerConfigKeys (ConfUtils.java:logGet(46)) - raft.server.log.write.buffer.size = 1048576 (custom)
2022-12-08 07:06:14,911 [pool-190-thread-1] INFO  server.RaftServerConfigKeys (ConfUtils.java:logGet(46)) - raft.server.log.appender.buffer.byte-limit = 33554432 (custom)
2022-12-08 07:06:15,230 [Listener at 127.0.0.1/32903] INFO  ozone.MiniOzoneClusterImpl (MiniOzoneClusterImpl.java:lambda$waitForClusterToBeReady$0(216)) - Nodes are ready. Got 7 of 7 DN Heartbeats.
2022-12-08 07:06:15,230 [Listener at 127.0.0.1/32903] INFO  ozone.MiniOzoneClusterImpl (MiniOzoneClusterImpl.java:lambda$waitForClusterToBeReady$0(219)) - Waiting for cluster to exit safe mode
2022-12-08 07:06:15,230 [Listener at 127.0.0.1/32903] INFO  ozone.MiniOzoneClusterImpl (MiniOzoneClusterImpl.java:lambda$waitForClusterToBeReady$0(221)) - SCM became leader
2022-12-08 07:06:15,236 [Command processor thread] INFO  server.RaftServer (RaftServerProxy.java:addNew(96)) - 6eec9aac-ee1b-4e1e-837d-d3cab734710b: addNew group-0BDA8A85D201:[6eec9aac-ee1b-4e1e-837d-d3cab734710b|rpc:10.1.0.14:33309|priority:1|startupRole:FOLLOWER] returns group-0BDA8A85D201:java.util.concurrent.CompletableFuture@2e0c8e35[Not completed]
2022-12-08 07:06:15,236 [pool-190-thread-1] INFO  server.RaftServerConfigKeys (ConfUtils.java:logGet(46)) - raft.server.log.unsafe-flush.enabled = false (default)
2022-12-08 07:06:15,236 [pool-190-thread-1] INFO  server.RaftServerConfigKeys (ConfUtils.java:logGet(46)) - raft.server.log.async-flush.enabled = false (default)
2022-12-08 07:06:15,250 [pool-190-thread-1] INFO  server.RaftServerConfigKeys (ConfUtils.java:logGet(46)) - raft.server.log.statemachine.data.caching.enabled = true (custom)
2022-12-08 07:06:15,250 [EventQueue-CommandQueueReportForCommandQueueReportHandler] WARN  events.EventQueue (EventQueue.java:fireEvent(216)) - No event handler registered for event TypedEvent{payloadType=DatanodeDetails, name='Datanode_Command_Queue_Updated'}
2022-12-08 07:06:15,243 [ReplicationMonitor] INFO  replication.ReplicationManager (ReplicationManager.java:processAll(323)) - Replication Manager is not ready to run until 3000ms after safemode exit
2022-12-08 07:06:15,258 [pool-190-thread-1] INFO  segmented.SegmentedRaftLogWorker (SegmentedRaftLogWorker.java:lambda$new$0(135)) - aa703a63-3c65-4215-94e9-ba864e506dd9@group-A8A841CF23D2-SegmentedRaftLogWorker: flushIndex: setUnconditionally 0 -> -1
2022-12-08 07:06:15,260 [EventQueue-CommandQueueReportForCommandQueueReportHandler] WARN  events.EventQueue (EventQueue.java:fireEvent(216)) - No event handler registered for event TypedEvent{payloadType=DatanodeDetails, name='Datanode_Command_Queue_Updated'}
2022-12-08 07:06:15,263 [EventQueue-CommandQueueReportForCommandQueueReportHandler] WARN  events.EventQueue (EventQueue.java:fireEvent(216)) - No event handler registered for event TypedEvent{payloadType=DatanodeDetails, name='Datanode_Command_Queue_Updated'}
2022-12-08 07:06:15,259 [EventQueue-OpenPipelineForHealthyPipelineSafeModeRule] INFO  safemode.SCMSafeModeManager (HealthyPipelineSafeModeRule.java:process(137)) - SCM in safe mode. Healthy pipelines reported count is 0, required healthy pipeline reported count is 1
2022-12-08 07:06:15,263 [pool-190-thread-1] INFO  segmented.SegmentedRaftLogWorker (SegmentedRaftLogWorker.java:lambda$new$0(135)) - aa703a63-3c65-4215-94e9-ba864e506dd9@group-A8A841CF23D2-SegmentedRaftLogWorker: safeCacheEvictIndex: setUnconditionally 0 -> -1
2022-12-08 07:06:15,264 [pool-190-thread-1] INFO  server.RaftServer$Division (RaftServerImpl.java:start(334)) - aa703a63-3c65-4215-94e9-ba864e506dd9@group-A8A841CF23D2: start as a follower, conf=-1: peers:[aa703a63-3c65-4215-94e9-ba864e506dd9|rpc:10.1.0.14:39791|dataStream:|priority:1|startupRole:FOLLOWER, e288a489-637a-4316-af43-30866b2c8bfc|rpc:10.1.0.14:36389|dataStream:|priority:0|startupRole:FOLLOWER, 6eec9aac-ee1b-4e1e-837d-d3cab734710b|rpc:10.1.0.14:33309|dataStream:|priority:0|startupRole:FOLLOWER]|listeners:[], old=null
2022-12-08 07:06:15,264 [pool-190-thread-1] INFO  server.RaftServer$Division (RaftServerImpl.java:setRole(321)) - aa703a63-3c65-4215-94e9-ba864e506dd9@group-A8A841CF23D2: changes role from      null to FOLLOWER at term 0 for startAsFollower
2022-12-08 07:06:15,264 [pool-190-thread-1] INFO  impl.RoleInfo (RoleInfo.java:updateAndGet(139)) - aa703a63-3c65-4215-94e9-ba864e506dd9: start aa703a63-3c65-4215-94e9-ba864e506dd9@group-A8A841CF23D2-FollowerState
2022-12-08 07:06:15,265 [aa703a63-3c65-4215-94e9-ba864e506dd9@group-A8A841CF23D2-FollowerState] INFO  server.RaftServerConfigKeys (ConfUtils.java:logFallback(53)) - raft.server.rpc.first-election.timeout.min = 5s (fallback to raft.server.rpc.timeout.min)
2022-12-08 07:06:15,272 [aa703a63-3c65-4215-94e9-ba864e506dd9@group-A8A841CF23D2-FollowerState] INFO  server.RaftServerConfigKeys (ConfUtils.java:logFallback(53)) - raft.server.rpc.first-election.timeout.max = 5200ms (fallback to raft.server.rpc.timeout.max)
2022-12-08 07:06:15,272 [pool-163-thread-1] INFO  server.RaftServer$Division (RaftServerImpl.java:<init>(195)) - 6eec9aac-ee1b-4e1e-837d-d3cab734710b: new RaftServerImpl for group-0BDA8A85D201:[6eec9aac-ee1b-4e1e-837d-d3cab734710b|rpc:10.1.0.14:33309|priority:1|startupRole:FOLLOWER] with ContainerStateMachine:uninitialized
2022-12-08 07:06:15,273 [pool-190-thread-1] INFO  util.JmxRegister (JmxRegister.java:tryRegister(44)) - Successfully registered JMX Bean with object name Ratis:service=RaftServer,group=group-A8A841CF23D2,id=aa703a63-3c65-4215-94e9-ba864e506dd9
2022-12-08 07:06:15,275 [pool-190-thread-1] INFO  server.RaftServerConfigKeys (ConfUtils.java:logGet(46)) - raft.server.snapshot.auto.trigger.enabled = true (custom)
2022-12-08 07:06:15,279 [pool-163-thread-1] INFO  server.RaftServerConfigKeys (ConfUtils.java:logGet(46)) - raft.server.rpc.timeout.min = 5s (custom)
2022-12-08 07:06:15,279 [pool-163-thread-1] INFO  server.RaftServerConfigKeys (ConfUtils.java:logGet(46)) - raft.server.rpc.timeout.max = 5200ms (custom)
2022-12-08 07:06:15,279 [pool-163-thread-1] INFO  server.RaftServerConfigKeys (ConfUtils.java:logGet(46)) - raft.server.rpc.sleep.time = 25ms (default)
2022-12-08 07:06:15,279 [pool-163-thread-1] INFO  server.RaftServerConfigKeys (ConfUtils.java:logGet(46)) - raft.server.rpc.slowness.timeout = 300s (custom)
2022-12-08 07:06:15,279 [pool-163-thread-1] INFO  server.RaftServerConfigKeys (ConfUtils.java:logGet(46)) - raft.server.leaderelection.leader.step-down.wait-time = 10s (default)
2022-12-08 07:06:15,279 [pool-163-thread-1] INFO  server.RaftServerConfigKeys (ConfUtils.java:logGet(46)) - raft.server.sleep.deviation.threshold = 300ms (default)
2022-12-08 07:06:15,279 [pool-163-thread-1] INFO  server.RaftServer$Division (ServerState.java:<init>(118)) - 6eec9aac-ee1b-4e1e-837d-d3cab734710b@group-0BDA8A85D201: ConfigurationManager, init=-1: peers:[6eec9aac-ee1b-4e1e-837d-d3cab734710b|rpc:10.1.0.14:33309|priority:1|startupRole:FOLLOWER]|listeners:[], old=null, confs=<EMPTY_MAP>
2022-12-08 07:06:15,279 [pool-163-thread-1] INFO  server.RaftServerConfigKeys (ConfUtils.java:logGet(46)) - raft.server.storage.dir = [/home/runner/work/ozone/ozone/hadoop-ozone/integration-test/target/test-dir/MiniOzoneClusterImpl-3253a570-fb02-4895-b12a-309bd2ff2d50/datanode-4/data/ratis] (custom)
2022-12-08 07:06:15,280 [pool-190-thread-1] INFO  server.RaftServerConfigKeys (ConfUtils.java:logGet(46)) - raft.server.snapshot.auto.trigger.threshold = 10000 (custom)
2022-12-08 07:06:15,280 [pool-190-thread-1] INFO  server.RaftServerConfigKeys (ConfUtils.java:logGet(46)) - raft.server.snapshot.retention.file.num = 5 (custom)
2022-12-08 07:06:15,280 [pool-190-thread-1] INFO  server.RaftServerConfigKeys (ConfUtils.java:logGet(46)) - raft.server.log.purge.upto.snapshot.index = false (default)
2022-12-08 07:06:15,280 [pool-163-thread-1] INFO  server.RaftServerConfigKeys (ConfUtils.java:logGet(46)) - raft.server.log.corruption.policy = EXCEPTION (default)
2022-12-08 07:06:15,280 [pool-163-thread-1] INFO  server.RaftServerConfigKeys (ConfUtils.java:logGet(46)) - raft.server.storage.free-space.min = 0MB (=0) (default)
2022-12-08 07:06:15,280 [pool-163-thread-1] INFO  server.RaftServerConfigKeys (ConfUtils.java:logGet(46)) - raft.server.notification.no-leader.timeout = 300s (custom)
2022-12-08 07:06:15,280 [pool-163-thread-1] INFO  server.RaftServerConfigKeys (ConfUtils.java:logGet(46)) - raft.server.retrycache.expirytime = 600000ms (custom)
2022-12-08 07:06:15,280 [pool-163-thread-1] INFO  server.RaftServerConfigKeys (ConfUtils.java:logGet(46)) - raft.server.retrycache.statistics.expirytime = 100μs (default)
2022-12-08 07:06:15,290 [pool-163-thread-1] INFO  server.RaftServerConfigKeys (ConfUtils.java:logGet(46)) - raft.server.log.appender.install.snapshot.enabled = false (custom)
2022-12-08 07:06:15,290 [pool-163-thread-1] INFO  server.RaftServerConfigKeys (ConfUtils.java:logGet(46)) - raft.server.threadpool.server.cached = true (default)
2022-12-08 07:06:15,290 [pool-163-thread-1] INFO  server.RaftServerConfigKeys (ConfUtils.java:logGet(46)) - raft.server.threadpool.server.size = 0 (default)
2022-12-08 07:06:15,290 [pool-163-thread-1] INFO  server.RaftServerConfigKeys (ConfUtils.java:logGet(46)) - raft.server.threadpool.client.cached = true (default)
2022-12-08 07:06:15,290 [pool-163-thread-1] INFO  server.RaftServerConfigKeys (ConfUtils.java:logGet(46)) - raft.server.threadpool.client.size = 0 (default)
2022-12-08 07:06:15,291 [pool-163-thread-1] INFO  storage.RaftStorageDirectory (RaftStorageDirectoryImpl.java:analyzeStorage(137)) - The storage directory /home/runner/work/ozone/ozone/hadoop-ozone/integration-test/target/test-dir/MiniOzoneClusterImpl-3253a570-fb02-4895-b12a-309bd2ff2d50/datanode-4/data/ratis/ed886c2b-3b24-41db-9809-0bda8a85d201 does not exist. Creating ...
2022-12-08 07:06:15,292 [EventQueue-CommandQueueReportForCommandQueueReportHandler] WARN  events.EventQueue (EventQueue.java:fireEvent(216)) - No event handler registered for event TypedEvent{payloadType=DatanodeDetails, name='Datanode_Command_Queue_Updated'}
2022-12-08 07:06:15,295 [pool-163-thread-1] INFO  storage.RaftStorageDirectory (RaftStorageDirectoryImpl.java:tryLock(231)) - Lock on /home/runner/work/ozone/ozone/hadoop-ozone/integration-test/target/test-dir/MiniOzoneClusterImpl-3253a570-fb02-4895-b12a-309bd2ff2d50/datanode-4/data/ratis/ed886c2b-3b24-41db-9809-0bda8a85d201/in_use.lock acquired by nodename 50697@fv-az165-805
2022-12-08 07:06:15,298 [pool-163-thread-1] INFO  storage.RaftStorage (RaftStorageImpl.java:format(96)) - Storage directory /home/runner/work/ozone/ozone/hadoop-ozone/integration-test/target/test-dir/MiniOzoneClusterImpl-3253a570-fb02-4895-b12a-309bd2ff2d50/datanode-4/data/ratis/ed886c2b-3b24-41db-9809-0bda8a85d201 has been successfully formatted.
2022-12-08 07:06:15,299 [pool-163-thread-1] INFO  ratis.ContainerStateMachine (ContainerStateMachine.java:loadSnapshot(236)) - group-0BDA8A85D201: The snapshot info is null. Setting the last applied indexto:(t:0, i:~)
2022-12-08 07:06:15,299 [pool-163-thread-1] INFO  server.RaftServerConfigKeys (ConfUtils.java:logGet(46)) - raft.server.log.use.memory = false (default)
2022-12-08 07:06:15,299 [pool-163-thread-1] INFO  server.RaftServerConfigKeys (ConfUtils.java:logGet(46)) - raft.server.log.purge.gap = 1000000 (custom)
2022-12-08 07:06:15,299 [pool-163-thread-1] INFO  server.RaftServerConfigKeys (ConfUtils.java:logGet(46)) - raft.server.log.appender.buffer.byte-limit = 33554432 (custom)
2022-12-08 07:06:15,299 [pool-163-thread-1] INFO  server.RaftServerConfigKeys (ConfUtils.java:logGet(46)) - raft.server.log.statemachine.data.read.timeout = 1000ms (default)
2022-12-08 07:06:15,299 [pool-163-thread-1] INFO  server.RaftServerConfigKeys (ConfUtils.java:logGet(46)) - raft.server.log.purge.preservation.log.num = 0 (default)
2022-12-08 07:06:15,300 [EventQueue-CommandQueueReportForCommandQueueReportHandler] WARN  events.EventQueue (EventQueue.java:fireEvent(216)) - No event handler registered for event TypedEvent{payloadType=DatanodeDetails, name='Datanode_Command_Queue_Updated'}
2022-12-08 07:06:15,301 [EventQueue-PipelineReportForPipelineReportHandler] INFO  pipeline.PipelineManagerImpl (PipelineManagerImpl.java:openPipeline(367)) - Pipeline Pipeline[ Id: ed886c2b-3b24-41db-9809-0bda8a85d201, Nodes: 6eec9aac-ee1b-4e1e-837d-d3cab734710b{ip: 10.1.0.14, host: fv-az165-805.wtg55dazuvhetdvd2gpth4ys5d.dx.internal.cloudapp.net, ports: [REPLICATION=35375, RATIS=33309, RATIS_ADMIN=33309, RATIS_SERVER=33309, STANDALONE=43585], networkLocation: /default-rack, certSerialId: null, persistedOpState: IN_SERVICE, persistedOpStateExpiryEpochSec: 0}, ReplicationConfig: RATIS/ONE, State:ALLOCATED, leaderId:6eec9aac-ee1b-4e1e-837d-d3cab734710b, CreationTimestamp2022-12-08T07:06:12.176Z[Etc/UTC]] moved to OPEN state
2022-12-08 07:06:15,301 [EventQueue-OpenPipelineForHealthyPipelineSafeModeRule] INFO  safemode.SCMSafeModeManager (HealthyPipelineSafeModeRule.java:process(137)) - SCM in safe mode. Healthy pipelines reported count is 0, required healthy pipeline reported count is 1
2022-12-08 07:06:15,302 [pool-163-thread-1] INFO  server.RaftServerConfigKeys (ConfUtils.java:logGet(46)) - raft.server.log.segment.size.max = 1048576 (custom)
2022-12-08 07:06:15,305 [pool-163-thread-1] INFO  server.RaftServerConfigKeys (ConfUtils.java:logGet(46)) - raft.server.log.segment.cache.num.max = 2 (custom)
2022-12-08 07:06:15,305 [pool-163-thread-1] INFO  server.RaftServerConfigKeys (ConfUtils.java:logGet(46)) - raft.server.log.segment.cache.size.max = 200MB (=209715200) (default)
2022-12-08 07:06:15,306 [pool-163-thread-1] INFO  segmented.SegmentedRaftLogWorker (SegmentedRaftLogWorker.java:<init>(189)) - new 6eec9aac-ee1b-4e1e-837d-d3cab734710b@group-0BDA8A85D201-SegmentedRaftLogWorker for RaftStorageImpl:Storage Directory /home/runner/work/ozone/ozone/hadoop-ozone/integration-test/target/test-dir/MiniOzoneClusterImpl-3253a570-fb02-4895-b12a-309bd2ff2d50/datanode-4/data/ratis/ed886c2b-3b24-41db-9809-0bda8a85d201
2022-12-08 07:06:15,306 [pool-163-thread-1] INFO  server.RaftServerConfigKeys (ConfUtils.java:logGet(46)) - raft.server.log.queue.byte-limit = 4294967296 (custom)
2022-12-08 07:06:15,306 [pool-163-thread-1] INFO  server.RaftServerConfigKeys (ConfUtils.java:logGet(46)) - raft.server.log.queue.element-limit = 1024 (custom)
2022-12-08 07:06:15,306 [pool-163-thread-1] INFO  server.RaftServerConfigKeys (ConfUtils.java:logGet(46)) - raft.server.log.segment.size.max = 1048576 (custom)
2022-12-08 07:06:15,306 [pool-163-thread-1] INFO  server.RaftServerConfigKeys (ConfUtils.java:logGet(46)) - raft.server.log.preallocated.size = 16384 (custom)
2022-12-08 07:06:15,306 [pool-163-thread-1] INFO  server.RaftServerConfigKeys (ConfUtils.java:logGet(46)) - raft.server.log.force.sync.num = 128 (default)
2022-12-08 07:06:15,306 [pool-163-thread-1] INFO  server.RaftServerConfigKeys (ConfUtils.java:logGet(46)) - raft.server.log.statemachine.data.sync = true (default)
2022-12-08 07:06:15,306 [pool-163-thread-1] INFO  server.RaftServerConfigKeys (ConfUtils.java:logGet(46)) - raft.server.log.statemachine.data.sync.timeout = 10s (default)
2022-12-08 07:06:15,306 [pool-163-thread-1] INFO  server.RaftServerConfigKeys (ConfUtils.java:logGet(46)) - raft.server.log.statemachine.data.sync.timeout.retry = -1 (default)
2022-12-08 07:06:15,311 [pool-163-thread-1] INFO  server.RaftServerConfigKeys (ConfUtils.java:logGet(46)) - raft.server.log.write.buffer.size = 1048576 (custom)
2022-12-08 07:06:15,313 [pool-163-thread-1] INFO  server.RaftServerConfigKeys (ConfUtils.java:logGet(46)) - raft.server.log.appender.buffer.byte-limit = 33554432 (custom)
2022-12-08 07:06:15,324 [pool-163-thread-1] INFO  server.RaftServerConfigKeys (ConfUtils.java:logGet(46)) - raft.server.log.unsafe-flush.enabled = false (default)
2022-12-08 07:06:15,324 [pool-163-thread-1] INFO  server.RaftServerConfigKeys (ConfUtils.java:logGet(46)) - raft.server.log.async-flush.enabled = false (default)
2022-12-08 07:06:15,325 [pool-163-thread-1] INFO  server.RaftServerConfigKeys (ConfUtils.java:logGet(46)) - raft.server.log.statemachine.data.caching.enabled = true (custom)
2022-12-08 07:06:15,325 [pool-163-thread-1] INFO  segmented.SegmentedRaftLogWorker (SegmentedRaftLogWorker.java:lambda$new$0(135)) - 6eec9aac-ee1b-4e1e-837d-d3cab734710b@group-0BDA8A85D201-SegmentedRaftLogWorker: flushIndex: setUnconditionally 0 -> -1
2022-12-08 07:06:15,325 [pool-163-thread-1] INFO  segmented.SegmentedRaftLogWorker (SegmentedRaftLogWorker.java:lambda$new$0(135)) - 6eec9aac-ee1b-4e1e-837d-d3cab734710b@group-0BDA8A85D201-SegmentedRaftLogWorker: safeCacheEvictIndex: setUnconditionally 0 -> -1
2022-12-08 07:06:15,325 [pool-163-thread-1] INFO  server.RaftServer$Division (RaftServerImpl.java:start(334)) - 6eec9aac-ee1b-4e1e-837d-d3cab734710b@group-0BDA8A85D201: start as a follower, conf=-1: peers:[6eec9aac-ee1b-4e1e-837d-d3cab734710b|rpc:10.1.0.14:33309|priority:1|startupRole:FOLLOWER]|listeners:[], old=null
2022-12-08 07:06:15,326 [pool-163-thread-1] INFO  server.RaftServer$Division (RaftServerImpl.java:setRole(321)) - 6eec9aac-ee1b-4e1e-837d-d3cab734710b@group-0BDA8A85D201: changes role from      null to FOLLOWER at term 0 for startAsFollower
2022-12-08 07:06:15,326 [pool-163-thread-1] INFO  impl.RoleInfo (RoleInfo.java:updateAndGet(139)) - 6eec9aac-ee1b-4e1e-837d-d3cab734710b: start 6eec9aac-ee1b-4e1e-837d-d3cab734710b@group-0BDA8A85D201-FollowerState
2022-12-08 07:06:15,331 [pool-163-thread-1] INFO  util.JmxRegister (JmxRegister.java:tryRegister(44)) - Successfully registered JMX Bean with object name Ratis:service=RaftServer,group=group-0BDA8A85D201,id=6eec9aac-ee1b-4e1e-837d-d3cab734710b
2022-12-08 07:06:15,331 [pool-163-thread-1] INFO  server.RaftServerConfigKeys (ConfUtils.java:logGet(46)) - raft.server.snapshot.auto.trigger.enabled = true (custom)
2022-12-08 07:06:15,331 [pool-163-thread-1] INFO  server.RaftServerConfigKeys (ConfUtils.java:logGet(46)) - raft.server.snapshot.auto.trigger.threshold = 10000 (custom)
2022-12-08 07:06:15,331 [pool-163-thread-1] INFO  server.RaftServerConfigKeys (ConfUtils.java:logGet(46)) - raft.server.snapshot.retention.file.num = 5 (custom)
2022-12-08 07:06:15,331 [pool-163-thread-1] INFO  server.RaftServerConfigKeys (ConfUtils.java:logGet(46)) - raft.server.log.purge.upto.snapshot.index = false (default)
2022-12-08 07:06:15,333 [6eec9aac-ee1b-4e1e-837d-d3cab734710b@group-0BDA8A85D201-FollowerState] INFO  server.RaftServerConfigKeys (ConfUtils.java:logFallback(53)) - raft.server.rpc.first-election.timeout.min = 5s (fallback to raft.server.rpc.timeout.min)
2022-12-08 07:06:15,333 [6eec9aac-ee1b-4e1e-837d-d3cab734710b@group-0BDA8A85D201-FollowerState] INFO  server.RaftServerConfigKeys (ConfUtils.java:logFallback(53)) - raft.server.rpc.first-election.timeout.max = 5200ms (fallback to raft.server.rpc.timeout.max)
2022-12-08 07:06:15,334 [Command processor thread] INFO  ratis.XceiverServerRatis (XceiverServerRatis.java:addGroup(765)) - Created group PipelineID=ed886c2b-3b24-41db-9809-0bda8a85d201
2022-12-08 07:06:15,334 [Command processor thread] INFO  commandhandler.CreatePipelineCommandHandler (CreatePipelineCommandHandler.java:handle(113)) - Created Pipeline RATIS ONE PipelineID=ed886c2b-3b24-41db-9809-0bda8a85d201.
2022-12-08 07:06:15,336 [Command processor thread] INFO  server.RaftServer (RaftServerProxy.java:addNew(96)) - 6eec9aac-ee1b-4e1e-837d-d3cab734710b: addNew group-A8A841CF23D2:[aa703a63-3c65-4215-94e9-ba864e506dd9|rpc:10.1.0.14:39791|priority:1|startupRole:FOLLOWER, e288a489-637a-4316-af43-30866b2c8bfc|rpc:10.1.0.14:36389|priority:0|startupRole:FOLLOWER, 6eec9aac-ee1b-4e1e-837d-d3cab734710b|rpc:10.1.0.14:33309|priority:0|startupRole:FOLLOWER] returns group-A8A841CF23D2:java.util.concurrent.CompletableFuture@2a331f2c[Not completed]
2022-12-08 07:06:15,340 [pool-163-thread-1] INFO  server.RaftServer$Division (RaftServerImpl.java:<init>(195)) - 6eec9aac-ee1b-4e1e-837d-d3cab734710b: new RaftServerImpl for group-A8A841CF23D2:[aa703a63-3c65-4215-94e9-ba864e506dd9|rpc:10.1.0.14:39791|priority:1|startupRole:FOLLOWER, e288a489-637a-4316-af43-30866b2c8bfc|rpc:10.1.0.14:36389|priority:0|startupRole:FOLLOWER, 6eec9aac-ee1b-4e1e-837d-d3cab734710b|rpc:10.1.0.14:33309|priority:0|startupRole:FOLLOWER] with ContainerStateMachine:uninitialized
2022-12-08 07:06:15,340 [pool-163-thread-1] INFO  server.RaftServerConfigKeys (ConfUtils.java:logGet(46)) - raft.server.rpc.timeout.min = 5s (custom)
2022-12-08 07:06:15,340 [pool-163-thread-1] INFO  server.RaftServerConfigKeys (ConfUtils.java:logGet(46)) - raft.server.rpc.timeout.max = 5200ms (custom)
2022-12-08 07:06:15,340 [pool-163-thread-1] INFO  server.RaftServerConfigKeys (ConfUtils.java:logGet(46)) - raft.server.rpc.sleep.time = 25ms (default)
2022-12-08 07:06:15,340 [pool-163-thread-1] INFO  server.RaftServerConfigKeys (ConfUtils.java:logGet(46)) - raft.server.rpc.slowness.timeout = 300s (custom)
2022-12-08 07:06:15,341 [pool-163-thread-1] INFO  server.RaftServerConfigKeys (ConfUtils.java:logGet(46)) - raft.server.leaderelection.leader.step-down.wait-time = 10s (default)
2022-12-08 07:06:15,341 [pool-163-thread-1] INFO  server.RaftServerConfigKeys (ConfUtils.java:logGet(46)) - raft.server.sleep.deviation.threshold = 300ms (default)
2022-12-08 07:06:15,341 [pool-163-thread-1] INFO  server.RaftServer$Division (ServerState.java:<init>(118)) - 6eec9aac-ee1b-4e1e-837d-d3cab734710b@group-A8A841CF23D2: ConfigurationManager, init=-1: peers:[aa703a63-3c65-4215-94e9-ba864e506dd9|rpc:10.1.0.14:39791|priority:1|startupRole:FOLLOWER, e288a489-637a-4316-af43-30866b2c8bfc|rpc:10.1.0.14:36389|priority:0|startupRole:FOLLOWER, 6eec9aac-ee1b-4e1e-837d-d3cab734710b|rpc:10.1.0.14:33309|priority:0|startupRole:FOLLOWER]|listeners:[], old=null, confs=<EMPTY_MAP>
2022-12-08 07:06:15,341 [pool-163-thread-1] INFO  server.RaftServerConfigKeys (ConfUtils.java:logGet(46)) - raft.server.storage.dir = [/home/runner/work/ozone/ozone/hadoop-ozone/integration-test/target/test-dir/MiniOzoneClusterImpl-3253a570-fb02-4895-b12a-309bd2ff2d50/datanode-4/data/ratis] (custom)
2022-12-08 07:06:15,341 [pool-163-thread-1] INFO  server.RaftServerConfigKeys (ConfUtils.java:logGet(46)) - raft.server.log.corruption.policy = EXCEPTION (default)
2022-12-08 07:06:15,342 [pool-163-thread-1] INFO  server.RaftServerConfigKeys (ConfUtils.java:logGet(46)) - raft.server.storage.free-space.min = 0MB (=0) (default)
2022-12-08 07:06:15,342 [pool-163-thread-1] INFO  server.RaftServerConfigKeys (ConfUtils.java:logGet(46)) - raft.server.notification.no-leader.timeout = 300s (custom)
2022-12-08 07:06:15,342 [pool-163-thread-1] INFO  server.RaftServerConfigKeys (ConfUtils.java:logGet(46)) - raft.server.retrycache.expirytime = 600000ms (custom)
2022-12-08 07:06:15,342 [pool-163-thread-1] INFO  server.RaftServerConfigKeys (ConfUtils.java:logGet(46)) - raft.server.retrycache.statistics.expirytime = 100μs (default)
2022-12-08 07:06:15,344 [pool-163-thread-1] INFO  server.RaftServerConfigKeys (ConfUtils.java:logGet(46)) - raft.server.log.appender.install.snapshot.enabled = false (custom)
2022-12-08 07:06:15,344 [pool-163-thread-1] INFO  server.RaftServerConfigKeys (ConfUtils.java:logGet(46)) - raft.server.threadpool.server.cached = true (default)
2022-12-08 07:06:15,344 [pool-163-thread-1] INFO  server.RaftServerConfigKeys (ConfUtils.java:logGet(46)) - raft.server.threadpool.server.size = 0 (default)
2022-12-08 07:06:15,344 [pool-163-thread-1] INFO  server.RaftServerConfigKeys (ConfUtils.java:logGet(46)) - raft.server.threadpool.client.cached = true (default)
2022-12-08 07:06:15,344 [pool-163-thread-1] INFO  server.RaftServerConfigKeys (ConfUtils.java:logGet(46)) - raft.server.threadpool.client.size = 0 (default)
2022-12-08 07:06:15,345 [pool-163-thread-1] INFO  storage.RaftStorageDirectory (RaftStorageDirectoryImpl.java:analyzeStorage(137)) - The storage directory /home/runner/work/ozone/ozone/hadoop-ozone/integration-test/target/test-dir/MiniOzoneClusterImpl-3253a570-fb02-4895-b12a-309bd2ff2d50/datanode-4/data/ratis/5859235e-1a5a-4985-b851-a8a841cf23d2 does not exist. Creating ...
2022-12-08 07:06:15,347 [pool-163-thread-1] INFO  storage.RaftStorageDirectory (RaftStorageDirectoryImpl.java:tryLock(231)) - Lock on /home/runner/work/ozone/ozone/hadoop-ozone/integration-test/target/test-dir/MiniOzoneClusterImpl-3253a570-fb02-4895-b12a-309bd2ff2d50/datanode-4/data/ratis/5859235e-1a5a-4985-b851-a8a841cf23d2/in_use.lock acquired by nodename 50697@fv-az165-805
2022-12-08 07:06:15,356 [pool-163-thread-1] INFO  storage.RaftStorage (RaftStorageImpl.java:format(96)) - Storage directory /home/runner/work/ozone/ozone/hadoop-ozone/integration-test/target/test-dir/MiniOzoneClusterImpl-3253a570-fb02-4895-b12a-309bd2ff2d50/datanode-4/data/ratis/5859235e-1a5a-4985-b851-a8a841cf23d2 has been successfully formatted.
2022-12-08 07:06:15,358 [pool-163-thread-1] INFO  ratis.ContainerStateMachine (ContainerStateMachine.java:loadSnapshot(236)) - group-A8A841CF23D2: The snapshot info is null. Setting the last applied indexto:(t:0, i:~)
2022-12-08 07:06:15,358 [pool-163-thread-1] INFO  server.RaftServerConfigKeys (ConfUtils.java:logGet(46)) - raft.server.log.use.memory = false (default)
2022-12-08 07:06:15,359 [pool-163-thread-1] INFO  server.RaftServerConfigKeys (ConfUtils.java:logGet(46)) - raft.server.log.purge.gap = 1000000 (custom)
2022-12-08 07:06:15,359 [pool-163-thread-1] INFO  server.RaftServerConfigKeys (ConfUtils.java:logGet(46)) - raft.server.log.appender.buffer.byte-limit = 33554432 (custom)
2022-12-08 07:06:15,359 [pool-163-thread-1] INFO  server.RaftServerConfigKeys (ConfUtils.java:logGet(46)) - raft.server.log.statemachine.data.read.timeout = 1000ms (default)
2022-12-08 07:06:15,359 [pool-163-thread-1] INFO  server.RaftServerConfigKeys (ConfUtils.java:logGet(46)) - raft.server.log.purge.preservation.log.num = 0 (default)
2022-12-08 07:06:15,359 [pool-163-thread-1] INFO  server.RaftServerConfigKeys (ConfUtils.java:logGet(46)) - raft.server.log.segment.size.max = 1048576 (custom)
2022-12-08 07:06:15,359 [EventQueue-CommandQueueReportForCommandQueueReportHandler] WARN  events.EventQueue (EventQueue.java:fireEvent(216)) - No event handler registered for event TypedEvent{payloadType=DatanodeDetails, name='Datanode_Command_Queue_Updated'}
2022-12-08 07:06:15,363 [EventQueue-OpenPipelineForHealthyPipelineSafeModeRule] INFO  safemode.SCMSafeModeManager (HealthyPipelineSafeModeRule.java:process(137)) - SCM in safe mode. Healthy pipelines reported count is 0, required healthy pipeline reported count is 1
2022-12-08 07:06:15,364 [pool-163-thread-1] INFO  server.RaftServerConfigKeys (ConfUtils.java:logGet(46)) - raft.server.log.segment.cache.num.max = 2 (custom)
2022-12-08 07:06:15,364 [pool-163-thread-1] INFO  server.RaftServerConfigKeys (ConfUtils.java:logGet(46)) - raft.server.log.segment.cache.size.max = 200MB (=209715200) (default)
2022-12-08 07:06:15,364 [pool-163-thread-1] INFO  segmented.SegmentedRaftLogWorker (SegmentedRaftLogWorker.java:<init>(189)) - new 6eec9aac-ee1b-4e1e-837d-d3cab734710b@group-A8A841CF23D2-SegmentedRaftLogWorker for RaftStorageImpl:Storage Directory /home/runner/work/ozone/ozone/hadoop-ozone/integration-test/target/test-dir/MiniOzoneClusterImpl-3253a570-fb02-4895-b12a-309bd2ff2d50/datanode-4/data/ratis/5859235e-1a5a-4985-b851-a8a841cf23d2
2022-12-08 07:06:15,364 [pool-163-thread-1] INFO  server.RaftServerConfigKeys (ConfUtils.java:logGet(46)) - raft.server.log.queue.byte-limit = 4294967296 (custom)
2022-12-08 07:06:15,364 [pool-163-thread-1] INFO  server.RaftServerConfigKeys (ConfUtils.java:logGet(46)) - raft.server.log.queue.element-limit = 1024 (custom)
2022-12-08 07:06:15,365 [pool-163-thread-1] INFO  server.RaftServerConfigKeys (ConfUtils.java:logGet(46)) - raft.server.log.segment.size.max = 1048576 (custom)
2022-12-08 07:06:15,365 [pool-163-thread-1] INFO  server.RaftServerConfigKeys (ConfUtils.java:logGet(46)) - raft.server.log.preallocated.size = 16384 (custom)
2022-12-08 07:06:15,365 [pool-163-thread-1] INFO  server.RaftServerConfigKeys (ConfUtils.java:logGet(46)) - raft.server.log.force.sync.num = 128 (default)
2022-12-08 07:06:15,365 [pool-163-thread-1] INFO  server.RaftServerConfigKeys (ConfUtils.java:logGet(46)) - raft.server.log.statemachine.data.sync = true (default)
2022-12-08 07:06:15,365 [pool-163-thread-1] INFO  server.RaftServerConfigKeys (ConfUtils.java:logGet(46)) - raft.server.log.statemachine.data.sync.timeout = 10s (default)
2022-12-08 07:06:15,365 [pool-163-thread-1] INFO  server.RaftServerConfigKeys (ConfUtils.java:logGet(46)) - raft.server.log.statemachine.data.sync.timeout.retry = -1 (default)
2022-12-08 07:06:15,366 [pool-163-thread-1] INFO  server.RaftServerConfigKeys (ConfUtils.java:logGet(46)) - raft.server.log.write.buffer.size = 1048576 (custom)
2022-12-08 07:06:15,367 [pool-163-thread-1] INFO  server.RaftServerConfigKeys (ConfUtils.java:logGet(46)) - raft.server.log.appender.buffer.byte-limit = 33554432 (custom)
2022-12-08 07:06:15,374 [pool-163-thread-1] INFO  server.RaftServerConfigKeys (ConfUtils.java:logGet(46)) - raft.server.log.unsafe-flush.enabled = false (default)
2022-12-08 07:06:15,374 [pool-163-thread-1] INFO  server.RaftServerConfigKeys (ConfUtils.java:logGet(46)) - raft.server.log.async-flush.enabled = false (default)
2022-12-08 07:06:15,374 [pool-163-thread-1] INFO  server.RaftServerConfigKeys (ConfUtils.java:logGet(46)) - raft.server.log.statemachine.data.caching.enabled = true (custom)
2022-12-08 07:06:15,374 [pool-163-thread-1] INFO  segmented.SegmentedRaftLogWorker (SegmentedRaftLogWorker.java:lambda$new$0(135)) - 6eec9aac-ee1b-4e1e-837d-d3cab734710b@group-A8A841CF23D2-SegmentedRaftLogWorker: flushIndex: setUnconditionally 0 -> -1
2022-12-08 07:06:15,374 [pool-163-thread-1] INFO  segmented.SegmentedRaftLogWorker (SegmentedRaftLogWorker.java:lambda$new$0(135)) - 6eec9aac-ee1b-4e1e-837d-d3cab734710b@group-A8A841CF23D2-SegmentedRaftLogWorker: safeCacheEvictIndex: setUnconditionally 0 -> -1
2022-12-08 07:06:15,380 [pool-163-thread-1] INFO  server.RaftServer$Division (RaftServerImpl.java:start(334)) - 6eec9aac-ee1b-4e1e-837d-d3cab734710b@group-A8A841CF23D2: start as a follower, conf=-1: peers:[aa703a63-3c65-4215-94e9-ba864e506dd9|rpc:10.1.0.14:39791|priority:1|startupRole:FOLLOWER, e288a489-637a-4316-af43-30866b2c8bfc|rpc:10.1.0.14:36389|priority:0|startupRole:FOLLOWER, 6eec9aac-ee1b-4e1e-837d-d3cab734710b|rpc:10.1.0.14:33309|priority:0|startupRole:FOLLOWER]|listeners:[], old=null
2022-12-08 07:06:15,380 [pool-163-thread-1] INFO  server.RaftServer$Division (RaftServerImpl.java:setRole(321)) - 6eec9aac-ee1b-4e1e-837d-d3cab734710b@group-A8A841CF23D2: changes role from      null to FOLLOWER at term 0 for startAsFollower
2022-12-08 07:06:15,380 [pool-163-thread-1] INFO  impl.RoleInfo (RoleInfo.java:updateAndGet(139)) - 6eec9aac-ee1b-4e1e-837d-d3cab734710b: start 6eec9aac-ee1b-4e1e-837d-d3cab734710b@group-A8A841CF23D2-FollowerState
2022-12-08 07:06:15,381 [pool-163-thread-1] INFO  util.JmxRegister (JmxRegister.java:tryRegister(44)) - Successfully registered JMX Bean with object name Ratis:service=RaftServer,group=group-A8A841CF23D2,id=6eec9aac-ee1b-4e1e-837d-d3cab734710b
2022-12-08 07:06:15,381 [pool-163-thread-1] INFO  server.RaftServerConfigKeys (ConfUtils.java:logGet(46)) - raft.server.snapshot.auto.trigger.enabled = true (custom)
2022-12-08 07:06:15,381 [pool-163-thread-1] INFO  server.RaftServerConfigKeys (ConfUtils.java:logGet(46)) - raft.server.snapshot.auto.trigger.threshold = 10000 (custom)
2022-12-08 07:06:15,381 [pool-163-thread-1] INFO  server.RaftServerConfigKeys (ConfUtils.java:logGet(46)) - raft.server.snapshot.retention.file.num = 5 (custom)
2022-12-08 07:06:15,382 [pool-163-thread-1] INFO  server.RaftServerConfigKeys (ConfUtils.java:logGet(46)) - raft.server.log.purge.upto.snapshot.index = false (default)
2022-12-08 07:06:15,383 [6eec9aac-ee1b-4e1e-837d-d3cab734710b@group-A8A841CF23D2-FollowerState] INFO  server.RaftServerConfigKeys (ConfUtils.java:logFallback(53)) - raft.server.rpc.first-election.timeout.min = 5s (fallback to raft.server.rpc.timeout.min)
2022-12-08 07:06:15,383 [6eec9aac-ee1b-4e1e-837d-d3cab734710b@group-A8A841CF23D2-FollowerState] INFO  server.RaftServerConfigKeys (ConfUtils.java:logFallback(53)) - raft.server.rpc.first-election.timeout.max = 5200ms (fallback to raft.server.rpc.timeout.max)
2022-12-08 07:06:15,390 [Command processor thread] INFO  ratis.XceiverServerRatis (XceiverServerRatis.java:addGroup(765)) - Created group PipelineID=5859235e-1a5a-4985-b851-a8a841cf23d2
2022-12-08 07:06:15,440 [Command processor thread] INFO  commandhandler.CreatePipelineCommandHandler (CreatePipelineCommandHandler.java:handle(113)) - Created Pipeline RATIS THREE PipelineID=5859235e-1a5a-4985-b851-a8a841cf23d2.
2022-12-08 07:06:15,480 [Command processor thread] INFO  commandhandler.CreatePipelineCommandHandler (CreatePipelineCommandHandler.java:handle(113)) - Created Pipeline RATIS THREE PipelineID=5859235e-1a5a-4985-b851-a8a841cf23d2.
2022-12-08 07:06:15,679 [Command processor thread] INFO  server.RaftServer (RaftServerProxy.java:addNew(96)) - aa703a63-3c65-4215-94e9-ba864e506dd9: addNew group-C19893A30753:[aa703a63-3c65-4215-94e9-ba864e506dd9|rpc:10.1.0.14:39791|priority:1|startupRole:FOLLOWER] returns group-C19893A30753:java.util.concurrent.CompletableFuture@790a8375[Not completed]
2022-12-08 07:06:15,683 [pool-190-thread-1] INFO  server.RaftServer$Division (RaftServerImpl.java:<init>(195)) - aa703a63-3c65-4215-94e9-ba864e506dd9: new RaftServerImpl for group-C19893A30753:[aa703a63-3c65-4215-94e9-ba864e506dd9|rpc:10.1.0.14:39791|priority:1|startupRole:FOLLOWER] with ContainerStateMachine:uninitialized
2022-12-08 07:06:15,683 [pool-190-thread-1] INFO  server.RaftServerConfigKeys (ConfUtils.java:logGet(46)) - raft.server.rpc.timeout.min = 5s (custom)
2022-12-08 07:06:15,683 [pool-190-thread-1] INFO  server.RaftServerConfigKeys (ConfUtils.java:logGet(46)) - raft.server.rpc.timeout.max = 5200ms (custom)
2022-12-08 07:06:15,683 [pool-190-thread-1] INFO  server.RaftServerConfigKeys (ConfUtils.java:logGet(46)) - raft.server.rpc.sleep.time = 25ms (default)
2022-12-08 07:06:15,683 [pool-190-thread-1] INFO  server.RaftServerConfigKeys (ConfUtils.java:logGet(46)) - raft.server.rpc.slowness.timeout = 300s (custom)
2022-12-08 07:06:15,683 [pool-190-thread-1] INFO  server.RaftServerConfigKeys (ConfUtils.java:logGet(46)) - raft.server.leaderelection.leader.step-down.wait-time = 10s (default)
2022-12-08 07:06:15,683 [pool-190-thread-1] INFO  server.RaftServerConfigKeys (ConfUtils.java:logGet(46)) - raft.server.sleep.deviation.threshold = 300ms (default)
2022-12-08 07:06:15,683 [pool-190-thread-1] INFO  server.RaftServer$Division (ServerState.java:<init>(118)) - aa703a63-3c65-4215-94e9-ba864e506dd9@group-C19893A30753: ConfigurationManager, init=-1: peers:[aa703a63-3c65-4215-94e9-ba864e506dd9|rpc:10.1.0.14:39791|priority:1|startupRole:FOLLOWER]|listeners:[], old=null, confs=<EMPTY_MAP>
2022-12-08 07:06:15,684 [pool-190-thread-1] INFO  server.RaftServerConfigKeys (ConfUtils.java:logGet(46)) - raft.server.storage.dir = [/home/runner/work/ozone/ozone/hadoop-ozone/integration-test/target/test-dir/MiniOzoneClusterImpl-3253a570-fb02-4895-b12a-309bd2ff2d50/datanode-5/data/ratis] (custom)
2022-12-08 07:06:15,684 [pool-190-thread-1] INFO  server.RaftServerConfigKeys (ConfUtils.java:logGet(46)) - raft.server.log.corruption.policy = EXCEPTION (default)
2022-12-08 07:06:15,684 [pool-190-thread-1] INFO  server.RaftServerConfigKeys (ConfUtils.java:logGet(46)) - raft.server.storage.free-space.min = 0MB (=0) (default)
2022-12-08 07:06:15,684 [pool-190-thread-1] INFO  server.RaftServerConfigKeys (ConfUtils.java:logGet(46)) - raft.server.notification.no-leader.timeout = 300s (custom)
2022-12-08 07:06:15,684 [pool-190-thread-1] INFO  server.RaftServerConfigKeys (ConfUtils.java:logGet(46)) - raft.server.retrycache.expirytime = 600000ms (custom)
2022-12-08 07:06:15,684 [pool-190-thread-1] INFO  server.RaftServerConfigKeys (ConfUtils.java:logGet(46)) - raft.server.retrycache.statistics.expirytime = 100μs (default)
2022-12-08 07:06:15,686 [pool-190-thread-1] INFO  server.RaftServerConfigKeys (ConfUtils.java:logGet(46)) - raft.server.log.appender.install.snapshot.enabled = false (custom)
2022-12-08 07:06:15,686 [pool-190-thread-1] INFO  server.RaftServerConfigKeys (ConfUtils.java:logGet(46)) - raft.server.threadpool.server.cached = true (default)
2022-12-08 07:06:15,686 [pool-190-thread-1] INFO  server.RaftServerConfigKeys (ConfUtils.java:logGet(46)) - raft.server.threadpool.server.size = 0 (default)
2022-12-08 07:06:15,687 [pool-190-thread-1] INFO  server.RaftServerConfigKeys (ConfUtils.java:logGet(46)) - raft.server.threadpool.client.cached = true (default)
2022-12-08 07:06:15,687 [pool-190-thread-1] INFO  server.RaftServerConfigKeys (ConfUtils.java:logGet(46)) - raft.server.threadpool.client.size = 0 (default)
2022-12-08 07:06:15,688 [pool-190-thread-1] INFO  storage.RaftStorageDirectory (RaftStorageDirectoryImpl.java:analyzeStorage(137)) - The storage directory /home/runner/work/ozone/ozone/hadoop-ozone/integration-test/target/test-dir/MiniOzoneClusterImpl-3253a570-fb02-4895-b12a-309bd2ff2d50/datanode-5/data/ratis/bd0ae4a8-76e8-4937-b5e0-c19893a30753 does not exist. Creating ...
2022-12-08 07:06:15,690 [pool-190-thread-1] INFO  storage.RaftStorageDirectory (RaftStorageDirectoryImpl.java:tryLock(231)) - Lock on /home/runner/work/ozone/ozone/hadoop-ozone/integration-test/target/test-dir/MiniOzoneClusterImpl-3253a570-fb02-4895-b12a-309bd2ff2d50/datanode-5/data/ratis/bd0ae4a8-76e8-4937-b5e0-c19893a30753/in_use.lock acquired by nodename 50697@fv-az165-805
2022-12-08 07:06:15,692 [pool-190-thread-1] INFO  storage.RaftStorage (RaftStorageImpl.java:format(96)) - Storage directory /home/runner/work/ozone/ozone/hadoop-ozone/integration-test/target/test-dir/MiniOzoneClusterImpl-3253a570-fb02-4895-b12a-309bd2ff2d50/datanode-5/data/ratis/bd0ae4a8-76e8-4937-b5e0-c19893a30753 has been successfully formatted.
2022-12-08 07:06:15,696 [pool-190-thread-1] INFO  ratis.ContainerStateMachine (ContainerStateMachine.java:loadSnapshot(236)) - group-C19893A30753: The snapshot info is null. Setting the last applied indexto:(t:0, i:~)
2022-12-08 07:06:15,696 [pool-190-thread-1] INFO  server.RaftServerConfigKeys (ConfUtils.java:logGet(46)) - raft.server.log.use.memory = false (default)
2022-12-08 07:06:15,697 [pool-190-thread-1] INFO  server.RaftServerConfigKeys (ConfUtils.java:logGet(46)) - raft.server.log.purge.gap = 1000000 (custom)
2022-12-08 07:06:15,697 [pool-190-thread-1] INFO  server.RaftServerConfigKeys (ConfUtils.java:logGet(46)) - raft.server.log.appender.buffer.byte-limit = 33554432 (custom)
2022-12-08 07:06:15,697 [EventQueue-CommandQueueReportForCommandQueueReportHandler] WARN  events.EventQueue (EventQueue.java:fireEvent(216)) - No event handler registered for event TypedEvent{payloadType=DatanodeDetails, name='Datanode_Command_Queue_Updated'}
2022-12-08 07:06:15,698 [pool-190-thread-1] INFO  server.RaftServerConfigKeys (ConfUtils.java:logGet(46)) - raft.server.log.statemachine.data.read.timeout = 1000ms (default)
2022-12-08 07:06:15,698 [EventQueue-PipelineReportForPipelineReportHandler] INFO  pipeline.PipelineManagerImpl (PipelineManagerImpl.java:openPipeline(367)) - Pipeline Pipeline[ Id: bd0ae4a8-76e8-4937-b5e0-c19893a30753, Nodes: aa703a63-3c65-4215-94e9-ba864e506dd9{ip: 10.1.0.14, host: fv-az165-805.wtg55dazuvhetdvd2gpth4ys5d.dx.internal.cloudapp.net, ports: [REPLICATION=38971, RATIS=39791, RATIS_ADMIN=39791, RATIS_SERVER=39791, STANDALONE=40597], networkLocation: /default-rack, certSerialId: null, persistedOpState: IN_SERVICE, persistedOpStateExpiryEpochSec: 0}, ReplicationConfig: RATIS/ONE, State:ALLOCATED, leaderId:aa703a63-3c65-4215-94e9-ba864e506dd9, CreationTimestamp2022-12-08T07:06:12.686Z[Etc/UTC]] moved to OPEN state
2022-12-08 07:06:15,698 [pool-190-thread-1] INFO  server.RaftServerConfigKeys (ConfUtils.java:logGet(46)) - raft.server.log.purge.preservation.log.num = 0 (default)
2022-12-08 07:06:15,698 [pool-190-thread-1] INFO  server.RaftServerConfigKeys (ConfUtils.java:logGet(46)) - raft.server.log.segment.size.max = 1048576 (custom)
2022-12-08 07:06:15,698 [EventQueue-OpenPipelineForHealthyPipelineSafeModeRule] INFO  safemode.SCMSafeModeManager (HealthyPipelineSafeModeRule.java:process(137)) - SCM in safe mode. Healthy pipelines reported count is 0, required healthy pipeline reported count is 1
2022-12-08 07:06:15,701 [pool-190-thread-1] INFO  server.RaftServerConfigKeys (ConfUtils.java:logGet(46)) - raft.server.log.segment.cache.num.max = 2 (custom)
2022-12-08 07:06:15,701 [pool-190-thread-1] INFO  server.RaftServerConfigKeys (ConfUtils.java:logGet(46)) - raft.server.log.segment.cache.size.max = 200MB (=209715200) (default)
2022-12-08 07:06:15,702 [pool-190-thread-1] INFO  segmented.SegmentedRaftLogWorker (SegmentedRaftLogWorker.java:<init>(189)) - new aa703a63-3c65-4215-94e9-ba864e506dd9@group-C19893A30753-SegmentedRaftLogWorker for RaftStorageImpl:Storage Directory /home/runner/work/ozone/ozone/hadoop-ozone/integration-test/target/test-dir/MiniOzoneClusterImpl-3253a570-fb02-4895-b12a-309bd2ff2d50/datanode-5/data/ratis/bd0ae4a8-76e8-4937-b5e0-c19893a30753
2022-12-08 07:06:15,702 [pool-190-thread-1] INFO  server.RaftServerConfigKeys (ConfUtils.java:logGet(46)) - raft.server.log.queue.byte-limit = 4294967296 (custom)
2022-12-08 07:06:15,702 [pool-190-thread-1] INFO  server.RaftServerConfigKeys (ConfUtils.java:logGet(46)) - raft.server.log.queue.element-limit = 1024 (custom)
2022-12-08 07:06:15,702 [pool-190-thread-1] INFO  server.RaftServerConfigKeys (ConfUtils.java:logGet(46)) - raft.server.log.segment.size.max = 1048576 (custom)
2022-12-08 07:06:15,702 [pool-190-thread-1] INFO  server.RaftServerConfigKeys (ConfUtils.java:logGet(46)) - raft.server.log.preallocated.size = 16384 (custom)
2022-12-08 07:06:15,703 [pool-190-thread-1] INFO  server.RaftServerConfigKeys (ConfUtils.java:logGet(46)) - raft.server.log.force.sync.num = 128 (default)
2022-12-08 07:06:15,703 [pool-190-thread-1] INFO  server.RaftServerConfigKeys (ConfUtils.java:logGet(46)) - raft.server.log.statemachine.data.sync = true (default)
2022-12-08 07:06:15,703 [pool-190-thread-1] INFO  server.RaftServerConfigKeys (ConfUtils.java:logGet(46)) - raft.server.log.statemachine.data.sync.timeout = 10s (default)
2022-12-08 07:06:15,704 [pool-190-thread-1] INFO  server.RaftServerConfigKeys (ConfUtils.java:logGet(46)) - raft.server.log.statemachine.data.sync.timeout.retry = -1 (default)
2022-12-08 07:06:15,709 [pool-190-thread-1] INFO  server.RaftServerConfigKeys (ConfUtils.java:logGet(46)) - raft.server.log.write.buffer.size = 1048576 (custom)
2022-12-08 07:06:15,712 [pool-190-thread-1] INFO  server.RaftServerConfigKeys (ConfUtils.java:logGet(46)) - raft.server.log.appender.buffer.byte-limit = 33554432 (custom)
2022-12-08 07:06:15,726 [pool-190-thread-1] INFO  server.RaftServerConfigKeys (ConfUtils.java:logGet(46)) - raft.server.log.unsafe-flush.enabled = false (default)
2022-12-08 07:06:15,726 [pool-190-thread-1] INFO  server.RaftServerConfigKeys (ConfUtils.java:logGet(46)) - raft.server.log.async-flush.enabled = false (default)
2022-12-08 07:06:15,726 [pool-190-thread-1] INFO  server.RaftServerConfigKeys (ConfUtils.java:logGet(46)) - raft.server.log.statemachine.data.caching.enabled = true (custom)
2022-12-08 07:06:15,727 [pool-190-thread-1] INFO  segmented.SegmentedRaftLogWorker (SegmentedRaftLogWorker.java:lambda$new$0(135)) - aa703a63-3c65-4215-94e9-ba864e506dd9@group-C19893A30753-SegmentedRaftLogWorker: flushIndex: setUnconditionally 0 -> -1
2022-12-08 07:06:15,727 [pool-190-thread-1] INFO  segmented.SegmentedRaftLogWorker (SegmentedRaftLogWorker.java:lambda$new$0(135)) - aa703a63-3c65-4215-94e9-ba864e506dd9@group-C19893A30753-SegmentedRaftLogWorker: safeCacheEvictIndex: setUnconditionally 0 -> -1
2022-12-08 07:06:15,727 [pool-190-thread-1] INFO  server.RaftServer$Division (RaftServerImpl.java:start(334)) - aa703a63-3c65-4215-94e9-ba864e506dd9@group-C19893A30753: start as a follower, conf=-1: peers:[aa703a63-3c65-4215-94e9-ba864e506dd9|rpc:10.1.0.14:39791|priority:1|startupRole:FOLLOWER]|listeners:[], old=null
2022-12-08 07:06:15,728 [pool-190-thread-1] INFO  server.RaftServer$Division (RaftServerImpl.java:setRole(321)) - aa703a63-3c65-4215-94e9-ba864e506dd9@group-C19893A30753: changes role from      null to FOLLOWER at term 0 for startAsFollower
2022-12-08 07:06:15,728 [pool-190-thread-1] INFO  impl.RoleInfo (RoleInfo.java:updateAndGet(139)) - aa703a63-3c65-4215-94e9-ba864e506dd9: start aa703a63-3c65-4215-94e9-ba864e506dd9@group-C19893A30753-FollowerState
2022-12-08 07:06:15,728 [pool-190-thread-1] INFO  util.JmxRegister (JmxRegister.java:tryRegister(44)) - Successfully registered JMX Bean with object name Ratis:service=RaftServer,group=group-C19893A30753,id=aa703a63-3c65-4215-94e9-ba864e506dd9
2022-12-08 07:06:15,728 [aa703a63-3c65-4215-94e9-ba864e506dd9@group-C19893A30753-FollowerState] INFO  server.RaftServerConfigKeys (ConfUtils.java:logFallback(53)) - raft.server.rpc.first-election.timeout.min = 5s (fallback to raft.server.rpc.timeout.min)
2022-12-08 07:06:15,729 [aa703a63-3c65-4215-94e9-ba864e506dd9@group-C19893A30753-FollowerState] INFO  server.RaftServerConfigKeys (ConfUtils.java:logFallback(53)) - raft.server.rpc.first-election.timeout.max = 5200ms (fallback to raft.server.rpc.timeout.max)
2022-12-08 07:06:15,729 [pool-190-thread-1] INFO  server.RaftServerConfigKeys (ConfUtils.java:logGet(46)) - raft.server.snapshot.auto.trigger.enabled = true (custom)
2022-12-08 07:06:15,729 [pool-190-thread-1] INFO  server.RaftServerConfigKeys (ConfUtils.java:logGet(46)) - raft.server.snapshot.auto.trigger.threshold = 10000 (custom)
2022-12-08 07:06:15,729 [pool-190-thread-1] INFO  server.RaftServerConfigKeys (ConfUtils.java:logGet(46)) - raft.server.snapshot.retention.file.num = 5 (custom)
2022-12-08 07:06:15,729 [pool-190-thread-1] INFO  server.RaftServerConfigKeys (ConfUtils.java:logGet(46)) - raft.server.log.purge.upto.snapshot.index = false (default)
2022-12-08 07:06:15,731 [Command processor thread] INFO  ratis.XceiverServerRatis (XceiverServerRatis.java:addGroup(765)) - Created group PipelineID=bd0ae4a8-76e8-4937-b5e0-c19893a30753
2022-12-08 07:06:15,731 [Command processor thread] INFO  commandhandler.CreatePipelineCommandHandler (CreatePipelineCommandHandler.java:handle(113)) - Created Pipeline RATIS ONE PipelineID=bd0ae4a8-76e8-4937-b5e0-c19893a30753.
2022-12-08 07:06:15,791 [EventQueue-CommandQueueReportForCommandQueueReportHandler] WARN  events.EventQueue (EventQueue.java:fireEvent(216)) - No event handler registered for event TypedEvent{payloadType=DatanodeDetails, name='Datanode_Command_Queue_Updated'}
2022-12-08 07:06:15,792 [EventQueue-OpenPipelineForHealthyPipelineSafeModeRule] INFO  safemode.SCMSafeModeManager (HealthyPipelineSafeModeRule.java:process(137)) - SCM in safe mode. Healthy pipelines reported count is 0, required healthy pipeline reported count is 1
2022-12-08 07:06:15,800 [EventQueue-OpenPipelineForHealthyPipelineSafeModeRule] INFO  safemode.SCMSafeModeManager (HealthyPipelineSafeModeRule.java:process(137)) - SCM in safe mode. Healthy pipelines reported count is 0, required healthy pipeline reported count is 1
2022-12-08 07:06:15,801 [EventQueue-CommandQueueReportForCommandQueueReportHandler] WARN  events.EventQueue (EventQueue.java:fireEvent(216)) - No event handler registered for event TypedEvent{payloadType=DatanodeDetails, name='Datanode_Command_Queue_Updated'}
2022-12-08 07:06:16,223 [Command processor thread] INFO  server.RaftServer (RaftServerProxy.java:addNew(96)) - f4ffb4f0-97dc-4c31-9ebf-2914332a538f: addNew group-FEE113336341:[f4ffb4f0-97dc-4c31-9ebf-2914332a538f|rpc:10.1.0.14:34119|priority:1|startupRole:FOLLOWER] returns group-FEE113336341:java.util.concurrent.CompletableFuture@1a60b291[Not completed]
2022-12-08 07:06:16,225 [pool-217-thread-1] INFO  server.RaftServer$Division (RaftServerImpl.java:<init>(195)) - f4ffb4f0-97dc-4c31-9ebf-2914332a538f: new RaftServerImpl for group-FEE113336341:[f4ffb4f0-97dc-4c31-9ebf-2914332a538f|rpc:10.1.0.14:34119|priority:1|startupRole:FOLLOWER] with ContainerStateMachine:uninitialized
2022-12-08 07:06:16,225 [pool-217-thread-1] INFO  server.RaftServerConfigKeys (ConfUtils.java:logGet(46)) - raft.server.rpc.timeout.min = 5s (custom)
2022-12-08 07:06:16,225 [pool-217-thread-1] INFO  server.RaftServerConfigKeys (ConfUtils.java:logGet(46)) - raft.server.rpc.timeout.max = 5200ms (custom)
2022-12-08 07:06:16,225 [pool-217-thread-1] INFO  server.RaftServerConfigKeys (ConfUtils.java:logGet(46)) - raft.server.rpc.sleep.time = 25ms (default)
2022-12-08 07:06:16,225 [pool-217-thread-1] INFO  server.RaftServerConfigKeys (ConfUtils.java:logGet(46)) - raft.server.rpc.slowness.timeout = 300s (custom)
2022-12-08 07:06:16,225 [pool-217-thread-1] INFO  server.RaftServerConfigKeys (ConfUtils.java:logGet(46)) - raft.server.leaderelection.leader.step-down.wait-time = 10s (default)
2022-12-08 07:06:16,226 [pool-217-thread-1] INFO  server.RaftServerConfigKeys (ConfUtils.java:logGet(46)) - raft.server.sleep.deviation.threshold = 300ms (default)
2022-12-08 07:06:16,226 [pool-217-thread-1] INFO  server.RaftServer$Division (ServerState.java:<init>(118)) - f4ffb4f0-97dc-4c31-9ebf-2914332a538f@group-FEE113336341: ConfigurationManager, init=-1: peers:[f4ffb4f0-97dc-4c31-9ebf-2914332a538f|rpc:10.1.0.14:34119|priority:1|startupRole:FOLLOWER]|listeners:[], old=null, confs=<EMPTY_MAP>
2022-12-08 07:06:16,226 [pool-217-thread-1] INFO  server.RaftServerConfigKeys (ConfUtils.java:logGet(46)) - raft.server.storage.dir = [/home/runner/work/ozone/ozone/hadoop-ozone/integration-test/target/test-dir/MiniOzoneClusterImpl-3253a570-fb02-4895-b12a-309bd2ff2d50/datanode-6/data/ratis] (custom)
2022-12-08 07:06:16,226 [pool-217-thread-1] INFO  server.RaftServerConfigKeys (ConfUtils.java:logGet(46)) - raft.server.log.corruption.policy = EXCEPTION (default)
2022-12-08 07:06:16,226 [pool-217-thread-1] INFO  server.RaftServerConfigKeys (ConfUtils.java:logGet(46)) - raft.server.storage.free-space.min = 0MB (=0) (default)
2022-12-08 07:06:16,227 [pool-217-thread-1] INFO  server.RaftServerConfigKeys (ConfUtils.java:logGet(46)) - raft.server.notification.no-leader.timeout = 300s (custom)
2022-12-08 07:06:16,228 [pool-217-thread-1] INFO  server.RaftServerConfigKeys (ConfUtils.java:logGet(46)) - raft.server.retrycache.expirytime = 600000ms (custom)
2022-12-08 07:06:16,228 [pool-217-thread-1] INFO  server.RaftServerConfigKeys (ConfUtils.java:logGet(46)) - raft.server.retrycache.statistics.expirytime = 100μs (default)
2022-12-08 07:06:16,228 [EventQueue-CommandQueueReportForCommandQueueReportHandler] WARN  events.EventQueue (EventQueue.java:fireEvent(216)) - No event handler registered for event TypedEvent{payloadType=DatanodeDetails, name='Datanode_Command_Queue_Updated'}
2022-12-08 07:06:16,232 [pool-217-thread-1] INFO  server.RaftServerConfigKeys (ConfUtils.java:logGet(46)) - raft.server.log.appender.install.snapshot.enabled = false (custom)
2022-12-08 07:06:16,232 [Listener at 127.0.0.1/32903] INFO  ozone.MiniOzoneClusterImpl (MiniOzoneClusterImpl.java:lambda$waitForClusterToBeReady$0(216)) - Nodes are ready. Got 7 of 7 DN Heartbeats.
2022-12-08 07:06:16,232 [Listener at 127.0.0.1/32903] INFO  ozone.MiniOzoneClusterImpl (MiniOzoneClusterImpl.java:lambda$waitForClusterToBeReady$0(219)) - Waiting for cluster to exit safe mode
2022-12-08 07:06:16,232 [Listener at 127.0.0.1/32903] INFO  ozone.MiniOzoneClusterImpl (MiniOzoneClusterImpl.java:lambda$waitForClusterToBeReady$0(221)) - SCM became leader
2022-12-08 07:06:16,232 [pool-217-thread-1] INFO  server.RaftServerConfigKeys (ConfUtils.java:logGet(46)) - raft.server.threadpool.server.cached = true (default)
2022-12-08 07:06:16,235 [EventQueue-OpenPipelineForHealthyPipelineSafeModeRule] INFO  safemode.SCMSafeModeManager (HealthyPipelineSafeModeRule.java:process(137)) - SCM in safe mode. Healthy pipelines reported count is 0, required healthy pipeline reported count is 1
2022-12-08 07:06:16,235 [EventQueue-CommandQueueReportForCommandQueueReportHandler] WARN  events.EventQueue (EventQueue.java:fireEvent(216)) - No event handler registered for event TypedEvent{payloadType=DatanodeDetails, name='Datanode_Command_Queue_Updated'}
2022-12-08 07:06:16,235 [pool-217-thread-1] INFO  server.RaftServerConfigKeys (ConfUtils.java:logGet(46)) - raft.server.threadpool.server.size = 0 (default)
2022-12-08 07:06:16,235 [pool-217-thread-1] INFO  server.RaftServerConfigKeys (ConfUtils.java:logGet(46)) - raft.server.threadpool.client.cached = true (default)
2022-12-08 07:06:16,235 [pool-217-thread-1] INFO  server.RaftServerConfigKeys (ConfUtils.java:logGet(46)) - raft.server.threadpool.client.size = 0 (default)
2022-12-08 07:06:16,236 [pool-217-thread-1] INFO  storage.RaftStorageDirectory (RaftStorageDirectoryImpl.java:analyzeStorage(137)) - The storage directory /home/runner/work/ozone/ozone/hadoop-ozone/integration-test/target/test-dir/MiniOzoneClusterImpl-3253a570-fb02-4895-b12a-309bd2ff2d50/datanode-6/data/ratis/58039b8c-a6c7-4215-9bbe-fee113336341 does not exist. Creating ...
2022-12-08 07:06:16,239 [pool-217-thread-1] INFO  storage.RaftStorageDirectory (RaftStorageDirectoryImpl.java:tryLock(231)) - Lock on /home/runner/work/ozone/ozone/hadoop-ozone/integration-test/target/test-dir/MiniOzoneClusterImpl-3253a570-fb02-4895-b12a-309bd2ff2d50/datanode-6/data/ratis/58039b8c-a6c7-4215-9bbe-fee113336341/in_use.lock acquired by nodename 50697@fv-az165-805
2022-12-08 07:06:16,242 [pool-217-thread-1] INFO  storage.RaftStorage (RaftStorageImpl.java:format(96)) - Storage directory /home/runner/work/ozone/ozone/hadoop-ozone/integration-test/target/test-dir/MiniOzoneClusterImpl-3253a570-fb02-4895-b12a-309bd2ff2d50/datanode-6/data/ratis/58039b8c-a6c7-4215-9bbe-fee113336341 has been successfully formatted.
2022-12-08 07:06:16,243 [pool-217-thread-1] INFO  ratis.ContainerStateMachine (ContainerStateMachine.java:loadSnapshot(236)) - group-FEE113336341: The snapshot info is null. Setting the last applied indexto:(t:0, i:~)
2022-12-08 07:06:16,243 [pool-217-thread-1] INFO  server.RaftServerConfigKeys (ConfUtils.java:logGet(46)) - raft.server.log.use.memory = false (default)
2022-12-08 07:06:16,244 [pool-217-thread-1] INFO  server.RaftServerConfigKeys (ConfUtils.java:logGet(46)) - raft.server.log.purge.gap = 1000000 (custom)
2022-12-08 07:06:16,245 [pool-217-thread-1] INFO  server.RaftServerConfigKeys (ConfUtils.java:logGet(46)) - raft.server.log.appender.buffer.byte-limit = 33554432 (custom)
2022-12-08 07:06:16,245 [pool-217-thread-1] INFO  server.RaftServerConfigKeys (ConfUtils.java:logGet(46)) - raft.server.log.statemachine.data.read.timeout = 1000ms (default)
2022-12-08 07:06:16,245 [pool-217-thread-1] INFO  server.RaftServerConfigKeys (ConfUtils.java:logGet(46)) - raft.server.log.purge.preservation.log.num = 0 (default)
2022-12-08 07:06:16,245 [pool-217-thread-1] INFO  server.RaftServerConfigKeys (ConfUtils.java:logGet(46)) - raft.server.log.segment.size.max = 1048576 (custom)
2022-12-08 07:06:16,246 [EventQueue-CommandQueueReportForCommandQueueReportHandler] WARN  events.EventQueue (EventQueue.java:fireEvent(216)) - No event handler registered for event TypedEvent{payloadType=DatanodeDetails, name='Datanode_Command_Queue_Updated'}
2022-12-08 07:06:16,246 [pool-217-thread-1] INFO  server.RaftServerConfigKeys (ConfUtils.java:logGet(46)) - raft.server.log.segment.cache.num.max = 2 (custom)
2022-12-08 07:06:16,246 [pool-217-thread-1] INFO  server.RaftServerConfigKeys (ConfUtils.java:logGet(46)) - raft.server.log.segment.cache.size.max = 200MB (=209715200) (default)
2022-12-08 07:06:16,246 [EventQueue-PipelineReportForPipelineReportHandler] INFO  pipeline.PipelineManagerImpl (PipelineManagerImpl.java:openPipeline(367)) - Pipeline Pipeline[ Id: 58039b8c-a6c7-4215-9bbe-fee113336341, Nodes: f4ffb4f0-97dc-4c31-9ebf-2914332a538f{ip: 10.1.0.14, host: fv-az165-805.wtg55dazuvhetdvd2gpth4ys5d.dx.internal.cloudapp.net, ports: [REPLICATION=33383, RATIS=34119, RATIS_ADMIN=34119, RATIS_SERVER=34119, STANDALONE=42873], networkLocation: /default-rack, certSerialId: null, persistedOpState: IN_SERVICE, persistedOpStateExpiryEpochSec: 0}, ReplicationConfig: RATIS/ONE, State:ALLOCATED, leaderId:f4ffb4f0-97dc-4c31-9ebf-2914332a538f, CreationTimestamp2022-12-08T07:06:13.230Z[Etc/UTC]] moved to OPEN state
2022-12-08 07:06:16,247 [pool-217-thread-1] INFO  segmented.SegmentedRaftLogWorker (SegmentedRaftLogWorker.java:<init>(189)) - new f4ffb4f0-97dc-4c31-9ebf-2914332a538f@group-FEE113336341-SegmentedRaftLogWorker for RaftStorageImpl:Storage Directory /home/runner/work/ozone/ozone/hadoop-ozone/integration-test/target/test-dir/MiniOzoneClusterImpl-3253a570-fb02-4895-b12a-309bd2ff2d50/datanode-6/data/ratis/58039b8c-a6c7-4215-9bbe-fee113336341
2022-12-08 07:06:16,247 [pool-217-thread-1] INFO  server.RaftServerConfigKeys (ConfUtils.java:logGet(46)) - raft.server.log.queue.byte-limit = 4294967296 (custom)
2022-12-08 07:06:16,247 [pool-217-thread-1] INFO  server.RaftServerConfigKeys (ConfUtils.java:logGet(46)) - raft.server.log.queue.element-limit = 1024 (custom)
2022-12-08 07:06:16,247 [pool-217-thread-1] INFO  server.RaftServerConfigKeys (ConfUtils.java:logGet(46)) - raft.server.log.segment.size.max = 1048576 (custom)
2022-12-08 07:06:16,247 [pool-217-thread-1] INFO  server.RaftServerConfigKeys (ConfUtils.java:logGet(46)) - raft.server.log.preallocated.size = 16384 (custom)
2022-12-08 07:06:16,247 [pool-217-thread-1] INFO  server.RaftServerConfigKeys (ConfUtils.java:logGet(46)) - raft.server.log.force.sync.num = 128 (default)
2022-12-08 07:06:16,247 [pool-217-thread-1] INFO  server.RaftServerConfigKeys (ConfUtils.java:logGet(46)) - raft.server.log.statemachine.data.sync = true (default)
2022-12-08 07:06:16,247 [EventQueue-OpenPipelineForHealthyPipelineSafeModeRule] INFO  safemode.SCMSafeModeManager (HealthyPipelineSafeModeRule.java:process(137)) - SCM in safe mode. Healthy pipelines reported count is 0, required healthy pipeline reported count is 1
2022-12-08 07:06:16,256 [pool-217-thread-1] INFO  server.RaftServerConfigKeys (ConfUtils.java:logGet(46)) - raft.server.log.statemachine.data.sync.timeout = 10s (default)
2022-12-08 07:06:16,256 [ReplicationMonitor] INFO  replication.ReplicationManager (ReplicationManager.java:processAll(323)) - Replication Manager is not ready to run until 3000ms after safemode exit
2022-12-08 07:06:16,256 [pool-217-thread-1] INFO  server.RaftServerConfigKeys (ConfUtils.java:logGet(46)) - raft.server.log.statemachine.data.sync.timeout.retry = -1 (default)
2022-12-08 07:06:16,258 [pool-217-thread-1] INFO  server.RaftServerConfigKeys (ConfUtils.java:logGet(46)) - raft.server.log.write.buffer.size = 1048576 (custom)
2022-12-08 07:06:16,261 [pool-217-thread-1] INFO  server.RaftServerConfigKeys (ConfUtils.java:logGet(46)) - raft.server.log.appender.buffer.byte-limit = 33554432 (custom)
2022-12-08 07:06:16,269 [pool-217-thread-1] INFO  server.RaftServerConfigKeys (ConfUtils.java:logGet(46)) - raft.server.log.unsafe-flush.enabled = false (default)
2022-12-08 07:06:16,269 [pool-217-thread-1] INFO  server.RaftServerConfigKeys (ConfUtils.java:logGet(46)) - raft.server.log.async-flush.enabled = false (default)
2022-12-08 07:06:16,269 [pool-217-thread-1] INFO  server.RaftServerConfigKeys (ConfUtils.java:logGet(46)) - raft.server.log.statemachine.data.caching.enabled = true (custom)
2022-12-08 07:06:16,269 [pool-217-thread-1] INFO  segmented.SegmentedRaftLogWorker (SegmentedRaftLogWorker.java:lambda$new$0(135)) - f4ffb4f0-97dc-4c31-9ebf-2914332a538f@group-FEE113336341-SegmentedRaftLogWorker: flushIndex: setUnconditionally 0 -> -1
2022-12-08 07:06:16,269 [pool-217-thread-1] INFO  segmented.SegmentedRaftLogWorker (SegmentedRaftLogWorker.java:lambda$new$0(135)) - f4ffb4f0-97dc-4c31-9ebf-2914332a538f@group-FEE113336341-SegmentedRaftLogWorker: safeCacheEvictIndex: setUnconditionally 0 -> -1
2022-12-08 07:06:16,270 [pool-217-thread-1] INFO  server.RaftServer$Division (RaftServerImpl.java:start(334)) - f4ffb4f0-97dc-4c31-9ebf-2914332a538f@group-FEE113336341: start as a follower, conf=-1: peers:[f4ffb4f0-97dc-4c31-9ebf-2914332a538f|rpc:10.1.0.14:34119|priority:1|startupRole:FOLLOWER]|listeners:[], old=null
2022-12-08 07:06:16,271 [pool-217-thread-1] INFO  server.RaftServer$Division (RaftServerImpl.java:setRole(321)) - f4ffb4f0-97dc-4c31-9ebf-2914332a538f@group-FEE113336341: changes role from      null to FOLLOWER at term 0 for startAsFollower
2022-12-08 07:06:16,271 [pool-217-thread-1] INFO  impl.RoleInfo (RoleInfo.java:updateAndGet(139)) - f4ffb4f0-97dc-4c31-9ebf-2914332a538f: start f4ffb4f0-97dc-4c31-9ebf-2914332a538f@group-FEE113336341-FollowerState
2022-12-08 07:06:16,276 [EventQueue-CommandQueueReportForCommandQueueReportHandler] WARN  events.EventQueue (EventQueue.java:fireEvent(216)) - No event handler registered for event TypedEvent{payloadType=DatanodeDetails, name='Datanode_Command_Queue_Updated'}
2022-12-08 07:06:16,276 [EventQueue-OpenPipelineForHealthyPipelineSafeModeRule] INFO  safemode.SCMSafeModeManager (HealthyPipelineSafeModeRule.java:process(137)) - SCM in safe mode. Healthy pipelines reported count is 0, required healthy pipeline reported count is 1
2022-12-08 07:06:16,282 [pool-217-thread-1] INFO  util.JmxRegister (JmxRegister.java:tryRegister(44)) - Successfully registered JMX Bean with object name Ratis:service=RaftServer,group=group-FEE113336341,id=f4ffb4f0-97dc-4c31-9ebf-2914332a538f
2022-12-08 07:06:16,282 [pool-217-thread-1] INFO  server.RaftServerConfigKeys (ConfUtils.java:logGet(46)) - raft.server.snapshot.auto.trigger.enabled = true (custom)
2022-12-08 07:06:16,283 [pool-217-thread-1] INFO  server.RaftServerConfigKeys (ConfUtils.java:logGet(46)) - raft.server.snapshot.auto.trigger.threshold = 10000 (custom)
2022-12-08 07:06:16,283 [pool-217-thread-1] INFO  server.RaftServerConfigKeys (ConfUtils.java:logGet(46)) - raft.server.snapshot.retention.file.num = 5 (custom)
2022-12-08 07:06:16,283 [pool-217-thread-1] INFO  server.RaftServerConfigKeys (ConfUtils.java:logGet(46)) - raft.server.log.purge.upto.snapshot.index = false (default)
2022-12-08 07:06:16,284 [f4ffb4f0-97dc-4c31-9ebf-2914332a538f@group-FEE113336341-FollowerState] INFO  server.RaftServerConfigKeys (ConfUtils.java:logFallback(53)) - raft.server.rpc.first-election.timeout.min = 5s (fallback to raft.server.rpc.timeout.min)
2022-12-08 07:06:16,284 [f4ffb4f0-97dc-4c31-9ebf-2914332a538f@group-FEE113336341-FollowerState] INFO  server.RaftServerConfigKeys (ConfUtils.java:logFallback(53)) - raft.server.rpc.first-election.timeout.max = 5200ms (fallback to raft.server.rpc.timeout.max)
2022-12-08 07:06:16,287 [Command processor thread] INFO  ratis.XceiverServerRatis (XceiverServerRatis.java:addGroup(765)) - Created group PipelineID=58039b8c-a6c7-4215-9bbe-fee113336341
2022-12-08 07:06:16,288 [Command processor thread] INFO  commandhandler.CreatePipelineCommandHandler (CreatePipelineCommandHandler.java:handle(113)) - Created Pipeline RATIS ONE PipelineID=58039b8c-a6c7-4215-9bbe-fee113336341.
2022-12-08 07:06:16,359 [EventQueue-CommandQueueReportForCommandQueueReportHandler] WARN  events.EventQueue (EventQueue.java:fireEvent(216)) - No event handler registered for event TypedEvent{payloadType=DatanodeDetails, name='Datanode_Command_Queue_Updated'}
2022-12-08 07:06:16,360 [EventQueue-OpenPipelineForHealthyPipelineSafeModeRule] INFO  safemode.SCMSafeModeManager (HealthyPipelineSafeModeRule.java:process(137)) - SCM in safe mode. Healthy pipelines reported count is 0, required healthy pipeline reported count is 1
2022-12-08 07:06:16,696 [EventQueue-CommandQueueReportForCommandQueueReportHandler] WARN  events.EventQueue (EventQueue.java:fireEvent(216)) - No event handler registered for event TypedEvent{payloadType=DatanodeDetails, name='Datanode_Command_Queue_Updated'}
2022-12-08 07:06:16,792 [EventQueue-CommandQueueReportForCommandQueueReportHandler] WARN  events.EventQueue (EventQueue.java:fireEvent(216)) - No event handler registered for event TypedEvent{payloadType=DatanodeDetails, name='Datanode_Command_Queue_Updated'}
2022-12-08 07:06:16,792 [EventQueue-OpenPipelineForHealthyPipelineSafeModeRule] INFO  safemode.SCMSafeModeManager (HealthyPipelineSafeModeRule.java:process(137)) - SCM in safe mode. Healthy pipelines reported count is 0, required healthy pipeline reported count is 1
2022-12-08 07:06:16,799 [EventQueue-OpenPipelineForHealthyPipelineSafeModeRule] INFO  safemode.SCMSafeModeManager (HealthyPipelineSafeModeRule.java:process(137)) - SCM in safe mode. Healthy pipelines reported count is 0, required healthy pipeline reported count is 1
2022-12-08 07:06:16,799 [EventQueue-CommandQueueReportForCommandQueueReportHandler] WARN  events.EventQueue (EventQueue.java:fireEvent(216)) - No event handler registered for event TypedEvent{payloadType=DatanodeDetails, name='Datanode_Command_Queue_Updated'}
2022-12-08 07:06:17,229 [EventQueue-CommandQueueReportForCommandQueueReportHandler] WARN  events.EventQueue (EventQueue.java:fireEvent(216)) - No event handler registered for event TypedEvent{payloadType=DatanodeDetails, name='Datanode_Command_Queue_Updated'}
2022-12-08 07:06:17,232 [Listener at 127.0.0.1/32903] INFO  ozone.MiniOzoneClusterImpl (MiniOzoneClusterImpl.java:lambda$waitForClusterToBeReady$0(216)) - Nodes are ready. Got 7 of 7 DN Heartbeats.
2022-12-08 07:06:17,232 [Listener at 127.0.0.1/32903] INFO  ozone.MiniOzoneClusterImpl (MiniOzoneClusterImpl.java:lambda$waitForClusterToBeReady$0(219)) - Waiting for cluster to exit safe mode
2022-12-08 07:06:17,232 [Listener at 127.0.0.1/32903] INFO  ozone.MiniOzoneClusterImpl (MiniOzoneClusterImpl.java:lambda$waitForClusterToBeReady$0(221)) - SCM became leader
2022-12-08 07:06:17,245 [EventQueue-CommandQueueReportForCommandQueueReportHandler] WARN  events.EventQueue (EventQueue.java:fireEvent(216)) - No event handler registered for event TypedEvent{payloadType=DatanodeDetails, name='Datanode_Command_Queue_Updated'}
2022-12-08 07:06:17,246 [EventQueue-OpenPipelineForHealthyPipelineSafeModeRule] INFO  safemode.SCMSafeModeManager (HealthyPipelineSafeModeRule.java:process(137)) - SCM in safe mode. Healthy pipelines reported count is 0, required healthy pipeline reported count is 1
2022-12-08 07:06:17,256 [ReplicationMonitor] INFO  replication.ReplicationManager (ReplicationManager.java:processAll(323)) - Replication Manager is not ready to run until 3000ms after safemode exit
2022-12-08 07:06:17,278 [EventQueue-CommandQueueReportForCommandQueueReportHandler] WARN  events.EventQueue (EventQueue.java:fireEvent(216)) - No event handler registered for event TypedEvent{payloadType=DatanodeDetails, name='Datanode_Command_Queue_Updated'}
2022-12-08 07:06:17,279 [EventQueue-OpenPipelineForHealthyPipelineSafeModeRule] INFO  safemode.SCMSafeModeManager (HealthyPipelineSafeModeRule.java:process(137)) - SCM in safe mode. Healthy pipelines reported count is 0, required healthy pipeline reported count is 1
2022-12-08 07:06:17,365 [EventQueue-CommandQueueReportForCommandQueueReportHandler] WARN  events.EventQueue (EventQueue.java:fireEvent(216)) - No event handler registered for event TypedEvent{payloadType=DatanodeDetails, name='Datanode_Command_Queue_Updated'}
2022-12-08 07:06:17,696 [EventQueue-CommandQueueReportForCommandQueueReportHandler] WARN  events.EventQueue (EventQueue.java:fireEvent(216)) - No event handler registered for event TypedEvent{payloadType=DatanodeDetails, name='Datanode_Command_Queue_Updated'}
2022-12-08 07:06:17,696 [EventQueue-OpenPipelineForHealthyPipelineSafeModeRule] INFO  safemode.SCMSafeModeManager (HealthyPipelineSafeModeRule.java:process(137)) - SCM in safe mode. Healthy pipelines reported count is 0, required healthy pipeline reported count is 1
2022-12-08 07:06:17,791 [EventQueue-CommandQueueReportForCommandQueueReportHandler] WARN  events.EventQueue (EventQueue.java:fireEvent(216)) - No event handler registered for event TypedEvent{payloadType=DatanodeDetails, name='Datanode_Command_Queue_Updated'}
2022-12-08 07:06:17,791 [EventQueue-OpenPipelineForHealthyPipelineSafeModeRule] INFO  safemode.SCMSafeModeManager (HealthyPipelineSafeModeRule.java:process(137)) - SCM in safe mode. Healthy pipelines reported count is 0, required healthy pipeline reported count is 1
2022-12-08 07:06:17,809 [EventQueue-CommandQueueReportForCommandQueueReportHandler] WARN  events.EventQueue (EventQueue.java:fireEvent(216)) - No event handler registered for event TypedEvent{payloadType=DatanodeDetails, name='Datanode_Command_Queue_Updated'}
2022-12-08 07:06:18,229 [EventQueue-CommandQueueReportForCommandQueueReportHandler] WARN  events.EventQueue (EventQueue.java:fireEvent(216)) - No event handler registered for event TypedEvent{payloadType=DatanodeDetails, name='Datanode_Command_Queue_Updated'}
2022-12-08 07:06:18,230 [EventQueue-OpenPipelineForHealthyPipelineSafeModeRule] INFO  safemode.SCMSafeModeManager (HealthyPipelineSafeModeRule.java:process(137)) - SCM in safe mode. Healthy pipelines reported count is 0, required healthy pipeline reported count is 1
2022-12-08 07:06:18,242 [Listener at 127.0.0.1/32903] INFO  ozone.MiniOzoneClusterImpl (MiniOzoneClusterImpl.java:lambda$waitForClusterToBeReady$0(216)) - Nodes are ready. Got 7 of 7 DN Heartbeats.
2022-12-08 07:06:18,242 [Listener at 127.0.0.1/32903] INFO  ozone.MiniOzoneClusterImpl (MiniOzoneClusterImpl.java:lambda$waitForClusterToBeReady$0(219)) - Waiting for cluster to exit safe mode
2022-12-08 07:06:18,242 [Listener at 127.0.0.1/32903] INFO  ozone.MiniOzoneClusterImpl (MiniOzoneClusterImpl.java:lambda$waitForClusterToBeReady$0(221)) - SCM became leader
2022-12-08 07:06:18,248 [EventQueue-OpenPipelineForHealthyPipelineSafeModeRule] INFO  safemode.SCMSafeModeManager (HealthyPipelineSafeModeRule.java:process(137)) - SCM in safe mode. Healthy pipelines reported count is 0, required healthy pipeline reported count is 1
2022-12-08 07:06:18,249 [EventQueue-CommandQueueReportForCommandQueueReportHandler] WARN  events.EventQueue (EventQueue.java:fireEvent(216)) - No event handler registered for event TypedEvent{payloadType=DatanodeDetails, name='Datanode_Command_Queue_Updated'}
2022-12-08 07:06:18,251 [a323b8f8-7c4d-4fe6-8663-2fcba1e99710@group-2641C3F3AB49-FollowerState] INFO  impl.FollowerState (FollowerState.java:run(143)) - a323b8f8-7c4d-4fe6-8663-2fcba1e99710@group-2641C3F3AB49-FollowerState: change to CANDIDATE, lastRpcElapsedTime:5081060006ns, electionTimeout:5071ms
2022-12-08 07:06:18,252 [a323b8f8-7c4d-4fe6-8663-2fcba1e99710@group-2641C3F3AB49-FollowerState] INFO  impl.RoleInfo (RoleInfo.java:shutdownFollowerState(110)) - a323b8f8-7c4d-4fe6-8663-2fcba1e99710: shutdown a323b8f8-7c4d-4fe6-8663-2fcba1e99710@group-2641C3F3AB49-FollowerState
2022-12-08 07:06:18,252 [a323b8f8-7c4d-4fe6-8663-2fcba1e99710@group-2641C3F3AB49-FollowerState] INFO  server.RaftServer$Division (RaftServerImpl.java:setRole(321)) - a323b8f8-7c4d-4fe6-8663-2fcba1e99710@group-2641C3F3AB49: changes role from  FOLLOWER to CANDIDATE at term 0 for changeToCandidate
2022-12-08 07:06:18,253 [a323b8f8-7c4d-4fe6-8663-2fcba1e99710@group-2641C3F3AB49-FollowerState] INFO  server.RaftServerConfigKeys (ConfUtils.java:logGet(46)) - raft.server.leaderelection.pre-vote = false (custom)
2022-12-08 07:06:18,253 [a323b8f8-7c4d-4fe6-8663-2fcba1e99710@group-2641C3F3AB49-FollowerState] INFO  impl.RoleInfo (RoleInfo.java:updateAndGet(139)) - a323b8f8-7c4d-4fe6-8663-2fcba1e99710: start a323b8f8-7c4d-4fe6-8663-2fcba1e99710@group-2641C3F3AB49-LeaderElection2
2022-12-08 07:06:18,257 [ReplicationMonitor] INFO  replication.ReplicationManager (ReplicationManager.java:processAll(323)) - Replication Manager is not ready to run until 3000ms after safemode exit
2022-12-08 07:06:18,263 [a323b8f8-7c4d-4fe6-8663-2fcba1e99710@group-2641C3F3AB49-LeaderElection2] INFO  impl.LeaderElection (LeaderElection.java:askForVotes(312)) - a323b8f8-7c4d-4fe6-8663-2fcba1e99710@group-2641C3F3AB49-LeaderElection2 ELECTION round 0: submit vote requests at term 1 for -1: peers:[a323b8f8-7c4d-4fe6-8663-2fcba1e99710|rpc:10.1.0.14:38689|priority:1|startupRole:FOLLOWER]|listeners:[], old=null
2022-12-08 07:06:18,263 [a323b8f8-7c4d-4fe6-8663-2fcba1e99710@group-2641C3F3AB49-LeaderElection2] INFO  impl.LeaderElection (LeaderElection.java:askForVotes(314)) - a323b8f8-7c4d-4fe6-8663-2fcba1e99710@group-2641C3F3AB49-LeaderElection2 ELECTION round 0: result PASSED (term=1)
2022-12-08 07:06:18,263 [a323b8f8-7c4d-4fe6-8663-2fcba1e99710@group-2641C3F3AB49-LeaderElection2] INFO  impl.RoleInfo (RoleInfo.java:shutdownLeaderElection(130)) - a323b8f8-7c4d-4fe6-8663-2fcba1e99710: shutdown a323b8f8-7c4d-4fe6-8663-2fcba1e99710@group-2641C3F3AB49-LeaderElection2
2022-12-08 07:06:18,263 [a323b8f8-7c4d-4fe6-8663-2fcba1e99710@group-2641C3F3AB49-LeaderElection2] INFO  server.RaftServer$Division (RaftServerImpl.java:setRole(321)) - a323b8f8-7c4d-4fe6-8663-2fcba1e99710@group-2641C3F3AB49: changes role from CANDIDATE to LEADER at term 1 for changeToLeader
2022-12-08 07:06:18,263 [a323b8f8-7c4d-4fe6-8663-2fcba1e99710@group-2641C3F3AB49-LeaderElection2] INFO  ratis.XceiverServerRatis (XceiverServerRatis.java:handleLeaderChangedNotification(863)) - Leader change notification received for group: group-2641C3F3AB49 with new leaderId: a323b8f8-7c4d-4fe6-8663-2fcba1e99710
2022-12-08 07:06:18,264 [a323b8f8-7c4d-4fe6-8663-2fcba1e99710@group-2641C3F3AB49-LeaderElection2] INFO  server.RaftServer$Division (ServerState.java:setLeader(313)) - a323b8f8-7c4d-4fe6-8663-2fcba1e99710@group-2641C3F3AB49: change Leader from null to a323b8f8-7c4d-4fe6-8663-2fcba1e99710 at term 1 for becomeLeader, leader elected after 5160ms
2022-12-08 07:06:18,264 [a323b8f8-7c4d-4fe6-8663-2fcba1e99710@group-2641C3F3AB49-LeaderElection2] INFO  server.RaftServerConfigKeys (ConfUtils.java:logGet(46)) - raft.server.staging.catchup.gap = 1000 (default)
2022-12-08 07:06:18,265 [a323b8f8-7c4d-4fe6-8663-2fcba1e99710@group-2641C3F3AB49-LeaderElection2] INFO  server.RaftServerConfigKeys (ConfUtils.java:logGet(46)) - raft.server.write.element-limit = 1024 (custom)
2022-12-08 07:06:18,266 [a323b8f8-7c4d-4fe6-8663-2fcba1e99710@group-2641C3F3AB49-LeaderElection2] INFO  server.RaftServerConfigKeys (ConfUtils.java:logGet(46)) - raft.server.write.byte-limit = 1024 M (=1073741824) (custom)
2022-12-08 07:06:18,266 [a323b8f8-7c4d-4fe6-8663-2fcba1e99710@group-2641C3F3AB49-LeaderElection2] INFO  server.RaftServerConfigKeys (ConfUtils.java:logGet(46)) - raft.server.watch.timeout = 180s (custom)
2022-12-08 07:06:18,266 [a323b8f8-7c4d-4fe6-8663-2fcba1e99710@group-2641C3F3AB49-LeaderElection2] INFO  server.RaftServerConfigKeys (ConfUtils.java:logGet(46)) - raft.server.watch.timeout.denomination = 1s (default)
2022-12-08 07:06:18,267 [EventQueue-OpenPipelineForHealthyPipelineSafeModeRule] INFO  safemode.SCMSafeModeManager (HealthyPipelineSafeModeRule.java:process(137)) - SCM in safe mode. Healthy pipelines reported count is 0, required healthy pipeline reported count is 1
2022-12-08 07:06:18,267 [EventQueue-CommandQueueReportForCommandQueueReportHandler] WARN  events.EventQueue (EventQueue.java:fireEvent(216)) - No event handler registered for event TypedEvent{payloadType=DatanodeDetails, name='Datanode_Command_Queue_Updated'}
2022-12-08 07:06:18,268 [a323b8f8-7c4d-4fe6-8663-2fcba1e99710@group-2641C3F3AB49-LeaderElection2] INFO  server.RaftServerConfigKeys (ConfUtils.java:logGet(46)) - raft.server.watch.element-limit = 65536 (default)
2022-12-08 07:06:18,268 [a323b8f8-7c4d-4fe6-8663-2fcba1e99710@group-2641C3F3AB49-LeaderElection2] INFO  server.RaftServerConfigKeys (ConfUtils.java:logGet(46)) - raft.server.write.element-limit = 1024 (custom)
2022-12-08 07:06:18,268 [a323b8f8-7c4d-4fe6-8663-2fcba1e99710@group-2641C3F3AB49-LeaderElection2] INFO  server.RaftServerConfigKeys (ConfUtils.java:logGet(46)) - raft.server.write.follower.gap.ratio.max = -1.0 (default)
2022-12-08 07:06:18,268 [a323b8f8-7c4d-4fe6-8663-2fcba1e99710@group-2641C3F3AB49-LeaderElection2] INFO  impl.RoleInfo (RoleInfo.java:updateAndGet(139)) - a323b8f8-7c4d-4fe6-8663-2fcba1e99710: start a323b8f8-7c4d-4fe6-8663-2fcba1e99710@group-2641C3F3AB49-LeaderStateImpl
2022-12-08 07:06:18,269 [a323b8f8-7c4d-4fe6-8663-2fcba1e99710@group-2641C3F3AB49-LeaderElection2] INFO  segmented.SegmentedRaftLogWorker (SegmentedRaftLogWorker.java:startLogSegment(452)) - a323b8f8-7c4d-4fe6-8663-2fcba1e99710@group-2641C3F3AB49-SegmentedRaftLogWorker: Starting segment from index:0
2022-12-08 07:06:18,271 [a323b8f8-7c4d-4fe6-8663-2fcba1e99710@group-2641C3F3AB49-SegmentedRaftLogWorker] INFO  segmented.SegmentedRaftLogWorker (SegmentedRaftLogWorker.java:execute(656)) - a323b8f8-7c4d-4fe6-8663-2fcba1e99710@group-2641C3F3AB49-SegmentedRaftLogWorker: created new log segment /home/runner/work/ozone/ozone/hadoop-ozone/integration-test/target/test-dir/MiniOzoneClusterImpl-3253a570-fb02-4895-b12a-309bd2ff2d50/datanode-0/data/ratis/1e26e778-9c50-40c4-ba8d-2641c3f3ab49/current/log_inprogress_0
2022-12-08 07:06:18,276 [EventQueue-CommandQueueReportForCommandQueueReportHandler] WARN  events.EventQueue (EventQueue.java:fireEvent(216)) - No event handler registered for event TypedEvent{payloadType=DatanodeDetails, name='Datanode_Command_Queue_Updated'}
2022-12-08 07:06:18,284 [a323b8f8-7c4d-4fe6-8663-2fcba1e99710@group-2641C3F3AB49-LeaderElection2] INFO  server.RaftServer$Division (ServerState.java:setRaftConf(430)) - a323b8f8-7c4d-4fe6-8663-2fcba1e99710@group-2641C3F3AB49: set configuration 0: peers:[a323b8f8-7c4d-4fe6-8663-2fcba1e99710|rpc:10.1.0.14:38689|dataStream:|priority:1|startupRole:FOLLOWER]|listeners:[], old=null
2022-12-08 07:06:18,360 [EventQueue-CommandQueueReportForCommandQueueReportHandler] WARN  events.EventQueue (EventQueue.java:fireEvent(216)) - No event handler registered for event TypedEvent{payloadType=DatanodeDetails, name='Datanode_Command_Queue_Updated'}
2022-12-08 07:06:18,360 [EventQueue-OpenPipelineForHealthyPipelineSafeModeRule] INFO  safemode.SCMSafeModeManager (HealthyPipelineSafeModeRule.java:process(137)) - SCM in safe mode. Healthy pipelines reported count is 0, required healthy pipeline reported count is 1
2022-12-08 07:06:18,367 [a323b8f8-7c4d-4fe6-8663-2fcba1e99710@group-BA3D94F9A8A7-FollowerState] INFO  impl.FollowerState (FollowerState.java:run(143)) - a323b8f8-7c4d-4fe6-8663-2fcba1e99710@group-BA3D94F9A8A7-FollowerState: change to CANDIDATE, lastRpcElapsedTime:5111095750ns, electionTimeout:5096ms
2022-12-08 07:06:18,368 [a323b8f8-7c4d-4fe6-8663-2fcba1e99710@group-BA3D94F9A8A7-FollowerState] INFO  impl.RoleInfo (RoleInfo.java:shutdownFollowerState(110)) - a323b8f8-7c4d-4fe6-8663-2fcba1e99710: shutdown a323b8f8-7c4d-4fe6-8663-2fcba1e99710@group-BA3D94F9A8A7-FollowerState
2022-12-08 07:06:18,369 [a323b8f8-7c4d-4fe6-8663-2fcba1e99710@group-BA3D94F9A8A7-FollowerState] INFO  server.RaftServer$Division (RaftServerImpl.java:setRole(321)) - a323b8f8-7c4d-4fe6-8663-2fcba1e99710@group-BA3D94F9A8A7: changes role from  FOLLOWER to CANDIDATE at term 0 for changeToCandidate
2022-12-08 07:06:18,369 [a323b8f8-7c4d-4fe6-8663-2fcba1e99710@group-BA3D94F9A8A7-FollowerState] INFO  server.RaftServerConfigKeys (ConfUtils.java:logGet(46)) - raft.server.leaderelection.pre-vote = false (custom)
2022-12-08 07:06:18,369 [a323b8f8-7c4d-4fe6-8663-2fcba1e99710@group-BA3D94F9A8A7-FollowerState] INFO  impl.RoleInfo (RoleInfo.java:updateAndGet(139)) - a323b8f8-7c4d-4fe6-8663-2fcba1e99710: start a323b8f8-7c4d-4fe6-8663-2fcba1e99710@group-BA3D94F9A8A7-LeaderElection3
2022-12-08 07:06:18,378 [a323b8f8-7c4d-4fe6-8663-2fcba1e99710@group-BA3D94F9A8A7-LeaderElection3] INFO  impl.LeaderElection (LeaderElection.java:askForVotes(312)) - a323b8f8-7c4d-4fe6-8663-2fcba1e99710@group-BA3D94F9A8A7-LeaderElection3 ELECTION round 0: submit vote requests at term 1 for -1: peers:[624d0ae4-c5c0-4b02-bbde-b37f19cf8f9a|rpc:10.1.0.14:41749|priority:0|startupRole:FOLLOWER, 1fec2e66-b36b-410d-a836-56974e80c6bf|rpc:10.1.0.14:40777|priority:0|startupRole:FOLLOWER, a323b8f8-7c4d-4fe6-8663-2fcba1e99710|rpc:10.1.0.14:38689|priority:1|startupRole:FOLLOWER]|listeners:[], old=null
2022-12-08 07:06:18,385 [a323b8f8-7c4d-4fe6-8663-2fcba1e99710@group-BA3D94F9A8A7-LeaderElection3] INFO  server.RaftServerConfigKeys (ConfUtils.java:logFallback(53)) - raft.server.rpc.first-election.timeout.min = 5s (fallback to raft.server.rpc.timeout.min)
2022-12-08 07:06:18,385 [a323b8f8-7c4d-4fe6-8663-2fcba1e99710@group-BA3D94F9A8A7-LeaderElection3] INFO  server.RaftServerConfigKeys (ConfUtils.java:logFallback(53)) - raft.server.rpc.first-election.timeout.max = 5200ms (fallback to raft.server.rpc.timeout.max)
2022-12-08 07:06:18,386 [a323b8f8-7c4d-4fe6-8663-2fcba1e99710@group-BA3D94F9A8A7-LeaderElection3-1] INFO  server.GrpcServerProtocolClient (GrpcServerProtocolClient.java:<init>(63)) - Build channel for 624d0ae4-c5c0-4b02-bbde-b37f19cf8f9a
2022-12-08 07:06:18,388 [a323b8f8-7c4d-4fe6-8663-2fcba1e99710@group-BA3D94F9A8A7-LeaderElection3-2] INFO  server.GrpcServerProtocolClient (GrpcServerProtocolClient.java:<init>(63)) - Build channel for 1fec2e66-b36b-410d-a836-56974e80c6bf
2022-12-08 07:06:18,431 [grpc-default-executor-0] INFO  server.RaftServer$Division (RaftServerImpl.java:requestVote(1218)) - 1fec2e66-b36b-410d-a836-56974e80c6bf@group-BA3D94F9A8A7: receive requestVote(ELECTION, a323b8f8-7c4d-4fe6-8663-2fcba1e99710, group-BA3D94F9A8A7, 1, (t:0, i:0))
2022-12-08 07:06:18,433 [grpc-default-executor-0] INFO  impl.VoteContext (VoteContext.java:log(49)) - 1fec2e66-b36b-410d-a836-56974e80c6bf@group-BA3D94F9A8A7-FOLLOWER: accept ELECTION from a323b8f8-7c4d-4fe6-8663-2fcba1e99710: our priority 0 <= candidate's priority 1
2022-12-08 07:06:18,434 [grpc-default-executor-0] INFO  server.RaftServer$Division (RaftServerImpl.java:setRole(321)) - 1fec2e66-b36b-410d-a836-56974e80c6bf@group-BA3D94F9A8A7: changes role from  FOLLOWER to FOLLOWER at term 1 for candidate:a323b8f8-7c4d-4fe6-8663-2fcba1e99710
2022-12-08 07:06:18,434 [grpc-default-executor-0] INFO  impl.RoleInfo (RoleInfo.java:shutdownFollowerState(110)) - 1fec2e66-b36b-410d-a836-56974e80c6bf: shutdown 1fec2e66-b36b-410d-a836-56974e80c6bf@group-BA3D94F9A8A7-FollowerState
2022-12-08 07:06:18,435 [1fec2e66-b36b-410d-a836-56974e80c6bf@group-BA3D94F9A8A7-FollowerState] INFO  impl.FollowerState (FollowerState.java:run(152)) - 1fec2e66-b36b-410d-a836-56974e80c6bf@group-BA3D94F9A8A7-FollowerState was interrupted
2022-12-08 07:06:18,436 [grpc-default-executor-0] INFO  impl.RoleInfo (RoleInfo.java:updateAndGet(139)) - 1fec2e66-b36b-410d-a836-56974e80c6bf: start 1fec2e66-b36b-410d-a836-56974e80c6bf@group-BA3D94F9A8A7-FollowerState
2022-12-08 07:06:18,440 [1fec2e66-b36b-410d-a836-56974e80c6bf@group-BA3D94F9A8A7-FollowerState] INFO  server.RaftServerConfigKeys (ConfUtils.java:logFallback(53)) - raft.server.rpc.first-election.timeout.min = 5s (fallback to raft.server.rpc.timeout.min)
2022-12-08 07:06:18,440 [1fec2e66-b36b-410d-a836-56974e80c6bf@group-BA3D94F9A8A7-FollowerState] INFO  server.RaftServerConfigKeys (ConfUtils.java:logFallback(53)) - raft.server.rpc.first-election.timeout.max = 5200ms (fallback to raft.server.rpc.timeout.max)
2022-12-08 07:06:18,442 [grpc-default-executor-1] INFO  server.RaftServer$Division (RaftServerImpl.java:requestVote(1218)) - 624d0ae4-c5c0-4b02-bbde-b37f19cf8f9a@group-BA3D94F9A8A7: receive requestVote(ELECTION, a323b8f8-7c4d-4fe6-8663-2fcba1e99710, group-BA3D94F9A8A7, 1, (t:0, i:0))
2022-12-08 07:06:18,442 [grpc-default-executor-1] INFO  impl.VoteContext (VoteContext.java:log(49)) - 624d0ae4-c5c0-4b02-bbde-b37f19cf8f9a@group-BA3D94F9A8A7-FOLLOWER: accept ELECTION from a323b8f8-7c4d-4fe6-8663-2fcba1e99710: our priority 0 <= candidate's priority 1
2022-12-08 07:06:18,443 [grpc-default-executor-1] INFO  server.RaftServer$Division (RaftServerImpl.java:setRole(321)) - 624d0ae4-c5c0-4b02-bbde-b37f19cf8f9a@group-BA3D94F9A8A7: changes role from  FOLLOWER to FOLLOWER at term 1 for candidate:a323b8f8-7c4d-4fe6-8663-2fcba1e99710
2022-12-08 07:06:18,443 [grpc-default-executor-1] INFO  impl.RoleInfo (RoleInfo.java:shutdownFollowerState(110)) - 624d0ae4-c5c0-4b02-bbde-b37f19cf8f9a: shutdown 624d0ae4-c5c0-4b02-bbde-b37f19cf8f9a@group-BA3D94F9A8A7-FollowerState
2022-12-08 07:06:18,443 [624d0ae4-c5c0-4b02-bbde-b37f19cf8f9a@group-BA3D94F9A8A7-FollowerState] INFO  impl.FollowerState (FollowerState.java:run(152)) - 624d0ae4-c5c0-4b02-bbde-b37f19cf8f9a@group-BA3D94F9A8A7-FollowerState was interrupted
2022-12-08 07:06:18,447 [grpc-default-executor-1] INFO  impl.RoleInfo (RoleInfo.java:updateAndGet(139)) - 624d0ae4-c5c0-4b02-bbde-b37f19cf8f9a: start 624d0ae4-c5c0-4b02-bbde-b37f19cf8f9a@group-BA3D94F9A8A7-FollowerState
2022-12-08 07:06:18,449 [grpc-default-executor-0] INFO  server.RaftServer$Division (RaftServerImpl.java:requestVote(1251)) - 1fec2e66-b36b-410d-a836-56974e80c6bf@group-BA3D94F9A8A7 replies to ELECTION vote request: a323b8f8-7c4d-4fe6-8663-2fcba1e99710<-1fec2e66-b36b-410d-a836-56974e80c6bf#0:OK-t1. Peer's state: 1fec2e66-b36b-410d-a836-56974e80c6bf@group-BA3D94F9A8A7:t1, leader=null, voted=a323b8f8-7c4d-4fe6-8663-2fcba1e99710, raftlog=Memoized:1fec2e66-b36b-410d-a836-56974e80c6bf@group-BA3D94F9A8A7-SegmentedRaftLog:OPENED:c-1, conf=-1: peers:[624d0ae4-c5c0-4b02-bbde-b37f19cf8f9a|rpc:10.1.0.14:41749|priority:0|startupRole:FOLLOWER, 1fec2e66-b36b-410d-a836-56974e80c6bf|rpc:10.1.0.14:40777|priority:0|startupRole:FOLLOWER, a323b8f8-7c4d-4fe6-8663-2fcba1e99710|rpc:10.1.0.14:38689|priority:1|startupRole:FOLLOWER]|listeners:[], old=null
2022-12-08 07:06:18,456 [a323b8f8-7c4d-4fe6-8663-2fcba1e99710@group-BA3D94F9A8A7-LeaderElection3] INFO  impl.LeaderElection (LeaderElection.java:logAndReturn(90)) - a323b8f8-7c4d-4fe6-8663-2fcba1e99710@group-BA3D94F9A8A7-LeaderElection3: ELECTION PASSED received 1 response(s) and 0 exception(s):
2022-12-08 07:06:18,456 [a323b8f8-7c4d-4fe6-8663-2fcba1e99710@group-BA3D94F9A8A7-LeaderElection3] INFO  impl.LeaderElection (LeaderElection.java:logAndReturn(94)) -   Response 0: a323b8f8-7c4d-4fe6-8663-2fcba1e99710<-1fec2e66-b36b-410d-a836-56974e80c6bf#0:OK-t1
2022-12-08 07:06:18,456 [a323b8f8-7c4d-4fe6-8663-2fcba1e99710@group-BA3D94F9A8A7-LeaderElection3] INFO  impl.LeaderElection (LeaderElection.java:askForVotes(314)) - a323b8f8-7c4d-4fe6-8663-2fcba1e99710@group-BA3D94F9A8A7-LeaderElection3 ELECTION round 0: result PASSED
2022-12-08 07:06:18,456 [a323b8f8-7c4d-4fe6-8663-2fcba1e99710@group-BA3D94F9A8A7-LeaderElection3] INFO  impl.RoleInfo (RoleInfo.java:shutdownLeaderElection(130)) - a323b8f8-7c4d-4fe6-8663-2fcba1e99710: shutdown a323b8f8-7c4d-4fe6-8663-2fcba1e99710@group-BA3D94F9A8A7-LeaderElection3
2022-12-08 07:06:18,457 [a323b8f8-7c4d-4fe6-8663-2fcba1e99710@group-BA3D94F9A8A7-LeaderElection3] INFO  server.RaftServer$Division (RaftServerImpl.java:setRole(321)) - a323b8f8-7c4d-4fe6-8663-2fcba1e99710@group-BA3D94F9A8A7: changes role from CANDIDATE to LEADER at term 1 for changeToLeader
2022-12-08 07:06:18,457 [a323b8f8-7c4d-4fe6-8663-2fcba1e99710@group-BA3D94F9A8A7-LeaderElection3] INFO  ratis.XceiverServerRatis (XceiverServerRatis.java:handleLeaderChangedNotification(863)) - Leader change notification received for group: group-BA3D94F9A8A7 with new leaderId: a323b8f8-7c4d-4fe6-8663-2fcba1e99710
2022-12-08 07:06:18,457 [a323b8f8-7c4d-4fe6-8663-2fcba1e99710@group-BA3D94F9A8A7-LeaderElection3] INFO  server.RaftServer$Division (ServerState.java:setLeader(313)) - a323b8f8-7c4d-4fe6-8663-2fcba1e99710@group-BA3D94F9A8A7: change Leader from null to a323b8f8-7c4d-4fe6-8663-2fcba1e99710 at term 1 for becomeLeader, leader elected after 5260ms
2022-12-08 07:06:18,457 [a323b8f8-7c4d-4fe6-8663-2fcba1e99710@group-BA3D94F9A8A7-LeaderElection3] INFO  server.RaftServerConfigKeys (ConfUtils.java:logGet(46)) - raft.server.staging.catchup.gap = 1000 (default)
2022-12-08 07:06:18,459 [624d0ae4-c5c0-4b02-bbde-b37f19cf8f9a@group-BA3D94F9A8A7-FollowerState] INFO  server.RaftServerConfigKeys (ConfUtils.java:logFallback(53)) - raft.server.rpc.first-election.timeout.min = 5s (fallback to raft.server.rpc.timeout.min)
2022-12-08 07:06:18,460 [grpc-default-executor-1] INFO  server.RaftServer$Division (RaftServerImpl.java:requestVote(1251)) - 624d0ae4-c5c0-4b02-bbde-b37f19cf8f9a@group-BA3D94F9A8A7 replies to ELECTION vote request: a323b8f8-7c4d-4fe6-8663-2fcba1e99710<-624d0ae4-c5c0-4b02-bbde-b37f19cf8f9a#0:OK-t1. Peer's state: 624d0ae4-c5c0-4b02-bbde-b37f19cf8f9a@group-BA3D94F9A8A7:t1, leader=null, voted=a323b8f8-7c4d-4fe6-8663-2fcba1e99710, raftlog=Memoized:624d0ae4-c5c0-4b02-bbde-b37f19cf8f9a@group-BA3D94F9A8A7-SegmentedRaftLog:OPENED:c-1, conf=-1: peers:[624d0ae4-c5c0-4b02-bbde-b37f19cf8f9a|rpc:10.1.0.14:41749|priority:0|startupRole:FOLLOWER, 1fec2e66-b36b-410d-a836-56974e80c6bf|rpc:10.1.0.14:40777|priority:0|startupRole:FOLLOWER, a323b8f8-7c4d-4fe6-8663-2fcba1e99710|rpc:10.1.0.14:38689|priority:1|startupRole:FOLLOWER]|listeners:[], old=null
2022-12-08 07:06:18,462 [EventQueue-CommandQueueReportForCommandQueueReportHandler] WARN  events.EventQueue (EventQueue.java:fireEvent(216)) - No event handler registered for event TypedEvent{payloadType=DatanodeDetails, name='Datanode_Command_Queue_Updated'}
2022-12-08 07:06:18,459 [a323b8f8-7c4d-4fe6-8663-2fcba1e99710@group-BA3D94F9A8A7-LeaderElection3] INFO  server.RaftServerConfigKeys (ConfUtils.java:logGet(46)) - raft.server.write.element-limit = 1024 (custom)
2022-12-08 07:06:18,462 [EventQueue-PipelineReportForPipelineReportHandler] INFO  pipeline.PipelineManagerImpl (PipelineManagerImpl.java:openPipeline(367)) - Pipeline Pipeline[ Id: 9d5f0604-367d-4da6-baea-ba3d94f9a8a7, Nodes: 1fec2e66-b36b-410d-a836-56974e80c6bf{ip: 10.1.0.14, host: fv-az165-805.wtg55dazuvhetdvd2gpth4ys5d.dx.internal.cloudapp.net, ports: [REPLICATION=42005, RATIS=40777, RATIS_ADMIN=40777, RATIS_SERVER=40777, STANDALONE=40099], networkLocation: /default-rack, certSerialId: null, persistedOpState: IN_SERVICE, persistedOpStateExpiryEpochSec: 0}a323b8f8-7c4d-4fe6-8663-2fcba1e99710{ip: 10.1.0.14, host: fv-az165-805.wtg55dazuvhetdvd2gpth4ys5d.dx.internal.cloudapp.net, ports: [REPLICATION=34875, RATIS=38689, RATIS_ADMIN=38689, RATIS_SERVER=38689, STANDALONE=41587], networkLocation: /default-rack, certSerialId: null, persistedOpState: IN_SERVICE, persistedOpStateExpiryEpochSec: 0}624d0ae4-c5c0-4b02-bbde-b37f19cf8f9a{ip: 10.1.0.14, host: fv-az165-805.wtg55dazuvhetdvd2gpth4ys5d.dx.internal.cloudapp.net, ports: [REPLICATION=39487, RATIS=41749, RATIS_ADMIN=41749, RATIS_SERVER=41749, STANDALONE=43743], networkLocation: /default-rack, certSerialId: null, persistedOpState: IN_SERVICE, persistedOpStateExpiryEpochSec: 0}, ReplicationConfig: RATIS/THREE, State:ALLOCATED, leaderId:a323b8f8-7c4d-4fe6-8663-2fcba1e99710, CreationTimestamp2022-12-08T07:06:11.170Z[Etc/UTC]] moved to OPEN state
2022-12-08 07:06:18,462 [624d0ae4-c5c0-4b02-bbde-b37f19cf8f9a@group-BA3D94F9A8A7-FollowerState] INFO  server.RaftServerConfigKeys (ConfUtils.java:logFallback(53)) - raft.server.rpc.first-election.timeout.max = 5200ms (fallback to raft.server.rpc.timeout.max)
2022-12-08 07:06:18,466 [a323b8f8-7c4d-4fe6-8663-2fcba1e99710@group-BA3D94F9A8A7-LeaderElection3] INFO  server.RaftServerConfigKeys (ConfUtils.java:logGet(46)) - raft.server.write.byte-limit = 1024 M (=1073741824) (custom)
2022-12-08 07:06:18,467 [EventQueue-OpenPipelineForHealthyPipelineSafeModeRule] INFO  safemode.SCMSafeModeManager (HealthyPipelineSafeModeRule.java:process(137)) - SCM in safe mode. Healthy pipelines reported count is 1, required healthy pipeline reported count is 1
2022-12-08 07:06:18,468 [EventQueue-OpenPipelineForHealthyPipelineSafeModeRule] INFO  safemode.SCMSafeModeManager (SCMSafeModeManager.java:validateSafeModeExitRules(200)) - HealthyPipelineSafeModeRule rule is successfully validated
2022-12-08 07:06:18,468 [EventQueue-OpenPipelineForHealthyPipelineSafeModeRule] INFO  safemode.SCMSafeModeManager (SCMSafeModeManager.java:validateSafeModeExitRules(215)) - ScmSafeModeManager, all rules are successfully validated
2022-12-08 07:06:18,468 [EventQueue-OpenPipelineForHealthyPipelineSafeModeRule] INFO  safemode.SCMSafeModeManager (SCMSafeModeManager.java:exitSafeMode(244)) - SCM exiting safe mode.
2022-12-08 07:06:18,468 [EventQueue-OpenPipelineForHealthyPipelineSafeModeRule] INFO  ha.SCMContext (SCMContext.java:updateSafeModeStatus(228)) - Update SafeModeStatus from SafeModeStatus{safeModeStatus=true, preCheckPassed=true} to SafeModeStatus{safeModeStatus=false, preCheckPassed=true}.
2022-12-08 07:06:18,468 [a323b8f8-7c4d-4fe6-8663-2fcba1e99710@group-BA3D94F9A8A7-LeaderElection3] INFO  server.RaftServerConfigKeys (ConfUtils.java:logGet(46)) - raft.server.watch.timeout = 180s (custom)
2022-12-08 07:06:18,468 [EventQueue-OpenPipelineForHealthyPipelineSafeModeRule] INFO  pipeline.BackgroundPipelineCreator (BackgroundPipelineCreator.java:notifyStatusChanged(254)) - Service BackgroundPipelineCreator transitions to RUNNING.
2022-12-08 07:06:18,468 [a323b8f8-7c4d-4fe6-8663-2fcba1e99710@group-BA3D94F9A8A7-LeaderElection3] INFO  server.RaftServerConfigKeys (ConfUtils.java:logGet(46)) - raft.server.watch.timeout.denomination = 1s (default)
2022-12-08 07:06:18,468 [EventQueue-OpenPipelineForHealthyPipelineSafeModeRule] INFO  BackgroundPipelineScrubber (BackgroundSCMService.java:notifyStatusChanged(82)) - Service BackgroundPipelineScrubber transitions to RUNNING.
2022-12-08 07:06:18,468 [a323b8f8-7c4d-4fe6-8663-2fcba1e99710@group-BA3D94F9A8A7-LeaderElection3] INFO  server.RaftServerConfigKeys (ConfUtils.java:logGet(46)) - raft.server.watch.element-limit = 65536 (default)
2022-12-08 07:06:18,468 [a323b8f8-7c4d-4fe6-8663-2fcba1e99710@group-BA3D94F9A8A7-LeaderElection3] INFO  server.RaftServerConfigKeys (ConfUtils.java:logGet(46)) - raft.server.write.element-limit = 1024 (custom)
2022-12-08 07:06:18,468 [EventQueue-OpenPipelineForHealthyPipelineSafeModeRule] INFO  ExpiredContainerReplicaOpScrubber (BackgroundSCMService.java:notifyStatusChanged(82)) - Service ExpiredContainerReplicaOpScrubber transitions to RUNNING.
2022-12-08 07:06:18,468 [a323b8f8-7c4d-4fe6-8663-2fcba1e99710@group-BA3D94F9A8A7-LeaderElection3] INFO  server.RaftServerConfigKeys (ConfUtils.java:logGet(46)) - raft.server.write.follower.gap.ratio.max = -1.0 (default)
2022-12-08 07:06:18,468 [EventQueue-OpenPipelineForHealthyPipelineSafeModeRule] INFO  replication.ReplicationManager (ReplicationManager.java:notifyStatusChanged(860)) - Service ReplicationManager transitions to RUNNING.
2022-12-08 07:06:18,473 [EventQueue-OpenPipelineForHealthyPipelineSafeModeRule] WARN  balancer.ContainerBalancer (ContainerBalancer.java:shouldRun(131)) - Could not find persisted configuration for ContainerBalancer when checking if ContainerBalancer should run. ContainerBalancer should not run now.
2022-12-08 07:06:18,492 [a323b8f8-7c4d-4fe6-8663-2fcba1e99710@group-BA3D94F9A8A7-LeaderElection3] INFO  server.RaftServerConfigKeys (ConfUtils.java:logGet(46)) - raft.server.log.appender.snapshot.chunk.size.max = 16MB (=16777216) (default)
2022-12-08 07:06:18,492 [a323b8f8-7c4d-4fe6-8663-2fcba1e99710@group-BA3D94F9A8A7-LeaderElection3] INFO  server.RaftServerConfigKeys (ConfUtils.java:logGet(46)) - raft.server.log.appender.buffer.byte-limit = 33554432 (custom)
2022-12-08 07:06:18,493 [a323b8f8-7c4d-4fe6-8663-2fcba1e99710@group-BA3D94F9A8A7-LeaderElection3] INFO  server.RaftServerConfigKeys (ConfUtils.java:logGet(46)) - raft.server.log.appender.buffer.element-limit = 1 (custom)
2022-12-08 07:06:18,496 [a323b8f8-7c4d-4fe6-8663-2fcba1e99710@group-BA3D94F9A8A7-LeaderElection3] INFO  grpc.GrpcConfigKeys (ConfUtils.java:logGet(46)) - raft.grpc.server.leader.outstanding.appends.max = 128 (default)
2022-12-08 07:06:18,497 [a323b8f8-7c4d-4fe6-8663-2fcba1e99710@group-BA3D94F9A8A7-LeaderElection3] INFO  server.RaftServerConfigKeys (ConfUtils.java:logGet(46)) - raft.server.rpc.request.timeout = 60s (custom)
2022-12-08 07:06:18,497 [a323b8f8-7c4d-4fe6-8663-2fcba1e99710@group-BA3D94F9A8A7-LeaderElection3] INFO  server.RaftServerConfigKeys (ConfUtils.java:logGet(46)) - raft.server.log.appender.install.snapshot.enabled = false (custom)
2022-12-08 07:06:18,497 [a323b8f8-7c4d-4fe6-8663-2fcba1e99710@group-BA3D94F9A8A7-LeaderElection3] INFO  grpc.GrpcConfigKeys (ConfUtils.java:logGet(46)) - raft.grpc.server.heartbeat.channel = true (default)
2022-12-08 07:06:18,497 [a323b8f8-7c4d-4fe6-8663-2fcba1e99710@group-BA3D94F9A8A7-LeaderElection3] INFO  server.RaftServerConfigKeys (ConfUtils.java:logGet(46)) - raft.server.log.appender.wait-time.min = 10ms (default)
2022-12-08 07:06:18,500 [a323b8f8-7c4d-4fe6-8663-2fcba1e99710@group-BA3D94F9A8A7-LeaderElection3] INFO  server.RaftServerConfigKeys (ConfUtils.java:logGet(46)) - raft.server.log.appender.snapshot.chunk.size.max = 16MB (=16777216) (default)
2022-12-08 07:06:18,500 [a323b8f8-7c4d-4fe6-8663-2fcba1e99710@group-BA3D94F9A8A7-LeaderElection3] INFO  server.RaftServerConfigKeys (ConfUtils.java:logGet(46)) - raft.server.log.appender.buffer.byte-limit = 33554432 (custom)
2022-12-08 07:06:18,500 [a323b8f8-7c4d-4fe6-8663-2fcba1e99710@group-BA3D94F9A8A7-LeaderElection3] INFO  server.RaftServerConfigKeys (ConfUtils.java:logGet(46)) - raft.server.log.appender.buffer.element-limit = 1 (custom)
2022-12-08 07:06:18,500 [a323b8f8-7c4d-4fe6-8663-2fcba1e99710@group-BA3D94F9A8A7-LeaderElection3] INFO  grpc.GrpcConfigKeys (ConfUtils.java:logGet(46)) - raft.grpc.server.leader.outstanding.appends.max = 128 (default)
2022-12-08 07:06:18,500 [a323b8f8-7c4d-4fe6-8663-2fcba1e99710@group-BA3D94F9A8A7-LeaderElection3] INFO  server.RaftServerConfigKeys (ConfUtils.java:logGet(46)) - raft.server.rpc.request.timeout = 60s (custom)
2022-12-08 07:06:18,500 [a323b8f8-7c4d-4fe6-8663-2fcba1e99710@group-BA3D94F9A8A7-LeaderElection3] INFO  server.RaftServerConfigKeys (ConfUtils.java:logGet(46)) - raft.server.log.appender.install.snapshot.enabled = false (custom)
2022-12-08 07:06:18,500 [a323b8f8-7c4d-4fe6-8663-2fcba1e99710@group-BA3D94F9A8A7-LeaderElection3] INFO  grpc.GrpcConfigKeys (ConfUtils.java:logGet(46)) - raft.grpc.server.heartbeat.channel = true (default)
2022-12-08 07:06:18,500 [a323b8f8-7c4d-4fe6-8663-2fcba1e99710@group-BA3D94F9A8A7-LeaderElection3] INFO  server.RaftServerConfigKeys (ConfUtils.java:logGet(46)) - raft.server.log.appender.wait-time.min = 10ms (default)
2022-12-08 07:06:18,502 [a323b8f8-7c4d-4fe6-8663-2fcba1e99710@group-BA3D94F9A8A7-LeaderElection3] INFO  impl.RoleInfo (RoleInfo.java:updateAndGet(139)) - a323b8f8-7c4d-4fe6-8663-2fcba1e99710: start a323b8f8-7c4d-4fe6-8663-2fcba1e99710@group-BA3D94F9A8A7-LeaderStateImpl
2022-12-08 07:06:18,502 [a323b8f8-7c4d-4fe6-8663-2fcba1e99710@group-BA3D94F9A8A7-LeaderElection3] INFO  segmented.SegmentedRaftLogWorker (SegmentedRaftLogWorker.java:startLogSegment(452)) - a323b8f8-7c4d-4fe6-8663-2fcba1e99710@group-BA3D94F9A8A7-SegmentedRaftLogWorker: Starting segment from index:0
2022-12-08 07:06:18,507 [a323b8f8-7c4d-4fe6-8663-2fcba1e99710@group-BA3D94F9A8A7-LeaderElection3] INFO  server.RaftServer$Division (ServerState.java:setRaftConf(430)) - a323b8f8-7c4d-4fe6-8663-2fcba1e99710@group-BA3D94F9A8A7: set configuration 0: peers:[624d0ae4-c5c0-4b02-bbde-b37f19cf8f9a|rpc:10.1.0.14:41749|dataStream:|priority:0|startupRole:FOLLOWER, 1fec2e66-b36b-410d-a836-56974e80c6bf|rpc:10.1.0.14:40777|dataStream:|priority:0|startupRole:FOLLOWER, a323b8f8-7c4d-4fe6-8663-2fcba1e99710|rpc:10.1.0.14:38689|dataStream:|priority:1|startupRole:FOLLOWER]|listeners:[], old=null
2022-12-08 07:06:18,510 [a323b8f8-7c4d-4fe6-8663-2fcba1e99710@group-BA3D94F9A8A7-SegmentedRaftLogWorker] INFO  segmented.SegmentedRaftLogWorker (SegmentedRaftLogWorker.java:execute(656)) - a323b8f8-7c4d-4fe6-8663-2fcba1e99710@group-BA3D94F9A8A7-SegmentedRaftLogWorker: created new log segment /home/runner/work/ozone/ozone/hadoop-ozone/integration-test/target/test-dir/MiniOzoneClusterImpl-3253a570-fb02-4895-b12a-309bd2ff2d50/datanode-0/data/ratis/9d5f0604-367d-4da6-baea-ba3d94f9a8a7/current/log_inprogress_0
2022-12-08 07:06:18,591 [1fec2e66-b36b-410d-a836-56974e80c6bf-server-thread1] INFO  ratis.XceiverServerRatis (XceiverServerRatis.java:handleLeaderChangedNotification(863)) - Leader change notification received for group: group-BA3D94F9A8A7 with new leaderId: a323b8f8-7c4d-4fe6-8663-2fcba1e99710
2022-12-08 07:06:18,592 [1fec2e66-b36b-410d-a836-56974e80c6bf-server-thread1] INFO  server.RaftServer$Division (ServerState.java:setLeader(313)) - 1fec2e66-b36b-410d-a836-56974e80c6bf@group-BA3D94F9A8A7: change Leader from null to a323b8f8-7c4d-4fe6-8663-2fcba1e99710 at term 1 for appendEntries, leader elected after 4325ms
2022-12-08 07:06:18,598 [1fec2e66-b36b-410d-a836-56974e80c6bf-server-thread1] INFO  server.RaftServer$Division (ServerState.java:setRaftConf(430)) - 1fec2e66-b36b-410d-a836-56974e80c6bf@group-BA3D94F9A8A7: set configuration 0: peers:[624d0ae4-c5c0-4b02-bbde-b37f19cf8f9a|rpc:10.1.0.14:41749|dataStream:|priority:0|startupRole:FOLLOWER, 1fec2e66-b36b-410d-a836-56974e80c6bf|rpc:10.1.0.14:40777|dataStream:|priority:0|startupRole:FOLLOWER, a323b8f8-7c4d-4fe6-8663-2fcba1e99710|rpc:10.1.0.14:38689|dataStream:|priority:1|startupRole:FOLLOWER]|listeners:[], old=null
2022-12-08 07:06:18,598 [1fec2e66-b36b-410d-a836-56974e80c6bf-server-thread1] INFO  segmented.SegmentedRaftLogWorker (SegmentedRaftLogWorker.java:startLogSegment(452)) - 1fec2e66-b36b-410d-a836-56974e80c6bf@group-BA3D94F9A8A7-SegmentedRaftLogWorker: Starting segment from index:0
2022-12-08 07:06:18,608 [624d0ae4-c5c0-4b02-bbde-b37f19cf8f9a-server-thread1] INFO  ratis.XceiverServerRatis (XceiverServerRatis.java:handleLeaderChangedNotification(863)) - Leader change notification received for group: group-BA3D94F9A8A7 with new leaderId: a323b8f8-7c4d-4fe6-8663-2fcba1e99710
2022-12-08 07:06:18,614 [624d0ae4-c5c0-4b02-bbde-b37f19cf8f9a-server-thread1] INFO  server.RaftServer$Division (ServerState.java:setLeader(313)) - 624d0ae4-c5c0-4b02-bbde-b37f19cf8f9a@group-BA3D94F9A8A7: change Leader from null to a323b8f8-7c4d-4fe6-8663-2fcba1e99710 at term 1 for appendEntries, leader elected after 4833ms
2022-12-08 07:06:18,615 [624d0ae4-c5c0-4b02-bbde-b37f19cf8f9a-server-thread1] INFO  server.RaftServer$Division (ServerState.java:setRaftConf(430)) - 624d0ae4-c5c0-4b02-bbde-b37f19cf8f9a@group-BA3D94F9A8A7: set configuration 0: peers:[624d0ae4-c5c0-4b02-bbde-b37f19cf8f9a|rpc:10.1.0.14:41749|dataStream:|priority:0|startupRole:FOLLOWER, 1fec2e66-b36b-410d-a836-56974e80c6bf|rpc:10.1.0.14:40777|dataStream:|priority:0|startupRole:FOLLOWER, a323b8f8-7c4d-4fe6-8663-2fcba1e99710|rpc:10.1.0.14:38689|dataStream:|priority:1|startupRole:FOLLOWER]|listeners:[], old=null
2022-12-08 07:06:18,615 [624d0ae4-c5c0-4b02-bbde-b37f19cf8f9a-server-thread1] INFO  segmented.SegmentedRaftLogWorker (SegmentedRaftLogWorker.java:startLogSegment(452)) - 624d0ae4-c5c0-4b02-bbde-b37f19cf8f9a@group-BA3D94F9A8A7-SegmentedRaftLogWorker: Starting segment from index:0
2022-12-08 07:06:18,615 [1fec2e66-b36b-410d-a836-56974e80c6bf@group-BA3D94F9A8A7-SegmentedRaftLogWorker] INFO  segmented.SegmentedRaftLogWorker (SegmentedRaftLogWorker.java:execute(656)) - 1fec2e66-b36b-410d-a836-56974e80c6bf@group-BA3D94F9A8A7-SegmentedRaftLogWorker: created new log segment /home/runner/work/ozone/ozone/hadoop-ozone/integration-test/target/test-dir/MiniOzoneClusterImpl-3253a570-fb02-4895-b12a-309bd2ff2d50/datanode-2/data/ratis/9d5f0604-367d-4da6-baea-ba3d94f9a8a7/current/log_inprogress_0
2022-12-08 07:06:18,637 [624d0ae4-c5c0-4b02-bbde-b37f19cf8f9a@group-BA3D94F9A8A7-SegmentedRaftLogWorker] INFO  segmented.SegmentedRaftLogWorker (SegmentedRaftLogWorker.java:execute(656)) - 624d0ae4-c5c0-4b02-bbde-b37f19cf8f9a@group-BA3D94F9A8A7-SegmentedRaftLogWorker: created new log segment /home/runner/work/ozone/ozone/hadoop-ozone/integration-test/target/test-dir/MiniOzoneClusterImpl-3253a570-fb02-4895-b12a-309bd2ff2d50/datanode-1/data/ratis/9d5f0604-367d-4da6-baea-ba3d94f9a8a7/current/log_inprogress_0
2022-12-08 07:06:18,695 [EventQueue-CommandQueueReportForCommandQueueReportHandler] WARN  events.EventQueue (EventQueue.java:fireEvent(216)) - No event handler registered for event TypedEvent{payloadType=DatanodeDetails, name='Datanode_Command_Queue_Updated'}
2022-12-08 07:06:18,791 [EventQueue-CommandQueueReportForCommandQueueReportHandler] WARN  events.EventQueue (EventQueue.java:fireEvent(216)) - No event handler registered for event TypedEvent{payloadType=DatanodeDetails, name='Datanode_Command_Queue_Updated'}
2022-12-08 07:06:18,799 [EventQueue-CommandQueueReportForCommandQueueReportHandler] WARN  events.EventQueue (EventQueue.java:fireEvent(216)) - No event handler registered for event TypedEvent{payloadType=DatanodeDetails, name='Datanode_Command_Queue_Updated'}
2022-12-08 07:06:18,815 [624d0ae4-c5c0-4b02-bbde-b37f19cf8f9a@group-079D96FDDCB1-FollowerState] INFO  impl.FollowerState (FollowerState.java:run(143)) - 624d0ae4-c5c0-4b02-bbde-b37f19cf8f9a@group-079D96FDDCB1-FollowerState: change to CANDIDATE, lastRpcElapsedTime:5056450968ns, electionTimeout:5044ms
2022-12-08 07:06:18,815 [624d0ae4-c5c0-4b02-bbde-b37f19cf8f9a@group-079D96FDDCB1-FollowerState] INFO  impl.RoleInfo (RoleInfo.java:shutdownFollowerState(110)) - 624d0ae4-c5c0-4b02-bbde-b37f19cf8f9a: shutdown 624d0ae4-c5c0-4b02-bbde-b37f19cf8f9a@group-079D96FDDCB1-FollowerState
2022-12-08 07:06:18,815 [624d0ae4-c5c0-4b02-bbde-b37f19cf8f9a@group-079D96FDDCB1-FollowerState] INFO  server.RaftServer$Division (RaftServerImpl.java:setRole(321)) - 624d0ae4-c5c0-4b02-bbde-b37f19cf8f9a@group-079D96FDDCB1: changes role from  FOLLOWER to CANDIDATE at term 0 for changeToCandidate
2022-12-08 07:06:18,817 [624d0ae4-c5c0-4b02-bbde-b37f19cf8f9a@group-079D96FDDCB1-FollowerState] INFO  server.RaftServerConfigKeys (ConfUtils.java:logGet(46)) - raft.server.leaderelection.pre-vote = false (custom)
2022-12-08 07:06:18,817 [624d0ae4-c5c0-4b02-bbde-b37f19cf8f9a@group-079D96FDDCB1-FollowerState] INFO  impl.RoleInfo (RoleInfo.java:updateAndGet(139)) - 624d0ae4-c5c0-4b02-bbde-b37f19cf8f9a: start 624d0ae4-c5c0-4b02-bbde-b37f19cf8f9a@group-079D96FDDCB1-LeaderElection4
2022-12-08 07:06:18,822 [624d0ae4-c5c0-4b02-bbde-b37f19cf8f9a@group-079D96FDDCB1-LeaderElection4] INFO  impl.LeaderElection (LeaderElection.java:askForVotes(312)) - 624d0ae4-c5c0-4b02-bbde-b37f19cf8f9a@group-079D96FDDCB1-LeaderElection4 ELECTION round 0: submit vote requests at term 1 for -1: peers:[624d0ae4-c5c0-4b02-bbde-b37f19cf8f9a|rpc:10.1.0.14:41749|priority:1|startupRole:FOLLOWER]|listeners:[], old=null
2022-12-08 07:06:18,822 [624d0ae4-c5c0-4b02-bbde-b37f19cf8f9a@group-079D96FDDCB1-LeaderElection4] INFO  impl.LeaderElection (LeaderElection.java:askForVotes(314)) - 624d0ae4-c5c0-4b02-bbde-b37f19cf8f9a@group-079D96FDDCB1-LeaderElection4 ELECTION round 0: result PASSED (term=1)
2022-12-08 07:06:18,822 [624d0ae4-c5c0-4b02-bbde-b37f19cf8f9a@group-079D96FDDCB1-LeaderElection4] INFO  impl.RoleInfo (RoleInfo.java:shutdownLeaderElection(130)) - 624d0ae4-c5c0-4b02-bbde-b37f19cf8f9a: shutdown 624d0ae4-c5c0-4b02-bbde-b37f19cf8f9a@group-079D96FDDCB1-LeaderElection4
2022-12-08 07:06:18,822 [624d0ae4-c5c0-4b02-bbde-b37f19cf8f9a@group-079D96FDDCB1-LeaderElection4] INFO  server.RaftServer$Division (RaftServerImpl.java:setRole(321)) - 624d0ae4-c5c0-4b02-bbde-b37f19cf8f9a@group-079D96FDDCB1: changes role from CANDIDATE to LEADER at term 1 for changeToLeader
2022-12-08 07:06:18,822 [624d0ae4-c5c0-4b02-bbde-b37f19cf8f9a@group-079D96FDDCB1-LeaderElection4] INFO  ratis.XceiverServerRatis (XceiverServerRatis.java:handleLeaderChangedNotification(863)) - Leader change notification received for group: group-079D96FDDCB1 with new leaderId: 624d0ae4-c5c0-4b02-bbde-b37f19cf8f9a
2022-12-08 07:06:18,823 [624d0ae4-c5c0-4b02-bbde-b37f19cf8f9a@group-079D96FDDCB1-LeaderElection4] INFO  server.RaftServer$Division (ServerState.java:setLeader(313)) - 624d0ae4-c5c0-4b02-bbde-b37f19cf8f9a@group-079D96FDDCB1: change Leader from null to 624d0ae4-c5c0-4b02-bbde-b37f19cf8f9a at term 1 for becomeLeader, leader elected after 5105ms
2022-12-08 07:06:18,824 [624d0ae4-c5c0-4b02-bbde-b37f19cf8f9a@group-079D96FDDCB1-LeaderElection4] INFO  server.RaftServerConfigKeys (ConfUtils.java:logGet(46)) - raft.server.staging.catchup.gap = 1000 (default)
2022-12-08 07:06:18,824 [624d0ae4-c5c0-4b02-bbde-b37f19cf8f9a@group-079D96FDDCB1-LeaderElection4] INFO  server.RaftServerConfigKeys (ConfUtils.java:logGet(46)) - raft.server.write.element-limit = 1024 (custom)
2022-12-08 07:06:18,824 [624d0ae4-c5c0-4b02-bbde-b37f19cf8f9a@group-079D96FDDCB1-LeaderElection4] INFO  server.RaftServerConfigKeys (ConfUtils.java:logGet(46)) - raft.server.write.byte-limit = 1024 M (=1073741824) (custom)
2022-12-08 07:06:18,825 [624d0ae4-c5c0-4b02-bbde-b37f19cf8f9a@group-079D96FDDCB1-LeaderElection4] INFO  server.RaftServerConfigKeys (ConfUtils.java:logGet(46)) - raft.server.watch.timeout = 180s (custom)
2022-12-08 07:06:18,825 [EventQueue-CommandQueueReportForCommandQueueReportHandler] WARN  events.EventQueue (EventQueue.java:fireEvent(216)) - No event handler registered for event TypedEvent{payloadType=DatanodeDetails, name='Datanode_Command_Queue_Updated'}
2022-12-08 07:06:18,825 [624d0ae4-c5c0-4b02-bbde-b37f19cf8f9a@group-079D96FDDCB1-LeaderElection4] INFO  server.RaftServerConfigKeys (ConfUtils.java:logGet(46)) - raft.server.watch.timeout.denomination = 1s (default)
2022-12-08 07:06:18,825 [624d0ae4-c5c0-4b02-bbde-b37f19cf8f9a@group-079D96FDDCB1-LeaderElection4] INFO  server.RaftServerConfigKeys (ConfUtils.java:logGet(46)) - raft.server.watch.element-limit = 65536 (default)
2022-12-08 07:06:18,825 [624d0ae4-c5c0-4b02-bbde-b37f19cf8f9a@group-079D96FDDCB1-LeaderElection4] INFO  server.RaftServerConfigKeys (ConfUtils.java:logGet(46)) - raft.server.write.element-limit = 1024 (custom)
2022-12-08 07:06:18,825 [624d0ae4-c5c0-4b02-bbde-b37f19cf8f9a@group-079D96FDDCB1-LeaderElection4] INFO  server.RaftServerConfigKeys (ConfUtils.java:logGet(46)) - raft.server.write.follower.gap.ratio.max = -1.0 (default)
2022-12-08 07:06:18,825 [624d0ae4-c5c0-4b02-bbde-b37f19cf8f9a@group-079D96FDDCB1-LeaderElection4] INFO  impl.RoleInfo (RoleInfo.java:updateAndGet(139)) - 624d0ae4-c5c0-4b02-bbde-b37f19cf8f9a: start 624d0ae4-c5c0-4b02-bbde-b37f19cf8f9a@group-079D96FDDCB1-LeaderStateImpl
2022-12-08 07:06:18,826 [624d0ae4-c5c0-4b02-bbde-b37f19cf8f9a@group-079D96FDDCB1-LeaderElection4] INFO  segmented.SegmentedRaftLogWorker (SegmentedRaftLogWorker.java:startLogSegment(452)) - 624d0ae4-c5c0-4b02-bbde-b37f19cf8f9a@group-079D96FDDCB1-SegmentedRaftLogWorker: Starting segment from index:0
2022-12-08 07:06:18,828 [624d0ae4-c5c0-4b02-bbde-b37f19cf8f9a@group-079D96FDDCB1-LeaderElection4] INFO  server.RaftServer$Division (ServerState.java:setRaftConf(430)) - 624d0ae4-c5c0-4b02-bbde-b37f19cf8f9a@group-079D96FDDCB1: set configuration 0: peers:[624d0ae4-c5c0-4b02-bbde-b37f19cf8f9a|rpc:10.1.0.14:41749|dataStream:|priority:1|startupRole:FOLLOWER]|listeners:[], old=null
2022-12-08 07:06:18,829 [624d0ae4-c5c0-4b02-bbde-b37f19cf8f9a@group-079D96FDDCB1-SegmentedRaftLogWorker] INFO  segmented.SegmentedRaftLogWorker (SegmentedRaftLogWorker.java:execute(656)) - 624d0ae4-c5c0-4b02-bbde-b37f19cf8f9a@group-079D96FDDCB1-SegmentedRaftLogWorker: created new log segment /home/runner/work/ozone/ozone/hadoop-ozone/integration-test/target/test-dir/MiniOzoneClusterImpl-3253a570-fb02-4895-b12a-309bd2ff2d50/datanode-1/data/ratis/a699e608-622d-4a62-b659-079d96fddcb1/current/log_inprogress_0
2022-12-08 07:06:19,242 [Listener at 127.0.0.1/32903] INFO  ozone.MiniOzoneClusterImpl (MiniOzoneClusterImpl.java:lambda$waitForClusterToBeReady$0(216)) - Nodes are ready. Got 7 of 7 DN Heartbeats.
2022-12-08 07:06:19,243 [Listener at 127.0.0.1/32903] INFO  ozone.MiniOzoneClusterImpl (MiniOzoneClusterImpl.java:lambda$waitForClusterToBeReady$0(219)) - Cluster exits safe mode
2022-12-08 07:06:19,243 [Listener at 127.0.0.1/32903] INFO  ozone.MiniOzoneClusterImpl (MiniOzoneClusterImpl.java:lambda$waitForClusterToBeReady$0(221)) - SCM became leader
2022-12-08 07:06:19,248 [EventQueue-CommandQueueReportForCommandQueueReportHandler] WARN  events.EventQueue (EventQueue.java:fireEvent(216)) - No event handler registered for event TypedEvent{payloadType=DatanodeDetails, name='Datanode_Command_Queue_Updated'}
2022-12-08 07:06:19,257 [ReplicationMonitor] INFO  replication.ReplicationManager (ReplicationManager.java:processAll(323)) - Replication Manager is not ready to run until 3000ms after safemode exit
2022-12-08 07:06:19,277 [EventQueue-CommandQueueReportForCommandQueueReportHandler] WARN  events.EventQueue (EventQueue.java:fireEvent(216)) - No event handler registered for event TypedEvent{payloadType=DatanodeDetails, name='Datanode_Command_Queue_Updated'}
2022-12-08 07:06:19,296 [Listener at 127.0.0.1/32903] WARN  server.ServerUtils (ServerUtils.java:getScmDbDir(148)) - ozone.scm.db.dirs is not configured. We recommend adding this setting. Falling back to ozone.metadata.dirs instead.
2022-12-08 07:06:19,301 [Listener at 127.0.0.1/32903] WARN  server.ServerUtils (ServerUtils.java:getScmDbDir(148)) - ozone.scm.db.dirs is not configured. We recommend adding this setting. Falling back to ozone.metadata.dirs instead.
2022-12-08 07:06:19,301 [Listener at 127.0.0.1/32903] INFO  ha.SCMHANodeDetails (SCMHANodeDetails.java:loadSCMHAConfig(209)) - ServiceID for StorageContainerManager is null
2022-12-08 07:06:19,301 [Listener at 127.0.0.1/32903] INFO  ha.SCMHANodeDetails (SCMHANodeDetails.java:loadSCMHAConfig(214)) - ozone.scm.default.service.id is not defined, falling back to ozone.scm.service.ids to find serviceID for StorageContainerManager if it is HA enabled cluster
2022-12-08 07:06:19,303 [Listener at 127.0.0.1/32903] WARN  utils.HAUtils (HAUtils.java:getMetaDir(342)) - ozone.scm.db.dirs is not configured. We recommend adding this setting. Falling back to ozone.metadata.dirs instead.
2022-12-08 07:06:19,303 [Listener at 127.0.0.1/32903] WARN  db.DBStoreBuilder (DBStoreBuilder.java:applyDBDefinition(144)) - ozone.scm.db.dirs is not configured. We recommend adding this setting. Falling back to ozone.metadata.dirs instead.
2022-12-08 07:06:19,361 [EventQueue-CommandQueueReportForCommandQueueReportHandler] WARN  events.EventQueue (EventQueue.java:fireEvent(216)) - No event handler registered for event TypedEvent{payloadType=DatanodeDetails, name='Datanode_Command_Queue_Updated'}
2022-12-08 07:06:19,423 [1fec2e66-b36b-410d-a836-56974e80c6bf@group-63A4591FC1D5-FollowerState] INFO  impl.FollowerState (FollowerState.java:run(143)) - 1fec2e66-b36b-410d-a836-56974e80c6bf@group-63A4591FC1D5-FollowerState: change to CANDIDATE, lastRpcElapsedTime:5172199498ns, electionTimeout:5163ms
2022-12-08 07:06:19,423 [1fec2e66-b36b-410d-a836-56974e80c6bf@group-63A4591FC1D5-FollowerState] INFO  impl.RoleInfo (RoleInfo.java:shutdownFollowerState(110)) - 1fec2e66-b36b-410d-a836-56974e80c6bf: shutdown 1fec2e66-b36b-410d-a836-56974e80c6bf@group-63A4591FC1D5-FollowerState
2022-12-08 07:06:19,423 [1fec2e66-b36b-410d-a836-56974e80c6bf@group-63A4591FC1D5-FollowerState] INFO  server.RaftServer$Division (RaftServerImpl.java:setRole(321)) - 1fec2e66-b36b-410d-a836-56974e80c6bf@group-63A4591FC1D5: changes role from  FOLLOWER to CANDIDATE at term 0 for changeToCandidate
2022-12-08 07:06:19,425 [1fec2e66-b36b-410d-a836-56974e80c6bf@group-63A4591FC1D5-FollowerState] INFO  server.RaftServerConfigKeys (ConfUtils.java:logGet(46)) - raft.server.leaderelection.pre-vote = false (custom)
2022-12-08 07:06:19,425 [1fec2e66-b36b-410d-a836-56974e80c6bf@group-63A4591FC1D5-FollowerState] INFO  impl.RoleInfo (RoleInfo.java:updateAndGet(139)) - 1fec2e66-b36b-410d-a836-56974e80c6bf: start 1fec2e66-b36b-410d-a836-56974e80c6bf@group-63A4591FC1D5-LeaderElection5
2022-12-08 07:06:19,448 [1fec2e66-b36b-410d-a836-56974e80c6bf@group-63A4591FC1D5-LeaderElection5] INFO  impl.LeaderElection (LeaderElection.java:askForVotes(312)) - 1fec2e66-b36b-410d-a836-56974e80c6bf@group-63A4591FC1D5-LeaderElection5 ELECTION round 0: submit vote requests at term 1 for -1: peers:[1fec2e66-b36b-410d-a836-56974e80c6bf|rpc:10.1.0.14:40777|priority:1|startupRole:FOLLOWER]|listeners:[], old=null
2022-12-08 07:06:19,448 [1fec2e66-b36b-410d-a836-56974e80c6bf@group-63A4591FC1D5-LeaderElection5] INFO  impl.LeaderElection (LeaderElection.java:askForVotes(314)) - 1fec2e66-b36b-410d-a836-56974e80c6bf@group-63A4591FC1D5-LeaderElection5 ELECTION round 0: result PASSED (term=1)
2022-12-08 07:06:19,448 [1fec2e66-b36b-410d-a836-56974e80c6bf@group-63A4591FC1D5-LeaderElection5] INFO  impl.RoleInfo (RoleInfo.java:shutdownLeaderElection(130)) - 1fec2e66-b36b-410d-a836-56974e80c6bf: shutdown 1fec2e66-b36b-410d-a836-56974e80c6bf@group-63A4591FC1D5-LeaderElection5
2022-12-08 07:06:19,448 [1fec2e66-b36b-410d-a836-56974e80c6bf@group-63A4591FC1D5-LeaderElection5] INFO  server.RaftServer$Division (RaftServerImpl.java:setRole(321)) - 1fec2e66-b36b-410d-a836-56974e80c6bf@group-63A4591FC1D5: changes role from CANDIDATE to LEADER at term 1 for changeToLeader
2022-12-08 07:06:19,448 [1fec2e66-b36b-410d-a836-56974e80c6bf@group-63A4591FC1D5-LeaderElection5] INFO  ratis.XceiverServerRatis (XceiverServerRatis.java:handleLeaderChangedNotification(863)) - Leader change notification received for group: group-63A4591FC1D5 with new leaderId: 1fec2e66-b36b-410d-a836-56974e80c6bf
2022-12-08 07:06:19,448 [1fec2e66-b36b-410d-a836-56974e80c6bf@group-63A4591FC1D5-LeaderElection5] INFO  server.RaftServer$Division (ServerState.java:setLeader(313)) - 1fec2e66-b36b-410d-a836-56974e80c6bf@group-63A4591FC1D5: change Leader from null to 1fec2e66-b36b-410d-a836-56974e80c6bf at term 1 for becomeLeader, leader elected after 5281ms
2022-12-08 07:06:19,448 [1fec2e66-b36b-410d-a836-56974e80c6bf@group-63A4591FC1D5-LeaderElection5] INFO  server.RaftServerConfigKeys (ConfUtils.java:logGet(46)) - raft.server.staging.catchup.gap = 1000 (default)
2022-12-08 07:06:19,449 [1fec2e66-b36b-410d-a836-56974e80c6bf@group-63A4591FC1D5-LeaderElection5] INFO  server.RaftServerConfigKeys (ConfUtils.java:logGet(46)) - raft.server.write.element-limit = 1024 (custom)
2022-12-08 07:06:19,449 [1fec2e66-b36b-410d-a836-56974e80c6bf@group-63A4591FC1D5-LeaderElection5] INFO  server.RaftServerConfigKeys (ConfUtils.java:logGet(46)) - raft.server.write.byte-limit = 1024 M (=1073741824) (custom)
2022-12-08 07:06:19,449 [1fec2e66-b36b-410d-a836-56974e80c6bf@group-63A4591FC1D5-LeaderElection5] INFO  server.RaftServerConfigKeys (ConfUtils.java:logGet(46)) - raft.server.watch.timeout = 180s (custom)
2022-12-08 07:06:19,449 [1fec2e66-b36b-410d-a836-56974e80c6bf@group-63A4591FC1D5-LeaderElection5] INFO  server.RaftServerConfigKeys (ConfUtils.java:logGet(46)) - raft.server.watch.timeout.denomination = 1s (default)
2022-12-08 07:06:19,449 [1fec2e66-b36b-410d-a836-56974e80c6bf@group-63A4591FC1D5-LeaderElection5] INFO  server.RaftServerConfigKeys (ConfUtils.java:logGet(46)) - raft.server.watch.element-limit = 65536 (default)
2022-12-08 07:06:19,449 [1fec2e66-b36b-410d-a836-56974e80c6bf@group-63A4591FC1D5-LeaderElection5] INFO  server.RaftServerConfigKeys (ConfUtils.java:logGet(46)) - raft.server.write.element-limit = 1024 (custom)
2022-12-08 07:06:19,450 [1fec2e66-b36b-410d-a836-56974e80c6bf@group-63A4591FC1D5-LeaderElection5] INFO  server.RaftServerConfigKeys (ConfUtils.java:logGet(46)) - raft.server.write.follower.gap.ratio.max = -1.0 (default)
2022-12-08 07:06:19,450 [1fec2e66-b36b-410d-a836-56974e80c6bf@group-63A4591FC1D5-LeaderElection5] INFO  impl.RoleInfo (RoleInfo.java:updateAndGet(139)) - 1fec2e66-b36b-410d-a836-56974e80c6bf: start 1fec2e66-b36b-410d-a836-56974e80c6bf@group-63A4591FC1D5-LeaderStateImpl
2022-12-08 07:06:19,450 [1fec2e66-b36b-410d-a836-56974e80c6bf@group-63A4591FC1D5-LeaderElection5] INFO  segmented.SegmentedRaftLogWorker (SegmentedRaftLogWorker.java:startLogSegment(452)) - 1fec2e66-b36b-410d-a836-56974e80c6bf@group-63A4591FC1D5-SegmentedRaftLogWorker: Starting segment from index:0
2022-12-08 07:06:19,452 [EventQueue-CommandQueueReportForCommandQueueReportHandler] WARN  events.EventQueue (EventQueue.java:fireEvent(216)) - No event handler registered for event TypedEvent{payloadType=DatanodeDetails, name='Datanode_Command_Queue_Updated'}
2022-12-08 07:06:19,453 [1fec2e66-b36b-410d-a836-56974e80c6bf@group-63A4591FC1D5-SegmentedRaftLogWorker] INFO  segmented.SegmentedRaftLogWorker (SegmentedRaftLogWorker.java:execute(656)) - 1fec2e66-b36b-410d-a836-56974e80c6bf@group-63A4591FC1D5-SegmentedRaftLogWorker: created new log segment /home/runner/work/ozone/ozone/hadoop-ozone/integration-test/target/test-dir/MiniOzoneClusterImpl-3253a570-fb02-4895-b12a-309bd2ff2d50/datanode-2/data/ratis/3370344d-1ee3-4417-a94a-63a4591fc1d5/current/log_inprogress_0
2022-12-08 07:06:19,463 [EventQueue-CommandQueueReportForCommandQueueReportHandler] WARN  events.EventQueue (EventQueue.java:fireEvent(216)) - No event handler registered for event TypedEvent{payloadType=DatanodeDetails, name='Datanode_Command_Queue_Updated'}
2022-12-08 07:06:19,465 [1fec2e66-b36b-410d-a836-56974e80c6bf@group-63A4591FC1D5-LeaderElection5] INFO  server.RaftServer$Division (ServerState.java:setRaftConf(430)) - 1fec2e66-b36b-410d-a836-56974e80c6bf@group-63A4591FC1D5: set configuration 0: peers:[1fec2e66-b36b-410d-a836-56974e80c6bf|rpc:10.1.0.14:40777|dataStream:|priority:1|startupRole:FOLLOWER]|listeners:[], old=null
2022-12-08 07:06:19,605 [Listener at 127.0.0.1/32903] INFO  net.NodeSchemaLoader (NodeSchemaLoader.java:loadSchemaFromFile(129)) - Loading schema from [jar:file:/home/runner/.m2/repository/org/apache/ozone/hdds-common/1.3.0-SNAPSHOT/hdds-common-1.3.0-SNAPSHOT.jar!/network-topology-default.xml]
2022-12-08 07:06:19,605 [Listener at 127.0.0.1/32903] INFO  net.NodeSchemaLoader (NodeSchemaLoader.java:loadSchema(176)) - Loading network topology layer schema file
2022-12-08 07:06:19,610 [Listener at 127.0.0.1/32903] WARN  impl.MetricRegistriesImpl (MetricRegistriesImpl.java:addReporterRegistration(111)) - New reporters are added after registries were created. Some metrics will be missing from the reporter. Please add reporter before adding any new registry.
2022-12-08 07:06:19,610 [Listener at 127.0.0.1/32903] WARN  impl.MetricRegistriesImpl (MetricRegistriesImpl.java:addReporterRegistration(111)) - New reporters are added after registries were created. Some metrics will be missing from the reporter. Please add reporter before adding any new registry.
2022-12-08 07:06:19,611 [Listener at 127.0.0.1/32903] INFO  upgrade.AbstractLayoutVersionManager (AbstractLayoutVersionManager.java:init(83)) - Initializing Layout version manager with metadata layout = DATANODE_SCHEMA_V3 (version = 4), software layout = DATANODE_SCHEMA_V3 (version = 4)
2022-12-08 07:06:19,697 [EventQueue-CommandQueueReportForCommandQueueReportHandler] WARN  events.EventQueue (EventQueue.java:fireEvent(216)) - No event handler registered for event TypedEvent{payloadType=DatanodeDetails, name='Datanode_Command_Queue_Updated'}
2022-12-08 07:06:19,762 [Listener at 127.0.0.1/32903] INFO  reflections.Reflections (Reflections.java:scan(232)) - Reflections took 148 ms to scan 7 urls, producing 140 keys and 342 values 
2022-12-08 07:06:19,771 [Listener at 127.0.0.1/32903] INFO  ha.SequenceIdGenerator (SequenceIdGenerator.java:upgradeToSequenceId(349)) - upgrade localId to 109611004723200000
2022-12-08 07:06:19,773 [Listener at 127.0.0.1/32903] INFO  ha.SequenceIdGenerator (SequenceIdGenerator.java:upgradeToSequenceId(359)) - upgrade delTxnId to 0
2022-12-08 07:06:19,774 [Listener at 127.0.0.1/32903] INFO  ha.SequenceIdGenerator (SequenceIdGenerator.java:upgradeToSequenceId(376)) - upgrade containerId to 0
2022-12-08 07:06:19,774 [Listener at 127.0.0.1/32903] INFO  ha.SequenceIdGenerator (SequenceIdGenerator.java:<init>(220)) - Init the HA SequenceIdGenerator.
2022-12-08 07:06:19,794 [Listener at 127.0.0.1/32903] INFO  node.SCMNodeManager (SCMNodeManager.java:<init>(149)) - Entering startup safe mode.
2022-12-08 07:06:19,808 [EventQueue-CommandQueueReportForCommandQueueReportHandler] WARN  events.EventQueue (EventQueue.java:fireEvent(216)) - No event handler registered for event TypedEvent{payloadType=DatanodeDetails, name='Datanode_Command_Queue_Updated'}
2022-12-08 07:06:19,837 [EventQueue-CommandQueueReportForCommandQueueReportHandler] WARN  events.EventQueue (EventQueue.java:fireEvent(216)) - No event handler registered for event TypedEvent{payloadType=DatanodeDetails, name='Datanode_Command_Queue_Updated'}
2022-12-08 07:06:19,869 [e288a489-637a-4316-af43-30866b2c8bfc@group-318BFFFF3E34-FollowerState] INFO  impl.FollowerState (FollowerState.java:run(143)) - e288a489-637a-4316-af43-30866b2c8bfc@group-318BFFFF3E34-FollowerState: change to CANDIDATE, lastRpcElapsedTime:5111708796ns, electionTimeout:5108ms
2022-12-08 07:06:19,869 [e288a489-637a-4316-af43-30866b2c8bfc@group-318BFFFF3E34-FollowerState] INFO  impl.RoleInfo (RoleInfo.java:shutdownFollowerState(110)) - e288a489-637a-4316-af43-30866b2c8bfc: shutdown e288a489-637a-4316-af43-30866b2c8bfc@group-318BFFFF3E34-FollowerState
2022-12-08 07:06:19,869 [e288a489-637a-4316-af43-30866b2c8bfc@group-318BFFFF3E34-FollowerState] INFO  server.RaftServer$Division (RaftServerImpl.java:setRole(321)) - e288a489-637a-4316-af43-30866b2c8bfc@group-318BFFFF3E34: changes role from  FOLLOWER to CANDIDATE at term 0 for changeToCandidate
2022-12-08 07:06:19,869 [e288a489-637a-4316-af43-30866b2c8bfc@group-318BFFFF3E34-FollowerState] INFO  server.RaftServerConfigKeys (ConfUtils.java:logGet(46)) - raft.server.leaderelection.pre-vote = false (custom)
2022-12-08 07:06:19,869 [e288a489-637a-4316-af43-30866b2c8bfc@group-318BFFFF3E34-FollowerState] INFO  impl.RoleInfo (RoleInfo.java:updateAndGet(139)) - e288a489-637a-4316-af43-30866b2c8bfc: start e288a489-637a-4316-af43-30866b2c8bfc@group-318BFFFF3E34-LeaderElection6
2022-12-08 07:06:19,926 [e288a489-637a-4316-af43-30866b2c8bfc@group-318BFFFF3E34-LeaderElection6] INFO  impl.LeaderElection (LeaderElection.java:askForVotes(312)) - e288a489-637a-4316-af43-30866b2c8bfc@group-318BFFFF3E34-LeaderElection6 ELECTION round 0: submit vote requests at term 1 for -1: peers:[e288a489-637a-4316-af43-30866b2c8bfc|rpc:10.1.0.14:36389|priority:1|startupRole:FOLLOWER]|listeners:[], old=null
2022-12-08 07:06:19,926 [e288a489-637a-4316-af43-30866b2c8bfc@group-318BFFFF3E34-LeaderElection6] INFO  impl.LeaderElection (LeaderElection.java:askForVotes(314)) - e288a489-637a-4316-af43-30866b2c8bfc@group-318BFFFF3E34-LeaderElection6 ELECTION round 0: result PASSED (term=1)
2022-12-08 07:06:19,927 [e288a489-637a-4316-af43-30866b2c8bfc@group-318BFFFF3E34-LeaderElection6] INFO  impl.RoleInfo (RoleInfo.java:shutdownLeaderElection(130)) - e288a489-637a-4316-af43-30866b2c8bfc: shutdown e288a489-637a-4316-af43-30866b2c8bfc@group-318BFFFF3E34-LeaderElection6
2022-12-08 07:06:19,927 [e288a489-637a-4316-af43-30866b2c8bfc@group-318BFFFF3E34-LeaderElection6] INFO  server.RaftServer$Division (RaftServerImpl.java:setRole(321)) - e288a489-637a-4316-af43-30866b2c8bfc@group-318BFFFF3E34: changes role from CANDIDATE to LEADER at term 1 for changeToLeader
2022-12-08 07:06:19,927 [e288a489-637a-4316-af43-30866b2c8bfc@group-318BFFFF3E34-LeaderElection6] INFO  ratis.XceiverServerRatis (XceiverServerRatis.java:handleLeaderChangedNotification(863)) - Leader change notification received for group: group-318BFFFF3E34 with new leaderId: e288a489-637a-4316-af43-30866b2c8bfc
2022-12-08 07:06:19,927 [e288a489-637a-4316-af43-30866b2c8bfc@group-318BFFFF3E34-LeaderElection6] INFO  server.RaftServer$Division (ServerState.java:setLeader(313)) - e288a489-637a-4316-af43-30866b2c8bfc@group-318BFFFF3E34: change Leader from null to e288a489-637a-4316-af43-30866b2c8bfc at term 1 for becomeLeader, leader elected after 5251ms
2022-12-08 07:06:19,927 [e288a489-637a-4316-af43-30866b2c8bfc@group-318BFFFF3E34-LeaderElection6] INFO  server.RaftServerConfigKeys (ConfUtils.java:logGet(46)) - raft.server.staging.catchup.gap = 1000 (default)
2022-12-08 07:06:19,928 [e288a489-637a-4316-af43-30866b2c8bfc@group-318BFFFF3E34-LeaderElection6] INFO  server.RaftServerConfigKeys (ConfUtils.java:logGet(46)) - raft.server.write.element-limit = 1024 (custom)
2022-12-08 07:06:19,928 [e288a489-637a-4316-af43-30866b2c8bfc@group-318BFFFF3E34-LeaderElection6] INFO  server.RaftServerConfigKeys (ConfUtils.java:logGet(46)) - raft.server.write.byte-limit = 1024 M (=1073741824) (custom)
2022-12-08 07:06:19,928 [e288a489-637a-4316-af43-30866b2c8bfc@group-318BFFFF3E34-LeaderElection6] INFO  server.RaftServerConfigKeys (ConfUtils.java:logGet(46)) - raft.server.watch.timeout = 180s (custom)
2022-12-08 07:06:19,928 [e288a489-637a-4316-af43-30866b2c8bfc@group-318BFFFF3E34-LeaderElection6] INFO  server.RaftServerConfigKeys (ConfUtils.java:logGet(46)) - raft.server.watch.timeout.denomination = 1s (default)
2022-12-08 07:06:19,928 [e288a489-637a-4316-af43-30866b2c8bfc@group-318BFFFF3E34-LeaderElection6] INFO  server.RaftServerConfigKeys (ConfUtils.java:logGet(46)) - raft.server.watch.element-limit = 65536 (default)
2022-12-08 07:06:19,935 [Listener at 127.0.0.1/32903] INFO  algorithms.ContainerPlacementPolicyFactory (ContainerPlacementPolicyFactory.java:getPolicyInternal(86)) - Create container placement policy of type org.apache.hadoop.hdds.scm.container.placement.algorithms.SCMContainerPlacementRandom
2022-12-08 07:06:19,929 [EventQueue-CommandQueueReportForCommandQueueReportHandler] WARN  events.EventQueue (EventQueue.java:fireEvent(216)) - No event handler registered for event TypedEvent{payloadType=DatanodeDetails, name='Datanode_Command_Queue_Updated'}
2022-12-08 07:06:19,936 [e288a489-637a-4316-af43-30866b2c8bfc@group-318BFFFF3E34-LeaderElection6] INFO  server.RaftServerConfigKeys (ConfUtils.java:logGet(46)) - raft.server.write.element-limit = 1024 (custom)
2022-12-08 07:06:19,936 [e288a489-637a-4316-af43-30866b2c8bfc@group-318BFFFF3E34-LeaderElection6] INFO  server.RaftServerConfigKeys (ConfUtils.java:logGet(46)) - raft.server.write.follower.gap.ratio.max = -1.0 (default)
2022-12-08 07:06:19,936 [e288a489-637a-4316-af43-30866b2c8bfc@group-318BFFFF3E34-LeaderElection6] INFO  impl.RoleInfo (RoleInfo.java:updateAndGet(139)) - e288a489-637a-4316-af43-30866b2c8bfc: start e288a489-637a-4316-af43-30866b2c8bfc@group-318BFFFF3E34-LeaderStateImpl
2022-12-08 07:06:19,937 [e288a489-637a-4316-af43-30866b2c8bfc@group-318BFFFF3E34-LeaderElection6] INFO  segmented.SegmentedRaftLogWorker (SegmentedRaftLogWorker.java:startLogSegment(452)) - e288a489-637a-4316-af43-30866b2c8bfc@group-318BFFFF3E34-SegmentedRaftLogWorker: Starting segment from index:0
2022-12-08 07:06:19,936 [Listener at 127.0.0.1/32903] INFO  algorithms.ContainerPlacementPolicyFactory (ContainerPlacementPolicyFactory.java:getPolicyInternal(86)) - Create container placement policy of type org.apache.hadoop.hdds.scm.container.placement.algorithms.SCMContainerPlacementRackScatter
2022-12-08 07:06:19,937 [Listener at 127.0.0.1/32903] INFO  pipeline.PipelineStateManagerImpl (PipelineStateManagerImpl.java:initialize(78)) - No pipeline exists in current db
2022-12-08 07:06:19,937 [Listener at 127.0.0.1/32903] INFO  algorithms.LeaderChoosePolicyFactory (LeaderChoosePolicyFactory.java:getPolicy(57)) - Create leader choose policy of type org.apache.hadoop.hdds.scm.pipeline.leader.choose.algorithms.MinLeaderCountChoosePolicy
2022-12-08 07:06:19,937 [Listener at 127.0.0.1/32903] INFO  algorithms.ContainerPlacementPolicyFactory (ContainerPlacementPolicyFactory.java:getPolicyInternal(86)) - Create container placement policy of type org.apache.hadoop.hdds.scm.container.placement.algorithms.SCMContainerPlacementRackScatter
2022-12-08 07:06:19,937 [Listener at 127.0.0.1/32903] INFO  ha.SCMServiceManager (SCMServiceManager.java:register(42)) - Registering service BackgroundPipelineCreator.
2022-12-08 07:06:19,938 [Listener at 127.0.0.1/32903] INFO  pipeline.BackgroundPipelineCreator (BackgroundPipelineCreator.java:start(124)) - Starting RatisPipelineUtilsThread.
2022-12-08 07:06:19,938 [Listener at 127.0.0.1/32903] INFO  BackgroundPipelineScrubber (BackgroundSCMService.java:start(68)) - Starting BackgroundPipelineScrubber Service.
2022-12-08 07:06:19,939 [Listener at 127.0.0.1/32903] INFO  ha.SCMServiceManager (SCMServiceManager.java:register(42)) - Registering service BackgroundPipelineScrubber.
2022-12-08 07:06:19,939 [Listener at 127.0.0.1/32903] INFO  ExpiredContainerReplicaOpScrubber (BackgroundSCMService.java:start(68)) - Starting ExpiredContainerReplicaOpScrubber Service.
2022-12-08 07:06:19,940 [e288a489-637a-4316-af43-30866b2c8bfc@group-318BFFFF3E34-SegmentedRaftLogWorker] INFO  segmented.SegmentedRaftLogWorker (SegmentedRaftLogWorker.java:execute(656)) - e288a489-637a-4316-af43-30866b2c8bfc@group-318BFFFF3E34-SegmentedRaftLogWorker: created new log segment /home/runner/work/ozone/ozone/hadoop-ozone/integration-test/target/test-dir/MiniOzoneClusterImpl-3253a570-fb02-4895-b12a-309bd2ff2d50/datanode-3/data/ratis/5dd85db0-a362-406d-9fc8-318bffff3e34/current/log_inprogress_0
2022-12-08 07:06:19,950 [Listener at 127.0.0.1/32903] INFO  ha.SCMServiceManager (SCMServiceManager.java:register(42)) - Registering service ExpiredContainerReplicaOpScrubber.
2022-12-08 07:06:19,952 [Listener at 127.0.0.1/32903] INFO  algorithms.PipelineChoosePolicyFactory (PipelineChoosePolicyFactory.java:createPipelineChoosePolicyFromClass(73)) - Create pipeline choose policy of type org.apache.hadoop.hdds.scm.pipeline.choose.algorithms.RandomPipelineChoosePolicy
2022-12-08 07:06:19,952 [Listener at 127.0.0.1/32903] INFO  ha.SCMServiceManager (SCMServiceManager.java:register(42)) - Registering service SCMBlockDeletingService.
2022-12-08 07:06:19,953 [Listener at 127.0.0.1/32903] INFO  replication.ReplicationManager (ReplicationManager.java:start(254)) - Starting Replication Monitor Thread.
2022-12-08 07:06:19,955 [Listener at 127.0.0.1/32903] INFO  ha.SCMServiceManager (SCMServiceManager.java:register(42)) - Registering service ReplicationManager.
2022-12-08 07:06:19,955 [Listener at 127.0.0.1/32903] INFO  safemode.ContainerSafeModeRule (ContainerSafeModeRule.java:<init>(89)) - containers with one replica threshold count 0
2022-12-08 07:06:19,956 [Listener at 127.0.0.1/32903] INFO  safemode.HealthyPipelineSafeModeRule (HealthyPipelineSafeModeRule.java:initializeRule(169)) - Total pipeline count is 0, healthy pipeline threshold count is 1
2022-12-08 07:06:19,956 [Listener at 127.0.0.1/32903] INFO  safemode.OneReplicaPipelineSafeModeRule (OneReplicaPipelineSafeModeRule.java:initializeRule(180)) - Total pipeline count is 0, pipeline's with at least one datanode reported threshold count is 0
2022-12-08 07:06:19,959 [e288a489-637a-4316-af43-30866b2c8bfc@group-A8A841CF23D2-FollowerState] INFO  impl.FollowerState (FollowerState.java:run(143)) - e288a489-637a-4316-af43-30866b2c8bfc@group-A8A841CF23D2-FollowerState: change to CANDIDATE, lastRpcElapsedTime:5137368015ns, electionTimeout:5132ms
2022-12-08 07:06:19,959 [e288a489-637a-4316-af43-30866b2c8bfc@group-A8A841CF23D2-FollowerState] INFO  impl.RoleInfo (RoleInfo.java:shutdownFollowerState(110)) - e288a489-637a-4316-af43-30866b2c8bfc: shutdown e288a489-637a-4316-af43-30866b2c8bfc@group-A8A841CF23D2-FollowerState
2022-12-08 07:06:19,959 [e288a489-637a-4316-af43-30866b2c8bfc@group-A8A841CF23D2-FollowerState] INFO  server.RaftServer$Division (RaftServerImpl.java:setRole(321)) - e288a489-637a-4316-af43-30866b2c8bfc@group-A8A841CF23D2: changes role from  FOLLOWER to CANDIDATE at term 0 for changeToCandidate
2022-12-08 07:06:19,971 [Listener at 127.0.0.1/32903] INFO  ipc.CallQueueManager (CallQueueManager.java:<init>(90)) - Using callQueue: class java.util.concurrent.LinkedBlockingQueue, queueCapacity: 2000, scheduler: class org.apache.hadoop.ipc.DefaultRpcScheduler, ipcBackoff: false.
2022-12-08 07:06:19,975 [ReplicationMonitor] INFO  replication.ReplicationManager (ReplicationManager.java:processAll(323)) - Replication Manager is not ready to run until 3000ms after safemode exit
2022-12-08 07:06:19,989 [e288a489-637a-4316-af43-30866b2c8bfc@group-318BFFFF3E34-LeaderElection6] INFO  server.RaftServer$Division (ServerState.java:setRaftConf(430)) - e288a489-637a-4316-af43-30866b2c8bfc@group-318BFFFF3E34: set configuration 0: peers:[e288a489-637a-4316-af43-30866b2c8bfc|rpc:10.1.0.14:36389|dataStream:|priority:1|startupRole:FOLLOWER]|listeners:[], old=null
2022-12-08 07:06:19,989 [Socket Reader #1 for port 0] INFO  ipc.Server (Server.java:run(1273)) - Starting Socket Reader #1 for port 0
2022-12-08 07:06:19,994 [e288a489-637a-4316-af43-30866b2c8bfc@group-A8A841CF23D2-FollowerState] INFO  server.RaftServerConfigKeys (ConfUtils.java:logGet(46)) - raft.server.leaderelection.pre-vote = false (custom)
2022-12-08 07:06:19,994 [e288a489-637a-4316-af43-30866b2c8bfc@group-A8A841CF23D2-FollowerState] INFO  impl.RoleInfo (RoleInfo.java:updateAndGet(139)) - e288a489-637a-4316-af43-30866b2c8bfc: start e288a489-637a-4316-af43-30866b2c8bfc@group-A8A841CF23D2-LeaderElection7
2022-12-08 07:06:19,994 [Listener at 0.0.0.0/43949] INFO  ipc.CallQueueManager (CallQueueManager.java:<init>(90)) - Using callQueue: class java.util.concurrent.LinkedBlockingQueue, queueCapacity: 2000, scheduler: class org.apache.hadoop.ipc.DefaultRpcScheduler, ipcBackoff: false.
2022-12-08 07:06:20,030 [Socket Reader #1 for port 0] INFO  ipc.Server (Server.java:run(1273)) - Starting Socket Reader #1 for port 0
2022-12-08 07:06:20,043 [e288a489-637a-4316-af43-30866b2c8bfc@group-A8A841CF23D2-LeaderElection7] INFO  impl.LeaderElection (LeaderElection.java:askForVotes(312)) - e288a489-637a-4316-af43-30866b2c8bfc@group-A8A841CF23D2-LeaderElection7 ELECTION round 0: submit vote requests at term 1 for -1: peers:[aa703a63-3c65-4215-94e9-ba864e506dd9|rpc:10.1.0.14:39791|priority:1|startupRole:FOLLOWER, e288a489-637a-4316-af43-30866b2c8bfc|rpc:10.1.0.14:36389|priority:0|startupRole:FOLLOWER, 6eec9aac-ee1b-4e1e-837d-d3cab734710b|rpc:10.1.0.14:33309|priority:0|startupRole:FOLLOWER]|listeners:[], old=null
2022-12-08 07:06:20,044 [Listener at 0.0.0.0/41221] INFO  ipc.CallQueueManager (CallQueueManager.java:<init>(90)) - Using callQueue: class java.util.concurrent.LinkedBlockingQueue, queueCapacity: 2000, scheduler: class org.apache.hadoop.ipc.DefaultRpcScheduler, ipcBackoff: false.
2022-12-08 07:06:20,046 [e288a489-637a-4316-af43-30866b2c8bfc@group-A8A841CF23D2-LeaderElection7] INFO  server.RaftServerConfigKeys (ConfUtils.java:logFallback(53)) - raft.server.rpc.first-election.timeout.min = 5s (fallback to raft.server.rpc.timeout.min)
2022-12-08 07:06:20,062 [e288a489-637a-4316-af43-30866b2c8bfc@group-A8A841CF23D2-LeaderElection7] INFO  server.RaftServerConfigKeys (ConfUtils.java:logFallback(53)) - raft.server.rpc.first-election.timeout.max = 5200ms (fallback to raft.server.rpc.timeout.max)
2022-12-08 07:06:20,052 [Socket Reader #1 for port 0] INFO  ipc.Server (Server.java:run(1273)) - Starting Socket Reader #1 for port 0
2022-12-08 07:06:20,051 [e288a489-637a-4316-af43-30866b2c8bfc@group-A8A841CF23D2-LeaderElection7-2] INFO  server.GrpcServerProtocolClient (GrpcServerProtocolClient.java:<init>(63)) - Build channel for 6eec9aac-ee1b-4e1e-837d-d3cab734710b
2022-12-08 07:06:20,046 [e288a489-637a-4316-af43-30866b2c8bfc@group-A8A841CF23D2-LeaderElection7-1] INFO  server.GrpcServerProtocolClient (GrpcServerProtocolClient.java:<init>(63)) - Build channel for aa703a63-3c65-4215-94e9-ba864e506dd9
2022-12-08 07:06:20,106 [grpc-default-executor-3] INFO  server.RaftServer$Division (RaftServerImpl.java:requestVote(1218)) - 6eec9aac-ee1b-4e1e-837d-d3cab734710b@group-A8A841CF23D2: receive requestVote(ELECTION, e288a489-637a-4316-af43-30866b2c8bfc, group-A8A841CF23D2, 1, (t:0, i:0))
2022-12-08 07:06:20,106 [grpc-default-executor-3] INFO  impl.VoteContext (VoteContext.java:log(49)) - 6eec9aac-ee1b-4e1e-837d-d3cab734710b@group-A8A841CF23D2-FOLLOWER: accept ELECTION from e288a489-637a-4316-af43-30866b2c8bfc: our priority 0 <= candidate's priority 0
2022-12-08 07:06:20,106 [grpc-default-executor-3] INFO  server.RaftServer$Division (RaftServerImpl.java:setRole(321)) - 6eec9aac-ee1b-4e1e-837d-d3cab734710b@group-A8A841CF23D2: changes role from  FOLLOWER to FOLLOWER at term 1 for candidate:e288a489-637a-4316-af43-30866b2c8bfc
2022-12-08 07:06:20,106 [grpc-default-executor-3] INFO  impl.RoleInfo (RoleInfo.java:shutdownFollowerState(110)) - 6eec9aac-ee1b-4e1e-837d-d3cab734710b: shutdown 6eec9aac-ee1b-4e1e-837d-d3cab734710b@group-A8A841CF23D2-FollowerState
2022-12-08 07:06:20,107 [grpc-default-executor-3] INFO  impl.RoleInfo (RoleInfo.java:updateAndGet(139)) - 6eec9aac-ee1b-4e1e-837d-d3cab734710b: start 6eec9aac-ee1b-4e1e-837d-d3cab734710b@group-A8A841CF23D2-FollowerState
2022-12-08 07:06:20,107 [6eec9aac-ee1b-4e1e-837d-d3cab734710b@group-A8A841CF23D2-FollowerState] INFO  impl.FollowerState (FollowerState.java:run(152)) - 6eec9aac-ee1b-4e1e-837d-d3cab734710b@group-A8A841CF23D2-FollowerState was interrupted
2022-12-08 07:06:20,124 [grpc-default-executor-0] INFO  server.RaftServer$Division (RaftServerImpl.java:requestVote(1218)) - aa703a63-3c65-4215-94e9-ba864e506dd9@group-A8A841CF23D2: receive requestVote(ELECTION, e288a489-637a-4316-af43-30866b2c8bfc, group-A8A841CF23D2, 1, (t:0, i:0))
2022-12-08 07:06:20,124 [grpc-default-executor-0] INFO  impl.VoteContext (VoteContext.java:log(49)) - aa703a63-3c65-4215-94e9-ba864e506dd9@group-A8A841CF23D2-FOLLOWER: reject ELECTION from e288a489-637a-4316-af43-30866b2c8bfc: our priority 1 > candidate's priority 0
2022-12-08 07:06:20,124 [grpc-default-executor-0] INFO  server.RaftServer$Division (RaftServerImpl.java:setRole(321)) - aa703a63-3c65-4215-94e9-ba864e506dd9@group-A8A841CF23D2: changes role from  FOLLOWER to FOLLOWER at term 1 for candidate:e288a489-637a-4316-af43-30866b2c8bfc
2022-12-08 07:06:20,124 [grpc-default-executor-0] INFO  impl.RoleInfo (RoleInfo.java:shutdownFollowerState(110)) - aa703a63-3c65-4215-94e9-ba864e506dd9: shutdown aa703a63-3c65-4215-94e9-ba864e506dd9@group-A8A841CF23D2-FollowerState
2022-12-08 07:06:20,124 [grpc-default-executor-0] INFO  impl.RoleInfo (RoleInfo.java:updateAndGet(139)) - aa703a63-3c65-4215-94e9-ba864e506dd9: start aa703a63-3c65-4215-94e9-ba864e506dd9@group-A8A841CF23D2-FollowerState
2022-12-08 07:06:20,125 [aa703a63-3c65-4215-94e9-ba864e506dd9@group-A8A841CF23D2-FollowerState] INFO  impl.FollowerState (FollowerState.java:run(152)) - aa703a63-3c65-4215-94e9-ba864e506dd9@group-A8A841CF23D2-FollowerState was interrupted
2022-12-08 07:06:20,127 [aa703a63-3c65-4215-94e9-ba864e506dd9@group-A8A841CF23D2-FollowerState] INFO  server.RaftServerConfigKeys (ConfUtils.java:logFallback(53)) - raft.server.rpc.first-election.timeout.min = 5s (fallback to raft.server.rpc.timeout.min)
2022-12-08 07:06:20,127 [aa703a63-3c65-4215-94e9-ba864e506dd9@group-A8A841CF23D2-FollowerState] INFO  server.RaftServerConfigKeys (ConfUtils.java:logFallback(53)) - raft.server.rpc.first-election.timeout.max = 5200ms (fallback to raft.server.rpc.timeout.max)
2022-12-08 07:06:20,129 [6eec9aac-ee1b-4e1e-837d-d3cab734710b@group-A8A841CF23D2-FollowerState] INFO  server.RaftServerConfigKeys (ConfUtils.java:logFallback(53)) - raft.server.rpc.first-election.timeout.min = 5s (fallback to raft.server.rpc.timeout.min)
2022-12-08 07:06:20,129 [6eec9aac-ee1b-4e1e-837d-d3cab734710b@group-A8A841CF23D2-FollowerState] INFO  server.RaftServerConfigKeys (ConfUtils.java:logFallback(53)) - raft.server.rpc.first-election.timeout.max = 5200ms (fallback to raft.server.rpc.timeout.max)
2022-12-08 07:06:20,131 [grpc-default-executor-0] INFO  server.RaftServer$Division (RaftServerImpl.java:requestVote(1251)) - aa703a63-3c65-4215-94e9-ba864e506dd9@group-A8A841CF23D2 replies to ELECTION vote request: e288a489-637a-4316-af43-30866b2c8bfc<-aa703a63-3c65-4215-94e9-ba864e506dd9#0:FAIL-t1. Peer's state: aa703a63-3c65-4215-94e9-ba864e506dd9@group-A8A841CF23D2:t1, leader=null, voted=null, raftlog=Memoized:aa703a63-3c65-4215-94e9-ba864e506dd9@group-A8A841CF23D2-SegmentedRaftLog:OPENED:c-1, conf=-1: peers:[aa703a63-3c65-4215-94e9-ba864e506dd9|rpc:10.1.0.14:39791|dataStream:|priority:1|startupRole:FOLLOWER, e288a489-637a-4316-af43-30866b2c8bfc|rpc:10.1.0.14:36389|dataStream:|priority:0|startupRole:FOLLOWER, 6eec9aac-ee1b-4e1e-837d-d3cab734710b|rpc:10.1.0.14:33309|dataStream:|priority:0|startupRole:FOLLOWER]|listeners:[], old=null
2022-12-08 07:06:20,130 [grpc-default-executor-3] INFO  server.RaftServer$Division (RaftServerImpl.java:requestVote(1251)) - 6eec9aac-ee1b-4e1e-837d-d3cab734710b@group-A8A841CF23D2 replies to ELECTION vote request: e288a489-637a-4316-af43-30866b2c8bfc<-6eec9aac-ee1b-4e1e-837d-d3cab734710b#0:OK-t1. Peer's state: 6eec9aac-ee1b-4e1e-837d-d3cab734710b@group-A8A841CF23D2:t1, leader=null, voted=e288a489-637a-4316-af43-30866b2c8bfc, raftlog=Memoized:6eec9aac-ee1b-4e1e-837d-d3cab734710b@group-A8A841CF23D2-SegmentedRaftLog:OPENED:c-1, conf=-1: peers:[aa703a63-3c65-4215-94e9-ba864e506dd9|rpc:10.1.0.14:39791|priority:1|startupRole:FOLLOWER, e288a489-637a-4316-af43-30866b2c8bfc|rpc:10.1.0.14:36389|priority:0|startupRole:FOLLOWER, 6eec9aac-ee1b-4e1e-837d-d3cab734710b|rpc:10.1.0.14:33309|priority:0|startupRole:FOLLOWER]|listeners:[], old=null
2022-12-08 07:06:20,141 [e288a489-637a-4316-af43-30866b2c8bfc@group-A8A841CF23D2-LeaderElection7] INFO  impl.LeaderElection (LeaderElection.java:logAndReturn(90)) - e288a489-637a-4316-af43-30866b2c8bfc@group-A8A841CF23D2-LeaderElection7: ELECTION REJECTED received 1 response(s) and 0 exception(s):
2022-12-08 07:06:20,142 [e288a489-637a-4316-af43-30866b2c8bfc@group-A8A841CF23D2-LeaderElection7] INFO  impl.LeaderElection (LeaderElection.java:logAndReturn(94)) -   Response 0: e288a489-637a-4316-af43-30866b2c8bfc<-aa703a63-3c65-4215-94e9-ba864e506dd9#0:FAIL-t1
2022-12-08 07:06:20,142 [e288a489-637a-4316-af43-30866b2c8bfc@group-A8A841CF23D2-LeaderElection7] INFO  impl.LeaderElection (LeaderElection.java:askForVotes(314)) - e288a489-637a-4316-af43-30866b2c8bfc@group-A8A841CF23D2-LeaderElection7 ELECTION round 0: result REJECTED
2022-12-08 07:06:20,142 [e288a489-637a-4316-af43-30866b2c8bfc@group-A8A841CF23D2-LeaderElection7] INFO  server.RaftServer$Division (RaftServerImpl.java:setRole(321)) - e288a489-637a-4316-af43-30866b2c8bfc@group-A8A841CF23D2: changes role from CANDIDATE to FOLLOWER at term 1 for REJECTED
2022-12-08 07:06:20,142 [e288a489-637a-4316-af43-30866b2c8bfc@group-A8A841CF23D2-LeaderElection7] INFO  impl.RoleInfo (RoleInfo.java:shutdownLeaderElection(130)) - e288a489-637a-4316-af43-30866b2c8bfc: shutdown e288a489-637a-4316-af43-30866b2c8bfc@group-A8A841CF23D2-LeaderElection7
2022-12-08 07:06:20,142 [e288a489-637a-4316-af43-30866b2c8bfc@group-A8A841CF23D2-LeaderElection7] INFO  impl.RoleInfo (RoleInfo.java:updateAndGet(139)) - e288a489-637a-4316-af43-30866b2c8bfc: start e288a489-637a-4316-af43-30866b2c8bfc@group-A8A841CF23D2-FollowerState
2022-12-08 07:06:20,143 [Listener at 0.0.0.0/42723] INFO  ha.SCMServiceManager (SCMServiceManager.java:register(42)) - Registering service ContainerBalancer.
2022-12-08 07:06:20,149 [Listener at 0.0.0.0/42723] INFO  server.StorageContainerManager (StorageContainerManager.java:<init>(397)) - 
Container Balancer status:
Key                            Value
Running                        true
Container Balancer Configuration values:
Key                                                Value
Threshold                                          10
Max Datanodes to Involve per Iteration(percent)    20
Max Size to Move per Iteration                     500GB
Max Size Entering Target per Iteration             26GB
Max Size Leaving Source per Iteration              26GB

2022-12-08 07:06:20,149 [Listener at 0.0.0.0/42723] INFO  ha.SCMContext (SCMContext.java:updateSafeModeStatus(228)) - Update SafeModeStatus from SafeModeStatus{safeModeStatus=true, preCheckPassed=false} to SafeModeStatus{safeModeStatus=true, preCheckPassed=false}.
2022-12-08 07:06:20,146 [e288a489-637a-4316-af43-30866b2c8bfc@group-A8A841CF23D2-FollowerState] INFO  server.RaftServerConfigKeys (ConfUtils.java:logFallback(53)) - raft.server.rpc.first-election.timeout.min = 5s (fallback to raft.server.rpc.timeout.min)
2022-12-08 07:06:20,151 [e288a489-637a-4316-af43-30866b2c8bfc@group-A8A841CF23D2-FollowerState] INFO  server.RaftServerConfigKeys (ConfUtils.java:logFallback(53)) - raft.server.rpc.first-election.timeout.max = 5200ms (fallback to raft.server.rpc.timeout.max)
2022-12-08 07:06:20,154 [Listener at 0.0.0.0/42723] INFO  server.StorageContainerManager (StorageContainerManager.java:start(1419)) - StorageContainerLocationProtocol RPC server is listening at /0.0.0.0:42723
2022-12-08 07:06:20,154 [Listener at 0.0.0.0/42723] INFO  impl.MetricsSystemImpl (MetricsSystemImpl.java:init(158)) - StorageContainerManager metrics system started (again)
2022-12-08 07:06:20,196 [Listener at 0.0.0.0/42723] INFO  server.SCMClientProtocolServer (SCMClientProtocolServer.java:start(170)) - RPC server for Client  is listening at /0.0.0.0:42723
2022-12-08 07:06:20,199 [IPC Server Responder] INFO  ipc.Server (Server.java:run(1512)) - IPC Server Responder: starting
2022-12-08 07:06:20,199 [IPC Server listener on 0] INFO  ipc.Server (Server.java:run(1352)) - IPC Server listener on 0: starting
2022-12-08 07:06:20,214 [Listener at 0.0.0.0/42723] INFO  server.StorageContainerManager (StorageContainerManager.java:start(1433)) - ScmBlockLocationProtocol RPC server is listening at /0.0.0.0:41221
2022-12-08 07:06:20,215 [Listener at 0.0.0.0/42723] INFO  server.SCMBlockProtocolServer (SCMBlockProtocolServer.java:start(152)) - RPC server for Block Protocol is listening at /0.0.0.0:41221
2022-12-08 07:06:20,216 [IPC Server Responder] INFO  ipc.Server (Server.java:run(1512)) - IPC Server Responder: starting
2022-12-08 07:06:20,217 [IPC Server listener on 0] INFO  ipc.Server (Server.java:run(1352)) - IPC Server listener on 0: starting
2022-12-08 07:06:20,220 [Listener at 0.0.0.0/42723] INFO  server.SCMDatanodeProtocolServer (SCMDatanodeProtocolServer.java:start(186)) - ScmDatanodeProtocol RPC server for DataNodes is listening at /0.0.0.0:43949
2022-12-08 07:06:20,221 [IPC Server Responder] INFO  ipc.Server (Server.java:run(1512)) - IPC Server Responder: starting
2022-12-08 07:06:20,221 [IPC Server listener on 0] INFO  ipc.Server (Server.java:run(1352)) - IPC Server listener on 0: starting
2022-12-08 07:06:20,237 [Listener at 0.0.0.0/42723] INFO  http.BaseHttpServer (BaseHttpServer.java:newHttpServer2BuilderForOzone(213)) - Starting Web-server for scm at: http://0.0.0.0:0
2022-12-08 07:06:20,238 [Listener at 0.0.0.0/42723] INFO  http.BaseHttpServer (BaseHttpServer.java:<init>(108)) - Hadoop Security Enabled: false Ozone Security Enabled: false Ozone HTTP Security Enabled: false 
2022-12-08 07:06:20,240 [Listener at 0.0.0.0/42723] WARN  server.AuthenticationFilter (AuthenticationFilter.java:constructSecretProvider(240)) - Unable to initialize FileSignerSecretProvider, falling back to use random secrets. Reason: Could not read signature secret file: /home/runner/hadoop-http-auth-signature-secret
2022-12-08 07:06:20,241 [Listener at 0.0.0.0/42723] WARN  http.HttpRequestLog (HttpRequestLog.java:getRequestLog(103)) - Jetty request log can only be enabled using Log4j
2022-12-08 07:06:20,243 [Listener at 0.0.0.0/42723] INFO  http.HttpServer2 (HttpServer2.java:addGlobalFilter(1031)) - Added global filter 'safety' (class=org.apache.hadoop.hdds.server.http.HttpServer2$QuotingInputFilter)
2022-12-08 07:06:20,244 [Listener at 0.0.0.0/42723] INFO  http.HttpServer2 (HttpServer2.java:addFilter(1007)) - Added filter static_user_filter (class=org.apache.hadoop.http.lib.StaticUserWebFilter$StaticUserFilter) to context scm
2022-12-08 07:06:20,244 [Listener at 0.0.0.0/42723] INFO  http.HttpServer2 (HttpServer2.java:addFilter(1015)) - Added filter static_user_filter (class=org.apache.hadoop.http.lib.StaticUserWebFilter$StaticUserFilter) to context static
2022-12-08 07:06:20,244 [Listener at 0.0.0.0/42723] INFO  http.HttpServer2 (HttpServer2.java:addFilter(1015)) - Added filter static_user_filter (class=org.apache.hadoop.http.lib.StaticUserWebFilter$StaticUserFilter) to context logs
2022-12-08 07:06:20,245 [org.apache.hadoop.util.JvmPauseMonitor$Monitor@1ba1bb33] INFO  util.JvmPauseMonitor (JvmPauseMonitor.java:run(188)) - Starting JVM pause monitor
2022-12-08 07:06:20,245 [Listener at 0.0.0.0/42723] INFO  http.HttpServer2 (HttpServer2.java:bindListener(1250)) - Jetty bound to port 45217
2022-12-08 07:06:20,246 [Listener at 0.0.0.0/42723] INFO  server.Server (Server.java:doStart(375)) - jetty-9.4.49.v20220914; built: 2022-09-14T01:07:36.601Z; git: 4231a3b2e4cb8548a412a789936d640a97b1aa0a; jvm 1.8.0_352-b08
2022-12-08 07:06:20,250 [EventQueue-CommandQueueReportForCommandQueueReportHandler] WARN  events.EventQueue (EventQueue.java:fireEvent(216)) - No event handler registered for event TypedEvent{payloadType=DatanodeDetails, name='Datanode_Command_Queue_Updated'}
2022-12-08 07:06:20,257 [ReplicationMonitor] INFO  replication.ReplicationManager (ReplicationManager.java:processAll(323)) - Replication Manager is not ready to run until 3000ms after safemode exit
2022-12-08 07:06:20,279 [Listener at 0.0.0.0/42723] INFO  server.session (DefaultSessionIdManager.java:doStart(334)) - DefaultSessionIdManager workerName=node0
2022-12-08 07:06:20,280 [Listener at 0.0.0.0/42723] INFO  server.session (DefaultSessionIdManager.java:doStart(339)) - No SessionScavenger set, using defaults
2022-12-08 07:06:20,280 [Listener at 0.0.0.0/42723] INFO  server.session (HouseKeeper.java:startScavenging(132)) - node0 Scavenging every 660000ms
2022-12-08 07:06:20,283 [Listener at 0.0.0.0/42723] INFO  handler.ContextHandler (ContextHandler.java:doStart(921)) - Started o.e.j.s.ServletContextHandler@222c938b{logs,/logs,file:///home/runner/work/ozone/ozone/hadoop-ozone/integration-test/target/log,AVAILABLE}
2022-12-08 07:06:20,283 [Listener at 0.0.0.0/42723] INFO  handler.ContextHandler (ContextHandler.java:doStart(921)) - Started o.e.j.s.ServletContextHandler@3f2082a2{static,/static,file:///home/runner/work/ozone/ozone/hadoop-ozone/integration-test/target/test-classes/webapps/static,AVAILABLE}
2022-12-08 07:06:20,292 [Listener at 0.0.0.0/42723] INFO  handler.ContextHandler (ContextHandler.java:doStart(921)) - Started o.e.j.w.WebAppContext@7bc665a3{scm,/,file:///home/runner/work/ozone/ozone/hadoop-ozone/integration-test/target/test-classes/webapps/scm/,AVAILABLE}{file:/home/runner/work/ozone/ozone/hadoop-ozone/integration-test/target/test-classes/webapps/scm}
2022-12-08 07:06:20,296 [Listener at 0.0.0.0/42723] INFO  server.AbstractConnector (AbstractConnector.java:doStart(333)) - Started ServerConnector@2ba17b48{HTTP/1.1, (http/1.1)}{0.0.0.0:45217}
2022-12-08 07:06:20,296 [Listener at 0.0.0.0/42723] INFO  server.Server (Server.java:doStart(415)) - Started @25760ms
2022-12-08 07:06:20,296 [Listener at 0.0.0.0/42723] WARN  impl.MetricsSystemImpl (MetricsSystemImpl.java:register(279)) - Sink prometheus already exists!
2022-12-08 07:06:20,297 [Listener at 0.0.0.0/42723] INFO  http.BaseHttpServer (BaseHttpServer.java:updateConnectorAddress(333)) - HTTP server of scm listening at http://0.0.0.0:45217
2022-12-08 07:06:20,297 [Listener at 0.0.0.0/42723] WARN  server.ServerUtils (ServerUtils.java:getDBPath(225)) - ozone.om.db.dirs is not configured. We recommend adding this setting. Falling back to ozone.metadata.dirs instead.
2022-12-08 07:06:20,302 [Listener at 0.0.0.0/42723] INFO  ha.OMHANodeDetails (OMHANodeDetails.java:loadOMHAConfig(115)) - ozone.om.internal.service.id is not defined, falling back to ozone.om.service.ids to find serviceID for OzoneManager if it is HA enabled cluster
2022-12-08 07:06:20,302 [Listener at 0.0.0.0/42723] INFO  ha.OMHANodeDetails (OMHANodeDetails.java:loadOMHAConfig(226)) - Configuration does not have ozone.om.address set. Falling back to the default OM address /127.0.0.1:0
2022-12-08 07:06:20,302 [Listener at 0.0.0.0/42723] INFO  ha.OMHANodeDetails (OMHANodeDetails.java:getOMNodeDetailsForNonHA(254)) - OM Service ID is not set. Setting it to the default ID: omServiceIdDefault
2022-12-08 07:06:20,302 [Listener at 0.0.0.0/42723] INFO  ha.OMHANodeDetails (OMHANodeDetails.java:getOMNodeDetailsForNonHA(261)) - OM Node ID is not set. Setting it to the default ID: om1
2022-12-08 07:06:20,303 [Listener at 0.0.0.0/42723] WARN  server.ServerUtils (ServerUtils.java:getDBPath(225)) - ozone.om.db.dirs is not configured. We recommend adding this setting. Falling back to ozone.metadata.dirs instead.
2022-12-08 07:06:20,303 [Listener at 0.0.0.0/42723] INFO  upgrade.AbstractLayoutVersionManager (AbstractLayoutVersionManager.java:init(83)) - Initializing Layout version manager with metadata layout = MULTITENANCY_SCHEMA (version = 3), software layout = MULTITENANCY_SCHEMA (version = 3)
2022-12-08 07:06:20,362 [EventQueue-CommandQueueReportForCommandQueueReportHandler] WARN  events.EventQueue (EventQueue.java:fireEvent(216)) - No event handler registered for event TypedEvent{payloadType=DatanodeDetails, name='Datanode_Command_Queue_Updated'}
2022-12-08 07:06:20,477 [6eec9aac-ee1b-4e1e-837d-d3cab734710b@group-0BDA8A85D201-FollowerState] INFO  impl.FollowerState (FollowerState.java:run(143)) - 6eec9aac-ee1b-4e1e-837d-d3cab734710b@group-0BDA8A85D201-FollowerState: change to CANDIDATE, lastRpcElapsedTime:5151202982ns, electionTimeout:5144ms
2022-12-08 07:06:20,477 [6eec9aac-ee1b-4e1e-837d-d3cab734710b@group-0BDA8A85D201-FollowerState] INFO  impl.RoleInfo (RoleInfo.java:shutdownFollowerState(110)) - 6eec9aac-ee1b-4e1e-837d-d3cab734710b: shutdown 6eec9aac-ee1b-4e1e-837d-d3cab734710b@group-0BDA8A85D201-FollowerState
2022-12-08 07:06:20,477 [6eec9aac-ee1b-4e1e-837d-d3cab734710b@group-0BDA8A85D201-FollowerState] INFO  server.RaftServer$Division (RaftServerImpl.java:setRole(321)) - 6eec9aac-ee1b-4e1e-837d-d3cab734710b@group-0BDA8A85D201: changes role from  FOLLOWER to CANDIDATE at term 0 for changeToCandidate
2022-12-08 07:06:20,478 [6eec9aac-ee1b-4e1e-837d-d3cab734710b@group-0BDA8A85D201-FollowerState] INFO  server.RaftServerConfigKeys (ConfUtils.java:logGet(46)) - raft.server.leaderelection.pre-vote = false (custom)
2022-12-08 07:06:20,478 [6eec9aac-ee1b-4e1e-837d-d3cab734710b@group-0BDA8A85D201-FollowerState] INFO  impl.RoleInfo (RoleInfo.java:updateAndGet(139)) - 6eec9aac-ee1b-4e1e-837d-d3cab734710b: start 6eec9aac-ee1b-4e1e-837d-d3cab734710b@group-0BDA8A85D201-LeaderElection8
2022-12-08 07:06:20,512 [EventQueue-CommandQueueReportForCommandQueueReportHandler] WARN  events.EventQueue (EventQueue.java:fireEvent(216)) - No event handler registered for event TypedEvent{payloadType=DatanodeDetails, name='Datanode_Command_Queue_Updated'}
2022-12-08 07:06:20,513 [EventQueue-CommandQueueReportForCommandQueueReportHandler] WARN  events.EventQueue (EventQueue.java:fireEvent(216)) - No event handler registered for event TypedEvent{payloadType=DatanodeDetails, name='Datanode_Command_Queue_Updated'}
2022-12-08 07:06:20,525 [6eec9aac-ee1b-4e1e-837d-d3cab734710b@group-0BDA8A85D201-LeaderElection8] INFO  impl.LeaderElection (LeaderElection.java:askForVotes(312)) - 6eec9aac-ee1b-4e1e-837d-d3cab734710b@group-0BDA8A85D201-LeaderElection8 ELECTION round 0: submit vote requests at term 1 for -1: peers:[6eec9aac-ee1b-4e1e-837d-d3cab734710b|rpc:10.1.0.14:33309|priority:1|startupRole:FOLLOWER]|listeners:[], old=null
2022-12-08 07:06:20,525 [6eec9aac-ee1b-4e1e-837d-d3cab734710b@group-0BDA8A85D201-LeaderElection8] INFO  impl.LeaderElection (LeaderElection.java:askForVotes(314)) - 6eec9aac-ee1b-4e1e-837d-d3cab734710b@group-0BDA8A85D201-LeaderElection8 ELECTION round 0: result PASSED (term=1)
2022-12-08 07:06:20,526 [6eec9aac-ee1b-4e1e-837d-d3cab734710b@group-0BDA8A85D201-LeaderElection8] INFO  impl.RoleInfo (RoleInfo.java:shutdownLeaderElection(130)) - 6eec9aac-ee1b-4e1e-837d-d3cab734710b: shutdown 6eec9aac-ee1b-4e1e-837d-d3cab734710b@group-0BDA8A85D201-LeaderElection8
2022-12-08 07:06:20,526 [6eec9aac-ee1b-4e1e-837d-d3cab734710b@group-0BDA8A85D201-LeaderElection8] INFO  server.RaftServer$Division (RaftServerImpl.java:setRole(321)) - 6eec9aac-ee1b-4e1e-837d-d3cab734710b@group-0BDA8A85D201: changes role from CANDIDATE to LEADER at term 1 for changeToLeader
2022-12-08 07:06:20,526 [6eec9aac-ee1b-4e1e-837d-d3cab734710b@group-0BDA8A85D201-LeaderElection8] INFO  ratis.XceiverServerRatis (XceiverServerRatis.java:handleLeaderChangedNotification(863)) - Leader change notification received for group: group-0BDA8A85D201 with new leaderId: 6eec9aac-ee1b-4e1e-837d-d3cab734710b
2022-12-08 07:06:20,527 [6eec9aac-ee1b-4e1e-837d-d3cab734710b@group-0BDA8A85D201-LeaderElection8] INFO  server.RaftServer$Division (ServerState.java:setLeader(313)) - 6eec9aac-ee1b-4e1e-837d-d3cab734710b@group-0BDA8A85D201: change Leader from null to 6eec9aac-ee1b-4e1e-837d-d3cab734710b at term 1 for becomeLeader, leader elected after 5245ms
2022-12-08 07:06:20,527 [6eec9aac-ee1b-4e1e-837d-d3cab734710b@group-0BDA8A85D201-LeaderElection8] INFO  server.RaftServerConfigKeys (ConfUtils.java:logGet(46)) - raft.server.staging.catchup.gap = 1000 (default)
2022-12-08 07:06:20,529 [EventQueue-CommandQueueReportForCommandQueueReportHandler] WARN  events.EventQueue (EventQueue.java:fireEvent(216)) - No event handler registered for event TypedEvent{payloadType=DatanodeDetails, name='Datanode_Command_Queue_Updated'}
2022-12-08 07:06:20,530 [6eec9aac-ee1b-4e1e-837d-d3cab734710b@group-0BDA8A85D201-LeaderElection8] INFO  server.RaftServerConfigKeys (ConfUtils.java:logGet(46)) - raft.server.write.element-limit = 1024 (custom)
2022-12-08 07:06:20,530 [6eec9aac-ee1b-4e1e-837d-d3cab734710b@group-0BDA8A85D201-LeaderElection8] INFO  server.RaftServerConfigKeys (ConfUtils.java:logGet(46)) - raft.server.write.byte-limit = 1024 M (=1073741824) (custom)
2022-12-08 07:06:20,532 [6eec9aac-ee1b-4e1e-837d-d3cab734710b@group-0BDA8A85D201-LeaderElection8] INFO  server.RaftServerConfigKeys (ConfUtils.java:logGet(46)) - raft.server.watch.timeout = 180s (custom)
2022-12-08 07:06:20,532 [6eec9aac-ee1b-4e1e-837d-d3cab734710b@group-0BDA8A85D201-LeaderElection8] INFO  server.RaftServerConfigKeys (ConfUtils.java:logGet(46)) - raft.server.watch.timeout.denomination = 1s (default)
2022-12-08 07:06:20,533 [6eec9aac-ee1b-4e1e-837d-d3cab734710b@group-0BDA8A85D201-LeaderElection8] INFO  server.RaftServerConfigKeys (ConfUtils.java:logGet(46)) - raft.server.watch.element-limit = 65536 (default)
2022-12-08 07:06:20,533 [6eec9aac-ee1b-4e1e-837d-d3cab734710b@group-0BDA8A85D201-LeaderElection8] INFO  server.RaftServerConfigKeys (ConfUtils.java:logGet(46)) - raft.server.write.element-limit = 1024 (custom)
2022-12-08 07:06:20,533 [6eec9aac-ee1b-4e1e-837d-d3cab734710b@group-0BDA8A85D201-LeaderElection8] INFO  server.RaftServerConfigKeys (ConfUtils.java:logGet(46)) - raft.server.write.follower.gap.ratio.max = -1.0 (default)
2022-12-08 07:06:20,533 [6eec9aac-ee1b-4e1e-837d-d3cab734710b@group-0BDA8A85D201-LeaderElection8] INFO  impl.RoleInfo (RoleInfo.java:updateAndGet(139)) - 6eec9aac-ee1b-4e1e-837d-d3cab734710b: start 6eec9aac-ee1b-4e1e-837d-d3cab734710b@group-0BDA8A85D201-LeaderStateImpl
2022-12-08 07:06:20,536 [6eec9aac-ee1b-4e1e-837d-d3cab734710b@group-0BDA8A85D201-LeaderElection8] INFO  segmented.SegmentedRaftLogWorker (SegmentedRaftLogWorker.java:startLogSegment(452)) - 6eec9aac-ee1b-4e1e-837d-d3cab734710b@group-0BDA8A85D201-SegmentedRaftLogWorker: Starting segment from index:0
2022-12-08 07:06:20,538 [6eec9aac-ee1b-4e1e-837d-d3cab734710b@group-0BDA8A85D201-SegmentedRaftLogWorker] INFO  segmented.SegmentedRaftLogWorker (SegmentedRaftLogWorker.java:execute(656)) - 6eec9aac-ee1b-4e1e-837d-d3cab734710b@group-0BDA8A85D201-SegmentedRaftLogWorker: created new log segment /home/runner/work/ozone/ozone/hadoop-ozone/integration-test/target/test-dir/MiniOzoneClusterImpl-3253a570-fb02-4895-b12a-309bd2ff2d50/datanode-4/data/ratis/ed886c2b-3b24-41db-9809-0bda8a85d201/current/log_inprogress_0
2022-12-08 07:06:20,563 [6eec9aac-ee1b-4e1e-837d-d3cab734710b@group-0BDA8A85D201-LeaderElection8] INFO  server.RaftServer$Division (ServerState.java:setRaftConf(430)) - 6eec9aac-ee1b-4e1e-837d-d3cab734710b@group-0BDA8A85D201: set configuration 0: peers:[6eec9aac-ee1b-4e1e-837d-d3cab734710b|rpc:10.1.0.14:33309|dataStream:|priority:1|startupRole:FOLLOWER]|listeners:[], old=null
2022-12-08 07:06:20,649 [Listener at 0.0.0.0/42723] INFO  reflections.Reflections (Reflections.java:scan(232)) - Reflections took 342 ms to scan 2 urls, producing 154 keys and 429 values [using 2 cores]
2022-12-08 07:06:20,650 [Listener at 0.0.0.0/42723] INFO  upgrade.OMLayoutVersionManager (OMLayoutVersionManager.java:lambda$0(115)) - Skipping Upgrade Action MockOmUpgradeAction since it has been finalized.
2022-12-08 07:06:20,650 [Listener at 0.0.0.0/42723] WARN  server.ServerUtils (ServerUtils.java:getDBPath(225)) - ozone.om.db.dirs is not configured. We recommend adding this setting. Falling back to ozone.metadata.dirs instead.
2022-12-08 07:06:20,653 [Listener at 0.0.0.0/42723] INFO  proxy.SCMBlockLocationFailoverProxyProvider (SCMBlockLocationFailoverProxyProvider.java:<init>(114)) - Created block location fail-over proxy with 1 nodes: [nodeId=scmNodeId,nodeAddress=/0.0.0.0:41221]
2022-12-08 07:06:20,663 [Listener at 0.0.0.0/42723] INFO  proxy.SCMBlockLocationFailoverProxyProvider (SCMBlockLocationFailoverProxyProvider.java:<init>(114)) - Created block location fail-over proxy with 1 nodes: [nodeId=scmNodeId,nodeAddress=/0.0.0.0:41221]
2022-12-08 07:06:20,681 [main] INFO  rpc.RpcClient (RpcClient.java:createVolume(472)) - Creating Volume: vol1, with user59443 as owner and space quota set to -1 bytes, counts quota set to -1
2022-12-08 07:06:20,699 [Listener at 0.0.0.0/42723] WARN  server.ServerUtils (ServerUtils.java:getDBPath(225)) - ozone.om.db.dirs is not configured. We recommend adding this setting. Falling back to ozone.metadata.dirs instead.
2022-12-08 07:06:20,699 [EventQueue-CommandQueueReportForCommandQueueReportHandler] WARN  events.EventQueue (EventQueue.java:fireEvent(216)) - No event handler registered for event TypedEvent{payloadType=DatanodeDetails, name='Datanode_Command_Queue_Updated'}
2022-12-08 07:06:20,699 [Listener at 0.0.0.0/42723] INFO  codec.OmKeyInfoCodec (OmKeyInfoCodec.java:<init>(49)) - OmKeyInfoCodec ignorePipeline = true
2022-12-08 07:06:20,700 [Listener at 0.0.0.0/42723] INFO  codec.RepeatedOmKeyInfoCodec (RepeatedOmKeyInfoCodec.java:<init>(41)) - RepeatedOmKeyInfoCodec ignorePipeline = true
2022-12-08 07:06:20,753 [aa703a63-3c65-4215-94e9-ba864e506dd9@group-C19893A30753-FollowerState] INFO  impl.FollowerState (FollowerState.java:run(143)) - aa703a63-3c65-4215-94e9-ba864e506dd9@group-C19893A30753-FollowerState: change to CANDIDATE, lastRpcElapsedTime:5025075297ns, electionTimeout:5024ms
2022-12-08 07:06:20,753 [aa703a63-3c65-4215-94e9-ba864e506dd9@group-C19893A30753-FollowerState] INFO  impl.RoleInfo (RoleInfo.java:shutdownFollowerState(110)) - aa703a63-3c65-4215-94e9-ba864e506dd9: shutdown aa703a63-3c65-4215-94e9-ba864e506dd9@group-C19893A30753-FollowerState
2022-12-08 07:06:20,754 [aa703a63-3c65-4215-94e9-ba864e506dd9@group-C19893A30753-FollowerState] INFO  server.RaftServer$Division (RaftServerImpl.java:setRole(321)) - aa703a63-3c65-4215-94e9-ba864e506dd9@group-C19893A30753: changes role from  FOLLOWER to CANDIDATE at term 0 for changeToCandidate
2022-12-08 07:06:20,754 [aa703a63-3c65-4215-94e9-ba864e506dd9@group-C19893A30753-FollowerState] INFO  server.RaftServerConfigKeys (ConfUtils.java:logGet(46)) - raft.server.leaderelection.pre-vote = false (custom)
2022-12-08 07:06:20,754 [aa703a63-3c65-4215-94e9-ba864e506dd9@group-C19893A30753-FollowerState] INFO  impl.RoleInfo (RoleInfo.java:updateAndGet(139)) - aa703a63-3c65-4215-94e9-ba864e506dd9: start aa703a63-3c65-4215-94e9-ba864e506dd9@group-C19893A30753-LeaderElection9
2022-12-08 07:06:20,775 [aa703a63-3c65-4215-94e9-ba864e506dd9@group-C19893A30753-LeaderElection9] INFO  impl.LeaderElection (LeaderElection.java:askForVotes(312)) - aa703a63-3c65-4215-94e9-ba864e506dd9@group-C19893A30753-LeaderElection9 ELECTION round 0: submit vote requests at term 1 for -1: peers:[aa703a63-3c65-4215-94e9-ba864e506dd9|rpc:10.1.0.14:39791|priority:1|startupRole:FOLLOWER]|listeners:[], old=null
2022-12-08 07:06:20,775 [aa703a63-3c65-4215-94e9-ba864e506dd9@group-C19893A30753-LeaderElection9] INFO  impl.LeaderElection (LeaderElection.java:askForVotes(314)) - aa703a63-3c65-4215-94e9-ba864e506dd9@group-C19893A30753-LeaderElection9 ELECTION round 0: result PASSED (term=1)
2022-12-08 07:06:20,775 [aa703a63-3c65-4215-94e9-ba864e506dd9@group-C19893A30753-LeaderElection9] INFO  impl.RoleInfo (RoleInfo.java:shutdownLeaderElection(130)) - aa703a63-3c65-4215-94e9-ba864e506dd9: shutdown aa703a63-3c65-4215-94e9-ba864e506dd9@group-C19893A30753-LeaderElection9
2022-12-08 07:06:20,776 [aa703a63-3c65-4215-94e9-ba864e506dd9@group-C19893A30753-LeaderElection9] INFO  server.RaftServer$Division (RaftServerImpl.java:setRole(321)) - aa703a63-3c65-4215-94e9-ba864e506dd9@group-C19893A30753: changes role from CANDIDATE to LEADER at term 1 for changeToLeader
2022-12-08 07:06:20,776 [aa703a63-3c65-4215-94e9-ba864e506dd9@group-C19893A30753-LeaderElection9] INFO  ratis.XceiverServerRatis (XceiverServerRatis.java:handleLeaderChangedNotification(863)) - Leader change notification received for group: group-C19893A30753 with new leaderId: aa703a63-3c65-4215-94e9-ba864e506dd9
2022-12-08 07:06:20,776 [aa703a63-3c65-4215-94e9-ba864e506dd9@group-C19893A30753-LeaderElection9] INFO  server.RaftServer$Division (ServerState.java:setLeader(313)) - aa703a63-3c65-4215-94e9-ba864e506dd9@group-C19893A30753: change Leader from null to aa703a63-3c65-4215-94e9-ba864e506dd9 at term 1 for becomeLeader, leader elected after 5091ms
2022-12-08 07:06:20,776 [aa703a63-3c65-4215-94e9-ba864e506dd9@group-C19893A30753-LeaderElection9] INFO  server.RaftServerConfigKeys (ConfUtils.java:logGet(46)) - raft.server.staging.catchup.gap = 1000 (default)
2022-12-08 07:06:20,777 [aa703a63-3c65-4215-94e9-ba864e506dd9@group-C19893A30753-LeaderElection9] INFO  server.RaftServerConfigKeys (ConfUtils.java:logGet(46)) - raft.server.write.element-limit = 1024 (custom)
2022-12-08 07:06:20,777 [aa703a63-3c65-4215-94e9-ba864e506dd9@group-C19893A30753-LeaderElection9] INFO  server.RaftServerConfigKeys (ConfUtils.java:logGet(46)) - raft.server.write.byte-limit = 1024 M (=1073741824) (custom)
2022-12-08 07:06:20,777 [aa703a63-3c65-4215-94e9-ba864e506dd9@group-C19893A30753-LeaderElection9] INFO  server.RaftServerConfigKeys (ConfUtils.java:logGet(46)) - raft.server.watch.timeout = 180s (custom)
2022-12-08 07:06:20,777 [aa703a63-3c65-4215-94e9-ba864e506dd9@group-C19893A30753-LeaderElection9] INFO  server.RaftServerConfigKeys (ConfUtils.java:logGet(46)) - raft.server.watch.timeout.denomination = 1s (default)
2022-12-08 07:06:20,778 [EventQueue-CommandQueueReportForCommandQueueReportHandler] WARN  events.EventQueue (EventQueue.java:fireEvent(216)) - No event handler registered for event TypedEvent{payloadType=DatanodeDetails, name='Datanode_Command_Queue_Updated'}
2022-12-08 07:06:20,779 [aa703a63-3c65-4215-94e9-ba864e506dd9@group-C19893A30753-LeaderElection9] INFO  server.RaftServerConfigKeys (ConfUtils.java:logGet(46)) - raft.server.watch.element-limit = 65536 (default)
2022-12-08 07:06:20,782 [aa703a63-3c65-4215-94e9-ba864e506dd9@group-C19893A30753-LeaderElection9] INFO  server.RaftServerConfigKeys (ConfUtils.java:logGet(46)) - raft.server.write.element-limit = 1024 (custom)
2022-12-08 07:06:20,784 [aa703a63-3c65-4215-94e9-ba864e506dd9@group-C19893A30753-LeaderElection9] INFO  server.RaftServerConfigKeys (ConfUtils.java:logGet(46)) - raft.server.write.follower.gap.ratio.max = -1.0 (default)
2022-12-08 07:06:20,784 [aa703a63-3c65-4215-94e9-ba864e506dd9@group-C19893A30753-LeaderElection9] INFO  impl.RoleInfo (RoleInfo.java:updateAndGet(139)) - aa703a63-3c65-4215-94e9-ba864e506dd9: start aa703a63-3c65-4215-94e9-ba864e506dd9@group-C19893A30753-LeaderStateImpl
2022-12-08 07:06:20,785 [aa703a63-3c65-4215-94e9-ba864e506dd9@group-C19893A30753-LeaderElection9] INFO  segmented.SegmentedRaftLogWorker (SegmentedRaftLogWorker.java:startLogSegment(452)) - aa703a63-3c65-4215-94e9-ba864e506dd9@group-C19893A30753-SegmentedRaftLogWorker: Starting segment from index:0
2022-12-08 07:06:20,799 [aa703a63-3c65-4215-94e9-ba864e506dd9@group-C19893A30753-SegmentedRaftLogWorker] INFO  segmented.SegmentedRaftLogWorker (SegmentedRaftLogWorker.java:execute(656)) - aa703a63-3c65-4215-94e9-ba864e506dd9@group-C19893A30753-SegmentedRaftLogWorker: created new log segment /home/runner/work/ozone/ozone/hadoop-ozone/integration-test/target/test-dir/MiniOzoneClusterImpl-3253a570-fb02-4895-b12a-309bd2ff2d50/datanode-5/data/ratis/bd0ae4a8-76e8-4937-b5e0-c19893a30753/current/log_inprogress_0
2022-12-08 07:06:20,811 [aa703a63-3c65-4215-94e9-ba864e506dd9@group-C19893A30753-LeaderElection9] INFO  server.RaftServer$Division (ServerState.java:setRaftConf(430)) - aa703a63-3c65-4215-94e9-ba864e506dd9@group-C19893A30753: set configuration 0: peers:[aa703a63-3c65-4215-94e9-ba864e506dd9|rpc:10.1.0.14:39791|dataStream:|priority:1|startupRole:FOLLOWER]|listeners:[], old=null
2022-12-08 07:06:20,828 [EventQueue-CommandQueueReportForCommandQueueReportHandler] WARN  events.EventQueue (EventQueue.java:fireEvent(216)) - No event handler registered for event TypedEvent{payloadType=DatanodeDetails, name='Datanode_Command_Queue_Updated'}
2022-12-08 07:06:20,844 [OM StateMachine ApplyTransaction Thread - 0] INFO  volume.OMVolumeCreateRequest (OMVolumeCreateRequest.java:validateAndUpdateCache(195)) - created volume:vol1 for user:user59443
2022-12-08 07:06:20,877 [main] INFO  rpc.RpcClient (RpcClient.java:createBucket(691)) - Creating Bucket: vol1/bucket1, with bucket layout LEGACY, runner as owner, Versioning false, Storage Type set to DISK and Encryption set to false 
2022-12-08 07:06:20,929 [OM StateMachine ApplyTransaction Thread - 0] INFO  bucket.OMBucketCreateRequest (OMBucketCreateRequest.java:validateAndUpdateCache(260)) - created bucket: bucket1 of layout LEGACY in volume: vol1
2022-12-08 07:06:20,931 [EventQueue-CommandQueueReportForCommandQueueReportHandler] WARN  events.EventQueue (EventQueue.java:fireEvent(216)) - No event handler registered for event TypedEvent{payloadType=DatanodeDetails, name='Datanode_Command_Queue_Updated'}
2022-12-08 07:06:20,976 [ReplicationMonitor] INFO  replication.ReplicationManager (ReplicationManager.java:processAll(323)) - Replication Manager is not ready to run until 3000ms after safemode exit
2022-12-08 07:06:21,093 [IPC Server handler 12 on default port 39625] INFO  ha.SequenceIdGenerator (SequenceIdGenerator.java:getNextId(128)) - Allocate a batch for containerId, change lastId from 0 to 1000.
2022-12-08 07:06:21,130 [IPC Server handler 12 on default port 39625] WARN  ha.SequenceIdGenerator (SequenceIdGenerator.java:allocateBatch(237)) - Failed to allocate a batch for localId, expected lastId is 0, actual lastId is 109611004723200000.
2022-12-08 07:06:21,130 [IPC Server handler 12 on default port 39625] INFO  ha.SequenceIdGenerator (SequenceIdGenerator.java:getNextId(128)) - Allocate a batch for localId, change lastId from 109611004723200000 to 109611004723201000.
2022-12-08 07:06:21,245 [Listener at 0.0.0.0/42723] INFO  om.OzoneManager (OzoneManager.java:instantiateServices(715)) - S3 Multi-Tenancy is disabled
2022-12-08 07:06:21,249 [EventQueue-CommandQueueReportForCommandQueueReportHandler] WARN  events.EventQueue (EventQueue.java:fireEvent(216)) - No event handler registered for event TypedEvent{payloadType=DatanodeDetails, name='Datanode_Command_Queue_Updated'}
2022-12-08 07:06:21,250 [Listener at 0.0.0.0/42723] INFO  om.OzoneManager (OzoneManager.java:addS3GVolumeToDB(4400)) - Created Volume s3v With Owner runner required for S3Gateway operations.
2022-12-08 07:06:21,250 [Listener at 0.0.0.0/42723] WARN  server.ServerUtils (ServerUtils.java:getDefaultRatisDirectory(237)) - Storage directory for Ratis is not configured. It is a good idea to map this to an SSD disk. Falling back to ozone.metadata.dirs
2022-12-08 07:06:21,257 [Listener at 0.0.0.0/42723] WARN  utils.OzoneManagerRatisUtils (OzoneManagerRatisUtils.java:getOMRatisSnapshotDirectory(434)) - ozone.om.ratis.snapshot.dir is not configured. Falling back to ozone.metadata.dirs config
2022-12-08 07:06:21,257 [ReplicationMonitor] INFO  replication.ReplicationManager (ReplicationManager.java:processAll(323)) - Replication Manager is not ready to run until 3000ms after safemode exit
2022-12-08 07:06:21,257 [Listener at 0.0.0.0/42723] WARN  impl.MetricRegistriesImpl (MetricRegistriesImpl.java:addReporterRegistration(111)) - New reporters are added after registries were created. Some metrics will be missing from the reporter. Please add reporter before adding any new registry.
2022-12-08 07:06:21,258 [Listener at 0.0.0.0/42723] WARN  impl.MetricRegistriesImpl (MetricRegistriesImpl.java:addReporterRegistration(111)) - New reporters are added after registries were created. Some metrics will be missing from the reporter. Please add reporter before adding any new registry.
2022-12-08 07:06:21,258 [Listener at 0.0.0.0/42723] WARN  server.ServerUtils (ServerUtils.java:getDefaultRatisDirectory(237)) - Storage directory for Ratis is not configured. It is a good idea to map this to an SSD disk. Falling back to ozone.metadata.dirs
2022-12-08 07:06:21,259 [Listener at 0.0.0.0/42723] INFO  ratis.OzoneManagerRatisServer (OzoneManagerRatisServer.java:<init>(160)) - Instantiating OM Ratis server with groupID: omServiceIdDefault and peers: localhost:44291
2022-12-08 07:06:21,259 [Listener at 0.0.0.0/42723] INFO  ratis.OzoneManagerStateMachine (OzoneManagerStateMachine.java:loadSnapshotInfoFromDB(636)) - LastAppliedIndex is set from TransactionInfo from OM DB as (t:0, i:~)
2022-12-08 07:06:21,260 [Listener at 0.0.0.0/42723] INFO  server.RaftServer (ConfUtils.java:logGet(46)) - raft.rpc.type = GRPC (default)
2022-12-08 07:06:21,260 [Listener at 0.0.0.0/42723] INFO  grpc.GrpcConfigKeys (ConfUtils.java:logFallback(53)) - raft.grpc.admin.host = null (fallback to raft.grpc.server.host)
2022-12-08 07:06:21,268 [Listener at 0.0.0.0/42723] INFO  grpc.GrpcConfigKeys (ConfUtils.java:logFallback(53)) - raft.grpc.admin.port = 44291 (fallback to raft.grpc.server.port)
2022-12-08 07:06:21,268 [Listener at 0.0.0.0/42723] INFO  grpc.GrpcConfigKeys (ConfUtils.java:logFallback(53)) - raft.grpc.client.host = null (fallback to raft.grpc.server.host)
2022-12-08 07:06:21,268 [Listener at 0.0.0.0/42723] INFO  grpc.GrpcConfigKeys (ConfUtils.java:logFallback(53)) - raft.grpc.client.port = 44291 (fallback to raft.grpc.server.port)
2022-12-08 07:06:21,269 [Listener at 0.0.0.0/42723] INFO  grpc.GrpcConfigKeys (ConfUtils.java:logGet(46)) - raft.grpc.server.host = null (default)
2022-12-08 07:06:21,269 [Listener at 0.0.0.0/42723] INFO  grpc.GrpcConfigKeys (ConfUtils.java:logGet(46)) - raft.grpc.server.port = 44291 (custom)
2022-12-08 07:06:21,269 [Listener at 0.0.0.0/42723] INFO  server.GrpcService (ConfUtils.java:logGet(46)) - raft.grpc.message.size.max = 33554432 (custom)
2022-12-08 07:06:21,269 [Listener at 0.0.0.0/42723] INFO  server.RaftServerConfigKeys (ConfUtils.java:logGet(46)) - raft.server.log.appender.buffer.byte-limit = 33554432 (custom)
2022-12-08 07:06:21,269 [Listener at 0.0.0.0/42723] INFO  server.GrpcService (ConfUtils.java:logGet(46)) - raft.grpc.flow.control.window = 1MB (=1048576) (default)
2022-12-08 07:06:21,269 [Listener at 0.0.0.0/42723] INFO  server.RaftServerConfigKeys (ConfUtils.java:logGet(46)) - raft.server.rpc.request.timeout = 3000ms (default)
2022-12-08 07:06:21,269 [Listener at 0.0.0.0/42723] INFO  grpc.GrpcConfigKeys (ConfUtils.java:logGet(46)) - raft.grpc.server.heartbeat.channel = true (default)
2022-12-08 07:06:21,269 [Listener at 0.0.0.0/42723] INFO  grpc.GrpcConfigKeys (ConfUtils.java:logGet(46)) - raft.grpc.server.async.request.thread.pool.cached = true (default)
2022-12-08 07:06:21,269 [Listener at 0.0.0.0/42723] INFO  grpc.GrpcConfigKeys (ConfUtils.java:logGet(46)) - raft.grpc.server.async.request.thread.pool.size = 32 (default)
2022-12-08 07:06:21,271 [Listener at 0.0.0.0/42723] INFO  impl.DataStreamServerImpl (ConfUtils.java:logGet(46)) - raft.datastream.type = DISABLED (default)
2022-12-08 07:06:21,271 [Listener at 0.0.0.0/42723] INFO  server.RaftServerConfigKeys (ConfUtils.java:logGet(46)) - raft.server.threadpool.proxy.cached = true (default)
2022-12-08 07:06:21,271 [Listener at 0.0.0.0/42723] INFO  server.RaftServerConfigKeys (ConfUtils.java:logGet(46)) - raft.server.threadpool.proxy.size = 0 (default)
2022-12-08 07:06:21,271 [Listener at 0.0.0.0/42723] INFO  server.RaftServerConfigKeys (ConfUtils.java:logGet(46)) - raft.server.rpc.slowness.timeout = 120s (custom)
2022-12-08 07:06:21,271 [Listener at 0.0.0.0/42723] INFO  server.RaftServerConfigKeys (ConfUtils.java:logGet(46)) - raft.server.leaderelection.leader.step-down.wait-time = 10s (default)
2022-12-08 07:06:21,272 [Listener at 0.0.0.0/42723] INFO  server.RaftServerConfigKeys (ConfUtils.java:logGet(46)) - raft.server.storage.dir = [/home/runner/work/ozone/ozone/hadoop-ozone/integration-test/target/test-dir/MiniOzoneClusterImpl-510a2802-165a-4ebd-9ade-f7b35b2c34f6/ozone-meta/ratis] (custom)
2022-12-08 07:06:21,272 [Listener at 0.0.0.0/42723] INFO  server.RaftServer (RaftServerProxy.java:addNew(96)) - om1: addNew group-C5BA1605619E:[om1|rpc:localhost:44291|priority:0|startupRole:FOLLOWER] returns group-C5BA1605619E:java.util.concurrent.CompletableFuture@17380c0b[Not completed]
2022-12-08 07:06:21,272 [Listener at 0.0.0.0/42723] INFO  om.OzoneManager (OzoneManager.java:initializeRatisServer(1977)) - OzoneManager Ratis server initialized at port 44291
2022-12-08 07:06:21,273 [Listener at 0.0.0.0/42723] INFO  om.OzoneManager (OzoneManager.java:getRpcServer(1104)) - Creating RPC Server
2022-12-08 07:06:21,275 [pool-312-thread-1] INFO  server.RaftServer$Division (RaftServerImpl.java:<init>(195)) - om1: new RaftServerImpl for group-C5BA1605619E:[om1|rpc:localhost:44291|priority:0|startupRole:FOLLOWER] with OzoneManagerStateMachine:uninitialized
2022-12-08 07:06:21,275 [pool-312-thread-1] INFO  server.RaftServerConfigKeys (ConfUtils.java:logGet(46)) - raft.server.rpc.timeout.min = 1s (custom)
2022-12-08 07:06:21,275 [pool-312-thread-1] INFO  server.RaftServerConfigKeys (ConfUtils.java:logGet(46)) - raft.server.rpc.timeout.max = 1200ms (custom)
2022-12-08 07:06:21,275 [pool-312-thread-1] INFO  server.RaftServerConfigKeys (ConfUtils.java:logGet(46)) - raft.server.rpc.sleep.time = 25ms (default)
2022-12-08 07:06:21,275 [pool-312-thread-1] INFO  server.RaftServerConfigKeys (ConfUtils.java:logGet(46)) - raft.server.rpc.slowness.timeout = 120s (custom)
2022-12-08 07:06:21,275 [pool-312-thread-1] INFO  server.RaftServerConfigKeys (ConfUtils.java:logGet(46)) - raft.server.leaderelection.leader.step-down.wait-time = 10s (default)
2022-12-08 07:06:21,275 [pool-312-thread-1] INFO  server.RaftServerConfigKeys (ConfUtils.java:logGet(46)) - raft.server.sleep.deviation.threshold = 300ms (default)
2022-12-08 07:06:21,276 [pool-312-thread-1] INFO  server.RaftServer$Division (ServerState.java:<init>(118)) - om1@group-C5BA1605619E: ConfigurationManager, init=-1: peers:[om1|rpc:localhost:44291|priority:0|startupRole:FOLLOWER]|listeners:[], old=null, confs=<EMPTY_MAP>
2022-12-08 07:06:21,276 [pool-312-thread-1] INFO  server.RaftServerConfigKeys (ConfUtils.java:logGet(46)) - raft.server.storage.dir = [/home/runner/work/ozone/ozone/hadoop-ozone/integration-test/target/test-dir/MiniOzoneClusterImpl-510a2802-165a-4ebd-9ade-f7b35b2c34f6/ozone-meta/ratis] (custom)
2022-12-08 07:06:21,276 [pool-312-thread-1] INFO  server.RaftServerConfigKeys (ConfUtils.java:logGet(46)) - raft.server.log.corruption.policy = EXCEPTION (default)
2022-12-08 07:06:21,276 [pool-312-thread-1] INFO  server.RaftServerConfigKeys (ConfUtils.java:logGet(46)) - raft.server.storage.free-space.min = 0MB (=0) (default)
2022-12-08 07:06:21,276 [pool-312-thread-1] INFO  server.RaftServerConfigKeys (ConfUtils.java:logGet(46)) - raft.server.notification.no-leader.timeout = 120s (custom)
2022-12-08 07:06:21,279 [pool-312-thread-1] INFO  server.RaftServerConfigKeys (ConfUtils.java:logGet(46)) - raft.server.retrycache.expirytime = 300s (custom)
2022-12-08 07:06:21,279 [pool-312-thread-1] INFO  server.RaftServerConfigKeys (ConfUtils.java:logGet(46)) - raft.server.retrycache.statistics.expirytime = 100μs (default)
2022-12-08 07:06:21,279 [pool-312-thread-1] INFO  server.RaftServerConfigKeys (ConfUtils.java:logGet(46)) - raft.server.log.appender.install.snapshot.enabled = false (custom)
2022-12-08 07:06:21,279 [pool-312-thread-1] INFO  server.RaftServerConfigKeys (ConfUtils.java:logGet(46)) - raft.server.threadpool.server.cached = true (default)
2022-12-08 07:06:21,279 [pool-312-thread-1] INFO  server.RaftServerConfigKeys (ConfUtils.java:logGet(46)) - raft.server.threadpool.server.size = 0 (default)
2022-12-08 07:06:21,279 [pool-312-thread-1] INFO  server.RaftServerConfigKeys (ConfUtils.java:logGet(46)) - raft.server.threadpool.client.cached = true (default)
2022-12-08 07:06:21,279 [pool-312-thread-1] INFO  server.RaftServerConfigKeys (ConfUtils.java:logGet(46)) - raft.server.threadpool.client.size = 0 (default)
2022-12-08 07:06:21,372 [f4ffb4f0-97dc-4c31-9ebf-2914332a538f@group-FEE113336341-FollowerState] INFO  impl.FollowerState (FollowerState.java:run(143)) - f4ffb4f0-97dc-4c31-9ebf-2914332a538f@group-FEE113336341-FollowerState: change to CANDIDATE, lastRpcElapsedTime:5101326406ns, electionTimeout:5088ms
2022-12-08 07:06:21,372 [f4ffb4f0-97dc-4c31-9ebf-2914332a538f@group-FEE113336341-FollowerState] INFO  impl.RoleInfo (RoleInfo.java:shutdownFollowerState(110)) - f4ffb4f0-97dc-4c31-9ebf-2914332a538f: shutdown f4ffb4f0-97dc-4c31-9ebf-2914332a538f@group-FEE113336341-FollowerState
2022-12-08 07:06:21,373 [f4ffb4f0-97dc-4c31-9ebf-2914332a538f@group-FEE113336341-FollowerState] INFO  server.RaftServer$Division (RaftServerImpl.java:setRole(321)) - f4ffb4f0-97dc-4c31-9ebf-2914332a538f@group-FEE113336341: changes role from  FOLLOWER to CANDIDATE at term 0 for changeToCandidate
2022-12-08 07:06:21,373 [f4ffb4f0-97dc-4c31-9ebf-2914332a538f@group-FEE113336341-FollowerState] INFO  server.RaftServerConfigKeys (ConfUtils.java:logGet(46)) - raft.server.leaderelection.pre-vote = false (custom)
2022-12-08 07:06:21,373 [f4ffb4f0-97dc-4c31-9ebf-2914332a538f@group-FEE113336341-FollowerState] INFO  impl.RoleInfo (RoleInfo.java:updateAndGet(139)) - f4ffb4f0-97dc-4c31-9ebf-2914332a538f: start f4ffb4f0-97dc-4c31-9ebf-2914332a538f@group-FEE113336341-LeaderElection10
2022-12-08 07:06:21,411 [f4ffb4f0-97dc-4c31-9ebf-2914332a538f@group-FEE113336341-LeaderElection10] INFO  impl.LeaderElection (LeaderElection.java:askForVotes(312)) - f4ffb4f0-97dc-4c31-9ebf-2914332a538f@group-FEE113336341-LeaderElection10 ELECTION round 0: submit vote requests at term 1 for -1: peers:[f4ffb4f0-97dc-4c31-9ebf-2914332a538f|rpc:10.1.0.14:34119|priority:1|startupRole:FOLLOWER]|listeners:[], old=null
2022-12-08 07:06:21,411 [f4ffb4f0-97dc-4c31-9ebf-2914332a538f@group-FEE113336341-LeaderElection10] INFO  impl.LeaderElection (LeaderElection.java:askForVotes(314)) - f4ffb4f0-97dc-4c31-9ebf-2914332a538f@group-FEE113336341-LeaderElection10 ELECTION round 0: result PASSED (term=1)
2022-12-08 07:06:21,411 [f4ffb4f0-97dc-4c31-9ebf-2914332a538f@group-FEE113336341-LeaderElection10] INFO  impl.RoleInfo (RoleInfo.java:shutdownLeaderElection(130)) - f4ffb4f0-97dc-4c31-9ebf-2914332a538f: shutdown f4ffb4f0-97dc-4c31-9ebf-2914332a538f@group-FEE113336341-LeaderElection10
2022-12-08 07:06:21,412 [f4ffb4f0-97dc-4c31-9ebf-2914332a538f@group-FEE113336341-LeaderElection10] INFO  server.RaftServer$Division (RaftServerImpl.java:setRole(321)) - f4ffb4f0-97dc-4c31-9ebf-2914332a538f@group-FEE113336341: changes role from CANDIDATE to LEADER at term 1 for changeToLeader
2022-12-08 07:06:21,412 [f4ffb4f0-97dc-4c31-9ebf-2914332a538f@group-FEE113336341-LeaderElection10] INFO  ratis.XceiverServerRatis (XceiverServerRatis.java:handleLeaderChangedNotification(863)) - Leader change notification received for group: group-FEE113336341 with new leaderId: f4ffb4f0-97dc-4c31-9ebf-2914332a538f
2022-12-08 07:06:21,412 [f4ffb4f0-97dc-4c31-9ebf-2914332a538f@group-FEE113336341-LeaderElection10] INFO  server.RaftServer$Division (ServerState.java:setLeader(313)) - f4ffb4f0-97dc-4c31-9ebf-2914332a538f@group-FEE113336341: change Leader from null to f4ffb4f0-97dc-4c31-9ebf-2914332a538f at term 1 for becomeLeader, leader elected after 5185ms
2022-12-08 07:06:21,412 [f4ffb4f0-97dc-4c31-9ebf-2914332a538f@group-FEE113336341-LeaderElection10] INFO  server.RaftServerConfigKeys (ConfUtils.java:logGet(46)) - raft.server.staging.catchup.gap = 1000 (default)
2022-12-08 07:06:21,412 [f4ffb4f0-97dc-4c31-9ebf-2914332a538f@group-FEE113336341-LeaderElection10] INFO  server.RaftServerConfigKeys (ConfUtils.java:logGet(46)) - raft.server.write.element-limit = 1024 (custom)
2022-12-08 07:06:21,413 [f4ffb4f0-97dc-4c31-9ebf-2914332a538f@group-FEE113336341-LeaderElection10] INFO  server.RaftServerConfigKeys (ConfUtils.java:logGet(46)) - raft.server.write.byte-limit = 1024 M (=1073741824) (custom)
2022-12-08 07:06:21,413 [f4ffb4f0-97dc-4c31-9ebf-2914332a538f@group-FEE113336341-LeaderElection10] INFO  server.RaftServerConfigKeys (ConfUtils.java:logGet(46)) - raft.server.watch.timeout = 180s (custom)
2022-12-08 07:06:21,413 [f4ffb4f0-97dc-4c31-9ebf-2914332a538f@group-FEE113336341-LeaderElection10] INFO  server.RaftServerConfigKeys (ConfUtils.java:logGet(46)) - raft.server.watch.timeout.denomination = 1s (default)
2022-12-08 07:06:21,413 [f4ffb4f0-97dc-4c31-9ebf-2914332a538f@group-FEE113336341-LeaderElection10] INFO  server.RaftServerConfigKeys (ConfUtils.java:logGet(46)) - raft.server.watch.element-limit = 65536 (default)
2022-12-08 07:06:21,415 [EventQueue-CommandQueueReportForCommandQueueReportHandler] WARN  events.EventQueue (EventQueue.java:fireEvent(216)) - No event handler registered for event TypedEvent{payloadType=DatanodeDetails, name='Datanode_Command_Queue_Updated'}
2022-12-08 07:06:21,416 [f4ffb4f0-97dc-4c31-9ebf-2914332a538f@group-FEE113336341-LeaderElection10] INFO  server.RaftServerConfigKeys (ConfUtils.java:logGet(46)) - raft.server.write.element-limit = 1024 (custom)
2022-12-08 07:06:21,416 [f4ffb4f0-97dc-4c31-9ebf-2914332a538f@group-FEE113336341-LeaderElection10] INFO  server.RaftServerConfigKeys (ConfUtils.java:logGet(46)) - raft.server.write.follower.gap.ratio.max = -1.0 (default)
2022-12-08 07:06:21,416 [f4ffb4f0-97dc-4c31-9ebf-2914332a538f@group-FEE113336341-LeaderElection10] INFO  impl.RoleInfo (RoleInfo.java:updateAndGet(139)) - f4ffb4f0-97dc-4c31-9ebf-2914332a538f: start f4ffb4f0-97dc-4c31-9ebf-2914332a538f@group-FEE113336341-LeaderStateImpl
2022-12-08 07:06:21,417 [f4ffb4f0-97dc-4c31-9ebf-2914332a538f@group-FEE113336341-LeaderElection10] INFO  segmented.SegmentedRaftLogWorker (SegmentedRaftLogWorker.java:startLogSegment(452)) - f4ffb4f0-97dc-4c31-9ebf-2914332a538f@group-FEE113336341-SegmentedRaftLogWorker: Starting segment from index:0
2022-12-08 07:06:21,419 [f4ffb4f0-97dc-4c31-9ebf-2914332a538f@group-FEE113336341-SegmentedRaftLogWorker] INFO  segmented.SegmentedRaftLogWorker (SegmentedRaftLogWorker.java:execute(656)) - f4ffb4f0-97dc-4c31-9ebf-2914332a538f@group-FEE113336341-SegmentedRaftLogWorker: created new log segment /home/runner/work/ozone/ozone/hadoop-ozone/integration-test/target/test-dir/MiniOzoneClusterImpl-3253a570-fb02-4895-b12a-309bd2ff2d50/datanode-6/data/ratis/58039b8c-a6c7-4215-9bbe-fee113336341/current/log_inprogress_0
2022-12-08 07:06:21,436 [f4ffb4f0-97dc-4c31-9ebf-2914332a538f@group-FEE113336341-LeaderElection10] INFO  server.RaftServer$Division (ServerState.java:setRaftConf(430)) - f4ffb4f0-97dc-4c31-9ebf-2914332a538f@group-FEE113336341: set configuration 0: peers:[f4ffb4f0-97dc-4c31-9ebf-2914332a538f|rpc:10.1.0.14:34119|dataStream:|priority:1|startupRole:FOLLOWER]|listeners:[], old=null
2022-12-08 07:06:21,494 [main] INFO  impl.MetricsSystemImpl (MetricsSystemImpl.java:init(158)) - XceiverClientMetrics metrics system started (again)
2022-12-08 07:06:21,511 [EventQueue-CommandQueueReportForCommandQueueReportHandler] WARN  events.EventQueue (EventQueue.java:fireEvent(216)) - No event handler registered for event TypedEvent{payloadType=DatanodeDetails, name='Datanode_Command_Queue_Updated'}
2022-12-08 07:06:21,512 [EventQueue-CommandQueueReportForCommandQueueReportHandler] WARN  events.EventQueue (EventQueue.java:fireEvent(216)) - No event handler registered for event TypedEvent{payloadType=DatanodeDetails, name='Datanode_Command_Queue_Updated'}
2022-12-08 07:06:21,529 [EventQueue-CommandQueueReportForCommandQueueReportHandler] WARN  events.EventQueue (EventQueue.java:fireEvent(216)) - No event handler registered for event TypedEvent{payloadType=DatanodeDetails, name='Datanode_Command_Queue_Updated'}
2022-12-08 07:06:21,779 [EventQueue-CommandQueueReportForCommandQueueReportHandler] WARN  events.EventQueue (EventQueue.java:fireEvent(216)) - No event handler registered for event TypedEvent{payloadType=DatanodeDetails, name='Datanode_Command_Queue_Updated'}
2022-12-08 07:06:21,819 [Under Replicated Processor] INFO  replication.UnderReplicatedProcessor (UnderReplicatedProcessor.java:processAll(79)) - Processed 0 under replicated containers, failed processing 0
2022-12-08 07:06:21,827 [EventQueue-CommandQueueReportForCommandQueueReportHandler] WARN  events.EventQueue (EventQueue.java:fireEvent(216)) - No event handler registered for event TypedEvent{payloadType=DatanodeDetails, name='Datanode_Command_Queue_Updated'}
2022-12-08 07:06:21,929 [EventQueue-CommandQueueReportForCommandQueueReportHandler] WARN  events.EventQueue (EventQueue.java:fireEvent(216)) - No event handler registered for event TypedEvent{payloadType=DatanodeDetails, name='Datanode_Command_Queue_Updated'}
2022-12-08 07:06:21,976 [ReplicationMonitor] INFO  replication.ReplicationManager (ReplicationManager.java:processAll(323)) - Replication Manager is not ready to run until 3000ms after safemode exit
2022-12-08 07:06:22,107 [EventQueue-CommandQueueReportForCommandQueueReportHandler] WARN  events.EventQueue (EventQueue.java:fireEvent(216)) - No event handler registered for event TypedEvent{payloadType=DatanodeDetails, name='Datanode_Command_Queue_Updated'}
2022-12-08 07:06:22,107 [EventQueue-CommandQueueReportForCommandQueueReportHandler] WARN  events.EventQueue (EventQueue.java:fireEvent(216)) - No event handler registered for event TypedEvent{payloadType=DatanodeDetails, name='Datanode_Command_Queue_Updated'}
2022-12-08 07:06:22,107 [EventQueue-CommandQueueReportForCommandQueueReportHandler] WARN  events.EventQueue (EventQueue.java:fireEvent(216)) - No event handler registered for event TypedEvent{payloadType=DatanodeDetails, name='Datanode_Command_Queue_Updated'}
2022-12-08 07:06:22,251 [Over Replicated Processor] INFO  replication.OverReplicatedProcessor (OverReplicatedProcessor.java:processAll(79)) - Processed 0 over replicated containers, failed processing 0
2022-12-08 07:06:22,735 [JvmPauseMonitor1] WARN  util.JvmPauseMonitor (JvmPauseMonitor.java:detectPause(126)) - JvmPauseMonitor-a323b8f8-7c4d-4fe6-8663-2fcba1e99710: Detected pause in JVM or host machine (eg GC): pause of approximately 412686699ns.
GC pool 'PS MarkSweep' had collection(s): count=1 time=346ms
GC pool 'PS Scavenge' had collection(s): count=1 time=103ms
2022-12-08 07:06:22,735 [JvmPauseMonitor2] WARN  util.JvmPauseMonitor (JvmPauseMonitor.java:detectPause(126)) - JvmPauseMonitor-624d0ae4-c5c0-4b02-bbde-b37f19cf8f9a: Detected pause in JVM or host machine (eg GC): pause of approximately 418599521ns.
GC pool 'PS MarkSweep' had collection(s): count=1 time=346ms
GC pool 'PS Scavenge' had collection(s): count=1 time=103ms
2022-12-08 07:06:22,736 [JvmPauseMonitor7] WARN  util.JvmPauseMonitor (JvmPauseMonitor.java:detectPause(126)) - JvmPauseMonitor-f4ffb4f0-97dc-4c31-9ebf-2914332a538f: Detected pause in JVM or host machine (eg GC): pause of approximately 425004744ns.
GC pool 'PS MarkSweep' had collection(s): count=1 time=346ms
GC pool 'PS Scavenge' had collection(s): count=1 time=103ms
2022-12-08 07:06:22,736 [JvmPauseMonitor6] WARN  util.JvmPauseMonitor (JvmPauseMonitor.java:detectPause(126)) - JvmPauseMonitor-aa703a63-3c65-4215-94e9-ba864e506dd9: Detected pause in JVM or host machine (eg GC): pause of approximately 431423267ns.
GC pool 'PS MarkSweep' had collection(s): count=1 time=346ms
GC pool 'PS Scavenge' had collection(s): count=1 time=103ms
2022-12-08 07:06:22,736 [JvmPauseMonitor3] WARN  util.JvmPauseMonitor (JvmPauseMonitor.java:detectPause(126)) - JvmPauseMonitor-1fec2e66-b36b-410d-a836-56974e80c6bf: Detected pause in JVM or host machine (eg GC): pause of approximately 432503572ns.
GC pool 'PS MarkSweep' had collection(s): count=1 time=346ms
GC pool 'PS Scavenge' had collection(s): count=1 time=103ms
2022-12-08 07:06:22,738 [JvmPauseMonitor5] WARN  util.JvmPauseMonitor (JvmPauseMonitor.java:detectPause(126)) - JvmPauseMonitor-6eec9aac-ee1b-4e1e-837d-d3cab734710b: Detected pause in JVM or host machine (eg GC): pause of approximately 467798098ns.
GC pool 'PS MarkSweep' had collection(s): count=1 time=346ms
GC pool 'PS Scavenge' had collection(s): count=1 time=103ms
2022-12-08 07:06:22,738 [JvmPauseMonitor4] WARN  util.JvmPauseMonitor (JvmPauseMonitor.java:detectPause(126)) - JvmPauseMonitor-e288a489-637a-4316-af43-30866b2c8bfc: Detected pause in JVM or host machine (eg GC): pause of approximately 468968502ns.
GC pool 'PS MarkSweep' had collection(s): count=1 time=346ms
GC pool 'PS Scavenge' had collection(s): count=1 time=103ms
2022-12-08 07:06:22,739 [EventQueue-CommandQueueReportForCommandQueueReportHandler] WARN  events.EventQueue (EventQueue.java:fireEvent(216)) - No event handler registered for event TypedEvent{payloadType=DatanodeDetails, name='Datanode_Command_Queue_Updated'}
2022-12-08 07:06:22,740 [EventQueue-CommandQueueReportForCommandQueueReportHandler] WARN  events.EventQueue (EventQueue.java:fireEvent(216)) - No event handler registered for event TypedEvent{payloadType=DatanodeDetails, name='Datanode_Command_Queue_Updated'}
2022-12-08 07:06:22,756 [ReplicationMonitor] INFO  replication.ReplicationManager (ReplicationManager.java:processAll(356)) - Replication Monitor Thread took 16 milliseconds for processing 1 containers.
2022-12-08 07:06:22,778 [EventQueue-CommandQueueReportForCommandQueueReportHandler] WARN  events.EventQueue (EventQueue.java:fireEvent(216)) - No event handler registered for event TypedEvent{payloadType=DatanodeDetails, name='Datanode_Command_Queue_Updated'}
2022-12-08 07:06:22,804 [EventQueue-CommandQueueReportForCommandQueueReportHandler] WARN  events.EventQueue (EventQueue.java:fireEvent(216)) - No event handler registered for event TypedEvent{payloadType=DatanodeDetails, name='Datanode_Command_Queue_Updated'}
2022-12-08 07:06:22,805 [EventQueue-CommandQueueReportForCommandQueueReportHandler] WARN  events.EventQueue (EventQueue.java:fireEvent(216)) - No event handler registered for event TypedEvent{payloadType=DatanodeDetails, name='Datanode_Command_Queue_Updated'}
2022-12-08 07:06:22,814 [EventQueue-CommandQueueReportForCommandQueueReportHandler] WARN  events.EventQueue (EventQueue.java:fireEvent(216)) - No event handler registered for event TypedEvent{payloadType=DatanodeDetails, name='Datanode_Command_Queue_Updated'}
2022-12-08 07:06:22,820 [Under Replicated Processor] INFO  replication.UnderReplicatedProcessor (UnderReplicatedProcessor.java:processAll(79)) - Processed 0 under replicated containers, failed processing 0
2022-12-08 07:06:22,921 [EventQueue-CommandQueueReportForCommandQueueReportHandler] WARN  events.EventQueue (EventQueue.java:fireEvent(216)) - No event handler registered for event TypedEvent{payloadType=DatanodeDetails, name='Datanode_Command_Queue_Updated'}
2022-12-08 07:06:22,924 [EventQueue-CommandQueueReportForCommandQueueReportHandler] WARN  events.EventQueue (EventQueue.java:fireEvent(216)) - No event handler registered for event TypedEvent{payloadType=DatanodeDetails, name='Datanode_Command_Queue_Updated'}
2022-12-08 07:06:22,927 [EventQueue-CommandQueueReportForCommandQueueReportHandler] WARN  events.EventQueue (EventQueue.java:fireEvent(216)) - No event handler registered for event TypedEvent{payloadType=DatanodeDetails, name='Datanode_Command_Queue_Updated'}
2022-12-08 07:06:22,932 [EventQueue-CommandQueueReportForCommandQueueReportHandler] WARN  events.EventQueue (EventQueue.java:fireEvent(216)) - No event handler registered for event TypedEvent{payloadType=DatanodeDetails, name='Datanode_Command_Queue_Updated'}
2022-12-08 07:06:22,987 [ReplicationMonitor] INFO  replication.ReplicationManager (ReplicationManager.java:processAll(323)) - Replication Manager is not ready to run until 3000ms after safemode exit
2022-12-08 07:06:23,255 [Over Replicated Processor] INFO  replication.OverReplicatedProcessor (OverReplicatedProcessor.java:processAll(79)) - Processed 0 over replicated containers, failed processing 0
2022-12-08 07:06:23,316 [Listener at 0.0.0.0/42723] INFO  reflections.Reflections (Reflections.java:scan(232)) - Reflections took 2041 ms to scan 19 urls, producing 67 keys and 4402 values [using 2 cores]
2022-12-08 07:06:23,317 [Listener at 0.0.0.0/42723] INFO  ipc.CallQueueManager (CallQueueManager.java:<init>(90)) - Using callQueue: class java.util.concurrent.LinkedBlockingQueue, queueCapacity: 2000, scheduler: class org.apache.hadoop.ipc.DefaultRpcScheduler, ipcBackoff: false.
2022-12-08 07:06:23,323 [Socket Reader #1 for port 0] INFO  ipc.Server (Server.java:run(1273)) - Starting Socket Reader #1 for port 0
2022-12-08 07:06:23,464 [Listener at 127.0.0.1/38067] INFO  impl.MetricsSystemImpl (MetricsSystemImpl.java:init(158)) - OzoneManager metrics system started (again)
2022-12-08 07:06:23,553 [Listener at 127.0.0.1/38067] INFO  om.OzoneManager (OzoneManager.java:start(1484)) - OzoneManager RPC server is listening at localhost/127.0.0.1:38067
2022-12-08 07:06:23,553 [Listener at 127.0.0.1/38067] INFO  ratis.OzoneManagerRatisServer (OzoneManagerRatisServer.java:start(555)) - Starting OzoneManagerRatisServer om1 at port 44291
2022-12-08 07:06:23,554 [om1-impl-thread1] INFO  storage.RaftStorageDirectory (RaftStorageDirectoryImpl.java:analyzeStorage(137)) - The storage directory /home/runner/work/ozone/ozone/hadoop-ozone/integration-test/target/test-dir/MiniOzoneClusterImpl-510a2802-165a-4ebd-9ade-f7b35b2c34f6/ozone-meta/ratis/bf265839-605b-3f16-9796-c5ba1605619e does not exist. Creating ...
2022-12-08 07:06:23,567 [om1-impl-thread1] INFO  storage.RaftStorageDirectory (RaftStorageDirectoryImpl.java:tryLock(231)) - Lock on /home/runner/work/ozone/ozone/hadoop-ozone/integration-test/target/test-dir/MiniOzoneClusterImpl-510a2802-165a-4ebd-9ade-f7b35b2c34f6/ozone-meta/ratis/bf265839-605b-3f16-9796-c5ba1605619e/in_use.lock acquired by nodename 50697@fv-az165-805
2022-12-08 07:06:23,569 [om1-impl-thread1] INFO  storage.RaftStorage (RaftStorageImpl.java:format(96)) - Storage directory /home/runner/work/ozone/ozone/hadoop-ozone/integration-test/target/test-dir/MiniOzoneClusterImpl-510a2802-165a-4ebd-9ade-f7b35b2c34f6/ozone-meta/ratis/bf265839-605b-3f16-9796-c5ba1605619e has been successfully formatted.
2022-12-08 07:06:23,569 [om1-impl-thread1] INFO  server.RaftServerConfigKeys (ConfUtils.java:logGet(46)) - raft.server.log.use.memory = false (default)
2022-12-08 07:06:23,570 [om1-impl-thread1] INFO  server.RaftServerConfigKeys (ConfUtils.java:logGet(46)) - raft.server.log.purge.gap = 1000000 (custom)
2022-12-08 07:06:23,570 [om1-impl-thread1] INFO  server.RaftServerConfigKeys (ConfUtils.java:logGet(46)) - raft.server.log.appender.buffer.byte-limit = 33554432 (custom)
2022-12-08 07:06:23,570 [om1-impl-thread1] INFO  server.RaftServerConfigKeys (ConfUtils.java:logGet(46)) - raft.server.log.statemachine.data.read.timeout = 1000ms (default)
2022-12-08 07:06:23,570 [om1-impl-thread1] INFO  server.RaftServerConfigKeys (ConfUtils.java:logGet(46)) - raft.server.log.purge.preservation.log.num = 0 (default)
2022-12-08 07:06:23,570 [om1-impl-thread1] INFO  server.RaftServerConfigKeys (ConfUtils.java:logGet(46)) - raft.server.log.segment.size.max = 4194304 (custom)
2022-12-08 07:06:23,570 [om1-impl-thread1] INFO  server.RaftServerConfigKeys (ConfUtils.java:logGet(46)) - raft.server.log.segment.cache.num.max = 2 (custom)
2022-12-08 07:06:23,570 [om1-impl-thread1] INFO  server.RaftServerConfigKeys (ConfUtils.java:logGet(46)) - raft.server.log.segment.cache.size.max = 200MB (=209715200) (default)
2022-12-08 07:06:23,570 [om1-impl-thread1] INFO  segmented.SegmentedRaftLogWorker (SegmentedRaftLogWorker.java:<init>(189)) - new om1@group-C5BA1605619E-SegmentedRaftLogWorker for RaftStorageImpl:Storage Directory /home/runner/work/ozone/ozone/hadoop-ozone/integration-test/target/test-dir/MiniOzoneClusterImpl-510a2802-165a-4ebd-9ade-f7b35b2c34f6/ozone-meta/ratis/bf265839-605b-3f16-9796-c5ba1605619e
2022-12-08 07:06:23,570 [om1-impl-thread1] INFO  server.RaftServerConfigKeys (ConfUtils.java:logGet(46)) - raft.server.log.queue.byte-limit = 64MB (=67108864) (default)
2022-12-08 07:06:23,571 [om1-impl-thread1] INFO  server.RaftServerConfigKeys (ConfUtils.java:logGet(46)) - raft.server.log.queue.element-limit = 4096 (default)
2022-12-08 07:06:23,571 [om1-impl-thread1] INFO  server.RaftServerConfigKeys (ConfUtils.java:logGet(46)) - raft.server.log.segment.size.max = 4194304 (custom)
2022-12-08 07:06:23,571 [om1-impl-thread1] INFO  server.RaftServerConfigKeys (ConfUtils.java:logGet(46)) - raft.server.log.preallocated.size = 4194304 (custom)
2022-12-08 07:06:23,571 [om1-impl-thread1] INFO  server.RaftServerConfigKeys (ConfUtils.java:logGet(46)) - raft.server.log.force.sync.num = 128 (default)
2022-12-08 07:06:23,571 [om1-impl-thread1] INFO  server.RaftServerConfigKeys (ConfUtils.java:logGet(46)) - raft.server.log.statemachine.data.sync = true (default)
2022-12-08 07:06:23,571 [om1-impl-thread1] INFO  server.RaftServerConfigKeys (ConfUtils.java:logGet(46)) - raft.server.log.statemachine.data.sync.timeout = 10s (default)
2022-12-08 07:06:23,571 [om1-impl-thread1] INFO  server.RaftServerConfigKeys (ConfUtils.java:logGet(46)) - raft.server.log.statemachine.data.sync.timeout.retry = -1 (default)
2022-12-08 07:06:23,571 [om1-impl-thread1] INFO  server.RaftServerConfigKeys (ConfUtils.java:logGet(46)) - raft.server.log.write.buffer.size = 64KB (=65536) (default)
2022-12-08 07:06:23,571 [om1-impl-thread1] INFO  server.RaftServerConfigKeys (ConfUtils.java:logGet(46)) - raft.server.log.appender.buffer.byte-limit = 33554432 (custom)
2022-12-08 07:06:23,580 [om1-impl-thread1] INFO  server.RaftServerConfigKeys (ConfUtils.java:logGet(46)) - raft.server.log.unsafe-flush.enabled = false (default)
2022-12-08 07:06:23,580 [om1-impl-thread1] INFO  server.RaftServerConfigKeys (ConfUtils.java:logGet(46)) - raft.server.log.async-flush.enabled = false (default)
2022-12-08 07:06:23,581 [om1-impl-thread1] INFO  server.RaftServerConfigKeys (ConfUtils.java:logGet(46)) - raft.server.log.statemachine.data.caching.enabled = false (default)
2022-12-08 07:06:23,581 [om1-impl-thread1] INFO  segmented.SegmentedRaftLogWorker (SegmentedRaftLogWorker.java:lambda$new$0(135)) - om1@group-C5BA1605619E-SegmentedRaftLogWorker: flushIndex: setUnconditionally 0 -> -1
2022-12-08 07:06:23,585 [om1-impl-thread1] INFO  segmented.SegmentedRaftLogWorker (SegmentedRaftLogWorker.java:lambda$new$0(135)) - om1@group-C5BA1605619E-SegmentedRaftLogWorker: safeCacheEvictIndex: setUnconditionally 0 -> -1
2022-12-08 07:06:23,585 [om1-impl-thread1] INFO  server.RaftServer$Division (RaftServerImpl.java:start(334)) - om1@group-C5BA1605619E: start as a follower, conf=-1: peers:[om1|rpc:localhost:44291|priority:0|startupRole:FOLLOWER]|listeners:[], old=null
2022-12-08 07:06:23,585 [om1-impl-thread1] INFO  server.RaftServer$Division (RaftServerImpl.java:setRole(321)) - om1@group-C5BA1605619E: changes role from      null to FOLLOWER at term 0 for startAsFollower
2022-12-08 07:06:23,585 [om1-impl-thread1] INFO  impl.RoleInfo (RoleInfo.java:updateAndGet(139)) - om1: start om1@group-C5BA1605619E-FollowerState
2022-12-08 07:06:23,587 [om1@group-C5BA1605619E-FollowerState] INFO  server.RaftServerConfigKeys (ConfUtils.java:logFallback(53)) - raft.server.rpc.first-election.timeout.min = 1s (fallback to raft.server.rpc.timeout.min)
2022-12-08 07:06:23,587 [om1@group-C5BA1605619E-FollowerState] INFO  server.RaftServerConfigKeys (ConfUtils.java:logFallback(53)) - raft.server.rpc.first-election.timeout.max = 1200ms (fallback to raft.server.rpc.timeout.max)
2022-12-08 07:06:23,591 [om1-impl-thread1] ERROR util.JmxRegister (JmxRegister.java:tryRegister(40)) - Failed to register JMX Bean with name Ratis:service=RaftServer,group=group-C5BA1605619E,id=om1
javax.management.InstanceAlreadyExistsException: Ratis:service=RaftServer,group=group-C5BA1605619E,id=om1
	at com.sun.jmx.mbeanserver.Repository.addMBean(Repository.java:437)
	at com.sun.jmx.interceptor.DefaultMBeanServerInterceptor.registerWithRepository(DefaultMBeanServerInterceptor.java:1898)
	at com.sun.jmx.interceptor.DefaultMBeanServerInterceptor.registerDynamicMBean(DefaultMBeanServerInterceptor.java:966)
	at com.sun.jmx.interceptor.DefaultMBeanServerInterceptor.registerObject(DefaultMBeanServerInterceptor.java:900)
	at com.sun.jmx.interceptor.DefaultMBeanServerInterceptor.registerMBean(DefaultMBeanServerInterceptor.java:324)
	at com.sun.jmx.mbeanserver.JmxMBeanServer.registerMBean(JmxMBeanServer.java:522)
	at org.apache.ratis.util.JmxRegister.tryRegister(JmxRegister.java:38)
	at org.apache.ratis.util.JmxRegister.register(JmxRegister.java:56)
	at org.apache.ratis.server.impl.RaftServerImpl.registerMBean(RaftServerImpl.java:353)
	at org.apache.ratis.server.impl.RaftServerImpl.start(RaftServerImpl.java:344)
	at org.apache.ratis.util.ConcurrentUtils.accept(ConcurrentUtils.java:173)
	at org.apache.ratis.util.ConcurrentUtils.lambda$null$3(ConcurrentUtils.java:165)
	at java.util.concurrent.ThreadPoolExecutor.runWorker(ThreadPoolExecutor.java:1149)
	at java.util.concurrent.ThreadPoolExecutor$Worker.run(ThreadPoolExecutor.java:624)
	at java.lang.Thread.run(Thread.java:750)
2022-12-08 07:06:23,592 [om1-impl-thread1] INFO  util.JmxRegister (JmxRegister.java:tryRegister(44)) - Successfully registered JMX Bean with object name Ratis:service=RaftServer,group=group-C5BA1605619E,id="om1"
2022-12-08 07:06:23,593 [om1-impl-thread1] INFO  server.RaftServerConfigKeys (ConfUtils.java:logGet(46)) - raft.server.snapshot.auto.trigger.enabled = true (custom)
2022-12-08 07:06:23,593 [om1-impl-thread1] INFO  server.RaftServerConfigKeys (ConfUtils.java:logGet(46)) - raft.server.snapshot.auto.trigger.threshold = 400000 (default)
2022-12-08 07:06:23,593 [om1-impl-thread1] INFO  server.RaftServerConfigKeys (ConfUtils.java:logGet(46)) - raft.server.snapshot.retention.file.num = -1 (default)
2022-12-08 07:06:23,593 [om1-impl-thread1] INFO  server.RaftServerConfigKeys (ConfUtils.java:logGet(46)) - raft.server.log.purge.upto.snapshot.index = true (custom)
2022-12-08 07:06:23,603 [Listener at 127.0.0.1/38067] INFO  server.RaftServer (RaftServerProxy.java:startImpl(393)) - om1: start RPC server
2022-12-08 07:06:23,606 [Listener at 127.0.0.1/38067] INFO  server.GrpcService (GrpcService.java:startImpl(262)) - om1: GrpcService started, listening on 44291
2022-12-08 07:06:23,625 [Listener at 127.0.0.1/38067] INFO  om.OzoneManager (OzoneManager.java:start(1500)) - Version File has different layout version (3) than OM DB (null). That is expected if this OM has never been finalized to a newer layout version.
2022-12-08 07:06:23,626 [JvmPauseMonitor8] INFO  util.JvmPauseMonitor (JvmPauseMonitor.java:run(105)) - JvmPauseMonitor-om1: Started
2022-12-08 07:06:23,647 [Listener at 127.0.0.1/38067] INFO  http.BaseHttpServer (BaseHttpServer.java:newHttpServer2BuilderForOzone(213)) - Starting Web-server for ozoneManager at: http://0.0.0.0:0
2022-12-08 07:06:23,647 [Listener at 127.0.0.1/38067] INFO  http.BaseHttpServer (BaseHttpServer.java:<init>(108)) - Hadoop Security Enabled: false Ozone Security Enabled: false Ozone HTTP Security Enabled: false 
2022-12-08 07:06:23,649 [Listener at 127.0.0.1/38067] WARN  server.AuthenticationFilter (AuthenticationFilter.java:constructSecretProvider(240)) - Unable to initialize FileSignerSecretProvider, falling back to use random secrets. Reason: Could not read signature secret file: /home/runner/hadoop-http-auth-signature-secret
2022-12-08 07:06:23,658 [Listener at 127.0.0.1/38067] WARN  http.HttpRequestLog (HttpRequestLog.java:getRequestLog(103)) - Jetty request log can only be enabled using Log4j
2022-12-08 07:06:23,664 [Listener at 127.0.0.1/38067] INFO  http.HttpServer2 (HttpServer2.java:addGlobalFilter(1031)) - Added global filter 'safety' (class=org.apache.hadoop.hdds.server.http.HttpServer2$QuotingInputFilter)
2022-12-08 07:06:23,666 [Listener at 127.0.0.1/38067] INFO  http.HttpServer2 (HttpServer2.java:addFilter(1007)) - Added filter static_user_filter (class=org.apache.hadoop.http.lib.StaticUserWebFilter$StaticUserFilter) to context ozoneManager
2022-12-08 07:06:23,666 [Listener at 127.0.0.1/38067] INFO  http.HttpServer2 (HttpServer2.java:addFilter(1015)) - Added filter static_user_filter (class=org.apache.hadoop.http.lib.StaticUserWebFilter$StaticUserFilter) to context static
2022-12-08 07:06:23,666 [Listener at 127.0.0.1/38067] INFO  http.HttpServer2 (HttpServer2.java:addFilter(1015)) - Added filter static_user_filter (class=org.apache.hadoop.http.lib.StaticUserWebFilter$StaticUserFilter) to context logs
2022-12-08 07:06:23,668 [Listener at 127.0.0.1/38067] INFO  http.HttpServer2 (HttpServer2.java:bindListener(1250)) - Jetty bound to port 41945
2022-12-08 07:06:23,668 [Listener at 127.0.0.1/38067] INFO  server.Server (Server.java:doStart(375)) - jetty-9.4.49.v20220914; built: 2022-09-14T01:07:36.601Z; git: 4231a3b2e4cb8548a412a789936d640a97b1aa0a; jvm 1.8.0_352-b08
2022-12-08 07:06:23,710 [Listener at 127.0.0.1/38067] INFO  server.session (DefaultSessionIdManager.java:doStart(334)) - DefaultSessionIdManager workerName=node0
2022-12-08 07:06:23,711 [Listener at 127.0.0.1/38067] INFO  server.session (DefaultSessionIdManager.java:doStart(339)) - No SessionScavenger set, using defaults
2022-12-08 07:06:23,711 [Listener at 127.0.0.1/38067] INFO  server.session (HouseKeeper.java:startScavenging(132)) - node0 Scavenging every 600000ms
2022-12-08 07:06:23,713 [Listener at 127.0.0.1/38067] INFO  handler.ContextHandler (ContextHandler.java:doStart(921)) - Started o.e.j.s.ServletContextHandler@3e08232f{logs,/logs,file:///home/runner/work/ozone/ozone/hadoop-ozone/integration-test/target/log,AVAILABLE}
2022-12-08 07:06:23,713 [Listener at 127.0.0.1/38067] INFO  handler.ContextHandler (ContextHandler.java:doStart(921)) - Started o.e.j.s.ServletContextHandler@66209711{static,/static,file:///home/runner/work/ozone/ozone/hadoop-ozone/integration-test/target/test-classes/webapps/static,AVAILABLE}
2022-12-08 07:06:23,719 [Listener at 127.0.0.1/38067] INFO  handler.ContextHandler (ContextHandler.java:doStart(921)) - Started o.e.j.w.WebAppContext@1bf6a0d3{ozoneManager,/,file:///home/runner/work/ozone/ozone/hadoop-ozone/integration-test/target/test-classes/webapps/ozoneManager/,AVAILABLE}{file:/home/runner/work/ozone/ozone/hadoop-ozone/integration-test/target/test-classes/webapps/ozoneManager}
2022-12-08 07:06:23,735 [EventQueue-CommandQueueReportForCommandQueueReportHandler] WARN  events.EventQueue (EventQueue.java:fireEvent(216)) - No event handler registered for event TypedEvent{payloadType=DatanodeDetails, name='Datanode_Command_Queue_Updated'}
2022-12-08 07:06:23,736 [EventQueue-CommandQueueReportForCommandQueueReportHandler] WARN  events.EventQueue (EventQueue.java:fireEvent(216)) - No event handler registered for event TypedEvent{payloadType=DatanodeDetails, name='Datanode_Command_Queue_Updated'}
2022-12-08 07:06:23,738 [Listener at 127.0.0.1/38067] INFO  server.AbstractConnector (AbstractConnector.java:doStart(333)) - Started ServerConnector@7b438867{HTTP/1.1, (http/1.1)}{0.0.0.0:41945}
2022-12-08 07:06:23,738 [Listener at 127.0.0.1/38067] INFO  server.Server (Server.java:doStart(415)) - Started @29202ms
2022-12-08 07:06:23,738 [Listener at 127.0.0.1/38067] WARN  impl.MetricsSystemImpl (MetricsSystemImpl.java:register(279)) - Sink prometheus already exists!
2022-12-08 07:06:23,739 [Listener at 127.0.0.1/38067] INFO  http.BaseHttpServer (BaseHttpServer.java:updateConnectorAddress(333)) - HTTP server of ozoneManager listening at http://0.0.0.0:41945
2022-12-08 07:06:23,746 [IPC Server Responder] INFO  ipc.Server (Server.java:run(1512)) - IPC Server Responder: starting
2022-12-08 07:06:23,750 [IPC Server listener on 0] INFO  ipc.Server (Server.java:run(1352)) - IPC Server listener on 0: starting
2022-12-08 07:06:23,797 [Listener at 127.0.0.1/38067] INFO  om.OzoneManager (OzoneManager.java:startTrashEmptier(1921)) - Trash Interval set to 0. Files deleted won't move to trash
2022-12-08 07:06:23,806 [ReplicationMonitor] INFO  replication.ReplicationManager (ReplicationManager.java:processAll(356)) - Replication Monitor Thread took 51 milliseconds for processing 3 containers.
2022-12-08 07:06:23,807 [org.apache.hadoop.util.JvmPauseMonitor$Monitor@6f1bf8d8] INFO  util.JvmPauseMonitor (JvmPauseMonitor.java:run(188)) - Starting JVM pause monitor
2022-12-08 07:06:23,809 [EventQueue-CommandQueueReportForCommandQueueReportHandler] WARN  events.EventQueue (EventQueue.java:fireEvent(216)) - No event handler registered for event TypedEvent{payloadType=DatanodeDetails, name='Datanode_Command_Queue_Updated'}
2022-12-08 07:06:23,820 [Under Replicated Processor] INFO  replication.UnderReplicatedProcessor (UnderReplicatedProcessor.java:processAll(79)) - Processed 0 under replicated containers, failed processing 0
2022-12-08 07:06:23,925 [EventQueue-CommandQueueReportForCommandQueueReportHandler] WARN  events.EventQueue (EventQueue.java:fireEvent(216)) - No event handler registered for event TypedEvent{payloadType=DatanodeDetails, name='Datanode_Command_Queue_Updated'}
2022-12-08 07:06:23,929 [EventQueue-CommandQueueReportForCommandQueueReportHandler] WARN  events.EventQueue (EventQueue.java:fireEvent(216)) - No event handler registered for event TypedEvent{payloadType=DatanodeDetails, name='Datanode_Command_Queue_Updated'}
2022-12-08 07:06:23,938 [EventQueue-CommandQueueReportForCommandQueueReportHandler] WARN  events.EventQueue (EventQueue.java:fireEvent(216)) - No event handler registered for event TypedEvent{payloadType=DatanodeDetails, name='Datanode_Command_Queue_Updated'}
2022-12-08 07:06:23,953 [EventQueue-CommandQueueReportForCommandQueueReportHandler] WARN  events.EventQueue (EventQueue.java:fireEvent(216)) - No event handler registered for event TypedEvent{payloadType=DatanodeDetails, name='Datanode_Command_Queue_Updated'}
2022-12-08 07:06:23,972 [Listener at 127.0.0.1/38067] WARN  impl.MetricRegistriesImpl (MetricRegistriesImpl.java:addReporterRegistration(111)) - New reporters are added after registries were created. Some metrics will be missing from the reporter. Please add reporter before adding any new registry.
2022-12-08 07:06:23,978 [Listener at 127.0.0.1/38067] WARN  impl.MetricRegistriesImpl (MetricRegistriesImpl.java:addReporterRegistration(111)) - New reporters are added after registries were created. Some metrics will be missing from the reporter. Please add reporter before adding any new registry.
2022-12-08 07:06:23,982 [Listener at 127.0.0.1/38067] INFO  impl.MetricsSystemImpl (MetricsSystemImpl.java:init(158)) - HddsDatanode metrics system started (again)
2022-12-08 07:06:23,987 [ReplicationMonitor] INFO  replication.ReplicationManager (ReplicationManager.java:processAll(323)) - Replication Manager is not ready to run until 3000ms after safemode exit
2022-12-08 07:06:24,075 [Listener at 127.0.0.1/38067] INFO  ozone.HddsDatanodeService (HddsDatanodeService.java:start(236)) - HddsDatanodeService host:fv-az165-805.wtg55dazuvhetdvd2gpth4ys5d.dx.internal.cloudapp.net ip:10.1.0.14
2022-12-08 07:06:24,158 [Listener at 127.0.0.1/38067] INFO  upgrade.AbstractLayoutVersionManager (AbstractLayoutVersionManager.java:init(83)) - Initializing Layout version manager with metadata layout = DATANODE_SCHEMA_V3 (version = 4), software layout = DATANODE_SCHEMA_V3 (version = 4)
2022-12-08 07:06:24,256 [Over Replicated Processor] INFO  replication.OverReplicatedProcessor (OverReplicatedProcessor.java:processAll(79)) - Processed 0 over replicated containers, failed processing 0
2022-12-08 07:06:24,390 [Listener at 127.0.0.1/38067] INFO  reflections.Reflections (Reflections.java:scan(232)) - Reflections took 231 ms to scan 7 urls, producing 140 keys and 342 values 
2022-12-08 07:06:24,393 [Listener at 127.0.0.1/38067] INFO  statemachine.DatanodeStateMachine (DatanodeStateMachine.java:getEndPointTaskThreadPoolSize(245)) - Datanode State Machine Task Thread Pool size 2
2022-12-08 07:06:24,398 [Listener at 127.0.0.1/38067] INFO  volume.HddsVolume (HddsVolume.java:<init>(117)) - Creating HddsVolume: /home/runner/work/ozone/ozone/hadoop-ozone/integration-test/target/test-dir/MiniOzoneClusterImpl-510a2802-165a-4ebd-9ade-f7b35b2c34f6/datanode-0/data-0/containers/hdds of storage type : DISK capacity : 9223372036854775807
2022-12-08 07:06:24,398 [Listener at 127.0.0.1/38067] INFO  volume.MutableVolumeSet (MutableVolumeSet.java:initializeVolumeSet(174)) - Added Volume : /home/runner/work/ozone/ozone/hadoop-ozone/integration-test/target/test-dir/MiniOzoneClusterImpl-510a2802-165a-4ebd-9ade-f7b35b2c34f6/datanode-0/data-0/containers/hdds to VolumeSet
2022-12-08 07:06:24,398 [Listener at 127.0.0.1/38067] INFO  volume.ThrottledAsyncChecker (ThrottledAsyncChecker.java:schedule(141)) - Scheduling a check for /home/runner/work/ozone/ozone/hadoop-ozone/integration-test/target/test-dir/MiniOzoneClusterImpl-510a2802-165a-4ebd-9ade-f7b35b2c34f6/datanode-0/data-0/containers/hdds
2022-12-08 07:06:24,399 [Listener at 127.0.0.1/38067] INFO  volume.StorageVolumeChecker (StorageVolumeChecker.java:checkAllVolumes(202)) - Scheduled health check for volume /home/runner/work/ozone/ozone/hadoop-ozone/integration-test/target/test-dir/MiniOzoneClusterImpl-510a2802-165a-4ebd-9ade-f7b35b2c34f6/datanode-0/data-0/containers/hdds
2022-12-08 07:06:24,439 [Listener at 127.0.0.1/38067] INFO  volume.MutableVolumeSet (MutableVolumeSet.java:initializeVolumeSet(174)) - Added Volume : /home/runner/work/ozone/ozone/hadoop-ozone/integration-test/target/test-dir/MiniOzoneClusterImpl-510a2802-165a-4ebd-9ade-f7b35b2c34f6/datanode-0/data/ratis to VolumeSet
2022-12-08 07:06:24,439 [Listener at 127.0.0.1/38067] INFO  volume.ThrottledAsyncChecker (ThrottledAsyncChecker.java:schedule(141)) - Scheduling a check for /home/runner/work/ozone/ozone/hadoop-ozone/integration-test/target/test-dir/MiniOzoneClusterImpl-510a2802-165a-4ebd-9ade-f7b35b2c34f6/datanode-0/data/ratis
2022-12-08 07:06:24,440 [Listener at 127.0.0.1/38067] INFO  volume.StorageVolumeChecker (StorageVolumeChecker.java:checkAllVolumes(202)) - Scheduled health check for volume /home/runner/work/ozone/ozone/hadoop-ozone/integration-test/target/test-dir/MiniOzoneClusterImpl-510a2802-165a-4ebd-9ade-f7b35b2c34f6/datanode-0/data/ratis
2022-12-08 07:06:24,467 [IPC Server handler 16 on default port 39625] INFO  pipeline.PipelineStateManagerImpl (PipelineStateManagerImpl.java:addPipeline(103)) - Created pipeline Pipeline[ Id: 4fb460ec-a727-4dcc-a8e2-50716312cdfe, Nodes: 1fec2e66-b36b-410d-a836-56974e80c6bf{ip: 10.1.0.14, host: fv-az165-805.wtg55dazuvhetdvd2gpth4ys5d.dx.internal.cloudapp.net, ports: [REPLICATION=42005, RATIS=40777, RATIS_ADMIN=40777, RATIS_SERVER=40777, STANDALONE=40099], networkLocation: /default-rack, certSerialId: null, persistedOpState: null, persistedOpStateExpiryEpochSec: 0}624d0ae4-c5c0-4b02-bbde-b37f19cf8f9a{ip: 10.1.0.14, host: fv-az165-805.wtg55dazuvhetdvd2gpth4ys5d.dx.internal.cloudapp.net, ports: [REPLICATION=39487, RATIS=41749, RATIS_ADMIN=41749, RATIS_SERVER=41749, STANDALONE=43743], networkLocation: /default-rack, certSerialId: null, persistedOpState: null, persistedOpStateExpiryEpochSec: 0}6eec9aac-ee1b-4e1e-837d-d3cab734710b{ip: 10.1.0.14, host: fv-az165-805.wtg55dazuvhetdvd2gpth4ys5d.dx.internal.cloudapp.net, ports: [REPLICATION=35375, RATIS=33309, RATIS_ADMIN=33309, RATIS_SERVER=33309, STANDALONE=43585], networkLocation: /default-rack, certSerialId: null, persistedOpState: null, persistedOpStateExpiryEpochSec: 0}a323b8f8-7c4d-4fe6-8663-2fcba1e99710{ip: 10.1.0.14, host: fv-az165-805.wtg55dazuvhetdvd2gpth4ys5d.dx.internal.cloudapp.net, ports: [REPLICATION=34875, RATIS=38689, RATIS_ADMIN=38689, RATIS_SERVER=38689, STANDALONE=41587], networkLocation: /default-rack, certSerialId: null, persistedOpState: null, persistedOpStateExpiryEpochSec: 0}e288a489-637a-4316-af43-30866b2c8bfc{ip: 10.1.0.14, host: fv-az165-805.wtg55dazuvhetdvd2gpth4ys5d.dx.internal.cloudapp.net, ports: [REPLICATION=39261, RATIS=36389, RATIS_ADMIN=36389, RATIS_SERVER=36389, STANDALONE=35147], networkLocation: /default-rack, certSerialId: null, persistedOpState: null, persistedOpStateExpiryEpochSec: 0}, ReplicationConfig: EC/ECReplicationConfig{data=3, parity=2, ecChunkSize=1048576, codec=rs}, State:ALLOCATED, leaderId:, CreationTimestamp2022-12-08T07:06:24.466Z[Etc/UTC]].
2022-12-08 07:06:24,468 [IPC Server handler 16 on default port 39625] INFO  pipeline.PipelineManagerImpl (PipelineManagerImpl.java:openPipeline(367)) - Pipeline Pipeline[ Id: 4fb460ec-a727-4dcc-a8e2-50716312cdfe, Nodes: 1fec2e66-b36b-410d-a836-56974e80c6bf{ip: 10.1.0.14, host: fv-az165-805.wtg55dazuvhetdvd2gpth4ys5d.dx.internal.cloudapp.net, ports: [REPLICATION=42005, RATIS=40777, RATIS_ADMIN=40777, RATIS_SERVER=40777, STANDALONE=40099], networkLocation: /default-rack, certSerialId: null, persistedOpState: null, persistedOpStateExpiryEpochSec: 0}624d0ae4-c5c0-4b02-bbde-b37f19cf8f9a{ip: 10.1.0.14, host: fv-az165-805.wtg55dazuvhetdvd2gpth4ys5d.dx.internal.cloudapp.net, ports: [REPLICATION=39487, RATIS=41749, RATIS_ADMIN=41749, RATIS_SERVER=41749, STANDALONE=43743], networkLocation: /default-rack, certSerialId: null, persistedOpState: null, persistedOpStateExpiryEpochSec: 0}6eec9aac-ee1b-4e1e-837d-d3cab734710b{ip: 10.1.0.14, host: fv-az165-805.wtg55dazuvhetdvd2gpth4ys5d.dx.internal.cloudapp.net, ports: [REPLICATION=35375, RATIS=33309, RATIS_ADMIN=33309, RATIS_SERVER=33309, STANDALONE=43585], networkLocation: /default-rack, certSerialId: null, persistedOpState: null, persistedOpStateExpiryEpochSec: 0}a323b8f8-7c4d-4fe6-8663-2fcba1e99710{ip: 10.1.0.14, host: fv-az165-805.wtg55dazuvhetdvd2gpth4ys5d.dx.internal.cloudapp.net, ports: [REPLICATION=34875, RATIS=38689, RATIS_ADMIN=38689, RATIS_SERVER=38689, STANDALONE=41587], networkLocation: /default-rack, certSerialId: null, persistedOpState: null, persistedOpStateExpiryEpochSec: 0}e288a489-637a-4316-af43-30866b2c8bfc{ip: 10.1.0.14, host: fv-az165-805.wtg55dazuvhetdvd2gpth4ys5d.dx.internal.cloudapp.net, ports: [REPLICATION=39261, RATIS=36389, RATIS_ADMIN=36389, RATIS_SERVER=36389, STANDALONE=35147], networkLocation: /default-rack, certSerialId: null, persistedOpState: null, persistedOpStateExpiryEpochSec: 0}, ReplicationConfig: EC/ECReplicationConfig{data=3, parity=2, ecChunkSize=1048576, codec=rs}, State:ALLOCATED, leaderId:, CreationTimestamp2022-12-08T07:06:24.466Z[Etc/UTC]] moved to OPEN state
2022-12-08 07:06:24,472 [Thread-499] INFO  ozoneimpl.ContainerReader (ContainerReader.java:readVolume(175)) - Finish verifying containers on volume /home/runner/work/ozone/ozone/hadoop-ozone/integration-test/target/test-dir/MiniOzoneClusterImpl-510a2802-165a-4ebd-9ade-f7b35b2c34f6/datanode-0/data-0/containers/hdds
2022-12-08 07:06:24,487 [Listener at 127.0.0.1/38067] INFO  ozoneimpl.OzoneContainer (OzoneContainer.java:buildContainerSet(301)) - Build ContainerSet costs 0s
2022-12-08 07:06:24,497 [Listener at 127.0.0.1/38067] INFO  server.RaftServer (ConfUtils.java:logGet(46)) - raft.rpc.type = GRPC (default)
2022-12-08 07:06:24,497 [Listener at 127.0.0.1/38067] INFO  grpc.GrpcConfigKeys (ConfUtils.java:logFallback(53)) - raft.grpc.admin.host = null (fallback to raft.grpc.server.host)
2022-12-08 07:06:24,497 [Listener at 127.0.0.1/38067] INFO  grpc.GrpcConfigKeys (ConfUtils.java:logGet(46)) - raft.grpc.admin.port = 0 (custom)
2022-12-08 07:06:24,497 [Listener at 127.0.0.1/38067] INFO  grpc.GrpcConfigKeys (ConfUtils.java:logFallback(53)) - raft.grpc.client.host = null (fallback to raft.grpc.server.host)
2022-12-08 07:06:24,497 [Listener at 127.0.0.1/38067] INFO  grpc.GrpcConfigKeys (ConfUtils.java:logGet(46)) - raft.grpc.client.port = 0 (custom)
2022-12-08 07:06:24,497 [Listener at 127.0.0.1/38067] INFO  grpc.GrpcConfigKeys (ConfUtils.java:logGet(46)) - raft.grpc.server.host = null (default)
2022-12-08 07:06:24,497 [Listener at 127.0.0.1/38067] INFO  grpc.GrpcConfigKeys (ConfUtils.java:logGet(46)) - raft.grpc.server.port = 0 (default)
2022-12-08 07:06:24,498 [Listener at 127.0.0.1/38067] INFO  server.GrpcService (ConfUtils.java:logGet(46)) - raft.grpc.message.size.max = 32MB (=33554432) (custom)
2022-12-08 07:06:24,498 [Listener at 127.0.0.1/38067] INFO  server.RaftServerConfigKeys (ConfUtils.java:logGet(46)) - raft.server.log.appender.buffer.byte-limit = 33554432 (custom)
2022-12-08 07:06:24,498 [Listener at 127.0.0.1/38067] INFO  server.GrpcService (ConfUtils.java:logGet(46)) - raft.grpc.flow.control.window = 5MB (=5242880) (custom)
2022-12-08 07:06:24,498 [Listener at 127.0.0.1/38067] INFO  server.RaftServerConfigKeys (ConfUtils.java:logGet(46)) - raft.server.rpc.request.timeout = 60s (custom)
2022-12-08 07:06:24,498 [Listener at 127.0.0.1/38067] INFO  grpc.GrpcConfigKeys (ConfUtils.java:logGet(46)) - raft.grpc.server.heartbeat.channel = true (default)
2022-12-08 07:06:24,498 [Listener at 127.0.0.1/38067] INFO  grpc.GrpcConfigKeys (ConfUtils.java:logGet(46)) - raft.grpc.server.async.request.thread.pool.cached = true (default)
2022-12-08 07:06:24,498 [Listener at 127.0.0.1/38067] INFO  grpc.GrpcConfigKeys (ConfUtils.java:logGet(46)) - raft.grpc.server.async.request.thread.pool.size = 32 (default)
2022-12-08 07:06:24,500 [Listener at 127.0.0.1/38067] INFO  impl.DataStreamServerImpl (ConfUtils.java:logGet(46)) - raft.datastream.type = DISABLED (default)
2022-12-08 07:06:24,500 [Listener at 127.0.0.1/38067] INFO  server.RaftServerConfigKeys (ConfUtils.java:logGet(46)) - raft.server.threadpool.proxy.cached = true (default)
2022-12-08 07:06:24,500 [Listener at 127.0.0.1/38067] INFO  server.RaftServerConfigKeys (ConfUtils.java:logGet(46)) - raft.server.threadpool.proxy.size = 0 (default)
2022-12-08 07:06:24,500 [Listener at 127.0.0.1/38067] INFO  server.RaftServerConfigKeys (ConfUtils.java:logGet(46)) - raft.server.rpc.slowness.timeout = 300s (custom)
2022-12-08 07:06:24,501 [Listener at 127.0.0.1/38067] INFO  server.RaftServerConfigKeys (ConfUtils.java:logGet(46)) - raft.server.leaderelection.leader.step-down.wait-time = 10s (default)
2022-12-08 07:06:24,501 [Listener at 127.0.0.1/38067] INFO  server.RaftServerConfigKeys (ConfUtils.java:logGet(46)) - raft.server.storage.dir = [/home/runner/work/ozone/ozone/hadoop-ozone/integration-test/target/test-dir/MiniOzoneClusterImpl-510a2802-165a-4ebd-9ade-f7b35b2c34f6/datanode-0/data/ratis] (custom)
2022-12-08 07:06:24,503 [Listener at 127.0.0.1/38067] INFO  server.XceiverServerGrpc (XceiverServerGrpc.java:<init>(132)) - GrpcServer channel type EpollServerSocketChannel
2022-12-08 07:06:24,511 [Listener at 127.0.0.1/38067] INFO  http.BaseHttpServer (BaseHttpServer.java:newHttpServer2BuilderForOzone(213)) - Starting Web-server for hddsDatanode at: http://0.0.0.0:0
2022-12-08 07:06:24,511 [Listener at 127.0.0.1/38067] INFO  http.BaseHttpServer (BaseHttpServer.java:<init>(108)) - Hadoop Security Enabled: false Ozone Security Enabled: false Ozone HTTP Security Enabled: false 
2022-12-08 07:06:24,513 [Listener at 127.0.0.1/38067] WARN  server.AuthenticationFilter (AuthenticationFilter.java:constructSecretProvider(240)) - Unable to initialize FileSignerSecretProvider, falling back to use random secrets. Reason: Could not read signature secret file: /home/runner/hadoop-http-auth-signature-secret
2022-12-08 07:06:24,519 [Listener at 127.0.0.1/38067] WARN  http.HttpRequestLog (HttpRequestLog.java:getRequestLog(103)) - Jetty request log can only be enabled using Log4j
2022-12-08 07:06:24,520 [Listener at 127.0.0.1/38067] INFO  http.HttpServer2 (HttpServer2.java:addGlobalFilter(1031)) - Added global filter 'safety' (class=org.apache.hadoop.hdds.server.http.HttpServer2$QuotingInputFilter)
2022-12-08 07:06:24,521 [Listener at 127.0.0.1/38067] INFO  http.HttpServer2 (HttpServer2.java:addFilter(1007)) - Added filter static_user_filter (class=org.apache.hadoop.http.lib.StaticUserWebFilter$StaticUserFilter) to context hddsDatanode
2022-12-08 07:06:24,521 [Listener at 127.0.0.1/38067] INFO  http.HttpServer2 (HttpServer2.java:addFilter(1015)) - Added filter static_user_filter (class=org.apache.hadoop.http.lib.StaticUserWebFilter$StaticUserFilter) to context logs
2022-12-08 07:06:24,521 [Listener at 127.0.0.1/38067] INFO  http.HttpServer2 (HttpServer2.java:addFilter(1015)) - Added filter static_user_filter (class=org.apache.hadoop.http.lib.StaticUserWebFilter$StaticUserFilter) to context static
2022-12-08 07:06:24,521 [Listener at 127.0.0.1/38067] INFO  http.HttpServer2 (HttpServer2.java:bindListener(1250)) - Jetty bound to port 36321
2022-12-08 07:06:24,522 [Listener at 127.0.0.1/38067] INFO  server.Server (Server.java:doStart(375)) - jetty-9.4.49.v20220914; built: 2022-09-14T01:07:36.601Z; git: 4231a3b2e4cb8548a412a789936d640a97b1aa0a; jvm 1.8.0_352-b08
2022-12-08 07:06:24,546 [Listener at 127.0.0.1/38067] INFO  server.session (DefaultSessionIdManager.java:doStart(334)) - DefaultSessionIdManager workerName=node0
2022-12-08 07:06:24,547 [Listener at 127.0.0.1/38067] INFO  server.session (DefaultSessionIdManager.java:doStart(339)) - No SessionScavenger set, using defaults
2022-12-08 07:06:24,547 [Listener at 127.0.0.1/38067] INFO  server.session (HouseKeeper.java:startScavenging(132)) - node0 Scavenging every 600000ms
2022-12-08 07:06:24,550 [Listener at 127.0.0.1/38067] INFO  handler.ContextHandler (ContextHandler.java:doStart(921)) - Started o.e.j.s.ServletContextHandler@47d27030{logs,/logs,file:///home/runner/work/ozone/ozone/hadoop-ozone/integration-test/target/log,AVAILABLE}
2022-12-08 07:06:24,551 [Listener at 127.0.0.1/38067] INFO  handler.ContextHandler (ContextHandler.java:doStart(921)) - Started o.e.j.s.ServletContextHandler@361d885f{static,/static,jar:file:/home/runner/.m2/repository/org/apache/ozone/hdds-container-service/1.3.0-SNAPSHOT/hdds-container-service-1.3.0-SNAPSHOT.jar!/webapps/static,AVAILABLE}
2022-12-08 07:06:24,584 [main] WARN  erasurecode.ErasureCodeNative (ErasureCodeNative.java:<clinit>(55)) - ISA-L support is not available in your platform... using builtin-java codec where applicable
2022-12-08 07:06:24,657 [om1@group-C5BA1605619E-FollowerState] INFO  impl.FollowerState (FollowerState.java:run(143)) - om1@group-C5BA1605619E-FollowerState: change to CANDIDATE, lastRpcElapsedTime:1071732074ns, electionTimeout:1070ms
2022-12-08 07:06:24,657 [om1@group-C5BA1605619E-FollowerState] INFO  impl.RoleInfo (RoleInfo.java:shutdownFollowerState(110)) - om1: shutdown om1@group-C5BA1605619E-FollowerState
2022-12-08 07:06:24,657 [om1@group-C5BA1605619E-FollowerState] INFO  server.RaftServer$Division (RaftServerImpl.java:setRole(321)) - om1@group-C5BA1605619E: changes role from  FOLLOWER to CANDIDATE at term 0 for changeToCandidate
2022-12-08 07:06:24,657 [om1@group-C5BA1605619E-FollowerState] INFO  server.RaftServerConfigKeys (ConfUtils.java:logGet(46)) - raft.server.leaderelection.pre-vote = false (custom)
2022-12-08 07:06:24,657 [om1@group-C5BA1605619E-FollowerState] INFO  impl.RoleInfo (RoleInfo.java:updateAndGet(139)) - om1: start om1@group-C5BA1605619E-LeaderElection11
2022-12-08 07:06:24,709 [om1@group-C5BA1605619E-LeaderElection11] INFO  impl.LeaderElection (LeaderElection.java:askForVotes(312)) - om1@group-C5BA1605619E-LeaderElection11 ELECTION round 0: submit vote requests at term 1 for -1: peers:[om1|rpc:localhost:44291|priority:0|startupRole:FOLLOWER]|listeners:[], old=null
2022-12-08 07:06:24,709 [om1@group-C5BA1605619E-LeaderElection11] INFO  impl.LeaderElection (LeaderElection.java:askForVotes(314)) - om1@group-C5BA1605619E-LeaderElection11 ELECTION round 0: result PASSED (term=1)
2022-12-08 07:06:24,709 [om1@group-C5BA1605619E-LeaderElection11] INFO  impl.RoleInfo (RoleInfo.java:shutdownLeaderElection(130)) - om1: shutdown om1@group-C5BA1605619E-LeaderElection11
2022-12-08 07:06:24,709 [om1@group-C5BA1605619E-LeaderElection11] INFO  server.RaftServer$Division (RaftServerImpl.java:setRole(321)) - om1@group-C5BA1605619E: changes role from CANDIDATE to LEADER at term 1 for changeToLeader
2022-12-08 07:06:24,709 [om1@group-C5BA1605619E-LeaderElection11] INFO  server.RaftServer$Division (ServerState.java:setLeader(313)) - om1@group-C5BA1605619E: change Leader from null to om1 at term 1 for becomeLeader, leader elected after 3433ms
2022-12-08 07:06:24,709 [om1@group-C5BA1605619E-LeaderElection11] INFO  server.RaftServerConfigKeys (ConfUtils.java:logGet(46)) - raft.server.staging.catchup.gap = 1000 (default)
2022-12-08 07:06:24,710 [om1@group-C5BA1605619E-LeaderElection11] INFO  server.RaftServerConfigKeys (ConfUtils.java:logGet(46)) - raft.server.write.element-limit = 4096 (default)
2022-12-08 07:06:24,710 [om1@group-C5BA1605619E-LeaderElection11] INFO  server.RaftServerConfigKeys (ConfUtils.java:logGet(46)) - raft.server.write.byte-limit = 64MB (=67108864) (default)
2022-12-08 07:06:24,710 [om1@group-C5BA1605619E-LeaderElection11] INFO  server.RaftServerConfigKeys (ConfUtils.java:logGet(46)) - raft.server.watch.timeout = 10s (default)
2022-12-08 07:06:24,710 [om1@group-C5BA1605619E-LeaderElection11] INFO  server.RaftServerConfigKeys (ConfUtils.java:logGet(46)) - raft.server.watch.timeout.denomination = 1s (default)
2022-12-08 07:06:24,710 [om1@group-C5BA1605619E-LeaderElection11] INFO  server.RaftServerConfigKeys (ConfUtils.java:logGet(46)) - raft.server.watch.element-limit = 65536 (default)
2022-12-08 07:06:24,710 [om1@group-C5BA1605619E-LeaderElection11] INFO  server.RaftServerConfigKeys (ConfUtils.java:logGet(46)) - raft.server.write.element-limit = 4096 (default)
2022-12-08 07:06:24,711 [om1@group-C5BA1605619E-LeaderElection11] INFO  server.RaftServerConfigKeys (ConfUtils.java:logGet(46)) - raft.server.write.follower.gap.ratio.max = -1.0 (default)
2022-12-08 07:06:24,711 [om1@group-C5BA1605619E-LeaderElection11] INFO  impl.RoleInfo (RoleInfo.java:updateAndGet(139)) - om1: start om1@group-C5BA1605619E-LeaderStateImpl
2022-12-08 07:06:24,711 [om1@group-C5BA1605619E-LeaderElection11] INFO  segmented.SegmentedRaftLogWorker (SegmentedRaftLogWorker.java:startLogSegment(452)) - om1@group-C5BA1605619E-SegmentedRaftLogWorker: Starting segment from index:0
2022-12-08 07:06:24,724 [om1@group-C5BA1605619E-LeaderElection11] INFO  server.RaftServer$Division (ServerState.java:setRaftConf(430)) - om1@group-C5BA1605619E: set configuration 0: peers:[om1|rpc:localhost:44291|admin:|client:|dataStream:|priority:0|startupRole:FOLLOWER]|listeners:[], old=null
2022-12-08 07:06:24,726 [om1@group-C5BA1605619E-SegmentedRaftLogWorker] INFO  segmented.SegmentedRaftLogWorker (SegmentedRaftLogWorker.java:execute(656)) - om1@group-C5BA1605619E-SegmentedRaftLogWorker: created new log segment /home/runner/work/ozone/ozone/hadoop-ozone/integration-test/target/test-dir/MiniOzoneClusterImpl-510a2802-165a-4ebd-9ade-f7b35b2c34f6/ozone-meta/ratis/bf265839-605b-3f16-9796-c5ba1605619e/current/log_inprogress_0
2022-12-08 07:06:24,730 [EventQueue-CommandQueueReportForCommandQueueReportHandler] WARN  events.EventQueue (EventQueue.java:fireEvent(216)) - No event handler registered for event TypedEvent{payloadType=DatanodeDetails, name='Datanode_Command_Queue_Updated'}
2022-12-08 07:06:24,731 [om1@group-C5BA1605619E-StateMachineUpdater] INFO  ratis.OzoneManagerStateMachine (OzoneManagerStateMachine.java:notifyConfigurationChanged(192)) - Received Configuration change notification from Ratis. New Peer list:
[id: "om1"
address: "localhost:44291"
startupRole: FOLLOWER
]
2022-12-08 07:06:24,732 [EventQueue-CommandQueueReportForCommandQueueReportHandler] WARN  events.EventQueue (EventQueue.java:fireEvent(216)) - No event handler registered for event TypedEvent{payloadType=DatanodeDetails, name='Datanode_Command_Queue_Updated'}
2022-12-08 07:06:24,803 [EventQueue-CommandQueueReportForCommandQueueReportHandler] WARN  events.EventQueue (EventQueue.java:fireEvent(216)) - No event handler registered for event TypedEvent{payloadType=DatanodeDetails, name='Datanode_Command_Queue_Updated'}
2022-12-08 07:06:24,811 [ReplicationMonitor] INFO  replication.ReplicationManager (ReplicationManager.java:processAll(356)) - Replication Monitor Thread took 4 milliseconds for processing 4 containers.
2022-12-08 07:06:24,822 [Under Replicated Processor] INFO  replication.UnderReplicatedProcessor (UnderReplicatedProcessor.java:processAll(79)) - Processed 0 under replicated containers, failed processing 0
2022-12-08 07:06:24,919 [EventQueue-CommandQueueReportForCommandQueueReportHandler] WARN  events.EventQueue (EventQueue.java:fireEvent(216)) - No event handler registered for event TypedEvent{payloadType=DatanodeDetails, name='Datanode_Command_Queue_Updated'}
2022-12-08 07:06:24,923 [EventQueue-CommandQueueReportForCommandQueueReportHandler] WARN  events.EventQueue (EventQueue.java:fireEvent(216)) - No event handler registered for event TypedEvent{payloadType=DatanodeDetails, name='Datanode_Command_Queue_Updated'}
2022-12-08 07:06:24,926 [EventQueue-CommandQueueReportForCommandQueueReportHandler] WARN  events.EventQueue (EventQueue.java:fireEvent(216)) - No event handler registered for event TypedEvent{payloadType=DatanodeDetails, name='Datanode_Command_Queue_Updated'}
2022-12-08 07:06:24,941 [EventQueue-CommandQueueReportForCommandQueueReportHandler] WARN  events.EventQueue (EventQueue.java:fireEvent(216)) - No event handler registered for event TypedEvent{payloadType=DatanodeDetails, name='Datanode_Command_Queue_Updated'}
2022-12-08 07:06:24,943 [EventQueue-CommandQueueReportForCommandQueueReportHandler] WARN  events.EventQueue (EventQueue.java:fireEvent(216)) - No event handler registered for event TypedEvent{payloadType=DatanodeDetails, name='Datanode_Command_Queue_Updated'}
2022-12-08 07:06:24,960 [EventQueue-CommandQueueReportForCommandQueueReportHandler] WARN  events.EventQueue (EventQueue.java:fireEvent(216)) - No event handler registered for event TypedEvent{payloadType=DatanodeDetails, name='Datanode_Command_Queue_Updated'}
2022-12-08 07:06:24,989 [ReplicationMonitor] INFO  replication.ReplicationManager (ReplicationManager.java:processAll(323)) - Replication Manager is not ready to run until 3000ms after safemode exit
2022-12-08 07:06:25,046 [EventQueue-CommandQueueReportForCommandQueueReportHandler] WARN  events.EventQueue (EventQueue.java:fireEvent(216)) - No event handler registered for event TypedEvent{payloadType=DatanodeDetails, name='Datanode_Command_Queue_Updated'}
2022-12-08 07:06:25,056 [EventQueue-CommandQueueReportForCommandQueueReportHandler] WARN  events.EventQueue (EventQueue.java:fireEvent(216)) - No event handler registered for event TypedEvent{payloadType=DatanodeDetails, name='Datanode_Command_Queue_Updated'}
2022-12-08 07:06:25,118 [IPC Server handler 3 on default port 39625] INFO  pipeline.PipelineStateManagerImpl (PipelineStateManagerImpl.java:addPipeline(103)) - Created pipeline Pipeline[ Id: 115f7ab8-46a7-45b4-ae00-c1e81b18881d, Nodes: 1fec2e66-b36b-410d-a836-56974e80c6bf{ip: 10.1.0.14, host: fv-az165-805.wtg55dazuvhetdvd2gpth4ys5d.dx.internal.cloudapp.net, ports: [REPLICATION=42005, RATIS=40777, RATIS_ADMIN=40777, RATIS_SERVER=40777, STANDALONE=40099], networkLocation: /default-rack, certSerialId: null, persistedOpState: null, persistedOpStateExpiryEpochSec: 0}624d0ae4-c5c0-4b02-bbde-b37f19cf8f9a{ip: 10.1.0.14, host: fv-az165-805.wtg55dazuvhetdvd2gpth4ys5d.dx.internal.cloudapp.net, ports: [REPLICATION=39487, RATIS=41749, RATIS_ADMIN=41749, RATIS_SERVER=41749, STANDALONE=43743], networkLocation: /default-rack, certSerialId: null, persistedOpState: null, persistedOpStateExpiryEpochSec: 0}f4ffb4f0-97dc-4c31-9ebf-2914332a538f{ip: 10.1.0.14, host: fv-az165-805.wtg55dazuvhetdvd2gpth4ys5d.dx.internal.cloudapp.net, ports: [REPLICATION=33383, RATIS=34119, RATIS_ADMIN=34119, RATIS_SERVER=34119, STANDALONE=42873], networkLocation: /default-rack, certSerialId: null, persistedOpState: null, persistedOpStateExpiryEpochSec: 0}6eec9aac-ee1b-4e1e-837d-d3cab734710b{ip: 10.1.0.14, host: fv-az165-805.wtg55dazuvhetdvd2gpth4ys5d.dx.internal.cloudapp.net, ports: [REPLICATION=35375, RATIS=33309, RATIS_ADMIN=33309, RATIS_SERVER=33309, STANDALONE=43585], networkLocation: /default-rack, certSerialId: null, persistedOpState: null, persistedOpStateExpiryEpochSec: 0}a323b8f8-7c4d-4fe6-8663-2fcba1e99710{ip: 10.1.0.14, host: fv-az165-805.wtg55dazuvhetdvd2gpth4ys5d.dx.internal.cloudapp.net, ports: [REPLICATION=34875, RATIS=38689, RATIS_ADMIN=38689, RATIS_SERVER=38689, STANDALONE=41587], networkLocation: /default-rack, certSerialId: null, persistedOpState: null, persistedOpStateExpiryEpochSec: 0}, ReplicationConfig: EC/ECReplicationConfig{data=3, parity=2, ecChunkSize=1048576, codec=rs}, State:ALLOCATED, leaderId:, CreationTimestamp2022-12-08T07:06:25.118Z[Etc/UTC]].
2022-12-08 07:06:25,119 [IPC Server handler 3 on default port 39625] INFO  pipeline.PipelineManagerImpl (PipelineManagerImpl.java:openPipeline(367)) - Pipeline Pipeline[ Id: 115f7ab8-46a7-45b4-ae00-c1e81b18881d, Nodes: 1fec2e66-b36b-410d-a836-56974e80c6bf{ip: 10.1.0.14, host: fv-az165-805.wtg55dazuvhetdvd2gpth4ys5d.dx.internal.cloudapp.net, ports: [REPLICATION=42005, RATIS=40777, RATIS_ADMIN=40777, RATIS_SERVER=40777, STANDALONE=40099], networkLocation: /default-rack, certSerialId: null, persistedOpState: null, persistedOpStateExpiryEpochSec: 0}624d0ae4-c5c0-4b02-bbde-b37f19cf8f9a{ip: 10.1.0.14, host: fv-az165-805.wtg55dazuvhetdvd2gpth4ys5d.dx.internal.cloudapp.net, ports: [REPLICATION=39487, RATIS=41749, RATIS_ADMIN=41749, RATIS_SERVER=41749, STANDALONE=43743], networkLocation: /default-rack, certSerialId: null, persistedOpState: null, persistedOpStateExpiryEpochSec: 0}f4ffb4f0-97dc-4c31-9ebf-2914332a538f{ip: 10.1.0.14, host: fv-az165-805.wtg55dazuvhetdvd2gpth4ys5d.dx.internal.cloudapp.net, ports: [REPLICATION=33383, RATIS=34119, RATIS_ADMIN=34119, RATIS_SERVER=34119, STANDALONE=42873], networkLocation: /default-rack, certSerialId: null, persistedOpState: null, persistedOpStateExpiryEpochSec: 0}6eec9aac-ee1b-4e1e-837d-d3cab734710b{ip: 10.1.0.14, host: fv-az165-805.wtg55dazuvhetdvd2gpth4ys5d.dx.internal.cloudapp.net, ports: [REPLICATION=35375, RATIS=33309, RATIS_ADMIN=33309, RATIS_SERVER=33309, STANDALONE=43585], networkLocation: /default-rack, certSerialId: null, persistedOpState: null, persistedOpStateExpiryEpochSec: 0}a323b8f8-7c4d-4fe6-8663-2fcba1e99710{ip: 10.1.0.14, host: fv-az165-805.wtg55dazuvhetdvd2gpth4ys5d.dx.internal.cloudapp.net, ports: [REPLICATION=34875, RATIS=38689, RATIS_ADMIN=38689, RATIS_SERVER=38689, STANDALONE=41587], networkLocation: /default-rack, certSerialId: null, persistedOpState: null, persistedOpStateExpiryEpochSec: 0}, ReplicationConfig: EC/ECReplicationConfig{data=3, parity=2, ecChunkSize=1048576, codec=rs}, State:ALLOCATED, leaderId:, CreationTimestamp2022-12-08T07:06:25.118Z[Etc/UTC]] moved to OPEN state
2022-12-08 07:06:25,149 [Listener at 127.0.0.1/38067] INFO  handler.ContextHandler (ContextHandler.java:doStart(921)) - Started o.e.j.w.WebAppContext@5f041914{hddsDatanode,/,file:///tmp/jetty-0_0_0_0-36321-hdds-container-service-1_3_0-SNAPSHOT_jar-_-any-5946015390526099827/webapp/,AVAILABLE}{jar:file:/home/runner/.m2/repository/org/apache/ozone/hdds-container-service/1.3.0-SNAPSHOT/hdds-container-service-1.3.0-SNAPSHOT.jar!/webapps/hddsDatanode}
2022-12-08 07:06:25,163 [Listener at 127.0.0.1/38067] INFO  server.AbstractConnector (AbstractConnector.java:doStart(333)) - Started ServerConnector@46783998{HTTP/1.1, (http/1.1)}{0.0.0.0:36321}
2022-12-08 07:06:25,163 [Listener at 127.0.0.1/38067] INFO  server.Server (Server.java:doStart(415)) - Started @30626ms
2022-12-08 07:06:25,163 [Listener at 127.0.0.1/38067] WARN  impl.MetricsSystemImpl (MetricsSystemImpl.java:register(279)) - Sink prometheus already exists!
2022-12-08 07:06:25,164 [Listener at 127.0.0.1/38067] INFO  http.BaseHttpServer (BaseHttpServer.java:updateConnectorAddress(333)) - HTTP server of hddsDatanode listening at http://0.0.0.0:36321
2022-12-08 07:06:25,169 [Listener at 127.0.0.1/38067] WARN  impl.MetricRegistriesImpl (MetricRegistriesImpl.java:addReporterRegistration(111)) - New reporters are added after registries were created. Some metrics will be missing from the reporter. Please add reporter before adding any new registry.
2022-12-08 07:06:25,169 [Listener at 127.0.0.1/38067] WARN  impl.MetricRegistriesImpl (MetricRegistriesImpl.java:addReporterRegistration(111)) - New reporters are added after registries were created. Some metrics will be missing from the reporter. Please add reporter before adding any new registry.
2022-12-08 07:06:25,169 [Listener at 127.0.0.1/38067] INFO  impl.MetricsSystemImpl (MetricsSystemImpl.java:init(158)) - HddsDatanode metrics system started (again)
2022-12-08 07:06:25,173 [Datanode State Machine Daemon Thread] INFO  statemachine.DatanodeStateMachine (DatanodeStateMachine.java:lambda$startDaemon$0(505)) - Ozone container server started.
2022-12-08 07:06:25,208 [org.apache.hadoop.util.JvmPauseMonitor$Monitor@3659ebd4] INFO  util.JvmPauseMonitor (JvmPauseMonitor.java:run(188)) - Starting JVM pause monitor
2022-12-08 07:06:25,214 [e288a489-637a-4316-af43-30866b2c8bfc@group-A8A841CF23D2-FollowerState] INFO  impl.FollowerState (FollowerState.java:run(143)) - e288a489-637a-4316-af43-30866b2c8bfc@group-A8A841CF23D2-FollowerState: change to CANDIDATE, lastRpcElapsedTime:5071560334ns, electionTimeout:5033ms
2022-12-08 07:06:25,214 [e288a489-637a-4316-af43-30866b2c8bfc@group-A8A841CF23D2-FollowerState] INFO  impl.RoleInfo (RoleInfo.java:shutdownFollowerState(110)) - e288a489-637a-4316-af43-30866b2c8bfc: shutdown e288a489-637a-4316-af43-30866b2c8bfc@group-A8A841CF23D2-FollowerState
2022-12-08 07:06:25,214 [e288a489-637a-4316-af43-30866b2c8bfc@group-A8A841CF23D2-FollowerState] INFO  server.RaftServer$Division (RaftServerImpl.java:setRole(321)) - e288a489-637a-4316-af43-30866b2c8bfc@group-A8A841CF23D2: changes role from  FOLLOWER to CANDIDATE at term 1 for changeToCandidate
2022-12-08 07:06:25,214 [e288a489-637a-4316-af43-30866b2c8bfc@group-A8A841CF23D2-FollowerState] INFO  server.RaftServerConfigKeys (ConfUtils.java:logGet(46)) - raft.server.leaderelection.pre-vote = false (custom)
2022-12-08 07:06:25,214 [e288a489-637a-4316-af43-30866b2c8bfc@group-A8A841CF23D2-FollowerState] INFO  impl.RoleInfo (RoleInfo.java:updateAndGet(139)) - e288a489-637a-4316-af43-30866b2c8bfc: start e288a489-637a-4316-af43-30866b2c8bfc@group-A8A841CF23D2-LeaderElection12
2022-12-08 07:06:25,215 [Listener at 127.0.0.1/38067] INFO  ozone.HddsDatanodeService (HddsDatanodeService.java:start(236)) - HddsDatanodeService host:fv-az165-805.wtg55dazuvhetdvd2gpth4ys5d.dx.internal.cloudapp.net ip:10.1.0.14
2022-12-08 07:06:25,234 [e288a489-637a-4316-af43-30866b2c8bfc@group-A8A841CF23D2-LeaderElection12] INFO  impl.LeaderElection (LeaderElection.java:askForVotes(312)) - e288a489-637a-4316-af43-30866b2c8bfc@group-A8A841CF23D2-LeaderElection12 ELECTION round 0: submit vote requests at term 2 for -1: peers:[aa703a63-3c65-4215-94e9-ba864e506dd9|rpc:10.1.0.14:39791|priority:1|startupRole:FOLLOWER, e288a489-637a-4316-af43-30866b2c8bfc|rpc:10.1.0.14:36389|priority:0|startupRole:FOLLOWER, 6eec9aac-ee1b-4e1e-837d-d3cab734710b|rpc:10.1.0.14:33309|priority:0|startupRole:FOLLOWER]|listeners:[], old=null
2022-12-08 07:06:25,239 [e288a489-637a-4316-af43-30866b2c8bfc@group-A8A841CF23D2-LeaderElection12] INFO  server.RaftServerConfigKeys (ConfUtils.java:logFallback(53)) - raft.server.rpc.first-election.timeout.min = 5s (fallback to raft.server.rpc.timeout.min)
2022-12-08 07:06:25,239 [e288a489-637a-4316-af43-30866b2c8bfc@group-A8A841CF23D2-LeaderElection12] INFO  server.RaftServerConfigKeys (ConfUtils.java:logFallback(53)) - raft.server.rpc.first-election.timeout.max = 5200ms (fallback to raft.server.rpc.timeout.max)
2022-12-08 07:06:25,250 [grpc-default-executor-5] INFO  server.RaftServer$Division (RaftServerImpl.java:requestVote(1218)) - aa703a63-3c65-4215-94e9-ba864e506dd9@group-A8A841CF23D2: receive requestVote(ELECTION, e288a489-637a-4316-af43-30866b2c8bfc, group-A8A841CF23D2, 2, (t:0, i:0))
2022-12-08 07:06:25,251 [Datanode State Machine Task Thread - 0] INFO  datanode.InitDatanodeState (InitDatanodeState.java:persistContainerDatanodeDetails(138)) - DatanodeDetails is persisted to /home/runner/work/ozone/ozone/hadoop-ozone/integration-test/target/test-dir/MiniOzoneClusterImpl-510a2802-165a-4ebd-9ade-f7b35b2c34f6/datanode-0/meta/datanode.id
2022-12-08 07:06:25,256 [Over Replicated Processor] INFO  replication.OverReplicatedProcessor (OverReplicatedProcessor.java:processAll(79)) - Processed 0 over replicated containers, failed processing 0
2022-12-08 07:06:25,263 [grpc-default-executor-5] INFO  impl.VoteContext (VoteContext.java:log(49)) - aa703a63-3c65-4215-94e9-ba864e506dd9@group-A8A841CF23D2-FOLLOWER: reject ELECTION from e288a489-637a-4316-af43-30866b2c8bfc: our priority 1 > candidate's priority 0
2022-12-08 07:06:25,263 [grpc-default-executor-5] INFO  server.RaftServer$Division (RaftServerImpl.java:setRole(321)) - aa703a63-3c65-4215-94e9-ba864e506dd9@group-A8A841CF23D2: changes role from  FOLLOWER to FOLLOWER at term 2 for candidate:e288a489-637a-4316-af43-30866b2c8bfc
2022-12-08 07:06:25,263 [grpc-default-executor-5] INFO  impl.RoleInfo (RoleInfo.java:shutdownFollowerState(110)) - aa703a63-3c65-4215-94e9-ba864e506dd9: shutdown aa703a63-3c65-4215-94e9-ba864e506dd9@group-A8A841CF23D2-FollowerState
2022-12-08 07:06:25,264 [grpc-default-executor-0] INFO  server.RaftServer$Division (RaftServerImpl.java:requestVote(1218)) - 6eec9aac-ee1b-4e1e-837d-d3cab734710b@group-A8A841CF23D2: receive requestVote(ELECTION, e288a489-637a-4316-af43-30866b2c8bfc, group-A8A841CF23D2, 2, (t:0, i:0))
2022-12-08 07:06:25,278 [aa703a63-3c65-4215-94e9-ba864e506dd9@group-A8A841CF23D2-FollowerState] INFO  impl.FollowerState (FollowerState.java:run(152)) - aa703a63-3c65-4215-94e9-ba864e506dd9@group-A8A841CF23D2-FollowerState was interrupted
2022-12-08 07:06:25,279 [grpc-default-executor-0] INFO  impl.VoteContext (VoteContext.java:log(49)) - 6eec9aac-ee1b-4e1e-837d-d3cab734710b@group-A8A841CF23D2-FOLLOWER: accept ELECTION from e288a489-637a-4316-af43-30866b2c8bfc: our priority 0 <= candidate's priority 0
2022-12-08 07:06:25,279 [grpc-default-executor-0] INFO  server.RaftServer$Division (RaftServerImpl.java:setRole(321)) - 6eec9aac-ee1b-4e1e-837d-d3cab734710b@group-A8A841CF23D2: changes role from  FOLLOWER to FOLLOWER at term 2 for candidate:e288a489-637a-4316-af43-30866b2c8bfc
2022-12-08 07:06:25,279 [grpc-default-executor-0] INFO  impl.RoleInfo (RoleInfo.java:shutdownFollowerState(110)) - 6eec9aac-ee1b-4e1e-837d-d3cab734710b: shutdown 6eec9aac-ee1b-4e1e-837d-d3cab734710b@group-A8A841CF23D2-FollowerState
2022-12-08 07:06:25,281 [grpc-default-executor-0] INFO  impl.RoleInfo (RoleInfo.java:updateAndGet(139)) - 6eec9aac-ee1b-4e1e-837d-d3cab734710b: start 6eec9aac-ee1b-4e1e-837d-d3cab734710b@group-A8A841CF23D2-FollowerState
2022-12-08 07:06:25,281 [6eec9aac-ee1b-4e1e-837d-d3cab734710b@group-A8A841CF23D2-FollowerState] INFO  impl.FollowerState (FollowerState.java:run(152)) - 6eec9aac-ee1b-4e1e-837d-d3cab734710b@group-A8A841CF23D2-FollowerState was interrupted
2022-12-08 07:06:25,282 [Listener at 127.0.0.1/38067] INFO  upgrade.AbstractLayoutVersionManager (AbstractLayoutVersionManager.java:init(83)) - Initializing Layout version manager with metadata layout = DATANODE_SCHEMA_V3 (version = 4), software layout = DATANODE_SCHEMA_V3 (version = 4)
2022-12-08 07:06:25,282 [grpc-default-executor-5] INFO  impl.RoleInfo (RoleInfo.java:updateAndGet(139)) - aa703a63-3c65-4215-94e9-ba864e506dd9: start aa703a63-3c65-4215-94e9-ba864e506dd9@group-A8A841CF23D2-FollowerState
2022-12-08 07:06:25,282 [6eec9aac-ee1b-4e1e-837d-d3cab734710b@group-A8A841CF23D2-FollowerState] INFO  server.RaftServerConfigKeys (ConfUtils.java:logFallback(53)) - raft.server.rpc.first-election.timeout.min = 5s (fallback to raft.server.rpc.timeout.min)
2022-12-08 07:06:25,283 [6eec9aac-ee1b-4e1e-837d-d3cab734710b@group-A8A841CF23D2-FollowerState] INFO  server.RaftServerConfigKeys (ConfUtils.java:logFallback(53)) - raft.server.rpc.first-election.timeout.max = 5200ms (fallback to raft.server.rpc.timeout.max)
2022-12-08 07:06:25,283 [aa703a63-3c65-4215-94e9-ba864e506dd9@group-A8A841CF23D2-FollowerState] INFO  server.RaftServerConfigKeys (ConfUtils.java:logFallback(53)) - raft.server.rpc.first-election.timeout.min = 5s (fallback to raft.server.rpc.timeout.min)
2022-12-08 07:06:25,283 [aa703a63-3c65-4215-94e9-ba864e506dd9@group-A8A841CF23D2-FollowerState] INFO  server.RaftServerConfigKeys (ConfUtils.java:logFallback(53)) - raft.server.rpc.first-election.timeout.max = 5200ms (fallback to raft.server.rpc.timeout.max)
2022-12-08 07:06:25,284 [grpc-default-executor-0] INFO  server.RaftServer$Division (RaftServerImpl.java:requestVote(1251)) - 6eec9aac-ee1b-4e1e-837d-d3cab734710b@group-A8A841CF23D2 replies to ELECTION vote request: e288a489-637a-4316-af43-30866b2c8bfc<-6eec9aac-ee1b-4e1e-837d-d3cab734710b#0:OK-t2. Peer's state: 6eec9aac-ee1b-4e1e-837d-d3cab734710b@group-A8A841CF23D2:t2, leader=null, voted=e288a489-637a-4316-af43-30866b2c8bfc, raftlog=Memoized:6eec9aac-ee1b-4e1e-837d-d3cab734710b@group-A8A841CF23D2-SegmentedRaftLog:OPENED:c-1, conf=-1: peers:[aa703a63-3c65-4215-94e9-ba864e506dd9|rpc:10.1.0.14:39791|priority:1|startupRole:FOLLOWER, e288a489-637a-4316-af43-30866b2c8bfc|rpc:10.1.0.14:36389|priority:0|startupRole:FOLLOWER, 6eec9aac-ee1b-4e1e-837d-d3cab734710b|rpc:10.1.0.14:33309|priority:0|startupRole:FOLLOWER]|listeners:[], old=null
2022-12-08 07:06:25,285 [grpc-default-executor-5] INFO  server.RaftServer$Division (RaftServerImpl.java:requestVote(1251)) - aa703a63-3c65-4215-94e9-ba864e506dd9@group-A8A841CF23D2 replies to ELECTION vote request: e288a489-637a-4316-af43-30866b2c8bfc<-aa703a63-3c65-4215-94e9-ba864e506dd9#0:FAIL-t2. Peer's state: aa703a63-3c65-4215-94e9-ba864e506dd9@group-A8A841CF23D2:t2, leader=null, voted=null, raftlog=Memoized:aa703a63-3c65-4215-94e9-ba864e506dd9@group-A8A841CF23D2-SegmentedRaftLog:OPENED:c-1, conf=-1: peers:[aa703a63-3c65-4215-94e9-ba864e506dd9|rpc:10.1.0.14:39791|dataStream:|priority:1|startupRole:FOLLOWER, e288a489-637a-4316-af43-30866b2c8bfc|rpc:10.1.0.14:36389|dataStream:|priority:0|startupRole:FOLLOWER, 6eec9aac-ee1b-4e1e-837d-d3cab734710b|rpc:10.1.0.14:33309|dataStream:|priority:0|startupRole:FOLLOWER]|listeners:[], old=null
2022-12-08 07:06:25,288 [e288a489-637a-4316-af43-30866b2c8bfc@group-A8A841CF23D2-LeaderElection12] INFO  impl.LeaderElection (LeaderElection.java:logAndReturn(90)) - e288a489-637a-4316-af43-30866b2c8bfc@group-A8A841CF23D2-LeaderElection12: ELECTION REJECTED received 1 response(s) and 0 exception(s):
2022-12-08 07:06:25,288 [e288a489-637a-4316-af43-30866b2c8bfc@group-A8A841CF23D2-LeaderElection12] INFO  impl.LeaderElection (LeaderElection.java:logAndReturn(94)) -   Response 0: e288a489-637a-4316-af43-30866b2c8bfc<-aa703a63-3c65-4215-94e9-ba864e506dd9#0:FAIL-t2
2022-12-08 07:06:25,288 [e288a489-637a-4316-af43-30866b2c8bfc@group-A8A841CF23D2-LeaderElection12] INFO  impl.LeaderElection (LeaderElection.java:askForVotes(314)) - e288a489-637a-4316-af43-30866b2c8bfc@group-A8A841CF23D2-LeaderElection12 ELECTION round 0: result REJECTED
2022-12-08 07:06:25,288 [e288a489-637a-4316-af43-30866b2c8bfc@group-A8A841CF23D2-LeaderElection12] INFO  server.RaftServer$Division (RaftServerImpl.java:setRole(321)) - e288a489-637a-4316-af43-30866b2c8bfc@group-A8A841CF23D2: changes role from CANDIDATE to FOLLOWER at term 2 for REJECTED
2022-12-08 07:06:25,288 [e288a489-637a-4316-af43-30866b2c8bfc@group-A8A841CF23D2-LeaderElection12] INFO  impl.RoleInfo (RoleInfo.java:shutdownLeaderElection(130)) - e288a489-637a-4316-af43-30866b2c8bfc: shutdown e288a489-637a-4316-af43-30866b2c8bfc@group-A8A841CF23D2-LeaderElection12
2022-12-08 07:06:25,288 [e288a489-637a-4316-af43-30866b2c8bfc@group-A8A841CF23D2-LeaderElection12] INFO  impl.RoleInfo (RoleInfo.java:updateAndGet(139)) - e288a489-637a-4316-af43-30866b2c8bfc: start e288a489-637a-4316-af43-30866b2c8bfc@group-A8A841CF23D2-FollowerState
2022-12-08 07:06:25,289 [e288a489-637a-4316-af43-30866b2c8bfc@group-A8A841CF23D2-FollowerState] INFO  server.RaftServerConfigKeys (ConfUtils.java:logFallback(53)) - raft.server.rpc.first-election.timeout.min = 5s (fallback to raft.server.rpc.timeout.min)
2022-12-08 07:06:25,289 [e288a489-637a-4316-af43-30866b2c8bfc@group-A8A841CF23D2-FollowerState] INFO  server.RaftServerConfigKeys (ConfUtils.java:logFallback(53)) - raft.server.rpc.first-election.timeout.max = 5200ms (fallback to raft.server.rpc.timeout.max)
2022-12-08 07:06:25,293 [EventQueue-CommandQueueReportForCommandQueueReportHandler] WARN  events.EventQueue (EventQueue.java:fireEvent(216)) - No event handler registered for event TypedEvent{payloadType=DatanodeDetails, name='Datanode_Command_Queue_Updated'}
2022-12-08 07:06:25,329 [EventQueue-CommandQueueReportForCommandQueueReportHandler] WARN  events.EventQueue (EventQueue.java:fireEvent(216)) - No event handler registered for event TypedEvent{payloadType=DatanodeDetails, name='Datanode_Command_Queue_Updated'}
2022-12-08 07:06:25,329 [EventQueue-CommandQueueReportForCommandQueueReportHandler] WARN  events.EventQueue (EventQueue.java:fireEvent(216)) - No event handler registered for event TypedEvent{payloadType=DatanodeDetails, name='Datanode_Command_Queue_Updated'}
2022-12-08 07:06:25,403 [EventQueue-CommandQueueReportForCommandQueueReportHandler] WARN  events.EventQueue (EventQueue.java:fireEvent(216)) - No event handler registered for event TypedEvent{payloadType=DatanodeDetails, name='Datanode_Command_Queue_Updated'}
2022-12-08 07:06:25,460 [EventQueue-CommandQueueReportForCommandQueueReportHandler] WARN  events.EventQueue (EventQueue.java:fireEvent(216)) - No event handler registered for event TypedEvent{payloadType=DatanodeDetails, name='Datanode_Command_Queue_Updated'}
2022-12-08 07:06:25,480 [Listener at 127.0.0.1/38067] INFO  reflections.Reflections (Reflections.java:scan(232)) - Reflections took 197 ms to scan 7 urls, producing 140 keys and 342 values 
2022-12-08 07:06:25,493 [Listener at 127.0.0.1/38067] INFO  statemachine.DatanodeStateMachine (DatanodeStateMachine.java:getEndPointTaskThreadPoolSize(245)) - Datanode State Machine Task Thread Pool size 2
2022-12-08 07:06:25,500 [IPC Server handler 2 on default port 39625] INFO  pipeline.PipelineStateManagerImpl (PipelineStateManagerImpl.java:addPipeline(103)) - Created pipeline Pipeline[ Id: 7018186b-bff2-47ab-b078-57dfbe06a1c6, Nodes: f4ffb4f0-97dc-4c31-9ebf-2914332a538f{ip: 10.1.0.14, host: fv-az165-805.wtg55dazuvhetdvd2gpth4ys5d.dx.internal.cloudapp.net, ports: [REPLICATION=33383, RATIS=34119, RATIS_ADMIN=34119, RATIS_SERVER=34119, STANDALONE=42873], networkLocation: /default-rack, certSerialId: null, persistedOpState: null, persistedOpStateExpiryEpochSec: 0}624d0ae4-c5c0-4b02-bbde-b37f19cf8f9a{ip: 10.1.0.14, host: fv-az165-805.wtg55dazuvhetdvd2gpth4ys5d.dx.internal.cloudapp.net, ports: [REPLICATION=39487, RATIS=41749, RATIS_ADMIN=41749, RATIS_SERVER=41749, STANDALONE=43743], networkLocation: /default-rack, certSerialId: null, persistedOpState: null, persistedOpStateExpiryEpochSec: 0}e288a489-637a-4316-af43-30866b2c8bfc{ip: 10.1.0.14, host: fv-az165-805.wtg55dazuvhetdvd2gpth4ys5d.dx.internal.cloudapp.net, ports: [REPLICATION=39261, RATIS=36389, RATIS_ADMIN=36389, RATIS_SERVER=36389, STANDALONE=35147], networkLocation: /default-rack, certSerialId: null, persistedOpState: null, persistedOpStateExpiryEpochSec: 0}aa703a63-3c65-4215-94e9-ba864e506dd9{ip: 10.1.0.14, host: fv-az165-805.wtg55dazuvhetdvd2gpth4ys5d.dx.internal.cloudapp.net, ports: [REPLICATION=38971, RATIS=39791, RATIS_ADMIN=39791, RATIS_SERVER=39791, STANDALONE=40597], networkLocation: /default-rack, certSerialId: null, persistedOpState: null, persistedOpStateExpiryEpochSec: 0}a323b8f8-7c4d-4fe6-8663-2fcba1e99710{ip: 10.1.0.14, host: fv-az165-805.wtg55dazuvhetdvd2gpth4ys5d.dx.internal.cloudapp.net, ports: [REPLICATION=34875, RATIS=38689, RATIS_ADMIN=38689, RATIS_SERVER=38689, STANDALONE=41587], networkLocation: /default-rack, certSerialId: null, persistedOpState: null, persistedOpStateExpiryEpochSec: 0}, ReplicationConfig: EC/ECReplicationConfig{data=3, parity=2, ecChunkSize=1048576, codec=rs}, State:ALLOCATED, leaderId:, CreationTimestamp2022-12-08T07:06:25.499Z[Etc/UTC]].
2022-12-08 07:06:25,502 [IPC Server handler 2 on default port 39625] INFO  pipeline.PipelineManagerImpl (PipelineManagerImpl.java:openPipeline(367)) - Pipeline Pipeline[ Id: 7018186b-bff2-47ab-b078-57dfbe06a1c6, Nodes: f4ffb4f0-97dc-4c31-9ebf-2914332a538f{ip: 10.1.0.14, host: fv-az165-805.wtg55dazuvhetdvd2gpth4ys5d.dx.internal.cloudapp.net, ports: [REPLICATION=33383, RATIS=34119, RATIS_ADMIN=34119, RATIS_SERVER=34119, STANDALONE=42873], networkLocation: /default-rack, certSerialId: null, persistedOpState: null, persistedOpStateExpiryEpochSec: 0}624d0ae4-c5c0-4b02-bbde-b37f19cf8f9a{ip: 10.1.0.14, host: fv-az165-805.wtg55dazuvhetdvd2gpth4ys5d.dx.internal.cloudapp.net, ports: [REPLICATION=39487, RATIS=41749, RATIS_ADMIN=41749, RATIS_SERVER=41749, STANDALONE=43743], networkLocation: /default-rack, certSerialId: null, persistedOpState: null, persistedOpStateExpiryEpochSec: 0}e288a489-637a-4316-af43-30866b2c8bfc{ip: 10.1.0.14, host: fv-az165-805.wtg55dazuvhetdvd2gpth4ys5d.dx.internal.cloudapp.net, ports: [REPLICATION=39261, RATIS=36389, RATIS_ADMIN=36389, RATIS_SERVER=36389, STANDALONE=35147], networkLocation: /default-rack, certSerialId: null, persistedOpState: null, persistedOpStateExpiryEpochSec: 0}aa703a63-3c65-4215-94e9-ba864e506dd9{ip: 10.1.0.14, host: fv-az165-805.wtg55dazuvhetdvd2gpth4ys5d.dx.internal.cloudapp.net, ports: [REPLICATION=38971, RATIS=39791, RATIS_ADMIN=39791, RATIS_SERVER=39791, STANDALONE=40597], networkLocation: /default-rack, certSerialId: null, persistedOpState: null, persistedOpStateExpiryEpochSec: 0}a323b8f8-7c4d-4fe6-8663-2fcba1e99710{ip: 10.1.0.14, host: fv-az165-805.wtg55dazuvhetdvd2gpth4ys5d.dx.internal.cloudapp.net, ports: [REPLICATION=34875, RATIS=38689, RATIS_ADMIN=38689, RATIS_SERVER=38689, STANDALONE=41587], networkLocation: /default-rack, certSerialId: null, persistedOpState: null, persistedOpStateExpiryEpochSec: 0}, ReplicationConfig: EC/ECReplicationConfig{data=3, parity=2, ecChunkSize=1048576, codec=rs}, State:ALLOCATED, leaderId:, CreationTimestamp2022-12-08T07:06:25.499Z[Etc/UTC]] moved to OPEN state
2022-12-08 07:06:25,505 [Listener at 127.0.0.1/38067] INFO  volume.HddsVolume (HddsVolume.java:<init>(117)) - Creating HddsVolume: /home/runner/work/ozone/ozone/hadoop-ozone/integration-test/target/test-dir/MiniOzoneClusterImpl-510a2802-165a-4ebd-9ade-f7b35b2c34f6/datanode-1/data-0/containers/hdds of storage type : DISK capacity : 9223372036854775807
2022-12-08 07:06:25,506 [Listener at 127.0.0.1/38067] INFO  volume.MutableVolumeSet (MutableVolumeSet.java:initializeVolumeSet(174)) - Added Volume : /home/runner/work/ozone/ozone/hadoop-ozone/integration-test/target/test-dir/MiniOzoneClusterImpl-510a2802-165a-4ebd-9ade-f7b35b2c34f6/datanode-1/data-0/containers/hdds to VolumeSet
2022-12-08 07:06:25,506 [Listener at 127.0.0.1/38067] INFO  volume.ThrottledAsyncChecker (ThrottledAsyncChecker.java:schedule(141)) - Scheduling a check for /home/runner/work/ozone/ozone/hadoop-ozone/integration-test/target/test-dir/MiniOzoneClusterImpl-510a2802-165a-4ebd-9ade-f7b35b2c34f6/datanode-1/data-0/containers/hdds
2022-12-08 07:06:25,522 [Listener at 127.0.0.1/38067] INFO  volume.StorageVolumeChecker (StorageVolumeChecker.java:checkAllVolumes(202)) - Scheduled health check for volume /home/runner/work/ozone/ozone/hadoop-ozone/integration-test/target/test-dir/MiniOzoneClusterImpl-510a2802-165a-4ebd-9ade-f7b35b2c34f6/datanode-1/data-0/containers/hdds
2022-12-08 07:06:25,538 [Listener at 127.0.0.1/38067] INFO  volume.MutableVolumeSet (MutableVolumeSet.java:initializeVolumeSet(174)) - Added Volume : /home/runner/work/ozone/ozone/hadoop-ozone/integration-test/target/test-dir/MiniOzoneClusterImpl-510a2802-165a-4ebd-9ade-f7b35b2c34f6/datanode-1/data/ratis to VolumeSet
2022-12-08 07:06:25,538 [Listener at 127.0.0.1/38067] INFO  volume.ThrottledAsyncChecker (ThrottledAsyncChecker.java:schedule(141)) - Scheduling a check for /home/runner/work/ozone/ozone/hadoop-ozone/integration-test/target/test-dir/MiniOzoneClusterImpl-510a2802-165a-4ebd-9ade-f7b35b2c34f6/datanode-1/data/ratis
2022-12-08 07:06:25,538 [Listener at 127.0.0.1/38067] INFO  volume.StorageVolumeChecker (StorageVolumeChecker.java:checkAllVolumes(202)) - Scheduled health check for volume /home/runner/work/ozone/ozone/hadoop-ozone/integration-test/target/test-dir/MiniOzoneClusterImpl-510a2802-165a-4ebd-9ade-f7b35b2c34f6/datanode-1/data/ratis
2022-12-08 07:06:25,554 [Thread-520] INFO  ozoneimpl.ContainerReader (ContainerReader.java:readVolume(175)) - Finish verifying containers on volume /home/runner/work/ozone/ozone/hadoop-ozone/integration-test/target/test-dir/MiniOzoneClusterImpl-510a2802-165a-4ebd-9ade-f7b35b2c34f6/datanode-1/data-0/containers/hdds
2022-12-08 07:06:25,555 [Listener at 127.0.0.1/38067] INFO  ozoneimpl.OzoneContainer (OzoneContainer.java:buildContainerSet(301)) - Build ContainerSet costs 0s
2022-12-08 07:06:25,558 [Listener at 127.0.0.1/38067] INFO  server.RaftServer (ConfUtils.java:logGet(46)) - raft.rpc.type = GRPC (default)
2022-12-08 07:06:25,558 [Listener at 127.0.0.1/38067] INFO  grpc.GrpcConfigKeys (ConfUtils.java:logFallback(53)) - raft.grpc.admin.host = null (fallback to raft.grpc.server.host)
2022-12-08 07:06:25,558 [Listener at 127.0.0.1/38067] INFO  grpc.GrpcConfigKeys (ConfUtils.java:logGet(46)) - raft.grpc.admin.port = 0 (custom)
2022-12-08 07:06:25,558 [Listener at 127.0.0.1/38067] INFO  grpc.GrpcConfigKeys (ConfUtils.java:logFallback(53)) - raft.grpc.client.host = null (fallback to raft.grpc.server.host)
2022-12-08 07:06:25,558 [Listener at 127.0.0.1/38067] INFO  grpc.GrpcConfigKeys (ConfUtils.java:logGet(46)) - raft.grpc.client.port = 0 (custom)
2022-12-08 07:06:25,558 [Listener at 127.0.0.1/38067] INFO  grpc.GrpcConfigKeys (ConfUtils.java:logGet(46)) - raft.grpc.server.host = null (default)
2022-12-08 07:06:25,558 [Listener at 127.0.0.1/38067] INFO  grpc.GrpcConfigKeys (ConfUtils.java:logGet(46)) - raft.grpc.server.port = 0 (default)
2022-12-08 07:06:25,559 [Listener at 127.0.0.1/38067] INFO  server.GrpcService (ConfUtils.java:logGet(46)) - raft.grpc.message.size.max = 32MB (=33554432) (custom)
2022-12-08 07:06:25,559 [Listener at 127.0.0.1/38067] INFO  server.RaftServerConfigKeys (ConfUtils.java:logGet(46)) - raft.server.log.appender.buffer.byte-limit = 33554432 (custom)
2022-12-08 07:06:25,559 [Listener at 127.0.0.1/38067] INFO  server.GrpcService (ConfUtils.java:logGet(46)) - raft.grpc.flow.control.window = 5MB (=5242880) (custom)
2022-12-08 07:06:25,559 [Listener at 127.0.0.1/38067] INFO  server.RaftServerConfigKeys (ConfUtils.java:logGet(46)) - raft.server.rpc.request.timeout = 60s (custom)
2022-12-08 07:06:25,559 [Listener at 127.0.0.1/38067] INFO  grpc.GrpcConfigKeys (ConfUtils.java:logGet(46)) - raft.grpc.server.heartbeat.channel = true (default)
2022-12-08 07:06:25,559 [Listener at 127.0.0.1/38067] INFO  grpc.GrpcConfigKeys (ConfUtils.java:logGet(46)) - raft.grpc.server.async.request.thread.pool.cached = true (default)
2022-12-08 07:06:25,559 [Listener at 127.0.0.1/38067] INFO  grpc.GrpcConfigKeys (ConfUtils.java:logGet(46)) - raft.grpc.server.async.request.thread.pool.size = 32 (default)
2022-12-08 07:06:25,561 [Listener at 127.0.0.1/38067] INFO  impl.DataStreamServerImpl (ConfUtils.java:logGet(46)) - raft.datastream.type = DISABLED (default)
2022-12-08 07:06:25,561 [Listener at 127.0.0.1/38067] INFO  server.RaftServerConfigKeys (ConfUtils.java:logGet(46)) - raft.server.threadpool.proxy.cached = true (default)
2022-12-08 07:06:25,561 [Listener at 127.0.0.1/38067] INFO  server.RaftServerConfigKeys (ConfUtils.java:logGet(46)) - raft.server.threadpool.proxy.size = 0 (default)
2022-12-08 07:06:25,561 [Listener at 127.0.0.1/38067] INFO  server.RaftServerConfigKeys (ConfUtils.java:logGet(46)) - raft.server.rpc.slowness.timeout = 300s (custom)
2022-12-08 07:06:25,561 [Listener at 127.0.0.1/38067] INFO  server.RaftServerConfigKeys (ConfUtils.java:logGet(46)) - raft.server.leaderelection.leader.step-down.wait-time = 10s (default)
2022-12-08 07:06:25,562 [Listener at 127.0.0.1/38067] INFO  server.RaftServerConfigKeys (ConfUtils.java:logGet(46)) - raft.server.storage.dir = [/home/runner/work/ozone/ozone/hadoop-ozone/integration-test/target/test-dir/MiniOzoneClusterImpl-510a2802-165a-4ebd-9ade-f7b35b2c34f6/datanode-1/data/ratis] (custom)
2022-12-08 07:06:25,565 [Listener at 127.0.0.1/38067] INFO  server.XceiverServerGrpc (XceiverServerGrpc.java:<init>(132)) - GrpcServer channel type EpollServerSocketChannel
2022-12-08 07:06:25,576 [Listener at 127.0.0.1/38067] INFO  http.BaseHttpServer (BaseHttpServer.java:newHttpServer2BuilderForOzone(213)) - Starting Web-server for hddsDatanode at: http://0.0.0.0:0
2022-12-08 07:06:25,577 [Listener at 127.0.0.1/38067] INFO  http.BaseHttpServer (BaseHttpServer.java:<init>(108)) - Hadoop Security Enabled: false Ozone Security Enabled: false Ozone HTTP Security Enabled: false 
2022-12-08 07:06:25,578 [Listener at 127.0.0.1/38067] WARN  server.AuthenticationFilter (AuthenticationFilter.java:constructSecretProvider(240)) - Unable to initialize FileSignerSecretProvider, falling back to use random secrets. Reason: Could not read signature secret file: /home/runner/hadoop-http-auth-signature-secret
2022-12-08 07:06:25,579 [Listener at 127.0.0.1/38067] WARN  http.HttpRequestLog (HttpRequestLog.java:getRequestLog(103)) - Jetty request log can only be enabled using Log4j
2022-12-08 07:06:25,582 [Listener at 127.0.0.1/38067] INFO  http.HttpServer2 (HttpServer2.java:addGlobalFilter(1031)) - Added global filter 'safety' (class=org.apache.hadoop.hdds.server.http.HttpServer2$QuotingInputFilter)
2022-12-08 07:06:25,583 [Listener at 127.0.0.1/38067] INFO  http.HttpServer2 (HttpServer2.java:addFilter(1007)) - Added filter static_user_filter (class=org.apache.hadoop.http.lib.StaticUserWebFilter$StaticUserFilter) to context hddsDatanode
2022-12-08 07:06:25,583 [Listener at 127.0.0.1/38067] INFO  http.HttpServer2 (HttpServer2.java:addFilter(1015)) - Added filter static_user_filter (class=org.apache.hadoop.http.lib.StaticUserWebFilter$StaticUserFilter) to context static
2022-12-08 07:06:25,583 [Listener at 127.0.0.1/38067] INFO  http.HttpServer2 (HttpServer2.java:addFilter(1015)) - Added filter static_user_filter (class=org.apache.hadoop.http.lib.StaticUserWebFilter$StaticUserFilter) to context logs
2022-12-08 07:06:25,583 [Listener at 127.0.0.1/38067] INFO  http.HttpServer2 (HttpServer2.java:bindListener(1250)) - Jetty bound to port 35737
2022-12-08 07:06:25,584 [Listener at 127.0.0.1/38067] INFO  server.Server (Server.java:doStart(375)) - jetty-9.4.49.v20220914; built: 2022-09-14T01:07:36.601Z; git: 4231a3b2e4cb8548a412a789936d640a97b1aa0a; jvm 1.8.0_352-b08
2022-12-08 07:06:25,587 [Listener at 127.0.0.1/38067] INFO  server.session (DefaultSessionIdManager.java:doStart(334)) - DefaultSessionIdManager workerName=node0
2022-12-08 07:06:25,588 [Listener at 127.0.0.1/38067] INFO  server.session (DefaultSessionIdManager.java:doStart(339)) - No SessionScavenger set, using defaults
2022-12-08 07:06:25,588 [Listener at 127.0.0.1/38067] INFO  server.session (HouseKeeper.java:startScavenging(132)) - node0 Scavenging every 660000ms
2022-12-08 07:06:25,589 [Listener at 127.0.0.1/38067] INFO  handler.ContextHandler (ContextHandler.java:doStart(921)) - Started o.e.j.s.ServletContextHandler@69505e5b{logs,/logs,file:///home/runner/work/ozone/ozone/hadoop-ozone/integration-test/target/log,AVAILABLE}
2022-12-08 07:06:25,589 [Listener at 127.0.0.1/38067] INFO  handler.ContextHandler (ContextHandler.java:doStart(921)) - Started o.e.j.s.ServletContextHandler@309b8172{static,/static,jar:file:/home/runner/.m2/repository/org/apache/ozone/hdds-container-service/1.3.0-SNAPSHOT/hdds-container-service-1.3.0-SNAPSHOT.jar!/webapps/static,AVAILABLE}
2022-12-08 07:06:25,666 [EventQueue-CommandQueueReportForCommandQueueReportHandler] WARN  events.EventQueue (EventQueue.java:fireEvent(216)) - No event handler registered for event TypedEvent{payloadType=DatanodeDetails, name='Datanode_Command_Queue_Updated'}
2022-12-08 07:06:25,669 [EventQueue-CommandQueueReportForCommandQueueReportHandler] WARN  events.EventQueue (EventQueue.java:fireEvent(216)) - No event handler registered for event TypedEvent{payloadType=DatanodeDetails, name='Datanode_Command_Queue_Updated'}
2022-12-08 07:06:25,675 [EventQueue-CommandQueueReportForCommandQueueReportHandler] WARN  events.EventQueue (EventQueue.java:fireEvent(216)) - No event handler registered for event TypedEvent{payloadType=DatanodeDetails, name='Datanode_Command_Queue_Updated'}
2022-12-08 07:06:25,759 [EventQueue-CommandQueueReportForCommandQueueReportHandler] WARN  events.EventQueue (EventQueue.java:fireEvent(216)) - No event handler registered for event TypedEvent{payloadType=DatanodeDetails, name='Datanode_Command_Queue_Updated'}
2022-12-08 07:06:25,773 [EventQueue-CommandQueueReportForCommandQueueReportHandler] WARN  events.EventQueue (EventQueue.java:fireEvent(216)) - No event handler registered for event TypedEvent{payloadType=DatanodeDetails, name='Datanode_Command_Queue_Updated'}
2022-12-08 07:06:25,791 [IPC Server handler 1 on default port 39625] INFO  pipeline.PipelineStateManagerImpl (PipelineStateManagerImpl.java:addPipeline(103)) - Created pipeline Pipeline[ Id: 33c87244-8fd1-479a-9ae2-5d2ade5ec3e1, Nodes: 6eec9aac-ee1b-4e1e-837d-d3cab734710b{ip: 10.1.0.14, host: fv-az165-805.wtg55dazuvhetdvd2gpth4ys5d.dx.internal.cloudapp.net, ports: [REPLICATION=35375, RATIS=33309, RATIS_ADMIN=33309, RATIS_SERVER=33309, STANDALONE=43585], networkLocation: /default-rack, certSerialId: null, persistedOpState: null, persistedOpStateExpiryEpochSec: 0}aa703a63-3c65-4215-94e9-ba864e506dd9{ip: 10.1.0.14, host: fv-az165-805.wtg55dazuvhetdvd2gpth4ys5d.dx.internal.cloudapp.net, ports: [REPLICATION=38971, RATIS=39791, RATIS_ADMIN=39791, RATIS_SERVER=39791, STANDALONE=40597], networkLocation: /default-rack, certSerialId: null, persistedOpState: null, persistedOpStateExpiryEpochSec: 0}1fec2e66-b36b-410d-a836-56974e80c6bf{ip: 10.1.0.14, host: fv-az165-805.wtg55dazuvhetdvd2gpth4ys5d.dx.internal.cloudapp.net, ports: [REPLICATION=42005, RATIS=40777, RATIS_ADMIN=40777, RATIS_SERVER=40777, STANDALONE=40099], networkLocation: /default-rack, certSerialId: null, persistedOpState: null, persistedOpStateExpiryEpochSec: 0}e288a489-637a-4316-af43-30866b2c8bfc{ip: 10.1.0.14, host: fv-az165-805.wtg55dazuvhetdvd2gpth4ys5d.dx.internal.cloudapp.net, ports: [REPLICATION=39261, RATIS=36389, RATIS_ADMIN=36389, RATIS_SERVER=36389, STANDALONE=35147], networkLocation: /default-rack, certSerialId: null, persistedOpState: null, persistedOpStateExpiryEpochSec: 0}f4ffb4f0-97dc-4c31-9ebf-2914332a538f{ip: 10.1.0.14, host: fv-az165-805.wtg55dazuvhetdvd2gpth4ys5d.dx.internal.cloudapp.net, ports: [REPLICATION=33383, RATIS=34119, RATIS_ADMIN=34119, RATIS_SERVER=34119, STANDALONE=42873], networkLocation: /default-rack, certSerialId: null, persistedOpState: null, persistedOpStateExpiryEpochSec: 0}, ReplicationConfig: EC/ECReplicationConfig{data=3, parity=2, ecChunkSize=1048576, codec=rs}, State:ALLOCATED, leaderId:, CreationTimestamp2022-12-08T07:06:25.790Z[Etc/UTC]].
2022-12-08 07:06:25,792 [IPC Server handler 1 on default port 39625] INFO  pipeline.PipelineManagerImpl (PipelineManagerImpl.java:openPipeline(367)) - Pipeline Pipeline[ Id: 33c87244-8fd1-479a-9ae2-5d2ade5ec3e1, Nodes: 6eec9aac-ee1b-4e1e-837d-d3cab734710b{ip: 10.1.0.14, host: fv-az165-805.wtg55dazuvhetdvd2gpth4ys5d.dx.internal.cloudapp.net, ports: [REPLICATION=35375, RATIS=33309, RATIS_ADMIN=33309, RATIS_SERVER=33309, STANDALONE=43585], networkLocation: /default-rack, certSerialId: null, persistedOpState: null, persistedOpStateExpiryEpochSec: 0}aa703a63-3c65-4215-94e9-ba864e506dd9{ip: 10.1.0.14, host: fv-az165-805.wtg55dazuvhetdvd2gpth4ys5d.dx.internal.cloudapp.net, ports: [REPLICATION=38971, RATIS=39791, RATIS_ADMIN=39791, RATIS_SERVER=39791, STANDALONE=40597], networkLocation: /default-rack, certSerialId: null, persistedOpState: null, persistedOpStateExpiryEpochSec: 0}1fec2e66-b36b-410d-a836-56974e80c6bf{ip: 10.1.0.14, host: fv-az165-805.wtg55dazuvhetdvd2gpth4ys5d.dx.internal.cloudapp.net, ports: [REPLICATION=42005, RATIS=40777, RATIS_ADMIN=40777, RATIS_SERVER=40777, STANDALONE=40099], networkLocation: /default-rack, certSerialId: null, persistedOpState: null, persistedOpStateExpiryEpochSec: 0}e288a489-637a-4316-af43-30866b2c8bfc{ip: 10.1.0.14, host: fv-az165-805.wtg55dazuvhetdvd2gpth4ys5d.dx.internal.cloudapp.net, ports: [REPLICATION=39261, RATIS=36389, RATIS_ADMIN=36389, RATIS_SERVER=36389, STANDALONE=35147], networkLocation: /default-rack, certSerialId: null, persistedOpState: null, persistedOpStateExpiryEpochSec: 0}f4ffb4f0-97dc-4c31-9ebf-2914332a538f{ip: 10.1.0.14, host: fv-az165-805.wtg55dazuvhetdvd2gpth4ys5d.dx.internal.cloudapp.net, ports: [REPLICATION=33383, RATIS=34119, RATIS_ADMIN=34119, RATIS_SERVER=34119, STANDALONE=42873], networkLocation: /default-rack, certSerialId: null, persistedOpState: null, persistedOpStateExpiryEpochSec: 0}, ReplicationConfig: EC/ECReplicationConfig{data=3, parity=2, ecChunkSize=1048576, codec=rs}, State:ALLOCATED, leaderId:, CreationTimestamp2022-12-08T07:06:25.790Z[Etc/UTC]] moved to OPEN state
2022-12-08 07:06:25,813 [ReplicationMonitor] INFO  replication.ReplicationManager (ReplicationManager.java:processAll(356)) - Replication Monitor Thread took 1 milliseconds for processing 7 containers.
2022-12-08 07:06:25,823 [Under Replicated Processor] INFO  replication.UnderReplicatedProcessor (UnderReplicatedProcessor.java:processAll(79)) - Processed 0 under replicated containers, failed processing 0
2022-12-08 07:06:25,915 [EventQueue-CommandQueueReportForCommandQueueReportHandler] WARN  events.EventQueue (EventQueue.java:fireEvent(216)) - No event handler registered for event TypedEvent{payloadType=DatanodeDetails, name='Datanode_Command_Queue_Updated'}
2022-12-08 07:06:25,923 [EventQueue-CommandQueueReportForCommandQueueReportHandler] WARN  events.EventQueue (EventQueue.java:fireEvent(216)) - No event handler registered for event TypedEvent{payloadType=DatanodeDetails, name='Datanode_Command_Queue_Updated'}
2022-12-08 07:06:25,927 [EventQueue-CommandQueueReportForCommandQueueReportHandler] WARN  events.EventQueue (EventQueue.java:fireEvent(216)) - No event handler registered for event TypedEvent{payloadType=DatanodeDetails, name='Datanode_Command_Queue_Updated'}
2022-12-08 07:06:25,979 [EventQueue-CommandQueueReportForCommandQueueReportHandler] WARN  events.EventQueue (EventQueue.java:fireEvent(216)) - No event handler registered for event TypedEvent{payloadType=DatanodeDetails, name='Datanode_Command_Queue_Updated'}
2022-12-08 07:06:25,989 [ReplicationMonitor] INFO  replication.ReplicationManager (ReplicationManager.java:processAll(323)) - Replication Manager is not ready to run until 3000ms after safemode exit
2022-12-08 07:06:25,999 [EventQueue-CommandQueueReportForCommandQueueReportHandler] WARN  events.EventQueue (EventQueue.java:fireEvent(216)) - No event handler registered for event TypedEvent{payloadType=DatanodeDetails, name='Datanode_Command_Queue_Updated'}
2022-12-08 07:06:26,026 [IPC Server handler 10 on default port 39625] INFO  pipeline.PipelineStateManagerImpl (PipelineStateManagerImpl.java:addPipeline(103)) - Created pipeline Pipeline[ Id: a640ea80-9452-4494-915a-c71dcf1c90b2, Nodes: a323b8f8-7c4d-4fe6-8663-2fcba1e99710{ip: 10.1.0.14, host: fv-az165-805.wtg55dazuvhetdvd2gpth4ys5d.dx.internal.cloudapp.net, ports: [REPLICATION=34875, RATIS=38689, RATIS_ADMIN=38689, RATIS_SERVER=38689, STANDALONE=41587], networkLocation: /default-rack, certSerialId: null, persistedOpState: null, persistedOpStateExpiryEpochSec: 0}1fec2e66-b36b-410d-a836-56974e80c6bf{ip: 10.1.0.14, host: fv-az165-805.wtg55dazuvhetdvd2gpth4ys5d.dx.internal.cloudapp.net, ports: [REPLICATION=42005, RATIS=40777, RATIS_ADMIN=40777, RATIS_SERVER=40777, STANDALONE=40099], networkLocation: /default-rack, certSerialId: null, persistedOpState: null, persistedOpStateExpiryEpochSec: 0}aa703a63-3c65-4215-94e9-ba864e506dd9{ip: 10.1.0.14, host: fv-az165-805.wtg55dazuvhetdvd2gpth4ys5d.dx.internal.cloudapp.net, ports: [REPLICATION=38971, RATIS=39791, RATIS_ADMIN=39791, RATIS_SERVER=39791, STANDALONE=40597], networkLocation: /default-rack, certSerialId: null, persistedOpState: null, persistedOpStateExpiryEpochSec: 0}624d0ae4-c5c0-4b02-bbde-b37f19cf8f9a{ip: 10.1.0.14, host: fv-az165-805.wtg55dazuvhetdvd2gpth4ys5d.dx.internal.cloudapp.net, ports: [REPLICATION=39487, RATIS=41749, RATIS_ADMIN=41749, RATIS_SERVER=41749, STANDALONE=43743], networkLocation: /default-rack, certSerialId: null, persistedOpState: null, persistedOpStateExpiryEpochSec: 0}f4ffb4f0-97dc-4c31-9ebf-2914332a538f{ip: 10.1.0.14, host: fv-az165-805.wtg55dazuvhetdvd2gpth4ys5d.dx.internal.cloudapp.net, ports: [REPLICATION=33383, RATIS=34119, RATIS_ADMIN=34119, RATIS_SERVER=34119, STANDALONE=42873], networkLocation: /default-rack, certSerialId: null, persistedOpState: null, persistedOpStateExpiryEpochSec: 0}, ReplicationConfig: EC/ECReplicationConfig{data=3, parity=2, ecChunkSize=1048576, codec=rs}, State:ALLOCATED, leaderId:, CreationTimestamp2022-12-08T07:06:26.026Z[Etc/UTC]].
2022-12-08 07:06:26,027 [IPC Server handler 10 on default port 39625] INFO  pipeline.PipelineManagerImpl (PipelineManagerImpl.java:openPipeline(367)) - Pipeline Pipeline[ Id: a640ea80-9452-4494-915a-c71dcf1c90b2, Nodes: a323b8f8-7c4d-4fe6-8663-2fcba1e99710{ip: 10.1.0.14, host: fv-az165-805.wtg55dazuvhetdvd2gpth4ys5d.dx.internal.cloudapp.net, ports: [REPLICATION=34875, RATIS=38689, RATIS_ADMIN=38689, RATIS_SERVER=38689, STANDALONE=41587], networkLocation: /default-rack, certSerialId: null, persistedOpState: null, persistedOpStateExpiryEpochSec: 0}1fec2e66-b36b-410d-a836-56974e80c6bf{ip: 10.1.0.14, host: fv-az165-805.wtg55dazuvhetdvd2gpth4ys5d.dx.internal.cloudapp.net, ports: [REPLICATION=42005, RATIS=40777, RATIS_ADMIN=40777, RATIS_SERVER=40777, STANDALONE=40099], networkLocation: /default-rack, certSerialId: null, persistedOpState: null, persistedOpStateExpiryEpochSec: 0}aa703a63-3c65-4215-94e9-ba864e506dd9{ip: 10.1.0.14, host: fv-az165-805.wtg55dazuvhetdvd2gpth4ys5d.dx.internal.cloudapp.net, ports: [REPLICATION=38971, RATIS=39791, RATIS_ADMIN=39791, RATIS_SERVER=39791, STANDALONE=40597], networkLocation: /default-rack, certSerialId: null, persistedOpState: null, persistedOpStateExpiryEpochSec: 0}624d0ae4-c5c0-4b02-bbde-b37f19cf8f9a{ip: 10.1.0.14, host: fv-az165-805.wtg55dazuvhetdvd2gpth4ys5d.dx.internal.cloudapp.net, ports: [REPLICATION=39487, RATIS=41749, RATIS_ADMIN=41749, RATIS_SERVER=41749, STANDALONE=43743], networkLocation: /default-rack, certSerialId: null, persistedOpState: null, persistedOpStateExpiryEpochSec: 0}f4ffb4f0-97dc-4c31-9ebf-2914332a538f{ip: 10.1.0.14, host: fv-az165-805.wtg55dazuvhetdvd2gpth4ys5d.dx.internal.cloudapp.net, ports: [REPLICATION=33383, RATIS=34119, RATIS_ADMIN=34119, RATIS_SERVER=34119, STANDALONE=42873], networkLocation: /default-rack, certSerialId: null, persistedOpState: null, persistedOpStateExpiryEpochSec: 0}, ReplicationConfig: EC/ECReplicationConfig{data=3, parity=2, ecChunkSize=1048576, codec=rs}, State:ALLOCATED, leaderId:, CreationTimestamp2022-12-08T07:06:26.026Z[Etc/UTC]] moved to OPEN state
2022-12-08 07:06:26,117 [EventQueue-CommandQueueReportForCommandQueueReportHandler] WARN  events.EventQueue (EventQueue.java:fireEvent(216)) - No event handler registered for event TypedEvent{payloadType=DatanodeDetails, name='Datanode_Command_Queue_Updated'}
2022-12-08 07:06:26,140 [EventQueue-CommandQueueReportForCommandQueueReportHandler] WARN  events.EventQueue (EventQueue.java:fireEvent(216)) - No event handler registered for event TypedEvent{payloadType=DatanodeDetails, name='Datanode_Command_Queue_Updated'}
2022-12-08 07:06:26,150 [EventQueue-CommandQueueReportForCommandQueueReportHandler] WARN  events.EventQueue (EventQueue.java:fireEvent(216)) - No event handler registered for event TypedEvent{payloadType=DatanodeDetails, name='Datanode_Command_Queue_Updated'}
2022-12-08 07:06:26,198 [Listener at 127.0.0.1/38067] INFO  handler.ContextHandler (ContextHandler.java:doStart(921)) - Started o.e.j.w.WebAppContext@929b7fd{hddsDatanode,/,file:///tmp/jetty-0_0_0_0-35737-hdds-container-service-1_3_0-SNAPSHOT_jar-_-any-2437296309052051944/webapp/,AVAILABLE}{jar:file:/home/runner/.m2/repository/org/apache/ozone/hdds-container-service/1.3.0-SNAPSHOT/hdds-container-service-1.3.0-SNAPSHOT.jar!/webapps/hddsDatanode}
2022-12-08 07:06:26,209 [Listener at 127.0.0.1/38067] INFO  server.AbstractConnector (AbstractConnector.java:doStart(333)) - Started ServerConnector@3cb8bb74{HTTP/1.1, (http/1.1)}{0.0.0.0:35737}
2022-12-08 07:06:26,221 [Listener at 127.0.0.1/38067] INFO  server.Server (Server.java:doStart(415)) - Started @31685ms
2022-12-08 07:06:26,221 [Listener at 127.0.0.1/38067] WARN  impl.MetricsSystemImpl (MetricsSystemImpl.java:register(279)) - Sink prometheus already exists!
2022-12-08 07:06:26,221 [EventQueue-CommandQueueReportForCommandQueueReportHandler] WARN  events.EventQueue (EventQueue.java:fireEvent(216)) - No event handler registered for event TypedEvent{payloadType=DatanodeDetails, name='Datanode_Command_Queue_Updated'}
2022-12-08 07:06:26,226 [Listener at 127.0.0.1/38067] INFO  http.BaseHttpServer (BaseHttpServer.java:updateConnectorAddress(333)) - HTTP server of hddsDatanode listening at http://0.0.0.0:35737
2022-12-08 07:06:26,229 [Listener at 127.0.0.1/38067] WARN  impl.MetricRegistriesImpl (MetricRegistriesImpl.java:addReporterRegistration(111)) - New reporters are added after registries were created. Some metrics will be missing from the reporter. Please add reporter before adding any new registry.
2022-12-08 07:06:26,229 [Listener at 127.0.0.1/38067] WARN  impl.MetricRegistriesImpl (MetricRegistriesImpl.java:addReporterRegistration(111)) - New reporters are added after registries were created. Some metrics will be missing from the reporter. Please add reporter before adding any new registry.
2022-12-08 07:06:26,229 [Listener at 127.0.0.1/38067] INFO  impl.MetricsSystemImpl (MetricsSystemImpl.java:init(158)) - HddsDatanode metrics system started (again)
2022-12-08 07:06:26,243 [Datanode State Machine Daemon Thread] INFO  statemachine.DatanodeStateMachine (DatanodeStateMachine.java:lambda$startDaemon$0(505)) - Ozone container server started.
2022-12-08 07:06:26,254 [org.apache.hadoop.util.JvmPauseMonitor$Monitor@fee298c] INFO  util.JvmPauseMonitor (JvmPauseMonitor.java:run(188)) - Starting JVM pause monitor
2022-12-08 07:06:26,256 [Over Replicated Processor] INFO  replication.OverReplicatedProcessor (OverReplicatedProcessor.java:processAll(79)) - Processed 0 over replicated containers, failed processing 0
2022-12-08 07:06:26,259 [Datanode State Machine Task Thread - 0] INFO  datanode.InitDatanodeState (InitDatanodeState.java:persistContainerDatanodeDetails(138)) - DatanodeDetails is persisted to /home/runner/work/ozone/ozone/hadoop-ozone/integration-test/target/test-dir/MiniOzoneClusterImpl-510a2802-165a-4ebd-9ade-f7b35b2c34f6/datanode-1/meta/datanode.id
2022-12-08 07:06:26,261 [EventQueue-CommandQueueReportForCommandQueueReportHandler] WARN  events.EventQueue (EventQueue.java:fireEvent(216)) - No event handler registered for event TypedEvent{payloadType=DatanodeDetails, name='Datanode_Command_Queue_Updated'}
2022-12-08 07:06:26,280 [Listener at 127.0.0.1/38067] INFO  ozone.HddsDatanodeService (HddsDatanodeService.java:start(236)) - HddsDatanodeService host:fv-az165-805.wtg55dazuvhetdvd2gpth4ys5d.dx.internal.cloudapp.net ip:10.1.0.14
2022-12-08 07:06:26,363 [Listener at 127.0.0.1/38067] INFO  upgrade.AbstractLayoutVersionManager (AbstractLayoutVersionManager.java:init(83)) - Initializing Layout version manager with metadata layout = DATANODE_SCHEMA_V3 (version = 4), software layout = DATANODE_SCHEMA_V3 (version = 4)
2022-12-08 07:06:26,527 [Listener at 127.0.0.1/38067] INFO  reflections.Reflections (Reflections.java:scan(232)) - Reflections took 161 ms to scan 7 urls, producing 140 keys and 342 values 
2022-12-08 07:06:26,538 [Listener at 127.0.0.1/38067] INFO  statemachine.DatanodeStateMachine (DatanodeStateMachine.java:getEndPointTaskThreadPoolSize(245)) - Datanode State Machine Task Thread Pool size 2
2022-12-08 07:06:26,542 [Listener at 127.0.0.1/38067] INFO  volume.HddsVolume (HddsVolume.java:<init>(117)) - Creating HddsVolume: /home/runner/work/ozone/ozone/hadoop-ozone/integration-test/target/test-dir/MiniOzoneClusterImpl-510a2802-165a-4ebd-9ade-f7b35b2c34f6/datanode-2/data-0/containers/hdds of storage type : DISK capacity : 9223372036854775807
2022-12-08 07:06:26,542 [Listener at 127.0.0.1/38067] INFO  volume.MutableVolumeSet (MutableVolumeSet.java:initializeVolumeSet(174)) - Added Volume : /home/runner/work/ozone/ozone/hadoop-ozone/integration-test/target/test-dir/MiniOzoneClusterImpl-510a2802-165a-4ebd-9ade-f7b35b2c34f6/datanode-2/data-0/containers/hdds to VolumeSet
2022-12-08 07:06:26,542 [Listener at 127.0.0.1/38067] INFO  volume.ThrottledAsyncChecker (ThrottledAsyncChecker.java:schedule(141)) - Scheduling a check for /home/runner/work/ozone/ozone/hadoop-ozone/integration-test/target/test-dir/MiniOzoneClusterImpl-510a2802-165a-4ebd-9ade-f7b35b2c34f6/datanode-2/data-0/containers/hdds
2022-12-08 07:06:26,551 [Listener at 127.0.0.1/38067] INFO  volume.StorageVolumeChecker (StorageVolumeChecker.java:checkAllVolumes(202)) - Scheduled health check for volume /home/runner/work/ozone/ozone/hadoop-ozone/integration-test/target/test-dir/MiniOzoneClusterImpl-510a2802-165a-4ebd-9ade-f7b35b2c34f6/datanode-2/data-0/containers/hdds
2022-12-08 07:06:26,580 [Listener at 127.0.0.1/38067] INFO  volume.MutableVolumeSet (MutableVolumeSet.java:initializeVolumeSet(174)) - Added Volume : /home/runner/work/ozone/ozone/hadoop-ozone/integration-test/target/test-dir/MiniOzoneClusterImpl-510a2802-165a-4ebd-9ade-f7b35b2c34f6/datanode-2/data/ratis to VolumeSet
2022-12-08 07:06:26,581 [Listener at 127.0.0.1/38067] INFO  volume.ThrottledAsyncChecker (ThrottledAsyncChecker.java:schedule(141)) - Scheduling a check for /home/runner/work/ozone/ozone/hadoop-ozone/integration-test/target/test-dir/MiniOzoneClusterImpl-510a2802-165a-4ebd-9ade-f7b35b2c34f6/datanode-2/data/ratis
2022-12-08 07:06:26,581 [Listener at 127.0.0.1/38067] INFO  volume.StorageVolumeChecker (StorageVolumeChecker.java:checkAllVolumes(202)) - Scheduled health check for volume /home/runner/work/ozone/ozone/hadoop-ozone/integration-test/target/test-dir/MiniOzoneClusterImpl-510a2802-165a-4ebd-9ade-f7b35b2c34f6/datanode-2/data/ratis
2022-12-08 07:06:26,615 [Thread-533] INFO  ozoneimpl.ContainerReader (ContainerReader.java:readVolume(175)) - Finish verifying containers on volume /home/runner/work/ozone/ozone/hadoop-ozone/integration-test/target/test-dir/MiniOzoneClusterImpl-510a2802-165a-4ebd-9ade-f7b35b2c34f6/datanode-2/data-0/containers/hdds
2022-12-08 07:06:26,615 [Listener at 127.0.0.1/38067] INFO  ozoneimpl.OzoneContainer (OzoneContainer.java:buildContainerSet(301)) - Build ContainerSet costs 0s
2022-12-08 07:06:26,618 [Listener at 127.0.0.1/38067] INFO  server.RaftServer (ConfUtils.java:logGet(46)) - raft.rpc.type = GRPC (default)
2022-12-08 07:06:26,618 [Listener at 127.0.0.1/38067] INFO  grpc.GrpcConfigKeys (ConfUtils.java:logFallback(53)) - raft.grpc.admin.host = null (fallback to raft.grpc.server.host)
2022-12-08 07:06:26,619 [Listener at 127.0.0.1/38067] INFO  grpc.GrpcConfigKeys (ConfUtils.java:logGet(46)) - raft.grpc.admin.port = 0 (custom)
2022-12-08 07:06:26,619 [Listener at 127.0.0.1/38067] INFO  grpc.GrpcConfigKeys (ConfUtils.java:logFallback(53)) - raft.grpc.client.host = null (fallback to raft.grpc.server.host)
2022-12-08 07:06:26,619 [Listener at 127.0.0.1/38067] INFO  grpc.GrpcConfigKeys (ConfUtils.java:logGet(46)) - raft.grpc.client.port = 0 (custom)
2022-12-08 07:06:26,619 [Listener at 127.0.0.1/38067] INFO  grpc.GrpcConfigKeys (ConfUtils.java:logGet(46)) - raft.grpc.server.host = null (default)
2022-12-08 07:06:26,619 [Listener at 127.0.0.1/38067] INFO  grpc.GrpcConfigKeys (ConfUtils.java:logGet(46)) - raft.grpc.server.port = 0 (default)
2022-12-08 07:06:26,619 [Listener at 127.0.0.1/38067] INFO  server.GrpcService (ConfUtils.java:logGet(46)) - raft.grpc.message.size.max = 32MB (=33554432) (custom)
2022-12-08 07:06:26,619 [Listener at 127.0.0.1/38067] INFO  server.RaftServerConfigKeys (ConfUtils.java:logGet(46)) - raft.server.log.appender.buffer.byte-limit = 33554432 (custom)
2022-12-08 07:06:26,619 [Listener at 127.0.0.1/38067] INFO  server.GrpcService (ConfUtils.java:logGet(46)) - raft.grpc.flow.control.window = 5MB (=5242880) (custom)
2022-12-08 07:06:26,619 [Listener at 127.0.0.1/38067] INFO  server.RaftServerConfigKeys (ConfUtils.java:logGet(46)) - raft.server.rpc.request.timeout = 60s (custom)
2022-12-08 07:06:26,619 [Listener at 127.0.0.1/38067] INFO  grpc.GrpcConfigKeys (ConfUtils.java:logGet(46)) - raft.grpc.server.heartbeat.channel = true (default)
2022-12-08 07:06:26,620 [Listener at 127.0.0.1/38067] INFO  grpc.GrpcConfigKeys (ConfUtils.java:logGet(46)) - raft.grpc.server.async.request.thread.pool.cached = true (default)
2022-12-08 07:06:26,620 [Listener at 127.0.0.1/38067] INFO  grpc.GrpcConfigKeys (ConfUtils.java:logGet(46)) - raft.grpc.server.async.request.thread.pool.size = 32 (default)
2022-12-08 07:06:26,621 [Listener at 127.0.0.1/38067] INFO  impl.DataStreamServerImpl (ConfUtils.java:logGet(46)) - raft.datastream.type = DISABLED (default)
2022-12-08 07:06:26,621 [Listener at 127.0.0.1/38067] INFO  server.RaftServerConfigKeys (ConfUtils.java:logGet(46)) - raft.server.threadpool.proxy.cached = true (default)
2022-12-08 07:06:26,621 [Listener at 127.0.0.1/38067] INFO  server.RaftServerConfigKeys (ConfUtils.java:logGet(46)) - raft.server.threadpool.proxy.size = 0 (default)
2022-12-08 07:06:26,622 [Listener at 127.0.0.1/38067] INFO  server.RaftServerConfigKeys (ConfUtils.java:logGet(46)) - raft.server.rpc.slowness.timeout = 300s (custom)
2022-12-08 07:06:26,622 [Listener at 127.0.0.1/38067] INFO  server.RaftServerConfigKeys (ConfUtils.java:logGet(46)) - raft.server.leaderelection.leader.step-down.wait-time = 10s (default)
2022-12-08 07:06:26,622 [Listener at 127.0.0.1/38067] INFO  server.RaftServerConfigKeys (ConfUtils.java:logGet(46)) - raft.server.storage.dir = [/home/runner/work/ozone/ozone/hadoop-ozone/integration-test/target/test-dir/MiniOzoneClusterImpl-510a2802-165a-4ebd-9ade-f7b35b2c34f6/datanode-2/data/ratis] (custom)
2022-12-08 07:06:26,624 [Listener at 127.0.0.1/38067] INFO  server.XceiverServerGrpc (XceiverServerGrpc.java:<init>(132)) - GrpcServer channel type EpollServerSocketChannel
2022-12-08 07:06:26,637 [Listener at 127.0.0.1/38067] INFO  http.BaseHttpServer (BaseHttpServer.java:newHttpServer2BuilderForOzone(213)) - Starting Web-server for hddsDatanode at: http://0.0.0.0:0
2022-12-08 07:06:26,637 [Listener at 127.0.0.1/38067] INFO  http.BaseHttpServer (BaseHttpServer.java:<init>(108)) - Hadoop Security Enabled: false Ozone Security Enabled: false Ozone HTTP Security Enabled: false 
2022-12-08 07:06:26,639 [Listener at 127.0.0.1/38067] WARN  server.AuthenticationFilter (AuthenticationFilter.java:constructSecretProvider(240)) - Unable to initialize FileSignerSecretProvider, falling back to use random secrets. Reason: Could not read signature secret file: /home/runner/hadoop-http-auth-signature-secret
2022-12-08 07:06:26,641 [Listener at 127.0.0.1/38067] WARN  http.HttpRequestLog (HttpRequestLog.java:getRequestLog(103)) - Jetty request log can only be enabled using Log4j
2022-12-08 07:06:26,643 [Listener at 127.0.0.1/38067] INFO  http.HttpServer2 (HttpServer2.java:addGlobalFilter(1031)) - Added global filter 'safety' (class=org.apache.hadoop.hdds.server.http.HttpServer2$QuotingInputFilter)
2022-12-08 07:06:26,644 [Listener at 127.0.0.1/38067] INFO  http.HttpServer2 (HttpServer2.java:addFilter(1007)) - Added filter static_user_filter (class=org.apache.hadoop.http.lib.StaticUserWebFilter$StaticUserFilter) to context hddsDatanode
2022-12-08 07:06:26,644 [Listener at 127.0.0.1/38067] INFO  http.HttpServer2 (HttpServer2.java:addFilter(1015)) - Added filter static_user_filter (class=org.apache.hadoop.http.lib.StaticUserWebFilter$StaticUserFilter) to context static
2022-12-08 07:06:26,644 [Listener at 127.0.0.1/38067] INFO  http.HttpServer2 (HttpServer2.java:addFilter(1015)) - Added filter static_user_filter (class=org.apache.hadoop.http.lib.StaticUserWebFilter$StaticUserFilter) to context logs
2022-12-08 07:06:26,645 [Listener at 127.0.0.1/38067] INFO  http.HttpServer2 (HttpServer2.java:bindListener(1250)) - Jetty bound to port 38925
2022-12-08 07:06:26,645 [Listener at 127.0.0.1/38067] INFO  server.Server (Server.java:doStart(375)) - jetty-9.4.49.v20220914; built: 2022-09-14T01:07:36.601Z; git: 4231a3b2e4cb8548a412a789936d640a97b1aa0a; jvm 1.8.0_352-b08
2022-12-08 07:06:26,659 [Listener at 127.0.0.1/38067] INFO  server.session (DefaultSessionIdManager.java:doStart(334)) - DefaultSessionIdManager workerName=node0
2022-12-08 07:06:26,659 [Listener at 127.0.0.1/38067] INFO  server.session (DefaultSessionIdManager.java:doStart(339)) - No SessionScavenger set, using defaults
2022-12-08 07:06:26,659 [Listener at 127.0.0.1/38067] INFO  server.session (HouseKeeper.java:startScavenging(132)) - node0 Scavenging every 600000ms
2022-12-08 07:06:26,660 [Listener at 127.0.0.1/38067] INFO  handler.ContextHandler (ContextHandler.java:doStart(921)) - Started o.e.j.s.ServletContextHandler@447c95f7{logs,/logs,file:///home/runner/work/ozone/ozone/hadoop-ozone/integration-test/target/log,AVAILABLE}
2022-12-08 07:06:26,660 [Listener at 127.0.0.1/38067] INFO  handler.ContextHandler (ContextHandler.java:doStart(921)) - Started o.e.j.s.ServletContextHandler@28225b38{static,/static,jar:file:/home/runner/.m2/repository/org/apache/ozone/hdds-container-service/1.3.0-SNAPSHOT/hdds-container-service-1.3.0-SNAPSHOT.jar!/webapps/static,AVAILABLE}
2022-12-08 07:06:26,814 [ReplicationMonitor] INFO  replication.ReplicationManager (ReplicationManager.java:processAll(356)) - Replication Monitor Thread took 1 milliseconds for processing 8 containers.
2022-12-08 07:06:26,824 [Under Replicated Processor] INFO  replication.UnderReplicatedProcessor (UnderReplicatedProcessor.java:processAll(79)) - Processed 0 under replicated containers, failed processing 0
2022-12-08 07:06:26,913 [EventQueue-CommandQueueReportForCommandQueueReportHandler] WARN  events.EventQueue (EventQueue.java:fireEvent(216)) - No event handler registered for event TypedEvent{payloadType=DatanodeDetails, name='Datanode_Command_Queue_Updated'}
2022-12-08 07:06:26,989 [ReplicationMonitor] INFO  replication.ReplicationManager (ReplicationManager.java:processAll(323)) - Replication Manager is not ready to run until 3000ms after safemode exit
2022-12-08 07:06:27,000 [EventQueue-CommandQueueReportForCommandQueueReportHandler] WARN  events.EventQueue (EventQueue.java:fireEvent(216)) - No event handler registered for event TypedEvent{payloadType=DatanodeDetails, name='Datanode_Command_Queue_Updated'}
2022-12-08 07:06:27,116 [EventQueue-CommandQueueReportForCommandQueueReportHandler] WARN  events.EventQueue (EventQueue.java:fireEvent(216)) - No event handler registered for event TypedEvent{payloadType=DatanodeDetails, name='Datanode_Command_Queue_Updated'}
2022-12-08 07:06:27,143 [EventQueue-CommandQueueReportForCommandQueueReportHandler] WARN  events.EventQueue (EventQueue.java:fireEvent(216)) - No event handler registered for event TypedEvent{payloadType=DatanodeDetails, name='Datanode_Command_Queue_Updated'}
2022-12-08 07:06:27,150 [EventQueue-CommandQueueReportForCommandQueueReportHandler] WARN  events.EventQueue (EventQueue.java:fireEvent(216)) - No event handler registered for event TypedEvent{payloadType=DatanodeDetails, name='Datanode_Command_Queue_Updated'}
2022-12-08 07:06:27,231 [EventQueue-CommandQueueReportForCommandQueueReportHandler] WARN  events.EventQueue (EventQueue.java:fireEvent(216)) - No event handler registered for event TypedEvent{payloadType=DatanodeDetails, name='Datanode_Command_Queue_Updated'}
2022-12-08 07:06:27,251 [Listener at 127.0.0.1/38067] INFO  handler.ContextHandler (ContextHandler.java:doStart(921)) - Started o.e.j.w.WebAppContext@7b32c1ad{hddsDatanode,/,file:///tmp/jetty-0_0_0_0-38925-hdds-container-service-1_3_0-SNAPSHOT_jar-_-any-905328567181637929/webapp/,AVAILABLE}{jar:file:/home/runner/.m2/repository/org/apache/ozone/hdds-container-service/1.3.0-SNAPSHOT/hdds-container-service-1.3.0-SNAPSHOT.jar!/webapps/hddsDatanode}
2022-12-08 07:06:27,255 [Listener at 127.0.0.1/38067] INFO  server.AbstractConnector (AbstractConnector.java:doStart(333)) - Started ServerConnector@580b2ed{HTTP/1.1, (http/1.1)}{0.0.0.0:38925}
2022-12-08 07:06:27,255 [Listener at 127.0.0.1/38067] INFO  server.Server (Server.java:doStart(415)) - Started @32719ms
2022-12-08 07:06:27,256 [Listener at 127.0.0.1/38067] WARN  impl.MetricsSystemImpl (MetricsSystemImpl.java:register(279)) - Sink prometheus already exists!
2022-12-08 07:06:27,258 [Over Replicated Processor] INFO  replication.OverReplicatedProcessor (OverReplicatedProcessor.java:processAll(79)) - Processed 0 over replicated containers, failed processing 0
2022-12-08 07:06:27,262 [Listener at 127.0.0.1/38067] INFO  http.BaseHttpServer (BaseHttpServer.java:updateConnectorAddress(333)) - HTTP server of hddsDatanode listening at http://0.0.0.0:38925
2022-12-08 07:06:27,263 [EventQueue-CommandQueueReportForCommandQueueReportHandler] WARN  events.EventQueue (EventQueue.java:fireEvent(216)) - No event handler registered for event TypedEvent{payloadType=DatanodeDetails, name='Datanode_Command_Queue_Updated'}
2022-12-08 07:06:27,269 [Listener at 127.0.0.1/38067] WARN  impl.MetricRegistriesImpl (MetricRegistriesImpl.java:addReporterRegistration(111)) - New reporters are added after registries were created. Some metrics will be missing from the reporter. Please add reporter before adding any new registry.
2022-12-08 07:06:27,269 [Listener at 127.0.0.1/38067] WARN  impl.MetricRegistriesImpl (MetricRegistriesImpl.java:addReporterRegistration(111)) - New reporters are added after registries were created. Some metrics will be missing from the reporter. Please add reporter before adding any new registry.
2022-12-08 07:06:27,269 [Listener at 127.0.0.1/38067] INFO  impl.MetricsSystemImpl (MetricsSystemImpl.java:init(158)) - HddsDatanode metrics system started (again)
2022-12-08 07:06:27,277 [Datanode State Machine Daemon Thread] INFO  statemachine.DatanodeStateMachine (DatanodeStateMachine.java:lambda$startDaemon$0(505)) - Ozone container server started.
2022-12-08 07:06:27,292 [org.apache.hadoop.util.JvmPauseMonitor$Monitor@12408bf1] INFO  util.JvmPauseMonitor (JvmPauseMonitor.java:run(188)) - Starting JVM pause monitor
2022-12-08 07:06:27,294 [Datanode State Machine Task Thread - 0] INFO  datanode.InitDatanodeState (InitDatanodeState.java:persistContainerDatanodeDetails(138)) - DatanodeDetails is persisted to /home/runner/work/ozone/ozone/hadoop-ozone/integration-test/target/test-dir/MiniOzoneClusterImpl-510a2802-165a-4ebd-9ade-f7b35b2c34f6/datanode-2/meta/datanode.id
2022-12-08 07:06:27,317 [Listener at 127.0.0.1/38067] INFO  ozone.HddsDatanodeService (HddsDatanodeService.java:start(236)) - HddsDatanodeService host:fv-az165-805.wtg55dazuvhetdvd2gpth4ys5d.dx.internal.cloudapp.net ip:10.1.0.14
2022-12-08 07:06:27,337 [EndpointStateMachine task thread for /0.0.0.0:43949 - 0 ] INFO  utils.DatanodeStoreCache (DatanodeStoreCache.java:addDB(58)) - Added db /home/runner/work/ozone/ozone/hadoop-ozone/integration-test/target/test-dir/MiniOzoneClusterImpl-510a2802-165a-4ebd-9ade-f7b35b2c34f6/datanode-0/data-0/containers/hdds/510a2802-165a-4ebd-9ade-f7b35b2c34f6/DS-9f8aad1d-391f-45a6-a61c-06cd1889386e/container.db to cache
2022-12-08 07:06:27,337 [EndpointStateMachine task thread for /0.0.0.0:43949 - 0 ] INFO  volume.HddsVolume (HddsVolume.java:createDbStore(307)) - SchemaV3 db is created and loaded at /home/runner/work/ozone/ozone/hadoop-ozone/integration-test/target/test-dir/MiniOzoneClusterImpl-510a2802-165a-4ebd-9ade-f7b35b2c34f6/datanode-0/data-0/containers/hdds/510a2802-165a-4ebd-9ade-f7b35b2c34f6/DS-9f8aad1d-391f-45a6-a61c-06cd1889386e/container.db for volume DS-9f8aad1d-391f-45a6-a61c-06cd1889386e
2022-12-08 07:06:27,337 [EndpointStateMachine task thread for /0.0.0.0:43949 - 0 ] INFO  ozoneimpl.OzoneContainer (OzoneContainer.java:start(395)) - Attempting to start container services.
2022-12-08 07:06:27,338 [EndpointStateMachine task thread for /0.0.0.0:43949 - 0 ] INFO  ozoneimpl.OzoneContainer (OzoneContainer.java:startContainerScrub(312)) - Scheduled background container scanners and the on-demand container scanner have been disabled.
2022-12-08 07:06:27,343 [EndpointStateMachine task thread for /0.0.0.0:43949 - 0 ] INFO  replication.ReplicationServer (ReplicationServer.java:start(111)) - ReplicationServer is started using port 40863
2022-12-08 07:06:27,344 [EndpointStateMachine task thread for /0.0.0.0:43949 - 0 ] INFO  ratis.XceiverServerRatis (XceiverServerRatis.java:start(481)) - Starting XceiverServerRatis 058e5e99-a8f6-4821-8c5b-5a3d1bcc7ba8
2022-12-08 07:06:27,363 [EndpointStateMachine task thread for /0.0.0.0:43949 - 0 ] INFO  server.RaftServer (RaftServerProxy.java:startImpl(393)) - 058e5e99-a8f6-4821-8c5b-5a3d1bcc7ba8: start RPC server
2022-12-08 07:06:27,376 [EndpointStateMachine task thread for /0.0.0.0:43949 - 0 ] INFO  server.GrpcService (GrpcService.java:startImpl(262)) - 058e5e99-a8f6-4821-8c5b-5a3d1bcc7ba8: GrpcService started, listening on 40457
2022-12-08 07:06:27,400 [Listener at 127.0.0.1/38067] INFO  upgrade.AbstractLayoutVersionManager (AbstractLayoutVersionManager.java:init(83)) - Initializing Layout version manager with metadata layout = DATANODE_SCHEMA_V3 (version = 4), software layout = DATANODE_SCHEMA_V3 (version = 4)
2022-12-08 07:06:27,406 [EndpointStateMachine task thread for /0.0.0.0:43949 - 0 ] INFO  ratis.XceiverServerRatis (XceiverServerRatis.java:getRealPort(502)) - XceiverServerRatis 058e5e99-a8f6-4821-8c5b-5a3d1bcc7ba8 is started using port 40457 for RATIS
2022-12-08 07:06:27,406 [EndpointStateMachine task thread for /0.0.0.0:43949 - 0 ] INFO  ratis.XceiverServerRatis (XceiverServerRatis.java:getRealPort(502)) - XceiverServerRatis 058e5e99-a8f6-4821-8c5b-5a3d1bcc7ba8 is started using port 40457 for RATIS_ADMIN
2022-12-08 07:06:27,406 [EndpointStateMachine task thread for /0.0.0.0:43949 - 0 ] INFO  ratis.XceiverServerRatis (XceiverServerRatis.java:getRealPort(502)) - XceiverServerRatis 058e5e99-a8f6-4821-8c5b-5a3d1bcc7ba8 is started using port 40457 for RATIS_SERVER
2022-12-08 07:06:27,407 [JvmPauseMonitor9] INFO  util.JvmPauseMonitor (JvmPauseMonitor.java:run(105)) - JvmPauseMonitor-058e5e99-a8f6-4821-8c5b-5a3d1bcc7ba8: Started
2022-12-08 07:06:27,415 [EndpointStateMachine task thread for /0.0.0.0:43949 - 0 ] INFO  server.XceiverServerGrpc (XceiverServerGrpc.java:start(180)) - XceiverServerGrpc 058e5e99-a8f6-4821-8c5b-5a3d1bcc7ba8 is started using port 40501
2022-12-08 07:06:27,533 [Listener at 127.0.0.1/38067] INFO  reflections.Reflections (Reflections.java:scan(232)) - Reflections took 128 ms to scan 7 urls, producing 140 keys and 342 values 
2022-12-08 07:06:27,537 [Listener at 127.0.0.1/38067] INFO  statemachine.DatanodeStateMachine (DatanodeStateMachine.java:getEndPointTaskThreadPoolSize(245)) - Datanode State Machine Task Thread Pool size 2
2022-12-08 07:06:27,554 [Listener at 127.0.0.1/38067] INFO  volume.HddsVolume (HddsVolume.java:<init>(117)) - Creating HddsVolume: /home/runner/work/ozone/ozone/hadoop-ozone/integration-test/target/test-dir/MiniOzoneClusterImpl-510a2802-165a-4ebd-9ade-f7b35b2c34f6/datanode-3/data-0/containers/hdds of storage type : DISK capacity : 9223372036854775807
2022-12-08 07:06:27,555 [Listener at 127.0.0.1/38067] INFO  volume.MutableVolumeSet (MutableVolumeSet.java:initializeVolumeSet(174)) - Added Volume : /home/runner/work/ozone/ozone/hadoop-ozone/integration-test/target/test-dir/MiniOzoneClusterImpl-510a2802-165a-4ebd-9ade-f7b35b2c34f6/datanode-3/data-0/containers/hdds to VolumeSet
2022-12-08 07:06:27,555 [Listener at 127.0.0.1/38067] INFO  volume.ThrottledAsyncChecker (ThrottledAsyncChecker.java:schedule(141)) - Scheduling a check for /home/runner/work/ozone/ozone/hadoop-ozone/integration-test/target/test-dir/MiniOzoneClusterImpl-510a2802-165a-4ebd-9ade-f7b35b2c34f6/datanode-3/data-0/containers/hdds
2022-12-08 07:06:27,560 [Listener at 127.0.0.1/38067] INFO  volume.StorageVolumeChecker (StorageVolumeChecker.java:checkAllVolumes(202)) - Scheduled health check for volume /home/runner/work/ozone/ozone/hadoop-ozone/integration-test/target/test-dir/MiniOzoneClusterImpl-510a2802-165a-4ebd-9ade-f7b35b2c34f6/datanode-3/data-0/containers/hdds
2022-12-08 07:06:27,582 [Listener at 127.0.0.1/38067] INFO  volume.MutableVolumeSet (MutableVolumeSet.java:initializeVolumeSet(174)) - Added Volume : /home/runner/work/ozone/ozone/hadoop-ozone/integration-test/target/test-dir/MiniOzoneClusterImpl-510a2802-165a-4ebd-9ade-f7b35b2c34f6/datanode-3/data/ratis to VolumeSet
2022-12-08 07:06:27,582 [Listener at 127.0.0.1/38067] INFO  volume.ThrottledAsyncChecker (ThrottledAsyncChecker.java:schedule(141)) - Scheduling a check for /home/runner/work/ozone/ozone/hadoop-ozone/integration-test/target/test-dir/MiniOzoneClusterImpl-510a2802-165a-4ebd-9ade-f7b35b2c34f6/datanode-3/data/ratis
2022-12-08 07:06:27,583 [Listener at 127.0.0.1/38067] INFO  volume.StorageVolumeChecker (StorageVolumeChecker.java:checkAllVolumes(202)) - Scheduled health check for volume /home/runner/work/ozone/ozone/hadoop-ozone/integration-test/target/test-dir/MiniOzoneClusterImpl-510a2802-165a-4ebd-9ade-f7b35b2c34f6/datanode-3/data/ratis
2022-12-08 07:06:27,596 [Thread-552] INFO  ozoneimpl.ContainerReader (ContainerReader.java:readVolume(175)) - Finish verifying containers on volume /home/runner/work/ozone/ozone/hadoop-ozone/integration-test/target/test-dir/MiniOzoneClusterImpl-510a2802-165a-4ebd-9ade-f7b35b2c34f6/datanode-3/data-0/containers/hdds
2022-12-08 07:06:27,597 [Listener at 127.0.0.1/38067] INFO  ozoneimpl.OzoneContainer (OzoneContainer.java:buildContainerSet(301)) - Build ContainerSet costs 0s
2022-12-08 07:06:27,599 [Listener at 127.0.0.1/38067] INFO  server.RaftServer (ConfUtils.java:logGet(46)) - raft.rpc.type = GRPC (default)
2022-12-08 07:06:27,600 [Listener at 127.0.0.1/38067] INFO  grpc.GrpcConfigKeys (ConfUtils.java:logFallback(53)) - raft.grpc.admin.host = null (fallback to raft.grpc.server.host)
2022-12-08 07:06:27,600 [Listener at 127.0.0.1/38067] INFO  grpc.GrpcConfigKeys (ConfUtils.java:logGet(46)) - raft.grpc.admin.port = 0 (custom)
2022-12-08 07:06:27,600 [Listener at 127.0.0.1/38067] INFO  grpc.GrpcConfigKeys (ConfUtils.java:logFallback(53)) - raft.grpc.client.host = null (fallback to raft.grpc.server.host)
2022-12-08 07:06:27,600 [Listener at 127.0.0.1/38067] INFO  grpc.GrpcConfigKeys (ConfUtils.java:logGet(46)) - raft.grpc.client.port = 0 (custom)
2022-12-08 07:06:27,600 [Listener at 127.0.0.1/38067] INFO  grpc.GrpcConfigKeys (ConfUtils.java:logGet(46)) - raft.grpc.server.host = null (default)
2022-12-08 07:06:27,600 [Listener at 127.0.0.1/38067] INFO  grpc.GrpcConfigKeys (ConfUtils.java:logGet(46)) - raft.grpc.server.port = 0 (default)
2022-12-08 07:06:27,600 [Listener at 127.0.0.1/38067] INFO  server.GrpcService (ConfUtils.java:logGet(46)) - raft.grpc.message.size.max = 32MB (=33554432) (custom)
2022-12-08 07:06:27,600 [Listener at 127.0.0.1/38067] INFO  server.RaftServerConfigKeys (ConfUtils.java:logGet(46)) - raft.server.log.appender.buffer.byte-limit = 33554432 (custom)
2022-12-08 07:06:27,601 [Listener at 127.0.0.1/38067] INFO  server.GrpcService (ConfUtils.java:logGet(46)) - raft.grpc.flow.control.window = 5MB (=5242880) (custom)
2022-12-08 07:06:27,601 [Listener at 127.0.0.1/38067] INFO  server.RaftServerConfigKeys (ConfUtils.java:logGet(46)) - raft.server.rpc.request.timeout = 60s (custom)
2022-12-08 07:06:27,601 [Listener at 127.0.0.1/38067] INFO  grpc.GrpcConfigKeys (ConfUtils.java:logGet(46)) - raft.grpc.server.heartbeat.channel = true (default)
2022-12-08 07:06:27,602 [Listener at 127.0.0.1/38067] INFO  grpc.GrpcConfigKeys (ConfUtils.java:logGet(46)) - raft.grpc.server.async.request.thread.pool.cached = true (default)
2022-12-08 07:06:27,602 [Listener at 127.0.0.1/38067] INFO  grpc.GrpcConfigKeys (ConfUtils.java:logGet(46)) - raft.grpc.server.async.request.thread.pool.size = 32 (default)
2022-12-08 07:06:27,604 [Listener at 127.0.0.1/38067] INFO  impl.DataStreamServerImpl (ConfUtils.java:logGet(46)) - raft.datastream.type = DISABLED (default)
2022-12-08 07:06:27,604 [Listener at 127.0.0.1/38067] INFO  server.RaftServerConfigKeys (ConfUtils.java:logGet(46)) - raft.server.threadpool.proxy.cached = true (default)
2022-12-08 07:06:27,605 [Listener at 127.0.0.1/38067] INFO  server.RaftServerConfigKeys (ConfUtils.java:logGet(46)) - raft.server.threadpool.proxy.size = 0 (default)
2022-12-08 07:06:27,605 [Listener at 127.0.0.1/38067] INFO  server.RaftServerConfigKeys (ConfUtils.java:logGet(46)) - raft.server.rpc.slowness.timeout = 300s (custom)
2022-12-08 07:06:27,605 [Listener at 127.0.0.1/38067] INFO  server.RaftServerConfigKeys (ConfUtils.java:logGet(46)) - raft.server.leaderelection.leader.step-down.wait-time = 10s (default)
2022-12-08 07:06:27,605 [Listener at 127.0.0.1/38067] INFO  server.RaftServerConfigKeys (ConfUtils.java:logGet(46)) - raft.server.storage.dir = [/home/runner/work/ozone/ozone/hadoop-ozone/integration-test/target/test-dir/MiniOzoneClusterImpl-510a2802-165a-4ebd-9ade-f7b35b2c34f6/datanode-3/data/ratis] (custom)
2022-12-08 07:06:27,606 [Listener at 127.0.0.1/38067] INFO  server.XceiverServerGrpc (XceiverServerGrpc.java:<init>(132)) - GrpcServer channel type EpollServerSocketChannel
2022-12-08 07:06:27,610 [Listener at 127.0.0.1/38067] INFO  http.BaseHttpServer (BaseHttpServer.java:newHttpServer2BuilderForOzone(213)) - Starting Web-server for hddsDatanode at: http://0.0.0.0:0
2022-12-08 07:06:27,610 [Listener at 127.0.0.1/38067] INFO  http.BaseHttpServer (BaseHttpServer.java:<init>(108)) - Hadoop Security Enabled: false Ozone Security Enabled: false Ozone HTTP Security Enabled: false 
2022-12-08 07:06:27,611 [Listener at 127.0.0.1/38067] WARN  server.AuthenticationFilter (AuthenticationFilter.java:constructSecretProvider(240)) - Unable to initialize FileSignerSecretProvider, falling back to use random secrets. Reason: Could not read signature secret file: /home/runner/hadoop-http-auth-signature-secret
2022-12-08 07:06:27,619 [Listener at 127.0.0.1/38067] WARN  http.HttpRequestLog (HttpRequestLog.java:getRequestLog(103)) - Jetty request log can only be enabled using Log4j
2022-12-08 07:06:27,621 [Listener at 127.0.0.1/38067] INFO  http.HttpServer2 (HttpServer2.java:addGlobalFilter(1031)) - Added global filter 'safety' (class=org.apache.hadoop.hdds.server.http.HttpServer2$QuotingInputFilter)
2022-12-08 07:06:27,621 [Listener at 127.0.0.1/38067] INFO  http.HttpServer2 (HttpServer2.java:addFilter(1007)) - Added filter static_user_filter (class=org.apache.hadoop.http.lib.StaticUserWebFilter$StaticUserFilter) to context hddsDatanode
2022-12-08 07:06:27,621 [Listener at 127.0.0.1/38067] INFO  http.HttpServer2 (HttpServer2.java:addFilter(1015)) - Added filter static_user_filter (class=org.apache.hadoop.http.lib.StaticUserWebFilter$StaticUserFilter) to context static
2022-12-08 07:06:27,621 [Listener at 127.0.0.1/38067] INFO  http.HttpServer2 (HttpServer2.java:addFilter(1015)) - Added filter static_user_filter (class=org.apache.hadoop.http.lib.StaticUserWebFilter$StaticUserFilter) to context logs
2022-12-08 07:06:27,622 [Listener at 127.0.0.1/38067] INFO  http.HttpServer2 (HttpServer2.java:bindListener(1250)) - Jetty bound to port 37709
2022-12-08 07:06:27,622 [Listener at 127.0.0.1/38067] INFO  server.Server (Server.java:doStart(375)) - jetty-9.4.49.v20220914; built: 2022-09-14T01:07:36.601Z; git: 4231a3b2e4cb8548a412a789936d640a97b1aa0a; jvm 1.8.0_352-b08
2022-12-08 07:06:27,631 [Listener at 127.0.0.1/38067] INFO  server.session (DefaultSessionIdManager.java:doStart(334)) - DefaultSessionIdManager workerName=node0
2022-12-08 07:06:27,631 [Listener at 127.0.0.1/38067] INFO  server.session (DefaultSessionIdManager.java:doStart(339)) - No SessionScavenger set, using defaults
2022-12-08 07:06:27,631 [Listener at 127.0.0.1/38067] INFO  server.session (HouseKeeper.java:startScavenging(132)) - node0 Scavenging every 600000ms
2022-12-08 07:06:27,633 [Listener at 127.0.0.1/38067] INFO  handler.ContextHandler (ContextHandler.java:doStart(921)) - Started o.e.j.s.ServletContextHandler@3d69c176{logs,/logs,file:///home/runner/work/ozone/ozone/hadoop-ozone/integration-test/target/log,AVAILABLE}
2022-12-08 07:06:27,633 [Listener at 127.0.0.1/38067] INFO  handler.ContextHandler (ContextHandler.java:doStart(921)) - Started o.e.j.s.ServletContextHandler@44d0ca73{static,/static,jar:file:/home/runner/.m2/repository/org/apache/ozone/hdds-container-service/1.3.0-SNAPSHOT/hdds-container-service-1.3.0-SNAPSHOT.jar!/webapps/static,AVAILABLE}
2022-12-08 07:06:27,816 [ReplicationMonitor] INFO  replication.ReplicationManager (ReplicationManager.java:processAll(356)) - Replication Monitor Thread took 1 milliseconds for processing 8 containers.
2022-12-08 07:06:27,824 [Under Replicated Processor] INFO  replication.UnderReplicatedProcessor (UnderReplicatedProcessor.java:processAll(79)) - Processed 0 under replicated containers, failed processing 0
2022-12-08 07:06:27,913 [EventQueue-CommandQueueReportForCommandQueueReportHandler] WARN  events.EventQueue (EventQueue.java:fireEvent(216)) - No event handler registered for event TypedEvent{payloadType=DatanodeDetails, name='Datanode_Command_Queue_Updated'}
2022-12-08 07:06:27,999 [ReplicationMonitor] INFO  replication.ReplicationManager (ReplicationManager.java:processAll(323)) - Replication Manager is not ready to run until 3000ms after safemode exit
2022-12-08 07:06:28,000 [EventQueue-CommandQueueReportForCommandQueueReportHandler] WARN  events.EventQueue (EventQueue.java:fireEvent(216)) - No event handler registered for event TypedEvent{payloadType=DatanodeDetails, name='Datanode_Command_Queue_Updated'}
2022-12-08 07:06:28,058 [Listener at 127.0.0.1/38067] INFO  handler.ContextHandler (ContextHandler.java:doStart(921)) - Started o.e.j.w.WebAppContext@1dba567f{hddsDatanode,/,file:///tmp/jetty-0_0_0_0-37709-hdds-container-service-1_3_0-SNAPSHOT_jar-_-any-7448070963715901746/webapp/,AVAILABLE}{jar:file:/home/runner/.m2/repository/org/apache/ozone/hdds-container-service/1.3.0-SNAPSHOT/hdds-container-service-1.3.0-SNAPSHOT.jar!/webapps/hddsDatanode}
2022-12-08 07:06:28,064 [Listener at 127.0.0.1/38067] INFO  server.AbstractConnector (AbstractConnector.java:doStart(333)) - Started ServerConnector@7c0c028a{HTTP/1.1, (http/1.1)}{0.0.0.0:37709}
2022-12-08 07:06:28,065 [Listener at 127.0.0.1/38067] INFO  server.Server (Server.java:doStart(415)) - Started @33529ms
2022-12-08 07:06:28,065 [Listener at 127.0.0.1/38067] WARN  impl.MetricsSystemImpl (MetricsSystemImpl.java:register(279)) - Sink prometheus already exists!
2022-12-08 07:06:28,077 [Listener at 127.0.0.1/38067] INFO  http.BaseHttpServer (BaseHttpServer.java:updateConnectorAddress(333)) - HTTP server of hddsDatanode listening at http://0.0.0.0:37709
2022-12-08 07:06:28,089 [Datanode State Machine Daemon Thread] INFO  statemachine.DatanodeStateMachine (DatanodeStateMachine.java:lambda$startDaemon$0(505)) - Ozone container server started.
2022-12-08 07:06:28,089 [Listener at 127.0.0.1/38067] WARN  impl.MetricRegistriesImpl (MetricRegistriesImpl.java:addReporterRegistration(111)) - New reporters are added after registries were created. Some metrics will be missing from the reporter. Please add reporter before adding any new registry.
2022-12-08 07:06:28,095 [Listener at 127.0.0.1/38067] WARN  impl.MetricRegistriesImpl (MetricRegistriesImpl.java:addReporterRegistration(111)) - New reporters are added after registries were created. Some metrics will be missing from the reporter. Please add reporter before adding any new registry.
2022-12-08 07:06:28,095 [Listener at 127.0.0.1/38067] INFO  impl.MetricsSystemImpl (MetricsSystemImpl.java:init(158)) - HddsDatanode metrics system started (again)
2022-12-08 07:06:28,116 [EventQueue-CommandQueueReportForCommandQueueReportHandler] WARN  events.EventQueue (EventQueue.java:fireEvent(216)) - No event handler registered for event TypedEvent{payloadType=DatanodeDetails, name='Datanode_Command_Queue_Updated'}
2022-12-08 07:06:28,120 [Listener at 127.0.0.1/38067] INFO  ozone.HddsDatanodeService (HddsDatanodeService.java:start(236)) - HddsDatanodeService host:fv-az165-805.wtg55dazuvhetdvd2gpth4ys5d.dx.internal.cloudapp.net ip:10.1.0.14
2022-12-08 07:06:28,141 [EventQueue-CommandQueueReportForCommandQueueReportHandler] WARN  events.EventQueue (EventQueue.java:fireEvent(216)) - No event handler registered for event TypedEvent{payloadType=DatanodeDetails, name='Datanode_Command_Queue_Updated'}
2022-12-08 07:06:28,150 [EventQueue-CommandQueueReportForCommandQueueReportHandler] WARN  events.EventQueue (EventQueue.java:fireEvent(216)) - No event handler registered for event TypedEvent{payloadType=DatanodeDetails, name='Datanode_Command_Queue_Updated'}
2022-12-08 07:06:28,150 [org.apache.hadoop.util.JvmPauseMonitor$Monitor@49426159] INFO  util.JvmPauseMonitor (JvmPauseMonitor.java:run(188)) - Starting JVM pause monitor
2022-12-08 07:06:28,152 [Datanode State Machine Task Thread - 0] INFO  datanode.InitDatanodeState (InitDatanodeState.java:persistContainerDatanodeDetails(138)) - DatanodeDetails is persisted to /home/runner/work/ozone/ozone/hadoop-ozone/integration-test/target/test-dir/MiniOzoneClusterImpl-510a2802-165a-4ebd-9ade-f7b35b2c34f6/datanode-3/meta/datanode.id
2022-12-08 07:06:28,193 [Listener at 127.0.0.1/38067] INFO  upgrade.AbstractLayoutVersionManager (AbstractLayoutVersionManager.java:init(83)) - Initializing Layout version manager with metadata layout = DATANODE_SCHEMA_V3 (version = 4), software layout = DATANODE_SCHEMA_V3 (version = 4)
2022-12-08 07:06:28,222 [EventQueue-CommandQueueReportForCommandQueueReportHandler] WARN  events.EventQueue (EventQueue.java:fireEvent(216)) - No event handler registered for event TypedEvent{payloadType=DatanodeDetails, name='Datanode_Command_Queue_Updated'}
2022-12-08 07:06:28,258 [Over Replicated Processor] INFO  replication.OverReplicatedProcessor (OverReplicatedProcessor.java:processAll(79)) - Processed 0 over replicated containers, failed processing 0
2022-12-08 07:06:28,260 [EventQueue-CommandQueueReportForCommandQueueReportHandler] WARN  events.EventQueue (EventQueue.java:fireEvent(216)) - No event handler registered for event TypedEvent{payloadType=DatanodeDetails, name='Datanode_Command_Queue_Updated'}
2022-12-08 07:06:28,338 [Listener at 127.0.0.1/38067] INFO  reflections.Reflections (Reflections.java:scan(232)) - Reflections took 141 ms to scan 7 urls, producing 140 keys and 342 values 
2022-12-08 07:06:28,341 [Listener at 127.0.0.1/38067] INFO  statemachine.DatanodeStateMachine (DatanodeStateMachine.java:getEndPointTaskThreadPoolSize(245)) - Datanode State Machine Task Thread Pool size 2
2022-12-08 07:06:28,350 [Listener at 127.0.0.1/38067] INFO  volume.HddsVolume (HddsVolume.java:<init>(117)) - Creating HddsVolume: /home/runner/work/ozone/ozone/hadoop-ozone/integration-test/target/test-dir/MiniOzoneClusterImpl-510a2802-165a-4ebd-9ade-f7b35b2c34f6/datanode-4/data-0/containers/hdds of storage type : DISK capacity : 9223372036854775807
2022-12-08 07:06:28,351 [Listener at 127.0.0.1/38067] INFO  volume.MutableVolumeSet (MutableVolumeSet.java:initializeVolumeSet(174)) - Added Volume : /home/runner/work/ozone/ozone/hadoop-ozone/integration-test/target/test-dir/MiniOzoneClusterImpl-510a2802-165a-4ebd-9ade-f7b35b2c34f6/datanode-4/data-0/containers/hdds to VolumeSet
2022-12-08 07:06:28,355 [Listener at 127.0.0.1/38067] INFO  volume.ThrottledAsyncChecker (ThrottledAsyncChecker.java:schedule(141)) - Scheduling a check for /home/runner/work/ozone/ozone/hadoop-ozone/integration-test/target/test-dir/MiniOzoneClusterImpl-510a2802-165a-4ebd-9ade-f7b35b2c34f6/datanode-4/data-0/containers/hdds
2022-12-08 07:06:28,358 [Listener at 127.0.0.1/38067] INFO  volume.StorageVolumeChecker (StorageVolumeChecker.java:checkAllVolumes(202)) - Scheduled health check for volume /home/runner/work/ozone/ozone/hadoop-ozone/integration-test/target/test-dir/MiniOzoneClusterImpl-510a2802-165a-4ebd-9ade-f7b35b2c34f6/datanode-4/data-0/containers/hdds
2022-12-08 07:06:28,373 [EndpointStateMachine task thread for /0.0.0.0:43949 - 0 ] INFO  utils.DatanodeStoreCache (DatanodeStoreCache.java:addDB(58)) - Added db /home/runner/work/ozone/ozone/hadoop-ozone/integration-test/target/test-dir/MiniOzoneClusterImpl-510a2802-165a-4ebd-9ade-f7b35b2c34f6/datanode-1/data-0/containers/hdds/510a2802-165a-4ebd-9ade-f7b35b2c34f6/DS-7baac61f-ab7a-449c-b504-454596bee004/container.db to cache
2022-12-08 07:06:28,373 [EndpointStateMachine task thread for /0.0.0.0:43949 - 0 ] INFO  volume.HddsVolume (HddsVolume.java:createDbStore(307)) - SchemaV3 db is created and loaded at /home/runner/work/ozone/ozone/hadoop-ozone/integration-test/target/test-dir/MiniOzoneClusterImpl-510a2802-165a-4ebd-9ade-f7b35b2c34f6/datanode-1/data-0/containers/hdds/510a2802-165a-4ebd-9ade-f7b35b2c34f6/DS-7baac61f-ab7a-449c-b504-454596bee004/container.db for volume DS-7baac61f-ab7a-449c-b504-454596bee004
2022-12-08 07:06:28,375 [EndpointStateMachine task thread for /0.0.0.0:43949 - 0 ] INFO  ozoneimpl.OzoneContainer (OzoneContainer.java:start(395)) - Attempting to start container services.
2022-12-08 07:06:28,375 [EndpointStateMachine task thread for /0.0.0.0:43949 - 0 ] INFO  ozoneimpl.OzoneContainer (OzoneContainer.java:startContainerScrub(312)) - Scheduled background container scanners and the on-demand container scanner have been disabled.
2022-12-08 07:06:28,376 [Listener at 127.0.0.1/38067] INFO  volume.MutableVolumeSet (MutableVolumeSet.java:initializeVolumeSet(174)) - Added Volume : /home/runner/work/ozone/ozone/hadoop-ozone/integration-test/target/test-dir/MiniOzoneClusterImpl-510a2802-165a-4ebd-9ade-f7b35b2c34f6/datanode-4/data/ratis to VolumeSet
2022-12-08 07:06:28,376 [Listener at 127.0.0.1/38067] INFO  volume.ThrottledAsyncChecker (ThrottledAsyncChecker.java:schedule(141)) - Scheduling a check for /home/runner/work/ozone/ozone/hadoop-ozone/integration-test/target/test-dir/MiniOzoneClusterImpl-510a2802-165a-4ebd-9ade-f7b35b2c34f6/datanode-4/data/ratis
2022-12-08 07:06:28,379 [Listener at 127.0.0.1/38067] INFO  volume.StorageVolumeChecker (StorageVolumeChecker.java:checkAllVolumes(202)) - Scheduled health check for volume /home/runner/work/ozone/ozone/hadoop-ozone/integration-test/target/test-dir/MiniOzoneClusterImpl-510a2802-165a-4ebd-9ade-f7b35b2c34f6/datanode-4/data/ratis
2022-12-08 07:06:28,379 [EndpointStateMachine task thread for /0.0.0.0:43949 - 0 ] INFO  replication.ReplicationServer (ReplicationServer.java:start(111)) - ReplicationServer is started using port 34201
2022-12-08 07:06:28,383 [EndpointStateMachine task thread for /0.0.0.0:43949 - 0 ] INFO  ratis.XceiverServerRatis (XceiverServerRatis.java:start(481)) - Starting XceiverServerRatis dc0237ef-1609-4756-90d6-b66d262b465e
2022-12-08 07:06:28,392 [EndpointStateMachine task thread for /0.0.0.0:43949 - 0 ] INFO  server.RaftServer (RaftServerProxy.java:startImpl(393)) - dc0237ef-1609-4756-90d6-b66d262b465e: start RPC server
2022-12-08 07:06:28,397 [EndpointStateMachine task thread for /0.0.0.0:43949 - 0 ] INFO  server.GrpcService (GrpcService.java:startImpl(262)) - dc0237ef-1609-4756-90d6-b66d262b465e: GrpcService started, listening on 46665
2022-12-08 07:06:28,398 [EndpointStateMachine task thread for /0.0.0.0:43949 - 0 ] INFO  ratis.XceiverServerRatis (XceiverServerRatis.java:getRealPort(502)) - XceiverServerRatis dc0237ef-1609-4756-90d6-b66d262b465e is started using port 46665 for RATIS
2022-12-08 07:06:28,398 [JvmPauseMonitor10] INFO  util.JvmPauseMonitor (JvmPauseMonitor.java:run(105)) - JvmPauseMonitor-dc0237ef-1609-4756-90d6-b66d262b465e: Started
2022-12-08 07:06:28,398 [EndpointStateMachine task thread for /0.0.0.0:43949 - 0 ] INFO  ratis.XceiverServerRatis (XceiverServerRatis.java:getRealPort(502)) - XceiverServerRatis dc0237ef-1609-4756-90d6-b66d262b465e is started using port 46665 for RATIS_ADMIN
2022-12-08 07:06:28,398 [EndpointStateMachine task thread for /0.0.0.0:43949 - 0 ] INFO  ratis.XceiverServerRatis (XceiverServerRatis.java:getRealPort(502)) - XceiverServerRatis dc0237ef-1609-4756-90d6-b66d262b465e is started using port 46665 for RATIS_SERVER
2022-12-08 07:06:28,408 [EndpointStateMachine task thread for /0.0.0.0:43949 - 0 ] INFO  server.XceiverServerGrpc (XceiverServerGrpc.java:start(180)) - XceiverServerGrpc dc0237ef-1609-4756-90d6-b66d262b465e is started using port 35881
2022-12-08 07:06:28,426 [Thread-570] INFO  ozoneimpl.ContainerReader (ContainerReader.java:readVolume(175)) - Finish verifying containers on volume /home/runner/work/ozone/ozone/hadoop-ozone/integration-test/target/test-dir/MiniOzoneClusterImpl-510a2802-165a-4ebd-9ade-f7b35b2c34f6/datanode-4/data-0/containers/hdds
2022-12-08 07:06:28,426 [Listener at 127.0.0.1/38067] INFO  ozoneimpl.OzoneContainer (OzoneContainer.java:buildContainerSet(301)) - Build ContainerSet costs 0s
2022-12-08 07:06:28,429 [Listener at 127.0.0.1/38067] INFO  server.RaftServer (ConfUtils.java:logGet(46)) - raft.rpc.type = GRPC (default)
2022-12-08 07:06:28,429 [Listener at 127.0.0.1/38067] INFO  grpc.GrpcConfigKeys (ConfUtils.java:logFallback(53)) - raft.grpc.admin.host = null (fallback to raft.grpc.server.host)
2022-12-08 07:06:28,429 [Listener at 127.0.0.1/38067] INFO  grpc.GrpcConfigKeys (ConfUtils.java:logGet(46)) - raft.grpc.admin.port = 0 (custom)
2022-12-08 07:06:28,429 [Listener at 127.0.0.1/38067] INFO  grpc.GrpcConfigKeys (ConfUtils.java:logFallback(53)) - raft.grpc.client.host = null (fallback to raft.grpc.server.host)
2022-12-08 07:06:28,429 [Listener at 127.0.0.1/38067] INFO  grpc.GrpcConfigKeys (ConfUtils.java:logGet(46)) - raft.grpc.client.port = 0 (custom)
2022-12-08 07:06:28,430 [Listener at 127.0.0.1/38067] INFO  grpc.GrpcConfigKeys (ConfUtils.java:logGet(46)) - raft.grpc.server.host = null (default)
2022-12-08 07:06:28,430 [Listener at 127.0.0.1/38067] INFO  grpc.GrpcConfigKeys (ConfUtils.java:logGet(46)) - raft.grpc.server.port = 0 (default)
2022-12-08 07:06:28,430 [Listener at 127.0.0.1/38067] INFO  server.GrpcService (ConfUtils.java:logGet(46)) - raft.grpc.message.size.max = 32MB (=33554432) (custom)
2022-12-08 07:06:28,430 [Listener at 127.0.0.1/38067] INFO  server.RaftServerConfigKeys (ConfUtils.java:logGet(46)) - raft.server.log.appender.buffer.byte-limit = 33554432 (custom)
2022-12-08 07:06:28,430 [Listener at 127.0.0.1/38067] INFO  server.GrpcService (ConfUtils.java:logGet(46)) - raft.grpc.flow.control.window = 5MB (=5242880) (custom)
2022-12-08 07:06:28,434 [Listener at 127.0.0.1/38067] INFO  server.RaftServerConfigKeys (ConfUtils.java:logGet(46)) - raft.server.rpc.request.timeout = 60s (custom)
2022-12-08 07:06:28,434 [Listener at 127.0.0.1/38067] INFO  grpc.GrpcConfigKeys (ConfUtils.java:logGet(46)) - raft.grpc.server.heartbeat.channel = true (default)
2022-12-08 07:06:28,434 [Listener at 127.0.0.1/38067] INFO  grpc.GrpcConfigKeys (ConfUtils.java:logGet(46)) - raft.grpc.server.async.request.thread.pool.cached = true (default)
2022-12-08 07:06:28,438 [Listener at 127.0.0.1/38067] INFO  grpc.GrpcConfigKeys (ConfUtils.java:logGet(46)) - raft.grpc.server.async.request.thread.pool.size = 32 (default)
2022-12-08 07:06:28,445 [Listener at 127.0.0.1/38067] INFO  impl.DataStreamServerImpl (ConfUtils.java:logGet(46)) - raft.datastream.type = DISABLED (default)
2022-12-08 07:06:28,445 [Listener at 127.0.0.1/38067] INFO  server.RaftServerConfigKeys (ConfUtils.java:logGet(46)) - raft.server.threadpool.proxy.cached = true (default)
2022-12-08 07:06:28,446 [Listener at 127.0.0.1/38067] INFO  server.RaftServerConfigKeys (ConfUtils.java:logGet(46)) - raft.server.threadpool.proxy.size = 0 (default)
2022-12-08 07:06:28,446 [Listener at 127.0.0.1/38067] INFO  server.RaftServerConfigKeys (ConfUtils.java:logGet(46)) - raft.server.rpc.slowness.timeout = 300s (custom)
2022-12-08 07:06:28,446 [Listener at 127.0.0.1/38067] INFO  server.RaftServerConfigKeys (ConfUtils.java:logGet(46)) - raft.server.leaderelection.leader.step-down.wait-time = 10s (default)
2022-12-08 07:06:28,447 [Listener at 127.0.0.1/38067] INFO  server.RaftServerConfigKeys (ConfUtils.java:logGet(46)) - raft.server.storage.dir = [/home/runner/work/ozone/ozone/hadoop-ozone/integration-test/target/test-dir/MiniOzoneClusterImpl-510a2802-165a-4ebd-9ade-f7b35b2c34f6/datanode-4/data/ratis] (custom)
2022-12-08 07:06:28,456 [Listener at 127.0.0.1/38067] INFO  server.XceiverServerGrpc (XceiverServerGrpc.java:<init>(132)) - GrpcServer channel type EpollServerSocketChannel
2022-12-08 07:06:28,478 [Listener at 127.0.0.1/38067] INFO  http.BaseHttpServer (BaseHttpServer.java:newHttpServer2BuilderForOzone(213)) - Starting Web-server for hddsDatanode at: http://0.0.0.0:0
2022-12-08 07:06:28,478 [Listener at 127.0.0.1/38067] INFO  http.BaseHttpServer (BaseHttpServer.java:<init>(108)) - Hadoop Security Enabled: false Ozone Security Enabled: false Ozone HTTP Security Enabled: false 
2022-12-08 07:06:28,480 [Listener at 127.0.0.1/38067] WARN  server.AuthenticationFilter (AuthenticationFilter.java:constructSecretProvider(240)) - Unable to initialize FileSignerSecretProvider, falling back to use random secrets. Reason: Could not read signature secret file: /home/runner/hadoop-http-auth-signature-secret
2022-12-08 07:06:28,486 [Listener at 127.0.0.1/38067] WARN  http.HttpRequestLog (HttpRequestLog.java:getRequestLog(103)) - Jetty request log can only be enabled using Log4j
2022-12-08 07:06:28,488 [Listener at 127.0.0.1/38067] INFO  http.HttpServer2 (HttpServer2.java:addGlobalFilter(1031)) - Added global filter 'safety' (class=org.apache.hadoop.hdds.server.http.HttpServer2$QuotingInputFilter)
2022-12-08 07:06:28,489 [Listener at 127.0.0.1/38067] INFO  http.HttpServer2 (HttpServer2.java:addFilter(1007)) - Added filter static_user_filter (class=org.apache.hadoop.http.lib.StaticUserWebFilter$StaticUserFilter) to context hddsDatanode
2022-12-08 07:06:28,489 [Listener at 127.0.0.1/38067] INFO  http.HttpServer2 (HttpServer2.java:addFilter(1015)) - Added filter static_user_filter (class=org.apache.hadoop.http.lib.StaticUserWebFilter$StaticUserFilter) to context logs
2022-12-08 07:06:28,489 [Listener at 127.0.0.1/38067] INFO  http.HttpServer2 (HttpServer2.java:addFilter(1015)) - Added filter static_user_filter (class=org.apache.hadoop.http.lib.StaticUserWebFilter$StaticUserFilter) to context static
2022-12-08 07:06:28,493 [Listener at 127.0.0.1/38067] INFO  http.HttpServer2 (HttpServer2.java:bindListener(1250)) - Jetty bound to port 44697
2022-12-08 07:06:28,493 [Listener at 127.0.0.1/38067] INFO  server.Server (Server.java:doStart(375)) - jetty-9.4.49.v20220914; built: 2022-09-14T01:07:36.601Z; git: 4231a3b2e4cb8548a412a789936d640a97b1aa0a; jvm 1.8.0_352-b08
2022-12-08 07:06:28,510 [Listener at 127.0.0.1/38067] INFO  server.session (DefaultSessionIdManager.java:doStart(334)) - DefaultSessionIdManager workerName=node0
2022-12-08 07:06:28,511 [Listener at 127.0.0.1/38067] INFO  server.session (DefaultSessionIdManager.java:doStart(339)) - No SessionScavenger set, using defaults
2022-12-08 07:06:28,511 [Listener at 127.0.0.1/38067] INFO  server.session (HouseKeeper.java:startScavenging(132)) - node0 Scavenging every 600000ms
2022-12-08 07:06:28,514 [Listener at 127.0.0.1/38067] INFO  handler.ContextHandler (ContextHandler.java:doStart(921)) - Started o.e.j.s.ServletContextHandler@4ed752f6{logs,/logs,file:///home/runner/work/ozone/ozone/hadoop-ozone/integration-test/target/log,AVAILABLE}
2022-12-08 07:06:28,514 [Listener at 127.0.0.1/38067] INFO  handler.ContextHandler (ContextHandler.java:doStart(921)) - Started o.e.j.s.ServletContextHandler@43268471{static,/static,jar:file:/home/runner/.m2/repository/org/apache/ozone/hdds-container-service/1.3.0-SNAPSHOT/hdds-container-service-1.3.0-SNAPSHOT.jar!/webapps/static,AVAILABLE}
2022-12-08 07:06:28,817 [ReplicationMonitor] INFO  replication.ReplicationManager (ReplicationManager.java:processAll(356)) - Replication Monitor Thread took 1 milliseconds for processing 8 containers.
2022-12-08 07:06:28,824 [Under Replicated Processor] INFO  replication.UnderReplicatedProcessor (UnderReplicatedProcessor.java:processAll(79)) - Processed 0 under replicated containers, failed processing 0
2022-12-08 07:06:28,881 [IPC Server handler 8 on default port 43093] INFO  node.NodeDecommissionManager (NodeDecommissionManager.java:startDecommission(277)) - Starting Decommission for node 1fec2e66-b36b-410d-a836-56974e80c6bf{ip: 10.1.0.14, host: fv-az165-805.wtg55dazuvhetdvd2gpth4ys5d.dx.internal.cloudapp.net, ports: [REPLICATION=42005, RATIS=40777, RATIS_ADMIN=40777, RATIS_SERVER=40777, STANDALONE=40099], networkLocation: /default-rack, certSerialId: null, persistedOpState: IN_SERVICE, persistedOpStateExpiryEpochSec: 0}
2022-12-08 07:06:28,890 [EventQueue-HealthyReadonlyToHealthyNodeForReadOnlyHealthyToHealthyNodeHandler] INFO  node.ReadOnlyHealthyToHealthyNodeHandler (ReadOnlyHealthyToHealthyNodeHandler.java:onMessage(51)) - Datanode 1fec2e66-b36b-410d-a836-56974e80c6bf{ip: 10.1.0.14, host: fv-az165-805.wtg55dazuvhetdvd2gpth4ys5d.dx.internal.cloudapp.net, ports: [REPLICATION=42005, RATIS=40777, RATIS_ADMIN=40777, RATIS_SERVER=40777, STANDALONE=40099], networkLocation: /default-rack, certSerialId: null, persistedOpState: IN_SERVICE, persistedOpStateExpiryEpochSec: 0} moved to HEALTHY state.
2022-12-08 07:06:28,890 [EventQueue-HealthyReadonlyToHealthyNodeForReadOnlyHealthyToHealthyNodeHandler] INFO  pipeline.BackgroundPipelineCreator (BackgroundPipelineCreator.java:notifyEventTriggered(276)) - trigger a one-shot run on RatisPipelineUtilsThread.
2022-12-08 07:06:28,913 [EventQueue-CommandQueueReportForCommandQueueReportHandler] WARN  events.EventQueue (EventQueue.java:fireEvent(216)) - No event handler registered for event TypedEvent{payloadType=DatanodeDetails, name='Datanode_Command_Queue_Updated'}
2022-12-08 07:06:28,920 [Listener at 127.0.0.1/38067] INFO  handler.ContextHandler (ContextHandler.java:doStart(921)) - Started o.e.j.w.WebAppContext@1f81abc8{hddsDatanode,/,file:///tmp/jetty-0_0_0_0-44697-hdds-container-service-1_3_0-SNAPSHOT_jar-_-any-7901400417322611823/webapp/,AVAILABLE}{jar:file:/home/runner/.m2/repository/org/apache/ozone/hdds-container-service/1.3.0-SNAPSHOT/hdds-container-service-1.3.0-SNAPSHOT.jar!/webapps/hddsDatanode}
2022-12-08 07:06:28,924 [Listener at 127.0.0.1/38067] INFO  server.AbstractConnector (AbstractConnector.java:doStart(333)) - Started ServerConnector@137d7593{HTTP/1.1, (http/1.1)}{0.0.0.0:44697}
2022-12-08 07:06:28,924 [Listener at 127.0.0.1/38067] INFO  server.Server (Server.java:doStart(415)) - Started @34388ms
2022-12-08 07:06:28,924 [Listener at 127.0.0.1/38067] WARN  impl.MetricsSystemImpl (MetricsSystemImpl.java:register(279)) - Sink prometheus already exists!
2022-12-08 07:06:28,925 [Listener at 127.0.0.1/38067] INFO  http.BaseHttpServer (BaseHttpServer.java:updateConnectorAddress(333)) - HTTP server of hddsDatanode listening at http://0.0.0.0:44697
2022-12-08 07:06:28,927 [Datanode State Machine Daemon Thread] INFO  statemachine.DatanodeStateMachine (DatanodeStateMachine.java:lambda$startDaemon$0(505)) - Ozone container server started.
2022-12-08 07:06:28,940 [Listener at 127.0.0.1/38067] WARN  impl.MetricRegistriesImpl (MetricRegistriesImpl.java:addReporterRegistration(111)) - New reporters are added after registries were created. Some metrics will be missing from the reporter. Please add reporter before adding any new registry.
2022-12-08 07:06:28,941 [Listener at 127.0.0.1/38067] WARN  impl.MetricRegistriesImpl (MetricRegistriesImpl.java:addReporterRegistration(111)) - New reporters are added after registries were created. Some metrics will be missing from the reporter. Please add reporter before adding any new registry.
2022-12-08 07:06:28,941 [Listener at 127.0.0.1/38067] INFO  impl.MetricsSystemImpl (MetricsSystemImpl.java:init(158)) - HddsDatanode metrics system started (again)
2022-12-08 07:06:28,947 [org.apache.hadoop.util.JvmPauseMonitor$Monitor@71822965] INFO  util.JvmPauseMonitor (JvmPauseMonitor.java:run(188)) - Starting JVM pause monitor
2022-12-08 07:06:28,951 [Datanode State Machine Task Thread - 0] INFO  datanode.InitDatanodeState (InitDatanodeState.java:persistContainerDatanodeDetails(138)) - DatanodeDetails is persisted to /home/runner/work/ozone/ozone/hadoop-ozone/integration-test/target/test-dir/MiniOzoneClusterImpl-510a2802-165a-4ebd-9ade-f7b35b2c34f6/datanode-4/meta/datanode.id
2022-12-08 07:06:28,960 [Listener at 127.0.0.1/38067] INFO  ozone.HddsDatanodeService (HddsDatanodeService.java:start(236)) - HddsDatanodeService host:fv-az165-805.wtg55dazuvhetdvd2gpth4ys5d.dx.internal.cloudapp.net ip:10.1.0.14
2022-12-08 07:06:29,000 [ReplicationMonitor] INFO  replication.ReplicationManager (ReplicationManager.java:processAll(323)) - Replication Manager is not ready to run until 3000ms after safemode exit
2022-12-08 07:06:29,000 [EventQueue-CommandQueueReportForCommandQueueReportHandler] WARN  events.EventQueue (EventQueue.java:fireEvent(216)) - No event handler registered for event TypedEvent{payloadType=DatanodeDetails, name='Datanode_Command_Queue_Updated'}
2022-12-08 07:06:29,027 [Listener at 127.0.0.1/38067] INFO  upgrade.AbstractLayoutVersionManager (AbstractLayoutVersionManager.java:init(83)) - Initializing Layout version manager with metadata layout = DATANODE_SCHEMA_V3 (version = 4), software layout = DATANODE_SCHEMA_V3 (version = 4)
2022-12-08 07:06:29,083 [Listener at 127.0.0.1/38067] INFO  reflections.Reflections (Reflections.java:scan(232)) - Reflections took 54 ms to scan 7 urls, producing 140 keys and 342 values 
2022-12-08 07:06:29,085 [Listener at 127.0.0.1/38067] INFO  statemachine.DatanodeStateMachine (DatanodeStateMachine.java:getEndPointTaskThreadPoolSize(245)) - Datanode State Machine Task Thread Pool size 2
2022-12-08 07:06:29,088 [Listener at 127.0.0.1/38067] INFO  volume.HddsVolume (HddsVolume.java:<init>(117)) - Creating HddsVolume: /home/runner/work/ozone/ozone/hadoop-ozone/integration-test/target/test-dir/MiniOzoneClusterImpl-510a2802-165a-4ebd-9ade-f7b35b2c34f6/datanode-5/data-0/containers/hdds of storage type : DISK capacity : 9223372036854775807
2022-12-08 07:06:29,088 [Listener at 127.0.0.1/38067] INFO  volume.MutableVolumeSet (MutableVolumeSet.java:initializeVolumeSet(174)) - Added Volume : /home/runner/work/ozone/ozone/hadoop-ozone/integration-test/target/test-dir/MiniOzoneClusterImpl-510a2802-165a-4ebd-9ade-f7b35b2c34f6/datanode-5/data-0/containers/hdds to VolumeSet
2022-12-08 07:06:29,088 [Listener at 127.0.0.1/38067] INFO  volume.ThrottledAsyncChecker (ThrottledAsyncChecker.java:schedule(141)) - Scheduling a check for /home/runner/work/ozone/ozone/hadoop-ozone/integration-test/target/test-dir/MiniOzoneClusterImpl-510a2802-165a-4ebd-9ade-f7b35b2c34f6/datanode-5/data-0/containers/hdds
2022-12-08 07:06:29,097 [Listener at 127.0.0.1/38067] INFO  volume.StorageVolumeChecker (StorageVolumeChecker.java:checkAllVolumes(202)) - Scheduled health check for volume /home/runner/work/ozone/ozone/hadoop-ozone/integration-test/target/test-dir/MiniOzoneClusterImpl-510a2802-165a-4ebd-9ade-f7b35b2c34f6/datanode-5/data-0/containers/hdds
2022-12-08 07:06:29,116 [EventQueue-CommandQueueReportForCommandQueueReportHandler] WARN  events.EventQueue (EventQueue.java:fireEvent(216)) - No event handler registered for event TypedEvent{payloadType=DatanodeDetails, name='Datanode_Command_Queue_Updated'}
2022-12-08 07:06:29,128 [Listener at 127.0.0.1/38067] INFO  volume.MutableVolumeSet (MutableVolumeSet.java:initializeVolumeSet(174)) - Added Volume : /home/runner/work/ozone/ozone/hadoop-ozone/integration-test/target/test-dir/MiniOzoneClusterImpl-510a2802-165a-4ebd-9ade-f7b35b2c34f6/datanode-5/data/ratis to VolumeSet
2022-12-08 07:06:29,128 [Listener at 127.0.0.1/38067] INFO  volume.ThrottledAsyncChecker (ThrottledAsyncChecker.java:schedule(141)) - Scheduling a check for /home/runner/work/ozone/ozone/hadoop-ozone/integration-test/target/test-dir/MiniOzoneClusterImpl-510a2802-165a-4ebd-9ade-f7b35b2c34f6/datanode-5/data/ratis
2022-12-08 07:06:29,129 [Listener at 127.0.0.1/38067] INFO  volume.StorageVolumeChecker (StorageVolumeChecker.java:checkAllVolumes(202)) - Scheduled health check for volume /home/runner/work/ozone/ozone/hadoop-ozone/integration-test/target/test-dir/MiniOzoneClusterImpl-510a2802-165a-4ebd-9ade-f7b35b2c34f6/datanode-5/data/ratis
2022-12-08 07:06:29,140 [EventQueue-CommandQueueReportForCommandQueueReportHandler] WARN  events.EventQueue (EventQueue.java:fireEvent(216)) - No event handler registered for event TypedEvent{payloadType=DatanodeDetails, name='Datanode_Command_Queue_Updated'}
2022-12-08 07:06:29,148 [Thread-585] INFO  ozoneimpl.ContainerReader (ContainerReader.java:readVolume(175)) - Finish verifying containers on volume /home/runner/work/ozone/ozone/hadoop-ozone/integration-test/target/test-dir/MiniOzoneClusterImpl-510a2802-165a-4ebd-9ade-f7b35b2c34f6/datanode-5/data-0/containers/hdds
2022-12-08 07:06:29,148 [Listener at 127.0.0.1/38067] INFO  ozoneimpl.OzoneContainer (OzoneContainer.java:buildContainerSet(301)) - Build ContainerSet costs 0s
2022-12-08 07:06:29,152 [EventQueue-CommandQueueReportForCommandQueueReportHandler] WARN  events.EventQueue (EventQueue.java:fireEvent(216)) - No event handler registered for event TypedEvent{payloadType=DatanodeDetails, name='Datanode_Command_Queue_Updated'}
2022-12-08 07:06:29,153 [Listener at 127.0.0.1/38067] INFO  server.RaftServer (ConfUtils.java:logGet(46)) - raft.rpc.type = GRPC (default)
2022-12-08 07:06:29,153 [Listener at 127.0.0.1/38067] INFO  grpc.GrpcConfigKeys (ConfUtils.java:logFallback(53)) - raft.grpc.admin.host = null (fallback to raft.grpc.server.host)
2022-12-08 07:06:29,153 [Listener at 127.0.0.1/38067] INFO  grpc.GrpcConfigKeys (ConfUtils.java:logGet(46)) - raft.grpc.admin.port = 0 (custom)
2022-12-08 07:06:29,153 [Listener at 127.0.0.1/38067] INFO  grpc.GrpcConfigKeys (ConfUtils.java:logFallback(53)) - raft.grpc.client.host = null (fallback to raft.grpc.server.host)
2022-12-08 07:06:29,154 [Listener at 127.0.0.1/38067] INFO  grpc.GrpcConfigKeys (ConfUtils.java:logGet(46)) - raft.grpc.client.port = 0 (custom)
2022-12-08 07:06:29,154 [Listener at 127.0.0.1/38067] INFO  grpc.GrpcConfigKeys (ConfUtils.java:logGet(46)) - raft.grpc.server.host = null (default)
2022-12-08 07:06:29,154 [Listener at 127.0.0.1/38067] INFO  grpc.GrpcConfigKeys (ConfUtils.java:logGet(46)) - raft.grpc.server.port = 0 (default)
2022-12-08 07:06:29,154 [Listener at 127.0.0.1/38067] INFO  server.GrpcService (ConfUtils.java:logGet(46)) - raft.grpc.message.size.max = 32MB (=33554432) (custom)
2022-12-08 07:06:29,154 [Listener at 127.0.0.1/38067] INFO  server.RaftServerConfigKeys (ConfUtils.java:logGet(46)) - raft.server.log.appender.buffer.byte-limit = 33554432 (custom)
2022-12-08 07:06:29,154 [Listener at 127.0.0.1/38067] INFO  server.GrpcService (ConfUtils.java:logGet(46)) - raft.grpc.flow.control.window = 5MB (=5242880) (custom)
2022-12-08 07:06:29,154 [Listener at 127.0.0.1/38067] INFO  server.RaftServerConfigKeys (ConfUtils.java:logGet(46)) - raft.server.rpc.request.timeout = 60s (custom)
2022-12-08 07:06:29,155 [Listener at 127.0.0.1/38067] INFO  grpc.GrpcConfigKeys (ConfUtils.java:logGet(46)) - raft.grpc.server.heartbeat.channel = true (default)
2022-12-08 07:06:29,155 [Listener at 127.0.0.1/38067] INFO  grpc.GrpcConfigKeys (ConfUtils.java:logGet(46)) - raft.grpc.server.async.request.thread.pool.cached = true (default)
2022-12-08 07:06:29,155 [Listener at 127.0.0.1/38067] INFO  grpc.GrpcConfigKeys (ConfUtils.java:logGet(46)) - raft.grpc.server.async.request.thread.pool.size = 32 (default)
2022-12-08 07:06:29,157 [Listener at 127.0.0.1/38067] INFO  impl.DataStreamServerImpl (ConfUtils.java:logGet(46)) - raft.datastream.type = DISABLED (default)
2022-12-08 07:06:29,157 [Listener at 127.0.0.1/38067] INFO  server.RaftServerConfigKeys (ConfUtils.java:logGet(46)) - raft.server.threadpool.proxy.cached = true (default)
2022-12-08 07:06:29,157 [Listener at 127.0.0.1/38067] INFO  server.RaftServerConfigKeys (ConfUtils.java:logGet(46)) - raft.server.threadpool.proxy.size = 0 (default)
2022-12-08 07:06:29,157 [Listener at 127.0.0.1/38067] INFO  server.RaftServerConfigKeys (ConfUtils.java:logGet(46)) - raft.server.rpc.slowness.timeout = 300s (custom)
2022-12-08 07:06:29,157 [Listener at 127.0.0.1/38067] INFO  server.RaftServerConfigKeys (ConfUtils.java:logGet(46)) - raft.server.leaderelection.leader.step-down.wait-time = 10s (default)
2022-12-08 07:06:29,158 [Listener at 127.0.0.1/38067] INFO  server.RaftServerConfigKeys (ConfUtils.java:logGet(46)) - raft.server.storage.dir = [/home/runner/work/ozone/ozone/hadoop-ozone/integration-test/target/test-dir/MiniOzoneClusterImpl-510a2802-165a-4ebd-9ade-f7b35b2c34f6/datanode-5/data/ratis] (custom)
2022-12-08 07:06:29,159 [Listener at 127.0.0.1/38067] INFO  server.XceiverServerGrpc (XceiverServerGrpc.java:<init>(132)) - GrpcServer channel type EpollServerSocketChannel
2022-12-08 07:06:29,163 [Listener at 127.0.0.1/38067] INFO  http.BaseHttpServer (BaseHttpServer.java:newHttpServer2BuilderForOzone(213)) - Starting Web-server for hddsDatanode at: http://0.0.0.0:0
2022-12-08 07:06:29,163 [Listener at 127.0.0.1/38067] INFO  http.BaseHttpServer (BaseHttpServer.java:<init>(108)) - Hadoop Security Enabled: false Ozone Security Enabled: false Ozone HTTP Security Enabled: false 
2022-12-08 07:06:29,167 [Listener at 127.0.0.1/38067] WARN  server.AuthenticationFilter (AuthenticationFilter.java:constructSecretProvider(240)) - Unable to initialize FileSignerSecretProvider, falling back to use random secrets. Reason: Could not read signature secret file: /home/runner/hadoop-http-auth-signature-secret
2022-12-08 07:06:29,169 [Listener at 127.0.0.1/38067] WARN  http.HttpRequestLog (HttpRequestLog.java:getRequestLog(103)) - Jetty request log can only be enabled using Log4j
2022-12-08 07:06:29,172 [Listener at 127.0.0.1/38067] INFO  http.HttpServer2 (HttpServer2.java:addGlobalFilter(1031)) - Added global filter 'safety' (class=org.apache.hadoop.hdds.server.http.HttpServer2$QuotingInputFilter)
2022-12-08 07:06:29,173 [Listener at 127.0.0.1/38067] INFO  http.HttpServer2 (HttpServer2.java:addFilter(1007)) - Added filter static_user_filter (class=org.apache.hadoop.http.lib.StaticUserWebFilter$StaticUserFilter) to context hddsDatanode
2022-12-08 07:06:29,173 [Listener at 127.0.0.1/38067] INFO  http.HttpServer2 (HttpServer2.java:addFilter(1015)) - Added filter static_user_filter (class=org.apache.hadoop.http.lib.StaticUserWebFilter$StaticUserFilter) to context logs
2022-12-08 07:06:29,174 [Listener at 127.0.0.1/38067] INFO  http.HttpServer2 (HttpServer2.java:addFilter(1015)) - Added filter static_user_filter (class=org.apache.hadoop.http.lib.StaticUserWebFilter$StaticUserFilter) to context static
2022-12-08 07:06:29,174 [Listener at 127.0.0.1/38067] INFO  http.HttpServer2 (HttpServer2.java:bindListener(1250)) - Jetty bound to port 39373
2022-12-08 07:06:29,174 [Listener at 127.0.0.1/38067] INFO  server.Server (Server.java:doStart(375)) - jetty-9.4.49.v20220914; built: 2022-09-14T01:07:36.601Z; git: 4231a3b2e4cb8548a412a789936d640a97b1aa0a; jvm 1.8.0_352-b08
2022-12-08 07:06:29,176 [Listener at 127.0.0.1/38067] INFO  server.session (DefaultSessionIdManager.java:doStart(334)) - DefaultSessionIdManager workerName=node0
2022-12-08 07:06:29,176 [Listener at 127.0.0.1/38067] INFO  server.session (DefaultSessionIdManager.java:doStart(339)) - No SessionScavenger set, using defaults
2022-12-08 07:06:29,176 [Listener at 127.0.0.1/38067] INFO  server.session (HouseKeeper.java:startScavenging(132)) - node0 Scavenging every 660000ms
2022-12-08 07:06:29,183 [Listener at 127.0.0.1/38067] INFO  handler.ContextHandler (ContextHandler.java:doStart(921)) - Started o.e.j.s.ServletContextHandler@490e38dd{logs,/logs,file:///home/runner/work/ozone/ozone/hadoop-ozone/integration-test/target/log,AVAILABLE}
2022-12-08 07:06:29,183 [Listener at 127.0.0.1/38067] INFO  handler.ContextHandler (ContextHandler.java:doStart(921)) - Started o.e.j.s.ServletContextHandler@6eaa7a6c{static,/static,jar:file:/home/runner/.m2/repository/org/apache/ozone/hdds-container-service/1.3.0-SNAPSHOT/hdds-container-service-1.3.0-SNAPSHOT.jar!/webapps/static,AVAILABLE}
2022-12-08 07:06:29,216 [IPC Server handler 3 on default port 43949] INFO  net.NetworkTopologyImpl (NetworkTopologyImpl.java:add(112)) - Added a new node: /default-rack/058e5e99-a8f6-4821-8c5b-5a3d1bcc7ba8
2022-12-08 07:06:29,217 [IPC Server handler 3 on default port 43949] INFO  node.SCMNodeManager (SCMNodeManager.java:register(397)) - Registered Data node : 058e5e99-a8f6-4821-8c5b-5a3d1bcc7ba8{ip: 10.1.0.14, host: fv-az165-805.wtg55dazuvhetdvd2gpth4ys5d.dx.internal.cloudapp.net, ports: [REPLICATION=40863, RATIS=40457, RATIS_ADMIN=40457, RATIS_SERVER=40457, STANDALONE=40501], networkLocation: /default-rack, certSerialId: null, persistedOpState: null, persistedOpStateExpiryEpochSec: 0}
2022-12-08 07:06:29,221 [IPC Server handler 12 on default port 38075] INFO  node.SCMNodeManager (SCMNodeManager.java:updateDatanodeOpState(545)) - Scheduling a command to update the operationalState persisted on 1fec2e66-b36b-410d-a836-56974e80c6bf{ip: 10.1.0.14, host: fv-az165-805.wtg55dazuvhetdvd2gpth4ys5d.dx.internal.cloudapp.net, ports: [REPLICATION=42005, RATIS=40777, RATIS_ADMIN=40777, RATIS_SERVER=40777, STANDALONE=40099], networkLocation: /default-rack, certSerialId: null, persistedOpState: null, persistedOpStateExpiryEpochSec: 0} as the reported value does not match the value stored in SCM (DECOMMISSIONING, 0)
2022-12-08 07:06:29,223 [EventQueue-CommandQueueReportForCommandQueueReportHandler] WARN  events.EventQueue (EventQueue.java:fireEvent(216)) - No event handler registered for event TypedEvent{payloadType=DatanodeDetails, name='Datanode_Command_Queue_Updated'}
2022-12-08 07:06:29,241 [EventQueue-NodeRegistrationContainerReportForDataNodeSafeModeRule] INFO  safemode.SCMSafeModeManager (DataNodeSafeModeRule.java:process(71)) - SCM in safe mode. 1 DataNodes registered, 3 required.
2022-12-08 07:06:29,242 [EventQueue-NodeRegistrationContainerReportForContainerSafeModeRule] INFO  safemode.SCMSafeModeManager (SCMSafeModeManager.java:validateSafeModeExitRules(200)) - ContainerSafeModeRule rule is successfully validated
2022-12-08 07:06:29,245 [EventQueue-NewNodeForNewNodeHandler] INFO  pipeline.BackgroundPipelineCreator (BackgroundPipelineCreator.java:notifyEventTriggered(276)) - trigger a one-shot run on RatisPipelineUtilsThread.
2022-12-08 07:06:29,245 [EventQueue-PipelineReportForOneReplicaPipelineSafeModeRule] INFO  safemode.SCMSafeModeManager (SCMSafeModeManager.java:validateSafeModeExitRules(200)) - AtleastOneDatanodeReportedRule rule is successfully validated
2022-12-08 07:06:29,247 [RatisPipelineUtilsThread - 0] INFO  pipeline.RatisPipelineProvider (RatisPipelineProvider.java:lambda$create$0(195)) - Sending CreatePipelineCommand for pipeline:PipelineID=62763525-4a8f-44a1-9652-c2fe39f85e00 to datanode:058e5e99-a8f6-4821-8c5b-5a3d1bcc7ba8
2022-12-08 07:06:29,250 [RatisPipelineUtilsThread - 0] INFO  pipeline.PipelineStateManagerImpl (PipelineStateManagerImpl.java:addPipeline(103)) - Created pipeline Pipeline[ Id: 62763525-4a8f-44a1-9652-c2fe39f85e00, Nodes: 058e5e99-a8f6-4821-8c5b-5a3d1bcc7ba8{ip: 10.1.0.14, host: fv-az165-805.wtg55dazuvhetdvd2gpth4ys5d.dx.internal.cloudapp.net, ports: [REPLICATION=40863, RATIS=40457, RATIS_ADMIN=40457, RATIS_SERVER=40457, STANDALONE=40501], networkLocation: /default-rack, certSerialId: null, persistedOpState: IN_SERVICE, persistedOpStateExpiryEpochSec: 0}, ReplicationConfig: RATIS/ONE, State:ALLOCATED, leaderId:, CreationTimestamp2022-12-08T07:06:29.246Z[Etc/UTC]].
2022-12-08 07:06:29,260 [EventQueue-CommandQueueReportForCommandQueueReportHandler] WARN  events.EventQueue (EventQueue.java:fireEvent(216)) - No event handler registered for event TypedEvent{payloadType=DatanodeDetails, name='Datanode_Command_Queue_Updated'}
2022-12-08 07:06:29,261 [Over Replicated Processor] INFO  replication.OverReplicatedProcessor (OverReplicatedProcessor.java:processAll(79)) - Processed 0 over replicated containers, failed processing 0
2022-12-08 07:06:29,364 [EndpointStateMachine task thread for /0.0.0.0:43949 - 0 ] INFO  utils.DatanodeStoreCache (DatanodeStoreCache.java:addDB(58)) - Added db /home/runner/work/ozone/ozone/hadoop-ozone/integration-test/target/test-dir/MiniOzoneClusterImpl-510a2802-165a-4ebd-9ade-f7b35b2c34f6/datanode-2/data-0/containers/hdds/510a2802-165a-4ebd-9ade-f7b35b2c34f6/DS-9d3c6dbc-fc44-428b-ab7c-e0ba1b585384/container.db to cache
2022-12-08 07:06:29,364 [EndpointStateMachine task thread for /0.0.0.0:43949 - 0 ] INFO  volume.HddsVolume (HddsVolume.java:createDbStore(307)) - SchemaV3 db is created and loaded at /home/runner/work/ozone/ozone/hadoop-ozone/integration-test/target/test-dir/MiniOzoneClusterImpl-510a2802-165a-4ebd-9ade-f7b35b2c34f6/datanode-2/data-0/containers/hdds/510a2802-165a-4ebd-9ade-f7b35b2c34f6/DS-9d3c6dbc-fc44-428b-ab7c-e0ba1b585384/container.db for volume DS-9d3c6dbc-fc44-428b-ab7c-e0ba1b585384
2022-12-08 07:06:29,364 [EndpointStateMachine task thread for /0.0.0.0:43949 - 0 ] INFO  ozoneimpl.OzoneContainer (OzoneContainer.java:start(395)) - Attempting to start container services.
2022-12-08 07:06:29,364 [EndpointStateMachine task thread for /0.0.0.0:43949 - 0 ] INFO  ozoneimpl.OzoneContainer (OzoneContainer.java:startContainerScrub(312)) - Scheduled background container scanners and the on-demand container scanner have been disabled.
2022-12-08 07:06:29,368 [EndpointStateMachine task thread for /0.0.0.0:43949 - 0 ] INFO  replication.ReplicationServer (ReplicationServer.java:start(111)) - ReplicationServer is started using port 37727
2022-12-08 07:06:29,370 [EndpointStateMachine task thread for /0.0.0.0:43949 - 0 ] INFO  ratis.XceiverServerRatis (XceiverServerRatis.java:start(481)) - Starting XceiverServerRatis 5de537c7-90df-4f10-a651-9ea369dcfb7f
2022-12-08 07:06:29,385 [EndpointStateMachine task thread for /0.0.0.0:43949 - 0 ] INFO  server.RaftServer (RaftServerProxy.java:startImpl(393)) - 5de537c7-90df-4f10-a651-9ea369dcfb7f: start RPC server
2022-12-08 07:06:29,388 [EndpointStateMachine task thread for /0.0.0.0:43949 - 0 ] INFO  server.GrpcService (GrpcService.java:startImpl(262)) - 5de537c7-90df-4f10-a651-9ea369dcfb7f: GrpcService started, listening on 34865
2022-12-08 07:06:29,390 [EndpointStateMachine task thread for /0.0.0.0:43949 - 0 ] INFO  ratis.XceiverServerRatis (XceiverServerRatis.java:getRealPort(502)) - XceiverServerRatis 5de537c7-90df-4f10-a651-9ea369dcfb7f is started using port 34865 for RATIS
2022-12-08 07:06:29,390 [EndpointStateMachine task thread for /0.0.0.0:43949 - 0 ] INFO  ratis.XceiverServerRatis (XceiverServerRatis.java:getRealPort(502)) - XceiverServerRatis 5de537c7-90df-4f10-a651-9ea369dcfb7f is started using port 34865 for RATIS_ADMIN
2022-12-08 07:06:29,390 [JvmPauseMonitor11] INFO  util.JvmPauseMonitor (JvmPauseMonitor.java:run(105)) - JvmPauseMonitor-5de537c7-90df-4f10-a651-9ea369dcfb7f: Started
2022-12-08 07:06:29,390 [EndpointStateMachine task thread for /0.0.0.0:43949 - 0 ] INFO  ratis.XceiverServerRatis (XceiverServerRatis.java:getRealPort(502)) - XceiverServerRatis 5de537c7-90df-4f10-a651-9ea369dcfb7f is started using port 34865 for RATIS_SERVER
2022-12-08 07:06:29,394 [EndpointStateMachine task thread for /0.0.0.0:43949 - 0 ] INFO  server.XceiverServerGrpc (XceiverServerGrpc.java:start(180)) - XceiverServerGrpc 5de537c7-90df-4f10-a651-9ea369dcfb7f is started using port 33081
2022-12-08 07:06:29,527 [Listener at 127.0.0.1/38067] INFO  handler.ContextHandler (ContextHandler.java:doStart(921)) - Started o.e.j.w.WebAppContext@69c20c6a{hddsDatanode,/,file:///tmp/jetty-0_0_0_0-39373-hdds-container-service-1_3_0-SNAPSHOT_jar-_-any-711445344396219896/webapp/,AVAILABLE}{jar:file:/home/runner/.m2/repository/org/apache/ozone/hdds-container-service/1.3.0-SNAPSHOT/hdds-container-service-1.3.0-SNAPSHOT.jar!/webapps/hddsDatanode}
2022-12-08 07:06:29,531 [Listener at 127.0.0.1/38067] INFO  server.AbstractConnector (AbstractConnector.java:doStart(333)) - Started ServerConnector@1bdf672c{HTTP/1.1, (http/1.1)}{0.0.0.0:39373}
2022-12-08 07:06:29,531 [Listener at 127.0.0.1/38067] INFO  server.Server (Server.java:doStart(415)) - Started @34994ms
2022-12-08 07:06:29,531 [Listener at 127.0.0.1/38067] WARN  impl.MetricsSystemImpl (MetricsSystemImpl.java:register(279)) - Sink prometheus already exists!
2022-12-08 07:06:29,532 [Listener at 127.0.0.1/38067] INFO  http.BaseHttpServer (BaseHttpServer.java:updateConnectorAddress(333)) - HTTP server of hddsDatanode listening at http://0.0.0.0:39373
2022-12-08 07:06:29,532 [Datanode State Machine Daemon Thread] INFO  statemachine.DatanodeStateMachine (DatanodeStateMachine.java:lambda$startDaemon$0(505)) - Ozone container server started.
2022-12-08 07:06:29,532 [Listener at 127.0.0.1/38067] WARN  impl.MetricRegistriesImpl (MetricRegistriesImpl.java:addReporterRegistration(111)) - New reporters are added after registries were created. Some metrics will be missing from the reporter. Please add reporter before adding any new registry.
2022-12-08 07:06:29,534 [Listener at 127.0.0.1/38067] WARN  impl.MetricRegistriesImpl (MetricRegistriesImpl.java:addReporterRegistration(111)) - New reporters are added after registries were created. Some metrics will be missing from the reporter. Please add reporter before adding any new registry.
2022-12-08 07:06:29,534 [Listener at 127.0.0.1/38067] INFO  impl.MetricsSystemImpl (MetricsSystemImpl.java:init(158)) - HddsDatanode metrics system started (again)
2022-12-08 07:06:29,552 [org.apache.hadoop.util.JvmPauseMonitor$Monitor@5832c1c3] INFO  util.JvmPauseMonitor (JvmPauseMonitor.java:run(188)) - Starting JVM pause monitor
2022-12-08 07:06:29,554 [Datanode State Machine Task Thread - 0] INFO  datanode.InitDatanodeState (InitDatanodeState.java:persistContainerDatanodeDetails(138)) - DatanodeDetails is persisted to /home/runner/work/ozone/ozone/hadoop-ozone/integration-test/target/test-dir/MiniOzoneClusterImpl-510a2802-165a-4ebd-9ade-f7b35b2c34f6/datanode-5/meta/datanode.id
2022-12-08 07:06:29,555 [Listener at 127.0.0.1/38067] INFO  ozone.HddsDatanodeService (HddsDatanodeService.java:start(236)) - HddsDatanodeService host:fv-az165-805.wtg55dazuvhetdvd2gpth4ys5d.dx.internal.cloudapp.net ip:10.1.0.14
2022-12-08 07:06:29,609 [Listener at 127.0.0.1/38067] INFO  upgrade.AbstractLayoutVersionManager (AbstractLayoutVersionManager.java:init(83)) - Initializing Layout version manager with metadata layout = DATANODE_SCHEMA_V3 (version = 4), software layout = DATANODE_SCHEMA_V3 (version = 4)
2022-12-08 07:06:29,663 [Listener at 127.0.0.1/38067] INFO  reflections.Reflections (Reflections.java:scan(232)) - Reflections took 52 ms to scan 7 urls, producing 140 keys and 342 values 
2022-12-08 07:06:29,666 [Listener at 127.0.0.1/38067] INFO  statemachine.DatanodeStateMachine (DatanodeStateMachine.java:getEndPointTaskThreadPoolSize(245)) - Datanode State Machine Task Thread Pool size 2
2022-12-08 07:06:29,668 [Listener at 127.0.0.1/38067] INFO  volume.HddsVolume (HddsVolume.java:<init>(117)) - Creating HddsVolume: /home/runner/work/ozone/ozone/hadoop-ozone/integration-test/target/test-dir/MiniOzoneClusterImpl-510a2802-165a-4ebd-9ade-f7b35b2c34f6/datanode-6/data-0/containers/hdds of storage type : DISK capacity : 9223372036854775807
2022-12-08 07:06:29,668 [Listener at 127.0.0.1/38067] INFO  volume.MutableVolumeSet (MutableVolumeSet.java:initializeVolumeSet(174)) - Added Volume : /home/runner/work/ozone/ozone/hadoop-ozone/integration-test/target/test-dir/MiniOzoneClusterImpl-510a2802-165a-4ebd-9ade-f7b35b2c34f6/datanode-6/data-0/containers/hdds to VolumeSet
2022-12-08 07:06:29,669 [Listener at 127.0.0.1/38067] INFO  volume.ThrottledAsyncChecker (ThrottledAsyncChecker.java:schedule(141)) - Scheduling a check for /home/runner/work/ozone/ozone/hadoop-ozone/integration-test/target/test-dir/MiniOzoneClusterImpl-510a2802-165a-4ebd-9ade-f7b35b2c34f6/datanode-6/data-0/containers/hdds
2022-12-08 07:06:29,669 [Listener at 127.0.0.1/38067] INFO  volume.StorageVolumeChecker (StorageVolumeChecker.java:checkAllVolumes(202)) - Scheduled health check for volume /home/runner/work/ozone/ozone/hadoop-ozone/integration-test/target/test-dir/MiniOzoneClusterImpl-510a2802-165a-4ebd-9ade-f7b35b2c34f6/datanode-6/data-0/containers/hdds
2022-12-08 07:06:29,683 [Listener at 127.0.0.1/38067] INFO  volume.MutableVolumeSet (MutableVolumeSet.java:initializeVolumeSet(174)) - Added Volume : /home/runner/work/ozone/ozone/hadoop-ozone/integration-test/target/test-dir/MiniOzoneClusterImpl-510a2802-165a-4ebd-9ade-f7b35b2c34f6/datanode-6/data/ratis to VolumeSet
2022-12-08 07:06:29,683 [Listener at 127.0.0.1/38067] INFO  volume.ThrottledAsyncChecker (ThrottledAsyncChecker.java:schedule(141)) - Scheduling a check for /home/runner/work/ozone/ozone/hadoop-ozone/integration-test/target/test-dir/MiniOzoneClusterImpl-510a2802-165a-4ebd-9ade-f7b35b2c34f6/datanode-6/data/ratis
2022-12-08 07:06:29,683 [Listener at 127.0.0.1/38067] INFO  volume.StorageVolumeChecker (StorageVolumeChecker.java:checkAllVolumes(202)) - Scheduled health check for volume /home/runner/work/ozone/ozone/hadoop-ozone/integration-test/target/test-dir/MiniOzoneClusterImpl-510a2802-165a-4ebd-9ade-f7b35b2c34f6/datanode-6/data/ratis
2022-12-08 07:06:29,698 [Thread-609] INFO  ozoneimpl.ContainerReader (ContainerReader.java:readVolume(175)) - Finish verifying containers on volume /home/runner/work/ozone/ozone/hadoop-ozone/integration-test/target/test-dir/MiniOzoneClusterImpl-510a2802-165a-4ebd-9ade-f7b35b2c34f6/datanode-6/data-0/containers/hdds
2022-12-08 07:06:29,698 [Listener at 127.0.0.1/38067] INFO  ozoneimpl.OzoneContainer (OzoneContainer.java:buildContainerSet(301)) - Build ContainerSet costs 0s
2022-12-08 07:06:29,701 [Listener at 127.0.0.1/38067] INFO  server.RaftServer (ConfUtils.java:logGet(46)) - raft.rpc.type = GRPC (default)
2022-12-08 07:06:29,702 [Listener at 127.0.0.1/38067] INFO  grpc.GrpcConfigKeys (ConfUtils.java:logFallback(53)) - raft.grpc.admin.host = null (fallback to raft.grpc.server.host)
2022-12-08 07:06:29,702 [Listener at 127.0.0.1/38067] INFO  grpc.GrpcConfigKeys (ConfUtils.java:logGet(46)) - raft.grpc.admin.port = 0 (custom)
2022-12-08 07:06:29,702 [Listener at 127.0.0.1/38067] INFO  grpc.GrpcConfigKeys (ConfUtils.java:logFallback(53)) - raft.grpc.client.host = null (fallback to raft.grpc.server.host)
2022-12-08 07:06:29,702 [Listener at 127.0.0.1/38067] INFO  grpc.GrpcConfigKeys (ConfUtils.java:logGet(46)) - raft.grpc.client.port = 0 (custom)
2022-12-08 07:06:29,702 [Listener at 127.0.0.1/38067] INFO  grpc.GrpcConfigKeys (ConfUtils.java:logGet(46)) - raft.grpc.server.host = null (default)
2022-12-08 07:06:29,702 [Listener at 127.0.0.1/38067] INFO  grpc.GrpcConfigKeys (ConfUtils.java:logGet(46)) - raft.grpc.server.port = 0 (default)
2022-12-08 07:06:29,702 [Listener at 127.0.0.1/38067] INFO  server.GrpcService (ConfUtils.java:logGet(46)) - raft.grpc.message.size.max = 32MB (=33554432) (custom)
2022-12-08 07:06:29,704 [Listener at 127.0.0.1/38067] INFO  server.RaftServerConfigKeys (ConfUtils.java:logGet(46)) - raft.server.log.appender.buffer.byte-limit = 33554432 (custom)
2022-12-08 07:06:29,704 [Listener at 127.0.0.1/38067] INFO  server.GrpcService (ConfUtils.java:logGet(46)) - raft.grpc.flow.control.window = 5MB (=5242880) (custom)
2022-12-08 07:06:29,704 [Listener at 127.0.0.1/38067] INFO  server.RaftServerConfigKeys (ConfUtils.java:logGet(46)) - raft.server.rpc.request.timeout = 60s (custom)
2022-12-08 07:06:29,704 [Listener at 127.0.0.1/38067] INFO  grpc.GrpcConfigKeys (ConfUtils.java:logGet(46)) - raft.grpc.server.heartbeat.channel = true (default)
2022-12-08 07:06:29,704 [Listener at 127.0.0.1/38067] INFO  grpc.GrpcConfigKeys (ConfUtils.java:logGet(46)) - raft.grpc.server.async.request.thread.pool.cached = true (default)
2022-12-08 07:06:29,704 [Listener at 127.0.0.1/38067] INFO  grpc.GrpcConfigKeys (ConfUtils.java:logGet(46)) - raft.grpc.server.async.request.thread.pool.size = 32 (default)
2022-12-08 07:06:29,706 [Listener at 127.0.0.1/38067] INFO  impl.DataStreamServerImpl (ConfUtils.java:logGet(46)) - raft.datastream.type = DISABLED (default)
2022-12-08 07:06:29,707 [Listener at 127.0.0.1/38067] INFO  server.RaftServerConfigKeys (ConfUtils.java:logGet(46)) - raft.server.threadpool.proxy.cached = true (default)
2022-12-08 07:06:29,707 [Listener at 127.0.0.1/38067] INFO  server.RaftServerConfigKeys (ConfUtils.java:logGet(46)) - raft.server.threadpool.proxy.size = 0 (default)
2022-12-08 07:06:29,707 [Listener at 127.0.0.1/38067] INFO  server.RaftServerConfigKeys (ConfUtils.java:logGet(46)) - raft.server.rpc.slowness.timeout = 300s (custom)
2022-12-08 07:06:29,707 [Listener at 127.0.0.1/38067] INFO  server.RaftServerConfigKeys (ConfUtils.java:logGet(46)) - raft.server.leaderelection.leader.step-down.wait-time = 10s (default)
2022-12-08 07:06:29,708 [Listener at 127.0.0.1/38067] INFO  server.RaftServerConfigKeys (ConfUtils.java:logGet(46)) - raft.server.storage.dir = [/home/runner/work/ozone/ozone/hadoop-ozone/integration-test/target/test-dir/MiniOzoneClusterImpl-510a2802-165a-4ebd-9ade-f7b35b2c34f6/datanode-6/data/ratis] (custom)
2022-12-08 07:06:29,710 [Listener at 127.0.0.1/38067] INFO  server.XceiverServerGrpc (XceiverServerGrpc.java:<init>(132)) - GrpcServer channel type EpollServerSocketChannel
2022-12-08 07:06:29,716 [Listener at 127.0.0.1/38067] INFO  http.BaseHttpServer (BaseHttpServer.java:newHttpServer2BuilderForOzone(213)) - Starting Web-server for hddsDatanode at: http://0.0.0.0:0
2022-12-08 07:06:29,716 [Listener at 127.0.0.1/38067] INFO  http.BaseHttpServer (BaseHttpServer.java:<init>(108)) - Hadoop Security Enabled: false Ozone Security Enabled: false Ozone HTTP Security Enabled: false 
2022-12-08 07:06:29,719 [Listener at 127.0.0.1/38067] WARN  server.AuthenticationFilter (AuthenticationFilter.java:constructSecretProvider(240)) - Unable to initialize FileSignerSecretProvider, falling back to use random secrets. Reason: Could not read signature secret file: /home/runner/hadoop-http-auth-signature-secret
2022-12-08 07:06:29,720 [Listener at 127.0.0.1/38067] WARN  http.HttpRequestLog (HttpRequestLog.java:getRequestLog(103)) - Jetty request log can only be enabled using Log4j
2022-12-08 07:06:29,722 [Listener at 127.0.0.1/38067] INFO  http.HttpServer2 (HttpServer2.java:addGlobalFilter(1031)) - Added global filter 'safety' (class=org.apache.hadoop.hdds.server.http.HttpServer2$QuotingInputFilter)
2022-12-08 07:06:29,728 [Listener at 127.0.0.1/38067] INFO  http.HttpServer2 (HttpServer2.java:addFilter(1007)) - Added filter static_user_filter (class=org.apache.hadoop.http.lib.StaticUserWebFilter$StaticUserFilter) to context hddsDatanode
2022-12-08 07:06:29,728 [Listener at 127.0.0.1/38067] INFO  http.HttpServer2 (HttpServer2.java:addFilter(1015)) - Added filter static_user_filter (class=org.apache.hadoop.http.lib.StaticUserWebFilter$StaticUserFilter) to context static
2022-12-08 07:06:29,728 [Listener at 127.0.0.1/38067] INFO  http.HttpServer2 (HttpServer2.java:addFilter(1015)) - Added filter static_user_filter (class=org.apache.hadoop.http.lib.StaticUserWebFilter$StaticUserFilter) to context logs
2022-12-08 07:06:29,729 [Listener at 127.0.0.1/38067] INFO  http.HttpServer2 (HttpServer2.java:bindListener(1250)) - Jetty bound to port 34487
2022-12-08 07:06:29,730 [Listener at 127.0.0.1/38067] INFO  server.Server (Server.java:doStart(375)) - jetty-9.4.49.v20220914; built: 2022-09-14T01:07:36.601Z; git: 4231a3b2e4cb8548a412a789936d640a97b1aa0a; jvm 1.8.0_352-b08
2022-12-08 07:06:29,732 [Listener at 127.0.0.1/38067] INFO  server.session (DefaultSessionIdManager.java:doStart(334)) - DefaultSessionIdManager workerName=node0
2022-12-08 07:06:29,732 [Listener at 127.0.0.1/38067] INFO  server.session (DefaultSessionIdManager.java:doStart(339)) - No SessionScavenger set, using defaults
2022-12-08 07:06:29,732 [Listener at 127.0.0.1/38067] INFO  server.session (HouseKeeper.java:startScavenging(132)) - node0 Scavenging every 660000ms
2022-12-08 07:06:29,733 [Listener at 127.0.0.1/38067] INFO  handler.ContextHandler (ContextHandler.java:doStart(921)) - Started o.e.j.s.ServletContextHandler@59e10bef{logs,/logs,file:///home/runner/work/ozone/ozone/hadoop-ozone/integration-test/target/log,AVAILABLE}
2022-12-08 07:06:29,733 [Listener at 127.0.0.1/38067] INFO  handler.ContextHandler (ContextHandler.java:doStart(921)) - Started o.e.j.s.ServletContextHandler@6a1408e5{static,/static,jar:file:/home/runner/.m2/repository/org/apache/ozone/hdds-container-service/1.3.0-SNAPSHOT/hdds-container-service-1.3.0-SNAPSHOT.jar!/webapps/static,AVAILABLE}
2022-12-08 07:06:29,821 [ReplicationMonitor] INFO  replication.ReplicationManager (ReplicationManager.java:processAll(356)) - Replication Monitor Thread took 1 milliseconds for processing 8 containers.
2022-12-08 07:06:29,825 [Under Replicated Processor] INFO  replication.UnderReplicatedProcessor (UnderReplicatedProcessor.java:processAll(79)) - Processed 0 under replicated containers, failed processing 0
2022-12-08 07:06:29,868 [DatanodeAdminManager-0] INFO  node.DatanodeAdminMonitorImpl (DatanodeAdminMonitorImpl.java:checkPipelinesClosedOnNode(325)) - Waiting for pipelines to close for 1fec2e66-b36b-410d-a836-56974e80c6bf{ip: 10.1.0.14, host: fv-az165-805.wtg55dazuvhetdvd2gpth4ys5d.dx.internal.cloudapp.net, ports: [REPLICATION=42005, RATIS=40777, RATIS_ADMIN=40777, RATIS_SERVER=40777, STANDALONE=40099], networkLocation: /default-rack, certSerialId: null, persistedOpState: IN_SERVICE, persistedOpStateExpiryEpochSec: 0}. There are 6 pipelines
2022-12-08 07:06:29,868 [EventQueue-StartAdminOnNodeForStartDatanodeAdminHandler] INFO  node.StartDatanodeAdminHandler (StartDatanodeAdminHandler.java:onMessage(57)) - Admin start on datanode 1fec2e66-b36b-410d-a836-56974e80c6bf{ip: 10.1.0.14, host: fv-az165-805.wtg55dazuvhetdvd2gpth4ys5d.dx.internal.cloudapp.net, ports: [REPLICATION=42005, RATIS=40777, RATIS_ADMIN=40777, RATIS_SERVER=40777, STANDALONE=40099], networkLocation: /default-rack, certSerialId: null, persistedOpState: IN_SERVICE, persistedOpStateExpiryEpochSec: 0}. Finalizing its pipelines [PipelineID=33c87244-8fd1-479a-9ae2-5d2ade5ec3e1, PipelineID=9d5f0604-367d-4da6-baea-ba3d94f9a8a7, PipelineID=115f7ab8-46a7-45b4-ae00-c1e81b18881d, PipelineID=4fb460ec-a727-4dcc-a8e2-50716312cdfe, PipelineID=3370344d-1ee3-4417-a94a-63a4591fc1d5, PipelineID=a640ea80-9452-4494-915a-c71dcf1c90b2]
2022-12-08 07:06:29,869 [DatanodeAdminManager-0] INFO  node.DatanodeAdminMonitorImpl (DatanodeAdminMonitorImpl.java:run(169)) - There are 1 nodes tracked for decommission and maintenance.  0 pending nodes.
2022-12-08 07:06:29,889 [EventQueue-StartAdminOnNodeForStartDatanodeAdminHandler] INFO  pipeline.PipelineManagerImpl (PipelineManagerImpl.java:closeContainersForPipeline(421)) - Container #7 closed for pipeline=PipelineID=33c87244-8fd1-479a-9ae2-5d2ade5ec3e1
2022-12-08 07:06:29,890 [EventQueue-StartAdminOnNodeForStartDatanodeAdminHandler] INFO  pipeline.PipelineManagerImpl (PipelineManagerImpl.java:closePipeline(442)) - Pipeline Pipeline[ Id: 33c87244-8fd1-479a-9ae2-5d2ade5ec3e1, Nodes: 6eec9aac-ee1b-4e1e-837d-d3cab734710b{ip: 10.1.0.14, host: fv-az165-805.wtg55dazuvhetdvd2gpth4ys5d.dx.internal.cloudapp.net, ports: [REPLICATION=35375, RATIS=33309, RATIS_ADMIN=33309, RATIS_SERVER=33309, STANDALONE=43585], networkLocation: /default-rack, certSerialId: null, persistedOpState: null, persistedOpStateExpiryEpochSec: 0}aa703a63-3c65-4215-94e9-ba864e506dd9{ip: 10.1.0.14, host: fv-az165-805.wtg55dazuvhetdvd2gpth4ys5d.dx.internal.cloudapp.net, ports: [REPLICATION=38971, RATIS=39791, RATIS_ADMIN=39791, RATIS_SERVER=39791, STANDALONE=40597], networkLocation: /default-rack, certSerialId: null, persistedOpState: null, persistedOpStateExpiryEpochSec: 0}1fec2e66-b36b-410d-a836-56974e80c6bf{ip: 10.1.0.14, host: fv-az165-805.wtg55dazuvhetdvd2gpth4ys5d.dx.internal.cloudapp.net, ports: [REPLICATION=42005, RATIS=40777, RATIS_ADMIN=40777, RATIS_SERVER=40777, STANDALONE=40099], networkLocation: /default-rack, certSerialId: null, persistedOpState: null, persistedOpStateExpiryEpochSec: 0}e288a489-637a-4316-af43-30866b2c8bfc{ip: 10.1.0.14, host: fv-az165-805.wtg55dazuvhetdvd2gpth4ys5d.dx.internal.cloudapp.net, ports: [REPLICATION=39261, RATIS=36389, RATIS_ADMIN=36389, RATIS_SERVER=36389, STANDALONE=35147], networkLocation: /default-rack, certSerialId: null, persistedOpState: null, persistedOpStateExpiryEpochSec: 0}f4ffb4f0-97dc-4c31-9ebf-2914332a538f{ip: 10.1.0.14, host: fv-az165-805.wtg55dazuvhetdvd2gpth4ys5d.dx.internal.cloudapp.net, ports: [REPLICATION=33383, RATIS=34119, RATIS_ADMIN=34119, RATIS_SERVER=34119, STANDALONE=42873], networkLocation: /default-rack, certSerialId: null, persistedOpState: null, persistedOpStateExpiryEpochSec: 0}, ReplicationConfig: EC/ECReplicationConfig{data=3, parity=2, ecChunkSize=1048576, codec=rs}, State:OPEN, leaderId:, CreationTimestamp2022-12-08T07:06:25.790Z[Etc/UTC]] moved to CLOSED state
2022-12-08 07:06:29,892 [EventQueue-StartAdminOnNodeForStartDatanodeAdminHandler] INFO  pipeline.PipelineStateManagerImpl (PipelineStateManagerImpl.java:removePipeline(245)) - Pipeline Pipeline[ Id: 33c87244-8fd1-479a-9ae2-5d2ade5ec3e1, Nodes: 6eec9aac-ee1b-4e1e-837d-d3cab734710b{ip: 10.1.0.14, host: fv-az165-805.wtg55dazuvhetdvd2gpth4ys5d.dx.internal.cloudapp.net, ports: [REPLICATION=35375, RATIS=33309, RATIS_ADMIN=33309, RATIS_SERVER=33309, STANDALONE=43585], networkLocation: /default-rack, certSerialId: null, persistedOpState: null, persistedOpStateExpiryEpochSec: 0}aa703a63-3c65-4215-94e9-ba864e506dd9{ip: 10.1.0.14, host: fv-az165-805.wtg55dazuvhetdvd2gpth4ys5d.dx.internal.cloudapp.net, ports: [REPLICATION=38971, RATIS=39791, RATIS_ADMIN=39791, RATIS_SERVER=39791, STANDALONE=40597], networkLocation: /default-rack, certSerialId: null, persistedOpState: null, persistedOpStateExpiryEpochSec: 0}1fec2e66-b36b-410d-a836-56974e80c6bf{ip: 10.1.0.14, host: fv-az165-805.wtg55dazuvhetdvd2gpth4ys5d.dx.internal.cloudapp.net, ports: [REPLICATION=42005, RATIS=40777, RATIS_ADMIN=40777, RATIS_SERVER=40777, STANDALONE=40099], networkLocation: /default-rack, certSerialId: null, persistedOpState: null, persistedOpStateExpiryEpochSec: 0}e288a489-637a-4316-af43-30866b2c8bfc{ip: 10.1.0.14, host: fv-az165-805.wtg55dazuvhetdvd2gpth4ys5d.dx.internal.cloudapp.net, ports: [REPLICATION=39261, RATIS=36389, RATIS_ADMIN=36389, RATIS_SERVER=36389, STANDALONE=35147], networkLocation: /default-rack, certSerialId: null, persistedOpState: null, persistedOpStateExpiryEpochSec: 0}f4ffb4f0-97dc-4c31-9ebf-2914332a538f{ip: 10.1.0.14, host: fv-az165-805.wtg55dazuvhetdvd2gpth4ys5d.dx.internal.cloudapp.net, ports: [REPLICATION=33383, RATIS=34119, RATIS_ADMIN=34119, RATIS_SERVER=34119, STANDALONE=42873], networkLocation: /default-rack, certSerialId: null, persistedOpState: null, persistedOpStateExpiryEpochSec: 0}, ReplicationConfig: EC/ECReplicationConfig{data=3, parity=2, ecChunkSize=1048576, codec=rs}, State:CLOSED, leaderId:, CreationTimestamp2022-12-08T07:06:25.790Z[Etc/UTC]] removed.
2022-12-08 07:06:29,892 [EventQueue-StartAdminOnNodeForStartDatanodeAdminHandler] INFO  pipeline.PipelineManagerImpl (PipelineManagerImpl.java:closeContainersForPipeline(421)) - Container #1 closed for pipeline=PipelineID=9d5f0604-367d-4da6-baea-ba3d94f9a8a7
2022-12-08 07:06:29,893 [EventQueue-StartAdminOnNodeForStartDatanodeAdminHandler] INFO  pipeline.PipelineManagerImpl (PipelineManagerImpl.java:closeContainersForPipeline(421)) - Container #2 closed for pipeline=PipelineID=9d5f0604-367d-4da6-baea-ba3d94f9a8a7
2022-12-08 07:06:29,893 [EventQueue-StartAdminOnNodeForStartDatanodeAdminHandler] INFO  pipeline.PipelineManagerImpl (PipelineManagerImpl.java:closeContainersForPipeline(421)) - Container #3 closed for pipeline=PipelineID=9d5f0604-367d-4da6-baea-ba3d94f9a8a7
2022-12-08 07:06:29,893 [EventQueue-StartAdminOnNodeForStartDatanodeAdminHandler] INFO  pipeline.PipelineManagerImpl (PipelineManagerImpl.java:closePipeline(442)) - Pipeline Pipeline[ Id: 9d5f0604-367d-4da6-baea-ba3d94f9a8a7, Nodes: 1fec2e66-b36b-410d-a836-56974e80c6bf{ip: 10.1.0.14, host: fv-az165-805.wtg55dazuvhetdvd2gpth4ys5d.dx.internal.cloudapp.net, ports: [REPLICATION=42005, RATIS=40777, RATIS_ADMIN=40777, RATIS_SERVER=40777, STANDALONE=40099], networkLocation: /default-rack, certSerialId: null, persistedOpState: IN_SERVICE, persistedOpStateExpiryEpochSec: 0}a323b8f8-7c4d-4fe6-8663-2fcba1e99710{ip: 10.1.0.14, host: fv-az165-805.wtg55dazuvhetdvd2gpth4ys5d.dx.internal.cloudapp.net, ports: [REPLICATION=34875, RATIS=38689, RATIS_ADMIN=38689, RATIS_SERVER=38689, STANDALONE=41587], networkLocation: /default-rack, certSerialId: null, persistedOpState: IN_SERVICE, persistedOpStateExpiryEpochSec: 0}624d0ae4-c5c0-4b02-bbde-b37f19cf8f9a{ip: 10.1.0.14, host: fv-az165-805.wtg55dazuvhetdvd2gpth4ys5d.dx.internal.cloudapp.net, ports: [REPLICATION=39487, RATIS=41749, RATIS_ADMIN=41749, RATIS_SERVER=41749, STANDALONE=43743], networkLocation: /default-rack, certSerialId: null, persistedOpState: IN_SERVICE, persistedOpStateExpiryEpochSec: 0}, ReplicationConfig: RATIS/THREE, State:OPEN, leaderId:a323b8f8-7c4d-4fe6-8663-2fcba1e99710, CreationTimestamp2022-12-08T07:06:11.170Z[Etc/UTC]] moved to CLOSED state
2022-12-08 07:06:29,894 [EventQueue-StartAdminOnNodeForStartDatanodeAdminHandler] INFO  pipeline.RatisPipelineProvider (RatisPipelineProvider.java:lambda$close$1(244)) - Send pipeline:PipelineID=9d5f0604-367d-4da6-baea-ba3d94f9a8a7 close command to datanode 1fec2e66-b36b-410d-a836-56974e80c6bf
2022-12-08 07:06:29,894 [EventQueue-StartAdminOnNodeForStartDatanodeAdminHandler] INFO  pipeline.RatisPipelineProvider (RatisPipelineProvider.java:lambda$close$1(244)) - Send pipeline:PipelineID=9d5f0604-367d-4da6-baea-ba3d94f9a8a7 close command to datanode a323b8f8-7c4d-4fe6-8663-2fcba1e99710
2022-12-08 07:06:29,894 [EventQueue-StartAdminOnNodeForStartDatanodeAdminHandler] INFO  pipeline.RatisPipelineProvider (RatisPipelineProvider.java:lambda$close$1(244)) - Send pipeline:PipelineID=9d5f0604-367d-4da6-baea-ba3d94f9a8a7 close command to datanode 624d0ae4-c5c0-4b02-bbde-b37f19cf8f9a
2022-12-08 07:06:29,895 [EventQueue-CloseContainerForCloseContainerEventHandler] INFO  container.CloseContainerEventHandler (CloseContainerEventHandler.java:onMessage(73)) - Close container Event triggered for container : #7, current state: CLOSING
2022-12-08 07:06:29,898 [EventQueue-StartAdminOnNodeForStartDatanodeAdminHandler] INFO  pipeline.PipelineStateManagerImpl (PipelineStateManagerImpl.java:removePipeline(245)) - Pipeline Pipeline[ Id: 9d5f0604-367d-4da6-baea-ba3d94f9a8a7, Nodes: 1fec2e66-b36b-410d-a836-56974e80c6bf{ip: 10.1.0.14, host: fv-az165-805.wtg55dazuvhetdvd2gpth4ys5d.dx.internal.cloudapp.net, ports: [REPLICATION=42005, RATIS=40777, RATIS_ADMIN=40777, RATIS_SERVER=40777, STANDALONE=40099], networkLocation: /default-rack, certSerialId: null, persistedOpState: IN_SERVICE, persistedOpStateExpiryEpochSec: 0}a323b8f8-7c4d-4fe6-8663-2fcba1e99710{ip: 10.1.0.14, host: fv-az165-805.wtg55dazuvhetdvd2gpth4ys5d.dx.internal.cloudapp.net, ports: [REPLICATION=34875, RATIS=38689, RATIS_ADMIN=38689, RATIS_SERVER=38689, STANDALONE=41587], networkLocation: /default-rack, certSerialId: null, persistedOpState: IN_SERVICE, persistedOpStateExpiryEpochSec: 0}624d0ae4-c5c0-4b02-bbde-b37f19cf8f9a{ip: 10.1.0.14, host: fv-az165-805.wtg55dazuvhetdvd2gpth4ys5d.dx.internal.cloudapp.net, ports: [REPLICATION=39487, RATIS=41749, RATIS_ADMIN=41749, RATIS_SERVER=41749, STANDALONE=43743], networkLocation: /default-rack, certSerialId: null, persistedOpState: IN_SERVICE, persistedOpStateExpiryEpochSec: 0}, ReplicationConfig: RATIS/THREE, State:CLOSED, leaderId:a323b8f8-7c4d-4fe6-8663-2fcba1e99710, CreationTimestamp2022-12-08T07:06:11.170Z[Etc/UTC]] removed.
2022-12-08 07:06:29,900 [EventQueue-StartAdminOnNodeForStartDatanodeAdminHandler] INFO  pipeline.PipelineManagerImpl (PipelineManagerImpl.java:closeContainersForPipeline(421)) - Container #5 closed for pipeline=PipelineID=115f7ab8-46a7-45b4-ae00-c1e81b18881d
2022-12-08 07:06:29,905 [EventQueue-StartAdminOnNodeForStartDatanodeAdminHandler] INFO  pipeline.PipelineManagerImpl (PipelineManagerImpl.java:closePipeline(442)) - Pipeline Pipeline[ Id: 115f7ab8-46a7-45b4-ae00-c1e81b18881d, Nodes: 1fec2e66-b36b-410d-a836-56974e80c6bf{ip: 10.1.0.14, host: fv-az165-805.wtg55dazuvhetdvd2gpth4ys5d.dx.internal.cloudapp.net, ports: [REPLICATION=42005, RATIS=40777, RATIS_ADMIN=40777, RATIS_SERVER=40777, STANDALONE=40099], networkLocation: /default-rack, certSerialId: null, persistedOpState: null, persistedOpStateExpiryEpochSec: 0}624d0ae4-c5c0-4b02-bbde-b37f19cf8f9a{ip: 10.1.0.14, host: fv-az165-805.wtg55dazuvhetdvd2gpth4ys5d.dx.internal.cloudapp.net, ports: [REPLICATION=39487, RATIS=41749, RATIS_ADMIN=41749, RATIS_SERVER=41749, STANDALONE=43743], networkLocation: /default-rack, certSerialId: null, persistedOpState: null, persistedOpStateExpiryEpochSec: 0}f4ffb4f0-97dc-4c31-9ebf-2914332a538f{ip: 10.1.0.14, host: fv-az165-805.wtg55dazuvhetdvd2gpth4ys5d.dx.internal.cloudapp.net, ports: [REPLICATION=33383, RATIS=34119, RATIS_ADMIN=34119, RATIS_SERVER=34119, STANDALONE=42873], networkLocation: /default-rack, certSerialId: null, persistedOpState: null, persistedOpStateExpiryEpochSec: 0}6eec9aac-ee1b-4e1e-837d-d3cab734710b{ip: 10.1.0.14, host: fv-az165-805.wtg55dazuvhetdvd2gpth4ys5d.dx.internal.cloudapp.net, ports: [REPLICATION=35375, RATIS=33309, RATIS_ADMIN=33309, RATIS_SERVER=33309, STANDALONE=43585], networkLocation: /default-rack, certSerialId: null, persistedOpState: null, persistedOpStateExpiryEpochSec: 0}a323b8f8-7c4d-4fe6-8663-2fcba1e99710{ip: 10.1.0.14, host: fv-az165-805.wtg55dazuvhetdvd2gpth4ys5d.dx.internal.cloudapp.net, ports: [REPLICATION=34875, RATIS=38689, RATIS_ADMIN=38689, RATIS_SERVER=38689, STANDALONE=41587], networkLocation: /default-rack, certSerialId: null, persistedOpState: null, persistedOpStateExpiryEpochSec: 0}, ReplicationConfig: EC/ECReplicationConfig{data=3, parity=2, ecChunkSize=1048576, codec=rs}, State:OPEN, leaderId:, CreationTimestamp2022-12-08T07:06:25.118Z[Etc/UTC]] moved to CLOSED state
2022-12-08 07:06:29,905 [EventQueue-StartAdminOnNodeForStartDatanodeAdminHandler] INFO  pipeline.PipelineStateManagerImpl (PipelineStateManagerImpl.java:removePipeline(245)) - Pipeline Pipeline[ Id: 115f7ab8-46a7-45b4-ae00-c1e81b18881d, Nodes: 1fec2e66-b36b-410d-a836-56974e80c6bf{ip: 10.1.0.14, host: fv-az165-805.wtg55dazuvhetdvd2gpth4ys5d.dx.internal.cloudapp.net, ports: [REPLICATION=42005, RATIS=40777, RATIS_ADMIN=40777, RATIS_SERVER=40777, STANDALONE=40099], networkLocation: /default-rack, certSerialId: null, persistedOpState: null, persistedOpStateExpiryEpochSec: 0}624d0ae4-c5c0-4b02-bbde-b37f19cf8f9a{ip: 10.1.0.14, host: fv-az165-805.wtg55dazuvhetdvd2gpth4ys5d.dx.internal.cloudapp.net, ports: [REPLICATION=39487, RATIS=41749, RATIS_ADMIN=41749, RATIS_SERVER=41749, STANDALONE=43743], networkLocation: /default-rack, certSerialId: null, persistedOpState: null, persistedOpStateExpiryEpochSec: 0}f4ffb4f0-97dc-4c31-9ebf-2914332a538f{ip: 10.1.0.14, host: fv-az165-805.wtg55dazuvhetdvd2gpth4ys5d.dx.internal.cloudapp.net, ports: [REPLICATION=33383, RATIS=34119, RATIS_ADMIN=34119, RATIS_SERVER=34119, STANDALONE=42873], networkLocation: /default-rack, certSerialId: null, persistedOpState: null, persistedOpStateExpiryEpochSec: 0}6eec9aac-ee1b-4e1e-837d-d3cab734710b{ip: 10.1.0.14, host: fv-az165-805.wtg55dazuvhetdvd2gpth4ys5d.dx.internal.cloudapp.net, ports: [REPLICATION=35375, RATIS=33309, RATIS_ADMIN=33309, RATIS_SERVER=33309, STANDALONE=43585], networkLocation: /default-rack, certSerialId: null, persistedOpState: null, persistedOpStateExpiryEpochSec: 0}a323b8f8-7c4d-4fe6-8663-2fcba1e99710{ip: 10.1.0.14, host: fv-az165-805.wtg55dazuvhetdvd2gpth4ys5d.dx.internal.cloudapp.net, ports: [REPLICATION=34875, RATIS=38689, RATIS_ADMIN=38689, RATIS_SERVER=38689, STANDALONE=41587], networkLocation: /default-rack, certSerialId: null, persistedOpState: null, persistedOpStateExpiryEpochSec: 0}, ReplicationConfig: EC/ECReplicationConfig{data=3, parity=2, ecChunkSize=1048576, codec=rs}, State:CLOSED, leaderId:, CreationTimestamp2022-12-08T07:06:25.118Z[Etc/UTC]] removed.
2022-12-08 07:06:29,908 [EventQueue-CloseContainerForCloseContainerEventHandler] INFO  container.CloseContainerEventHandler (CloseContainerEventHandler.java:onMessage(73)) - Close container Event triggered for container : #1, current state: CLOSING
2022-12-08 07:06:29,909 [EventQueue-CloseContainerForCloseContainerEventHandler] INFO  container.CloseContainerEventHandler (CloseContainerEventHandler.java:onMessage(73)) - Close container Event triggered for container : #2, current state: CLOSING
2022-12-08 07:06:29,910 [EventQueue-CloseContainerForCloseContainerEventHandler] INFO  container.CloseContainerEventHandler (CloseContainerEventHandler.java:onMessage(73)) - Close container Event triggered for container : #3, current state: CLOSING
2022-12-08 07:06:29,910 [EventQueue-StartAdminOnNodeForStartDatanodeAdminHandler] INFO  pipeline.PipelineManagerImpl (PipelineManagerImpl.java:closeContainersForPipeline(421)) - Container #4 closed for pipeline=PipelineID=4fb460ec-a727-4dcc-a8e2-50716312cdfe
2022-12-08 07:06:29,914 [EventQueue-CloseContainerForCloseContainerEventHandler] INFO  container.CloseContainerEventHandler (CloseContainerEventHandler.java:onMessage(73)) - Close container Event triggered for container : #5, current state: CLOSING
2022-12-08 07:06:29,915 [EventQueue-CommandQueueReportForCommandQueueReportHandler] WARN  events.EventQueue (EventQueue.java:fireEvent(216)) - No event handler registered for event TypedEvent{payloadType=DatanodeDetails, name='Datanode_Command_Queue_Updated'}
2022-12-08 07:06:29,930 [EventQueue-StartAdminOnNodeForStartDatanodeAdminHandler] INFO  pipeline.PipelineManagerImpl (PipelineManagerImpl.java:closePipeline(442)) - Pipeline Pipeline[ Id: 4fb460ec-a727-4dcc-a8e2-50716312cdfe, Nodes: 1fec2e66-b36b-410d-a836-56974e80c6bf{ip: 10.1.0.14, host: fv-az165-805.wtg55dazuvhetdvd2gpth4ys5d.dx.internal.cloudapp.net, ports: [REPLICATION=42005, RATIS=40777, RATIS_ADMIN=40777, RATIS_SERVER=40777, STANDALONE=40099], networkLocation: /default-rack, certSerialId: null, persistedOpState: null, persistedOpStateExpiryEpochSec: 0}624d0ae4-c5c0-4b02-bbde-b37f19cf8f9a{ip: 10.1.0.14, host: fv-az165-805.wtg55dazuvhetdvd2gpth4ys5d.dx.internal.cloudapp.net, ports: [REPLICATION=39487, RATIS=41749, RATIS_ADMIN=41749, RATIS_SERVER=41749, STANDALONE=43743], networkLocation: /default-rack, certSerialId: null, persistedOpState: null, persistedOpStateExpiryEpochSec: 0}6eec9aac-ee1b-4e1e-837d-d3cab734710b{ip: 10.1.0.14, host: fv-az165-805.wtg55dazuvhetdvd2gpth4ys5d.dx.internal.cloudapp.net, ports: [REPLICATION=35375, RATIS=33309, RATIS_ADMIN=33309, RATIS_SERVER=33309, STANDALONE=43585], networkLocation: /default-rack, certSerialId: null, persistedOpState: null, persistedOpStateExpiryEpochSec: 0}a323b8f8-7c4d-4fe6-8663-2fcba1e99710{ip: 10.1.0.14, host: fv-az165-805.wtg55dazuvhetdvd2gpth4ys5d.dx.internal.cloudapp.net, ports: [REPLICATION=34875, RATIS=38689, RATIS_ADMIN=38689, RATIS_SERVER=38689, STANDALONE=41587], networkLocation: /default-rack, certSerialId: null, persistedOpState: null, persistedOpStateExpiryEpochSec: 0}e288a489-637a-4316-af43-30866b2c8bfc{ip: 10.1.0.14, host: fv-az165-805.wtg55dazuvhetdvd2gpth4ys5d.dx.internal.cloudapp.net, ports: [REPLICATION=39261, RATIS=36389, RATIS_ADMIN=36389, RATIS_SERVER=36389, STANDALONE=35147], networkLocation: /default-rack, certSerialId: null, persistedOpState: null, persistedOpStateExpiryEpochSec: 0}, ReplicationConfig: EC/ECReplicationConfig{data=3, parity=2, ecChunkSize=1048576, codec=rs}, State:OPEN, leaderId:, CreationTimestamp2022-12-08T07:06:24.466Z[Etc/UTC]] moved to CLOSED state
2022-12-08 07:06:29,930 [EventQueue-CloseContainerForCloseContainerEventHandler] INFO  container.CloseContainerEventHandler (CloseContainerEventHandler.java:onMessage(73)) - Close container Event triggered for container : #4, current state: CLOSING
2022-12-08 07:06:29,935 [EventQueue-StartAdminOnNodeForStartDatanodeAdminHandler] INFO  pipeline.PipelineStateManagerImpl (PipelineStateManagerImpl.java:removePipeline(245)) - Pipeline Pipeline[ Id: 4fb460ec-a727-4dcc-a8e2-50716312cdfe, Nodes: 1fec2e66-b36b-410d-a836-56974e80c6bf{ip: 10.1.0.14, host: fv-az165-805.wtg55dazuvhetdvd2gpth4ys5d.dx.internal.cloudapp.net, ports: [REPLICATION=42005, RATIS=40777, RATIS_ADMIN=40777, RATIS_SERVER=40777, STANDALONE=40099], networkLocation: /default-rack, certSerialId: null, persistedOpState: null, persistedOpStateExpiryEpochSec: 0}624d0ae4-c5c0-4b02-bbde-b37f19cf8f9a{ip: 10.1.0.14, host: fv-az165-805.wtg55dazuvhetdvd2gpth4ys5d.dx.internal.cloudapp.net, ports: [REPLICATION=39487, RATIS=41749, RATIS_ADMIN=41749, RATIS_SERVER=41749, STANDALONE=43743], networkLocation: /default-rack, certSerialId: null, persistedOpState: null, persistedOpStateExpiryEpochSec: 0}6eec9aac-ee1b-4e1e-837d-d3cab734710b{ip: 10.1.0.14, host: fv-az165-805.wtg55dazuvhetdvd2gpth4ys5d.dx.internal.cloudapp.net, ports: [REPLICATION=35375, RATIS=33309, RATIS_ADMIN=33309, RATIS_SERVER=33309, STANDALONE=43585], networkLocation: /default-rack, certSerialId: null, persistedOpState: null, persistedOpStateExpiryEpochSec: 0}a323b8f8-7c4d-4fe6-8663-2fcba1e99710{ip: 10.1.0.14, host: fv-az165-805.wtg55dazuvhetdvd2gpth4ys5d.dx.internal.cloudapp.net, ports: [REPLICATION=34875, RATIS=38689, RATIS_ADMIN=38689, RATIS_SERVER=38689, STANDALONE=41587], networkLocation: /default-rack, certSerialId: null, persistedOpState: null, persistedOpStateExpiryEpochSec: 0}e288a489-637a-4316-af43-30866b2c8bfc{ip: 10.1.0.14, host: fv-az165-805.wtg55dazuvhetdvd2gpth4ys5d.dx.internal.cloudapp.net, ports: [REPLICATION=39261, RATIS=36389, RATIS_ADMIN=36389, RATIS_SERVER=36389, STANDALONE=35147], networkLocation: /default-rack, certSerialId: null, persistedOpState: null, persistedOpStateExpiryEpochSec: 0}, ReplicationConfig: EC/ECReplicationConfig{data=3, parity=2, ecChunkSize=1048576, codec=rs}, State:CLOSED, leaderId:, CreationTimestamp2022-12-08T07:06:24.466Z[Etc/UTC]] removed.
2022-12-08 07:06:29,936 [EventQueue-StartAdminOnNodeForStartDatanodeAdminHandler] INFO  pipeline.PipelineManagerImpl (PipelineManagerImpl.java:closePipeline(442)) - Pipeline Pipeline[ Id: 3370344d-1ee3-4417-a94a-63a4591fc1d5, Nodes: 1fec2e66-b36b-410d-a836-56974e80c6bf{ip: 10.1.0.14, host: fv-az165-805.wtg55dazuvhetdvd2gpth4ys5d.dx.internal.cloudapp.net, ports: [REPLICATION=42005, RATIS=40777, RATIS_ADMIN=40777, RATIS_SERVER=40777, STANDALONE=40099], networkLocation: /default-rack, certSerialId: null, persistedOpState: IN_SERVICE, persistedOpStateExpiryEpochSec: 0}, ReplicationConfig: RATIS/ONE, State:OPEN, leaderId:1fec2e66-b36b-410d-a836-56974e80c6bf, CreationTimestamp2022-12-08T07:06:11.164Z[Etc/UTC]] moved to CLOSED state
2022-12-08 07:06:29,937 [EventQueue-StartAdminOnNodeForStartDatanodeAdminHandler] INFO  pipeline.RatisPipelineProvider (RatisPipelineProvider.java:lambda$close$1(244)) - Send pipeline:PipelineID=3370344d-1ee3-4417-a94a-63a4591fc1d5 close command to datanode 1fec2e66-b36b-410d-a836-56974e80c6bf
2022-12-08 07:06:29,938 [EventQueue-StartAdminOnNodeForStartDatanodeAdminHandler] INFO  pipeline.PipelineStateManagerImpl (PipelineStateManagerImpl.java:removePipeline(245)) - Pipeline Pipeline[ Id: 3370344d-1ee3-4417-a94a-63a4591fc1d5, Nodes: 1fec2e66-b36b-410d-a836-56974e80c6bf{ip: 10.1.0.14, host: fv-az165-805.wtg55dazuvhetdvd2gpth4ys5d.dx.internal.cloudapp.net, ports: [REPLICATION=42005, RATIS=40777, RATIS_ADMIN=40777, RATIS_SERVER=40777, STANDALONE=40099], networkLocation: /default-rack, certSerialId: null, persistedOpState: IN_SERVICE, persistedOpStateExpiryEpochSec: 0}, ReplicationConfig: RATIS/ONE, State:CLOSED, leaderId:1fec2e66-b36b-410d-a836-56974e80c6bf, CreationTimestamp2022-12-08T07:06:11.164Z[Etc/UTC]] removed.
2022-12-08 07:06:29,940 [EventQueue-CloseContainerForCloseContainerEventHandler] INFO  container.CloseContainerEventHandler (CloseContainerEventHandler.java:onMessage(73)) - Close container Event triggered for container : #8, current state: CLOSING
2022-12-08 07:06:29,941 [EventQueue-StartAdminOnNodeForStartDatanodeAdminHandler] INFO  pipeline.PipelineManagerImpl (PipelineManagerImpl.java:closeContainersForPipeline(421)) - Container #8 closed for pipeline=PipelineID=a640ea80-9452-4494-915a-c71dcf1c90b2
2022-12-08 07:06:29,942 [EventQueue-StartAdminOnNodeForStartDatanodeAdminHandler] INFO  pipeline.PipelineManagerImpl (PipelineManagerImpl.java:closePipeline(442)) - Pipeline Pipeline[ Id: a640ea80-9452-4494-915a-c71dcf1c90b2, Nodes: a323b8f8-7c4d-4fe6-8663-2fcba1e99710{ip: 10.1.0.14, host: fv-az165-805.wtg55dazuvhetdvd2gpth4ys5d.dx.internal.cloudapp.net, ports: [REPLICATION=34875, RATIS=38689, RATIS_ADMIN=38689, RATIS_SERVER=38689, STANDALONE=41587], networkLocation: /default-rack, certSerialId: null, persistedOpState: null, persistedOpStateExpiryEpochSec: 0}1fec2e66-b36b-410d-a836-56974e80c6bf{ip: 10.1.0.14, host: fv-az165-805.wtg55dazuvhetdvd2gpth4ys5d.dx.internal.cloudapp.net, ports: [REPLICATION=42005, RATIS=40777, RATIS_ADMIN=40777, RATIS_SERVER=40777, STANDALONE=40099], networkLocation: /default-rack, certSerialId: null, persistedOpState: null, persistedOpStateExpiryEpochSec: 0}aa703a63-3c65-4215-94e9-ba864e506dd9{ip: 10.1.0.14, host: fv-az165-805.wtg55dazuvhetdvd2gpth4ys5d.dx.internal.cloudapp.net, ports: [REPLICATION=38971, RATIS=39791, RATIS_ADMIN=39791, RATIS_SERVER=39791, STANDALONE=40597], networkLocation: /default-rack, certSerialId: null, persistedOpState: null, persistedOpStateExpiryEpochSec: 0}624d0ae4-c5c0-4b02-bbde-b37f19cf8f9a{ip: 10.1.0.14, host: fv-az165-805.wtg55dazuvhetdvd2gpth4ys5d.dx.internal.cloudapp.net, ports: [REPLICATION=39487, RATIS=41749, RATIS_ADMIN=41749, RATIS_SERVER=41749, STANDALONE=43743], networkLocation: /default-rack, certSerialId: null, persistedOpState: null, persistedOpStateExpiryEpochSec: 0}f4ffb4f0-97dc-4c31-9ebf-2914332a538f{ip: 10.1.0.14, host: fv-az165-805.wtg55dazuvhetdvd2gpth4ys5d.dx.internal.cloudapp.net, ports: [REPLICATION=33383, RATIS=34119, RATIS_ADMIN=34119, RATIS_SERVER=34119, STANDALONE=42873], networkLocation: /default-rack, certSerialId: null, persistedOpState: null, persistedOpStateExpiryEpochSec: 0}, ReplicationConfig: EC/ECReplicationConfig{data=3, parity=2, ecChunkSize=1048576, codec=rs}, State:OPEN, leaderId:, CreationTimestamp2022-12-08T07:06:26.026Z[Etc/UTC]] moved to CLOSED state
2022-12-08 07:06:29,942 [EventQueue-StartAdminOnNodeForStartDatanodeAdminHandler] INFO  pipeline.PipelineStateManagerImpl (PipelineStateManagerImpl.java:removePipeline(245)) - Pipeline Pipeline[ Id: a640ea80-9452-4494-915a-c71dcf1c90b2, Nodes: a323b8f8-7c4d-4fe6-8663-2fcba1e99710{ip: 10.1.0.14, host: fv-az165-805.wtg55dazuvhetdvd2gpth4ys5d.dx.internal.cloudapp.net, ports: [REPLICATION=34875, RATIS=38689, RATIS_ADMIN=38689, RATIS_SERVER=38689, STANDALONE=41587], networkLocation: /default-rack, certSerialId: null, persistedOpState: null, persistedOpStateExpiryEpochSec: 0}1fec2e66-b36b-410d-a836-56974e80c6bf{ip: 10.1.0.14, host: fv-az165-805.wtg55dazuvhetdvd2gpth4ys5d.dx.internal.cloudapp.net, ports: [REPLICATION=42005, RATIS=40777, RATIS_ADMIN=40777, RATIS_SERVER=40777, STANDALONE=40099], networkLocation: /default-rack, certSerialId: null, persistedOpState: null, persistedOpStateExpiryEpochSec: 0}aa703a63-3c65-4215-94e9-ba864e506dd9{ip: 10.1.0.14, host: fv-az165-805.wtg55dazuvhetdvd2gpth4ys5d.dx.internal.cloudapp.net, ports: [REPLICATION=38971, RATIS=39791, RATIS_ADMIN=39791, RATIS_SERVER=39791, STANDALONE=40597], networkLocation: /default-rack, certSerialId: null, persistedOpState: null, persistedOpStateExpiryEpochSec: 0}624d0ae4-c5c0-4b02-bbde-b37f19cf8f9a{ip: 10.1.0.14, host: fv-az165-805.wtg55dazuvhetdvd2gpth4ys5d.dx.internal.cloudapp.net, ports: [REPLICATION=39487, RATIS=41749, RATIS_ADMIN=41749, RATIS_SERVER=41749, STANDALONE=43743], networkLocation: /default-rack, certSerialId: null, persistedOpState: null, persistedOpStateExpiryEpochSec: 0}f4ffb4f0-97dc-4c31-9ebf-2914332a538f{ip: 10.1.0.14, host: fv-az165-805.wtg55dazuvhetdvd2gpth4ys5d.dx.internal.cloudapp.net, ports: [REPLICATION=33383, RATIS=34119, RATIS_ADMIN=34119, RATIS_SERVER=34119, STANDALONE=42873], networkLocation: /default-rack, certSerialId: null, persistedOpState: null, persistedOpStateExpiryEpochSec: 0}, ReplicationConfig: EC/ECReplicationConfig{data=3, parity=2, ecChunkSize=1048576, codec=rs}, State:CLOSED, leaderId:, CreationTimestamp2022-12-08T07:06:26.026Z[Etc/UTC]] removed.
2022-12-08 07:06:30,001 [ReplicationMonitor] INFO  replication.ReplicationManager (ReplicationManager.java:processAll(323)) - Replication Manager is not ready to run until 3000ms after safemode exit
2022-12-08 07:06:30,002 [EventQueue-CommandQueueReportForCommandQueueReportHandler] WARN  events.EventQueue (EventQueue.java:fireEvent(216)) - No event handler registered for event TypedEvent{payloadType=DatanodeDetails, name='Datanode_Command_Queue_Updated'}
2022-12-08 07:06:30,117 [EventQueue-CommandQueueReportForCommandQueueReportHandler] WARN  events.EventQueue (EventQueue.java:fireEvent(216)) - No event handler registered for event TypedEvent{payloadType=DatanodeDetails, name='Datanode_Command_Queue_Updated'}
2022-12-08 07:06:30,141 [EventQueue-CommandQueueReportForCommandQueueReportHandler] WARN  events.EventQueue (EventQueue.java:fireEvent(216)) - No event handler registered for event TypedEvent{payloadType=DatanodeDetails, name='Datanode_Command_Queue_Updated'}
2022-12-08 07:06:30,148 [Listener at 127.0.0.1/38067] INFO  handler.ContextHandler (ContextHandler.java:doStart(921)) - Started o.e.j.w.WebAppContext@7bf9344{hddsDatanode,/,file:///tmp/jetty-0_0_0_0-34487-hdds-container-service-1_3_0-SNAPSHOT_jar-_-any-572267479102002666/webapp/,AVAILABLE}{jar:file:/home/runner/.m2/repository/org/apache/ozone/hdds-container-service/1.3.0-SNAPSHOT/hdds-container-service-1.3.0-SNAPSHOT.jar!/webapps/hddsDatanode}
2022-12-08 07:06:30,153 [EventQueue-CommandQueueReportForCommandQueueReportHandler] WARN  events.EventQueue (EventQueue.java:fireEvent(216)) - No event handler registered for event TypedEvent{payloadType=DatanodeDetails, name='Datanode_Command_Queue_Updated'}
2022-12-08 07:06:30,153 [EventQueue-PipelineReportForPipelineReportHandler] INFO  pipeline.PipelineReportHandler (PipelineReportHandler.java:processPipelineReport(115)) - Reported pipeline PipelineID=9d5f0604-367d-4da6-baea-ba3d94f9a8a7 is not found
2022-12-08 07:06:30,159 [Listener at 127.0.0.1/38067] INFO  server.AbstractConnector (AbstractConnector.java:doStart(333)) - Started ServerConnector@3aee326f{HTTP/1.1, (http/1.1)}{0.0.0.0:34487}
2022-12-08 07:06:30,159 [Listener at 127.0.0.1/38067] INFO  server.Server (Server.java:doStart(415)) - Started @35623ms
2022-12-08 07:06:30,159 [Listener at 127.0.0.1/38067] WARN  impl.MetricsSystemImpl (MetricsSystemImpl.java:register(279)) - Sink prometheus already exists!
2022-12-08 07:06:30,162 [Listener at 127.0.0.1/38067] INFO  http.BaseHttpServer (BaseHttpServer.java:updateConnectorAddress(333)) - HTTP server of hddsDatanode listening at http://0.0.0.0:34487
2022-12-08 07:06:30,165 [Listener at 127.0.0.1/38067] INFO  ozone.MiniOzoneClusterImpl (MiniOzoneClusterImpl.java:lambda$waitForClusterToBeReady$0(216)) - Waiting for nodes to be ready. Got 1 of 7 DN Heartbeats.
2022-12-08 07:06:30,165 [Listener at 127.0.0.1/38067] INFO  ozone.MiniOzoneClusterImpl (MiniOzoneClusterImpl.java:lambda$waitForClusterToBeReady$0(219)) - Waiting for cluster to exit safe mode
2022-12-08 07:06:30,165 [Listener at 127.0.0.1/38067] INFO  ozone.MiniOzoneClusterImpl (MiniOzoneClusterImpl.java:lambda$waitForClusterToBeReady$0(221)) - SCM became leader
2022-12-08 07:06:30,165 [Datanode State Machine Daemon Thread] INFO  statemachine.DatanodeStateMachine (DatanodeStateMachine.java:lambda$startDaemon$0(505)) - Ozone container server started.
2022-12-08 07:06:30,193 [org.apache.hadoop.util.JvmPauseMonitor$Monitor@179a3e5b] INFO  util.JvmPauseMonitor (JvmPauseMonitor.java:run(188)) - Starting JVM pause monitor
2022-12-08 07:06:30,201 [Datanode State Machine Task Thread - 0] INFO  datanode.InitDatanodeState (InitDatanodeState.java:persistContainerDatanodeDetails(138)) - DatanodeDetails is persisted to /home/runner/work/ozone/ozone/hadoop-ozone/integration-test/target/test-dir/MiniOzoneClusterImpl-510a2802-165a-4ebd-9ade-f7b35b2c34f6/datanode-6/meta/datanode.id
2022-12-08 07:06:30,222 [IPC Server handler 12 on default port 38075] INFO  node.SCMNodeManager (SCMNodeManager.java:updateDatanodeOpState(545)) - Scheduling a command to update the operationalState persisted on 1fec2e66-b36b-410d-a836-56974e80c6bf{ip: 10.1.0.14, host: fv-az165-805.wtg55dazuvhetdvd2gpth4ys5d.dx.internal.cloudapp.net, ports: [REPLICATION=42005, RATIS=40777, RATIS_ADMIN=40777, RATIS_SERVER=40777, STANDALONE=40099], networkLocation: /default-rack, certSerialId: null, persistedOpState: null, persistedOpStateExpiryEpochSec: 0} as the reported value does not match the value stored in SCM (DECOMMISSIONING, 0)
2022-12-08 07:06:30,222 [EventQueue-CommandQueueReportForCommandQueueReportHandler] WARN  events.EventQueue (EventQueue.java:fireEvent(216)) - No event handler registered for event TypedEvent{payloadType=DatanodeDetails, name='Datanode_Command_Queue_Updated'}
2022-12-08 07:06:30,223 [EventQueue-PipelineReportForPipelineReportHandler] INFO  pipeline.PipelineReportHandler (PipelineReportHandler.java:processPipelineReport(115)) - Reported pipeline PipelineID=9d5f0604-367d-4da6-baea-ba3d94f9a8a7 is not found
2022-12-08 07:06:30,224 [EventQueue-PipelineReportForPipelineReportHandler] INFO  pipeline.PipelineReportHandler (PipelineReportHandler.java:processPipelineReport(115)) - Reported pipeline PipelineID=3370344d-1ee3-4417-a94a-63a4591fc1d5 is not found
2022-12-08 07:06:30,256 [IPC Server handler 2 on default port 43949] INFO  net.NetworkTopologyImpl (NetworkTopologyImpl.java:add(112)) - Added a new node: /default-rack/dc0237ef-1609-4756-90d6-b66d262b465e
2022-12-08 07:06:30,256 [IPC Server handler 2 on default port 43949] INFO  node.SCMNodeManager (SCMNodeManager.java:register(397)) - Registered Data node : dc0237ef-1609-4756-90d6-b66d262b465e{ip: 10.1.0.14, host: fv-az165-805.wtg55dazuvhetdvd2gpth4ys5d.dx.internal.cloudapp.net, ports: [REPLICATION=34201, RATIS=46665, RATIS_ADMIN=46665, RATIS_SERVER=46665, STANDALONE=35881], networkLocation: /default-rack, certSerialId: null, persistedOpState: null, persistedOpStateExpiryEpochSec: 0}
2022-12-08 07:06:30,257 [EventQueue-NewNodeForNewNodeHandler] INFO  pipeline.BackgroundPipelineCreator (BackgroundPipelineCreator.java:notifyEventTriggered(276)) - trigger a one-shot run on RatisPipelineUtilsThread.
2022-12-08 07:06:30,260 [RatisPipelineUtilsThread - 0] INFO  pipeline.RatisPipelineProvider (RatisPipelineProvider.java:lambda$create$0(195)) - Sending CreatePipelineCommand for pipeline:PipelineID=cab3f5b2-d084-4b68-9f2f-29ee28260caf to datanode:dc0237ef-1609-4756-90d6-b66d262b465e
2022-12-08 07:06:30,261 [Over Replicated Processor] INFO  replication.OverReplicatedProcessor (OverReplicatedProcessor.java:processAll(79)) - Processed 0 over replicated containers, failed processing 0
2022-12-08 07:06:30,261 [EndpointStateMachine task thread for /0.0.0.0:43949 - 0 ] INFO  utils.DatanodeStoreCache (DatanodeStoreCache.java:addDB(58)) - Added db /home/runner/work/ozone/ozone/hadoop-ozone/integration-test/target/test-dir/MiniOzoneClusterImpl-510a2802-165a-4ebd-9ade-f7b35b2c34f6/datanode-3/data-0/containers/hdds/510a2802-165a-4ebd-9ade-f7b35b2c34f6/DS-9ffce71d-e953-4771-bb10-783d963c6970/container.db to cache
2022-12-08 07:06:30,261 [EndpointStateMachine task thread for /0.0.0.0:43949 - 0 ] INFO  volume.HddsVolume (HddsVolume.java:createDbStore(307)) - SchemaV3 db is created and loaded at /home/runner/work/ozone/ozone/hadoop-ozone/integration-test/target/test-dir/MiniOzoneClusterImpl-510a2802-165a-4ebd-9ade-f7b35b2c34f6/datanode-3/data-0/containers/hdds/510a2802-165a-4ebd-9ade-f7b35b2c34f6/DS-9ffce71d-e953-4771-bb10-783d963c6970/container.db for volume DS-9ffce71d-e953-4771-bb10-783d963c6970
2022-12-08 07:06:30,262 [EndpointStateMachine task thread for /0.0.0.0:43949 - 0 ] INFO  ozoneimpl.OzoneContainer (OzoneContainer.java:start(395)) - Attempting to start container services.
2022-12-08 07:06:30,262 [EndpointStateMachine task thread for /0.0.0.0:43949 - 0 ] INFO  ozoneimpl.OzoneContainer (OzoneContainer.java:startContainerScrub(312)) - Scheduled background container scanners and the on-demand container scanner have been disabled.
2022-12-08 07:06:30,266 [EventQueue-NodeRegistrationContainerReportForDataNodeSafeModeRule] INFO  safemode.SCMSafeModeManager (DataNodeSafeModeRule.java:process(71)) - SCM in safe mode. 2 DataNodes registered, 3 required.
2022-12-08 07:06:30,267 [EndpointStateMachine task thread for /0.0.0.0:43949 - 0 ] INFO  replication.ReplicationServer (ReplicationServer.java:start(111)) - ReplicationServer is started using port 44913
2022-12-08 07:06:30,276 [EventQueue-CommandQueueReportForCommandQueueReportHandler] WARN  events.EventQueue (EventQueue.java:fireEvent(216)) - No event handler registered for event TypedEvent{payloadType=DatanodeDetails, name='Datanode_Command_Queue_Updated'}
2022-12-08 07:06:30,279 [RatisPipelineUtilsThread - 0] INFO  pipeline.PipelineStateManagerImpl (PipelineStateManagerImpl.java:addPipeline(103)) - Created pipeline Pipeline[ Id: cab3f5b2-d084-4b68-9f2f-29ee28260caf, Nodes: dc0237ef-1609-4756-90d6-b66d262b465e{ip: 10.1.0.14, host: fv-az165-805.wtg55dazuvhetdvd2gpth4ys5d.dx.internal.cloudapp.net, ports: [REPLICATION=34201, RATIS=46665, RATIS_ADMIN=46665, RATIS_SERVER=46665, STANDALONE=35881], networkLocation: /default-rack, certSerialId: null, persistedOpState: IN_SERVICE, persistedOpStateExpiryEpochSec: 0}, ReplicationConfig: RATIS/ONE, State:ALLOCATED, leaderId:, CreationTimestamp2022-12-08T07:06:30.260Z[Etc/UTC]].
2022-12-08 07:06:30,277 [EndpointStateMachine task thread for /0.0.0.0:43949 - 0 ] INFO  ratis.XceiverServerRatis (XceiverServerRatis.java:start(481)) - Starting XceiverServerRatis f6c9fd2f-7084-461f-8c2a-824e0c2d9f6f
2022-12-08 07:06:30,292 [EndpointStateMachine task thread for /0.0.0.0:43949 - 0 ] INFO  server.RaftServer (RaftServerProxy.java:startImpl(393)) - f6c9fd2f-7084-461f-8c2a-824e0c2d9f6f: start RPC server
2022-12-08 07:06:30,294 [EndpointStateMachine task thread for /0.0.0.0:43949 - 0 ] INFO  server.GrpcService (GrpcService.java:startImpl(262)) - f6c9fd2f-7084-461f-8c2a-824e0c2d9f6f: GrpcService started, listening on 43931
2022-12-08 07:06:30,294 [EndpointStateMachine task thread for /0.0.0.0:43949 - 0 ] INFO  ratis.XceiverServerRatis (XceiverServerRatis.java:getRealPort(502)) - XceiverServerRatis f6c9fd2f-7084-461f-8c2a-824e0c2d9f6f is started using port 43931 for RATIS
2022-12-08 07:06:30,294 [EndpointStateMachine task thread for /0.0.0.0:43949 - 0 ] INFO  ratis.XceiverServerRatis (XceiverServerRatis.java:getRealPort(502)) - XceiverServerRatis f6c9fd2f-7084-461f-8c2a-824e0c2d9f6f is started using port 43931 for RATIS_ADMIN
2022-12-08 07:06:30,294 [JvmPauseMonitor12] INFO  util.JvmPauseMonitor (JvmPauseMonitor.java:run(105)) - JvmPauseMonitor-f6c9fd2f-7084-461f-8c2a-824e0c2d9f6f: Started
2022-12-08 07:06:30,295 [EndpointStateMachine task thread for /0.0.0.0:43949 - 0 ] INFO  ratis.XceiverServerRatis (XceiverServerRatis.java:getRealPort(502)) - XceiverServerRatis f6c9fd2f-7084-461f-8c2a-824e0c2d9f6f is started using port 43931 for RATIS_SERVER
2022-12-08 07:06:30,298 [EndpointStateMachine task thread for /0.0.0.0:43949 - 0 ] INFO  server.XceiverServerGrpc (XceiverServerGrpc.java:start(180)) - XceiverServerGrpc f6c9fd2f-7084-461f-8c2a-824e0c2d9f6f is started using port 41497
2022-12-08 07:06:30,299 [e288a489-637a-4316-af43-30866b2c8bfc@group-A8A841CF23D2-FollowerState] INFO  impl.FollowerState (FollowerState.java:run(143)) - e288a489-637a-4316-af43-30866b2c8bfc@group-A8A841CF23D2-FollowerState: change to CANDIDATE, lastRpcElapsedTime:5010405380ns, electionTimeout:5009ms
2022-12-08 07:06:30,299 [e288a489-637a-4316-af43-30866b2c8bfc@group-A8A841CF23D2-FollowerState] INFO  impl.RoleInfo (RoleInfo.java:shutdownFollowerState(110)) - e288a489-637a-4316-af43-30866b2c8bfc: shutdown e288a489-637a-4316-af43-30866b2c8bfc@group-A8A841CF23D2-FollowerState
2022-12-08 07:06:30,299 [e288a489-637a-4316-af43-30866b2c8bfc@group-A8A841CF23D2-FollowerState] INFO  server.RaftServer$Division (RaftServerImpl.java:setRole(321)) - e288a489-637a-4316-af43-30866b2c8bfc@group-A8A841CF23D2: changes role from  FOLLOWER to CANDIDATE at term 2 for changeToCandidate
2022-12-08 07:06:30,299 [e288a489-637a-4316-af43-30866b2c8bfc@group-A8A841CF23D2-FollowerState] INFO  server.RaftServerConfigKeys (ConfUtils.java:logGet(46)) - raft.server.leaderelection.pre-vote = false (custom)
2022-12-08 07:06:30,299 [e288a489-637a-4316-af43-30866b2c8bfc@group-A8A841CF23D2-FollowerState] INFO  impl.RoleInfo (RoleInfo.java:updateAndGet(139)) - e288a489-637a-4316-af43-30866b2c8bfc: start e288a489-637a-4316-af43-30866b2c8bfc@group-A8A841CF23D2-LeaderElection13
2022-12-08 07:06:30,312 [e288a489-637a-4316-af43-30866b2c8bfc@group-A8A841CF23D2-LeaderElection13] INFO  impl.LeaderElection (LeaderElection.java:askForVotes(312)) - e288a489-637a-4316-af43-30866b2c8bfc@group-A8A841CF23D2-LeaderElection13 ELECTION round 0: submit vote requests at term 3 for -1: peers:[aa703a63-3c65-4215-94e9-ba864e506dd9|rpc:10.1.0.14:39791|priority:1|startupRole:FOLLOWER, e288a489-637a-4316-af43-30866b2c8bfc|rpc:10.1.0.14:36389|priority:0|startupRole:FOLLOWER, 6eec9aac-ee1b-4e1e-837d-d3cab734710b|rpc:10.1.0.14:33309|priority:0|startupRole:FOLLOWER]|listeners:[], old=null
2022-12-08 07:06:30,318 [grpc-default-executor-3] INFO  server.RaftServer$Division (RaftServerImpl.java:requestVote(1218)) - aa703a63-3c65-4215-94e9-ba864e506dd9@group-A8A841CF23D2: receive requestVote(ELECTION, e288a489-637a-4316-af43-30866b2c8bfc, group-A8A841CF23D2, 3, (t:0, i:0))
2022-12-08 07:06:30,319 [grpc-default-executor-3] INFO  impl.VoteContext (VoteContext.java:log(49)) - aa703a63-3c65-4215-94e9-ba864e506dd9@group-A8A841CF23D2-FOLLOWER: reject ELECTION from e288a489-637a-4316-af43-30866b2c8bfc: our priority 1 > candidate's priority 0
2022-12-08 07:06:30,319 [grpc-default-executor-3] INFO  server.RaftServer$Division (RaftServerImpl.java:setRole(321)) - aa703a63-3c65-4215-94e9-ba864e506dd9@group-A8A841CF23D2: changes role from  FOLLOWER to FOLLOWER at term 3 for candidate:e288a489-637a-4316-af43-30866b2c8bfc
2022-12-08 07:06:30,319 [grpc-default-executor-3] INFO  impl.RoleInfo (RoleInfo.java:shutdownFollowerState(110)) - aa703a63-3c65-4215-94e9-ba864e506dd9: shutdown aa703a63-3c65-4215-94e9-ba864e506dd9@group-A8A841CF23D2-FollowerState
2022-12-08 07:06:30,319 [grpc-default-executor-3] INFO  impl.RoleInfo (RoleInfo.java:updateAndGet(139)) - aa703a63-3c65-4215-94e9-ba864e506dd9: start aa703a63-3c65-4215-94e9-ba864e506dd9@group-A8A841CF23D2-FollowerState
2022-12-08 07:06:30,319 [aa703a63-3c65-4215-94e9-ba864e506dd9@group-A8A841CF23D2-FollowerState] INFO  impl.FollowerState (FollowerState.java:run(152)) - aa703a63-3c65-4215-94e9-ba864e506dd9@group-A8A841CF23D2-FollowerState was interrupted
2022-12-08 07:06:30,319 [e288a489-637a-4316-af43-30866b2c8bfc@group-A8A841CF23D2-LeaderElection13] INFO  server.RaftServerConfigKeys (ConfUtils.java:logFallback(53)) - raft.server.rpc.first-election.timeout.min = 5s (fallback to raft.server.rpc.timeout.min)
2022-12-08 07:06:30,319 [e288a489-637a-4316-af43-30866b2c8bfc@group-A8A841CF23D2-LeaderElection13] INFO  server.RaftServerConfigKeys (ConfUtils.java:logFallback(53)) - raft.server.rpc.first-election.timeout.max = 5200ms (fallback to raft.server.rpc.timeout.max)
2022-12-08 07:06:30,338 [grpc-default-executor-3] INFO  server.RaftServer$Division (RaftServerImpl.java:requestVote(1251)) - aa703a63-3c65-4215-94e9-ba864e506dd9@group-A8A841CF23D2 replies to ELECTION vote request: e288a489-637a-4316-af43-30866b2c8bfc<-aa703a63-3c65-4215-94e9-ba864e506dd9#0:FAIL-t3. Peer's state: aa703a63-3c65-4215-94e9-ba864e506dd9@group-A8A841CF23D2:t3, leader=null, voted=null, raftlog=Memoized:aa703a63-3c65-4215-94e9-ba864e506dd9@group-A8A841CF23D2-SegmentedRaftLog:OPENED:c-1, conf=-1: peers:[aa703a63-3c65-4215-94e9-ba864e506dd9|rpc:10.1.0.14:39791|dataStream:|priority:1|startupRole:FOLLOWER, e288a489-637a-4316-af43-30866b2c8bfc|rpc:10.1.0.14:36389|dataStream:|priority:0|startupRole:FOLLOWER, 6eec9aac-ee1b-4e1e-837d-d3cab734710b|rpc:10.1.0.14:33309|dataStream:|priority:0|startupRole:FOLLOWER]|listeners:[], old=null
2022-12-08 07:06:30,339 [aa703a63-3c65-4215-94e9-ba864e506dd9@group-A8A841CF23D2-FollowerState] INFO  server.RaftServerConfigKeys (ConfUtils.java:logFallback(53)) - raft.server.rpc.first-election.timeout.min = 5s (fallback to raft.server.rpc.timeout.min)
2022-12-08 07:06:30,339 [grpc-default-executor-2] INFO  server.RaftServer$Division (RaftServerImpl.java:requestVote(1218)) - 6eec9aac-ee1b-4e1e-837d-d3cab734710b@group-A8A841CF23D2: receive requestVote(ELECTION, e288a489-637a-4316-af43-30866b2c8bfc, group-A8A841CF23D2, 3, (t:0, i:0))
2022-12-08 07:06:30,339 [grpc-default-executor-2] INFO  impl.VoteContext (VoteContext.java:log(49)) - 6eec9aac-ee1b-4e1e-837d-d3cab734710b@group-A8A841CF23D2-FOLLOWER: accept ELECTION from e288a489-637a-4316-af43-30866b2c8bfc: our priority 0 <= candidate's priority 0
2022-12-08 07:06:30,339 [grpc-default-executor-2] INFO  server.RaftServer$Division (RaftServerImpl.java:setRole(321)) - 6eec9aac-ee1b-4e1e-837d-d3cab734710b@group-A8A841CF23D2: changes role from  FOLLOWER to FOLLOWER at term 3 for candidate:e288a489-637a-4316-af43-30866b2c8bfc
2022-12-08 07:06:30,339 [grpc-default-executor-2] INFO  impl.RoleInfo (RoleInfo.java:shutdownFollowerState(110)) - 6eec9aac-ee1b-4e1e-837d-d3cab734710b: shutdown 6eec9aac-ee1b-4e1e-837d-d3cab734710b@group-A8A841CF23D2-FollowerState
2022-12-08 07:06:30,339 [grpc-default-executor-2] INFO  impl.RoleInfo (RoleInfo.java:updateAndGet(139)) - 6eec9aac-ee1b-4e1e-837d-d3cab734710b: start 6eec9aac-ee1b-4e1e-837d-d3cab734710b@group-A8A841CF23D2-FollowerState
2022-12-08 07:06:30,340 [6eec9aac-ee1b-4e1e-837d-d3cab734710b@group-A8A841CF23D2-FollowerState] INFO  impl.FollowerState (FollowerState.java:run(152)) - 6eec9aac-ee1b-4e1e-837d-d3cab734710b@group-A8A841CF23D2-FollowerState was interrupted
2022-12-08 07:06:30,339 [aa703a63-3c65-4215-94e9-ba864e506dd9@group-A8A841CF23D2-FollowerState] INFO  server.RaftServerConfigKeys (ConfUtils.java:logFallback(53)) - raft.server.rpc.first-election.timeout.max = 5200ms (fallback to raft.server.rpc.timeout.max)
2022-12-08 07:06:30,342 [grpc-default-executor-2] INFO  server.RaftServer$Division (RaftServerImpl.java:requestVote(1251)) - 6eec9aac-ee1b-4e1e-837d-d3cab734710b@group-A8A841CF23D2 replies to ELECTION vote request: e288a489-637a-4316-af43-30866b2c8bfc<-6eec9aac-ee1b-4e1e-837d-d3cab734710b#0:OK-t3. Peer's state: 6eec9aac-ee1b-4e1e-837d-d3cab734710b@group-A8A841CF23D2:t3, leader=null, voted=e288a489-637a-4316-af43-30866b2c8bfc, raftlog=Memoized:6eec9aac-ee1b-4e1e-837d-d3cab734710b@group-A8A841CF23D2-SegmentedRaftLog:OPENED:c-1, conf=-1: peers:[aa703a63-3c65-4215-94e9-ba864e506dd9|rpc:10.1.0.14:39791|priority:1|startupRole:FOLLOWER, e288a489-637a-4316-af43-30866b2c8bfc|rpc:10.1.0.14:36389|priority:0|startupRole:FOLLOWER, 6eec9aac-ee1b-4e1e-837d-d3cab734710b|rpc:10.1.0.14:33309|priority:0|startupRole:FOLLOWER]|listeners:[], old=null
2022-12-08 07:06:30,344 [e288a489-637a-4316-af43-30866b2c8bfc@group-A8A841CF23D2-LeaderElection13] INFO  impl.LeaderElection (LeaderElection.java:logAndReturn(90)) - e288a489-637a-4316-af43-30866b2c8bfc@group-A8A841CF23D2-LeaderElection13: ELECTION REJECTED received 2 response(s) and 0 exception(s):
2022-12-08 07:06:30,344 [e288a489-637a-4316-af43-30866b2c8bfc@group-A8A841CF23D2-LeaderElection13] INFO  impl.LeaderElection (LeaderElection.java:logAndReturn(94)) -   Response 0: e288a489-637a-4316-af43-30866b2c8bfc<-aa703a63-3c65-4215-94e9-ba864e506dd9#0:FAIL-t3
2022-12-08 07:06:30,345 [e288a489-637a-4316-af43-30866b2c8bfc@group-A8A841CF23D2-LeaderElection13] INFO  impl.LeaderElection (LeaderElection.java:logAndReturn(94)) -   Response 1: e288a489-637a-4316-af43-30866b2c8bfc<-6eec9aac-ee1b-4e1e-837d-d3cab734710b#0:OK-t3
2022-12-08 07:06:30,345 [e288a489-637a-4316-af43-30866b2c8bfc@group-A8A841CF23D2-LeaderElection13] INFO  impl.LeaderElection (LeaderElection.java:askForVotes(314)) - e288a489-637a-4316-af43-30866b2c8bfc@group-A8A841CF23D2-LeaderElection13 ELECTION round 0: result REJECTED
2022-12-08 07:06:30,345 [e288a489-637a-4316-af43-30866b2c8bfc@group-A8A841CF23D2-LeaderElection13] INFO  server.RaftServer$Division (RaftServerImpl.java:setRole(321)) - e288a489-637a-4316-af43-30866b2c8bfc@group-A8A841CF23D2: changes role from CANDIDATE to FOLLOWER at term 3 for REJECTED
2022-12-08 07:06:30,345 [e288a489-637a-4316-af43-30866b2c8bfc@group-A8A841CF23D2-LeaderElection13] INFO  impl.RoleInfo (RoleInfo.java:shutdownLeaderElection(130)) - e288a489-637a-4316-af43-30866b2c8bfc: shutdown e288a489-637a-4316-af43-30866b2c8bfc@group-A8A841CF23D2-LeaderElection13
2022-12-08 07:06:30,345 [e288a489-637a-4316-af43-30866b2c8bfc@group-A8A841CF23D2-LeaderElection13] INFO  impl.RoleInfo (RoleInfo.java:updateAndGet(139)) - e288a489-637a-4316-af43-30866b2c8bfc: start e288a489-637a-4316-af43-30866b2c8bfc@group-A8A841CF23D2-FollowerState
2022-12-08 07:06:30,358 [6eec9aac-ee1b-4e1e-837d-d3cab734710b@group-A8A841CF23D2-FollowerState] INFO  server.RaftServerConfigKeys (ConfUtils.java:logFallback(53)) - raft.server.rpc.first-election.timeout.min = 5s (fallback to raft.server.rpc.timeout.min)
2022-12-08 07:06:30,358 [6eec9aac-ee1b-4e1e-837d-d3cab734710b@group-A8A841CF23D2-FollowerState] INFO  server.RaftServerConfigKeys (ConfUtils.java:logFallback(53)) - raft.server.rpc.first-election.timeout.max = 5200ms (fallback to raft.server.rpc.timeout.max)
2022-12-08 07:06:30,358 [e288a489-637a-4316-af43-30866b2c8bfc@group-A8A841CF23D2-FollowerState] INFO  server.RaftServerConfigKeys (ConfUtils.java:logFallback(53)) - raft.server.rpc.first-election.timeout.min = 5s (fallback to raft.server.rpc.timeout.min)
2022-12-08 07:06:30,359 [e288a489-637a-4316-af43-30866b2c8bfc@group-A8A841CF23D2-FollowerState] INFO  server.RaftServerConfigKeys (ConfUtils.java:logFallback(53)) - raft.server.rpc.first-election.timeout.max = 5200ms (fallback to raft.server.rpc.timeout.max)
2022-12-08 07:06:30,822 [ReplicationMonitor] INFO  replication.LegacyReplicationManager (LegacyReplicationManager.java:sendCloseCommand(1513)) - Sending close container command for container #1 to datanode 624d0ae4-c5c0-4b02-bbde-b37f19cf8f9a{ip: 10.1.0.14, host: fv-az165-805.wtg55dazuvhetdvd2gpth4ys5d.dx.internal.cloudapp.net, ports: [REPLICATION=39487, RATIS=41749, RATIS_ADMIN=41749, RATIS_SERVER=41749, STANDALONE=43743], networkLocation: /default-rack, certSerialId: null, persistedOpState: IN_SERVICE, persistedOpStateExpiryEpochSec: 0}.
2022-12-08 07:06:30,822 [ReplicationMonitor] INFO  replication.LegacyReplicationManager (LegacyReplicationManager.java:sendCloseCommand(1513)) - Sending close container command for container #1 to datanode a323b8f8-7c4d-4fe6-8663-2fcba1e99710{ip: 10.1.0.14, host: fv-az165-805.wtg55dazuvhetdvd2gpth4ys5d.dx.internal.cloudapp.net, ports: [REPLICATION=34875, RATIS=38689, RATIS_ADMIN=38689, RATIS_SERVER=38689, STANDALONE=41587], networkLocation: /default-rack, certSerialId: null, persistedOpState: IN_SERVICE, persistedOpStateExpiryEpochSec: 0}.
2022-12-08 07:06:30,822 [ReplicationMonitor] INFO  replication.LegacyReplicationManager (LegacyReplicationManager.java:sendCloseCommand(1513)) - Sending close container command for container #1 to datanode 1fec2e66-b36b-410d-a836-56974e80c6bf{ip: 10.1.0.14, host: fv-az165-805.wtg55dazuvhetdvd2gpth4ys5d.dx.internal.cloudapp.net, ports: [REPLICATION=42005, RATIS=40777, RATIS_ADMIN=40777, RATIS_SERVER=40777, STANDALONE=40099], networkLocation: /default-rack, certSerialId: null, persistedOpState: IN_SERVICE, persistedOpStateExpiryEpochSec: 0}.
2022-12-08 07:06:30,822 [ReplicationMonitor] INFO  replication.LegacyReplicationManager (LegacyReplicationManager.java:sendCloseCommand(1513)) - Sending close container command for container #2 to datanode a323b8f8-7c4d-4fe6-8663-2fcba1e99710{ip: 10.1.0.14, host: fv-az165-805.wtg55dazuvhetdvd2gpth4ys5d.dx.internal.cloudapp.net, ports: [REPLICATION=34875, RATIS=38689, RATIS_ADMIN=38689, RATIS_SERVER=38689, STANDALONE=41587], networkLocation: /default-rack, certSerialId: null, persistedOpState: IN_SERVICE, persistedOpStateExpiryEpochSec: 0}.
2022-12-08 07:06:30,822 [ReplicationMonitor] INFO  replication.LegacyReplicationManager (LegacyReplicationManager.java:sendCloseCommand(1513)) - Sending close container command for container #2 to datanode 1fec2e66-b36b-410d-a836-56974e80c6bf{ip: 10.1.0.14, host: fv-az165-805.wtg55dazuvhetdvd2gpth4ys5d.dx.internal.cloudapp.net, ports: [REPLICATION=42005, RATIS=40777, RATIS_ADMIN=40777, RATIS_SERVER=40777, STANDALONE=40099], networkLocation: /default-rack, certSerialId: null, persistedOpState: IN_SERVICE, persistedOpStateExpiryEpochSec: 0}.
2022-12-08 07:06:30,822 [ReplicationMonitor] INFO  replication.LegacyReplicationManager (LegacyReplicationManager.java:sendCloseCommand(1513)) - Sending close container command for container #2 to datanode 624d0ae4-c5c0-4b02-bbde-b37f19cf8f9a{ip: 10.1.0.14, host: fv-az165-805.wtg55dazuvhetdvd2gpth4ys5d.dx.internal.cloudapp.net, ports: [REPLICATION=39487, RATIS=41749, RATIS_ADMIN=41749, RATIS_SERVER=41749, STANDALONE=43743], networkLocation: /default-rack, certSerialId: null, persistedOpState: IN_SERVICE, persistedOpStateExpiryEpochSec: 0}.
2022-12-08 07:06:30,822 [ReplicationMonitor] INFO  replication.LegacyReplicationManager (LegacyReplicationManager.java:sendCloseCommand(1513)) - Sending close container command for container #3 to datanode 624d0ae4-c5c0-4b02-bbde-b37f19cf8f9a{ip: 10.1.0.14, host: fv-az165-805.wtg55dazuvhetdvd2gpth4ys5d.dx.internal.cloudapp.net, ports: [REPLICATION=39487, RATIS=41749, RATIS_ADMIN=41749, RATIS_SERVER=41749, STANDALONE=43743], networkLocation: /default-rack, certSerialId: null, persistedOpState: IN_SERVICE, persistedOpStateExpiryEpochSec: 0}.
2022-12-08 07:06:30,822 [ReplicationMonitor] INFO  replication.LegacyReplicationManager (LegacyReplicationManager.java:sendCloseCommand(1513)) - Sending close container command for container #3 to datanode a323b8f8-7c4d-4fe6-8663-2fcba1e99710{ip: 10.1.0.14, host: fv-az165-805.wtg55dazuvhetdvd2gpth4ys5d.dx.internal.cloudapp.net, ports: [REPLICATION=34875, RATIS=38689, RATIS_ADMIN=38689, RATIS_SERVER=38689, STANDALONE=41587], networkLocation: /default-rack, certSerialId: null, persistedOpState: IN_SERVICE, persistedOpStateExpiryEpochSec: 0}.
2022-12-08 07:06:30,823 [ReplicationMonitor] INFO  replication.LegacyReplicationManager (LegacyReplicationManager.java:sendCloseCommand(1513)) - Sending close container command for container #3 to datanode 1fec2e66-b36b-410d-a836-56974e80c6bf{ip: 10.1.0.14, host: fv-az165-805.wtg55dazuvhetdvd2gpth4ys5d.dx.internal.cloudapp.net, ports: [REPLICATION=42005, RATIS=40777, RATIS_ADMIN=40777, RATIS_SERVER=40777, STANDALONE=40099], networkLocation: /default-rack, certSerialId: null, persistedOpState: IN_SERVICE, persistedOpStateExpiryEpochSec: 0}.
2022-12-08 07:06:30,823 [ReplicationMonitor] INFO  replication.ReplicationManager (ReplicationManager.java:sendDatanodeCommand(417)) - Sending command of type closeContainerCommand for container ContainerInfo{id=#4, state=CLOSING, pipelineID=PipelineID=4fb460ec-a727-4dcc-a8e2-50716312cdfe, stateEnterTime=2022-12-08T07:06:24.468Z, owner=om1} to 1fec2e66-b36b-410d-a836-56974e80c6bf{ip: 10.1.0.14, host: fv-az165-805.wtg55dazuvhetdvd2gpth4ys5d.dx.internal.cloudapp.net, ports: [REPLICATION=42005, RATIS=40777, RATIS_ADMIN=40777, RATIS_SERVER=40777, STANDALONE=40099], networkLocation: /default-rack, certSerialId: null, persistedOpState: IN_SERVICE, persistedOpStateExpiryEpochSec: 0}
2022-12-08 07:06:30,823 [ReplicationMonitor] INFO  replication.ReplicationManager (ReplicationManager.java:sendDatanodeCommand(417)) - Sending command of type closeContainerCommand for container ContainerInfo{id=#4, state=CLOSING, pipelineID=PipelineID=4fb460ec-a727-4dcc-a8e2-50716312cdfe, stateEnterTime=2022-12-08T07:06:24.468Z, owner=om1} to a323b8f8-7c4d-4fe6-8663-2fcba1e99710{ip: 10.1.0.14, host: fv-az165-805.wtg55dazuvhetdvd2gpth4ys5d.dx.internal.cloudapp.net, ports: [REPLICATION=34875, RATIS=38689, RATIS_ADMIN=38689, RATIS_SERVER=38689, STANDALONE=41587], networkLocation: /default-rack, certSerialId: null, persistedOpState: IN_SERVICE, persistedOpStateExpiryEpochSec: 0}
2022-12-08 07:06:30,823 [ReplicationMonitor] INFO  replication.ReplicationManager (ReplicationManager.java:sendDatanodeCommand(417)) - Sending command of type closeContainerCommand for container ContainerInfo{id=#4, state=CLOSING, pipelineID=PipelineID=4fb460ec-a727-4dcc-a8e2-50716312cdfe, stateEnterTime=2022-12-08T07:06:24.468Z, owner=om1} to 624d0ae4-c5c0-4b02-bbde-b37f19cf8f9a{ip: 10.1.0.14, host: fv-az165-805.wtg55dazuvhetdvd2gpth4ys5d.dx.internal.cloudapp.net, ports: [REPLICATION=39487, RATIS=41749, RATIS_ADMIN=41749, RATIS_SERVER=41749, STANDALONE=43743], networkLocation: /default-rack, certSerialId: null, persistedOpState: IN_SERVICE, persistedOpStateExpiryEpochSec: 0}
2022-12-08 07:06:30,823 [ReplicationMonitor] INFO  replication.ReplicationManager (ReplicationManager.java:sendDatanodeCommand(417)) - Sending command of type closeContainerCommand for container ContainerInfo{id=#4, state=CLOSING, pipelineID=PipelineID=4fb460ec-a727-4dcc-a8e2-50716312cdfe, stateEnterTime=2022-12-08T07:06:24.468Z, owner=om1} to e288a489-637a-4316-af43-30866b2c8bfc{ip: 10.1.0.14, host: fv-az165-805.wtg55dazuvhetdvd2gpth4ys5d.dx.internal.cloudapp.net, ports: [REPLICATION=39261, RATIS=36389, RATIS_ADMIN=36389, RATIS_SERVER=36389, STANDALONE=35147], networkLocation: /default-rack, certSerialId: null, persistedOpState: IN_SERVICE, persistedOpStateExpiryEpochSec: 0}
2022-12-08 07:06:30,824 [ReplicationMonitor] INFO  replication.ReplicationManager (ReplicationManager.java:sendDatanodeCommand(417)) - Sending command of type closeContainerCommand for container ContainerInfo{id=#4, state=CLOSING, pipelineID=PipelineID=4fb460ec-a727-4dcc-a8e2-50716312cdfe, stateEnterTime=2022-12-08T07:06:24.468Z, owner=om1} to 6eec9aac-ee1b-4e1e-837d-d3cab734710b{ip: 10.1.0.14, host: fv-az165-805.wtg55dazuvhetdvd2gpth4ys5d.dx.internal.cloudapp.net, ports: [REPLICATION=35375, RATIS=33309, RATIS_ADMIN=33309, RATIS_SERVER=33309, STANDALONE=43585], networkLocation: /default-rack, certSerialId: null, persistedOpState: IN_SERVICE, persistedOpStateExpiryEpochSec: 0}
2022-12-08 07:06:30,824 [ReplicationMonitor] INFO  replication.ReplicationManager (ReplicationManager.java:sendDatanodeCommand(417)) - Sending command of type closeContainerCommand for container ContainerInfo{id=#5, state=CLOSING, pipelineID=PipelineID=115f7ab8-46a7-45b4-ae00-c1e81b18881d, stateEnterTime=2022-12-08T07:06:25.119Z, owner=om1} to 624d0ae4-c5c0-4b02-bbde-b37f19cf8f9a{ip: 10.1.0.14, host: fv-az165-805.wtg55dazuvhetdvd2gpth4ys5d.dx.internal.cloudapp.net, ports: [REPLICATION=39487, RATIS=41749, RATIS_ADMIN=41749, RATIS_SERVER=41749, STANDALONE=43743], networkLocation: /default-rack, certSerialId: null, persistedOpState: IN_SERVICE, persistedOpStateExpiryEpochSec: 0}
2022-12-08 07:06:30,824 [ReplicationMonitor] INFO  replication.ReplicationManager (ReplicationManager.java:sendDatanodeCommand(417)) - Sending command of type closeContainerCommand for container ContainerInfo{id=#5, state=CLOSING, pipelineID=PipelineID=115f7ab8-46a7-45b4-ae00-c1e81b18881d, stateEnterTime=2022-12-08T07:06:25.119Z, owner=om1} to 6eec9aac-ee1b-4e1e-837d-d3cab734710b{ip: 10.1.0.14, host: fv-az165-805.wtg55dazuvhetdvd2gpth4ys5d.dx.internal.cloudapp.net, ports: [REPLICATION=35375, RATIS=33309, RATIS_ADMIN=33309, RATIS_SERVER=33309, STANDALONE=43585], networkLocation: /default-rack, certSerialId: null, persistedOpState: IN_SERVICE, persistedOpStateExpiryEpochSec: 0}
2022-12-08 07:06:30,824 [ReplicationMonitor] INFO  replication.ReplicationManager (ReplicationManager.java:sendDatanodeCommand(417)) - Sending command of type closeContainerCommand for container ContainerInfo{id=#5, state=CLOSING, pipelineID=PipelineID=115f7ab8-46a7-45b4-ae00-c1e81b18881d, stateEnterTime=2022-12-08T07:06:25.119Z, owner=om1} to f4ffb4f0-97dc-4c31-9ebf-2914332a538f{ip: 10.1.0.14, host: fv-az165-805.wtg55dazuvhetdvd2gpth4ys5d.dx.internal.cloudapp.net, ports: [REPLICATION=33383, RATIS=34119, RATIS_ADMIN=34119, RATIS_SERVER=34119, STANDALONE=42873], networkLocation: /default-rack, certSerialId: null, persistedOpState: IN_SERVICE, persistedOpStateExpiryEpochSec: 0}
2022-12-08 07:06:30,824 [ReplicationMonitor] INFO  replication.ReplicationManager (ReplicationManager.java:sendDatanodeCommand(417)) - Sending command of type closeContainerCommand for container ContainerInfo{id=#5, state=CLOSING, pipelineID=PipelineID=115f7ab8-46a7-45b4-ae00-c1e81b18881d, stateEnterTime=2022-12-08T07:06:25.119Z, owner=om1} to 1fec2e66-b36b-410d-a836-56974e80c6bf{ip: 10.1.0.14, host: fv-az165-805.wtg55dazuvhetdvd2gpth4ys5d.dx.internal.cloudapp.net, ports: [REPLICATION=42005, RATIS=40777, RATIS_ADMIN=40777, RATIS_SERVER=40777, STANDALONE=40099], networkLocation: /default-rack, certSerialId: null, persistedOpState: IN_SERVICE, persistedOpStateExpiryEpochSec: 0}
2022-12-08 07:06:30,824 [ReplicationMonitor] INFO  replication.ReplicationManager (ReplicationManager.java:sendDatanodeCommand(417)) - Sending command of type closeContainerCommand for container ContainerInfo{id=#5, state=CLOSING, pipelineID=PipelineID=115f7ab8-46a7-45b4-ae00-c1e81b18881d, stateEnterTime=2022-12-08T07:06:25.119Z, owner=om1} to a323b8f8-7c4d-4fe6-8663-2fcba1e99710{ip: 10.1.0.14, host: fv-az165-805.wtg55dazuvhetdvd2gpth4ys5d.dx.internal.cloudapp.net, ports: [REPLICATION=34875, RATIS=38689, RATIS_ADMIN=38689, RATIS_SERVER=38689, STANDALONE=41587], networkLocation: /default-rack, certSerialId: null, persistedOpState: IN_SERVICE, persistedOpStateExpiryEpochSec: 0}
2022-12-08 07:06:30,825 [Under Replicated Processor] INFO  replication.UnderReplicatedProcessor (UnderReplicatedProcessor.java:processAll(79)) - Processed 0 under replicated containers, failed processing 0
2022-12-08 07:06:30,826 [ReplicationMonitor] INFO  replication.ReplicationManager (ReplicationManager.java:sendDatanodeCommand(417)) - Sending command of type closeContainerCommand for container ContainerInfo{id=#7, state=CLOSING, pipelineID=PipelineID=33c87244-8fd1-479a-9ae2-5d2ade5ec3e1, stateEnterTime=2022-12-08T07:06:25.791Z, owner=om1} to aa703a63-3c65-4215-94e9-ba864e506dd9{ip: 10.1.0.14, host: fv-az165-805.wtg55dazuvhetdvd2gpth4ys5d.dx.internal.cloudapp.net, ports: [REPLICATION=38971, RATIS=39791, RATIS_ADMIN=39791, RATIS_SERVER=39791, STANDALONE=40597], networkLocation: /default-rack, certSerialId: null, persistedOpState: IN_SERVICE, persistedOpStateExpiryEpochSec: 0}
2022-12-08 07:06:30,826 [ReplicationMonitor] INFO  replication.ReplicationManager (ReplicationManager.java:sendDatanodeCommand(417)) - Sending command of type closeContainerCommand for container ContainerInfo{id=#7, state=CLOSING, pipelineID=PipelineID=33c87244-8fd1-479a-9ae2-5d2ade5ec3e1, stateEnterTime=2022-12-08T07:06:25.791Z, owner=om1} to 1fec2e66-b36b-410d-a836-56974e80c6bf{ip: 10.1.0.14, host: fv-az165-805.wtg55dazuvhetdvd2gpth4ys5d.dx.internal.cloudapp.net, ports: [REPLICATION=42005, RATIS=40777, RATIS_ADMIN=40777, RATIS_SERVER=40777, STANDALONE=40099], networkLocation: /default-rack, certSerialId: null, persistedOpState: IN_SERVICE, persistedOpStateExpiryEpochSec: 0}
2022-12-08 07:06:30,827 [ReplicationMonitor] INFO  replication.ReplicationManager (ReplicationManager.java:sendDatanodeCommand(417)) - Sending command of type closeContainerCommand for container ContainerInfo{id=#7, state=CLOSING, pipelineID=PipelineID=33c87244-8fd1-479a-9ae2-5d2ade5ec3e1, stateEnterTime=2022-12-08T07:06:25.791Z, owner=om1} to e288a489-637a-4316-af43-30866b2c8bfc{ip: 10.1.0.14, host: fv-az165-805.wtg55dazuvhetdvd2gpth4ys5d.dx.internal.cloudapp.net, ports: [REPLICATION=39261, RATIS=36389, RATIS_ADMIN=36389, RATIS_SERVER=36389, STANDALONE=35147], networkLocation: /default-rack, certSerialId: null, persistedOpState: IN_SERVICE, persistedOpStateExpiryEpochSec: 0}
2022-12-08 07:06:30,827 [ReplicationMonitor] INFO  replication.ReplicationManager (ReplicationManager.java:sendDatanodeCommand(417)) - Sending command of type closeContainerCommand for container ContainerInfo{id=#7, state=CLOSING, pipelineID=PipelineID=33c87244-8fd1-479a-9ae2-5d2ade5ec3e1, stateEnterTime=2022-12-08T07:06:25.791Z, owner=om1} to 6eec9aac-ee1b-4e1e-837d-d3cab734710b{ip: 10.1.0.14, host: fv-az165-805.wtg55dazuvhetdvd2gpth4ys5d.dx.internal.cloudapp.net, ports: [REPLICATION=35375, RATIS=33309, RATIS_ADMIN=33309, RATIS_SERVER=33309, STANDALONE=43585], networkLocation: /default-rack, certSerialId: null, persistedOpState: IN_SERVICE, persistedOpStateExpiryEpochSec: 0}
2022-12-08 07:06:30,827 [ReplicationMonitor] INFO  replication.ReplicationManager (ReplicationManager.java:sendDatanodeCommand(417)) - Sending command of type closeContainerCommand for container ContainerInfo{id=#7, state=CLOSING, pipelineID=PipelineID=33c87244-8fd1-479a-9ae2-5d2ade5ec3e1, stateEnterTime=2022-12-08T07:06:25.791Z, owner=om1} to f4ffb4f0-97dc-4c31-9ebf-2914332a538f{ip: 10.1.0.14, host: fv-az165-805.wtg55dazuvhetdvd2gpth4ys5d.dx.internal.cloudapp.net, ports: [REPLICATION=33383, RATIS=34119, RATIS_ADMIN=34119, RATIS_SERVER=34119, STANDALONE=42873], networkLocation: /default-rack, certSerialId: null, persistedOpState: IN_SERVICE, persistedOpStateExpiryEpochSec: 0}
2022-12-08 07:06:30,827 [ReplicationMonitor] INFO  replication.ReplicationManager (ReplicationManager.java:sendDatanodeCommand(417)) - Sending command of type closeContainerCommand for container ContainerInfo{id=#8, state=CLOSING, pipelineID=PipelineID=a640ea80-9452-4494-915a-c71dcf1c90b2, stateEnterTime=2022-12-08T07:06:26.027Z, owner=om1} to 624d0ae4-c5c0-4b02-bbde-b37f19cf8f9a{ip: 10.1.0.14, host: fv-az165-805.wtg55dazuvhetdvd2gpth4ys5d.dx.internal.cloudapp.net, ports: [REPLICATION=39487, RATIS=41749, RATIS_ADMIN=41749, RATIS_SERVER=41749, STANDALONE=43743], networkLocation: /default-rack, certSerialId: null, persistedOpState: IN_SERVICE, persistedOpStateExpiryEpochSec: 0}
2022-12-08 07:06:30,827 [ReplicationMonitor] INFO  replication.ReplicationManager (ReplicationManager.java:sendDatanodeCommand(417)) - Sending command of type closeContainerCommand for container ContainerInfo{id=#8, state=CLOSING, pipelineID=PipelineID=a640ea80-9452-4494-915a-c71dcf1c90b2, stateEnterTime=2022-12-08T07:06:26.027Z, owner=om1} to f4ffb4f0-97dc-4c31-9ebf-2914332a538f{ip: 10.1.0.14, host: fv-az165-805.wtg55dazuvhetdvd2gpth4ys5d.dx.internal.cloudapp.net, ports: [REPLICATION=33383, RATIS=34119, RATIS_ADMIN=34119, RATIS_SERVER=34119, STANDALONE=42873], networkLocation: /default-rack, certSerialId: null, persistedOpState: IN_SERVICE, persistedOpStateExpiryEpochSec: 0}
2022-12-08 07:06:30,828 [ReplicationMonitor] INFO  replication.ReplicationManager (ReplicationManager.java:sendDatanodeCommand(417)) - Sending command of type closeContainerCommand for container ContainerInfo{id=#8, state=CLOSING, pipelineID=PipelineID=a640ea80-9452-4494-915a-c71dcf1c90b2, stateEnterTime=2022-12-08T07:06:26.027Z, owner=om1} to a323b8f8-7c4d-4fe6-8663-2fcba1e99710{ip: 10.1.0.14, host: fv-az165-805.wtg55dazuvhetdvd2gpth4ys5d.dx.internal.cloudapp.net, ports: [REPLICATION=34875, RATIS=38689, RATIS_ADMIN=38689, RATIS_SERVER=38689, STANDALONE=41587], networkLocation: /default-rack, certSerialId: null, persistedOpState: IN_SERVICE, persistedOpStateExpiryEpochSec: 0}
2022-12-08 07:06:30,828 [ReplicationMonitor] INFO  replication.ReplicationManager (ReplicationManager.java:sendDatanodeCommand(417)) - Sending command of type closeContainerCommand for container ContainerInfo{id=#8, state=CLOSING, pipelineID=PipelineID=a640ea80-9452-4494-915a-c71dcf1c90b2, stateEnterTime=2022-12-08T07:06:26.027Z, owner=om1} to aa703a63-3c65-4215-94e9-ba864e506dd9{ip: 10.1.0.14, host: fv-az165-805.wtg55dazuvhetdvd2gpth4ys5d.dx.internal.cloudapp.net, ports: [REPLICATION=38971, RATIS=39791, RATIS_ADMIN=39791, RATIS_SERVER=39791, STANDALONE=40597], networkLocation: /default-rack, certSerialId: null, persistedOpState: IN_SERVICE, persistedOpStateExpiryEpochSec: 0}
2022-12-08 07:06:30,828 [ReplicationMonitor] INFO  replication.ReplicationManager (ReplicationManager.java:sendDatanodeCommand(417)) - Sending command of type closeContainerCommand for container ContainerInfo{id=#8, state=CLOSING, pipelineID=PipelineID=a640ea80-9452-4494-915a-c71dcf1c90b2, stateEnterTime=2022-12-08T07:06:26.027Z, owner=om1} to 1fec2e66-b36b-410d-a836-56974e80c6bf{ip: 10.1.0.14, host: fv-az165-805.wtg55dazuvhetdvd2gpth4ys5d.dx.internal.cloudapp.net, ports: [REPLICATION=42005, RATIS=40777, RATIS_ADMIN=40777, RATIS_SERVER=40777, STANDALONE=40099], networkLocation: /default-rack, certSerialId: null, persistedOpState: IN_SERVICE, persistedOpStateExpiryEpochSec: 0}
2022-12-08 07:06:30,828 [ReplicationMonitor] INFO  replication.ReplicationManager (ReplicationManager.java:processAll(356)) - Replication Monitor Thread took 7 milliseconds for processing 8 containers.
2022-12-08 07:06:30,847 [DatanodeAdminManager-0] INFO  node.DatanodeAdminMonitorImpl (DatanodeAdminMonitorImpl.java:run(169)) - There are 1 nodes tracked for decommission and maintenance.  0 pending nodes.
2022-12-08 07:06:30,917 [EventQueue-CommandQueueReportForCommandQueueReportHandler] WARN  events.EventQueue (EventQueue.java:fireEvent(216)) - No event handler registered for event TypedEvent{payloadType=DatanodeDetails, name='Datanode_Command_Queue_Updated'}
2022-12-08 07:06:30,921 [EventQueue-CommandQueueReportForCommandQueueReportHandler] WARN  events.EventQueue (EventQueue.java:fireEvent(216)) - No event handler registered for event TypedEvent{payloadType=DatanodeDetails, name='Datanode_Command_Queue_Updated'}
2022-12-08 07:06:30,922 [Command processor thread] INFO  keyvalue.KeyValueContainer (KeyValueContainer.java:flushAndSyncDB(437)) - Container 7 is synced with bcsId 0.
2022-12-08 07:06:30,922 [Command processor thread] INFO  keyvalue.KeyValueContainer (KeyValueContainer.java:flushAndSyncDB(437)) - Container 7 is synced with bcsId 0.
2022-12-08 07:06:30,925 [Command processor thread] INFO  keyvalue.KeyValueContainer (KeyValueContainer.java:close(352)) - Container 7 is closed with bcsId 0.
2022-12-08 07:06:30,926 [EventQueue-CommandQueueReportForCommandQueueReportHandler] WARN  events.EventQueue (EventQueue.java:fireEvent(216)) - No event handler registered for event TypedEvent{payloadType=DatanodeDetails, name='Datanode_Command_Queue_Updated'}
2022-12-08 07:06:30,928 [FixedThreadPoolWithAffinityExecutor-1-0] INFO  container.IncrementalContainerReportHandler (AbstractContainerReportHandler.java:updateContainerState(292)) - Moving container #7 to CLOSED state, datanode 6eec9aac-ee1b-4e1e-837d-d3cab734710b{ip: 10.1.0.14, host: fv-az165-805.wtg55dazuvhetdvd2gpth4ys5d.dx.internal.cloudapp.net, ports: [REPLICATION=35375, RATIS=33309, RATIS_ADMIN=33309, RATIS_SERVER=33309, STANDALONE=43585], networkLocation: /default-rack, certSerialId: null, persistedOpState: IN_SERVICE, persistedOpStateExpiryEpochSec: 0} reported CLOSED replica.
2022-12-08 07:06:30,929 [Command processor thread] INFO  keyvalue.KeyValueContainer (KeyValueContainer.java:flushAndSyncDB(437)) - Container 5 is synced with bcsId 0.
2022-12-08 07:06:30,929 [Command processor thread] INFO  keyvalue.KeyValueContainer (KeyValueContainer.java:flushAndSyncDB(437)) - Container 5 is synced with bcsId 0.
2022-12-08 07:06:30,930 [EventQueue-CommandQueueReportForCommandQueueReportHandler] WARN  events.EventQueue (EventQueue.java:fireEvent(216)) - No event handler registered for event TypedEvent{payloadType=DatanodeDetails, name='Datanode_Command_Queue_Updated'}
2022-12-08 07:06:30,934 [Command processor thread] INFO  keyvalue.KeyValueContainer (KeyValueContainer.java:close(352)) - Container 5 is closed with bcsId 0.
2022-12-08 07:06:30,936 [EventQueue-CommandQueueReportForCommandQueueReportHandler] WARN  events.EventQueue (EventQueue.java:fireEvent(216)) - No event handler registered for event TypedEvent{payloadType=DatanodeDetails, name='Datanode_Command_Queue_Updated'}
2022-12-08 07:06:30,936 [FixedThreadPoolWithAffinityExecutor-1-0] INFO  container.IncrementalContainerReportHandler (AbstractContainerReportHandler.java:updateContainerState(292)) - Moving container #5 to CLOSED state, datanode 6eec9aac-ee1b-4e1e-837d-d3cab734710b{ip: 10.1.0.14, host: fv-az165-805.wtg55dazuvhetdvd2gpth4ys5d.dx.internal.cloudapp.net, ports: [REPLICATION=35375, RATIS=33309, RATIS_ADMIN=33309, RATIS_SERVER=33309, STANDALONE=43585], networkLocation: /default-rack, certSerialId: null, persistedOpState: IN_SERVICE, persistedOpStateExpiryEpochSec: 0} reported CLOSED replica.
2022-12-08 07:06:30,939 [Command processor thread] INFO  keyvalue.KeyValueContainer (KeyValueContainer.java:flushAndSyncDB(437)) - Container 4 is synced with bcsId 0.
2022-12-08 07:06:30,939 [Command processor thread] INFO  keyvalue.KeyValueContainer (KeyValueContainer.java:flushAndSyncDB(437)) - Container 4 is synced with bcsId 0.
2022-12-08 07:06:30,940 [EventQueue-CommandQueueReportForCommandQueueReportHandler] WARN  events.EventQueue (EventQueue.java:fireEvent(216)) - No event handler registered for event TypedEvent{payloadType=DatanodeDetails, name='Datanode_Command_Queue_Updated'}
2022-12-08 07:06:30,943 [Command processor thread] INFO  keyvalue.KeyValueContainer (KeyValueContainer.java:close(352)) - Container 4 is closed with bcsId 0.
2022-12-08 07:06:30,944 [FixedThreadPoolWithAffinityExecutor-1-0] INFO  container.IncrementalContainerReportHandler (AbstractContainerReportHandler.java:updateContainerState(292)) - Moving container #4 to CLOSED state, datanode 6eec9aac-ee1b-4e1e-837d-d3cab734710b{ip: 10.1.0.14, host: fv-az165-805.wtg55dazuvhetdvd2gpth4ys5d.dx.internal.cloudapp.net, ports: [REPLICATION=35375, RATIS=33309, RATIS_ADMIN=33309, RATIS_SERVER=33309, STANDALONE=43585], networkLocation: /default-rack, certSerialId: null, persistedOpState: IN_SERVICE, persistedOpStateExpiryEpochSec: 0} reported CLOSED replica.
2022-12-08 07:06:30,944 [EventQueue-CommandQueueReportForCommandQueueReportHandler] WARN  events.EventQueue (EventQueue.java:fireEvent(216)) - No event handler registered for event TypedEvent{payloadType=DatanodeDetails, name='Datanode_Command_Queue_Updated'}
2022-12-08 07:06:31,003 [ReplicationMonitor] INFO  replication.ReplicationManager (ReplicationManager.java:processAll(323)) - Replication Manager is not ready to run until 3000ms after safemode exit
2022-12-08 07:06:31,004 [EventQueue-CommandQueueReportForCommandQueueReportHandler] WARN  events.EventQueue (EventQueue.java:fireEvent(216)) - No event handler registered for event TypedEvent{payloadType=DatanodeDetails, name='Datanode_Command_Queue_Updated'}
2022-12-08 07:06:31,010 [EventQueue-CommandQueueReportForCommandQueueReportHandler] WARN  events.EventQueue (EventQueue.java:fireEvent(216)) - No event handler registered for event TypedEvent{payloadType=DatanodeDetails, name='Datanode_Command_Queue_Updated'}
2022-12-08 07:06:31,011 [Command processor thread] INFO  keyvalue.KeyValueContainer (KeyValueContainer.java:flushAndSyncDB(437)) - Container 7 is synced with bcsId 0.
2022-12-08 07:06:31,017 [Command processor thread] INFO  keyvalue.KeyValueContainer (KeyValueContainer.java:flushAndSyncDB(437)) - Container 7 is synced with bcsId 0.
2022-12-08 07:06:31,021 [Command processor thread] INFO  keyvalue.KeyValueContainer (KeyValueContainer.java:close(352)) - Container 7 is closed with bcsId 0.
2022-12-08 07:06:31,023 [EventQueue-CommandQueueReportForCommandQueueReportHandler] WARN  events.EventQueue (EventQueue.java:fireEvent(216)) - No event handler registered for event TypedEvent{payloadType=DatanodeDetails, name='Datanode_Command_Queue_Updated'}
2022-12-08 07:06:31,027 [Command processor thread] INFO  keyvalue.KeyValueContainer (KeyValueContainer.java:flushAndSyncDB(437)) - Container 4 is synced with bcsId 0.
2022-12-08 07:06:31,027 [Command processor thread] INFO  keyvalue.KeyValueContainer (KeyValueContainer.java:flushAndSyncDB(437)) - Container 4 is synced with bcsId 0.
2022-12-08 07:06:31,029 [EventQueue-CommandQueueReportForCommandQueueReportHandler] WARN  events.EventQueue (EventQueue.java:fireEvent(216)) - No event handler registered for event TypedEvent{payloadType=DatanodeDetails, name='Datanode_Command_Queue_Updated'}
2022-12-08 07:06:31,032 [Command processor thread] INFO  keyvalue.KeyValueContainer (KeyValueContainer.java:close(352)) - Container 4 is closed with bcsId 0.
2022-12-08 07:06:31,033 [EventQueue-CommandQueueReportForCommandQueueReportHandler] WARN  events.EventQueue (EventQueue.java:fireEvent(216)) - No event handler registered for event TypedEvent{payloadType=DatanodeDetails, name='Datanode_Command_Queue_Updated'}
2022-12-08 07:06:31,042 [EndpointStateMachine task thread for /0.0.0.0:43949 - 0 ] INFO  utils.DatanodeStoreCache (DatanodeStoreCache.java:addDB(58)) - Added db /home/runner/work/ozone/ozone/hadoop-ozone/integration-test/target/test-dir/MiniOzoneClusterImpl-510a2802-165a-4ebd-9ade-f7b35b2c34f6/datanode-4/data-0/containers/hdds/510a2802-165a-4ebd-9ade-f7b35b2c34f6/DS-c74ab4ec-4d2d-40da-8580-ab129febc1aa/container.db to cache
2022-12-08 07:06:31,042 [EndpointStateMachine task thread for /0.0.0.0:43949 - 0 ] INFO  volume.HddsVolume (HddsVolume.java:createDbStore(307)) - SchemaV3 db is created and loaded at /home/runner/work/ozone/ozone/hadoop-ozone/integration-test/target/test-dir/MiniOzoneClusterImpl-510a2802-165a-4ebd-9ade-f7b35b2c34f6/datanode-4/data-0/containers/hdds/510a2802-165a-4ebd-9ade-f7b35b2c34f6/DS-c74ab4ec-4d2d-40da-8580-ab129febc1aa/container.db for volume DS-c74ab4ec-4d2d-40da-8580-ab129febc1aa
2022-12-08 07:06:31,043 [EndpointStateMachine task thread for /0.0.0.0:43949 - 0 ] INFO  ozoneimpl.OzoneContainer (OzoneContainer.java:start(395)) - Attempting to start container services.
2022-12-08 07:06:31,043 [EndpointStateMachine task thread for /0.0.0.0:43949 - 0 ] INFO  ozoneimpl.OzoneContainer (OzoneContainer.java:startContainerScrub(312)) - Scheduled background container scanners and the on-demand container scanner have been disabled.
2022-12-08 07:06:31,046 [EndpointStateMachine task thread for /0.0.0.0:43949 - 0 ] INFO  replication.ReplicationServer (ReplicationServer.java:start(111)) - ReplicationServer is started using port 35969
2022-12-08 07:06:31,047 [EndpointStateMachine task thread for /0.0.0.0:43949 - 0 ] INFO  ratis.XceiverServerRatis (XceiverServerRatis.java:start(481)) - Starting XceiverServerRatis a499b9c9-aca9-4e4e-999f-20c6bef7822c
2022-12-08 07:06:31,068 [EndpointStateMachine task thread for /0.0.0.0:43949 - 0 ] INFO  server.RaftServer (RaftServerProxy.java:startImpl(393)) - a499b9c9-aca9-4e4e-999f-20c6bef7822c: start RPC server
2022-12-08 07:06:31,072 [EndpointStateMachine task thread for /0.0.0.0:43949 - 0 ] INFO  server.GrpcService (GrpcService.java:startImpl(262)) - a499b9c9-aca9-4e4e-999f-20c6bef7822c: GrpcService started, listening on 34881
2022-12-08 07:06:31,073 [EndpointStateMachine task thread for /0.0.0.0:43949 - 0 ] INFO  ratis.XceiverServerRatis (XceiverServerRatis.java:getRealPort(502)) - XceiverServerRatis a499b9c9-aca9-4e4e-999f-20c6bef7822c is started using port 34881 for RATIS
2022-12-08 07:06:31,073 [EndpointStateMachine task thread for /0.0.0.0:43949 - 0 ] INFO  ratis.XceiverServerRatis (XceiverServerRatis.java:getRealPort(502)) - XceiverServerRatis a499b9c9-aca9-4e4e-999f-20c6bef7822c is started using port 34881 for RATIS_ADMIN
2022-12-08 07:06:31,073 [EndpointStateMachine task thread for /0.0.0.0:43949 - 0 ] INFO  ratis.XceiverServerRatis (XceiverServerRatis.java:getRealPort(502)) - XceiverServerRatis a499b9c9-aca9-4e4e-999f-20c6bef7822c is started using port 34881 for RATIS_SERVER
2022-12-08 07:06:31,073 [JvmPauseMonitor13] INFO  util.JvmPauseMonitor (JvmPauseMonitor.java:run(105)) - JvmPauseMonitor-a499b9c9-aca9-4e4e-999f-20c6bef7822c: Started
2022-12-08 07:06:31,081 [EndpointStateMachine task thread for /0.0.0.0:43949 - 0 ] INFO  server.XceiverServerGrpc (XceiverServerGrpc.java:start(180)) - XceiverServerGrpc a499b9c9-aca9-4e4e-999f-20c6bef7822c is started using port 39969
2022-12-08 07:06:31,116 [Command processor thread] INFO  server.RaftServer (RaftServerProxy.java:remove(107)) - a323b8f8-7c4d-4fe6-8663-2fcba1e99710: remove    LEADER a323b8f8-7c4d-4fe6-8663-2fcba1e99710@group-BA3D94F9A8A7:t1, leader=a323b8f8-7c4d-4fe6-8663-2fcba1e99710, voted=a323b8f8-7c4d-4fe6-8663-2fcba1e99710, raftlog=Memoized:a323b8f8-7c4d-4fe6-8663-2fcba1e99710@group-BA3D94F9A8A7-SegmentedRaftLog:OPENED:c79, conf=0: peers:[624d0ae4-c5c0-4b02-bbde-b37f19cf8f9a|rpc:10.1.0.14:41749|dataStream:|priority:0|startupRole:FOLLOWER, 1fec2e66-b36b-410d-a836-56974e80c6bf|rpc:10.1.0.14:40777|dataStream:|priority:0|startupRole:FOLLOWER, a323b8f8-7c4d-4fe6-8663-2fcba1e99710|rpc:10.1.0.14:38689|dataStream:|priority:1|startupRole:FOLLOWER]|listeners:[], old=null RUNNING
2022-12-08 07:06:31,118 [EventQueue-CommandQueueReportForCommandQueueReportHandler] WARN  events.EventQueue (EventQueue.java:fireEvent(216)) - No event handler registered for event TypedEvent{payloadType=DatanodeDetails, name='Datanode_Command_Queue_Updated'}
2022-12-08 07:06:31,118 [EventQueue-PipelineReportForPipelineReportHandler] INFO  pipeline.PipelineReportHandler (PipelineReportHandler.java:processPipelineReport(115)) - Reported pipeline PipelineID=9d5f0604-367d-4da6-baea-ba3d94f9a8a7 is not found
2022-12-08 07:06:31,119 [Command processor thread] INFO  server.RaftServer$Division (RaftServerImpl.java:lambda$close$4(458)) - a323b8f8-7c4d-4fe6-8663-2fcba1e99710@group-BA3D94F9A8A7: shutdown
2022-12-08 07:06:31,120 [Command processor thread] INFO  util.JmxRegister (JmxRegister.java:unregister(73)) - Successfully un-registered JMX Bean with object name Ratis:service=RaftServer,group=group-BA3D94F9A8A7,id=a323b8f8-7c4d-4fe6-8663-2fcba1e99710
2022-12-08 07:06:31,120 [Command processor thread] INFO  impl.RoleInfo (RoleInfo.java:shutdownLeaderState(93)) - a323b8f8-7c4d-4fe6-8663-2fcba1e99710: shutdown a323b8f8-7c4d-4fe6-8663-2fcba1e99710@group-BA3D94F9A8A7-LeaderStateImpl
2022-12-08 07:06:31,121 [a323b8f8-7c4d-4fe6-8663-2fcba1e99710@group-BA3D94F9A8A7->624d0ae4-c5c0-4b02-bbde-b37f19cf8f9a-GrpcLogAppender-LogAppenderDaemon] WARN  server.GrpcLogAppender (GrpcLogAppender.java:mayWait(200)) - a323b8f8-7c4d-4fe6-8663-2fcba1e99710@group-BA3D94F9A8A7->624d0ae4-c5c0-4b02-bbde-b37f19cf8f9a-GrpcLogAppender: Wait interrupted by java.lang.InterruptedException
2022-12-08 07:06:31,121 [Command processor thread] INFO  impl.PendingRequests (PendingRequests.java:sendNotLeaderResponses(282)) - a323b8f8-7c4d-4fe6-8663-2fcba1e99710@group-BA3D94F9A8A7-PendingRequests: sendNotLeaderResponses
2022-12-08 07:06:31,121 [a323b8f8-7c4d-4fe6-8663-2fcba1e99710@group-BA3D94F9A8A7->1fec2e66-b36b-410d-a836-56974e80c6bf-GrpcLogAppender-LogAppenderDaemon] WARN  server.GrpcLogAppender (GrpcLogAppender.java:mayWait(200)) - a323b8f8-7c4d-4fe6-8663-2fcba1e99710@group-BA3D94F9A8A7->1fec2e66-b36b-410d-a836-56974e80c6bf-GrpcLogAppender: Wait interrupted by java.lang.InterruptedException
2022-12-08 07:06:31,128 [grpc-default-executor-3] INFO  server.GrpcServerProtocolService (GrpcServerProtocolService.java:onCompleted(143)) - 624d0ae4-c5c0-4b02-bbde-b37f19cf8f9a: Completed APPEND_ENTRIES, lastRequest: a323b8f8-7c4d-4fe6-8663-2fcba1e99710->624d0ae4-c5c0-4b02-bbde-b37f19cf8f9a#245-t1,previous=(t:1, i:78),leaderCommit=77,initializing? true,entries: size=1, first=(t:1, i:79), METADATAENTRY(c:77)
2022-12-08 07:06:31,128 [grpc-default-executor-2] INFO  server.GrpcServerProtocolService (GrpcServerProtocolService.java:onCompleted(143)) - 1fec2e66-b36b-410d-a836-56974e80c6bf: Completed APPEND_ENTRIES, lastRequest: a323b8f8-7c4d-4fe6-8663-2fcba1e99710->1fec2e66-b36b-410d-a836-56974e80c6bf#277-t1,previous=(t:1, i:78),leaderCommit=77,initializing? true,entries: size=1, first=(t:1, i:79), METADATAENTRY(c:77)
2022-12-08 07:06:31,134 [grpc-default-executor-0] INFO  server.GrpcLogAppender (GrpcLogAppender.java:onCompleted(415)) - a323b8f8-7c4d-4fe6-8663-2fcba1e99710@group-BA3D94F9A8A7->1fec2e66-b36b-410d-a836-56974e80c6bf-AppendLogResponseHandler: follower responses appendEntries COMPLETED
2022-12-08 07:06:31,134 [grpc-default-executor-2] INFO  server.GrpcServerProtocolService (GrpcServerProtocolService.java:onCompleted(143)) - 624d0ae4-c5c0-4b02-bbde-b37f19cf8f9a: Completed APPEND_ENTRIES, lastRequest: null
2022-12-08 07:06:31,135 [grpc-default-executor-2] INFO  server.GrpcLogAppender (GrpcLogAppender.java:onCompleted(415)) - a323b8f8-7c4d-4fe6-8663-2fcba1e99710@group-BA3D94F9A8A7->624d0ae4-c5c0-4b02-bbde-b37f19cf8f9a-AppendLogResponseHandler: follower responses appendEntries COMPLETED
2022-12-08 07:06:31,137 [grpc-default-executor-0] INFO  leader.FollowerInfo (FollowerInfoImpl.java:lambda$new$0(48)) - a323b8f8-7c4d-4fe6-8663-2fcba1e99710@group-BA3D94F9A8A7->1fec2e66-b36b-410d-a836-56974e80c6bf: nextIndex: updateUnconditionally 80 -> 79
2022-12-08 07:06:31,138 [grpc-default-executor-5] INFO  server.GrpcServerProtocolService (GrpcServerProtocolService.java:onCompleted(143)) - 1fec2e66-b36b-410d-a836-56974e80c6bf: Completed APPEND_ENTRIES, lastRequest: null
2022-12-08 07:06:31,141 [grpc-default-executor-4] INFO  server.GrpcLogAppender (GrpcLogAppender.java:onCompleted(415)) - a323b8f8-7c4d-4fe6-8663-2fcba1e99710@group-BA3D94F9A8A7->624d0ae4-c5c0-4b02-bbde-b37f19cf8f9a-AppendLogResponseHandler: follower responses appendEntries COMPLETED
2022-12-08 07:06:31,139 [grpc-default-executor-2] INFO  leader.FollowerInfo (FollowerInfoImpl.java:lambda$new$0(48)) - a323b8f8-7c4d-4fe6-8663-2fcba1e99710@group-BA3D94F9A8A7->624d0ae4-c5c0-4b02-bbde-b37f19cf8f9a: nextIndex: updateUnconditionally 80 -> 79
2022-12-08 07:06:31,141 [grpc-default-executor-4] INFO  leader.FollowerInfo (FollowerInfoImpl.java:lambda$new$0(48)) - a323b8f8-7c4d-4fe6-8663-2fcba1e99710@group-BA3D94F9A8A7->624d0ae4-c5c0-4b02-bbde-b37f19cf8f9a: nextIndex: updateUnconditionally 79 -> 78
2022-12-08 07:06:31,145 [Command processor thread] INFO  impl.StateMachineUpdater (StateMachineUpdater.java:stopAndJoin(153)) - a323b8f8-7c4d-4fe6-8663-2fcba1e99710@group-BA3D94F9A8A7-StateMachineUpdater: set stopIndex = 79
2022-12-08 07:06:31,145 [a323b8f8-7c4d-4fe6-8663-2fcba1e99710@group-BA3D94F9A8A7-StateMachineUpdater] INFO  ratis.ContainerStateMachine (ContainerStateMachine.java:takeSnapshot(304)) - group-BA3D94F9A8A7: Taking a snapshot at:(t:1, i:79) file /home/runner/work/ozone/ozone/hadoop-ozone/integration-test/target/test-dir/MiniOzoneClusterImpl-3253a570-fb02-4895-b12a-309bd2ff2d50/datanode-0/data/ratis/9d5f0604-367d-4da6-baea-ba3d94f9a8a7/sm/snapshot.1_79
2022-12-08 07:06:31,150 [Command processor thread] INFO  server.RaftServer (RaftServerProxy.java:remove(107)) - 624d0ae4-c5c0-4b02-bbde-b37f19cf8f9a: remove  FOLLOWER 624d0ae4-c5c0-4b02-bbde-b37f19cf8f9a@group-BA3D94F9A8A7:t1, leader=a323b8f8-7c4d-4fe6-8663-2fcba1e99710, voted=a323b8f8-7c4d-4fe6-8663-2fcba1e99710, raftlog=Memoized:624d0ae4-c5c0-4b02-bbde-b37f19cf8f9a@group-BA3D94F9A8A7-SegmentedRaftLog:OPENED:c79, conf=0: peers:[624d0ae4-c5c0-4b02-bbde-b37f19cf8f9a|rpc:10.1.0.14:41749|dataStream:|priority:0|startupRole:FOLLOWER, 1fec2e66-b36b-410d-a836-56974e80c6bf|rpc:10.1.0.14:40777|dataStream:|priority:0|startupRole:FOLLOWER, a323b8f8-7c4d-4fe6-8663-2fcba1e99710|rpc:10.1.0.14:38689|dataStream:|priority:1|startupRole:FOLLOWER]|listeners:[], old=null RUNNING
2022-12-08 07:06:31,151 [Command processor thread] INFO  server.RaftServer$Division (RaftServerImpl.java:lambda$close$4(458)) - 624d0ae4-c5c0-4b02-bbde-b37f19cf8f9a@group-BA3D94F9A8A7: shutdown
2022-12-08 07:06:31,151 [Command processor thread] INFO  util.JmxRegister (JmxRegister.java:unregister(73)) - Successfully un-registered JMX Bean with object name Ratis:service=RaftServer,group=group-BA3D94F9A8A7,id=624d0ae4-c5c0-4b02-bbde-b37f19cf8f9a
2022-12-08 07:06:31,151 [Command processor thread] INFO  impl.RoleInfo (RoleInfo.java:shutdownFollowerState(110)) - 624d0ae4-c5c0-4b02-bbde-b37f19cf8f9a: shutdown 624d0ae4-c5c0-4b02-bbde-b37f19cf8f9a@group-BA3D94F9A8A7-FollowerState
2022-12-08 07:06:31,151 [624d0ae4-c5c0-4b02-bbde-b37f19cf8f9a@group-BA3D94F9A8A7-FollowerState] INFO  impl.FollowerState (FollowerState.java:run(152)) - 624d0ae4-c5c0-4b02-bbde-b37f19cf8f9a@group-BA3D94F9A8A7-FollowerState was interrupted
2022-12-08 07:06:31,151 [624d0ae4-c5c0-4b02-bbde-b37f19cf8f9a@group-BA3D94F9A8A7-StateMachineUpdater] INFO  ratis.ContainerStateMachine (ContainerStateMachine.java:takeSnapshot(304)) - group-BA3D94F9A8A7: Taking a snapshot at:(t:1, i:79) file /home/runner/work/ozone/ozone/hadoop-ozone/integration-test/target/test-dir/MiniOzoneClusterImpl-3253a570-fb02-4895-b12a-309bd2ff2d50/datanode-1/data/ratis/9d5f0604-367d-4da6-baea-ba3d94f9a8a7/sm/snapshot.1_79
2022-12-08 07:06:31,154 [EventQueue-CommandQueueReportForCommandQueueReportHandler] WARN  events.EventQueue (EventQueue.java:fireEvent(216)) - No event handler registered for event TypedEvent{payloadType=DatanodeDetails, name='Datanode_Command_Queue_Updated'}
2022-12-08 07:06:31,151 [Command processor thread] INFO  impl.StateMachineUpdater (StateMachineUpdater.java:stopAndJoin(153)) - 624d0ae4-c5c0-4b02-bbde-b37f19cf8f9a@group-BA3D94F9A8A7-StateMachineUpdater: set stopIndex = 79
2022-12-08 07:06:31,162 [grpc-default-executor-4] INFO  server.GrpcLogAppender (GrpcLogAppender.java:onCompleted(415)) - a323b8f8-7c4d-4fe6-8663-2fcba1e99710@group-BA3D94F9A8A7->1fec2e66-b36b-410d-a836-56974e80c6bf-AppendLogResponseHandler: follower responses appendEntries COMPLETED
2022-12-08 07:06:31,162 [grpc-default-executor-4] INFO  leader.FollowerInfo (FollowerInfoImpl.java:lambda$new$0(48)) - a323b8f8-7c4d-4fe6-8663-2fcba1e99710@group-BA3D94F9A8A7->1fec2e66-b36b-410d-a836-56974e80c6bf: nextIndex: updateUnconditionally 79 -> 78
2022-12-08 07:06:31,165 [EventQueue-PipelineReportForPipelineReportHandler] INFO  pipeline.PipelineReportHandler (PipelineReportHandler.java:processPipelineReport(115)) - Reported pipeline PipelineID=9d5f0604-367d-4da6-baea-ba3d94f9a8a7 is not found
2022-12-08 07:06:31,165 [EventQueue-CommandQueueReportForCommandQueueReportHandler] WARN  events.EventQueue (EventQueue.java:fireEvent(216)) - No event handler registered for event TypedEvent{payloadType=DatanodeDetails, name='Datanode_Command_Queue_Updated'}
2022-12-08 07:06:31,166 [Listener at 127.0.0.1/38067] INFO  ozone.MiniOzoneClusterImpl (MiniOzoneClusterImpl.java:lambda$waitForClusterToBeReady$0(216)) - Waiting for nodes to be ready. Got 2 of 7 DN Heartbeats.
2022-12-08 07:06:31,167 [Listener at 127.0.0.1/38067] INFO  ozone.MiniOzoneClusterImpl (MiniOzoneClusterImpl.java:lambda$waitForClusterToBeReady$0(219)) - Waiting for cluster to exit safe mode
2022-12-08 07:06:31,167 [Listener at 127.0.0.1/38067] INFO  ozone.MiniOzoneClusterImpl (MiniOzoneClusterImpl.java:lambda$waitForClusterToBeReady$0(221)) - SCM became leader
2022-12-08 07:06:31,167 [EventQueue-CommandQueueReportForCommandQueueReportHandler] WARN  events.EventQueue (EventQueue.java:fireEvent(216)) - No event handler registered for event TypedEvent{payloadType=DatanodeDetails, name='Datanode_Command_Queue_Updated'}
2022-12-08 07:06:31,170 [Command processor thread] INFO  keyvalue.KeyValueContainer (KeyValueContainer.java:flushAndSyncDB(437)) - Container 7 is synced with bcsId 0.
2022-12-08 07:06:31,170 [Command processor thread] INFO  keyvalue.KeyValueContainer (KeyValueContainer.java:flushAndSyncDB(437)) - Container 7 is synced with bcsId 0.
2022-12-08 07:06:31,175 [Command processor thread] INFO  keyvalue.KeyValueContainer (KeyValueContainer.java:close(352)) - Container 7 is closed with bcsId 0.
2022-12-08 07:06:31,179 [EventQueue-CommandQueueReportForCommandQueueReportHandler] WARN  events.EventQueue (EventQueue.java:fireEvent(216)) - No event handler registered for event TypedEvent{payloadType=DatanodeDetails, name='Datanode_Command_Queue_Updated'}
2022-12-08 07:06:31,180 [Command processor thread] INFO  keyvalue.KeyValueContainer (KeyValueContainer.java:flushAndSyncDB(437)) - Container 5 is synced with bcsId 0.
2022-12-08 07:06:31,181 [EventQueue-CommandQueueReportForCommandQueueReportHandler] WARN  events.EventQueue (EventQueue.java:fireEvent(216)) - No event handler registered for event TypedEvent{payloadType=DatanodeDetails, name='Datanode_Command_Queue_Updated'}
2022-12-08 07:06:31,182 [Command processor thread] INFO  keyvalue.KeyValueContainer (KeyValueContainer.java:flushAndSyncDB(437)) - Container 5 is synced with bcsId 0.
2022-12-08 07:06:31,186 [Command processor thread] INFO  keyvalue.KeyValueContainer (KeyValueContainer.java:close(352)) - Container 5 is closed with bcsId 0.
2022-12-08 07:06:31,188 [EventQueue-CommandQueueReportForCommandQueueReportHandler] WARN  events.EventQueue (EventQueue.java:fireEvent(216)) - No event handler registered for event TypedEvent{payloadType=DatanodeDetails, name='Datanode_Command_Queue_Updated'}
2022-12-08 07:06:31,191 [Command processor thread] INFO  keyvalue.KeyValueContainer (KeyValueContainer.java:flushAndSyncDB(437)) - Container 8 is synced with bcsId 0.
2022-12-08 07:06:31,191 [Command processor thread] INFO  keyvalue.KeyValueContainer (KeyValueContainer.java:flushAndSyncDB(437)) - Container 8 is synced with bcsId 0.
2022-12-08 07:06:31,192 [EventQueue-CommandQueueReportForCommandQueueReportHandler] WARN  events.EventQueue (EventQueue.java:fireEvent(216)) - No event handler registered for event TypedEvent{payloadType=DatanodeDetails, name='Datanode_Command_Queue_Updated'}
2022-12-08 07:06:31,201 [Command processor thread] INFO  keyvalue.KeyValueContainer (KeyValueContainer.java:close(352)) - Container 8 is closed with bcsId 0.
2022-12-08 07:06:31,203 [EventQueue-CommandQueueReportForCommandQueueReportHandler] WARN  events.EventQueue (EventQueue.java:fireEvent(216)) - No event handler registered for event TypedEvent{payloadType=DatanodeDetails, name='Datanode_Command_Queue_Updated'}
2022-12-08 07:06:31,203 [FixedThreadPoolWithAffinityExecutor-8-0] INFO  container.IncrementalContainerReportHandler (AbstractContainerReportHandler.java:updateContainerState(292)) - Moving container #8 to CLOSED state, datanode f4ffb4f0-97dc-4c31-9ebf-2914332a538f{ip: 10.1.0.14, host: fv-az165-805.wtg55dazuvhetdvd2gpth4ys5d.dx.internal.cloudapp.net, ports: [REPLICATION=33383, RATIS=34119, RATIS_ADMIN=34119, RATIS_SERVER=34119, STANDALONE=42873], networkLocation: /default-rack, certSerialId: null, persistedOpState: IN_SERVICE, persistedOpStateExpiryEpochSec: 0} reported CLOSED replica.
2022-12-08 07:06:31,221 [Command processor thread] INFO  server.RaftServer (RaftServerProxy.java:remove(107)) - 1fec2e66-b36b-410d-a836-56974e80c6bf: remove  FOLLOWER 1fec2e66-b36b-410d-a836-56974e80c6bf@group-BA3D94F9A8A7:t1, leader=a323b8f8-7c4d-4fe6-8663-2fcba1e99710, voted=a323b8f8-7c4d-4fe6-8663-2fcba1e99710, raftlog=Memoized:1fec2e66-b36b-410d-a836-56974e80c6bf@group-BA3D94F9A8A7-SegmentedRaftLog:OPENED:c79, conf=0: peers:[624d0ae4-c5c0-4b02-bbde-b37f19cf8f9a|rpc:10.1.0.14:41749|dataStream:|priority:0|startupRole:FOLLOWER, 1fec2e66-b36b-410d-a836-56974e80c6bf|rpc:10.1.0.14:40777|dataStream:|priority:0|startupRole:FOLLOWER, a323b8f8-7c4d-4fe6-8663-2fcba1e99710|rpc:10.1.0.14:38689|dataStream:|priority:1|startupRole:FOLLOWER]|listeners:[], old=null RUNNING
2022-12-08 07:06:31,222 [Command processor thread] INFO  server.RaftServer$Division (RaftServerImpl.java:lambda$close$4(458)) - 1fec2e66-b36b-410d-a836-56974e80c6bf@group-BA3D94F9A8A7: shutdown
2022-12-08 07:06:31,222 [Command processor thread] INFO  util.JmxRegister (JmxRegister.java:unregister(73)) - Successfully un-registered JMX Bean with object name Ratis:service=RaftServer,group=group-BA3D94F9A8A7,id=1fec2e66-b36b-410d-a836-56974e80c6bf
2022-12-08 07:06:31,222 [Command processor thread] INFO  impl.RoleInfo (RoleInfo.java:shutdownFollowerState(110)) - 1fec2e66-b36b-410d-a836-56974e80c6bf: shutdown 1fec2e66-b36b-410d-a836-56974e80c6bf@group-BA3D94F9A8A7-FollowerState
2022-12-08 07:06:31,222 [Command processor thread] INFO  impl.StateMachineUpdater (StateMachineUpdater.java:stopAndJoin(153)) - 1fec2e66-b36b-410d-a836-56974e80c6bf@group-BA3D94F9A8A7-StateMachineUpdater: set stopIndex = 79
2022-12-08 07:06:31,222 [1fec2e66-b36b-410d-a836-56974e80c6bf@group-BA3D94F9A8A7-StateMachineUpdater] INFO  ratis.ContainerStateMachine (ContainerStateMachine.java:takeSnapshot(304)) - group-BA3D94F9A8A7: Taking a snapshot at:(t:1, i:79) file /home/runner/work/ozone/ozone/hadoop-ozone/integration-test/target/test-dir/MiniOzoneClusterImpl-3253a570-fb02-4895-b12a-309bd2ff2d50/datanode-2/data/ratis/9d5f0604-367d-4da6-baea-ba3d94f9a8a7/sm/snapshot.1_79
2022-12-08 07:06:31,223 [1fec2e66-b36b-410d-a836-56974e80c6bf@group-BA3D94F9A8A7-FollowerState] INFO  impl.FollowerState (FollowerState.java:run(152)) - 1fec2e66-b36b-410d-a836-56974e80c6bf@group-BA3D94F9A8A7-FollowerState was interrupted
2022-12-08 07:06:31,226 [EventQueue-CommandQueueReportForCommandQueueReportHandler] WARN  events.EventQueue (EventQueue.java:fireEvent(216)) - No event handler registered for event TypedEvent{payloadType=DatanodeDetails, name='Datanode_Command_Queue_Updated'}
2022-12-08 07:06:31,227 [EventQueue-PipelineReportForPipelineReportHandler] INFO  pipeline.PipelineReportHandler (PipelineReportHandler.java:processPipelineReport(115)) - Reported pipeline PipelineID=9d5f0604-367d-4da6-baea-ba3d94f9a8a7 is not found
2022-12-08 07:06:31,227 [EventQueue-PipelineReportForPipelineReportHandler] INFO  pipeline.PipelineReportHandler (PipelineReportHandler.java:processPipelineReport(115)) - Reported pipeline PipelineID=3370344d-1ee3-4417-a94a-63a4591fc1d5 is not found
2022-12-08 07:06:31,228 [EventQueue-CommandQueueReportForCommandQueueReportHandler] WARN  events.EventQueue (EventQueue.java:fireEvent(216)) - No event handler registered for event TypedEvent{payloadType=DatanodeDetails, name='Datanode_Command_Queue_Updated'}
2022-12-08 07:06:31,261 [Over Replicated Processor] INFO  replication.OverReplicatedProcessor (OverReplicatedProcessor.java:processAll(79)) - Processed 0 over replicated containers, failed processing 0
2022-12-08 07:06:31,263 [EventQueue-CommandQueueReportForCommandQueueReportHandler] WARN  events.EventQueue (EventQueue.java:fireEvent(216)) - No event handler registered for event TypedEvent{payloadType=DatanodeDetails, name='Datanode_Command_Queue_Updated'}
2022-12-08 07:06:31,265 [EventQueue-CommandQueueReportForCommandQueueReportHandler] WARN  events.EventQueue (EventQueue.java:fireEvent(216)) - No event handler registered for event TypedEvent{payloadType=DatanodeDetails, name='Datanode_Command_Queue_Updated'}
2022-12-08 07:06:31,266 [Command processor thread] INFO  keyvalue.KeyValueContainer (KeyValueContainer.java:flushAndSyncDB(437)) - Container 7 is synced with bcsId 0.
2022-12-08 07:06:31,266 [Command processor thread] INFO  keyvalue.KeyValueContainer (KeyValueContainer.java:flushAndSyncDB(437)) - Container 7 is synced with bcsId 0.
2022-12-08 07:06:31,317 [IPC Server handler 1 on default port 43949] INFO  net.NetworkTopologyImpl (NetworkTopologyImpl.java:add(112)) - Added a new node: /default-rack/5de537c7-90df-4f10-a651-9ea369dcfb7f
2022-12-08 07:06:31,317 [IPC Server handler 1 on default port 43949] INFO  node.SCMNodeManager (SCMNodeManager.java:register(397)) - Registered Data node : 5de537c7-90df-4f10-a651-9ea369dcfb7f{ip: 10.1.0.14, host: fv-az165-805.wtg55dazuvhetdvd2gpth4ys5d.dx.internal.cloudapp.net, ports: [REPLICATION=37727, RATIS=34865, RATIS_ADMIN=34865, RATIS_SERVER=34865, STANDALONE=33081], networkLocation: /default-rack, certSerialId: null, persistedOpState: null, persistedOpStateExpiryEpochSec: 0}
2022-12-08 07:06:31,318 [EventQueue-NewNodeForNewNodeHandler] INFO  pipeline.BackgroundPipelineCreator (BackgroundPipelineCreator.java:notifyEventTriggered(276)) - trigger a one-shot run on RatisPipelineUtilsThread.
2022-12-08 07:06:31,318 [EventQueue-NodeRegistrationContainerReportForDataNodeSafeModeRule] INFO  safemode.SCMSafeModeManager (DataNodeSafeModeRule.java:process(71)) - SCM in safe mode. 3 DataNodes registered, 3 required.
2022-12-08 07:06:31,318 [EventQueue-NodeRegistrationContainerReportForDataNodeSafeModeRule] INFO  safemode.SCMSafeModeManager (SCMSafeModeManager.java:validateSafeModeExitRules(200)) - DataNodeSafeModeRule rule is successfully validated
2022-12-08 07:06:31,318 [EventQueue-NodeRegistrationContainerReportForDataNodeSafeModeRule] INFO  safemode.SCMSafeModeManager (SCMSafeModeManager.java:completePreCheck(229)) - All SCM safe mode pre check rules have passed
2022-12-08 07:06:31,318 [EventQueue-NodeRegistrationContainerReportForDataNodeSafeModeRule] INFO  ha.SCMContext (SCMContext.java:updateSafeModeStatus(228)) - Update SafeModeStatus from SafeModeStatus{safeModeStatus=true, preCheckPassed=false} to SafeModeStatus{safeModeStatus=true, preCheckPassed=true}.
2022-12-08 07:06:31,319 [EventQueue-NodeRegistrationContainerReportForDataNodeSafeModeRule] INFO  pipeline.BackgroundPipelineCreator (BackgroundPipelineCreator.java:notifyEventTriggered(276)) - trigger a one-shot run on RatisPipelineUtilsThread.
2022-12-08 07:06:31,322 [RatisPipelineUtilsThread - 0] INFO  pipeline.RatisPipelineProvider (RatisPipelineProvider.java:lambda$create$0(195)) - Sending CreatePipelineCommand for pipeline:PipelineID=e6962b6d-36c9-4945-a5c9-3e7c8dd22cbd to datanode:5de537c7-90df-4f10-a651-9ea369dcfb7f
2022-12-08 07:06:31,325 [RatisPipelineUtilsThread - 0] INFO  pipeline.PipelineStateManagerImpl (PipelineStateManagerImpl.java:addPipeline(103)) - Created pipeline Pipeline[ Id: e6962b6d-36c9-4945-a5c9-3e7c8dd22cbd, Nodes: 5de537c7-90df-4f10-a651-9ea369dcfb7f{ip: 10.1.0.14, host: fv-az165-805.wtg55dazuvhetdvd2gpth4ys5d.dx.internal.cloudapp.net, ports: [REPLICATION=37727, RATIS=34865, RATIS_ADMIN=34865, RATIS_SERVER=34865, STANDALONE=33081], networkLocation: /default-rack, certSerialId: null, persistedOpState: IN_SERVICE, persistedOpStateExpiryEpochSec: 0}, ReplicationConfig: RATIS/ONE, State:ALLOCATED, leaderId:, CreationTimestamp2022-12-08T07:06:31.318Z[Etc/UTC]].
2022-12-08 07:06:31,325 [RatisPipelineUtilsThread - 0] INFO  pipeline.RatisPipelineProvider (RatisPipelineProvider.java:lambda$create$0(195)) - Sending CreatePipelineCommand for pipeline:PipelineID=7c48609e-f6e9-4360-9262-529fb1f448b5 to datanode:058e5e99-a8f6-4821-8c5b-5a3d1bcc7ba8
2022-12-08 07:06:31,326 [RatisPipelineUtilsThread - 0] INFO  pipeline.RatisPipelineProvider (RatisPipelineProvider.java:lambda$create$0(195)) - Sending CreatePipelineCommand for pipeline:PipelineID=7c48609e-f6e9-4360-9262-529fb1f448b5 to datanode:dc0237ef-1609-4756-90d6-b66d262b465e
2022-12-08 07:06:31,326 [RatisPipelineUtilsThread - 0] INFO  pipeline.RatisPipelineProvider (RatisPipelineProvider.java:lambda$create$0(195)) - Sending CreatePipelineCommand for pipeline:PipelineID=7c48609e-f6e9-4360-9262-529fb1f448b5 to datanode:5de537c7-90df-4f10-a651-9ea369dcfb7f
2022-12-08 07:06:31,326 [RatisPipelineUtilsThread - 0] INFO  pipeline.PipelineStateManagerImpl (PipelineStateManagerImpl.java:addPipeline(103)) - Created pipeline Pipeline[ Id: 7c48609e-f6e9-4360-9262-529fb1f448b5, Nodes: 058e5e99-a8f6-4821-8c5b-5a3d1bcc7ba8{ip: 10.1.0.14, host: fv-az165-805.wtg55dazuvhetdvd2gpth4ys5d.dx.internal.cloudapp.net, ports: [REPLICATION=40863, RATIS=40457, RATIS_ADMIN=40457, RATIS_SERVER=40457, STANDALONE=40501], networkLocation: /default-rack, certSerialId: null, persistedOpState: IN_SERVICE, persistedOpStateExpiryEpochSec: 0}dc0237ef-1609-4756-90d6-b66d262b465e{ip: 10.1.0.14, host: fv-az165-805.wtg55dazuvhetdvd2gpth4ys5d.dx.internal.cloudapp.net, ports: [REPLICATION=34201, RATIS=46665, RATIS_ADMIN=46665, RATIS_SERVER=46665, STANDALONE=35881], networkLocation: /default-rack, certSerialId: null, persistedOpState: IN_SERVICE, persistedOpStateExpiryEpochSec: 0}5de537c7-90df-4f10-a651-9ea369dcfb7f{ip: 10.1.0.14, host: fv-az165-805.wtg55dazuvhetdvd2gpth4ys5d.dx.internal.cloudapp.net, ports: [REPLICATION=37727, RATIS=34865, RATIS_ADMIN=34865, RATIS_SERVER=34865, STANDALONE=33081], networkLocation: /default-rack, certSerialId: null, persistedOpState: IN_SERVICE, persistedOpStateExpiryEpochSec: 0}, ReplicationConfig: RATIS/THREE, State:ALLOCATED, leaderId:, CreationTimestamp2022-12-08T07:06:31.325Z[Etc/UTC]].
2022-12-08 07:06:31,328 [Command processor thread] INFO  keyvalue.KeyValueContainer (KeyValueContainer.java:close(352)) - Container 7 is closed with bcsId 0.
2022-12-08 07:06:31,332 [EventQueue-CommandQueueReportForCommandQueueReportHandler] WARN  events.EventQueue (EventQueue.java:fireEvent(216)) - No event handler registered for event TypedEvent{payloadType=DatanodeDetails, name='Datanode_Command_Queue_Updated'}
2022-12-08 07:06:31,344 [Command processor thread] INFO  keyvalue.KeyValueContainer (KeyValueContainer.java:flushAndSyncDB(437)) - Container 8 is synced with bcsId 0.
2022-12-08 07:06:31,344 [Command processor thread] INFO  keyvalue.KeyValueContainer (KeyValueContainer.java:flushAndSyncDB(437)) - Container 8 is synced with bcsId 0.
2022-12-08 07:06:31,353 [EventQueue-CommandQueueReportForCommandQueueReportHandler] WARN  events.EventQueue (EventQueue.java:fireEvent(216)) - No event handler registered for event TypedEvent{payloadType=DatanodeDetails, name='Datanode_Command_Queue_Updated'}
2022-12-08 07:06:31,354 [Command processor thread] INFO  keyvalue.KeyValueContainer (KeyValueContainer.java:close(352)) - Container 8 is closed with bcsId 0.
2022-12-08 07:06:31,355 [EventQueue-CommandQueueReportForCommandQueueReportHandler] WARN  events.EventQueue (EventQueue.java:fireEvent(216)) - No event handler registered for event TypedEvent{payloadType=DatanodeDetails, name='Datanode_Command_Queue_Updated'}
2022-12-08 07:06:31,374 [a323b8f8-7c4d-4fe6-8663-2fcba1e99710@group-BA3D94F9A8A7-StateMachineUpdater] INFO  ratis.ContainerStateMachine (ContainerStateMachine.java:takeSnapshot(315)) - group-BA3D94F9A8A7: Finished taking a snapshot at:(t:1, i:79) file:/home/runner/work/ozone/ozone/hadoop-ozone/integration-test/target/test-dir/MiniOzoneClusterImpl-3253a570-fb02-4895-b12a-309bd2ff2d50/datanode-0/data/ratis/9d5f0604-367d-4da6-baea-ba3d94f9a8a7/sm/snapshot.1_79 took: 229 ms
2022-12-08 07:06:31,374 [624d0ae4-c5c0-4b02-bbde-b37f19cf8f9a@group-BA3D94F9A8A7-StateMachineUpdater] INFO  ratis.ContainerStateMachine (ContainerStateMachine.java:takeSnapshot(315)) - group-BA3D94F9A8A7: Finished taking a snapshot at:(t:1, i:79) file:/home/runner/work/ozone/ozone/hadoop-ozone/integration-test/target/test-dir/MiniOzoneClusterImpl-3253a570-fb02-4895-b12a-309bd2ff2d50/datanode-1/data/ratis/9d5f0604-367d-4da6-baea-ba3d94f9a8a7/sm/snapshot.1_79 took: 222 ms
2022-12-08 07:06:31,374 [1fec2e66-b36b-410d-a836-56974e80c6bf@group-BA3D94F9A8A7-StateMachineUpdater] INFO  ratis.ContainerStateMachine (ContainerStateMachine.java:takeSnapshot(315)) - group-BA3D94F9A8A7: Finished taking a snapshot at:(t:1, i:79) file:/home/runner/work/ozone/ozone/hadoop-ozone/integration-test/target/test-dir/MiniOzoneClusterImpl-3253a570-fb02-4895-b12a-309bd2ff2d50/datanode-2/data/ratis/9d5f0604-367d-4da6-baea-ba3d94f9a8a7/sm/snapshot.1_79 took: 152 ms
2022-12-08 07:06:31,377 [1fec2e66-b36b-410d-a836-56974e80c6bf@group-BA3D94F9A8A7-StateMachineUpdater] INFO  impl.StateMachineUpdater (StateMachineUpdater.java:takeSnapshot(287)) - 1fec2e66-b36b-410d-a836-56974e80c6bf@group-BA3D94F9A8A7-StateMachineUpdater: Took a snapshot at index 79
2022-12-08 07:06:31,377 [a323b8f8-7c4d-4fe6-8663-2fcba1e99710@group-BA3D94F9A8A7-StateMachineUpdater] INFO  impl.StateMachineUpdater (StateMachineUpdater.java:takeSnapshot(287)) - a323b8f8-7c4d-4fe6-8663-2fcba1e99710@group-BA3D94F9A8A7-StateMachineUpdater: Took a snapshot at index 79
2022-12-08 07:06:31,377 [a323b8f8-7c4d-4fe6-8663-2fcba1e99710@group-BA3D94F9A8A7-StateMachineUpdater] INFO  impl.StateMachineUpdater (StateMachineUpdater.java:lambda$new$0(92)) - a323b8f8-7c4d-4fe6-8663-2fcba1e99710@group-BA3D94F9A8A7-StateMachineUpdater: snapshotIndex: updateIncreasingly -1 -> 79
2022-12-08 07:06:31,377 [1fec2e66-b36b-410d-a836-56974e80c6bf@group-BA3D94F9A8A7-StateMachineUpdater] INFO  impl.StateMachineUpdater (StateMachineUpdater.java:lambda$new$0(92)) - 1fec2e66-b36b-410d-a836-56974e80c6bf@group-BA3D94F9A8A7-StateMachineUpdater: snapshotIndex: updateIncreasingly -1 -> 79
2022-12-08 07:06:31,377 [624d0ae4-c5c0-4b02-bbde-b37f19cf8f9a@group-BA3D94F9A8A7-StateMachineUpdater] INFO  impl.StateMachineUpdater (StateMachineUpdater.java:takeSnapshot(287)) - 624d0ae4-c5c0-4b02-bbde-b37f19cf8f9a@group-BA3D94F9A8A7-StateMachineUpdater: Took a snapshot at index 79
2022-12-08 07:06:31,378 [624d0ae4-c5c0-4b02-bbde-b37f19cf8f9a@group-BA3D94F9A8A7-StateMachineUpdater] INFO  impl.StateMachineUpdater (StateMachineUpdater.java:lambda$new$0(92)) - 624d0ae4-c5c0-4b02-bbde-b37f19cf8f9a@group-BA3D94F9A8A7-StateMachineUpdater: snapshotIndex: updateIncreasingly -1 -> 79
2022-12-08 07:06:31,388 [Command processor thread] INFO  server.RaftServer$Division (ServerState.java:close(466)) - 1fec2e66-b36b-410d-a836-56974e80c6bf@group-BA3D94F9A8A7: closes. applyIndex: 79
2022-12-08 07:06:31,389 [Command processor thread] INFO  server.RaftServer$Division (ServerState.java:close(466)) - a323b8f8-7c4d-4fe6-8663-2fcba1e99710@group-BA3D94F9A8A7: closes. applyIndex: 79
2022-12-08 07:06:31,389 [Command processor thread] INFO  server.RaftServer$Division (ServerState.java:close(466)) - 624d0ae4-c5c0-4b02-bbde-b37f19cf8f9a@group-BA3D94F9A8A7: closes. applyIndex: 79
2022-12-08 07:06:31,390 [624d0ae4-c5c0-4b02-bbde-b37f19cf8f9a@group-BA3D94F9A8A7-SegmentedRaftLogWorker] INFO  segmented.SegmentedRaftLogWorker (SegmentedRaftLogWorker.java:run(347)) - 624d0ae4-c5c0-4b02-bbde-b37f19cf8f9a@group-BA3D94F9A8A7-SegmentedRaftLogWorker was interrupted, exiting. There are 0 tasks remaining in the queue.
2022-12-08 07:06:31,390 [a323b8f8-7c4d-4fe6-8663-2fcba1e99710@group-BA3D94F9A8A7-SegmentedRaftLogWorker] INFO  segmented.SegmentedRaftLogWorker (SegmentedRaftLogWorker.java:run(347)) - a323b8f8-7c4d-4fe6-8663-2fcba1e99710@group-BA3D94F9A8A7-SegmentedRaftLogWorker was interrupted, exiting. There are 0 tasks remaining in the queue.
2022-12-08 07:06:31,390 [Command processor thread] INFO  segmented.SegmentedRaftLogWorker (SegmentedRaftLogWorker.java:close(257)) - 624d0ae4-c5c0-4b02-bbde-b37f19cf8f9a@group-BA3D94F9A8A7-SegmentedRaftLogWorker close()
2022-12-08 07:06:31,391 [1fec2e66-b36b-410d-a836-56974e80c6bf@group-BA3D94F9A8A7-SegmentedRaftLogWorker] INFO  segmented.SegmentedRaftLogWorker (SegmentedRaftLogWorker.java:run(347)) - 1fec2e66-b36b-410d-a836-56974e80c6bf@group-BA3D94F9A8A7-SegmentedRaftLogWorker was interrupted, exiting. There are 0 tasks remaining in the queue.
2022-12-08 07:06:31,391 [Command processor thread] INFO  segmented.SegmentedRaftLogWorker (SegmentedRaftLogWorker.java:close(257)) - 1fec2e66-b36b-410d-a836-56974e80c6bf@group-BA3D94F9A8A7-SegmentedRaftLogWorker close()
2022-12-08 07:06:31,391 [Command processor thread] INFO  segmented.SegmentedRaftLogWorker (SegmentedRaftLogWorker.java:close(257)) - a323b8f8-7c4d-4fe6-8663-2fcba1e99710@group-BA3D94F9A8A7-SegmentedRaftLogWorker close()
2022-12-08 07:06:31,406 [EventQueue-CommandQueueReportForCommandQueueReportHandler] WARN  events.EventQueue (EventQueue.java:fireEvent(216)) - No event handler registered for event TypedEvent{payloadType=DatanodeDetails, name='Datanode_Command_Queue_Updated'}
2022-12-08 07:06:31,407 [EventQueue-CommandQueueReportForCommandQueueReportHandler] WARN  events.EventQueue (EventQueue.java:fireEvent(216)) - No event handler registered for event TypedEvent{payloadType=DatanodeDetails, name='Datanode_Command_Queue_Updated'}
2022-12-08 07:06:31,411 [EventQueue-CommandQueueReportForCommandQueueReportHandler] WARN  events.EventQueue (EventQueue.java:fireEvent(216)) - No event handler registered for event TypedEvent{payloadType=DatanodeDetails, name='Datanode_Command_Queue_Updated'}
2022-12-08 07:06:31,412 [Command processor thread] INFO  keyvalue.KeyValueContainer (KeyValueContainer.java:flushAndSyncDB(437)) - Container 1 is synced with bcsId 74.
2022-12-08 07:06:31,412 [Command processor thread] INFO  keyvalue.KeyValueContainer (KeyValueContainer.java:flushAndSyncDB(437)) - Container 1 is synced with bcsId 74.
2022-12-08 07:06:31,413 [Command processor thread] INFO  keyvalue.KeyValueContainer (KeyValueContainer.java:flushAndSyncDB(437)) - Container 1 is synced with bcsId 74.
2022-12-08 07:06:31,413 [Command processor thread] INFO  keyvalue.KeyValueContainer (KeyValueContainer.java:flushAndSyncDB(437)) - Container 1 is synced with bcsId 74.
2022-12-08 07:06:31,415 [Command processor thread] INFO  keyvalue.KeyValueContainer (KeyValueContainer.java:flushAndSyncDB(437)) - Container 1 is synced with bcsId 74.
2022-12-08 07:06:31,416 [Command processor thread] INFO  keyvalue.KeyValueContainer (KeyValueContainer.java:flushAndSyncDB(437)) - Container 1 is synced with bcsId 74.
2022-12-08 07:06:31,420 [FixedThreadPoolWithAffinityExecutor-1-0] INFO  container.IncrementalContainerReportHandler (AbstractContainerReportHandler.java:updateContainerState(285)) - Moving container #1 to QUASI_CLOSED state, datanode 1fec2e66-b36b-410d-a836-56974e80c6bf{ip: 10.1.0.14, host: fv-az165-805.wtg55dazuvhetdvd2gpth4ys5d.dx.internal.cloudapp.net, ports: [REPLICATION=42005, RATIS=40777, RATIS_ADMIN=40777, RATIS_SERVER=40777, STANDALONE=40099], networkLocation: /default-rack, certSerialId: null, persistedOpState: DECOMMISSIONING, persistedOpStateExpiryEpochSec: 0} reported QUASI_CLOSED replica.
2022-12-08 07:06:31,420 [EventQueue-CommandQueueReportForCommandQueueReportHandler] WARN  events.EventQueue (EventQueue.java:fireEvent(216)) - No event handler registered for event TypedEvent{payloadType=DatanodeDetails, name='Datanode_Command_Queue_Updated'}
2022-12-08 07:06:31,422 [EventQueue-CommandQueueReportForCommandQueueReportHandler] WARN  events.EventQueue (EventQueue.java:fireEvent(216)) - No event handler registered for event TypedEvent{payloadType=DatanodeDetails, name='Datanode_Command_Queue_Updated'}
2022-12-08 07:06:31,424 [EventQueue-CommandQueueReportForCommandQueueReportHandler] WARN  events.EventQueue (EventQueue.java:fireEvent(216)) - No event handler registered for event TypedEvent{payloadType=DatanodeDetails, name='Datanode_Command_Queue_Updated'}
2022-12-08 07:06:31,426 [Command processor thread] INFO  keyvalue.KeyValueContainer (KeyValueContainer.java:flushAndSyncDB(437)) - Container 2 is synced with bcsId 77.
2022-12-08 07:06:31,426 [Command processor thread] INFO  keyvalue.KeyValueContainer (KeyValueContainer.java:flushAndSyncDB(437)) - Container 2 is synced with bcsId 77.
2022-12-08 07:06:31,427 [EventQueue-CommandQueueReportForCommandQueueReportHandler] WARN  events.EventQueue (EventQueue.java:fireEvent(216)) - No event handler registered for event TypedEvent{payloadType=DatanodeDetails, name='Datanode_Command_Queue_Updated'}
2022-12-08 07:06:31,428 [Command processor thread] INFO  keyvalue.KeyValueContainer (KeyValueContainer.java:flushAndSyncDB(437)) - Container 2 is synced with bcsId 77.
2022-12-08 07:06:31,428 [Command processor thread] INFO  keyvalue.KeyValueContainer (KeyValueContainer.java:flushAndSyncDB(437)) - Container 2 is synced with bcsId 77.
2022-12-08 07:06:31,429 [EventQueue-CommandQueueReportForCommandQueueReportHandler] WARN  events.EventQueue (EventQueue.java:fireEvent(216)) - No event handler registered for event TypedEvent{payloadType=DatanodeDetails, name='Datanode_Command_Queue_Updated'}
2022-12-08 07:06:31,431 [EventQueue-CommandQueueReportForCommandQueueReportHandler] WARN  events.EventQueue (EventQueue.java:fireEvent(216)) - No event handler registered for event TypedEvent{payloadType=DatanodeDetails, name='Datanode_Command_Queue_Updated'}
2022-12-08 07:06:31,431 [Command processor thread] INFO  keyvalue.KeyValueContainer (KeyValueContainer.java:flushAndSyncDB(437)) - Container 2 is synced with bcsId 77.
2022-12-08 07:06:31,432 [Command processor thread] INFO  keyvalue.KeyValueContainer (KeyValueContainer.java:flushAndSyncDB(437)) - Container 2 is synced with bcsId 77.
2022-12-08 07:06:31,437 [FixedThreadPoolWithAffinityExecutor-1-0] INFO  container.IncrementalContainerReportHandler (AbstractContainerReportHandler.java:updateContainerState(285)) - Moving container #2 to QUASI_CLOSED state, datanode 624d0ae4-c5c0-4b02-bbde-b37f19cf8f9a{ip: 10.1.0.14, host: fv-az165-805.wtg55dazuvhetdvd2gpth4ys5d.dx.internal.cloudapp.net, ports: [REPLICATION=39487, RATIS=41749, RATIS_ADMIN=41749, RATIS_SERVER=41749, STANDALONE=43743], networkLocation: /default-rack, certSerialId: null, persistedOpState: IN_SERVICE, persistedOpStateExpiryEpochSec: 0} reported QUASI_CLOSED replica.
2022-12-08 07:06:31,437 [EventQueue-CommandQueueReportForCommandQueueReportHandler] WARN  events.EventQueue (EventQueue.java:fireEvent(216)) - No event handler registered for event TypedEvent{payloadType=DatanodeDetails, name='Datanode_Command_Queue_Updated'}
2022-12-08 07:06:31,440 [EventQueue-CommandQueueReportForCommandQueueReportHandler] WARN  events.EventQueue (EventQueue.java:fireEvent(216)) - No event handler registered for event TypedEvent{payloadType=DatanodeDetails, name='Datanode_Command_Queue_Updated'}
2022-12-08 07:06:31,441 [EventQueue-CommandQueueReportForCommandQueueReportHandler] WARN  events.EventQueue (EventQueue.java:fireEvent(216)) - No event handler registered for event TypedEvent{payloadType=DatanodeDetails, name='Datanode_Command_Queue_Updated'}
2022-12-08 07:06:31,444 [Command processor thread] INFO  keyvalue.KeyValueContainer (KeyValueContainer.java:flushAndSyncDB(437)) - Container 3 is synced with bcsId 69.
2022-12-08 07:06:31,445 [Command processor thread] INFO  keyvalue.KeyValueContainer (KeyValueContainer.java:flushAndSyncDB(437)) - Container 3 is synced with bcsId 69.
2022-12-08 07:06:31,445 [EventQueue-CommandQueueReportForCommandQueueReportHandler] WARN  events.EventQueue (EventQueue.java:fireEvent(216)) - No event handler registered for event TypedEvent{payloadType=DatanodeDetails, name='Datanode_Command_Queue_Updated'}
2022-12-08 07:06:31,445 [Command processor thread] INFO  keyvalue.KeyValueContainer (KeyValueContainer.java:flushAndSyncDB(437)) - Container 3 is synced with bcsId 69.
2022-12-08 07:06:31,446 [Command processor thread] INFO  keyvalue.KeyValueContainer (KeyValueContainer.java:flushAndSyncDB(437)) - Container 3 is synced with bcsId 69.
2022-12-08 07:06:31,449 [EventQueue-CommandQueueReportForCommandQueueReportHandler] WARN  events.EventQueue (EventQueue.java:fireEvent(216)) - No event handler registered for event TypedEvent{payloadType=DatanodeDetails, name='Datanode_Command_Queue_Updated'}
2022-12-08 07:06:31,455 [EventQueue-CommandQueueReportForCommandQueueReportHandler] WARN  events.EventQueue (EventQueue.java:fireEvent(216)) - No event handler registered for event TypedEvent{payloadType=DatanodeDetails, name='Datanode_Command_Queue_Updated'}
2022-12-08 07:06:31,456 [Command processor thread] INFO  keyvalue.KeyValueContainer (KeyValueContainer.java:flushAndSyncDB(437)) - Container 3 is synced with bcsId 69.
2022-12-08 07:06:31,456 [Command processor thread] INFO  keyvalue.KeyValueContainer (KeyValueContainer.java:flushAndSyncDB(437)) - Container 3 is synced with bcsId 69.
2022-12-08 07:06:31,459 [FixedThreadPoolWithAffinityExecutor-1-0] INFO  container.IncrementalContainerReportHandler (AbstractContainerReportHandler.java:updateContainerState(285)) - Moving container #3 to QUASI_CLOSED state, datanode 1fec2e66-b36b-410d-a836-56974e80c6bf{ip: 10.1.0.14, host: fv-az165-805.wtg55dazuvhetdvd2gpth4ys5d.dx.internal.cloudapp.net, ports: [REPLICATION=42005, RATIS=40777, RATIS_ADMIN=40777, RATIS_SERVER=40777, STANDALONE=40099], networkLocation: /default-rack, certSerialId: null, persistedOpState: DECOMMISSIONING, persistedOpStateExpiryEpochSec: 0} reported QUASI_CLOSED replica.
2022-12-08 07:06:31,459 [EventQueue-CommandQueueReportForCommandQueueReportHandler] WARN  events.EventQueue (EventQueue.java:fireEvent(216)) - No event handler registered for event TypedEvent{payloadType=DatanodeDetails, name='Datanode_Command_Queue_Updated'}
2022-12-08 07:06:31,461 [EventQueue-CommandQueueReportForCommandQueueReportHandler] WARN  events.EventQueue (EventQueue.java:fireEvent(216)) - No event handler registered for event TypedEvent{payloadType=DatanodeDetails, name='Datanode_Command_Queue_Updated'}
2022-12-08 07:06:31,464 [Command processor thread] INFO  server.RaftServer$Division (RaftServerImpl.java:groupRemove(428)) - 1fec2e66-b36b-410d-a836-56974e80c6bf@group-BA3D94F9A8A7: Succeed to remove RaftStorageDirectory Storage Directory /home/runner/work/ozone/ozone/hadoop-ozone/integration-test/target/test-dir/MiniOzoneClusterImpl-3253a570-fb02-4895-b12a-309bd2ff2d50/datanode-2/data/ratis/9d5f0604-367d-4da6-baea-ba3d94f9a8a7
2022-12-08 07:06:31,465 [Command processor thread] INFO  commandhandler.ClosePipelineCommandHandler (ClosePipelineCommandHandler.java:handle(78)) - Close Pipeline PipelineID=9d5f0604-367d-4da6-baea-ba3d94f9a8a7 command on datanode 1fec2e66-b36b-410d-a836-56974e80c6bf.
2022-12-08 07:06:31,469 [EventQueue-CommandQueueReportForCommandQueueReportHandler] WARN  events.EventQueue (EventQueue.java:fireEvent(216)) - No event handler registered for event TypedEvent{payloadType=DatanodeDetails, name='Datanode_Command_Queue_Updated'}
2022-12-08 07:06:31,470 [Command processor thread] INFO  server.RaftServer$Division (RaftServerImpl.java:groupRemove(428)) - 624d0ae4-c5c0-4b02-bbde-b37f19cf8f9a@group-BA3D94F9A8A7: Succeed to remove RaftStorageDirectory Storage Directory /home/runner/work/ozone/ozone/hadoop-ozone/integration-test/target/test-dir/MiniOzoneClusterImpl-3253a570-fb02-4895-b12a-309bd2ff2d50/datanode-1/data/ratis/9d5f0604-367d-4da6-baea-ba3d94f9a8a7
2022-12-08 07:06:31,470 [Command processor thread] INFO  commandhandler.ClosePipelineCommandHandler (ClosePipelineCommandHandler.java:handle(78)) - Close Pipeline PipelineID=9d5f0604-367d-4da6-baea-ba3d94f9a8a7 command on datanode 624d0ae4-c5c0-4b02-bbde-b37f19cf8f9a.
2022-12-08 07:06:31,473 [Command processor thread] INFO  server.RaftServer$Division (RaftServerImpl.java:groupRemove(428)) - a323b8f8-7c4d-4fe6-8663-2fcba1e99710@group-BA3D94F9A8A7: Succeed to remove RaftStorageDirectory Storage Directory /home/runner/work/ozone/ozone/hadoop-ozone/integration-test/target/test-dir/MiniOzoneClusterImpl-3253a570-fb02-4895-b12a-309bd2ff2d50/datanode-0/data/ratis/9d5f0604-367d-4da6-baea-ba3d94f9a8a7
2022-12-08 07:06:31,474 [Command processor thread] INFO  commandhandler.ClosePipelineCommandHandler (ClosePipelineCommandHandler.java:handle(78)) - Close Pipeline PipelineID=9d5f0604-367d-4da6-baea-ba3d94f9a8a7 command on datanode a323b8f8-7c4d-4fe6-8663-2fcba1e99710.
2022-12-08 07:06:31,481 [EventQueue-CommandQueueReportForCommandQueueReportHandler] WARN  events.EventQueue (EventQueue.java:fireEvent(216)) - No event handler registered for event TypedEvent{payloadType=DatanodeDetails, name='Datanode_Command_Queue_Updated'}
2022-12-08 07:06:31,482 [Command processor thread] INFO  keyvalue.KeyValueContainer (KeyValueContainer.java:flushAndSyncDB(437)) - Container 5 is synced with bcsId 0.
2022-12-08 07:06:31,482 [Command processor thread] INFO  keyvalue.KeyValueContainer (KeyValueContainer.java:flushAndSyncDB(437)) - Container 5 is synced with bcsId 0.
2022-12-08 07:06:31,484 [Command processor thread] INFO  keyvalue.KeyValueContainer (KeyValueContainer.java:flushAndSyncDB(437)) - Container 5 is synced with bcsId 0.
2022-12-08 07:06:31,485 [EventQueue-CommandQueueReportForCommandQueueReportHandler] WARN  events.EventQueue (EventQueue.java:fireEvent(216)) - No event handler registered for event TypedEvent{payloadType=DatanodeDetails, name='Datanode_Command_Queue_Updated'}
2022-12-08 07:06:31,486 [EventQueue-CommandQueueReportForCommandQueueReportHandler] WARN  events.EventQueue (EventQueue.java:fireEvent(216)) - No event handler registered for event TypedEvent{payloadType=DatanodeDetails, name='Datanode_Command_Queue_Updated'}
2022-12-08 07:06:31,486 [Command processor thread] INFO  keyvalue.KeyValueContainer (KeyValueContainer.java:flushAndSyncDB(437)) - Container 5 is synced with bcsId 0.
2022-12-08 07:06:31,487 [Command processor thread] INFO  keyvalue.KeyValueContainer (KeyValueContainer.java:flushAndSyncDB(437)) - Container 7 is synced with bcsId 0.
2022-12-08 07:06:31,487 [Command processor thread] INFO  keyvalue.KeyValueContainer (KeyValueContainer.java:flushAndSyncDB(437)) - Container 7 is synced with bcsId 0.
2022-12-08 07:06:31,490 [Command processor thread] INFO  keyvalue.KeyValueContainer (KeyValueContainer.java:close(352)) - Container 5 is closed with bcsId 0.
2022-12-08 07:06:31,492 [EventQueue-CommandQueueReportForCommandQueueReportHandler] WARN  events.EventQueue (EventQueue.java:fireEvent(216)) - No event handler registered for event TypedEvent{payloadType=DatanodeDetails, name='Datanode_Command_Queue_Updated'}
2022-12-08 07:06:31,492 [Command processor thread] INFO  keyvalue.KeyValueContainer (KeyValueContainer.java:close(352)) - Container 5 is closed with bcsId 0.
2022-12-08 07:06:31,492 [Command processor thread] INFO  keyvalue.KeyValueContainer (KeyValueContainer.java:close(352)) - Container 7 is closed with bcsId 0.
2022-12-08 07:06:31,495 [EventQueue-CommandQueueReportForCommandQueueReportHandler] WARN  events.EventQueue (EventQueue.java:fireEvent(216)) - No event handler registered for event TypedEvent{payloadType=DatanodeDetails, name='Datanode_Command_Queue_Updated'}
2022-12-08 07:06:31,495 [EventQueue-CommandQueueReportForCommandQueueReportHandler] WARN  events.EventQueue (EventQueue.java:fireEvent(216)) - No event handler registered for event TypedEvent{payloadType=DatanodeDetails, name='Datanode_Command_Queue_Updated'}
2022-12-08 07:06:31,498 [Command processor thread] INFO  keyvalue.KeyValueContainer (KeyValueContainer.java:flushAndSyncDB(437)) - Container 4 is synced with bcsId 0.
2022-12-08 07:06:31,499 [Command processor thread] INFO  keyvalue.KeyValueContainer (KeyValueContainer.java:flushAndSyncDB(437)) - Container 4 is synced with bcsId 0.
2022-12-08 07:06:31,499 [EventQueue-CommandQueueReportForCommandQueueReportHandler] WARN  events.EventQueue (EventQueue.java:fireEvent(216)) - No event handler registered for event TypedEvent{payloadType=DatanodeDetails, name='Datanode_Command_Queue_Updated'}
2022-12-08 07:06:31,500 [Command processor thread] INFO  keyvalue.KeyValueContainer (KeyValueContainer.java:flushAndSyncDB(437)) - Container 4 is synced with bcsId 0.
2022-12-08 07:06:31,500 [Command processor thread] INFO  keyvalue.KeyValueContainer (KeyValueContainer.java:flushAndSyncDB(437)) - Container 4 is synced with bcsId 0.
2022-12-08 07:06:31,501 [EventQueue-CommandQueueReportForCommandQueueReportHandler] WARN  events.EventQueue (EventQueue.java:fireEvent(216)) - No event handler registered for event TypedEvent{payloadType=DatanodeDetails, name='Datanode_Command_Queue_Updated'}
2022-12-08 07:06:31,499 [Command processor thread] INFO  keyvalue.KeyValueContainer (KeyValueContainer.java:flushAndSyncDB(437)) - Container 5 is synced with bcsId 0.
2022-12-08 07:06:31,501 [Command processor thread] INFO  keyvalue.KeyValueContainer (KeyValueContainer.java:flushAndSyncDB(437)) - Container 5 is synced with bcsId 0.
2022-12-08 07:06:31,504 [EventQueue-CommandQueueReportForCommandQueueReportHandler] WARN  events.EventQueue (EventQueue.java:fireEvent(216)) - No event handler registered for event TypedEvent{payloadType=DatanodeDetails, name='Datanode_Command_Queue_Updated'}
2022-12-08 07:06:31,505 [Command processor thread] INFO  keyvalue.KeyValueContainer (KeyValueContainer.java:close(352)) - Container 4 is closed with bcsId 0.
2022-12-08 07:06:31,505 [Command processor thread] INFO  keyvalue.KeyValueContainer (KeyValueContainer.java:close(352)) - Container 4 is closed with bcsId 0.
2022-12-08 07:06:31,506 [Command processor thread] INFO  keyvalue.KeyValueContainer (KeyValueContainer.java:close(352)) - Container 5 is closed with bcsId 0.
2022-12-08 07:06:31,507 [EventQueue-CommandQueueReportForCommandQueueReportHandler] WARN  events.EventQueue (EventQueue.java:fireEvent(216)) - No event handler registered for event TypedEvent{payloadType=DatanodeDetails, name='Datanode_Command_Queue_Updated'}
2022-12-08 07:06:31,508 [EventQueue-CommandQueueReportForCommandQueueReportHandler] WARN  events.EventQueue (EventQueue.java:fireEvent(216)) - No event handler registered for event TypedEvent{payloadType=DatanodeDetails, name='Datanode_Command_Queue_Updated'}
2022-12-08 07:06:31,509 [EventQueue-CommandQueueReportForCommandQueueReportHandler] WARN  events.EventQueue (EventQueue.java:fireEvent(216)) - No event handler registered for event TypedEvent{payloadType=DatanodeDetails, name='Datanode_Command_Queue_Updated'}
2022-12-08 07:06:31,514 [Command processor thread] INFO  keyvalue.KeyValueContainer (KeyValueContainer.java:flushAndSyncDB(437)) - Container 8 is synced with bcsId 0.
2022-12-08 07:06:31,515 [Command processor thread] INFO  keyvalue.KeyValueContainer (KeyValueContainer.java:flushAndSyncDB(437)) - Container 8 is synced with bcsId 0.
2022-12-08 07:06:31,515 [EventQueue-CommandQueueReportForCommandQueueReportHandler] WARN  events.EventQueue (EventQueue.java:fireEvent(216)) - No event handler registered for event TypedEvent{payloadType=DatanodeDetails, name='Datanode_Command_Queue_Updated'}
2022-12-08 07:06:31,515 [Command processor thread] INFO  keyvalue.KeyValueContainer (KeyValueContainer.java:flushAndSyncDB(437)) - Container 4 is synced with bcsId 0.
2022-12-08 07:06:31,516 [Command processor thread] INFO  keyvalue.KeyValueContainer (KeyValueContainer.java:flushAndSyncDB(437)) - Container 4 is synced with bcsId 0.
2022-12-08 07:06:31,516 [EventQueue-CommandQueueReportForCommandQueueReportHandler] WARN  events.EventQueue (EventQueue.java:fireEvent(216)) - No event handler registered for event TypedEvent{payloadType=DatanodeDetails, name='Datanode_Command_Queue_Updated'}
2022-12-08 07:06:31,517 [Command processor thread] INFO  keyvalue.KeyValueContainer (KeyValueContainer.java:flushAndSyncDB(437)) - Container 8 is synced with bcsId 0.
2022-12-08 07:06:31,517 [Command processor thread] INFO  keyvalue.KeyValueContainer (KeyValueContainer.java:flushAndSyncDB(437)) - Container 8 is synced with bcsId 0.
2022-12-08 07:06:31,518 [EventQueue-CommandQueueReportForCommandQueueReportHandler] WARN  events.EventQueue (EventQueue.java:fireEvent(216)) - No event handler registered for event TypedEvent{payloadType=DatanodeDetails, name='Datanode_Command_Queue_Updated'}
2022-12-08 07:06:31,521 [Command processor thread] INFO  keyvalue.KeyValueContainer (KeyValueContainer.java:close(352)) - Container 8 is closed with bcsId 0.
2022-12-08 07:06:31,521 [Command processor thread] INFO  keyvalue.KeyValueContainer (KeyValueContainer.java:close(352)) - Container 4 is closed with bcsId 0.
2022-12-08 07:06:31,521 [Command processor thread] INFO  keyvalue.KeyValueContainer (KeyValueContainer.java:close(352)) - Container 8 is closed with bcsId 0.
2022-12-08 07:06:31,522 [EventQueue-CommandQueueReportForCommandQueueReportHandler] WARN  events.EventQueue (EventQueue.java:fireEvent(216)) - No event handler registered for event TypedEvent{payloadType=DatanodeDetails, name='Datanode_Command_Queue_Updated'}
2022-12-08 07:06:31,522 [Command processor thread] INFO  server.RaftServer (RaftServerProxy.java:remove(107)) - 1fec2e66-b36b-410d-a836-56974e80c6bf: remove    LEADER 1fec2e66-b36b-410d-a836-56974e80c6bf@group-63A4591FC1D5:t1, leader=1fec2e66-b36b-410d-a836-56974e80c6bf, voted=1fec2e66-b36b-410d-a836-56974e80c6bf, raftlog=Memoized:1fec2e66-b36b-410d-a836-56974e80c6bf@group-63A4591FC1D5-SegmentedRaftLog:OPENED:c0, conf=0: peers:[1fec2e66-b36b-410d-a836-56974e80c6bf|rpc:10.1.0.14:40777|dataStream:|priority:1|startupRole:FOLLOWER]|listeners:[], old=null RUNNING
2022-12-08 07:06:31,523 [Command processor thread] INFO  server.RaftServer$Division (RaftServerImpl.java:lambda$close$4(458)) - 1fec2e66-b36b-410d-a836-56974e80c6bf@group-63A4591FC1D5: shutdown
2022-12-08 07:06:31,523 [Command processor thread] INFO  util.JmxRegister (JmxRegister.java:unregister(73)) - Successfully un-registered JMX Bean with object name Ratis:service=RaftServer,group=group-63A4591FC1D5,id=1fec2e66-b36b-410d-a836-56974e80c6bf
2022-12-08 07:06:31,523 [Command processor thread] INFO  impl.RoleInfo (RoleInfo.java:shutdownLeaderState(93)) - 1fec2e66-b36b-410d-a836-56974e80c6bf: shutdown 1fec2e66-b36b-410d-a836-56974e80c6bf@group-63A4591FC1D5-LeaderStateImpl
2022-12-08 07:06:31,523 [Command processor thread] INFO  impl.PendingRequests (PendingRequests.java:sendNotLeaderResponses(282)) - 1fec2e66-b36b-410d-a836-56974e80c6bf@group-63A4591FC1D5-PendingRequests: sendNotLeaderResponses
2022-12-08 07:06:31,526 [EventQueue-CommandQueueReportForCommandQueueReportHandler] WARN  events.EventQueue (EventQueue.java:fireEvent(216)) - No event handler registered for event TypedEvent{payloadType=DatanodeDetails, name='Datanode_Command_Queue_Updated'}
2022-12-08 07:06:31,527 [EventQueue-CommandQueueReportForCommandQueueReportHandler] WARN  events.EventQueue (EventQueue.java:fireEvent(216)) - No event handler registered for event TypedEvent{payloadType=DatanodeDetails, name='Datanode_Command_Queue_Updated'}
2022-12-08 07:06:31,527 [Command processor thread] INFO  impl.StateMachineUpdater (StateMachineUpdater.java:stopAndJoin(153)) - 1fec2e66-b36b-410d-a836-56974e80c6bf@group-63A4591FC1D5-StateMachineUpdater: set stopIndex = 0
2022-12-08 07:06:31,528 [1fec2e66-b36b-410d-a836-56974e80c6bf@group-63A4591FC1D5-StateMachineUpdater] INFO  ratis.ContainerStateMachine (ContainerStateMachine.java:takeSnapshot(304)) - group-63A4591FC1D5: Taking a snapshot at:(t:1, i:0) file /home/runner/work/ozone/ozone/hadoop-ozone/integration-test/target/test-dir/MiniOzoneClusterImpl-3253a570-fb02-4895-b12a-309bd2ff2d50/datanode-2/data/ratis/3370344d-1ee3-4417-a94a-63a4591fc1d5/sm/snapshot.1_0
2022-12-08 07:06:31,529 [1fec2e66-b36b-410d-a836-56974e80c6bf@group-63A4591FC1D5-StateMachineUpdater] INFO  ratis.ContainerStateMachine (ContainerStateMachine.java:takeSnapshot(315)) - group-63A4591FC1D5: Finished taking a snapshot at:(t:1, i:0) file:/home/runner/work/ozone/ozone/hadoop-ozone/integration-test/target/test-dir/MiniOzoneClusterImpl-3253a570-fb02-4895-b12a-309bd2ff2d50/datanode-2/data/ratis/3370344d-1ee3-4417-a94a-63a4591fc1d5/sm/snapshot.1_0 took: 1 ms
2022-12-08 07:06:31,529 [1fec2e66-b36b-410d-a836-56974e80c6bf@group-63A4591FC1D5-StateMachineUpdater] INFO  impl.StateMachineUpdater (StateMachineUpdater.java:takeSnapshot(287)) - 1fec2e66-b36b-410d-a836-56974e80c6bf@group-63A4591FC1D5-StateMachineUpdater: Took a snapshot at index 0
2022-12-08 07:06:31,529 [1fec2e66-b36b-410d-a836-56974e80c6bf@group-63A4591FC1D5-StateMachineUpdater] INFO  impl.StateMachineUpdater (StateMachineUpdater.java:lambda$new$0(92)) - 1fec2e66-b36b-410d-a836-56974e80c6bf@group-63A4591FC1D5-StateMachineUpdater: snapshotIndex: updateIncreasingly -1 -> 0
2022-12-08 07:06:31,530 [Command processor thread] INFO  server.RaftServer$Division (ServerState.java:close(466)) - 1fec2e66-b36b-410d-a836-56974e80c6bf@group-63A4591FC1D5: closes. applyIndex: 0
2022-12-08 07:06:31,530 [1fec2e66-b36b-410d-a836-56974e80c6bf@group-63A4591FC1D5-SegmentedRaftLogWorker] INFO  segmented.SegmentedRaftLogWorker (SegmentedRaftLogWorker.java:run(347)) - 1fec2e66-b36b-410d-a836-56974e80c6bf@group-63A4591FC1D5-SegmentedRaftLogWorker was interrupted, exiting. There are 0 tasks remaining in the queue.
2022-12-08 07:06:31,530 [Command processor thread] INFO  segmented.SegmentedRaftLogWorker (SegmentedRaftLogWorker.java:close(257)) - 1fec2e66-b36b-410d-a836-56974e80c6bf@group-63A4591FC1D5-SegmentedRaftLogWorker close()
2022-12-08 07:06:31,533 [Command processor thread] INFO  server.RaftServer$Division (RaftServerImpl.java:groupRemove(428)) - 1fec2e66-b36b-410d-a836-56974e80c6bf@group-63A4591FC1D5: Succeed to remove RaftStorageDirectory Storage Directory /home/runner/work/ozone/ozone/hadoop-ozone/integration-test/target/test-dir/MiniOzoneClusterImpl-3253a570-fb02-4895-b12a-309bd2ff2d50/datanode-2/data/ratis/3370344d-1ee3-4417-a94a-63a4591fc1d5
2022-12-08 07:06:31,533 [Command processor thread] INFO  commandhandler.ClosePipelineCommandHandler (ClosePipelineCommandHandler.java:handle(78)) - Close Pipeline PipelineID=3370344d-1ee3-4417-a94a-63a4591fc1d5 command on datanode 1fec2e66-b36b-410d-a836-56974e80c6bf.
2022-12-08 07:06:31,536 [Command processor thread] INFO  keyvalue.KeyValueContainer (KeyValueContainer.java:flushAndSyncDB(437)) - Container 8 is synced with bcsId 0.
2022-12-08 07:06:31,536 [Command processor thread] INFO  keyvalue.KeyValueContainer (KeyValueContainer.java:flushAndSyncDB(437)) - Container 8 is synced with bcsId 0.
2022-12-08 07:06:31,538 [EventQueue-CommandQueueReportForCommandQueueReportHandler] WARN  events.EventQueue (EventQueue.java:fireEvent(216)) - No event handler registered for event TypedEvent{payloadType=DatanodeDetails, name='Datanode_Command_Queue_Updated'}
2022-12-08 07:06:31,541 [Command processor thread] INFO  keyvalue.KeyValueContainer (KeyValueContainer.java:close(352)) - Container 8 is closed with bcsId 0.
2022-12-08 07:06:31,542 [EventQueue-CommandQueueReportForCommandQueueReportHandler] WARN  events.EventQueue (EventQueue.java:fireEvent(216)) - No event handler registered for event TypedEvent{payloadType=DatanodeDetails, name='Datanode_Command_Queue_Updated'}
2022-12-08 07:06:31,625 [EndpointStateMachine task thread for /0.0.0.0:43949 - 0 ] INFO  utils.DatanodeStoreCache (DatanodeStoreCache.java:addDB(58)) - Added db /home/runner/work/ozone/ozone/hadoop-ozone/integration-test/target/test-dir/MiniOzoneClusterImpl-510a2802-165a-4ebd-9ade-f7b35b2c34f6/datanode-5/data-0/containers/hdds/510a2802-165a-4ebd-9ade-f7b35b2c34f6/DS-bd5e828d-a04a-4ca9-af09-b0f604970d58/container.db to cache
2022-12-08 07:06:31,625 [EndpointStateMachine task thread for /0.0.0.0:43949 - 0 ] INFO  volume.HddsVolume (HddsVolume.java:createDbStore(307)) - SchemaV3 db is created and loaded at /home/runner/work/ozone/ozone/hadoop-ozone/integration-test/target/test-dir/MiniOzoneClusterImpl-510a2802-165a-4ebd-9ade-f7b35b2c34f6/datanode-5/data-0/containers/hdds/510a2802-165a-4ebd-9ade-f7b35b2c34f6/DS-bd5e828d-a04a-4ca9-af09-b0f604970d58/container.db for volume DS-bd5e828d-a04a-4ca9-af09-b0f604970d58
2022-12-08 07:06:31,625 [EndpointStateMachine task thread for /0.0.0.0:43949 - 0 ] INFO  ozoneimpl.OzoneContainer (OzoneContainer.java:start(395)) - Attempting to start container services.
2022-12-08 07:06:31,625 [EndpointStateMachine task thread for /0.0.0.0:43949 - 0 ] INFO  ozoneimpl.OzoneContainer (OzoneContainer.java:startContainerScrub(312)) - Scheduled background container scanners and the on-demand container scanner have been disabled.
2022-12-08 07:06:31,629 [EndpointStateMachine task thread for /0.0.0.0:43949 - 0 ] INFO  replication.ReplicationServer (ReplicationServer.java:start(111)) - ReplicationServer is started using port 41605
2022-12-08 07:06:31,630 [EndpointStateMachine task thread for /0.0.0.0:43949 - 0 ] INFO  ratis.XceiverServerRatis (XceiverServerRatis.java:start(481)) - Starting XceiverServerRatis b199db80-c206-49d0-9080-733e3ea0a692
2022-12-08 07:06:31,642 [EndpointStateMachine task thread for /0.0.0.0:43949 - 0 ] INFO  server.RaftServer (RaftServerProxy.java:startImpl(393)) - b199db80-c206-49d0-9080-733e3ea0a692: start RPC server
2022-12-08 07:06:31,649 [EndpointStateMachine task thread for /0.0.0.0:43949 - 0 ] INFO  server.GrpcService (GrpcService.java:startImpl(262)) - b199db80-c206-49d0-9080-733e3ea0a692: GrpcService started, listening on 40813
2022-12-08 07:06:31,649 [EndpointStateMachine task thread for /0.0.0.0:43949 - 0 ] INFO  ratis.XceiverServerRatis (XceiverServerRatis.java:getRealPort(502)) - XceiverServerRatis b199db80-c206-49d0-9080-733e3ea0a692 is started using port 40813 for RATIS
2022-12-08 07:06:31,650 [EndpointStateMachine task thread for /0.0.0.0:43949 - 0 ] INFO  ratis.XceiverServerRatis (XceiverServerRatis.java:getRealPort(502)) - XceiverServerRatis b199db80-c206-49d0-9080-733e3ea0a692 is started using port 40813 for RATIS_ADMIN
2022-12-08 07:06:31,650 [EndpointStateMachine task thread for /0.0.0.0:43949 - 0 ] INFO  ratis.XceiverServerRatis (XceiverServerRatis.java:getRealPort(502)) - XceiverServerRatis b199db80-c206-49d0-9080-733e3ea0a692 is started using port 40813 for RATIS_SERVER
2022-12-08 07:06:31,650 [JvmPauseMonitor14] INFO  util.JvmPauseMonitor (JvmPauseMonitor.java:run(105)) - JvmPauseMonitor-b199db80-c206-49d0-9080-733e3ea0a692: Started
2022-12-08 07:06:31,655 [EndpointStateMachine task thread for /0.0.0.0:43949 - 0 ] INFO  server.XceiverServerGrpc (XceiverServerGrpc.java:start(180)) - XceiverServerGrpc b199db80-c206-49d0-9080-733e3ea0a692 is started using port 42299
2022-12-08 07:06:31,826 [Under Replicated Processor] INFO  replication.UnderReplicatedProcessor (UnderReplicatedProcessor.java:processAll(79)) - Processed 0 under replicated containers, failed processing 0
2022-12-08 07:06:31,832 [ReplicationMonitor] INFO  replication.LegacyReplicationManager (LegacyReplicationManager.java:forceCloseContainer(1109)) - Force closing container #1 with BCSID 74, which is in QUASI_CLOSED state.
2022-12-08 07:06:31,833 [ReplicationMonitor] INFO  replication.LegacyReplicationManager (LegacyReplicationManager.java:sendCloseCommand(1513)) - Sending close container command for container #1 to datanode 624d0ae4-c5c0-4b02-bbde-b37f19cf8f9a{ip: 10.1.0.14, host: fv-az165-805.wtg55dazuvhetdvd2gpth4ys5d.dx.internal.cloudapp.net, ports: [REPLICATION=39487, RATIS=41749, RATIS_ADMIN=41749, RATIS_SERVER=41749, STANDALONE=43743], networkLocation: /default-rack, certSerialId: null, persistedOpState: IN_SERVICE, persistedOpStateExpiryEpochSec: 0}.
2022-12-08 07:06:31,833 [ReplicationMonitor] INFO  replication.LegacyReplicationManager (LegacyReplicationManager.java:sendCloseCommand(1513)) - Sending close container command for container #1 to datanode a323b8f8-7c4d-4fe6-8663-2fcba1e99710{ip: 10.1.0.14, host: fv-az165-805.wtg55dazuvhetdvd2gpth4ys5d.dx.internal.cloudapp.net, ports: [REPLICATION=34875, RATIS=38689, RATIS_ADMIN=38689, RATIS_SERVER=38689, STANDALONE=41587], networkLocation: /default-rack, certSerialId: null, persistedOpState: IN_SERVICE, persistedOpStateExpiryEpochSec: 0}.
2022-12-08 07:06:31,833 [ReplicationMonitor] INFO  replication.LegacyReplicationManager (LegacyReplicationManager.java:sendCloseCommand(1513)) - Sending close container command for container #1 to datanode 1fec2e66-b36b-410d-a836-56974e80c6bf{ip: 10.1.0.14, host: fv-az165-805.wtg55dazuvhetdvd2gpth4ys5d.dx.internal.cloudapp.net, ports: [REPLICATION=42005, RATIS=40777, RATIS_ADMIN=40777, RATIS_SERVER=40777, STANDALONE=40099], networkLocation: /default-rack, certSerialId: null, persistedOpState: DECOMMISSIONING, persistedOpStateExpiryEpochSec: 0}.
2022-12-08 07:06:31,833 [ReplicationMonitor] INFO  replication.LegacyReplicationManager (LegacyReplicationManager.java:forceCloseContainer(1109)) - Force closing container #2 with BCSID 77, which is in QUASI_CLOSED state.
2022-12-08 07:06:31,833 [ReplicationMonitor] INFO  replication.LegacyReplicationManager (LegacyReplicationManager.java:sendCloseCommand(1513)) - Sending close container command for container #2 to datanode 1fec2e66-b36b-410d-a836-56974e80c6bf{ip: 10.1.0.14, host: fv-az165-805.wtg55dazuvhetdvd2gpth4ys5d.dx.internal.cloudapp.net, ports: [REPLICATION=42005, RATIS=40777, RATIS_ADMIN=40777, RATIS_SERVER=40777, STANDALONE=40099], networkLocation: /default-rack, certSerialId: null, persistedOpState: DECOMMISSIONING, persistedOpStateExpiryEpochSec: 0}.
2022-12-08 07:06:31,833 [ReplicationMonitor] INFO  replication.LegacyReplicationManager (LegacyReplicationManager.java:sendCloseCommand(1513)) - Sending close container command for container #2 to datanode a323b8f8-7c4d-4fe6-8663-2fcba1e99710{ip: 10.1.0.14, host: fv-az165-805.wtg55dazuvhetdvd2gpth4ys5d.dx.internal.cloudapp.net, ports: [REPLICATION=34875, RATIS=38689, RATIS_ADMIN=38689, RATIS_SERVER=38689, STANDALONE=41587], networkLocation: /default-rack, certSerialId: null, persistedOpState: IN_SERVICE, persistedOpStateExpiryEpochSec: 0}.
2022-12-08 07:06:31,833 [ReplicationMonitor] INFO  replication.LegacyReplicationManager (LegacyReplicationManager.java:sendCloseCommand(1513)) - Sending close container command for container #2 to datanode 624d0ae4-c5c0-4b02-bbde-b37f19cf8f9a{ip: 10.1.0.14, host: fv-az165-805.wtg55dazuvhetdvd2gpth4ys5d.dx.internal.cloudapp.net, ports: [REPLICATION=39487, RATIS=41749, RATIS_ADMIN=41749, RATIS_SERVER=41749, STANDALONE=43743], networkLocation: /default-rack, certSerialId: null, persistedOpState: IN_SERVICE, persistedOpStateExpiryEpochSec: 0}.
2022-12-08 07:06:31,834 [ReplicationMonitor] INFO  replication.LegacyReplicationManager (LegacyReplicationManager.java:forceCloseContainer(1109)) - Force closing container #3 with BCSID 69, which is in QUASI_CLOSED state.
2022-12-08 07:06:31,834 [ReplicationMonitor] INFO  replication.LegacyReplicationManager (LegacyReplicationManager.java:sendCloseCommand(1513)) - Sending close container command for container #3 to datanode 624d0ae4-c5c0-4b02-bbde-b37f19cf8f9a{ip: 10.1.0.14, host: fv-az165-805.wtg55dazuvhetdvd2gpth4ys5d.dx.internal.cloudapp.net, ports: [REPLICATION=39487, RATIS=41749, RATIS_ADMIN=41749, RATIS_SERVER=41749, STANDALONE=43743], networkLocation: /default-rack, certSerialId: null, persistedOpState: IN_SERVICE, persistedOpStateExpiryEpochSec: 0}.
2022-12-08 07:06:31,836 [ReplicationMonitor] INFO  replication.LegacyReplicationManager (LegacyReplicationManager.java:sendCloseCommand(1513)) - Sending close container command for container #3 to datanode 1fec2e66-b36b-410d-a836-56974e80c6bf{ip: 10.1.0.14, host: fv-az165-805.wtg55dazuvhetdvd2gpth4ys5d.dx.internal.cloudapp.net, ports: [REPLICATION=42005, RATIS=40777, RATIS_ADMIN=40777, RATIS_SERVER=40777, STANDALONE=40099], networkLocation: /default-rack, certSerialId: null, persistedOpState: DECOMMISSIONING, persistedOpStateExpiryEpochSec: 0}.
2022-12-08 07:06:31,836 [ReplicationMonitor] INFO  replication.LegacyReplicationManager (LegacyReplicationManager.java:sendCloseCommand(1513)) - Sending close container command for container #3 to datanode a323b8f8-7c4d-4fe6-8663-2fcba1e99710{ip: 10.1.0.14, host: fv-az165-805.wtg55dazuvhetdvd2gpth4ys5d.dx.internal.cloudapp.net, ports: [REPLICATION=34875, RATIS=38689, RATIS_ADMIN=38689, RATIS_SERVER=38689, STANDALONE=41587], networkLocation: /default-rack, certSerialId: null, persistedOpState: IN_SERVICE, persistedOpStateExpiryEpochSec: 0}.
2022-12-08 07:06:31,848 [DatanodeAdminManager-0] INFO  node.DatanodeAdminMonitorImpl (DatanodeAdminMonitorImpl.java:checkContainersReplicatedOnNode(356)) - Under Replicated Container #5 org.apache.hadoop.hdds.scm.container.replication.ECContainerReplicaCount@64e107de; Replicas{ContainerReplica{containerID=#5, state=CLOSED, datanodeDetails=624d0ae4-c5c0-4b02-bbde-b37f19cf8f9a{ip: 10.1.0.14, host: fv-az165-805.wtg55dazuvhetdvd2gpth4ys5d.dx.internal.cloudapp.net, ports: [REPLICATION=39487, RATIS=41749, RATIS_ADMIN=41749, RATIS_SERVER=41749, STANDALONE=43743], networkLocation: /default-rack, certSerialId: null, persistedOpState: IN_SERVICE, persistedOpStateExpiryEpochSec: 0}, placeOfBirth=624d0ae4-c5c0-4b02-bbde-b37f19cf8f9a, sequenceId=0, keyCount=1, bytesUsed=0,replicaIndex=2},ContainerReplica{containerID=#5, state=CLOSED, datanodeDetails=6eec9aac-ee1b-4e1e-837d-d3cab734710b{ip: 10.1.0.14, host: fv-az165-805.wtg55dazuvhetdvd2gpth4ys5d.dx.internal.cloudapp.net, ports: [REPLICATION=35375, RATIS=33309, RATIS_ADMIN=33309, RATIS_SERVER=33309, STANDALONE=43585], networkLocation: /default-rack, certSerialId: null, persistedOpState: IN_SERVICE, persistedOpStateExpiryEpochSec: 0}, placeOfBirth=6eec9aac-ee1b-4e1e-837d-d3cab734710b, sequenceId=0, keyCount=1, bytesUsed=19,replicaIndex=4},ContainerReplica{containerID=#5, state=CLOSED, datanodeDetails=f4ffb4f0-97dc-4c31-9ebf-2914332a538f{ip: 10.1.0.14, host: fv-az165-805.wtg55dazuvhetdvd2gpth4ys5d.dx.internal.cloudapp.net, ports: [REPLICATION=33383, RATIS=34119, RATIS_ADMIN=34119, RATIS_SERVER=34119, STANDALONE=42873], networkLocation: /default-rack, certSerialId: null, persistedOpState: IN_SERVICE, persistedOpStateExpiryEpochSec: 0}, placeOfBirth=f4ffb4f0-97dc-4c31-9ebf-2914332a538f, sequenceId=0, keyCount=1, bytesUsed=0,replicaIndex=3},ContainerReplica{containerID=#5, state=CLOSED, datanodeDetails=1fec2e66-b36b-410d-a836-56974e80c6bf{ip: 10.1.0.14, host: fv-az165-805.wtg55dazuvhetdvd2gpth4ys5d.dx.internal.cloudapp.net, ports: [REPLICATION=42005, RATIS=40777, RATIS_ADMIN=40777, RATIS_SERVER=40777, STANDALONE=40099], networkLocation: /default-rack, certSerialId: null, persistedOpState: DECOMMISSIONING, persistedOpStateExpiryEpochSec: 0}, placeOfBirth=1fec2e66-b36b-410d-a836-56974e80c6bf, sequenceId=0, keyCount=1, bytesUsed=19,replicaIndex=1},ContainerReplica{containerID=#5, state=CLOSED, datanodeDetails=a323b8f8-7c4d-4fe6-8663-2fcba1e99710{ip: 10.1.0.14, host: fv-az165-805.wtg55dazuvhetdvd2gpth4ys5d.dx.internal.cloudapp.net, ports: [REPLICATION=34875, RATIS=38689, RATIS_ADMIN=38689, RATIS_SERVER=38689, STANDALONE=41587], networkLocation: /default-rack, certSerialId: null, persistedOpState: IN_SERVICE, persistedOpStateExpiryEpochSec: 0}, placeOfBirth=a323b8f8-7c4d-4fe6-8663-2fcba1e99710, sequenceId=0, keyCount=1, bytesUsed=19,replicaIndex=5}}
2022-12-08 07:06:31,849 [DatanodeAdminManager-0] INFO  node.DatanodeAdminMonitorImpl (DatanodeAdminMonitorImpl.java:checkContainersReplicatedOnNode(356)) - Under Replicated Container #7 org.apache.hadoop.hdds.scm.container.replication.ECContainerReplicaCount@60af9f9e; Replicas{ContainerReplica{containerID=#7, state=CLOSED, datanodeDetails=aa703a63-3c65-4215-94e9-ba864e506dd9{ip: 10.1.0.14, host: fv-az165-805.wtg55dazuvhetdvd2gpth4ys5d.dx.internal.cloudapp.net, ports: [REPLICATION=38971, RATIS=39791, RATIS_ADMIN=39791, RATIS_SERVER=39791, STANDALONE=40597], networkLocation: /default-rack, certSerialId: null, persistedOpState: IN_SERVICE, persistedOpStateExpiryEpochSec: 0}, placeOfBirth=aa703a63-3c65-4215-94e9-ba864e506dd9, sequenceId=0, keyCount=5, bytesUsed=0,replicaIndex=2},ContainerReplica{containerID=#7, state=CLOSED, datanodeDetails=1fec2e66-b36b-410d-a836-56974e80c6bf{ip: 10.1.0.14, host: fv-az165-805.wtg55dazuvhetdvd2gpth4ys5d.dx.internal.cloudapp.net, ports: [REPLICATION=42005, RATIS=40777, RATIS_ADMIN=40777, RATIS_SERVER=40777, STANDALONE=40099], networkLocation: /default-rack, certSerialId: null, persistedOpState: DECOMMISSIONING, persistedOpStateExpiryEpochSec: 0}, placeOfBirth=1fec2e66-b36b-410d-a836-56974e80c6bf, sequenceId=0, keyCount=5, bytesUsed=0,replicaIndex=3},ContainerReplica{containerID=#7, state=CLOSED, datanodeDetails=e288a489-637a-4316-af43-30866b2c8bfc{ip: 10.1.0.14, host: fv-az165-805.wtg55dazuvhetdvd2gpth4ys5d.dx.internal.cloudapp.net, ports: [REPLICATION=39261, RATIS=36389, RATIS_ADMIN=36389, RATIS_SERVER=36389, STANDALONE=35147], networkLocation: /default-rack, certSerialId: null, persistedOpState: IN_SERVICE, persistedOpStateExpiryEpochSec: 0}, placeOfBirth=e288a489-637a-4316-af43-30866b2c8bfc, sequenceId=0, keyCount=5, bytesUsed=95,replicaIndex=4},ContainerReplica{containerID=#7, state=CLOSED, datanodeDetails=6eec9aac-ee1b-4e1e-837d-d3cab734710b{ip: 10.1.0.14, host: fv-az165-805.wtg55dazuvhetdvd2gpth4ys5d.dx.internal.cloudapp.net, ports: [REPLICATION=35375, RATIS=33309, RATIS_ADMIN=33309, RATIS_SERVER=33309, STANDALONE=43585], networkLocation: /default-rack, certSerialId: null, persistedOpState: IN_SERVICE, persistedOpStateExpiryEpochSec: 0}, placeOfBirth=6eec9aac-ee1b-4e1e-837d-d3cab734710b, sequenceId=0, keyCount=5, bytesUsed=95,replicaIndex=1},ContainerReplica{containerID=#7, state=CLOSED, datanodeDetails=f4ffb4f0-97dc-4c31-9ebf-2914332a538f{ip: 10.1.0.14, host: fv-az165-805.wtg55dazuvhetdvd2gpth4ys5d.dx.internal.cloudapp.net, ports: [REPLICATION=33383, RATIS=34119, RATIS_ADMIN=34119, RATIS_SERVER=34119, STANDALONE=42873], networkLocation: /default-rack, certSerialId: null, persistedOpState: IN_SERVICE, persistedOpStateExpiryEpochSec: 0}, placeOfBirth=f4ffb4f0-97dc-4c31-9ebf-2914332a538f, sequenceId=0, keyCount=5, bytesUsed=95,replicaIndex=5}}
2022-12-08 07:06:31,849 [DatanodeAdminManager-0] INFO  node.DatanodeAdminMonitorImpl (DatanodeAdminMonitorImpl.java:checkContainersReplicatedOnNode(356)) - Under Replicated Container #8 org.apache.hadoop.hdds.scm.container.replication.ECContainerReplicaCount@2f584af5; Replicas{ContainerReplica{containerID=#8, state=CLOSED, datanodeDetails=624d0ae4-c5c0-4b02-bbde-b37f19cf8f9a{ip: 10.1.0.14, host: fv-az165-805.wtg55dazuvhetdvd2gpth4ys5d.dx.internal.cloudapp.net, ports: [REPLICATION=39487, RATIS=41749, RATIS_ADMIN=41749, RATIS_SERVER=41749, STANDALONE=43743], networkLocation: /default-rack, certSerialId: null, persistedOpState: IN_SERVICE, persistedOpStateExpiryEpochSec: 0}, placeOfBirth=624d0ae4-c5c0-4b02-bbde-b37f19cf8f9a, sequenceId=0, keyCount=6, bytesUsed=114,replicaIndex=4},ContainerReplica{containerID=#8, state=CLOSED, datanodeDetails=f4ffb4f0-97dc-4c31-9ebf-2914332a538f{ip: 10.1.0.14, host: fv-az165-805.wtg55dazuvhetdvd2gpth4ys5d.dx.internal.cloudapp.net, ports: [REPLICATION=33383, RATIS=34119, RATIS_ADMIN=34119, RATIS_SERVER=34119, STANDALONE=42873], networkLocation: /default-rack, certSerialId: null, persistedOpState: IN_SERVICE, persistedOpStateExpiryEpochSec: 0}, placeOfBirth=f4ffb4f0-97dc-4c31-9ebf-2914332a538f, sequenceId=0, keyCount=6, bytesUsed=114,replicaIndex=5},ContainerReplica{containerID=#8, state=CLOSED, datanodeDetails=a323b8f8-7c4d-4fe6-8663-2fcba1e99710{ip: 10.1.0.14, host: fv-az165-805.wtg55dazuvhetdvd2gpth4ys5d.dx.internal.cloudapp.net, ports: [REPLICATION=34875, RATIS=38689, RATIS_ADMIN=38689, RATIS_SERVER=38689, STANDALONE=41587], networkLocation: /default-rack, certSerialId: null, persistedOpState: IN_SERVICE, persistedOpStateExpiryEpochSec: 0}, placeOfBirth=a323b8f8-7c4d-4fe6-8663-2fcba1e99710, sequenceId=0, keyCount=6, bytesUsed=114,replicaIndex=1},ContainerReplica{containerID=#8, state=CLOSED, datanodeDetails=aa703a63-3c65-4215-94e9-ba864e506dd9{ip: 10.1.0.14, host: fv-az165-805.wtg55dazuvhetdvd2gpth4ys5d.dx.internal.cloudapp.net, ports: [REPLICATION=38971, RATIS=39791, RATIS_ADMIN=39791, RATIS_SERVER=39791, STANDALONE=40597], networkLocation: /default-rack, certSerialId: null, persistedOpState: IN_SERVICE, persistedOpStateExpiryEpochSec: 0}, placeOfBirth=aa703a63-3c65-4215-94e9-ba864e506dd9, sequenceId=0, keyCount=6, bytesUsed=0,replicaIndex=3},ContainerReplica{containerID=#8, state=CLOSED, datanodeDetails=1fec2e66-b36b-410d-a836-56974e80c6bf{ip: 10.1.0.14, host: fv-az165-805.wtg55dazuvhetdvd2gpth4ys5d.dx.internal.cloudapp.net, ports: [REPLICATION=42005, RATIS=40777, RATIS_ADMIN=40777, RATIS_SERVER=40777, STANDALONE=40099], networkLocation: /default-rack, certSerialId: null, persistedOpState: DECOMMISSIONING, persistedOpStateExpiryEpochSec: 0}, placeOfBirth=1fec2e66-b36b-410d-a836-56974e80c6bf, sequenceId=0, keyCount=6, bytesUsed=0,replicaIndex=2}}
2022-12-08 07:06:31,851 [DatanodeAdminManager-0] INFO  node.DatanodeAdminMonitorImpl (DatanodeAdminMonitorImpl.java:checkContainersReplicatedOnNode(356)) - Under Replicated Container #1 Container State: QUASI_CLOSED Replica Count: 3 Healthy Count: 2 Decommission Count: 1 Maintenance Count: 0 inFlightAdd Count: 0 inFightDel Count: 0 ReplicationFactor: 3 minMaintenance Count: 2; Replicas{ContainerReplica{containerID=#1, state=QUASI_CLOSED, datanodeDetails=624d0ae4-c5c0-4b02-bbde-b37f19cf8f9a{ip: 10.1.0.14, host: fv-az165-805.wtg55dazuvhetdvd2gpth4ys5d.dx.internal.cloudapp.net, ports: [REPLICATION=39487, RATIS=41749, RATIS_ADMIN=41749, RATIS_SERVER=41749, STANDALONE=43743], networkLocation: /default-rack, certSerialId: null, persistedOpState: IN_SERVICE, persistedOpStateExpiryEpochSec: 0}, placeOfBirth=624d0ae4-c5c0-4b02-bbde-b37f19cf8f9a, sequenceId=74, keyCount=7, bytesUsed=133},ContainerReplica{containerID=#1, state=QUASI_CLOSED, datanodeDetails=a323b8f8-7c4d-4fe6-8663-2fcba1e99710{ip: 10.1.0.14, host: fv-az165-805.wtg55dazuvhetdvd2gpth4ys5d.dx.internal.cloudapp.net, ports: [REPLICATION=34875, RATIS=38689, RATIS_ADMIN=38689, RATIS_SERVER=38689, STANDALONE=41587], networkLocation: /default-rack, certSerialId: null, persistedOpState: IN_SERVICE, persistedOpStateExpiryEpochSec: 0}, placeOfBirth=a323b8f8-7c4d-4fe6-8663-2fcba1e99710, sequenceId=74, keyCount=7, bytesUsed=133},ContainerReplica{containerID=#1, state=QUASI_CLOSED, datanodeDetails=1fec2e66-b36b-410d-a836-56974e80c6bf{ip: 10.1.0.14, host: fv-az165-805.wtg55dazuvhetdvd2gpth4ys5d.dx.internal.cloudapp.net, ports: [REPLICATION=42005, RATIS=40777, RATIS_ADMIN=40777, RATIS_SERVER=40777, STANDALONE=40099], networkLocation: /default-rack, certSerialId: null, persistedOpState: DECOMMISSIONING, persistedOpStateExpiryEpochSec: 0}, placeOfBirth=1fec2e66-b36b-410d-a836-56974e80c6bf, sequenceId=74, keyCount=7, bytesUsed=133}}
2022-12-08 07:06:31,851 [DatanodeAdminManager-0] INFO  node.DatanodeAdminMonitorImpl (DatanodeAdminMonitorImpl.java:checkContainersReplicatedOnNode(356)) - Under Replicated Container #2 Container State: QUASI_CLOSED Replica Count: 3 Healthy Count: 2 Decommission Count: 1 Maintenance Count: 0 inFlightAdd Count: 0 inFightDel Count: 0 ReplicationFactor: 3 minMaintenance Count: 2; Replicas{ContainerReplica{containerID=#2, state=QUASI_CLOSED, datanodeDetails=1fec2e66-b36b-410d-a836-56974e80c6bf{ip: 10.1.0.14, host: fv-az165-805.wtg55dazuvhetdvd2gpth4ys5d.dx.internal.cloudapp.net, ports: [REPLICATION=42005, RATIS=40777, RATIS_ADMIN=40777, RATIS_SERVER=40777, STANDALONE=40099], networkLocation: /default-rack, certSerialId: null, persistedOpState: DECOMMISSIONING, persistedOpStateExpiryEpochSec: 0}, placeOfBirth=1fec2e66-b36b-410d-a836-56974e80c6bf, sequenceId=77, keyCount=7, bytesUsed=133},ContainerReplica{containerID=#2, state=QUASI_CLOSED, datanodeDetails=a323b8f8-7c4d-4fe6-8663-2fcba1e99710{ip: 10.1.0.14, host: fv-az165-805.wtg55dazuvhetdvd2gpth4ys5d.dx.internal.cloudapp.net, ports: [REPLICATION=34875, RATIS=38689, RATIS_ADMIN=38689, RATIS_SERVER=38689, STANDALONE=41587], networkLocation: /default-rack, certSerialId: null, persistedOpState: IN_SERVICE, persistedOpStateExpiryEpochSec: 0}, placeOfBirth=a323b8f8-7c4d-4fe6-8663-2fcba1e99710, sequenceId=77, keyCount=7, bytesUsed=133},ContainerReplica{containerID=#2, state=QUASI_CLOSED, datanodeDetails=624d0ae4-c5c0-4b02-bbde-b37f19cf8f9a{ip: 10.1.0.14, host: fv-az165-805.wtg55dazuvhetdvd2gpth4ys5d.dx.internal.cloudapp.net, ports: [REPLICATION=39487, RATIS=41749, RATIS_ADMIN=41749, RATIS_SERVER=41749, STANDALONE=43743], networkLocation: /default-rack, certSerialId: null, persistedOpState: IN_SERVICE, persistedOpStateExpiryEpochSec: 0}, placeOfBirth=624d0ae4-c5c0-4b02-bbde-b37f19cf8f9a, sequenceId=77, keyCount=7, bytesUsed=133}}
2022-12-08 07:06:31,852 [DatanodeAdminManager-0] INFO  node.DatanodeAdminMonitorImpl (DatanodeAdminMonitorImpl.java:checkContainersReplicatedOnNode(377)) - 1fec2e66-b36b-410d-a836-56974e80c6bf{ip: 10.1.0.14, host: fv-az165-805.wtg55dazuvhetdvd2gpth4ys5d.dx.internal.cloudapp.net, ports: [REPLICATION=42005, RATIS=40777, RATIS_ADMIN=40777, RATIS_SERVER=40777, STANDALONE=40099], networkLocation: /default-rack, certSerialId: null, persistedOpState: DECOMMISSIONING, persistedOpStateExpiryEpochSec: 0} has 0 sufficientlyReplicated, 7 underReplicated and 0 unhealthy containers
2022-12-08 07:06:31,852 [DatanodeAdminManager-0] INFO  node.DatanodeAdminMonitorImpl (DatanodeAdminMonitorImpl.java:run(169)) - There are 1 nodes tracked for decommission and maintenance.  0 pending nodes.
2022-12-08 07:06:31,854 [ReplicationMonitor] INFO  replication.ReplicationManager (ReplicationManager.java:processAll(356)) - Replication Monitor Thread took 26 milliseconds for processing 8 containers.
2022-12-08 07:06:31,945 [EventQueue-CommandQueueReportForCommandQueueReportHandler] WARN  events.EventQueue (EventQueue.java:fireEvent(216)) - No event handler registered for event TypedEvent{payloadType=DatanodeDetails, name='Datanode_Command_Queue_Updated'}
2022-12-08 07:06:32,004 [ReplicationMonitor] INFO  replication.ReplicationManager (ReplicationManager.java:processAll(323)) - Replication Manager is not ready to run until 3000ms after safemode exit
2022-12-08 07:06:32,034 [EventQueue-CommandQueueReportForCommandQueueReportHandler] WARN  events.EventQueue (EventQueue.java:fireEvent(216)) - No event handler registered for event TypedEvent{payloadType=DatanodeDetails, name='Datanode_Command_Queue_Updated'}
2022-12-08 07:06:32,151 [IPC Server handler 4 on default port 43949] INFO  net.NetworkTopologyImpl (NetworkTopologyImpl.java:add(112)) - Added a new node: /default-rack/f6c9fd2f-7084-461f-8c2a-824e0c2d9f6f
2022-12-08 07:06:32,151 [IPC Server handler 4 on default port 43949] INFO  node.SCMNodeManager (SCMNodeManager.java:register(397)) - Registered Data node : f6c9fd2f-7084-461f-8c2a-824e0c2d9f6f{ip: 10.1.0.14, host: fv-az165-805.wtg55dazuvhetdvd2gpth4ys5d.dx.internal.cloudapp.net, ports: [REPLICATION=44913, RATIS=43931, RATIS_ADMIN=43931, RATIS_SERVER=43931, STANDALONE=41497], networkLocation: /default-rack, certSerialId: null, persistedOpState: null, persistedOpStateExpiryEpochSec: 0}
2022-12-08 07:06:32,155 [EventQueue-NewNodeForNewNodeHandler] INFO  pipeline.BackgroundPipelineCreator (BackgroundPipelineCreator.java:notifyEventTriggered(276)) - trigger a one-shot run on RatisPipelineUtilsThread.
2022-12-08 07:06:32,155 [RatisPipelineUtilsThread - 0] INFO  pipeline.RatisPipelineProvider (RatisPipelineProvider.java:lambda$create$0(195)) - Sending CreatePipelineCommand for pipeline:PipelineID=c2f60357-2c1c-4713-8042-800003e11527 to datanode:f6c9fd2f-7084-461f-8c2a-824e0c2d9f6f
2022-12-08 07:06:32,156 [RatisPipelineUtilsThread - 0] INFO  pipeline.PipelineStateManagerImpl (PipelineStateManagerImpl.java:addPipeline(103)) - Created pipeline Pipeline[ Id: c2f60357-2c1c-4713-8042-800003e11527, Nodes: f6c9fd2f-7084-461f-8c2a-824e0c2d9f6f{ip: 10.1.0.14, host: fv-az165-805.wtg55dazuvhetdvd2gpth4ys5d.dx.internal.cloudapp.net, ports: [REPLICATION=44913, RATIS=43931, RATIS_ADMIN=43931, RATIS_SERVER=43931, STANDALONE=41497], networkLocation: /default-rack, certSerialId: null, persistedOpState: IN_SERVICE, persistedOpStateExpiryEpochSec: 0}, ReplicationConfig: RATIS/ONE, State:ALLOCATED, leaderId:, CreationTimestamp2022-12-08T07:06:32.155Z[Etc/UTC]].
2022-12-08 07:06:32,167 [Listener at 127.0.0.1/38067] INFO  ozone.MiniOzoneClusterImpl (MiniOzoneClusterImpl.java:lambda$waitForClusterToBeReady$0(216)) - Waiting for nodes to be ready. Got 4 of 7 DN Heartbeats.
2022-12-08 07:06:32,167 [Listener at 127.0.0.1/38067] INFO  ozone.MiniOzoneClusterImpl (MiniOzoneClusterImpl.java:lambda$waitForClusterToBeReady$0(219)) - Waiting for cluster to exit safe mode
2022-12-08 07:06:32,167 [Listener at 127.0.0.1/38067] INFO  ozone.MiniOzoneClusterImpl (MiniOzoneClusterImpl.java:lambda$waitForClusterToBeReady$0(221)) - SCM became leader
2022-12-08 07:06:32,204 [EventQueue-CommandQueueReportForCommandQueueReportHandler] WARN  events.EventQueue (EventQueue.java:fireEvent(216)) - No event handler registered for event TypedEvent{payloadType=DatanodeDetails, name='Datanode_Command_Queue_Updated'}
2022-12-08 07:06:32,212 [Command processor thread] INFO  server.RaftServer (RaftServerProxy.java:addNew(96)) - 058e5e99-a8f6-4821-8c5b-5a3d1bcc7ba8: addNew group-C2FE39F85E00:[058e5e99-a8f6-4821-8c5b-5a3d1bcc7ba8|rpc:10.1.0.14:40457|priority:1|startupRole:FOLLOWER] returns group-C2FE39F85E00:java.util.concurrent.CompletableFuture@3be91e8d[Not completed]
2022-12-08 07:06:32,212 [EventQueue-CommandQueueReportForCommandQueueReportHandler] WARN  events.EventQueue (EventQueue.java:fireEvent(216)) - No event handler registered for event TypedEvent{payloadType=DatanodeDetails, name='Datanode_Command_Queue_Updated'}
2022-12-08 07:06:32,222 [pool-346-thread-1] INFO  server.RaftServer$Division (RaftServerImpl.java:<init>(195)) - 058e5e99-a8f6-4821-8c5b-5a3d1bcc7ba8: new RaftServerImpl for group-C2FE39F85E00:[058e5e99-a8f6-4821-8c5b-5a3d1bcc7ba8|rpc:10.1.0.14:40457|priority:1|startupRole:FOLLOWER] with ContainerStateMachine:uninitialized
2022-12-08 07:06:32,223 [pool-346-thread-1] INFO  server.RaftServerConfigKeys (ConfUtils.java:logGet(46)) - raft.server.rpc.timeout.min = 5s (custom)
2022-12-08 07:06:32,223 [pool-346-thread-1] INFO  server.RaftServerConfigKeys (ConfUtils.java:logGet(46)) - raft.server.rpc.timeout.max = 5200ms (custom)
2022-12-08 07:06:32,223 [pool-346-thread-1] INFO  server.RaftServerConfigKeys (ConfUtils.java:logGet(46)) - raft.server.rpc.sleep.time = 25ms (default)
2022-12-08 07:06:32,223 [pool-346-thread-1] INFO  server.RaftServerConfigKeys (ConfUtils.java:logGet(46)) - raft.server.rpc.slowness.timeout = 300s (custom)
2022-12-08 07:06:32,223 [pool-346-thread-1] INFO  server.RaftServerConfigKeys (ConfUtils.java:logGet(46)) - raft.server.leaderelection.leader.step-down.wait-time = 10s (default)
2022-12-08 07:06:32,223 [pool-346-thread-1] INFO  server.RaftServerConfigKeys (ConfUtils.java:logGet(46)) - raft.server.sleep.deviation.threshold = 300ms (default)
2022-12-08 07:06:32,224 [pool-346-thread-1] INFO  server.RaftServer$Division (ServerState.java:<init>(118)) - 058e5e99-a8f6-4821-8c5b-5a3d1bcc7ba8@group-C2FE39F85E00: ConfigurationManager, init=-1: peers:[058e5e99-a8f6-4821-8c5b-5a3d1bcc7ba8|rpc:10.1.0.14:40457|priority:1|startupRole:FOLLOWER]|listeners:[], old=null, confs=<EMPTY_MAP>
2022-12-08 07:06:32,224 [pool-346-thread-1] INFO  server.RaftServerConfigKeys (ConfUtils.java:logGet(46)) - raft.server.storage.dir = [/home/runner/work/ozone/ozone/hadoop-ozone/integration-test/target/test-dir/MiniOzoneClusterImpl-510a2802-165a-4ebd-9ade-f7b35b2c34f6/datanode-0/data/ratis] (custom)
2022-12-08 07:06:32,224 [pool-346-thread-1] INFO  server.RaftServerConfigKeys (ConfUtils.java:logGet(46)) - raft.server.log.corruption.policy = EXCEPTION (default)
2022-12-08 07:06:32,224 [pool-346-thread-1] INFO  server.RaftServerConfigKeys (ConfUtils.java:logGet(46)) - raft.server.storage.free-space.min = 0MB (=0) (default)
2022-12-08 07:06:32,225 [pool-346-thread-1] INFO  server.RaftServerConfigKeys (ConfUtils.java:logGet(46)) - raft.server.notification.no-leader.timeout = 300s (custom)
2022-12-08 07:06:32,226 [pool-346-thread-1] INFO  server.RaftServerConfigKeys (ConfUtils.java:logGet(46)) - raft.server.retrycache.expirytime = 600000ms (custom)
2022-12-08 07:06:32,226 [pool-346-thread-1] INFO  server.RaftServerConfigKeys (ConfUtils.java:logGet(46)) - raft.server.retrycache.statistics.expirytime = 100μs (default)
2022-12-08 07:06:32,229 [pool-346-thread-1] INFO  server.RaftServerConfigKeys (ConfUtils.java:logGet(46)) - raft.server.log.appender.install.snapshot.enabled = false (custom)
2022-12-08 07:06:32,229 [pool-346-thread-1] INFO  server.RaftServerConfigKeys (ConfUtils.java:logGet(46)) - raft.server.threadpool.server.cached = true (default)
2022-12-08 07:06:32,229 [pool-346-thread-1] INFO  server.RaftServerConfigKeys (ConfUtils.java:logGet(46)) - raft.server.threadpool.server.size = 0 (default)
2022-12-08 07:06:32,229 [pool-346-thread-1] INFO  server.RaftServerConfigKeys (ConfUtils.java:logGet(46)) - raft.server.threadpool.client.cached = true (default)
2022-12-08 07:06:32,229 [pool-346-thread-1] INFO  server.RaftServerConfigKeys (ConfUtils.java:logGet(46)) - raft.server.threadpool.client.size = 0 (default)
2022-12-08 07:06:32,229 [pool-346-thread-1] INFO  storage.RaftStorageDirectory (RaftStorageDirectoryImpl.java:analyzeStorage(137)) - The storage directory /home/runner/work/ozone/ozone/hadoop-ozone/integration-test/target/test-dir/MiniOzoneClusterImpl-510a2802-165a-4ebd-9ade-f7b35b2c34f6/datanode-0/data/ratis/62763525-4a8f-44a1-9652-c2fe39f85e00 does not exist. Creating ...
2022-12-08 07:06:32,231 [pool-346-thread-1] INFO  storage.RaftStorageDirectory (RaftStorageDirectoryImpl.java:tryLock(231)) - Lock on /home/runner/work/ozone/ozone/hadoop-ozone/integration-test/target/test-dir/MiniOzoneClusterImpl-510a2802-165a-4ebd-9ade-f7b35b2c34f6/datanode-0/data/ratis/62763525-4a8f-44a1-9652-c2fe39f85e00/in_use.lock acquired by nodename 50697@fv-az165-805
2022-12-08 07:06:32,233 [pool-346-thread-1] INFO  storage.RaftStorage (RaftStorageImpl.java:format(96)) - Storage directory /home/runner/work/ozone/ozone/hadoop-ozone/integration-test/target/test-dir/MiniOzoneClusterImpl-510a2802-165a-4ebd-9ade-f7b35b2c34f6/datanode-0/data/ratis/62763525-4a8f-44a1-9652-c2fe39f85e00 has been successfully formatted.
2022-12-08 07:06:32,234 [pool-346-thread-1] INFO  ratis.ContainerStateMachine (ContainerStateMachine.java:loadSnapshot(236)) - group-C2FE39F85E00: The snapshot info is null. Setting the last applied indexto:(t:0, i:~)
2022-12-08 07:06:32,234 [pool-346-thread-1] INFO  server.RaftServerConfigKeys (ConfUtils.java:logGet(46)) - raft.server.log.use.memory = false (default)
2022-12-08 07:06:32,234 [pool-346-thread-1] INFO  server.RaftServerConfigKeys (ConfUtils.java:logGet(46)) - raft.server.log.purge.gap = 1000000 (custom)
2022-12-08 07:06:32,235 [pool-346-thread-1] INFO  server.RaftServerConfigKeys (ConfUtils.java:logGet(46)) - raft.server.log.appender.buffer.byte-limit = 33554432 (custom)
2022-12-08 07:06:32,235 [pool-346-thread-1] INFO  server.RaftServerConfigKeys (ConfUtils.java:logGet(46)) - raft.server.log.statemachine.data.read.timeout = 1000ms (default)
2022-12-08 07:06:32,235 [pool-346-thread-1] INFO  server.RaftServerConfigKeys (ConfUtils.java:logGet(46)) - raft.server.log.purge.preservation.log.num = 0 (default)
2022-12-08 07:06:32,235 [pool-346-thread-1] INFO  server.RaftServerConfigKeys (ConfUtils.java:logGet(46)) - raft.server.log.segment.size.max = 1048576 (custom)
2022-12-08 07:06:32,237 [pool-346-thread-1] INFO  server.RaftServerConfigKeys (ConfUtils.java:logGet(46)) - raft.server.log.segment.cache.num.max = 2 (custom)
2022-12-08 07:06:32,237 [pool-346-thread-1] INFO  server.RaftServerConfigKeys (ConfUtils.java:logGet(46)) - raft.server.log.segment.cache.size.max = 200MB (=209715200) (default)
2022-12-08 07:06:32,238 [pool-346-thread-1] INFO  segmented.SegmentedRaftLogWorker (SegmentedRaftLogWorker.java:<init>(189)) - new 058e5e99-a8f6-4821-8c5b-5a3d1bcc7ba8@group-C2FE39F85E00-SegmentedRaftLogWorker for RaftStorageImpl:Storage Directory /home/runner/work/ozone/ozone/hadoop-ozone/integration-test/target/test-dir/MiniOzoneClusterImpl-510a2802-165a-4ebd-9ade-f7b35b2c34f6/datanode-0/data/ratis/62763525-4a8f-44a1-9652-c2fe39f85e00
2022-12-08 07:06:32,238 [pool-346-thread-1] INFO  server.RaftServerConfigKeys (ConfUtils.java:logGet(46)) - raft.server.log.queue.byte-limit = 4294967296 (custom)
2022-12-08 07:06:32,238 [pool-346-thread-1] INFO  server.RaftServerConfigKeys (ConfUtils.java:logGet(46)) - raft.server.log.queue.element-limit = 1024 (custom)
2022-12-08 07:06:32,238 [pool-346-thread-1] INFO  server.RaftServerConfigKeys (ConfUtils.java:logGet(46)) - raft.server.log.segment.size.max = 1048576 (custom)
2022-12-08 07:06:32,238 [pool-346-thread-1] INFO  server.RaftServerConfigKeys (ConfUtils.java:logGet(46)) - raft.server.log.preallocated.size = 16384 (custom)
2022-12-08 07:06:32,239 [pool-346-thread-1] INFO  server.RaftServerConfigKeys (ConfUtils.java:logGet(46)) - raft.server.log.force.sync.num = 128 (default)
2022-12-08 07:06:32,239 [pool-346-thread-1] INFO  server.RaftServerConfigKeys (ConfUtils.java:logGet(46)) - raft.server.log.statemachine.data.sync = true (default)
2022-12-08 07:06:32,239 [pool-346-thread-1] INFO  server.RaftServerConfigKeys (ConfUtils.java:logGet(46)) - raft.server.log.statemachine.data.sync.timeout = 10s (default)
2022-12-08 07:06:32,241 [EventQueue-PipelineReportForPipelineReportHandler] INFO  pipeline.PipelineManagerImpl (PipelineManagerImpl.java:openPipeline(367)) - Pipeline Pipeline[ Id: 62763525-4a8f-44a1-9652-c2fe39f85e00, Nodes: 058e5e99-a8f6-4821-8c5b-5a3d1bcc7ba8{ip: 10.1.0.14, host: fv-az165-805.wtg55dazuvhetdvd2gpth4ys5d.dx.internal.cloudapp.net, ports: [REPLICATION=40863, RATIS=40457, RATIS_ADMIN=40457, RATIS_SERVER=40457, STANDALONE=40501], networkLocation: /default-rack, certSerialId: null, persistedOpState: IN_SERVICE, persistedOpStateExpiryEpochSec: 0}, ReplicationConfig: RATIS/ONE, State:ALLOCATED, leaderId:058e5e99-a8f6-4821-8c5b-5a3d1bcc7ba8, CreationTimestamp2022-12-08T07:06:29.246Z[Etc/UTC]] moved to OPEN state
2022-12-08 07:06:32,241 [EventQueue-CommandQueueReportForCommandQueueReportHandler] WARN  events.EventQueue (EventQueue.java:fireEvent(216)) - No event handler registered for event TypedEvent{payloadType=DatanodeDetails, name='Datanode_Command_Queue_Updated'}
2022-12-08 07:06:32,242 [pool-346-thread-1] INFO  server.RaftServerConfigKeys (ConfUtils.java:logGet(46)) - raft.server.log.statemachine.data.sync.timeout.retry = -1 (default)
2022-12-08 07:06:32,248 [EventQueue-OpenPipelineForHealthyPipelineSafeModeRule] INFO  safemode.SCMSafeModeManager (HealthyPipelineSafeModeRule.java:process(137)) - SCM in safe mode. Healthy pipelines reported count is 0, required healthy pipeline reported count is 1
2022-12-08 07:06:32,253 [pool-346-thread-1] INFO  server.RaftServerConfigKeys (ConfUtils.java:logGet(46)) - raft.server.log.write.buffer.size = 1048576 (custom)
2022-12-08 07:06:32,258 [EventQueue-CommandQueueReportForCommandQueueReportHandler] WARN  events.EventQueue (EventQueue.java:fireEvent(216)) - No event handler registered for event TypedEvent{payloadType=DatanodeDetails, name='Datanode_Command_Queue_Updated'}
2022-12-08 07:06:32,262 [Over Replicated Processor] INFO  replication.OverReplicatedProcessor (OverReplicatedProcessor.java:processAll(79)) - Processed 0 over replicated containers, failed processing 0
2022-12-08 07:06:32,269 [pool-346-thread-1] INFO  server.RaftServerConfigKeys (ConfUtils.java:logGet(46)) - raft.server.log.appender.buffer.byte-limit = 33554432 (custom)
2022-12-08 07:06:32,279 [pool-346-thread-1] INFO  server.RaftServerConfigKeys (ConfUtils.java:logGet(46)) - raft.server.log.unsafe-flush.enabled = false (default)
2022-12-08 07:06:32,280 [pool-346-thread-1] INFO  server.RaftServerConfigKeys (ConfUtils.java:logGet(46)) - raft.server.log.async-flush.enabled = false (default)
2022-12-08 07:06:32,280 [pool-346-thread-1] INFO  server.RaftServerConfigKeys (ConfUtils.java:logGet(46)) - raft.server.log.statemachine.data.caching.enabled = true (custom)
2022-12-08 07:06:32,281 [pool-346-thread-1] INFO  segmented.SegmentedRaftLogWorker (SegmentedRaftLogWorker.java:lambda$new$0(135)) - 058e5e99-a8f6-4821-8c5b-5a3d1bcc7ba8@group-C2FE39F85E00-SegmentedRaftLogWorker: flushIndex: setUnconditionally 0 -> -1
2022-12-08 07:06:32,282 [pool-346-thread-1] INFO  segmented.SegmentedRaftLogWorker (SegmentedRaftLogWorker.java:lambda$new$0(135)) - 058e5e99-a8f6-4821-8c5b-5a3d1bcc7ba8@group-C2FE39F85E00-SegmentedRaftLogWorker: safeCacheEvictIndex: setUnconditionally 0 -> -1
2022-12-08 07:06:32,282 [pool-346-thread-1] INFO  server.RaftServer$Division (RaftServerImpl.java:start(334)) - 058e5e99-a8f6-4821-8c5b-5a3d1bcc7ba8@group-C2FE39F85E00: start as a follower, conf=-1: peers:[058e5e99-a8f6-4821-8c5b-5a3d1bcc7ba8|rpc:10.1.0.14:40457|priority:1|startupRole:FOLLOWER]|listeners:[], old=null
2022-12-08 07:06:32,282 [pool-346-thread-1] INFO  server.RaftServer$Division (RaftServerImpl.java:setRole(321)) - 058e5e99-a8f6-4821-8c5b-5a3d1bcc7ba8@group-C2FE39F85E00: changes role from      null to FOLLOWER at term 0 for startAsFollower
2022-12-08 07:06:32,282 [pool-346-thread-1] INFO  impl.RoleInfo (RoleInfo.java:updateAndGet(139)) - 058e5e99-a8f6-4821-8c5b-5a3d1bcc7ba8: start 058e5e99-a8f6-4821-8c5b-5a3d1bcc7ba8@group-C2FE39F85E00-FollowerState
2022-12-08 07:06:32,288 [EndpointStateMachine task thread for /0.0.0.0:43949 - 0 ] INFO  utils.DatanodeStoreCache (DatanodeStoreCache.java:addDB(58)) - Added db /home/runner/work/ozone/ozone/hadoop-ozone/integration-test/target/test-dir/MiniOzoneClusterImpl-510a2802-165a-4ebd-9ade-f7b35b2c34f6/datanode-6/data-0/containers/hdds/510a2802-165a-4ebd-9ade-f7b35b2c34f6/DS-e5091644-d13f-4e18-afef-c5db942e79d3/container.db to cache
2022-12-08 07:06:32,288 [EndpointStateMachine task thread for /0.0.0.0:43949 - 0 ] INFO  volume.HddsVolume (HddsVolume.java:createDbStore(307)) - SchemaV3 db is created and loaded at /home/runner/work/ozone/ozone/hadoop-ozone/integration-test/target/test-dir/MiniOzoneClusterImpl-510a2802-165a-4ebd-9ade-f7b35b2c34f6/datanode-6/data-0/containers/hdds/510a2802-165a-4ebd-9ade-f7b35b2c34f6/DS-e5091644-d13f-4e18-afef-c5db942e79d3/container.db for volume DS-e5091644-d13f-4e18-afef-c5db942e79d3
2022-12-08 07:06:32,288 [EndpointStateMachine task thread for /0.0.0.0:43949 - 0 ] INFO  ozoneimpl.OzoneContainer (OzoneContainer.java:start(395)) - Attempting to start container services.
2022-12-08 07:06:32,289 [EndpointStateMachine task thread for /0.0.0.0:43949 - 0 ] INFO  ozoneimpl.OzoneContainer (OzoneContainer.java:startContainerScrub(312)) - Scheduled background container scanners and the on-demand container scanner have been disabled.
2022-12-08 07:06:32,289 [EndpointStateMachine task thread for /0.0.0.0:43949 - 0 ] INFO  replication.ReplicationServer (ReplicationServer.java:start(111)) - ReplicationServer is started using port 42807
2022-12-08 07:06:32,296 [pool-346-thread-1] INFO  util.JmxRegister (JmxRegister.java:tryRegister(44)) - Successfully registered JMX Bean with object name Ratis:service=RaftServer,group=group-C2FE39F85E00,id=058e5e99-a8f6-4821-8c5b-5a3d1bcc7ba8
2022-12-08 07:06:32,296 [pool-346-thread-1] INFO  server.RaftServerConfigKeys (ConfUtils.java:logGet(46)) - raft.server.snapshot.auto.trigger.enabled = true (custom)
2022-12-08 07:06:32,296 [pool-346-thread-1] INFO  server.RaftServerConfigKeys (ConfUtils.java:logGet(46)) - raft.server.snapshot.auto.trigger.threshold = 10000 (custom)
2022-12-08 07:06:32,297 [pool-346-thread-1] INFO  server.RaftServerConfigKeys (ConfUtils.java:logGet(46)) - raft.server.snapshot.retention.file.num = 5 (custom)
2022-12-08 07:06:32,297 [pool-346-thread-1] INFO  server.RaftServerConfigKeys (ConfUtils.java:logGet(46)) - raft.server.log.purge.upto.snapshot.index = false (default)
2022-12-08 07:06:32,297 [EndpointStateMachine task thread for /0.0.0.0:43949 - 0 ] INFO  ratis.XceiverServerRatis (XceiverServerRatis.java:start(481)) - Starting XceiverServerRatis b9ccd6e2-8e07-476f-a987-65ce83bdb13d
2022-12-08 07:06:32,298 [Command processor thread] INFO  ratis.XceiverServerRatis (XceiverServerRatis.java:addGroup(765)) - Created group PipelineID=62763525-4a8f-44a1-9652-c2fe39f85e00
2022-12-08 07:06:32,298 [Command processor thread] INFO  commandhandler.CreatePipelineCommandHandler (CreatePipelineCommandHandler.java:handle(113)) - Created Pipeline RATIS ONE PipelineID=62763525-4a8f-44a1-9652-c2fe39f85e00.
2022-12-08 07:06:32,299 [058e5e99-a8f6-4821-8c5b-5a3d1bcc7ba8@group-C2FE39F85E00-FollowerState] INFO  server.RaftServerConfigKeys (ConfUtils.java:logFallback(53)) - raft.server.rpc.first-election.timeout.min = 5s (fallback to raft.server.rpc.timeout.min)
2022-12-08 07:06:32,299 [058e5e99-a8f6-4821-8c5b-5a3d1bcc7ba8@group-C2FE39F85E00-FollowerState] INFO  server.RaftServerConfigKeys (ConfUtils.java:logFallback(53)) - raft.server.rpc.first-election.timeout.max = 5200ms (fallback to raft.server.rpc.timeout.max)
2022-12-08 07:06:32,312 [EndpointStateMachine task thread for /0.0.0.0:43949 - 0 ] INFO  server.RaftServer (RaftServerProxy.java:startImpl(393)) - b9ccd6e2-8e07-476f-a987-65ce83bdb13d: start RPC server
2022-12-08 07:06:32,313 [EndpointStateMachine task thread for /0.0.0.0:43949 - 0 ] INFO  server.GrpcService (GrpcService.java:startImpl(262)) - b9ccd6e2-8e07-476f-a987-65ce83bdb13d: GrpcService started, listening on 44951
2022-12-08 07:06:32,313 [EndpointStateMachine task thread for /0.0.0.0:43949 - 0 ] INFO  ratis.XceiverServerRatis (XceiverServerRatis.java:getRealPort(502)) - XceiverServerRatis b9ccd6e2-8e07-476f-a987-65ce83bdb13d is started using port 44951 for RATIS
2022-12-08 07:06:32,313 [EndpointStateMachine task thread for /0.0.0.0:43949 - 0 ] INFO  ratis.XceiverServerRatis (XceiverServerRatis.java:getRealPort(502)) - XceiverServerRatis b9ccd6e2-8e07-476f-a987-65ce83bdb13d is started using port 44951 for RATIS_ADMIN
2022-12-08 07:06:32,314 [EndpointStateMachine task thread for /0.0.0.0:43949 - 0 ] INFO  ratis.XceiverServerRatis (XceiverServerRatis.java:getRealPort(502)) - XceiverServerRatis b9ccd6e2-8e07-476f-a987-65ce83bdb13d is started using port 44951 for RATIS_SERVER
2022-12-08 07:06:32,314 [JvmPauseMonitor15] INFO  util.JvmPauseMonitor (JvmPauseMonitor.java:run(105)) - JvmPauseMonitor-b9ccd6e2-8e07-476f-a987-65ce83bdb13d: Started
2022-12-08 07:06:32,314 [Command processor thread] INFO  server.RaftServer (RaftServerProxy.java:addNew(96)) - 058e5e99-a8f6-4821-8c5b-5a3d1bcc7ba8: addNew group-529FB1F448B5:[058e5e99-a8f6-4821-8c5b-5a3d1bcc7ba8|rpc:10.1.0.14:40457|priority:1|startupRole:FOLLOWER, dc0237ef-1609-4756-90d6-b66d262b465e|rpc:10.1.0.14:46665|priority:0|startupRole:FOLLOWER, 5de537c7-90df-4f10-a651-9ea369dcfb7f|rpc:10.1.0.14:34865|priority:0|startupRole:FOLLOWER] returns group-529FB1F448B5:java.util.concurrent.CompletableFuture@3fd68d28[Not completed]
2022-12-08 07:06:32,316 [pool-346-thread-1] INFO  server.RaftServer$Division (RaftServerImpl.java:<init>(195)) - 058e5e99-a8f6-4821-8c5b-5a3d1bcc7ba8: new RaftServerImpl for group-529FB1F448B5:[058e5e99-a8f6-4821-8c5b-5a3d1bcc7ba8|rpc:10.1.0.14:40457|priority:1|startupRole:FOLLOWER, dc0237ef-1609-4756-90d6-b66d262b465e|rpc:10.1.0.14:46665|priority:0|startupRole:FOLLOWER, 5de537c7-90df-4f10-a651-9ea369dcfb7f|rpc:10.1.0.14:34865|priority:0|startupRole:FOLLOWER] with ContainerStateMachine:uninitialized
2022-12-08 07:06:32,316 [pool-346-thread-1] INFO  server.RaftServerConfigKeys (ConfUtils.java:logGet(46)) - raft.server.rpc.timeout.min = 5s (custom)
2022-12-08 07:06:32,316 [pool-346-thread-1] INFO  server.RaftServerConfigKeys (ConfUtils.java:logGet(46)) - raft.server.rpc.timeout.max = 5200ms (custom)
2022-12-08 07:06:32,316 [pool-346-thread-1] INFO  server.RaftServerConfigKeys (ConfUtils.java:logGet(46)) - raft.server.rpc.sleep.time = 25ms (default)
2022-12-08 07:06:32,316 [pool-346-thread-1] INFO  server.RaftServerConfigKeys (ConfUtils.java:logGet(46)) - raft.server.rpc.slowness.timeout = 300s (custom)
2022-12-08 07:06:32,316 [pool-346-thread-1] INFO  server.RaftServerConfigKeys (ConfUtils.java:logGet(46)) - raft.server.leaderelection.leader.step-down.wait-time = 10s (default)
2022-12-08 07:06:32,316 [pool-346-thread-1] INFO  server.RaftServerConfigKeys (ConfUtils.java:logGet(46)) - raft.server.sleep.deviation.threshold = 300ms (default)
2022-12-08 07:06:32,316 [pool-346-thread-1] INFO  server.RaftServer$Division (ServerState.java:<init>(118)) - 058e5e99-a8f6-4821-8c5b-5a3d1bcc7ba8@group-529FB1F448B5: ConfigurationManager, init=-1: peers:[058e5e99-a8f6-4821-8c5b-5a3d1bcc7ba8|rpc:10.1.0.14:40457|priority:1|startupRole:FOLLOWER, dc0237ef-1609-4756-90d6-b66d262b465e|rpc:10.1.0.14:46665|priority:0|startupRole:FOLLOWER, 5de537c7-90df-4f10-a651-9ea369dcfb7f|rpc:10.1.0.14:34865|priority:0|startupRole:FOLLOWER]|listeners:[], old=null, confs=<EMPTY_MAP>
2022-12-08 07:06:32,316 [pool-346-thread-1] INFO  server.RaftServerConfigKeys (ConfUtils.java:logGet(46)) - raft.server.storage.dir = [/home/runner/work/ozone/ozone/hadoop-ozone/integration-test/target/test-dir/MiniOzoneClusterImpl-510a2802-165a-4ebd-9ade-f7b35b2c34f6/datanode-0/data/ratis] (custom)
2022-12-08 07:06:32,316 [pool-346-thread-1] INFO  server.RaftServerConfigKeys (ConfUtils.java:logGet(46)) - raft.server.log.corruption.policy = EXCEPTION (default)
2022-12-08 07:06:32,317 [pool-346-thread-1] INFO  server.RaftServerConfigKeys (ConfUtils.java:logGet(46)) - raft.server.storage.free-space.min = 0MB (=0) (default)
2022-12-08 07:06:32,317 [pool-346-thread-1] INFO  server.RaftServerConfigKeys (ConfUtils.java:logGet(46)) - raft.server.notification.no-leader.timeout = 300s (custom)
2022-12-08 07:06:32,317 [pool-346-thread-1] INFO  server.RaftServerConfigKeys (ConfUtils.java:logGet(46)) - raft.server.retrycache.expirytime = 600000ms (custom)
2022-12-08 07:06:32,317 [pool-346-thread-1] INFO  server.RaftServerConfigKeys (ConfUtils.java:logGet(46)) - raft.server.retrycache.statistics.expirytime = 100μs (default)
2022-12-08 07:06:32,324 [pool-346-thread-1] INFO  server.RaftServerConfigKeys (ConfUtils.java:logGet(46)) - raft.server.log.appender.install.snapshot.enabled = false (custom)
2022-12-08 07:06:32,324 [pool-346-thread-1] INFO  server.RaftServerConfigKeys (ConfUtils.java:logGet(46)) - raft.server.threadpool.server.cached = true (default)
2022-12-08 07:06:32,324 [pool-346-thread-1] INFO  server.RaftServerConfigKeys (ConfUtils.java:logGet(46)) - raft.server.threadpool.server.size = 0 (default)
2022-12-08 07:06:32,324 [pool-346-thread-1] INFO  server.RaftServerConfigKeys (ConfUtils.java:logGet(46)) - raft.server.threadpool.client.cached = true (default)
2022-12-08 07:06:32,324 [pool-346-thread-1] INFO  server.RaftServerConfigKeys (ConfUtils.java:logGet(46)) - raft.server.threadpool.client.size = 0 (default)
2022-12-08 07:06:32,324 [pool-346-thread-1] INFO  storage.RaftStorageDirectory (RaftStorageDirectoryImpl.java:analyzeStorage(137)) - The storage directory /home/runner/work/ozone/ozone/hadoop-ozone/integration-test/target/test-dir/MiniOzoneClusterImpl-510a2802-165a-4ebd-9ade-f7b35b2c34f6/datanode-0/data/ratis/7c48609e-f6e9-4360-9262-529fb1f448b5 does not exist. Creating ...
2022-12-08 07:06:32,327 [pool-346-thread-1] INFO  storage.RaftStorageDirectory (RaftStorageDirectoryImpl.java:tryLock(231)) - Lock on /home/runner/work/ozone/ozone/hadoop-ozone/integration-test/target/test-dir/MiniOzoneClusterImpl-510a2802-165a-4ebd-9ade-f7b35b2c34f6/datanode-0/data/ratis/7c48609e-f6e9-4360-9262-529fb1f448b5/in_use.lock acquired by nodename 50697@fv-az165-805
2022-12-08 07:06:32,328 [EndpointStateMachine task thread for /0.0.0.0:43949 - 0 ] INFO  server.XceiverServerGrpc (XceiverServerGrpc.java:start(180)) - XceiverServerGrpc b9ccd6e2-8e07-476f-a987-65ce83bdb13d is started using port 35303
2022-12-08 07:06:32,332 [pool-346-thread-1] INFO  storage.RaftStorage (RaftStorageImpl.java:format(96)) - Storage directory /home/runner/work/ozone/ozone/hadoop-ozone/integration-test/target/test-dir/MiniOzoneClusterImpl-510a2802-165a-4ebd-9ade-f7b35b2c34f6/datanode-0/data/ratis/7c48609e-f6e9-4360-9262-529fb1f448b5 has been successfully formatted.
2022-12-08 07:06:32,332 [pool-346-thread-1] INFO  ratis.ContainerStateMachine (ContainerStateMachine.java:loadSnapshot(236)) - group-529FB1F448B5: The snapshot info is null. Setting the last applied indexto:(t:0, i:~)
2022-12-08 07:06:32,332 [pool-346-thread-1] INFO  server.RaftServerConfigKeys (ConfUtils.java:logGet(46)) - raft.server.log.use.memory = false (default)
2022-12-08 07:06:32,335 [EventQueue-OpenPipelineForHealthyPipelineSafeModeRule] INFO  safemode.SCMSafeModeManager (HealthyPipelineSafeModeRule.java:process(137)) - SCM in safe mode. Healthy pipelines reported count is 0, required healthy pipeline reported count is 1
2022-12-08 07:06:32,334 [EventQueue-CommandQueueReportForCommandQueueReportHandler] WARN  events.EventQueue (EventQueue.java:fireEvent(216)) - No event handler registered for event TypedEvent{payloadType=DatanodeDetails, name='Datanode_Command_Queue_Updated'}
2022-12-08 07:06:32,336 [pool-346-thread-1] INFO  server.RaftServerConfigKeys (ConfUtils.java:logGet(46)) - raft.server.log.purge.gap = 1000000 (custom)
2022-12-08 07:06:32,336 [pool-346-thread-1] INFO  server.RaftServerConfigKeys (ConfUtils.java:logGet(46)) - raft.server.log.appender.buffer.byte-limit = 33554432 (custom)
2022-12-08 07:06:32,336 [pool-346-thread-1] INFO  server.RaftServerConfigKeys (ConfUtils.java:logGet(46)) - raft.server.log.statemachine.data.read.timeout = 1000ms (default)
2022-12-08 07:06:32,336 [pool-346-thread-1] INFO  server.RaftServerConfigKeys (ConfUtils.java:logGet(46)) - raft.server.log.purge.preservation.log.num = 0 (default)
2022-12-08 07:06:32,337 [pool-346-thread-1] INFO  server.RaftServerConfigKeys (ConfUtils.java:logGet(46)) - raft.server.log.segment.size.max = 1048576 (custom)
2022-12-08 07:06:32,338 [pool-346-thread-1] INFO  server.RaftServerConfigKeys (ConfUtils.java:logGet(46)) - raft.server.log.segment.cache.num.max = 2 (custom)
2022-12-08 07:06:32,339 [pool-346-thread-1] INFO  server.RaftServerConfigKeys (ConfUtils.java:logGet(46)) - raft.server.log.segment.cache.size.max = 200MB (=209715200) (default)
2022-12-08 07:06:32,339 [pool-346-thread-1] INFO  segmented.SegmentedRaftLogWorker (SegmentedRaftLogWorker.java:<init>(189)) - new 058e5e99-a8f6-4821-8c5b-5a3d1bcc7ba8@group-529FB1F448B5-SegmentedRaftLogWorker for RaftStorageImpl:Storage Directory /home/runner/work/ozone/ozone/hadoop-ozone/integration-test/target/test-dir/MiniOzoneClusterImpl-510a2802-165a-4ebd-9ade-f7b35b2c34f6/datanode-0/data/ratis/7c48609e-f6e9-4360-9262-529fb1f448b5
2022-12-08 07:06:32,339 [pool-346-thread-1] INFO  server.RaftServerConfigKeys (ConfUtils.java:logGet(46)) - raft.server.log.queue.byte-limit = 4294967296 (custom)
2022-12-08 07:06:32,339 [pool-346-thread-1] INFO  server.RaftServerConfigKeys (ConfUtils.java:logGet(46)) - raft.server.log.queue.element-limit = 1024 (custom)
2022-12-08 07:06:32,339 [pool-346-thread-1] INFO  server.RaftServerConfigKeys (ConfUtils.java:logGet(46)) - raft.server.log.segment.size.max = 1048576 (custom)
2022-12-08 07:06:32,339 [pool-346-thread-1] INFO  server.RaftServerConfigKeys (ConfUtils.java:logGet(46)) - raft.server.log.preallocated.size = 16384 (custom)
2022-12-08 07:06:32,339 [pool-346-thread-1] INFO  server.RaftServerConfigKeys (ConfUtils.java:logGet(46)) - raft.server.log.force.sync.num = 128 (default)
2022-12-08 07:06:32,339 [pool-346-thread-1] INFO  server.RaftServerConfigKeys (ConfUtils.java:logGet(46)) - raft.server.log.statemachine.data.sync = true (default)
2022-12-08 07:06:32,340 [pool-346-thread-1] INFO  server.RaftServerConfigKeys (ConfUtils.java:logGet(46)) - raft.server.log.statemachine.data.sync.timeout = 10s (default)
2022-12-08 07:06:32,340 [pool-346-thread-1] INFO  server.RaftServerConfigKeys (ConfUtils.java:logGet(46)) - raft.server.log.statemachine.data.sync.timeout.retry = -1 (default)
2022-12-08 07:06:32,342 [pool-346-thread-1] INFO  server.RaftServerConfigKeys (ConfUtils.java:logGet(46)) - raft.server.log.write.buffer.size = 1048576 (custom)
2022-12-08 07:06:32,343 [pool-346-thread-1] INFO  server.RaftServerConfigKeys (ConfUtils.java:logGet(46)) - raft.server.log.appender.buffer.byte-limit = 33554432 (custom)
2022-12-08 07:06:32,349 [pool-346-thread-1] INFO  server.RaftServerConfigKeys (ConfUtils.java:logGet(46)) - raft.server.log.unsafe-flush.enabled = false (default)
2022-12-08 07:06:32,349 [pool-346-thread-1] INFO  server.RaftServerConfigKeys (ConfUtils.java:logGet(46)) - raft.server.log.async-flush.enabled = false (default)
2022-12-08 07:06:32,349 [pool-346-thread-1] INFO  server.RaftServerConfigKeys (ConfUtils.java:logGet(46)) - raft.server.log.statemachine.data.caching.enabled = true (custom)
2022-12-08 07:06:32,349 [pool-346-thread-1] INFO  segmented.SegmentedRaftLogWorker (SegmentedRaftLogWorker.java:lambda$new$0(135)) - 058e5e99-a8f6-4821-8c5b-5a3d1bcc7ba8@group-529FB1F448B5-SegmentedRaftLogWorker: flushIndex: setUnconditionally 0 -> -1
2022-12-08 07:06:32,349 [pool-346-thread-1] INFO  segmented.SegmentedRaftLogWorker (SegmentedRaftLogWorker.java:lambda$new$0(135)) - 058e5e99-a8f6-4821-8c5b-5a3d1bcc7ba8@group-529FB1F448B5-SegmentedRaftLogWorker: safeCacheEvictIndex: setUnconditionally 0 -> -1
2022-12-08 07:06:32,350 [pool-346-thread-1] INFO  server.RaftServer$Division (RaftServerImpl.java:start(334)) - 058e5e99-a8f6-4821-8c5b-5a3d1bcc7ba8@group-529FB1F448B5: start as a follower, conf=-1: peers:[058e5e99-a8f6-4821-8c5b-5a3d1bcc7ba8|rpc:10.1.0.14:40457|priority:1|startupRole:FOLLOWER, dc0237ef-1609-4756-90d6-b66d262b465e|rpc:10.1.0.14:46665|priority:0|startupRole:FOLLOWER, 5de537c7-90df-4f10-a651-9ea369dcfb7f|rpc:10.1.0.14:34865|priority:0|startupRole:FOLLOWER]|listeners:[], old=null
2022-12-08 07:06:32,350 [pool-346-thread-1] INFO  server.RaftServer$Division (RaftServerImpl.java:setRole(321)) - 058e5e99-a8f6-4821-8c5b-5a3d1bcc7ba8@group-529FB1F448B5: changes role from      null to FOLLOWER at term 0 for startAsFollower
2022-12-08 07:06:32,350 [pool-346-thread-1] INFO  impl.RoleInfo (RoleInfo.java:updateAndGet(139)) - 058e5e99-a8f6-4821-8c5b-5a3d1bcc7ba8: start 058e5e99-a8f6-4821-8c5b-5a3d1bcc7ba8@group-529FB1F448B5-FollowerState
2022-12-08 07:06:32,351 [pool-346-thread-1] INFO  util.JmxRegister (JmxRegister.java:tryRegister(44)) - Successfully registered JMX Bean with object name Ratis:service=RaftServer,group=group-529FB1F448B5,id=058e5e99-a8f6-4821-8c5b-5a3d1bcc7ba8
2022-12-08 07:06:32,351 [pool-346-thread-1] INFO  server.RaftServerConfigKeys (ConfUtils.java:logGet(46)) - raft.server.snapshot.auto.trigger.enabled = true (custom)
2022-12-08 07:06:32,351 [pool-346-thread-1] INFO  server.RaftServerConfigKeys (ConfUtils.java:logGet(46)) - raft.server.snapshot.auto.trigger.threshold = 10000 (custom)
2022-12-08 07:06:32,351 [pool-346-thread-1] INFO  server.RaftServerConfigKeys (ConfUtils.java:logGet(46)) - raft.server.snapshot.retention.file.num = 5 (custom)
2022-12-08 07:06:32,351 [pool-346-thread-1] INFO  server.RaftServerConfigKeys (ConfUtils.java:logGet(46)) - raft.server.log.purge.upto.snapshot.index = false (default)
2022-12-08 07:06:32,352 [058e5e99-a8f6-4821-8c5b-5a3d1bcc7ba8@group-529FB1F448B5-FollowerState] INFO  server.RaftServerConfigKeys (ConfUtils.java:logFallback(53)) - raft.server.rpc.first-election.timeout.min = 5s (fallback to raft.server.rpc.timeout.min)
2022-12-08 07:06:32,352 [058e5e99-a8f6-4821-8c5b-5a3d1bcc7ba8@group-529FB1F448B5-FollowerState] INFO  server.RaftServerConfigKeys (ConfUtils.java:logFallback(53)) - raft.server.rpc.first-election.timeout.max = 5200ms (fallback to raft.server.rpc.timeout.max)
2022-12-08 07:06:32,353 [Command processor thread] INFO  ratis.XceiverServerRatis (XceiverServerRatis.java:addGroup(765)) - Created group PipelineID=7c48609e-f6e9-4360-9262-529fb1f448b5
2022-12-08 07:06:32,361 [EventQueue-CommandQueueReportForCommandQueueReportHandler] WARN  events.EventQueue (EventQueue.java:fireEvent(216)) - No event handler registered for event TypedEvent{payloadType=DatanodeDetails, name='Datanode_Command_Queue_Updated'}
2022-12-08 07:06:32,367 [grpc-default-executor-4] INFO  server.RaftServer (RaftServerProxy.java:addNew(96)) - dc0237ef-1609-4756-90d6-b66d262b465e: addNew group-529FB1F448B5:[058e5e99-a8f6-4821-8c5b-5a3d1bcc7ba8|rpc:10.1.0.14:40457|dataStream:|priority:1|startupRole:FOLLOWER, dc0237ef-1609-4756-90d6-b66d262b465e|rpc:10.1.0.14:46665|dataStream:|priority:0|startupRole:FOLLOWER, 5de537c7-90df-4f10-a651-9ea369dcfb7f|rpc:10.1.0.14:34865|dataStream:|priority:0|startupRole:FOLLOWER] returns group-529FB1F448B5:java.util.concurrent.CompletableFuture@3934a8a5[Not completed]
2022-12-08 07:06:32,368 [pool-381-thread-1] INFO  server.RaftServer$Division (RaftServerImpl.java:<init>(195)) - dc0237ef-1609-4756-90d6-b66d262b465e: new RaftServerImpl for group-529FB1F448B5:[058e5e99-a8f6-4821-8c5b-5a3d1bcc7ba8|rpc:10.1.0.14:40457|dataStream:|priority:1|startupRole:FOLLOWER, dc0237ef-1609-4756-90d6-b66d262b465e|rpc:10.1.0.14:46665|dataStream:|priority:0|startupRole:FOLLOWER, 5de537c7-90df-4f10-a651-9ea369dcfb7f|rpc:10.1.0.14:34865|dataStream:|priority:0|startupRole:FOLLOWER] with ContainerStateMachine:uninitialized
2022-12-08 07:06:32,368 [pool-381-thread-1] INFO  server.RaftServerConfigKeys (ConfUtils.java:logGet(46)) - raft.server.rpc.timeout.min = 5s (custom)
2022-12-08 07:06:32,369 [pool-381-thread-1] INFO  server.RaftServerConfigKeys (ConfUtils.java:logGet(46)) - raft.server.rpc.timeout.max = 5200ms (custom)
2022-12-08 07:06:32,369 [pool-381-thread-1] INFO  server.RaftServerConfigKeys (ConfUtils.java:logGet(46)) - raft.server.rpc.sleep.time = 25ms (default)
2022-12-08 07:06:32,369 [pool-381-thread-1] INFO  server.RaftServerConfigKeys (ConfUtils.java:logGet(46)) - raft.server.rpc.slowness.timeout = 300s (custom)
2022-12-08 07:06:32,369 [pool-381-thread-1] INFO  server.RaftServerConfigKeys (ConfUtils.java:logGet(46)) - raft.server.leaderelection.leader.step-down.wait-time = 10s (default)
2022-12-08 07:06:32,369 [pool-381-thread-1] INFO  server.RaftServerConfigKeys (ConfUtils.java:logGet(46)) - raft.server.sleep.deviation.threshold = 300ms (default)
2022-12-08 07:06:32,369 [pool-381-thread-1] INFO  server.RaftServer$Division (ServerState.java:<init>(118)) - dc0237ef-1609-4756-90d6-b66d262b465e@group-529FB1F448B5: ConfigurationManager, init=-1: peers:[058e5e99-a8f6-4821-8c5b-5a3d1bcc7ba8|rpc:10.1.0.14:40457|dataStream:|priority:1|startupRole:FOLLOWER, dc0237ef-1609-4756-90d6-b66d262b465e|rpc:10.1.0.14:46665|dataStream:|priority:0|startupRole:FOLLOWER, 5de537c7-90df-4f10-a651-9ea369dcfb7f|rpc:10.1.0.14:34865|dataStream:|priority:0|startupRole:FOLLOWER]|listeners:[], old=null, confs=<EMPTY_MAP>
2022-12-08 07:06:32,369 [pool-381-thread-1] INFO  server.RaftServerConfigKeys (ConfUtils.java:logGet(46)) - raft.server.storage.dir = [/home/runner/work/ozone/ozone/hadoop-ozone/integration-test/target/test-dir/MiniOzoneClusterImpl-510a2802-165a-4ebd-9ade-f7b35b2c34f6/datanode-1/data/ratis] (custom)
2022-12-08 07:06:32,369 [pool-381-thread-1] INFO  server.RaftServerConfigKeys (ConfUtils.java:logGet(46)) - raft.server.log.corruption.policy = EXCEPTION (default)
2022-12-08 07:06:32,370 [pool-381-thread-1] INFO  server.RaftServerConfigKeys (ConfUtils.java:logGet(46)) - raft.server.storage.free-space.min = 0MB (=0) (default)
2022-12-08 07:06:32,370 [pool-381-thread-1] INFO  server.RaftServerConfigKeys (ConfUtils.java:logGet(46)) - raft.server.notification.no-leader.timeout = 300s (custom)
2022-12-08 07:06:32,370 [pool-381-thread-1] INFO  server.RaftServerConfigKeys (ConfUtils.java:logGet(46)) - raft.server.retrycache.expirytime = 600000ms (custom)
2022-12-08 07:06:32,370 [pool-381-thread-1] INFO  server.RaftServerConfigKeys (ConfUtils.java:logGet(46)) - raft.server.retrycache.statistics.expirytime = 100μs (default)
2022-12-08 07:06:32,372 [pool-381-thread-1] INFO  server.RaftServerConfigKeys (ConfUtils.java:logGet(46)) - raft.server.log.appender.install.snapshot.enabled = false (custom)
2022-12-08 07:06:32,372 [pool-381-thread-1] INFO  server.RaftServerConfigKeys (ConfUtils.java:logGet(46)) - raft.server.threadpool.server.cached = true (default)
2022-12-08 07:06:32,372 [pool-381-thread-1] INFO  server.RaftServerConfigKeys (ConfUtils.java:logGet(46)) - raft.server.threadpool.server.size = 0 (default)
2022-12-08 07:06:32,373 [pool-381-thread-1] INFO  server.RaftServerConfigKeys (ConfUtils.java:logGet(46)) - raft.server.threadpool.client.cached = true (default)
2022-12-08 07:06:32,373 [pool-381-thread-1] INFO  server.RaftServerConfigKeys (ConfUtils.java:logGet(46)) - raft.server.threadpool.client.size = 0 (default)
2022-12-08 07:06:32,373 [pool-381-thread-1] INFO  storage.RaftStorageDirectory (RaftStorageDirectoryImpl.java:analyzeStorage(137)) - The storage directory /home/runner/work/ozone/ozone/hadoop-ozone/integration-test/target/test-dir/MiniOzoneClusterImpl-510a2802-165a-4ebd-9ade-f7b35b2c34f6/datanode-1/data/ratis/7c48609e-f6e9-4360-9262-529fb1f448b5 does not exist. Creating ...
2022-12-08 07:06:32,375 [pool-381-thread-1] INFO  storage.RaftStorageDirectory (RaftStorageDirectoryImpl.java:tryLock(231)) - Lock on /home/runner/work/ozone/ozone/hadoop-ozone/integration-test/target/test-dir/MiniOzoneClusterImpl-510a2802-165a-4ebd-9ade-f7b35b2c34f6/datanode-1/data/ratis/7c48609e-f6e9-4360-9262-529fb1f448b5/in_use.lock acquired by nodename 50697@fv-az165-805
2022-12-08 07:06:32,377 [pool-381-thread-1] INFO  storage.RaftStorage (RaftStorageImpl.java:format(96)) - Storage directory /home/runner/work/ozone/ozone/hadoop-ozone/integration-test/target/test-dir/MiniOzoneClusterImpl-510a2802-165a-4ebd-9ade-f7b35b2c34f6/datanode-1/data/ratis/7c48609e-f6e9-4360-9262-529fb1f448b5 has been successfully formatted.
2022-12-08 07:06:32,378 [pool-381-thread-1] INFO  ratis.ContainerStateMachine (ContainerStateMachine.java:loadSnapshot(236)) - group-529FB1F448B5: The snapshot info is null. Setting the last applied indexto:(t:0, i:~)
2022-12-08 07:06:32,378 [pool-381-thread-1] INFO  server.RaftServerConfigKeys (ConfUtils.java:logGet(46)) - raft.server.log.use.memory = false (default)
2022-12-08 07:06:32,379 [pool-381-thread-1] INFO  server.RaftServerConfigKeys (ConfUtils.java:logGet(46)) - raft.server.log.purge.gap = 1000000 (custom)
2022-12-08 07:06:32,379 [pool-381-thread-1] INFO  server.RaftServerConfigKeys (ConfUtils.java:logGet(46)) - raft.server.log.appender.buffer.byte-limit = 33554432 (custom)
2022-12-08 07:06:32,379 [pool-381-thread-1] INFO  server.RaftServerConfigKeys (ConfUtils.java:logGet(46)) - raft.server.log.statemachine.data.read.timeout = 1000ms (default)
2022-12-08 07:06:32,379 [pool-381-thread-1] INFO  server.RaftServerConfigKeys (ConfUtils.java:logGet(46)) - raft.server.log.purge.preservation.log.num = 0 (default)
2022-12-08 07:06:32,379 [pool-381-thread-1] INFO  server.RaftServerConfigKeys (ConfUtils.java:logGet(46)) - raft.server.log.segment.size.max = 1048576 (custom)
2022-12-08 07:06:32,380 [EventQueue-CommandQueueReportForCommandQueueReportHandler] WARN  events.EventQueue (EventQueue.java:fireEvent(216)) - No event handler registered for event TypedEvent{payloadType=DatanodeDetails, name='Datanode_Command_Queue_Updated'}
2022-12-08 07:06:32,382 [pool-381-thread-1] INFO  server.RaftServerConfigKeys (ConfUtils.java:logGet(46)) - raft.server.log.segment.cache.num.max = 2 (custom)
2022-12-08 07:06:32,382 [pool-381-thread-1] INFO  server.RaftServerConfigKeys (ConfUtils.java:logGet(46)) - raft.server.log.segment.cache.size.max = 200MB (=209715200) (default)
2022-12-08 07:06:32,382 [pool-381-thread-1] INFO  segmented.SegmentedRaftLogWorker (SegmentedRaftLogWorker.java:<init>(189)) - new dc0237ef-1609-4756-90d6-b66d262b465e@group-529FB1F448B5-SegmentedRaftLogWorker for RaftStorageImpl:Storage Directory /home/runner/work/ozone/ozone/hadoop-ozone/integration-test/target/test-dir/MiniOzoneClusterImpl-510a2802-165a-4ebd-9ade-f7b35b2c34f6/datanode-1/data/ratis/7c48609e-f6e9-4360-9262-529fb1f448b5
2022-12-08 07:06:32,382 [pool-381-thread-1] INFO  server.RaftServerConfigKeys (ConfUtils.java:logGet(46)) - raft.server.log.queue.byte-limit = 4294967296 (custom)
2022-12-08 07:06:32,382 [pool-381-thread-1] INFO  server.RaftServerConfigKeys (ConfUtils.java:logGet(46)) - raft.server.log.queue.element-limit = 1024 (custom)
2022-12-08 07:06:32,382 [pool-381-thread-1] INFO  server.RaftServerConfigKeys (ConfUtils.java:logGet(46)) - raft.server.log.segment.size.max = 1048576 (custom)
2022-12-08 07:06:32,382 [pool-381-thread-1] INFO  server.RaftServerConfigKeys (ConfUtils.java:logGet(46)) - raft.server.log.preallocated.size = 16384 (custom)
2022-12-08 07:06:32,383 [pool-381-thread-1] INFO  server.RaftServerConfigKeys (ConfUtils.java:logGet(46)) - raft.server.log.force.sync.num = 128 (default)
2022-12-08 07:06:32,383 [pool-381-thread-1] INFO  server.RaftServerConfigKeys (ConfUtils.java:logGet(46)) - raft.server.log.statemachine.data.sync = true (default)
2022-12-08 07:06:32,383 [pool-381-thread-1] INFO  server.RaftServerConfigKeys (ConfUtils.java:logGet(46)) - raft.server.log.statemachine.data.sync.timeout = 10s (default)
2022-12-08 07:06:32,383 [pool-381-thread-1] INFO  server.RaftServerConfigKeys (ConfUtils.java:logGet(46)) - raft.server.log.statemachine.data.sync.timeout.retry = -1 (default)
2022-12-08 07:06:32,385 [pool-381-thread-1] INFO  server.RaftServerConfigKeys (ConfUtils.java:logGet(46)) - raft.server.log.write.buffer.size = 1048576 (custom)
2022-12-08 07:06:32,385 [pool-381-thread-1] INFO  server.RaftServerConfigKeys (ConfUtils.java:logGet(46)) - raft.server.log.appender.buffer.byte-limit = 33554432 (custom)
2022-12-08 07:06:32,394 [pool-381-thread-1] INFO  server.RaftServerConfigKeys (ConfUtils.java:logGet(46)) - raft.server.log.unsafe-flush.enabled = false (default)
2022-12-08 07:06:32,394 [pool-381-thread-1] INFO  server.RaftServerConfigKeys (ConfUtils.java:logGet(46)) - raft.server.log.async-flush.enabled = false (default)
2022-12-08 07:06:32,394 [pool-381-thread-1] INFO  server.RaftServerConfigKeys (ConfUtils.java:logGet(46)) - raft.server.log.statemachine.data.caching.enabled = true (custom)
2022-12-08 07:06:32,394 [pool-381-thread-1] INFO  segmented.SegmentedRaftLogWorker (SegmentedRaftLogWorker.java:lambda$new$0(135)) - dc0237ef-1609-4756-90d6-b66d262b465e@group-529FB1F448B5-SegmentedRaftLogWorker: flushIndex: setUnconditionally 0 -> -1
2022-12-08 07:06:32,395 [pool-381-thread-1] INFO  segmented.SegmentedRaftLogWorker (SegmentedRaftLogWorker.java:lambda$new$0(135)) - dc0237ef-1609-4756-90d6-b66d262b465e@group-529FB1F448B5-SegmentedRaftLogWorker: safeCacheEvictIndex: setUnconditionally 0 -> -1
2022-12-08 07:06:32,395 [pool-381-thread-1] INFO  server.RaftServer$Division (RaftServerImpl.java:start(334)) - dc0237ef-1609-4756-90d6-b66d262b465e@group-529FB1F448B5: start as a follower, conf=-1: peers:[058e5e99-a8f6-4821-8c5b-5a3d1bcc7ba8|rpc:10.1.0.14:40457|dataStream:|priority:1|startupRole:FOLLOWER, dc0237ef-1609-4756-90d6-b66d262b465e|rpc:10.1.0.14:46665|dataStream:|priority:0|startupRole:FOLLOWER, 5de537c7-90df-4f10-a651-9ea369dcfb7f|rpc:10.1.0.14:34865|dataStream:|priority:0|startupRole:FOLLOWER]|listeners:[], old=null
2022-12-08 07:06:32,395 [pool-381-thread-1] INFO  server.RaftServer$Division (RaftServerImpl.java:setRole(321)) - dc0237ef-1609-4756-90d6-b66d262b465e@group-529FB1F448B5: changes role from      null to FOLLOWER at term 0 for startAsFollower
2022-12-08 07:06:32,395 [pool-381-thread-1] INFO  impl.RoleInfo (RoleInfo.java:updateAndGet(139)) - dc0237ef-1609-4756-90d6-b66d262b465e: start dc0237ef-1609-4756-90d6-b66d262b465e@group-529FB1F448B5-FollowerState
2022-12-08 07:06:32,397 [pool-381-thread-1] INFO  util.JmxRegister (JmxRegister.java:tryRegister(44)) - Successfully registered JMX Bean with object name Ratis:service=RaftServer,group=group-529FB1F448B5,id=dc0237ef-1609-4756-90d6-b66d262b465e
2022-12-08 07:06:32,398 [pool-381-thread-1] INFO  server.RaftServerConfigKeys (ConfUtils.java:logGet(46)) - raft.server.snapshot.auto.trigger.enabled = true (custom)
2022-12-08 07:06:32,398 [pool-381-thread-1] INFO  server.RaftServerConfigKeys (ConfUtils.java:logGet(46)) - raft.server.snapshot.auto.trigger.threshold = 10000 (custom)
2022-12-08 07:06:32,398 [pool-381-thread-1] INFO  server.RaftServerConfigKeys (ConfUtils.java:logGet(46)) - raft.server.snapshot.retention.file.num = 5 (custom)
2022-12-08 07:06:32,398 [dc0237ef-1609-4756-90d6-b66d262b465e@group-529FB1F448B5-FollowerState] INFO  server.RaftServerConfigKeys (ConfUtils.java:logFallback(53)) - raft.server.rpc.first-election.timeout.min = 5s (fallback to raft.server.rpc.timeout.min)
2022-12-08 07:06:32,398 [pool-381-thread-1] INFO  server.RaftServerConfigKeys (ConfUtils.java:logGet(46)) - raft.server.log.purge.upto.snapshot.index = false (default)
2022-12-08 07:06:32,398 [dc0237ef-1609-4756-90d6-b66d262b465e@group-529FB1F448B5-FollowerState] INFO  server.RaftServerConfigKeys (ConfUtils.java:logFallback(53)) - raft.server.rpc.first-election.timeout.max = 5200ms (fallback to raft.server.rpc.timeout.max)
2022-12-08 07:06:32,430 [grpc-default-executor-4] INFO  server.RaftServer (RaftServerProxy.java:addNew(96)) - 5de537c7-90df-4f10-a651-9ea369dcfb7f: addNew group-529FB1F448B5:[058e5e99-a8f6-4821-8c5b-5a3d1bcc7ba8|rpc:10.1.0.14:40457|dataStream:|priority:1|startupRole:FOLLOWER, dc0237ef-1609-4756-90d6-b66d262b465e|rpc:10.1.0.14:46665|dataStream:|priority:0|startupRole:FOLLOWER, 5de537c7-90df-4f10-a651-9ea369dcfb7f|rpc:10.1.0.14:34865|dataStream:|priority:0|startupRole:FOLLOWER] returns group-529FB1F448B5:java.util.concurrent.CompletableFuture@353c45b9[Not completed]
2022-12-08 07:06:32,432 [pool-434-thread-1] INFO  server.RaftServer$Division (RaftServerImpl.java:<init>(195)) - 5de537c7-90df-4f10-a651-9ea369dcfb7f: new RaftServerImpl for group-529FB1F448B5:[058e5e99-a8f6-4821-8c5b-5a3d1bcc7ba8|rpc:10.1.0.14:40457|dataStream:|priority:1|startupRole:FOLLOWER, dc0237ef-1609-4756-90d6-b66d262b465e|rpc:10.1.0.14:46665|dataStream:|priority:0|startupRole:FOLLOWER, 5de537c7-90df-4f10-a651-9ea369dcfb7f|rpc:10.1.0.14:34865|dataStream:|priority:0|startupRole:FOLLOWER] with ContainerStateMachine:uninitialized
2022-12-08 07:06:32,432 [pool-434-thread-1] INFO  server.RaftServerConfigKeys (ConfUtils.java:logGet(46)) - raft.server.rpc.timeout.min = 5s (custom)
2022-12-08 07:06:32,432 [pool-434-thread-1] INFO  server.RaftServerConfigKeys (ConfUtils.java:logGet(46)) - raft.server.rpc.timeout.max = 5200ms (custom)
2022-12-08 07:06:32,432 [pool-434-thread-1] INFO  server.RaftServerConfigKeys (ConfUtils.java:logGet(46)) - raft.server.rpc.sleep.time = 25ms (default)
2022-12-08 07:06:32,432 [pool-434-thread-1] INFO  server.RaftServerConfigKeys (ConfUtils.java:logGet(46)) - raft.server.rpc.slowness.timeout = 300s (custom)
2022-12-08 07:06:32,432 [pool-434-thread-1] INFO  server.RaftServerConfigKeys (ConfUtils.java:logGet(46)) - raft.server.leaderelection.leader.step-down.wait-time = 10s (default)
2022-12-08 07:06:32,433 [pool-434-thread-1] INFO  server.RaftServerConfigKeys (ConfUtils.java:logGet(46)) - raft.server.sleep.deviation.threshold = 300ms (default)
2022-12-08 07:06:32,433 [pool-434-thread-1] INFO  server.RaftServer$Division (ServerState.java:<init>(118)) - 5de537c7-90df-4f10-a651-9ea369dcfb7f@group-529FB1F448B5: ConfigurationManager, init=-1: peers:[058e5e99-a8f6-4821-8c5b-5a3d1bcc7ba8|rpc:10.1.0.14:40457|dataStream:|priority:1|startupRole:FOLLOWER, dc0237ef-1609-4756-90d6-b66d262b465e|rpc:10.1.0.14:46665|dataStream:|priority:0|startupRole:FOLLOWER, 5de537c7-90df-4f10-a651-9ea369dcfb7f|rpc:10.1.0.14:34865|dataStream:|priority:0|startupRole:FOLLOWER]|listeners:[], old=null, confs=<EMPTY_MAP>
2022-12-08 07:06:32,433 [pool-434-thread-1] INFO  server.RaftServerConfigKeys (ConfUtils.java:logGet(46)) - raft.server.storage.dir = [/home/runner/work/ozone/ozone/hadoop-ozone/integration-test/target/test-dir/MiniOzoneClusterImpl-510a2802-165a-4ebd-9ade-f7b35b2c34f6/datanode-2/data/ratis] (custom)
2022-12-08 07:06:32,433 [pool-434-thread-1] INFO  server.RaftServerConfigKeys (ConfUtils.java:logGet(46)) - raft.server.log.corruption.policy = EXCEPTION (default)
2022-12-08 07:06:32,433 [pool-434-thread-1] INFO  server.RaftServerConfigKeys (ConfUtils.java:logGet(46)) - raft.server.storage.free-space.min = 0MB (=0) (default)
2022-12-08 07:06:32,433 [pool-434-thread-1] INFO  server.RaftServerConfigKeys (ConfUtils.java:logGet(46)) - raft.server.notification.no-leader.timeout = 300s (custom)
2022-12-08 07:06:32,433 [pool-434-thread-1] INFO  server.RaftServerConfigKeys (ConfUtils.java:logGet(46)) - raft.server.retrycache.expirytime = 600000ms (custom)
2022-12-08 07:06:32,433 [pool-434-thread-1] INFO  server.RaftServerConfigKeys (ConfUtils.java:logGet(46)) - raft.server.retrycache.statistics.expirytime = 100μs (default)
2022-12-08 07:06:32,436 [pool-434-thread-1] INFO  server.RaftServerConfigKeys (ConfUtils.java:logGet(46)) - raft.server.log.appender.install.snapshot.enabled = false (custom)
2022-12-08 07:06:32,436 [pool-434-thread-1] INFO  server.RaftServerConfigKeys (ConfUtils.java:logGet(46)) - raft.server.threadpool.server.cached = true (default)
2022-12-08 07:06:32,436 [pool-434-thread-1] INFO  server.RaftServerConfigKeys (ConfUtils.java:logGet(46)) - raft.server.threadpool.server.size = 0 (default)
2022-12-08 07:06:32,436 [pool-434-thread-1] INFO  server.RaftServerConfigKeys (ConfUtils.java:logGet(46)) - raft.server.threadpool.client.cached = true (default)
2022-12-08 07:06:32,436 [pool-434-thread-1] INFO  server.RaftServerConfigKeys (ConfUtils.java:logGet(46)) - raft.server.threadpool.client.size = 0 (default)
2022-12-08 07:06:32,436 [pool-434-thread-1] INFO  storage.RaftStorageDirectory (RaftStorageDirectoryImpl.java:analyzeStorage(137)) - The storage directory /home/runner/work/ozone/ozone/hadoop-ozone/integration-test/target/test-dir/MiniOzoneClusterImpl-510a2802-165a-4ebd-9ade-f7b35b2c34f6/datanode-2/data/ratis/7c48609e-f6e9-4360-9262-529fb1f448b5 does not exist. Creating ...
2022-12-08 07:06:32,437 [pool-434-thread-1] INFO  storage.RaftStorageDirectory (RaftStorageDirectoryImpl.java:tryLock(231)) - Lock on /home/runner/work/ozone/ozone/hadoop-ozone/integration-test/target/test-dir/MiniOzoneClusterImpl-510a2802-165a-4ebd-9ade-f7b35b2c34f6/datanode-2/data/ratis/7c48609e-f6e9-4360-9262-529fb1f448b5/in_use.lock acquired by nodename 50697@fv-az165-805
2022-12-08 07:06:32,439 [pool-434-thread-1] INFO  storage.RaftStorage (RaftStorageImpl.java:format(96)) - Storage directory /home/runner/work/ozone/ozone/hadoop-ozone/integration-test/target/test-dir/MiniOzoneClusterImpl-510a2802-165a-4ebd-9ade-f7b35b2c34f6/datanode-2/data/ratis/7c48609e-f6e9-4360-9262-529fb1f448b5 has been successfully formatted.
2022-12-08 07:06:32,441 [pool-434-thread-1] INFO  ratis.ContainerStateMachine (ContainerStateMachine.java:loadSnapshot(236)) - group-529FB1F448B5: The snapshot info is null. Setting the last applied indexto:(t:0, i:~)
2022-12-08 07:06:32,441 [pool-434-thread-1] INFO  server.RaftServerConfigKeys (ConfUtils.java:logGet(46)) - raft.server.log.use.memory = false (default)
2022-12-08 07:06:32,441 [pool-434-thread-1] INFO  server.RaftServerConfigKeys (ConfUtils.java:logGet(46)) - raft.server.log.purge.gap = 1000000 (custom)
2022-12-08 07:06:32,441 [pool-434-thread-1] INFO  server.RaftServerConfigKeys (ConfUtils.java:logGet(46)) - raft.server.log.appender.buffer.byte-limit = 33554432 (custom)
2022-12-08 07:06:32,441 [pool-434-thread-1] INFO  server.RaftServerConfigKeys (ConfUtils.java:logGet(46)) - raft.server.log.statemachine.data.read.timeout = 1000ms (default)
2022-12-08 07:06:32,441 [pool-434-thread-1] INFO  server.RaftServerConfigKeys (ConfUtils.java:logGet(46)) - raft.server.log.purge.preservation.log.num = 0 (default)
2022-12-08 07:06:32,446 [EventQueue-CommandQueueReportForCommandQueueReportHandler] WARN  events.EventQueue (EventQueue.java:fireEvent(216)) - No event handler registered for event TypedEvent{payloadType=DatanodeDetails, name='Datanode_Command_Queue_Updated'}
2022-12-08 07:06:32,447 [pool-434-thread-1] INFO  server.RaftServerConfigKeys (ConfUtils.java:logGet(46)) - raft.server.log.segment.size.max = 1048576 (custom)
2022-12-08 07:06:32,449 [pool-434-thread-1] INFO  server.RaftServerConfigKeys (ConfUtils.java:logGet(46)) - raft.server.log.segment.cache.num.max = 2 (custom)
2022-12-08 07:06:32,449 [pool-434-thread-1] INFO  server.RaftServerConfigKeys (ConfUtils.java:logGet(46)) - raft.server.log.segment.cache.size.max = 200MB (=209715200) (default)
2022-12-08 07:06:32,449 [pool-434-thread-1] INFO  segmented.SegmentedRaftLogWorker (SegmentedRaftLogWorker.java:<init>(189)) - new 5de537c7-90df-4f10-a651-9ea369dcfb7f@group-529FB1F448B5-SegmentedRaftLogWorker for RaftStorageImpl:Storage Directory /home/runner/work/ozone/ozone/hadoop-ozone/integration-test/target/test-dir/MiniOzoneClusterImpl-510a2802-165a-4ebd-9ade-f7b35b2c34f6/datanode-2/data/ratis/7c48609e-f6e9-4360-9262-529fb1f448b5
2022-12-08 07:06:32,449 [pool-434-thread-1] INFO  server.RaftServerConfigKeys (ConfUtils.java:logGet(46)) - raft.server.log.queue.byte-limit = 4294967296 (custom)
2022-12-08 07:06:32,449 [pool-434-thread-1] INFO  server.RaftServerConfigKeys (ConfUtils.java:logGet(46)) - raft.server.log.queue.element-limit = 1024 (custom)
2022-12-08 07:06:32,449 [pool-434-thread-1] INFO  server.RaftServerConfigKeys (ConfUtils.java:logGet(46)) - raft.server.log.segment.size.max = 1048576 (custom)
2022-12-08 07:06:32,449 [pool-434-thread-1] INFO  server.RaftServerConfigKeys (ConfUtils.java:logGet(46)) - raft.server.log.preallocated.size = 16384 (custom)
2022-12-08 07:06:32,449 [pool-434-thread-1] INFO  server.RaftServerConfigKeys (ConfUtils.java:logGet(46)) - raft.server.log.force.sync.num = 128 (default)
2022-12-08 07:06:32,449 [pool-434-thread-1] INFO  server.RaftServerConfigKeys (ConfUtils.java:logGet(46)) - raft.server.log.statemachine.data.sync = true (default)
2022-12-08 07:06:32,449 [pool-434-thread-1] INFO  server.RaftServerConfigKeys (ConfUtils.java:logGet(46)) - raft.server.log.statemachine.data.sync.timeout = 10s (default)
2022-12-08 07:06:32,449 [pool-434-thread-1] INFO  server.RaftServerConfigKeys (ConfUtils.java:logGet(46)) - raft.server.log.statemachine.data.sync.timeout.retry = -1 (default)
2022-12-08 07:06:32,452 [pool-434-thread-1] INFO  server.RaftServerConfigKeys (ConfUtils.java:logGet(46)) - raft.server.log.write.buffer.size = 1048576 (custom)
2022-12-08 07:06:32,452 [pool-434-thread-1] INFO  server.RaftServerConfigKeys (ConfUtils.java:logGet(46)) - raft.server.log.appender.buffer.byte-limit = 33554432 (custom)
2022-12-08 07:06:32,459 [pool-434-thread-1] INFO  server.RaftServerConfigKeys (ConfUtils.java:logGet(46)) - raft.server.log.unsafe-flush.enabled = false (default)
2022-12-08 07:06:32,460 [pool-434-thread-1] INFO  server.RaftServerConfigKeys (ConfUtils.java:logGet(46)) - raft.server.log.async-flush.enabled = false (default)
2022-12-08 07:06:32,460 [pool-434-thread-1] INFO  server.RaftServerConfigKeys (ConfUtils.java:logGet(46)) - raft.server.log.statemachine.data.caching.enabled = true (custom)
2022-12-08 07:06:32,460 [pool-434-thread-1] INFO  segmented.SegmentedRaftLogWorker (SegmentedRaftLogWorker.java:lambda$new$0(135)) - 5de537c7-90df-4f10-a651-9ea369dcfb7f@group-529FB1F448B5-SegmentedRaftLogWorker: flushIndex: setUnconditionally 0 -> -1
2022-12-08 07:06:32,460 [pool-434-thread-1] INFO  segmented.SegmentedRaftLogWorker (SegmentedRaftLogWorker.java:lambda$new$0(135)) - 5de537c7-90df-4f10-a651-9ea369dcfb7f@group-529FB1F448B5-SegmentedRaftLogWorker: safeCacheEvictIndex: setUnconditionally 0 -> -1
2022-12-08 07:06:32,461 [pool-434-thread-1] INFO  server.RaftServer$Division (RaftServerImpl.java:start(334)) - 5de537c7-90df-4f10-a651-9ea369dcfb7f@group-529FB1F448B5: start as a follower, conf=-1: peers:[058e5e99-a8f6-4821-8c5b-5a3d1bcc7ba8|rpc:10.1.0.14:40457|dataStream:|priority:1|startupRole:FOLLOWER, dc0237ef-1609-4756-90d6-b66d262b465e|rpc:10.1.0.14:46665|dataStream:|priority:0|startupRole:FOLLOWER, 5de537c7-90df-4f10-a651-9ea369dcfb7f|rpc:10.1.0.14:34865|dataStream:|priority:0|startupRole:FOLLOWER]|listeners:[], old=null
2022-12-08 07:06:32,461 [pool-434-thread-1] INFO  server.RaftServer$Division (RaftServerImpl.java:setRole(321)) - 5de537c7-90df-4f10-a651-9ea369dcfb7f@group-529FB1F448B5: changes role from      null to FOLLOWER at term 0 for startAsFollower
2022-12-08 07:06:32,461 [pool-434-thread-1] INFO  impl.RoleInfo (RoleInfo.java:updateAndGet(139)) - 5de537c7-90df-4f10-a651-9ea369dcfb7f: start 5de537c7-90df-4f10-a651-9ea369dcfb7f@group-529FB1F448B5-FollowerState
2022-12-08 07:06:32,461 [pool-434-thread-1] INFO  util.JmxRegister (JmxRegister.java:tryRegister(44)) - Successfully registered JMX Bean with object name Ratis:service=RaftServer,group=group-529FB1F448B5,id=5de537c7-90df-4f10-a651-9ea369dcfb7f
2022-12-08 07:06:32,461 [5de537c7-90df-4f10-a651-9ea369dcfb7f@group-529FB1F448B5-FollowerState] INFO  server.RaftServerConfigKeys (ConfUtils.java:logFallback(53)) - raft.server.rpc.first-election.timeout.min = 5s (fallback to raft.server.rpc.timeout.min)
2022-12-08 07:06:32,462 [5de537c7-90df-4f10-a651-9ea369dcfb7f@group-529FB1F448B5-FollowerState] INFO  server.RaftServerConfigKeys (ConfUtils.java:logFallback(53)) - raft.server.rpc.first-election.timeout.max = 5200ms (fallback to raft.server.rpc.timeout.max)
2022-12-08 07:06:32,462 [pool-434-thread-1] INFO  server.RaftServerConfigKeys (ConfUtils.java:logGet(46)) - raft.server.snapshot.auto.trigger.enabled = true (custom)
2022-12-08 07:06:32,462 [pool-434-thread-1] INFO  server.RaftServerConfigKeys (ConfUtils.java:logGet(46)) - raft.server.snapshot.auto.trigger.threshold = 10000 (custom)
2022-12-08 07:06:32,462 [pool-434-thread-1] INFO  server.RaftServerConfigKeys (ConfUtils.java:logGet(46)) - raft.server.snapshot.retention.file.num = 5 (custom)
2022-12-08 07:06:32,463 [pool-434-thread-1] INFO  server.RaftServerConfigKeys (ConfUtils.java:logGet(46)) - raft.server.log.purge.upto.snapshot.index = false (default)
2022-12-08 07:06:32,479 [Command processor thread] INFO  commandhandler.CreatePipelineCommandHandler (CreatePipelineCommandHandler.java:handle(113)) - Created Pipeline RATIS THREE PipelineID=7c48609e-f6e9-4360-9262-529fb1f448b5.
2022-12-08 07:06:32,524 [EventQueue-CommandQueueReportForCommandQueueReportHandler] WARN  events.EventQueue (EventQueue.java:fireEvent(216)) - No event handler registered for event TypedEvent{payloadType=DatanodeDetails, name='Datanode_Command_Queue_Updated'}
2022-12-08 07:06:32,527 [EventQueue-CommandQueueReportForCommandQueueReportHandler] WARN  events.EventQueue (EventQueue.java:fireEvent(216)) - No event handler registered for event TypedEvent{payloadType=DatanodeDetails, name='Datanode_Command_Queue_Updated'}
2022-12-08 07:06:32,543 [EventQueue-CommandQueueReportForCommandQueueReportHandler] WARN  events.EventQueue (EventQueue.java:fireEvent(216)) - No event handler registered for event TypedEvent{payloadType=DatanodeDetails, name='Datanode_Command_Queue_Updated'}
2022-12-08 07:06:32,830 [Under Replicated Processor] INFO  replication.ReplicationManager (ReplicationManager.java:sendDatanodeCommand(417)) - Sending command of type replicateContainerCommand for container ContainerInfo{id=#4, state=CLOSED, pipelineID=PipelineID=4fb460ec-a727-4dcc-a8e2-50716312cdfe, stateEnterTime=2022-12-08T07:06:24.468Z, owner=om1} to f4ffb4f0-97dc-4c31-9ebf-2914332a538f{ip: 10.1.0.14, host: fv-az165-805.wtg55dazuvhetdvd2gpth4ys5d.dx.internal.cloudapp.net, ports: [REPLICATION=33383, RATIS=34119, RATIS_ADMIN=34119, RATIS_SERVER=34119, STANDALONE=42873], networkLocation: /default-rack, certSerialId: null, persistedOpState: null, persistedOpStateExpiryEpochSec: 0}
2022-12-08 07:06:32,833 [Under Replicated Processor] INFO  replication.ReplicationManager (ReplicationManager.java:sendDatanodeCommand(417)) - Sending command of type replicateContainerCommand for container ContainerInfo{id=#8, state=CLOSED, pipelineID=PipelineID=a640ea80-9452-4494-915a-c71dcf1c90b2, stateEnterTime=2022-12-08T07:06:26.027Z, owner=om1} to 6eec9aac-ee1b-4e1e-837d-d3cab734710b{ip: 10.1.0.14, host: fv-az165-805.wtg55dazuvhetdvd2gpth4ys5d.dx.internal.cloudapp.net, ports: [REPLICATION=35375, RATIS=33309, RATIS_ADMIN=33309, RATIS_SERVER=33309, STANDALONE=43585], networkLocation: /default-rack, certSerialId: null, persistedOpState: null, persistedOpStateExpiryEpochSec: 0}
2022-12-08 07:06:32,833 [Under Replicated Processor] INFO  replication.ReplicationManager (ReplicationManager.java:sendDatanodeCommand(417)) - Sending command of type replicateContainerCommand for container ContainerInfo{id=#7, state=CLOSED, pipelineID=PipelineID=33c87244-8fd1-479a-9ae2-5d2ade5ec3e1, stateEnterTime=2022-12-08T07:06:25.791Z, owner=om1} to a323b8f8-7c4d-4fe6-8663-2fcba1e99710{ip: 10.1.0.14, host: fv-az165-805.wtg55dazuvhetdvd2gpth4ys5d.dx.internal.cloudapp.net, ports: [REPLICATION=34875, RATIS=38689, RATIS_ADMIN=38689, RATIS_SERVER=38689, STANDALONE=41587], networkLocation: /default-rack, certSerialId: null, persistedOpState: null, persistedOpStateExpiryEpochSec: 0}
2022-12-08 07:06:32,834 [Under Replicated Processor] INFO  replication.ReplicationManager (ReplicationManager.java:sendDatanodeCommand(417)) - Sending command of type replicateContainerCommand for container ContainerInfo{id=#5, state=CLOSED, pipelineID=PipelineID=115f7ab8-46a7-45b4-ae00-c1e81b18881d, stateEnterTime=2022-12-08T07:06:25.119Z, owner=om1} to e288a489-637a-4316-af43-30866b2c8bfc{ip: 10.1.0.14, host: fv-az165-805.wtg55dazuvhetdvd2gpth4ys5d.dx.internal.cloudapp.net, ports: [REPLICATION=39261, RATIS=36389, RATIS_ADMIN=36389, RATIS_SERVER=36389, STANDALONE=35147], networkLocation: /default-rack, certSerialId: null, persistedOpState: null, persistedOpStateExpiryEpochSec: 0}
2022-12-08 07:06:32,834 [Under Replicated Processor] INFO  replication.UnderReplicatedProcessor (UnderReplicatedProcessor.java:processAll(79)) - Processed 4 under replicated containers, failed processing 0
2022-12-08 07:06:32,847 [DatanodeAdminManager-0] INFO  node.DatanodeAdminMonitorImpl (DatanodeAdminMonitorImpl.java:checkContainersReplicatedOnNode(356)) - Under Replicated Container #5 org.apache.hadoop.hdds.scm.container.replication.ECContainerReplicaCount@16cd0651; Replicas{ContainerReplica{containerID=#5, state=CLOSED, datanodeDetails=624d0ae4-c5c0-4b02-bbde-b37f19cf8f9a{ip: 10.1.0.14, host: fv-az165-805.wtg55dazuvhetdvd2gpth4ys5d.dx.internal.cloudapp.net, ports: [REPLICATION=39487, RATIS=41749, RATIS_ADMIN=41749, RATIS_SERVER=41749, STANDALONE=43743], networkLocation: /default-rack, certSerialId: null, persistedOpState: IN_SERVICE, persistedOpStateExpiryEpochSec: 0}, placeOfBirth=624d0ae4-c5c0-4b02-bbde-b37f19cf8f9a, sequenceId=0, keyCount=1, bytesUsed=0,replicaIndex=2},ContainerReplica{containerID=#5, state=CLOSED, datanodeDetails=6eec9aac-ee1b-4e1e-837d-d3cab734710b{ip: 10.1.0.14, host: fv-az165-805.wtg55dazuvhetdvd2gpth4ys5d.dx.internal.cloudapp.net, ports: [REPLICATION=35375, RATIS=33309, RATIS_ADMIN=33309, RATIS_SERVER=33309, STANDALONE=43585], networkLocation: /default-rack, certSerialId: null, persistedOpState: IN_SERVICE, persistedOpStateExpiryEpochSec: 0}, placeOfBirth=6eec9aac-ee1b-4e1e-837d-d3cab734710b, sequenceId=0, keyCount=1, bytesUsed=19,replicaIndex=4},ContainerReplica{containerID=#5, state=CLOSED, datanodeDetails=f4ffb4f0-97dc-4c31-9ebf-2914332a538f{ip: 10.1.0.14, host: fv-az165-805.wtg55dazuvhetdvd2gpth4ys5d.dx.internal.cloudapp.net, ports: [REPLICATION=33383, RATIS=34119, RATIS_ADMIN=34119, RATIS_SERVER=34119, STANDALONE=42873], networkLocation: /default-rack, certSerialId: null, persistedOpState: IN_SERVICE, persistedOpStateExpiryEpochSec: 0}, placeOfBirth=f4ffb4f0-97dc-4c31-9ebf-2914332a538f, sequenceId=0, keyCount=1, bytesUsed=0,replicaIndex=3},ContainerReplica{containerID=#5, state=CLOSED, datanodeDetails=1fec2e66-b36b-410d-a836-56974e80c6bf{ip: 10.1.0.14, host: fv-az165-805.wtg55dazuvhetdvd2gpth4ys5d.dx.internal.cloudapp.net, ports: [REPLICATION=42005, RATIS=40777, RATIS_ADMIN=40777, RATIS_SERVER=40777, STANDALONE=40099], networkLocation: /default-rack, certSerialId: null, persistedOpState: DECOMMISSIONING, persistedOpStateExpiryEpochSec: 0}, placeOfBirth=1fec2e66-b36b-410d-a836-56974e80c6bf, sequenceId=0, keyCount=1, bytesUsed=19,replicaIndex=1},ContainerReplica{containerID=#5, state=CLOSED, datanodeDetails=a323b8f8-7c4d-4fe6-8663-2fcba1e99710{ip: 10.1.0.14, host: fv-az165-805.wtg55dazuvhetdvd2gpth4ys5d.dx.internal.cloudapp.net, ports: [REPLICATION=34875, RATIS=38689, RATIS_ADMIN=38689, RATIS_SERVER=38689, STANDALONE=41587], networkLocation: /default-rack, certSerialId: null, persistedOpState: IN_SERVICE, persistedOpStateExpiryEpochSec: 0}, placeOfBirth=a323b8f8-7c4d-4fe6-8663-2fcba1e99710, sequenceId=0, keyCount=1, bytesUsed=19,replicaIndex=5}}
2022-12-08 07:06:32,848 [DatanodeAdminManager-0] INFO  node.DatanodeAdminMonitorImpl (DatanodeAdminMonitorImpl.java:checkContainersReplicatedOnNode(356)) - Under Replicated Container #7 org.apache.hadoop.hdds.scm.container.replication.ECContainerReplicaCount@264aa4a7; Replicas{ContainerReplica{containerID=#7, state=CLOSED, datanodeDetails=aa703a63-3c65-4215-94e9-ba864e506dd9{ip: 10.1.0.14, host: fv-az165-805.wtg55dazuvhetdvd2gpth4ys5d.dx.internal.cloudapp.net, ports: [REPLICATION=38971, RATIS=39791, RATIS_ADMIN=39791, RATIS_SERVER=39791, STANDALONE=40597], networkLocation: /default-rack, certSerialId: null, persistedOpState: IN_SERVICE, persistedOpStateExpiryEpochSec: 0}, placeOfBirth=aa703a63-3c65-4215-94e9-ba864e506dd9, sequenceId=0, keyCount=5, bytesUsed=0,replicaIndex=2},ContainerReplica{containerID=#7, state=CLOSED, datanodeDetails=1fec2e66-b36b-410d-a836-56974e80c6bf{ip: 10.1.0.14, host: fv-az165-805.wtg55dazuvhetdvd2gpth4ys5d.dx.internal.cloudapp.net, ports: [REPLICATION=42005, RATIS=40777, RATIS_ADMIN=40777, RATIS_SERVER=40777, STANDALONE=40099], networkLocation: /default-rack, certSerialId: null, persistedOpState: DECOMMISSIONING, persistedOpStateExpiryEpochSec: 0}, placeOfBirth=1fec2e66-b36b-410d-a836-56974e80c6bf, sequenceId=0, keyCount=5, bytesUsed=0,replicaIndex=3},ContainerReplica{containerID=#7, state=CLOSED, datanodeDetails=e288a489-637a-4316-af43-30866b2c8bfc{ip: 10.1.0.14, host: fv-az165-805.wtg55dazuvhetdvd2gpth4ys5d.dx.internal.cloudapp.net, ports: [REPLICATION=39261, RATIS=36389, RATIS_ADMIN=36389, RATIS_SERVER=36389, STANDALONE=35147], networkLocation: /default-rack, certSerialId: null, persistedOpState: IN_SERVICE, persistedOpStateExpiryEpochSec: 0}, placeOfBirth=e288a489-637a-4316-af43-30866b2c8bfc, sequenceId=0, keyCount=5, bytesUsed=95,replicaIndex=4},ContainerReplica{containerID=#7, state=CLOSED, datanodeDetails=6eec9aac-ee1b-4e1e-837d-d3cab734710b{ip: 10.1.0.14, host: fv-az165-805.wtg55dazuvhetdvd2gpth4ys5d.dx.internal.cloudapp.net, ports: [REPLICATION=35375, RATIS=33309, RATIS_ADMIN=33309, RATIS_SERVER=33309, STANDALONE=43585], networkLocation: /default-rack, certSerialId: null, persistedOpState: IN_SERVICE, persistedOpStateExpiryEpochSec: 0}, placeOfBirth=6eec9aac-ee1b-4e1e-837d-d3cab734710b, sequenceId=0, keyCount=5, bytesUsed=95,replicaIndex=1},ContainerReplica{containerID=#7, state=CLOSED, datanodeDetails=f4ffb4f0-97dc-4c31-9ebf-2914332a538f{ip: 10.1.0.14, host: fv-az165-805.wtg55dazuvhetdvd2gpth4ys5d.dx.internal.cloudapp.net, ports: [REPLICATION=33383, RATIS=34119, RATIS_ADMIN=34119, RATIS_SERVER=34119, STANDALONE=42873], networkLocation: /default-rack, certSerialId: null, persistedOpState: IN_SERVICE, persistedOpStateExpiryEpochSec: 0}, placeOfBirth=f4ffb4f0-97dc-4c31-9ebf-2914332a538f, sequenceId=0, keyCount=5, bytesUsed=95,replicaIndex=5}}
2022-12-08 07:06:32,848 [DatanodeAdminManager-0] INFO  node.DatanodeAdminMonitorImpl (DatanodeAdminMonitorImpl.java:checkContainersReplicatedOnNode(356)) - Under Replicated Container #8 org.apache.hadoop.hdds.scm.container.replication.ECContainerReplicaCount@5004950d; Replicas{ContainerReplica{containerID=#8, state=CLOSED, datanodeDetails=624d0ae4-c5c0-4b02-bbde-b37f19cf8f9a{ip: 10.1.0.14, host: fv-az165-805.wtg55dazuvhetdvd2gpth4ys5d.dx.internal.cloudapp.net, ports: [REPLICATION=39487, RATIS=41749, RATIS_ADMIN=41749, RATIS_SERVER=41749, STANDALONE=43743], networkLocation: /default-rack, certSerialId: null, persistedOpState: IN_SERVICE, persistedOpStateExpiryEpochSec: 0}, placeOfBirth=624d0ae4-c5c0-4b02-bbde-b37f19cf8f9a, sequenceId=0, keyCount=6, bytesUsed=114,replicaIndex=4},ContainerReplica{containerID=#8, state=CLOSED, datanodeDetails=f4ffb4f0-97dc-4c31-9ebf-2914332a538f{ip: 10.1.0.14, host: fv-az165-805.wtg55dazuvhetdvd2gpth4ys5d.dx.internal.cloudapp.net, ports: [REPLICATION=33383, RATIS=34119, RATIS_ADMIN=34119, RATIS_SERVER=34119, STANDALONE=42873], networkLocation: /default-rack, certSerialId: null, persistedOpState: IN_SERVICE, persistedOpStateExpiryEpochSec: 0}, placeOfBirth=f4ffb4f0-97dc-4c31-9ebf-2914332a538f, sequenceId=0, keyCount=6, bytesUsed=114,replicaIndex=5},ContainerReplica{containerID=#8, state=CLOSED, datanodeDetails=a323b8f8-7c4d-4fe6-8663-2fcba1e99710{ip: 10.1.0.14, host: fv-az165-805.wtg55dazuvhetdvd2gpth4ys5d.dx.internal.cloudapp.net, ports: [REPLICATION=34875, RATIS=38689, RATIS_ADMIN=38689, RATIS_SERVER=38689, STANDALONE=41587], networkLocation: /default-rack, certSerialId: null, persistedOpState: IN_SERVICE, persistedOpStateExpiryEpochSec: 0}, placeOfBirth=a323b8f8-7c4d-4fe6-8663-2fcba1e99710, sequenceId=0, keyCount=6, bytesUsed=114,replicaIndex=1},ContainerReplica{containerID=#8, state=CLOSED, datanodeDetails=aa703a63-3c65-4215-94e9-ba864e506dd9{ip: 10.1.0.14, host: fv-az165-805.wtg55dazuvhetdvd2gpth4ys5d.dx.internal.cloudapp.net, ports: [REPLICATION=38971, RATIS=39791, RATIS_ADMIN=39791, RATIS_SERVER=39791, STANDALONE=40597], networkLocation: /default-rack, certSerialId: null, persistedOpState: IN_SERVICE, persistedOpStateExpiryEpochSec: 0}, placeOfBirth=aa703a63-3c65-4215-94e9-ba864e506dd9, sequenceId=0, keyCount=6, bytesUsed=0,replicaIndex=3},ContainerReplica{containerID=#8, state=CLOSED, datanodeDetails=1fec2e66-b36b-410d-a836-56974e80c6bf{ip: 10.1.0.14, host: fv-az165-805.wtg55dazuvhetdvd2gpth4ys5d.dx.internal.cloudapp.net, ports: [REPLICATION=42005, RATIS=40777, RATIS_ADMIN=40777, RATIS_SERVER=40777, STANDALONE=40099], networkLocation: /default-rack, certSerialId: null, persistedOpState: DECOMMISSIONING, persistedOpStateExpiryEpochSec: 0}, placeOfBirth=1fec2e66-b36b-410d-a836-56974e80c6bf, sequenceId=0, keyCount=6, bytesUsed=0,replicaIndex=2}}
2022-12-08 07:06:32,848 [DatanodeAdminManager-0] INFO  node.DatanodeAdminMonitorImpl (DatanodeAdminMonitorImpl.java:checkContainersReplicatedOnNode(356)) - Under Replicated Container #1 Container State: QUASI_CLOSED Replica Count: 3 Healthy Count: 2 Decommission Count: 1 Maintenance Count: 0 inFlightAdd Count: 0 inFightDel Count: 0 ReplicationFactor: 3 minMaintenance Count: 2; Replicas{ContainerReplica{containerID=#1, state=QUASI_CLOSED, datanodeDetails=624d0ae4-c5c0-4b02-bbde-b37f19cf8f9a{ip: 10.1.0.14, host: fv-az165-805.wtg55dazuvhetdvd2gpth4ys5d.dx.internal.cloudapp.net, ports: [REPLICATION=39487, RATIS=41749, RATIS_ADMIN=41749, RATIS_SERVER=41749, STANDALONE=43743], networkLocation: /default-rack, certSerialId: null, persistedOpState: IN_SERVICE, persistedOpStateExpiryEpochSec: 0}, placeOfBirth=624d0ae4-c5c0-4b02-bbde-b37f19cf8f9a, sequenceId=74, keyCount=7, bytesUsed=133},ContainerReplica{containerID=#1, state=QUASI_CLOSED, datanodeDetails=a323b8f8-7c4d-4fe6-8663-2fcba1e99710{ip: 10.1.0.14, host: fv-az165-805.wtg55dazuvhetdvd2gpth4ys5d.dx.internal.cloudapp.net, ports: [REPLICATION=34875, RATIS=38689, RATIS_ADMIN=38689, RATIS_SERVER=38689, STANDALONE=41587], networkLocation: /default-rack, certSerialId: null, persistedOpState: IN_SERVICE, persistedOpStateExpiryEpochSec: 0}, placeOfBirth=a323b8f8-7c4d-4fe6-8663-2fcba1e99710, sequenceId=74, keyCount=7, bytesUsed=133},ContainerReplica{containerID=#1, state=QUASI_CLOSED, datanodeDetails=1fec2e66-b36b-410d-a836-56974e80c6bf{ip: 10.1.0.14, host: fv-az165-805.wtg55dazuvhetdvd2gpth4ys5d.dx.internal.cloudapp.net, ports: [REPLICATION=42005, RATIS=40777, RATIS_ADMIN=40777, RATIS_SERVER=40777, STANDALONE=40099], networkLocation: /default-rack, certSerialId: null, persistedOpState: DECOMMISSIONING, persistedOpStateExpiryEpochSec: 0}, placeOfBirth=1fec2e66-b36b-410d-a836-56974e80c6bf, sequenceId=74, keyCount=7, bytesUsed=133}}
2022-12-08 07:06:32,849 [DatanodeAdminManager-0] INFO  node.DatanodeAdminMonitorImpl (DatanodeAdminMonitorImpl.java:checkContainersReplicatedOnNode(356)) - Under Replicated Container #2 Container State: QUASI_CLOSED Replica Count: 3 Healthy Count: 2 Decommission Count: 1 Maintenance Count: 0 inFlightAdd Count: 0 inFightDel Count: 0 ReplicationFactor: 3 minMaintenance Count: 2; Replicas{ContainerReplica{containerID=#2, state=QUASI_CLOSED, datanodeDetails=a323b8f8-7c4d-4fe6-8663-2fcba1e99710{ip: 10.1.0.14, host: fv-az165-805.wtg55dazuvhetdvd2gpth4ys5d.dx.internal.cloudapp.net, ports: [REPLICATION=34875, RATIS=38689, RATIS_ADMIN=38689, RATIS_SERVER=38689, STANDALONE=41587], networkLocation: /default-rack, certSerialId: null, persistedOpState: IN_SERVICE, persistedOpStateExpiryEpochSec: 0}, placeOfBirth=a323b8f8-7c4d-4fe6-8663-2fcba1e99710, sequenceId=77, keyCount=7, bytesUsed=133},ContainerReplica{containerID=#2, state=QUASI_CLOSED, datanodeDetails=1fec2e66-b36b-410d-a836-56974e80c6bf{ip: 10.1.0.14, host: fv-az165-805.wtg55dazuvhetdvd2gpth4ys5d.dx.internal.cloudapp.net, ports: [REPLICATION=42005, RATIS=40777, RATIS_ADMIN=40777, RATIS_SERVER=40777, STANDALONE=40099], networkLocation: /default-rack, certSerialId: null, persistedOpState: DECOMMISSIONING, persistedOpStateExpiryEpochSec: 0}, placeOfBirth=1fec2e66-b36b-410d-a836-56974e80c6bf, sequenceId=77, keyCount=7, bytesUsed=133},ContainerReplica{containerID=#2, state=QUASI_CLOSED, datanodeDetails=624d0ae4-c5c0-4b02-bbde-b37f19cf8f9a{ip: 10.1.0.14, host: fv-az165-805.wtg55dazuvhetdvd2gpth4ys5d.dx.internal.cloudapp.net, ports: [REPLICATION=39487, RATIS=41749, RATIS_ADMIN=41749, RATIS_SERVER=41749, STANDALONE=43743], networkLocation: /default-rack, certSerialId: null, persistedOpState: IN_SERVICE, persistedOpStateExpiryEpochSec: 0}, placeOfBirth=624d0ae4-c5c0-4b02-bbde-b37f19cf8f9a, sequenceId=77, keyCount=7, bytesUsed=133}}
2022-12-08 07:06:32,849 [DatanodeAdminManager-0] INFO  node.DatanodeAdminMonitorImpl (DatanodeAdminMonitorImpl.java:checkContainersReplicatedOnNode(377)) - 1fec2e66-b36b-410d-a836-56974e80c6bf{ip: 10.1.0.14, host: fv-az165-805.wtg55dazuvhetdvd2gpth4ys5d.dx.internal.cloudapp.net, ports: [REPLICATION=42005, RATIS=40777, RATIS_ADMIN=40777, RATIS_SERVER=40777, STANDALONE=40099], networkLocation: /default-rack, certSerialId: null, persistedOpState: DECOMMISSIONING, persistedOpStateExpiryEpochSec: 0} has 0 sufficientlyReplicated, 7 underReplicated and 0 unhealthy containers
2022-12-08 07:06:32,849 [DatanodeAdminManager-0] INFO  node.DatanodeAdminMonitorImpl (DatanodeAdminMonitorImpl.java:run(169)) - There are 1 nodes tracked for decommission and maintenance.  0 pending nodes.
2022-12-08 07:06:32,854 [ReplicationMonitor] INFO  replication.LegacyReplicationManager (LegacyReplicationManager.java:forceCloseContainer(1109)) - Force closing container #1 with BCSID 74, which is in QUASI_CLOSED state.
2022-12-08 07:06:32,854 [ReplicationMonitor] INFO  replication.LegacyReplicationManager (LegacyReplicationManager.java:sendCloseCommand(1513)) - Sending close container command for container #1 to datanode 624d0ae4-c5c0-4b02-bbde-b37f19cf8f9a{ip: 10.1.0.14, host: fv-az165-805.wtg55dazuvhetdvd2gpth4ys5d.dx.internal.cloudapp.net, ports: [REPLICATION=39487, RATIS=41749, RATIS_ADMIN=41749, RATIS_SERVER=41749, STANDALONE=43743], networkLocation: /default-rack, certSerialId: null, persistedOpState: IN_SERVICE, persistedOpStateExpiryEpochSec: 0}.
2022-12-08 07:06:32,855 [ReplicationMonitor] INFO  replication.LegacyReplicationManager (LegacyReplicationManager.java:sendCloseCommand(1513)) - Sending close container command for container #1 to datanode a323b8f8-7c4d-4fe6-8663-2fcba1e99710{ip: 10.1.0.14, host: fv-az165-805.wtg55dazuvhetdvd2gpth4ys5d.dx.internal.cloudapp.net, ports: [REPLICATION=34875, RATIS=38689, RATIS_ADMIN=38689, RATIS_SERVER=38689, STANDALONE=41587], networkLocation: /default-rack, certSerialId: null, persistedOpState: IN_SERVICE, persistedOpStateExpiryEpochSec: 0}.
2022-12-08 07:06:32,855 [ReplicationMonitor] INFO  replication.LegacyReplicationManager (LegacyReplicationManager.java:sendCloseCommand(1513)) - Sending close container command for container #1 to datanode 1fec2e66-b36b-410d-a836-56974e80c6bf{ip: 10.1.0.14, host: fv-az165-805.wtg55dazuvhetdvd2gpth4ys5d.dx.internal.cloudapp.net, ports: [REPLICATION=42005, RATIS=40777, RATIS_ADMIN=40777, RATIS_SERVER=40777, STANDALONE=40099], networkLocation: /default-rack, certSerialId: null, persistedOpState: DECOMMISSIONING, persistedOpStateExpiryEpochSec: 0}.
2022-12-08 07:06:32,855 [ReplicationMonitor] INFO  replication.LegacyReplicationManager (LegacyReplicationManager.java:forceCloseContainer(1109)) - Force closing container #2 with BCSID 77, which is in QUASI_CLOSED state.
2022-12-08 07:06:32,855 [ReplicationMonitor] INFO  replication.LegacyReplicationManager (LegacyReplicationManager.java:sendCloseCommand(1513)) - Sending close container command for container #2 to datanode a323b8f8-7c4d-4fe6-8663-2fcba1e99710{ip: 10.1.0.14, host: fv-az165-805.wtg55dazuvhetdvd2gpth4ys5d.dx.internal.cloudapp.net, ports: [REPLICATION=34875, RATIS=38689, RATIS_ADMIN=38689, RATIS_SERVER=38689, STANDALONE=41587], networkLocation: /default-rack, certSerialId: null, persistedOpState: IN_SERVICE, persistedOpStateExpiryEpochSec: 0}.
2022-12-08 07:06:32,855 [ReplicationMonitor] INFO  replication.LegacyReplicationManager (LegacyReplicationManager.java:sendCloseCommand(1513)) - Sending close container command for container #2 to datanode 1fec2e66-b36b-410d-a836-56974e80c6bf{ip: 10.1.0.14, host: fv-az165-805.wtg55dazuvhetdvd2gpth4ys5d.dx.internal.cloudapp.net, ports: [REPLICATION=42005, RATIS=40777, RATIS_ADMIN=40777, RATIS_SERVER=40777, STANDALONE=40099], networkLocation: /default-rack, certSerialId: null, persistedOpState: DECOMMISSIONING, persistedOpStateExpiryEpochSec: 0}.
2022-12-08 07:06:32,855 [ReplicationMonitor] INFO  replication.LegacyReplicationManager (LegacyReplicationManager.java:sendCloseCommand(1513)) - Sending close container command for container #2 to datanode 624d0ae4-c5c0-4b02-bbde-b37f19cf8f9a{ip: 10.1.0.14, host: fv-az165-805.wtg55dazuvhetdvd2gpth4ys5d.dx.internal.cloudapp.net, ports: [REPLICATION=39487, RATIS=41749, RATIS_ADMIN=41749, RATIS_SERVER=41749, STANDALONE=43743], networkLocation: /default-rack, certSerialId: null, persistedOpState: IN_SERVICE, persistedOpStateExpiryEpochSec: 0}.
2022-12-08 07:06:32,855 [ReplicationMonitor] INFO  replication.LegacyReplicationManager (LegacyReplicationManager.java:forceCloseContainer(1109)) - Force closing container #3 with BCSID 69, which is in QUASI_CLOSED state.
2022-12-08 07:06:32,855 [ReplicationMonitor] INFO  replication.LegacyReplicationManager (LegacyReplicationManager.java:sendCloseCommand(1513)) - Sending close container command for container #3 to datanode 624d0ae4-c5c0-4b02-bbde-b37f19cf8f9a{ip: 10.1.0.14, host: fv-az165-805.wtg55dazuvhetdvd2gpth4ys5d.dx.internal.cloudapp.net, ports: [REPLICATION=39487, RATIS=41749, RATIS_ADMIN=41749, RATIS_SERVER=41749, STANDALONE=43743], networkLocation: /default-rack, certSerialId: null, persistedOpState: IN_SERVICE, persistedOpStateExpiryEpochSec: 0}.
2022-12-08 07:06:32,856 [ReplicationMonitor] INFO  replication.LegacyReplicationManager (LegacyReplicationManager.java:sendCloseCommand(1513)) - Sending close container command for container #3 to datanode a323b8f8-7c4d-4fe6-8663-2fcba1e99710{ip: 10.1.0.14, host: fv-az165-805.wtg55dazuvhetdvd2gpth4ys5d.dx.internal.cloudapp.net, ports: [REPLICATION=34875, RATIS=38689, RATIS_ADMIN=38689, RATIS_SERVER=38689, STANDALONE=41587], networkLocation: /default-rack, certSerialId: null, persistedOpState: IN_SERVICE, persistedOpStateExpiryEpochSec: 0}.
2022-12-08 07:06:32,856 [ReplicationMonitor] INFO  replication.LegacyReplicationManager (LegacyReplicationManager.java:sendCloseCommand(1513)) - Sending close container command for container #3 to datanode 1fec2e66-b36b-410d-a836-56974e80c6bf{ip: 10.1.0.14, host: fv-az165-805.wtg55dazuvhetdvd2gpth4ys5d.dx.internal.cloudapp.net, ports: [REPLICATION=42005, RATIS=40777, RATIS_ADMIN=40777, RATIS_SERVER=40777, STANDALONE=40099], networkLocation: /default-rack, certSerialId: null, persistedOpState: DECOMMISSIONING, persistedOpStateExpiryEpochSec: 0}.
2022-12-08 07:06:32,857 [ReplicationMonitor] INFO  replication.ReplicationManager (ReplicationManager.java:processAll(356)) - Replication Monitor Thread took 3 milliseconds for processing 8 containers.
2022-12-08 07:06:32,945 [EventQueue-CommandQueueReportForCommandQueueReportHandler] WARN  events.EventQueue (EventQueue.java:fireEvent(216)) - No event handler registered for event TypedEvent{payloadType=DatanodeDetails, name='Datanode_Command_Queue_Updated'}
2022-12-08 07:06:32,948 [IPC Server handler 6 on default port 43949] INFO  net.NetworkTopologyImpl (NetworkTopologyImpl.java:add(112)) - Added a new node: /default-rack/a499b9c9-aca9-4e4e-999f-20c6bef7822c
2022-12-08 07:06:32,949 [IPC Server handler 6 on default port 43949] INFO  node.SCMNodeManager (SCMNodeManager.java:register(397)) - Registered Data node : a499b9c9-aca9-4e4e-999f-20c6bef7822c{ip: 10.1.0.14, host: fv-az165-805.wtg55dazuvhetdvd2gpth4ys5d.dx.internal.cloudapp.net, ports: [REPLICATION=35969, RATIS=34881, RATIS_ADMIN=34881, RATIS_SERVER=34881, STANDALONE=39969], networkLocation: /default-rack, certSerialId: null, persistedOpState: null, persistedOpStateExpiryEpochSec: 0}
2022-12-08 07:06:32,949 [EventQueue-NewNodeForNewNodeHandler] INFO  pipeline.BackgroundPipelineCreator (BackgroundPipelineCreator.java:notifyEventTriggered(276)) - trigger a one-shot run on RatisPipelineUtilsThread.
2022-12-08 07:06:32,950 [RatisPipelineUtilsThread - 0] INFO  pipeline.RatisPipelineProvider (RatisPipelineProvider.java:lambda$create$0(195)) - Sending CreatePipelineCommand for pipeline:PipelineID=1a27c42b-a4ce-47ae-ac3f-e12071da0d5f to datanode:a499b9c9-aca9-4e4e-999f-20c6bef7822c
2022-12-08 07:06:32,951 [RatisPipelineUtilsThread - 0] INFO  pipeline.PipelineStateManagerImpl (PipelineStateManagerImpl.java:addPipeline(103)) - Created pipeline Pipeline[ Id: 1a27c42b-a4ce-47ae-ac3f-e12071da0d5f, Nodes: a499b9c9-aca9-4e4e-999f-20c6bef7822c{ip: 10.1.0.14, host: fv-az165-805.wtg55dazuvhetdvd2gpth4ys5d.dx.internal.cloudapp.net, ports: [REPLICATION=35969, RATIS=34881, RATIS_ADMIN=34881, RATIS_SERVER=34881, STANDALONE=39969], networkLocation: /default-rack, certSerialId: null, persistedOpState: IN_SERVICE, persistedOpStateExpiryEpochSec: 0}, ReplicationConfig: RATIS/ONE, State:ALLOCATED, leaderId:, CreationTimestamp2022-12-08T07:06:32.949Z[Etc/UTC]].
2022-12-08 07:06:33,004 [ReplicationMonitor] INFO  replication.ReplicationManager (ReplicationManager.java:processAll(323)) - Replication Manager is not ready to run until 3000ms after safemode exit
2022-12-08 07:06:33,035 [EventQueue-CommandQueueReportForCommandQueueReportHandler] WARN  events.EventQueue (EventQueue.java:fireEvent(216)) - No event handler registered for event TypedEvent{payloadType=DatanodeDetails, name='Datanode_Command_Queue_Updated'}
2022-12-08 07:06:33,167 [Listener at 127.0.0.1/38067] INFO  ozone.MiniOzoneClusterImpl (MiniOzoneClusterImpl.java:lambda$waitForClusterToBeReady$0(216)) - Waiting for nodes to be ready. Got 5 of 7 DN Heartbeats.
2022-12-08 07:06:33,168 [Listener at 127.0.0.1/38067] INFO  ozone.MiniOzoneClusterImpl (MiniOzoneClusterImpl.java:lambda$waitForClusterToBeReady$0(219)) - Waiting for cluster to exit safe mode
2022-12-08 07:06:33,168 [Listener at 127.0.0.1/38067] INFO  ozone.MiniOzoneClusterImpl (MiniOzoneClusterImpl.java:lambda$waitForClusterToBeReady$0(221)) - SCM became leader
2022-12-08 07:06:33,202 [EventQueue-CommandQueueReportForCommandQueueReportHandler] WARN  events.EventQueue (EventQueue.java:fireEvent(216)) - No event handler registered for event TypedEvent{payloadType=DatanodeDetails, name='Datanode_Command_Queue_Updated'}
2022-12-08 07:06:33,254 [Command processor thread] INFO  server.RaftServer (RaftServerProxy.java:addNew(96)) - dc0237ef-1609-4756-90d6-b66d262b465e: addNew group-29EE28260CAF:[dc0237ef-1609-4756-90d6-b66d262b465e|rpc:10.1.0.14:46665|priority:1|startupRole:FOLLOWER] returns group-29EE28260CAF:java.util.concurrent.CompletableFuture@72314e7f[Not completed]
2022-12-08 07:06:33,256 [pool-381-thread-1] INFO  server.RaftServer$Division (RaftServerImpl.java:<init>(195)) - dc0237ef-1609-4756-90d6-b66d262b465e: new RaftServerImpl for group-29EE28260CAF:[dc0237ef-1609-4756-90d6-b66d262b465e|rpc:10.1.0.14:46665|priority:1|startupRole:FOLLOWER] with ContainerStateMachine:uninitialized
2022-12-08 07:06:33,256 [pool-381-thread-1] INFO  server.RaftServerConfigKeys (ConfUtils.java:logGet(46)) - raft.server.rpc.timeout.min = 5s (custom)
2022-12-08 07:06:33,256 [pool-381-thread-1] INFO  server.RaftServerConfigKeys (ConfUtils.java:logGet(46)) - raft.server.rpc.timeout.max = 5200ms (custom)
2022-12-08 07:06:33,256 [pool-381-thread-1] INFO  server.RaftServerConfigKeys (ConfUtils.java:logGet(46)) - raft.server.rpc.sleep.time = 25ms (default)
2022-12-08 07:06:33,256 [pool-381-thread-1] INFO  server.RaftServerConfigKeys (ConfUtils.java:logGet(46)) - raft.server.rpc.slowness.timeout = 300s (custom)
2022-12-08 07:06:33,256 [pool-381-thread-1] INFO  server.RaftServerConfigKeys (ConfUtils.java:logGet(46)) - raft.server.leaderelection.leader.step-down.wait-time = 10s (default)
2022-12-08 07:06:33,256 [pool-381-thread-1] INFO  server.RaftServerConfigKeys (ConfUtils.java:logGet(46)) - raft.server.sleep.deviation.threshold = 300ms (default)
2022-12-08 07:06:33,256 [pool-381-thread-1] INFO  server.RaftServer$Division (ServerState.java:<init>(118)) - dc0237ef-1609-4756-90d6-b66d262b465e@group-29EE28260CAF: ConfigurationManager, init=-1: peers:[dc0237ef-1609-4756-90d6-b66d262b465e|rpc:10.1.0.14:46665|priority:1|startupRole:FOLLOWER]|listeners:[], old=null, confs=<EMPTY_MAP>
2022-12-08 07:06:33,256 [pool-381-thread-1] INFO  server.RaftServerConfigKeys (ConfUtils.java:logGet(46)) - raft.server.storage.dir = [/home/runner/work/ozone/ozone/hadoop-ozone/integration-test/target/test-dir/MiniOzoneClusterImpl-510a2802-165a-4ebd-9ade-f7b35b2c34f6/datanode-1/data/ratis] (custom)
2022-12-08 07:06:33,257 [pool-381-thread-1] INFO  server.RaftServerConfigKeys (ConfUtils.java:logGet(46)) - raft.server.log.corruption.policy = EXCEPTION (default)
2022-12-08 07:06:33,257 [pool-381-thread-1] INFO  server.RaftServerConfigKeys (ConfUtils.java:logGet(46)) - raft.server.storage.free-space.min = 0MB (=0) (default)
2022-12-08 07:06:33,257 [pool-381-thread-1] INFO  server.RaftServerConfigKeys (ConfUtils.java:logGet(46)) - raft.server.notification.no-leader.timeout = 300s (custom)
2022-12-08 07:06:33,257 [pool-381-thread-1] INFO  server.RaftServerConfigKeys (ConfUtils.java:logGet(46)) - raft.server.retrycache.expirytime = 600000ms (custom)
2022-12-08 07:06:33,257 [pool-381-thread-1] INFO  server.RaftServerConfigKeys (ConfUtils.java:logGet(46)) - raft.server.retrycache.statistics.expirytime = 100μs (default)
2022-12-08 07:06:33,260 [pool-381-thread-1] INFO  server.RaftServerConfigKeys (ConfUtils.java:logGet(46)) - raft.server.log.appender.install.snapshot.enabled = false (custom)
2022-12-08 07:06:33,260 [pool-381-thread-1] INFO  server.RaftServerConfigKeys (ConfUtils.java:logGet(46)) - raft.server.threadpool.server.cached = true (default)
2022-12-08 07:06:33,260 [pool-381-thread-1] INFO  server.RaftServerConfigKeys (ConfUtils.java:logGet(46)) - raft.server.threadpool.server.size = 0 (default)
2022-12-08 07:06:33,260 [pool-381-thread-1] INFO  server.RaftServerConfigKeys (ConfUtils.java:logGet(46)) - raft.server.threadpool.client.cached = true (default)
2022-12-08 07:06:33,260 [pool-381-thread-1] INFO  server.RaftServerConfigKeys (ConfUtils.java:logGet(46)) - raft.server.threadpool.client.size = 0 (default)
2022-12-08 07:06:33,261 [pool-381-thread-1] INFO  storage.RaftStorageDirectory (RaftStorageDirectoryImpl.java:analyzeStorage(137)) - The storage directory /home/runner/work/ozone/ozone/hadoop-ozone/integration-test/target/test-dir/MiniOzoneClusterImpl-510a2802-165a-4ebd-9ade-f7b35b2c34f6/datanode-1/data/ratis/cab3f5b2-d084-4b68-9f2f-29ee28260caf does not exist. Creating ...
2022-12-08 07:06:33,262 [Over Replicated Processor] INFO  replication.OverReplicatedProcessor (OverReplicatedProcessor.java:processAll(79)) - Processed 0 over replicated containers, failed processing 0
2022-12-08 07:06:33,263 [pool-381-thread-1] INFO  storage.RaftStorageDirectory (RaftStorageDirectoryImpl.java:tryLock(231)) - Lock on /home/runner/work/ozone/ozone/hadoop-ozone/integration-test/target/test-dir/MiniOzoneClusterImpl-510a2802-165a-4ebd-9ade-f7b35b2c34f6/datanode-1/data/ratis/cab3f5b2-d084-4b68-9f2f-29ee28260caf/in_use.lock acquired by nodename 50697@fv-az165-805
2022-12-08 07:06:33,267 [pool-381-thread-1] INFO  storage.RaftStorage (RaftStorageImpl.java:format(96)) - Storage directory /home/runner/work/ozone/ozone/hadoop-ozone/integration-test/target/test-dir/MiniOzoneClusterImpl-510a2802-165a-4ebd-9ade-f7b35b2c34f6/datanode-1/data/ratis/cab3f5b2-d084-4b68-9f2f-29ee28260caf has been successfully formatted.
2022-12-08 07:06:33,267 [pool-381-thread-1] INFO  ratis.ContainerStateMachine (ContainerStateMachine.java:loadSnapshot(236)) - group-29EE28260CAF: The snapshot info is null. Setting the last applied indexto:(t:0, i:~)
2022-12-08 07:06:33,267 [pool-381-thread-1] INFO  server.RaftServerConfigKeys (ConfUtils.java:logGet(46)) - raft.server.log.use.memory = false (default)
2022-12-08 07:06:33,267 [pool-381-thread-1] INFO  server.RaftServerConfigKeys (ConfUtils.java:logGet(46)) - raft.server.log.purge.gap = 1000000 (custom)
2022-12-08 07:06:33,267 [pool-381-thread-1] INFO  server.RaftServerConfigKeys (ConfUtils.java:logGet(46)) - raft.server.log.appender.buffer.byte-limit = 33554432 (custom)
2022-12-08 07:06:33,268 [pool-381-thread-1] INFO  server.RaftServerConfigKeys (ConfUtils.java:logGet(46)) - raft.server.log.statemachine.data.read.timeout = 1000ms (default)
2022-12-08 07:06:33,268 [pool-381-thread-1] INFO  server.RaftServerConfigKeys (ConfUtils.java:logGet(46)) - raft.server.log.purge.preservation.log.num = 0 (default)
2022-12-08 07:06:33,269 [pool-381-thread-1] INFO  server.RaftServerConfigKeys (ConfUtils.java:logGet(46)) - raft.server.log.segment.size.max = 1048576 (custom)
2022-12-08 07:06:33,269 [pool-381-thread-1] INFO  server.RaftServerConfigKeys (ConfUtils.java:logGet(46)) - raft.server.log.segment.cache.num.max = 2 (custom)
2022-12-08 07:06:33,270 [pool-381-thread-1] INFO  server.RaftServerConfigKeys (ConfUtils.java:logGet(46)) - raft.server.log.segment.cache.size.max = 200MB (=209715200) (default)
2022-12-08 07:06:33,270 [pool-381-thread-1] INFO  segmented.SegmentedRaftLogWorker (SegmentedRaftLogWorker.java:<init>(189)) - new dc0237ef-1609-4756-90d6-b66d262b465e@group-29EE28260CAF-SegmentedRaftLogWorker for RaftStorageImpl:Storage Directory /home/runner/work/ozone/ozone/hadoop-ozone/integration-test/target/test-dir/MiniOzoneClusterImpl-510a2802-165a-4ebd-9ade-f7b35b2c34f6/datanode-1/data/ratis/cab3f5b2-d084-4b68-9f2f-29ee28260caf
2022-12-08 07:06:33,270 [pool-381-thread-1] INFO  server.RaftServerConfigKeys (ConfUtils.java:logGet(46)) - raft.server.log.queue.byte-limit = 4294967296 (custom)
2022-12-08 07:06:33,270 [pool-381-thread-1] INFO  server.RaftServerConfigKeys (ConfUtils.java:logGet(46)) - raft.server.log.queue.element-limit = 1024 (custom)
2022-12-08 07:06:33,270 [pool-381-thread-1] INFO  server.RaftServerConfigKeys (ConfUtils.java:logGet(46)) - raft.server.log.segment.size.max = 1048576 (custom)
2022-12-08 07:06:33,270 [pool-381-thread-1] INFO  server.RaftServerConfigKeys (ConfUtils.java:logGet(46)) - raft.server.log.preallocated.size = 16384 (custom)
2022-12-08 07:06:33,270 [pool-381-thread-1] INFO  server.RaftServerConfigKeys (ConfUtils.java:logGet(46)) - raft.server.log.force.sync.num = 128 (default)
2022-12-08 07:06:33,270 [pool-381-thread-1] INFO  server.RaftServerConfigKeys (ConfUtils.java:logGet(46)) - raft.server.log.statemachine.data.sync = true (default)
2022-12-08 07:06:33,270 [pool-381-thread-1] INFO  server.RaftServerConfigKeys (ConfUtils.java:logGet(46)) - raft.server.log.statemachine.data.sync.timeout = 10s (default)
2022-12-08 07:06:33,270 [pool-381-thread-1] INFO  server.RaftServerConfigKeys (ConfUtils.java:logGet(46)) - raft.server.log.statemachine.data.sync.timeout.retry = -1 (default)
2022-12-08 07:06:33,272 [pool-381-thread-1] INFO  server.RaftServerConfigKeys (ConfUtils.java:logGet(46)) - raft.server.log.write.buffer.size = 1048576 (custom)
2022-12-08 07:06:33,273 [pool-381-thread-1] INFO  server.RaftServerConfigKeys (ConfUtils.java:logGet(46)) - raft.server.log.appender.buffer.byte-limit = 33554432 (custom)
2022-12-08 07:06:33,275 [EventQueue-CommandQueueReportForCommandQueueReportHandler] WARN  events.EventQueue (EventQueue.java:fireEvent(216)) - No event handler registered for event TypedEvent{payloadType=DatanodeDetails, name='Datanode_Command_Queue_Updated'}
2022-12-08 07:06:33,275 [EventQueue-PipelineReportForPipelineReportHandler] INFO  pipeline.PipelineManagerImpl (PipelineManagerImpl.java:openPipeline(367)) - Pipeline Pipeline[ Id: cab3f5b2-d084-4b68-9f2f-29ee28260caf, Nodes: dc0237ef-1609-4756-90d6-b66d262b465e{ip: 10.1.0.14, host: fv-az165-805.wtg55dazuvhetdvd2gpth4ys5d.dx.internal.cloudapp.net, ports: [REPLICATION=34201, RATIS=46665, RATIS_ADMIN=46665, RATIS_SERVER=46665, STANDALONE=35881], networkLocation: /default-rack, certSerialId: null, persistedOpState: IN_SERVICE, persistedOpStateExpiryEpochSec: 0}, ReplicationConfig: RATIS/ONE, State:ALLOCATED, leaderId:dc0237ef-1609-4756-90d6-b66d262b465e, CreationTimestamp2022-12-08T07:06:30.260Z[Etc/UTC]] moved to OPEN state
2022-12-08 07:06:33,276 [EventQueue-OpenPipelineForHealthyPipelineSafeModeRule] INFO  safemode.SCMSafeModeManager (HealthyPipelineSafeModeRule.java:process(137)) - SCM in safe mode. Healthy pipelines reported count is 0, required healthy pipeline reported count is 1
2022-12-08 07:06:33,281 [pool-381-thread-1] INFO  server.RaftServerConfigKeys (ConfUtils.java:logGet(46)) - raft.server.log.unsafe-flush.enabled = false (default)
2022-12-08 07:06:33,281 [pool-381-thread-1] INFO  server.RaftServerConfigKeys (ConfUtils.java:logGet(46)) - raft.server.log.async-flush.enabled = false (default)
2022-12-08 07:06:33,281 [pool-381-thread-1] INFO  server.RaftServerConfigKeys (ConfUtils.java:logGet(46)) - raft.server.log.statemachine.data.caching.enabled = true (custom)
2022-12-08 07:06:33,282 [pool-381-thread-1] INFO  segmented.SegmentedRaftLogWorker (SegmentedRaftLogWorker.java:lambda$new$0(135)) - dc0237ef-1609-4756-90d6-b66d262b465e@group-29EE28260CAF-SegmentedRaftLogWorker: flushIndex: setUnconditionally 0 -> -1
2022-12-08 07:06:33,282 [pool-381-thread-1] INFO  segmented.SegmentedRaftLogWorker (SegmentedRaftLogWorker.java:lambda$new$0(135)) - dc0237ef-1609-4756-90d6-b66d262b465e@group-29EE28260CAF-SegmentedRaftLogWorker: safeCacheEvictIndex: setUnconditionally 0 -> -1
2022-12-08 07:06:33,282 [pool-381-thread-1] INFO  server.RaftServer$Division (RaftServerImpl.java:start(334)) - dc0237ef-1609-4756-90d6-b66d262b465e@group-29EE28260CAF: start as a follower, conf=-1: peers:[dc0237ef-1609-4756-90d6-b66d262b465e|rpc:10.1.0.14:46665|priority:1|startupRole:FOLLOWER]|listeners:[], old=null
2022-12-08 07:06:33,282 [pool-381-thread-1] INFO  server.RaftServer$Division (RaftServerImpl.java:setRole(321)) - dc0237ef-1609-4756-90d6-b66d262b465e@group-29EE28260CAF: changes role from      null to FOLLOWER at term 0 for startAsFollower
2022-12-08 07:06:33,282 [pool-381-thread-1] INFO  impl.RoleInfo (RoleInfo.java:updateAndGet(139)) - dc0237ef-1609-4756-90d6-b66d262b465e: start dc0237ef-1609-4756-90d6-b66d262b465e@group-29EE28260CAF-FollowerState
2022-12-08 07:06:33,304 [pool-381-thread-1] INFO  util.JmxRegister (JmxRegister.java:tryRegister(44)) - Successfully registered JMX Bean with object name Ratis:service=RaftServer,group=group-29EE28260CAF,id=dc0237ef-1609-4756-90d6-b66d262b465e
2022-12-08 07:06:33,304 [pool-381-thread-1] INFO  server.RaftServerConfigKeys (ConfUtils.java:logGet(46)) - raft.server.snapshot.auto.trigger.enabled = true (custom)
2022-12-08 07:06:33,304 [dc0237ef-1609-4756-90d6-b66d262b465e@group-29EE28260CAF-FollowerState] INFO  server.RaftServerConfigKeys (ConfUtils.java:logFallback(53)) - raft.server.rpc.first-election.timeout.min = 5s (fallback to raft.server.rpc.timeout.min)
2022-12-08 07:06:33,304 [dc0237ef-1609-4756-90d6-b66d262b465e@group-29EE28260CAF-FollowerState] INFO  server.RaftServerConfigKeys (ConfUtils.java:logFallback(53)) - raft.server.rpc.first-election.timeout.max = 5200ms (fallback to raft.server.rpc.timeout.max)
2022-12-08 07:06:33,304 [pool-381-thread-1] INFO  server.RaftServerConfigKeys (ConfUtils.java:logGet(46)) - raft.server.snapshot.auto.trigger.threshold = 10000 (custom)
2022-12-08 07:06:33,304 [pool-381-thread-1] INFO  server.RaftServerConfigKeys (ConfUtils.java:logGet(46)) - raft.server.snapshot.retention.file.num = 5 (custom)
2022-12-08 07:06:33,304 [pool-381-thread-1] INFO  server.RaftServerConfigKeys (ConfUtils.java:logGet(46)) - raft.server.log.purge.upto.snapshot.index = false (default)
2022-12-08 07:06:33,310 [Command processor thread] INFO  ratis.XceiverServerRatis (XceiverServerRatis.java:addGroup(765)) - Created group PipelineID=cab3f5b2-d084-4b68-9f2f-29ee28260caf
2022-12-08 07:06:33,310 [Command processor thread] INFO  commandhandler.CreatePipelineCommandHandler (CreatePipelineCommandHandler.java:handle(113)) - Created Pipeline RATIS ONE PipelineID=cab3f5b2-d084-4b68-9f2f-29ee28260caf.
2022-12-08 07:06:33,337 [EventQueue-CommandQueueReportForCommandQueueReportHandler] WARN  events.EventQueue (EventQueue.java:fireEvent(216)) - No event handler registered for event TypedEvent{payloadType=DatanodeDetails, name='Datanode_Command_Queue_Updated'}
2022-12-08 07:06:33,338 [EventQueue-OpenPipelineForHealthyPipelineSafeModeRule] INFO  safemode.SCMSafeModeManager (HealthyPipelineSafeModeRule.java:process(137)) - SCM in safe mode. Healthy pipelines reported count is 0, required healthy pipeline reported count is 1
2022-12-08 07:06:33,367 [EventQueue-CommandQueueReportForCommandQueueReportHandler] WARN  events.EventQueue (EventQueue.java:fireEvent(216)) - No event handler registered for event TypedEvent{payloadType=DatanodeDetails, name='Datanode_Command_Queue_Updated'}
2022-12-08 07:06:33,443 [EventQueue-CommandQueueReportForCommandQueueReportHandler] WARN  events.EventQueue (EventQueue.java:fireEvent(216)) - No event handler registered for event TypedEvent{payloadType=DatanodeDetails, name='Datanode_Command_Queue_Updated'}
2022-12-08 07:06:33,521 [Command processor thread] INFO  keyvalue.KeyValueContainer (KeyValueContainer.java:flushAndSyncDB(437)) - Container 1 is synced with bcsId 74.
2022-12-08 07:06:33,521 [Command processor thread] INFO  keyvalue.KeyValueContainer (KeyValueContainer.java:flushAndSyncDB(437)) - Container 1 is synced with bcsId 74.
2022-12-08 07:06:33,522 [Command processor thread] INFO  keyvalue.KeyValueContainer (KeyValueContainer.java:flushAndSyncDB(437)) - Container 1 is synced with bcsId 74.
2022-12-08 07:06:33,523 [Command processor thread] INFO  keyvalue.KeyValueContainer (KeyValueContainer.java:flushAndSyncDB(437)) - Container 1 is synced with bcsId 74.
2022-12-08 07:06:33,524 [Command processor thread] INFO  keyvalue.KeyValueContainer (KeyValueContainer.java:close(352)) - Container 1 is closed with bcsId 74.
2022-12-08 07:06:33,525 [Command processor thread] INFO  keyvalue.KeyValueContainer (KeyValueContainer.java:flushAndSyncDB(437)) - Container 2 is synced with bcsId 77.
2022-12-08 07:06:33,525 [Command processor thread] INFO  keyvalue.KeyValueContainer (KeyValueContainer.java:flushAndSyncDB(437)) - Container 2 is synced with bcsId 77.
2022-12-08 07:06:33,528 [EventQueue-CommandQueueReportForCommandQueueReportHandler] WARN  events.EventQueue (EventQueue.java:fireEvent(216)) - No event handler registered for event TypedEvent{payloadType=DatanodeDetails, name='Datanode_Command_Queue_Updated'}
2022-12-08 07:06:33,528 [Command processor thread] INFO  keyvalue.KeyValueContainer (KeyValueContainer.java:close(352)) - Container 1 is closed with bcsId 74.
2022-12-08 07:06:33,529 [Command processor thread] INFO  keyvalue.KeyValueContainer (KeyValueContainer.java:flushAndSyncDB(437)) - Container 2 is synced with bcsId 77.
2022-12-08 07:06:33,529 [Command processor thread] INFO  keyvalue.KeyValueContainer (KeyValueContainer.java:flushAndSyncDB(437)) - Container 2 is synced with bcsId 77.
2022-12-08 07:06:33,530 [EventQueue-CommandQueueReportForCommandQueueReportHandler] WARN  events.EventQueue (EventQueue.java:fireEvent(216)) - No event handler registered for event TypedEvent{payloadType=DatanodeDetails, name='Datanode_Command_Queue_Updated'}
2022-12-08 07:06:33,532 [EventQueue-CommandQueueReportForCommandQueueReportHandler] WARN  events.EventQueue (EventQueue.java:fireEvent(216)) - No event handler registered for event TypedEvent{payloadType=DatanodeDetails, name='Datanode_Command_Queue_Updated'}
2022-12-08 07:06:33,532 [FixedThreadPoolWithAffinityExecutor-1-0] INFO  container.IncrementalContainerReportHandler (AbstractContainerReportHandler.java:updateContainerState(318)) - Moving container #1 to CLOSED state, datanode a323b8f8-7c4d-4fe6-8663-2fcba1e99710{ip: 10.1.0.14, host: fv-az165-805.wtg55dazuvhetdvd2gpth4ys5d.dx.internal.cloudapp.net, ports: [REPLICATION=34875, RATIS=38689, RATIS_ADMIN=38689, RATIS_SERVER=38689, STANDALONE=41587], networkLocation: /default-rack, certSerialId: null, persistedOpState: IN_SERVICE, persistedOpStateExpiryEpochSec: 0} reported CLOSED replica.
2022-12-08 07:06:33,532 [Command processor thread] INFO  keyvalue.KeyValueContainer (KeyValueContainer.java:close(352)) - Container 2 is closed with bcsId 77.
2022-12-08 07:06:33,533 [Command processor thread] INFO  keyvalue.KeyValueContainer (KeyValueContainer.java:flushAndSyncDB(437)) - Container 3 is synced with bcsId 69.
2022-12-08 07:06:33,533 [Command processor thread] INFO  keyvalue.KeyValueContainer (KeyValueContainer.java:flushAndSyncDB(437)) - Container 3 is synced with bcsId 69.
2022-12-08 07:06:33,534 [EventQueue-CommandQueueReportForCommandQueueReportHandler] WARN  events.EventQueue (EventQueue.java:fireEvent(216)) - No event handler registered for event TypedEvent{payloadType=DatanodeDetails, name='Datanode_Command_Queue_Updated'}
2022-12-08 07:06:33,534 [FixedThreadPoolWithAffinityExecutor-1-0] INFO  container.IncrementalContainerReportHandler (AbstractContainerReportHandler.java:updateContainerState(318)) - Moving container #2 to CLOSED state, datanode 624d0ae4-c5c0-4b02-bbde-b37f19cf8f9a{ip: 10.1.0.14, host: fv-az165-805.wtg55dazuvhetdvd2gpth4ys5d.dx.internal.cloudapp.net, ports: [REPLICATION=39487, RATIS=41749, RATIS_ADMIN=41749, RATIS_SERVER=41749, STANDALONE=43743], networkLocation: /default-rack, certSerialId: null, persistedOpState: IN_SERVICE, persistedOpStateExpiryEpochSec: 0} reported CLOSED replica.
2022-12-08 07:06:33,536 [EventQueue-CommandQueueReportForCommandQueueReportHandler] WARN  events.EventQueue (EventQueue.java:fireEvent(216)) - No event handler registered for event TypedEvent{payloadType=DatanodeDetails, name='Datanode_Command_Queue_Updated'}
2022-12-08 07:06:33,537 [Command processor thread] INFO  keyvalue.KeyValueContainer (KeyValueContainer.java:close(352)) - Container 3 is closed with bcsId 69.
2022-12-08 07:06:33,537 [Command processor thread] INFO  keyvalue.KeyValueContainer (KeyValueContainer.java:close(352)) - Container 2 is closed with bcsId 77.
2022-12-08 07:06:33,538 [EventQueue-CommandQueueReportForCommandQueueReportHandler] WARN  events.EventQueue (EventQueue.java:fireEvent(216)) - No event handler registered for event TypedEvent{payloadType=DatanodeDetails, name='Datanode_Command_Queue_Updated'}
2022-12-08 07:06:33,539 [FixedThreadPoolWithAffinityExecutor-1-0] INFO  container.IncrementalContainerReportHandler (AbstractContainerReportHandler.java:updateContainerState(318)) - Moving container #3 to CLOSED state, datanode 624d0ae4-c5c0-4b02-bbde-b37f19cf8f9a{ip: 10.1.0.14, host: fv-az165-805.wtg55dazuvhetdvd2gpth4ys5d.dx.internal.cloudapp.net, ports: [REPLICATION=39487, RATIS=41749, RATIS_ADMIN=41749, RATIS_SERVER=41749, STANDALONE=43743], networkLocation: /default-rack, certSerialId: null, persistedOpState: IN_SERVICE, persistedOpStateExpiryEpochSec: 0} reported CLOSED replica.
2022-12-08 07:06:33,539 [Command processor thread] INFO  keyvalue.KeyValueContainer (KeyValueContainer.java:flushAndSyncDB(437)) - Container 3 is synced with bcsId 69.
2022-12-08 07:06:33,539 [Command processor thread] INFO  keyvalue.KeyValueContainer (KeyValueContainer.java:flushAndSyncDB(437)) - Container 3 is synced with bcsId 69.
2022-12-08 07:06:33,539 [EventQueue-CommandQueueReportForCommandQueueReportHandler] WARN  events.EventQueue (EventQueue.java:fireEvent(216)) - No event handler registered for event TypedEvent{payloadType=DatanodeDetails, name='Datanode_Command_Queue_Updated'}
2022-12-08 07:06:33,541 [Command processor thread] INFO  keyvalue.KeyValueContainer (KeyValueContainer.java:flushAndSyncDB(437)) - Container 1 is synced with bcsId 74.
2022-12-08 07:06:33,541 [Command processor thread] INFO  keyvalue.KeyValueContainer (KeyValueContainer.java:flushAndSyncDB(437)) - Container 1 is synced with bcsId 74.
2022-12-08 07:06:33,543 [EventQueue-CommandQueueReportForCommandQueueReportHandler] WARN  events.EventQueue (EventQueue.java:fireEvent(216)) - No event handler registered for event TypedEvent{payloadType=DatanodeDetails, name='Datanode_Command_Queue_Updated'}
2022-12-08 07:06:33,544 [Command processor thread] INFO  keyvalue.KeyValueContainer (KeyValueContainer.java:close(352)) - Container 1 is closed with bcsId 74.
2022-12-08 07:06:33,544 [Command processor thread] INFO  keyvalue.KeyValueContainer (KeyValueContainer.java:flushAndSyncDB(437)) - Container 2 is synced with bcsId 77.
2022-12-08 07:06:33,544 [Command processor thread] INFO  keyvalue.KeyValueContainer (KeyValueContainer.java:flushAndSyncDB(437)) - Container 2 is synced with bcsId 77.
2022-12-08 07:06:33,544 [Command processor thread] INFO  keyvalue.KeyValueContainer (KeyValueContainer.java:close(352)) - Container 3 is closed with bcsId 69.
2022-12-08 07:06:33,546 [EventQueue-CommandQueueReportForCommandQueueReportHandler] WARN  events.EventQueue (EventQueue.java:fireEvent(216)) - No event handler registered for event TypedEvent{payloadType=DatanodeDetails, name='Datanode_Command_Queue_Updated'}
2022-12-08 07:06:33,546 [EventQueue-CommandQueueReportForCommandQueueReportHandler] WARN  events.EventQueue (EventQueue.java:fireEvent(216)) - No event handler registered for event TypedEvent{payloadType=DatanodeDetails, name='Datanode_Command_Queue_Updated'}
2022-12-08 07:06:33,548 [Command processor thread] INFO  keyvalue.KeyValueContainer (KeyValueContainer.java:close(352)) - Container 2 is closed with bcsId 77.
2022-12-08 07:06:33,548 [Command processor thread] INFO  keyvalue.KeyValueContainer (KeyValueContainer.java:flushAndSyncDB(437)) - Container 3 is synced with bcsId 69.
2022-12-08 07:06:33,548 [Command processor thread] INFO  keyvalue.KeyValueContainer (KeyValueContainer.java:flushAndSyncDB(437)) - Container 3 is synced with bcsId 69.
2022-12-08 07:06:33,549 [EventQueue-CommandQueueReportForCommandQueueReportHandler] WARN  events.EventQueue (EventQueue.java:fireEvent(216)) - No event handler registered for event TypedEvent{payloadType=DatanodeDetails, name='Datanode_Command_Queue_Updated'}
2022-12-08 07:06:33,553 [Command processor thread] INFO  keyvalue.KeyValueContainer (KeyValueContainer.java:close(352)) - Container 3 is closed with bcsId 69.
2022-12-08 07:06:33,553 [IPC Server handler 6 on default port 43949] INFO  net.NetworkTopologyImpl (NetworkTopologyImpl.java:add(112)) - Added a new node: /default-rack/b199db80-c206-49d0-9080-733e3ea0a692
2022-12-08 07:06:33,553 [IPC Server handler 6 on default port 43949] INFO  node.SCMNodeManager (SCMNodeManager.java:register(397)) - Registered Data node : b199db80-c206-49d0-9080-733e3ea0a692{ip: 10.1.0.14, host: fv-az165-805.wtg55dazuvhetdvd2gpth4ys5d.dx.internal.cloudapp.net, ports: [REPLICATION=41605, RATIS=40813, RATIS_ADMIN=40813, RATIS_SERVER=40813, STANDALONE=42299], networkLocation: /default-rack, certSerialId: null, persistedOpState: null, persistedOpStateExpiryEpochSec: 0}
2022-12-08 07:06:33,553 [EventQueue-NewNodeForNewNodeHandler] INFO  pipeline.BackgroundPipelineCreator (BackgroundPipelineCreator.java:notifyEventTriggered(276)) - trigger a one-shot run on RatisPipelineUtilsThread.
2022-12-08 07:06:33,557 [RatisPipelineUtilsThread - 0] INFO  pipeline.RatisPipelineProvider (RatisPipelineProvider.java:lambda$create$0(195)) - Sending CreatePipelineCommand for pipeline:PipelineID=bed2fd9d-b13d-43a4-9011-cc7ceffc7143 to datanode:b199db80-c206-49d0-9080-733e3ea0a692
2022-12-08 07:06:33,558 [RatisPipelineUtilsThread - 0] INFO  pipeline.PipelineStateManagerImpl (PipelineStateManagerImpl.java:addPipeline(103)) - Created pipeline Pipeline[ Id: bed2fd9d-b13d-43a4-9011-cc7ceffc7143, Nodes: b199db80-c206-49d0-9080-733e3ea0a692{ip: 10.1.0.14, host: fv-az165-805.wtg55dazuvhetdvd2gpth4ys5d.dx.internal.cloudapp.net, ports: [REPLICATION=41605, RATIS=40813, RATIS_ADMIN=40813, RATIS_SERVER=40813, STANDALONE=42299], networkLocation: /default-rack, certSerialId: null, persistedOpState: IN_SERVICE, persistedOpStateExpiryEpochSec: 0}, ReplicationConfig: RATIS/ONE, State:ALLOCATED, leaderId:, CreationTimestamp2022-12-08T07:06:33.557Z[Etc/UTC]].
2022-12-08 07:06:33,558 [RatisPipelineUtilsThread - 0] INFO  pipeline.RatisPipelineProvider (RatisPipelineProvider.java:lambda$create$0(195)) - Sending CreatePipelineCommand for pipeline:PipelineID=eced11bd-d61c-412b-8a18-944d83ffcc09 to datanode:f6c9fd2f-7084-461f-8c2a-824e0c2d9f6f
2022-12-08 07:06:33,558 [RatisPipelineUtilsThread - 0] INFO  pipeline.RatisPipelineProvider (RatisPipelineProvider.java:lambda$create$0(195)) - Sending CreatePipelineCommand for pipeline:PipelineID=eced11bd-d61c-412b-8a18-944d83ffcc09 to datanode:a499b9c9-aca9-4e4e-999f-20c6bef7822c
2022-12-08 07:06:33,559 [RatisPipelineUtilsThread - 0] INFO  pipeline.RatisPipelineProvider (RatisPipelineProvider.java:lambda$create$0(195)) - Sending CreatePipelineCommand for pipeline:PipelineID=eced11bd-d61c-412b-8a18-944d83ffcc09 to datanode:b199db80-c206-49d0-9080-733e3ea0a692
2022-12-08 07:06:33,559 [RatisPipelineUtilsThread - 0] INFO  pipeline.PipelineStateManagerImpl (PipelineStateManagerImpl.java:addPipeline(103)) - Created pipeline Pipeline[ Id: eced11bd-d61c-412b-8a18-944d83ffcc09, Nodes: f6c9fd2f-7084-461f-8c2a-824e0c2d9f6f{ip: 10.1.0.14, host: fv-az165-805.wtg55dazuvhetdvd2gpth4ys5d.dx.internal.cloudapp.net, ports: [REPLICATION=44913, RATIS=43931, RATIS_ADMIN=43931, RATIS_SERVER=43931, STANDALONE=41497], networkLocation: /default-rack, certSerialId: null, persistedOpState: IN_SERVICE, persistedOpStateExpiryEpochSec: 0}a499b9c9-aca9-4e4e-999f-20c6bef7822c{ip: 10.1.0.14, host: fv-az165-805.wtg55dazuvhetdvd2gpth4ys5d.dx.internal.cloudapp.net, ports: [REPLICATION=35969, RATIS=34881, RATIS_ADMIN=34881, RATIS_SERVER=34881, STANDALONE=39969], networkLocation: /default-rack, certSerialId: null, persistedOpState: IN_SERVICE, persistedOpStateExpiryEpochSec: 0}b199db80-c206-49d0-9080-733e3ea0a692{ip: 10.1.0.14, host: fv-az165-805.wtg55dazuvhetdvd2gpth4ys5d.dx.internal.cloudapp.net, ports: [REPLICATION=41605, RATIS=40813, RATIS_ADMIN=40813, RATIS_SERVER=40813, STANDALONE=42299], networkLocation: /default-rack, certSerialId: null, persistedOpState: IN_SERVICE, persistedOpStateExpiryEpochSec: 0}, ReplicationConfig: RATIS/THREE, State:ALLOCATED, leaderId:, CreationTimestamp2022-12-08T07:06:33.558Z[Etc/UTC]].
2022-12-08 07:06:33,560 [EventQueue-CommandQueueReportForCommandQueueReportHandler] WARN  events.EventQueue (EventQueue.java:fireEvent(216)) - No event handler registered for event TypedEvent{payloadType=DatanodeDetails, name='Datanode_Command_Queue_Updated'}
2022-12-08 07:06:33,568 [ContainerReplicationThread-0] INFO  replication.DownloadAndImportReplicator (DownloadAndImportReplicator.java:replicate(105)) - Starting replication of container 7 from [1fec2e66-b36b-410d-a836-56974e80c6bf{ip: 10.1.0.14, host: fv-az165-805.wtg55dazuvhetdvd2gpth4ys5d.dx.internal.cloudapp.net, ports: [REPLICATION=42005, RATIS=40777, RATIS_ADMIN=40777, RATIS_SERVER=40777, STANDALONE=40099], networkLocation: /default-rack, certSerialId: null, persistedOpState: DECOMMISSIONING, persistedOpStateExpiryEpochSec: 0}]
2022-12-08 07:06:33,592 [grpc-default-executor-4] INFO  replication.GrpcReplicationService (GrpcReplicationService.java:download(52)) - Streaming container data (7) to other datanode
2022-12-08 07:06:33,664 [grpc-default-executor-4] INFO  replication.GrpcOutputStream (GrpcOutputStream.java:close(104)) - Sent 1596 bytes for container 7
2022-12-08 07:06:33,664 [grpc-default-executor-2] INFO  replication.GrpcReplicationClient (GrpcReplicationClient.java:onCompleted(197)) - Container 7 is downloaded to /home/runner/work/ozone/ozone/hadoop-ozone/integration-test/target/test-dir/MiniOzoneClusterImpl-3253a570-fb02-4895-b12a-309bd2ff2d50/datanode-0/data/replication/work/container-7.tar.gz
2022-12-08 07:06:33,669 [ContainerReplicationThread-0] INFO  replication.DownloadAndImportReplicator (DownloadAndImportReplicator.java:replicate(117)) - Container 7 is downloaded with size 1596, starting to import.
2022-12-08 07:06:33,754 [ContainerReplicationThread-0] INFO  replication.DownloadAndImportReplicator (DownloadAndImportReplicator.java:replicate(122)) - Container 7 is replicated successfully
2022-12-08 07:06:33,754 [ContainerReplicationThread-0] INFO  replication.ReplicationSupervisor (ReplicationSupervisor.java:run(176)) - Container 7 is replicated.
2022-12-08 07:06:33,755 [EventQueue-CommandQueueReportForCommandQueueReportHandler] WARN  events.EventQueue (EventQueue.java:fireEvent(216)) - No event handler registered for event TypedEvent{payloadType=DatanodeDetails, name='Datanode_Command_Queue_Updated'}
2022-12-08 07:06:33,835 [Under Replicated Processor] INFO  replication.UnderReplicatedProcessor (UnderReplicatedProcessor.java:processAll(79)) - Processed 0 under replicated containers, failed processing 0
2022-12-08 07:06:33,847 [DatanodeAdminManager-0] INFO  node.DatanodeAdminMonitorImpl (DatanodeAdminMonitorImpl.java:checkContainersReplicatedOnNode(356)) - Under Replicated Container #5 org.apache.hadoop.hdds.scm.container.replication.ECContainerReplicaCount@55aa9a9c; Replicas{ContainerReplica{containerID=#5, state=CLOSED, datanodeDetails=624d0ae4-c5c0-4b02-bbde-b37f19cf8f9a{ip: 10.1.0.14, host: fv-az165-805.wtg55dazuvhetdvd2gpth4ys5d.dx.internal.cloudapp.net, ports: [REPLICATION=39487, RATIS=41749, RATIS_ADMIN=41749, RATIS_SERVER=41749, STANDALONE=43743], networkLocation: /default-rack, certSerialId: null, persistedOpState: IN_SERVICE, persistedOpStateExpiryEpochSec: 0}, placeOfBirth=624d0ae4-c5c0-4b02-bbde-b37f19cf8f9a, sequenceId=0, keyCount=1, bytesUsed=0,replicaIndex=2},ContainerReplica{containerID=#5, state=CLOSED, datanodeDetails=6eec9aac-ee1b-4e1e-837d-d3cab734710b{ip: 10.1.0.14, host: fv-az165-805.wtg55dazuvhetdvd2gpth4ys5d.dx.internal.cloudapp.net, ports: [REPLICATION=35375, RATIS=33309, RATIS_ADMIN=33309, RATIS_SERVER=33309, STANDALONE=43585], networkLocation: /default-rack, certSerialId: null, persistedOpState: IN_SERVICE, persistedOpStateExpiryEpochSec: 0}, placeOfBirth=6eec9aac-ee1b-4e1e-837d-d3cab734710b, sequenceId=0, keyCount=1, bytesUsed=19,replicaIndex=4},ContainerReplica{containerID=#5, state=CLOSED, datanodeDetails=f4ffb4f0-97dc-4c31-9ebf-2914332a538f{ip: 10.1.0.14, host: fv-az165-805.wtg55dazuvhetdvd2gpth4ys5d.dx.internal.cloudapp.net, ports: [REPLICATION=33383, RATIS=34119, RATIS_ADMIN=34119, RATIS_SERVER=34119, STANDALONE=42873], networkLocation: /default-rack, certSerialId: null, persistedOpState: IN_SERVICE, persistedOpStateExpiryEpochSec: 0}, placeOfBirth=f4ffb4f0-97dc-4c31-9ebf-2914332a538f, sequenceId=0, keyCount=1, bytesUsed=0,replicaIndex=3},ContainerReplica{containerID=#5, state=CLOSED, datanodeDetails=1fec2e66-b36b-410d-a836-56974e80c6bf{ip: 10.1.0.14, host: fv-az165-805.wtg55dazuvhetdvd2gpth4ys5d.dx.internal.cloudapp.net, ports: [REPLICATION=42005, RATIS=40777, RATIS_ADMIN=40777, RATIS_SERVER=40777, STANDALONE=40099], networkLocation: /default-rack, certSerialId: null, persistedOpState: DECOMMISSIONING, persistedOpStateExpiryEpochSec: 0}, placeOfBirth=1fec2e66-b36b-410d-a836-56974e80c6bf, sequenceId=0, keyCount=1, bytesUsed=19,replicaIndex=1},ContainerReplica{containerID=#5, state=CLOSED, datanodeDetails=a323b8f8-7c4d-4fe6-8663-2fcba1e99710{ip: 10.1.0.14, host: fv-az165-805.wtg55dazuvhetdvd2gpth4ys5d.dx.internal.cloudapp.net, ports: [REPLICATION=34875, RATIS=38689, RATIS_ADMIN=38689, RATIS_SERVER=38689, STANDALONE=41587], networkLocation: /default-rack, certSerialId: null, persistedOpState: IN_SERVICE, persistedOpStateExpiryEpochSec: 0}, placeOfBirth=a323b8f8-7c4d-4fe6-8663-2fcba1e99710, sequenceId=0, keyCount=1, bytesUsed=19,replicaIndex=5}}
2022-12-08 07:06:33,848 [DatanodeAdminManager-0] INFO  node.DatanodeAdminMonitorImpl (DatanodeAdminMonitorImpl.java:checkContainersReplicatedOnNode(356)) - Under Replicated Container #8 org.apache.hadoop.hdds.scm.container.replication.ECContainerReplicaCount@2babf1f6; Replicas{ContainerReplica{containerID=#8, state=CLOSED, datanodeDetails=624d0ae4-c5c0-4b02-bbde-b37f19cf8f9a{ip: 10.1.0.14, host: fv-az165-805.wtg55dazuvhetdvd2gpth4ys5d.dx.internal.cloudapp.net, ports: [REPLICATION=39487, RATIS=41749, RATIS_ADMIN=41749, RATIS_SERVER=41749, STANDALONE=43743], networkLocation: /default-rack, certSerialId: null, persistedOpState: IN_SERVICE, persistedOpStateExpiryEpochSec: 0}, placeOfBirth=624d0ae4-c5c0-4b02-bbde-b37f19cf8f9a, sequenceId=0, keyCount=6, bytesUsed=114,replicaIndex=4},ContainerReplica{containerID=#8, state=CLOSED, datanodeDetails=f4ffb4f0-97dc-4c31-9ebf-2914332a538f{ip: 10.1.0.14, host: fv-az165-805.wtg55dazuvhetdvd2gpth4ys5d.dx.internal.cloudapp.net, ports: [REPLICATION=33383, RATIS=34119, RATIS_ADMIN=34119, RATIS_SERVER=34119, STANDALONE=42873], networkLocation: /default-rack, certSerialId: null, persistedOpState: IN_SERVICE, persistedOpStateExpiryEpochSec: 0}, placeOfBirth=f4ffb4f0-97dc-4c31-9ebf-2914332a538f, sequenceId=0, keyCount=6, bytesUsed=114,replicaIndex=5},ContainerReplica{containerID=#8, state=CLOSED, datanodeDetails=a323b8f8-7c4d-4fe6-8663-2fcba1e99710{ip: 10.1.0.14, host: fv-az165-805.wtg55dazuvhetdvd2gpth4ys5d.dx.internal.cloudapp.net, ports: [REPLICATION=34875, RATIS=38689, RATIS_ADMIN=38689, RATIS_SERVER=38689, STANDALONE=41587], networkLocation: /default-rack, certSerialId: null, persistedOpState: IN_SERVICE, persistedOpStateExpiryEpochSec: 0}, placeOfBirth=a323b8f8-7c4d-4fe6-8663-2fcba1e99710, sequenceId=0, keyCount=6, bytesUsed=114,replicaIndex=1},ContainerReplica{containerID=#8, state=CLOSED, datanodeDetails=aa703a63-3c65-4215-94e9-ba864e506dd9{ip: 10.1.0.14, host: fv-az165-805.wtg55dazuvhetdvd2gpth4ys5d.dx.internal.cloudapp.net, ports: [REPLICATION=38971, RATIS=39791, RATIS_ADMIN=39791, RATIS_SERVER=39791, STANDALONE=40597], networkLocation: /default-rack, certSerialId: null, persistedOpState: IN_SERVICE, persistedOpStateExpiryEpochSec: 0}, placeOfBirth=aa703a63-3c65-4215-94e9-ba864e506dd9, sequenceId=0, keyCount=6, bytesUsed=0,replicaIndex=3},ContainerReplica{containerID=#8, state=CLOSED, datanodeDetails=1fec2e66-b36b-410d-a836-56974e80c6bf{ip: 10.1.0.14, host: fv-az165-805.wtg55dazuvhetdvd2gpth4ys5d.dx.internal.cloudapp.net, ports: [REPLICATION=42005, RATIS=40777, RATIS_ADMIN=40777, RATIS_SERVER=40777, STANDALONE=40099], networkLocation: /default-rack, certSerialId: null, persistedOpState: DECOMMISSIONING, persistedOpStateExpiryEpochSec: 0}, placeOfBirth=1fec2e66-b36b-410d-a836-56974e80c6bf, sequenceId=0, keyCount=6, bytesUsed=0,replicaIndex=2}}
2022-12-08 07:06:33,848 [DatanodeAdminManager-0] INFO  node.DatanodeAdminMonitorImpl (DatanodeAdminMonitorImpl.java:checkContainersReplicatedOnNode(356)) - Under Replicated Container #1 Container State: CLOSED Replica Count: 3 Healthy Count: 2 Decommission Count: 1 Maintenance Count: 0 inFlightAdd Count: 0 inFightDel Count: 0 ReplicationFactor: 3 minMaintenance Count: 2; Replicas{ContainerReplica{containerID=#1, state=CLOSED, datanodeDetails=624d0ae4-c5c0-4b02-bbde-b37f19cf8f9a{ip: 10.1.0.14, host: fv-az165-805.wtg55dazuvhetdvd2gpth4ys5d.dx.internal.cloudapp.net, ports: [REPLICATION=39487, RATIS=41749, RATIS_ADMIN=41749, RATIS_SERVER=41749, STANDALONE=43743], networkLocation: /default-rack, certSerialId: null, persistedOpState: IN_SERVICE, persistedOpStateExpiryEpochSec: 0}, placeOfBirth=624d0ae4-c5c0-4b02-bbde-b37f19cf8f9a, sequenceId=74, keyCount=7, bytesUsed=133},ContainerReplica{containerID=#1, state=CLOSED, datanodeDetails=a323b8f8-7c4d-4fe6-8663-2fcba1e99710{ip: 10.1.0.14, host: fv-az165-805.wtg55dazuvhetdvd2gpth4ys5d.dx.internal.cloudapp.net, ports: [REPLICATION=34875, RATIS=38689, RATIS_ADMIN=38689, RATIS_SERVER=38689, STANDALONE=41587], networkLocation: /default-rack, certSerialId: null, persistedOpState: IN_SERVICE, persistedOpStateExpiryEpochSec: 0}, placeOfBirth=a323b8f8-7c4d-4fe6-8663-2fcba1e99710, sequenceId=74, keyCount=7, bytesUsed=133},ContainerReplica{containerID=#1, state=CLOSED, datanodeDetails=1fec2e66-b36b-410d-a836-56974e80c6bf{ip: 10.1.0.14, host: fv-az165-805.wtg55dazuvhetdvd2gpth4ys5d.dx.internal.cloudapp.net, ports: [REPLICATION=42005, RATIS=40777, RATIS_ADMIN=40777, RATIS_SERVER=40777, STANDALONE=40099], networkLocation: /default-rack, certSerialId: null, persistedOpState: DECOMMISSIONING, persistedOpStateExpiryEpochSec: 0}, placeOfBirth=1fec2e66-b36b-410d-a836-56974e80c6bf, sequenceId=74, keyCount=7, bytesUsed=133}}
2022-12-08 07:06:33,849 [DatanodeAdminManager-0] INFO  node.DatanodeAdminMonitorImpl (DatanodeAdminMonitorImpl.java:checkContainersReplicatedOnNode(356)) - Under Replicated Container #2 Container State: CLOSED Replica Count: 3 Healthy Count: 2 Decommission Count: 1 Maintenance Count: 0 inFlightAdd Count: 0 inFightDel Count: 0 ReplicationFactor: 3 minMaintenance Count: 2; Replicas{ContainerReplica{containerID=#2, state=CLOSED, datanodeDetails=a323b8f8-7c4d-4fe6-8663-2fcba1e99710{ip: 10.1.0.14, host: fv-az165-805.wtg55dazuvhetdvd2gpth4ys5d.dx.internal.cloudapp.net, ports: [REPLICATION=34875, RATIS=38689, RATIS_ADMIN=38689, RATIS_SERVER=38689, STANDALONE=41587], networkLocation: /default-rack, certSerialId: null, persistedOpState: IN_SERVICE, persistedOpStateExpiryEpochSec: 0}, placeOfBirth=a323b8f8-7c4d-4fe6-8663-2fcba1e99710, sequenceId=77, keyCount=7, bytesUsed=133},ContainerReplica{containerID=#2, state=CLOSED, datanodeDetails=1fec2e66-b36b-410d-a836-56974e80c6bf{ip: 10.1.0.14, host: fv-az165-805.wtg55dazuvhetdvd2gpth4ys5d.dx.internal.cloudapp.net, ports: [REPLICATION=42005, RATIS=40777, RATIS_ADMIN=40777, RATIS_SERVER=40777, STANDALONE=40099], networkLocation: /default-rack, certSerialId: null, persistedOpState: DECOMMISSIONING, persistedOpStateExpiryEpochSec: 0}, placeOfBirth=1fec2e66-b36b-410d-a836-56974e80c6bf, sequenceId=77, keyCount=7, bytesUsed=133},ContainerReplica{containerID=#2, state=CLOSED, datanodeDetails=624d0ae4-c5c0-4b02-bbde-b37f19cf8f9a{ip: 10.1.0.14, host: fv-az165-805.wtg55dazuvhetdvd2gpth4ys5d.dx.internal.cloudapp.net, ports: [REPLICATION=39487, RATIS=41749, RATIS_ADMIN=41749, RATIS_SERVER=41749, STANDALONE=43743], networkLocation: /default-rack, certSerialId: null, persistedOpState: IN_SERVICE, persistedOpStateExpiryEpochSec: 0}, placeOfBirth=624d0ae4-c5c0-4b02-bbde-b37f19cf8f9a, sequenceId=77, keyCount=7, bytesUsed=133}}
2022-12-08 07:06:33,849 [DatanodeAdminManager-0] INFO  node.DatanodeAdminMonitorImpl (DatanodeAdminMonitorImpl.java:checkContainersReplicatedOnNode(356)) - Under Replicated Container #3 Container State: CLOSED Replica Count: 3 Healthy Count: 2 Decommission Count: 1 Maintenance Count: 0 inFlightAdd Count: 0 inFightDel Count: 0 ReplicationFactor: 3 minMaintenance Count: 2; Replicas{ContainerReplica{containerID=#3, state=CLOSED, datanodeDetails=624d0ae4-c5c0-4b02-bbde-b37f19cf8f9a{ip: 10.1.0.14, host: fv-az165-805.wtg55dazuvhetdvd2gpth4ys5d.dx.internal.cloudapp.net, ports: [REPLICATION=39487, RATIS=41749, RATIS_ADMIN=41749, RATIS_SERVER=41749, STANDALONE=43743], networkLocation: /default-rack, certSerialId: null, persistedOpState: IN_SERVICE, persistedOpStateExpiryEpochSec: 0}, placeOfBirth=624d0ae4-c5c0-4b02-bbde-b37f19cf8f9a, sequenceId=69, keyCount=6, bytesUsed=114},ContainerReplica{containerID=#3, state=CLOSED, datanodeDetails=a323b8f8-7c4d-4fe6-8663-2fcba1e99710{ip: 10.1.0.14, host: fv-az165-805.wtg55dazuvhetdvd2gpth4ys5d.dx.internal.cloudapp.net, ports: [REPLICATION=34875, RATIS=38689, RATIS_ADMIN=38689, RATIS_SERVER=38689, STANDALONE=41587], networkLocation: /default-rack, certSerialId: null, persistedOpState: IN_SERVICE, persistedOpStateExpiryEpochSec: 0}, placeOfBirth=a323b8f8-7c4d-4fe6-8663-2fcba1e99710, sequenceId=69, keyCount=6, bytesUsed=114},ContainerReplica{containerID=#3, state=CLOSED, datanodeDetails=1fec2e66-b36b-410d-a836-56974e80c6bf{ip: 10.1.0.14, host: fv-az165-805.wtg55dazuvhetdvd2gpth4ys5d.dx.internal.cloudapp.net, ports: [REPLICATION=42005, RATIS=40777, RATIS_ADMIN=40777, RATIS_SERVER=40777, STANDALONE=40099], networkLocation: /default-rack, certSerialId: null, persistedOpState: DECOMMISSIONING, persistedOpStateExpiryEpochSec: 0}, placeOfBirth=1fec2e66-b36b-410d-a836-56974e80c6bf, sequenceId=69, keyCount=6, bytesUsed=114}}
2022-12-08 07:06:33,849 [DatanodeAdminManager-0] INFO  node.DatanodeAdminMonitorImpl (DatanodeAdminMonitorImpl.java:checkContainersReplicatedOnNode(377)) - 1fec2e66-b36b-410d-a836-56974e80c6bf{ip: 10.1.0.14, host: fv-az165-805.wtg55dazuvhetdvd2gpth4ys5d.dx.internal.cloudapp.net, ports: [REPLICATION=42005, RATIS=40777, RATIS_ADMIN=40777, RATIS_SERVER=40777, STANDALONE=40099], networkLocation: /default-rack, certSerialId: null, persistedOpState: DECOMMISSIONING, persistedOpStateExpiryEpochSec: 0} has 1 sufficientlyReplicated, 6 underReplicated and 0 unhealthy containers
2022-12-08 07:06:33,849 [DatanodeAdminManager-0] INFO  node.DatanodeAdminMonitorImpl (DatanodeAdminMonitorImpl.java:run(169)) - There are 1 nodes tracked for decommission and maintenance.  0 pending nodes.
2022-12-08 07:06:33,868 [ReplicationMonitor] INFO  replication.LegacyReplicationManager (LegacyReplicationManager.java:handleUnderReplicatedContainer(1196)) - Container #1 is under replicated. Expected replica count is 3, but found 2.
2022-12-08 07:06:33,868 [ReplicationMonitor] INFO  replication.LegacyReplicationManager (LegacyReplicationManager.java:sendReplicateCommand(1560)) - Sending replicate container command for container #1 to datanode aa703a63-3c65-4215-94e9-ba864e506dd9{ip: 10.1.0.14, host: fv-az165-805.wtg55dazuvhetdvd2gpth4ys5d.dx.internal.cloudapp.net, ports: [REPLICATION=38971, RATIS=39791, RATIS_ADMIN=39791, RATIS_SERVER=39791, STANDALONE=40597], networkLocation: /default-rack, certSerialId: null, persistedOpState: IN_SERVICE, persistedOpStateExpiryEpochSec: 0} from datanodes [624d0ae4-c5c0-4b02-bbde-b37f19cf8f9a{ip: 10.1.0.14, host: fv-az165-805.wtg55dazuvhetdvd2gpth4ys5d.dx.internal.cloudapp.net, ports: [REPLICATION=39487, RATIS=41749, RATIS_ADMIN=41749, RATIS_SERVER=41749, STANDALONE=43743], networkLocation: /default-rack, certSerialId: null, persistedOpState: IN_SERVICE, persistedOpStateExpiryEpochSec: 0}, a323b8f8-7c4d-4fe6-8663-2fcba1e99710{ip: 10.1.0.14, host: fv-az165-805.wtg55dazuvhetdvd2gpth4ys5d.dx.internal.cloudapp.net, ports: [REPLICATION=34875, RATIS=38689, RATIS_ADMIN=38689, RATIS_SERVER=38689, STANDALONE=41587], networkLocation: /default-rack, certSerialId: null, persistedOpState: IN_SERVICE, persistedOpStateExpiryEpochSec: 0}, 1fec2e66-b36b-410d-a836-56974e80c6bf{ip: 10.1.0.14, host: fv-az165-805.wtg55dazuvhetdvd2gpth4ys5d.dx.internal.cloudapp.net, ports: [REPLICATION=42005, RATIS=40777, RATIS_ADMIN=40777, RATIS_SERVER=40777, STANDALONE=40099], networkLocation: /default-rack, certSerialId: null, persistedOpState: DECOMMISSIONING, persistedOpStateExpiryEpochSec: 0}]
2022-12-08 07:06:33,870 [ReplicationMonitor] INFO  replication.LegacyReplicationManager (LegacyReplicationManager.java:handleUnderReplicatedContainer(1196)) - Container #2 is under replicated. Expected replica count is 3, but found 2.
2022-12-08 07:06:33,870 [ReplicationMonitor] INFO  replication.LegacyReplicationManager (LegacyReplicationManager.java:sendReplicateCommand(1560)) - Sending replicate container command for container #2 to datanode aa703a63-3c65-4215-94e9-ba864e506dd9{ip: 10.1.0.14, host: fv-az165-805.wtg55dazuvhetdvd2gpth4ys5d.dx.internal.cloudapp.net, ports: [REPLICATION=38971, RATIS=39791, RATIS_ADMIN=39791, RATIS_SERVER=39791, STANDALONE=40597], networkLocation: /default-rack, certSerialId: null, persistedOpState: IN_SERVICE, persistedOpStateExpiryEpochSec: 0} from datanodes [a323b8f8-7c4d-4fe6-8663-2fcba1e99710{ip: 10.1.0.14, host: fv-az165-805.wtg55dazuvhetdvd2gpth4ys5d.dx.internal.cloudapp.net, ports: [REPLICATION=34875, RATIS=38689, RATIS_ADMIN=38689, RATIS_SERVER=38689, STANDALONE=41587], networkLocation: /default-rack, certSerialId: null, persistedOpState: IN_SERVICE, persistedOpStateExpiryEpochSec: 0}, 1fec2e66-b36b-410d-a836-56974e80c6bf{ip: 10.1.0.14, host: fv-az165-805.wtg55dazuvhetdvd2gpth4ys5d.dx.internal.cloudapp.net, ports: [REPLICATION=42005, RATIS=40777, RATIS_ADMIN=40777, RATIS_SERVER=40777, STANDALONE=40099], networkLocation: /default-rack, certSerialId: null, persistedOpState: DECOMMISSIONING, persistedOpStateExpiryEpochSec: 0}, 624d0ae4-c5c0-4b02-bbde-b37f19cf8f9a{ip: 10.1.0.14, host: fv-az165-805.wtg55dazuvhetdvd2gpth4ys5d.dx.internal.cloudapp.net, ports: [REPLICATION=39487, RATIS=41749, RATIS_ADMIN=41749, RATIS_SERVER=41749, STANDALONE=43743], networkLocation: /default-rack, certSerialId: null, persistedOpState: IN_SERVICE, persistedOpStateExpiryEpochSec: 0}]
2022-12-08 07:06:33,870 [ReplicationMonitor] INFO  replication.LegacyReplicationManager (LegacyReplicationManager.java:handleUnderReplicatedContainer(1196)) - Container #3 is under replicated. Expected replica count is 3, but found 2.
2022-12-08 07:06:33,870 [ReplicationMonitor] INFO  replication.LegacyReplicationManager (LegacyReplicationManager.java:sendReplicateCommand(1560)) - Sending replicate container command for container #3 to datanode aa703a63-3c65-4215-94e9-ba864e506dd9{ip: 10.1.0.14, host: fv-az165-805.wtg55dazuvhetdvd2gpth4ys5d.dx.internal.cloudapp.net, ports: [REPLICATION=38971, RATIS=39791, RATIS_ADMIN=39791, RATIS_SERVER=39791, STANDALONE=40597], networkLocation: /default-rack, certSerialId: null, persistedOpState: IN_SERVICE, persistedOpStateExpiryEpochSec: 0} from datanodes [624d0ae4-c5c0-4b02-bbde-b37f19cf8f9a{ip: 10.1.0.14, host: fv-az165-805.wtg55dazuvhetdvd2gpth4ys5d.dx.internal.cloudapp.net, ports: [REPLICATION=39487, RATIS=41749, RATIS_ADMIN=41749, RATIS_SERVER=41749, STANDALONE=43743], networkLocation: /default-rack, certSerialId: null, persistedOpState: IN_SERVICE, persistedOpStateExpiryEpochSec: 0}, a323b8f8-7c4d-4fe6-8663-2fcba1e99710{ip: 10.1.0.14, host: fv-az165-805.wtg55dazuvhetdvd2gpth4ys5d.dx.internal.cloudapp.net, ports: [REPLICATION=34875, RATIS=38689, RATIS_ADMIN=38689, RATIS_SERVER=38689, STANDALONE=41587], networkLocation: /default-rack, certSerialId: null, persistedOpState: IN_SERVICE, persistedOpStateExpiryEpochSec: 0}, 1fec2e66-b36b-410d-a836-56974e80c6bf{ip: 10.1.0.14, host: fv-az165-805.wtg55dazuvhetdvd2gpth4ys5d.dx.internal.cloudapp.net, ports: [REPLICATION=42005, RATIS=40777, RATIS_ADMIN=40777, RATIS_SERVER=40777, STANDALONE=40099], networkLocation: /default-rack, certSerialId: null, persistedOpState: DECOMMISSIONING, persistedOpStateExpiryEpochSec: 0}]
2022-12-08 07:06:33,873 [ReplicationMonitor] INFO  replication.ReplicationManager (ReplicationManager.java:processAll(356)) - Replication Monitor Thread took 16 milliseconds for processing 8 containers.
2022-12-08 07:06:33,945 [EventQueue-CommandQueueReportForCommandQueueReportHandler] WARN  events.EventQueue (EventQueue.java:fireEvent(216)) - No event handler registered for event TypedEvent{payloadType=DatanodeDetails, name='Datanode_Command_Queue_Updated'}
2022-12-08 07:06:34,004 [ReplicationMonitor] INFO  replication.ReplicationManager (ReplicationManager.java:processAll(323)) - Replication Manager is not ready to run until 3000ms after safemode exit
2022-12-08 07:06:34,034 [EventQueue-CommandQueueReportForCommandQueueReportHandler] WARN  events.EventQueue (EventQueue.java:fireEvent(216)) - No event handler registered for event TypedEvent{payloadType=DatanodeDetails, name='Datanode_Command_Queue_Updated'}
2022-12-08 07:06:34,154 [EventQueue-CommandQueueReportForCommandQueueReportHandler] WARN  events.EventQueue (EventQueue.java:fireEvent(216)) - No event handler registered for event TypedEvent{payloadType=DatanodeDetails, name='Datanode_Command_Queue_Updated'}
2022-12-08 07:06:34,168 [Listener at 127.0.0.1/38067] INFO  ozone.MiniOzoneClusterImpl (MiniOzoneClusterImpl.java:lambda$waitForClusterToBeReady$0(216)) - Waiting for nodes to be ready. Got 6 of 7 DN Heartbeats.
2022-12-08 07:06:34,168 [Listener at 127.0.0.1/38067] INFO  ozone.MiniOzoneClusterImpl (MiniOzoneClusterImpl.java:lambda$waitForClusterToBeReady$0(219)) - Waiting for cluster to exit safe mode
2022-12-08 07:06:34,168 [Listener at 127.0.0.1/38067] INFO  ozone.MiniOzoneClusterImpl (MiniOzoneClusterImpl.java:lambda$waitForClusterToBeReady$0(221)) - SCM became leader
2022-12-08 07:06:34,197 [IPC Server handler 14 on default port 43949] INFO  net.NetworkTopologyImpl (NetworkTopologyImpl.java:add(112)) - Added a new node: /default-rack/b9ccd6e2-8e07-476f-a987-65ce83bdb13d
2022-12-08 07:06:34,197 [IPC Server handler 14 on default port 43949] INFO  node.SCMNodeManager (SCMNodeManager.java:register(397)) - Registered Data node : b9ccd6e2-8e07-476f-a987-65ce83bdb13d{ip: 10.1.0.14, host: fv-az165-805.wtg55dazuvhetdvd2gpth4ys5d.dx.internal.cloudapp.net, ports: [REPLICATION=42807, RATIS=44951, RATIS_ADMIN=44951, RATIS_SERVER=44951, STANDALONE=35303], networkLocation: /default-rack, certSerialId: null, persistedOpState: null, persistedOpStateExpiryEpochSec: 0}
2022-12-08 07:06:34,198 [EventQueue-NewNodeForNewNodeHandler] INFO  pipeline.BackgroundPipelineCreator (BackgroundPipelineCreator.java:notifyEventTriggered(276)) - trigger a one-shot run on RatisPipelineUtilsThread.
2022-12-08 07:06:34,200 [RatisPipelineUtilsThread - 0] INFO  pipeline.RatisPipelineProvider (RatisPipelineProvider.java:lambda$create$0(195)) - Sending CreatePipelineCommand for pipeline:PipelineID=93993e98-48a8-4a9e-be5b-655c1c993017 to datanode:b9ccd6e2-8e07-476f-a987-65ce83bdb13d
2022-12-08 07:06:34,201 [RatisPipelineUtilsThread - 0] INFO  pipeline.PipelineStateManagerImpl (PipelineStateManagerImpl.java:addPipeline(103)) - Created pipeline Pipeline[ Id: 93993e98-48a8-4a9e-be5b-655c1c993017, Nodes: b9ccd6e2-8e07-476f-a987-65ce83bdb13d{ip: 10.1.0.14, host: fv-az165-805.wtg55dazuvhetdvd2gpth4ys5d.dx.internal.cloudapp.net, ports: [REPLICATION=42807, RATIS=44951, RATIS_ADMIN=44951, RATIS_SERVER=44951, STANDALONE=35303], networkLocation: /default-rack, certSerialId: null, persistedOpState: IN_SERVICE, persistedOpStateExpiryEpochSec: 0}, ReplicationConfig: RATIS/ONE, State:ALLOCATED, leaderId:, CreationTimestamp2022-12-08T07:06:34.200Z[Etc/UTC]].
2022-12-08 07:06:34,202 [EventQueue-CommandQueueReportForCommandQueueReportHandler] WARN  events.EventQueue (EventQueue.java:fireEvent(216)) - No event handler registered for event TypedEvent{payloadType=DatanodeDetails, name='Datanode_Command_Queue_Updated'}
2022-12-08 07:06:34,262 [Over Replicated Processor] INFO  replication.OverReplicatedProcessor (OverReplicatedProcessor.java:processAll(79)) - Processed 0 over replicated containers, failed processing 0
2022-12-08 07:06:34,269 [EventQueue-CommandQueueReportForCommandQueueReportHandler] WARN  events.EventQueue (EventQueue.java:fireEvent(216)) - No event handler registered for event TypedEvent{payloadType=DatanodeDetails, name='Datanode_Command_Queue_Updated'}
2022-12-08 07:06:34,316 [Command processor thread] INFO  server.RaftServer (RaftServerProxy.java:addNew(96)) - 5de537c7-90df-4f10-a651-9ea369dcfb7f: addNew group-3E7C8DD22CBD:[5de537c7-90df-4f10-a651-9ea369dcfb7f|rpc:10.1.0.14:34865|priority:1|startupRole:FOLLOWER] returns group-3E7C8DD22CBD:java.util.concurrent.CompletableFuture@6dfd8862[Not completed]
2022-12-08 07:06:34,318 [pool-434-thread-1] INFO  server.RaftServer$Division (RaftServerImpl.java:<init>(195)) - 5de537c7-90df-4f10-a651-9ea369dcfb7f: new RaftServerImpl for group-3E7C8DD22CBD:[5de537c7-90df-4f10-a651-9ea369dcfb7f|rpc:10.1.0.14:34865|priority:1|startupRole:FOLLOWER] with ContainerStateMachine:uninitialized
2022-12-08 07:06:34,318 [pool-434-thread-1] INFO  server.RaftServerConfigKeys (ConfUtils.java:logGet(46)) - raft.server.rpc.timeout.min = 5s (custom)
2022-12-08 07:06:34,318 [pool-434-thread-1] INFO  server.RaftServerConfigKeys (ConfUtils.java:logGet(46)) - raft.server.rpc.timeout.max = 5200ms (custom)
2022-12-08 07:06:34,318 [pool-434-thread-1] INFO  server.RaftServerConfigKeys (ConfUtils.java:logGet(46)) - raft.server.rpc.sleep.time = 25ms (default)
2022-12-08 07:06:34,318 [pool-434-thread-1] INFO  server.RaftServerConfigKeys (ConfUtils.java:logGet(46)) - raft.server.rpc.slowness.timeout = 300s (custom)
2022-12-08 07:06:34,318 [pool-434-thread-1] INFO  server.RaftServerConfigKeys (ConfUtils.java:logGet(46)) - raft.server.leaderelection.leader.step-down.wait-time = 10s (default)
2022-12-08 07:06:34,318 [pool-434-thread-1] INFO  server.RaftServerConfigKeys (ConfUtils.java:logGet(46)) - raft.server.sleep.deviation.threshold = 300ms (default)
2022-12-08 07:06:34,319 [pool-434-thread-1] INFO  server.RaftServer$Division (ServerState.java:<init>(118)) - 5de537c7-90df-4f10-a651-9ea369dcfb7f@group-3E7C8DD22CBD: ConfigurationManager, init=-1: peers:[5de537c7-90df-4f10-a651-9ea369dcfb7f|rpc:10.1.0.14:34865|priority:1|startupRole:FOLLOWER]|listeners:[], old=null, confs=<EMPTY_MAP>
2022-12-08 07:06:34,319 [pool-434-thread-1] INFO  server.RaftServerConfigKeys (ConfUtils.java:logGet(46)) - raft.server.storage.dir = [/home/runner/work/ozone/ozone/hadoop-ozone/integration-test/target/test-dir/MiniOzoneClusterImpl-510a2802-165a-4ebd-9ade-f7b35b2c34f6/datanode-2/data/ratis] (custom)
2022-12-08 07:06:34,319 [pool-434-thread-1] INFO  server.RaftServerConfigKeys (ConfUtils.java:logGet(46)) - raft.server.log.corruption.policy = EXCEPTION (default)
2022-12-08 07:06:34,319 [pool-434-thread-1] INFO  server.RaftServerConfigKeys (ConfUtils.java:logGet(46)) - raft.server.storage.free-space.min = 0MB (=0) (default)
2022-12-08 07:06:34,319 [pool-434-thread-1] INFO  server.RaftServerConfigKeys (ConfUtils.java:logGet(46)) - raft.server.notification.no-leader.timeout = 300s (custom)
2022-12-08 07:06:34,319 [pool-434-thread-1] INFO  server.RaftServerConfigKeys (ConfUtils.java:logGet(46)) - raft.server.retrycache.expirytime = 600000ms (custom)
2022-12-08 07:06:34,319 [pool-434-thread-1] INFO  server.RaftServerConfigKeys (ConfUtils.java:logGet(46)) - raft.server.retrycache.statistics.expirytime = 100μs (default)
2022-12-08 07:06:34,322 [pool-434-thread-1] INFO  server.RaftServerConfigKeys (ConfUtils.java:logGet(46)) - raft.server.log.appender.install.snapshot.enabled = false (custom)
2022-12-08 07:06:34,322 [pool-434-thread-1] INFO  server.RaftServerConfigKeys (ConfUtils.java:logGet(46)) - raft.server.threadpool.server.cached = true (default)
2022-12-08 07:06:34,322 [pool-434-thread-1] INFO  server.RaftServerConfigKeys (ConfUtils.java:logGet(46)) - raft.server.threadpool.server.size = 0 (default)
2022-12-08 07:06:34,322 [pool-434-thread-1] INFO  server.RaftServerConfigKeys (ConfUtils.java:logGet(46)) - raft.server.threadpool.client.cached = true (default)
2022-12-08 07:06:34,322 [pool-434-thread-1] INFO  server.RaftServerConfigKeys (ConfUtils.java:logGet(46)) - raft.server.threadpool.client.size = 0 (default)
2022-12-08 07:06:34,322 [pool-434-thread-1] INFO  storage.RaftStorageDirectory (RaftStorageDirectoryImpl.java:analyzeStorage(137)) - The storage directory /home/runner/work/ozone/ozone/hadoop-ozone/integration-test/target/test-dir/MiniOzoneClusterImpl-510a2802-165a-4ebd-9ade-f7b35b2c34f6/datanode-2/data/ratis/e6962b6d-36c9-4945-a5c9-3e7c8dd22cbd does not exist. Creating ...
2022-12-08 07:06:34,324 [pool-434-thread-1] INFO  storage.RaftStorageDirectory (RaftStorageDirectoryImpl.java:tryLock(231)) - Lock on /home/runner/work/ozone/ozone/hadoop-ozone/integration-test/target/test-dir/MiniOzoneClusterImpl-510a2802-165a-4ebd-9ade-f7b35b2c34f6/datanode-2/data/ratis/e6962b6d-36c9-4945-a5c9-3e7c8dd22cbd/in_use.lock acquired by nodename 50697@fv-az165-805
2022-12-08 07:06:34,327 [pool-434-thread-1] INFO  storage.RaftStorage (RaftStorageImpl.java:format(96)) - Storage directory /home/runner/work/ozone/ozone/hadoop-ozone/integration-test/target/test-dir/MiniOzoneClusterImpl-510a2802-165a-4ebd-9ade-f7b35b2c34f6/datanode-2/data/ratis/e6962b6d-36c9-4945-a5c9-3e7c8dd22cbd has been successfully formatted.
2022-12-08 07:06:34,331 [pool-434-thread-1] INFO  ratis.ContainerStateMachine (ContainerStateMachine.java:loadSnapshot(236)) - group-3E7C8DD22CBD: The snapshot info is null. Setting the last applied indexto:(t:0, i:~)
2022-12-08 07:06:34,334 [EventQueue-CommandQueueReportForCommandQueueReportHandler] WARN  events.EventQueue (EventQueue.java:fireEvent(216)) - No event handler registered for event TypedEvent{payloadType=DatanodeDetails, name='Datanode_Command_Queue_Updated'}
2022-12-08 07:06:34,335 [EventQueue-PipelineReportForPipelineReportHandler] INFO  pipeline.PipelineManagerImpl (PipelineManagerImpl.java:openPipeline(367)) - Pipeline Pipeline[ Id: e6962b6d-36c9-4945-a5c9-3e7c8dd22cbd, Nodes: 5de537c7-90df-4f10-a651-9ea369dcfb7f{ip: 10.1.0.14, host: fv-az165-805.wtg55dazuvhetdvd2gpth4ys5d.dx.internal.cloudapp.net, ports: [REPLICATION=37727, RATIS=34865, RATIS_ADMIN=34865, RATIS_SERVER=34865, STANDALONE=33081], networkLocation: /default-rack, certSerialId: null, persistedOpState: IN_SERVICE, persistedOpStateExpiryEpochSec: 0}, ReplicationConfig: RATIS/ONE, State:ALLOCATED, leaderId:5de537c7-90df-4f10-a651-9ea369dcfb7f, CreationTimestamp2022-12-08T07:06:31.318Z[Etc/UTC]] moved to OPEN state
2022-12-08 07:06:34,336 [EventQueue-OpenPipelineForHealthyPipelineSafeModeRule] INFO  safemode.SCMSafeModeManager (HealthyPipelineSafeModeRule.java:process(137)) - SCM in safe mode. Healthy pipelines reported count is 0, required healthy pipeline reported count is 1
2022-12-08 07:06:34,337 [EventQueue-CommandQueueReportForCommandQueueReportHandler] WARN  events.EventQueue (EventQueue.java:fireEvent(216)) - No event handler registered for event TypedEvent{payloadType=DatanodeDetails, name='Datanode_Command_Queue_Updated'}
2022-12-08 07:06:34,338 [EventQueue-OpenPipelineForHealthyPipelineSafeModeRule] INFO  safemode.SCMSafeModeManager (HealthyPipelineSafeModeRule.java:process(137)) - SCM in safe mode. Healthy pipelines reported count is 0, required healthy pipeline reported count is 1
2022-12-08 07:06:34,338 [pool-434-thread-1] INFO  server.RaftServerConfigKeys (ConfUtils.java:logGet(46)) - raft.server.log.use.memory = false (default)
2022-12-08 07:06:34,338 [pool-434-thread-1] INFO  server.RaftServerConfigKeys (ConfUtils.java:logGet(46)) - raft.server.log.purge.gap = 1000000 (custom)
2022-12-08 07:06:34,338 [pool-434-thread-1] INFO  server.RaftServerConfigKeys (ConfUtils.java:logGet(46)) - raft.server.log.appender.buffer.byte-limit = 33554432 (custom)
2022-12-08 07:06:34,341 [pool-434-thread-1] INFO  server.RaftServerConfigKeys (ConfUtils.java:logGet(46)) - raft.server.log.statemachine.data.read.timeout = 1000ms (default)
2022-12-08 07:06:34,341 [pool-434-thread-1] INFO  server.RaftServerConfigKeys (ConfUtils.java:logGet(46)) - raft.server.log.purge.preservation.log.num = 0 (default)
2022-12-08 07:06:34,341 [pool-434-thread-1] INFO  server.RaftServerConfigKeys (ConfUtils.java:logGet(46)) - raft.server.log.segment.size.max = 1048576 (custom)
2022-12-08 07:06:34,342 [pool-434-thread-1] INFO  server.RaftServerConfigKeys (ConfUtils.java:logGet(46)) - raft.server.log.segment.cache.num.max = 2 (custom)
2022-12-08 07:06:34,343 [pool-434-thread-1] INFO  server.RaftServerConfigKeys (ConfUtils.java:logGet(46)) - raft.server.log.segment.cache.size.max = 200MB (=209715200) (default)
2022-12-08 07:06:34,343 [pool-434-thread-1] INFO  segmented.SegmentedRaftLogWorker (SegmentedRaftLogWorker.java:<init>(189)) - new 5de537c7-90df-4f10-a651-9ea369dcfb7f@group-3E7C8DD22CBD-SegmentedRaftLogWorker for RaftStorageImpl:Storage Directory /home/runner/work/ozone/ozone/hadoop-ozone/integration-test/target/test-dir/MiniOzoneClusterImpl-510a2802-165a-4ebd-9ade-f7b35b2c34f6/datanode-2/data/ratis/e6962b6d-36c9-4945-a5c9-3e7c8dd22cbd
2022-12-08 07:06:34,343 [pool-434-thread-1] INFO  server.RaftServerConfigKeys (ConfUtils.java:logGet(46)) - raft.server.log.queue.byte-limit = 4294967296 (custom)
2022-12-08 07:06:34,343 [pool-434-thread-1] INFO  server.RaftServerConfigKeys (ConfUtils.java:logGet(46)) - raft.server.log.queue.element-limit = 1024 (custom)
2022-12-08 07:06:34,343 [pool-434-thread-1] INFO  server.RaftServerConfigKeys (ConfUtils.java:logGet(46)) - raft.server.log.segment.size.max = 1048576 (custom)
2022-12-08 07:06:34,343 [pool-434-thread-1] INFO  server.RaftServerConfigKeys (ConfUtils.java:logGet(46)) - raft.server.log.preallocated.size = 16384 (custom)
2022-12-08 07:06:34,344 [pool-434-thread-1] INFO  server.RaftServerConfigKeys (ConfUtils.java:logGet(46)) - raft.server.log.force.sync.num = 128 (default)
2022-12-08 07:06:34,344 [pool-434-thread-1] INFO  server.RaftServerConfigKeys (ConfUtils.java:logGet(46)) - raft.server.log.statemachine.data.sync = true (default)
2022-12-08 07:06:34,344 [pool-434-thread-1] INFO  server.RaftServerConfigKeys (ConfUtils.java:logGet(46)) - raft.server.log.statemachine.data.sync.timeout = 10s (default)
2022-12-08 07:06:34,344 [pool-434-thread-1] INFO  server.RaftServerConfigKeys (ConfUtils.java:logGet(46)) - raft.server.log.statemachine.data.sync.timeout.retry = -1 (default)
2022-12-08 07:06:34,346 [pool-434-thread-1] INFO  server.RaftServerConfigKeys (ConfUtils.java:logGet(46)) - raft.server.log.write.buffer.size = 1048576 (custom)
2022-12-08 07:06:34,347 [pool-434-thread-1] INFO  server.RaftServerConfigKeys (ConfUtils.java:logGet(46)) - raft.server.log.appender.buffer.byte-limit = 33554432 (custom)
2022-12-08 07:06:34,355 [pool-434-thread-1] INFO  server.RaftServerConfigKeys (ConfUtils.java:logGet(46)) - raft.server.log.unsafe-flush.enabled = false (default)
2022-12-08 07:06:34,358 [EventQueue-CommandQueueReportForCommandQueueReportHandler] WARN  events.EventQueue (EventQueue.java:fireEvent(216)) - No event handler registered for event TypedEvent{payloadType=DatanodeDetails, name='Datanode_Command_Queue_Updated'}
2022-12-08 07:06:34,361 [pool-434-thread-1] INFO  server.RaftServerConfigKeys (ConfUtils.java:logGet(46)) - raft.server.log.async-flush.enabled = false (default)
2022-12-08 07:06:34,361 [pool-434-thread-1] INFO  server.RaftServerConfigKeys (ConfUtils.java:logGet(46)) - raft.server.log.statemachine.data.caching.enabled = true (custom)
2022-12-08 07:06:34,361 [pool-434-thread-1] INFO  segmented.SegmentedRaftLogWorker (SegmentedRaftLogWorker.java:lambda$new$0(135)) - 5de537c7-90df-4f10-a651-9ea369dcfb7f@group-3E7C8DD22CBD-SegmentedRaftLogWorker: flushIndex: setUnconditionally 0 -> -1
2022-12-08 07:06:34,361 [pool-434-thread-1] INFO  segmented.SegmentedRaftLogWorker (SegmentedRaftLogWorker.java:lambda$new$0(135)) - 5de537c7-90df-4f10-a651-9ea369dcfb7f@group-3E7C8DD22CBD-SegmentedRaftLogWorker: safeCacheEvictIndex: setUnconditionally 0 -> -1
2022-12-08 07:06:34,366 [pool-434-thread-1] INFO  server.RaftServer$Division (RaftServerImpl.java:start(334)) - 5de537c7-90df-4f10-a651-9ea369dcfb7f@group-3E7C8DD22CBD: start as a follower, conf=-1: peers:[5de537c7-90df-4f10-a651-9ea369dcfb7f|rpc:10.1.0.14:34865|priority:1|startupRole:FOLLOWER]|listeners:[], old=null
2022-12-08 07:06:34,366 [pool-434-thread-1] INFO  server.RaftServer$Division (RaftServerImpl.java:setRole(321)) - 5de537c7-90df-4f10-a651-9ea369dcfb7f@group-3E7C8DD22CBD: changes role from      null to FOLLOWER at term 0 for startAsFollower
2022-12-08 07:06:34,366 [pool-434-thread-1] INFO  impl.RoleInfo (RoleInfo.java:updateAndGet(139)) - 5de537c7-90df-4f10-a651-9ea369dcfb7f: start 5de537c7-90df-4f10-a651-9ea369dcfb7f@group-3E7C8DD22CBD-FollowerState
2022-12-08 07:06:34,378 [pool-434-thread-1] INFO  util.JmxRegister (JmxRegister.java:tryRegister(44)) - Successfully registered JMX Bean with object name Ratis:service=RaftServer,group=group-3E7C8DD22CBD,id=5de537c7-90df-4f10-a651-9ea369dcfb7f
2022-12-08 07:06:34,379 [pool-434-thread-1] INFO  server.RaftServerConfigKeys (ConfUtils.java:logGet(46)) - raft.server.snapshot.auto.trigger.enabled = true (custom)
2022-12-08 07:06:34,379 [pool-434-thread-1] INFO  server.RaftServerConfigKeys (ConfUtils.java:logGet(46)) - raft.server.snapshot.auto.trigger.threshold = 10000 (custom)
2022-12-08 07:06:34,379 [pool-434-thread-1] INFO  server.RaftServerConfigKeys (ConfUtils.java:logGet(46)) - raft.server.snapshot.retention.file.num = 5 (custom)
2022-12-08 07:06:34,379 [pool-434-thread-1] INFO  server.RaftServerConfigKeys (ConfUtils.java:logGet(46)) - raft.server.log.purge.upto.snapshot.index = false (default)
2022-12-08 07:06:34,380 [5de537c7-90df-4f10-a651-9ea369dcfb7f@group-3E7C8DD22CBD-FollowerState] INFO  server.RaftServerConfigKeys (ConfUtils.java:logFallback(53)) - raft.server.rpc.first-election.timeout.min = 5s (fallback to raft.server.rpc.timeout.min)
2022-12-08 07:06:34,380 [5de537c7-90df-4f10-a651-9ea369dcfb7f@group-3E7C8DD22CBD-FollowerState] INFO  server.RaftServerConfigKeys (ConfUtils.java:logFallback(53)) - raft.server.rpc.first-election.timeout.max = 5200ms (fallback to raft.server.rpc.timeout.max)
2022-12-08 07:06:34,380 [Command processor thread] INFO  ratis.XceiverServerRatis (XceiverServerRatis.java:addGroup(765)) - Created group PipelineID=e6962b6d-36c9-4945-a5c9-3e7c8dd22cbd
2022-12-08 07:06:34,380 [Command processor thread] INFO  commandhandler.CreatePipelineCommandHandler (CreatePipelineCommandHandler.java:handle(113)) - Created Pipeline RATIS ONE PipelineID=e6962b6d-36c9-4945-a5c9-3e7c8dd22cbd.
2022-12-08 07:06:34,541 [EventQueue-CommandQueueReportForCommandQueueReportHandler] WARN  events.EventQueue (EventQueue.java:fireEvent(216)) - No event handler registered for event TypedEvent{payloadType=DatanodeDetails, name='Datanode_Command_Queue_Updated'}
2022-12-08 07:06:34,555 [EventQueue-CommandQueueReportForCommandQueueReportHandler] WARN  events.EventQueue (EventQueue.java:fireEvent(216)) - No event handler registered for event TypedEvent{payloadType=DatanodeDetails, name='Datanode_Command_Queue_Updated'}
2022-12-08 07:06:34,756 [EventQueue-CommandQueueReportForCommandQueueReportHandler] WARN  events.EventQueue (EventQueue.java:fireEvent(216)) - No event handler registered for event TypedEvent{payloadType=DatanodeDetails, name='Datanode_Command_Queue_Updated'}
2022-12-08 07:06:34,835 [Under Replicated Processor] INFO  replication.UnderReplicatedProcessor (UnderReplicatedProcessor.java:processAll(79)) - Processed 0 under replicated containers, failed processing 0
2022-12-08 07:06:34,847 [DatanodeAdminManager-0] INFO  node.DatanodeAdminMonitorImpl (DatanodeAdminMonitorImpl.java:checkContainersReplicatedOnNode(356)) - Under Replicated Container #5 org.apache.hadoop.hdds.scm.container.replication.ECContainerReplicaCount@583707b8; Replicas{ContainerReplica{containerID=#5, state=CLOSED, datanodeDetails=624d0ae4-c5c0-4b02-bbde-b37f19cf8f9a{ip: 10.1.0.14, host: fv-az165-805.wtg55dazuvhetdvd2gpth4ys5d.dx.internal.cloudapp.net, ports: [REPLICATION=39487, RATIS=41749, RATIS_ADMIN=41749, RATIS_SERVER=41749, STANDALONE=43743], networkLocation: /default-rack, certSerialId: null, persistedOpState: IN_SERVICE, persistedOpStateExpiryEpochSec: 0}, placeOfBirth=624d0ae4-c5c0-4b02-bbde-b37f19cf8f9a, sequenceId=0, keyCount=1, bytesUsed=0,replicaIndex=2},ContainerReplica{containerID=#5, state=CLOSED, datanodeDetails=6eec9aac-ee1b-4e1e-837d-d3cab734710b{ip: 10.1.0.14, host: fv-az165-805.wtg55dazuvhetdvd2gpth4ys5d.dx.internal.cloudapp.net, ports: [REPLICATION=35375, RATIS=33309, RATIS_ADMIN=33309, RATIS_SERVER=33309, STANDALONE=43585], networkLocation: /default-rack, certSerialId: null, persistedOpState: IN_SERVICE, persistedOpStateExpiryEpochSec: 0}, placeOfBirth=6eec9aac-ee1b-4e1e-837d-d3cab734710b, sequenceId=0, keyCount=1, bytesUsed=19,replicaIndex=4},ContainerReplica{containerID=#5, state=CLOSED, datanodeDetails=f4ffb4f0-97dc-4c31-9ebf-2914332a538f{ip: 10.1.0.14, host: fv-az165-805.wtg55dazuvhetdvd2gpth4ys5d.dx.internal.cloudapp.net, ports: [REPLICATION=33383, RATIS=34119, RATIS_ADMIN=34119, RATIS_SERVER=34119, STANDALONE=42873], networkLocation: /default-rack, certSerialId: null, persistedOpState: IN_SERVICE, persistedOpStateExpiryEpochSec: 0}, placeOfBirth=f4ffb4f0-97dc-4c31-9ebf-2914332a538f, sequenceId=0, keyCount=1, bytesUsed=0,replicaIndex=3},ContainerReplica{containerID=#5, state=CLOSED, datanodeDetails=1fec2e66-b36b-410d-a836-56974e80c6bf{ip: 10.1.0.14, host: fv-az165-805.wtg55dazuvhetdvd2gpth4ys5d.dx.internal.cloudapp.net, ports: [REPLICATION=42005, RATIS=40777, RATIS_ADMIN=40777, RATIS_SERVER=40777, STANDALONE=40099], networkLocation: /default-rack, certSerialId: null, persistedOpState: DECOMMISSIONING, persistedOpStateExpiryEpochSec: 0}, placeOfBirth=1fec2e66-b36b-410d-a836-56974e80c6bf, sequenceId=0, keyCount=1, bytesUsed=19,replicaIndex=1},ContainerReplica{containerID=#5, state=CLOSED, datanodeDetails=a323b8f8-7c4d-4fe6-8663-2fcba1e99710{ip: 10.1.0.14, host: fv-az165-805.wtg55dazuvhetdvd2gpth4ys5d.dx.internal.cloudapp.net, ports: [REPLICATION=34875, RATIS=38689, RATIS_ADMIN=38689, RATIS_SERVER=38689, STANDALONE=41587], networkLocation: /default-rack, certSerialId: null, persistedOpState: IN_SERVICE, persistedOpStateExpiryEpochSec: 0}, placeOfBirth=a323b8f8-7c4d-4fe6-8663-2fcba1e99710, sequenceId=0, keyCount=1, bytesUsed=19,replicaIndex=5}}
2022-12-08 07:06:34,848 [DatanodeAdminManager-0] INFO  node.DatanodeAdminMonitorImpl (DatanodeAdminMonitorImpl.java:checkContainersReplicatedOnNode(356)) - Under Replicated Container #8 org.apache.hadoop.hdds.scm.container.replication.ECContainerReplicaCount@2cef4d4e; Replicas{ContainerReplica{containerID=#8, state=CLOSED, datanodeDetails=624d0ae4-c5c0-4b02-bbde-b37f19cf8f9a{ip: 10.1.0.14, host: fv-az165-805.wtg55dazuvhetdvd2gpth4ys5d.dx.internal.cloudapp.net, ports: [REPLICATION=39487, RATIS=41749, RATIS_ADMIN=41749, RATIS_SERVER=41749, STANDALONE=43743], networkLocation: /default-rack, certSerialId: null, persistedOpState: IN_SERVICE, persistedOpStateExpiryEpochSec: 0}, placeOfBirth=624d0ae4-c5c0-4b02-bbde-b37f19cf8f9a, sequenceId=0, keyCount=6, bytesUsed=114,replicaIndex=4},ContainerReplica{containerID=#8, state=CLOSED, datanodeDetails=f4ffb4f0-97dc-4c31-9ebf-2914332a538f{ip: 10.1.0.14, host: fv-az165-805.wtg55dazuvhetdvd2gpth4ys5d.dx.internal.cloudapp.net, ports: [REPLICATION=33383, RATIS=34119, RATIS_ADMIN=34119, RATIS_SERVER=34119, STANDALONE=42873], networkLocation: /default-rack, certSerialId: null, persistedOpState: IN_SERVICE, persistedOpStateExpiryEpochSec: 0}, placeOfBirth=f4ffb4f0-97dc-4c31-9ebf-2914332a538f, sequenceId=0, keyCount=6, bytesUsed=114,replicaIndex=5},ContainerReplica{containerID=#8, state=CLOSED, datanodeDetails=a323b8f8-7c4d-4fe6-8663-2fcba1e99710{ip: 10.1.0.14, host: fv-az165-805.wtg55dazuvhetdvd2gpth4ys5d.dx.internal.cloudapp.net, ports: [REPLICATION=34875, RATIS=38689, RATIS_ADMIN=38689, RATIS_SERVER=38689, STANDALONE=41587], networkLocation: /default-rack, certSerialId: null, persistedOpState: IN_SERVICE, persistedOpStateExpiryEpochSec: 0}, placeOfBirth=a323b8f8-7c4d-4fe6-8663-2fcba1e99710, sequenceId=0, keyCount=6, bytesUsed=114,replicaIndex=1},ContainerReplica{containerID=#8, state=CLOSED, datanodeDetails=aa703a63-3c65-4215-94e9-ba864e506dd9{ip: 10.1.0.14, host: fv-az165-805.wtg55dazuvhetdvd2gpth4ys5d.dx.internal.cloudapp.net, ports: [REPLICATION=38971, RATIS=39791, RATIS_ADMIN=39791, RATIS_SERVER=39791, STANDALONE=40597], networkLocation: /default-rack, certSerialId: null, persistedOpState: IN_SERVICE, persistedOpStateExpiryEpochSec: 0}, placeOfBirth=aa703a63-3c65-4215-94e9-ba864e506dd9, sequenceId=0, keyCount=6, bytesUsed=0,replicaIndex=3},ContainerReplica{containerID=#8, state=CLOSED, datanodeDetails=1fec2e66-b36b-410d-a836-56974e80c6bf{ip: 10.1.0.14, host: fv-az165-805.wtg55dazuvhetdvd2gpth4ys5d.dx.internal.cloudapp.net, ports: [REPLICATION=42005, RATIS=40777, RATIS_ADMIN=40777, RATIS_SERVER=40777, STANDALONE=40099], networkLocation: /default-rack, certSerialId: null, persistedOpState: DECOMMISSIONING, persistedOpStateExpiryEpochSec: 0}, placeOfBirth=1fec2e66-b36b-410d-a836-56974e80c6bf, sequenceId=0, keyCount=6, bytesUsed=0,replicaIndex=2}}
2022-12-08 07:06:34,848 [DatanodeAdminManager-0] INFO  node.DatanodeAdminMonitorImpl (DatanodeAdminMonitorImpl.java:checkContainersReplicatedOnNode(356)) - Under Replicated Container #1 Container State: CLOSED Replica Count: 3 Healthy Count: 2 Decommission Count: 1 Maintenance Count: 0 inFlightAdd Count: 1 inFightDel Count: 0 ReplicationFactor: 3 minMaintenance Count: 2; Replicas{ContainerReplica{containerID=#1, state=CLOSED, datanodeDetails=624d0ae4-c5c0-4b02-bbde-b37f19cf8f9a{ip: 10.1.0.14, host: fv-az165-805.wtg55dazuvhetdvd2gpth4ys5d.dx.internal.cloudapp.net, ports: [REPLICATION=39487, RATIS=41749, RATIS_ADMIN=41749, RATIS_SERVER=41749, STANDALONE=43743], networkLocation: /default-rack, certSerialId: null, persistedOpState: IN_SERVICE, persistedOpStateExpiryEpochSec: 0}, placeOfBirth=624d0ae4-c5c0-4b02-bbde-b37f19cf8f9a, sequenceId=74, keyCount=7, bytesUsed=133},ContainerReplica{containerID=#1, state=CLOSED, datanodeDetails=a323b8f8-7c4d-4fe6-8663-2fcba1e99710{ip: 10.1.0.14, host: fv-az165-805.wtg55dazuvhetdvd2gpth4ys5d.dx.internal.cloudapp.net, ports: [REPLICATION=34875, RATIS=38689, RATIS_ADMIN=38689, RATIS_SERVER=38689, STANDALONE=41587], networkLocation: /default-rack, certSerialId: null, persistedOpState: IN_SERVICE, persistedOpStateExpiryEpochSec: 0}, placeOfBirth=a323b8f8-7c4d-4fe6-8663-2fcba1e99710, sequenceId=74, keyCount=7, bytesUsed=133},ContainerReplica{containerID=#1, state=CLOSED, datanodeDetails=1fec2e66-b36b-410d-a836-56974e80c6bf{ip: 10.1.0.14, host: fv-az165-805.wtg55dazuvhetdvd2gpth4ys5d.dx.internal.cloudapp.net, ports: [REPLICATION=42005, RATIS=40777, RATIS_ADMIN=40777, RATIS_SERVER=40777, STANDALONE=40099], networkLocation: /default-rack, certSerialId: null, persistedOpState: DECOMMISSIONING, persistedOpStateExpiryEpochSec: 0}, placeOfBirth=1fec2e66-b36b-410d-a836-56974e80c6bf, sequenceId=74, keyCount=7, bytesUsed=133}}
2022-12-08 07:06:34,848 [DatanodeAdminManager-0] INFO  node.DatanodeAdminMonitorImpl (DatanodeAdminMonitorImpl.java:checkContainersReplicatedOnNode(356)) - Under Replicated Container #2 Container State: CLOSED Replica Count: 3 Healthy Count: 2 Decommission Count: 1 Maintenance Count: 0 inFlightAdd Count: 1 inFightDel Count: 0 ReplicationFactor: 3 minMaintenance Count: 2; Replicas{ContainerReplica{containerID=#2, state=CLOSED, datanodeDetails=a323b8f8-7c4d-4fe6-8663-2fcba1e99710{ip: 10.1.0.14, host: fv-az165-805.wtg55dazuvhetdvd2gpth4ys5d.dx.internal.cloudapp.net, ports: [REPLICATION=34875, RATIS=38689, RATIS_ADMIN=38689, RATIS_SERVER=38689, STANDALONE=41587], networkLocation: /default-rack, certSerialId: null, persistedOpState: IN_SERVICE, persistedOpStateExpiryEpochSec: 0}, placeOfBirth=a323b8f8-7c4d-4fe6-8663-2fcba1e99710, sequenceId=77, keyCount=7, bytesUsed=133},ContainerReplica{containerID=#2, state=CLOSED, datanodeDetails=1fec2e66-b36b-410d-a836-56974e80c6bf{ip: 10.1.0.14, host: fv-az165-805.wtg55dazuvhetdvd2gpth4ys5d.dx.internal.cloudapp.net, ports: [REPLICATION=42005, RATIS=40777, RATIS_ADMIN=40777, RATIS_SERVER=40777, STANDALONE=40099], networkLocation: /default-rack, certSerialId: null, persistedOpState: DECOMMISSIONING, persistedOpStateExpiryEpochSec: 0}, placeOfBirth=1fec2e66-b36b-410d-a836-56974e80c6bf, sequenceId=77, keyCount=7, bytesUsed=133},ContainerReplica{containerID=#2, state=CLOSED, datanodeDetails=624d0ae4-c5c0-4b02-bbde-b37f19cf8f9a{ip: 10.1.0.14, host: fv-az165-805.wtg55dazuvhetdvd2gpth4ys5d.dx.internal.cloudapp.net, ports: [REPLICATION=39487, RATIS=41749, RATIS_ADMIN=41749, RATIS_SERVER=41749, STANDALONE=43743], networkLocation: /default-rack, certSerialId: null, persistedOpState: IN_SERVICE, persistedOpStateExpiryEpochSec: 0}, placeOfBirth=624d0ae4-c5c0-4b02-bbde-b37f19cf8f9a, sequenceId=77, keyCount=7, bytesUsed=133}}
2022-12-08 07:06:34,848 [DatanodeAdminManager-0] INFO  node.DatanodeAdminMonitorImpl (DatanodeAdminMonitorImpl.java:checkContainersReplicatedOnNode(356)) - Under Replicated Container #3 Container State: CLOSED Replica Count: 3 Healthy Count: 2 Decommission Count: 1 Maintenance Count: 0 inFlightAdd Count: 1 inFightDel Count: 0 ReplicationFactor: 3 minMaintenance Count: 2; Replicas{ContainerReplica{containerID=#3, state=CLOSED, datanodeDetails=624d0ae4-c5c0-4b02-bbde-b37f19cf8f9a{ip: 10.1.0.14, host: fv-az165-805.wtg55dazuvhetdvd2gpth4ys5d.dx.internal.cloudapp.net, ports: [REPLICATION=39487, RATIS=41749, RATIS_ADMIN=41749, RATIS_SERVER=41749, STANDALONE=43743], networkLocation: /default-rack, certSerialId: null, persistedOpState: IN_SERVICE, persistedOpStateExpiryEpochSec: 0}, placeOfBirth=624d0ae4-c5c0-4b02-bbde-b37f19cf8f9a, sequenceId=69, keyCount=6, bytesUsed=114},ContainerReplica{containerID=#3, state=CLOSED, datanodeDetails=a323b8f8-7c4d-4fe6-8663-2fcba1e99710{ip: 10.1.0.14, host: fv-az165-805.wtg55dazuvhetdvd2gpth4ys5d.dx.internal.cloudapp.net, ports: [REPLICATION=34875, RATIS=38689, RATIS_ADMIN=38689, RATIS_SERVER=38689, STANDALONE=41587], networkLocation: /default-rack, certSerialId: null, persistedOpState: IN_SERVICE, persistedOpStateExpiryEpochSec: 0}, placeOfBirth=a323b8f8-7c4d-4fe6-8663-2fcba1e99710, sequenceId=69, keyCount=6, bytesUsed=114},ContainerReplica{containerID=#3, state=CLOSED, datanodeDetails=1fec2e66-b36b-410d-a836-56974e80c6bf{ip: 10.1.0.14, host: fv-az165-805.wtg55dazuvhetdvd2gpth4ys5d.dx.internal.cloudapp.net, ports: [REPLICATION=42005, RATIS=40777, RATIS_ADMIN=40777, RATIS_SERVER=40777, STANDALONE=40099], networkLocation: /default-rack, certSerialId: null, persistedOpState: DECOMMISSIONING, persistedOpStateExpiryEpochSec: 0}, placeOfBirth=1fec2e66-b36b-410d-a836-56974e80c6bf, sequenceId=69, keyCount=6, bytesUsed=114}}
2022-12-08 07:06:34,849 [DatanodeAdminManager-0] INFO  node.DatanodeAdminMonitorImpl (DatanodeAdminMonitorImpl.java:checkContainersReplicatedOnNode(377)) - 1fec2e66-b36b-410d-a836-56974e80c6bf{ip: 10.1.0.14, host: fv-az165-805.wtg55dazuvhetdvd2gpth4ys5d.dx.internal.cloudapp.net, ports: [REPLICATION=42005, RATIS=40777, RATIS_ADMIN=40777, RATIS_SERVER=40777, STANDALONE=40099], networkLocation: /default-rack, certSerialId: null, persistedOpState: DECOMMISSIONING, persistedOpStateExpiryEpochSec: 0} has 1 sufficientlyReplicated, 6 underReplicated and 0 unhealthy containers
2022-12-08 07:06:34,849 [DatanodeAdminManager-0] INFO  node.DatanodeAdminMonitorImpl (DatanodeAdminMonitorImpl.java:run(169)) - There are 1 nodes tracked for decommission and maintenance.  0 pending nodes.
2022-12-08 07:06:34,876 [ReplicationMonitor] INFO  replication.ReplicationManager (ReplicationManager.java:processAll(356)) - Replication Monitor Thread took 3 milliseconds for processing 8 containers.
2022-12-08 07:06:34,945 [EventQueue-CommandQueueReportForCommandQueueReportHandler] WARN  events.EventQueue (EventQueue.java:fireEvent(216)) - No event handler registered for event TypedEvent{payloadType=DatanodeDetails, name='Datanode_Command_Queue_Updated'}
2022-12-08 07:06:34,946 [ContainerReplicationThread-0] INFO  replication.DownloadAndImportReplicator (DownloadAndImportReplicator.java:replicate(105)) - Starting replication of container 8 from [1fec2e66-b36b-410d-a836-56974e80c6bf{ip: 10.1.0.14, host: fv-az165-805.wtg55dazuvhetdvd2gpth4ys5d.dx.internal.cloudapp.net, ports: [REPLICATION=42005, RATIS=40777, RATIS_ADMIN=40777, RATIS_SERVER=40777, STANDALONE=40099], networkLocation: /default-rack, certSerialId: null, persistedOpState: DECOMMISSIONING, persistedOpStateExpiryEpochSec: 0}]
2022-12-08 07:06:34,953 [EventQueue-CommandQueueReportForCommandQueueReportHandler] WARN  events.EventQueue (EventQueue.java:fireEvent(216)) - No event handler registered for event TypedEvent{payloadType=DatanodeDetails, name='Datanode_Command_Queue_Updated'}
2022-12-08 07:06:34,964 [grpc-default-executor-2] INFO  replication.GrpcReplicationService (GrpcReplicationService.java:download(52)) - Streaming container data (8) to other datanode
2022-12-08 07:06:34,983 [grpc-default-executor-2] INFO  replication.GrpcOutputStream (GrpcOutputStream.java:close(104)) - Sent 1606 bytes for container 8
2022-12-08 07:06:34,985 [grpc-default-executor-5] INFO  replication.GrpcReplicationClient (GrpcReplicationClient.java:onCompleted(197)) - Container 8 is downloaded to /home/runner/work/ozone/ozone/hadoop-ozone/integration-test/target/test-dir/MiniOzoneClusterImpl-3253a570-fb02-4895-b12a-309bd2ff2d50/datanode-4/data/replication/work/container-8.tar.gz
2022-12-08 07:06:34,989 [ContainerReplicationThread-0] INFO  replication.DownloadAndImportReplicator (DownloadAndImportReplicator.java:replicate(117)) - Container 8 is downloaded with size 1606, starting to import.
2022-12-08 07:06:35,005 [ReplicationMonitor] INFO  replication.ReplicationManager (ReplicationManager.java:processAll(323)) - Replication Manager is not ready to run until 3000ms after safemode exit
2022-12-08 07:06:35,010 [ContainerReplicationThread-0] INFO  replication.DownloadAndImportReplicator (DownloadAndImportReplicator.java:replicate(122)) - Container 8 is replicated successfully
2022-12-08 07:06:35,010 [ContainerReplicationThread-0] INFO  replication.ReplicationSupervisor (ReplicationSupervisor.java:run(176)) - Container 8 is replicated.
2022-12-08 07:06:35,011 [EventQueue-CommandQueueReportForCommandQueueReportHandler] WARN  events.EventQueue (EventQueue.java:fireEvent(216)) - No event handler registered for event TypedEvent{payloadType=DatanodeDetails, name='Datanode_Command_Queue_Updated'}
2022-12-08 07:06:35,033 [ContainerReplicationThread-0] INFO  replication.DownloadAndImportReplicator (DownloadAndImportReplicator.java:replicate(105)) - Starting replication of container 5 from [1fec2e66-b36b-410d-a836-56974e80c6bf{ip: 10.1.0.14, host: fv-az165-805.wtg55dazuvhetdvd2gpth4ys5d.dx.internal.cloudapp.net, ports: [REPLICATION=42005, RATIS=40777, RATIS_ADMIN=40777, RATIS_SERVER=40777, STANDALONE=40099], networkLocation: /default-rack, certSerialId: null, persistedOpState: DECOMMISSIONING, persistedOpStateExpiryEpochSec: 0}]
2022-12-08 07:06:35,035 [EventQueue-CommandQueueReportForCommandQueueReportHandler] WARN  events.EventQueue (EventQueue.java:fireEvent(216)) - No event handler registered for event TypedEvent{payloadType=DatanodeDetails, name='Datanode_Command_Queue_Updated'}
2022-12-08 07:06:35,042 [grpc-default-executor-2] INFO  replication.GrpcReplicationService (GrpcReplicationService.java:download(52)) - Streaming container data (5) to other datanode
2022-12-08 07:06:35,053 [grpc-default-executor-2] INFO  replication.GrpcOutputStream (GrpcOutputStream.java:close(104)) - Sent 1620 bytes for container 5
2022-12-08 07:06:35,054 [grpc-default-executor-2] INFO  replication.GrpcReplicationClient (GrpcReplicationClient.java:onCompleted(197)) - Container 5 is downloaded to /home/runner/work/ozone/ozone/hadoop-ozone/integration-test/target/test-dir/MiniOzoneClusterImpl-3253a570-fb02-4895-b12a-309bd2ff2d50/datanode-3/data/replication/work/container-5.tar.gz
2022-12-08 07:06:35,058 [ContainerReplicationThread-0] INFO  replication.DownloadAndImportReplicator (DownloadAndImportReplicator.java:replicate(117)) - Container 5 is downloaded with size 1620, starting to import.
2022-12-08 07:06:35,085 [ContainerReplicationThread-0] INFO  replication.DownloadAndImportReplicator (DownloadAndImportReplicator.java:replicate(122)) - Container 5 is replicated successfully
2022-12-08 07:06:35,087 [EventQueue-CommandQueueReportForCommandQueueReportHandler] WARN  events.EventQueue (EventQueue.java:fireEvent(216)) - No event handler registered for event TypedEvent{payloadType=DatanodeDetails, name='Datanode_Command_Queue_Updated'}
2022-12-08 07:06:35,088 [ContainerReplicationThread-0] INFO  replication.ReplicationSupervisor (ReplicationSupervisor.java:run(176)) - Container 5 is replicated.
2022-12-08 07:06:35,150 [Command processor thread] INFO  server.RaftServer (RaftServerProxy.java:addNew(96)) - f6c9fd2f-7084-461f-8c2a-824e0c2d9f6f: addNew group-800003E11527:[f6c9fd2f-7084-461f-8c2a-824e0c2d9f6f|rpc:10.1.0.14:43931|priority:1|startupRole:FOLLOWER] returns group-800003E11527:java.util.concurrent.CompletableFuture@355047c1[Not completed]
2022-12-08 07:06:35,152 [EventQueue-CommandQueueReportForCommandQueueReportHandler] WARN  events.EventQueue (EventQueue.java:fireEvent(216)) - No event handler registered for event TypedEvent{payloadType=DatanodeDetails, name='Datanode_Command_Queue_Updated'}
2022-12-08 07:06:35,152 [pool-497-thread-1] INFO  server.RaftServer$Division (RaftServerImpl.java:<init>(195)) - f6c9fd2f-7084-461f-8c2a-824e0c2d9f6f: new RaftServerImpl for group-800003E11527:[f6c9fd2f-7084-461f-8c2a-824e0c2d9f6f|rpc:10.1.0.14:43931|priority:1|startupRole:FOLLOWER] with ContainerStateMachine:uninitialized
2022-12-08 07:06:35,152 [pool-497-thread-1] INFO  server.RaftServerConfigKeys (ConfUtils.java:logGet(46)) - raft.server.rpc.timeout.min = 5s (custom)
2022-12-08 07:06:35,152 [pool-497-thread-1] INFO  server.RaftServerConfigKeys (ConfUtils.java:logGet(46)) - raft.server.rpc.timeout.max = 5200ms (custom)
2022-12-08 07:06:35,152 [pool-497-thread-1] INFO  server.RaftServerConfigKeys (ConfUtils.java:logGet(46)) - raft.server.rpc.sleep.time = 25ms (default)
2022-12-08 07:06:35,152 [pool-497-thread-1] INFO  server.RaftServerConfigKeys (ConfUtils.java:logGet(46)) - raft.server.rpc.slowness.timeout = 300s (custom)
2022-12-08 07:06:35,152 [pool-497-thread-1] INFO  server.RaftServerConfigKeys (ConfUtils.java:logGet(46)) - raft.server.leaderelection.leader.step-down.wait-time = 10s (default)
2022-12-08 07:06:35,152 [pool-497-thread-1] INFO  server.RaftServerConfigKeys (ConfUtils.java:logGet(46)) - raft.server.sleep.deviation.threshold = 300ms (default)
2022-12-08 07:06:35,153 [pool-497-thread-1] INFO  server.RaftServer$Division (ServerState.java:<init>(118)) - f6c9fd2f-7084-461f-8c2a-824e0c2d9f6f@group-800003E11527: ConfigurationManager, init=-1: peers:[f6c9fd2f-7084-461f-8c2a-824e0c2d9f6f|rpc:10.1.0.14:43931|priority:1|startupRole:FOLLOWER]|listeners:[], old=null, confs=<EMPTY_MAP>
2022-12-08 07:06:35,153 [pool-497-thread-1] INFO  server.RaftServerConfigKeys (ConfUtils.java:logGet(46)) - raft.server.storage.dir = [/home/runner/work/ozone/ozone/hadoop-ozone/integration-test/target/test-dir/MiniOzoneClusterImpl-510a2802-165a-4ebd-9ade-f7b35b2c34f6/datanode-3/data/ratis] (custom)
2022-12-08 07:06:35,153 [pool-497-thread-1] INFO  server.RaftServerConfigKeys (ConfUtils.java:logGet(46)) - raft.server.log.corruption.policy = EXCEPTION (default)
2022-12-08 07:06:35,153 [pool-497-thread-1] INFO  server.RaftServerConfigKeys (ConfUtils.java:logGet(46)) - raft.server.storage.free-space.min = 0MB (=0) (default)
2022-12-08 07:06:35,153 [pool-497-thread-1] INFO  server.RaftServerConfigKeys (ConfUtils.java:logGet(46)) - raft.server.notification.no-leader.timeout = 300s (custom)
2022-12-08 07:06:35,153 [pool-497-thread-1] INFO  server.RaftServerConfigKeys (ConfUtils.java:logGet(46)) - raft.server.retrycache.expirytime = 600000ms (custom)
2022-12-08 07:06:35,154 [pool-497-thread-1] INFO  server.RaftServerConfigKeys (ConfUtils.java:logGet(46)) - raft.server.retrycache.statistics.expirytime = 100μs (default)
2022-12-08 07:06:35,156 [pool-497-thread-1] INFO  server.RaftServerConfigKeys (ConfUtils.java:logGet(46)) - raft.server.log.appender.install.snapshot.enabled = false (custom)
2022-12-08 07:06:35,156 [pool-497-thread-1] INFO  server.RaftServerConfigKeys (ConfUtils.java:logGet(46)) - raft.server.threadpool.server.cached = true (default)
2022-12-08 07:06:35,156 [pool-497-thread-1] INFO  server.RaftServerConfigKeys (ConfUtils.java:logGet(46)) - raft.server.threadpool.server.size = 0 (default)
2022-12-08 07:06:35,156 [pool-497-thread-1] INFO  server.RaftServerConfigKeys (ConfUtils.java:logGet(46)) - raft.server.threadpool.client.cached = true (default)
2022-12-08 07:06:35,156 [pool-497-thread-1] INFO  server.RaftServerConfigKeys (ConfUtils.java:logGet(46)) - raft.server.threadpool.client.size = 0 (default)
2022-12-08 07:06:35,156 [pool-497-thread-1] INFO  storage.RaftStorageDirectory (RaftStorageDirectoryImpl.java:analyzeStorage(137)) - The storage directory /home/runner/work/ozone/ozone/hadoop-ozone/integration-test/target/test-dir/MiniOzoneClusterImpl-510a2802-165a-4ebd-9ade-f7b35b2c34f6/datanode-3/data/ratis/c2f60357-2c1c-4713-8042-800003e11527 does not exist. Creating ...
2022-12-08 07:06:35,158 [pool-497-thread-1] INFO  storage.RaftStorageDirectory (RaftStorageDirectoryImpl.java:tryLock(231)) - Lock on /home/runner/work/ozone/ozone/hadoop-ozone/integration-test/target/test-dir/MiniOzoneClusterImpl-510a2802-165a-4ebd-9ade-f7b35b2c34f6/datanode-3/data/ratis/c2f60357-2c1c-4713-8042-800003e11527/in_use.lock acquired by nodename 50697@fv-az165-805
2022-12-08 07:06:35,160 [pool-497-thread-1] INFO  storage.RaftStorage (RaftStorageImpl.java:format(96)) - Storage directory /home/runner/work/ozone/ozone/hadoop-ozone/integration-test/target/test-dir/MiniOzoneClusterImpl-510a2802-165a-4ebd-9ade-f7b35b2c34f6/datanode-3/data/ratis/c2f60357-2c1c-4713-8042-800003e11527 has been successfully formatted.
2022-12-08 07:06:35,160 [pool-497-thread-1] INFO  ratis.ContainerStateMachine (ContainerStateMachine.java:loadSnapshot(236)) - group-800003E11527: The snapshot info is null. Setting the last applied indexto:(t:0, i:~)
2022-12-08 07:06:35,160 [pool-497-thread-1] INFO  server.RaftServerConfigKeys (ConfUtils.java:logGet(46)) - raft.server.log.use.memory = false (default)
2022-12-08 07:06:35,160 [pool-497-thread-1] INFO  server.RaftServerConfigKeys (ConfUtils.java:logGet(46)) - raft.server.log.purge.gap = 1000000 (custom)
2022-12-08 07:06:35,160 [pool-497-thread-1] INFO  server.RaftServerConfigKeys (ConfUtils.java:logGet(46)) - raft.server.log.appender.buffer.byte-limit = 33554432 (custom)
2022-12-08 07:06:35,160 [pool-497-thread-1] INFO  server.RaftServerConfigKeys (ConfUtils.java:logGet(46)) - raft.server.log.statemachine.data.read.timeout = 1000ms (default)
2022-12-08 07:06:35,161 [EventQueue-CommandQueueReportForCommandQueueReportHandler] WARN  events.EventQueue (EventQueue.java:fireEvent(216)) - No event handler registered for event TypedEvent{payloadType=DatanodeDetails, name='Datanode_Command_Queue_Updated'}
2022-12-08 07:06:35,162 [EventQueue-PipelineReportForPipelineReportHandler] INFO  pipeline.PipelineManagerImpl (PipelineManagerImpl.java:openPipeline(367)) - Pipeline Pipeline[ Id: c2f60357-2c1c-4713-8042-800003e11527, Nodes: f6c9fd2f-7084-461f-8c2a-824e0c2d9f6f{ip: 10.1.0.14, host: fv-az165-805.wtg55dazuvhetdvd2gpth4ys5d.dx.internal.cloudapp.net, ports: [REPLICATION=44913, RATIS=43931, RATIS_ADMIN=43931, RATIS_SERVER=43931, STANDALONE=41497], networkLocation: /default-rack, certSerialId: null, persistedOpState: IN_SERVICE, persistedOpStateExpiryEpochSec: 0}, ReplicationConfig: RATIS/ONE, State:ALLOCATED, leaderId:f6c9fd2f-7084-461f-8c2a-824e0c2d9f6f, CreationTimestamp2022-12-08T07:06:32.155Z[Etc/UTC]] moved to OPEN state
2022-12-08 07:06:35,162 [pool-497-thread-1] INFO  server.RaftServerConfigKeys (ConfUtils.java:logGet(46)) - raft.server.log.purge.preservation.log.num = 0 (default)
2022-12-08 07:06:35,163 [pool-497-thread-1] INFO  server.RaftServerConfigKeys (ConfUtils.java:logGet(46)) - raft.server.log.segment.size.max = 1048576 (custom)
2022-12-08 07:06:35,163 [EventQueue-OpenPipelineForHealthyPipelineSafeModeRule] INFO  safemode.SCMSafeModeManager (HealthyPipelineSafeModeRule.java:process(137)) - SCM in safe mode. Healthy pipelines reported count is 0, required healthy pipeline reported count is 1
2022-12-08 07:06:35,164 [pool-497-thread-1] INFO  server.RaftServerConfigKeys (ConfUtils.java:logGet(46)) - raft.server.log.segment.cache.num.max = 2 (custom)
2022-12-08 07:06:35,164 [pool-497-thread-1] INFO  server.RaftServerConfigKeys (ConfUtils.java:logGet(46)) - raft.server.log.segment.cache.size.max = 200MB (=209715200) (default)
2022-12-08 07:06:35,164 [pool-497-thread-1] INFO  segmented.SegmentedRaftLogWorker (SegmentedRaftLogWorker.java:<init>(189)) - new f6c9fd2f-7084-461f-8c2a-824e0c2d9f6f@group-800003E11527-SegmentedRaftLogWorker for RaftStorageImpl:Storage Directory /home/runner/work/ozone/ozone/hadoop-ozone/integration-test/target/test-dir/MiniOzoneClusterImpl-510a2802-165a-4ebd-9ade-f7b35b2c34f6/datanode-3/data/ratis/c2f60357-2c1c-4713-8042-800003e11527
2022-12-08 07:06:35,164 [pool-497-thread-1] INFO  server.RaftServerConfigKeys (ConfUtils.java:logGet(46)) - raft.server.log.queue.byte-limit = 4294967296 (custom)
2022-12-08 07:06:35,165 [pool-497-thread-1] INFO  server.RaftServerConfigKeys (ConfUtils.java:logGet(46)) - raft.server.log.queue.element-limit = 1024 (custom)
2022-12-08 07:06:35,165 [pool-497-thread-1] INFO  server.RaftServerConfigKeys (ConfUtils.java:logGet(46)) - raft.server.log.segment.size.max = 1048576 (custom)
2022-12-08 07:06:35,165 [pool-497-thread-1] INFO  server.RaftServerConfigKeys (ConfUtils.java:logGet(46)) - raft.server.log.preallocated.size = 16384 (custom)
2022-12-08 07:06:35,165 [pool-497-thread-1] INFO  server.RaftServerConfigKeys (ConfUtils.java:logGet(46)) - raft.server.log.force.sync.num = 128 (default)
2022-12-08 07:06:35,165 [pool-497-thread-1] INFO  server.RaftServerConfigKeys (ConfUtils.java:logGet(46)) - raft.server.log.statemachine.data.sync = true (default)
2022-12-08 07:06:35,165 [pool-497-thread-1] INFO  server.RaftServerConfigKeys (ConfUtils.java:logGet(46)) - raft.server.log.statemachine.data.sync.timeout = 10s (default)
2022-12-08 07:06:35,165 [pool-497-thread-1] INFO  server.RaftServerConfigKeys (ConfUtils.java:logGet(46)) - raft.server.log.statemachine.data.sync.timeout.retry = -1 (default)
2022-12-08 07:06:35,167 [pool-497-thread-1] INFO  server.RaftServerConfigKeys (ConfUtils.java:logGet(46)) - raft.server.log.write.buffer.size = 1048576 (custom)
2022-12-08 07:06:35,168 [pool-497-thread-1] INFO  server.RaftServerConfigKeys (ConfUtils.java:logGet(46)) - raft.server.log.appender.buffer.byte-limit = 33554432 (custom)
2022-12-08 07:06:35,169 [Listener at 127.0.0.1/38067] INFO  ozone.MiniOzoneClusterImpl (MiniOzoneClusterImpl.java:lambda$waitForClusterToBeReady$0(216)) - Nodes are ready. Got 7 of 7 DN Heartbeats.
2022-12-08 07:06:35,169 [Listener at 127.0.0.1/38067] INFO  ozone.MiniOzoneClusterImpl (MiniOzoneClusterImpl.java:lambda$waitForClusterToBeReady$0(219)) - Waiting for cluster to exit safe mode
2022-12-08 07:06:35,169 [Listener at 127.0.0.1/38067] INFO  ozone.MiniOzoneClusterImpl (MiniOzoneClusterImpl.java:lambda$waitForClusterToBeReady$0(221)) - SCM became leader
2022-12-08 07:06:35,177 [pool-497-thread-1] INFO  server.RaftServerConfigKeys (ConfUtils.java:logGet(46)) - raft.server.log.unsafe-flush.enabled = false (default)
2022-12-08 07:06:35,178 [pool-497-thread-1] INFO  server.RaftServerConfigKeys (ConfUtils.java:logGet(46)) - raft.server.log.async-flush.enabled = false (default)
2022-12-08 07:06:35,178 [pool-497-thread-1] INFO  server.RaftServerConfigKeys (ConfUtils.java:logGet(46)) - raft.server.log.statemachine.data.caching.enabled = true (custom)
2022-12-08 07:06:35,179 [pool-497-thread-1] INFO  segmented.SegmentedRaftLogWorker (SegmentedRaftLogWorker.java:lambda$new$0(135)) - f6c9fd2f-7084-461f-8c2a-824e0c2d9f6f@group-800003E11527-SegmentedRaftLogWorker: flushIndex: setUnconditionally 0 -> -1
2022-12-08 07:06:35,179 [pool-497-thread-1] INFO  segmented.SegmentedRaftLogWorker (SegmentedRaftLogWorker.java:lambda$new$0(135)) - f6c9fd2f-7084-461f-8c2a-824e0c2d9f6f@group-800003E11527-SegmentedRaftLogWorker: safeCacheEvictIndex: setUnconditionally 0 -> -1
2022-12-08 07:06:35,182 [pool-497-thread-1] INFO  server.RaftServer$Division (RaftServerImpl.java:start(334)) - f6c9fd2f-7084-461f-8c2a-824e0c2d9f6f@group-800003E11527: start as a follower, conf=-1: peers:[f6c9fd2f-7084-461f-8c2a-824e0c2d9f6f|rpc:10.1.0.14:43931|priority:1|startupRole:FOLLOWER]|listeners:[], old=null
2022-12-08 07:06:35,182 [pool-497-thread-1] INFO  server.RaftServer$Division (RaftServerImpl.java:setRole(321)) - f6c9fd2f-7084-461f-8c2a-824e0c2d9f6f@group-800003E11527: changes role from      null to FOLLOWER at term 0 for startAsFollower
2022-12-08 07:06:35,182 [pool-497-thread-1] INFO  impl.RoleInfo (RoleInfo.java:updateAndGet(139)) - f6c9fd2f-7084-461f-8c2a-824e0c2d9f6f: start f6c9fd2f-7084-461f-8c2a-824e0c2d9f6f@group-800003E11527-FollowerState
2022-12-08 07:06:35,188 [pool-497-thread-1] INFO  util.JmxRegister (JmxRegister.java:tryRegister(44)) - Successfully registered JMX Bean with object name Ratis:service=RaftServer,group=group-800003E11527,id=f6c9fd2f-7084-461f-8c2a-824e0c2d9f6f
2022-12-08 07:06:35,189 [pool-497-thread-1] INFO  server.RaftServerConfigKeys (ConfUtils.java:logGet(46)) - raft.server.snapshot.auto.trigger.enabled = true (custom)
2022-12-08 07:06:35,189 [pool-497-thread-1] INFO  server.RaftServerConfigKeys (ConfUtils.java:logGet(46)) - raft.server.snapshot.auto.trigger.threshold = 10000 (custom)
2022-12-08 07:06:35,189 [pool-497-thread-1] INFO  server.RaftServerConfigKeys (ConfUtils.java:logGet(46)) - raft.server.snapshot.retention.file.num = 5 (custom)
2022-12-08 07:06:35,189 [pool-497-thread-1] INFO  server.RaftServerConfigKeys (ConfUtils.java:logGet(46)) - raft.server.log.purge.upto.snapshot.index = false (default)
2022-12-08 07:06:35,189 [f6c9fd2f-7084-461f-8c2a-824e0c2d9f6f@group-800003E11527-FollowerState] INFO  server.RaftServerConfigKeys (ConfUtils.java:logFallback(53)) - raft.server.rpc.first-election.timeout.min = 5s (fallback to raft.server.rpc.timeout.min)
2022-12-08 07:06:35,189 [f6c9fd2f-7084-461f-8c2a-824e0c2d9f6f@group-800003E11527-FollowerState] INFO  server.RaftServerConfigKeys (ConfUtils.java:logFallback(53)) - raft.server.rpc.first-election.timeout.max = 5200ms (fallback to raft.server.rpc.timeout.max)
2022-12-08 07:06:35,190 [Command processor thread] INFO  ratis.XceiverServerRatis (XceiverServerRatis.java:addGroup(765)) - Created group PipelineID=c2f60357-2c1c-4713-8042-800003e11527
2022-12-08 07:06:35,190 [Command processor thread] INFO  commandhandler.CreatePipelineCommandHandler (CreatePipelineCommandHandler.java:handle(113)) - Created Pipeline RATIS ONE PipelineID=c2f60357-2c1c-4713-8042-800003e11527.
2022-12-08 07:06:35,190 [Command processor thread] INFO  server.RaftServer (RaftServerProxy.java:addNew(96)) - f6c9fd2f-7084-461f-8c2a-824e0c2d9f6f: addNew group-944D83FFCC09:[b199db80-c206-49d0-9080-733e3ea0a692|rpc:10.1.0.14:40813|priority:1|startupRole:FOLLOWER, a499b9c9-aca9-4e4e-999f-20c6bef7822c|rpc:10.1.0.14:34881|priority:0|startupRole:FOLLOWER, f6c9fd2f-7084-461f-8c2a-824e0c2d9f6f|rpc:10.1.0.14:43931|priority:0|startupRole:FOLLOWER] returns group-944D83FFCC09:java.util.concurrent.CompletableFuture@316fd5b3[Not completed]
2022-12-08 07:06:35,191 [pool-497-thread-1] INFO  server.RaftServer$Division (RaftServerImpl.java:<init>(195)) - f6c9fd2f-7084-461f-8c2a-824e0c2d9f6f: new RaftServerImpl for group-944D83FFCC09:[b199db80-c206-49d0-9080-733e3ea0a692|rpc:10.1.0.14:40813|priority:1|startupRole:FOLLOWER, a499b9c9-aca9-4e4e-999f-20c6bef7822c|rpc:10.1.0.14:34881|priority:0|startupRole:FOLLOWER, f6c9fd2f-7084-461f-8c2a-824e0c2d9f6f|rpc:10.1.0.14:43931|priority:0|startupRole:FOLLOWER] with ContainerStateMachine:uninitialized
2022-12-08 07:06:35,192 [pool-497-thread-1] INFO  server.RaftServerConfigKeys (ConfUtils.java:logGet(46)) - raft.server.rpc.timeout.min = 5s (custom)
2022-12-08 07:06:35,192 [pool-497-thread-1] INFO  server.RaftServerConfigKeys (ConfUtils.java:logGet(46)) - raft.server.rpc.timeout.max = 5200ms (custom)
2022-12-08 07:06:35,192 [pool-497-thread-1] INFO  server.RaftServerConfigKeys (ConfUtils.java:logGet(46)) - raft.server.rpc.sleep.time = 25ms (default)
2022-12-08 07:06:35,192 [pool-497-thread-1] INFO  server.RaftServerConfigKeys (ConfUtils.java:logGet(46)) - raft.server.rpc.slowness.timeout = 300s (custom)
2022-12-08 07:06:35,192 [pool-497-thread-1] INFO  server.RaftServerConfigKeys (ConfUtils.java:logGet(46)) - raft.server.leaderelection.leader.step-down.wait-time = 10s (default)
2022-12-08 07:06:35,192 [pool-497-thread-1] INFO  server.RaftServerConfigKeys (ConfUtils.java:logGet(46)) - raft.server.sleep.deviation.threshold = 300ms (default)
2022-12-08 07:06:35,192 [pool-497-thread-1] INFO  server.RaftServer$Division (ServerState.java:<init>(118)) - f6c9fd2f-7084-461f-8c2a-824e0c2d9f6f@group-944D83FFCC09: ConfigurationManager, init=-1: peers:[b199db80-c206-49d0-9080-733e3ea0a692|rpc:10.1.0.14:40813|priority:1|startupRole:FOLLOWER, a499b9c9-aca9-4e4e-999f-20c6bef7822c|rpc:10.1.0.14:34881|priority:0|startupRole:FOLLOWER, f6c9fd2f-7084-461f-8c2a-824e0c2d9f6f|rpc:10.1.0.14:43931|priority:0|startupRole:FOLLOWER]|listeners:[], old=null, confs=<EMPTY_MAP>
2022-12-08 07:06:35,192 [pool-497-thread-1] INFO  server.RaftServerConfigKeys (ConfUtils.java:logGet(46)) - raft.server.storage.dir = [/home/runner/work/ozone/ozone/hadoop-ozone/integration-test/target/test-dir/MiniOzoneClusterImpl-510a2802-165a-4ebd-9ade-f7b35b2c34f6/datanode-3/data/ratis] (custom)
2022-12-08 07:06:35,192 [pool-497-thread-1] INFO  server.RaftServerConfigKeys (ConfUtils.java:logGet(46)) - raft.server.log.corruption.policy = EXCEPTION (default)
2022-12-08 07:06:35,192 [pool-497-thread-1] INFO  server.RaftServerConfigKeys (ConfUtils.java:logGet(46)) - raft.server.storage.free-space.min = 0MB (=0) (default)
2022-12-08 07:06:35,193 [pool-497-thread-1] INFO  server.RaftServerConfigKeys (ConfUtils.java:logGet(46)) - raft.server.notification.no-leader.timeout = 300s (custom)
2022-12-08 07:06:35,193 [pool-497-thread-1] INFO  server.RaftServerConfigKeys (ConfUtils.java:logGet(46)) - raft.server.retrycache.expirytime = 600000ms (custom)
2022-12-08 07:06:35,193 [pool-497-thread-1] INFO  server.RaftServerConfigKeys (ConfUtils.java:logGet(46)) - raft.server.retrycache.statistics.expirytime = 100μs (default)
2022-12-08 07:06:35,195 [pool-497-thread-1] INFO  server.RaftServerConfigKeys (ConfUtils.java:logGet(46)) - raft.server.log.appender.install.snapshot.enabled = false (custom)
2022-12-08 07:06:35,195 [pool-497-thread-1] INFO  server.RaftServerConfigKeys (ConfUtils.java:logGet(46)) - raft.server.threadpool.server.cached = true (default)
2022-12-08 07:06:35,196 [pool-497-thread-1] INFO  server.RaftServerConfigKeys (ConfUtils.java:logGet(46)) - raft.server.threadpool.server.size = 0 (default)
2022-12-08 07:06:35,196 [pool-497-thread-1] INFO  server.RaftServerConfigKeys (ConfUtils.java:logGet(46)) - raft.server.threadpool.client.cached = true (default)
2022-12-08 07:06:35,196 [pool-497-thread-1] INFO  server.RaftServerConfigKeys (ConfUtils.java:logGet(46)) - raft.server.threadpool.client.size = 0 (default)
2022-12-08 07:06:35,196 [pool-497-thread-1] INFO  storage.RaftStorageDirectory (RaftStorageDirectoryImpl.java:analyzeStorage(137)) - The storage directory /home/runner/work/ozone/ozone/hadoop-ozone/integration-test/target/test-dir/MiniOzoneClusterImpl-510a2802-165a-4ebd-9ade-f7b35b2c34f6/datanode-3/data/ratis/eced11bd-d61c-412b-8a18-944d83ffcc09 does not exist. Creating ...
2022-12-08 07:06:35,197 [pool-497-thread-1] INFO  storage.RaftStorageDirectory (RaftStorageDirectoryImpl.java:tryLock(231)) - Lock on /home/runner/work/ozone/ozone/hadoop-ozone/integration-test/target/test-dir/MiniOzoneClusterImpl-510a2802-165a-4ebd-9ade-f7b35b2c34f6/datanode-3/data/ratis/eced11bd-d61c-412b-8a18-944d83ffcc09/in_use.lock acquired by nodename 50697@fv-az165-805
2022-12-08 07:06:35,199 [pool-497-thread-1] INFO  storage.RaftStorage (RaftStorageImpl.java:format(96)) - Storage directory /home/runner/work/ozone/ozone/hadoop-ozone/integration-test/target/test-dir/MiniOzoneClusterImpl-510a2802-165a-4ebd-9ade-f7b35b2c34f6/datanode-3/data/ratis/eced11bd-d61c-412b-8a18-944d83ffcc09 has been successfully formatted.
2022-12-08 07:06:35,199 [pool-497-thread-1] INFO  ratis.ContainerStateMachine (ContainerStateMachine.java:loadSnapshot(236)) - group-944D83FFCC09: The snapshot info is null. Setting the last applied indexto:(t:0, i:~)
2022-12-08 07:06:35,200 [pool-497-thread-1] INFO  server.RaftServerConfigKeys (ConfUtils.java:logGet(46)) - raft.server.log.use.memory = false (default)
2022-12-08 07:06:35,200 [pool-497-thread-1] INFO  server.RaftServerConfigKeys (ConfUtils.java:logGet(46)) - raft.server.log.purge.gap = 1000000 (custom)
2022-12-08 07:06:35,200 [pool-497-thread-1] INFO  server.RaftServerConfigKeys (ConfUtils.java:logGet(46)) - raft.server.log.appender.buffer.byte-limit = 33554432 (custom)
2022-12-08 07:06:35,200 [pool-497-thread-1] INFO  server.RaftServerConfigKeys (ConfUtils.java:logGet(46)) - raft.server.log.statemachine.data.read.timeout = 1000ms (default)
2022-12-08 07:06:35,200 [pool-497-thread-1] INFO  server.RaftServerConfigKeys (ConfUtils.java:logGet(46)) - raft.server.log.purge.preservation.log.num = 0 (default)
2022-12-08 07:06:35,200 [pool-497-thread-1] INFO  server.RaftServerConfigKeys (ConfUtils.java:logGet(46)) - raft.server.log.segment.size.max = 1048576 (custom)
2022-12-08 07:06:35,202 [EventQueue-CommandQueueReportForCommandQueueReportHandler] WARN  events.EventQueue (EventQueue.java:fireEvent(216)) - No event handler registered for event TypedEvent{payloadType=DatanodeDetails, name='Datanode_Command_Queue_Updated'}
2022-12-08 07:06:35,202 [EventQueue-OpenPipelineForHealthyPipelineSafeModeRule] INFO  safemode.SCMSafeModeManager (HealthyPipelineSafeModeRule.java:process(137)) - SCM in safe mode. Healthy pipelines reported count is 0, required healthy pipeline reported count is 1
2022-12-08 07:06:35,203 [EventQueue-CommandQueueReportForCommandQueueReportHandler] WARN  events.EventQueue (EventQueue.java:fireEvent(216)) - No event handler registered for event TypedEvent{payloadType=DatanodeDetails, name='Datanode_Command_Queue_Updated'}
2022-12-08 07:06:35,210 [pool-497-thread-1] INFO  server.RaftServerConfigKeys (ConfUtils.java:logGet(46)) - raft.server.log.segment.cache.num.max = 2 (custom)
2022-12-08 07:06:35,210 [pool-497-thread-1] INFO  server.RaftServerConfigKeys (ConfUtils.java:logGet(46)) - raft.server.log.segment.cache.size.max = 200MB (=209715200) (default)
2022-12-08 07:06:35,210 [pool-497-thread-1] INFO  segmented.SegmentedRaftLogWorker (SegmentedRaftLogWorker.java:<init>(189)) - new f6c9fd2f-7084-461f-8c2a-824e0c2d9f6f@group-944D83FFCC09-SegmentedRaftLogWorker for RaftStorageImpl:Storage Directory /home/runner/work/ozone/ozone/hadoop-ozone/integration-test/target/test-dir/MiniOzoneClusterImpl-510a2802-165a-4ebd-9ade-f7b35b2c34f6/datanode-3/data/ratis/eced11bd-d61c-412b-8a18-944d83ffcc09
2022-12-08 07:06:35,210 [pool-497-thread-1] INFO  server.RaftServerConfigKeys (ConfUtils.java:logGet(46)) - raft.server.log.queue.byte-limit = 4294967296 (custom)
2022-12-08 07:06:35,210 [pool-497-thread-1] INFO  server.RaftServerConfigKeys (ConfUtils.java:logGet(46)) - raft.server.log.queue.element-limit = 1024 (custom)
2022-12-08 07:06:35,210 [pool-497-thread-1] INFO  server.RaftServerConfigKeys (ConfUtils.java:logGet(46)) - raft.server.log.segment.size.max = 1048576 (custom)
2022-12-08 07:06:35,210 [pool-497-thread-1] INFO  server.RaftServerConfigKeys (ConfUtils.java:logGet(46)) - raft.server.log.preallocated.size = 16384 (custom)
2022-12-08 07:06:35,210 [pool-497-thread-1] INFO  server.RaftServerConfigKeys (ConfUtils.java:logGet(46)) - raft.server.log.force.sync.num = 128 (default)
2022-12-08 07:06:35,211 [pool-497-thread-1] INFO  server.RaftServerConfigKeys (ConfUtils.java:logGet(46)) - raft.server.log.statemachine.data.sync = true (default)
2022-12-08 07:06:35,211 [pool-497-thread-1] INFO  server.RaftServerConfigKeys (ConfUtils.java:logGet(46)) - raft.server.log.statemachine.data.sync.timeout = 10s (default)
2022-12-08 07:06:35,211 [pool-497-thread-1] INFO  server.RaftServerConfigKeys (ConfUtils.java:logGet(46)) - raft.server.log.statemachine.data.sync.timeout.retry = -1 (default)
2022-12-08 07:06:35,212 [ContainerReplicationThread-0] INFO  replication.DownloadAndImportReplicator (DownloadAndImportReplicator.java:replicate(105)) - Starting replication of container 4 from [1fec2e66-b36b-410d-a836-56974e80c6bf{ip: 10.1.0.14, host: fv-az165-805.wtg55dazuvhetdvd2gpth4ys5d.dx.internal.cloudapp.net, ports: [REPLICATION=42005, RATIS=40777, RATIS_ADMIN=40777, RATIS_SERVER=40777, STANDALONE=40099], networkLocation: /default-rack, certSerialId: null, persistedOpState: DECOMMISSIONING, persistedOpStateExpiryEpochSec: 0}]
2022-12-08 07:06:35,213 [pool-497-thread-1] INFO  server.RaftServerConfigKeys (ConfUtils.java:logGet(46)) - raft.server.log.write.buffer.size = 1048576 (custom)
2022-12-08 07:06:35,214 [pool-497-thread-1] INFO  server.RaftServerConfigKeys (ConfUtils.java:logGet(46)) - raft.server.log.appender.buffer.byte-limit = 33554432 (custom)
2022-12-08 07:06:35,223 [pool-497-thread-1] INFO  server.RaftServerConfigKeys (ConfUtils.java:logGet(46)) - raft.server.log.unsafe-flush.enabled = false (default)
2022-12-08 07:06:35,223 [pool-497-thread-1] INFO  server.RaftServerConfigKeys (ConfUtils.java:logGet(46)) - raft.server.log.async-flush.enabled = false (default)
2022-12-08 07:06:35,224 [pool-497-thread-1] INFO  server.RaftServerConfigKeys (ConfUtils.java:logGet(46)) - raft.server.log.statemachine.data.caching.enabled = true (custom)
2022-12-08 07:06:35,224 [pool-497-thread-1] INFO  segmented.SegmentedRaftLogWorker (SegmentedRaftLogWorker.java:lambda$new$0(135)) - f6c9fd2f-7084-461f-8c2a-824e0c2d9f6f@group-944D83FFCC09-SegmentedRaftLogWorker: flushIndex: setUnconditionally 0 -> -1
2022-12-08 07:06:35,227 [pool-497-thread-1] INFO  segmented.SegmentedRaftLogWorker (SegmentedRaftLogWorker.java:lambda$new$0(135)) - f6c9fd2f-7084-461f-8c2a-824e0c2d9f6f@group-944D83FFCC09-SegmentedRaftLogWorker: safeCacheEvictIndex: setUnconditionally 0 -> -1
2022-12-08 07:06:35,227 [pool-497-thread-1] INFO  server.RaftServer$Division (RaftServerImpl.java:start(334)) - f6c9fd2f-7084-461f-8c2a-824e0c2d9f6f@group-944D83FFCC09: start as a follower, conf=-1: peers:[b199db80-c206-49d0-9080-733e3ea0a692|rpc:10.1.0.14:40813|priority:1|startupRole:FOLLOWER, a499b9c9-aca9-4e4e-999f-20c6bef7822c|rpc:10.1.0.14:34881|priority:0|startupRole:FOLLOWER, f6c9fd2f-7084-461f-8c2a-824e0c2d9f6f|rpc:10.1.0.14:43931|priority:0|startupRole:FOLLOWER]|listeners:[], old=null
2022-12-08 07:06:35,227 [pool-497-thread-1] INFO  server.RaftServer$Division (RaftServerImpl.java:setRole(321)) - f6c9fd2f-7084-461f-8c2a-824e0c2d9f6f@group-944D83FFCC09: changes role from      null to FOLLOWER at term 0 for startAsFollower
2022-12-08 07:06:35,227 [pool-497-thread-1] INFO  impl.RoleInfo (RoleInfo.java:updateAndGet(139)) - f6c9fd2f-7084-461f-8c2a-824e0c2d9f6f: start f6c9fd2f-7084-461f-8c2a-824e0c2d9f6f@group-944D83FFCC09-FollowerState
2022-12-08 07:06:35,228 [grpc-default-executor-2] INFO  replication.GrpcReplicationService (GrpcReplicationService.java:download(52)) - Streaming container data (4) to other datanode
2022-12-08 07:06:35,230 [pool-497-thread-1] INFO  util.JmxRegister (JmxRegister.java:tryRegister(44)) - Successfully registered JMX Bean with object name Ratis:service=RaftServer,group=group-944D83FFCC09,id=f6c9fd2f-7084-461f-8c2a-824e0c2d9f6f
2022-12-08 07:06:35,231 [pool-497-thread-1] INFO  server.RaftServerConfigKeys (ConfUtils.java:logGet(46)) - raft.server.snapshot.auto.trigger.enabled = true (custom)
2022-12-08 07:06:35,231 [pool-497-thread-1] INFO  server.RaftServerConfigKeys (ConfUtils.java:logGet(46)) - raft.server.snapshot.auto.trigger.threshold = 10000 (custom)
2022-12-08 07:06:35,231 [pool-497-thread-1] INFO  server.RaftServerConfigKeys (ConfUtils.java:logGet(46)) - raft.server.snapshot.retention.file.num = 5 (custom)
2022-12-08 07:06:35,231 [pool-497-thread-1] INFO  server.RaftServerConfigKeys (ConfUtils.java:logGet(46)) - raft.server.log.purge.upto.snapshot.index = false (default)
2022-12-08 07:06:35,232 [f6c9fd2f-7084-461f-8c2a-824e0c2d9f6f@group-944D83FFCC09-FollowerState] INFO  server.RaftServerConfigKeys (ConfUtils.java:logFallback(53)) - raft.server.rpc.first-election.timeout.min = 5s (fallback to raft.server.rpc.timeout.min)
2022-12-08 07:06:35,232 [f6c9fd2f-7084-461f-8c2a-824e0c2d9f6f@group-944D83FFCC09-FollowerState] INFO  server.RaftServerConfigKeys (ConfUtils.java:logFallback(53)) - raft.server.rpc.first-election.timeout.max = 5200ms (fallback to raft.server.rpc.timeout.max)
2022-12-08 07:06:35,240 [Command processor thread] INFO  ratis.XceiverServerRatis (XceiverServerRatis.java:addGroup(765)) - Created group PipelineID=eced11bd-d61c-412b-8a18-944d83ffcc09
2022-12-08 07:06:35,245 [grpc-default-executor-2] INFO  replication.GrpcOutputStream (GrpcOutputStream.java:close(104)) - Sent 1680 bytes for container 4
2022-12-08 07:06:35,246 [grpc-default-executor-5] INFO  replication.GrpcReplicationClient (GrpcReplicationClient.java:onCompleted(197)) - Container 4 is downloaded to /home/runner/work/ozone/ozone/hadoop-ozone/integration-test/target/test-dir/MiniOzoneClusterImpl-3253a570-fb02-4895-b12a-309bd2ff2d50/datanode-6/data/replication/work/container-4.tar.gz
2022-12-08 07:06:35,255 [ContainerReplicationThread-0] INFO  replication.DownloadAndImportReplicator (DownloadAndImportReplicator.java:replicate(117)) - Container 4 is downloaded with size 1680, starting to import.
2022-12-08 07:06:35,263 [Over Replicated Processor] INFO  replication.OverReplicatedProcessor (OverReplicatedProcessor.java:processAll(79)) - Processed 0 over replicated containers, failed processing 0
2022-12-08 07:06:35,270 [EventQueue-CommandQueueReportForCommandQueueReportHandler] WARN  events.EventQueue (EventQueue.java:fireEvent(216)) - No event handler registered for event TypedEvent{payloadType=DatanodeDetails, name='Datanode_Command_Queue_Updated'}
2022-12-08 07:06:35,271 [EventQueue-OpenPipelineForHealthyPipelineSafeModeRule] INFO  safemode.SCMSafeModeManager (HealthyPipelineSafeModeRule.java:process(137)) - SCM in safe mode. Healthy pipelines reported count is 0, required healthy pipeline reported count is 1
2022-12-08 07:06:35,274 [grpc-default-executor-2] INFO  server.RaftServer (RaftServerProxy.java:addNew(96)) - a499b9c9-aca9-4e4e-999f-20c6bef7822c: addNew group-944D83FFCC09:[b199db80-c206-49d0-9080-733e3ea0a692|rpc:10.1.0.14:40813|dataStream:|priority:1|startupRole:FOLLOWER, a499b9c9-aca9-4e4e-999f-20c6bef7822c|rpc:10.1.0.14:34881|dataStream:|priority:0|startupRole:FOLLOWER, f6c9fd2f-7084-461f-8c2a-824e0c2d9f6f|rpc:10.1.0.14:43931|dataStream:|priority:0|startupRole:FOLLOWER] returns group-944D83FFCC09:java.util.concurrent.CompletableFuture@6607e0fb[Not completed]
2022-12-08 07:06:35,281 [pool-560-thread-1] INFO  server.RaftServer$Division (RaftServerImpl.java:<init>(195)) - a499b9c9-aca9-4e4e-999f-20c6bef7822c: new RaftServerImpl for group-944D83FFCC09:[b199db80-c206-49d0-9080-733e3ea0a692|rpc:10.1.0.14:40813|dataStream:|priority:1|startupRole:FOLLOWER, a499b9c9-aca9-4e4e-999f-20c6bef7822c|rpc:10.1.0.14:34881|dataStream:|priority:0|startupRole:FOLLOWER, f6c9fd2f-7084-461f-8c2a-824e0c2d9f6f|rpc:10.1.0.14:43931|dataStream:|priority:0|startupRole:FOLLOWER] with ContainerStateMachine:uninitialized
2022-12-08 07:06:35,282 [pool-560-thread-1] INFO  server.RaftServerConfigKeys (ConfUtils.java:logGet(46)) - raft.server.rpc.timeout.min = 5s (custom)
2022-12-08 07:06:35,282 [pool-560-thread-1] INFO  server.RaftServerConfigKeys (ConfUtils.java:logGet(46)) - raft.server.rpc.timeout.max = 5200ms (custom)
2022-12-08 07:06:35,282 [pool-560-thread-1] INFO  server.RaftServerConfigKeys (ConfUtils.java:logGet(46)) - raft.server.rpc.sleep.time = 25ms (default)
2022-12-08 07:06:35,282 [pool-560-thread-1] INFO  server.RaftServerConfigKeys (ConfUtils.java:logGet(46)) - raft.server.rpc.slowness.timeout = 300s (custom)
2022-12-08 07:06:35,283 [pool-560-thread-1] INFO  server.RaftServerConfigKeys (ConfUtils.java:logGet(46)) - raft.server.leaderelection.leader.step-down.wait-time = 10s (default)
2022-12-08 07:06:35,283 [pool-560-thread-1] INFO  server.RaftServerConfigKeys (ConfUtils.java:logGet(46)) - raft.server.sleep.deviation.threshold = 300ms (default)
2022-12-08 07:06:35,283 [pool-560-thread-1] INFO  server.RaftServer$Division (ServerState.java:<init>(118)) - a499b9c9-aca9-4e4e-999f-20c6bef7822c@group-944D83FFCC09: ConfigurationManager, init=-1: peers:[b199db80-c206-49d0-9080-733e3ea0a692|rpc:10.1.0.14:40813|dataStream:|priority:1|startupRole:FOLLOWER, a499b9c9-aca9-4e4e-999f-20c6bef7822c|rpc:10.1.0.14:34881|dataStream:|priority:0|startupRole:FOLLOWER, f6c9fd2f-7084-461f-8c2a-824e0c2d9f6f|rpc:10.1.0.14:43931|dataStream:|priority:0|startupRole:FOLLOWER]|listeners:[], old=null, confs=<EMPTY_MAP>
2022-12-08 07:06:35,284 [pool-560-thread-1] INFO  server.RaftServerConfigKeys (ConfUtils.java:logGet(46)) - raft.server.storage.dir = [/home/runner/work/ozone/ozone/hadoop-ozone/integration-test/target/test-dir/MiniOzoneClusterImpl-510a2802-165a-4ebd-9ade-f7b35b2c34f6/datanode-4/data/ratis] (custom)
2022-12-08 07:06:35,284 [pool-560-thread-1] INFO  server.RaftServerConfigKeys (ConfUtils.java:logGet(46)) - raft.server.log.corruption.policy = EXCEPTION (default)
2022-12-08 07:06:35,284 [pool-560-thread-1] INFO  server.RaftServerConfigKeys (ConfUtils.java:logGet(46)) - raft.server.storage.free-space.min = 0MB (=0) (default)
2022-12-08 07:06:35,284 [pool-560-thread-1] INFO  server.RaftServerConfigKeys (ConfUtils.java:logGet(46)) - raft.server.notification.no-leader.timeout = 300s (custom)
2022-12-08 07:06:35,284 [pool-560-thread-1] INFO  server.RaftServerConfigKeys (ConfUtils.java:logGet(46)) - raft.server.retrycache.expirytime = 600000ms (custom)
2022-12-08 07:06:35,284 [pool-560-thread-1] INFO  server.RaftServerConfigKeys (ConfUtils.java:logGet(46)) - raft.server.retrycache.statistics.expirytime = 100μs (default)
2022-12-08 07:06:35,288 [pool-560-thread-1] INFO  server.RaftServerConfigKeys (ConfUtils.java:logGet(46)) - raft.server.log.appender.install.snapshot.enabled = false (custom)
2022-12-08 07:06:35,288 [pool-560-thread-1] INFO  server.RaftServerConfigKeys (ConfUtils.java:logGet(46)) - raft.server.threadpool.server.cached = true (default)
2022-12-08 07:06:35,288 [pool-560-thread-1] INFO  server.RaftServerConfigKeys (ConfUtils.java:logGet(46)) - raft.server.threadpool.server.size = 0 (default)
2022-12-08 07:06:35,288 [pool-560-thread-1] INFO  server.RaftServerConfigKeys (ConfUtils.java:logGet(46)) - raft.server.threadpool.client.cached = true (default)
2022-12-08 07:06:35,288 [pool-560-thread-1] INFO  server.RaftServerConfigKeys (ConfUtils.java:logGet(46)) - raft.server.threadpool.client.size = 0 (default)
2022-12-08 07:06:35,288 [pool-560-thread-1] INFO  storage.RaftStorageDirectory (RaftStorageDirectoryImpl.java:analyzeStorage(137)) - The storage directory /home/runner/work/ozone/ozone/hadoop-ozone/integration-test/target/test-dir/MiniOzoneClusterImpl-510a2802-165a-4ebd-9ade-f7b35b2c34f6/datanode-4/data/ratis/eced11bd-d61c-412b-8a18-944d83ffcc09 does not exist. Creating ...
2022-12-08 07:06:35,292 [ContainerReplicationThread-0] INFO  replication.DownloadAndImportReplicator (DownloadAndImportReplicator.java:replicate(122)) - Container 4 is replicated successfully
2022-12-08 07:06:35,292 [ContainerReplicationThread-0] INFO  replication.ReplicationSupervisor (ReplicationSupervisor.java:run(176)) - Container 4 is replicated.
2022-12-08 07:06:35,293 [EventQueue-CommandQueueReportForCommandQueueReportHandler] WARN  events.EventQueue (EventQueue.java:fireEvent(216)) - No event handler registered for event TypedEvent{payloadType=DatanodeDetails, name='Datanode_Command_Queue_Updated'}
2022-12-08 07:06:35,294 [pool-560-thread-1] INFO  storage.RaftStorageDirectory (RaftStorageDirectoryImpl.java:tryLock(231)) - Lock on /home/runner/work/ozone/ozone/hadoop-ozone/integration-test/target/test-dir/MiniOzoneClusterImpl-510a2802-165a-4ebd-9ade-f7b35b2c34f6/datanode-4/data/ratis/eced11bd-d61c-412b-8a18-944d83ffcc09/in_use.lock acquired by nodename 50697@fv-az165-805
2022-12-08 07:06:35,298 [pool-560-thread-1] INFO  storage.RaftStorage (RaftStorageImpl.java:format(96)) - Storage directory /home/runner/work/ozone/ozone/hadoop-ozone/integration-test/target/test-dir/MiniOzoneClusterImpl-510a2802-165a-4ebd-9ade-f7b35b2c34f6/datanode-4/data/ratis/eced11bd-d61c-412b-8a18-944d83ffcc09 has been successfully formatted.
2022-12-08 07:06:35,299 [pool-560-thread-1] INFO  ratis.ContainerStateMachine (ContainerStateMachine.java:loadSnapshot(236)) - group-944D83FFCC09: The snapshot info is null. Setting the last applied indexto:(t:0, i:~)
2022-12-08 07:06:35,299 [pool-560-thread-1] INFO  server.RaftServerConfigKeys (ConfUtils.java:logGet(46)) - raft.server.log.use.memory = false (default)
2022-12-08 07:06:35,299 [pool-560-thread-1] INFO  server.RaftServerConfigKeys (ConfUtils.java:logGet(46)) - raft.server.log.purge.gap = 1000000 (custom)
2022-12-08 07:06:35,300 [pool-560-thread-1] INFO  server.RaftServerConfigKeys (ConfUtils.java:logGet(46)) - raft.server.log.appender.buffer.byte-limit = 33554432 (custom)
2022-12-08 07:06:35,300 [pool-560-thread-1] INFO  server.RaftServerConfigKeys (ConfUtils.java:logGet(46)) - raft.server.log.statemachine.data.read.timeout = 1000ms (default)
2022-12-08 07:06:35,300 [pool-560-thread-1] INFO  server.RaftServerConfigKeys (ConfUtils.java:logGet(46)) - raft.server.log.purge.preservation.log.num = 0 (default)
2022-12-08 07:06:35,300 [pool-560-thread-1] INFO  server.RaftServerConfigKeys (ConfUtils.java:logGet(46)) - raft.server.log.segment.size.max = 1048576 (custom)
2022-12-08 07:06:35,301 [EventQueue-CommandQueueReportForCommandQueueReportHandler] WARN  events.EventQueue (EventQueue.java:fireEvent(216)) - No event handler registered for event TypedEvent{payloadType=DatanodeDetails, name='Datanode_Command_Queue_Updated'}
2022-12-08 07:06:35,301 [pool-560-thread-1] INFO  server.RaftServerConfigKeys (ConfUtils.java:logGet(46)) - raft.server.log.segment.cache.num.max = 2 (custom)
2022-12-08 07:06:35,302 [pool-560-thread-1] INFO  server.RaftServerConfigKeys (ConfUtils.java:logGet(46)) - raft.server.log.segment.cache.size.max = 200MB (=209715200) (default)
2022-12-08 07:06:35,302 [pool-560-thread-1] INFO  segmented.SegmentedRaftLogWorker (SegmentedRaftLogWorker.java:<init>(189)) - new a499b9c9-aca9-4e4e-999f-20c6bef7822c@group-944D83FFCC09-SegmentedRaftLogWorker for RaftStorageImpl:Storage Directory /home/runner/work/ozone/ozone/hadoop-ozone/integration-test/target/test-dir/MiniOzoneClusterImpl-510a2802-165a-4ebd-9ade-f7b35b2c34f6/datanode-4/data/ratis/eced11bd-d61c-412b-8a18-944d83ffcc09
2022-12-08 07:06:35,302 [pool-560-thread-1] INFO  server.RaftServerConfigKeys (ConfUtils.java:logGet(46)) - raft.server.log.queue.byte-limit = 4294967296 (custom)
2022-12-08 07:06:35,302 [pool-560-thread-1] INFO  server.RaftServerConfigKeys (ConfUtils.java:logGet(46)) - raft.server.log.queue.element-limit = 1024 (custom)
2022-12-08 07:06:35,302 [pool-560-thread-1] INFO  server.RaftServerConfigKeys (ConfUtils.java:logGet(46)) - raft.server.log.segment.size.max = 1048576 (custom)
2022-12-08 07:06:35,302 [pool-560-thread-1] INFO  server.RaftServerConfigKeys (ConfUtils.java:logGet(46)) - raft.server.log.preallocated.size = 16384 (custom)
2022-12-08 07:06:35,302 [pool-560-thread-1] INFO  server.RaftServerConfigKeys (ConfUtils.java:logGet(46)) - raft.server.log.force.sync.num = 128 (default)
2022-12-08 07:06:35,302 [pool-560-thread-1] INFO  server.RaftServerConfigKeys (ConfUtils.java:logGet(46)) - raft.server.log.statemachine.data.sync = true (default)
2022-12-08 07:06:35,302 [pool-560-thread-1] INFO  server.RaftServerConfigKeys (ConfUtils.java:logGet(46)) - raft.server.log.statemachine.data.sync.timeout = 10s (default)
2022-12-08 07:06:35,302 [pool-560-thread-1] INFO  server.RaftServerConfigKeys (ConfUtils.java:logGet(46)) - raft.server.log.statemachine.data.sync.timeout.retry = -1 (default)
2022-12-08 07:06:35,304 [pool-560-thread-1] INFO  server.RaftServerConfigKeys (ConfUtils.java:logGet(46)) - raft.server.log.write.buffer.size = 1048576 (custom)
2022-12-08 07:06:35,305 [pool-560-thread-1] INFO  server.RaftServerConfigKeys (ConfUtils.java:logGet(46)) - raft.server.log.appender.buffer.byte-limit = 33554432 (custom)
2022-12-08 07:06:35,312 [pool-560-thread-1] INFO  server.RaftServerConfigKeys (ConfUtils.java:logGet(46)) - raft.server.log.unsafe-flush.enabled = false (default)
2022-12-08 07:06:35,312 [pool-560-thread-1] INFO  server.RaftServerConfigKeys (ConfUtils.java:logGet(46)) - raft.server.log.async-flush.enabled = false (default)
2022-12-08 07:06:35,312 [pool-560-thread-1] INFO  server.RaftServerConfigKeys (ConfUtils.java:logGet(46)) - raft.server.log.statemachine.data.caching.enabled = true (custom)
2022-12-08 07:06:35,312 [pool-560-thread-1] INFO  segmented.SegmentedRaftLogWorker (SegmentedRaftLogWorker.java:lambda$new$0(135)) - a499b9c9-aca9-4e4e-999f-20c6bef7822c@group-944D83FFCC09-SegmentedRaftLogWorker: flushIndex: setUnconditionally 0 -> -1
2022-12-08 07:06:35,313 [pool-560-thread-1] INFO  segmented.SegmentedRaftLogWorker (SegmentedRaftLogWorker.java:lambda$new$0(135)) - a499b9c9-aca9-4e4e-999f-20c6bef7822c@group-944D83FFCC09-SegmentedRaftLogWorker: safeCacheEvictIndex: setUnconditionally 0 -> -1
2022-12-08 07:06:35,313 [pool-560-thread-1] INFO  server.RaftServer$Division (RaftServerImpl.java:start(334)) - a499b9c9-aca9-4e4e-999f-20c6bef7822c@group-944D83FFCC09: start as a follower, conf=-1: peers:[b199db80-c206-49d0-9080-733e3ea0a692|rpc:10.1.0.14:40813|dataStream:|priority:1|startupRole:FOLLOWER, a499b9c9-aca9-4e4e-999f-20c6bef7822c|rpc:10.1.0.14:34881|dataStream:|priority:0|startupRole:FOLLOWER, f6c9fd2f-7084-461f-8c2a-824e0c2d9f6f|rpc:10.1.0.14:43931|dataStream:|priority:0|startupRole:FOLLOWER]|listeners:[], old=null
2022-12-08 07:06:35,313 [pool-560-thread-1] INFO  server.RaftServer$Division (RaftServerImpl.java:setRole(321)) - a499b9c9-aca9-4e4e-999f-20c6bef7822c@group-944D83FFCC09: changes role from      null to FOLLOWER at term 0 for startAsFollower
2022-12-08 07:06:35,313 [pool-560-thread-1] INFO  impl.RoleInfo (RoleInfo.java:updateAndGet(139)) - a499b9c9-aca9-4e4e-999f-20c6bef7822c: start a499b9c9-aca9-4e4e-999f-20c6bef7822c@group-944D83FFCC09-FollowerState
2022-12-08 07:06:35,314 [pool-560-thread-1] INFO  util.JmxRegister (JmxRegister.java:tryRegister(44)) - Successfully registered JMX Bean with object name Ratis:service=RaftServer,group=group-944D83FFCC09,id=a499b9c9-aca9-4e4e-999f-20c6bef7822c
2022-12-08 07:06:35,314 [pool-560-thread-1] INFO  server.RaftServerConfigKeys (ConfUtils.java:logGet(46)) - raft.server.snapshot.auto.trigger.enabled = true (custom)
2022-12-08 07:06:35,315 [pool-560-thread-1] INFO  server.RaftServerConfigKeys (ConfUtils.java:logGet(46)) - raft.server.snapshot.auto.trigger.threshold = 10000 (custom)
2022-12-08 07:06:35,315 [pool-560-thread-1] INFO  server.RaftServerConfigKeys (ConfUtils.java:logGet(46)) - raft.server.snapshot.retention.file.num = 5 (custom)
2022-12-08 07:06:35,315 [pool-560-thread-1] INFO  server.RaftServerConfigKeys (ConfUtils.java:logGet(46)) - raft.server.log.purge.upto.snapshot.index = false (default)
2022-12-08 07:06:35,316 [a499b9c9-aca9-4e4e-999f-20c6bef7822c@group-944D83FFCC09-FollowerState] INFO  server.RaftServerConfigKeys (ConfUtils.java:logFallback(53)) - raft.server.rpc.first-election.timeout.min = 5s (fallback to raft.server.rpc.timeout.min)
2022-12-08 07:06:35,316 [a499b9c9-aca9-4e4e-999f-20c6bef7822c@group-944D83FFCC09-FollowerState] INFO  server.RaftServerConfigKeys (ConfUtils.java:logFallback(53)) - raft.server.rpc.first-election.timeout.max = 5200ms (fallback to raft.server.rpc.timeout.max)
2022-12-08 07:06:35,334 [EventQueue-CommandQueueReportForCommandQueueReportHandler] WARN  events.EventQueue (EventQueue.java:fireEvent(216)) - No event handler registered for event TypedEvent{payloadType=DatanodeDetails, name='Datanode_Command_Queue_Updated'}
2022-12-08 07:06:35,336 [EventQueue-CommandQueueReportForCommandQueueReportHandler] WARN  events.EventQueue (EventQueue.java:fireEvent(216)) - No event handler registered for event TypedEvent{payloadType=DatanodeDetails, name='Datanode_Command_Queue_Updated'}
2022-12-08 07:06:35,336 [EventQueue-OpenPipelineForHealthyPipelineSafeModeRule] INFO  safemode.SCMSafeModeManager (HealthyPipelineSafeModeRule.java:process(137)) - SCM in safe mode. Healthy pipelines reported count is 0, required healthy pipeline reported count is 1
2022-12-08 07:06:35,343 [grpc-default-executor-2] INFO  server.RaftServer (RaftServerProxy.java:addNew(96)) - b199db80-c206-49d0-9080-733e3ea0a692: addNew group-944D83FFCC09:[b199db80-c206-49d0-9080-733e3ea0a692|rpc:10.1.0.14:40813|dataStream:|priority:1|startupRole:FOLLOWER, a499b9c9-aca9-4e4e-999f-20c6bef7822c|rpc:10.1.0.14:34881|dataStream:|priority:0|startupRole:FOLLOWER, f6c9fd2f-7084-461f-8c2a-824e0c2d9f6f|rpc:10.1.0.14:43931|dataStream:|priority:0|startupRole:FOLLOWER] returns group-944D83FFCC09:java.util.concurrent.CompletableFuture@6036d14[Not completed]
2022-12-08 07:06:35,345 [pool-589-thread-1] INFO  server.RaftServer$Division (RaftServerImpl.java:<init>(195)) - b199db80-c206-49d0-9080-733e3ea0a692: new RaftServerImpl for group-944D83FFCC09:[b199db80-c206-49d0-9080-733e3ea0a692|rpc:10.1.0.14:40813|dataStream:|priority:1|startupRole:FOLLOWER, a499b9c9-aca9-4e4e-999f-20c6bef7822c|rpc:10.1.0.14:34881|dataStream:|priority:0|startupRole:FOLLOWER, f6c9fd2f-7084-461f-8c2a-824e0c2d9f6f|rpc:10.1.0.14:43931|dataStream:|priority:0|startupRole:FOLLOWER] with ContainerStateMachine:uninitialized
2022-12-08 07:06:35,345 [pool-589-thread-1] INFO  server.RaftServerConfigKeys (ConfUtils.java:logGet(46)) - raft.server.rpc.timeout.min = 5s (custom)
2022-12-08 07:06:35,345 [pool-589-thread-1] INFO  server.RaftServerConfigKeys (ConfUtils.java:logGet(46)) - raft.server.rpc.timeout.max = 5200ms (custom)
2022-12-08 07:06:35,346 [pool-589-thread-1] INFO  server.RaftServerConfigKeys (ConfUtils.java:logGet(46)) - raft.server.rpc.sleep.time = 25ms (default)
2022-12-08 07:06:35,346 [pool-589-thread-1] INFO  server.RaftServerConfigKeys (ConfUtils.java:logGet(46)) - raft.server.rpc.slowness.timeout = 300s (custom)
2022-12-08 07:06:35,346 [pool-589-thread-1] INFO  server.RaftServerConfigKeys (ConfUtils.java:logGet(46)) - raft.server.leaderelection.leader.step-down.wait-time = 10s (default)
2022-12-08 07:06:35,346 [pool-589-thread-1] INFO  server.RaftServerConfigKeys (ConfUtils.java:logGet(46)) - raft.server.sleep.deviation.threshold = 300ms (default)
2022-12-08 07:06:35,346 [pool-589-thread-1] INFO  server.RaftServer$Division (ServerState.java:<init>(118)) - b199db80-c206-49d0-9080-733e3ea0a692@group-944D83FFCC09: ConfigurationManager, init=-1: peers:[b199db80-c206-49d0-9080-733e3ea0a692|rpc:10.1.0.14:40813|dataStream:|priority:1|startupRole:FOLLOWER, a499b9c9-aca9-4e4e-999f-20c6bef7822c|rpc:10.1.0.14:34881|dataStream:|priority:0|startupRole:FOLLOWER, f6c9fd2f-7084-461f-8c2a-824e0c2d9f6f|rpc:10.1.0.14:43931|dataStream:|priority:0|startupRole:FOLLOWER]|listeners:[], old=null, confs=<EMPTY_MAP>
2022-12-08 07:06:35,349 [pool-589-thread-1] INFO  server.RaftServerConfigKeys (ConfUtils.java:logGet(46)) - raft.server.storage.dir = [/home/runner/work/ozone/ozone/hadoop-ozone/integration-test/target/test-dir/MiniOzoneClusterImpl-510a2802-165a-4ebd-9ade-f7b35b2c34f6/datanode-5/data/ratis] (custom)
2022-12-08 07:06:35,350 [pool-589-thread-1] INFO  server.RaftServerConfigKeys (ConfUtils.java:logGet(46)) - raft.server.log.corruption.policy = EXCEPTION (default)
2022-12-08 07:06:35,350 [pool-589-thread-1] INFO  server.RaftServerConfigKeys (ConfUtils.java:logGet(46)) - raft.server.storage.free-space.min = 0MB (=0) (default)
2022-12-08 07:06:35,350 [pool-589-thread-1] INFO  server.RaftServerConfigKeys (ConfUtils.java:logGet(46)) - raft.server.notification.no-leader.timeout = 300s (custom)
2022-12-08 07:06:35,350 [pool-589-thread-1] INFO  server.RaftServerConfigKeys (ConfUtils.java:logGet(46)) - raft.server.retrycache.expirytime = 600000ms (custom)
2022-12-08 07:06:35,350 [pool-589-thread-1] INFO  server.RaftServerConfigKeys (ConfUtils.java:logGet(46)) - raft.server.retrycache.statistics.expirytime = 100μs (default)
2022-12-08 07:06:35,353 [pool-589-thread-1] INFO  server.RaftServerConfigKeys (ConfUtils.java:logGet(46)) - raft.server.log.appender.install.snapshot.enabled = false (custom)
2022-12-08 07:06:35,353 [pool-589-thread-1] INFO  server.RaftServerConfigKeys (ConfUtils.java:logGet(46)) - raft.server.threadpool.server.cached = true (default)
2022-12-08 07:06:35,353 [pool-589-thread-1] INFO  server.RaftServerConfigKeys (ConfUtils.java:logGet(46)) - raft.server.threadpool.server.size = 0 (default)
2022-12-08 07:06:35,353 [pool-589-thread-1] INFO  server.RaftServerConfigKeys (ConfUtils.java:logGet(46)) - raft.server.threadpool.client.cached = true (default)
2022-12-08 07:06:35,353 [pool-589-thread-1] INFO  server.RaftServerConfigKeys (ConfUtils.java:logGet(46)) - raft.server.threadpool.client.size = 0 (default)
2022-12-08 07:06:35,353 [pool-589-thread-1] INFO  storage.RaftStorageDirectory (RaftStorageDirectoryImpl.java:analyzeStorage(137)) - The storage directory /home/runner/work/ozone/ozone/hadoop-ozone/integration-test/target/test-dir/MiniOzoneClusterImpl-510a2802-165a-4ebd-9ade-f7b35b2c34f6/datanode-5/data/ratis/eced11bd-d61c-412b-8a18-944d83ffcc09 does not exist. Creating ...
2022-12-08 07:06:35,356 [EventQueue-CommandQueueReportForCommandQueueReportHandler] WARN  events.EventQueue (EventQueue.java:fireEvent(216)) - No event handler registered for event TypedEvent{payloadType=DatanodeDetails, name='Datanode_Command_Queue_Updated'}
2022-12-08 07:06:35,356 [pool-589-thread-1] INFO  storage.RaftStorageDirectory (RaftStorageDirectoryImpl.java:tryLock(231)) - Lock on /home/runner/work/ozone/ozone/hadoop-ozone/integration-test/target/test-dir/MiniOzoneClusterImpl-510a2802-165a-4ebd-9ade-f7b35b2c34f6/datanode-5/data/ratis/eced11bd-d61c-412b-8a18-944d83ffcc09/in_use.lock acquired by nodename 50697@fv-az165-805
2022-12-08 07:06:35,358 [pool-589-thread-1] INFO  storage.RaftStorage (RaftStorageImpl.java:format(96)) - Storage directory /home/runner/work/ozone/ozone/hadoop-ozone/integration-test/target/test-dir/MiniOzoneClusterImpl-510a2802-165a-4ebd-9ade-f7b35b2c34f6/datanode-5/data/ratis/eced11bd-d61c-412b-8a18-944d83ffcc09 has been successfully formatted.
2022-12-08 07:06:35,358 [pool-589-thread-1] INFO  ratis.ContainerStateMachine (ContainerStateMachine.java:loadSnapshot(236)) - group-944D83FFCC09: The snapshot info is null. Setting the last applied indexto:(t:0, i:~)
2022-12-08 07:06:35,358 [pool-589-thread-1] INFO  server.RaftServerConfigKeys (ConfUtils.java:logGet(46)) - raft.server.log.use.memory = false (default)
2022-12-08 07:06:35,359 [pool-589-thread-1] INFO  server.RaftServerConfigKeys (ConfUtils.java:logGet(46)) - raft.server.log.purge.gap = 1000000 (custom)
2022-12-08 07:06:35,360 [EventQueue-CommandQueueReportForCommandQueueReportHandler] WARN  events.EventQueue (EventQueue.java:fireEvent(216)) - No event handler registered for event TypedEvent{payloadType=DatanodeDetails, name='Datanode_Command_Queue_Updated'}
2022-12-08 07:06:35,361 [pool-589-thread-1] INFO  server.RaftServerConfigKeys (ConfUtils.java:logGet(46)) - raft.server.log.appender.buffer.byte-limit = 33554432 (custom)
2022-12-08 07:06:35,361 [pool-589-thread-1] INFO  server.RaftServerConfigKeys (ConfUtils.java:logGet(46)) - raft.server.log.statemachine.data.read.timeout = 1000ms (default)
2022-12-08 07:06:35,361 [pool-589-thread-1] INFO  server.RaftServerConfigKeys (ConfUtils.java:logGet(46)) - raft.server.log.purge.preservation.log.num = 0 (default)
2022-12-08 07:06:35,362 [pool-589-thread-1] INFO  server.RaftServerConfigKeys (ConfUtils.java:logGet(46)) - raft.server.log.segment.size.max = 1048576 (custom)
2022-12-08 07:06:35,362 [pool-589-thread-1] INFO  server.RaftServerConfigKeys (ConfUtils.java:logGet(46)) - raft.server.log.segment.cache.num.max = 2 (custom)
2022-12-08 07:06:35,363 [pool-589-thread-1] INFO  server.RaftServerConfigKeys (ConfUtils.java:logGet(46)) - raft.server.log.segment.cache.size.max = 200MB (=209715200) (default)
2022-12-08 07:06:35,363 [pool-589-thread-1] INFO  segmented.SegmentedRaftLogWorker (SegmentedRaftLogWorker.java:<init>(189)) - new b199db80-c206-49d0-9080-733e3ea0a692@group-944D83FFCC09-SegmentedRaftLogWorker for RaftStorageImpl:Storage Directory /home/runner/work/ozone/ozone/hadoop-ozone/integration-test/target/test-dir/MiniOzoneClusterImpl-510a2802-165a-4ebd-9ade-f7b35b2c34f6/datanode-5/data/ratis/eced11bd-d61c-412b-8a18-944d83ffcc09
2022-12-08 07:06:35,363 [pool-589-thread-1] INFO  server.RaftServerConfigKeys (ConfUtils.java:logGet(46)) - raft.server.log.queue.byte-limit = 4294967296 (custom)
2022-12-08 07:06:35,363 [pool-589-thread-1] INFO  server.RaftServerConfigKeys (ConfUtils.java:logGet(46)) - raft.server.log.queue.element-limit = 1024 (custom)
2022-12-08 07:06:35,363 [pool-589-thread-1] INFO  server.RaftServerConfigKeys (ConfUtils.java:logGet(46)) - raft.server.log.segment.size.max = 1048576 (custom)
2022-12-08 07:06:35,363 [pool-589-thread-1] INFO  server.RaftServerConfigKeys (ConfUtils.java:logGet(46)) - raft.server.log.preallocated.size = 16384 (custom)
2022-12-08 07:06:35,363 [pool-589-thread-1] INFO  server.RaftServerConfigKeys (ConfUtils.java:logGet(46)) - raft.server.log.force.sync.num = 128 (default)
2022-12-08 07:06:35,363 [pool-589-thread-1] INFO  server.RaftServerConfigKeys (ConfUtils.java:logGet(46)) - raft.server.log.statemachine.data.sync = true (default)
2022-12-08 07:06:35,363 [pool-589-thread-1] INFO  server.RaftServerConfigKeys (ConfUtils.java:logGet(46)) - raft.server.log.statemachine.data.sync.timeout = 10s (default)
2022-12-08 07:06:35,363 [pool-589-thread-1] INFO  server.RaftServerConfigKeys (ConfUtils.java:logGet(46)) - raft.server.log.statemachine.data.sync.timeout.retry = -1 (default)
2022-12-08 07:06:35,365 [pool-589-thread-1] INFO  server.RaftServerConfigKeys (ConfUtils.java:logGet(46)) - raft.server.log.write.buffer.size = 1048576 (custom)
2022-12-08 07:06:35,366 [pool-589-thread-1] INFO  server.RaftServerConfigKeys (ConfUtils.java:logGet(46)) - raft.server.log.appender.buffer.byte-limit = 33554432 (custom)
2022-12-08 07:06:35,374 [pool-589-thread-1] INFO  server.RaftServerConfigKeys (ConfUtils.java:logGet(46)) - raft.server.log.unsafe-flush.enabled = false (default)
2022-12-08 07:06:35,374 [pool-589-thread-1] INFO  server.RaftServerConfigKeys (ConfUtils.java:logGet(46)) - raft.server.log.async-flush.enabled = false (default)
2022-12-08 07:06:35,374 [pool-589-thread-1] INFO  server.RaftServerConfigKeys (ConfUtils.java:logGet(46)) - raft.server.log.statemachine.data.caching.enabled = true (custom)
2022-12-08 07:06:35,374 [pool-589-thread-1] INFO  segmented.SegmentedRaftLogWorker (SegmentedRaftLogWorker.java:lambda$new$0(135)) - b199db80-c206-49d0-9080-733e3ea0a692@group-944D83FFCC09-SegmentedRaftLogWorker: flushIndex: setUnconditionally 0 -> -1
2022-12-08 07:06:35,375 [pool-589-thread-1] INFO  segmented.SegmentedRaftLogWorker (SegmentedRaftLogWorker.java:lambda$new$0(135)) - b199db80-c206-49d0-9080-733e3ea0a692@group-944D83FFCC09-SegmentedRaftLogWorker: safeCacheEvictIndex: setUnconditionally 0 -> -1
2022-12-08 07:06:35,382 [pool-589-thread-1] INFO  server.RaftServer$Division (RaftServerImpl.java:start(334)) - b199db80-c206-49d0-9080-733e3ea0a692@group-944D83FFCC09: start as a follower, conf=-1: peers:[b199db80-c206-49d0-9080-733e3ea0a692|rpc:10.1.0.14:40813|dataStream:|priority:1|startupRole:FOLLOWER, a499b9c9-aca9-4e4e-999f-20c6bef7822c|rpc:10.1.0.14:34881|dataStream:|priority:0|startupRole:FOLLOWER, f6c9fd2f-7084-461f-8c2a-824e0c2d9f6f|rpc:10.1.0.14:43931|dataStream:|priority:0|startupRole:FOLLOWER]|listeners:[], old=null
2022-12-08 07:06:35,382 [pool-589-thread-1] INFO  server.RaftServer$Division (RaftServerImpl.java:setRole(321)) - b199db80-c206-49d0-9080-733e3ea0a692@group-944D83FFCC09: changes role from      null to FOLLOWER at term 0 for startAsFollower
2022-12-08 07:06:35,382 [pool-589-thread-1] INFO  impl.RoleInfo (RoleInfo.java:updateAndGet(139)) - b199db80-c206-49d0-9080-733e3ea0a692: start b199db80-c206-49d0-9080-733e3ea0a692@group-944D83FFCC09-FollowerState
2022-12-08 07:06:35,382 [pool-589-thread-1] INFO  util.JmxRegister (JmxRegister.java:tryRegister(44)) - Successfully registered JMX Bean with object name Ratis:service=RaftServer,group=group-944D83FFCC09,id=b199db80-c206-49d0-9080-733e3ea0a692
2022-12-08 07:06:35,383 [pool-589-thread-1] INFO  server.RaftServerConfigKeys (ConfUtils.java:logGet(46)) - raft.server.snapshot.auto.trigger.enabled = true (custom)
2022-12-08 07:06:35,383 [pool-589-thread-1] INFO  server.RaftServerConfigKeys (ConfUtils.java:logGet(46)) - raft.server.snapshot.auto.trigger.threshold = 10000 (custom)
2022-12-08 07:06:35,383 [pool-589-thread-1] INFO  server.RaftServerConfigKeys (ConfUtils.java:logGet(46)) - raft.server.snapshot.retention.file.num = 5 (custom)
2022-12-08 07:06:35,383 [pool-589-thread-1] INFO  server.RaftServerConfigKeys (ConfUtils.java:logGet(46)) - raft.server.log.purge.upto.snapshot.index = false (default)
2022-12-08 07:06:35,384 [b199db80-c206-49d0-9080-733e3ea0a692@group-944D83FFCC09-FollowerState] INFO  server.RaftServerConfigKeys (ConfUtils.java:logFallback(53)) - raft.server.rpc.first-election.timeout.min = 5s (fallback to raft.server.rpc.timeout.min)
2022-12-08 07:06:35,384 [b199db80-c206-49d0-9080-733e3ea0a692@group-944D83FFCC09-FollowerState] INFO  server.RaftServerConfigKeys (ConfUtils.java:logFallback(53)) - raft.server.rpc.first-election.timeout.max = 5200ms (fallback to raft.server.rpc.timeout.max)
2022-12-08 07:06:35,393 [e288a489-637a-4316-af43-30866b2c8bfc@group-A8A841CF23D2-FollowerState] INFO  impl.FollowerState (FollowerState.java:run(143)) - e288a489-637a-4316-af43-30866b2c8bfc@group-A8A841CF23D2-FollowerState: change to CANDIDATE, lastRpcElapsedTime:5048277490ns, electionTimeout:5032ms
2022-12-08 07:06:35,393 [e288a489-637a-4316-af43-30866b2c8bfc@group-A8A841CF23D2-FollowerState] INFO  impl.RoleInfo (RoleInfo.java:shutdownFollowerState(110)) - e288a489-637a-4316-af43-30866b2c8bfc: shutdown e288a489-637a-4316-af43-30866b2c8bfc@group-A8A841CF23D2-FollowerState
2022-12-08 07:06:35,393 [e288a489-637a-4316-af43-30866b2c8bfc@group-A8A841CF23D2-FollowerState] INFO  server.RaftServer$Division (RaftServerImpl.java:setRole(321)) - e288a489-637a-4316-af43-30866b2c8bfc@group-A8A841CF23D2: changes role from  FOLLOWER to CANDIDATE at term 3 for changeToCandidate
2022-12-08 07:06:35,393 [e288a489-637a-4316-af43-30866b2c8bfc@group-A8A841CF23D2-FollowerState] INFO  server.RaftServerConfigKeys (ConfUtils.java:logGet(46)) - raft.server.leaderelection.pre-vote = false (custom)
2022-12-08 07:06:35,394 [e288a489-637a-4316-af43-30866b2c8bfc@group-A8A841CF23D2-FollowerState] INFO  impl.RoleInfo (RoleInfo.java:updateAndGet(139)) - e288a489-637a-4316-af43-30866b2c8bfc: start e288a489-637a-4316-af43-30866b2c8bfc@group-A8A841CF23D2-LeaderElection14
2022-12-08 07:06:35,394 [Command processor thread] INFO  commandhandler.CreatePipelineCommandHandler (CreatePipelineCommandHandler.java:handle(113)) - Created Pipeline RATIS THREE PipelineID=eced11bd-d61c-412b-8a18-944d83ffcc09.
2022-12-08 07:06:35,403 [e288a489-637a-4316-af43-30866b2c8bfc@group-A8A841CF23D2-LeaderElection14] INFO  impl.LeaderElection (LeaderElection.java:askForVotes(312)) - e288a489-637a-4316-af43-30866b2c8bfc@group-A8A841CF23D2-LeaderElection14 ELECTION round 0: submit vote requests at term 4 for -1: peers:[aa703a63-3c65-4215-94e9-ba864e506dd9|rpc:10.1.0.14:39791|priority:1|startupRole:FOLLOWER, e288a489-637a-4316-af43-30866b2c8bfc|rpc:10.1.0.14:36389|priority:0|startupRole:FOLLOWER, 6eec9aac-ee1b-4e1e-837d-d3cab734710b|rpc:10.1.0.14:33309|priority:0|startupRole:FOLLOWER]|listeners:[], old=null
2022-12-08 07:06:35,404 [aa703a63-3c65-4215-94e9-ba864e506dd9@group-A8A841CF23D2-FollowerState] INFO  impl.FollowerState (FollowerState.java:run(143)) - aa703a63-3c65-4215-94e9-ba864e506dd9@group-A8A841CF23D2-FollowerState: change to CANDIDATE, lastRpcElapsedTime:5085272191ns, electionTimeout:5064ms
2022-12-08 07:06:35,405 [aa703a63-3c65-4215-94e9-ba864e506dd9@group-A8A841CF23D2-FollowerState] INFO  impl.RoleInfo (RoleInfo.java:shutdownFollowerState(110)) - aa703a63-3c65-4215-94e9-ba864e506dd9: shutdown aa703a63-3c65-4215-94e9-ba864e506dd9@group-A8A841CF23D2-FollowerState
2022-12-08 07:06:35,405 [aa703a63-3c65-4215-94e9-ba864e506dd9@group-A8A841CF23D2-FollowerState] INFO  server.RaftServer$Division (RaftServerImpl.java:setRole(321)) - aa703a63-3c65-4215-94e9-ba864e506dd9@group-A8A841CF23D2: changes role from  FOLLOWER to CANDIDATE at term 3 for changeToCandidate
2022-12-08 07:06:35,408 [grpc-default-executor-2] INFO  server.RaftServer$Division (RaftServerImpl.java:requestVote(1218)) - aa703a63-3c65-4215-94e9-ba864e506dd9@group-A8A841CF23D2: receive requestVote(ELECTION, e288a489-637a-4316-af43-30866b2c8bfc, group-A8A841CF23D2, 4, (t:0, i:0))
2022-12-08 07:06:35,409 [e288a489-637a-4316-af43-30866b2c8bfc@group-A8A841CF23D2-LeaderElection14] INFO  server.RaftServerConfigKeys (ConfUtils.java:logFallback(53)) - raft.server.rpc.first-election.timeout.min = 5s (fallback to raft.server.rpc.timeout.min)
2022-12-08 07:06:35,410 [e288a489-637a-4316-af43-30866b2c8bfc@group-A8A841CF23D2-LeaderElection14] INFO  server.RaftServerConfigKeys (ConfUtils.java:logFallback(53)) - raft.server.rpc.first-election.timeout.max = 5200ms (fallback to raft.server.rpc.timeout.max)
2022-12-08 07:06:35,410 [aa703a63-3c65-4215-94e9-ba864e506dd9@group-A8A841CF23D2-FollowerState] INFO  server.RaftServerConfigKeys (ConfUtils.java:logGet(46)) - raft.server.leaderelection.pre-vote = false (custom)
2022-12-08 07:06:35,410 [aa703a63-3c65-4215-94e9-ba864e506dd9@group-A8A841CF23D2-FollowerState] INFO  impl.RoleInfo (RoleInfo.java:updateAndGet(139)) - aa703a63-3c65-4215-94e9-ba864e506dd9: start aa703a63-3c65-4215-94e9-ba864e506dd9@group-A8A841CF23D2-LeaderElection15
2022-12-08 07:06:35,411 [grpc-default-executor-4] INFO  server.RaftServer$Division (RaftServerImpl.java:requestVote(1218)) - 6eec9aac-ee1b-4e1e-837d-d3cab734710b@group-A8A841CF23D2: receive requestVote(ELECTION, e288a489-637a-4316-af43-30866b2c8bfc, group-A8A841CF23D2, 4, (t:0, i:0))
2022-12-08 07:06:35,412 [grpc-default-executor-4] INFO  impl.VoteContext (VoteContext.java:log(49)) - 6eec9aac-ee1b-4e1e-837d-d3cab734710b@group-A8A841CF23D2-FOLLOWER: accept ELECTION from e288a489-637a-4316-af43-30866b2c8bfc: our priority 0 <= candidate's priority 0
2022-12-08 07:06:35,412 [grpc-default-executor-4] INFO  server.RaftServer$Division (RaftServerImpl.java:setRole(321)) - 6eec9aac-ee1b-4e1e-837d-d3cab734710b@group-A8A841CF23D2: changes role from  FOLLOWER to FOLLOWER at term 4 for candidate:e288a489-637a-4316-af43-30866b2c8bfc
2022-12-08 07:06:35,412 [grpc-default-executor-4] INFO  impl.RoleInfo (RoleInfo.java:shutdownFollowerState(110)) - 6eec9aac-ee1b-4e1e-837d-d3cab734710b: shutdown 6eec9aac-ee1b-4e1e-837d-d3cab734710b@group-A8A841CF23D2-FollowerState
2022-12-08 07:06:35,416 [grpc-default-executor-4] INFO  impl.RoleInfo (RoleInfo.java:updateAndGet(139)) - 6eec9aac-ee1b-4e1e-837d-d3cab734710b: start 6eec9aac-ee1b-4e1e-837d-d3cab734710b@group-A8A841CF23D2-FollowerState
2022-12-08 07:06:35,416 [6eec9aac-ee1b-4e1e-837d-d3cab734710b@group-A8A841CF23D2-FollowerState] INFO  impl.FollowerState (FollowerState.java:run(152)) - 6eec9aac-ee1b-4e1e-837d-d3cab734710b@group-A8A841CF23D2-FollowerState was interrupted
2022-12-08 07:06:35,417 [grpc-default-executor-2] INFO  impl.VoteContext (VoteContext.java:log(49)) - aa703a63-3c65-4215-94e9-ba864e506dd9@group-A8A841CF23D2-CANDIDATE: reject ELECTION from e288a489-637a-4316-af43-30866b2c8bfc: our priority 1 > candidate's priority 0
2022-12-08 07:06:35,417 [grpc-default-executor-2] INFO  server.RaftServer$Division (RaftServerImpl.java:setRole(321)) - aa703a63-3c65-4215-94e9-ba864e506dd9@group-A8A841CF23D2: changes role from CANDIDATE to FOLLOWER at term 4 for candidate:e288a489-637a-4316-af43-30866b2c8bfc
2022-12-08 07:06:35,417 [grpc-default-executor-2] INFO  impl.RoleInfo (RoleInfo.java:shutdownLeaderElection(130)) - aa703a63-3c65-4215-94e9-ba864e506dd9: shutdown aa703a63-3c65-4215-94e9-ba864e506dd9@group-A8A841CF23D2-LeaderElection15
2022-12-08 07:06:35,419 [grpc-default-executor-2] INFO  impl.RoleInfo (RoleInfo.java:updateAndGet(139)) - aa703a63-3c65-4215-94e9-ba864e506dd9: start aa703a63-3c65-4215-94e9-ba864e506dd9@group-A8A841CF23D2-FollowerState
2022-12-08 07:06:35,419 [6eec9aac-ee1b-4e1e-837d-d3cab734710b@group-A8A841CF23D2-FollowerState] INFO  server.RaftServerConfigKeys (ConfUtils.java:logFallback(53)) - raft.server.rpc.first-election.timeout.min = 5s (fallback to raft.server.rpc.timeout.min)
2022-12-08 07:06:35,419 [6eec9aac-ee1b-4e1e-837d-d3cab734710b@group-A8A841CF23D2-FollowerState] INFO  server.RaftServerConfigKeys (ConfUtils.java:logFallback(53)) - raft.server.rpc.first-election.timeout.max = 5200ms (fallback to raft.server.rpc.timeout.max)
2022-12-08 07:06:35,420 [grpc-default-executor-4] INFO  server.RaftServer$Division (RaftServerImpl.java:requestVote(1251)) - 6eec9aac-ee1b-4e1e-837d-d3cab734710b@group-A8A841CF23D2 replies to ELECTION vote request: e288a489-637a-4316-af43-30866b2c8bfc<-6eec9aac-ee1b-4e1e-837d-d3cab734710b#0:OK-t4. Peer's state: 6eec9aac-ee1b-4e1e-837d-d3cab734710b@group-A8A841CF23D2:t4, leader=null, voted=e288a489-637a-4316-af43-30866b2c8bfc, raftlog=Memoized:6eec9aac-ee1b-4e1e-837d-d3cab734710b@group-A8A841CF23D2-SegmentedRaftLog:OPENED:c-1, conf=-1: peers:[aa703a63-3c65-4215-94e9-ba864e506dd9|rpc:10.1.0.14:39791|priority:1|startupRole:FOLLOWER, e288a489-637a-4316-af43-30866b2c8bfc|rpc:10.1.0.14:36389|priority:0|startupRole:FOLLOWER, 6eec9aac-ee1b-4e1e-837d-d3cab734710b|rpc:10.1.0.14:33309|priority:0|startupRole:FOLLOWER]|listeners:[], old=null
2022-12-08 07:06:35,425 [aa703a63-3c65-4215-94e9-ba864e506dd9@group-A8A841CF23D2-FollowerState] INFO  server.RaftServerConfigKeys (ConfUtils.java:logFallback(53)) - raft.server.rpc.first-election.timeout.min = 5s (fallback to raft.server.rpc.timeout.min)
2022-12-08 07:06:35,425 [aa703a63-3c65-4215-94e9-ba864e506dd9@group-A8A841CF23D2-FollowerState] INFO  server.RaftServerConfigKeys (ConfUtils.java:logFallback(53)) - raft.server.rpc.first-election.timeout.max = 5200ms (fallback to raft.server.rpc.timeout.max)
2022-12-08 07:06:35,428 [grpc-default-executor-2] INFO  server.RaftServer$Division (RaftServerImpl.java:requestVote(1251)) - aa703a63-3c65-4215-94e9-ba864e506dd9@group-A8A841CF23D2 replies to ELECTION vote request: e288a489-637a-4316-af43-30866b2c8bfc<-aa703a63-3c65-4215-94e9-ba864e506dd9#0:FAIL-t4. Peer's state: aa703a63-3c65-4215-94e9-ba864e506dd9@group-A8A841CF23D2:t4, leader=null, voted=null, raftlog=Memoized:aa703a63-3c65-4215-94e9-ba864e506dd9@group-A8A841CF23D2-SegmentedRaftLog:OPENED:c-1, conf=-1: peers:[aa703a63-3c65-4215-94e9-ba864e506dd9|rpc:10.1.0.14:39791|dataStream:|priority:1|startupRole:FOLLOWER, e288a489-637a-4316-af43-30866b2c8bfc|rpc:10.1.0.14:36389|dataStream:|priority:0|startupRole:FOLLOWER, 6eec9aac-ee1b-4e1e-837d-d3cab734710b|rpc:10.1.0.14:33309|dataStream:|priority:0|startupRole:FOLLOWER]|listeners:[], old=null
2022-12-08 07:06:35,430 [e288a489-637a-4316-af43-30866b2c8bfc@group-A8A841CF23D2-LeaderElection14] INFO  impl.LeaderElection (LeaderElection.java:logAndReturn(90)) - e288a489-637a-4316-af43-30866b2c8bfc@group-A8A841CF23D2-LeaderElection14: ELECTION REJECTED received 1 response(s) and 0 exception(s):
2022-12-08 07:06:35,430 [e288a489-637a-4316-af43-30866b2c8bfc@group-A8A841CF23D2-LeaderElection14] INFO  impl.LeaderElection (LeaderElection.java:logAndReturn(94)) -   Response 0: e288a489-637a-4316-af43-30866b2c8bfc<-aa703a63-3c65-4215-94e9-ba864e506dd9#0:FAIL-t4
2022-12-08 07:06:35,431 [e288a489-637a-4316-af43-30866b2c8bfc@group-A8A841CF23D2-LeaderElection14] INFO  impl.LeaderElection (LeaderElection.java:askForVotes(314)) - e288a489-637a-4316-af43-30866b2c8bfc@group-A8A841CF23D2-LeaderElection14 ELECTION round 0: result REJECTED
2022-12-08 07:06:35,431 [e288a489-637a-4316-af43-30866b2c8bfc@group-A8A841CF23D2-LeaderElection14] INFO  server.RaftServer$Division (RaftServerImpl.java:setRole(321)) - e288a489-637a-4316-af43-30866b2c8bfc@group-A8A841CF23D2: changes role from CANDIDATE to FOLLOWER at term 4 for REJECTED
2022-12-08 07:06:35,431 [e288a489-637a-4316-af43-30866b2c8bfc@group-A8A841CF23D2-LeaderElection14] INFO  impl.RoleInfo (RoleInfo.java:shutdownLeaderElection(130)) - e288a489-637a-4316-af43-30866b2c8bfc: shutdown e288a489-637a-4316-af43-30866b2c8bfc@group-A8A841CF23D2-LeaderElection14
2022-12-08 07:06:35,431 [e288a489-637a-4316-af43-30866b2c8bfc@group-A8A841CF23D2-LeaderElection14] INFO  impl.RoleInfo (RoleInfo.java:updateAndGet(139)) - e288a489-637a-4316-af43-30866b2c8bfc: start e288a489-637a-4316-af43-30866b2c8bfc@group-A8A841CF23D2-FollowerState
2022-12-08 07:06:35,439 [e288a489-637a-4316-af43-30866b2c8bfc@group-A8A841CF23D2-FollowerState] INFO  server.RaftServerConfigKeys (ConfUtils.java:logFallback(53)) - raft.server.rpc.first-election.timeout.min = 5s (fallback to raft.server.rpc.timeout.min)
2022-12-08 07:06:35,439 [e288a489-637a-4316-af43-30866b2c8bfc@group-A8A841CF23D2-FollowerState] INFO  server.RaftServerConfigKeys (ConfUtils.java:logFallback(53)) - raft.server.rpc.first-election.timeout.max = 5200ms (fallback to raft.server.rpc.timeout.max)
2022-12-08 07:06:35,539 [EventQueue-CommandQueueReportForCommandQueueReportHandler] WARN  events.EventQueue (EventQueue.java:fireEvent(216)) - No event handler registered for event TypedEvent{payloadType=DatanodeDetails, name='Datanode_Command_Queue_Updated'}
2022-12-08 07:06:35,555 [EventQueue-CommandQueueReportForCommandQueueReportHandler] WARN  events.EventQueue (EventQueue.java:fireEvent(216)) - No event handler registered for event TypedEvent{payloadType=DatanodeDetails, name='Datanode_Command_Queue_Updated'}
2022-12-08 07:06:35,757 [EventQueue-CommandQueueReportForCommandQueueReportHandler] WARN  events.EventQueue (EventQueue.java:fireEvent(216)) - No event handler registered for event TypedEvent{payloadType=DatanodeDetails, name='Datanode_Command_Queue_Updated'}
2022-12-08 07:06:35,836 [Under Replicated Processor] INFO  replication.UnderReplicatedProcessor (UnderReplicatedProcessor.java:processAll(79)) - Processed 0 under replicated containers, failed processing 0
2022-12-08 07:06:35,847 [DatanodeAdminManager-0] INFO  node.DatanodeAdminMonitorImpl (DatanodeAdminMonitorImpl.java:checkContainersReplicatedOnNode(356)) - Under Replicated Container #1 Container State: CLOSED Replica Count: 3 Healthy Count: 2 Decommission Count: 1 Maintenance Count: 0 inFlightAdd Count: 1 inFightDel Count: 0 ReplicationFactor: 3 minMaintenance Count: 2; Replicas{ContainerReplica{containerID=#1, state=CLOSED, datanodeDetails=624d0ae4-c5c0-4b02-bbde-b37f19cf8f9a{ip: 10.1.0.14, host: fv-az165-805.wtg55dazuvhetdvd2gpth4ys5d.dx.internal.cloudapp.net, ports: [REPLICATION=39487, RATIS=41749, RATIS_ADMIN=41749, RATIS_SERVER=41749, STANDALONE=43743], networkLocation: /default-rack, certSerialId: null, persistedOpState: IN_SERVICE, persistedOpStateExpiryEpochSec: 0}, placeOfBirth=624d0ae4-c5c0-4b02-bbde-b37f19cf8f9a, sequenceId=74, keyCount=7, bytesUsed=133},ContainerReplica{containerID=#1, state=CLOSED, datanodeDetails=a323b8f8-7c4d-4fe6-8663-2fcba1e99710{ip: 10.1.0.14, host: fv-az165-805.wtg55dazuvhetdvd2gpth4ys5d.dx.internal.cloudapp.net, ports: [REPLICATION=34875, RATIS=38689, RATIS_ADMIN=38689, RATIS_SERVER=38689, STANDALONE=41587], networkLocation: /default-rack, certSerialId: null, persistedOpState: IN_SERVICE, persistedOpStateExpiryEpochSec: 0}, placeOfBirth=a323b8f8-7c4d-4fe6-8663-2fcba1e99710, sequenceId=74, keyCount=7, bytesUsed=133},ContainerReplica{containerID=#1, state=CLOSED, datanodeDetails=1fec2e66-b36b-410d-a836-56974e80c6bf{ip: 10.1.0.14, host: fv-az165-805.wtg55dazuvhetdvd2gpth4ys5d.dx.internal.cloudapp.net, ports: [REPLICATION=42005, RATIS=40777, RATIS_ADMIN=40777, RATIS_SERVER=40777, STANDALONE=40099], networkLocation: /default-rack, certSerialId: null, persistedOpState: DECOMMISSIONING, persistedOpStateExpiryEpochSec: 0}, placeOfBirth=1fec2e66-b36b-410d-a836-56974e80c6bf, sequenceId=74, keyCount=7, bytesUsed=133}}
2022-12-08 07:06:35,848 [DatanodeAdminManager-0] INFO  node.DatanodeAdminMonitorImpl (DatanodeAdminMonitorImpl.java:checkContainersReplicatedOnNode(356)) - Under Replicated Container #2 Container State: CLOSED Replica Count: 3 Healthy Count: 2 Decommission Count: 1 Maintenance Count: 0 inFlightAdd Count: 1 inFightDel Count: 0 ReplicationFactor: 3 minMaintenance Count: 2; Replicas{ContainerReplica{containerID=#2, state=CLOSED, datanodeDetails=1fec2e66-b36b-410d-a836-56974e80c6bf{ip: 10.1.0.14, host: fv-az165-805.wtg55dazuvhetdvd2gpth4ys5d.dx.internal.cloudapp.net, ports: [REPLICATION=42005, RATIS=40777, RATIS_ADMIN=40777, RATIS_SERVER=40777, STANDALONE=40099], networkLocation: /default-rack, certSerialId: null, persistedOpState: DECOMMISSIONING, persistedOpStateExpiryEpochSec: 0}, placeOfBirth=1fec2e66-b36b-410d-a836-56974e80c6bf, sequenceId=77, keyCount=7, bytesUsed=133},ContainerReplica{containerID=#2, state=CLOSED, datanodeDetails=a323b8f8-7c4d-4fe6-8663-2fcba1e99710{ip: 10.1.0.14, host: fv-az165-805.wtg55dazuvhetdvd2gpth4ys5d.dx.internal.cloudapp.net, ports: [REPLICATION=34875, RATIS=38689, RATIS_ADMIN=38689, RATIS_SERVER=38689, STANDALONE=41587], networkLocation: /default-rack, certSerialId: null, persistedOpState: IN_SERVICE, persistedOpStateExpiryEpochSec: 0}, placeOfBirth=a323b8f8-7c4d-4fe6-8663-2fcba1e99710, sequenceId=77, keyCount=7, bytesUsed=133},ContainerReplica{containerID=#2, state=CLOSED, datanodeDetails=624d0ae4-c5c0-4b02-bbde-b37f19cf8f9a{ip: 10.1.0.14, host: fv-az165-805.wtg55dazuvhetdvd2gpth4ys5d.dx.internal.cloudapp.net, ports: [REPLICATION=39487, RATIS=41749, RATIS_ADMIN=41749, RATIS_SERVER=41749, STANDALONE=43743], networkLocation: /default-rack, certSerialId: null, persistedOpState: IN_SERVICE, persistedOpStateExpiryEpochSec: 0}, placeOfBirth=624d0ae4-c5c0-4b02-bbde-b37f19cf8f9a, sequenceId=77, keyCount=7, bytesUsed=133}}
2022-12-08 07:06:35,848 [DatanodeAdminManager-0] INFO  node.DatanodeAdminMonitorImpl (DatanodeAdminMonitorImpl.java:checkContainersReplicatedOnNode(356)) - Under Replicated Container #3 Container State: CLOSED Replica Count: 3 Healthy Count: 2 Decommission Count: 1 Maintenance Count: 0 inFlightAdd Count: 1 inFightDel Count: 0 ReplicationFactor: 3 minMaintenance Count: 2; Replicas{ContainerReplica{containerID=#3, state=CLOSED, datanodeDetails=624d0ae4-c5c0-4b02-bbde-b37f19cf8f9a{ip: 10.1.0.14, host: fv-az165-805.wtg55dazuvhetdvd2gpth4ys5d.dx.internal.cloudapp.net, ports: [REPLICATION=39487, RATIS=41749, RATIS_ADMIN=41749, RATIS_SERVER=41749, STANDALONE=43743], networkLocation: /default-rack, certSerialId: null, persistedOpState: IN_SERVICE, persistedOpStateExpiryEpochSec: 0}, placeOfBirth=624d0ae4-c5c0-4b02-bbde-b37f19cf8f9a, sequenceId=69, keyCount=6, bytesUsed=114},ContainerReplica{containerID=#3, state=CLOSED, datanodeDetails=1fec2e66-b36b-410d-a836-56974e80c6bf{ip: 10.1.0.14, host: fv-az165-805.wtg55dazuvhetdvd2gpth4ys5d.dx.internal.cloudapp.net, ports: [REPLICATION=42005, RATIS=40777, RATIS_ADMIN=40777, RATIS_SERVER=40777, STANDALONE=40099], networkLocation: /default-rack, certSerialId: null, persistedOpState: DECOMMISSIONING, persistedOpStateExpiryEpochSec: 0}, placeOfBirth=1fec2e66-b36b-410d-a836-56974e80c6bf, sequenceId=69, keyCount=6, bytesUsed=114},ContainerReplica{containerID=#3, state=CLOSED, datanodeDetails=a323b8f8-7c4d-4fe6-8663-2fcba1e99710{ip: 10.1.0.14, host: fv-az165-805.wtg55dazuvhetdvd2gpth4ys5d.dx.internal.cloudapp.net, ports: [REPLICATION=34875, RATIS=38689, RATIS_ADMIN=38689, RATIS_SERVER=38689, STANDALONE=41587], networkLocation: /default-rack, certSerialId: null, persistedOpState: IN_SERVICE, persistedOpStateExpiryEpochSec: 0}, placeOfBirth=a323b8f8-7c4d-4fe6-8663-2fcba1e99710, sequenceId=69, keyCount=6, bytesUsed=114}}
2022-12-08 07:06:35,848 [DatanodeAdminManager-0] INFO  node.DatanodeAdminMonitorImpl (DatanodeAdminMonitorImpl.java:checkContainersReplicatedOnNode(377)) - 1fec2e66-b36b-410d-a836-56974e80c6bf{ip: 10.1.0.14, host: fv-az165-805.wtg55dazuvhetdvd2gpth4ys5d.dx.internal.cloudapp.net, ports: [REPLICATION=42005, RATIS=40777, RATIS_ADMIN=40777, RATIS_SERVER=40777, STANDALONE=40099], networkLocation: /default-rack, certSerialId: null, persistedOpState: DECOMMISSIONING, persistedOpStateExpiryEpochSec: 0} has 4 sufficientlyReplicated, 3 underReplicated and 0 unhealthy containers
2022-12-08 07:06:35,848 [DatanodeAdminManager-0] INFO  node.DatanodeAdminMonitorImpl (DatanodeAdminMonitorImpl.java:run(169)) - There are 1 nodes tracked for decommission and maintenance.  0 pending nodes.
2022-12-08 07:06:35,878 [ReplicationMonitor] INFO  replication.ReplicationManager (ReplicationManager.java:processAll(356)) - Replication Monitor Thread took 2 milliseconds for processing 8 containers.
2022-12-08 07:06:35,948 [Command processor thread] INFO  server.RaftServer (RaftServerProxy.java:addNew(96)) - a499b9c9-aca9-4e4e-999f-20c6bef7822c: addNew group-E12071DA0D5F:[a499b9c9-aca9-4e4e-999f-20c6bef7822c|rpc:10.1.0.14:34881|priority:1|startupRole:FOLLOWER] returns group-E12071DA0D5F:java.util.concurrent.CompletableFuture@f79746b[Not completed]
2022-12-08 07:06:35,949 [pool-560-thread-1] INFO  server.RaftServer$Division (RaftServerImpl.java:<init>(195)) - a499b9c9-aca9-4e4e-999f-20c6bef7822c: new RaftServerImpl for group-E12071DA0D5F:[a499b9c9-aca9-4e4e-999f-20c6bef7822c|rpc:10.1.0.14:34881|priority:1|startupRole:FOLLOWER] with ContainerStateMachine:uninitialized
2022-12-08 07:06:35,949 [pool-560-thread-1] INFO  server.RaftServerConfigKeys (ConfUtils.java:logGet(46)) - raft.server.rpc.timeout.min = 5s (custom)
2022-12-08 07:06:35,949 [pool-560-thread-1] INFO  server.RaftServerConfigKeys (ConfUtils.java:logGet(46)) - raft.server.rpc.timeout.max = 5200ms (custom)
2022-12-08 07:06:35,949 [pool-560-thread-1] INFO  server.RaftServerConfigKeys (ConfUtils.java:logGet(46)) - raft.server.rpc.sleep.time = 25ms (default)
2022-12-08 07:06:35,949 [pool-560-thread-1] INFO  server.RaftServerConfigKeys (ConfUtils.java:logGet(46)) - raft.server.rpc.slowness.timeout = 300s (custom)
2022-12-08 07:06:35,949 [pool-560-thread-1] INFO  server.RaftServerConfigKeys (ConfUtils.java:logGet(46)) - raft.server.leaderelection.leader.step-down.wait-time = 10s (default)
2022-12-08 07:06:35,949 [pool-560-thread-1] INFO  server.RaftServerConfigKeys (ConfUtils.java:logGet(46)) - raft.server.sleep.deviation.threshold = 300ms (default)
2022-12-08 07:06:35,949 [pool-560-thread-1] INFO  server.RaftServer$Division (ServerState.java:<init>(118)) - a499b9c9-aca9-4e4e-999f-20c6bef7822c@group-E12071DA0D5F: ConfigurationManager, init=-1: peers:[a499b9c9-aca9-4e4e-999f-20c6bef7822c|rpc:10.1.0.14:34881|priority:1|startupRole:FOLLOWER]|listeners:[], old=null, confs=<EMPTY_MAP>
2022-12-08 07:06:35,950 [pool-560-thread-1] INFO  server.RaftServerConfigKeys (ConfUtils.java:logGet(46)) - raft.server.storage.dir = [/home/runner/work/ozone/ozone/hadoop-ozone/integration-test/target/test-dir/MiniOzoneClusterImpl-510a2802-165a-4ebd-9ade-f7b35b2c34f6/datanode-4/data/ratis] (custom)
2022-12-08 07:06:35,950 [pool-560-thread-1] INFO  server.RaftServerConfigKeys (ConfUtils.java:logGet(46)) - raft.server.log.corruption.policy = EXCEPTION (default)
2022-12-08 07:06:35,950 [pool-560-thread-1] INFO  server.RaftServerConfigKeys (ConfUtils.java:logGet(46)) - raft.server.storage.free-space.min = 0MB (=0) (default)
2022-12-08 07:06:35,950 [pool-560-thread-1] INFO  server.RaftServerConfigKeys (ConfUtils.java:logGet(46)) - raft.server.notification.no-leader.timeout = 300s (custom)
2022-12-08 07:06:35,950 [pool-560-thread-1] INFO  server.RaftServerConfigKeys (ConfUtils.java:logGet(46)) - raft.server.retrycache.expirytime = 600000ms (custom)
2022-12-08 07:06:35,950 [pool-560-thread-1] INFO  server.RaftServerConfigKeys (ConfUtils.java:logGet(46)) - raft.server.retrycache.statistics.expirytime = 100μs (default)
2022-12-08 07:06:35,952 [pool-560-thread-1] INFO  server.RaftServerConfigKeys (ConfUtils.java:logGet(46)) - raft.server.log.appender.install.snapshot.enabled = false (custom)
2022-12-08 07:06:35,952 [pool-560-thread-1] INFO  server.RaftServerConfigKeys (ConfUtils.java:logGet(46)) - raft.server.threadpool.server.cached = true (default)
2022-12-08 07:06:35,952 [pool-560-thread-1] INFO  server.RaftServerConfigKeys (ConfUtils.java:logGet(46)) - raft.server.threadpool.server.size = 0 (default)
2022-12-08 07:06:35,952 [pool-560-thread-1] INFO  server.RaftServerConfigKeys (ConfUtils.java:logGet(46)) - raft.server.threadpool.client.cached = true (default)
2022-12-08 07:06:35,952 [pool-560-thread-1] INFO  server.RaftServerConfigKeys (ConfUtils.java:logGet(46)) - raft.server.threadpool.client.size = 0 (default)
2022-12-08 07:06:35,953 [pool-560-thread-1] INFO  storage.RaftStorageDirectory (RaftStorageDirectoryImpl.java:analyzeStorage(137)) - The storage directory /home/runner/work/ozone/ozone/hadoop-ozone/integration-test/target/test-dir/MiniOzoneClusterImpl-510a2802-165a-4ebd-9ade-f7b35b2c34f6/datanode-4/data/ratis/1a27c42b-a4ce-47ae-ac3f-e12071da0d5f does not exist. Creating ...
2022-12-08 07:06:35,959 [pool-560-thread-1] INFO  storage.RaftStorageDirectory (RaftStorageDirectoryImpl.java:tryLock(231)) - Lock on /home/runner/work/ozone/ozone/hadoop-ozone/integration-test/target/test-dir/MiniOzoneClusterImpl-510a2802-165a-4ebd-9ade-f7b35b2c34f6/datanode-4/data/ratis/1a27c42b-a4ce-47ae-ac3f-e12071da0d5f/in_use.lock acquired by nodename 50697@fv-az165-805
2022-12-08 07:06:35,963 [pool-560-thread-1] INFO  storage.RaftStorage (RaftStorageImpl.java:format(96)) - Storage directory /home/runner/work/ozone/ozone/hadoop-ozone/integration-test/target/test-dir/MiniOzoneClusterImpl-510a2802-165a-4ebd-9ade-f7b35b2c34f6/datanode-4/data/ratis/1a27c42b-a4ce-47ae-ac3f-e12071da0d5f has been successfully formatted.
2022-12-08 07:06:35,964 [pool-560-thread-1] INFO  ratis.ContainerStateMachine (ContainerStateMachine.java:loadSnapshot(236)) - group-E12071DA0D5F: The snapshot info is null. Setting the last applied indexto:(t:0, i:~)
2022-12-08 07:06:35,964 [pool-560-thread-1] INFO  server.RaftServerConfigKeys (ConfUtils.java:logGet(46)) - raft.server.log.use.memory = false (default)
2022-12-08 07:06:35,964 [pool-560-thread-1] INFO  server.RaftServerConfigKeys (ConfUtils.java:logGet(46)) - raft.server.log.purge.gap = 1000000 (custom)
2022-12-08 07:06:35,964 [pool-560-thread-1] INFO  server.RaftServerConfigKeys (ConfUtils.java:logGet(46)) - raft.server.log.appender.buffer.byte-limit = 33554432 (custom)
2022-12-08 07:06:35,964 [pool-560-thread-1] INFO  server.RaftServerConfigKeys (ConfUtils.java:logGet(46)) - raft.server.log.statemachine.data.read.timeout = 1000ms (default)
2022-12-08 07:06:35,964 [pool-560-thread-1] INFO  server.RaftServerConfigKeys (ConfUtils.java:logGet(46)) - raft.server.log.purge.preservation.log.num = 0 (default)
2022-12-08 07:06:35,965 [pool-560-thread-1] INFO  server.RaftServerConfigKeys (ConfUtils.java:logGet(46)) - raft.server.log.segment.size.max = 1048576 (custom)
2022-12-08 07:06:35,965 [pool-560-thread-1] INFO  server.RaftServerConfigKeys (ConfUtils.java:logGet(46)) - raft.server.log.segment.cache.num.max = 2 (custom)
2022-12-08 07:06:35,966 [pool-560-thread-1] INFO  server.RaftServerConfigKeys (ConfUtils.java:logGet(46)) - raft.server.log.segment.cache.size.max = 200MB (=209715200) (default)
2022-12-08 07:06:35,966 [pool-560-thread-1] INFO  segmented.SegmentedRaftLogWorker (SegmentedRaftLogWorker.java:<init>(189)) - new a499b9c9-aca9-4e4e-999f-20c6bef7822c@group-E12071DA0D5F-SegmentedRaftLogWorker for RaftStorageImpl:Storage Directory /home/runner/work/ozone/ozone/hadoop-ozone/integration-test/target/test-dir/MiniOzoneClusterImpl-510a2802-165a-4ebd-9ade-f7b35b2c34f6/datanode-4/data/ratis/1a27c42b-a4ce-47ae-ac3f-e12071da0d5f
2022-12-08 07:06:35,966 [pool-560-thread-1] INFO  server.RaftServerConfigKeys (ConfUtils.java:logGet(46)) - raft.server.log.queue.byte-limit = 4294967296 (custom)
2022-12-08 07:06:35,966 [EventQueue-CommandQueueReportForCommandQueueReportHandler] WARN  events.EventQueue (EventQueue.java:fireEvent(216)) - No event handler registered for event TypedEvent{payloadType=DatanodeDetails, name='Datanode_Command_Queue_Updated'}
2022-12-08 07:06:35,966 [pool-560-thread-1] INFO  server.RaftServerConfigKeys (ConfUtils.java:logGet(46)) - raft.server.log.queue.element-limit = 1024 (custom)
2022-12-08 07:06:35,966 [pool-560-thread-1] INFO  server.RaftServerConfigKeys (ConfUtils.java:logGet(46)) - raft.server.log.segment.size.max = 1048576 (custom)
2022-12-08 07:06:35,966 [EventQueue-PipelineReportForPipelineReportHandler] INFO  pipeline.PipelineManagerImpl (PipelineManagerImpl.java:openPipeline(367)) - Pipeline Pipeline[ Id: 1a27c42b-a4ce-47ae-ac3f-e12071da0d5f, Nodes: a499b9c9-aca9-4e4e-999f-20c6bef7822c{ip: 10.1.0.14, host: fv-az165-805.wtg55dazuvhetdvd2gpth4ys5d.dx.internal.cloudapp.net, ports: [REPLICATION=35969, RATIS=34881, RATIS_ADMIN=34881, RATIS_SERVER=34881, STANDALONE=39969], networkLocation: /default-rack, certSerialId: null, persistedOpState: IN_SERVICE, persistedOpStateExpiryEpochSec: 0}, ReplicationConfig: RATIS/ONE, State:ALLOCATED, leaderId:a499b9c9-aca9-4e4e-999f-20c6bef7822c, CreationTimestamp2022-12-08T07:06:32.949Z[Etc/UTC]] moved to OPEN state
2022-12-08 07:06:35,966 [pool-560-thread-1] INFO  server.RaftServerConfigKeys (ConfUtils.java:logGet(46)) - raft.server.log.preallocated.size = 16384 (custom)
2022-12-08 07:06:35,967 [pool-560-thread-1] INFO  server.RaftServerConfigKeys (ConfUtils.java:logGet(46)) - raft.server.log.force.sync.num = 128 (default)
2022-12-08 07:06:35,967 [pool-560-thread-1] INFO  server.RaftServerConfigKeys (ConfUtils.java:logGet(46)) - raft.server.log.statemachine.data.sync = true (default)
2022-12-08 07:06:35,967 [pool-560-thread-1] INFO  server.RaftServerConfigKeys (ConfUtils.java:logGet(46)) - raft.server.log.statemachine.data.sync.timeout = 10s (default)
2022-12-08 07:06:35,967 [pool-560-thread-1] INFO  server.RaftServerConfigKeys (ConfUtils.java:logGet(46)) - raft.server.log.statemachine.data.sync.timeout.retry = -1 (default)
2022-12-08 07:06:35,967 [EventQueue-OpenPipelineForHealthyPipelineSafeModeRule] INFO  safemode.SCMSafeModeManager (HealthyPipelineSafeModeRule.java:process(137)) - SCM in safe mode. Healthy pipelines reported count is 0, required healthy pipeline reported count is 1
2022-12-08 07:06:35,971 [pool-560-thread-1] INFO  server.RaftServerConfigKeys (ConfUtils.java:logGet(46)) - raft.server.log.write.buffer.size = 1048576 (custom)
2022-12-08 07:06:35,974 [pool-560-thread-1] INFO  server.RaftServerConfigKeys (ConfUtils.java:logGet(46)) - raft.server.log.appender.buffer.byte-limit = 33554432 (custom)
2022-12-08 07:06:35,981 [pool-560-thread-1] INFO  server.RaftServerConfigKeys (ConfUtils.java:logGet(46)) - raft.server.log.unsafe-flush.enabled = false (default)
2022-12-08 07:06:35,981 [pool-560-thread-1] INFO  server.RaftServerConfigKeys (ConfUtils.java:logGet(46)) - raft.server.log.async-flush.enabled = false (default)
2022-12-08 07:06:35,981 [pool-560-thread-1] INFO  server.RaftServerConfigKeys (ConfUtils.java:logGet(46)) - raft.server.log.statemachine.data.caching.enabled = true (custom)
2022-12-08 07:06:35,982 [pool-560-thread-1] INFO  segmented.SegmentedRaftLogWorker (SegmentedRaftLogWorker.java:lambda$new$0(135)) - a499b9c9-aca9-4e4e-999f-20c6bef7822c@group-E12071DA0D5F-SegmentedRaftLogWorker: flushIndex: setUnconditionally 0 -> -1
2022-12-08 07:06:35,982 [pool-560-thread-1] INFO  segmented.SegmentedRaftLogWorker (SegmentedRaftLogWorker.java:lambda$new$0(135)) - a499b9c9-aca9-4e4e-999f-20c6bef7822c@group-E12071DA0D5F-SegmentedRaftLogWorker: safeCacheEvictIndex: setUnconditionally 0 -> -1
2022-12-08 07:06:35,982 [pool-560-thread-1] INFO  server.RaftServer$Division (RaftServerImpl.java:start(334)) - a499b9c9-aca9-4e4e-999f-20c6bef7822c@group-E12071DA0D5F: start as a follower, conf=-1: peers:[a499b9c9-aca9-4e4e-999f-20c6bef7822c|rpc:10.1.0.14:34881|priority:1|startupRole:FOLLOWER]|listeners:[], old=null
2022-12-08 07:06:35,982 [pool-560-thread-1] INFO  server.RaftServer$Division (RaftServerImpl.java:setRole(321)) - a499b9c9-aca9-4e4e-999f-20c6bef7822c@group-E12071DA0D5F: changes role from      null to FOLLOWER at term 0 for startAsFollower
2022-12-08 07:06:35,983 [pool-560-thread-1] INFO  impl.RoleInfo (RoleInfo.java:updateAndGet(139)) - a499b9c9-aca9-4e4e-999f-20c6bef7822c: start a499b9c9-aca9-4e4e-999f-20c6bef7822c@group-E12071DA0D5F-FollowerState
2022-12-08 07:06:35,983 [pool-560-thread-1] INFO  util.JmxRegister (JmxRegister.java:tryRegister(44)) - Successfully registered JMX Bean with object name Ratis:service=RaftServer,group=group-E12071DA0D5F,id=a499b9c9-aca9-4e4e-999f-20c6bef7822c
2022-12-08 07:06:35,983 [pool-560-thread-1] INFO  server.RaftServerConfigKeys (ConfUtils.java:logGet(46)) - raft.server.snapshot.auto.trigger.enabled = true (custom)
2022-12-08 07:06:35,983 [pool-560-thread-1] INFO  server.RaftServerConfigKeys (ConfUtils.java:logGet(46)) - raft.server.snapshot.auto.trigger.threshold = 10000 (custom)
2022-12-08 07:06:35,983 [pool-560-thread-1] INFO  server.RaftServerConfigKeys (ConfUtils.java:logGet(46)) - raft.server.snapshot.retention.file.num = 5 (custom)
2022-12-08 07:06:35,984 [pool-560-thread-1] INFO  server.RaftServerConfigKeys (ConfUtils.java:logGet(46)) - raft.server.log.purge.upto.snapshot.index = false (default)
2022-12-08 07:06:35,987 [a499b9c9-aca9-4e4e-999f-20c6bef7822c@group-E12071DA0D5F-FollowerState] INFO  server.RaftServerConfigKeys (ConfUtils.java:logFallback(53)) - raft.server.rpc.first-election.timeout.min = 5s (fallback to raft.server.rpc.timeout.min)
2022-12-08 07:06:35,987 [a499b9c9-aca9-4e4e-999f-20c6bef7822c@group-E12071DA0D5F-FollowerState] INFO  server.RaftServerConfigKeys (ConfUtils.java:logFallback(53)) - raft.server.rpc.first-election.timeout.max = 5200ms (fallback to raft.server.rpc.timeout.max)
2022-12-08 07:06:35,987 [Command processor thread] INFO  ratis.XceiverServerRatis (XceiverServerRatis.java:addGroup(765)) - Created group PipelineID=1a27c42b-a4ce-47ae-ac3f-e12071da0d5f
2022-12-08 07:06:35,987 [Command processor thread] INFO  commandhandler.CreatePipelineCommandHandler (CreatePipelineCommandHandler.java:handle(113)) - Created Pipeline RATIS ONE PipelineID=1a27c42b-a4ce-47ae-ac3f-e12071da0d5f.
2022-12-08 07:06:36,005 [ReplicationMonitor] INFO  replication.ReplicationManager (ReplicationManager.java:processAll(323)) - Replication Manager is not ready to run until 3000ms after safemode exit
2022-12-08 07:06:36,012 [EventQueue-CommandQueueReportForCommandQueueReportHandler] WARN  events.EventQueue (EventQueue.java:fireEvent(216)) - No event handler registered for event TypedEvent{payloadType=DatanodeDetails, name='Datanode_Command_Queue_Updated'}
2022-12-08 07:06:36,087 [EventQueue-CommandQueueReportForCommandQueueReportHandler] WARN  events.EventQueue (EventQueue.java:fireEvent(216)) - No event handler registered for event TypedEvent{payloadType=DatanodeDetails, name='Datanode_Command_Queue_Updated'}
2022-12-08 07:06:36,169 [Listener at 127.0.0.1/38067] INFO  ozone.MiniOzoneClusterImpl (MiniOzoneClusterImpl.java:lambda$waitForClusterToBeReady$0(216)) - Nodes are ready. Got 7 of 7 DN Heartbeats.
2022-12-08 07:06:36,169 [Listener at 127.0.0.1/38067] INFO  ozone.MiniOzoneClusterImpl (MiniOzoneClusterImpl.java:lambda$waitForClusterToBeReady$0(219)) - Waiting for cluster to exit safe mode
2022-12-08 07:06:36,169 [Listener at 127.0.0.1/38067] INFO  ozone.MiniOzoneClusterImpl (MiniOzoneClusterImpl.java:lambda$waitForClusterToBeReady$0(221)) - SCM became leader
2022-12-08 07:06:36,195 [EventQueue-CommandQueueReportForCommandQueueReportHandler] WARN  events.EventQueue (EventQueue.java:fireEvent(216)) - No event handler registered for event TypedEvent{payloadType=DatanodeDetails, name='Datanode_Command_Queue_Updated'}
2022-12-08 07:06:36,201 [EventQueue-OpenPipelineForHealthyPipelineSafeModeRule] INFO  safemode.SCMSafeModeManager (HealthyPipelineSafeModeRule.java:process(137)) - SCM in safe mode. Healthy pipelines reported count is 0, required healthy pipeline reported count is 1
2022-12-08 07:06:36,202 [EventQueue-CommandQueueReportForCommandQueueReportHandler] WARN  events.EventQueue (EventQueue.java:fireEvent(216)) - No event handler registered for event TypedEvent{payloadType=DatanodeDetails, name='Datanode_Command_Queue_Updated'}
2022-12-08 07:06:36,263 [Over Replicated Processor] INFO  replication.OverReplicatedProcessor (OverReplicatedProcessor.java:processAll(79)) - Processed 0 over replicated containers, failed processing 0
2022-12-08 07:06:36,273 [EventQueue-OpenPipelineForHealthyPipelineSafeModeRule] INFO  safemode.SCMSafeModeManager (HealthyPipelineSafeModeRule.java:process(137)) - SCM in safe mode. Healthy pipelines reported count is 0, required healthy pipeline reported count is 1
2022-12-08 07:06:36,273 [EventQueue-CommandQueueReportForCommandQueueReportHandler] WARN  events.EventQueue (EventQueue.java:fireEvent(216)) - No event handler registered for event TypedEvent{payloadType=DatanodeDetails, name='Datanode_Command_Queue_Updated'}
2022-12-08 07:06:36,295 [EventQueue-CommandQueueReportForCommandQueueReportHandler] WARN  events.EventQueue (EventQueue.java:fireEvent(216)) - No event handler registered for event TypedEvent{payloadType=DatanodeDetails, name='Datanode_Command_Queue_Updated'}
2022-12-08 07:06:36,332 [EventQueue-OpenPipelineForHealthyPipelineSafeModeRule] INFO  safemode.SCMSafeModeManager (HealthyPipelineSafeModeRule.java:process(137)) - SCM in safe mode. Healthy pipelines reported count is 0, required healthy pipeline reported count is 1
2022-12-08 07:06:36,332 [EventQueue-CommandQueueReportForCommandQueueReportHandler] WARN  events.EventQueue (EventQueue.java:fireEvent(216)) - No event handler registered for event TypedEvent{payloadType=DatanodeDetails, name='Datanode_Command_Queue_Updated'}
2022-12-08 07:06:36,338 [EventQueue-OpenPipelineForHealthyPipelineSafeModeRule] INFO  safemode.SCMSafeModeManager (HealthyPipelineSafeModeRule.java:process(137)) - SCM in safe mode. Healthy pipelines reported count is 0, required healthy pipeline reported count is 1
2022-12-08 07:06:36,338 [EventQueue-CommandQueueReportForCommandQueueReportHandler] WARN  events.EventQueue (EventQueue.java:fireEvent(216)) - No event handler registered for event TypedEvent{payloadType=DatanodeDetails, name='Datanode_Command_Queue_Updated'}
2022-12-08 07:06:36,354 [ContainerReplicationThread-0] INFO  replication.DownloadAndImportReplicator (DownloadAndImportReplicator.java:replicate(105)) - Starting replication of container 1 from [624d0ae4-c5c0-4b02-bbde-b37f19cf8f9a{ip: 10.1.0.14, host: fv-az165-805.wtg55dazuvhetdvd2gpth4ys5d.dx.internal.cloudapp.net, ports: [REPLICATION=39487, RATIS=41749, RATIS_ADMIN=41749, RATIS_SERVER=41749, STANDALONE=43743], networkLocation: /default-rack, certSerialId: null, persistedOpState: IN_SERVICE, persistedOpStateExpiryEpochSec: 0}, a323b8f8-7c4d-4fe6-8663-2fcba1e99710{ip: 10.1.0.14, host: fv-az165-805.wtg55dazuvhetdvd2gpth4ys5d.dx.internal.cloudapp.net, ports: [REPLICATION=34875, RATIS=38689, RATIS_ADMIN=38689, RATIS_SERVER=38689, STANDALONE=41587], networkLocation: /default-rack, certSerialId: null, persistedOpState: IN_SERVICE, persistedOpStateExpiryEpochSec: 0}, 1fec2e66-b36b-410d-a836-56974e80c6bf{ip: 10.1.0.14, host: fv-az165-805.wtg55dazuvhetdvd2gpth4ys5d.dx.internal.cloudapp.net, ports: [REPLICATION=42005, RATIS=40777, RATIS_ADMIN=40777, RATIS_SERVER=40777, STANDALONE=40099], networkLocation: /default-rack, certSerialId: null, persistedOpState: DECOMMISSIONING, persistedOpStateExpiryEpochSec: 0}]
2022-12-08 07:06:36,356 [EventQueue-CommandQueueReportForCommandQueueReportHandler] WARN  events.EventQueue (EventQueue.java:fireEvent(216)) - No event handler registered for event TypedEvent{payloadType=DatanodeDetails, name='Datanode_Command_Queue_Updated'}
2022-12-08 07:06:36,358 [ContainerReplicationThread-1] INFO  replication.DownloadAndImportReplicator (DownloadAndImportReplicator.java:replicate(105)) - Starting replication of container 2 from [a323b8f8-7c4d-4fe6-8663-2fcba1e99710{ip: 10.1.0.14, host: fv-az165-805.wtg55dazuvhetdvd2gpth4ys5d.dx.internal.cloudapp.net, ports: [REPLICATION=34875, RATIS=38689, RATIS_ADMIN=38689, RATIS_SERVER=38689, STANDALONE=41587], networkLocation: /default-rack, certSerialId: null, persistedOpState: IN_SERVICE, persistedOpStateExpiryEpochSec: 0}, 1fec2e66-b36b-410d-a836-56974e80c6bf{ip: 10.1.0.14, host: fv-az165-805.wtg55dazuvhetdvd2gpth4ys5d.dx.internal.cloudapp.net, ports: [REPLICATION=42005, RATIS=40777, RATIS_ADMIN=40777, RATIS_SERVER=40777, STANDALONE=40099], networkLocation: /default-rack, certSerialId: null, persistedOpState: DECOMMISSIONING, persistedOpStateExpiryEpochSec: 0}, 624d0ae4-c5c0-4b02-bbde-b37f19cf8f9a{ip: 10.1.0.14, host: fv-az165-805.wtg55dazuvhetdvd2gpth4ys5d.dx.internal.cloudapp.net, ports: [REPLICATION=39487, RATIS=41749, RATIS_ADMIN=41749, RATIS_SERVER=41749, STANDALONE=43743], networkLocation: /default-rack, certSerialId: null, persistedOpState: IN_SERVICE, persistedOpStateExpiryEpochSec: 0}]
2022-12-08 07:06:36,359 [EventQueue-CommandQueueReportForCommandQueueReportHandler] WARN  events.EventQueue (EventQueue.java:fireEvent(216)) - No event handler registered for event TypedEvent{payloadType=DatanodeDetails, name='Datanode_Command_Queue_Updated'}
2022-12-08 07:06:36,368 [ContainerReplicationThread-2] INFO  replication.DownloadAndImportReplicator (DownloadAndImportReplicator.java:replicate(105)) - Starting replication of container 3 from [624d0ae4-c5c0-4b02-bbde-b37f19cf8f9a{ip: 10.1.0.14, host: fv-az165-805.wtg55dazuvhetdvd2gpth4ys5d.dx.internal.cloudapp.net, ports: [REPLICATION=39487, RATIS=41749, RATIS_ADMIN=41749, RATIS_SERVER=41749, STANDALONE=43743], networkLocation: /default-rack, certSerialId: null, persistedOpState: IN_SERVICE, persistedOpStateExpiryEpochSec: 0}, a323b8f8-7c4d-4fe6-8663-2fcba1e99710{ip: 10.1.0.14, host: fv-az165-805.wtg55dazuvhetdvd2gpth4ys5d.dx.internal.cloudapp.net, ports: [REPLICATION=34875, RATIS=38689, RATIS_ADMIN=38689, RATIS_SERVER=38689, STANDALONE=41587], networkLocation: /default-rack, certSerialId: null, persistedOpState: IN_SERVICE, persistedOpStateExpiryEpochSec: 0}, 1fec2e66-b36b-410d-a836-56974e80c6bf{ip: 10.1.0.14, host: fv-az165-805.wtg55dazuvhetdvd2gpth4ys5d.dx.internal.cloudapp.net, ports: [REPLICATION=42005, RATIS=40777, RATIS_ADMIN=40777, RATIS_SERVER=40777, STANDALONE=40099], networkLocation: /default-rack, certSerialId: null, persistedOpState: DECOMMISSIONING, persistedOpStateExpiryEpochSec: 0}]
2022-12-08 07:06:36,368 [grpc-default-executor-4] INFO  replication.GrpcReplicationService (GrpcReplicationService.java:download(52)) - Streaming container data (2) to other datanode
2022-12-08 07:06:36,376 [grpc-default-executor-2] INFO  replication.GrpcReplicationService (GrpcReplicationService.java:download(52)) - Streaming container data (3) to other datanode
2022-12-08 07:06:36,386 [grpc-default-executor-4] INFO  replication.GrpcOutputStream (GrpcOutputStream.java:close(104)) - Sent 1845 bytes for container 2
2022-12-08 07:06:36,388 [grpc-default-executor-4] INFO  replication.GrpcReplicationClient (GrpcReplicationClient.java:onCompleted(197)) - Container 2 is downloaded to /home/runner/work/ozone/ozone/hadoop-ozone/integration-test/target/test-dir/MiniOzoneClusterImpl-3253a570-fb02-4895-b12a-309bd2ff2d50/datanode-5/data/replication/work/container-2.tar.gz
2022-12-08 07:06:36,392 [ContainerReplicationThread-1] INFO  replication.DownloadAndImportReplicator (DownloadAndImportReplicator.java:replicate(117)) - Container 2 is downloaded with size 1845, starting to import.
2022-12-08 07:06:36,396 [grpc-default-executor-4] INFO  replication.GrpcReplicationService (GrpcReplicationService.java:download(52)) - Streaming container data (1) to other datanode
2022-12-08 07:06:36,404 [grpc-default-executor-2] INFO  replication.GrpcOutputStream (GrpcOutputStream.java:close(104)) - Sent 1818 bytes for container 3
2022-12-08 07:06:36,409 [grpc-default-executor-2] INFO  replication.GrpcReplicationClient (GrpcReplicationClient.java:onCompleted(197)) - Container 3 is downloaded to /home/runner/work/ozone/ozone/hadoop-ozone/integration-test/target/test-dir/MiniOzoneClusterImpl-3253a570-fb02-4895-b12a-309bd2ff2d50/datanode-5/data/replication/work/container-3.tar.gz
2022-12-08 07:06:36,411 [ContainerReplicationThread-2] INFO  replication.DownloadAndImportReplicator (DownloadAndImportReplicator.java:replicate(117)) - Container 3 is downloaded with size 1818, starting to import.
2022-12-08 07:06:36,444 [EventQueue-CommandQueueReportForCommandQueueReportHandler] WARN  events.EventQueue (EventQueue.java:fireEvent(216)) - No event handler registered for event TypedEvent{payloadType=DatanodeDetails, name='Datanode_Command_Queue_Updated'}
2022-12-08 07:06:36,444 [ContainerReplicationThread-1] INFO  replication.DownloadAndImportReplicator (DownloadAndImportReplicator.java:replicate(122)) - Container 2 is replicated successfully
2022-12-08 07:06:36,444 [ContainerReplicationThread-1] INFO  replication.ReplicationSupervisor (ReplicationSupervisor.java:run(176)) - Container 2 is replicated.
2022-12-08 07:06:36,447 [grpc-default-executor-4] INFO  replication.GrpcOutputStream (GrpcOutputStream.java:close(104)) - Sent 1836 bytes for container 1
2022-12-08 07:06:36,447 [grpc-default-executor-0] INFO  replication.GrpcReplicationClient (GrpcReplicationClient.java:onCompleted(197)) - Container 1 is downloaded to /home/runner/work/ozone/ozone/hadoop-ozone/integration-test/target/test-dir/MiniOzoneClusterImpl-3253a570-fb02-4895-b12a-309bd2ff2d50/datanode-5/data/replication/work/container-1.tar.gz
2022-12-08 07:06:36,469 [ContainerReplicationThread-0] INFO  replication.DownloadAndImportReplicator (DownloadAndImportReplicator.java:replicate(117)) - Container 1 is downloaded with size 1836, starting to import.
2022-12-08 07:06:36,477 [ContainerReplicationThread-2] INFO  replication.DownloadAndImportReplicator (DownloadAndImportReplicator.java:replicate(122)) - Container 3 is replicated successfully
2022-12-08 07:06:36,477 [ContainerReplicationThread-2] INFO  replication.ReplicationSupervisor (ReplicationSupervisor.java:run(176)) - Container 3 is replicated.
2022-12-08 07:06:36,478 [EventQueue-CommandQueueReportForCommandQueueReportHandler] WARN  events.EventQueue (EventQueue.java:fireEvent(216)) - No event handler registered for event TypedEvent{payloadType=DatanodeDetails, name='Datanode_Command_Queue_Updated'}
2022-12-08 07:06:36,502 [ContainerReplicationThread-0] INFO  replication.DownloadAndImportReplicator (DownloadAndImportReplicator.java:replicate(122)) - Container 1 is replicated successfully
2022-12-08 07:06:36,504 [EventQueue-CommandQueueReportForCommandQueueReportHandler] WARN  events.EventQueue (EventQueue.java:fireEvent(216)) - No event handler registered for event TypedEvent{payloadType=DatanodeDetails, name='Datanode_Command_Queue_Updated'}
2022-12-08 07:06:36,505 [ContainerReplicationThread-0] INFO  replication.ReplicationSupervisor (ReplicationSupervisor.java:run(176)) - Container 1 is replicated.
2022-12-08 07:06:36,539 [EventQueue-CommandQueueReportForCommandQueueReportHandler] WARN  events.EventQueue (EventQueue.java:fireEvent(216)) - No event handler registered for event TypedEvent{payloadType=DatanodeDetails, name='Datanode_Command_Queue_Updated'}
2022-12-08 07:06:36,552 [Command processor thread] INFO  server.RaftServer (RaftServerProxy.java:addNew(96)) - b199db80-c206-49d0-9080-733e3ea0a692: addNew group-CC7CEFFC7143:[b199db80-c206-49d0-9080-733e3ea0a692|rpc:10.1.0.14:40813|priority:1|startupRole:FOLLOWER] returns group-CC7CEFFC7143:java.util.concurrent.CompletableFuture@77bb7f38[Not completed]
2022-12-08 07:06:36,553 [pool-589-thread-1] INFO  server.RaftServer$Division (RaftServerImpl.java:<init>(195)) - b199db80-c206-49d0-9080-733e3ea0a692: new RaftServerImpl for group-CC7CEFFC7143:[b199db80-c206-49d0-9080-733e3ea0a692|rpc:10.1.0.14:40813|priority:1|startupRole:FOLLOWER] with ContainerStateMachine:uninitialized
2022-12-08 07:06:36,554 [pool-589-thread-1] INFO  server.RaftServerConfigKeys (ConfUtils.java:logGet(46)) - raft.server.rpc.timeout.min = 5s (custom)
2022-12-08 07:06:36,554 [pool-589-thread-1] INFO  server.RaftServerConfigKeys (ConfUtils.java:logGet(46)) - raft.server.rpc.timeout.max = 5200ms (custom)
2022-12-08 07:06:36,554 [pool-589-thread-1] INFO  server.RaftServerConfigKeys (ConfUtils.java:logGet(46)) - raft.server.rpc.sleep.time = 25ms (default)
2022-12-08 07:06:36,554 [pool-589-thread-1] INFO  server.RaftServerConfigKeys (ConfUtils.java:logGet(46)) - raft.server.rpc.slowness.timeout = 300s (custom)
2022-12-08 07:06:36,554 [pool-589-thread-1] INFO  server.RaftServerConfigKeys (ConfUtils.java:logGet(46)) - raft.server.leaderelection.leader.step-down.wait-time = 10s (default)
2022-12-08 07:06:36,554 [pool-589-thread-1] INFO  server.RaftServerConfigKeys (ConfUtils.java:logGet(46)) - raft.server.sleep.deviation.threshold = 300ms (default)
2022-12-08 07:06:36,554 [pool-589-thread-1] INFO  server.RaftServer$Division (ServerState.java:<init>(118)) - b199db80-c206-49d0-9080-733e3ea0a692@group-CC7CEFFC7143: ConfigurationManager, init=-1: peers:[b199db80-c206-49d0-9080-733e3ea0a692|rpc:10.1.0.14:40813|priority:1|startupRole:FOLLOWER]|listeners:[], old=null, confs=<EMPTY_MAP>
2022-12-08 07:06:36,554 [pool-589-thread-1] INFO  server.RaftServerConfigKeys (ConfUtils.java:logGet(46)) - raft.server.storage.dir = [/home/runner/work/ozone/ozone/hadoop-ozone/integration-test/target/test-dir/MiniOzoneClusterImpl-510a2802-165a-4ebd-9ade-f7b35b2c34f6/datanode-5/data/ratis] (custom)
2022-12-08 07:06:36,555 [pool-589-thread-1] INFO  server.RaftServerConfigKeys (ConfUtils.java:logGet(46)) - raft.server.log.corruption.policy = EXCEPTION (default)
2022-12-08 07:06:36,555 [pool-589-thread-1] INFO  server.RaftServerConfigKeys (ConfUtils.java:logGet(46)) - raft.server.storage.free-space.min = 0MB (=0) (default)
2022-12-08 07:06:36,556 [pool-589-thread-1] INFO  server.RaftServerConfigKeys (ConfUtils.java:logGet(46)) - raft.server.notification.no-leader.timeout = 300s (custom)
2022-12-08 07:06:36,557 [EventQueue-CommandQueueReportForCommandQueueReportHandler] WARN  events.EventQueue (EventQueue.java:fireEvent(216)) - No event handler registered for event TypedEvent{payloadType=DatanodeDetails, name='Datanode_Command_Queue_Updated'}
2022-12-08 07:06:36,557 [pool-589-thread-1] INFO  server.RaftServerConfigKeys (ConfUtils.java:logGet(46)) - raft.server.retrycache.expirytime = 600000ms (custom)
2022-12-08 07:06:36,557 [pool-589-thread-1] INFO  server.RaftServerConfigKeys (ConfUtils.java:logGet(46)) - raft.server.retrycache.statistics.expirytime = 100μs (default)
2022-12-08 07:06:36,560 [pool-589-thread-1] INFO  server.RaftServerConfigKeys (ConfUtils.java:logGet(46)) - raft.server.log.appender.install.snapshot.enabled = false (custom)
2022-12-08 07:06:36,560 [pool-589-thread-1] INFO  server.RaftServerConfigKeys (ConfUtils.java:logGet(46)) - raft.server.threadpool.server.cached = true (default)
2022-12-08 07:06:36,560 [pool-589-thread-1] INFO  server.RaftServerConfigKeys (ConfUtils.java:logGet(46)) - raft.server.threadpool.server.size = 0 (default)
2022-12-08 07:06:36,560 [pool-589-thread-1] INFO  server.RaftServerConfigKeys (ConfUtils.java:logGet(46)) - raft.server.threadpool.client.cached = true (default)
2022-12-08 07:06:36,562 [pool-589-thread-1] INFO  server.RaftServerConfigKeys (ConfUtils.java:logGet(46)) - raft.server.threadpool.client.size = 0 (default)
2022-12-08 07:06:36,562 [pool-589-thread-1] INFO  storage.RaftStorageDirectory (RaftStorageDirectoryImpl.java:analyzeStorage(137)) - The storage directory /home/runner/work/ozone/ozone/hadoop-ozone/integration-test/target/test-dir/MiniOzoneClusterImpl-510a2802-165a-4ebd-9ade-f7b35b2c34f6/datanode-5/data/ratis/bed2fd9d-b13d-43a4-9011-cc7ceffc7143 does not exist. Creating ...
2022-12-08 07:06:36,563 [pool-589-thread-1] INFO  storage.RaftStorageDirectory (RaftStorageDirectoryImpl.java:tryLock(231)) - Lock on /home/runner/work/ozone/ozone/hadoop-ozone/integration-test/target/test-dir/MiniOzoneClusterImpl-510a2802-165a-4ebd-9ade-f7b35b2c34f6/datanode-5/data/ratis/bed2fd9d-b13d-43a4-9011-cc7ceffc7143/in_use.lock acquired by nodename 50697@fv-az165-805
2022-12-08 07:06:36,566 [pool-589-thread-1] INFO  storage.RaftStorage (RaftStorageImpl.java:format(96)) - Storage directory /home/runner/work/ozone/ozone/hadoop-ozone/integration-test/target/test-dir/MiniOzoneClusterImpl-510a2802-165a-4ebd-9ade-f7b35b2c34f6/datanode-5/data/ratis/bed2fd9d-b13d-43a4-9011-cc7ceffc7143 has been successfully formatted.
2022-12-08 07:06:36,569 [pool-589-thread-1] INFO  ratis.ContainerStateMachine (ContainerStateMachine.java:loadSnapshot(236)) - group-CC7CEFFC7143: The snapshot info is null. Setting the last applied indexto:(t:0, i:~)
2022-12-08 07:06:36,569 [pool-589-thread-1] INFO  server.RaftServerConfigKeys (ConfUtils.java:logGet(46)) - raft.server.log.use.memory = false (default)
2022-12-08 07:06:36,570 [pool-589-thread-1] INFO  server.RaftServerConfigKeys (ConfUtils.java:logGet(46)) - raft.server.log.purge.gap = 1000000 (custom)
2022-12-08 07:06:36,570 [pool-589-thread-1] INFO  server.RaftServerConfigKeys (ConfUtils.java:logGet(46)) - raft.server.log.appender.buffer.byte-limit = 33554432 (custom)
2022-12-08 07:06:36,570 [pool-589-thread-1] INFO  server.RaftServerConfigKeys (ConfUtils.java:logGet(46)) - raft.server.log.statemachine.data.read.timeout = 1000ms (default)
2022-12-08 07:06:36,570 [pool-589-thread-1] INFO  server.RaftServerConfigKeys (ConfUtils.java:logGet(46)) - raft.server.log.purge.preservation.log.num = 0 (default)
2022-12-08 07:06:36,570 [pool-589-thread-1] INFO  server.RaftServerConfigKeys (ConfUtils.java:logGet(46)) - raft.server.log.segment.size.max = 1048576 (custom)
2022-12-08 07:06:36,572 [EventQueue-PipelineReportForPipelineReportHandler] INFO  pipeline.PipelineManagerImpl (PipelineManagerImpl.java:openPipeline(367)) - Pipeline Pipeline[ Id: bed2fd9d-b13d-43a4-9011-cc7ceffc7143, Nodes: b199db80-c206-49d0-9080-733e3ea0a692{ip: 10.1.0.14, host: fv-az165-805.wtg55dazuvhetdvd2gpth4ys5d.dx.internal.cloudapp.net, ports: [REPLICATION=41605, RATIS=40813, RATIS_ADMIN=40813, RATIS_SERVER=40813, STANDALONE=42299], networkLocation: /default-rack, certSerialId: null, persistedOpState: IN_SERVICE, persistedOpStateExpiryEpochSec: 0}, ReplicationConfig: RATIS/ONE, State:ALLOCATED, leaderId:b199db80-c206-49d0-9080-733e3ea0a692, CreationTimestamp2022-12-08T07:06:33.557Z[Etc/UTC]] moved to OPEN state
2022-12-08 07:06:36,575 [EventQueue-OpenPipelineForHealthyPipelineSafeModeRule] INFO  safemode.SCMSafeModeManager (HealthyPipelineSafeModeRule.java:process(137)) - SCM in safe mode. Healthy pipelines reported count is 0, required healthy pipeline reported count is 1
2022-12-08 07:06:36,572 [EventQueue-CommandQueueReportForCommandQueueReportHandler] WARN  events.EventQueue (EventQueue.java:fireEvent(216)) - No event handler registered for event TypedEvent{payloadType=DatanodeDetails, name='Datanode_Command_Queue_Updated'}
2022-12-08 07:06:36,575 [pool-589-thread-1] INFO  server.RaftServerConfigKeys (ConfUtils.java:logGet(46)) - raft.server.log.segment.cache.num.max = 2 (custom)
2022-12-08 07:06:36,576 [pool-589-thread-1] INFO  server.RaftServerConfigKeys (ConfUtils.java:logGet(46)) - raft.server.log.segment.cache.size.max = 200MB (=209715200) (default)
2022-12-08 07:06:36,576 [pool-589-thread-1] INFO  segmented.SegmentedRaftLogWorker (SegmentedRaftLogWorker.java:<init>(189)) - new b199db80-c206-49d0-9080-733e3ea0a692@group-CC7CEFFC7143-SegmentedRaftLogWorker for RaftStorageImpl:Storage Directory /home/runner/work/ozone/ozone/hadoop-ozone/integration-test/target/test-dir/MiniOzoneClusterImpl-510a2802-165a-4ebd-9ade-f7b35b2c34f6/datanode-5/data/ratis/bed2fd9d-b13d-43a4-9011-cc7ceffc7143
2022-12-08 07:06:36,576 [pool-589-thread-1] INFO  server.RaftServerConfigKeys (ConfUtils.java:logGet(46)) - raft.server.log.queue.byte-limit = 4294967296 (custom)
2022-12-08 07:06:36,577 [pool-589-thread-1] INFO  server.RaftServerConfigKeys (ConfUtils.java:logGet(46)) - raft.server.log.queue.element-limit = 1024 (custom)
2022-12-08 07:06:36,577 [pool-589-thread-1] INFO  server.RaftServerConfigKeys (ConfUtils.java:logGet(46)) - raft.server.log.segment.size.max = 1048576 (custom)
2022-12-08 07:06:36,577 [pool-589-thread-1] INFO  server.RaftServerConfigKeys (ConfUtils.java:logGet(46)) - raft.server.log.preallocated.size = 16384 (custom)
2022-12-08 07:06:36,577 [pool-589-thread-1] INFO  server.RaftServerConfigKeys (ConfUtils.java:logGet(46)) - raft.server.log.force.sync.num = 128 (default)
2022-12-08 07:06:36,577 [pool-589-thread-1] INFO  server.RaftServerConfigKeys (ConfUtils.java:logGet(46)) - raft.server.log.statemachine.data.sync = true (default)
2022-12-08 07:06:36,577 [pool-589-thread-1] INFO  server.RaftServerConfigKeys (ConfUtils.java:logGet(46)) - raft.server.log.statemachine.data.sync.timeout = 10s (default)
2022-12-08 07:06:36,577 [pool-589-thread-1] INFO  server.RaftServerConfigKeys (ConfUtils.java:logGet(46)) - raft.server.log.statemachine.data.sync.timeout.retry = -1 (default)
2022-12-08 07:06:36,579 [pool-589-thread-1] INFO  server.RaftServerConfigKeys (ConfUtils.java:logGet(46)) - raft.server.log.write.buffer.size = 1048576 (custom)
2022-12-08 07:06:36,580 [pool-589-thread-1] INFO  server.RaftServerConfigKeys (ConfUtils.java:logGet(46)) - raft.server.log.appender.buffer.byte-limit = 33554432 (custom)
2022-12-08 07:06:37,092 [ReplicationMonitor] INFO  replication.ReplicationManager (ReplicationManager.java:processAll(323)) - Replication Manager is not ready to run until 3000ms after safemode exit
2022-12-08 07:06:37,094 [EventQueue-CommandQueueReportForCommandQueueReportHandler] WARN  events.EventQueue (EventQueue.java:fireEvent(216)) - No event handler registered for event TypedEvent{payloadType=DatanodeDetails, name='Datanode_Command_Queue_Updated'}
2022-12-08 07:06:37,095 [JvmPauseMonitor9] WARN  util.JvmPauseMonitor (JvmPauseMonitor.java:detectPause(126)) - JvmPauseMonitor-058e5e99-a8f6-4821-8c5b-5a3d1bcc7ba8: Detected pause in JVM or host machine (eg GC): pause of approximately 177278730ns.
GC pool 'PS MarkSweep' had collection(s): count=1 time=339ms
GC pool 'PS Scavenge' had collection(s): count=1 time=163ms
2022-12-08 07:06:37,095 [JvmPauseMonitor11] WARN  util.JvmPauseMonitor (JvmPauseMonitor.java:detectPause(126)) - JvmPauseMonitor-5de537c7-90df-4f10-a651-9ea369dcfb7f: Detected pause in JVM or host machine (eg GC): pause of approximately 199690894ns.
GC pool 'PS MarkSweep' had collection(s): count=1 time=339ms
GC pool 'PS Scavenge' had collection(s): count=1 time=163ms
2022-12-08 07:06:37,095 [JvmPauseMonitor10] WARN  util.JvmPauseMonitor (JvmPauseMonitor.java:detectPause(126)) - JvmPauseMonitor-dc0237ef-1609-4756-90d6-b66d262b465e: Detected pause in JVM or host machine (eg GC): pause of approximately 177641331ns.
GC pool 'PS MarkSweep' had collection(s): count=1 time=339ms
GC pool 'PS Scavenge' had collection(s): count=1 time=163ms
2022-12-08 07:06:37,095 [EventQueue-CommandQueueReportForCommandQueueReportHandler] WARN  events.EventQueue (EventQueue.java:fireEvent(216)) - No event handler registered for event TypedEvent{payloadType=DatanodeDetails, name='Datanode_Command_Queue_Updated'}
2022-12-08 07:06:37,096 [EventQueue-OpenPipelineForHealthyPipelineSafeModeRule] INFO  safemode.SCMSafeModeManager (HealthyPipelineSafeModeRule.java:process(137)) - SCM in safe mode. Healthy pipelines reported count is 0, required healthy pipeline reported count is 1
2022-12-08 07:06:37,096 [ReplicationMonitor] INFO  replication.ReplicationManager (ReplicationManager.java:processAll(356)) - Replication Monitor Thread took 1 milliseconds for processing 8 containers.
2022-12-08 07:06:37,096 [EventQueue-CommandQueueReportForCommandQueueReportHandler] WARN  events.EventQueue (EventQueue.java:fireEvent(216)) - No event handler registered for event TypedEvent{payloadType=DatanodeDetails, name='Datanode_Command_Queue_Updated'}
2022-12-08 07:06:37,097 [Under Replicated Processor] INFO  replication.UnderReplicatedProcessor (UnderReplicatedProcessor.java:processAll(79)) - Processed 0 under replicated containers, failed processing 0
2022-12-08 07:06:37,100 [JvmPauseMonitor12] WARN  util.JvmPauseMonitor (JvmPauseMonitor.java:detectPause(126)) - JvmPauseMonitor-f6c9fd2f-7084-461f-8c2a-824e0c2d9f6f: Detected pause in JVM or host machine (eg GC): pause of approximately 280896825ns.
GC pool 'PS MarkSweep' had collection(s): count=1 time=339ms
GC pool 'PS Scavenge' had collection(s): count=1 time=163ms
2022-12-08 07:06:37,101 [JvmPauseMonitor15] WARN  util.JvmPauseMonitor (JvmPauseMonitor.java:detectPause(126)) - JvmPauseMonitor-b9ccd6e2-8e07-476f-a987-65ce83bdb13d: Detected pause in JVM or host machine (eg GC): pause of approximately 284116834ns.
GC pool 'PS MarkSweep' had collection(s): count=1 time=339ms
GC pool 'PS Scavenge' had collection(s): count=1 time=163ms
2022-12-08 07:06:37,101 [JvmPauseMonitor4] WARN  util.JvmPauseMonitor (JvmPauseMonitor.java:detectPause(126)) - JvmPauseMonitor-e288a489-637a-4316-af43-30866b2c8bfc: Detected pause in JVM or host machine (eg GC): pause of approximately 327810159ns.
GC pool 'PS MarkSweep' had collection(s): count=1 time=339ms
GC pool 'PS Scavenge' had collection(s): count=1 time=163ms
2022-12-08 07:06:37,101 [JvmPauseMonitor6] WARN  util.JvmPauseMonitor (JvmPauseMonitor.java:detectPause(126)) - JvmPauseMonitor-aa703a63-3c65-4215-94e9-ba864e506dd9: Detected pause in JVM or host machine (eg GC): pause of approximately 335210180ns.
GC pool 'PS MarkSweep' had collection(s): count=1 time=339ms
GC pool 'PS Scavenge' had collection(s): count=1 time=163ms
2022-12-08 07:06:37,101 [JvmPauseMonitor2] WARN  util.JvmPauseMonitor (JvmPauseMonitor.java:detectPause(126)) - JvmPauseMonitor-624d0ae4-c5c0-4b02-bbde-b37f19cf8f9a: Detected pause in JVM or host machine (eg GC): pause of approximately 335252180ns.
GC pool 'PS MarkSweep' had collection(s): count=1 time=339ms
GC pool 'PS Scavenge' had collection(s): count=1 time=163ms
2022-12-08 07:06:37,101 [JvmPauseMonitor7] WARN  util.JvmPauseMonitor (JvmPauseMonitor.java:detectPause(126)) - JvmPauseMonitor-f4ffb4f0-97dc-4c31-9ebf-2914332a538f: Detected pause in JVM or host machine (eg GC): pause of approximately 335333280ns.
GC pool 'PS MarkSweep' had collection(s): count=1 time=339ms
GC pool 'PS Scavenge' had collection(s): count=1 time=163ms
2022-12-08 07:06:37,101 [JvmPauseMonitor1] WARN  util.JvmPauseMonitor (JvmPauseMonitor.java:detectPause(126)) - JvmPauseMonitor-a323b8f8-7c4d-4fe6-8663-2fcba1e99710: Detected pause in JVM or host machine (eg GC): pause of approximately 335551582ns.
GC pool 'PS MarkSweep' had collection(s): count=1 time=339ms
GC pool 'PS Scavenge' had collection(s): count=1 time=163ms
2022-12-08 07:06:37,102 [JvmPauseMonitor3] WARN  util.JvmPauseMonitor (JvmPauseMonitor.java:detectPause(126)) - JvmPauseMonitor-1fec2e66-b36b-410d-a836-56974e80c6bf: Detected pause in JVM or host machine (eg GC): pause of approximately 338788390ns.
GC pool 'PS MarkSweep' had collection(s): count=1 time=339ms
GC pool 'PS Scavenge' had collection(s): count=1 time=163ms
2022-12-08 07:06:37,102 [JvmPauseMonitor0] WARN  util.JvmPauseMonitor (JvmPauseMonitor.java:detectPause(126)) - JvmPauseMonitor-om1: Detected pause in JVM or host machine (eg GC): pause of approximately 338712190ns.
GC pool 'PS MarkSweep' had collection(s): count=1 time=339ms
GC pool 'PS Scavenge' had collection(s): count=1 time=163ms
2022-12-08 07:06:37,102 [JvmPauseMonitor5] WARN  util.JvmPauseMonitor (JvmPauseMonitor.java:detectPause(126)) - JvmPauseMonitor-6eec9aac-ee1b-4e1e-837d-d3cab734710b: Detected pause in JVM or host machine (eg GC): pause of approximately 338846090ns.
GC pool 'PS MarkSweep' had collection(s): count=1 time=339ms
GC pool 'PS Scavenge' had collection(s): count=1 time=163ms
2022-12-08 07:06:37,103 [DatanodeAdminManager-0] INFO  node.DatanodeAdminMonitorImpl (DatanodeAdminMonitorImpl.java:checkContainersReplicatedOnNode(377)) - 1fec2e66-b36b-410d-a836-56974e80c6bf{ip: 10.1.0.14, host: fv-az165-805.wtg55dazuvhetdvd2gpth4ys5d.dx.internal.cloudapp.net, ports: [REPLICATION=42005, RATIS=40777, RATIS_ADMIN=40777, RATIS_SERVER=40777, STANDALONE=40099], networkLocation: /default-rack, certSerialId: null, persistedOpState: DECOMMISSIONING, persistedOpStateExpiryEpochSec: 0} has 7 sufficientlyReplicated, 0 underReplicated and 0 unhealthy containers
2022-12-08 07:06:37,103 [EventQueue-CommandQueueReportForCommandQueueReportHandler] WARN  events.EventQueue (EventQueue.java:fireEvent(216)) - No event handler registered for event TypedEvent{payloadType=DatanodeDetails, name='Datanode_Command_Queue_Updated'}
2022-12-08 07:06:37,105 [EventQueue-HealthyReadonlyToHealthyNodeForReadOnlyHealthyToHealthyNodeHandler] INFO  node.ReadOnlyHealthyToHealthyNodeHandler (ReadOnlyHealthyToHealthyNodeHandler.java:onMessage(51)) - Datanode 1fec2e66-b36b-410d-a836-56974e80c6bf{ip: 10.1.0.14, host: fv-az165-805.wtg55dazuvhetdvd2gpth4ys5d.dx.internal.cloudapp.net, ports: [REPLICATION=42005, RATIS=40777, RATIS_ADMIN=40777, RATIS_SERVER=40777, STANDALONE=40099], networkLocation: /default-rack, certSerialId: null, persistedOpState: DECOMMISSIONING, persistedOpStateExpiryEpochSec: 0} moved to HEALTHY state.
2022-12-08 07:06:37,105 [EventQueue-HealthyReadonlyToHealthyNodeForReadOnlyHealthyToHealthyNodeHandler] INFO  pipeline.BackgroundPipelineCreator (BackgroundPipelineCreator.java:notifyEventTriggered(276)) - trigger a one-shot run on RatisPipelineUtilsThread.
2022-12-08 07:06:37,105 [DatanodeAdminManager-0] INFO  node.DatanodeAdminMonitorImpl (DatanodeAdminMonitorImpl.java:completeDecommission(414)) - Datanode 1fec2e66-b36b-410d-a836-56974e80c6bf{ip: 10.1.0.14, host: fv-az165-805.wtg55dazuvhetdvd2gpth4ys5d.dx.internal.cloudapp.net, ports: [REPLICATION=42005, RATIS=40777, RATIS_ADMIN=40777, RATIS_SERVER=40777, STANDALONE=40099], networkLocation: /default-rack, certSerialId: null, persistedOpState: DECOMMISSIONING, persistedOpStateExpiryEpochSec: 0} has completed the admin workflow. The operational state has been set to DECOMMISSIONED
2022-12-08 07:06:37,107 [RatisPipelineUtilsThread - 0] INFO  pipeline.RatisPipelineProvider (RatisPipelineProvider.java:lambda$create$0(195)) - Sending CreatePipelineCommand for pipeline:PipelineID=cd5a6b2c-53f2-4afd-ac0c-996a516cc7a2 to datanode:624d0ae4-c5c0-4b02-bbde-b37f19cf8f9a
2022-12-08 07:06:37,107 [RatisPipelineUtilsThread - 0] INFO  pipeline.RatisPipelineProvider (RatisPipelineProvider.java:lambda$create$0(195)) - Sending CreatePipelineCommand for pipeline:PipelineID=cd5a6b2c-53f2-4afd-ac0c-996a516cc7a2 to datanode:a323b8f8-7c4d-4fe6-8663-2fcba1e99710
2022-12-08 07:06:37,107 [RatisPipelineUtilsThread - 0] INFO  pipeline.RatisPipelineProvider (RatisPipelineProvider.java:lambda$create$0(195)) - Sending CreatePipelineCommand for pipeline:PipelineID=cd5a6b2c-53f2-4afd-ac0c-996a516cc7a2 to datanode:f4ffb4f0-97dc-4c31-9ebf-2914332a538f
2022-12-08 07:06:37,108 [RatisPipelineUtilsThread - 0] INFO  pipeline.PipelineStateManagerImpl (PipelineStateManagerImpl.java:addPipeline(103)) - Created pipeline Pipeline[ Id: cd5a6b2c-53f2-4afd-ac0c-996a516cc7a2, Nodes: 624d0ae4-c5c0-4b02-bbde-b37f19cf8f9a{ip: 10.1.0.14, host: fv-az165-805.wtg55dazuvhetdvd2gpth4ys5d.dx.internal.cloudapp.net, ports: [REPLICATION=39487, RATIS=41749, RATIS_ADMIN=41749, RATIS_SERVER=41749, STANDALONE=43743], networkLocation: /default-rack, certSerialId: null, persistedOpState: IN_SERVICE, persistedOpStateExpiryEpochSec: 0}a323b8f8-7c4d-4fe6-8663-2fcba1e99710{ip: 10.1.0.14, host: fv-az165-805.wtg55dazuvhetdvd2gpth4ys5d.dx.internal.cloudapp.net, ports: [REPLICATION=34875, RATIS=38689, RATIS_ADMIN=38689, RATIS_SERVER=38689, STANDALONE=41587], networkLocation: /default-rack, certSerialId: null, persistedOpState: IN_SERVICE, persistedOpStateExpiryEpochSec: 0}f4ffb4f0-97dc-4c31-9ebf-2914332a538f{ip: 10.1.0.14, host: fv-az165-805.wtg55dazuvhetdvd2gpth4ys5d.dx.internal.cloudapp.net, ports: [REPLICATION=33383, RATIS=34119, RATIS_ADMIN=34119, RATIS_SERVER=34119, STANDALONE=42873], networkLocation: /default-rack, certSerialId: null, persistedOpState: IN_SERVICE, persistedOpStateExpiryEpochSec: 0}, ReplicationConfig: RATIS/THREE, State:ALLOCATED, leaderId:, CreationTimestamp2022-12-08T07:06:37.107Z[Etc/UTC]].
2022-12-08 07:06:37,108 [JvmPauseMonitor14] WARN  util.JvmPauseMonitor (JvmPauseMonitor.java:detectPause(126)) - JvmPauseMonitor-b199db80-c206-49d0-9080-733e3ea0a692: Detected pause in JVM or host machine (eg GC): pause of approximately 456032024ns.
GC pool 'PS MarkSweep' had collection(s): count=1 time=339ms
GC pool 'PS Scavenge' had collection(s): count=1 time=163ms
2022-12-08 07:06:37,104 [pool-589-thread-1] INFO  server.RaftServerConfigKeys (ConfUtils.java:logGet(46)) - raft.server.log.unsafe-flush.enabled = false (default)
2022-12-08 07:06:37,109 [pool-589-thread-1] INFO  server.RaftServerConfigKeys (ConfUtils.java:logGet(46)) - raft.server.log.async-flush.enabled = false (default)
2022-12-08 07:06:37,109 [JvmPauseMonitor8] WARN  util.JvmPauseMonitor (JvmPauseMonitor.java:detectPause(126)) - JvmPauseMonitor-om1: Detected pause in JVM or host machine (eg GC): pause of approximately 474240576ns.
GC pool 'PS MarkSweep' had collection(s): count=1 time=339ms
GC pool 'PS Scavenge' had collection(s): count=1 time=163ms
2022-12-08 07:06:37,109 [pool-589-thread-1] INFO  server.RaftServerConfigKeys (ConfUtils.java:logGet(46)) - raft.server.log.statemachine.data.caching.enabled = true (custom)
2022-12-08 07:06:37,110 [pool-589-thread-1] INFO  segmented.SegmentedRaftLogWorker (SegmentedRaftLogWorker.java:lambda$new$0(135)) - b199db80-c206-49d0-9080-733e3ea0a692@group-CC7CEFFC7143-SegmentedRaftLogWorker: flushIndex: setUnconditionally 0 -> -1
2022-12-08 07:06:37,110 [pool-589-thread-1] INFO  segmented.SegmentedRaftLogWorker (SegmentedRaftLogWorker.java:lambda$new$0(135)) - b199db80-c206-49d0-9080-733e3ea0a692@group-CC7CEFFC7143-SegmentedRaftLogWorker: safeCacheEvictIndex: setUnconditionally 0 -> -1
2022-12-08 07:06:37,112 [pool-589-thread-1] INFO  server.RaftServer$Division (RaftServerImpl.java:start(334)) - b199db80-c206-49d0-9080-733e3ea0a692@group-CC7CEFFC7143: start as a follower, conf=-1: peers:[b199db80-c206-49d0-9080-733e3ea0a692|rpc:10.1.0.14:40813|priority:1|startupRole:FOLLOWER]|listeners:[], old=null
2022-12-08 07:06:37,112 [pool-589-thread-1] INFO  server.RaftServer$Division (RaftServerImpl.java:setRole(321)) - b199db80-c206-49d0-9080-733e3ea0a692@group-CC7CEFFC7143: changes role from      null to FOLLOWER at term 0 for startAsFollower
2022-12-08 07:06:37,112 [pool-589-thread-1] INFO  impl.RoleInfo (RoleInfo.java:updateAndGet(139)) - b199db80-c206-49d0-9080-733e3ea0a692: start b199db80-c206-49d0-9080-733e3ea0a692@group-CC7CEFFC7143-FollowerState
2022-12-08 07:06:37,113 [pool-589-thread-1] INFO  util.JmxRegister (JmxRegister.java:tryRegister(44)) - Successfully registered JMX Bean with object name Ratis:service=RaftServer,group=group-CC7CEFFC7143,id=b199db80-c206-49d0-9080-733e3ea0a692
2022-12-08 07:06:37,113 [pool-589-thread-1] INFO  server.RaftServerConfigKeys (ConfUtils.java:logGet(46)) - raft.server.snapshot.auto.trigger.enabled = true (custom)
2022-12-08 07:06:37,113 [pool-589-thread-1] INFO  server.RaftServerConfigKeys (ConfUtils.java:logGet(46)) - raft.server.snapshot.auto.trigger.threshold = 10000 (custom)
2022-12-08 07:06:37,113 [pool-589-thread-1] INFO  server.RaftServerConfigKeys (ConfUtils.java:logGet(46)) - raft.server.snapshot.retention.file.num = 5 (custom)
2022-12-08 07:06:37,114 [pool-589-thread-1] INFO  server.RaftServerConfigKeys (ConfUtils.java:logGet(46)) - raft.server.log.purge.upto.snapshot.index = false (default)
2022-12-08 07:06:37,115 [b199db80-c206-49d0-9080-733e3ea0a692@group-CC7CEFFC7143-FollowerState] INFO  server.RaftServerConfigKeys (ConfUtils.java:logFallback(53)) - raft.server.rpc.first-election.timeout.min = 5s (fallback to raft.server.rpc.timeout.min)
2022-12-08 07:06:37,115 [b199db80-c206-49d0-9080-733e3ea0a692@group-CC7CEFFC7143-FollowerState] INFO  server.RaftServerConfigKeys (ConfUtils.java:logFallback(53)) - raft.server.rpc.first-election.timeout.max = 5200ms (fallback to raft.server.rpc.timeout.max)
2022-12-08 07:06:37,115 [Command processor thread] INFO  ratis.XceiverServerRatis (XceiverServerRatis.java:addGroup(765)) - Created group PipelineID=bed2fd9d-b13d-43a4-9011-cc7ceffc7143
2022-12-08 07:06:37,115 [Command processor thread] INFO  commandhandler.CreatePipelineCommandHandler (CreatePipelineCommandHandler.java:handle(113)) - Created Pipeline RATIS ONE PipelineID=bed2fd9d-b13d-43a4-9011-cc7ceffc7143.
2022-12-08 07:06:37,169 [Listener at 127.0.0.1/38067] INFO  ozone.MiniOzoneClusterImpl (MiniOzoneClusterImpl.java:lambda$waitForClusterToBeReady$0(216)) - Nodes are ready. Got 7 of 7 DN Heartbeats.
2022-12-08 07:06:37,170 [Listener at 127.0.0.1/38067] INFO  ozone.MiniOzoneClusterImpl (MiniOzoneClusterImpl.java:lambda$waitForClusterToBeReady$0(219)) - Waiting for cluster to exit safe mode
2022-12-08 07:06:37,170 [Listener at 127.0.0.1/38067] INFO  ozone.MiniOzoneClusterImpl (MiniOzoneClusterImpl.java:lambda$waitForClusterToBeReady$0(221)) - SCM became leader
2022-12-08 07:06:37,195 [Command processor thread] INFO  server.RaftServer (RaftServerProxy.java:addNew(96)) - b9ccd6e2-8e07-476f-a987-65ce83bdb13d: addNew group-655C1C993017:[b9ccd6e2-8e07-476f-a987-65ce83bdb13d|rpc:10.1.0.14:44951|priority:1|startupRole:FOLLOWER] returns group-655C1C993017:java.util.concurrent.CompletableFuture@464e9896[Not completed]
2022-12-08 07:06:37,197 [EventQueue-CommandQueueReportForCommandQueueReportHandler] WARN  events.EventQueue (EventQueue.java:fireEvent(216)) - No event handler registered for event TypedEvent{payloadType=DatanodeDetails, name='Datanode_Command_Queue_Updated'}
2022-12-08 07:06:37,201 [pool-616-thread-1] INFO  server.RaftServer$Division (RaftServerImpl.java:<init>(195)) - b9ccd6e2-8e07-476f-a987-65ce83bdb13d: new RaftServerImpl for group-655C1C993017:[b9ccd6e2-8e07-476f-a987-65ce83bdb13d|rpc:10.1.0.14:44951|priority:1|startupRole:FOLLOWER] with ContainerStateMachine:uninitialized
2022-12-08 07:06:37,201 [pool-616-thread-1] INFO  server.RaftServerConfigKeys (ConfUtils.java:logGet(46)) - raft.server.rpc.timeout.min = 5s (custom)
2022-12-08 07:06:37,202 [pool-616-thread-1] INFO  server.RaftServerConfigKeys (ConfUtils.java:logGet(46)) - raft.server.rpc.timeout.max = 5200ms (custom)
2022-12-08 07:06:37,202 [pool-616-thread-1] INFO  server.RaftServerConfigKeys (ConfUtils.java:logGet(46)) - raft.server.rpc.sleep.time = 25ms (default)
2022-12-08 07:06:37,202 [pool-616-thread-1] INFO  server.RaftServerConfigKeys (ConfUtils.java:logGet(46)) - raft.server.rpc.slowness.timeout = 300s (custom)
2022-12-08 07:06:37,202 [pool-616-thread-1] INFO  server.RaftServerConfigKeys (ConfUtils.java:logGet(46)) - raft.server.leaderelection.leader.step-down.wait-time = 10s (default)
2022-12-08 07:06:37,202 [pool-616-thread-1] INFO  server.RaftServerConfigKeys (ConfUtils.java:logGet(46)) - raft.server.sleep.deviation.threshold = 300ms (default)
2022-12-08 07:06:37,203 [pool-616-thread-1] INFO  server.RaftServer$Division (ServerState.java:<init>(118)) - b9ccd6e2-8e07-476f-a987-65ce83bdb13d@group-655C1C993017: ConfigurationManager, init=-1: peers:[b9ccd6e2-8e07-476f-a987-65ce83bdb13d|rpc:10.1.0.14:44951|priority:1|startupRole:FOLLOWER]|listeners:[], old=null, confs=<EMPTY_MAP>
2022-12-08 07:06:37,203 [pool-616-thread-1] INFO  server.RaftServerConfigKeys (ConfUtils.java:logGet(46)) - raft.server.storage.dir = [/home/runner/work/ozone/ozone/hadoop-ozone/integration-test/target/test-dir/MiniOzoneClusterImpl-510a2802-165a-4ebd-9ade-f7b35b2c34f6/datanode-6/data/ratis] (custom)
2022-12-08 07:06:37,203 [pool-616-thread-1] INFO  server.RaftServerConfigKeys (ConfUtils.java:logGet(46)) - raft.server.log.corruption.policy = EXCEPTION (default)
2022-12-08 07:06:37,203 [pool-616-thread-1] INFO  server.RaftServerConfigKeys (ConfUtils.java:logGet(46)) - raft.server.storage.free-space.min = 0MB (=0) (default)
2022-12-08 07:06:37,204 [pool-616-thread-1] INFO  server.RaftServerConfigKeys (ConfUtils.java:logGet(46)) - raft.server.notification.no-leader.timeout = 300s (custom)
2022-12-08 07:06:37,204 [pool-616-thread-1] INFO  server.RaftServerConfigKeys (ConfUtils.java:logGet(46)) - raft.server.retrycache.expirytime = 600000ms (custom)
2022-12-08 07:06:37,204 [pool-616-thread-1] INFO  server.RaftServerConfigKeys (ConfUtils.java:logGet(46)) - raft.server.retrycache.statistics.expirytime = 100μs (default)
2022-12-08 07:06:37,204 [EventQueue-CommandQueueReportForCommandQueueReportHandler] WARN  events.EventQueue (EventQueue.java:fireEvent(216)) - No event handler registered for event TypedEvent{payloadType=DatanodeDetails, name='Datanode_Command_Queue_Updated'}
2022-12-08 07:06:37,204 [EventQueue-OpenPipelineForHealthyPipelineSafeModeRule] INFO  safemode.SCMSafeModeManager (HealthyPipelineSafeModeRule.java:process(137)) - SCM in safe mode. Healthy pipelines reported count is 0, required healthy pipeline reported count is 1
2022-12-08 07:06:37,206 [pool-616-thread-1] INFO  server.RaftServerConfigKeys (ConfUtils.java:logGet(46)) - raft.server.log.appender.install.snapshot.enabled = false (custom)
2022-12-08 07:06:37,206 [pool-616-thread-1] INFO  server.RaftServerConfigKeys (ConfUtils.java:logGet(46)) - raft.server.threadpool.server.cached = true (default)
2022-12-08 07:06:37,206 [pool-616-thread-1] INFO  server.RaftServerConfigKeys (ConfUtils.java:logGet(46)) - raft.server.threadpool.server.size = 0 (default)
2022-12-08 07:06:37,206 [pool-616-thread-1] INFO  server.RaftServerConfigKeys (ConfUtils.java:logGet(46)) - raft.server.threadpool.client.cached = true (default)
2022-12-08 07:06:37,206 [pool-616-thread-1] INFO  server.RaftServerConfigKeys (ConfUtils.java:logGet(46)) - raft.server.threadpool.client.size = 0 (default)
2022-12-08 07:06:37,206 [pool-616-thread-1] INFO  storage.RaftStorageDirectory (RaftStorageDirectoryImpl.java:analyzeStorage(137)) - The storage directory /home/runner/work/ozone/ozone/hadoop-ozone/integration-test/target/test-dir/MiniOzoneClusterImpl-510a2802-165a-4ebd-9ade-f7b35b2c34f6/datanode-6/data/ratis/93993e98-48a8-4a9e-be5b-655c1c993017 does not exist. Creating ...
2022-12-08 07:06:37,213 [pool-616-thread-1] INFO  storage.RaftStorageDirectory (RaftStorageDirectoryImpl.java:tryLock(231)) - Lock on /home/runner/work/ozone/ozone/hadoop-ozone/integration-test/target/test-dir/MiniOzoneClusterImpl-510a2802-165a-4ebd-9ade-f7b35b2c34f6/datanode-6/data/ratis/93993e98-48a8-4a9e-be5b-655c1c993017/in_use.lock acquired by nodename 50697@fv-az165-805
2022-12-08 07:06:37,224 [pool-616-thread-1] INFO  storage.RaftStorage (RaftStorageImpl.java:format(96)) - Storage directory /home/runner/work/ozone/ozone/hadoop-ozone/integration-test/target/test-dir/MiniOzoneClusterImpl-510a2802-165a-4ebd-9ade-f7b35b2c34f6/datanode-6/data/ratis/93993e98-48a8-4a9e-be5b-655c1c993017 has been successfully formatted.
2022-12-08 07:06:37,225 [pool-616-thread-1] INFO  ratis.ContainerStateMachine (ContainerStateMachine.java:loadSnapshot(236)) - group-655C1C993017: The snapshot info is null. Setting the last applied indexto:(t:0, i:~)
2022-12-08 07:06:37,226 [pool-616-thread-1] INFO  server.RaftServerConfigKeys (ConfUtils.java:logGet(46)) - raft.server.log.use.memory = false (default)
2022-12-08 07:06:37,226 [pool-616-thread-1] INFO  server.RaftServerConfigKeys (ConfUtils.java:logGet(46)) - raft.server.log.purge.gap = 1000000 (custom)
2022-12-08 07:06:37,226 [pool-616-thread-1] INFO  server.RaftServerConfigKeys (ConfUtils.java:logGet(46)) - raft.server.log.appender.buffer.byte-limit = 33554432 (custom)
2022-12-08 07:06:37,226 [pool-616-thread-1] INFO  server.RaftServerConfigKeys (ConfUtils.java:logGet(46)) - raft.server.log.statemachine.data.read.timeout = 1000ms (default)
2022-12-08 07:06:37,231 [EventQueue-CommandQueueReportForCommandQueueReportHandler] WARN  events.EventQueue (EventQueue.java:fireEvent(216)) - No event handler registered for event TypedEvent{payloadType=DatanodeDetails, name='Datanode_Command_Queue_Updated'}
2022-12-08 07:06:37,232 [EventQueue-PipelineReportForPipelineReportHandler] INFO  pipeline.PipelineManagerImpl (PipelineManagerImpl.java:openPipeline(367)) - Pipeline Pipeline[ Id: 93993e98-48a8-4a9e-be5b-655c1c993017, Nodes: b9ccd6e2-8e07-476f-a987-65ce83bdb13d{ip: 10.1.0.14, host: fv-az165-805.wtg55dazuvhetdvd2gpth4ys5d.dx.internal.cloudapp.net, ports: [REPLICATION=42807, RATIS=44951, RATIS_ADMIN=44951, RATIS_SERVER=44951, STANDALONE=35303], networkLocation: /default-rack, certSerialId: null, persistedOpState: IN_SERVICE, persistedOpStateExpiryEpochSec: 0}, ReplicationConfig: RATIS/ONE, State:ALLOCATED, leaderId:b9ccd6e2-8e07-476f-a987-65ce83bdb13d, CreationTimestamp2022-12-08T07:06:34.200Z[Etc/UTC]] moved to OPEN state
2022-12-08 07:06:37,232 [EventQueue-OpenPipelineForHealthyPipelineSafeModeRule] INFO  safemode.SCMSafeModeManager (HealthyPipelineSafeModeRule.java:process(137)) - SCM in safe mode. Healthy pipelines reported count is 0, required healthy pipeline reported count is 1
2022-12-08 07:06:37,232 [pool-616-thread-1] INFO  server.RaftServerConfigKeys (ConfUtils.java:logGet(46)) - raft.server.log.purge.preservation.log.num = 0 (default)
2022-12-08 07:06:37,237 [pool-616-thread-1] INFO  server.RaftServerConfigKeys (ConfUtils.java:logGet(46)) - raft.server.log.segment.size.max = 1048576 (custom)
2022-12-08 07:06:37,238 [pool-616-thread-1] INFO  server.RaftServerConfigKeys (ConfUtils.java:logGet(46)) - raft.server.log.segment.cache.num.max = 2 (custom)
2022-12-08 07:06:37,238 [pool-616-thread-1] INFO  server.RaftServerConfigKeys (ConfUtils.java:logGet(46)) - raft.server.log.segment.cache.size.max = 200MB (=209715200) (default)
2022-12-08 07:06:37,238 [pool-616-thread-1] INFO  segmented.SegmentedRaftLogWorker (SegmentedRaftLogWorker.java:<init>(189)) - new b9ccd6e2-8e07-476f-a987-65ce83bdb13d@group-655C1C993017-SegmentedRaftLogWorker for RaftStorageImpl:Storage Directory /home/runner/work/ozone/ozone/hadoop-ozone/integration-test/target/test-dir/MiniOzoneClusterImpl-510a2802-165a-4ebd-9ade-f7b35b2c34f6/datanode-6/data/ratis/93993e98-48a8-4a9e-be5b-655c1c993017
2022-12-08 07:06:37,238 [pool-616-thread-1] INFO  server.RaftServerConfigKeys (ConfUtils.java:logGet(46)) - raft.server.log.queue.byte-limit = 4294967296 (custom)
2022-12-08 07:06:37,238 [pool-616-thread-1] INFO  server.RaftServerConfigKeys (ConfUtils.java:logGet(46)) - raft.server.log.queue.element-limit = 1024 (custom)
2022-12-08 07:06:37,238 [pool-616-thread-1] INFO  server.RaftServerConfigKeys (ConfUtils.java:logGet(46)) - raft.server.log.segment.size.max = 1048576 (custom)
2022-12-08 07:06:37,238 [pool-616-thread-1] INFO  server.RaftServerConfigKeys (ConfUtils.java:logGet(46)) - raft.server.log.preallocated.size = 16384 (custom)
2022-12-08 07:06:37,238 [pool-616-thread-1] INFO  server.RaftServerConfigKeys (ConfUtils.java:logGet(46)) - raft.server.log.force.sync.num = 128 (default)
2022-12-08 07:06:37,238 [pool-616-thread-1] INFO  server.RaftServerConfigKeys (ConfUtils.java:logGet(46)) - raft.server.log.statemachine.data.sync = true (default)
2022-12-08 07:06:37,239 [pool-616-thread-1] INFO  server.RaftServerConfigKeys (ConfUtils.java:logGet(46)) - raft.server.log.statemachine.data.sync.timeout = 10s (default)
2022-12-08 07:06:37,239 [pool-616-thread-1] INFO  server.RaftServerConfigKeys (ConfUtils.java:logGet(46)) - raft.server.log.statemachine.data.sync.timeout.retry = -1 (default)
2022-12-08 07:06:37,240 [pool-616-thread-1] INFO  server.RaftServerConfigKeys (ConfUtils.java:logGet(46)) - raft.server.log.write.buffer.size = 1048576 (custom)
2022-12-08 07:06:37,240 [pool-616-thread-1] INFO  server.RaftServerConfigKeys (ConfUtils.java:logGet(46)) - raft.server.log.appender.buffer.byte-limit = 33554432 (custom)
2022-12-08 07:06:37,248 [pool-616-thread-1] INFO  server.RaftServerConfigKeys (ConfUtils.java:logGet(46)) - raft.server.log.unsafe-flush.enabled = false (default)
2022-12-08 07:06:37,248 [pool-616-thread-1] INFO  server.RaftServerConfigKeys (ConfUtils.java:logGet(46)) - raft.server.log.async-flush.enabled = false (default)
2022-12-08 07:06:37,248 [pool-616-thread-1] INFO  server.RaftServerConfigKeys (ConfUtils.java:logGet(46)) - raft.server.log.statemachine.data.caching.enabled = true (custom)
2022-12-08 07:06:37,249 [pool-616-thread-1] INFO  segmented.SegmentedRaftLogWorker (SegmentedRaftLogWorker.java:lambda$new$0(135)) - b9ccd6e2-8e07-476f-a987-65ce83bdb13d@group-655C1C993017-SegmentedRaftLogWorker: flushIndex: setUnconditionally 0 -> -1
2022-12-08 07:06:37,249 [pool-616-thread-1] INFO  segmented.SegmentedRaftLogWorker (SegmentedRaftLogWorker.java:lambda$new$0(135)) - b9ccd6e2-8e07-476f-a987-65ce83bdb13d@group-655C1C993017-SegmentedRaftLogWorker: safeCacheEvictIndex: setUnconditionally 0 -> -1
2022-12-08 07:06:37,249 [pool-616-thread-1] INFO  server.RaftServer$Division (RaftServerImpl.java:start(334)) - b9ccd6e2-8e07-476f-a987-65ce83bdb13d@group-655C1C993017: start as a follower, conf=-1: peers:[b9ccd6e2-8e07-476f-a987-65ce83bdb13d|rpc:10.1.0.14:44951|priority:1|startupRole:FOLLOWER]|listeners:[], old=null
2022-12-08 07:06:37,249 [pool-616-thread-1] INFO  server.RaftServer$Division (RaftServerImpl.java:setRole(321)) - b9ccd6e2-8e07-476f-a987-65ce83bdb13d@group-655C1C993017: changes role from      null to FOLLOWER at term 0 for startAsFollower
2022-12-08 07:06:37,249 [pool-616-thread-1] INFO  impl.RoleInfo (RoleInfo.java:updateAndGet(139)) - b9ccd6e2-8e07-476f-a987-65ce83bdb13d: start b9ccd6e2-8e07-476f-a987-65ce83bdb13d@group-655C1C993017-FollowerState
2022-12-08 07:06:37,250 [b9ccd6e2-8e07-476f-a987-65ce83bdb13d@group-655C1C993017-FollowerState] INFO  server.RaftServerConfigKeys (ConfUtils.java:logFallback(53)) - raft.server.rpc.first-election.timeout.min = 5s (fallback to raft.server.rpc.timeout.min)
2022-12-08 07:06:37,250 [b9ccd6e2-8e07-476f-a987-65ce83bdb13d@group-655C1C993017-FollowerState] INFO  server.RaftServerConfigKeys (ConfUtils.java:logFallback(53)) - raft.server.rpc.first-election.timeout.max = 5200ms (fallback to raft.server.rpc.timeout.max)
2022-12-08 07:06:37,250 [pool-616-thread-1] INFO  util.JmxRegister (JmxRegister.java:tryRegister(44)) - Successfully registered JMX Bean with object name Ratis:service=RaftServer,group=group-655C1C993017,id=b9ccd6e2-8e07-476f-a987-65ce83bdb13d
2022-12-08 07:06:37,250 [pool-616-thread-1] INFO  server.RaftServerConfigKeys (ConfUtils.java:logGet(46)) - raft.server.snapshot.auto.trigger.enabled = true (custom)
2022-12-08 07:06:37,251 [pool-616-thread-1] INFO  server.RaftServerConfigKeys (ConfUtils.java:logGet(46)) - raft.server.snapshot.auto.trigger.threshold = 10000 (custom)
2022-12-08 07:06:37,251 [pool-616-thread-1] INFO  server.RaftServerConfigKeys (ConfUtils.java:logGet(46)) - raft.server.snapshot.retention.file.num = 5 (custom)
2022-12-08 07:06:37,251 [pool-616-thread-1] INFO  server.RaftServerConfigKeys (ConfUtils.java:logGet(46)) - raft.server.log.purge.upto.snapshot.index = false (default)
2022-12-08 07:06:37,252 [Command processor thread] INFO  ratis.XceiverServerRatis (XceiverServerRatis.java:addGroup(765)) - Created group PipelineID=93993e98-48a8-4a9e-be5b-655c1c993017
2022-12-08 07:06:37,252 [Command processor thread] INFO  commandhandler.CreatePipelineCommandHandler (CreatePipelineCommandHandler.java:handle(113)) - Created Pipeline RATIS ONE PipelineID=93993e98-48a8-4a9e-be5b-655c1c993017.
2022-12-08 07:06:37,263 [Over Replicated Processor] INFO  replication.OverReplicatedProcessor (OverReplicatedProcessor.java:processAll(79)) - Processed 0 over replicated containers, failed processing 0
2022-12-08 07:06:37,271 [EventQueue-CommandQueueReportForCommandQueueReportHandler] WARN  events.EventQueue (EventQueue.java:fireEvent(216)) - No event handler registered for event TypedEvent{payloadType=DatanodeDetails, name='Datanode_Command_Queue_Updated'}
2022-12-08 07:06:37,296 [EventQueue-CommandQueueReportForCommandQueueReportHandler] WARN  events.EventQueue (EventQueue.java:fireEvent(216)) - No event handler registered for event TypedEvent{payloadType=DatanodeDetails, name='Datanode_Command_Queue_Updated'}
2022-12-08 07:06:37,312 [main] INFO  ozoneimpl.OzoneContainer (OzoneContainer.java:stop(417)) - Attempting to stop container services.
2022-12-08 07:06:37,324 [main] INFO  server.RaftServer (RaftServerProxy.java:lambda$close$6(409)) - 1fec2e66-b36b-410d-a836-56974e80c6bf: close
2022-12-08 07:06:37,326 [main] INFO  server.GrpcService (GrpcService.java:closeImpl(271)) - 1fec2e66-b36b-410d-a836-56974e80c6bf: shutdown server GrpcServerProtocolService now
2022-12-08 07:06:37,333 [EventQueue-CommandQueueReportForCommandQueueReportHandler] WARN  events.EventQueue (EventQueue.java:fireEvent(216)) - No event handler registered for event TypedEvent{payloadType=DatanodeDetails, name='Datanode_Command_Queue_Updated'}
2022-12-08 07:06:37,337 [EventQueue-CommandQueueReportForCommandQueueReportHandler] WARN  events.EventQueue (EventQueue.java:fireEvent(216)) - No event handler registered for event TypedEvent{payloadType=DatanodeDetails, name='Datanode_Command_Queue_Updated'}
2022-12-08 07:06:37,338 [EventQueue-OpenPipelineForHealthyPipelineSafeModeRule] INFO  safemode.SCMSafeModeManager (HealthyPipelineSafeModeRule.java:process(137)) - SCM in safe mode. Healthy pipelines reported count is 0, required healthy pipeline reported count is 1
2022-12-08 07:06:37,342 [main] INFO  server.GrpcService (GrpcService.java:closeImpl(280)) - 1fec2e66-b36b-410d-a836-56974e80c6bf: shutdown server GrpcServerProtocolService successfully
2022-12-08 07:06:37,345 [JvmPauseMonitor3] INFO  util.JvmPauseMonitor (JvmPauseMonitor.java:run(111)) - JvmPauseMonitor-1fec2e66-b36b-410d-a836-56974e80c6bf: Stopped
2022-12-08 07:06:37,347 [058e5e99-a8f6-4821-8c5b-5a3d1bcc7ba8@group-C2FE39F85E00-FollowerState] INFO  impl.FollowerState (FollowerState.java:run(143)) - 058e5e99-a8f6-4821-8c5b-5a3d1bcc7ba8@group-C2FE39F85E00-FollowerState: change to CANDIDATE, lastRpcElapsedTime:5064974883ns, electionTimeout:5048ms
2022-12-08 07:06:37,350 [058e5e99-a8f6-4821-8c5b-5a3d1bcc7ba8@group-C2FE39F85E00-FollowerState] INFO  impl.RoleInfo (RoleInfo.java:shutdownFollowerState(110)) - 058e5e99-a8f6-4821-8c5b-5a3d1bcc7ba8: shutdown 058e5e99-a8f6-4821-8c5b-5a3d1bcc7ba8@group-C2FE39F85E00-FollowerState
2022-12-08 07:06:37,350 [058e5e99-a8f6-4821-8c5b-5a3d1bcc7ba8@group-C2FE39F85E00-FollowerState] INFO  server.RaftServer$Division (RaftServerImpl.java:setRole(321)) - 058e5e99-a8f6-4821-8c5b-5a3d1bcc7ba8@group-C2FE39F85E00: changes role from  FOLLOWER to CANDIDATE at term 0 for changeToCandidate
2022-12-08 07:06:37,350 [058e5e99-a8f6-4821-8c5b-5a3d1bcc7ba8@group-C2FE39F85E00-FollowerState] INFO  server.RaftServerConfigKeys (ConfUtils.java:logGet(46)) - raft.server.leaderelection.pre-vote = false (custom)
2022-12-08 07:06:37,350 [058e5e99-a8f6-4821-8c5b-5a3d1bcc7ba8@group-C2FE39F85E00-FollowerState] INFO  impl.RoleInfo (RoleInfo.java:updateAndGet(139)) - 058e5e99-a8f6-4821-8c5b-5a3d1bcc7ba8: start 058e5e99-a8f6-4821-8c5b-5a3d1bcc7ba8@group-C2FE39F85E00-LeaderElection16
2022-12-08 07:06:37,358 [058e5e99-a8f6-4821-8c5b-5a3d1bcc7ba8@group-C2FE39F85E00-LeaderElection16] INFO  impl.LeaderElection (LeaderElection.java:askForVotes(312)) - 058e5e99-a8f6-4821-8c5b-5a3d1bcc7ba8@group-C2FE39F85E00-LeaderElection16 ELECTION round 0: submit vote requests at term 1 for -1: peers:[058e5e99-a8f6-4821-8c5b-5a3d1bcc7ba8|rpc:10.1.0.14:40457|priority:1|startupRole:FOLLOWER]|listeners:[], old=null
2022-12-08 07:06:37,358 [058e5e99-a8f6-4821-8c5b-5a3d1bcc7ba8@group-C2FE39F85E00-LeaderElection16] INFO  impl.LeaderElection (LeaderElection.java:askForVotes(314)) - 058e5e99-a8f6-4821-8c5b-5a3d1bcc7ba8@group-C2FE39F85E00-LeaderElection16 ELECTION round 0: result PASSED (term=1)
2022-12-08 07:06:37,358 [058e5e99-a8f6-4821-8c5b-5a3d1bcc7ba8@group-C2FE39F85E00-LeaderElection16] INFO  impl.RoleInfo (RoleInfo.java:shutdownLeaderElection(130)) - 058e5e99-a8f6-4821-8c5b-5a3d1bcc7ba8: shutdown 058e5e99-a8f6-4821-8c5b-5a3d1bcc7ba8@group-C2FE39F85E00-LeaderElection16
2022-12-08 07:06:37,359 [058e5e99-a8f6-4821-8c5b-5a3d1bcc7ba8@group-C2FE39F85E00-LeaderElection16] INFO  server.RaftServer$Division (RaftServerImpl.java:setRole(321)) - 058e5e99-a8f6-4821-8c5b-5a3d1bcc7ba8@group-C2FE39F85E00: changes role from CANDIDATE to LEADER at term 1 for changeToLeader
2022-12-08 07:06:37,359 [058e5e99-a8f6-4821-8c5b-5a3d1bcc7ba8@group-C2FE39F85E00-LeaderElection16] INFO  ratis.XceiverServerRatis (XceiverServerRatis.java:handleLeaderChangedNotification(863)) - Leader change notification received for group: group-C2FE39F85E00 with new leaderId: 058e5e99-a8f6-4821-8c5b-5a3d1bcc7ba8
2022-12-08 07:06:37,359 [058e5e99-a8f6-4821-8c5b-5a3d1bcc7ba8@group-C2FE39F85E00-LeaderElection16] INFO  server.RaftServer$Division (ServerState.java:setLeader(313)) - 058e5e99-a8f6-4821-8c5b-5a3d1bcc7ba8@group-C2FE39F85E00: change Leader from null to 058e5e99-a8f6-4821-8c5b-5a3d1bcc7ba8 at term 1 for becomeLeader, leader elected after 5133ms
2022-12-08 07:06:37,359 [058e5e99-a8f6-4821-8c5b-5a3d1bcc7ba8@group-C2FE39F85E00-LeaderElection16] INFO  server.RaftServerConfigKeys (ConfUtils.java:logGet(46)) - raft.server.staging.catchup.gap = 1000 (default)
2022-12-08 07:06:37,359 [058e5e99-a8f6-4821-8c5b-5a3d1bcc7ba8@group-C2FE39F85E00-LeaderElection16] INFO  server.RaftServerConfigKeys (ConfUtils.java:logGet(46)) - raft.server.write.element-limit = 1024 (custom)
2022-12-08 07:06:37,359 [058e5e99-a8f6-4821-8c5b-5a3d1bcc7ba8@group-C2FE39F85E00-LeaderElection16] INFO  server.RaftServerConfigKeys (ConfUtils.java:logGet(46)) - raft.server.write.byte-limit = 1024 M (=1073741824) (custom)
2022-12-08 07:06:37,360 [EventQueue-CommandQueueReportForCommandQueueReportHandler] WARN  events.EventQueue (EventQueue.java:fireEvent(216)) - No event handler registered for event TypedEvent{payloadType=DatanodeDetails, name='Datanode_Command_Queue_Updated'}
2022-12-08 07:06:37,361 [EventQueue-OpenPipelineForHealthyPipelineSafeModeRule] INFO  safemode.SCMSafeModeManager (HealthyPipelineSafeModeRule.java:process(137)) - SCM in safe mode. Healthy pipelines reported count is 0, required healthy pipeline reported count is 1
2022-12-08 07:06:37,362 [058e5e99-a8f6-4821-8c5b-5a3d1bcc7ba8@group-529FB1F448B5-FollowerState] INFO  impl.FollowerState (FollowerState.java:run(143)) - 058e5e99-a8f6-4821-8c5b-5a3d1bcc7ba8@group-529FB1F448B5-FollowerState: change to CANDIDATE, lastRpcElapsedTime:5012212245ns, electionTimeout:5008ms
2022-12-08 07:06:37,363 [058e5e99-a8f6-4821-8c5b-5a3d1bcc7ba8@group-529FB1F448B5-FollowerState] INFO  impl.RoleInfo (RoleInfo.java:shutdownFollowerState(110)) - 058e5e99-a8f6-4821-8c5b-5a3d1bcc7ba8: shutdown 058e5e99-a8f6-4821-8c5b-5a3d1bcc7ba8@group-529FB1F448B5-FollowerState
2022-12-08 07:06:37,363 [058e5e99-a8f6-4821-8c5b-5a3d1bcc7ba8@group-529FB1F448B5-FollowerState] INFO  server.RaftServer$Division (RaftServerImpl.java:setRole(321)) - 058e5e99-a8f6-4821-8c5b-5a3d1bcc7ba8@group-529FB1F448B5: changes role from  FOLLOWER to CANDIDATE at term 0 for changeToCandidate
2022-12-08 07:06:37,363 [058e5e99-a8f6-4821-8c5b-5a3d1bcc7ba8@group-529FB1F448B5-FollowerState] INFO  server.RaftServerConfigKeys (ConfUtils.java:logGet(46)) - raft.server.leaderelection.pre-vote = false (custom)
2022-12-08 07:06:37,363 [058e5e99-a8f6-4821-8c5b-5a3d1bcc7ba8@group-529FB1F448B5-FollowerState] INFO  impl.RoleInfo (RoleInfo.java:updateAndGet(139)) - 058e5e99-a8f6-4821-8c5b-5a3d1bcc7ba8: start 058e5e99-a8f6-4821-8c5b-5a3d1bcc7ba8@group-529FB1F448B5-LeaderElection17
2022-12-08 07:06:37,363 [058e5e99-a8f6-4821-8c5b-5a3d1bcc7ba8@group-C2FE39F85E00-LeaderElection16] INFO  server.RaftServerConfigKeys (ConfUtils.java:logGet(46)) - raft.server.watch.timeout = 180s (custom)
2022-12-08 07:06:37,364 [058e5e99-a8f6-4821-8c5b-5a3d1bcc7ba8@group-C2FE39F85E00-LeaderElection16] INFO  server.RaftServerConfigKeys (ConfUtils.java:logGet(46)) - raft.server.watch.timeout.denomination = 1s (default)
2022-12-08 07:06:37,364 [058e5e99-a8f6-4821-8c5b-5a3d1bcc7ba8@group-C2FE39F85E00-LeaderElection16] INFO  server.RaftServerConfigKeys (ConfUtils.java:logGet(46)) - raft.server.watch.element-limit = 65536 (default)
2022-12-08 07:06:37,364 [058e5e99-a8f6-4821-8c5b-5a3d1bcc7ba8@group-C2FE39F85E00-LeaderElection16] INFO  server.RaftServerConfigKeys (ConfUtils.java:logGet(46)) - raft.server.write.element-limit = 1024 (custom)
2022-12-08 07:06:37,365 [058e5e99-a8f6-4821-8c5b-5a3d1bcc7ba8@group-C2FE39F85E00-LeaderElection16] INFO  server.RaftServerConfigKeys (ConfUtils.java:logGet(46)) - raft.server.write.follower.gap.ratio.max = -1.0 (default)
2022-12-08 07:06:37,365 [058e5e99-a8f6-4821-8c5b-5a3d1bcc7ba8@group-C2FE39F85E00-LeaderElection16] INFO  impl.RoleInfo (RoleInfo.java:updateAndGet(139)) - 058e5e99-a8f6-4821-8c5b-5a3d1bcc7ba8: start 058e5e99-a8f6-4821-8c5b-5a3d1bcc7ba8@group-C2FE39F85E00-LeaderStateImpl
2022-12-08 07:06:37,365 [058e5e99-a8f6-4821-8c5b-5a3d1bcc7ba8@group-C2FE39F85E00-LeaderElection16] INFO  segmented.SegmentedRaftLogWorker (SegmentedRaftLogWorker.java:startLogSegment(452)) - 058e5e99-a8f6-4821-8c5b-5a3d1bcc7ba8@group-C2FE39F85E00-SegmentedRaftLogWorker: Starting segment from index:0
2022-12-08 07:06:37,378 [058e5e99-a8f6-4821-8c5b-5a3d1bcc7ba8@group-C2FE39F85E00-SegmentedRaftLogWorker] INFO  segmented.SegmentedRaftLogWorker (SegmentedRaftLogWorker.java:execute(656)) - 058e5e99-a8f6-4821-8c5b-5a3d1bcc7ba8@group-C2FE39F85E00-SegmentedRaftLogWorker: created new log segment /home/runner/work/ozone/ozone/hadoop-ozone/integration-test/target/test-dir/MiniOzoneClusterImpl-510a2802-165a-4ebd-9ade-f7b35b2c34f6/datanode-0/data/ratis/62763525-4a8f-44a1-9652-c2fe39f85e00/current/log_inprogress_0
2022-12-08 07:06:37,382 [058e5e99-a8f6-4821-8c5b-5a3d1bcc7ba8@group-C2FE39F85E00-LeaderElection16] INFO  server.RaftServer$Division (ServerState.java:setRaftConf(430)) - 058e5e99-a8f6-4821-8c5b-5a3d1bcc7ba8@group-C2FE39F85E00: set configuration 0: peers:[058e5e99-a8f6-4821-8c5b-5a3d1bcc7ba8|rpc:10.1.0.14:40457|dataStream:|priority:1|startupRole:FOLLOWER]|listeners:[], old=null
2022-12-08 07:06:37,391 [058e5e99-a8f6-4821-8c5b-5a3d1bcc7ba8@group-529FB1F448B5-LeaderElection17] INFO  impl.LeaderElection (LeaderElection.java:askForVotes(312)) - 058e5e99-a8f6-4821-8c5b-5a3d1bcc7ba8@group-529FB1F448B5-LeaderElection17 ELECTION round 0: submit vote requests at term 1 for -1: peers:[058e5e99-a8f6-4821-8c5b-5a3d1bcc7ba8|rpc:10.1.0.14:40457|priority:1|startupRole:FOLLOWER, dc0237ef-1609-4756-90d6-b66d262b465e|rpc:10.1.0.14:46665|priority:0|startupRole:FOLLOWER, 5de537c7-90df-4f10-a651-9ea369dcfb7f|rpc:10.1.0.14:34865|priority:0|startupRole:FOLLOWER]|listeners:[], old=null
2022-12-08 07:06:37,392 [058e5e99-a8f6-4821-8c5b-5a3d1bcc7ba8@group-529FB1F448B5-LeaderElection17-1] INFO  server.GrpcServerProtocolClient (GrpcServerProtocolClient.java:<init>(63)) - Build channel for dc0237ef-1609-4756-90d6-b66d262b465e
2022-12-08 07:06:37,395 [058e5e99-a8f6-4821-8c5b-5a3d1bcc7ba8@group-529FB1F448B5-LeaderElection17] INFO  server.RaftServerConfigKeys (ConfUtils.java:logFallback(53)) - raft.server.rpc.first-election.timeout.min = 5s (fallback to raft.server.rpc.timeout.min)
2022-12-08 07:06:37,395 [058e5e99-a8f6-4821-8c5b-5a3d1bcc7ba8@group-529FB1F448B5-LeaderElection17] INFO  server.RaftServerConfigKeys (ConfUtils.java:logFallback(53)) - raft.server.rpc.first-election.timeout.max = 5200ms (fallback to raft.server.rpc.timeout.max)
2022-12-08 07:06:37,395 [058e5e99-a8f6-4821-8c5b-5a3d1bcc7ba8@group-529FB1F448B5-LeaderElection17-2] INFO  server.GrpcServerProtocolClient (GrpcServerProtocolClient.java:<init>(63)) - Build channel for 5de537c7-90df-4f10-a651-9ea369dcfb7f
2022-12-08 07:06:37,399 [grpc-default-executor-0] INFO  server.RaftServer$Division (RaftServerImpl.java:requestVote(1218)) - dc0237ef-1609-4756-90d6-b66d262b465e@group-529FB1F448B5: receive requestVote(ELECTION, 058e5e99-a8f6-4821-8c5b-5a3d1bcc7ba8, group-529FB1F448B5, 1, (t:0, i:0))
2022-12-08 07:06:37,399 [grpc-default-executor-0] INFO  impl.VoteContext (VoteContext.java:log(49)) - dc0237ef-1609-4756-90d6-b66d262b465e@group-529FB1F448B5-FOLLOWER: accept ELECTION from 058e5e99-a8f6-4821-8c5b-5a3d1bcc7ba8: our priority 0 <= candidate's priority 1
2022-12-08 07:06:37,399 [grpc-default-executor-0] INFO  server.RaftServer$Division (RaftServerImpl.java:setRole(321)) - dc0237ef-1609-4756-90d6-b66d262b465e@group-529FB1F448B5: changes role from  FOLLOWER to FOLLOWER at term 1 for candidate:058e5e99-a8f6-4821-8c5b-5a3d1bcc7ba8
2022-12-08 07:06:37,399 [grpc-default-executor-0] INFO  impl.RoleInfo (RoleInfo.java:shutdownFollowerState(110)) - dc0237ef-1609-4756-90d6-b66d262b465e: shutdown dc0237ef-1609-4756-90d6-b66d262b465e@group-529FB1F448B5-FollowerState
2022-12-08 07:06:37,400 [grpc-default-executor-0] INFO  impl.RoleInfo (RoleInfo.java:updateAndGet(139)) - dc0237ef-1609-4756-90d6-b66d262b465e: start dc0237ef-1609-4756-90d6-b66d262b465e@group-529FB1F448B5-FollowerState
2022-12-08 07:06:37,400 [dc0237ef-1609-4756-90d6-b66d262b465e@group-529FB1F448B5-FollowerState] INFO  impl.FollowerState (FollowerState.java:run(152)) - dc0237ef-1609-4756-90d6-b66d262b465e@group-529FB1F448B5-FollowerState was interrupted
2022-12-08 07:06:37,407 [dc0237ef-1609-4756-90d6-b66d262b465e@group-529FB1F448B5-FollowerState] INFO  server.RaftServerConfigKeys (ConfUtils.java:logFallback(53)) - raft.server.rpc.first-election.timeout.min = 5s (fallback to raft.server.rpc.timeout.min)
2022-12-08 07:06:37,407 [dc0237ef-1609-4756-90d6-b66d262b465e@group-529FB1F448B5-FollowerState] INFO  server.RaftServerConfigKeys (ConfUtils.java:logFallback(53)) - raft.server.rpc.first-election.timeout.max = 5200ms (fallback to raft.server.rpc.timeout.max)
2022-12-08 07:06:37,410 [grpc-default-executor-0] INFO  server.RaftServer$Division (RaftServerImpl.java:requestVote(1251)) - dc0237ef-1609-4756-90d6-b66d262b465e@group-529FB1F448B5 replies to ELECTION vote request: 058e5e99-a8f6-4821-8c5b-5a3d1bcc7ba8<-dc0237ef-1609-4756-90d6-b66d262b465e#0:OK-t1. Peer's state: dc0237ef-1609-4756-90d6-b66d262b465e@group-529FB1F448B5:t1, leader=null, voted=058e5e99-a8f6-4821-8c5b-5a3d1bcc7ba8, raftlog=Memoized:dc0237ef-1609-4756-90d6-b66d262b465e@group-529FB1F448B5-SegmentedRaftLog:OPENED:c-1, conf=-1: peers:[058e5e99-a8f6-4821-8c5b-5a3d1bcc7ba8|rpc:10.1.0.14:40457|dataStream:|priority:1|startupRole:FOLLOWER, dc0237ef-1609-4756-90d6-b66d262b465e|rpc:10.1.0.14:46665|dataStream:|priority:0|startupRole:FOLLOWER, 5de537c7-90df-4f10-a651-9ea369dcfb7f|rpc:10.1.0.14:34865|dataStream:|priority:0|startupRole:FOLLOWER]|listeners:[], old=null
2022-12-08 07:06:37,415 [058e5e99-a8f6-4821-8c5b-5a3d1bcc7ba8@group-529FB1F448B5-LeaderElection17] INFO  impl.LeaderElection (LeaderElection.java:logAndReturn(90)) - 058e5e99-a8f6-4821-8c5b-5a3d1bcc7ba8@group-529FB1F448B5-LeaderElection17: ELECTION PASSED received 1 response(s) and 0 exception(s):
2022-12-08 07:06:37,415 [058e5e99-a8f6-4821-8c5b-5a3d1bcc7ba8@group-529FB1F448B5-LeaderElection17] INFO  impl.LeaderElection (LeaderElection.java:logAndReturn(94)) -   Response 0: 058e5e99-a8f6-4821-8c5b-5a3d1bcc7ba8<-dc0237ef-1609-4756-90d6-b66d262b465e#0:OK-t1
2022-12-08 07:06:37,415 [058e5e99-a8f6-4821-8c5b-5a3d1bcc7ba8@group-529FB1F448B5-LeaderElection17] INFO  impl.LeaderElection (LeaderElection.java:askForVotes(314)) - 058e5e99-a8f6-4821-8c5b-5a3d1bcc7ba8@group-529FB1F448B5-LeaderElection17 ELECTION round 0: result PASSED
2022-12-08 07:06:37,415 [058e5e99-a8f6-4821-8c5b-5a3d1bcc7ba8@group-529FB1F448B5-LeaderElection17] INFO  impl.RoleInfo (RoleInfo.java:shutdownLeaderElection(130)) - 058e5e99-a8f6-4821-8c5b-5a3d1bcc7ba8: shutdown 058e5e99-a8f6-4821-8c5b-5a3d1bcc7ba8@group-529FB1F448B5-LeaderElection17
2022-12-08 07:06:37,415 [058e5e99-a8f6-4821-8c5b-5a3d1bcc7ba8@group-529FB1F448B5-LeaderElection17] INFO  server.RaftServer$Division (RaftServerImpl.java:setRole(321)) - 058e5e99-a8f6-4821-8c5b-5a3d1bcc7ba8@group-529FB1F448B5: changes role from CANDIDATE to LEADER at term 1 for changeToLeader
2022-12-08 07:06:37,415 [058e5e99-a8f6-4821-8c5b-5a3d1bcc7ba8@group-529FB1F448B5-LeaderElection17] INFO  ratis.XceiverServerRatis (XceiverServerRatis.java:handleLeaderChangedNotification(863)) - Leader change notification received for group: group-529FB1F448B5 with new leaderId: 058e5e99-a8f6-4821-8c5b-5a3d1bcc7ba8
2022-12-08 07:06:37,415 [058e5e99-a8f6-4821-8c5b-5a3d1bcc7ba8@group-529FB1F448B5-LeaderElection17] INFO  server.RaftServer$Division (ServerState.java:setLeader(313)) - 058e5e99-a8f6-4821-8c5b-5a3d1bcc7ba8@group-529FB1F448B5: change Leader from null to 058e5e99-a8f6-4821-8c5b-5a3d1bcc7ba8 at term 1 for becomeLeader, leader elected after 5098ms
2022-12-08 07:06:37,416 [058e5e99-a8f6-4821-8c5b-5a3d1bcc7ba8@group-529FB1F448B5-LeaderElection17] INFO  server.RaftServerConfigKeys (ConfUtils.java:logGet(46)) - raft.server.staging.catchup.gap = 1000 (default)
2022-12-08 07:06:37,416 [058e5e99-a8f6-4821-8c5b-5a3d1bcc7ba8@group-529FB1F448B5-LeaderElection17] INFO  server.RaftServerConfigKeys (ConfUtils.java:logGet(46)) - raft.server.write.element-limit = 1024 (custom)
2022-12-08 07:06:37,417 [058e5e99-a8f6-4821-8c5b-5a3d1bcc7ba8@group-529FB1F448B5-LeaderElection17] INFO  server.RaftServerConfigKeys (ConfUtils.java:logGet(46)) - raft.server.write.byte-limit = 1024 M (=1073741824) (custom)
2022-12-08 07:06:37,417 [058e5e99-a8f6-4821-8c5b-5a3d1bcc7ba8@group-529FB1F448B5-LeaderElection17] INFO  server.RaftServerConfigKeys (ConfUtils.java:logGet(46)) - raft.server.watch.timeout = 180s (custom)
2022-12-08 07:06:37,417 [058e5e99-a8f6-4821-8c5b-5a3d1bcc7ba8@group-529FB1F448B5-LeaderElection17] INFO  server.RaftServerConfigKeys (ConfUtils.java:logGet(46)) - raft.server.watch.timeout.denomination = 1s (default)
2022-12-08 07:06:37,417 [058e5e99-a8f6-4821-8c5b-5a3d1bcc7ba8@group-529FB1F448B5-LeaderElection17] INFO  server.RaftServerConfigKeys (ConfUtils.java:logGet(46)) - raft.server.watch.element-limit = 65536 (default)
2022-12-08 07:06:37,417 [058e5e99-a8f6-4821-8c5b-5a3d1bcc7ba8@group-529FB1F448B5-LeaderElection17] INFO  server.RaftServerConfigKeys (ConfUtils.java:logGet(46)) - raft.server.write.element-limit = 1024 (custom)
2022-12-08 07:06:37,417 [058e5e99-a8f6-4821-8c5b-5a3d1bcc7ba8@group-529FB1F448B5-LeaderElection17] INFO  server.RaftServerConfigKeys (ConfUtils.java:logGet(46)) - raft.server.write.follower.gap.ratio.max = -1.0 (default)
2022-12-08 07:06:37,419 [058e5e99-a8f6-4821-8c5b-5a3d1bcc7ba8@group-529FB1F448B5-LeaderElection17] INFO  server.RaftServerConfigKeys (ConfUtils.java:logGet(46)) - raft.server.log.appender.snapshot.chunk.size.max = 16MB (=16777216) (default)
2022-12-08 07:06:37,419 [058e5e99-a8f6-4821-8c5b-5a3d1bcc7ba8@group-529FB1F448B5-LeaderElection17] INFO  server.RaftServerConfigKeys (ConfUtils.java:logGet(46)) - raft.server.log.appender.buffer.byte-limit = 33554432 (custom)
2022-12-08 07:06:37,419 [058e5e99-a8f6-4821-8c5b-5a3d1bcc7ba8@group-529FB1F448B5-LeaderElection17] INFO  server.RaftServerConfigKeys (ConfUtils.java:logGet(46)) - raft.server.log.appender.buffer.element-limit = 1 (custom)
2022-12-08 07:06:37,420 [058e5e99-a8f6-4821-8c5b-5a3d1bcc7ba8@group-529FB1F448B5-LeaderElection17] INFO  grpc.GrpcConfigKeys (ConfUtils.java:logGet(46)) - raft.grpc.server.leader.outstanding.appends.max = 128 (default)
2022-12-08 07:06:37,420 [058e5e99-a8f6-4821-8c5b-5a3d1bcc7ba8@group-529FB1F448B5-LeaderElection17] INFO  server.RaftServerConfigKeys (ConfUtils.java:logGet(46)) - raft.server.rpc.request.timeout = 60s (custom)
2022-12-08 07:06:37,420 [058e5e99-a8f6-4821-8c5b-5a3d1bcc7ba8@group-529FB1F448B5-LeaderElection17] INFO  server.RaftServerConfigKeys (ConfUtils.java:logGet(46)) - raft.server.log.appender.install.snapshot.enabled = false (custom)
2022-12-08 07:06:37,420 [058e5e99-a8f6-4821-8c5b-5a3d1bcc7ba8@group-529FB1F448B5-LeaderElection17] INFO  grpc.GrpcConfigKeys (ConfUtils.java:logGet(46)) - raft.grpc.server.heartbeat.channel = true (default)
2022-12-08 07:06:37,420 [058e5e99-a8f6-4821-8c5b-5a3d1bcc7ba8@group-529FB1F448B5-LeaderElection17] INFO  server.RaftServerConfigKeys (ConfUtils.java:logGet(46)) - raft.server.log.appender.wait-time.min = 10ms (default)
2022-12-08 07:06:37,419 [grpc-default-executor-0] INFO  server.RaftServer$Division (RaftServerImpl.java:requestVote(1218)) - 5de537c7-90df-4f10-a651-9ea369dcfb7f@group-529FB1F448B5: receive requestVote(ELECTION, 058e5e99-a8f6-4821-8c5b-5a3d1bcc7ba8, group-529FB1F448B5, 1, (t:0, i:0))
2022-12-08 07:06:37,420 [grpc-default-executor-0] INFO  impl.VoteContext (VoteContext.java:log(49)) - 5de537c7-90df-4f10-a651-9ea369dcfb7f@group-529FB1F448B5-FOLLOWER: accept ELECTION from 058e5e99-a8f6-4821-8c5b-5a3d1bcc7ba8: our priority 0 <= candidate's priority 1
2022-12-08 07:06:37,421 [grpc-default-executor-0] INFO  server.RaftServer$Division (RaftServerImpl.java:setRole(321)) - 5de537c7-90df-4f10-a651-9ea369dcfb7f@group-529FB1F448B5: changes role from  FOLLOWER to FOLLOWER at term 1 for candidate:058e5e99-a8f6-4821-8c5b-5a3d1bcc7ba8
2022-12-08 07:06:37,421 [grpc-default-executor-0] INFO  impl.RoleInfo (RoleInfo.java:shutdownFollowerState(110)) - 5de537c7-90df-4f10-a651-9ea369dcfb7f: shutdown 5de537c7-90df-4f10-a651-9ea369dcfb7f@group-529FB1F448B5-FollowerState
2022-12-08 07:06:37,421 [5de537c7-90df-4f10-a651-9ea369dcfb7f@group-529FB1F448B5-FollowerState] INFO  impl.FollowerState (FollowerState.java:run(152)) - 5de537c7-90df-4f10-a651-9ea369dcfb7f@group-529FB1F448B5-FollowerState was interrupted
2022-12-08 07:06:37,421 [grpc-default-executor-0] INFO  impl.RoleInfo (RoleInfo.java:updateAndGet(139)) - 5de537c7-90df-4f10-a651-9ea369dcfb7f: start 5de537c7-90df-4f10-a651-9ea369dcfb7f@group-529FB1F448B5-FollowerState
2022-12-08 07:06:37,421 [EventQueue-CommandQueueReportForCommandQueueReportHandler] WARN  events.EventQueue (EventQueue.java:fireEvent(216)) - No event handler registered for event TypedEvent{payloadType=DatanodeDetails, name='Datanode_Command_Queue_Updated'}
2022-12-08 07:06:37,421 [EventQueue-PipelineReportForPipelineReportHandler] INFO  pipeline.PipelineManagerImpl (PipelineManagerImpl.java:openPipeline(367)) - Pipeline Pipeline[ Id: 7c48609e-f6e9-4360-9262-529fb1f448b5, Nodes: 058e5e99-a8f6-4821-8c5b-5a3d1bcc7ba8{ip: 10.1.0.14, host: fv-az165-805.wtg55dazuvhetdvd2gpth4ys5d.dx.internal.cloudapp.net, ports: [REPLICATION=40863, RATIS=40457, RATIS_ADMIN=40457, RATIS_SERVER=40457, STANDALONE=40501], networkLocation: /default-rack, certSerialId: null, persistedOpState: IN_SERVICE, persistedOpStateExpiryEpochSec: 0}dc0237ef-1609-4756-90d6-b66d262b465e{ip: 10.1.0.14, host: fv-az165-805.wtg55dazuvhetdvd2gpth4ys5d.dx.internal.cloudapp.net, ports: [REPLICATION=34201, RATIS=46665, RATIS_ADMIN=46665, RATIS_SERVER=46665, STANDALONE=35881], networkLocation: /default-rack, certSerialId: null, persistedOpState: IN_SERVICE, persistedOpStateExpiryEpochSec: 0}5de537c7-90df-4f10-a651-9ea369dcfb7f{ip: 10.1.0.14, host: fv-az165-805.wtg55dazuvhetdvd2gpth4ys5d.dx.internal.cloudapp.net, ports: [REPLICATION=37727, RATIS=34865, RATIS_ADMIN=34865, RATIS_SERVER=34865, STANDALONE=33081], networkLocation: /default-rack, certSerialId: null, persistedOpState: IN_SERVICE, persistedOpStateExpiryEpochSec: 0}, ReplicationConfig: RATIS/THREE, State:ALLOCATED, leaderId:058e5e99-a8f6-4821-8c5b-5a3d1bcc7ba8, CreationTimestamp2022-12-08T07:06:31.325Z[Etc/UTC]] moved to OPEN state
2022-12-08 07:06:37,422 [058e5e99-a8f6-4821-8c5b-5a3d1bcc7ba8@group-529FB1F448B5-LeaderElection17] INFO  server.RaftServerConfigKeys (ConfUtils.java:logGet(46)) - raft.server.log.appender.snapshot.chunk.size.max = 16MB (=16777216) (default)
2022-12-08 07:06:37,422 [058e5e99-a8f6-4821-8c5b-5a3d1bcc7ba8@group-529FB1F448B5-LeaderElection17] INFO  server.RaftServerConfigKeys (ConfUtils.java:logGet(46)) - raft.server.log.appender.buffer.byte-limit = 33554432 (custom)
2022-12-08 07:06:37,422 [058e5e99-a8f6-4821-8c5b-5a3d1bcc7ba8@group-529FB1F448B5-LeaderElection17] INFO  server.RaftServerConfigKeys (ConfUtils.java:logGet(46)) - raft.server.log.appender.buffer.element-limit = 1 (custom)
2022-12-08 07:06:37,422 [EventQueue-OpenPipelineForHealthyPipelineSafeModeRule] INFO  safemode.SCMSafeModeManager (HealthyPipelineSafeModeRule.java:process(137)) - SCM in safe mode. Healthy pipelines reported count is 1, required healthy pipeline reported count is 1
2022-12-08 07:06:37,422 [EventQueue-OpenPipelineForHealthyPipelineSafeModeRule] INFO  safemode.SCMSafeModeManager (SCMSafeModeManager.java:validateSafeModeExitRules(200)) - HealthyPipelineSafeModeRule rule is successfully validated
2022-12-08 07:06:37,422 [EventQueue-OpenPipelineForHealthyPipelineSafeModeRule] INFO  safemode.SCMSafeModeManager (SCMSafeModeManager.java:validateSafeModeExitRules(215)) - ScmSafeModeManager, all rules are successfully validated
2022-12-08 07:06:37,422 [EventQueue-OpenPipelineForHealthyPipelineSafeModeRule] INFO  safemode.SCMSafeModeManager (SCMSafeModeManager.java:exitSafeMode(244)) - SCM exiting safe mode.
2022-12-08 07:06:37,423 [EventQueue-OpenPipelineForHealthyPipelineSafeModeRule] INFO  ha.SCMContext (SCMContext.java:updateSafeModeStatus(228)) - Update SafeModeStatus from SafeModeStatus{safeModeStatus=true, preCheckPassed=true} to SafeModeStatus{safeModeStatus=false, preCheckPassed=true}.
2022-12-08 07:06:37,423 [EventQueue-OpenPipelineForHealthyPipelineSafeModeRule] INFO  pipeline.BackgroundPipelineCreator (BackgroundPipelineCreator.java:notifyStatusChanged(254)) - Service BackgroundPipelineCreator transitions to RUNNING.
2022-12-08 07:06:37,423 [EventQueue-OpenPipelineForHealthyPipelineSafeModeRule] INFO  BackgroundPipelineScrubber (BackgroundSCMService.java:notifyStatusChanged(82)) - Service BackgroundPipelineScrubber transitions to RUNNING.
2022-12-08 07:06:37,423 [EventQueue-OpenPipelineForHealthyPipelineSafeModeRule] INFO  ExpiredContainerReplicaOpScrubber (BackgroundSCMService.java:notifyStatusChanged(82)) - Service ExpiredContainerReplicaOpScrubber transitions to RUNNING.
2022-12-08 07:06:37,423 [EventQueue-OpenPipelineForHealthyPipelineSafeModeRule] INFO  replication.ReplicationManager (ReplicationManager.java:notifyStatusChanged(860)) - Service ReplicationManager transitions to RUNNING.
2022-12-08 07:06:37,423 [EventQueue-OpenPipelineForHealthyPipelineSafeModeRule] WARN  balancer.ContainerBalancer (ContainerBalancer.java:shouldRun(131)) - Could not find persisted configuration for ContainerBalancer when checking if ContainerBalancer should run. ContainerBalancer should not run now.
2022-12-08 07:06:37,425 [058e5e99-a8f6-4821-8c5b-5a3d1bcc7ba8@group-529FB1F448B5-LeaderElection17] INFO  grpc.GrpcConfigKeys (ConfUtils.java:logGet(46)) - raft.grpc.server.leader.outstanding.appends.max = 128 (default)
2022-12-08 07:06:37,431 [grpc-default-executor-0] INFO  server.RaftServer$Division (RaftServerImpl.java:requestVote(1251)) - 5de537c7-90df-4f10-a651-9ea369dcfb7f@group-529FB1F448B5 replies to ELECTION vote request: 058e5e99-a8f6-4821-8c5b-5a3d1bcc7ba8<-5de537c7-90df-4f10-a651-9ea369dcfb7f#0:OK-t1. Peer's state: 5de537c7-90df-4f10-a651-9ea369dcfb7f@group-529FB1F448B5:t1, leader=null, voted=058e5e99-a8f6-4821-8c5b-5a3d1bcc7ba8, raftlog=Memoized:5de537c7-90df-4f10-a651-9ea369dcfb7f@group-529FB1F448B5-SegmentedRaftLog:OPENED:c-1, conf=-1: peers:[058e5e99-a8f6-4821-8c5b-5a3d1bcc7ba8|rpc:10.1.0.14:40457|dataStream:|priority:1|startupRole:FOLLOWER, dc0237ef-1609-4756-90d6-b66d262b465e|rpc:10.1.0.14:46665|dataStream:|priority:0|startupRole:FOLLOWER, 5de537c7-90df-4f10-a651-9ea369dcfb7f|rpc:10.1.0.14:34865|dataStream:|priority:0|startupRole:FOLLOWER]|listeners:[], old=null
2022-12-08 07:06:37,434 [058e5e99-a8f6-4821-8c5b-5a3d1bcc7ba8@group-529FB1F448B5-LeaderElection17] INFO  server.RaftServerConfigKeys (ConfUtils.java:logGet(46)) - raft.server.rpc.request.timeout = 60s (custom)
2022-12-08 07:06:37,435 [058e5e99-a8f6-4821-8c5b-5a3d1bcc7ba8@group-529FB1F448B5-LeaderElection17] INFO  server.RaftServerConfigKeys (ConfUtils.java:logGet(46)) - raft.server.log.appender.install.snapshot.enabled = false (custom)
2022-12-08 07:06:37,435 [058e5e99-a8f6-4821-8c5b-5a3d1bcc7ba8@group-529FB1F448B5-LeaderElection17] INFO  grpc.GrpcConfigKeys (ConfUtils.java:logGet(46)) - raft.grpc.server.heartbeat.channel = true (default)
2022-12-08 07:06:37,435 [058e5e99-a8f6-4821-8c5b-5a3d1bcc7ba8@group-529FB1F448B5-LeaderElection17] INFO  server.RaftServerConfigKeys (ConfUtils.java:logGet(46)) - raft.server.log.appender.wait-time.min = 10ms (default)
2022-12-08 07:06:37,436 [058e5e99-a8f6-4821-8c5b-5a3d1bcc7ba8@group-529FB1F448B5-LeaderElection17] INFO  impl.RoleInfo (RoleInfo.java:updateAndGet(139)) - 058e5e99-a8f6-4821-8c5b-5a3d1bcc7ba8: start 058e5e99-a8f6-4821-8c5b-5a3d1bcc7ba8@group-529FB1F448B5-LeaderStateImpl
2022-12-08 07:06:37,440 [5de537c7-90df-4f10-a651-9ea369dcfb7f@group-529FB1F448B5-FollowerState] INFO  server.RaftServerConfigKeys (ConfUtils.java:logFallback(53)) - raft.server.rpc.first-election.timeout.min = 5s (fallback to raft.server.rpc.timeout.min)
2022-12-08 07:06:37,440 [5de537c7-90df-4f10-a651-9ea369dcfb7f@group-529FB1F448B5-FollowerState] INFO  server.RaftServerConfigKeys (ConfUtils.java:logFallback(53)) - raft.server.rpc.first-election.timeout.max = 5200ms (fallback to raft.server.rpc.timeout.max)
2022-12-08 07:06:37,440 [058e5e99-a8f6-4821-8c5b-5a3d1bcc7ba8@group-529FB1F448B5-LeaderElection17] INFO  segmented.SegmentedRaftLogWorker (SegmentedRaftLogWorker.java:startLogSegment(452)) - 058e5e99-a8f6-4821-8c5b-5a3d1bcc7ba8@group-529FB1F448B5-SegmentedRaftLogWorker: Starting segment from index:0
2022-12-08 07:06:37,442 [058e5e99-a8f6-4821-8c5b-5a3d1bcc7ba8@group-529FB1F448B5-SegmentedRaftLogWorker] INFO  segmented.SegmentedRaftLogWorker (SegmentedRaftLogWorker.java:execute(656)) - 058e5e99-a8f6-4821-8c5b-5a3d1bcc7ba8@group-529FB1F448B5-SegmentedRaftLogWorker: created new log segment /home/runner/work/ozone/ozone/hadoop-ozone/integration-test/target/test-dir/MiniOzoneClusterImpl-510a2802-165a-4ebd-9ade-f7b35b2c34f6/datanode-0/data/ratis/7c48609e-f6e9-4360-9262-529fb1f448b5/current/log_inprogress_0
2022-12-08 07:06:37,453 [058e5e99-a8f6-4821-8c5b-5a3d1bcc7ba8@group-529FB1F448B5-LeaderElection17] INFO  server.RaftServer$Division (ServerState.java:setRaftConf(430)) - 058e5e99-a8f6-4821-8c5b-5a3d1bcc7ba8@group-529FB1F448B5: set configuration 0: peers:[058e5e99-a8f6-4821-8c5b-5a3d1bcc7ba8|rpc:10.1.0.14:40457|dataStream:|priority:1|startupRole:FOLLOWER, dc0237ef-1609-4756-90d6-b66d262b465e|rpc:10.1.0.14:46665|dataStream:|priority:0|startupRole:FOLLOWER, 5de537c7-90df-4f10-a651-9ea369dcfb7f|rpc:10.1.0.14:34865|dataStream:|priority:0|startupRole:FOLLOWER]|listeners:[], old=null
2022-12-08 07:06:37,470 [dc0237ef-1609-4756-90d6-b66d262b465e-server-thread2] INFO  ratis.XceiverServerRatis (XceiverServerRatis.java:handleLeaderChangedNotification(863)) - Leader change notification received for group: group-529FB1F448B5 with new leaderId: 058e5e99-a8f6-4821-8c5b-5a3d1bcc7ba8
2022-12-08 07:06:37,470 [dc0237ef-1609-4756-90d6-b66d262b465e-server-thread2] INFO  server.RaftServer$Division (ServerState.java:setLeader(313)) - dc0237ef-1609-4756-90d6-b66d262b465e@group-529FB1F448B5: change Leader from null to 058e5e99-a8f6-4821-8c5b-5a3d1bcc7ba8 at term 1 for appendEntries, leader elected after 5100ms
2022-12-08 07:06:37,473 [dc0237ef-1609-4756-90d6-b66d262b465e-server-thread2] INFO  server.RaftServer$Division (ServerState.java:setRaftConf(430)) - dc0237ef-1609-4756-90d6-b66d262b465e@group-529FB1F448B5: set configuration 0: peers:[058e5e99-a8f6-4821-8c5b-5a3d1bcc7ba8|rpc:10.1.0.14:40457|dataStream:|priority:1|startupRole:FOLLOWER, dc0237ef-1609-4756-90d6-b66d262b465e|rpc:10.1.0.14:46665|dataStream:|priority:0|startupRole:FOLLOWER, 5de537c7-90df-4f10-a651-9ea369dcfb7f|rpc:10.1.0.14:34865|dataStream:|priority:0|startupRole:FOLLOWER]|listeners:[], old=null
2022-12-08 07:06:37,474 [dc0237ef-1609-4756-90d6-b66d262b465e-server-thread2] INFO  segmented.SegmentedRaftLogWorker (SegmentedRaftLogWorker.java:startLogSegment(452)) - dc0237ef-1609-4756-90d6-b66d262b465e@group-529FB1F448B5-SegmentedRaftLogWorker: Starting segment from index:0
2022-12-08 07:06:37,480 [dc0237ef-1609-4756-90d6-b66d262b465e@group-529FB1F448B5-SegmentedRaftLogWorker] INFO  segmented.SegmentedRaftLogWorker (SegmentedRaftLogWorker.java:execute(656)) - dc0237ef-1609-4756-90d6-b66d262b465e@group-529FB1F448B5-SegmentedRaftLogWorker: created new log segment /home/runner/work/ozone/ozone/hadoop-ozone/integration-test/target/test-dir/MiniOzoneClusterImpl-510a2802-165a-4ebd-9ade-f7b35b2c34f6/datanode-1/data/ratis/7c48609e-f6e9-4360-9262-529fb1f448b5/current/log_inprogress_0
2022-12-08 07:06:37,490 [5de537c7-90df-4f10-a651-9ea369dcfb7f-server-thread1] INFO  ratis.XceiverServerRatis (XceiverServerRatis.java:handleLeaderChangedNotification(863)) - Leader change notification received for group: group-529FB1F448B5 with new leaderId: 058e5e99-a8f6-4821-8c5b-5a3d1bcc7ba8
2022-12-08 07:06:37,490 [5de537c7-90df-4f10-a651-9ea369dcfb7f-server-thread1] INFO  server.RaftServer$Division (ServerState.java:setLeader(313)) - 5de537c7-90df-4f10-a651-9ea369dcfb7f@group-529FB1F448B5: change Leader from null to 058e5e99-a8f6-4821-8c5b-5a3d1bcc7ba8 at term 1 for appendEntries, leader elected after 5056ms
2022-12-08 07:06:37,499 [5de537c7-90df-4f10-a651-9ea369dcfb7f-server-thread1] INFO  server.RaftServer$Division (ServerState.java:setRaftConf(430)) - 5de537c7-90df-4f10-a651-9ea369dcfb7f@group-529FB1F448B5: set configuration 0: peers:[058e5e99-a8f6-4821-8c5b-5a3d1bcc7ba8|rpc:10.1.0.14:40457|dataStream:|priority:1|startupRole:FOLLOWER, dc0237ef-1609-4756-90d6-b66d262b465e|rpc:10.1.0.14:46665|dataStream:|priority:0|startupRole:FOLLOWER, 5de537c7-90df-4f10-a651-9ea369dcfb7f|rpc:10.1.0.14:34865|dataStream:|priority:0|startupRole:FOLLOWER]|listeners:[], old=null
2022-12-08 07:06:37,499 [5de537c7-90df-4f10-a651-9ea369dcfb7f-server-thread1] INFO  segmented.SegmentedRaftLogWorker (SegmentedRaftLogWorker.java:startLogSegment(452)) - 5de537c7-90df-4f10-a651-9ea369dcfb7f@group-529FB1F448B5-SegmentedRaftLogWorker: Starting segment from index:0
2022-12-08 07:06:37,502 [5de537c7-90df-4f10-a651-9ea369dcfb7f@group-529FB1F448B5-SegmentedRaftLogWorker] INFO  segmented.SegmentedRaftLogWorker (SegmentedRaftLogWorker.java:execute(656)) - 5de537c7-90df-4f10-a651-9ea369dcfb7f@group-529FB1F448B5-SegmentedRaftLogWorker: created new log segment /home/runner/work/ozone/ozone/hadoop-ozone/integration-test/target/test-dir/MiniOzoneClusterImpl-510a2802-165a-4ebd-9ade-f7b35b2c34f6/datanode-2/data/ratis/7c48609e-f6e9-4360-9262-529fb1f448b5/current/log_inprogress_0
2022-12-08 07:06:37,504 [EventQueue-CommandQueueReportForCommandQueueReportHandler] WARN  events.EventQueue (EventQueue.java:fireEvent(216)) - No event handler registered for event TypedEvent{payloadType=DatanodeDetails, name='Datanode_Command_Queue_Updated'}
2022-12-08 07:06:37,540 [EventQueue-CommandQueueReportForCommandQueueReportHandler] WARN  events.EventQueue (EventQueue.java:fireEvent(216)) - No event handler registered for event TypedEvent{payloadType=DatanodeDetails, name='Datanode_Command_Queue_Updated'}
2022-12-08 07:06:37,571 [EventQueue-CommandQueueReportForCommandQueueReportHandler] WARN  events.EventQueue (EventQueue.java:fireEvent(216)) - No event handler registered for event TypedEvent{payloadType=DatanodeDetails, name='Datanode_Command_Queue_Updated'}
2022-12-08 07:06:38,091 [EventQueue-CommandQueueReportForCommandQueueReportHandler] WARN  events.EventQueue (EventQueue.java:fireEvent(216)) - No event handler registered for event TypedEvent{payloadType=DatanodeDetails, name='Datanode_Command_Queue_Updated'}
2022-12-08 07:06:38,092 [ReplicationMonitor] INFO  replication.ReplicationManager (ReplicationManager.java:processAll(323)) - Replication Manager is not ready to run until 3000ms after safemode exit
2022-12-08 07:06:38,092 [EventQueue-CommandQueueReportForCommandQueueReportHandler] WARN  events.EventQueue (EventQueue.java:fireEvent(216)) - No event handler registered for event TypedEvent{payloadType=DatanodeDetails, name='Datanode_Command_Queue_Updated'}
2022-12-08 07:06:38,094 [EventQueue-CommandQueueReportForCommandQueueReportHandler] WARN  events.EventQueue (EventQueue.java:fireEvent(216)) - No event handler registered for event TypedEvent{payloadType=DatanodeDetails, name='Datanode_Command_Queue_Updated'}
2022-12-08 07:06:38,098 [Under Replicated Processor] INFO  replication.UnderReplicatedProcessor (UnderReplicatedProcessor.java:processAll(79)) - Processed 0 under replicated containers, failed processing 0
2022-12-08 07:06:38,099 [ReplicationMonitor] INFO  replication.ReplicationManager (ReplicationManager.java:processAll(356)) - Replication Monitor Thread took 2 milliseconds for processing 8 containers.
2022-12-08 07:06:38,105 [EventQueue-CommandQueueReportForCommandQueueReportHandler] WARN  events.EventQueue (EventQueue.java:fireEvent(216)) - No event handler registered for event TypedEvent{payloadType=DatanodeDetails, name='Datanode_Command_Queue_Updated'}
2022-12-08 07:06:38,170 [Listener at 127.0.0.1/38067] INFO  ozone.MiniOzoneClusterImpl (MiniOzoneClusterImpl.java:lambda$waitForClusterToBeReady$0(216)) - Nodes are ready. Got 7 of 7 DN Heartbeats.
2022-12-08 07:06:38,170 [Listener at 127.0.0.1/38067] INFO  ozone.MiniOzoneClusterImpl (MiniOzoneClusterImpl.java:lambda$waitForClusterToBeReady$0(219)) - Cluster exits safe mode
2022-12-08 07:06:38,170 [Listener at 127.0.0.1/38067] INFO  ozone.MiniOzoneClusterImpl (MiniOzoneClusterImpl.java:lambda$waitForClusterToBeReady$0(221)) - SCM became leader
2022-12-08 07:06:38,173 [Listener at 127.0.0.1/38067] WARN  server.ServerUtils (ServerUtils.java:getScmDbDir(148)) - ozone.scm.db.dirs is not configured. We recommend adding this setting. Falling back to ozone.metadata.dirs instead.
2022-12-08 07:06:38,175 [Listener at 127.0.0.1/38067] WARN  server.ServerUtils (ServerUtils.java:getScmDbDir(148)) - ozone.scm.db.dirs is not configured. We recommend adding this setting. Falling back to ozone.metadata.dirs instead.
2022-12-08 07:06:38,175 [Listener at 127.0.0.1/38067] INFO  ha.SCMHANodeDetails (SCMHANodeDetails.java:loadSCMHAConfig(209)) - ServiceID for StorageContainerManager is null
2022-12-08 07:06:38,175 [Listener at 127.0.0.1/38067] INFO  ha.SCMHANodeDetails (SCMHANodeDetails.java:loadSCMHAConfig(214)) - ozone.scm.default.service.id is not defined, falling back to ozone.scm.service.ids to find serviceID for StorageContainerManager if it is HA enabled cluster
2022-12-08 07:06:38,176 [Listener at 127.0.0.1/38067] WARN  utils.HAUtils (HAUtils.java:getMetaDir(342)) - ozone.scm.db.dirs is not configured. We recommend adding this setting. Falling back to ozone.metadata.dirs instead.
2022-12-08 07:06:38,176 [Listener at 127.0.0.1/38067] WARN  db.DBStoreBuilder (DBStoreBuilder.java:applyDBDefinition(144)) - ozone.scm.db.dirs is not configured. We recommend adding this setting. Falling back to ozone.metadata.dirs instead.
2022-12-08 07:06:38,202 [EventQueue-CommandQueueReportForCommandQueueReportHandler] WARN  events.EventQueue (EventQueue.java:fireEvent(216)) - No event handler registered for event TypedEvent{payloadType=DatanodeDetails, name='Datanode_Command_Queue_Updated'}
2022-12-08 07:06:38,227 [EventQueue-CommandQueueReportForCommandQueueReportHandler] WARN  events.EventQueue (EventQueue.java:fireEvent(216)) - No event handler registered for event TypedEvent{payloadType=DatanodeDetails, name='Datanode_Command_Queue_Updated'}
2022-12-08 07:06:38,264 [Over Replicated Processor] INFO  replication.OverReplicatedProcessor (OverReplicatedProcessor.java:processAll(79)) - Processed 0 over replicated containers, failed processing 0
2022-12-08 07:06:38,271 [EventQueue-CommandQueueReportForCommandQueueReportHandler] WARN  events.EventQueue (EventQueue.java:fireEvent(216)) - No event handler registered for event TypedEvent{payloadType=DatanodeDetails, name='Datanode_Command_Queue_Updated'}
2022-12-08 07:06:38,296 [Command processor thread] INFO  server.RaftServer (RaftServerProxy.java:addNew(96)) - f4ffb4f0-97dc-4c31-9ebf-2914332a538f: addNew group-996A516CC7A2:[624d0ae4-c5c0-4b02-bbde-b37f19cf8f9a|rpc:10.1.0.14:41749|priority:0|startupRole:FOLLOWER, f4ffb4f0-97dc-4c31-9ebf-2914332a538f|rpc:10.1.0.14:34119|priority:0|startupRole:FOLLOWER, a323b8f8-7c4d-4fe6-8663-2fcba1e99710|rpc:10.1.0.14:38689|priority:1|startupRole:FOLLOWER] returns group-996A516CC7A2:java.util.concurrent.CompletableFuture@6cf6b20a[Not completed]
2022-12-08 07:06:38,297 [pool-217-thread-1] INFO  server.RaftServer$Division (RaftServerImpl.java:<init>(195)) - f4ffb4f0-97dc-4c31-9ebf-2914332a538f: new RaftServerImpl for group-996A516CC7A2:[624d0ae4-c5c0-4b02-bbde-b37f19cf8f9a|rpc:10.1.0.14:41749|priority:0|startupRole:FOLLOWER, f4ffb4f0-97dc-4c31-9ebf-2914332a538f|rpc:10.1.0.14:34119|priority:0|startupRole:FOLLOWER, a323b8f8-7c4d-4fe6-8663-2fcba1e99710|rpc:10.1.0.14:38689|priority:1|startupRole:FOLLOWER] with ContainerStateMachine:uninitialized
2022-12-08 07:06:38,297 [pool-217-thread-1] INFO  server.RaftServerConfigKeys (ConfUtils.java:logGet(46)) - raft.server.rpc.timeout.min = 5s (custom)
2022-12-08 07:06:38,297 [pool-217-thread-1] INFO  server.RaftServerConfigKeys (ConfUtils.java:logGet(46)) - raft.server.rpc.timeout.max = 5200ms (custom)
2022-12-08 07:06:38,297 [pool-217-thread-1] INFO  server.RaftServerConfigKeys (ConfUtils.java:logGet(46)) - raft.server.rpc.sleep.time = 25ms (default)
2022-12-08 07:06:38,297 [pool-217-thread-1] INFO  server.RaftServerConfigKeys (ConfUtils.java:logGet(46)) - raft.server.rpc.slowness.timeout = 300s (custom)
2022-12-08 07:06:38,297 [pool-217-thread-1] INFO  server.RaftServerConfigKeys (ConfUtils.java:logGet(46)) - raft.server.leaderelection.leader.step-down.wait-time = 10s (default)
2022-12-08 07:06:38,297 [pool-217-thread-1] INFO  server.RaftServerConfigKeys (ConfUtils.java:logGet(46)) - raft.server.sleep.deviation.threshold = 300ms (default)
2022-12-08 07:06:38,297 [pool-217-thread-1] INFO  server.RaftServer$Division (ServerState.java:<init>(118)) - f4ffb4f0-97dc-4c31-9ebf-2914332a538f@group-996A516CC7A2: ConfigurationManager, init=-1: peers:[624d0ae4-c5c0-4b02-bbde-b37f19cf8f9a|rpc:10.1.0.14:41749|priority:0|startupRole:FOLLOWER, f4ffb4f0-97dc-4c31-9ebf-2914332a538f|rpc:10.1.0.14:34119|priority:0|startupRole:FOLLOWER, a323b8f8-7c4d-4fe6-8663-2fcba1e99710|rpc:10.1.0.14:38689|priority:1|startupRole:FOLLOWER]|listeners:[], old=null, confs=<EMPTY_MAP>
2022-12-08 07:06:38,298 [pool-217-thread-1] INFO  server.RaftServerConfigKeys (ConfUtils.java:logGet(46)) - raft.server.storage.dir = [/home/runner/work/ozone/ozone/hadoop-ozone/integration-test/target/test-dir/MiniOzoneClusterImpl-3253a570-fb02-4895-b12a-309bd2ff2d50/datanode-6/data/ratis] (custom)
2022-12-08 07:06:38,298 [pool-217-thread-1] INFO  server.RaftServerConfigKeys (ConfUtils.java:logGet(46)) - raft.server.log.corruption.policy = EXCEPTION (default)
2022-12-08 07:06:38,298 [pool-217-thread-1] INFO  server.RaftServerConfigKeys (ConfUtils.java:logGet(46)) - raft.server.storage.free-space.min = 0MB (=0) (default)
2022-12-08 07:06:38,298 [pool-217-thread-1] INFO  server.RaftServerConfigKeys (ConfUtils.java:logGet(46)) - raft.server.notification.no-leader.timeout = 300s (custom)
2022-12-08 07:06:38,298 [pool-217-thread-1] INFO  server.RaftServerConfigKeys (ConfUtils.java:logGet(46)) - raft.server.retrycache.expirytime = 600000ms (custom)
2022-12-08 07:06:38,298 [pool-217-thread-1] INFO  server.RaftServerConfigKeys (ConfUtils.java:logGet(46)) - raft.server.retrycache.statistics.expirytime = 100μs (default)
2022-12-08 07:06:38,300 [pool-217-thread-1] INFO  server.RaftServerConfigKeys (ConfUtils.java:logGet(46)) - raft.server.log.appender.install.snapshot.enabled = false (custom)
2022-12-08 07:06:38,300 [pool-217-thread-1] INFO  server.RaftServerConfigKeys (ConfUtils.java:logGet(46)) - raft.server.threadpool.server.cached = true (default)
2022-12-08 07:06:38,300 [pool-217-thread-1] INFO  server.RaftServerConfigKeys (ConfUtils.java:logGet(46)) - raft.server.threadpool.server.size = 0 (default)
2022-12-08 07:06:38,300 [pool-217-thread-1] INFO  server.RaftServerConfigKeys (ConfUtils.java:logGet(46)) - raft.server.threadpool.client.cached = true (default)
2022-12-08 07:06:38,300 [pool-217-thread-1] INFO  server.RaftServerConfigKeys (ConfUtils.java:logGet(46)) - raft.server.threadpool.client.size = 0 (default)
2022-12-08 07:06:38,300 [pool-217-thread-1] INFO  storage.RaftStorageDirectory (RaftStorageDirectoryImpl.java:analyzeStorage(137)) - The storage directory /home/runner/work/ozone/ozone/hadoop-ozone/integration-test/target/test-dir/MiniOzoneClusterImpl-3253a570-fb02-4895-b12a-309bd2ff2d50/datanode-6/data/ratis/cd5a6b2c-53f2-4afd-ac0c-996a516cc7a2 does not exist. Creating ...
2022-12-08 07:06:38,302 [EventQueue-CommandQueueReportForCommandQueueReportHandler] WARN  events.EventQueue (EventQueue.java:fireEvent(216)) - No event handler registered for event TypedEvent{payloadType=DatanodeDetails, name='Datanode_Command_Queue_Updated'}
2022-12-08 07:06:38,303 [pool-217-thread-1] INFO  storage.RaftStorageDirectory (RaftStorageDirectoryImpl.java:tryLock(231)) - Lock on /home/runner/work/ozone/ozone/hadoop-ozone/integration-test/target/test-dir/MiniOzoneClusterImpl-3253a570-fb02-4895-b12a-309bd2ff2d50/datanode-6/data/ratis/cd5a6b2c-53f2-4afd-ac0c-996a516cc7a2/in_use.lock acquired by nodename 50697@fv-az165-805
2022-12-08 07:06:38,305 [pool-217-thread-1] INFO  storage.RaftStorage (RaftStorageImpl.java:format(96)) - Storage directory /home/runner/work/ozone/ozone/hadoop-ozone/integration-test/target/test-dir/MiniOzoneClusterImpl-3253a570-fb02-4895-b12a-309bd2ff2d50/datanode-6/data/ratis/cd5a6b2c-53f2-4afd-ac0c-996a516cc7a2 has been successfully formatted.
2022-12-08 07:06:38,305 [pool-217-thread-1] INFO  ratis.ContainerStateMachine (ContainerStateMachine.java:loadSnapshot(236)) - group-996A516CC7A2: The snapshot info is null. Setting the last applied indexto:(t:0, i:~)
2022-12-08 07:06:38,305 [pool-217-thread-1] INFO  server.RaftServerConfigKeys (ConfUtils.java:logGet(46)) - raft.server.log.use.memory = false (default)
2022-12-08 07:06:38,306 [pool-217-thread-1] INFO  server.RaftServerConfigKeys (ConfUtils.java:logGet(46)) - raft.server.log.purge.gap = 1000000 (custom)
2022-12-08 07:06:38,306 [EventQueue-CommandQueueReportForCommandQueueReportHandler] WARN  events.EventQueue (EventQueue.java:fireEvent(216)) - No event handler registered for event TypedEvent{payloadType=DatanodeDetails, name='Datanode_Command_Queue_Updated'}
2022-12-08 07:06:38,307 [pool-217-thread-1] INFO  server.RaftServerConfigKeys (ConfUtils.java:logGet(46)) - raft.server.log.appender.buffer.byte-limit = 33554432 (custom)
2022-12-08 07:06:38,307 [pool-217-thread-1] INFO  server.RaftServerConfigKeys (ConfUtils.java:logGet(46)) - raft.server.log.statemachine.data.read.timeout = 1000ms (default)
2022-12-08 07:06:38,307 [pool-217-thread-1] INFO  server.RaftServerConfigKeys (ConfUtils.java:logGet(46)) - raft.server.log.purge.preservation.log.num = 0 (default)
2022-12-08 07:06:38,308 [pool-217-thread-1] INFO  server.RaftServerConfigKeys (ConfUtils.java:logGet(46)) - raft.server.log.segment.size.max = 1048576 (custom)
2022-12-08 07:06:38,309 [pool-217-thread-1] INFO  server.RaftServerConfigKeys (ConfUtils.java:logGet(46)) - raft.server.log.segment.cache.num.max = 2 (custom)
2022-12-08 07:06:38,309 [pool-217-thread-1] INFO  server.RaftServerConfigKeys (ConfUtils.java:logGet(46)) - raft.server.log.segment.cache.size.max = 200MB (=209715200) (default)
2022-12-08 07:06:38,310 [pool-217-thread-1] INFO  segmented.SegmentedRaftLogWorker (SegmentedRaftLogWorker.java:<init>(189)) - new f4ffb4f0-97dc-4c31-9ebf-2914332a538f@group-996A516CC7A2-SegmentedRaftLogWorker for RaftStorageImpl:Storage Directory /home/runner/work/ozone/ozone/hadoop-ozone/integration-test/target/test-dir/MiniOzoneClusterImpl-3253a570-fb02-4895-b12a-309bd2ff2d50/datanode-6/data/ratis/cd5a6b2c-53f2-4afd-ac0c-996a516cc7a2
2022-12-08 07:06:38,310 [pool-217-thread-1] INFO  server.RaftServerConfigKeys (ConfUtils.java:logGet(46)) - raft.server.log.queue.byte-limit = 4294967296 (custom)
2022-12-08 07:06:38,310 [pool-217-thread-1] INFO  server.RaftServerConfigKeys (ConfUtils.java:logGet(46)) - raft.server.log.queue.element-limit = 1024 (custom)
2022-12-08 07:06:38,310 [pool-217-thread-1] INFO  server.RaftServerConfigKeys (ConfUtils.java:logGet(46)) - raft.server.log.segment.size.max = 1048576 (custom)
2022-12-08 07:06:38,310 [pool-217-thread-1] INFO  server.RaftServerConfigKeys (ConfUtils.java:logGet(46)) - raft.server.log.preallocated.size = 16384 (custom)
2022-12-08 07:06:38,310 [pool-217-thread-1] INFO  server.RaftServerConfigKeys (ConfUtils.java:logGet(46)) - raft.server.log.force.sync.num = 128 (default)
2022-12-08 07:06:38,313 [pool-217-thread-1] INFO  server.RaftServerConfigKeys (ConfUtils.java:logGet(46)) - raft.server.log.statemachine.data.sync = true (default)
2022-12-08 07:06:38,313 [pool-217-thread-1] INFO  server.RaftServerConfigKeys (ConfUtils.java:logGet(46)) - raft.server.log.statemachine.data.sync.timeout = 10s (default)
2022-12-08 07:06:38,313 [pool-217-thread-1] INFO  server.RaftServerConfigKeys (ConfUtils.java:logGet(46)) - raft.server.log.statemachine.data.sync.timeout.retry = -1 (default)
2022-12-08 07:06:38,315 [pool-217-thread-1] INFO  server.RaftServerConfigKeys (ConfUtils.java:logGet(46)) - raft.server.log.write.buffer.size = 1048576 (custom)
2022-12-08 07:06:38,317 [pool-217-thread-1] INFO  server.RaftServerConfigKeys (ConfUtils.java:logGet(46)) - raft.server.log.appender.buffer.byte-limit = 33554432 (custom)
2022-12-08 07:06:38,332 [EventQueue-CommandQueueReportForCommandQueueReportHandler] WARN  events.EventQueue (EventQueue.java:fireEvent(216)) - No event handler registered for event TypedEvent{payloadType=DatanodeDetails, name='Datanode_Command_Queue_Updated'}
2022-12-08 07:06:38,335 [pool-217-thread-1] INFO  server.RaftServerConfigKeys (ConfUtils.java:logGet(46)) - raft.server.log.unsafe-flush.enabled = false (default)
2022-12-08 07:06:38,335 [pool-217-thread-1] INFO  server.RaftServerConfigKeys (ConfUtils.java:logGet(46)) - raft.server.log.async-flush.enabled = false (default)
2022-12-08 07:06:38,336 [pool-217-thread-1] INFO  server.RaftServerConfigKeys (ConfUtils.java:logGet(46)) - raft.server.log.statemachine.data.caching.enabled = true (custom)
2022-12-08 07:06:38,336 [pool-217-thread-1] INFO  segmented.SegmentedRaftLogWorker (SegmentedRaftLogWorker.java:lambda$new$0(135)) - f4ffb4f0-97dc-4c31-9ebf-2914332a538f@group-996A516CC7A2-SegmentedRaftLogWorker: flushIndex: setUnconditionally 0 -> -1
2022-12-08 07:06:38,336 [pool-217-thread-1] INFO  segmented.SegmentedRaftLogWorker (SegmentedRaftLogWorker.java:lambda$new$0(135)) - f4ffb4f0-97dc-4c31-9ebf-2914332a538f@group-996A516CC7A2-SegmentedRaftLogWorker: safeCacheEvictIndex: setUnconditionally 0 -> -1
2022-12-08 07:06:38,340 [pool-217-thread-1] INFO  server.RaftServer$Division (RaftServerImpl.java:start(334)) - f4ffb4f0-97dc-4c31-9ebf-2914332a538f@group-996A516CC7A2: start as a follower, conf=-1: peers:[624d0ae4-c5c0-4b02-bbde-b37f19cf8f9a|rpc:10.1.0.14:41749|priority:0|startupRole:FOLLOWER, f4ffb4f0-97dc-4c31-9ebf-2914332a538f|rpc:10.1.0.14:34119|priority:0|startupRole:FOLLOWER, a323b8f8-7c4d-4fe6-8663-2fcba1e99710|rpc:10.1.0.14:38689|priority:1|startupRole:FOLLOWER]|listeners:[], old=null
2022-12-08 07:06:38,340 [pool-217-thread-1] INFO  server.RaftServer$Division (RaftServerImpl.java:setRole(321)) - f4ffb4f0-97dc-4c31-9ebf-2914332a538f@group-996A516CC7A2: changes role from      null to FOLLOWER at term 0 for startAsFollower
2022-12-08 07:06:38,340 [pool-217-thread-1] INFO  impl.RoleInfo (RoleInfo.java:updateAndGet(139)) - f4ffb4f0-97dc-4c31-9ebf-2914332a538f: start f4ffb4f0-97dc-4c31-9ebf-2914332a538f@group-996A516CC7A2-FollowerState
2022-12-08 07:06:38,345 [pool-217-thread-1] INFO  util.JmxRegister (JmxRegister.java:tryRegister(44)) - Successfully registered JMX Bean with object name Ratis:service=RaftServer,group=group-996A516CC7A2,id=f4ffb4f0-97dc-4c31-9ebf-2914332a538f
2022-12-08 07:06:38,345 [pool-217-thread-1] INFO  server.RaftServerConfigKeys (ConfUtils.java:logGet(46)) - raft.server.snapshot.auto.trigger.enabled = true (custom)
2022-12-08 07:06:38,345 [pool-217-thread-1] INFO  server.RaftServerConfigKeys (ConfUtils.java:logGet(46)) - raft.server.snapshot.auto.trigger.threshold = 10000 (custom)
2022-12-08 07:06:38,345 [pool-217-thread-1] INFO  server.RaftServerConfigKeys (ConfUtils.java:logGet(46)) - raft.server.snapshot.retention.file.num = 5 (custom)
2022-12-08 07:06:38,345 [pool-217-thread-1] INFO  server.RaftServerConfigKeys (ConfUtils.java:logGet(46)) - raft.server.log.purge.upto.snapshot.index = false (default)
2022-12-08 07:06:38,345 [f4ffb4f0-97dc-4c31-9ebf-2914332a538f@group-996A516CC7A2-FollowerState] INFO  server.RaftServerConfigKeys (ConfUtils.java:logFallback(53)) - raft.server.rpc.first-election.timeout.min = 5s (fallback to raft.server.rpc.timeout.min)
2022-12-08 07:06:38,346 [f4ffb4f0-97dc-4c31-9ebf-2914332a538f@group-996A516CC7A2-FollowerState] INFO  server.RaftServerConfigKeys (ConfUtils.java:logFallback(53)) - raft.server.rpc.first-election.timeout.max = 5200ms (fallback to raft.server.rpc.timeout.max)
2022-12-08 07:06:38,348 [Command processor thread] INFO  ratis.XceiverServerRatis (XceiverServerRatis.java:addGroup(765)) - Created group PipelineID=cd5a6b2c-53f2-4afd-ac0c-996a516cc7a2
2022-12-08 07:06:38,363 [grpc-default-executor-2] INFO  server.RaftServer (RaftServerProxy.java:addNew(96)) - 624d0ae4-c5c0-4b02-bbde-b37f19cf8f9a: addNew group-996A516CC7A2:[624d0ae4-c5c0-4b02-bbde-b37f19cf8f9a|rpc:10.1.0.14:41749|dataStream:|priority:0|startupRole:FOLLOWER, f4ffb4f0-97dc-4c31-9ebf-2914332a538f|rpc:10.1.0.14:34119|dataStream:|priority:0|startupRole:FOLLOWER, a323b8f8-7c4d-4fe6-8663-2fcba1e99710|rpc:10.1.0.14:38689|dataStream:|priority:1|startupRole:FOLLOWER] returns group-996A516CC7A2:java.util.concurrent.CompletableFuture@81c5bbc[Not completed]
2022-12-08 07:06:38,364 [pool-94-thread-1] INFO  server.RaftServer$Division (RaftServerImpl.java:<init>(195)) - 624d0ae4-c5c0-4b02-bbde-b37f19cf8f9a: new RaftServerImpl for group-996A516CC7A2:[624d0ae4-c5c0-4b02-bbde-b37f19cf8f9a|rpc:10.1.0.14:41749|dataStream:|priority:0|startupRole:FOLLOWER, f4ffb4f0-97dc-4c31-9ebf-2914332a538f|rpc:10.1.0.14:34119|dataStream:|priority:0|startupRole:FOLLOWER, a323b8f8-7c4d-4fe6-8663-2fcba1e99710|rpc:10.1.0.14:38689|dataStream:|priority:1|startupRole:FOLLOWER] with ContainerStateMachine:uninitialized
2022-12-08 07:06:38,364 [pool-94-thread-1] INFO  server.RaftServerConfigKeys (ConfUtils.java:logGet(46)) - raft.server.rpc.timeout.min = 5s (custom)
2022-12-08 07:06:38,365 [pool-94-thread-1] INFO  server.RaftServerConfigKeys (ConfUtils.java:logGet(46)) - raft.server.rpc.timeout.max = 5200ms (custom)
2022-12-08 07:06:38,365 [pool-94-thread-1] INFO  server.RaftServerConfigKeys (ConfUtils.java:logGet(46)) - raft.server.rpc.sleep.time = 25ms (default)
2022-12-08 07:06:38,365 [pool-94-thread-1] INFO  server.RaftServerConfigKeys (ConfUtils.java:logGet(46)) - raft.server.rpc.slowness.timeout = 300s (custom)
2022-12-08 07:06:38,365 [pool-94-thread-1] INFO  server.RaftServerConfigKeys (ConfUtils.java:logGet(46)) - raft.server.leaderelection.leader.step-down.wait-time = 10s (default)
2022-12-08 07:06:38,365 [pool-94-thread-1] INFO  server.RaftServerConfigKeys (ConfUtils.java:logGet(46)) - raft.server.sleep.deviation.threshold = 300ms (default)
2022-12-08 07:06:38,365 [pool-94-thread-1] INFO  server.RaftServer$Division (ServerState.java:<init>(118)) - 624d0ae4-c5c0-4b02-bbde-b37f19cf8f9a@group-996A516CC7A2: ConfigurationManager, init=-1: peers:[624d0ae4-c5c0-4b02-bbde-b37f19cf8f9a|rpc:10.1.0.14:41749|dataStream:|priority:0|startupRole:FOLLOWER, f4ffb4f0-97dc-4c31-9ebf-2914332a538f|rpc:10.1.0.14:34119|dataStream:|priority:0|startupRole:FOLLOWER, a323b8f8-7c4d-4fe6-8663-2fcba1e99710|rpc:10.1.0.14:38689|dataStream:|priority:1|startupRole:FOLLOWER]|listeners:[], old=null, confs=<EMPTY_MAP>
2022-12-08 07:06:38,365 [pool-94-thread-1] INFO  server.RaftServerConfigKeys (ConfUtils.java:logGet(46)) - raft.server.storage.dir = [/home/runner/work/ozone/ozone/hadoop-ozone/integration-test/target/test-dir/MiniOzoneClusterImpl-3253a570-fb02-4895-b12a-309bd2ff2d50/datanode-1/data/ratis] (custom)
2022-12-08 07:06:38,365 [pool-94-thread-1] INFO  server.RaftServerConfigKeys (ConfUtils.java:logGet(46)) - raft.server.log.corruption.policy = EXCEPTION (default)
2022-12-08 07:06:38,365 [pool-94-thread-1] INFO  server.RaftServerConfigKeys (ConfUtils.java:logGet(46)) - raft.server.storage.free-space.min = 0MB (=0) (default)
2022-12-08 07:06:38,366 [pool-94-thread-1] INFO  server.RaftServerConfigKeys (ConfUtils.java:logGet(46)) - raft.server.notification.no-leader.timeout = 300s (custom)
2022-12-08 07:06:38,366 [pool-94-thread-1] INFO  server.RaftServerConfigKeys (ConfUtils.java:logGet(46)) - raft.server.retrycache.expirytime = 600000ms (custom)
2022-12-08 07:06:38,366 [pool-94-thread-1] INFO  server.RaftServerConfigKeys (ConfUtils.java:logGet(46)) - raft.server.retrycache.statistics.expirytime = 100μs (default)
2022-12-08 07:06:38,367 [pool-94-thread-1] INFO  server.RaftServerConfigKeys (ConfUtils.java:logGet(46)) - raft.server.log.appender.install.snapshot.enabled = false (custom)
2022-12-08 07:06:38,367 [pool-94-thread-1] INFO  server.RaftServerConfigKeys (ConfUtils.java:logGet(46)) - raft.server.threadpool.server.cached = true (default)
2022-12-08 07:06:38,367 [pool-94-thread-1] INFO  server.RaftServerConfigKeys (ConfUtils.java:logGet(46)) - raft.server.threadpool.server.size = 0 (default)
2022-12-08 07:06:38,367 [pool-94-thread-1] INFO  server.RaftServerConfigKeys (ConfUtils.java:logGet(46)) - raft.server.threadpool.client.cached = true (default)
2022-12-08 07:06:38,367 [pool-94-thread-1] INFO  server.RaftServerConfigKeys (ConfUtils.java:logGet(46)) - raft.server.threadpool.client.size = 0 (default)
2022-12-08 07:06:38,368 [pool-94-thread-1] INFO  storage.RaftStorageDirectory (RaftStorageDirectoryImpl.java:analyzeStorage(137)) - The storage directory /home/runner/work/ozone/ozone/hadoop-ozone/integration-test/target/test-dir/MiniOzoneClusterImpl-3253a570-fb02-4895-b12a-309bd2ff2d50/datanode-1/data/ratis/cd5a6b2c-53f2-4afd-ac0c-996a516cc7a2 does not exist. Creating ...
2022-12-08 07:06:38,369 [pool-94-thread-1] INFO  storage.RaftStorageDirectory (RaftStorageDirectoryImpl.java:tryLock(231)) - Lock on /home/runner/work/ozone/ozone/hadoop-ozone/integration-test/target/test-dir/MiniOzoneClusterImpl-3253a570-fb02-4895-b12a-309bd2ff2d50/datanode-1/data/ratis/cd5a6b2c-53f2-4afd-ac0c-996a516cc7a2/in_use.lock acquired by nodename 50697@fv-az165-805
2022-12-08 07:06:38,382 [pool-94-thread-1] INFO  storage.RaftStorage (RaftStorageImpl.java:format(96)) - Storage directory /home/runner/work/ozone/ozone/hadoop-ozone/integration-test/target/test-dir/MiniOzoneClusterImpl-3253a570-fb02-4895-b12a-309bd2ff2d50/datanode-1/data/ratis/cd5a6b2c-53f2-4afd-ac0c-996a516cc7a2 has been successfully formatted.
2022-12-08 07:06:38,383 [pool-94-thread-1] INFO  ratis.ContainerStateMachine (ContainerStateMachine.java:loadSnapshot(236)) - group-996A516CC7A2: The snapshot info is null. Setting the last applied indexto:(t:0, i:~)
2022-12-08 07:06:38,383 [pool-94-thread-1] INFO  server.RaftServerConfigKeys (ConfUtils.java:logGet(46)) - raft.server.log.use.memory = false (default)
2022-12-08 07:06:38,383 [pool-94-thread-1] INFO  server.RaftServerConfigKeys (ConfUtils.java:logGet(46)) - raft.server.log.purge.gap = 1000000 (custom)
2022-12-08 07:06:38,383 [pool-94-thread-1] INFO  server.RaftServerConfigKeys (ConfUtils.java:logGet(46)) - raft.server.log.appender.buffer.byte-limit = 33554432 (custom)
2022-12-08 07:06:38,383 [pool-94-thread-1] INFO  server.RaftServerConfigKeys (ConfUtils.java:logGet(46)) - raft.server.log.statemachine.data.read.timeout = 1000ms (default)
2022-12-08 07:06:38,383 [pool-94-thread-1] INFO  server.RaftServerConfigKeys (ConfUtils.java:logGet(46)) - raft.server.log.purge.preservation.log.num = 0 (default)
2022-12-08 07:06:38,384 [pool-94-thread-1] INFO  server.RaftServerConfigKeys (ConfUtils.java:logGet(46)) - raft.server.log.segment.size.max = 1048576 (custom)
2022-12-08 07:06:38,384 [pool-94-thread-1] INFO  server.RaftServerConfigKeys (ConfUtils.java:logGet(46)) - raft.server.log.segment.cache.num.max = 2 (custom)
2022-12-08 07:06:38,384 [pool-94-thread-1] INFO  server.RaftServerConfigKeys (ConfUtils.java:logGet(46)) - raft.server.log.segment.cache.size.max = 200MB (=209715200) (default)
2022-12-08 07:06:38,384 [pool-94-thread-1] INFO  segmented.SegmentedRaftLogWorker (SegmentedRaftLogWorker.java:<init>(189)) - new 624d0ae4-c5c0-4b02-bbde-b37f19cf8f9a@group-996A516CC7A2-SegmentedRaftLogWorker for RaftStorageImpl:Storage Directory /home/runner/work/ozone/ozone/hadoop-ozone/integration-test/target/test-dir/MiniOzoneClusterImpl-3253a570-fb02-4895-b12a-309bd2ff2d50/datanode-1/data/ratis/cd5a6b2c-53f2-4afd-ac0c-996a516cc7a2
2022-12-08 07:06:38,384 [pool-94-thread-1] INFO  server.RaftServerConfigKeys (ConfUtils.java:logGet(46)) - raft.server.log.queue.byte-limit = 4294967296 (custom)
2022-12-08 07:06:38,384 [pool-94-thread-1] INFO  server.RaftServerConfigKeys (ConfUtils.java:logGet(46)) - raft.server.log.queue.element-limit = 1024 (custom)
2022-12-08 07:06:38,385 [pool-94-thread-1] INFO  server.RaftServerConfigKeys (ConfUtils.java:logGet(46)) - raft.server.log.segment.size.max = 1048576 (custom)
2022-12-08 07:06:38,385 [pool-94-thread-1] INFO  server.RaftServerConfigKeys (ConfUtils.java:logGet(46)) - raft.server.log.preallocated.size = 16384 (custom)
2022-12-08 07:06:38,385 [pool-94-thread-1] INFO  server.RaftServerConfigKeys (ConfUtils.java:logGet(46)) - raft.server.log.force.sync.num = 128 (default)
2022-12-08 07:06:38,385 [pool-94-thread-1] INFO  server.RaftServerConfigKeys (ConfUtils.java:logGet(46)) - raft.server.log.statemachine.data.sync = true (default)
2022-12-08 07:06:38,385 [pool-94-thread-1] INFO  server.RaftServerConfigKeys (ConfUtils.java:logGet(46)) - raft.server.log.statemachine.data.sync.timeout = 10s (default)
2022-12-08 07:06:38,385 [pool-94-thread-1] INFO  server.RaftServerConfigKeys (ConfUtils.java:logGet(46)) - raft.server.log.statemachine.data.sync.timeout.retry = -1 (default)
2022-12-08 07:06:38,386 [pool-94-thread-1] INFO  server.RaftServerConfigKeys (ConfUtils.java:logGet(46)) - raft.server.log.write.buffer.size = 1048576 (custom)
2022-12-08 07:06:38,386 [pool-94-thread-1] INFO  server.RaftServerConfigKeys (ConfUtils.java:logGet(46)) - raft.server.log.appender.buffer.byte-limit = 33554432 (custom)
2022-12-08 07:06:38,390 [EventQueue-CommandQueueReportForCommandQueueReportHandler] WARN  events.EventQueue (EventQueue.java:fireEvent(216)) - No event handler registered for event TypedEvent{payloadType=DatanodeDetails, name='Datanode_Command_Queue_Updated'}
2022-12-08 07:06:38,396 [Listener at 127.0.0.1/38067] INFO  net.NodeSchemaLoader (NodeSchemaLoader.java:loadSchemaFromFile(129)) - Loading schema from [jar:file:/home/runner/.m2/repository/org/apache/ozone/hdds-common/1.3.0-SNAPSHOT/hdds-common-1.3.0-SNAPSHOT.jar!/network-topology-default.xml]
2022-12-08 07:06:38,396 [Listener at 127.0.0.1/38067] INFO  net.NodeSchemaLoader (NodeSchemaLoader.java:loadSchema(176)) - Loading network topology layer schema file
2022-12-08 07:06:38,398 [pool-94-thread-1] INFO  server.RaftServerConfigKeys (ConfUtils.java:logGet(46)) - raft.server.log.unsafe-flush.enabled = false (default)
2022-12-08 07:06:38,399 [pool-94-thread-1] INFO  server.RaftServerConfigKeys (ConfUtils.java:logGet(46)) - raft.server.log.async-flush.enabled = false (default)
2022-12-08 07:06:38,399 [pool-94-thread-1] INFO  server.RaftServerConfigKeys (ConfUtils.java:logGet(46)) - raft.server.log.statemachine.data.caching.enabled = true (custom)
2022-12-08 07:06:38,400 [pool-94-thread-1] INFO  segmented.SegmentedRaftLogWorker (SegmentedRaftLogWorker.java:lambda$new$0(135)) - 624d0ae4-c5c0-4b02-bbde-b37f19cf8f9a@group-996A516CC7A2-SegmentedRaftLogWorker: flushIndex: setUnconditionally 0 -> -1
2022-12-08 07:06:38,400 [pool-94-thread-1] INFO  segmented.SegmentedRaftLogWorker (SegmentedRaftLogWorker.java:lambda$new$0(135)) - 624d0ae4-c5c0-4b02-bbde-b37f19cf8f9a@group-996A516CC7A2-SegmentedRaftLogWorker: safeCacheEvictIndex: setUnconditionally 0 -> -1
2022-12-08 07:06:38,410 [Listener at 127.0.0.1/38067] WARN  impl.MetricRegistriesImpl (MetricRegistriesImpl.java:addReporterRegistration(111)) - New reporters are added after registries were created. Some metrics will be missing from the reporter. Please add reporter before adding any new registry.
2022-12-08 07:06:38,410 [Listener at 127.0.0.1/38067] WARN  impl.MetricRegistriesImpl (MetricRegistriesImpl.java:addReporterRegistration(111)) - New reporters are added after registries were created. Some metrics will be missing from the reporter. Please add reporter before adding any new registry.
2022-12-08 07:06:38,410 [Listener at 127.0.0.1/38067] INFO  upgrade.AbstractLayoutVersionManager (AbstractLayoutVersionManager.java:init(83)) - Initializing Layout version manager with metadata layout = DATANODE_SCHEMA_V3 (version = 4), software layout = DATANODE_SCHEMA_V3 (version = 4)
2022-12-08 07:06:38,418 [EventQueue-CommandQueueReportForCommandQueueReportHandler] WARN  events.EventQueue (EventQueue.java:fireEvent(216)) - No event handler registered for event TypedEvent{payloadType=DatanodeDetails, name='Datanode_Command_Queue_Updated'}
2022-12-08 07:06:38,418 [pool-94-thread-1] INFO  server.RaftServer$Division (RaftServerImpl.java:start(334)) - 624d0ae4-c5c0-4b02-bbde-b37f19cf8f9a@group-996A516CC7A2: start as a follower, conf=-1: peers:[624d0ae4-c5c0-4b02-bbde-b37f19cf8f9a|rpc:10.1.0.14:41749|dataStream:|priority:0|startupRole:FOLLOWER, f4ffb4f0-97dc-4c31-9ebf-2914332a538f|rpc:10.1.0.14:34119|dataStream:|priority:0|startupRole:FOLLOWER, a323b8f8-7c4d-4fe6-8663-2fcba1e99710|rpc:10.1.0.14:38689|dataStream:|priority:1|startupRole:FOLLOWER]|listeners:[], old=null
2022-12-08 07:06:38,418 [pool-94-thread-1] INFO  server.RaftServer$Division (RaftServerImpl.java:setRole(321)) - 624d0ae4-c5c0-4b02-bbde-b37f19cf8f9a@group-996A516CC7A2: changes role from      null to FOLLOWER at term 0 for startAsFollower
2022-12-08 07:06:38,418 [pool-94-thread-1] INFO  impl.RoleInfo (RoleInfo.java:updateAndGet(139)) - 624d0ae4-c5c0-4b02-bbde-b37f19cf8f9a: start 624d0ae4-c5c0-4b02-bbde-b37f19cf8f9a@group-996A516CC7A2-FollowerState
2022-12-08 07:06:38,421 [pool-94-thread-1] INFO  util.JmxRegister (JmxRegister.java:tryRegister(44)) - Successfully registered JMX Bean with object name Ratis:service=RaftServer,group=group-996A516CC7A2,id=624d0ae4-c5c0-4b02-bbde-b37f19cf8f9a
2022-12-08 07:06:38,422 [pool-94-thread-1] INFO  server.RaftServerConfigKeys (ConfUtils.java:logGet(46)) - raft.server.snapshot.auto.trigger.enabled = true (custom)
2022-12-08 07:06:38,422 [pool-94-thread-1] INFO  server.RaftServerConfigKeys (ConfUtils.java:logGet(46)) - raft.server.snapshot.auto.trigger.threshold = 10000 (custom)
2022-12-08 07:06:38,422 [pool-94-thread-1] INFO  server.RaftServerConfigKeys (ConfUtils.java:logGet(46)) - raft.server.snapshot.retention.file.num = 5 (custom)
2022-12-08 07:06:38,422 [pool-94-thread-1] INFO  server.RaftServerConfigKeys (ConfUtils.java:logGet(46)) - raft.server.log.purge.upto.snapshot.index = false (default)
2022-12-08 07:06:38,423 [624d0ae4-c5c0-4b02-bbde-b37f19cf8f9a@group-996A516CC7A2-FollowerState] INFO  server.RaftServerConfigKeys (ConfUtils.java:logFallback(53)) - raft.server.rpc.first-election.timeout.min = 5s (fallback to raft.server.rpc.timeout.min)
2022-12-08 07:06:38,423 [624d0ae4-c5c0-4b02-bbde-b37f19cf8f9a@group-996A516CC7A2-FollowerState] INFO  server.RaftServerConfigKeys (ConfUtils.java:logFallback(53)) - raft.server.rpc.first-election.timeout.max = 5200ms (fallback to raft.server.rpc.timeout.max)
2022-12-08 07:06:38,461 [grpc-default-executor-2] INFO  server.RaftServer (RaftServerProxy.java:addNew(96)) - a323b8f8-7c4d-4fe6-8663-2fcba1e99710: addNew group-996A516CC7A2:[624d0ae4-c5c0-4b02-bbde-b37f19cf8f9a|rpc:10.1.0.14:41749|dataStream:|priority:0|startupRole:FOLLOWER, f4ffb4f0-97dc-4c31-9ebf-2914332a538f|rpc:10.1.0.14:34119|dataStream:|priority:0|startupRole:FOLLOWER, a323b8f8-7c4d-4fe6-8663-2fcba1e99710|rpc:10.1.0.14:38689|dataStream:|priority:1|startupRole:FOLLOWER] returns group-996A516CC7A2:java.util.concurrent.CompletableFuture@286a2d3c[Not completed]
2022-12-08 07:06:38,462 [pool-71-thread-1] INFO  server.RaftServer$Division (RaftServerImpl.java:<init>(195)) - a323b8f8-7c4d-4fe6-8663-2fcba1e99710: new RaftServerImpl for group-996A516CC7A2:[624d0ae4-c5c0-4b02-bbde-b37f19cf8f9a|rpc:10.1.0.14:41749|dataStream:|priority:0|startupRole:FOLLOWER, f4ffb4f0-97dc-4c31-9ebf-2914332a538f|rpc:10.1.0.14:34119|dataStream:|priority:0|startupRole:FOLLOWER, a323b8f8-7c4d-4fe6-8663-2fcba1e99710|rpc:10.1.0.14:38689|dataStream:|priority:1|startupRole:FOLLOWER] with ContainerStateMachine:uninitialized
2022-12-08 07:06:38,462 [pool-71-thread-1] INFO  server.RaftServerConfigKeys (ConfUtils.java:logGet(46)) - raft.server.rpc.timeout.min = 5s (custom)
2022-12-08 07:06:38,462 [pool-71-thread-1] INFO  server.RaftServerConfigKeys (ConfUtils.java:logGet(46)) - raft.server.rpc.timeout.max = 5200ms (custom)
2022-12-08 07:06:38,462 [pool-71-thread-1] INFO  server.RaftServerConfigKeys (ConfUtils.java:logGet(46)) - raft.server.rpc.sleep.time = 25ms (default)
2022-12-08 07:06:38,462 [pool-71-thread-1] INFO  server.RaftServerConfigKeys (ConfUtils.java:logGet(46)) - raft.server.rpc.slowness.timeout = 300s (custom)
2022-12-08 07:06:38,462 [pool-71-thread-1] INFO  server.RaftServerConfigKeys (ConfUtils.java:logGet(46)) - raft.server.leaderelection.leader.step-down.wait-time = 10s (default)
2022-12-08 07:06:38,462 [pool-71-thread-1] INFO  server.RaftServerConfigKeys (ConfUtils.java:logGet(46)) - raft.server.sleep.deviation.threshold = 300ms (default)
2022-12-08 07:06:38,462 [pool-71-thread-1] INFO  server.RaftServer$Division (ServerState.java:<init>(118)) - a323b8f8-7c4d-4fe6-8663-2fcba1e99710@group-996A516CC7A2: ConfigurationManager, init=-1: peers:[624d0ae4-c5c0-4b02-bbde-b37f19cf8f9a|rpc:10.1.0.14:41749|dataStream:|priority:0|startupRole:FOLLOWER, f4ffb4f0-97dc-4c31-9ebf-2914332a538f|rpc:10.1.0.14:34119|dataStream:|priority:0|startupRole:FOLLOWER, a323b8f8-7c4d-4fe6-8663-2fcba1e99710|rpc:10.1.0.14:38689|dataStream:|priority:1|startupRole:FOLLOWER]|listeners:[], old=null, confs=<EMPTY_MAP>
2022-12-08 07:06:38,463 [pool-71-thread-1] INFO  server.RaftServerConfigKeys (ConfUtils.java:logGet(46)) - raft.server.storage.dir = [/home/runner/work/ozone/ozone/hadoop-ozone/integration-test/target/test-dir/MiniOzoneClusterImpl-3253a570-fb02-4895-b12a-309bd2ff2d50/datanode-0/data/ratis] (custom)
2022-12-08 07:06:38,463 [pool-71-thread-1] INFO  server.RaftServerConfigKeys (ConfUtils.java:logGet(46)) - raft.server.log.corruption.policy = EXCEPTION (default)
2022-12-08 07:06:38,463 [pool-71-thread-1] INFO  server.RaftServerConfigKeys (ConfUtils.java:logGet(46)) - raft.server.storage.free-space.min = 0MB (=0) (default)
2022-12-08 07:06:38,463 [pool-71-thread-1] INFO  server.RaftServerConfigKeys (ConfUtils.java:logGet(46)) - raft.server.notification.no-leader.timeout = 300s (custom)
2022-12-08 07:06:38,463 [pool-71-thread-1] INFO  server.RaftServerConfigKeys (ConfUtils.java:logGet(46)) - raft.server.retrycache.expirytime = 600000ms (custom)
2022-12-08 07:06:38,463 [pool-71-thread-1] INFO  server.RaftServerConfigKeys (ConfUtils.java:logGet(46)) - raft.server.retrycache.statistics.expirytime = 100μs (default)
2022-12-08 07:06:38,465 [pool-71-thread-1] INFO  server.RaftServerConfigKeys (ConfUtils.java:logGet(46)) - raft.server.log.appender.install.snapshot.enabled = false (custom)
2022-12-08 07:06:38,465 [pool-71-thread-1] INFO  server.RaftServerConfigKeys (ConfUtils.java:logGet(46)) - raft.server.threadpool.server.cached = true (default)
2022-12-08 07:06:38,465 [pool-71-thread-1] INFO  server.RaftServerConfigKeys (ConfUtils.java:logGet(46)) - raft.server.threadpool.server.size = 0 (default)
2022-12-08 07:06:38,465 [pool-71-thread-1] INFO  server.RaftServerConfigKeys (ConfUtils.java:logGet(46)) - raft.server.threadpool.client.cached = true (default)
2022-12-08 07:06:38,465 [pool-71-thread-1] INFO  server.RaftServerConfigKeys (ConfUtils.java:logGet(46)) - raft.server.threadpool.client.size = 0 (default)
2022-12-08 07:06:38,465 [pool-71-thread-1] INFO  storage.RaftStorageDirectory (RaftStorageDirectoryImpl.java:analyzeStorage(137)) - The storage directory /home/runner/work/ozone/ozone/hadoop-ozone/integration-test/target/test-dir/MiniOzoneClusterImpl-3253a570-fb02-4895-b12a-309bd2ff2d50/datanode-0/data/ratis/cd5a6b2c-53f2-4afd-ac0c-996a516cc7a2 does not exist. Creating ...
2022-12-08 07:06:38,468 [pool-71-thread-1] INFO  storage.RaftStorageDirectory (RaftStorageDirectoryImpl.java:tryLock(231)) - Lock on /home/runner/work/ozone/ozone/hadoop-ozone/integration-test/target/test-dir/MiniOzoneClusterImpl-3253a570-fb02-4895-b12a-309bd2ff2d50/datanode-0/data/ratis/cd5a6b2c-53f2-4afd-ac0c-996a516cc7a2/in_use.lock acquired by nodename 50697@fv-az165-805
2022-12-08 07:06:38,470 [pool-71-thread-1] INFO  storage.RaftStorage (RaftStorageImpl.java:format(96)) - Storage directory /home/runner/work/ozone/ozone/hadoop-ozone/integration-test/target/test-dir/MiniOzoneClusterImpl-3253a570-fb02-4895-b12a-309bd2ff2d50/datanode-0/data/ratis/cd5a6b2c-53f2-4afd-ac0c-996a516cc7a2 has been successfully formatted.
2022-12-08 07:06:38,471 [pool-71-thread-1] INFO  ratis.ContainerStateMachine (ContainerStateMachine.java:loadSnapshot(236)) - group-996A516CC7A2: The snapshot info is null. Setting the last applied indexto:(t:0, i:~)
2022-12-08 07:06:38,471 [pool-71-thread-1] INFO  server.RaftServerConfigKeys (ConfUtils.java:logGet(46)) - raft.server.log.use.memory = false (default)
2022-12-08 07:06:38,471 [pool-71-thread-1] INFO  server.RaftServerConfigKeys (ConfUtils.java:logGet(46)) - raft.server.log.purge.gap = 1000000 (custom)
2022-12-08 07:06:38,471 [pool-71-thread-1] INFO  server.RaftServerConfigKeys (ConfUtils.java:logGet(46)) - raft.server.log.appender.buffer.byte-limit = 33554432 (custom)
2022-12-08 07:06:38,471 [pool-71-thread-1] INFO  server.RaftServerConfigKeys (ConfUtils.java:logGet(46)) - raft.server.log.statemachine.data.read.timeout = 1000ms (default)
2022-12-08 07:06:38,471 [pool-71-thread-1] INFO  server.RaftServerConfigKeys (ConfUtils.java:logGet(46)) - raft.server.log.purge.preservation.log.num = 0 (default)
2022-12-08 07:06:38,472 [pool-71-thread-1] INFO  server.RaftServerConfigKeys (ConfUtils.java:logGet(46)) - raft.server.log.segment.size.max = 1048576 (custom)
2022-12-08 07:06:38,472 [EventQueue-CommandQueueReportForCommandQueueReportHandler] WARN  events.EventQueue (EventQueue.java:fireEvent(216)) - No event handler registered for event TypedEvent{payloadType=DatanodeDetails, name='Datanode_Command_Queue_Updated'}
2022-12-08 07:06:38,473 [pool-71-thread-1] INFO  server.RaftServerConfigKeys (ConfUtils.java:logGet(46)) - raft.server.log.segment.cache.num.max = 2 (custom)
2022-12-08 07:06:38,473 [pool-71-thread-1] INFO  server.RaftServerConfigKeys (ConfUtils.java:logGet(46)) - raft.server.log.segment.cache.size.max = 200MB (=209715200) (default)
2022-12-08 07:06:38,473 [pool-71-thread-1] INFO  segmented.SegmentedRaftLogWorker (SegmentedRaftLogWorker.java:<init>(189)) - new a323b8f8-7c4d-4fe6-8663-2fcba1e99710@group-996A516CC7A2-SegmentedRaftLogWorker for RaftStorageImpl:Storage Directory /home/runner/work/ozone/ozone/hadoop-ozone/integration-test/target/test-dir/MiniOzoneClusterImpl-3253a570-fb02-4895-b12a-309bd2ff2d50/datanode-0/data/ratis/cd5a6b2c-53f2-4afd-ac0c-996a516cc7a2
2022-12-08 07:06:38,473 [pool-71-thread-1] INFO  server.RaftServerConfigKeys (ConfUtils.java:logGet(46)) - raft.server.log.queue.byte-limit = 4294967296 (custom)
2022-12-08 07:06:38,473 [pool-71-thread-1] INFO  server.RaftServerConfigKeys (ConfUtils.java:logGet(46)) - raft.server.log.queue.element-limit = 1024 (custom)
2022-12-08 07:06:38,473 [pool-71-thread-1] INFO  server.RaftServerConfigKeys (ConfUtils.java:logGet(46)) - raft.server.log.segment.size.max = 1048576 (custom)
2022-12-08 07:06:38,473 [pool-71-thread-1] INFO  server.RaftServerConfigKeys (ConfUtils.java:logGet(46)) - raft.server.log.preallocated.size = 16384 (custom)
2022-12-08 07:06:38,473 [pool-71-thread-1] INFO  server.RaftServerConfigKeys (ConfUtils.java:logGet(46)) - raft.server.log.force.sync.num = 128 (default)
2022-12-08 07:06:38,473 [pool-71-thread-1] INFO  server.RaftServerConfigKeys (ConfUtils.java:logGet(46)) - raft.server.log.statemachine.data.sync = true (default)
2022-12-08 07:06:38,473 [pool-71-thread-1] INFO  server.RaftServerConfigKeys (ConfUtils.java:logGet(46)) - raft.server.log.statemachine.data.sync.timeout = 10s (default)
2022-12-08 07:06:38,473 [pool-71-thread-1] INFO  server.RaftServerConfigKeys (ConfUtils.java:logGet(46)) - raft.server.log.statemachine.data.sync.timeout.retry = -1 (default)
2022-12-08 07:06:38,475 [pool-71-thread-1] INFO  server.RaftServerConfigKeys (ConfUtils.java:logGet(46)) - raft.server.log.write.buffer.size = 1048576 (custom)
2022-12-08 07:06:38,475 [pool-71-thread-1] INFO  server.RaftServerConfigKeys (ConfUtils.java:logGet(46)) - raft.server.log.appender.buffer.byte-limit = 33554432 (custom)
2022-12-08 07:06:38,481 [dc0237ef-1609-4756-90d6-b66d262b465e@group-29EE28260CAF-FollowerState] INFO  impl.FollowerState (FollowerState.java:run(143)) - dc0237ef-1609-4756-90d6-b66d262b465e@group-29EE28260CAF-FollowerState: change to CANDIDATE, lastRpcElapsedTime:5199059844ns, electionTimeout:5177ms
2022-12-08 07:06:38,482 [dc0237ef-1609-4756-90d6-b66d262b465e@group-29EE28260CAF-FollowerState] INFO  impl.RoleInfo (RoleInfo.java:shutdownFollowerState(110)) - dc0237ef-1609-4756-90d6-b66d262b465e: shutdown dc0237ef-1609-4756-90d6-b66d262b465e@group-29EE28260CAF-FollowerState
2022-12-08 07:06:38,482 [dc0237ef-1609-4756-90d6-b66d262b465e@group-29EE28260CAF-FollowerState] INFO  server.RaftServer$Division (RaftServerImpl.java:setRole(321)) - dc0237ef-1609-4756-90d6-b66d262b465e@group-29EE28260CAF: changes role from  FOLLOWER to CANDIDATE at term 0 for changeToCandidate
2022-12-08 07:06:38,482 [dc0237ef-1609-4756-90d6-b66d262b465e@group-29EE28260CAF-FollowerState] INFO  server.RaftServerConfigKeys (ConfUtils.java:logGet(46)) - raft.server.leaderelection.pre-vote = false (custom)
2022-12-08 07:06:38,482 [dc0237ef-1609-4756-90d6-b66d262b465e@group-29EE28260CAF-FollowerState] INFO  impl.RoleInfo (RoleInfo.java:updateAndGet(139)) - dc0237ef-1609-4756-90d6-b66d262b465e: start dc0237ef-1609-4756-90d6-b66d262b465e@group-29EE28260CAF-LeaderElection18
2022-12-08 07:06:38,492 [pool-71-thread-1] INFO  server.RaftServerConfigKeys (ConfUtils.java:logGet(46)) - raft.server.log.unsafe-flush.enabled = false (default)
2022-12-08 07:06:38,494 [pool-71-thread-1] INFO  server.RaftServerConfigKeys (ConfUtils.java:logGet(46)) - raft.server.log.async-flush.enabled = false (default)
2022-12-08 07:06:38,494 [pool-71-thread-1] INFO  server.RaftServerConfigKeys (ConfUtils.java:logGet(46)) - raft.server.log.statemachine.data.caching.enabled = true (custom)
2022-12-08 07:06:38,495 [pool-71-thread-1] INFO  segmented.SegmentedRaftLogWorker (SegmentedRaftLogWorker.java:lambda$new$0(135)) - a323b8f8-7c4d-4fe6-8663-2fcba1e99710@group-996A516CC7A2-SegmentedRaftLogWorker: flushIndex: setUnconditionally 0 -> -1
2022-12-08 07:06:38,495 [pool-71-thread-1] INFO  segmented.SegmentedRaftLogWorker (SegmentedRaftLogWorker.java:lambda$new$0(135)) - a323b8f8-7c4d-4fe6-8663-2fcba1e99710@group-996A516CC7A2-SegmentedRaftLogWorker: safeCacheEvictIndex: setUnconditionally 0 -> -1
2022-12-08 07:06:38,495 [pool-71-thread-1] INFO  server.RaftServer$Division (RaftServerImpl.java:start(334)) - a323b8f8-7c4d-4fe6-8663-2fcba1e99710@group-996A516CC7A2: start as a follower, conf=-1: peers:[624d0ae4-c5c0-4b02-bbde-b37f19cf8f9a|rpc:10.1.0.14:41749|dataStream:|priority:0|startupRole:FOLLOWER, f4ffb4f0-97dc-4c31-9ebf-2914332a538f|rpc:10.1.0.14:34119|dataStream:|priority:0|startupRole:FOLLOWER, a323b8f8-7c4d-4fe6-8663-2fcba1e99710|rpc:10.1.0.14:38689|dataStream:|priority:1|startupRole:FOLLOWER]|listeners:[], old=null
2022-12-08 07:06:38,495 [pool-71-thread-1] INFO  server.RaftServer$Division (RaftServerImpl.java:setRole(321)) - a323b8f8-7c4d-4fe6-8663-2fcba1e99710@group-996A516CC7A2: changes role from      null to FOLLOWER at term 0 for startAsFollower
2022-12-08 07:06:38,495 [pool-71-thread-1] INFO  impl.RoleInfo (RoleInfo.java:updateAndGet(139)) - a323b8f8-7c4d-4fe6-8663-2fcba1e99710: start a323b8f8-7c4d-4fe6-8663-2fcba1e99710@group-996A516CC7A2-FollowerState
2022-12-08 07:06:38,496 [pool-71-thread-1] INFO  util.JmxRegister (JmxRegister.java:tryRegister(44)) - Successfully registered JMX Bean with object name Ratis:service=RaftServer,group=group-996A516CC7A2,id=a323b8f8-7c4d-4fe6-8663-2fcba1e99710
2022-12-08 07:06:38,496 [pool-71-thread-1] INFO  server.RaftServerConfigKeys (ConfUtils.java:logGet(46)) - raft.server.snapshot.auto.trigger.enabled = true (custom)
2022-12-08 07:06:38,496 [pool-71-thread-1] INFO  server.RaftServerConfigKeys (ConfUtils.java:logGet(46)) - raft.server.snapshot.auto.trigger.threshold = 10000 (custom)
2022-12-08 07:06:38,496 [pool-71-thread-1] INFO  server.RaftServerConfigKeys (ConfUtils.java:logGet(46)) - raft.server.snapshot.retention.file.num = 5 (custom)
2022-12-08 07:06:38,496 [pool-71-thread-1] INFO  server.RaftServerConfigKeys (ConfUtils.java:logGet(46)) - raft.server.log.purge.upto.snapshot.index = false (default)
2022-12-08 07:06:38,498 [a323b8f8-7c4d-4fe6-8663-2fcba1e99710@group-996A516CC7A2-FollowerState] INFO  server.RaftServerConfigKeys (ConfUtils.java:logFallback(53)) - raft.server.rpc.first-election.timeout.min = 5s (fallback to raft.server.rpc.timeout.min)
2022-12-08 07:06:38,498 [a323b8f8-7c4d-4fe6-8663-2fcba1e99710@group-996A516CC7A2-FollowerState] INFO  server.RaftServerConfigKeys (ConfUtils.java:logFallback(53)) - raft.server.rpc.first-election.timeout.max = 5200ms (fallback to raft.server.rpc.timeout.max)
2022-12-08 07:06:38,513 [EventQueue-CommandQueueReportForCommandQueueReportHandler] WARN  events.EventQueue (EventQueue.java:fireEvent(216)) - No event handler registered for event TypedEvent{payloadType=DatanodeDetails, name='Datanode_Command_Queue_Updated'}
2022-12-08 07:06:38,514 [dc0237ef-1609-4756-90d6-b66d262b465e@group-29EE28260CAF-LeaderElection18] INFO  impl.LeaderElection (LeaderElection.java:askForVotes(312)) - dc0237ef-1609-4756-90d6-b66d262b465e@group-29EE28260CAF-LeaderElection18 ELECTION round 0: submit vote requests at term 1 for -1: peers:[dc0237ef-1609-4756-90d6-b66d262b465e|rpc:10.1.0.14:46665|priority:1|startupRole:FOLLOWER]|listeners:[], old=null
2022-12-08 07:06:38,515 [dc0237ef-1609-4756-90d6-b66d262b465e@group-29EE28260CAF-LeaderElection18] INFO  impl.LeaderElection (LeaderElection.java:askForVotes(314)) - dc0237ef-1609-4756-90d6-b66d262b465e@group-29EE28260CAF-LeaderElection18 ELECTION round 0: result PASSED (term=1)
2022-12-08 07:06:38,515 [dc0237ef-1609-4756-90d6-b66d262b465e@group-29EE28260CAF-LeaderElection18] INFO  impl.RoleInfo (RoleInfo.java:shutdownLeaderElection(130)) - dc0237ef-1609-4756-90d6-b66d262b465e: shutdown dc0237ef-1609-4756-90d6-b66d262b465e@group-29EE28260CAF-LeaderElection18
2022-12-08 07:06:38,515 [dc0237ef-1609-4756-90d6-b66d262b465e@group-29EE28260CAF-LeaderElection18] INFO  server.RaftServer$Division (RaftServerImpl.java:setRole(321)) - dc0237ef-1609-4756-90d6-b66d262b465e@group-29EE28260CAF: changes role from CANDIDATE to LEADER at term 1 for changeToLeader
2022-12-08 07:06:38,515 [dc0237ef-1609-4756-90d6-b66d262b465e@group-29EE28260CAF-LeaderElection18] INFO  ratis.XceiverServerRatis (XceiverServerRatis.java:handleLeaderChangedNotification(863)) - Leader change notification received for group: group-29EE28260CAF with new leaderId: dc0237ef-1609-4756-90d6-b66d262b465e
2022-12-08 07:06:38,515 [dc0237ef-1609-4756-90d6-b66d262b465e@group-29EE28260CAF-LeaderElection18] INFO  server.RaftServer$Division (ServerState.java:setLeader(313)) - dc0237ef-1609-4756-90d6-b66d262b465e@group-29EE28260CAF: change Leader from null to dc0237ef-1609-4756-90d6-b66d262b465e at term 1 for becomeLeader, leader elected after 5257ms
2022-12-08 07:06:38,515 [dc0237ef-1609-4756-90d6-b66d262b465e@group-29EE28260CAF-LeaderElection18] INFO  server.RaftServerConfigKeys (ConfUtils.java:logGet(46)) - raft.server.staging.catchup.gap = 1000 (default)
2022-12-08 07:06:38,517 [EventQueue-CommandQueueReportForCommandQueueReportHandler] WARN  events.EventQueue (EventQueue.java:fireEvent(216)) - No event handler registered for event TypedEvent{payloadType=DatanodeDetails, name='Datanode_Command_Queue_Updated'}
2022-12-08 07:06:38,517 [dc0237ef-1609-4756-90d6-b66d262b465e@group-29EE28260CAF-LeaderElection18] INFO  server.RaftServerConfigKeys (ConfUtils.java:logGet(46)) - raft.server.write.element-limit = 1024 (custom)
2022-12-08 07:06:38,517 [dc0237ef-1609-4756-90d6-b66d262b465e@group-29EE28260CAF-LeaderElection18] INFO  server.RaftServerConfigKeys (ConfUtils.java:logGet(46)) - raft.server.write.byte-limit = 1024 M (=1073741824) (custom)
2022-12-08 07:06:38,518 [dc0237ef-1609-4756-90d6-b66d262b465e@group-29EE28260CAF-LeaderElection18] INFO  server.RaftServerConfigKeys (ConfUtils.java:logGet(46)) - raft.server.watch.timeout = 180s (custom)
2022-12-08 07:06:38,518 [dc0237ef-1609-4756-90d6-b66d262b465e@group-29EE28260CAF-LeaderElection18] INFO  server.RaftServerConfigKeys (ConfUtils.java:logGet(46)) - raft.server.watch.timeout.denomination = 1s (default)
2022-12-08 07:06:38,518 [dc0237ef-1609-4756-90d6-b66d262b465e@group-29EE28260CAF-LeaderElection18] INFO  server.RaftServerConfigKeys (ConfUtils.java:logGet(46)) - raft.server.watch.element-limit = 65536 (default)
2022-12-08 07:06:38,521 [Command processor thread] INFO  commandhandler.CreatePipelineCommandHandler (CreatePipelineCommandHandler.java:handle(113)) - Created Pipeline RATIS THREE PipelineID=cd5a6b2c-53f2-4afd-ac0c-996a516cc7a2.
2022-12-08 07:06:38,521 [dc0237ef-1609-4756-90d6-b66d262b465e@group-29EE28260CAF-LeaderElection18] INFO  server.RaftServerConfigKeys (ConfUtils.java:logGet(46)) - raft.server.write.element-limit = 1024 (custom)
2022-12-08 07:06:38,521 [dc0237ef-1609-4756-90d6-b66d262b465e@group-29EE28260CAF-LeaderElection18] INFO  server.RaftServerConfigKeys (ConfUtils.java:logGet(46)) - raft.server.write.follower.gap.ratio.max = -1.0 (default)
2022-12-08 07:06:38,522 [dc0237ef-1609-4756-90d6-b66d262b465e@group-29EE28260CAF-LeaderElection18] INFO  impl.RoleInfo (RoleInfo.java:updateAndGet(139)) - dc0237ef-1609-4756-90d6-b66d262b465e: start dc0237ef-1609-4756-90d6-b66d262b465e@group-29EE28260CAF-LeaderStateImpl
2022-12-08 07:06:38,524 [dc0237ef-1609-4756-90d6-b66d262b465e@group-29EE28260CAF-LeaderElection18] INFO  segmented.SegmentedRaftLogWorker (SegmentedRaftLogWorker.java:startLogSegment(452)) - dc0237ef-1609-4756-90d6-b66d262b465e@group-29EE28260CAF-SegmentedRaftLogWorker: Starting segment from index:0
2022-12-08 07:06:38,528 [dc0237ef-1609-4756-90d6-b66d262b465e@group-29EE28260CAF-SegmentedRaftLogWorker] INFO  segmented.SegmentedRaftLogWorker (SegmentedRaftLogWorker.java:execute(656)) - dc0237ef-1609-4756-90d6-b66d262b465e@group-29EE28260CAF-SegmentedRaftLogWorker: created new log segment /home/runner/work/ozone/ozone/hadoop-ozone/integration-test/target/test-dir/MiniOzoneClusterImpl-510a2802-165a-4ebd-9ade-f7b35b2c34f6/datanode-1/data/ratis/cab3f5b2-d084-4b68-9f2f-29ee28260caf/current/log_inprogress_0
2022-12-08 07:06:38,528 [dc0237ef-1609-4756-90d6-b66d262b465e@group-29EE28260CAF-LeaderElection18] INFO  server.RaftServer$Division (ServerState.java:setRaftConf(430)) - dc0237ef-1609-4756-90d6-b66d262b465e@group-29EE28260CAF: set configuration 0: peers:[dc0237ef-1609-4756-90d6-b66d262b465e|rpc:10.1.0.14:46665|dataStream:|priority:1|startupRole:FOLLOWER]|listeners:[], old=null
2022-12-08 07:06:38,563 [Listener at 127.0.0.1/38067] INFO  reflections.Reflections (Reflections.java:scan(232)) - Reflections took 150 ms to scan 7 urls, producing 140 keys and 342 values 
2022-12-08 07:06:38,567 [Listener at 127.0.0.1/38067] INFO  ha.SequenceIdGenerator (SequenceIdGenerator.java:upgradeToSequenceId(349)) - upgrade localId to 109611004723200000
2022-12-08 07:06:38,567 [Listener at 127.0.0.1/38067] INFO  ha.SequenceIdGenerator (SequenceIdGenerator.java:upgradeToSequenceId(359)) - upgrade delTxnId to 0
2022-12-08 07:06:38,567 [Listener at 127.0.0.1/38067] INFO  ha.SequenceIdGenerator (SequenceIdGenerator.java:upgradeToSequenceId(376)) - upgrade containerId to 0
2022-12-08 07:06:38,567 [Listener at 127.0.0.1/38067] INFO  ha.SequenceIdGenerator (SequenceIdGenerator.java:<init>(220)) - Init the HA SequenceIdGenerator.
2022-12-08 07:06:38,568 [Listener at 127.0.0.1/38067] INFO  node.SCMNodeManager (SCMNodeManager.java:<init>(149)) - Entering startup safe mode.
2022-12-08 07:06:38,571 [Listener at 127.0.0.1/38067] INFO  algorithms.ContainerPlacementPolicyFactory (ContainerPlacementPolicyFactory.java:getPolicyInternal(86)) - Create container placement policy of type org.apache.hadoop.hdds.scm.container.placement.algorithms.SCMContainerPlacementRandom
2022-12-08 07:06:38,571 [Listener at 127.0.0.1/38067] INFO  algorithms.ContainerPlacementPolicyFactory (ContainerPlacementPolicyFactory.java:getPolicyInternal(86)) - Create container placement policy of type org.apache.hadoop.hdds.scm.container.placement.algorithms.SCMContainerPlacementRackScatter
2022-12-08 07:06:38,571 [Listener at 127.0.0.1/38067] INFO  pipeline.PipelineStateManagerImpl (PipelineStateManagerImpl.java:initialize(78)) - No pipeline exists in current db
2022-12-08 07:06:38,572 [EventQueue-CommandQueueReportForCommandQueueReportHandler] WARN  events.EventQueue (EventQueue.java:fireEvent(216)) - No event handler registered for event TypedEvent{payloadType=DatanodeDetails, name='Datanode_Command_Queue_Updated'}
2022-12-08 07:06:38,572 [Listener at 127.0.0.1/38067] INFO  algorithms.LeaderChoosePolicyFactory (LeaderChoosePolicyFactory.java:getPolicy(57)) - Create leader choose policy of type org.apache.hadoop.hdds.scm.pipeline.leader.choose.algorithms.MinLeaderCountChoosePolicy
2022-12-08 07:06:38,572 [Listener at 127.0.0.1/38067] INFO  algorithms.ContainerPlacementPolicyFactory (ContainerPlacementPolicyFactory.java:getPolicyInternal(86)) - Create container placement policy of type org.apache.hadoop.hdds.scm.container.placement.algorithms.SCMContainerPlacementRackScatter
2022-12-08 07:06:38,573 [Listener at 127.0.0.1/38067] INFO  ha.SCMServiceManager (SCMServiceManager.java:register(42)) - Registering service BackgroundPipelineCreator.
2022-12-08 07:06:38,573 [Listener at 127.0.0.1/38067] INFO  pipeline.BackgroundPipelineCreator (BackgroundPipelineCreator.java:start(124)) - Starting RatisPipelineUtilsThread.
2022-12-08 07:06:38,573 [Listener at 127.0.0.1/38067] INFO  BackgroundPipelineScrubber (BackgroundSCMService.java:start(68)) - Starting BackgroundPipelineScrubber Service.
2022-12-08 07:06:38,576 [Listener at 127.0.0.1/38067] INFO  ha.SCMServiceManager (SCMServiceManager.java:register(42)) - Registering service BackgroundPipelineScrubber.
2022-12-08 07:06:38,576 [Listener at 127.0.0.1/38067] INFO  ExpiredContainerReplicaOpScrubber (BackgroundSCMService.java:start(68)) - Starting ExpiredContainerReplicaOpScrubber Service.
2022-12-08 07:06:38,583 [Listener at 127.0.0.1/38067] INFO  ha.SCMServiceManager (SCMServiceManager.java:register(42)) - Registering service ExpiredContainerReplicaOpScrubber.
2022-12-08 07:06:38,584 [Listener at 127.0.0.1/38067] INFO  algorithms.PipelineChoosePolicyFactory (PipelineChoosePolicyFactory.java:createPipelineChoosePolicyFromClass(73)) - Create pipeline choose policy of type org.apache.hadoop.hdds.scm.pipeline.choose.algorithms.RandomPipelineChoosePolicy
2022-12-08 07:06:38,584 [Listener at 127.0.0.1/38067] INFO  ha.SCMServiceManager (SCMServiceManager.java:register(42)) - Registering service SCMBlockDeletingService.
2022-12-08 07:06:38,585 [Listener at 127.0.0.1/38067] INFO  replication.ReplicationManager (ReplicationManager.java:start(254)) - Starting Replication Monitor Thread.
2022-12-08 07:06:38,593 [Listener at 127.0.0.1/38067] INFO  ha.SCMServiceManager (SCMServiceManager.java:register(42)) - Registering service ReplicationManager.
2022-12-08 07:06:38,593 [Listener at 127.0.0.1/38067] INFO  safemode.ContainerSafeModeRule (ContainerSafeModeRule.java:<init>(89)) - containers with one replica threshold count 0
2022-12-08 07:06:38,594 [Listener at 127.0.0.1/38067] INFO  safemode.HealthyPipelineSafeModeRule (HealthyPipelineSafeModeRule.java:initializeRule(169)) - Total pipeline count is 0, healthy pipeline threshold count is 1
2022-12-08 07:06:38,595 [Listener at 127.0.0.1/38067] INFO  safemode.OneReplicaPipelineSafeModeRule (OneReplicaPipelineSafeModeRule.java:initializeRule(180)) - Total pipeline count is 0, pipeline's with at least one datanode reported threshold count is 0
2022-12-08 07:06:38,598 [ReplicationMonitor] INFO  replication.ReplicationManager (ReplicationManager.java:processAll(323)) - Replication Manager is not ready to run until 3000ms after safemode exit
2022-12-08 07:06:38,598 [Listener at 127.0.0.1/38067] INFO  ipc.CallQueueManager (CallQueueManager.java:<init>(90)) - Using callQueue: class java.util.concurrent.LinkedBlockingQueue, queueCapacity: 2000, scheduler: class org.apache.hadoop.ipc.DefaultRpcScheduler, ipcBackoff: false.
2022-12-08 07:06:38,602 [Socket Reader #1 for port 0] INFO  ipc.Server (Server.java:run(1273)) - Starting Socket Reader #1 for port 0
2022-12-08 07:06:38,603 [Listener at 0.0.0.0/46883] INFO  ipc.CallQueueManager (CallQueueManager.java:<init>(90)) - Using callQueue: class java.util.concurrent.LinkedBlockingQueue, queueCapacity: 2000, scheduler: class org.apache.hadoop.ipc.DefaultRpcScheduler, ipcBackoff: false.
2022-12-08 07:06:38,613 [Socket Reader #1 for port 0] INFO  ipc.Server (Server.java:run(1273)) - Starting Socket Reader #1 for port 0
2022-12-08 07:06:38,625 [Listener at 0.0.0.0/40025] INFO  ipc.CallQueueManager (CallQueueManager.java:<init>(90)) - Using callQueue: class java.util.concurrent.LinkedBlockingQueue, queueCapacity: 2000, scheduler: class org.apache.hadoop.ipc.DefaultRpcScheduler, ipcBackoff: false.
2022-12-08 07:06:38,628 [Socket Reader #1 for port 0] INFO  ipc.Server (Server.java:run(1273)) - Starting Socket Reader #1 for port 0
2022-12-08 07:06:38,642 [Listener at 0.0.0.0/35577] INFO  ha.SCMServiceManager (SCMServiceManager.java:register(42)) - Registering service ContainerBalancer.
2022-12-08 07:06:38,644 [Listener at 0.0.0.0/35577] INFO  server.StorageContainerManager (StorageContainerManager.java:<init>(397)) - 
Container Balancer status:
Key                            Value
Running                        true
Container Balancer Configuration values:
Key                                                Value
Threshold                                          10
Max Datanodes to Involve per Iteration(percent)    20
Max Size to Move per Iteration                     500GB
Max Size Entering Target per Iteration             26GB
Max Size Leaving Source per Iteration              26GB

2022-12-08 07:06:38,644 [Listener at 0.0.0.0/35577] INFO  ha.SCMContext (SCMContext.java:updateSafeModeStatus(228)) - Update SafeModeStatus from SafeModeStatus{safeModeStatus=true, preCheckPassed=false} to SafeModeStatus{safeModeStatus=true, preCheckPassed=false}.
2022-12-08 07:06:38,645 [Listener at 0.0.0.0/35577] INFO  server.StorageContainerManager (StorageContainerManager.java:start(1419)) - StorageContainerLocationProtocol RPC server is listening at /0.0.0.0:35577
2022-12-08 07:06:38,645 [Listener at 0.0.0.0/35577] INFO  impl.MetricsSystemImpl (MetricsSystemImpl.java:init(158)) - StorageContainerManager metrics system started (again)
2022-12-08 07:06:38,663 [Listener at 0.0.0.0/35577] INFO  server.SCMClientProtocolServer (SCMClientProtocolServer.java:start(170)) - RPC server for Client  is listening at /0.0.0.0:35577
2022-12-08 07:06:38,664 [IPC Server Responder] INFO  ipc.Server (Server.java:run(1512)) - IPC Server Responder: starting
2022-12-08 07:06:38,673 [IPC Server listener on 0] INFO  ipc.Server (Server.java:run(1352)) - IPC Server listener on 0: starting
2022-12-08 07:06:38,680 [Listener at 0.0.0.0/35577] INFO  server.StorageContainerManager (StorageContainerManager.java:start(1433)) - ScmBlockLocationProtocol RPC server is listening at /0.0.0.0:40025
2022-12-08 07:06:38,681 [Listener at 0.0.0.0/35577] INFO  server.SCMBlockProtocolServer (SCMBlockProtocolServer.java:start(152)) - RPC server for Block Protocol is listening at /0.0.0.0:40025
2022-12-08 07:06:38,681 [IPC Server Responder] INFO  ipc.Server (Server.java:run(1512)) - IPC Server Responder: starting
2022-12-08 07:06:38,681 [IPC Server listener on 0] INFO  ipc.Server (Server.java:run(1352)) - IPC Server listener on 0: starting
2022-12-08 07:06:38,702 [Listener at 0.0.0.0/35577] INFO  server.SCMDatanodeProtocolServer (SCMDatanodeProtocolServer.java:start(186)) - ScmDatanodeProtocol RPC server for DataNodes is listening at /0.0.0.0:46883
2022-12-08 07:06:38,710 [IPC Server Responder] INFO  ipc.Server (Server.java:run(1512)) - IPC Server Responder: starting
2022-12-08 07:06:38,711 [IPC Server listener on 0] INFO  ipc.Server (Server.java:run(1352)) - IPC Server listener on 0: starting
2022-12-08 07:06:38,715 [org.apache.hadoop.util.JvmPauseMonitor$Monitor@193d7285] INFO  util.JvmPauseMonitor (JvmPauseMonitor.java:run(188)) - Starting JVM pause monitor
2022-12-08 07:06:38,716 [Listener at 0.0.0.0/35577] INFO  http.BaseHttpServer (BaseHttpServer.java:newHttpServer2BuilderForOzone(213)) - Starting Web-server for scm at: http://0.0.0.0:0
2022-12-08 07:06:38,716 [Listener at 0.0.0.0/35577] INFO  http.BaseHttpServer (BaseHttpServer.java:<init>(108)) - Hadoop Security Enabled: false Ozone Security Enabled: false Ozone HTTP Security Enabled: false 
2022-12-08 07:06:38,723 [Listener at 0.0.0.0/35577] WARN  server.AuthenticationFilter (AuthenticationFilter.java:constructSecretProvider(240)) - Unable to initialize FileSignerSecretProvider, falling back to use random secrets. Reason: Could not read signature secret file: /home/runner/hadoop-http-auth-signature-secret
2022-12-08 07:06:38,723 [Listener at 0.0.0.0/35577] WARN  http.HttpRequestLog (HttpRequestLog.java:getRequestLog(103)) - Jetty request log can only be enabled using Log4j
2022-12-08 07:06:38,728 [Listener at 0.0.0.0/35577] INFO  http.HttpServer2 (HttpServer2.java:addGlobalFilter(1031)) - Added global filter 'safety' (class=org.apache.hadoop.hdds.server.http.HttpServer2$QuotingInputFilter)
2022-12-08 07:06:38,729 [Listener at 0.0.0.0/35577] INFO  http.HttpServer2 (HttpServer2.java:addFilter(1007)) - Added filter static_user_filter (class=org.apache.hadoop.http.lib.StaticUserWebFilter$StaticUserFilter) to context scm
2022-12-08 07:06:38,729 [Listener at 0.0.0.0/35577] INFO  http.HttpServer2 (HttpServer2.java:addFilter(1015)) - Added filter static_user_filter (class=org.apache.hadoop.http.lib.StaticUserWebFilter$StaticUserFilter) to context static
2022-12-08 07:06:38,729 [Listener at 0.0.0.0/35577] INFO  http.HttpServer2 (HttpServer2.java:addFilter(1015)) - Added filter static_user_filter (class=org.apache.hadoop.http.lib.StaticUserWebFilter$StaticUserFilter) to context logs
2022-12-08 07:06:38,731 [Listener at 0.0.0.0/35577] INFO  http.HttpServer2 (HttpServer2.java:bindListener(1250)) - Jetty bound to port 42159
2022-12-08 07:06:38,732 [Listener at 0.0.0.0/35577] INFO  server.Server (Server.java:doStart(375)) - jetty-9.4.49.v20220914; built: 2022-09-14T01:07:36.601Z; git: 4231a3b2e4cb8548a412a789936d640a97b1aa0a; jvm 1.8.0_352-b08
2022-12-08 07:06:38,754 [Listener at 0.0.0.0/35577] INFO  server.session (DefaultSessionIdManager.java:doStart(334)) - DefaultSessionIdManager workerName=node0
2022-12-08 07:06:38,755 [Listener at 0.0.0.0/35577] INFO  server.session (DefaultSessionIdManager.java:doStart(339)) - No SessionScavenger set, using defaults
2022-12-08 07:06:38,755 [Listener at 0.0.0.0/35577] INFO  server.session (HouseKeeper.java:startScavenging(132)) - node0 Scavenging every 600000ms
2022-12-08 07:06:38,757 [Listener at 0.0.0.0/35577] INFO  handler.ContextHandler (ContextHandler.java:doStart(921)) - Started o.e.j.s.ServletContextHandler@6076e2ae{logs,/logs,file:///home/runner/work/ozone/ozone/hadoop-ozone/integration-test/target/log,AVAILABLE}
2022-12-08 07:06:38,758 [Listener at 0.0.0.0/35577] INFO  handler.ContextHandler (ContextHandler.java:doStart(921)) - Started o.e.j.s.ServletContextHandler@39ebee8{static,/static,file:///home/runner/work/ozone/ozone/hadoop-ozone/integration-test/target/test-classes/webapps/static,AVAILABLE}
2022-12-08 07:06:38,761 [Listener at 0.0.0.0/35577] INFO  handler.ContextHandler (ContextHandler.java:doStart(921)) - Started o.e.j.w.WebAppContext@4e3f1cfa{scm,/,file:///home/runner/work/ozone/ozone/hadoop-ozone/integration-test/target/test-classes/webapps/scm/,AVAILABLE}{file:/home/runner/work/ozone/ozone/hadoop-ozone/integration-test/target/test-classes/webapps/scm}
2022-12-08 07:06:38,773 [Listener at 0.0.0.0/35577] INFO  server.AbstractConnector (AbstractConnector.java:doStart(333)) - Started ServerConnector@d18277b{HTTP/1.1, (http/1.1)}{0.0.0.0:42159}
2022-12-08 07:06:38,773 [Listener at 0.0.0.0/35577] INFO  server.Server (Server.java:doStart(415)) - Started @44236ms
2022-12-08 07:06:38,773 [Listener at 0.0.0.0/35577] WARN  impl.MetricsSystemImpl (MetricsSystemImpl.java:register(279)) - Sink prometheus already exists!
2022-12-08 07:06:38,774 [Listener at 0.0.0.0/35577] INFO  http.BaseHttpServer (BaseHttpServer.java:updateConnectorAddress(333)) - HTTP server of scm listening at http://0.0.0.0:42159
2022-12-08 07:06:38,774 [Listener at 0.0.0.0/35577] WARN  server.ServerUtils (ServerUtils.java:getDBPath(225)) - ozone.om.db.dirs is not configured. We recommend adding this setting. Falling back to ozone.metadata.dirs instead.
2022-12-08 07:06:38,779 [Listener at 0.0.0.0/35577] INFO  ha.OMHANodeDetails (OMHANodeDetails.java:loadOMHAConfig(115)) - ozone.om.internal.service.id is not defined, falling back to ozone.om.service.ids to find serviceID for OzoneManager if it is HA enabled cluster
2022-12-08 07:06:38,780 [Listener at 0.0.0.0/35577] INFO  ha.OMHANodeDetails (OMHANodeDetails.java:loadOMHAConfig(226)) - Configuration does not have ozone.om.address set. Falling back to the default OM address /127.0.0.1:0
2022-12-08 07:06:38,780 [Listener at 0.0.0.0/35577] INFO  ha.OMHANodeDetails (OMHANodeDetails.java:getOMNodeDetailsForNonHA(254)) - OM Service ID is not set. Setting it to the default ID: omServiceIdDefault
2022-12-08 07:06:38,780 [Listener at 0.0.0.0/35577] INFO  ha.OMHANodeDetails (OMHANodeDetails.java:getOMNodeDetailsForNonHA(261)) - OM Node ID is not set. Setting it to the default ID: om1
2022-12-08 07:06:38,780 [Listener at 0.0.0.0/35577] WARN  server.ServerUtils (ServerUtils.java:getDBPath(225)) - ozone.om.db.dirs is not configured. We recommend adding this setting. Falling back to ozone.metadata.dirs instead.
2022-12-08 07:06:38,781 [Listener at 0.0.0.0/35577] INFO  upgrade.AbstractLayoutVersionManager (AbstractLayoutVersionManager.java:init(83)) - Initializing Layout version manager with metadata layout = MULTITENANCY_SCHEMA (version = 3), software layout = MULTITENANCY_SCHEMA (version = 3)
2022-12-08 07:06:38,895 [Listener at 0.0.0.0/35577] INFO  reflections.Reflections (Reflections.java:scan(232)) - Reflections took 112 ms to scan 2 urls, producing 154 keys and 429 values [using 2 cores]
2022-12-08 07:06:38,895 [Listener at 0.0.0.0/35577] INFO  upgrade.OMLayoutVersionManager (OMLayoutVersionManager.java:lambda$0(115)) - Skipping Upgrade Action MockOmUpgradeAction since it has been finalized.
2022-12-08 07:06:38,896 [Listener at 0.0.0.0/35577] WARN  server.ServerUtils (ServerUtils.java:getDBPath(225)) - ozone.om.db.dirs is not configured. We recommend adding this setting. Falling back to ozone.metadata.dirs instead.
2022-12-08 07:06:38,896 [Listener at 0.0.0.0/35577] INFO  proxy.SCMBlockLocationFailoverProxyProvider (SCMBlockLocationFailoverProxyProvider.java:<init>(114)) - Created block location fail-over proxy with 1 nodes: [nodeId=scmNodeId,nodeAddress=/0.0.0.0:40025]
2022-12-08 07:06:38,903 [Listener at 0.0.0.0/35577] INFO  proxy.SCMBlockLocationFailoverProxyProvider (SCMBlockLocationFailoverProxyProvider.java:<init>(114)) - Created block location fail-over proxy with 1 nodes: [nodeId=scmNodeId,nodeAddress=/0.0.0.0:40025]
2022-12-08 07:06:38,918 [Listener at 0.0.0.0/35577] WARN  server.ServerUtils (ServerUtils.java:getDBPath(225)) - ozone.om.db.dirs is not configured. We recommend adding this setting. Falling back to ozone.metadata.dirs instead.
2022-12-08 07:06:38,918 [Listener at 0.0.0.0/35577] INFO  codec.OmKeyInfoCodec (OmKeyInfoCodec.java:<init>(49)) - OmKeyInfoCodec ignorePipeline = true
2022-12-08 07:06:38,918 [Listener at 0.0.0.0/35577] INFO  codec.RepeatedOmKeyInfoCodec (RepeatedOmKeyInfoCodec.java:<init>(41)) - RepeatedOmKeyInfoCodec ignorePipeline = true
2022-12-08 07:06:39,094 [ReplicationMonitor] INFO  replication.ReplicationManager (ReplicationManager.java:processAll(323)) - Replication Manager is not ready to run until 3000ms after safemode exit
2022-12-08 07:06:39,098 [EventQueue-CommandQueueReportForCommandQueueReportHandler] WARN  events.EventQueue (EventQueue.java:fireEvent(216)) - No event handler registered for event TypedEvent{payloadType=DatanodeDetails, name='Datanode_Command_Queue_Updated'}
2022-12-08 07:06:39,098 [Under Replicated Processor] INFO  replication.UnderReplicatedProcessor (UnderReplicatedProcessor.java:processAll(79)) - Processed 0 under replicated containers, failed processing 0
2022-12-08 07:06:39,099 [EventQueue-CommandQueueReportForCommandQueueReportHandler] WARN  events.EventQueue (EventQueue.java:fireEvent(216)) - No event handler registered for event TypedEvent{payloadType=DatanodeDetails, name='Datanode_Command_Queue_Updated'}
2022-12-08 07:06:39,100 [ReplicationMonitor] INFO  replication.ReplicationManager (ReplicationManager.java:processAll(356)) - Replication Monitor Thread took 1 milliseconds for processing 8 containers.
2022-12-08 07:06:39,102 [EventQueue-CommandQueueReportForCommandQueueReportHandler] WARN  events.EventQueue (EventQueue.java:fireEvent(216)) - No event handler registered for event TypedEvent{payloadType=DatanodeDetails, name='Datanode_Command_Queue_Updated'}
2022-12-08 07:06:39,208 [EventQueue-CommandQueueReportForCommandQueueReportHandler] WARN  events.EventQueue (EventQueue.java:fireEvent(216)) - No event handler registered for event TypedEvent{payloadType=DatanodeDetails, name='Datanode_Command_Queue_Updated'}
2022-12-08 07:06:39,218 [Listener at 0.0.0.0/35577] INFO  om.OzoneManager (OzoneManager.java:instantiateServices(715)) - S3 Multi-Tenancy is disabled
2022-12-08 07:06:39,220 [Listener at 0.0.0.0/35577] INFO  om.OzoneManager (OzoneManager.java:addS3GVolumeToDB(4400)) - Created Volume s3v With Owner runner required for S3Gateway operations.
2022-12-08 07:06:39,220 [Listener at 0.0.0.0/35577] WARN  server.ServerUtils (ServerUtils.java:getDefaultRatisDirectory(237)) - Storage directory for Ratis is not configured. It is a good idea to map this to an SSD disk. Falling back to ozone.metadata.dirs
2022-12-08 07:06:39,221 [Listener at 0.0.0.0/35577] WARN  utils.OzoneManagerRatisUtils (OzoneManagerRatisUtils.java:getOMRatisSnapshotDirectory(434)) - ozone.om.ratis.snapshot.dir is not configured. Falling back to ozone.metadata.dirs config
2022-12-08 07:06:39,222 [Listener at 0.0.0.0/35577] WARN  impl.MetricRegistriesImpl (MetricRegistriesImpl.java:addReporterRegistration(111)) - New reporters are added after registries were created. Some metrics will be missing from the reporter. Please add reporter before adding any new registry.
2022-12-08 07:06:39,222 [Listener at 0.0.0.0/35577] WARN  impl.MetricRegistriesImpl (MetricRegistriesImpl.java:addReporterRegistration(111)) - New reporters are added after registries were created. Some metrics will be missing from the reporter. Please add reporter before adding any new registry.
2022-12-08 07:06:39,222 [Listener at 0.0.0.0/35577] WARN  server.ServerUtils (ServerUtils.java:getDefaultRatisDirectory(237)) - Storage directory for Ratis is not configured. It is a good idea to map this to an SSD disk. Falling back to ozone.metadata.dirs
2022-12-08 07:06:39,227 [Listener at 0.0.0.0/35577] INFO  ratis.OzoneManagerRatisServer (OzoneManagerRatisServer.java:<init>(160)) - Instantiating OM Ratis server with groupID: omServiceIdDefault and peers: localhost:45855
2022-12-08 07:06:39,227 [Listener at 0.0.0.0/35577] INFO  ratis.OzoneManagerStateMachine (OzoneManagerStateMachine.java:loadSnapshotInfoFromDB(636)) - LastAppliedIndex is set from TransactionInfo from OM DB as (t:0, i:~)
2022-12-08 07:06:39,228 [Listener at 0.0.0.0/35577] INFO  server.RaftServer (ConfUtils.java:logGet(46)) - raft.rpc.type = GRPC (default)
2022-12-08 07:06:39,228 [Listener at 0.0.0.0/35577] INFO  grpc.GrpcConfigKeys (ConfUtils.java:logFallback(53)) - raft.grpc.admin.host = null (fallback to raft.grpc.server.host)
2022-12-08 07:06:39,228 [Listener at 0.0.0.0/35577] INFO  grpc.GrpcConfigKeys (ConfUtils.java:logFallback(53)) - raft.grpc.admin.port = 45855 (fallback to raft.grpc.server.port)
2022-12-08 07:06:39,228 [Listener at 0.0.0.0/35577] INFO  grpc.GrpcConfigKeys (ConfUtils.java:logFallback(53)) - raft.grpc.client.host = null (fallback to raft.grpc.server.host)
2022-12-08 07:06:39,228 [Listener at 0.0.0.0/35577] INFO  grpc.GrpcConfigKeys (ConfUtils.java:logFallback(53)) - raft.grpc.client.port = 45855 (fallback to raft.grpc.server.port)
2022-12-08 07:06:39,228 [Listener at 0.0.0.0/35577] INFO  grpc.GrpcConfigKeys (ConfUtils.java:logGet(46)) - raft.grpc.server.host = null (default)
2022-12-08 07:06:39,229 [EventQueue-CommandQueueReportForCommandQueueReportHandler] WARN  events.EventQueue (EventQueue.java:fireEvent(216)) - No event handler registered for event TypedEvent{payloadType=DatanodeDetails, name='Datanode_Command_Queue_Updated'}
2022-12-08 07:06:39,230 [Listener at 0.0.0.0/35577] INFO  grpc.GrpcConfigKeys (ConfUtils.java:logGet(46)) - raft.grpc.server.port = 45855 (custom)
2022-12-08 07:06:39,231 [Listener at 0.0.0.0/35577] INFO  server.GrpcService (ConfUtils.java:logGet(46)) - raft.grpc.message.size.max = 33554432 (custom)
2022-12-08 07:06:39,231 [Listener at 0.0.0.0/35577] INFO  server.RaftServerConfigKeys (ConfUtils.java:logGet(46)) - raft.server.log.appender.buffer.byte-limit = 33554432 (custom)
2022-12-08 07:06:39,231 [Listener at 0.0.0.0/35577] INFO  server.GrpcService (ConfUtils.java:logGet(46)) - raft.grpc.flow.control.window = 1MB (=1048576) (default)
2022-12-08 07:06:39,232 [Listener at 0.0.0.0/35577] INFO  server.RaftServerConfigKeys (ConfUtils.java:logGet(46)) - raft.server.rpc.request.timeout = 3000ms (default)
2022-12-08 07:06:39,232 [Listener at 0.0.0.0/35577] INFO  grpc.GrpcConfigKeys (ConfUtils.java:logGet(46)) - raft.grpc.server.heartbeat.channel = true (default)
2022-12-08 07:06:39,232 [Listener at 0.0.0.0/35577] INFO  grpc.GrpcConfigKeys (ConfUtils.java:logGet(46)) - raft.grpc.server.async.request.thread.pool.cached = true (default)
2022-12-08 07:06:39,232 [Listener at 0.0.0.0/35577] INFO  grpc.GrpcConfigKeys (ConfUtils.java:logGet(46)) - raft.grpc.server.async.request.thread.pool.size = 32 (default)
2022-12-08 07:06:39,234 [Listener at 0.0.0.0/35577] INFO  impl.DataStreamServerImpl (ConfUtils.java:logGet(46)) - raft.datastream.type = DISABLED (default)
2022-12-08 07:06:39,234 [Listener at 0.0.0.0/35577] INFO  server.RaftServerConfigKeys (ConfUtils.java:logGet(46)) - raft.server.threadpool.proxy.cached = true (default)
2022-12-08 07:06:39,234 [Listener at 0.0.0.0/35577] INFO  server.RaftServerConfigKeys (ConfUtils.java:logGet(46)) - raft.server.threadpool.proxy.size = 0 (default)
2022-12-08 07:06:39,234 [Listener at 0.0.0.0/35577] INFO  server.RaftServerConfigKeys (ConfUtils.java:logGet(46)) - raft.server.rpc.slowness.timeout = 120s (custom)
2022-12-08 07:06:39,235 [Listener at 0.0.0.0/35577] INFO  server.RaftServerConfigKeys (ConfUtils.java:logGet(46)) - raft.server.leaderelection.leader.step-down.wait-time = 10s (default)
2022-12-08 07:06:39,235 [Listener at 0.0.0.0/35577] INFO  server.RaftServerConfigKeys (ConfUtils.java:logGet(46)) - raft.server.storage.dir = [/home/runner/work/ozone/ozone/hadoop-ozone/integration-test/target/test-dir/MiniOzoneClusterImpl-5577f57c-d0b5-4d08-87ca-01558171f144/ozone-meta/ratis] (custom)
2022-12-08 07:06:39,246 [Listener at 0.0.0.0/35577] INFO  server.RaftServer (RaftServerProxy.java:addNew(96)) - om1: addNew group-C5BA1605619E:[om1|rpc:localhost:45855|priority:0|startupRole:FOLLOWER] returns group-C5BA1605619E:java.util.concurrent.CompletableFuture@31041713[Not completed]
2022-12-08 07:06:39,246 [Listener at 0.0.0.0/35577] INFO  om.OzoneManager (OzoneManager.java:initializeRatisServer(1977)) - OzoneManager Ratis server initialized at port 45855
2022-12-08 07:06:39,248 [Listener at 0.0.0.0/35577] INFO  om.OzoneManager (OzoneManager.java:getRpcServer(1104)) - Creating RPC Server
2022-12-08 07:06:39,250 [pool-710-thread-1] INFO  server.RaftServer$Division (RaftServerImpl.java:<init>(195)) - om1: new RaftServerImpl for group-C5BA1605619E:[om1|rpc:localhost:45855|priority:0|startupRole:FOLLOWER] with OzoneManagerStateMachine:uninitialized
2022-12-08 07:06:39,250 [pool-710-thread-1] INFO  server.RaftServerConfigKeys (ConfUtils.java:logGet(46)) - raft.server.rpc.timeout.min = 1s (custom)
2022-12-08 07:06:39,250 [pool-710-thread-1] INFO  server.RaftServerConfigKeys (ConfUtils.java:logGet(46)) - raft.server.rpc.timeout.max = 1200ms (custom)
2022-12-08 07:06:39,250 [pool-710-thread-1] INFO  server.RaftServerConfigKeys (ConfUtils.java:logGet(46)) - raft.server.rpc.sleep.time = 25ms (default)
2022-12-08 07:06:39,250 [pool-710-thread-1] INFO  server.RaftServerConfigKeys (ConfUtils.java:logGet(46)) - raft.server.rpc.slowness.timeout = 120s (custom)
2022-12-08 07:06:39,250 [pool-710-thread-1] INFO  server.RaftServerConfigKeys (ConfUtils.java:logGet(46)) - raft.server.leaderelection.leader.step-down.wait-time = 10s (default)
2022-12-08 07:06:39,250 [pool-710-thread-1] INFO  server.RaftServerConfigKeys (ConfUtils.java:logGet(46)) - raft.server.sleep.deviation.threshold = 300ms (default)
2022-12-08 07:06:39,250 [pool-710-thread-1] INFO  server.RaftServer$Division (ServerState.java:<init>(118)) - om1@group-C5BA1605619E: ConfigurationManager, init=-1: peers:[om1|rpc:localhost:45855|priority:0|startupRole:FOLLOWER]|listeners:[], old=null, confs=<EMPTY_MAP>
2022-12-08 07:06:39,251 [pool-710-thread-1] INFO  server.RaftServerConfigKeys (ConfUtils.java:logGet(46)) - raft.server.storage.dir = [/home/runner/work/ozone/ozone/hadoop-ozone/integration-test/target/test-dir/MiniOzoneClusterImpl-5577f57c-d0b5-4d08-87ca-01558171f144/ozone-meta/ratis] (custom)
2022-12-08 07:06:39,251 [pool-710-thread-1] INFO  server.RaftServerConfigKeys (ConfUtils.java:logGet(46)) - raft.server.log.corruption.policy = EXCEPTION (default)
2022-12-08 07:06:39,251 [pool-710-thread-1] INFO  server.RaftServerConfigKeys (ConfUtils.java:logGet(46)) - raft.server.storage.free-space.min = 0MB (=0) (default)
2022-12-08 07:06:39,251 [pool-710-thread-1] INFO  server.RaftServerConfigKeys (ConfUtils.java:logGet(46)) - raft.server.notification.no-leader.timeout = 120s (custom)
2022-12-08 07:06:39,251 [pool-710-thread-1] INFO  server.RaftServerConfigKeys (ConfUtils.java:logGet(46)) - raft.server.retrycache.expirytime = 300s (custom)
2022-12-08 07:06:39,251 [pool-710-thread-1] INFO  server.RaftServerConfigKeys (ConfUtils.java:logGet(46)) - raft.server.retrycache.statistics.expirytime = 100μs (default)
2022-12-08 07:06:39,251 [pool-710-thread-1] INFO  server.RaftServerConfigKeys (ConfUtils.java:logGet(46)) - raft.server.log.appender.install.snapshot.enabled = false (custom)
2022-12-08 07:06:39,252 [pool-710-thread-1] INFO  server.RaftServerConfigKeys (ConfUtils.java:logGet(46)) - raft.server.threadpool.server.cached = true (default)
2022-12-08 07:06:39,252 [pool-710-thread-1] INFO  server.RaftServerConfigKeys (ConfUtils.java:logGet(46)) - raft.server.threadpool.server.size = 0 (default)
2022-12-08 07:06:39,252 [pool-710-thread-1] INFO  server.RaftServerConfigKeys (ConfUtils.java:logGet(46)) - raft.server.threadpool.client.cached = true (default)
2022-12-08 07:06:39,252 [pool-710-thread-1] INFO  server.RaftServerConfigKeys (ConfUtils.java:logGet(46)) - raft.server.threadpool.client.size = 0 (default)
2022-12-08 07:06:39,264 [Over Replicated Processor] INFO  replication.OverReplicatedProcessor (OverReplicatedProcessor.java:processAll(79)) - Processed 0 over replicated containers, failed processing 0
2022-12-08 07:06:39,308 [EventQueue-CommandQueueReportForCommandQueueReportHandler] WARN  events.EventQueue (EventQueue.java:fireEvent(216)) - No event handler registered for event TypedEvent{payloadType=DatanodeDetails, name='Datanode_Command_Queue_Updated'}
2022-12-08 07:06:39,332 [EventQueue-CommandQueueReportForCommandQueueReportHandler] WARN  events.EventQueue (EventQueue.java:fireEvent(216)) - No event handler registered for event TypedEvent{payloadType=DatanodeDetails, name='Datanode_Command_Queue_Updated'}
2022-12-08 07:06:39,392 [EventQueue-CommandQueueReportForCommandQueueReportHandler] WARN  events.EventQueue (EventQueue.java:fireEvent(216)) - No event handler registered for event TypedEvent{payloadType=DatanodeDetails, name='Datanode_Command_Queue_Updated'}
2022-12-08 07:06:39,432 [EventQueue-CommandQueueReportForCommandQueueReportHandler] WARN  events.EventQueue (EventQueue.java:fireEvent(216)) - No event handler registered for event TypedEvent{payloadType=DatanodeDetails, name='Datanode_Command_Queue_Updated'}
2022-12-08 07:06:39,476 [EventQueue-CommandQueueReportForCommandQueueReportHandler] WARN  events.EventQueue (EventQueue.java:fireEvent(216)) - No event handler registered for event TypedEvent{payloadType=DatanodeDetails, name='Datanode_Command_Queue_Updated'}
2022-12-08 07:06:39,490 [main] INFO  volume.HddsVolume (HddsVolume.java:closeDbStore(338)) - SchemaV3 db is stopped at /home/runner/work/ozone/ozone/hadoop-ozone/integration-test/target/test-dir/MiniOzoneClusterImpl-3253a570-fb02-4895-b12a-309bd2ff2d50/datanode-2/data-0/containers/hdds/3253a570-fb02-4895-b12a-309bd2ff2d50/DS-e474bba6-fc6c-4426-be59-e85e2a116cde/container.db for volume DS-e474bba6-fc6c-4426-be59-e85e2a116cde
2022-12-08 07:06:39,492 [main] INFO  utils.BackgroundService (BackgroundService.java:shutdown(141)) - Shutting down service BlockDeletingService
2022-12-08 07:06:39,492 [main] INFO  utils.BackgroundService (BackgroundService.java:shutdown(141)) - Shutting down service StaleRecoveringContainerScrubbingService
2022-12-08 07:06:39,504 [EventQueue-CommandQueueReportForCommandQueueReportHandler] WARN  events.EventQueue (EventQueue.java:fireEvent(216)) - No event handler registered for event TypedEvent{payloadType=DatanodeDetails, name='Datanode_Command_Queue_Updated'}
2022-12-08 07:06:39,512 [main] INFO  statemachine.DatanodeStateMachine (DatanodeStateMachine.java:stopDaemon(593)) - Ozone container server stopped.
2022-12-08 07:06:39,513 [5de537c7-90df-4f10-a651-9ea369dcfb7f@group-3E7C8DD22CBD-FollowerState] INFO  impl.FollowerState (FollowerState.java:run(143)) - 5de537c7-90df-4f10-a651-9ea369dcfb7f@group-3E7C8DD22CBD-FollowerState: change to CANDIDATE, lastRpcElapsedTime:5146846567ns, electionTimeout:5132ms
2022-12-08 07:06:39,514 [5de537c7-90df-4f10-a651-9ea369dcfb7f@group-3E7C8DD22CBD-FollowerState] INFO  impl.RoleInfo (RoleInfo.java:shutdownFollowerState(110)) - 5de537c7-90df-4f10-a651-9ea369dcfb7f: shutdown 5de537c7-90df-4f10-a651-9ea369dcfb7f@group-3E7C8DD22CBD-FollowerState
2022-12-08 07:06:39,514 [5de537c7-90df-4f10-a651-9ea369dcfb7f@group-3E7C8DD22CBD-FollowerState] INFO  server.RaftServer$Division (RaftServerImpl.java:setRole(321)) - 5de537c7-90df-4f10-a651-9ea369dcfb7f@group-3E7C8DD22CBD: changes role from  FOLLOWER to CANDIDATE at term 0 for changeToCandidate
2022-12-08 07:06:39,514 [5de537c7-90df-4f10-a651-9ea369dcfb7f@group-3E7C8DD22CBD-FollowerState] INFO  server.RaftServerConfigKeys (ConfUtils.java:logGet(46)) - raft.server.leaderelection.pre-vote = false (custom)
2022-12-08 07:06:39,514 [5de537c7-90df-4f10-a651-9ea369dcfb7f@group-3E7C8DD22CBD-FollowerState] INFO  impl.RoleInfo (RoleInfo.java:updateAndGet(139)) - 5de537c7-90df-4f10-a651-9ea369dcfb7f: start 5de537c7-90df-4f10-a651-9ea369dcfb7f@group-3E7C8DD22CBD-LeaderElection19
2022-12-08 07:06:39,527 [EventQueue-CommandQueueReportForCommandQueueReportHandler] WARN  events.EventQueue (EventQueue.java:fireEvent(216)) - No event handler registered for event TypedEvent{payloadType=DatanodeDetails, name='Datanode_Command_Queue_Updated'}
2022-12-08 07:06:39,535 [5de537c7-90df-4f10-a651-9ea369dcfb7f@group-3E7C8DD22CBD-LeaderElection19] INFO  impl.LeaderElection (LeaderElection.java:askForVotes(312)) - 5de537c7-90df-4f10-a651-9ea369dcfb7f@group-3E7C8DD22CBD-LeaderElection19 ELECTION round 0: submit vote requests at term 1 for -1: peers:[5de537c7-90df-4f10-a651-9ea369dcfb7f|rpc:10.1.0.14:34865|priority:1|startupRole:FOLLOWER]|listeners:[], old=null
2022-12-08 07:06:39,535 [5de537c7-90df-4f10-a651-9ea369dcfb7f@group-3E7C8DD22CBD-LeaderElection19] INFO  impl.LeaderElection (LeaderElection.java:askForVotes(314)) - 5de537c7-90df-4f10-a651-9ea369dcfb7f@group-3E7C8DD22CBD-LeaderElection19 ELECTION round 0: result PASSED (term=1)
2022-12-08 07:06:39,535 [5de537c7-90df-4f10-a651-9ea369dcfb7f@group-3E7C8DD22CBD-LeaderElection19] INFO  impl.RoleInfo (RoleInfo.java:shutdownLeaderElection(130)) - 5de537c7-90df-4f10-a651-9ea369dcfb7f: shutdown 5de537c7-90df-4f10-a651-9ea369dcfb7f@group-3E7C8DD22CBD-LeaderElection19
2022-12-08 07:06:39,535 [5de537c7-90df-4f10-a651-9ea369dcfb7f@group-3E7C8DD22CBD-LeaderElection19] INFO  server.RaftServer$Division (RaftServerImpl.java:setRole(321)) - 5de537c7-90df-4f10-a651-9ea369dcfb7f@group-3E7C8DD22CBD: changes role from CANDIDATE to LEADER at term 1 for changeToLeader
2022-12-08 07:06:39,535 [5de537c7-90df-4f10-a651-9ea369dcfb7f@group-3E7C8DD22CBD-LeaderElection19] INFO  ratis.XceiverServerRatis (XceiverServerRatis.java:handleLeaderChangedNotification(863)) - Leader change notification received for group: group-3E7C8DD22CBD with new leaderId: 5de537c7-90df-4f10-a651-9ea369dcfb7f
2022-12-08 07:06:39,536 [5de537c7-90df-4f10-a651-9ea369dcfb7f@group-3E7C8DD22CBD-LeaderElection19] INFO  server.RaftServer$Division (ServerState.java:setLeader(313)) - 5de537c7-90df-4f10-a651-9ea369dcfb7f@group-3E7C8DD22CBD: change Leader from null to 5de537c7-90df-4f10-a651-9ea369dcfb7f at term 1 for becomeLeader, leader elected after 5215ms
2022-12-08 07:06:39,536 [5de537c7-90df-4f10-a651-9ea369dcfb7f@group-3E7C8DD22CBD-LeaderElection19] INFO  server.RaftServerConfigKeys (ConfUtils.java:logGet(46)) - raft.server.staging.catchup.gap = 1000 (default)
2022-12-08 07:06:39,536 [5de537c7-90df-4f10-a651-9ea369dcfb7f@group-3E7C8DD22CBD-LeaderElection19] INFO  server.RaftServerConfigKeys (ConfUtils.java:logGet(46)) - raft.server.write.element-limit = 1024 (custom)
2022-12-08 07:06:39,536 [5de537c7-90df-4f10-a651-9ea369dcfb7f@group-3E7C8DD22CBD-LeaderElection19] INFO  server.RaftServerConfigKeys (ConfUtils.java:logGet(46)) - raft.server.write.byte-limit = 1024 M (=1073741824) (custom)
2022-12-08 07:06:39,537 [5de537c7-90df-4f10-a651-9ea369dcfb7f@group-3E7C8DD22CBD-LeaderElection19] INFO  server.RaftServerConfigKeys (ConfUtils.java:logGet(46)) - raft.server.watch.timeout = 180s (custom)
2022-12-08 07:06:39,537 [5de537c7-90df-4f10-a651-9ea369dcfb7f@group-3E7C8DD22CBD-LeaderElection19] INFO  server.RaftServerConfigKeys (ConfUtils.java:logGet(46)) - raft.server.watch.timeout.denomination = 1s (default)
2022-12-08 07:06:39,537 [5de537c7-90df-4f10-a651-9ea369dcfb7f@group-3E7C8DD22CBD-LeaderElection19] INFO  server.RaftServerConfigKeys (ConfUtils.java:logGet(46)) - raft.server.watch.element-limit = 65536 (default)
2022-12-08 07:06:39,538 [EventQueue-CommandQueueReportForCommandQueueReportHandler] WARN  events.EventQueue (EventQueue.java:fireEvent(216)) - No event handler registered for event TypedEvent{payloadType=DatanodeDetails, name='Datanode_Command_Queue_Updated'}
2022-12-08 07:06:39,538 [5de537c7-90df-4f10-a651-9ea369dcfb7f@group-3E7C8DD22CBD-LeaderElection19] INFO  server.RaftServerConfigKeys (ConfUtils.java:logGet(46)) - raft.server.write.element-limit = 1024 (custom)
2022-12-08 07:06:39,539 [5de537c7-90df-4f10-a651-9ea369dcfb7f@group-3E7C8DD22CBD-LeaderElection19] INFO  server.RaftServerConfigKeys (ConfUtils.java:logGet(46)) - raft.server.write.follower.gap.ratio.max = -1.0 (default)
2022-12-08 07:06:39,540 [5de537c7-90df-4f10-a651-9ea369dcfb7f@group-3E7C8DD22CBD-LeaderElection19] INFO  impl.RoleInfo (RoleInfo.java:updateAndGet(139)) - 5de537c7-90df-4f10-a651-9ea369dcfb7f: start 5de537c7-90df-4f10-a651-9ea369dcfb7f@group-3E7C8DD22CBD-LeaderStateImpl
2022-12-08 07:06:39,541 [5de537c7-90df-4f10-a651-9ea369dcfb7f@group-3E7C8DD22CBD-LeaderElection19] INFO  segmented.SegmentedRaftLogWorker (SegmentedRaftLogWorker.java:startLogSegment(452)) - 5de537c7-90df-4f10-a651-9ea369dcfb7f@group-3E7C8DD22CBD-SegmentedRaftLogWorker: Starting segment from index:0
2022-12-08 07:06:39,545 [5de537c7-90df-4f10-a651-9ea369dcfb7f@group-3E7C8DD22CBD-SegmentedRaftLogWorker] INFO  segmented.SegmentedRaftLogWorker (SegmentedRaftLogWorker.java:execute(656)) - 5de537c7-90df-4f10-a651-9ea369dcfb7f@group-3E7C8DD22CBD-SegmentedRaftLogWorker: created new log segment /home/runner/work/ozone/ozone/hadoop-ozone/integration-test/target/test-dir/MiniOzoneClusterImpl-510a2802-165a-4ebd-9ade-f7b35b2c34f6/datanode-2/data/ratis/e6962b6d-36c9-4945-a5c9-3e7c8dd22cbd/current/log_inprogress_0
2022-12-08 07:06:39,576 [EventQueue-CommandQueueReportForCommandQueueReportHandler] WARN  events.EventQueue (EventQueue.java:fireEvent(216)) - No event handler registered for event TypedEvent{payloadType=DatanodeDetails, name='Datanode_Command_Queue_Updated'}
2022-12-08 07:06:39,585 [5de537c7-90df-4f10-a651-9ea369dcfb7f@group-3E7C8DD22CBD-LeaderElection19] INFO  server.RaftServer$Division (ServerState.java:setRaftConf(430)) - 5de537c7-90df-4f10-a651-9ea369dcfb7f@group-3E7C8DD22CBD: set configuration 0: peers:[5de537c7-90df-4f10-a651-9ea369dcfb7f|rpc:10.1.0.14:34865|dataStream:|priority:1|startupRole:FOLLOWER]|listeners:[], old=null
2022-12-08 07:06:39,598 [ReplicationMonitor] INFO  replication.ReplicationManager (ReplicationManager.java:processAll(323)) - Replication Manager is not ready to run until 3000ms after safemode exit
2022-12-08 07:06:39,604 [main] INFO  handler.ContextHandler (ContextHandler.java:doStop(1159)) - Stopped o.e.j.w.WebAppContext@473c5c95{hddsDatanode,/,null,STOPPED}{jar:file:/home/runner/.m2/repository/org/apache/ozone/hdds-container-service/1.3.0-SNAPSHOT/hdds-container-service-1.3.0-SNAPSHOT.jar!/webapps/hddsDatanode}
2022-12-08 07:06:39,627 [main] INFO  server.AbstractConnector (AbstractConnector.java:doStop(383)) - Stopped ServerConnector@6182073c{HTTP/1.1, (http/1.1)}{0.0.0.0:0}
2022-12-08 07:06:39,627 [main] INFO  server.session (HouseKeeper.java:stopScavenging(149)) - node0 Stopped scavenging
2022-12-08 07:06:39,628 [EventQueue-StaleNodeForStaleNodeHandler] INFO  node.StaleNodeHandler (StaleNodeHandler.java:onMessage(59)) - Datanode 1fec2e66-b36b-410d-a836-56974e80c6bf{ip: 10.1.0.14, host: fv-az165-805.wtg55dazuvhetdvd2gpth4ys5d.dx.internal.cloudapp.net, ports: [REPLICATION=42005, RATIS=40777, RATIS_ADMIN=40777, RATIS_SERVER=40777, STANDALONE=40099], networkLocation: /default-rack, certSerialId: null, persistedOpState: DECOMMISSIONING, persistedOpStateExpiryEpochSec: 0} moved to stale state. Finalizing its pipelines []
2022-12-08 07:06:39,642 [main] INFO  handler.ContextHandler (ContextHandler.java:doStop(1159)) - Stopped o.e.j.s.ServletContextHandler@7d952e08{static,/static,jar:file:/home/runner/.m2/repository/org/apache/ozone/hdds-container-service/1.3.0-SNAPSHOT/hdds-container-service-1.3.0-SNAPSHOT.jar!/webapps/static,STOPPED}
2022-12-08 07:06:39,645 [main] INFO  handler.ContextHandler (ContextHandler.java:doStop(1159)) - Stopped o.e.j.s.ServletContextHandler@f76e554{logs,/logs,file:///home/runner/work/ozone/ozone/hadoop-ozone/integration-test/target/log,STOPPED}
2022-12-08 07:06:40,094 [EventQueue-CommandQueueReportForCommandQueueReportHandler] WARN  events.EventQueue (EventQueue.java:fireEvent(216)) - No event handler registered for event TypedEvent{payloadType=DatanodeDetails, name='Datanode_Command_Queue_Updated'}
2022-12-08 07:06:40,095 [ReplicationMonitor] INFO  replication.ReplicationManager (ReplicationManager.java:processAll(323)) - Replication Manager is not ready to run until 3000ms after safemode exit
2022-12-08 07:06:40,095 [EventQueue-CommandQueueReportForCommandQueueReportHandler] WARN  events.EventQueue (EventQueue.java:fireEvent(216)) - No event handler registered for event TypedEvent{payloadType=DatanodeDetails, name='Datanode_Command_Queue_Updated'}
2022-12-08 07:06:40,098 [EventQueue-CommandQueueReportForCommandQueueReportHandler] WARN  events.EventQueue (EventQueue.java:fireEvent(216)) - No event handler registered for event TypedEvent{payloadType=DatanodeDetails, name='Datanode_Command_Queue_Updated'}
2022-12-08 07:06:40,098 [Under Replicated Processor] INFO  replication.UnderReplicatedProcessor (UnderReplicatedProcessor.java:processAll(79)) - Processed 0 under replicated containers, failed processing 0
2022-12-08 07:06:40,101 [ReplicationMonitor] INFO  replication.ReplicationManager (ReplicationManager.java:processAll(356)) - Replication Monitor Thread took 0 milliseconds for processing 8 containers.
2022-12-08 07:06:40,204 [EventQueue-CommandQueueReportForCommandQueueReportHandler] WARN  events.EventQueue (EventQueue.java:fireEvent(216)) - No event handler registered for event TypedEvent{payloadType=DatanodeDetails, name='Datanode_Command_Queue_Updated'}
2022-12-08 07:06:40,227 [EventQueue-CommandQueueReportForCommandQueueReportHandler] WARN  events.EventQueue (EventQueue.java:fireEvent(216)) - No event handler registered for event TypedEvent{payloadType=DatanodeDetails, name='Datanode_Command_Queue_Updated'}
2022-12-08 07:06:40,264 [Over Replicated Processor] INFO  replication.OverReplicatedProcessor (OverReplicatedProcessor.java:processAll(79)) - Processed 0 over replicated containers, failed processing 0
2022-12-08 07:06:40,297 [Listener at 0.0.0.0/35577] INFO  reflections.Reflections (Reflections.java:scan(232)) - Reflections took 1048 ms to scan 19 urls, producing 67 keys and 4402 values [using 2 cores]
2022-12-08 07:06:40,300 [Listener at 0.0.0.0/35577] INFO  ipc.CallQueueManager (CallQueueManager.java:<init>(90)) - Using callQueue: class java.util.concurrent.LinkedBlockingQueue, queueCapacity: 2000, scheduler: class org.apache.hadoop.ipc.DefaultRpcScheduler, ipcBackoff: false.
2022-12-08 07:06:40,303 [Socket Reader #1 for port 0] INFO  ipc.Server (Server.java:run(1273)) - Starting Socket Reader #1 for port 0
2022-12-08 07:06:40,314 [EventQueue-CommandQueueReportForCommandQueueReportHandler] WARN  events.EventQueue (EventQueue.java:fireEvent(216)) - No event handler registered for event TypedEvent{payloadType=DatanodeDetails, name='Datanode_Command_Queue_Updated'}
2022-12-08 07:06:40,337 [Listener at 127.0.0.1/34989] INFO  impl.MetricsSystemImpl (MetricsSystemImpl.java:init(158)) - OzoneManager metrics system started (again)
2022-12-08 07:06:40,348 [f6c9fd2f-7084-461f-8c2a-824e0c2d9f6f@group-800003E11527-FollowerState] INFO  impl.FollowerState (FollowerState.java:run(143)) - f6c9fd2f-7084-461f-8c2a-824e0c2d9f6f@group-800003E11527-FollowerState: change to CANDIDATE, lastRpcElapsedTime:5165444020ns, electionTimeout:5158ms
2022-12-08 07:06:40,348 [f6c9fd2f-7084-461f-8c2a-824e0c2d9f6f@group-800003E11527-FollowerState] INFO  impl.RoleInfo (RoleInfo.java:shutdownFollowerState(110)) - f6c9fd2f-7084-461f-8c2a-824e0c2d9f6f: shutdown f6c9fd2f-7084-461f-8c2a-824e0c2d9f6f@group-800003E11527-FollowerState
2022-12-08 07:06:40,348 [f6c9fd2f-7084-461f-8c2a-824e0c2d9f6f@group-800003E11527-FollowerState] INFO  server.RaftServer$Division (RaftServerImpl.java:setRole(321)) - f6c9fd2f-7084-461f-8c2a-824e0c2d9f6f@group-800003E11527: changes role from  FOLLOWER to CANDIDATE at term 0 for changeToCandidate
2022-12-08 07:06:40,349 [f6c9fd2f-7084-461f-8c2a-824e0c2d9f6f@group-800003E11527-FollowerState] INFO  server.RaftServerConfigKeys (ConfUtils.java:logGet(46)) - raft.server.leaderelection.pre-vote = false (custom)
2022-12-08 07:06:40,349 [f6c9fd2f-7084-461f-8c2a-824e0c2d9f6f@group-800003E11527-FollowerState] INFO  impl.RoleInfo (RoleInfo.java:updateAndGet(139)) - f6c9fd2f-7084-461f-8c2a-824e0c2d9f6f: start f6c9fd2f-7084-461f-8c2a-824e0c2d9f6f@group-800003E11527-LeaderElection20
2022-12-08 07:06:40,366 [Listener at 127.0.0.1/34989] INFO  om.OzoneManager (OzoneManager.java:start(1484)) - OzoneManager RPC server is listening at localhost/127.0.0.1:34989
2022-12-08 07:06:40,366 [Listener at 127.0.0.1/34989] INFO  ratis.OzoneManagerRatisServer (OzoneManagerRatisServer.java:start(555)) - Starting OzoneManagerRatisServer om1 at port 45855
2022-12-08 07:06:40,367 [om1-impl-thread1] INFO  storage.RaftStorageDirectory (RaftStorageDirectoryImpl.java:analyzeStorage(137)) - The storage directory /home/runner/work/ozone/ozone/hadoop-ozone/integration-test/target/test-dir/MiniOzoneClusterImpl-5577f57c-d0b5-4d08-87ca-01558171f144/ozone-meta/ratis/bf265839-605b-3f16-9796-c5ba1605619e does not exist. Creating ...
2022-12-08 07:06:40,372 [om1-impl-thread1] INFO  storage.RaftStorageDirectory (RaftStorageDirectoryImpl.java:tryLock(231)) - Lock on /home/runner/work/ozone/ozone/hadoop-ozone/integration-test/target/test-dir/MiniOzoneClusterImpl-5577f57c-d0b5-4d08-87ca-01558171f144/ozone-meta/ratis/bf265839-605b-3f16-9796-c5ba1605619e/in_use.lock acquired by nodename 50697@fv-az165-805
2022-12-08 07:06:40,374 [f6c9fd2f-7084-461f-8c2a-824e0c2d9f6f@group-800003E11527-LeaderElection20] INFO  impl.LeaderElection (LeaderElection.java:askForVotes(312)) - f6c9fd2f-7084-461f-8c2a-824e0c2d9f6f@group-800003E11527-LeaderElection20 ELECTION round 0: submit vote requests at term 1 for -1: peers:[f6c9fd2f-7084-461f-8c2a-824e0c2d9f6f|rpc:10.1.0.14:43931|priority:1|startupRole:FOLLOWER]|listeners:[], old=null
2022-12-08 07:06:40,374 [f6c9fd2f-7084-461f-8c2a-824e0c2d9f6f@group-800003E11527-LeaderElection20] INFO  impl.LeaderElection (LeaderElection.java:askForVotes(314)) - f6c9fd2f-7084-461f-8c2a-824e0c2d9f6f@group-800003E11527-LeaderElection20 ELECTION round 0: result PASSED (term=1)
2022-12-08 07:06:40,375 [f6c9fd2f-7084-461f-8c2a-824e0c2d9f6f@group-800003E11527-LeaderElection20] INFO  impl.RoleInfo (RoleInfo.java:shutdownLeaderElection(130)) - f6c9fd2f-7084-461f-8c2a-824e0c2d9f6f: shutdown f6c9fd2f-7084-461f-8c2a-824e0c2d9f6f@group-800003E11527-LeaderElection20
2022-12-08 07:06:40,375 [f6c9fd2f-7084-461f-8c2a-824e0c2d9f6f@group-800003E11527-LeaderElection20] INFO  server.RaftServer$Division (RaftServerImpl.java:setRole(321)) - f6c9fd2f-7084-461f-8c2a-824e0c2d9f6f@group-800003E11527: changes role from CANDIDATE to LEADER at term 1 for changeToLeader
2022-12-08 07:06:40,375 [f6c9fd2f-7084-461f-8c2a-824e0c2d9f6f@group-800003E11527-LeaderElection20] INFO  ratis.XceiverServerRatis (XceiverServerRatis.java:handleLeaderChangedNotification(863)) - Leader change notification received for group: group-800003E11527 with new leaderId: f6c9fd2f-7084-461f-8c2a-824e0c2d9f6f
2022-12-08 07:06:40,375 [f6c9fd2f-7084-461f-8c2a-824e0c2d9f6f@group-800003E11527-LeaderElection20] INFO  server.RaftServer$Division (ServerState.java:setLeader(313)) - f6c9fd2f-7084-461f-8c2a-824e0c2d9f6f@group-800003E11527: change Leader from null to f6c9fd2f-7084-461f-8c2a-824e0c2d9f6f at term 1 for becomeLeader, leader elected after 5221ms
2022-12-08 07:06:40,375 [f6c9fd2f-7084-461f-8c2a-824e0c2d9f6f@group-800003E11527-LeaderElection20] INFO  server.RaftServerConfigKeys (ConfUtils.java:logGet(46)) - raft.server.staging.catchup.gap = 1000 (default)
2022-12-08 07:06:40,376 [f6c9fd2f-7084-461f-8c2a-824e0c2d9f6f@group-800003E11527-LeaderElection20] INFO  server.RaftServerConfigKeys (ConfUtils.java:logGet(46)) - raft.server.write.element-limit = 1024 (custom)
2022-12-08 07:06:40,376 [f6c9fd2f-7084-461f-8c2a-824e0c2d9f6f@group-800003E11527-LeaderElection20] INFO  server.RaftServerConfigKeys (ConfUtils.java:logGet(46)) - raft.server.write.byte-limit = 1024 M (=1073741824) (custom)
2022-12-08 07:06:40,376 [f6c9fd2f-7084-461f-8c2a-824e0c2d9f6f@group-800003E11527-LeaderElection20] INFO  server.RaftServerConfigKeys (ConfUtils.java:logGet(46)) - raft.server.watch.timeout = 180s (custom)
2022-12-08 07:06:40,376 [f6c9fd2f-7084-461f-8c2a-824e0c2d9f6f@group-800003E11527-LeaderElection20] INFO  server.RaftServerConfigKeys (ConfUtils.java:logGet(46)) - raft.server.watch.timeout.denomination = 1s (default)
2022-12-08 07:06:40,376 [f6c9fd2f-7084-461f-8c2a-824e0c2d9f6f@group-800003E11527-LeaderElection20] INFO  server.RaftServerConfigKeys (ConfUtils.java:logGet(46)) - raft.server.watch.element-limit = 65536 (default)
2022-12-08 07:06:40,377 [f6c9fd2f-7084-461f-8c2a-824e0c2d9f6f@group-800003E11527-LeaderElection20] INFO  server.RaftServerConfigKeys (ConfUtils.java:logGet(46)) - raft.server.write.element-limit = 1024 (custom)
2022-12-08 07:06:40,377 [f6c9fd2f-7084-461f-8c2a-824e0c2d9f6f@group-800003E11527-LeaderElection20] INFO  server.RaftServerConfigKeys (ConfUtils.java:logGet(46)) - raft.server.write.follower.gap.ratio.max = -1.0 (default)
2022-12-08 07:06:40,377 [f6c9fd2f-7084-461f-8c2a-824e0c2d9f6f@group-800003E11527-LeaderElection20] INFO  impl.RoleInfo (RoleInfo.java:updateAndGet(139)) - f6c9fd2f-7084-461f-8c2a-824e0c2d9f6f: start f6c9fd2f-7084-461f-8c2a-824e0c2d9f6f@group-800003E11527-LeaderStateImpl
2022-12-08 07:06:40,377 [f6c9fd2f-7084-461f-8c2a-824e0c2d9f6f@group-800003E11527-LeaderElection20] INFO  segmented.SegmentedRaftLogWorker (SegmentedRaftLogWorker.java:startLogSegment(452)) - f6c9fd2f-7084-461f-8c2a-824e0c2d9f6f@group-800003E11527-SegmentedRaftLogWorker: Starting segment from index:0
2022-12-08 07:06:40,377 [f6c9fd2f-7084-461f-8c2a-824e0c2d9f6f@group-944D83FFCC09-FollowerState] INFO  impl.FollowerState (FollowerState.java:run(143)) - f6c9fd2f-7084-461f-8c2a-824e0c2d9f6f@group-944D83FFCC09-FollowerState: change to CANDIDATE, lastRpcElapsedTime:5150143676ns, electionTimeout:5143ms
2022-12-08 07:06:40,378 [f6c9fd2f-7084-461f-8c2a-824e0c2d9f6f@group-944D83FFCC09-FollowerState] INFO  impl.RoleInfo (RoleInfo.java:shutdownFollowerState(110)) - f6c9fd2f-7084-461f-8c2a-824e0c2d9f6f: shutdown f6c9fd2f-7084-461f-8c2a-824e0c2d9f6f@group-944D83FFCC09-FollowerState
2022-12-08 07:06:40,378 [f6c9fd2f-7084-461f-8c2a-824e0c2d9f6f@group-944D83FFCC09-FollowerState] INFO  server.RaftServer$Division (RaftServerImpl.java:setRole(321)) - f6c9fd2f-7084-461f-8c2a-824e0c2d9f6f@group-944D83FFCC09: changes role from  FOLLOWER to CANDIDATE at term 0 for changeToCandidate
2022-12-08 07:06:40,378 [f6c9fd2f-7084-461f-8c2a-824e0c2d9f6f@group-944D83FFCC09-FollowerState] INFO  server.RaftServerConfigKeys (ConfUtils.java:logGet(46)) - raft.server.leaderelection.pre-vote = false (custom)
2022-12-08 07:06:40,378 [f6c9fd2f-7084-461f-8c2a-824e0c2d9f6f@group-944D83FFCC09-FollowerState] INFO  impl.RoleInfo (RoleInfo.java:updateAndGet(139)) - f6c9fd2f-7084-461f-8c2a-824e0c2d9f6f: start f6c9fd2f-7084-461f-8c2a-824e0c2d9f6f@group-944D83FFCC09-LeaderElection21
2022-12-08 07:06:40,379 [om1-impl-thread1] INFO  storage.RaftStorage (RaftStorageImpl.java:format(96)) - Storage directory /home/runner/work/ozone/ozone/hadoop-ozone/integration-test/target/test-dir/MiniOzoneClusterImpl-5577f57c-d0b5-4d08-87ca-01558171f144/ozone-meta/ratis/bf265839-605b-3f16-9796-c5ba1605619e has been successfully formatted.
2022-12-08 07:06:40,379 [om1-impl-thread1] INFO  server.RaftServerConfigKeys (ConfUtils.java:logGet(46)) - raft.server.log.use.memory = false (default)
2022-12-08 07:06:40,380 [om1-impl-thread1] INFO  server.RaftServerConfigKeys (ConfUtils.java:logGet(46)) - raft.server.log.purge.gap = 1000000 (custom)
2022-12-08 07:06:40,380 [om1-impl-thread1] INFO  server.RaftServerConfigKeys (ConfUtils.java:logGet(46)) - raft.server.log.appender.buffer.byte-limit = 33554432 (custom)
2022-12-08 07:06:40,380 [om1-impl-thread1] INFO  server.RaftServerConfigKeys (ConfUtils.java:logGet(46)) - raft.server.log.statemachine.data.read.timeout = 1000ms (default)
2022-12-08 07:06:40,380 [om1-impl-thread1] INFO  server.RaftServerConfigKeys (ConfUtils.java:logGet(46)) - raft.server.log.purge.preservation.log.num = 0 (default)
2022-12-08 07:06:40,380 [om1-impl-thread1] INFO  server.RaftServerConfigKeys (ConfUtils.java:logGet(46)) - raft.server.log.segment.size.max = 4194304 (custom)
2022-12-08 07:06:40,380 [om1-impl-thread1] INFO  server.RaftServerConfigKeys (ConfUtils.java:logGet(46)) - raft.server.log.segment.cache.num.max = 2 (custom)
2022-12-08 07:06:40,381 [om1-impl-thread1] INFO  server.RaftServerConfigKeys (ConfUtils.java:logGet(46)) - raft.server.log.segment.cache.size.max = 200MB (=209715200) (default)
2022-12-08 07:06:40,381 [om1-impl-thread1] INFO  segmented.SegmentedRaftLogWorker (SegmentedRaftLogWorker.java:<init>(189)) - new om1@group-C5BA1605619E-SegmentedRaftLogWorker for RaftStorageImpl:Storage Directory /home/runner/work/ozone/ozone/hadoop-ozone/integration-test/target/test-dir/MiniOzoneClusterImpl-5577f57c-d0b5-4d08-87ca-01558171f144/ozone-meta/ratis/bf265839-605b-3f16-9796-c5ba1605619e
2022-12-08 07:06:40,381 [om1-impl-thread1] INFO  server.RaftServerConfigKeys (ConfUtils.java:logGet(46)) - raft.server.log.queue.byte-limit = 64MB (=67108864) (default)
2022-12-08 07:06:40,381 [om1-impl-thread1] INFO  server.RaftServerConfigKeys (ConfUtils.java:logGet(46)) - raft.server.log.queue.element-limit = 4096 (default)
2022-12-08 07:06:40,381 [om1-impl-thread1] INFO  server.RaftServerConfigKeys (ConfUtils.java:logGet(46)) - raft.server.log.segment.size.max = 4194304 (custom)
2022-12-08 07:06:40,381 [om1-impl-thread1] INFO  server.RaftServerConfigKeys (ConfUtils.java:logGet(46)) - raft.server.log.preallocated.size = 4194304 (custom)
2022-12-08 07:06:40,381 [om1-impl-thread1] INFO  server.RaftServerConfigKeys (ConfUtils.java:logGet(46)) - raft.server.log.force.sync.num = 128 (default)
2022-12-08 07:06:40,381 [om1-impl-thread1] INFO  server.RaftServerConfigKeys (ConfUtils.java:logGet(46)) - raft.server.log.statemachine.data.sync = true (default)
2022-12-08 07:06:40,381 [om1-impl-thread1] INFO  server.RaftServerConfigKeys (ConfUtils.java:logGet(46)) - raft.server.log.statemachine.data.sync.timeout = 10s (default)
2022-12-08 07:06:40,381 [om1-impl-thread1] INFO  server.RaftServerConfigKeys (ConfUtils.java:logGet(46)) - raft.server.log.statemachine.data.sync.timeout.retry = -1 (default)
2022-12-08 07:06:40,382 [EventQueue-CommandQueueReportForCommandQueueReportHandler] WARN  events.EventQueue (EventQueue.java:fireEvent(216)) - No event handler registered for event TypedEvent{payloadType=DatanodeDetails, name='Datanode_Command_Queue_Updated'}
2022-12-08 07:06:40,389 [f6c9fd2f-7084-461f-8c2a-824e0c2d9f6f@group-800003E11527-SegmentedRaftLogWorker] INFO  segmented.SegmentedRaftLogWorker (SegmentedRaftLogWorker.java:execute(656)) - f6c9fd2f-7084-461f-8c2a-824e0c2d9f6f@group-800003E11527-SegmentedRaftLogWorker: created new log segment /home/runner/work/ozone/ozone/hadoop-ozone/integration-test/target/test-dir/MiniOzoneClusterImpl-510a2802-165a-4ebd-9ade-f7b35b2c34f6/datanode-3/data/ratis/c2f60357-2c1c-4713-8042-800003e11527/current/log_inprogress_0
2022-12-08 07:06:40,391 [EventQueue-CommandQueueReportForCommandQueueReportHandler] WARN  events.EventQueue (EventQueue.java:fireEvent(216)) - No event handler registered for event TypedEvent{payloadType=DatanodeDetails, name='Datanode_Command_Queue_Updated'}
2022-12-08 07:06:40,393 [om1-impl-thread1] INFO  server.RaftServerConfigKeys (ConfUtils.java:logGet(46)) - raft.server.log.write.buffer.size = 64KB (=65536) (default)
2022-12-08 07:06:40,394 [om1-impl-thread1] INFO  server.RaftServerConfigKeys (ConfUtils.java:logGet(46)) - raft.server.log.appender.buffer.byte-limit = 33554432 (custom)
2022-12-08 07:06:40,407 [om1-impl-thread1] INFO  server.RaftServerConfigKeys (ConfUtils.java:logGet(46)) - raft.server.log.unsafe-flush.enabled = false (default)
2022-12-08 07:06:40,408 [f6c9fd2f-7084-461f-8c2a-824e0c2d9f6f@group-800003E11527-LeaderElection20] INFO  server.RaftServer$Division (ServerState.java:setRaftConf(430)) - f6c9fd2f-7084-461f-8c2a-824e0c2d9f6f@group-800003E11527: set configuration 0: peers:[f6c9fd2f-7084-461f-8c2a-824e0c2d9f6f|rpc:10.1.0.14:43931|dataStream:|priority:1|startupRole:FOLLOWER]|listeners:[], old=null
2022-12-08 07:06:40,412 [f6c9fd2f-7084-461f-8c2a-824e0c2d9f6f@group-944D83FFCC09-LeaderElection21] INFO  impl.LeaderElection (LeaderElection.java:askForVotes(312)) - f6c9fd2f-7084-461f-8c2a-824e0c2d9f6f@group-944D83FFCC09-LeaderElection21 ELECTION round 0: submit vote requests at term 1 for -1: peers:[b199db80-c206-49d0-9080-733e3ea0a692|rpc:10.1.0.14:40813|priority:1|startupRole:FOLLOWER, a499b9c9-aca9-4e4e-999f-20c6bef7822c|rpc:10.1.0.14:34881|priority:0|startupRole:FOLLOWER, f6c9fd2f-7084-461f-8c2a-824e0c2d9f6f|rpc:10.1.0.14:43931|priority:0|startupRole:FOLLOWER]|listeners:[], old=null
2022-12-08 07:06:40,413 [om1-impl-thread1] INFO  server.RaftServerConfigKeys (ConfUtils.java:logGet(46)) - raft.server.log.async-flush.enabled = false (default)
2022-12-08 07:06:40,413 [om1-impl-thread1] INFO  server.RaftServerConfigKeys (ConfUtils.java:logGet(46)) - raft.server.log.statemachine.data.caching.enabled = false (default)
2022-12-08 07:06:40,413 [om1-impl-thread1] INFO  segmented.SegmentedRaftLogWorker (SegmentedRaftLogWorker.java:lambda$new$0(135)) - om1@group-C5BA1605619E-SegmentedRaftLogWorker: flushIndex: setUnconditionally 0 -> -1
2022-12-08 07:06:40,413 [om1-impl-thread1] INFO  segmented.SegmentedRaftLogWorker (SegmentedRaftLogWorker.java:lambda$new$0(135)) - om1@group-C5BA1605619E-SegmentedRaftLogWorker: safeCacheEvictIndex: setUnconditionally 0 -> -1
2022-12-08 07:06:40,414 [f6c9fd2f-7084-461f-8c2a-824e0c2d9f6f@group-944D83FFCC09-LeaderElection21-1] INFO  server.GrpcServerProtocolClient (GrpcServerProtocolClient.java:<init>(63)) - Build channel for b199db80-c206-49d0-9080-733e3ea0a692
2022-12-08 07:06:40,420 [f6c9fd2f-7084-461f-8c2a-824e0c2d9f6f@group-944D83FFCC09-LeaderElection21] INFO  server.RaftServerConfigKeys (ConfUtils.java:logFallback(53)) - raft.server.rpc.first-election.timeout.min = 5s (fallback to raft.server.rpc.timeout.min)
2022-12-08 07:06:40,420 [f6c9fd2f-7084-461f-8c2a-824e0c2d9f6f@group-944D83FFCC09-LeaderElection21] INFO  server.RaftServerConfigKeys (ConfUtils.java:logFallback(53)) - raft.server.rpc.first-election.timeout.max = 5200ms (fallback to raft.server.rpc.timeout.max)
2022-12-08 07:06:40,421 [f6c9fd2f-7084-461f-8c2a-824e0c2d9f6f@group-944D83FFCC09-LeaderElection21-2] INFO  server.GrpcServerProtocolClient (GrpcServerProtocolClient.java:<init>(63)) - Build channel for a499b9c9-aca9-4e4e-999f-20c6bef7822c
2022-12-08 07:06:40,425 [om1-impl-thread1] INFO  server.RaftServer$Division (RaftServerImpl.java:start(334)) - om1@group-C5BA1605619E: start as a follower, conf=-1: peers:[om1|rpc:localhost:45855|priority:0|startupRole:FOLLOWER]|listeners:[], old=null
2022-12-08 07:06:40,433 [om1-impl-thread1] INFO  server.RaftServer$Division (RaftServerImpl.java:setRole(321)) - om1@group-C5BA1605619E: changes role from      null to FOLLOWER at term 0 for startAsFollower
2022-12-08 07:06:40,433 [om1-impl-thread1] INFO  impl.RoleInfo (RoleInfo.java:updateAndGet(139)) - om1: start om1@group-C5BA1605619E-FollowerState
2022-12-08 07:06:40,434 [om1-impl-thread1] ERROR util.JmxRegister (JmxRegister.java:tryRegister(40)) - Failed to register JMX Bean with name Ratis:service=RaftServer,group=group-C5BA1605619E,id=om1
javax.management.InstanceAlreadyExistsException: Ratis:service=RaftServer,group=group-C5BA1605619E,id=om1
	at com.sun.jmx.mbeanserver.Repository.addMBean(Repository.java:437)
	at com.sun.jmx.interceptor.DefaultMBeanServerInterceptor.registerWithRepository(DefaultMBeanServerInterceptor.java:1898)
	at com.sun.jmx.interceptor.DefaultMBeanServerInterceptor.registerDynamicMBean(DefaultMBeanServerInterceptor.java:966)
	at com.sun.jmx.interceptor.DefaultMBeanServerInterceptor.registerObject(DefaultMBeanServerInterceptor.java:900)
	at com.sun.jmx.interceptor.DefaultMBeanServerInterceptor.registerMBean(DefaultMBeanServerInterceptor.java:324)
	at com.sun.jmx.mbeanserver.JmxMBeanServer.registerMBean(JmxMBeanServer.java:522)
	at org.apache.ratis.util.JmxRegister.tryRegister(JmxRegister.java:38)
	at org.apache.ratis.util.JmxRegister.register(JmxRegister.java:56)
	at org.apache.ratis.server.impl.RaftServerImpl.registerMBean(RaftServerImpl.java:353)
	at org.apache.ratis.server.impl.RaftServerImpl.start(RaftServerImpl.java:344)
	at org.apache.ratis.util.ConcurrentUtils.accept(ConcurrentUtils.java:173)
	at org.apache.ratis.util.ConcurrentUtils.lambda$null$3(ConcurrentUtils.java:165)
	at java.util.concurrent.ThreadPoolExecutor.runWorker(ThreadPoolExecutor.java:1149)
	at java.util.concurrent.ThreadPoolExecutor$Worker.run(ThreadPoolExecutor.java:624)
	at java.lang.Thread.run(Thread.java:750)
2022-12-08 07:06:40,435 [EventQueue-CommandQueueReportForCommandQueueReportHandler] WARN  events.EventQueue (EventQueue.java:fireEvent(216)) - No event handler registered for event TypedEvent{payloadType=DatanodeDetails, name='Datanode_Command_Queue_Updated'}
2022-12-08 07:06:40,439 [grpc-default-executor-2] INFO  server.RaftServer$Division (RaftServerImpl.java:requestVote(1218)) - b199db80-c206-49d0-9080-733e3ea0a692@group-944D83FFCC09: receive requestVote(ELECTION, f6c9fd2f-7084-461f-8c2a-824e0c2d9f6f, group-944D83FFCC09, 1, (t:0, i:0))
2022-12-08 07:06:40,439 [grpc-default-executor-2] INFO  impl.VoteContext (VoteContext.java:log(49)) - b199db80-c206-49d0-9080-733e3ea0a692@group-944D83FFCC09-FOLLOWER: reject ELECTION from f6c9fd2f-7084-461f-8c2a-824e0c2d9f6f: our priority 1 > candidate's priority 0
2022-12-08 07:06:40,439 [grpc-default-executor-2] INFO  server.RaftServer$Division (RaftServerImpl.java:setRole(321)) - b199db80-c206-49d0-9080-733e3ea0a692@group-944D83FFCC09: changes role from  FOLLOWER to FOLLOWER at term 1 for candidate:f6c9fd2f-7084-461f-8c2a-824e0c2d9f6f
2022-12-08 07:06:40,439 [grpc-default-executor-2] INFO  impl.RoleInfo (RoleInfo.java:shutdownFollowerState(110)) - b199db80-c206-49d0-9080-733e3ea0a692: shutdown b199db80-c206-49d0-9080-733e3ea0a692@group-944D83FFCC09-FollowerState
2022-12-08 07:06:40,439 [grpc-default-executor-2] INFO  impl.RoleInfo (RoleInfo.java:updateAndGet(139)) - b199db80-c206-49d0-9080-733e3ea0a692: start b199db80-c206-49d0-9080-733e3ea0a692@group-944D83FFCC09-FollowerState
2022-12-08 07:06:40,440 [b199db80-c206-49d0-9080-733e3ea0a692@group-944D83FFCC09-FollowerState] INFO  server.RaftServerConfigKeys (ConfUtils.java:logFallback(53)) - raft.server.rpc.first-election.timeout.min = 5s (fallback to raft.server.rpc.timeout.min)
2022-12-08 07:06:40,440 [b199db80-c206-49d0-9080-733e3ea0a692@group-944D83FFCC09-FollowerState] INFO  server.RaftServerConfigKeys (ConfUtils.java:logFallback(53)) - raft.server.rpc.first-election.timeout.max = 5200ms (fallback to raft.server.rpc.timeout.max)
2022-12-08 07:06:40,444 [grpc-default-executor-5] INFO  server.RaftServer$Division (RaftServerImpl.java:requestVote(1218)) - a499b9c9-aca9-4e4e-999f-20c6bef7822c@group-944D83FFCC09: receive requestVote(ELECTION, f6c9fd2f-7084-461f-8c2a-824e0c2d9f6f, group-944D83FFCC09, 1, (t:0, i:0))
2022-12-08 07:06:40,444 [grpc-default-executor-5] INFO  impl.VoteContext (VoteContext.java:log(49)) - a499b9c9-aca9-4e4e-999f-20c6bef7822c@group-944D83FFCC09-FOLLOWER: accept ELECTION from f6c9fd2f-7084-461f-8c2a-824e0c2d9f6f: our priority 0 <= candidate's priority 0
2022-12-08 07:06:40,444 [grpc-default-executor-5] INFO  server.RaftServer$Division (RaftServerImpl.java:setRole(321)) - a499b9c9-aca9-4e4e-999f-20c6bef7822c@group-944D83FFCC09: changes role from  FOLLOWER to FOLLOWER at term 1 for candidate:f6c9fd2f-7084-461f-8c2a-824e0c2d9f6f
2022-12-08 07:06:40,444 [grpc-default-executor-5] INFO  impl.RoleInfo (RoleInfo.java:shutdownFollowerState(110)) - a499b9c9-aca9-4e4e-999f-20c6bef7822c: shutdown a499b9c9-aca9-4e4e-999f-20c6bef7822c@group-944D83FFCC09-FollowerState
2022-12-08 07:06:40,444 [grpc-default-executor-5] INFO  impl.RoleInfo (RoleInfo.java:updateAndGet(139)) - a499b9c9-aca9-4e4e-999f-20c6bef7822c: start a499b9c9-aca9-4e4e-999f-20c6bef7822c@group-944D83FFCC09-FollowerState
2022-12-08 07:06:40,445 [grpc-default-executor-2] INFO  server.RaftServer$Division (RaftServerImpl.java:requestVote(1251)) - b199db80-c206-49d0-9080-733e3ea0a692@group-944D83FFCC09 replies to ELECTION vote request: f6c9fd2f-7084-461f-8c2a-824e0c2d9f6f<-b199db80-c206-49d0-9080-733e3ea0a692#0:FAIL-t1. Peer's state: b199db80-c206-49d0-9080-733e3ea0a692@group-944D83FFCC09:t1, leader=null, voted=null, raftlog=Memoized:b199db80-c206-49d0-9080-733e3ea0a692@group-944D83FFCC09-SegmentedRaftLog:OPENED:c-1, conf=-1: peers:[b199db80-c206-49d0-9080-733e3ea0a692|rpc:10.1.0.14:40813|dataStream:|priority:1|startupRole:FOLLOWER, a499b9c9-aca9-4e4e-999f-20c6bef7822c|rpc:10.1.0.14:34881|dataStream:|priority:0|startupRole:FOLLOWER, f6c9fd2f-7084-461f-8c2a-824e0c2d9f6f|rpc:10.1.0.14:43931|dataStream:|priority:0|startupRole:FOLLOWER]|listeners:[], old=null
2022-12-08 07:06:40,435 [om1@group-C5BA1605619E-FollowerState] INFO  server.RaftServerConfigKeys (ConfUtils.java:logFallback(53)) - raft.server.rpc.first-election.timeout.min = 1s (fallback to raft.server.rpc.timeout.min)
2022-12-08 07:06:40,439 [b199db80-c206-49d0-9080-733e3ea0a692@group-944D83FFCC09-FollowerState] INFO  impl.FollowerState (FollowerState.java:run(152)) - b199db80-c206-49d0-9080-733e3ea0a692@group-944D83FFCC09-FollowerState was interrupted
2022-12-08 07:06:40,446 [a499b9c9-aca9-4e4e-999f-20c6bef7822c@group-944D83FFCC09-FollowerState] INFO  impl.FollowerState (FollowerState.java:run(152)) - a499b9c9-aca9-4e4e-999f-20c6bef7822c@group-944D83FFCC09-FollowerState was interrupted
2022-12-08 07:06:40,436 [om1-impl-thread1] ERROR util.JmxRegister (JmxRegister.java:tryRegister(40)) - Failed to register JMX Bean with name Ratis:service=RaftServer,group=group-C5BA1605619E,id="om1"
javax.management.InstanceAlreadyExistsException: Ratis:service=RaftServer,group=group-C5BA1605619E,id="om1"
	at com.sun.jmx.mbeanserver.Repository.addMBean(Repository.java:437)
	at com.sun.jmx.interceptor.DefaultMBeanServerInterceptor.registerWithRepository(DefaultMBeanServerInterceptor.java:1898)
	at com.sun.jmx.interceptor.DefaultMBeanServerInterceptor.registerDynamicMBean(DefaultMBeanServerInterceptor.java:966)
	at com.sun.jmx.interceptor.DefaultMBeanServerInterceptor.registerObject(DefaultMBeanServerInterceptor.java:900)
	at com.sun.jmx.interceptor.DefaultMBeanServerInterceptor.registerMBean(DefaultMBeanServerInterceptor.java:324)
	at com.sun.jmx.mbeanserver.JmxMBeanServer.registerMBean(JmxMBeanServer.java:522)
	at org.apache.ratis.util.JmxRegister.tryRegister(JmxRegister.java:38)
	at org.apache.ratis.util.JmxRegister.register(JmxRegister.java:56)
	at org.apache.ratis.server.impl.RaftServerImpl.registerMBean(RaftServerImpl.java:353)
	at org.apache.ratis.server.impl.RaftServerImpl.start(RaftServerImpl.java:344)
	at org.apache.ratis.util.ConcurrentUtils.accept(ConcurrentUtils.java:173)
	at org.apache.ratis.util.ConcurrentUtils.lambda$null$3(ConcurrentUtils.java:165)
	at java.util.concurrent.ThreadPoolExecutor.runWorker(ThreadPoolExecutor.java:1149)
	at java.util.concurrent.ThreadPoolExecutor$Worker.run(ThreadPoolExecutor.java:624)
	at java.lang.Thread.run(Thread.java:750)
2022-12-08 07:06:40,449 [a499b9c9-aca9-4e4e-999f-20c6bef7822c@group-944D83FFCC09-FollowerState] INFO  server.RaftServerConfigKeys (ConfUtils.java:logFallback(53)) - raft.server.rpc.first-election.timeout.min = 5s (fallback to raft.server.rpc.timeout.min)
2022-12-08 07:06:40,450 [a499b9c9-aca9-4e4e-999f-20c6bef7822c@group-944D83FFCC09-FollowerState] INFO  server.RaftServerConfigKeys (ConfUtils.java:logFallback(53)) - raft.server.rpc.first-election.timeout.max = 5200ms (fallback to raft.server.rpc.timeout.max)
2022-12-08 07:06:40,446 [om1@group-C5BA1605619E-FollowerState] INFO  server.RaftServerConfigKeys (ConfUtils.java:logFallback(53)) - raft.server.rpc.first-election.timeout.max = 1200ms (fallback to raft.server.rpc.timeout.max)
2022-12-08 07:06:40,449 [om1-impl-thread1] INFO  server.RaftServerConfigKeys (ConfUtils.java:logGet(46)) - raft.server.snapshot.auto.trigger.enabled = true (custom)
2022-12-08 07:06:40,450 [om1-impl-thread1] INFO  server.RaftServerConfigKeys (ConfUtils.java:logGet(46)) - raft.server.snapshot.auto.trigger.threshold = 400000 (default)
2022-12-08 07:06:40,450 [om1-impl-thread1] INFO  server.RaftServerConfigKeys (ConfUtils.java:logGet(46)) - raft.server.snapshot.retention.file.num = -1 (default)
2022-12-08 07:06:40,450 [om1-impl-thread1] INFO  server.RaftServerConfigKeys (ConfUtils.java:logGet(46)) - raft.server.log.purge.upto.snapshot.index = true (custom)
2022-12-08 07:06:40,450 [f6c9fd2f-7084-461f-8c2a-824e0c2d9f6f@group-944D83FFCC09-LeaderElection21] INFO  impl.LeaderElection (LeaderElection.java:logAndReturn(90)) - f6c9fd2f-7084-461f-8c2a-824e0c2d9f6f@group-944D83FFCC09-LeaderElection21: ELECTION REJECTED received 1 response(s) and 0 exception(s):
2022-12-08 07:06:40,451 [f6c9fd2f-7084-461f-8c2a-824e0c2d9f6f@group-944D83FFCC09-LeaderElection21] INFO  impl.LeaderElection (LeaderElection.java:logAndReturn(94)) -   Response 0: f6c9fd2f-7084-461f-8c2a-824e0c2d9f6f<-b199db80-c206-49d0-9080-733e3ea0a692#0:FAIL-t1
2022-12-08 07:06:40,451 [f6c9fd2f-7084-461f-8c2a-824e0c2d9f6f@group-944D83FFCC09-LeaderElection21] INFO  impl.LeaderElection (LeaderElection.java:askForVotes(314)) - f6c9fd2f-7084-461f-8c2a-824e0c2d9f6f@group-944D83FFCC09-LeaderElection21 ELECTION round 0: result REJECTED
2022-12-08 07:06:40,451 [f6c9fd2f-7084-461f-8c2a-824e0c2d9f6f@group-944D83FFCC09-LeaderElection21] INFO  server.RaftServer$Division (RaftServerImpl.java:setRole(321)) - f6c9fd2f-7084-461f-8c2a-824e0c2d9f6f@group-944D83FFCC09: changes role from CANDIDATE to FOLLOWER at term 1 for REJECTED
2022-12-08 07:06:40,451 [f6c9fd2f-7084-461f-8c2a-824e0c2d9f6f@group-944D83FFCC09-LeaderElection21] INFO  impl.RoleInfo (RoleInfo.java:shutdownLeaderElection(130)) - f6c9fd2f-7084-461f-8c2a-824e0c2d9f6f: shutdown f6c9fd2f-7084-461f-8c2a-824e0c2d9f6f@group-944D83FFCC09-LeaderElection21
2022-12-08 07:06:40,451 [f6c9fd2f-7084-461f-8c2a-824e0c2d9f6f@group-944D83FFCC09-LeaderElection21] INFO  impl.RoleInfo (RoleInfo.java:updateAndGet(139)) - f6c9fd2f-7084-461f-8c2a-824e0c2d9f6f: start f6c9fd2f-7084-461f-8c2a-824e0c2d9f6f@group-944D83FFCC09-FollowerState
2022-12-08 07:06:40,452 [f6c9fd2f-7084-461f-8c2a-824e0c2d9f6f@group-944D83FFCC09-FollowerState] INFO  server.RaftServerConfigKeys (ConfUtils.java:logFallback(53)) - raft.server.rpc.first-election.timeout.min = 5s (fallback to raft.server.rpc.timeout.min)
2022-12-08 07:06:40,452 [f6c9fd2f-7084-461f-8c2a-824e0c2d9f6f@group-944D83FFCC09-FollowerState] INFO  server.RaftServerConfigKeys (ConfUtils.java:logFallback(53)) - raft.server.rpc.first-election.timeout.max = 5200ms (fallback to raft.server.rpc.timeout.max)
2022-12-08 07:06:40,452 [Listener at 127.0.0.1/34989] INFO  server.RaftServer (RaftServerProxy.java:startImpl(393)) - om1: start RPC server
2022-12-08 07:06:40,452 [grpc-default-executor-5] INFO  server.RaftServer$Division (RaftServerImpl.java:requestVote(1251)) - a499b9c9-aca9-4e4e-999f-20c6bef7822c@group-944D83FFCC09 replies to ELECTION vote request: f6c9fd2f-7084-461f-8c2a-824e0c2d9f6f<-a499b9c9-aca9-4e4e-999f-20c6bef7822c#0:OK-t1. Peer's state: a499b9c9-aca9-4e4e-999f-20c6bef7822c@group-944D83FFCC09:t1, leader=null, voted=f6c9fd2f-7084-461f-8c2a-824e0c2d9f6f, raftlog=Memoized:a499b9c9-aca9-4e4e-999f-20c6bef7822c@group-944D83FFCC09-SegmentedRaftLog:OPENED:c-1, conf=-1: peers:[b199db80-c206-49d0-9080-733e3ea0a692|rpc:10.1.0.14:40813|dataStream:|priority:1|startupRole:FOLLOWER, a499b9c9-aca9-4e4e-999f-20c6bef7822c|rpc:10.1.0.14:34881|dataStream:|priority:0|startupRole:FOLLOWER, f6c9fd2f-7084-461f-8c2a-824e0c2d9f6f|rpc:10.1.0.14:43931|dataStream:|priority:0|startupRole:FOLLOWER]|listeners:[], old=null
2022-12-08 07:06:40,453 [Listener at 127.0.0.1/34989] INFO  server.GrpcService (GrpcService.java:startImpl(262)) - om1: GrpcService started, listening on 45855
2022-12-08 07:06:40,458 [JvmPauseMonitor16] INFO  util.JvmPauseMonitor (JvmPauseMonitor.java:run(105)) - JvmPauseMonitor-om1: Started
2022-12-08 07:06:40,458 [Listener at 127.0.0.1/34989] INFO  om.OzoneManager (OzoneManager.java:start(1500)) - Version File has different layout version (3) than OM DB (null). That is expected if this OM has never been finalized to a newer layout version.
2022-12-08 07:06:40,474 [Listener at 127.0.0.1/34989] INFO  http.BaseHttpServer (BaseHttpServer.java:newHttpServer2BuilderForOzone(213)) - Starting Web-server for ozoneManager at: http://0.0.0.0:0
2022-12-08 07:06:40,475 [Listener at 127.0.0.1/34989] INFO  http.BaseHttpServer (BaseHttpServer.java:<init>(108)) - Hadoop Security Enabled: false Ozone Security Enabled: false Ozone HTTP Security Enabled: false 
2022-12-08 07:06:40,475 [EventQueue-CommandQueueReportForCommandQueueReportHandler] WARN  events.EventQueue (EventQueue.java:fireEvent(216)) - No event handler registered for event TypedEvent{payloadType=DatanodeDetails, name='Datanode_Command_Queue_Updated'}
2022-12-08 07:06:40,484 [Listener at 127.0.0.1/34989] WARN  server.AuthenticationFilter (AuthenticationFilter.java:constructSecretProvider(240)) - Unable to initialize FileSignerSecretProvider, falling back to use random secrets. Reason: Could not read signature secret file: /home/runner/hadoop-http-auth-signature-secret
2022-12-08 07:06:40,489 [Listener at 127.0.0.1/34989] WARN  http.HttpRequestLog (HttpRequestLog.java:getRequestLog(103)) - Jetty request log can only be enabled using Log4j
2022-12-08 07:06:40,491 [Listener at 127.0.0.1/34989] INFO  http.HttpServer2 (HttpServer2.java:addGlobalFilter(1031)) - Added global filter 'safety' (class=org.apache.hadoop.hdds.server.http.HttpServer2$QuotingInputFilter)
2022-12-08 07:06:40,491 [Listener at 127.0.0.1/34989] INFO  http.HttpServer2 (HttpServer2.java:addFilter(1007)) - Added filter static_user_filter (class=org.apache.hadoop.http.lib.StaticUserWebFilter$StaticUserFilter) to context ozoneManager
2022-12-08 07:06:40,491 [Listener at 127.0.0.1/34989] INFO  http.HttpServer2 (HttpServer2.java:addFilter(1015)) - Added filter static_user_filter (class=org.apache.hadoop.http.lib.StaticUserWebFilter$StaticUserFilter) to context static
2022-12-08 07:06:40,491 [Listener at 127.0.0.1/34989] INFO  http.HttpServer2 (HttpServer2.java:addFilter(1015)) - Added filter static_user_filter (class=org.apache.hadoop.http.lib.StaticUserWebFilter$StaticUserFilter) to context logs
2022-12-08 07:06:40,492 [Listener at 127.0.0.1/34989] INFO  http.HttpServer2 (HttpServer2.java:bindListener(1250)) - Jetty bound to port 34279
2022-12-08 07:06:40,492 [Listener at 127.0.0.1/34989] INFO  server.Server (Server.java:doStart(375)) - jetty-9.4.49.v20220914; built: 2022-09-14T01:07:36.601Z; git: 4231a3b2e4cb8548a412a789936d640a97b1aa0a; jvm 1.8.0_352-b08
2022-12-08 07:06:40,494 [Listener at 127.0.0.1/34989] INFO  server.session (DefaultSessionIdManager.java:doStart(334)) - DefaultSessionIdManager workerName=node0
2022-12-08 07:06:40,494 [Listener at 127.0.0.1/34989] INFO  server.session (DefaultSessionIdManager.java:doStart(339)) - No SessionScavenger set, using defaults
2022-12-08 07:06:40,510 [Listener at 127.0.0.1/34989] INFO  server.session (HouseKeeper.java:startScavenging(132)) - node0 Scavenging every 660000ms
2022-12-08 07:06:40,512 [Listener at 127.0.0.1/34989] INFO  handler.ContextHandler (ContextHandler.java:doStart(921)) - Started o.e.j.s.ServletContextHandler@74a7cf69{logs,/logs,file:///home/runner/work/ozone/ozone/hadoop-ozone/integration-test/target/log,AVAILABLE}
2022-12-08 07:06:40,512 [Listener at 127.0.0.1/34989] INFO  handler.ContextHandler (ContextHandler.java:doStart(921)) - Started o.e.j.s.ServletContextHandler@43d1939a{static,/static,file:///home/runner/work/ozone/ozone/hadoop-ozone/integration-test/target/test-classes/webapps/static,AVAILABLE}
2022-12-08 07:06:40,517 [EventQueue-CommandQueueReportForCommandQueueReportHandler] WARN  events.EventQueue (EventQueue.java:fireEvent(216)) - No event handler registered for event TypedEvent{payloadType=DatanodeDetails, name='Datanode_Command_Queue_Updated'}
2022-12-08 07:06:40,519 [e288a489-637a-4316-af43-30866b2c8bfc@group-A8A841CF23D2-FollowerState] INFO  impl.FollowerState (FollowerState.java:run(143)) - e288a489-637a-4316-af43-30866b2c8bfc@group-A8A841CF23D2-FollowerState: change to CANDIDATE, lastRpcElapsedTime:5088078800ns, electionTimeout:5067ms
2022-12-08 07:06:40,519 [e288a489-637a-4316-af43-30866b2c8bfc@group-A8A841CF23D2-FollowerState] INFO  impl.RoleInfo (RoleInfo.java:shutdownFollowerState(110)) - e288a489-637a-4316-af43-30866b2c8bfc: shutdown e288a489-637a-4316-af43-30866b2c8bfc@group-A8A841CF23D2-FollowerState
2022-12-08 07:06:40,519 [e288a489-637a-4316-af43-30866b2c8bfc@group-A8A841CF23D2-FollowerState] INFO  server.RaftServer$Division (RaftServerImpl.java:setRole(321)) - e288a489-637a-4316-af43-30866b2c8bfc@group-A8A841CF23D2: changes role from  FOLLOWER to CANDIDATE at term 4 for changeToCandidate
2022-12-08 07:06:40,519 [e288a489-637a-4316-af43-30866b2c8bfc@group-A8A841CF23D2-FollowerState] INFO  server.RaftServerConfigKeys (ConfUtils.java:logGet(46)) - raft.server.leaderelection.pre-vote = false (custom)
2022-12-08 07:06:40,519 [e288a489-637a-4316-af43-30866b2c8bfc@group-A8A841CF23D2-FollowerState] INFO  impl.RoleInfo (RoleInfo.java:updateAndGet(139)) - e288a489-637a-4316-af43-30866b2c8bfc: start e288a489-637a-4316-af43-30866b2c8bfc@group-A8A841CF23D2-LeaderElection22
2022-12-08 07:06:40,522 [Listener at 127.0.0.1/34989] INFO  handler.ContextHandler (ContextHandler.java:doStart(921)) - Started o.e.j.w.WebAppContext@70d04288{ozoneManager,/,file:///home/runner/work/ozone/ozone/hadoop-ozone/integration-test/target/test-classes/webapps/ozoneManager/,AVAILABLE}{file:/home/runner/work/ozone/ozone/hadoop-ozone/integration-test/target/test-classes/webapps/ozoneManager}
2022-12-08 07:06:40,523 [aa703a63-3c65-4215-94e9-ba864e506dd9@group-A8A841CF23D2-FollowerState] INFO  impl.FollowerState (FollowerState.java:run(143)) - aa703a63-3c65-4215-94e9-ba864e506dd9@group-A8A841CF23D2-FollowerState: change to CANDIDATE, lastRpcElapsedTime:5104712247ns, electionTimeout:5071ms
2022-12-08 07:06:40,523 [aa703a63-3c65-4215-94e9-ba864e506dd9@group-A8A841CF23D2-FollowerState] INFO  impl.RoleInfo (RoleInfo.java:shutdownFollowerState(110)) - aa703a63-3c65-4215-94e9-ba864e506dd9: shutdown aa703a63-3c65-4215-94e9-ba864e506dd9@group-A8A841CF23D2-FollowerState
2022-12-08 07:06:40,524 [aa703a63-3c65-4215-94e9-ba864e506dd9@group-A8A841CF23D2-FollowerState] INFO  server.RaftServer$Division (RaftServerImpl.java:setRole(321)) - aa703a63-3c65-4215-94e9-ba864e506dd9@group-A8A841CF23D2: changes role from  FOLLOWER to CANDIDATE at term 4 for changeToCandidate
2022-12-08 07:06:40,524 [aa703a63-3c65-4215-94e9-ba864e506dd9@group-A8A841CF23D2-FollowerState] INFO  server.RaftServerConfigKeys (ConfUtils.java:logGet(46)) - raft.server.leaderelection.pre-vote = false (custom)
2022-12-08 07:06:40,526 [aa703a63-3c65-4215-94e9-ba864e506dd9@group-A8A841CF23D2-FollowerState] INFO  impl.RoleInfo (RoleInfo.java:updateAndGet(139)) - aa703a63-3c65-4215-94e9-ba864e506dd9: start aa703a63-3c65-4215-94e9-ba864e506dd9@group-A8A841CF23D2-LeaderElection23
2022-12-08 07:06:40,525 [EventQueue-CommandQueueReportForCommandQueueReportHandler] WARN  events.EventQueue (EventQueue.java:fireEvent(216)) - No event handler registered for event TypedEvent{payloadType=DatanodeDetails, name='Datanode_Command_Queue_Updated'}
2022-12-08 07:06:40,544 [e288a489-637a-4316-af43-30866b2c8bfc@group-A8A841CF23D2-LeaderElection22] INFO  impl.LeaderElection (LeaderElection.java:askForVotes(312)) - e288a489-637a-4316-af43-30866b2c8bfc@group-A8A841CF23D2-LeaderElection22 ELECTION round 0: submit vote requests at term 5 for -1: peers:[aa703a63-3c65-4215-94e9-ba864e506dd9|rpc:10.1.0.14:39791|priority:1|startupRole:FOLLOWER, e288a489-637a-4316-af43-30866b2c8bfc|rpc:10.1.0.14:36389|priority:0|startupRole:FOLLOWER, 6eec9aac-ee1b-4e1e-837d-d3cab734710b|rpc:10.1.0.14:33309|priority:0|startupRole:FOLLOWER]|listeners:[], old=null
2022-12-08 07:06:40,544 [Listener at 127.0.0.1/34989] INFO  server.AbstractConnector (AbstractConnector.java:doStart(333)) - Started ServerConnector@f8f633{HTTP/1.1, (http/1.1)}{0.0.0.0:34279}
2022-12-08 07:06:40,545 [Listener at 127.0.0.1/34989] INFO  server.Server (Server.java:doStart(415)) - Started @46009ms
2022-12-08 07:06:40,545 [Listener at 127.0.0.1/34989] WARN  impl.MetricsSystemImpl (MetricsSystemImpl.java:register(279)) - Sink prometheus already exists!
2022-12-08 07:06:40,546 [Listener at 127.0.0.1/34989] INFO  http.BaseHttpServer (BaseHttpServer.java:updateConnectorAddress(333)) - HTTP server of ozoneManager listening at http://0.0.0.0:34279
2022-12-08 07:06:40,546 [e288a489-637a-4316-af43-30866b2c8bfc@group-A8A841CF23D2-LeaderElection22] INFO  server.RaftServerConfigKeys (ConfUtils.java:logFallback(53)) - raft.server.rpc.first-election.timeout.min = 5s (fallback to raft.server.rpc.timeout.min)
2022-12-08 07:06:40,546 [e288a489-637a-4316-af43-30866b2c8bfc@group-A8A841CF23D2-LeaderElection22] INFO  server.RaftServerConfigKeys (ConfUtils.java:logFallback(53)) - raft.server.rpc.first-election.timeout.max = 5200ms (fallback to raft.server.rpc.timeout.max)
2022-12-08 07:06:40,548 [EventQueue-CommandQueueReportForCommandQueueReportHandler] WARN  events.EventQueue (EventQueue.java:fireEvent(216)) - No event handler registered for event TypedEvent{payloadType=DatanodeDetails, name='Datanode_Command_Queue_Updated'}
2022-12-08 07:06:40,550 [aa703a63-3c65-4215-94e9-ba864e506dd9@group-A8A841CF23D2-LeaderElection23] INFO  impl.LeaderElection (LeaderElection.java:askForVotes(312)) - aa703a63-3c65-4215-94e9-ba864e506dd9@group-A8A841CF23D2-LeaderElection23 ELECTION round 0: submit vote requests at term 5 for -1: peers:[aa703a63-3c65-4215-94e9-ba864e506dd9|rpc:10.1.0.14:39791|dataStream:|priority:1|startupRole:FOLLOWER, e288a489-637a-4316-af43-30866b2c8bfc|rpc:10.1.0.14:36389|dataStream:|priority:0|startupRole:FOLLOWER, 6eec9aac-ee1b-4e1e-837d-d3cab734710b|rpc:10.1.0.14:33309|dataStream:|priority:0|startupRole:FOLLOWER]|listeners:[], old=null
2022-12-08 07:06:40,552 [grpc-default-executor-2] INFO  server.RaftServer$Division (RaftServerImpl.java:requestVote(1218)) - aa703a63-3c65-4215-94e9-ba864e506dd9@group-A8A841CF23D2: receive requestVote(ELECTION, e288a489-637a-4316-af43-30866b2c8bfc, group-A8A841CF23D2, 5, (t:0, i:0))
2022-12-08 07:06:40,552 [grpc-default-executor-2] INFO  impl.VoteContext (VoteContext.java:log(49)) - aa703a63-3c65-4215-94e9-ba864e506dd9@group-A8A841CF23D2-CANDIDATE: reject ELECTION from e288a489-637a-4316-af43-30866b2c8bfc: already has voted for aa703a63-3c65-4215-94e9-ba864e506dd9 at current term 5
2022-12-08 07:06:40,553 [grpc-default-executor-2] INFO  server.RaftServer$Division (RaftServerImpl.java:requestVote(1251)) - aa703a63-3c65-4215-94e9-ba864e506dd9@group-A8A841CF23D2 replies to ELECTION vote request: e288a489-637a-4316-af43-30866b2c8bfc<-aa703a63-3c65-4215-94e9-ba864e506dd9#0:FAIL-t5. Peer's state: aa703a63-3c65-4215-94e9-ba864e506dd9@group-A8A841CF23D2:t5, leader=null, voted=aa703a63-3c65-4215-94e9-ba864e506dd9, raftlog=Memoized:aa703a63-3c65-4215-94e9-ba864e506dd9@group-A8A841CF23D2-SegmentedRaftLog:OPENED:c-1, conf=-1: peers:[aa703a63-3c65-4215-94e9-ba864e506dd9|rpc:10.1.0.14:39791|dataStream:|priority:1|startupRole:FOLLOWER, e288a489-637a-4316-af43-30866b2c8bfc|rpc:10.1.0.14:36389|dataStream:|priority:0|startupRole:FOLLOWER, 6eec9aac-ee1b-4e1e-837d-d3cab734710b|rpc:10.1.0.14:33309|dataStream:|priority:0|startupRole:FOLLOWER]|listeners:[], old=null
2022-12-08 07:06:40,554 [grpc-default-executor-5] INFO  server.RaftServer$Division (RaftServerImpl.java:requestVote(1218)) - 6eec9aac-ee1b-4e1e-837d-d3cab734710b@group-A8A841CF23D2: receive requestVote(ELECTION, e288a489-637a-4316-af43-30866b2c8bfc, group-A8A841CF23D2, 5, (t:0, i:0))
2022-12-08 07:06:40,554 [grpc-default-executor-5] INFO  impl.VoteContext (VoteContext.java:log(49)) - 6eec9aac-ee1b-4e1e-837d-d3cab734710b@group-A8A841CF23D2-FOLLOWER: accept ELECTION from e288a489-637a-4316-af43-30866b2c8bfc: our priority 0 <= candidate's priority 0
2022-12-08 07:06:40,554 [grpc-default-executor-5] INFO  server.RaftServer$Division (RaftServerImpl.java:setRole(321)) - 6eec9aac-ee1b-4e1e-837d-d3cab734710b@group-A8A841CF23D2: changes role from  FOLLOWER to FOLLOWER at term 5 for candidate:e288a489-637a-4316-af43-30866b2c8bfc
2022-12-08 07:06:40,554 [grpc-default-executor-5] INFO  impl.RoleInfo (RoleInfo.java:shutdownFollowerState(110)) - 6eec9aac-ee1b-4e1e-837d-d3cab734710b: shutdown 6eec9aac-ee1b-4e1e-837d-d3cab734710b@group-A8A841CF23D2-FollowerState
2022-12-08 07:06:40,558 [IPC Server Responder] INFO  ipc.Server (Server.java:run(1512)) - IPC Server Responder: starting
2022-12-08 07:06:40,576 [grpc-default-executor-5] INFO  impl.RoleInfo (RoleInfo.java:updateAndGet(139)) - 6eec9aac-ee1b-4e1e-837d-d3cab734710b: start 6eec9aac-ee1b-4e1e-837d-d3cab734710b@group-A8A841CF23D2-FollowerState
2022-12-08 07:06:40,577 [6eec9aac-ee1b-4e1e-837d-d3cab734710b@group-A8A841CF23D2-FollowerState] INFO  impl.FollowerState (FollowerState.java:run(152)) - 6eec9aac-ee1b-4e1e-837d-d3cab734710b@group-A8A841CF23D2-FollowerState was interrupted
2022-12-08 07:06:40,579 [EventQueue-CommandQueueReportForCommandQueueReportHandler] WARN  events.EventQueue (EventQueue.java:fireEvent(216)) - No event handler registered for event TypedEvent{payloadType=DatanodeDetails, name='Datanode_Command_Queue_Updated'}
2022-12-08 07:06:40,581 [aa703a63-3c65-4215-94e9-ba864e506dd9@group-A8A841CF23D2-LeaderElection23-1] INFO  server.GrpcServerProtocolClient (GrpcServerProtocolClient.java:<init>(63)) - Build channel for e288a489-637a-4316-af43-30866b2c8bfc
2022-12-08 07:06:40,582 [6eec9aac-ee1b-4e1e-837d-d3cab734710b@group-A8A841CF23D2-FollowerState] INFO  server.RaftServerConfigKeys (ConfUtils.java:logFallback(53)) - raft.server.rpc.first-election.timeout.min = 5s (fallback to raft.server.rpc.timeout.min)
2022-12-08 07:06:40,582 [6eec9aac-ee1b-4e1e-837d-d3cab734710b@group-A8A841CF23D2-FollowerState] INFO  server.RaftServerConfigKeys (ConfUtils.java:logFallback(53)) - raft.server.rpc.first-election.timeout.max = 5200ms (fallback to raft.server.rpc.timeout.max)
2022-12-08 07:06:40,582 [aa703a63-3c65-4215-94e9-ba864e506dd9@group-A8A841CF23D2-LeaderElection23] INFO  server.RaftServerConfigKeys (ConfUtils.java:logFallback(53)) - raft.server.rpc.first-election.timeout.min = 5s (fallback to raft.server.rpc.timeout.min)
2022-12-08 07:06:40,582 [aa703a63-3c65-4215-94e9-ba864e506dd9@group-A8A841CF23D2-LeaderElection23] INFO  server.RaftServerConfigKeys (ConfUtils.java:logFallback(53)) - raft.server.rpc.first-election.timeout.max = 5200ms (fallback to raft.server.rpc.timeout.max)
2022-12-08 07:06:40,582 [grpc-default-executor-5] INFO  server.RaftServer$Division (RaftServerImpl.java:requestVote(1251)) - 6eec9aac-ee1b-4e1e-837d-d3cab734710b@group-A8A841CF23D2 replies to ELECTION vote request: e288a489-637a-4316-af43-30866b2c8bfc<-6eec9aac-ee1b-4e1e-837d-d3cab734710b#0:OK-t5. Peer's state: 6eec9aac-ee1b-4e1e-837d-d3cab734710b@group-A8A841CF23D2:t5, leader=null, voted=e288a489-637a-4316-af43-30866b2c8bfc, raftlog=Memoized:6eec9aac-ee1b-4e1e-837d-d3cab734710b@group-A8A841CF23D2-SegmentedRaftLog:OPENED:c-1, conf=-1: peers:[aa703a63-3c65-4215-94e9-ba864e506dd9|rpc:10.1.0.14:39791|priority:1|startupRole:FOLLOWER, e288a489-637a-4316-af43-30866b2c8bfc|rpc:10.1.0.14:36389|priority:0|startupRole:FOLLOWER, 6eec9aac-ee1b-4e1e-837d-d3cab734710b|rpc:10.1.0.14:33309|priority:0|startupRole:FOLLOWER]|listeners:[], old=null
2022-12-08 07:06:40,590 [IPC Server listener on 0] INFO  ipc.Server (Server.java:run(1352)) - IPC Server listener on 0: starting
2022-12-08 07:06:40,596 [Listener at 127.0.0.1/34989] INFO  om.OzoneManager (OzoneManager.java:startTrashEmptier(1921)) - Trash Interval set to 0. Files deleted won't move to trash
2022-12-08 07:06:40,598 [ReplicationMonitor] INFO  replication.ReplicationManager (ReplicationManager.java:processAll(323)) - Replication Manager is not ready to run until 3000ms after safemode exit
2022-12-08 07:06:40,609 [aa703a63-3c65-4215-94e9-ba864e506dd9@group-A8A841CF23D2-LeaderElection23-2] INFO  server.GrpcServerProtocolClient (GrpcServerProtocolClient.java:<init>(63)) - Build channel for 6eec9aac-ee1b-4e1e-837d-d3cab734710b
2022-12-08 07:06:40,612 [e288a489-637a-4316-af43-30866b2c8bfc@group-A8A841CF23D2-LeaderElection22] INFO  impl.LeaderElection (LeaderElection.java:logAndReturn(90)) - e288a489-637a-4316-af43-30866b2c8bfc@group-A8A841CF23D2-LeaderElection22: ELECTION REJECTED received 1 response(s) and 0 exception(s):
2022-12-08 07:06:40,612 [e288a489-637a-4316-af43-30866b2c8bfc@group-A8A841CF23D2-LeaderElection22] INFO  impl.LeaderElection (LeaderElection.java:logAndReturn(94)) -   Response 0: e288a489-637a-4316-af43-30866b2c8bfc<-aa703a63-3c65-4215-94e9-ba864e506dd9#0:FAIL-t5
2022-12-08 07:06:40,612 [e288a489-637a-4316-af43-30866b2c8bfc@group-A8A841CF23D2-LeaderElection22] INFO  impl.LeaderElection (LeaderElection.java:askForVotes(314)) - e288a489-637a-4316-af43-30866b2c8bfc@group-A8A841CF23D2-LeaderElection22 ELECTION round 0: result REJECTED
2022-12-08 07:06:40,612 [e288a489-637a-4316-af43-30866b2c8bfc@group-A8A841CF23D2-LeaderElection22] INFO  server.RaftServer$Division (RaftServerImpl.java:setRole(321)) - e288a489-637a-4316-af43-30866b2c8bfc@group-A8A841CF23D2: changes role from CANDIDATE to FOLLOWER at term 5 for REJECTED
2022-12-08 07:06:40,612 [e288a489-637a-4316-af43-30866b2c8bfc@group-A8A841CF23D2-LeaderElection22] INFO  impl.RoleInfo (RoleInfo.java:shutdownLeaderElection(130)) - e288a489-637a-4316-af43-30866b2c8bfc: shutdown e288a489-637a-4316-af43-30866b2c8bfc@group-A8A841CF23D2-LeaderElection22
2022-12-08 07:06:40,612 [e288a489-637a-4316-af43-30866b2c8bfc@group-A8A841CF23D2-LeaderElection22] INFO  impl.RoleInfo (RoleInfo.java:updateAndGet(139)) - e288a489-637a-4316-af43-30866b2c8bfc: start e288a489-637a-4316-af43-30866b2c8bfc@group-A8A841CF23D2-FollowerState
2022-12-08 07:06:40,650 [org.apache.hadoop.util.JvmPauseMonitor$Monitor@b6a83cf] INFO  util.JvmPauseMonitor (JvmPauseMonitor.java:run(188)) - Starting JVM pause monitor
2022-12-08 07:06:40,651 [e288a489-637a-4316-af43-30866b2c8bfc@group-A8A841CF23D2-FollowerState] INFO  server.RaftServerConfigKeys (ConfUtils.java:logFallback(53)) - raft.server.rpc.first-election.timeout.min = 5s (fallback to raft.server.rpc.timeout.min)
2022-12-08 07:06:40,651 [e288a489-637a-4316-af43-30866b2c8bfc@group-A8A841CF23D2-FollowerState] INFO  server.RaftServerConfigKeys (ConfUtils.java:logFallback(53)) - raft.server.rpc.first-election.timeout.max = 5200ms (fallback to raft.server.rpc.timeout.max)
2022-12-08 07:06:40,652 [Listener at 127.0.0.1/34989] WARN  impl.MetricRegistriesImpl (MetricRegistriesImpl.java:addReporterRegistration(111)) - New reporters are added after registries were created. Some metrics will be missing from the reporter. Please add reporter before adding any new registry.
2022-12-08 07:06:40,652 [Listener at 127.0.0.1/34989] WARN  impl.MetricRegistriesImpl (MetricRegistriesImpl.java:addReporterRegistration(111)) - New reporters are added after registries were created. Some metrics will be missing from the reporter. Please add reporter before adding any new registry.
2022-12-08 07:06:40,652 [Listener at 127.0.0.1/34989] INFO  impl.MetricsSystemImpl (MetricsSystemImpl.java:init(158)) - HddsDatanode metrics system started (again)
2022-12-08 07:06:40,662 [grpc-default-executor-2] INFO  server.RaftServer$Division (RaftServerImpl.java:requestVote(1218)) - e288a489-637a-4316-af43-30866b2c8bfc@group-A8A841CF23D2: receive requestVote(ELECTION, aa703a63-3c65-4215-94e9-ba864e506dd9, group-A8A841CF23D2, 5, (t:0, i:0))
2022-12-08 07:06:40,662 [grpc-default-executor-2] INFO  impl.VoteContext (VoteContext.java:log(49)) - e288a489-637a-4316-af43-30866b2c8bfc@group-A8A841CF23D2-FOLLOWER: reject ELECTION from aa703a63-3c65-4215-94e9-ba864e506dd9: already has voted for e288a489-637a-4316-af43-30866b2c8bfc at current term 5
2022-12-08 07:06:40,662 [grpc-default-executor-2] INFO  server.RaftServer$Division (RaftServerImpl.java:requestVote(1251)) - e288a489-637a-4316-af43-30866b2c8bfc@group-A8A841CF23D2 replies to ELECTION vote request: aa703a63-3c65-4215-94e9-ba864e506dd9<-e288a489-637a-4316-af43-30866b2c8bfc#0:FAIL-t5. Peer's state: e288a489-637a-4316-af43-30866b2c8bfc@group-A8A841CF23D2:t5, leader=null, voted=e288a489-637a-4316-af43-30866b2c8bfc, raftlog=Memoized:e288a489-637a-4316-af43-30866b2c8bfc@group-A8A841CF23D2-SegmentedRaftLog:OPENED:c-1, conf=-1: peers:[aa703a63-3c65-4215-94e9-ba864e506dd9|rpc:10.1.0.14:39791|priority:1|startupRole:FOLLOWER, e288a489-637a-4316-af43-30866b2c8bfc|rpc:10.1.0.14:36389|priority:0|startupRole:FOLLOWER, 6eec9aac-ee1b-4e1e-837d-d3cab734710b|rpc:10.1.0.14:33309|priority:0|startupRole:FOLLOWER]|listeners:[], old=null
2022-12-08 07:06:40,663 [grpc-default-executor-2] INFO  server.RaftServer$Division (RaftServerImpl.java:requestVote(1218)) - 6eec9aac-ee1b-4e1e-837d-d3cab734710b@group-A8A841CF23D2: receive requestVote(ELECTION, aa703a63-3c65-4215-94e9-ba864e506dd9, group-A8A841CF23D2, 5, (t:0, i:0))
2022-12-08 07:06:40,664 [grpc-default-executor-2] INFO  impl.VoteContext (VoteContext.java:log(49)) - 6eec9aac-ee1b-4e1e-837d-d3cab734710b@group-A8A841CF23D2-FOLLOWER: reject ELECTION from aa703a63-3c65-4215-94e9-ba864e506dd9: already has voted for e288a489-637a-4316-af43-30866b2c8bfc at current term 5
2022-12-08 07:06:40,664 [grpc-default-executor-2] INFO  server.RaftServer$Division (RaftServerImpl.java:requestVote(1251)) - 6eec9aac-ee1b-4e1e-837d-d3cab734710b@group-A8A841CF23D2 replies to ELECTION vote request: aa703a63-3c65-4215-94e9-ba864e506dd9<-6eec9aac-ee1b-4e1e-837d-d3cab734710b#0:FAIL-t5. Peer's state: 6eec9aac-ee1b-4e1e-837d-d3cab734710b@group-A8A841CF23D2:t5, leader=null, voted=e288a489-637a-4316-af43-30866b2c8bfc, raftlog=Memoized:6eec9aac-ee1b-4e1e-837d-d3cab734710b@group-A8A841CF23D2-SegmentedRaftLog:OPENED:c-1, conf=-1: peers:[aa703a63-3c65-4215-94e9-ba864e506dd9|rpc:10.1.0.14:39791|priority:1|startupRole:FOLLOWER, e288a489-637a-4316-af43-30866b2c8bfc|rpc:10.1.0.14:36389|priority:0|startupRole:FOLLOWER, 6eec9aac-ee1b-4e1e-837d-d3cab734710b|rpc:10.1.0.14:33309|priority:0|startupRole:FOLLOWER]|listeners:[], old=null
2022-12-08 07:06:40,667 [aa703a63-3c65-4215-94e9-ba864e506dd9@group-A8A841CF23D2-LeaderElection23] INFO  impl.LeaderElection (LeaderElection.java:logAndReturn(90)) - aa703a63-3c65-4215-94e9-ba864e506dd9@group-A8A841CF23D2-LeaderElection23: ELECTION REJECTED received 2 response(s) and 0 exception(s):
2022-12-08 07:06:40,667 [aa703a63-3c65-4215-94e9-ba864e506dd9@group-A8A841CF23D2-LeaderElection23] INFO  impl.LeaderElection (LeaderElection.java:logAndReturn(94)) -   Response 0: aa703a63-3c65-4215-94e9-ba864e506dd9<-e288a489-637a-4316-af43-30866b2c8bfc#0:FAIL-t5
2022-12-08 07:06:40,667 [aa703a63-3c65-4215-94e9-ba864e506dd9@group-A8A841CF23D2-LeaderElection23] INFO  impl.LeaderElection (LeaderElection.java:logAndReturn(94)) -   Response 1: aa703a63-3c65-4215-94e9-ba864e506dd9<-6eec9aac-ee1b-4e1e-837d-d3cab734710b#0:FAIL-t5
2022-12-08 07:06:40,667 [aa703a63-3c65-4215-94e9-ba864e506dd9@group-A8A841CF23D2-LeaderElection23] INFO  impl.LeaderElection (LeaderElection.java:askForVotes(314)) - aa703a63-3c65-4215-94e9-ba864e506dd9@group-A8A841CF23D2-LeaderElection23 ELECTION round 0: result REJECTED
2022-12-08 07:06:40,667 [aa703a63-3c65-4215-94e9-ba864e506dd9@group-A8A841CF23D2-LeaderElection23] INFO  server.RaftServer$Division (RaftServerImpl.java:setRole(321)) - aa703a63-3c65-4215-94e9-ba864e506dd9@group-A8A841CF23D2: changes role from CANDIDATE to FOLLOWER at term 5 for REJECTED
2022-12-08 07:06:40,667 [aa703a63-3c65-4215-94e9-ba864e506dd9@group-A8A841CF23D2-LeaderElection23] INFO  impl.RoleInfo (RoleInfo.java:shutdownLeaderElection(130)) - aa703a63-3c65-4215-94e9-ba864e506dd9: shutdown aa703a63-3c65-4215-94e9-ba864e506dd9@group-A8A841CF23D2-LeaderElection23
2022-12-08 07:06:40,667 [aa703a63-3c65-4215-94e9-ba864e506dd9@group-A8A841CF23D2-LeaderElection23] INFO  impl.RoleInfo (RoleInfo.java:updateAndGet(139)) - aa703a63-3c65-4215-94e9-ba864e506dd9: start aa703a63-3c65-4215-94e9-ba864e506dd9@group-A8A841CF23D2-FollowerState
2022-12-08 07:06:40,674 [aa703a63-3c65-4215-94e9-ba864e506dd9@group-A8A841CF23D2-FollowerState] INFO  server.RaftServerConfigKeys (ConfUtils.java:logFallback(53)) - raft.server.rpc.first-election.timeout.min = 5s (fallback to raft.server.rpc.timeout.min)
2022-12-08 07:06:40,674 [aa703a63-3c65-4215-94e9-ba864e506dd9@group-A8A841CF23D2-FollowerState] INFO  server.RaftServerConfigKeys (ConfUtils.java:logFallback(53)) - raft.server.rpc.first-election.timeout.max = 5200ms (fallback to raft.server.rpc.timeout.max)
2022-12-08 07:06:40,688 [Listener at 127.0.0.1/34989] INFO  ozone.HddsDatanodeService (HddsDatanodeService.java:start(236)) - HddsDatanodeService host:fv-az165-805.wtg55dazuvhetdvd2gpth4ys5d.dx.internal.cloudapp.net ip:10.1.0.14
2022-12-08 07:06:40,741 [Listener at 127.0.0.1/34989] INFO  upgrade.AbstractLayoutVersionManager (AbstractLayoutVersionManager.java:init(83)) - Initializing Layout version manager with metadata layout = DATANODE_SCHEMA_V3 (version = 4), software layout = DATANODE_SCHEMA_V3 (version = 4)
2022-12-08 07:06:40,818 [Listener at 127.0.0.1/34989] INFO  reflections.Reflections (Reflections.java:scan(232)) - Reflections took 74 ms to scan 7 urls, producing 140 keys and 342 values 
2022-12-08 07:06:40,821 [Listener at 127.0.0.1/34989] INFO  statemachine.DatanodeStateMachine (DatanodeStateMachine.java:getEndPointTaskThreadPoolSize(245)) - Datanode State Machine Task Thread Pool size 2
2022-12-08 07:06:40,827 [Listener at 127.0.0.1/34989] INFO  volume.HddsVolume (HddsVolume.java:<init>(117)) - Creating HddsVolume: /home/runner/work/ozone/ozone/hadoop-ozone/integration-test/target/test-dir/MiniOzoneClusterImpl-5577f57c-d0b5-4d08-87ca-01558171f144/datanode-0/data-0/containers/hdds of storage type : DISK capacity : 9223372036854775807
2022-12-08 07:06:40,827 [Listener at 127.0.0.1/34989] INFO  volume.MutableVolumeSet (MutableVolumeSet.java:initializeVolumeSet(174)) - Added Volume : /home/runner/work/ozone/ozone/hadoop-ozone/integration-test/target/test-dir/MiniOzoneClusterImpl-5577f57c-d0b5-4d08-87ca-01558171f144/datanode-0/data-0/containers/hdds to VolumeSet
2022-12-08 07:06:40,827 [Listener at 127.0.0.1/34989] INFO  volume.ThrottledAsyncChecker (ThrottledAsyncChecker.java:schedule(141)) - Scheduling a check for /home/runner/work/ozone/ozone/hadoop-ozone/integration-test/target/test-dir/MiniOzoneClusterImpl-5577f57c-d0b5-4d08-87ca-01558171f144/datanode-0/data-0/containers/hdds
2022-12-08 07:06:40,828 [Listener at 127.0.0.1/34989] INFO  volume.StorageVolumeChecker (StorageVolumeChecker.java:checkAllVolumes(202)) - Scheduled health check for volume /home/runner/work/ozone/ozone/hadoop-ozone/integration-test/target/test-dir/MiniOzoneClusterImpl-5577f57c-d0b5-4d08-87ca-01558171f144/datanode-0/data-0/containers/hdds
2022-12-08 07:06:40,846 [Listener at 127.0.0.1/34989] INFO  volume.MutableVolumeSet (MutableVolumeSet.java:initializeVolumeSet(174)) - Added Volume : /home/runner/work/ozone/ozone/hadoop-ozone/integration-test/target/test-dir/MiniOzoneClusterImpl-5577f57c-d0b5-4d08-87ca-01558171f144/datanode-0/data/ratis to VolumeSet
2022-12-08 07:06:40,846 [Listener at 127.0.0.1/34989] INFO  volume.ThrottledAsyncChecker (ThrottledAsyncChecker.java:schedule(141)) - Scheduling a check for /home/runner/work/ozone/ozone/hadoop-ozone/integration-test/target/test-dir/MiniOzoneClusterImpl-5577f57c-d0b5-4d08-87ca-01558171f144/datanode-0/data/ratis
2022-12-08 07:06:40,847 [Listener at 127.0.0.1/34989] INFO  volume.StorageVolumeChecker (StorageVolumeChecker.java:checkAllVolumes(202)) - Scheduled health check for volume /home/runner/work/ozone/ozone/hadoop-ozone/integration-test/target/test-dir/MiniOzoneClusterImpl-5577f57c-d0b5-4d08-87ca-01558171f144/datanode-0/data/ratis
2022-12-08 07:06:40,866 [Thread-861] INFO  ozoneimpl.ContainerReader (ContainerReader.java:readVolume(175)) - Finish verifying containers on volume /home/runner/work/ozone/ozone/hadoop-ozone/integration-test/target/test-dir/MiniOzoneClusterImpl-5577f57c-d0b5-4d08-87ca-01558171f144/datanode-0/data-0/containers/hdds
2022-12-08 07:06:40,866 [Listener at 127.0.0.1/34989] INFO  ozoneimpl.OzoneContainer (OzoneContainer.java:buildContainerSet(301)) - Build ContainerSet costs 0s
2022-12-08 07:06:40,869 [Listener at 127.0.0.1/34989] INFO  server.RaftServer (ConfUtils.java:logGet(46)) - raft.rpc.type = GRPC (default)
2022-12-08 07:06:40,869 [Listener at 127.0.0.1/34989] INFO  grpc.GrpcConfigKeys (ConfUtils.java:logFallback(53)) - raft.grpc.admin.host = null (fallback to raft.grpc.server.host)
2022-12-08 07:06:40,869 [Listener at 127.0.0.1/34989] INFO  grpc.GrpcConfigKeys (ConfUtils.java:logGet(46)) - raft.grpc.admin.port = 0 (custom)
2022-12-08 07:06:40,869 [Listener at 127.0.0.1/34989] INFO  grpc.GrpcConfigKeys (ConfUtils.java:logFallback(53)) - raft.grpc.client.host = null (fallback to raft.grpc.server.host)
2022-12-08 07:06:40,869 [Listener at 127.0.0.1/34989] INFO  grpc.GrpcConfigKeys (ConfUtils.java:logGet(46)) - raft.grpc.client.port = 0 (custom)
2022-12-08 07:06:40,869 [Listener at 127.0.0.1/34989] INFO  grpc.GrpcConfigKeys (ConfUtils.java:logGet(46)) - raft.grpc.server.host = null (default)
2022-12-08 07:06:40,869 [Listener at 127.0.0.1/34989] INFO  grpc.GrpcConfigKeys (ConfUtils.java:logGet(46)) - raft.grpc.server.port = 0 (default)
2022-12-08 07:06:40,869 [Listener at 127.0.0.1/34989] INFO  server.GrpcService (ConfUtils.java:logGet(46)) - raft.grpc.message.size.max = 32MB (=33554432) (custom)
2022-12-08 07:06:40,869 [Listener at 127.0.0.1/34989] INFO  server.RaftServerConfigKeys (ConfUtils.java:logGet(46)) - raft.server.log.appender.buffer.byte-limit = 33554432 (custom)
2022-12-08 07:06:40,869 [Listener at 127.0.0.1/34989] INFO  server.GrpcService (ConfUtils.java:logGet(46)) - raft.grpc.flow.control.window = 5MB (=5242880) (custom)
2022-12-08 07:06:40,870 [Listener at 127.0.0.1/34989] INFO  server.RaftServerConfigKeys (ConfUtils.java:logGet(46)) - raft.server.rpc.request.timeout = 60s (custom)
2022-12-08 07:06:40,870 [Listener at 127.0.0.1/34989] INFO  grpc.GrpcConfigKeys (ConfUtils.java:logGet(46)) - raft.grpc.server.heartbeat.channel = true (default)
2022-12-08 07:06:40,870 [Listener at 127.0.0.1/34989] INFO  grpc.GrpcConfigKeys (ConfUtils.java:logGet(46)) - raft.grpc.server.async.request.thread.pool.cached = true (default)
2022-12-08 07:06:40,870 [Listener at 127.0.0.1/34989] INFO  grpc.GrpcConfigKeys (ConfUtils.java:logGet(46)) - raft.grpc.server.async.request.thread.pool.size = 32 (default)
2022-12-08 07:06:40,871 [Listener at 127.0.0.1/34989] INFO  impl.DataStreamServerImpl (ConfUtils.java:logGet(46)) - raft.datastream.type = DISABLED (default)
2022-12-08 07:06:40,871 [Listener at 127.0.0.1/34989] INFO  server.RaftServerConfigKeys (ConfUtils.java:logGet(46)) - raft.server.threadpool.proxy.cached = true (default)
2022-12-08 07:06:40,872 [Listener at 127.0.0.1/34989] INFO  server.RaftServerConfigKeys (ConfUtils.java:logGet(46)) - raft.server.threadpool.proxy.size = 0 (default)
2022-12-08 07:06:40,872 [Listener at 127.0.0.1/34989] INFO  server.RaftServerConfigKeys (ConfUtils.java:logGet(46)) - raft.server.rpc.slowness.timeout = 300s (custom)
2022-12-08 07:06:40,872 [Listener at 127.0.0.1/34989] INFO  server.RaftServerConfigKeys (ConfUtils.java:logGet(46)) - raft.server.leaderelection.leader.step-down.wait-time = 10s (default)
2022-12-08 07:06:40,872 [Listener at 127.0.0.1/34989] INFO  server.RaftServerConfigKeys (ConfUtils.java:logGet(46)) - raft.server.storage.dir = [/home/runner/work/ozone/ozone/hadoop-ozone/integration-test/target/test-dir/MiniOzoneClusterImpl-5577f57c-d0b5-4d08-87ca-01558171f144/datanode-0/data/ratis] (custom)
2022-12-08 07:06:40,874 [Listener at 127.0.0.1/34989] INFO  server.XceiverServerGrpc (XceiverServerGrpc.java:<init>(132)) - GrpcServer channel type EpollServerSocketChannel
2022-12-08 07:06:40,877 [Listener at 127.0.0.1/34989] INFO  http.BaseHttpServer (BaseHttpServer.java:newHttpServer2BuilderForOzone(213)) - Starting Web-server for hddsDatanode at: http://0.0.0.0:0
2022-12-08 07:06:40,877 [Listener at 127.0.0.1/34989] INFO  http.BaseHttpServer (BaseHttpServer.java:<init>(108)) - Hadoop Security Enabled: false Ozone Security Enabled: false Ozone HTTP Security Enabled: false 
2022-12-08 07:06:40,878 [Listener at 127.0.0.1/34989] WARN  server.AuthenticationFilter (AuthenticationFilter.java:constructSecretProvider(240)) - Unable to initialize FileSignerSecretProvider, falling back to use random secrets. Reason: Could not read signature secret file: /home/runner/hadoop-http-auth-signature-secret
2022-12-08 07:06:40,879 [Listener at 127.0.0.1/34989] WARN  http.HttpRequestLog (HttpRequestLog.java:getRequestLog(103)) - Jetty request log can only be enabled using Log4j
2022-12-08 07:06:40,881 [Listener at 127.0.0.1/34989] INFO  http.HttpServer2 (HttpServer2.java:addGlobalFilter(1031)) - Added global filter 'safety' (class=org.apache.hadoop.hdds.server.http.HttpServer2$QuotingInputFilter)
2022-12-08 07:06:40,881 [Listener at 127.0.0.1/34989] INFO  http.HttpServer2 (HttpServer2.java:addFilter(1007)) - Added filter static_user_filter (class=org.apache.hadoop.http.lib.StaticUserWebFilter$StaticUserFilter) to context hddsDatanode
2022-12-08 07:06:40,881 [Listener at 127.0.0.1/34989] INFO  http.HttpServer2 (HttpServer2.java:addFilter(1015)) - Added filter static_user_filter (class=org.apache.hadoop.http.lib.StaticUserWebFilter$StaticUserFilter) to context logs
2022-12-08 07:06:40,881 [Listener at 127.0.0.1/34989] INFO  http.HttpServer2 (HttpServer2.java:addFilter(1015)) - Added filter static_user_filter (class=org.apache.hadoop.http.lib.StaticUserWebFilter$StaticUserFilter) to context static
2022-12-08 07:06:40,882 [Listener at 127.0.0.1/34989] INFO  http.HttpServer2 (HttpServer2.java:bindListener(1250)) - Jetty bound to port 45403
2022-12-08 07:06:40,882 [Listener at 127.0.0.1/34989] INFO  server.Server (Server.java:doStart(375)) - jetty-9.4.49.v20220914; built: 2022-09-14T01:07:36.601Z; git: 4231a3b2e4cb8548a412a789936d640a97b1aa0a; jvm 1.8.0_352-b08
2022-12-08 07:06:40,889 [Listener at 127.0.0.1/34989] INFO  server.session (DefaultSessionIdManager.java:doStart(334)) - DefaultSessionIdManager workerName=node0
2022-12-08 07:06:40,889 [Listener at 127.0.0.1/34989] INFO  server.session (DefaultSessionIdManager.java:doStart(339)) - No SessionScavenger set, using defaults
2022-12-08 07:06:40,889 [Listener at 127.0.0.1/34989] INFO  server.session (HouseKeeper.java:startScavenging(132)) - node0 Scavenging every 600000ms
2022-12-08 07:06:40,890 [Listener at 127.0.0.1/34989] INFO  handler.ContextHandler (ContextHandler.java:doStart(921)) - Started o.e.j.s.ServletContextHandler@2af2f967{logs,/logs,file:///home/runner/work/ozone/ozone/hadoop-ozone/integration-test/target/log,AVAILABLE}
2022-12-08 07:06:40,890 [Listener at 127.0.0.1/34989] INFO  handler.ContextHandler (ContextHandler.java:doStart(921)) - Started o.e.j.s.ServletContextHandler@5eb6e74d{static,/static,jar:file:/home/runner/.m2/repository/org/apache/ozone/hdds-container-service/1.3.0-SNAPSHOT/hdds-container-service-1.3.0-SNAPSHOT.jar!/webapps/static,AVAILABLE}
2022-12-08 07:06:41,037 [a499b9c9-aca9-4e4e-999f-20c6bef7822c@group-E12071DA0D5F-FollowerState] INFO  impl.FollowerState (FollowerState.java:run(143)) - a499b9c9-aca9-4e4e-999f-20c6bef7822c@group-E12071DA0D5F-FollowerState: change to CANDIDATE, lastRpcElapsedTime:5054827505ns, electionTimeout:5050ms
2022-12-08 07:06:41,038 [a499b9c9-aca9-4e4e-999f-20c6bef7822c@group-E12071DA0D5F-FollowerState] INFO  impl.RoleInfo (RoleInfo.java:shutdownFollowerState(110)) - a499b9c9-aca9-4e4e-999f-20c6bef7822c: shutdown a499b9c9-aca9-4e4e-999f-20c6bef7822c@group-E12071DA0D5F-FollowerState
2022-12-08 07:06:41,038 [a499b9c9-aca9-4e4e-999f-20c6bef7822c@group-E12071DA0D5F-FollowerState] INFO  server.RaftServer$Division (RaftServerImpl.java:setRole(321)) - a499b9c9-aca9-4e4e-999f-20c6bef7822c@group-E12071DA0D5F: changes role from  FOLLOWER to CANDIDATE at term 0 for changeToCandidate
2022-12-08 07:06:41,038 [a499b9c9-aca9-4e4e-999f-20c6bef7822c@group-E12071DA0D5F-FollowerState] INFO  server.RaftServerConfigKeys (ConfUtils.java:logGet(46)) - raft.server.leaderelection.pre-vote = false (custom)
2022-12-08 07:06:41,038 [a499b9c9-aca9-4e4e-999f-20c6bef7822c@group-E12071DA0D5F-FollowerState] INFO  impl.RoleInfo (RoleInfo.java:updateAndGet(139)) - a499b9c9-aca9-4e4e-999f-20c6bef7822c: start a499b9c9-aca9-4e4e-999f-20c6bef7822c@group-E12071DA0D5F-LeaderElection24
2022-12-08 07:06:41,051 [a499b9c9-aca9-4e4e-999f-20c6bef7822c@group-E12071DA0D5F-LeaderElection24] INFO  impl.LeaderElection (LeaderElection.java:askForVotes(312)) - a499b9c9-aca9-4e4e-999f-20c6bef7822c@group-E12071DA0D5F-LeaderElection24 ELECTION round 0: submit vote requests at term 1 for -1: peers:[a499b9c9-aca9-4e4e-999f-20c6bef7822c|rpc:10.1.0.14:34881|priority:1|startupRole:FOLLOWER]|listeners:[], old=null
2022-12-08 07:06:41,051 [a499b9c9-aca9-4e4e-999f-20c6bef7822c@group-E12071DA0D5F-LeaderElection24] INFO  impl.LeaderElection (LeaderElection.java:askForVotes(314)) - a499b9c9-aca9-4e4e-999f-20c6bef7822c@group-E12071DA0D5F-LeaderElection24 ELECTION round 0: result PASSED (term=1)
2022-12-08 07:06:41,052 [a499b9c9-aca9-4e4e-999f-20c6bef7822c@group-E12071DA0D5F-LeaderElection24] INFO  impl.RoleInfo (RoleInfo.java:shutdownLeaderElection(130)) - a499b9c9-aca9-4e4e-999f-20c6bef7822c: shutdown a499b9c9-aca9-4e4e-999f-20c6bef7822c@group-E12071DA0D5F-LeaderElection24
2022-12-08 07:06:41,052 [a499b9c9-aca9-4e4e-999f-20c6bef7822c@group-E12071DA0D5F-LeaderElection24] INFO  server.RaftServer$Division (RaftServerImpl.java:setRole(321)) - a499b9c9-aca9-4e4e-999f-20c6bef7822c@group-E12071DA0D5F: changes role from CANDIDATE to LEADER at term 1 for changeToLeader
2022-12-08 07:06:41,052 [a499b9c9-aca9-4e4e-999f-20c6bef7822c@group-E12071DA0D5F-LeaderElection24] INFO  ratis.XceiverServerRatis (XceiverServerRatis.java:handleLeaderChangedNotification(863)) - Leader change notification received for group: group-E12071DA0D5F with new leaderId: a499b9c9-aca9-4e4e-999f-20c6bef7822c
2022-12-08 07:06:41,052 [a499b9c9-aca9-4e4e-999f-20c6bef7822c@group-E12071DA0D5F-LeaderElection24] INFO  server.RaftServer$Division (ServerState.java:setLeader(313)) - a499b9c9-aca9-4e4e-999f-20c6bef7822c@group-E12071DA0D5F: change Leader from null to a499b9c9-aca9-4e4e-999f-20c6bef7822c at term 1 for becomeLeader, leader elected after 5101ms
2022-12-08 07:06:41,053 [a499b9c9-aca9-4e4e-999f-20c6bef7822c@group-E12071DA0D5F-LeaderElection24] INFO  server.RaftServerConfigKeys (ConfUtils.java:logGet(46)) - raft.server.staging.catchup.gap = 1000 (default)
2022-12-08 07:06:41,055 [EventQueue-CommandQueueReportForCommandQueueReportHandler] WARN  events.EventQueue (EventQueue.java:fireEvent(216)) - No event handler registered for event TypedEvent{payloadType=DatanodeDetails, name='Datanode_Command_Queue_Updated'}
2022-12-08 07:06:41,055 [a499b9c9-aca9-4e4e-999f-20c6bef7822c@group-E12071DA0D5F-LeaderElection24] INFO  server.RaftServerConfigKeys (ConfUtils.java:logGet(46)) - raft.server.write.element-limit = 1024 (custom)
2022-12-08 07:06:41,055 [a499b9c9-aca9-4e4e-999f-20c6bef7822c@group-E12071DA0D5F-LeaderElection24] INFO  server.RaftServerConfigKeys (ConfUtils.java:logGet(46)) - raft.server.write.byte-limit = 1024 M (=1073741824) (custom)
2022-12-08 07:06:41,056 [a499b9c9-aca9-4e4e-999f-20c6bef7822c@group-E12071DA0D5F-LeaderElection24] INFO  server.RaftServerConfigKeys (ConfUtils.java:logGet(46)) - raft.server.watch.timeout = 180s (custom)
2022-12-08 07:06:41,056 [a499b9c9-aca9-4e4e-999f-20c6bef7822c@group-E12071DA0D5F-LeaderElection24] INFO  server.RaftServerConfigKeys (ConfUtils.java:logGet(46)) - raft.server.watch.timeout.denomination = 1s (default)
2022-12-08 07:06:41,056 [a499b9c9-aca9-4e4e-999f-20c6bef7822c@group-E12071DA0D5F-LeaderElection24] INFO  server.RaftServerConfigKeys (ConfUtils.java:logGet(46)) - raft.server.watch.element-limit = 65536 (default)
2022-12-08 07:06:41,056 [a499b9c9-aca9-4e4e-999f-20c6bef7822c@group-E12071DA0D5F-LeaderElection24] INFO  server.RaftServerConfigKeys (ConfUtils.java:logGet(46)) - raft.server.write.element-limit = 1024 (custom)
2022-12-08 07:06:41,056 [a499b9c9-aca9-4e4e-999f-20c6bef7822c@group-E12071DA0D5F-LeaderElection24] INFO  server.RaftServerConfigKeys (ConfUtils.java:logGet(46)) - raft.server.write.follower.gap.ratio.max = -1.0 (default)
2022-12-08 07:06:41,058 [a499b9c9-aca9-4e4e-999f-20c6bef7822c@group-E12071DA0D5F-LeaderElection24] INFO  impl.RoleInfo (RoleInfo.java:updateAndGet(139)) - a499b9c9-aca9-4e4e-999f-20c6bef7822c: start a499b9c9-aca9-4e4e-999f-20c6bef7822c@group-E12071DA0D5F-LeaderStateImpl
2022-12-08 07:06:41,059 [a499b9c9-aca9-4e4e-999f-20c6bef7822c@group-E12071DA0D5F-LeaderElection24] INFO  segmented.SegmentedRaftLogWorker (SegmentedRaftLogWorker.java:startLogSegment(452)) - a499b9c9-aca9-4e4e-999f-20c6bef7822c@group-E12071DA0D5F-SegmentedRaftLogWorker: Starting segment from index:0
2022-12-08 07:06:41,069 [a499b9c9-aca9-4e4e-999f-20c6bef7822c@group-E12071DA0D5F-LeaderElection24] INFO  server.RaftServer$Division (ServerState.java:setRaftConf(430)) - a499b9c9-aca9-4e4e-999f-20c6bef7822c@group-E12071DA0D5F: set configuration 0: peers:[a499b9c9-aca9-4e4e-999f-20c6bef7822c|rpc:10.1.0.14:34881|dataStream:|priority:1|startupRole:FOLLOWER]|listeners:[], old=null
2022-12-08 07:06:41,070 [a499b9c9-aca9-4e4e-999f-20c6bef7822c@group-E12071DA0D5F-SegmentedRaftLogWorker] INFO  segmented.SegmentedRaftLogWorker (SegmentedRaftLogWorker.java:execute(656)) - a499b9c9-aca9-4e4e-999f-20c6bef7822c@group-E12071DA0D5F-SegmentedRaftLogWorker: created new log segment /home/runner/work/ozone/ozone/hadoop-ozone/integration-test/target/test-dir/MiniOzoneClusterImpl-510a2802-165a-4ebd-9ade-f7b35b2c34f6/datanode-4/data/ratis/1a27c42b-a4ce-47ae-ac3f-e12071da0d5f/current/log_inprogress_0
2022-12-08 07:06:41,094 [EventQueue-CommandQueueReportForCommandQueueReportHandler] WARN  events.EventQueue (EventQueue.java:fireEvent(216)) - No event handler registered for event TypedEvent{payloadType=DatanodeDetails, name='Datanode_Command_Queue_Updated'}
2022-12-08 07:06:41,094 [Under Replicated Processor] INFO  replication.UnderReplicatedProcessor (UnderReplicatedProcessor.java:processAll(79)) - Processed 0 under replicated containers, failed processing 0
2022-12-08 07:06:41,094 [Over Replicated Processor] INFO  replication.OverReplicatedProcessor (OverReplicatedProcessor.java:processAll(79)) - Processed 0 over replicated containers, failed processing 0
2022-12-08 07:06:41,095 [ReplicationMonitor] INFO  replication.ReplicationManager (ReplicationManager.java:processAll(356)) - Replication Monitor Thread took 0 milliseconds for processing 0 containers.
2022-12-08 07:06:41,097 [EventQueue-CommandQueueReportForCommandQueueReportHandler] WARN  events.EventQueue (EventQueue.java:fireEvent(216)) - No event handler registered for event TypedEvent{payloadType=DatanodeDetails, name='Datanode_Command_Queue_Updated'}
2022-12-08 07:06:41,099 [Under Replicated Processor] INFO  replication.UnderReplicatedProcessor (UnderReplicatedProcessor.java:processAll(79)) - Processed 0 under replicated containers, failed processing 0
2022-12-08 07:06:41,102 [ReplicationMonitor] INFO  replication.ReplicationManager (ReplicationManager.java:processAll(356)) - Replication Monitor Thread took 0 milliseconds for processing 8 containers.
2022-12-08 07:06:41,173 [Listener at 127.0.0.1/34989] INFO  handler.ContextHandler (ContextHandler.java:doStart(921)) - Started o.e.j.w.WebAppContext@7f1b3b2c{hddsDatanode,/,file:///tmp/jetty-0_0_0_0-45403-hdds-container-service-1_3_0-SNAPSHOT_jar-_-any-1497362259636204241/webapp/,AVAILABLE}{jar:file:/home/runner/.m2/repository/org/apache/ozone/hdds-container-service/1.3.0-SNAPSHOT/hdds-container-service-1.3.0-SNAPSHOT.jar!/webapps/hddsDatanode}
2022-12-08 07:06:41,177 [Listener at 127.0.0.1/34989] INFO  server.AbstractConnector (AbstractConnector.java:doStart(333)) - Started ServerConnector@434077e4{HTTP/1.1, (http/1.1)}{0.0.0.0:45403}
2022-12-08 07:06:41,177 [Listener at 127.0.0.1/34989] INFO  server.Server (Server.java:doStart(415)) - Started @46641ms
2022-12-08 07:06:41,177 [Listener at 127.0.0.1/34989] WARN  impl.MetricsSystemImpl (MetricsSystemImpl.java:register(279)) - Sink prometheus already exists!
2022-12-08 07:06:41,178 [Listener at 127.0.0.1/34989] INFO  http.BaseHttpServer (BaseHttpServer.java:updateConnectorAddress(333)) - HTTP server of hddsDatanode listening at http://0.0.0.0:45403
2022-12-08 07:06:41,178 [Listener at 127.0.0.1/34989] WARN  impl.MetricRegistriesImpl (MetricRegistriesImpl.java:addReporterRegistration(111)) - New reporters are added after registries were created. Some metrics will be missing from the reporter. Please add reporter before adding any new registry.
2022-12-08 07:06:41,179 [Listener at 127.0.0.1/34989] WARN  impl.MetricRegistriesImpl (MetricRegistriesImpl.java:addReporterRegistration(111)) - New reporters are added after registries were created. Some metrics will be missing from the reporter. Please add reporter before adding any new registry.
2022-12-08 07:06:41,179 [Listener at 127.0.0.1/34989] INFO  impl.MetricsSystemImpl (MetricsSystemImpl.java:init(158)) - HddsDatanode metrics system started (again)
2022-12-08 07:06:41,182 [Datanode State Machine Daemon Thread] INFO  statemachine.DatanodeStateMachine (DatanodeStateMachine.java:lambda$startDaemon$0(505)) - Ozone container server started.
2022-12-08 07:06:41,203 [Listener at 127.0.0.1/34989] INFO  ozone.HddsDatanodeService (HddsDatanodeService.java:start(236)) - HddsDatanodeService host:fv-az165-805.wtg55dazuvhetdvd2gpth4ys5d.dx.internal.cloudapp.net ip:10.1.0.14
2022-12-08 07:06:41,204 [org.apache.hadoop.util.JvmPauseMonitor$Monitor@6fde8b51] INFO  util.JvmPauseMonitor (JvmPauseMonitor.java:run(188)) - Starting JVM pause monitor
2022-12-08 07:06:41,211 [Datanode State Machine Task Thread - 0] INFO  datanode.InitDatanodeState (InitDatanodeState.java:persistContainerDatanodeDetails(138)) - DatanodeDetails is persisted to /home/runner/work/ozone/ozone/hadoop-ozone/integration-test/target/test-dir/MiniOzoneClusterImpl-5577f57c-d0b5-4d08-87ca-01558171f144/datanode-0/meta/datanode.id
2022-12-08 07:06:41,229 [EventQueue-CommandQueueReportForCommandQueueReportHandler] WARN  events.EventQueue (EventQueue.java:fireEvent(216)) - No event handler registered for event TypedEvent{payloadType=DatanodeDetails, name='Datanode_Command_Queue_Updated'}
2022-12-08 07:06:41,248 [Listener at 127.0.0.1/34989] INFO  upgrade.AbstractLayoutVersionManager (AbstractLayoutVersionManager.java:init(83)) - Initializing Layout version manager with metadata layout = DATANODE_SCHEMA_V3 (version = 4), software layout = DATANODE_SCHEMA_V3 (version = 4)
2022-12-08 07:06:41,264 [Over Replicated Processor] INFO  replication.OverReplicatedProcessor (OverReplicatedProcessor.java:processAll(79)) - Processed 0 over replicated containers, failed processing 0
2022-12-08 07:06:41,307 [EventQueue-CommandQueueReportForCommandQueueReportHandler] WARN  events.EventQueue (EventQueue.java:fireEvent(216)) - No event handler registered for event TypedEvent{payloadType=DatanodeDetails, name='Datanode_Command_Queue_Updated'}
2022-12-08 07:06:41,313 [Listener at 127.0.0.1/34989] INFO  reflections.Reflections (Reflections.java:scan(232)) - Reflections took 63 ms to scan 7 urls, producing 140 keys and 342 values 
2022-12-08 07:06:41,315 [Listener at 127.0.0.1/34989] INFO  statemachine.DatanodeStateMachine (DatanodeStateMachine.java:getEndPointTaskThreadPoolSize(245)) - Datanode State Machine Task Thread Pool size 2
2022-12-08 07:06:41,317 [Listener at 127.0.0.1/34989] INFO  volume.HddsVolume (HddsVolume.java:<init>(117)) - Creating HddsVolume: /home/runner/work/ozone/ozone/hadoop-ozone/integration-test/target/test-dir/MiniOzoneClusterImpl-5577f57c-d0b5-4d08-87ca-01558171f144/datanode-1/data-0/containers/hdds of storage type : DISK capacity : 9223372036854775807
2022-12-08 07:06:41,317 [Listener at 127.0.0.1/34989] INFO  volume.MutableVolumeSet (MutableVolumeSet.java:initializeVolumeSet(174)) - Added Volume : /home/runner/work/ozone/ozone/hadoop-ozone/integration-test/target/test-dir/MiniOzoneClusterImpl-5577f57c-d0b5-4d08-87ca-01558171f144/datanode-1/data-0/containers/hdds to VolumeSet
2022-12-08 07:06:41,317 [Listener at 127.0.0.1/34989] INFO  volume.ThrottledAsyncChecker (ThrottledAsyncChecker.java:schedule(141)) - Scheduling a check for /home/runner/work/ozone/ozone/hadoop-ozone/integration-test/target/test-dir/MiniOzoneClusterImpl-5577f57c-d0b5-4d08-87ca-01558171f144/datanode-1/data-0/containers/hdds
2022-12-08 07:06:41,322 [Listener at 127.0.0.1/34989] INFO  volume.StorageVolumeChecker (StorageVolumeChecker.java:checkAllVolumes(202)) - Scheduled health check for volume /home/runner/work/ozone/ozone/hadoop-ozone/integration-test/target/test-dir/MiniOzoneClusterImpl-5577f57c-d0b5-4d08-87ca-01558171f144/datanode-1/data-0/containers/hdds
2022-12-08 07:06:41,341 [Listener at 127.0.0.1/34989] INFO  volume.MutableVolumeSet (MutableVolumeSet.java:initializeVolumeSet(174)) - Added Volume : /home/runner/work/ozone/ozone/hadoop-ozone/integration-test/target/test-dir/MiniOzoneClusterImpl-5577f57c-d0b5-4d08-87ca-01558171f144/datanode-1/data/ratis to VolumeSet
2022-12-08 07:06:41,341 [Listener at 127.0.0.1/34989] INFO  volume.ThrottledAsyncChecker (ThrottledAsyncChecker.java:schedule(141)) - Scheduling a check for /home/runner/work/ozone/ozone/hadoop-ozone/integration-test/target/test-dir/MiniOzoneClusterImpl-5577f57c-d0b5-4d08-87ca-01558171f144/datanode-1/data/ratis
2022-12-08 07:06:41,341 [Listener at 127.0.0.1/34989] INFO  volume.StorageVolumeChecker (StorageVolumeChecker.java:checkAllVolumes(202)) - Scheduled health check for volume /home/runner/work/ozone/ozone/hadoop-ozone/integration-test/target/test-dir/MiniOzoneClusterImpl-5577f57c-d0b5-4d08-87ca-01558171f144/datanode-1/data/ratis
2022-12-08 07:06:41,376 [Thread-876] INFO  ozoneimpl.ContainerReader (ContainerReader.java:readVolume(175)) - Finish verifying containers on volume /home/runner/work/ozone/ozone/hadoop-ozone/integration-test/target/test-dir/MiniOzoneClusterImpl-5577f57c-d0b5-4d08-87ca-01558171f144/datanode-1/data-0/containers/hdds
2022-12-08 07:06:41,376 [Listener at 127.0.0.1/34989] INFO  ozoneimpl.OzoneContainer (OzoneContainer.java:buildContainerSet(301)) - Build ContainerSet costs 0s
2022-12-08 07:06:41,380 [Listener at 127.0.0.1/34989] INFO  server.RaftServer (ConfUtils.java:logGet(46)) - raft.rpc.type = GRPC (default)
2022-12-08 07:06:41,380 [Listener at 127.0.0.1/34989] INFO  grpc.GrpcConfigKeys (ConfUtils.java:logFallback(53)) - raft.grpc.admin.host = null (fallback to raft.grpc.server.host)
2022-12-08 07:06:41,380 [Listener at 127.0.0.1/34989] INFO  grpc.GrpcConfigKeys (ConfUtils.java:logGet(46)) - raft.grpc.admin.port = 0 (custom)
2022-12-08 07:06:41,381 [Listener at 127.0.0.1/34989] INFO  grpc.GrpcConfigKeys (ConfUtils.java:logFallback(53)) - raft.grpc.client.host = null (fallback to raft.grpc.server.host)
2022-12-08 07:06:41,381 [Listener at 127.0.0.1/34989] INFO  grpc.GrpcConfigKeys (ConfUtils.java:logGet(46)) - raft.grpc.client.port = 0 (custom)
2022-12-08 07:06:41,381 [Listener at 127.0.0.1/34989] INFO  grpc.GrpcConfigKeys (ConfUtils.java:logGet(46)) - raft.grpc.server.host = null (default)
2022-12-08 07:06:41,381 [Listener at 127.0.0.1/34989] INFO  grpc.GrpcConfigKeys (ConfUtils.java:logGet(46)) - raft.grpc.server.port = 0 (default)
2022-12-08 07:06:41,381 [Listener at 127.0.0.1/34989] INFO  server.GrpcService (ConfUtils.java:logGet(46)) - raft.grpc.message.size.max = 32MB (=33554432) (custom)
2022-12-08 07:06:41,381 [Listener at 127.0.0.1/34989] INFO  server.RaftServerConfigKeys (ConfUtils.java:logGet(46)) - raft.server.log.appender.buffer.byte-limit = 33554432 (custom)
2022-12-08 07:06:41,381 [Listener at 127.0.0.1/34989] INFO  server.GrpcService (ConfUtils.java:logGet(46)) - raft.grpc.flow.control.window = 5MB (=5242880) (custom)
2022-12-08 07:06:41,381 [Listener at 127.0.0.1/34989] INFO  server.RaftServerConfigKeys (ConfUtils.java:logGet(46)) - raft.server.rpc.request.timeout = 60s (custom)
2022-12-08 07:06:41,381 [Listener at 127.0.0.1/34989] INFO  grpc.GrpcConfigKeys (ConfUtils.java:logGet(46)) - raft.grpc.server.heartbeat.channel = true (default)
2022-12-08 07:06:41,381 [Listener at 127.0.0.1/34989] INFO  grpc.GrpcConfigKeys (ConfUtils.java:logGet(46)) - raft.grpc.server.async.request.thread.pool.cached = true (default)
2022-12-08 07:06:41,382 [Listener at 127.0.0.1/34989] INFO  grpc.GrpcConfigKeys (ConfUtils.java:logGet(46)) - raft.grpc.server.async.request.thread.pool.size = 32 (default)
2022-12-08 07:06:41,383 [EventQueue-CommandQueueReportForCommandQueueReportHandler] WARN  events.EventQueue (EventQueue.java:fireEvent(216)) - No event handler registered for event TypedEvent{payloadType=DatanodeDetails, name='Datanode_Command_Queue_Updated'}
2022-12-08 07:06:41,384 [Listener at 127.0.0.1/34989] INFO  impl.DataStreamServerImpl (ConfUtils.java:logGet(46)) - raft.datastream.type = DISABLED (default)
2022-12-08 07:06:41,384 [Listener at 127.0.0.1/34989] INFO  server.RaftServerConfigKeys (ConfUtils.java:logGet(46)) - raft.server.threadpool.proxy.cached = true (default)
2022-12-08 07:06:41,384 [Listener at 127.0.0.1/34989] INFO  server.RaftServerConfigKeys (ConfUtils.java:logGet(46)) - raft.server.threadpool.proxy.size = 0 (default)
2022-12-08 07:06:41,384 [Listener at 127.0.0.1/34989] INFO  server.RaftServerConfigKeys (ConfUtils.java:logGet(46)) - raft.server.rpc.slowness.timeout = 300s (custom)
2022-12-08 07:06:41,384 [Listener at 127.0.0.1/34989] INFO  server.RaftServerConfigKeys (ConfUtils.java:logGet(46)) - raft.server.leaderelection.leader.step-down.wait-time = 10s (default)
2022-12-08 07:06:41,384 [Listener at 127.0.0.1/34989] INFO  server.RaftServerConfigKeys (ConfUtils.java:logGet(46)) - raft.server.storage.dir = [/home/runner/work/ozone/ozone/hadoop-ozone/integration-test/target/test-dir/MiniOzoneClusterImpl-5577f57c-d0b5-4d08-87ca-01558171f144/datanode-1/data/ratis] (custom)
2022-12-08 07:06:41,389 [Listener at 127.0.0.1/34989] INFO  server.XceiverServerGrpc (XceiverServerGrpc.java:<init>(132)) - GrpcServer channel type EpollServerSocketChannel
2022-12-08 07:06:41,392 [EventQueue-CommandQueueReportForCommandQueueReportHandler] WARN  events.EventQueue (EventQueue.java:fireEvent(216)) - No event handler registered for event TypedEvent{payloadType=DatanodeDetails, name='Datanode_Command_Queue_Updated'}
2022-12-08 07:06:41,397 [Listener at 127.0.0.1/34989] INFO  http.BaseHttpServer (BaseHttpServer.java:newHttpServer2BuilderForOzone(213)) - Starting Web-server for hddsDatanode at: http://0.0.0.0:0
2022-12-08 07:06:41,397 [Listener at 127.0.0.1/34989] INFO  http.BaseHttpServer (BaseHttpServer.java:<init>(108)) - Hadoop Security Enabled: false Ozone Security Enabled: false Ozone HTTP Security Enabled: false 
2022-12-08 07:06:41,398 [Listener at 127.0.0.1/34989] WARN  server.AuthenticationFilter (AuthenticationFilter.java:constructSecretProvider(240)) - Unable to initialize FileSignerSecretProvider, falling back to use random secrets. Reason: Could not read signature secret file: /home/runner/hadoop-http-auth-signature-secret
2022-12-08 07:06:41,400 [Listener at 127.0.0.1/34989] WARN  http.HttpRequestLog (HttpRequestLog.java:getRequestLog(103)) - Jetty request log can only be enabled using Log4j
2022-12-08 07:06:41,402 [Listener at 127.0.0.1/34989] INFO  http.HttpServer2 (HttpServer2.java:addGlobalFilter(1031)) - Added global filter 'safety' (class=org.apache.hadoop.hdds.server.http.HttpServer2$QuotingInputFilter)
2022-12-08 07:06:41,402 [Listener at 127.0.0.1/34989] INFO  http.HttpServer2 (HttpServer2.java:addFilter(1007)) - Added filter static_user_filter (class=org.apache.hadoop.http.lib.StaticUserWebFilter$StaticUserFilter) to context hddsDatanode
2022-12-08 07:06:41,402 [Listener at 127.0.0.1/34989] INFO  http.HttpServer2 (HttpServer2.java:addFilter(1015)) - Added filter static_user_filter (class=org.apache.hadoop.http.lib.StaticUserWebFilter$StaticUserFilter) to context logs
2022-12-08 07:06:41,402 [Listener at 127.0.0.1/34989] INFO  http.HttpServer2 (HttpServer2.java:addFilter(1015)) - Added filter static_user_filter (class=org.apache.hadoop.http.lib.StaticUserWebFilter$StaticUserFilter) to context static
2022-12-08 07:06:41,403 [Listener at 127.0.0.1/34989] INFO  http.HttpServer2 (HttpServer2.java:bindListener(1250)) - Jetty bound to port 39751
2022-12-08 07:06:41,403 [Listener at 127.0.0.1/34989] INFO  server.Server (Server.java:doStart(375)) - jetty-9.4.49.v20220914; built: 2022-09-14T01:07:36.601Z; git: 4231a3b2e4cb8548a412a789936d640a97b1aa0a; jvm 1.8.0_352-b08
2022-12-08 07:06:41,406 [Listener at 127.0.0.1/34989] INFO  server.session (DefaultSessionIdManager.java:doStart(334)) - DefaultSessionIdManager workerName=node0
2022-12-08 07:06:41,406 [Listener at 127.0.0.1/34989] INFO  server.session (DefaultSessionIdManager.java:doStart(339)) - No SessionScavenger set, using defaults
2022-12-08 07:06:41,406 [Listener at 127.0.0.1/34989] INFO  server.session (HouseKeeper.java:startScavenging(132)) - node0 Scavenging every 660000ms
2022-12-08 07:06:41,407 [Listener at 127.0.0.1/34989] INFO  handler.ContextHandler (ContextHandler.java:doStart(921)) - Started o.e.j.s.ServletContextHandler@3110a11b{logs,/logs,file:///home/runner/work/ozone/ozone/hadoop-ozone/integration-test/target/log,AVAILABLE}
2022-12-08 07:06:41,407 [Listener at 127.0.0.1/34989] INFO  handler.ContextHandler (ContextHandler.java:doStart(921)) - Started o.e.j.s.ServletContextHandler@51659b0e{static,/static,jar:file:/home/runner/.m2/repository/org/apache/ozone/hdds-container-service/1.3.0-SNAPSHOT/hdds-container-service-1.3.0-SNAPSHOT.jar!/webapps/static,AVAILABLE}
2022-12-08 07:06:41,431 [EventQueue-CommandQueueReportForCommandQueueReportHandler] WARN  events.EventQueue (EventQueue.java:fireEvent(216)) - No event handler registered for event TypedEvent{payloadType=DatanodeDetails, name='Datanode_Command_Queue_Updated'}
2022-12-08 07:06:41,476 [EventQueue-CommandQueueReportForCommandQueueReportHandler] WARN  events.EventQueue (EventQueue.java:fireEvent(216)) - No event handler registered for event TypedEvent{payloadType=DatanodeDetails, name='Datanode_Command_Queue_Updated'}
2022-12-08 07:06:41,517 [EventQueue-CommandQueueReportForCommandQueueReportHandler] WARN  events.EventQueue (EventQueue.java:fireEvent(216)) - No event handler registered for event TypedEvent{payloadType=DatanodeDetails, name='Datanode_Command_Queue_Updated'}
2022-12-08 07:06:41,526 [EventQueue-CommandQueueReportForCommandQueueReportHandler] WARN  events.EventQueue (EventQueue.java:fireEvent(216)) - No event handler registered for event TypedEvent{payloadType=DatanodeDetails, name='Datanode_Command_Queue_Updated'}
2022-12-08 07:06:41,549 [EventQueue-CommandQueueReportForCommandQueueReportHandler] WARN  events.EventQueue (EventQueue.java:fireEvent(216)) - No event handler registered for event TypedEvent{payloadType=DatanodeDetails, name='Datanode_Command_Queue_Updated'}
2022-12-08 07:06:41,583 [EventQueue-CommandQueueReportForCommandQueueReportHandler] WARN  events.EventQueue (EventQueue.java:fireEvent(216)) - No event handler registered for event TypedEvent{payloadType=DatanodeDetails, name='Datanode_Command_Queue_Updated'}
2022-12-08 07:06:41,595 [om1@group-C5BA1605619E-FollowerState] INFO  impl.FollowerState (FollowerState.java:run(143)) - om1@group-C5BA1605619E-FollowerState: change to CANDIDATE, lastRpcElapsedTime:1161501110ns, electionTimeout:1143ms
2022-12-08 07:06:41,595 [om1@group-C5BA1605619E-FollowerState] INFO  impl.RoleInfo (RoleInfo.java:shutdownFollowerState(110)) - om1: shutdown om1@group-C5BA1605619E-FollowerState
2022-12-08 07:06:41,595 [om1@group-C5BA1605619E-FollowerState] INFO  server.RaftServer$Division (RaftServerImpl.java:setRole(321)) - om1@group-C5BA1605619E: changes role from  FOLLOWER to CANDIDATE at term 0 for changeToCandidate
2022-12-08 07:06:41,595 [om1@group-C5BA1605619E-FollowerState] INFO  server.RaftServerConfigKeys (ConfUtils.java:logGet(46)) - raft.server.leaderelection.pre-vote = false (custom)
2022-12-08 07:06:41,595 [om1@group-C5BA1605619E-FollowerState] INFO  impl.RoleInfo (RoleInfo.java:updateAndGet(139)) - om1: start om1@group-C5BA1605619E-LeaderElection25
2022-12-08 07:06:41,598 [ReplicationMonitor] INFO  replication.ReplicationManager (ReplicationManager.java:processAll(323)) - Replication Manager is not ready to run until 3000ms after safemode exit
2022-12-08 07:06:41,609 [om1@group-C5BA1605619E-LeaderElection25] INFO  impl.LeaderElection (LeaderElection.java:askForVotes(312)) - om1@group-C5BA1605619E-LeaderElection25 ELECTION round 0: submit vote requests at term 1 for -1: peers:[om1|rpc:localhost:45855|priority:0|startupRole:FOLLOWER]|listeners:[], old=null
2022-12-08 07:06:41,609 [om1@group-C5BA1605619E-LeaderElection25] INFO  impl.LeaderElection (LeaderElection.java:askForVotes(314)) - om1@group-C5BA1605619E-LeaderElection25 ELECTION round 0: result PASSED (term=1)
2022-12-08 07:06:41,610 [om1@group-C5BA1605619E-LeaderElection25] INFO  impl.RoleInfo (RoleInfo.java:shutdownLeaderElection(130)) - om1: shutdown om1@group-C5BA1605619E-LeaderElection25
2022-12-08 07:06:41,610 [om1@group-C5BA1605619E-LeaderElection25] INFO  server.RaftServer$Division (RaftServerImpl.java:setRole(321)) - om1@group-C5BA1605619E: changes role from CANDIDATE to LEADER at term 1 for changeToLeader
2022-12-08 07:06:41,610 [om1@group-C5BA1605619E-LeaderElection25] INFO  server.RaftServer$Division (ServerState.java:setLeader(313)) - om1@group-C5BA1605619E: change Leader from null to om1 at term 1 for becomeLeader, leader elected after 2358ms
2022-12-08 07:06:41,610 [om1@group-C5BA1605619E-LeaderElection25] INFO  server.RaftServerConfigKeys (ConfUtils.java:logGet(46)) - raft.server.staging.catchup.gap = 1000 (default)
2022-12-08 07:06:41,611 [om1@group-C5BA1605619E-LeaderElection25] INFO  server.RaftServerConfigKeys (ConfUtils.java:logGet(46)) - raft.server.write.element-limit = 4096 (default)
2022-12-08 07:06:41,611 [om1@group-C5BA1605619E-LeaderElection25] INFO  server.RaftServerConfigKeys (ConfUtils.java:logGet(46)) - raft.server.write.byte-limit = 64MB (=67108864) (default)
2022-12-08 07:06:41,611 [om1@group-C5BA1605619E-LeaderElection25] INFO  server.RaftServerConfigKeys (ConfUtils.java:logGet(46)) - raft.server.watch.timeout = 10s (default)
2022-12-08 07:06:41,611 [om1@group-C5BA1605619E-LeaderElection25] INFO  server.RaftServerConfigKeys (ConfUtils.java:logGet(46)) - raft.server.watch.timeout.denomination = 1s (default)
2022-12-08 07:06:41,611 [om1@group-C5BA1605619E-LeaderElection25] INFO  server.RaftServerConfigKeys (ConfUtils.java:logGet(46)) - raft.server.watch.element-limit = 65536 (default)
2022-12-08 07:06:41,612 [om1@group-C5BA1605619E-LeaderElection25] INFO  server.RaftServerConfigKeys (ConfUtils.java:logGet(46)) - raft.server.write.element-limit = 4096 (default)
2022-12-08 07:06:41,612 [om1@group-C5BA1605619E-LeaderElection25] INFO  server.RaftServerConfigKeys (ConfUtils.java:logGet(46)) - raft.server.write.follower.gap.ratio.max = -1.0 (default)
2022-12-08 07:06:41,612 [om1@group-C5BA1605619E-LeaderElection25] INFO  impl.RoleInfo (RoleInfo.java:updateAndGet(139)) - om1: start om1@group-C5BA1605619E-LeaderStateImpl
2022-12-08 07:06:41,613 [om1@group-C5BA1605619E-LeaderElection25] INFO  segmented.SegmentedRaftLogWorker (SegmentedRaftLogWorker.java:startLogSegment(452)) - om1@group-C5BA1605619E-SegmentedRaftLogWorker: Starting segment from index:0
2022-12-08 07:06:41,613 [om1@group-C5BA1605619E-LeaderElection25] INFO  server.RaftServer$Division (ServerState.java:setRaftConf(430)) - om1@group-C5BA1605619E: set configuration 0: peers:[om1|rpc:localhost:45855|admin:|client:|dataStream:|priority:0|startupRole:FOLLOWER]|listeners:[], old=null
2022-12-08 07:06:41,640 [om1@group-C5BA1605619E-SegmentedRaftLogWorker] INFO  segmented.SegmentedRaftLogWorker (SegmentedRaftLogWorker.java:execute(656)) - om1@group-C5BA1605619E-SegmentedRaftLogWorker: created new log segment /home/runner/work/ozone/ozone/hadoop-ozone/integration-test/target/test-dir/MiniOzoneClusterImpl-5577f57c-d0b5-4d08-87ca-01558171f144/ozone-meta/ratis/bf265839-605b-3f16-9796-c5ba1605619e/current/log_inprogress_0
2022-12-08 07:06:41,642 [om1@group-C5BA1605619E-StateMachineUpdater] INFO  ratis.OzoneManagerStateMachine (OzoneManagerStateMachine.java:notifyConfigurationChanged(192)) - Received Configuration change notification from Ratis. New Peer list:
[id: "om1"
address: "localhost:45855"
startupRole: FOLLOWER
]
2022-12-08 07:06:41,705 [Listener at 127.0.0.1/34989] INFO  handler.ContextHandler (ContextHandler.java:doStart(921)) - Started o.e.j.w.WebAppContext@78c41e5b{hddsDatanode,/,file:///tmp/jetty-0_0_0_0-39751-hdds-container-service-1_3_0-SNAPSHOT_jar-_-any-6559910423515997169/webapp/,AVAILABLE}{jar:file:/home/runner/.m2/repository/org/apache/ozone/hdds-container-service/1.3.0-SNAPSHOT/hdds-container-service-1.3.0-SNAPSHOT.jar!/webapps/hddsDatanode}
2022-12-08 07:06:41,709 [Listener at 127.0.0.1/34989] INFO  server.AbstractConnector (AbstractConnector.java:doStart(333)) - Started ServerConnector@59e21153{HTTP/1.1, (http/1.1)}{0.0.0.0:39751}
2022-12-08 07:06:41,710 [Listener at 127.0.0.1/34989] INFO  server.Server (Server.java:doStart(415)) - Started @47173ms
2022-12-08 07:06:41,710 [Listener at 127.0.0.1/34989] WARN  impl.MetricsSystemImpl (MetricsSystemImpl.java:register(279)) - Sink prometheus already exists!
2022-12-08 07:06:41,711 [Listener at 127.0.0.1/34989] INFO  http.BaseHttpServer (BaseHttpServer.java:updateConnectorAddress(333)) - HTTP server of hddsDatanode listening at http://0.0.0.0:39751
2022-12-08 07:06:41,714 [Listener at 127.0.0.1/34989] WARN  impl.MetricRegistriesImpl (MetricRegistriesImpl.java:addReporterRegistration(111)) - New reporters are added after registries were created. Some metrics will be missing from the reporter. Please add reporter before adding any new registry.
2022-12-08 07:06:41,715 [Listener at 127.0.0.1/34989] WARN  impl.MetricRegistriesImpl (MetricRegistriesImpl.java:addReporterRegistration(111)) - New reporters are added after registries were created. Some metrics will be missing from the reporter. Please add reporter before adding any new registry.
2022-12-08 07:06:41,715 [Listener at 127.0.0.1/34989] INFO  impl.MetricsSystemImpl (MetricsSystemImpl.java:init(158)) - HddsDatanode metrics system started (again)
2022-12-08 07:06:41,718 [Datanode State Machine Daemon Thread] INFO  statemachine.DatanodeStateMachine (DatanodeStateMachine.java:lambda$startDaemon$0(505)) - Ozone container server started.
2022-12-08 07:06:41,734 [Listener at 127.0.0.1/34989] INFO  ozone.HddsDatanodeService (HddsDatanodeService.java:start(236)) - HddsDatanodeService host:fv-az165-805.wtg55dazuvhetdvd2gpth4ys5d.dx.internal.cloudapp.net ip:10.1.0.14
2022-12-08 07:06:41,742 [org.apache.hadoop.util.JvmPauseMonitor$Monitor@71ce410a] INFO  util.JvmPauseMonitor (JvmPauseMonitor.java:run(188)) - Starting JVM pause monitor
2022-12-08 07:06:41,751 [Datanode State Machine Task Thread - 0] INFO  datanode.InitDatanodeState (InitDatanodeState.java:persistContainerDatanodeDetails(138)) - DatanodeDetails is persisted to /home/runner/work/ozone/ozone/hadoop-ozone/integration-test/target/test-dir/MiniOzoneClusterImpl-5577f57c-d0b5-4d08-87ca-01558171f144/datanode-1/meta/datanode.id
2022-12-08 07:06:41,777 [Listener at 127.0.0.1/34989] INFO  upgrade.AbstractLayoutVersionManager (AbstractLayoutVersionManager.java:init(83)) - Initializing Layout version manager with metadata layout = DATANODE_SCHEMA_V3 (version = 4), software layout = DATANODE_SCHEMA_V3 (version = 4)
2022-12-08 07:06:41,843 [Listener at 127.0.0.1/34989] INFO  reflections.Reflections (Reflections.java:scan(232)) - Reflections took 64 ms to scan 7 urls, producing 140 keys and 342 values 
2022-12-08 07:06:41,845 [Listener at 127.0.0.1/34989] INFO  statemachine.DatanodeStateMachine (DatanodeStateMachine.java:getEndPointTaskThreadPoolSize(245)) - Datanode State Machine Task Thread Pool size 2
2022-12-08 07:06:41,847 [Listener at 127.0.0.1/34989] INFO  volume.HddsVolume (HddsVolume.java:<init>(117)) - Creating HddsVolume: /home/runner/work/ozone/ozone/hadoop-ozone/integration-test/target/test-dir/MiniOzoneClusterImpl-5577f57c-d0b5-4d08-87ca-01558171f144/datanode-2/data-0/containers/hdds of storage type : DISK capacity : 9223372036854775807
2022-12-08 07:06:41,847 [Listener at 127.0.0.1/34989] INFO  volume.MutableVolumeSet (MutableVolumeSet.java:initializeVolumeSet(174)) - Added Volume : /home/runner/work/ozone/ozone/hadoop-ozone/integration-test/target/test-dir/MiniOzoneClusterImpl-5577f57c-d0b5-4d08-87ca-01558171f144/datanode-2/data-0/containers/hdds to VolumeSet
2022-12-08 07:06:41,848 [Listener at 127.0.0.1/34989] INFO  volume.ThrottledAsyncChecker (ThrottledAsyncChecker.java:schedule(141)) - Scheduling a check for /home/runner/work/ozone/ozone/hadoop-ozone/integration-test/target/test-dir/MiniOzoneClusterImpl-5577f57c-d0b5-4d08-87ca-01558171f144/datanode-2/data-0/containers/hdds
2022-12-08 07:06:41,854 [Listener at 127.0.0.1/34989] INFO  volume.StorageVolumeChecker (StorageVolumeChecker.java:checkAllVolumes(202)) - Scheduled health check for volume /home/runner/work/ozone/ozone/hadoop-ozone/integration-test/target/test-dir/MiniOzoneClusterImpl-5577f57c-d0b5-4d08-87ca-01558171f144/datanode-2/data-0/containers/hdds
2022-12-08 07:06:41,872 [Listener at 127.0.0.1/34989] INFO  volume.MutableVolumeSet (MutableVolumeSet.java:initializeVolumeSet(174)) - Added Volume : /home/runner/work/ozone/ozone/hadoop-ozone/integration-test/target/test-dir/MiniOzoneClusterImpl-5577f57c-d0b5-4d08-87ca-01558171f144/datanode-2/data/ratis to VolumeSet
2022-12-08 07:06:41,872 [Listener at 127.0.0.1/34989] INFO  volume.ThrottledAsyncChecker (ThrottledAsyncChecker.java:schedule(141)) - Scheduling a check for /home/runner/work/ozone/ozone/hadoop-ozone/integration-test/target/test-dir/MiniOzoneClusterImpl-5577f57c-d0b5-4d08-87ca-01558171f144/datanode-2/data/ratis
2022-12-08 07:06:41,872 [Listener at 127.0.0.1/34989] INFO  volume.StorageVolumeChecker (StorageVolumeChecker.java:checkAllVolumes(202)) - Scheduled health check for volume /home/runner/work/ozone/ozone/hadoop-ozone/integration-test/target/test-dir/MiniOzoneClusterImpl-5577f57c-d0b5-4d08-87ca-01558171f144/datanode-2/data/ratis
2022-12-08 07:06:41,887 [Thread-891] INFO  ozoneimpl.ContainerReader (ContainerReader.java:readVolume(175)) - Finish verifying containers on volume /home/runner/work/ozone/ozone/hadoop-ozone/integration-test/target/test-dir/MiniOzoneClusterImpl-5577f57c-d0b5-4d08-87ca-01558171f144/datanode-2/data-0/containers/hdds
2022-12-08 07:06:41,887 [Listener at 127.0.0.1/34989] INFO  ozoneimpl.OzoneContainer (OzoneContainer.java:buildContainerSet(301)) - Build ContainerSet costs 0s
2022-12-08 07:06:41,890 [Listener at 127.0.0.1/34989] INFO  server.RaftServer (ConfUtils.java:logGet(46)) - raft.rpc.type = GRPC (default)
2022-12-08 07:06:41,890 [Listener at 127.0.0.1/34989] INFO  grpc.GrpcConfigKeys (ConfUtils.java:logFallback(53)) - raft.grpc.admin.host = null (fallback to raft.grpc.server.host)
2022-12-08 07:06:41,890 [Listener at 127.0.0.1/34989] INFO  grpc.GrpcConfigKeys (ConfUtils.java:logGet(46)) - raft.grpc.admin.port = 0 (custom)
2022-12-08 07:06:41,890 [Listener at 127.0.0.1/34989] INFO  grpc.GrpcConfigKeys (ConfUtils.java:logFallback(53)) - raft.grpc.client.host = null (fallback to raft.grpc.server.host)
2022-12-08 07:06:41,890 [Listener at 127.0.0.1/34989] INFO  grpc.GrpcConfigKeys (ConfUtils.java:logGet(46)) - raft.grpc.client.port = 0 (custom)
2022-12-08 07:06:41,891 [Listener at 127.0.0.1/34989] INFO  grpc.GrpcConfigKeys (ConfUtils.java:logGet(46)) - raft.grpc.server.host = null (default)
2022-12-08 07:06:41,891 [Listener at 127.0.0.1/34989] INFO  grpc.GrpcConfigKeys (ConfUtils.java:logGet(46)) - raft.grpc.server.port = 0 (default)
2022-12-08 07:06:41,891 [Listener at 127.0.0.1/34989] INFO  server.GrpcService (ConfUtils.java:logGet(46)) - raft.grpc.message.size.max = 32MB (=33554432) (custom)
2022-12-08 07:06:41,891 [Listener at 127.0.0.1/34989] INFO  server.RaftServerConfigKeys (ConfUtils.java:logGet(46)) - raft.server.log.appender.buffer.byte-limit = 33554432 (custom)
2022-12-08 07:06:41,891 [Listener at 127.0.0.1/34989] INFO  server.GrpcService (ConfUtils.java:logGet(46)) - raft.grpc.flow.control.window = 5MB (=5242880) (custom)
2022-12-08 07:06:41,891 [Listener at 127.0.0.1/34989] INFO  server.RaftServerConfigKeys (ConfUtils.java:logGet(46)) - raft.server.rpc.request.timeout = 60s (custom)
2022-12-08 07:06:41,891 [Listener at 127.0.0.1/34989] INFO  grpc.GrpcConfigKeys (ConfUtils.java:logGet(46)) - raft.grpc.server.heartbeat.channel = true (default)
2022-12-08 07:06:41,892 [Listener at 127.0.0.1/34989] INFO  grpc.GrpcConfigKeys (ConfUtils.java:logGet(46)) - raft.grpc.server.async.request.thread.pool.cached = true (default)
2022-12-08 07:06:41,892 [Listener at 127.0.0.1/34989] INFO  grpc.GrpcConfigKeys (ConfUtils.java:logGet(46)) - raft.grpc.server.async.request.thread.pool.size = 32 (default)
2022-12-08 07:06:41,893 [Listener at 127.0.0.1/34989] INFO  impl.DataStreamServerImpl (ConfUtils.java:logGet(46)) - raft.datastream.type = DISABLED (default)
2022-12-08 07:06:41,893 [Listener at 127.0.0.1/34989] INFO  server.RaftServerConfigKeys (ConfUtils.java:logGet(46)) - raft.server.threadpool.proxy.cached = true (default)
2022-12-08 07:06:41,893 [Listener at 127.0.0.1/34989] INFO  server.RaftServerConfigKeys (ConfUtils.java:logGet(46)) - raft.server.threadpool.proxy.size = 0 (default)
2022-12-08 07:06:41,894 [Listener at 127.0.0.1/34989] INFO  server.RaftServerConfigKeys (ConfUtils.java:logGet(46)) - raft.server.rpc.slowness.timeout = 300s (custom)
2022-12-08 07:06:41,894 [Listener at 127.0.0.1/34989] INFO  server.RaftServerConfigKeys (ConfUtils.java:logGet(46)) - raft.server.leaderelection.leader.step-down.wait-time = 10s (default)
2022-12-08 07:06:41,894 [Listener at 127.0.0.1/34989] INFO  server.RaftServerConfigKeys (ConfUtils.java:logGet(46)) - raft.server.storage.dir = [/home/runner/work/ozone/ozone/hadoop-ozone/integration-test/target/test-dir/MiniOzoneClusterImpl-5577f57c-d0b5-4d08-87ca-01558171f144/datanode-2/data/ratis] (custom)
2022-12-08 07:06:41,897 [Listener at 127.0.0.1/34989] INFO  server.XceiverServerGrpc (XceiverServerGrpc.java:<init>(132)) - GrpcServer channel type EpollServerSocketChannel
2022-12-08 07:06:41,901 [Listener at 127.0.0.1/34989] INFO  http.BaseHttpServer (BaseHttpServer.java:newHttpServer2BuilderForOzone(213)) - Starting Web-server for hddsDatanode at: http://0.0.0.0:0
2022-12-08 07:06:41,901 [Listener at 127.0.0.1/34989] INFO  http.BaseHttpServer (BaseHttpServer.java:<init>(108)) - Hadoop Security Enabled: false Ozone Security Enabled: false Ozone HTTP Security Enabled: false 
2022-12-08 07:06:41,902 [Listener at 127.0.0.1/34989] WARN  server.AuthenticationFilter (AuthenticationFilter.java:constructSecretProvider(240)) - Unable to initialize FileSignerSecretProvider, falling back to use random secrets. Reason: Could not read signature secret file: /home/runner/hadoop-http-auth-signature-secret
2022-12-08 07:06:41,906 [Listener at 127.0.0.1/34989] WARN  http.HttpRequestLog (HttpRequestLog.java:getRequestLog(103)) - Jetty request log can only be enabled using Log4j
2022-12-08 07:06:41,908 [Listener at 127.0.0.1/34989] INFO  http.HttpServer2 (HttpServer2.java:addGlobalFilter(1031)) - Added global filter 'safety' (class=org.apache.hadoop.hdds.server.http.HttpServer2$QuotingInputFilter)
2022-12-08 07:06:41,908 [Listener at 127.0.0.1/34989] INFO  http.HttpServer2 (HttpServer2.java:addFilter(1007)) - Added filter static_user_filter (class=org.apache.hadoop.http.lib.StaticUserWebFilter$StaticUserFilter) to context hddsDatanode
2022-12-08 07:06:41,908 [Listener at 127.0.0.1/34989] INFO  http.HttpServer2 (HttpServer2.java:addFilter(1015)) - Added filter static_user_filter (class=org.apache.hadoop.http.lib.StaticUserWebFilter$StaticUserFilter) to context logs
2022-12-08 07:06:41,908 [Listener at 127.0.0.1/34989] INFO  http.HttpServer2 (HttpServer2.java:addFilter(1015)) - Added filter static_user_filter (class=org.apache.hadoop.http.lib.StaticUserWebFilter$StaticUserFilter) to context static
2022-12-08 07:06:41,909 [Listener at 127.0.0.1/34989] INFO  http.HttpServer2 (HttpServer2.java:bindListener(1250)) - Jetty bound to port 37081
2022-12-08 07:06:41,909 [Listener at 127.0.0.1/34989] INFO  server.Server (Server.java:doStart(375)) - jetty-9.4.49.v20220914; built: 2022-09-14T01:07:36.601Z; git: 4231a3b2e4cb8548a412a789936d640a97b1aa0a; jvm 1.8.0_352-b08
2022-12-08 07:06:41,914 [Listener at 127.0.0.1/34989] INFO  server.session (DefaultSessionIdManager.java:doStart(334)) - DefaultSessionIdManager workerName=node0
2022-12-08 07:06:41,914 [Listener at 127.0.0.1/34989] INFO  server.session (DefaultSessionIdManager.java:doStart(339)) - No SessionScavenger set, using defaults
2022-12-08 07:06:41,914 [Listener at 127.0.0.1/34989] INFO  server.session (HouseKeeper.java:startScavenging(132)) - node0 Scavenging every 660000ms
2022-12-08 07:06:41,915 [Listener at 127.0.0.1/34989] INFO  handler.ContextHandler (ContextHandler.java:doStart(921)) - Started o.e.j.s.ServletContextHandler@8bac3c8{logs,/logs,file:///home/runner/work/ozone/ozone/hadoop-ozone/integration-test/target/log,AVAILABLE}
2022-12-08 07:06:41,916 [Listener at 127.0.0.1/34989] INFO  handler.ContextHandler (ContextHandler.java:doStart(921)) - Started o.e.j.s.ServletContextHandler@41a13be4{static,/static,jar:file:/home/runner/.m2/repository/org/apache/ozone/hdds-container-service/1.3.0-SNAPSHOT/hdds-container-service-1.3.0-SNAPSHOT.jar!/webapps/static,AVAILABLE}
2022-12-08 07:06:42,055 [EventQueue-CommandQueueReportForCommandQueueReportHandler] WARN  events.EventQueue (EventQueue.java:fireEvent(216)) - No event handler registered for event TypedEvent{payloadType=DatanodeDetails, name='Datanode_Command_Queue_Updated'}
2022-12-08 07:06:42,095 [Under Replicated Processor] INFO  replication.UnderReplicatedProcessor (UnderReplicatedProcessor.java:processAll(79)) - Processed 0 under replicated containers, failed processing 0
2022-12-08 07:06:42,095 [Over Replicated Processor] INFO  replication.OverReplicatedProcessor (OverReplicatedProcessor.java:processAll(79)) - Processed 0 over replicated containers, failed processing 0
2022-12-08 07:06:42,096 [ReplicationMonitor] INFO  replication.ReplicationManager (ReplicationManager.java:processAll(356)) - Replication Monitor Thread took 0 milliseconds for processing 0 containers.
2022-12-08 07:06:42,097 [EventQueue-CommandQueueReportForCommandQueueReportHandler] WARN  events.EventQueue (EventQueue.java:fireEvent(216)) - No event handler registered for event TypedEvent{payloadType=DatanodeDetails, name='Datanode_Command_Queue_Updated'}
2022-12-08 07:06:42,098 [EventQueue-CommandQueueReportForCommandQueueReportHandler] WARN  events.EventQueue (EventQueue.java:fireEvent(216)) - No event handler registered for event TypedEvent{payloadType=DatanodeDetails, name='Datanode_Command_Queue_Updated'}
2022-12-08 07:06:42,099 [Under Replicated Processor] INFO  replication.UnderReplicatedProcessor (UnderReplicatedProcessor.java:processAll(79)) - Processed 0 under replicated containers, failed processing 0
2022-12-08 07:06:42,104 [ReplicationMonitor] INFO  replication.ReplicationManager (ReplicationManager.java:processAll(356)) - Replication Monitor Thread took 0 milliseconds for processing 8 containers.
2022-12-08 07:06:42,132 [b199db80-c206-49d0-9080-733e3ea0a692@group-CC7CEFFC7143-FollowerState] INFO  impl.FollowerState (FollowerState.java:run(143)) - b199db80-c206-49d0-9080-733e3ea0a692@group-CC7CEFFC7143-FollowerState: change to CANDIDATE, lastRpcElapsedTime:5019633404ns, electionTimeout:5017ms
2022-12-08 07:06:42,132 [b199db80-c206-49d0-9080-733e3ea0a692@group-CC7CEFFC7143-FollowerState] INFO  impl.RoleInfo (RoleInfo.java:shutdownFollowerState(110)) - b199db80-c206-49d0-9080-733e3ea0a692: shutdown b199db80-c206-49d0-9080-733e3ea0a692@group-CC7CEFFC7143-FollowerState
2022-12-08 07:06:42,133 [b199db80-c206-49d0-9080-733e3ea0a692@group-CC7CEFFC7143-FollowerState] INFO  server.RaftServer$Division (RaftServerImpl.java:setRole(321)) - b199db80-c206-49d0-9080-733e3ea0a692@group-CC7CEFFC7143: changes role from  FOLLOWER to CANDIDATE at term 0 for changeToCandidate
2022-12-08 07:06:42,133 [b199db80-c206-49d0-9080-733e3ea0a692@group-CC7CEFFC7143-FollowerState] INFO  server.RaftServerConfigKeys (ConfUtils.java:logGet(46)) - raft.server.leaderelection.pre-vote = false (custom)
2022-12-08 07:06:42,133 [b199db80-c206-49d0-9080-733e3ea0a692@group-CC7CEFFC7143-FollowerState] INFO  impl.RoleInfo (RoleInfo.java:updateAndGet(139)) - b199db80-c206-49d0-9080-733e3ea0a692: start b199db80-c206-49d0-9080-733e3ea0a692@group-CC7CEFFC7143-LeaderElection26
2022-12-08 07:06:42,157 [b199db80-c206-49d0-9080-733e3ea0a692@group-CC7CEFFC7143-LeaderElection26] INFO  impl.LeaderElection (LeaderElection.java:askForVotes(312)) - b199db80-c206-49d0-9080-733e3ea0a692@group-CC7CEFFC7143-LeaderElection26 ELECTION round 0: submit vote requests at term 1 for -1: peers:[b199db80-c206-49d0-9080-733e3ea0a692|rpc:10.1.0.14:40813|priority:1|startupRole:FOLLOWER]|listeners:[], old=null
2022-12-08 07:06:42,157 [b199db80-c206-49d0-9080-733e3ea0a692@group-CC7CEFFC7143-LeaderElection26] INFO  impl.LeaderElection (LeaderElection.java:askForVotes(314)) - b199db80-c206-49d0-9080-733e3ea0a692@group-CC7CEFFC7143-LeaderElection26 ELECTION round 0: result PASSED (term=1)
2022-12-08 07:06:42,158 [b199db80-c206-49d0-9080-733e3ea0a692@group-CC7CEFFC7143-LeaderElection26] INFO  impl.RoleInfo (RoleInfo.java:shutdownLeaderElection(130)) - b199db80-c206-49d0-9080-733e3ea0a692: shutdown b199db80-c206-49d0-9080-733e3ea0a692@group-CC7CEFFC7143-LeaderElection26
2022-12-08 07:06:42,158 [b199db80-c206-49d0-9080-733e3ea0a692@group-CC7CEFFC7143-LeaderElection26] INFO  server.RaftServer$Division (RaftServerImpl.java:setRole(321)) - b199db80-c206-49d0-9080-733e3ea0a692@group-CC7CEFFC7143: changes role from CANDIDATE to LEADER at term 1 for changeToLeader
2022-12-08 07:06:42,158 [b199db80-c206-49d0-9080-733e3ea0a692@group-CC7CEFFC7143-LeaderElection26] INFO  ratis.XceiverServerRatis (XceiverServerRatis.java:handleLeaderChangedNotification(863)) - Leader change notification received for group: group-CC7CEFFC7143 with new leaderId: b199db80-c206-49d0-9080-733e3ea0a692
2022-12-08 07:06:42,159 [b199db80-c206-49d0-9080-733e3ea0a692@group-CC7CEFFC7143-LeaderElection26] INFO  server.RaftServer$Division (ServerState.java:setLeader(313)) - b199db80-c206-49d0-9080-733e3ea0a692@group-CC7CEFFC7143: change Leader from null to b199db80-c206-49d0-9080-733e3ea0a692 at term 1 for becomeLeader, leader elected after 5601ms
2022-12-08 07:06:42,160 [b199db80-c206-49d0-9080-733e3ea0a692@group-CC7CEFFC7143-LeaderElection26] INFO  server.RaftServerConfigKeys (ConfUtils.java:logGet(46)) - raft.server.staging.catchup.gap = 1000 (default)
2022-12-08 07:06:42,160 [EventQueue-CommandQueueReportForCommandQueueReportHandler] WARN  events.EventQueue (EventQueue.java:fireEvent(216)) - No event handler registered for event TypedEvent{payloadType=DatanodeDetails, name='Datanode_Command_Queue_Updated'}
2022-12-08 07:06:42,160 [b199db80-c206-49d0-9080-733e3ea0a692@group-CC7CEFFC7143-LeaderElection26] INFO  server.RaftServerConfigKeys (ConfUtils.java:logGet(46)) - raft.server.write.element-limit = 1024 (custom)
2022-12-08 07:06:42,160 [b199db80-c206-49d0-9080-733e3ea0a692@group-CC7CEFFC7143-LeaderElection26] INFO  server.RaftServerConfigKeys (ConfUtils.java:logGet(46)) - raft.server.write.byte-limit = 1024 M (=1073741824) (custom)
2022-12-08 07:06:42,162 [b199db80-c206-49d0-9080-733e3ea0a692@group-CC7CEFFC7143-LeaderElection26] INFO  server.RaftServerConfigKeys (ConfUtils.java:logGet(46)) - raft.server.watch.timeout = 180s (custom)
2022-12-08 07:06:42,162 [b199db80-c206-49d0-9080-733e3ea0a692@group-CC7CEFFC7143-LeaderElection26] INFO  server.RaftServerConfigKeys (ConfUtils.java:logGet(46)) - raft.server.watch.timeout.denomination = 1s (default)
2022-12-08 07:06:42,162 [b199db80-c206-49d0-9080-733e3ea0a692@group-CC7CEFFC7143-LeaderElection26] INFO  server.RaftServerConfigKeys (ConfUtils.java:logGet(46)) - raft.server.watch.element-limit = 65536 (default)
2022-12-08 07:06:42,162 [b199db80-c206-49d0-9080-733e3ea0a692@group-CC7CEFFC7143-LeaderElection26] INFO  server.RaftServerConfigKeys (ConfUtils.java:logGet(46)) - raft.server.write.element-limit = 1024 (custom)
2022-12-08 07:06:42,168 [b199db80-c206-49d0-9080-733e3ea0a692@group-CC7CEFFC7143-LeaderElection26] INFO  server.RaftServerConfigKeys (ConfUtils.java:logGet(46)) - raft.server.write.follower.gap.ratio.max = -1.0 (default)
2022-12-08 07:06:42,169 [b199db80-c206-49d0-9080-733e3ea0a692@group-CC7CEFFC7143-LeaderElection26] INFO  impl.RoleInfo (RoleInfo.java:updateAndGet(139)) - b199db80-c206-49d0-9080-733e3ea0a692: start b199db80-c206-49d0-9080-733e3ea0a692@group-CC7CEFFC7143-LeaderStateImpl
2022-12-08 07:06:42,169 [b199db80-c206-49d0-9080-733e3ea0a692@group-CC7CEFFC7143-LeaderElection26] INFO  segmented.SegmentedRaftLogWorker (SegmentedRaftLogWorker.java:startLogSegment(452)) - b199db80-c206-49d0-9080-733e3ea0a692@group-CC7CEFFC7143-SegmentedRaftLogWorker: Starting segment from index:0
2022-12-08 07:06:42,171 [b199db80-c206-49d0-9080-733e3ea0a692@group-CC7CEFFC7143-SegmentedRaftLogWorker] INFO  segmented.SegmentedRaftLogWorker (SegmentedRaftLogWorker.java:execute(656)) - b199db80-c206-49d0-9080-733e3ea0a692@group-CC7CEFFC7143-SegmentedRaftLogWorker: created new log segment /home/runner/work/ozone/ozone/hadoop-ozone/integration-test/target/test-dir/MiniOzoneClusterImpl-510a2802-165a-4ebd-9ade-f7b35b2c34f6/datanode-5/data/ratis/bed2fd9d-b13d-43a4-9011-cc7ceffc7143/current/log_inprogress_0
2022-12-08 07:06:42,176 [b199db80-c206-49d0-9080-733e3ea0a692@group-CC7CEFFC7143-LeaderElection26] INFO  server.RaftServer$Division (ServerState.java:setRaftConf(430)) - b199db80-c206-49d0-9080-733e3ea0a692@group-CC7CEFFC7143: set configuration 0: peers:[b199db80-c206-49d0-9080-733e3ea0a692|rpc:10.1.0.14:40813|dataStream:|priority:1|startupRole:FOLLOWER]|listeners:[], old=null
2022-12-08 07:06:42,205 [Listener at 127.0.0.1/34989] INFO  handler.ContextHandler (ContextHandler.java:doStart(921)) - Started o.e.j.w.WebAppContext@66981318{hddsDatanode,/,file:///tmp/jetty-0_0_0_0-37081-hdds-container-service-1_3_0-SNAPSHOT_jar-_-any-2585333989825320936/webapp/,AVAILABLE}{jar:file:/home/runner/.m2/repository/org/apache/ozone/hdds-container-service/1.3.0-SNAPSHOT/hdds-container-service-1.3.0-SNAPSHOT.jar!/webapps/hddsDatanode}
2022-12-08 07:06:42,212 [Listener at 127.0.0.1/34989] INFO  server.AbstractConnector (AbstractConnector.java:doStart(333)) - Started ServerConnector@7ad514{HTTP/1.1, (http/1.1)}{0.0.0.0:37081}
2022-12-08 07:06:42,212 [Listener at 127.0.0.1/34989] INFO  server.Server (Server.java:doStart(415)) - Started @47675ms
2022-12-08 07:06:42,212 [Listener at 127.0.0.1/34989] WARN  impl.MetricsSystemImpl (MetricsSystemImpl.java:register(279)) - Sink prometheus already exists!
2022-12-08 07:06:42,213 [Listener at 127.0.0.1/34989] INFO  http.BaseHttpServer (BaseHttpServer.java:updateConnectorAddress(333)) - HTTP server of hddsDatanode listening at http://0.0.0.0:37081
2022-12-08 07:06:42,213 [Listener at 127.0.0.1/34989] WARN  impl.MetricRegistriesImpl (MetricRegistriesImpl.java:addReporterRegistration(111)) - New reporters are added after registries were created. Some metrics will be missing from the reporter. Please add reporter before adding any new registry.
2022-12-08 07:06:42,213 [Listener at 127.0.0.1/34989] WARN  impl.MetricRegistriesImpl (MetricRegistriesImpl.java:addReporterRegistration(111)) - New reporters are added after registries were created. Some metrics will be missing from the reporter. Please add reporter before adding any new registry.
2022-12-08 07:06:42,213 [Listener at 127.0.0.1/34989] INFO  impl.MetricsSystemImpl (MetricsSystemImpl.java:init(158)) - HddsDatanode metrics system started (again)
2022-12-08 07:06:42,220 [Datanode State Machine Daemon Thread] INFO  statemachine.DatanodeStateMachine (DatanodeStateMachine.java:lambda$startDaemon$0(505)) - Ozone container server started.
2022-12-08 07:06:42,230 [EventQueue-CommandQueueReportForCommandQueueReportHandler] WARN  events.EventQueue (EventQueue.java:fireEvent(216)) - No event handler registered for event TypedEvent{payloadType=DatanodeDetails, name='Datanode_Command_Queue_Updated'}
2022-12-08 07:06:42,247 [Listener at 127.0.0.1/34989] INFO  ozone.HddsDatanodeService (HddsDatanodeService.java:start(236)) - HddsDatanodeService host:fv-az165-805.wtg55dazuvhetdvd2gpth4ys5d.dx.internal.cloudapp.net ip:10.1.0.14
2022-12-08 07:06:42,254 [org.apache.hadoop.util.JvmPauseMonitor$Monitor@743d4299] INFO  util.JvmPauseMonitor (JvmPauseMonitor.java:run(188)) - Starting JVM pause monitor
2022-12-08 07:06:42,257 [Datanode State Machine Task Thread - 0] INFO  datanode.InitDatanodeState (InitDatanodeState.java:persistContainerDatanodeDetails(138)) - DatanodeDetails is persisted to /home/runner/work/ozone/ozone/hadoop-ozone/integration-test/target/test-dir/MiniOzoneClusterImpl-5577f57c-d0b5-4d08-87ca-01558171f144/datanode-2/meta/datanode.id
2022-12-08 07:06:42,265 [Over Replicated Processor] INFO  replication.OverReplicatedProcessor (OverReplicatedProcessor.java:processAll(79)) - Processed 0 over replicated containers, failed processing 0
2022-12-08 07:06:42,296 [Listener at 127.0.0.1/34989] INFO  upgrade.AbstractLayoutVersionManager (AbstractLayoutVersionManager.java:init(83)) - Initializing Layout version manager with metadata layout = DATANODE_SCHEMA_V3 (version = 4), software layout = DATANODE_SCHEMA_V3 (version = 4)
2022-12-08 07:06:42,307 [EventQueue-CommandQueueReportForCommandQueueReportHandler] WARN  events.EventQueue (EventQueue.java:fireEvent(216)) - No event handler registered for event TypedEvent{payloadType=DatanodeDetails, name='Datanode_Command_Queue_Updated'}
2022-12-08 07:06:42,329 [b9ccd6e2-8e07-476f-a987-65ce83bdb13d@group-655C1C993017-FollowerState] INFO  impl.FollowerState (FollowerState.java:run(143)) - b9ccd6e2-8e07-476f-a987-65ce83bdb13d@group-655C1C993017-FollowerState: change to CANDIDATE, lastRpcElapsedTime:5080282430ns, electionTimeout:5079ms
2022-12-08 07:06:42,330 [b9ccd6e2-8e07-476f-a987-65ce83bdb13d@group-655C1C993017-FollowerState] INFO  impl.RoleInfo (RoleInfo.java:shutdownFollowerState(110)) - b9ccd6e2-8e07-476f-a987-65ce83bdb13d: shutdown b9ccd6e2-8e07-476f-a987-65ce83bdb13d@group-655C1C993017-FollowerState
2022-12-08 07:06:42,330 [b9ccd6e2-8e07-476f-a987-65ce83bdb13d@group-655C1C993017-FollowerState] INFO  server.RaftServer$Division (RaftServerImpl.java:setRole(321)) - b9ccd6e2-8e07-476f-a987-65ce83bdb13d@group-655C1C993017: changes role from  FOLLOWER to CANDIDATE at term 0 for changeToCandidate
2022-12-08 07:06:42,330 [b9ccd6e2-8e07-476f-a987-65ce83bdb13d@group-655C1C993017-FollowerState] INFO  server.RaftServerConfigKeys (ConfUtils.java:logGet(46)) - raft.server.leaderelection.pre-vote = false (custom)
2022-12-08 07:06:42,330 [b9ccd6e2-8e07-476f-a987-65ce83bdb13d@group-655C1C993017-FollowerState] INFO  impl.RoleInfo (RoleInfo.java:updateAndGet(139)) - b9ccd6e2-8e07-476f-a987-65ce83bdb13d: start b9ccd6e2-8e07-476f-a987-65ce83bdb13d@group-655C1C993017-LeaderElection27
2022-12-08 07:06:42,343 [b9ccd6e2-8e07-476f-a987-65ce83bdb13d@group-655C1C993017-LeaderElection27] INFO  impl.LeaderElection (LeaderElection.java:askForVotes(312)) - b9ccd6e2-8e07-476f-a987-65ce83bdb13d@group-655C1C993017-LeaderElection27 ELECTION round 0: submit vote requests at term 1 for -1: peers:[b9ccd6e2-8e07-476f-a987-65ce83bdb13d|rpc:10.1.0.14:44951|priority:1|startupRole:FOLLOWER]|listeners:[], old=null
2022-12-08 07:06:42,343 [b9ccd6e2-8e07-476f-a987-65ce83bdb13d@group-655C1C993017-LeaderElection27] INFO  impl.LeaderElection (LeaderElection.java:askForVotes(314)) - b9ccd6e2-8e07-476f-a987-65ce83bdb13d@group-655C1C993017-LeaderElection27 ELECTION round 0: result PASSED (term=1)
2022-12-08 07:06:42,343 [b9ccd6e2-8e07-476f-a987-65ce83bdb13d@group-655C1C993017-LeaderElection27] INFO  impl.RoleInfo (RoleInfo.java:shutdownLeaderElection(130)) - b9ccd6e2-8e07-476f-a987-65ce83bdb13d: shutdown b9ccd6e2-8e07-476f-a987-65ce83bdb13d@group-655C1C993017-LeaderElection27
2022-12-08 07:06:42,343 [b9ccd6e2-8e07-476f-a987-65ce83bdb13d@group-655C1C993017-LeaderElection27] INFO  server.RaftServer$Division (RaftServerImpl.java:setRole(321)) - b9ccd6e2-8e07-476f-a987-65ce83bdb13d@group-655C1C993017: changes role from CANDIDATE to LEADER at term 1 for changeToLeader
2022-12-08 07:06:42,343 [b9ccd6e2-8e07-476f-a987-65ce83bdb13d@group-655C1C993017-LeaderElection27] INFO  ratis.XceiverServerRatis (XceiverServerRatis.java:handleLeaderChangedNotification(863)) - Leader change notification received for group: group-655C1C993017 with new leaderId: b9ccd6e2-8e07-476f-a987-65ce83bdb13d
2022-12-08 07:06:42,344 [b9ccd6e2-8e07-476f-a987-65ce83bdb13d@group-655C1C993017-LeaderElection27] INFO  server.RaftServer$Division (ServerState.java:setLeader(313)) - b9ccd6e2-8e07-476f-a987-65ce83bdb13d@group-655C1C993017: change Leader from null to b9ccd6e2-8e07-476f-a987-65ce83bdb13d at term 1 for becomeLeader, leader elected after 5139ms
2022-12-08 07:06:42,344 [b9ccd6e2-8e07-476f-a987-65ce83bdb13d@group-655C1C993017-LeaderElection27] INFO  server.RaftServerConfigKeys (ConfUtils.java:logGet(46)) - raft.server.staging.catchup.gap = 1000 (default)
2022-12-08 07:06:42,345 [b9ccd6e2-8e07-476f-a987-65ce83bdb13d@group-655C1C993017-LeaderElection27] INFO  server.RaftServerConfigKeys (ConfUtils.java:logGet(46)) - raft.server.write.element-limit = 1024 (custom)
2022-12-08 07:06:42,345 [b9ccd6e2-8e07-476f-a987-65ce83bdb13d@group-655C1C993017-LeaderElection27] INFO  server.RaftServerConfigKeys (ConfUtils.java:logGet(46)) - raft.server.write.byte-limit = 1024 M (=1073741824) (custom)
2022-12-08 07:06:42,345 [EventQueue-CommandQueueReportForCommandQueueReportHandler] WARN  events.EventQueue (EventQueue.java:fireEvent(216)) - No event handler registered for event TypedEvent{payloadType=DatanodeDetails, name='Datanode_Command_Queue_Updated'}
2022-12-08 07:06:42,346 [b9ccd6e2-8e07-476f-a987-65ce83bdb13d@group-655C1C993017-LeaderElection27] INFO  server.RaftServerConfigKeys (ConfUtils.java:logGet(46)) - raft.server.watch.timeout = 180s (custom)
2022-12-08 07:06:42,346 [b9ccd6e2-8e07-476f-a987-65ce83bdb13d@group-655C1C993017-LeaderElection27] INFO  server.RaftServerConfigKeys (ConfUtils.java:logGet(46)) - raft.server.watch.timeout.denomination = 1s (default)
2022-12-08 07:06:42,346 [b9ccd6e2-8e07-476f-a987-65ce83bdb13d@group-655C1C993017-LeaderElection27] INFO  server.RaftServerConfigKeys (ConfUtils.java:logGet(46)) - raft.server.watch.element-limit = 65536 (default)
2022-12-08 07:06:42,347 [b9ccd6e2-8e07-476f-a987-65ce83bdb13d@group-655C1C993017-LeaderElection27] INFO  server.RaftServerConfigKeys (ConfUtils.java:logGet(46)) - raft.server.write.element-limit = 1024 (custom)
2022-12-08 07:06:42,347 [b9ccd6e2-8e07-476f-a987-65ce83bdb13d@group-655C1C993017-LeaderElection27] INFO  server.RaftServerConfigKeys (ConfUtils.java:logGet(46)) - raft.server.write.follower.gap.ratio.max = -1.0 (default)
2022-12-08 07:06:42,349 [b9ccd6e2-8e07-476f-a987-65ce83bdb13d@group-655C1C993017-LeaderElection27] INFO  impl.RoleInfo (RoleInfo.java:updateAndGet(139)) - b9ccd6e2-8e07-476f-a987-65ce83bdb13d: start b9ccd6e2-8e07-476f-a987-65ce83bdb13d@group-655C1C993017-LeaderStateImpl
2022-12-08 07:06:42,350 [b9ccd6e2-8e07-476f-a987-65ce83bdb13d@group-655C1C993017-LeaderElection27] INFO  segmented.SegmentedRaftLogWorker (SegmentedRaftLogWorker.java:startLogSegment(452)) - b9ccd6e2-8e07-476f-a987-65ce83bdb13d@group-655C1C993017-SegmentedRaftLogWorker: Starting segment from index:0
2022-12-08 07:06:42,350 [b9ccd6e2-8e07-476f-a987-65ce83bdb13d@group-655C1C993017-LeaderElection27] INFO  server.RaftServer$Division (ServerState.java:setRaftConf(430)) - b9ccd6e2-8e07-476f-a987-65ce83bdb13d@group-655C1C993017: set configuration 0: peers:[b9ccd6e2-8e07-476f-a987-65ce83bdb13d|rpc:10.1.0.14:44951|dataStream:|priority:1|startupRole:FOLLOWER]|listeners:[], old=null
2022-12-08 07:06:42,352 [b9ccd6e2-8e07-476f-a987-65ce83bdb13d@group-655C1C993017-SegmentedRaftLogWorker] INFO  segmented.SegmentedRaftLogWorker (SegmentedRaftLogWorker.java:execute(656)) - b9ccd6e2-8e07-476f-a987-65ce83bdb13d@group-655C1C993017-SegmentedRaftLogWorker: created new log segment /home/runner/work/ozone/ozone/hadoop-ozone/integration-test/target/test-dir/MiniOzoneClusterImpl-510a2802-165a-4ebd-9ade-f7b35b2c34f6/datanode-6/data/ratis/93993e98-48a8-4a9e-be5b-655c1c993017/current/log_inprogress_0
2022-12-08 07:06:42,382 [Listener at 127.0.0.1/34989] INFO  reflections.Reflections (Reflections.java:scan(232)) - Reflections took 84 ms to scan 7 urls, producing 140 keys and 342 values 
2022-12-08 07:06:42,384 [EventQueue-CommandQueueReportForCommandQueueReportHandler] WARN  events.EventQueue (EventQueue.java:fireEvent(216)) - No event handler registered for event TypedEvent{payloadType=DatanodeDetails, name='Datanode_Command_Queue_Updated'}
2022-12-08 07:06:42,387 [Listener at 127.0.0.1/34989] INFO  statemachine.DatanodeStateMachine (DatanodeStateMachine.java:getEndPointTaskThreadPoolSize(245)) - Datanode State Machine Task Thread Pool size 2
2022-12-08 07:06:42,391 [EventQueue-CommandQueueReportForCommandQueueReportHandler] WARN  events.EventQueue (EventQueue.java:fireEvent(216)) - No event handler registered for event TypedEvent{payloadType=DatanodeDetails, name='Datanode_Command_Queue_Updated'}
2022-12-08 07:06:42,395 [Listener at 127.0.0.1/34989] INFO  volume.HddsVolume (HddsVolume.java:<init>(117)) - Creating HddsVolume: /home/runner/work/ozone/ozone/hadoop-ozone/integration-test/target/test-dir/MiniOzoneClusterImpl-5577f57c-d0b5-4d08-87ca-01558171f144/datanode-3/data-0/containers/hdds of storage type : DISK capacity : 9223372036854775807
2022-12-08 07:06:42,396 [Listener at 127.0.0.1/34989] INFO  volume.MutableVolumeSet (MutableVolumeSet.java:initializeVolumeSet(174)) - Added Volume : /home/runner/work/ozone/ozone/hadoop-ozone/integration-test/target/test-dir/MiniOzoneClusterImpl-5577f57c-d0b5-4d08-87ca-01558171f144/datanode-3/data-0/containers/hdds to VolumeSet
2022-12-08 07:06:42,396 [Listener at 127.0.0.1/34989] INFO  volume.ThrottledAsyncChecker (ThrottledAsyncChecker.java:schedule(141)) - Scheduling a check for /home/runner/work/ozone/ozone/hadoop-ozone/integration-test/target/test-dir/MiniOzoneClusterImpl-5577f57c-d0b5-4d08-87ca-01558171f144/datanode-3/data-0/containers/hdds
2022-12-08 07:06:42,397 [Listener at 127.0.0.1/34989] INFO  volume.StorageVolumeChecker (StorageVolumeChecker.java:checkAllVolumes(202)) - Scheduled health check for volume /home/runner/work/ozone/ozone/hadoop-ozone/integration-test/target/test-dir/MiniOzoneClusterImpl-5577f57c-d0b5-4d08-87ca-01558171f144/datanode-3/data-0/containers/hdds
2022-12-08 07:06:42,415 [Listener at 127.0.0.1/34989] INFO  volume.MutableVolumeSet (MutableVolumeSet.java:initializeVolumeSet(174)) - Added Volume : /home/runner/work/ozone/ozone/hadoop-ozone/integration-test/target/test-dir/MiniOzoneClusterImpl-5577f57c-d0b5-4d08-87ca-01558171f144/datanode-3/data/ratis to VolumeSet
2022-12-08 07:06:42,415 [Listener at 127.0.0.1/34989] INFO  volume.ThrottledAsyncChecker (ThrottledAsyncChecker.java:schedule(141)) - Scheduling a check for /home/runner/work/ozone/ozone/hadoop-ozone/integration-test/target/test-dir/MiniOzoneClusterImpl-5577f57c-d0b5-4d08-87ca-01558171f144/datanode-3/data/ratis
2022-12-08 07:06:42,415 [Listener at 127.0.0.1/34989] INFO  volume.StorageVolumeChecker (StorageVolumeChecker.java:checkAllVolumes(202)) - Scheduled health check for volume /home/runner/work/ozone/ozone/hadoop-ozone/integration-test/target/test-dir/MiniOzoneClusterImpl-5577f57c-d0b5-4d08-87ca-01558171f144/datanode-3/data/ratis
2022-12-08 07:06:42,430 [EventQueue-CommandQueueReportForCommandQueueReportHandler] WARN  events.EventQueue (EventQueue.java:fireEvent(216)) - No event handler registered for event TypedEvent{payloadType=DatanodeDetails, name='Datanode_Command_Queue_Updated'}
2022-12-08 07:06:42,431 [Thread-908] INFO  ozoneimpl.ContainerReader (ContainerReader.java:readVolume(175)) - Finish verifying containers on volume /home/runner/work/ozone/ozone/hadoop-ozone/integration-test/target/test-dir/MiniOzoneClusterImpl-5577f57c-d0b5-4d08-87ca-01558171f144/datanode-3/data-0/containers/hdds
2022-12-08 07:06:42,431 [Listener at 127.0.0.1/34989] INFO  ozoneimpl.OzoneContainer (OzoneContainer.java:buildContainerSet(301)) - Build ContainerSet costs 0s
2022-12-08 07:06:42,433 [Listener at 127.0.0.1/34989] INFO  server.RaftServer (ConfUtils.java:logGet(46)) - raft.rpc.type = GRPC (default)
2022-12-08 07:06:42,433 [Listener at 127.0.0.1/34989] INFO  grpc.GrpcConfigKeys (ConfUtils.java:logFallback(53)) - raft.grpc.admin.host = null (fallback to raft.grpc.server.host)
2022-12-08 07:06:42,434 [Listener at 127.0.0.1/34989] INFO  grpc.GrpcConfigKeys (ConfUtils.java:logGet(46)) - raft.grpc.admin.port = 0 (custom)
2022-12-08 07:06:42,434 [Listener at 127.0.0.1/34989] INFO  grpc.GrpcConfigKeys (ConfUtils.java:logFallback(53)) - raft.grpc.client.host = null (fallback to raft.grpc.server.host)
2022-12-08 07:06:42,434 [Listener at 127.0.0.1/34989] INFO  grpc.GrpcConfigKeys (ConfUtils.java:logGet(46)) - raft.grpc.client.port = 0 (custom)
2022-12-08 07:06:42,434 [Listener at 127.0.0.1/34989] INFO  grpc.GrpcConfigKeys (ConfUtils.java:logGet(46)) - raft.grpc.server.host = null (default)
2022-12-08 07:06:42,434 [Listener at 127.0.0.1/34989] INFO  grpc.GrpcConfigKeys (ConfUtils.java:logGet(46)) - raft.grpc.server.port = 0 (default)
2022-12-08 07:06:42,434 [Listener at 127.0.0.1/34989] INFO  server.GrpcService (ConfUtils.java:logGet(46)) - raft.grpc.message.size.max = 32MB (=33554432) (custom)
2022-12-08 07:06:42,435 [Listener at 127.0.0.1/34989] INFO  server.RaftServerConfigKeys (ConfUtils.java:logGet(46)) - raft.server.log.appender.buffer.byte-limit = 33554432 (custom)
2022-12-08 07:06:42,435 [Listener at 127.0.0.1/34989] INFO  server.GrpcService (ConfUtils.java:logGet(46)) - raft.grpc.flow.control.window = 5MB (=5242880) (custom)
2022-12-08 07:06:42,435 [Listener at 127.0.0.1/34989] INFO  server.RaftServerConfigKeys (ConfUtils.java:logGet(46)) - raft.server.rpc.request.timeout = 60s (custom)
2022-12-08 07:06:42,435 [Listener at 127.0.0.1/34989] INFO  grpc.GrpcConfigKeys (ConfUtils.java:logGet(46)) - raft.grpc.server.heartbeat.channel = true (default)
2022-12-08 07:06:42,435 [Listener at 127.0.0.1/34989] INFO  grpc.GrpcConfigKeys (ConfUtils.java:logGet(46)) - raft.grpc.server.async.request.thread.pool.cached = true (default)
2022-12-08 07:06:42,435 [Listener at 127.0.0.1/34989] INFO  grpc.GrpcConfigKeys (ConfUtils.java:logGet(46)) - raft.grpc.server.async.request.thread.pool.size = 32 (default)
2022-12-08 07:06:42,436 [Listener at 127.0.0.1/34989] INFO  impl.DataStreamServerImpl (ConfUtils.java:logGet(46)) - raft.datastream.type = DISABLED (default)
2022-12-08 07:06:42,437 [Listener at 127.0.0.1/34989] INFO  server.RaftServerConfigKeys (ConfUtils.java:logGet(46)) - raft.server.threadpool.proxy.cached = true (default)
2022-12-08 07:06:42,437 [Listener at 127.0.0.1/34989] INFO  server.RaftServerConfigKeys (ConfUtils.java:logGet(46)) - raft.server.threadpool.proxy.size = 0 (default)
2022-12-08 07:06:42,437 [Listener at 127.0.0.1/34989] INFO  server.RaftServerConfigKeys (ConfUtils.java:logGet(46)) - raft.server.rpc.slowness.timeout = 300s (custom)
2022-12-08 07:06:42,437 [Listener at 127.0.0.1/34989] INFO  server.RaftServerConfigKeys (ConfUtils.java:logGet(46)) - raft.server.leaderelection.leader.step-down.wait-time = 10s (default)
2022-12-08 07:06:42,437 [Listener at 127.0.0.1/34989] INFO  server.RaftServerConfigKeys (ConfUtils.java:logGet(46)) - raft.server.storage.dir = [/home/runner/work/ozone/ozone/hadoop-ozone/integration-test/target/test-dir/MiniOzoneClusterImpl-5577f57c-d0b5-4d08-87ca-01558171f144/datanode-3/data/ratis] (custom)
2022-12-08 07:06:42,439 [Listener at 127.0.0.1/34989] INFO  server.XceiverServerGrpc (XceiverServerGrpc.java:<init>(132)) - GrpcServer channel type EpollServerSocketChannel
2022-12-08 07:06:42,443 [Listener at 127.0.0.1/34989] INFO  http.BaseHttpServer (BaseHttpServer.java:newHttpServer2BuilderForOzone(213)) - Starting Web-server for hddsDatanode at: http://0.0.0.0:0
2022-12-08 07:06:42,443 [Listener at 127.0.0.1/34989] INFO  http.BaseHttpServer (BaseHttpServer.java:<init>(108)) - Hadoop Security Enabled: false Ozone Security Enabled: false Ozone HTTP Security Enabled: false 
2022-12-08 07:06:42,444 [Listener at 127.0.0.1/34989] WARN  server.AuthenticationFilter (AuthenticationFilter.java:constructSecretProvider(240)) - Unable to initialize FileSignerSecretProvider, falling back to use random secrets. Reason: Could not read signature secret file: /home/runner/hadoop-http-auth-signature-secret
2022-12-08 07:06:42,445 [Listener at 127.0.0.1/34989] WARN  http.HttpRequestLog (HttpRequestLog.java:getRequestLog(103)) - Jetty request log can only be enabled using Log4j
2022-12-08 07:06:42,447 [Listener at 127.0.0.1/34989] INFO  http.HttpServer2 (HttpServer2.java:addGlobalFilter(1031)) - Added global filter 'safety' (class=org.apache.hadoop.hdds.server.http.HttpServer2$QuotingInputFilter)
2022-12-08 07:06:42,448 [Listener at 127.0.0.1/34989] INFO  http.HttpServer2 (HttpServer2.java:addFilter(1007)) - Added filter static_user_filter (class=org.apache.hadoop.http.lib.StaticUserWebFilter$StaticUserFilter) to context hddsDatanode
2022-12-08 07:06:42,448 [Listener at 127.0.0.1/34989] INFO  http.HttpServer2 (HttpServer2.java:addFilter(1015)) - Added filter static_user_filter (class=org.apache.hadoop.http.lib.StaticUserWebFilter$StaticUserFilter) to context logs
2022-12-08 07:06:42,448 [Listener at 127.0.0.1/34989] INFO  http.HttpServer2 (HttpServer2.java:addFilter(1015)) - Added filter static_user_filter (class=org.apache.hadoop.http.lib.StaticUserWebFilter$StaticUserFilter) to context static
2022-12-08 07:06:42,449 [Listener at 127.0.0.1/34989] INFO  http.HttpServer2 (HttpServer2.java:bindListener(1250)) - Jetty bound to port 38273
2022-12-08 07:06:42,449 [Listener at 127.0.0.1/34989] INFO  server.Server (Server.java:doStart(375)) - jetty-9.4.49.v20220914; built: 2022-09-14T01:07:36.601Z; git: 4231a3b2e4cb8548a412a789936d640a97b1aa0a; jvm 1.8.0_352-b08
2022-12-08 07:06:42,451 [Listener at 127.0.0.1/34989] INFO  server.session (DefaultSessionIdManager.java:doStart(334)) - DefaultSessionIdManager workerName=node0
2022-12-08 07:06:42,451 [Listener at 127.0.0.1/34989] INFO  server.session (DefaultSessionIdManager.java:doStart(339)) - No SessionScavenger set, using defaults
2022-12-08 07:06:42,451 [Listener at 127.0.0.1/34989] INFO  server.session (HouseKeeper.java:startScavenging(132)) - node0 Scavenging every 600000ms
2022-12-08 07:06:42,452 [Listener at 127.0.0.1/34989] INFO  handler.ContextHandler (ContextHandler.java:doStart(921)) - Started o.e.j.s.ServletContextHandler@ea16b92{logs,/logs,file:///home/runner/work/ozone/ozone/hadoop-ozone/integration-test/target/log,AVAILABLE}
2022-12-08 07:06:42,453 [Listener at 127.0.0.1/34989] INFO  handler.ContextHandler (ContextHandler.java:doStart(921)) - Started o.e.j.s.ServletContextHandler@567f9112{static,/static,jar:file:/home/runner/.m2/repository/org/apache/ozone/hdds-container-service/1.3.0-SNAPSHOT/hdds-container-service-1.3.0-SNAPSHOT.jar!/webapps/static,AVAILABLE}
2022-12-08 07:06:42,475 [EventQueue-CommandQueueReportForCommandQueueReportHandler] WARN  events.EventQueue (EventQueue.java:fireEvent(216)) - No event handler registered for event TypedEvent{payloadType=DatanodeDetails, name='Datanode_Command_Queue_Updated'}
2022-12-08 07:06:42,517 [EventQueue-CommandQueueReportForCommandQueueReportHandler] WARN  events.EventQueue (EventQueue.java:fireEvent(216)) - No event handler registered for event TypedEvent{payloadType=DatanodeDetails, name='Datanode_Command_Queue_Updated'}
2022-12-08 07:06:42,526 [EventQueue-CommandQueueReportForCommandQueueReportHandler] WARN  events.EventQueue (EventQueue.java:fireEvent(216)) - No event handler registered for event TypedEvent{payloadType=DatanodeDetails, name='Datanode_Command_Queue_Updated'}
2022-12-08 07:06:42,553 [EventQueue-CommandQueueReportForCommandQueueReportHandler] WARN  events.EventQueue (EventQueue.java:fireEvent(216)) - No event handler registered for event TypedEvent{payloadType=DatanodeDetails, name='Datanode_Command_Queue_Updated'}
2022-12-08 07:06:42,598 [ReplicationMonitor] INFO  replication.ReplicationManager (ReplicationManager.java:processAll(323)) - Replication Manager is not ready to run until 3000ms after safemode exit
2022-12-08 07:06:42,601 [EventQueue-DeadNodeForDeadNodeHandler] INFO  node.DeadNodeHandler (DeadNodeHandler.java:onMessage(81)) - A dead datanode is detected. 1fec2e66-b36b-410d-a836-56974e80c6bf{ip: 10.1.0.14, host: fv-az165-805.wtg55dazuvhetdvd2gpth4ys5d.dx.internal.cloudapp.net, ports: [REPLICATION=42005, RATIS=40777, RATIS_ADMIN=40777, RATIS_SERVER=40777, STANDALONE=40099], networkLocation: /default-rack, certSerialId: null, persistedOpState: DECOMMISSIONING, persistedOpStateExpiryEpochSec: 0}
2022-12-08 07:06:42,605 [EventQueue-DeadNodeForDeadNodeHandler] INFO  net.NetworkTopologyImpl (NetworkTopologyImpl.java:remove(190)) - Removed a node: /default-rack/1fec2e66-b36b-410d-a836-56974e80c6bf
2022-12-08 07:06:42,738 [main] WARN  impl.MetricRegistriesImpl (MetricRegistriesImpl.java:addReporterRegistration(111)) - New reporters are added after registries were created. Some metrics will be missing from the reporter. Please add reporter before adding any new registry.
2022-12-08 07:06:42,738 [main] WARN  impl.MetricRegistriesImpl (MetricRegistriesImpl.java:addReporterRegistration(111)) - New reporters are added after registries were created. Some metrics will be missing from the reporter. Please add reporter before adding any new registry.
2022-12-08 07:06:42,738 [main] INFO  impl.MetricsSystemImpl (MetricsSystemImpl.java:init(158)) - HddsDatanode metrics system started (again)
2022-12-08 07:06:42,781 [main] INFO  ozone.HddsDatanodeService (HddsDatanodeService.java:start(236)) - HddsDatanodeService host:fv-az165-805.wtg55dazuvhetdvd2gpth4ys5d.dx.internal.cloudapp.net ip:10.1.0.14
2022-12-08 07:06:42,806 [Listener at 127.0.0.1/34989] INFO  handler.ContextHandler (ContextHandler.java:doStart(921)) - Started o.e.j.w.WebAppContext@4862d78{hddsDatanode,/,file:///tmp/jetty-0_0_0_0-38273-hdds-container-service-1_3_0-SNAPSHOT_jar-_-any-5690874452632758380/webapp/,AVAILABLE}{jar:file:/home/runner/.m2/repository/org/apache/ozone/hdds-container-service/1.3.0-SNAPSHOT/hdds-container-service-1.3.0-SNAPSHOT.jar!/webapps/hddsDatanode}
2022-12-08 07:06:42,812 [Listener at 127.0.0.1/34989] INFO  server.AbstractConnector (AbstractConnector.java:doStart(333)) - Started ServerConnector@25d0e6b4{HTTP/1.1, (http/1.1)}{0.0.0.0:38273}
2022-12-08 07:06:42,813 [Listener at 127.0.0.1/34989] INFO  server.Server (Server.java:doStart(415)) - Started @48276ms
2022-12-08 07:06:42,813 [Listener at 127.0.0.1/34989] WARN  impl.MetricsSystemImpl (MetricsSystemImpl.java:register(279)) - Sink prometheus already exists!
2022-12-08 07:06:42,813 [Listener at 127.0.0.1/34989] INFO  http.BaseHttpServer (BaseHttpServer.java:updateConnectorAddress(333)) - HTTP server of hddsDatanode listening at http://0.0.0.0:38273
2022-12-08 07:06:42,814 [Listener at 127.0.0.1/34989] WARN  impl.MetricRegistriesImpl (MetricRegistriesImpl.java:addReporterRegistration(111)) - New reporters are added after registries were created. Some metrics will be missing from the reporter. Please add reporter before adding any new registry.
2022-12-08 07:06:42,814 [Listener at 127.0.0.1/34989] WARN  impl.MetricRegistriesImpl (MetricRegistriesImpl.java:addReporterRegistration(111)) - New reporters are added after registries were created. Some metrics will be missing from the reporter. Please add reporter before adding any new registry.
2022-12-08 07:06:42,814 [Listener at 127.0.0.1/34989] INFO  impl.MetricsSystemImpl (MetricsSystemImpl.java:init(158)) - HddsDatanode metrics system started (again)
2022-12-08 07:06:42,820 [Datanode State Machine Daemon Thread] INFO  statemachine.DatanodeStateMachine (DatanodeStateMachine.java:lambda$startDaemon$0(505)) - Ozone container server started.
2022-12-08 07:06:42,825 [main] INFO  upgrade.AbstractLayoutVersionManager (AbstractLayoutVersionManager.java:init(83)) - Initializing Layout version manager with metadata layout = DATANODE_SCHEMA_V3 (version = 4), software layout = DATANODE_SCHEMA_V3 (version = 4)
2022-12-08 07:06:42,838 [Listener at 127.0.0.1/34989] INFO  ozone.HddsDatanodeService (HddsDatanodeService.java:start(236)) - HddsDatanodeService host:fv-az165-805.wtg55dazuvhetdvd2gpth4ys5d.dx.internal.cloudapp.net ip:10.1.0.14
2022-12-08 07:06:42,859 [org.apache.hadoop.util.JvmPauseMonitor$Monitor@3012f6e4] INFO  util.JvmPauseMonitor (JvmPauseMonitor.java:run(188)) - Starting JVM pause monitor
2022-12-08 07:06:42,865 [Datanode State Machine Task Thread - 0] INFO  datanode.InitDatanodeState (InitDatanodeState.java:persistContainerDatanodeDetails(138)) - DatanodeDetails is persisted to /home/runner/work/ozone/ozone/hadoop-ozone/integration-test/target/test-dir/MiniOzoneClusterImpl-5577f57c-d0b5-4d08-87ca-01558171f144/datanode-3/meta/datanode.id
2022-12-08 07:06:42,883 [Listener at 127.0.0.1/34989] INFO  upgrade.AbstractLayoutVersionManager (AbstractLayoutVersionManager.java:init(83)) - Initializing Layout version manager with metadata layout = DATANODE_SCHEMA_V3 (version = 4), software layout = DATANODE_SCHEMA_V3 (version = 4)
2022-12-08 07:06:43,023 [Mini-Cluster-Provider-Reap] INFO  ozone.MiniOzoneClusterImpl (MiniOzoneClusterImpl.java:shutdown(448)) - Shutting down the Mini Ozone Cluster
2022-12-08 07:06:43,023 [Mini-Cluster-Provider-Reap] INFO  ozone.MiniOzoneClusterImpl (MiniOzoneClusterImpl.java:stop(463)) - Stopping the Mini Ozone Cluster
2022-12-08 07:06:43,027 [Mini-Cluster-Provider-Reap] INFO  ozone.MiniOzoneClusterImpl (MiniOzoneClusterImpl.java:stopOM(545)) - Stopping the OzoneManager
2022-12-08 07:06:43,027 [Mini-Cluster-Provider-Reap] INFO  om.OzoneManager (OzoneManager.java:stop(2036)) - om1[localhost:0]: Stopping Ozone Manager
2022-12-08 07:06:43,029 [Mini-Cluster-Provider-Reap] INFO  ipc.Server (Server.java:stop(3428)) - Stopping server on 32903
2022-12-08 07:06:43,037 [IPC Server listener on 0] INFO  ipc.Server (Server.java:run(1384)) - Stopping IPC Server listener on 0
2022-12-08 07:06:43,037 [IPC Server Responder] INFO  ipc.Server (Server.java:run(1517)) - Stopping IPC Server Responder
2022-12-08 07:06:43,060 [Mini-Cluster-Provider-Reap] INFO  server.RaftServer (RaftServerProxy.java:lambda$close$6(409)) - om1: close
2022-12-08 07:06:43,067 [Mini-Cluster-Provider-Reap] INFO  server.GrpcService (GrpcService.java:closeImpl(271)) - om1: shutdown server GrpcServerProtocolService now
2022-12-08 07:06:43,068 [Mini-Cluster-Provider-Reap] INFO  server.GrpcService (GrpcService.java:closeImpl(280)) - om1: shutdown server GrpcServerProtocolService successfully
2022-12-08 07:06:43,067 [om1-impl-thread1] INFO  server.RaftServer$Division (RaftServerImpl.java:lambda$close$4(458)) - om1@group-C5BA1605619E: shutdown
2022-12-08 07:06:43,068 [om1-impl-thread1] INFO  util.JmxRegister (JmxRegister.java:unregister(73)) - Successfully un-registered JMX Bean with object name Ratis:service=RaftServer,group=group-C5BA1605619E,id=om1
2022-12-08 07:06:43,068 [om1-impl-thread1] INFO  impl.RoleInfo (RoleInfo.java:shutdownLeaderState(93)) - om1: shutdown om1@group-C5BA1605619E-LeaderStateImpl
2022-12-08 07:06:43,068 [om1-impl-thread1] INFO  impl.PendingRequests (PendingRequests.java:sendNotLeaderResponses(282)) - om1@group-C5BA1605619E-PendingRequests: sendNotLeaderResponses
2022-12-08 07:06:43,075 [EventQueue-CommandQueueReportForCommandQueueReportHandler] WARN  events.EventQueue (EventQueue.java:fireEvent(216)) - No event handler registered for event TypedEvent{payloadType=DatanodeDetails, name='Datanode_Command_Queue_Updated'}
2022-12-08 07:06:43,090 [Listener at 127.0.0.1/34989] INFO  reflections.Reflections (Reflections.java:scan(232)) - Reflections took 204 ms to scan 7 urls, producing 140 keys and 342 values 
]]></system-out>
  </testcase>
  <testcase name="testContainerIsReplicatedWhenAllNodesGotoMaintenance" classname="org.apache.hadoop.ozone.scm.node.TestDecommissionAndMaintenance" time="40.762"/>
  <testcase name="testMaintenanceEndsAutomaticallyAtTimeout" classname="org.apache.hadoop.ozone.scm.node.TestDecommissionAndMaintenance" time="38.325"/>
  <testcase name="testSingleNodeWithOpenPipelineCanGotoMaintenance" classname="org.apache.hadoop.ozone.scm.node.TestDecommissionAndMaintenance" time="38.002"/>
  <testcase name="testSCMHandlesRestartForMaintenanceNode" classname="org.apache.hadoop.ozone.scm.node.TestDecommissionAndMaintenance" time="23.702"/>
  <testcase name="testEnteringMaintenanceNodeCompletesAfterSCMRestart" classname="org.apache.hadoop.ozone.scm.node.TestDecommissionAndMaintenance" time="14.85"/>
  <testcase name="testDecommissioningNodesCompleteDecommissionOnSCMRestart" classname="org.apache.hadoop.ozone.scm.node.TestDecommissionAndMaintenance" time="34.789"/>
</testsuite>