<?xml version="1.0" encoding="UTF-8"?>
<testsuite xmlns:xsi="http://www.w3.org/2001/XMLSchema-instance" xsi:noNamespaceSchemaLocation="https://maven.apache.org/surefire/maven-surefire-plugin/xsd/surefire-test-report.xsd" name="org.apache.hadoop.ozone.om.TestOMRatisSnapshots" time="115.126" tests="3" errors="0" skipped="0" failures="1">
  <properties>
    <property name="awt.toolkit" value="sun.awt.X11.XToolkit"/>
    <property name="file.encoding.pkg" value="sun.io"/>
    <property name="java.specification.version" value="1.8"/>
    <property name="sun.cpu.isalist" value=""/>
    <property name="sun.jnu.encoding" value="ANSI_X3.4-1968"/>
    <property name="java.class.path" value="/github/workspace/mnt/ozone/hadoop-ozone/integration-test/target/test-classes:/github/workspace/mnt/ozone/hadoop-ozone/integration-test/target/classes:/home/user/.m2/repository/org/apache/hadoop/hadoop-ozone-common/1.1.0-SNAPSHOT/hadoop-ozone-common-1.1.0-SNAPSHOT.jar:/home/user/.m2/repository/org/apache/commons/commons-compress/1.4.1/commons-compress-1.4.1.jar:/home/user/.m2/repository/org/tukaani/xz/1.0/xz-1.0.jar:/home/user/.m2/repository/org/apache/hadoop/hadoop-hdds-common/1.1.0-SNAPSHOT/hadoop-hdds-common-1.1.0-SNAPSHOT.jar:/home/user/.m2/repository/org/apache/hadoop/hadoop-hdds-client/1.1.0-SNAPSHOT/hadoop-hdds-client-1.1.0-SNAPSHOT.jar:/home/user/.m2/repository/org/apache/hadoop/hadoop-ozone-interface-client/1.1.0-SNAPSHOT/hadoop-ozone-interface-client-1.1.0-SNAPSHOT.jar:/home/user/.m2/repository/org/apache/hadoop/hadoop-hdds-test-utils/1.1.0-SNAPSHOT/hadoop-hdds-test-utils-1.1.0-SNAPSHOT.jar:/home/user/.m2/repository/com/google/guava/guava/28.2-jre/guava-28.2-jre.jar:/home/user/.m2/repository/com/google/guava/failureaccess/1.0.1/failureaccess-1.0.1.jar:/home/user/.m2/repository/com/google/guava/listenablefuture/9999.0-empty-to-avoid-conflict-with-guava/listenablefuture-9999.0-empty-to-avoid-conflict-with-guava.jar:/home/user/.m2/repository/com/google/code/findbugs/jsr305/3.0.0/jsr305-3.0.0.jar:/home/user/.m2/repository/org/checkerframework/checker-qual/2.10.0/checker-qual-2.10.0.jar:/home/user/.m2/repository/com/google/errorprone/error_prone_annotations/2.2.0/error_prone_annotations-2.2.0.jar:/home/user/.m2/repository/com/google/j2objc/j2objc-annotations/1.3/j2objc-annotations-1.3.jar:/home/user/.m2/repository/commons-io/commons-io/2.5/commons-io-2.5.jar:/home/user/.m2/repository/commons-logging/commons-logging/1.2/commons-logging-1.2.jar:/home/user/.m2/repository/log4j/log4j/1.2.17/log4j-1.2.17.jar:/home/user/.m2/repository/org/slf4j/slf4j-api/1.7.30/slf4j-api-1.7.30.jar:/home/user/.m2/repository/org/apache/hadoop/hadoop-hdds-server-scm/1.1.0-SNAPSHOT/hadoop-hdds-server-scm-1.1.0-SNAPSHOT.jar:/home/user/.m2/repository/org/apache/hadoop/hadoop-hdds-container-service/1.1.0-SNAPSHOT/hadoop-hdds-container-service-1.1.0-SNAPSHOT.jar:/home/user/.m2/repository/org/apache/hadoop/hadoop-hdds-hadoop-dependency-server/1.1.0-SNAPSHOT/hadoop-hdds-hadoop-dependency-server-1.1.0-SNAPSHOT.jar:/home/user/.m2/repository/org/apache/hadoop/hadoop-hdfs/3.2.1/hadoop-hdfs-3.2.1.jar:/home/user/.m2/repository/org/apache/hadoop/hadoop-hdds-server-framework/1.1.0-SNAPSHOT/hadoop-hdds-server-framework-1.1.0-SNAPSHOT.jar:/home/user/.m2/repository/org/apache/hadoop/hadoop-hdds-interface-server/1.1.0-SNAPSHOT/hadoop-hdds-interface-server-1.1.0-SNAPSHOT.jar:/home/user/.m2/repository/org/apache/hadoop/hadoop-hdds-interface-admin/1.1.0-SNAPSHOT/hadoop-hdds-interface-admin-1.1.0-SNAPSHOT.jar:/home/user/.m2/repository/org/eclipse/jetty/jetty-servlet/9.4.34.v20201102/jetty-servlet-9.4.34.v20201102.jar:/home/user/.m2/repository/org/eclipse/jetty/jetty-security/9.4.34.v20201102/jetty-security-9.4.34.v20201102.jar:/home/user/.m2/repository/org/rocksdb/rocksdbjni/6.8.1/rocksdbjni-6.8.1.jar:/home/user/.m2/repository/io/prometheus/simpleclient_dropwizard/0.7.0/simpleclient_dropwizard-0.7.0.jar:/home/user/.m2/repository/io/prometheus/simpleclient/0.7.0/simpleclient-0.7.0.jar:/home/user/.m2/repository/io/prometheus/simpleclient_common/0.7.0/simpleclient_common-0.7.0.jar:/home/user/.m2/repository/com/fasterxml/jackson/datatype/jackson-datatype-jsr310/2.10.3/jackson-datatype-jsr310-2.10.3.jar:/home/user/.m2/repository/io/dropwizard/metrics/metrics-core/3.2.4/metrics-core-3.2.4.jar:/home/user/.m2/repository/org/apache/hadoop/hadoop-hdfs-client/3.2.1/hadoop-hdfs-client-3.2.1.jar:/home/user/.m2/repository/org/bouncycastle/bcprov-jdk15on/1.67/bcprov-jdk15on-1.67.jar:/home/user/.m2/repository/org/apache/hadoop/hadoop-ozone-ozone-manager/1.1.0-SNAPSHOT/hadoop-ozone-ozone-manager-1.1.0-SNAPSHOT.jar:/home/user/.m2/repository/org/apache/hadoop/hadoop-hdds-interface-client/1.1.0-SNAPSHOT/hadoop-hdds-interface-client-1.1.0-SNAPSHOT.jar:/home/user/.m2/repository/org/apache/ratis/ratis-thirdparty-misc/0.6.0-SNAPSHOT/ratis-thirdparty-misc-0.6.0-SNAPSHOT.jar:/home/user/.m2/repository/org/apache/hadoop/hadoop-ozone-interface-storage/1.1.0-SNAPSHOT/hadoop-ozone-interface-storage-1.1.0-SNAPSHOT.jar:/home/user/.m2/repository/org/apache/hadoop/hadoop-minikdc/3.2.1/hadoop-minikdc-3.2.1.jar:/home/user/.m2/repository/org/apache/kerby/kerb-simplekdc/1.0.1/kerb-simplekdc-1.0.1.jar:/home/user/.m2/repository/org/apache/kerby/kerb-client/1.0.1/kerb-client-1.0.1.jar:/home/user/.m2/repository/org/apache/kerby/kerby-config/1.0.1/kerby-config-1.0.1.jar:/home/user/.m2/repository/org/apache/kerby/kerb-core/1.0.1/kerb-core-1.0.1.jar:/home/user/.m2/repository/org/apache/kerby/kerby-pkix/1.0.1/kerby-pkix-1.0.1.jar:/home/user/.m2/repository/org/apache/kerby/kerby-asn1/1.0.1/kerby-asn1-1.0.1.jar:/home/user/.m2/repository/org/apache/kerby/kerby-util/1.0.1/kerby-util-1.0.1.jar:/home/user/.m2/repository/org/apache/kerby/kerb-common/1.0.1/kerb-common-1.0.1.jar:/home/user/.m2/repository/org/apache/kerby/kerb-crypto/1.0.1/kerb-crypto-1.0.1.jar:/home/user/.m2/repository/org/apache/kerby/kerb-util/1.0.1/kerb-util-1.0.1.jar:/home/user/.m2/repository/org/apache/kerby/token-provider/1.0.1/token-provider-1.0.1.jar:/home/user/.m2/repository/org/apache/kerby/kerb-admin/1.0.1/kerb-admin-1.0.1.jar:/home/user/.m2/repository/org/apache/kerby/kerb-server/1.0.1/kerb-server-1.0.1.jar:/home/user/.m2/repository/org/apache/kerby/kerb-identity/1.0.1/kerb-identity-1.0.1.jar:/home/user/.m2/repository/org/apache/kerby/kerby-xdr/1.0.1/kerby-xdr-1.0.1.jar:/home/user/.m2/repository/org/slf4j/slf4j-log4j12/1.7.30/slf4j-log4j12-1.7.30.jar:/home/user/.m2/repository/org/apache/hadoop/hadoop-ozone-s3gateway/1.1.0-SNAPSHOT/hadoop-ozone-s3gateway-1.1.0-SNAPSHOT.jar:/home/user/.m2/repository/org/jboss/weld/servlet/weld-servlet/2.4.7.Final/weld-servlet-2.4.7.Final.jar:/home/user/.m2/repository/org/glassfish/jersey/containers/jersey-container-servlet-core/2.27/jersey-container-servlet-core-2.27.jar:/home/user/.m2/repository/org/glassfish/hk2/external/javax.inject/2.5.0-b42/javax.inject-2.5.0-b42.jar:/home/user/.m2/repository/org/glassfish/jersey/core/jersey-common/2.27/jersey-common-2.27.jar:/home/user/.m2/repository/org/glassfish/hk2/osgi-resource-locator/1.0.1/osgi-resource-locator-1.0.1.jar:/home/user/.m2/repository/javax/ws/rs/javax.ws.rs-api/2.1/javax.ws.rs-api-2.1.jar:/home/user/.m2/repository/org/glassfish/jersey/ext/cdi/jersey-cdi1x/2.27/jersey-cdi1x-2.27.jar:/home/user/.m2/repository/org/glassfish/jersey/inject/jersey-hk2/2.27/jersey-hk2-2.27.jar:/home/user/.m2/repository/org/glassfish/hk2/hk2-locator/2.5.0-b42/hk2-locator-2.5.0-b42.jar:/home/user/.m2/repository/org/javassist/javassist/3.22.0-CR2/javassist-3.22.0-CR2.jar:/home/user/.m2/repository/org/glassfish/hk2/hk2-api/2.5.0/hk2-api-2.5.0.jar:/home/user/.m2/repository/org/glassfish/hk2/external/jakarta.inject/2.5.0/jakarta.inject-2.5.0.jar:/home/user/.m2/repository/org/glassfish/hk2/hk2-utils/2.5.0/hk2-utils-2.5.0.jar:/home/user/.m2/repository/jakarta/annotation/jakarta.annotation-api/1.3.4/jakarta.annotation-api-1.3.4.jar:/home/user/.m2/repository/org/glassfish/hk2/external/aopalliance-repackaged/2.5.0/aopalliance-repackaged-2.5.0.jar:/home/user/.m2/repository/com/fasterxml/jackson/dataformat/jackson-dataformat-xml/2.10.3/jackson-dataformat-xml-2.10.3.jar:/home/user/.m2/repository/com/fasterxml/jackson/core/jackson-core/2.10.3/jackson-core-2.10.3.jar:/home/user/.m2/repository/com/fasterxml/jackson/module/jackson-module-jaxb-annotations/2.10.3/jackson-module-jaxb-annotations-2.10.3.jar:/home/user/.m2/repository/jakarta/xml/bind/jakarta.xml.bind-api/2.3.2/jakarta.xml.bind-api-2.3.2.jar:/home/user/.m2/repository/jakarta/activation/jakarta.activation-api/1.2.1/jakarta.activation-api-1.2.1.jar:/home/user/.m2/repository/org/codehaus/woodstox/stax2-api/3.1.4/stax2-api-3.1.4.jar:/home/user/.m2/repository/com/fasterxml/woodstox/woodstox-core/5.0.3/woodstox-core-5.0.3.jar:/home/user/.m2/repository/javax/enterprise/cdi-api/1.2/cdi-api-1.2.jar:/home/user/.m2/repository/javax/el/javax.el-api/3.0.0/javax.el-api-3.0.0.jar:/home/user/.m2/repository/javax/interceptor/javax.interceptor-api/1.2/javax.interceptor-api-1.2.jar:/home/user/.m2/repository/javax/inject/javax.inject/1/javax.inject-1.jar:/home/user/.m2/repository/com/sun/xml/bind/jaxb-impl/2.3.0.1/jaxb-impl-2.3.0.1.jar:/home/user/.m2/repository/com/sun/xml/bind/jaxb-core/2.3.0.1/jaxb-core-2.3.0.1.jar:/home/user/.m2/repository/javax/xml/bind/jaxb-api/2.3.0/jaxb-api-2.3.0.jar:/home/user/.m2/repository/javax/activation/activation/1.1.1/activation-1.1.1.jar:/home/user/.m2/repository/org/apache/hadoop/hadoop-ozone-csi/1.1.0-SNAPSHOT/hadoop-ozone-csi-1.1.0-SNAPSHOT.jar:/home/user/.m2/repository/com/google/protobuf/protobuf-java-util/3.11.0/protobuf-java-util-3.11.0.jar:/home/user/.m2/repository/com/google/code/gson/gson/2.2.4/gson-2.2.4.jar:/home/user/.m2/repository/org/apache/hadoop/hadoop-hdds-config/1.1.0-SNAPSHOT/hadoop-hdds-config-1.1.0-SNAPSHOT.jar:/home/user/.m2/repository/com/google/protobuf/protobuf-java/2.5.0/protobuf-java-2.5.0.jar:/home/user/.m2/repository/io/grpc/grpc-netty/1.29.0/grpc-netty-1.29.0.jar:/home/user/.m2/repository/io/grpc/grpc-core/1.29.0/grpc-core-1.29.0.jar:/home/user/.m2/repository/com/google/android/annotations/4.1.1.4/annotations-4.1.1.4.jar:/home/user/.m2/repository/io/perfmark/perfmark-api/0.19.0/perfmark-api-0.19.0.jar:/home/user/.m2/repository/io/netty/netty-codec-http2/4.1.48.Final/netty-codec-http2-4.1.48.Final.jar:/home/user/.m2/repository/io/netty/netty-codec/4.1.48.Final/netty-codec-4.1.48.Final.jar:/home/user/.m2/repository/io/netty/netty-handler/4.1.48.Final/netty-handler-4.1.48.Final.jar:/home/user/.m2/repository/io/netty/netty-codec-http/4.1.48.Final/netty-codec-http-4.1.48.Final.jar:/home/user/.m2/repository/io/netty/netty-handler-proxy/4.1.48.Final/netty-handler-proxy-4.1.48.Final.jar:/home/user/.m2/repository/io/netty/netty-codec-socks/4.1.48.Final/netty-codec-socks-4.1.48.Final.jar:/home/user/.m2/repository/io/netty/netty-transport-native-epoll/4.1.48.Final/netty-transport-native-epoll-4.1.48.Final.jar:/home/user/.m2/repository/io/netty/netty-common/4.1.48.Final/netty-common-4.1.48.Final.jar:/home/user/.m2/repository/io/netty/netty-buffer/4.1.48.Final/netty-buffer-4.1.48.Final.jar:/home/user/.m2/repository/io/netty/netty-transport/4.1.48.Final/netty-transport-4.1.48.Final.jar:/home/user/.m2/repository/io/netty/netty-resolver/4.1.48.Final/netty-resolver-4.1.48.Final.jar:/home/user/.m2/repository/io/netty/netty-transport-native-unix-common/4.1.48.Final/netty-transport-native-unix-common-4.1.48.Final.jar:/home/user/.m2/repository/io/grpc/grpc-protobuf/1.29.0/grpc-protobuf-1.29.0.jar:/home/user/.m2/repository/io/grpc/grpc-api/1.29.0/grpc-api-1.29.0.jar:/home/user/.m2/repository/io/grpc/grpc-context/1.29.0/grpc-context-1.29.0.jar:/home/user/.m2/repository/org/codehaus/mojo/animal-sniffer-annotations/1.18/animal-sniffer-annotations-1.18.jar:/home/user/.m2/repository/com/google/api/grpc/proto-google-common-protos/1.17.0/proto-google-common-protos-1.17.0.jar:/home/user/.m2/repository/io/grpc/grpc-protobuf-lite/1.29.0/grpc-protobuf-lite-1.29.0.jar:/home/user/.m2/repository/io/grpc/grpc-stub/1.29.0/grpc-stub-1.29.0.jar:/home/user/.m2/repository/org/apache/hadoop/hadoop-ozone-recon/1.1.0-SNAPSHOT/hadoop-ozone-recon-1.1.0-SNAPSHOT.jar:/home/user/.m2/repository/org/apache/hadoop/hadoop-ozone-reconcodegen/1.1.0-SNAPSHOT/hadoop-ozone-reconcodegen-1.1.0-SNAPSHOT.jar:/home/user/.m2/repository/com/google/inject/extensions/guice-multibindings/4.0/guice-multibindings-4.0.jar:/home/user/.m2/repository/com/google/inject/guice/4.0/guice-4.0.jar:/home/user/.m2/repository/aopalliance/aopalliance/1.0/aopalliance-1.0.jar:/home/user/.m2/repository/com/google/inject/extensions/guice-assistedinject/4.0/guice-assistedinject-4.0.jar:/home/user/.m2/repository/com/google/inject/extensions/guice-servlet/4.0/guice-servlet-4.0.jar:/home/user/.m2/repository/org/glassfish/jersey/containers/jersey-container-servlet/2.27/jersey-container-servlet-2.27.jar:/home/user/.m2/repository/org/glassfish/hk2/guice-bridge/2.5.0/guice-bridge-2.5.0.jar:/home/user/.m2/repository/org/glassfish/jersey/core/jersey-server/2.27/jersey-server-2.27.jar:/home/user/.m2/repository/org/glassfish/jersey/core/jersey-client/2.27/jersey-client-2.27.jar:/home/user/.m2/repository/org/glassfish/jersey/media/jersey-media-jaxb/2.27/jersey-media-jaxb-2.27.jar:/home/user/.m2/repository/javax/validation/validation-api/1.1.0.Final/validation-api-1.1.0.Final.jar:/home/user/.m2/repository/org/glassfish/jersey/media/jersey-media-json-jackson/2.27/jersey-media-json-jackson-2.27.jar:/home/user/.m2/repository/org/glassfish/jersey/ext/jersey-entity-filtering/2.27/jersey-entity-filtering-2.27.jar:/home/user/.m2/repository/org/jooq/jooq/3.11.10/jooq-3.11.10.jar:/home/user/.m2/repository/org/jooq/jooq-meta/3.11.10/jooq-meta-3.11.10.jar:/home/user/.m2/repository/org/jooq/jooq-codegen/3.11.10/jooq-codegen-3.11.10.jar:/home/user/.m2/repository/com/jolbox/bonecp/0.8.0.RELEASE/bonecp-0.8.0.RELEASE.jar:/home/user/.m2/repository/org/apache/derby/derby/10.14.2.0/derby-10.14.2.0.jar:/home/user/.m2/repository/org/xerial/sqlite-jdbc/3.25.2/sqlite-jdbc-3.25.2.jar:/home/user/.m2/repository/org/springframework/spring-jdbc/5.2.11.RELEASE/spring-jdbc-5.2.11.RELEASE.jar:/home/user/.m2/repository/org/springframework/spring-beans/5.2.11.RELEASE/spring-beans-5.2.11.RELEASE.jar:/home/user/.m2/repository/org/springframework/spring-core/5.2.11.RELEASE/spring-core-5.2.11.RELEASE.jar:/home/user/.m2/repository/org/springframework/spring-jcl/5.2.11.RELEASE/spring-jcl-5.2.11.RELEASE.jar:/home/user/.m2/repository/org/springframework/spring-tx/5.2.11.RELEASE/spring-tx-5.2.11.RELEASE.jar:/home/user/.m2/repository/org/apache/hadoop/hadoop-ozone-client/1.1.0-SNAPSHOT/hadoop-ozone-client-1.1.0-SNAPSHOT.jar:/home/user/.m2/repository/org/apache/hadoop/hadoop-ozone-filesystem/1.1.0-SNAPSHOT/hadoop-ozone-filesystem-1.1.0-SNAPSHOT.jar:/home/user/.m2/repository/org/apache/hadoop/hadoop-ozone-filesystem-common/1.1.0-SNAPSHOT/hadoop-ozone-filesystem-common-1.1.0-SNAPSHOT.jar:/home/user/.m2/repository/org/apache/hadoop/hadoop-ozone-tools/1.1.0-SNAPSHOT/hadoop-ozone-tools-1.1.0-SNAPSHOT.jar:/home/user/.m2/repository/org/apache/ratis/ratis-tools/1.1.0-35f17fa-SNAPSHOT/ratis-tools-1.1.0-35f17fa-SNAPSHOT.jar:/home/user/.m2/repository/org/apache/ratis/ratis-proto/1.1.0-35f17fa-SNAPSHOT/ratis-proto-1.1.0-35f17fa-SNAPSHOT.jar:/home/user/.m2/repository/org/apache/ratis/ratis-common/1.1.0-35f17fa-SNAPSHOT/ratis-common-1.1.0-35f17fa-SNAPSHOT.jar:/home/user/.m2/repository/com/amazonaws/aws-java-sdk-core/1.11.901/aws-java-sdk-core-1.11.901.jar:/home/user/.m2/repository/org/apache/httpcomponents/httpclient/4.5.13/httpclient-4.5.13.jar:/home/user/.m2/repository/org/apache/httpcomponents/httpcore/4.4.13/httpcore-4.4.13.jar:/home/user/.m2/repository/software/amazon/ion/ion-java/1.0.2/ion-java-1.0.2.jar:/home/user/.m2/repository/com/fasterxml/jackson/dataformat/jackson-dataformat-cbor/2.10.3/jackson-dataformat-cbor-2.10.3.jar:/home/user/.m2/repository/joda-time/joda-time/2.8.1/joda-time-2.8.1.jar:/home/user/.m2/repository/com/amazonaws/aws-java-sdk-s3/1.11.901/aws-java-sdk-s3-1.11.901.jar:/home/user/.m2/repository/com/amazonaws/aws-java-sdk-kms/1.11.901/aws-java-sdk-kms-1.11.901.jar:/home/user/.m2/repository/com/amazonaws/jmespath-java/1.11.901/jmespath-java-1.11.901.jar:/home/user/.m2/repository/org/kohsuke/metainf-services/metainf-services/1.8/metainf-services-1.8.jar:/home/user/.m2/repository/org/apache/hadoop/hadoop-hdds-tools/1.1.0-SNAPSHOT/hadoop-hdds-tools-1.1.0-SNAPSHOT.jar:/home/user/.m2/repository/commons-cli/commons-cli/1.2/commons-cli-1.2.jar:/home/user/.m2/repository/org/apache/commons/commons-lang3/3.7/commons-lang3-3.7.jar:/home/user/.m2/repository/org/apache/hadoop/hadoop-ozone-ozone-manager/1.1.0-SNAPSHOT/hadoop-ozone-ozone-manager-1.1.0-SNAPSHOT-tests.jar:/home/user/.m2/repository/org/apache/hadoop/hadoop-hdds-common/1.1.0-SNAPSHOT/hadoop-hdds-common-1.1.0-SNAPSHOT-tests.jar:/home/user/.m2/repository/org/apache/hadoop/hadoop-hdds-hadoop-dependency-client/1.1.0-SNAPSHOT/hadoop-hdds-hadoop-dependency-client-1.1.0-SNAPSHOT.jar:/home/user/.m2/repository/info/picocli/picocli/4.4.0/picocli-4.4.0.jar:/home/user/.m2/repository/com/fasterxml/jackson/core/jackson-annotations/2.10.3/jackson-annotations-2.10.3.jar:/home/user/.m2/repository/javax/annotation/javax.annotation-api/1.2/javax.annotation-api-1.2.jar:/home/user/.m2/repository/org/fusesource/leveldbjni/leveldbjni-all/1.8/leveldbjni-all-1.8.jar:/home/user/.m2/repository/org/apache/ratis/ratis-server/1.1.0-35f17fa-SNAPSHOT/ratis-server-1.1.0-35f17fa-SNAPSHOT.jar:/home/user/.m2/repository/org/apache/ratis/ratis-client/1.1.0-35f17fa-SNAPSHOT/ratis-client-1.1.0-35f17fa-SNAPSHOT.jar:/home/user/.m2/repository/org/apache/ratis/ratis-server-api/1.1.0-35f17fa-SNAPSHOT/ratis-server-api-1.1.0-35f17fa-SNAPSHOT.jar:/home/user/.m2/repository/org/apache/ratis/ratis-metrics/1.1.0-35f17fa-SNAPSHOT/ratis-metrics-1.1.0-35f17fa-SNAPSHOT.jar:/home/user/.m2/repository/org/apache/ratis/ratis-netty/1.1.0-35f17fa-SNAPSHOT/ratis-netty-1.1.0-35f17fa-SNAPSHOT.jar:/home/user/.m2/repository/org/apache/ratis/ratis-grpc/1.1.0-35f17fa-SNAPSHOT/ratis-grpc-1.1.0-35f17fa-SNAPSHOT.jar:/home/user/.m2/repository/org/apache/logging/log4j/log4j-api/2.13.3/log4j-api-2.13.3.jar:/home/user/.m2/repository/org/apache/logging/log4j/log4j-core/2.13.3/log4j-core-2.13.3.jar:/home/user/.m2/repository/com/lmax/disruptor/3.4.2/disruptor-3.4.2.jar:/home/user/.m2/repository/org/apache/commons/commons-pool2/2.6.0/commons-pool2-2.6.0.jar:/home/user/.m2/repository/org/bouncycastle/bcpkix-jdk15on/1.67/bcpkix-jdk15on-1.67.jar:/home/user/.m2/repository/commons-validator/commons-validator/1.6/commons-validator-1.6.jar:/home/user/.m2/repository/commons-beanutils/commons-beanutils/1.9.4/commons-beanutils-1.9.4.jar:/home/user/.m2/repository/commons-digester/commons-digester/1.8.1/commons-digester-1.8.1.jar:/home/user/.m2/repository/commons-collections/commons-collections/3.2.2/commons-collections-3.2.2.jar:/home/user/.m2/repository/io/jaegertracing/jaeger-client/1.2.0/jaeger-client-1.2.0.jar:/home/user/.m2/repository/io/jaegertracing/jaeger-thrift/1.2.0/jaeger-thrift-1.2.0.jar:/home/user/.m2/repository/org/apache/thrift/libthrift/0.13.0/libthrift-0.13.0.jar:/home/user/.m2/repository/com/squareup/okhttp3/okhttp/4.2.2/okhttp-4.2.2.jar:/home/user/.m2/repository/com/squareup/okio/okio/2.2.2/okio-2.2.2.jar:/home/user/.m2/repository/org/jetbrains/kotlin/kotlin-stdlib/1.3.50/kotlin-stdlib-1.3.50.jar:/home/user/.m2/repository/org/jetbrains/kotlin/kotlin-stdlib-common/1.3.50/kotlin-stdlib-common-1.3.50.jar:/home/user/.m2/repository/org/jetbrains/annotations/13.0/annotations-13.0.jar:/home/user/.m2/repository/io/jaegertracing/jaeger-core/1.2.0/jaeger-core-1.2.0.jar:/home/user/.m2/repository/io/jaegertracing/jaeger-tracerresolver/1.2.0/jaeger-tracerresolver-1.2.0.jar:/home/user/.m2/repository/io/opentracing/contrib/opentracing-tracerresolver/0.1.8/opentracing-tracerresolver-0.1.8.jar:/home/user/.m2/repository/io/opentracing/opentracing-util/0.33.0/opentracing-util-0.33.0.jar:/home/user/.m2/repository/io/opentracing/opentracing-api/0.33.0/opentracing-api-0.33.0.jar:/home/user/.m2/repository/io/opentracing/opentracing-noop/0.33.0/opentracing-noop-0.33.0.jar:/home/user/.m2/repository/org/yaml/snakeyaml/1.26/snakeyaml-1.26.jar:/home/user/.m2/repository/junit/junit/4.11/junit-4.11.jar:/home/user/.m2/repository/org/hamcrest/hamcrest-core/1.3/hamcrest-core-1.3.jar:/home/user/.m2/repository/org/openjdk/jmh/jmh-core/1.19/jmh-core-1.19.jar:/home/user/.m2/repository/net/sf/jopt-simple/jopt-simple/4.6/jopt-simple-4.6.jar:/home/user/.m2/repository/org/apache/commons/commons-math3/3.1.1/commons-math3-3.1.1.jar:/home/user/.m2/repository/org/openjdk/jmh/jmh-generator-annprocess/1.19/jmh-generator-annprocess-1.19.jar:/home/user/.m2/repository/org/mockito/mockito-all/1.8.5/mockito-all-1.8.5.jar:/home/user/.m2/repository/org/apache/hadoop/hadoop-kms/3.2.1/hadoop-kms-3.2.1.jar:/home/user/.m2/repository/org/apache/hadoop/hadoop-auth/3.2.1/hadoop-auth-3.2.1.jar:/home/user/.m2/repository/com/nimbusds/nimbus-jose-jwt/7.9/nimbus-jose-jwt-7.9.jar:/home/user/.m2/repository/com/github/stephenc/jcip/jcip-annotations/1.0-1/jcip-annotations-1.0-1.jar:/home/user/.m2/repository/net/minidev/json-smart/2.3/json-smart-2.3.jar:/home/user/.m2/repository/net/minidev/accessors-smart/1.2/accessors-smart-1.2.jar:/home/user/.m2/repository/org/ow2/asm/asm/5.0.4/asm-5.0.4.jar:/home/user/.m2/repository/org/apache/zookeeper/zookeeper/3.4.13/zookeeper-3.4.13.jar:/home/user/.m2/repository/org/apache/yetus/audience-annotations/0.5.0/audience-annotations-0.5.0.jar:/home/user/.m2/repository/org/apache/curator/curator-framework/2.13.0/curator-framework-2.13.0.jar:/home/user/.m2/repository/com/sun/jersey/jersey-core/1.19/jersey-core-1.19.jar:/home/user/.m2/repository/javax/ws/rs/jsr311-api/1.1.1/jsr311-api-1.1.1.jar:/home/user/.m2/repository/com/sun/jersey/jersey-server/1.19/jersey-server-1.19.jar:/home/user/.m2/repository/javax/servlet/javax.servlet-api/3.1.0/javax.servlet-api-3.1.0.jar:/home/user/.m2/repository/org/eclipse/jetty/jetty-server/9.4.34.v20201102/jetty-server-9.4.34.v20201102.jar:/home/user/.m2/repository/org/eclipse/jetty/jetty-http/9.4.34.v20201102/jetty-http-9.4.34.v20201102.jar:/home/user/.m2/repository/org/eclipse/jetty/jetty-io/9.4.34.v20201102/jetty-io-9.4.34.v20201102.jar:/home/user/.m2/repository/org/eclipse/jetty/jetty-webapp/9.4.34.v20201102/jetty-webapp-9.4.34.v20201102.jar:/home/user/.m2/repository/org/eclipse/jetty/jetty-xml/9.4.34.v20201102/jetty-xml-9.4.34.v20201102.jar:/home/user/.m2/repository/org/apache/hadoop/hadoop-common/3.2.1/hadoop-common-3.2.1.jar:/home/user/.m2/repository/commons-net/commons-net/3.6/commons-net-3.6.jar:/home/user/.m2/repository/com/sun/jersey/jersey-servlet/1.19/jersey-servlet-1.19.jar:/home/user/.m2/repository/com/sun/jersey/jersey-json/1.19/jersey-json-1.19.jar:/home/user/.m2/repository/org/codehaus/jettison/jettison/1.1/jettison-1.1.jar:/home/user/.m2/repository/org/codehaus/jackson/jackson-jaxrs/1.9.2/jackson-jaxrs-1.9.2.jar:/home/user/.m2/repository/org/codehaus/jackson/jackson-xc/1.9.2/jackson-xc-1.9.2.jar:/home/user/.m2/repository/org/apache/commons/commons-configuration2/2.1.1/commons-configuration2-2.1.1.jar:/home/user/.m2/repository/org/apache/commons/commons-text/1.4/commons-text-1.4.jar:/home/user/.m2/repository/com/google/re2j/re2j/1.1/re2j-1.1.jar:/home/user/.m2/repository/com/jcraft/jsch/0.1.54/jsch-0.1.54.jar:/home/user/.m2/repository/org/apache/curator/curator-client/2.13.0/curator-client-2.13.0.jar:/home/user/.m2/repository/org/apache/curator/curator-recipes/2.13.0/curator-recipes-2.13.0.jar:/home/user/.m2/repository/dnsjava/dnsjava/2.1.7/dnsjava-2.1.7.jar:/home/user/.m2/repository/org/slf4j/jul-to-slf4j/1.7.30/jul-to-slf4j-1.7.30.jar:/home/user/.m2/repository/org/eclipse/jetty/jetty-util/9.4.34.v20201102/jetty-util-9.4.34.v20201102.jar:/home/user/.m2/repository/com/fasterxml/jackson/core/jackson-databind/2.10.3/jackson-databind-2.10.3.jar:/home/user/.m2/repository/org/apache/hadoop/hadoop-kms/3.2.1/hadoop-kms-3.2.1-tests.jar:/home/user/.m2/repository/org/apache/hadoop/hadoop-hdds-server-scm/1.1.0-SNAPSHOT/hadoop-hdds-server-scm-1.1.0-SNAPSHOT-tests.jar:/home/user/.m2/repository/org/apache/hadoop/hadoop-hdds-container-service/1.1.0-SNAPSHOT/hadoop-hdds-container-service-1.1.0-SNAPSHOT-tests.jar:/home/user/.m2/repository/commons-codec/commons-codec/1.11/commons-codec-1.11.jar:/home/user/.m2/repository/org/apache/hadoop/hadoop-hdds-hadoop-dependency-test/1.1.0-SNAPSHOT/hadoop-hdds-hadoop-dependency-test-1.1.0-SNAPSHOT.jar:/home/user/.m2/repository/org/apache/hadoop/hadoop-common/3.2.1/hadoop-common-3.2.1-tests.jar:/home/user/.m2/repository/org/apache/hadoop/hadoop-hdfs/3.2.1/hadoop-hdfs-3.2.1-tests.jar:/home/user/.m2/repository/org/eclipse/jetty/jetty-util-ajax/9.4.34.v20201102/jetty-util-ajax-9.4.34.v20201102.jar:/home/user/.m2/repository/commons-daemon/commons-daemon/1.0.13/commons-daemon-1.0.13.jar:/home/user/.m2/repository/io/netty/netty/3.10.5.Final/netty-3.10.5.Final.jar:/home/user/.m2/repository/io/netty/netty-all/4.1.48.Final/netty-all-4.1.48.Final.jar:/home/user/.m2/repository/org/apache/htrace/htrace-core4/4.1.0-incubating/htrace-core4-4.1.0-incubating.jar:/home/user/.m2/repository/org/apache/hadoop/hadoop-distcp/3.2.1/hadoop-distcp-3.2.1.jar:/home/user/.m2/repository/org/apache/hadoop/hadoop-mapreduce-client-jobclient/3.2.1/hadoop-mapreduce-client-jobclient-3.2.1.jar:/home/user/.m2/repository/org/apache/hadoop/hadoop-mapreduce-client-common/3.2.1/hadoop-mapreduce-client-common-3.2.1.jar:/home/user/.m2/repository/org/apache/hadoop/hadoop-yarn-common/3.2.1/hadoop-yarn-common-3.2.1.jar:/home/user/.m2/repository/org/apache/hadoop/hadoop-yarn-api/3.2.1/hadoop-yarn-api-3.2.1.jar:/home/user/.m2/repository/com/sun/jersey/jersey-client/1.19/jersey-client-1.19.jar:/home/user/.m2/repository/com/sun/jersey/contribs/jersey-guice/1.19/jersey-guice-1.19.jar:/home/user/.m2/repository/com/fasterxml/jackson/jaxrs/jackson-jaxrs-json-provider/2.10.3/jackson-jaxrs-json-provider-2.10.3.jar:/home/user/.m2/repository/com/fasterxml/jackson/jaxrs/jackson-jaxrs-base/2.10.3/jackson-jaxrs-base-2.10.3.jar:/home/user/.m2/repository/org/apache/hadoop/hadoop-yarn-client/3.2.1/hadoop-yarn-client-3.2.1.jar:/home/user/.m2/repository/org/apache/hadoop/hadoop-mapreduce-client-core/3.2.1/hadoop-mapreduce-client-core-3.2.1.jar:/home/user/.m2/repository/org/apache/avro/avro/1.7.7/avro-1.7.7.jar:/home/user/.m2/repository/org/codehaus/jackson/jackson-core-asl/1.9.13/jackson-core-asl-1.9.13.jar:/home/user/.m2/repository/org/codehaus/jackson/jackson-mapper-asl/1.9.13/jackson-mapper-asl-1.9.13.jar:/home/user/.m2/repository/com/thoughtworks/paranamer/paranamer/2.3/paranamer-2.3.jar:/home/user/.m2/repository/org/xerial/snappy/snappy-java/1.0.5/snappy-java-1.0.5.jar:/home/user/.m2/repository/org/apache/hadoop/hadoop-annotations/3.2.1/hadoop-annotations-3.2.1.jar:/usr/lib/jvm/java-1.8.0-openjdk-1.8.0.232.b09-0.el7_7.x86_64/jre/../lib/tools.jar:/home/user/.m2/repository/org/apache/hadoop/hadoop-distcp/3.2.1/hadoop-distcp-3.2.1-tests.jar:"/>
    <property name="java.vm.vendor" value="Oracle Corporation"/>
    <property name="sun.arch.data.model" value="64"/>
    <property name="test.build.dir" value="/github/workspace/mnt/ozone/hadoop-ozone/integration-test/target/test-dir"/>
    <property name="test.cache.data" value=""/>
    <property name="java.vendor.url" value="http://java.oracle.com/"/>
    <property name="user.timezone" value=""/>
    <property name="java.vm.specification.version" value="1.8"/>
    <property name="os.name" value="Linux"/>
    <property name="test.build.data" value="/github/workspace/mnt/ozone/hadoop-ozone/integration-test/target/test-dir"/>
    <property name="user.country" value="US"/>
    <property name="sun.java.launcher" value="SUN_STANDARD"/>
    <property name="sun.boot.library.path" value="/usr/lib/jvm/java-1.8.0-openjdk-1.8.0.232.b09-0.el7_7.x86_64/jre/lib/amd64"/>
    <property name="sun.java.command" value="/github/workspace/mnt/ozone/hadoop-ozone/integration-test/target/surefire/surefirebooter5105328535251997970.jar /github/workspace/mnt/ozone/hadoop-ozone/integration-test/target/surefire 2021-01-11T12-19-13_880-jvmRun1 surefire3645946448692614409tmp surefire_365641407348074686168tmp"/>
    <property name="surefire.test.class.path" value="/github/workspace/mnt/ozone/hadoop-ozone/integration-test/target/test-classes:/github/workspace/mnt/ozone/hadoop-ozone/integration-test/target/classes:/home/user/.m2/repository/org/apache/hadoop/hadoop-ozone-common/1.1.0-SNAPSHOT/hadoop-ozone-common-1.1.0-SNAPSHOT.jar:/home/user/.m2/repository/org/apache/commons/commons-compress/1.4.1/commons-compress-1.4.1.jar:/home/user/.m2/repository/org/tukaani/xz/1.0/xz-1.0.jar:/home/user/.m2/repository/org/apache/hadoop/hadoop-hdds-common/1.1.0-SNAPSHOT/hadoop-hdds-common-1.1.0-SNAPSHOT.jar:/home/user/.m2/repository/org/apache/hadoop/hadoop-hdds-client/1.1.0-SNAPSHOT/hadoop-hdds-client-1.1.0-SNAPSHOT.jar:/home/user/.m2/repository/org/apache/hadoop/hadoop-ozone-interface-client/1.1.0-SNAPSHOT/hadoop-ozone-interface-client-1.1.0-SNAPSHOT.jar:/home/user/.m2/repository/org/apache/hadoop/hadoop-hdds-test-utils/1.1.0-SNAPSHOT/hadoop-hdds-test-utils-1.1.0-SNAPSHOT.jar:/home/user/.m2/repository/com/google/guava/guava/28.2-jre/guava-28.2-jre.jar:/home/user/.m2/repository/com/google/guava/failureaccess/1.0.1/failureaccess-1.0.1.jar:/home/user/.m2/repository/com/google/guava/listenablefuture/9999.0-empty-to-avoid-conflict-with-guava/listenablefuture-9999.0-empty-to-avoid-conflict-with-guava.jar:/home/user/.m2/repository/com/google/code/findbugs/jsr305/3.0.0/jsr305-3.0.0.jar:/home/user/.m2/repository/org/checkerframework/checker-qual/2.10.0/checker-qual-2.10.0.jar:/home/user/.m2/repository/com/google/errorprone/error_prone_annotations/2.2.0/error_prone_annotations-2.2.0.jar:/home/user/.m2/repository/com/google/j2objc/j2objc-annotations/1.3/j2objc-annotations-1.3.jar:/home/user/.m2/repository/commons-io/commons-io/2.5/commons-io-2.5.jar:/home/user/.m2/repository/commons-logging/commons-logging/1.2/commons-logging-1.2.jar:/home/user/.m2/repository/log4j/log4j/1.2.17/log4j-1.2.17.jar:/home/user/.m2/repository/org/slf4j/slf4j-api/1.7.30/slf4j-api-1.7.30.jar:/home/user/.m2/repository/org/apache/hadoop/hadoop-hdds-server-scm/1.1.0-SNAPSHOT/hadoop-hdds-server-scm-1.1.0-SNAPSHOT.jar:/home/user/.m2/repository/org/apache/hadoop/hadoop-hdds-container-service/1.1.0-SNAPSHOT/hadoop-hdds-container-service-1.1.0-SNAPSHOT.jar:/home/user/.m2/repository/org/apache/hadoop/hadoop-hdds-hadoop-dependency-server/1.1.0-SNAPSHOT/hadoop-hdds-hadoop-dependency-server-1.1.0-SNAPSHOT.jar:/home/user/.m2/repository/org/apache/hadoop/hadoop-hdfs/3.2.1/hadoop-hdfs-3.2.1.jar:/home/user/.m2/repository/org/apache/hadoop/hadoop-hdds-server-framework/1.1.0-SNAPSHOT/hadoop-hdds-server-framework-1.1.0-SNAPSHOT.jar:/home/user/.m2/repository/org/apache/hadoop/hadoop-hdds-interface-server/1.1.0-SNAPSHOT/hadoop-hdds-interface-server-1.1.0-SNAPSHOT.jar:/home/user/.m2/repository/org/apache/hadoop/hadoop-hdds-interface-admin/1.1.0-SNAPSHOT/hadoop-hdds-interface-admin-1.1.0-SNAPSHOT.jar:/home/user/.m2/repository/org/eclipse/jetty/jetty-servlet/9.4.34.v20201102/jetty-servlet-9.4.34.v20201102.jar:/home/user/.m2/repository/org/eclipse/jetty/jetty-security/9.4.34.v20201102/jetty-security-9.4.34.v20201102.jar:/home/user/.m2/repository/org/rocksdb/rocksdbjni/6.8.1/rocksdbjni-6.8.1.jar:/home/user/.m2/repository/io/prometheus/simpleclient_dropwizard/0.7.0/simpleclient_dropwizard-0.7.0.jar:/home/user/.m2/repository/io/prometheus/simpleclient/0.7.0/simpleclient-0.7.0.jar:/home/user/.m2/repository/io/prometheus/simpleclient_common/0.7.0/simpleclient_common-0.7.0.jar:/home/user/.m2/repository/com/fasterxml/jackson/datatype/jackson-datatype-jsr310/2.10.3/jackson-datatype-jsr310-2.10.3.jar:/home/user/.m2/repository/io/dropwizard/metrics/metrics-core/3.2.4/metrics-core-3.2.4.jar:/home/user/.m2/repository/org/apache/hadoop/hadoop-hdfs-client/3.2.1/hadoop-hdfs-client-3.2.1.jar:/home/user/.m2/repository/org/bouncycastle/bcprov-jdk15on/1.67/bcprov-jdk15on-1.67.jar:/home/user/.m2/repository/org/apache/hadoop/hadoop-ozone-ozone-manager/1.1.0-SNAPSHOT/hadoop-ozone-ozone-manager-1.1.0-SNAPSHOT.jar:/home/user/.m2/repository/org/apache/hadoop/hadoop-hdds-interface-client/1.1.0-SNAPSHOT/hadoop-hdds-interface-client-1.1.0-SNAPSHOT.jar:/home/user/.m2/repository/org/apache/ratis/ratis-thirdparty-misc/0.6.0-SNAPSHOT/ratis-thirdparty-misc-0.6.0-SNAPSHOT.jar:/home/user/.m2/repository/org/apache/hadoop/hadoop-ozone-interface-storage/1.1.0-SNAPSHOT/hadoop-ozone-interface-storage-1.1.0-SNAPSHOT.jar:/home/user/.m2/repository/org/apache/hadoop/hadoop-minikdc/3.2.1/hadoop-minikdc-3.2.1.jar:/home/user/.m2/repository/org/apache/kerby/kerb-simplekdc/1.0.1/kerb-simplekdc-1.0.1.jar:/home/user/.m2/repository/org/apache/kerby/kerb-client/1.0.1/kerb-client-1.0.1.jar:/home/user/.m2/repository/org/apache/kerby/kerby-config/1.0.1/kerby-config-1.0.1.jar:/home/user/.m2/repository/org/apache/kerby/kerb-core/1.0.1/kerb-core-1.0.1.jar:/home/user/.m2/repository/org/apache/kerby/kerby-pkix/1.0.1/kerby-pkix-1.0.1.jar:/home/user/.m2/repository/org/apache/kerby/kerby-asn1/1.0.1/kerby-asn1-1.0.1.jar:/home/user/.m2/repository/org/apache/kerby/kerby-util/1.0.1/kerby-util-1.0.1.jar:/home/user/.m2/repository/org/apache/kerby/kerb-common/1.0.1/kerb-common-1.0.1.jar:/home/user/.m2/repository/org/apache/kerby/kerb-crypto/1.0.1/kerb-crypto-1.0.1.jar:/home/user/.m2/repository/org/apache/kerby/kerb-util/1.0.1/kerb-util-1.0.1.jar:/home/user/.m2/repository/org/apache/kerby/token-provider/1.0.1/token-provider-1.0.1.jar:/home/user/.m2/repository/org/apache/kerby/kerb-admin/1.0.1/kerb-admin-1.0.1.jar:/home/user/.m2/repository/org/apache/kerby/kerb-server/1.0.1/kerb-server-1.0.1.jar:/home/user/.m2/repository/org/apache/kerby/kerb-identity/1.0.1/kerb-identity-1.0.1.jar:/home/user/.m2/repository/org/apache/kerby/kerby-xdr/1.0.1/kerby-xdr-1.0.1.jar:/home/user/.m2/repository/org/slf4j/slf4j-log4j12/1.7.30/slf4j-log4j12-1.7.30.jar:/home/user/.m2/repository/org/apache/hadoop/hadoop-ozone-s3gateway/1.1.0-SNAPSHOT/hadoop-ozone-s3gateway-1.1.0-SNAPSHOT.jar:/home/user/.m2/repository/org/jboss/weld/servlet/weld-servlet/2.4.7.Final/weld-servlet-2.4.7.Final.jar:/home/user/.m2/repository/org/glassfish/jersey/containers/jersey-container-servlet-core/2.27/jersey-container-servlet-core-2.27.jar:/home/user/.m2/repository/org/glassfish/hk2/external/javax.inject/2.5.0-b42/javax.inject-2.5.0-b42.jar:/home/user/.m2/repository/org/glassfish/jersey/core/jersey-common/2.27/jersey-common-2.27.jar:/home/user/.m2/repository/org/glassfish/hk2/osgi-resource-locator/1.0.1/osgi-resource-locator-1.0.1.jar:/home/user/.m2/repository/javax/ws/rs/javax.ws.rs-api/2.1/javax.ws.rs-api-2.1.jar:/home/user/.m2/repository/org/glassfish/jersey/ext/cdi/jersey-cdi1x/2.27/jersey-cdi1x-2.27.jar:/home/user/.m2/repository/org/glassfish/jersey/inject/jersey-hk2/2.27/jersey-hk2-2.27.jar:/home/user/.m2/repository/org/glassfish/hk2/hk2-locator/2.5.0-b42/hk2-locator-2.5.0-b42.jar:/home/user/.m2/repository/org/javassist/javassist/3.22.0-CR2/javassist-3.22.0-CR2.jar:/home/user/.m2/repository/org/glassfish/hk2/hk2-api/2.5.0/hk2-api-2.5.0.jar:/home/user/.m2/repository/org/glassfish/hk2/external/jakarta.inject/2.5.0/jakarta.inject-2.5.0.jar:/home/user/.m2/repository/org/glassfish/hk2/hk2-utils/2.5.0/hk2-utils-2.5.0.jar:/home/user/.m2/repository/jakarta/annotation/jakarta.annotation-api/1.3.4/jakarta.annotation-api-1.3.4.jar:/home/user/.m2/repository/org/glassfish/hk2/external/aopalliance-repackaged/2.5.0/aopalliance-repackaged-2.5.0.jar:/home/user/.m2/repository/com/fasterxml/jackson/dataformat/jackson-dataformat-xml/2.10.3/jackson-dataformat-xml-2.10.3.jar:/home/user/.m2/repository/com/fasterxml/jackson/core/jackson-core/2.10.3/jackson-core-2.10.3.jar:/home/user/.m2/repository/com/fasterxml/jackson/module/jackson-module-jaxb-annotations/2.10.3/jackson-module-jaxb-annotations-2.10.3.jar:/home/user/.m2/repository/jakarta/xml/bind/jakarta.xml.bind-api/2.3.2/jakarta.xml.bind-api-2.3.2.jar:/home/user/.m2/repository/jakarta/activation/jakarta.activation-api/1.2.1/jakarta.activation-api-1.2.1.jar:/home/user/.m2/repository/org/codehaus/woodstox/stax2-api/3.1.4/stax2-api-3.1.4.jar:/home/user/.m2/repository/com/fasterxml/woodstox/woodstox-core/5.0.3/woodstox-core-5.0.3.jar:/home/user/.m2/repository/javax/enterprise/cdi-api/1.2/cdi-api-1.2.jar:/home/user/.m2/repository/javax/el/javax.el-api/3.0.0/javax.el-api-3.0.0.jar:/home/user/.m2/repository/javax/interceptor/javax.interceptor-api/1.2/javax.interceptor-api-1.2.jar:/home/user/.m2/repository/javax/inject/javax.inject/1/javax.inject-1.jar:/home/user/.m2/repository/com/sun/xml/bind/jaxb-impl/2.3.0.1/jaxb-impl-2.3.0.1.jar:/home/user/.m2/repository/com/sun/xml/bind/jaxb-core/2.3.0.1/jaxb-core-2.3.0.1.jar:/home/user/.m2/repository/javax/xml/bind/jaxb-api/2.3.0/jaxb-api-2.3.0.jar:/home/user/.m2/repository/javax/activation/activation/1.1.1/activation-1.1.1.jar:/home/user/.m2/repository/org/apache/hadoop/hadoop-ozone-csi/1.1.0-SNAPSHOT/hadoop-ozone-csi-1.1.0-SNAPSHOT.jar:/home/user/.m2/repository/com/google/protobuf/protobuf-java-util/3.11.0/protobuf-java-util-3.11.0.jar:/home/user/.m2/repository/com/google/code/gson/gson/2.2.4/gson-2.2.4.jar:/home/user/.m2/repository/org/apache/hadoop/hadoop-hdds-config/1.1.0-SNAPSHOT/hadoop-hdds-config-1.1.0-SNAPSHOT.jar:/home/user/.m2/repository/com/google/protobuf/protobuf-java/2.5.0/protobuf-java-2.5.0.jar:/home/user/.m2/repository/io/grpc/grpc-netty/1.29.0/grpc-netty-1.29.0.jar:/home/user/.m2/repository/io/grpc/grpc-core/1.29.0/grpc-core-1.29.0.jar:/home/user/.m2/repository/com/google/android/annotations/4.1.1.4/annotations-4.1.1.4.jar:/home/user/.m2/repository/io/perfmark/perfmark-api/0.19.0/perfmark-api-0.19.0.jar:/home/user/.m2/repository/io/netty/netty-codec-http2/4.1.48.Final/netty-codec-http2-4.1.48.Final.jar:/home/user/.m2/repository/io/netty/netty-codec/4.1.48.Final/netty-codec-4.1.48.Final.jar:/home/user/.m2/repository/io/netty/netty-handler/4.1.48.Final/netty-handler-4.1.48.Final.jar:/home/user/.m2/repository/io/netty/netty-codec-http/4.1.48.Final/netty-codec-http-4.1.48.Final.jar:/home/user/.m2/repository/io/netty/netty-handler-proxy/4.1.48.Final/netty-handler-proxy-4.1.48.Final.jar:/home/user/.m2/repository/io/netty/netty-codec-socks/4.1.48.Final/netty-codec-socks-4.1.48.Final.jar:/home/user/.m2/repository/io/netty/netty-transport-native-epoll/4.1.48.Final/netty-transport-native-epoll-4.1.48.Final.jar:/home/user/.m2/repository/io/netty/netty-common/4.1.48.Final/netty-common-4.1.48.Final.jar:/home/user/.m2/repository/io/netty/netty-buffer/4.1.48.Final/netty-buffer-4.1.48.Final.jar:/home/user/.m2/repository/io/netty/netty-transport/4.1.48.Final/netty-transport-4.1.48.Final.jar:/home/user/.m2/repository/io/netty/netty-resolver/4.1.48.Final/netty-resolver-4.1.48.Final.jar:/home/user/.m2/repository/io/netty/netty-transport-native-unix-common/4.1.48.Final/netty-transport-native-unix-common-4.1.48.Final.jar:/home/user/.m2/repository/io/grpc/grpc-protobuf/1.29.0/grpc-protobuf-1.29.0.jar:/home/user/.m2/repository/io/grpc/grpc-api/1.29.0/grpc-api-1.29.0.jar:/home/user/.m2/repository/io/grpc/grpc-context/1.29.0/grpc-context-1.29.0.jar:/home/user/.m2/repository/org/codehaus/mojo/animal-sniffer-annotations/1.18/animal-sniffer-annotations-1.18.jar:/home/user/.m2/repository/com/google/api/grpc/proto-google-common-protos/1.17.0/proto-google-common-protos-1.17.0.jar:/home/user/.m2/repository/io/grpc/grpc-protobuf-lite/1.29.0/grpc-protobuf-lite-1.29.0.jar:/home/user/.m2/repository/io/grpc/grpc-stub/1.29.0/grpc-stub-1.29.0.jar:/home/user/.m2/repository/org/apache/hadoop/hadoop-ozone-recon/1.1.0-SNAPSHOT/hadoop-ozone-recon-1.1.0-SNAPSHOT.jar:/home/user/.m2/repository/org/apache/hadoop/hadoop-ozone-reconcodegen/1.1.0-SNAPSHOT/hadoop-ozone-reconcodegen-1.1.0-SNAPSHOT.jar:/home/user/.m2/repository/com/google/inject/extensions/guice-multibindings/4.0/guice-multibindings-4.0.jar:/home/user/.m2/repository/com/google/inject/guice/4.0/guice-4.0.jar:/home/user/.m2/repository/aopalliance/aopalliance/1.0/aopalliance-1.0.jar:/home/user/.m2/repository/com/google/inject/extensions/guice-assistedinject/4.0/guice-assistedinject-4.0.jar:/home/user/.m2/repository/com/google/inject/extensions/guice-servlet/4.0/guice-servlet-4.0.jar:/home/user/.m2/repository/org/glassfish/jersey/containers/jersey-container-servlet/2.27/jersey-container-servlet-2.27.jar:/home/user/.m2/repository/org/glassfish/hk2/guice-bridge/2.5.0/guice-bridge-2.5.0.jar:/home/user/.m2/repository/org/glassfish/jersey/core/jersey-server/2.27/jersey-server-2.27.jar:/home/user/.m2/repository/org/glassfish/jersey/core/jersey-client/2.27/jersey-client-2.27.jar:/home/user/.m2/repository/org/glassfish/jersey/media/jersey-media-jaxb/2.27/jersey-media-jaxb-2.27.jar:/home/user/.m2/repository/javax/validation/validation-api/1.1.0.Final/validation-api-1.1.0.Final.jar:/home/user/.m2/repository/org/glassfish/jersey/media/jersey-media-json-jackson/2.27/jersey-media-json-jackson-2.27.jar:/home/user/.m2/repository/org/glassfish/jersey/ext/jersey-entity-filtering/2.27/jersey-entity-filtering-2.27.jar:/home/user/.m2/repository/org/jooq/jooq/3.11.10/jooq-3.11.10.jar:/home/user/.m2/repository/org/jooq/jooq-meta/3.11.10/jooq-meta-3.11.10.jar:/home/user/.m2/repository/org/jooq/jooq-codegen/3.11.10/jooq-codegen-3.11.10.jar:/home/user/.m2/repository/com/jolbox/bonecp/0.8.0.RELEASE/bonecp-0.8.0.RELEASE.jar:/home/user/.m2/repository/org/apache/derby/derby/10.14.2.0/derby-10.14.2.0.jar:/home/user/.m2/repository/org/xerial/sqlite-jdbc/3.25.2/sqlite-jdbc-3.25.2.jar:/home/user/.m2/repository/org/springframework/spring-jdbc/5.2.11.RELEASE/spring-jdbc-5.2.11.RELEASE.jar:/home/user/.m2/repository/org/springframework/spring-beans/5.2.11.RELEASE/spring-beans-5.2.11.RELEASE.jar:/home/user/.m2/repository/org/springframework/spring-core/5.2.11.RELEASE/spring-core-5.2.11.RELEASE.jar:/home/user/.m2/repository/org/springframework/spring-jcl/5.2.11.RELEASE/spring-jcl-5.2.11.RELEASE.jar:/home/user/.m2/repository/org/springframework/spring-tx/5.2.11.RELEASE/spring-tx-5.2.11.RELEASE.jar:/home/user/.m2/repository/org/apache/hadoop/hadoop-ozone-client/1.1.0-SNAPSHOT/hadoop-ozone-client-1.1.0-SNAPSHOT.jar:/home/user/.m2/repository/org/apache/hadoop/hadoop-ozone-filesystem/1.1.0-SNAPSHOT/hadoop-ozone-filesystem-1.1.0-SNAPSHOT.jar:/home/user/.m2/repository/org/apache/hadoop/hadoop-ozone-filesystem-common/1.1.0-SNAPSHOT/hadoop-ozone-filesystem-common-1.1.0-SNAPSHOT.jar:/home/user/.m2/repository/org/apache/hadoop/hadoop-ozone-tools/1.1.0-SNAPSHOT/hadoop-ozone-tools-1.1.0-SNAPSHOT.jar:/home/user/.m2/repository/org/apache/ratis/ratis-tools/1.1.0-35f17fa-SNAPSHOT/ratis-tools-1.1.0-35f17fa-SNAPSHOT.jar:/home/user/.m2/repository/org/apache/ratis/ratis-proto/1.1.0-35f17fa-SNAPSHOT/ratis-proto-1.1.0-35f17fa-SNAPSHOT.jar:/home/user/.m2/repository/org/apache/ratis/ratis-common/1.1.0-35f17fa-SNAPSHOT/ratis-common-1.1.0-35f17fa-SNAPSHOT.jar:/home/user/.m2/repository/com/amazonaws/aws-java-sdk-core/1.11.901/aws-java-sdk-core-1.11.901.jar:/home/user/.m2/repository/org/apache/httpcomponents/httpclient/4.5.13/httpclient-4.5.13.jar:/home/user/.m2/repository/org/apache/httpcomponents/httpcore/4.4.13/httpcore-4.4.13.jar:/home/user/.m2/repository/software/amazon/ion/ion-java/1.0.2/ion-java-1.0.2.jar:/home/user/.m2/repository/com/fasterxml/jackson/dataformat/jackson-dataformat-cbor/2.10.3/jackson-dataformat-cbor-2.10.3.jar:/home/user/.m2/repository/joda-time/joda-time/2.8.1/joda-time-2.8.1.jar:/home/user/.m2/repository/com/amazonaws/aws-java-sdk-s3/1.11.901/aws-java-sdk-s3-1.11.901.jar:/home/user/.m2/repository/com/amazonaws/aws-java-sdk-kms/1.11.901/aws-java-sdk-kms-1.11.901.jar:/home/user/.m2/repository/com/amazonaws/jmespath-java/1.11.901/jmespath-java-1.11.901.jar:/home/user/.m2/repository/org/kohsuke/metainf-services/metainf-services/1.8/metainf-services-1.8.jar:/home/user/.m2/repository/org/apache/hadoop/hadoop-hdds-tools/1.1.0-SNAPSHOT/hadoop-hdds-tools-1.1.0-SNAPSHOT.jar:/home/user/.m2/repository/commons-cli/commons-cli/1.2/commons-cli-1.2.jar:/home/user/.m2/repository/org/apache/commons/commons-lang3/3.7/commons-lang3-3.7.jar:/home/user/.m2/repository/org/apache/hadoop/hadoop-ozone-ozone-manager/1.1.0-SNAPSHOT/hadoop-ozone-ozone-manager-1.1.0-SNAPSHOT-tests.jar:/home/user/.m2/repository/org/apache/hadoop/hadoop-hdds-common/1.1.0-SNAPSHOT/hadoop-hdds-common-1.1.0-SNAPSHOT-tests.jar:/home/user/.m2/repository/org/apache/hadoop/hadoop-hdds-hadoop-dependency-client/1.1.0-SNAPSHOT/hadoop-hdds-hadoop-dependency-client-1.1.0-SNAPSHOT.jar:/home/user/.m2/repository/info/picocli/picocli/4.4.0/picocli-4.4.0.jar:/home/user/.m2/repository/com/fasterxml/jackson/core/jackson-annotations/2.10.3/jackson-annotations-2.10.3.jar:/home/user/.m2/repository/javax/annotation/javax.annotation-api/1.2/javax.annotation-api-1.2.jar:/home/user/.m2/repository/org/fusesource/leveldbjni/leveldbjni-all/1.8/leveldbjni-all-1.8.jar:/home/user/.m2/repository/org/apache/ratis/ratis-server/1.1.0-35f17fa-SNAPSHOT/ratis-server-1.1.0-35f17fa-SNAPSHOT.jar:/home/user/.m2/repository/org/apache/ratis/ratis-client/1.1.0-35f17fa-SNAPSHOT/ratis-client-1.1.0-35f17fa-SNAPSHOT.jar:/home/user/.m2/repository/org/apache/ratis/ratis-server-api/1.1.0-35f17fa-SNAPSHOT/ratis-server-api-1.1.0-35f17fa-SNAPSHOT.jar:/home/user/.m2/repository/org/apache/ratis/ratis-metrics/1.1.0-35f17fa-SNAPSHOT/ratis-metrics-1.1.0-35f17fa-SNAPSHOT.jar:/home/user/.m2/repository/org/apache/ratis/ratis-netty/1.1.0-35f17fa-SNAPSHOT/ratis-netty-1.1.0-35f17fa-SNAPSHOT.jar:/home/user/.m2/repository/org/apache/ratis/ratis-grpc/1.1.0-35f17fa-SNAPSHOT/ratis-grpc-1.1.0-35f17fa-SNAPSHOT.jar:/home/user/.m2/repository/org/apache/logging/log4j/log4j-api/2.13.3/log4j-api-2.13.3.jar:/home/user/.m2/repository/org/apache/logging/log4j/log4j-core/2.13.3/log4j-core-2.13.3.jar:/home/user/.m2/repository/com/lmax/disruptor/3.4.2/disruptor-3.4.2.jar:/home/user/.m2/repository/org/apache/commons/commons-pool2/2.6.0/commons-pool2-2.6.0.jar:/home/user/.m2/repository/org/bouncycastle/bcpkix-jdk15on/1.67/bcpkix-jdk15on-1.67.jar:/home/user/.m2/repository/commons-validator/commons-validator/1.6/commons-validator-1.6.jar:/home/user/.m2/repository/commons-beanutils/commons-beanutils/1.9.4/commons-beanutils-1.9.4.jar:/home/user/.m2/repository/commons-digester/commons-digester/1.8.1/commons-digester-1.8.1.jar:/home/user/.m2/repository/commons-collections/commons-collections/3.2.2/commons-collections-3.2.2.jar:/home/user/.m2/repository/io/jaegertracing/jaeger-client/1.2.0/jaeger-client-1.2.0.jar:/home/user/.m2/repository/io/jaegertracing/jaeger-thrift/1.2.0/jaeger-thrift-1.2.0.jar:/home/user/.m2/repository/org/apache/thrift/libthrift/0.13.0/libthrift-0.13.0.jar:/home/user/.m2/repository/com/squareup/okhttp3/okhttp/4.2.2/okhttp-4.2.2.jar:/home/user/.m2/repository/com/squareup/okio/okio/2.2.2/okio-2.2.2.jar:/home/user/.m2/repository/org/jetbrains/kotlin/kotlin-stdlib/1.3.50/kotlin-stdlib-1.3.50.jar:/home/user/.m2/repository/org/jetbrains/kotlin/kotlin-stdlib-common/1.3.50/kotlin-stdlib-common-1.3.50.jar:/home/user/.m2/repository/org/jetbrains/annotations/13.0/annotations-13.0.jar:/home/user/.m2/repository/io/jaegertracing/jaeger-core/1.2.0/jaeger-core-1.2.0.jar:/home/user/.m2/repository/io/jaegertracing/jaeger-tracerresolver/1.2.0/jaeger-tracerresolver-1.2.0.jar:/home/user/.m2/repository/io/opentracing/contrib/opentracing-tracerresolver/0.1.8/opentracing-tracerresolver-0.1.8.jar:/home/user/.m2/repository/io/opentracing/opentracing-util/0.33.0/opentracing-util-0.33.0.jar:/home/user/.m2/repository/io/opentracing/opentracing-api/0.33.0/opentracing-api-0.33.0.jar:/home/user/.m2/repository/io/opentracing/opentracing-noop/0.33.0/opentracing-noop-0.33.0.jar:/home/user/.m2/repository/org/yaml/snakeyaml/1.26/snakeyaml-1.26.jar:/home/user/.m2/repository/junit/junit/4.11/junit-4.11.jar:/home/user/.m2/repository/org/hamcrest/hamcrest-core/1.3/hamcrest-core-1.3.jar:/home/user/.m2/repository/org/openjdk/jmh/jmh-core/1.19/jmh-core-1.19.jar:/home/user/.m2/repository/net/sf/jopt-simple/jopt-simple/4.6/jopt-simple-4.6.jar:/home/user/.m2/repository/org/apache/commons/commons-math3/3.1.1/commons-math3-3.1.1.jar:/home/user/.m2/repository/org/openjdk/jmh/jmh-generator-annprocess/1.19/jmh-generator-annprocess-1.19.jar:/home/user/.m2/repository/org/mockito/mockito-all/1.8.5/mockito-all-1.8.5.jar:/home/user/.m2/repository/org/apache/hadoop/hadoop-kms/3.2.1/hadoop-kms-3.2.1.jar:/home/user/.m2/repository/org/apache/hadoop/hadoop-auth/3.2.1/hadoop-auth-3.2.1.jar:/home/user/.m2/repository/com/nimbusds/nimbus-jose-jwt/7.9/nimbus-jose-jwt-7.9.jar:/home/user/.m2/repository/com/github/stephenc/jcip/jcip-annotations/1.0-1/jcip-annotations-1.0-1.jar:/home/user/.m2/repository/net/minidev/json-smart/2.3/json-smart-2.3.jar:/home/user/.m2/repository/net/minidev/accessors-smart/1.2/accessors-smart-1.2.jar:/home/user/.m2/repository/org/ow2/asm/asm/5.0.4/asm-5.0.4.jar:/home/user/.m2/repository/org/apache/zookeeper/zookeeper/3.4.13/zookeeper-3.4.13.jar:/home/user/.m2/repository/org/apache/yetus/audience-annotations/0.5.0/audience-annotations-0.5.0.jar:/home/user/.m2/repository/org/apache/curator/curator-framework/2.13.0/curator-framework-2.13.0.jar:/home/user/.m2/repository/com/sun/jersey/jersey-core/1.19/jersey-core-1.19.jar:/home/user/.m2/repository/javax/ws/rs/jsr311-api/1.1.1/jsr311-api-1.1.1.jar:/home/user/.m2/repository/com/sun/jersey/jersey-server/1.19/jersey-server-1.19.jar:/home/user/.m2/repository/javax/servlet/javax.servlet-api/3.1.0/javax.servlet-api-3.1.0.jar:/home/user/.m2/repository/org/eclipse/jetty/jetty-server/9.4.34.v20201102/jetty-server-9.4.34.v20201102.jar:/home/user/.m2/repository/org/eclipse/jetty/jetty-http/9.4.34.v20201102/jetty-http-9.4.34.v20201102.jar:/home/user/.m2/repository/org/eclipse/jetty/jetty-io/9.4.34.v20201102/jetty-io-9.4.34.v20201102.jar:/home/user/.m2/repository/org/eclipse/jetty/jetty-webapp/9.4.34.v20201102/jetty-webapp-9.4.34.v20201102.jar:/home/user/.m2/repository/org/eclipse/jetty/jetty-xml/9.4.34.v20201102/jetty-xml-9.4.34.v20201102.jar:/home/user/.m2/repository/org/apache/hadoop/hadoop-common/3.2.1/hadoop-common-3.2.1.jar:/home/user/.m2/repository/commons-net/commons-net/3.6/commons-net-3.6.jar:/home/user/.m2/repository/com/sun/jersey/jersey-servlet/1.19/jersey-servlet-1.19.jar:/home/user/.m2/repository/com/sun/jersey/jersey-json/1.19/jersey-json-1.19.jar:/home/user/.m2/repository/org/codehaus/jettison/jettison/1.1/jettison-1.1.jar:/home/user/.m2/repository/org/codehaus/jackson/jackson-jaxrs/1.9.2/jackson-jaxrs-1.9.2.jar:/home/user/.m2/repository/org/codehaus/jackson/jackson-xc/1.9.2/jackson-xc-1.9.2.jar:/home/user/.m2/repository/org/apache/commons/commons-configuration2/2.1.1/commons-configuration2-2.1.1.jar:/home/user/.m2/repository/org/apache/commons/commons-text/1.4/commons-text-1.4.jar:/home/user/.m2/repository/com/google/re2j/re2j/1.1/re2j-1.1.jar:/home/user/.m2/repository/com/jcraft/jsch/0.1.54/jsch-0.1.54.jar:/home/user/.m2/repository/org/apache/curator/curator-client/2.13.0/curator-client-2.13.0.jar:/home/user/.m2/repository/org/apache/curator/curator-recipes/2.13.0/curator-recipes-2.13.0.jar:/home/user/.m2/repository/dnsjava/dnsjava/2.1.7/dnsjava-2.1.7.jar:/home/user/.m2/repository/org/slf4j/jul-to-slf4j/1.7.30/jul-to-slf4j-1.7.30.jar:/home/user/.m2/repository/org/eclipse/jetty/jetty-util/9.4.34.v20201102/jetty-util-9.4.34.v20201102.jar:/home/user/.m2/repository/com/fasterxml/jackson/core/jackson-databind/2.10.3/jackson-databind-2.10.3.jar:/home/user/.m2/repository/org/apache/hadoop/hadoop-kms/3.2.1/hadoop-kms-3.2.1-tests.jar:/home/user/.m2/repository/org/apache/hadoop/hadoop-hdds-server-scm/1.1.0-SNAPSHOT/hadoop-hdds-server-scm-1.1.0-SNAPSHOT-tests.jar:/home/user/.m2/repository/org/apache/hadoop/hadoop-hdds-container-service/1.1.0-SNAPSHOT/hadoop-hdds-container-service-1.1.0-SNAPSHOT-tests.jar:/home/user/.m2/repository/commons-codec/commons-codec/1.11/commons-codec-1.11.jar:/home/user/.m2/repository/org/apache/hadoop/hadoop-hdds-hadoop-dependency-test/1.1.0-SNAPSHOT/hadoop-hdds-hadoop-dependency-test-1.1.0-SNAPSHOT.jar:/home/user/.m2/repository/org/apache/hadoop/hadoop-common/3.2.1/hadoop-common-3.2.1-tests.jar:/home/user/.m2/repository/org/apache/hadoop/hadoop-hdfs/3.2.1/hadoop-hdfs-3.2.1-tests.jar:/home/user/.m2/repository/org/eclipse/jetty/jetty-util-ajax/9.4.34.v20201102/jetty-util-ajax-9.4.34.v20201102.jar:/home/user/.m2/repository/commons-daemon/commons-daemon/1.0.13/commons-daemon-1.0.13.jar:/home/user/.m2/repository/io/netty/netty/3.10.5.Final/netty-3.10.5.Final.jar:/home/user/.m2/repository/io/netty/netty-all/4.1.48.Final/netty-all-4.1.48.Final.jar:/home/user/.m2/repository/org/apache/htrace/htrace-core4/4.1.0-incubating/htrace-core4-4.1.0-incubating.jar:/home/user/.m2/repository/org/apache/hadoop/hadoop-distcp/3.2.1/hadoop-distcp-3.2.1.jar:/home/user/.m2/repository/org/apache/hadoop/hadoop-mapreduce-client-jobclient/3.2.1/hadoop-mapreduce-client-jobclient-3.2.1.jar:/home/user/.m2/repository/org/apache/hadoop/hadoop-mapreduce-client-common/3.2.1/hadoop-mapreduce-client-common-3.2.1.jar:/home/user/.m2/repository/org/apache/hadoop/hadoop-yarn-common/3.2.1/hadoop-yarn-common-3.2.1.jar:/home/user/.m2/repository/org/apache/hadoop/hadoop-yarn-api/3.2.1/hadoop-yarn-api-3.2.1.jar:/home/user/.m2/repository/com/sun/jersey/jersey-client/1.19/jersey-client-1.19.jar:/home/user/.m2/repository/com/sun/jersey/contribs/jersey-guice/1.19/jersey-guice-1.19.jar:/home/user/.m2/repository/com/fasterxml/jackson/jaxrs/jackson-jaxrs-json-provider/2.10.3/jackson-jaxrs-json-provider-2.10.3.jar:/home/user/.m2/repository/com/fasterxml/jackson/jaxrs/jackson-jaxrs-base/2.10.3/jackson-jaxrs-base-2.10.3.jar:/home/user/.m2/repository/org/apache/hadoop/hadoop-yarn-client/3.2.1/hadoop-yarn-client-3.2.1.jar:/home/user/.m2/repository/org/apache/hadoop/hadoop-mapreduce-client-core/3.2.1/hadoop-mapreduce-client-core-3.2.1.jar:/home/user/.m2/repository/org/apache/avro/avro/1.7.7/avro-1.7.7.jar:/home/user/.m2/repository/org/codehaus/jackson/jackson-core-asl/1.9.13/jackson-core-asl-1.9.13.jar:/home/user/.m2/repository/org/codehaus/jackson/jackson-mapper-asl/1.9.13/jackson-mapper-asl-1.9.13.jar:/home/user/.m2/repository/com/thoughtworks/paranamer/paranamer/2.3/paranamer-2.3.jar:/home/user/.m2/repository/org/xerial/snappy/snappy-java/1.0.5/snappy-java-1.0.5.jar:/home/user/.m2/repository/org/apache/hadoop/hadoop-annotations/3.2.1/hadoop-annotations-3.2.1.jar:/usr/lib/jvm/java-1.8.0-openjdk-1.8.0.232.b09-0.el7_7.x86_64/jre/../lib/tools.jar:/home/user/.m2/repository/org/apache/hadoop/hadoop-distcp/3.2.1/hadoop-distcp-3.2.1-tests.jar:"/>
    <property name="sun.cpu.endian" value="little"/>
    <property name="user.home" value="/home/user"/>
    <property name="user.language" value="en"/>
    <property name="java.specification.vendor" value="Oracle Corporation"/>
    <property name="java.home" value="/usr/lib/jvm/java-1.8.0-openjdk-1.8.0.232.b09-0.el7_7.x86_64/jre"/>
    <property name="java.security.krb5.conf" value="/github/workspace/mnt/ozone/hadoop-ozone/integration-test/target/test-classes/krb5.conf"/>
    <property name="basedir" value="/github/workspace/mnt/ozone/hadoop-ozone/integration-test"/>
    <property name="file.separator" value="/"/>
    <property name="line.separator" value="&#10;"/>
    <property name="java.vm.specification.vendor" value="Oracle Corporation"/>
    <property name="java.specification.name" value="Java Platform API Specification"/>
    <property name="java.awt.graphicsenv" value="sun.awt.X11GraphicsEnvironment"/>
    <property name="skip.installnpx" value="true"/>
    <property name="surefire.real.class.path" value="/github/workspace/mnt/ozone/hadoop-ozone/integration-test/target/surefire/surefirebooter5105328535251997970.jar:/home/user/.m2/repository/org/jacoco/org.jacoco.agent/0.8.5/org.jacoco.agent-0.8.5-runtime.jar"/>
    <property name="hadoop.log.dir" value="/github/workspace/mnt/ozone/hadoop-ozone/integration-test/target/log"/>
    <property name="sun.boot.class.path" value="/usr/lib/jvm/java-1.8.0-openjdk-1.8.0.232.b09-0.el7_7.x86_64/jre/lib/resources.jar:/usr/lib/jvm/java-1.8.0-openjdk-1.8.0.232.b09-0.el7_7.x86_64/jre/lib/rt.jar:/usr/lib/jvm/java-1.8.0-openjdk-1.8.0.232.b09-0.el7_7.x86_64/jre/lib/sunrsasign.jar:/usr/lib/jvm/java-1.8.0-openjdk-1.8.0.232.b09-0.el7_7.x86_64/jre/lib/jsse.jar:/usr/lib/jvm/java-1.8.0-openjdk-1.8.0.232.b09-0.el7_7.x86_64/jre/lib/jce.jar:/usr/lib/jvm/java-1.8.0-openjdk-1.8.0.232.b09-0.el7_7.x86_64/jre/lib/charsets.jar:/usr/lib/jvm/java-1.8.0-openjdk-1.8.0.232.b09-0.el7_7.x86_64/jre/lib/jfr.jar:/usr/lib/jvm/java-1.8.0-openjdk-1.8.0.232.b09-0.el7_7.x86_64/jre/classes"/>
    <property name="sun.management.compiler" value="HotSpot 64-Bit Tiered Compilers"/>
    <property name="skip.npx" value="true"/>
    <property name="java.runtime.version" value="1.8.0_232-b09"/>
    <property name="java.net.preferIPv4Stack" value="true"/>
    <property name="user.name" value="jenkins1001"/>
    <property name="path.separator" value=":"/>
    <property name="java.security.egd" value="file:///dev/urandom"/>
    <property name="os.version" value="5.4.0-1032-azure"/>
    <property name="java.endorsed.dirs" value="/usr/lib/jvm/java-1.8.0-openjdk-1.8.0.232.b09-0.el7_7.x86_64/jre/lib/endorsed"/>
    <property name="java.runtime.name" value="OpenJDK Runtime Environment"/>
    <property name="file.encoding" value="ANSI_X3.4-1968"/>
    <property name="java.vm.name" value="OpenJDK 64-Bit Server VM"/>
    <property name="test.build.webapps" value=""/>
    <property name="localRepository" value="/home/user/.m2/repository"/>
    <property name="java.vendor.url.bug" value="http://bugreport.sun.com/bugreport/"/>
    <property name="java.io.tmpdir" value="/tmp"/>
    <property name="require.test.libhadoop" value=""/>
    <property name="java.version" value="1.8.0_232"/>
    <property name="user.dir" value="/github/workspace/mnt/ozone/hadoop-ozone/integration-test"/>
    <property name="os.arch" value="amd64"/>
    <property name="java.vm.specification.name" value="Java Virtual Machine Specification"/>
    <property name="test.build.classes" value="/github/workspace/mnt/ozone/hadoop-ozone/integration-test/target/test-classes"/>
    <property name="java.awt.printerjob" value="sun.print.PSPrinterJob"/>
    <property name="sun.os.patch.level" value="unknown"/>
    <property name="hadoop.tmp.dir" value="/github/workspace/mnt/ozone/hadoop-ozone/integration-test/target/tmp"/>
    <property name="java.library.path" value="/usr/lib:/usr/java/packages/lib/amd64:/usr/lib64:/lib64:/lib:/usr/lib"/>
    <property name="java.vm.info" value="mixed mode"/>
    <property name="java.vendor" value="Oracle Corporation"/>
    <property name="java.vm.version" value="25.232-b09"/>
    <property name="java.ext.dirs" value="/usr/lib/jvm/java-1.8.0-openjdk-1.8.0.232.b09-0.el7_7.x86_64/jre/lib/ext:/usr/java/packages/lib/ext"/>
    <property name="sun.io.unicode.encoding" value="UnicodeLittle"/>
    <property name="java.class.version" value="52.0"/>
  </properties>
  <testcase name="testInstallSnapshot" classname="org.apache.hadoop.ozone.om.TestOMRatisSnapshots" time="48.167">
    <failure type="java.lang.AssertionError">java.lang.AssertionError
	at org.junit.Assert.fail(Assert.java:86)
	at org.junit.Assert.assertTrue(Assert.java:41)
	at org.junit.Assert.assertTrue(Assert.java:52)
	at org.apache.hadoop.ozone.om.TestOMRatisSnapshots.testInstallSnapshot(TestOMRatisSnapshots.java:172)
	at sun.reflect.NativeMethodAccessorImpl.invoke0(Native Method)
	at sun.reflect.NativeMethodAccessorImpl.invoke(NativeMethodAccessorImpl.java:62)
	at sun.reflect.DelegatingMethodAccessorImpl.invoke(DelegatingMethodAccessorImpl.java:43)
	at java.lang.reflect.Method.invoke(Method.java:498)
	at org.junit.runners.model.FrameworkMethod$1.runReflectiveCall(FrameworkMethod.java:47)
	at org.junit.internal.runners.model.ReflectiveCallable.run(ReflectiveCallable.java:12)
	at org.junit.runners.model.FrameworkMethod.invokeExplosively(FrameworkMethod.java:44)
	at org.junit.internal.runners.statements.InvokeMethod.evaluate(InvokeMethod.java:17)
	at org.junit.internal.runners.statements.RunBefores.evaluate(RunBefores.java:26)
	at org.junit.internal.runners.statements.RunAfters.evaluate(RunAfters.java:27)
	at org.junit.rules.ExpectedException$ExpectedExceptionStatement.evaluate(ExpectedException.java:168)
	at org.junit.internal.runners.statements.FailOnTimeout$StatementThread.run(FailOnTimeout.java:74)
</failure>
    <system-out><![CDATA[2021-01-11 12:56:57,180 [Thread-1] WARN  server.ServerUtils (ServerUtils.java:getScmDbDir(148)) - ozone.scm.db.dirs is not configured. We recommend adding this setting. Falling back to ozone.metadata.dirs instead.
2021-01-11 12:56:57,286 [Thread-1] WARN  server.ServerUtils (ServerUtils.java:getScmDbDir(148)) - ozone.scm.db.dirs is not configured. We recommend adding this setting. Falling back to ozone.metadata.dirs instead.
2021-01-11 12:56:57,469 [Thread-1] WARN  db.DBStoreBuilder (DBStoreBuilder.java:applyDBDefinition(145)) - ozone.scm.db.dirs is not configured. We recommend adding this setting. Falling back to ozone.metadata.dirs instead.
2021-01-11 12:56:57,629 [Thread-1] INFO  net.NodeSchemaLoader (NodeSchemaLoader.java:loadSchemaFromFile(126)) - Loading file from sun.misc.CompoundEnumeration@5801d73b
2021-01-11 12:56:57,638 [Thread-1] INFO  net.NodeSchemaLoader (NodeSchemaLoader.java:loadSchema(172)) - Loading network topology layer schema file
2021-01-11 12:56:57,748 [Thread-1] WARN  server.ServerUtils (ServerUtils.java:sanitizeUserArgs(73)) - ozone.scm.stale.node.interval value = 300000 is larger than max = 100000 based on the key value of ozone.scm.heartbeat.thread.interval, reset to the max value 100000.
2021-01-11 12:56:57,748 [Thread-1] WARN  server.ServerUtils (ServerUtils.java:sanitizeUserArgs(73)) - ozone.scm.stale.node.interval value = 300000 is larger than max = 100000 based on the key value of ozone.scm.heartbeat.thread.interval, reset to the max value 100000.
2021-01-11 12:56:57,754 [Thread-1] INFO  node.SCMNodeManager (SCMNodeManager.java:<init>(123)) - Entering startup safe mode.
2021-01-11 12:56:57,886 [Thread-1] INFO  algorithms.ContainerPlacementPolicyFactory (ContainerPlacementPolicyFactory.java:getPolicy(60)) - Create container placement policy of type org.apache.hadoop.hdds.scm.container.placement.algorithms.SCMContainerPlacementRandom
2021-01-11 12:56:57,915 [Thread-1] INFO  algorithms.LeaderChoosePolicyFactory (LeaderChoosePolicyFactory.java:getPolicy(57)) - Create leader choose policy of type org.apache.hadoop.hdds.scm.pipeline.leader.choose.algorithms.MinLeaderCountChoosePolicy
2021-01-11 12:56:57,915 [Thread-1] INFO  pipeline.SCMPipelineManager (SCMPipelineManager.java:initializePipelineState(161)) - No pipeline exists in current db
2021-01-11 12:56:57,936 [Thread-1] INFO  algorithms.PipelineChoosePolicyFactory (PipelineChoosePolicyFactory.java:createPipelineChoosePolicyFromClass(75)) - Create pipeline choose policy of type org.apache.hadoop.hdds.scm.pipeline.choose.algorithms.RandomPipelineChoosePolicy
2021-01-11 12:56:58,011 [Thread-1] INFO  safemode.HealthyPipelineSafeModeRule (HealthyPipelineSafeModeRule.java:<init>(89)) - Total pipeline count is 0, healthy pipeline threshold count is 0
2021-01-11 12:56:58,019 [Thread-1] INFO  safemode.OneReplicaPipelineSafeModeRule (OneReplicaPipelineSafeModeRule.java:<init>(85)) - Total pipeline count is 0, pipeline's with at least one datanode reported threshold count is 0
2021-01-11 12:56:58,510 [Thread-1] INFO  ipc.CallQueueManager (CallQueueManager.java:<init>(84)) - Using callQueue: class java.util.concurrent.LinkedBlockingQueue, queueCapacity: 2000, scheduler: class org.apache.hadoop.ipc.DefaultRpcScheduler, ipcBackoff: false.
2021-01-11 12:56:58,536 [Socket Reader #1 for port 0] INFO  ipc.Server (Server.java:run(1219)) - Starting Socket Reader #1 for port 0
2021-01-11 12:56:58,567 [Listener at 0.0.0.0/35021] INFO  ipc.CallQueueManager (CallQueueManager.java:<init>(84)) - Using callQueue: class java.util.concurrent.LinkedBlockingQueue, queueCapacity: 2000, scheduler: class org.apache.hadoop.ipc.DefaultRpcScheduler, ipcBackoff: false.
2021-01-11 12:56:58,568 [Socket Reader #1 for port 0] INFO  ipc.Server (Server.java:run(1219)) - Starting Socket Reader #1 for port 0
2021-01-11 12:56:58,583 [Listener at 0.0.0.0/45541] INFO  ipc.CallQueueManager (CallQueueManager.java:<init>(84)) - Using callQueue: class java.util.concurrent.LinkedBlockingQueue, queueCapacity: 2000, scheduler: class org.apache.hadoop.ipc.DefaultRpcScheduler, ipcBackoff: false.
2021-01-11 12:56:58,586 [Socket Reader #1 for port 0] INFO  ipc.Server (Server.java:run(1219)) - Starting Socket Reader #1 for port 0
2021-01-11 12:56:58,609 [Listener at 0.0.0.0/42829] INFO  http.BaseHttpServer (BaseHttpServer.java:newHttpServer2BuilderForOzone(207)) - Starting Web-server for scm at: http://0.0.0.0:0
2021-01-11 12:56:58,610 [Listener at 0.0.0.0/42829] INFO  http.BaseHttpServer (BaseHttpServer.java:<init>(106)) - Hadoop Security Enabled: false Ozone Security Enabled: false Ozone HTTP Security Enabled: false 
2021-01-11 12:56:58,640 [Listener at 0.0.0.0/42829] INFO  util.log (Log.java:initialized(169)) - Logging initialized @2590ms to org.eclipse.jetty.util.log.Slf4jLog
2021-01-11 12:56:58,784 [Listener at 0.0.0.0/42829] INFO  server.AuthenticationFilter (AuthenticationFilter.java:constructSecretProvider(240)) - Unable to initialize FileSignerSecretProvider, falling back to use random secrets.
2021-01-11 12:56:58,799 [Listener at 0.0.0.0/42829] WARN  http.HttpRequestLog (HttpRequestLog.java:getRequestLog(103)) - Jetty request log can only be enabled using Log4j
2021-01-11 12:56:58,806 [Listener at 0.0.0.0/42829] INFO  http.HttpServer2 (HttpServer2.java:addGlobalFilter(1020)) - Added global filter 'safety' (class=org.apache.hadoop.hdds.server.http.HttpServer2$QuotingInputFilter)
2021-01-11 12:56:58,811 [Listener at 0.0.0.0/42829] INFO  http.HttpServer2 (HttpServer2.java:addFilter(996)) - Added filter static_user_filter (class=org.apache.hadoop.http.lib.StaticUserWebFilter$StaticUserFilter) to context scm
2021-01-11 12:56:58,812 [Listener at 0.0.0.0/42829] INFO  http.HttpServer2 (HttpServer2.java:addFilter(1004)) - Added filter static_user_filter (class=org.apache.hadoop.http.lib.StaticUserWebFilter$StaticUserFilter) to context logs
2021-01-11 12:56:58,812 [Listener at 0.0.0.0/42829] INFO  http.HttpServer2 (HttpServer2.java:addFilter(1004)) - Added filter static_user_filter (class=org.apache.hadoop.http.lib.StaticUserWebFilter$StaticUserFilter) to context static
2021-01-11 12:56:58,882 [Listener at 0.0.0.0/42829] INFO  server.StorageContainerManager (StorageContainerManager.java:start(789)) - StorageContainerLocationProtocol RPC server is listening at /0.0.0.0:42829
2021-01-11 12:56:58,934 [Listener at 0.0.0.0/42829] WARN  impl.MetricsConfig (MetricsConfig.java:loadFirst(134)) - Cannot locate configuration: tried hadoop-metrics2-storagecontainermanager.properties,hadoop-metrics2.properties
2021-01-11 12:56:58,950 [Listener at 0.0.0.0/42829] INFO  impl.MetricsSystemImpl (MetricsSystemImpl.java:startTimer(374)) - Scheduled Metric snapshot period at 10 second(s).
2021-01-11 12:56:58,951 [Listener at 0.0.0.0/42829] INFO  impl.MetricsSystemImpl (MetricsSystemImpl.java:start(191)) - StorageContainerManager metrics system started
2021-01-11 12:56:59,179 [Listener at 0.0.0.0/42829] INFO  server.SCMClientProtocolServer (SCMClientProtocolServer.java:start(159)) - RPC server for Client  is listening at /0.0.0.0:42829
2021-01-11 12:56:59,181 [IPC Server listener on 0] INFO  ipc.Server (Server.java:run(1298)) - IPC Server listener on 0: starting
2021-01-11 12:56:59,182 [IPC Server Responder] INFO  ipc.Server (Server.java:run(1460)) - IPC Server Responder: starting
2021-01-11 12:56:59,190 [Listener at 0.0.0.0/42829] INFO  server.StorageContainerManager (StorageContainerManager.java:start(801)) - ScmBlockLocationProtocol RPC server is listening at /0.0.0.0:45541
2021-01-11 12:56:59,191 [Listener at 0.0.0.0/42829] INFO  server.SCMBlockProtocolServer (SCMBlockProtocolServer.java:start(150)) - RPC server for Block Protocol is listening at /0.0.0.0:45541
2021-01-11 12:56:59,191 [IPC Server Responder] INFO  ipc.Server (Server.java:run(1460)) - IPC Server Responder: starting
2021-01-11 12:56:59,192 [IPC Server listener on 0] INFO  ipc.Server (Server.java:run(1298)) - IPC Server listener on 0: starting
2021-01-11 12:56:59,195 [Listener at 0.0.0.0/42829] INFO  server.StorageContainerManager (StorageContainerManager.java:start(807)) - ScmDatanodeProtocl RPC server is listening at /0.0.0.0:35021
2021-01-11 12:56:59,195 [Listener at 0.0.0.0/42829] INFO  server.SCMDatanodeProtocolServer (SCMDatanodeProtocolServer.java:start(174)) - RPC server for DataNodes is listening at /0.0.0.0:35021
2021-01-11 12:56:59,196 [IPC Server Responder] INFO  ipc.Server (Server.java:run(1460)) - IPC Server Responder: starting
2021-01-11 12:56:59,196 [IPC Server listener on 0] INFO  ipc.Server (Server.java:run(1298)) - IPC Server listener on 0: starting
2021-01-11 12:56:59,200 [Listener at 0.0.0.0/42829] INFO  http.HttpServer2 (HttpServer2.java:bindListener(1238)) - Jetty bound to port 39559
2021-01-11 12:56:59,202 [Listener at 0.0.0.0/42829] INFO  server.Server (Server.java:doStart(375)) - jetty-9.4.34.v20201102; built: 2020-11-02T14:15:39.302Z; git: e46af88704a893fc12cb0e3bf46e2c7b48a009e7; jvm 1.8.0_232-b09
2021-01-11 12:56:59,232 [Listener at 0.0.0.0/42829] INFO  server.session (DefaultSessionIdManager.java:doStart(334)) - DefaultSessionIdManager workerName=node0
2021-01-11 12:56:59,232 [Listener at 0.0.0.0/42829] INFO  server.session (DefaultSessionIdManager.java:doStart(339)) - No SessionScavenger set, using defaults
2021-01-11 12:56:59,234 [Listener at 0.0.0.0/42829] INFO  server.session (HouseKeeper.java:startScavenging(132)) - node0 Scavenging every 600000ms
2021-01-11 12:56:59,252 [Listener at 0.0.0.0/42829] INFO  handler.ContextHandler (ContextHandler.java:doStart(916)) - Started o.e.j.s.ServletContextHandler@5e867602{logs,/logs,file:///github/workspace/mnt/ozone/hadoop-ozone/integration-test/target/log,AVAILABLE}
2021-01-11 12:56:59,253 [Listener at 0.0.0.0/42829] INFO  handler.ContextHandler (ContextHandler.java:doStart(916)) - Started o.e.j.s.ServletContextHandler@6045c649{static,/static,file:///github/workspace/mnt/ozone/hadoop-ozone/integration-test/target/test-classes/webapps/static,AVAILABLE}
2021-01-11 12:56:59,304 [Listener at 0.0.0.0/42829] INFO  handler.ContextHandler (ContextHandler.java:doStart(916)) - Started o.e.j.w.WebAppContext@131314b8{scm,/,file:///github/workspace/mnt/ozone/hadoop-ozone/integration-test/target/test-classes/webapps/scm/,AVAILABLE}{file:/github/workspace/mnt/ozone/hadoop-ozone/integration-test/target/test-classes/webapps/scm}
2021-01-11 12:56:59,313 [Listener at 0.0.0.0/42829] INFO  server.AbstractConnector (AbstractConnector.java:doStart(331)) - Started ServerConnector@44c11c7d{HTTP/1.1, (http/1.1)}{0.0.0.0:39559}
2021-01-11 12:56:59,313 [Listener at 0.0.0.0/42829] INFO  server.Server (Server.java:doStart(415)) - Started @3263ms
2021-01-11 12:56:59,315 [Listener at 0.0.0.0/42829] INFO  impl.MetricsSinkAdapter (MetricsSinkAdapter.java:start(204)) - Sink prometheus started
2021-01-11 12:56:59,315 [Listener at 0.0.0.0/42829] INFO  impl.MetricsSystemImpl (MetricsSystemImpl.java:registerSink(301)) - Registered sink prometheus
2021-01-11 12:57:04,324 [Listener at 0.0.0.0/42829] INFO  http.BaseHttpServer (BaseHttpServer.java:updateConnectorAddress(327)) - HTTP server of scm listening at http://0.0.0.0:39559
2021-01-11 12:57:04,335 [Listener at 0.0.0.0/42829] WARN  server.ServerUtils (ServerUtils.java:getDBPath(225)) - ozone.om.db.dirs is not configured. We recommend adding this setting. Falling back to ozone.metadata.dirs instead.
2021-01-11 12:57:04,337 [org.apache.hadoop.util.JvmPauseMonitor$Monitor@365a45fe] INFO  util.JvmPauseMonitor (JvmPauseMonitor.java:run(188)) - Starting JVM pause monitor
2021-01-11 12:57:04,455 [Listener at 0.0.0.0/42829] INFO  ha.OMHANodeDetails (OMHANodeDetails.java:loadOMHAConfig(110)) - ServiceID for OzoneManager is om-service-test1
2021-01-11 12:57:04,463 [Listener at 0.0.0.0/42829] INFO  ha.OMHANodeDetails (OMHANodeDetails.java:loadOMHAConfig(186)) - Found matching OM address with OMServiceId: om-service-test1, OMNodeId: omNode-1, RPC Address: localhost:13576 and Ratis port: 13580
2021-01-11 12:57:04,463 [Listener at 0.0.0.0/42829] INFO  ha.OMHANodeDetails (OMHANodeDetails.java:setOMNodeSpecificConfigs(311)) - Setting configuration key ozone.om.http-address with value of key ozone.om.http-address.omNode-1: 127.0.0.1:13578
2021-01-11 12:57:04,463 [Listener at 0.0.0.0/42829] INFO  ha.OMHANodeDetails (OMHANodeDetails.java:setOMNodeSpecificConfigs(311)) - Setting configuration key ozone.om.https-address with value of key ozone.om.https-address.omNode-1: 127.0.0.1:13579
2021-01-11 12:57:04,464 [Listener at 0.0.0.0/42829] INFO  ha.OMHANodeDetails (OMHANodeDetails.java:setOMNodeSpecificConfigs(311)) - Setting configuration key ozone.om.address with value of key ozone.om.address.omNode-1: 127.0.0.1:13576
2021-01-11 12:57:04,464 [Listener at 0.0.0.0/42829] WARN  server.ServerUtils (ServerUtils.java:getDBPath(225)) - ozone.om.db.dirs is not configured. We recommend adding this setting. Falling back to ozone.metadata.dirs instead.
2021-01-11 12:57:04,465 [Listener at 0.0.0.0/42829] WARN  server.ServerUtils (ServerUtils.java:getDBPath(225)) - ozone.om.db.dirs is not configured. We recommend adding this setting. Falling back to ozone.metadata.dirs instead.
2021-01-11 12:57:05,260 [Listener at 0.0.0.0/42829] WARN  server.ServerUtils (ServerUtils.java:getDBPath(225)) - ozone.om.db.dirs is not configured. We recommend adding this setting. Falling back to ozone.metadata.dirs instead.
2021-01-11 12:57:05,267 [Listener at 0.0.0.0/42829] INFO  codec.OmKeyInfoCodec (OmKeyInfoCodec.java:<init>(41)) - OmKeyInfoCodec ignorePipeline = true
2021-01-11 12:57:05,269 [Listener at 0.0.0.0/42829] INFO  codec.RepeatedOmKeyInfoCodec (RepeatedOmKeyInfoCodec.java:<init>(40)) - RepeatedOmKeyInfoCodec ignorePipeline = true
2021-01-11 12:57:05,415 [Listener at 0.0.0.0/42829] INFO  om.OzoneManager (OzoneManager.java:addS3GVolumeToDB(3738)) - Created Volume s3v With Owner jenkins1001 required for S3Gateway operations.
2021-01-11 12:57:05,419 [Listener at 0.0.0.0/42829] WARN  server.ServerUtils (ServerUtils.java:getDefaultRatisDirectory(237)) - Storage directory for Ratis is not configured. It is a good idea to map this to an SSD disk. Falling back to ozone.metadata.dirs
2021-01-11 12:57:05,419 [Listener at 0.0.0.0/42829] WARN  ratis.OzoneManagerRatisServer (OzoneManagerRatisServer.java:getOMRatisSnapshotDirectory(638)) - ozone.om.ratis.snapshot.dir is not configured. Falling back to ozone.metadata.dirs config
2021-01-11 12:57:05,421 [Listener at 0.0.0.0/42829] INFO  snapshot.OzoneManagerSnapshotProvider (OzoneManagerSnapshotProvider.java:<init>(77)) - Initializing OM Snapshot Provider
2021-01-11 12:57:05,503 [Listener at 0.0.0.0/42829] INFO  metrics.MetricRegistries (MetricRegistriesLoader.java:load(64)) - Loaded MetricRegistries class org.apache.ratis.metrics.impl.MetricRegistriesImpl
2021-01-11 12:57:05,533 [Listener at 0.0.0.0/42829] WARN  server.ServerUtils (ServerUtils.java:getDefaultRatisDirectory(237)) - Storage directory for Ratis is not configured. It is a good idea to map this to an SSD disk. Falling back to ozone.metadata.dirs
2021-01-11 12:57:05,558 [Listener at 0.0.0.0/42829] INFO  ratis.OzoneManagerRatisServer (OzoneManagerRatisServer.java:<init>(280)) - Instantiating OM Ratis server with GroupID: om-service-test1 and Raft Peers: localhost:13580, localhost:13586, localhost:13592
2021-01-11 12:57:05,568 [Listener at 0.0.0.0/42829] INFO  ratis.OzoneManagerStateMachine (OzoneManagerStateMachine.java:loadSnapshotInfoFromDB(518)) - LastAppliedIndex is set from TransactionInfo from OM DB as (t:0, i:~)
2021-01-11 12:57:05,599 [Listener at 0.0.0.0/42829] INFO  server.RaftServer (ConfUtils.java:logGet(44)) - raft.rpc.type = GRPC (default)
2021-01-11 12:57:05,659 [Listener at 0.0.0.0/42829] INFO  grpc.GrpcFactory (GrpcFactory.java:checkPooledByteBufAllocatorUseCacheForAllThreads(48)) - PERFORMANCE WARNING: useCacheForAllThreads is true that may cause Netty to create a lot garbage objects and, as a result, trigger GC.
	It is recommended to disable useCacheForAllThreads by setting -Dorg.apache.ratis.thirdparty.io.netty.allocator.useCacheForAllThreads=false in command line.
2021-01-11 12:57:05,663 [Listener at 0.0.0.0/42829] INFO  grpc.GrpcConfigKeys (ConfUtils.java:logGet(44)) - raft.grpc.server.port = 13580 (custom)
2021-01-11 12:57:05,664 [Listener at 0.0.0.0/42829] INFO  server.GrpcService (ConfUtils.java:logGet(44)) - raft.grpc.message.size.max = 33554432 (custom)
2021-01-11 12:57:05,666 [Listener at 0.0.0.0/42829] INFO  server.RaftServerConfigKeys (ConfUtils.java:logGet(44)) - raft.server.log.appender.buffer.byte-limit = 33554432 (custom)
2021-01-11 12:57:05,667 [Listener at 0.0.0.0/42829] INFO  server.GrpcService (ConfUtils.java:logGet(44)) - raft.grpc.flow.control.window = 1MB (=1048576) (default)
2021-01-11 12:57:05,668 [Listener at 0.0.0.0/42829] INFO  server.RaftServerConfigKeys (ConfUtils.java:logGet(44)) - raft.server.rpc.request.timeout = 3000ms (default)
2021-01-11 12:57:05,854 [Listener at 0.0.0.0/42829] INFO  impl.DataStreamServerImpl (ConfUtils.java:logGet(44)) - raft.datastream.type = DISABLED (default)
2021-01-11 12:57:05,856 [Listener at 0.0.0.0/42829] INFO  server.RaftServerConfigKeys (ConfUtils.java:logGet(44)) - raft.server.rpc.slowness.timeout = 2s (custom)
2021-01-11 12:57:05,856 [Listener at 0.0.0.0/42829] INFO  server.RaftServerConfigKeys (ConfUtils.java:logGet(44)) - raft.server.leaderelection.leader.step-down.wait-time = 10s (default)
2021-01-11 12:57:05,869 [Listener at 0.0.0.0/42829] INFO  server.RaftServerConfigKeys (ConfUtils.java:logGet(44)) - raft.server.storage.dir = [/github/workspace/mnt/ozone/hadoop-ozone/integration-test/target/test-dir/MiniOzoneClusterImpl-8fb96eea-81cb-44ec-9a2b-3e454d7fad19/omNode-1/ratis] (custom)
2021-01-11 12:57:05,876 [Listener at 0.0.0.0/42829] INFO  server.RaftServer (RaftServerProxy.java:addNew(95)) - omNode-1: addNew group-523986131536:[omNode-3|rpc:localhost:13592|priority:0, omNode-1|rpc:localhost:13580|priority:0, omNode-2|rpc:localhost:13586|priority:0] returns group-523986131536:java.util.concurrent.CompletableFuture@15d723ed[Not completed]
2021-01-11 12:57:05,877 [Listener at 0.0.0.0/42829] INFO  om.OzoneManager (OzoneManager.java:initializeRatisServer(1332)) - OzoneManager Ratis server initialized at port 13580
2021-01-11 12:57:05,906 [Listener at 0.0.0.0/42829] INFO  ipc.CallQueueManager (CallQueueManager.java:<init>(84)) - Using callQueue: class java.util.concurrent.LinkedBlockingQueue, queueCapacity: 2000, scheduler: class org.apache.hadoop.ipc.DefaultRpcScheduler, ipcBackoff: false.
2021-01-11 12:57:05,909 [Socket Reader #1 for port 13576] INFO  ipc.Server (Server.java:run(1219)) - Starting Socket Reader #1 for port 13576
2021-01-11 12:57:05,931 [pool-25-thread-1] INFO  server.RaftServer$Division (RaftServerImpl.java:<init>(179)) - omNode-1: new RaftServerImpl for group-523986131536:[omNode-3|rpc:localhost:13592|priority:0, omNode-1|rpc:localhost:13580|priority:0, omNode-2|rpc:localhost:13586|priority:0] with OzoneManagerStateMachine:uninitialized
2021-01-11 12:57:05,938 [pool-25-thread-1] INFO  server.RaftServerConfigKeys (ConfUtils.java:logGet(44)) - raft.server.rpc.timeout.min = 1s (custom)
2021-01-11 12:57:05,941 [pool-25-thread-1] INFO  server.RaftServerConfigKeys (ConfUtils.java:logGet(44)) - raft.server.rpc.timeout.max = 1200ms (custom)
2021-01-11 12:57:05,941 [pool-25-thread-1] INFO  server.RaftServerConfigKeys (ConfUtils.java:logGet(44)) - raft.server.rpc.sleep.time = 25ms (default)
2021-01-11 12:57:05,941 [pool-25-thread-1] INFO  server.RaftServerConfigKeys (ConfUtils.java:logGet(44)) - raft.server.rpc.slowness.timeout = 2s (custom)
2021-01-11 12:57:05,941 [pool-25-thread-1] INFO  server.RaftServerConfigKeys (ConfUtils.java:logGet(44)) - raft.server.leaderelection.leader.step-down.wait-time = 10s (default)
2021-01-11 12:57:05,941 [pool-25-thread-1] INFO  server.RaftServerConfigKeys (ConfUtils.java:logGet(44)) - raft.server.sleep.deviation.threshold = 300ms (default)
2021-01-11 12:57:05,942 [pool-25-thread-1] INFO  server.RaftServerConfigKeys (ConfUtils.java:logGet(44)) - raft.server.log.appender.install.snapshot.enabled = false (custom)
2021-01-11 12:57:05,956 [pool-25-thread-1] INFO  server.RaftServer$Division (ServerState.java:<init>(103)) - omNode-1@group-523986131536: ConfigurationManager, init=-1: [omNode-3|rpc:localhost:13592|priority:0, omNode-1|rpc:localhost:13580|priority:0, omNode-2|rpc:localhost:13586|priority:0], old=null, confs=<EMPTY_MAP>
2021-01-11 12:57:05,956 [pool-25-thread-1] INFO  server.RaftServerConfigKeys (ConfUtils.java:logGet(44)) - raft.server.storage.dir = [/github/workspace/mnt/ozone/hadoop-ozone/integration-test/target/test-dir/MiniOzoneClusterImpl-8fb96eea-81cb-44ec-9a2b-3e454d7fad19/omNode-1/ratis] (custom)
2021-01-11 12:57:05,966 [Listener at 127.0.0.1/13576] INFO  impl.MetricsSystemImpl (MetricsSystemImpl.java:init(158)) - OzoneManager metrics system started (again)
2021-01-11 12:57:05,967 [Listener at 127.0.0.1/13576] INFO  om.OzoneManager (OzoneManager.java:start(1160)) - OzoneManager RPC server is listening at localhost/127.0.0.1:13576
2021-01-11 12:57:05,967 [Listener at 127.0.0.1/13576] INFO  ratis.OzoneManagerRatisServer (OzoneManagerRatisServer.java:start(377)) - Starting OzoneManagerRatisServer omNode-1 at port 13580
2021-01-11 12:57:05,972 [pool-25-thread-1] INFO  server.RaftServerConfigKeys (ConfUtils.java:logGet(44)) - raft.server.log.corruption.policy = EXCEPTION (default)
2021-01-11 12:57:05,973 [pool-25-thread-1] INFO  storage.RaftStorageDirectory (RaftStorageDirectoryImpl.java:analyzeStorage(132)) - The storage directory /github/workspace/mnt/ozone/hadoop-ozone/integration-test/target/test-dir/MiniOzoneClusterImpl-8fb96eea-81cb-44ec-9a2b-3e454d7fad19/omNode-1/ratis/c9bc4cf4-3bc3-3c60-a66b-523986131536 does not exist. Creating ...
2021-01-11 12:57:05,978 [pool-25-thread-1] INFO  storage.RaftStorageDirectory (RaftStorageDirectoryImpl.java:tryLock(215)) - Lock on /github/workspace/mnt/ozone/hadoop-ozone/integration-test/target/test-dir/MiniOzoneClusterImpl-8fb96eea-81cb-44ec-9a2b-3e454d7fad19/omNode-1/ratis/c9bc4cf4-3bc3-3c60-a66b-523986131536/in_use.lock acquired by nodename 2195@0df9a8009e06
2021-01-11 12:57:05,985 [pool-25-thread-1] INFO  storage.RaftStorage (RaftStorageImpl.java:format(87)) - Storage directory /github/workspace/mnt/ozone/hadoop-ozone/integration-test/target/test-dir/MiniOzoneClusterImpl-8fb96eea-81cb-44ec-9a2b-3e454d7fad19/omNode-1/ratis/c9bc4cf4-3bc3-3c60-a66b-523986131536 has been successfully formatted.
2021-01-11 12:57:05,987 [pool-25-thread-1] ERROR storage.RaftStorage (RaftStorageImpl.java:readRaftConfiguration(147)) - Failed reading configuration from file:/github/workspace/mnt/ozone/hadoop-ozone/integration-test/target/test-dir/MiniOzoneClusterImpl-8fb96eea-81cb-44ec-9a2b-3e454d7fad19/omNode-1/ratis/c9bc4cf4-3bc3-3c60-a66b-523986131536/current/raft-meta.conf
java.io.FileNotFoundException: /github/workspace/mnt/ozone/hadoop-ozone/integration-test/target/test-dir/MiniOzoneClusterImpl-8fb96eea-81cb-44ec-9a2b-3e454d7fad19/omNode-1/ratis/c9bc4cf4-3bc3-3c60-a66b-523986131536/current/raft-meta.conf (No such file or directory)
	at java.io.FileInputStream.open0(Native Method)
	at java.io.FileInputStream.open(FileInputStream.java:195)
	at java.io.FileInputStream.<init>(FileInputStream.java:138)
	at org.apache.ratis.server.storage.RaftStorageImpl.readRaftConfiguration(RaftStorageImpl.java:143)
	at org.apache.ratis.server.impl.ServerState.<init>(ServerState.java:113)
	at org.apache.ratis.server.impl.RaftServerImpl.<init>(RaftServerImpl.java:192)
	at org.apache.ratis.server.impl.RaftServerProxy.lambda$newRaftServerImpl$4(RaftServerProxy.java:266)
	at java.util.concurrent.CompletableFuture$AsyncSupply.run(CompletableFuture.java:1604)
	at java.util.concurrent.ThreadPoolExecutor.runWorker(ThreadPoolExecutor.java:1149)
	at java.util.concurrent.ThreadPoolExecutor$Worker.run(ThreadPoolExecutor.java:624)
	at java.lang.Thread.run(Thread.java:748)
2021-01-11 12:57:05,989 [pool-25-thread-1] INFO  server.RaftServerConfigKeys (ConfUtils.java:logGet(44)) - raft.server.notification.no-leader.timeout = 2s (custom)
2021-01-11 12:57:05,993 [pool-25-thread-1] INFO  server.RaftServerConfigKeys (ConfUtils.java:logGet(44)) - raft.server.log.use.memory = false (default)
2021-01-11 12:57:06,001 [pool-25-thread-1] INFO  server.RaftServerConfigKeys (ConfUtils.java:logGet(44)) - raft.server.log.purge.gap = 50 (custom)
2021-01-11 12:57:06,002 [pool-25-thread-1] INFO  server.RaftServerConfigKeys (ConfUtils.java:logGet(44)) - raft.server.log.appender.buffer.byte-limit = 33554432 (custom)
2021-01-11 12:57:06,007 [pool-25-thread-1] INFO  metrics.RatisMetrics (RatisMetrics.java:lambda$create$0(36)) - Creating Metrics Registry : ratis.log_worker.omNode-1@group-523986131536
2021-01-11 12:57:06,016 [pool-25-thread-1] INFO  server.RaftServerConfigKeys (ConfUtils.java:logGet(44)) - raft.server.log.segment.size.max = 4194304 (custom)
2021-01-11 12:57:06,023 [pool-25-thread-1] INFO  server.RaftServerConfigKeys (ConfUtils.java:logGet(44)) - raft.server.log.segment.cache.num.max = 2 (custom)
2021-01-11 12:57:06,024 [pool-25-thread-1] INFO  server.RaftServerConfigKeys (ConfUtils.java:logGet(44)) - raft.server.log.segment.cache.size.max = 200MB (=209715200) (default)
2021-01-11 12:57:06,029 [pool-25-thread-1] INFO  segmented.SegmentedRaftLogWorker (SegmentedRaftLogWorker.java:<init>(181)) - new omNode-1@group-523986131536-SegmentedRaftLogWorker for RaftStorageImpl:Storage Directory /github/workspace/mnt/ozone/hadoop-ozone/integration-test/target/test-dir/MiniOzoneClusterImpl-8fb96eea-81cb-44ec-9a2b-3e454d7fad19/omNode-1/ratis/c9bc4cf4-3bc3-3c60-a66b-523986131536
2021-01-11 12:57:06,030 [pool-25-thread-1] INFO  server.RaftServerConfigKeys (ConfUtils.java:logGet(44)) - raft.server.log.queue.byte-limit = 64MB (=67108864) (default)
2021-01-11 12:57:06,030 [pool-25-thread-1] INFO  server.RaftServerConfigKeys (ConfUtils.java:logGet(44)) - raft.server.log.queue.element-limit = 4096 (default)
2021-01-11 12:57:06,031 [pool-25-thread-1] INFO  server.RaftServerConfigKeys (ConfUtils.java:logGet(44)) - raft.server.log.segment.size.max = 4194304 (custom)
2021-01-11 12:57:06,032 [pool-25-thread-1] INFO  server.RaftServerConfigKeys (ConfUtils.java:logGet(44)) - raft.server.log.preallocated.size = 4194304 (custom)
2021-01-11 12:57:06,032 [pool-25-thread-1] INFO  server.RaftServerConfigKeys (ConfUtils.java:logGet(44)) - raft.server.log.force.sync.num = 128 (default)
2021-01-11 12:57:06,034 [pool-25-thread-1] INFO  server.RaftServerConfigKeys (ConfUtils.java:logGet(44)) - raft.server.log.statemachine.data.sync = true (default)
2021-01-11 12:57:06,034 [pool-25-thread-1] INFO  server.RaftServerConfigKeys (ConfUtils.java:logGet(44)) - raft.server.log.statemachine.data.sync.timeout = 10s (default)
2021-01-11 12:57:06,034 [pool-25-thread-1] INFO  server.RaftServerConfigKeys (ConfUtils.java:logGet(44)) - raft.server.log.statemachine.data.sync.timeout.retry = -1 (default)
2021-01-11 12:57:06,042 [pool-25-thread-1] INFO  server.RaftServerConfigKeys (ConfUtils.java:logGet(44)) - raft.server.log.write.buffer.size = 64KB (=65536) (default)
2021-01-11 12:57:06,043 [pool-25-thread-1] INFO  server.RaftServerConfigKeys (ConfUtils.java:logGet(44)) - raft.server.log.statemachine.data.caching.enabled = false (default)
2021-01-11 12:57:06,050 [pool-25-thread-1] INFO  segmented.SegmentedRaftLogWorker (SegmentedRaftLogWorker.java:lambda$new$0(132)) - omNode-1@group-523986131536-SegmentedRaftLogWorker: flushIndex: setUnconditionally 0 -> -1
2021-01-11 12:57:06,050 [pool-25-thread-1] INFO  segmented.SegmentedRaftLogWorker (SegmentedRaftLogWorker.java:lambda$new$0(132)) - omNode-1@group-523986131536-SegmentedRaftLogWorker: safeCacheEvictIndex: setUnconditionally 0 -> -1
2021-01-11 12:57:06,055 [pool-25-thread-1] INFO  server.RaftServerConfigKeys (ConfUtils.java:logGet(44)) - raft.server.snapshot.auto.trigger.enabled = true (custom)
2021-01-11 12:57:06,055 [pool-25-thread-1] INFO  server.RaftServerConfigKeys (ConfUtils.java:logGet(44)) - raft.server.snapshot.auto.trigger.threshold = 50 (custom)
2021-01-11 12:57:06,056 [pool-25-thread-1] INFO  server.RaftServerConfigKeys (ConfUtils.java:logGet(44)) - raft.server.snapshot.retention.file.num = -1 (default)
2021-01-11 12:57:06,057 [pool-25-thread-1] INFO  server.RaftServerConfigKeys (ConfUtils.java:logGet(44)) - raft.server.log.purge.upto.snapshot.index = true (custom)
2021-01-11 12:57:06,058 [pool-25-thread-1] INFO  server.RaftServerConfigKeys (ConfUtils.java:logGet(44)) - raft.server.retrycache.expirytime = 300s (custom)
2021-01-11 12:57:06,058 [pool-25-thread-1] INFO  server.RaftServerConfigKeys (ConfUtils.java:logGet(44)) - raft.server.retrycache.statistics.expirytime = 100?s (default)
2021-01-11 12:57:06,078 [pool-25-thread-1] INFO  metrics.RatisMetrics (RatisMetrics.java:lambda$create$0(36)) - Creating Metrics Registry : ratis.leader_election.omNode-1@group-523986131536
2021-01-11 12:57:06,082 [pool-25-thread-1] INFO  metrics.RatisMetrics (RatisMetrics.java:lambda$create$0(36)) - Creating Metrics Registry : ratis.server.omNode-1@group-523986131536
2021-01-11 12:57:06,089 [Listener at 127.0.0.1/13576] INFO  server.RaftServer$Division (RaftServerImpl.java:start(294)) - omNode-1@group-523986131536: start as a follower, conf=-1: [omNode-3|rpc:localhost:13592|priority:0, omNode-1|rpc:localhost:13580|priority:0, omNode-2|rpc:localhost:13586|priority:0], old=null
2021-01-11 12:57:06,091 [Listener at 127.0.0.1/13576] INFO  server.RaftServer$Division (RaftServerImpl.java:setRole(283)) - omNode-1@group-523986131536: changes role from      null to FOLLOWER at term 0 for startAsFollower
2021-01-11 12:57:06,092 [Listener at 127.0.0.1/13576] INFO  impl.RoleInfo (RoleInfo.java:updateAndGet(130)) - omNode-1: start omNode-1@group-523986131536-FollowerState
2021-01-11 12:57:06,093 [Listener at 127.0.0.1/13576] INFO  util.JmxRegister (JmxRegister.java:tryRegister(44)) - Successfully registered JMX Bean with object name Ratis:service=RaftServer,group=group-523986131536,id=omNode-1
2021-01-11 12:57:06,098 [Listener at 127.0.0.1/13576] INFO  metrics.RatisMetrics (RatisMetrics.java:lambda$create$0(36)) - Creating Metrics Registry : ratis.state_machine.omNode-1@group-523986131536
2021-01-11 12:57:06,106 [Listener at 127.0.0.1/13576] INFO  server.RaftServer (RaftServerProxy.java:lambda$start$5(372)) - omNode-1: start RPC server
2021-01-11 12:57:06,165 [Listener at 127.0.0.1/13576] INFO  server.GrpcService (GrpcService.java:startImpl(176)) - omNode-1: GrpcService started, listening on 0.0.0.0/0.0.0.0:13580
2021-01-11 12:57:06,172 [org.apache.ratis.util.JvmPauseMonitor$$Lambda$305/1260124199@5f7111dd] INFO  util.JvmPauseMonitor (JvmPauseMonitor.java:run(103)) - JvmPauseMonitor-omNode-1: Started
2021-01-11 12:57:06,189 [Listener at 127.0.0.1/13576] INFO  http.BaseHttpServer (BaseHttpServer.java:newHttpServer2BuilderForOzone(207)) - Starting Web-server for ozoneManager at: http://0.0.0.0:13578
2021-01-11 12:57:06,190 [Listener at 127.0.0.1/13576] INFO  http.BaseHttpServer (BaseHttpServer.java:<init>(106)) - Hadoop Security Enabled: false Ozone Security Enabled: false Ozone HTTP Security Enabled: false 
2021-01-11 12:57:06,192 [Listener at 127.0.0.1/13576] INFO  server.AuthenticationFilter (AuthenticationFilter.java:constructSecretProvider(240)) - Unable to initialize FileSignerSecretProvider, falling back to use random secrets.
2021-01-11 12:57:06,198 [Listener at 127.0.0.1/13576] WARN  http.HttpRequestLog (HttpRequestLog.java:getRequestLog(103)) - Jetty request log can only be enabled using Log4j
2021-01-11 12:57:06,199 [Listener at 127.0.0.1/13576] INFO  http.HttpServer2 (HttpServer2.java:addGlobalFilter(1020)) - Added global filter 'safety' (class=org.apache.hadoop.hdds.server.http.HttpServer2$QuotingInputFilter)
2021-01-11 12:57:06,200 [Listener at 127.0.0.1/13576] INFO  http.HttpServer2 (HttpServer2.java:addFilter(996)) - Added filter static_user_filter (class=org.apache.hadoop.http.lib.StaticUserWebFilter$StaticUserFilter) to context ozoneManager
2021-01-11 12:57:06,200 [Listener at 127.0.0.1/13576] INFO  http.HttpServer2 (HttpServer2.java:addFilter(1004)) - Added filter static_user_filter (class=org.apache.hadoop.http.lib.StaticUserWebFilter$StaticUserFilter) to context logs
2021-01-11 12:57:06,200 [Listener at 127.0.0.1/13576] INFO  http.HttpServer2 (HttpServer2.java:addFilter(1004)) - Added filter static_user_filter (class=org.apache.hadoop.http.lib.StaticUserWebFilter$StaticUserFilter) to context static
2021-01-11 12:57:06,205 [Listener at 127.0.0.1/13576] INFO  http.HttpServer2 (HttpServer2.java:bindListener(1238)) - Jetty bound to port 13578
2021-01-11 12:57:06,205 [Listener at 127.0.0.1/13576] INFO  server.Server (Server.java:doStart(375)) - jetty-9.4.34.v20201102; built: 2020-11-02T14:15:39.302Z; git: e46af88704a893fc12cb0e3bf46e2c7b48a009e7; jvm 1.8.0_232-b09
2021-01-11 12:57:06,209 [Listener at 127.0.0.1/13576] INFO  server.session (DefaultSessionIdManager.java:doStart(334)) - DefaultSessionIdManager workerName=node0
2021-01-11 12:57:06,209 [Listener at 127.0.0.1/13576] INFO  server.session (DefaultSessionIdManager.java:doStart(339)) - No SessionScavenger set, using defaults
2021-01-11 12:57:06,209 [Listener at 127.0.0.1/13576] INFO  server.session (HouseKeeper.java:startScavenging(132)) - node0 Scavenging every 600000ms
2021-01-11 12:57:06,211 [Listener at 127.0.0.1/13576] INFO  handler.ContextHandler (ContextHandler.java:doStart(916)) - Started o.e.j.s.ServletContextHandler@1982f3df{logs,/logs,file:///github/workspace/mnt/ozone/hadoop-ozone/integration-test/target/log,AVAILABLE}
2021-01-11 12:57:06,211 [Listener at 127.0.0.1/13576] INFO  handler.ContextHandler (ContextHandler.java:doStart(916)) - Started o.e.j.s.ServletContextHandler@1a976439{static,/static,file:///github/workspace/mnt/ozone/hadoop-ozone/integration-test/target/test-classes/webapps/static,AVAILABLE}
2021-01-11 12:57:06,215 [Listener at 127.0.0.1/13576] INFO  handler.ContextHandler (ContextHandler.java:doStart(916)) - Started o.e.j.w.WebAppContext@4d5343fb{ozoneManager,/,file:///github/workspace/mnt/ozone/hadoop-ozone/integration-test/target/test-classes/webapps/ozoneManager/,AVAILABLE}{file:/github/workspace/mnt/ozone/hadoop-ozone/integration-test/target/test-classes/webapps/ozoneManager}
2021-01-11 12:57:06,218 [Listener at 127.0.0.1/13576] INFO  server.AbstractConnector (AbstractConnector.java:doStart(331)) - Started ServerConnector@3607b93c{HTTP/1.1, (http/1.1)}{0.0.0.0:13578}
2021-01-11 12:57:06,218 [Listener at 127.0.0.1/13576] INFO  server.Server (Server.java:doStart(415)) - Started @10167ms
2021-01-11 12:57:06,218 [Listener at 127.0.0.1/13576] WARN  impl.MetricsSystemImpl (MetricsSystemImpl.java:register(276)) - Sink prometheus already exists!
2021-01-11 12:57:06,224 [Listener at 127.0.0.1/13576] INFO  http.BaseHttpServer (BaseHttpServer.java:updateConnectorAddress(327)) - HTTP server of ozoneManager listening at http://0.0.0.0:13578
2021-01-11 12:57:06,224 [IPC Server Responder] INFO  ipc.Server (Server.java:run(1460)) - IPC Server Responder: starting
2021-01-11 12:57:06,225 [IPC Server listener on 13576] INFO  ipc.Server (Server.java:run(1298)) - IPC Server listener on 13576: starting
2021-01-11 12:57:06,230 [Listener at 127.0.0.1/13576] INFO  om.OzoneManager (OzoneManager.java:startTrashEmptier(1281)) - Trash Interval set to 0. Files deleted will not move to trash
2021-01-11 12:57:06,231 [Listener at 127.0.0.1/13576] INFO  ozone.MiniOzoneHAClusterImpl (MiniOzoneHAClusterImpl.java:createOMService(380)) - Started OzoneManager RPC server at localhost/127.0.0.1:13576
2021-01-11 12:57:06,232 [Listener at 127.0.0.1/13576] WARN  server.ServerUtils (ServerUtils.java:getDBPath(225)) - ozone.om.db.dirs is not configured. We recommend adding this setting. Falling back to ozone.metadata.dirs instead.
2021-01-11 12:57:06,233 [org.apache.hadoop.util.JvmPauseMonitor$Monitor@300a801f] INFO  util.JvmPauseMonitor (JvmPauseMonitor.java:run(188)) - Starting JVM pause monitor
2021-01-11 12:57:06,234 [Listener at 127.0.0.1/13576] INFO  ha.OMHANodeDetails (OMHANodeDetails.java:loadOMHAConfig(110)) - ServiceID for OzoneManager is om-service-test1
2021-01-11 12:57:06,235 [Listener at 127.0.0.1/13576] INFO  ha.OMHANodeDetails (OMHANodeDetails.java:loadOMHAConfig(186)) - Found matching OM address with OMServiceId: om-service-test1, OMNodeId: omNode-2, RPC Address: localhost:13582 and Ratis port: 13586
2021-01-11 12:57:06,235 [Listener at 127.0.0.1/13576] INFO  ha.OMHANodeDetails (OMHANodeDetails.java:setOMNodeSpecificConfigs(311)) - Setting configuration key ozone.om.http-address with value of key ozone.om.http-address.omNode-2: 127.0.0.1:13584
2021-01-11 12:57:06,235 [Listener at 127.0.0.1/13576] INFO  ha.OMHANodeDetails (OMHANodeDetails.java:setOMNodeSpecificConfigs(311)) - Setting configuration key ozone.om.https-address with value of key ozone.om.https-address.omNode-2: 127.0.0.1:13585
2021-01-11 12:57:06,235 [Listener at 127.0.0.1/13576] INFO  ha.OMHANodeDetails (OMHANodeDetails.java:setOMNodeSpecificConfigs(311)) - Setting configuration key ozone.om.address with value of key ozone.om.address.omNode-2: 127.0.0.1:13582
2021-01-11 12:57:06,236 [Listener at 127.0.0.1/13576] WARN  server.ServerUtils (ServerUtils.java:getDBPath(225)) - ozone.om.db.dirs is not configured. We recommend adding this setting. Falling back to ozone.metadata.dirs instead.
2021-01-11 12:57:06,236 [Listener at 127.0.0.1/13576] WARN  server.ServerUtils (ServerUtils.java:getDBPath(225)) - ozone.om.db.dirs is not configured. We recommend adding this setting. Falling back to ozone.metadata.dirs instead.
2021-01-11 12:57:06,238 [Listener at 127.0.0.1/13576] WARN  server.ServerUtils (ServerUtils.java:getDBPath(225)) - ozone.om.db.dirs is not configured. We recommend adding this setting. Falling back to ozone.metadata.dirs instead.
2021-01-11 12:57:06,239 [Listener at 127.0.0.1/13576] INFO  codec.OmKeyInfoCodec (OmKeyInfoCodec.java:<init>(41)) - OmKeyInfoCodec ignorePipeline = true
2021-01-11 12:57:06,240 [Listener at 127.0.0.1/13576] INFO  codec.RepeatedOmKeyInfoCodec (RepeatedOmKeyInfoCodec.java:<init>(40)) - RepeatedOmKeyInfoCodec ignorePipeline = true
2021-01-11 12:57:06,299 [Listener at 127.0.0.1/13576] INFO  om.OzoneManager (OzoneManager.java:addS3GVolumeToDB(3738)) - Created Volume s3v With Owner jenkins1001 required for S3Gateway operations.
2021-01-11 12:57:06,299 [Listener at 127.0.0.1/13576] WARN  server.ServerUtils (ServerUtils.java:getDefaultRatisDirectory(237)) - Storage directory for Ratis is not configured. It is a good idea to map this to an SSD disk. Falling back to ozone.metadata.dirs
2021-01-11 12:57:06,300 [Listener at 127.0.0.1/13576] WARN  ratis.OzoneManagerRatisServer (OzoneManagerRatisServer.java:getOMRatisSnapshotDirectory(638)) - ozone.om.ratis.snapshot.dir is not configured. Falling back to ozone.metadata.dirs config
2021-01-11 12:57:06,301 [Listener at 127.0.0.1/13576] INFO  snapshot.OzoneManagerSnapshotProvider (OzoneManagerSnapshotProvider.java:<init>(77)) - Initializing OM Snapshot Provider
2021-01-11 12:57:06,303 [Listener at 127.0.0.1/13576] WARN  server.ServerUtils (ServerUtils.java:getDefaultRatisDirectory(237)) - Storage directory for Ratis is not configured. It is a good idea to map this to an SSD disk. Falling back to ozone.metadata.dirs
2021-01-11 12:57:06,304 [Listener at 127.0.0.1/13576] INFO  ratis.OzoneManagerRatisServer (OzoneManagerRatisServer.java:<init>(280)) - Instantiating OM Ratis server with GroupID: om-service-test1 and Raft Peers: localhost:13586, localhost:13580, localhost:13592
2021-01-11 12:57:06,305 [Listener at 127.0.0.1/13576] INFO  ratis.OzoneManagerStateMachine (OzoneManagerStateMachine.java:loadSnapshotInfoFromDB(518)) - LastAppliedIndex is set from TransactionInfo from OM DB as (t:0, i:~)
2021-01-11 12:57:06,309 [Listener at 127.0.0.1/13576] INFO  server.RaftServer (ConfUtils.java:logGet(44)) - raft.rpc.type = GRPC (default)
2021-01-11 12:57:06,309 [Listener at 127.0.0.1/13576] INFO  grpc.GrpcFactory (GrpcFactory.java:checkPooledByteBufAllocatorUseCacheForAllThreads(48)) - PERFORMANCE WARNING: useCacheForAllThreads is true that may cause Netty to create a lot garbage objects and, as a result, trigger GC.
	It is recommended to disable useCacheForAllThreads by setting -Dorg.apache.ratis.thirdparty.io.netty.allocator.useCacheForAllThreads=false in command line.
2021-01-11 12:57:06,310 [Listener at 127.0.0.1/13576] INFO  grpc.GrpcConfigKeys (ConfUtils.java:logGet(44)) - raft.grpc.server.port = 13586 (custom)
2021-01-11 12:57:06,310 [Listener at 127.0.0.1/13576] INFO  server.GrpcService (ConfUtils.java:logGet(44)) - raft.grpc.message.size.max = 33554432 (custom)
2021-01-11 12:57:06,310 [Listener at 127.0.0.1/13576] INFO  server.RaftServerConfigKeys (ConfUtils.java:logGet(44)) - raft.server.log.appender.buffer.byte-limit = 33554432 (custom)
2021-01-11 12:57:06,310 [Listener at 127.0.0.1/13576] INFO  server.GrpcService (ConfUtils.java:logGet(44)) - raft.grpc.flow.control.window = 1MB (=1048576) (default)
2021-01-11 12:57:06,310 [Listener at 127.0.0.1/13576] INFO  server.RaftServerConfigKeys (ConfUtils.java:logGet(44)) - raft.server.rpc.request.timeout = 3000ms (default)
2021-01-11 12:57:06,313 [Listener at 127.0.0.1/13576] INFO  impl.DataStreamServerImpl (ConfUtils.java:logGet(44)) - raft.datastream.type = DISABLED (default)
2021-01-11 12:57:06,313 [Listener at 127.0.0.1/13576] INFO  server.RaftServerConfigKeys (ConfUtils.java:logGet(44)) - raft.server.rpc.slowness.timeout = 2s (custom)
2021-01-11 12:57:06,313 [Listener at 127.0.0.1/13576] INFO  server.RaftServerConfigKeys (ConfUtils.java:logGet(44)) - raft.server.leaderelection.leader.step-down.wait-time = 10s (default)
2021-01-11 12:57:06,314 [Listener at 127.0.0.1/13576] INFO  server.RaftServerConfigKeys (ConfUtils.java:logGet(44)) - raft.server.storage.dir = [/github/workspace/mnt/ozone/hadoop-ozone/integration-test/target/test-dir/MiniOzoneClusterImpl-8fb96eea-81cb-44ec-9a2b-3e454d7fad19/omNode-2/ratis] (custom)
2021-01-11 12:57:06,314 [Listener at 127.0.0.1/13576] INFO  server.RaftServer (RaftServerProxy.java:addNew(95)) - omNode-2: addNew group-523986131536:[omNode-3|rpc:localhost:13592|priority:0, omNode-1|rpc:localhost:13580|priority:0, omNode-2|rpc:localhost:13586|priority:0] returns group-523986131536:java.util.concurrent.CompletableFuture@611153b8[Not completed]
2021-01-11 12:57:06,315 [Listener at 127.0.0.1/13576] INFO  om.OzoneManager (OzoneManager.java:initializeRatisServer(1332)) - OzoneManager Ratis server initialized at port 13586
2021-01-11 12:57:06,316 [Listener at 127.0.0.1/13576] INFO  ipc.CallQueueManager (CallQueueManager.java:<init>(84)) - Using callQueue: class java.util.concurrent.LinkedBlockingQueue, queueCapacity: 2000, scheduler: class org.apache.hadoop.ipc.DefaultRpcScheduler, ipcBackoff: false.
2021-01-11 12:57:06,319 [pool-42-thread-1] INFO  server.RaftServer$Division (RaftServerImpl.java:<init>(179)) - omNode-2: new RaftServerImpl for group-523986131536:[omNode-3|rpc:localhost:13592|priority:0, omNode-1|rpc:localhost:13580|priority:0, omNode-2|rpc:localhost:13586|priority:0] with OzoneManagerStateMachine:uninitialized
2021-01-11 12:57:06,320 [Socket Reader #1 for port 13582] INFO  ipc.Server (Server.java:run(1219)) - Starting Socket Reader #1 for port 13582
2021-01-11 12:57:06,327 [pool-42-thread-1] INFO  server.RaftServerConfigKeys (ConfUtils.java:logGet(44)) - raft.server.rpc.timeout.min = 1s (custom)
2021-01-11 12:57:06,327 [pool-42-thread-1] INFO  server.RaftServerConfigKeys (ConfUtils.java:logGet(44)) - raft.server.rpc.timeout.max = 1200ms (custom)
2021-01-11 12:57:06,327 [pool-42-thread-1] INFO  server.RaftServerConfigKeys (ConfUtils.java:logGet(44)) - raft.server.rpc.sleep.time = 25ms (default)
2021-01-11 12:57:06,328 [pool-42-thread-1] INFO  server.RaftServerConfigKeys (ConfUtils.java:logGet(44)) - raft.server.rpc.slowness.timeout = 2s (custom)
2021-01-11 12:57:06,328 [pool-42-thread-1] INFO  server.RaftServerConfigKeys (ConfUtils.java:logGet(44)) - raft.server.leaderelection.leader.step-down.wait-time = 10s (default)
2021-01-11 12:57:06,328 [pool-42-thread-1] INFO  server.RaftServerConfigKeys (ConfUtils.java:logGet(44)) - raft.server.sleep.deviation.threshold = 300ms (default)
2021-01-11 12:57:06,328 [pool-42-thread-1] INFO  server.RaftServerConfigKeys (ConfUtils.java:logGet(44)) - raft.server.log.appender.install.snapshot.enabled = false (custom)
2021-01-11 12:57:06,328 [pool-42-thread-1] INFO  server.RaftServer$Division (ServerState.java:<init>(103)) - omNode-2@group-523986131536: ConfigurationManager, init=-1: [omNode-3|rpc:localhost:13592|priority:0, omNode-1|rpc:localhost:13580|priority:0, omNode-2|rpc:localhost:13586|priority:0], old=null, confs=<EMPTY_MAP>
2021-01-11 12:57:06,328 [pool-42-thread-1] INFO  server.RaftServerConfigKeys (ConfUtils.java:logGet(44)) - raft.server.storage.dir = [/github/workspace/mnt/ozone/hadoop-ozone/integration-test/target/test-dir/MiniOzoneClusterImpl-8fb96eea-81cb-44ec-9a2b-3e454d7fad19/omNode-2/ratis] (custom)
2021-01-11 12:57:06,328 [pool-42-thread-1] INFO  server.RaftServerConfigKeys (ConfUtils.java:logGet(44)) - raft.server.log.corruption.policy = EXCEPTION (default)
2021-01-11 12:57:06,333 [pool-42-thread-1] INFO  storage.RaftStorageDirectory (RaftStorageDirectoryImpl.java:analyzeStorage(132)) - The storage directory /github/workspace/mnt/ozone/hadoop-ozone/integration-test/target/test-dir/MiniOzoneClusterImpl-8fb96eea-81cb-44ec-9a2b-3e454d7fad19/omNode-2/ratis/c9bc4cf4-3bc3-3c60-a66b-523986131536 does not exist. Creating ...
2021-01-11 12:57:06,335 [pool-42-thread-1] INFO  storage.RaftStorageDirectory (RaftStorageDirectoryImpl.java:tryLock(215)) - Lock on /github/workspace/mnt/ozone/hadoop-ozone/integration-test/target/test-dir/MiniOzoneClusterImpl-8fb96eea-81cb-44ec-9a2b-3e454d7fad19/omNode-2/ratis/c9bc4cf4-3bc3-3c60-a66b-523986131536/in_use.lock acquired by nodename 2195@0df9a8009e06
2021-01-11 12:57:06,342 [pool-42-thread-1] INFO  storage.RaftStorage (RaftStorageImpl.java:format(87)) - Storage directory /github/workspace/mnt/ozone/hadoop-ozone/integration-test/target/test-dir/MiniOzoneClusterImpl-8fb96eea-81cb-44ec-9a2b-3e454d7fad19/omNode-2/ratis/c9bc4cf4-3bc3-3c60-a66b-523986131536 has been successfully formatted.
2021-01-11 12:57:06,342 [pool-42-thread-1] ERROR storage.RaftStorage (RaftStorageImpl.java:readRaftConfiguration(147)) - Failed reading configuration from file:/github/workspace/mnt/ozone/hadoop-ozone/integration-test/target/test-dir/MiniOzoneClusterImpl-8fb96eea-81cb-44ec-9a2b-3e454d7fad19/omNode-2/ratis/c9bc4cf4-3bc3-3c60-a66b-523986131536/current/raft-meta.conf
java.io.FileNotFoundException: /github/workspace/mnt/ozone/hadoop-ozone/integration-test/target/test-dir/MiniOzoneClusterImpl-8fb96eea-81cb-44ec-9a2b-3e454d7fad19/omNode-2/ratis/c9bc4cf4-3bc3-3c60-a66b-523986131536/current/raft-meta.conf (No such file or directory)
	at java.io.FileInputStream.open0(Native Method)
	at java.io.FileInputStream.open(FileInputStream.java:195)
	at java.io.FileInputStream.<init>(FileInputStream.java:138)
	at org.apache.ratis.server.storage.RaftStorageImpl.readRaftConfiguration(RaftStorageImpl.java:143)
	at org.apache.ratis.server.impl.ServerState.<init>(ServerState.java:113)
	at org.apache.ratis.server.impl.RaftServerImpl.<init>(RaftServerImpl.java:192)
	at org.apache.ratis.server.impl.RaftServerProxy.lambda$newRaftServerImpl$4(RaftServerProxy.java:266)
	at java.util.concurrent.CompletableFuture$AsyncSupply.run(CompletableFuture.java:1604)
	at java.util.concurrent.ThreadPoolExecutor.runWorker(ThreadPoolExecutor.java:1149)
	at java.util.concurrent.ThreadPoolExecutor$Worker.run(ThreadPoolExecutor.java:624)
	at java.lang.Thread.run(Thread.java:748)
2021-01-11 12:57:06,342 [pool-42-thread-1] INFO  server.RaftServerConfigKeys (ConfUtils.java:logGet(44)) - raft.server.notification.no-leader.timeout = 2s (custom)
2021-01-11 12:57:06,343 [pool-42-thread-1] INFO  server.RaftServerConfigKeys (ConfUtils.java:logGet(44)) - raft.server.log.use.memory = false (default)
2021-01-11 12:57:06,343 [pool-42-thread-1] INFO  server.RaftServerConfigKeys (ConfUtils.java:logGet(44)) - raft.server.log.purge.gap = 50 (custom)
2021-01-11 12:57:06,343 [pool-42-thread-1] INFO  server.RaftServerConfigKeys (ConfUtils.java:logGet(44)) - raft.server.log.appender.buffer.byte-limit = 33554432 (custom)
2021-01-11 12:57:06,343 [pool-42-thread-1] INFO  metrics.RatisMetrics (RatisMetrics.java:lambda$create$0(36)) - Creating Metrics Registry : ratis.log_worker.omNode-2@group-523986131536
2021-01-11 12:57:06,343 [pool-42-thread-1] INFO  server.RaftServerConfigKeys (ConfUtils.java:logGet(44)) - raft.server.log.segment.size.max = 4194304 (custom)
2021-01-11 12:57:06,344 [pool-42-thread-1] INFO  server.RaftServerConfigKeys (ConfUtils.java:logGet(44)) - raft.server.log.segment.cache.num.max = 2 (custom)
2021-01-11 12:57:06,344 [pool-42-thread-1] INFO  server.RaftServerConfigKeys (ConfUtils.java:logGet(44)) - raft.server.log.segment.cache.size.max = 200MB (=209715200) (default)
2021-01-11 12:57:06,344 [pool-42-thread-1] INFO  segmented.SegmentedRaftLogWorker (SegmentedRaftLogWorker.java:<init>(181)) - new omNode-2@group-523986131536-SegmentedRaftLogWorker for RaftStorageImpl:Storage Directory /github/workspace/mnt/ozone/hadoop-ozone/integration-test/target/test-dir/MiniOzoneClusterImpl-8fb96eea-81cb-44ec-9a2b-3e454d7fad19/omNode-2/ratis/c9bc4cf4-3bc3-3c60-a66b-523986131536
2021-01-11 12:57:06,344 [pool-42-thread-1] INFO  server.RaftServerConfigKeys (ConfUtils.java:logGet(44)) - raft.server.log.queue.byte-limit = 64MB (=67108864) (default)
2021-01-11 12:57:06,344 [pool-42-thread-1] INFO  server.RaftServerConfigKeys (ConfUtils.java:logGet(44)) - raft.server.log.queue.element-limit = 4096 (default)
2021-01-11 12:57:06,345 [pool-42-thread-1] INFO  server.RaftServerConfigKeys (ConfUtils.java:logGet(44)) - raft.server.log.segment.size.max = 4194304 (custom)
2021-01-11 12:57:06,345 [pool-42-thread-1] INFO  server.RaftServerConfigKeys (ConfUtils.java:logGet(44)) - raft.server.log.preallocated.size = 4194304 (custom)
2021-01-11 12:57:06,345 [pool-42-thread-1] INFO  server.RaftServerConfigKeys (ConfUtils.java:logGet(44)) - raft.server.log.force.sync.num = 128 (default)
2021-01-11 12:57:06,345 [pool-42-thread-1] INFO  server.RaftServerConfigKeys (ConfUtils.java:logGet(44)) - raft.server.log.statemachine.data.sync = true (default)
2021-01-11 12:57:06,345 [pool-42-thread-1] INFO  server.RaftServerConfigKeys (ConfUtils.java:logGet(44)) - raft.server.log.statemachine.data.sync.timeout = 10s (default)
2021-01-11 12:57:06,345 [pool-42-thread-1] INFO  server.RaftServerConfigKeys (ConfUtils.java:logGet(44)) - raft.server.log.statemachine.data.sync.timeout.retry = -1 (default)
2021-01-11 12:57:06,346 [pool-42-thread-1] INFO  server.RaftServerConfigKeys (ConfUtils.java:logGet(44)) - raft.server.log.write.buffer.size = 64KB (=65536) (default)
2021-01-11 12:57:06,347 [pool-42-thread-1] INFO  server.RaftServerConfigKeys (ConfUtils.java:logGet(44)) - raft.server.log.statemachine.data.caching.enabled = false (default)
2021-01-11 12:57:06,348 [pool-42-thread-1] INFO  segmented.SegmentedRaftLogWorker (SegmentedRaftLogWorker.java:lambda$new$0(132)) - omNode-2@group-523986131536-SegmentedRaftLogWorker: flushIndex: setUnconditionally 0 -> -1
2021-01-11 12:57:06,348 [pool-42-thread-1] INFO  segmented.SegmentedRaftLogWorker (SegmentedRaftLogWorker.java:lambda$new$0(132)) - omNode-2@group-523986131536-SegmentedRaftLogWorker: safeCacheEvictIndex: setUnconditionally 0 -> -1
2021-01-11 12:57:06,353 [pool-42-thread-1] INFO  server.RaftServerConfigKeys (ConfUtils.java:logGet(44)) - raft.server.snapshot.auto.trigger.enabled = true (custom)
2021-01-11 12:57:06,353 [pool-42-thread-1] INFO  server.RaftServerConfigKeys (ConfUtils.java:logGet(44)) - raft.server.snapshot.auto.trigger.threshold = 50 (custom)
2021-01-11 12:57:06,353 [pool-42-thread-1] INFO  server.RaftServerConfigKeys (ConfUtils.java:logGet(44)) - raft.server.snapshot.retention.file.num = -1 (default)
2021-01-11 12:57:06,354 [pool-42-thread-1] INFO  server.RaftServerConfigKeys (ConfUtils.java:logGet(44)) - raft.server.log.purge.upto.snapshot.index = true (custom)
2021-01-11 12:57:06,354 [pool-42-thread-1] INFO  server.RaftServerConfigKeys (ConfUtils.java:logGet(44)) - raft.server.retrycache.expirytime = 300s (custom)
2021-01-11 12:57:06,354 [pool-42-thread-1] INFO  server.RaftServerConfigKeys (ConfUtils.java:logGet(44)) - raft.server.retrycache.statistics.expirytime = 100?s (default)
2021-01-11 12:57:06,354 [pool-42-thread-1] INFO  metrics.RatisMetrics (RatisMetrics.java:lambda$create$0(36)) - Creating Metrics Registry : ratis.leader_election.omNode-2@group-523986131536
2021-01-11 12:57:06,355 [pool-42-thread-1] INFO  metrics.RatisMetrics (RatisMetrics.java:lambda$create$0(36)) - Creating Metrics Registry : ratis.server.omNode-2@group-523986131536
2021-01-11 12:57:06,366 [Listener at 127.0.0.1/13582] INFO  impl.MetricsSystemImpl (MetricsSystemImpl.java:init(158)) - OzoneManager metrics system started (again)
2021-01-11 12:57:06,367 [Listener at 127.0.0.1/13582] INFO  om.OzoneManager (OzoneManager.java:start(1160)) - OzoneManager RPC server is listening at localhost/127.0.0.1:13582
2021-01-11 12:57:06,367 [Listener at 127.0.0.1/13582] INFO  ratis.OzoneManagerRatisServer (OzoneManagerRatisServer.java:start(377)) - Starting OzoneManagerRatisServer omNode-2 at port 13586
2021-01-11 12:57:06,368 [Listener at 127.0.0.1/13582] INFO  server.RaftServer$Division (RaftServerImpl.java:start(294)) - omNode-2@group-523986131536: start as a follower, conf=-1: [omNode-3|rpc:localhost:13592|priority:0, omNode-1|rpc:localhost:13580|priority:0, omNode-2|rpc:localhost:13586|priority:0], old=null
2021-01-11 12:57:06,368 [Listener at 127.0.0.1/13582] INFO  server.RaftServer$Division (RaftServerImpl.java:setRole(283)) - omNode-2@group-523986131536: changes role from      null to FOLLOWER at term 0 for startAsFollower
2021-01-11 12:57:06,368 [Listener at 127.0.0.1/13582] INFO  impl.RoleInfo (RoleInfo.java:updateAndGet(130)) - omNode-2: start omNode-2@group-523986131536-FollowerState
2021-01-11 12:57:06,368 [Listener at 127.0.0.1/13582] INFO  util.JmxRegister (JmxRegister.java:tryRegister(44)) - Successfully registered JMX Bean with object name Ratis:service=RaftServer,group=group-523986131536,id=omNode-2
2021-01-11 12:57:06,369 [Listener at 127.0.0.1/13582] INFO  metrics.RatisMetrics (RatisMetrics.java:lambda$create$0(36)) - Creating Metrics Registry : ratis.state_machine.omNode-2@group-523986131536
2021-01-11 12:57:06,373 [Listener at 127.0.0.1/13582] INFO  server.RaftServer (RaftServerProxy.java:lambda$start$5(372)) - omNode-2: start RPC server
2021-01-11 12:57:06,378 [Listener at 127.0.0.1/13582] INFO  server.GrpcService (GrpcService.java:startImpl(176)) - omNode-2: GrpcService started, listening on 0.0.0.0/0.0.0.0:13586
2021-01-11 12:57:06,381 [org.apache.ratis.util.JvmPauseMonitor$$Lambda$305/1260124199@67b718e8] INFO  util.JvmPauseMonitor (JvmPauseMonitor.java:run(103)) - JvmPauseMonitor-omNode-2: Started
2021-01-11 12:57:06,387 [Listener at 127.0.0.1/13582] INFO  http.BaseHttpServer (BaseHttpServer.java:newHttpServer2BuilderForOzone(207)) - Starting Web-server for ozoneManager at: http://0.0.0.0:13584
2021-01-11 12:57:06,387 [Listener at 127.0.0.1/13582] INFO  http.BaseHttpServer (BaseHttpServer.java:<init>(106)) - Hadoop Security Enabled: false Ozone Security Enabled: false Ozone HTTP Security Enabled: false 
2021-01-11 12:57:06,389 [Listener at 127.0.0.1/13582] INFO  server.AuthenticationFilter (AuthenticationFilter.java:constructSecretProvider(240)) - Unable to initialize FileSignerSecretProvider, falling back to use random secrets.
2021-01-11 12:57:06,389 [Listener at 127.0.0.1/13582] WARN  http.HttpRequestLog (HttpRequestLog.java:getRequestLog(103)) - Jetty request log can only be enabled using Log4j
2021-01-11 12:57:06,390 [Listener at 127.0.0.1/13582] INFO  http.HttpServer2 (HttpServer2.java:addGlobalFilter(1020)) - Added global filter 'safety' (class=org.apache.hadoop.hdds.server.http.HttpServer2$QuotingInputFilter)
2021-01-11 12:57:06,391 [Listener at 127.0.0.1/13582] INFO  http.HttpServer2 (HttpServer2.java:addFilter(996)) - Added filter static_user_filter (class=org.apache.hadoop.http.lib.StaticUserWebFilter$StaticUserFilter) to context ozoneManager
2021-01-11 12:57:06,392 [Listener at 127.0.0.1/13582] INFO  http.HttpServer2 (HttpServer2.java:addFilter(1004)) - Added filter static_user_filter (class=org.apache.hadoop.http.lib.StaticUserWebFilter$StaticUserFilter) to context static
2021-01-11 12:57:06,392 [Listener at 127.0.0.1/13582] INFO  http.HttpServer2 (HttpServer2.java:addFilter(1004)) - Added filter static_user_filter (class=org.apache.hadoop.http.lib.StaticUserWebFilter$StaticUserFilter) to context logs
2021-01-11 12:57:06,392 [Listener at 127.0.0.1/13582] INFO  http.HttpServer2 (HttpServer2.java:bindListener(1238)) - Jetty bound to port 13584
2021-01-11 12:57:06,393 [Listener at 127.0.0.1/13582] INFO  server.Server (Server.java:doStart(375)) - jetty-9.4.34.v20201102; built: 2020-11-02T14:15:39.302Z; git: e46af88704a893fc12cb0e3bf46e2c7b48a009e7; jvm 1.8.0_232-b09
2021-01-11 12:57:06,394 [Listener at 127.0.0.1/13582] INFO  server.session (DefaultSessionIdManager.java:doStart(334)) - DefaultSessionIdManager workerName=node0
2021-01-11 12:57:06,395 [Listener at 127.0.0.1/13582] INFO  server.session (DefaultSessionIdManager.java:doStart(339)) - No SessionScavenger set, using defaults
2021-01-11 12:57:06,395 [Listener at 127.0.0.1/13582] INFO  server.session (HouseKeeper.java:startScavenging(132)) - node0 Scavenging every 600000ms
2021-01-11 12:57:06,396 [Listener at 127.0.0.1/13582] INFO  handler.ContextHandler (ContextHandler.java:doStart(916)) - Started o.e.j.s.ServletContextHandler@bfdae72{logs,/logs,file:///github/workspace/mnt/ozone/hadoop-ozone/integration-test/target/log,AVAILABLE}
2021-01-11 12:57:06,396 [Listener at 127.0.0.1/13582] INFO  handler.ContextHandler (ContextHandler.java:doStart(916)) - Started o.e.j.s.ServletContextHandler@2d1049bc{static,/static,file:///github/workspace/mnt/ozone/hadoop-ozone/integration-test/target/test-classes/webapps/static,AVAILABLE}
2021-01-11 12:57:06,400 [Listener at 127.0.0.1/13582] INFO  handler.ContextHandler (ContextHandler.java:doStart(916)) - Started o.e.j.w.WebAppContext@39518b2a{ozoneManager,/,file:///github/workspace/mnt/ozone/hadoop-ozone/integration-test/target/test-classes/webapps/ozoneManager/,AVAILABLE}{file:/github/workspace/mnt/ozone/hadoop-ozone/integration-test/target/test-classes/webapps/ozoneManager}
2021-01-11 12:57:06,405 [Listener at 127.0.0.1/13582] INFO  server.AbstractConnector (AbstractConnector.java:doStart(331)) - Started ServerConnector@5feb382c{HTTP/1.1, (http/1.1)}{0.0.0.0:13584}
2021-01-11 12:57:06,405 [Listener at 127.0.0.1/13582] INFO  server.Server (Server.java:doStart(415)) - Started @10355ms
2021-01-11 12:57:06,405 [Listener at 127.0.0.1/13582] WARN  impl.MetricsSystemImpl (MetricsSystemImpl.java:register(276)) - Sink prometheus already exists!
2021-01-11 12:57:06,408 [Listener at 127.0.0.1/13582] INFO  http.BaseHttpServer (BaseHttpServer.java:updateConnectorAddress(327)) - HTTP server of ozoneManager listening at http://0.0.0.0:13584
2021-01-11 12:57:06,409 [IPC Server Responder] INFO  ipc.Server (Server.java:run(1460)) - IPC Server Responder: starting
2021-01-11 12:57:06,409 [IPC Server listener on 13582] INFO  ipc.Server (Server.java:run(1298)) - IPC Server listener on 13582: starting
2021-01-11 12:57:06,412 [Listener at 127.0.0.1/13582] INFO  om.OzoneManager (OzoneManager.java:startTrashEmptier(1281)) - Trash Interval set to 0. Files deleted will not move to trash
2021-01-11 12:57:06,413 [Listener at 127.0.0.1/13582] INFO  ozone.MiniOzoneHAClusterImpl (MiniOzoneHAClusterImpl.java:createOMService(380)) - Started OzoneManager RPC server at localhost/127.0.0.1:13582
2021-01-11 12:57:06,414 [Listener at 127.0.0.1/13582] WARN  server.ServerUtils (ServerUtils.java:getDBPath(225)) - ozone.om.db.dirs is not configured. We recommend adding this setting. Falling back to ozone.metadata.dirs instead.
2021-01-11 12:57:06,419 [Listener at 127.0.0.1/13582] INFO  ha.OMHANodeDetails (OMHANodeDetails.java:loadOMHAConfig(110)) - ServiceID for OzoneManager is om-service-test1
2021-01-11 12:57:06,420 [Listener at 127.0.0.1/13582] INFO  ha.OMHANodeDetails (OMHANodeDetails.java:loadOMHAConfig(186)) - Found matching OM address with OMServiceId: om-service-test1, OMNodeId: omNode-3, RPC Address: localhost:13588 and Ratis port: 13592
2021-01-11 12:57:06,420 [Listener at 127.0.0.1/13582] INFO  ha.OMHANodeDetails (OMHANodeDetails.java:setOMNodeSpecificConfigs(311)) - Setting configuration key ozone.om.http-address with value of key ozone.om.http-address.omNode-3: 127.0.0.1:13590
2021-01-11 12:57:06,420 [Listener at 127.0.0.1/13582] INFO  ha.OMHANodeDetails (OMHANodeDetails.java:setOMNodeSpecificConfigs(311)) - Setting configuration key ozone.om.https-address with value of key ozone.om.https-address.omNode-3: 127.0.0.1:13591
2021-01-11 12:57:06,420 [Listener at 127.0.0.1/13582] INFO  ha.OMHANodeDetails (OMHANodeDetails.java:setOMNodeSpecificConfigs(311)) - Setting configuration key ozone.om.address with value of key ozone.om.address.omNode-3: 127.0.0.1:13588
2021-01-11 12:57:06,420 [Listener at 127.0.0.1/13582] WARN  server.ServerUtils (ServerUtils.java:getDBPath(225)) - ozone.om.db.dirs is not configured. We recommend adding this setting. Falling back to ozone.metadata.dirs instead.
2021-01-11 12:57:06,421 [Listener at 127.0.0.1/13582] WARN  server.ServerUtils (ServerUtils.java:getDBPath(225)) - ozone.om.db.dirs is not configured. We recommend adding this setting. Falling back to ozone.metadata.dirs instead.
2021-01-11 12:57:06,422 [org.apache.hadoop.util.JvmPauseMonitor$Monitor@5465a7a4] INFO  util.JvmPauseMonitor (JvmPauseMonitor.java:run(188)) - Starting JVM pause monitor
2021-01-11 12:57:06,425 [Listener at 127.0.0.1/13582] WARN  server.ServerUtils (ServerUtils.java:getDBPath(225)) - ozone.om.db.dirs is not configured. We recommend adding this setting. Falling back to ozone.metadata.dirs instead.
2021-01-11 12:57:06,426 [Listener at 127.0.0.1/13582] INFO  codec.OmKeyInfoCodec (OmKeyInfoCodec.java:<init>(41)) - OmKeyInfoCodec ignorePipeline = true
2021-01-11 12:57:06,426 [Listener at 127.0.0.1/13582] INFO  codec.RepeatedOmKeyInfoCodec (RepeatedOmKeyInfoCodec.java:<init>(40)) - RepeatedOmKeyInfoCodec ignorePipeline = true
2021-01-11 12:57:06,491 [Listener at 127.0.0.1/13582] INFO  om.OzoneManager (OzoneManager.java:addS3GVolumeToDB(3738)) - Created Volume s3v With Owner jenkins1001 required for S3Gateway operations.
2021-01-11 12:57:06,491 [Listener at 127.0.0.1/13582] WARN  server.ServerUtils (ServerUtils.java:getDefaultRatisDirectory(237)) - Storage directory for Ratis is not configured. It is a good idea to map this to an SSD disk. Falling back to ozone.metadata.dirs
2021-01-11 12:57:06,492 [Listener at 127.0.0.1/13582] WARN  ratis.OzoneManagerRatisServer (OzoneManagerRatisServer.java:getOMRatisSnapshotDirectory(638)) - ozone.om.ratis.snapshot.dir is not configured. Falling back to ozone.metadata.dirs config
2021-01-11 12:57:06,492 [Listener at 127.0.0.1/13582] INFO  snapshot.OzoneManagerSnapshotProvider (OzoneManagerSnapshotProvider.java:<init>(77)) - Initializing OM Snapshot Provider
2021-01-11 12:57:06,493 [Listener at 127.0.0.1/13582] WARN  server.ServerUtils (ServerUtils.java:getDefaultRatisDirectory(237)) - Storage directory for Ratis is not configured. It is a good idea to map this to an SSD disk. Falling back to ozone.metadata.dirs
2021-01-11 12:57:06,494 [Listener at 127.0.0.1/13582] INFO  ratis.OzoneManagerRatisServer (OzoneManagerRatisServer.java:<init>(280)) - Instantiating OM Ratis server with GroupID: om-service-test1 and Raft Peers: localhost:13592, localhost:13580, localhost:13586
2021-01-11 12:57:06,495 [Listener at 127.0.0.1/13582] INFO  ratis.OzoneManagerStateMachine (OzoneManagerStateMachine.java:loadSnapshotInfoFromDB(518)) - LastAppliedIndex is set from TransactionInfo from OM DB as (t:0, i:~)
2021-01-11 12:57:06,495 [Listener at 127.0.0.1/13582] INFO  server.RaftServer (ConfUtils.java:logGet(44)) - raft.rpc.type = GRPC (default)
2021-01-11 12:57:06,495 [Listener at 127.0.0.1/13582] INFO  grpc.GrpcFactory (GrpcFactory.java:checkPooledByteBufAllocatorUseCacheForAllThreads(48)) - PERFORMANCE WARNING: useCacheForAllThreads is true that may cause Netty to create a lot garbage objects and, as a result, trigger GC.
	It is recommended to disable useCacheForAllThreads by setting -Dorg.apache.ratis.thirdparty.io.netty.allocator.useCacheForAllThreads=false in command line.
2021-01-11 12:57:06,495 [Listener at 127.0.0.1/13582] INFO  grpc.GrpcConfigKeys (ConfUtils.java:logGet(44)) - raft.grpc.server.port = 13592 (custom)
2021-01-11 12:57:06,496 [Listener at 127.0.0.1/13582] INFO  server.GrpcService (ConfUtils.java:logGet(44)) - raft.grpc.message.size.max = 33554432 (custom)
2021-01-11 12:57:06,496 [Listener at 127.0.0.1/13582] INFO  server.RaftServerConfigKeys (ConfUtils.java:logGet(44)) - raft.server.log.appender.buffer.byte-limit = 33554432 (custom)
2021-01-11 12:57:06,496 [Listener at 127.0.0.1/13582] INFO  server.GrpcService (ConfUtils.java:logGet(44)) - raft.grpc.flow.control.window = 1MB (=1048576) (default)
2021-01-11 12:57:06,496 [Listener at 127.0.0.1/13582] INFO  server.RaftServerConfigKeys (ConfUtils.java:logGet(44)) - raft.server.rpc.request.timeout = 3000ms (default)
2021-01-11 12:57:06,497 [Listener at 127.0.0.1/13582] INFO  impl.DataStreamServerImpl (ConfUtils.java:logGet(44)) - raft.datastream.type = DISABLED (default)
2021-01-11 12:57:06,497 [Listener at 127.0.0.1/13582] INFO  server.RaftServerConfigKeys (ConfUtils.java:logGet(44)) - raft.server.rpc.slowness.timeout = 2s (custom)
2021-01-11 12:57:06,498 [Listener at 127.0.0.1/13582] INFO  server.RaftServerConfigKeys (ConfUtils.java:logGet(44)) - raft.server.leaderelection.leader.step-down.wait-time = 10s (default)
2021-01-11 12:57:06,498 [Listener at 127.0.0.1/13582] INFO  server.RaftServerConfigKeys (ConfUtils.java:logGet(44)) - raft.server.storage.dir = [/github/workspace/mnt/ozone/hadoop-ozone/integration-test/target/test-dir/MiniOzoneClusterImpl-8fb96eea-81cb-44ec-9a2b-3e454d7fad19/omNode-3/ratis] (custom)
2021-01-11 12:57:06,498 [Listener at 127.0.0.1/13582] INFO  server.RaftServer (RaftServerProxy.java:addNew(95)) - omNode-3: addNew group-523986131536:[omNode-3|rpc:localhost:13592|priority:0, omNode-1|rpc:localhost:13580|priority:0, omNode-2|rpc:localhost:13586|priority:0] returns group-523986131536:java.util.concurrent.CompletableFuture@b4fe354[Not completed]
2021-01-11 12:57:06,498 [Listener at 127.0.0.1/13582] INFO  om.OzoneManager (OzoneManager.java:initializeRatisServer(1332)) - OzoneManager Ratis server initialized at port 13592
2021-01-11 12:57:06,500 [Listener at 127.0.0.1/13582] INFO  ipc.CallQueueManager (CallQueueManager.java:<init>(84)) - Using callQueue: class java.util.concurrent.LinkedBlockingQueue, queueCapacity: 2000, scheduler: class org.apache.hadoop.ipc.DefaultRpcScheduler, ipcBackoff: false.
2021-01-11 12:57:06,500 [pool-57-thread-1] INFO  server.RaftServer$Division (RaftServerImpl.java:<init>(179)) - omNode-3: new RaftServerImpl for group-523986131536:[omNode-3|rpc:localhost:13592|priority:0, omNode-1|rpc:localhost:13580|priority:0, omNode-2|rpc:localhost:13586|priority:0] with OzoneManagerStateMachine:uninitialized
2021-01-11 12:57:06,501 [Socket Reader #1 for port 13588] INFO  ipc.Server (Server.java:run(1219)) - Starting Socket Reader #1 for port 13588
2021-01-11 12:57:06,510 [pool-57-thread-1] INFO  server.RaftServerConfigKeys (ConfUtils.java:logGet(44)) - raft.server.rpc.timeout.min = 1s (custom)
2021-01-11 12:57:06,510 [pool-57-thread-1] INFO  server.RaftServerConfigKeys (ConfUtils.java:logGet(44)) - raft.server.rpc.timeout.max = 1200ms (custom)
2021-01-11 12:57:06,510 [pool-57-thread-1] INFO  server.RaftServerConfigKeys (ConfUtils.java:logGet(44)) - raft.server.rpc.sleep.time = 25ms (default)
2021-01-11 12:57:06,511 [pool-57-thread-1] INFO  server.RaftServerConfigKeys (ConfUtils.java:logGet(44)) - raft.server.rpc.slowness.timeout = 2s (custom)
2021-01-11 12:57:06,511 [pool-57-thread-1] INFO  server.RaftServerConfigKeys (ConfUtils.java:logGet(44)) - raft.server.leaderelection.leader.step-down.wait-time = 10s (default)
2021-01-11 12:57:06,511 [pool-57-thread-1] INFO  server.RaftServerConfigKeys (ConfUtils.java:logGet(44)) - raft.server.sleep.deviation.threshold = 300ms (default)
2021-01-11 12:57:06,511 [pool-57-thread-1] INFO  server.RaftServerConfigKeys (ConfUtils.java:logGet(44)) - raft.server.log.appender.install.snapshot.enabled = false (custom)
2021-01-11 12:57:06,511 [pool-57-thread-1] INFO  server.RaftServer$Division (ServerState.java:<init>(103)) - omNode-3@group-523986131536: ConfigurationManager, init=-1: [omNode-3|rpc:localhost:13592|priority:0, omNode-1|rpc:localhost:13580|priority:0, omNode-2|rpc:localhost:13586|priority:0], old=null, confs=<EMPTY_MAP>
2021-01-11 12:57:06,511 [pool-57-thread-1] INFO  server.RaftServerConfigKeys (ConfUtils.java:logGet(44)) - raft.server.storage.dir = [/github/workspace/mnt/ozone/hadoop-ozone/integration-test/target/test-dir/MiniOzoneClusterImpl-8fb96eea-81cb-44ec-9a2b-3e454d7fad19/omNode-3/ratis] (custom)
2021-01-11 12:57:06,511 [pool-57-thread-1] INFO  server.RaftServerConfigKeys (ConfUtils.java:logGet(44)) - raft.server.log.corruption.policy = EXCEPTION (default)
2021-01-11 12:57:06,511 [pool-57-thread-1] INFO  storage.RaftStorageDirectory (RaftStorageDirectoryImpl.java:analyzeStorage(132)) - The storage directory /github/workspace/mnt/ozone/hadoop-ozone/integration-test/target/test-dir/MiniOzoneClusterImpl-8fb96eea-81cb-44ec-9a2b-3e454d7fad19/omNode-3/ratis/c9bc4cf4-3bc3-3c60-a66b-523986131536 does not exist. Creating ...
2021-01-11 12:57:06,512 [pool-57-thread-1] INFO  storage.RaftStorageDirectory (RaftStorageDirectoryImpl.java:tryLock(215)) - Lock on /github/workspace/mnt/ozone/hadoop-ozone/integration-test/target/test-dir/MiniOzoneClusterImpl-8fb96eea-81cb-44ec-9a2b-3e454d7fad19/omNode-3/ratis/c9bc4cf4-3bc3-3c60-a66b-523986131536/in_use.lock acquired by nodename 2195@0df9a8009e06
2021-01-11 12:57:06,513 [pool-57-thread-1] INFO  storage.RaftStorage (RaftStorageImpl.java:format(87)) - Storage directory /github/workspace/mnt/ozone/hadoop-ozone/integration-test/target/test-dir/MiniOzoneClusterImpl-8fb96eea-81cb-44ec-9a2b-3e454d7fad19/omNode-3/ratis/c9bc4cf4-3bc3-3c60-a66b-523986131536 has been successfully formatted.
2021-01-11 12:57:06,514 [pool-57-thread-1] ERROR storage.RaftStorage (RaftStorageImpl.java:readRaftConfiguration(147)) - Failed reading configuration from file:/github/workspace/mnt/ozone/hadoop-ozone/integration-test/target/test-dir/MiniOzoneClusterImpl-8fb96eea-81cb-44ec-9a2b-3e454d7fad19/omNode-3/ratis/c9bc4cf4-3bc3-3c60-a66b-523986131536/current/raft-meta.conf
java.io.FileNotFoundException: /github/workspace/mnt/ozone/hadoop-ozone/integration-test/target/test-dir/MiniOzoneClusterImpl-8fb96eea-81cb-44ec-9a2b-3e454d7fad19/omNode-3/ratis/c9bc4cf4-3bc3-3c60-a66b-523986131536/current/raft-meta.conf (No such file or directory)
	at java.io.FileInputStream.open0(Native Method)
	at java.io.FileInputStream.open(FileInputStream.java:195)
	at java.io.FileInputStream.<init>(FileInputStream.java:138)
	at org.apache.ratis.server.storage.RaftStorageImpl.readRaftConfiguration(RaftStorageImpl.java:143)
	at org.apache.ratis.server.impl.ServerState.<init>(ServerState.java:113)
	at org.apache.ratis.server.impl.RaftServerImpl.<init>(RaftServerImpl.java:192)
	at org.apache.ratis.server.impl.RaftServerProxy.lambda$newRaftServerImpl$4(RaftServerProxy.java:266)
	at java.util.concurrent.CompletableFuture$AsyncSupply.run(CompletableFuture.java:1604)
	at java.util.concurrent.ThreadPoolExecutor.runWorker(ThreadPoolExecutor.java:1149)
	at java.util.concurrent.ThreadPoolExecutor$Worker.run(ThreadPoolExecutor.java:624)
	at java.lang.Thread.run(Thread.java:748)
2021-01-11 12:57:06,514 [pool-57-thread-1] INFO  server.RaftServerConfigKeys (ConfUtils.java:logGet(44)) - raft.server.notification.no-leader.timeout = 2s (custom)
2021-01-11 12:57:06,514 [pool-57-thread-1] INFO  server.RaftServerConfigKeys (ConfUtils.java:logGet(44)) - raft.server.log.use.memory = false (default)
2021-01-11 12:57:06,514 [pool-57-thread-1] INFO  server.RaftServerConfigKeys (ConfUtils.java:logGet(44)) - raft.server.log.purge.gap = 50 (custom)
2021-01-11 12:57:06,514 [pool-57-thread-1] INFO  server.RaftServerConfigKeys (ConfUtils.java:logGet(44)) - raft.server.log.appender.buffer.byte-limit = 33554432 (custom)
2021-01-11 12:57:06,515 [pool-57-thread-1] INFO  metrics.RatisMetrics (RatisMetrics.java:lambda$create$0(36)) - Creating Metrics Registry : ratis.log_worker.omNode-3@group-523986131536
2021-01-11 12:57:06,515 [pool-57-thread-1] INFO  server.RaftServerConfigKeys (ConfUtils.java:logGet(44)) - raft.server.log.segment.size.max = 4194304 (custom)
2021-01-11 12:57:06,515 [pool-57-thread-1] INFO  server.RaftServerConfigKeys (ConfUtils.java:logGet(44)) - raft.server.log.segment.cache.num.max = 2 (custom)
2021-01-11 12:57:06,516 [pool-57-thread-1] INFO  server.RaftServerConfigKeys (ConfUtils.java:logGet(44)) - raft.server.log.segment.cache.size.max = 200MB (=209715200) (default)
2021-01-11 12:57:06,516 [pool-57-thread-1] INFO  segmented.SegmentedRaftLogWorker (SegmentedRaftLogWorker.java:<init>(181)) - new omNode-3@group-523986131536-SegmentedRaftLogWorker for RaftStorageImpl:Storage Directory /github/workspace/mnt/ozone/hadoop-ozone/integration-test/target/test-dir/MiniOzoneClusterImpl-8fb96eea-81cb-44ec-9a2b-3e454d7fad19/omNode-3/ratis/c9bc4cf4-3bc3-3c60-a66b-523986131536
2021-01-11 12:57:06,516 [pool-57-thread-1] INFO  server.RaftServerConfigKeys (ConfUtils.java:logGet(44)) - raft.server.log.queue.byte-limit = 64MB (=67108864) (default)
2021-01-11 12:57:06,516 [pool-57-thread-1] INFO  server.RaftServerConfigKeys (ConfUtils.java:logGet(44)) - raft.server.log.queue.element-limit = 4096 (default)
2021-01-11 12:57:06,516 [pool-57-thread-1] INFO  server.RaftServerConfigKeys (ConfUtils.java:logGet(44)) - raft.server.log.segment.size.max = 4194304 (custom)
2021-01-11 12:57:06,516 [pool-57-thread-1] INFO  server.RaftServerConfigKeys (ConfUtils.java:logGet(44)) - raft.server.log.preallocated.size = 4194304 (custom)
2021-01-11 12:57:06,516 [pool-57-thread-1] INFO  server.RaftServerConfigKeys (ConfUtils.java:logGet(44)) - raft.server.log.force.sync.num = 128 (default)
2021-01-11 12:57:06,516 [pool-57-thread-1] INFO  server.RaftServerConfigKeys (ConfUtils.java:logGet(44)) - raft.server.log.statemachine.data.sync = true (default)
2021-01-11 12:57:06,517 [pool-57-thread-1] INFO  server.RaftServerConfigKeys (ConfUtils.java:logGet(44)) - raft.server.log.statemachine.data.sync.timeout = 10s (default)
2021-01-11 12:57:06,517 [pool-57-thread-1] INFO  server.RaftServerConfigKeys (ConfUtils.java:logGet(44)) - raft.server.log.statemachine.data.sync.timeout.retry = -1 (default)
2021-01-11 12:57:06,518 [pool-57-thread-1] INFO  server.RaftServerConfigKeys (ConfUtils.java:logGet(44)) - raft.server.log.write.buffer.size = 64KB (=65536) (default)
2021-01-11 12:57:06,523 [pool-57-thread-1] INFO  server.RaftServerConfigKeys (ConfUtils.java:logGet(44)) - raft.server.log.statemachine.data.caching.enabled = false (default)
2021-01-11 12:57:06,523 [pool-57-thread-1] INFO  segmented.SegmentedRaftLogWorker (SegmentedRaftLogWorker.java:lambda$new$0(132)) - omNode-3@group-523986131536-SegmentedRaftLogWorker: flushIndex: setUnconditionally 0 -> -1
2021-01-11 12:57:06,523 [pool-57-thread-1] INFO  segmented.SegmentedRaftLogWorker (SegmentedRaftLogWorker.java:lambda$new$0(132)) - omNode-3@group-523986131536-SegmentedRaftLogWorker: safeCacheEvictIndex: setUnconditionally 0 -> -1
2021-01-11 12:57:06,528 [Listener at 127.0.0.1/13588] INFO  ozone.MiniOzoneHAClusterImpl (MiniOzoneHAClusterImpl.java:createOMService(384)) - Intialized OzoneManager at localhost/127.0.0.1:13588. This OM is currently inactive (not running).
2021-01-11 12:57:06,528 [pool-57-thread-1] INFO  server.RaftServerConfigKeys (ConfUtils.java:logGet(44)) - raft.server.snapshot.auto.trigger.enabled = true (custom)
2021-01-11 12:57:06,528 [pool-57-thread-1] INFO  server.RaftServerConfigKeys (ConfUtils.java:logGet(44)) - raft.server.snapshot.auto.trigger.threshold = 50 (custom)
2021-01-11 12:57:06,528 [pool-57-thread-1] INFO  server.RaftServerConfigKeys (ConfUtils.java:logGet(44)) - raft.server.snapshot.retention.file.num = -1 (default)
2021-01-11 12:57:06,528 [pool-57-thread-1] INFO  server.RaftServerConfigKeys (ConfUtils.java:logGet(44)) - raft.server.log.purge.upto.snapshot.index = true (custom)
2021-01-11 12:57:06,528 [pool-57-thread-1] INFO  server.RaftServerConfigKeys (ConfUtils.java:logGet(44)) - raft.server.retrycache.expirytime = 300s (custom)
2021-01-11 12:57:06,528 [pool-57-thread-1] INFO  server.RaftServerConfigKeys (ConfUtils.java:logGet(44)) - raft.server.retrycache.statistics.expirytime = 100?s (default)
2021-01-11 12:57:06,529 [pool-57-thread-1] INFO  metrics.RatisMetrics (RatisMetrics.java:lambda$create$0(36)) - Creating Metrics Registry : ratis.leader_election.omNode-3@group-523986131536
2021-01-11 12:57:06,529 [pool-57-thread-1] INFO  metrics.RatisMetrics (RatisMetrics.java:lambda$create$0(36)) - Creating Metrics Registry : ratis.server.omNode-3@group-523986131536
2021-01-11 12:57:06,687 [Listener at 127.0.0.1/13588] INFO  impl.MetricsSystemImpl (MetricsSystemImpl.java:init(158)) - HddsDatanode metrics system started (again)
2021-01-11 12:57:06,692 [Listener at 127.0.0.1/13588] INFO  ozone.HddsDatanodeService (HddsDatanodeService.java:start(215)) - HddsDatanodeService host:0df9a8009e06 ip:172.17.0.2
2021-01-11 12:57:06,754 [Listener at 127.0.0.1/13588] INFO  volume.HddsVolume (HddsVolume.java:<init>(176)) - Creating Volume: /github/workspace/mnt/ozone/hadoop-ozone/integration-test/target/test-dir/MiniOzoneClusterImpl-8fb96eea-81cb-44ec-9a2b-3e454d7fad19/datanode-0/data-0/containers/hdds of storage type : DISK and capacity : 9223372036854775807
2021-01-11 12:57:06,756 [Listener at 127.0.0.1/13588] INFO  volume.MutableVolumeSet (MutableVolumeSet.java:initializeVolumeSet(179)) - Added Volume : /github/workspace/mnt/ozone/hadoop-ozone/integration-test/target/test-dir/MiniOzoneClusterImpl-8fb96eea-81cb-44ec-9a2b-3e454d7fad19/datanode-0/data-0/containers/hdds to VolumeSet
2021-01-11 12:57:06,757 [Listener at 127.0.0.1/13588] INFO  volume.ThrottledAsyncChecker (ThrottledAsyncChecker.java:schedule(141)) - Scheduling a check for /github/workspace/mnt/ozone/hadoop-ozone/integration-test/target/test-dir/MiniOzoneClusterImpl-8fb96eea-81cb-44ec-9a2b-3e454d7fad19/datanode-0/data-0/containers/hdds
2021-01-11 12:57:06,784 [Listener at 127.0.0.1/13588] INFO  volume.HddsVolumeChecker (HddsVolumeChecker.java:checkAllVolumes(200)) - Scheduled health check for volume /github/workspace/mnt/ozone/hadoop-ozone/integration-test/target/test-dir/MiniOzoneClusterImpl-8fb96eea-81cb-44ec-9a2b-3e454d7fad19/datanode-0/data-0/containers/hdds
2021-01-11 12:57:06,807 [Thread-175] INFO  ozoneimpl.ContainerReader (ContainerReader.java:readVolume(123)) - Start to verify containers on volume /github/workspace/mnt/ozone/hadoop-ozone/integration-test/target/test-dir/MiniOzoneClusterImpl-8fb96eea-81cb-44ec-9a2b-3e454d7fad19/datanode-0/data-0/containers/hdds
2021-01-11 12:57:06,807 [Thread-175] INFO  ozoneimpl.ContainerReader (ContainerReader.java:readVolume(148)) - Finish verifying containers on volume /github/workspace/mnt/ozone/hadoop-ozone/integration-test/target/test-dir/MiniOzoneClusterImpl-8fb96eea-81cb-44ec-9a2b-3e454d7fad19/datanode-0/data-0/containers/hdds
2021-01-11 12:57:06,807 [Listener at 127.0.0.1/13588] INFO  ozoneimpl.OzoneContainer (OzoneContainer.java:buildContainerSet(206)) - Build ContainerSet costs 0s
2021-01-11 12:57:06,891 [Listener at 127.0.0.1/13588] INFO  server.RaftServer (ConfUtils.java:logGet(44)) - raft.rpc.type = GRPC (default)
2021-01-11 12:57:06,891 [Listener at 127.0.0.1/13588] INFO  grpc.GrpcFactory (GrpcFactory.java:checkPooledByteBufAllocatorUseCacheForAllThreads(48)) - PERFORMANCE WARNING: useCacheForAllThreads is true that may cause Netty to create a lot garbage objects and, as a result, trigger GC.
	It is recommended to disable useCacheForAllThreads by setting -Dorg.apache.ratis.thirdparty.io.netty.allocator.useCacheForAllThreads=false in command line.
2021-01-11 12:57:06,891 [Listener at 127.0.0.1/13588] INFO  grpc.GrpcConfigKeys (ConfUtils.java:logGet(44)) - raft.grpc.server.port = 0 (default)
2021-01-11 12:57:06,893 [Listener at 127.0.0.1/13588] INFO  server.GrpcService (ConfUtils.java:logGet(44)) - raft.grpc.message.size.max = 32MB (=33554432) (custom)
2021-01-11 12:57:06,893 [Listener at 127.0.0.1/13588] INFO  server.RaftServerConfigKeys (ConfUtils.java:logGet(44)) - raft.server.log.appender.buffer.byte-limit = 33554432 (custom)
2021-01-11 12:57:06,894 [Listener at 127.0.0.1/13588] INFO  server.GrpcService (ConfUtils.java:logGet(44)) - raft.grpc.flow.control.window = 5MB (=5242880) (custom)
2021-01-11 12:57:06,895 [Listener at 127.0.0.1/13588] INFO  server.RaftServerConfigKeys (ConfUtils.java:logGet(44)) - raft.server.rpc.request.timeout = 60s (custom)
2021-01-11 12:57:06,897 [Listener at 127.0.0.1/13588] INFO  impl.DataStreamServerImpl (ConfUtils.java:logGet(44)) - raft.datastream.type = DISABLED (default)
2021-01-11 12:57:06,897 [Listener at 127.0.0.1/13588] INFO  server.RaftServerConfigKeys (ConfUtils.java:logGet(44)) - raft.server.rpc.slowness.timeout = 300s (custom)
2021-01-11 12:57:06,897 [Listener at 127.0.0.1/13588] INFO  server.RaftServerConfigKeys (ConfUtils.java:logGet(44)) - raft.server.leaderelection.leader.step-down.wait-time = 10s (default)
2021-01-11 12:57:06,898 [Listener at 127.0.0.1/13588] INFO  server.RaftServerConfigKeys (ConfUtils.java:logGet(44)) - raft.server.storage.dir = [/github/workspace/mnt/ozone/hadoop-ozone/integration-test/target/test-dir/MiniOzoneClusterImpl-8fb96eea-81cb-44ec-9a2b-3e454d7fad19/datanode-0/data/ratis] (custom)
2021-01-11 12:57:06,972 [Listener at 127.0.0.1/13588] INFO  http.BaseHttpServer (BaseHttpServer.java:newHttpServer2BuilderForOzone(207)) - Starting Web-server for hddsDatanode at: http://0.0.0.0:0
2021-01-11 12:57:06,978 [Listener at 127.0.0.1/13588] INFO  http.BaseHttpServer (BaseHttpServer.java:<init>(106)) - Hadoop Security Enabled: false Ozone Security Enabled: false Ozone HTTP Security Enabled: false 
2021-01-11 12:57:06,979 [Listener at 127.0.0.1/13588] INFO  server.AuthenticationFilter (AuthenticationFilter.java:constructSecretProvider(240)) - Unable to initialize FileSignerSecretProvider, falling back to use random secrets.
2021-01-11 12:57:06,980 [Listener at 127.0.0.1/13588] WARN  http.HttpRequestLog (HttpRequestLog.java:getRequestLog(103)) - Jetty request log can only be enabled using Log4j
2021-01-11 12:57:06,982 [Listener at 127.0.0.1/13588] INFO  http.HttpServer2 (HttpServer2.java:addGlobalFilter(1020)) - Added global filter 'safety' (class=org.apache.hadoop.hdds.server.http.HttpServer2$QuotingInputFilter)
2021-01-11 12:57:06,983 [Listener at 127.0.0.1/13588] INFO  http.HttpServer2 (HttpServer2.java:addFilter(996)) - Added filter static_user_filter (class=org.apache.hadoop.http.lib.StaticUserWebFilter$StaticUserFilter) to context hddsDatanode
2021-01-11 12:57:06,983 [Listener at 127.0.0.1/13588] INFO  http.HttpServer2 (HttpServer2.java:addFilter(1004)) - Added filter static_user_filter (class=org.apache.hadoop.http.lib.StaticUserWebFilter$StaticUserFilter) to context logs
2021-01-11 12:57:06,983 [Listener at 127.0.0.1/13588] INFO  http.HttpServer2 (HttpServer2.java:addFilter(1004)) - Added filter static_user_filter (class=org.apache.hadoop.http.lib.StaticUserWebFilter$StaticUserFilter) to context static
2021-01-11 12:57:06,983 [Listener at 127.0.0.1/13588] INFO  http.HttpServer2 (HttpServer2.java:bindListener(1238)) - Jetty bound to port 40583
2021-01-11 12:57:06,983 [Listener at 127.0.0.1/13588] INFO  server.Server (Server.java:doStart(375)) - jetty-9.4.34.v20201102; built: 2020-11-02T14:15:39.302Z; git: e46af88704a893fc12cb0e3bf46e2c7b48a009e7; jvm 1.8.0_232-b09
2021-01-11 12:57:06,990 [Listener at 127.0.0.1/13588] INFO  server.session (DefaultSessionIdManager.java:doStart(334)) - DefaultSessionIdManager workerName=node0
2021-01-11 12:57:06,990 [Listener at 127.0.0.1/13588] INFO  server.session (DefaultSessionIdManager.java:doStart(339)) - No SessionScavenger set, using defaults
2021-01-11 12:57:06,990 [Listener at 127.0.0.1/13588] INFO  server.session (HouseKeeper.java:startScavenging(132)) - node0 Scavenging every 660000ms
2021-01-11 12:57:06,991 [Listener at 127.0.0.1/13588] INFO  handler.ContextHandler (ContextHandler.java:doStart(916)) - Started o.e.j.s.ServletContextHandler@6325579e{logs,/logs,file:///github/workspace/mnt/ozone/hadoop-ozone/integration-test/target/log,AVAILABLE}
2021-01-11 12:57:06,992 [Listener at 127.0.0.1/13588] INFO  handler.ContextHandler (ContextHandler.java:doStart(916)) - Started o.e.j.s.ServletContextHandler@2ba7030a{static,/static,jar:file:/home/user/.m2/repository/org/apache/hadoop/hadoop-hdds-container-service/1.1.0-SNAPSHOT/hadoop-hdds-container-service-1.1.0-SNAPSHOT.jar!/webapps/static,AVAILABLE}
2021-01-11 12:57:07,191 [Listener at 127.0.0.1/13588] INFO  handler.ContextHandler (ContextHandler.java:doStart(916)) - Started o.e.j.w.WebAppContext@24b0e64d{hddsDatanode,/,file:///tmp/jetty-0_0_0_0-40583-hadoop-hdds-container-service-1_1_0-SNAPSHOT_jar-_-any-1231143745198244075/webapp/,AVAILABLE}{jar:file:/home/user/.m2/repository/org/apache/hadoop/hadoop-hdds-container-service/1.1.0-SNAPSHOT/hadoop-hdds-container-service-1.1.0-SNAPSHOT.jar!/webapps/hddsDatanode}
2021-01-11 12:57:07,194 [Listener at 127.0.0.1/13588] INFO  server.AbstractConnector (AbstractConnector.java:doStart(331)) - Started ServerConnector@73ffbb3c{HTTP/1.1, (http/1.1)}{0.0.0.0:40583}
2021-01-11 12:57:07,196 [Listener at 127.0.0.1/13588] INFO  server.Server (Server.java:doStart(415)) - Started @11146ms
2021-01-11 12:57:07,196 [Listener at 127.0.0.1/13588] WARN  impl.MetricsSystemImpl (MetricsSystemImpl.java:register(276)) - Sink prometheus already exists!
2021-01-11 12:57:07,200 [Listener at 127.0.0.1/13588] INFO  http.BaseHttpServer (BaseHttpServer.java:updateConnectorAddress(327)) - HTTP server of hddsDatanode listening at http://0.0.0.0:40583
2021-01-11 12:57:07,202 [Listener at 127.0.0.1/13588] INFO  impl.MetricsSystemImpl (MetricsSystemImpl.java:init(158)) - HddsDatanode metrics system started (again)
2021-01-11 12:57:07,203 [Listener at 127.0.0.1/13588] INFO  ozone.HddsDatanodeService (HddsDatanodeService.java:start(215)) - HddsDatanodeService host:0df9a8009e06 ip:172.17.0.2
2021-01-11 12:57:07,210 [Listener at 127.0.0.1/13588] INFO  volume.HddsVolume (HddsVolume.java:<init>(176)) - Creating Volume: /github/workspace/mnt/ozone/hadoop-ozone/integration-test/target/test-dir/MiniOzoneClusterImpl-8fb96eea-81cb-44ec-9a2b-3e454d7fad19/datanode-1/data-0/containers/hdds of storage type : DISK and capacity : 9223372036854775807
2021-01-11 12:57:07,211 [Listener at 127.0.0.1/13588] INFO  volume.MutableVolumeSet (MutableVolumeSet.java:initializeVolumeSet(179)) - Added Volume : /github/workspace/mnt/ozone/hadoop-ozone/integration-test/target/test-dir/MiniOzoneClusterImpl-8fb96eea-81cb-44ec-9a2b-3e454d7fad19/datanode-1/data-0/containers/hdds to VolumeSet
2021-01-11 12:57:07,211 [Listener at 127.0.0.1/13588] INFO  volume.ThrottledAsyncChecker (ThrottledAsyncChecker.java:schedule(141)) - Scheduling a check for /github/workspace/mnt/ozone/hadoop-ozone/integration-test/target/test-dir/MiniOzoneClusterImpl-8fb96eea-81cb-44ec-9a2b-3e454d7fad19/datanode-1/data-0/containers/hdds
2021-01-11 12:57:07,214 [Listener at 127.0.0.1/13588] INFO  volume.HddsVolumeChecker (HddsVolumeChecker.java:checkAllVolumes(200)) - Scheduled health check for volume /github/workspace/mnt/ozone/hadoop-ozone/integration-test/target/test-dir/MiniOzoneClusterImpl-8fb96eea-81cb-44ec-9a2b-3e454d7fad19/datanode-1/data-0/containers/hdds
2021-01-11 12:57:07,265 [org.apache.hadoop.util.JvmPauseMonitor$Monitor@337f8077] INFO  util.JvmPauseMonitor (JvmPauseMonitor.java:run(188)) - Starting JVM pause monitor
2021-01-11 12:57:07,250 [Thread-184] INFO  ozoneimpl.ContainerReader (ContainerReader.java:readVolume(123)) - Start to verify containers on volume /github/workspace/mnt/ozone/hadoop-ozone/integration-test/target/test-dir/MiniOzoneClusterImpl-8fb96eea-81cb-44ec-9a2b-3e454d7fad19/datanode-1/data-0/containers/hdds
2021-01-11 12:57:07,265 [Thread-184] INFO  ozoneimpl.ContainerReader (ContainerReader.java:readVolume(148)) - Finish verifying containers on volume /github/workspace/mnt/ozone/hadoop-ozone/integration-test/target/test-dir/MiniOzoneClusterImpl-8fb96eea-81cb-44ec-9a2b-3e454d7fad19/datanode-1/data-0/containers/hdds
2021-01-11 12:57:07,265 [Listener at 127.0.0.1/13588] INFO  ozoneimpl.OzoneContainer (OzoneContainer.java:buildContainerSet(206)) - Build ContainerSet costs 0s
2021-01-11 12:57:07,268 [Listener at 127.0.0.1/13588] INFO  server.RaftServer (ConfUtils.java:logGet(44)) - raft.rpc.type = GRPC (default)
2021-01-11 12:57:07,268 [Listener at 127.0.0.1/13588] INFO  grpc.GrpcFactory (GrpcFactory.java:checkPooledByteBufAllocatorUseCacheForAllThreads(48)) - PERFORMANCE WARNING: useCacheForAllThreads is true that may cause Netty to create a lot garbage objects and, as a result, trigger GC.
	It is recommended to disable useCacheForAllThreads by setting -Dorg.apache.ratis.thirdparty.io.netty.allocator.useCacheForAllThreads=false in command line.
2021-01-11 12:57:07,268 [Listener at 127.0.0.1/13588] INFO  grpc.GrpcConfigKeys (ConfUtils.java:logGet(44)) - raft.grpc.server.port = 0 (default)
2021-01-11 12:57:07,269 [Listener at 127.0.0.1/13588] INFO  server.GrpcService (ConfUtils.java:logGet(44)) - raft.grpc.message.size.max = 32MB (=33554432) (custom)
2021-01-11 12:57:07,269 [Listener at 127.0.0.1/13588] INFO  server.RaftServerConfigKeys (ConfUtils.java:logGet(44)) - raft.server.log.appender.buffer.byte-limit = 33554432 (custom)
2021-01-11 12:57:07,269 [Listener at 127.0.0.1/13588] INFO  server.GrpcService (ConfUtils.java:logGet(44)) - raft.grpc.flow.control.window = 5MB (=5242880) (custom)
2021-01-11 12:57:07,269 [Listener at 127.0.0.1/13588] INFO  server.RaftServerConfigKeys (ConfUtils.java:logGet(44)) - raft.server.rpc.request.timeout = 60s (custom)
2021-01-11 12:57:07,270 [Listener at 127.0.0.1/13588] INFO  impl.DataStreamServerImpl (ConfUtils.java:logGet(44)) - raft.datastream.type = DISABLED (default)
2021-01-11 12:57:07,271 [Listener at 127.0.0.1/13588] INFO  server.RaftServerConfigKeys (ConfUtils.java:logGet(44)) - raft.server.rpc.slowness.timeout = 300s (custom)
2021-01-11 12:57:07,271 [Listener at 127.0.0.1/13588] INFO  server.RaftServerConfigKeys (ConfUtils.java:logGet(44)) - raft.server.leaderelection.leader.step-down.wait-time = 10s (default)
2021-01-11 12:57:07,271 [Listener at 127.0.0.1/13588] INFO  server.RaftServerConfigKeys (ConfUtils.java:logGet(44)) - raft.server.storage.dir = [/github/workspace/mnt/ozone/hadoop-ozone/integration-test/target/test-dir/MiniOzoneClusterImpl-8fb96eea-81cb-44ec-9a2b-3e454d7fad19/datanode-1/data/ratis] (custom)
2021-01-11 12:57:07,274 [Thread-99] INFO  impl.FollowerState (FollowerState.java:run(133)) - omNode-1@group-523986131536-FollowerState: change to CANDIDATE, lastRpcElapsedTime:1182489709ns, electionTimeout:1174ms
2021-01-11 12:57:07,289 [Thread-99] INFO  impl.RoleInfo (RoleInfo.java:shutdownFollowerState(108)) - omNode-1: shutdown omNode-1@group-523986131536-FollowerState
2021-01-11 12:57:07,290 [Thread-99] INFO  server.RaftServer$Division (RaftServerImpl.java:setRole(283)) - omNode-1@group-523986131536: changes role from  FOLLOWER to CANDIDATE at term 0 for changeToCandidate
2021-01-11 12:57:07,292 [Thread-99] INFO  impl.RoleInfo (RoleInfo.java:updateAndGet(130)) - omNode-1: start omNode-1@group-523986131536-LeaderElection1
2021-01-11 12:57:07,307 [omNode-1@group-523986131536-LeaderElection1] INFO  impl.LeaderElection (LeaderElection.java:askForPreVotes(259)) - omNode-1@group-523986131536-LeaderElection1: begin a pre-vote at term 0 for -1: [omNode-3|rpc:localhost:13592|priority:0, omNode-1|rpc:localhost:13580|priority:0, omNode-2|rpc:localhost:13586|priority:0], old=null
2021-01-11 12:57:07,314 [Listener at 127.0.0.1/13588] INFO  http.BaseHttpServer (BaseHttpServer.java:newHttpServer2BuilderForOzone(207)) - Starting Web-server for hddsDatanode at: http://0.0.0.0:0
2021-01-11 12:57:07,314 [Listener at 127.0.0.1/13588] INFO  http.BaseHttpServer (BaseHttpServer.java:<init>(106)) - Hadoop Security Enabled: false Ozone Security Enabled: false Ozone HTTP Security Enabled: false 
2021-01-11 12:57:07,316 [Listener at 127.0.0.1/13588] INFO  server.AuthenticationFilter (AuthenticationFilter.java:constructSecretProvider(240)) - Unable to initialize FileSignerSecretProvider, falling back to use random secrets.
2021-01-11 12:57:07,325 [Listener at 127.0.0.1/13588] WARN  http.HttpRequestLog (HttpRequestLog.java:getRequestLog(103)) - Jetty request log can only be enabled using Log4j
2021-01-11 12:57:07,326 [Listener at 127.0.0.1/13588] INFO  http.HttpServer2 (HttpServer2.java:addGlobalFilter(1020)) - Added global filter 'safety' (class=org.apache.hadoop.hdds.server.http.HttpServer2$QuotingInputFilter)
2021-01-11 12:57:07,327 [Listener at 127.0.0.1/13588] INFO  http.HttpServer2 (HttpServer2.java:addFilter(996)) - Added filter static_user_filter (class=org.apache.hadoop.http.lib.StaticUserWebFilter$StaticUserFilter) to context hddsDatanode
2021-01-11 12:57:07,327 [Listener at 127.0.0.1/13588] INFO  http.HttpServer2 (HttpServer2.java:addFilter(1004)) - Added filter static_user_filter (class=org.apache.hadoop.http.lib.StaticUserWebFilter$StaticUserFilter) to context logs
2021-01-11 12:57:07,327 [Listener at 127.0.0.1/13588] INFO  http.HttpServer2 (HttpServer2.java:addFilter(1004)) - Added filter static_user_filter (class=org.apache.hadoop.http.lib.StaticUserWebFilter$StaticUserFilter) to context static
2021-01-11 12:57:07,328 [Listener at 127.0.0.1/13588] INFO  http.HttpServer2 (HttpServer2.java:bindListener(1238)) - Jetty bound to port 41957
2021-01-11 12:57:07,328 [Listener at 127.0.0.1/13588] INFO  server.Server (Server.java:doStart(375)) - jetty-9.4.34.v20201102; built: 2020-11-02T14:15:39.302Z; git: e46af88704a893fc12cb0e3bf46e2c7b48a009e7; jvm 1.8.0_232-b09
2021-01-11 12:57:07,350 [Listener at 127.0.0.1/13588] INFO  server.session (DefaultSessionIdManager.java:doStart(334)) - DefaultSessionIdManager workerName=node0
2021-01-11 12:57:07,350 [Listener at 127.0.0.1/13588] INFO  server.session (DefaultSessionIdManager.java:doStart(339)) - No SessionScavenger set, using defaults
2021-01-11 12:57:07,350 [Listener at 127.0.0.1/13588] INFO  server.session (HouseKeeper.java:startScavenging(132)) - node0 Scavenging every 660000ms
2021-01-11 12:57:07,357 [Listener at 127.0.0.1/13588] INFO  handler.ContextHandler (ContextHandler.java:doStart(916)) - Started o.e.j.s.ServletContextHandler@2ece786f{logs,/logs,file:///github/workspace/mnt/ozone/hadoop-ozone/integration-test/target/log,AVAILABLE}
2021-01-11 12:57:07,358 [Listener at 127.0.0.1/13588] INFO  handler.ContextHandler (ContextHandler.java:doStart(916)) - Started o.e.j.s.ServletContextHandler@8c4f976{static,/static,jar:file:/home/user/.m2/repository/org/apache/hadoop/hadoop-hdds-container-service/1.1.0-SNAPSHOT/hadoop-hdds-container-service-1.1.0-SNAPSHOT.jar!/webapps/static,AVAILABLE}
2021-01-11 12:57:07,418 [Thread-137] INFO  impl.FollowerState (FollowerState.java:run(133)) - omNode-2@group-523986131536-FollowerState: change to CANDIDATE, lastRpcElapsedTime:1049538012ns, electionTimeout:1040ms
2021-01-11 12:57:07,418 [Thread-137] INFO  impl.RoleInfo (RoleInfo.java:shutdownFollowerState(108)) - omNode-2: shutdown omNode-2@group-523986131536-FollowerState
2021-01-11 12:57:07,418 [Thread-137] INFO  server.RaftServer$Division (RaftServerImpl.java:setRole(283)) - omNode-2@group-523986131536: changes role from  FOLLOWER to CANDIDATE at term 0 for changeToCandidate
2021-01-11 12:57:07,419 [Thread-137] INFO  impl.RoleInfo (RoleInfo.java:updateAndGet(130)) - omNode-2: start omNode-2@group-523986131536-LeaderElection2
2021-01-11 12:57:07,433 [omNode-2@group-523986131536-LeaderElection2] INFO  impl.LeaderElection (LeaderElection.java:askForPreVotes(259)) - omNode-2@group-523986131536-LeaderElection2: begin a pre-vote at term 0 for -1: [omNode-3|rpc:localhost:13592|priority:0, omNode-1|rpc:localhost:13580|priority:0, omNode-2|rpc:localhost:13586|priority:0], old=null
2021-01-11 12:57:07,565 [Datanode State Machine Task Thread - 0] INFO  datanode.InitDatanodeState (InitDatanodeState.java:persistContainerDatanodeDetails(145)) - DatanodeDetails is persisted to /github/workspace/mnt/ozone/hadoop-ozone/integration-test/target/test-dir/MiniOzoneClusterImpl-8fb96eea-81cb-44ec-9a2b-3e454d7fad19/datanode-0/meta/datanode.id
2021-01-11 12:57:07,764 [Listener at 127.0.0.1/13588] INFO  handler.ContextHandler (ContextHandler.java:doStart(916)) - Started o.e.j.w.WebAppContext@6097dbfa{hddsDatanode,/,file:///tmp/jetty-0_0_0_0-41957-hadoop-hdds-container-service-1_1_0-SNAPSHOT_jar-_-any-8842762531255599917/webapp/,AVAILABLE}{jar:file:/home/user/.m2/repository/org/apache/hadoop/hadoop-hdds-container-service/1.1.0-SNAPSHOT/hadoop-hdds-container-service-1.1.0-SNAPSHOT.jar!/webapps/hddsDatanode}
2021-01-11 12:57:07,769 [Listener at 127.0.0.1/13588] INFO  server.AbstractConnector (AbstractConnector.java:doStart(331)) - Started ServerConnector@21ea6481{HTTP/1.1, (http/1.1)}{0.0.0.0:41957}
2021-01-11 12:57:07,769 [Listener at 127.0.0.1/13588] INFO  server.Server (Server.java:doStart(415)) - Started @11719ms
2021-01-11 12:57:07,770 [Listener at 127.0.0.1/13588] WARN  impl.MetricsSystemImpl (MetricsSystemImpl.java:register(276)) - Sink prometheus already exists!
2021-01-11 12:57:07,794 [omNode-1@group-523986131536-LeaderElection1] INFO  impl.LeaderElection (LogUtils.java:infoOrTrace(137)) - omNode-1@group-523986131536-LeaderElection1 got exception when requesting votes: java.util.concurrent.ExecutionException: org.apache.ratis.thirdparty.io.grpc.StatusRuntimeException: UNAVAILABLE: io exception
2021-01-11 12:57:07,794 [omNode-2@group-523986131536-LeaderElection2] INFO  impl.LeaderElection (LogUtils.java:infoOrTrace(137)) - omNode-2@group-523986131536-LeaderElection2 got exception when requesting votes: java.util.concurrent.ExecutionException: org.apache.ratis.thirdparty.io.grpc.StatusRuntimeException: UNAVAILABLE: io exception
2021-01-11 12:57:07,805 [Listener at 127.0.0.1/13588] INFO  http.BaseHttpServer (BaseHttpServer.java:updateConnectorAddress(327)) - HTTP server of hddsDatanode listening at http://0.0.0.0:41957
2021-01-11 12:57:07,807 [Listener at 127.0.0.1/13588] INFO  impl.MetricsSystemImpl (MetricsSystemImpl.java:init(158)) - HddsDatanode metrics system started (again)
2021-01-11 12:57:07,808 [Listener at 127.0.0.1/13588] INFO  ozone.HddsDatanodeService (HddsDatanodeService.java:start(215)) - HddsDatanodeService host:0df9a8009e06 ip:172.17.0.2
2021-01-11 12:57:07,810 [Listener at 127.0.0.1/13588] INFO  volume.HddsVolume (HddsVolume.java:<init>(176)) - Creating Volume: /github/workspace/mnt/ozone/hadoop-ozone/integration-test/target/test-dir/MiniOzoneClusterImpl-8fb96eea-81cb-44ec-9a2b-3e454d7fad19/datanode-2/data-0/containers/hdds of storage type : DISK and capacity : 9223372036854775807
2021-01-11 12:57:07,810 [Listener at 127.0.0.1/13588] INFO  volume.MutableVolumeSet (MutableVolumeSet.java:initializeVolumeSet(179)) - Added Volume : /github/workspace/mnt/ozone/hadoop-ozone/integration-test/target/test-dir/MiniOzoneClusterImpl-8fb96eea-81cb-44ec-9a2b-3e454d7fad19/datanode-2/data-0/containers/hdds to VolumeSet
2021-01-11 12:57:07,810 [Listener at 127.0.0.1/13588] INFO  volume.ThrottledAsyncChecker (ThrottledAsyncChecker.java:schedule(141)) - Scheduling a check for /github/workspace/mnt/ozone/hadoop-ozone/integration-test/target/test-dir/MiniOzoneClusterImpl-8fb96eea-81cb-44ec-9a2b-3e454d7fad19/datanode-2/data-0/containers/hdds
2021-01-11 12:57:07,811 [Listener at 127.0.0.1/13588] INFO  volume.HddsVolumeChecker (HddsVolumeChecker.java:checkAllVolumes(200)) - Scheduled health check for volume /github/workspace/mnt/ozone/hadoop-ozone/integration-test/target/test-dir/MiniOzoneClusterImpl-8fb96eea-81cb-44ec-9a2b-3e454d7fad19/datanode-2/data-0/containers/hdds
2021-01-11 12:57:07,833 [org.apache.hadoop.util.JvmPauseMonitor$Monitor@3ed8befd] INFO  util.JvmPauseMonitor (JvmPauseMonitor.java:run(188)) - Starting JVM pause monitor
2021-01-11 12:57:07,862 [Thread-203] INFO  ozoneimpl.ContainerReader (ContainerReader.java:readVolume(123)) - Start to verify containers on volume /github/workspace/mnt/ozone/hadoop-ozone/integration-test/target/test-dir/MiniOzoneClusterImpl-8fb96eea-81cb-44ec-9a2b-3e454d7fad19/datanode-2/data-0/containers/hdds
2021-01-11 12:57:07,862 [Thread-203] INFO  ozoneimpl.ContainerReader (ContainerReader.java:readVolume(148)) - Finish verifying containers on volume /github/workspace/mnt/ozone/hadoop-ozone/integration-test/target/test-dir/MiniOzoneClusterImpl-8fb96eea-81cb-44ec-9a2b-3e454d7fad19/datanode-2/data-0/containers/hdds
2021-01-11 12:57:07,862 [Listener at 127.0.0.1/13588] INFO  ozoneimpl.OzoneContainer (OzoneContainer.java:buildContainerSet(206)) - Build ContainerSet costs 0s
2021-01-11 12:57:07,865 [Listener at 127.0.0.1/13588] INFO  server.RaftServer (ConfUtils.java:logGet(44)) - raft.rpc.type = GRPC (default)
2021-01-11 12:57:07,866 [Listener at 127.0.0.1/13588] INFO  grpc.GrpcFactory (GrpcFactory.java:checkPooledByteBufAllocatorUseCacheForAllThreads(48)) - PERFORMANCE WARNING: useCacheForAllThreads is true that may cause Netty to create a lot garbage objects and, as a result, trigger GC.
	It is recommended to disable useCacheForAllThreads by setting -Dorg.apache.ratis.thirdparty.io.netty.allocator.useCacheForAllThreads=false in command line.
2021-01-11 12:57:07,866 [Listener at 127.0.0.1/13588] INFO  grpc.GrpcConfigKeys (ConfUtils.java:logGet(44)) - raft.grpc.server.port = 0 (default)
2021-01-11 12:57:07,866 [Listener at 127.0.0.1/13588] INFO  server.GrpcService (ConfUtils.java:logGet(44)) - raft.grpc.message.size.max = 32MB (=33554432) (custom)
2021-01-11 12:57:07,866 [Listener at 127.0.0.1/13588] INFO  server.RaftServerConfigKeys (ConfUtils.java:logGet(44)) - raft.server.log.appender.buffer.byte-limit = 33554432 (custom)
2021-01-11 12:57:07,866 [Listener at 127.0.0.1/13588] INFO  server.GrpcService (ConfUtils.java:logGet(44)) - raft.grpc.flow.control.window = 5MB (=5242880) (custom)
2021-01-11 12:57:07,866 [Listener at 127.0.0.1/13588] INFO  server.RaftServerConfigKeys (ConfUtils.java:logGet(44)) - raft.server.rpc.request.timeout = 60s (custom)
2021-01-11 12:57:07,867 [Listener at 127.0.0.1/13588] INFO  impl.DataStreamServerImpl (ConfUtils.java:logGet(44)) - raft.datastream.type = DISABLED (default)
2021-01-11 12:57:07,868 [Listener at 127.0.0.1/13588] INFO  server.RaftServerConfigKeys (ConfUtils.java:logGet(44)) - raft.server.rpc.slowness.timeout = 300s (custom)
2021-01-11 12:57:07,868 [Listener at 127.0.0.1/13588] INFO  server.RaftServerConfigKeys (ConfUtils.java:logGet(44)) - raft.server.leaderelection.leader.step-down.wait-time = 10s (default)
2021-01-11 12:57:07,868 [Listener at 127.0.0.1/13588] INFO  server.RaftServerConfigKeys (ConfUtils.java:logGet(44)) - raft.server.storage.dir = [/github/workspace/mnt/ozone/hadoop-ozone/integration-test/target/test-dir/MiniOzoneClusterImpl-8fb96eea-81cb-44ec-9a2b-3e454d7fad19/datanode-2/data/ratis] (custom)
2021-01-11 12:57:07,875 [Datanode State Machine Task Thread - 0] INFO  datanode.InitDatanodeState (InitDatanodeState.java:persistContainerDatanodeDetails(145)) - DatanodeDetails is persisted to /github/workspace/mnt/ozone/hadoop-ozone/integration-test/target/test-dir/MiniOzoneClusterImpl-8fb96eea-81cb-44ec-9a2b-3e454d7fad19/datanode-1/meta/datanode.id
2021-01-11 12:57:07,886 [Listener at 127.0.0.1/13588] INFO  http.BaseHttpServer (BaseHttpServer.java:newHttpServer2BuilderForOzone(207)) - Starting Web-server for hddsDatanode at: http://0.0.0.0:0
2021-01-11 12:57:07,886 [Listener at 127.0.0.1/13588] INFO  http.BaseHttpServer (BaseHttpServer.java:<init>(106)) - Hadoop Security Enabled: false Ozone Security Enabled: false Ozone HTTP Security Enabled: false 
2021-01-11 12:57:07,888 [Listener at 127.0.0.1/13588] INFO  server.AuthenticationFilter (AuthenticationFilter.java:constructSecretProvider(240)) - Unable to initialize FileSignerSecretProvider, falling back to use random secrets.
2021-01-11 12:57:07,889 [Listener at 127.0.0.1/13588] WARN  http.HttpRequestLog (HttpRequestLog.java:getRequestLog(103)) - Jetty request log can only be enabled using Log4j
2021-01-11 12:57:07,890 [Listener at 127.0.0.1/13588] INFO  http.HttpServer2 (HttpServer2.java:addGlobalFilter(1020)) - Added global filter 'safety' (class=org.apache.hadoop.hdds.server.http.HttpServer2$QuotingInputFilter)
2021-01-11 12:57:07,891 [Listener at 127.0.0.1/13588] INFO  http.HttpServer2 (HttpServer2.java:addFilter(996)) - Added filter static_user_filter (class=org.apache.hadoop.http.lib.StaticUserWebFilter$StaticUserFilter) to context hddsDatanode
2021-01-11 12:57:07,891 [Listener at 127.0.0.1/13588] INFO  http.HttpServer2 (HttpServer2.java:addFilter(1004)) - Added filter static_user_filter (class=org.apache.hadoop.http.lib.StaticUserWebFilter$StaticUserFilter) to context static
2021-01-11 12:57:07,891 [Listener at 127.0.0.1/13588] INFO  http.HttpServer2 (HttpServer2.java:addFilter(1004)) - Added filter static_user_filter (class=org.apache.hadoop.http.lib.StaticUserWebFilter$StaticUserFilter) to context logs
2021-01-11 12:57:07,891 [Listener at 127.0.0.1/13588] INFO  http.HttpServer2 (HttpServer2.java:bindListener(1238)) - Jetty bound to port 39233
2021-01-11 12:57:07,891 [Listener at 127.0.0.1/13588] INFO  server.Server (Server.java:doStart(375)) - jetty-9.4.34.v20201102; built: 2020-11-02T14:15:39.302Z; git: e46af88704a893fc12cb0e3bf46e2c7b48a009e7; jvm 1.8.0_232-b09
2021-01-11 12:57:07,937 [Listener at 127.0.0.1/13588] INFO  server.session (DefaultSessionIdManager.java:doStart(334)) - DefaultSessionIdManager workerName=node0
2021-01-11 12:57:07,937 [Listener at 127.0.0.1/13588] INFO  server.session (DefaultSessionIdManager.java:doStart(339)) - No SessionScavenger set, using defaults
2021-01-11 12:57:07,938 [Listener at 127.0.0.1/13588] INFO  server.session (HouseKeeper.java:startScavenging(132)) - node0 Scavenging every 660000ms
2021-01-11 12:57:07,939 [grpc-default-executor-0] INFO  metrics.RatisMetrics (RatisMetrics.java:lambda$create$0(36)) - Creating Metrics Registry : ratis.server_message_metrics.omNode-1
2021-01-11 12:57:07,950 [Listener at 127.0.0.1/13588] INFO  handler.ContextHandler (ContextHandler.java:doStart(916)) - Started o.e.j.s.ServletContextHandler@dbbb141{logs,/logs,file:///github/workspace/mnt/ozone/hadoop-ozone/integration-test/target/log,AVAILABLE}
2021-01-11 12:57:07,950 [Listener at 127.0.0.1/13588] INFO  handler.ContextHandler (ContextHandler.java:doStart(916)) - Started o.e.j.s.ServletContextHandler@14d48270{static,/static,jar:file:/home/user/.m2/repository/org/apache/hadoop/hadoop-hdds-container-service/1.1.0-SNAPSHOT/hadoop-hdds-container-service-1.1.0-SNAPSHOT.jar!/webapps/static,AVAILABLE}
2021-01-11 12:57:07,957 [grpc-default-executor-2] INFO  metrics.RatisMetrics (RatisMetrics.java:lambda$create$0(36)) - Creating Metrics Registry : ratis.server_message_metrics.omNode-2
2021-01-11 12:57:07,962 [grpc-default-executor-0] INFO  server.RaftServer$Division (RaftServerImpl.java:requestPreVote(1060)) - omNode-1@group-523986131536: receive preVote(omNode-2, group-523986131536, 0, (t:0, i:~))
2021-01-11 12:57:07,966 [grpc-default-executor-0] INFO  server.RaftServer$Division (RaftServerImpl.java:requestPreVote(1081)) - omNode-1@group-523986131536 role:CANDIDATE allow pre-vote from:omNode-2
2021-01-11 12:57:07,971 [grpc-default-executor-0] INFO  server.RaftServer$Division (RaftServerImpl.java:requestPreVote(1099)) - omNode-1@group-523986131536 replies to pre-vote request: omNode-2<-omNode-1#0:OK-t0. Peer's state: omNode-1@group-523986131536:t0, leader=null, voted=, raftlog=omNode-1@group-523986131536-SegmentedRaftLog:OPENED:c-1,f-1,i0, conf=-1: [omNode-3|rpc:localhost:13592|priority:0, omNode-1|rpc:localhost:13580|priority:0, omNode-2|rpc:localhost:13586|priority:0], old=null
2021-01-11 12:57:07,964 [grpc-default-executor-2] INFO  server.RaftServer$Division (RaftServerImpl.java:requestPreVote(1060)) - omNode-2@group-523986131536: receive preVote(omNode-1, group-523986131536, 0, (t:0, i:~))
2021-01-11 12:57:07,972 [grpc-default-executor-2] INFO  server.RaftServer$Division (RaftServerImpl.java:requestPreVote(1081)) - omNode-2@group-523986131536 role:CANDIDATE allow pre-vote from:omNode-1
2021-01-11 12:57:07,972 [grpc-default-executor-2] INFO  server.RaftServer$Division (RaftServerImpl.java:requestPreVote(1099)) - omNode-2@group-523986131536 replies to pre-vote request: omNode-1<-omNode-2#0:OK-t0. Peer's state: omNode-2@group-523986131536:t0, leader=null, voted=, raftlog=omNode-2@group-523986131536-SegmentedRaftLog:OPENED:c-1,f-1,i0, conf=-1: [omNode-3|rpc:localhost:13592|priority:0, omNode-1|rpc:localhost:13580|priority:0, omNode-2|rpc:localhost:13586|priority:0], old=null
2021-01-11 12:57:08,003 [omNode-1@group-523986131536-LeaderElection1] INFO  impl.LeaderElection (LeaderElection.java:logAndReturn(68)) - omNode-1@group-523986131536-LeaderElection1: Pre-vote  PASSED received 1 response(s):[omNode-1<-omNode-2#0:OK-t0]
2021-01-11 12:57:08,003 [omNode-1@group-523986131536-LeaderElection1] INFO  impl.LeaderElection (LogUtils.java:infoOrTrace(137)) -   Exception 0: java.util.concurrent.ExecutionException: org.apache.ratis.thirdparty.io.grpc.StatusRuntimeException: UNAVAILABLE: io exception
2021-01-11 12:57:08,006 [omNode-1@group-523986131536-LeaderElection1] INFO  impl.LeaderElection (LeaderElection.java:askForPreVotes(261)) - omNode-1@group-523986131536-LeaderElection1 pre-vote result is PASSED.
2021-01-11 12:57:08,008 [omNode-2@group-523986131536-LeaderElection2] INFO  impl.LeaderElection (LeaderElection.java:logAndReturn(68)) - omNode-2@group-523986131536-LeaderElection2: Pre-vote  PASSED received 1 response(s):[omNode-2<-omNode-1#0:OK-t0]
2021-01-11 12:57:08,009 [omNode-2@group-523986131536-LeaderElection2] INFO  impl.LeaderElection (LogUtils.java:infoOrTrace(137)) -   Exception 0: java.util.concurrent.ExecutionException: org.apache.ratis.thirdparty.io.grpc.StatusRuntimeException: UNAVAILABLE: io exception
2021-01-11 12:57:08,009 [omNode-2@group-523986131536-LeaderElection2] INFO  impl.LeaderElection (LeaderElection.java:askForPreVotes(261)) - omNode-2@group-523986131536-LeaderElection2 pre-vote result is PASSED.
2021-01-11 12:57:08,010 [omNode-2@group-523986131536-LeaderElection2] INFO  impl.LeaderElection (LeaderElection.java:askForVotes(308)) - omNode-2@group-523986131536-LeaderElection2: begin an election at term 1 for -1: [omNode-3|rpc:localhost:13592|priority:0, omNode-1|rpc:localhost:13580|priority:0, omNode-2|rpc:localhost:13586|priority:0], old=null
2021-01-11 12:57:08,025 [omNode-2@group-523986131536-LeaderElection2] INFO  impl.LeaderElection (LogUtils.java:infoOrTrace(137)) - omNode-2@group-523986131536-LeaderElection2 got exception when requesting votes: java.util.concurrent.ExecutionException: org.apache.ratis.thirdparty.io.grpc.StatusRuntimeException: UNAVAILABLE: io exception
2021-01-11 12:57:08,025 [omNode-1@group-523986131536-LeaderElection1] INFO  impl.LeaderElection (LeaderElection.java:askForVotes(308)) - omNode-1@group-523986131536-LeaderElection1: begin an election at term 1 for -1: [omNode-3|rpc:localhost:13592|priority:0, omNode-1|rpc:localhost:13580|priority:0, omNode-2|rpc:localhost:13586|priority:0], old=null
2021-01-11 12:57:08,033 [omNode-1@group-523986131536-LeaderElection1] INFO  impl.LeaderElection (LogUtils.java:infoOrTrace(137)) - omNode-1@group-523986131536-LeaderElection1 got exception when requesting votes: java.util.concurrent.ExecutionException: org.apache.ratis.thirdparty.io.grpc.StatusRuntimeException: UNAVAILABLE: io exception
2021-01-11 12:57:08,046 [omNode-2@group-523986131536-LeaderElection2] INFO  impl.LeaderElection (LeaderElection.java:logAndReturn(68)) - omNode-2@group-523986131536-LeaderElection2: Election  REJECTED received 1 response(s):[omNode-2<-omNode-1#0:FAIL-t1]
2021-01-11 12:57:08,048 [omNode-2@group-523986131536-LeaderElection2] INFO  impl.LeaderElection (LogUtils.java:infoOrTrace(137)) -   Exception 0: java.util.concurrent.ExecutionException: org.apache.ratis.thirdparty.io.grpc.StatusRuntimeException: UNAVAILABLE: io exception
2021-01-11 12:57:08,048 [omNode-2@group-523986131536-LeaderElection2] INFO  server.RaftServer$Division (RaftServerImpl.java:setRole(283)) - omNode-2@group-523986131536: changes role from CANDIDATE to FOLLOWER at term 1 for DISCOVERED_A_NEW_TERM
2021-01-11 12:57:08,048 [omNode-2@group-523986131536-LeaderElection2] INFO  impl.RoleInfo (RoleInfo.java:shutdownLeaderElection(121)) - omNode-2: shutdown omNode-2@group-523986131536-LeaderElection2
2021-01-11 12:57:08,048 [omNode-1@group-523986131536-LeaderElection1] INFO  impl.LeaderElection (LeaderElection.java:logAndReturn(68)) - omNode-1@group-523986131536-LeaderElection1: Election  REJECTED received 1 response(s):[omNode-1<-omNode-2#0:FAIL-t1]
2021-01-11 12:57:08,049 [omNode-1@group-523986131536-LeaderElection1] INFO  impl.LeaderElection (LogUtils.java:infoOrTrace(137)) -   Exception 0: java.util.concurrent.ExecutionException: org.apache.ratis.thirdparty.io.grpc.StatusRuntimeException: UNAVAILABLE: io exception
2021-01-11 12:57:08,049 [omNode-1@group-523986131536-LeaderElection1] INFO  server.RaftServer$Division (RaftServerImpl.java:setRole(283)) - omNode-1@group-523986131536: changes role from CANDIDATE to FOLLOWER at term 1 for DISCOVERED_A_NEW_TERM
2021-01-11 12:57:08,049 [omNode-2@group-523986131536-LeaderElection2] INFO  impl.RoleInfo (RoleInfo.java:updateAndGet(130)) - omNode-2: start omNode-2@group-523986131536-FollowerState
2021-01-11 12:57:08,049 [omNode-1@group-523986131536-LeaderElection1] INFO  impl.RoleInfo (RoleInfo.java:shutdownLeaderElection(121)) - omNode-1: shutdown omNode-1@group-523986131536-LeaderElection1
2021-01-11 12:57:08,057 [omNode-1@group-523986131536-LeaderElection1] INFO  impl.RoleInfo (RoleInfo.java:updateAndGet(130)) - omNode-1: start omNode-1@group-523986131536-FollowerState
2021-01-11 12:57:08,171 [Listener at 127.0.0.1/13588] INFO  handler.ContextHandler (ContextHandler.java:doStart(916)) - Started o.e.j.w.WebAppContext@27333447{hddsDatanode,/,file:///tmp/jetty-0_0_0_0-39233-hadoop-hdds-container-service-1_1_0-SNAPSHOT_jar-_-any-7055593513301140928/webapp/,AVAILABLE}{jar:file:/home/user/.m2/repository/org/apache/hadoop/hadoop-hdds-container-service/1.1.0-SNAPSHOT/hadoop-hdds-container-service-1.1.0-SNAPSHOT.jar!/webapps/hddsDatanode}
2021-01-11 12:57:08,173 [Listener at 127.0.0.1/13588] INFO  server.AbstractConnector (AbstractConnector.java:doStart(331)) - Started ServerConnector@2ae11231{HTTP/1.1, (http/1.1)}{0.0.0.0:39233}
2021-01-11 12:57:08,173 [Listener at 127.0.0.1/13588] INFO  server.Server (Server.java:doStart(415)) - Started @12122ms
2021-01-11 12:57:08,173 [Listener at 127.0.0.1/13588] WARN  impl.MetricsSystemImpl (MetricsSystemImpl.java:register(276)) - Sink prometheus already exists!
2021-01-11 12:57:08,176 [Listener at 127.0.0.1/13588] INFO  http.BaseHttpServer (BaseHttpServer.java:updateConnectorAddress(327)) - HTTP server of hddsDatanode listening at http://0.0.0.0:39233
2021-01-11 12:57:08,178 [Listener at 127.0.0.1/13588] INFO  ozone.MiniOzoneClusterImpl (MiniOzoneClusterImpl.java:lambda$waitForClusterToBeReady$0(179)) - Waiting for nodes to be ready. Got 0 of 3 DN Heartbeats.
2021-01-11 12:57:08,178 [Listener at 127.0.0.1/13588] INFO  ozone.MiniOzoneClusterImpl (MiniOzoneClusterImpl.java:lambda$waitForClusterToBeReady$0(182)) - Waiting for cluster to exit safe mode
2021-01-11 12:57:08,189 [Datanode State Machine Task Thread - 0] INFO  datanode.InitDatanodeState (InitDatanodeState.java:persistContainerDatanodeDetails(145)) - DatanodeDetails is persisted to /github/workspace/mnt/ozone/hadoop-ozone/integration-test/target/test-dir/MiniOzoneClusterImpl-8fb96eea-81cb-44ec-9a2b-3e454d7fad19/datanode-2/meta/datanode.id
2021-01-11 12:57:08,189 [org.apache.hadoop.util.JvmPauseMonitor$Monitor@77653bd2] INFO  util.JvmPauseMonitor (JvmPauseMonitor.java:run(188)) - Starting JVM pause monitor
2021-01-11 12:57:09,149 [Thread-216] INFO  impl.FollowerState (FollowerState.java:run(133)) - omNode-2@group-523986131536-FollowerState: change to CANDIDATE, lastRpcElapsedTime:1099768037ns, electionTimeout:1085ms
2021-01-11 12:57:09,149 [Thread-216] INFO  impl.RoleInfo (RoleInfo.java:shutdownFollowerState(108)) - omNode-2: shutdown omNode-2@group-523986131536-FollowerState
2021-01-11 12:57:09,149 [Thread-216] INFO  server.RaftServer$Division (RaftServerImpl.java:setRole(283)) - omNode-2@group-523986131536: changes role from  FOLLOWER to CANDIDATE at term 1 for changeToCandidate
2021-01-11 12:57:09,164 [Thread-216] INFO  impl.RoleInfo (RoleInfo.java:updateAndGet(130)) - omNode-2: start omNode-2@group-523986131536-LeaderElection3
2021-01-11 12:57:09,166 [omNode-2@group-523986131536-LeaderElection3] INFO  impl.LeaderElection (LeaderElection.java:askForPreVotes(259)) - omNode-2@group-523986131536-LeaderElection3: begin a pre-vote at term 1 for -1: [omNode-3|rpc:localhost:13592|priority:0, omNode-1|rpc:localhost:13580|priority:0, omNode-2|rpc:localhost:13586|priority:0], old=null
2021-01-11 12:57:09,167 [omNode-2@group-523986131536-LeaderElection3] INFO  impl.LeaderElection (LogUtils.java:infoOrTrace(137)) - omNode-2@group-523986131536-LeaderElection3 got exception when requesting votes: java.util.concurrent.ExecutionException: org.apache.ratis.thirdparty.io.grpc.StatusRuntimeException: UNAVAILABLE: io exception
2021-01-11 12:57:09,171 [grpc-default-executor-0] INFO  server.RaftServer$Division (RaftServerImpl.java:requestPreVote(1060)) - omNode-1@group-523986131536: receive preVote(omNode-2, group-523986131536, 1, (t:0, i:~))
2021-01-11 12:57:09,171 [grpc-default-executor-0] INFO  server.RaftServer$Division (RaftServerImpl.java:requestPreVote(1081)) - omNode-1@group-523986131536 role: FOLLOWER allow pre-vote from:omNode-2
2021-01-11 12:57:09,173 [grpc-default-executor-0] INFO  server.RaftServer$Division (RaftServerImpl.java:requestPreVote(1099)) - omNode-1@group-523986131536 replies to pre-vote request: omNode-2<-omNode-1#0:OK-t1. Peer's state: omNode-1@group-523986131536:t1, leader=null, voted=omNode-1, raftlog=omNode-1@group-523986131536-SegmentedRaftLog:OPENED:c-1,f-1,i0, conf=-1: [omNode-3|rpc:localhost:13592|priority:0, omNode-1|rpc:localhost:13580|priority:0, omNode-2|rpc:localhost:13586|priority:0], old=null
2021-01-11 12:57:09,178 [Listener at 127.0.0.1/13588] INFO  ozone.MiniOzoneClusterImpl (MiniOzoneClusterImpl.java:lambda$waitForClusterToBeReady$0(179)) - Waiting for nodes to be ready. Got 0 of 3 DN Heartbeats.
2021-01-11 12:57:09,178 [Listener at 127.0.0.1/13588] INFO  ozone.MiniOzoneClusterImpl (MiniOzoneClusterImpl.java:lambda$waitForClusterToBeReady$0(182)) - Waiting for cluster to exit safe mode
2021-01-11 12:57:09,182 [omNode-2@group-523986131536-LeaderElection3] INFO  impl.LeaderElection (LeaderElection.java:logAndReturn(68)) - omNode-2@group-523986131536-LeaderElection3: Pre-vote  PASSED received 1 response(s):[omNode-2<-omNode-1#0:OK-t1]
2021-01-11 12:57:09,182 [omNode-2@group-523986131536-LeaderElection3] INFO  impl.LeaderElection (LogUtils.java:infoOrTrace(137)) -   Exception 0: java.util.concurrent.ExecutionException: org.apache.ratis.thirdparty.io.grpc.StatusRuntimeException: UNAVAILABLE: io exception
2021-01-11 12:57:09,182 [omNode-2@group-523986131536-LeaderElection3] INFO  impl.LeaderElection (LeaderElection.java:askForPreVotes(261)) - omNode-2@group-523986131536-LeaderElection3 pre-vote result is PASSED.
2021-01-11 12:57:09,183 [omNode-2@group-523986131536-LeaderElection3] INFO  impl.LeaderElection (LeaderElection.java:askForVotes(308)) - omNode-2@group-523986131536-LeaderElection3: begin an election at term 2 for -1: [omNode-3|rpc:localhost:13592|priority:0, omNode-1|rpc:localhost:13580|priority:0, omNode-2|rpc:localhost:13586|priority:0], old=null
2021-01-11 12:57:09,186 [omNode-2@group-523986131536-LeaderElection3] INFO  impl.LeaderElection (LogUtils.java:infoOrTrace(137)) - omNode-2@group-523986131536-LeaderElection3 got exception when requesting votes: java.util.concurrent.ExecutionException: org.apache.ratis.thirdparty.io.grpc.StatusRuntimeException: UNAVAILABLE: io exception
2021-01-11 12:57:09,189 [grpc-default-executor-0] INFO  server.RaftServer$Division (RaftServerImpl.java:setRole(283)) - omNode-1@group-523986131536: changes role from  FOLLOWER to FOLLOWER at term 2 for recognizeCandidate:omNode-2
2021-01-11 12:57:09,189 [grpc-default-executor-0] INFO  impl.RoleInfo (RoleInfo.java:shutdownFollowerState(108)) - omNode-1: shutdown omNode-1@group-523986131536-FollowerState
2021-01-11 12:57:09,190 [grpc-default-executor-0] INFO  impl.RoleInfo (RoleInfo.java:updateAndGet(130)) - omNode-1: start omNode-1@group-523986131536-FollowerState
2021-01-11 12:57:09,191 [Thread-217] INFO  impl.FollowerState (FollowerState.java:run(142)) - omNode-1@group-523986131536-FollowerState was interrupted: {}
java.lang.InterruptedException: sleep interrupted
	at java.lang.Thread.sleep(Native Method)
	at java.lang.Thread.sleep(Thread.java:340)
	at java.util.concurrent.TimeUnit.sleep(TimeUnit.java:386)
	at org.apache.ratis.util.TimeDuration.sleep(TimeDuration.java:324)
	at org.apache.ratis.util.TimeDuration.sleep(TimeDuration.java:309)
	at org.apache.ratis.server.impl.FollowerState.run(FollowerState.java:117)
2021-01-11 12:57:09,200 [grpc-default-executor-0] INFO  server.RaftServer$Division (RaftServerImpl.java:requestVote(1137)) -  FOLLOWER omNode-1@group-523986131536:t2, leader=null, voted=null, raftlog=omNode-1@group-523986131536-SegmentedRaftLog:OPENED:c-1,f-1,i0, conf=-1: [omNode-3|rpc:localhost:13592|priority:0, omNode-1|rpc:localhost:13580|priority:0, omNode-2|rpc:localhost:13586|priority:0], old=null RUNNING priority:0 candidate:omNode-2|rpc:localhost:13586|priority:0 candidatePriority:0 compare:0
2021-01-11 12:57:09,204 [omNode-2@group-523986131536-LeaderElection3] INFO  impl.LeaderElection (LeaderElection.java:logAndReturn(68)) - omNode-2@group-523986131536-LeaderElection3: Election  PASSED received 1 response(s):[omNode-2<-omNode-1#0:OK-t2]
2021-01-11 12:57:09,204 [omNode-2@group-523986131536-LeaderElection3] INFO  impl.LeaderElection (LogUtils.java:infoOrTrace(137)) -   Exception 0: java.util.concurrent.ExecutionException: org.apache.ratis.thirdparty.io.grpc.StatusRuntimeException: UNAVAILABLE: io exception
2021-01-11 12:57:09,204 [omNode-2@group-523986131536-LeaderElection3] INFO  impl.RoleInfo (RoleInfo.java:shutdownLeaderElection(121)) - omNode-2: shutdown omNode-2@group-523986131536-LeaderElection3
2021-01-11 12:57:09,204 [omNode-2@group-523986131536-LeaderElection3] INFO  server.RaftServer$Division (RaftServerImpl.java:setRole(283)) - omNode-2@group-523986131536: changes role from CANDIDATE to LEADER at term 2 for changeToLeader
2021-01-11 12:57:09,204 [omNode-2@group-523986131536-LeaderElection3] INFO  server.RaftServer$Division (ServerState.java:setLeader(249)) - omNode-2@group-523986131536: change Leader from null to omNode-2 at term 2 for becomeLeader, leader elected after 2861ms
2021-01-11 12:57:09,211 [omNode-2@group-523986131536-LeaderElection3] INFO  server.RaftServerConfigKeys (ConfUtils.java:logGet(44)) - raft.server.staging.catchup.gap = 1000 (default)
2021-01-11 12:57:09,214 [omNode-2@group-523986131536-LeaderElection3] INFO  metrics.RatisMetrics (RatisMetrics.java:lambda$create$0(36)) - Creating Metrics Registry : ratis.log_appender.omNode-2@group-523986131536
2021-01-11 12:57:09,219 [omNode-2@group-523986131536-LeaderElection3] INFO  server.RaftServerConfigKeys (ConfUtils.java:logGet(44)) - raft.server.write.element-limit = 4096 (default)
2021-01-11 12:57:09,219 [omNode-2@group-523986131536-LeaderElection3] INFO  server.RaftServerConfigKeys (ConfUtils.java:logGet(44)) - raft.server.write.byte-limit = 64MB (=67108864) (default)
2021-01-11 12:57:09,225 [omNode-2@group-523986131536-LeaderElection3] INFO  server.RaftServerConfigKeys (ConfUtils.java:logGet(44)) - raft.server.watch.timeout = 10s (default)
2021-01-11 12:57:09,225 [omNode-2@group-523986131536-LeaderElection3] INFO  server.RaftServerConfigKeys (ConfUtils.java:logGet(44)) - raft.server.watch.timeout.denomination = 1s (default)
2021-01-11 12:57:09,226 [omNode-2@group-523986131536-LeaderElection3] INFO  server.RaftServerConfigKeys (ConfUtils.java:logGet(44)) - raft.server.watch.element-limit = 65536 (default)
2021-01-11 12:57:09,237 [omNode-2@group-523986131536-LeaderElection3] INFO  server.RaftServerConfigKeys (ConfUtils.java:logGet(44)) - raft.server.log.appender.snapshot.chunk.size.max = 16MB (=16777216) (default)
2021-01-11 12:57:09,237 [omNode-2@group-523986131536-LeaderElection3] INFO  server.RaftServerConfigKeys (ConfUtils.java:logGet(44)) - raft.server.log.appender.buffer.byte-limit = 33554432 (custom)
2021-01-11 12:57:09,238 [omNode-2@group-523986131536-LeaderElection3] INFO  server.RaftServerConfigKeys (ConfUtils.java:logGet(44)) - raft.server.log.appender.buffer.element-limit = 1024 (custom)
2021-01-11 12:57:09,240 [omNode-2@group-523986131536-LeaderElection3] INFO  grpc.GrpcConfigKeys (ConfUtils.java:logGet(44)) - raft.grpc.server.leader.outstanding.appends.max = 128 (default)
2021-01-11 12:57:09,241 [omNode-2@group-523986131536-LeaderElection3] INFO  server.RaftServerConfigKeys (ConfUtils.java:logGet(44)) - raft.server.rpc.request.timeout = 3000ms (default)
2021-01-11 12:57:09,241 [omNode-2@group-523986131536-LeaderElection3] INFO  server.RaftServerConfigKeys (ConfUtils.java:logGet(44)) - raft.server.log.appender.install.snapshot.enabled = false (custom)
2021-01-11 12:57:09,242 [omNode-2@group-523986131536-LeaderElection3] INFO  metrics.RatisMetrics (RatisMetrics.java:lambda$create$0(36)) - Creating Metrics Registry : ratis_grpc.log_appender.omNode-2@group-523986131536
2021-01-11 12:57:09,247 [omNode-2@group-523986131536-LeaderElection3] INFO  server.RaftServerConfigKeys (ConfUtils.java:logGet(44)) - raft.server.log.appender.snapshot.chunk.size.max = 16MB (=16777216) (default)
2021-01-11 12:57:09,247 [omNode-2@group-523986131536-LeaderElection3] INFO  server.RaftServerConfigKeys (ConfUtils.java:logGet(44)) - raft.server.log.appender.buffer.byte-limit = 33554432 (custom)
2021-01-11 12:57:09,248 [omNode-2@group-523986131536-LeaderElection3] INFO  server.RaftServerConfigKeys (ConfUtils.java:logGet(44)) - raft.server.log.appender.buffer.element-limit = 1024 (custom)
2021-01-11 12:57:09,248 [omNode-2@group-523986131536-LeaderElection3] INFO  grpc.GrpcConfigKeys (ConfUtils.java:logGet(44)) - raft.grpc.server.leader.outstanding.appends.max = 128 (default)
2021-01-11 12:57:09,248 [omNode-2@group-523986131536-LeaderElection3] INFO  server.RaftServerConfigKeys (ConfUtils.java:logGet(44)) - raft.server.rpc.request.timeout = 3000ms (default)
2021-01-11 12:57:09,248 [omNode-2@group-523986131536-LeaderElection3] INFO  server.RaftServerConfigKeys (ConfUtils.java:logGet(44)) - raft.server.log.appender.install.snapshot.enabled = false (custom)
2021-01-11 12:57:09,255 [omNode-2@group-523986131536-LeaderElection3] INFO  impl.RoleInfo (RoleInfo.java:updateAndGet(130)) - omNode-2: start omNode-2@group-523986131536-LeaderStateImpl
2021-01-11 12:57:09,273 [omNode-2@group-523986131536-LeaderElection3] INFO  segmented.SegmentedRaftLogWorker (SegmentedRaftLogWorker.java:startLogSegment(392)) - omNode-2@group-523986131536-SegmentedRaftLogWorker: Starting segment from index:0
2021-01-11 12:57:09,336 [omNode-2@group-523986131536-LeaderElection3] INFO  server.RaftServer$Division (ServerState.java:setRaftConf(368)) - omNode-2@group-523986131536: set configuration 0: [omNode-3|rpc:localhost:13592|dataStream:|priority:0, omNode-1|rpc:localhost:13580|dataStream:|priority:0, omNode-2|rpc:localhost:13586|dataStream:|priority:0], old=null
2021-01-11 12:57:09,343 [grpc-default-executor-0] WARN  server.GrpcLogAppender (LogUtils.java:warn(122)) - omNode-2@group-523986131536->omNode-3-AppendLogResponseHandler: Failed appendEntries: org.apache.ratis.thirdparty.io.grpc.StatusRuntimeException: UNAVAILABLE: io exception
2021-01-11 12:57:09,372 [grpc-default-executor-0] WARN  server.GrpcLogAppender (GrpcLogAppender.java:resetClient(111)) - omNode-2@group-523986131536->omNode-3-GrpcLogAppender: Leader has not got in touch with Follower omNode-2@group-523986131536->omNode-3(c-1,m0,n0, attendVote=true, lastRpcSendTime=1341, lastRpcResponseTime=1341) yet, just keep nextIndex unchanged and retry.
2021-01-11 12:57:09,408 [grpc-default-executor-3] WARN  server.GrpcLogAppender (LogUtils.java:warn(122)) - omNode-2@group-523986131536->omNode-3-AppendLogResponseHandler: Failed appendEntries: org.apache.ratis.thirdparty.io.grpc.StatusRuntimeException: UNAVAILABLE: io exception
2021-01-11 12:57:09,409 [grpc-default-executor-3] WARN  server.GrpcLogAppender (GrpcLogAppender.java:resetClient(111)) - omNode-2@group-523986131536->omNode-3-GrpcLogAppender: Leader has not got in touch with Follower omNode-2@group-523986131536->omNode-3(c-1,m0,n1, attendVote=true, lastRpcSendTime=5, lastRpcResponseTime=1378) yet, just keep nextIndex unchanged and retry.
2021-01-11 12:57:09,420 [grpc-default-executor-0] INFO  server.RaftServer$Division (ServerState.java:setLeader(249)) - omNode-1@group-523986131536: change Leader from null to omNode-2 at term 2 for appendEntries, leader elected after 3430ms
2021-01-11 12:57:09,678 [grpc-default-executor-3] INFO  server.RaftServer$Division (ServerState.java:setRaftConf(368)) - omNode-1@group-523986131536: set configuration 0: [omNode-3|rpc:localhost:13592|dataStream:|priority:0, omNode-1|rpc:localhost:13580|dataStream:|priority:0, omNode-2|rpc:localhost:13586|dataStream:|priority:0], old=null
2021-01-11 12:57:09,678 [grpc-default-executor-3] INFO  segmented.SegmentedRaftLogWorker (SegmentedRaftLogWorker.java:startLogSegment(392)) - omNode-1@group-523986131536-SegmentedRaftLogWorker: Starting segment from index:0
2021-01-11 12:57:09,722 [EndpointStateMachine task thread for /0.0.0.0:35021 - 0 ] INFO  ozoneimpl.OzoneContainer (OzoneContainer.java:start(255)) - Attempting to start container services.
2021-01-11 12:57:09,723 [EndpointStateMachine task thread for /0.0.0.0:35021 - 0 ] INFO  ozoneimpl.OzoneContainer (OzoneContainer.java:startContainerScrub(219)) - Background container scanner has been disabled.
2021-01-11 12:57:09,733 [EndpointStateMachine task thread for /0.0.0.0:35021 - 0 ] INFO  replication.ReplicationServer (ReplicationServer.java:start(111)) - ReplicationServer is started using port 42541
2021-01-11 12:57:09,735 [EndpointStateMachine task thread for /0.0.0.0:35021 - 0 ] INFO  ratis.XceiverServerRatis (XceiverServerRatis.java:start(455)) - Starting XceiverServerRatis b057ab2e-0df4-4064-b246-7cb4ffc66d9d at port 0
2021-01-11 12:57:09,752 [EndpointStateMachine task thread for /0.0.0.0:35021 - 0 ] INFO  server.RaftServer (RaftServerProxy.java:lambda$start$5(372)) - b057ab2e-0df4-4064-b246-7cb4ffc66d9d: start RPC server
2021-01-11 12:57:09,759 [EndpointStateMachine task thread for /0.0.0.0:35021 - 0 ] INFO  server.GrpcService (GrpcService.java:startImpl(176)) - b057ab2e-0df4-4064-b246-7cb4ffc66d9d: GrpcService started, listening on 0.0.0.0/0.0.0.0:38959
2021-01-11 12:57:09,760 [EndpointStateMachine task thread for /0.0.0.0:35021 - 0 ] INFO  ratis.XceiverServerRatis (XceiverServerRatis.java:start(467)) - XceiverServerRatis b057ab2e-0df4-4064-b246-7cb4ffc66d9d is started using port 38959
2021-01-11 12:57:09,762 [org.apache.ratis.util.JvmPauseMonitor$$Lambda$305/1260124199@2d113c8b] INFO  util.JvmPauseMonitor (JvmPauseMonitor.java:run(103)) - JvmPauseMonitor-b057ab2e-0df4-4064-b246-7cb4ffc66d9d: Started
2021-01-11 12:57:09,762 [EndpointStateMachine task thread for /0.0.0.0:35021 - 0 ] INFO  server.XceiverServerGrpc (XceiverServerGrpc.java:start(139)) - XceiverServerGrpc b057ab2e-0df4-4064-b246-7cb4ffc66d9d is started using port 36783
2021-01-11 12:57:09,855 [omNode-1@group-523986131536-SegmentedRaftLogWorker] INFO  segmented.SegmentedRaftLogWorker (SegmentedRaftLogWorker.java:execute(599)) - omNode-1@group-523986131536-SegmentedRaftLogWorker: created new log segment /github/workspace/mnt/ozone/hadoop-ozone/integration-test/target/test-dir/MiniOzoneClusterImpl-8fb96eea-81cb-44ec-9a2b-3e454d7fad19/omNode-1/ratis/c9bc4cf4-3bc3-3c60-a66b-523986131536/current/log_inprogress_0
2021-01-11 12:57:09,855 [omNode-2@group-523986131536-SegmentedRaftLogWorker] INFO  segmented.SegmentedRaftLogWorker (SegmentedRaftLogWorker.java:execute(599)) - omNode-2@group-523986131536-SegmentedRaftLogWorker: created new log segment /github/workspace/mnt/ozone/hadoop-ozone/integration-test/target/test-dir/MiniOzoneClusterImpl-8fb96eea-81cb-44ec-9a2b-3e454d7fad19/omNode-2/ratis/c9bc4cf4-3bc3-3c60-a66b-523986131536/current/log_inprogress_0
2021-01-11 12:57:09,859 [EndpointStateMachine task thread for /0.0.0.0:35021 - 0 ] INFO  ozoneimpl.OzoneContainer (OzoneContainer.java:start(255)) - Attempting to start container services.
2021-01-11 12:57:09,874 [EndpointStateMachine task thread for /0.0.0.0:35021 - 0 ] INFO  ozoneimpl.OzoneContainer (OzoneContainer.java:startContainerScrub(219)) - Background container scanner has been disabled.
2021-01-11 12:57:09,904 [grpc-default-executor-3] WARN  server.GrpcLogAppender (LogUtils.java:warn(122)) - omNode-2@group-523986131536->omNode-3-AppendLogResponseHandler: Failed appendEntries: org.apache.ratis.thirdparty.io.grpc.StatusRuntimeException: UNAVAILABLE: io exception
2021-01-11 12:57:09,905 [grpc-default-executor-3] WARN  server.GrpcLogAppender (GrpcLogAppender.java:resetClient(111)) - omNode-2@group-523986131536->omNode-3-GrpcLogAppender: Leader has not got in touch with Follower omNode-2@group-523986131536->omNode-3(c-1,m0,n1, attendVote=true, lastRpcSendTime=501, lastRpcResponseTime=1874) yet, just keep nextIndex unchanged and retry.
2021-01-11 12:57:09,892 [EndpointStateMachine task thread for /0.0.0.0:35021 - 0 ] INFO  replication.ReplicationServer (ReplicationServer.java:start(111)) - ReplicationServer is started using port 40873
2021-01-11 12:57:09,905 [EndpointStateMachine task thread for /0.0.0.0:35021 - 0 ] INFO  ratis.XceiverServerRatis (XceiverServerRatis.java:start(455)) - Starting XceiverServerRatis 0f5c7db6-31a1-4b3e-82e6-84ec1a4dccba at port 0
2021-01-11 12:57:09,911 [EndpointStateMachine task thread for /0.0.0.0:35021 - 0 ] INFO  server.RaftServer (RaftServerProxy.java:lambda$start$5(372)) - 0f5c7db6-31a1-4b3e-82e6-84ec1a4dccba: start RPC server
2021-01-11 12:57:09,927 [EndpointStateMachine task thread for /0.0.0.0:35021 - 0 ] INFO  server.GrpcService (GrpcService.java:startImpl(176)) - 0f5c7db6-31a1-4b3e-82e6-84ec1a4dccba: GrpcService started, listening on 0.0.0.0/0.0.0.0:40001
2021-01-11 12:57:09,937 [EndpointStateMachine task thread for /0.0.0.0:35021 - 0 ] INFO  ratis.XceiverServerRatis (XceiverServerRatis.java:start(467)) - XceiverServerRatis 0f5c7db6-31a1-4b3e-82e6-84ec1a4dccba is started using port 40001
2021-01-11 12:57:09,943 [org.apache.ratis.util.JvmPauseMonitor$$Lambda$305/1260124199@a3b33d0] INFO  util.JvmPauseMonitor (JvmPauseMonitor.java:run(103)) - JvmPauseMonitor-0f5c7db6-31a1-4b3e-82e6-84ec1a4dccba: Started
2021-01-11 12:57:09,943 [EndpointStateMachine task thread for /0.0.0.0:35021 - 0 ] INFO  server.XceiverServerGrpc (XceiverServerGrpc.java:start(139)) - XceiverServerGrpc 0f5c7db6-31a1-4b3e-82e6-84ec1a4dccba is started using port 38251
2021-01-11 12:57:10,178 [Listener at 127.0.0.1/13588] INFO  ozone.MiniOzoneClusterImpl (MiniOzoneClusterImpl.java:lambda$waitForClusterToBeReady$0(179)) - Waiting for nodes to be ready. Got 0 of 3 DN Heartbeats.
2021-01-11 12:57:10,179 [Listener at 127.0.0.1/13588] INFO  ozone.MiniOzoneClusterImpl (MiniOzoneClusterImpl.java:lambda$waitForClusterToBeReady$0(182)) - Waiting for cluster to exit safe mode
2021-01-11 12:57:10,205 [EndpointStateMachine task thread for /0.0.0.0:35021 - 0 ] INFO  ozoneimpl.OzoneContainer (OzoneContainer.java:start(255)) - Attempting to start container services.
2021-01-11 12:57:10,205 [EndpointStateMachine task thread for /0.0.0.0:35021 - 0 ] INFO  ozoneimpl.OzoneContainer (OzoneContainer.java:startContainerScrub(219)) - Background container scanner has been disabled.
2021-01-11 12:57:10,213 [EndpointStateMachine task thread for /0.0.0.0:35021 - 0 ] INFO  replication.ReplicationServer (ReplicationServer.java:start(111)) - ReplicationServer is started using port 35341
2021-01-11 12:57:10,213 [EndpointStateMachine task thread for /0.0.0.0:35021 - 0 ] INFO  ratis.XceiverServerRatis (XceiverServerRatis.java:start(455)) - Starting XceiverServerRatis 82f8c02a-15cf-48cc-925d-b57d5eaceec5 at port 0
2021-01-11 12:57:10,253 [EndpointStateMachine task thread for /0.0.0.0:35021 - 0 ] INFO  server.RaftServer (RaftServerProxy.java:lambda$start$5(372)) - 82f8c02a-15cf-48cc-925d-b57d5eaceec5: start RPC server
2021-01-11 12:57:10,259 [EndpointStateMachine task thread for /0.0.0.0:35021 - 0 ] INFO  server.GrpcService (GrpcService.java:startImpl(176)) - 82f8c02a-15cf-48cc-925d-b57d5eaceec5: GrpcService started, listening on 0.0.0.0/0.0.0.0:42755
2021-01-11 12:57:10,259 [EndpointStateMachine task thread for /0.0.0.0:35021 - 0 ] INFO  ratis.XceiverServerRatis (XceiverServerRatis.java:start(467)) - XceiverServerRatis 82f8c02a-15cf-48cc-925d-b57d5eaceec5 is started using port 42755
2021-01-11 12:57:10,260 [org.apache.ratis.util.JvmPauseMonitor$$Lambda$305/1260124199@3587a206] INFO  util.JvmPauseMonitor (JvmPauseMonitor.java:run(103)) - JvmPauseMonitor-82f8c02a-15cf-48cc-925d-b57d5eaceec5: Started
2021-01-11 12:57:10,260 [EndpointStateMachine task thread for /0.0.0.0:35021 - 0 ] INFO  server.XceiverServerGrpc (XceiverServerGrpc.java:start(139)) - XceiverServerGrpc 82f8c02a-15cf-48cc-925d-b57d5eaceec5 is started using port 41815
2021-01-11 12:57:10,405 [grpc-default-executor-3] WARN  server.GrpcLogAppender (LogUtils.java:warn(122)) - omNode-2@group-523986131536->omNode-3-AppendLogResponseHandler: Failed appendEntries: org.apache.ratis.thirdparty.io.grpc.StatusRuntimeException: UNAVAILABLE: io exception
2021-01-11 12:57:10,406 [grpc-default-executor-3] WARN  server.GrpcLogAppender (GrpcLogAppender.java:resetClient(111)) - omNode-2@group-523986131536->omNode-3-GrpcLogAppender: Leader has not got in touch with Follower omNode-2@group-523986131536->omNode-3(c-1,m0,n1, attendVote=true, lastRpcSendTime=501, lastRpcResponseTime=2376) yet, just keep nextIndex unchanged and retry.
2021-01-11 12:57:10,914 [grpc-default-executor-3] WARN  server.GrpcLogAppender (LogUtils.java:warn(122)) - omNode-2@group-523986131536->omNode-3-AppendLogResponseHandler: Failed appendEntries: org.apache.ratis.thirdparty.io.grpc.StatusRuntimeException: UNAVAILABLE: io exception
2021-01-11 12:57:10,915 [grpc-default-executor-3] WARN  server.GrpcLogAppender (GrpcLogAppender.java:resetClient(111)) - omNode-2@group-523986131536->omNode-3-GrpcLogAppender: Leader has not got in touch with Follower omNode-2@group-523986131536->omNode-3(c-1,m0,n1, attendVote=true, lastRpcSendTime=1, lastRpcResponseTime=2884) yet, just keep nextIndex unchanged and retry.
2021-01-11 12:57:11,179 [Listener at 127.0.0.1/13588] INFO  ozone.MiniOzoneClusterImpl (MiniOzoneClusterImpl.java:lambda$waitForClusterToBeReady$0(179)) - Waiting for nodes to be ready. Got 0 of 3 DN Heartbeats.
2021-01-11 12:57:11,179 [Listener at 127.0.0.1/13588] INFO  ozone.MiniOzoneClusterImpl (MiniOzoneClusterImpl.java:lambda$waitForClusterToBeReady$0(182)) - Waiting for cluster to exit safe mode
2021-01-11 12:57:11,317 [IPC Server handler 18 on default port 35021] INFO  net.NetworkTopologyImpl (NetworkTopologyImpl.java:add(111)) - Added a new node: /default-rack/b057ab2e-0df4-4064-b246-7cb4ffc66d9d
2021-01-11 12:57:11,325 [IPC Server handler 18 on default port 35021] INFO  node.SCMNodeManager (SCMNodeManager.java:register(341)) - Registered Data node : b057ab2e-0df4-4064-b246-7cb4ffc66d9d{ip: 172.17.0.2, host: 0df9a8009e06, networkLocation: /default-rack, certSerialId: null, persistedOpState: IN_SERVICE, persistedOpStateExpiryEpochSec: 0}
2021-01-11 12:57:11,344 [EventQueue-NodeRegistrationContainerReportForContainerSafeModeRule] INFO  safemode.SCMSafeModeManager (SCMSafeModeManager.java:validateSafeModeExitRules(214)) - ContainerSafeModeRule rule is successfully validated
2021-01-11 12:57:11,350 [EventQueue-NodeRegistrationContainerReportForDataNodeSafeModeRule] INFO  safemode.SCMSafeModeManager (DataNodeSafeModeRule.java:process(71)) - SCM in safe mode. 1 DataNodes registered, 1 required.
2021-01-11 12:57:11,350 [EventQueue-NodeRegistrationContainerReportForDataNodeSafeModeRule] INFO  safemode.SCMSafeModeManager (SCMSafeModeManager.java:validateSafeModeExitRules(214)) - DataNodeSafeModeRule rule is successfully validated
2021-01-11 12:57:11,350 [EventQueue-NodeRegistrationContainerReportForDataNodeSafeModeRule] INFO  safemode.SCMSafeModeManager (SCMSafeModeManager.java:completePreCheck(242)) - All SCM safe mode pre check rules have passed
2021-01-11 12:57:11,362 [RatisPipelineUtilsThread] INFO  pipeline.RatisPipelineProvider (RatisPipelineProvider.java:lambda$create$0(161)) - Sending CreatePipelineCommand for pipeline:PipelineID=1d0bd5ca-1ccf-498f-b47d-58b84e7c5bee to datanode:b057ab2e-0df4-4064-b246-7cb4ffc66d9d
2021-01-11 12:57:11,362 [EventQueue-PipelineReportForOneReplicaPipelineSafeModeRule] INFO  safemode.SCMSafeModeManager (SCMSafeModeManager.java:validateSafeModeExitRules(214)) - AtleastOneDatanodeReportedRule rule is successfully validated
2021-01-11 12:57:11,387 [RatisPipelineUtilsThread] INFO  pipeline.PipelineStateManager (PipelineStateManager.java:addPipeline(54)) - Created pipeline Pipeline[ Id: 1d0bd5ca-1ccf-498f-b47d-58b84e7c5bee, Nodes: b057ab2e-0df4-4064-b246-7cb4ffc66d9d{ip: 172.17.0.2, host: 0df9a8009e06, networkLocation: /default-rack, certSerialId: null, persistedOpState: IN_SERVICE, persistedOpStateExpiryEpochSec: 0}, Type:RATIS, Factor:ONE, State:ALLOCATED, leaderId:, CreationTimestamp2021-01-11T12:57:11.354Z]
2021-01-11 12:57:11,398 [RatisPipelineUtilsThread] WARN  pipeline.PipelinePlacementPolicy (PipelinePlacementPolicy.java:filterViableNodes(142)) - Pipeline creation failed due to no sufficient healthy datanodes. Required 3. Found 1.
2021-01-11 12:57:11,414 [grpc-default-executor-3] WARN  server.GrpcLogAppender (LogUtils.java:warn(122)) - omNode-2@group-523986131536->omNode-3-AppendLogResponseHandler: Failed appendEntries: org.apache.ratis.thirdparty.io.grpc.StatusRuntimeException: UNAVAILABLE: io exception
2021-01-11 12:57:11,416 [grpc-default-executor-3] WARN  server.GrpcLogAppender (GrpcLogAppender.java:resetClient(111)) - omNode-2@group-523986131536->omNode-3-GrpcLogAppender: Leader has not got in touch with Follower omNode-2@group-523986131536->omNode-3(c-1,m0,n1, attendVote=true, lastRpcSendTime=1, lastRpcResponseTime=3385) yet, just keep nextIndex unchanged and retry.
2021-01-11 12:57:11,837 [IPC Server handler 16 on default port 35021] INFO  net.NetworkTopologyImpl (NetworkTopologyImpl.java:add(111)) - Added a new node: /default-rack/0f5c7db6-31a1-4b3e-82e6-84ec1a4dccba
2021-01-11 12:57:11,837 [IPC Server handler 16 on default port 35021] INFO  node.SCMNodeManager (SCMNodeManager.java:register(341)) - Registered Data node : 0f5c7db6-31a1-4b3e-82e6-84ec1a4dccba{ip: 172.17.0.2, host: 0df9a8009e06, networkLocation: /default-rack, certSerialId: null, persistedOpState: IN_SERVICE, persistedOpStateExpiryEpochSec: 0}
2021-01-11 12:57:11,838 [EventQueue-NodeRegistrationContainerReportForDataNodeSafeModeRule] INFO  safemode.SCMSafeModeManager (SCMSafeModeManager.java:validateSafeModeExitRules(214)) - DataNodeSafeModeRule rule is successfully validated
2021-01-11 12:57:11,838 [EventQueue-NodeRegistrationContainerReportForContainerSafeModeRule] INFO  safemode.SCMSafeModeManager (SCMSafeModeManager.java:validateSafeModeExitRules(214)) - ContainerSafeModeRule rule is successfully validated
2021-01-11 12:57:11,838 [EventQueue-PipelineReportForOneReplicaPipelineSafeModeRule] INFO  safemode.SCMSafeModeManager (SCMSafeModeManager.java:validateSafeModeExitRules(214)) - AtleastOneDatanodeReportedRule rule is successfully validated
2021-01-11 12:57:11,840 [RatisPipelineUtilsThread] INFO  pipeline.RatisPipelineProvider (RatisPipelineProvider.java:lambda$create$0(161)) - Sending CreatePipelineCommand for pipeline:PipelineID=2148ad4a-69ed-4058-b291-e053a8fa01b7 to datanode:0f5c7db6-31a1-4b3e-82e6-84ec1a4dccba
2021-01-11 12:57:11,840 [RatisPipelineUtilsThread] INFO  pipeline.PipelineStateManager (PipelineStateManager.java:addPipeline(54)) - Created pipeline Pipeline[ Id: 2148ad4a-69ed-4058-b291-e053a8fa01b7, Nodes: 0f5c7db6-31a1-4b3e-82e6-84ec1a4dccba{ip: 172.17.0.2, host: 0df9a8009e06, networkLocation: /default-rack, certSerialId: null, persistedOpState: IN_SERVICE, persistedOpStateExpiryEpochSec: 0}, Type:RATIS, Factor:ONE, State:ALLOCATED, leaderId:, CreationTimestamp2021-01-11T12:57:11.840Z]
2021-01-11 12:57:11,841 [RatisPipelineUtilsThread] WARN  pipeline.PipelinePlacementPolicy (PipelinePlacementPolicy.java:filterViableNodes(142)) - Pipeline creation failed due to no sufficient healthy datanodes. Required 3. Found 2.
2021-01-11 12:57:11,915 [grpc-default-executor-3] WARN  server.GrpcLogAppender (LogUtils.java:warn(122)) - omNode-2@group-523986131536->omNode-3-AppendLogResponseHandler: Failed appendEntries: org.apache.ratis.thirdparty.io.grpc.StatusRuntimeException: UNAVAILABLE: io exception
2021-01-11 12:57:11,916 [grpc-default-executor-3] WARN  server.GrpcLogAppender (GrpcLogAppender.java:resetClient(111)) - omNode-2@group-523986131536->omNode-3-GrpcLogAppender: Leader has not got in touch with Follower omNode-2@group-523986131536->omNode-3(c-1,m0,n1, attendVote=true, lastRpcSendTime=501, lastRpcResponseTime=3885) yet, just keep nextIndex unchanged and retry.
2021-01-11 12:57:12,180 [Listener at 127.0.0.1/13588] INFO  ozone.MiniOzoneClusterImpl (MiniOzoneClusterImpl.java:lambda$waitForClusterToBeReady$0(179)) - Waiting for nodes to be ready. Got 2 of 3 DN Heartbeats.
2021-01-11 12:57:12,180 [Listener at 127.0.0.1/13588] INFO  ozone.MiniOzoneClusterImpl (MiniOzoneClusterImpl.java:lambda$waitForClusterToBeReady$0(182)) - Waiting for cluster to exit safe mode
2021-01-11 12:57:12,195 [IPC Server handler 17 on default port 35021] INFO  net.NetworkTopologyImpl (NetworkTopologyImpl.java:add(111)) - Added a new node: /default-rack/82f8c02a-15cf-48cc-925d-b57d5eaceec5
2021-01-11 12:57:12,195 [IPC Server handler 17 on default port 35021] INFO  node.SCMNodeManager (SCMNodeManager.java:register(341)) - Registered Data node : 82f8c02a-15cf-48cc-925d-b57d5eaceec5{ip: 172.17.0.2, host: 0df9a8009e06, networkLocation: /default-rack, certSerialId: null, persistedOpState: IN_SERVICE, persistedOpStateExpiryEpochSec: 0}
2021-01-11 12:57:12,196 [EventQueue-NodeRegistrationContainerReportForContainerSafeModeRule] INFO  safemode.SCMSafeModeManager (SCMSafeModeManager.java:validateSafeModeExitRules(214)) - ContainerSafeModeRule rule is successfully validated
2021-01-11 12:57:12,196 [EventQueue-NodeRegistrationContainerReportForDataNodeSafeModeRule] INFO  safemode.SCMSafeModeManager (SCMSafeModeManager.java:validateSafeModeExitRules(214)) - DataNodeSafeModeRule rule is successfully validated
2021-01-11 12:57:12,196 [EventQueue-PipelineReportForOneReplicaPipelineSafeModeRule] INFO  safemode.SCMSafeModeManager (SCMSafeModeManager.java:validateSafeModeExitRules(214)) - AtleastOneDatanodeReportedRule rule is successfully validated
2021-01-11 12:57:12,196 [RatisPipelineUtilsThread] INFO  pipeline.RatisPipelineProvider (RatisPipelineProvider.java:lambda$create$0(161)) - Sending CreatePipelineCommand for pipeline:PipelineID=5321e1fd-8014-4719-9868-0fdbb20d8c0a to datanode:82f8c02a-15cf-48cc-925d-b57d5eaceec5
2021-01-11 12:57:12,197 [RatisPipelineUtilsThread] INFO  pipeline.PipelineStateManager (PipelineStateManager.java:addPipeline(54)) - Created pipeline Pipeline[ Id: 5321e1fd-8014-4719-9868-0fdbb20d8c0a, Nodes: 82f8c02a-15cf-48cc-925d-b57d5eaceec5{ip: 172.17.0.2, host: 0df9a8009e06, networkLocation: /default-rack, certSerialId: null, persistedOpState: IN_SERVICE, persistedOpStateExpiryEpochSec: 0}, Type:RATIS, Factor:ONE, State:ALLOCATED, leaderId:, CreationTimestamp2021-01-11T12:57:12.196Z]
2021-01-11 12:57:12,200 [RatisPipelineUtilsThread] INFO  pipeline.RatisPipelineProvider (RatisPipelineProvider.java:lambda$create$0(161)) - Sending CreatePipelineCommand for pipeline:PipelineID=67b15e51-f049-49ed-99ce-85286e2668c3 to datanode:b057ab2e-0df4-4064-b246-7cb4ffc66d9d
2021-01-11 12:57:12,201 [RatisPipelineUtilsThread] INFO  pipeline.RatisPipelineProvider (RatisPipelineProvider.java:lambda$create$0(161)) - Sending CreatePipelineCommand for pipeline:PipelineID=67b15e51-f049-49ed-99ce-85286e2668c3 to datanode:0f5c7db6-31a1-4b3e-82e6-84ec1a4dccba
2021-01-11 12:57:12,203 [RatisPipelineUtilsThread] INFO  pipeline.RatisPipelineProvider (RatisPipelineProvider.java:lambda$create$0(161)) - Sending CreatePipelineCommand for pipeline:PipelineID=67b15e51-f049-49ed-99ce-85286e2668c3 to datanode:82f8c02a-15cf-48cc-925d-b57d5eaceec5
2021-01-11 12:57:12,204 [RatisPipelineUtilsThread] INFO  pipeline.PipelineStateManager (PipelineStateManager.java:addPipeline(54)) - Created pipeline Pipeline[ Id: 67b15e51-f049-49ed-99ce-85286e2668c3, Nodes: b057ab2e-0df4-4064-b246-7cb4ffc66d9d{ip: 172.17.0.2, host: 0df9a8009e06, networkLocation: /default-rack, certSerialId: null, persistedOpState: IN_SERVICE, persistedOpStateExpiryEpochSec: 0}0f5c7db6-31a1-4b3e-82e6-84ec1a4dccba{ip: 172.17.0.2, host: 0df9a8009e06, networkLocation: /default-rack, certSerialId: null, persistedOpState: IN_SERVICE, persistedOpStateExpiryEpochSec: 0}82f8c02a-15cf-48cc-925d-b57d5eaceec5{ip: 172.17.0.2, host: 0df9a8009e06, networkLocation: /default-rack, certSerialId: null, persistedOpState: IN_SERVICE, persistedOpStateExpiryEpochSec: 0}, Type:RATIS, Factor:THREE, State:ALLOCATED, leaderId:, CreationTimestamp2021-01-11T12:57:12.200Z]
2021-01-11 12:57:12,210 [RatisPipelineUtilsThread] INFO  pipeline.RatisPipelineProvider (RatisPipelineProvider.java:lambda$create$0(161)) - Sending CreatePipelineCommand for pipeline:PipelineID=673d9e53-1876-43b4-a65b-3b806cc34c64 to datanode:b057ab2e-0df4-4064-b246-7cb4ffc66d9d
2021-01-11 12:57:12,212 [RatisPipelineUtilsThread] INFO  pipeline.RatisPipelineProvider (RatisPipelineProvider.java:lambda$create$0(161)) - Sending CreatePipelineCommand for pipeline:PipelineID=673d9e53-1876-43b4-a65b-3b806cc34c64 to datanode:0f5c7db6-31a1-4b3e-82e6-84ec1a4dccba
2021-01-11 12:57:12,212 [RatisPipelineUtilsThread] INFO  pipeline.RatisPipelineProvider (RatisPipelineProvider.java:lambda$create$0(161)) - Sending CreatePipelineCommand for pipeline:PipelineID=673d9e53-1876-43b4-a65b-3b806cc34c64 to datanode:82f8c02a-15cf-48cc-925d-b57d5eaceec5
2021-01-11 12:57:12,213 [RatisPipelineUtilsThread] INFO  pipeline.PipelineStateManager (PipelineStateManager.java:addPipeline(54)) - Created pipeline Pipeline[ Id: 673d9e53-1876-43b4-a65b-3b806cc34c64, Nodes: b057ab2e-0df4-4064-b246-7cb4ffc66d9d{ip: 172.17.0.2, host: 0df9a8009e06, networkLocation: /default-rack, certSerialId: null, persistedOpState: IN_SERVICE, persistedOpStateExpiryEpochSec: 0}0f5c7db6-31a1-4b3e-82e6-84ec1a4dccba{ip: 172.17.0.2, host: 0df9a8009e06, networkLocation: /default-rack, certSerialId: null, persistedOpState: IN_SERVICE, persistedOpStateExpiryEpochSec: 0}82f8c02a-15cf-48cc-925d-b57d5eaceec5{ip: 172.17.0.2, host: 0df9a8009e06, networkLocation: /default-rack, certSerialId: null, persistedOpState: IN_SERVICE, persistedOpStateExpiryEpochSec: 0}, Type:RATIS, Factor:THREE, State:ALLOCATED, leaderId:, CreationTimestamp2021-01-11T12:57:12.210Z]
2021-01-11 12:57:12,213 [RatisPipelineUtilsThread] INFO  pipeline.SCMPipelineManager (SCMPipelineManager.java:recordMetricsForPipeline(243)) - Pipeline: PipelineID=673d9e53-1876-43b4-a65b-3b806cc34c64 contains same datanodes as previous pipelines: PipelineID=67b15e51-f049-49ed-99ce-85286e2668c3 nodeIds: b057ab2e-0df4-4064-b246-7cb4ffc66d9d, 0f5c7db6-31a1-4b3e-82e6-84ec1a4dccba, 82f8c02a-15cf-48cc-925d-b57d5eaceec5
2021-01-11 12:57:12,419 [grpc-default-executor-3] WARN  server.GrpcLogAppender (LogUtils.java:warn(122)) - omNode-2@group-523986131536->omNode-3-AppendLogResponseHandler: Failed appendEntries: org.apache.ratis.thirdparty.io.grpc.StatusRuntimeException: UNAVAILABLE: io exception
2021-01-11 12:57:12,421 [grpc-default-executor-3] WARN  server.GrpcLogAppender (GrpcLogAppender.java:resetClient(111)) - omNode-2@group-523986131536->omNode-3-GrpcLogAppender: Leader has not got in touch with Follower omNode-2@group-523986131536->omNode-3(c-1,m0,n1, attendVote=true, lastRpcSendTime=2, lastRpcResponseTime=4390) yet, just keep nextIndex unchanged and retry.
2021-01-11 12:57:12,919 [grpc-default-executor-3] WARN  server.GrpcLogAppender (LogUtils.java:warn(122)) - omNode-2@group-523986131536->omNode-3-AppendLogResponseHandler: Failed appendEntries: org.apache.ratis.thirdparty.io.grpc.StatusRuntimeException: UNAVAILABLE: io exception
2021-01-11 12:57:12,920 [grpc-default-executor-3] WARN  server.GrpcLogAppender (GrpcLogAppender.java:resetClient(111)) - omNode-2@group-523986131536->omNode-3-GrpcLogAppender: Leader has not got in touch with Follower omNode-2@group-523986131536->omNode-3(c-1,m0,n1, attendVote=true, lastRpcSendTime=0, lastRpcResponseTime=4889) yet, just keep nextIndex unchanged and retry.
2021-01-11 12:57:13,180 [Listener at 127.0.0.1/13588] INFO  ozone.MiniOzoneClusterImpl (MiniOzoneClusterImpl.java:lambda$waitForClusterToBeReady$0(179)) - Nodes are ready. Got 3 of 3 DN Heartbeats.
2021-01-11 12:57:13,180 [Listener at 127.0.0.1/13588] INFO  ozone.MiniOzoneClusterImpl (MiniOzoneClusterImpl.java:lambda$waitForClusterToBeReady$0(182)) - Waiting for cluster to exit safe mode
2021-01-11 12:57:13,420 [grpc-default-executor-3] WARN  server.GrpcLogAppender (LogUtils.java:warn(122)) - omNode-2@group-523986131536->omNode-3-AppendLogResponseHandler: Failed appendEntries: org.apache.ratis.thirdparty.io.grpc.StatusRuntimeException: UNAVAILABLE: io exception
2021-01-11 12:57:13,421 [grpc-default-executor-3] WARN  server.GrpcLogAppender (GrpcLogAppender.java:resetClient(111)) - omNode-2@group-523986131536->omNode-3-GrpcLogAppender: Leader has not got in touch with Follower omNode-2@group-523986131536->omNode-3(c-1,m0,n1, attendVote=true, lastRpcSendTime=1, lastRpcResponseTime=5391) yet, just keep nextIndex unchanged and retry.
2021-01-11 12:57:13,920 [grpc-default-executor-3] WARN  server.GrpcLogAppender (LogUtils.java:warn(122)) - omNode-2@group-523986131536->omNode-3-AppendLogResponseHandler: Failed appendEntries: org.apache.ratis.thirdparty.io.grpc.StatusRuntimeException: UNAVAILABLE: io exception
2021-01-11 12:57:13,922 [grpc-default-executor-3] WARN  server.GrpcLogAppender (GrpcLogAppender.java:resetClient(111)) - omNode-2@group-523986131536->omNode-3-GrpcLogAppender: Leader has not got in touch with Follower omNode-2@group-523986131536->omNode-3(c-1,m0,n1, attendVote=true, lastRpcSendTime=1, lastRpcResponseTime=5891) yet, just keep nextIndex unchanged and retry.
2021-01-11 12:57:14,181 [Listener at 127.0.0.1/13588] INFO  ozone.MiniOzoneClusterImpl (MiniOzoneClusterImpl.java:lambda$waitForClusterToBeReady$0(179)) - Nodes are ready. Got 3 of 3 DN Heartbeats.
2021-01-11 12:57:14,181 [Listener at 127.0.0.1/13588] INFO  ozone.MiniOzoneClusterImpl (MiniOzoneClusterImpl.java:lambda$waitForClusterToBeReady$0(182)) - Waiting for cluster to exit safe mode
2021-01-11 12:57:14,285 [Command processor thread] INFO  server.RaftServer (RaftServerProxy.java:addNew(95)) - b057ab2e-0df4-4064-b246-7cb4ffc66d9d: addNew group-58B84E7C5BEE:[b057ab2e-0df4-4064-b246-7cb4ffc66d9d|rpc:172.17.0.2:38959|priority:1] returns group-58B84E7C5BEE:java.util.concurrent.CompletableFuture@45042fa3[Not completed]
2021-01-11 12:57:14,315 [pool-67-thread-1] INFO  server.RaftServer$Division (RaftServerImpl.java:<init>(179)) - b057ab2e-0df4-4064-b246-7cb4ffc66d9d: new RaftServerImpl for group-58B84E7C5BEE:[b057ab2e-0df4-4064-b246-7cb4ffc66d9d|rpc:172.17.0.2:38959|priority:1] with ContainerStateMachine:uninitialized
2021-01-11 12:57:14,322 [pool-67-thread-1] INFO  server.RaftServerConfigKeys (ConfUtils.java:logGet(44)) - raft.server.rpc.timeout.min = 5s (custom)
2021-01-11 12:57:14,322 [pool-67-thread-1] INFO  server.RaftServerConfigKeys (ConfUtils.java:logGet(44)) - raft.server.rpc.timeout.max = 5200ms (custom)
2021-01-11 12:57:14,323 [pool-67-thread-1] INFO  server.RaftServerConfigKeys (ConfUtils.java:logGet(44)) - raft.server.rpc.sleep.time = 25ms (default)
2021-01-11 12:57:14,323 [pool-67-thread-1] INFO  server.RaftServerConfigKeys (ConfUtils.java:logGet(44)) - raft.server.rpc.slowness.timeout = 300s (custom)
2021-01-11 12:57:14,323 [pool-67-thread-1] INFO  server.RaftServerConfigKeys (ConfUtils.java:logGet(44)) - raft.server.leaderelection.leader.step-down.wait-time = 10s (default)
2021-01-11 12:57:14,323 [pool-67-thread-1] INFO  server.RaftServerConfigKeys (ConfUtils.java:logGet(44)) - raft.server.sleep.deviation.threshold = 300ms (default)
2021-01-11 12:57:14,323 [pool-67-thread-1] INFO  server.RaftServerConfigKeys (ConfUtils.java:logGet(44)) - raft.server.log.appender.install.snapshot.enabled = false (custom)
2021-01-11 12:57:14,323 [pool-67-thread-1] INFO  server.RaftServer$Division (ServerState.java:<init>(103)) - b057ab2e-0df4-4064-b246-7cb4ffc66d9d@group-58B84E7C5BEE: ConfigurationManager, init=-1: [b057ab2e-0df4-4064-b246-7cb4ffc66d9d|rpc:172.17.0.2:38959|priority:1], old=null, confs=<EMPTY_MAP>
2021-01-11 12:57:14,323 [pool-67-thread-1] INFO  server.RaftServerConfigKeys (ConfUtils.java:logGet(44)) - raft.server.storage.dir = [/github/workspace/mnt/ozone/hadoop-ozone/integration-test/target/test-dir/MiniOzoneClusterImpl-8fb96eea-81cb-44ec-9a2b-3e454d7fad19/datanode-0/data/ratis] (custom)
2021-01-11 12:57:14,324 [pool-67-thread-1] INFO  server.RaftServerConfigKeys (ConfUtils.java:logGet(44)) - raft.server.log.corruption.policy = EXCEPTION (default)
2021-01-11 12:57:14,324 [pool-67-thread-1] INFO  storage.RaftStorageDirectory (RaftStorageDirectoryImpl.java:analyzeStorage(132)) - The storage directory /github/workspace/mnt/ozone/hadoop-ozone/integration-test/target/test-dir/MiniOzoneClusterImpl-8fb96eea-81cb-44ec-9a2b-3e454d7fad19/datanode-0/data/ratis/1d0bd5ca-1ccf-498f-b47d-58b84e7c5bee does not exist. Creating ...
2021-01-11 12:57:14,327 [pool-67-thread-1] INFO  storage.RaftStorageDirectory (RaftStorageDirectoryImpl.java:tryLock(215)) - Lock on /github/workspace/mnt/ozone/hadoop-ozone/integration-test/target/test-dir/MiniOzoneClusterImpl-8fb96eea-81cb-44ec-9a2b-3e454d7fad19/datanode-0/data/ratis/1d0bd5ca-1ccf-498f-b47d-58b84e7c5bee/in_use.lock acquired by nodename 2195@0df9a8009e06
2021-01-11 12:57:14,328 [pool-67-thread-1] INFO  storage.RaftStorage (RaftStorageImpl.java:format(87)) - Storage directory /github/workspace/mnt/ozone/hadoop-ozone/integration-test/target/test-dir/MiniOzoneClusterImpl-8fb96eea-81cb-44ec-9a2b-3e454d7fad19/datanode-0/data/ratis/1d0bd5ca-1ccf-498f-b47d-58b84e7c5bee has been successfully formatted.
2021-01-11 12:57:14,333 [pool-67-thread-1] INFO  ratis.ContainerStateMachine (ContainerStateMachine.java:loadSnapshot(223)) - group-58B84E7C5BEE: The snapshot info is null. Setting the last applied indexto:(t:0, i:~)
2021-01-11 12:57:14,333 [pool-67-thread-1] ERROR storage.RaftStorage (RaftStorageImpl.java:readRaftConfiguration(147)) - Failed reading configuration from file:/github/workspace/mnt/ozone/hadoop-ozone/integration-test/target/test-dir/MiniOzoneClusterImpl-8fb96eea-81cb-44ec-9a2b-3e454d7fad19/datanode-0/data/ratis/1d0bd5ca-1ccf-498f-b47d-58b84e7c5bee/current/raft-meta.conf
java.io.FileNotFoundException: /github/workspace/mnt/ozone/hadoop-ozone/integration-test/target/test-dir/MiniOzoneClusterImpl-8fb96eea-81cb-44ec-9a2b-3e454d7fad19/datanode-0/data/ratis/1d0bd5ca-1ccf-498f-b47d-58b84e7c5bee/current/raft-meta.conf (No such file or directory)
	at java.io.FileInputStream.open0(Native Method)
	at java.io.FileInputStream.open(FileInputStream.java:195)
	at java.io.FileInputStream.<init>(FileInputStream.java:138)
	at org.apache.ratis.server.storage.RaftStorageImpl.readRaftConfiguration(RaftStorageImpl.java:143)
	at org.apache.ratis.server.impl.ServerState.<init>(ServerState.java:113)
	at org.apache.ratis.server.impl.RaftServerImpl.<init>(RaftServerImpl.java:192)
	at org.apache.ratis.server.impl.RaftServerProxy.lambda$newRaftServerImpl$4(RaftServerProxy.java:266)
	at java.util.concurrent.CompletableFuture$AsyncSupply.run(CompletableFuture.java:1604)
	at java.util.concurrent.ThreadPoolExecutor.runWorker(ThreadPoolExecutor.java:1149)
	at java.util.concurrent.ThreadPoolExecutor$Worker.run(ThreadPoolExecutor.java:624)
	at java.lang.Thread.run(Thread.java:748)
2021-01-11 12:57:14,335 [pool-67-thread-1] INFO  server.RaftServerConfigKeys (ConfUtils.java:logGet(44)) - raft.server.notification.no-leader.timeout = 300s (custom)
2021-01-11 12:57:14,336 [pool-67-thread-1] INFO  server.RaftServerConfigKeys (ConfUtils.java:logGet(44)) - raft.server.log.use.memory = false (default)
2021-01-11 12:57:14,336 [pool-67-thread-1] INFO  server.RaftServerConfigKeys (ConfUtils.java:logGet(44)) - raft.server.log.purge.gap = 1000000 (custom)
2021-01-11 12:57:14,336 [pool-67-thread-1] INFO  server.RaftServerConfigKeys (ConfUtils.java:logGet(44)) - raft.server.log.appender.buffer.byte-limit = 33554432 (custom)
2021-01-11 12:57:14,336 [pool-67-thread-1] INFO  metrics.RatisMetrics (RatisMetrics.java:lambda$create$0(36)) - Creating Metrics Registry : ratis.log_worker.b057ab2e-0df4-4064-b246-7cb4ffc66d9d@group-58B84E7C5BEE
2021-01-11 12:57:14,337 [pool-67-thread-1] INFO  server.RaftServerConfigKeys (ConfUtils.java:logGet(44)) - raft.server.log.segment.size.max = 1048576 (custom)
2021-01-11 12:57:14,342 [pool-67-thread-1] INFO  server.RaftServerConfigKeys (ConfUtils.java:logGet(44)) - raft.server.log.segment.cache.num.max = 2 (custom)
2021-01-11 12:57:14,342 [pool-67-thread-1] INFO  server.RaftServerConfigKeys (ConfUtils.java:logGet(44)) - raft.server.log.segment.cache.size.max = 200MB (=209715200) (default)
2021-01-11 12:57:14,342 [pool-67-thread-1] INFO  segmented.SegmentedRaftLogWorker (SegmentedRaftLogWorker.java:<init>(181)) - new b057ab2e-0df4-4064-b246-7cb4ffc66d9d@group-58B84E7C5BEE-SegmentedRaftLogWorker for RaftStorageImpl:Storage Directory /github/workspace/mnt/ozone/hadoop-ozone/integration-test/target/test-dir/MiniOzoneClusterImpl-8fb96eea-81cb-44ec-9a2b-3e454d7fad19/datanode-0/data/ratis/1d0bd5ca-1ccf-498f-b47d-58b84e7c5bee
2021-01-11 12:57:14,342 [pool-67-thread-1] INFO  server.RaftServerConfigKeys (ConfUtils.java:logGet(44)) - raft.server.log.queue.byte-limit = 2147483647 (custom)
2021-01-11 12:57:14,342 [pool-67-thread-1] INFO  server.RaftServerConfigKeys (ConfUtils.java:logGet(44)) - raft.server.log.queue.element-limit = 1024 (custom)
2021-01-11 12:57:14,342 [pool-67-thread-1] INFO  server.RaftServerConfigKeys (ConfUtils.java:logGet(44)) - raft.server.log.segment.size.max = 1048576 (custom)
2021-01-11 12:57:14,342 [pool-67-thread-1] INFO  server.RaftServerConfigKeys (ConfUtils.java:logGet(44)) - raft.server.log.preallocated.size = 16384 (custom)
2021-01-11 12:57:14,343 [pool-67-thread-1] INFO  server.RaftServerConfigKeys (ConfUtils.java:logGet(44)) - raft.server.log.force.sync.num = 128 (default)
2021-01-11 12:57:14,343 [pool-67-thread-1] INFO  server.RaftServerConfigKeys (ConfUtils.java:logGet(44)) - raft.server.log.statemachine.data.sync = true (default)
2021-01-11 12:57:14,343 [pool-67-thread-1] INFO  server.RaftServerConfigKeys (ConfUtils.java:logGet(44)) - raft.server.log.statemachine.data.sync.timeout = 10s (default)
2021-01-11 12:57:14,343 [pool-67-thread-1] INFO  server.RaftServerConfigKeys (ConfUtils.java:logGet(44)) - raft.server.log.statemachine.data.sync.timeout.retry = -1 (default)
2021-01-11 12:57:14,348 [pool-67-thread-1] INFO  server.RaftServerConfigKeys (ConfUtils.java:logGet(44)) - raft.server.log.write.buffer.size = 1048576 (custom)
2021-01-11 12:57:14,349 [pool-67-thread-1] INFO  server.RaftServerConfigKeys (ConfUtils.java:logGet(44)) - raft.server.log.statemachine.data.caching.enabled = true (custom)
2021-01-11 12:57:14,349 [pool-67-thread-1] INFO  segmented.SegmentedRaftLogWorker (SegmentedRaftLogWorker.java:lambda$new$0(132)) - b057ab2e-0df4-4064-b246-7cb4ffc66d9d@group-58B84E7C5BEE-SegmentedRaftLogWorker: flushIndex: setUnconditionally 0 -> -1
2021-01-11 12:57:14,349 [pool-67-thread-1] INFO  segmented.SegmentedRaftLogWorker (SegmentedRaftLogWorker.java:lambda$new$0(132)) - b057ab2e-0df4-4064-b246-7cb4ffc66d9d@group-58B84E7C5BEE-SegmentedRaftLogWorker: safeCacheEvictIndex: setUnconditionally 0 -> -1
2021-01-11 12:57:14,362 [EventQueue-PipelineReportForOneReplicaPipelineSafeModeRule] INFO  safemode.SCMSafeModeManager (SCMSafeModeManager.java:validateSafeModeExitRules(214)) - AtleastOneDatanodeReportedRule rule is successfully validated
2021-01-11 12:57:14,363 [pool-67-thread-1] INFO  server.RaftServerConfigKeys (ConfUtils.java:logGet(44)) - raft.server.snapshot.auto.trigger.enabled = true (custom)
2021-01-11 12:57:14,363 [pool-67-thread-1] INFO  server.RaftServerConfigKeys (ConfUtils.java:logGet(44)) - raft.server.snapshot.auto.trigger.threshold = 10000 (custom)
2021-01-11 12:57:14,363 [EventQueue-PipelineReportForPipelineReportHandler] INFO  pipeline.PipelineStateManager (PipelineStateManager.java:openPipeline(132)) - Pipeline Pipeline[ Id: 1d0bd5ca-1ccf-498f-b47d-58b84e7c5bee, Nodes: b057ab2e-0df4-4064-b246-7cb4ffc66d9d{ip: 172.17.0.2, host: 0df9a8009e06, networkLocation: /default-rack, certSerialId: null, persistedOpState: IN_SERVICE, persistedOpStateExpiryEpochSec: 0}, Type:RATIS, Factor:ONE, State:ALLOCATED, leaderId:b057ab2e-0df4-4064-b246-7cb4ffc66d9d, CreationTimestamp2021-01-11T12:57:11.354Z] moved to OPEN state
2021-01-11 12:57:14,363 [pool-67-thread-1] INFO  server.RaftServerConfigKeys (ConfUtils.java:logGet(44)) - raft.server.snapshot.retention.file.num = 5 (custom)
2021-01-11 12:57:14,363 [pool-67-thread-1] INFO  server.RaftServerConfigKeys (ConfUtils.java:logGet(44)) - raft.server.log.purge.upto.snapshot.index = false (default)
2021-01-11 12:57:14,363 [pool-67-thread-1] INFO  server.RaftServerConfigKeys (ConfUtils.java:logGet(44)) - raft.server.retrycache.expirytime = 600000ms (custom)
2021-01-11 12:57:14,363 [pool-67-thread-1] INFO  server.RaftServerConfigKeys (ConfUtils.java:logGet(44)) - raft.server.retrycache.statistics.expirytime = 100?s (default)
2021-01-11 12:57:14,363 [pool-67-thread-1] INFO  metrics.RatisMetrics (RatisMetrics.java:lambda$create$0(36)) - Creating Metrics Registry : ratis.leader_election.b057ab2e-0df4-4064-b246-7cb4ffc66d9d@group-58B84E7C5BEE
2021-01-11 12:57:14,364 [pool-67-thread-1] INFO  metrics.RatisMetrics (RatisMetrics.java:lambda$create$0(36)) - Creating Metrics Registry : ratis.server.b057ab2e-0df4-4064-b246-7cb4ffc66d9d@group-58B84E7C5BEE
2021-01-11 12:57:14,365 [pool-67-thread-1] INFO  server.RaftServer$Division (RaftServerImpl.java:start(294)) - b057ab2e-0df4-4064-b246-7cb4ffc66d9d@group-58B84E7C5BEE: start as a follower, conf=-1: [b057ab2e-0df4-4064-b246-7cb4ffc66d9d|rpc:172.17.0.2:38959|priority:1], old=null
2021-01-11 12:57:14,365 [pool-67-thread-1] INFO  server.RaftServer$Division (RaftServerImpl.java:setRole(283)) - b057ab2e-0df4-4064-b246-7cb4ffc66d9d@group-58B84E7C5BEE: changes role from      null to FOLLOWER at term 0 for startAsFollower
2021-01-11 12:57:14,365 [pool-67-thread-1] INFO  impl.RoleInfo (RoleInfo.java:updateAndGet(130)) - b057ab2e-0df4-4064-b246-7cb4ffc66d9d: start b057ab2e-0df4-4064-b246-7cb4ffc66d9d@group-58B84E7C5BEE-FollowerState
2021-01-11 12:57:14,368 [pool-67-thread-1] INFO  util.JmxRegister (JmxRegister.java:tryRegister(44)) - Successfully registered JMX Bean with object name Ratis:service=RaftServer,group=group-58B84E7C5BEE,id=b057ab2e-0df4-4064-b246-7cb4ffc66d9d
2021-01-11 12:57:14,373 [pool-67-thread-1] INFO  metrics.RatisMetrics (RatisMetrics.java:lambda$create$0(36)) - Creating Metrics Registry : ratis.state_machine.b057ab2e-0df4-4064-b246-7cb4ffc66d9d@group-58B84E7C5BEE
2021-01-11 12:57:14,378 [Command processor thread] INFO  commandhandler.CreatePipelineCommandHandler (CreatePipelineCommandHandler.java:handle(106)) - Created Pipeline RATIS ONE PipelineID=1d0bd5ca-1ccf-498f-b47d-58b84e7c5bee.
2021-01-11 12:57:14,394 [EventQueue-OpenPipelineForHealthyPipelineSafeModeRule] INFO  safemode.SCMSafeModeManager (HealthyPipelineSafeModeRule.java:process(128)) - SCM in safe mode. Healthy pipelines reported count is 0, required healthy pipeline reported count is 1
2021-01-11 12:57:14,401 [Command processor thread] INFO  server.RaftServer (RaftServerProxy.java:addNew(95)) - b057ab2e-0df4-4064-b246-7cb4ffc66d9d: addNew group-85286E2668C3:[0f5c7db6-31a1-4b3e-82e6-84ec1a4dccba|rpc:172.17.0.2:40001|priority:0, 82f8c02a-15cf-48cc-925d-b57d5eaceec5|rpc:172.17.0.2:42755|priority:0, b057ab2e-0df4-4064-b246-7cb4ffc66d9d|rpc:172.17.0.2:38959|priority:1] returns group-85286E2668C3:java.util.concurrent.CompletableFuture@760e0434[Not completed]
2021-01-11 12:57:14,403 [pool-67-thread-1] INFO  server.RaftServer$Division (RaftServerImpl.java:<init>(179)) - b057ab2e-0df4-4064-b246-7cb4ffc66d9d: new RaftServerImpl for group-85286E2668C3:[0f5c7db6-31a1-4b3e-82e6-84ec1a4dccba|rpc:172.17.0.2:40001|priority:0, 82f8c02a-15cf-48cc-925d-b57d5eaceec5|rpc:172.17.0.2:42755|priority:0, b057ab2e-0df4-4064-b246-7cb4ffc66d9d|rpc:172.17.0.2:38959|priority:1] with ContainerStateMachine:uninitialized
2021-01-11 12:57:14,403 [pool-67-thread-1] INFO  server.RaftServerConfigKeys (ConfUtils.java:logGet(44)) - raft.server.rpc.timeout.min = 5s (custom)
2021-01-11 12:57:14,403 [pool-67-thread-1] INFO  server.RaftServerConfigKeys (ConfUtils.java:logGet(44)) - raft.server.rpc.timeout.max = 5200ms (custom)
2021-01-11 12:57:14,403 [pool-67-thread-1] INFO  server.RaftServerConfigKeys (ConfUtils.java:logGet(44)) - raft.server.rpc.sleep.time = 25ms (default)
2021-01-11 12:57:14,403 [pool-67-thread-1] INFO  server.RaftServerConfigKeys (ConfUtils.java:logGet(44)) - raft.server.rpc.slowness.timeout = 300s (custom)
2021-01-11 12:57:14,403 [pool-67-thread-1] INFO  server.RaftServerConfigKeys (ConfUtils.java:logGet(44)) - raft.server.leaderelection.leader.step-down.wait-time = 10s (default)
2021-01-11 12:57:14,403 [pool-67-thread-1] INFO  server.RaftServerConfigKeys (ConfUtils.java:logGet(44)) - raft.server.sleep.deviation.threshold = 300ms (default)
2021-01-11 12:57:14,403 [pool-67-thread-1] INFO  server.RaftServerConfigKeys (ConfUtils.java:logGet(44)) - raft.server.log.appender.install.snapshot.enabled = false (custom)
2021-01-11 12:57:14,403 [pool-67-thread-1] INFO  server.RaftServer$Division (ServerState.java:<init>(103)) - b057ab2e-0df4-4064-b246-7cb4ffc66d9d@group-85286E2668C3: ConfigurationManager, init=-1: [0f5c7db6-31a1-4b3e-82e6-84ec1a4dccba|rpc:172.17.0.2:40001|priority:0, 82f8c02a-15cf-48cc-925d-b57d5eaceec5|rpc:172.17.0.2:42755|priority:0, b057ab2e-0df4-4064-b246-7cb4ffc66d9d|rpc:172.17.0.2:38959|priority:1], old=null, confs=<EMPTY_MAP>
2021-01-11 12:57:14,403 [pool-67-thread-1] INFO  server.RaftServerConfigKeys (ConfUtils.java:logGet(44)) - raft.server.storage.dir = [/github/workspace/mnt/ozone/hadoop-ozone/integration-test/target/test-dir/MiniOzoneClusterImpl-8fb96eea-81cb-44ec-9a2b-3e454d7fad19/datanode-0/data/ratis] (custom)
2021-01-11 12:57:14,404 [pool-67-thread-1] INFO  server.RaftServerConfigKeys (ConfUtils.java:logGet(44)) - raft.server.log.corruption.policy = EXCEPTION (default)
2021-01-11 12:57:14,404 [pool-67-thread-1] INFO  storage.RaftStorageDirectory (RaftStorageDirectoryImpl.java:analyzeStorage(132)) - The storage directory /github/workspace/mnt/ozone/hadoop-ozone/integration-test/target/test-dir/MiniOzoneClusterImpl-8fb96eea-81cb-44ec-9a2b-3e454d7fad19/datanode-0/data/ratis/67b15e51-f049-49ed-99ce-85286e2668c3 does not exist. Creating ...
2021-01-11 12:57:14,406 [pool-67-thread-1] INFO  storage.RaftStorageDirectory (RaftStorageDirectoryImpl.java:tryLock(215)) - Lock on /github/workspace/mnt/ozone/hadoop-ozone/integration-test/target/test-dir/MiniOzoneClusterImpl-8fb96eea-81cb-44ec-9a2b-3e454d7fad19/datanode-0/data/ratis/67b15e51-f049-49ed-99ce-85286e2668c3/in_use.lock acquired by nodename 2195@0df9a8009e06
2021-01-11 12:57:14,413 [pool-67-thread-1] INFO  storage.RaftStorage (RaftStorageImpl.java:format(87)) - Storage directory /github/workspace/mnt/ozone/hadoop-ozone/integration-test/target/test-dir/MiniOzoneClusterImpl-8fb96eea-81cb-44ec-9a2b-3e454d7fad19/datanode-0/data/ratis/67b15e51-f049-49ed-99ce-85286e2668c3 has been successfully formatted.
2021-01-11 12:57:14,413 [pool-67-thread-1] INFO  ratis.ContainerStateMachine (ContainerStateMachine.java:loadSnapshot(223)) - group-85286E2668C3: The snapshot info is null. Setting the last applied indexto:(t:0, i:~)
2021-01-11 12:57:14,414 [pool-67-thread-1] ERROR storage.RaftStorage (RaftStorageImpl.java:readRaftConfiguration(147)) - Failed reading configuration from file:/github/workspace/mnt/ozone/hadoop-ozone/integration-test/target/test-dir/MiniOzoneClusterImpl-8fb96eea-81cb-44ec-9a2b-3e454d7fad19/datanode-0/data/ratis/67b15e51-f049-49ed-99ce-85286e2668c3/current/raft-meta.conf
java.io.FileNotFoundException: /github/workspace/mnt/ozone/hadoop-ozone/integration-test/target/test-dir/MiniOzoneClusterImpl-8fb96eea-81cb-44ec-9a2b-3e454d7fad19/datanode-0/data/ratis/67b15e51-f049-49ed-99ce-85286e2668c3/current/raft-meta.conf (No such file or directory)
	at java.io.FileInputStream.open0(Native Method)
	at java.io.FileInputStream.open(FileInputStream.java:195)
	at java.io.FileInputStream.<init>(FileInputStream.java:138)
	at org.apache.ratis.server.storage.RaftStorageImpl.readRaftConfiguration(RaftStorageImpl.java:143)
	at org.apache.ratis.server.impl.ServerState.<init>(ServerState.java:113)
	at org.apache.ratis.server.impl.RaftServerImpl.<init>(RaftServerImpl.java:192)
	at org.apache.ratis.server.impl.RaftServerProxy.lambda$newRaftServerImpl$4(RaftServerProxy.java:266)
	at java.util.concurrent.CompletableFuture$AsyncSupply.run(CompletableFuture.java:1604)
	at java.util.concurrent.ThreadPoolExecutor.runWorker(ThreadPoolExecutor.java:1149)
	at java.util.concurrent.ThreadPoolExecutor$Worker.run(ThreadPoolExecutor.java:624)
	at java.lang.Thread.run(Thread.java:748)
2021-01-11 12:57:14,414 [pool-67-thread-1] INFO  server.RaftServerConfigKeys (ConfUtils.java:logGet(44)) - raft.server.notification.no-leader.timeout = 300s (custom)
2021-01-11 12:57:14,414 [pool-67-thread-1] INFO  server.RaftServerConfigKeys (ConfUtils.java:logGet(44)) - raft.server.log.use.memory = false (default)
2021-01-11 12:57:14,414 [pool-67-thread-1] INFO  server.RaftServerConfigKeys (ConfUtils.java:logGet(44)) - raft.server.log.purge.gap = 1000000 (custom)
2021-01-11 12:57:14,414 [pool-67-thread-1] INFO  server.RaftServerConfigKeys (ConfUtils.java:logGet(44)) - raft.server.log.appender.buffer.byte-limit = 33554432 (custom)
2021-01-11 12:57:14,414 [pool-67-thread-1] INFO  metrics.RatisMetrics (RatisMetrics.java:lambda$create$0(36)) - Creating Metrics Registry : ratis.log_worker.b057ab2e-0df4-4064-b246-7cb4ffc66d9d@group-85286E2668C3
2021-01-11 12:57:14,414 [pool-67-thread-1] INFO  server.RaftServerConfigKeys (ConfUtils.java:logGet(44)) - raft.server.log.segment.size.max = 1048576 (custom)
2021-01-11 12:57:14,415 [pool-67-thread-1] INFO  server.RaftServerConfigKeys (ConfUtils.java:logGet(44)) - raft.server.log.segment.cache.num.max = 2 (custom)
2021-01-11 12:57:14,415 [pool-67-thread-1] INFO  server.RaftServerConfigKeys (ConfUtils.java:logGet(44)) - raft.server.log.segment.cache.size.max = 200MB (=209715200) (default)
2021-01-11 12:57:14,415 [pool-67-thread-1] INFO  segmented.SegmentedRaftLogWorker (SegmentedRaftLogWorker.java:<init>(181)) - new b057ab2e-0df4-4064-b246-7cb4ffc66d9d@group-85286E2668C3-SegmentedRaftLogWorker for RaftStorageImpl:Storage Directory /github/workspace/mnt/ozone/hadoop-ozone/integration-test/target/test-dir/MiniOzoneClusterImpl-8fb96eea-81cb-44ec-9a2b-3e454d7fad19/datanode-0/data/ratis/67b15e51-f049-49ed-99ce-85286e2668c3
2021-01-11 12:57:14,415 [pool-67-thread-1] INFO  server.RaftServerConfigKeys (ConfUtils.java:logGet(44)) - raft.server.log.queue.byte-limit = 2147483647 (custom)
2021-01-11 12:57:14,415 [pool-67-thread-1] INFO  server.RaftServerConfigKeys (ConfUtils.java:logGet(44)) - raft.server.log.queue.element-limit = 1024 (custom)
2021-01-11 12:57:14,415 [pool-67-thread-1] INFO  server.RaftServerConfigKeys (ConfUtils.java:logGet(44)) - raft.server.log.segment.size.max = 1048576 (custom)
2021-01-11 12:57:14,415 [pool-67-thread-1] INFO  server.RaftServerConfigKeys (ConfUtils.java:logGet(44)) - raft.server.log.preallocated.size = 16384 (custom)
2021-01-11 12:57:14,415 [pool-67-thread-1] INFO  server.RaftServerConfigKeys (ConfUtils.java:logGet(44)) - raft.server.log.force.sync.num = 128 (default)
2021-01-11 12:57:14,415 [pool-67-thread-1] INFO  server.RaftServerConfigKeys (ConfUtils.java:logGet(44)) - raft.server.log.statemachine.data.sync = true (default)
2021-01-11 12:57:14,415 [pool-67-thread-1] INFO  server.RaftServerConfigKeys (ConfUtils.java:logGet(44)) - raft.server.log.statemachine.data.sync.timeout = 10s (default)
2021-01-11 12:57:14,415 [pool-67-thread-1] INFO  server.RaftServerConfigKeys (ConfUtils.java:logGet(44)) - raft.server.log.statemachine.data.sync.timeout.retry = -1 (default)
2021-01-11 12:57:14,430 [pool-67-thread-1] INFO  server.RaftServerConfigKeys (ConfUtils.java:logGet(44)) - raft.server.log.write.buffer.size = 1048576 (custom)
2021-01-11 12:57:14,431 [pool-67-thread-1] INFO  server.RaftServerConfigKeys (ConfUtils.java:logGet(44)) - raft.server.log.statemachine.data.caching.enabled = true (custom)
2021-01-11 12:57:14,431 [pool-67-thread-1] INFO  segmented.SegmentedRaftLogWorker (SegmentedRaftLogWorker.java:lambda$new$0(132)) - b057ab2e-0df4-4064-b246-7cb4ffc66d9d@group-85286E2668C3-SegmentedRaftLogWorker: flushIndex: setUnconditionally 0 -> -1
2021-01-11 12:57:14,431 [pool-67-thread-1] INFO  segmented.SegmentedRaftLogWorker (SegmentedRaftLogWorker.java:lambda$new$0(132)) - b057ab2e-0df4-4064-b246-7cb4ffc66d9d@group-85286E2668C3-SegmentedRaftLogWorker: safeCacheEvictIndex: setUnconditionally 0 -> -1
2021-01-11 12:57:14,432 [pool-67-thread-1] INFO  server.RaftServerConfigKeys (ConfUtils.java:logGet(44)) - raft.server.snapshot.auto.trigger.enabled = true (custom)
2021-01-11 12:57:14,432 [pool-67-thread-1] INFO  server.RaftServerConfigKeys (ConfUtils.java:logGet(44)) - raft.server.snapshot.auto.trigger.threshold = 10000 (custom)
2021-01-11 12:57:14,432 [pool-67-thread-1] INFO  server.RaftServerConfigKeys (ConfUtils.java:logGet(44)) - raft.server.snapshot.retention.file.num = 5 (custom)
2021-01-11 12:57:14,432 [pool-67-thread-1] INFO  server.RaftServerConfigKeys (ConfUtils.java:logGet(44)) - raft.server.log.purge.upto.snapshot.index = false (default)
2021-01-11 12:57:14,432 [pool-67-thread-1] INFO  server.RaftServerConfigKeys (ConfUtils.java:logGet(44)) - raft.server.retrycache.expirytime = 600000ms (custom)
2021-01-11 12:57:14,432 [pool-67-thread-1] INFO  server.RaftServerConfigKeys (ConfUtils.java:logGet(44)) - raft.server.retrycache.statistics.expirytime = 100?s (default)
2021-01-11 12:57:14,432 [pool-67-thread-1] INFO  metrics.RatisMetrics (RatisMetrics.java:lambda$create$0(36)) - Creating Metrics Registry : ratis.leader_election.b057ab2e-0df4-4064-b246-7cb4ffc66d9d@group-85286E2668C3
2021-01-11 12:57:14,432 [pool-67-thread-1] INFO  metrics.RatisMetrics (RatisMetrics.java:lambda$create$0(36)) - Creating Metrics Registry : ratis.server.b057ab2e-0df4-4064-b246-7cb4ffc66d9d@group-85286E2668C3
2021-01-11 12:57:14,434 [EventQueue-PipelineReportForOneReplicaPipelineSafeModeRule] INFO  safemode.SCMSafeModeManager (SCMSafeModeManager.java:validateSafeModeExitRules(214)) - AtleastOneDatanodeReportedRule rule is successfully validated
2021-01-11 12:57:14,434 [pool-67-thread-1] INFO  server.RaftServer$Division (RaftServerImpl.java:start(294)) - b057ab2e-0df4-4064-b246-7cb4ffc66d9d@group-85286E2668C3: start as a follower, conf=-1: [0f5c7db6-31a1-4b3e-82e6-84ec1a4dccba|rpc:172.17.0.2:40001|priority:0, 82f8c02a-15cf-48cc-925d-b57d5eaceec5|rpc:172.17.0.2:42755|priority:0, b057ab2e-0df4-4064-b246-7cb4ffc66d9d|rpc:172.17.0.2:38959|priority:1], old=null
2021-01-11 12:57:14,434 [grpc-default-executor-3] WARN  server.GrpcLogAppender (LogUtils.java:warn(122)) - omNode-2@group-523986131536->omNode-3-AppendLogResponseHandler: Failed appendEntries: org.apache.ratis.thirdparty.io.grpc.StatusRuntimeException: UNAVAILABLE: io exception
2021-01-11 12:57:14,434 [pool-67-thread-1] INFO  server.RaftServer$Division (RaftServerImpl.java:setRole(283)) - b057ab2e-0df4-4064-b246-7cb4ffc66d9d@group-85286E2668C3: changes role from      null to FOLLOWER at term 0 for startAsFollower
2021-01-11 12:57:14,435 [pool-67-thread-1] INFO  impl.RoleInfo (RoleInfo.java:updateAndGet(130)) - b057ab2e-0df4-4064-b246-7cb4ffc66d9d: start b057ab2e-0df4-4064-b246-7cb4ffc66d9d@group-85286E2668C3-FollowerState
2021-01-11 12:57:14,435 [pool-67-thread-1] INFO  util.JmxRegister (JmxRegister.java:tryRegister(44)) - Successfully registered JMX Bean with object name Ratis:service=RaftServer,group=group-85286E2668C3,id=b057ab2e-0df4-4064-b246-7cb4ffc66d9d
2021-01-11 12:57:14,435 [pool-67-thread-1] INFO  metrics.RatisMetrics (RatisMetrics.java:lambda$create$0(36)) - Creating Metrics Registry : ratis.state_machine.b057ab2e-0df4-4064-b246-7cb4ffc66d9d@group-85286E2668C3
2021-01-11 12:57:14,435 [EventQueue-OpenPipelineForHealthyPipelineSafeModeRule] INFO  safemode.SCMSafeModeManager (HealthyPipelineSafeModeRule.java:process(128)) - SCM in safe mode. Healthy pipelines reported count is 0, required healthy pipeline reported count is 1
2021-01-11 12:57:14,435 [grpc-default-executor-3] WARN  server.GrpcLogAppender (GrpcLogAppender.java:resetClient(111)) - omNode-2@group-523986131536->omNode-3-GrpcLogAppender: Leader has not got in touch with Follower omNode-2@group-523986131536->omNode-3(c-1,m0,n1, attendVote=true, lastRpcSendTime=1, lastRpcResponseTime=6404) yet, just keep nextIndex unchanged and retry.
2021-01-11 12:57:14,505 [Command processor thread] INFO  metrics.RatisMetrics (RatisMetrics.java:lambda$create$0(36)) - Creating Metrics Registry : ratis.client_message_metrics.client-D894932CA3B0->0f5c7db6-31a1-4b3e-82e6-84ec1a4dccba
2021-01-11 12:57:14,550 [grpc-default-executor-3] INFO  metrics.RatisMetrics (RatisMetrics.java:lambda$create$0(36)) - Creating Metrics Registry : ratis.server_message_metrics.0f5c7db6-31a1-4b3e-82e6-84ec1a4dccba
2021-01-11 12:57:14,558 [grpc-default-executor-3] INFO  server.RaftServer (RaftServerProxy.java:addNew(95)) - 0f5c7db6-31a1-4b3e-82e6-84ec1a4dccba: addNew group-85286E2668C3:[0f5c7db6-31a1-4b3e-82e6-84ec1a4dccba|rpc:172.17.0.2:40001|dataStream:|priority:0, 82f8c02a-15cf-48cc-925d-b57d5eaceec5|rpc:172.17.0.2:42755|dataStream:|priority:0, b057ab2e-0df4-4064-b246-7cb4ffc66d9d|rpc:172.17.0.2:38959|dataStream:|priority:1] returns group-85286E2668C3:java.util.concurrent.CompletableFuture@7392189e[Not completed]
2021-01-11 12:57:14,576 [pool-82-thread-1] INFO  server.RaftServer$Division (RaftServerImpl.java:<init>(179)) - 0f5c7db6-31a1-4b3e-82e6-84ec1a4dccba: new RaftServerImpl for group-85286E2668C3:[0f5c7db6-31a1-4b3e-82e6-84ec1a4dccba|rpc:172.17.0.2:40001|dataStream:|priority:0, 82f8c02a-15cf-48cc-925d-b57d5eaceec5|rpc:172.17.0.2:42755|dataStream:|priority:0, b057ab2e-0df4-4064-b246-7cb4ffc66d9d|rpc:172.17.0.2:38959|dataStream:|priority:1] with ContainerStateMachine:uninitialized
2021-01-11 12:57:14,577 [pool-82-thread-1] INFO  server.RaftServerConfigKeys (ConfUtils.java:logGet(44)) - raft.server.rpc.timeout.min = 5s (custom)
2021-01-11 12:57:14,577 [pool-82-thread-1] INFO  server.RaftServerConfigKeys (ConfUtils.java:logGet(44)) - raft.server.rpc.timeout.max = 5200ms (custom)
2021-01-11 12:57:14,578 [pool-82-thread-1] INFO  server.RaftServerConfigKeys (ConfUtils.java:logGet(44)) - raft.server.rpc.sleep.time = 25ms (default)
2021-01-11 12:57:14,578 [pool-82-thread-1] INFO  server.RaftServerConfigKeys (ConfUtils.java:logGet(44)) - raft.server.rpc.slowness.timeout = 300s (custom)
2021-01-11 12:57:14,578 [pool-82-thread-1] INFO  server.RaftServerConfigKeys (ConfUtils.java:logGet(44)) - raft.server.leaderelection.leader.step-down.wait-time = 10s (default)
2021-01-11 12:57:14,578 [pool-82-thread-1] INFO  server.RaftServerConfigKeys (ConfUtils.java:logGet(44)) - raft.server.sleep.deviation.threshold = 300ms (default)
2021-01-11 12:57:14,582 [pool-82-thread-1] INFO  server.RaftServerConfigKeys (ConfUtils.java:logGet(44)) - raft.server.log.appender.install.snapshot.enabled = false (custom)
2021-01-11 12:57:14,582 [pool-82-thread-1] INFO  server.RaftServer$Division (ServerState.java:<init>(103)) - 0f5c7db6-31a1-4b3e-82e6-84ec1a4dccba@group-85286E2668C3: ConfigurationManager, init=-1: [0f5c7db6-31a1-4b3e-82e6-84ec1a4dccba|rpc:172.17.0.2:40001|dataStream:|priority:0, 82f8c02a-15cf-48cc-925d-b57d5eaceec5|rpc:172.17.0.2:42755|dataStream:|priority:0, b057ab2e-0df4-4064-b246-7cb4ffc66d9d|rpc:172.17.0.2:38959|dataStream:|priority:1], old=null, confs=<EMPTY_MAP>
2021-01-11 12:57:14,582 [pool-82-thread-1] INFO  server.RaftServerConfigKeys (ConfUtils.java:logGet(44)) - raft.server.storage.dir = [/github/workspace/mnt/ozone/hadoop-ozone/integration-test/target/test-dir/MiniOzoneClusterImpl-8fb96eea-81cb-44ec-9a2b-3e454d7fad19/datanode-1/data/ratis] (custom)
2021-01-11 12:57:14,583 [pool-82-thread-1] INFO  server.RaftServerConfigKeys (ConfUtils.java:logGet(44)) - raft.server.log.corruption.policy = EXCEPTION (default)
2021-01-11 12:57:14,583 [pool-82-thread-1] INFO  storage.RaftStorageDirectory (RaftStorageDirectoryImpl.java:analyzeStorage(132)) - The storage directory /github/workspace/mnt/ozone/hadoop-ozone/integration-test/target/test-dir/MiniOzoneClusterImpl-8fb96eea-81cb-44ec-9a2b-3e454d7fad19/datanode-1/data/ratis/67b15e51-f049-49ed-99ce-85286e2668c3 does not exist. Creating ...
2021-01-11 12:57:14,584 [pool-82-thread-1] INFO  storage.RaftStorageDirectory (RaftStorageDirectoryImpl.java:tryLock(215)) - Lock on /github/workspace/mnt/ozone/hadoop-ozone/integration-test/target/test-dir/MiniOzoneClusterImpl-8fb96eea-81cb-44ec-9a2b-3e454d7fad19/datanode-1/data/ratis/67b15e51-f049-49ed-99ce-85286e2668c3/in_use.lock acquired by nodename 2195@0df9a8009e06
2021-01-11 12:57:14,585 [pool-82-thread-1] INFO  storage.RaftStorage (RaftStorageImpl.java:format(87)) - Storage directory /github/workspace/mnt/ozone/hadoop-ozone/integration-test/target/test-dir/MiniOzoneClusterImpl-8fb96eea-81cb-44ec-9a2b-3e454d7fad19/datanode-1/data/ratis/67b15e51-f049-49ed-99ce-85286e2668c3 has been successfully formatted.
2021-01-11 12:57:14,586 [pool-82-thread-1] INFO  ratis.ContainerStateMachine (ContainerStateMachine.java:loadSnapshot(223)) - group-85286E2668C3: The snapshot info is null. Setting the last applied indexto:(t:0, i:~)
2021-01-11 12:57:14,587 [pool-82-thread-1] ERROR storage.RaftStorage (RaftStorageImpl.java:readRaftConfiguration(147)) - Failed reading configuration from file:/github/workspace/mnt/ozone/hadoop-ozone/integration-test/target/test-dir/MiniOzoneClusterImpl-8fb96eea-81cb-44ec-9a2b-3e454d7fad19/datanode-1/data/ratis/67b15e51-f049-49ed-99ce-85286e2668c3/current/raft-meta.conf
java.io.FileNotFoundException: /github/workspace/mnt/ozone/hadoop-ozone/integration-test/target/test-dir/MiniOzoneClusterImpl-8fb96eea-81cb-44ec-9a2b-3e454d7fad19/datanode-1/data/ratis/67b15e51-f049-49ed-99ce-85286e2668c3/current/raft-meta.conf (No such file or directory)
	at java.io.FileInputStream.open0(Native Method)
	at java.io.FileInputStream.open(FileInputStream.java:195)
	at java.io.FileInputStream.<init>(FileInputStream.java:138)
	at org.apache.ratis.server.storage.RaftStorageImpl.readRaftConfiguration(RaftStorageImpl.java:143)
	at org.apache.ratis.server.impl.ServerState.<init>(ServerState.java:113)
	at org.apache.ratis.server.impl.RaftServerImpl.<init>(RaftServerImpl.java:192)
	at org.apache.ratis.server.impl.RaftServerProxy.lambda$newRaftServerImpl$4(RaftServerProxy.java:266)
	at java.util.concurrent.CompletableFuture$AsyncSupply.run(CompletableFuture.java:1604)
	at java.util.concurrent.ThreadPoolExecutor.runWorker(ThreadPoolExecutor.java:1149)
	at java.util.concurrent.ThreadPoolExecutor$Worker.run(ThreadPoolExecutor.java:624)
	at java.lang.Thread.run(Thread.java:748)
2021-01-11 12:57:14,588 [pool-82-thread-1] INFO  server.RaftServerConfigKeys (ConfUtils.java:logGet(44)) - raft.server.notification.no-leader.timeout = 300s (custom)
2021-01-11 12:57:14,588 [EventQueue-PipelineReportForOneReplicaPipelineSafeModeRule] INFO  safemode.SCMSafeModeManager (SCMSafeModeManager.java:validateSafeModeExitRules(214)) - AtleastOneDatanodeReportedRule rule is successfully validated
2021-01-11 12:57:14,588 [pool-82-thread-1] INFO  server.RaftServerConfigKeys (ConfUtils.java:logGet(44)) - raft.server.log.use.memory = false (default)
2021-01-11 12:57:14,592 [pool-82-thread-1] INFO  server.RaftServerConfigKeys (ConfUtils.java:logGet(44)) - raft.server.log.purge.gap = 1000000 (custom)
2021-01-11 12:57:14,592 [pool-82-thread-1] INFO  server.RaftServerConfigKeys (ConfUtils.java:logGet(44)) - raft.server.log.appender.buffer.byte-limit = 33554432 (custom)
2021-01-11 12:57:14,592 [pool-82-thread-1] INFO  metrics.RatisMetrics (RatisMetrics.java:lambda$create$0(36)) - Creating Metrics Registry : ratis.log_worker.0f5c7db6-31a1-4b3e-82e6-84ec1a4dccba@group-85286E2668C3
2021-01-11 12:57:14,593 [pool-82-thread-1] INFO  server.RaftServerConfigKeys (ConfUtils.java:logGet(44)) - raft.server.log.segment.size.max = 1048576 (custom)
2021-01-11 12:57:14,593 [pool-82-thread-1] INFO  server.RaftServerConfigKeys (ConfUtils.java:logGet(44)) - raft.server.log.segment.cache.num.max = 2 (custom)
2021-01-11 12:57:14,593 [pool-82-thread-1] INFO  server.RaftServerConfigKeys (ConfUtils.java:logGet(44)) - raft.server.log.segment.cache.size.max = 200MB (=209715200) (default)
2021-01-11 12:57:14,593 [pool-82-thread-1] INFO  segmented.SegmentedRaftLogWorker (SegmentedRaftLogWorker.java:<init>(181)) - new 0f5c7db6-31a1-4b3e-82e6-84ec1a4dccba@group-85286E2668C3-SegmentedRaftLogWorker for RaftStorageImpl:Storage Directory /github/workspace/mnt/ozone/hadoop-ozone/integration-test/target/test-dir/MiniOzoneClusterImpl-8fb96eea-81cb-44ec-9a2b-3e454d7fad19/datanode-1/data/ratis/67b15e51-f049-49ed-99ce-85286e2668c3
2021-01-11 12:57:14,593 [pool-82-thread-1] INFO  server.RaftServerConfigKeys (ConfUtils.java:logGet(44)) - raft.server.log.queue.byte-limit = 2147483647 (custom)
2021-01-11 12:57:14,594 [pool-82-thread-1] INFO  server.RaftServerConfigKeys (ConfUtils.java:logGet(44)) - raft.server.log.queue.element-limit = 1024 (custom)
2021-01-11 12:57:14,594 [pool-82-thread-1] INFO  server.RaftServerConfigKeys (ConfUtils.java:logGet(44)) - raft.server.log.segment.size.max = 1048576 (custom)
2021-01-11 12:57:14,594 [pool-82-thread-1] INFO  server.RaftServerConfigKeys (ConfUtils.java:logGet(44)) - raft.server.log.preallocated.size = 16384 (custom)
2021-01-11 12:57:14,594 [pool-82-thread-1] INFO  server.RaftServerConfigKeys (ConfUtils.java:logGet(44)) - raft.server.log.force.sync.num = 128 (default)
2021-01-11 12:57:14,594 [pool-82-thread-1] INFO  server.RaftServerConfigKeys (ConfUtils.java:logGet(44)) - raft.server.log.statemachine.data.sync = true (default)
2021-01-11 12:57:14,594 [pool-82-thread-1] INFO  server.RaftServerConfigKeys (ConfUtils.java:logGet(44)) - raft.server.log.statemachine.data.sync.timeout = 10s (default)
2021-01-11 12:57:14,594 [pool-82-thread-1] INFO  server.RaftServerConfigKeys (ConfUtils.java:logGet(44)) - raft.server.log.statemachine.data.sync.timeout.retry = -1 (default)
2021-01-11 12:57:14,595 [pool-82-thread-1] INFO  server.RaftServerConfigKeys (ConfUtils.java:logGet(44)) - raft.server.log.write.buffer.size = 1048576 (custom)
2021-01-11 12:57:14,598 [pool-82-thread-1] INFO  server.RaftServerConfigKeys (ConfUtils.java:logGet(44)) - raft.server.log.statemachine.data.caching.enabled = true (custom)
2021-01-11 12:57:14,602 [pool-82-thread-1] INFO  segmented.SegmentedRaftLogWorker (SegmentedRaftLogWorker.java:lambda$new$0(132)) - 0f5c7db6-31a1-4b3e-82e6-84ec1a4dccba@group-85286E2668C3-SegmentedRaftLogWorker: flushIndex: setUnconditionally 0 -> -1
2021-01-11 12:57:14,603 [pool-82-thread-1] INFO  segmented.SegmentedRaftLogWorker (SegmentedRaftLogWorker.java:lambda$new$0(132)) - 0f5c7db6-31a1-4b3e-82e6-84ec1a4dccba@group-85286E2668C3-SegmentedRaftLogWorker: safeCacheEvictIndex: setUnconditionally 0 -> -1
2021-01-11 12:57:14,605 [pool-82-thread-1] INFO  server.RaftServerConfigKeys (ConfUtils.java:logGet(44)) - raft.server.snapshot.auto.trigger.enabled = true (custom)
2021-01-11 12:57:14,605 [pool-82-thread-1] INFO  server.RaftServerConfigKeys (ConfUtils.java:logGet(44)) - raft.server.snapshot.auto.trigger.threshold = 10000 (custom)
2021-01-11 12:57:14,605 [pool-82-thread-1] INFO  server.RaftServerConfigKeys (ConfUtils.java:logGet(44)) - raft.server.snapshot.retention.file.num = 5 (custom)
2021-01-11 12:57:14,605 [pool-82-thread-1] INFO  server.RaftServerConfigKeys (ConfUtils.java:logGet(44)) - raft.server.log.purge.upto.snapshot.index = false (default)
2021-01-11 12:57:14,605 [pool-82-thread-1] INFO  server.RaftServerConfigKeys (ConfUtils.java:logGet(44)) - raft.server.retrycache.expirytime = 600000ms (custom)
2021-01-11 12:57:14,605 [pool-82-thread-1] INFO  server.RaftServerConfigKeys (ConfUtils.java:logGet(44)) - raft.server.retrycache.statistics.expirytime = 100?s (default)
2021-01-11 12:57:14,606 [pool-82-thread-1] INFO  metrics.RatisMetrics (RatisMetrics.java:lambda$create$0(36)) - Creating Metrics Registry : ratis.leader_election.0f5c7db6-31a1-4b3e-82e6-84ec1a4dccba@group-85286E2668C3
2021-01-11 12:57:14,606 [pool-82-thread-1] INFO  metrics.RatisMetrics (RatisMetrics.java:lambda$create$0(36)) - Creating Metrics Registry : ratis.server.0f5c7db6-31a1-4b3e-82e6-84ec1a4dccba@group-85286E2668C3
2021-01-11 12:57:14,607 [pool-82-thread-1] INFO  server.RaftServer$Division (RaftServerImpl.java:start(294)) - 0f5c7db6-31a1-4b3e-82e6-84ec1a4dccba@group-85286E2668C3: start as a follower, conf=-1: [0f5c7db6-31a1-4b3e-82e6-84ec1a4dccba|rpc:172.17.0.2:40001|dataStream:|priority:0, 82f8c02a-15cf-48cc-925d-b57d5eaceec5|rpc:172.17.0.2:42755|dataStream:|priority:0, b057ab2e-0df4-4064-b246-7cb4ffc66d9d|rpc:172.17.0.2:38959|dataStream:|priority:1], old=null
2021-01-11 12:57:14,607 [pool-82-thread-1] INFO  server.RaftServer$Division (RaftServerImpl.java:setRole(283)) - 0f5c7db6-31a1-4b3e-82e6-84ec1a4dccba@group-85286E2668C3: changes role from      null to FOLLOWER at term 0 for startAsFollower
2021-01-11 12:57:14,607 [pool-82-thread-1] INFO  impl.RoleInfo (RoleInfo.java:updateAndGet(130)) - 0f5c7db6-31a1-4b3e-82e6-84ec1a4dccba: start 0f5c7db6-31a1-4b3e-82e6-84ec1a4dccba@group-85286E2668C3-FollowerState
2021-01-11 12:57:14,613 [pool-82-thread-1] INFO  util.JmxRegister (JmxRegister.java:tryRegister(44)) - Successfully registered JMX Bean with object name Ratis:service=RaftServer,group=group-85286E2668C3,id=0f5c7db6-31a1-4b3e-82e6-84ec1a4dccba
2021-01-11 12:57:14,620 [pool-82-thread-1] INFO  metrics.RatisMetrics (RatisMetrics.java:lambda$create$0(36)) - Creating Metrics Registry : ratis.state_machine.0f5c7db6-31a1-4b3e-82e6-84ec1a4dccba@group-85286E2668C3
2021-01-11 12:57:14,658 [Command processor thread] INFO  metrics.RatisMetrics (RatisMetrics.java:lambda$create$0(36)) - Creating Metrics Registry : ratis.client_message_metrics.client-3D1FDDF97120->82f8c02a-15cf-48cc-925d-b57d5eaceec5
2021-01-11 12:57:14,671 [grpc-default-executor-3] INFO  metrics.RatisMetrics (RatisMetrics.java:lambda$create$0(36)) - Creating Metrics Registry : ratis.server_message_metrics.82f8c02a-15cf-48cc-925d-b57d5eaceec5
2021-01-11 12:57:14,677 [grpc-default-executor-3] INFO  server.RaftServer (RaftServerProxy.java:addNew(95)) - 82f8c02a-15cf-48cc-925d-b57d5eaceec5: addNew group-85286E2668C3:[0f5c7db6-31a1-4b3e-82e6-84ec1a4dccba|rpc:172.17.0.2:40001|dataStream:|priority:0, 82f8c02a-15cf-48cc-925d-b57d5eaceec5|rpc:172.17.0.2:42755|dataStream:|priority:0, b057ab2e-0df4-4064-b246-7cb4ffc66d9d|rpc:172.17.0.2:38959|dataStream:|priority:1] returns group-85286E2668C3:java.util.concurrent.CompletableFuture@1bc960f3[Not completed]
2021-01-11 12:57:14,693 [pool-99-thread-1] INFO  server.RaftServer$Division (RaftServerImpl.java:<init>(179)) - 82f8c02a-15cf-48cc-925d-b57d5eaceec5: new RaftServerImpl for group-85286E2668C3:[0f5c7db6-31a1-4b3e-82e6-84ec1a4dccba|rpc:172.17.0.2:40001|dataStream:|priority:0, 82f8c02a-15cf-48cc-925d-b57d5eaceec5|rpc:172.17.0.2:42755|dataStream:|priority:0, b057ab2e-0df4-4064-b246-7cb4ffc66d9d|rpc:172.17.0.2:38959|dataStream:|priority:1] with ContainerStateMachine:uninitialized
2021-01-11 12:57:14,694 [pool-99-thread-1] INFO  server.RaftServerConfigKeys (ConfUtils.java:logGet(44)) - raft.server.rpc.timeout.min = 5s (custom)
2021-01-11 12:57:14,694 [pool-99-thread-1] INFO  server.RaftServerConfigKeys (ConfUtils.java:logGet(44)) - raft.server.rpc.timeout.max = 5200ms (custom)
2021-01-11 12:57:14,694 [pool-99-thread-1] INFO  server.RaftServerConfigKeys (ConfUtils.java:logGet(44)) - raft.server.rpc.sleep.time = 25ms (default)
2021-01-11 12:57:14,694 [pool-99-thread-1] INFO  server.RaftServerConfigKeys (ConfUtils.java:logGet(44)) - raft.server.rpc.slowness.timeout = 300s (custom)
2021-01-11 12:57:14,694 [pool-99-thread-1] INFO  server.RaftServerConfigKeys (ConfUtils.java:logGet(44)) - raft.server.leaderelection.leader.step-down.wait-time = 10s (default)
2021-01-11 12:57:14,694 [pool-99-thread-1] INFO  server.RaftServerConfigKeys (ConfUtils.java:logGet(44)) - raft.server.sleep.deviation.threshold = 300ms (default)
2021-01-11 12:57:14,695 [pool-99-thread-1] INFO  server.RaftServerConfigKeys (ConfUtils.java:logGet(44)) - raft.server.log.appender.install.snapshot.enabled = false (custom)
2021-01-11 12:57:14,695 [pool-99-thread-1] INFO  server.RaftServer$Division (ServerState.java:<init>(103)) - 82f8c02a-15cf-48cc-925d-b57d5eaceec5@group-85286E2668C3: ConfigurationManager, init=-1: [0f5c7db6-31a1-4b3e-82e6-84ec1a4dccba|rpc:172.17.0.2:40001|dataStream:|priority:0, 82f8c02a-15cf-48cc-925d-b57d5eaceec5|rpc:172.17.0.2:42755|dataStream:|priority:0, b057ab2e-0df4-4064-b246-7cb4ffc66d9d|rpc:172.17.0.2:38959|dataStream:|priority:1], old=null, confs=<EMPTY_MAP>
2021-01-11 12:57:14,695 [pool-99-thread-1] INFO  server.RaftServerConfigKeys (ConfUtils.java:logGet(44)) - raft.server.storage.dir = [/github/workspace/mnt/ozone/hadoop-ozone/integration-test/target/test-dir/MiniOzoneClusterImpl-8fb96eea-81cb-44ec-9a2b-3e454d7fad19/datanode-2/data/ratis] (custom)
2021-01-11 12:57:14,695 [pool-99-thread-1] INFO  server.RaftServerConfigKeys (ConfUtils.java:logGet(44)) - raft.server.log.corruption.policy = EXCEPTION (default)
2021-01-11 12:57:14,695 [pool-99-thread-1] INFO  storage.RaftStorageDirectory (RaftStorageDirectoryImpl.java:analyzeStorage(132)) - The storage directory /github/workspace/mnt/ozone/hadoop-ozone/integration-test/target/test-dir/MiniOzoneClusterImpl-8fb96eea-81cb-44ec-9a2b-3e454d7fad19/datanode-2/data/ratis/67b15e51-f049-49ed-99ce-85286e2668c3 does not exist. Creating ...
2021-01-11 12:57:14,697 [pool-99-thread-1] INFO  storage.RaftStorageDirectory (RaftStorageDirectoryImpl.java:tryLock(215)) - Lock on /github/workspace/mnt/ozone/hadoop-ozone/integration-test/target/test-dir/MiniOzoneClusterImpl-8fb96eea-81cb-44ec-9a2b-3e454d7fad19/datanode-2/data/ratis/67b15e51-f049-49ed-99ce-85286e2668c3/in_use.lock acquired by nodename 2195@0df9a8009e06
2021-01-11 12:57:14,698 [pool-99-thread-1] INFO  storage.RaftStorage (RaftStorageImpl.java:format(87)) - Storage directory /github/workspace/mnt/ozone/hadoop-ozone/integration-test/target/test-dir/MiniOzoneClusterImpl-8fb96eea-81cb-44ec-9a2b-3e454d7fad19/datanode-2/data/ratis/67b15e51-f049-49ed-99ce-85286e2668c3 has been successfully formatted.
2021-01-11 12:57:14,699 [pool-99-thread-1] INFO  ratis.ContainerStateMachine (ContainerStateMachine.java:loadSnapshot(223)) - group-85286E2668C3: The snapshot info is null. Setting the last applied indexto:(t:0, i:~)
2021-01-11 12:57:14,701 [pool-99-thread-1] ERROR storage.RaftStorage (RaftStorageImpl.java:readRaftConfiguration(147)) - Failed reading configuration from file:/github/workspace/mnt/ozone/hadoop-ozone/integration-test/target/test-dir/MiniOzoneClusterImpl-8fb96eea-81cb-44ec-9a2b-3e454d7fad19/datanode-2/data/ratis/67b15e51-f049-49ed-99ce-85286e2668c3/current/raft-meta.conf
java.io.FileNotFoundException: /github/workspace/mnt/ozone/hadoop-ozone/integration-test/target/test-dir/MiniOzoneClusterImpl-8fb96eea-81cb-44ec-9a2b-3e454d7fad19/datanode-2/data/ratis/67b15e51-f049-49ed-99ce-85286e2668c3/current/raft-meta.conf (No such file or directory)
	at java.io.FileInputStream.open0(Native Method)
	at java.io.FileInputStream.open(FileInputStream.java:195)
	at java.io.FileInputStream.<init>(FileInputStream.java:138)
	at org.apache.ratis.server.storage.RaftStorageImpl.readRaftConfiguration(RaftStorageImpl.java:143)
	at org.apache.ratis.server.impl.ServerState.<init>(ServerState.java:113)
	at org.apache.ratis.server.impl.RaftServerImpl.<init>(RaftServerImpl.java:192)
	at org.apache.ratis.server.impl.RaftServerProxy.lambda$newRaftServerImpl$4(RaftServerProxy.java:266)
	at java.util.concurrent.CompletableFuture$AsyncSupply.run(CompletableFuture.java:1604)
	at java.util.concurrent.ThreadPoolExecutor.runWorker(ThreadPoolExecutor.java:1149)
	at java.util.concurrent.ThreadPoolExecutor$Worker.run(ThreadPoolExecutor.java:624)
	at java.lang.Thread.run(Thread.java:748)
2021-01-11 12:57:14,702 [EventQueue-PipelineReportForOneReplicaPipelineSafeModeRule] INFO  safemode.SCMSafeModeManager (SCMSafeModeManager.java:validateSafeModeExitRules(214)) - AtleastOneDatanodeReportedRule rule is successfully validated
2021-01-11 12:57:14,702 [pool-99-thread-1] INFO  server.RaftServerConfigKeys (ConfUtils.java:logGet(44)) - raft.server.notification.no-leader.timeout = 300s (custom)
2021-01-11 12:57:14,703 [pool-99-thread-1] INFO  server.RaftServerConfigKeys (ConfUtils.java:logGet(44)) - raft.server.log.use.memory = false (default)
2021-01-11 12:57:14,703 [pool-99-thread-1] INFO  server.RaftServerConfigKeys (ConfUtils.java:logGet(44)) - raft.server.log.purge.gap = 1000000 (custom)
2021-01-11 12:57:14,703 [pool-99-thread-1] INFO  server.RaftServerConfigKeys (ConfUtils.java:logGet(44)) - raft.server.log.appender.buffer.byte-limit = 33554432 (custom)
2021-01-11 12:57:14,703 [pool-99-thread-1] INFO  metrics.RatisMetrics (RatisMetrics.java:lambda$create$0(36)) - Creating Metrics Registry : ratis.log_worker.82f8c02a-15cf-48cc-925d-b57d5eaceec5@group-85286E2668C3
2021-01-11 12:57:14,703 [pool-99-thread-1] INFO  server.RaftServerConfigKeys (ConfUtils.java:logGet(44)) - raft.server.log.segment.size.max = 1048576 (custom)
2021-01-11 12:57:14,704 [pool-99-thread-1] INFO  server.RaftServerConfigKeys (ConfUtils.java:logGet(44)) - raft.server.log.segment.cache.num.max = 2 (custom)
2021-01-11 12:57:14,704 [pool-99-thread-1] INFO  server.RaftServerConfigKeys (ConfUtils.java:logGet(44)) - raft.server.log.segment.cache.size.max = 200MB (=209715200) (default)
2021-01-11 12:57:14,704 [pool-99-thread-1] INFO  segmented.SegmentedRaftLogWorker (SegmentedRaftLogWorker.java:<init>(181)) - new 82f8c02a-15cf-48cc-925d-b57d5eaceec5@group-85286E2668C3-SegmentedRaftLogWorker for RaftStorageImpl:Storage Directory /github/workspace/mnt/ozone/hadoop-ozone/integration-test/target/test-dir/MiniOzoneClusterImpl-8fb96eea-81cb-44ec-9a2b-3e454d7fad19/datanode-2/data/ratis/67b15e51-f049-49ed-99ce-85286e2668c3
2021-01-11 12:57:14,704 [pool-99-thread-1] INFO  server.RaftServerConfigKeys (ConfUtils.java:logGet(44)) - raft.server.log.queue.byte-limit = 2147483647 (custom)
2021-01-11 12:57:14,704 [pool-99-thread-1] INFO  server.RaftServerConfigKeys (ConfUtils.java:logGet(44)) - raft.server.log.queue.element-limit = 1024 (custom)
2021-01-11 12:57:14,704 [pool-99-thread-1] INFO  server.RaftServerConfigKeys (ConfUtils.java:logGet(44)) - raft.server.log.segment.size.max = 1048576 (custom)
2021-01-11 12:57:14,704 [pool-99-thread-1] INFO  server.RaftServerConfigKeys (ConfUtils.java:logGet(44)) - raft.server.log.preallocated.size = 16384 (custom)
2021-01-11 12:57:14,704 [pool-99-thread-1] INFO  server.RaftServerConfigKeys (ConfUtils.java:logGet(44)) - raft.server.log.force.sync.num = 128 (default)
2021-01-11 12:57:14,704 [pool-99-thread-1] INFO  server.RaftServerConfigKeys (ConfUtils.java:logGet(44)) - raft.server.log.statemachine.data.sync = true (default)
2021-01-11 12:57:14,704 [pool-99-thread-1] INFO  server.RaftServerConfigKeys (ConfUtils.java:logGet(44)) - raft.server.log.statemachine.data.sync.timeout = 10s (default)
2021-01-11 12:57:14,704 [pool-99-thread-1] INFO  server.RaftServerConfigKeys (ConfUtils.java:logGet(44)) - raft.server.log.statemachine.data.sync.timeout.retry = -1 (default)
2021-01-11 12:57:14,705 [pool-99-thread-1] INFO  server.RaftServerConfigKeys (ConfUtils.java:logGet(44)) - raft.server.log.write.buffer.size = 1048576 (custom)
2021-01-11 12:57:14,705 [pool-99-thread-1] INFO  server.RaftServerConfigKeys (ConfUtils.java:logGet(44)) - raft.server.log.statemachine.data.caching.enabled = true (custom)
2021-01-11 12:57:14,706 [pool-99-thread-1] INFO  segmented.SegmentedRaftLogWorker (SegmentedRaftLogWorker.java:lambda$new$0(132)) - 82f8c02a-15cf-48cc-925d-b57d5eaceec5@group-85286E2668C3-SegmentedRaftLogWorker: flushIndex: setUnconditionally 0 -> -1
2021-01-11 12:57:14,706 [pool-99-thread-1] INFO  segmented.SegmentedRaftLogWorker (SegmentedRaftLogWorker.java:lambda$new$0(132)) - 82f8c02a-15cf-48cc-925d-b57d5eaceec5@group-85286E2668C3-SegmentedRaftLogWorker: safeCacheEvictIndex: setUnconditionally 0 -> -1
2021-01-11 12:57:14,706 [pool-99-thread-1] INFO  server.RaftServerConfigKeys (ConfUtils.java:logGet(44)) - raft.server.snapshot.auto.trigger.enabled = true (custom)
2021-01-11 12:57:14,706 [pool-99-thread-1] INFO  server.RaftServerConfigKeys (ConfUtils.java:logGet(44)) - raft.server.snapshot.auto.trigger.threshold = 10000 (custom)
2021-01-11 12:57:14,706 [pool-99-thread-1] INFO  server.RaftServerConfigKeys (ConfUtils.java:logGet(44)) - raft.server.snapshot.retention.file.num = 5 (custom)
2021-01-11 12:57:14,706 [pool-99-thread-1] INFO  server.RaftServerConfigKeys (ConfUtils.java:logGet(44)) - raft.server.log.purge.upto.snapshot.index = false (default)
2021-01-11 12:57:14,706 [pool-99-thread-1] INFO  server.RaftServerConfigKeys (ConfUtils.java:logGet(44)) - raft.server.retrycache.expirytime = 600000ms (custom)
2021-01-11 12:57:14,706 [pool-99-thread-1] INFO  server.RaftServerConfigKeys (ConfUtils.java:logGet(44)) - raft.server.retrycache.statistics.expirytime = 100?s (default)
2021-01-11 12:57:14,706 [pool-99-thread-1] INFO  metrics.RatisMetrics (RatisMetrics.java:lambda$create$0(36)) - Creating Metrics Registry : ratis.leader_election.82f8c02a-15cf-48cc-925d-b57d5eaceec5@group-85286E2668C3
2021-01-11 12:57:14,707 [pool-99-thread-1] INFO  metrics.RatisMetrics (RatisMetrics.java:lambda$create$0(36)) - Creating Metrics Registry : ratis.server.82f8c02a-15cf-48cc-925d-b57d5eaceec5@group-85286E2668C3
2021-01-11 12:57:14,708 [pool-99-thread-1] INFO  server.RaftServer$Division (RaftServerImpl.java:start(294)) - 82f8c02a-15cf-48cc-925d-b57d5eaceec5@group-85286E2668C3: start as a follower, conf=-1: [0f5c7db6-31a1-4b3e-82e6-84ec1a4dccba|rpc:172.17.0.2:40001|dataStream:|priority:0, 82f8c02a-15cf-48cc-925d-b57d5eaceec5|rpc:172.17.0.2:42755|dataStream:|priority:0, b057ab2e-0df4-4064-b246-7cb4ffc66d9d|rpc:172.17.0.2:38959|dataStream:|priority:1], old=null
2021-01-11 12:57:14,708 [pool-99-thread-1] INFO  server.RaftServer$Division (RaftServerImpl.java:setRole(283)) - 82f8c02a-15cf-48cc-925d-b57d5eaceec5@group-85286E2668C3: changes role from      null to FOLLOWER at term 0 for startAsFollower
2021-01-11 12:57:14,708 [pool-99-thread-1] INFO  impl.RoleInfo (RoleInfo.java:updateAndGet(130)) - 82f8c02a-15cf-48cc-925d-b57d5eaceec5: start 82f8c02a-15cf-48cc-925d-b57d5eaceec5@group-85286E2668C3-FollowerState
2021-01-11 12:57:14,717 [pool-99-thread-1] INFO  util.JmxRegister (JmxRegister.java:tryRegister(44)) - Successfully registered JMX Bean with object name Ratis:service=RaftServer,group=group-85286E2668C3,id=82f8c02a-15cf-48cc-925d-b57d5eaceec5
2021-01-11 12:57:14,717 [pool-99-thread-1] INFO  metrics.RatisMetrics (RatisMetrics.java:lambda$create$0(36)) - Creating Metrics Registry : ratis.state_machine.82f8c02a-15cf-48cc-925d-b57d5eaceec5@group-85286E2668C3
2021-01-11 12:57:14,733 [Command processor thread] INFO  commandhandler.CreatePipelineCommandHandler (CreatePipelineCommandHandler.java:handle(106)) - Created Pipeline RATIS THREE PipelineID=67b15e51-f049-49ed-99ce-85286e2668c3.
2021-01-11 12:57:14,733 [Command processor thread] INFO  server.RaftServer (RaftServerProxy.java:addNew(95)) - b057ab2e-0df4-4064-b246-7cb4ffc66d9d: addNew group-3B806CC34C64:[0f5c7db6-31a1-4b3e-82e6-84ec1a4dccba|rpc:172.17.0.2:40001|priority:1, 82f8c02a-15cf-48cc-925d-b57d5eaceec5|rpc:172.17.0.2:42755|priority:0, b057ab2e-0df4-4064-b246-7cb4ffc66d9d|rpc:172.17.0.2:38959|priority:0] returns group-3B806CC34C64:java.util.concurrent.CompletableFuture@4462d9e0[Not completed]
2021-01-11 12:57:14,734 [pool-67-thread-1] INFO  server.RaftServer$Division (RaftServerImpl.java:<init>(179)) - b057ab2e-0df4-4064-b246-7cb4ffc66d9d: new RaftServerImpl for group-3B806CC34C64:[0f5c7db6-31a1-4b3e-82e6-84ec1a4dccba|rpc:172.17.0.2:40001|priority:1, 82f8c02a-15cf-48cc-925d-b57d5eaceec5|rpc:172.17.0.2:42755|priority:0, b057ab2e-0df4-4064-b246-7cb4ffc66d9d|rpc:172.17.0.2:38959|priority:0] with ContainerStateMachine:uninitialized
2021-01-11 12:57:14,735 [pool-67-thread-1] INFO  server.RaftServerConfigKeys (ConfUtils.java:logGet(44)) - raft.server.rpc.timeout.min = 5s (custom)
2021-01-11 12:57:14,735 [pool-67-thread-1] INFO  server.RaftServerConfigKeys (ConfUtils.java:logGet(44)) - raft.server.rpc.timeout.max = 5200ms (custom)
2021-01-11 12:57:14,735 [pool-67-thread-1] INFO  server.RaftServerConfigKeys (ConfUtils.java:logGet(44)) - raft.server.rpc.sleep.time = 25ms (default)
2021-01-11 12:57:14,735 [pool-67-thread-1] INFO  server.RaftServerConfigKeys (ConfUtils.java:logGet(44)) - raft.server.rpc.slowness.timeout = 300s (custom)
2021-01-11 12:57:14,735 [pool-67-thread-1] INFO  server.RaftServerConfigKeys (ConfUtils.java:logGet(44)) - raft.server.leaderelection.leader.step-down.wait-time = 10s (default)
2021-01-11 12:57:14,735 [pool-67-thread-1] INFO  server.RaftServerConfigKeys (ConfUtils.java:logGet(44)) - raft.server.sleep.deviation.threshold = 300ms (default)
2021-01-11 12:57:14,735 [pool-67-thread-1] INFO  server.RaftServerConfigKeys (ConfUtils.java:logGet(44)) - raft.server.log.appender.install.snapshot.enabled = false (custom)
2021-01-11 12:57:14,735 [pool-67-thread-1] INFO  server.RaftServer$Division (ServerState.java:<init>(103)) - b057ab2e-0df4-4064-b246-7cb4ffc66d9d@group-3B806CC34C64: ConfigurationManager, init=-1: [0f5c7db6-31a1-4b3e-82e6-84ec1a4dccba|rpc:172.17.0.2:40001|priority:1, 82f8c02a-15cf-48cc-925d-b57d5eaceec5|rpc:172.17.0.2:42755|priority:0, b057ab2e-0df4-4064-b246-7cb4ffc66d9d|rpc:172.17.0.2:38959|priority:0], old=null, confs=<EMPTY_MAP>
2021-01-11 12:57:14,735 [pool-67-thread-1] INFO  server.RaftServerConfigKeys (ConfUtils.java:logGet(44)) - raft.server.storage.dir = [/github/workspace/mnt/ozone/hadoop-ozone/integration-test/target/test-dir/MiniOzoneClusterImpl-8fb96eea-81cb-44ec-9a2b-3e454d7fad19/datanode-0/data/ratis] (custom)
2021-01-11 12:57:14,735 [pool-67-thread-1] INFO  server.RaftServerConfigKeys (ConfUtils.java:logGet(44)) - raft.server.log.corruption.policy = EXCEPTION (default)
2021-01-11 12:57:14,735 [pool-67-thread-1] INFO  storage.RaftStorageDirectory (RaftStorageDirectoryImpl.java:analyzeStorage(132)) - The storage directory /github/workspace/mnt/ozone/hadoop-ozone/integration-test/target/test-dir/MiniOzoneClusterImpl-8fb96eea-81cb-44ec-9a2b-3e454d7fad19/datanode-0/data/ratis/673d9e53-1876-43b4-a65b-3b806cc34c64 does not exist. Creating ...
2021-01-11 12:57:14,737 [pool-67-thread-1] INFO  storage.RaftStorageDirectory (RaftStorageDirectoryImpl.java:tryLock(215)) - Lock on /github/workspace/mnt/ozone/hadoop-ozone/integration-test/target/test-dir/MiniOzoneClusterImpl-8fb96eea-81cb-44ec-9a2b-3e454d7fad19/datanode-0/data/ratis/673d9e53-1876-43b4-a65b-3b806cc34c64/in_use.lock acquired by nodename 2195@0df9a8009e06
2021-01-11 12:57:14,738 [pool-67-thread-1] INFO  storage.RaftStorage (RaftStorageImpl.java:format(87)) - Storage directory /github/workspace/mnt/ozone/hadoop-ozone/integration-test/target/test-dir/MiniOzoneClusterImpl-8fb96eea-81cb-44ec-9a2b-3e454d7fad19/datanode-0/data/ratis/673d9e53-1876-43b4-a65b-3b806cc34c64 has been successfully formatted.
2021-01-11 12:57:14,738 [pool-67-thread-1] INFO  ratis.ContainerStateMachine (ContainerStateMachine.java:loadSnapshot(223)) - group-3B806CC34C64: The snapshot info is null. Setting the last applied indexto:(t:0, i:~)
2021-01-11 12:57:14,739 [pool-67-thread-1] ERROR storage.RaftStorage (RaftStorageImpl.java:readRaftConfiguration(147)) - Failed reading configuration from file:/github/workspace/mnt/ozone/hadoop-ozone/integration-test/target/test-dir/MiniOzoneClusterImpl-8fb96eea-81cb-44ec-9a2b-3e454d7fad19/datanode-0/data/ratis/673d9e53-1876-43b4-a65b-3b806cc34c64/current/raft-meta.conf
java.io.FileNotFoundException: /github/workspace/mnt/ozone/hadoop-ozone/integration-test/target/test-dir/MiniOzoneClusterImpl-8fb96eea-81cb-44ec-9a2b-3e454d7fad19/datanode-0/data/ratis/673d9e53-1876-43b4-a65b-3b806cc34c64/current/raft-meta.conf (No such file or directory)
	at java.io.FileInputStream.open0(Native Method)
	at java.io.FileInputStream.open(FileInputStream.java:195)
	at java.io.FileInputStream.<init>(FileInputStream.java:138)
	at org.apache.ratis.server.storage.RaftStorageImpl.readRaftConfiguration(RaftStorageImpl.java:143)
	at org.apache.ratis.server.impl.ServerState.<init>(ServerState.java:113)
	at org.apache.ratis.server.impl.RaftServerImpl.<init>(RaftServerImpl.java:192)
	at org.apache.ratis.server.impl.RaftServerProxy.lambda$newRaftServerImpl$4(RaftServerProxy.java:266)
	at java.util.concurrent.CompletableFuture$AsyncSupply.run(CompletableFuture.java:1604)
	at java.util.concurrent.ThreadPoolExecutor.runWorker(ThreadPoolExecutor.java:1149)
	at java.util.concurrent.ThreadPoolExecutor$Worker.run(ThreadPoolExecutor.java:624)
	at java.lang.Thread.run(Thread.java:748)
2021-01-11 12:57:14,740 [EventQueue-PipelineReportForOneReplicaPipelineSafeModeRule] INFO  safemode.SCMSafeModeManager (SCMSafeModeManager.java:validateSafeModeExitRules(214)) - AtleastOneDatanodeReportedRule rule is successfully validated
2021-01-11 12:57:14,740 [EventQueue-OpenPipelineForHealthyPipelineSafeModeRule] INFO  safemode.SCMSafeModeManager (HealthyPipelineSafeModeRule.java:process(128)) - SCM in safe mode. Healthy pipelines reported count is 0, required healthy pipeline reported count is 1
2021-01-11 12:57:14,740 [pool-67-thread-1] INFO  server.RaftServerConfigKeys (ConfUtils.java:logGet(44)) - raft.server.notification.no-leader.timeout = 300s (custom)
2021-01-11 12:57:14,742 [pool-67-thread-1] INFO  server.RaftServerConfigKeys (ConfUtils.java:logGet(44)) - raft.server.log.use.memory = false (default)
2021-01-11 12:57:14,742 [pool-67-thread-1] INFO  server.RaftServerConfigKeys (ConfUtils.java:logGet(44)) - raft.server.log.purge.gap = 1000000 (custom)
2021-01-11 12:57:14,742 [pool-67-thread-1] INFO  server.RaftServerConfigKeys (ConfUtils.java:logGet(44)) - raft.server.log.appender.buffer.byte-limit = 33554432 (custom)
2021-01-11 12:57:14,742 [pool-67-thread-1] INFO  metrics.RatisMetrics (RatisMetrics.java:lambda$create$0(36)) - Creating Metrics Registry : ratis.log_worker.b057ab2e-0df4-4064-b246-7cb4ffc66d9d@group-3B806CC34C64
2021-01-11 12:57:14,742 [pool-67-thread-1] INFO  server.RaftServerConfigKeys (ConfUtils.java:logGet(44)) - raft.server.log.segment.size.max = 1048576 (custom)
2021-01-11 12:57:14,743 [pool-67-thread-1] INFO  server.RaftServerConfigKeys (ConfUtils.java:logGet(44)) - raft.server.log.segment.cache.num.max = 2 (custom)
2021-01-11 12:57:14,743 [pool-67-thread-1] INFO  server.RaftServerConfigKeys (ConfUtils.java:logGet(44)) - raft.server.log.segment.cache.size.max = 200MB (=209715200) (default)
2021-01-11 12:57:14,743 [pool-67-thread-1] INFO  segmented.SegmentedRaftLogWorker (SegmentedRaftLogWorker.java:<init>(181)) - new b057ab2e-0df4-4064-b246-7cb4ffc66d9d@group-3B806CC34C64-SegmentedRaftLogWorker for RaftStorageImpl:Storage Directory /github/workspace/mnt/ozone/hadoop-ozone/integration-test/target/test-dir/MiniOzoneClusterImpl-8fb96eea-81cb-44ec-9a2b-3e454d7fad19/datanode-0/data/ratis/673d9e53-1876-43b4-a65b-3b806cc34c64
2021-01-11 12:57:14,743 [pool-67-thread-1] INFO  server.RaftServerConfigKeys (ConfUtils.java:logGet(44)) - raft.server.log.queue.byte-limit = 2147483647 (custom)
2021-01-11 12:57:14,743 [pool-67-thread-1] INFO  server.RaftServerConfigKeys (ConfUtils.java:logGet(44)) - raft.server.log.queue.element-limit = 1024 (custom)
2021-01-11 12:57:14,743 [pool-67-thread-1] INFO  server.RaftServerConfigKeys (ConfUtils.java:logGet(44)) - raft.server.log.segment.size.max = 1048576 (custom)
2021-01-11 12:57:14,743 [pool-67-thread-1] INFO  server.RaftServerConfigKeys (ConfUtils.java:logGet(44)) - raft.server.log.preallocated.size = 16384 (custom)
2021-01-11 12:57:14,743 [pool-67-thread-1] INFO  server.RaftServerConfigKeys (ConfUtils.java:logGet(44)) - raft.server.log.force.sync.num = 128 (default)
2021-01-11 12:57:14,743 [pool-67-thread-1] INFO  server.RaftServerConfigKeys (ConfUtils.java:logGet(44)) - raft.server.log.statemachine.data.sync = true (default)
2021-01-11 12:57:14,743 [pool-67-thread-1] INFO  server.RaftServerConfigKeys (ConfUtils.java:logGet(44)) - raft.server.log.statemachine.data.sync.timeout = 10s (default)
2021-01-11 12:57:14,743 [pool-67-thread-1] INFO  server.RaftServerConfigKeys (ConfUtils.java:logGet(44)) - raft.server.log.statemachine.data.sync.timeout.retry = -1 (default)
2021-01-11 12:57:14,744 [pool-67-thread-1] INFO  server.RaftServerConfigKeys (ConfUtils.java:logGet(44)) - raft.server.log.write.buffer.size = 1048576 (custom)
2021-01-11 12:57:14,745 [pool-67-thread-1] INFO  server.RaftServerConfigKeys (ConfUtils.java:logGet(44)) - raft.server.log.statemachine.data.caching.enabled = true (custom)
2021-01-11 12:57:14,745 [pool-67-thread-1] INFO  segmented.SegmentedRaftLogWorker (SegmentedRaftLogWorker.java:lambda$new$0(132)) - b057ab2e-0df4-4064-b246-7cb4ffc66d9d@group-3B806CC34C64-SegmentedRaftLogWorker: flushIndex: setUnconditionally 0 -> -1
2021-01-11 12:57:14,745 [pool-67-thread-1] INFO  segmented.SegmentedRaftLogWorker (SegmentedRaftLogWorker.java:lambda$new$0(132)) - b057ab2e-0df4-4064-b246-7cb4ffc66d9d@group-3B806CC34C64-SegmentedRaftLogWorker: safeCacheEvictIndex: setUnconditionally 0 -> -1
2021-01-11 12:57:14,745 [pool-67-thread-1] INFO  server.RaftServerConfigKeys (ConfUtils.java:logGet(44)) - raft.server.snapshot.auto.trigger.enabled = true (custom)
2021-01-11 12:57:14,745 [pool-67-thread-1] INFO  server.RaftServerConfigKeys (ConfUtils.java:logGet(44)) - raft.server.snapshot.auto.trigger.threshold = 10000 (custom)
2021-01-11 12:57:14,745 [pool-67-thread-1] INFO  server.RaftServerConfigKeys (ConfUtils.java:logGet(44)) - raft.server.snapshot.retention.file.num = 5 (custom)
2021-01-11 12:57:14,745 [pool-67-thread-1] INFO  server.RaftServerConfigKeys (ConfUtils.java:logGet(44)) - raft.server.log.purge.upto.snapshot.index = false (default)
2021-01-11 12:57:14,745 [pool-67-thread-1] INFO  server.RaftServerConfigKeys (ConfUtils.java:logGet(44)) - raft.server.retrycache.expirytime = 600000ms (custom)
2021-01-11 12:57:14,745 [pool-67-thread-1] INFO  server.RaftServerConfigKeys (ConfUtils.java:logGet(44)) - raft.server.retrycache.statistics.expirytime = 100?s (default)
2021-01-11 12:57:14,746 [pool-67-thread-1] INFO  metrics.RatisMetrics (RatisMetrics.java:lambda$create$0(36)) - Creating Metrics Registry : ratis.leader_election.b057ab2e-0df4-4064-b246-7cb4ffc66d9d@group-3B806CC34C64
2021-01-11 12:57:14,746 [pool-67-thread-1] INFO  metrics.RatisMetrics (RatisMetrics.java:lambda$create$0(36)) - Creating Metrics Registry : ratis.server.b057ab2e-0df4-4064-b246-7cb4ffc66d9d@group-3B806CC34C64
2021-01-11 12:57:14,746 [pool-67-thread-1] INFO  server.RaftServer$Division (RaftServerImpl.java:start(294)) - b057ab2e-0df4-4064-b246-7cb4ffc66d9d@group-3B806CC34C64: start as a follower, conf=-1: [0f5c7db6-31a1-4b3e-82e6-84ec1a4dccba|rpc:172.17.0.2:40001|priority:1, 82f8c02a-15cf-48cc-925d-b57d5eaceec5|rpc:172.17.0.2:42755|priority:0, b057ab2e-0df4-4064-b246-7cb4ffc66d9d|rpc:172.17.0.2:38959|priority:0], old=null
2021-01-11 12:57:14,747 [pool-67-thread-1] INFO  server.RaftServer$Division (RaftServerImpl.java:setRole(283)) - b057ab2e-0df4-4064-b246-7cb4ffc66d9d@group-3B806CC34C64: changes role from      null to FOLLOWER at term 0 for startAsFollower
2021-01-11 12:57:14,747 [pool-67-thread-1] INFO  impl.RoleInfo (RoleInfo.java:updateAndGet(130)) - b057ab2e-0df4-4064-b246-7cb4ffc66d9d: start b057ab2e-0df4-4064-b246-7cb4ffc66d9d@group-3B806CC34C64-FollowerState
2021-01-11 12:57:14,757 [pool-67-thread-1] INFO  util.JmxRegister (JmxRegister.java:tryRegister(44)) - Successfully registered JMX Bean with object name Ratis:service=RaftServer,group=group-3B806CC34C64,id=b057ab2e-0df4-4064-b246-7cb4ffc66d9d
2021-01-11 12:57:14,757 [pool-67-thread-1] INFO  metrics.RatisMetrics (RatisMetrics.java:lambda$create$0(36)) - Creating Metrics Registry : ratis.state_machine.b057ab2e-0df4-4064-b246-7cb4ffc66d9d@group-3B806CC34C64
2021-01-11 12:57:14,763 [Command processor thread] INFO  metrics.RatisMetrics (RatisMetrics.java:lambda$create$0(36)) - Creating Metrics Registry : ratis.client_message_metrics.client-9854045D72CE->0f5c7db6-31a1-4b3e-82e6-84ec1a4dccba
2021-01-11 12:57:14,775 [grpc-default-executor-3] INFO  server.RaftServer (RaftServerProxy.java:addNew(95)) - 0f5c7db6-31a1-4b3e-82e6-84ec1a4dccba: addNew group-3B806CC34C64:[0f5c7db6-31a1-4b3e-82e6-84ec1a4dccba|rpc:172.17.0.2:40001|dataStream:|priority:1, 82f8c02a-15cf-48cc-925d-b57d5eaceec5|rpc:172.17.0.2:42755|dataStream:|priority:0, b057ab2e-0df4-4064-b246-7cb4ffc66d9d|rpc:172.17.0.2:38959|dataStream:|priority:0] returns group-3B806CC34C64:java.util.concurrent.CompletableFuture@154c2c95[Not completed]
2021-01-11 12:57:14,776 [pool-82-thread-1] INFO  server.RaftServer$Division (RaftServerImpl.java:<init>(179)) - 0f5c7db6-31a1-4b3e-82e6-84ec1a4dccba: new RaftServerImpl for group-3B806CC34C64:[0f5c7db6-31a1-4b3e-82e6-84ec1a4dccba|rpc:172.17.0.2:40001|dataStream:|priority:1, 82f8c02a-15cf-48cc-925d-b57d5eaceec5|rpc:172.17.0.2:42755|dataStream:|priority:0, b057ab2e-0df4-4064-b246-7cb4ffc66d9d|rpc:172.17.0.2:38959|dataStream:|priority:0] with ContainerStateMachine:uninitialized
2021-01-11 12:57:14,776 [pool-82-thread-1] INFO  server.RaftServerConfigKeys (ConfUtils.java:logGet(44)) - raft.server.rpc.timeout.min = 5s (custom)
2021-01-11 12:57:14,777 [pool-82-thread-1] INFO  server.RaftServerConfigKeys (ConfUtils.java:logGet(44)) - raft.server.rpc.timeout.max = 5200ms (custom)
2021-01-11 12:57:14,777 [pool-82-thread-1] INFO  server.RaftServerConfigKeys (ConfUtils.java:logGet(44)) - raft.server.rpc.sleep.time = 25ms (default)
2021-01-11 12:57:14,777 [pool-82-thread-1] INFO  server.RaftServerConfigKeys (ConfUtils.java:logGet(44)) - raft.server.rpc.slowness.timeout = 300s (custom)
2021-01-11 12:57:14,777 [pool-82-thread-1] INFO  server.RaftServerConfigKeys (ConfUtils.java:logGet(44)) - raft.server.leaderelection.leader.step-down.wait-time = 10s (default)
2021-01-11 12:57:14,777 [pool-82-thread-1] INFO  server.RaftServerConfigKeys (ConfUtils.java:logGet(44)) - raft.server.sleep.deviation.threshold = 300ms (default)
2021-01-11 12:57:14,777 [pool-82-thread-1] INFO  server.RaftServerConfigKeys (ConfUtils.java:logGet(44)) - raft.server.log.appender.install.snapshot.enabled = false (custom)
2021-01-11 12:57:14,777 [pool-82-thread-1] INFO  server.RaftServer$Division (ServerState.java:<init>(103)) - 0f5c7db6-31a1-4b3e-82e6-84ec1a4dccba@group-3B806CC34C64: ConfigurationManager, init=-1: [0f5c7db6-31a1-4b3e-82e6-84ec1a4dccba|rpc:172.17.0.2:40001|dataStream:|priority:1, 82f8c02a-15cf-48cc-925d-b57d5eaceec5|rpc:172.17.0.2:42755|dataStream:|priority:0, b057ab2e-0df4-4064-b246-7cb4ffc66d9d|rpc:172.17.0.2:38959|dataStream:|priority:0], old=null, confs=<EMPTY_MAP>
2021-01-11 12:57:14,777 [pool-82-thread-1] INFO  server.RaftServerConfigKeys (ConfUtils.java:logGet(44)) - raft.server.storage.dir = [/github/workspace/mnt/ozone/hadoop-ozone/integration-test/target/test-dir/MiniOzoneClusterImpl-8fb96eea-81cb-44ec-9a2b-3e454d7fad19/datanode-1/data/ratis] (custom)
2021-01-11 12:57:14,777 [pool-82-thread-1] INFO  server.RaftServerConfigKeys (ConfUtils.java:logGet(44)) - raft.server.log.corruption.policy = EXCEPTION (default)
2021-01-11 12:57:14,777 [pool-82-thread-1] INFO  storage.RaftStorageDirectory (RaftStorageDirectoryImpl.java:analyzeStorage(132)) - The storage directory /github/workspace/mnt/ozone/hadoop-ozone/integration-test/target/test-dir/MiniOzoneClusterImpl-8fb96eea-81cb-44ec-9a2b-3e454d7fad19/datanode-1/data/ratis/673d9e53-1876-43b4-a65b-3b806cc34c64 does not exist. Creating ...
2021-01-11 12:57:14,779 [pool-82-thread-1] INFO  storage.RaftStorageDirectory (RaftStorageDirectoryImpl.java:tryLock(215)) - Lock on /github/workspace/mnt/ozone/hadoop-ozone/integration-test/target/test-dir/MiniOzoneClusterImpl-8fb96eea-81cb-44ec-9a2b-3e454d7fad19/datanode-1/data/ratis/673d9e53-1876-43b4-a65b-3b806cc34c64/in_use.lock acquired by nodename 2195@0df9a8009e06
2021-01-11 12:57:14,781 [pool-82-thread-1] INFO  storage.RaftStorage (RaftStorageImpl.java:format(87)) - Storage directory /github/workspace/mnt/ozone/hadoop-ozone/integration-test/target/test-dir/MiniOzoneClusterImpl-8fb96eea-81cb-44ec-9a2b-3e454d7fad19/datanode-1/data/ratis/673d9e53-1876-43b4-a65b-3b806cc34c64 has been successfully formatted.
2021-01-11 12:57:14,781 [pool-82-thread-1] INFO  ratis.ContainerStateMachine (ContainerStateMachine.java:loadSnapshot(223)) - group-3B806CC34C64: The snapshot info is null. Setting the last applied indexto:(t:0, i:~)
2021-01-11 12:57:14,781 [pool-82-thread-1] ERROR storage.RaftStorage (RaftStorageImpl.java:readRaftConfiguration(147)) - Failed reading configuration from file:/github/workspace/mnt/ozone/hadoop-ozone/integration-test/target/test-dir/MiniOzoneClusterImpl-8fb96eea-81cb-44ec-9a2b-3e454d7fad19/datanode-1/data/ratis/673d9e53-1876-43b4-a65b-3b806cc34c64/current/raft-meta.conf
java.io.FileNotFoundException: /github/workspace/mnt/ozone/hadoop-ozone/integration-test/target/test-dir/MiniOzoneClusterImpl-8fb96eea-81cb-44ec-9a2b-3e454d7fad19/datanode-1/data/ratis/673d9e53-1876-43b4-a65b-3b806cc34c64/current/raft-meta.conf (No such file or directory)
	at java.io.FileInputStream.open0(Native Method)
	at java.io.FileInputStream.open(FileInputStream.java:195)
	at java.io.FileInputStream.<init>(FileInputStream.java:138)
	at org.apache.ratis.server.storage.RaftStorageImpl.readRaftConfiguration(RaftStorageImpl.java:143)
	at org.apache.ratis.server.impl.ServerState.<init>(ServerState.java:113)
	at org.apache.ratis.server.impl.RaftServerImpl.<init>(RaftServerImpl.java:192)
	at org.apache.ratis.server.impl.RaftServerProxy.lambda$newRaftServerImpl$4(RaftServerProxy.java:266)
	at java.util.concurrent.CompletableFuture$AsyncSupply.run(CompletableFuture.java:1604)
	at java.util.concurrent.ThreadPoolExecutor.runWorker(ThreadPoolExecutor.java:1149)
	at java.util.concurrent.ThreadPoolExecutor$Worker.run(ThreadPoolExecutor.java:624)
	at java.lang.Thread.run(Thread.java:748)
2021-01-11 12:57:14,782 [pool-82-thread-1] INFO  server.RaftServerConfigKeys (ConfUtils.java:logGet(44)) - raft.server.notification.no-leader.timeout = 300s (custom)
2021-01-11 12:57:14,782 [pool-82-thread-1] INFO  server.RaftServerConfigKeys (ConfUtils.java:logGet(44)) - raft.server.log.use.memory = false (default)
2021-01-11 12:57:14,782 [pool-82-thread-1] INFO  server.RaftServerConfigKeys (ConfUtils.java:logGet(44)) - raft.server.log.purge.gap = 1000000 (custom)
2021-01-11 12:57:14,782 [pool-82-thread-1] INFO  server.RaftServerConfigKeys (ConfUtils.java:logGet(44)) - raft.server.log.appender.buffer.byte-limit = 33554432 (custom)
2021-01-11 12:57:14,783 [pool-82-thread-1] INFO  metrics.RatisMetrics (RatisMetrics.java:lambda$create$0(36)) - Creating Metrics Registry : ratis.log_worker.0f5c7db6-31a1-4b3e-82e6-84ec1a4dccba@group-3B806CC34C64
2021-01-11 12:57:14,783 [EventQueue-PipelineReportForOneReplicaPipelineSafeModeRule] INFO  safemode.SCMSafeModeManager (SCMSafeModeManager.java:validateSafeModeExitRules(214)) - AtleastOneDatanodeReportedRule rule is successfully validated
2021-01-11 12:57:14,783 [pool-82-thread-1] INFO  server.RaftServerConfigKeys (ConfUtils.java:logGet(44)) - raft.server.log.segment.size.max = 1048576 (custom)
2021-01-11 12:57:14,785 [pool-82-thread-1] INFO  server.RaftServerConfigKeys (ConfUtils.java:logGet(44)) - raft.server.log.segment.cache.num.max = 2 (custom)
2021-01-11 12:57:14,785 [pool-82-thread-1] INFO  server.RaftServerConfigKeys (ConfUtils.java:logGet(44)) - raft.server.log.segment.cache.size.max = 200MB (=209715200) (default)
2021-01-11 12:57:14,785 [pool-82-thread-1] INFO  segmented.SegmentedRaftLogWorker (SegmentedRaftLogWorker.java:<init>(181)) - new 0f5c7db6-31a1-4b3e-82e6-84ec1a4dccba@group-3B806CC34C64-SegmentedRaftLogWorker for RaftStorageImpl:Storage Directory /github/workspace/mnt/ozone/hadoop-ozone/integration-test/target/test-dir/MiniOzoneClusterImpl-8fb96eea-81cb-44ec-9a2b-3e454d7fad19/datanode-1/data/ratis/673d9e53-1876-43b4-a65b-3b806cc34c64
2021-01-11 12:57:14,785 [pool-82-thread-1] INFO  server.RaftServerConfigKeys (ConfUtils.java:logGet(44)) - raft.server.log.queue.byte-limit = 2147483647 (custom)
2021-01-11 12:57:14,786 [pool-82-thread-1] INFO  server.RaftServerConfigKeys (ConfUtils.java:logGet(44)) - raft.server.log.queue.element-limit = 1024 (custom)
2021-01-11 12:57:14,786 [pool-82-thread-1] INFO  server.RaftServerConfigKeys (ConfUtils.java:logGet(44)) - raft.server.log.segment.size.max = 1048576 (custom)
2021-01-11 12:57:14,786 [pool-82-thread-1] INFO  server.RaftServerConfigKeys (ConfUtils.java:logGet(44)) - raft.server.log.preallocated.size = 16384 (custom)
2021-01-11 12:57:14,786 [pool-82-thread-1] INFO  server.RaftServerConfigKeys (ConfUtils.java:logGet(44)) - raft.server.log.force.sync.num = 128 (default)
2021-01-11 12:57:14,786 [pool-82-thread-1] INFO  server.RaftServerConfigKeys (ConfUtils.java:logGet(44)) - raft.server.log.statemachine.data.sync = true (default)
2021-01-11 12:57:14,786 [pool-82-thread-1] INFO  server.RaftServerConfigKeys (ConfUtils.java:logGet(44)) - raft.server.log.statemachine.data.sync.timeout = 10s (default)
2021-01-11 12:57:14,786 [pool-82-thread-1] INFO  server.RaftServerConfigKeys (ConfUtils.java:logGet(44)) - raft.server.log.statemachine.data.sync.timeout.retry = -1 (default)
2021-01-11 12:57:14,786 [pool-82-thread-1] INFO  server.RaftServerConfigKeys (ConfUtils.java:logGet(44)) - raft.server.log.write.buffer.size = 1048576 (custom)
2021-01-11 12:57:14,787 [pool-82-thread-1] INFO  server.RaftServerConfigKeys (ConfUtils.java:logGet(44)) - raft.server.log.statemachine.data.caching.enabled = true (custom)
2021-01-11 12:57:14,788 [pool-82-thread-1] INFO  segmented.SegmentedRaftLogWorker (SegmentedRaftLogWorker.java:lambda$new$0(132)) - 0f5c7db6-31a1-4b3e-82e6-84ec1a4dccba@group-3B806CC34C64-SegmentedRaftLogWorker: flushIndex: setUnconditionally 0 -> -1
2021-01-11 12:57:14,788 [pool-82-thread-1] INFO  segmented.SegmentedRaftLogWorker (SegmentedRaftLogWorker.java:lambda$new$0(132)) - 0f5c7db6-31a1-4b3e-82e6-84ec1a4dccba@group-3B806CC34C64-SegmentedRaftLogWorker: safeCacheEvictIndex: setUnconditionally 0 -> -1
2021-01-11 12:57:14,793 [pool-82-thread-1] INFO  server.RaftServerConfigKeys (ConfUtils.java:logGet(44)) - raft.server.snapshot.auto.trigger.enabled = true (custom)
2021-01-11 12:57:14,793 [pool-82-thread-1] INFO  server.RaftServerConfigKeys (ConfUtils.java:logGet(44)) - raft.server.snapshot.auto.trigger.threshold = 10000 (custom)
2021-01-11 12:57:14,793 [pool-82-thread-1] INFO  server.RaftServerConfigKeys (ConfUtils.java:logGet(44)) - raft.server.snapshot.retention.file.num = 5 (custom)
2021-01-11 12:57:14,793 [pool-82-thread-1] INFO  server.RaftServerConfigKeys (ConfUtils.java:logGet(44)) - raft.server.log.purge.upto.snapshot.index = false (default)
2021-01-11 12:57:14,793 [pool-82-thread-1] INFO  server.RaftServerConfigKeys (ConfUtils.java:logGet(44)) - raft.server.retrycache.expirytime = 600000ms (custom)
2021-01-11 12:57:14,793 [pool-82-thread-1] INFO  server.RaftServerConfigKeys (ConfUtils.java:logGet(44)) - raft.server.retrycache.statistics.expirytime = 100?s (default)
2021-01-11 12:57:14,793 [pool-82-thread-1] INFO  metrics.RatisMetrics (RatisMetrics.java:lambda$create$0(36)) - Creating Metrics Registry : ratis.leader_election.0f5c7db6-31a1-4b3e-82e6-84ec1a4dccba@group-3B806CC34C64
2021-01-11 12:57:14,794 [pool-82-thread-1] INFO  metrics.RatisMetrics (RatisMetrics.java:lambda$create$0(36)) - Creating Metrics Registry : ratis.server.0f5c7db6-31a1-4b3e-82e6-84ec1a4dccba@group-3B806CC34C64
2021-01-11 12:57:14,794 [pool-82-thread-1] INFO  server.RaftServer$Division (RaftServerImpl.java:start(294)) - 0f5c7db6-31a1-4b3e-82e6-84ec1a4dccba@group-3B806CC34C64: start as a follower, conf=-1: [0f5c7db6-31a1-4b3e-82e6-84ec1a4dccba|rpc:172.17.0.2:40001|dataStream:|priority:1, 82f8c02a-15cf-48cc-925d-b57d5eaceec5|rpc:172.17.0.2:42755|dataStream:|priority:0, b057ab2e-0df4-4064-b246-7cb4ffc66d9d|rpc:172.17.0.2:38959|dataStream:|priority:0], old=null
2021-01-11 12:57:14,794 [pool-82-thread-1] INFO  server.RaftServer$Division (RaftServerImpl.java:setRole(283)) - 0f5c7db6-31a1-4b3e-82e6-84ec1a4dccba@group-3B806CC34C64: changes role from      null to FOLLOWER at term 0 for startAsFollower
2021-01-11 12:57:14,795 [pool-82-thread-1] INFO  impl.RoleInfo (RoleInfo.java:updateAndGet(130)) - 0f5c7db6-31a1-4b3e-82e6-84ec1a4dccba: start 0f5c7db6-31a1-4b3e-82e6-84ec1a4dccba@group-3B806CC34C64-FollowerState
2021-01-11 12:57:14,800 [pool-82-thread-1] INFO  util.JmxRegister (JmxRegister.java:tryRegister(44)) - Successfully registered JMX Bean with object name Ratis:service=RaftServer,group=group-3B806CC34C64,id=0f5c7db6-31a1-4b3e-82e6-84ec1a4dccba
2021-01-11 12:57:14,801 [pool-82-thread-1] INFO  metrics.RatisMetrics (RatisMetrics.java:lambda$create$0(36)) - Creating Metrics Registry : ratis.state_machine.0f5c7db6-31a1-4b3e-82e6-84ec1a4dccba@group-3B806CC34C64
2021-01-11 12:57:14,834 [Command processor thread] INFO  server.RaftServer (RaftServerProxy.java:addNew(95)) - 0f5c7db6-31a1-4b3e-82e6-84ec1a4dccba: addNew group-E053A8FA01B7:[0f5c7db6-31a1-4b3e-82e6-84ec1a4dccba|rpc:172.17.0.2:40001|priority:1] returns group-E053A8FA01B7:java.util.concurrent.CompletableFuture@5ce93b5a[Not completed]
2021-01-11 12:57:14,835 [pool-82-thread-1] INFO  server.RaftServer$Division (RaftServerImpl.java:<init>(179)) - 0f5c7db6-31a1-4b3e-82e6-84ec1a4dccba: new RaftServerImpl for group-E053A8FA01B7:[0f5c7db6-31a1-4b3e-82e6-84ec1a4dccba|rpc:172.17.0.2:40001|priority:1] with ContainerStateMachine:uninitialized
2021-01-11 12:57:14,835 [pool-82-thread-1] INFO  server.RaftServerConfigKeys (ConfUtils.java:logGet(44)) - raft.server.rpc.timeout.min = 5s (custom)
2021-01-11 12:57:14,835 [pool-82-thread-1] INFO  server.RaftServerConfigKeys (ConfUtils.java:logGet(44)) - raft.server.rpc.timeout.max = 5200ms (custom)
2021-01-11 12:57:14,836 [pool-82-thread-1] INFO  server.RaftServerConfigKeys (ConfUtils.java:logGet(44)) - raft.server.rpc.sleep.time = 25ms (default)
2021-01-11 12:57:14,836 [pool-82-thread-1] INFO  server.RaftServerConfigKeys (ConfUtils.java:logGet(44)) - raft.server.rpc.slowness.timeout = 300s (custom)
2021-01-11 12:57:14,836 [pool-82-thread-1] INFO  server.RaftServerConfigKeys (ConfUtils.java:logGet(44)) - raft.server.leaderelection.leader.step-down.wait-time = 10s (default)
2021-01-11 12:57:14,836 [pool-82-thread-1] INFO  server.RaftServerConfigKeys (ConfUtils.java:logGet(44)) - raft.server.sleep.deviation.threshold = 300ms (default)
2021-01-11 12:57:14,836 [pool-82-thread-1] INFO  server.RaftServerConfigKeys (ConfUtils.java:logGet(44)) - raft.server.log.appender.install.snapshot.enabled = false (custom)
2021-01-11 12:57:14,836 [pool-82-thread-1] INFO  server.RaftServer$Division (ServerState.java:<init>(103)) - 0f5c7db6-31a1-4b3e-82e6-84ec1a4dccba@group-E053A8FA01B7: ConfigurationManager, init=-1: [0f5c7db6-31a1-4b3e-82e6-84ec1a4dccba|rpc:172.17.0.2:40001|priority:1], old=null, confs=<EMPTY_MAP>
2021-01-11 12:57:14,836 [pool-82-thread-1] INFO  server.RaftServerConfigKeys (ConfUtils.java:logGet(44)) - raft.server.storage.dir = [/github/workspace/mnt/ozone/hadoop-ozone/integration-test/target/test-dir/MiniOzoneClusterImpl-8fb96eea-81cb-44ec-9a2b-3e454d7fad19/datanode-1/data/ratis] (custom)
2021-01-11 12:57:14,836 [pool-82-thread-1] INFO  server.RaftServerConfigKeys (ConfUtils.java:logGet(44)) - raft.server.log.corruption.policy = EXCEPTION (default)
2021-01-11 12:57:14,836 [pool-82-thread-1] INFO  storage.RaftStorageDirectory (RaftStorageDirectoryImpl.java:analyzeStorage(132)) - The storage directory /github/workspace/mnt/ozone/hadoop-ozone/integration-test/target/test-dir/MiniOzoneClusterImpl-8fb96eea-81cb-44ec-9a2b-3e454d7fad19/datanode-1/data/ratis/2148ad4a-69ed-4058-b291-e053a8fa01b7 does not exist. Creating ...
2021-01-11 12:57:14,839 [pool-82-thread-1] INFO  storage.RaftStorageDirectory (RaftStorageDirectoryImpl.java:tryLock(215)) - Lock on /github/workspace/mnt/ozone/hadoop-ozone/integration-test/target/test-dir/MiniOzoneClusterImpl-8fb96eea-81cb-44ec-9a2b-3e454d7fad19/datanode-1/data/ratis/2148ad4a-69ed-4058-b291-e053a8fa01b7/in_use.lock acquired by nodename 2195@0df9a8009e06
2021-01-11 12:57:14,840 [pool-82-thread-1] INFO  storage.RaftStorage (RaftStorageImpl.java:format(87)) - Storage directory /github/workspace/mnt/ozone/hadoop-ozone/integration-test/target/test-dir/MiniOzoneClusterImpl-8fb96eea-81cb-44ec-9a2b-3e454d7fad19/datanode-1/data/ratis/2148ad4a-69ed-4058-b291-e053a8fa01b7 has been successfully formatted.
2021-01-11 12:57:14,842 [pool-82-thread-1] INFO  ratis.ContainerStateMachine (ContainerStateMachine.java:loadSnapshot(223)) - group-E053A8FA01B7: The snapshot info is null. Setting the last applied indexto:(t:0, i:~)
2021-01-11 12:57:14,842 [pool-82-thread-1] ERROR storage.RaftStorage (RaftStorageImpl.java:readRaftConfiguration(147)) - Failed reading configuration from file:/github/workspace/mnt/ozone/hadoop-ozone/integration-test/target/test-dir/MiniOzoneClusterImpl-8fb96eea-81cb-44ec-9a2b-3e454d7fad19/datanode-1/data/ratis/2148ad4a-69ed-4058-b291-e053a8fa01b7/current/raft-meta.conf
java.io.FileNotFoundException: /github/workspace/mnt/ozone/hadoop-ozone/integration-test/target/test-dir/MiniOzoneClusterImpl-8fb96eea-81cb-44ec-9a2b-3e454d7fad19/datanode-1/data/ratis/2148ad4a-69ed-4058-b291-e053a8fa01b7/current/raft-meta.conf (No such file or directory)
	at java.io.FileInputStream.open0(Native Method)
	at java.io.FileInputStream.open(FileInputStream.java:195)
	at java.io.FileInputStream.<init>(FileInputStream.java:138)
	at org.apache.ratis.server.storage.RaftStorageImpl.readRaftConfiguration(RaftStorageImpl.java:143)
	at org.apache.ratis.server.impl.ServerState.<init>(ServerState.java:113)
	at org.apache.ratis.server.impl.RaftServerImpl.<init>(RaftServerImpl.java:192)
	at org.apache.ratis.server.impl.RaftServerProxy.lambda$newRaftServerImpl$4(RaftServerProxy.java:266)
	at java.util.concurrent.CompletableFuture$AsyncSupply.run(CompletableFuture.java:1604)
	at java.util.concurrent.ThreadPoolExecutor.runWorker(ThreadPoolExecutor.java:1149)
	at java.util.concurrent.ThreadPoolExecutor$Worker.run(ThreadPoolExecutor.java:624)
	at java.lang.Thread.run(Thread.java:748)
2021-01-11 12:57:14,842 [pool-82-thread-1] INFO  server.RaftServerConfigKeys (ConfUtils.java:logGet(44)) - raft.server.notification.no-leader.timeout = 300s (custom)
2021-01-11 12:57:14,842 [pool-82-thread-1] INFO  server.RaftServerConfigKeys (ConfUtils.java:logGet(44)) - raft.server.log.use.memory = false (default)
2021-01-11 12:57:14,842 [pool-82-thread-1] INFO  server.RaftServerConfigKeys (ConfUtils.java:logGet(44)) - raft.server.log.purge.gap = 1000000 (custom)
2021-01-11 12:57:14,842 [pool-82-thread-1] INFO  server.RaftServerConfigKeys (ConfUtils.java:logGet(44)) - raft.server.log.appender.buffer.byte-limit = 33554432 (custom)
2021-01-11 12:57:14,842 [pool-82-thread-1] INFO  metrics.RatisMetrics (RatisMetrics.java:lambda$create$0(36)) - Creating Metrics Registry : ratis.log_worker.0f5c7db6-31a1-4b3e-82e6-84ec1a4dccba@group-E053A8FA01B7
2021-01-11 12:57:14,842 [pool-82-thread-1] INFO  server.RaftServerConfigKeys (ConfUtils.java:logGet(44)) - raft.server.log.segment.size.max = 1048576 (custom)
2021-01-11 12:57:14,843 [pool-82-thread-1] INFO  server.RaftServerConfigKeys (ConfUtils.java:logGet(44)) - raft.server.log.segment.cache.num.max = 2 (custom)
2021-01-11 12:57:14,843 [pool-82-thread-1] INFO  server.RaftServerConfigKeys (ConfUtils.java:logGet(44)) - raft.server.log.segment.cache.size.max = 200MB (=209715200) (default)
2021-01-11 12:57:14,843 [pool-82-thread-1] INFO  segmented.SegmentedRaftLogWorker (SegmentedRaftLogWorker.java:<init>(181)) - new 0f5c7db6-31a1-4b3e-82e6-84ec1a4dccba@group-E053A8FA01B7-SegmentedRaftLogWorker for RaftStorageImpl:Storage Directory /github/workspace/mnt/ozone/hadoop-ozone/integration-test/target/test-dir/MiniOzoneClusterImpl-8fb96eea-81cb-44ec-9a2b-3e454d7fad19/datanode-1/data/ratis/2148ad4a-69ed-4058-b291-e053a8fa01b7
2021-01-11 12:57:14,843 [pool-82-thread-1] INFO  server.RaftServerConfigKeys (ConfUtils.java:logGet(44)) - raft.server.log.queue.byte-limit = 2147483647 (custom)
2021-01-11 12:57:14,843 [pool-82-thread-1] INFO  server.RaftServerConfigKeys (ConfUtils.java:logGet(44)) - raft.server.log.queue.element-limit = 1024 (custom)
2021-01-11 12:57:14,843 [pool-82-thread-1] INFO  server.RaftServerConfigKeys (ConfUtils.java:logGet(44)) - raft.server.log.segment.size.max = 1048576 (custom)
2021-01-11 12:57:14,843 [pool-82-thread-1] INFO  server.RaftServerConfigKeys (ConfUtils.java:logGet(44)) - raft.server.log.preallocated.size = 16384 (custom)
2021-01-11 12:57:14,843 [pool-82-thread-1] INFO  server.RaftServerConfigKeys (ConfUtils.java:logGet(44)) - raft.server.log.force.sync.num = 128 (default)
2021-01-11 12:57:14,843 [pool-82-thread-1] INFO  server.RaftServerConfigKeys (ConfUtils.java:logGet(44)) - raft.server.log.statemachine.data.sync = true (default)
2021-01-11 12:57:14,843 [pool-82-thread-1] INFO  server.RaftServerConfigKeys (ConfUtils.java:logGet(44)) - raft.server.log.statemachine.data.sync.timeout = 10s (default)
2021-01-11 12:57:14,843 [pool-82-thread-1] INFO  server.RaftServerConfigKeys (ConfUtils.java:logGet(44)) - raft.server.log.statemachine.data.sync.timeout.retry = -1 (default)
2021-01-11 12:57:14,844 [pool-82-thread-1] INFO  server.RaftServerConfigKeys (ConfUtils.java:logGet(44)) - raft.server.log.write.buffer.size = 1048576 (custom)
2021-01-11 12:57:14,845 [pool-82-thread-1] INFO  server.RaftServerConfigKeys (ConfUtils.java:logGet(44)) - raft.server.log.statemachine.data.caching.enabled = true (custom)
2021-01-11 12:57:14,852 [EventQueue-PipelineReportForOneReplicaPipelineSafeModeRule] INFO  safemode.SCMSafeModeManager (SCMSafeModeManager.java:validateSafeModeExitRules(214)) - AtleastOneDatanodeReportedRule rule is successfully validated
2021-01-11 12:57:14,852 [EventQueue-PipelineReportForPipelineReportHandler] INFO  pipeline.PipelineStateManager (PipelineStateManager.java:openPipeline(132)) - Pipeline Pipeline[ Id: 2148ad4a-69ed-4058-b291-e053a8fa01b7, Nodes: 0f5c7db6-31a1-4b3e-82e6-84ec1a4dccba{ip: 172.17.0.2, host: 0df9a8009e06, networkLocation: /default-rack, certSerialId: null, persistedOpState: IN_SERVICE, persistedOpStateExpiryEpochSec: 0}, Type:RATIS, Factor:ONE, State:ALLOCATED, leaderId:0f5c7db6-31a1-4b3e-82e6-84ec1a4dccba, CreationTimestamp2021-01-11T12:57:11.840Z] moved to OPEN state
2021-01-11 12:57:14,852 [Command processor thread] INFO  metrics.RatisMetrics (RatisMetrics.java:lambda$create$0(36)) - Creating Metrics Registry : ratis.client_message_metrics.client-C566EC82587C->82f8c02a-15cf-48cc-925d-b57d5eaceec5
2021-01-11 12:57:14,852 [EventQueue-OpenPipelineForHealthyPipelineSafeModeRule] INFO  safemode.SCMSafeModeManager (HealthyPipelineSafeModeRule.java:process(128)) - SCM in safe mode. Healthy pipelines reported count is 0, required healthy pipeline reported count is 1
2021-01-11 12:57:14,853 [pool-82-thread-1] INFO  segmented.SegmentedRaftLogWorker (SegmentedRaftLogWorker.java:lambda$new$0(132)) - 0f5c7db6-31a1-4b3e-82e6-84ec1a4dccba@group-E053A8FA01B7-SegmentedRaftLogWorker: flushIndex: setUnconditionally 0 -> -1
2021-01-11 12:57:14,853 [pool-82-thread-1] INFO  segmented.SegmentedRaftLogWorker (SegmentedRaftLogWorker.java:lambda$new$0(132)) - 0f5c7db6-31a1-4b3e-82e6-84ec1a4dccba@group-E053A8FA01B7-SegmentedRaftLogWorker: safeCacheEvictIndex: setUnconditionally 0 -> -1
2021-01-11 12:57:14,857 [pool-82-thread-1] INFO  server.RaftServerConfigKeys (ConfUtils.java:logGet(44)) - raft.server.snapshot.auto.trigger.enabled = true (custom)
2021-01-11 12:57:14,857 [pool-82-thread-1] INFO  server.RaftServerConfigKeys (ConfUtils.java:logGet(44)) - raft.server.snapshot.auto.trigger.threshold = 10000 (custom)
2021-01-11 12:57:14,857 [pool-82-thread-1] INFO  server.RaftServerConfigKeys (ConfUtils.java:logGet(44)) - raft.server.snapshot.retention.file.num = 5 (custom)
2021-01-11 12:57:14,857 [pool-82-thread-1] INFO  server.RaftServerConfigKeys (ConfUtils.java:logGet(44)) - raft.server.log.purge.upto.snapshot.index = false (default)
2021-01-11 12:57:14,858 [pool-82-thread-1] INFO  server.RaftServerConfigKeys (ConfUtils.java:logGet(44)) - raft.server.retrycache.expirytime = 600000ms (custom)
2021-01-11 12:57:14,858 [pool-82-thread-1] INFO  server.RaftServerConfigKeys (ConfUtils.java:logGet(44)) - raft.server.retrycache.statistics.expirytime = 100?s (default)
2021-01-11 12:57:14,858 [pool-82-thread-1] INFO  metrics.RatisMetrics (RatisMetrics.java:lambda$create$0(36)) - Creating Metrics Registry : ratis.leader_election.0f5c7db6-31a1-4b3e-82e6-84ec1a4dccba@group-E053A8FA01B7
2021-01-11 12:57:14,858 [pool-82-thread-1] INFO  metrics.RatisMetrics (RatisMetrics.java:lambda$create$0(36)) - Creating Metrics Registry : ratis.server.0f5c7db6-31a1-4b3e-82e6-84ec1a4dccba@group-E053A8FA01B7
2021-01-11 12:57:14,870 [pool-82-thread-1] INFO  server.RaftServer$Division (RaftServerImpl.java:start(294)) - 0f5c7db6-31a1-4b3e-82e6-84ec1a4dccba@group-E053A8FA01B7: start as a follower, conf=-1: [0f5c7db6-31a1-4b3e-82e6-84ec1a4dccba|rpc:172.17.0.2:40001|priority:1], old=null
2021-01-11 12:57:14,871 [pool-82-thread-1] INFO  server.RaftServer$Division (RaftServerImpl.java:setRole(283)) - 0f5c7db6-31a1-4b3e-82e6-84ec1a4dccba@group-E053A8FA01B7: changes role from      null to FOLLOWER at term 0 for startAsFollower
2021-01-11 12:57:14,871 [pool-82-thread-1] INFO  impl.RoleInfo (RoleInfo.java:updateAndGet(130)) - 0f5c7db6-31a1-4b3e-82e6-84ec1a4dccba: start 0f5c7db6-31a1-4b3e-82e6-84ec1a4dccba@group-E053A8FA01B7-FollowerState
2021-01-11 12:57:14,874 [pool-82-thread-1] INFO  util.JmxRegister (JmxRegister.java:tryRegister(44)) - Successfully registered JMX Bean with object name Ratis:service=RaftServer,group=group-E053A8FA01B7,id=0f5c7db6-31a1-4b3e-82e6-84ec1a4dccba
2021-01-11 12:57:14,874 [pool-82-thread-1] INFO  metrics.RatisMetrics (RatisMetrics.java:lambda$create$0(36)) - Creating Metrics Registry : ratis.state_machine.0f5c7db6-31a1-4b3e-82e6-84ec1a4dccba@group-E053A8FA01B7
2021-01-11 12:57:14,887 [Command processor thread] INFO  commandhandler.CreatePipelineCommandHandler (CreatePipelineCommandHandler.java:handle(106)) - Created Pipeline RATIS ONE PipelineID=2148ad4a-69ed-4058-b291-e053a8fa01b7.
2021-01-11 12:57:14,889 [grpc-default-executor-3] INFO  server.RaftServer (RaftServerProxy.java:addNew(95)) - 82f8c02a-15cf-48cc-925d-b57d5eaceec5: addNew group-3B806CC34C64:[0f5c7db6-31a1-4b3e-82e6-84ec1a4dccba|rpc:172.17.0.2:40001|dataStream:|priority:1, 82f8c02a-15cf-48cc-925d-b57d5eaceec5|rpc:172.17.0.2:42755|dataStream:|priority:0, b057ab2e-0df4-4064-b246-7cb4ffc66d9d|rpc:172.17.0.2:38959|dataStream:|priority:0] returns group-3B806CC34C64:java.util.concurrent.CompletableFuture@356726af[Not completed]
2021-01-11 12:57:14,891 [pool-99-thread-1] INFO  server.RaftServer$Division (RaftServerImpl.java:<init>(179)) - 82f8c02a-15cf-48cc-925d-b57d5eaceec5: new RaftServerImpl for group-3B806CC34C64:[0f5c7db6-31a1-4b3e-82e6-84ec1a4dccba|rpc:172.17.0.2:40001|dataStream:|priority:1, 82f8c02a-15cf-48cc-925d-b57d5eaceec5|rpc:172.17.0.2:42755|dataStream:|priority:0, b057ab2e-0df4-4064-b246-7cb4ffc66d9d|rpc:172.17.0.2:38959|dataStream:|priority:0] with ContainerStateMachine:uninitialized
2021-01-11 12:57:14,891 [pool-99-thread-1] INFO  server.RaftServerConfigKeys (ConfUtils.java:logGet(44)) - raft.server.rpc.timeout.min = 5s (custom)
2021-01-11 12:57:14,891 [pool-99-thread-1] INFO  server.RaftServerConfigKeys (ConfUtils.java:logGet(44)) - raft.server.rpc.timeout.max = 5200ms (custom)
2021-01-11 12:57:14,891 [pool-99-thread-1] INFO  server.RaftServerConfigKeys (ConfUtils.java:logGet(44)) - raft.server.rpc.sleep.time = 25ms (default)
2021-01-11 12:57:14,891 [pool-99-thread-1] INFO  server.RaftServerConfigKeys (ConfUtils.java:logGet(44)) - raft.server.rpc.slowness.timeout = 300s (custom)
2021-01-11 12:57:14,891 [pool-99-thread-1] INFO  server.RaftServerConfigKeys (ConfUtils.java:logGet(44)) - raft.server.leaderelection.leader.step-down.wait-time = 10s (default)
2021-01-11 12:57:14,891 [pool-99-thread-1] INFO  server.RaftServerConfigKeys (ConfUtils.java:logGet(44)) - raft.server.sleep.deviation.threshold = 300ms (default)
2021-01-11 12:57:14,891 [pool-99-thread-1] INFO  server.RaftServerConfigKeys (ConfUtils.java:logGet(44)) - raft.server.log.appender.install.snapshot.enabled = false (custom)
2021-01-11 12:57:14,891 [pool-99-thread-1] INFO  server.RaftServer$Division (ServerState.java:<init>(103)) - 82f8c02a-15cf-48cc-925d-b57d5eaceec5@group-3B806CC34C64: ConfigurationManager, init=-1: [0f5c7db6-31a1-4b3e-82e6-84ec1a4dccba|rpc:172.17.0.2:40001|dataStream:|priority:1, 82f8c02a-15cf-48cc-925d-b57d5eaceec5|rpc:172.17.0.2:42755|dataStream:|priority:0, b057ab2e-0df4-4064-b246-7cb4ffc66d9d|rpc:172.17.0.2:38959|dataStream:|priority:0], old=null, confs=<EMPTY_MAP>
2021-01-11 12:57:14,891 [pool-99-thread-1] INFO  server.RaftServerConfigKeys (ConfUtils.java:logGet(44)) - raft.server.storage.dir = [/github/workspace/mnt/ozone/hadoop-ozone/integration-test/target/test-dir/MiniOzoneClusterImpl-8fb96eea-81cb-44ec-9a2b-3e454d7fad19/datanode-2/data/ratis] (custom)
2021-01-11 12:57:14,891 [pool-99-thread-1] INFO  server.RaftServerConfigKeys (ConfUtils.java:logGet(44)) - raft.server.log.corruption.policy = EXCEPTION (default)
2021-01-11 12:57:14,892 [pool-99-thread-1] INFO  storage.RaftStorageDirectory (RaftStorageDirectoryImpl.java:analyzeStorage(132)) - The storage directory /github/workspace/mnt/ozone/hadoop-ozone/integration-test/target/test-dir/MiniOzoneClusterImpl-8fb96eea-81cb-44ec-9a2b-3e454d7fad19/datanode-2/data/ratis/673d9e53-1876-43b4-a65b-3b806cc34c64 does not exist. Creating ...
2021-01-11 12:57:14,893 [pool-99-thread-1] INFO  storage.RaftStorageDirectory (RaftStorageDirectoryImpl.java:tryLock(215)) - Lock on /github/workspace/mnt/ozone/hadoop-ozone/integration-test/target/test-dir/MiniOzoneClusterImpl-8fb96eea-81cb-44ec-9a2b-3e454d7fad19/datanode-2/data/ratis/673d9e53-1876-43b4-a65b-3b806cc34c64/in_use.lock acquired by nodename 2195@0df9a8009e06
2021-01-11 12:57:14,894 [pool-99-thread-1] INFO  storage.RaftStorage (RaftStorageImpl.java:format(87)) - Storage directory /github/workspace/mnt/ozone/hadoop-ozone/integration-test/target/test-dir/MiniOzoneClusterImpl-8fb96eea-81cb-44ec-9a2b-3e454d7fad19/datanode-2/data/ratis/673d9e53-1876-43b4-a65b-3b806cc34c64 has been successfully formatted.
2021-01-11 12:57:14,897 [pool-99-thread-1] INFO  ratis.ContainerStateMachine (ContainerStateMachine.java:loadSnapshot(223)) - group-3B806CC34C64: The snapshot info is null. Setting the last applied indexto:(t:0, i:~)
2021-01-11 12:57:14,897 [pool-99-thread-1] ERROR storage.RaftStorage (RaftStorageImpl.java:readRaftConfiguration(147)) - Failed reading configuration from file:/github/workspace/mnt/ozone/hadoop-ozone/integration-test/target/test-dir/MiniOzoneClusterImpl-8fb96eea-81cb-44ec-9a2b-3e454d7fad19/datanode-2/data/ratis/673d9e53-1876-43b4-a65b-3b806cc34c64/current/raft-meta.conf
java.io.FileNotFoundException: /github/workspace/mnt/ozone/hadoop-ozone/integration-test/target/test-dir/MiniOzoneClusterImpl-8fb96eea-81cb-44ec-9a2b-3e454d7fad19/datanode-2/data/ratis/673d9e53-1876-43b4-a65b-3b806cc34c64/current/raft-meta.conf (No such file or directory)
	at java.io.FileInputStream.open0(Native Method)
	at java.io.FileInputStream.open(FileInputStream.java:195)
	at java.io.FileInputStream.<init>(FileInputStream.java:138)
	at org.apache.ratis.server.storage.RaftStorageImpl.readRaftConfiguration(RaftStorageImpl.java:143)
	at org.apache.ratis.server.impl.ServerState.<init>(ServerState.java:113)
	at org.apache.ratis.server.impl.RaftServerImpl.<init>(RaftServerImpl.java:192)
	at org.apache.ratis.server.impl.RaftServerProxy.lambda$newRaftServerImpl$4(RaftServerProxy.java:266)
	at java.util.concurrent.CompletableFuture$AsyncSupply.run(CompletableFuture.java:1604)
	at java.util.concurrent.ThreadPoolExecutor.runWorker(ThreadPoolExecutor.java:1149)
	at java.util.concurrent.ThreadPoolExecutor$Worker.run(ThreadPoolExecutor.java:624)
	at java.lang.Thread.run(Thread.java:748)
2021-01-11 12:57:14,898 [pool-99-thread-1] INFO  server.RaftServerConfigKeys (ConfUtils.java:logGet(44)) - raft.server.notification.no-leader.timeout = 300s (custom)
2021-01-11 12:57:14,898 [pool-99-thread-1] INFO  server.RaftServerConfigKeys (ConfUtils.java:logGet(44)) - raft.server.log.use.memory = false (default)
2021-01-11 12:57:14,898 [pool-99-thread-1] INFO  server.RaftServerConfigKeys (ConfUtils.java:logGet(44)) - raft.server.log.purge.gap = 1000000 (custom)
2021-01-11 12:57:14,898 [pool-99-thread-1] INFO  server.RaftServerConfigKeys (ConfUtils.java:logGet(44)) - raft.server.log.appender.buffer.byte-limit = 33554432 (custom)
2021-01-11 12:57:14,898 [pool-99-thread-1] INFO  metrics.RatisMetrics (RatisMetrics.java:lambda$create$0(36)) - Creating Metrics Registry : ratis.log_worker.82f8c02a-15cf-48cc-925d-b57d5eaceec5@group-3B806CC34C64
2021-01-11 12:57:14,898 [pool-99-thread-1] INFO  server.RaftServerConfigKeys (ConfUtils.java:logGet(44)) - raft.server.log.segment.size.max = 1048576 (custom)
2021-01-11 12:57:14,898 [pool-99-thread-1] INFO  server.RaftServerConfigKeys (ConfUtils.java:logGet(44)) - raft.server.log.segment.cache.num.max = 2 (custom)
2021-01-11 12:57:14,898 [pool-99-thread-1] INFO  server.RaftServerConfigKeys (ConfUtils.java:logGet(44)) - raft.server.log.segment.cache.size.max = 200MB (=209715200) (default)
2021-01-11 12:57:14,898 [pool-99-thread-1] INFO  segmented.SegmentedRaftLogWorker (SegmentedRaftLogWorker.java:<init>(181)) - new 82f8c02a-15cf-48cc-925d-b57d5eaceec5@group-3B806CC34C64-SegmentedRaftLogWorker for RaftStorageImpl:Storage Directory /github/workspace/mnt/ozone/hadoop-ozone/integration-test/target/test-dir/MiniOzoneClusterImpl-8fb96eea-81cb-44ec-9a2b-3e454d7fad19/datanode-2/data/ratis/673d9e53-1876-43b4-a65b-3b806cc34c64
2021-01-11 12:57:14,899 [pool-99-thread-1] INFO  server.RaftServerConfigKeys (ConfUtils.java:logGet(44)) - raft.server.log.queue.byte-limit = 2147483647 (custom)
2021-01-11 12:57:14,899 [pool-99-thread-1] INFO  server.RaftServerConfigKeys (ConfUtils.java:logGet(44)) - raft.server.log.queue.element-limit = 1024 (custom)
2021-01-11 12:57:14,899 [pool-99-thread-1] INFO  server.RaftServerConfigKeys (ConfUtils.java:logGet(44)) - raft.server.log.segment.size.max = 1048576 (custom)
2021-01-11 12:57:14,899 [pool-99-thread-1] INFO  server.RaftServerConfigKeys (ConfUtils.java:logGet(44)) - raft.server.log.preallocated.size = 16384 (custom)
2021-01-11 12:57:14,899 [pool-99-thread-1] INFO  server.RaftServerConfigKeys (ConfUtils.java:logGet(44)) - raft.server.log.force.sync.num = 128 (default)
2021-01-11 12:57:14,899 [pool-99-thread-1] INFO  server.RaftServerConfigKeys (ConfUtils.java:logGet(44)) - raft.server.log.statemachine.data.sync = true (default)
2021-01-11 12:57:14,899 [pool-99-thread-1] INFO  server.RaftServerConfigKeys (ConfUtils.java:logGet(44)) - raft.server.log.statemachine.data.sync.timeout = 10s (default)
2021-01-11 12:57:14,899 [pool-99-thread-1] INFO  server.RaftServerConfigKeys (ConfUtils.java:logGet(44)) - raft.server.log.statemachine.data.sync.timeout.retry = -1 (default)
2021-01-11 12:57:14,900 [pool-99-thread-1] INFO  server.RaftServerConfigKeys (ConfUtils.java:logGet(44)) - raft.server.log.write.buffer.size = 1048576 (custom)
2021-01-11 12:57:14,900 [pool-99-thread-1] INFO  server.RaftServerConfigKeys (ConfUtils.java:logGet(44)) - raft.server.log.statemachine.data.caching.enabled = true (custom)
2021-01-11 12:57:14,900 [pool-99-thread-1] INFO  segmented.SegmentedRaftLogWorker (SegmentedRaftLogWorker.java:lambda$new$0(132)) - 82f8c02a-15cf-48cc-925d-b57d5eaceec5@group-3B806CC34C64-SegmentedRaftLogWorker: flushIndex: setUnconditionally 0 -> -1
2021-01-11 12:57:14,900 [pool-99-thread-1] INFO  segmented.SegmentedRaftLogWorker (SegmentedRaftLogWorker.java:lambda$new$0(132)) - 82f8c02a-15cf-48cc-925d-b57d5eaceec5@group-3B806CC34C64-SegmentedRaftLogWorker: safeCacheEvictIndex: setUnconditionally 0 -> -1
2021-01-11 12:57:14,913 [pool-99-thread-1] INFO  server.RaftServerConfigKeys (ConfUtils.java:logGet(44)) - raft.server.snapshot.auto.trigger.enabled = true (custom)
2021-01-11 12:57:14,913 [pool-99-thread-1] INFO  server.RaftServerConfigKeys (ConfUtils.java:logGet(44)) - raft.server.snapshot.auto.trigger.threshold = 10000 (custom)
2021-01-11 12:57:14,913 [pool-99-thread-1] INFO  server.RaftServerConfigKeys (ConfUtils.java:logGet(44)) - raft.server.snapshot.retention.file.num = 5 (custom)
2021-01-11 12:57:14,913 [pool-99-thread-1] INFO  server.RaftServerConfigKeys (ConfUtils.java:logGet(44)) - raft.server.log.purge.upto.snapshot.index = false (default)
2021-01-11 12:57:14,913 [pool-99-thread-1] INFO  server.RaftServerConfigKeys (ConfUtils.java:logGet(44)) - raft.server.retrycache.expirytime = 600000ms (custom)
2021-01-11 12:57:14,913 [pool-99-thread-1] INFO  server.RaftServerConfigKeys (ConfUtils.java:logGet(44)) - raft.server.retrycache.statistics.expirytime = 100?s (default)
2021-01-11 12:57:14,914 [pool-99-thread-1] INFO  metrics.RatisMetrics (RatisMetrics.java:lambda$create$0(36)) - Creating Metrics Registry : ratis.leader_election.82f8c02a-15cf-48cc-925d-b57d5eaceec5@group-3B806CC34C64
2021-01-11 12:57:14,914 [pool-99-thread-1] INFO  metrics.RatisMetrics (RatisMetrics.java:lambda$create$0(36)) - Creating Metrics Registry : ratis.server.82f8c02a-15cf-48cc-925d-b57d5eaceec5@group-3B806CC34C64
2021-01-11 12:57:14,915 [pool-99-thread-1] INFO  server.RaftServer$Division (RaftServerImpl.java:start(294)) - 82f8c02a-15cf-48cc-925d-b57d5eaceec5@group-3B806CC34C64: start as a follower, conf=-1: [0f5c7db6-31a1-4b3e-82e6-84ec1a4dccba|rpc:172.17.0.2:40001|dataStream:|priority:1, 82f8c02a-15cf-48cc-925d-b57d5eaceec5|rpc:172.17.0.2:42755|dataStream:|priority:0, b057ab2e-0df4-4064-b246-7cb4ffc66d9d|rpc:172.17.0.2:38959|dataStream:|priority:0], old=null
2021-01-11 12:57:14,915 [pool-99-thread-1] INFO  server.RaftServer$Division (RaftServerImpl.java:setRole(283)) - 82f8c02a-15cf-48cc-925d-b57d5eaceec5@group-3B806CC34C64: changes role from      null to FOLLOWER at term 0 for startAsFollower
2021-01-11 12:57:14,915 [pool-99-thread-1] INFO  impl.RoleInfo (RoleInfo.java:updateAndGet(130)) - 82f8c02a-15cf-48cc-925d-b57d5eaceec5: start 82f8c02a-15cf-48cc-925d-b57d5eaceec5@group-3B806CC34C64-FollowerState
2021-01-11 12:57:14,921 [pool-99-thread-1] INFO  util.JmxRegister (JmxRegister.java:tryRegister(44)) - Successfully registered JMX Bean with object name Ratis:service=RaftServer,group=group-3B806CC34C64,id=82f8c02a-15cf-48cc-925d-b57d5eaceec5
2021-01-11 12:57:14,921 [pool-99-thread-1] INFO  metrics.RatisMetrics (RatisMetrics.java:lambda$create$0(36)) - Creating Metrics Registry : ratis.state_machine.82f8c02a-15cf-48cc-925d-b57d5eaceec5@group-3B806CC34C64
2021-01-11 12:57:14,927 [EventQueue-PipelineReportForOneReplicaPipelineSafeModeRule] INFO  safemode.SCMSafeModeManager (SCMSafeModeManager.java:validateSafeModeExitRules(214)) - AtleastOneDatanodeReportedRule rule is successfully validated
2021-01-11 12:57:14,941 [Command processor thread] INFO  commandhandler.CreatePipelineCommandHandler (CreatePipelineCommandHandler.java:handle(106)) - Created Pipeline RATIS THREE PipelineID=673d9e53-1876-43b4-a65b-3b806cc34c64.
2021-01-11 12:57:14,944 [grpc-default-executor-3] WARN  server.GrpcLogAppender (LogUtils.java:warn(122)) - omNode-2@group-523986131536->omNode-3-AppendLogResponseHandler: Failed appendEntries: org.apache.ratis.thirdparty.io.grpc.StatusRuntimeException: UNAVAILABLE: io exception
2021-01-11 12:57:14,945 [grpc-default-executor-3] WARN  server.GrpcLogAppender (GrpcLogAppender.java:resetClient(111)) - omNode-2@group-523986131536->omNode-3-GrpcLogAppender: Leader has not got in touch with Follower omNode-2@group-523986131536->omNode-3(c-1,m0,n1, attendVote=true, lastRpcSendTime=510, lastRpcResponseTime=6914) yet, just keep nextIndex unchanged and retry.
2021-01-11 12:57:15,181 [Listener at 127.0.0.1/13588] INFO  ozone.MiniOzoneClusterImpl (MiniOzoneClusterImpl.java:lambda$waitForClusterToBeReady$0(179)) - Nodes are ready. Got 3 of 3 DN Heartbeats.
2021-01-11 12:57:15,182 [Listener at 127.0.0.1/13588] INFO  ozone.MiniOzoneClusterImpl (MiniOzoneClusterImpl.java:lambda$waitForClusterToBeReady$0(182)) - Waiting for cluster to exit safe mode
2021-01-11 12:57:15,187 [Command processor thread] INFO  server.RaftServer (RaftServerProxy.java:addNew(95)) - 82f8c02a-15cf-48cc-925d-b57d5eaceec5: addNew group-0FDBB20D8C0A:[82f8c02a-15cf-48cc-925d-b57d5eaceec5|rpc:172.17.0.2:42755|priority:1] returns group-0FDBB20D8C0A:java.util.concurrent.CompletableFuture@57abf97b[Not completed]
2021-01-11 12:57:15,188 [pool-99-thread-1] INFO  server.RaftServer$Division (RaftServerImpl.java:<init>(179)) - 82f8c02a-15cf-48cc-925d-b57d5eaceec5: new RaftServerImpl for group-0FDBB20D8C0A:[82f8c02a-15cf-48cc-925d-b57d5eaceec5|rpc:172.17.0.2:42755|priority:1] with ContainerStateMachine:uninitialized
2021-01-11 12:57:15,188 [pool-99-thread-1] INFO  server.RaftServerConfigKeys (ConfUtils.java:logGet(44)) - raft.server.rpc.timeout.min = 5s (custom)
2021-01-11 12:57:15,188 [pool-99-thread-1] INFO  server.RaftServerConfigKeys (ConfUtils.java:logGet(44)) - raft.server.rpc.timeout.max = 5200ms (custom)
2021-01-11 12:57:15,188 [pool-99-thread-1] INFO  server.RaftServerConfigKeys (ConfUtils.java:logGet(44)) - raft.server.rpc.sleep.time = 25ms (default)
2021-01-11 12:57:15,188 [pool-99-thread-1] INFO  server.RaftServerConfigKeys (ConfUtils.java:logGet(44)) - raft.server.rpc.slowness.timeout = 300s (custom)
2021-01-11 12:57:15,189 [pool-99-thread-1] INFO  server.RaftServerConfigKeys (ConfUtils.java:logGet(44)) - raft.server.leaderelection.leader.step-down.wait-time = 10s (default)
2021-01-11 12:57:15,189 [pool-99-thread-1] INFO  server.RaftServerConfigKeys (ConfUtils.java:logGet(44)) - raft.server.sleep.deviation.threshold = 300ms (default)
2021-01-11 12:57:15,189 [pool-99-thread-1] INFO  server.RaftServerConfigKeys (ConfUtils.java:logGet(44)) - raft.server.log.appender.install.snapshot.enabled = false (custom)
2021-01-11 12:57:15,189 [pool-99-thread-1] INFO  server.RaftServer$Division (ServerState.java:<init>(103)) - 82f8c02a-15cf-48cc-925d-b57d5eaceec5@group-0FDBB20D8C0A: ConfigurationManager, init=-1: [82f8c02a-15cf-48cc-925d-b57d5eaceec5|rpc:172.17.0.2:42755|priority:1], old=null, confs=<EMPTY_MAP>
2021-01-11 12:57:15,189 [pool-99-thread-1] INFO  server.RaftServerConfigKeys (ConfUtils.java:logGet(44)) - raft.server.storage.dir = [/github/workspace/mnt/ozone/hadoop-ozone/integration-test/target/test-dir/MiniOzoneClusterImpl-8fb96eea-81cb-44ec-9a2b-3e454d7fad19/datanode-2/data/ratis] (custom)
2021-01-11 12:57:15,193 [pool-99-thread-1] INFO  server.RaftServerConfigKeys (ConfUtils.java:logGet(44)) - raft.server.log.corruption.policy = EXCEPTION (default)
2021-01-11 12:57:15,193 [pool-99-thread-1] INFO  storage.RaftStorageDirectory (RaftStorageDirectoryImpl.java:analyzeStorage(132)) - The storage directory /github/workspace/mnt/ozone/hadoop-ozone/integration-test/target/test-dir/MiniOzoneClusterImpl-8fb96eea-81cb-44ec-9a2b-3e454d7fad19/datanode-2/data/ratis/5321e1fd-8014-4719-9868-0fdbb20d8c0a does not exist. Creating ...
2021-01-11 12:57:15,195 [pool-99-thread-1] INFO  storage.RaftStorageDirectory (RaftStorageDirectoryImpl.java:tryLock(215)) - Lock on /github/workspace/mnt/ozone/hadoop-ozone/integration-test/target/test-dir/MiniOzoneClusterImpl-8fb96eea-81cb-44ec-9a2b-3e454d7fad19/datanode-2/data/ratis/5321e1fd-8014-4719-9868-0fdbb20d8c0a/in_use.lock acquired by nodename 2195@0df9a8009e06
2021-01-11 12:57:15,197 [pool-99-thread-1] INFO  storage.RaftStorage (RaftStorageImpl.java:format(87)) - Storage directory /github/workspace/mnt/ozone/hadoop-ozone/integration-test/target/test-dir/MiniOzoneClusterImpl-8fb96eea-81cb-44ec-9a2b-3e454d7fad19/datanode-2/data/ratis/5321e1fd-8014-4719-9868-0fdbb20d8c0a has been successfully formatted.
2021-01-11 12:57:15,202 [pool-99-thread-1] INFO  ratis.ContainerStateMachine (ContainerStateMachine.java:loadSnapshot(223)) - group-0FDBB20D8C0A: The snapshot info is null. Setting the last applied indexto:(t:0, i:~)
2021-01-11 12:57:15,203 [pool-99-thread-1] ERROR storage.RaftStorage (RaftStorageImpl.java:readRaftConfiguration(147)) - Failed reading configuration from file:/github/workspace/mnt/ozone/hadoop-ozone/integration-test/target/test-dir/MiniOzoneClusterImpl-8fb96eea-81cb-44ec-9a2b-3e454d7fad19/datanode-2/data/ratis/5321e1fd-8014-4719-9868-0fdbb20d8c0a/current/raft-meta.conf
java.io.FileNotFoundException: /github/workspace/mnt/ozone/hadoop-ozone/integration-test/target/test-dir/MiniOzoneClusterImpl-8fb96eea-81cb-44ec-9a2b-3e454d7fad19/datanode-2/data/ratis/5321e1fd-8014-4719-9868-0fdbb20d8c0a/current/raft-meta.conf (No such file or directory)
	at java.io.FileInputStream.open0(Native Method)
	at java.io.FileInputStream.open(FileInputStream.java:195)
	at java.io.FileInputStream.<init>(FileInputStream.java:138)
	at org.apache.ratis.server.storage.RaftStorageImpl.readRaftConfiguration(RaftStorageImpl.java:143)
	at org.apache.ratis.server.impl.ServerState.<init>(ServerState.java:113)
	at org.apache.ratis.server.impl.RaftServerImpl.<init>(RaftServerImpl.java:192)
	at org.apache.ratis.server.impl.RaftServerProxy.lambda$newRaftServerImpl$4(RaftServerProxy.java:266)
	at java.util.concurrent.CompletableFuture$AsyncSupply.run(CompletableFuture.java:1604)
	at java.util.concurrent.ThreadPoolExecutor.runWorker(ThreadPoolExecutor.java:1149)
	at java.util.concurrent.ThreadPoolExecutor$Worker.run(ThreadPoolExecutor.java:624)
	at java.lang.Thread.run(Thread.java:748)
2021-01-11 12:57:15,203 [pool-99-thread-1] INFO  server.RaftServerConfigKeys (ConfUtils.java:logGet(44)) - raft.server.notification.no-leader.timeout = 300s (custom)
2021-01-11 12:57:15,203 [pool-99-thread-1] INFO  server.RaftServerConfigKeys (ConfUtils.java:logGet(44)) - raft.server.log.use.memory = false (default)
2021-01-11 12:57:15,203 [pool-99-thread-1] INFO  server.RaftServerConfigKeys (ConfUtils.java:logGet(44)) - raft.server.log.purge.gap = 1000000 (custom)
2021-01-11 12:57:15,203 [EventQueue-PipelineReportForOneReplicaPipelineSafeModeRule] INFO  safemode.SCMSafeModeManager (SCMSafeModeManager.java:validateSafeModeExitRules(214)) - AtleastOneDatanodeReportedRule rule is successfully validated
2021-01-11 12:57:15,203 [pool-99-thread-1] INFO  server.RaftServerConfigKeys (ConfUtils.java:logGet(44)) - raft.server.log.appender.buffer.byte-limit = 33554432 (custom)
2021-01-11 12:57:15,203 [pool-99-thread-1] INFO  metrics.RatisMetrics (RatisMetrics.java:lambda$create$0(36)) - Creating Metrics Registry : ratis.log_worker.82f8c02a-15cf-48cc-925d-b57d5eaceec5@group-0FDBB20D8C0A
2021-01-11 12:57:15,203 [EventQueue-PipelineReportForPipelineReportHandler] INFO  pipeline.PipelineStateManager (PipelineStateManager.java:openPipeline(132)) - Pipeline Pipeline[ Id: 5321e1fd-8014-4719-9868-0fdbb20d8c0a, Nodes: 82f8c02a-15cf-48cc-925d-b57d5eaceec5{ip: 172.17.0.2, host: 0df9a8009e06, networkLocation: /default-rack, certSerialId: null, persistedOpState: IN_SERVICE, persistedOpStateExpiryEpochSec: 0}, Type:RATIS, Factor:ONE, State:ALLOCATED, leaderId:82f8c02a-15cf-48cc-925d-b57d5eaceec5, CreationTimestamp2021-01-11T12:57:12.196Z] moved to OPEN state
2021-01-11 12:57:15,203 [pool-99-thread-1] INFO  server.RaftServerConfigKeys (ConfUtils.java:logGet(44)) - raft.server.log.segment.size.max = 1048576 (custom)
2021-01-11 12:57:15,204 [pool-99-thread-1] INFO  server.RaftServerConfigKeys (ConfUtils.java:logGet(44)) - raft.server.log.segment.cache.num.max = 2 (custom)
2021-01-11 12:57:15,204 [pool-99-thread-1] INFO  server.RaftServerConfigKeys (ConfUtils.java:logGet(44)) - raft.server.log.segment.cache.size.max = 200MB (=209715200) (default)
2021-01-11 12:57:15,204 [pool-99-thread-1] INFO  segmented.SegmentedRaftLogWorker (SegmentedRaftLogWorker.java:<init>(181)) - new 82f8c02a-15cf-48cc-925d-b57d5eaceec5@group-0FDBB20D8C0A-SegmentedRaftLogWorker for RaftStorageImpl:Storage Directory /github/workspace/mnt/ozone/hadoop-ozone/integration-test/target/test-dir/MiniOzoneClusterImpl-8fb96eea-81cb-44ec-9a2b-3e454d7fad19/datanode-2/data/ratis/5321e1fd-8014-4719-9868-0fdbb20d8c0a
2021-01-11 12:57:15,204 [pool-99-thread-1] INFO  server.RaftServerConfigKeys (ConfUtils.java:logGet(44)) - raft.server.log.queue.byte-limit = 2147483647 (custom)
2021-01-11 12:57:15,204 [EventQueue-OpenPipelineForHealthyPipelineSafeModeRule] INFO  safemode.SCMSafeModeManager (HealthyPipelineSafeModeRule.java:process(128)) - SCM in safe mode. Healthy pipelines reported count is 0, required healthy pipeline reported count is 1
2021-01-11 12:57:15,204 [pool-99-thread-1] INFO  server.RaftServerConfigKeys (ConfUtils.java:logGet(44)) - raft.server.log.queue.element-limit = 1024 (custom)
2021-01-11 12:57:15,206 [pool-99-thread-1] INFO  server.RaftServerConfigKeys (ConfUtils.java:logGet(44)) - raft.server.log.segment.size.max = 1048576 (custom)
2021-01-11 12:57:15,209 [pool-99-thread-1] INFO  server.RaftServerConfigKeys (ConfUtils.java:logGet(44)) - raft.server.log.preallocated.size = 16384 (custom)
2021-01-11 12:57:15,209 [pool-99-thread-1] INFO  server.RaftServerConfigKeys (ConfUtils.java:logGet(44)) - raft.server.log.force.sync.num = 128 (default)
2021-01-11 12:57:15,209 [pool-99-thread-1] INFO  server.RaftServerConfigKeys (ConfUtils.java:logGet(44)) - raft.server.log.statemachine.data.sync = true (default)
2021-01-11 12:57:15,209 [pool-99-thread-1] INFO  server.RaftServerConfigKeys (ConfUtils.java:logGet(44)) - raft.server.log.statemachine.data.sync.timeout = 10s (default)
2021-01-11 12:57:15,209 [pool-99-thread-1] INFO  server.RaftServerConfigKeys (ConfUtils.java:logGet(44)) - raft.server.log.statemachine.data.sync.timeout.retry = -1 (default)
2021-01-11 12:57:15,210 [pool-99-thread-1] INFO  server.RaftServerConfigKeys (ConfUtils.java:logGet(44)) - raft.server.log.write.buffer.size = 1048576 (custom)
2021-01-11 12:57:15,210 [pool-99-thread-1] INFO  server.RaftServerConfigKeys (ConfUtils.java:logGet(44)) - raft.server.log.statemachine.data.caching.enabled = true (custom)
2021-01-11 12:57:15,210 [pool-99-thread-1] INFO  segmented.SegmentedRaftLogWorker (SegmentedRaftLogWorker.java:lambda$new$0(132)) - 82f8c02a-15cf-48cc-925d-b57d5eaceec5@group-0FDBB20D8C0A-SegmentedRaftLogWorker: flushIndex: setUnconditionally 0 -> -1
2021-01-11 12:57:15,211 [pool-99-thread-1] INFO  segmented.SegmentedRaftLogWorker (SegmentedRaftLogWorker.java:lambda$new$0(132)) - 82f8c02a-15cf-48cc-925d-b57d5eaceec5@group-0FDBB20D8C0A-SegmentedRaftLogWorker: safeCacheEvictIndex: setUnconditionally 0 -> -1
2021-01-11 12:57:15,213 [pool-99-thread-1] INFO  server.RaftServerConfigKeys (ConfUtils.java:logGet(44)) - raft.server.snapshot.auto.trigger.enabled = true (custom)
2021-01-11 12:57:15,213 [pool-99-thread-1] INFO  server.RaftServerConfigKeys (ConfUtils.java:logGet(44)) - raft.server.snapshot.auto.trigger.threshold = 10000 (custom)
2021-01-11 12:57:15,213 [pool-99-thread-1] INFO  server.RaftServerConfigKeys (ConfUtils.java:logGet(44)) - raft.server.snapshot.retention.file.num = 5 (custom)
2021-01-11 12:57:15,222 [pool-99-thread-1] INFO  server.RaftServerConfigKeys (ConfUtils.java:logGet(44)) - raft.server.log.purge.upto.snapshot.index = false (default)
2021-01-11 12:57:15,222 [pool-99-thread-1] INFO  server.RaftServerConfigKeys (ConfUtils.java:logGet(44)) - raft.server.retrycache.expirytime = 600000ms (custom)
2021-01-11 12:57:15,222 [pool-99-thread-1] INFO  server.RaftServerConfigKeys (ConfUtils.java:logGet(44)) - raft.server.retrycache.statistics.expirytime = 100?s (default)
2021-01-11 12:57:15,222 [pool-99-thread-1] INFO  metrics.RatisMetrics (RatisMetrics.java:lambda$create$0(36)) - Creating Metrics Registry : ratis.leader_election.82f8c02a-15cf-48cc-925d-b57d5eaceec5@group-0FDBB20D8C0A
2021-01-11 12:57:15,222 [pool-99-thread-1] INFO  metrics.RatisMetrics (RatisMetrics.java:lambda$create$0(36)) - Creating Metrics Registry : ratis.server.82f8c02a-15cf-48cc-925d-b57d5eaceec5@group-0FDBB20D8C0A
2021-01-11 12:57:15,223 [pool-99-thread-1] INFO  server.RaftServer$Division (RaftServerImpl.java:start(294)) - 82f8c02a-15cf-48cc-925d-b57d5eaceec5@group-0FDBB20D8C0A: start as a follower, conf=-1: [82f8c02a-15cf-48cc-925d-b57d5eaceec5|rpc:172.17.0.2:42755|priority:1], old=null
2021-01-11 12:57:15,223 [pool-99-thread-1] INFO  server.RaftServer$Division (RaftServerImpl.java:setRole(283)) - 82f8c02a-15cf-48cc-925d-b57d5eaceec5@group-0FDBB20D8C0A: changes role from      null to FOLLOWER at term 0 for startAsFollower
2021-01-11 12:57:15,223 [pool-99-thread-1] INFO  impl.RoleInfo (RoleInfo.java:updateAndGet(130)) - 82f8c02a-15cf-48cc-925d-b57d5eaceec5: start 82f8c02a-15cf-48cc-925d-b57d5eaceec5@group-0FDBB20D8C0A-FollowerState
2021-01-11 12:57:15,225 [pool-99-thread-1] INFO  util.JmxRegister (JmxRegister.java:tryRegister(44)) - Successfully registered JMX Bean with object name Ratis:service=RaftServer,group=group-0FDBB20D8C0A,id=82f8c02a-15cf-48cc-925d-b57d5eaceec5
2021-01-11 12:57:15,225 [pool-99-thread-1] INFO  metrics.RatisMetrics (RatisMetrics.java:lambda$create$0(36)) - Creating Metrics Registry : ratis.state_machine.82f8c02a-15cf-48cc-925d-b57d5eaceec5@group-0FDBB20D8C0A
2021-01-11 12:57:15,231 [Command processor thread] INFO  commandhandler.CreatePipelineCommandHandler (CreatePipelineCommandHandler.java:handle(106)) - Created Pipeline RATIS ONE PipelineID=5321e1fd-8014-4719-9868-0fdbb20d8c0a.
2021-01-11 12:57:15,446 [grpc-default-executor-3] WARN  server.GrpcLogAppender (LogUtils.java:warn(122)) - omNode-2@group-523986131536->omNode-3-AppendLogResponseHandler: Failed appendEntries: org.apache.ratis.thirdparty.io.grpc.StatusRuntimeException: UNAVAILABLE: io exception
2021-01-11 12:57:15,447 [grpc-default-executor-3] WARN  server.GrpcLogAppender (GrpcLogAppender.java:resetClient(111)) - omNode-2@group-523986131536->omNode-3-GrpcLogAppender: Leader has not got in touch with Follower omNode-2@group-523986131536->omNode-3(c-1,m0,n1, attendVote=true, lastRpcSendTime=1, lastRpcResponseTime=7416) yet, just keep nextIndex unchanged and retry.
2021-01-11 12:57:15,742 [EventQueue-PipelineReportForOneReplicaPipelineSafeModeRule] INFO  safemode.SCMSafeModeManager (SCMSafeModeManager.java:validateSafeModeExitRules(214)) - AtleastOneDatanodeReportedRule rule is successfully validated
2021-01-11 12:57:15,742 [EventQueue-OpenPipelineForHealthyPipelineSafeModeRule] INFO  safemode.SCMSafeModeManager (HealthyPipelineSafeModeRule.java:process(128)) - SCM in safe mode. Healthy pipelines reported count is 0, required healthy pipeline reported count is 1
2021-01-11 12:57:15,852 [EventQueue-PipelineReportForOneReplicaPipelineSafeModeRule] INFO  safemode.SCMSafeModeManager (SCMSafeModeManager.java:validateSafeModeExitRules(214)) - AtleastOneDatanodeReportedRule rule is successfully validated
2021-01-11 12:57:15,852 [EventQueue-OpenPipelineForHealthyPipelineSafeModeRule] INFO  safemode.SCMSafeModeManager (HealthyPipelineSafeModeRule.java:process(128)) - SCM in safe mode. Healthy pipelines reported count is 0, required healthy pipeline reported count is 1
2021-01-11 12:57:15,947 [grpc-default-executor-3] WARN  server.GrpcLogAppender (LogUtils.java:warn(122)) - omNode-2@group-523986131536->omNode-3-AppendLogResponseHandler: Failed appendEntries: org.apache.ratis.thirdparty.io.grpc.StatusRuntimeException: UNAVAILABLE: io exception
2021-01-11 12:57:15,947 [grpc-default-executor-3] WARN  server.GrpcLogAppender (GrpcLogAppender.java:resetClient(111)) - omNode-2@group-523986131536->omNode-3-GrpcLogAppender: Leader has not got in touch with Follower omNode-2@group-523986131536->omNode-3(c-1,m0,n1, attendVote=true, lastRpcSendTime=0, lastRpcResponseTime=7917) yet, just keep nextIndex unchanged and retry.
2021-01-11 12:57:16,182 [Listener at 127.0.0.1/13588] INFO  ozone.MiniOzoneClusterImpl (MiniOzoneClusterImpl.java:lambda$waitForClusterToBeReady$0(179)) - Nodes are ready. Got 3 of 3 DN Heartbeats.
2021-01-11 12:57:16,182 [Listener at 127.0.0.1/13588] INFO  ozone.MiniOzoneClusterImpl (MiniOzoneClusterImpl.java:lambda$waitForClusterToBeReady$0(182)) - Waiting for cluster to exit safe mode
2021-01-11 12:57:16,201 [EventQueue-PipelineReportForOneReplicaPipelineSafeModeRule] INFO  safemode.SCMSafeModeManager (SCMSafeModeManager.java:validateSafeModeExitRules(214)) - AtleastOneDatanodeReportedRule rule is successfully validated
2021-01-11 12:57:16,201 [EventQueue-OpenPipelineForHealthyPipelineSafeModeRule] INFO  safemode.SCMSafeModeManager (HealthyPipelineSafeModeRule.java:process(128)) - SCM in safe mode. Healthy pipelines reported count is 0, required healthy pipeline reported count is 1
2021-01-11 12:57:16,447 [grpc-default-executor-3] WARN  server.GrpcLogAppender (LogUtils.java:warn(122)) - omNode-2@group-523986131536->omNode-3-AppendLogResponseHandler: Failed appendEntries: org.apache.ratis.thirdparty.io.grpc.StatusRuntimeException: UNAVAILABLE: io exception
2021-01-11 12:57:16,448 [grpc-default-executor-3] WARN  server.GrpcLogAppender (GrpcLogAppender.java:resetClient(111)) - omNode-2@group-523986131536->omNode-3-GrpcLogAppender: Leader has not got in touch with Follower omNode-2@group-523986131536->omNode-3(c-1,m0,n1, attendVote=true, lastRpcSendTime=0, lastRpcResponseTime=8417) yet, just keep nextIndex unchanged and retry.
2021-01-11 12:57:16,746 [EventQueue-PipelineReportForOneReplicaPipelineSafeModeRule] INFO  safemode.SCMSafeModeManager (SCMSafeModeManager.java:validateSafeModeExitRules(214)) - AtleastOneDatanodeReportedRule rule is successfully validated
2021-01-11 12:57:16,747 [EventQueue-OpenPipelineForHealthyPipelineSafeModeRule] INFO  safemode.SCMSafeModeManager (HealthyPipelineSafeModeRule.java:process(128)) - SCM in safe mode. Healthy pipelines reported count is 0, required healthy pipeline reported count is 1
2021-01-11 12:57:16,846 [EventQueue-PipelineReportForOneReplicaPipelineSafeModeRule] INFO  safemode.SCMSafeModeManager (SCMSafeModeManager.java:validateSafeModeExitRules(214)) - AtleastOneDatanodeReportedRule rule is successfully validated
2021-01-11 12:57:16,847 [EventQueue-OpenPipelineForHealthyPipelineSafeModeRule] INFO  safemode.SCMSafeModeManager (HealthyPipelineSafeModeRule.java:process(128)) - SCM in safe mode. Healthy pipelines reported count is 0, required healthy pipeline reported count is 1
2021-01-11 12:57:16,947 [grpc-default-executor-3] WARN  server.GrpcLogAppender (LogUtils.java:warn(122)) - omNode-2@group-523986131536->omNode-3-AppendLogResponseHandler: Failed appendEntries: org.apache.ratis.thirdparty.io.grpc.StatusRuntimeException: UNAVAILABLE: io exception
2021-01-11 12:57:16,948 [grpc-default-executor-3] WARN  server.GrpcLogAppender (GrpcLogAppender.java:resetClient(111)) - omNode-2@group-523986131536->omNode-3-GrpcLogAppender: Leader has not got in touch with Follower omNode-2@group-523986131536->omNode-3(c-1,m0,n1, attendVote=true, lastRpcSendTime=0, lastRpcResponseTime=8917) yet, just keep nextIndex unchanged and retry.
2021-01-11 12:57:17,183 [Listener at 127.0.0.1/13588] INFO  ozone.MiniOzoneClusterImpl (MiniOzoneClusterImpl.java:lambda$waitForClusterToBeReady$0(179)) - Nodes are ready. Got 3 of 3 DN Heartbeats.
2021-01-11 12:57:17,183 [Listener at 127.0.0.1/13588] INFO  ozone.MiniOzoneClusterImpl (MiniOzoneClusterImpl.java:lambda$waitForClusterToBeReady$0(182)) - Waiting for cluster to exit safe mode
2021-01-11 12:57:17,203 [EventQueue-PipelineReportForOneReplicaPipelineSafeModeRule] INFO  safemode.SCMSafeModeManager (SCMSafeModeManager.java:validateSafeModeExitRules(214)) - AtleastOneDatanodeReportedRule rule is successfully validated
2021-01-11 12:57:17,203 [EventQueue-OpenPipelineForHealthyPipelineSafeModeRule] INFO  safemode.SCMSafeModeManager (HealthyPipelineSafeModeRule.java:process(128)) - SCM in safe mode. Healthy pipelines reported count is 0, required healthy pipeline reported count is 1
2021-01-11 12:57:17,448 [grpc-default-executor-3] WARN  server.GrpcLogAppender (LogUtils.java:warn(122)) - omNode-2@group-523986131536->omNode-3-AppendLogResponseHandler: Failed appendEntries: org.apache.ratis.thirdparty.io.grpc.StatusRuntimeException: UNAVAILABLE: io exception
2021-01-11 12:57:17,449 [grpc-default-executor-3] WARN  server.GrpcLogAppender (GrpcLogAppender.java:resetClient(111)) - omNode-2@group-523986131536->omNode-3-GrpcLogAppender: Leader has not got in touch with Follower omNode-2@group-523986131536->omNode-3(c-1,m0,n1, attendVote=true, lastRpcSendTime=1, lastRpcResponseTime=9418) yet, just keep nextIndex unchanged and retry.
2021-01-11 12:57:17,744 [EventQueue-OpenPipelineForHealthyPipelineSafeModeRule] INFO  safemode.SCMSafeModeManager (HealthyPipelineSafeModeRule.java:process(128)) - SCM in safe mode. Healthy pipelines reported count is 0, required healthy pipeline reported count is 1
2021-01-11 12:57:17,744 [EventQueue-PipelineReportForOneReplicaPipelineSafeModeRule] INFO  safemode.SCMSafeModeManager (SCMSafeModeManager.java:validateSafeModeExitRules(214)) - AtleastOneDatanodeReportedRule rule is successfully validated
2021-01-11 12:57:17,847 [EventQueue-PipelineReportForOneReplicaPipelineSafeModeRule] INFO  safemode.SCMSafeModeManager (SCMSafeModeManager.java:validateSafeModeExitRules(214)) - AtleastOneDatanodeReportedRule rule is successfully validated
2021-01-11 12:57:17,847 [EventQueue-OpenPipelineForHealthyPipelineSafeModeRule] INFO  safemode.SCMSafeModeManager (HealthyPipelineSafeModeRule.java:process(128)) - SCM in safe mode. Healthy pipelines reported count is 0, required healthy pipeline reported count is 1
2021-01-11 12:57:17,948 [grpc-default-executor-3] WARN  server.GrpcLogAppender (LogUtils.java:warn(122)) - omNode-2@group-523986131536->omNode-3-AppendLogResponseHandler: Failed appendEntries: org.apache.ratis.thirdparty.io.grpc.StatusRuntimeException: UNAVAILABLE: io exception
2021-01-11 12:57:17,949 [grpc-default-executor-3] WARN  server.GrpcLogAppender (GrpcLogAppender.java:resetClient(111)) - omNode-2@group-523986131536->omNode-3-GrpcLogAppender: Leader has not got in touch with Follower omNode-2@group-523986131536->omNode-3(c-1,m0,n1, attendVote=true, lastRpcSendTime=501, lastRpcResponseTime=9918) yet, just keep nextIndex unchanged and retry.
2021-01-11 12:57:18,183 [Listener at 127.0.0.1/13588] INFO  ozone.MiniOzoneClusterImpl (MiniOzoneClusterImpl.java:lambda$waitForClusterToBeReady$0(179)) - Nodes are ready. Got 3 of 3 DN Heartbeats.
2021-01-11 12:57:18,184 [Listener at 127.0.0.1/13588] INFO  ozone.MiniOzoneClusterImpl (MiniOzoneClusterImpl.java:lambda$waitForClusterToBeReady$0(182)) - Waiting for cluster to exit safe mode
2021-01-11 12:57:18,203 [EventQueue-PipelineReportForOneReplicaPipelineSafeModeRule] INFO  safemode.SCMSafeModeManager (SCMSafeModeManager.java:validateSafeModeExitRules(214)) - AtleastOneDatanodeReportedRule rule is successfully validated
2021-01-11 12:57:18,203 [EventQueue-OpenPipelineForHealthyPipelineSafeModeRule] INFO  safemode.SCMSafeModeManager (HealthyPipelineSafeModeRule.java:process(128)) - SCM in safe mode. Healthy pipelines reported count is 0, required healthy pipeline reported count is 1
2021-01-11 12:57:18,450 [grpc-default-executor-3] WARN  server.GrpcLogAppender (LogUtils.java:warn(122)) - omNode-2@group-523986131536->omNode-3-AppendLogResponseHandler: Failed appendEntries: org.apache.ratis.thirdparty.io.grpc.StatusRuntimeException: UNAVAILABLE: io exception
2021-01-11 12:57:18,451 [grpc-default-executor-3] WARN  server.GrpcLogAppender (GrpcLogAppender.java:resetClient(111)) - omNode-2@group-523986131536->omNode-3-GrpcLogAppender: Leader has not got in touch with Follower omNode-2@group-523986131536->omNode-3(c-1,m0,n1, attendVote=true, lastRpcSendTime=0, lastRpcResponseTime=10421) yet, just keep nextIndex unchanged and retry.
2021-01-11 12:57:18,743 [EventQueue-PipelineReportForOneReplicaPipelineSafeModeRule] INFO  safemode.SCMSafeModeManager (SCMSafeModeManager.java:validateSafeModeExitRules(214)) - AtleastOneDatanodeReportedRule rule is successfully validated
2021-01-11 12:57:18,743 [EventQueue-OpenPipelineForHealthyPipelineSafeModeRule] INFO  safemode.SCMSafeModeManager (HealthyPipelineSafeModeRule.java:process(128)) - SCM in safe mode. Healthy pipelines reported count is 0, required healthy pipeline reported count is 1
2021-01-11 12:57:18,854 [EventQueue-PipelineReportForOneReplicaPipelineSafeModeRule] INFO  safemode.SCMSafeModeManager (SCMSafeModeManager.java:validateSafeModeExitRules(214)) - AtleastOneDatanodeReportedRule rule is successfully validated
2021-01-11 12:57:18,854 [EventQueue-OpenPipelineForHealthyPipelineSafeModeRule] INFO  safemode.SCMSafeModeManager (HealthyPipelineSafeModeRule.java:process(128)) - SCM in safe mode. Healthy pipelines reported count is 0, required healthy pipeline reported count is 1
2021-01-11 12:57:18,951 [grpc-default-executor-3] WARN  server.GrpcLogAppender (LogUtils.java:warn(122)) - omNode-2@group-523986131536->omNode-3-AppendLogResponseHandler: Failed appendEntries: org.apache.ratis.thirdparty.io.grpc.StatusRuntimeException: UNAVAILABLE: io exception
2021-01-11 12:57:18,951 [grpc-default-executor-3] WARN  server.GrpcLogAppender (GrpcLogAppender.java:resetClient(111)) - omNode-2@group-523986131536->omNode-3-GrpcLogAppender: Leader has not got in touch with Follower omNode-2@group-523986131536->omNode-3(c-1,m0,n1, attendVote=true, lastRpcSendTime=0, lastRpcResponseTime=10921) yet, just keep nextIndex unchanged and retry.
2021-01-11 12:57:19,184 [Listener at 127.0.0.1/13588] INFO  ozone.MiniOzoneClusterImpl (MiniOzoneClusterImpl.java:lambda$waitForClusterToBeReady$0(179)) - Nodes are ready. Got 3 of 3 DN Heartbeats.
2021-01-11 12:57:19,184 [Listener at 127.0.0.1/13588] INFO  ozone.MiniOzoneClusterImpl (MiniOzoneClusterImpl.java:lambda$waitForClusterToBeReady$0(182)) - Waiting for cluster to exit safe mode
2021-01-11 12:57:19,201 [EventQueue-PipelineReportForOneReplicaPipelineSafeModeRule] INFO  safemode.SCMSafeModeManager (SCMSafeModeManager.java:validateSafeModeExitRules(214)) - AtleastOneDatanodeReportedRule rule is successfully validated
2021-01-11 12:57:19,201 [EventQueue-OpenPipelineForHealthyPipelineSafeModeRule] INFO  safemode.SCMSafeModeManager (HealthyPipelineSafeModeRule.java:process(128)) - SCM in safe mode. Healthy pipelines reported count is 0, required healthy pipeline reported count is 1
2021-01-11 12:57:19,451 [grpc-default-executor-3] WARN  server.GrpcLogAppender (LogUtils.java:warn(122)) - omNode-2@group-523986131536->omNode-3-AppendLogResponseHandler: Failed appendEntries: org.apache.ratis.thirdparty.io.grpc.StatusRuntimeException: UNAVAILABLE: io exception
2021-01-11 12:57:19,452 [grpc-default-executor-3] WARN  server.GrpcLogAppender (GrpcLogAppender.java:resetClient(111)) - omNode-2@group-523986131536->omNode-3-GrpcLogAppender: Leader has not got in touch with Follower omNode-2@group-523986131536->omNode-3(c-1,m0,n1, attendVote=true, lastRpcSendTime=501, lastRpcResponseTime=11421) yet, just keep nextIndex unchanged and retry.
2021-01-11 12:57:19,524 [Thread-259] INFO  impl.FollowerState (FollowerState.java:run(133)) - b057ab2e-0df4-4064-b246-7cb4ffc66d9d@group-58B84E7C5BEE-FollowerState: change to CANDIDATE, lastRpcElapsedTime:5159494062ns, electionTimeout:5150ms
2021-01-11 12:57:19,525 [Thread-259] INFO  impl.RoleInfo (RoleInfo.java:shutdownFollowerState(108)) - b057ab2e-0df4-4064-b246-7cb4ffc66d9d: shutdown b057ab2e-0df4-4064-b246-7cb4ffc66d9d@group-58B84E7C5BEE-FollowerState
2021-01-11 12:57:19,525 [Thread-259] INFO  server.RaftServer$Division (RaftServerImpl.java:setRole(283)) - b057ab2e-0df4-4064-b246-7cb4ffc66d9d@group-58B84E7C5BEE: changes role from  FOLLOWER to CANDIDATE at term 0 for changeToCandidate
2021-01-11 12:57:19,525 [Thread-259] INFO  impl.RoleInfo (RoleInfo.java:updateAndGet(130)) - b057ab2e-0df4-4064-b246-7cb4ffc66d9d: start b057ab2e-0df4-4064-b246-7cb4ffc66d9d@group-58B84E7C5BEE-LeaderElection4
2021-01-11 12:57:19,527 [Thread-261] INFO  impl.FollowerState (FollowerState.java:run(133)) - b057ab2e-0df4-4064-b246-7cb4ffc66d9d@group-85286E2668C3-FollowerState: change to CANDIDATE, lastRpcElapsedTime:5091942058ns, electionTimeout:5090ms
2021-01-11 12:57:19,527 [Thread-261] INFO  impl.RoleInfo (RoleInfo.java:shutdownFollowerState(108)) - b057ab2e-0df4-4064-b246-7cb4ffc66d9d: shutdown b057ab2e-0df4-4064-b246-7cb4ffc66d9d@group-85286E2668C3-FollowerState
2021-01-11 12:57:19,527 [Thread-261] INFO  server.RaftServer$Division (RaftServerImpl.java:setRole(283)) - b057ab2e-0df4-4064-b246-7cb4ffc66d9d@group-85286E2668C3: changes role from  FOLLOWER to CANDIDATE at term 0 for changeToCandidate
2021-01-11 12:57:19,527 [Thread-261] INFO  impl.RoleInfo (RoleInfo.java:updateAndGet(130)) - b057ab2e-0df4-4064-b246-7cb4ffc66d9d: start b057ab2e-0df4-4064-b246-7cb4ffc66d9d@group-85286E2668C3-LeaderElection5
2021-01-11 12:57:19,529 [b057ab2e-0df4-4064-b246-7cb4ffc66d9d@group-58B84E7C5BEE-LeaderElection4] INFO  impl.LeaderElection (LeaderElection.java:askForPreVotes(259)) - b057ab2e-0df4-4064-b246-7cb4ffc66d9d@group-58B84E7C5BEE-LeaderElection4: begin a pre-vote at term 0 for -1: [b057ab2e-0df4-4064-b246-7cb4ffc66d9d|rpc:172.17.0.2:38959|priority:1], old=null
2021-01-11 12:57:19,530 [b057ab2e-0df4-4064-b246-7cb4ffc66d9d@group-58B84E7C5BEE-LeaderElection4] INFO  impl.LeaderElection (LeaderElection.java:askForPreVotes(261)) - b057ab2e-0df4-4064-b246-7cb4ffc66d9d@group-58B84E7C5BEE-LeaderElection4 pre-vote result is PASSED.
2021-01-11 12:57:19,531 [b057ab2e-0df4-4064-b246-7cb4ffc66d9d@group-85286E2668C3-LeaderElection5] INFO  impl.LeaderElection (LeaderElection.java:askForPreVotes(259)) - b057ab2e-0df4-4064-b246-7cb4ffc66d9d@group-85286E2668C3-LeaderElection5: begin a pre-vote at term 0 for -1: [0f5c7db6-31a1-4b3e-82e6-84ec1a4dccba|rpc:172.17.0.2:40001|priority:0, 82f8c02a-15cf-48cc-925d-b57d5eaceec5|rpc:172.17.0.2:42755|priority:0, b057ab2e-0df4-4064-b246-7cb4ffc66d9d|rpc:172.17.0.2:38959|priority:1], old=null
2021-01-11 12:57:19,532 [b057ab2e-0df4-4064-b246-7cb4ffc66d9d@group-58B84E7C5BEE-LeaderElection4] INFO  impl.LeaderElection (LeaderElection.java:askForVotes(308)) - b057ab2e-0df4-4064-b246-7cb4ffc66d9d@group-58B84E7C5BEE-LeaderElection4: begin an election at term 1 for -1: [b057ab2e-0df4-4064-b246-7cb4ffc66d9d|rpc:172.17.0.2:38959|priority:1], old=null
2021-01-11 12:57:19,532 [b057ab2e-0df4-4064-b246-7cb4ffc66d9d@group-58B84E7C5BEE-LeaderElection4] INFO  impl.RoleInfo (RoleInfo.java:shutdownLeaderElection(121)) - b057ab2e-0df4-4064-b246-7cb4ffc66d9d: shutdown b057ab2e-0df4-4064-b246-7cb4ffc66d9d@group-58B84E7C5BEE-LeaderElection4
2021-01-11 12:57:19,532 [b057ab2e-0df4-4064-b246-7cb4ffc66d9d@group-58B84E7C5BEE-LeaderElection4] INFO  server.RaftServer$Division (RaftServerImpl.java:setRole(283)) - b057ab2e-0df4-4064-b246-7cb4ffc66d9d@group-58B84E7C5BEE: changes role from CANDIDATE to LEADER at term 1 for changeToLeader
2021-01-11 12:57:19,532 [b057ab2e-0df4-4064-b246-7cb4ffc66d9d@group-58B84E7C5BEE-LeaderElection4] INFO  ratis.XceiverServerRatis (XceiverServerRatis.java:handleLeaderChangedNotification(868)) - Leader change notification received for group: group-58B84E7C5BEE with new leaderId: b057ab2e-0df4-4064-b246-7cb4ffc66d9d
2021-01-11 12:57:19,534 [b057ab2e-0df4-4064-b246-7cb4ffc66d9d@group-58B84E7C5BEE-LeaderElection4] INFO  server.RaftServer$Division (ServerState.java:setLeader(249)) - b057ab2e-0df4-4064-b246-7cb4ffc66d9d@group-58B84E7C5BEE: change Leader from null to b057ab2e-0df4-4064-b246-7cb4ffc66d9d at term 1 for becomeLeader, leader elected after 5196ms
2021-01-11 12:57:19,535 [b057ab2e-0df4-4064-b246-7cb4ffc66d9d@group-58B84E7C5BEE-LeaderElection4] INFO  server.RaftServerConfigKeys (ConfUtils.java:logGet(44)) - raft.server.staging.catchup.gap = 1000 (default)
2021-01-11 12:57:19,535 [b057ab2e-0df4-4064-b246-7cb4ffc66d9d@group-58B84E7C5BEE-LeaderElection4] INFO  metrics.RatisMetrics (RatisMetrics.java:lambda$create$0(36)) - Creating Metrics Registry : ratis.log_appender.b057ab2e-0df4-4064-b246-7cb4ffc66d9d@group-58B84E7C5BEE
2021-01-11 12:57:19,535 [b057ab2e-0df4-4064-b246-7cb4ffc66d9d@group-58B84E7C5BEE-LeaderElection4] INFO  server.RaftServerConfigKeys (ConfUtils.java:logGet(44)) - raft.server.write.element-limit = 1024 (custom)
2021-01-11 12:57:19,535 [b057ab2e-0df4-4064-b246-7cb4ffc66d9d@group-58B84E7C5BEE-LeaderElection4] INFO  server.RaftServerConfigKeys (ConfUtils.java:logGet(44)) - raft.server.write.byte-limit = 1073741824 (custom)
2021-01-11 12:57:19,535 [b057ab2e-0df4-4064-b246-7cb4ffc66d9d@group-58B84E7C5BEE-LeaderElection4] INFO  server.RaftServerConfigKeys (ConfUtils.java:logGet(44)) - raft.server.watch.timeout = 180s (custom)
2021-01-11 12:57:19,535 [b057ab2e-0df4-4064-b246-7cb4ffc66d9d@group-58B84E7C5BEE-LeaderElection4] INFO  server.RaftServerConfigKeys (ConfUtils.java:logGet(44)) - raft.server.watch.timeout.denomination = 1s (default)
2021-01-11 12:57:19,535 [b057ab2e-0df4-4064-b246-7cb4ffc66d9d@group-58B84E7C5BEE-LeaderElection4] INFO  server.RaftServerConfigKeys (ConfUtils.java:logGet(44)) - raft.server.watch.element-limit = 65536 (default)
2021-01-11 12:57:19,536 [b057ab2e-0df4-4064-b246-7cb4ffc66d9d@group-58B84E7C5BEE-LeaderElection4] INFO  impl.RoleInfo (RoleInfo.java:updateAndGet(130)) - b057ab2e-0df4-4064-b246-7cb4ffc66d9d: start b057ab2e-0df4-4064-b246-7cb4ffc66d9d@group-58B84E7C5BEE-LeaderStateImpl
2021-01-11 12:57:19,536 [b057ab2e-0df4-4064-b246-7cb4ffc66d9d@group-58B84E7C5BEE-LeaderElection4] INFO  segmented.SegmentedRaftLogWorker (SegmentedRaftLogWorker.java:startLogSegment(392)) - b057ab2e-0df4-4064-b246-7cb4ffc66d9d@group-58B84E7C5BEE-SegmentedRaftLogWorker: Starting segment from index:0
2021-01-11 12:57:19,538 [b057ab2e-0df4-4064-b246-7cb4ffc66d9d@group-58B84E7C5BEE-SegmentedRaftLogWorker] INFO  segmented.SegmentedRaftLogWorker (SegmentedRaftLogWorker.java:execute(599)) - b057ab2e-0df4-4064-b246-7cb4ffc66d9d@group-58B84E7C5BEE-SegmentedRaftLogWorker: created new log segment /github/workspace/mnt/ozone/hadoop-ozone/integration-test/target/test-dir/MiniOzoneClusterImpl-8fb96eea-81cb-44ec-9a2b-3e454d7fad19/datanode-0/data/ratis/1d0bd5ca-1ccf-498f-b47d-58b84e7c5bee/current/log_inprogress_0
2021-01-11 12:57:19,548 [b057ab2e-0df4-4064-b246-7cb4ffc66d9d@group-58B84E7C5BEE-LeaderElection4] INFO  server.RaftServer$Division (ServerState.java:setRaftConf(368)) - b057ab2e-0df4-4064-b246-7cb4ffc66d9d@group-58B84E7C5BEE: set configuration 0: [b057ab2e-0df4-4064-b246-7cb4ffc66d9d|rpc:172.17.0.2:38959|dataStream:|priority:1], old=null
2021-01-11 12:57:19,548 [EventQueue-PipelineReportForOneReplicaPipelineSafeModeRule] INFO  safemode.SCMSafeModeManager (SCMSafeModeManager.java:validateSafeModeExitRules(214)) - AtleastOneDatanodeReportedRule rule is successfully validated
2021-01-11 12:57:19,549 [EventQueue-OpenPipelineForHealthyPipelineSafeModeRule] INFO  safemode.SCMSafeModeManager (HealthyPipelineSafeModeRule.java:process(128)) - SCM in safe mode. Healthy pipelines reported count is 0, required healthy pipeline reported count is 1
2021-01-11 12:57:19,556 [grpc-default-executor-2] INFO  server.RaftServer$Division (RaftServerImpl.java:requestPreVote(1060)) - 0f5c7db6-31a1-4b3e-82e6-84ec1a4dccba@group-85286E2668C3: receive preVote(b057ab2e-0df4-4064-b246-7cb4ffc66d9d, group-85286E2668C3, 0, (t:0, i:0))
2021-01-11 12:57:19,556 [grpc-default-executor-2] INFO  server.RaftServer$Division (RaftServerImpl.java:requestPreVote(1081)) - 0f5c7db6-31a1-4b3e-82e6-84ec1a4dccba@group-85286E2668C3 role: FOLLOWER allow pre-vote from:b057ab2e-0df4-4064-b246-7cb4ffc66d9d
2021-01-11 12:57:19,556 [grpc-default-executor-2] INFO  server.RaftServer$Division (RaftServerImpl.java:requestPreVote(1099)) - 0f5c7db6-31a1-4b3e-82e6-84ec1a4dccba@group-85286E2668C3 replies to pre-vote request: b057ab2e-0df4-4064-b246-7cb4ffc66d9d<-0f5c7db6-31a1-4b3e-82e6-84ec1a4dccba#0:OK-t0. Peer's state: 0f5c7db6-31a1-4b3e-82e6-84ec1a4dccba@group-85286E2668C3:t0, leader=null, voted=, raftlog=0f5c7db6-31a1-4b3e-82e6-84ec1a4dccba@group-85286E2668C3-SegmentedRaftLog:OPENED:c-1,f-1,i0, conf=-1: [0f5c7db6-31a1-4b3e-82e6-84ec1a4dccba|rpc:172.17.0.2:40001|dataStream:|priority:0, 82f8c02a-15cf-48cc-925d-b57d5eaceec5|rpc:172.17.0.2:42755|dataStream:|priority:0, b057ab2e-0df4-4064-b246-7cb4ffc66d9d|rpc:172.17.0.2:38959|dataStream:|priority:1], old=null
2021-01-11 12:57:19,564 [grpc-default-executor-3] INFO  server.RaftServer$Division (RaftServerImpl.java:requestPreVote(1060)) - 82f8c02a-15cf-48cc-925d-b57d5eaceec5@group-85286E2668C3: receive preVote(b057ab2e-0df4-4064-b246-7cb4ffc66d9d, group-85286E2668C3, 0, (t:0, i:0))
2021-01-11 12:57:19,564 [grpc-default-executor-3] INFO  server.RaftServer$Division (RaftServerImpl.java:requestPreVote(1081)) - 82f8c02a-15cf-48cc-925d-b57d5eaceec5@group-85286E2668C3 role: FOLLOWER allow pre-vote from:b057ab2e-0df4-4064-b246-7cb4ffc66d9d
2021-01-11 12:57:19,564 [grpc-default-executor-3] INFO  server.RaftServer$Division (RaftServerImpl.java:requestPreVote(1099)) - 82f8c02a-15cf-48cc-925d-b57d5eaceec5@group-85286E2668C3 replies to pre-vote request: b057ab2e-0df4-4064-b246-7cb4ffc66d9d<-82f8c02a-15cf-48cc-925d-b57d5eaceec5#0:OK-t0. Peer's state: 82f8c02a-15cf-48cc-925d-b57d5eaceec5@group-85286E2668C3:t0, leader=null, voted=, raftlog=82f8c02a-15cf-48cc-925d-b57d5eaceec5@group-85286E2668C3-SegmentedRaftLog:OPENED:c-1,f-1,i0, conf=-1: [0f5c7db6-31a1-4b3e-82e6-84ec1a4dccba|rpc:172.17.0.2:40001|dataStream:|priority:0, 82f8c02a-15cf-48cc-925d-b57d5eaceec5|rpc:172.17.0.2:42755|dataStream:|priority:0, b057ab2e-0df4-4064-b246-7cb4ffc66d9d|rpc:172.17.0.2:38959|dataStream:|priority:1], old=null
2021-01-11 12:57:19,571 [b057ab2e-0df4-4064-b246-7cb4ffc66d9d@group-85286E2668C3-LeaderElection5] INFO  impl.LeaderElection (LeaderElection.java:logAndReturn(68)) - b057ab2e-0df4-4064-b246-7cb4ffc66d9d@group-85286E2668C3-LeaderElection5: Pre-vote  PASSED received 1 response(s):[b057ab2e-0df4-4064-b246-7cb4ffc66d9d<-0f5c7db6-31a1-4b3e-82e6-84ec1a4dccba#0:OK-t0]
2021-01-11 12:57:19,573 [b057ab2e-0df4-4064-b246-7cb4ffc66d9d@group-85286E2668C3-LeaderElection5] INFO  impl.LeaderElection (LeaderElection.java:askForPreVotes(261)) - b057ab2e-0df4-4064-b246-7cb4ffc66d9d@group-85286E2668C3-LeaderElection5 pre-vote result is PASSED.
2021-01-11 12:57:19,576 [b057ab2e-0df4-4064-b246-7cb4ffc66d9d@group-85286E2668C3-LeaderElection5] INFO  impl.LeaderElection (LeaderElection.java:askForVotes(308)) - b057ab2e-0df4-4064-b246-7cb4ffc66d9d@group-85286E2668C3-LeaderElection5: begin an election at term 1 for -1: [0f5c7db6-31a1-4b3e-82e6-84ec1a4dccba|rpc:172.17.0.2:40001|priority:0, 82f8c02a-15cf-48cc-925d-b57d5eaceec5|rpc:172.17.0.2:42755|priority:0, b057ab2e-0df4-4064-b246-7cb4ffc66d9d|rpc:172.17.0.2:38959|priority:1], old=null
2021-01-11 12:57:19,601 [grpc-default-executor-2] INFO  server.RaftServer$Division (RaftServerImpl.java:setRole(283)) - 0f5c7db6-31a1-4b3e-82e6-84ec1a4dccba@group-85286E2668C3: changes role from  FOLLOWER to FOLLOWER at term 1 for recognizeCandidate:b057ab2e-0df4-4064-b246-7cb4ffc66d9d
2021-01-11 12:57:19,616 [grpc-default-executor-2] INFO  impl.RoleInfo (RoleInfo.java:shutdownFollowerState(108)) - 0f5c7db6-31a1-4b3e-82e6-84ec1a4dccba: shutdown 0f5c7db6-31a1-4b3e-82e6-84ec1a4dccba@group-85286E2668C3-FollowerState
2021-01-11 12:57:19,616 [grpc-default-executor-2] INFO  impl.RoleInfo (RoleInfo.java:updateAndGet(130)) - 0f5c7db6-31a1-4b3e-82e6-84ec1a4dccba: start 0f5c7db6-31a1-4b3e-82e6-84ec1a4dccba@group-85286E2668C3-FollowerState
2021-01-11 12:57:19,616 [Thread-264] INFO  impl.FollowerState (FollowerState.java:run(142)) - 0f5c7db6-31a1-4b3e-82e6-84ec1a4dccba@group-85286E2668C3-FollowerState was interrupted: {}
java.lang.InterruptedException: sleep interrupted
	at java.lang.Thread.sleep(Native Method)
	at java.lang.Thread.sleep(Thread.java:340)
	at java.util.concurrent.TimeUnit.sleep(TimeUnit.java:386)
	at org.apache.ratis.util.TimeDuration.sleep(TimeDuration.java:324)
	at org.apache.ratis.util.TimeDuration.sleep(TimeDuration.java:309)
	at org.apache.ratis.server.impl.FollowerState.run(FollowerState.java:117)
2021-01-11 12:57:19,616 [grpc-default-executor-3] INFO  server.RaftServer$Division (RaftServerImpl.java:setRole(283)) - 82f8c02a-15cf-48cc-925d-b57d5eaceec5@group-85286E2668C3: changes role from  FOLLOWER to FOLLOWER at term 1 for recognizeCandidate:b057ab2e-0df4-4064-b246-7cb4ffc66d9d
2021-01-11 12:57:19,616 [grpc-default-executor-3] INFO  impl.RoleInfo (RoleInfo.java:shutdownFollowerState(108)) - 82f8c02a-15cf-48cc-925d-b57d5eaceec5: shutdown 82f8c02a-15cf-48cc-925d-b57d5eaceec5@group-85286E2668C3-FollowerState
2021-01-11 12:57:19,623 [grpc-default-executor-2] INFO  server.RaftServer$Division (RaftServerImpl.java:requestVote(1137)) -  FOLLOWER 0f5c7db6-31a1-4b3e-82e6-84ec1a4dccba@group-85286E2668C3:t1, leader=null, voted=null, raftlog=0f5c7db6-31a1-4b3e-82e6-84ec1a4dccba@group-85286E2668C3-SegmentedRaftLog:OPENED:c-1,f-1,i0, conf=-1: [0f5c7db6-31a1-4b3e-82e6-84ec1a4dccba|rpc:172.17.0.2:40001|dataStream:|priority:0, 82f8c02a-15cf-48cc-925d-b57d5eaceec5|rpc:172.17.0.2:42755|dataStream:|priority:0, b057ab2e-0df4-4064-b246-7cb4ffc66d9d|rpc:172.17.0.2:38959|dataStream:|priority:1], old=null RUNNING priority:0 candidate:b057ab2e-0df4-4064-b246-7cb4ffc66d9d|rpc:172.17.0.2:38959|dataStream:|priority:1 candidatePriority:1 compare:0
2021-01-11 12:57:19,624 [grpc-default-executor-3] INFO  impl.RoleInfo (RoleInfo.java:updateAndGet(130)) - 82f8c02a-15cf-48cc-925d-b57d5eaceec5: start 82f8c02a-15cf-48cc-925d-b57d5eaceec5@group-85286E2668C3-FollowerState
2021-01-11 12:57:19,624 [Thread-267] INFO  impl.FollowerState (FollowerState.java:run(142)) - 82f8c02a-15cf-48cc-925d-b57d5eaceec5@group-85286E2668C3-FollowerState was interrupted: {}
java.lang.InterruptedException: sleep interrupted
	at java.lang.Thread.sleep(Native Method)
	at java.lang.Thread.sleep(Thread.java:340)
	at java.util.concurrent.TimeUnit.sleep(TimeUnit.java:386)
	at org.apache.ratis.util.TimeDuration.sleep(TimeDuration.java:324)
	at org.apache.ratis.util.TimeDuration.sleep(TimeDuration.java:309)
	at org.apache.ratis.server.impl.FollowerState.run(FollowerState.java:117)
2021-01-11 12:57:19,625 [grpc-default-executor-3] INFO  server.RaftServer$Division (RaftServerImpl.java:requestVote(1137)) -  FOLLOWER 82f8c02a-15cf-48cc-925d-b57d5eaceec5@group-85286E2668C3:t1, leader=null, voted=null, raftlog=82f8c02a-15cf-48cc-925d-b57d5eaceec5@group-85286E2668C3-SegmentedRaftLog:OPENED:c-1,f-1,i0, conf=-1: [0f5c7db6-31a1-4b3e-82e6-84ec1a4dccba|rpc:172.17.0.2:40001|dataStream:|priority:0, 82f8c02a-15cf-48cc-925d-b57d5eaceec5|rpc:172.17.0.2:42755|dataStream:|priority:0, b057ab2e-0df4-4064-b246-7cb4ffc66d9d|rpc:172.17.0.2:38959|dataStream:|priority:1], old=null RUNNING priority:0 candidate:b057ab2e-0df4-4064-b246-7cb4ffc66d9d|rpc:172.17.0.2:38959|dataStream:|priority:1 candidatePriority:1 compare:0
2021-01-11 12:57:19,634 [b057ab2e-0df4-4064-b246-7cb4ffc66d9d@group-85286E2668C3-LeaderElection5] INFO  impl.LeaderElection (LeaderElection.java:logAndReturn(68)) - b057ab2e-0df4-4064-b246-7cb4ffc66d9d@group-85286E2668C3-LeaderElection5: Election  PASSED received 1 response(s):[b057ab2e-0df4-4064-b246-7cb4ffc66d9d<-0f5c7db6-31a1-4b3e-82e6-84ec1a4dccba#0:OK-t1]
2021-01-11 12:57:19,634 [b057ab2e-0df4-4064-b246-7cb4ffc66d9d@group-85286E2668C3-LeaderElection5] INFO  impl.RoleInfo (RoleInfo.java:shutdownLeaderElection(121)) - b057ab2e-0df4-4064-b246-7cb4ffc66d9d: shutdown b057ab2e-0df4-4064-b246-7cb4ffc66d9d@group-85286E2668C3-LeaderElection5
2021-01-11 12:57:19,634 [b057ab2e-0df4-4064-b246-7cb4ffc66d9d@group-85286E2668C3-LeaderElection5] INFO  server.RaftServer$Division (RaftServerImpl.java:setRole(283)) - b057ab2e-0df4-4064-b246-7cb4ffc66d9d@group-85286E2668C3: changes role from CANDIDATE to LEADER at term 1 for changeToLeader
2021-01-11 12:57:19,634 [b057ab2e-0df4-4064-b246-7cb4ffc66d9d@group-85286E2668C3-LeaderElection5] INFO  ratis.XceiverServerRatis (XceiverServerRatis.java:handleLeaderChangedNotification(868)) - Leader change notification received for group: group-85286E2668C3 with new leaderId: b057ab2e-0df4-4064-b246-7cb4ffc66d9d
2021-01-11 12:57:19,634 [b057ab2e-0df4-4064-b246-7cb4ffc66d9d@group-85286E2668C3-LeaderElection5] INFO  server.RaftServer$Division (ServerState.java:setLeader(249)) - b057ab2e-0df4-4064-b246-7cb4ffc66d9d@group-85286E2668C3: change Leader from null to b057ab2e-0df4-4064-b246-7cb4ffc66d9d at term 1 for becomeLeader, leader elected after 5220ms
2021-01-11 12:57:19,634 [b057ab2e-0df4-4064-b246-7cb4ffc66d9d@group-85286E2668C3-LeaderElection5] INFO  server.RaftServerConfigKeys (ConfUtils.java:logGet(44)) - raft.server.staging.catchup.gap = 1000 (default)
2021-01-11 12:57:19,634 [b057ab2e-0df4-4064-b246-7cb4ffc66d9d@group-85286E2668C3-LeaderElection5] INFO  metrics.RatisMetrics (RatisMetrics.java:lambda$create$0(36)) - Creating Metrics Registry : ratis.log_appender.b057ab2e-0df4-4064-b246-7cb4ffc66d9d@group-85286E2668C3
2021-01-11 12:57:19,635 [b057ab2e-0df4-4064-b246-7cb4ffc66d9d@group-85286E2668C3-LeaderElection5] INFO  server.RaftServerConfigKeys (ConfUtils.java:logGet(44)) - raft.server.write.element-limit = 1024 (custom)
2021-01-11 12:57:19,635 [b057ab2e-0df4-4064-b246-7cb4ffc66d9d@group-85286E2668C3-LeaderElection5] INFO  server.RaftServerConfigKeys (ConfUtils.java:logGet(44)) - raft.server.write.byte-limit = 1073741824 (custom)
2021-01-11 12:57:19,635 [b057ab2e-0df4-4064-b246-7cb4ffc66d9d@group-85286E2668C3-LeaderElection5] INFO  server.RaftServerConfigKeys (ConfUtils.java:logGet(44)) - raft.server.watch.timeout = 180s (custom)
2021-01-11 12:57:19,635 [b057ab2e-0df4-4064-b246-7cb4ffc66d9d@group-85286E2668C3-LeaderElection5] INFO  server.RaftServerConfigKeys (ConfUtils.java:logGet(44)) - raft.server.watch.timeout.denomination = 1s (default)
2021-01-11 12:57:19,635 [b057ab2e-0df4-4064-b246-7cb4ffc66d9d@group-85286E2668C3-LeaderElection5] INFO  server.RaftServerConfigKeys (ConfUtils.java:logGet(44)) - raft.server.watch.element-limit = 65536 (default)
2021-01-11 12:57:19,635 [b057ab2e-0df4-4064-b246-7cb4ffc66d9d@group-85286E2668C3-LeaderElection5] INFO  server.RaftServerConfigKeys (ConfUtils.java:logGet(44)) - raft.server.log.appender.snapshot.chunk.size.max = 16MB (=16777216) (default)
2021-01-11 12:57:19,635 [b057ab2e-0df4-4064-b246-7cb4ffc66d9d@group-85286E2668C3-LeaderElection5] INFO  server.RaftServerConfigKeys (ConfUtils.java:logGet(44)) - raft.server.log.appender.buffer.byte-limit = 33554432 (custom)
2021-01-11 12:57:19,635 [b057ab2e-0df4-4064-b246-7cb4ffc66d9d@group-85286E2668C3-LeaderElection5] INFO  server.RaftServerConfigKeys (ConfUtils.java:logGet(44)) - raft.server.log.appender.buffer.element-limit = 1 (custom)
2021-01-11 12:57:19,636 [b057ab2e-0df4-4064-b246-7cb4ffc66d9d@group-85286E2668C3-LeaderElection5] INFO  grpc.GrpcConfigKeys (ConfUtils.java:logGet(44)) - raft.grpc.server.leader.outstanding.appends.max = 128 (default)
2021-01-11 12:57:19,636 [b057ab2e-0df4-4064-b246-7cb4ffc66d9d@group-85286E2668C3-LeaderElection5] INFO  server.RaftServerConfigKeys (ConfUtils.java:logGet(44)) - raft.server.rpc.request.timeout = 60s (custom)
2021-01-11 12:57:19,636 [b057ab2e-0df4-4064-b246-7cb4ffc66d9d@group-85286E2668C3-LeaderElection5] INFO  server.RaftServerConfigKeys (ConfUtils.java:logGet(44)) - raft.server.log.appender.install.snapshot.enabled = false (custom)
2021-01-11 12:57:19,636 [b057ab2e-0df4-4064-b246-7cb4ffc66d9d@group-85286E2668C3-LeaderElection5] INFO  metrics.RatisMetrics (RatisMetrics.java:lambda$create$0(36)) - Creating Metrics Registry : ratis_grpc.log_appender.b057ab2e-0df4-4064-b246-7cb4ffc66d9d@group-85286E2668C3
2021-01-11 12:57:19,636 [b057ab2e-0df4-4064-b246-7cb4ffc66d9d@group-85286E2668C3-LeaderElection5] INFO  server.RaftServerConfigKeys (ConfUtils.java:logGet(44)) - raft.server.log.appender.snapshot.chunk.size.max = 16MB (=16777216) (default)
2021-01-11 12:57:19,636 [b057ab2e-0df4-4064-b246-7cb4ffc66d9d@group-85286E2668C3-LeaderElection5] INFO  server.RaftServerConfigKeys (ConfUtils.java:logGet(44)) - raft.server.log.appender.buffer.byte-limit = 33554432 (custom)
2021-01-11 12:57:19,637 [b057ab2e-0df4-4064-b246-7cb4ffc66d9d@group-85286E2668C3-LeaderElection5] INFO  server.RaftServerConfigKeys (ConfUtils.java:logGet(44)) - raft.server.log.appender.buffer.element-limit = 1 (custom)
2021-01-11 12:57:19,637 [b057ab2e-0df4-4064-b246-7cb4ffc66d9d@group-85286E2668C3-LeaderElection5] INFO  grpc.GrpcConfigKeys (ConfUtils.java:logGet(44)) - raft.grpc.server.leader.outstanding.appends.max = 128 (default)
2021-01-11 12:57:19,637 [b057ab2e-0df4-4064-b246-7cb4ffc66d9d@group-85286E2668C3-LeaderElection5] INFO  server.RaftServerConfigKeys (ConfUtils.java:logGet(44)) - raft.server.rpc.request.timeout = 60s (custom)
2021-01-11 12:57:19,637 [b057ab2e-0df4-4064-b246-7cb4ffc66d9d@group-85286E2668C3-LeaderElection5] INFO  server.RaftServerConfigKeys (ConfUtils.java:logGet(44)) - raft.server.log.appender.install.snapshot.enabled = false (custom)
2021-01-11 12:57:19,638 [b057ab2e-0df4-4064-b246-7cb4ffc66d9d@group-85286E2668C3-LeaderElection5] INFO  impl.RoleInfo (RoleInfo.java:updateAndGet(130)) - b057ab2e-0df4-4064-b246-7cb4ffc66d9d: start b057ab2e-0df4-4064-b246-7cb4ffc66d9d@group-85286E2668C3-LeaderStateImpl
2021-01-11 12:57:19,638 [b057ab2e-0df4-4064-b246-7cb4ffc66d9d@group-85286E2668C3-LeaderElection5] INFO  segmented.SegmentedRaftLogWorker (SegmentedRaftLogWorker.java:startLogSegment(392)) - b057ab2e-0df4-4064-b246-7cb4ffc66d9d@group-85286E2668C3-SegmentedRaftLogWorker: Starting segment from index:0
2021-01-11 12:57:19,640 [b057ab2e-0df4-4064-b246-7cb4ffc66d9d@group-85286E2668C3-SegmentedRaftLogWorker] INFO  segmented.SegmentedRaftLogWorker (SegmentedRaftLogWorker.java:execute(599)) - b057ab2e-0df4-4064-b246-7cb4ffc66d9d@group-85286E2668C3-SegmentedRaftLogWorker: created new log segment /github/workspace/mnt/ozone/hadoop-ozone/integration-test/target/test-dir/MiniOzoneClusterImpl-8fb96eea-81cb-44ec-9a2b-3e454d7fad19/datanode-0/data/ratis/67b15e51-f049-49ed-99ce-85286e2668c3/current/log_inprogress_0
2021-01-11 12:57:19,654 [grpc-default-executor-3] INFO  ratis.XceiverServerRatis (XceiverServerRatis.java:handleLeaderChangedNotification(868)) - Leader change notification received for group: group-85286E2668C3 with new leaderId: b057ab2e-0df4-4064-b246-7cb4ffc66d9d
2021-01-11 12:57:19,654 [grpc-default-executor-3] INFO  server.RaftServer$Division (ServerState.java:setLeader(249)) - 0f5c7db6-31a1-4b3e-82e6-84ec1a4dccba@group-85286E2668C3: change Leader from null to b057ab2e-0df4-4064-b246-7cb4ffc66d9d at term 1 for appendEntries, leader elected after 5066ms
2021-01-11 12:57:19,655 [EventQueue-PipelineReportForOneReplicaPipelineSafeModeRule] INFO  safemode.SCMSafeModeManager (SCMSafeModeManager.java:validateSafeModeExitRules(214)) - AtleastOneDatanodeReportedRule rule is successfully validated
2021-01-11 12:57:19,655 [EventQueue-PipelineReportForPipelineReportHandler] INFO  pipeline.PipelineStateManager (PipelineStateManager.java:openPipeline(132)) - Pipeline Pipeline[ Id: 67b15e51-f049-49ed-99ce-85286e2668c3, Nodes: b057ab2e-0df4-4064-b246-7cb4ffc66d9d{ip: 172.17.0.2, host: 0df9a8009e06, networkLocation: /default-rack, certSerialId: null, persistedOpState: IN_SERVICE, persistedOpStateExpiryEpochSec: 0}0f5c7db6-31a1-4b3e-82e6-84ec1a4dccba{ip: 172.17.0.2, host: 0df9a8009e06, networkLocation: /default-rack, certSerialId: null, persistedOpState: IN_SERVICE, persistedOpStateExpiryEpochSec: 0}82f8c02a-15cf-48cc-925d-b57d5eaceec5{ip: 172.17.0.2, host: 0df9a8009e06, networkLocation: /default-rack, certSerialId: null, persistedOpState: IN_SERVICE, persistedOpStateExpiryEpochSec: 0}, Type:RATIS, Factor:THREE, State:ALLOCATED, leaderId:b057ab2e-0df4-4064-b246-7cb4ffc66d9d, CreationTimestamp2021-01-11T12:57:12.200Z] moved to OPEN state
2021-01-11 12:57:19,655 [EventQueue-OpenPipelineForHealthyPipelineSafeModeRule] INFO  safemode.SCMSafeModeManager (HealthyPipelineSafeModeRule.java:process(128)) - SCM in safe mode. Healthy pipelines reported count is 0, required healthy pipeline reported count is 1
2021-01-11 12:57:19,656 [b057ab2e-0df4-4064-b246-7cb4ffc66d9d@group-85286E2668C3-LeaderElection5] INFO  server.RaftServer$Division (ServerState.java:setRaftConf(368)) - b057ab2e-0df4-4064-b246-7cb4ffc66d9d@group-85286E2668C3: set configuration 0: [0f5c7db6-31a1-4b3e-82e6-84ec1a4dccba|rpc:172.17.0.2:40001|dataStream:|priority:0, 82f8c02a-15cf-48cc-925d-b57d5eaceec5|rpc:172.17.0.2:42755|dataStream:|priority:0, b057ab2e-0df4-4064-b246-7cb4ffc66d9d|rpc:172.17.0.2:38959|dataStream:|priority:1], old=null
2021-01-11 12:57:19,666 [grpc-default-executor-3] INFO  server.RaftServer$Division (ServerState.java:setRaftConf(368)) - 0f5c7db6-31a1-4b3e-82e6-84ec1a4dccba@group-85286E2668C3: set configuration 0: [0f5c7db6-31a1-4b3e-82e6-84ec1a4dccba|rpc:172.17.0.2:40001|dataStream:|priority:0, 82f8c02a-15cf-48cc-925d-b57d5eaceec5|rpc:172.17.0.2:42755|dataStream:|priority:0, b057ab2e-0df4-4064-b246-7cb4ffc66d9d|rpc:172.17.0.2:38959|dataStream:|priority:1], old=null
2021-01-11 12:57:19,666 [grpc-default-executor-3] INFO  segmented.SegmentedRaftLogWorker (SegmentedRaftLogWorker.java:startLogSegment(392)) - 0f5c7db6-31a1-4b3e-82e6-84ec1a4dccba@group-85286E2668C3-SegmentedRaftLogWorker: Starting segment from index:0
2021-01-11 12:57:19,656 [EventQueue-OpenPipelineForHealthyPipelineSafeModeRule] INFO  safemode.SCMSafeModeManager (HealthyPipelineSafeModeRule.java:process(128)) - SCM in safe mode. Healthy pipelines reported count is 1, required healthy pipeline reported count is 1
2021-01-11 12:57:19,667 [EventQueue-OpenPipelineForHealthyPipelineSafeModeRule] INFO  safemode.SCMSafeModeManager (SCMSafeModeManager.java:validateSafeModeExitRules(214)) - HealthyPipelineSafeModeRule rule is successfully validated
2021-01-11 12:57:19,667 [EventQueue-OpenPipelineForHealthyPipelineSafeModeRule] INFO  safemode.SCMSafeModeManager (SCMSafeModeManager.java:validateSafeModeExitRules(228)) - ScmSafeModeManager, all rules are successfully validated
2021-01-11 12:57:19,667 [EventQueue-OpenPipelineForHealthyPipelineSafeModeRule] INFO  safemode.SCMSafeModeManager (SCMSafeModeManager.java:exitSafeMode(257)) - SCM exiting safe mode.
2021-01-11 12:57:19,668 [0f5c7db6-31a1-4b3e-82e6-84ec1a4dccba@group-85286E2668C3-SegmentedRaftLogWorker] INFO  segmented.SegmentedRaftLogWorker (SegmentedRaftLogWorker.java:execute(599)) - 0f5c7db6-31a1-4b3e-82e6-84ec1a4dccba@group-85286E2668C3-SegmentedRaftLogWorker: created new log segment /github/workspace/mnt/ozone/hadoop-ozone/integration-test/target/test-dir/MiniOzoneClusterImpl-8fb96eea-81cb-44ec-9a2b-3e454d7fad19/datanode-1/data/ratis/67b15e51-f049-49ed-99ce-85286e2668c3/current/log_inprogress_0
2021-01-11 12:57:19,679 [grpc-default-executor-3] INFO  ratis.XceiverServerRatis (XceiverServerRatis.java:handleLeaderChangedNotification(868)) - Leader change notification received for group: group-85286E2668C3 with new leaderId: b057ab2e-0df4-4064-b246-7cb4ffc66d9d
2021-01-11 12:57:19,679 [grpc-default-executor-3] INFO  server.RaftServer$Division (ServerState.java:setLeader(249)) - 82f8c02a-15cf-48cc-925d-b57d5eaceec5@group-85286E2668C3: change Leader from null to b057ab2e-0df4-4064-b246-7cb4ffc66d9d at term 1 for appendEntries, leader elected after 4977ms
2021-01-11 12:57:19,681 [grpc-default-executor-2] INFO  server.RaftServer$Division (ServerState.java:setRaftConf(368)) - 82f8c02a-15cf-48cc-925d-b57d5eaceec5@group-85286E2668C3: set configuration 0: [0f5c7db6-31a1-4b3e-82e6-84ec1a4dccba|rpc:172.17.0.2:40001|dataStream:|priority:0, 82f8c02a-15cf-48cc-925d-b57d5eaceec5|rpc:172.17.0.2:42755|dataStream:|priority:0, b057ab2e-0df4-4064-b246-7cb4ffc66d9d|rpc:172.17.0.2:38959|dataStream:|priority:1], old=null
2021-01-11 12:57:19,681 [grpc-default-executor-2] INFO  segmented.SegmentedRaftLogWorker (SegmentedRaftLogWorker.java:startLogSegment(392)) - 82f8c02a-15cf-48cc-925d-b57d5eaceec5@group-85286E2668C3-SegmentedRaftLogWorker: Starting segment from index:0
2021-01-11 12:57:19,687 [82f8c02a-15cf-48cc-925d-b57d5eaceec5@group-85286E2668C3-SegmentedRaftLogWorker] INFO  segmented.SegmentedRaftLogWorker (SegmentedRaftLogWorker.java:execute(599)) - 82f8c02a-15cf-48cc-925d-b57d5eaceec5@group-85286E2668C3-SegmentedRaftLogWorker: created new log segment /github/workspace/mnt/ozone/hadoop-ozone/integration-test/target/test-dir/MiniOzoneClusterImpl-8fb96eea-81cb-44ec-9a2b-3e454d7fad19/datanode-2/data/ratis/67b15e51-f049-49ed-99ce-85286e2668c3/current/log_inprogress_0
2021-01-11 12:57:19,917 [Thread-270] INFO  impl.FollowerState (FollowerState.java:run(133)) - b057ab2e-0df4-4064-b246-7cb4ffc66d9d@group-3B806CC34C64-FollowerState: change to CANDIDATE, lastRpcElapsedTime:5170246510ns, electionTimeout:5159ms
2021-01-11 12:57:19,917 [Thread-270] INFO  impl.RoleInfo (RoleInfo.java:shutdownFollowerState(108)) - b057ab2e-0df4-4064-b246-7cb4ffc66d9d: shutdown b057ab2e-0df4-4064-b246-7cb4ffc66d9d@group-3B806CC34C64-FollowerState
2021-01-11 12:57:19,917 [Thread-270] INFO  server.RaftServer$Division (RaftServerImpl.java:setRole(283)) - b057ab2e-0df4-4064-b246-7cb4ffc66d9d@group-3B806CC34C64: changes role from  FOLLOWER to CANDIDATE at term 0 for changeToCandidate
2021-01-11 12:57:19,917 [Thread-270] INFO  impl.RoleInfo (RoleInfo.java:updateAndGet(130)) - b057ab2e-0df4-4064-b246-7cb4ffc66d9d: start b057ab2e-0df4-4064-b246-7cb4ffc66d9d@group-3B806CC34C64-LeaderElection6
2021-01-11 12:57:19,924 [b057ab2e-0df4-4064-b246-7cb4ffc66d9d@group-3B806CC34C64-LeaderElection6] INFO  impl.LeaderElection (LeaderElection.java:askForPreVotes(259)) - b057ab2e-0df4-4064-b246-7cb4ffc66d9d@group-3B806CC34C64-LeaderElection6: begin a pre-vote at term 0 for -1: [0f5c7db6-31a1-4b3e-82e6-84ec1a4dccba|rpc:172.17.0.2:40001|priority:1, 82f8c02a-15cf-48cc-925d-b57d5eaceec5|rpc:172.17.0.2:42755|priority:0, b057ab2e-0df4-4064-b246-7cb4ffc66d9d|rpc:172.17.0.2:38959|priority:0], old=null
2021-01-11 12:57:19,938 [grpc-default-executor-3] INFO  server.RaftServer$Division (RaftServerImpl.java:requestPreVote(1060)) - 0f5c7db6-31a1-4b3e-82e6-84ec1a4dccba@group-3B806CC34C64: receive preVote(b057ab2e-0df4-4064-b246-7cb4ffc66d9d, group-3B806CC34C64, 0, (t:0, i:0))
2021-01-11 12:57:19,938 [grpc-default-executor-3] INFO  server.RaftServer$Division (RaftServerImpl.java:requestPreVote(1083)) - 0f5c7db6-31a1-4b3e-82e6-84ec1a4dccba@group-3B806CC34C64 role: FOLLOWER reject pre-vote from:b057ab2e-0df4-4064-b246-7cb4ffc66d9d because compare:0 isCurrentLeaderValid:false
2021-01-11 12:57:19,938 [grpc-default-executor-3] INFO  server.RaftServer$Division (RaftServerImpl.java:requestPreVote(1099)) - 0f5c7db6-31a1-4b3e-82e6-84ec1a4dccba@group-3B806CC34C64 replies to pre-vote request: b057ab2e-0df4-4064-b246-7cb4ffc66d9d<-0f5c7db6-31a1-4b3e-82e6-84ec1a4dccba#0:FAIL-t0. Peer's state: 0f5c7db6-31a1-4b3e-82e6-84ec1a4dccba@group-3B806CC34C64:t0, leader=null, voted=, raftlog=0f5c7db6-31a1-4b3e-82e6-84ec1a4dccba@group-3B806CC34C64-SegmentedRaftLog:OPENED:c-1,f-1,i0, conf=-1: [0f5c7db6-31a1-4b3e-82e6-84ec1a4dccba|rpc:172.17.0.2:40001|dataStream:|priority:1, 82f8c02a-15cf-48cc-925d-b57d5eaceec5|rpc:172.17.0.2:42755|dataStream:|priority:0, b057ab2e-0df4-4064-b246-7cb4ffc66d9d|rpc:172.17.0.2:38959|dataStream:|priority:0], old=null
2021-01-11 12:57:19,943 [b057ab2e-0df4-4064-b246-7cb4ffc66d9d@group-3B806CC34C64-LeaderElection6] INFO  impl.LeaderElection (LeaderElection.java:logAndReturn(68)) - b057ab2e-0df4-4064-b246-7cb4ffc66d9d@group-3B806CC34C64-LeaderElection6: Pre-vote  REJECTED received 1 response(s):[b057ab2e-0df4-4064-b246-7cb4ffc66d9d<-0f5c7db6-31a1-4b3e-82e6-84ec1a4dccba#0:FAIL-t0]
2021-01-11 12:57:19,944 [b057ab2e-0df4-4064-b246-7cb4ffc66d9d@group-3B806CC34C64-LeaderElection6] INFO  impl.LeaderElection (LeaderElection.java:askForPreVotes(261)) - b057ab2e-0df4-4064-b246-7cb4ffc66d9d@group-3B806CC34C64-LeaderElection6 pre-vote result is REJECTED.
2021-01-11 12:57:19,944 [b057ab2e-0df4-4064-b246-7cb4ffc66d9d@group-3B806CC34C64-LeaderElection6] INFO  server.RaftServer$Division (RaftServerImpl.java:setRole(283)) - b057ab2e-0df4-4064-b246-7cb4ffc66d9d@group-3B806CC34C64: changes role from CANDIDATE to FOLLOWER at term 0 for REJECTED
2021-01-11 12:57:19,944 [b057ab2e-0df4-4064-b246-7cb4ffc66d9d@group-3B806CC34C64-LeaderElection6] INFO  impl.RoleInfo (RoleInfo.java:shutdownLeaderElection(121)) - b057ab2e-0df4-4064-b246-7cb4ffc66d9d: shutdown b057ab2e-0df4-4064-b246-7cb4ffc66d9d@group-3B806CC34C64-LeaderElection6
2021-01-11 12:57:19,944 [b057ab2e-0df4-4064-b246-7cb4ffc66d9d@group-3B806CC34C64-LeaderElection6] INFO  impl.RoleInfo (RoleInfo.java:updateAndGet(130)) - b057ab2e-0df4-4064-b246-7cb4ffc66d9d: start b057ab2e-0df4-4064-b246-7cb4ffc66d9d@group-3B806CC34C64-FollowerState
2021-01-11 12:57:19,949 [Thread-272] INFO  impl.FollowerState (FollowerState.java:run(133)) - 0f5c7db6-31a1-4b3e-82e6-84ec1a4dccba@group-3B806CC34C64-FollowerState: change to CANDIDATE, lastRpcElapsedTime:5154206938ns, electionTimeout:5132ms
2021-01-11 12:57:19,949 [grpc-default-executor-3] INFO  server.RaftServer$Division (RaftServerImpl.java:requestPreVote(1060)) - 82f8c02a-15cf-48cc-925d-b57d5eaceec5@group-3B806CC34C64: receive preVote(b057ab2e-0df4-4064-b246-7cb4ffc66d9d, group-3B806CC34C64, 0, (t:0, i:0))
2021-01-11 12:57:19,950 [grpc-default-executor-3] INFO  server.RaftServer$Division (RaftServerImpl.java:requestPreVote(1081)) - 82f8c02a-15cf-48cc-925d-b57d5eaceec5@group-3B806CC34C64 role: FOLLOWER allow pre-vote from:b057ab2e-0df4-4064-b246-7cb4ffc66d9d
2021-01-11 12:57:19,950 [grpc-default-executor-3] INFO  server.RaftServer$Division (RaftServerImpl.java:requestPreVote(1099)) - 82f8c02a-15cf-48cc-925d-b57d5eaceec5@group-3B806CC34C64 replies to pre-vote request: b057ab2e-0df4-4064-b246-7cb4ffc66d9d<-82f8c02a-15cf-48cc-925d-b57d5eaceec5#0:OK-t0. Peer's state: 82f8c02a-15cf-48cc-925d-b57d5eaceec5@group-3B806CC34C64:t0, leader=null, voted=, raftlog=82f8c02a-15cf-48cc-925d-b57d5eaceec5@group-3B806CC34C64-SegmentedRaftLog:OPENED:c-1,f-1,i0, conf=-1: [0f5c7db6-31a1-4b3e-82e6-84ec1a4dccba|rpc:172.17.0.2:40001|dataStream:|priority:1, 82f8c02a-15cf-48cc-925d-b57d5eaceec5|rpc:172.17.0.2:42755|dataStream:|priority:0, b057ab2e-0df4-4064-b246-7cb4ffc66d9d|rpc:172.17.0.2:38959|dataStream:|priority:0], old=null
2021-01-11 12:57:19,950 [Thread-272] INFO  impl.RoleInfo (RoleInfo.java:shutdownFollowerState(108)) - 0f5c7db6-31a1-4b3e-82e6-84ec1a4dccba: shutdown 0f5c7db6-31a1-4b3e-82e6-84ec1a4dccba@group-3B806CC34C64-FollowerState
2021-01-11 12:57:19,954 [Thread-272] INFO  server.RaftServer$Division (RaftServerImpl.java:setRole(283)) - 0f5c7db6-31a1-4b3e-82e6-84ec1a4dccba@group-3B806CC34C64: changes role from  FOLLOWER to CANDIDATE at term 0 for changeToCandidate
2021-01-11 12:57:19,954 [Thread-272] INFO  impl.RoleInfo (RoleInfo.java:updateAndGet(130)) - 0f5c7db6-31a1-4b3e-82e6-84ec1a4dccba: start 0f5c7db6-31a1-4b3e-82e6-84ec1a4dccba@group-3B806CC34C64-LeaderElection7
2021-01-11 12:57:19,954 [0f5c7db6-31a1-4b3e-82e6-84ec1a4dccba@group-3B806CC34C64-LeaderElection7] INFO  impl.LeaderElection (LeaderElection.java:askForPreVotes(259)) - 0f5c7db6-31a1-4b3e-82e6-84ec1a4dccba@group-3B806CC34C64-LeaderElection7: begin a pre-vote at term 0 for -1: [0f5c7db6-31a1-4b3e-82e6-84ec1a4dccba|rpc:172.17.0.2:40001|dataStream:|priority:1, 82f8c02a-15cf-48cc-925d-b57d5eaceec5|rpc:172.17.0.2:42755|dataStream:|priority:0, b057ab2e-0df4-4064-b246-7cb4ffc66d9d|rpc:172.17.0.2:38959|dataStream:|priority:0], old=null
2021-01-11 12:57:19,957 [grpc-default-executor-3] WARN  server.GrpcLogAppender (LogUtils.java:warn(122)) - omNode-2@group-523986131536->omNode-3-AppendLogResponseHandler: Failed appendEntries: org.apache.ratis.thirdparty.io.grpc.StatusRuntimeException: UNAVAILABLE: io exception
2021-01-11 12:57:19,958 [grpc-default-executor-3] WARN  server.GrpcLogAppender (GrpcLogAppender.java:resetClient(111)) - omNode-2@group-523986131536->omNode-3-GrpcLogAppender: Leader has not got in touch with Follower omNode-2@group-523986131536->omNode-3(c-1,m0,n1, attendVote=true, lastRpcSendTime=1, lastRpcResponseTime=11928) yet, just keep nextIndex unchanged and retry.
2021-01-11 12:57:19,971 [grpc-default-executor-3] INFO  metrics.RatisMetrics (RatisMetrics.java:lambda$create$0(36)) - Creating Metrics Registry : ratis.server_message_metrics.b057ab2e-0df4-4064-b246-7cb4ffc66d9d
2021-01-11 12:57:19,973 [grpc-default-executor-3] INFO  server.RaftServer$Division (RaftServerImpl.java:requestPreVote(1060)) - b057ab2e-0df4-4064-b246-7cb4ffc66d9d@group-3B806CC34C64: receive preVote(0f5c7db6-31a1-4b3e-82e6-84ec1a4dccba, group-3B806CC34C64, 0, (t:0, i:0))
2021-01-11 12:57:19,974 [grpc-default-executor-3] INFO  server.RaftServer$Division (RaftServerImpl.java:requestPreVote(1081)) - b057ab2e-0df4-4064-b246-7cb4ffc66d9d@group-3B806CC34C64 role: FOLLOWER allow pre-vote from:0f5c7db6-31a1-4b3e-82e6-84ec1a4dccba
2021-01-11 12:57:19,974 [grpc-default-executor-3] INFO  server.RaftServer$Division (RaftServerImpl.java:requestPreVote(1099)) - b057ab2e-0df4-4064-b246-7cb4ffc66d9d@group-3B806CC34C64 replies to pre-vote request: 0f5c7db6-31a1-4b3e-82e6-84ec1a4dccba<-b057ab2e-0df4-4064-b246-7cb4ffc66d9d#0:OK-t0. Peer's state: b057ab2e-0df4-4064-b246-7cb4ffc66d9d@group-3B806CC34C64:t0, leader=null, voted=, raftlog=b057ab2e-0df4-4064-b246-7cb4ffc66d9d@group-3B806CC34C64-SegmentedRaftLog:OPENED:c-1,f-1,i0, conf=-1: [0f5c7db6-31a1-4b3e-82e6-84ec1a4dccba|rpc:172.17.0.2:40001|priority:1, 82f8c02a-15cf-48cc-925d-b57d5eaceec5|rpc:172.17.0.2:42755|priority:0, b057ab2e-0df4-4064-b246-7cb4ffc66d9d|rpc:172.17.0.2:38959|priority:0], old=null
2021-01-11 12:57:19,976 [Thread-275] INFO  impl.FollowerState (FollowerState.java:run(133)) - 0f5c7db6-31a1-4b3e-82e6-84ec1a4dccba@group-E053A8FA01B7-FollowerState: change to CANDIDATE, lastRpcElapsedTime:5105495820ns, electionTimeout:5093ms
2021-01-11 12:57:19,981 [Thread-275] INFO  impl.RoleInfo (RoleInfo.java:shutdownFollowerState(108)) - 0f5c7db6-31a1-4b3e-82e6-84ec1a4dccba: shutdown 0f5c7db6-31a1-4b3e-82e6-84ec1a4dccba@group-E053A8FA01B7-FollowerState
2021-01-11 12:57:19,981 [Thread-275] INFO  server.RaftServer$Division (RaftServerImpl.java:setRole(283)) - 0f5c7db6-31a1-4b3e-82e6-84ec1a4dccba@group-E053A8FA01B7: changes role from  FOLLOWER to CANDIDATE at term 0 for changeToCandidate
2021-01-11 12:57:19,982 [Thread-275] INFO  impl.RoleInfo (RoleInfo.java:updateAndGet(130)) - 0f5c7db6-31a1-4b3e-82e6-84ec1a4dccba: start 0f5c7db6-31a1-4b3e-82e6-84ec1a4dccba@group-E053A8FA01B7-LeaderElection8
2021-01-11 12:57:19,989 [0f5c7db6-31a1-4b3e-82e6-84ec1a4dccba@group-3B806CC34C64-LeaderElection7] INFO  impl.LeaderElection (LeaderElection.java:logAndReturn(68)) - 0f5c7db6-31a1-4b3e-82e6-84ec1a4dccba@group-3B806CC34C64-LeaderElection7: Pre-vote  PASSED received 1 response(s):[0f5c7db6-31a1-4b3e-82e6-84ec1a4dccba<-b057ab2e-0df4-4064-b246-7cb4ffc66d9d#0:OK-t0]
2021-01-11 12:57:19,990 [0f5c7db6-31a1-4b3e-82e6-84ec1a4dccba@group-3B806CC34C64-LeaderElection7] INFO  impl.LeaderElection (LeaderElection.java:askForPreVotes(261)) - 0f5c7db6-31a1-4b3e-82e6-84ec1a4dccba@group-3B806CC34C64-LeaderElection7 pre-vote result is PASSED.
2021-01-11 12:57:19,989 [grpc-default-executor-3] INFO  server.RaftServer$Division (RaftServerImpl.java:requestPreVote(1060)) - 82f8c02a-15cf-48cc-925d-b57d5eaceec5@group-3B806CC34C64: receive preVote(0f5c7db6-31a1-4b3e-82e6-84ec1a4dccba, group-3B806CC34C64, 0, (t:0, i:0))
2021-01-11 12:57:19,990 [grpc-default-executor-3] INFO  server.RaftServer$Division (RaftServerImpl.java:requestPreVote(1081)) - 82f8c02a-15cf-48cc-925d-b57d5eaceec5@group-3B806CC34C64 role: FOLLOWER allow pre-vote from:0f5c7db6-31a1-4b3e-82e6-84ec1a4dccba
2021-01-11 12:57:19,990 [grpc-default-executor-3] INFO  server.RaftServer$Division (RaftServerImpl.java:requestPreVote(1099)) - 82f8c02a-15cf-48cc-925d-b57d5eaceec5@group-3B806CC34C64 replies to pre-vote request: 0f5c7db6-31a1-4b3e-82e6-84ec1a4dccba<-82f8c02a-15cf-48cc-925d-b57d5eaceec5#0:OK-t0. Peer's state: 82f8c02a-15cf-48cc-925d-b57d5eaceec5@group-3B806CC34C64:t0, leader=null, voted=, raftlog=82f8c02a-15cf-48cc-925d-b57d5eaceec5@group-3B806CC34C64-SegmentedRaftLog:OPENED:c-1,f-1,i0, conf=-1: [0f5c7db6-31a1-4b3e-82e6-84ec1a4dccba|rpc:172.17.0.2:40001|dataStream:|priority:1, 82f8c02a-15cf-48cc-925d-b57d5eaceec5|rpc:172.17.0.2:42755|dataStream:|priority:0, b057ab2e-0df4-4064-b246-7cb4ffc66d9d|rpc:172.17.0.2:38959|dataStream:|priority:0], old=null
2021-01-11 12:57:20,007 [0f5c7db6-31a1-4b3e-82e6-84ec1a4dccba@group-3B806CC34C64-LeaderElection7] INFO  impl.LeaderElection (LeaderElection.java:askForVotes(308)) - 0f5c7db6-31a1-4b3e-82e6-84ec1a4dccba@group-3B806CC34C64-LeaderElection7: begin an election at term 1 for -1: [0f5c7db6-31a1-4b3e-82e6-84ec1a4dccba|rpc:172.17.0.2:40001|dataStream:|priority:1, 82f8c02a-15cf-48cc-925d-b57d5eaceec5|rpc:172.17.0.2:42755|dataStream:|priority:0, b057ab2e-0df4-4064-b246-7cb4ffc66d9d|rpc:172.17.0.2:38959|dataStream:|priority:0], old=null
2021-01-11 12:57:20,016 [0f5c7db6-31a1-4b3e-82e6-84ec1a4dccba@group-E053A8FA01B7-LeaderElection8] INFO  impl.LeaderElection (LeaderElection.java:askForPreVotes(259)) - 0f5c7db6-31a1-4b3e-82e6-84ec1a4dccba@group-E053A8FA01B7-LeaderElection8: begin a pre-vote at term 0 for -1: [0f5c7db6-31a1-4b3e-82e6-84ec1a4dccba|rpc:172.17.0.2:40001|priority:1], old=null
2021-01-11 12:57:20,019 [0f5c7db6-31a1-4b3e-82e6-84ec1a4dccba@group-E053A8FA01B7-LeaderElection8] INFO  impl.LeaderElection (LeaderElection.java:askForPreVotes(261)) - 0f5c7db6-31a1-4b3e-82e6-84ec1a4dccba@group-E053A8FA01B7-LeaderElection8 pre-vote result is PASSED.
2021-01-11 12:57:20,018 [grpc-default-executor-3] INFO  server.RaftServer$Division (RaftServerImpl.java:setRole(283)) - 82f8c02a-15cf-48cc-925d-b57d5eaceec5@group-3B806CC34C64: changes role from  FOLLOWER to FOLLOWER at term 1 for recognizeCandidate:0f5c7db6-31a1-4b3e-82e6-84ec1a4dccba
2021-01-11 12:57:20,022 [grpc-default-executor-3] INFO  impl.RoleInfo (RoleInfo.java:shutdownFollowerState(108)) - 82f8c02a-15cf-48cc-925d-b57d5eaceec5: shutdown 82f8c02a-15cf-48cc-925d-b57d5eaceec5@group-3B806CC34C64-FollowerState
2021-01-11 12:57:20,023 [grpc-default-executor-3] INFO  impl.RoleInfo (RoleInfo.java:updateAndGet(130)) - 82f8c02a-15cf-48cc-925d-b57d5eaceec5: start 82f8c02a-15cf-48cc-925d-b57d5eaceec5@group-3B806CC34C64-FollowerState
2021-01-11 12:57:20,023 [Thread-277] INFO  impl.FollowerState (FollowerState.java:run(142)) - 82f8c02a-15cf-48cc-925d-b57d5eaceec5@group-3B806CC34C64-FollowerState was interrupted: {}
java.lang.InterruptedException: sleep interrupted
	at java.lang.Thread.sleep(Native Method)
	at java.lang.Thread.sleep(Thread.java:340)
	at java.util.concurrent.TimeUnit.sleep(TimeUnit.java:386)
	at org.apache.ratis.util.TimeDuration.sleep(TimeDuration.java:324)
	at org.apache.ratis.util.TimeDuration.sleep(TimeDuration.java:309)
	at org.apache.ratis.server.impl.FollowerState.run(FollowerState.java:117)
2021-01-11 12:57:20,023 [grpc-default-executor-3] INFO  server.RaftServer$Division (RaftServerImpl.java:requestVote(1137)) -  FOLLOWER 82f8c02a-15cf-48cc-925d-b57d5eaceec5@group-3B806CC34C64:t1, leader=null, voted=null, raftlog=82f8c02a-15cf-48cc-925d-b57d5eaceec5@group-3B806CC34C64-SegmentedRaftLog:OPENED:c-1,f-1,i0, conf=-1: [0f5c7db6-31a1-4b3e-82e6-84ec1a4dccba|rpc:172.17.0.2:40001|dataStream:|priority:1, 82f8c02a-15cf-48cc-925d-b57d5eaceec5|rpc:172.17.0.2:42755|dataStream:|priority:0, b057ab2e-0df4-4064-b246-7cb4ffc66d9d|rpc:172.17.0.2:38959|dataStream:|priority:0], old=null RUNNING priority:0 candidate:0f5c7db6-31a1-4b3e-82e6-84ec1a4dccba|rpc:172.17.0.2:40001|dataStream:|priority:1 candidatePriority:1 compare:0
2021-01-11 12:57:20,025 [grpc-default-executor-2] INFO  server.RaftServer$Division (RaftServerImpl.java:setRole(283)) - b057ab2e-0df4-4064-b246-7cb4ffc66d9d@group-3B806CC34C64: changes role from  FOLLOWER to FOLLOWER at term 1 for recognizeCandidate:0f5c7db6-31a1-4b3e-82e6-84ec1a4dccba
2021-01-11 12:57:20,025 [grpc-default-executor-2] INFO  impl.RoleInfo (RoleInfo.java:shutdownFollowerState(108)) - b057ab2e-0df4-4064-b246-7cb4ffc66d9d: shutdown b057ab2e-0df4-4064-b246-7cb4ffc66d9d@group-3B806CC34C64-FollowerState
2021-01-11 12:57:20,025 [grpc-default-executor-2] INFO  impl.RoleInfo (RoleInfo.java:updateAndGet(130)) - b057ab2e-0df4-4064-b246-7cb4ffc66d9d: start b057ab2e-0df4-4064-b246-7cb4ffc66d9d@group-3B806CC34C64-FollowerState
2021-01-11 12:57:20,025 [Thread-313] INFO  impl.FollowerState (FollowerState.java:run(142)) - b057ab2e-0df4-4064-b246-7cb4ffc66d9d@group-3B806CC34C64-FollowerState was interrupted: {}
java.lang.InterruptedException: sleep interrupted
	at java.lang.Thread.sleep(Native Method)
	at java.lang.Thread.sleep(Thread.java:340)
	at java.util.concurrent.TimeUnit.sleep(TimeUnit.java:386)
	at org.apache.ratis.util.TimeDuration.sleep(TimeDuration.java:324)
	at org.apache.ratis.util.TimeDuration.sleep(TimeDuration.java:309)
	at org.apache.ratis.server.impl.FollowerState.run(FollowerState.java:117)
2021-01-11 12:57:20,028 [0f5c7db6-31a1-4b3e-82e6-84ec1a4dccba@group-3B806CC34C64-LeaderElection7] INFO  impl.LeaderElection (LeaderElection.java:logAndReturn(68)) - 0f5c7db6-31a1-4b3e-82e6-84ec1a4dccba@group-3B806CC34C64-LeaderElection7: Election  PASSED received 1 response(s):[0f5c7db6-31a1-4b3e-82e6-84ec1a4dccba<-82f8c02a-15cf-48cc-925d-b57d5eaceec5#0:OK-t1]
2021-01-11 12:57:20,030 [0f5c7db6-31a1-4b3e-82e6-84ec1a4dccba@group-3B806CC34C64-LeaderElection7] INFO  impl.RoleInfo (RoleInfo.java:shutdownLeaderElection(121)) - 0f5c7db6-31a1-4b3e-82e6-84ec1a4dccba: shutdown 0f5c7db6-31a1-4b3e-82e6-84ec1a4dccba@group-3B806CC34C64-LeaderElection7
2021-01-11 12:57:20,030 [0f5c7db6-31a1-4b3e-82e6-84ec1a4dccba@group-3B806CC34C64-LeaderElection7] INFO  server.RaftServer$Division (RaftServerImpl.java:setRole(283)) - 0f5c7db6-31a1-4b3e-82e6-84ec1a4dccba@group-3B806CC34C64: changes role from CANDIDATE to LEADER at term 1 for changeToLeader
2021-01-11 12:57:20,030 [0f5c7db6-31a1-4b3e-82e6-84ec1a4dccba@group-3B806CC34C64-LeaderElection7] INFO  ratis.XceiverServerRatis (XceiverServerRatis.java:handleLeaderChangedNotification(868)) - Leader change notification received for group: group-3B806CC34C64 with new leaderId: 0f5c7db6-31a1-4b3e-82e6-84ec1a4dccba
2021-01-11 12:57:20,030 [0f5c7db6-31a1-4b3e-82e6-84ec1a4dccba@group-3B806CC34C64-LeaderElection7] INFO  server.RaftServer$Division (ServerState.java:setLeader(249)) - 0f5c7db6-31a1-4b3e-82e6-84ec1a4dccba@group-3B806CC34C64: change Leader from null to 0f5c7db6-31a1-4b3e-82e6-84ec1a4dccba at term 1 for becomeLeader, leader elected after 5247ms
2021-01-11 12:57:20,030 [0f5c7db6-31a1-4b3e-82e6-84ec1a4dccba@group-3B806CC34C64-LeaderElection7] INFO  server.RaftServerConfigKeys (ConfUtils.java:logGet(44)) - raft.server.staging.catchup.gap = 1000 (default)
2021-01-11 12:57:20,030 [0f5c7db6-31a1-4b3e-82e6-84ec1a4dccba@group-3B806CC34C64-LeaderElection7] INFO  metrics.RatisMetrics (RatisMetrics.java:lambda$create$0(36)) - Creating Metrics Registry : ratis.log_appender.0f5c7db6-31a1-4b3e-82e6-84ec1a4dccba@group-3B806CC34C64
2021-01-11 12:57:20,031 [0f5c7db6-31a1-4b3e-82e6-84ec1a4dccba@group-3B806CC34C64-LeaderElection7] INFO  server.RaftServerConfigKeys (ConfUtils.java:logGet(44)) - raft.server.write.element-limit = 1024 (custom)
2021-01-11 12:57:20,031 [0f5c7db6-31a1-4b3e-82e6-84ec1a4dccba@group-3B806CC34C64-LeaderElection7] INFO  server.RaftServerConfigKeys (ConfUtils.java:logGet(44)) - raft.server.write.byte-limit = 1073741824 (custom)
2021-01-11 12:57:20,031 [0f5c7db6-31a1-4b3e-82e6-84ec1a4dccba@group-3B806CC34C64-LeaderElection7] INFO  server.RaftServerConfigKeys (ConfUtils.java:logGet(44)) - raft.server.watch.timeout = 180s (custom)
2021-01-11 12:57:20,031 [0f5c7db6-31a1-4b3e-82e6-84ec1a4dccba@group-3B806CC34C64-LeaderElection7] INFO  server.RaftServerConfigKeys (ConfUtils.java:logGet(44)) - raft.server.watch.timeout.denomination = 1s (default)
2021-01-11 12:57:20,031 [0f5c7db6-31a1-4b3e-82e6-84ec1a4dccba@group-3B806CC34C64-LeaderElection7] INFO  server.RaftServerConfigKeys (ConfUtils.java:logGet(44)) - raft.server.watch.element-limit = 65536 (default)
2021-01-11 12:57:20,031 [0f5c7db6-31a1-4b3e-82e6-84ec1a4dccba@group-3B806CC34C64-LeaderElection7] INFO  server.RaftServerConfigKeys (ConfUtils.java:logGet(44)) - raft.server.log.appender.snapshot.chunk.size.max = 16MB (=16777216) (default)
2021-01-11 12:57:20,031 [0f5c7db6-31a1-4b3e-82e6-84ec1a4dccba@group-3B806CC34C64-LeaderElection7] INFO  server.RaftServerConfigKeys (ConfUtils.java:logGet(44)) - raft.server.log.appender.buffer.byte-limit = 33554432 (custom)
2021-01-11 12:57:20,031 [0f5c7db6-31a1-4b3e-82e6-84ec1a4dccba@group-3B806CC34C64-LeaderElection7] INFO  server.RaftServerConfigKeys (ConfUtils.java:logGet(44)) - raft.server.log.appender.buffer.element-limit = 1 (custom)
2021-01-11 12:57:20,031 [0f5c7db6-31a1-4b3e-82e6-84ec1a4dccba@group-3B806CC34C64-LeaderElection7] INFO  grpc.GrpcConfigKeys (ConfUtils.java:logGet(44)) - raft.grpc.server.leader.outstanding.appends.max = 128 (default)
2021-01-11 12:57:20,032 [0f5c7db6-31a1-4b3e-82e6-84ec1a4dccba@group-3B806CC34C64-LeaderElection7] INFO  server.RaftServerConfigKeys (ConfUtils.java:logGet(44)) - raft.server.rpc.request.timeout = 60s (custom)
2021-01-11 12:57:20,032 [0f5c7db6-31a1-4b3e-82e6-84ec1a4dccba@group-3B806CC34C64-LeaderElection7] INFO  server.RaftServerConfigKeys (ConfUtils.java:logGet(44)) - raft.server.log.appender.install.snapshot.enabled = false (custom)
2021-01-11 12:57:20,032 [0f5c7db6-31a1-4b3e-82e6-84ec1a4dccba@group-3B806CC34C64-LeaderElection7] INFO  metrics.RatisMetrics (RatisMetrics.java:lambda$create$0(36)) - Creating Metrics Registry : ratis_grpc.log_appender.0f5c7db6-31a1-4b3e-82e6-84ec1a4dccba@group-3B806CC34C64
2021-01-11 12:57:20,032 [0f5c7db6-31a1-4b3e-82e6-84ec1a4dccba@group-3B806CC34C64-LeaderElection7] INFO  server.RaftServerConfigKeys (ConfUtils.java:logGet(44)) - raft.server.log.appender.snapshot.chunk.size.max = 16MB (=16777216) (default)
2021-01-11 12:57:20,032 [0f5c7db6-31a1-4b3e-82e6-84ec1a4dccba@group-3B806CC34C64-LeaderElection7] INFO  server.RaftServerConfigKeys (ConfUtils.java:logGet(44)) - raft.server.log.appender.buffer.byte-limit = 33554432 (custom)
2021-01-11 12:57:20,033 [0f5c7db6-31a1-4b3e-82e6-84ec1a4dccba@group-3B806CC34C64-LeaderElection7] INFO  server.RaftServerConfigKeys (ConfUtils.java:logGet(44)) - raft.server.log.appender.buffer.element-limit = 1 (custom)
2021-01-11 12:57:20,033 [0f5c7db6-31a1-4b3e-82e6-84ec1a4dccba@group-3B806CC34C64-LeaderElection7] INFO  grpc.GrpcConfigKeys (ConfUtils.java:logGet(44)) - raft.grpc.server.leader.outstanding.appends.max = 128 (default)
2021-01-11 12:57:20,033 [0f5c7db6-31a1-4b3e-82e6-84ec1a4dccba@group-3B806CC34C64-LeaderElection7] INFO  server.RaftServerConfigKeys (ConfUtils.java:logGet(44)) - raft.server.rpc.request.timeout = 60s (custom)
2021-01-11 12:57:20,033 [0f5c7db6-31a1-4b3e-82e6-84ec1a4dccba@group-3B806CC34C64-LeaderElection7] INFO  server.RaftServerConfigKeys (ConfUtils.java:logGet(44)) - raft.server.log.appender.install.snapshot.enabled = false (custom)
2021-01-11 12:57:20,026 [grpc-default-executor-2] INFO  server.RaftServer$Division (RaftServerImpl.java:requestVote(1137)) -  FOLLOWER b057ab2e-0df4-4064-b246-7cb4ffc66d9d@group-3B806CC34C64:t1, leader=null, voted=null, raftlog=b057ab2e-0df4-4064-b246-7cb4ffc66d9d@group-3B806CC34C64-SegmentedRaftLog:OPENED:c-1,f-1,i0, conf=-1: [0f5c7db6-31a1-4b3e-82e6-84ec1a4dccba|rpc:172.17.0.2:40001|priority:1, 82f8c02a-15cf-48cc-925d-b57d5eaceec5|rpc:172.17.0.2:42755|priority:0, b057ab2e-0df4-4064-b246-7cb4ffc66d9d|rpc:172.17.0.2:38959|priority:0], old=null RUNNING priority:0 candidate:0f5c7db6-31a1-4b3e-82e6-84ec1a4dccba|rpc:172.17.0.2:40001|priority:1 candidatePriority:1 compare:0
2021-01-11 12:57:20,025 [0f5c7db6-31a1-4b3e-82e6-84ec1a4dccba@group-E053A8FA01B7-LeaderElection8] INFO  impl.LeaderElection (LeaderElection.java:askForVotes(308)) - 0f5c7db6-31a1-4b3e-82e6-84ec1a4dccba@group-E053A8FA01B7-LeaderElection8: begin an election at term 1 for -1: [0f5c7db6-31a1-4b3e-82e6-84ec1a4dccba|rpc:172.17.0.2:40001|priority:1], old=null
2021-01-11 12:57:20,034 [0f5c7db6-31a1-4b3e-82e6-84ec1a4dccba@group-E053A8FA01B7-LeaderElection8] INFO  impl.RoleInfo (RoleInfo.java:shutdownLeaderElection(121)) - 0f5c7db6-31a1-4b3e-82e6-84ec1a4dccba: shutdown 0f5c7db6-31a1-4b3e-82e6-84ec1a4dccba@group-E053A8FA01B7-LeaderElection8
2021-01-11 12:57:20,034 [0f5c7db6-31a1-4b3e-82e6-84ec1a4dccba@group-E053A8FA01B7-LeaderElection8] INFO  server.RaftServer$Division (RaftServerImpl.java:setRole(283)) - 0f5c7db6-31a1-4b3e-82e6-84ec1a4dccba@group-E053A8FA01B7: changes role from CANDIDATE to LEADER at term 1 for changeToLeader
2021-01-11 12:57:20,034 [0f5c7db6-31a1-4b3e-82e6-84ec1a4dccba@group-E053A8FA01B7-LeaderElection8] INFO  ratis.XceiverServerRatis (XceiverServerRatis.java:handleLeaderChangedNotification(868)) - Leader change notification received for group: group-E053A8FA01B7 with new leaderId: 0f5c7db6-31a1-4b3e-82e6-84ec1a4dccba
2021-01-11 12:57:20,034 [0f5c7db6-31a1-4b3e-82e6-84ec1a4dccba@group-E053A8FA01B7-LeaderElection8] INFO  server.RaftServer$Division (ServerState.java:setLeader(249)) - 0f5c7db6-31a1-4b3e-82e6-84ec1a4dccba@group-E053A8FA01B7: change Leader from null to 0f5c7db6-31a1-4b3e-82e6-84ec1a4dccba at term 1 for becomeLeader, leader elected after 5191ms
2021-01-11 12:57:20,034 [0f5c7db6-31a1-4b3e-82e6-84ec1a4dccba@group-E053A8FA01B7-LeaderElection8] INFO  server.RaftServerConfigKeys (ConfUtils.java:logGet(44)) - raft.server.staging.catchup.gap = 1000 (default)
2021-01-11 12:57:20,034 [0f5c7db6-31a1-4b3e-82e6-84ec1a4dccba@group-E053A8FA01B7-LeaderElection8] INFO  metrics.RatisMetrics (RatisMetrics.java:lambda$create$0(36)) - Creating Metrics Registry : ratis.log_appender.0f5c7db6-31a1-4b3e-82e6-84ec1a4dccba@group-E053A8FA01B7
2021-01-11 12:57:20,034 [0f5c7db6-31a1-4b3e-82e6-84ec1a4dccba@group-E053A8FA01B7-LeaderElection8] INFO  server.RaftServerConfigKeys (ConfUtils.java:logGet(44)) - raft.server.write.element-limit = 1024 (custom)
2021-01-11 12:57:20,034 [0f5c7db6-31a1-4b3e-82e6-84ec1a4dccba@group-E053A8FA01B7-LeaderElection8] INFO  server.RaftServerConfigKeys (ConfUtils.java:logGet(44)) - raft.server.write.byte-limit = 1073741824 (custom)
2021-01-11 12:57:20,038 [0f5c7db6-31a1-4b3e-82e6-84ec1a4dccba@group-E053A8FA01B7-LeaderElection8] INFO  server.RaftServerConfigKeys (ConfUtils.java:logGet(44)) - raft.server.watch.timeout = 180s (custom)
2021-01-11 12:57:20,038 [0f5c7db6-31a1-4b3e-82e6-84ec1a4dccba@group-E053A8FA01B7-LeaderElection8] INFO  server.RaftServerConfigKeys (ConfUtils.java:logGet(44)) - raft.server.watch.timeout.denomination = 1s (default)
2021-01-11 12:57:20,038 [0f5c7db6-31a1-4b3e-82e6-84ec1a4dccba@group-E053A8FA01B7-LeaderElection8] INFO  server.RaftServerConfigKeys (ConfUtils.java:logGet(44)) - raft.server.watch.element-limit = 65536 (default)
2021-01-11 12:57:20,039 [0f5c7db6-31a1-4b3e-82e6-84ec1a4dccba@group-E053A8FA01B7-LeaderElection8] INFO  impl.RoleInfo (RoleInfo.java:updateAndGet(130)) - 0f5c7db6-31a1-4b3e-82e6-84ec1a4dccba: start 0f5c7db6-31a1-4b3e-82e6-84ec1a4dccba@group-E053A8FA01B7-LeaderStateImpl
2021-01-11 12:57:20,039 [0f5c7db6-31a1-4b3e-82e6-84ec1a4dccba@group-E053A8FA01B7-LeaderElection8] INFO  segmented.SegmentedRaftLogWorker (SegmentedRaftLogWorker.java:startLogSegment(392)) - 0f5c7db6-31a1-4b3e-82e6-84ec1a4dccba@group-E053A8FA01B7-SegmentedRaftLogWorker: Starting segment from index:0
2021-01-11 12:57:20,042 [0f5c7db6-31a1-4b3e-82e6-84ec1a4dccba@group-3B806CC34C64-LeaderElection7] INFO  impl.RoleInfo (RoleInfo.java:updateAndGet(130)) - 0f5c7db6-31a1-4b3e-82e6-84ec1a4dccba: start 0f5c7db6-31a1-4b3e-82e6-84ec1a4dccba@group-3B806CC34C64-LeaderStateImpl
2021-01-11 12:57:20,054 [0f5c7db6-31a1-4b3e-82e6-84ec1a4dccba@group-E053A8FA01B7-LeaderElection8] INFO  server.RaftServer$Division (ServerState.java:setRaftConf(368)) - 0f5c7db6-31a1-4b3e-82e6-84ec1a4dccba@group-E053A8FA01B7: set configuration 0: [0f5c7db6-31a1-4b3e-82e6-84ec1a4dccba|rpc:172.17.0.2:40001|dataStream:|priority:1], old=null
2021-01-11 12:57:20,042 [0f5c7db6-31a1-4b3e-82e6-84ec1a4dccba@group-E053A8FA01B7-SegmentedRaftLogWorker] INFO  segmented.SegmentedRaftLogWorker (SegmentedRaftLogWorker.java:execute(599)) - 0f5c7db6-31a1-4b3e-82e6-84ec1a4dccba@group-E053A8FA01B7-SegmentedRaftLogWorker: created new log segment /github/workspace/mnt/ozone/hadoop-ozone/integration-test/target/test-dir/MiniOzoneClusterImpl-8fb96eea-81cb-44ec-9a2b-3e454d7fad19/datanode-1/data/ratis/2148ad4a-69ed-4058-b291-e053a8fa01b7/current/log_inprogress_0
2021-01-11 12:57:20,057 [0f5c7db6-31a1-4b3e-82e6-84ec1a4dccba@group-3B806CC34C64-LeaderElection7] INFO  segmented.SegmentedRaftLogWorker (SegmentedRaftLogWorker.java:startLogSegment(392)) - 0f5c7db6-31a1-4b3e-82e6-84ec1a4dccba@group-3B806CC34C64-SegmentedRaftLogWorker: Starting segment from index:0
2021-01-11 12:57:20,058 [0f5c7db6-31a1-4b3e-82e6-84ec1a4dccba@group-3B806CC34C64-SegmentedRaftLogWorker] INFO  segmented.SegmentedRaftLogWorker (SegmentedRaftLogWorker.java:execute(599)) - 0f5c7db6-31a1-4b3e-82e6-84ec1a4dccba@group-3B806CC34C64-SegmentedRaftLogWorker: created new log segment /github/workspace/mnt/ozone/hadoop-ozone/integration-test/target/test-dir/MiniOzoneClusterImpl-8fb96eea-81cb-44ec-9a2b-3e454d7fad19/datanode-1/data/ratis/673d9e53-1876-43b4-a65b-3b806cc34c64/current/log_inprogress_0
2021-01-11 12:57:20,068 [0f5c7db6-31a1-4b3e-82e6-84ec1a4dccba@group-3B806CC34C64-LeaderElection7] INFO  server.RaftServer$Division (ServerState.java:setRaftConf(368)) - 0f5c7db6-31a1-4b3e-82e6-84ec1a4dccba@group-3B806CC34C64: set configuration 0: [0f5c7db6-31a1-4b3e-82e6-84ec1a4dccba|rpc:172.17.0.2:40001|dataStream:|priority:1, 82f8c02a-15cf-48cc-925d-b57d5eaceec5|rpc:172.17.0.2:42755|dataStream:|priority:0, b057ab2e-0df4-4064-b246-7cb4ffc66d9d|rpc:172.17.0.2:38959|dataStream:|priority:0], old=null
2021-01-11 12:57:20,068 [EventQueue-PipelineReportForPipelineReportHandler] INFO  pipeline.PipelineStateManager (PipelineStateManager.java:openPipeline(132)) - Pipeline Pipeline[ Id: 673d9e53-1876-43b4-a65b-3b806cc34c64, Nodes: b057ab2e-0df4-4064-b246-7cb4ffc66d9d{ip: 172.17.0.2, host: 0df9a8009e06, networkLocation: /default-rack, certSerialId: null, persistedOpState: IN_SERVICE, persistedOpStateExpiryEpochSec: 0}0f5c7db6-31a1-4b3e-82e6-84ec1a4dccba{ip: 172.17.0.2, host: 0df9a8009e06, networkLocation: /default-rack, certSerialId: null, persistedOpState: IN_SERVICE, persistedOpStateExpiryEpochSec: 0}82f8c02a-15cf-48cc-925d-b57d5eaceec5{ip: 172.17.0.2, host: 0df9a8009e06, networkLocation: /default-rack, certSerialId: null, persistedOpState: IN_SERVICE, persistedOpStateExpiryEpochSec: 0}, Type:RATIS, Factor:THREE, State:ALLOCATED, leaderId:0f5c7db6-31a1-4b3e-82e6-84ec1a4dccba, CreationTimestamp2021-01-11T12:57:12.210Z] moved to OPEN state
2021-01-11 12:57:20,074 [grpc-default-executor-2] INFO  ratis.XceiverServerRatis (XceiverServerRatis.java:handleLeaderChangedNotification(868)) - Leader change notification received for group: group-3B806CC34C64 with new leaderId: 0f5c7db6-31a1-4b3e-82e6-84ec1a4dccba
2021-01-11 12:57:20,074 [grpc-default-executor-2] INFO  server.RaftServer$Division (ServerState.java:setLeader(249)) - 82f8c02a-15cf-48cc-925d-b57d5eaceec5@group-3B806CC34C64: change Leader from null to 0f5c7db6-31a1-4b3e-82e6-84ec1a4dccba at term 1 for appendEntries, leader elected after 5175ms
2021-01-11 12:57:20,075 [grpc-default-executor-3] INFO  ratis.XceiverServerRatis (XceiverServerRatis.java:handleLeaderChangedNotification(868)) - Leader change notification received for group: group-3B806CC34C64 with new leaderId: 0f5c7db6-31a1-4b3e-82e6-84ec1a4dccba
2021-01-11 12:57:20,081 [grpc-default-executor-2] INFO  server.RaftServer$Division (ServerState.java:setRaftConf(368)) - 82f8c02a-15cf-48cc-925d-b57d5eaceec5@group-3B806CC34C64: set configuration 0: [0f5c7db6-31a1-4b3e-82e6-84ec1a4dccba|rpc:172.17.0.2:40001|dataStream:|priority:1, 82f8c02a-15cf-48cc-925d-b57d5eaceec5|rpc:172.17.0.2:42755|dataStream:|priority:0, b057ab2e-0df4-4064-b246-7cb4ffc66d9d|rpc:172.17.0.2:38959|dataStream:|priority:0], old=null
2021-01-11 12:57:20,081 [grpc-default-executor-3] INFO  server.RaftServer$Division (ServerState.java:setLeader(249)) - b057ab2e-0df4-4064-b246-7cb4ffc66d9d@group-3B806CC34C64: change Leader from null to 0f5c7db6-31a1-4b3e-82e6-84ec1a4dccba at term 1 for appendEntries, leader elected after 5334ms
2021-01-11 12:57:20,081 [grpc-default-executor-2] INFO  segmented.SegmentedRaftLogWorker (SegmentedRaftLogWorker.java:startLogSegment(392)) - 82f8c02a-15cf-48cc-925d-b57d5eaceec5@group-3B806CC34C64-SegmentedRaftLogWorker: Starting segment from index:0
2021-01-11 12:57:20,090 [grpc-default-executor-3] INFO  server.RaftServer$Division (ServerState.java:setRaftConf(368)) - b057ab2e-0df4-4064-b246-7cb4ffc66d9d@group-3B806CC34C64: set configuration 0: [0f5c7db6-31a1-4b3e-82e6-84ec1a4dccba|rpc:172.17.0.2:40001|dataStream:|priority:1, 82f8c02a-15cf-48cc-925d-b57d5eaceec5|rpc:172.17.0.2:42755|dataStream:|priority:0, b057ab2e-0df4-4064-b246-7cb4ffc66d9d|rpc:172.17.0.2:38959|dataStream:|priority:0], old=null
2021-01-11 12:57:20,090 [grpc-default-executor-3] INFO  segmented.SegmentedRaftLogWorker (SegmentedRaftLogWorker.java:startLogSegment(392)) - b057ab2e-0df4-4064-b246-7cb4ffc66d9d@group-3B806CC34C64-SegmentedRaftLogWorker: Starting segment from index:0
2021-01-11 12:57:20,092 [b057ab2e-0df4-4064-b246-7cb4ffc66d9d@group-3B806CC34C64-SegmentedRaftLogWorker] INFO  segmented.SegmentedRaftLogWorker (SegmentedRaftLogWorker.java:execute(599)) - b057ab2e-0df4-4064-b246-7cb4ffc66d9d@group-3B806CC34C64-SegmentedRaftLogWorker: created new log segment /github/workspace/mnt/ozone/hadoop-ozone/integration-test/target/test-dir/MiniOzoneClusterImpl-8fb96eea-81cb-44ec-9a2b-3e454d7fad19/datanode-0/data/ratis/673d9e53-1876-43b4-a65b-3b806cc34c64/current/log_inprogress_0
2021-01-11 12:57:20,095 [82f8c02a-15cf-48cc-925d-b57d5eaceec5@group-3B806CC34C64-SegmentedRaftLogWorker] INFO  segmented.SegmentedRaftLogWorker (SegmentedRaftLogWorker.java:execute(599)) - 82f8c02a-15cf-48cc-925d-b57d5eaceec5@group-3B806CC34C64-SegmentedRaftLogWorker: created new log segment /github/workspace/mnt/ozone/hadoop-ozone/integration-test/target/test-dir/MiniOzoneClusterImpl-8fb96eea-81cb-44ec-9a2b-3e454d7fad19/datanode-2/data/ratis/673d9e53-1876-43b4-a65b-3b806cc34c64/current/log_inprogress_0
2021-01-11 12:57:20,185 [Listener at 127.0.0.1/13588] INFO  ozone.MiniOzoneClusterImpl (MiniOzoneClusterImpl.java:lambda$waitForClusterToBeReady$0(179)) - Nodes are ready. Got 3 of 3 DN Heartbeats.
2021-01-11 12:57:20,185 [Listener at 127.0.0.1/13588] INFO  ozone.MiniOzoneClusterImpl (MiniOzoneClusterImpl.java:lambda$waitForClusterToBeReady$0(182)) - Cluster exits safe mode
2021-01-11 12:57:20,278 [Thread-282] INFO  impl.FollowerState (FollowerState.java:run(133)) - 82f8c02a-15cf-48cc-925d-b57d5eaceec5@group-0FDBB20D8C0A-FollowerState: change to CANDIDATE, lastRpcElapsedTime:5055086193ns, electionTimeout:5045ms
2021-01-11 12:57:20,278 [Thread-282] INFO  impl.RoleInfo (RoleInfo.java:shutdownFollowerState(108)) - 82f8c02a-15cf-48cc-925d-b57d5eaceec5: shutdown 82f8c02a-15cf-48cc-925d-b57d5eaceec5@group-0FDBB20D8C0A-FollowerState
2021-01-11 12:57:20,279 [Thread-282] INFO  server.RaftServer$Division (RaftServerImpl.java:setRole(283)) - 82f8c02a-15cf-48cc-925d-b57d5eaceec5@group-0FDBB20D8C0A: changes role from  FOLLOWER to CANDIDATE at term 0 for changeToCandidate
2021-01-11 12:57:20,279 [Thread-282] INFO  impl.RoleInfo (RoleInfo.java:updateAndGet(130)) - 82f8c02a-15cf-48cc-925d-b57d5eaceec5: start 82f8c02a-15cf-48cc-925d-b57d5eaceec5@group-0FDBB20D8C0A-LeaderElection9
2021-01-11 12:57:20,292 [82f8c02a-15cf-48cc-925d-b57d5eaceec5@group-0FDBB20D8C0A-LeaderElection9] INFO  impl.LeaderElection (LeaderElection.java:askForPreVotes(259)) - 82f8c02a-15cf-48cc-925d-b57d5eaceec5@group-0FDBB20D8C0A-LeaderElection9: begin a pre-vote at term 0 for -1: [82f8c02a-15cf-48cc-925d-b57d5eaceec5|rpc:172.17.0.2:42755|priority:1], old=null
2021-01-11 12:57:20,292 [82f8c02a-15cf-48cc-925d-b57d5eaceec5@group-0FDBB20D8C0A-LeaderElection9] INFO  impl.LeaderElection (LeaderElection.java:askForPreVotes(261)) - 82f8c02a-15cf-48cc-925d-b57d5eaceec5@group-0FDBB20D8C0A-LeaderElection9 pre-vote result is PASSED.
2021-01-11 12:57:20,294 [82f8c02a-15cf-48cc-925d-b57d5eaceec5@group-0FDBB20D8C0A-LeaderElection9] INFO  impl.LeaderElection (LeaderElection.java:askForVotes(308)) - 82f8c02a-15cf-48cc-925d-b57d5eaceec5@group-0FDBB20D8C0A-LeaderElection9: begin an election at term 1 for -1: [82f8c02a-15cf-48cc-925d-b57d5eaceec5|rpc:172.17.0.2:42755|priority:1], old=null
2021-01-11 12:57:20,294 [82f8c02a-15cf-48cc-925d-b57d5eaceec5@group-0FDBB20D8C0A-LeaderElection9] INFO  impl.RoleInfo (RoleInfo.java:shutdownLeaderElection(121)) - 82f8c02a-15cf-48cc-925d-b57d5eaceec5: shutdown 82f8c02a-15cf-48cc-925d-b57d5eaceec5@group-0FDBB20D8C0A-LeaderElection9
2021-01-11 12:57:20,294 [82f8c02a-15cf-48cc-925d-b57d5eaceec5@group-0FDBB20D8C0A-LeaderElection9] INFO  server.RaftServer$Division (RaftServerImpl.java:setRole(283)) - 82f8c02a-15cf-48cc-925d-b57d5eaceec5@group-0FDBB20D8C0A: changes role from CANDIDATE to LEADER at term 1 for changeToLeader
2021-01-11 12:57:20,295 [82f8c02a-15cf-48cc-925d-b57d5eaceec5@group-0FDBB20D8C0A-LeaderElection9] INFO  ratis.XceiverServerRatis (XceiverServerRatis.java:handleLeaderChangedNotification(868)) - Leader change notification received for group: group-0FDBB20D8C0A with new leaderId: 82f8c02a-15cf-48cc-925d-b57d5eaceec5
2021-01-11 12:57:20,296 [82f8c02a-15cf-48cc-925d-b57d5eaceec5@group-0FDBB20D8C0A-LeaderElection9] INFO  server.RaftServer$Division (ServerState.java:setLeader(249)) - 82f8c02a-15cf-48cc-925d-b57d5eaceec5@group-0FDBB20D8C0A: change Leader from null to 82f8c02a-15cf-48cc-925d-b57d5eaceec5 at term 1 for becomeLeader, leader elected after 5091ms
2021-01-11 12:57:20,296 [82f8c02a-15cf-48cc-925d-b57d5eaceec5@group-0FDBB20D8C0A-LeaderElection9] INFO  server.RaftServerConfigKeys (ConfUtils.java:logGet(44)) - raft.server.staging.catchup.gap = 1000 (default)
2021-01-11 12:57:20,296 [82f8c02a-15cf-48cc-925d-b57d5eaceec5@group-0FDBB20D8C0A-LeaderElection9] INFO  metrics.RatisMetrics (RatisMetrics.java:lambda$create$0(36)) - Creating Metrics Registry : ratis.log_appender.82f8c02a-15cf-48cc-925d-b57d5eaceec5@group-0FDBB20D8C0A
2021-01-11 12:57:20,297 [82f8c02a-15cf-48cc-925d-b57d5eaceec5@group-0FDBB20D8C0A-LeaderElection9] INFO  server.RaftServerConfigKeys (ConfUtils.java:logGet(44)) - raft.server.write.element-limit = 1024 (custom)
2021-01-11 12:57:20,297 [82f8c02a-15cf-48cc-925d-b57d5eaceec5@group-0FDBB20D8C0A-LeaderElection9] INFO  server.RaftServerConfigKeys (ConfUtils.java:logGet(44)) - raft.server.write.byte-limit = 1073741824 (custom)
2021-01-11 12:57:20,297 [82f8c02a-15cf-48cc-925d-b57d5eaceec5@group-0FDBB20D8C0A-LeaderElection9] INFO  server.RaftServerConfigKeys (ConfUtils.java:logGet(44)) - raft.server.watch.timeout = 180s (custom)
2021-01-11 12:57:20,297 [82f8c02a-15cf-48cc-925d-b57d5eaceec5@group-0FDBB20D8C0A-LeaderElection9] INFO  server.RaftServerConfigKeys (ConfUtils.java:logGet(44)) - raft.server.watch.timeout.denomination = 1s (default)
2021-01-11 12:57:20,297 [82f8c02a-15cf-48cc-925d-b57d5eaceec5@group-0FDBB20D8C0A-LeaderElection9] INFO  server.RaftServerConfigKeys (ConfUtils.java:logGet(44)) - raft.server.watch.element-limit = 65536 (default)
2021-01-11 12:57:20,298 [82f8c02a-15cf-48cc-925d-b57d5eaceec5@group-0FDBB20D8C0A-LeaderElection9] INFO  impl.RoleInfo (RoleInfo.java:updateAndGet(130)) - 82f8c02a-15cf-48cc-925d-b57d5eaceec5: start 82f8c02a-15cf-48cc-925d-b57d5eaceec5@group-0FDBB20D8C0A-LeaderStateImpl
2021-01-11 12:57:20,298 [82f8c02a-15cf-48cc-925d-b57d5eaceec5@group-0FDBB20D8C0A-LeaderElection9] INFO  segmented.SegmentedRaftLogWorker (SegmentedRaftLogWorker.java:startLogSegment(392)) - 82f8c02a-15cf-48cc-925d-b57d5eaceec5@group-0FDBB20D8C0A-SegmentedRaftLogWorker: Starting segment from index:0
2021-01-11 12:57:20,299 [82f8c02a-15cf-48cc-925d-b57d5eaceec5@group-0FDBB20D8C0A-SegmentedRaftLogWorker] INFO  segmented.SegmentedRaftLogWorker (SegmentedRaftLogWorker.java:execute(599)) - 82f8c02a-15cf-48cc-925d-b57d5eaceec5@group-0FDBB20D8C0A-SegmentedRaftLogWorker: created new log segment /github/workspace/mnt/ozone/hadoop-ozone/integration-test/target/test-dir/MiniOzoneClusterImpl-8fb96eea-81cb-44ec-9a2b-3e454d7fad19/datanode-2/data/ratis/5321e1fd-8014-4719-9868-0fdbb20d8c0a/current/log_inprogress_0
2021-01-11 12:57:20,313 [82f8c02a-15cf-48cc-925d-b57d5eaceec5@group-0FDBB20D8C0A-LeaderElection9] INFO  server.RaftServer$Division (ServerState.java:setRaftConf(368)) - 82f8c02a-15cf-48cc-925d-b57d5eaceec5@group-0FDBB20D8C0A: set configuration 0: [82f8c02a-15cf-48cc-925d-b57d5eaceec5|rpc:172.17.0.2:42755|dataStream:|priority:1], old=null
2021-01-11 12:57:20,458 [grpc-default-executor-2] WARN  server.GrpcLogAppender (LogUtils.java:warn(122)) - omNode-2@group-523986131536->omNode-3-AppendLogResponseHandler: Failed appendEntries: org.apache.ratis.thirdparty.io.grpc.StatusRuntimeException: UNAVAILABLE: io exception
2021-01-11 12:57:20,458 [grpc-default-executor-2] WARN  server.GrpcLogAppender (GrpcLogAppender.java:resetClient(111)) - omNode-2@group-523986131536->omNode-3-GrpcLogAppender: Leader has not got in touch with Follower omNode-2@group-523986131536->omNode-3(c-1,m0,n1, attendVote=true, lastRpcSendTime=501, lastRpcResponseTime=12428) yet, just keep nextIndex unchanged and retry.
2021-01-11 12:57:20,666 [IPC Server handler 6 on default port 13576] INFO  ipc.Server (Server.java:logException(2976)) - IPC Server handler 6 on default port 13576, call Call#41 Retry#0 org.apache.hadoop.ozone.om.protocol.OzoneManagerProtocol.submitRequest from 127.0.0.1:53660
org.apache.hadoop.ozone.om.exceptions.OMNotLeaderException: OM:omNode-1 is not the leader. Could not determine the leader node.
	at org.apache.hadoop.ozone.protocolPB.OzoneManagerProtocolServerSideTranslatorPB.createNotLeaderException(OzoneManagerProtocolServerSideTranslatorPB.java:202)
	at org.apache.hadoop.ozone.protocolPB.OzoneManagerProtocolServerSideTranslatorPB.createLeaderErrorException(OzoneManagerProtocolServerSideTranslatorPB.java:215)
	at org.apache.hadoop.ozone.protocolPB.OzoneManagerProtocolServerSideTranslatorPB.submitReadRequestToOM(OzoneManagerProtocolServerSideTranslatorPB.java:192)
	at org.apache.hadoop.ozone.protocolPB.OzoneManagerProtocolServerSideTranslatorPB.processRequest(OzoneManagerProtocolServerSideTranslatorPB.java:132)
	at org.apache.hadoop.hdds.server.OzoneProtocolMessageDispatcher.processRequest(OzoneProtocolMessageDispatcher.java:87)
	at org.apache.hadoop.ozone.protocolPB.OzoneManagerProtocolServerSideTranslatorPB.submitRequest(OzoneManagerProtocolServerSideTranslatorPB.java:122)
	at org.apache.hadoop.ozone.protocol.proto.OzoneManagerProtocolProtos$OzoneManagerService$2.callBlockingMethod(OzoneManagerProtocolProtos.java)
	at org.apache.hadoop.ipc.ProtobufRpcEngine$Server$ProtoBufRpcInvoker.call(ProtobufRpcEngine.java:528)
	at org.apache.hadoop.ipc.RPC$Server.call(RPC.java:1070)
	at org.apache.hadoop.ipc.Server$RpcCall.run(Server.java:999)
	at org.apache.hadoop.ipc.Server$RpcCall.run(Server.java:927)
	at java.security.AccessController.doPrivileged(Native Method)
	at javax.security.auth.Subject.doAs(Subject.java:422)
	at org.apache.hadoop.security.UserGroupInformation.doAs(UserGroupInformation.java:1730)
	at org.apache.hadoop.ipc.Server$Handler.run(Server.java:2915)
2021-01-11 12:57:20,960 [grpc-default-executor-2] WARN  server.GrpcLogAppender (LogUtils.java:warn(122)) - omNode-2@group-523986131536->omNode-3-AppendLogResponseHandler: Failed appendEntries: org.apache.ratis.thirdparty.io.grpc.StatusRuntimeException: UNAVAILABLE: io exception
2021-01-11 12:57:20,961 [grpc-default-executor-2] WARN  server.GrpcLogAppender (GrpcLogAppender.java:resetClient(111)) - omNode-2@group-523986131536->omNode-3-GrpcLogAppender: Leader has not got in touch with Follower omNode-2@group-523986131536->omNode-3(c-1,m0,n1, attendVote=true, lastRpcSendTime=501, lastRpcResponseTime=12930) yet, just keep nextIndex unchanged and retry.
2021-01-11 12:57:21,087 [Listener at 127.0.0.1/13588] INFO  rpc.RpcClient (RpcClient.java:createVolume(273)) - Creating Volume: volume20641, with user99725 as owner.
2021-01-11 12:57:21,207 [grpc-default-executor-3] WARN  server.GrpcLogAppender (LogUtils.java:warn(122)) - omNode-2@group-523986131536->omNode-3-AppendLogResponseHandler: Failed appendEntries: org.apache.ratis.thirdparty.io.grpc.StatusRuntimeException: UNAVAILABLE: io exception
2021-01-11 12:57:21,208 [grpc-default-executor-3] WARN  server.GrpcLogAppender (GrpcLogAppender.java:resetClient(111)) - omNode-2@group-523986131536->omNode-3-GrpcLogAppender: Leader has not got in touch with Follower omNode-2@group-523986131536->omNode-3(c-1,m0,n2, attendVote=true, lastRpcSendTime=2, lastRpcResponseTime=13177) yet, just keep nextIndex unchanged and retry.
2021-01-11 12:57:21,219 [grpc-default-executor-3] WARN  server.GrpcLogAppender (LogUtils.java:warn(122)) - omNode-2@group-523986131536->omNode-3-AppendLogResponseHandler: Failed appendEntries: org.apache.ratis.thirdparty.io.grpc.StatusRuntimeException: UNAVAILABLE: io exception
2021-01-11 12:57:21,219 [grpc-default-executor-3] WARN  server.GrpcLogAppender (GrpcLogAppender.java:resetClient(111)) - omNode-2@group-523986131536->omNode-3-GrpcLogAppender: Leader has not got in touch with Follower omNode-2@group-523986131536->omNode-3(c-1,m0,n3, attendVote=true, lastRpcSendTime=0, lastRpcResponseTime=13189) yet, just keep nextIndex unchanged and retry.
2021-01-11 12:57:21,246 [OM StateMachine ApplyTransaction Thread - 0] INFO  volume.OMVolumeCreateRequest (OMVolumeCreateRequest.java:validateAndUpdateCache(196)) - created volume:volume20641 for user:user99725
2021-01-11 12:57:21,249 [OM StateMachine ApplyTransaction Thread - 0] INFO  volume.OMVolumeCreateRequest (OMVolumeCreateRequest.java:validateAndUpdateCache(196)) - created volume:volume20641 for user:user99725
2021-01-11 12:57:21,314 [Listener at 127.0.0.1/13588] INFO  rpc.RpcClient (RpcClient.java:createBucket(429)) - Creating Bucket: volume20641/bucket63669, with Versioning false and Storage Type set to DISK and Encryption set to false 
2021-01-11 12:57:21,348 [grpc-default-executor-3] WARN  server.GrpcLogAppender (LogUtils.java:warn(122)) - omNode-2@group-523986131536->omNode-3-AppendLogResponseHandler: Failed appendEntries: org.apache.ratis.thirdparty.io.grpc.StatusRuntimeException: UNAVAILABLE: io exception
2021-01-11 12:57:21,348 [grpc-default-executor-3] WARN  server.GrpcLogAppender (GrpcLogAppender.java:resetClient(111)) - omNode-2@group-523986131536->omNode-3-GrpcLogAppender: Leader has not got in touch with Follower omNode-2@group-523986131536->omNode-3(c-1,m0,n4, attendVote=true, lastRpcSendTime=0, lastRpcResponseTime=13318) yet, just keep nextIndex unchanged and retry.
2021-01-11 12:57:21,368 [grpc-default-executor-3] WARN  server.GrpcLogAppender (LogUtils.java:warn(122)) - omNode-2@group-523986131536->omNode-3-AppendLogResponseHandler: Failed appendEntries: org.apache.ratis.thirdparty.io.grpc.StatusRuntimeException: UNAVAILABLE: io exception
2021-01-11 12:57:21,369 [grpc-default-executor-3] WARN  server.GrpcLogAppender (GrpcLogAppender.java:resetClient(111)) - omNode-2@group-523986131536->omNode-3-GrpcLogAppender: Leader has not got in touch with Follower omNode-2@group-523986131536->omNode-3(c-1,m0,n5, attendVote=true, lastRpcSendTime=1, lastRpcResponseTime=13338) yet, just keep nextIndex unchanged and retry.
2021-01-11 12:57:21,466 [IPC Server handler 3 on default port 45541] INFO  pipeline.PipelineStateManager (PipelineStateManager.java:addPipeline(54)) - Created pipeline Pipeline[ Id: 2470311b-bd3d-44fd-983c-91bf7aa1d373, Nodes: b057ab2e-0df4-4064-b246-7cb4ffc66d9d{ip: 172.17.0.2, host: 0df9a8009e06, networkLocation: /default-rack, certSerialId: null, persistedOpState: IN_SERVICE, persistedOpStateExpiryEpochSec: 0}, Type:STAND_ALONE, Factor:ONE, State:OPEN, leaderId:, CreationTimestamp2021-01-11T12:57:21.466Z]
2021-01-11 12:57:21,516 [grpc-default-executor-3] WARN  server.GrpcLogAppender (LogUtils.java:warn(122)) - omNode-2@group-523986131536->omNode-3-AppendLogResponseHandler: Failed appendEntries: org.apache.ratis.thirdparty.io.grpc.StatusRuntimeException: UNAVAILABLE: io exception
2021-01-11 12:57:21,517 [grpc-default-executor-3] WARN  server.GrpcLogAppender (GrpcLogAppender.java:resetClient(111)) - omNode-2@group-523986131536->omNode-3-GrpcLogAppender: Leader has not got in touch with Follower omNode-2@group-523986131536->omNode-3(c-1,m0,n6, attendVote=true, lastRpcSendTime=0, lastRpcResponseTime=13487) yet, just keep nextIndex unchanged and retry.
2021-01-11 12:57:21,536 [grpc-default-executor-3] WARN  server.GrpcLogAppender (LogUtils.java:warn(122)) - omNode-2@group-523986131536->omNode-3-AppendLogResponseHandler: Failed appendEntries: org.apache.ratis.thirdparty.io.grpc.StatusRuntimeException: UNAVAILABLE: io exception
2021-01-11 12:57:21,537 [grpc-default-executor-3] WARN  server.GrpcLogAppender (GrpcLogAppender.java:resetClient(111)) - omNode-2@group-523986131536->omNode-3-GrpcLogAppender: Leader has not got in touch with Follower omNode-2@group-523986131536->omNode-3(c-1,m0,n7, attendVote=true, lastRpcSendTime=20, lastRpcResponseTime=13506) yet, just keep nextIndex unchanged and retry.
2021-01-11 12:57:21,640 [Listener at 127.0.0.1/13588] INFO  impl.MetricsSystemImpl (MetricsSystemImpl.java:init(158)) - XceiverClientMetrics metrics system started (again)
2021-01-11 12:57:22,043 [grpc-default-executor-3] WARN  server.GrpcLogAppender (LogUtils.java:warn(122)) - omNode-2@group-523986131536->omNode-3-AppendLogResponseHandler: Failed appendEntries: org.apache.ratis.thirdparty.io.grpc.StatusRuntimeException: UNAVAILABLE: io exception
2021-01-11 12:57:22,044 [grpc-default-executor-3] WARN  server.GrpcLogAppender (GrpcLogAppender.java:resetClient(111)) - omNode-2@group-523986131536->omNode-3-GrpcLogAppender: Leader has not got in touch with Follower omNode-2@group-523986131536->omNode-3(c-1,m0,n7, attendVote=true, lastRpcSendTime=0, lastRpcResponseTime=14014) yet, just keep nextIndex unchanged and retry.
2021-01-11 12:57:22,079 [grpc-default-executor-0] WARN  server.GrpcLogAppender (LogUtils.java:warn(122)) - omNode-2@group-523986131536->omNode-3-AppendLogResponseHandler: Failed appendEntries: org.apache.ratis.thirdparty.io.grpc.StatusRuntimeException: UNAVAILABLE: io exception
2021-01-11 12:57:22,079 [grpc-default-executor-0] WARN  server.GrpcLogAppender (GrpcLogAppender.java:resetClient(111)) - omNode-2@group-523986131536->omNode-3-GrpcLogAppender: Leader has not got in touch with Follower omNode-2@group-523986131536->omNode-3(c-1,m0,n8, attendVote=true, lastRpcSendTime=0, lastRpcResponseTime=14049) yet, just keep nextIndex unchanged and retry.
2021-01-11 12:57:22,091 [grpc-default-executor-0] WARN  server.GrpcLogAppender (LogUtils.java:warn(122)) - omNode-2@group-523986131536->omNode-3-AppendLogResponseHandler: Failed appendEntries: org.apache.ratis.thirdparty.io.grpc.StatusRuntimeException: UNAVAILABLE: io exception
2021-01-11 12:57:22,092 [grpc-default-executor-0] WARN  server.GrpcLogAppender (GrpcLogAppender.java:resetClient(111)) - omNode-2@group-523986131536->omNode-3-GrpcLogAppender: Leader has not got in touch with Follower omNode-2@group-523986131536->omNode-3(c-1,m0,n9, attendVote=true, lastRpcSendTime=13, lastRpcResponseTime=14062) yet, just keep nextIndex unchanged and retry.
2021-01-11 12:57:22,209 [grpc-default-executor-0] WARN  server.GrpcLogAppender (LogUtils.java:warn(122)) - omNode-2@group-523986131536->omNode-3-AppendLogResponseHandler: Failed appendEntries: org.apache.ratis.thirdparty.io.grpc.StatusRuntimeException: UNAVAILABLE: io exception
2021-01-11 12:57:22,210 [grpc-default-executor-0] WARN  server.GrpcLogAppender (GrpcLogAppender.java:resetClient(111)) - omNode-2@group-523986131536->omNode-3-GrpcLogAppender: Leader has not got in touch with Follower omNode-2@group-523986131536->omNode-3(c-1,m0,n11, attendVote=true, lastRpcSendTime=117, lastRpcResponseTime=14179) yet, just keep nextIndex unchanged and retry.
2021-01-11 12:57:22,281 [grpc-default-executor-2] WARN  server.GrpcLogAppender (LogUtils.java:warn(122)) - omNode-2@group-523986131536->omNode-3-AppendLogResponseHandler: Failed appendEntries: org.apache.ratis.thirdparty.io.grpc.StatusRuntimeException: UNAVAILABLE: io exception
2021-01-11 12:57:22,282 [grpc-default-executor-2] WARN  server.GrpcLogAppender (GrpcLogAppender.java:resetClient(111)) - omNode-2@group-523986131536->omNode-3-GrpcLogAppender: Leader has not got in touch with Follower omNode-2@group-523986131536->omNode-3(c-1,m0,n12, attendVote=true, lastRpcSendTime=0, lastRpcResponseTime=14251) yet, just keep nextIndex unchanged and retry.
2021-01-11 12:57:22,289 [grpc-default-executor-2] WARN  server.GrpcLogAppender (LogUtils.java:warn(122)) - omNode-2@group-523986131536->omNode-3-AppendLogResponseHandler: Failed appendEntries: org.apache.ratis.thirdparty.io.grpc.StatusRuntimeException: UNAVAILABLE: io exception
2021-01-11 12:57:22,290 [grpc-default-executor-2] WARN  server.GrpcLogAppender (GrpcLogAppender.java:resetClient(111)) - omNode-2@group-523986131536->omNode-3-GrpcLogAppender: Leader has not got in touch with Follower omNode-2@group-523986131536->omNode-3(c-1,m0,n13, attendVote=true, lastRpcSendTime=0, lastRpcResponseTime=14259) yet, just keep nextIndex unchanged and retry.
2021-01-11 12:57:22,397 [grpc-default-executor-0] WARN  server.GrpcLogAppender (LogUtils.java:warn(122)) - omNode-2@group-523986131536->omNode-3-AppendLogResponseHandler: Failed appendEntries: org.apache.ratis.thirdparty.io.grpc.StatusRuntimeException: UNAVAILABLE: io exception
2021-01-11 12:57:22,398 [grpc-default-executor-0] WARN  server.GrpcLogAppender (GrpcLogAppender.java:resetClient(111)) - omNode-2@group-523986131536->omNode-3-GrpcLogAppender: Leader has not got in touch with Follower omNode-2@group-523986131536->omNode-3(c-1,m0,n14, attendVote=true, lastRpcSendTime=4, lastRpcResponseTime=14367) yet, just keep nextIndex unchanged and retry.
2021-01-11 12:57:22,410 [grpc-default-executor-0] WARN  server.GrpcLogAppender (LogUtils.java:warn(122)) - omNode-2@group-523986131536->omNode-3-AppendLogResponseHandler: Failed appendEntries: org.apache.ratis.thirdparty.io.grpc.StatusRuntimeException: UNAVAILABLE: io exception
2021-01-11 12:57:22,411 [grpc-default-executor-0] WARN  server.GrpcLogAppender (GrpcLogAppender.java:resetClient(111)) - omNode-2@group-523986131536->omNode-3-GrpcLogAppender: Leader has not got in touch with Follower omNode-2@group-523986131536->omNode-3(c-1,m0,n15, attendVote=true, lastRpcSendTime=1, lastRpcResponseTime=14380) yet, just keep nextIndex unchanged and retry.
2021-01-11 12:57:22,448 [grpc-default-executor-0] WARN  server.GrpcLogAppender (LogUtils.java:warn(122)) - omNode-2@group-523986131536->omNode-3-AppendLogResponseHandler: Failed appendEntries: org.apache.ratis.thirdparty.io.grpc.StatusRuntimeException: UNAVAILABLE: io exception
2021-01-11 12:57:22,449 [grpc-default-executor-0] WARN  server.GrpcLogAppender (GrpcLogAppender.java:resetClient(111)) - omNode-2@group-523986131536->omNode-3-GrpcLogAppender: Leader has not got in touch with Follower omNode-2@group-523986131536->omNode-3(c-1,m0,n16, attendVote=true, lastRpcSendTime=0, lastRpcResponseTime=14418) yet, just keep nextIndex unchanged and retry.
2021-01-11 12:57:22,519 [grpc-default-executor-0] WARN  server.GrpcLogAppender (LogUtils.java:warn(122)) - omNode-2@group-523986131536->omNode-3-AppendLogResponseHandler: Failed appendEntries: org.apache.ratis.thirdparty.io.grpc.StatusRuntimeException: UNAVAILABLE: io exception
2021-01-11 12:57:22,520 [grpc-default-executor-0] WARN  server.GrpcLogAppender (GrpcLogAppender.java:resetClient(111)) - omNode-2@group-523986131536->omNode-3-GrpcLogAppender: Leader has not got in touch with Follower omNode-2@group-523986131536->omNode-3(c-1,m0,n17, attendVote=true, lastRpcSendTime=72, lastRpcResponseTime=14490) yet, just keep nextIndex unchanged and retry.
2021-01-11 12:57:22,627 [grpc-default-executor-2] WARN  server.GrpcLogAppender (LogUtils.java:warn(122)) - omNode-2@group-523986131536->omNode-3-AppendLogResponseHandler: Failed appendEntries: org.apache.ratis.thirdparty.io.grpc.StatusRuntimeException: UNAVAILABLE: io exception
2021-01-11 12:57:22,628 [grpc-default-executor-2] WARN  server.GrpcLogAppender (GrpcLogAppender.java:resetClient(111)) - omNode-2@group-523986131536->omNode-3-GrpcLogAppender: Leader has not got in touch with Follower omNode-2@group-523986131536->omNode-3(c-1,m0,n18, attendVote=true, lastRpcSendTime=0, lastRpcResponseTime=14597) yet, just keep nextIndex unchanged and retry.
2021-01-11 12:57:22,636 [grpc-default-executor-2] WARN  server.GrpcLogAppender (LogUtils.java:warn(122)) - omNode-2@group-523986131536->omNode-3-AppendLogResponseHandler: Failed appendEntries: org.apache.ratis.thirdparty.io.grpc.StatusRuntimeException: UNAVAILABLE: io exception
2021-01-11 12:57:22,637 [grpc-default-executor-2] WARN  server.GrpcLogAppender (GrpcLogAppender.java:resetClient(111)) - omNode-2@group-523986131536->omNode-3-GrpcLogAppender: Leader has not got in touch with Follower omNode-2@group-523986131536->omNode-3(c-1,m0,n19, attendVote=true, lastRpcSendTime=1, lastRpcResponseTime=14606) yet, just keep nextIndex unchanged and retry.
2021-01-11 12:57:22,654 [grpc-default-executor-0] WARN  server.GrpcLogAppender (LogUtils.java:warn(122)) - omNode-2@group-523986131536->omNode-3-AppendLogResponseHandler: Failed appendEntries: org.apache.ratis.thirdparty.io.grpc.StatusRuntimeException: UNAVAILABLE: io exception
2021-01-11 12:57:22,655 [grpc-default-executor-0] WARN  server.GrpcLogAppender (GrpcLogAppender.java:resetClient(111)) - omNode-2@group-523986131536->omNode-3-GrpcLogAppender: Leader has not got in touch with Follower omNode-2@group-523986131536->omNode-3(c-1,m0,n20, attendVote=true, lastRpcSendTime=0, lastRpcResponseTime=14624) yet, just keep nextIndex unchanged and retry.
2021-01-11 12:57:22,665 [grpc-default-executor-0] WARN  server.GrpcLogAppender (LogUtils.java:warn(122)) - omNode-2@group-523986131536->omNode-3-AppendLogResponseHandler: Failed appendEntries: org.apache.ratis.thirdparty.io.grpc.StatusRuntimeException: UNAVAILABLE: io exception
2021-01-11 12:57:22,665 [grpc-default-executor-0] WARN  server.GrpcLogAppender (GrpcLogAppender.java:resetClient(111)) - omNode-2@group-523986131536->omNode-3-GrpcLogAppender: Leader has not got in touch with Follower omNode-2@group-523986131536->omNode-3(c-1,m0,n21, attendVote=true, lastRpcSendTime=3, lastRpcResponseTime=14635) yet, just keep nextIndex unchanged and retry.
2021-01-11 12:57:22,672 [EventQueue-Delayed safe mode statusForReplicationManager] INFO  container.ReplicationManager (ReplicationManager.java:start(186)) - Starting Replication Monitor Thread.
2021-01-11 12:57:22,674 [ReplicationMonitor] INFO  container.ReplicationManager (ReplicationManager.java:run(250)) - Replication Monitor Thread took 1 milliseconds for processing 2 containers.
2021-01-11 12:57:22,772 [grpc-default-executor-0] WARN  server.GrpcLogAppender (LogUtils.java:warn(122)) - omNode-2@group-523986131536->omNode-3-AppendLogResponseHandler: Failed appendEntries: org.apache.ratis.thirdparty.io.grpc.StatusRuntimeException: UNAVAILABLE: io exception
2021-01-11 12:57:22,773 [grpc-default-executor-0] WARN  server.GrpcLogAppender (GrpcLogAppender.java:resetClient(111)) - omNode-2@group-523986131536->omNode-3-GrpcLogAppender: Leader has not got in touch with Follower omNode-2@group-523986131536->omNode-3(c-1,m0,n22, attendVote=true, lastRpcSendTime=111, lastRpcResponseTime=14742) yet, just keep nextIndex unchanged and retry.
2021-01-11 12:57:22,787 [grpc-default-executor-2] WARN  server.GrpcLogAppender (LogUtils.java:warn(122)) - omNode-2@group-523986131536->omNode-3-AppendLogResponseHandler: Failed appendEntries: org.apache.ratis.thirdparty.io.grpc.StatusRuntimeException: UNAVAILABLE: io exception
2021-01-11 12:57:22,788 [grpc-default-executor-2] WARN  server.GrpcLogAppender (GrpcLogAppender.java:resetClient(111)) - omNode-2@group-523986131536->omNode-3-GrpcLogAppender: Leader has not got in touch with Follower omNode-2@group-523986131536->omNode-3(c-1,m0,n23, attendVote=true, lastRpcSendTime=0, lastRpcResponseTime=14757) yet, just keep nextIndex unchanged and retry.
2021-01-11 12:57:22,801 [grpc-default-executor-2] WARN  server.GrpcLogAppender (LogUtils.java:warn(122)) - omNode-2@group-523986131536->omNode-3-AppendLogResponseHandler: Failed appendEntries: org.apache.ratis.thirdparty.io.grpc.StatusRuntimeException: UNAVAILABLE: io exception
2021-01-11 12:57:22,802 [grpc-default-executor-2] WARN  server.GrpcLogAppender (GrpcLogAppender.java:resetClient(111)) - omNode-2@group-523986131536->omNode-3-GrpcLogAppender: Leader has not got in touch with Follower omNode-2@group-523986131536->omNode-3(c-1,m0,n24, attendVote=true, lastRpcSendTime=1, lastRpcResponseTime=14771) yet, just keep nextIndex unchanged and retry.
2021-01-11 12:57:22,806 [grpc-default-executor-0] WARN  server.GrpcLogAppender (LogUtils.java:warn(122)) - omNode-2@group-523986131536->omNode-3-AppendLogResponseHandler: Failed appendEntries: org.apache.ratis.thirdparty.io.grpc.StatusRuntimeException: UNAVAILABLE: io exception
2021-01-11 12:57:22,807 [grpc-default-executor-0] WARN  server.GrpcLogAppender (GrpcLogAppender.java:resetClient(111)) - omNode-2@group-523986131536->omNode-3-GrpcLogAppender: Leader has not got in touch with Follower omNode-2@group-523986131536->omNode-3(c-1,m0,n25, attendVote=true, lastRpcSendTime=0, lastRpcResponseTime=14776) yet, just keep nextIndex unchanged and retry.
2021-01-11 12:57:22,916 [grpc-default-executor-0] WARN  server.GrpcLogAppender (LogUtils.java:warn(122)) - omNode-2@group-523986131536->omNode-3-AppendLogResponseHandler: Failed appendEntries: org.apache.ratis.thirdparty.io.grpc.StatusRuntimeException: UNAVAILABLE: io exception
2021-01-11 12:57:22,916 [grpc-default-executor-0] WARN  server.GrpcLogAppender (GrpcLogAppender.java:resetClient(111)) - omNode-2@group-523986131536->omNode-3-GrpcLogAppender: Leader has not got in touch with Follower omNode-2@group-523986131536->omNode-3(c-1,m0,n26, attendVote=true, lastRpcSendTime=1, lastRpcResponseTime=14886) yet, just keep nextIndex unchanged and retry.
2021-01-11 12:57:22,927 [grpc-default-executor-0] WARN  server.GrpcLogAppender (LogUtils.java:warn(122)) - omNode-2@group-523986131536->omNode-3-AppendLogResponseHandler: Failed appendEntries: org.apache.ratis.thirdparty.io.grpc.StatusRuntimeException: UNAVAILABLE: io exception
2021-01-11 12:57:22,928 [grpc-default-executor-0] WARN  server.GrpcLogAppender (GrpcLogAppender.java:resetClient(111)) - omNode-2@group-523986131536->omNode-3-GrpcLogAppender: Leader has not got in touch with Follower omNode-2@group-523986131536->omNode-3(c-1,m0,n27, attendVote=true, lastRpcSendTime=12, lastRpcResponseTime=14897) yet, just keep nextIndex unchanged and retry.
2021-01-11 12:57:22,972 [grpc-default-executor-3] WARN  server.GrpcLogAppender (LogUtils.java:warn(122)) - omNode-2@group-523986131536->omNode-3-AppendLogResponseHandler: Failed appendEntries: org.apache.ratis.thirdparty.io.grpc.StatusRuntimeException: UNAVAILABLE: io exception
2021-01-11 12:57:22,972 [grpc-default-executor-3] WARN  server.GrpcLogAppender (GrpcLogAppender.java:resetClient(111)) - omNode-2@group-523986131536->omNode-3-GrpcLogAppender: Leader has not got in touch with Follower omNode-2@group-523986131536->omNode-3(c-1,m0,n28, attendVote=true, lastRpcSendTime=0, lastRpcResponseTime=14942) yet, just keep nextIndex unchanged and retry.
2021-01-11 12:57:22,977 [grpc-default-executor-3] WARN  server.GrpcLogAppender (LogUtils.java:warn(122)) - omNode-2@group-523986131536->omNode-3-AppendLogResponseHandler: Failed appendEntries: org.apache.ratis.thirdparty.io.grpc.StatusRuntimeException: UNAVAILABLE: io exception
2021-01-11 12:57:22,978 [grpc-default-executor-3] WARN  server.GrpcLogAppender (GrpcLogAppender.java:resetClient(111)) - omNode-2@group-523986131536->omNode-3-GrpcLogAppender: Leader has not got in touch with Follower omNode-2@group-523986131536->omNode-3(c-1,m0,n29, attendVote=true, lastRpcSendTime=0, lastRpcResponseTime=14947) yet, just keep nextIndex unchanged and retry.
2021-01-11 12:57:23,089 [grpc-default-executor-3] WARN  server.GrpcLogAppender (LogUtils.java:warn(122)) - omNode-2@group-523986131536->omNode-3-AppendLogResponseHandler: Failed appendEntries: org.apache.ratis.thirdparty.io.grpc.StatusRuntimeException: UNAVAILABLE: io exception
2021-01-11 12:57:23,090 [grpc-default-executor-3] WARN  server.GrpcLogAppender (GrpcLogAppender.java:resetClient(111)) - omNode-2@group-523986131536->omNode-3-GrpcLogAppender: Leader has not got in touch with Follower omNode-2@group-523986131536->omNode-3(c-1,m0,n30, attendVote=true, lastRpcSendTime=0, lastRpcResponseTime=15059) yet, just keep nextIndex unchanged and retry.
2021-01-11 12:57:23,095 [grpc-default-executor-3] WARN  server.GrpcLogAppender (LogUtils.java:warn(122)) - omNode-2@group-523986131536->omNode-3-AppendLogResponseHandler: Failed appendEntries: org.apache.ratis.thirdparty.io.grpc.StatusRuntimeException: UNAVAILABLE: io exception
2021-01-11 12:57:23,095 [grpc-default-executor-3] WARN  server.GrpcLogAppender (GrpcLogAppender.java:resetClient(111)) - omNode-2@group-523986131536->omNode-3-GrpcLogAppender: Leader has not got in touch with Follower omNode-2@group-523986131536->omNode-3(c-1,m0,n31, attendVote=true, lastRpcSendTime=0, lastRpcResponseTime=15065) yet, just keep nextIndex unchanged and retry.
2021-01-11 12:57:23,125 [grpc-default-executor-3] WARN  server.GrpcLogAppender (LogUtils.java:warn(122)) - omNode-2@group-523986131536->omNode-3-AppendLogResponseHandler: Failed appendEntries: org.apache.ratis.thirdparty.io.grpc.StatusRuntimeException: UNAVAILABLE: io exception
2021-01-11 12:57:23,126 [grpc-default-executor-3] WARN  server.GrpcLogAppender (GrpcLogAppender.java:resetClient(111)) - omNode-2@group-523986131536->omNode-3-GrpcLogAppender: Leader has not got in touch with Follower omNode-2@group-523986131536->omNode-3(c-1,m0,n32, attendVote=true, lastRpcSendTime=0, lastRpcResponseTime=15095) yet, just keep nextIndex unchanged and retry.
2021-01-11 12:57:23,132 [grpc-default-executor-3] WARN  server.GrpcLogAppender (LogUtils.java:warn(122)) - omNode-2@group-523986131536->omNode-3-AppendLogResponseHandler: Failed appendEntries: org.apache.ratis.thirdparty.io.grpc.StatusRuntimeException: UNAVAILABLE: io exception
2021-01-11 12:57:23,135 [grpc-default-executor-3] WARN  server.GrpcLogAppender (GrpcLogAppender.java:resetClient(111)) - omNode-2@group-523986131536->omNode-3-GrpcLogAppender: Leader has not got in touch with Follower omNode-2@group-523986131536->omNode-3(c-1,m0,n33, attendVote=true, lastRpcSendTime=4, lastRpcResponseTime=15104) yet, just keep nextIndex unchanged and retry.
2021-01-11 12:57:23,240 [grpc-default-executor-3] WARN  server.GrpcLogAppender (LogUtils.java:warn(122)) - omNode-2@group-523986131536->omNode-3-AppendLogResponseHandler: Failed appendEntries: org.apache.ratis.thirdparty.io.grpc.StatusRuntimeException: UNAVAILABLE: io exception
2021-01-11 12:57:23,240 [grpc-default-executor-3] WARN  server.GrpcLogAppender (GrpcLogAppender.java:resetClient(111)) - omNode-2@group-523986131536->omNode-3-GrpcLogAppender: Leader has not got in touch with Follower omNode-2@group-523986131536->omNode-3(c-1,m0,n34, attendVote=true, lastRpcSendTime=3, lastRpcResponseTime=15210) yet, just keep nextIndex unchanged and retry.
2021-01-11 12:57:23,245 [grpc-default-executor-3] WARN  server.GrpcLogAppender (LogUtils.java:warn(122)) - omNode-2@group-523986131536->omNode-3-AppendLogResponseHandler: Failed appendEntries: org.apache.ratis.thirdparty.io.grpc.StatusRuntimeException: UNAVAILABLE: io exception
2021-01-11 12:57:23,246 [grpc-default-executor-3] WARN  server.GrpcLogAppender (GrpcLogAppender.java:resetClient(111)) - omNode-2@group-523986131536->omNode-3-GrpcLogAppender: Leader has not got in touch with Follower omNode-2@group-523986131536->omNode-3(c-1,m0,n35, attendVote=true, lastRpcSendTime=1, lastRpcResponseTime=15215) yet, just keep nextIndex unchanged and retry.
2021-01-11 12:57:23,271 [grpc-default-executor-0] WARN  server.GrpcLogAppender (LogUtils.java:warn(122)) - omNode-2@group-523986131536->omNode-3-AppendLogResponseHandler: Failed appendEntries: org.apache.ratis.thirdparty.io.grpc.StatusRuntimeException: UNAVAILABLE: io exception
2021-01-11 12:57:23,272 [grpc-default-executor-0] WARN  server.GrpcLogAppender (GrpcLogAppender.java:resetClient(111)) - omNode-2@group-523986131536->omNode-3-GrpcLogAppender: Leader has not got in touch with Follower omNode-2@group-523986131536->omNode-3(c-1,m0,n36, attendVote=true, lastRpcSendTime=0, lastRpcResponseTime=15241) yet, just keep nextIndex unchanged and retry.
2021-01-11 12:57:23,276 [grpc-default-executor-0] WARN  server.GrpcLogAppender (LogUtils.java:warn(122)) - omNode-2@group-523986131536->omNode-3-AppendLogResponseHandler: Failed appendEntries: org.apache.ratis.thirdparty.io.grpc.StatusRuntimeException: UNAVAILABLE: io exception
2021-01-11 12:57:23,276 [grpc-default-executor-0] WARN  server.GrpcLogAppender (GrpcLogAppender.java:resetClient(111)) - omNode-2@group-523986131536->omNode-3-GrpcLogAppender: Leader has not got in touch with Follower omNode-2@group-523986131536->omNode-3(c-1,m0,n37, attendVote=true, lastRpcSendTime=1, lastRpcResponseTime=15246) yet, just keep nextIndex unchanged and retry.
2021-01-11 12:57:23,382 [grpc-default-executor-0] WARN  server.GrpcLogAppender (LogUtils.java:warn(122)) - omNode-2@group-523986131536->omNode-3-AppendLogResponseHandler: Failed appendEntries: org.apache.ratis.thirdparty.io.grpc.StatusRuntimeException: UNAVAILABLE: io exception
2021-01-11 12:57:23,383 [grpc-default-executor-0] WARN  server.GrpcLogAppender (GrpcLogAppender.java:resetClient(111)) - omNode-2@group-523986131536->omNode-3-GrpcLogAppender: Leader has not got in touch with Follower omNode-2@group-523986131536->omNode-3(c-1,m0,n38, attendVote=true, lastRpcSendTime=0, lastRpcResponseTime=15353) yet, just keep nextIndex unchanged and retry.
2021-01-11 12:57:23,392 [grpc-default-executor-0] WARN  server.GrpcLogAppender (LogUtils.java:warn(122)) - omNode-2@group-523986131536->omNode-3-AppendLogResponseHandler: Failed appendEntries: org.apache.ratis.thirdparty.io.grpc.StatusRuntimeException: UNAVAILABLE: io exception
2021-01-11 12:57:23,393 [grpc-default-executor-0] WARN  server.GrpcLogAppender (GrpcLogAppender.java:resetClient(111)) - omNode-2@group-523986131536->omNode-3-GrpcLogAppender: Leader has not got in touch with Follower omNode-2@group-523986131536->omNode-3(c-1,m0,n39, attendVote=true, lastRpcSendTime=10, lastRpcResponseTime=15362) yet, just keep nextIndex unchanged and retry.
2021-01-11 12:57:23,422 [grpc-default-executor-3] WARN  server.GrpcLogAppender (LogUtils.java:warn(122)) - omNode-2@group-523986131536->omNode-3-AppendLogResponseHandler: Failed appendEntries: org.apache.ratis.thirdparty.io.grpc.StatusRuntimeException: UNAVAILABLE: io exception
2021-01-11 12:57:23,423 [grpc-default-executor-3] WARN  server.GrpcLogAppender (GrpcLogAppender.java:resetClient(111)) - omNode-2@group-523986131536->omNode-3-GrpcLogAppender: Leader has not got in touch with Follower omNode-2@group-523986131536->omNode-3(c-1,m0,n40, attendVote=true, lastRpcSendTime=0, lastRpcResponseTime=15392) yet, just keep nextIndex unchanged and retry.
2021-01-11 12:57:23,426 [grpc-default-executor-3] WARN  server.GrpcLogAppender (LogUtils.java:warn(122)) - omNode-2@group-523986131536->omNode-3-AppendLogResponseHandler: Failed appendEntries: org.apache.ratis.thirdparty.io.grpc.StatusRuntimeException: UNAVAILABLE: io exception
2021-01-11 12:57:23,426 [grpc-default-executor-3] WARN  server.GrpcLogAppender (GrpcLogAppender.java:resetClient(111)) - omNode-2@group-523986131536->omNode-3-GrpcLogAppender: Leader has not got in touch with Follower omNode-2@group-523986131536->omNode-3(c-1,m0,n41, attendVote=true, lastRpcSendTime=0, lastRpcResponseTime=15395) yet, just keep nextIndex unchanged and retry.
2021-01-11 12:57:23,530 [grpc-default-executor-3] WARN  server.GrpcLogAppender (LogUtils.java:warn(122)) - omNode-2@group-523986131536->omNode-3-AppendLogResponseHandler: Failed appendEntries: org.apache.ratis.thirdparty.io.grpc.StatusRuntimeException: UNAVAILABLE: io exception
2021-01-11 12:57:23,530 [grpc-default-executor-3] WARN  server.GrpcLogAppender (GrpcLogAppender.java:resetClient(111)) - omNode-2@group-523986131536->omNode-3-GrpcLogAppender: Leader has not got in touch with Follower omNode-2@group-523986131536->omNode-3(c-1,m0,n42, attendVote=true, lastRpcSendTime=104, lastRpcResponseTime=15500) yet, just keep nextIndex unchanged and retry.
2021-01-11 12:57:23,539 [grpc-default-executor-0] WARN  server.GrpcLogAppender (LogUtils.java:warn(122)) - omNode-2@group-523986131536->omNode-3-AppendLogResponseHandler: Failed appendEntries: org.apache.ratis.thirdparty.io.grpc.StatusRuntimeException: UNAVAILABLE: io exception
2021-01-11 12:57:23,539 [grpc-default-executor-0] WARN  server.GrpcLogAppender (GrpcLogAppender.java:resetClient(111)) - omNode-2@group-523986131536->omNode-3-GrpcLogAppender: Leader has not got in touch with Follower omNode-2@group-523986131536->omNode-3(c-1,m0,n43, attendVote=true, lastRpcSendTime=0, lastRpcResponseTime=15509) yet, just keep nextIndex unchanged and retry.
2021-01-11 12:57:23,565 [grpc-default-executor-0] WARN  server.GrpcLogAppender (LogUtils.java:warn(122)) - omNode-2@group-523986131536->omNode-3-AppendLogResponseHandler: Failed appendEntries: org.apache.ratis.thirdparty.io.grpc.StatusRuntimeException: UNAVAILABLE: io exception
2021-01-11 12:57:23,566 [grpc-default-executor-0] WARN  server.GrpcLogAppender (GrpcLogAppender.java:resetClient(111)) - omNode-2@group-523986131536->omNode-3-GrpcLogAppender: Leader has not got in touch with Follower omNode-2@group-523986131536->omNode-3(c-1,m0,n44, attendVote=true, lastRpcSendTime=27, lastRpcResponseTime=15535) yet, just keep nextIndex unchanged and retry.
2021-01-11 12:57:23,572 [grpc-default-executor-3] WARN  server.GrpcLogAppender (LogUtils.java:warn(122)) - omNode-2@group-523986131536->omNode-3-AppendLogResponseHandler: Failed appendEntries: org.apache.ratis.thirdparty.io.grpc.StatusRuntimeException: UNAVAILABLE: io exception
2021-01-11 12:57:23,572 [grpc-default-executor-3] WARN  server.GrpcLogAppender (GrpcLogAppender.java:resetClient(111)) - omNode-2@group-523986131536->omNode-3-GrpcLogAppender: Leader has not got in touch with Follower omNode-2@group-523986131536->omNode-3(c-1,m0,n45, attendVote=true, lastRpcSendTime=5, lastRpcResponseTime=15542) yet, just keep nextIndex unchanged and retry.
2021-01-11 12:57:23,680 [grpc-default-executor-3] WARN  server.GrpcLogAppender (LogUtils.java:warn(122)) - omNode-2@group-523986131536->omNode-3-AppendLogResponseHandler: Failed appendEntries: org.apache.ratis.thirdparty.io.grpc.StatusRuntimeException: UNAVAILABLE: io exception
2021-01-11 12:57:23,681 [grpc-default-executor-3] WARN  server.GrpcLogAppender (GrpcLogAppender.java:resetClient(111)) - omNode-2@group-523986131536->omNode-3-GrpcLogAppender: Leader has not got in touch with Follower omNode-2@group-523986131536->omNode-3(c-1,m0,n46, attendVote=true, lastRpcSendTime=0, lastRpcResponseTime=15650) yet, just keep nextIndex unchanged and retry.
2021-01-11 12:57:23,689 [grpc-default-executor-0] WARN  server.GrpcLogAppender (LogUtils.java:warn(122)) - omNode-2@group-523986131536->omNode-3-AppendLogResponseHandler: Failed appendEntries: org.apache.ratis.thirdparty.io.grpc.StatusRuntimeException: UNAVAILABLE: io exception
2021-01-11 12:57:23,690 [grpc-default-executor-0] WARN  server.GrpcLogAppender (GrpcLogAppender.java:resetClient(111)) - omNode-2@group-523986131536->omNode-3-GrpcLogAppender: Leader has not got in touch with Follower omNode-2@group-523986131536->omNode-3(c-1,m0,n47, attendVote=true, lastRpcSendTime=1, lastRpcResponseTime=15659) yet, just keep nextIndex unchanged and retry.
2021-01-11 12:57:23,704 [grpc-default-executor-0] WARN  server.GrpcLogAppender (LogUtils.java:warn(122)) - omNode-2@group-523986131536->omNode-3-AppendLogResponseHandler: Failed appendEntries: org.apache.ratis.thirdparty.io.grpc.StatusRuntimeException: UNAVAILABLE: io exception
2021-01-11 12:57:23,705 [grpc-default-executor-0] WARN  server.GrpcLogAppender (GrpcLogAppender.java:resetClient(111)) - omNode-2@group-523986131536->omNode-3-GrpcLogAppender: Leader has not got in touch with Follower omNode-2@group-523986131536->omNode-3(c-1,m0,n48, attendVote=true, lastRpcSendTime=0, lastRpcResponseTime=15674) yet, just keep nextIndex unchanged and retry.
2021-01-11 12:57:23,707 [grpc-default-executor-0] WARN  server.GrpcLogAppender (LogUtils.java:warn(122)) - omNode-2@group-523986131536->omNode-3-AppendLogResponseHandler: Failed appendEntries: org.apache.ratis.thirdparty.io.grpc.StatusRuntimeException: UNAVAILABLE: io exception
2021-01-11 12:57:23,707 [grpc-default-executor-0] WARN  server.GrpcLogAppender (GrpcLogAppender.java:resetClient(111)) - omNode-2@group-523986131536->omNode-3-GrpcLogAppender: Leader has not got in touch with Follower omNode-2@group-523986131536->omNode-3(c-1,m0,n49, attendVote=true, lastRpcSendTime=0, lastRpcResponseTime=15677) yet, just keep nextIndex unchanged and retry.
2021-01-11 12:57:23,815 [grpc-default-executor-0] WARN  server.GrpcLogAppender (LogUtils.java:warn(122)) - omNode-2@group-523986131536->omNode-3-AppendLogResponseHandler: Failed appendEntries: org.apache.ratis.thirdparty.io.grpc.StatusRuntimeException: UNAVAILABLE: io exception
2021-01-11 12:57:23,816 [grpc-default-executor-0] WARN  server.GrpcLogAppender (GrpcLogAppender.java:resetClient(111)) - omNode-2@group-523986131536->omNode-3-GrpcLogAppender: Leader has not got in touch with Follower omNode-2@group-523986131536->omNode-3(c-1,m0,n50, attendVote=true, lastRpcSendTime=108, lastRpcResponseTime=15785) yet, just keep nextIndex unchanged and retry.
2021-01-11 12:57:23,821 [grpc-default-executor-0] WARN  server.GrpcLogAppender (LogUtils.java:warn(122)) - omNode-2@group-523986131536->omNode-3-AppendLogResponseHandler: Failed appendEntries: org.apache.ratis.thirdparty.io.grpc.StatusRuntimeException: UNAVAILABLE: io exception
2021-01-11 12:57:23,821 [grpc-default-executor-0] WARN  server.GrpcLogAppender (GrpcLogAppender.java:resetClient(111)) - omNode-2@group-523986131536->omNode-3-GrpcLogAppender: Leader has not got in touch with Follower omNode-2@group-523986131536->omNode-3(c-1,m0,n51, attendVote=true, lastRpcSendTime=0, lastRpcResponseTime=15791) yet, just keep nextIndex unchanged and retry.
2021-01-11 12:57:23,825 [omNode-2@group-523986131536-StateMachineUpdater] INFO  ratis.OzoneManagerStateMachine (OzoneManagerStateMachine.java:takeSnapshot(345)) - Current Snapshot Index (t:2, i:49)
2021-01-11 12:57:23,826 [omNode-2@group-523986131536-StateMachineUpdater] INFO  impl.StateMachineUpdater (StateMachineUpdater.java:takeSnapshot(279)) - omNode-2@group-523986131536-StateMachineUpdater: Took a snapshot at index 49
2021-01-11 12:57:23,826 [omNode-2@group-523986131536-StateMachineUpdater] INFO  impl.StateMachineUpdater (StateMachineUpdater.java:lambda$new$0(88)) - omNode-2@group-523986131536-StateMachineUpdater: snapshotIndex: updateIncreasingly -1 -> 49
2021-01-11 12:57:23,826 [omNode-2@group-523986131536-StateMachineUpdater] INFO  raftlog.RaftLog (RaftLogBase.java:purge(306)) - omNode-2@group-523986131536-SegmentedRaftLog: purge 49
2021-01-11 12:57:23,827 [omNode-2@group-523986131536-StateMachineUpdater] INFO  raftlog.RaftLog (RaftLogBase.java:lambda$new$0(53)) - omNode-2@group-523986131536-SegmentedRaftLog: snapshotIndex: updateIncreasingly -1 -> 49
2021-01-11 12:57:23,828 [omNode-2@group-523986131536-StateMachineUpdater] INFO  raftlog.RaftLog (RaftLogBase.java:lambda$new$0(53)) - omNode-2@group-523986131536-SegmentedRaftLog: purgeIndex: updateToMax old=-1, new=49, updated? true
2021-01-11 12:57:23,830 [omNode-1@group-523986131536-StateMachineUpdater] INFO  ratis.OzoneManagerStateMachine (OzoneManagerStateMachine.java:takeSnapshot(345)) - Current Snapshot Index (t:2, i:49)
2021-01-11 12:57:23,831 [omNode-1@group-523986131536-StateMachineUpdater] INFO  impl.StateMachineUpdater (StateMachineUpdater.java:takeSnapshot(279)) - omNode-1@group-523986131536-StateMachineUpdater: Took a snapshot at index 49
2021-01-11 12:57:23,832 [omNode-1@group-523986131536-StateMachineUpdater] INFO  impl.StateMachineUpdater (StateMachineUpdater.java:lambda$new$0(88)) - omNode-1@group-523986131536-StateMachineUpdater: snapshotIndex: updateIncreasingly -1 -> 49
2021-01-11 12:57:23,832 [omNode-1@group-523986131536-StateMachineUpdater] INFO  raftlog.RaftLog (RaftLogBase.java:purge(306)) - omNode-1@group-523986131536-SegmentedRaftLog: purge 49
2021-01-11 12:57:23,832 [omNode-1@group-523986131536-StateMachineUpdater] INFO  raftlog.RaftLog (RaftLogBase.java:lambda$new$0(53)) - omNode-1@group-523986131536-SegmentedRaftLog: snapshotIndex: updateIncreasingly -1 -> 49
2021-01-11 12:57:23,832 [omNode-1@group-523986131536-StateMachineUpdater] INFO  raftlog.RaftLog (RaftLogBase.java:lambda$new$0(53)) - omNode-1@group-523986131536-SegmentedRaftLog: purgeIndex: updateToMax old=-1, new=49, updated? true
2021-01-11 12:57:23,841 [grpc-default-executor-3] WARN  server.GrpcLogAppender (LogUtils.java:warn(122)) - omNode-2@group-523986131536->omNode-3-AppendLogResponseHandler: Failed appendEntries: org.apache.ratis.thirdparty.io.grpc.StatusRuntimeException: UNAVAILABLE: io exception
2021-01-11 12:57:23,842 [grpc-default-executor-3] WARN  server.GrpcLogAppender (GrpcLogAppender.java:resetClient(111)) - omNode-2@group-523986131536->omNode-3-GrpcLogAppender: Leader has not got in touch with Follower omNode-2@group-523986131536->omNode-3(c-1,m0,n52, attendVote=true, lastRpcSendTime=21, lastRpcResponseTime=15811) yet, just keep nextIndex unchanged and retry.
2021-01-11 12:57:23,856 [grpc-default-executor-0] WARN  server.GrpcLogAppender (LogUtils.java:warn(122)) - omNode-2@group-523986131536->omNode-3-AppendLogResponseHandler: Failed appendEntries: org.apache.ratis.thirdparty.io.grpc.StatusRuntimeException: UNAVAILABLE: io exception
2021-01-11 12:57:23,857 [grpc-default-executor-0] WARN  server.GrpcLogAppender (GrpcLogAppender.java:resetClient(111)) - omNode-2@group-523986131536->omNode-3-GrpcLogAppender: Leader has not got in touch with Follower omNode-2@group-523986131536->omNode-3(c-1,m0,n53, attendVote=true, lastRpcSendTime=0, lastRpcResponseTime=15826) yet, just keep nextIndex unchanged and retry.
2021-01-11 12:57:23,958 [grpc-default-executor-0] WARN  server.GrpcLogAppender (LogUtils.java:warn(122)) - omNode-2@group-523986131536->omNode-3-AppendLogResponseHandler: Failed appendEntries: org.apache.ratis.thirdparty.io.grpc.StatusRuntimeException: UNAVAILABLE: io exception
2021-01-11 12:57:23,959 [grpc-default-executor-0] WARN  server.GrpcLogAppender (GrpcLogAppender.java:resetClient(111)) - omNode-2@group-523986131536->omNode-3-GrpcLogAppender: Leader has not got in touch with Follower omNode-2@group-523986131536->omNode-3(c-1,m0,n54, attendVote=true, lastRpcSendTime=0, lastRpcResponseTime=15928) yet, just keep nextIndex unchanged and retry.
2021-01-11 12:57:23,969 [grpc-default-executor-0] WARN  server.GrpcLogAppender (LogUtils.java:warn(122)) - omNode-2@group-523986131536->omNode-3-AppendLogResponseHandler: Failed appendEntries: org.apache.ratis.thirdparty.io.grpc.StatusRuntimeException: UNAVAILABLE: io exception
2021-01-11 12:57:23,970 [grpc-default-executor-0] WARN  server.GrpcLogAppender (GrpcLogAppender.java:resetClient(111)) - omNode-2@group-523986131536->omNode-3-GrpcLogAppender: Leader has not got in touch with Follower omNode-2@group-523986131536->omNode-3(c-1,m0,n55, attendVote=true, lastRpcSendTime=11, lastRpcResponseTime=15939) yet, just keep nextIndex unchanged and retry.
2021-01-11 12:57:23,985 [grpc-default-executor-3] WARN  server.GrpcLogAppender (LogUtils.java:warn(122)) - omNode-2@group-523986131536->omNode-3-AppendLogResponseHandler: Failed appendEntries: org.apache.ratis.thirdparty.io.grpc.StatusRuntimeException: UNAVAILABLE: io exception
2021-01-11 12:57:23,986 [grpc-default-executor-3] WARN  server.GrpcLogAppender (GrpcLogAppender.java:resetClient(111)) - omNode-2@group-523986131536->omNode-3-GrpcLogAppender: Leader has not got in touch with Follower omNode-2@group-523986131536->omNode-3(c-1,m0,n56, attendVote=true, lastRpcSendTime=0, lastRpcResponseTime=15955) yet, just keep nextIndex unchanged and retry.
2021-01-11 12:57:23,991 [grpc-default-executor-3] WARN  server.GrpcLogAppender (LogUtils.java:warn(122)) - omNode-2@group-523986131536->omNode-3-AppendLogResponseHandler: Failed appendEntries: org.apache.ratis.thirdparty.io.grpc.StatusRuntimeException: UNAVAILABLE: io exception
2021-01-11 12:57:23,991 [grpc-default-executor-3] WARN  server.GrpcLogAppender (GrpcLogAppender.java:resetClient(111)) - omNode-2@group-523986131536->omNode-3-GrpcLogAppender: Leader has not got in touch with Follower omNode-2@group-523986131536->omNode-3(c-1,m0,n57, attendVote=true, lastRpcSendTime=0, lastRpcResponseTime=15961) yet, just keep nextIndex unchanged and retry.
2021-01-11 12:57:24,096 [grpc-default-executor-3] WARN  server.GrpcLogAppender (LogUtils.java:warn(122)) - omNode-2@group-523986131536->omNode-3-AppendLogResponseHandler: Failed appendEntries: org.apache.ratis.thirdparty.io.grpc.StatusRuntimeException: UNAVAILABLE: io exception
2021-01-11 12:57:24,097 [grpc-default-executor-3] WARN  server.GrpcLogAppender (GrpcLogAppender.java:resetClient(111)) - omNode-2@group-523986131536->omNode-3-GrpcLogAppender: Leader has not got in touch with Follower omNode-2@group-523986131536->omNode-3(c-1,m0,n58, attendVote=true, lastRpcSendTime=106, lastRpcResponseTime=16067) yet, just keep nextIndex unchanged and retry.
2021-01-11 12:57:24,106 [grpc-default-executor-3] WARN  server.GrpcLogAppender (LogUtils.java:warn(122)) - omNode-2@group-523986131536->omNode-3-AppendLogResponseHandler: Failed appendEntries: org.apache.ratis.thirdparty.io.grpc.StatusRuntimeException: UNAVAILABLE: io exception
2021-01-11 12:57:24,106 [grpc-default-executor-3] WARN  server.GrpcLogAppender (GrpcLogAppender.java:resetClient(111)) - omNode-2@group-523986131536->omNode-3-GrpcLogAppender: Leader has not got in touch with Follower omNode-2@group-523986131536->omNode-3(c-1,m0,n59, attendVote=true, lastRpcSendTime=0, lastRpcResponseTime=16076) yet, just keep nextIndex unchanged and retry.
2021-01-11 12:57:24,129 [grpc-default-executor-3] WARN  server.GrpcLogAppender (LogUtils.java:warn(122)) - omNode-2@group-523986131536->omNode-3-AppendLogResponseHandler: Failed appendEntries: org.apache.ratis.thirdparty.io.grpc.StatusRuntimeException: UNAVAILABLE: io exception
2021-01-11 12:57:24,130 [grpc-default-executor-3] WARN  server.GrpcLogAppender (GrpcLogAppender.java:resetClient(111)) - omNode-2@group-523986131536->omNode-3-GrpcLogAppender: Leader has not got in touch with Follower omNode-2@group-523986131536->omNode-3(c-1,m0,n61, attendVote=true, lastRpcSendTime=1, lastRpcResponseTime=16099) yet, just keep nextIndex unchanged and retry.
2021-01-11 12:57:24,237 [grpc-default-executor-3] WARN  server.GrpcLogAppender (LogUtils.java:warn(122)) - omNode-2@group-523986131536->omNode-3-AppendLogResponseHandler: Failed appendEntries: org.apache.ratis.thirdparty.io.grpc.StatusRuntimeException: UNAVAILABLE: io exception
2021-01-11 12:57:24,237 [grpc-default-executor-3] WARN  server.GrpcLogAppender (GrpcLogAppender.java:resetClient(111)) - omNode-2@group-523986131536->omNode-3-GrpcLogAppender: Leader has not got in touch with Follower omNode-2@group-523986131536->omNode-3(c-1,m0,n62, attendVote=true, lastRpcSendTime=109, lastRpcResponseTime=16207) yet, just keep nextIndex unchanged and retry.
2021-01-11 12:57:24,244 [grpc-default-executor-3] WARN  server.GrpcLogAppender (LogUtils.java:warn(122)) - omNode-2@group-523986131536->omNode-3-AppendLogResponseHandler: Failed appendEntries: org.apache.ratis.thirdparty.io.grpc.StatusRuntimeException: UNAVAILABLE: io exception
2021-01-11 12:57:24,245 [grpc-default-executor-3] WARN  server.GrpcLogAppender (GrpcLogAppender.java:resetClient(111)) - omNode-2@group-523986131536->omNode-3-GrpcLogAppender: Leader has not got in touch with Follower omNode-2@group-523986131536->omNode-3(c-1,m0,n63, attendVote=true, lastRpcSendTime=7, lastRpcResponseTime=16215) yet, just keep nextIndex unchanged and retry.
2021-01-11 12:57:24,261 [grpc-default-executor-0] WARN  server.GrpcLogAppender (LogUtils.java:warn(122)) - omNode-2@group-523986131536->omNode-3-AppendLogResponseHandler: Failed appendEntries: org.apache.ratis.thirdparty.io.grpc.StatusRuntimeException: UNAVAILABLE: io exception
2021-01-11 12:57:24,262 [grpc-default-executor-0] WARN  server.GrpcLogAppender (GrpcLogAppender.java:resetClient(111)) - omNode-2@group-523986131536->omNode-3-GrpcLogAppender: Leader has not got in touch with Follower omNode-2@group-523986131536->omNode-3(c-1,m0,n64, attendVote=true, lastRpcSendTime=16, lastRpcResponseTime=16231) yet, just keep nextIndex unchanged and retry.
2021-01-11 12:57:24,273 [grpc-default-executor-0] WARN  server.GrpcLogAppender (LogUtils.java:warn(122)) - omNode-2@group-523986131536->omNode-3-AppendLogResponseHandler: Failed appendEntries: org.apache.ratis.thirdparty.io.grpc.StatusRuntimeException: UNAVAILABLE: io exception
2021-01-11 12:57:24,274 [grpc-default-executor-0] WARN  server.GrpcLogAppender (GrpcLogAppender.java:resetClient(111)) - omNode-2@group-523986131536->omNode-3-GrpcLogAppender: Leader has not got in touch with Follower omNode-2@group-523986131536->omNode-3(c-1,m0,n65, attendVote=true, lastRpcSendTime=10, lastRpcResponseTime=16243) yet, just keep nextIndex unchanged and retry.
2021-01-11 12:57:24,379 [grpc-default-executor-0] WARN  server.GrpcLogAppender (LogUtils.java:warn(122)) - omNode-2@group-523986131536->omNode-3-AppendLogResponseHandler: Failed appendEntries: org.apache.ratis.thirdparty.io.grpc.StatusRuntimeException: UNAVAILABLE: io exception
2021-01-11 12:57:24,380 [grpc-default-executor-0] WARN  server.GrpcLogAppender (GrpcLogAppender.java:resetClient(111)) - omNode-2@group-523986131536->omNode-3-GrpcLogAppender: Leader has not got in touch with Follower omNode-2@group-523986131536->omNode-3(c-1,m0,n66, attendVote=true, lastRpcSendTime=0, lastRpcResponseTime=16349) yet, just keep nextIndex unchanged and retry.
2021-01-11 12:57:24,387 [grpc-default-executor-0] WARN  server.GrpcLogAppender (LogUtils.java:warn(122)) - omNode-2@group-523986131536->omNode-3-AppendLogResponseHandler: Failed appendEntries: org.apache.ratis.thirdparty.io.grpc.StatusRuntimeException: UNAVAILABLE: io exception
2021-01-11 12:57:24,388 [grpc-default-executor-0] WARN  server.GrpcLogAppender (GrpcLogAppender.java:resetClient(111)) - omNode-2@group-523986131536->omNode-3-GrpcLogAppender: Leader has not got in touch with Follower omNode-2@group-523986131536->omNode-3(c-1,m0,n67, attendVote=true, lastRpcSendTime=0, lastRpcResponseTime=16357) yet, just keep nextIndex unchanged and retry.
2021-01-11 12:57:24,409 [grpc-default-executor-3] WARN  server.GrpcLogAppender (LogUtils.java:warn(122)) - omNode-2@group-523986131536->omNode-3-AppendLogResponseHandler: Failed appendEntries: org.apache.ratis.thirdparty.io.grpc.StatusRuntimeException: UNAVAILABLE: io exception
2021-01-11 12:57:24,410 [grpc-default-executor-3] WARN  server.GrpcLogAppender (GrpcLogAppender.java:resetClient(111)) - omNode-2@group-523986131536->omNode-3-GrpcLogAppender: Leader has not got in touch with Follower omNode-2@group-523986131536->omNode-3(c-1,m0,n68, attendVote=true, lastRpcSendTime=22, lastRpcResponseTime=16379) yet, just keep nextIndex unchanged and retry.
2021-01-11 12:57:24,422 [grpc-default-executor-3] WARN  server.GrpcLogAppender (LogUtils.java:warn(122)) - omNode-2@group-523986131536->omNode-3-AppendLogResponseHandler: Failed appendEntries: org.apache.ratis.thirdparty.io.grpc.StatusRuntimeException: UNAVAILABLE: io exception
2021-01-11 12:57:24,422 [grpc-default-executor-3] WARN  server.GrpcLogAppender (GrpcLogAppender.java:resetClient(111)) - omNode-2@group-523986131536->omNode-3-GrpcLogAppender: Leader has not got in touch with Follower omNode-2@group-523986131536->omNode-3(c-1,m0,n69, attendVote=true, lastRpcSendTime=11, lastRpcResponseTime=16392) yet, just keep nextIndex unchanged and retry.
2021-01-11 12:57:24,528 [grpc-default-executor-3] WARN  server.GrpcLogAppender (LogUtils.java:warn(122)) - omNode-2@group-523986131536->omNode-3-AppendLogResponseHandler: Failed appendEntries: org.apache.ratis.thirdparty.io.grpc.StatusRuntimeException: UNAVAILABLE: io exception
2021-01-11 12:57:24,529 [grpc-default-executor-3] WARN  server.GrpcLogAppender (GrpcLogAppender.java:resetClient(111)) - omNode-2@group-523986131536->omNode-3-GrpcLogAppender: Leader has not got in touch with Follower omNode-2@group-523986131536->omNode-3(c-1,m0,n70, attendVote=true, lastRpcSendTime=0, lastRpcResponseTime=16499) yet, just keep nextIndex unchanged and retry.
2021-01-11 12:57:24,538 [grpc-default-executor-3] WARN  server.GrpcLogAppender (LogUtils.java:warn(122)) - omNode-2@group-523986131536->omNode-3-AppendLogResponseHandler: Failed appendEntries: org.apache.ratis.thirdparty.io.grpc.StatusRuntimeException: UNAVAILABLE: io exception
2021-01-11 12:57:24,538 [grpc-default-executor-3] WARN  server.GrpcLogAppender (GrpcLogAppender.java:resetClient(111)) - omNode-2@group-523986131536->omNode-3-GrpcLogAppender: Leader has not got in touch with Follower omNode-2@group-523986131536->omNode-3(c-1,m0,n71, attendVote=true, lastRpcSendTime=1, lastRpcResponseTime=16508) yet, just keep nextIndex unchanged and retry.
2021-01-11 12:57:24,564 [grpc-default-executor-3] WARN  server.GrpcLogAppender (LogUtils.java:warn(122)) - omNode-2@group-523986131536->omNode-3-AppendLogResponseHandler: Failed appendEntries: org.apache.ratis.thirdparty.io.grpc.StatusRuntimeException: UNAVAILABLE: io exception
2021-01-11 12:57:24,566 [grpc-default-executor-3] WARN  server.GrpcLogAppender (GrpcLogAppender.java:resetClient(111)) - omNode-2@group-523986131536->omNode-3-GrpcLogAppender: Leader has not got in touch with Follower omNode-2@group-523986131536->omNode-3(c-1,m0,n72, attendVote=true, lastRpcSendTime=30, lastRpcResponseTime=16536) yet, just keep nextIndex unchanged and retry.
2021-01-11 12:57:24,577 [grpc-default-executor-3] WARN  server.GrpcLogAppender (LogUtils.java:warn(122)) - omNode-2@group-523986131536->omNode-3-AppendLogResponseHandler: Failed appendEntries: org.apache.ratis.thirdparty.io.grpc.StatusRuntimeException: UNAVAILABLE: io exception
2021-01-11 12:57:24,577 [grpc-default-executor-3] WARN  server.GrpcLogAppender (GrpcLogAppender.java:resetClient(111)) - omNode-2@group-523986131536->omNode-3-GrpcLogAppender: Leader has not got in touch with Follower omNode-2@group-523986131536->omNode-3(c-1,m0,n73, attendVote=true, lastRpcSendTime=0, lastRpcResponseTime=16547) yet, just keep nextIndex unchanged and retry.
2021-01-11 12:57:24,679 [grpc-default-executor-3] WARN  server.GrpcLogAppender (LogUtils.java:warn(122)) - omNode-2@group-523986131536->omNode-3-AppendLogResponseHandler: Failed appendEntries: org.apache.ratis.thirdparty.io.grpc.StatusRuntimeException: UNAVAILABLE: io exception
2021-01-11 12:57:24,680 [grpc-default-executor-3] WARN  server.GrpcLogAppender (GrpcLogAppender.java:resetClient(111)) - omNode-2@group-523986131536->omNode-3-GrpcLogAppender: Leader has not got in touch with Follower omNode-2@group-523986131536->omNode-3(c-1,m0,n74, attendVote=true, lastRpcSendTime=103, lastRpcResponseTime=16649) yet, just keep nextIndex unchanged and retry.
2021-01-11 12:57:24,686 [grpc-default-executor-3] WARN  server.GrpcLogAppender (LogUtils.java:warn(122)) - omNode-2@group-523986131536->omNode-3-AppendLogResponseHandler: Failed appendEntries: org.apache.ratis.thirdparty.io.grpc.StatusRuntimeException: UNAVAILABLE: io exception
2021-01-11 12:57:24,686 [grpc-default-executor-3] WARN  server.GrpcLogAppender (GrpcLogAppender.java:resetClient(111)) - omNode-2@group-523986131536->omNode-3-GrpcLogAppender: Leader has not got in touch with Follower omNode-2@group-523986131536->omNode-3(c-1,m0,n75, attendVote=true, lastRpcSendTime=0, lastRpcResponseTime=16656) yet, just keep nextIndex unchanged and retry.
2021-01-11 12:57:24,713 [grpc-default-executor-3] WARN  server.GrpcLogAppender (LogUtils.java:warn(122)) - omNode-2@group-523986131536->omNode-3-AppendLogResponseHandler: Failed appendEntries: org.apache.ratis.thirdparty.io.grpc.StatusRuntimeException: UNAVAILABLE: io exception
2021-01-11 12:57:24,714 [grpc-default-executor-3] WARN  server.GrpcLogAppender (GrpcLogAppender.java:resetClient(111)) - omNode-2@group-523986131536->omNode-3-GrpcLogAppender: Leader has not got in touch with Follower omNode-2@group-523986131536->omNode-3(c-1,m0,n76, attendVote=true, lastRpcSendTime=28, lastRpcResponseTime=16684) yet, just keep nextIndex unchanged and retry.
2021-01-11 12:57:24,724 [grpc-default-executor-2] WARN  server.GrpcLogAppender (LogUtils.java:warn(122)) - omNode-2@group-523986131536->omNode-3-AppendLogResponseHandler: Failed appendEntries: org.apache.ratis.thirdparty.io.grpc.StatusRuntimeException: UNAVAILABLE: io exception
2021-01-11 12:57:24,724 [grpc-default-executor-2] WARN  server.GrpcLogAppender (GrpcLogAppender.java:resetClient(111)) - omNode-2@group-523986131536->omNode-3-GrpcLogAppender: Leader has not got in touch with Follower omNode-2@group-523986131536->omNode-3(c-1,m0,n77, attendVote=true, lastRpcSendTime=0, lastRpcResponseTime=16694) yet, just keep nextIndex unchanged and retry.
2021-01-11 12:57:24,831 [grpc-default-executor-2] WARN  server.GrpcLogAppender (LogUtils.java:warn(122)) - omNode-2@group-523986131536->omNode-3-AppendLogResponseHandler: Failed appendEntries: org.apache.ratis.thirdparty.io.grpc.StatusRuntimeException: UNAVAILABLE: io exception
2021-01-11 12:57:24,831 [grpc-default-executor-2] WARN  server.GrpcLogAppender (GrpcLogAppender.java:resetClient(111)) - omNode-2@group-523986131536->omNode-3-GrpcLogAppender: Leader has not got in touch with Follower omNode-2@group-523986131536->omNode-3(c-1,m0,n78, attendVote=true, lastRpcSendTime=0, lastRpcResponseTime=16801) yet, just keep nextIndex unchanged and retry.
2021-01-11 12:57:24,843 [grpc-default-executor-2] WARN  server.GrpcLogAppender (LogUtils.java:warn(122)) - omNode-2@group-523986131536->omNode-3-AppendLogResponseHandler: Failed appendEntries: org.apache.ratis.thirdparty.io.grpc.StatusRuntimeException: UNAVAILABLE: io exception
2021-01-11 12:57:24,843 [grpc-default-executor-2] WARN  server.GrpcLogAppender (GrpcLogAppender.java:resetClient(111)) - omNode-2@group-523986131536->omNode-3-GrpcLogAppender: Leader has not got in touch with Follower omNode-2@group-523986131536->omNode-3(c-1,m0,n79, attendVote=true, lastRpcSendTime=1, lastRpcResponseTime=16813) yet, just keep nextIndex unchanged and retry.
2021-01-11 12:57:24,853 [grpc-default-executor-0] WARN  server.GrpcLogAppender (LogUtils.java:warn(122)) - omNode-2@group-523986131536->omNode-3-AppendLogResponseHandler: Failed appendEntries: org.apache.ratis.thirdparty.io.grpc.StatusRuntimeException: UNAVAILABLE: io exception
2021-01-11 12:57:24,853 [grpc-default-executor-0] WARN  server.GrpcLogAppender (GrpcLogAppender.java:resetClient(111)) - omNode-2@group-523986131536->omNode-3-GrpcLogAppender: Leader has not got in touch with Follower omNode-2@group-523986131536->omNode-3(c-1,m0,n80, attendVote=true, lastRpcSendTime=1, lastRpcResponseTime=16823) yet, just keep nextIndex unchanged and retry.
2021-01-11 12:57:24,863 [grpc-default-executor-2] WARN  server.GrpcLogAppender (LogUtils.java:warn(122)) - omNode-2@group-523986131536->omNode-3-AppendLogResponseHandler: Failed appendEntries: org.apache.ratis.thirdparty.io.grpc.StatusRuntimeException: UNAVAILABLE: io exception
2021-01-11 12:57:24,864 [grpc-default-executor-2] WARN  server.GrpcLogAppender (GrpcLogAppender.java:resetClient(111)) - omNode-2@group-523986131536->omNode-3-GrpcLogAppender: Leader has not got in touch with Follower omNode-2@group-523986131536->omNode-3(c-1,m0,n81, attendVote=true, lastRpcSendTime=12, lastRpcResponseTime=16833) yet, just keep nextIndex unchanged and retry.
2021-01-11 12:57:24,971 [grpc-default-executor-2] WARN  server.GrpcLogAppender (LogUtils.java:warn(122)) - omNode-2@group-523986131536->omNode-3-AppendLogResponseHandler: Failed appendEntries: org.apache.ratis.thirdparty.io.grpc.StatusRuntimeException: UNAVAILABLE: io exception
2021-01-11 12:57:24,972 [grpc-default-executor-2] WARN  server.GrpcLogAppender (GrpcLogAppender.java:resetClient(111)) - omNode-2@group-523986131536->omNode-3-GrpcLogAppender: Leader has not got in touch with Follower omNode-2@group-523986131536->omNode-3(c-1,m0,n82, attendVote=true, lastRpcSendTime=0, lastRpcResponseTime=16941) yet, just keep nextIndex unchanged and retry.
2021-01-11 12:57:24,984 [grpc-default-executor-2] WARN  server.GrpcLogAppender (LogUtils.java:warn(122)) - omNode-2@group-523986131536->omNode-3-AppendLogResponseHandler: Failed appendEntries: org.apache.ratis.thirdparty.io.grpc.StatusRuntimeException: UNAVAILABLE: io exception
2021-01-11 12:57:24,984 [grpc-default-executor-2] WARN  server.GrpcLogAppender (GrpcLogAppender.java:resetClient(111)) - omNode-2@group-523986131536->omNode-3-GrpcLogAppender: Leader has not got in touch with Follower omNode-2@group-523986131536->omNode-3(c-1,m0,n83, attendVote=true, lastRpcSendTime=0, lastRpcResponseTime=16954) yet, just keep nextIndex unchanged and retry.
2021-01-11 12:57:25,007 [grpc-default-executor-0] WARN  server.GrpcLogAppender (LogUtils.java:warn(122)) - omNode-2@group-523986131536->omNode-3-AppendLogResponseHandler: Failed appendEntries: org.apache.ratis.thirdparty.io.grpc.StatusRuntimeException: UNAVAILABLE: io exception
2021-01-11 12:57:25,009 [grpc-default-executor-0] WARN  server.GrpcLogAppender (GrpcLogAppender.java:resetClient(111)) - omNode-2@group-523986131536->omNode-3-GrpcLogAppender: Leader has not got in touch with Follower omNode-2@group-523986131536->omNode-3(c-1,m0,n84, attendVote=true, lastRpcSendTime=1, lastRpcResponseTime=16978) yet, just keep nextIndex unchanged and retry.
2021-01-11 12:57:25,011 [grpc-default-executor-0] WARN  server.GrpcLogAppender (LogUtils.java:warn(122)) - omNode-2@group-523986131536->omNode-3-AppendLogResponseHandler: Failed appendEntries: org.apache.ratis.thirdparty.io.grpc.StatusRuntimeException: UNAVAILABLE: io exception
2021-01-11 12:57:25,012 [grpc-default-executor-0] WARN  server.GrpcLogAppender (GrpcLogAppender.java:resetClient(111)) - omNode-2@group-523986131536->omNode-3-GrpcLogAppender: Leader has not got in touch with Follower omNode-2@group-523986131536->omNode-3(c-1,m0,n85, attendVote=true, lastRpcSendTime=1, lastRpcResponseTime=16981) yet, just keep nextIndex unchanged and retry.
2021-01-11 12:57:25,123 [grpc-default-executor-0] WARN  server.GrpcLogAppender (LogUtils.java:warn(122)) - omNode-2@group-523986131536->omNode-3-AppendLogResponseHandler: Failed appendEntries: org.apache.ratis.thirdparty.io.grpc.StatusRuntimeException: UNAVAILABLE: io exception
2021-01-11 12:57:25,124 [grpc-default-executor-0] WARN  server.GrpcLogAppender (GrpcLogAppender.java:resetClient(111)) - omNode-2@group-523986131536->omNode-3-GrpcLogAppender: Leader has not got in touch with Follower omNode-2@group-523986131536->omNode-3(c-1,m0,n86, attendVote=true, lastRpcSendTime=113, lastRpcResponseTime=17094) yet, just keep nextIndex unchanged and retry.
2021-01-11 12:57:25,132 [grpc-default-executor-0] WARN  server.GrpcLogAppender (LogUtils.java:warn(122)) - omNode-2@group-523986131536->omNode-3-AppendLogResponseHandler: Failed appendEntries: org.apache.ratis.thirdparty.io.grpc.StatusRuntimeException: UNAVAILABLE: io exception
2021-01-11 12:57:25,132 [grpc-default-executor-0] WARN  server.GrpcLogAppender (GrpcLogAppender.java:resetClient(111)) - omNode-2@group-523986131536->omNode-3-GrpcLogAppender: Leader has not got in touch with Follower omNode-2@group-523986131536->omNode-3(c-1,m0,n87, attendVote=true, lastRpcSendTime=0, lastRpcResponseTime=17102) yet, just keep nextIndex unchanged and retry.
2021-01-11 12:57:25,157 [grpc-default-executor-3] WARN  server.GrpcLogAppender (LogUtils.java:warn(122)) - omNode-2@group-523986131536->omNode-3-AppendLogResponseHandler: Failed appendEntries: org.apache.ratis.thirdparty.io.grpc.StatusRuntimeException: UNAVAILABLE: io exception
2021-01-11 12:57:25,158 [grpc-default-executor-3] WARN  server.GrpcLogAppender (GrpcLogAppender.java:resetClient(111)) - omNode-2@group-523986131536->omNode-3-GrpcLogAppender: Leader has not got in touch with Follower omNode-2@group-523986131536->omNode-3(c-1,m0,n88, attendVote=true, lastRpcSendTime=2, lastRpcResponseTime=17127) yet, just keep nextIndex unchanged and retry.
2021-01-11 12:57:25,164 [grpc-default-executor-3] WARN  server.GrpcLogAppender (LogUtils.java:warn(122)) - omNode-2@group-523986131536->omNode-3-AppendLogResponseHandler: Failed appendEntries: org.apache.ratis.thirdparty.io.grpc.StatusRuntimeException: UNAVAILABLE: io exception
2021-01-11 12:57:25,164 [grpc-default-executor-3] WARN  server.GrpcLogAppender (GrpcLogAppender.java:resetClient(111)) - omNode-2@group-523986131536->omNode-3-GrpcLogAppender: Leader has not got in touch with Follower omNode-2@group-523986131536->omNode-3(c-1,m0,n89, attendVote=true, lastRpcSendTime=0, lastRpcResponseTime=17134) yet, just keep nextIndex unchanged and retry.
2021-01-11 12:57:25,271 [grpc-default-executor-3] WARN  server.GrpcLogAppender (LogUtils.java:warn(122)) - omNode-2@group-523986131536->omNode-3-AppendLogResponseHandler: Failed appendEntries: org.apache.ratis.thirdparty.io.grpc.StatusRuntimeException: UNAVAILABLE: io exception
2021-01-11 12:57:25,271 [grpc-default-executor-3] WARN  server.GrpcLogAppender (GrpcLogAppender.java:resetClient(111)) - omNode-2@group-523986131536->omNode-3-GrpcLogAppender: Leader has not got in touch with Follower omNode-2@group-523986131536->omNode-3(c-1,m0,n90, attendVote=true, lastRpcSendTime=0, lastRpcResponseTime=17241) yet, just keep nextIndex unchanged and retry.
2021-01-11 12:57:25,278 [grpc-default-executor-3] WARN  server.GrpcLogAppender (LogUtils.java:warn(122)) - omNode-2@group-523986131536->omNode-3-AppendLogResponseHandler: Failed appendEntries: org.apache.ratis.thirdparty.io.grpc.StatusRuntimeException: UNAVAILABLE: io exception
2021-01-11 12:57:25,278 [grpc-default-executor-3] WARN  server.GrpcLogAppender (GrpcLogAppender.java:resetClient(111)) - omNode-2@group-523986131536->omNode-3-GrpcLogAppender: Leader has not got in touch with Follower omNode-2@group-523986131536->omNode-3(c-1,m0,n91, attendVote=true, lastRpcSendTime=7, lastRpcResponseTime=17248) yet, just keep nextIndex unchanged and retry.
2021-01-11 12:57:25,301 [grpc-default-executor-2] WARN  server.GrpcLogAppender (LogUtils.java:warn(122)) - omNode-2@group-523986131536->omNode-3-AppendLogResponseHandler: Failed appendEntries: org.apache.ratis.thirdparty.io.grpc.StatusRuntimeException: UNAVAILABLE: io exception
2021-01-11 12:57:25,302 [grpc-default-executor-2] WARN  server.GrpcLogAppender (GrpcLogAppender.java:resetClient(111)) - omNode-2@group-523986131536->omNode-3-GrpcLogAppender: Leader has not got in touch with Follower omNode-2@group-523986131536->omNode-3(c-1,m0,n92, attendVote=true, lastRpcSendTime=0, lastRpcResponseTime=17271) yet, just keep nextIndex unchanged and retry.
2021-01-11 12:57:25,307 [grpc-default-executor-2] WARN  server.GrpcLogAppender (LogUtils.java:warn(122)) - omNode-2@group-523986131536->omNode-3-AppendLogResponseHandler: Failed appendEntries: org.apache.ratis.thirdparty.io.grpc.StatusRuntimeException: UNAVAILABLE: io exception
2021-01-11 12:57:25,308 [grpc-default-executor-2] WARN  server.GrpcLogAppender (GrpcLogAppender.java:resetClient(111)) - omNode-2@group-523986131536->omNode-3-GrpcLogAppender: Leader has not got in touch with Follower omNode-2@group-523986131536->omNode-3(c-1,m0,n93, attendVote=true, lastRpcSendTime=6, lastRpcResponseTime=17277) yet, just keep nextIndex unchanged and retry.
2021-01-11 12:57:25,421 [grpc-default-executor-2] WARN  server.GrpcLogAppender (LogUtils.java:warn(122)) - omNode-2@group-523986131536->omNode-3-AppendLogResponseHandler: Failed appendEntries: org.apache.ratis.thirdparty.io.grpc.StatusRuntimeException: UNAVAILABLE: io exception
2021-01-11 12:57:25,422 [grpc-default-executor-2] WARN  server.GrpcLogAppender (GrpcLogAppender.java:resetClient(111)) - omNode-2@group-523986131536->omNode-3-GrpcLogAppender: Leader has not got in touch with Follower omNode-2@group-523986131536->omNode-3(c-1,m0,n94, attendVote=true, lastRpcSendTime=0, lastRpcResponseTime=17391) yet, just keep nextIndex unchanged and retry.
2021-01-11 12:57:25,427 [grpc-default-executor-2] WARN  server.GrpcLogAppender (LogUtils.java:warn(122)) - omNode-2@group-523986131536->omNode-3-AppendLogResponseHandler: Failed appendEntries: org.apache.ratis.thirdparty.io.grpc.StatusRuntimeException: UNAVAILABLE: io exception
2021-01-11 12:57:25,427 [grpc-default-executor-2] WARN  server.GrpcLogAppender (GrpcLogAppender.java:resetClient(111)) - omNode-2@group-523986131536->omNode-3-GrpcLogAppender: Leader has not got in touch with Follower omNode-2@group-523986131536->omNode-3(c-1,m0,n95, attendVote=true, lastRpcSendTime=1, lastRpcResponseTime=17397) yet, just keep nextIndex unchanged and retry.
2021-01-11 12:57:25,437 [grpc-default-executor-3] WARN  server.GrpcLogAppender (LogUtils.java:warn(122)) - omNode-2@group-523986131536->omNode-3-AppendLogResponseHandler: Failed appendEntries: org.apache.ratis.thirdparty.io.grpc.StatusRuntimeException: UNAVAILABLE: io exception
2021-01-11 12:57:25,438 [grpc-default-executor-3] WARN  server.GrpcLogAppender (GrpcLogAppender.java:resetClient(111)) - omNode-2@group-523986131536->omNode-3-GrpcLogAppender: Leader has not got in touch with Follower omNode-2@group-523986131536->omNode-3(c-1,m0,n96, attendVote=true, lastRpcSendTime=11, lastRpcResponseTime=17407) yet, just keep nextIndex unchanged and retry.
2021-01-11 12:57:25,441 [grpc-default-executor-2] WARN  server.GrpcLogAppender (LogUtils.java:warn(122)) - omNode-2@group-523986131536->omNode-3-AppendLogResponseHandler: Failed appendEntries: org.apache.ratis.thirdparty.io.grpc.StatusRuntimeException: UNAVAILABLE: io exception
2021-01-11 12:57:25,441 [grpc-default-executor-2] WARN  server.GrpcLogAppender (GrpcLogAppender.java:resetClient(111)) - omNode-2@group-523986131536->omNode-3-GrpcLogAppender: Leader has not got in touch with Follower omNode-2@group-523986131536->omNode-3(c-1,m0,n97, attendVote=true, lastRpcSendTime=0, lastRpcResponseTime=17410) yet, just keep nextIndex unchanged and retry.
2021-01-11 12:57:25,545 [grpc-default-executor-2] WARN  server.GrpcLogAppender (LogUtils.java:warn(122)) - omNode-2@group-523986131536->omNode-3-AppendLogResponseHandler: Failed appendEntries: org.apache.ratis.thirdparty.io.grpc.StatusRuntimeException: UNAVAILABLE: io exception
2021-01-11 12:57:25,546 [grpc-default-executor-2] WARN  server.GrpcLogAppender (GrpcLogAppender.java:resetClient(111)) - omNode-2@group-523986131536->omNode-3-GrpcLogAppender: Leader has not got in touch with Follower omNode-2@group-523986131536->omNode-3(c-1,m0,n98, attendVote=true, lastRpcSendTime=0, lastRpcResponseTime=17515) yet, just keep nextIndex unchanged and retry.
2021-01-11 12:57:25,552 [grpc-default-executor-3] WARN  server.GrpcLogAppender (LogUtils.java:warn(122)) - omNode-2@group-523986131536->omNode-3-AppendLogResponseHandler: Failed appendEntries: org.apache.ratis.thirdparty.io.grpc.StatusRuntimeException: UNAVAILABLE: io exception
2021-01-11 12:57:25,552 [grpc-default-executor-3] WARN  server.GrpcLogAppender (GrpcLogAppender.java:resetClient(111)) - omNode-2@group-523986131536->omNode-3-GrpcLogAppender: Leader has not got in touch with Follower omNode-2@group-523986131536->omNode-3(c-1,m0,n99, attendVote=true, lastRpcSendTime=0, lastRpcResponseTime=17522) yet, just keep nextIndex unchanged and retry.
2021-01-11 12:57:25,581 [grpc-default-executor-3] WARN  server.GrpcLogAppender (LogUtils.java:warn(122)) - omNode-2@group-523986131536->omNode-3-AppendLogResponseHandler: Failed appendEntries: org.apache.ratis.thirdparty.io.grpc.StatusRuntimeException: UNAVAILABLE: io exception
2021-01-11 12:57:25,582 [grpc-default-executor-3] WARN  server.GrpcLogAppender (GrpcLogAppender.java:resetClient(111)) - omNode-2@group-523986131536->omNode-3-GrpcLogAppender: Leader has not got in touch with Follower omNode-2@group-523986131536->omNode-3(c-1,m0,n100, attendVote=true, lastRpcSendTime=2, lastRpcResponseTime=17551) yet, just keep nextIndex unchanged and retry.
2021-01-11 12:57:25,596 [grpc-default-executor-3] WARN  server.GrpcLogAppender (LogUtils.java:warn(122)) - omNode-2@group-523986131536->omNode-3-AppendLogResponseHandler: Failed appendEntries: org.apache.ratis.thirdparty.io.grpc.StatusRuntimeException: UNAVAILABLE: io exception
2021-01-11 12:57:25,596 [grpc-default-executor-3] WARN  server.GrpcLogAppender (GrpcLogAppender.java:resetClient(111)) - omNode-2@group-523986131536->omNode-3-GrpcLogAppender: Leader has not got in touch with Follower omNode-2@group-523986131536->omNode-3(c-1,m0,n101, attendVote=true, lastRpcSendTime=0, lastRpcResponseTime=17566) yet, just keep nextIndex unchanged and retry.
2021-01-11 12:57:25,602 [omNode-2@group-523986131536-StateMachineUpdater] INFO  ratis.OzoneManagerStateMachine (OzoneManagerStateMachine.java:takeSnapshot(345)) - Current Snapshot Index (t:2, i:99)
2021-01-11 12:57:25,602 [omNode-2@group-523986131536-StateMachineUpdater] INFO  impl.StateMachineUpdater (StateMachineUpdater.java:takeSnapshot(279)) - omNode-2@group-523986131536-StateMachineUpdater: Took a snapshot at index 99
2021-01-11 12:57:25,602 [omNode-2@group-523986131536-StateMachineUpdater] INFO  impl.StateMachineUpdater (StateMachineUpdater.java:lambda$new$0(88)) - omNode-2@group-523986131536-StateMachineUpdater: snapshotIndex: updateIncreasingly 49 -> 99
2021-01-11 12:57:25,602 [omNode-2@group-523986131536-StateMachineUpdater] INFO  raftlog.RaftLog (RaftLogBase.java:purge(306)) - omNode-2@group-523986131536-SegmentedRaftLog: purge 99
2021-01-11 12:57:25,603 [omNode-2@group-523986131536-StateMachineUpdater] INFO  raftlog.RaftLog (RaftLogBase.java:lambda$new$0(53)) - omNode-2@group-523986131536-SegmentedRaftLog: snapshotIndex: updateIncreasingly 49 -> 99
2021-01-11 12:57:25,603 [omNode-2@group-523986131536-StateMachineUpdater] INFO  raftlog.RaftLog (RaftLogBase.java:lambda$new$0(53)) - omNode-2@group-523986131536-SegmentedRaftLog: purgeIndex: updateToMax old=49, new=99, updated? true
2021-01-11 12:57:25,604 [omNode-1@group-523986131536-StateMachineUpdater] INFO  ratis.OzoneManagerStateMachine (OzoneManagerStateMachine.java:takeSnapshot(345)) - Current Snapshot Index (t:2, i:98)
2021-01-11 12:57:25,604 [omNode-1@group-523986131536-StateMachineUpdater] INFO  impl.StateMachineUpdater (StateMachineUpdater.java:takeSnapshot(279)) - omNode-1@group-523986131536-StateMachineUpdater: Took a snapshot at index 98
2021-01-11 12:57:25,604 [omNode-1@group-523986131536-StateMachineUpdater] INFO  impl.StateMachineUpdater (StateMachineUpdater.java:lambda$new$0(88)) - omNode-1@group-523986131536-StateMachineUpdater: snapshotIndex: updateIncreasingly 49 -> 98
2021-01-11 12:57:25,707 [grpc-default-executor-3] WARN  server.GrpcLogAppender (LogUtils.java:warn(122)) - omNode-2@group-523986131536->omNode-3-AppendLogResponseHandler: Failed appendEntries: org.apache.ratis.thirdparty.io.grpc.StatusRuntimeException: UNAVAILABLE: io exception
2021-01-11 12:57:25,708 [grpc-default-executor-3] WARN  server.GrpcLogAppender (GrpcLogAppender.java:resetClient(111)) - omNode-2@group-523986131536->omNode-3-GrpcLogAppender: Leader has not got in touch with Follower omNode-2@group-523986131536->omNode-3(c-1,m0,n102, attendVote=true, lastRpcSendTime=0, lastRpcResponseTime=17677) yet, just keep nextIndex unchanged and retry.
2021-01-11 12:57:25,712 [grpc-default-executor-3] WARN  server.GrpcLogAppender (LogUtils.java:warn(122)) - omNode-2@group-523986131536->omNode-3-AppendLogResponseHandler: Failed appendEntries: org.apache.ratis.thirdparty.io.grpc.StatusRuntimeException: UNAVAILABLE: io exception
2021-01-11 12:57:25,712 [grpc-default-executor-3] WARN  server.GrpcLogAppender (GrpcLogAppender.java:resetClient(111)) - omNode-2@group-523986131536->omNode-3-GrpcLogAppender: Leader has not got in touch with Follower omNode-2@group-523986131536->omNode-3(c-1,m0,n103, attendVote=true, lastRpcSendTime=5, lastRpcResponseTime=17682) yet, just keep nextIndex unchanged and retry.
2021-01-11 12:57:25,737 [grpc-default-executor-2] WARN  server.GrpcLogAppender (LogUtils.java:warn(122)) - omNode-2@group-523986131536->omNode-3-AppendLogResponseHandler: Failed appendEntries: org.apache.ratis.thirdparty.io.grpc.StatusRuntimeException: UNAVAILABLE: io exception
2021-01-11 12:57:25,738 [grpc-default-executor-2] WARN  server.GrpcLogAppender (GrpcLogAppender.java:resetClient(111)) - omNode-2@group-523986131536->omNode-3-GrpcLogAppender: Leader has not got in touch with Follower omNode-2@group-523986131536->omNode-3(c-1,m0,n104, attendVote=true, lastRpcSendTime=0, lastRpcResponseTime=17707) yet, just keep nextIndex unchanged and retry.
2021-01-11 12:57:25,745 [grpc-default-executor-2] WARN  server.GrpcLogAppender (LogUtils.java:warn(122)) - omNode-2@group-523986131536->omNode-3-AppendLogResponseHandler: Failed appendEntries: org.apache.ratis.thirdparty.io.grpc.StatusRuntimeException: UNAVAILABLE: io exception
2021-01-11 12:57:25,746 [grpc-default-executor-2] WARN  server.GrpcLogAppender (GrpcLogAppender.java:resetClient(111)) - omNode-2@group-523986131536->omNode-3-GrpcLogAppender: Leader has not got in touch with Follower omNode-2@group-523986131536->omNode-3(c-1,m0,n105, attendVote=true, lastRpcSendTime=4, lastRpcResponseTime=17715) yet, just keep nextIndex unchanged and retry.
2021-01-11 12:57:25,846 [grpc-default-executor-2] WARN  server.GrpcLogAppender (LogUtils.java:warn(122)) - omNode-2@group-523986131536->omNode-3-AppendLogResponseHandler: Failed appendEntries: org.apache.ratis.thirdparty.io.grpc.StatusRuntimeException: UNAVAILABLE: io exception
2021-01-11 12:57:25,848 [grpc-default-executor-2] WARN  server.GrpcLogAppender (GrpcLogAppender.java:resetClient(111)) - omNode-2@group-523986131536->omNode-3-GrpcLogAppender: Leader has not got in touch with Follower omNode-2@group-523986131536->omNode-3(c-1,m0,n106, attendVote=true, lastRpcSendTime=0, lastRpcResponseTime=17817) yet, just keep nextIndex unchanged and retry.
2021-01-11 12:57:25,853 [grpc-default-executor-2] WARN  server.GrpcLogAppender (LogUtils.java:warn(122)) - omNode-2@group-523986131536->omNode-3-AppendLogResponseHandler: Failed appendEntries: org.apache.ratis.thirdparty.io.grpc.StatusRuntimeException: UNAVAILABLE: io exception
2021-01-11 12:57:25,854 [grpc-default-executor-2] WARN  server.GrpcLogAppender (GrpcLogAppender.java:resetClient(111)) - omNode-2@group-523986131536->omNode-3-GrpcLogAppender: Leader has not got in touch with Follower omNode-2@group-523986131536->omNode-3(c-1,m0,n107, attendVote=true, lastRpcSendTime=0, lastRpcResponseTime=17823) yet, just keep nextIndex unchanged and retry.
2021-01-11 12:57:25,865 [grpc-default-executor-3] WARN  server.GrpcLogAppender (LogUtils.java:warn(122)) - omNode-2@group-523986131536->omNode-3-AppendLogResponseHandler: Failed appendEntries: org.apache.ratis.thirdparty.io.grpc.StatusRuntimeException: UNAVAILABLE: io exception
2021-01-11 12:57:25,866 [grpc-default-executor-3] WARN  server.GrpcLogAppender (GrpcLogAppender.java:resetClient(111)) - omNode-2@group-523986131536->omNode-3-GrpcLogAppender: Leader has not got in touch with Follower omNode-2@group-523986131536->omNode-3(c-1,m0,n108, attendVote=true, lastRpcSendTime=0, lastRpcResponseTime=17835) yet, just keep nextIndex unchanged and retry.
2021-01-11 12:57:25,888 [grpc-default-executor-3] WARN  server.GrpcLogAppender (LogUtils.java:warn(122)) - omNode-2@group-523986131536->omNode-3-AppendLogResponseHandler: Failed appendEntries: org.apache.ratis.thirdparty.io.grpc.StatusRuntimeException: UNAVAILABLE: io exception
2021-01-11 12:57:25,889 [grpc-default-executor-3] WARN  server.GrpcLogAppender (GrpcLogAppender.java:resetClient(111)) - omNode-2@group-523986131536->omNode-3-GrpcLogAppender: Leader has not got in touch with Follower omNode-2@group-523986131536->omNode-3(c-1,m0,n109, attendVote=true, lastRpcSendTime=24, lastRpcResponseTime=17859) yet, just keep nextIndex unchanged and retry.
2021-01-11 12:57:25,992 [grpc-default-executor-3] WARN  server.GrpcLogAppender (LogUtils.java:warn(122)) - omNode-2@group-523986131536->omNode-3-AppendLogResponseHandler: Failed appendEntries: org.apache.ratis.thirdparty.io.grpc.StatusRuntimeException: UNAVAILABLE: io exception
2021-01-11 12:57:25,993 [grpc-default-executor-3] WARN  server.GrpcLogAppender (GrpcLogAppender.java:resetClient(111)) - omNode-2@group-523986131536->omNode-3-GrpcLogAppender: Leader has not got in touch with Follower omNode-2@group-523986131536->omNode-3(c-1,m0,n110, attendVote=true, lastRpcSendTime=0, lastRpcResponseTime=17962) yet, just keep nextIndex unchanged and retry.
2021-01-11 12:57:25,997 [grpc-default-executor-3] WARN  server.GrpcLogAppender (LogUtils.java:warn(122)) - omNode-2@group-523986131536->omNode-3-AppendLogResponseHandler: Failed appendEntries: org.apache.ratis.thirdparty.io.grpc.StatusRuntimeException: UNAVAILABLE: io exception
2021-01-11 12:57:25,998 [grpc-default-executor-3] WARN  server.GrpcLogAppender (GrpcLogAppender.java:resetClient(111)) - omNode-2@group-523986131536->omNode-3-GrpcLogAppender: Leader has not got in touch with Follower omNode-2@group-523986131536->omNode-3(c-1,m0,n111, attendVote=true, lastRpcSendTime=0, lastRpcResponseTime=17968) yet, just keep nextIndex unchanged and retry.
2021-01-11 12:57:26,010 [grpc-default-executor-0] WARN  server.GrpcLogAppender (LogUtils.java:warn(122)) - omNode-2@group-523986131536->omNode-3-AppendLogResponseHandler: Failed appendEntries: org.apache.ratis.thirdparty.io.grpc.StatusRuntimeException: UNAVAILABLE: io exception
2021-01-11 12:57:26,011 [grpc-default-executor-0] WARN  server.GrpcLogAppender (GrpcLogAppender.java:resetClient(111)) - omNode-2@group-523986131536->omNode-3-GrpcLogAppender: Leader has not got in touch with Follower omNode-2@group-523986131536->omNode-3(c-1,m0,n112, attendVote=true, lastRpcSendTime=1, lastRpcResponseTime=17980) yet, just keep nextIndex unchanged and retry.
2021-01-11 12:57:26,012 [grpc-default-executor-0] WARN  server.GrpcLogAppender (LogUtils.java:warn(122)) - omNode-2@group-523986131536->omNode-3-AppendLogResponseHandler: Failed appendEntries: org.apache.ratis.thirdparty.io.grpc.StatusRuntimeException: UNAVAILABLE: io exception
2021-01-11 12:57:26,013 [grpc-default-executor-0] WARN  server.GrpcLogAppender (GrpcLogAppender.java:resetClient(111)) - omNode-2@group-523986131536->omNode-3-GrpcLogAppender: Leader has not got in touch with Follower omNode-2@group-523986131536->omNode-3(c-1,m0,n113, attendVote=true, lastRpcSendTime=3, lastRpcResponseTime=17982) yet, just keep nextIndex unchanged and retry.
2021-01-11 12:57:26,118 [grpc-default-executor-0] WARN  server.GrpcLogAppender (LogUtils.java:warn(122)) - omNode-2@group-523986131536->omNode-3-AppendLogResponseHandler: Failed appendEntries: org.apache.ratis.thirdparty.io.grpc.StatusRuntimeException: UNAVAILABLE: io exception
2021-01-11 12:57:26,118 [grpc-default-executor-0] WARN  server.GrpcLogAppender (GrpcLogAppender.java:resetClient(111)) - omNode-2@group-523986131536->omNode-3-GrpcLogAppender: Leader has not got in touch with Follower omNode-2@group-523986131536->omNode-3(c-1,m0,n114, attendVote=true, lastRpcSendTime=0, lastRpcResponseTime=18088) yet, just keep nextIndex unchanged and retry.
2021-01-11 12:57:26,138 [grpc-default-executor-0] WARN  server.GrpcLogAppender (LogUtils.java:warn(122)) - omNode-2@group-523986131536->omNode-3-AppendLogResponseHandler: Failed appendEntries: org.apache.ratis.thirdparty.io.grpc.StatusRuntimeException: UNAVAILABLE: io exception
2021-01-11 12:57:26,138 [grpc-default-executor-0] WARN  server.GrpcLogAppender (GrpcLogAppender.java:resetClient(111)) - omNode-2@group-523986131536->omNode-3-GrpcLogAppender: Leader has not got in touch with Follower omNode-2@group-523986131536->omNode-3(c-1,m0,n115, attendVote=true, lastRpcSendTime=0, lastRpcResponseTime=18108) yet, just keep nextIndex unchanged and retry.
2021-01-11 12:57:26,153 [grpc-default-executor-0] WARN  server.GrpcLogAppender (LogUtils.java:warn(122)) - omNode-2@group-523986131536->omNode-3-AppendLogResponseHandler: Failed appendEntries: org.apache.ratis.thirdparty.io.grpc.StatusRuntimeException: UNAVAILABLE: io exception
2021-01-11 12:57:26,154 [grpc-default-executor-0] WARN  server.GrpcLogAppender (GrpcLogAppender.java:resetClient(111)) - omNode-2@group-523986131536->omNode-3-GrpcLogAppender: Leader has not got in touch with Follower omNode-2@group-523986131536->omNode-3(c-1,m0,n116, attendVote=true, lastRpcSendTime=0, lastRpcResponseTime=18123) yet, just keep nextIndex unchanged and retry.
2021-01-11 12:57:26,157 [grpc-default-executor-0] WARN  server.GrpcLogAppender (LogUtils.java:warn(122)) - omNode-2@group-523986131536->omNode-3-AppendLogResponseHandler: Failed appendEntries: org.apache.ratis.thirdparty.io.grpc.StatusRuntimeException: UNAVAILABLE: io exception
2021-01-11 12:57:26,157 [grpc-default-executor-0] WARN  server.GrpcLogAppender (GrpcLogAppender.java:resetClient(111)) - omNode-2@group-523986131536->omNode-3-GrpcLogAppender: Leader has not got in touch with Follower omNode-2@group-523986131536->omNode-3(c-1,m0,n117, attendVote=true, lastRpcSendTime=1, lastRpcResponseTime=18127) yet, just keep nextIndex unchanged and retry.
2021-01-11 12:57:26,264 [grpc-default-executor-3] WARN  server.GrpcLogAppender (LogUtils.java:warn(122)) - omNode-2@group-523986131536->omNode-3-AppendLogResponseHandler: Failed appendEntries: org.apache.ratis.thirdparty.io.grpc.StatusRuntimeException: UNAVAILABLE: io exception
2021-01-11 12:57:26,265 [grpc-default-executor-3] WARN  server.GrpcLogAppender (GrpcLogAppender.java:resetClient(111)) - omNode-2@group-523986131536->omNode-3-GrpcLogAppender: Leader has not got in touch with Follower omNode-2@group-523986131536->omNode-3(c-1,m0,n118, attendVote=true, lastRpcSendTime=108, lastRpcResponseTime=18234) yet, just keep nextIndex unchanged and retry.
2021-01-11 12:57:26,269 [grpc-default-executor-3] WARN  server.GrpcLogAppender (LogUtils.java:warn(122)) - omNode-2@group-523986131536->omNode-3-AppendLogResponseHandler: Failed appendEntries: org.apache.ratis.thirdparty.io.grpc.StatusRuntimeException: UNAVAILABLE: io exception
2021-01-11 12:57:26,270 [grpc-default-executor-3] WARN  server.GrpcLogAppender (GrpcLogAppender.java:resetClient(111)) - omNode-2@group-523986131536->omNode-3-GrpcLogAppender: Leader has not got in touch with Follower omNode-2@group-523986131536->omNode-3(c-1,m0,n119, attendVote=true, lastRpcSendTime=2, lastRpcResponseTime=18239) yet, just keep nextIndex unchanged and retry.
2021-01-11 12:57:26,292 [grpc-default-executor-3] WARN  server.GrpcLogAppender (LogUtils.java:warn(122)) - omNode-2@group-523986131536->omNode-3-AppendLogResponseHandler: Failed appendEntries: org.apache.ratis.thirdparty.io.grpc.StatusRuntimeException: UNAVAILABLE: io exception
2021-01-11 12:57:26,293 [grpc-default-executor-3] WARN  server.GrpcLogAppender (GrpcLogAppender.java:resetClient(111)) - omNode-2@group-523986131536->omNode-3-GrpcLogAppender: Leader has not got in touch with Follower omNode-2@group-523986131536->omNode-3(c-1,m0,n120, attendVote=true, lastRpcSendTime=0, lastRpcResponseTime=18262) yet, just keep nextIndex unchanged and retry.
2021-01-11 12:57:26,300 [grpc-default-executor-3] WARN  server.GrpcLogAppender (LogUtils.java:warn(122)) - omNode-2@group-523986131536->omNode-3-AppendLogResponseHandler: Failed appendEntries: org.apache.ratis.thirdparty.io.grpc.StatusRuntimeException: UNAVAILABLE: io exception
2021-01-11 12:57:26,301 [grpc-default-executor-3] WARN  server.GrpcLogAppender (GrpcLogAppender.java:resetClient(111)) - omNode-2@group-523986131536->omNode-3-GrpcLogAppender: Leader has not got in touch with Follower omNode-2@group-523986131536->omNode-3(c-1,m0,n121, attendVote=true, lastRpcSendTime=0, lastRpcResponseTime=18270) yet, just keep nextIndex unchanged and retry.
2021-01-11 12:57:26,408 [grpc-default-executor-0] WARN  server.GrpcLogAppender (LogUtils.java:warn(122)) - omNode-2@group-523986131536->omNode-3-AppendLogResponseHandler: Failed appendEntries: org.apache.ratis.thirdparty.io.grpc.StatusRuntimeException: UNAVAILABLE: io exception
2021-01-11 12:57:26,408 [grpc-default-executor-0] WARN  server.GrpcLogAppender (GrpcLogAppender.java:resetClient(111)) - omNode-2@group-523986131536->omNode-3-GrpcLogAppender: Leader has not got in touch with Follower omNode-2@group-523986131536->omNode-3(c-1,m0,n122, attendVote=true, lastRpcSendTime=0, lastRpcResponseTime=18378) yet, just keep nextIndex unchanged and retry.
2021-01-11 12:57:26,412 [grpc-default-executor-0] WARN  server.GrpcLogAppender (LogUtils.java:warn(122)) - omNode-2@group-523986131536->omNode-3-AppendLogResponseHandler: Failed appendEntries: org.apache.ratis.thirdparty.io.grpc.StatusRuntimeException: UNAVAILABLE: io exception
2021-01-11 12:57:26,412 [grpc-default-executor-0] WARN  server.GrpcLogAppender (GrpcLogAppender.java:resetClient(111)) - omNode-2@group-523986131536->omNode-3-GrpcLogAppender: Leader has not got in touch with Follower omNode-2@group-523986131536->omNode-3(c-1,m0,n123, attendVote=true, lastRpcSendTime=1, lastRpcResponseTime=18382) yet, just keep nextIndex unchanged and retry.
2021-01-11 12:57:26,432 [grpc-default-executor-3] WARN  server.GrpcLogAppender (LogUtils.java:warn(122)) - omNode-2@group-523986131536->omNode-3-AppendLogResponseHandler: Failed appendEntries: org.apache.ratis.thirdparty.io.grpc.StatusRuntimeException: UNAVAILABLE: io exception
2021-01-11 12:57:26,432 [grpc-default-executor-3] WARN  server.GrpcLogAppender (GrpcLogAppender.java:resetClient(111)) - omNode-2@group-523986131536->omNode-3-GrpcLogAppender: Leader has not got in touch with Follower omNode-2@group-523986131536->omNode-3(c-1,m0,n124, attendVote=true, lastRpcSendTime=0, lastRpcResponseTime=18402) yet, just keep nextIndex unchanged and retry.
2021-01-11 12:57:26,442 [grpc-default-executor-3] WARN  server.GrpcLogAppender (LogUtils.java:warn(122)) - omNode-2@group-523986131536->omNode-3-AppendLogResponseHandler: Failed appendEntries: org.apache.ratis.thirdparty.io.grpc.StatusRuntimeException: UNAVAILABLE: io exception
2021-01-11 12:57:26,442 [grpc-default-executor-3] WARN  server.GrpcLogAppender (GrpcLogAppender.java:resetClient(111)) - omNode-2@group-523986131536->omNode-3-GrpcLogAppender: Leader has not got in touch with Follower omNode-2@group-523986131536->omNode-3(c-1,m0,n125, attendVote=true, lastRpcSendTime=5, lastRpcResponseTime=18412) yet, just keep nextIndex unchanged and retry.
2021-01-11 12:57:26,547 [grpc-default-executor-3] WARN  server.GrpcLogAppender (LogUtils.java:warn(122)) - omNode-2@group-523986131536->omNode-3-AppendLogResponseHandler: Failed appendEntries: org.apache.ratis.thirdparty.io.grpc.StatusRuntimeException: UNAVAILABLE: io exception
2021-01-11 12:57:26,548 [grpc-default-executor-3] WARN  server.GrpcLogAppender (GrpcLogAppender.java:resetClient(111)) - omNode-2@group-523986131536->omNode-3-GrpcLogAppender: Leader has not got in touch with Follower omNode-2@group-523986131536->omNode-3(c-1,m0,n126, attendVote=true, lastRpcSendTime=0, lastRpcResponseTime=18517) yet, just keep nextIndex unchanged and retry.
2021-01-11 12:57:26,554 [grpc-default-executor-3] WARN  server.GrpcLogAppender (LogUtils.java:warn(122)) - omNode-2@group-523986131536->omNode-3-AppendLogResponseHandler: Failed appendEntries: org.apache.ratis.thirdparty.io.grpc.StatusRuntimeException: UNAVAILABLE: io exception
2021-01-11 12:57:26,555 [grpc-default-executor-3] WARN  server.GrpcLogAppender (GrpcLogAppender.java:resetClient(111)) - omNode-2@group-523986131536->omNode-3-GrpcLogAppender: Leader has not got in touch with Follower omNode-2@group-523986131536->omNode-3(c-1,m0,n127, attendVote=true, lastRpcSendTime=8, lastRpcResponseTime=18525) yet, just keep nextIndex unchanged and retry.
2021-01-11 12:57:26,591 [grpc-default-executor-0] WARN  server.GrpcLogAppender (LogUtils.java:warn(122)) - omNode-2@group-523986131536->omNode-3-AppendLogResponseHandler: Failed appendEntries: org.apache.ratis.thirdparty.io.grpc.StatusRuntimeException: UNAVAILABLE: io exception
2021-01-11 12:57:26,592 [grpc-default-executor-0] WARN  server.GrpcLogAppender (GrpcLogAppender.java:resetClient(111)) - omNode-2@group-523986131536->omNode-3-GrpcLogAppender: Leader has not got in touch with Follower omNode-2@group-523986131536->omNode-3(c-1,m0,n128, attendVote=true, lastRpcSendTime=35, lastRpcResponseTime=18561) yet, just keep nextIndex unchanged and retry.
2021-01-11 12:57:26,600 [grpc-default-executor-0] WARN  server.GrpcLogAppender (LogUtils.java:warn(122)) - omNode-2@group-523986131536->omNode-3-AppendLogResponseHandler: Failed appendEntries: org.apache.ratis.thirdparty.io.grpc.StatusRuntimeException: UNAVAILABLE: io exception
2021-01-11 12:57:26,600 [grpc-default-executor-0] WARN  server.GrpcLogAppender (GrpcLogAppender.java:resetClient(111)) - omNode-2@group-523986131536->omNode-3-GrpcLogAppender: Leader has not got in touch with Follower omNode-2@group-523986131536->omNode-3(c-1,m0,n129, attendVote=true, lastRpcSendTime=0, lastRpcResponseTime=18570) yet, just keep nextIndex unchanged and retry.
2021-01-11 12:57:26,705 [grpc-default-executor-0] WARN  server.GrpcLogAppender (LogUtils.java:warn(122)) - omNode-2@group-523986131536->omNode-3-AppendLogResponseHandler: Failed appendEntries: org.apache.ratis.thirdparty.io.grpc.StatusRuntimeException: UNAVAILABLE: io exception
2021-01-11 12:57:26,706 [grpc-default-executor-0] WARN  server.GrpcLogAppender (GrpcLogAppender.java:resetClient(111)) - omNode-2@group-523986131536->omNode-3-GrpcLogAppender: Leader has not got in touch with Follower omNode-2@group-523986131536->omNode-3(c-1,m0,n130, attendVote=true, lastRpcSendTime=105, lastRpcResponseTime=18675) yet, just keep nextIndex unchanged and retry.
2021-01-11 12:57:26,715 [grpc-default-executor-0] WARN  server.GrpcLogAppender (LogUtils.java:warn(122)) - omNode-2@group-523986131536->omNode-3-AppendLogResponseHandler: Failed appendEntries: org.apache.ratis.thirdparty.io.grpc.StatusRuntimeException: UNAVAILABLE: io exception
2021-01-11 12:57:26,716 [grpc-default-executor-0] WARN  server.GrpcLogAppender (GrpcLogAppender.java:resetClient(111)) - omNode-2@group-523986131536->omNode-3-GrpcLogAppender: Leader has not got in touch with Follower omNode-2@group-523986131536->omNode-3(c-1,m0,n131, attendVote=true, lastRpcSendTime=0, lastRpcResponseTime=18686) yet, just keep nextIndex unchanged and retry.
2021-01-11 12:57:26,731 [grpc-default-executor-0] WARN  server.GrpcLogAppender (LogUtils.java:warn(122)) - omNode-2@group-523986131536->omNode-3-AppendLogResponseHandler: Failed appendEntries: org.apache.ratis.thirdparty.io.grpc.StatusRuntimeException: UNAVAILABLE: io exception
2021-01-11 12:57:26,732 [grpc-default-executor-0] WARN  server.GrpcLogAppender (GrpcLogAppender.java:resetClient(111)) - omNode-2@group-523986131536->omNode-3-GrpcLogAppender: Leader has not got in touch with Follower omNode-2@group-523986131536->omNode-3(c-1,m0,n132, attendVote=true, lastRpcSendTime=0, lastRpcResponseTime=18701) yet, just keep nextIndex unchanged and retry.
2021-01-11 12:57:26,737 [grpc-default-executor-0] WARN  server.GrpcLogAppender (LogUtils.java:warn(122)) - omNode-2@group-523986131536->omNode-3-AppendLogResponseHandler: Failed appendEntries: org.apache.ratis.thirdparty.io.grpc.StatusRuntimeException: UNAVAILABLE: io exception
2021-01-11 12:57:26,738 [grpc-default-executor-0] WARN  server.GrpcLogAppender (GrpcLogAppender.java:resetClient(111)) - omNode-2@group-523986131536->omNode-3-GrpcLogAppender: Leader has not got in touch with Follower omNode-2@group-523986131536->omNode-3(c-1,m0,n133, attendVote=true, lastRpcSendTime=6, lastRpcResponseTime=18707) yet, just keep nextIndex unchanged and retry.
2021-01-11 12:57:26,844 [grpc-default-executor-0] WARN  server.GrpcLogAppender (LogUtils.java:warn(122)) - omNode-2@group-523986131536->omNode-3-AppendLogResponseHandler: Failed appendEntries: org.apache.ratis.thirdparty.io.grpc.StatusRuntimeException: UNAVAILABLE: io exception
2021-01-11 12:57:26,845 [grpc-default-executor-0] WARN  server.GrpcLogAppender (GrpcLogAppender.java:resetClient(111)) - omNode-2@group-523986131536->omNode-3-GrpcLogAppender: Leader has not got in touch with Follower omNode-2@group-523986131536->omNode-3(c-1,m0,n134, attendVote=true, lastRpcSendTime=0, lastRpcResponseTime=18814) yet, just keep nextIndex unchanged and retry.
2021-01-11 12:57:26,850 [grpc-default-executor-0] WARN  server.GrpcLogAppender (LogUtils.java:warn(122)) - omNode-2@group-523986131536->omNode-3-AppendLogResponseHandler: Failed appendEntries: org.apache.ratis.thirdparty.io.grpc.StatusRuntimeException: UNAVAILABLE: io exception
2021-01-11 12:57:26,851 [grpc-default-executor-0] WARN  server.GrpcLogAppender (GrpcLogAppender.java:resetClient(111)) - omNode-2@group-523986131536->omNode-3-GrpcLogAppender: Leader has not got in touch with Follower omNode-2@group-523986131536->omNode-3(c-1,m0,n135, attendVote=true, lastRpcSendTime=7, lastRpcResponseTime=18820) yet, just keep nextIndex unchanged and retry.
2021-01-11 12:57:26,867 [grpc-default-executor-3] WARN  server.GrpcLogAppender (LogUtils.java:warn(122)) - omNode-2@group-523986131536->omNode-3-AppendLogResponseHandler: Failed appendEntries: org.apache.ratis.thirdparty.io.grpc.StatusRuntimeException: UNAVAILABLE: io exception
2021-01-11 12:57:26,868 [grpc-default-executor-3] WARN  server.GrpcLogAppender (GrpcLogAppender.java:resetClient(111)) - omNode-2@group-523986131536->omNode-3-GrpcLogAppender: Leader has not got in touch with Follower omNode-2@group-523986131536->omNode-3(c-1,m0,n136, attendVote=true, lastRpcSendTime=0, lastRpcResponseTime=18837) yet, just keep nextIndex unchanged and retry.
2021-01-11 12:57:26,872 [grpc-default-executor-3] WARN  server.GrpcLogAppender (LogUtils.java:warn(122)) - omNode-2@group-523986131536->omNode-3-AppendLogResponseHandler: Failed appendEntries: org.apache.ratis.thirdparty.io.grpc.StatusRuntimeException: UNAVAILABLE: io exception
2021-01-11 12:57:26,873 [grpc-default-executor-3] WARN  server.GrpcLogAppender (GrpcLogAppender.java:resetClient(111)) - omNode-2@group-523986131536->omNode-3-GrpcLogAppender: Leader has not got in touch with Follower omNode-2@group-523986131536->omNode-3(c-1,m0,n137, attendVote=true, lastRpcSendTime=5, lastRpcResponseTime=18842) yet, just keep nextIndex unchanged and retry.
2021-01-11 12:57:26,978 [grpc-default-executor-3] WARN  server.GrpcLogAppender (LogUtils.java:warn(122)) - omNode-2@group-523986131536->omNode-3-AppendLogResponseHandler: Failed appendEntries: org.apache.ratis.thirdparty.io.grpc.StatusRuntimeException: UNAVAILABLE: io exception
2021-01-11 12:57:26,979 [grpc-default-executor-3] WARN  server.GrpcLogAppender (GrpcLogAppender.java:resetClient(111)) - omNode-2@group-523986131536->omNode-3-GrpcLogAppender: Leader has not got in touch with Follower omNode-2@group-523986131536->omNode-3(c-1,m0,n138, attendVote=true, lastRpcSendTime=105, lastRpcResponseTime=18948) yet, just keep nextIndex unchanged and retry.
2021-01-11 12:57:26,987 [grpc-default-executor-3] WARN  server.GrpcLogAppender (LogUtils.java:warn(122)) - omNode-2@group-523986131536->omNode-3-AppendLogResponseHandler: Failed appendEntries: org.apache.ratis.thirdparty.io.grpc.StatusRuntimeException: UNAVAILABLE: io exception
2021-01-11 12:57:26,988 [grpc-default-executor-3] WARN  server.GrpcLogAppender (GrpcLogAppender.java:resetClient(111)) - omNode-2@group-523986131536->omNode-3-GrpcLogAppender: Leader has not got in touch with Follower omNode-2@group-523986131536->omNode-3(c-1,m0,n139, attendVote=true, lastRpcSendTime=8, lastRpcResponseTime=18957) yet, just keep nextIndex unchanged and retry.
2021-01-11 12:57:27,008 [grpc-default-executor-3] WARN  server.GrpcLogAppender (LogUtils.java:warn(122)) - omNode-2@group-523986131536->omNode-3-AppendLogResponseHandler: Failed appendEntries: org.apache.ratis.thirdparty.io.grpc.StatusRuntimeException: UNAVAILABLE: io exception
2021-01-11 12:57:27,009 [grpc-default-executor-3] WARN  server.GrpcLogAppender (GrpcLogAppender.java:resetClient(111)) - omNode-2@group-523986131536->omNode-3-GrpcLogAppender: Leader has not got in touch with Follower omNode-2@group-523986131536->omNode-3(c-1,m0,n140, attendVote=true, lastRpcSendTime=19, lastRpcResponseTime=18978) yet, just keep nextIndex unchanged and retry.
2021-01-11 12:57:27,012 [grpc-default-executor-0] WARN  server.GrpcLogAppender (LogUtils.java:warn(122)) - omNode-2@group-523986131536->omNode-3-AppendLogResponseHandler: Failed appendEntries: org.apache.ratis.thirdparty.io.grpc.StatusRuntimeException: UNAVAILABLE: io exception
2021-01-11 12:57:27,013 [grpc-default-executor-0] WARN  server.GrpcLogAppender (GrpcLogAppender.java:resetClient(111)) - omNode-2@group-523986131536->omNode-3-GrpcLogAppender: Leader has not got in touch with Follower omNode-2@group-523986131536->omNode-3(c-1,m0,n141, attendVote=true, lastRpcSendTime=3, lastRpcResponseTime=18982) yet, just keep nextIndex unchanged and retry.
2021-01-11 12:57:27,118 [grpc-default-executor-3] WARN  server.GrpcLogAppender (LogUtils.java:warn(122)) - omNode-2@group-523986131536->omNode-3-AppendLogResponseHandler: Failed appendEntries: org.apache.ratis.thirdparty.io.grpc.StatusRuntimeException: UNAVAILABLE: io exception
2021-01-11 12:57:27,119 [grpc-default-executor-3] WARN  server.GrpcLogAppender (GrpcLogAppender.java:resetClient(111)) - omNode-2@group-523986131536->omNode-3-GrpcLogAppender: Leader has not got in touch with Follower omNode-2@group-523986131536->omNode-3(c-1,m0,n142, attendVote=true, lastRpcSendTime=105, lastRpcResponseTime=19088) yet, just keep nextIndex unchanged and retry.
2021-01-11 12:57:27,132 [grpc-default-executor-3] WARN  server.GrpcLogAppender (LogUtils.java:warn(122)) - omNode-2@group-523986131536->omNode-3-AppendLogResponseHandler: Failed appendEntries: org.apache.ratis.thirdparty.io.grpc.StatusRuntimeException: UNAVAILABLE: io exception
2021-01-11 12:57:27,132 [grpc-default-executor-3] WARN  server.GrpcLogAppender (GrpcLogAppender.java:resetClient(111)) - omNode-2@group-523986131536->omNode-3-GrpcLogAppender: Leader has not got in touch with Follower omNode-2@group-523986131536->omNode-3(c-1,m0,n143, attendVote=true, lastRpcSendTime=0, lastRpcResponseTime=19102) yet, just keep nextIndex unchanged and retry.
2021-01-11 12:57:27,169 [grpc-default-executor-0] WARN  server.GrpcLogAppender (LogUtils.java:warn(122)) - omNode-2@group-523986131536->omNode-3-AppendLogResponseHandler: Failed appendEntries: org.apache.ratis.thirdparty.io.grpc.StatusRuntimeException: UNAVAILABLE: io exception
2021-01-11 12:57:27,170 [grpc-default-executor-0] WARN  server.GrpcLogAppender (GrpcLogAppender.java:resetClient(111)) - omNode-2@group-523986131536->omNode-3-GrpcLogAppender: Leader has not got in touch with Follower omNode-2@group-523986131536->omNode-3(c-1,m0,n144, attendVote=true, lastRpcSendTime=37, lastRpcResponseTime=19139) yet, just keep nextIndex unchanged and retry.
2021-01-11 12:57:27,176 [grpc-default-executor-3] WARN  server.GrpcLogAppender (LogUtils.java:warn(122)) - omNode-2@group-523986131536->omNode-3-AppendLogResponseHandler: Failed appendEntries: org.apache.ratis.thirdparty.io.grpc.StatusRuntimeException: UNAVAILABLE: io exception
2021-01-11 12:57:27,177 [grpc-default-executor-3] WARN  server.GrpcLogAppender (GrpcLogAppender.java:resetClient(111)) - omNode-2@group-523986131536->omNode-3-GrpcLogAppender: Leader has not got in touch with Follower omNode-2@group-523986131536->omNode-3(c-1,m0,n145, attendVote=true, lastRpcSendTime=0, lastRpcResponseTime=19146) yet, just keep nextIndex unchanged and retry.
2021-01-11 12:57:27,280 [grpc-default-executor-3] WARN  server.GrpcLogAppender (LogUtils.java:warn(122)) - omNode-2@group-523986131536->omNode-3-AppendLogResponseHandler: Failed appendEntries: org.apache.ratis.thirdparty.io.grpc.StatusRuntimeException: UNAVAILABLE: io exception
2021-01-11 12:57:27,281 [grpc-default-executor-3] WARN  server.GrpcLogAppender (GrpcLogAppender.java:resetClient(111)) - omNode-2@group-523986131536->omNode-3-GrpcLogAppender: Leader has not got in touch with Follower omNode-2@group-523986131536->omNode-3(c-1,m0,n146, attendVote=true, lastRpcSendTime=105, lastRpcResponseTime=19251) yet, just keep nextIndex unchanged and retry.
2021-01-11 12:57:27,287 [grpc-default-executor-3] WARN  server.GrpcLogAppender (LogUtils.java:warn(122)) - omNode-2@group-523986131536->omNode-3-AppendLogResponseHandler: Failed appendEntries: org.apache.ratis.thirdparty.io.grpc.StatusRuntimeException: UNAVAILABLE: io exception
2021-01-11 12:57:27,287 [grpc-default-executor-3] WARN  server.GrpcLogAppender (GrpcLogAppender.java:resetClient(111)) - omNode-2@group-523986131536->omNode-3-GrpcLogAppender: Leader has not got in touch with Follower omNode-2@group-523986131536->omNode-3(c-1,m0,n147, attendVote=true, lastRpcSendTime=6, lastRpcResponseTime=19257) yet, just keep nextIndex unchanged and retry.
2021-01-11 12:57:27,300 [grpc-default-executor-3] WARN  server.GrpcLogAppender (LogUtils.java:warn(122)) - omNode-2@group-523986131536->omNode-3-AppendLogResponseHandler: Failed appendEntries: org.apache.ratis.thirdparty.io.grpc.StatusRuntimeException: UNAVAILABLE: io exception
2021-01-11 12:57:27,301 [grpc-default-executor-3] WARN  server.GrpcLogAppender (GrpcLogAppender.java:resetClient(111)) - omNode-2@group-523986131536->omNode-3-GrpcLogAppender: Leader has not got in touch with Follower omNode-2@group-523986131536->omNode-3(c-1,m0,n148, attendVote=true, lastRpcSendTime=0, lastRpcResponseTime=19270) yet, just keep nextIndex unchanged and retry.
2021-01-11 12:57:27,307 [grpc-default-executor-0] WARN  server.GrpcLogAppender (LogUtils.java:warn(122)) - omNode-2@group-523986131536->omNode-3-AppendLogResponseHandler: Failed appendEntries: org.apache.ratis.thirdparty.io.grpc.StatusRuntimeException: UNAVAILABLE: io exception
2021-01-11 12:57:27,308 [grpc-default-executor-0] WARN  server.GrpcLogAppender (GrpcLogAppender.java:resetClient(111)) - omNode-2@group-523986131536->omNode-3-GrpcLogAppender: Leader has not got in touch with Follower omNode-2@group-523986131536->omNode-3(c-1,m0,n149, attendVote=true, lastRpcSendTime=7, lastRpcResponseTime=19277) yet, just keep nextIndex unchanged and retry.
2021-01-11 12:57:27,410 [grpc-default-executor-0] WARN  server.GrpcLogAppender (LogUtils.java:warn(122)) - omNode-2@group-523986131536->omNode-3-AppendLogResponseHandler: Failed appendEntries: org.apache.ratis.thirdparty.io.grpc.StatusRuntimeException: UNAVAILABLE: io exception
2021-01-11 12:57:27,411 [grpc-default-executor-0] WARN  server.GrpcLogAppender (GrpcLogAppender.java:resetClient(111)) - omNode-2@group-523986131536->omNode-3-GrpcLogAppender: Leader has not got in touch with Follower omNode-2@group-523986131536->omNode-3(c-1,m0,n150, attendVote=true, lastRpcSendTime=0, lastRpcResponseTime=19380) yet, just keep nextIndex unchanged and retry.
2021-01-11 12:57:27,415 [omNode-1@group-523986131536-StateMachineUpdater] INFO  ratis.OzoneManagerStateMachine (OzoneManagerStateMachine.java:takeSnapshot(345)) - Current Snapshot Index (t:2, i:148)
2021-01-11 12:57:27,415 [omNode-1@group-523986131536-StateMachineUpdater] INFO  impl.StateMachineUpdater (StateMachineUpdater.java:takeSnapshot(279)) - omNode-1@group-523986131536-StateMachineUpdater: Took a snapshot at index 148
2021-01-11 12:57:27,415 [omNode-1@group-523986131536-StateMachineUpdater] INFO  impl.StateMachineUpdater (StateMachineUpdater.java:lambda$new$0(88)) - omNode-1@group-523986131536-StateMachineUpdater: snapshotIndex: updateIncreasingly 98 -> 148
2021-01-11 12:57:27,415 [omNode-1@group-523986131536-StateMachineUpdater] INFO  raftlog.RaftLog (RaftLogBase.java:purge(306)) - omNode-1@group-523986131536-SegmentedRaftLog: purge 148
2021-01-11 12:57:27,415 [omNode-1@group-523986131536-StateMachineUpdater] INFO  raftlog.RaftLog (RaftLogBase.java:lambda$new$0(53)) - omNode-1@group-523986131536-SegmentedRaftLog: snapshotIndex: updateIncreasingly 49 -> 148
2021-01-11 12:57:27,415 [omNode-1@group-523986131536-StateMachineUpdater] INFO  raftlog.RaftLog (RaftLogBase.java:lambda$new$0(53)) - omNode-1@group-523986131536-SegmentedRaftLog: purgeIndex: updateToMax old=49, new=148, updated? true
2021-01-11 12:57:27,419 [grpc-default-executor-3] WARN  server.GrpcLogAppender (LogUtils.java:warn(122)) - omNode-2@group-523986131536->omNode-3-AppendLogResponseHandler: Failed appendEntries: org.apache.ratis.thirdparty.io.grpc.StatusRuntimeException: UNAVAILABLE: io exception
2021-01-11 12:57:27,420 [grpc-default-executor-3] WARN  server.GrpcLogAppender (GrpcLogAppender.java:resetClient(111)) - omNode-2@group-523986131536->omNode-3-GrpcLogAppender: Leader has not got in touch with Follower omNode-2@group-523986131536->omNode-3(c-1,m0,n151, attendVote=true, lastRpcSendTime=1, lastRpcResponseTime=19389) yet, just keep nextIndex unchanged and retry.
2021-01-11 12:57:27,421 [omNode-2@group-523986131536-StateMachineUpdater] INFO  ratis.OzoneManagerStateMachine (OzoneManagerStateMachine.java:takeSnapshot(345)) - Current Snapshot Index (t:2, i:149)
2021-01-11 12:57:27,421 [omNode-2@group-523986131536-StateMachineUpdater] INFO  impl.StateMachineUpdater (StateMachineUpdater.java:takeSnapshot(279)) - omNode-2@group-523986131536-StateMachineUpdater: Took a snapshot at index 149
2021-01-11 12:57:27,421 [omNode-2@group-523986131536-StateMachineUpdater] INFO  impl.StateMachineUpdater (StateMachineUpdater.java:lambda$new$0(88)) - omNode-2@group-523986131536-StateMachineUpdater: snapshotIndex: updateIncreasingly 99 -> 149
2021-01-11 12:57:27,421 [omNode-2@group-523986131536-StateMachineUpdater] INFO  raftlog.RaftLog (RaftLogBase.java:purge(306)) - omNode-2@group-523986131536-SegmentedRaftLog: purge 149
2021-01-11 12:57:27,421 [omNode-2@group-523986131536-StateMachineUpdater] INFO  raftlog.RaftLog (RaftLogBase.java:lambda$new$0(53)) - omNode-2@group-523986131536-SegmentedRaftLog: snapshotIndex: updateIncreasingly 99 -> 149
2021-01-11 12:57:27,421 [omNode-2@group-523986131536-StateMachineUpdater] INFO  raftlog.RaftLog (RaftLogBase.java:lambda$new$0(53)) - omNode-2@group-523986131536-SegmentedRaftLog: purgeIndex: updateToMax old=99, new=149, updated? true
2021-01-11 12:57:27,431 [grpc-default-executor-0] WARN  server.GrpcLogAppender (LogUtils.java:warn(122)) - omNode-2@group-523986131536->omNode-3-AppendLogResponseHandler: Failed appendEntries: org.apache.ratis.thirdparty.io.grpc.StatusRuntimeException: UNAVAILABLE: io exception
2021-01-11 12:57:27,431 [grpc-default-executor-0] WARN  server.GrpcLogAppender (GrpcLogAppender.java:resetClient(111)) - omNode-2@group-523986131536->omNode-3-GrpcLogAppender: Leader has not got in touch with Follower omNode-2@group-523986131536->omNode-3(c-1,m0,n152, attendVote=true, lastRpcSendTime=0, lastRpcResponseTime=19401) yet, just keep nextIndex unchanged and retry.
2021-01-11 12:57:27,439 [grpc-default-executor-3] WARN  server.GrpcLogAppender (LogUtils.java:warn(122)) - omNode-2@group-523986131536->omNode-3-AppendLogResponseHandler: Failed appendEntries: org.apache.ratis.thirdparty.io.grpc.StatusRuntimeException: UNAVAILABLE: io exception
2021-01-11 12:57:27,440 [grpc-default-executor-3] WARN  server.GrpcLogAppender (GrpcLogAppender.java:resetClient(111)) - omNode-2@group-523986131536->omNode-3-GrpcLogAppender: Leader has not got in touch with Follower omNode-2@group-523986131536->omNode-3(c-1,m0,n153, attendVote=true, lastRpcSendTime=0, lastRpcResponseTime=19409) yet, just keep nextIndex unchanged and retry.
2021-01-11 12:57:27,547 [grpc-default-executor-3] WARN  server.GrpcLogAppender (LogUtils.java:warn(122)) - omNode-2@group-523986131536->omNode-3-AppendLogResponseHandler: Failed appendEntries: org.apache.ratis.thirdparty.io.grpc.StatusRuntimeException: UNAVAILABLE: io exception
2021-01-11 12:57:27,548 [grpc-default-executor-3] WARN  server.GrpcLogAppender (GrpcLogAppender.java:resetClient(111)) - omNode-2@group-523986131536->omNode-3-GrpcLogAppender: Leader has not got in touch with Follower omNode-2@group-523986131536->omNode-3(c-1,m0,n154, attendVote=true, lastRpcSendTime=108, lastRpcResponseTime=19517) yet, just keep nextIndex unchanged and retry.
2021-01-11 12:57:27,556 [grpc-default-executor-3] WARN  server.GrpcLogAppender (LogUtils.java:warn(122)) - omNode-2@group-523986131536->omNode-3-AppendLogResponseHandler: Failed appendEntries: org.apache.ratis.thirdparty.io.grpc.StatusRuntimeException: UNAVAILABLE: io exception
2021-01-11 12:57:27,556 [grpc-default-executor-3] WARN  server.GrpcLogAppender (GrpcLogAppender.java:resetClient(111)) - omNode-2@group-523986131536->omNode-3-GrpcLogAppender: Leader has not got in touch with Follower omNode-2@group-523986131536->omNode-3(c-1,m0,n155, attendVote=true, lastRpcSendTime=7, lastRpcResponseTime=19526) yet, just keep nextIndex unchanged and retry.
2021-01-11 12:57:27,571 [grpc-default-executor-3] WARN  server.GrpcLogAppender (LogUtils.java:warn(122)) - omNode-2@group-523986131536->omNode-3-AppendLogResponseHandler: Failed appendEntries: org.apache.ratis.thirdparty.io.grpc.StatusRuntimeException: UNAVAILABLE: io exception
2021-01-11 12:57:27,572 [grpc-default-executor-3] WARN  server.GrpcLogAppender (GrpcLogAppender.java:resetClient(111)) - omNode-2@group-523986131536->omNode-3-GrpcLogAppender: Leader has not got in touch with Follower omNode-2@group-523986131536->omNode-3(c-1,m0,n156, attendVote=true, lastRpcSendTime=15, lastRpcResponseTime=19541) yet, just keep nextIndex unchanged and retry.
2021-01-11 12:57:27,606 [grpc-default-executor-3] WARN  server.GrpcLogAppender (LogUtils.java:warn(122)) - omNode-2@group-523986131536->omNode-3-AppendLogResponseHandler: Failed appendEntries: org.apache.ratis.thirdparty.io.grpc.StatusRuntimeException: UNAVAILABLE: io exception
2021-01-11 12:57:27,607 [grpc-default-executor-3] WARN  server.GrpcLogAppender (GrpcLogAppender.java:resetClient(111)) - omNode-2@group-523986131536->omNode-3-GrpcLogAppender: Leader has not got in touch with Follower omNode-2@group-523986131536->omNode-3(c-1,m0,n157, attendVote=true, lastRpcSendTime=34, lastRpcResponseTime=19576) yet, just keep nextIndex unchanged and retry.
2021-01-11 12:57:27,715 [grpc-default-executor-0] WARN  server.GrpcLogAppender (LogUtils.java:warn(122)) - omNode-2@group-523986131536->omNode-3-AppendLogResponseHandler: Failed appendEntries: org.apache.ratis.thirdparty.io.grpc.StatusRuntimeException: UNAVAILABLE: io exception
2021-01-11 12:57:27,715 [grpc-default-executor-0] WARN  server.GrpcLogAppender (GrpcLogAppender.java:resetClient(111)) - omNode-2@group-523986131536->omNode-3-GrpcLogAppender: Leader has not got in touch with Follower omNode-2@group-523986131536->omNode-3(c-1,m0,n158, attendVote=true, lastRpcSendTime=0, lastRpcResponseTime=19685) yet, just keep nextIndex unchanged and retry.
2021-01-11 12:57:27,763 [grpc-default-executor-0] WARN  server.GrpcLogAppender (LogUtils.java:warn(122)) - omNode-2@group-523986131536->omNode-3-AppendLogResponseHandler: Failed appendEntries: org.apache.ratis.thirdparty.io.grpc.StatusRuntimeException: UNAVAILABLE: io exception
2021-01-11 12:57:27,764 [grpc-default-executor-0] WARN  server.GrpcLogAppender (GrpcLogAppender.java:resetClient(111)) - omNode-2@group-523986131536->omNode-3-GrpcLogAppender: Leader has not got in touch with Follower omNode-2@group-523986131536->omNode-3(c-1,m0,n159, attendVote=true, lastRpcSendTime=1, lastRpcResponseTime=19733) yet, just keep nextIndex unchanged and retry.
2021-01-11 12:57:27,781 [grpc-default-executor-3] WARN  server.GrpcLogAppender (LogUtils.java:warn(122)) - omNode-2@group-523986131536->omNode-3-AppendLogResponseHandler: Failed appendEntries: org.apache.ratis.thirdparty.io.grpc.StatusRuntimeException: UNAVAILABLE: io exception
2021-01-11 12:57:27,782 [grpc-default-executor-3] WARN  server.GrpcLogAppender (GrpcLogAppender.java:resetClient(111)) - omNode-2@group-523986131536->omNode-3-GrpcLogAppender: Leader has not got in touch with Follower omNode-2@group-523986131536->omNode-3(c-1,m0,n160, attendVote=true, lastRpcSendTime=19, lastRpcResponseTime=19751) yet, just keep nextIndex unchanged and retry.
2021-01-11 12:57:27,918 [grpc-default-executor-0] WARN  server.GrpcLogAppender (LogUtils.java:warn(122)) - omNode-2@group-523986131536->omNode-3-AppendLogResponseHandler: Failed appendEntries: org.apache.ratis.thirdparty.io.grpc.StatusRuntimeException: UNAVAILABLE: io exception
2021-01-11 12:57:27,918 [grpc-default-executor-0] WARN  server.GrpcLogAppender (GrpcLogAppender.java:resetClient(111)) - omNode-2@group-523986131536->omNode-3-GrpcLogAppender: Leader has not got in touch with Follower omNode-2@group-523986131536->omNode-3(c-1,m0,n161, attendVote=true, lastRpcSendTime=135, lastRpcResponseTime=19888) yet, just keep nextIndex unchanged and retry.
2021-01-11 12:57:28,027 [grpc-default-executor-3] WARN  server.GrpcLogAppender (LogUtils.java:warn(122)) - omNode-2@group-523986131536->omNode-3-AppendLogResponseHandler: Failed appendEntries: org.apache.ratis.thirdparty.io.grpc.StatusRuntimeException: UNAVAILABLE: io exception
2021-01-11 12:57:28,028 [grpc-default-executor-3] WARN  server.GrpcLogAppender (GrpcLogAppender.java:resetClient(111)) - omNode-2@group-523986131536->omNode-3-GrpcLogAppender: Leader has not got in touch with Follower omNode-2@group-523986131536->omNode-3(c-1,m0,n162, attendVote=true, lastRpcSendTime=0, lastRpcResponseTime=19997) yet, just keep nextIndex unchanged and retry.
2021-01-11 12:57:28,036 [grpc-default-executor-3] WARN  server.GrpcLogAppender (LogUtils.java:warn(122)) - omNode-2@group-523986131536->omNode-3-AppendLogResponseHandler: Failed appendEntries: org.apache.ratis.thirdparty.io.grpc.StatusRuntimeException: UNAVAILABLE: io exception
2021-01-11 12:57:28,037 [grpc-default-executor-3] WARN  server.GrpcLogAppender (GrpcLogAppender.java:resetClient(111)) - omNode-2@group-523986131536->omNode-3-GrpcLogAppender: Leader has not got in touch with Follower omNode-2@group-523986131536->omNode-3(c-1,m0,n163, attendVote=true, lastRpcSendTime=1, lastRpcResponseTime=20006) yet, just keep nextIndex unchanged and retry.
2021-01-11 12:57:28,053 [grpc-default-executor-0] WARN  server.GrpcLogAppender (LogUtils.java:warn(122)) - omNode-2@group-523986131536->omNode-3-AppendLogResponseHandler: Failed appendEntries: org.apache.ratis.thirdparty.io.grpc.StatusRuntimeException: UNAVAILABLE: io exception
2021-01-11 12:57:28,054 [grpc-default-executor-0] WARN  server.GrpcLogAppender (GrpcLogAppender.java:resetClient(111)) - omNode-2@group-523986131536->omNode-3-GrpcLogAppender: Leader has not got in touch with Follower omNode-2@group-523986131536->omNode-3(c-1,m0,n164, attendVote=true, lastRpcSendTime=0, lastRpcResponseTime=20023) yet, just keep nextIndex unchanged and retry.
2021-01-11 12:57:28,056 [grpc-default-executor-3] WARN  server.GrpcLogAppender (LogUtils.java:warn(122)) - omNode-2@group-523986131536->omNode-3-AppendLogResponseHandler: Failed appendEntries: org.apache.ratis.thirdparty.io.grpc.StatusRuntimeException: UNAVAILABLE: io exception
2021-01-11 12:57:28,057 [grpc-default-executor-3] WARN  server.GrpcLogAppender (GrpcLogAppender.java:resetClient(111)) - omNode-2@group-523986131536->omNode-3-GrpcLogAppender: Leader has not got in touch with Follower omNode-2@group-523986131536->omNode-3(c-1,m0,n165, attendVote=true, lastRpcSendTime=1, lastRpcResponseTime=20026) yet, just keep nextIndex unchanged and retry.
2021-01-11 12:57:28,164 [grpc-default-executor-3] WARN  server.GrpcLogAppender (LogUtils.java:warn(122)) - omNode-2@group-523986131536->omNode-3-AppendLogResponseHandler: Failed appendEntries: org.apache.ratis.thirdparty.io.grpc.StatusRuntimeException: UNAVAILABLE: io exception
2021-01-11 12:57:28,165 [grpc-default-executor-3] WARN  server.GrpcLogAppender (GrpcLogAppender.java:resetClient(111)) - omNode-2@group-523986131536->omNode-3-GrpcLogAppender: Leader has not got in touch with Follower omNode-2@group-523986131536->omNode-3(c-1,m0,n166, attendVote=true, lastRpcSendTime=0, lastRpcResponseTime=20135) yet, just keep nextIndex unchanged and retry.
2021-01-11 12:57:28,170 [grpc-default-executor-3] WARN  server.GrpcLogAppender (LogUtils.java:warn(122)) - omNode-2@group-523986131536->omNode-3-AppendLogResponseHandler: Failed appendEntries: org.apache.ratis.thirdparty.io.grpc.StatusRuntimeException: UNAVAILABLE: io exception
2021-01-11 12:57:28,170 [grpc-default-executor-3] WARN  server.GrpcLogAppender (GrpcLogAppender.java:resetClient(111)) - omNode-2@group-523986131536->omNode-3-GrpcLogAppender: Leader has not got in touch with Follower omNode-2@group-523986131536->omNode-3(c-1,m0,n167, attendVote=true, lastRpcSendTime=5, lastRpcResponseTime=20140) yet, just keep nextIndex unchanged and retry.
2021-01-11 12:57:28,199 [grpc-default-executor-3] WARN  server.GrpcLogAppender (LogUtils.java:warn(122)) - omNode-2@group-523986131536->omNode-3-AppendLogResponseHandler: Failed appendEntries: org.apache.ratis.thirdparty.io.grpc.StatusRuntimeException: UNAVAILABLE: io exception
2021-01-11 12:57:28,200 [grpc-default-executor-3] WARN  server.GrpcLogAppender (GrpcLogAppender.java:resetClient(111)) - omNode-2@group-523986131536->omNode-3-GrpcLogAppender: Leader has not got in touch with Follower omNode-2@group-523986131536->omNode-3(c-1,m0,n168, attendVote=true, lastRpcSendTime=26, lastRpcResponseTime=20169) yet, just keep nextIndex unchanged and retry.
2021-01-11 12:57:28,215 [grpc-default-executor-3] WARN  server.GrpcLogAppender (LogUtils.java:warn(122)) - omNode-2@group-523986131536->omNode-3-AppendLogResponseHandler: Failed appendEntries: org.apache.ratis.thirdparty.io.grpc.StatusRuntimeException: UNAVAILABLE: io exception
2021-01-11 12:57:28,216 [grpc-default-executor-3] WARN  server.GrpcLogAppender (GrpcLogAppender.java:resetClient(111)) - omNode-2@group-523986131536->omNode-3-GrpcLogAppender: Leader has not got in touch with Follower omNode-2@group-523986131536->omNode-3(c-1,m0,n169, attendVote=true, lastRpcSendTime=0, lastRpcResponseTime=20185) yet, just keep nextIndex unchanged and retry.
2021-01-11 12:57:28,315 [grpc-default-executor-3] WARN  server.GrpcLogAppender (LogUtils.java:warn(122)) - omNode-2@group-523986131536->omNode-3-AppendLogResponseHandler: Failed appendEntries: org.apache.ratis.thirdparty.io.grpc.StatusRuntimeException: UNAVAILABLE: io exception
2021-01-11 12:57:28,316 [grpc-default-executor-3] WARN  server.GrpcLogAppender (GrpcLogAppender.java:resetClient(111)) - omNode-2@group-523986131536->omNode-3-GrpcLogAppender: Leader has not got in touch with Follower omNode-2@group-523986131536->omNode-3(c-1,m0,n170, attendVote=true, lastRpcSendTime=0, lastRpcResponseTime=20286) yet, just keep nextIndex unchanged and retry.
2021-01-11 12:57:28,319 [grpc-default-executor-0] WARN  server.GrpcLogAppender (LogUtils.java:warn(122)) - omNode-2@group-523986131536->omNode-3-AppendLogResponseHandler: Failed appendEntries: org.apache.ratis.thirdparty.io.grpc.StatusRuntimeException: UNAVAILABLE: io exception
2021-01-11 12:57:28,319 [grpc-default-executor-0] WARN  server.GrpcLogAppender (GrpcLogAppender.java:resetClient(111)) - omNode-2@group-523986131536->omNode-3-GrpcLogAppender: Leader has not got in touch with Follower omNode-2@group-523986131536->omNode-3(c-1,m0,n171, attendVote=true, lastRpcSendTime=3, lastRpcResponseTime=20289) yet, just keep nextIndex unchanged and retry.
2021-01-11 12:57:28,334 [grpc-default-executor-3] WARN  server.GrpcLogAppender (LogUtils.java:warn(122)) - omNode-2@group-523986131536->omNode-3-AppendLogResponseHandler: Failed appendEntries: org.apache.ratis.thirdparty.io.grpc.StatusRuntimeException: UNAVAILABLE: io exception
2021-01-11 12:57:28,334 [grpc-default-executor-3] WARN  server.GrpcLogAppender (GrpcLogAppender.java:resetClient(111)) - omNode-2@group-523986131536->omNode-3-GrpcLogAppender: Leader has not got in touch with Follower omNode-2@group-523986131536->omNode-3(c-1,m0,n172, attendVote=true, lastRpcSendTime=12, lastRpcResponseTime=20304) yet, just keep nextIndex unchanged and retry.
2021-01-11 12:57:28,342 [grpc-default-executor-3] WARN  server.GrpcLogAppender (LogUtils.java:warn(122)) - omNode-2@group-523986131536->omNode-3-AppendLogResponseHandler: Failed appendEntries: org.apache.ratis.thirdparty.io.grpc.StatusRuntimeException: UNAVAILABLE: io exception
2021-01-11 12:57:28,343 [grpc-default-executor-3] WARN  server.GrpcLogAppender (GrpcLogAppender.java:resetClient(111)) - omNode-2@group-523986131536->omNode-3-GrpcLogAppender: Leader has not got in touch with Follower omNode-2@group-523986131536->omNode-3(c-1,m0,n173, attendVote=true, lastRpcSendTime=8, lastRpcResponseTime=20312) yet, just keep nextIndex unchanged and retry.
2021-01-11 12:57:28,447 [grpc-default-executor-3] WARN  server.GrpcLogAppender (LogUtils.java:warn(122)) - omNode-2@group-523986131536->omNode-3-AppendLogResponseHandler: Failed appendEntries: org.apache.ratis.thirdparty.io.grpc.StatusRuntimeException: UNAVAILABLE: io exception
2021-01-11 12:57:28,447 [grpc-default-executor-3] WARN  server.GrpcLogAppender (GrpcLogAppender.java:resetClient(111)) - omNode-2@group-523986131536->omNode-3-GrpcLogAppender: Leader has not got in touch with Follower omNode-2@group-523986131536->omNode-3(c-1,m0,n174, attendVote=true, lastRpcSendTime=104, lastRpcResponseTime=20417) yet, just keep nextIndex unchanged and retry.
2021-01-11 12:57:28,453 [grpc-default-executor-0] WARN  server.GrpcLogAppender (LogUtils.java:warn(122)) - omNode-2@group-523986131536->omNode-3-AppendLogResponseHandler: Failed appendEntries: org.apache.ratis.thirdparty.io.grpc.StatusRuntimeException: UNAVAILABLE: io exception
2021-01-11 12:57:28,453 [grpc-default-executor-0] WARN  server.GrpcLogAppender (GrpcLogAppender.java:resetClient(111)) - omNode-2@group-523986131536->omNode-3-GrpcLogAppender: Leader has not got in touch with Follower omNode-2@group-523986131536->omNode-3(c-1,m0,n175, attendVote=true, lastRpcSendTime=0, lastRpcResponseTime=20423) yet, just keep nextIndex unchanged and retry.
2021-01-11 12:57:28,469 [grpc-default-executor-3] WARN  server.GrpcLogAppender (LogUtils.java:warn(122)) - omNode-2@group-523986131536->omNode-3-AppendLogResponseHandler: Failed appendEntries: org.apache.ratis.thirdparty.io.grpc.StatusRuntimeException: UNAVAILABLE: io exception
2021-01-11 12:57:28,470 [grpc-default-executor-3] WARN  server.GrpcLogAppender (GrpcLogAppender.java:resetClient(111)) - omNode-2@group-523986131536->omNode-3-GrpcLogAppender: Leader has not got in touch with Follower omNode-2@group-523986131536->omNode-3(c-1,m0,n176, attendVote=true, lastRpcSendTime=17, lastRpcResponseTime=20439) yet, just keep nextIndex unchanged and retry.
2021-01-11 12:57:28,479 [grpc-default-executor-3] WARN  server.GrpcLogAppender (LogUtils.java:warn(122)) - omNode-2@group-523986131536->omNode-3-AppendLogResponseHandler: Failed appendEntries: org.apache.ratis.thirdparty.io.grpc.StatusRuntimeException: UNAVAILABLE: io exception
2021-01-11 12:57:28,480 [grpc-default-executor-3] WARN  server.GrpcLogAppender (GrpcLogAppender.java:resetClient(111)) - omNode-2@group-523986131536->omNode-3-GrpcLogAppender: Leader has not got in touch with Follower omNode-2@group-523986131536->omNode-3(c-1,m0,n177, attendVote=true, lastRpcSendTime=9, lastRpcResponseTime=20449) yet, just keep nextIndex unchanged and retry.
2021-01-11 12:57:28,590 [grpc-default-executor-3] WARN  server.GrpcLogAppender (LogUtils.java:warn(122)) - omNode-2@group-523986131536->omNode-3-AppendLogResponseHandler: Failed appendEntries: org.apache.ratis.thirdparty.io.grpc.StatusRuntimeException: UNAVAILABLE: io exception
2021-01-11 12:57:28,590 [grpc-default-executor-3] WARN  server.GrpcLogAppender (GrpcLogAppender.java:resetClient(111)) - omNode-2@group-523986131536->omNode-3-GrpcLogAppender: Leader has not got in touch with Follower omNode-2@group-523986131536->omNode-3(c-1,m0,n178, attendVote=true, lastRpcSendTime=0, lastRpcResponseTime=20560) yet, just keep nextIndex unchanged and retry.
2021-01-11 12:57:28,602 [grpc-default-executor-3] WARN  server.GrpcLogAppender (LogUtils.java:warn(122)) - omNode-2@group-523986131536->omNode-3-AppendLogResponseHandler: Failed appendEntries: org.apache.ratis.thirdparty.io.grpc.StatusRuntimeException: UNAVAILABLE: io exception
2021-01-11 12:57:28,603 [grpc-default-executor-3] WARN  server.GrpcLogAppender (GrpcLogAppender.java:resetClient(111)) - omNode-2@group-523986131536->omNode-3-GrpcLogAppender: Leader has not got in touch with Follower omNode-2@group-523986131536->omNode-3(c-1,m0,n179, attendVote=true, lastRpcSendTime=13, lastRpcResponseTime=20572) yet, just keep nextIndex unchanged and retry.
2021-01-11 12:57:28,629 [grpc-default-executor-0] WARN  server.GrpcLogAppender (LogUtils.java:warn(122)) - omNode-2@group-523986131536->omNode-3-AppendLogResponseHandler: Failed appendEntries: org.apache.ratis.thirdparty.io.grpc.StatusRuntimeException: UNAVAILABLE: io exception
2021-01-11 12:57:28,630 [grpc-default-executor-0] WARN  server.GrpcLogAppender (GrpcLogAppender.java:resetClient(111)) - omNode-2@group-523986131536->omNode-3-GrpcLogAppender: Leader has not got in touch with Follower omNode-2@group-523986131536->omNode-3(c-1,m0,n180, attendVote=true, lastRpcSendTime=26, lastRpcResponseTime=20599) yet, just keep nextIndex unchanged and retry.
2021-01-11 12:57:28,647 [grpc-default-executor-0] WARN  server.GrpcLogAppender (LogUtils.java:warn(122)) - omNode-2@group-523986131536->omNode-3-AppendLogResponseHandler: Failed appendEntries: org.apache.ratis.thirdparty.io.grpc.StatusRuntimeException: UNAVAILABLE: io exception
2021-01-11 12:57:28,648 [grpc-default-executor-0] WARN  server.GrpcLogAppender (GrpcLogAppender.java:resetClient(111)) - omNode-2@group-523986131536->omNode-3-GrpcLogAppender: Leader has not got in touch with Follower omNode-2@group-523986131536->omNode-3(c-1,m0,n181, attendVote=true, lastRpcSendTime=16, lastRpcResponseTime=20617) yet, just keep nextIndex unchanged and retry.
2021-01-11 12:57:28,751 [grpc-default-executor-0] WARN  server.GrpcLogAppender (LogUtils.java:warn(122)) - omNode-2@group-523986131536->omNode-3-AppendLogResponseHandler: Failed appendEntries: org.apache.ratis.thirdparty.io.grpc.StatusRuntimeException: UNAVAILABLE: io exception
2021-01-11 12:57:28,752 [grpc-default-executor-0] WARN  server.GrpcLogAppender (GrpcLogAppender.java:resetClient(111)) - omNode-2@group-523986131536->omNode-3-GrpcLogAppender: Leader has not got in touch with Follower omNode-2@group-523986131536->omNode-3(c-1,m0,n182, attendVote=true, lastRpcSendTime=103, lastRpcResponseTime=20722) yet, just keep nextIndex unchanged and retry.
2021-01-11 12:57:28,760 [grpc-default-executor-0] WARN  server.GrpcLogAppender (LogUtils.java:warn(122)) - omNode-2@group-523986131536->omNode-3-AppendLogResponseHandler: Failed appendEntries: org.apache.ratis.thirdparty.io.grpc.StatusRuntimeException: UNAVAILABLE: io exception
2021-01-11 12:57:28,761 [grpc-default-executor-0] WARN  server.GrpcLogAppender (GrpcLogAppender.java:resetClient(111)) - omNode-2@group-523986131536->omNode-3-GrpcLogAppender: Leader has not got in touch with Follower omNode-2@group-523986131536->omNode-3(c-1,m0,n183, attendVote=true, lastRpcSendTime=6, lastRpcResponseTime=20730) yet, just keep nextIndex unchanged and retry.
2021-01-11 12:57:28,791 [grpc-default-executor-2] WARN  server.GrpcLogAppender (LogUtils.java:warn(122)) - omNode-2@group-523986131536->omNode-3-AppendLogResponseHandler: Failed appendEntries: org.apache.ratis.thirdparty.io.grpc.StatusRuntimeException: UNAVAILABLE: io exception
2021-01-11 12:57:28,792 [grpc-default-executor-2] WARN  server.GrpcLogAppender (GrpcLogAppender.java:resetClient(111)) - omNode-2@group-523986131536->omNode-3-GrpcLogAppender: Leader has not got in touch with Follower omNode-2@group-523986131536->omNode-3(c-1,m0,n184, attendVote=true, lastRpcSendTime=30, lastRpcResponseTime=20761) yet, just keep nextIndex unchanged and retry.
2021-01-11 12:57:28,803 [grpc-default-executor-2] WARN  server.GrpcLogAppender (LogUtils.java:warn(122)) - omNode-2@group-523986131536->omNode-3-AppendLogResponseHandler: Failed appendEntries: org.apache.ratis.thirdparty.io.grpc.StatusRuntimeException: UNAVAILABLE: io exception
2021-01-11 12:57:28,804 [grpc-default-executor-2] WARN  server.GrpcLogAppender (GrpcLogAppender.java:resetClient(111)) - omNode-2@group-523986131536->omNode-3-GrpcLogAppender: Leader has not got in touch with Follower omNode-2@group-523986131536->omNode-3(c-1,m0,n185, attendVote=true, lastRpcSendTime=0, lastRpcResponseTime=20773) yet, just keep nextIndex unchanged and retry.
2021-01-11 12:57:28,910 [grpc-default-executor-2] WARN  server.GrpcLogAppender (LogUtils.java:warn(122)) - omNode-2@group-523986131536->omNode-3-AppendLogResponseHandler: Failed appendEntries: org.apache.ratis.thirdparty.io.grpc.StatusRuntimeException: UNAVAILABLE: io exception
2021-01-11 12:57:28,912 [grpc-default-executor-2] WARN  server.GrpcLogAppender (GrpcLogAppender.java:resetClient(111)) - omNode-2@group-523986131536->omNode-3-GrpcLogAppender: Leader has not got in touch with Follower omNode-2@group-523986131536->omNode-3(c-1,m0,n186, attendVote=true, lastRpcSendTime=1, lastRpcResponseTime=20881) yet, just keep nextIndex unchanged and retry.
2021-01-11 12:57:28,918 [grpc-default-executor-2] WARN  server.GrpcLogAppender (LogUtils.java:warn(122)) - omNode-2@group-523986131536->omNode-3-AppendLogResponseHandler: Failed appendEntries: org.apache.ratis.thirdparty.io.grpc.StatusRuntimeException: UNAVAILABLE: io exception
2021-01-11 12:57:28,920 [grpc-default-executor-2] WARN  server.GrpcLogAppender (GrpcLogAppender.java:resetClient(111)) - omNode-2@group-523986131536->omNode-3-GrpcLogAppender: Leader has not got in touch with Follower omNode-2@group-523986131536->omNode-3(c-1,m0,n187, attendVote=true, lastRpcSendTime=0, lastRpcResponseTime=20890) yet, just keep nextIndex unchanged and retry.
2021-01-11 12:57:28,932 [grpc-default-executor-0] WARN  server.GrpcLogAppender (LogUtils.java:warn(122)) - omNode-2@group-523986131536->omNode-3-AppendLogResponseHandler: Failed appendEntries: org.apache.ratis.thirdparty.io.grpc.StatusRuntimeException: UNAVAILABLE: io exception
2021-01-11 12:57:28,933 [grpc-default-executor-0] WARN  server.GrpcLogAppender (GrpcLogAppender.java:resetClient(111)) - omNode-2@group-523986131536->omNode-3-GrpcLogAppender: Leader has not got in touch with Follower omNode-2@group-523986131536->omNode-3(c-1,m0,n188, attendVote=true, lastRpcSendTime=12, lastRpcResponseTime=20902) yet, just keep nextIndex unchanged and retry.
2021-01-11 12:57:28,947 [grpc-default-executor-0] WARN  server.GrpcLogAppender (LogUtils.java:warn(122)) - omNode-2@group-523986131536->omNode-3-AppendLogResponseHandler: Failed appendEntries: org.apache.ratis.thirdparty.io.grpc.StatusRuntimeException: UNAVAILABLE: io exception
2021-01-11 12:57:28,947 [grpc-default-executor-0] WARN  server.GrpcLogAppender (GrpcLogAppender.java:resetClient(111)) - omNode-2@group-523986131536->omNode-3-GrpcLogAppender: Leader has not got in touch with Follower omNode-2@group-523986131536->omNode-3(c-1,m0,n189, attendVote=true, lastRpcSendTime=14, lastRpcResponseTime=20917) yet, just keep nextIndex unchanged and retry.
2021-01-11 12:57:29,054 [grpc-default-executor-0] WARN  server.GrpcLogAppender (LogUtils.java:warn(122)) - omNode-2@group-523986131536->omNode-3-AppendLogResponseHandler: Failed appendEntries: org.apache.ratis.thirdparty.io.grpc.StatusRuntimeException: UNAVAILABLE: io exception
2021-01-11 12:57:29,055 [grpc-default-executor-0] WARN  server.GrpcLogAppender (GrpcLogAppender.java:resetClient(111)) - omNode-2@group-523986131536->omNode-3-GrpcLogAppender: Leader has not got in touch with Follower omNode-2@group-523986131536->omNode-3(c-1,m0,n190, attendVote=true, lastRpcSendTime=0, lastRpcResponseTime=21024) yet, just keep nextIndex unchanged and retry.
2021-01-11 12:57:29,066 [grpc-default-executor-0] WARN  server.GrpcLogAppender (LogUtils.java:warn(122)) - omNode-2@group-523986131536->omNode-3-AppendLogResponseHandler: Failed appendEntries: org.apache.ratis.thirdparty.io.grpc.StatusRuntimeException: UNAVAILABLE: io exception
2021-01-11 12:57:29,067 [grpc-default-executor-0] WARN  server.GrpcLogAppender (GrpcLogAppender.java:resetClient(111)) - omNode-2@group-523986131536->omNode-3-GrpcLogAppender: Leader has not got in touch with Follower omNode-2@group-523986131536->omNode-3(c-1,m0,n191, attendVote=true, lastRpcSendTime=0, lastRpcResponseTime=21036) yet, just keep nextIndex unchanged and retry.
2021-01-11 12:57:29,076 [grpc-default-executor-2] WARN  server.GrpcLogAppender (LogUtils.java:warn(122)) - omNode-2@group-523986131536->omNode-3-AppendLogResponseHandler: Failed appendEntries: org.apache.ratis.thirdparty.io.grpc.StatusRuntimeException: UNAVAILABLE: io exception
2021-01-11 12:57:29,076 [grpc-default-executor-2] WARN  server.GrpcLogAppender (GrpcLogAppender.java:resetClient(111)) - omNode-2@group-523986131536->omNode-3-GrpcLogAppender: Leader has not got in touch with Follower omNode-2@group-523986131536->omNode-3(c-1,m0,n192, attendVote=true, lastRpcSendTime=0, lastRpcResponseTime=21046) yet, just keep nextIndex unchanged and retry.
2021-01-11 12:57:29,088 [grpc-default-executor-0] WARN  server.GrpcLogAppender (LogUtils.java:warn(122)) - omNode-2@group-523986131536->omNode-3-AppendLogResponseHandler: Failed appendEntries: org.apache.ratis.thirdparty.io.grpc.StatusRuntimeException: UNAVAILABLE: io exception
2021-01-11 12:57:29,089 [grpc-default-executor-0] WARN  server.GrpcLogAppender (GrpcLogAppender.java:resetClient(111)) - omNode-2@group-523986131536->omNode-3-GrpcLogAppender: Leader has not got in touch with Follower omNode-2@group-523986131536->omNode-3(c-1,m0,n193, attendVote=true, lastRpcSendTime=0, lastRpcResponseTime=21058) yet, just keep nextIndex unchanged and retry.
2021-01-11 12:57:29,196 [grpc-default-executor-0] WARN  server.GrpcLogAppender (LogUtils.java:warn(122)) - omNode-2@group-523986131536->omNode-3-AppendLogResponseHandler: Failed appendEntries: org.apache.ratis.thirdparty.io.grpc.StatusRuntimeException: UNAVAILABLE: io exception
2021-01-11 12:57:29,197 [grpc-default-executor-0] WARN  server.GrpcLogAppender (GrpcLogAppender.java:resetClient(111)) - omNode-2@group-523986131536->omNode-3-GrpcLogAppender: Leader has not got in touch with Follower omNode-2@group-523986131536->omNode-3(c-1,m0,n194, attendVote=true, lastRpcSendTime=0, lastRpcResponseTime=21166) yet, just keep nextIndex unchanged and retry.
2021-01-11 12:57:29,203 [grpc-default-executor-0] WARN  server.GrpcLogAppender (LogUtils.java:warn(122)) - omNode-2@group-523986131536->omNode-3-AppendLogResponseHandler: Failed appendEntries: org.apache.ratis.thirdparty.io.grpc.StatusRuntimeException: UNAVAILABLE: io exception
2021-01-11 12:57:29,203 [grpc-default-executor-0] WARN  server.GrpcLogAppender (GrpcLogAppender.java:resetClient(111)) - omNode-2@group-523986131536->omNode-3-GrpcLogAppender: Leader has not got in touch with Follower omNode-2@group-523986131536->omNode-3(c-1,m0,n195, attendVote=true, lastRpcSendTime=6, lastRpcResponseTime=21173) yet, just keep nextIndex unchanged and retry.
2021-01-11 12:57:29,226 [grpc-default-executor-3] WARN  server.GrpcLogAppender (LogUtils.java:warn(122)) - omNode-2@group-523986131536->omNode-3-AppendLogResponseHandler: Failed appendEntries: org.apache.ratis.thirdparty.io.grpc.StatusRuntimeException: UNAVAILABLE: io exception
2021-01-11 12:57:29,226 [grpc-default-executor-3] WARN  server.GrpcLogAppender (GrpcLogAppender.java:resetClient(111)) - omNode-2@group-523986131536->omNode-3-GrpcLogAppender: Leader has not got in touch with Follower omNode-2@group-523986131536->omNode-3(c-1,m0,n196, attendVote=true, lastRpcSendTime=0, lastRpcResponseTime=21196) yet, just keep nextIndex unchanged and retry.
2021-01-11 12:57:29,238 [grpc-default-executor-3] WARN  server.GrpcLogAppender (LogUtils.java:warn(122)) - omNode-2@group-523986131536->omNode-3-AppendLogResponseHandler: Failed appendEntries: org.apache.ratis.thirdparty.io.grpc.StatusRuntimeException: UNAVAILABLE: io exception
2021-01-11 12:57:29,238 [grpc-default-executor-3] WARN  server.GrpcLogAppender (GrpcLogAppender.java:resetClient(111)) - omNode-2@group-523986131536->omNode-3-GrpcLogAppender: Leader has not got in touch with Follower omNode-2@group-523986131536->omNode-3(c-1,m0,n197, attendVote=true, lastRpcSendTime=7, lastRpcResponseTime=21208) yet, just keep nextIndex unchanged and retry.
2021-01-11 12:57:29,360 [grpc-default-executor-3] WARN  server.GrpcLogAppender (LogUtils.java:warn(122)) - omNode-2@group-523986131536->omNode-3-AppendLogResponseHandler: Failed appendEntries: org.apache.ratis.thirdparty.io.grpc.StatusRuntimeException: UNAVAILABLE: io exception
2021-01-11 12:57:29,361 [grpc-default-executor-3] WARN  server.GrpcLogAppender (GrpcLogAppender.java:resetClient(111)) - omNode-2@group-523986131536->omNode-3-GrpcLogAppender: Leader has not got in touch with Follower omNode-2@group-523986131536->omNode-3(c-1,m0,n198, attendVote=true, lastRpcSendTime=130, lastRpcResponseTime=21330) yet, just keep nextIndex unchanged and retry.
2021-01-11 12:57:29,366 [grpc-default-executor-3] WARN  server.GrpcLogAppender (LogUtils.java:warn(122)) - omNode-2@group-523986131536->omNode-3-AppendLogResponseHandler: Failed appendEntries: org.apache.ratis.thirdparty.io.grpc.StatusRuntimeException: UNAVAILABLE: io exception
2021-01-11 12:57:29,366 [grpc-default-executor-3] WARN  server.GrpcLogAppender (GrpcLogAppender.java:resetClient(111)) - omNode-2@group-523986131536->omNode-3-GrpcLogAppender: Leader has not got in touch with Follower omNode-2@group-523986131536->omNode-3(c-1,m0,n199, attendVote=true, lastRpcSendTime=0, lastRpcResponseTime=21336) yet, just keep nextIndex unchanged and retry.
2021-01-11 12:57:29,394 [grpc-default-executor-2] WARN  server.GrpcLogAppender (LogUtils.java:warn(122)) - omNode-2@group-523986131536->omNode-3-AppendLogResponseHandler: Failed appendEntries: org.apache.ratis.thirdparty.io.grpc.StatusRuntimeException: UNAVAILABLE: io exception
2021-01-11 12:57:29,395 [grpc-default-executor-2] WARN  server.GrpcLogAppender (GrpcLogAppender.java:resetClient(111)) - omNode-2@group-523986131536->omNode-3-GrpcLogAppender: Leader has not got in touch with Follower omNode-2@group-523986131536->omNode-3(c-1,m0,n200, attendVote=true, lastRpcSendTime=29, lastRpcResponseTime=21364) yet, just keep nextIndex unchanged and retry.
2021-01-11 12:57:29,401 [omNode-1@group-523986131536-StateMachineUpdater] INFO  ratis.OzoneManagerStateMachine (OzoneManagerStateMachine.java:takeSnapshot(345)) - Current Snapshot Index (t:2, i:198)
2021-01-11 12:57:29,401 [omNode-1@group-523986131536-StateMachineUpdater] INFO  impl.StateMachineUpdater (StateMachineUpdater.java:takeSnapshot(279)) - omNode-1@group-523986131536-StateMachineUpdater: Took a snapshot at index 198
2021-01-11 12:57:29,401 [omNode-1@group-523986131536-StateMachineUpdater] INFO  impl.StateMachineUpdater (StateMachineUpdater.java:lambda$new$0(88)) - omNode-1@group-523986131536-StateMachineUpdater: snapshotIndex: updateIncreasingly 148 -> 198
2021-01-11 12:57:29,401 [omNode-1@group-523986131536-StateMachineUpdater] INFO  raftlog.RaftLog (RaftLogBase.java:purge(306)) - omNode-1@group-523986131536-SegmentedRaftLog: purge 198
2021-01-11 12:57:29,402 [omNode-1@group-523986131536-StateMachineUpdater] INFO  raftlog.RaftLog (RaftLogBase.java:lambda$new$0(53)) - omNode-1@group-523986131536-SegmentedRaftLog: snapshotIndex: updateIncreasingly 148 -> 198
2021-01-11 12:57:29,402 [omNode-1@group-523986131536-StateMachineUpdater] INFO  raftlog.RaftLog (RaftLogBase.java:lambda$new$0(53)) - omNode-1@group-523986131536-SegmentedRaftLog: purgeIndex: updateToMax old=148, new=198, updated? true
2021-01-11 12:57:29,406 [grpc-default-executor-2] WARN  server.GrpcLogAppender (LogUtils.java:warn(122)) - omNode-2@group-523986131536->omNode-3-AppendLogResponseHandler: Failed appendEntries: org.apache.ratis.thirdparty.io.grpc.StatusRuntimeException: UNAVAILABLE: io exception
2021-01-11 12:57:29,406 [grpc-default-executor-2] WARN  server.GrpcLogAppender (GrpcLogAppender.java:resetClient(111)) - omNode-2@group-523986131536->omNode-3-GrpcLogAppender: Leader has not got in touch with Follower omNode-2@group-523986131536->omNode-3(c-1,m0,n201, attendVote=true, lastRpcSendTime=0, lastRpcResponseTime=21376) yet, just keep nextIndex unchanged and retry.
2021-01-11 12:57:29,407 [omNode-2@group-523986131536-StateMachineUpdater] INFO  ratis.OzoneManagerStateMachine (OzoneManagerStateMachine.java:takeSnapshot(345)) - Current Snapshot Index (t:2, i:199)
2021-01-11 12:57:29,407 [omNode-2@group-523986131536-StateMachineUpdater] INFO  impl.StateMachineUpdater (StateMachineUpdater.java:takeSnapshot(279)) - omNode-2@group-523986131536-StateMachineUpdater: Took a snapshot at index 199
2021-01-11 12:57:29,407 [omNode-2@group-523986131536-StateMachineUpdater] INFO  impl.StateMachineUpdater (StateMachineUpdater.java:lambda$new$0(88)) - omNode-2@group-523986131536-StateMachineUpdater: snapshotIndex: updateIncreasingly 149 -> 199
2021-01-11 12:57:29,407 [omNode-2@group-523986131536-StateMachineUpdater] INFO  raftlog.RaftLog (RaftLogBase.java:purge(306)) - omNode-2@group-523986131536-SegmentedRaftLog: purge 199
2021-01-11 12:57:29,407 [omNode-2@group-523986131536-StateMachineUpdater] INFO  raftlog.RaftLog (RaftLogBase.java:lambda$new$0(53)) - omNode-2@group-523986131536-SegmentedRaftLog: snapshotIndex: updateIncreasingly 149 -> 199
2021-01-11 12:57:29,407 [omNode-2@group-523986131536-StateMachineUpdater] INFO  raftlog.RaftLog (RaftLogBase.java:lambda$new$0(53)) - omNode-2@group-523986131536-SegmentedRaftLog: purgeIndex: updateToMax old=149, new=199, updated? true
2021-01-11 12:57:29,530 [Listener at 127.0.0.1/13588] INFO  db.RDBCheckpointManager (RDBCheckpointManager.java:createCheckpoint(86)) - Created checkpoint at /github/workspace/mnt/ozone/hadoop-ozone/integration-test/target/test-dir/MiniOzoneClusterImpl-8fb96eea-81cb-44ec-9a2b-3e454d7fad19/omNode-2/db.checkpoints/rdb_rdb_checkpoint_1610369849507 in 23 milliseconds
2021-01-11 12:57:29,532 [Listener at 127.0.0.1/13588] INFO  impl.MetricsSystemImpl (MetricsSystemImpl.java:init(158)) - OzoneManager metrics system started (again)
2021-01-11 12:57:29,534 [Listener at 127.0.0.1/13588] INFO  om.OzoneManager (OzoneManager.java:start(1160)) - OzoneManager RPC server is listening at localhost/127.0.0.1:13588
2021-01-11 12:57:29,534 [Listener at 127.0.0.1/13588] INFO  ratis.OzoneManagerRatisServer (OzoneManagerRatisServer.java:start(377)) - Starting OzoneManagerRatisServer omNode-3 at port 13592
2021-01-11 12:57:29,534 [Listener at 127.0.0.1/13588] INFO  server.RaftServer$Division (RaftServerImpl.java:start(294)) - omNode-3@group-523986131536: start as a follower, conf=-1: [omNode-3|rpc:localhost:13592|priority:0, omNode-1|rpc:localhost:13580|priority:0, omNode-2|rpc:localhost:13586|priority:0], old=null
2021-01-11 12:57:29,534 [Listener at 127.0.0.1/13588] INFO  server.RaftServer$Division (RaftServerImpl.java:setRole(283)) - omNode-3@group-523986131536: changes role from      null to FOLLOWER at term 0 for startAsFollower
2021-01-11 12:57:29,534 [Listener at 127.0.0.1/13588] INFO  impl.RoleInfo (RoleInfo.java:updateAndGet(130)) - omNode-3: start omNode-3@group-523986131536-FollowerState
2021-01-11 12:57:29,535 [Listener at 127.0.0.1/13588] INFO  util.JmxRegister (JmxRegister.java:tryRegister(44)) - Successfully registered JMX Bean with object name Ratis:service=RaftServer,group=group-523986131536,id=omNode-3
2021-01-11 12:57:29,535 [Listener at 127.0.0.1/13588] INFO  metrics.RatisMetrics (RatisMetrics.java:lambda$create$0(36)) - Creating Metrics Registry : ratis.state_machine.omNode-3@group-523986131536
2021-01-11 12:57:29,537 [Listener at 127.0.0.1/13588] INFO  server.RaftServer (RaftServerProxy.java:lambda$start$5(372)) - omNode-3: start RPC server
2021-01-11 12:57:29,538 [Listener at 127.0.0.1/13588] INFO  server.GrpcService (GrpcService.java:startImpl(176)) - omNode-3: GrpcService started, listening on 0.0.0.0/0.0.0.0:13592
2021-01-11 12:57:29,541 [org.apache.ratis.util.JvmPauseMonitor$$Lambda$305/1260124199@36100eee] INFO  util.JvmPauseMonitor (JvmPauseMonitor.java:run(103)) - JvmPauseMonitor-omNode-3: Started
2021-01-11 12:57:29,547 [Listener at 127.0.0.1/13588] INFO  http.BaseHttpServer (BaseHttpServer.java:newHttpServer2BuilderForOzone(207)) - Starting Web-server for ozoneManager at: http://0.0.0.0:13590
2021-01-11 12:57:29,547 [Listener at 127.0.0.1/13588] INFO  http.BaseHttpServer (BaseHttpServer.java:<init>(106)) - Hadoop Security Enabled: false Ozone Security Enabled: false Ozone HTTP Security Enabled: false 
2021-01-11 12:57:29,548 [Listener at 127.0.0.1/13588] INFO  server.AuthenticationFilter (AuthenticationFilter.java:constructSecretProvider(240)) - Unable to initialize FileSignerSecretProvider, falling back to use random secrets.
2021-01-11 12:57:29,549 [Listener at 127.0.0.1/13588] WARN  http.HttpRequestLog (HttpRequestLog.java:getRequestLog(103)) - Jetty request log can only be enabled using Log4j
2021-01-11 12:57:29,550 [Listener at 127.0.0.1/13588] INFO  http.HttpServer2 (HttpServer2.java:addGlobalFilter(1020)) - Added global filter 'safety' (class=org.apache.hadoop.hdds.server.http.HttpServer2$QuotingInputFilter)
2021-01-11 12:57:29,557 [Listener at 127.0.0.1/13588] INFO  http.HttpServer2 (HttpServer2.java:addFilter(996)) - Added filter static_user_filter (class=org.apache.hadoop.http.lib.StaticUserWebFilter$StaticUserFilter) to context ozoneManager
2021-01-11 12:57:29,557 [Listener at 127.0.0.1/13588] INFO  http.HttpServer2 (HttpServer2.java:addFilter(1004)) - Added filter static_user_filter (class=org.apache.hadoop.http.lib.StaticUserWebFilter$StaticUserFilter) to context logs
2021-01-11 12:57:29,558 [Listener at 127.0.0.1/13588] INFO  http.HttpServer2 (HttpServer2.java:addFilter(1004)) - Added filter static_user_filter (class=org.apache.hadoop.http.lib.StaticUserWebFilter$StaticUserFilter) to context static
2021-01-11 12:57:29,558 [Listener at 127.0.0.1/13588] INFO  http.HttpServer2 (HttpServer2.java:bindListener(1238)) - Jetty bound to port 13590
2021-01-11 12:57:29,559 [Listener at 127.0.0.1/13588] INFO  server.Server (Server.java:doStart(375)) - jetty-9.4.34.v20201102; built: 2020-11-02T14:15:39.302Z; git: e46af88704a893fc12cb0e3bf46e2c7b48a009e7; jvm 1.8.0_232-b09
2021-01-11 12:57:29,561 [Listener at 127.0.0.1/13588] INFO  server.session (DefaultSessionIdManager.java:doStart(334)) - DefaultSessionIdManager workerName=node0
2021-01-11 12:57:29,561 [Listener at 127.0.0.1/13588] INFO  server.session (DefaultSessionIdManager.java:doStart(339)) - No SessionScavenger set, using defaults
2021-01-11 12:57:29,561 [Listener at 127.0.0.1/13588] INFO  server.session (HouseKeeper.java:startScavenging(132)) - node0 Scavenging every 600000ms
2021-01-11 12:57:29,562 [Listener at 127.0.0.1/13588] INFO  handler.ContextHandler (ContextHandler.java:doStart(916)) - Started o.e.j.s.ServletContextHandler@174c764c{logs,/logs,file:///github/workspace/mnt/ozone/hadoop-ozone/integration-test/target/log,AVAILABLE}
2021-01-11 12:57:29,563 [Listener at 127.0.0.1/13588] INFO  handler.ContextHandler (ContextHandler.java:doStart(916)) - Started o.e.j.s.ServletContextHandler@2919651b{static,/static,file:///github/workspace/mnt/ozone/hadoop-ozone/integration-test/target/test-classes/webapps/static,AVAILABLE}
2021-01-11 12:57:29,570 [Listener at 127.0.0.1/13588] INFO  handler.ContextHandler (ContextHandler.java:doStart(916)) - Started o.e.j.w.WebAppContext@738e9567{ozoneManager,/,file:///github/workspace/mnt/ozone/hadoop-ozone/integration-test/target/test-classes/webapps/ozoneManager/,AVAILABLE}{file:/github/workspace/mnt/ozone/hadoop-ozone/integration-test/target/test-classes/webapps/ozoneManager}
2021-01-11 12:57:29,574 [Listener at 127.0.0.1/13588] INFO  server.AbstractConnector (AbstractConnector.java:doStart(331)) - Started ServerConnector@71485283{HTTP/1.1, (http/1.1)}{0.0.0.0:13590}
2021-01-11 12:57:29,576 [Listener at 127.0.0.1/13588] INFO  server.Server (Server.java:doStart(415)) - Started @33525ms
2021-01-11 12:57:29,576 [Listener at 127.0.0.1/13588] WARN  impl.MetricsSystemImpl (MetricsSystemImpl.java:register(276)) - Sink prometheus already exists!
2021-01-11 12:57:29,906 [grpc-default-executor-2] WARN  server.GrpcLogAppender (LogUtils.java:warn(122)) - omNode-2@group-523986131536->omNode-3-AppendLogResponseHandler: Failed appendEntries: org.apache.ratis.thirdparty.io.grpc.StatusRuntimeException: UNAVAILABLE: io exception
2021-01-11 12:57:29,907 [grpc-default-executor-2] WARN  server.GrpcLogAppender (GrpcLogAppender.java:resetClient(111)) - omNode-2@group-523986131536->omNode-3-GrpcLogAppender: Leader has not got in touch with Follower omNode-2@group-523986131536->omNode-3(c-1,m0,n201, attendVote=true, lastRpcSendTime=1, lastRpcResponseTime=21877) yet, just keep nextIndex unchanged and retry.
2021-01-11 12:57:30,407 [grpc-default-executor-2] INFO  metrics.RatisMetrics (RatisMetrics.java:lambda$create$0(36)) - Creating Metrics Registry : ratis.server_message_metrics.omNode-3
2021-01-11 12:57:30,411 [grpc-default-executor-2] INFO  server.RaftServer$Division (ServerState.java:setLeader(249)) - omNode-3@group-523986131536: change Leader from null to omNode-2 at term 2 for appendEntries, leader elected after 23896ms
2021-01-11 12:57:30,411 [grpc-default-executor-2] INFO  server.RaftServer$Division (RaftServerImpl.java:checkInconsistentAppendEntries(1403)) - omNode-3@group-523986131536: Failed appendEntries as previous log entry ((t:2, i:200)) is not found
2021-01-11 12:57:30,411 [grpc-default-executor-2] INFO  server.RaftServer$Division (RaftServerImpl.java:checkInconsistentAppendEntries(1369)) - omNode-3@group-523986131536: inconsistency entries. Reply:omNode-2<-omNode-3#19061557:FAIL-t0,INCONSISTENCY,nextIndex=1,followerCommit=-1
2021-01-11 12:57:30,414 [grpc-default-executor-2] INFO  leader.FollowerInfo (FollowerInfoImpl.java:lambda$new$0(46)) - omNode-2@group-523986131536->omNode-3: nextIndex: updateUnconditionally 201 -> 1
2021-01-11 12:57:30,419 [grpc-default-executor-3] INFO  server.RaftServer$Division (RaftServerImpl.java:checkInconsistentAppendEntries(1403)) - omNode-3@group-523986131536: Failed appendEntries as previous log entry ((t:2, i:0)) is not found
2021-01-11 12:57:30,419 [grpc-default-executor-3] INFO  server.RaftServer$Division (RaftServerImpl.java:checkInconsistentAppendEntries(1369)) - omNode-3@group-523986131536: inconsistency entries. Reply:omNode-2<-omNode-3#19061558:FAIL-t2,INCONSISTENCY,nextIndex=0,followerCommit=-1
2021-01-11 12:57:30,420 [grpc-default-executor-3] INFO  leader.FollowerInfo (FollowerInfoImpl.java:lambda$new$0(46)) - omNode-2@group-523986131536->omNode-3: nextIndex: updateUnconditionally 201 -> 0
2021-01-11 12:57:30,423 [grpc-default-executor-2] INFO  server.RaftServer$Division (ServerState.java:setRaftConf(368)) - omNode-3@group-523986131536: set configuration 0: [omNode-3|rpc:localhost:13592|dataStream:|priority:0, omNode-1|rpc:localhost:13580|dataStream:|priority:0, omNode-2|rpc:localhost:13586|dataStream:|priority:0], old=null
2021-01-11 12:57:30,424 [grpc-default-executor-2] INFO  segmented.SegmentedRaftLogWorker (SegmentedRaftLogWorker.java:startLogSegment(392)) - omNode-3@group-523986131536-SegmentedRaftLogWorker: Starting segment from index:0
2021-01-11 12:57:30,479 [omNode-3@group-523986131536-SegmentedRaftLogWorker] INFO  segmented.SegmentedRaftLogWorker (SegmentedRaftLogWorker.java:execute(599)) - omNode-3@group-523986131536-SegmentedRaftLogWorker: created new log segment /github/workspace/mnt/ozone/hadoop-ozone/integration-test/target/test-dir/MiniOzoneClusterImpl-8fb96eea-81cb-44ec-9a2b-3e454d7fad19/omNode-3/ratis/c9bc4cf4-3bc3-3c60-a66b-523986131536/current/log_inprogress_0
2021-01-11 12:57:30,495 [OM StateMachine ApplyTransaction Thread - 0] INFO  volume.OMVolumeCreateRequest (OMVolumeCreateRequest.java:validateAndUpdateCache(196)) - created volume:volume20641 for user:user99725
2021-01-11 12:57:30,588 [omNode-3@group-523986131536-StateMachineUpdater] INFO  ratis.OzoneManagerStateMachine (OzoneManagerStateMachine.java:takeSnapshot(345)) - Current Snapshot Index (t:2, i:200)
2021-01-11 12:57:30,588 [omNode-3@group-523986131536-StateMachineUpdater] INFO  impl.StateMachineUpdater (StateMachineUpdater.java:takeSnapshot(279)) - omNode-3@group-523986131536-StateMachineUpdater: Took a snapshot at index 200
2021-01-11 12:57:30,588 [omNode-3@group-523986131536-StateMachineUpdater] INFO  impl.StateMachineUpdater (StateMachineUpdater.java:lambda$new$0(88)) - omNode-3@group-523986131536-StateMachineUpdater: snapshotIndex: updateIncreasingly -1 -> 200
2021-01-11 12:57:30,588 [omNode-3@group-523986131536-StateMachineUpdater] INFO  raftlog.RaftLog (RaftLogBase.java:purge(306)) - omNode-3@group-523986131536-SegmentedRaftLog: purge 200
2021-01-11 12:57:30,588 [omNode-3@group-523986131536-StateMachineUpdater] INFO  raftlog.RaftLog (RaftLogBase.java:lambda$new$0(53)) - omNode-3@group-523986131536-SegmentedRaftLog: snapshotIndex: updateIncreasingly -1 -> 200
2021-01-11 12:57:30,588 [omNode-3@group-523986131536-StateMachineUpdater] INFO  raftlog.RaftLog (RaftLogBase.java:lambda$new$0(53)) - omNode-3@group-523986131536-SegmentedRaftLog: purgeIndex: updateToMax old=-1, new=200, updated? true
2021-01-11 12:57:34,587 [Listener at 127.0.0.1/13588] INFO  http.BaseHttpServer (BaseHttpServer.java:updateConnectorAddress(327)) - HTTP server of ozoneManager listening at http://0.0.0.0:13590
2021-01-11 12:57:34,587 [IPC Server Responder] INFO  ipc.Server (Server.java:run(1460)) - IPC Server Responder: starting
2021-01-11 12:57:34,588 [IPC Server listener on 13588] INFO  ipc.Server (Server.java:run(1298)) - IPC Server listener on 13588: starting
2021-01-11 12:57:34,594 [Listener at 127.0.0.1/13588] INFO  om.OzoneManager (OzoneManager.java:startTrashEmptier(1281)) - Trash Interval set to 0. Files deleted will not move to trash
2021-01-11 12:57:34,595 [org.apache.hadoop.util.JvmPauseMonitor$Monitor@2858ce2d] INFO  util.JvmPauseMonitor (JvmPauseMonitor.java:run(188)) - Starting JVM pause monitor
2021-01-11 12:57:34,595 [Listener at 127.0.0.1/13588] INFO  ozone.MiniOzoneClusterImpl (MiniOzoneClusterImpl.java:shutdown(389)) - Shutting down the Mini Ozone Cluster
2021-01-11 12:57:34,595 [Listener at 127.0.0.1/13588] INFO  ozone.MiniOzoneHAClusterImpl (MiniOzoneHAClusterImpl.java:stop(230)) - Stopping the OzoneManager omNode-3
2021-01-11 12:57:34,595 [Listener at 127.0.0.1/13588] INFO  ipc.Server (Server.java:stop(3359)) - Stopping server on 13588
2021-01-11 12:57:34,600 [IPC Server Responder] INFO  ipc.Server (Server.java:run(1465)) - Stopping IPC Server Responder
2021-01-11 12:57:34,602 [IPC Server listener on 13588] INFO  ipc.Server (Server.java:run(1330)) - Stopping IPC Server listener on 13588
2021-01-11 12:57:34,602 [Listener at 127.0.0.1/13588] INFO  server.RaftServer (RaftServerProxy.java:lambda$close$6(389)) - omNode-3: close
2021-01-11 12:57:34,603 [Listener at 127.0.0.1/13588] INFO  server.RaftServer$Division (RaftServerImpl.java:lambda$close$4(405)) - omNode-3@group-523986131536: shutdown
2021-01-11 12:57:34,603 [Listener at 127.0.0.1/13588] INFO  util.JmxRegister (JmxRegister.java:unregister(73)) - Successfully un-registered JMX Bean with object name Ratis:service=RaftServer,group=group-523986131536,id=omNode-3
2021-01-11 12:57:34,603 [Listener at 127.0.0.1/13588] INFO  impl.RoleInfo (RoleInfo.java:shutdownFollowerState(108)) - omNode-3: shutdown omNode-3@group-523986131536-FollowerState
2021-01-11 12:57:34,604 [Thread-555] INFO  impl.FollowerState (FollowerState.java:run(142)) - omNode-3@group-523986131536-FollowerState was interrupted: {}
java.lang.InterruptedException: sleep interrupted
	at java.lang.Thread.sleep(Native Method)
	at java.lang.Thread.sleep(Thread.java:340)
	at java.util.concurrent.TimeUnit.sleep(TimeUnit.java:386)
	at org.apache.ratis.util.TimeDuration.sleep(TimeDuration.java:324)
	at org.apache.ratis.util.TimeDuration.sleep(TimeDuration.java:309)
	at org.apache.ratis.server.impl.FollowerState.run(FollowerState.java:117)
2021-01-11 12:57:34,606 [Listener at 127.0.0.1/13588] INFO  impl.StateMachineUpdater (StateMachineUpdater.java:stopAndJoin(148)) - omNode-3@group-523986131536-StateMachineUpdater: set stopIndex = 200
2021-01-11 12:57:34,606 [omNode-3@group-523986131536-StateMachineUpdater] INFO  metrics.RatisMetrics (RatisMetrics.java:unregister(43)) - Unregistering Metrics Registry : ratis.state_machine.omNode-3@group-523986131536
2021-01-11 12:57:34,609 [Listener at 127.0.0.1/13588] INFO  server.RaftServer$Division (ServerState.java:close(400)) - omNode-3@group-523986131536: closes. applyIndex: 200
2021-01-11 12:57:34,610 [omNode-3@group-523986131536-SegmentedRaftLogWorker] INFO  segmented.SegmentedRaftLogWorker (SegmentedRaftLogWorker.java:run(326)) - omNode-3@group-523986131536-SegmentedRaftLogWorker was interrupted, exiting. There are 0 tasks remaining in the queue.
2021-01-11 12:57:34,611 [Listener at 127.0.0.1/13588] INFO  segmented.SegmentedRaftLogWorker (SegmentedRaftLogWorker.java:close(236)) - omNode-3@group-523986131536-SegmentedRaftLogWorker close()
2021-01-11 12:57:34,612 [Listener at 127.0.0.1/13588] INFO  metrics.RatisMetrics (RatisMetrics.java:unregister(43)) - Unregistering Metrics Registry : ratis.log_worker.omNode-3@group-523986131536
2021-01-11 12:57:34,612 [Listener at 127.0.0.1/13588] INFO  metrics.RatisMetrics (RatisMetrics.java:unregister(43)) - Unregistering Metrics Registry : ratis.leader_election.omNode-3@group-523986131536
2021-01-11 12:57:34,612 [Listener at 127.0.0.1/13588] INFO  metrics.RatisMetrics (RatisMetrics.java:unregister(43)) - Unregistering Metrics Registry : ratis.server.omNode-3@group-523986131536
2021-01-11 12:57:34,613 [Listener at 127.0.0.1/13588] INFO  server.GrpcService (GrpcService.java:closeImpl(183)) - omNode-3: shutdown server with port 13592 now
2021-01-11 12:57:34,617 [grpc-default-executor-0] WARN  server.GrpcLogAppender (LogUtils.java:warn(122)) - omNode-2@group-523986131536->omNode-3-AppendLogResponseHandler: Failed appendEntries: org.apache.ratis.thirdparty.io.grpc.StatusRuntimeException: CANCELLED: HTTP/2 error code: CANCEL
Received Rst Stream
2021-01-11 12:57:34,617 [grpc-default-executor-0] INFO  leader.FollowerInfo (FollowerInfoImpl.java:lambda$new$0(46)) - omNode-2@group-523986131536->omNode-3: nextIndex: updateUnconditionally 201 -> 200
2021-01-11 12:57:34,618 [grpc-default-executor-2] WARN  server.GrpcServerProtocolService (LogUtils.java:warn(122)) - omNode-3: installSnapshot onError, lastRequest: omNode-2->omNode-3#19061559-t2,previous=(t:0, i:0),leaderCommit=200,initializing? true,entries: size=201, first=(t:2, i:0), CONFIGURATIONENTRY: org.apache.ratis.thirdparty.io.grpc.StatusRuntimeException: CANCELLED: cancelled before receiving half close
2021-01-11 12:57:34,619 [Listener at 127.0.0.1/13588] INFO  server.GrpcService (GrpcService.java:closeImpl(192)) - omNode-3: shutdown server with port 13592 successfully
2021-01-11 12:57:34,619 [org.apache.ratis.util.JvmPauseMonitor$$Lambda$305/1260124199@36100eee] INFO  util.JvmPauseMonitor (JvmPauseMonitor.java:run(109)) - JvmPauseMonitor-omNode-3: Stopped
2021-01-11 12:57:34,619 [Listener at 127.0.0.1/13588] INFO  ratis.OzoneManagerDoubleBuffer (OzoneManagerDoubleBuffer.java:stop(425)) - Stopping OMDoubleBuffer flush thread
2021-01-11 12:57:34,620 [OMDoubleBufferFlushThread] INFO  ratis.OzoneManagerDoubleBuffer (OzoneManagerDoubleBuffer.java:flushTransactions(352)) - OMDoubleBuffer flush thread OMDoubleBufferFlushThread is interrupted and will exit. OMDoubleBufferFlushThread
2021-01-11 12:57:34,620 [Listener at 127.0.0.1/13588] INFO  ratis.OzoneManagerStateMachine (HadoopExecutors.java:shutdown(118)) - Gracefully shutting down executor service. Waiting max 5 SECONDS
2021-01-11 12:57:34,620 [Listener at 127.0.0.1/13588] INFO  ratis.OzoneManagerStateMachine (HadoopExecutors.java:shutdown(129)) - Succesfully shutdown executor service
2021-01-11 12:57:34,620 [Listener at 127.0.0.1/13588] INFO  ratis.OzoneManagerStateMachine (HadoopExecutors.java:shutdown(118)) - Gracefully shutting down executor service. Waiting max 5 SECONDS
2021-01-11 12:57:34,620 [Listener at 127.0.0.1/13588] INFO  ratis.OzoneManagerStateMachine (HadoopExecutors.java:shutdown(129)) - Succesfully shutdown executor service
2021-01-11 12:57:34,620 [Listener at 127.0.0.1/13588] INFO  utils.BackgroundService (BackgroundService.java:shutdown(132)) - Shutting down service KeyDeletingService
2021-01-11 12:57:34,625 [grpc-default-executor-0] WARN  server.GrpcLogAppender (LogUtils.java:warn(122)) - omNode-2@group-523986131536->omNode-3-AppendLogResponseHandler: Failed appendEntries: org.apache.ratis.thirdparty.io.grpc.StatusRuntimeException: UNAVAILABLE: io exception
2021-01-11 12:57:34,625 [grpc-default-executor-0] INFO  leader.FollowerInfo (FollowerInfoImpl.java:lambda$new$0(46)) - omNode-2@group-523986131536->omNode-3: nextIndex: updateUnconditionally 201 -> 200
2021-01-11 12:57:34,629 [Listener at 127.0.0.1/13588] INFO  handler.ContextHandler (ContextHandler.java:doStop(1154)) - Stopped o.e.j.w.WebAppContext@738e9567{ozoneManager,/,null,STOPPED}{file:/github/workspace/mnt/ozone/hadoop-ozone/integration-test/target/test-classes/webapps/ozoneManager}
2021-01-11 12:57:34,633 [Listener at 127.0.0.1/13588] INFO  server.AbstractConnector (AbstractConnector.java:doStop(381)) - Stopped ServerConnector@71485283{HTTP/1.1, (http/1.1)}{0.0.0.0:13590}
2021-01-11 12:57:34,633 [Listener at 127.0.0.1/13588] INFO  server.session (HouseKeeper.java:stopScavenging(149)) - node0 Stopped scavenging
2021-01-11 12:57:34,634 [Listener at 127.0.0.1/13588] INFO  handler.ContextHandler (ContextHandler.java:doStop(1154)) - Stopped o.e.j.s.ServletContextHandler@2919651b{static,/static,file:///github/workspace/mnt/ozone/hadoop-ozone/integration-test/target/test-classes/webapps/static,STOPPED}
2021-01-11 12:57:34,634 [Listener at 127.0.0.1/13588] INFO  handler.ContextHandler (ContextHandler.java:doStop(1154)) - Stopped o.e.j.s.ServletContextHandler@174c764c{logs,/logs,file:///github/workspace/mnt/ozone/hadoop-ozone/integration-test/target/log,STOPPED}
2021-01-11 12:57:34,636 [Listener at 127.0.0.1/13588] INFO  ozone.MiniOzoneHAClusterImpl (MiniOzoneHAClusterImpl.java:stop(230)) - Stopping the OzoneManager omNode-1
2021-01-11 12:57:34,637 [Listener at 127.0.0.1/13588] INFO  ipc.Server (Server.java:stop(3359)) - Stopping server on 13576
2021-01-11 12:57:34,638 [IPC Server listener on 13576] INFO  ipc.Server (Server.java:run(1330)) - Stopping IPC Server listener on 13576
2021-01-11 12:57:34,639 [IPC Server Responder] INFO  ipc.Server (Server.java:run(1465)) - Stopping IPC Server Responder
2021-01-11 12:57:34,640 [Listener at 127.0.0.1/13588] INFO  server.RaftServer (RaftServerProxy.java:lambda$close$6(389)) - omNode-1: close
2021-01-11 12:57:34,640 [Listener at 127.0.0.1/13588] INFO  server.RaftServer$Division (RaftServerImpl.java:lambda$close$4(405)) - omNode-1@group-523986131536: shutdown
2021-01-11 12:57:34,640 [Listener at 127.0.0.1/13588] INFO  util.JmxRegister (JmxRegister.java:unregister(73)) - Successfully un-registered JMX Bean with object name Ratis:service=RaftServer,group=group-523986131536,id=omNode-1
2021-01-11 12:57:34,640 [Listener at 127.0.0.1/13588] INFO  impl.RoleInfo (RoleInfo.java:shutdownFollowerState(108)) - omNode-1: shutdown omNode-1@group-523986131536-FollowerState
2021-01-11 12:57:34,640 [Thread-225] INFO  impl.FollowerState (FollowerState.java:run(142)) - omNode-1@group-523986131536-FollowerState was interrupted: {}
java.lang.InterruptedException: sleep interrupted
	at java.lang.Thread.sleep(Native Method)
	at java.lang.Thread.sleep(Thread.java:340)
	at java.util.concurrent.TimeUnit.sleep(TimeUnit.java:386)
	at org.apache.ratis.util.TimeDuration.sleep(TimeDuration.java:324)
	at org.apache.ratis.util.TimeDuration.sleep(TimeDuration.java:309)
	at org.apache.ratis.server.impl.FollowerState.run(FollowerState.java:117)
2021-01-11 12:57:34,640 [Listener at 127.0.0.1/13588] INFO  impl.StateMachineUpdater (StateMachineUpdater.java:stopAndJoin(148)) - omNode-1@group-523986131536-StateMachineUpdater: set stopIndex = 200
2021-01-11 12:57:34,640 [omNode-1@group-523986131536-StateMachineUpdater] INFO  ratis.OzoneManagerStateMachine (OzoneManagerStateMachine.java:takeSnapshot(345)) - Current Snapshot Index (t:2, i:200)
2021-01-11 12:57:34,641 [omNode-1@group-523986131536-StateMachineUpdater] INFO  impl.StateMachineUpdater (StateMachineUpdater.java:takeSnapshot(279)) - omNode-1@group-523986131536-StateMachineUpdater: Took a snapshot at index 200
2021-01-11 12:57:34,641 [omNode-1@group-523986131536-StateMachineUpdater] INFO  impl.StateMachineUpdater (StateMachineUpdater.java:lambda$new$0(88)) - omNode-1@group-523986131536-StateMachineUpdater: snapshotIndex: updateIncreasingly 198 -> 200
2021-01-11 12:57:34,641 [omNode-1@group-523986131536-StateMachineUpdater] INFO  metrics.RatisMetrics (RatisMetrics.java:unregister(43)) - Unregistering Metrics Registry : ratis.state_machine.omNode-1@group-523986131536
2021-01-11 12:57:34,648 [Listener at 127.0.0.1/13588] INFO  server.RaftServer$Division (ServerState.java:close(400)) - omNode-1@group-523986131536: closes. applyIndex: 200
2021-01-11 12:57:34,648 [omNode-1@group-523986131536-SegmentedRaftLogWorker] INFO  segmented.SegmentedRaftLogWorker (SegmentedRaftLogWorker.java:run(326)) - omNode-1@group-523986131536-SegmentedRaftLogWorker was interrupted, exiting. There are 0 tasks remaining in the queue.
2021-01-11 12:57:34,649 [Listener at 127.0.0.1/13588] INFO  segmented.SegmentedRaftLogWorker (SegmentedRaftLogWorker.java:close(236)) - omNode-1@group-523986131536-SegmentedRaftLogWorker close()
2021-01-11 12:57:34,650 [Listener at 127.0.0.1/13588] INFO  metrics.RatisMetrics (RatisMetrics.java:unregister(43)) - Unregistering Metrics Registry : ratis.log_worker.omNode-1@group-523986131536
2021-01-11 12:57:34,653 [Listener at 127.0.0.1/13588] INFO  metrics.RatisMetrics (RatisMetrics.java:unregister(43)) - Unregistering Metrics Registry : ratis.leader_election.omNode-1@group-523986131536
2021-01-11 12:57:34,654 [Listener at 127.0.0.1/13588] INFO  metrics.RatisMetrics (RatisMetrics.java:unregister(43)) - Unregistering Metrics Registry : ratis.server.omNode-1@group-523986131536
2021-01-11 12:57:34,655 [Listener at 127.0.0.1/13588] INFO  server.GrpcService (GrpcService.java:closeImpl(183)) - omNode-1: shutdown server with port 13580 now
2021-01-11 12:57:34,657 [grpc-default-executor-2] WARN  server.GrpcServerProtocolService (LogUtils.java:warn(122)) - omNode-1: installSnapshot onError, lastRequest: omNode-2->omNode-1#1008-t2,previous=(t:2, i:199),leaderCommit=199,initializing? true,entries: size=1, first=(t:2, i:200), METADATAENTRY(c:199): org.apache.ratis.thirdparty.io.grpc.StatusRuntimeException: CANCELLED: cancelled before receiving half close
2021-01-11 12:57:34,657 [grpc-default-executor-2] WARN  server.GrpcLogAppender (LogUtils.java:warn(122)) - omNode-2@group-523986131536->omNode-1-AppendLogResponseHandler: Failed appendEntries: org.apache.ratis.thirdparty.io.grpc.StatusRuntimeException: CANCELLED: HTTP/2 error code: CANCEL
Received Rst Stream
2021-01-11 12:57:34,657 [grpc-default-executor-2] INFO  leader.FollowerInfo (FollowerInfoImpl.java:lambda$new$0(46)) - omNode-2@group-523986131536->omNode-1: nextIndex: updateUnconditionally 201 -> 200
2021-01-11 12:57:34,661 [Listener at 127.0.0.1/13588] INFO  server.GrpcService (GrpcService.java:closeImpl(192)) - omNode-1: shutdown server with port 13580 successfully
2021-01-11 12:57:34,661 [grpc-default-executor-0] WARN  server.GrpcLogAppender (LogUtils.java:warn(122)) - omNode-2@group-523986131536->omNode-1-AppendLogResponseHandler: Failed appendEntries: org.apache.ratis.thirdparty.io.grpc.StatusRuntimeException: UNAVAILABLE: io exception
2021-01-11 12:57:34,661 [org.apache.ratis.util.JvmPauseMonitor$$Lambda$305/1260124199@5f7111dd] INFO  util.JvmPauseMonitor (JvmPauseMonitor.java:run(109)) - JvmPauseMonitor-omNode-1: Stopped
2021-01-11 12:57:34,661 [grpc-default-executor-0] INFO  leader.FollowerInfo (FollowerInfoImpl.java:lambda$new$0(46)) - omNode-2@group-523986131536->omNode-1: nextIndex: updateUnconditionally 201 -> 200
2021-01-11 12:57:34,662 [Listener at 127.0.0.1/13588] INFO  ratis.OzoneManagerDoubleBuffer (OzoneManagerDoubleBuffer.java:stop(425)) - Stopping OMDoubleBuffer flush thread
2021-01-11 12:57:34,664 [OMDoubleBufferFlushThread] INFO  ratis.OzoneManagerDoubleBuffer (OzoneManagerDoubleBuffer.java:flushTransactions(352)) - OMDoubleBuffer flush thread OMDoubleBufferFlushThread is interrupted and will exit. OMDoubleBufferFlushThread
2021-01-11 12:57:34,664 [Listener at 127.0.0.1/13588] INFO  ratis.OzoneManagerStateMachine (HadoopExecutors.java:shutdown(118)) - Gracefully shutting down executor service. Waiting max 5 SECONDS
2021-01-11 12:57:34,664 [Listener at 127.0.0.1/13588] INFO  ratis.OzoneManagerStateMachine (HadoopExecutors.java:shutdown(129)) - Succesfully shutdown executor service
2021-01-11 12:57:34,664 [Listener at 127.0.0.1/13588] INFO  ratis.OzoneManagerStateMachine (HadoopExecutors.java:shutdown(118)) - Gracefully shutting down executor service. Waiting max 5 SECONDS
2021-01-11 12:57:34,665 [Listener at 127.0.0.1/13588] INFO  ratis.OzoneManagerStateMachine (HadoopExecutors.java:shutdown(129)) - Succesfully shutdown executor service
2021-01-11 12:57:34,665 [Listener at 127.0.0.1/13588] INFO  utils.BackgroundService (BackgroundService.java:shutdown(132)) - Shutting down service KeyDeletingService
2021-01-11 12:57:34,666 [Listener at 127.0.0.1/13588] INFO  handler.ContextHandler (ContextHandler.java:doStop(1154)) - Stopped o.e.j.w.WebAppContext@4d5343fb{ozoneManager,/,null,STOPPED}{file:/github/workspace/mnt/ozone/hadoop-ozone/integration-test/target/test-classes/webapps/ozoneManager}
2021-01-11 12:57:34,666 [Listener at 127.0.0.1/13588] INFO  server.AbstractConnector (AbstractConnector.java:doStop(381)) - Stopped ServerConnector@3607b93c{HTTP/1.1, (http/1.1)}{0.0.0.0:13578}
2021-01-11 12:57:34,666 [Listener at 127.0.0.1/13588] INFO  server.session (HouseKeeper.java:stopScavenging(149)) - node0 Stopped scavenging
2021-01-11 12:57:34,667 [Listener at 127.0.0.1/13588] INFO  handler.ContextHandler (ContextHandler.java:doStop(1154)) - Stopped o.e.j.s.ServletContextHandler@1a976439{static,/static,file:///github/workspace/mnt/ozone/hadoop-ozone/integration-test/target/test-classes/webapps/static,STOPPED}
2021-01-11 12:57:34,667 [Listener at 127.0.0.1/13588] INFO  handler.ContextHandler (ContextHandler.java:doStop(1154)) - Stopped o.e.j.s.ServletContextHandler@1982f3df{logs,/logs,file:///github/workspace/mnt/ozone/hadoop-ozone/integration-test/target/log,STOPPED}
2021-01-11 12:57:34,670 [Listener at 127.0.0.1/13588] INFO  ozone.MiniOzoneHAClusterImpl (MiniOzoneHAClusterImpl.java:stop(230)) - Stopping the OzoneManager omNode-2
2021-01-11 12:57:34,670 [Listener at 127.0.0.1/13588] INFO  ipc.Server (Server.java:stop(3359)) - Stopping server on 13582
2021-01-11 12:57:34,672 [IPC Server listener on 13582] INFO  ipc.Server (Server.java:run(1330)) - Stopping IPC Server listener on 13582
2021-01-11 12:57:34,673 [IPC Server Responder] INFO  ipc.Server (Server.java:run(1465)) - Stopping IPC Server Responder
2021-01-11 12:57:34,673 [Listener at 127.0.0.1/13588] INFO  server.RaftServer (RaftServerProxy.java:lambda$close$6(389)) - omNode-2: close
2021-01-11 12:57:34,673 [Listener at 127.0.0.1/13588] INFO  server.RaftServer$Division (RaftServerImpl.java:lambda$close$4(405)) - omNode-2@group-523986131536: shutdown
2021-01-11 12:57:34,674 [Listener at 127.0.0.1/13588] INFO  util.JmxRegister (JmxRegister.java:unregister(73)) - Successfully un-registered JMX Bean with object name Ratis:service=RaftServer,group=group-523986131536,id=omNode-2
2021-01-11 12:57:34,674 [Listener at 127.0.0.1/13588] INFO  impl.RoleInfo (RoleInfo.java:shutdownLeaderState(91)) - omNode-2: shutdown omNode-2@group-523986131536-LeaderStateImpl
2021-01-11 12:57:34,674 [Listener at 127.0.0.1/13588] INFO  metrics.RatisMetrics (RatisMetrics.java:unregister(43)) - Unregistering Metrics Registry : ratis_grpc.log_appender.omNode-2@group-523986131536
2021-01-11 12:57:34,674 [Listener at 127.0.0.1/13588] INFO  metrics.RatisMetrics (RatisMetrics.java:unregister(43)) - Unregistering Metrics Registry : ratis_grpc.log_appender.omNode-2@group-523986131536
2021-01-11 12:57:34,675 [omNode-2@group-523986131536->omNode-3-GrpcLogAppender-LogAppenderDaemon] WARN  server.GrpcLogAppender (GrpcLogAppender.java:mayWait(175)) - omNode-2@group-523986131536->omNode-3-GrpcLogAppender: Wait interrupted by java.lang.InterruptedException
2021-01-11 12:57:34,675 [omNode-2@group-523986131536->omNode-1-GrpcLogAppender-LogAppenderDaemon] WARN  server.GrpcLogAppender (GrpcLogAppender.java:mayWait(175)) - omNode-2@group-523986131536->omNode-1-GrpcLogAppender: Wait interrupted by java.lang.InterruptedException
2021-01-11 12:57:34,676 [Listener at 127.0.0.1/13588] INFO  impl.PendingRequests (PendingRequests.java:sendNotLeaderResponses(249)) - omNode-2@group-523986131536-PendingRequests: sendNotLeaderResponses
2021-01-11 12:57:34,678 [Listener at 127.0.0.1/13588] INFO  metrics.RatisMetrics (RatisMetrics.java:unregister(43)) - Unregistering Metrics Registry : ratis.log_appender.omNode-2@group-523986131536
2021-01-11 12:57:34,678 [Listener at 127.0.0.1/13588] INFO  metrics.RatisMetrics (RatisMetrics.java:unregister(43)) - Unregistering Metrics Registry : ratis.server.omNode-2@group-523986131536
2021-01-11 12:57:34,679 [omNode-2@group-523986131536-StateMachineUpdater] INFO  ratis.OzoneManagerStateMachine (OzoneManagerStateMachine.java:takeSnapshot(345)) - Current Snapshot Index (t:2, i:200)
2021-01-11 12:57:34,679 [omNode-2@group-523986131536-StateMachineUpdater] INFO  impl.StateMachineUpdater (StateMachineUpdater.java:takeSnapshot(279)) - omNode-2@group-523986131536-StateMachineUpdater: Took a snapshot at index 200
2021-01-11 12:57:34,679 [omNode-2@group-523986131536-StateMachineUpdater] INFO  impl.StateMachineUpdater (StateMachineUpdater.java:lambda$new$0(88)) - omNode-2@group-523986131536-StateMachineUpdater: snapshotIndex: updateIncreasingly 199 -> 200
2021-01-11 12:57:34,679 [omNode-2@group-523986131536-StateMachineUpdater] INFO  metrics.RatisMetrics (RatisMetrics.java:unregister(43)) - Unregistering Metrics Registry : ratis.state_machine.omNode-2@group-523986131536
2021-01-11 12:57:34,679 [Listener at 127.0.0.1/13588] INFO  impl.StateMachineUpdater (StateMachineUpdater.java:stopAndJoin(148)) - omNode-2@group-523986131536-StateMachineUpdater: set stopIndex = 200
2021-01-11 12:57:34,679 [Listener at 127.0.0.1/13588] INFO  server.RaftServer$Division (ServerState.java:close(400)) - omNode-2@group-523986131536: closes. applyIndex: 200
2021-01-11 12:57:34,680 [omNode-2@group-523986131536-SegmentedRaftLogWorker] INFO  segmented.SegmentedRaftLogWorker (SegmentedRaftLogWorker.java:run(326)) - omNode-2@group-523986131536-SegmentedRaftLogWorker was interrupted, exiting. There are 0 tasks remaining in the queue.
2021-01-11 12:57:34,681 [Listener at 127.0.0.1/13588] INFO  segmented.SegmentedRaftLogWorker (SegmentedRaftLogWorker.java:close(236)) - omNode-2@group-523986131536-SegmentedRaftLogWorker close()
2021-01-11 12:57:34,681 [Listener at 127.0.0.1/13588] INFO  metrics.RatisMetrics (RatisMetrics.java:unregister(43)) - Unregistering Metrics Registry : ratis.log_worker.omNode-2@group-523986131536
2021-01-11 12:57:34,682 [Listener at 127.0.0.1/13588] INFO  metrics.RatisMetrics (RatisMetrics.java:unregister(43)) - Unregistering Metrics Registry : ratis.leader_election.omNode-2@group-523986131536
2021-01-11 12:57:34,682 [Listener at 127.0.0.1/13588] INFO  metrics.RatisMetrics (RatisMetrics.java:unregister(43)) - Unregistering Metrics Registry : ratis.server.omNode-2@group-523986131536
2021-01-11 12:57:34,682 [Listener at 127.0.0.1/13588] INFO  server.GrpcService (GrpcService.java:closeImpl(183)) - omNode-2: shutdown server with port 13586 now
2021-01-11 12:57:34,684 [Listener at 127.0.0.1/13588] INFO  server.GrpcService (GrpcService.java:closeImpl(192)) - omNode-2: shutdown server with port 13586 successfully
2021-01-11 12:57:34,684 [org.apache.ratis.util.JvmPauseMonitor$$Lambda$305/1260124199@67b718e8] INFO  util.JvmPauseMonitor (JvmPauseMonitor.java:run(109)) - JvmPauseMonitor-omNode-2: Stopped
2021-01-11 12:57:34,684 [Listener at 127.0.0.1/13588] INFO  ratis.OzoneManagerDoubleBuffer (OzoneManagerDoubleBuffer.java:stop(425)) - Stopping OMDoubleBuffer flush thread
2021-01-11 12:57:34,684 [OMDoubleBufferFlushThread] INFO  ratis.OzoneManagerDoubleBuffer (OzoneManagerDoubleBuffer.java:flushTransactions(352)) - OMDoubleBuffer flush thread OMDoubleBufferFlushThread is interrupted and will exit. OMDoubleBufferFlushThread
2021-01-11 12:57:34,684 [Listener at 127.0.0.1/13588] INFO  ratis.OzoneManagerStateMachine (HadoopExecutors.java:shutdown(118)) - Gracefully shutting down executor service. Waiting max 5 SECONDS
2021-01-11 12:57:34,684 [Listener at 127.0.0.1/13588] INFO  ratis.OzoneManagerStateMachine (HadoopExecutors.java:shutdown(129)) - Succesfully shutdown executor service
2021-01-11 12:57:34,685 [Listener at 127.0.0.1/13588] INFO  ratis.OzoneManagerStateMachine (HadoopExecutors.java:shutdown(118)) - Gracefully shutting down executor service. Waiting max 5 SECONDS
2021-01-11 12:57:34,685 [Listener at 127.0.0.1/13588] INFO  ratis.OzoneManagerStateMachine (HadoopExecutors.java:shutdown(129)) - Succesfully shutdown executor service
2021-01-11 12:57:34,685 [Listener at 127.0.0.1/13588] INFO  utils.BackgroundService (BackgroundService.java:shutdown(132)) - Shutting down service KeyDeletingService
2021-01-11 12:57:34,690 [Listener at 127.0.0.1/13588] INFO  handler.ContextHandler (ContextHandler.java:doStop(1154)) - Stopped o.e.j.w.WebAppContext@39518b2a{ozoneManager,/,null,STOPPED}{file:/github/workspace/mnt/ozone/hadoop-ozone/integration-test/target/test-classes/webapps/ozoneManager}
2021-01-11 12:57:34,690 [Listener at 127.0.0.1/13588] INFO  server.AbstractConnector (AbstractConnector.java:doStop(381)) - Stopped ServerConnector@5feb382c{HTTP/1.1, (http/1.1)}{0.0.0.0:13584}
2021-01-11 12:57:34,691 [Listener at 127.0.0.1/13588] INFO  server.session (HouseKeeper.java:stopScavenging(149)) - node0 Stopped scavenging
2021-01-11 12:57:34,691 [Listener at 127.0.0.1/13588] INFO  handler.ContextHandler (ContextHandler.java:doStop(1154)) - Stopped o.e.j.s.ServletContextHandler@2d1049bc{static,/static,file:///github/workspace/mnt/ozone/hadoop-ozone/integration-test/target/test-classes/webapps/static,STOPPED}
2021-01-11 12:57:34,691 [Listener at 127.0.0.1/13588] INFO  handler.ContextHandler (ContextHandler.java:doStop(1154)) - Stopped o.e.j.s.ServletContextHandler@bfdae72{logs,/logs,file:///github/workspace/mnt/ozone/hadoop-ozone/integration-test/target/log,STOPPED}
2021-01-11 12:57:34,693 [Listener at 127.0.0.1/13588] INFO  ozone.MiniOzoneClusterImpl (MiniOzoneClusterImpl.java:stop(404)) - Stopping the Mini Ozone Cluster
2021-01-11 12:57:34,693 [Listener at 127.0.0.1/13588] INFO  ozone.MiniOzoneClusterImpl (MiniOzoneClusterImpl.java:stopDatanodes(463)) - Stopping the HddsDatanodes
2021-01-11 12:57:35,061 [Datanode State Machine Thread - 0] INFO  statemachine.DatanodeStateMachine (DatanodeStateMachine.java:lambda$startDaemon$0(408)) - Ozone container server started.
2021-01-11 12:57:35,267 [Datanode State Machine Thread - 0] INFO  statemachine.DatanodeStateMachine (DatanodeStateMachine.java:lambda$startDaemon$0(408)) - Ozone container server started.
2021-01-11 12:57:39,695 [ForkJoinPool.commonPool-worker-0] INFO  ozoneimpl.OzoneContainer (OzoneContainer.java:stop(273)) - Attempting to stop container services.
2021-01-11 12:57:39,695 [Listener at 127.0.0.1/13588] INFO  ozoneimpl.OzoneContainer (OzoneContainer.java:stop(273)) - Attempting to stop container services.
2021-01-11 12:57:39,696 [ForkJoinPool.commonPool-worker-0] INFO  server.RaftServer (RaftServerProxy.java:lambda$close$6(389)) - b057ab2e-0df4-4064-b246-7cb4ffc66d9d: close
2021-01-11 12:57:39,696 [ForkJoinPool.commonPool-worker-0] INFO  server.RaftServer$Division (RaftServerImpl.java:lambda$close$4(405)) - b057ab2e-0df4-4064-b246-7cb4ffc66d9d@group-3B806CC34C64: shutdown
2021-01-11 12:57:39,697 [ForkJoinPool.commonPool-worker-0] INFO  util.JmxRegister (JmxRegister.java:unregister(73)) - Successfully un-registered JMX Bean with object name Ratis:service=RaftServer,group=group-3B806CC34C64,id=b057ab2e-0df4-4064-b246-7cb4ffc66d9d
2021-01-11 12:57:39,697 [ForkJoinPool.commonPool-worker-0] INFO  impl.RoleInfo (RoleInfo.java:shutdownFollowerState(108)) - b057ab2e-0df4-4064-b246-7cb4ffc66d9d: shutdown b057ab2e-0df4-4064-b246-7cb4ffc66d9d@group-3B806CC34C64-FollowerState
2021-01-11 12:57:39,697 [ForkJoinPool.commonPool-worker-0] INFO  impl.StateMachineUpdater (StateMachineUpdater.java:stopAndJoin(148)) - b057ab2e-0df4-4064-b246-7cb4ffc66d9d@group-3B806CC34C64-StateMachineUpdater: set stopIndex = 0
2021-01-11 12:57:39,698 [b057ab2e-0df4-4064-b246-7cb4ffc66d9d@group-3B806CC34C64-StateMachineUpdater] INFO  ratis.ContainerStateMachine (ContainerStateMachine.java:takeSnapshot(291)) - group-3B806CC34C64: Taking a snapshot at:(t:1, i:0) file /github/workspace/mnt/ozone/hadoop-ozone/integration-test/target/test-dir/MiniOzoneClusterImpl-8fb96eea-81cb-44ec-9a2b-3e454d7fad19/datanode-0/data/ratis/673d9e53-1876-43b4-a65b-3b806cc34c64/sm/snapshot.1_0
2021-01-11 12:57:39,697 [Listener at 127.0.0.1/13588] INFO  server.RaftServer (RaftServerProxy.java:lambda$close$6(389)) - 0f5c7db6-31a1-4b3e-82e6-84ec1a4dccba: close
2021-01-11 12:57:39,697 [Thread-321] INFO  impl.FollowerState (FollowerState.java:run(142)) - b057ab2e-0df4-4064-b246-7cb4ffc66d9d@group-3B806CC34C64-FollowerState was interrupted: {}
java.lang.InterruptedException: sleep interrupted
	at java.lang.Thread.sleep(Native Method)
	at java.lang.Thread.sleep(Thread.java:340)
	at java.util.concurrent.TimeUnit.sleep(TimeUnit.java:386)
	at org.apache.ratis.util.TimeDuration.sleep(TimeDuration.java:324)
	at org.apache.ratis.util.TimeDuration.sleep(TimeDuration.java:309)
	at org.apache.ratis.server.impl.FollowerState.run(FollowerState.java:117)
2021-01-11 12:57:39,699 [Listener at 127.0.0.1/13588] INFO  server.RaftServer$Division (RaftServerImpl.java:lambda$close$4(405)) - 0f5c7db6-31a1-4b3e-82e6-84ec1a4dccba@group-3B806CC34C64: shutdown
2021-01-11 12:57:39,701 [Listener at 127.0.0.1/13588] INFO  util.JmxRegister (JmxRegister.java:unregister(73)) - Successfully un-registered JMX Bean with object name Ratis:service=RaftServer,group=group-3B806CC34C64,id=0f5c7db6-31a1-4b3e-82e6-84ec1a4dccba
2021-01-11 12:57:39,701 [Listener at 127.0.0.1/13588] INFO  impl.RoleInfo (RoleInfo.java:shutdownLeaderState(91)) - 0f5c7db6-31a1-4b3e-82e6-84ec1a4dccba: shutdown 0f5c7db6-31a1-4b3e-82e6-84ec1a4dccba@group-3B806CC34C64-LeaderStateImpl
2021-01-11 12:57:39,701 [Listener at 127.0.0.1/13588] INFO  metrics.RatisMetrics (RatisMetrics.java:unregister(43)) - Unregistering Metrics Registry : ratis_grpc.log_appender.0f5c7db6-31a1-4b3e-82e6-84ec1a4dccba@group-3B806CC34C64
2021-01-11 12:57:39,702 [Listener at 127.0.0.1/13588] INFO  metrics.RatisMetrics (RatisMetrics.java:unregister(43)) - Unregistering Metrics Registry : ratis_grpc.log_appender.0f5c7db6-31a1-4b3e-82e6-84ec1a4dccba@group-3B806CC34C64
2021-01-11 12:57:39,702 [Listener at 127.0.0.1/13588] INFO  impl.PendingRequests (PendingRequests.java:sendNotLeaderResponses(249)) - 0f5c7db6-31a1-4b3e-82e6-84ec1a4dccba@group-3B806CC34C64-PendingRequests: sendNotLeaderResponses
2021-01-11 12:57:39,702 [Listener at 127.0.0.1/13588] INFO  metrics.RatisMetrics (RatisMetrics.java:unregister(43)) - Unregistering Metrics Registry : ratis.log_appender.0f5c7db6-31a1-4b3e-82e6-84ec1a4dccba@group-3B806CC34C64
2021-01-11 12:57:39,702 [Listener at 127.0.0.1/13588] INFO  metrics.RatisMetrics (RatisMetrics.java:unregister(43)) - Unregistering Metrics Registry : ratis.server.0f5c7db6-31a1-4b3e-82e6-84ec1a4dccba@group-3B806CC34C64
2021-01-11 12:57:39,702 [0f5c7db6-31a1-4b3e-82e6-84ec1a4dccba@group-3B806CC34C64->b057ab2e-0df4-4064-b246-7cb4ffc66d9d-GrpcLogAppender-LogAppenderDaemon] WARN  server.GrpcLogAppender (GrpcLogAppender.java:mayWait(175)) - 0f5c7db6-31a1-4b3e-82e6-84ec1a4dccba@group-3B806CC34C64->b057ab2e-0df4-4064-b246-7cb4ffc66d9d-GrpcLogAppender: Wait interrupted by java.lang.InterruptedException
2021-01-11 12:57:39,703 [Listener at 127.0.0.1/13588] INFO  impl.StateMachineUpdater (StateMachineUpdater.java:stopAndJoin(148)) - 0f5c7db6-31a1-4b3e-82e6-84ec1a4dccba@group-3B806CC34C64-StateMachineUpdater: set stopIndex = 0
2021-01-11 12:57:39,704 [0f5c7db6-31a1-4b3e-82e6-84ec1a4dccba@group-3B806CC34C64->82f8c02a-15cf-48cc-925d-b57d5eaceec5-GrpcLogAppender-LogAppenderDaemon] WARN  server.GrpcLogAppender (GrpcLogAppender.java:mayWait(175)) - 0f5c7db6-31a1-4b3e-82e6-84ec1a4dccba@group-3B806CC34C64->82f8c02a-15cf-48cc-925d-b57d5eaceec5-GrpcLogAppender: Wait interrupted by java.lang.InterruptedException
2021-01-11 12:57:39,704 [grpc-default-executor-2] INFO  server.GrpcServerProtocolService (GrpcServerProtocolService.java:onCompleted(138)) - b057ab2e-0df4-4064-b246-7cb4ffc66d9d: Completed APPEND_ENTRIES, lastRequest: 0f5c7db6-31a1-4b3e-82e6-84ec1a4dccba->b057ab2e-0df4-4064-b246-7cb4ffc66d9d#1-t1,previous=(t:0, i:0),leaderCommit=0,initializing? true,entries: size=1, first=(t:1, i:0), CONFIGURATIONENTRY
2021-01-11 12:57:39,703 [0f5c7db6-31a1-4b3e-82e6-84ec1a4dccba@group-3B806CC34C64-StateMachineUpdater] INFO  ratis.ContainerStateMachine (ContainerStateMachine.java:takeSnapshot(291)) - group-3B806CC34C64: Taking a snapshot at:(t:1, i:0) file /github/workspace/mnt/ozone/hadoop-ozone/integration-test/target/test-dir/MiniOzoneClusterImpl-8fb96eea-81cb-44ec-9a2b-3e454d7fad19/datanode-1/data/ratis/673d9e53-1876-43b4-a65b-3b806cc34c64/sm/snapshot.1_0
2021-01-11 12:57:39,704 [grpc-default-executor-0] INFO  server.GrpcServerProtocolService (GrpcServerProtocolService.java:onCompleted(138)) - 82f8c02a-15cf-48cc-925d-b57d5eaceec5: Completed APPEND_ENTRIES, lastRequest: 0f5c7db6-31a1-4b3e-82e6-84ec1a4dccba->82f8c02a-15cf-48cc-925d-b57d5eaceec5#1-t1,previous=(t:0, i:0),leaderCommit=0,initializing? true,entries: size=1, first=(t:1, i:0), CONFIGURATIONENTRY
2021-01-11 12:57:39,706 [grpc-default-executor-2] INFO  server.GrpcLogAppender (GrpcLogAppender.java:onCompleted(344)) - 0f5c7db6-31a1-4b3e-82e6-84ec1a4dccba@group-3B806CC34C64->b057ab2e-0df4-4064-b246-7cb4ffc66d9d-AppendLogResponseHandler: follower responses appendEntries COMPLETED
2021-01-11 12:57:39,706 [grpc-default-executor-2] INFO  leader.FollowerInfo (FollowerInfoImpl.java:lambda$new$0(46)) - 0f5c7db6-31a1-4b3e-82e6-84ec1a4dccba@group-3B806CC34C64->b057ab2e-0df4-4064-b246-7cb4ffc66d9d: nextIndex: updateUnconditionally 1 -> 0
2021-01-11 12:57:39,707 [grpc-default-executor-0] INFO  server.GrpcLogAppender (GrpcLogAppender.java:onCompleted(344)) - 0f5c7db6-31a1-4b3e-82e6-84ec1a4dccba@group-3B806CC34C64->82f8c02a-15cf-48cc-925d-b57d5eaceec5-AppendLogResponseHandler: follower responses appendEntries COMPLETED
2021-01-11 12:57:39,707 [grpc-default-executor-0] INFO  leader.FollowerInfo (FollowerInfoImpl.java:lambda$new$0(46)) - 0f5c7db6-31a1-4b3e-82e6-84ec1a4dccba@group-3B806CC34C64->82f8c02a-15cf-48cc-925d-b57d5eaceec5: nextIndex: updateUnconditionally 1 -> 0
2021-01-11 12:57:39,774 [0f5c7db6-31a1-4b3e-82e6-84ec1a4dccba@group-3B806CC34C64-StateMachineUpdater] INFO  ratis.ContainerStateMachine (ContainerStateMachine.java:takeSnapshot(302)) - group-3B806CC34C64: Finished taking a snapshot at:(t:1, i:0) file:/github/workspace/mnt/ozone/hadoop-ozone/integration-test/target/test-dir/MiniOzoneClusterImpl-8fb96eea-81cb-44ec-9a2b-3e454d7fad19/datanode-1/data/ratis/673d9e53-1876-43b4-a65b-3b806cc34c64/sm/snapshot.1_0 took: 70 ms
2021-01-11 12:57:39,774 [b057ab2e-0df4-4064-b246-7cb4ffc66d9d@group-3B806CC34C64-StateMachineUpdater] INFO  ratis.ContainerStateMachine (ContainerStateMachine.java:takeSnapshot(302)) - group-3B806CC34C64: Finished taking a snapshot at:(t:1, i:0) file:/github/workspace/mnt/ozone/hadoop-ozone/integration-test/target/test-dir/MiniOzoneClusterImpl-8fb96eea-81cb-44ec-9a2b-3e454d7fad19/datanode-0/data/ratis/673d9e53-1876-43b4-a65b-3b806cc34c64/sm/snapshot.1_0 took: 76 ms
2021-01-11 12:57:39,776 [0f5c7db6-31a1-4b3e-82e6-84ec1a4dccba@group-3B806CC34C64-StateMachineUpdater] INFO  impl.StateMachineUpdater (StateMachineUpdater.java:takeSnapshot(279)) - 0f5c7db6-31a1-4b3e-82e6-84ec1a4dccba@group-3B806CC34C64-StateMachineUpdater: Took a snapshot at index 0
2021-01-11 12:57:39,776 [0f5c7db6-31a1-4b3e-82e6-84ec1a4dccba@group-3B806CC34C64-StateMachineUpdater] INFO  impl.StateMachineUpdater (StateMachineUpdater.java:lambda$new$0(88)) - 0f5c7db6-31a1-4b3e-82e6-84ec1a4dccba@group-3B806CC34C64-StateMachineUpdater: snapshotIndex: updateIncreasingly -1 -> 0
2021-01-11 12:57:39,776 [b057ab2e-0df4-4064-b246-7cb4ffc66d9d@group-3B806CC34C64-StateMachineUpdater] INFO  impl.StateMachineUpdater (StateMachineUpdater.java:takeSnapshot(279)) - b057ab2e-0df4-4064-b246-7cb4ffc66d9d@group-3B806CC34C64-StateMachineUpdater: Took a snapshot at index 0
2021-01-11 12:57:39,776 [b057ab2e-0df4-4064-b246-7cb4ffc66d9d@group-3B806CC34C64-StateMachineUpdater] INFO  impl.StateMachineUpdater (StateMachineUpdater.java:lambda$new$0(88)) - b057ab2e-0df4-4064-b246-7cb4ffc66d9d@group-3B806CC34C64-StateMachineUpdater: snapshotIndex: updateIncreasingly -1 -> 0
2021-01-11 12:57:39,780 [b057ab2e-0df4-4064-b246-7cb4ffc66d9d@group-3B806CC34C64-StateMachineUpdater] INFO  metrics.RatisMetrics (RatisMetrics.java:unregister(43)) - Unregistering Metrics Registry : ratis.state_machine.b057ab2e-0df4-4064-b246-7cb4ffc66d9d@group-3B806CC34C64
2021-01-11 12:57:39,780 [0f5c7db6-31a1-4b3e-82e6-84ec1a4dccba@group-3B806CC34C64-StateMachineUpdater] INFO  metrics.RatisMetrics (RatisMetrics.java:unregister(43)) - Unregistering Metrics Registry : ratis.state_machine.0f5c7db6-31a1-4b3e-82e6-84ec1a4dccba@group-3B806CC34C64
2021-01-11 12:57:39,780 [Listener at 127.0.0.1/13588] INFO  server.RaftServer$Division (ServerState.java:close(400)) - 0f5c7db6-31a1-4b3e-82e6-84ec1a4dccba@group-3B806CC34C64: closes. applyIndex: 0
2021-01-11 12:57:39,780 [0f5c7db6-31a1-4b3e-82e6-84ec1a4dccba@group-3B806CC34C64-SegmentedRaftLogWorker] INFO  segmented.SegmentedRaftLogWorker (SegmentedRaftLogWorker.java:run(326)) - 0f5c7db6-31a1-4b3e-82e6-84ec1a4dccba@group-3B806CC34C64-SegmentedRaftLogWorker was interrupted, exiting. There are 0 tasks remaining in the queue.
2021-01-11 12:57:39,781 [Listener at 127.0.0.1/13588] INFO  segmented.SegmentedRaftLogWorker (SegmentedRaftLogWorker.java:close(236)) - 0f5c7db6-31a1-4b3e-82e6-84ec1a4dccba@group-3B806CC34C64-SegmentedRaftLogWorker close()
2021-01-11 12:57:39,781 [Listener at 127.0.0.1/13588] INFO  metrics.RatisMetrics (RatisMetrics.java:unregister(43)) - Unregistering Metrics Registry : ratis.log_worker.0f5c7db6-31a1-4b3e-82e6-84ec1a4dccba@group-3B806CC34C64
2021-01-11 12:57:39,781 [Listener at 127.0.0.1/13588] INFO  metrics.RatisMetrics (RatisMetrics.java:unregister(43)) - Unregistering Metrics Registry : ratis.leader_election.0f5c7db6-31a1-4b3e-82e6-84ec1a4dccba@group-3B806CC34C64
2021-01-11 12:57:39,782 [Listener at 127.0.0.1/13588] INFO  metrics.RatisMetrics (RatisMetrics.java:unregister(43)) - Unregistering Metrics Registry : ratis.server.0f5c7db6-31a1-4b3e-82e6-84ec1a4dccba@group-3B806CC34C64
2021-01-11 12:57:39,782 [Listener at 127.0.0.1/13588] INFO  server.RaftServer$Division (RaftServerImpl.java:lambda$close$4(405)) - 0f5c7db6-31a1-4b3e-82e6-84ec1a4dccba@group-85286E2668C3: shutdown
2021-01-11 12:57:39,782 [Listener at 127.0.0.1/13588] INFO  util.JmxRegister (JmxRegister.java:unregister(73)) - Successfully un-registered JMX Bean with object name Ratis:service=RaftServer,group=group-85286E2668C3,id=0f5c7db6-31a1-4b3e-82e6-84ec1a4dccba
2021-01-11 12:57:39,782 [Listener at 127.0.0.1/13588] INFO  impl.RoleInfo (RoleInfo.java:shutdownFollowerState(108)) - 0f5c7db6-31a1-4b3e-82e6-84ec1a4dccba: shutdown 0f5c7db6-31a1-4b3e-82e6-84ec1a4dccba@group-85286E2668C3-FollowerState
2021-01-11 12:57:39,782 [Listener at 127.0.0.1/13588] INFO  impl.StateMachineUpdater (StateMachineUpdater.java:stopAndJoin(148)) - 0f5c7db6-31a1-4b3e-82e6-84ec1a4dccba@group-85286E2668C3-StateMachineUpdater: set stopIndex = 0
2021-01-11 12:57:39,782 [Thread-299] INFO  impl.FollowerState (FollowerState.java:run(142)) - 0f5c7db6-31a1-4b3e-82e6-84ec1a4dccba@group-85286E2668C3-FollowerState was interrupted: {}
java.lang.InterruptedException: sleep interrupted
	at java.lang.Thread.sleep(Native Method)
	at java.lang.Thread.sleep(Thread.java:340)
	at java.util.concurrent.TimeUnit.sleep(TimeUnit.java:386)
	at org.apache.ratis.util.TimeDuration.sleep(TimeDuration.java:324)
	at org.apache.ratis.util.TimeDuration.sleep(TimeDuration.java:309)
	at org.apache.ratis.server.impl.FollowerState.run(FollowerState.java:117)
2021-01-11 12:57:39,782 [0f5c7db6-31a1-4b3e-82e6-84ec1a4dccba@group-85286E2668C3-StateMachineUpdater] INFO  ratis.ContainerStateMachine (ContainerStateMachine.java:takeSnapshot(291)) - group-85286E2668C3: Taking a snapshot at:(t:1, i:0) file /github/workspace/mnt/ozone/hadoop-ozone/integration-test/target/test-dir/MiniOzoneClusterImpl-8fb96eea-81cb-44ec-9a2b-3e454d7fad19/datanode-1/data/ratis/67b15e51-f049-49ed-99ce-85286e2668c3/sm/snapshot.1_0
2021-01-11 12:57:39,783 [ForkJoinPool.commonPool-worker-0] INFO  server.RaftServer$Division (ServerState.java:close(400)) - b057ab2e-0df4-4064-b246-7cb4ffc66d9d@group-3B806CC34C64: closes. applyIndex: 0
2021-01-11 12:57:39,783 [b057ab2e-0df4-4064-b246-7cb4ffc66d9d@group-3B806CC34C64-SegmentedRaftLogWorker] INFO  segmented.SegmentedRaftLogWorker (SegmentedRaftLogWorker.java:run(326)) - b057ab2e-0df4-4064-b246-7cb4ffc66d9d@group-3B806CC34C64-SegmentedRaftLogWorker was interrupted, exiting. There are 0 tasks remaining in the queue.
2021-01-11 12:57:39,784 [ForkJoinPool.commonPool-worker-0] INFO  segmented.SegmentedRaftLogWorker (SegmentedRaftLogWorker.java:close(236)) - b057ab2e-0df4-4064-b246-7cb4ffc66d9d@group-3B806CC34C64-SegmentedRaftLogWorker close()
2021-01-11 12:57:39,784 [ForkJoinPool.commonPool-worker-0] INFO  metrics.RatisMetrics (RatisMetrics.java:unregister(43)) - Unregistering Metrics Registry : ratis.log_worker.b057ab2e-0df4-4064-b246-7cb4ffc66d9d@group-3B806CC34C64
2021-01-11 12:57:39,784 [ForkJoinPool.commonPool-worker-0] INFO  metrics.RatisMetrics (RatisMetrics.java:unregister(43)) - Unregistering Metrics Registry : ratis.leader_election.b057ab2e-0df4-4064-b246-7cb4ffc66d9d@group-3B806CC34C64
2021-01-11 12:57:39,784 [ForkJoinPool.commonPool-worker-0] INFO  metrics.RatisMetrics (RatisMetrics.java:unregister(43)) - Unregistering Metrics Registry : ratis.server.b057ab2e-0df4-4064-b246-7cb4ffc66d9d@group-3B806CC34C64
2021-01-11 12:57:39,785 [ForkJoinPool.commonPool-worker-0] INFO  server.RaftServer$Division (RaftServerImpl.java:lambda$close$4(405)) - b057ab2e-0df4-4064-b246-7cb4ffc66d9d@group-58B84E7C5BEE: shutdown
2021-01-11 12:57:39,785 [ForkJoinPool.commonPool-worker-0] INFO  util.JmxRegister (JmxRegister.java:unregister(73)) - Successfully un-registered JMX Bean with object name Ratis:service=RaftServer,group=group-58B84E7C5BEE,id=b057ab2e-0df4-4064-b246-7cb4ffc66d9d
2021-01-11 12:57:39,785 [ForkJoinPool.commonPool-worker-0] INFO  impl.RoleInfo (RoleInfo.java:shutdownLeaderState(91)) - b057ab2e-0df4-4064-b246-7cb4ffc66d9d: shutdown b057ab2e-0df4-4064-b246-7cb4ffc66d9d@group-58B84E7C5BEE-LeaderStateImpl
2021-01-11 12:57:39,785 [0f5c7db6-31a1-4b3e-82e6-84ec1a4dccba@group-85286E2668C3-StateMachineUpdater] INFO  ratis.ContainerStateMachine (ContainerStateMachine.java:takeSnapshot(302)) - group-85286E2668C3: Finished taking a snapshot at:(t:1, i:0) file:/github/workspace/mnt/ozone/hadoop-ozone/integration-test/target/test-dir/MiniOzoneClusterImpl-8fb96eea-81cb-44ec-9a2b-3e454d7fad19/datanode-1/data/ratis/67b15e51-f049-49ed-99ce-85286e2668c3/sm/snapshot.1_0 took: 3 ms
2021-01-11 12:57:39,785 [0f5c7db6-31a1-4b3e-82e6-84ec1a4dccba@group-85286E2668C3-StateMachineUpdater] INFO  impl.StateMachineUpdater (StateMachineUpdater.java:takeSnapshot(279)) - 0f5c7db6-31a1-4b3e-82e6-84ec1a4dccba@group-85286E2668C3-StateMachineUpdater: Took a snapshot at index 0
2021-01-11 12:57:39,785 [0f5c7db6-31a1-4b3e-82e6-84ec1a4dccba@group-85286E2668C3-StateMachineUpdater] INFO  impl.StateMachineUpdater (StateMachineUpdater.java:lambda$new$0(88)) - 0f5c7db6-31a1-4b3e-82e6-84ec1a4dccba@group-85286E2668C3-StateMachineUpdater: snapshotIndex: updateIncreasingly -1 -> 0
2021-01-11 12:57:39,785 [0f5c7db6-31a1-4b3e-82e6-84ec1a4dccba@group-85286E2668C3-StateMachineUpdater] INFO  metrics.RatisMetrics (RatisMetrics.java:unregister(43)) - Unregistering Metrics Registry : ratis.state_machine.0f5c7db6-31a1-4b3e-82e6-84ec1a4dccba@group-85286E2668C3
2021-01-11 12:57:39,785 [ForkJoinPool.commonPool-worker-0] INFO  impl.PendingRequests (PendingRequests.java:sendNotLeaderResponses(249)) - b057ab2e-0df4-4064-b246-7cb4ffc66d9d@group-58B84E7C5BEE-PendingRequests: sendNotLeaderResponses
2021-01-11 12:57:39,786 [ForkJoinPool.commonPool-worker-0] INFO  metrics.RatisMetrics (RatisMetrics.java:unregister(43)) - Unregistering Metrics Registry : ratis.log_appender.b057ab2e-0df4-4064-b246-7cb4ffc66d9d@group-58B84E7C5BEE
2021-01-11 12:57:39,786 [ForkJoinPool.commonPool-worker-0] INFO  metrics.RatisMetrics (RatisMetrics.java:unregister(43)) - Unregistering Metrics Registry : ratis.server.b057ab2e-0df4-4064-b246-7cb4ffc66d9d@group-58B84E7C5BEE
2021-01-11 12:57:39,787 [ForkJoinPool.commonPool-worker-0] INFO  impl.StateMachineUpdater (StateMachineUpdater.java:stopAndJoin(148)) - b057ab2e-0df4-4064-b246-7cb4ffc66d9d@group-58B84E7C5BEE-StateMachineUpdater: set stopIndex = 0
2021-01-11 12:57:39,787 [Listener at 127.0.0.1/13588] INFO  server.RaftServer$Division (ServerState.java:close(400)) - 0f5c7db6-31a1-4b3e-82e6-84ec1a4dccba@group-85286E2668C3: closes. applyIndex: 0
2021-01-11 12:57:39,787 [0f5c7db6-31a1-4b3e-82e6-84ec1a4dccba@group-85286E2668C3-SegmentedRaftLogWorker] INFO  segmented.SegmentedRaftLogWorker (SegmentedRaftLogWorker.java:run(326)) - 0f5c7db6-31a1-4b3e-82e6-84ec1a4dccba@group-85286E2668C3-SegmentedRaftLogWorker was interrupted, exiting. There are 0 tasks remaining in the queue.
2021-01-11 12:57:39,787 [b057ab2e-0df4-4064-b246-7cb4ffc66d9d@group-58B84E7C5BEE-StateMachineUpdater] INFO  ratis.ContainerStateMachine (ContainerStateMachine.java:takeSnapshot(291)) - group-58B84E7C5BEE: Taking a snapshot at:(t:1, i:0) file /github/workspace/mnt/ozone/hadoop-ozone/integration-test/target/test-dir/MiniOzoneClusterImpl-8fb96eea-81cb-44ec-9a2b-3e454d7fad19/datanode-0/data/ratis/1d0bd5ca-1ccf-498f-b47d-58b84e7c5bee/sm/snapshot.1_0
2021-01-11 12:57:39,787 [Listener at 127.0.0.1/13588] INFO  segmented.SegmentedRaftLogWorker (SegmentedRaftLogWorker.java:close(236)) - 0f5c7db6-31a1-4b3e-82e6-84ec1a4dccba@group-85286E2668C3-SegmentedRaftLogWorker close()
2021-01-11 12:57:39,788 [b057ab2e-0df4-4064-b246-7cb4ffc66d9d@group-58B84E7C5BEE-StateMachineUpdater] INFO  ratis.ContainerStateMachine (ContainerStateMachine.java:takeSnapshot(302)) - group-58B84E7C5BEE: Finished taking a snapshot at:(t:1, i:0) file:/github/workspace/mnt/ozone/hadoop-ozone/integration-test/target/test-dir/MiniOzoneClusterImpl-8fb96eea-81cb-44ec-9a2b-3e454d7fad19/datanode-0/data/ratis/1d0bd5ca-1ccf-498f-b47d-58b84e7c5bee/sm/snapshot.1_0 took: 1 ms
2021-01-11 12:57:39,788 [b057ab2e-0df4-4064-b246-7cb4ffc66d9d@group-58B84E7C5BEE-StateMachineUpdater] INFO  impl.StateMachineUpdater (StateMachineUpdater.java:takeSnapshot(279)) - b057ab2e-0df4-4064-b246-7cb4ffc66d9d@group-58B84E7C5BEE-StateMachineUpdater: Took a snapshot at index 0
2021-01-11 12:57:39,788 [b057ab2e-0df4-4064-b246-7cb4ffc66d9d@group-58B84E7C5BEE-StateMachineUpdater] INFO  impl.StateMachineUpdater (StateMachineUpdater.java:lambda$new$0(88)) - b057ab2e-0df4-4064-b246-7cb4ffc66d9d@group-58B84E7C5BEE-StateMachineUpdater: snapshotIndex: updateIncreasingly -1 -> 0
2021-01-11 12:57:39,788 [b057ab2e-0df4-4064-b246-7cb4ffc66d9d@group-58B84E7C5BEE-StateMachineUpdater] INFO  metrics.RatisMetrics (RatisMetrics.java:unregister(43)) - Unregistering Metrics Registry : ratis.state_machine.b057ab2e-0df4-4064-b246-7cb4ffc66d9d@group-58B84E7C5BEE
2021-01-11 12:57:39,788 [ForkJoinPool.commonPool-worker-0] INFO  server.RaftServer$Division (ServerState.java:close(400)) - b057ab2e-0df4-4064-b246-7cb4ffc66d9d@group-58B84E7C5BEE: closes. applyIndex: 0
2021-01-11 12:57:39,789 [Listener at 127.0.0.1/13588] INFO  metrics.RatisMetrics (RatisMetrics.java:unregister(43)) - Unregistering Metrics Registry : ratis.log_worker.0f5c7db6-31a1-4b3e-82e6-84ec1a4dccba@group-85286E2668C3
2021-01-11 12:57:39,789 [Listener at 127.0.0.1/13588] INFO  metrics.RatisMetrics (RatisMetrics.java:unregister(43)) - Unregistering Metrics Registry : ratis.leader_election.0f5c7db6-31a1-4b3e-82e6-84ec1a4dccba@group-85286E2668C3
2021-01-11 12:57:39,789 [Listener at 127.0.0.1/13588] INFO  metrics.RatisMetrics (RatisMetrics.java:unregister(43)) - Unregistering Metrics Registry : ratis.server.0f5c7db6-31a1-4b3e-82e6-84ec1a4dccba@group-85286E2668C3
2021-01-11 12:57:39,789 [Listener at 127.0.0.1/13588] INFO  server.RaftServer$Division (RaftServerImpl.java:lambda$close$4(405)) - 0f5c7db6-31a1-4b3e-82e6-84ec1a4dccba@group-E053A8FA01B7: shutdown
2021-01-11 12:57:39,789 [Listener at 127.0.0.1/13588] INFO  util.JmxRegister (JmxRegister.java:unregister(73)) - Successfully un-registered JMX Bean with object name Ratis:service=RaftServer,group=group-E053A8FA01B7,id=0f5c7db6-31a1-4b3e-82e6-84ec1a4dccba
2021-01-11 12:57:39,789 [Listener at 127.0.0.1/13588] INFO  impl.RoleInfo (RoleInfo.java:shutdownLeaderState(91)) - 0f5c7db6-31a1-4b3e-82e6-84ec1a4dccba: shutdown 0f5c7db6-31a1-4b3e-82e6-84ec1a4dccba@group-E053A8FA01B7-LeaderStateImpl
2021-01-11 12:57:39,790 [Listener at 127.0.0.1/13588] INFO  impl.PendingRequests (PendingRequests.java:sendNotLeaderResponses(249)) - 0f5c7db6-31a1-4b3e-82e6-84ec1a4dccba@group-E053A8FA01B7-PendingRequests: sendNotLeaderResponses
2021-01-11 12:57:39,790 [Listener at 127.0.0.1/13588] INFO  metrics.RatisMetrics (RatisMetrics.java:unregister(43)) - Unregistering Metrics Registry : ratis.log_appender.0f5c7db6-31a1-4b3e-82e6-84ec1a4dccba@group-E053A8FA01B7
2021-01-11 12:57:39,790 [Listener at 127.0.0.1/13588] INFO  metrics.RatisMetrics (RatisMetrics.java:unregister(43)) - Unregistering Metrics Registry : ratis.server.0f5c7db6-31a1-4b3e-82e6-84ec1a4dccba@group-E053A8FA01B7
2021-01-11 12:57:39,790 [b057ab2e-0df4-4064-b246-7cb4ffc66d9d@group-58B84E7C5BEE-SegmentedRaftLogWorker] INFO  segmented.SegmentedRaftLogWorker (SegmentedRaftLogWorker.java:run(326)) - b057ab2e-0df4-4064-b246-7cb4ffc66d9d@group-58B84E7C5BEE-SegmentedRaftLogWorker was interrupted, exiting. There are 0 tasks remaining in the queue.
2021-01-11 12:57:39,791 [ForkJoinPool.commonPool-worker-0] INFO  segmented.SegmentedRaftLogWorker (SegmentedRaftLogWorker.java:close(236)) - b057ab2e-0df4-4064-b246-7cb4ffc66d9d@group-58B84E7C5BEE-SegmentedRaftLogWorker close()
2021-01-11 12:57:39,791 [0f5c7db6-31a1-4b3e-82e6-84ec1a4dccba@group-E053A8FA01B7-StateMachineUpdater] INFO  ratis.ContainerStateMachine (ContainerStateMachine.java:takeSnapshot(291)) - group-E053A8FA01B7: Taking a snapshot at:(t:1, i:0) file /github/workspace/mnt/ozone/hadoop-ozone/integration-test/target/test-dir/MiniOzoneClusterImpl-8fb96eea-81cb-44ec-9a2b-3e454d7fad19/datanode-1/data/ratis/2148ad4a-69ed-4058-b291-e053a8fa01b7/sm/snapshot.1_0
2021-01-11 12:57:39,791 [ForkJoinPool.commonPool-worker-0] INFO  metrics.RatisMetrics (RatisMetrics.java:unregister(43)) - Unregistering Metrics Registry : ratis.log_worker.b057ab2e-0df4-4064-b246-7cb4ffc66d9d@group-58B84E7C5BEE
2021-01-11 12:57:39,792 [0f5c7db6-31a1-4b3e-82e6-84ec1a4dccba@group-E053A8FA01B7-StateMachineUpdater] INFO  ratis.ContainerStateMachine (ContainerStateMachine.java:takeSnapshot(302)) - group-E053A8FA01B7: Finished taking a snapshot at:(t:1, i:0) file:/github/workspace/mnt/ozone/hadoop-ozone/integration-test/target/test-dir/MiniOzoneClusterImpl-8fb96eea-81cb-44ec-9a2b-3e454d7fad19/datanode-1/data/ratis/2148ad4a-69ed-4058-b291-e053a8fa01b7/sm/snapshot.1_0 took: 1 ms
2021-01-11 12:57:39,792 [0f5c7db6-31a1-4b3e-82e6-84ec1a4dccba@group-E053A8FA01B7-StateMachineUpdater] INFO  impl.StateMachineUpdater (StateMachineUpdater.java:takeSnapshot(279)) - 0f5c7db6-31a1-4b3e-82e6-84ec1a4dccba@group-E053A8FA01B7-StateMachineUpdater: Took a snapshot at index 0
2021-01-11 12:57:39,792 [0f5c7db6-31a1-4b3e-82e6-84ec1a4dccba@group-E053A8FA01B7-StateMachineUpdater] INFO  impl.StateMachineUpdater (StateMachineUpdater.java:lambda$new$0(88)) - 0f5c7db6-31a1-4b3e-82e6-84ec1a4dccba@group-E053A8FA01B7-StateMachineUpdater: snapshotIndex: updateIncreasingly -1 -> 0
2021-01-11 12:57:39,792 [0f5c7db6-31a1-4b3e-82e6-84ec1a4dccba@group-E053A8FA01B7-StateMachineUpdater] INFO  metrics.RatisMetrics (RatisMetrics.java:unregister(43)) - Unregistering Metrics Registry : ratis.state_machine.0f5c7db6-31a1-4b3e-82e6-84ec1a4dccba@group-E053A8FA01B7
2021-01-11 12:57:39,792 [ForkJoinPool.commonPool-worker-0] INFO  metrics.RatisMetrics (RatisMetrics.java:unregister(43)) - Unregistering Metrics Registry : ratis.leader_election.b057ab2e-0df4-4064-b246-7cb4ffc66d9d@group-58B84E7C5BEE
2021-01-11 12:57:39,792 [ForkJoinPool.commonPool-worker-0] INFO  metrics.RatisMetrics (RatisMetrics.java:unregister(43)) - Unregistering Metrics Registry : ratis.server.b057ab2e-0df4-4064-b246-7cb4ffc66d9d@group-58B84E7C5BEE
2021-01-11 12:57:39,793 [ForkJoinPool.commonPool-worker-0] INFO  server.RaftServer$Division (RaftServerImpl.java:lambda$close$4(405)) - b057ab2e-0df4-4064-b246-7cb4ffc66d9d@group-85286E2668C3: shutdown
2021-01-11 12:57:39,793 [ForkJoinPool.commonPool-worker-0] INFO  util.JmxRegister (JmxRegister.java:unregister(73)) - Successfully un-registered JMX Bean with object name Ratis:service=RaftServer,group=group-85286E2668C3,id=b057ab2e-0df4-4064-b246-7cb4ffc66d9d
2021-01-11 12:57:39,793 [ForkJoinPool.commonPool-worker-0] INFO  impl.RoleInfo (RoleInfo.java:shutdownLeaderState(91)) - b057ab2e-0df4-4064-b246-7cb4ffc66d9d: shutdown b057ab2e-0df4-4064-b246-7cb4ffc66d9d@group-85286E2668C3-LeaderStateImpl
2021-01-11 12:57:39,793 [ForkJoinPool.commonPool-worker-0] INFO  metrics.RatisMetrics (RatisMetrics.java:unregister(43)) - Unregistering Metrics Registry : ratis_grpc.log_appender.b057ab2e-0df4-4064-b246-7cb4ffc66d9d@group-85286E2668C3
2021-01-11 12:57:39,793 [b057ab2e-0df4-4064-b246-7cb4ffc66d9d@group-85286E2668C3->0f5c7db6-31a1-4b3e-82e6-84ec1a4dccba-GrpcLogAppender-LogAppenderDaemon] WARN  server.GrpcLogAppender (GrpcLogAppender.java:mayWait(175)) - b057ab2e-0df4-4064-b246-7cb4ffc66d9d@group-85286E2668C3->0f5c7db6-31a1-4b3e-82e6-84ec1a4dccba-GrpcLogAppender: Wait interrupted by java.lang.InterruptedException
2021-01-11 12:57:39,793 [ForkJoinPool.commonPool-worker-0] INFO  metrics.RatisMetrics (RatisMetrics.java:unregister(43)) - Unregistering Metrics Registry : ratis_grpc.log_appender.b057ab2e-0df4-4064-b246-7cb4ffc66d9d@group-85286E2668C3
2021-01-11 12:57:39,794 [grpc-default-executor-2] INFO  server.GrpcServerProtocolService (GrpcServerProtocolService.java:onCompleted(138)) - 0f5c7db6-31a1-4b3e-82e6-84ec1a4dccba: Completed APPEND_ENTRIES, lastRequest: b057ab2e-0df4-4064-b246-7cb4ffc66d9d->0f5c7db6-31a1-4b3e-82e6-84ec1a4dccba#1-t1,previous=(t:0, i:0),leaderCommit=-1,initializing? true,entries: size=1, first=(t:1, i:0), CONFIGURATIONENTRY
2021-01-11 12:57:39,795 [grpc-default-executor-0] INFO  server.GrpcLogAppender (GrpcLogAppender.java:onCompleted(344)) - b057ab2e-0df4-4064-b246-7cb4ffc66d9d@group-85286E2668C3->0f5c7db6-31a1-4b3e-82e6-84ec1a4dccba-AppendLogResponseHandler: follower responses appendEntries COMPLETED
2021-01-11 12:57:39,795 [grpc-default-executor-0] INFO  leader.FollowerInfo (FollowerInfoImpl.java:lambda$new$0(46)) - b057ab2e-0df4-4064-b246-7cb4ffc66d9d@group-85286E2668C3->0f5c7db6-31a1-4b3e-82e6-84ec1a4dccba: nextIndex: updateUnconditionally 1 -> 0
2021-01-11 12:57:39,795 [b057ab2e-0df4-4064-b246-7cb4ffc66d9d@group-85286E2668C3->82f8c02a-15cf-48cc-925d-b57d5eaceec5-GrpcLogAppender-LogAppenderDaemon] WARN  server.GrpcLogAppender (GrpcLogAppender.java:mayWait(175)) - b057ab2e-0df4-4064-b246-7cb4ffc66d9d@group-85286E2668C3->82f8c02a-15cf-48cc-925d-b57d5eaceec5-GrpcLogAppender: Wait interrupted by java.lang.InterruptedException
2021-01-11 12:57:39,795 [grpc-default-executor-2] INFO  server.GrpcServerProtocolService (GrpcServerProtocolService.java:onCompleted(138)) - 82f8c02a-15cf-48cc-925d-b57d5eaceec5: Completed APPEND_ENTRIES, lastRequest: b057ab2e-0df4-4064-b246-7cb4ffc66d9d->82f8c02a-15cf-48cc-925d-b57d5eaceec5#1-t1,previous=(t:0, i:0),leaderCommit=-1,initializing? true,entries: size=1, first=(t:1, i:0), CONFIGURATIONENTRY
2021-01-11 12:57:39,796 [grpc-default-executor-0] INFO  server.GrpcLogAppender (GrpcLogAppender.java:onCompleted(344)) - b057ab2e-0df4-4064-b246-7cb4ffc66d9d@group-85286E2668C3->82f8c02a-15cf-48cc-925d-b57d5eaceec5-AppendLogResponseHandler: follower responses appendEntries COMPLETED
2021-01-11 12:57:39,796 [grpc-default-executor-0] INFO  leader.FollowerInfo (FollowerInfoImpl.java:lambda$new$0(46)) - b057ab2e-0df4-4064-b246-7cb4ffc66d9d@group-85286E2668C3->82f8c02a-15cf-48cc-925d-b57d5eaceec5: nextIndex: updateUnconditionally 1 -> 0
2021-01-11 12:57:39,796 [ForkJoinPool.commonPool-worker-0] INFO  impl.PendingRequests (PendingRequests.java:sendNotLeaderResponses(249)) - b057ab2e-0df4-4064-b246-7cb4ffc66d9d@group-85286E2668C3-PendingRequests: sendNotLeaderResponses
2021-01-11 12:57:39,796 [ForkJoinPool.commonPool-worker-0] INFO  metrics.RatisMetrics (RatisMetrics.java:unregister(43)) - Unregistering Metrics Registry : ratis.log_appender.b057ab2e-0df4-4064-b246-7cb4ffc66d9d@group-85286E2668C3
2021-01-11 12:57:39,796 [ForkJoinPool.commonPool-worker-0] INFO  metrics.RatisMetrics (RatisMetrics.java:unregister(43)) - Unregistering Metrics Registry : ratis.server.b057ab2e-0df4-4064-b246-7cb4ffc66d9d@group-85286E2668C3
2021-01-11 12:57:39,796 [Listener at 127.0.0.1/13588] INFO  impl.StateMachineUpdater (StateMachineUpdater.java:stopAndJoin(148)) - 0f5c7db6-31a1-4b3e-82e6-84ec1a4dccba@group-E053A8FA01B7-StateMachineUpdater: set stopIndex = 0
2021-01-11 12:57:39,797 [Listener at 127.0.0.1/13588] INFO  server.RaftServer$Division (ServerState.java:close(400)) - 0f5c7db6-31a1-4b3e-82e6-84ec1a4dccba@group-E053A8FA01B7: closes. applyIndex: 0
2021-01-11 12:57:39,797 [0f5c7db6-31a1-4b3e-82e6-84ec1a4dccba@group-E053A8FA01B7-SegmentedRaftLogWorker] INFO  segmented.SegmentedRaftLogWorker (SegmentedRaftLogWorker.java:run(326)) - 0f5c7db6-31a1-4b3e-82e6-84ec1a4dccba@group-E053A8FA01B7-SegmentedRaftLogWorker was interrupted, exiting. There are 0 tasks remaining in the queue.
2021-01-11 12:57:39,797 [Listener at 127.0.0.1/13588] INFO  segmented.SegmentedRaftLogWorker (SegmentedRaftLogWorker.java:close(236)) - 0f5c7db6-31a1-4b3e-82e6-84ec1a4dccba@group-E053A8FA01B7-SegmentedRaftLogWorker close()
2021-01-11 12:57:39,798 [ForkJoinPool.commonPool-worker-0] INFO  impl.StateMachineUpdater (StateMachineUpdater.java:stopAndJoin(148)) - b057ab2e-0df4-4064-b246-7cb4ffc66d9d@group-85286E2668C3-StateMachineUpdater: set stopIndex = 0
2021-01-11 12:57:39,798 [b057ab2e-0df4-4064-b246-7cb4ffc66d9d@group-85286E2668C3-StateMachineUpdater] INFO  ratis.ContainerStateMachine (ContainerStateMachine.java:takeSnapshot(291)) - group-85286E2668C3: Taking a snapshot at:(t:1, i:0) file /github/workspace/mnt/ozone/hadoop-ozone/integration-test/target/test-dir/MiniOzoneClusterImpl-8fb96eea-81cb-44ec-9a2b-3e454d7fad19/datanode-0/data/ratis/67b15e51-f049-49ed-99ce-85286e2668c3/sm/snapshot.1_0
2021-01-11 12:57:39,798 [Listener at 127.0.0.1/13588] INFO  metrics.RatisMetrics (RatisMetrics.java:unregister(43)) - Unregistering Metrics Registry : ratis.log_worker.0f5c7db6-31a1-4b3e-82e6-84ec1a4dccba@group-E053A8FA01B7
2021-01-11 12:57:39,799 [Listener at 127.0.0.1/13588] INFO  metrics.RatisMetrics (RatisMetrics.java:unregister(43)) - Unregistering Metrics Registry : ratis.leader_election.0f5c7db6-31a1-4b3e-82e6-84ec1a4dccba@group-E053A8FA01B7
2021-01-11 12:57:39,799 [Listener at 127.0.0.1/13588] INFO  metrics.RatisMetrics (RatisMetrics.java:unregister(43)) - Unregistering Metrics Registry : ratis.server.0f5c7db6-31a1-4b3e-82e6-84ec1a4dccba@group-E053A8FA01B7
2021-01-11 12:57:39,799 [Listener at 127.0.0.1/13588] INFO  server.GrpcService (GrpcService.java:closeImpl(183)) - 0f5c7db6-31a1-4b3e-82e6-84ec1a4dccba: shutdown server with port 40001 now
2021-01-11 12:57:39,799 [b057ab2e-0df4-4064-b246-7cb4ffc66d9d@group-85286E2668C3-StateMachineUpdater] INFO  ratis.ContainerStateMachine (ContainerStateMachine.java:takeSnapshot(302)) - group-85286E2668C3: Finished taking a snapshot at:(t:1, i:0) file:/github/workspace/mnt/ozone/hadoop-ozone/integration-test/target/test-dir/MiniOzoneClusterImpl-8fb96eea-81cb-44ec-9a2b-3e454d7fad19/datanode-0/data/ratis/67b15e51-f049-49ed-99ce-85286e2668c3/sm/snapshot.1_0 took: 1 ms
2021-01-11 12:57:39,799 [b057ab2e-0df4-4064-b246-7cb4ffc66d9d@group-85286E2668C3-StateMachineUpdater] INFO  impl.StateMachineUpdater (StateMachineUpdater.java:takeSnapshot(279)) - b057ab2e-0df4-4064-b246-7cb4ffc66d9d@group-85286E2668C3-StateMachineUpdater: Took a snapshot at index 0
2021-01-11 12:57:39,799 [b057ab2e-0df4-4064-b246-7cb4ffc66d9d@group-85286E2668C3-StateMachineUpdater] INFO  impl.StateMachineUpdater (StateMachineUpdater.java:lambda$new$0(88)) - b057ab2e-0df4-4064-b246-7cb4ffc66d9d@group-85286E2668C3-StateMachineUpdater: snapshotIndex: updateIncreasingly -1 -> 0
2021-01-11 12:57:39,800 [b057ab2e-0df4-4064-b246-7cb4ffc66d9d@group-85286E2668C3-StateMachineUpdater] INFO  metrics.RatisMetrics (RatisMetrics.java:unregister(43)) - Unregistering Metrics Registry : ratis.state_machine.b057ab2e-0df4-4064-b246-7cb4ffc66d9d@group-85286E2668C3
2021-01-11 12:57:39,800 [ForkJoinPool.commonPool-worker-0] INFO  server.RaftServer$Division (ServerState.java:close(400)) - b057ab2e-0df4-4064-b246-7cb4ffc66d9d@group-85286E2668C3: closes. applyIndex: 0
2021-01-11 12:57:39,800 [b057ab2e-0df4-4064-b246-7cb4ffc66d9d@group-85286E2668C3-SegmentedRaftLogWorker] INFO  segmented.SegmentedRaftLogWorker (SegmentedRaftLogWorker.java:run(326)) - b057ab2e-0df4-4064-b246-7cb4ffc66d9d@group-85286E2668C3-SegmentedRaftLogWorker was interrupted, exiting. There are 0 tasks remaining in the queue.
2021-01-11 12:57:39,800 [ForkJoinPool.commonPool-worker-0] INFO  segmented.SegmentedRaftLogWorker (SegmentedRaftLogWorker.java:close(236)) - b057ab2e-0df4-4064-b246-7cb4ffc66d9d@group-85286E2668C3-SegmentedRaftLogWorker close()
2021-01-11 12:57:39,809 [ForkJoinPool.commonPool-worker-0] INFO  metrics.RatisMetrics (RatisMetrics.java:unregister(43)) - Unregistering Metrics Registry : ratis.log_worker.b057ab2e-0df4-4064-b246-7cb4ffc66d9d@group-85286E2668C3
2021-01-11 12:57:39,809 [ForkJoinPool.commonPool-worker-0] INFO  metrics.RatisMetrics (RatisMetrics.java:unregister(43)) - Unregistering Metrics Registry : ratis.leader_election.b057ab2e-0df4-4064-b246-7cb4ffc66d9d@group-85286E2668C3
2021-01-11 12:57:39,809 [ForkJoinPool.commonPool-worker-0] INFO  metrics.RatisMetrics (RatisMetrics.java:unregister(43)) - Unregistering Metrics Registry : ratis.server.b057ab2e-0df4-4064-b246-7cb4ffc66d9d@group-85286E2668C3
2021-01-11 12:57:39,810 [ForkJoinPool.commonPool-worker-0] INFO  server.GrpcService (GrpcService.java:closeImpl(183)) - b057ab2e-0df4-4064-b246-7cb4ffc66d9d: shutdown server with port 38959 now
2021-01-11 12:57:39,816 [Listener at 127.0.0.1/13588] INFO  server.GrpcService (GrpcService.java:closeImpl(192)) - 0f5c7db6-31a1-4b3e-82e6-84ec1a4dccba: shutdown server with port 40001 successfully
2021-01-11 12:57:39,816 [org.apache.ratis.util.JvmPauseMonitor$$Lambda$305/1260124199@a3b33d0] INFO  util.JvmPauseMonitor (JvmPauseMonitor.java:run(109)) - JvmPauseMonitor-0f5c7db6-31a1-4b3e-82e6-84ec1a4dccba: Stopped
2021-01-11 12:57:39,817 [ForkJoinPool.commonPool-worker-0] INFO  server.GrpcService (GrpcService.java:closeImpl(192)) - b057ab2e-0df4-4064-b246-7cb4ffc66d9d: shutdown server with port 38959 successfully
2021-01-11 12:57:39,817 [org.apache.ratis.util.JvmPauseMonitor$$Lambda$305/1260124199@2d113c8b] INFO  util.JvmPauseMonitor (JvmPauseMonitor.java:run(109)) - JvmPauseMonitor-b057ab2e-0df4-4064-b246-7cb4ffc66d9d: Stopped
2021-01-11 12:57:39,821 [Listener at 127.0.0.1/13588] INFO  utils.BackgroundService (BackgroundService.java:shutdown(132)) - Shutting down service BlockDeletingService
2021-01-11 12:57:39,826 [ForkJoinPool.commonPool-worker-0] INFO  utils.BackgroundService (BackgroundService.java:shutdown(132)) - Shutting down service BlockDeletingService
2021-01-11 12:57:39,826 [Listener at 127.0.0.1/13588] INFO  statemachine.DatanodeStateMachine (DatanodeStateMachine.java:stopDaemon(461)) - Ozone container server stopped.
2021-01-11 12:57:39,834 [ForkJoinPool.commonPool-worker-0] INFO  statemachine.DatanodeStateMachine (DatanodeStateMachine.java:stopDaemon(461)) - Ozone container server stopped.
2021-01-11 12:57:39,843 [Listener at 127.0.0.1/13588] INFO  handler.ContextHandler (ContextHandler.java:doStop(1154)) - Stopped o.e.j.w.WebAppContext@6097dbfa{hddsDatanode,/,null,STOPPED}{jar:file:/home/user/.m2/repository/org/apache/hadoop/hadoop-hdds-container-service/1.1.0-SNAPSHOT/hadoop-hdds-container-service-1.1.0-SNAPSHOT.jar!/webapps/hddsDatanode}
2021-01-11 12:57:39,844 [Listener at 127.0.0.1/13588] INFO  server.AbstractConnector (AbstractConnector.java:doStop(381)) - Stopped ServerConnector@21ea6481{HTTP/1.1, (http/1.1)}{0.0.0.0:0}
2021-01-11 12:57:39,844 [Listener at 127.0.0.1/13588] INFO  server.session (HouseKeeper.java:stopScavenging(149)) - node0 Stopped scavenging
2021-01-11 12:57:39,844 [Listener at 127.0.0.1/13588] INFO  handler.ContextHandler (ContextHandler.java:doStop(1154)) - Stopped o.e.j.s.ServletContextHandler@8c4f976{static,/static,jar:file:/home/user/.m2/repository/org/apache/hadoop/hadoop-hdds-container-service/1.1.0-SNAPSHOT/hadoop-hdds-container-service-1.1.0-SNAPSHOT.jar!/webapps/static,STOPPED}
2021-01-11 12:57:39,845 [Listener at 127.0.0.1/13588] INFO  handler.ContextHandler (ContextHandler.java:doStop(1154)) - Stopped o.e.j.s.ServletContextHandler@2ece786f{logs,/logs,file:///github/workspace/mnt/ozone/hadoop-ozone/integration-test/target/log,STOPPED}
2021-01-11 12:57:39,849 [ForkJoinPool.commonPool-worker-0] INFO  handler.ContextHandler (ContextHandler.java:doStop(1154)) - Stopped o.e.j.w.WebAppContext@24b0e64d{hddsDatanode,/,null,STOPPED}{jar:file:/home/user/.m2/repository/org/apache/hadoop/hadoop-hdds-container-service/1.1.0-SNAPSHOT/hadoop-hdds-container-service-1.1.0-SNAPSHOT.jar!/webapps/hddsDatanode}
2021-01-11 12:57:39,850 [ForkJoinPool.commonPool-worker-0] INFO  server.AbstractConnector (AbstractConnector.java:doStop(381)) - Stopped ServerConnector@73ffbb3c{HTTP/1.1, (http/1.1)}{0.0.0.0:0}
2021-01-11 12:57:39,850 [ForkJoinPool.commonPool-worker-0] INFO  server.session (HouseKeeper.java:stopScavenging(149)) - node0 Stopped scavenging
2021-01-11 12:57:39,853 [ForkJoinPool.commonPool-worker-0] INFO  handler.ContextHandler (ContextHandler.java:doStop(1154)) - Stopped o.e.j.s.ServletContextHandler@2ba7030a{static,/static,jar:file:/home/user/.m2/repository/org/apache/hadoop/hadoop-hdds-container-service/1.1.0-SNAPSHOT/hadoop-hdds-container-service-1.1.0-SNAPSHOT.jar!/webapps/static,STOPPED}
2021-01-11 12:57:39,854 [ForkJoinPool.commonPool-worker-0] INFO  handler.ContextHandler (ContextHandler.java:doStop(1154)) - Stopped o.e.j.s.ServletContextHandler@6325579e{logs,/logs,file:///github/workspace/mnt/ozone/hadoop-ozone/integration-test/target/log,STOPPED}
2021-01-11 12:57:40,296 [Datanode State Machine Thread - 0] INFO  statemachine.DatanodeStateMachine (DatanodeStateMachine.java:lambda$startDaemon$0(408)) - Ozone container server started.
2021-01-11 12:57:44,849 [Listener at 127.0.0.1/13588] INFO  ozoneimpl.OzoneContainer (OzoneContainer.java:stop(273)) - Attempting to stop container services.
2021-01-11 12:57:44,849 [Listener at 127.0.0.1/13588] INFO  server.RaftServer (RaftServerProxy.java:lambda$close$6(389)) - 82f8c02a-15cf-48cc-925d-b57d5eaceec5: close
2021-01-11 12:57:44,850 [Listener at 127.0.0.1/13588] INFO  server.RaftServer$Division (RaftServerImpl.java:lambda$close$4(405)) - 82f8c02a-15cf-48cc-925d-b57d5eaceec5@group-3B806CC34C64: shutdown
2021-01-11 12:57:44,850 [Listener at 127.0.0.1/13588] INFO  util.JmxRegister (JmxRegister.java:unregister(73)) - Successfully un-registered JMX Bean with object name Ratis:service=RaftServer,group=group-3B806CC34C64,id=82f8c02a-15cf-48cc-925d-b57d5eaceec5
2021-01-11 12:57:44,850 [Listener at 127.0.0.1/13588] INFO  impl.RoleInfo (RoleInfo.java:shutdownFollowerState(108)) - 82f8c02a-15cf-48cc-925d-b57d5eaceec5: shutdown 82f8c02a-15cf-48cc-925d-b57d5eaceec5@group-3B806CC34C64-FollowerState
2021-01-11 12:57:44,850 [Listener at 127.0.0.1/13588] INFO  impl.StateMachineUpdater (StateMachineUpdater.java:stopAndJoin(148)) - 82f8c02a-15cf-48cc-925d-b57d5eaceec5@group-3B806CC34C64-StateMachineUpdater: set stopIndex = 0
2021-01-11 12:57:44,851 [Thread-320] INFO  impl.FollowerState (FollowerState.java:run(142)) - 82f8c02a-15cf-48cc-925d-b57d5eaceec5@group-3B806CC34C64-FollowerState was interrupted: {}
java.lang.InterruptedException: sleep interrupted
	at java.lang.Thread.sleep(Native Method)
	at java.lang.Thread.sleep(Thread.java:340)
	at java.util.concurrent.TimeUnit.sleep(TimeUnit.java:386)
	at org.apache.ratis.util.TimeDuration.sleep(TimeDuration.java:324)
	at org.apache.ratis.util.TimeDuration.sleep(TimeDuration.java:309)
	at org.apache.ratis.server.impl.FollowerState.run(FollowerState.java:117)
2021-01-11 12:57:44,851 [82f8c02a-15cf-48cc-925d-b57d5eaceec5@group-3B806CC34C64-StateMachineUpdater] INFO  ratis.ContainerStateMachine (ContainerStateMachine.java:takeSnapshot(291)) - group-3B806CC34C64: Taking a snapshot at:(t:1, i:0) file /github/workspace/mnt/ozone/hadoop-ozone/integration-test/target/test-dir/MiniOzoneClusterImpl-8fb96eea-81cb-44ec-9a2b-3e454d7fad19/datanode-2/data/ratis/673d9e53-1876-43b4-a65b-3b806cc34c64/sm/snapshot.1_0
2021-01-11 12:57:44,852 [82f8c02a-15cf-48cc-925d-b57d5eaceec5@group-3B806CC34C64-StateMachineUpdater] INFO  ratis.ContainerStateMachine (ContainerStateMachine.java:takeSnapshot(302)) - group-3B806CC34C64: Finished taking a snapshot at:(t:1, i:0) file:/github/workspace/mnt/ozone/hadoop-ozone/integration-test/target/test-dir/MiniOzoneClusterImpl-8fb96eea-81cb-44ec-9a2b-3e454d7fad19/datanode-2/data/ratis/673d9e53-1876-43b4-a65b-3b806cc34c64/sm/snapshot.1_0 took: 1 ms
2021-01-11 12:57:44,853 [82f8c02a-15cf-48cc-925d-b57d5eaceec5@group-3B806CC34C64-StateMachineUpdater] INFO  impl.StateMachineUpdater (StateMachineUpdater.java:takeSnapshot(279)) - 82f8c02a-15cf-48cc-925d-b57d5eaceec5@group-3B806CC34C64-StateMachineUpdater: Took a snapshot at index 0
2021-01-11 12:57:44,853 [82f8c02a-15cf-48cc-925d-b57d5eaceec5@group-3B806CC34C64-StateMachineUpdater] INFO  impl.StateMachineUpdater (StateMachineUpdater.java:lambda$new$0(88)) - 82f8c02a-15cf-48cc-925d-b57d5eaceec5@group-3B806CC34C64-StateMachineUpdater: snapshotIndex: updateIncreasingly -1 -> 0
2021-01-11 12:57:44,853 [82f8c02a-15cf-48cc-925d-b57d5eaceec5@group-3B806CC34C64-StateMachineUpdater] INFO  metrics.RatisMetrics (RatisMetrics.java:unregister(43)) - Unregistering Metrics Registry : ratis.state_machine.82f8c02a-15cf-48cc-925d-b57d5eaceec5@group-3B806CC34C64
2021-01-11 12:57:44,853 [Listener at 127.0.0.1/13588] INFO  server.RaftServer$Division (ServerState.java:close(400)) - 82f8c02a-15cf-48cc-925d-b57d5eaceec5@group-3B806CC34C64: closes. applyIndex: 0
2021-01-11 12:57:44,854 [82f8c02a-15cf-48cc-925d-b57d5eaceec5@group-3B806CC34C64-SegmentedRaftLogWorker] INFO  segmented.SegmentedRaftLogWorker (SegmentedRaftLogWorker.java:run(326)) - 82f8c02a-15cf-48cc-925d-b57d5eaceec5@group-3B806CC34C64-SegmentedRaftLogWorker was interrupted, exiting. There are 0 tasks remaining in the queue.
2021-01-11 12:57:44,854 [Listener at 127.0.0.1/13588] INFO  segmented.SegmentedRaftLogWorker (SegmentedRaftLogWorker.java:close(236)) - 82f8c02a-15cf-48cc-925d-b57d5eaceec5@group-3B806CC34C64-SegmentedRaftLogWorker close()
2021-01-11 12:57:44,855 [Listener at 127.0.0.1/13588] INFO  metrics.RatisMetrics (RatisMetrics.java:unregister(43)) - Unregistering Metrics Registry : ratis.log_worker.82f8c02a-15cf-48cc-925d-b57d5eaceec5@group-3B806CC34C64
2021-01-11 12:57:44,855 [Listener at 127.0.0.1/13588] INFO  metrics.RatisMetrics (RatisMetrics.java:unregister(43)) - Unregistering Metrics Registry : ratis.leader_election.82f8c02a-15cf-48cc-925d-b57d5eaceec5@group-3B806CC34C64
2021-01-11 12:57:44,856 [Listener at 127.0.0.1/13588] INFO  metrics.RatisMetrics (RatisMetrics.java:unregister(43)) - Unregistering Metrics Registry : ratis.server.82f8c02a-15cf-48cc-925d-b57d5eaceec5@group-3B806CC34C64
2021-01-11 12:57:44,856 [Listener at 127.0.0.1/13588] INFO  server.RaftServer$Division (RaftServerImpl.java:lambda$close$4(405)) - 82f8c02a-15cf-48cc-925d-b57d5eaceec5@group-0FDBB20D8C0A: shutdown
2021-01-11 12:57:44,856 [Listener at 127.0.0.1/13588] INFO  util.JmxRegister (JmxRegister.java:unregister(73)) - Successfully un-registered JMX Bean with object name Ratis:service=RaftServer,group=group-0FDBB20D8C0A,id=82f8c02a-15cf-48cc-925d-b57d5eaceec5
2021-01-11 12:57:44,856 [Listener at 127.0.0.1/13588] INFO  impl.RoleInfo (RoleInfo.java:shutdownLeaderState(91)) - 82f8c02a-15cf-48cc-925d-b57d5eaceec5: shutdown 82f8c02a-15cf-48cc-925d-b57d5eaceec5@group-0FDBB20D8C0A-LeaderStateImpl
2021-01-11 12:57:44,857 [Listener at 127.0.0.1/13588] INFO  impl.PendingRequests (PendingRequests.java:sendNotLeaderResponses(249)) - 82f8c02a-15cf-48cc-925d-b57d5eaceec5@group-0FDBB20D8C0A-PendingRequests: sendNotLeaderResponses
2021-01-11 12:57:44,857 [Listener at 127.0.0.1/13588] INFO  metrics.RatisMetrics (RatisMetrics.java:unregister(43)) - Unregistering Metrics Registry : ratis.log_appender.82f8c02a-15cf-48cc-925d-b57d5eaceec5@group-0FDBB20D8C0A
2021-01-11 12:57:44,857 [Listener at 127.0.0.1/13588] INFO  metrics.RatisMetrics (RatisMetrics.java:unregister(43)) - Unregistering Metrics Registry : ratis.server.82f8c02a-15cf-48cc-925d-b57d5eaceec5@group-0FDBB20D8C0A
2021-01-11 12:57:44,858 [Listener at 127.0.0.1/13588] INFO  impl.StateMachineUpdater (StateMachineUpdater.java:stopAndJoin(148)) - 82f8c02a-15cf-48cc-925d-b57d5eaceec5@group-0FDBB20D8C0A-StateMachineUpdater: set stopIndex = 0
2021-01-11 12:57:44,858 [82f8c02a-15cf-48cc-925d-b57d5eaceec5@group-0FDBB20D8C0A-StateMachineUpdater] INFO  ratis.ContainerStateMachine (ContainerStateMachine.java:takeSnapshot(291)) - group-0FDBB20D8C0A: Taking a snapshot at:(t:1, i:0) file /github/workspace/mnt/ozone/hadoop-ozone/integration-test/target/test-dir/MiniOzoneClusterImpl-8fb96eea-81cb-44ec-9a2b-3e454d7fad19/datanode-2/data/ratis/5321e1fd-8014-4719-9868-0fdbb20d8c0a/sm/snapshot.1_0
2021-01-11 12:57:44,860 [82f8c02a-15cf-48cc-925d-b57d5eaceec5@group-0FDBB20D8C0A-StateMachineUpdater] INFO  ratis.ContainerStateMachine (ContainerStateMachine.java:takeSnapshot(302)) - group-0FDBB20D8C0A: Finished taking a snapshot at:(t:1, i:0) file:/github/workspace/mnt/ozone/hadoop-ozone/integration-test/target/test-dir/MiniOzoneClusterImpl-8fb96eea-81cb-44ec-9a2b-3e454d7fad19/datanode-2/data/ratis/5321e1fd-8014-4719-9868-0fdbb20d8c0a/sm/snapshot.1_0 took: 2 ms
2021-01-11 12:57:44,860 [82f8c02a-15cf-48cc-925d-b57d5eaceec5@group-0FDBB20D8C0A-StateMachineUpdater] INFO  impl.StateMachineUpdater (StateMachineUpdater.java:takeSnapshot(279)) - 82f8c02a-15cf-48cc-925d-b57d5eaceec5@group-0FDBB20D8C0A-StateMachineUpdater: Took a snapshot at index 0
2021-01-11 12:57:44,860 [82f8c02a-15cf-48cc-925d-b57d5eaceec5@group-0FDBB20D8C0A-StateMachineUpdater] INFO  impl.StateMachineUpdater (StateMachineUpdater.java:lambda$new$0(88)) - 82f8c02a-15cf-48cc-925d-b57d5eaceec5@group-0FDBB20D8C0A-StateMachineUpdater: snapshotIndex: updateIncreasingly -1 -> 0
2021-01-11 12:57:44,860 [82f8c02a-15cf-48cc-925d-b57d5eaceec5@group-0FDBB20D8C0A-StateMachineUpdater] INFO  metrics.RatisMetrics (RatisMetrics.java:unregister(43)) - Unregistering Metrics Registry : ratis.state_machine.82f8c02a-15cf-48cc-925d-b57d5eaceec5@group-0FDBB20D8C0A
2021-01-11 12:57:44,860 [Listener at 127.0.0.1/13588] INFO  server.RaftServer$Division (ServerState.java:close(400)) - 82f8c02a-15cf-48cc-925d-b57d5eaceec5@group-0FDBB20D8C0A: closes. applyIndex: 0
2021-01-11 12:57:44,860 [82f8c02a-15cf-48cc-925d-b57d5eaceec5@group-0FDBB20D8C0A-SegmentedRaftLogWorker] INFO  segmented.SegmentedRaftLogWorker (SegmentedRaftLogWorker.java:run(326)) - 82f8c02a-15cf-48cc-925d-b57d5eaceec5@group-0FDBB20D8C0A-SegmentedRaftLogWorker was interrupted, exiting. There are 0 tasks remaining in the queue.
2021-01-11 12:57:44,861 [Listener at 127.0.0.1/13588] INFO  segmented.SegmentedRaftLogWorker (SegmentedRaftLogWorker.java:close(236)) - 82f8c02a-15cf-48cc-925d-b57d5eaceec5@group-0FDBB20D8C0A-SegmentedRaftLogWorker close()
2021-01-11 12:57:44,861 [Listener at 127.0.0.1/13588] INFO  metrics.RatisMetrics (RatisMetrics.java:unregister(43)) - Unregistering Metrics Registry : ratis.log_worker.82f8c02a-15cf-48cc-925d-b57d5eaceec5@group-0FDBB20D8C0A
2021-01-11 12:57:44,861 [Listener at 127.0.0.1/13588] INFO  metrics.RatisMetrics (RatisMetrics.java:unregister(43)) - Unregistering Metrics Registry : ratis.leader_election.82f8c02a-15cf-48cc-925d-b57d5eaceec5@group-0FDBB20D8C0A
2021-01-11 12:57:44,862 [Listener at 127.0.0.1/13588] INFO  metrics.RatisMetrics (RatisMetrics.java:unregister(43)) - Unregistering Metrics Registry : ratis.server.82f8c02a-15cf-48cc-925d-b57d5eaceec5@group-0FDBB20D8C0A
2021-01-11 12:57:44,862 [Listener at 127.0.0.1/13588] INFO  server.RaftServer$Division (RaftServerImpl.java:lambda$close$4(405)) - 82f8c02a-15cf-48cc-925d-b57d5eaceec5@group-85286E2668C3: shutdown
2021-01-11 12:57:44,862 [Listener at 127.0.0.1/13588] INFO  util.JmxRegister (JmxRegister.java:unregister(73)) - Successfully un-registered JMX Bean with object name Ratis:service=RaftServer,group=group-85286E2668C3,id=82f8c02a-15cf-48cc-925d-b57d5eaceec5
2021-01-11 12:57:44,862 [Listener at 127.0.0.1/13588] INFO  impl.RoleInfo (RoleInfo.java:shutdownFollowerState(108)) - 82f8c02a-15cf-48cc-925d-b57d5eaceec5: shutdown 82f8c02a-15cf-48cc-925d-b57d5eaceec5@group-85286E2668C3-FollowerState
2021-01-11 12:57:44,862 [Thread-300] INFO  impl.FollowerState (FollowerState.java:run(142)) - 82f8c02a-15cf-48cc-925d-b57d5eaceec5@group-85286E2668C3-FollowerState was interrupted: {}
java.lang.InterruptedException: sleep interrupted
	at java.lang.Thread.sleep(Native Method)
	at java.lang.Thread.sleep(Thread.java:340)
	at java.util.concurrent.TimeUnit.sleep(TimeUnit.java:386)
	at org.apache.ratis.util.TimeDuration.sleep(TimeDuration.java:324)
	at org.apache.ratis.util.TimeDuration.sleep(TimeDuration.java:309)
	at org.apache.ratis.server.impl.FollowerState.run(FollowerState.java:117)
2021-01-11 12:57:44,862 [Listener at 127.0.0.1/13588] INFO  impl.StateMachineUpdater (StateMachineUpdater.java:stopAndJoin(148)) - 82f8c02a-15cf-48cc-925d-b57d5eaceec5@group-85286E2668C3-StateMachineUpdater: set stopIndex = 0
2021-01-11 12:57:44,863 [82f8c02a-15cf-48cc-925d-b57d5eaceec5@group-85286E2668C3-StateMachineUpdater] INFO  ratis.ContainerStateMachine (ContainerStateMachine.java:takeSnapshot(291)) - group-85286E2668C3: Taking a snapshot at:(t:1, i:0) file /github/workspace/mnt/ozone/hadoop-ozone/integration-test/target/test-dir/MiniOzoneClusterImpl-8fb96eea-81cb-44ec-9a2b-3e454d7fad19/datanode-2/data/ratis/67b15e51-f049-49ed-99ce-85286e2668c3/sm/snapshot.1_0
2021-01-11 12:57:44,864 [82f8c02a-15cf-48cc-925d-b57d5eaceec5@group-85286E2668C3-StateMachineUpdater] INFO  ratis.ContainerStateMachine (ContainerStateMachine.java:takeSnapshot(302)) - group-85286E2668C3: Finished taking a snapshot at:(t:1, i:0) file:/github/workspace/mnt/ozone/hadoop-ozone/integration-test/target/test-dir/MiniOzoneClusterImpl-8fb96eea-81cb-44ec-9a2b-3e454d7fad19/datanode-2/data/ratis/67b15e51-f049-49ed-99ce-85286e2668c3/sm/snapshot.1_0 took: 1 ms
2021-01-11 12:57:44,864 [82f8c02a-15cf-48cc-925d-b57d5eaceec5@group-85286E2668C3-StateMachineUpdater] INFO  impl.StateMachineUpdater (StateMachineUpdater.java:takeSnapshot(279)) - 82f8c02a-15cf-48cc-925d-b57d5eaceec5@group-85286E2668C3-StateMachineUpdater: Took a snapshot at index 0
2021-01-11 12:57:44,864 [82f8c02a-15cf-48cc-925d-b57d5eaceec5@group-85286E2668C3-StateMachineUpdater] INFO  impl.StateMachineUpdater (StateMachineUpdater.java:lambda$new$0(88)) - 82f8c02a-15cf-48cc-925d-b57d5eaceec5@group-85286E2668C3-StateMachineUpdater: snapshotIndex: updateIncreasingly -1 -> 0
2021-01-11 12:57:44,864 [82f8c02a-15cf-48cc-925d-b57d5eaceec5@group-85286E2668C3-StateMachineUpdater] INFO  metrics.RatisMetrics (RatisMetrics.java:unregister(43)) - Unregistering Metrics Registry : ratis.state_machine.82f8c02a-15cf-48cc-925d-b57d5eaceec5@group-85286E2668C3
2021-01-11 12:57:44,864 [Listener at 127.0.0.1/13588] INFO  server.RaftServer$Division (ServerState.java:close(400)) - 82f8c02a-15cf-48cc-925d-b57d5eaceec5@group-85286E2668C3: closes. applyIndex: 0
2021-01-11 12:57:44,865 [82f8c02a-15cf-48cc-925d-b57d5eaceec5@group-85286E2668C3-SegmentedRaftLogWorker] INFO  segmented.SegmentedRaftLogWorker (SegmentedRaftLogWorker.java:run(326)) - 82f8c02a-15cf-48cc-925d-b57d5eaceec5@group-85286E2668C3-SegmentedRaftLogWorker was interrupted, exiting. There are 0 tasks remaining in the queue.
2021-01-11 12:57:44,865 [Listener at 127.0.0.1/13588] INFO  segmented.SegmentedRaftLogWorker (SegmentedRaftLogWorker.java:close(236)) - 82f8c02a-15cf-48cc-925d-b57d5eaceec5@group-85286E2668C3-SegmentedRaftLogWorker close()
2021-01-11 12:57:44,865 [Listener at 127.0.0.1/13588] INFO  metrics.RatisMetrics (RatisMetrics.java:unregister(43)) - Unregistering Metrics Registry : ratis.log_worker.82f8c02a-15cf-48cc-925d-b57d5eaceec5@group-85286E2668C3
2021-01-11 12:57:44,866 [Listener at 127.0.0.1/13588] INFO  metrics.RatisMetrics (RatisMetrics.java:unregister(43)) - Unregistering Metrics Registry : ratis.leader_election.82f8c02a-15cf-48cc-925d-b57d5eaceec5@group-85286E2668C3
2021-01-11 12:57:44,866 [Listener at 127.0.0.1/13588] INFO  metrics.RatisMetrics (RatisMetrics.java:unregister(43)) - Unregistering Metrics Registry : ratis.server.82f8c02a-15cf-48cc-925d-b57d5eaceec5@group-85286E2668C3
2021-01-11 12:57:44,866 [Listener at 127.0.0.1/13588] INFO  server.GrpcService (GrpcService.java:closeImpl(183)) - 82f8c02a-15cf-48cc-925d-b57d5eaceec5: shutdown server with port 42755 now
2021-01-11 12:57:44,866 [Listener at 127.0.0.1/13588] INFO  server.GrpcService (GrpcService.java:closeImpl(192)) - 82f8c02a-15cf-48cc-925d-b57d5eaceec5: shutdown server with port 42755 successfully
2021-01-11 12:57:44,867 [org.apache.ratis.util.JvmPauseMonitor$$Lambda$305/1260124199@3587a206] INFO  util.JvmPauseMonitor (JvmPauseMonitor.java:run(109)) - JvmPauseMonitor-82f8c02a-15cf-48cc-925d-b57d5eaceec5: Stopped
2021-01-11 12:57:44,872 [Listener at 127.0.0.1/13588] INFO  utils.BackgroundService (BackgroundService.java:shutdown(132)) - Shutting down service BlockDeletingService
2021-01-11 12:57:44,874 [Listener at 127.0.0.1/13588] INFO  statemachine.DatanodeStateMachine (DatanodeStateMachine.java:stopDaemon(461)) - Ozone container server stopped.
2021-01-11 12:57:44,883 [Listener at 127.0.0.1/13588] INFO  handler.ContextHandler (ContextHandler.java:doStop(1154)) - Stopped o.e.j.w.WebAppContext@27333447{hddsDatanode,/,null,STOPPED}{jar:file:/home/user/.m2/repository/org/apache/hadoop/hadoop-hdds-container-service/1.1.0-SNAPSHOT/hadoop-hdds-container-service-1.1.0-SNAPSHOT.jar!/webapps/hddsDatanode}
2021-01-11 12:57:44,883 [Listener at 127.0.0.1/13588] INFO  server.AbstractConnector (AbstractConnector.java:doStop(381)) - Stopped ServerConnector@2ae11231{HTTP/1.1, (http/1.1)}{0.0.0.0:0}
2021-01-11 12:57:44,884 [Listener at 127.0.0.1/13588] INFO  server.session (HouseKeeper.java:stopScavenging(149)) - node0 Stopped scavenging
2021-01-11 12:57:44,884 [Listener at 127.0.0.1/13588] INFO  handler.ContextHandler (ContextHandler.java:doStop(1154)) - Stopped o.e.j.s.ServletContextHandler@14d48270{static,/static,jar:file:/home/user/.m2/repository/org/apache/hadoop/hadoop-hdds-container-service/1.1.0-SNAPSHOT/hadoop-hdds-container-service-1.1.0-SNAPSHOT.jar!/webapps/static,STOPPED}
2021-01-11 12:57:44,884 [Listener at 127.0.0.1/13588] INFO  handler.ContextHandler (ContextHandler.java:doStop(1154)) - Stopped o.e.j.s.ServletContextHandler@dbbb141{logs,/logs,file:///github/workspace/mnt/ozone/hadoop-ozone/integration-test/target/log,STOPPED}
2021-01-11 12:57:44,885 [Listener at 127.0.0.1/13588] INFO  ozone.MiniOzoneClusterImpl (MiniOzoneClusterImpl.java:stopSCM(478)) - Stopping the StorageContainerManager
2021-01-11 12:57:44,885 [Listener at 127.0.0.1/13588] INFO  server.StorageContainerManager (StorageContainerManager.java:stop(832)) - Stopping Replication Manager Service.
2021-01-11 12:57:44,885 [Listener at 127.0.0.1/13588] INFO  container.ReplicationManager (ReplicationManager.java:stop(227)) - Stopping Replication Monitor Thread.
2021-01-11 12:57:44,887 [Listener at 127.0.0.1/13588] INFO  server.StorageContainerManager (StorageContainerManager.java:stop(839)) - Stopping the Datanode Admin Monitor.
2021-01-11 12:57:44,887 [Listener at 127.0.0.1/13588] INFO  server.StorageContainerManager (StorageContainerManager.java:stop(846)) - Stopping Lease Manager of the command watchers
2021-01-11 12:57:44,887 [Listener at 127.0.0.1/13588] INFO  server.StorageContainerManager (StorageContainerManager.java:stop(853)) - Stopping datanode service RPC server
2021-01-11 12:57:44,887 [Listener at 127.0.0.1/13588] INFO  server.SCMDatanodeProtocolServer (SCMDatanodeProtocolServer.java:stop(369)) - Stopping the RPC server for DataNodes
2021-01-11 12:57:44,888 [Listener at 127.0.0.1/13588] INFO  ipc.Server (Server.java:stop(3359)) - Stopping server on 35021
2021-01-11 12:57:44,890 [IPC Server Responder] INFO  ipc.Server (Server.java:run(1465)) - Stopping IPC Server Responder
2021-01-11 12:57:44,890 [IPC Server listener on 0] INFO  ipc.Server (Server.java:run(1330)) - Stopping IPC Server listener on 0
2021-01-11 12:57:44,979 [SCM Heartbeat Processing Thread - 0] WARN  node.NodeStateManager (NodeStateManager.java:scheduleNextHealthCheck(688)) - Current Thread is interrupted, shutting down HB processing thread for Node Manager.
2021-01-11 12:57:44,979 [Listener at 127.0.0.1/13588] INFO  server.StorageContainerManager (StorageContainerManager.java:stop(861)) - Stopping block service RPC server
2021-01-11 12:57:44,979 [Listener at 127.0.0.1/13588] INFO  server.SCMBlockProtocolServer (SCMBlockProtocolServer.java:stop(159)) - Stopping the RPC server for Block Protocol
2021-01-11 12:57:44,979 [Listener at 127.0.0.1/13588] INFO  ipc.Server (Server.java:stop(3359)) - Stopping server on 45541
2021-01-11 12:57:44,980 [IPC Server listener on 0] INFO  ipc.Server (Server.java:run(1330)) - Stopping IPC Server listener on 0
2021-01-11 12:57:44,981 [IPC Server Responder] INFO  ipc.Server (Server.java:run(1465)) - Stopping IPC Server Responder
2021-01-11 12:57:44,982 [Listener at 127.0.0.1/13588] INFO  server.StorageContainerManager (StorageContainerManager.java:stop(868)) - Stopping the StorageContainerLocationProtocol RPC server
2021-01-11 12:57:44,982 [Listener at 127.0.0.1/13588] INFO  server.SCMClientProtocolServer (SCMClientProtocolServer.java:stop(168)) - Stopping the RPC server for Client Protocol
2021-01-11 12:57:44,982 [Listener at 127.0.0.1/13588] INFO  ipc.Server (Server.java:stop(3359)) - Stopping server on 42829
2021-01-11 12:57:44,983 [IPC Server listener on 0] INFO  ipc.Server (Server.java:run(1330)) - Stopping IPC Server listener on 0
2021-01-11 12:57:44,984 [Listener at 127.0.0.1/13588] INFO  server.StorageContainerManager (StorageContainerManager.java:stop(875)) - Stopping Storage Container Manager HTTP server.
2021-01-11 12:57:44,984 [IPC Server Responder] INFO  ipc.Server (Server.java:run(1465)) - Stopping IPC Server Responder
2021-01-11 12:57:44,985 [Listener at 127.0.0.1/13588] INFO  handler.ContextHandler (ContextHandler.java:doStop(1154)) - Stopped o.e.j.w.WebAppContext@131314b8{scm,/,null,STOPPED}{file:/github/workspace/mnt/ozone/hadoop-ozone/integration-test/target/test-classes/webapps/scm}
2021-01-11 12:57:44,985 [Listener at 127.0.0.1/13588] INFO  server.AbstractConnector (AbstractConnector.java:doStop(381)) - Stopped ServerConnector@44c11c7d{HTTP/1.1, (http/1.1)}{0.0.0.0:0}
2021-01-11 12:57:44,986 [Listener at 127.0.0.1/13588] INFO  server.session (HouseKeeper.java:stopScavenging(149)) - node0 Stopped scavenging
2021-01-11 12:57:44,986 [Listener at 127.0.0.1/13588] INFO  handler.ContextHandler (ContextHandler.java:doStop(1154)) - Stopped o.e.j.s.ServletContextHandler@6045c649{static,/static,file:///github/workspace/mnt/ozone/hadoop-ozone/integration-test/target/test-classes/webapps/static,STOPPED}
2021-01-11 12:57:44,986 [Listener at 127.0.0.1/13588] INFO  handler.ContextHandler (ContextHandler.java:doStop(1154)) - Stopped o.e.j.s.ServletContextHandler@5e867602{logs,/logs,file:///github/workspace/mnt/ozone/hadoop-ozone/integration-test/target/log,STOPPED}
2021-01-11 12:57:44,987 [Listener at 127.0.0.1/13588] INFO  server.StorageContainerManager (StorageContainerManager.java:stop(886)) - Stopping Block Manager Service.
2021-01-11 12:57:44,987 [Listener at 127.0.0.1/13588] INFO  utils.BackgroundService (BackgroundService.java:shutdown(132)) - Shutting down service SCMBlockDeletingService
2021-01-11 12:57:44,987 [Listener at 127.0.0.1/13588] INFO  utils.BackgroundService (BackgroundService.java:shutdown(132)) - Shutting down service SCMBlockDeletingService
2021-01-11 12:57:44,988 [Listener at 127.0.0.1/13588] INFO  server.StorageContainerManager (StorageContainerManager.java:stop(911)) - Stopping SCM Event Queue.
2021-01-11 12:57:44,992 [Listener at 127.0.0.1/13588] INFO  impl.MetricsSystemImpl (MetricsSystemImpl.java:stop(210)) - Stopping OzoneManager metrics system...
2021-01-11 12:57:44,997 [prometheus] INFO  impl.MetricsSinkAdapter (MetricsSinkAdapter.java:publishMetricsFromQueue(141)) - prometheus thread interrupted.
2021-01-11 12:57:44,997 [Listener at 127.0.0.1/13588] INFO  impl.MetricsSystemImpl (MetricsSystemImpl.java:stop(216)) - OzoneManager metrics system stopped.
]]></system-out>
  </testcase>
  <testcase name="testInstallOldCheckpointFailure" classname="org.apache.hadoop.ozone.om.TestOMRatisSnapshots" time="35.863"/>
  <testcase name="testInstallCorruptedCheckpointFailure" classname="org.apache.hadoop.ozone.om.TestOMRatisSnapshots" time="30.955"/>
</testsuite>