<?xml version="1.0" encoding="UTF-8"?>
<testsuite xmlns:xsi="http://www.w3.org/2001/XMLSchema-instance" xsi:noNamespaceSchemaLocation="https://maven.apache.org/surefire/maven-surefire-plugin/xsd/surefire-test-report.xsd" name="org.apache.hadoop.ozone.scm.TestSCMInstallSnapshotWithHA" time="167.012" tests="3" errors="1" skipped="0" failures="0">
  <properties>
    <property name="awt.toolkit" value="sun.awt.X11.XToolkit"/>
    <property name="file.encoding.pkg" value="sun.io"/>
    <property name="java.specification.version" value="1.8"/>
    <property name="sun.cpu.isalist" value=""/>
    <property name="sun.jnu.encoding" value="UTF-8"/>
    <property name="java.class.path" value="/home/runner/work/ozone/ozone/hadoop-ozone/integration-test/target/test-classes:/home/runner/work/ozone/ozone/hadoop-ozone/integration-test/target/classes:/home/runner/.m2/repository/org/apache/ozone/ozone-common/1.2.0-SNAPSHOT/ozone-common-1.2.0-SNAPSHOT.jar:/home/runner/.m2/repository/org/apache/commons/commons-compress/1.20/commons-compress-1.20.jar:/home/runner/.m2/repository/org/apache/ozone/hdds-common/1.2.0-SNAPSHOT/hdds-common-1.2.0-SNAPSHOT.jar:/home/runner/.m2/repository/org/apache/ozone/hdds-client/1.2.0-SNAPSHOT/hdds-client-1.2.0-SNAPSHOT.jar:/home/runner/.m2/repository/org/apache/ozone/ozone-interface-client/1.2.0-SNAPSHOT/ozone-interface-client-1.2.0-SNAPSHOT.jar:/home/runner/.m2/repository/org/apache/ozone/hdds-server-framework/1.2.0-SNAPSHOT/hdds-server-framework-1.2.0-SNAPSHOT.jar:/home/runner/.m2/repository/org/apache/ozone/hdds-interface-server/1.2.0-SNAPSHOT/hdds-interface-server-1.2.0-SNAPSHOT.jar:/home/runner/.m2/repository/org/eclipse/jetty/jetty-servlet/9.4.43.v20210629/jetty-servlet-9.4.43.v20210629.jar:/home/runner/.m2/repository/org/eclipse/jetty/jetty-security/9.4.43.v20210629/jetty-security-9.4.43.v20210629.jar:/home/runner/.m2/repository/org/rocksdb/rocksdbjni/6.20.3/rocksdbjni-6.20.3.jar:/home/runner/.m2/repository/io/prometheus/simpleclient_dropwizard/0.7.0/simpleclient_dropwizard-0.7.0.jar:/home/runner/.m2/repository/io/prometheus/simpleclient/0.7.0/simpleclient-0.7.0.jar:/home/runner/.m2/repository/io/prometheus/simpleclient_common/0.7.0/simpleclient_common-0.7.0.jar:/home/runner/.m2/repository/com/fasterxml/jackson/datatype/jackson-datatype-jsr310/2.12.1/jackson-datatype-jsr310-2.12.1.jar:/home/runner/.m2/repository/org/apache/ozone/hdds-test-utils/1.2.0-SNAPSHOT/hdds-test-utils-1.2.0-SNAPSHOT.jar:/home/runner/.m2/repository/com/google/guava/guava/30.1.1-jre/guava-30.1.1-jre.jar:/home/runner/.m2/repository/com/google/guava/failureaccess/1.0.1/failureaccess-1.0.1.jar:/home/runner/.m2/repository/com/google/guava/listenablefuture/9999.0-empty-to-avoid-conflict-with-guava/listenablefuture-9999.0-empty-to-avoid-conflict-with-guava.jar:/home/runner/.m2/repository/com/google/code/findbugs/jsr305/3.0.0/jsr305-3.0.0.jar:/home/runner/.m2/repository/org/checkerframework/checker-qual/3.8.0/checker-qual-3.8.0.jar:/home/runner/.m2/repository/com/google/errorprone/error_prone_annotations/2.2.0/error_prone_annotations-2.2.0.jar:/home/runner/.m2/repository/com/google/j2objc/j2objc-annotations/1.3/j2objc-annotations-1.3.jar:/home/runner/.m2/repository/commons-io/commons-io/2.8.0/commons-io-2.8.0.jar:/home/runner/.m2/repository/commons-logging/commons-logging/1.2/commons-logging-1.2.jar:/home/runner/.m2/repository/log4j/log4j/1.2.17/log4j-1.2.17.jar:/home/runner/.m2/repository/org/slf4j/slf4j-api/1.7.30/slf4j-api-1.7.30.jar:/home/runner/.m2/repository/org/apache/ozone/hdds-server-scm/1.2.0-SNAPSHOT/hdds-server-scm-1.2.0-SNAPSHOT.jar:/home/runner/.m2/repository/org/apache/ozone/hdds-container-service/1.2.0-SNAPSHOT/hdds-container-service-1.2.0-SNAPSHOT.jar:/home/runner/.m2/repository/org/apache/ozone/hdds-hadoop-dependency-server/1.2.0-SNAPSHOT/hdds-hadoop-dependency-server-1.2.0-SNAPSHOT.jar:/home/runner/.m2/repository/org/apache/hadoop/hadoop-hdfs/3.3.1/hadoop-hdfs-3.3.1.jar:/home/runner/.m2/repository/io/dropwizard/metrics/metrics-core/3.2.4/metrics-core-3.2.4.jar:/home/runner/.m2/repository/org/apache/hadoop/hadoop-hdfs-client/3.3.1/hadoop-hdfs-client-3.3.1.jar:/home/runner/.m2/repository/org/bouncycastle/bcprov-jdk15on/1.67/bcprov-jdk15on-1.67.jar:/home/runner/.m2/repository/com/google/protobuf/protobuf-java/2.5.0/protobuf-java-2.5.0.jar:/home/runner/.m2/repository/org/apache/ozone/ozone-manager/1.2.0-SNAPSHOT/ozone-manager-1.2.0-SNAPSHOT.jar:/home/runner/.m2/repository/org/aspectj/aspectjrt/1.8.9/aspectjrt-1.8.9.jar:/home/runner/.m2/repository/org/aspectj/aspectjweaver/1.8.9/aspectjweaver-1.8.9.jar:/home/runner/.m2/repository/org/apache/ozone/hdds-interface-client/1.2.0-SNAPSHOT/hdds-interface-client-1.2.0-SNAPSHOT.jar:/home/runner/.m2/repository/org/apache/hadoop/thirdparty/hadoop-shaded-protobuf_3_7/1.1.1/hadoop-shaded-protobuf_3_7-1.1.1.jar:/home/runner/.m2/repository/org/apache/ratis/ratis-thirdparty-misc/0.7.0/ratis-thirdparty-misc-0.7.0.jar:/home/runner/.m2/repository/org/apache/ozone/ozone-interface-storage/1.2.0-SNAPSHOT/ozone-interface-storage-1.2.0-SNAPSHOT.jar:/home/runner/.m2/repository/org/reflections/reflections/0.9.11/reflections-0.9.11.jar:/home/runner/.m2/repository/org/apache/hadoop/hadoop-minikdc/3.3.1/hadoop-minikdc-3.3.1.jar:/home/runner/.m2/repository/org/apache/kerby/kerb-simplekdc/1.0.1/kerb-simplekdc-1.0.1.jar:/home/runner/.m2/repository/org/apache/kerby/kerb-client/1.0.1/kerb-client-1.0.1.jar:/home/runner/.m2/repository/org/apache/kerby/kerby-config/1.0.1/kerby-config-1.0.1.jar:/home/runner/.m2/repository/org/apache/kerby/kerb-common/1.0.1/kerb-common-1.0.1.jar:/home/runner/.m2/repository/org/apache/kerby/kerb-crypto/1.0.1/kerb-crypto-1.0.1.jar:/home/runner/.m2/repository/org/apache/kerby/kerb-util/1.0.1/kerb-util-1.0.1.jar:/home/runner/.m2/repository/org/apache/kerby/token-provider/1.0.1/token-provider-1.0.1.jar:/home/runner/.m2/repository/org/apache/kerby/kerb-admin/1.0.1/kerb-admin-1.0.1.jar:/home/runner/.m2/repository/org/apache/kerby/kerb-server/1.0.1/kerb-server-1.0.1.jar:/home/runner/.m2/repository/org/apache/kerby/kerb-identity/1.0.1/kerb-identity-1.0.1.jar:/home/runner/.m2/repository/org/apache/kerby/kerby-xdr/1.0.1/kerby-xdr-1.0.1.jar:/home/runner/.m2/repository/org/slf4j/slf4j-log4j12/1.7.30/slf4j-log4j12-1.7.30.jar:/home/runner/.m2/repository/org/apache/ozone/ozone-s3gateway/1.2.0-SNAPSHOT/ozone-s3gateway-1.2.0-SNAPSHOT.jar:/home/runner/.m2/repository/org/javassist/javassist/3.21.0-GA/javassist-3.21.0-GA.jar:/home/runner/.m2/repository/org/jboss/weld/servlet/weld-servlet/2.4.7.Final/weld-servlet-2.4.7.Final.jar:/home/runner/.m2/repository/org/glassfish/jersey/containers/jersey-container-servlet-core/2.33/jersey-container-servlet-core-2.33.jar:/home/runner/.m2/repository/org/glassfish/hk2/external/jakarta.inject/2.6.1/jakarta.inject-2.6.1.jar:/home/runner/.m2/repository/org/glassfish/jersey/core/jersey-common/2.33/jersey-common-2.33.jar:/home/runner/.m2/repository/jakarta/ws/rs/jakarta.ws.rs-api/2.1.6/jakarta.ws.rs-api-2.1.6.jar:/home/runner/.m2/repository/org/glassfish/jersey/ext/cdi/jersey-cdi1x/2.33/jersey-cdi1x-2.33.jar:/home/runner/.m2/repository/org/glassfish/jersey/inject/jersey-hk2/2.33/jersey-hk2-2.33.jar:/home/runner/.m2/repository/org/glassfish/hk2/hk2-locator/2.6.1/hk2-locator-2.6.1.jar:/home/runner/.m2/repository/org/glassfish/jersey/media/jersey-media-jaxb/2.33/jersey-media-jaxb-2.33.jar:/home/runner/.m2/repository/org/glassfish/hk2/osgi-resource-locator/1.0.3/osgi-resource-locator-1.0.3.jar:/home/runner/.m2/repository/org/glassfish/hk2/hk2-api/2.5.0/hk2-api-2.5.0.jar:/home/runner/.m2/repository/org/glassfish/hk2/hk2-utils/2.5.0/hk2-utils-2.5.0.jar:/home/runner/.m2/repository/org/glassfish/hk2/external/aopalliance-repackaged/2.5.0/aopalliance-repackaged-2.5.0.jar:/home/runner/.m2/repository/com/fasterxml/jackson/dataformat/jackson-dataformat-xml/2.12.1/jackson-dataformat-xml-2.12.1.jar:/home/runner/.m2/repository/com/fasterxml/jackson/core/jackson-core/2.12.1/jackson-core-2.12.1.jar:/home/runner/.m2/repository/com/fasterxml/jackson/module/jackson-module-jaxb-annotations/2.12.1/jackson-module-jaxb-annotations-2.12.1.jar:/home/runner/.m2/repository/jakarta/xml/bind/jakarta.xml.bind-api/2.3.2/jakarta.xml.bind-api-2.3.2.jar:/home/runner/.m2/repository/org/codehaus/woodstox/stax2-api/3.1.4/stax2-api-3.1.4.jar:/home/runner/.m2/repository/com/fasterxml/woodstox/woodstox-core/5.0.3/woodstox-core-5.0.3.jar:/home/runner/.m2/repository/javax/enterprise/cdi-api/1.2/cdi-api-1.2.jar:/home/runner/.m2/repository/javax/el/javax.el-api/3.0.0/javax.el-api-3.0.0.jar:/home/runner/.m2/repository/javax/interceptor/javax.interceptor-api/1.2/javax.interceptor-api-1.2.jar:/home/runner/.m2/repository/javax/inject/javax.inject/1/javax.inject-1.jar:/home/runner/.m2/repository/javax/xml/bind/jaxb-api/2.3.0/jaxb-api-2.3.0.jar:/home/runner/.m2/repository/org/glassfish/jaxb/jaxb-runtime/2.3.0.1/jaxb-runtime-2.3.0.1.jar:/home/runner/.m2/repository/org/glassfish/jaxb/jaxb-core/2.3.0.1/jaxb-core-2.3.0.1.jar:/home/runner/.m2/repository/org/glassfish/jaxb/txw2/2.3.0.1/txw2-2.3.0.1.jar:/home/runner/.m2/repository/com/sun/istack/istack-commons-runtime/3.0.5/istack-commons-runtime-3.0.5.jar:/home/runner/.m2/repository/org/jvnet/staxex/stax-ex/1.7.8/stax-ex-1.7.8.jar:/home/runner/.m2/repository/com/sun/xml/fastinfoset/FastInfoset/1.2.13/FastInfoset-1.2.13.jar:/home/runner/.m2/repository/javax/activation/activation/1.1.1/activation-1.1.1.jar:/home/runner/.m2/repository/org/apache/ozone/ozone-csi/1.2.0-SNAPSHOT/ozone-csi-1.2.0-SNAPSHOT.jar:/home/runner/.m2/repository/com/google/protobuf/protobuf-java-util/3.12.0/protobuf-java-util-3.12.0.jar:/home/runner/.m2/repository/com/google/code/gson/gson/2.2.4/gson-2.2.4.jar:/home/runner/.m2/repository/org/apache/ozone/hdds-config/1.2.0-SNAPSHOT/hdds-config-1.2.0-SNAPSHOT.jar:/home/runner/.m2/repository/io/grpc/grpc-netty/1.33.0/grpc-netty-1.33.0.jar:/home/runner/.m2/repository/io/grpc/grpc-core/1.33.0/grpc-core-1.33.0.jar:/home/runner/.m2/repository/com/google/android/annotations/4.1.1.4/annotations-4.1.1.4.jar:/home/runner/.m2/repository/io/netty/netty-codec-http2/4.1.63.Final/netty-codec-http2-4.1.63.Final.jar:/home/runner/.m2/repository/io/netty/netty-codec-http/4.1.63.Final/netty-codec-http-4.1.63.Final.jar:/home/runner/.m2/repository/io/netty/netty-handler-proxy/4.1.63.Final/netty-handler-proxy-4.1.63.Final.jar:/home/runner/.m2/repository/io/netty/netty-codec-socks/4.1.63.Final/netty-codec-socks-4.1.63.Final.jar:/home/runner/.m2/repository/io/perfmark/perfmark-api/0.19.0/perfmark-api-0.19.0.jar:/home/runner/.m2/repository/org/codehaus/mojo/animal-sniffer-annotations/1.18/animal-sniffer-annotations-1.18.jar:/home/runner/.m2/repository/io/netty/netty-transport-native-epoll/4.1.63.Final/netty-transport-native-epoll-4.1.63.Final.jar:/home/runner/.m2/repository/io/netty/netty-common/4.1.63.Final/netty-common-4.1.63.Final.jar:/home/runner/.m2/repository/io/netty/netty-buffer/4.1.63.Final/netty-buffer-4.1.63.Final.jar:/home/runner/.m2/repository/io/netty/netty-transport-native-unix-common/4.1.63.Final/netty-transport-native-unix-common-4.1.63.Final.jar:/home/runner/.m2/repository/io/grpc/grpc-protobuf/1.33.0/grpc-protobuf-1.33.0.jar:/home/runner/.m2/repository/io/grpc/grpc-api/1.33.0/grpc-api-1.33.0.jar:/home/runner/.m2/repository/io/grpc/grpc-context/1.33.0/grpc-context-1.33.0.jar:/home/runner/.m2/repository/com/google/api/grpc/proto-google-common-protos/1.17.0/proto-google-common-protos-1.17.0.jar:/home/runner/.m2/repository/io/grpc/grpc-protobuf-lite/1.33.0/grpc-protobuf-lite-1.33.0.jar:/home/runner/.m2/repository/io/grpc/grpc-stub/1.33.0/grpc-stub-1.33.0.jar:/home/runner/.m2/repository/org/apache/ozone/ozone-recon/1.2.0-SNAPSHOT/ozone-recon-1.2.0-SNAPSHOT.jar:/home/runner/.m2/repository/org/apache/ozone/ozone-reconcodegen/1.2.0-SNAPSHOT/ozone-reconcodegen-1.2.0-SNAPSHOT.jar:/home/runner/.m2/repository/com/google/inject/extensions/guice-multibindings/4.0/guice-multibindings-4.0.jar:/home/runner/.m2/repository/com/google/inject/guice/4.0/guice-4.0.jar:/home/runner/.m2/repository/aopalliance/aopalliance/1.0/aopalliance-1.0.jar:/home/runner/.m2/repository/com/google/inject/extensions/guice-assistedinject/4.0/guice-assistedinject-4.0.jar:/home/runner/.m2/repository/com/google/inject/extensions/guice-servlet/4.0/guice-servlet-4.0.jar:/home/runner/.m2/repository/org/glassfish/jersey/containers/jersey-container-servlet/2.33/jersey-container-servlet-2.33.jar:/home/runner/.m2/repository/org/glassfish/hk2/guice-bridge/2.5.0/guice-bridge-2.5.0.jar:/home/runner/.m2/repository/org/glassfish/jersey/core/jersey-server/2.33/jersey-server-2.33.jar:/home/runner/.m2/repository/org/glassfish/jersey/core/jersey-client/2.33/jersey-client-2.33.jar:/home/runner/.m2/repository/jakarta/annotation/jakarta.annotation-api/1.3.5/jakarta.annotation-api-1.3.5.jar:/home/runner/.m2/repository/jakarta/validation/jakarta.validation-api/2.0.2/jakarta.validation-api-2.0.2.jar:/home/runner/.m2/repository/org/glassfish/jersey/media/jersey-media-json-jackson/2.33/jersey-media-json-jackson-2.33.jar:/home/runner/.m2/repository/org/glassfish/jersey/ext/jersey-entity-filtering/2.33/jersey-entity-filtering-2.33.jar:/home/runner/.m2/repository/org/jooq/jooq/3.11.10/jooq-3.11.10.jar:/home/runner/.m2/repository/org/jooq/jooq-meta/3.11.10/jooq-meta-3.11.10.jar:/home/runner/.m2/repository/org/jooq/jooq-codegen/3.11.10/jooq-codegen-3.11.10.jar:/home/runner/.m2/repository/com/jolbox/bonecp/0.8.0.RELEASE/bonecp-0.8.0.RELEASE.jar:/home/runner/.m2/repository/org/apache/derby/derby/10.14.2.0/derby-10.14.2.0.jar:/home/runner/.m2/repository/org/xerial/sqlite-jdbc/3.25.2/sqlite-jdbc-3.25.2.jar:/home/runner/.m2/repository/org/springframework/spring-jdbc/5.2.11.RELEASE/spring-jdbc-5.2.11.RELEASE.jar:/home/runner/.m2/repository/org/springframework/spring-beans/5.2.11.RELEASE/spring-beans-5.2.11.RELEASE.jar:/home/runner/.m2/repository/org/springframework/spring-core/5.2.11.RELEASE/spring-core-5.2.11.RELEASE.jar:/home/runner/.m2/repository/org/springframework/spring-jcl/5.2.11.RELEASE/spring-jcl-5.2.11.RELEASE.jar:/home/runner/.m2/repository/org/springframework/spring-tx/5.2.11.RELEASE/spring-tx-5.2.11.RELEASE.jar:/home/runner/.m2/repository/org/apache/ozone/ozone-client/1.2.0-SNAPSHOT/ozone-client-1.2.0-SNAPSHOT.jar:/home/runner/.m2/repository/org/apache/ozone/ozone-filesystem/1.2.0-SNAPSHOT/ozone-filesystem-1.2.0-SNAPSHOT.jar:/home/runner/.m2/repository/org/apache/ozone/ozone-filesystem-common/1.2.0-SNAPSHOT/ozone-filesystem-common-1.2.0-SNAPSHOT.jar:/home/runner/.m2/repository/org/apache/ozone/ozone-tools/1.2.0-SNAPSHOT/ozone-tools-1.2.0-SNAPSHOT.jar:/home/runner/.m2/repository/org/apache/ratis/ratis-tools/2.1.0-03f3b68-SNAPSHOT/ratis-tools-2.1.0-03f3b68-SNAPSHOT.jar:/home/runner/.m2/repository/org/apache/ratis/ratis-proto/2.1.0-03f3b68-SNAPSHOT/ratis-proto-2.1.0-03f3b68-SNAPSHOT.jar:/home/runner/.m2/repository/org/apache/ratis/ratis-common/2.1.0-03f3b68-SNAPSHOT/ratis-common-2.1.0-03f3b68-SNAPSHOT.jar:/home/runner/.m2/repository/com/amazonaws/aws-java-sdk-core/1.11.901/aws-java-sdk-core-1.11.901.jar:/home/runner/.m2/repository/org/apache/httpcomponents/httpclient/4.5.13/httpclient-4.5.13.jar:/home/runner/.m2/repository/org/apache/httpcomponents/httpcore/4.4.13/httpcore-4.4.13.jar:/home/runner/.m2/repository/software/amazon/ion/ion-java/1.0.2/ion-java-1.0.2.jar:/home/runner/.m2/repository/com/fasterxml/jackson/dataformat/jackson-dataformat-cbor/2.12.1/jackson-dataformat-cbor-2.12.1.jar:/home/runner/.m2/repository/joda-time/joda-time/2.8.1/joda-time-2.8.1.jar:/home/runner/.m2/repository/com/amazonaws/aws-java-sdk-s3/1.11.901/aws-java-sdk-s3-1.11.901.jar:/home/runner/.m2/repository/com/amazonaws/aws-java-sdk-kms/1.11.901/aws-java-sdk-kms-1.11.901.jar:/home/runner/.m2/repository/com/amazonaws/jmespath-java/1.11.901/jmespath-java-1.11.901.jar:/home/runner/.m2/repository/org/kohsuke/metainf-services/metainf-services/1.8/metainf-services-1.8.jar:/home/runner/.m2/repository/org/apache/ozone/hdds-tools/1.2.0-SNAPSHOT/hdds-tools-1.2.0-SNAPSHOT.jar:/home/runner/.m2/repository/commons-cli/commons-cli/1.2/commons-cli-1.2.jar:/home/runner/.m2/repository/org/apache/commons/commons-lang3/3.7/commons-lang3-3.7.jar:/home/runner/.m2/repository/org/apache/ozone/ozone-manager/1.2.0-SNAPSHOT/ozone-manager-1.2.0-SNAPSHOT-tests.jar:/home/runner/.m2/repository/org/apache/ozone/hdds-common/1.2.0-SNAPSHOT/hdds-common-1.2.0-SNAPSHOT-tests.jar:/home/runner/.m2/repository/org/apache/ozone/hdds-hadoop-dependency-client/1.2.0-SNAPSHOT/hdds-hadoop-dependency-client-1.2.0-SNAPSHOT.jar:/home/runner/.m2/repository/info/picocli/picocli/4.4.0/picocli-4.4.0.jar:/home/runner/.m2/repository/com/fasterxml/jackson/core/jackson-annotations/2.12.1/jackson-annotations-2.12.1.jar:/home/runner/.m2/repository/javax/annotation/javax.annotation-api/1.2/javax.annotation-api-1.2.jar:/home/runner/.m2/repository/org/apache/ratis/ratis-server/2.1.0-03f3b68-SNAPSHOT/ratis-server-2.1.0-03f3b68-SNAPSHOT.jar:/home/runner/.m2/repository/org/apache/ratis/ratis-client/2.1.0-03f3b68-SNAPSHOT/ratis-client-2.1.0-03f3b68-SNAPSHOT.jar:/home/runner/.m2/repository/org/apache/ratis/ratis-server-api/2.1.0-03f3b68-SNAPSHOT/ratis-server-api-2.1.0-03f3b68-SNAPSHOT.jar:/home/runner/.m2/repository/org/apache/ratis/ratis-metrics/2.1.0-03f3b68-SNAPSHOT/ratis-metrics-2.1.0-03f3b68-SNAPSHOT.jar:/home/runner/.m2/repository/org/apache/ratis/ratis-netty/2.1.0-03f3b68-SNAPSHOT/ratis-netty-2.1.0-03f3b68-SNAPSHOT.jar:/home/runner/.m2/repository/org/apache/ratis/ratis-grpc/2.1.0-03f3b68-SNAPSHOT/ratis-grpc-2.1.0-03f3b68-SNAPSHOT.jar:/home/runner/.m2/repository/org/apache/logging/log4j/log4j-api/2.13.3/log4j-api-2.13.3.jar:/home/runner/.m2/repository/org/apache/logging/log4j/log4j-core/2.13.3/log4j-core-2.13.3.jar:/home/runner/.m2/repository/com/lmax/disruptor/3.4.2/disruptor-3.4.2.jar:/home/runner/.m2/repository/org/apache/commons/commons-pool2/2.6.0/commons-pool2-2.6.0.jar:/home/runner/.m2/repository/org/bouncycastle/bcpkix-jdk15on/1.67/bcpkix-jdk15on-1.67.jar:/home/runner/.m2/repository/commons-validator/commons-validator/1.6/commons-validator-1.6.jar:/home/runner/.m2/repository/commons-beanutils/commons-beanutils/1.9.4/commons-beanutils-1.9.4.jar:/home/runner/.m2/repository/commons-digester/commons-digester/1.8.1/commons-digester-1.8.1.jar:/home/runner/.m2/repository/commons-collections/commons-collections/3.2.2/commons-collections-3.2.2.jar:/home/runner/.m2/repository/io/jaegertracing/jaeger-client/1.6.0/jaeger-client-1.6.0.jar:/home/runner/.m2/repository/io/jaegertracing/jaeger-thrift/1.6.0/jaeger-thrift-1.6.0.jar:/home/runner/.m2/repository/org/apache/thrift/libthrift/0.14.1/libthrift-0.14.1.jar:/home/runner/.m2/repository/com/squareup/okhttp3/okhttp/4.9.0/okhttp-4.9.0.jar:/home/runner/.m2/repository/com/squareup/okio/okio/2.8.0/okio-2.8.0.jar:/home/runner/.m2/repository/io/jaegertracing/jaeger-core/1.6.0/jaeger-core-1.6.0.jar:/home/runner/.m2/repository/io/jaegertracing/jaeger-tracerresolver/1.6.0/jaeger-tracerresolver-1.6.0.jar:/home/runner/.m2/repository/io/opentracing/contrib/opentracing-tracerresolver/0.1.8/opentracing-tracerresolver-0.1.8.jar:/home/runner/.m2/repository/org/jetbrains/kotlin/kotlin-stdlib/1.4.31/kotlin-stdlib-1.4.31.jar:/home/runner/.m2/repository/org/jetbrains/kotlin/kotlin-stdlib-common/1.4.31/kotlin-stdlib-common-1.4.31.jar:/home/runner/.m2/repository/org/jetbrains/annotations/13.0/annotations-13.0.jar:/home/runner/.m2/repository/io/opentracing/opentracing-util/0.33.0/opentracing-util-0.33.0.jar:/home/runner/.m2/repository/io/opentracing/opentracing-api/0.33.0/opentracing-api-0.33.0.jar:/home/runner/.m2/repository/io/opentracing/opentracing-noop/0.33.0/opentracing-noop-0.33.0.jar:/home/runner/.m2/repository/org/yaml/snakeyaml/1.26/snakeyaml-1.26.jar:/home/runner/.m2/repository/org/apache/ozone/hdds-interface-admin/1.2.0-SNAPSHOT/hdds-interface-admin-1.2.0-SNAPSHOT.jar:/home/runner/.m2/repository/junit/junit/4.13.1/junit-4.13.1.jar:/home/runner/.m2/repository/org/hamcrest/hamcrest-core/1.3/hamcrest-core-1.3.jar:/home/runner/.m2/repository/org/junit/jupiter/junit-jupiter-api/5.7.0/junit-jupiter-api-5.7.0.jar:/home/runner/.m2/repository/org/apiguardian/apiguardian-api/1.1.0/apiguardian-api-1.1.0.jar:/home/runner/.m2/repository/org/opentest4j/opentest4j/1.2.0/opentest4j-1.2.0.jar:/home/runner/.m2/repository/org/junit/platform/junit-platform-commons/1.7.0/junit-platform-commons-1.7.0.jar:/home/runner/.m2/repository/org/junit/jupiter/junit-jupiter-engine/5.7.0/junit-jupiter-engine-5.7.0.jar:/home/runner/.m2/repository/org/junit/platform/junit-platform-engine/1.7.0/junit-platform-engine-1.7.0.jar:/home/runner/.m2/repository/org/junit/vintage/junit-vintage-engine/5.7.0/junit-vintage-engine-5.7.0.jar:/home/runner/.m2/repository/org/junit/platform/junit-platform-launcher/1.7.0/junit-platform-launcher-1.7.0.jar:/home/runner/.m2/repository/org/openjdk/jmh/jmh-core/1.19/jmh-core-1.19.jar:/home/runner/.m2/repository/net/sf/jopt-simple/jopt-simple/4.6/jopt-simple-4.6.jar:/home/runner/.m2/repository/org/apache/commons/commons-math3/3.1.1/commons-math3-3.1.1.jar:/home/runner/.m2/repository/org/openjdk/jmh/jmh-generator-annprocess/1.19/jmh-generator-annprocess-1.19.jar:/home/runner/.m2/repository/org/mockito/mockito-core/2.28.2/mockito-core-2.28.2.jar:/home/runner/.m2/repository/net/bytebuddy/byte-buddy/1.9.10/byte-buddy-1.9.10.jar:/home/runner/.m2/repository/net/bytebuddy/byte-buddy-agent/1.9.10/byte-buddy-agent-1.9.10.jar:/home/runner/.m2/repository/org/objenesis/objenesis/1.0/objenesis-1.0.jar:/home/runner/.m2/repository/org/apache/hadoop/hadoop-kms/3.3.1/hadoop-kms-3.3.1.jar:/home/runner/.m2/repository/org/apache/hadoop/hadoop-auth/3.3.1/hadoop-auth-3.3.1.jar:/home/runner/.m2/repository/com/nimbusds/nimbus-jose-jwt/7.9/nimbus-jose-jwt-7.9.jar:/home/runner/.m2/repository/com/github/stephenc/jcip/jcip-annotations/1.0-1/jcip-annotations-1.0-1.jar:/home/runner/.m2/repository/net/minidev/json-smart/2.3/json-smart-2.3.jar:/home/runner/.m2/repository/net/minidev/accessors-smart/1.2/accessors-smart-1.2.jar:/home/runner/.m2/repository/org/ow2/asm/asm/5.0.4/asm-5.0.4.jar:/home/runner/.m2/repository/org/apache/zookeeper/zookeeper/3.5.6/zookeeper-3.5.6.jar:/home/runner/.m2/repository/org/apache/zookeeper/zookeeper-jute/3.5.6/zookeeper-jute-3.5.6.jar:/home/runner/.m2/repository/org/apache/yetus/audience-annotations/0.5.0/audience-annotations-0.5.0.jar:/home/runner/.m2/repository/org/apache/curator/curator-framework/4.2.0/curator-framework-4.2.0.jar:/home/runner/.m2/repository/org/apache/hadoop/thirdparty/hadoop-shaded-guava/1.1.1/hadoop-shaded-guava-1.1.1.jar:/home/runner/.m2/repository/com/sun/jersey/jersey-core/1.19/jersey-core-1.19.jar:/home/runner/.m2/repository/javax/ws/rs/jsr311-api/1.1.1/jsr311-api-1.1.1.jar:/home/runner/.m2/repository/com/sun/jersey/jersey-server/1.19/jersey-server-1.19.jar:/home/runner/.m2/repository/javax/servlet/javax.servlet-api/3.1.0/javax.servlet-api-3.1.0.jar:/home/runner/.m2/repository/org/eclipse/jetty/jetty-server/9.4.43.v20210629/jetty-server-9.4.43.v20210629.jar:/home/runner/.m2/repository/org/eclipse/jetty/jetty-http/9.4.43.v20210629/jetty-http-9.4.43.v20210629.jar:/home/runner/.m2/repository/org/eclipse/jetty/jetty-io/9.4.43.v20210629/jetty-io-9.4.43.v20210629.jar:/home/runner/.m2/repository/org/eclipse/jetty/jetty-webapp/9.4.43.v20210629/jetty-webapp-9.4.43.v20210629.jar:/home/runner/.m2/repository/org/eclipse/jetty/jetty-xml/9.4.43.v20210629/jetty-xml-9.4.43.v20210629.jar:/home/runner/.m2/repository/org/apache/hadoop/hadoop-common/3.3.1/hadoop-common-3.3.1.jar:/home/runner/.m2/repository/commons-net/commons-net/3.6/commons-net-3.6.jar:/home/runner/.m2/repository/jakarta/activation/jakarta.activation-api/1.2.1/jakarta.activation-api-1.2.1.jar:/home/runner/.m2/repository/com/sun/jersey/jersey-servlet/1.19/jersey-servlet-1.19.jar:/home/runner/.m2/repository/com/sun/jersey/jersey-json/1.19/jersey-json-1.19.jar:/home/runner/.m2/repository/org/codehaus/jettison/jettison/1.1/jettison-1.1.jar:/home/runner/.m2/repository/com/sun/xml/bind/jaxb-impl/2.2.3-1/jaxb-impl-2.2.3-1.jar:/home/runner/.m2/repository/org/codehaus/jackson/jackson-jaxrs/1.9.2/jackson-jaxrs-1.9.2.jar:/home/runner/.m2/repository/org/codehaus/jackson/jackson-xc/1.9.2/jackson-xc-1.9.2.jar:/home/runner/.m2/repository/org/apache/commons/commons-configuration2/2.1.1/commons-configuration2-2.1.1.jar:/home/runner/.m2/repository/org/apache/commons/commons-text/1.4/commons-text-1.4.jar:/home/runner/.m2/repository/com/google/re2j/re2j/1.1/re2j-1.1.jar:/home/runner/.m2/repository/com/jcraft/jsch/0.1.54/jsch-0.1.54.jar:/home/runner/.m2/repository/org/apache/curator/curator-client/4.2.0/curator-client-4.2.0.jar:/home/runner/.m2/repository/org/apache/curator/curator-recipes/4.2.0/curator-recipes-4.2.0.jar:/home/runner/.m2/repository/org/apache/kerby/kerb-core/1.0.1/kerb-core-1.0.1.jar:/home/runner/.m2/repository/org/apache/kerby/kerby-pkix/1.0.1/kerby-pkix-1.0.1.jar:/home/runner/.m2/repository/org/apache/kerby/kerby-asn1/1.0.1/kerby-asn1-1.0.1.jar:/home/runner/.m2/repository/org/apache/kerby/kerby-util/1.0.1/kerby-util-1.0.1.jar:/home/runner/.m2/repository/dnsjava/dnsjava/2.1.7/dnsjava-2.1.7.jar:/home/runner/.m2/repository/org/xerial/snappy/snappy-java/1.1.8.2/snappy-java-1.1.8.2.jar:/home/runner/.m2/repository/org/slf4j/jul-to-slf4j/1.7.30/jul-to-slf4j-1.7.30.jar:/home/runner/.m2/repository/org/eclipse/jetty/jetty-util/9.4.43.v20210629/jetty-util-9.4.43.v20210629.jar:/home/runner/.m2/repository/com/fasterxml/jackson/core/jackson-databind/2.12.1/jackson-databind-2.12.1.jar:/home/runner/.m2/repository/org/apache/hadoop/hadoop-kms/3.3.1/hadoop-kms-3.3.1-tests.jar:/home/runner/.m2/repository/org/apache/ozone/hdds-server-scm/1.2.0-SNAPSHOT/hdds-server-scm-1.2.0-SNAPSHOT-tests.jar:/home/runner/.m2/repository/org/apache/ozone/hdds-container-service/1.2.0-SNAPSHOT/hdds-container-service-1.2.0-SNAPSHOT-tests.jar:/home/runner/.m2/repository/commons-codec/commons-codec/1.11/commons-codec-1.11.jar:/home/runner/.m2/repository/io/netty/netty-transport/4.1.63.Final/netty-transport-4.1.63.Final.jar:/home/runner/.m2/repository/io/netty/netty-resolver/4.1.63.Final/netty-resolver-4.1.63.Final.jar:/home/runner/.m2/repository/io/netty/netty-codec/4.1.63.Final/netty-codec-4.1.63.Final.jar:/home/runner/.m2/repository/io/netty/netty-handler/4.1.63.Final/netty-handler-4.1.63.Final.jar:/home/runner/.m2/repository/org/apache/ozone/hdds-hadoop-dependency-test/1.2.0-SNAPSHOT/hdds-hadoop-dependency-test-1.2.0-SNAPSHOT.jar:/home/runner/.m2/repository/org/apache/hadoop/hadoop-common/3.3.1/hadoop-common-3.3.1-tests.jar:/home/runner/.m2/repository/org/assertj/assertj-core/3.12.2/assertj-core-3.12.2.jar:/home/runner/.m2/repository/org/apache/hadoop/hadoop-hdfs/3.3.1/hadoop-hdfs-3.3.1-tests.jar:/home/runner/.m2/repository/org/eclipse/jetty/jetty-util-ajax/9.4.43.v20210629/jetty-util-ajax-9.4.43.v20210629.jar:/home/runner/.m2/repository/commons-daemon/commons-daemon/1.0.13/commons-daemon-1.0.13.jar:/home/runner/.m2/repository/io/netty/netty/3.10.6.Final/netty-3.10.6.Final.jar:/home/runner/.m2/repository/io/netty/netty-all/4.1.63.Final/netty-all-4.1.63.Final.jar:/home/runner/.m2/repository/org/apache/htrace/htrace-core4/4.1.0-incubating/htrace-core4-4.1.0-incubating.jar:/home/runner/.m2/repository/org/fusesource/leveldbjni/leveldbjni-all/1.8/leveldbjni-all-1.8.jar:/home/runner/.m2/repository/org/apache/hadoop/hadoop-distcp/3.3.1/hadoop-distcp-3.3.1.jar:/home/runner/.m2/repository/org/apache/hadoop/hadoop-mapreduce-client-jobclient/3.3.1/hadoop-mapreduce-client-jobclient-3.3.1.jar:/home/runner/.m2/repository/org/apache/hadoop/hadoop-mapreduce-client-common/3.3.1/hadoop-mapreduce-client-common-3.3.1.jar:/home/runner/.m2/repository/org/apache/hadoop/hadoop-yarn-common/3.3.1/hadoop-yarn-common-3.3.1.jar:/home/runner/.m2/repository/org/apache/hadoop/hadoop-yarn-api/3.3.1/hadoop-yarn-api-3.3.1.jar:/home/runner/.m2/repository/com/sun/jersey/jersey-client/1.19/jersey-client-1.19.jar:/home/runner/.m2/repository/com/sun/jersey/contribs/jersey-guice/1.19/jersey-guice-1.19.jar:/home/runner/.m2/repository/com/fasterxml/jackson/jaxrs/jackson-jaxrs-json-provider/2.12.1/jackson-jaxrs-json-provider-2.12.1.jar:/home/runner/.m2/repository/com/fasterxml/jackson/jaxrs/jackson-jaxrs-base/2.12.1/jackson-jaxrs-base-2.12.1.jar:/home/runner/.m2/repository/org/apache/hadoop/hadoop-yarn-client/3.3.1/hadoop-yarn-client-3.3.1.jar:/home/runner/.m2/repository/org/eclipse/jetty/websocket/websocket-client/9.4.40.v20210413/websocket-client-9.4.40.v20210413.jar:/home/runner/.m2/repository/org/eclipse/jetty/jetty-client/9.4.40.v20210413/jetty-client-9.4.40.v20210413.jar:/home/runner/.m2/repository/org/eclipse/jetty/websocket/websocket-common/9.4.40.v20210413/websocket-common-9.4.40.v20210413.jar:/home/runner/.m2/repository/org/eclipse/jetty/websocket/websocket-api/9.4.40.v20210413/websocket-api-9.4.40.v20210413.jar:/home/runner/.m2/repository/org/jline/jline/3.9.0/jline-3.9.0.jar:/home/runner/.m2/repository/org/apache/hadoop/hadoop-mapreduce-client-core/3.3.1/hadoop-mapreduce-client-core-3.3.1.jar:/home/runner/.m2/repository/org/apache/avro/avro/1.7.7/avro-1.7.7.jar:/home/runner/.m2/repository/org/codehaus/jackson/jackson-core-asl/1.9.13/jackson-core-asl-1.9.13.jar:/home/runner/.m2/repository/org/codehaus/jackson/jackson-mapper-asl/1.9.13/jackson-mapper-asl-1.9.13.jar:/home/runner/.m2/repository/com/thoughtworks/paranamer/paranamer/2.3/paranamer-2.3.jar:/home/runner/.m2/repository/org/apache/hadoop/hadoop-annotations/3.3.1/hadoop-annotations-3.3.1.jar:/usr/lib/jvm/adoptopenjdk-8-hotspot-amd64/jre/../lib/tools.jar:/home/runner/.m2/repository/org/apache/hadoop/hadoop-distcp/3.3.1/hadoop-distcp-3.3.1-tests.jar:"/>
    <property name="java.vm.vendor" value="AdoptOpenJDK"/>
    <property name="sun.arch.data.model" value="64"/>
    <property name="test.build.dir" value="/home/runner/work/ozone/ozone/hadoop-ozone/integration-test/target/test-dir"/>
    <property name="test.cache.data" value=""/>
    <property name="java.vendor.url" value="https://adoptopenjdk.net/"/>
    <property name="user.timezone" value=""/>
    <property name="java.vm.specification.version" value="1.8"/>
    <property name="os.name" value="Linux"/>
    <property name="test.build.data" value="/home/runner/work/ozone/ozone/hadoop-ozone/integration-test/target/test-dir"/>
    <property name="sun.java.launcher" value="SUN_STANDARD"/>
    <property name="sun.boot.library.path" value="/usr/lib/jvm/adoptopenjdk-8-hotspot-amd64/jre/lib/amd64"/>
    <property name="sun.java.command" value="/home/runner/work/ozone/ozone/hadoop-ozone/integration-test/target/surefire/surefirebooter6240215562385118323.jar /home/runner/work/ozone/ozone/hadoop-ozone/integration-test/target/surefire 2021-08-16T11-18-50_485-jvmRun1 surefire5806479047510205134tmp surefire_785097892932921067636tmp"/>
    <property name="surefire.test.class.path" value="/home/runner/work/ozone/ozone/hadoop-ozone/integration-test/target/test-classes:/home/runner/work/ozone/ozone/hadoop-ozone/integration-test/target/classes:/home/runner/.m2/repository/org/apache/ozone/ozone-common/1.2.0-SNAPSHOT/ozone-common-1.2.0-SNAPSHOT.jar:/home/runner/.m2/repository/org/apache/commons/commons-compress/1.20/commons-compress-1.20.jar:/home/runner/.m2/repository/org/apache/ozone/hdds-common/1.2.0-SNAPSHOT/hdds-common-1.2.0-SNAPSHOT.jar:/home/runner/.m2/repository/org/apache/ozone/hdds-client/1.2.0-SNAPSHOT/hdds-client-1.2.0-SNAPSHOT.jar:/home/runner/.m2/repository/org/apache/ozone/ozone-interface-client/1.2.0-SNAPSHOT/ozone-interface-client-1.2.0-SNAPSHOT.jar:/home/runner/.m2/repository/org/apache/ozone/hdds-server-framework/1.2.0-SNAPSHOT/hdds-server-framework-1.2.0-SNAPSHOT.jar:/home/runner/.m2/repository/org/apache/ozone/hdds-interface-server/1.2.0-SNAPSHOT/hdds-interface-server-1.2.0-SNAPSHOT.jar:/home/runner/.m2/repository/org/eclipse/jetty/jetty-servlet/9.4.43.v20210629/jetty-servlet-9.4.43.v20210629.jar:/home/runner/.m2/repository/org/eclipse/jetty/jetty-security/9.4.43.v20210629/jetty-security-9.4.43.v20210629.jar:/home/runner/.m2/repository/org/rocksdb/rocksdbjni/6.20.3/rocksdbjni-6.20.3.jar:/home/runner/.m2/repository/io/prometheus/simpleclient_dropwizard/0.7.0/simpleclient_dropwizard-0.7.0.jar:/home/runner/.m2/repository/io/prometheus/simpleclient/0.7.0/simpleclient-0.7.0.jar:/home/runner/.m2/repository/io/prometheus/simpleclient_common/0.7.0/simpleclient_common-0.7.0.jar:/home/runner/.m2/repository/com/fasterxml/jackson/datatype/jackson-datatype-jsr310/2.12.1/jackson-datatype-jsr310-2.12.1.jar:/home/runner/.m2/repository/org/apache/ozone/hdds-test-utils/1.2.0-SNAPSHOT/hdds-test-utils-1.2.0-SNAPSHOT.jar:/home/runner/.m2/repository/com/google/guava/guava/30.1.1-jre/guava-30.1.1-jre.jar:/home/runner/.m2/repository/com/google/guava/failureaccess/1.0.1/failureaccess-1.0.1.jar:/home/runner/.m2/repository/com/google/guava/listenablefuture/9999.0-empty-to-avoid-conflict-with-guava/listenablefuture-9999.0-empty-to-avoid-conflict-with-guava.jar:/home/runner/.m2/repository/com/google/code/findbugs/jsr305/3.0.0/jsr305-3.0.0.jar:/home/runner/.m2/repository/org/checkerframework/checker-qual/3.8.0/checker-qual-3.8.0.jar:/home/runner/.m2/repository/com/google/errorprone/error_prone_annotations/2.2.0/error_prone_annotations-2.2.0.jar:/home/runner/.m2/repository/com/google/j2objc/j2objc-annotations/1.3/j2objc-annotations-1.3.jar:/home/runner/.m2/repository/commons-io/commons-io/2.8.0/commons-io-2.8.0.jar:/home/runner/.m2/repository/commons-logging/commons-logging/1.2/commons-logging-1.2.jar:/home/runner/.m2/repository/log4j/log4j/1.2.17/log4j-1.2.17.jar:/home/runner/.m2/repository/org/slf4j/slf4j-api/1.7.30/slf4j-api-1.7.30.jar:/home/runner/.m2/repository/org/apache/ozone/hdds-server-scm/1.2.0-SNAPSHOT/hdds-server-scm-1.2.0-SNAPSHOT.jar:/home/runner/.m2/repository/org/apache/ozone/hdds-container-service/1.2.0-SNAPSHOT/hdds-container-service-1.2.0-SNAPSHOT.jar:/home/runner/.m2/repository/org/apache/ozone/hdds-hadoop-dependency-server/1.2.0-SNAPSHOT/hdds-hadoop-dependency-server-1.2.0-SNAPSHOT.jar:/home/runner/.m2/repository/org/apache/hadoop/hadoop-hdfs/3.3.1/hadoop-hdfs-3.3.1.jar:/home/runner/.m2/repository/io/dropwizard/metrics/metrics-core/3.2.4/metrics-core-3.2.4.jar:/home/runner/.m2/repository/org/apache/hadoop/hadoop-hdfs-client/3.3.1/hadoop-hdfs-client-3.3.1.jar:/home/runner/.m2/repository/org/bouncycastle/bcprov-jdk15on/1.67/bcprov-jdk15on-1.67.jar:/home/runner/.m2/repository/com/google/protobuf/protobuf-java/2.5.0/protobuf-java-2.5.0.jar:/home/runner/.m2/repository/org/apache/ozone/ozone-manager/1.2.0-SNAPSHOT/ozone-manager-1.2.0-SNAPSHOT.jar:/home/runner/.m2/repository/org/aspectj/aspectjrt/1.8.9/aspectjrt-1.8.9.jar:/home/runner/.m2/repository/org/aspectj/aspectjweaver/1.8.9/aspectjweaver-1.8.9.jar:/home/runner/.m2/repository/org/apache/ozone/hdds-interface-client/1.2.0-SNAPSHOT/hdds-interface-client-1.2.0-SNAPSHOT.jar:/home/runner/.m2/repository/org/apache/hadoop/thirdparty/hadoop-shaded-protobuf_3_7/1.1.1/hadoop-shaded-protobuf_3_7-1.1.1.jar:/home/runner/.m2/repository/org/apache/ratis/ratis-thirdparty-misc/0.7.0/ratis-thirdparty-misc-0.7.0.jar:/home/runner/.m2/repository/org/apache/ozone/ozone-interface-storage/1.2.0-SNAPSHOT/ozone-interface-storage-1.2.0-SNAPSHOT.jar:/home/runner/.m2/repository/org/reflections/reflections/0.9.11/reflections-0.9.11.jar:/home/runner/.m2/repository/org/apache/hadoop/hadoop-minikdc/3.3.1/hadoop-minikdc-3.3.1.jar:/home/runner/.m2/repository/org/apache/kerby/kerb-simplekdc/1.0.1/kerb-simplekdc-1.0.1.jar:/home/runner/.m2/repository/org/apache/kerby/kerb-client/1.0.1/kerb-client-1.0.1.jar:/home/runner/.m2/repository/org/apache/kerby/kerby-config/1.0.1/kerby-config-1.0.1.jar:/home/runner/.m2/repository/org/apache/kerby/kerb-common/1.0.1/kerb-common-1.0.1.jar:/home/runner/.m2/repository/org/apache/kerby/kerb-crypto/1.0.1/kerb-crypto-1.0.1.jar:/home/runner/.m2/repository/org/apache/kerby/kerb-util/1.0.1/kerb-util-1.0.1.jar:/home/runner/.m2/repository/org/apache/kerby/token-provider/1.0.1/token-provider-1.0.1.jar:/home/runner/.m2/repository/org/apache/kerby/kerb-admin/1.0.1/kerb-admin-1.0.1.jar:/home/runner/.m2/repository/org/apache/kerby/kerb-server/1.0.1/kerb-server-1.0.1.jar:/home/runner/.m2/repository/org/apache/kerby/kerb-identity/1.0.1/kerb-identity-1.0.1.jar:/home/runner/.m2/repository/org/apache/kerby/kerby-xdr/1.0.1/kerby-xdr-1.0.1.jar:/home/runner/.m2/repository/org/slf4j/slf4j-log4j12/1.7.30/slf4j-log4j12-1.7.30.jar:/home/runner/.m2/repository/org/apache/ozone/ozone-s3gateway/1.2.0-SNAPSHOT/ozone-s3gateway-1.2.0-SNAPSHOT.jar:/home/runner/.m2/repository/org/javassist/javassist/3.21.0-GA/javassist-3.21.0-GA.jar:/home/runner/.m2/repository/org/jboss/weld/servlet/weld-servlet/2.4.7.Final/weld-servlet-2.4.7.Final.jar:/home/runner/.m2/repository/org/glassfish/jersey/containers/jersey-container-servlet-core/2.33/jersey-container-servlet-core-2.33.jar:/home/runner/.m2/repository/org/glassfish/hk2/external/jakarta.inject/2.6.1/jakarta.inject-2.6.1.jar:/home/runner/.m2/repository/org/glassfish/jersey/core/jersey-common/2.33/jersey-common-2.33.jar:/home/runner/.m2/repository/jakarta/ws/rs/jakarta.ws.rs-api/2.1.6/jakarta.ws.rs-api-2.1.6.jar:/home/runner/.m2/repository/org/glassfish/jersey/ext/cdi/jersey-cdi1x/2.33/jersey-cdi1x-2.33.jar:/home/runner/.m2/repository/org/glassfish/jersey/inject/jersey-hk2/2.33/jersey-hk2-2.33.jar:/home/runner/.m2/repository/org/glassfish/hk2/hk2-locator/2.6.1/hk2-locator-2.6.1.jar:/home/runner/.m2/repository/org/glassfish/jersey/media/jersey-media-jaxb/2.33/jersey-media-jaxb-2.33.jar:/home/runner/.m2/repository/org/glassfish/hk2/osgi-resource-locator/1.0.3/osgi-resource-locator-1.0.3.jar:/home/runner/.m2/repository/org/glassfish/hk2/hk2-api/2.5.0/hk2-api-2.5.0.jar:/home/runner/.m2/repository/org/glassfish/hk2/hk2-utils/2.5.0/hk2-utils-2.5.0.jar:/home/runner/.m2/repository/org/glassfish/hk2/external/aopalliance-repackaged/2.5.0/aopalliance-repackaged-2.5.0.jar:/home/runner/.m2/repository/com/fasterxml/jackson/dataformat/jackson-dataformat-xml/2.12.1/jackson-dataformat-xml-2.12.1.jar:/home/runner/.m2/repository/com/fasterxml/jackson/core/jackson-core/2.12.1/jackson-core-2.12.1.jar:/home/runner/.m2/repository/com/fasterxml/jackson/module/jackson-module-jaxb-annotations/2.12.1/jackson-module-jaxb-annotations-2.12.1.jar:/home/runner/.m2/repository/jakarta/xml/bind/jakarta.xml.bind-api/2.3.2/jakarta.xml.bind-api-2.3.2.jar:/home/runner/.m2/repository/org/codehaus/woodstox/stax2-api/3.1.4/stax2-api-3.1.4.jar:/home/runner/.m2/repository/com/fasterxml/woodstox/woodstox-core/5.0.3/woodstox-core-5.0.3.jar:/home/runner/.m2/repository/javax/enterprise/cdi-api/1.2/cdi-api-1.2.jar:/home/runner/.m2/repository/javax/el/javax.el-api/3.0.0/javax.el-api-3.0.0.jar:/home/runner/.m2/repository/javax/interceptor/javax.interceptor-api/1.2/javax.interceptor-api-1.2.jar:/home/runner/.m2/repository/javax/inject/javax.inject/1/javax.inject-1.jar:/home/runner/.m2/repository/javax/xml/bind/jaxb-api/2.3.0/jaxb-api-2.3.0.jar:/home/runner/.m2/repository/org/glassfish/jaxb/jaxb-runtime/2.3.0.1/jaxb-runtime-2.3.0.1.jar:/home/runner/.m2/repository/org/glassfish/jaxb/jaxb-core/2.3.0.1/jaxb-core-2.3.0.1.jar:/home/runner/.m2/repository/org/glassfish/jaxb/txw2/2.3.0.1/txw2-2.3.0.1.jar:/home/runner/.m2/repository/com/sun/istack/istack-commons-runtime/3.0.5/istack-commons-runtime-3.0.5.jar:/home/runner/.m2/repository/org/jvnet/staxex/stax-ex/1.7.8/stax-ex-1.7.8.jar:/home/runner/.m2/repository/com/sun/xml/fastinfoset/FastInfoset/1.2.13/FastInfoset-1.2.13.jar:/home/runner/.m2/repository/javax/activation/activation/1.1.1/activation-1.1.1.jar:/home/runner/.m2/repository/org/apache/ozone/ozone-csi/1.2.0-SNAPSHOT/ozone-csi-1.2.0-SNAPSHOT.jar:/home/runner/.m2/repository/com/google/protobuf/protobuf-java-util/3.12.0/protobuf-java-util-3.12.0.jar:/home/runner/.m2/repository/com/google/code/gson/gson/2.2.4/gson-2.2.4.jar:/home/runner/.m2/repository/org/apache/ozone/hdds-config/1.2.0-SNAPSHOT/hdds-config-1.2.0-SNAPSHOT.jar:/home/runner/.m2/repository/io/grpc/grpc-netty/1.33.0/grpc-netty-1.33.0.jar:/home/runner/.m2/repository/io/grpc/grpc-core/1.33.0/grpc-core-1.33.0.jar:/home/runner/.m2/repository/com/google/android/annotations/4.1.1.4/annotations-4.1.1.4.jar:/home/runner/.m2/repository/io/netty/netty-codec-http2/4.1.63.Final/netty-codec-http2-4.1.63.Final.jar:/home/runner/.m2/repository/io/netty/netty-codec-http/4.1.63.Final/netty-codec-http-4.1.63.Final.jar:/home/runner/.m2/repository/io/netty/netty-handler-proxy/4.1.63.Final/netty-handler-proxy-4.1.63.Final.jar:/home/runner/.m2/repository/io/netty/netty-codec-socks/4.1.63.Final/netty-codec-socks-4.1.63.Final.jar:/home/runner/.m2/repository/io/perfmark/perfmark-api/0.19.0/perfmark-api-0.19.0.jar:/home/runner/.m2/repository/org/codehaus/mojo/animal-sniffer-annotations/1.18/animal-sniffer-annotations-1.18.jar:/home/runner/.m2/repository/io/netty/netty-transport-native-epoll/4.1.63.Final/netty-transport-native-epoll-4.1.63.Final.jar:/home/runner/.m2/repository/io/netty/netty-common/4.1.63.Final/netty-common-4.1.63.Final.jar:/home/runner/.m2/repository/io/netty/netty-buffer/4.1.63.Final/netty-buffer-4.1.63.Final.jar:/home/runner/.m2/repository/io/netty/netty-transport-native-unix-common/4.1.63.Final/netty-transport-native-unix-common-4.1.63.Final.jar:/home/runner/.m2/repository/io/grpc/grpc-protobuf/1.33.0/grpc-protobuf-1.33.0.jar:/home/runner/.m2/repository/io/grpc/grpc-api/1.33.0/grpc-api-1.33.0.jar:/home/runner/.m2/repository/io/grpc/grpc-context/1.33.0/grpc-context-1.33.0.jar:/home/runner/.m2/repository/com/google/api/grpc/proto-google-common-protos/1.17.0/proto-google-common-protos-1.17.0.jar:/home/runner/.m2/repository/io/grpc/grpc-protobuf-lite/1.33.0/grpc-protobuf-lite-1.33.0.jar:/home/runner/.m2/repository/io/grpc/grpc-stub/1.33.0/grpc-stub-1.33.0.jar:/home/runner/.m2/repository/org/apache/ozone/ozone-recon/1.2.0-SNAPSHOT/ozone-recon-1.2.0-SNAPSHOT.jar:/home/runner/.m2/repository/org/apache/ozone/ozone-reconcodegen/1.2.0-SNAPSHOT/ozone-reconcodegen-1.2.0-SNAPSHOT.jar:/home/runner/.m2/repository/com/google/inject/extensions/guice-multibindings/4.0/guice-multibindings-4.0.jar:/home/runner/.m2/repository/com/google/inject/guice/4.0/guice-4.0.jar:/home/runner/.m2/repository/aopalliance/aopalliance/1.0/aopalliance-1.0.jar:/home/runner/.m2/repository/com/google/inject/extensions/guice-assistedinject/4.0/guice-assistedinject-4.0.jar:/home/runner/.m2/repository/com/google/inject/extensions/guice-servlet/4.0/guice-servlet-4.0.jar:/home/runner/.m2/repository/org/glassfish/jersey/containers/jersey-container-servlet/2.33/jersey-container-servlet-2.33.jar:/home/runner/.m2/repository/org/glassfish/hk2/guice-bridge/2.5.0/guice-bridge-2.5.0.jar:/home/runner/.m2/repository/org/glassfish/jersey/core/jersey-server/2.33/jersey-server-2.33.jar:/home/runner/.m2/repository/org/glassfish/jersey/core/jersey-client/2.33/jersey-client-2.33.jar:/home/runner/.m2/repository/jakarta/annotation/jakarta.annotation-api/1.3.5/jakarta.annotation-api-1.3.5.jar:/home/runner/.m2/repository/jakarta/validation/jakarta.validation-api/2.0.2/jakarta.validation-api-2.0.2.jar:/home/runner/.m2/repository/org/glassfish/jersey/media/jersey-media-json-jackson/2.33/jersey-media-json-jackson-2.33.jar:/home/runner/.m2/repository/org/glassfish/jersey/ext/jersey-entity-filtering/2.33/jersey-entity-filtering-2.33.jar:/home/runner/.m2/repository/org/jooq/jooq/3.11.10/jooq-3.11.10.jar:/home/runner/.m2/repository/org/jooq/jooq-meta/3.11.10/jooq-meta-3.11.10.jar:/home/runner/.m2/repository/org/jooq/jooq-codegen/3.11.10/jooq-codegen-3.11.10.jar:/home/runner/.m2/repository/com/jolbox/bonecp/0.8.0.RELEASE/bonecp-0.8.0.RELEASE.jar:/home/runner/.m2/repository/org/apache/derby/derby/10.14.2.0/derby-10.14.2.0.jar:/home/runner/.m2/repository/org/xerial/sqlite-jdbc/3.25.2/sqlite-jdbc-3.25.2.jar:/home/runner/.m2/repository/org/springframework/spring-jdbc/5.2.11.RELEASE/spring-jdbc-5.2.11.RELEASE.jar:/home/runner/.m2/repository/org/springframework/spring-beans/5.2.11.RELEASE/spring-beans-5.2.11.RELEASE.jar:/home/runner/.m2/repository/org/springframework/spring-core/5.2.11.RELEASE/spring-core-5.2.11.RELEASE.jar:/home/runner/.m2/repository/org/springframework/spring-jcl/5.2.11.RELEASE/spring-jcl-5.2.11.RELEASE.jar:/home/runner/.m2/repository/org/springframework/spring-tx/5.2.11.RELEASE/spring-tx-5.2.11.RELEASE.jar:/home/runner/.m2/repository/org/apache/ozone/ozone-client/1.2.0-SNAPSHOT/ozone-client-1.2.0-SNAPSHOT.jar:/home/runner/.m2/repository/org/apache/ozone/ozone-filesystem/1.2.0-SNAPSHOT/ozone-filesystem-1.2.0-SNAPSHOT.jar:/home/runner/.m2/repository/org/apache/ozone/ozone-filesystem-common/1.2.0-SNAPSHOT/ozone-filesystem-common-1.2.0-SNAPSHOT.jar:/home/runner/.m2/repository/org/apache/ozone/ozone-tools/1.2.0-SNAPSHOT/ozone-tools-1.2.0-SNAPSHOT.jar:/home/runner/.m2/repository/org/apache/ratis/ratis-tools/2.1.0-03f3b68-SNAPSHOT/ratis-tools-2.1.0-03f3b68-SNAPSHOT.jar:/home/runner/.m2/repository/org/apache/ratis/ratis-proto/2.1.0-03f3b68-SNAPSHOT/ratis-proto-2.1.0-03f3b68-SNAPSHOT.jar:/home/runner/.m2/repository/org/apache/ratis/ratis-common/2.1.0-03f3b68-SNAPSHOT/ratis-common-2.1.0-03f3b68-SNAPSHOT.jar:/home/runner/.m2/repository/com/amazonaws/aws-java-sdk-core/1.11.901/aws-java-sdk-core-1.11.901.jar:/home/runner/.m2/repository/org/apache/httpcomponents/httpclient/4.5.13/httpclient-4.5.13.jar:/home/runner/.m2/repository/org/apache/httpcomponents/httpcore/4.4.13/httpcore-4.4.13.jar:/home/runner/.m2/repository/software/amazon/ion/ion-java/1.0.2/ion-java-1.0.2.jar:/home/runner/.m2/repository/com/fasterxml/jackson/dataformat/jackson-dataformat-cbor/2.12.1/jackson-dataformat-cbor-2.12.1.jar:/home/runner/.m2/repository/joda-time/joda-time/2.8.1/joda-time-2.8.1.jar:/home/runner/.m2/repository/com/amazonaws/aws-java-sdk-s3/1.11.901/aws-java-sdk-s3-1.11.901.jar:/home/runner/.m2/repository/com/amazonaws/aws-java-sdk-kms/1.11.901/aws-java-sdk-kms-1.11.901.jar:/home/runner/.m2/repository/com/amazonaws/jmespath-java/1.11.901/jmespath-java-1.11.901.jar:/home/runner/.m2/repository/org/kohsuke/metainf-services/metainf-services/1.8/metainf-services-1.8.jar:/home/runner/.m2/repository/org/apache/ozone/hdds-tools/1.2.0-SNAPSHOT/hdds-tools-1.2.0-SNAPSHOT.jar:/home/runner/.m2/repository/commons-cli/commons-cli/1.2/commons-cli-1.2.jar:/home/runner/.m2/repository/org/apache/commons/commons-lang3/3.7/commons-lang3-3.7.jar:/home/runner/.m2/repository/org/apache/ozone/ozone-manager/1.2.0-SNAPSHOT/ozone-manager-1.2.0-SNAPSHOT-tests.jar:/home/runner/.m2/repository/org/apache/ozone/hdds-common/1.2.0-SNAPSHOT/hdds-common-1.2.0-SNAPSHOT-tests.jar:/home/runner/.m2/repository/org/apache/ozone/hdds-hadoop-dependency-client/1.2.0-SNAPSHOT/hdds-hadoop-dependency-client-1.2.0-SNAPSHOT.jar:/home/runner/.m2/repository/info/picocli/picocli/4.4.0/picocli-4.4.0.jar:/home/runner/.m2/repository/com/fasterxml/jackson/core/jackson-annotations/2.12.1/jackson-annotations-2.12.1.jar:/home/runner/.m2/repository/javax/annotation/javax.annotation-api/1.2/javax.annotation-api-1.2.jar:/home/runner/.m2/repository/org/apache/ratis/ratis-server/2.1.0-03f3b68-SNAPSHOT/ratis-server-2.1.0-03f3b68-SNAPSHOT.jar:/home/runner/.m2/repository/org/apache/ratis/ratis-client/2.1.0-03f3b68-SNAPSHOT/ratis-client-2.1.0-03f3b68-SNAPSHOT.jar:/home/runner/.m2/repository/org/apache/ratis/ratis-server-api/2.1.0-03f3b68-SNAPSHOT/ratis-server-api-2.1.0-03f3b68-SNAPSHOT.jar:/home/runner/.m2/repository/org/apache/ratis/ratis-metrics/2.1.0-03f3b68-SNAPSHOT/ratis-metrics-2.1.0-03f3b68-SNAPSHOT.jar:/home/runner/.m2/repository/org/apache/ratis/ratis-netty/2.1.0-03f3b68-SNAPSHOT/ratis-netty-2.1.0-03f3b68-SNAPSHOT.jar:/home/runner/.m2/repository/org/apache/ratis/ratis-grpc/2.1.0-03f3b68-SNAPSHOT/ratis-grpc-2.1.0-03f3b68-SNAPSHOT.jar:/home/runner/.m2/repository/org/apache/logging/log4j/log4j-api/2.13.3/log4j-api-2.13.3.jar:/home/runner/.m2/repository/org/apache/logging/log4j/log4j-core/2.13.3/log4j-core-2.13.3.jar:/home/runner/.m2/repository/com/lmax/disruptor/3.4.2/disruptor-3.4.2.jar:/home/runner/.m2/repository/org/apache/commons/commons-pool2/2.6.0/commons-pool2-2.6.0.jar:/home/runner/.m2/repository/org/bouncycastle/bcpkix-jdk15on/1.67/bcpkix-jdk15on-1.67.jar:/home/runner/.m2/repository/commons-validator/commons-validator/1.6/commons-validator-1.6.jar:/home/runner/.m2/repository/commons-beanutils/commons-beanutils/1.9.4/commons-beanutils-1.9.4.jar:/home/runner/.m2/repository/commons-digester/commons-digester/1.8.1/commons-digester-1.8.1.jar:/home/runner/.m2/repository/commons-collections/commons-collections/3.2.2/commons-collections-3.2.2.jar:/home/runner/.m2/repository/io/jaegertracing/jaeger-client/1.6.0/jaeger-client-1.6.0.jar:/home/runner/.m2/repository/io/jaegertracing/jaeger-thrift/1.6.0/jaeger-thrift-1.6.0.jar:/home/runner/.m2/repository/org/apache/thrift/libthrift/0.14.1/libthrift-0.14.1.jar:/home/runner/.m2/repository/com/squareup/okhttp3/okhttp/4.9.0/okhttp-4.9.0.jar:/home/runner/.m2/repository/com/squareup/okio/okio/2.8.0/okio-2.8.0.jar:/home/runner/.m2/repository/io/jaegertracing/jaeger-core/1.6.0/jaeger-core-1.6.0.jar:/home/runner/.m2/repository/io/jaegertracing/jaeger-tracerresolver/1.6.0/jaeger-tracerresolver-1.6.0.jar:/home/runner/.m2/repository/io/opentracing/contrib/opentracing-tracerresolver/0.1.8/opentracing-tracerresolver-0.1.8.jar:/home/runner/.m2/repository/org/jetbrains/kotlin/kotlin-stdlib/1.4.31/kotlin-stdlib-1.4.31.jar:/home/runner/.m2/repository/org/jetbrains/kotlin/kotlin-stdlib-common/1.4.31/kotlin-stdlib-common-1.4.31.jar:/home/runner/.m2/repository/org/jetbrains/annotations/13.0/annotations-13.0.jar:/home/runner/.m2/repository/io/opentracing/opentracing-util/0.33.0/opentracing-util-0.33.0.jar:/home/runner/.m2/repository/io/opentracing/opentracing-api/0.33.0/opentracing-api-0.33.0.jar:/home/runner/.m2/repository/io/opentracing/opentracing-noop/0.33.0/opentracing-noop-0.33.0.jar:/home/runner/.m2/repository/org/yaml/snakeyaml/1.26/snakeyaml-1.26.jar:/home/runner/.m2/repository/org/apache/ozone/hdds-interface-admin/1.2.0-SNAPSHOT/hdds-interface-admin-1.2.0-SNAPSHOT.jar:/home/runner/.m2/repository/junit/junit/4.13.1/junit-4.13.1.jar:/home/runner/.m2/repository/org/hamcrest/hamcrest-core/1.3/hamcrest-core-1.3.jar:/home/runner/.m2/repository/org/junit/jupiter/junit-jupiter-api/5.7.0/junit-jupiter-api-5.7.0.jar:/home/runner/.m2/repository/org/apiguardian/apiguardian-api/1.1.0/apiguardian-api-1.1.0.jar:/home/runner/.m2/repository/org/opentest4j/opentest4j/1.2.0/opentest4j-1.2.0.jar:/home/runner/.m2/repository/org/junit/platform/junit-platform-commons/1.7.0/junit-platform-commons-1.7.0.jar:/home/runner/.m2/repository/org/junit/jupiter/junit-jupiter-engine/5.7.0/junit-jupiter-engine-5.7.0.jar:/home/runner/.m2/repository/org/junit/platform/junit-platform-engine/1.7.0/junit-platform-engine-1.7.0.jar:/home/runner/.m2/repository/org/junit/vintage/junit-vintage-engine/5.7.0/junit-vintage-engine-5.7.0.jar:/home/runner/.m2/repository/org/junit/platform/junit-platform-launcher/1.7.0/junit-platform-launcher-1.7.0.jar:/home/runner/.m2/repository/org/openjdk/jmh/jmh-core/1.19/jmh-core-1.19.jar:/home/runner/.m2/repository/net/sf/jopt-simple/jopt-simple/4.6/jopt-simple-4.6.jar:/home/runner/.m2/repository/org/apache/commons/commons-math3/3.1.1/commons-math3-3.1.1.jar:/home/runner/.m2/repository/org/openjdk/jmh/jmh-generator-annprocess/1.19/jmh-generator-annprocess-1.19.jar:/home/runner/.m2/repository/org/mockito/mockito-core/2.28.2/mockito-core-2.28.2.jar:/home/runner/.m2/repository/net/bytebuddy/byte-buddy/1.9.10/byte-buddy-1.9.10.jar:/home/runner/.m2/repository/net/bytebuddy/byte-buddy-agent/1.9.10/byte-buddy-agent-1.9.10.jar:/home/runner/.m2/repository/org/objenesis/objenesis/1.0/objenesis-1.0.jar:/home/runner/.m2/repository/org/apache/hadoop/hadoop-kms/3.3.1/hadoop-kms-3.3.1.jar:/home/runner/.m2/repository/org/apache/hadoop/hadoop-auth/3.3.1/hadoop-auth-3.3.1.jar:/home/runner/.m2/repository/com/nimbusds/nimbus-jose-jwt/7.9/nimbus-jose-jwt-7.9.jar:/home/runner/.m2/repository/com/github/stephenc/jcip/jcip-annotations/1.0-1/jcip-annotations-1.0-1.jar:/home/runner/.m2/repository/net/minidev/json-smart/2.3/json-smart-2.3.jar:/home/runner/.m2/repository/net/minidev/accessors-smart/1.2/accessors-smart-1.2.jar:/home/runner/.m2/repository/org/ow2/asm/asm/5.0.4/asm-5.0.4.jar:/home/runner/.m2/repository/org/apache/zookeeper/zookeeper/3.5.6/zookeeper-3.5.6.jar:/home/runner/.m2/repository/org/apache/zookeeper/zookeeper-jute/3.5.6/zookeeper-jute-3.5.6.jar:/home/runner/.m2/repository/org/apache/yetus/audience-annotations/0.5.0/audience-annotations-0.5.0.jar:/home/runner/.m2/repository/org/apache/curator/curator-framework/4.2.0/curator-framework-4.2.0.jar:/home/runner/.m2/repository/org/apache/hadoop/thirdparty/hadoop-shaded-guava/1.1.1/hadoop-shaded-guava-1.1.1.jar:/home/runner/.m2/repository/com/sun/jersey/jersey-core/1.19/jersey-core-1.19.jar:/home/runner/.m2/repository/javax/ws/rs/jsr311-api/1.1.1/jsr311-api-1.1.1.jar:/home/runner/.m2/repository/com/sun/jersey/jersey-server/1.19/jersey-server-1.19.jar:/home/runner/.m2/repository/javax/servlet/javax.servlet-api/3.1.0/javax.servlet-api-3.1.0.jar:/home/runner/.m2/repository/org/eclipse/jetty/jetty-server/9.4.43.v20210629/jetty-server-9.4.43.v20210629.jar:/home/runner/.m2/repository/org/eclipse/jetty/jetty-http/9.4.43.v20210629/jetty-http-9.4.43.v20210629.jar:/home/runner/.m2/repository/org/eclipse/jetty/jetty-io/9.4.43.v20210629/jetty-io-9.4.43.v20210629.jar:/home/runner/.m2/repository/org/eclipse/jetty/jetty-webapp/9.4.43.v20210629/jetty-webapp-9.4.43.v20210629.jar:/home/runner/.m2/repository/org/eclipse/jetty/jetty-xml/9.4.43.v20210629/jetty-xml-9.4.43.v20210629.jar:/home/runner/.m2/repository/org/apache/hadoop/hadoop-common/3.3.1/hadoop-common-3.3.1.jar:/home/runner/.m2/repository/commons-net/commons-net/3.6/commons-net-3.6.jar:/home/runner/.m2/repository/jakarta/activation/jakarta.activation-api/1.2.1/jakarta.activation-api-1.2.1.jar:/home/runner/.m2/repository/com/sun/jersey/jersey-servlet/1.19/jersey-servlet-1.19.jar:/home/runner/.m2/repository/com/sun/jersey/jersey-json/1.19/jersey-json-1.19.jar:/home/runner/.m2/repository/org/codehaus/jettison/jettison/1.1/jettison-1.1.jar:/home/runner/.m2/repository/com/sun/xml/bind/jaxb-impl/2.2.3-1/jaxb-impl-2.2.3-1.jar:/home/runner/.m2/repository/org/codehaus/jackson/jackson-jaxrs/1.9.2/jackson-jaxrs-1.9.2.jar:/home/runner/.m2/repository/org/codehaus/jackson/jackson-xc/1.9.2/jackson-xc-1.9.2.jar:/home/runner/.m2/repository/org/apache/commons/commons-configuration2/2.1.1/commons-configuration2-2.1.1.jar:/home/runner/.m2/repository/org/apache/commons/commons-text/1.4/commons-text-1.4.jar:/home/runner/.m2/repository/com/google/re2j/re2j/1.1/re2j-1.1.jar:/home/runner/.m2/repository/com/jcraft/jsch/0.1.54/jsch-0.1.54.jar:/home/runner/.m2/repository/org/apache/curator/curator-client/4.2.0/curator-client-4.2.0.jar:/home/runner/.m2/repository/org/apache/curator/curator-recipes/4.2.0/curator-recipes-4.2.0.jar:/home/runner/.m2/repository/org/apache/kerby/kerb-core/1.0.1/kerb-core-1.0.1.jar:/home/runner/.m2/repository/org/apache/kerby/kerby-pkix/1.0.1/kerby-pkix-1.0.1.jar:/home/runner/.m2/repository/org/apache/kerby/kerby-asn1/1.0.1/kerby-asn1-1.0.1.jar:/home/runner/.m2/repository/org/apache/kerby/kerby-util/1.0.1/kerby-util-1.0.1.jar:/home/runner/.m2/repository/dnsjava/dnsjava/2.1.7/dnsjava-2.1.7.jar:/home/runner/.m2/repository/org/xerial/snappy/snappy-java/1.1.8.2/snappy-java-1.1.8.2.jar:/home/runner/.m2/repository/org/slf4j/jul-to-slf4j/1.7.30/jul-to-slf4j-1.7.30.jar:/home/runner/.m2/repository/org/eclipse/jetty/jetty-util/9.4.43.v20210629/jetty-util-9.4.43.v20210629.jar:/home/runner/.m2/repository/com/fasterxml/jackson/core/jackson-databind/2.12.1/jackson-databind-2.12.1.jar:/home/runner/.m2/repository/org/apache/hadoop/hadoop-kms/3.3.1/hadoop-kms-3.3.1-tests.jar:/home/runner/.m2/repository/org/apache/ozone/hdds-server-scm/1.2.0-SNAPSHOT/hdds-server-scm-1.2.0-SNAPSHOT-tests.jar:/home/runner/.m2/repository/org/apache/ozone/hdds-container-service/1.2.0-SNAPSHOT/hdds-container-service-1.2.0-SNAPSHOT-tests.jar:/home/runner/.m2/repository/commons-codec/commons-codec/1.11/commons-codec-1.11.jar:/home/runner/.m2/repository/io/netty/netty-transport/4.1.63.Final/netty-transport-4.1.63.Final.jar:/home/runner/.m2/repository/io/netty/netty-resolver/4.1.63.Final/netty-resolver-4.1.63.Final.jar:/home/runner/.m2/repository/io/netty/netty-codec/4.1.63.Final/netty-codec-4.1.63.Final.jar:/home/runner/.m2/repository/io/netty/netty-handler/4.1.63.Final/netty-handler-4.1.63.Final.jar:/home/runner/.m2/repository/org/apache/ozone/hdds-hadoop-dependency-test/1.2.0-SNAPSHOT/hdds-hadoop-dependency-test-1.2.0-SNAPSHOT.jar:/home/runner/.m2/repository/org/apache/hadoop/hadoop-common/3.3.1/hadoop-common-3.3.1-tests.jar:/home/runner/.m2/repository/org/assertj/assertj-core/3.12.2/assertj-core-3.12.2.jar:/home/runner/.m2/repository/org/apache/hadoop/hadoop-hdfs/3.3.1/hadoop-hdfs-3.3.1-tests.jar:/home/runner/.m2/repository/org/eclipse/jetty/jetty-util-ajax/9.4.43.v20210629/jetty-util-ajax-9.4.43.v20210629.jar:/home/runner/.m2/repository/commons-daemon/commons-daemon/1.0.13/commons-daemon-1.0.13.jar:/home/runner/.m2/repository/io/netty/netty/3.10.6.Final/netty-3.10.6.Final.jar:/home/runner/.m2/repository/io/netty/netty-all/4.1.63.Final/netty-all-4.1.63.Final.jar:/home/runner/.m2/repository/org/apache/htrace/htrace-core4/4.1.0-incubating/htrace-core4-4.1.0-incubating.jar:/home/runner/.m2/repository/org/fusesource/leveldbjni/leveldbjni-all/1.8/leveldbjni-all-1.8.jar:/home/runner/.m2/repository/org/apache/hadoop/hadoop-distcp/3.3.1/hadoop-distcp-3.3.1.jar:/home/runner/.m2/repository/org/apache/hadoop/hadoop-mapreduce-client-jobclient/3.3.1/hadoop-mapreduce-client-jobclient-3.3.1.jar:/home/runner/.m2/repository/org/apache/hadoop/hadoop-mapreduce-client-common/3.3.1/hadoop-mapreduce-client-common-3.3.1.jar:/home/runner/.m2/repository/org/apache/hadoop/hadoop-yarn-common/3.3.1/hadoop-yarn-common-3.3.1.jar:/home/runner/.m2/repository/org/apache/hadoop/hadoop-yarn-api/3.3.1/hadoop-yarn-api-3.3.1.jar:/home/runner/.m2/repository/com/sun/jersey/jersey-client/1.19/jersey-client-1.19.jar:/home/runner/.m2/repository/com/sun/jersey/contribs/jersey-guice/1.19/jersey-guice-1.19.jar:/home/runner/.m2/repository/com/fasterxml/jackson/jaxrs/jackson-jaxrs-json-provider/2.12.1/jackson-jaxrs-json-provider-2.12.1.jar:/home/runner/.m2/repository/com/fasterxml/jackson/jaxrs/jackson-jaxrs-base/2.12.1/jackson-jaxrs-base-2.12.1.jar:/home/runner/.m2/repository/org/apache/hadoop/hadoop-yarn-client/3.3.1/hadoop-yarn-client-3.3.1.jar:/home/runner/.m2/repository/org/eclipse/jetty/websocket/websocket-client/9.4.40.v20210413/websocket-client-9.4.40.v20210413.jar:/home/runner/.m2/repository/org/eclipse/jetty/jetty-client/9.4.40.v20210413/jetty-client-9.4.40.v20210413.jar:/home/runner/.m2/repository/org/eclipse/jetty/websocket/websocket-common/9.4.40.v20210413/websocket-common-9.4.40.v20210413.jar:/home/runner/.m2/repository/org/eclipse/jetty/websocket/websocket-api/9.4.40.v20210413/websocket-api-9.4.40.v20210413.jar:/home/runner/.m2/repository/org/jline/jline/3.9.0/jline-3.9.0.jar:/home/runner/.m2/repository/org/apache/hadoop/hadoop-mapreduce-client-core/3.3.1/hadoop-mapreduce-client-core-3.3.1.jar:/home/runner/.m2/repository/org/apache/avro/avro/1.7.7/avro-1.7.7.jar:/home/runner/.m2/repository/org/codehaus/jackson/jackson-core-asl/1.9.13/jackson-core-asl-1.9.13.jar:/home/runner/.m2/repository/org/codehaus/jackson/jackson-mapper-asl/1.9.13/jackson-mapper-asl-1.9.13.jar:/home/runner/.m2/repository/com/thoughtworks/paranamer/paranamer/2.3/paranamer-2.3.jar:/home/runner/.m2/repository/org/apache/hadoop/hadoop-annotations/3.3.1/hadoop-annotations-3.3.1.jar:/usr/lib/jvm/adoptopenjdk-8-hotspot-amd64/jre/../lib/tools.jar:/home/runner/.m2/repository/org/apache/hadoop/hadoop-distcp/3.3.1/hadoop-distcp-3.3.1-tests.jar:"/>
    <property name="sun.cpu.endian" value="little"/>
    <property name="user.home" value="/home/runner"/>
    <property name="user.language" value="en"/>
    <property name="java.specification.vendor" value="Oracle Corporation"/>
    <property name="java.home" value="/usr/lib/jvm/adoptopenjdk-8-hotspot-amd64/jre"/>
    <property name="java.security.krb5.conf" value="/home/runner/work/ozone/ozone/hadoop-ozone/integration-test/target/test-classes/krb5.conf"/>
    <property name="basedir" value="/home/runner/work/ozone/ozone/hadoop-ozone/integration-test"/>
    <property name="file.separator" value="/"/>
    <property name="line.separator" value="&#10;"/>
    <property name="java.vm.specification.vendor" value="Oracle Corporation"/>
    <property name="java.specification.name" value="Java Platform API Specification"/>
    <property name="java.awt.graphicsenv" value="sun.awt.X11GraphicsEnvironment"/>
    <property name="skip.installnpx" value="true"/>
    <property name="surefire.real.class.path" value="/home/runner/work/ozone/ozone/hadoop-ozone/integration-test/target/surefire/surefirebooter6240215562385118323.jar:/home/runner/.m2/repository/org/jacoco/org.jacoco.agent/0.8.5/org.jacoco.agent-0.8.5-runtime.jar"/>
    <property name="hadoop.log.dir" value="/home/runner/work/ozone/ozone/hadoop-ozone/integration-test/target/log"/>
    <property name="sun.boot.class.path" value="/usr/lib/jvm/adoptopenjdk-8-hotspot-amd64/jre/lib/resources.jar:/usr/lib/jvm/adoptopenjdk-8-hotspot-amd64/jre/lib/rt.jar:/usr/lib/jvm/adoptopenjdk-8-hotspot-amd64/jre/lib/sunrsasign.jar:/usr/lib/jvm/adoptopenjdk-8-hotspot-amd64/jre/lib/jsse.jar:/usr/lib/jvm/adoptopenjdk-8-hotspot-amd64/jre/lib/jce.jar:/usr/lib/jvm/adoptopenjdk-8-hotspot-amd64/jre/lib/charsets.jar:/usr/lib/jvm/adoptopenjdk-8-hotspot-amd64/jre/lib/jfr.jar:/usr/lib/jvm/adoptopenjdk-8-hotspot-amd64/jre/classes"/>
    <property name="sun.management.compiler" value="HotSpot 64-Bit Tiered Compilers"/>
    <property name="skip.npx" value="true"/>
    <property name="java.runtime.version" value="1.8.0_292-b10"/>
    <property name="java.net.preferIPv4Stack" value="true"/>
    <property name="user.name" value="runner"/>
    <property name="path.separator" value=":"/>
    <property name="java.security.egd" value="file:///dev/urandom"/>
    <property name="os.version" value="5.4.0-1055-azure"/>
    <property name="java.endorsed.dirs" value="/usr/lib/jvm/adoptopenjdk-8-hotspot-amd64/jre/lib/endorsed"/>
    <property name="java.runtime.name" value="OpenJDK Runtime Environment"/>
    <property name="file.encoding" value="UTF-8"/>
    <property name="java.vm.name" value="OpenJDK 64-Bit Server VM"/>
    <property name="test.build.webapps" value=""/>
    <property name="localRepository" value="/home/runner/.m2/repository"/>
    <property name="java.vendor.url.bug" value="https://github.com/AdoptOpenJDK/openjdk-support/issues"/>
    <property name="java.io.tmpdir" value="/tmp"/>
    <property name="require.test.libhadoop" value=""/>
    <property name="java.version" value="1.8.0_292"/>
    <property name="user.dir" value="/home/runner/work/ozone/ozone/hadoop-ozone/integration-test"/>
    <property name="os.arch" value="amd64"/>
    <property name="java.vm.specification.name" value="Java Virtual Machine Specification"/>
    <property name="test.build.classes" value="/home/runner/work/ozone/ozone/hadoop-ozone/integration-test/target/test-classes"/>
    <property name="java.awt.printerjob" value="sun.print.PSPrinterJob"/>
    <property name="sun.os.patch.level" value="unknown"/>
    <property name="hadoop.tmp.dir" value="/home/runner/work/ozone/ozone/hadoop-ozone/integration-test/target/tmp"/>
    <property name="java.library.path" value="/usr/java/packages/lib/amd64:/usr/lib64:/lib64:/lib:/usr/lib"/>
    <property name="java.vm.info" value="mixed mode"/>
    <property name="java.vendor" value="AdoptOpenJDK"/>
    <property name="java.vm.version" value="25.292-b10"/>
    <property name="java.ext.dirs" value="/usr/lib/jvm/adoptopenjdk-8-hotspot-amd64/jre/lib/ext:/usr/java/packages/lib/ext"/>
    <property name="sun.io.unicode.encoding" value="UnicodeLittle"/>
    <property name="java.class.version" value="52.0"/>
  </properties>
  <testcase name="testInstallSnapshot" classname="org.apache.hadoop.ozone.scm.TestSCMInstallSnapshotWithHA" time="60.655"/>
  <testcase name="testInstallOldCheckpointFailure" classname="org.apache.hadoop.ozone.scm.TestSCMInstallSnapshotWithHA" time="52.632">
    <error type="java.lang.IllegalThreadStateException">java.lang.IllegalThreadStateException
	at java.lang.Thread.start(Thread.java:708)
	at org.apache.hadoop.ipc.Server.start(Server.java:3396)
	at org.apache.hadoop.hdds.scm.server.SCMDatanodeProtocolServer.start(SCMDatanodeProtocolServer.java:185)
	at org.apache.hadoop.hdds.scm.ha.SCMStateMachine.notifyTermIndexUpdated(SCMStateMachine.java:333)
	at org.apache.hadoop.ozone.scm.TestSCMInstallSnapshotWithHA.testInstallOldCheckpointFailure(TestSCMInstallSnapshotWithHA.java:184)
	at sun.reflect.NativeMethodAccessorImpl.invoke0(Native Method)
	at sun.reflect.NativeMethodAccessorImpl.invoke(NativeMethodAccessorImpl.java:62)
	at sun.reflect.DelegatingMethodAccessorImpl.invoke(DelegatingMethodAccessorImpl.java:43)
	at java.lang.reflect.Method.invoke(Method.java:498)
	at org.junit.platform.commons.util.ReflectionUtils.invokeMethod(ReflectionUtils.java:688)
	at org.junit.jupiter.engine.execution.MethodInvocation.proceed(MethodInvocation.java:60)
	at org.junit.jupiter.engine.execution.InvocationInterceptorChain$ValidatingInvocation.proceed(InvocationInterceptorChain.java:131)
	at org.junit.jupiter.engine.extension.TimeoutInvocation.proceed(TimeoutInvocation.java:46)
	at org.junit.jupiter.engine.extension.TimeoutExtension.intercept(TimeoutExtension.java:149)
	at org.junit.jupiter.engine.extension.TimeoutExtension.interceptTestableMethod(TimeoutExtension.java:140)
	at org.junit.jupiter.engine.extension.TimeoutExtension.interceptTestMethod(TimeoutExtension.java:84)
	at org.junit.jupiter.engine.execution.ExecutableInvoker$ReflectiveInterceptorCall.lambda$ofVoidMethod$0(ExecutableInvoker.java:115)
	at org.junit.jupiter.engine.execution.ExecutableInvoker.lambda$invoke$0(ExecutableInvoker.java:105)
	at org.junit.jupiter.engine.execution.InvocationInterceptorChain$InterceptedInvocation.proceed(InvocationInterceptorChain.java:106)
	at org.junit.jupiter.engine.execution.InvocationInterceptorChain.proceed(InvocationInterceptorChain.java:64)
	at org.junit.jupiter.engine.execution.InvocationInterceptorChain.chainAndInvoke(InvocationInterceptorChain.java:45)
	at org.junit.jupiter.engine.execution.InvocationInterceptorChain.invoke(InvocationInterceptorChain.java:37)
	at org.junit.jupiter.engine.execution.ExecutableInvoker.invoke(ExecutableInvoker.java:104)
	at org.junit.jupiter.engine.execution.ExecutableInvoker.invoke(ExecutableInvoker.java:98)
	at org.junit.jupiter.engine.descriptor.TestMethodTestDescriptor.lambda$invokeTestMethod$6(TestMethodTestDescriptor.java:210)
	at org.junit.platform.engine.support.hierarchical.ThrowableCollector.execute(ThrowableCollector.java:73)
	at org.junit.jupiter.engine.descriptor.TestMethodTestDescriptor.invokeTestMethod(TestMethodTestDescriptor.java:206)
	at org.junit.jupiter.engine.descriptor.TestMethodTestDescriptor.execute(TestMethodTestDescriptor.java:131)
	at org.junit.jupiter.engine.descriptor.TestMethodTestDescriptor.execute(TestMethodTestDescriptor.java:65)
	at org.junit.platform.engine.support.hierarchical.NodeTestTask.lambda$executeRecursively$5(NodeTestTask.java:139)
	at org.junit.platform.engine.support.hierarchical.ThrowableCollector.execute(ThrowableCollector.java:73)
	at org.junit.platform.engine.support.hierarchical.NodeTestTask.lambda$executeRecursively$7(NodeTestTask.java:129)
	at org.junit.platform.engine.support.hierarchical.Node.around(Node.java:137)
	at org.junit.platform.engine.support.hierarchical.NodeTestTask.lambda$executeRecursively$8(NodeTestTask.java:127)
	at org.junit.platform.engine.support.hierarchical.ThrowableCollector.execute(ThrowableCollector.java:73)
	at org.junit.platform.engine.support.hierarchical.NodeTestTask.executeRecursively(NodeTestTask.java:126)
	at org.junit.platform.engine.support.hierarchical.NodeTestTask.execute(NodeTestTask.java:84)
	at java.util.ArrayList.forEach(ArrayList.java:1259)
	at org.junit.platform.engine.support.hierarchical.SameThreadHierarchicalTestExecutorService.invokeAll(SameThreadHierarchicalTestExecutorService.java:38)
	at org.junit.platform.engine.support.hierarchical.NodeTestTask.lambda$executeRecursively$5(NodeTestTask.java:143)
	at org.junit.platform.engine.support.hierarchical.ThrowableCollector.execute(ThrowableCollector.java:73)
	at org.junit.platform.engine.support.hierarchical.NodeTestTask.lambda$executeRecursively$7(NodeTestTask.java:129)
	at org.junit.platform.engine.support.hierarchical.Node.around(Node.java:137)
	at org.junit.platform.engine.support.hierarchical.NodeTestTask.lambda$executeRecursively$8(NodeTestTask.java:127)
	at org.junit.platform.engine.support.hierarchical.ThrowableCollector.execute(ThrowableCollector.java:73)
	at org.junit.platform.engine.support.hierarchical.NodeTestTask.executeRecursively(NodeTestTask.java:126)
	at org.junit.platform.engine.support.hierarchical.NodeTestTask.execute(NodeTestTask.java:84)
	at java.util.ArrayList.forEach(ArrayList.java:1259)
	at org.junit.platform.engine.support.hierarchical.SameThreadHierarchicalTestExecutorService.invokeAll(SameThreadHierarchicalTestExecutorService.java:38)
	at org.junit.platform.engine.support.hierarchical.NodeTestTask.lambda$executeRecursively$5(NodeTestTask.java:143)
	at org.junit.platform.engine.support.hierarchical.ThrowableCollector.execute(ThrowableCollector.java:73)
	at org.junit.platform.engine.support.hierarchical.NodeTestTask.lambda$executeRecursively$7(NodeTestTask.java:129)
	at org.junit.platform.engine.support.hierarchical.Node.around(Node.java:137)
	at org.junit.platform.engine.support.hierarchical.NodeTestTask.lambda$executeRecursively$8(NodeTestTask.java:127)
	at org.junit.platform.engine.support.hierarchical.ThrowableCollector.execute(ThrowableCollector.java:73)
	at org.junit.platform.engine.support.hierarchical.NodeTestTask.executeRecursively(NodeTestTask.java:126)
	at org.junit.platform.engine.support.hierarchical.NodeTestTask.execute(NodeTestTask.java:84)
	at org.junit.platform.engine.support.hierarchical.SameThreadHierarchicalTestExecutorService.submit(SameThreadHierarchicalTestExecutorService.java:32)
	at org.junit.platform.engine.support.hierarchical.HierarchicalTestExecutor.execute(HierarchicalTestExecutor.java:57)
	at org.junit.platform.engine.support.hierarchical.HierarchicalTestEngine.execute(HierarchicalTestEngine.java:51)
	at org.junit.platform.launcher.core.EngineExecutionOrchestrator.execute(EngineExecutionOrchestrator.java:108)
	at org.junit.platform.launcher.core.EngineExecutionOrchestrator.execute(EngineExecutionOrchestrator.java:88)
	at org.junit.platform.launcher.core.EngineExecutionOrchestrator.lambda$execute$0(EngineExecutionOrchestrator.java:54)
	at org.junit.platform.launcher.core.EngineExecutionOrchestrator.withInterceptedStreams(EngineExecutionOrchestrator.java:67)
	at org.junit.platform.launcher.core.EngineExecutionOrchestrator.execute(EngineExecutionOrchestrator.java:52)
	at org.junit.platform.launcher.core.DefaultLauncher.execute(DefaultLauncher.java:96)
	at org.junit.platform.launcher.core.DefaultLauncher.execute(DefaultLauncher.java:75)
	at org.apache.maven.surefire.junitplatform.JUnitPlatformProvider.invokeAllTests(JUnitPlatformProvider.java:142)
	at org.apache.maven.surefire.junitplatform.JUnitPlatformProvider.invoke(JUnitPlatformProvider.java:113)
	at org.apache.maven.surefire.booter.ForkedBooter.invokeProviderInSameClassLoader(ForkedBooter.java:384)
	at org.apache.maven.surefire.booter.ForkedBooter.runSuitesInProcess(ForkedBooter.java:345)
	at org.apache.maven.surefire.booter.ForkedBooter.execute(ForkedBooter.java:126)
	at org.apache.maven.surefire.booter.ForkedBooter.main(ForkedBooter.java:418)
</error>
    <system-out><![CDATA[2021-08-16 13:10:43,870 [Listener at 127.0.0.1/10444] WARN  server.ServerUtils (ServerUtils.java:getScmDbDir(148)) - ozone.scm.db.dirs is not configured. We recommend adding this setting. Falling back to ozone.metadata.dirs instead.
2021-08-16 13:10:43,882 [Listener at 127.0.0.1/10444] INFO  ha.SCMHANodeDetails (SCMHANodeDetails.java:loadSCMHAConfig(157)) - ServiceID for StorageContainerManager is scm-service-test1
2021-08-16 13:10:43,882 [Listener at 127.0.0.1/10444] INFO  ha.SCMHANodeDetails (SCMHANodeDetails.java:loadSCMHAConfig(168)) - ServiceID for StorageContainerManager is scm-service-test1
2021-08-16 13:10:43,883 [Listener at 127.0.0.1/10444] WARN  scm.ScmUtils (ScmUtils.java:logWarn(179)) - ConfigKey ozone.scm.block.client.address is deprecated, For configuring different ports for each SCM use PortConfigKey ozone.scm.block.client.port appended with serviceId and nodeId. If want to configure same port configure ozone.scm.block.client.port
2021-08-16 13:10:43,883 [Listener at 127.0.0.1/10444] WARN  scm.ScmUtils (ScmUtils.java:logWarn(179)) - ConfigKey ozone.scm.client.address is deprecated, For configuring different ports for each SCM use PortConfigKey ozone.scm.client.port appended with serviceId and nodeId. If want to configure same port configure ozone.scm.client.port
2021-08-16 13:10:43,883 [Listener at 127.0.0.1/10444] WARN  scm.ScmUtils (ScmUtils.java:logWarn(179)) - ConfigKey ozone.scm.datanode.address is deprecated, For configuring different ports for each SCM use PortConfigKey ozone.scm.datanode.port appended with serviceId and nodeId. If want to configure same port configure ozone.scm.datanode.port
2021-08-16 13:10:43,883 [Listener at 127.0.0.1/10444] WARN  scm.ScmUtils (ScmUtils.java:logWarn(179)) - ConfigKey ozone.scm.block.client.address is deprecated, For configuring different ports for each SCM use PortConfigKey ozone.scm.block.client.port appended with serviceId and nodeId. If want to configure same port configure ozone.scm.block.client.port
2021-08-16 13:10:43,883 [Listener at 127.0.0.1/10444] WARN  scm.ScmUtils (ScmUtils.java:logWarn(179)) - ConfigKey ozone.scm.client.address is deprecated, For configuring different ports for each SCM use PortConfigKey ozone.scm.client.port appended with serviceId and nodeId. If want to configure same port configure ozone.scm.client.port
2021-08-16 13:10:43,884 [Listener at 127.0.0.1/10444] WARN  scm.ScmUtils (ScmUtils.java:logWarn(179)) - ConfigKey ozone.scm.datanode.address is deprecated, For configuring different ports for each SCM use PortConfigKey ozone.scm.datanode.port appended with serviceId and nodeId. If want to configure same port configure ozone.scm.datanode.port
2021-08-16 13:10:43,884 [Listener at 127.0.0.1/10444] INFO  ha.SCMHANodeDetails (SCMHANodeDetails.java:loadSCMHAConfig(250)) - Found matching SCM address with SCMServiceId: scm-service-test1, SCMNodeId: scmNode-1, RPC Address: localhost:13640 and Ratis port: 13640
2021-08-16 13:10:43,884 [Listener at 127.0.0.1/10444] INFO  ha.SCMHANodeDetails (ConfUtils.java:setNodeSpecificConfigs(108)) - Setting configuration key ozone.scm.datanode.address with value of key ozone.scm.datanode.address.scm-service-test1.scmNode-1: 127.0.0.1:13641
2021-08-16 13:10:43,884 [Listener at 127.0.0.1/10444] INFO  ha.SCMHANodeDetails (ConfUtils.java:setNodeSpecificConfigs(108)) - Setting configuration key ozone.scm.block.client.address with value of key ozone.scm.block.client.address.scm-service-test1.scmNode-1: 127.0.0.1:13642
2021-08-16 13:10:43,884 [Listener at 127.0.0.1/10444] INFO  ha.SCMHANodeDetails (ConfUtils.java:setNodeSpecificConfigs(108)) - Setting configuration key ozone.scm.client.address with value of key ozone.scm.client.address.scm-service-test1.scmNode-1: 127.0.0.1:13643
2021-08-16 13:10:43,884 [Listener at 127.0.0.1/10444] INFO  ha.SCMHANodeDetails (ConfUtils.java:setNodeSpecificConfigs(108)) - Setting configuration key ozone.scm.ratis.port with value of key ozone.scm.ratis.port.scm-service-test1.scmNode-1: 13640
2021-08-16 13:10:43,884 [Listener at 127.0.0.1/10444] INFO  ha.SCMHANodeDetails (ConfUtils.java:setNodeSpecificConfigs(108)) - Setting configuration key ozone.scm.grpc.port with value of key ozone.scm.grpc.port.scm-service-test1.scmNode-1: 13644
2021-08-16 13:10:43,885 [Listener at 127.0.0.1/10444] INFO  ha.SCMHANodeDetails (ConfUtils.java:setNodeSpecificConfigs(108)) - Setting configuration key ozone.scm.http-address with value of key ozone.scm.http-address.scm-service-test1.scmNode-1: 127.0.0.1:13638
2021-08-16 13:10:43,885 [Listener at 127.0.0.1/10444] INFO  ha.SCMHANodeDetails (ConfUtils.java:setNodeSpecificConfigs(108)) - Setting configuration key ozone.scm.https-address with value of key ozone.scm.https-address.scm-service-test1.scmNode-1: 127.0.0.1:13639
2021-08-16 13:10:43,885 [Listener at 127.0.0.1/10444] INFO  ha.SCMHANodeDetails (ConfUtils.java:setNodeSpecificConfigs(108)) - Setting configuration key ozone.scm.address with value of key ozone.scm.address.scm-service-test1.scmNode-1: 127.0.0.1
2021-08-16 13:10:43,885 [Listener at 127.0.0.1/10444] WARN  scm.ScmUtils (ScmUtils.java:logWarn(179)) - ConfigKey ozone.scm.block.client.address is deprecated, For configuring different ports for each SCM use PortConfigKey ozone.scm.block.client.port appended with serviceId and nodeId. If want to configure same port configure ozone.scm.block.client.port
2021-08-16 13:10:43,885 [Listener at 127.0.0.1/10444] WARN  scm.ScmUtils (ScmUtils.java:logWarn(179)) - ConfigKey ozone.scm.client.address is deprecated, For configuring different ports for each SCM use PortConfigKey ozone.scm.client.port appended with serviceId and nodeId. If want to configure same port configure ozone.scm.client.port
2021-08-16 13:10:43,885 [Listener at 127.0.0.1/10444] WARN  scm.ScmUtils (ScmUtils.java:logWarn(179)) - ConfigKey ozone.scm.datanode.address is deprecated, For configuring different ports for each SCM use PortConfigKey ozone.scm.datanode.port appended with serviceId and nodeId. If want to configure same port configure ozone.scm.datanode.port
2021-08-16 13:10:43,898 [Listener at 127.0.0.1/10444] INFO  server.RaftServer (ConfUtils.java:logGet(44)) - raft.rpc.type = GRPC (default)
2021-08-16 13:10:43,899 [Listener at 127.0.0.1/10444] INFO  grpc.GrpcFactory (GrpcFactory.java:checkPooledByteBufAllocatorUseCacheForAllThreads(48)) - PERFORMANCE WARNING: useCacheForAllThreads is true that may cause Netty to create a lot garbage objects and, as a result, trigger GC.
	It is recommended to disable useCacheForAllThreads by setting -Dorg.apache.ratis.thirdparty.io.netty.allocator.useCacheForAllThreads=false in command line.
2021-08-16 13:10:43,899 [Listener at 127.0.0.1/10444] INFO  grpc.GrpcConfigKeys (ConfUtils.java:logGet(44)) - raft.grpc.admin.port = -1 (default)
2021-08-16 13:10:43,899 [Listener at 127.0.0.1/10444] INFO  grpc.GrpcConfigKeys (ConfUtils.java:logGet(44)) - raft.grpc.server.port = 13640 (custom)
2021-08-16 13:10:43,899 [Listener at 127.0.0.1/10444] INFO  grpc.GrpcConfigKeys (ConfUtils.java:logGet(44)) - raft.grpc.client.port = -1 (default)
2021-08-16 13:10:43,899 [Listener at 127.0.0.1/10444] INFO  grpc.GrpcConfigKeys (ConfUtils.java:logGet(44)) - raft.grpc.server.port = 13640 (custom)
2021-08-16 13:10:43,899 [Listener at 127.0.0.1/10444] INFO  grpc.GrpcConfigKeys (ConfUtils.java:logGet(44)) - raft.grpc.server.port = 13640 (custom)
2021-08-16 13:10:43,899 [Listener at 127.0.0.1/10444] INFO  server.GrpcService (ConfUtils.java:logGet(44)) - raft.grpc.message.size.max = 32m (=33554432) (custom)
2021-08-16 13:10:43,899 [Listener at 127.0.0.1/10444] INFO  server.RaftServerConfigKeys (ConfUtils.java:logGet(44)) - raft.server.log.appender.buffer.byte-limit = 33554432 (custom)
2021-08-16 13:10:43,900 [Listener at 127.0.0.1/10444] INFO  server.GrpcService (ConfUtils.java:logGet(44)) - raft.grpc.flow.control.window = 1MB (=1048576) (default)
2021-08-16 13:10:43,900 [Listener at 127.0.0.1/10444] INFO  server.RaftServerConfigKeys (ConfUtils.java:logGet(44)) - raft.server.rpc.request.timeout = 30000ms (custom)
2021-08-16 13:10:43,901 [Listener at 127.0.0.1/10444] INFO  impl.DataStreamServerImpl (ConfUtils.java:logGet(44)) - raft.datastream.type = DISABLED (default)
2021-08-16 13:10:43,901 [Listener at 127.0.0.1/10444] INFO  server.RaftServerConfigKeys (ConfUtils.java:logGet(44)) - raft.server.rpc.slowness.timeout = 120000ms (custom)
2021-08-16 13:10:43,901 [Listener at 127.0.0.1/10444] INFO  server.RaftServerConfigKeys (ConfUtils.java:logGet(44)) - raft.server.leaderelection.leader.step-down.wait-time = 10s (default)
2021-08-16 13:10:43,902 [Listener at 127.0.0.1/10444] INFO  server.RaftServerConfigKeys (ConfUtils.java:logGet(44)) - raft.server.storage.dir = [/home/runner/work/ozone/ozone/hadoop-ozone/integration-test/target/test-dir/MiniOzoneClusterImpl-d497f94c-0a77-40f1-b0c4-d45398a5843a/scmNode-1/scm-ha] (custom)
2021-08-16 13:10:43,910 [Listener at 127.0.0.1/10444] INFO  server.RaftServer (RaftServerProxy.java:addNew(95)) - f324fcdd-c742-4882-bf0f-17e5edd5a90a: addNew group-D45398A5843A:[f324fcdd-c742-4882-bf0f-17e5edd5a90a|rpc:localhost:13640|priority:0] returns group-D45398A5843A:java.util.concurrent.CompletableFuture@14564dca[Not completed]
2021-08-16 13:10:43,910 [pool-171-thread-1] INFO  server.RaftServer$Division (RaftServerImpl.java:<init>(181)) - f324fcdd-c742-4882-bf0f-17e5edd5a90a: new RaftServerImpl for group-D45398A5843A:[f324fcdd-c742-4882-bf0f-17e5edd5a90a|rpc:localhost:13640|priority:0] with SCMStateMachine:uninitialized
2021-08-16 13:10:43,930 [pool-171-thread-1] INFO  server.RaftServerConfigKeys (ConfUtils.java:logGet(44)) - raft.server.rpc.timeout.min = 5000ms (custom)
2021-08-16 13:10:43,930 [pool-171-thread-1] INFO  server.RaftServerConfigKeys (ConfUtils.java:logGet(44)) - raft.server.rpc.timeout.max = 5200ms (custom)
2021-08-16 13:10:43,930 [pool-171-thread-1] INFO  server.RaftServerConfigKeys (ConfUtils.java:logGet(44)) - raft.server.rpc.sleep.time = 25ms (default)
2021-08-16 13:10:43,930 [pool-171-thread-1] INFO  server.RaftServerConfigKeys (ConfUtils.java:logGet(44)) - raft.server.rpc.slowness.timeout = 120000ms (custom)
2021-08-16 13:10:43,930 [pool-171-thread-1] INFO  server.RaftServerConfigKeys (ConfUtils.java:logGet(44)) - raft.server.leaderelection.leader.step-down.wait-time = 10s (default)
2021-08-16 13:10:43,931 [pool-171-thread-1] INFO  server.RaftServerConfigKeys (ConfUtils.java:logGet(44)) - raft.server.sleep.deviation.threshold = 300ms (default)
2021-08-16 13:10:43,931 [pool-171-thread-1] INFO  server.RaftServerConfigKeys (ConfUtils.java:logGet(44)) - raft.server.log.appender.install.snapshot.enabled = false (custom)
2021-08-16 13:10:43,931 [pool-171-thread-1] INFO  server.RaftServer$Division (ServerState.java:<init>(105)) - f324fcdd-c742-4882-bf0f-17e5edd5a90a@group-D45398A5843A: ConfigurationManager, init=-1: [f324fcdd-c742-4882-bf0f-17e5edd5a90a|rpc:localhost:13640|priority:0], old=null, confs=<EMPTY_MAP>
2021-08-16 13:10:43,931 [pool-171-thread-1] INFO  server.RaftServerConfigKeys (ConfUtils.java:logGet(44)) - raft.server.storage.dir = [/home/runner/work/ozone/ozone/hadoop-ozone/integration-test/target/test-dir/MiniOzoneClusterImpl-d497f94c-0a77-40f1-b0c4-d45398a5843a/scmNode-1/scm-ha] (custom)
2021-08-16 13:10:43,931 [pool-171-thread-1] INFO  server.RaftServerConfigKeys (ConfUtils.java:logGet(44)) - raft.server.log.corruption.policy = EXCEPTION (default)
2021-08-16 13:10:43,931 [pool-171-thread-1] INFO  server.RaftServerConfigKeys (ConfUtils.java:logGet(44)) - raft.server.storage.free-space.min = 0MB (=0) (default)
2021-08-16 13:10:43,931 [pool-171-thread-1] INFO  storage.RaftStorageDirectory (RaftStorageDirectoryImpl.java:analyzeStorage(135)) - The storage directory /home/runner/work/ozone/ozone/hadoop-ozone/integration-test/target/test-dir/MiniOzoneClusterImpl-d497f94c-0a77-40f1-b0c4-d45398a5843a/scmNode-1/scm-ha/d497f94c-0a77-40f1-b0c4-d45398a5843a does not exist. Creating ...
2021-08-16 13:10:43,934 [pool-171-thread-1] INFO  storage.RaftStorageDirectory (RaftStorageDirectoryImpl.java:tryLock(230)) - Lock on /home/runner/work/ozone/ozone/hadoop-ozone/integration-test/target/test-dir/MiniOzoneClusterImpl-d497f94c-0a77-40f1-b0c4-d45398a5843a/scmNode-1/scm-ha/d497f94c-0a77-40f1-b0c4-d45398a5843a/in_use.lock acquired by nodename 11556@fv-az148-41
2021-08-16 13:10:43,936 [pool-171-thread-1] INFO  storage.RaftStorage (RaftStorageImpl.java:format(89)) - Storage directory /home/runner/work/ozone/ozone/hadoop-ozone/integration-test/target/test-dir/MiniOzoneClusterImpl-d497f94c-0a77-40f1-b0c4-d45398a5843a/scmNode-1/scm-ha/d497f94c-0a77-40f1-b0c4-d45398a5843a has been successfully formatted.
2021-08-16 13:10:43,936 [pool-171-thread-1] INFO  server.RaftServerConfigKeys (ConfUtils.java:logGet(44)) - raft.server.notification.no-leader.timeout = 60s (default)
2021-08-16 13:10:43,936 [pool-171-thread-1] INFO  server.RaftServerConfigKeys (ConfUtils.java:logGet(44)) - raft.server.log.use.memory = false (default)
2021-08-16 13:10:43,936 [pool-171-thread-1] INFO  server.RaftServerConfigKeys (ConfUtils.java:logGet(44)) - raft.server.log.purge.gap = 5 (custom)
2021-08-16 13:10:43,936 [pool-171-thread-1] INFO  server.RaftServerConfigKeys (ConfUtils.java:logGet(44)) - raft.server.log.appender.buffer.byte-limit = 33554432 (custom)
2021-08-16 13:10:43,937 [pool-171-thread-1] INFO  server.RaftServerConfigKeys (ConfUtils.java:logGet(44)) - raft.server.log.segment.size.max = 16384 (custom)
2021-08-16 13:10:43,937 [pool-171-thread-1] INFO  server.RaftServerConfigKeys (ConfUtils.java:logGet(44)) - raft.server.log.segment.cache.num.max = 2 (custom)
2021-08-16 13:10:43,937 [pool-171-thread-1] INFO  server.RaftServerConfigKeys (ConfUtils.java:logGet(44)) - raft.server.log.segment.cache.size.max = 200MB (=209715200) (default)
2021-08-16 13:10:43,937 [pool-171-thread-1] INFO  segmented.SegmentedRaftLogWorker (SegmentedRaftLogWorker.java:<init>(182)) - new f324fcdd-c742-4882-bf0f-17e5edd5a90a@group-D45398A5843A-SegmentedRaftLogWorker for RaftStorageImpl:Storage Directory /home/runner/work/ozone/ozone/hadoop-ozone/integration-test/target/test-dir/MiniOzoneClusterImpl-d497f94c-0a77-40f1-b0c4-d45398a5843a/scmNode-1/scm-ha/d497f94c-0a77-40f1-b0c4-d45398a5843a
2021-08-16 13:10:43,937 [pool-171-thread-1] INFO  server.RaftServerConfigKeys (ConfUtils.java:logGet(44)) - raft.server.log.queue.byte-limit = 64MB (=67108864) (default)
2021-08-16 13:10:43,937 [pool-171-thread-1] INFO  server.RaftServerConfigKeys (ConfUtils.java:logGet(44)) - raft.server.log.queue.element-limit = 4096 (default)
2021-08-16 13:10:43,937 [pool-171-thread-1] INFO  server.RaftServerConfigKeys (ConfUtils.java:logGet(44)) - raft.server.log.segment.size.max = 16384 (custom)
2021-08-16 13:10:43,937 [pool-171-thread-1] INFO  server.RaftServerConfigKeys (ConfUtils.java:logGet(44)) - raft.server.log.preallocated.size = 16384 (custom)
2021-08-16 13:10:43,937 [pool-171-thread-1] INFO  server.RaftServerConfigKeys (ConfUtils.java:logGet(44)) - raft.server.log.force.sync.num = 128 (default)
2021-08-16 13:10:43,937 [pool-171-thread-1] INFO  server.RaftServerConfigKeys (ConfUtils.java:logGet(44)) - raft.server.log.statemachine.data.sync = true (default)
2021-08-16 13:10:43,937 [pool-171-thread-1] INFO  server.RaftServerConfigKeys (ConfUtils.java:logGet(44)) - raft.server.log.statemachine.data.sync.timeout = 10s (default)
2021-08-16 13:10:43,937 [pool-171-thread-1] INFO  server.RaftServerConfigKeys (ConfUtils.java:logGet(44)) - raft.server.log.statemachine.data.sync.timeout.retry = -1 (default)
2021-08-16 13:10:43,938 [pool-171-thread-1] INFO  server.RaftServerConfigKeys (ConfUtils.java:logGet(44)) - raft.server.log.write.buffer.size = 64KB (=65536) (default)
2021-08-16 13:10:43,938 [pool-171-thread-1] INFO  server.RaftServerConfigKeys (ConfUtils.java:logGet(44)) - raft.server.log.statemachine.data.caching.enabled = false (default)
2021-08-16 13:10:43,938 [pool-171-thread-1] INFO  segmented.SegmentedRaftLogWorker (SegmentedRaftLogWorker.java:lambda$new$0(133)) - f324fcdd-c742-4882-bf0f-17e5edd5a90a@group-D45398A5843A-SegmentedRaftLogWorker: flushIndex: setUnconditionally 0 -> -1
2021-08-16 13:10:43,938 [pool-171-thread-1] INFO  segmented.SegmentedRaftLogWorker (SegmentedRaftLogWorker.java:lambda$new$0(133)) - f324fcdd-c742-4882-bf0f-17e5edd5a90a@group-D45398A5843A-SegmentedRaftLogWorker: safeCacheEvictIndex: setUnconditionally 0 -> -1
2021-08-16 13:10:43,942 [pool-171-thread-1] INFO  server.RaftServerConfigKeys (ConfUtils.java:logGet(44)) - raft.server.snapshot.auto.trigger.enabled = true (custom)
2021-08-16 13:10:43,942 [pool-171-thread-1] INFO  server.RaftServerConfigKeys (ConfUtils.java:logGet(44)) - raft.server.snapshot.auto.trigger.threshold = 5 (custom)
2021-08-16 13:10:43,942 [pool-171-thread-1] INFO  server.RaftServerConfigKeys (ConfUtils.java:logGet(44)) - raft.server.snapshot.retention.file.num = -1 (default)
2021-08-16 13:10:43,942 [pool-171-thread-1] INFO  server.RaftServerConfigKeys (ConfUtils.java:logGet(44)) - raft.server.log.purge.upto.snapshot.index = true (custom)
2021-08-16 13:10:43,942 [pool-171-thread-1] INFO  server.RaftServerConfigKeys (ConfUtils.java:logGet(44)) - raft.server.retrycache.expirytime = 60000ms (default)
2021-08-16 13:10:43,942 [pool-171-thread-1] INFO  server.RaftServerConfigKeys (ConfUtils.java:logGet(44)) - raft.server.retrycache.statistics.expirytime = 100μs (default)
2021-08-16 13:10:43,943 [Listener at 127.0.0.1/10444] INFO  server.RaftServer$Division (RaftServerImpl.java:start(296)) - f324fcdd-c742-4882-bf0f-17e5edd5a90a@group-D45398A5843A: start as a follower, conf=-1: [f324fcdd-c742-4882-bf0f-17e5edd5a90a|rpc:localhost:13640|priority:0], old=null
2021-08-16 13:10:43,943 [Listener at 127.0.0.1/10444] INFO  server.RaftServer$Division (RaftServerImpl.java:setRole(285)) - f324fcdd-c742-4882-bf0f-17e5edd5a90a@group-D45398A5843A: changes role from      null to FOLLOWER at term 0 for startAsFollower
2021-08-16 13:10:43,943 [Listener at 127.0.0.1/10444] INFO  impl.RoleInfo (RoleInfo.java:updateAndGet(130)) - f324fcdd-c742-4882-bf0f-17e5edd5a90a: start f324fcdd-c742-4882-bf0f-17e5edd5a90a@group-D45398A5843A-FollowerState
2021-08-16 13:10:43,947 [Listener at 127.0.0.1/10444] INFO  util.JmxRegister (JmxRegister.java:tryRegister(44)) - Successfully registered JMX Bean with object name Ratis:service=RaftServer,group=group-D45398A5843A,id=f324fcdd-c742-4882-bf0f-17e5edd5a90a
2021-08-16 13:10:43,948 [Listener at 127.0.0.1/10444] INFO  server.RaftServer (RaftServerProxy.java:lambda$start$5(374)) - f324fcdd-c742-4882-bf0f-17e5edd5a90a: start RPC server
2021-08-16 13:10:43,955 [Listener at 127.0.0.1/10444] INFO  server.GrpcService (GrpcService.java:startImpl(253)) - f324fcdd-c742-4882-bf0f-17e5edd5a90a: GrpcService started, listening on 13640
2021-08-16 13:10:43,955 [org.apache.ratis.util.JvmPauseMonitor$$Lambda$499/1198442960@50a0404b] INFO  util.JvmPauseMonitor (JvmPauseMonitor.java:run(103)) - JvmPauseMonitor-f324fcdd-c742-4882-bf0f-17e5edd5a90a: Started
2021-08-16 13:10:44,470 [EndpointStateMachine task thread for /127.0.0.1:15301 - 0 ] INFO  ipc.Client (Client.java:handleConnectionFailure(977)) - Retrying connect to server: localhost/127.0.0.1:15301. Already tried 3 time(s); retry policy is RetryUpToMaximumCountWithFixedSleep(maxRetries=15, sleepTime=1000 MILLISECONDS)
2021-08-16 13:10:44,473 [EndpointStateMachine task thread for /127.0.0.1:15281 - 0 ] INFO  ipc.Client (Client.java:handleConnectionFailure(977)) - Retrying connect to server: localhost/127.0.0.1:15281. Already tried 3 time(s); retry policy is RetryUpToMaximumCountWithFixedSleep(maxRetries=15, sleepTime=1000 MILLISECONDS)
2021-08-16 13:10:44,473 [EndpointStateMachine task thread for /127.0.0.1:15291 - 0 ] INFO  ipc.Client (Client.java:handleConnectionFailure(977)) - Retrying connect to server: localhost/127.0.0.1:15291. Already tried 3 time(s); retry policy is RetryUpToMaximumCountWithFixedSleep(maxRetries=15, sleepTime=1000 MILLISECONDS)
2021-08-16 13:10:45,471 [EndpointStateMachine task thread for /127.0.0.1:15301 - 0 ] INFO  ipc.Client (Client.java:handleConnectionFailure(977)) - Retrying connect to server: localhost/127.0.0.1:15301. Already tried 4 time(s); retry policy is RetryUpToMaximumCountWithFixedSleep(maxRetries=15, sleepTime=1000 MILLISECONDS)
2021-08-16 13:10:45,474 [EndpointStateMachine task thread for /127.0.0.1:15281 - 0 ] INFO  ipc.Client (Client.java:handleConnectionFailure(977)) - Retrying connect to server: localhost/127.0.0.1:15281. Already tried 4 time(s); retry policy is RetryUpToMaximumCountWithFixedSleep(maxRetries=15, sleepTime=1000 MILLISECONDS)
2021-08-16 13:10:45,474 [EndpointStateMachine task thread for /127.0.0.1:15291 - 0 ] INFO  ipc.Client (Client.java:handleConnectionFailure(977)) - Retrying connect to server: localhost/127.0.0.1:15291. Already tried 4 time(s); retry policy is RetryUpToMaximumCountWithFixedSleep(maxRetries=15, sleepTime=1000 MILLISECONDS)
2021-08-16 13:10:46,471 [EndpointStateMachine task thread for /127.0.0.1:15301 - 0 ] INFO  ipc.Client (Client.java:handleConnectionFailure(977)) - Retrying connect to server: localhost/127.0.0.1:15301. Already tried 5 time(s); retry policy is RetryUpToMaximumCountWithFixedSleep(maxRetries=15, sleepTime=1000 MILLISECONDS)
2021-08-16 13:10:46,474 [EndpointStateMachine task thread for /127.0.0.1:15281 - 0 ] INFO  ipc.Client (Client.java:handleConnectionFailure(977)) - Retrying connect to server: localhost/127.0.0.1:15281. Already tried 5 time(s); retry policy is RetryUpToMaximumCountWithFixedSleep(maxRetries=15, sleepTime=1000 MILLISECONDS)
2021-08-16 13:10:46,474 [EndpointStateMachine task thread for /127.0.0.1:15291 - 0 ] INFO  ipc.Client (Client.java:handleConnectionFailure(977)) - Retrying connect to server: localhost/127.0.0.1:15291. Already tried 5 time(s); retry policy is RetryUpToMaximumCountWithFixedSleep(maxRetries=15, sleepTime=1000 MILLISECONDS)
2021-08-16 13:10:47,472 [EndpointStateMachine task thread for /127.0.0.1:15301 - 0 ] INFO  ipc.Client (Client.java:handleConnectionFailure(977)) - Retrying connect to server: localhost/127.0.0.1:15301. Already tried 6 time(s); retry policy is RetryUpToMaximumCountWithFixedSleep(maxRetries=15, sleepTime=1000 MILLISECONDS)
2021-08-16 13:10:47,474 [EndpointStateMachine task thread for /127.0.0.1:15281 - 0 ] INFO  ipc.Client (Client.java:handleConnectionFailure(977)) - Retrying connect to server: localhost/127.0.0.1:15281. Already tried 6 time(s); retry policy is RetryUpToMaximumCountWithFixedSleep(maxRetries=15, sleepTime=1000 MILLISECONDS)
2021-08-16 13:10:47,475 [EndpointStateMachine task thread for /127.0.0.1:15291 - 0 ] INFO  ipc.Client (Client.java:handleConnectionFailure(977)) - Retrying connect to server: localhost/127.0.0.1:15291. Already tried 6 time(s); retry policy is RetryUpToMaximumCountWithFixedSleep(maxRetries=15, sleepTime=1000 MILLISECONDS)
2021-08-16 13:10:48,473 [EndpointStateMachine task thread for /127.0.0.1:15301 - 0 ] INFO  ipc.Client (Client.java:handleConnectionFailure(977)) - Retrying connect to server: localhost/127.0.0.1:15301. Already tried 7 time(s); retry policy is RetryUpToMaximumCountWithFixedSleep(maxRetries=15, sleepTime=1000 MILLISECONDS)
2021-08-16 13:10:48,475 [EndpointStateMachine task thread for /127.0.0.1:15281 - 0 ] INFO  ipc.Client (Client.java:handleConnectionFailure(977)) - Retrying connect to server: localhost/127.0.0.1:15281. Already tried 7 time(s); retry policy is RetryUpToMaximumCountWithFixedSleep(maxRetries=15, sleepTime=1000 MILLISECONDS)
2021-08-16 13:10:48,475 [EndpointStateMachine task thread for /127.0.0.1:15291 - 0 ] INFO  ipc.Client (Client.java:handleConnectionFailure(977)) - Retrying connect to server: localhost/127.0.0.1:15291. Already tried 7 time(s); retry policy is RetryUpToMaximumCountWithFixedSleep(maxRetries=15, sleepTime=1000 MILLISECONDS)
2021-08-16 13:10:49,144 [f324fcdd-c742-4882-bf0f-17e5edd5a90a@group-D45398A5843A-FollowerState] INFO  impl.FollowerState (FollowerState.java:run(134)) - f324fcdd-c742-4882-bf0f-17e5edd5a90a@group-D45398A5843A-FollowerState: change to CANDIDATE, lastRpcElapsedTime:5201225911ns, electionTimeout:5193ms
2021-08-16 13:10:49,145 [f324fcdd-c742-4882-bf0f-17e5edd5a90a@group-D45398A5843A-FollowerState] INFO  impl.RoleInfo (RoleInfo.java:shutdownFollowerState(108)) - f324fcdd-c742-4882-bf0f-17e5edd5a90a: shutdown f324fcdd-c742-4882-bf0f-17e5edd5a90a@group-D45398A5843A-FollowerState
2021-08-16 13:10:49,145 [f324fcdd-c742-4882-bf0f-17e5edd5a90a@group-D45398A5843A-FollowerState] INFO  server.RaftServer$Division (RaftServerImpl.java:setRole(285)) - f324fcdd-c742-4882-bf0f-17e5edd5a90a@group-D45398A5843A: changes role from  FOLLOWER to CANDIDATE at term 0 for changeToCandidate
2021-08-16 13:10:49,145 [f324fcdd-c742-4882-bf0f-17e5edd5a90a@group-D45398A5843A-FollowerState] INFO  server.RaftServerConfigKeys (ConfUtils.java:logGet(44)) - raft.server.leaderelection.pre-vote = false (custom)
2021-08-16 13:10:49,145 [f324fcdd-c742-4882-bf0f-17e5edd5a90a@group-D45398A5843A-FollowerState] INFO  impl.RoleInfo (RoleInfo.java:updateAndGet(130)) - f324fcdd-c742-4882-bf0f-17e5edd5a90a: start f324fcdd-c742-4882-bf0f-17e5edd5a90a@group-D45398A5843A-LeaderElection14
2021-08-16 13:10:49,160 [f324fcdd-c742-4882-bf0f-17e5edd5a90a@group-D45398A5843A-LeaderElection14] INFO  impl.LeaderElection (LeaderElection.java:askForVotes(306)) - f324fcdd-c742-4882-bf0f-17e5edd5a90a@group-D45398A5843A-LeaderElection14 ELECTION round 0: submit vote requests at term 1 for -1: [f324fcdd-c742-4882-bf0f-17e5edd5a90a|rpc:localhost:13640|priority:0], old=null
2021-08-16 13:10:49,160 [f324fcdd-c742-4882-bf0f-17e5edd5a90a@group-D45398A5843A-LeaderElection14] INFO  impl.LeaderElection (LeaderElection.java:askForVotes(308)) - f324fcdd-c742-4882-bf0f-17e5edd5a90a@group-D45398A5843A-LeaderElection14 ELECTION round 0: result PASSED (term=1)
2021-08-16 13:10:49,160 [f324fcdd-c742-4882-bf0f-17e5edd5a90a@group-D45398A5843A-LeaderElection14] INFO  impl.RoleInfo (RoleInfo.java:shutdownLeaderElection(121)) - f324fcdd-c742-4882-bf0f-17e5edd5a90a: shutdown f324fcdd-c742-4882-bf0f-17e5edd5a90a@group-D45398A5843A-LeaderElection14
2021-08-16 13:10:49,160 [f324fcdd-c742-4882-bf0f-17e5edd5a90a@group-D45398A5843A-LeaderElection14] INFO  server.RaftServer$Division (RaftServerImpl.java:setRole(285)) - f324fcdd-c742-4882-bf0f-17e5edd5a90a@group-D45398A5843A: changes role from CANDIDATE to LEADER at term 1 for changeToLeader
2021-08-16 13:10:49,160 [f324fcdd-c742-4882-bf0f-17e5edd5a90a@group-D45398A5843A-LeaderElection14] INFO  server.RaftServer$Division (ServerState.java:setLeader(285)) - f324fcdd-c742-4882-bf0f-17e5edd5a90a@group-D45398A5843A: change Leader from null to f324fcdd-c742-4882-bf0f-17e5edd5a90a at term 1 for becomeLeader, leader elected after 5224ms
2021-08-16 13:10:49,160 [f324fcdd-c742-4882-bf0f-17e5edd5a90a@group-D45398A5843A-LeaderElection14] INFO  server.RaftServerConfigKeys (ConfUtils.java:logGet(44)) - raft.server.staging.catchup.gap = 1000 (default)
2021-08-16 13:10:49,160 [f324fcdd-c742-4882-bf0f-17e5edd5a90a@group-D45398A5843A-LeaderElection14] INFO  server.RaftServerConfigKeys (ConfUtils.java:logGet(44)) - raft.server.write.element-limit = 4096 (default)
2021-08-16 13:10:49,160 [f324fcdd-c742-4882-bf0f-17e5edd5a90a@group-D45398A5843A-LeaderElection14] INFO  server.RaftServerConfigKeys (ConfUtils.java:logGet(44)) - raft.server.write.byte-limit = 64MB (=67108864) (default)
2021-08-16 13:10:49,161 [f324fcdd-c742-4882-bf0f-17e5edd5a90a@group-D45398A5843A-LeaderElection14] INFO  server.RaftServerConfigKeys (ConfUtils.java:logGet(44)) - raft.server.watch.timeout = 10s (default)
2021-08-16 13:10:49,161 [f324fcdd-c742-4882-bf0f-17e5edd5a90a@group-D45398A5843A-LeaderElection14] INFO  server.RaftServerConfigKeys (ConfUtils.java:logGet(44)) - raft.server.watch.timeout.denomination = 1s (default)
2021-08-16 13:10:49,161 [f324fcdd-c742-4882-bf0f-17e5edd5a90a@group-D45398A5843A-LeaderElection14] INFO  server.RaftServerConfigKeys (ConfUtils.java:logGet(44)) - raft.server.watch.element-limit = 65536 (default)
2021-08-16 13:10:49,161 [f324fcdd-c742-4882-bf0f-17e5edd5a90a@group-D45398A5843A-LeaderElection14] INFO  impl.RoleInfo (RoleInfo.java:updateAndGet(130)) - f324fcdd-c742-4882-bf0f-17e5edd5a90a: start f324fcdd-c742-4882-bf0f-17e5edd5a90a@group-D45398A5843A-LeaderStateImpl
2021-08-16 13:10:49,161 [f324fcdd-c742-4882-bf0f-17e5edd5a90a@group-D45398A5843A-LeaderElection14] INFO  segmented.SegmentedRaftLogWorker (SegmentedRaftLogWorker.java:startLogSegment(394)) - f324fcdd-c742-4882-bf0f-17e5edd5a90a@group-D45398A5843A-SegmentedRaftLogWorker: Starting segment from index:0
2021-08-16 13:10:49,166 [f324fcdd-c742-4882-bf0f-17e5edd5a90a@group-D45398A5843A-LeaderElection14] INFO  server.RaftServer$Division (ServerState.java:setRaftConf(387)) - f324fcdd-c742-4882-bf0f-17e5edd5a90a@group-D45398A5843A: set configuration 0: [f324fcdd-c742-4882-bf0f-17e5edd5a90a|rpc:localhost:13640|admin:|client:|dataStream:|priority:0], old=null
2021-08-16 13:10:49,167 [f324fcdd-c742-4882-bf0f-17e5edd5a90a@group-D45398A5843A-SegmentedRaftLogWorker] INFO  segmented.SegmentedRaftLogWorker (SegmentedRaftLogWorker.java:execute(601)) - f324fcdd-c742-4882-bf0f-17e5edd5a90a@group-D45398A5843A-SegmentedRaftLogWorker: created new log segment /home/runner/work/ozone/ozone/hadoop-ozone/integration-test/target/test-dir/MiniOzoneClusterImpl-d497f94c-0a77-40f1-b0c4-d45398a5843a/scmNode-1/scm-ha/d497f94c-0a77-40f1-b0c4-d45398a5843a/current/log_inprogress_0
2021-08-16 13:10:49,473 [EndpointStateMachine task thread for /127.0.0.1:15301 - 0 ] INFO  ipc.Client (Client.java:handleConnectionFailure(977)) - Retrying connect to server: localhost/127.0.0.1:15301. Already tried 8 time(s); retry policy is RetryUpToMaximumCountWithFixedSleep(maxRetries=15, sleepTime=1000 MILLISECONDS)
2021-08-16 13:10:49,476 [EndpointStateMachine task thread for /127.0.0.1:15291 - 0 ] INFO  ipc.Client (Client.java:handleConnectionFailure(977)) - Retrying connect to server: localhost/127.0.0.1:15291. Already tried 8 time(s); retry policy is RetryUpToMaximumCountWithFixedSleep(maxRetries=15, sleepTime=1000 MILLISECONDS)
2021-08-16 13:10:49,476 [EndpointStateMachine task thread for /127.0.0.1:15281 - 0 ] INFO  ipc.Client (Client.java:handleConnectionFailure(977)) - Retrying connect to server: localhost/127.0.0.1:15281. Already tried 8 time(s); retry policy is RetryUpToMaximumCountWithFixedSleep(maxRetries=15, sleepTime=1000 MILLISECONDS)
2021-08-16 13:10:49,956 [Listener at 127.0.0.1/10444] INFO  server.RaftServer (RaftServerProxy.java:lambda$close$6(391)) - f324fcdd-c742-4882-bf0f-17e5edd5a90a: close
2021-08-16 13:10:49,956 [Listener at 127.0.0.1/10444] INFO  server.RaftServer$Division (RaftServerImpl.java:lambda$close$4(407)) - f324fcdd-c742-4882-bf0f-17e5edd5a90a@group-D45398A5843A: shutdown
2021-08-16 13:10:49,956 [Listener at 127.0.0.1/10444] INFO  util.JmxRegister (JmxRegister.java:unregister(73)) - Successfully un-registered JMX Bean with object name Ratis:service=RaftServer,group=group-D45398A5843A,id=f324fcdd-c742-4882-bf0f-17e5edd5a90a
2021-08-16 13:10:49,957 [Listener at 127.0.0.1/10444] INFO  impl.RoleInfo (RoleInfo.java:shutdownLeaderState(91)) - f324fcdd-c742-4882-bf0f-17e5edd5a90a: shutdown f324fcdd-c742-4882-bf0f-17e5edd5a90a@group-D45398A5843A-LeaderStateImpl
2021-08-16 13:10:49,957 [Listener at 127.0.0.1/10444] INFO  impl.PendingRequests (PendingRequests.java:sendNotLeaderResponses(282)) - f324fcdd-c742-4882-bf0f-17e5edd5a90a@group-D45398A5843A-PendingRequests: sendNotLeaderResponses
2021-08-16 13:10:49,957 [Listener at 127.0.0.1/10444] INFO  impl.StateMachineUpdater (StateMachineUpdater.java:stopAndJoin(149)) - f324fcdd-c742-4882-bf0f-17e5edd5a90a@group-D45398A5843A-StateMachineUpdater: set stopIndex = 0
2021-08-16 13:10:49,958 [f324fcdd-c742-4882-bf0f-17e5edd5a90a@group-D45398A5843A-StateMachineUpdater] INFO  impl.StateMachineUpdater (StateMachineUpdater.java:takeSnapshot(281)) - f324fcdd-c742-4882-bf0f-17e5edd5a90a@group-D45398A5843A-StateMachineUpdater: Took a snapshot at index 0
2021-08-16 13:10:49,958 [f324fcdd-c742-4882-bf0f-17e5edd5a90a@group-D45398A5843A-StateMachineUpdater] INFO  impl.StateMachineUpdater (StateMachineUpdater.java:lambda$new$0(89)) - f324fcdd-c742-4882-bf0f-17e5edd5a90a@group-D45398A5843A-StateMachineUpdater: snapshotIndex: updateIncreasingly -1 -> 0
2021-08-16 13:10:49,958 [Listener at 127.0.0.1/10444] INFO  server.RaftServer$Division (ServerState.java:close(419)) - f324fcdd-c742-4882-bf0f-17e5edd5a90a@group-D45398A5843A: closes. applyIndex: 0
2021-08-16 13:10:49,958 [f324fcdd-c742-4882-bf0f-17e5edd5a90a@group-D45398A5843A-SegmentedRaftLogWorker] INFO  segmented.SegmentedRaftLogWorker (SegmentedRaftLogWorker.java:run(327)) - f324fcdd-c742-4882-bf0f-17e5edd5a90a@group-D45398A5843A-SegmentedRaftLogWorker was interrupted, exiting. There are 0 tasks remaining in the queue.
2021-08-16 13:10:49,959 [Listener at 127.0.0.1/10444] INFO  segmented.SegmentedRaftLogWorker (SegmentedRaftLogWorker.java:close(237)) - f324fcdd-c742-4882-bf0f-17e5edd5a90a@group-D45398A5843A-SegmentedRaftLogWorker close()
2021-08-16 13:10:49,959 [Listener at 127.0.0.1/10444] INFO  server.GrpcService (GrpcService.java:closeImpl(262)) - f324fcdd-c742-4882-bf0f-17e5edd5a90a: shutdown server with port 13640 now
2021-08-16 13:10:49,960 [Listener at 127.0.0.1/10444] INFO  server.GrpcService (GrpcService.java:closeImpl(271)) - f324fcdd-c742-4882-bf0f-17e5edd5a90a: shutdown server with port 13640 successfully
2021-08-16 13:10:49,960 [org.apache.ratis.util.JvmPauseMonitor$$Lambda$499/1198442960@50a0404b] INFO  util.JvmPauseMonitor (JvmPauseMonitor.java:run(109)) - JvmPauseMonitor-f324fcdd-c742-4882-bf0f-17e5edd5a90a: Stopped
2021-08-16 13:10:49,960 [Listener at 127.0.0.1/10444] WARN  server.ServerUtils (ServerUtils.java:getScmDbDir(148)) - ozone.scm.db.dirs is not configured. We recommend adding this setting. Falling back to ozone.metadata.dirs instead.
2021-08-16 13:10:49,963 [Listener at 127.0.0.1/10444] INFO  server.StorageContainerManager (StorageContainerManager.java:scmInit(1021)) - SCM initialization succeeded. Current cluster id for sd=/home/runner/work/ozone/ozone/hadoop-ozone/integration-test/target/test-dir/MiniOzoneClusterImpl-d497f94c-0a77-40f1-b0c4-d45398a5843a/scmNode-1/scm; cid=d497f94c-0a77-40f1-b0c4-d45398a5843a; layoutVersion=2; scmId=f324fcdd-c742-4882-bf0f-17e5edd5a90a
2021-08-16 13:10:49,963 [Listener at 127.0.0.1/10444] INFO  ha.SCMHANodeDetails (SCMHANodeDetails.java:loadSCMHAConfig(157)) - ServiceID for StorageContainerManager is scm-service-test1
2021-08-16 13:10:49,963 [Listener at 127.0.0.1/10444] INFO  ha.SCMHANodeDetails (SCMHANodeDetails.java:loadSCMHAConfig(168)) - ServiceID for StorageContainerManager is scm-service-test1
2021-08-16 13:10:49,963 [Listener at 127.0.0.1/10444] WARN  scm.ScmUtils (ScmUtils.java:logWarn(179)) - ConfigKey ozone.scm.block.client.address is deprecated, For configuring different ports for each SCM use PortConfigKey ozone.scm.block.client.port appended with serviceId and nodeId. If want to configure same port configure ozone.scm.block.client.port
2021-08-16 13:10:49,963 [Listener at 127.0.0.1/10444] WARN  scm.ScmUtils (ScmUtils.java:logWarn(179)) - ConfigKey ozone.scm.client.address is deprecated, For configuring different ports for each SCM use PortConfigKey ozone.scm.client.port appended with serviceId and nodeId. If want to configure same port configure ozone.scm.client.port
2021-08-16 13:10:49,963 [Listener at 127.0.0.1/10444] WARN  scm.ScmUtils (ScmUtils.java:logWarn(179)) - ConfigKey ozone.scm.datanode.address is deprecated, For configuring different ports for each SCM use PortConfigKey ozone.scm.datanode.port appended with serviceId and nodeId. If want to configure same port configure ozone.scm.datanode.port
2021-08-16 13:10:49,964 [Listener at 127.0.0.1/10444] WARN  scm.ScmUtils (ScmUtils.java:logWarn(179)) - ConfigKey ozone.scm.block.client.address is deprecated, For configuring different ports for each SCM use PortConfigKey ozone.scm.block.client.port appended with serviceId and nodeId. If want to configure same port configure ozone.scm.block.client.port
2021-08-16 13:10:49,964 [Listener at 127.0.0.1/10444] WARN  scm.ScmUtils (ScmUtils.java:logWarn(179)) - ConfigKey ozone.scm.client.address is deprecated, For configuring different ports for each SCM use PortConfigKey ozone.scm.client.port appended with serviceId and nodeId. If want to configure same port configure ozone.scm.client.port
2021-08-16 13:10:49,964 [Listener at 127.0.0.1/10444] WARN  scm.ScmUtils (ScmUtils.java:logWarn(179)) - ConfigKey ozone.scm.datanode.address is deprecated, For configuring different ports for each SCM use PortConfigKey ozone.scm.datanode.port appended with serviceId and nodeId. If want to configure same port configure ozone.scm.datanode.port
2021-08-16 13:10:49,964 [Listener at 127.0.0.1/10444] INFO  ha.SCMHANodeDetails (SCMHANodeDetails.java:loadSCMHAConfig(250)) - Found matching SCM address with SCMServiceId: scm-service-test1, SCMNodeId: scmNode-1, RPC Address: localhost:13640 and Ratis port: 13640
2021-08-16 13:10:49,964 [Listener at 127.0.0.1/10444] INFO  ha.SCMHANodeDetails (ConfUtils.java:setNodeSpecificConfigs(108)) - Setting configuration key ozone.scm.datanode.address with value of key ozone.scm.datanode.address.scm-service-test1.scmNode-1: 127.0.0.1:13641
2021-08-16 13:10:49,964 [Listener at 127.0.0.1/10444] INFO  ha.SCMHANodeDetails (ConfUtils.java:setNodeSpecificConfigs(108)) - Setting configuration key ozone.scm.block.client.address with value of key ozone.scm.block.client.address.scm-service-test1.scmNode-1: 127.0.0.1:13642
2021-08-16 13:10:49,964 [Listener at 127.0.0.1/10444] INFO  ha.SCMHANodeDetails (ConfUtils.java:setNodeSpecificConfigs(108)) - Setting configuration key ozone.scm.client.address with value of key ozone.scm.client.address.scm-service-test1.scmNode-1: 127.0.0.1:13643
2021-08-16 13:10:49,964 [Listener at 127.0.0.1/10444] INFO  ha.SCMHANodeDetails (ConfUtils.java:setNodeSpecificConfigs(108)) - Setting configuration key ozone.scm.ratis.port with value of key ozone.scm.ratis.port.scm-service-test1.scmNode-1: 13640
2021-08-16 13:10:49,964 [Listener at 127.0.0.1/10444] INFO  ha.SCMHANodeDetails (ConfUtils.java:setNodeSpecificConfigs(108)) - Setting configuration key ozone.scm.grpc.port with value of key ozone.scm.grpc.port.scm-service-test1.scmNode-1: 13644
2021-08-16 13:10:49,965 [Listener at 127.0.0.1/10444] INFO  ha.SCMHANodeDetails (ConfUtils.java:setNodeSpecificConfigs(108)) - Setting configuration key ozone.scm.http-address with value of key ozone.scm.http-address.scm-service-test1.scmNode-1: 127.0.0.1:13638
2021-08-16 13:10:49,965 [Listener at 127.0.0.1/10444] INFO  ha.SCMHANodeDetails (ConfUtils.java:setNodeSpecificConfigs(108)) - Setting configuration key ozone.scm.https-address with value of key ozone.scm.https-address.scm-service-test1.scmNode-1: 127.0.0.1:13639
2021-08-16 13:10:49,965 [Listener at 127.0.0.1/10444] INFO  ha.SCMHANodeDetails (ConfUtils.java:setNodeSpecificConfigs(108)) - Setting configuration key ozone.scm.address with value of key ozone.scm.address.scm-service-test1.scmNode-1: 127.0.0.1
2021-08-16 13:10:49,965 [Listener at 127.0.0.1/10444] WARN  scm.ScmUtils (ScmUtils.java:logWarn(179)) - ConfigKey ozone.scm.block.client.address is deprecated, For configuring different ports for each SCM use PortConfigKey ozone.scm.block.client.port appended with serviceId and nodeId. If want to configure same port configure ozone.scm.block.client.port
2021-08-16 13:10:49,965 [Listener at 127.0.0.1/10444] WARN  scm.ScmUtils (ScmUtils.java:logWarn(179)) - ConfigKey ozone.scm.client.address is deprecated, For configuring different ports for each SCM use PortConfigKey ozone.scm.client.port appended with serviceId and nodeId. If want to configure same port configure ozone.scm.client.port
2021-08-16 13:10:49,965 [Listener at 127.0.0.1/10444] WARN  scm.ScmUtils (ScmUtils.java:logWarn(179)) - ConfigKey ozone.scm.datanode.address is deprecated, For configuring different ports for each SCM use PortConfigKey ozone.scm.datanode.port appended with serviceId and nodeId. If want to configure same port configure ozone.scm.datanode.port
2021-08-16 13:10:49,965 [Listener at 127.0.0.1/10444] WARN  server.ServerUtils (ServerUtils.java:getScmDbDir(148)) - ozone.scm.db.dirs is not configured. We recommend adding this setting. Falling back to ozone.metadata.dirs instead.
2021-08-16 13:10:49,966 [Listener at 127.0.0.1/10444] INFO  upgrade.AbstractLayoutVersionManager (AbstractLayoutVersionManager.java:init(70)) - Initializing Layout version manager with metadata layout = SCM_HA (version = 2), software layout = SCM_HA (version = 2)
2021-08-16 13:10:50,064 [Listener at 127.0.0.1/10444] INFO  reflections.Reflections (Reflections.java:scan(232)) - Reflections took 80 ms to scan 7 urls, producing 120 keys and 275 values 
2021-08-16 13:10:50,076 [Listener at 127.0.0.1/10444] WARN  utils.HAUtils (HAUtils.java:getMetaDir(342)) - ozone.scm.db.dirs is not configured. We recommend adding this setting. Falling back to ozone.metadata.dirs instead.
2021-08-16 13:10:50,078 [Listener at 127.0.0.1/10444] WARN  db.DBStoreBuilder (DBStoreBuilder.java:applyDBDefinition(145)) - ozone.scm.db.dirs is not configured. We recommend adding this setting. Falling back to ozone.metadata.dirs instead.
2021-08-16 13:10:50,203 [Listener at 127.0.0.1/10444] INFO  net.NodeSchemaLoader (NodeSchemaLoader.java:loadSchemaFromFile(129)) - Loading schema from [jar:file:/home/runner/.m2/repository/org/apache/ozone/hdds-common/1.2.0-SNAPSHOT/hdds-common-1.2.0-SNAPSHOT.jar!/network-topology-default.xml]
2021-08-16 13:10:50,203 [Listener at 127.0.0.1/10444] INFO  net.NodeSchemaLoader (NodeSchemaLoader.java:loadSchema(176)) - Loading network topology layer schema file
2021-08-16 13:10:50,209 [Listener at 127.0.0.1/10444] INFO  ha.SCMRatisServerImpl (SCMRatisServerImpl.java:<init>(85)) - starting Raft server for scm:f324fcdd-c742-4882-bf0f-17e5edd5a90a
2021-08-16 13:10:50,214 [Listener at 127.0.0.1/10444] INFO  server.RaftServer (ConfUtils.java:logGet(44)) - raft.rpc.type = GRPC (default)
2021-08-16 13:10:50,215 [Listener at 127.0.0.1/10444] INFO  grpc.GrpcFactory (GrpcFactory.java:checkPooledByteBufAllocatorUseCacheForAllThreads(48)) - PERFORMANCE WARNING: useCacheForAllThreads is true that may cause Netty to create a lot garbage objects and, as a result, trigger GC.
	It is recommended to disable useCacheForAllThreads by setting -Dorg.apache.ratis.thirdparty.io.netty.allocator.useCacheForAllThreads=false in command line.
2021-08-16 13:10:50,215 [Listener at 127.0.0.1/10444] INFO  grpc.GrpcConfigKeys (ConfUtils.java:logGet(44)) - raft.grpc.admin.port = -1 (default)
2021-08-16 13:10:50,216 [Listener at 127.0.0.1/10444] INFO  grpc.GrpcConfigKeys (ConfUtils.java:logGet(44)) - raft.grpc.server.port = 13640 (custom)
2021-08-16 13:10:50,216 [Listener at 127.0.0.1/10444] INFO  grpc.GrpcConfigKeys (ConfUtils.java:logGet(44)) - raft.grpc.client.port = -1 (default)
2021-08-16 13:10:50,216 [Listener at 127.0.0.1/10444] INFO  grpc.GrpcConfigKeys (ConfUtils.java:logGet(44)) - raft.grpc.server.port = 13640 (custom)
2021-08-16 13:10:50,216 [Listener at 127.0.0.1/10444] INFO  grpc.GrpcConfigKeys (ConfUtils.java:logGet(44)) - raft.grpc.server.port = 13640 (custom)
2021-08-16 13:10:50,216 [Listener at 127.0.0.1/10444] INFO  server.GrpcService (ConfUtils.java:logGet(44)) - raft.grpc.message.size.max = 32m (=33554432) (custom)
2021-08-16 13:10:50,216 [Listener at 127.0.0.1/10444] INFO  server.RaftServerConfigKeys (ConfUtils.java:logGet(44)) - raft.server.log.appender.buffer.byte-limit = 33554432 (custom)
2021-08-16 13:10:50,216 [Listener at 127.0.0.1/10444] INFO  server.GrpcService (ConfUtils.java:logGet(44)) - raft.grpc.flow.control.window = 1MB (=1048576) (default)
2021-08-16 13:10:50,217 [Listener at 127.0.0.1/10444] INFO  server.RaftServerConfigKeys (ConfUtils.java:logGet(44)) - raft.server.rpc.request.timeout = 30000ms (custom)
2021-08-16 13:10:50,218 [Listener at 127.0.0.1/10444] INFO  impl.DataStreamServerImpl (ConfUtils.java:logGet(44)) - raft.datastream.type = DISABLED (default)
2021-08-16 13:10:50,218 [Listener at 127.0.0.1/10444] INFO  server.RaftServerConfigKeys (ConfUtils.java:logGet(44)) - raft.server.rpc.slowness.timeout = 120000ms (custom)
2021-08-16 13:10:50,218 [Listener at 127.0.0.1/10444] INFO  server.RaftServerConfigKeys (ConfUtils.java:logGet(44)) - raft.server.leaderelection.leader.step-down.wait-time = 10s (default)
2021-08-16 13:10:50,218 [Listener at 127.0.0.1/10444] INFO  server.RaftServerConfigKeys (ConfUtils.java:logGet(44)) - raft.server.storage.dir = [/home/runner/work/ozone/ozone/hadoop-ozone/integration-test/target/test-dir/MiniOzoneClusterImpl-d497f94c-0a77-40f1-b0c4-d45398a5843a/scmNode-1/scm-ha] (custom)
2021-08-16 13:10:50,219 [Listener at 127.0.0.1/10444] INFO  server.RaftServer (RaftServerProxy.java:lambda$null$1(235)) - f324fcdd-c742-4882-bf0f-17e5edd5a90a: found a subdirectory /home/runner/work/ozone/ozone/hadoop-ozone/integration-test/target/test-dir/MiniOzoneClusterImpl-d497f94c-0a77-40f1-b0c4-d45398a5843a/scmNode-1/scm-ha/d497f94c-0a77-40f1-b0c4-d45398a5843a
2021-08-16 13:10:50,223 [Listener at 127.0.0.1/10444] INFO  server.RaftServer (RaftServerProxy.java:addNew(95)) - f324fcdd-c742-4882-bf0f-17e5edd5a90a: addNew group-D45398A5843A:[] returns group-D45398A5843A:java.util.concurrent.CompletableFuture@aee08df[Not completed]
2021-08-16 13:10:50,224 [pool-185-thread-1] INFO  server.RaftServer$Division (RaftServerImpl.java:<init>(181)) - f324fcdd-c742-4882-bf0f-17e5edd5a90a: new RaftServerImpl for group-D45398A5843A:[] with SCMStateMachine:uninitialized
2021-08-16 13:10:50,230 [pool-185-thread-1] INFO  server.RaftServerConfigKeys (ConfUtils.java:logGet(44)) - raft.server.rpc.timeout.min = 5000ms (custom)
2021-08-16 13:10:50,230 [pool-185-thread-1] INFO  server.RaftServerConfigKeys (ConfUtils.java:logGet(44)) - raft.server.rpc.timeout.max = 5200ms (custom)
2021-08-16 13:10:50,230 [pool-185-thread-1] INFO  server.RaftServerConfigKeys (ConfUtils.java:logGet(44)) - raft.server.rpc.sleep.time = 25ms (default)
2021-08-16 13:10:50,230 [pool-185-thread-1] INFO  server.RaftServerConfigKeys (ConfUtils.java:logGet(44)) - raft.server.rpc.slowness.timeout = 120000ms (custom)
2021-08-16 13:10:50,230 [pool-185-thread-1] INFO  server.RaftServerConfigKeys (ConfUtils.java:logGet(44)) - raft.server.leaderelection.leader.step-down.wait-time = 10s (default)
2021-08-16 13:10:50,230 [pool-185-thread-1] INFO  server.RaftServerConfigKeys (ConfUtils.java:logGet(44)) - raft.server.sleep.deviation.threshold = 300ms (default)
2021-08-16 13:10:50,230 [pool-185-thread-1] INFO  server.RaftServerConfigKeys (ConfUtils.java:logGet(44)) - raft.server.log.appender.install.snapshot.enabled = false (custom)
2021-08-16 13:10:50,230 [pool-185-thread-1] INFO  server.RaftServer$Division (ServerState.java:<init>(105)) - f324fcdd-c742-4882-bf0f-17e5edd5a90a@group-D45398A5843A: ConfigurationManager, init=-1: [], old=null, confs=<EMPTY_MAP>
2021-08-16 13:10:50,230 [pool-185-thread-1] INFO  server.RaftServerConfigKeys (ConfUtils.java:logGet(44)) - raft.server.storage.dir = [/home/runner/work/ozone/ozone/hadoop-ozone/integration-test/target/test-dir/MiniOzoneClusterImpl-d497f94c-0a77-40f1-b0c4-d45398a5843a/scmNode-1/scm-ha] (custom)
2021-08-16 13:10:50,231 [pool-185-thread-1] INFO  server.RaftServerConfigKeys (ConfUtils.java:logGet(44)) - raft.server.log.corruption.policy = EXCEPTION (default)
2021-08-16 13:10:50,231 [pool-185-thread-1] INFO  server.RaftServerConfigKeys (ConfUtils.java:logGet(44)) - raft.server.storage.free-space.min = 0MB (=0) (default)
2021-08-16 13:10:50,232 [pool-185-thread-1] INFO  storage.RaftStorageDirectory (RaftStorageDirectoryImpl.java:tryLock(230)) - Lock on /home/runner/work/ozone/ozone/hadoop-ozone/integration-test/target/test-dir/MiniOzoneClusterImpl-d497f94c-0a77-40f1-b0c4-d45398a5843a/scmNode-1/scm-ha/d497f94c-0a77-40f1-b0c4-d45398a5843a/in_use.lock acquired by nodename 11556@fv-az148-41
2021-08-16 13:10:50,232 [pool-185-thread-1] INFO  storage.RaftStorage (RaftStorageImpl.java:analyzeAndRecoverStorage(110)) - Read RaftStorageMetadata{term=1, votedFor=f324fcdd-c742-4882-bf0f-17e5edd5a90a} from /home/runner/work/ozone/ozone/hadoop-ozone/integration-test/target/test-dir/MiniOzoneClusterImpl-d497f94c-0a77-40f1-b0c4-d45398a5843a/scmNode-1/scm-ha/d497f94c-0a77-40f1-b0c4-d45398a5843a/current/raft-meta
2021-08-16 13:10:50,233 [pool-185-thread-1] INFO  server.RaftServer$Division (ServerState.java:setRaftConf(387)) - f324fcdd-c742-4882-bf0f-17e5edd5a90a@group-D45398A5843A: set configuration 0: [f324fcdd-c742-4882-bf0f-17e5edd5a90a|rpc:localhost:13640|admin:|client:|dataStream:|priority:0], old=null
2021-08-16 13:10:50,233 [pool-185-thread-1] INFO  server.RaftServerConfigKeys (ConfUtils.java:logGet(44)) - raft.server.notification.no-leader.timeout = 60s (default)
2021-08-16 13:10:50,233 [pool-185-thread-1] INFO  server.RaftServerConfigKeys (ConfUtils.java:logGet(44)) - raft.server.log.use.memory = false (default)
2021-08-16 13:10:50,233 [pool-185-thread-1] INFO  server.RaftServerConfigKeys (ConfUtils.java:logGet(44)) - raft.server.log.purge.gap = 5 (custom)
2021-08-16 13:10:50,233 [pool-185-thread-1] INFO  server.RaftServerConfigKeys (ConfUtils.java:logGet(44)) - raft.server.log.appender.buffer.byte-limit = 33554432 (custom)
2021-08-16 13:10:50,233 [pool-185-thread-1] INFO  server.RaftServerConfigKeys (ConfUtils.java:logGet(44)) - raft.server.log.segment.size.max = 16384 (custom)
2021-08-16 13:10:50,233 [pool-185-thread-1] INFO  server.RaftServerConfigKeys (ConfUtils.java:logGet(44)) - raft.server.log.segment.cache.num.max = 2 (custom)
2021-08-16 13:10:50,233 [pool-185-thread-1] INFO  server.RaftServerConfigKeys (ConfUtils.java:logGet(44)) - raft.server.log.segment.cache.size.max = 200MB (=209715200) (default)
2021-08-16 13:10:50,233 [pool-185-thread-1] INFO  segmented.SegmentedRaftLogWorker (SegmentedRaftLogWorker.java:<init>(182)) - new f324fcdd-c742-4882-bf0f-17e5edd5a90a@group-D45398A5843A-SegmentedRaftLogWorker for RaftStorageImpl:Storage Directory /home/runner/work/ozone/ozone/hadoop-ozone/integration-test/target/test-dir/MiniOzoneClusterImpl-d497f94c-0a77-40f1-b0c4-d45398a5843a/scmNode-1/scm-ha/d497f94c-0a77-40f1-b0c4-d45398a5843a
2021-08-16 13:10:50,233 [pool-185-thread-1] INFO  server.RaftServerConfigKeys (ConfUtils.java:logGet(44)) - raft.server.log.queue.byte-limit = 64MB (=67108864) (default)
2021-08-16 13:10:50,233 [pool-185-thread-1] INFO  server.RaftServerConfigKeys (ConfUtils.java:logGet(44)) - raft.server.log.queue.element-limit = 4096 (default)
2021-08-16 13:10:50,234 [pool-185-thread-1] INFO  server.RaftServerConfigKeys (ConfUtils.java:logGet(44)) - raft.server.log.segment.size.max = 16384 (custom)
2021-08-16 13:10:50,234 [pool-185-thread-1] INFO  server.RaftServerConfigKeys (ConfUtils.java:logGet(44)) - raft.server.log.preallocated.size = 16384 (custom)
2021-08-16 13:10:50,234 [pool-185-thread-1] INFO  server.RaftServerConfigKeys (ConfUtils.java:logGet(44)) - raft.server.log.force.sync.num = 128 (default)
2021-08-16 13:10:50,234 [pool-185-thread-1] INFO  server.RaftServerConfigKeys (ConfUtils.java:logGet(44)) - raft.server.log.statemachine.data.sync = true (default)
2021-08-16 13:10:50,234 [pool-185-thread-1] INFO  server.RaftServerConfigKeys (ConfUtils.java:logGet(44)) - raft.server.log.statemachine.data.sync.timeout = 10s (default)
2021-08-16 13:10:50,234 [pool-185-thread-1] INFO  server.RaftServerConfigKeys (ConfUtils.java:logGet(44)) - raft.server.log.statemachine.data.sync.timeout.retry = -1 (default)
2021-08-16 13:10:50,234 [pool-185-thread-1] INFO  server.RaftServerConfigKeys (ConfUtils.java:logGet(44)) - raft.server.log.write.buffer.size = 64KB (=65536) (default)
2021-08-16 13:10:50,234 [pool-185-thread-1] INFO  server.RaftServerConfigKeys (ConfUtils.java:logGet(44)) - raft.server.log.statemachine.data.caching.enabled = false (default)
2021-08-16 13:10:50,235 [pool-185-thread-1] INFO  server.RaftServer$Division (ServerState.java:setRaftConf(387)) - f324fcdd-c742-4882-bf0f-17e5edd5a90a@group-D45398A5843A: set configuration 0: [f324fcdd-c742-4882-bf0f-17e5edd5a90a|rpc:localhost:13640|admin:|client:|dataStream:|priority:0], old=null
2021-08-16 13:10:50,235 [pool-185-thread-1] INFO  segmented.LogSegment (LogSegment.java:loadSegment(173)) - Successfully read 1 entries from segment file /home/runner/work/ozone/ozone/hadoop-ozone/integration-test/target/test-dir/MiniOzoneClusterImpl-d497f94c-0a77-40f1-b0c4-d45398a5843a/scmNode-1/scm-ha/d497f94c-0a77-40f1-b0c4-d45398a5843a/current/log_inprogress_0
2021-08-16 13:10:50,235 [pool-185-thread-1] INFO  segmented.SegmentedRaftLogWorker (SegmentedRaftLogWorker.java:lambda$new$0(133)) - f324fcdd-c742-4882-bf0f-17e5edd5a90a@group-D45398A5843A-SegmentedRaftLogWorker: flushIndex: setUnconditionally 0 -> 0
2021-08-16 13:10:50,235 [pool-185-thread-1] INFO  segmented.SegmentedRaftLogWorker (SegmentedRaftLogWorker.java:lambda$new$0(133)) - f324fcdd-c742-4882-bf0f-17e5edd5a90a@group-D45398A5843A-SegmentedRaftLogWorker: safeCacheEvictIndex: setUnconditionally 0 -> -1
2021-08-16 13:10:50,244 [pool-185-thread-1] INFO  server.RaftServerConfigKeys (ConfUtils.java:logGet(44)) - raft.server.snapshot.auto.trigger.enabled = true (custom)
2021-08-16 13:10:50,244 [pool-185-thread-1] INFO  server.RaftServerConfigKeys (ConfUtils.java:logGet(44)) - raft.server.snapshot.auto.trigger.threshold = 5 (custom)
2021-08-16 13:10:50,244 [pool-185-thread-1] INFO  server.RaftServerConfigKeys (ConfUtils.java:logGet(44)) - raft.server.snapshot.retention.file.num = -1 (default)
2021-08-16 13:10:50,244 [pool-185-thread-1] INFO  server.RaftServerConfigKeys (ConfUtils.java:logGet(44)) - raft.server.log.purge.upto.snapshot.index = true (custom)
2021-08-16 13:10:50,244 [pool-185-thread-1] INFO  server.RaftServerConfigKeys (ConfUtils.java:logGet(44)) - raft.server.retrycache.expirytime = 60000ms (default)
2021-08-16 13:10:50,244 [pool-185-thread-1] INFO  server.RaftServerConfigKeys (ConfUtils.java:logGet(44)) - raft.server.retrycache.statistics.expirytime = 100μs (default)
2021-08-16 13:10:50,245 [Listener at 127.0.0.1/10444] INFO  ha.SCMSnapshotProvider (SCMSnapshotProvider.java:<init>(66)) - Initializing SCM Snapshot Provider
2021-08-16 13:10:50,245 [Listener at 127.0.0.1/10444] WARN  server.ServerUtils (ServerUtils.java:getDefaultRatisDirectory(237)) - Storage directory for Ratis is not configured. It is a good idea to map this to an SSD disk. Falling back to ozone.metadata.dirs
2021-08-16 13:10:50,245 [Listener at 127.0.0.1/10444] WARN  ha.SCMHAUtils (SCMHAUtils.java:getSCMRatisSnapshotDirectory(144)) - SCM snapshot dir is not configured. Falling back to ozone.metadata.dirs config
2021-08-16 13:10:50,247 [Listener at 127.0.0.1/10444] INFO  ha.SequenceIdGenerator (SequenceIdGenerator.java:upgradeToSequenceId(327)) - upgrade localId to 107544261427200000
2021-08-16 13:10:50,247 [Listener at 127.0.0.1/10444] INFO  ha.SequenceIdGenerator (SequenceIdGenerator.java:upgradeToSequenceId(337)) - upgrade delTxnId to 0
2021-08-16 13:10:50,247 [Listener at 127.0.0.1/10444] INFO  ha.SequenceIdGenerator (SequenceIdGenerator.java:upgradeToSequenceId(351)) - upgrade containerId to 0
2021-08-16 13:10:50,247 [Listener at 127.0.0.1/10444] INFO  ha.SequenceIdGenerator (SequenceIdGenerator.java:<init>(217)) - Init the HA SequenceIdGenerator.
2021-08-16 13:10:50,254 [Listener at 127.0.0.1/10444] INFO  node.SCMNodeManager (SCMNodeManager.java:<init>(145)) - Entering startup safe mode.
2021-08-16 13:10:50,255 [Listener at 127.0.0.1/10444] INFO  algorithms.ContainerPlacementPolicyFactory (ContainerPlacementPolicyFactory.java:getPolicy(60)) - Create container placement policy of type org.apache.hadoop.hdds.scm.container.placement.algorithms.SCMContainerPlacementRandom
2021-08-16 13:10:50,255 [Listener at 127.0.0.1/10444] INFO  pipeline.PipelineStateManager (PipelineStateManagerV2Impl.java:initialize(78)) - No pipeline exists in current db
2021-08-16 13:10:50,255 [Listener at 127.0.0.1/10444] INFO  algorithms.LeaderChoosePolicyFactory (LeaderChoosePolicyFactory.java:getPolicy(57)) - Create leader choose policy of type org.apache.hadoop.hdds.scm.pipeline.leader.choose.algorithms.MinLeaderCountChoosePolicy
2021-08-16 13:10:50,256 [Listener at 127.0.0.1/10444] INFO  ha.SCMServiceManager (SCMServiceManager.java:register(43)) - Registering service BackgroundPipelineCreator.
2021-08-16 13:10:50,256 [Listener at 127.0.0.1/10444] INFO  pipeline.BackgroundPipelineCreator (BackgroundPipelineCreatorV2.java:start(130)) - Starting RatisPipelineUtilsThread.
2021-08-16 13:10:50,259 [Listener at 127.0.0.1/10444] INFO  algorithms.PipelineChoosePolicyFactory (PipelineChoosePolicyFactory.java:createPipelineChoosePolicyFromClass(73)) - Create pipeline choose policy of type org.apache.hadoop.hdds.scm.pipeline.choose.algorithms.RandomPipelineChoosePolicy
2021-08-16 13:10:50,260 [Listener at 127.0.0.1/10444] INFO  ha.SCMServiceManager (SCMServiceManager.java:register(43)) - Registering service SCMBlockDeletingService.
2021-08-16 13:10:50,260 [Listener at 127.0.0.1/10444] INFO  ha.SCMServiceManager (SCMServiceManager.java:register(43)) - Registering service ReplicationManager.
2021-08-16 13:10:50,260 [Listener at 127.0.0.1/10444] INFO  container.ReplicationManager (ReplicationManager.java:start(286)) - Starting Replication Monitor Thread.
2021-08-16 13:10:50,271 [Listener at 127.0.0.1/10444] INFO  safemode.ContainerSafeModeRule (ContainerSafeModeRule.java:<init>(89)) - containers with one replica threshold count 0
2021-08-16 13:10:50,271 [Listener at 127.0.0.1/10444] INFO  safemode.HealthyPipelineSafeModeRule (HealthyPipelineSafeModeRule.java:initializeRule(156)) - Total pipeline count is 0, healthy pipeline threshold count is 1
2021-08-16 13:10:50,272 [Listener at 127.0.0.1/10444] INFO  safemode.OneReplicaPipelineSafeModeRule (OneReplicaPipelineSafeModeRule.java:initializeRule(180)) - Total pipeline count is 0, pipeline's with at least one datanode reported threshold count is 0
2021-08-16 13:10:50,278 [Listener at 127.0.0.1/10444] INFO  ipc.CallQueueManager (CallQueueManager.java:<init>(90)) - Using callQueue: class java.util.concurrent.LinkedBlockingQueue, queueCapacity: 10000, scheduler: class org.apache.hadoop.ipc.DefaultRpcScheduler, ipcBackoff: false.
2021-08-16 13:10:50,279 [Socket Reader #1 for port 13641] INFO  ipc.Server (Server.java:run(1265)) - Starting Socket Reader #1 for port 13641
2021-08-16 13:10:50,280 [Listener at 0.0.0.0/13641] INFO  ipc.CallQueueManager (CallQueueManager.java:<init>(90)) - Using callQueue: class java.util.concurrent.LinkedBlockingQueue, queueCapacity: 10000, scheduler: class org.apache.hadoop.ipc.DefaultRpcScheduler, ipcBackoff: false.
2021-08-16 13:10:50,280 [Socket Reader #1 for port 13642] INFO  ipc.Server (Server.java:run(1265)) - Starting Socket Reader #1 for port 13642
2021-08-16 13:10:50,281 [Listener at 0.0.0.0/13642] INFO  ipc.CallQueueManager (CallQueueManager.java:<init>(90)) - Using callQueue: class java.util.concurrent.LinkedBlockingQueue, queueCapacity: 10000, scheduler: class org.apache.hadoop.ipc.DefaultRpcScheduler, ipcBackoff: false.
2021-08-16 13:10:50,282 [Socket Reader #1 for port 13643] INFO  ipc.Server (Server.java:run(1265)) - Starting Socket Reader #1 for port 13643
2021-08-16 13:10:50,299 [ReplicationMonitor] INFO  container.ReplicationManager (ReplicationManager.java:processAll(341)) - Replication Monitor Thread took 0 milliseconds for processing 0 containers.
2021-08-16 13:10:50,327 [Listener at 0.0.0.0/13643] INFO  algorithms.ContainerPlacementPolicyFactory (ContainerPlacementPolicyFactory.java:getPolicy(60)) - Create container placement policy of type org.apache.hadoop.hdds.scm.container.placement.algorithms.SCMContainerPlacementRandom
2021-08-16 13:10:50,327 [Listener at 0.0.0.0/13643] INFO  server.StorageContainerManager (StorageContainerManager.java:<init>(383)) - 
Container Balancer status:
Key                            Value
Running                        false
Container Balancer Configuration values:
Key                                                Value
Threshold                                          0.1
Max Datanodes to Involve per Iteration(ratio)      0.5
Max Size to Move per Iteration                     10737418240B

2021-08-16 13:10:50,327 [Listener at 0.0.0.0/13643] WARN  events.EventQueue (EventQueue.java:fireEvent(194)) - No event handler registered for event TypedEvent{payloadType=SafeModeStatus, name='Safe mode status'}
2021-08-16 13:10:50,327 [Listener at 0.0.0.0/13643] INFO  ha.SCMContext (SCMContext.java:updateSafeModeStatus(205)) - Update SafeModeStatus from SafeModeStatus{safeModeStatus=true, preCheckPassed=false} to SafeModeStatus{safeModeStatus=true, preCheckPassed=false}.
2021-08-16 13:10:50,328 [Listener at 0.0.0.0/13643] INFO  server.StorageContainerManager (StorageContainerManager.java:start(1249)) - StorageContainerLocationProtocol RPC server is listening at /0.0.0.0:13643
2021-08-16 13:10:50,328 [Listener at 0.0.0.0/13643] INFO  ha.SCMRatisServerImpl (SCMRatisServerImpl.java:start(170)) - starting ratis server 0.0.0.0:13640
2021-08-16 13:10:50,329 [Listener at 0.0.0.0/13643] INFO  server.RaftServer$Division (RaftServerImpl.java:start(296)) - f324fcdd-c742-4882-bf0f-17e5edd5a90a@group-D45398A5843A: start as a follower, conf=0: [f324fcdd-c742-4882-bf0f-17e5edd5a90a|rpc:localhost:13640|admin:|client:|dataStream:|priority:0], old=null
2021-08-16 13:10:50,329 [Listener at 0.0.0.0/13643] INFO  server.RaftServer$Division (RaftServerImpl.java:setRole(285)) - f324fcdd-c742-4882-bf0f-17e5edd5a90a@group-D45398A5843A: changes role from      null to FOLLOWER at term 1 for startAsFollower
2021-08-16 13:10:50,329 [Listener at 0.0.0.0/13643] INFO  impl.RoleInfo (RoleInfo.java:updateAndGet(130)) - f324fcdd-c742-4882-bf0f-17e5edd5a90a: start f324fcdd-c742-4882-bf0f-17e5edd5a90a@group-D45398A5843A-FollowerState
2021-08-16 13:10:50,329 [Listener at 0.0.0.0/13643] INFO  util.JmxRegister (JmxRegister.java:tryRegister(44)) - Successfully registered JMX Bean with object name Ratis:service=RaftServer,group=group-D45398A5843A,id=f324fcdd-c742-4882-bf0f-17e5edd5a90a
2021-08-16 13:10:50,332 [Listener at 0.0.0.0/13643] INFO  server.RaftServer (RaftServerProxy.java:lambda$start$5(374)) - f324fcdd-c742-4882-bf0f-17e5edd5a90a: start RPC server
2021-08-16 13:10:50,338 [Listener at 0.0.0.0/13643] INFO  server.GrpcService (GrpcService.java:startImpl(253)) - f324fcdd-c742-4882-bf0f-17e5edd5a90a: GrpcService started, listening on 13640
2021-08-16 13:10:50,342 [Listener at 0.0.0.0/13643] INFO  ha.SCMHAManagerImpl (SCMHAManagerImpl.java:start(120)) -  scm role is FOLLOWER peers [f324fcdd-c742-4882-bf0f-17e5edd5a90a|rpc:localhost:13640|admin:|client:|dataStream:|priority:0]
2021-08-16 13:10:50,342 [Listener at 0.0.0.0/13643] INFO  ha.InterSCMGrpcService (InterSCMGrpcProtocolService.java:start(94)) - Starting SCM Grpc Service at port 13644
2021-08-16 13:10:50,342 [org.apache.ratis.util.JvmPauseMonitor$$Lambda$499/1198442960@a4664f3] INFO  util.JvmPauseMonitor (JvmPauseMonitor.java:run(103)) - JvmPauseMonitor-f324fcdd-c742-4882-bf0f-17e5edd5a90a: Started
2021-08-16 13:10:50,345 [Listener at 0.0.0.0/13643] WARN  impl.MetricsConfig (MetricsConfig.java:loadFirst(136)) - Cannot locate configuration: tried hadoop-metrics2-storagecontainermanager.properties,hadoop-metrics2.properties
2021-08-16 13:10:50,345 [Listener at 0.0.0.0/13643] INFO  impl.MetricsSystemImpl (MetricsSystemImpl.java:startTimer(378)) - Scheduled Metric snapshot period at 10 second(s).
2021-08-16 13:10:50,345 [Listener at 0.0.0.0/13643] INFO  impl.MetricsSystemImpl (MetricsSystemImpl.java:start(191)) - StorageContainerManager metrics system started
2021-08-16 13:10:50,386 [Listener at 0.0.0.0/13643] INFO  impl.MetricsSinkAdapter (MetricsSinkAdapter.java:start(204)) - Sink prometheus started
2021-08-16 13:10:50,386 [Listener at 0.0.0.0/13643] INFO  impl.MetricsSystemImpl (MetricsSystemImpl.java:registerSink(305)) - Registered sink prometheus
2021-08-16 13:10:50,434 [Listener at 0.0.0.0/13643] INFO  server.SCMClientProtocolServer (SCMClientProtocolServer.java:start(164)) - RPC server for Client  is listening at /0.0.0.0:13643
2021-08-16 13:10:50,438 [IPC Server Responder] INFO  ipc.Server (Server.java:run(1507)) - IPC Server Responder: starting
2021-08-16 13:10:50,447 [IPC Server listener on 13643] INFO  ipc.Server (Server.java:run(1344)) - IPC Server listener on 13643: starting
2021-08-16 13:10:50,475 [EndpointStateMachine task thread for /127.0.0.1:15301 - 0 ] INFO  ipc.Client (Client.java:handleConnectionFailure(977)) - Retrying connect to server: localhost/127.0.0.1:15301. Already tried 9 time(s); retry policy is RetryUpToMaximumCountWithFixedSleep(maxRetries=15, sleepTime=1000 MILLISECONDS)
2021-08-16 13:10:50,477 [EndpointStateMachine task thread for /127.0.0.1:15291 - 0 ] INFO  ipc.Client (Client.java:handleConnectionFailure(977)) - Retrying connect to server: localhost/127.0.0.1:15291. Already tried 9 time(s); retry policy is RetryUpToMaximumCountWithFixedSleep(maxRetries=15, sleepTime=1000 MILLISECONDS)
2021-08-16 13:10:50,477 [EndpointStateMachine task thread for /127.0.0.1:15281 - 0 ] INFO  ipc.Client (Client.java:handleConnectionFailure(977)) - Retrying connect to server: localhost/127.0.0.1:15281. Already tried 9 time(s); retry policy is RetryUpToMaximumCountWithFixedSleep(maxRetries=15, sleepTime=1000 MILLISECONDS)
2021-08-16 13:10:50,795 [Listener at 0.0.0.0/13643] INFO  server.StorageContainerManager (StorageContainerManager.java:start(1264)) - ScmBlockLocationProtocol RPC server is listening at /0.0.0.0:13642
2021-08-16 13:10:50,795 [Listener at 0.0.0.0/13643] INFO  server.SCMBlockProtocolServer (SCMBlockProtocolServer.java:start(151)) - RPC server for Block Protocol is listening at /0.0.0.0:13642
2021-08-16 13:10:50,796 [IPC Server Responder] INFO  ipc.Server (Server.java:run(1507)) - IPC Server Responder: starting
2021-08-16 13:10:50,796 [IPC Server listener on 13642] INFO  ipc.Server (Server.java:run(1344)) - IPC Server listener on 13642: starting
2021-08-16 13:10:50,810 [Listener at 0.0.0.0/13643] INFO  server.StorageContainerManager (StorageContainerManager.java:start(1270)) - ScmDatanodeProtocl RPC server is listening at /0.0.0.0:13641
2021-08-16 13:10:50,827 [Listener at 0.0.0.0/13643] INFO  http.BaseHttpServer (BaseHttpServer.java:newHttpServer2BuilderForOzone(209)) - Starting Web-server for scm at: http://0.0.0.0:13638
2021-08-16 13:10:50,827 [Listener at 0.0.0.0/13643] INFO  http.BaseHttpServer (BaseHttpServer.java:<init>(107)) - Hadoop Security Enabled: false Ozone Security Enabled: false Ozone HTTP Security Enabled: false 
2021-08-16 13:10:50,829 [Listener at 0.0.0.0/13643] INFO  server.AuthenticationFilter (AuthenticationFilter.java:constructSecretProvider(240)) - Unable to initialize FileSignerSecretProvider, falling back to use random secrets.
2021-08-16 13:10:50,834 [org.apache.hadoop.util.JvmPauseMonitor$Monitor@1159baca] INFO  util.JvmPauseMonitor (JvmPauseMonitor.java:run(188)) - Starting JVM pause monitor
2021-08-16 13:10:50,834 [Listener at 0.0.0.0/13643] WARN  http.HttpRequestLog (HttpRequestLog.java:getRequestLog(103)) - Jetty request log can only be enabled using Log4j
2021-08-16 13:10:50,835 [Listener at 0.0.0.0/13643] INFO  http.HttpServer2 (HttpServer2.java:addGlobalFilter(1020)) - Added global filter 'safety' (class=org.apache.hadoop.hdds.server.http.HttpServer2$QuotingInputFilter)
2021-08-16 13:10:50,836 [Listener at 0.0.0.0/13643] INFO  http.HttpServer2 (HttpServer2.java:addFilter(996)) - Added filter static_user_filter (class=org.apache.hadoop.http.lib.StaticUserWebFilter$StaticUserFilter) to context scm
2021-08-16 13:10:50,836 [Listener at 0.0.0.0/13643] INFO  http.HttpServer2 (HttpServer2.java:addFilter(1004)) - Added filter static_user_filter (class=org.apache.hadoop.http.lib.StaticUserWebFilter$StaticUserFilter) to context static
2021-08-16 13:10:50,836 [Listener at 0.0.0.0/13643] INFO  http.HttpServer2 (HttpServer2.java:addFilter(1004)) - Added filter static_user_filter (class=org.apache.hadoop.http.lib.StaticUserWebFilter$StaticUserFilter) to context logs
2021-08-16 13:10:50,837 [Listener at 0.0.0.0/13643] INFO  http.HttpServer2 (HttpServer2.java:bindListener(1239)) - Jetty bound to port 13638
2021-08-16 13:10:50,837 [Listener at 0.0.0.0/13643] INFO  server.Server (Server.java:doStart(375)) - jetty-9.4.43.v20210629; built: 2021-06-30T11:07:22.254Z; git: 526006ecfa3af7f1a27ef3a288e2bef7ea9dd7e8; jvm 1.8.0_292-b10
2021-08-16 13:10:50,849 [Listener at 0.0.0.0/13643] INFO  server.session (DefaultSessionIdManager.java:doStart(334)) - DefaultSessionIdManager workerName=node0
2021-08-16 13:10:50,849 [Listener at 0.0.0.0/13643] INFO  server.session (DefaultSessionIdManager.java:doStart(339)) - No SessionScavenger set, using defaults
2021-08-16 13:10:50,849 [Listener at 0.0.0.0/13643] INFO  server.session (HouseKeeper.java:startScavenging(132)) - node0 Scavenging every 600000ms
2021-08-16 13:10:50,851 [Listener at 0.0.0.0/13643] INFO  handler.ContextHandler (ContextHandler.java:doStart(915)) - Started o.e.j.s.ServletContextHandler@19a7b10d{logs,/logs,file:///home/runner/work/ozone/ozone/hadoop-ozone/integration-test/target/log,AVAILABLE}
2021-08-16 13:10:50,851 [Listener at 0.0.0.0/13643] INFO  handler.ContextHandler (ContextHandler.java:doStart(915)) - Started o.e.j.s.ServletContextHandler@77b6f0f{static,/static,file:///home/runner/work/ozone/ozone/hadoop-ozone/integration-test/target/test-classes/webapps/static,AVAILABLE}
2021-08-16 13:10:50,856 [Listener at 0.0.0.0/13643] INFO  handler.ContextHandler (ContextHandler.java:doStart(915)) - Started o.e.j.w.WebAppContext@7169a87{scm,/,file:///home/runner/work/ozone/ozone/hadoop-ozone/integration-test/target/test-classes/webapps/scm/,AVAILABLE}{file:/home/runner/work/ozone/ozone/hadoop-ozone/integration-test/target/test-classes/webapps/scm}
2021-08-16 13:10:50,866 [Listener at 0.0.0.0/13643] INFO  server.AbstractConnector (AbstractConnector.java:doStart(331)) - Started ServerConnector@66075044{HTTP/1.1, (http/1.1)}{0.0.0.0:13638}
2021-08-16 13:10:50,866 [Listener at 0.0.0.0/13643] INFO  server.Server (Server.java:doStart(415)) - Started @68720ms
2021-08-16 13:10:50,866 [Listener at 0.0.0.0/13643] WARN  impl.MetricsSystemImpl (MetricsSystemImpl.java:register(279)) - Sink prometheus already exists!
2021-08-16 13:10:50,867 [Listener at 0.0.0.0/13643] INFO  http.BaseHttpServer (BaseHttpServer.java:updateConnectorAddress(329)) - HTTP server of scm listening at http://0.0.0.0:13638
2021-08-16 13:10:50,867 [Listener at 0.0.0.0/13643] INFO  ozone.MiniOzoneHAClusterImpl (MiniOzoneHAClusterImpl.java:createSCMService(563)) - Started SCM RPC server at org.apache.hadoop.hdds.scm.server.SCMClientProtocolServer@55ab20e1
2021-08-16 13:10:50,868 [Listener at 0.0.0.0/13643] INFO  ha.SCMHANodeDetails (SCMHANodeDetails.java:loadSCMHAConfig(157)) - ServiceID for StorageContainerManager is scm-service-test1
2021-08-16 13:10:50,868 [Listener at 0.0.0.0/13643] INFO  ha.SCMHANodeDetails (SCMHANodeDetails.java:loadSCMHAConfig(168)) - ServiceID for StorageContainerManager is scm-service-test1
2021-08-16 13:10:50,868 [Listener at 0.0.0.0/13643] WARN  scm.ScmUtils (ScmUtils.java:logWarn(179)) - ConfigKey ozone.scm.block.client.address is deprecated, For configuring different ports for each SCM use PortConfigKey ozone.scm.block.client.port appended with serviceId and nodeId. If want to configure same port configure ozone.scm.block.client.port
2021-08-16 13:10:50,868 [Listener at 0.0.0.0/13643] WARN  scm.ScmUtils (ScmUtils.java:logWarn(179)) - ConfigKey ozone.scm.client.address is deprecated, For configuring different ports for each SCM use PortConfigKey ozone.scm.client.port appended with serviceId and nodeId. If want to configure same port configure ozone.scm.client.port
2021-08-16 13:10:50,868 [Listener at 0.0.0.0/13643] WARN  scm.ScmUtils (ScmUtils.java:logWarn(179)) - ConfigKey ozone.scm.datanode.address is deprecated, For configuring different ports for each SCM use PortConfigKey ozone.scm.datanode.port appended with serviceId and nodeId. If want to configure same port configure ozone.scm.datanode.port
2021-08-16 13:10:50,868 [Listener at 0.0.0.0/13643] WARN  scm.ScmUtils (ScmUtils.java:logWarn(179)) - ConfigKey ozone.scm.block.client.address is deprecated, For configuring different ports for each SCM use PortConfigKey ozone.scm.block.client.port appended with serviceId and nodeId. If want to configure same port configure ozone.scm.block.client.port
2021-08-16 13:10:50,868 [Listener at 0.0.0.0/13643] WARN  scm.ScmUtils (ScmUtils.java:logWarn(179)) - ConfigKey ozone.scm.client.address is deprecated, For configuring different ports for each SCM use PortConfigKey ozone.scm.client.port appended with serviceId and nodeId. If want to configure same port configure ozone.scm.client.port
2021-08-16 13:10:50,869 [Listener at 0.0.0.0/13643] WARN  scm.ScmUtils (ScmUtils.java:logWarn(179)) - ConfigKey ozone.scm.datanode.address is deprecated, For configuring different ports for each SCM use PortConfigKey ozone.scm.datanode.port appended with serviceId and nodeId. If want to configure same port configure ozone.scm.datanode.port
2021-08-16 13:10:50,869 [Listener at 0.0.0.0/13643] INFO  ha.SCMHANodeDetails (SCMHANodeDetails.java:loadSCMHAConfig(250)) - Found matching SCM address with SCMServiceId: scm-service-test1, SCMNodeId: scmNode-2, RPC Address: localhost:13650 and Ratis port: 13650
2021-08-16 13:10:50,869 [Listener at 0.0.0.0/13643] INFO  ha.SCMHANodeDetails (ConfUtils.java:setNodeSpecificConfigs(108)) - Setting configuration key ozone.scm.datanode.address with value of key ozone.scm.datanode.address.scm-service-test1.scmNode-2: 127.0.0.1:13651
2021-08-16 13:10:50,869 [Listener at 0.0.0.0/13643] INFO  ha.SCMHANodeDetails (ConfUtils.java:setNodeSpecificConfigs(108)) - Setting configuration key ozone.scm.block.client.address with value of key ozone.scm.block.client.address.scm-service-test1.scmNode-2: 127.0.0.1:13652
2021-08-16 13:10:50,869 [Listener at 0.0.0.0/13643] INFO  ha.SCMHANodeDetails (ConfUtils.java:setNodeSpecificConfigs(108)) - Setting configuration key ozone.scm.client.address with value of key ozone.scm.client.address.scm-service-test1.scmNode-2: 127.0.0.1:13653
2021-08-16 13:10:50,869 [Listener at 0.0.0.0/13643] INFO  ha.SCMHANodeDetails (ConfUtils.java:setNodeSpecificConfigs(108)) - Setting configuration key ozone.scm.ratis.port with value of key ozone.scm.ratis.port.scm-service-test1.scmNode-2: 13650
2021-08-16 13:10:50,869 [Listener at 0.0.0.0/13643] INFO  ha.SCMHANodeDetails (ConfUtils.java:setNodeSpecificConfigs(108)) - Setting configuration key ozone.scm.grpc.port with value of key ozone.scm.grpc.port.scm-service-test1.scmNode-2: 13654
2021-08-16 13:10:50,869 [Listener at 0.0.0.0/13643] INFO  ha.SCMHANodeDetails (ConfUtils.java:setNodeSpecificConfigs(108)) - Setting configuration key ozone.scm.http-address with value of key ozone.scm.http-address.scm-service-test1.scmNode-2: 127.0.0.1:13648
2021-08-16 13:10:50,869 [Listener at 0.0.0.0/13643] INFO  ha.SCMHANodeDetails (ConfUtils.java:setNodeSpecificConfigs(108)) - Setting configuration key ozone.scm.https-address with value of key ozone.scm.https-address.scm-service-test1.scmNode-2: 127.0.0.1:13649
2021-08-16 13:10:50,869 [Listener at 0.0.0.0/13643] INFO  ha.SCMHANodeDetails (ConfUtils.java:setNodeSpecificConfigs(108)) - Setting configuration key ozone.scm.address with value of key ozone.scm.address.scm-service-test1.scmNode-2: 127.0.0.1
2021-08-16 13:10:50,869 [Listener at 0.0.0.0/13643] WARN  scm.ScmUtils (ScmUtils.java:logWarn(179)) - ConfigKey ozone.scm.block.client.address is deprecated, For configuring different ports for each SCM use PortConfigKey ozone.scm.block.client.port appended with serviceId and nodeId. If want to configure same port configure ozone.scm.block.client.port
2021-08-16 13:10:50,870 [Listener at 0.0.0.0/13643] WARN  scm.ScmUtils (ScmUtils.java:logWarn(179)) - ConfigKey ozone.scm.client.address is deprecated, For configuring different ports for each SCM use PortConfigKey ozone.scm.client.port appended with serviceId and nodeId. If want to configure same port configure ozone.scm.client.port
2021-08-16 13:10:50,870 [Listener at 0.0.0.0/13643] WARN  scm.ScmUtils (ScmUtils.java:logWarn(179)) - ConfigKey ozone.scm.datanode.address is deprecated, For configuring different ports for each SCM use PortConfigKey ozone.scm.datanode.port appended with serviceId and nodeId. If want to configure same port configure ozone.scm.datanode.port
2021-08-16 13:10:50,870 [Listener at 0.0.0.0/13643] WARN  server.ServerUtils (ServerUtils.java:getScmDbDir(148)) - ozone.scm.db.dirs is not configured. We recommend adding this setting. Falling back to ozone.metadata.dirs instead.
2021-08-16 13:10:50,871 [Listener at 0.0.0.0/13643] INFO  ha.SCMNodeInfo (SCMNodeInfo.java:getPort(197)) - ConfigKey ozone.scm.client.address is deprecated, For configuring different ports for each SCM use PortConfigKey ozone.scm.client.port appended with serviceId and nodeId
2021-08-16 13:10:50,871 [Listener at 0.0.0.0/13643] INFO  ha.SCMNodeInfo (SCMNodeInfo.java:getPort(197)) - ConfigKey ozone.scm.block.client.address is deprecated, For configuring different ports for each SCM use PortConfigKey ozone.scm.block.client.port appended with serviceId and nodeId
2021-08-16 13:10:50,871 [Listener at 0.0.0.0/13643] INFO  ha.SCMNodeInfo (SCMNodeInfo.java:getPort(197)) - ConfigKey ozone.scm.datanode.address is deprecated, For configuring different ports for each SCM use PortConfigKey ozone.scm.datanode.port appended with serviceId and nodeId
2021-08-16 13:10:50,872 [Listener at 0.0.0.0/13643] INFO  ha.SCMNodeInfo (SCMNodeInfo.java:getPort(197)) - ConfigKey ozone.scm.client.address is deprecated, For configuring different ports for each SCM use PortConfigKey ozone.scm.client.port appended with serviceId and nodeId
2021-08-16 13:10:50,872 [Listener at 0.0.0.0/13643] INFO  ha.SCMNodeInfo (SCMNodeInfo.java:getPort(197)) - ConfigKey ozone.scm.block.client.address is deprecated, For configuring different ports for each SCM use PortConfigKey ozone.scm.block.client.port appended with serviceId and nodeId
2021-08-16 13:10:50,872 [Listener at 0.0.0.0/13643] INFO  ha.SCMNodeInfo (SCMNodeInfo.java:getPort(197)) - ConfigKey ozone.scm.datanode.address is deprecated, For configuring different ports for each SCM use PortConfigKey ozone.scm.datanode.port appended with serviceId and nodeId
2021-08-16 13:10:50,872 [Listener at 0.0.0.0/13643] INFO  ha.SCMNodeInfo (SCMNodeInfo.java:getPort(197)) - ConfigKey ozone.scm.client.address is deprecated, For configuring different ports for each SCM use PortConfigKey ozone.scm.client.port appended with serviceId and nodeId
2021-08-16 13:10:50,872 [Listener at 0.0.0.0/13643] INFO  ha.SCMNodeInfo (SCMNodeInfo.java:getPort(197)) - ConfigKey ozone.scm.block.client.address is deprecated, For configuring different ports for each SCM use PortConfigKey ozone.scm.block.client.port appended with serviceId and nodeId
2021-08-16 13:10:50,872 [Listener at 0.0.0.0/13643] INFO  ha.SCMNodeInfo (SCMNodeInfo.java:getPort(197)) - ConfigKey ozone.scm.datanode.address is deprecated, For configuring different ports for each SCM use PortConfigKey ozone.scm.datanode.port appended with serviceId and nodeId
2021-08-16 13:10:51,476 [EndpointStateMachine task thread for /127.0.0.1:15301 - 0 ] INFO  ipc.Client (Client.java:handleConnectionFailure(977)) - Retrying connect to server: localhost/127.0.0.1:15301. Already tried 10 time(s); retry policy is RetryUpToMaximumCountWithFixedSleep(maxRetries=15, sleepTime=1000 MILLISECONDS)
2021-08-16 13:10:51,477 [EndpointStateMachine task thread for /127.0.0.1:15291 - 0 ] INFO  ipc.Client (Client.java:handleConnectionFailure(977)) - Retrying connect to server: localhost/127.0.0.1:15291. Already tried 10 time(s); retry policy is RetryUpToMaximumCountWithFixedSleep(maxRetries=15, sleepTime=1000 MILLISECONDS)
2021-08-16 13:10:51,478 [EndpointStateMachine task thread for /127.0.0.1:15281 - 0 ] INFO  ipc.Client (Client.java:handleConnectionFailure(977)) - Retrying connect to server: localhost/127.0.0.1:15281. Already tried 10 time(s); retry policy is RetryUpToMaximumCountWithFixedSleep(maxRetries=15, sleepTime=1000 MILLISECONDS)
2021-08-16 13:10:52,476 [EndpointStateMachine task thread for /127.0.0.1:15301 - 0 ] INFO  ipc.Client (Client.java:handleConnectionFailure(977)) - Retrying connect to server: localhost/127.0.0.1:15301. Already tried 11 time(s); retry policy is RetryUpToMaximumCountWithFixedSleep(maxRetries=15, sleepTime=1000 MILLISECONDS)
2021-08-16 13:10:52,478 [EndpointStateMachine task thread for /127.0.0.1:15291 - 0 ] INFO  ipc.Client (Client.java:handleConnectionFailure(977)) - Retrying connect to server: localhost/127.0.0.1:15291. Already tried 11 time(s); retry policy is RetryUpToMaximumCountWithFixedSleep(maxRetries=15, sleepTime=1000 MILLISECONDS)
2021-08-16 13:10:52,478 [EndpointStateMachine task thread for /127.0.0.1:15281 - 0 ] INFO  ipc.Client (Client.java:handleConnectionFailure(977)) - Retrying connect to server: localhost/127.0.0.1:15281. Already tried 11 time(s); retry policy is RetryUpToMaximumCountWithFixedSleep(maxRetries=15, sleepTime=1000 MILLISECONDS)
2021-08-16 13:10:52,934 [Listener at 0.0.0.0/13643] INFO  retry.RetryInvocationHandler (RetryInvocationHandler.java:log(411)) - com.google.protobuf.ServiceException: java.net.ConnectException: Call From fv-az148-41/10.1.0.28 to localhost:13652 failed on connection exception: java.net.ConnectException: Connection refused; For more details see:  http://wiki.apache.org/hadoop/ConnectionRefused, while invoking $Proxy38.send over nodeId=scmNode-2,nodeAddress=/127.0.0.1:13652 after 1 failover attempts. Trying to failover after sleeping for 2000ms.
2021-08-16 13:10:53,477 [EndpointStateMachine task thread for /127.0.0.1:15301 - 0 ] INFO  ipc.Client (Client.java:handleConnectionFailure(977)) - Retrying connect to server: localhost/127.0.0.1:15301. Already tried 12 time(s); retry policy is RetryUpToMaximumCountWithFixedSleep(maxRetries=15, sleepTime=1000 MILLISECONDS)
2021-08-16 13:10:53,478 [EndpointStateMachine task thread for /127.0.0.1:15291 - 0 ] INFO  ipc.Client (Client.java:handleConnectionFailure(977)) - Retrying connect to server: localhost/127.0.0.1:15291. Already tried 12 time(s); retry policy is RetryUpToMaximumCountWithFixedSleep(maxRetries=15, sleepTime=1000 MILLISECONDS)
2021-08-16 13:10:53,479 [EndpointStateMachine task thread for /127.0.0.1:15281 - 0 ] INFO  ipc.Client (Client.java:handleConnectionFailure(977)) - Retrying connect to server: localhost/127.0.0.1:15281. Already tried 12 time(s); retry policy is RetryUpToMaximumCountWithFixedSleep(maxRetries=15, sleepTime=1000 MILLISECONDS)
2021-08-16 13:10:54,477 [EndpointStateMachine task thread for /127.0.0.1:15301 - 0 ] INFO  ipc.Client (Client.java:handleConnectionFailure(977)) - Retrying connect to server: localhost/127.0.0.1:15301. Already tried 13 time(s); retry policy is RetryUpToMaximumCountWithFixedSleep(maxRetries=15, sleepTime=1000 MILLISECONDS)
2021-08-16 13:10:54,479 [EndpointStateMachine task thread for /127.0.0.1:15291 - 0 ] INFO  ipc.Client (Client.java:handleConnectionFailure(977)) - Retrying connect to server: localhost/127.0.0.1:15291. Already tried 13 time(s); retry policy is RetryUpToMaximumCountWithFixedSleep(maxRetries=15, sleepTime=1000 MILLISECONDS)
2021-08-16 13:10:54,479 [EndpointStateMachine task thread for /127.0.0.1:15281 - 0 ] INFO  ipc.Client (Client.java:handleConnectionFailure(977)) - Retrying connect to server: localhost/127.0.0.1:15281. Already tried 13 time(s); retry policy is RetryUpToMaximumCountWithFixedSleep(maxRetries=15, sleepTime=1000 MILLISECONDS)
2021-08-16 13:10:54,936 [Listener at 0.0.0.0/13643] INFO  retry.RetryInvocationHandler (RetryInvocationHandler.java:log(411)) - com.google.protobuf.ServiceException: java.net.ConnectException: Call From fv-az148-41/10.1.0.28 to localhost:13662 failed on connection exception: java.net.ConnectException: Connection refused; For more details see:  http://wiki.apache.org/hadoop/ConnectionRefused, while invoking $Proxy38.send over nodeId=scmNode-3,nodeAddress=/127.0.0.1:13662 after 2 failover attempts. Trying to failover after sleeping for 2000ms.
2021-08-16 13:10:55,368 [f324fcdd-c742-4882-bf0f-17e5edd5a90a@group-D45398A5843A-FollowerState] INFO  impl.FollowerState (FollowerState.java:run(134)) - f324fcdd-c742-4882-bf0f-17e5edd5a90a@group-D45398A5843A-FollowerState: change to CANDIDATE, lastRpcElapsedTime:5039476551ns, electionTimeout:5022ms
2021-08-16 13:10:55,369 [f324fcdd-c742-4882-bf0f-17e5edd5a90a@group-D45398A5843A-FollowerState] INFO  impl.RoleInfo (RoleInfo.java:shutdownFollowerState(108)) - f324fcdd-c742-4882-bf0f-17e5edd5a90a: shutdown f324fcdd-c742-4882-bf0f-17e5edd5a90a@group-D45398A5843A-FollowerState
2021-08-16 13:10:55,369 [f324fcdd-c742-4882-bf0f-17e5edd5a90a@group-D45398A5843A-FollowerState] INFO  server.RaftServer$Division (RaftServerImpl.java:setRole(285)) - f324fcdd-c742-4882-bf0f-17e5edd5a90a@group-D45398A5843A: changes role from  FOLLOWER to CANDIDATE at term 1 for changeToCandidate
2021-08-16 13:10:55,369 [f324fcdd-c742-4882-bf0f-17e5edd5a90a@group-D45398A5843A-FollowerState] INFO  server.RaftServerConfigKeys (ConfUtils.java:logGet(44)) - raft.server.leaderelection.pre-vote = false (custom)
2021-08-16 13:10:55,369 [f324fcdd-c742-4882-bf0f-17e5edd5a90a@group-D45398A5843A-FollowerState] INFO  impl.RoleInfo (RoleInfo.java:updateAndGet(130)) - f324fcdd-c742-4882-bf0f-17e5edd5a90a: start f324fcdd-c742-4882-bf0f-17e5edd5a90a@group-D45398A5843A-LeaderElection15
2021-08-16 13:10:55,382 [f324fcdd-c742-4882-bf0f-17e5edd5a90a@group-D45398A5843A-LeaderElection15] INFO  impl.LeaderElection (LeaderElection.java:askForVotes(306)) - f324fcdd-c742-4882-bf0f-17e5edd5a90a@group-D45398A5843A-LeaderElection15 ELECTION round 0: submit vote requests at term 2 for 0: [f324fcdd-c742-4882-bf0f-17e5edd5a90a|rpc:localhost:13640|admin:|client:|dataStream:|priority:0], old=null
2021-08-16 13:10:55,382 [f324fcdd-c742-4882-bf0f-17e5edd5a90a@group-D45398A5843A-LeaderElection15] INFO  impl.LeaderElection (LeaderElection.java:askForVotes(308)) - f324fcdd-c742-4882-bf0f-17e5edd5a90a@group-D45398A5843A-LeaderElection15 ELECTION round 0: result PASSED (term=2)
2021-08-16 13:10:55,382 [f324fcdd-c742-4882-bf0f-17e5edd5a90a@group-D45398A5843A-LeaderElection15] INFO  impl.RoleInfo (RoleInfo.java:shutdownLeaderElection(121)) - f324fcdd-c742-4882-bf0f-17e5edd5a90a: shutdown f324fcdd-c742-4882-bf0f-17e5edd5a90a@group-D45398A5843A-LeaderElection15
2021-08-16 13:10:55,382 [f324fcdd-c742-4882-bf0f-17e5edd5a90a@group-D45398A5843A-LeaderElection15] INFO  server.RaftServer$Division (RaftServerImpl.java:setRole(285)) - f324fcdd-c742-4882-bf0f-17e5edd5a90a@group-D45398A5843A: changes role from CANDIDATE to LEADER at term 2 for changeToLeader
2021-08-16 13:10:55,382 [f324fcdd-c742-4882-bf0f-17e5edd5a90a@group-D45398A5843A-LeaderElection15] INFO  ha.SCMStateMachine (SCMStateMachine.java:notifyLeaderChanged(252)) - current SCM becomes leader of term 2.
2021-08-16 13:10:55,382 [f324fcdd-c742-4882-bf0f-17e5edd5a90a@group-D45398A5843A-LeaderElection15] INFO  ha.SCMContext (SCMContext.java:updateLeaderAndTerm(88)) - update <isLeader,term> from <false,0> to <true,2>
2021-08-16 13:10:55,382 [f324fcdd-c742-4882-bf0f-17e5edd5a90a@group-D45398A5843A-LeaderElection15] INFO  server.RaftServer$Division (ServerState.java:setLeader(285)) - f324fcdd-c742-4882-bf0f-17e5edd5a90a@group-D45398A5843A: change Leader from null to f324fcdd-c742-4882-bf0f-17e5edd5a90a at term 2 for becomeLeader, leader elected after 5149ms
2021-08-16 13:10:55,382 [f324fcdd-c742-4882-bf0f-17e5edd5a90a@group-D45398A5843A-LeaderElection15] INFO  server.RaftServerConfigKeys (ConfUtils.java:logGet(44)) - raft.server.staging.catchup.gap = 1000 (default)
2021-08-16 13:10:55,382 [f324fcdd-c742-4882-bf0f-17e5edd5a90a@group-D45398A5843A-LeaderElection15] INFO  server.RaftServerConfigKeys (ConfUtils.java:logGet(44)) - raft.server.write.element-limit = 4096 (default)
2021-08-16 13:10:55,388 [f324fcdd-c742-4882-bf0f-17e5edd5a90a@group-D45398A5843A-LeaderElection15] INFO  server.RaftServerConfigKeys (ConfUtils.java:logGet(44)) - raft.server.write.byte-limit = 64MB (=67108864) (default)
2021-08-16 13:10:55,388 [f324fcdd-c742-4882-bf0f-17e5edd5a90a@group-D45398A5843A-LeaderElection15] INFO  server.RaftServerConfigKeys (ConfUtils.java:logGet(44)) - raft.server.watch.timeout = 10s (default)
2021-08-16 13:10:55,388 [f324fcdd-c742-4882-bf0f-17e5edd5a90a@group-D45398A5843A-LeaderElection15] INFO  server.RaftServerConfigKeys (ConfUtils.java:logGet(44)) - raft.server.watch.timeout.denomination = 1s (default)
2021-08-16 13:10:55,388 [f324fcdd-c742-4882-bf0f-17e5edd5a90a@group-D45398A5843A-LeaderElection15] INFO  server.RaftServerConfigKeys (ConfUtils.java:logGet(44)) - raft.server.watch.element-limit = 65536 (default)
2021-08-16 13:10:55,388 [f324fcdd-c742-4882-bf0f-17e5edd5a90a@group-D45398A5843A-LeaderElection15] INFO  impl.RoleInfo (RoleInfo.java:updateAndGet(130)) - f324fcdd-c742-4882-bf0f-17e5edd5a90a: start f324fcdd-c742-4882-bf0f-17e5edd5a90a@group-D45398A5843A-LeaderStateImpl
2021-08-16 13:10:55,389 [f324fcdd-c742-4882-bf0f-17e5edd5a90a@group-D45398A5843A-LeaderElection15] INFO  segmented.SegmentedRaftLogWorker (SegmentedRaftLogWorker.java:rollLogSegment(399)) - f324fcdd-c742-4882-bf0f-17e5edd5a90a@group-D45398A5843A-SegmentedRaftLogWorker: Rolling segment log-0_0 to index:0
2021-08-16 13:10:55,389 [f324fcdd-c742-4882-bf0f-17e5edd5a90a@group-D45398A5843A-SegmentedRaftLogWorker] INFO  segmented.SegmentedRaftLogWorker (SegmentedRaftLogWorker.java:execute(558)) - f324fcdd-c742-4882-bf0f-17e5edd5a90a@group-D45398A5843A-SegmentedRaftLogWorker: Rolled log segment from /home/runner/work/ozone/ozone/hadoop-ozone/integration-test/target/test-dir/MiniOzoneClusterImpl-d497f94c-0a77-40f1-b0c4-d45398a5843a/scmNode-1/scm-ha/d497f94c-0a77-40f1-b0c4-d45398a5843a/current/log_inprogress_0 to /home/runner/work/ozone/ozone/hadoop-ozone/integration-test/target/test-dir/MiniOzoneClusterImpl-d497f94c-0a77-40f1-b0c4-d45398a5843a/scmNode-1/scm-ha/d497f94c-0a77-40f1-b0c4-d45398a5843a/current/log_0-0
2021-08-16 13:10:55,391 [f324fcdd-c742-4882-bf0f-17e5edd5a90a@group-D45398A5843A-SegmentedRaftLogWorker] INFO  segmented.SegmentedRaftLogWorker (SegmentedRaftLogWorker.java:execute(601)) - f324fcdd-c742-4882-bf0f-17e5edd5a90a@group-D45398A5843A-SegmentedRaftLogWorker: created new log segment /home/runner/work/ozone/ozone/hadoop-ozone/integration-test/target/test-dir/MiniOzoneClusterImpl-d497f94c-0a77-40f1-b0c4-d45398a5843a/scmNode-1/scm-ha/d497f94c-0a77-40f1-b0c4-d45398a5843a/current/log_inprogress_1
2021-08-16 13:10:55,396 [f324fcdd-c742-4882-bf0f-17e5edd5a90a@group-D45398A5843A-LeaderElection15] INFO  server.RaftServer$Division (ServerState.java:setRaftConf(387)) - f324fcdd-c742-4882-bf0f-17e5edd5a90a@group-D45398A5843A: set configuration 1: [f324fcdd-c742-4882-bf0f-17e5edd5a90a|rpc:localhost:13640|admin:|client:|dataStream:|priority:0], old=null
2021-08-16 13:10:55,402 [f324fcdd-c742-4882-bf0f-17e5edd5a90a@group-D45398A5843A-StateMachineUpdater] INFO  ha.SCMContext (SCMContext.java:setLeaderReady(115)) - update <isLeaderReady> from <false> to <true>
2021-08-16 13:10:55,403 [f324fcdd-c742-4882-bf0f-17e5edd5a90a@group-D45398A5843A-StateMachineUpdater] INFO  pipeline.BackgroundPipelineCreator (BackgroundPipelineCreatorV2.java:notifyStatusChanged(264)) - Service BackgroundPipelineCreator transitions to RUNNING.
2021-08-16 13:10:55,403 [f324fcdd-c742-4882-bf0f-17e5edd5a90a@group-D45398A5843A-StateMachineUpdater] INFO  safemode.HealthyPipelineSafeModeRule (HealthyPipelineSafeModeRule.java:initializeRule(152)) - Refreshed total pipeline count is 0, healthy pipeline threshold count is 1
2021-08-16 13:10:55,403 [f324fcdd-c742-4882-bf0f-17e5edd5a90a@group-D45398A5843A-StateMachineUpdater] INFO  safemode.ContainerSafeModeRule (ContainerSafeModeRule.java:reInitializeRule(177)) - Refreshed one replica container threshold 0, currentThreshold 0
2021-08-16 13:10:55,403 [f324fcdd-c742-4882-bf0f-17e5edd5a90a@group-D45398A5843A-StateMachineUpdater] INFO  safemode.OneReplicaPipelineSafeModeRule (OneReplicaPipelineSafeModeRule.java:initializeRule(176)) - Refreshed Total pipeline count is 0, pipeline's with at least one datanode reported threshold count is 0
2021-08-16 13:10:55,403 [f324fcdd-c742-4882-bf0f-17e5edd5a90a@group-D45398A5843A-StateMachineUpdater] INFO  server.SCMDatanodeProtocolServer (SCMDatanodeProtocolServer.java:start(181)) - RPC server for DataNodes is listening at /0.0.0.0:13641
2021-08-16 13:10:55,414 [IPC Server listener on 13641] INFO  ipc.Server (Server.java:run(1344)) - IPC Server listener on 13641: starting
2021-08-16 13:10:55,478 [EndpointStateMachine task thread for /127.0.0.1:15301 - 0 ] INFO  ipc.Client (Client.java:handleConnectionFailure(977)) - Retrying connect to server: localhost/127.0.0.1:15301. Already tried 14 time(s); retry policy is RetryUpToMaximumCountWithFixedSleep(maxRetries=15, sleepTime=1000 MILLISECONDS)
2021-08-16 13:10:55,479 [EndpointStateMachine task thread for /127.0.0.1:15291 - 0 ] INFO  ipc.Client (Client.java:handleConnectionFailure(977)) - Retrying connect to server: localhost/127.0.0.1:15291. Already tried 14 time(s); retry policy is RetryUpToMaximumCountWithFixedSleep(maxRetries=15, sleepTime=1000 MILLISECONDS)
2021-08-16 13:10:55,480 [EndpointStateMachine task thread for /127.0.0.1:15281 - 0 ] INFO  ipc.Client (Client.java:handleConnectionFailure(977)) - Retrying connect to server: localhost/127.0.0.1:15281. Already tried 14 time(s); retry policy is RetryUpToMaximumCountWithFixedSleep(maxRetries=15, sleepTime=1000 MILLISECONDS)
2021-08-16 13:10:55,531 [IPC Server Responder] INFO  ipc.Server (Server.java:run(1507)) - IPC Server Responder: starting
2021-08-16 13:10:56,527 [EndpointStateMachine task thread for /127.0.0.1:15301 - 0 ] INFO  ipc.Client (Client.java:handleConnectionFailure(977)) - Retrying connect to server: localhost/127.0.0.1:15301. Already tried 0 time(s); retry policy is RetryUpToMaximumCountWithFixedSleep(maxRetries=15, sleepTime=1000 MILLISECONDS)
2021-08-16 13:10:56,533 [EndpointStateMachine task thread for /127.0.0.1:15281 - 0 ] INFO  ipc.Client (Client.java:handleConnectionFailure(977)) - Retrying connect to server: localhost/127.0.0.1:15281. Already tried 0 time(s); retry policy is RetryUpToMaximumCountWithFixedSleep(maxRetries=15, sleepTime=1000 MILLISECONDS)
2021-08-16 13:10:56,534 [EndpointStateMachine task thread for /127.0.0.1:15291 - 0 ] INFO  ipc.Client (Client.java:handleConnectionFailure(977)) - Retrying connect to server: localhost/127.0.0.1:15291. Already tried 0 time(s); retry policy is RetryUpToMaximumCountWithFixedSleep(maxRetries=15, sleepTime=1000 MILLISECONDS)
2021-08-16 13:10:56,940 [Listener at 0.0.0.0/13643] INFO  server.StorageContainerManager (StorageContainerManager.java:scmBootstrap(948)) - SCM BootStrap  is successful for ClusterID d497f94c-0a77-40f1-b0c4-d45398a5843a, SCMID 161c1ac7-ff07-4d6f-a20c-3f676ae8d443
2021-08-16 13:10:56,940 [Listener at 0.0.0.0/13643] INFO  server.StorageContainerManager (StorageContainerManager.java:scmBootstrap(950)) - Primary SCM Node ID f324fcdd-c742-4882-bf0f-17e5edd5a90a
2021-08-16 13:10:56,940 [Listener at 0.0.0.0/13643] INFO  ha.SCMHANodeDetails (SCMHANodeDetails.java:loadSCMHAConfig(157)) - ServiceID for StorageContainerManager is scm-service-test1
2021-08-16 13:10:56,940 [Listener at 0.0.0.0/13643] INFO  ha.SCMHANodeDetails (SCMHANodeDetails.java:loadSCMHAConfig(168)) - ServiceID for StorageContainerManager is scm-service-test1
2021-08-16 13:10:56,941 [Listener at 0.0.0.0/13643] WARN  scm.ScmUtils (ScmUtils.java:logWarn(179)) - ConfigKey ozone.scm.block.client.address is deprecated, For configuring different ports for each SCM use PortConfigKey ozone.scm.block.client.port appended with serviceId and nodeId. If want to configure same port configure ozone.scm.block.client.port
2021-08-16 13:10:56,941 [Listener at 0.0.0.0/13643] WARN  scm.ScmUtils (ScmUtils.java:logWarn(179)) - ConfigKey ozone.scm.client.address is deprecated, For configuring different ports for each SCM use PortConfigKey ozone.scm.client.port appended with serviceId and nodeId. If want to configure same port configure ozone.scm.client.port
2021-08-16 13:10:56,941 [Listener at 0.0.0.0/13643] WARN  scm.ScmUtils (ScmUtils.java:logWarn(179)) - ConfigKey ozone.scm.datanode.address is deprecated, For configuring different ports for each SCM use PortConfigKey ozone.scm.datanode.port appended with serviceId and nodeId. If want to configure same port configure ozone.scm.datanode.port
2021-08-16 13:10:56,941 [Listener at 0.0.0.0/13643] WARN  scm.ScmUtils (ScmUtils.java:logWarn(179)) - ConfigKey ozone.scm.block.client.address is deprecated, For configuring different ports for each SCM use PortConfigKey ozone.scm.block.client.port appended with serviceId and nodeId. If want to configure same port configure ozone.scm.block.client.port
2021-08-16 13:10:56,941 [Listener at 0.0.0.0/13643] WARN  scm.ScmUtils (ScmUtils.java:logWarn(179)) - ConfigKey ozone.scm.client.address is deprecated, For configuring different ports for each SCM use PortConfigKey ozone.scm.client.port appended with serviceId and nodeId. If want to configure same port configure ozone.scm.client.port
2021-08-16 13:10:56,941 [Listener at 0.0.0.0/13643] WARN  scm.ScmUtils (ScmUtils.java:logWarn(179)) - ConfigKey ozone.scm.datanode.address is deprecated, For configuring different ports for each SCM use PortConfigKey ozone.scm.datanode.port appended with serviceId and nodeId. If want to configure same port configure ozone.scm.datanode.port
2021-08-16 13:10:56,942 [Listener at 0.0.0.0/13643] INFO  ha.SCMHANodeDetails (SCMHANodeDetails.java:loadSCMHAConfig(250)) - Found matching SCM address with SCMServiceId: scm-service-test1, SCMNodeId: scmNode-2, RPC Address: localhost:13650 and Ratis port: 13650
2021-08-16 13:10:56,942 [Listener at 0.0.0.0/13643] INFO  ha.SCMHANodeDetails (ConfUtils.java:setNodeSpecificConfigs(108)) - Setting configuration key ozone.scm.datanode.address with value of key ozone.scm.datanode.address.scm-service-test1.scmNode-2: 127.0.0.1:13651
2021-08-16 13:10:56,942 [Listener at 0.0.0.0/13643] INFO  ha.SCMHANodeDetails (ConfUtils.java:setNodeSpecificConfigs(108)) - Setting configuration key ozone.scm.block.client.address with value of key ozone.scm.block.client.address.scm-service-test1.scmNode-2: 127.0.0.1:13652
2021-08-16 13:10:56,942 [Listener at 0.0.0.0/13643] INFO  ha.SCMHANodeDetails (ConfUtils.java:setNodeSpecificConfigs(108)) - Setting configuration key ozone.scm.client.address with value of key ozone.scm.client.address.scm-service-test1.scmNode-2: 127.0.0.1:13653
2021-08-16 13:10:56,942 [Listener at 0.0.0.0/13643] INFO  ha.SCMHANodeDetails (ConfUtils.java:setNodeSpecificConfigs(108)) - Setting configuration key ozone.scm.ratis.port with value of key ozone.scm.ratis.port.scm-service-test1.scmNode-2: 13650
2021-08-16 13:10:56,942 [Listener at 0.0.0.0/13643] INFO  ha.SCMHANodeDetails (ConfUtils.java:setNodeSpecificConfigs(108)) - Setting configuration key ozone.scm.grpc.port with value of key ozone.scm.grpc.port.scm-service-test1.scmNode-2: 13654
2021-08-16 13:10:56,942 [Listener at 0.0.0.0/13643] INFO  ha.SCMHANodeDetails (ConfUtils.java:setNodeSpecificConfigs(108)) - Setting configuration key ozone.scm.http-address with value of key ozone.scm.http-address.scm-service-test1.scmNode-2: 127.0.0.1:13648
2021-08-16 13:10:56,942 [Listener at 0.0.0.0/13643] INFO  ha.SCMHANodeDetails (ConfUtils.java:setNodeSpecificConfigs(108)) - Setting configuration key ozone.scm.https-address with value of key ozone.scm.https-address.scm-service-test1.scmNode-2: 127.0.0.1:13649
2021-08-16 13:10:56,942 [Listener at 0.0.0.0/13643] INFO  ha.SCMHANodeDetails (ConfUtils.java:setNodeSpecificConfigs(108)) - Setting configuration key ozone.scm.address with value of key ozone.scm.address.scm-service-test1.scmNode-2: 127.0.0.1
2021-08-16 13:10:56,943 [Listener at 0.0.0.0/13643] WARN  scm.ScmUtils (ScmUtils.java:logWarn(179)) - ConfigKey ozone.scm.block.client.address is deprecated, For configuring different ports for each SCM use PortConfigKey ozone.scm.block.client.port appended with serviceId and nodeId. If want to configure same port configure ozone.scm.block.client.port
2021-08-16 13:10:56,943 [Listener at 0.0.0.0/13643] WARN  scm.ScmUtils (ScmUtils.java:logWarn(179)) - ConfigKey ozone.scm.client.address is deprecated, For configuring different ports for each SCM use PortConfigKey ozone.scm.client.port appended with serviceId and nodeId. If want to configure same port configure ozone.scm.client.port
2021-08-16 13:10:56,943 [Listener at 0.0.0.0/13643] WARN  scm.ScmUtils (ScmUtils.java:logWarn(179)) - ConfigKey ozone.scm.datanode.address is deprecated, For configuring different ports for each SCM use PortConfigKey ozone.scm.datanode.port appended with serviceId and nodeId. If want to configure same port configure ozone.scm.datanode.port
2021-08-16 13:10:56,943 [Listener at 0.0.0.0/13643] WARN  server.ServerUtils (ServerUtils.java:getScmDbDir(148)) - ozone.scm.db.dirs is not configured. We recommend adding this setting. Falling back to ozone.metadata.dirs instead.
2021-08-16 13:10:56,944 [Listener at 0.0.0.0/13643] INFO  upgrade.AbstractLayoutVersionManager (AbstractLayoutVersionManager.java:init(70)) - Initializing Layout version manager with metadata layout = SCM_HA (version = 2), software layout = SCM_HA (version = 2)
2021-08-16 13:10:57,059 [Listener at 0.0.0.0/13643] INFO  reflections.Reflections (Reflections.java:scan(232)) - Reflections took 114 ms to scan 7 urls, producing 120 keys and 275 values 
2021-08-16 13:10:57,063 [Listener at 0.0.0.0/13643] WARN  utils.HAUtils (HAUtils.java:getMetaDir(342)) - ozone.scm.db.dirs is not configured. We recommend adding this setting. Falling back to ozone.metadata.dirs instead.
2021-08-16 13:10:57,066 [Listener at 0.0.0.0/13643] WARN  db.DBStoreBuilder (DBStoreBuilder.java:applyDBDefinition(145)) - ozone.scm.db.dirs is not configured. We recommend adding this setting. Falling back to ozone.metadata.dirs instead.
2021-08-16 13:10:57,203 [Listener at 0.0.0.0/13643] INFO  net.NodeSchemaLoader (NodeSchemaLoader.java:loadSchemaFromFile(129)) - Loading schema from [jar:file:/home/runner/.m2/repository/org/apache/ozone/hdds-common/1.2.0-SNAPSHOT/hdds-common-1.2.0-SNAPSHOT.jar!/network-topology-default.xml]
2021-08-16 13:10:57,203 [Listener at 0.0.0.0/13643] INFO  net.NodeSchemaLoader (NodeSchemaLoader.java:loadSchema(176)) - Loading network topology layer schema file
2021-08-16 13:10:57,208 [Listener at 0.0.0.0/13643] INFO  ha.SCMRatisServerImpl (SCMRatisServerImpl.java:<init>(85)) - starting Raft server for scm:161c1ac7-ff07-4d6f-a20c-3f676ae8d443
2021-08-16 13:10:57,209 [Listener at 0.0.0.0/13643] INFO  server.RaftServer (ConfUtils.java:logGet(44)) - raft.rpc.type = GRPC (default)
2021-08-16 13:10:57,209 [Listener at 0.0.0.0/13643] INFO  grpc.GrpcFactory (GrpcFactory.java:checkPooledByteBufAllocatorUseCacheForAllThreads(48)) - PERFORMANCE WARNING: useCacheForAllThreads is true that may cause Netty to create a lot garbage objects and, as a result, trigger GC.
	It is recommended to disable useCacheForAllThreads by setting -Dorg.apache.ratis.thirdparty.io.netty.allocator.useCacheForAllThreads=false in command line.
2021-08-16 13:10:57,209 [Listener at 0.0.0.0/13643] INFO  grpc.GrpcConfigKeys (ConfUtils.java:logGet(44)) - raft.grpc.admin.port = -1 (default)
2021-08-16 13:10:57,209 [Listener at 0.0.0.0/13643] INFO  grpc.GrpcConfigKeys (ConfUtils.java:logGet(44)) - raft.grpc.server.port = 13650 (custom)
2021-08-16 13:10:57,209 [Listener at 0.0.0.0/13643] INFO  grpc.GrpcConfigKeys (ConfUtils.java:logGet(44)) - raft.grpc.client.port = -1 (default)
2021-08-16 13:10:57,210 [Listener at 0.0.0.0/13643] INFO  grpc.GrpcConfigKeys (ConfUtils.java:logGet(44)) - raft.grpc.server.port = 13650 (custom)
2021-08-16 13:10:57,210 [Listener at 0.0.0.0/13643] INFO  grpc.GrpcConfigKeys (ConfUtils.java:logGet(44)) - raft.grpc.server.port = 13650 (custom)
2021-08-16 13:10:57,210 [Listener at 0.0.0.0/13643] INFO  server.GrpcService (ConfUtils.java:logGet(44)) - raft.grpc.message.size.max = 32m (=33554432) (custom)
2021-08-16 13:10:57,210 [Listener at 0.0.0.0/13643] INFO  server.RaftServerConfigKeys (ConfUtils.java:logGet(44)) - raft.server.log.appender.buffer.byte-limit = 33554432 (custom)
2021-08-16 13:10:57,210 [Listener at 0.0.0.0/13643] INFO  server.GrpcService (ConfUtils.java:logGet(44)) - raft.grpc.flow.control.window = 1MB (=1048576) (default)
2021-08-16 13:10:57,210 [Listener at 0.0.0.0/13643] INFO  server.RaftServerConfigKeys (ConfUtils.java:logGet(44)) - raft.server.rpc.request.timeout = 30000ms (custom)
2021-08-16 13:10:57,216 [Listener at 0.0.0.0/13643] INFO  impl.DataStreamServerImpl (ConfUtils.java:logGet(44)) - raft.datastream.type = DISABLED (default)
2021-08-16 13:10:57,217 [Listener at 0.0.0.0/13643] INFO  server.RaftServerConfigKeys (ConfUtils.java:logGet(44)) - raft.server.rpc.slowness.timeout = 120000ms (custom)
2021-08-16 13:10:57,217 [Listener at 0.0.0.0/13643] INFO  server.RaftServerConfigKeys (ConfUtils.java:logGet(44)) - raft.server.leaderelection.leader.step-down.wait-time = 10s (default)
2021-08-16 13:10:57,217 [Listener at 0.0.0.0/13643] INFO  server.RaftServerConfigKeys (ConfUtils.java:logGet(44)) - raft.server.storage.dir = [/home/runner/work/ozone/ozone/hadoop-ozone/integration-test/target/test-dir/MiniOzoneClusterImpl-d497f94c-0a77-40f1-b0c4-d45398a5843a/scmNode-2/scm-ha] (custom)
2021-08-16 13:10:57,217 [Listener at 0.0.0.0/13643] INFO  server.RaftServer (RaftServerProxy.java:addNew(95)) - 161c1ac7-ff07-4d6f-a20c-3f676ae8d443: addNew group-D45398A5843A:[] returns group-D45398A5843A:java.util.concurrent.CompletableFuture@69052034[Not completed]
2021-08-16 13:10:57,218 [pool-203-thread-1] INFO  server.RaftServer$Division (RaftServerImpl.java:<init>(181)) - 161c1ac7-ff07-4d6f-a20c-3f676ae8d443: new RaftServerImpl for group-D45398A5843A:[] with SCMStateMachine:uninitialized
2021-08-16 13:10:57,222 [pool-203-thread-1] INFO  server.RaftServerConfigKeys (ConfUtils.java:logGet(44)) - raft.server.rpc.timeout.min = 5000ms (custom)
2021-08-16 13:10:57,222 [pool-203-thread-1] INFO  server.RaftServerConfigKeys (ConfUtils.java:logGet(44)) - raft.server.rpc.timeout.max = 5200ms (custom)
2021-08-16 13:10:57,222 [pool-203-thread-1] INFO  server.RaftServerConfigKeys (ConfUtils.java:logGet(44)) - raft.server.rpc.sleep.time = 25ms (default)
2021-08-16 13:10:57,222 [pool-203-thread-1] INFO  server.RaftServerConfigKeys (ConfUtils.java:logGet(44)) - raft.server.rpc.slowness.timeout = 120000ms (custom)
2021-08-16 13:10:57,222 [pool-203-thread-1] INFO  server.RaftServerConfigKeys (ConfUtils.java:logGet(44)) - raft.server.leaderelection.leader.step-down.wait-time = 10s (default)
2021-08-16 13:10:57,222 [pool-203-thread-1] INFO  server.RaftServerConfigKeys (ConfUtils.java:logGet(44)) - raft.server.sleep.deviation.threshold = 300ms (default)
2021-08-16 13:10:57,222 [pool-203-thread-1] INFO  server.RaftServerConfigKeys (ConfUtils.java:logGet(44)) - raft.server.log.appender.install.snapshot.enabled = false (custom)
2021-08-16 13:10:57,223 [pool-203-thread-1] INFO  server.RaftServer$Division (ServerState.java:<init>(105)) - 161c1ac7-ff07-4d6f-a20c-3f676ae8d443@group-D45398A5843A: ConfigurationManager, init=-1: [], old=null, confs=<EMPTY_MAP>
2021-08-16 13:10:57,223 [pool-203-thread-1] INFO  server.RaftServerConfigKeys (ConfUtils.java:logGet(44)) - raft.server.storage.dir = [/home/runner/work/ozone/ozone/hadoop-ozone/integration-test/target/test-dir/MiniOzoneClusterImpl-d497f94c-0a77-40f1-b0c4-d45398a5843a/scmNode-2/scm-ha] (custom)
2021-08-16 13:10:57,223 [pool-203-thread-1] INFO  server.RaftServerConfigKeys (ConfUtils.java:logGet(44)) - raft.server.log.corruption.policy = EXCEPTION (default)
2021-08-16 13:10:57,223 [pool-203-thread-1] INFO  server.RaftServerConfigKeys (ConfUtils.java:logGet(44)) - raft.server.storage.free-space.min = 0MB (=0) (default)
2021-08-16 13:10:57,223 [pool-203-thread-1] INFO  storage.RaftStorageDirectory (RaftStorageDirectoryImpl.java:analyzeStorage(135)) - The storage directory /home/runner/work/ozone/ozone/hadoop-ozone/integration-test/target/test-dir/MiniOzoneClusterImpl-d497f94c-0a77-40f1-b0c4-d45398a5843a/scmNode-2/scm-ha/d497f94c-0a77-40f1-b0c4-d45398a5843a does not exist. Creating ...
2021-08-16 13:10:57,224 [pool-203-thread-1] INFO  storage.RaftStorageDirectory (RaftStorageDirectoryImpl.java:tryLock(230)) - Lock on /home/runner/work/ozone/ozone/hadoop-ozone/integration-test/target/test-dir/MiniOzoneClusterImpl-d497f94c-0a77-40f1-b0c4-d45398a5843a/scmNode-2/scm-ha/d497f94c-0a77-40f1-b0c4-d45398a5843a/in_use.lock acquired by nodename 11556@fv-az148-41
2021-08-16 13:10:57,232 [pool-203-thread-1] INFO  storage.RaftStorage (RaftStorageImpl.java:format(89)) - Storage directory /home/runner/work/ozone/ozone/hadoop-ozone/integration-test/target/test-dir/MiniOzoneClusterImpl-d497f94c-0a77-40f1-b0c4-d45398a5843a/scmNode-2/scm-ha/d497f94c-0a77-40f1-b0c4-d45398a5843a has been successfully formatted.
2021-08-16 13:10:57,232 [pool-203-thread-1] INFO  server.RaftServerConfigKeys (ConfUtils.java:logGet(44)) - raft.server.notification.no-leader.timeout = 60s (default)
2021-08-16 13:10:57,232 [pool-203-thread-1] INFO  server.RaftServerConfigKeys (ConfUtils.java:logGet(44)) - raft.server.log.use.memory = false (default)
2021-08-16 13:10:57,232 [pool-203-thread-1] INFO  server.RaftServerConfigKeys (ConfUtils.java:logGet(44)) - raft.server.log.purge.gap = 5 (custom)
2021-08-16 13:10:57,232 [pool-203-thread-1] INFO  server.RaftServerConfigKeys (ConfUtils.java:logGet(44)) - raft.server.log.appender.buffer.byte-limit = 33554432 (custom)
2021-08-16 13:10:57,232 [pool-203-thread-1] INFO  server.RaftServerConfigKeys (ConfUtils.java:logGet(44)) - raft.server.log.segment.size.max = 16384 (custom)
2021-08-16 13:10:57,233 [pool-203-thread-1] INFO  server.RaftServerConfigKeys (ConfUtils.java:logGet(44)) - raft.server.log.segment.cache.num.max = 2 (custom)
2021-08-16 13:10:57,233 [pool-203-thread-1] INFO  server.RaftServerConfigKeys (ConfUtils.java:logGet(44)) - raft.server.log.segment.cache.size.max = 200MB (=209715200) (default)
2021-08-16 13:10:57,233 [pool-203-thread-1] INFO  segmented.SegmentedRaftLogWorker (SegmentedRaftLogWorker.java:<init>(182)) - new 161c1ac7-ff07-4d6f-a20c-3f676ae8d443@group-D45398A5843A-SegmentedRaftLogWorker for RaftStorageImpl:Storage Directory /home/runner/work/ozone/ozone/hadoop-ozone/integration-test/target/test-dir/MiniOzoneClusterImpl-d497f94c-0a77-40f1-b0c4-d45398a5843a/scmNode-2/scm-ha/d497f94c-0a77-40f1-b0c4-d45398a5843a
2021-08-16 13:10:57,233 [pool-203-thread-1] INFO  server.RaftServerConfigKeys (ConfUtils.java:logGet(44)) - raft.server.log.queue.byte-limit = 64MB (=67108864) (default)
2021-08-16 13:10:57,233 [pool-203-thread-1] INFO  server.RaftServerConfigKeys (ConfUtils.java:logGet(44)) - raft.server.log.queue.element-limit = 4096 (default)
2021-08-16 13:10:57,233 [pool-203-thread-1] INFO  server.RaftServerConfigKeys (ConfUtils.java:logGet(44)) - raft.server.log.segment.size.max = 16384 (custom)
2021-08-16 13:10:57,233 [pool-203-thread-1] INFO  server.RaftServerConfigKeys (ConfUtils.java:logGet(44)) - raft.server.log.preallocated.size = 16384 (custom)
2021-08-16 13:10:57,233 [pool-203-thread-1] INFO  server.RaftServerConfigKeys (ConfUtils.java:logGet(44)) - raft.server.log.force.sync.num = 128 (default)
2021-08-16 13:10:57,233 [pool-203-thread-1] INFO  server.RaftServerConfigKeys (ConfUtils.java:logGet(44)) - raft.server.log.statemachine.data.sync = true (default)
2021-08-16 13:10:57,233 [pool-203-thread-1] INFO  server.RaftServerConfigKeys (ConfUtils.java:logGet(44)) - raft.server.log.statemachine.data.sync.timeout = 10s (default)
2021-08-16 13:10:57,233 [pool-203-thread-1] INFO  server.RaftServerConfigKeys (ConfUtils.java:logGet(44)) - raft.server.log.statemachine.data.sync.timeout.retry = -1 (default)
2021-08-16 13:10:57,234 [pool-203-thread-1] INFO  server.RaftServerConfigKeys (ConfUtils.java:logGet(44)) - raft.server.log.write.buffer.size = 64KB (=65536) (default)
2021-08-16 13:10:57,234 [pool-203-thread-1] INFO  server.RaftServerConfigKeys (ConfUtils.java:logGet(44)) - raft.server.log.statemachine.data.caching.enabled = false (default)
2021-08-16 13:10:57,234 [pool-203-thread-1] INFO  segmented.SegmentedRaftLogWorker (SegmentedRaftLogWorker.java:lambda$new$0(133)) - 161c1ac7-ff07-4d6f-a20c-3f676ae8d443@group-D45398A5843A-SegmentedRaftLogWorker: flushIndex: setUnconditionally 0 -> -1
2021-08-16 13:10:57,234 [pool-203-thread-1] INFO  segmented.SegmentedRaftLogWorker (SegmentedRaftLogWorker.java:lambda$new$0(133)) - 161c1ac7-ff07-4d6f-a20c-3f676ae8d443@group-D45398A5843A-SegmentedRaftLogWorker: safeCacheEvictIndex: setUnconditionally 0 -> -1
2021-08-16 13:10:57,246 [pool-203-thread-1] INFO  server.RaftServerConfigKeys (ConfUtils.java:logGet(44)) - raft.server.snapshot.auto.trigger.enabled = true (custom)
2021-08-16 13:10:57,246 [pool-203-thread-1] INFO  server.RaftServerConfigKeys (ConfUtils.java:logGet(44)) - raft.server.snapshot.auto.trigger.threshold = 5 (custom)
2021-08-16 13:10:57,246 [pool-203-thread-1] INFO  server.RaftServerConfigKeys (ConfUtils.java:logGet(44)) - raft.server.snapshot.retention.file.num = -1 (default)
2021-08-16 13:10:57,246 [pool-203-thread-1] INFO  server.RaftServerConfigKeys (ConfUtils.java:logGet(44)) - raft.server.log.purge.upto.snapshot.index = true (custom)
2021-08-16 13:10:57,246 [pool-203-thread-1] INFO  server.RaftServerConfigKeys (ConfUtils.java:logGet(44)) - raft.server.retrycache.expirytime = 60000ms (default)
2021-08-16 13:10:57,246 [pool-203-thread-1] INFO  server.RaftServerConfigKeys (ConfUtils.java:logGet(44)) - raft.server.retrycache.statistics.expirytime = 100μs (default)
2021-08-16 13:10:57,247 [Listener at 0.0.0.0/13643] INFO  ha.SCMSnapshotProvider (SCMSnapshotProvider.java:<init>(66)) - Initializing SCM Snapshot Provider
2021-08-16 13:10:57,247 [Listener at 0.0.0.0/13643] WARN  server.ServerUtils (ServerUtils.java:getDefaultRatisDirectory(237)) - Storage directory for Ratis is not configured. It is a good idea to map this to an SSD disk. Falling back to ozone.metadata.dirs
2021-08-16 13:10:57,248 [Listener at 0.0.0.0/13643] WARN  ha.SCMHAUtils (SCMHAUtils.java:getSCMRatisSnapshotDirectory(144)) - SCM snapshot dir is not configured. Falling back to ozone.metadata.dirs config
2021-08-16 13:10:57,249 [Listener at 0.0.0.0/13643] INFO  ha.SequenceIdGenerator (SequenceIdGenerator.java:upgradeToSequenceId(327)) - upgrade localId to 107544261427200000
2021-08-16 13:10:57,249 [Listener at 0.0.0.0/13643] INFO  ha.SequenceIdGenerator (SequenceIdGenerator.java:upgradeToSequenceId(337)) - upgrade delTxnId to 0
2021-08-16 13:10:57,249 [Listener at 0.0.0.0/13643] INFO  ha.SequenceIdGenerator (SequenceIdGenerator.java:upgradeToSequenceId(351)) - upgrade containerId to 0
2021-08-16 13:10:57,249 [Listener at 0.0.0.0/13643] INFO  ha.SequenceIdGenerator (SequenceIdGenerator.java:<init>(217)) - Init the HA SequenceIdGenerator.
2021-08-16 13:10:57,250 [Listener at 0.0.0.0/13643] WARN  server.ServerUtils (ServerUtils.java:sanitizeUserArgs(73)) - ozone.scm.stale.node.interval value = 300000 is larger than max = 100000 based on the key value of ozone.scm.heartbeat.thread.interval, reset to the max value 100000.
2021-08-16 13:10:57,250 [Listener at 0.0.0.0/13643] WARN  server.ServerUtils (ServerUtils.java:sanitizeUserArgs(73)) - ozone.scm.stale.node.interval value = 300000 is larger than max = 100000 based on the key value of ozone.scm.heartbeat.thread.interval, reset to the max value 100000.
2021-08-16 13:10:57,269 [Listener at 0.0.0.0/13643] INFO  node.SCMNodeManager (SCMNodeManager.java:<init>(145)) - Entering startup safe mode.
2021-08-16 13:10:57,269 [Listener at 0.0.0.0/13643] INFO  algorithms.ContainerPlacementPolicyFactory (ContainerPlacementPolicyFactory.java:getPolicy(60)) - Create container placement policy of type org.apache.hadoop.hdds.scm.container.placement.algorithms.SCMContainerPlacementRandom
2021-08-16 13:10:57,270 [Listener at 0.0.0.0/13643] INFO  pipeline.PipelineStateManager (PipelineStateManagerV2Impl.java:initialize(78)) - No pipeline exists in current db
2021-08-16 13:10:57,270 [Listener at 0.0.0.0/13643] INFO  algorithms.LeaderChoosePolicyFactory (LeaderChoosePolicyFactory.java:getPolicy(57)) - Create leader choose policy of type org.apache.hadoop.hdds.scm.pipeline.leader.choose.algorithms.MinLeaderCountChoosePolicy
2021-08-16 13:10:57,270 [Listener at 0.0.0.0/13643] INFO  ha.SCMServiceManager (SCMServiceManager.java:register(43)) - Registering service BackgroundPipelineCreator.
2021-08-16 13:10:57,270 [Listener at 0.0.0.0/13643] INFO  pipeline.BackgroundPipelineCreator (BackgroundPipelineCreatorV2.java:start(130)) - Starting RatisPipelineUtilsThread.
2021-08-16 13:10:57,279 [Listener at 0.0.0.0/13643] INFO  algorithms.PipelineChoosePolicyFactory (PipelineChoosePolicyFactory.java:createPipelineChoosePolicyFromClass(73)) - Create pipeline choose policy of type org.apache.hadoop.hdds.scm.pipeline.choose.algorithms.RandomPipelineChoosePolicy
2021-08-16 13:10:57,279 [Listener at 0.0.0.0/13643] INFO  ha.SCMServiceManager (SCMServiceManager.java:register(43)) - Registering service SCMBlockDeletingService.
2021-08-16 13:10:57,279 [Listener at 0.0.0.0/13643] INFO  ha.SCMServiceManager (SCMServiceManager.java:register(43)) - Registering service ReplicationManager.
2021-08-16 13:10:57,279 [Listener at 0.0.0.0/13643] INFO  container.ReplicationManager (ReplicationManager.java:start(286)) - Starting Replication Monitor Thread.
2021-08-16 13:10:57,306 [ReplicationMonitor] INFO  container.ReplicationManager (ReplicationManager.java:processAll(341)) - Replication Monitor Thread took 0 milliseconds for processing 0 containers.
2021-08-16 13:10:57,306 [Listener at 0.0.0.0/13643] INFO  safemode.ContainerSafeModeRule (ContainerSafeModeRule.java:<init>(89)) - containers with one replica threshold count 0
2021-08-16 13:10:57,307 [Listener at 0.0.0.0/13643] INFO  safemode.HealthyPipelineSafeModeRule (HealthyPipelineSafeModeRule.java:initializeRule(156)) - Total pipeline count is 0, healthy pipeline threshold count is 1
2021-08-16 13:10:57,307 [Listener at 0.0.0.0/13643] INFO  safemode.OneReplicaPipelineSafeModeRule (OneReplicaPipelineSafeModeRule.java:initializeRule(180)) - Total pipeline count is 0, pipeline's with at least one datanode reported threshold count is 0
2021-08-16 13:10:57,312 [Listener at 0.0.0.0/13643] INFO  ipc.CallQueueManager (CallQueueManager.java:<init>(90)) - Using callQueue: class java.util.concurrent.LinkedBlockingQueue, queueCapacity: 2000, scheduler: class org.apache.hadoop.ipc.DefaultRpcScheduler, ipcBackoff: false.
2021-08-16 13:10:57,319 [Socket Reader #1 for port 13651] INFO  ipc.Server (Server.java:run(1265)) - Starting Socket Reader #1 for port 13651
2021-08-16 13:10:57,344 [Listener at 0.0.0.0/13651] INFO  ipc.CallQueueManager (CallQueueManager.java:<init>(90)) - Using callQueue: class java.util.concurrent.LinkedBlockingQueue, queueCapacity: 2000, scheduler: class org.apache.hadoop.ipc.DefaultRpcScheduler, ipcBackoff: false.
2021-08-16 13:10:57,345 [Socket Reader #1 for port 13652] INFO  ipc.Server (Server.java:run(1265)) - Starting Socket Reader #1 for port 13652
2021-08-16 13:10:57,346 [Listener at 0.0.0.0/13652] INFO  ipc.CallQueueManager (CallQueueManager.java:<init>(90)) - Using callQueue: class java.util.concurrent.LinkedBlockingQueue, queueCapacity: 2000, scheduler: class org.apache.hadoop.ipc.DefaultRpcScheduler, ipcBackoff: false.
2021-08-16 13:10:57,348 [Socket Reader #1 for port 13653] INFO  ipc.Server (Server.java:run(1265)) - Starting Socket Reader #1 for port 13653
2021-08-16 13:10:57,394 [Listener at 0.0.0.0/13653] INFO  algorithms.ContainerPlacementPolicyFactory (ContainerPlacementPolicyFactory.java:getPolicy(60)) - Create container placement policy of type org.apache.hadoop.hdds.scm.container.placement.algorithms.SCMContainerPlacementRandom
2021-08-16 13:10:57,398 [Listener at 0.0.0.0/13653] INFO  server.StorageContainerManager (StorageContainerManager.java:<init>(383)) - 
Container Balancer status:
Key                            Value
Running                        false
Container Balancer Configuration values:
Key                                                Value
Threshold                                          0.1
Max Datanodes to Involve per Iteration(ratio)      0.5
Max Size to Move per Iteration                     10737418240B

2021-08-16 13:10:57,399 [Listener at 0.0.0.0/13653] WARN  events.EventQueue (EventQueue.java:fireEvent(194)) - No event handler registered for event TypedEvent{payloadType=SafeModeStatus, name='Safe mode status'}
2021-08-16 13:10:57,399 [Listener at 0.0.0.0/13653] INFO  ha.SCMContext (SCMContext.java:updateSafeModeStatus(205)) - Update SafeModeStatus from SafeModeStatus{safeModeStatus=true, preCheckPassed=false} to SafeModeStatus{safeModeStatus=true, preCheckPassed=false}.
2021-08-16 13:10:57,399 [Listener at 0.0.0.0/13653] INFO  server.StorageContainerManager (StorageContainerManager.java:start(1249)) - StorageContainerLocationProtocol RPC server is listening at /0.0.0.0:13653
2021-08-16 13:10:57,399 [Listener at 0.0.0.0/13653] INFO  ha.SCMRatisServerImpl (SCMRatisServerImpl.java:start(170)) - starting ratis server 0.0.0.0:13650
2021-08-16 13:10:57,400 [Listener at 0.0.0.0/13653] INFO  server.RaftServer$Division (RaftServerImpl.java:start(299)) - 161c1ac7-ff07-4d6f-a20c-3f676ae8d443@group-D45398A5843A: start with initializing state, conf=-1: [], old=null
2021-08-16 13:10:57,400 [Listener at 0.0.0.0/13653] INFO  server.RaftServer$Division (RaftServerImpl.java:setRole(285)) - 161c1ac7-ff07-4d6f-a20c-3f676ae8d443@group-D45398A5843A: changes role from      null to FOLLOWER at term 0 for startInitializing
2021-08-16 13:10:57,400 [Listener at 0.0.0.0/13653] INFO  util.JmxRegister (JmxRegister.java:tryRegister(44)) - Successfully registered JMX Bean with object name Ratis:service=RaftServer,group=group-D45398A5843A,id=161c1ac7-ff07-4d6f-a20c-3f676ae8d443
2021-08-16 13:10:57,430 [Listener at 0.0.0.0/13653] INFO  server.RaftServer (RaftServerProxy.java:lambda$start$5(374)) - 161c1ac7-ff07-4d6f-a20c-3f676ae8d443: start RPC server
2021-08-16 13:10:57,431 [Listener at 0.0.0.0/13653] INFO  server.GrpcService (GrpcService.java:startImpl(253)) - 161c1ac7-ff07-4d6f-a20c-3f676ae8d443: GrpcService started, listening on 13650
2021-08-16 13:10:57,442 [Listener at 0.0.0.0/13653] INFO  ha.SCMNodeInfo (SCMNodeInfo.java:getPort(197)) - ConfigKey ozone.scm.client.address is deprecated, For configuring different ports for each SCM use PortConfigKey ozone.scm.client.port appended with serviceId and nodeId
2021-08-16 13:10:57,442 [Listener at 0.0.0.0/13653] INFO  ha.SCMNodeInfo (SCMNodeInfo.java:getPort(197)) - ConfigKey ozone.scm.block.client.address is deprecated, For configuring different ports for each SCM use PortConfigKey ozone.scm.block.client.port appended with serviceId and nodeId
2021-08-16 13:10:57,442 [Listener at 0.0.0.0/13653] INFO  ha.SCMNodeInfo (SCMNodeInfo.java:getPort(197)) - ConfigKey ozone.scm.datanode.address is deprecated, For configuring different ports for each SCM use PortConfigKey ozone.scm.datanode.port appended with serviceId and nodeId
2021-08-16 13:10:57,442 [Listener at 0.0.0.0/13653] INFO  ha.SCMNodeInfo (SCMNodeInfo.java:getPort(197)) - ConfigKey ozone.scm.client.address is deprecated, For configuring different ports for each SCM use PortConfigKey ozone.scm.client.port appended with serviceId and nodeId
2021-08-16 13:10:57,442 [Listener at 0.0.0.0/13653] INFO  ha.SCMNodeInfo (SCMNodeInfo.java:getPort(197)) - ConfigKey ozone.scm.block.client.address is deprecated, For configuring different ports for each SCM use PortConfigKey ozone.scm.block.client.port appended with serviceId and nodeId
2021-08-16 13:10:57,443 [Listener at 0.0.0.0/13653] INFO  ha.SCMNodeInfo (SCMNodeInfo.java:getPort(197)) - ConfigKey ozone.scm.datanode.address is deprecated, For configuring different ports for each SCM use PortConfigKey ozone.scm.datanode.port appended with serviceId and nodeId
2021-08-16 13:10:57,443 [Listener at 0.0.0.0/13653] INFO  ha.SCMNodeInfo (SCMNodeInfo.java:getPort(197)) - ConfigKey ozone.scm.client.address is deprecated, For configuring different ports for each SCM use PortConfigKey ozone.scm.client.port appended with serviceId and nodeId
2021-08-16 13:10:57,443 [Listener at 0.0.0.0/13653] INFO  ha.SCMNodeInfo (SCMNodeInfo.java:getPort(197)) - ConfigKey ozone.scm.block.client.address is deprecated, For configuring different ports for each SCM use PortConfigKey ozone.scm.block.client.port appended with serviceId and nodeId
2021-08-16 13:10:57,443 [Listener at 0.0.0.0/13653] INFO  ha.SCMNodeInfo (SCMNodeInfo.java:getPort(197)) - ConfigKey ozone.scm.datanode.address is deprecated, For configuring different ports for each SCM use PortConfigKey ozone.scm.datanode.port appended with serviceId and nodeId
2021-08-16 13:10:57,447 [org.apache.ratis.util.JvmPauseMonitor$$Lambda$499/1198442960@54a1be3a] INFO  util.JvmPauseMonitor (JvmPauseMonitor.java:run(103)) - JvmPauseMonitor-161c1ac7-ff07-4d6f-a20c-3f676ae8d443: Started
2021-08-16 13:10:57,457 [IPC Server handler 2 on default port 13642] INFO  ha.SCMRatisServerImpl (SCMRatisServerImpl.java:addSCM(280)) - f324fcdd-c742-4882-bf0f-17e5edd5a90a: Submitting SetConfiguration request to Ratis server with new SCM peers list: [f324fcdd-c742-4882-bf0f-17e5edd5a90a|rpc:localhost:13640|admin:|client:|dataStream:|priority:0, 161c1ac7-ff07-4d6f-a20c-3f676ae8d443|rpc:localhost:13650|priority:0]
2021-08-16 13:10:57,457 [IPC Server handler 2 on default port 13642] INFO  server.RaftServer$Division (RaftServerImpl.java:setConfigurationAsync(971)) - f324fcdd-c742-4882-bf0f-17e5edd5a90a@group-D45398A5843A: receive setConfiguration SetConfigurationRequest:client-65A2CFF6030C->f324fcdd-c742-4882-bf0f-17e5edd5a90a@group-D45398A5843A, cid=0, seq=0, RW, null, peers:[f324fcdd-c742-4882-bf0f-17e5edd5a90a|rpc:localhost:13640|admin:|client:|dataStream:|priority:0, 161c1ac7-ff07-4d6f-a20c-3f676ae8d443|rpc:localhost:13650|priority:0]
2021-08-16 13:10:57,457 [IPC Server handler 2 on default port 13642] INFO  server.RaftServer$Division (LeaderStateImpl.java:startSetConfiguration(345)) - f324fcdd-c742-4882-bf0f-17e5edd5a90a@group-D45398A5843A-LeaderStateImpl: startSetConfiguration SetConfigurationRequest:client-65A2CFF6030C->f324fcdd-c742-4882-bf0f-17e5edd5a90a@group-D45398A5843A, cid=0, seq=0, RW, null, peers:[f324fcdd-c742-4882-bf0f-17e5edd5a90a|rpc:localhost:13640|admin:|client:|dataStream:|priority:0, 161c1ac7-ff07-4d6f-a20c-3f676ae8d443|rpc:localhost:13650|priority:0]
2021-08-16 13:10:57,457 [IPC Server handler 2 on default port 13642] INFO  server.RaftServerConfigKeys (ConfUtils.java:logGet(44)) - raft.server.log.appender.snapshot.chunk.size.max = 16MB (=16777216) (default)
2021-08-16 13:10:57,457 [IPC Server handler 2 on default port 13642] INFO  server.RaftServerConfigKeys (ConfUtils.java:logGet(44)) - raft.server.log.appender.buffer.byte-limit = 33554432 (custom)
2021-08-16 13:10:57,457 [IPC Server handler 2 on default port 13642] INFO  server.RaftServerConfigKeys (ConfUtils.java:logGet(44)) - raft.server.log.appender.buffer.element-limit = 33554432 (custom)
2021-08-16 13:10:57,527 [EndpointStateMachine task thread for /127.0.0.1:15301 - 0 ] INFO  ipc.Client (Client.java:handleConnectionFailure(977)) - Retrying connect to server: localhost/127.0.0.1:15301. Already tried 1 time(s); retry policy is RetryUpToMaximumCountWithFixedSleep(maxRetries=15, sleepTime=1000 MILLISECONDS)
2021-08-16 13:10:57,534 [EndpointStateMachine task thread for /127.0.0.1:15281 - 0 ] INFO  ipc.Client (Client.java:handleConnectionFailure(977)) - Retrying connect to server: localhost/127.0.0.1:15281. Already tried 1 time(s); retry policy is RetryUpToMaximumCountWithFixedSleep(maxRetries=15, sleepTime=1000 MILLISECONDS)
2021-08-16 13:10:57,535 [EndpointStateMachine task thread for /127.0.0.1:15291 - 0 ] INFO  ipc.Client (Client.java:handleConnectionFailure(977)) - Retrying connect to server: localhost/127.0.0.1:15291. Already tried 1 time(s); retry policy is RetryUpToMaximumCountWithFixedSleep(maxRetries=15, sleepTime=1000 MILLISECONDS)
2021-08-16 13:10:57,566 [IPC Server handler 2 on default port 13642] INFO  grpc.GrpcConfigKeys (ConfUtils.java:logGet(44)) - raft.grpc.server.leader.outstanding.appends.max = 128 (default)
2021-08-16 13:10:57,569 [IPC Server handler 2 on default port 13642] INFO  server.RaftServerConfigKeys (ConfUtils.java:logGet(44)) - raft.server.rpc.request.timeout = 30000ms (custom)
2021-08-16 13:10:57,569 [IPC Server handler 2 on default port 13642] INFO  server.RaftServerConfigKeys (ConfUtils.java:logGet(44)) - raft.server.log.appender.install.snapshot.enabled = false (custom)
2021-08-16 13:10:57,633 [grpc-default-executor-0] INFO  ha.SCMStateMachine (SCMStateMachine.java:notifyLeaderChanged(248)) - leader changed, yet current SCM is still follower.
2021-08-16 13:10:57,633 [grpc-default-executor-0] INFO  server.RaftServer$Division (ServerState.java:setLeader(285)) - 161c1ac7-ff07-4d6f-a20c-3f676ae8d443@group-D45398A5843A: change Leader from null to f324fcdd-c742-4882-bf0f-17e5edd5a90a at term 2 for appendEntries, leader elected after 400ms
2021-08-16 13:10:57,633 [grpc-default-executor-0] INFO  impl.RoleInfo (RoleInfo.java:updateAndGet(130)) - 161c1ac7-ff07-4d6f-a20c-3f676ae8d443: start 161c1ac7-ff07-4d6f-a20c-3f676ae8d443@group-D45398A5843A-FollowerState
2021-08-16 13:10:57,648 [grpc-default-executor-0] INFO  server.RaftServer$Division (ServerState.java:setRaftConf(387)) - 161c1ac7-ff07-4d6f-a20c-3f676ae8d443@group-D45398A5843A: set configuration 0: [f324fcdd-c742-4882-bf0f-17e5edd5a90a|rpc:localhost:13640|admin:|client:|dataStream:|priority:0], old=null
2021-08-16 13:10:57,648 [grpc-default-executor-0] INFO  server.RaftServer$Division (ServerState.java:setRaftConf(387)) - 161c1ac7-ff07-4d6f-a20c-3f676ae8d443@group-D45398A5843A: set configuration 1: [f324fcdd-c742-4882-bf0f-17e5edd5a90a|rpc:localhost:13640|admin:|client:|dataStream:|priority:0], old=null
2021-08-16 13:10:57,648 [grpc-default-executor-0] INFO  segmented.SegmentedRaftLogWorker (SegmentedRaftLogWorker.java:startLogSegment(394)) - 161c1ac7-ff07-4d6f-a20c-3f676ae8d443@group-D45398A5843A-SegmentedRaftLogWorker: Starting segment from index:0
2021-08-16 13:10:57,648 [grpc-default-executor-0] INFO  segmented.SegmentedRaftLogWorker (SegmentedRaftLogWorker.java:rollLogSegment(399)) - 161c1ac7-ff07-4d6f-a20c-3f676ae8d443@group-D45398A5843A-SegmentedRaftLogWorker: Rolling segment log-0_0 to index:0
2021-08-16 13:10:57,651 [161c1ac7-ff07-4d6f-a20c-3f676ae8d443@group-D45398A5843A-SegmentedRaftLogWorker] INFO  segmented.SegmentedRaftLogWorker (SegmentedRaftLogWorker.java:execute(601)) - 161c1ac7-ff07-4d6f-a20c-3f676ae8d443@group-D45398A5843A-SegmentedRaftLogWorker: created new log segment /home/runner/work/ozone/ozone/hadoop-ozone/integration-test/target/test-dir/MiniOzoneClusterImpl-d497f94c-0a77-40f1-b0c4-d45398a5843a/scmNode-2/scm-ha/d497f94c-0a77-40f1-b0c4-d45398a5843a/current/log_inprogress_0
2021-08-16 13:10:57,660 [161c1ac7-ff07-4d6f-a20c-3f676ae8d443@group-D45398A5843A-SegmentedRaftLogWorker] INFO  segmented.SegmentedRaftLogWorker (SegmentedRaftLogWorker.java:execute(558)) - 161c1ac7-ff07-4d6f-a20c-3f676ae8d443@group-D45398A5843A-SegmentedRaftLogWorker: Rolled log segment from /home/runner/work/ozone/ozone/hadoop-ozone/integration-test/target/test-dir/MiniOzoneClusterImpl-d497f94c-0a77-40f1-b0c4-d45398a5843a/scmNode-2/scm-ha/d497f94c-0a77-40f1-b0c4-d45398a5843a/current/log_inprogress_0 to /home/runner/work/ozone/ozone/hadoop-ozone/integration-test/target/test-dir/MiniOzoneClusterImpl-d497f94c-0a77-40f1-b0c4-d45398a5843a/scmNode-2/scm-ha/d497f94c-0a77-40f1-b0c4-d45398a5843a/current/log_0-0
2021-08-16 13:10:57,667 [161c1ac7-ff07-4d6f-a20c-3f676ae8d443@group-D45398A5843A-SegmentedRaftLogWorker] INFO  segmented.SegmentedRaftLogWorker (SegmentedRaftLogWorker.java:execute(601)) - 161c1ac7-ff07-4d6f-a20c-3f676ae8d443@group-D45398A5843A-SegmentedRaftLogWorker: created new log segment /home/runner/work/ozone/ozone/hadoop-ozone/integration-test/target/test-dir/MiniOzoneClusterImpl-d497f94c-0a77-40f1-b0c4-d45398a5843a/scmNode-2/scm-ha/d497f94c-0a77-40f1-b0c4-d45398a5843a/current/log_inprogress_1
2021-08-16 13:10:57,679 [161c1ac7-ff07-4d6f-a20c-3f676ae8d443@group-D45398A5843A-StateMachineUpdater] INFO  safemode.HealthyPipelineSafeModeRule (HealthyPipelineSafeModeRule.java:initializeRule(152)) - Refreshed total pipeline count is 0, healthy pipeline threshold count is 1
2021-08-16 13:10:57,679 [161c1ac7-ff07-4d6f-a20c-3f676ae8d443@group-D45398A5843A-StateMachineUpdater] INFO  safemode.ContainerSafeModeRule (ContainerSafeModeRule.java:reInitializeRule(177)) - Refreshed one replica container threshold 0, currentThreshold 0
2021-08-16 13:10:57,679 [161c1ac7-ff07-4d6f-a20c-3f676ae8d443@group-D45398A5843A-StateMachineUpdater] INFO  safemode.OneReplicaPipelineSafeModeRule (OneReplicaPipelineSafeModeRule.java:initializeRule(176)) - Refreshed Total pipeline count is 0, pipeline's with at least one datanode reported threshold count is 0
2021-08-16 13:10:57,679 [161c1ac7-ff07-4d6f-a20c-3f676ae8d443@group-D45398A5843A-StateMachineUpdater] INFO  server.SCMDatanodeProtocolServer (SCMDatanodeProtocolServer.java:start(181)) - RPC server for DataNodes is listening at /0.0.0.0:13651
2021-08-16 13:10:57,680 [f324fcdd-c742-4882-bf0f-17e5edd5a90a@group-D45398A5843A-LeaderStateImpl] INFO  server.RaftServer$Division (ServerState.java:setRaftConf(387)) - f324fcdd-c742-4882-bf0f-17e5edd5a90a@group-D45398A5843A: set configuration 3: [161c1ac7-ff07-4d6f-a20c-3f676ae8d443|rpc:localhost:13650|priority:0, f324fcdd-c742-4882-bf0f-17e5edd5a90a|rpc:localhost:13640|admin:|client:|dataStream:|priority:0], old=[f324fcdd-c742-4882-bf0f-17e5edd5a90a|rpc:localhost:13640|admin:|client:|dataStream:|priority:0]
2021-08-16 13:10:57,687 [IPC Server listener on 13651] INFO  ipc.Server (Server.java:run(1344)) - IPC Server listener on 13651: starting
2021-08-16 13:10:57,692 [grpc-default-executor-0] INFO  server.RaftServer$Division (ServerState.java:setRaftConf(387)) - 161c1ac7-ff07-4d6f-a20c-3f676ae8d443@group-D45398A5843A: set configuration 3: [161c1ac7-ff07-4d6f-a20c-3f676ae8d443|rpc:localhost:13650|admin:|client:|dataStream:|priority:0, f324fcdd-c742-4882-bf0f-17e5edd5a90a|rpc:localhost:13640|admin:|client:|dataStream:|priority:0], old=[f324fcdd-c742-4882-bf0f-17e5edd5a90a|rpc:localhost:13640|admin:|client:|dataStream:|priority:0]
2021-08-16 13:10:57,702 [IPC Server Responder] INFO  ipc.Server (Server.java:run(1507)) - IPC Server Responder: starting
2021-08-16 13:10:57,736 [f324fcdd-c742-4882-bf0f-17e5edd5a90a@group-D45398A5843A-LeaderStateImpl] INFO  server.RaftServer$Division (ServerState.java:setRaftConf(387)) - f324fcdd-c742-4882-bf0f-17e5edd5a90a@group-D45398A5843A: set configuration 5: [161c1ac7-ff07-4d6f-a20c-3f676ae8d443|rpc:localhost:13650|priority:0, f324fcdd-c742-4882-bf0f-17e5edd5a90a|rpc:localhost:13640|admin:|client:|dataStream:|priority:0], old=null
2021-08-16 13:10:57,736 [grpc-default-executor-0] INFO  server.RaftServer$Division (ServerState.java:setRaftConf(387)) - 161c1ac7-ff07-4d6f-a20c-3f676ae8d443@group-D45398A5843A: set configuration 5: [161c1ac7-ff07-4d6f-a20c-3f676ae8d443|rpc:localhost:13650|admin:|client:|dataStream:|priority:0, f324fcdd-c742-4882-bf0f-17e5edd5a90a|rpc:localhost:13640|admin:|client:|dataStream:|priority:0], old=null
2021-08-16 13:10:57,754 [IPC Server handler 2 on default port 13642] INFO  ha.SCMRatisServerImpl (SCMRatisServerImpl.java:addSCM(291)) - Successfully added new SCM: 161c1ac7-ff07-4d6f-a20c-3f676ae8d443.
2021-08-16 13:10:57,755 [f324fcdd-c742-4882-bf0f-17e5edd5a90a@group-D45398A5843A-StateMachineUpdater] INFO  ha.SCMStateMachine (SCMStateMachine.java:takeSnapshot(290)) - Current Snapshot Index 5, takeSnapshot took 0 ms
2021-08-16 13:10:57,755 [f324fcdd-c742-4882-bf0f-17e5edd5a90a@group-D45398A5843A-StateMachineUpdater] INFO  impl.StateMachineUpdater (StateMachineUpdater.java:takeSnapshot(281)) - f324fcdd-c742-4882-bf0f-17e5edd5a90a@group-D45398A5843A-StateMachineUpdater: Took a snapshot at index 5
2021-08-16 13:10:57,755 [f324fcdd-c742-4882-bf0f-17e5edd5a90a@group-D45398A5843A-StateMachineUpdater] INFO  impl.StateMachineUpdater (StateMachineUpdater.java:lambda$new$0(89)) - f324fcdd-c742-4882-bf0f-17e5edd5a90a@group-D45398A5843A-StateMachineUpdater: snapshotIndex: updateIncreasingly -1 -> 5
2021-08-16 13:10:57,755 [f324fcdd-c742-4882-bf0f-17e5edd5a90a@group-D45398A5843A-StateMachineUpdater] INFO  raftlog.RaftLog (RaftLogBase.java:purge(306)) - f324fcdd-c742-4882-bf0f-17e5edd5a90a@group-D45398A5843A-SegmentedRaftLog: purge 5
2021-08-16 13:10:57,755 [f324fcdd-c742-4882-bf0f-17e5edd5a90a@group-D45398A5843A-StateMachineUpdater] INFO  raftlog.RaftLog (RaftLogBase.java:lambda$new$0(53)) - f324fcdd-c742-4882-bf0f-17e5edd5a90a@group-D45398A5843A-SegmentedRaftLog: snapshotIndex: updateIncreasingly -1 -> 5
2021-08-16 13:10:57,755 [Listener at 0.0.0.0/13653] INFO  ha.SCMHAManagerImpl (SCMHAManagerImpl.java:start(116)) - Successfully added SCM scmNode-2 to group group-D45398A5843A:[161c1ac7-ff07-4d6f-a20c-3f676ae8d443|rpc:localhost:13650|admin:|client:|dataStream:|priority:0, f324fcdd-c742-4882-bf0f-17e5edd5a90a|rpc:localhost:13640|admin:|client:|dataStream:|priority:0]
2021-08-16 13:10:57,755 [Listener at 0.0.0.0/13653] INFO  ha.InterSCMGrpcService (InterSCMGrpcProtocolService.java:start(94)) - Starting SCM Grpc Service at port 13654
2021-08-16 13:10:57,756 [f324fcdd-c742-4882-bf0f-17e5edd5a90a@group-D45398A5843A-SegmentedRaftLogWorker] INFO  raftlog.RaftLog (RaftLogBase.java:lambda$new$0(53)) - f324fcdd-c742-4882-bf0f-17e5edd5a90a@group-D45398A5843A-SegmentedRaftLog: purgeIndex: updateToMax old=-1, new=0, updated? true
2021-08-16 13:10:57,764 [Listener at 0.0.0.0/13653] INFO  impl.MetricsSystemImpl (MetricsSystemImpl.java:init(158)) - StorageContainerManager metrics system started (again)
2021-08-16 13:10:57,771 [161c1ac7-ff07-4d6f-a20c-3f676ae8d443@group-D45398A5843A-StateMachineUpdater] INFO  ha.SCMStateMachine (SCMStateMachine.java:takeSnapshot(290)) - Current Snapshot Index 5, takeSnapshot took 0 ms
2021-08-16 13:10:57,771 [161c1ac7-ff07-4d6f-a20c-3f676ae8d443@group-D45398A5843A-StateMachineUpdater] INFO  impl.StateMachineUpdater (StateMachineUpdater.java:takeSnapshot(281)) - 161c1ac7-ff07-4d6f-a20c-3f676ae8d443@group-D45398A5843A-StateMachineUpdater: Took a snapshot at index 5
2021-08-16 13:10:57,771 [161c1ac7-ff07-4d6f-a20c-3f676ae8d443@group-D45398A5843A-StateMachineUpdater] INFO  impl.StateMachineUpdater (StateMachineUpdater.java:lambda$new$0(89)) - 161c1ac7-ff07-4d6f-a20c-3f676ae8d443@group-D45398A5843A-StateMachineUpdater: snapshotIndex: updateIncreasingly -1 -> 5
2021-08-16 13:10:57,771 [161c1ac7-ff07-4d6f-a20c-3f676ae8d443@group-D45398A5843A-StateMachineUpdater] INFO  raftlog.RaftLog (RaftLogBase.java:purge(306)) - 161c1ac7-ff07-4d6f-a20c-3f676ae8d443@group-D45398A5843A-SegmentedRaftLog: purge 5
2021-08-16 13:10:57,771 [161c1ac7-ff07-4d6f-a20c-3f676ae8d443@group-D45398A5843A-StateMachineUpdater] INFO  raftlog.RaftLog (RaftLogBase.java:lambda$new$0(53)) - 161c1ac7-ff07-4d6f-a20c-3f676ae8d443@group-D45398A5843A-SegmentedRaftLog: snapshotIndex: updateIncreasingly -1 -> 5
2021-08-16 13:10:57,771 [161c1ac7-ff07-4d6f-a20c-3f676ae8d443@group-D45398A5843A-SegmentedRaftLogWorker] INFO  raftlog.RaftLog (RaftLogBase.java:lambda$new$0(53)) - 161c1ac7-ff07-4d6f-a20c-3f676ae8d443@group-D45398A5843A-SegmentedRaftLog: purgeIndex: updateToMax old=-1, new=0, updated? true
2021-08-16 13:10:57,785 [Listener at 0.0.0.0/13653] INFO  server.SCMClientProtocolServer (SCMClientProtocolServer.java:start(164)) - RPC server for Client  is listening at /0.0.0.0:13653
2021-08-16 13:10:57,797 [IPC Server Responder] INFO  ipc.Server (Server.java:run(1507)) - IPC Server Responder: starting
2021-08-16 13:10:57,797 [IPC Server listener on 13653] INFO  ipc.Server (Server.java:run(1344)) - IPC Server listener on 13653: starting
2021-08-16 13:10:57,811 [Listener at 0.0.0.0/13653] INFO  server.StorageContainerManager (StorageContainerManager.java:start(1264)) - ScmBlockLocationProtocol RPC server is listening at /0.0.0.0:13652
2021-08-16 13:10:57,812 [Listener at 0.0.0.0/13653] INFO  server.SCMBlockProtocolServer (SCMBlockProtocolServer.java:start(151)) - RPC server for Block Protocol is listening at /0.0.0.0:13652
2021-08-16 13:10:57,819 [IPC Server Responder] INFO  ipc.Server (Server.java:run(1507)) - IPC Server Responder: starting
2021-08-16 13:10:57,821 [IPC Server listener on 13652] INFO  ipc.Server (Server.java:run(1344)) - IPC Server listener on 13652: starting
2021-08-16 13:10:57,824 [Listener at 0.0.0.0/13653] INFO  server.StorageContainerManager (StorageContainerManager.java:start(1270)) - ScmDatanodeProtocl RPC server is listening at /0.0.0.0:13651
2021-08-16 13:10:57,842 [org.apache.hadoop.util.JvmPauseMonitor$Monitor@361b682b] INFO  util.JvmPauseMonitor (JvmPauseMonitor.java:run(188)) - Starting JVM pause monitor
2021-08-16 13:10:57,847 [Listener at 0.0.0.0/13653] INFO  http.BaseHttpServer (BaseHttpServer.java:newHttpServer2BuilderForOzone(209)) - Starting Web-server for scm at: http://0.0.0.0:13648
2021-08-16 13:10:57,847 [Listener at 0.0.0.0/13653] INFO  http.BaseHttpServer (BaseHttpServer.java:<init>(107)) - Hadoop Security Enabled: false Ozone Security Enabled: false Ozone HTTP Security Enabled: false 
2021-08-16 13:10:57,849 [Listener at 0.0.0.0/13653] INFO  server.AuthenticationFilter (AuthenticationFilter.java:constructSecretProvider(240)) - Unable to initialize FileSignerSecretProvider, falling back to use random secrets.
2021-08-16 13:10:57,858 [Listener at 0.0.0.0/13653] WARN  http.HttpRequestLog (HttpRequestLog.java:getRequestLog(103)) - Jetty request log can only be enabled using Log4j
2021-08-16 13:10:57,859 [Listener at 0.0.0.0/13653] INFO  http.HttpServer2 (HttpServer2.java:addGlobalFilter(1020)) - Added global filter 'safety' (class=org.apache.hadoop.hdds.server.http.HttpServer2$QuotingInputFilter)
2021-08-16 13:10:57,860 [Listener at 0.0.0.0/13653] INFO  http.HttpServer2 (HttpServer2.java:addFilter(996)) - Added filter static_user_filter (class=org.apache.hadoop.http.lib.StaticUserWebFilter$StaticUserFilter) to context scm
2021-08-16 13:10:57,860 [Listener at 0.0.0.0/13653] INFO  http.HttpServer2 (HttpServer2.java:addFilter(1004)) - Added filter static_user_filter (class=org.apache.hadoop.http.lib.StaticUserWebFilter$StaticUserFilter) to context static
2021-08-16 13:10:57,860 [Listener at 0.0.0.0/13653] INFO  http.HttpServer2 (HttpServer2.java:addFilter(1004)) - Added filter static_user_filter (class=org.apache.hadoop.http.lib.StaticUserWebFilter$StaticUserFilter) to context logs
2021-08-16 13:10:57,863 [Listener at 0.0.0.0/13653] INFO  http.HttpServer2 (HttpServer2.java:bindListener(1239)) - Jetty bound to port 13648
2021-08-16 13:10:57,863 [Listener at 0.0.0.0/13653] INFO  server.Server (Server.java:doStart(375)) - jetty-9.4.43.v20210629; built: 2021-06-30T11:07:22.254Z; git: 526006ecfa3af7f1a27ef3a288e2bef7ea9dd7e8; jvm 1.8.0_292-b10
2021-08-16 13:10:57,883 [Listener at 0.0.0.0/13653] INFO  server.session (DefaultSessionIdManager.java:doStart(334)) - DefaultSessionIdManager workerName=node0
2021-08-16 13:10:57,883 [Listener at 0.0.0.0/13653] INFO  server.session (DefaultSessionIdManager.java:doStart(339)) - No SessionScavenger set, using defaults
2021-08-16 13:10:57,883 [Listener at 0.0.0.0/13653] INFO  server.session (HouseKeeper.java:startScavenging(132)) - node0 Scavenging every 600000ms
2021-08-16 13:10:57,884 [Listener at 0.0.0.0/13653] INFO  handler.ContextHandler (ContextHandler.java:doStart(915)) - Started o.e.j.s.ServletContextHandler@1f36bed9{logs,/logs,file:///home/runner/work/ozone/ozone/hadoop-ozone/integration-test/target/log,AVAILABLE}
2021-08-16 13:10:57,884 [Listener at 0.0.0.0/13653] INFO  handler.ContextHandler (ContextHandler.java:doStart(915)) - Started o.e.j.s.ServletContextHandler@5ea46e79{static,/static,file:///home/runner/work/ozone/ozone/hadoop-ozone/integration-test/target/test-classes/webapps/static,AVAILABLE}
2021-08-16 13:10:57,892 [Listener at 0.0.0.0/13653] INFO  handler.ContextHandler (ContextHandler.java:doStart(915)) - Started o.e.j.w.WebAppContext@56f8032{scm,/,file:///home/runner/work/ozone/ozone/hadoop-ozone/integration-test/target/test-classes/webapps/scm/,AVAILABLE}{file:/home/runner/work/ozone/ozone/hadoop-ozone/integration-test/target/test-classes/webapps/scm}
2021-08-16 13:10:57,897 [Listener at 0.0.0.0/13653] INFO  server.AbstractConnector (AbstractConnector.java:doStart(331)) - Started ServerConnector@754a38a0{HTTP/1.1, (http/1.1)}{0.0.0.0:13648}
2021-08-16 13:10:57,897 [Listener at 0.0.0.0/13653] INFO  server.Server (Server.java:doStart(415)) - Started @75751ms
2021-08-16 13:10:57,897 [Listener at 0.0.0.0/13653] WARN  impl.MetricsSystemImpl (MetricsSystemImpl.java:register(279)) - Sink prometheus already exists!
2021-08-16 13:10:57,898 [Listener at 0.0.0.0/13653] INFO  http.BaseHttpServer (BaseHttpServer.java:updateConnectorAddress(329)) - HTTP server of scm listening at http://0.0.0.0:13648
2021-08-16 13:10:57,898 [Listener at 0.0.0.0/13653] INFO  ozone.MiniOzoneHAClusterImpl (MiniOzoneHAClusterImpl.java:createSCMService(563)) - Started SCM RPC server at org.apache.hadoop.hdds.scm.server.SCMClientProtocolServer@5884d435
2021-08-16 13:10:57,898 [Listener at 0.0.0.0/13653] INFO  ha.SCMHANodeDetails (SCMHANodeDetails.java:loadSCMHAConfig(157)) - ServiceID for StorageContainerManager is scm-service-test1
2021-08-16 13:10:57,898 [Listener at 0.0.0.0/13653] INFO  ha.SCMHANodeDetails (SCMHANodeDetails.java:loadSCMHAConfig(168)) - ServiceID for StorageContainerManager is scm-service-test1
2021-08-16 13:10:57,899 [Listener at 0.0.0.0/13653] WARN  scm.ScmUtils (ScmUtils.java:logWarn(179)) - ConfigKey ozone.scm.block.client.address is deprecated, For configuring different ports for each SCM use PortConfigKey ozone.scm.block.client.port appended with serviceId and nodeId. If want to configure same port configure ozone.scm.block.client.port
2021-08-16 13:10:57,904 [Listener at 0.0.0.0/13653] WARN  scm.ScmUtils (ScmUtils.java:logWarn(179)) - ConfigKey ozone.scm.client.address is deprecated, For configuring different ports for each SCM use PortConfigKey ozone.scm.client.port appended with serviceId and nodeId. If want to configure same port configure ozone.scm.client.port
2021-08-16 13:10:57,904 [Listener at 0.0.0.0/13653] WARN  scm.ScmUtils (ScmUtils.java:logWarn(179)) - ConfigKey ozone.scm.datanode.address is deprecated, For configuring different ports for each SCM use PortConfigKey ozone.scm.datanode.port appended with serviceId and nodeId. If want to configure same port configure ozone.scm.datanode.port
2021-08-16 13:10:57,905 [Listener at 0.0.0.0/13653] WARN  scm.ScmUtils (ScmUtils.java:logWarn(179)) - ConfigKey ozone.scm.block.client.address is deprecated, For configuring different ports for each SCM use PortConfigKey ozone.scm.block.client.port appended with serviceId and nodeId. If want to configure same port configure ozone.scm.block.client.port
2021-08-16 13:10:57,910 [Listener at 0.0.0.0/13653] WARN  scm.ScmUtils (ScmUtils.java:logWarn(179)) - ConfigKey ozone.scm.client.address is deprecated, For configuring different ports for each SCM use PortConfigKey ozone.scm.client.port appended with serviceId and nodeId. If want to configure same port configure ozone.scm.client.port
2021-08-16 13:10:57,910 [Listener at 0.0.0.0/13653] WARN  scm.ScmUtils (ScmUtils.java:logWarn(179)) - ConfigKey ozone.scm.datanode.address is deprecated, For configuring different ports for each SCM use PortConfigKey ozone.scm.datanode.port appended with serviceId and nodeId. If want to configure same port configure ozone.scm.datanode.port
2021-08-16 13:10:57,910 [Listener at 0.0.0.0/13653] INFO  ha.SCMHANodeDetails (SCMHANodeDetails.java:loadSCMHAConfig(250)) - Found matching SCM address with SCMServiceId: scm-service-test1, SCMNodeId: scmNode-3, RPC Address: localhost:13660 and Ratis port: 13660
2021-08-16 13:10:57,911 [Listener at 0.0.0.0/13653] INFO  ha.SCMHANodeDetails (ConfUtils.java:setNodeSpecificConfigs(108)) - Setting configuration key ozone.scm.datanode.address with value of key ozone.scm.datanode.address.scm-service-test1.scmNode-3: 127.0.0.1:13661
2021-08-16 13:10:57,911 [Listener at 0.0.0.0/13653] INFO  ha.SCMHANodeDetails (ConfUtils.java:setNodeSpecificConfigs(108)) - Setting configuration key ozone.scm.block.client.address with value of key ozone.scm.block.client.address.scm-service-test1.scmNode-3: 127.0.0.1:13662
2021-08-16 13:10:57,911 [Listener at 0.0.0.0/13653] INFO  ha.SCMHANodeDetails (ConfUtils.java:setNodeSpecificConfigs(108)) - Setting configuration key ozone.scm.client.address with value of key ozone.scm.client.address.scm-service-test1.scmNode-3: 127.0.0.1:13663
2021-08-16 13:10:57,911 [Listener at 0.0.0.0/13653] INFO  ha.SCMHANodeDetails (ConfUtils.java:setNodeSpecificConfigs(108)) - Setting configuration key ozone.scm.ratis.port with value of key ozone.scm.ratis.port.scm-service-test1.scmNode-3: 13660
2021-08-16 13:10:57,911 [Listener at 0.0.0.0/13653] INFO  ha.SCMHANodeDetails (ConfUtils.java:setNodeSpecificConfigs(108)) - Setting configuration key ozone.scm.grpc.port with value of key ozone.scm.grpc.port.scm-service-test1.scmNode-3: 13664
2021-08-16 13:10:57,911 [Listener at 0.0.0.0/13653] INFO  ha.SCMHANodeDetails (ConfUtils.java:setNodeSpecificConfigs(108)) - Setting configuration key ozone.scm.http-address with value of key ozone.scm.http-address.scm-service-test1.scmNode-3: 127.0.0.1:13658
2021-08-16 13:10:57,911 [Listener at 0.0.0.0/13653] INFO  ha.SCMHANodeDetails (ConfUtils.java:setNodeSpecificConfigs(108)) - Setting configuration key ozone.scm.https-address with value of key ozone.scm.https-address.scm-service-test1.scmNode-3: 127.0.0.1:13659
2021-08-16 13:10:57,911 [Listener at 0.0.0.0/13653] INFO  ha.SCMHANodeDetails (ConfUtils.java:setNodeSpecificConfigs(108)) - Setting configuration key ozone.scm.address with value of key ozone.scm.address.scm-service-test1.scmNode-3: 127.0.0.1
2021-08-16 13:10:57,911 [Listener at 0.0.0.0/13653] WARN  scm.ScmUtils (ScmUtils.java:logWarn(179)) - ConfigKey ozone.scm.block.client.address is deprecated, For configuring different ports for each SCM use PortConfigKey ozone.scm.block.client.port appended with serviceId and nodeId. If want to configure same port configure ozone.scm.block.client.port
2021-08-16 13:10:57,912 [Listener at 0.0.0.0/13653] WARN  scm.ScmUtils (ScmUtils.java:logWarn(179)) - ConfigKey ozone.scm.client.address is deprecated, For configuring different ports for each SCM use PortConfigKey ozone.scm.client.port appended with serviceId and nodeId. If want to configure same port configure ozone.scm.client.port
2021-08-16 13:10:57,912 [Listener at 0.0.0.0/13653] WARN  scm.ScmUtils (ScmUtils.java:logWarn(179)) - ConfigKey ozone.scm.datanode.address is deprecated, For configuring different ports for each SCM use PortConfigKey ozone.scm.datanode.port appended with serviceId and nodeId. If want to configure same port configure ozone.scm.datanode.port
2021-08-16 13:10:57,912 [Listener at 0.0.0.0/13653] WARN  server.ServerUtils (ServerUtils.java:getScmDbDir(148)) - ozone.scm.db.dirs is not configured. We recommend adding this setting. Falling back to ozone.metadata.dirs instead.
2021-08-16 13:10:57,913 [Listener at 0.0.0.0/13653] INFO  ha.SCMNodeInfo (SCMNodeInfo.java:getPort(197)) - ConfigKey ozone.scm.client.address is deprecated, For configuring different ports for each SCM use PortConfigKey ozone.scm.client.port appended with serviceId and nodeId
2021-08-16 13:10:57,913 [Listener at 0.0.0.0/13653] INFO  ha.SCMNodeInfo (SCMNodeInfo.java:getPort(197)) - ConfigKey ozone.scm.block.client.address is deprecated, For configuring different ports for each SCM use PortConfigKey ozone.scm.block.client.port appended with serviceId and nodeId
2021-08-16 13:10:57,913 [Listener at 0.0.0.0/13653] INFO  ha.SCMNodeInfo (SCMNodeInfo.java:getPort(197)) - ConfigKey ozone.scm.datanode.address is deprecated, For configuring different ports for each SCM use PortConfigKey ozone.scm.datanode.port appended with serviceId and nodeId
2021-08-16 13:10:57,914 [Listener at 0.0.0.0/13653] INFO  ha.SCMNodeInfo (SCMNodeInfo.java:getPort(197)) - ConfigKey ozone.scm.client.address is deprecated, For configuring different ports for each SCM use PortConfigKey ozone.scm.client.port appended with serviceId and nodeId
2021-08-16 13:10:57,914 [Listener at 0.0.0.0/13653] INFO  ha.SCMNodeInfo (SCMNodeInfo.java:getPort(197)) - ConfigKey ozone.scm.block.client.address is deprecated, For configuring different ports for each SCM use PortConfigKey ozone.scm.block.client.port appended with serviceId and nodeId
2021-08-16 13:10:57,914 [Listener at 0.0.0.0/13653] INFO  ha.SCMNodeInfo (SCMNodeInfo.java:getPort(197)) - ConfigKey ozone.scm.datanode.address is deprecated, For configuring different ports for each SCM use PortConfigKey ozone.scm.datanode.port appended with serviceId and nodeId
2021-08-16 13:10:57,914 [Listener at 0.0.0.0/13653] INFO  ha.SCMNodeInfo (SCMNodeInfo.java:getPort(197)) - ConfigKey ozone.scm.client.address is deprecated, For configuring different ports for each SCM use PortConfigKey ozone.scm.client.port appended with serviceId and nodeId
2021-08-16 13:10:57,914 [Listener at 0.0.0.0/13653] INFO  ha.SCMNodeInfo (SCMNodeInfo.java:getPort(197)) - ConfigKey ozone.scm.block.client.address is deprecated, For configuring different ports for each SCM use PortConfigKey ozone.scm.block.client.port appended with serviceId and nodeId
2021-08-16 13:10:57,914 [Listener at 0.0.0.0/13653] INFO  ha.SCMNodeInfo (SCMNodeInfo.java:getPort(197)) - ConfigKey ozone.scm.datanode.address is deprecated, For configuring different ports for each SCM use PortConfigKey ozone.scm.datanode.port appended with serviceId and nodeId
2021-08-16 13:10:57,945 [Listener at 0.0.0.0/13653] INFO  server.StorageContainerManager (StorageContainerManager.java:scmBootstrap(948)) - SCM BootStrap  is successful for ClusterID d497f94c-0a77-40f1-b0c4-d45398a5843a, SCMID d66e294e-0eb7-4194-a364-fc35d68e543c
2021-08-16 13:10:57,945 [Listener at 0.0.0.0/13653] INFO  server.StorageContainerManager (StorageContainerManager.java:scmBootstrap(950)) - Primary SCM Node ID f324fcdd-c742-4882-bf0f-17e5edd5a90a
2021-08-16 13:10:57,945 [Listener at 0.0.0.0/13653] INFO  ha.SCMHANodeDetails (SCMHANodeDetails.java:loadSCMHAConfig(157)) - ServiceID for StorageContainerManager is scm-service-test1
2021-08-16 13:10:57,946 [Listener at 0.0.0.0/13653] INFO  ha.SCMHANodeDetails (SCMHANodeDetails.java:loadSCMHAConfig(168)) - ServiceID for StorageContainerManager is scm-service-test1
2021-08-16 13:10:57,946 [Listener at 0.0.0.0/13653] WARN  scm.ScmUtils (ScmUtils.java:logWarn(179)) - ConfigKey ozone.scm.block.client.address is deprecated, For configuring different ports for each SCM use PortConfigKey ozone.scm.block.client.port appended with serviceId and nodeId. If want to configure same port configure ozone.scm.block.client.port
2021-08-16 13:10:57,946 [Listener at 0.0.0.0/13653] WARN  scm.ScmUtils (ScmUtils.java:logWarn(179)) - ConfigKey ozone.scm.client.address is deprecated, For configuring different ports for each SCM use PortConfigKey ozone.scm.client.port appended with serviceId and nodeId. If want to configure same port configure ozone.scm.client.port
2021-08-16 13:10:57,946 [Listener at 0.0.0.0/13653] WARN  scm.ScmUtils (ScmUtils.java:logWarn(179)) - ConfigKey ozone.scm.datanode.address is deprecated, For configuring different ports for each SCM use PortConfigKey ozone.scm.datanode.port appended with serviceId and nodeId. If want to configure same port configure ozone.scm.datanode.port
2021-08-16 13:10:57,946 [Listener at 0.0.0.0/13653] WARN  scm.ScmUtils (ScmUtils.java:logWarn(179)) - ConfigKey ozone.scm.block.client.address is deprecated, For configuring different ports for each SCM use PortConfigKey ozone.scm.block.client.port appended with serviceId and nodeId. If want to configure same port configure ozone.scm.block.client.port
2021-08-16 13:10:57,946 [Listener at 0.0.0.0/13653] WARN  scm.ScmUtils (ScmUtils.java:logWarn(179)) - ConfigKey ozone.scm.client.address is deprecated, For configuring different ports for each SCM use PortConfigKey ozone.scm.client.port appended with serviceId and nodeId. If want to configure same port configure ozone.scm.client.port
2021-08-16 13:10:57,947 [Listener at 0.0.0.0/13653] WARN  scm.ScmUtils (ScmUtils.java:logWarn(179)) - ConfigKey ozone.scm.datanode.address is deprecated, For configuring different ports for each SCM use PortConfigKey ozone.scm.datanode.port appended with serviceId and nodeId. If want to configure same port configure ozone.scm.datanode.port
2021-08-16 13:10:57,947 [Listener at 0.0.0.0/13653] INFO  ha.SCMHANodeDetails (SCMHANodeDetails.java:loadSCMHAConfig(250)) - Found matching SCM address with SCMServiceId: scm-service-test1, SCMNodeId: scmNode-3, RPC Address: localhost:13660 and Ratis port: 13660
2021-08-16 13:10:57,947 [Listener at 0.0.0.0/13653] INFO  ha.SCMHANodeDetails (ConfUtils.java:setNodeSpecificConfigs(108)) - Setting configuration key ozone.scm.datanode.address with value of key ozone.scm.datanode.address.scm-service-test1.scmNode-3: 127.0.0.1:13661
2021-08-16 13:10:57,947 [Listener at 0.0.0.0/13653] INFO  ha.SCMHANodeDetails (ConfUtils.java:setNodeSpecificConfigs(108)) - Setting configuration key ozone.scm.block.client.address with value of key ozone.scm.block.client.address.scm-service-test1.scmNode-3: 127.0.0.1:13662
2021-08-16 13:10:57,947 [Listener at 0.0.0.0/13653] INFO  ha.SCMHANodeDetails (ConfUtils.java:setNodeSpecificConfigs(108)) - Setting configuration key ozone.scm.client.address with value of key ozone.scm.client.address.scm-service-test1.scmNode-3: 127.0.0.1:13663
2021-08-16 13:10:57,947 [Listener at 0.0.0.0/13653] INFO  ha.SCMHANodeDetails (ConfUtils.java:setNodeSpecificConfigs(108)) - Setting configuration key ozone.scm.ratis.port with value of key ozone.scm.ratis.port.scm-service-test1.scmNode-3: 13660
2021-08-16 13:10:57,947 [Listener at 0.0.0.0/13653] INFO  ha.SCMHANodeDetails (ConfUtils.java:setNodeSpecificConfigs(108)) - Setting configuration key ozone.scm.grpc.port with value of key ozone.scm.grpc.port.scm-service-test1.scmNode-3: 13664
2021-08-16 13:10:57,947 [Listener at 0.0.0.0/13653] INFO  ha.SCMHANodeDetails (ConfUtils.java:setNodeSpecificConfigs(108)) - Setting configuration key ozone.scm.http-address with value of key ozone.scm.http-address.scm-service-test1.scmNode-3: 127.0.0.1:13658
2021-08-16 13:10:57,947 [Listener at 0.0.0.0/13653] INFO  ha.SCMHANodeDetails (ConfUtils.java:setNodeSpecificConfigs(108)) - Setting configuration key ozone.scm.https-address with value of key ozone.scm.https-address.scm-service-test1.scmNode-3: 127.0.0.1:13659
2021-08-16 13:10:57,948 [Listener at 0.0.0.0/13653] INFO  ha.SCMHANodeDetails (ConfUtils.java:setNodeSpecificConfigs(108)) - Setting configuration key ozone.scm.address with value of key ozone.scm.address.scm-service-test1.scmNode-3: 127.0.0.1
2021-08-16 13:10:57,948 [Listener at 0.0.0.0/13653] WARN  scm.ScmUtils (ScmUtils.java:logWarn(179)) - ConfigKey ozone.scm.block.client.address is deprecated, For configuring different ports for each SCM use PortConfigKey ozone.scm.block.client.port appended with serviceId and nodeId. If want to configure same port configure ozone.scm.block.client.port
2021-08-16 13:10:57,948 [Listener at 0.0.0.0/13653] WARN  scm.ScmUtils (ScmUtils.java:logWarn(179)) - ConfigKey ozone.scm.client.address is deprecated, For configuring different ports for each SCM use PortConfigKey ozone.scm.client.port appended with serviceId and nodeId. If want to configure same port configure ozone.scm.client.port
2021-08-16 13:10:57,948 [Listener at 0.0.0.0/13653] WARN  scm.ScmUtils (ScmUtils.java:logWarn(179)) - ConfigKey ozone.scm.datanode.address is deprecated, For configuring different ports for each SCM use PortConfigKey ozone.scm.datanode.port appended with serviceId and nodeId. If want to configure same port configure ozone.scm.datanode.port
2021-08-16 13:10:57,948 [Listener at 0.0.0.0/13653] WARN  server.ServerUtils (ServerUtils.java:getScmDbDir(148)) - ozone.scm.db.dirs is not configured. We recommend adding this setting. Falling back to ozone.metadata.dirs instead.
2021-08-16 13:10:57,949 [Listener at 0.0.0.0/13653] INFO  upgrade.AbstractLayoutVersionManager (AbstractLayoutVersionManager.java:init(70)) - Initializing Layout version manager with metadata layout = SCM_HA (version = 2), software layout = SCM_HA (version = 2)
2021-08-16 13:10:58,030 [Listener at 0.0.0.0/13653] INFO  reflections.Reflections (Reflections.java:scan(232)) - Reflections took 76 ms to scan 7 urls, producing 120 keys and 275 values 
2021-08-16 13:10:58,031 [Listener at 0.0.0.0/13653] WARN  utils.HAUtils (HAUtils.java:getMetaDir(342)) - ozone.scm.db.dirs is not configured. We recommend adding this setting. Falling back to ozone.metadata.dirs instead.
2021-08-16 13:10:58,032 [Listener at 0.0.0.0/13653] WARN  db.DBStoreBuilder (DBStoreBuilder.java:applyDBDefinition(145)) - ozone.scm.db.dirs is not configured. We recommend adding this setting. Falling back to ozone.metadata.dirs instead.
2021-08-16 13:10:58,165 [Listener at 0.0.0.0/13653] INFO  net.NodeSchemaLoader (NodeSchemaLoader.java:loadSchemaFromFile(129)) - Loading schema from [jar:file:/home/runner/.m2/repository/org/apache/ozone/hdds-common/1.2.0-SNAPSHOT/hdds-common-1.2.0-SNAPSHOT.jar!/network-topology-default.xml]
2021-08-16 13:10:58,168 [Listener at 0.0.0.0/13653] INFO  net.NodeSchemaLoader (NodeSchemaLoader.java:loadSchema(176)) - Loading network topology layer schema file
2021-08-16 13:10:58,174 [Listener at 0.0.0.0/13653] INFO  ha.SCMRatisServerImpl (SCMRatisServerImpl.java:<init>(85)) - starting Raft server for scm:d66e294e-0eb7-4194-a364-fc35d68e543c
2021-08-16 13:10:58,198 [Listener at 0.0.0.0/13653] INFO  server.RaftServer (ConfUtils.java:logGet(44)) - raft.rpc.type = GRPC (default)
2021-08-16 13:10:58,198 [Listener at 0.0.0.0/13653] INFO  grpc.GrpcFactory (GrpcFactory.java:checkPooledByteBufAllocatorUseCacheForAllThreads(48)) - PERFORMANCE WARNING: useCacheForAllThreads is true that may cause Netty to create a lot garbage objects and, as a result, trigger GC.
	It is recommended to disable useCacheForAllThreads by setting -Dorg.apache.ratis.thirdparty.io.netty.allocator.useCacheForAllThreads=false in command line.
2021-08-16 13:10:58,199 [Listener at 0.0.0.0/13653] INFO  grpc.GrpcConfigKeys (ConfUtils.java:logGet(44)) - raft.grpc.admin.port = -1 (default)
2021-08-16 13:10:58,199 [Listener at 0.0.0.0/13653] INFO  grpc.GrpcConfigKeys (ConfUtils.java:logGet(44)) - raft.grpc.server.port = 13660 (custom)
2021-08-16 13:10:58,199 [Listener at 0.0.0.0/13653] INFO  grpc.GrpcConfigKeys (ConfUtils.java:logGet(44)) - raft.grpc.client.port = -1 (default)
2021-08-16 13:10:58,199 [Listener at 0.0.0.0/13653] INFO  grpc.GrpcConfigKeys (ConfUtils.java:logGet(44)) - raft.grpc.server.port = 13660 (custom)
2021-08-16 13:10:58,199 [Listener at 0.0.0.0/13653] INFO  grpc.GrpcConfigKeys (ConfUtils.java:logGet(44)) - raft.grpc.server.port = 13660 (custom)
2021-08-16 13:10:58,199 [Listener at 0.0.0.0/13653] INFO  server.GrpcService (ConfUtils.java:logGet(44)) - raft.grpc.message.size.max = 32m (=33554432) (custom)
2021-08-16 13:10:58,200 [Listener at 0.0.0.0/13653] INFO  server.RaftServerConfigKeys (ConfUtils.java:logGet(44)) - raft.server.log.appender.buffer.byte-limit = 33554432 (custom)
2021-08-16 13:10:58,200 [Listener at 0.0.0.0/13653] INFO  server.GrpcService (ConfUtils.java:logGet(44)) - raft.grpc.flow.control.window = 1MB (=1048576) (default)
2021-08-16 13:10:58,200 [Listener at 0.0.0.0/13653] INFO  server.RaftServerConfigKeys (ConfUtils.java:logGet(44)) - raft.server.rpc.request.timeout = 30000ms (custom)
2021-08-16 13:10:58,201 [Listener at 0.0.0.0/13653] INFO  impl.DataStreamServerImpl (ConfUtils.java:logGet(44)) - raft.datastream.type = DISABLED (default)
2021-08-16 13:10:58,201 [Listener at 0.0.0.0/13653] INFO  server.RaftServerConfigKeys (ConfUtils.java:logGet(44)) - raft.server.rpc.slowness.timeout = 120000ms (custom)
2021-08-16 13:10:58,202 [Listener at 0.0.0.0/13653] INFO  server.RaftServerConfigKeys (ConfUtils.java:logGet(44)) - raft.server.leaderelection.leader.step-down.wait-time = 10s (default)
2021-08-16 13:10:58,202 [Listener at 0.0.0.0/13653] INFO  server.RaftServerConfigKeys (ConfUtils.java:logGet(44)) - raft.server.storage.dir = [/home/runner/work/ozone/ozone/hadoop-ozone/integration-test/target/test-dir/MiniOzoneClusterImpl-d497f94c-0a77-40f1-b0c4-d45398a5843a/scmNode-3/scm-ha] (custom)
2021-08-16 13:10:58,206 [Listener at 0.0.0.0/13653] INFO  server.RaftServer (RaftServerProxy.java:addNew(95)) - d66e294e-0eb7-4194-a364-fc35d68e543c: addNew group-D45398A5843A:[] returns group-D45398A5843A:java.util.concurrent.CompletableFuture@4776f6af[Not completed]
2021-08-16 13:10:58,206 [pool-221-thread-1] INFO  server.RaftServer$Division (RaftServerImpl.java:<init>(181)) - d66e294e-0eb7-4194-a364-fc35d68e543c: new RaftServerImpl for group-D45398A5843A:[] with SCMStateMachine:uninitialized
2021-08-16 13:10:58,214 [pool-221-thread-1] INFO  server.RaftServerConfigKeys (ConfUtils.java:logGet(44)) - raft.server.rpc.timeout.min = 5000ms (custom)
2021-08-16 13:10:58,214 [pool-221-thread-1] INFO  server.RaftServerConfigKeys (ConfUtils.java:logGet(44)) - raft.server.rpc.timeout.max = 5200ms (custom)
2021-08-16 13:10:58,214 [pool-221-thread-1] INFO  server.RaftServerConfigKeys (ConfUtils.java:logGet(44)) - raft.server.rpc.sleep.time = 25ms (default)
2021-08-16 13:10:58,214 [pool-221-thread-1] INFO  server.RaftServerConfigKeys (ConfUtils.java:logGet(44)) - raft.server.rpc.slowness.timeout = 120000ms (custom)
2021-08-16 13:10:58,214 [pool-221-thread-1] INFO  server.RaftServerConfigKeys (ConfUtils.java:logGet(44)) - raft.server.leaderelection.leader.step-down.wait-time = 10s (default)
2021-08-16 13:10:58,214 [pool-221-thread-1] INFO  server.RaftServerConfigKeys (ConfUtils.java:logGet(44)) - raft.server.sleep.deviation.threshold = 300ms (default)
2021-08-16 13:10:58,214 [pool-221-thread-1] INFO  server.RaftServerConfigKeys (ConfUtils.java:logGet(44)) - raft.server.log.appender.install.snapshot.enabled = false (custom)
2021-08-16 13:10:58,214 [pool-221-thread-1] INFO  server.RaftServer$Division (ServerState.java:<init>(105)) - d66e294e-0eb7-4194-a364-fc35d68e543c@group-D45398A5843A: ConfigurationManager, init=-1: [], old=null, confs=<EMPTY_MAP>
2021-08-16 13:10:58,214 [pool-221-thread-1] INFO  server.RaftServerConfigKeys (ConfUtils.java:logGet(44)) - raft.server.storage.dir = [/home/runner/work/ozone/ozone/hadoop-ozone/integration-test/target/test-dir/MiniOzoneClusterImpl-d497f94c-0a77-40f1-b0c4-d45398a5843a/scmNode-3/scm-ha] (custom)
2021-08-16 13:10:58,215 [pool-221-thread-1] INFO  server.RaftServerConfigKeys (ConfUtils.java:logGet(44)) - raft.server.log.corruption.policy = EXCEPTION (default)
2021-08-16 13:10:58,215 [pool-221-thread-1] INFO  server.RaftServerConfigKeys (ConfUtils.java:logGet(44)) - raft.server.storage.free-space.min = 0MB (=0) (default)
2021-08-16 13:10:58,215 [pool-221-thread-1] INFO  storage.RaftStorageDirectory (RaftStorageDirectoryImpl.java:analyzeStorage(135)) - The storage directory /home/runner/work/ozone/ozone/hadoop-ozone/integration-test/target/test-dir/MiniOzoneClusterImpl-d497f94c-0a77-40f1-b0c4-d45398a5843a/scmNode-3/scm-ha/d497f94c-0a77-40f1-b0c4-d45398a5843a does not exist. Creating ...
2021-08-16 13:10:58,219 [pool-221-thread-1] INFO  storage.RaftStorageDirectory (RaftStorageDirectoryImpl.java:tryLock(230)) - Lock on /home/runner/work/ozone/ozone/hadoop-ozone/integration-test/target/test-dir/MiniOzoneClusterImpl-d497f94c-0a77-40f1-b0c4-d45398a5843a/scmNode-3/scm-ha/d497f94c-0a77-40f1-b0c4-d45398a5843a/in_use.lock acquired by nodename 11556@fv-az148-41
2021-08-16 13:10:58,223 [pool-221-thread-1] INFO  storage.RaftStorage (RaftStorageImpl.java:format(89)) - Storage directory /home/runner/work/ozone/ozone/hadoop-ozone/integration-test/target/test-dir/MiniOzoneClusterImpl-d497f94c-0a77-40f1-b0c4-d45398a5843a/scmNode-3/scm-ha/d497f94c-0a77-40f1-b0c4-d45398a5843a has been successfully formatted.
2021-08-16 13:10:58,223 [pool-221-thread-1] INFO  server.RaftServerConfigKeys (ConfUtils.java:logGet(44)) - raft.server.notification.no-leader.timeout = 60s (default)
2021-08-16 13:10:58,223 [pool-221-thread-1] INFO  server.RaftServerConfigKeys (ConfUtils.java:logGet(44)) - raft.server.log.use.memory = false (default)
2021-08-16 13:10:58,223 [pool-221-thread-1] INFO  server.RaftServerConfigKeys (ConfUtils.java:logGet(44)) - raft.server.log.purge.gap = 5 (custom)
2021-08-16 13:10:58,223 [pool-221-thread-1] INFO  server.RaftServerConfigKeys (ConfUtils.java:logGet(44)) - raft.server.log.appender.buffer.byte-limit = 33554432 (custom)
2021-08-16 13:10:58,224 [pool-221-thread-1] INFO  server.RaftServerConfigKeys (ConfUtils.java:logGet(44)) - raft.server.log.segment.size.max = 16384 (custom)
2021-08-16 13:10:58,224 [pool-221-thread-1] INFO  server.RaftServerConfigKeys (ConfUtils.java:logGet(44)) - raft.server.log.segment.cache.num.max = 2 (custom)
2021-08-16 13:10:58,224 [pool-221-thread-1] INFO  server.RaftServerConfigKeys (ConfUtils.java:logGet(44)) - raft.server.log.segment.cache.size.max = 200MB (=209715200) (default)
2021-08-16 13:10:58,224 [pool-221-thread-1] INFO  segmented.SegmentedRaftLogWorker (SegmentedRaftLogWorker.java:<init>(182)) - new d66e294e-0eb7-4194-a364-fc35d68e543c@group-D45398A5843A-SegmentedRaftLogWorker for RaftStorageImpl:Storage Directory /home/runner/work/ozone/ozone/hadoop-ozone/integration-test/target/test-dir/MiniOzoneClusterImpl-d497f94c-0a77-40f1-b0c4-d45398a5843a/scmNode-3/scm-ha/d497f94c-0a77-40f1-b0c4-d45398a5843a
2021-08-16 13:10:58,224 [pool-221-thread-1] INFO  server.RaftServerConfigKeys (ConfUtils.java:logGet(44)) - raft.server.log.queue.byte-limit = 64MB (=67108864) (default)
2021-08-16 13:10:58,224 [pool-221-thread-1] INFO  server.RaftServerConfigKeys (ConfUtils.java:logGet(44)) - raft.server.log.queue.element-limit = 4096 (default)
2021-08-16 13:10:58,224 [pool-221-thread-1] INFO  server.RaftServerConfigKeys (ConfUtils.java:logGet(44)) - raft.server.log.segment.size.max = 16384 (custom)
2021-08-16 13:10:58,224 [pool-221-thread-1] INFO  server.RaftServerConfigKeys (ConfUtils.java:logGet(44)) - raft.server.log.preallocated.size = 16384 (custom)
2021-08-16 13:10:58,224 [pool-221-thread-1] INFO  server.RaftServerConfigKeys (ConfUtils.java:logGet(44)) - raft.server.log.force.sync.num = 128 (default)
2021-08-16 13:10:58,224 [pool-221-thread-1] INFO  server.RaftServerConfigKeys (ConfUtils.java:logGet(44)) - raft.server.log.statemachine.data.sync = true (default)
2021-08-16 13:10:58,225 [pool-221-thread-1] INFO  server.RaftServerConfigKeys (ConfUtils.java:logGet(44)) - raft.server.log.statemachine.data.sync.timeout = 10s (default)
2021-08-16 13:10:58,225 [pool-221-thread-1] INFO  server.RaftServerConfigKeys (ConfUtils.java:logGet(44)) - raft.server.log.statemachine.data.sync.timeout.retry = -1 (default)
2021-08-16 13:10:58,225 [pool-221-thread-1] INFO  server.RaftServerConfigKeys (ConfUtils.java:logGet(44)) - raft.server.log.write.buffer.size = 64KB (=65536) (default)
2021-08-16 13:10:58,225 [pool-221-thread-1] INFO  server.RaftServerConfigKeys (ConfUtils.java:logGet(44)) - raft.server.log.statemachine.data.caching.enabled = false (default)
2021-08-16 13:10:58,225 [pool-221-thread-1] INFO  segmented.SegmentedRaftLogWorker (SegmentedRaftLogWorker.java:lambda$new$0(133)) - d66e294e-0eb7-4194-a364-fc35d68e543c@group-D45398A5843A-SegmentedRaftLogWorker: flushIndex: setUnconditionally 0 -> -1
2021-08-16 13:10:58,225 [pool-221-thread-1] INFO  segmented.SegmentedRaftLogWorker (SegmentedRaftLogWorker.java:lambda$new$0(133)) - d66e294e-0eb7-4194-a364-fc35d68e543c@group-D45398A5843A-SegmentedRaftLogWorker: safeCacheEvictIndex: setUnconditionally 0 -> -1
2021-08-16 13:10:58,233 [pool-221-thread-1] INFO  server.RaftServerConfigKeys (ConfUtils.java:logGet(44)) - raft.server.snapshot.auto.trigger.enabled = true (custom)
2021-08-16 13:10:58,233 [pool-221-thread-1] INFO  server.RaftServerConfigKeys (ConfUtils.java:logGet(44)) - raft.server.snapshot.auto.trigger.threshold = 5 (custom)
2021-08-16 13:10:58,233 [pool-221-thread-1] INFO  server.RaftServerConfigKeys (ConfUtils.java:logGet(44)) - raft.server.snapshot.retention.file.num = -1 (default)
2021-08-16 13:10:58,233 [pool-221-thread-1] INFO  server.RaftServerConfigKeys (ConfUtils.java:logGet(44)) - raft.server.log.purge.upto.snapshot.index = true (custom)
2021-08-16 13:10:58,233 [pool-221-thread-1] INFO  server.RaftServerConfigKeys (ConfUtils.java:logGet(44)) - raft.server.retrycache.expirytime = 60000ms (default)
2021-08-16 13:10:58,233 [pool-221-thread-1] INFO  server.RaftServerConfigKeys (ConfUtils.java:logGet(44)) - raft.server.retrycache.statistics.expirytime = 100μs (default)
2021-08-16 13:10:58,234 [Listener at 0.0.0.0/13653] INFO  ha.SCMSnapshotProvider (SCMSnapshotProvider.java:<init>(66)) - Initializing SCM Snapshot Provider
2021-08-16 13:10:58,234 [Listener at 0.0.0.0/13653] WARN  server.ServerUtils (ServerUtils.java:getDefaultRatisDirectory(237)) - Storage directory for Ratis is not configured. It is a good idea to map this to an SSD disk. Falling back to ozone.metadata.dirs
2021-08-16 13:10:58,235 [Listener at 0.0.0.0/13653] WARN  ha.SCMHAUtils (SCMHAUtils.java:getSCMRatisSnapshotDirectory(144)) - SCM snapshot dir is not configured. Falling back to ozone.metadata.dirs config
2021-08-16 13:10:58,236 [Listener at 0.0.0.0/13653] INFO  ha.SequenceIdGenerator (SequenceIdGenerator.java:upgradeToSequenceId(327)) - upgrade localId to 107544261427200000
2021-08-16 13:10:58,236 [Listener at 0.0.0.0/13653] INFO  ha.SequenceIdGenerator (SequenceIdGenerator.java:upgradeToSequenceId(337)) - upgrade delTxnId to 0
2021-08-16 13:10:58,236 [Listener at 0.0.0.0/13653] INFO  ha.SequenceIdGenerator (SequenceIdGenerator.java:upgradeToSequenceId(351)) - upgrade containerId to 0
2021-08-16 13:10:58,236 [Listener at 0.0.0.0/13653] INFO  ha.SequenceIdGenerator (SequenceIdGenerator.java:<init>(217)) - Init the HA SequenceIdGenerator.
2021-08-16 13:10:58,237 [Listener at 0.0.0.0/13653] WARN  server.ServerUtils (ServerUtils.java:sanitizeUserArgs(73)) - ozone.scm.stale.node.interval value = 300000 is larger than max = 100000 based on the key value of ozone.scm.heartbeat.thread.interval, reset to the max value 100000.
2021-08-16 13:10:58,237 [Listener at 0.0.0.0/13653] WARN  server.ServerUtils (ServerUtils.java:sanitizeUserArgs(73)) - ozone.scm.stale.node.interval value = 300000 is larger than max = 100000 based on the key value of ozone.scm.heartbeat.thread.interval, reset to the max value 100000.
2021-08-16 13:10:58,243 [Listener at 0.0.0.0/13653] INFO  node.SCMNodeManager (SCMNodeManager.java:<init>(145)) - Entering startup safe mode.
2021-08-16 13:10:58,244 [Listener at 0.0.0.0/13653] INFO  algorithms.ContainerPlacementPolicyFactory (ContainerPlacementPolicyFactory.java:getPolicy(60)) - Create container placement policy of type org.apache.hadoop.hdds.scm.container.placement.algorithms.SCMContainerPlacementRandom
2021-08-16 13:10:58,244 [Listener at 0.0.0.0/13653] INFO  pipeline.PipelineStateManager (PipelineStateManagerV2Impl.java:initialize(78)) - No pipeline exists in current db
2021-08-16 13:10:58,244 [Listener at 0.0.0.0/13653] INFO  algorithms.LeaderChoosePolicyFactory (LeaderChoosePolicyFactory.java:getPolicy(57)) - Create leader choose policy of type org.apache.hadoop.hdds.scm.pipeline.leader.choose.algorithms.MinLeaderCountChoosePolicy
2021-08-16 13:10:58,245 [Listener at 0.0.0.0/13653] INFO  ha.SCMServiceManager (SCMServiceManager.java:register(43)) - Registering service BackgroundPipelineCreator.
2021-08-16 13:10:58,245 [Listener at 0.0.0.0/13653] INFO  pipeline.BackgroundPipelineCreator (BackgroundPipelineCreatorV2.java:start(130)) - Starting RatisPipelineUtilsThread.
2021-08-16 13:10:58,251 [Listener at 0.0.0.0/13653] INFO  algorithms.PipelineChoosePolicyFactory (PipelineChoosePolicyFactory.java:createPipelineChoosePolicyFromClass(73)) - Create pipeline choose policy of type org.apache.hadoop.hdds.scm.pipeline.choose.algorithms.RandomPipelineChoosePolicy
2021-08-16 13:10:58,251 [Listener at 0.0.0.0/13653] INFO  ha.SCMServiceManager (SCMServiceManager.java:register(43)) - Registering service SCMBlockDeletingService.
2021-08-16 13:10:58,251 [Listener at 0.0.0.0/13653] INFO  ha.SCMServiceManager (SCMServiceManager.java:register(43)) - Registering service ReplicationManager.
2021-08-16 13:10:58,251 [Listener at 0.0.0.0/13653] INFO  container.ReplicationManager (ReplicationManager.java:start(286)) - Starting Replication Monitor Thread.
2021-08-16 13:10:58,259 [Listener at 0.0.0.0/13653] INFO  safemode.ContainerSafeModeRule (ContainerSafeModeRule.java:<init>(89)) - containers with one replica threshold count 0
2021-08-16 13:10:58,262 [Listener at 0.0.0.0/13653] INFO  safemode.HealthyPipelineSafeModeRule (HealthyPipelineSafeModeRule.java:initializeRule(156)) - Total pipeline count is 0, healthy pipeline threshold count is 1
2021-08-16 13:10:58,268 [ReplicationMonitor] INFO  container.ReplicationManager (ReplicationManager.java:processAll(341)) - Replication Monitor Thread took 0 milliseconds for processing 0 containers.
2021-08-16 13:10:58,269 [Listener at 0.0.0.0/13653] INFO  safemode.OneReplicaPipelineSafeModeRule (OneReplicaPipelineSafeModeRule.java:initializeRule(180)) - Total pipeline count is 0, pipeline's with at least one datanode reported threshold count is 0
2021-08-16 13:10:58,270 [Listener at 0.0.0.0/13653] INFO  ipc.CallQueueManager (CallQueueManager.java:<init>(90)) - Using callQueue: class java.util.concurrent.LinkedBlockingQueue, queueCapacity: 2000, scheduler: class org.apache.hadoop.ipc.DefaultRpcScheduler, ipcBackoff: false.
2021-08-16 13:10:58,271 [Socket Reader #1 for port 13661] INFO  ipc.Server (Server.java:run(1265)) - Starting Socket Reader #1 for port 13661
2021-08-16 13:10:58,279 [Listener at 0.0.0.0/13661] INFO  ipc.CallQueueManager (CallQueueManager.java:<init>(90)) - Using callQueue: class java.util.concurrent.LinkedBlockingQueue, queueCapacity: 2000, scheduler: class org.apache.hadoop.ipc.DefaultRpcScheduler, ipcBackoff: false.
2021-08-16 13:10:58,298 [Socket Reader #1 for port 13662] INFO  ipc.Server (Server.java:run(1265)) - Starting Socket Reader #1 for port 13662
2021-08-16 13:10:58,309 [Listener at 0.0.0.0/13662] INFO  ipc.CallQueueManager (CallQueueManager.java:<init>(90)) - Using callQueue: class java.util.concurrent.LinkedBlockingQueue, queueCapacity: 2000, scheduler: class org.apache.hadoop.ipc.DefaultRpcScheduler, ipcBackoff: false.
2021-08-16 13:10:58,311 [Socket Reader #1 for port 13663] INFO  ipc.Server (Server.java:run(1265)) - Starting Socket Reader #1 for port 13663
2021-08-16 13:10:58,365 [Listener at 0.0.0.0/13663] INFO  algorithms.ContainerPlacementPolicyFactory (ContainerPlacementPolicyFactory.java:getPolicy(60)) - Create container placement policy of type org.apache.hadoop.hdds.scm.container.placement.algorithms.SCMContainerPlacementRandom
2021-08-16 13:10:58,372 [Listener at 0.0.0.0/13663] INFO  server.StorageContainerManager (StorageContainerManager.java:<init>(383)) - 
Container Balancer status:
Key                            Value
Running                        false
Container Balancer Configuration values:
Key                                                Value
Threshold                                          0.1
Max Datanodes to Involve per Iteration(ratio)      0.5
Max Size to Move per Iteration                     10737418240B

2021-08-16 13:10:58,372 [Listener at 0.0.0.0/13663] WARN  events.EventQueue (EventQueue.java:fireEvent(194)) - No event handler registered for event TypedEvent{payloadType=SafeModeStatus, name='Safe mode status'}
2021-08-16 13:10:58,372 [Listener at 0.0.0.0/13663] INFO  ha.SCMContext (SCMContext.java:updateSafeModeStatus(205)) - Update SafeModeStatus from SafeModeStatus{safeModeStatus=true, preCheckPassed=false} to SafeModeStatus{safeModeStatus=true, preCheckPassed=false}.
2021-08-16 13:10:58,373 [Listener at 0.0.0.0/13663] INFO  ozone.MiniOzoneHAClusterImpl (MiniOzoneHAClusterImpl.java:createSCMService(567)) - Intialized SCM at org.apache.hadoop.hdds.scm.server.SCMClientProtocolServer@44bb068c. This SCM is currently inactive (not running).
2021-08-16 13:10:58,374 [Listener at 0.0.0.0/13663] INFO  ha.OMHANodeDetails (OMHANodeDetails.java:loadOMHAConfig(118)) - ServiceID for OzoneManager is om-service-test1
2021-08-16 13:10:58,375 [Listener at 0.0.0.0/13663] INFO  ha.OMHANodeDetails (OMHANodeDetails.java:loadOMHAConfig(194)) - Found matching OM address with OMServiceId: om-service-test1, OMNodeId: omNode-1, RPC Address: localhost:13436 and Ratis port: 13440
2021-08-16 13:10:58,378 [Listener at 0.0.0.0/13663] INFO  ha.OMHANodeDetails (ConfUtils.java:setNodeSpecificConfigs(108)) - Setting configuration key ozone.om.http-address with value of key ozone.om.http-address.om-service-test1.omNode-1: 127.0.0.1:13438
2021-08-16 13:10:58,378 [Listener at 0.0.0.0/13663] INFO  ha.OMHANodeDetails (ConfUtils.java:setNodeSpecificConfigs(108)) - Setting configuration key ozone.om.https-address with value of key ozone.om.https-address.om-service-test1.omNode-1: 127.0.0.1:13439
2021-08-16 13:10:58,379 [Listener at 0.0.0.0/13663] INFO  ha.OMHANodeDetails (ConfUtils.java:setNodeSpecificConfigs(108)) - Setting configuration key ozone.om.address with value of key ozone.om.address.om-service-test1.omNode-1: 127.0.0.1:13436
2021-08-16 13:10:58,379 [Listener at 0.0.0.0/13663] WARN  server.ServerUtils (ServerUtils.java:getDBPath(225)) - ozone.om.db.dirs is not configured. We recommend adding this setting. Falling back to ozone.metadata.dirs instead.
2021-08-16 13:10:58,380 [Listener at 0.0.0.0/13663] INFO  ha.SCMNodeInfo (SCMNodeInfo.java:getPort(197)) - ConfigKey ozone.scm.client.address is deprecated, For configuring different ports for each SCM use PortConfigKey ozone.scm.client.port appended with serviceId and nodeId
2021-08-16 13:10:58,380 [Listener at 0.0.0.0/13663] INFO  ha.SCMNodeInfo (SCMNodeInfo.java:getPort(197)) - ConfigKey ozone.scm.block.client.address is deprecated, For configuring different ports for each SCM use PortConfigKey ozone.scm.block.client.port appended with serviceId and nodeId
2021-08-16 13:10:58,381 [Listener at 0.0.0.0/13663] INFO  ha.SCMNodeInfo (SCMNodeInfo.java:getPort(197)) - ConfigKey ozone.scm.datanode.address is deprecated, For configuring different ports for each SCM use PortConfigKey ozone.scm.datanode.port appended with serviceId and nodeId
2021-08-16 13:10:58,381 [Listener at 0.0.0.0/13663] INFO  ha.SCMNodeInfo (SCMNodeInfo.java:getPort(197)) - ConfigKey ozone.scm.client.address is deprecated, For configuring different ports for each SCM use PortConfigKey ozone.scm.client.port appended with serviceId and nodeId
2021-08-16 13:10:58,381 [Listener at 0.0.0.0/13663] INFO  ha.SCMNodeInfo (SCMNodeInfo.java:getPort(197)) - ConfigKey ozone.scm.block.client.address is deprecated, For configuring different ports for each SCM use PortConfigKey ozone.scm.block.client.port appended with serviceId and nodeId
2021-08-16 13:10:58,381 [Listener at 0.0.0.0/13663] INFO  ha.SCMNodeInfo (SCMNodeInfo.java:getPort(197)) - ConfigKey ozone.scm.datanode.address is deprecated, For configuring different ports for each SCM use PortConfigKey ozone.scm.datanode.port appended with serviceId and nodeId
2021-08-16 13:10:58,381 [Listener at 0.0.0.0/13663] INFO  ha.SCMNodeInfo (SCMNodeInfo.java:getPort(197)) - ConfigKey ozone.scm.client.address is deprecated, For configuring different ports for each SCM use PortConfigKey ozone.scm.client.port appended with serviceId and nodeId
2021-08-16 13:10:58,381 [Listener at 0.0.0.0/13663] INFO  ha.SCMNodeInfo (SCMNodeInfo.java:getPort(197)) - ConfigKey ozone.scm.block.client.address is deprecated, For configuring different ports for each SCM use PortConfigKey ozone.scm.block.client.port appended with serviceId and nodeId
2021-08-16 13:10:58,381 [Listener at 0.0.0.0/13663] INFO  ha.SCMNodeInfo (SCMNodeInfo.java:getPort(197)) - ConfigKey ozone.scm.datanode.address is deprecated, For configuring different ports for each SCM use PortConfigKey ozone.scm.datanode.port appended with serviceId and nodeId
OM initialization succeeded.Current cluster id for sd=/home/runner/work/ozone/ozone/hadoop-ozone/integration-test/target/test-dir/MiniOzoneClusterImpl-d497f94c-0a77-40f1-b0c4-d45398a5843a/omNode-1/om;cid=d497f94c-0a77-40f1-b0c4-d45398a5843a;layoutVersion=0
2021-08-16 13:10:58,405 [Listener at 0.0.0.0/13663] INFO  ha.OMHANodeDetails (OMHANodeDetails.java:loadOMHAConfig(118)) - ServiceID for OzoneManager is om-service-test1
2021-08-16 13:10:58,405 [Listener at 0.0.0.0/13663] INFO  ha.OMHANodeDetails (OMHANodeDetails.java:loadOMHAConfig(194)) - Found matching OM address with OMServiceId: om-service-test1, OMNodeId: omNode-1, RPC Address: localhost:13436 and Ratis port: 13440
2021-08-16 13:10:58,406 [Listener at 0.0.0.0/13663] INFO  ha.OMHANodeDetails (ConfUtils.java:setNodeSpecificConfigs(108)) - Setting configuration key ozone.om.http-address with value of key ozone.om.http-address.om-service-test1.omNode-1: 127.0.0.1:13438
2021-08-16 13:10:58,406 [Listener at 0.0.0.0/13663] INFO  ha.OMHANodeDetails (ConfUtils.java:setNodeSpecificConfigs(108)) - Setting configuration key ozone.om.https-address with value of key ozone.om.https-address.om-service-test1.omNode-1: 127.0.0.1:13439
2021-08-16 13:10:58,406 [Listener at 0.0.0.0/13663] INFO  ha.OMHANodeDetails (ConfUtils.java:setNodeSpecificConfigs(108)) - Setting configuration key ozone.om.address with value of key ozone.om.address.om-service-test1.omNode-1: 127.0.0.1:13436
2021-08-16 13:10:58,406 [Listener at 0.0.0.0/13663] WARN  server.ServerUtils (ServerUtils.java:getDBPath(225)) - ozone.om.db.dirs is not configured. We recommend adding this setting. Falling back to ozone.metadata.dirs instead.
2021-08-16 13:10:58,406 [Listener at 0.0.0.0/13663] INFO  upgrade.AbstractLayoutVersionManager (AbstractLayoutVersionManager.java:init(70)) - Initializing Layout version manager with metadata layout = INITIAL_VERSION (version = 0), software layout = INITIAL_VERSION (version = 0)
2021-08-16 13:10:58,495 [Listener at 0.0.0.0/13663] INFO  reflections.Reflections (Reflections.java:scan(232)) - Reflections took 88 ms to scan 2 urls, producing 131 keys and 342 values [using 2 cores]
2021-08-16 13:10:58,495 [Listener at 0.0.0.0/13663] INFO  upgrade.OMLayoutVersionManager (OMLayoutVersionManager.java:lambda$0(116)) - Skipping Upgrade Action MockOmUpgradeAction since it has been finalized.
2021-08-16 13:10:58,495 [Listener at 0.0.0.0/13663] WARN  server.ServerUtils (ServerUtils.java:getDBPath(225)) - ozone.om.db.dirs is not configured. We recommend adding this setting. Falling back to ozone.metadata.dirs instead.
2021-08-16 13:10:58,496 [Listener at 0.0.0.0/13663] INFO  ha.SCMNodeInfo (SCMNodeInfo.java:getPort(197)) - ConfigKey ozone.scm.client.address is deprecated, For configuring different ports for each SCM use PortConfigKey ozone.scm.client.port appended with serviceId and nodeId
2021-08-16 13:10:58,496 [Listener at 0.0.0.0/13663] INFO  ha.SCMNodeInfo (SCMNodeInfo.java:getPort(197)) - ConfigKey ozone.scm.block.client.address is deprecated, For configuring different ports for each SCM use PortConfigKey ozone.scm.block.client.port appended with serviceId and nodeId
2021-08-16 13:10:58,496 [Listener at 0.0.0.0/13663] INFO  ha.SCMNodeInfo (SCMNodeInfo.java:getPort(197)) - ConfigKey ozone.scm.datanode.address is deprecated, For configuring different ports for each SCM use PortConfigKey ozone.scm.datanode.port appended with serviceId and nodeId
2021-08-16 13:10:58,496 [Listener at 0.0.0.0/13663] INFO  ha.SCMNodeInfo (SCMNodeInfo.java:getPort(197)) - ConfigKey ozone.scm.client.address is deprecated, For configuring different ports for each SCM use PortConfigKey ozone.scm.client.port appended with serviceId and nodeId
2021-08-16 13:10:58,496 [Listener at 0.0.0.0/13663] INFO  ha.SCMNodeInfo (SCMNodeInfo.java:getPort(197)) - ConfigKey ozone.scm.block.client.address is deprecated, For configuring different ports for each SCM use PortConfigKey ozone.scm.block.client.port appended with serviceId and nodeId
2021-08-16 13:10:58,496 [Listener at 0.0.0.0/13663] INFO  ha.SCMNodeInfo (SCMNodeInfo.java:getPort(197)) - ConfigKey ozone.scm.datanode.address is deprecated, For configuring different ports for each SCM use PortConfigKey ozone.scm.datanode.port appended with serviceId and nodeId
2021-08-16 13:10:58,496 [Listener at 0.0.0.0/13663] INFO  ha.SCMNodeInfo (SCMNodeInfo.java:getPort(197)) - ConfigKey ozone.scm.client.address is deprecated, For configuring different ports for each SCM use PortConfigKey ozone.scm.client.port appended with serviceId and nodeId
2021-08-16 13:10:58,496 [Listener at 0.0.0.0/13663] INFO  ha.SCMNodeInfo (SCMNodeInfo.java:getPort(197)) - ConfigKey ozone.scm.block.client.address is deprecated, For configuring different ports for each SCM use PortConfigKey ozone.scm.block.client.port appended with serviceId and nodeId
2021-08-16 13:10:58,496 [Listener at 0.0.0.0/13663] INFO  ha.SCMNodeInfo (SCMNodeInfo.java:getPort(197)) - ConfigKey ozone.scm.datanode.address is deprecated, For configuring different ports for each SCM use PortConfigKey ozone.scm.datanode.port appended with serviceId and nodeId
2021-08-16 13:10:58,497 [Listener at 0.0.0.0/13663] INFO  ha.SCMNodeInfo (SCMNodeInfo.java:getPort(197)) - ConfigKey ozone.scm.client.address is deprecated, For configuring different ports for each SCM use PortConfigKey ozone.scm.client.port appended with serviceId and nodeId
2021-08-16 13:10:58,497 [Listener at 0.0.0.0/13663] INFO  ha.SCMNodeInfo (SCMNodeInfo.java:getPort(197)) - ConfigKey ozone.scm.block.client.address is deprecated, For configuring different ports for each SCM use PortConfigKey ozone.scm.block.client.port appended with serviceId and nodeId
2021-08-16 13:10:58,497 [Listener at 0.0.0.0/13663] INFO  ha.SCMNodeInfo (SCMNodeInfo.java:getPort(197)) - ConfigKey ozone.scm.datanode.address is deprecated, For configuring different ports for each SCM use PortConfigKey ozone.scm.datanode.port appended with serviceId and nodeId
2021-08-16 13:10:58,497 [Listener at 0.0.0.0/13663] INFO  ha.SCMNodeInfo (SCMNodeInfo.java:getPort(197)) - ConfigKey ozone.scm.client.address is deprecated, For configuring different ports for each SCM use PortConfigKey ozone.scm.client.port appended with serviceId and nodeId
2021-08-16 13:10:58,497 [Listener at 0.0.0.0/13663] INFO  ha.SCMNodeInfo (SCMNodeInfo.java:getPort(197)) - ConfigKey ozone.scm.block.client.address is deprecated, For configuring different ports for each SCM use PortConfigKey ozone.scm.block.client.port appended with serviceId and nodeId
2021-08-16 13:10:58,497 [Listener at 0.0.0.0/13663] INFO  ha.SCMNodeInfo (SCMNodeInfo.java:getPort(197)) - ConfigKey ozone.scm.datanode.address is deprecated, For configuring different ports for each SCM use PortConfigKey ozone.scm.datanode.port appended with serviceId and nodeId
2021-08-16 13:10:58,497 [Listener at 0.0.0.0/13663] INFO  ha.SCMNodeInfo (SCMNodeInfo.java:getPort(197)) - ConfigKey ozone.scm.client.address is deprecated, For configuring different ports for each SCM use PortConfigKey ozone.scm.client.port appended with serviceId and nodeId
2021-08-16 13:10:58,497 [Listener at 0.0.0.0/13663] INFO  ha.SCMNodeInfo (SCMNodeInfo.java:getPort(197)) - ConfigKey ozone.scm.block.client.address is deprecated, For configuring different ports for each SCM use PortConfigKey ozone.scm.block.client.port appended with serviceId and nodeId
2021-08-16 13:10:58,497 [Listener at 0.0.0.0/13663] INFO  ha.SCMNodeInfo (SCMNodeInfo.java:getPort(197)) - ConfigKey ozone.scm.datanode.address is deprecated, For configuring different ports for each SCM use PortConfigKey ozone.scm.datanode.port appended with serviceId and nodeId
2021-08-16 13:10:58,498 [Listener at 0.0.0.0/13663] INFO  ha.SCMNodeInfo (SCMNodeInfo.java:getPort(197)) - ConfigKey ozone.scm.client.address is deprecated, For configuring different ports for each SCM use PortConfigKey ozone.scm.client.port appended with serviceId and nodeId
2021-08-16 13:10:58,499 [Listener at 0.0.0.0/13663] INFO  ha.SCMNodeInfo (SCMNodeInfo.java:getPort(197)) - ConfigKey ozone.scm.block.client.address is deprecated, For configuring different ports for each SCM use PortConfigKey ozone.scm.block.client.port appended with serviceId and nodeId
2021-08-16 13:10:58,499 [Listener at 0.0.0.0/13663] INFO  ha.SCMNodeInfo (SCMNodeInfo.java:getPort(197)) - ConfigKey ozone.scm.datanode.address is deprecated, For configuring different ports for each SCM use PortConfigKey ozone.scm.datanode.port appended with serviceId and nodeId
2021-08-16 13:10:58,499 [Listener at 0.0.0.0/13663] INFO  ha.SCMNodeInfo (SCMNodeInfo.java:getPort(197)) - ConfigKey ozone.scm.client.address is deprecated, For configuring different ports for each SCM use PortConfigKey ozone.scm.client.port appended with serviceId and nodeId
2021-08-16 13:10:58,499 [Listener at 0.0.0.0/13663] INFO  ha.SCMNodeInfo (SCMNodeInfo.java:getPort(197)) - ConfigKey ozone.scm.block.client.address is deprecated, For configuring different ports for each SCM use PortConfigKey ozone.scm.block.client.port appended with serviceId and nodeId
2021-08-16 13:10:58,499 [Listener at 0.0.0.0/13663] INFO  ha.SCMNodeInfo (SCMNodeInfo.java:getPort(197)) - ConfigKey ozone.scm.datanode.address is deprecated, For configuring different ports for each SCM use PortConfigKey ozone.scm.datanode.port appended with serviceId and nodeId
2021-08-16 13:10:58,499 [Listener at 0.0.0.0/13663] INFO  ha.SCMNodeInfo (SCMNodeInfo.java:getPort(197)) - ConfigKey ozone.scm.client.address is deprecated, For configuring different ports for each SCM use PortConfigKey ozone.scm.client.port appended with serviceId and nodeId
2021-08-16 13:10:58,499 [Listener at 0.0.0.0/13663] INFO  ha.SCMNodeInfo (SCMNodeInfo.java:getPort(197)) - ConfigKey ozone.scm.block.client.address is deprecated, For configuring different ports for each SCM use PortConfigKey ozone.scm.block.client.port appended with serviceId and nodeId
2021-08-16 13:10:58,499 [Listener at 0.0.0.0/13663] INFO  ha.SCMNodeInfo (SCMNodeInfo.java:getPort(197)) - ConfigKey ozone.scm.datanode.address is deprecated, For configuring different ports for each SCM use PortConfigKey ozone.scm.datanode.port appended with serviceId and nodeId
2021-08-16 13:10:58,528 [EndpointStateMachine task thread for /127.0.0.1:15301 - 0 ] INFO  ipc.Client (Client.java:handleConnectionFailure(977)) - Retrying connect to server: localhost/127.0.0.1:15301. Already tried 2 time(s); retry policy is RetryUpToMaximumCountWithFixedSleep(maxRetries=15, sleepTime=1000 MILLISECONDS)
2021-08-16 13:10:58,533 [Listener at 0.0.0.0/13663] WARN  server.ServerUtils (ServerUtils.java:getDBPath(225)) - ozone.om.db.dirs is not configured. We recommend adding this setting. Falling back to ozone.metadata.dirs instead.
2021-08-16 13:10:58,534 [Listener at 0.0.0.0/13663] INFO  codec.OmKeyInfoCodec (OmKeyInfoCodec.java:<init>(51)) - OmKeyInfoCodec ignorePipeline = true
2021-08-16 13:10:58,534 [Listener at 0.0.0.0/13663] INFO  codec.RepeatedOmKeyInfoCodec (RepeatedOmKeyInfoCodec.java:<init>(42)) - RepeatedOmKeyInfoCodec ignorePipeline = true
2021-08-16 13:10:58,535 [EndpointStateMachine task thread for /127.0.0.1:15291 - 0 ] INFO  ipc.Client (Client.java:handleConnectionFailure(977)) - Retrying connect to server: localhost/127.0.0.1:15291. Already tried 2 time(s); retry policy is RetryUpToMaximumCountWithFixedSleep(maxRetries=15, sleepTime=1000 MILLISECONDS)
2021-08-16 13:10:58,535 [EndpointStateMachine task thread for /127.0.0.1:15281 - 0 ] INFO  ipc.Client (Client.java:handleConnectionFailure(977)) - Retrying connect to server: localhost/127.0.0.1:15281. Already tried 2 time(s); retry policy is RetryUpToMaximumCountWithFixedSleep(maxRetries=15, sleepTime=1000 MILLISECONDS)
2021-08-16 13:10:58,787 [Listener at 0.0.0.0/13663] INFO  om.OzoneManager (OzoneManager.java:addS3GVolumeToDB(4115)) - Created Volume s3v With Owner runner required for S3Gateway operations.
2021-08-16 13:10:58,787 [Listener at 0.0.0.0/13663] WARN  server.ServerUtils (ServerUtils.java:getDefaultRatisDirectory(237)) - Storage directory for Ratis is not configured. It is a good idea to map this to an SSD disk. Falling back to ozone.metadata.dirs
2021-08-16 13:10:58,788 [Listener at 0.0.0.0/13663] WARN  utils.OzoneManagerRatisUtils (OzoneManagerRatisUtils.java:getOMRatisSnapshotDirectory(391)) - ozone.om.ratis.snapshot.dir is not configured. Falling back to ozone.metadata.dirs config
2021-08-16 13:10:58,788 [Listener at 0.0.0.0/13663] WARN  impl.MetricRegistriesImpl (MetricRegistriesImpl.java:addReporterRegistration(111)) - New reporters are added after registries were created. Some metrics will be missing from the reporter. Please add reporter before adding any new registry.
2021-08-16 13:10:58,788 [Listener at 0.0.0.0/13663] WARN  impl.MetricRegistriesImpl (MetricRegistriesImpl.java:addReporterRegistration(111)) - New reporters are added after registries were created. Some metrics will be missing from the reporter. Please add reporter before adding any new registry.
2021-08-16 13:10:58,788 [Listener at 0.0.0.0/13663] WARN  server.ServerUtils (ServerUtils.java:getDefaultRatisDirectory(237)) - Storage directory for Ratis is not configured. It is a good idea to map this to an SSD disk. Falling back to ozone.metadata.dirs
2021-08-16 13:10:58,789 [Listener at 0.0.0.0/13663] INFO  ratis.OzoneManagerRatisServer (OzoneManagerRatisServer.java:<init>(158)) - Instantiating OM Ratis server with groupID: om-service-test1 and peers: localhost:13440
2021-08-16 13:10:58,789 [Listener at 0.0.0.0/13663] INFO  ratis.OzoneManagerStateMachine (OzoneManagerStateMachine.java:loadSnapshotInfoFromDB(605)) - LastAppliedIndex is set from TransactionInfo from OM DB as (t:0, i:~)
2021-08-16 13:10:58,797 [Listener at 0.0.0.0/13663] INFO  server.RaftServer (ConfUtils.java:logGet(44)) - raft.rpc.type = GRPC (default)
2021-08-16 13:10:58,798 [Listener at 0.0.0.0/13663] INFO  grpc.GrpcFactory (GrpcFactory.java:checkPooledByteBufAllocatorUseCacheForAllThreads(48)) - PERFORMANCE WARNING: useCacheForAllThreads is true that may cause Netty to create a lot garbage objects and, as a result, trigger GC.
	It is recommended to disable useCacheForAllThreads by setting -Dorg.apache.ratis.thirdparty.io.netty.allocator.useCacheForAllThreads=false in command line.
2021-08-16 13:10:58,798 [Listener at 0.0.0.0/13663] INFO  grpc.GrpcConfigKeys (ConfUtils.java:logGet(44)) - raft.grpc.admin.port = -1 (default)
2021-08-16 13:10:58,798 [Listener at 0.0.0.0/13663] INFO  grpc.GrpcConfigKeys (ConfUtils.java:logGet(44)) - raft.grpc.server.port = 13440 (custom)
2021-08-16 13:10:58,802 [Listener at 0.0.0.0/13663] INFO  grpc.GrpcConfigKeys (ConfUtils.java:logGet(44)) - raft.grpc.client.port = -1 (default)
2021-08-16 13:10:58,802 [Listener at 0.0.0.0/13663] INFO  grpc.GrpcConfigKeys (ConfUtils.java:logGet(44)) - raft.grpc.server.port = 13440 (custom)
2021-08-16 13:10:58,802 [Listener at 0.0.0.0/13663] INFO  grpc.GrpcConfigKeys (ConfUtils.java:logGet(44)) - raft.grpc.server.port = 13440 (custom)
2021-08-16 13:10:58,803 [Listener at 0.0.0.0/13663] INFO  server.GrpcService (ConfUtils.java:logGet(44)) - raft.grpc.message.size.max = 33554432 (custom)
2021-08-16 13:10:58,803 [Listener at 0.0.0.0/13663] INFO  server.RaftServerConfigKeys (ConfUtils.java:logGet(44)) - raft.server.log.appender.buffer.byte-limit = 33554432 (custom)
2021-08-16 13:10:58,803 [Listener at 0.0.0.0/13663] INFO  server.GrpcService (ConfUtils.java:logGet(44)) - raft.grpc.flow.control.window = 1MB (=1048576) (default)
2021-08-16 13:10:58,803 [Listener at 0.0.0.0/13663] INFO  server.RaftServerConfigKeys (ConfUtils.java:logGet(44)) - raft.server.rpc.request.timeout = 3000ms (default)
2021-08-16 13:10:58,807 [Listener at 0.0.0.0/13663] INFO  impl.DataStreamServerImpl (ConfUtils.java:logGet(44)) - raft.datastream.type = DISABLED (default)
2021-08-16 13:10:58,808 [Listener at 0.0.0.0/13663] INFO  server.RaftServerConfigKeys (ConfUtils.java:logGet(44)) - raft.server.rpc.slowness.timeout = 2s (custom)
2021-08-16 13:10:58,808 [Listener at 0.0.0.0/13663] INFO  server.RaftServerConfigKeys (ConfUtils.java:logGet(44)) - raft.server.leaderelection.leader.step-down.wait-time = 10s (default)
2021-08-16 13:10:58,808 [Listener at 0.0.0.0/13663] INFO  server.RaftServerConfigKeys (ConfUtils.java:logGet(44)) - raft.server.storage.dir = [/home/runner/work/ozone/ozone/hadoop-ozone/integration-test/target/test-dir/MiniOzoneClusterImpl-d497f94c-0a77-40f1-b0c4-d45398a5843a/omNode-1/ratis] (custom)
2021-08-16 13:10:58,814 [Listener at 0.0.0.0/13663] INFO  server.RaftServer (RaftServerProxy.java:addNew(95)) - omNode-1: addNew group-523986131536:[omNode-1|rpc:localhost:13440|priority:0] returns group-523986131536:java.util.concurrent.CompletableFuture@4ac40529[Not completed]
2021-08-16 13:10:58,814 [Listener at 0.0.0.0/13663] INFO  om.OzoneManager (OzoneManager.java:initializeRatisServer(1573)) - OzoneManager Ratis server initialized at port 13440
2021-08-16 13:10:58,815 [Listener at 0.0.0.0/13663] INFO  ipc.CallQueueManager (CallQueueManager.java:<init>(90)) - Using callQueue: class java.util.concurrent.LinkedBlockingQueue, queueCapacity: 2000, scheduler: class org.apache.hadoop.ipc.DefaultRpcScheduler, ipcBackoff: false.
2021-08-16 13:10:58,816 [pool-245-thread-1] INFO  server.RaftServer$Division (RaftServerImpl.java:<init>(181)) - omNode-1: new RaftServerImpl for group-523986131536:[omNode-1|rpc:localhost:13440|priority:0] with OzoneManagerStateMachine:uninitialized
2021-08-16 13:10:58,831 [pool-245-thread-1] INFO  server.RaftServerConfigKeys (ConfUtils.java:logGet(44)) - raft.server.rpc.timeout.min = 1s (custom)
2021-08-16 13:10:58,831 [pool-245-thread-1] INFO  server.RaftServerConfigKeys (ConfUtils.java:logGet(44)) - raft.server.rpc.timeout.max = 1200ms (custom)
2021-08-16 13:10:58,831 [pool-245-thread-1] INFO  server.RaftServerConfigKeys (ConfUtils.java:logGet(44)) - raft.server.rpc.sleep.time = 25ms (default)
2021-08-16 13:10:58,831 [pool-245-thread-1] INFO  server.RaftServerConfigKeys (ConfUtils.java:logGet(44)) - raft.server.rpc.slowness.timeout = 2s (custom)
2021-08-16 13:10:58,831 [pool-245-thread-1] INFO  server.RaftServerConfigKeys (ConfUtils.java:logGet(44)) - raft.server.leaderelection.leader.step-down.wait-time = 10s (default)
2021-08-16 13:10:58,831 [pool-245-thread-1] INFO  server.RaftServerConfigKeys (ConfUtils.java:logGet(44)) - raft.server.sleep.deviation.threshold = 300ms (default)
2021-08-16 13:10:58,831 [pool-245-thread-1] INFO  server.RaftServerConfigKeys (ConfUtils.java:logGet(44)) - raft.server.log.appender.install.snapshot.enabled = false (custom)
2021-08-16 13:10:58,831 [pool-245-thread-1] INFO  server.RaftServer$Division (ServerState.java:<init>(105)) - omNode-1@group-523986131536: ConfigurationManager, init=-1: [omNode-1|rpc:localhost:13440|priority:0], old=null, confs=<EMPTY_MAP>
2021-08-16 13:10:58,832 [pool-245-thread-1] INFO  server.RaftServerConfigKeys (ConfUtils.java:logGet(44)) - raft.server.storage.dir = [/home/runner/work/ozone/ozone/hadoop-ozone/integration-test/target/test-dir/MiniOzoneClusterImpl-d497f94c-0a77-40f1-b0c4-d45398a5843a/omNode-1/ratis] (custom)
2021-08-16 13:10:58,832 [pool-245-thread-1] INFO  server.RaftServerConfigKeys (ConfUtils.java:logGet(44)) - raft.server.log.corruption.policy = EXCEPTION (default)
2021-08-16 13:10:58,832 [pool-245-thread-1] INFO  server.RaftServerConfigKeys (ConfUtils.java:logGet(44)) - raft.server.storage.free-space.min = 0MB (=0) (default)
2021-08-16 13:10:58,832 [pool-245-thread-1] INFO  storage.RaftStorageDirectory (RaftStorageDirectoryImpl.java:analyzeStorage(135)) - The storage directory /home/runner/work/ozone/ozone/hadoop-ozone/integration-test/target/test-dir/MiniOzoneClusterImpl-d497f94c-0a77-40f1-b0c4-d45398a5843a/omNode-1/ratis/c9bc4cf4-3bc3-3c60-a66b-523986131536 does not exist. Creating ...
2021-08-16 13:10:58,834 [Socket Reader #1 for port 13436] INFO  ipc.Server (Server.java:run(1265)) - Starting Socket Reader #1 for port 13436
2021-08-16 13:10:58,860 [pool-245-thread-1] INFO  storage.RaftStorageDirectory (RaftStorageDirectoryImpl.java:tryLock(230)) - Lock on /home/runner/work/ozone/ozone/hadoop-ozone/integration-test/target/test-dir/MiniOzoneClusterImpl-d497f94c-0a77-40f1-b0c4-d45398a5843a/omNode-1/ratis/c9bc4cf4-3bc3-3c60-a66b-523986131536/in_use.lock acquired by nodename 11556@fv-az148-41
2021-08-16 13:10:58,864 [pool-245-thread-1] INFO  storage.RaftStorage (RaftStorageImpl.java:format(89)) - Storage directory /home/runner/work/ozone/ozone/hadoop-ozone/integration-test/target/test-dir/MiniOzoneClusterImpl-d497f94c-0a77-40f1-b0c4-d45398a5843a/omNode-1/ratis/c9bc4cf4-3bc3-3c60-a66b-523986131536 has been successfully formatted.
2021-08-16 13:10:58,864 [pool-245-thread-1] INFO  server.RaftServerConfigKeys (ConfUtils.java:logGet(44)) - raft.server.notification.no-leader.timeout = 2s (custom)
2021-08-16 13:10:58,864 [pool-245-thread-1] INFO  server.RaftServerConfigKeys (ConfUtils.java:logGet(44)) - raft.server.log.use.memory = false (default)
2021-08-16 13:10:58,865 [pool-245-thread-1] INFO  server.RaftServerConfigKeys (ConfUtils.java:logGet(44)) - raft.server.log.purge.gap = 1000000 (custom)
2021-08-16 13:10:58,865 [pool-245-thread-1] INFO  server.RaftServerConfigKeys (ConfUtils.java:logGet(44)) - raft.server.log.appender.buffer.byte-limit = 33554432 (custom)
2021-08-16 13:10:58,865 [pool-245-thread-1] INFO  server.RaftServerConfigKeys (ConfUtils.java:logGet(44)) - raft.server.log.segment.size.max = 4194304 (custom)
2021-08-16 13:10:58,865 [pool-245-thread-1] INFO  server.RaftServerConfigKeys (ConfUtils.java:logGet(44)) - raft.server.log.segment.cache.num.max = 2 (custom)
2021-08-16 13:10:58,865 [pool-245-thread-1] INFO  server.RaftServerConfigKeys (ConfUtils.java:logGet(44)) - raft.server.log.segment.cache.size.max = 200MB (=209715200) (default)
2021-08-16 13:10:58,865 [pool-245-thread-1] INFO  segmented.SegmentedRaftLogWorker (SegmentedRaftLogWorker.java:<init>(182)) - new omNode-1@group-523986131536-SegmentedRaftLogWorker for RaftStorageImpl:Storage Directory /home/runner/work/ozone/ozone/hadoop-ozone/integration-test/target/test-dir/MiniOzoneClusterImpl-d497f94c-0a77-40f1-b0c4-d45398a5843a/omNode-1/ratis/c9bc4cf4-3bc3-3c60-a66b-523986131536
2021-08-16 13:10:58,865 [pool-245-thread-1] INFO  server.RaftServerConfigKeys (ConfUtils.java:logGet(44)) - raft.server.log.queue.byte-limit = 64MB (=67108864) (default)
2021-08-16 13:10:58,865 [pool-245-thread-1] INFO  server.RaftServerConfigKeys (ConfUtils.java:logGet(44)) - raft.server.log.queue.element-limit = 4096 (default)
2021-08-16 13:10:58,865 [pool-245-thread-1] INFO  server.RaftServerConfigKeys (ConfUtils.java:logGet(44)) - raft.server.log.segment.size.max = 4194304 (custom)
2021-08-16 13:10:58,865 [pool-245-thread-1] INFO  server.RaftServerConfigKeys (ConfUtils.java:logGet(44)) - raft.server.log.preallocated.size = 4194304 (custom)
2021-08-16 13:10:58,865 [pool-245-thread-1] INFO  server.RaftServerConfigKeys (ConfUtils.java:logGet(44)) - raft.server.log.force.sync.num = 128 (default)
2021-08-16 13:10:58,865 [pool-245-thread-1] INFO  server.RaftServerConfigKeys (ConfUtils.java:logGet(44)) - raft.server.log.statemachine.data.sync = true (default)
2021-08-16 13:10:58,865 [pool-245-thread-1] INFO  server.RaftServerConfigKeys (ConfUtils.java:logGet(44)) - raft.server.log.statemachine.data.sync.timeout = 10s (default)
2021-08-16 13:10:58,865 [pool-245-thread-1] INFO  server.RaftServerConfigKeys (ConfUtils.java:logGet(44)) - raft.server.log.statemachine.data.sync.timeout.retry = -1 (default)
2021-08-16 13:10:58,866 [pool-245-thread-1] INFO  server.RaftServerConfigKeys (ConfUtils.java:logGet(44)) - raft.server.log.write.buffer.size = 64KB (=65536) (default)
2021-08-16 13:10:58,866 [pool-245-thread-1] INFO  server.RaftServerConfigKeys (ConfUtils.java:logGet(44)) - raft.server.log.statemachine.data.caching.enabled = false (default)
2021-08-16 13:10:58,866 [pool-245-thread-1] INFO  segmented.SegmentedRaftLogWorker (SegmentedRaftLogWorker.java:lambda$new$0(133)) - omNode-1@group-523986131536-SegmentedRaftLogWorker: flushIndex: setUnconditionally 0 -> -1
2021-08-16 13:10:58,866 [pool-245-thread-1] INFO  segmented.SegmentedRaftLogWorker (SegmentedRaftLogWorker.java:lambda$new$0(133)) - omNode-1@group-523986131536-SegmentedRaftLogWorker: safeCacheEvictIndex: setUnconditionally 0 -> -1
2021-08-16 13:10:58,873 [pool-245-thread-1] INFO  server.RaftServerConfigKeys (ConfUtils.java:logGet(44)) - raft.server.snapshot.auto.trigger.enabled = true (custom)
2021-08-16 13:10:58,873 [pool-245-thread-1] INFO  server.RaftServerConfigKeys (ConfUtils.java:logGet(44)) - raft.server.snapshot.auto.trigger.threshold = 400000 (default)
2021-08-16 13:10:58,873 [pool-245-thread-1] INFO  server.RaftServerConfigKeys (ConfUtils.java:logGet(44)) - raft.server.snapshot.retention.file.num = -1 (default)
2021-08-16 13:10:58,873 [pool-245-thread-1] INFO  server.RaftServerConfigKeys (ConfUtils.java:logGet(44)) - raft.server.log.purge.upto.snapshot.index = true (custom)
2021-08-16 13:10:58,873 [pool-245-thread-1] INFO  server.RaftServerConfigKeys (ConfUtils.java:logGet(44)) - raft.server.retrycache.expirytime = 300s (custom)
2021-08-16 13:10:58,873 [pool-245-thread-1] INFO  server.RaftServerConfigKeys (ConfUtils.java:logGet(44)) - raft.server.retrycache.statistics.expirytime = 100μs (default)
2021-08-16 13:10:58,894 [Listener at 127.0.0.1/13436] INFO  om.OzoneManager (OzoneManager.java:initFSOLayout(4321)) - Configured ozone.om.metadata.layout=SIMPLE and disabled optimized OM FS operations
2021-08-16 13:10:58,898 [Listener at 127.0.0.1/13436] INFO  impl.MetricsSystemImpl (MetricsSystemImpl.java:init(158)) - OzoneManager metrics system started (again)
2021-08-16 13:10:58,929 [Listener at 127.0.0.1/13436] INFO  om.OzoneManager (OzoneManager.java:start(1270)) - OzoneManager RPC server is listening at localhost/127.0.0.1:13436
2021-08-16 13:10:58,929 [Listener at 127.0.0.1/13436] INFO  ratis.OzoneManagerRatisServer (OzoneManagerRatisServer.java:start(516)) - Starting OzoneManagerRatisServer omNode-1 at port 13440
2021-08-16 13:10:58,932 [Listener at 127.0.0.1/13436] INFO  server.RaftServer$Division (RaftServerImpl.java:start(296)) - omNode-1@group-523986131536: start as a follower, conf=-1: [omNode-1|rpc:localhost:13440|priority:0], old=null
2021-08-16 13:10:58,932 [Listener at 127.0.0.1/13436] INFO  server.RaftServer$Division (RaftServerImpl.java:setRole(285)) - omNode-1@group-523986131536: changes role from      null to FOLLOWER at term 0 for startAsFollower
2021-08-16 13:10:58,932 [Listener at 127.0.0.1/13436] INFO  impl.RoleInfo (RoleInfo.java:updateAndGet(130)) - omNode-1: start omNode-1@group-523986131536-FollowerState
2021-08-16 13:10:58,946 [Listener at 127.0.0.1/13436] INFO  util.JmxRegister (JmxRegister.java:tryRegister(44)) - Successfully registered JMX Bean with object name Ratis:service=RaftServer,group=group-523986131536,id=omNode-1
2021-08-16 13:10:58,961 [Listener at 127.0.0.1/13436] INFO  server.RaftServer (RaftServerProxy.java:lambda$start$5(374)) - omNode-1: start RPC server
2021-08-16 13:10:58,961 [Listener at 127.0.0.1/13436] INFO  server.GrpcService (GrpcService.java:startImpl(253)) - omNode-1: GrpcService started, listening on 13440
2021-08-16 13:10:58,970 [Listener at 127.0.0.1/13436] INFO  om.OzoneManager (OzoneManager.java:start(1288)) - Version File has different layout version (0) than OM DB (null). That is expected if this OM has never been finalized to a newer layout version.
2021-08-16 13:10:58,971 [org.apache.ratis.util.JvmPauseMonitor$$Lambda$499/1198442960@68852b5] INFO  util.JvmPauseMonitor (JvmPauseMonitor.java:run(103)) - JvmPauseMonitor-omNode-1: Started
2021-08-16 13:10:58,998 [Listener at 127.0.0.1/13436] INFO  http.BaseHttpServer (BaseHttpServer.java:newHttpServer2BuilderForOzone(209)) - Starting Web-server for ozoneManager at: http://0.0.0.0:13438
2021-08-16 13:10:58,998 [Listener at 127.0.0.1/13436] INFO  http.BaseHttpServer (BaseHttpServer.java:<init>(107)) - Hadoop Security Enabled: false Ozone Security Enabled: false Ozone HTTP Security Enabled: false 
2021-08-16 13:10:59,000 [Listener at 127.0.0.1/13436] INFO  server.AuthenticationFilter (AuthenticationFilter.java:constructSecretProvider(240)) - Unable to initialize FileSignerSecretProvider, falling back to use random secrets.
2021-08-16 13:10:59,006 [Listener at 127.0.0.1/13436] WARN  http.HttpRequestLog (HttpRequestLog.java:getRequestLog(103)) - Jetty request log can only be enabled using Log4j
2021-08-16 13:10:59,007 [Listener at 127.0.0.1/13436] INFO  http.HttpServer2 (HttpServer2.java:addGlobalFilter(1020)) - Added global filter 'safety' (class=org.apache.hadoop.hdds.server.http.HttpServer2$QuotingInputFilter)
2021-08-16 13:10:59,008 [Listener at 127.0.0.1/13436] INFO  http.HttpServer2 (HttpServer2.java:addFilter(996)) - Added filter static_user_filter (class=org.apache.hadoop.http.lib.StaticUserWebFilter$StaticUserFilter) to context ozoneManager
2021-08-16 13:10:59,008 [Listener at 127.0.0.1/13436] INFO  http.HttpServer2 (HttpServer2.java:addFilter(1004)) - Added filter static_user_filter (class=org.apache.hadoop.http.lib.StaticUserWebFilter$StaticUserFilter) to context logs
2021-08-16 13:10:59,008 [Listener at 127.0.0.1/13436] INFO  http.HttpServer2 (HttpServer2.java:addFilter(1004)) - Added filter static_user_filter (class=org.apache.hadoop.http.lib.StaticUserWebFilter$StaticUserFilter) to context static
2021-08-16 13:10:59,009 [Listener at 127.0.0.1/13436] INFO  http.HttpServer2 (HttpServer2.java:bindListener(1239)) - Jetty bound to port 13438
2021-08-16 13:10:59,009 [Listener at 127.0.0.1/13436] INFO  server.Server (Server.java:doStart(375)) - jetty-9.4.43.v20210629; built: 2021-06-30T11:07:22.254Z; git: 526006ecfa3af7f1a27ef3a288e2bef7ea9dd7e8; jvm 1.8.0_292-b10
2021-08-16 13:10:59,047 [Listener at 127.0.0.1/13436] INFO  server.session (DefaultSessionIdManager.java:doStart(334)) - DefaultSessionIdManager workerName=node0
2021-08-16 13:10:59,048 [Listener at 127.0.0.1/13436] INFO  server.session (DefaultSessionIdManager.java:doStart(339)) - No SessionScavenger set, using defaults
2021-08-16 13:10:59,048 [Listener at 127.0.0.1/13436] INFO  server.session (HouseKeeper.java:startScavenging(132)) - node0 Scavenging every 660000ms
2021-08-16 13:10:59,054 [Listener at 127.0.0.1/13436] INFO  handler.ContextHandler (ContextHandler.java:doStart(915)) - Started o.e.j.s.ServletContextHandler@5b5954bd{logs,/logs,file:///home/runner/work/ozone/ozone/hadoop-ozone/integration-test/target/log,AVAILABLE}
2021-08-16 13:10:59,055 [Listener at 127.0.0.1/13436] INFO  handler.ContextHandler (ContextHandler.java:doStart(915)) - Started o.e.j.s.ServletContextHandler@5035ce0b{static,/static,file:///home/runner/work/ozone/ozone/hadoop-ozone/integration-test/target/test-classes/webapps/static,AVAILABLE}
2021-08-16 13:10:59,059 [Listener at 127.0.0.1/13436] INFO  handler.ContextHandler (ContextHandler.java:doStart(915)) - Started o.e.j.w.WebAppContext@71140b11{ozoneManager,/,file:///home/runner/work/ozone/ozone/hadoop-ozone/integration-test/target/test-classes/webapps/ozoneManager/,AVAILABLE}{file:/home/runner/work/ozone/ozone/hadoop-ozone/integration-test/target/test-classes/webapps/ozoneManager}
2021-08-16 13:10:59,061 [Listener at 127.0.0.1/13436] INFO  server.AbstractConnector (AbstractConnector.java:doStart(331)) - Started ServerConnector@2dfab333{HTTP/1.1, (http/1.1)}{0.0.0.0:13438}
2021-08-16 13:10:59,061 [Listener at 127.0.0.1/13436] INFO  server.Server (Server.java:doStart(415)) - Started @76915ms
2021-08-16 13:10:59,061 [Listener at 127.0.0.1/13436] WARN  impl.MetricsSystemImpl (MetricsSystemImpl.java:register(279)) - Sink prometheus already exists!
2021-08-16 13:10:59,062 [Listener at 127.0.0.1/13436] INFO  http.BaseHttpServer (BaseHttpServer.java:updateConnectorAddress(329)) - HTTP server of ozoneManager listening at http://0.0.0.0:13438
2021-08-16 13:10:59,070 [IPC Server Responder] INFO  ipc.Server (Server.java:run(1507)) - IPC Server Responder: starting
2021-08-16 13:10:59,114 [IPC Server listener on 13436] INFO  ipc.Server (Server.java:run(1344)) - IPC Server listener on 13436: starting
2021-08-16 13:10:59,172 [Listener at 127.0.0.1/13436] INFO  om.OzoneManager (OzoneManager.java:startTrashEmptier(1531)) - Trash Interval set to 0. Files deleted will not move to trash
2021-08-16 13:10:59,174 [Listener at 127.0.0.1/13436] INFO  ozone.MiniOzoneHAClusterImpl (MiniOzoneHAClusterImpl.java:createOMService(484)) - Started OzoneManager omNode-1 RPC server at localhost/127.0.0.1:13436
2021-08-16 13:10:59,199 [Listener at 127.0.0.1/13436] WARN  impl.MetricRegistriesImpl (MetricRegistriesImpl.java:addReporterRegistration(111)) - New reporters are added after registries were created. Some metrics will be missing from the reporter. Please add reporter before adding any new registry.
2021-08-16 13:10:59,203 [Listener at 127.0.0.1/13436] WARN  impl.MetricRegistriesImpl (MetricRegistriesImpl.java:addReporterRegistration(111)) - New reporters are added after registries were created. Some metrics will be missing from the reporter. Please add reporter before adding any new registry.
2021-08-16 13:10:59,203 [Listener at 127.0.0.1/13436] INFO  impl.MetricsSystemImpl (MetricsSystemImpl.java:init(158)) - HddsDatanode metrics system started (again)
2021-08-16 13:10:59,200 [org.apache.hadoop.util.JvmPauseMonitor$Monitor@5dac5f72] INFO  util.JvmPauseMonitor (JvmPauseMonitor.java:run(188)) - Starting JVM pause monitor
2021-08-16 13:10:59,243 [Listener at 127.0.0.1/13436] INFO  ozone.HddsDatanodeService (HddsDatanodeService.java:start(234)) - HddsDatanodeService host:fv-az148-41.bm4ck3pvxvsene1rjriu5fhcdb.bx.internal.cloudapp.net ip:10.1.0.28
2021-08-16 13:10:59,634 [EndpointStateMachine task thread for /127.0.0.1:15281 - 0 ] INFO  ipc.Client (Client.java:handleConnectionFailure(977)) - Retrying connect to server: localhost/127.0.0.1:15281. Already tried 3 time(s); retry policy is RetryUpToMaximumCountWithFixedSleep(maxRetries=15, sleepTime=1000 MILLISECONDS)
2021-08-16 13:10:59,634 [EndpointStateMachine task thread for /127.0.0.1:15291 - 0 ] INFO  ipc.Client (Client.java:handleConnectionFailure(977)) - Retrying connect to server: localhost/127.0.0.1:15291. Already tried 3 time(s); retry policy is RetryUpToMaximumCountWithFixedSleep(maxRetries=15, sleepTime=1000 MILLISECONDS)
2021-08-16 13:10:59,634 [EndpointStateMachine task thread for /127.0.0.1:15301 - 0 ] INFO  ipc.Client (Client.java:handleConnectionFailure(977)) - Retrying connect to server: localhost/127.0.0.1:15301. Already tried 3 time(s); retry policy is RetryUpToMaximumCountWithFixedSleep(maxRetries=15, sleepTime=1000 MILLISECONDS)
2021-08-16 13:10:59,635 [org.apache.ratis.util.JvmPauseMonitor$$Lambda$499/1198442960@68852b5] WARN  util.JvmPauseMonitor (JvmPauseMonitor.java:detectPause(124)) - JvmPauseMonitor-omNode-1: Detected pause in JVM or host machine (eg GC): pause of approximately 164214988ns.
GC pool 'PS Scavenge' had collection(s): count=1 time=370ms
2021-08-16 13:10:59,635 [org.apache.ratis.util.JvmPauseMonitor$$Lambda$499/1198442960@54a1be3a] WARN  util.JvmPauseMonitor (JvmPauseMonitor.java:detectPause(124)) - JvmPauseMonitor-161c1ac7-ff07-4d6f-a20c-3f676ae8d443: Detected pause in JVM or host machine (eg GC): pause of approximately 173671413ns.
GC pool 'PS Scavenge' had collection(s): count=1 time=370ms
2021-08-16 13:10:59,636 [org.apache.ratis.util.JvmPauseMonitor$$Lambda$499/1198442960@a4664f3] WARN  util.JvmPauseMonitor (JvmPauseMonitor.java:detectPause(124)) - JvmPauseMonitor-f324fcdd-c742-4882-bf0f-17e5edd5a90a: Detected pause in JVM or host machine (eg GC): pause of approximately 273854534ns.
GC pool 'PS Scavenge' had collection(s): count=1 time=370ms
2021-08-16 13:10:59,637 [Listener at 127.0.0.1/13436] INFO  upgrade.AbstractLayoutVersionManager (AbstractLayoutVersionManager.java:init(70)) - Initializing Layout version manager with metadata layout = SCM_HA (version = 2), software layout = SCM_HA (version = 2)
2021-08-16 13:10:59,682 [Listener at 127.0.0.1/13436] INFO  reflections.Reflections (Reflections.java:scan(232)) - Reflections took 44 ms to scan 7 urls, producing 120 keys and 275 values 
2021-08-16 13:10:59,684 [Listener at 127.0.0.1/13436] INFO  ha.SCMNodeInfo (SCMNodeInfo.java:getPort(197)) - ConfigKey ozone.scm.client.address is deprecated, For configuring different ports for each SCM use PortConfigKey ozone.scm.client.port appended with serviceId and nodeId
2021-08-16 13:10:59,684 [Listener at 127.0.0.1/13436] INFO  ha.SCMNodeInfo (SCMNodeInfo.java:getPort(197)) - ConfigKey ozone.scm.block.client.address is deprecated, For configuring different ports for each SCM use PortConfigKey ozone.scm.block.client.port appended with serviceId and nodeId
2021-08-16 13:10:59,685 [Listener at 127.0.0.1/13436] INFO  ha.SCMNodeInfo (SCMNodeInfo.java:getPort(197)) - ConfigKey ozone.scm.datanode.address is deprecated, For configuring different ports for each SCM use PortConfigKey ozone.scm.datanode.port appended with serviceId and nodeId
2021-08-16 13:10:59,686 [Listener at 127.0.0.1/13436] INFO  ha.SCMNodeInfo (SCMNodeInfo.java:getPort(197)) - ConfigKey ozone.scm.client.address is deprecated, For configuring different ports for each SCM use PortConfigKey ozone.scm.client.port appended with serviceId and nodeId
2021-08-16 13:10:59,686 [Listener at 127.0.0.1/13436] INFO  ha.SCMNodeInfo (SCMNodeInfo.java:getPort(197)) - ConfigKey ozone.scm.block.client.address is deprecated, For configuring different ports for each SCM use PortConfigKey ozone.scm.block.client.port appended with serviceId and nodeId
2021-08-16 13:10:59,687 [Listener at 127.0.0.1/13436] INFO  ha.SCMNodeInfo (SCMNodeInfo.java:getPort(197)) - ConfigKey ozone.scm.datanode.address is deprecated, For configuring different ports for each SCM use PortConfigKey ozone.scm.datanode.port appended with serviceId and nodeId
2021-08-16 13:10:59,687 [Listener at 127.0.0.1/13436] INFO  ha.SCMNodeInfo (SCMNodeInfo.java:getPort(197)) - ConfigKey ozone.scm.client.address is deprecated, For configuring different ports for each SCM use PortConfigKey ozone.scm.client.port appended with serviceId and nodeId
2021-08-16 13:10:59,687 [Listener at 127.0.0.1/13436] INFO  ha.SCMNodeInfo (SCMNodeInfo.java:getPort(197)) - ConfigKey ozone.scm.block.client.address is deprecated, For configuring different ports for each SCM use PortConfigKey ozone.scm.block.client.port appended with serviceId and nodeId
2021-08-16 13:10:59,687 [Listener at 127.0.0.1/13436] INFO  ha.SCMNodeInfo (SCMNodeInfo.java:getPort(197)) - ConfigKey ozone.scm.datanode.address is deprecated, For configuring different ports for each SCM use PortConfigKey ozone.scm.datanode.port appended with serviceId and nodeId
2021-08-16 13:10:59,691 [Listener at 127.0.0.1/13436] INFO  volume.HddsVolume (HddsVolume.java:<init>(120)) - Creating HddsVolume: /home/runner/work/ozone/ozone/hadoop-ozone/integration-test/target/test-dir/MiniOzoneClusterImpl-d497f94c-0a77-40f1-b0c4-d45398a5843a/datanode-0/data-0/containers/hdds of storage type : DISK capacity : 9223372036854775807
2021-08-16 13:10:59,692 [Listener at 127.0.0.1/13436] INFO  volume.MutableVolumeSet (MutableVolumeSet.java:initializeVolumeSet(181)) - Added Volume : /home/runner/work/ozone/ozone/hadoop-ozone/integration-test/target/test-dir/MiniOzoneClusterImpl-d497f94c-0a77-40f1-b0c4-d45398a5843a/datanode-0/data-0/containers/hdds to VolumeSet
2021-08-16 13:10:59,692 [Listener at 127.0.0.1/13436] INFO  volume.ThrottledAsyncChecker (ThrottledAsyncChecker.java:schedule(141)) - Scheduling a check for /home/runner/work/ozone/ozone/hadoop-ozone/integration-test/target/test-dir/MiniOzoneClusterImpl-d497f94c-0a77-40f1-b0c4-d45398a5843a/datanode-0/data-0/containers/hdds
2021-08-16 13:10:59,700 [Listener at 127.0.0.1/13436] INFO  volume.StorageVolumeChecker (StorageVolumeChecker.java:checkAllVolumes(202)) - Scheduled health check for volume /home/runner/work/ozone/ozone/hadoop-ozone/integration-test/target/test-dir/MiniOzoneClusterImpl-d497f94c-0a77-40f1-b0c4-d45398a5843a/datanode-0/data-0/containers/hdds
2021-08-16 13:10:59,713 [Listener at 127.0.0.1/13436] INFO  volume.MutableVolumeSet (MutableVolumeSet.java:initializeVolumeSet(181)) - Added Volume : /home/runner/work/ozone/ozone/hadoop-ozone/integration-test/target/test-dir/MiniOzoneClusterImpl-d497f94c-0a77-40f1-b0c4-d45398a5843a/datanode-0/data/ratis to VolumeSet
2021-08-16 13:10:59,714 [Listener at 127.0.0.1/13436] INFO  volume.ThrottledAsyncChecker (ThrottledAsyncChecker.java:schedule(141)) - Scheduling a check for /home/runner/work/ozone/ozone/hadoop-ozone/integration-test/target/test-dir/MiniOzoneClusterImpl-d497f94c-0a77-40f1-b0c4-d45398a5843a/datanode-0/data/ratis
2021-08-16 13:10:59,714 [Listener at 127.0.0.1/13436] INFO  volume.StorageVolumeChecker (StorageVolumeChecker.java:checkAllVolumes(202)) - Scheduled health check for volume /home/runner/work/ozone/ozone/hadoop-ozone/integration-test/target/test-dir/MiniOzoneClusterImpl-d497f94c-0a77-40f1-b0c4-d45398a5843a/datanode-0/data/ratis
2021-08-16 13:10:59,726 [Listener at 127.0.0.1/13436] INFO  ozoneimpl.ContainerReader (ContainerReader.java:<init>(98)) - Running in upgrade mode:true
2021-08-16 13:10:59,735 [Thread-1439] INFO  ozoneimpl.ContainerReader (ContainerReader.java:readVolume(142)) - Start to verify containers on volume /home/runner/work/ozone/ozone/hadoop-ozone/integration-test/target/test-dir/MiniOzoneClusterImpl-d497f94c-0a77-40f1-b0c4-d45398a5843a/datanode-0/data-0/containers/hdds
2021-08-16 13:10:59,735 [Thread-1439] INFO  ozoneimpl.ContainerReader (ContainerReader.java:readVolume(174)) - Finish verifying containers on volume /home/runner/work/ozone/ozone/hadoop-ozone/integration-test/target/test-dir/MiniOzoneClusterImpl-d497f94c-0a77-40f1-b0c4-d45398a5843a/datanode-0/data-0/containers/hdds
2021-08-16 13:10:59,735 [Listener at 127.0.0.1/13436] INFO  ozoneimpl.OzoneContainer (OzoneContainer.java:buildContainerSet(237)) - Build ContainerSet costs 0s
2021-08-16 13:10:59,737 [Listener at 127.0.0.1/13436] INFO  server.RaftServer (ConfUtils.java:logGet(44)) - raft.rpc.type = GRPC (default)
2021-08-16 13:10:59,738 [Listener at 127.0.0.1/13436] INFO  grpc.GrpcFactory (GrpcFactory.java:checkPooledByteBufAllocatorUseCacheForAllThreads(48)) - PERFORMANCE WARNING: useCacheForAllThreads is true that may cause Netty to create a lot garbage objects and, as a result, trigger GC.
	It is recommended to disable useCacheForAllThreads by setting -Dorg.apache.ratis.thirdparty.io.netty.allocator.useCacheForAllThreads=false in command line.
2021-08-16 13:10:59,738 [Listener at 127.0.0.1/13436] INFO  grpc.GrpcConfigKeys (ConfUtils.java:logGet(44)) - raft.grpc.admin.port = 0 (custom)
2021-08-16 13:10:59,738 [Listener at 127.0.0.1/13436] INFO  grpc.GrpcConfigKeys (ConfUtils.java:logGet(44)) - raft.grpc.client.port = 0 (custom)
2021-08-16 13:10:59,738 [Listener at 127.0.0.1/13436] INFO  grpc.GrpcConfigKeys (ConfUtils.java:logGet(44)) - raft.grpc.server.port = 0 (default)
2021-08-16 13:10:59,738 [Listener at 127.0.0.1/13436] INFO  server.GrpcService (ConfUtils.java:logGet(44)) - raft.grpc.message.size.max = 32MB (=33554432) (custom)
2021-08-16 13:10:59,738 [Listener at 127.0.0.1/13436] INFO  server.RaftServerConfigKeys (ConfUtils.java:logGet(44)) - raft.server.log.appender.buffer.byte-limit = 33554432 (custom)
2021-08-16 13:10:59,738 [Listener at 127.0.0.1/13436] INFO  server.GrpcService (ConfUtils.java:logGet(44)) - raft.grpc.flow.control.window = 5MB (=5242880) (custom)
2021-08-16 13:10:59,739 [Listener at 127.0.0.1/13436] INFO  server.RaftServerConfigKeys (ConfUtils.java:logGet(44)) - raft.server.rpc.request.timeout = 60s (custom)
2021-08-16 13:10:59,739 [Listener at 127.0.0.1/13436] INFO  impl.DataStreamServerImpl (ConfUtils.java:logGet(44)) - raft.datastream.type = DISABLED (default)
2021-08-16 13:10:59,740 [Listener at 127.0.0.1/13436] INFO  server.RaftServerConfigKeys (ConfUtils.java:logGet(44)) - raft.server.rpc.slowness.timeout = 300s (custom)
2021-08-16 13:10:59,740 [Listener at 127.0.0.1/13436] INFO  server.RaftServerConfigKeys (ConfUtils.java:logGet(44)) - raft.server.leaderelection.leader.step-down.wait-time = 10s (default)
2021-08-16 13:10:59,740 [Listener at 127.0.0.1/13436] INFO  server.RaftServerConfigKeys (ConfUtils.java:logGet(44)) - raft.server.storage.dir = [/home/runner/work/ozone/ozone/hadoop-ozone/integration-test/target/test-dir/MiniOzoneClusterImpl-d497f94c-0a77-40f1-b0c4-d45398a5843a/datanode-0/data/ratis] (custom)
2021-08-16 13:10:59,747 [Listener at 127.0.0.1/13436] INFO  http.BaseHttpServer (BaseHttpServer.java:newHttpServer2BuilderForOzone(209)) - Starting Web-server for hddsDatanode at: http://0.0.0.0:0
2021-08-16 13:10:59,747 [Listener at 127.0.0.1/13436] INFO  http.BaseHttpServer (BaseHttpServer.java:<init>(107)) - Hadoop Security Enabled: false Ozone Security Enabled: false Ozone HTTP Security Enabled: false 
2021-08-16 13:10:59,748 [Listener at 127.0.0.1/13436] INFO  server.AuthenticationFilter (AuthenticationFilter.java:constructSecretProvider(240)) - Unable to initialize FileSignerSecretProvider, falling back to use random secrets.
2021-08-16 13:10:59,751 [Listener at 127.0.0.1/13436] WARN  http.HttpRequestLog (HttpRequestLog.java:getRequestLog(103)) - Jetty request log can only be enabled using Log4j
2021-08-16 13:10:59,752 [Listener at 127.0.0.1/13436] INFO  http.HttpServer2 (HttpServer2.java:addGlobalFilter(1020)) - Added global filter 'safety' (class=org.apache.hadoop.hdds.server.http.HttpServer2$QuotingInputFilter)
2021-08-16 13:10:59,754 [Listener at 127.0.0.1/13436] INFO  http.HttpServer2 (HttpServer2.java:addFilter(996)) - Added filter static_user_filter (class=org.apache.hadoop.http.lib.StaticUserWebFilter$StaticUserFilter) to context hddsDatanode
2021-08-16 13:10:59,754 [Listener at 127.0.0.1/13436] INFO  http.HttpServer2 (HttpServer2.java:addFilter(1004)) - Added filter static_user_filter (class=org.apache.hadoop.http.lib.StaticUserWebFilter$StaticUserFilter) to context logs
2021-08-16 13:10:59,755 [Listener at 127.0.0.1/13436] INFO  http.HttpServer2 (HttpServer2.java:addFilter(1004)) - Added filter static_user_filter (class=org.apache.hadoop.http.lib.StaticUserWebFilter$StaticUserFilter) to context static
2021-08-16 13:10:59,755 [Listener at 127.0.0.1/13436] INFO  http.HttpServer2 (HttpServer2.java:bindListener(1239)) - Jetty bound to port 41585
2021-08-16 13:10:59,755 [Listener at 127.0.0.1/13436] INFO  server.Server (Server.java:doStart(375)) - jetty-9.4.43.v20210629; built: 2021-06-30T11:07:22.254Z; git: 526006ecfa3af7f1a27ef3a288e2bef7ea9dd7e8; jvm 1.8.0_292-b10
2021-08-16 13:10:59,763 [Listener at 127.0.0.1/13436] INFO  server.session (DefaultSessionIdManager.java:doStart(334)) - DefaultSessionIdManager workerName=node0
2021-08-16 13:10:59,763 [Listener at 127.0.0.1/13436] INFO  server.session (DefaultSessionIdManager.java:doStart(339)) - No SessionScavenger set, using defaults
2021-08-16 13:10:59,763 [Listener at 127.0.0.1/13436] INFO  server.session (HouseKeeper.java:startScavenging(132)) - node0 Scavenging every 600000ms
2021-08-16 13:10:59,764 [Listener at 127.0.0.1/13436] INFO  handler.ContextHandler (ContextHandler.java:doStart(915)) - Started o.e.j.s.ServletContextHandler@6bb4568{logs,/logs,file:///home/runner/work/ozone/ozone/hadoop-ozone/integration-test/target/log,AVAILABLE}
2021-08-16 13:10:59,764 [Listener at 127.0.0.1/13436] INFO  handler.ContextHandler (ContextHandler.java:doStart(915)) - Started o.e.j.s.ServletContextHandler@63828988{static,/static,jar:file:/home/runner/.m2/repository/org/apache/ozone/hdds-container-service/1.2.0-SNAPSHOT/hdds-container-service-1.2.0-SNAPSHOT.jar!/webapps/static,AVAILABLE}
2021-08-16 13:10:59,819 [Listener at 127.0.0.1/13436] INFO  handler.ContextHandler (ContextHandler.java:doStart(915)) - Started o.e.j.w.WebAppContext@6f856849{hddsDatanode,/,file:///tmp/jetty-0_0_0_0-41585-hdds-container-service-1_2_0-SNAPSHOT_jar-_-any-1267785693777576725/webapp/,AVAILABLE}{jar:file:/home/runner/.m2/repository/org/apache/ozone/hdds-container-service/1.2.0-SNAPSHOT/hdds-container-service-1.2.0-SNAPSHOT.jar!/webapps/hddsDatanode}
2021-08-16 13:10:59,821 [Listener at 127.0.0.1/13436] INFO  server.AbstractConnector (AbstractConnector.java:doStart(331)) - Started ServerConnector@66a3ca04{HTTP/1.1, (http/1.1)}{0.0.0.0:41585}
2021-08-16 13:10:59,821 [Listener at 127.0.0.1/13436] INFO  server.Server (Server.java:doStart(415)) - Started @77675ms
2021-08-16 13:10:59,821 [Listener at 127.0.0.1/13436] WARN  impl.MetricsSystemImpl (MetricsSystemImpl.java:register(279)) - Sink prometheus already exists!
2021-08-16 13:10:59,822 [Listener at 127.0.0.1/13436] INFO  http.BaseHttpServer (BaseHttpServer.java:updateConnectorAddress(329)) - HTTP server of hddsDatanode listening at http://0.0.0.0:41585
2021-08-16 13:10:59,822 [Listener at 127.0.0.1/13436] WARN  impl.MetricRegistriesImpl (MetricRegistriesImpl.java:addReporterRegistration(111)) - New reporters are added after registries were created. Some metrics will be missing from the reporter. Please add reporter before adding any new registry.
2021-08-16 13:10:59,822 [Listener at 127.0.0.1/13436] WARN  impl.MetricRegistriesImpl (MetricRegistriesImpl.java:addReporterRegistration(111)) - New reporters are added after registries were created. Some metrics will be missing from the reporter. Please add reporter before adding any new registry.
2021-08-16 13:10:59,823 [Listener at 127.0.0.1/13436] INFO  impl.MetricsSystemImpl (MetricsSystemImpl.java:init(158)) - HddsDatanode metrics system started (again)
2021-08-16 13:10:59,844 [Listener at 127.0.0.1/13436] INFO  ozone.HddsDatanodeService (HddsDatanodeService.java:start(234)) - HddsDatanodeService host:fv-az148-41.bm4ck3pvxvsene1rjriu5fhcdb.bx.internal.cloudapp.net ip:10.1.0.28
2021-08-16 13:10:59,895 [org.apache.hadoop.util.JvmPauseMonitor$Monitor@623c91ea] INFO  util.JvmPauseMonitor (JvmPauseMonitor.java:run(188)) - Starting JVM pause monitor
2021-08-16 13:10:59,895 [Listener at 127.0.0.1/13436] INFO  upgrade.AbstractLayoutVersionManager (AbstractLayoutVersionManager.java:init(70)) - Initializing Layout version manager with metadata layout = SCM_HA (version = 2), software layout = SCM_HA (version = 2)
2021-08-16 13:10:59,902 [Datanode State Machine Task Thread - 0] INFO  ha.SCMNodeInfo (SCMNodeInfo.java:getPort(197)) - ConfigKey ozone.scm.client.address is deprecated, For configuring different ports for each SCM use PortConfigKey ozone.scm.client.port appended with serviceId and nodeId
2021-08-16 13:10:59,902 [Datanode State Machine Task Thread - 0] INFO  ha.SCMNodeInfo (SCMNodeInfo.java:getPort(197)) - ConfigKey ozone.scm.block.client.address is deprecated, For configuring different ports for each SCM use PortConfigKey ozone.scm.block.client.port appended with serviceId and nodeId
2021-08-16 13:10:59,902 [Datanode State Machine Task Thread - 0] INFO  ha.SCMNodeInfo (SCMNodeInfo.java:getPort(197)) - ConfigKey ozone.scm.datanode.address is deprecated, For configuring different ports for each SCM use PortConfigKey ozone.scm.datanode.port appended with serviceId and nodeId
2021-08-16 13:10:59,902 [Datanode State Machine Task Thread - 0] INFO  ha.SCMNodeInfo (SCMNodeInfo.java:getPort(197)) - ConfigKey ozone.scm.client.address is deprecated, For configuring different ports for each SCM use PortConfigKey ozone.scm.client.port appended with serviceId and nodeId
2021-08-16 13:10:59,903 [Datanode State Machine Task Thread - 0] INFO  ha.SCMNodeInfo (SCMNodeInfo.java:getPort(197)) - ConfigKey ozone.scm.block.client.address is deprecated, For configuring different ports for each SCM use PortConfigKey ozone.scm.block.client.port appended with serviceId and nodeId
2021-08-16 13:10:59,903 [Datanode State Machine Task Thread - 0] INFO  ha.SCMNodeInfo (SCMNodeInfo.java:getPort(197)) - ConfigKey ozone.scm.datanode.address is deprecated, For configuring different ports for each SCM use PortConfigKey ozone.scm.datanode.port appended with serviceId and nodeId
2021-08-16 13:10:59,903 [Datanode State Machine Task Thread - 0] INFO  ha.SCMNodeInfo (SCMNodeInfo.java:getPort(197)) - ConfigKey ozone.scm.client.address is deprecated, For configuring different ports for each SCM use PortConfigKey ozone.scm.client.port appended with serviceId and nodeId
2021-08-16 13:10:59,903 [Datanode State Machine Task Thread - 0] INFO  ha.SCMNodeInfo (SCMNodeInfo.java:getPort(197)) - ConfigKey ozone.scm.block.client.address is deprecated, For configuring different ports for each SCM use PortConfigKey ozone.scm.block.client.port appended with serviceId and nodeId
2021-08-16 13:10:59,903 [Datanode State Machine Task Thread - 0] INFO  ha.SCMNodeInfo (SCMNodeInfo.java:getPort(197)) - ConfigKey ozone.scm.datanode.address is deprecated, For configuring different ports for each SCM use PortConfigKey ozone.scm.datanode.port appended with serviceId and nodeId
2021-08-16 13:10:59,904 [Datanode State Machine Task Thread - 0] INFO  datanode.InitDatanodeState (InitDatanodeState.java:persistContainerDatanodeDetails(145)) - DatanodeDetails is persisted to /home/runner/work/ozone/ozone/hadoop-ozone/integration-test/target/test-dir/MiniOzoneClusterImpl-d497f94c-0a77-40f1-b0c4-d45398a5843a/datanode-0/meta/datanode.id
2021-08-16 13:10:59,971 [omNode-1@group-523986131536-FollowerState] INFO  impl.FollowerState (FollowerState.java:run(134)) - omNode-1@group-523986131536-FollowerState: change to CANDIDATE, lastRpcElapsedTime:1038655530ns, electionTimeout:1009ms
2021-08-16 13:10:59,971 [omNode-1@group-523986131536-FollowerState] INFO  impl.RoleInfo (RoleInfo.java:shutdownFollowerState(108)) - omNode-1: shutdown omNode-1@group-523986131536-FollowerState
2021-08-16 13:10:59,971 [omNode-1@group-523986131536-FollowerState] INFO  server.RaftServer$Division (RaftServerImpl.java:setRole(285)) - omNode-1@group-523986131536: changes role from  FOLLOWER to CANDIDATE at term 0 for changeToCandidate
2021-08-16 13:10:59,971 [omNode-1@group-523986131536-FollowerState] INFO  server.RaftServerConfigKeys (ConfUtils.java:logGet(44)) - raft.server.leaderelection.pre-vote = false (custom)
2021-08-16 13:10:59,971 [omNode-1@group-523986131536-FollowerState] INFO  impl.RoleInfo (RoleInfo.java:updateAndGet(130)) - omNode-1: start omNode-1@group-523986131536-LeaderElection16
2021-08-16 13:11:00,019 [omNode-1@group-523986131536-LeaderElection16] INFO  impl.LeaderElection (LeaderElection.java:askForVotes(306)) - omNode-1@group-523986131536-LeaderElection16 ELECTION round 0: submit vote requests at term 1 for -1: [omNode-1|rpc:localhost:13440|priority:0], old=null
2021-08-16 13:11:00,019 [omNode-1@group-523986131536-LeaderElection16] INFO  impl.LeaderElection (LeaderElection.java:askForVotes(308)) - omNode-1@group-523986131536-LeaderElection16 ELECTION round 0: result PASSED (term=1)
2021-08-16 13:11:00,019 [omNode-1@group-523986131536-LeaderElection16] INFO  impl.RoleInfo (RoleInfo.java:shutdownLeaderElection(121)) - omNode-1: shutdown omNode-1@group-523986131536-LeaderElection16
2021-08-16 13:11:00,020 [omNode-1@group-523986131536-LeaderElection16] INFO  server.RaftServer$Division (RaftServerImpl.java:setRole(285)) - omNode-1@group-523986131536: changes role from CANDIDATE to LEADER at term 1 for changeToLeader
2021-08-16 13:11:00,020 [omNode-1@group-523986131536-LeaderElection16] INFO  server.RaftServer$Division (ServerState.java:setLeader(285)) - omNode-1@group-523986131536: change Leader from null to omNode-1 at term 1 for becomeLeader, leader elected after 1155ms
2021-08-16 13:11:00,020 [omNode-1@group-523986131536-LeaderElection16] INFO  server.RaftServerConfigKeys (ConfUtils.java:logGet(44)) - raft.server.staging.catchup.gap = 1000 (default)
2021-08-16 13:11:00,020 [omNode-1@group-523986131536-LeaderElection16] INFO  server.RaftServerConfigKeys (ConfUtils.java:logGet(44)) - raft.server.write.element-limit = 4096 (default)
2021-08-16 13:11:00,020 [omNode-1@group-523986131536-LeaderElection16] INFO  server.RaftServerConfigKeys (ConfUtils.java:logGet(44)) - raft.server.write.byte-limit = 64MB (=67108864) (default)
2021-08-16 13:11:00,021 [omNode-1@group-523986131536-LeaderElection16] INFO  server.RaftServerConfigKeys (ConfUtils.java:logGet(44)) - raft.server.watch.timeout = 10s (default)
2021-08-16 13:11:00,021 [omNode-1@group-523986131536-LeaderElection16] INFO  server.RaftServerConfigKeys (ConfUtils.java:logGet(44)) - raft.server.watch.timeout.denomination = 1s (default)
2021-08-16 13:11:00,021 [omNode-1@group-523986131536-LeaderElection16] INFO  server.RaftServerConfigKeys (ConfUtils.java:logGet(44)) - raft.server.watch.element-limit = 65536 (default)
2021-08-16 13:11:00,021 [omNode-1@group-523986131536-LeaderElection16] INFO  impl.RoleInfo (RoleInfo.java:updateAndGet(130)) - omNode-1: start omNode-1@group-523986131536-LeaderStateImpl
2021-08-16 13:11:00,021 [omNode-1@group-523986131536-LeaderElection16] INFO  segmented.SegmentedRaftLogWorker (SegmentedRaftLogWorker.java:startLogSegment(394)) - omNode-1@group-523986131536-SegmentedRaftLogWorker: Starting segment from index:0
2021-08-16 13:11:00,027 [Listener at 127.0.0.1/13436] INFO  reflections.Reflections (Reflections.java:scan(232)) - Reflections took 131 ms to scan 7 urls, producing 120 keys and 275 values 
2021-08-16 13:11:00,030 [Listener at 127.0.0.1/13436] INFO  ha.SCMNodeInfo (SCMNodeInfo.java:getPort(197)) - ConfigKey ozone.scm.client.address is deprecated, For configuring different ports for each SCM use PortConfigKey ozone.scm.client.port appended with serviceId and nodeId
2021-08-16 13:11:00,030 [Listener at 127.0.0.1/13436] INFO  ha.SCMNodeInfo (SCMNodeInfo.java:getPort(197)) - ConfigKey ozone.scm.block.client.address is deprecated, For configuring different ports for each SCM use PortConfigKey ozone.scm.block.client.port appended with serviceId and nodeId
2021-08-16 13:11:00,030 [Listener at 127.0.0.1/13436] INFO  ha.SCMNodeInfo (SCMNodeInfo.java:getPort(197)) - ConfigKey ozone.scm.datanode.address is deprecated, For configuring different ports for each SCM use PortConfigKey ozone.scm.datanode.port appended with serviceId and nodeId
2021-08-16 13:11:00,030 [Listener at 127.0.0.1/13436] INFO  ha.SCMNodeInfo (SCMNodeInfo.java:getPort(197)) - ConfigKey ozone.scm.client.address is deprecated, For configuring different ports for each SCM use PortConfigKey ozone.scm.client.port appended with serviceId and nodeId
2021-08-16 13:11:00,030 [omNode-1@group-523986131536-SegmentedRaftLogWorker] INFO  segmented.SegmentedRaftLogWorker (SegmentedRaftLogWorker.java:execute(601)) - omNode-1@group-523986131536-SegmentedRaftLogWorker: created new log segment /home/runner/work/ozone/ozone/hadoop-ozone/integration-test/target/test-dir/MiniOzoneClusterImpl-d497f94c-0a77-40f1-b0c4-d45398a5843a/omNode-1/ratis/c9bc4cf4-3bc3-3c60-a66b-523986131536/current/log_inprogress_0
2021-08-16 13:11:00,036 [Listener at 127.0.0.1/13436] INFO  ha.SCMNodeInfo (SCMNodeInfo.java:getPort(197)) - ConfigKey ozone.scm.block.client.address is deprecated, For configuring different ports for each SCM use PortConfigKey ozone.scm.block.client.port appended with serviceId and nodeId
2021-08-16 13:11:00,036 [Listener at 127.0.0.1/13436] INFO  ha.SCMNodeInfo (SCMNodeInfo.java:getPort(197)) - ConfigKey ozone.scm.datanode.address is deprecated, For configuring different ports for each SCM use PortConfigKey ozone.scm.datanode.port appended with serviceId and nodeId
2021-08-16 13:11:00,036 [Listener at 127.0.0.1/13436] INFO  ha.SCMNodeInfo (SCMNodeInfo.java:getPort(197)) - ConfigKey ozone.scm.client.address is deprecated, For configuring different ports for each SCM use PortConfigKey ozone.scm.client.port appended with serviceId and nodeId
2021-08-16 13:11:00,036 [Listener at 127.0.0.1/13436] INFO  ha.SCMNodeInfo (SCMNodeInfo.java:getPort(197)) - ConfigKey ozone.scm.block.client.address is deprecated, For configuring different ports for each SCM use PortConfigKey ozone.scm.block.client.port appended with serviceId and nodeId
2021-08-16 13:11:00,036 [Listener at 127.0.0.1/13436] INFO  ha.SCMNodeInfo (SCMNodeInfo.java:getPort(197)) - ConfigKey ozone.scm.datanode.address is deprecated, For configuring different ports for each SCM use PortConfigKey ozone.scm.datanode.port appended with serviceId and nodeId
2021-08-16 13:11:00,045 [omNode-1@group-523986131536-LeaderElection16] INFO  server.RaftServer$Division (ServerState.java:setRaftConf(387)) - omNode-1@group-523986131536: set configuration 0: [omNode-1|rpc:localhost:13440|admin:|client:|dataStream:|priority:0], old=null
2021-08-16 13:11:00,046 [Listener at 127.0.0.1/13436] INFO  volume.HddsVolume (HddsVolume.java:<init>(120)) - Creating HddsVolume: /home/runner/work/ozone/ozone/hadoop-ozone/integration-test/target/test-dir/MiniOzoneClusterImpl-d497f94c-0a77-40f1-b0c4-d45398a5843a/datanode-1/data-0/containers/hdds of storage type : DISK capacity : 9223372036854775807
2021-08-16 13:11:00,046 [Listener at 127.0.0.1/13436] INFO  volume.MutableVolumeSet (MutableVolumeSet.java:initializeVolumeSet(181)) - Added Volume : /home/runner/work/ozone/ozone/hadoop-ozone/integration-test/target/test-dir/MiniOzoneClusterImpl-d497f94c-0a77-40f1-b0c4-d45398a5843a/datanode-1/data-0/containers/hdds to VolumeSet
2021-08-16 13:11:00,046 [Listener at 127.0.0.1/13436] INFO  volume.ThrottledAsyncChecker (ThrottledAsyncChecker.java:schedule(141)) - Scheduling a check for /home/runner/work/ozone/ozone/hadoop-ozone/integration-test/target/test-dir/MiniOzoneClusterImpl-d497f94c-0a77-40f1-b0c4-d45398a5843a/datanode-1/data-0/containers/hdds
2021-08-16 13:11:00,048 [Listener at 127.0.0.1/13436] INFO  volume.StorageVolumeChecker (StorageVolumeChecker.java:checkAllVolumes(202)) - Scheduled health check for volume /home/runner/work/ozone/ozone/hadoop-ozone/integration-test/target/test-dir/MiniOzoneClusterImpl-d497f94c-0a77-40f1-b0c4-d45398a5843a/datanode-1/data-0/containers/hdds
2021-08-16 13:11:00,058 [omNode-1@group-523986131536-StateMachineUpdater] INFO  ratis.OzoneManagerStateMachine (OzoneManagerStateMachine.java:notifyConfigurationChanged(188)) - Received Configuration change notification from Ratis. New Peer list:
[id: "omNode-1"
address: "localhost:13440"
]
2021-08-16 13:11:00,090 [Listener at 127.0.0.1/13436] INFO  volume.MutableVolumeSet (MutableVolumeSet.java:initializeVolumeSet(181)) - Added Volume : /home/runner/work/ozone/ozone/hadoop-ozone/integration-test/target/test-dir/MiniOzoneClusterImpl-d497f94c-0a77-40f1-b0c4-d45398a5843a/datanode-1/data/ratis to VolumeSet
2021-08-16 13:11:00,090 [Listener at 127.0.0.1/13436] INFO  volume.ThrottledAsyncChecker (ThrottledAsyncChecker.java:schedule(141)) - Scheduling a check for /home/runner/work/ozone/ozone/hadoop-ozone/integration-test/target/test-dir/MiniOzoneClusterImpl-d497f94c-0a77-40f1-b0c4-d45398a5843a/datanode-1/data/ratis
2021-08-16 13:11:00,090 [Listener at 127.0.0.1/13436] INFO  volume.StorageVolumeChecker (StorageVolumeChecker.java:checkAllVolumes(202)) - Scheduled health check for volume /home/runner/work/ozone/ozone/hadoop-ozone/integration-test/target/test-dir/MiniOzoneClusterImpl-d497f94c-0a77-40f1-b0c4-d45398a5843a/datanode-1/data/ratis
2021-08-16 13:11:00,110 [Listener at 127.0.0.1/13436] INFO  ozoneimpl.ContainerReader (ContainerReader.java:<init>(98)) - Running in upgrade mode:true
2021-08-16 13:11:00,124 [Thread-1453] INFO  ozoneimpl.ContainerReader (ContainerReader.java:readVolume(142)) - Start to verify containers on volume /home/runner/work/ozone/ozone/hadoop-ozone/integration-test/target/test-dir/MiniOzoneClusterImpl-d497f94c-0a77-40f1-b0c4-d45398a5843a/datanode-1/data-0/containers/hdds
2021-08-16 13:11:00,124 [Thread-1453] INFO  ozoneimpl.ContainerReader (ContainerReader.java:readVolume(174)) - Finish verifying containers on volume /home/runner/work/ozone/ozone/hadoop-ozone/integration-test/target/test-dir/MiniOzoneClusterImpl-d497f94c-0a77-40f1-b0c4-d45398a5843a/datanode-1/data-0/containers/hdds
2021-08-16 13:11:00,124 [Listener at 127.0.0.1/13436] INFO  ozoneimpl.OzoneContainer (OzoneContainer.java:buildContainerSet(237)) - Build ContainerSet costs 0s
2021-08-16 13:11:00,128 [Listener at 127.0.0.1/13436] INFO  server.RaftServer (ConfUtils.java:logGet(44)) - raft.rpc.type = GRPC (default)
2021-08-16 13:11:00,128 [Listener at 127.0.0.1/13436] INFO  grpc.GrpcFactory (GrpcFactory.java:checkPooledByteBufAllocatorUseCacheForAllThreads(48)) - PERFORMANCE WARNING: useCacheForAllThreads is true that may cause Netty to create a lot garbage objects and, as a result, trigger GC.
	It is recommended to disable useCacheForAllThreads by setting -Dorg.apache.ratis.thirdparty.io.netty.allocator.useCacheForAllThreads=false in command line.
2021-08-16 13:11:00,131 [Listener at 127.0.0.1/13436] INFO  grpc.GrpcConfigKeys (ConfUtils.java:logGet(44)) - raft.grpc.admin.port = 0 (custom)
2021-08-16 13:11:00,131 [Listener at 127.0.0.1/13436] INFO  grpc.GrpcConfigKeys (ConfUtils.java:logGet(44)) - raft.grpc.client.port = 0 (custom)
2021-08-16 13:11:00,131 [Listener at 127.0.0.1/13436] INFO  grpc.GrpcConfigKeys (ConfUtils.java:logGet(44)) - raft.grpc.server.port = 0 (default)
2021-08-16 13:11:00,131 [Listener at 127.0.0.1/13436] INFO  server.GrpcService (ConfUtils.java:logGet(44)) - raft.grpc.message.size.max = 32MB (=33554432) (custom)
2021-08-16 13:11:00,132 [Listener at 127.0.0.1/13436] INFO  server.RaftServerConfigKeys (ConfUtils.java:logGet(44)) - raft.server.log.appender.buffer.byte-limit = 33554432 (custom)
2021-08-16 13:11:00,132 [Listener at 127.0.0.1/13436] INFO  server.GrpcService (ConfUtils.java:logGet(44)) - raft.grpc.flow.control.window = 5MB (=5242880) (custom)
2021-08-16 13:11:00,132 [Listener at 127.0.0.1/13436] INFO  server.RaftServerConfigKeys (ConfUtils.java:logGet(44)) - raft.server.rpc.request.timeout = 60s (custom)
2021-08-16 13:11:00,133 [Listener at 127.0.0.1/13436] INFO  impl.DataStreamServerImpl (ConfUtils.java:logGet(44)) - raft.datastream.type = DISABLED (default)
2021-08-16 13:11:00,133 [Listener at 127.0.0.1/13436] INFO  server.RaftServerConfigKeys (ConfUtils.java:logGet(44)) - raft.server.rpc.slowness.timeout = 300s (custom)
2021-08-16 13:11:00,133 [Listener at 127.0.0.1/13436] INFO  server.RaftServerConfigKeys (ConfUtils.java:logGet(44)) - raft.server.leaderelection.leader.step-down.wait-time = 10s (default)
2021-08-16 13:11:00,133 [Listener at 127.0.0.1/13436] INFO  server.RaftServerConfigKeys (ConfUtils.java:logGet(44)) - raft.server.storage.dir = [/home/runner/work/ozone/ozone/hadoop-ozone/integration-test/target/test-dir/MiniOzoneClusterImpl-d497f94c-0a77-40f1-b0c4-d45398a5843a/datanode-1/data/ratis] (custom)
2021-08-16 13:11:00,139 [Listener at 127.0.0.1/13436] INFO  http.BaseHttpServer (BaseHttpServer.java:newHttpServer2BuilderForOzone(209)) - Starting Web-server for hddsDatanode at: http://0.0.0.0:0
2021-08-16 13:11:00,139 [Listener at 127.0.0.1/13436] INFO  http.BaseHttpServer (BaseHttpServer.java:<init>(107)) - Hadoop Security Enabled: false Ozone Security Enabled: false Ozone HTTP Security Enabled: false 
2021-08-16 13:11:00,140 [Listener at 127.0.0.1/13436] INFO  server.AuthenticationFilter (AuthenticationFilter.java:constructSecretProvider(240)) - Unable to initialize FileSignerSecretProvider, falling back to use random secrets.
2021-08-16 13:11:00,147 [Listener at 127.0.0.1/13436] WARN  http.HttpRequestLog (HttpRequestLog.java:getRequestLog(103)) - Jetty request log can only be enabled using Log4j
2021-08-16 13:11:00,149 [Listener at 127.0.0.1/13436] INFO  http.HttpServer2 (HttpServer2.java:addGlobalFilter(1020)) - Added global filter 'safety' (class=org.apache.hadoop.hdds.server.http.HttpServer2$QuotingInputFilter)
2021-08-16 13:11:00,150 [Listener at 127.0.0.1/13436] INFO  http.HttpServer2 (HttpServer2.java:addFilter(996)) - Added filter static_user_filter (class=org.apache.hadoop.http.lib.StaticUserWebFilter$StaticUserFilter) to context hddsDatanode
2021-08-16 13:11:00,150 [Listener at 127.0.0.1/13436] INFO  http.HttpServer2 (HttpServer2.java:addFilter(1004)) - Added filter static_user_filter (class=org.apache.hadoop.http.lib.StaticUserWebFilter$StaticUserFilter) to context logs
2021-08-16 13:11:00,150 [Listener at 127.0.0.1/13436] INFO  http.HttpServer2 (HttpServer2.java:addFilter(1004)) - Added filter static_user_filter (class=org.apache.hadoop.http.lib.StaticUserWebFilter$StaticUserFilter) to context static
2021-08-16 13:11:00,151 [Listener at 127.0.0.1/13436] INFO  http.HttpServer2 (HttpServer2.java:bindListener(1239)) - Jetty bound to port 40149
2021-08-16 13:11:00,151 [Listener at 127.0.0.1/13436] INFO  server.Server (Server.java:doStart(375)) - jetty-9.4.43.v20210629; built: 2021-06-30T11:07:22.254Z; git: 526006ecfa3af7f1a27ef3a288e2bef7ea9dd7e8; jvm 1.8.0_292-b10
2021-08-16 13:11:00,166 [Listener at 127.0.0.1/13436] INFO  server.session (DefaultSessionIdManager.java:doStart(334)) - DefaultSessionIdManager workerName=node0
2021-08-16 13:11:00,167 [Listener at 127.0.0.1/13436] INFO  server.session (DefaultSessionIdManager.java:doStart(339)) - No SessionScavenger set, using defaults
2021-08-16 13:11:00,167 [Listener at 127.0.0.1/13436] INFO  server.session (HouseKeeper.java:startScavenging(132)) - node0 Scavenging every 600000ms
2021-08-16 13:11:00,167 [Listener at 127.0.0.1/13436] INFO  handler.ContextHandler (ContextHandler.java:doStart(915)) - Started o.e.j.s.ServletContextHandler@739f22ef{logs,/logs,file:///home/runner/work/ozone/ozone/hadoop-ozone/integration-test/target/log,AVAILABLE}
2021-08-16 13:11:00,168 [Listener at 127.0.0.1/13436] INFO  handler.ContextHandler (ContextHandler.java:doStart(915)) - Started o.e.j.s.ServletContextHandler@7d372ea8{static,/static,jar:file:/home/runner/.m2/repository/org/apache/ozone/hdds-container-service/1.2.0-SNAPSHOT/hdds-container-service-1.2.0-SNAPSHOT.jar!/webapps/static,AVAILABLE}
2021-08-16 13:11:00,220 [Listener at 127.0.0.1/13436] INFO  handler.ContextHandler (ContextHandler.java:doStart(915)) - Started o.e.j.w.WebAppContext@325ca360{hddsDatanode,/,file:///tmp/jetty-0_0_0_0-40149-hdds-container-service-1_2_0-SNAPSHOT_jar-_-any-6846923238800124879/webapp/,AVAILABLE}{jar:file:/home/runner/.m2/repository/org/apache/ozone/hdds-container-service/1.2.0-SNAPSHOT/hdds-container-service-1.2.0-SNAPSHOT.jar!/webapps/hddsDatanode}
2021-08-16 13:11:00,223 [Listener at 127.0.0.1/13436] INFO  server.AbstractConnector (AbstractConnector.java:doStart(331)) - Started ServerConnector@6557b61f{HTTP/1.1, (http/1.1)}{0.0.0.0:40149}
2021-08-16 13:11:00,223 [Listener at 127.0.0.1/13436] INFO  server.Server (Server.java:doStart(415)) - Started @78077ms
2021-08-16 13:11:00,224 [Listener at 127.0.0.1/13436] WARN  impl.MetricsSystemImpl (MetricsSystemImpl.java:register(279)) - Sink prometheus already exists!
2021-08-16 13:11:00,231 [Listener at 127.0.0.1/13436] INFO  http.BaseHttpServer (BaseHttpServer.java:updateConnectorAddress(329)) - HTTP server of hddsDatanode listening at http://0.0.0.0:40149
2021-08-16 13:11:00,236 [Listener at 127.0.0.1/13436] WARN  impl.MetricRegistriesImpl (MetricRegistriesImpl.java:addReporterRegistration(111)) - New reporters are added after registries were created. Some metrics will be missing from the reporter. Please add reporter before adding any new registry.
2021-08-16 13:11:00,236 [Listener at 127.0.0.1/13436] WARN  impl.MetricRegistriesImpl (MetricRegistriesImpl.java:addReporterRegistration(111)) - New reporters are added after registries were created. Some metrics will be missing from the reporter. Please add reporter before adding any new registry.
2021-08-16 13:11:00,236 [Listener at 127.0.0.1/13436] INFO  impl.MetricsSystemImpl (MetricsSystemImpl.java:init(158)) - HddsDatanode metrics system started (again)
2021-08-16 13:11:00,255 [org.apache.hadoop.util.JvmPauseMonitor$Monitor@5a6412da] INFO  util.JvmPauseMonitor (JvmPauseMonitor.java:run(188)) - Starting JVM pause monitor
2021-08-16 13:11:00,286 [Datanode State Machine Task Thread - 0] INFO  ha.SCMNodeInfo (SCMNodeInfo.java:getPort(197)) - ConfigKey ozone.scm.client.address is deprecated, For configuring different ports for each SCM use PortConfigKey ozone.scm.client.port appended with serviceId and nodeId
2021-08-16 13:11:00,287 [Datanode State Machine Task Thread - 0] INFO  ha.SCMNodeInfo (SCMNodeInfo.java:getPort(197)) - ConfigKey ozone.scm.block.client.address is deprecated, For configuring different ports for each SCM use PortConfigKey ozone.scm.block.client.port appended with serviceId and nodeId
2021-08-16 13:11:00,287 [Datanode State Machine Task Thread - 0] INFO  ha.SCMNodeInfo (SCMNodeInfo.java:getPort(197)) - ConfigKey ozone.scm.datanode.address is deprecated, For configuring different ports for each SCM use PortConfigKey ozone.scm.datanode.port appended with serviceId and nodeId
2021-08-16 13:11:00,287 [Datanode State Machine Task Thread - 0] INFO  ha.SCMNodeInfo (SCMNodeInfo.java:getPort(197)) - ConfigKey ozone.scm.client.address is deprecated, For configuring different ports for each SCM use PortConfigKey ozone.scm.client.port appended with serviceId and nodeId
2021-08-16 13:11:00,287 [Datanode State Machine Task Thread - 0] INFO  ha.SCMNodeInfo (SCMNodeInfo.java:getPort(197)) - ConfigKey ozone.scm.block.client.address is deprecated, For configuring different ports for each SCM use PortConfigKey ozone.scm.block.client.port appended with serviceId and nodeId
2021-08-16 13:11:00,287 [Datanode State Machine Task Thread - 0] INFO  ha.SCMNodeInfo (SCMNodeInfo.java:getPort(197)) - ConfigKey ozone.scm.datanode.address is deprecated, For configuring different ports for each SCM use PortConfigKey ozone.scm.datanode.port appended with serviceId and nodeId
2021-08-16 13:11:00,287 [Datanode State Machine Task Thread - 0] INFO  ha.SCMNodeInfo (SCMNodeInfo.java:getPort(197)) - ConfigKey ozone.scm.client.address is deprecated, For configuring different ports for each SCM use PortConfigKey ozone.scm.client.port appended with serviceId and nodeId
2021-08-16 13:11:00,287 [Datanode State Machine Task Thread - 0] INFO  ha.SCMNodeInfo (SCMNodeInfo.java:getPort(197)) - ConfigKey ozone.scm.block.client.address is deprecated, For configuring different ports for each SCM use PortConfigKey ozone.scm.block.client.port appended with serviceId and nodeId
2021-08-16 13:11:00,287 [Datanode State Machine Task Thread - 0] INFO  ha.SCMNodeInfo (SCMNodeInfo.java:getPort(197)) - ConfigKey ozone.scm.datanode.address is deprecated, For configuring different ports for each SCM use PortConfigKey ozone.scm.datanode.port appended with serviceId and nodeId
2021-08-16 13:11:00,293 [Listener at 127.0.0.1/13436] INFO  ozone.HddsDatanodeService (HddsDatanodeService.java:start(234)) - HddsDatanodeService host:fv-az148-41.bm4ck3pvxvsene1rjriu5fhcdb.bx.internal.cloudapp.net ip:10.1.0.28
2021-08-16 13:11:00,299 [Datanode State Machine Task Thread - 0] INFO  datanode.InitDatanodeState (InitDatanodeState.java:persistContainerDatanodeDetails(145)) - DatanodeDetails is persisted to /home/runner/work/ozone/ozone/hadoop-ozone/integration-test/target/test-dir/MiniOzoneClusterImpl-d497f94c-0a77-40f1-b0c4-d45398a5843a/datanode-1/meta/datanode.id
2021-08-16 13:11:00,344 [Listener at 127.0.0.1/13436] INFO  upgrade.AbstractLayoutVersionManager (AbstractLayoutVersionManager.java:init(70)) - Initializing Layout version manager with metadata layout = SCM_HA (version = 2), software layout = SCM_HA (version = 2)
2021-08-16 13:11:00,510 [Listener at 127.0.0.1/13436] INFO  reflections.Reflections (Reflections.java:scan(232)) - Reflections took 165 ms to scan 7 urls, producing 120 keys and 275 values 
2021-08-16 13:11:00,511 [Listener at 127.0.0.1/13436] INFO  ha.SCMNodeInfo (SCMNodeInfo.java:getPort(197)) - ConfigKey ozone.scm.client.address is deprecated, For configuring different ports for each SCM use PortConfigKey ozone.scm.client.port appended with serviceId and nodeId
2021-08-16 13:11:00,511 [Listener at 127.0.0.1/13436] INFO  ha.SCMNodeInfo (SCMNodeInfo.java:getPort(197)) - ConfigKey ozone.scm.block.client.address is deprecated, For configuring different ports for each SCM use PortConfigKey ozone.scm.block.client.port appended with serviceId and nodeId
2021-08-16 13:11:00,511 [Listener at 127.0.0.1/13436] INFO  ha.SCMNodeInfo (SCMNodeInfo.java:getPort(197)) - ConfigKey ozone.scm.datanode.address is deprecated, For configuring different ports for each SCM use PortConfigKey ozone.scm.datanode.port appended with serviceId and nodeId
2021-08-16 13:11:00,511 [Listener at 127.0.0.1/13436] INFO  ha.SCMNodeInfo (SCMNodeInfo.java:getPort(197)) - ConfigKey ozone.scm.client.address is deprecated, For configuring different ports for each SCM use PortConfigKey ozone.scm.client.port appended with serviceId and nodeId
2021-08-16 13:11:00,511 [Listener at 127.0.0.1/13436] INFO  ha.SCMNodeInfo (SCMNodeInfo.java:getPort(197)) - ConfigKey ozone.scm.block.client.address is deprecated, For configuring different ports for each SCM use PortConfigKey ozone.scm.block.client.port appended with serviceId and nodeId
2021-08-16 13:11:00,511 [Listener at 127.0.0.1/13436] INFO  ha.SCMNodeInfo (SCMNodeInfo.java:getPort(197)) - ConfigKey ozone.scm.datanode.address is deprecated, For configuring different ports for each SCM use PortConfigKey ozone.scm.datanode.port appended with serviceId and nodeId
2021-08-16 13:11:00,512 [Listener at 127.0.0.1/13436] INFO  ha.SCMNodeInfo (SCMNodeInfo.java:getPort(197)) - ConfigKey ozone.scm.client.address is deprecated, For configuring different ports for each SCM use PortConfigKey ozone.scm.client.port appended with serviceId and nodeId
2021-08-16 13:11:00,512 [Listener at 127.0.0.1/13436] INFO  ha.SCMNodeInfo (SCMNodeInfo.java:getPort(197)) - ConfigKey ozone.scm.block.client.address is deprecated, For configuring different ports for each SCM use PortConfigKey ozone.scm.block.client.port appended with serviceId and nodeId
2021-08-16 13:11:00,512 [Listener at 127.0.0.1/13436] INFO  ha.SCMNodeInfo (SCMNodeInfo.java:getPort(197)) - ConfigKey ozone.scm.datanode.address is deprecated, For configuring different ports for each SCM use PortConfigKey ozone.scm.datanode.port appended with serviceId and nodeId
2021-08-16 13:11:00,531 [Listener at 127.0.0.1/13436] INFO  volume.HddsVolume (HddsVolume.java:<init>(120)) - Creating HddsVolume: /home/runner/work/ozone/ozone/hadoop-ozone/integration-test/target/test-dir/MiniOzoneClusterImpl-d497f94c-0a77-40f1-b0c4-d45398a5843a/datanode-2/data-0/containers/hdds of storage type : DISK capacity : 9223372036854775807
2021-08-16 13:11:00,532 [Listener at 127.0.0.1/13436] INFO  volume.MutableVolumeSet (MutableVolumeSet.java:initializeVolumeSet(181)) - Added Volume : /home/runner/work/ozone/ozone/hadoop-ozone/integration-test/target/test-dir/MiniOzoneClusterImpl-d497f94c-0a77-40f1-b0c4-d45398a5843a/datanode-2/data-0/containers/hdds to VolumeSet
2021-08-16 13:11:00,532 [Listener at 127.0.0.1/13436] INFO  volume.ThrottledAsyncChecker (ThrottledAsyncChecker.java:schedule(141)) - Scheduling a check for /home/runner/work/ozone/ozone/hadoop-ozone/integration-test/target/test-dir/MiniOzoneClusterImpl-d497f94c-0a77-40f1-b0c4-d45398a5843a/datanode-2/data-0/containers/hdds
2021-08-16 13:11:00,554 [Listener at 127.0.0.1/13436] INFO  volume.StorageVolumeChecker (StorageVolumeChecker.java:checkAllVolumes(202)) - Scheduled health check for volume /home/runner/work/ozone/ozone/hadoop-ozone/integration-test/target/test-dir/MiniOzoneClusterImpl-d497f94c-0a77-40f1-b0c4-d45398a5843a/datanode-2/data-0/containers/hdds
2021-08-16 13:11:00,590 [Listener at 127.0.0.1/13436] INFO  volume.MutableVolumeSet (MutableVolumeSet.java:initializeVolumeSet(181)) - Added Volume : /home/runner/work/ozone/ozone/hadoop-ozone/integration-test/target/test-dir/MiniOzoneClusterImpl-d497f94c-0a77-40f1-b0c4-d45398a5843a/datanode-2/data/ratis to VolumeSet
2021-08-16 13:11:00,591 [Listener at 127.0.0.1/13436] INFO  volume.ThrottledAsyncChecker (ThrottledAsyncChecker.java:schedule(141)) - Scheduling a check for /home/runner/work/ozone/ozone/hadoop-ozone/integration-test/target/test-dir/MiniOzoneClusterImpl-d497f94c-0a77-40f1-b0c4-d45398a5843a/datanode-2/data/ratis
2021-08-16 13:11:00,591 [Listener at 127.0.0.1/13436] INFO  volume.StorageVolumeChecker (StorageVolumeChecker.java:checkAllVolumes(202)) - Scheduled health check for volume /home/runner/work/ozone/ozone/hadoop-ozone/integration-test/target/test-dir/MiniOzoneClusterImpl-d497f94c-0a77-40f1-b0c4-d45398a5843a/datanode-2/data/ratis
2021-08-16 13:11:00,632 [Listener at 127.0.0.1/13436] INFO  ozoneimpl.ContainerReader (ContainerReader.java:<init>(98)) - Running in upgrade mode:true
2021-08-16 13:11:00,634 [EndpointStateMachine task thread for /127.0.0.1:15281 - 0 ] INFO  ipc.Client (Client.java:handleConnectionFailure(977)) - Retrying connect to server: localhost/127.0.0.1:15281. Already tried 4 time(s); retry policy is RetryUpToMaximumCountWithFixedSleep(maxRetries=15, sleepTime=1000 MILLISECONDS)
2021-08-16 13:11:00,635 [EndpointStateMachine task thread for /127.0.0.1:15301 - 0 ] INFO  ipc.Client (Client.java:handleConnectionFailure(977)) - Retrying connect to server: localhost/127.0.0.1:15301. Already tried 4 time(s); retry policy is RetryUpToMaximumCountWithFixedSleep(maxRetries=15, sleepTime=1000 MILLISECONDS)
2021-08-16 13:11:00,635 [EndpointStateMachine task thread for /127.0.0.1:15291 - 0 ] INFO  ipc.Client (Client.java:handleConnectionFailure(977)) - Retrying connect to server: localhost/127.0.0.1:15291. Already tried 4 time(s); retry policy is RetryUpToMaximumCountWithFixedSleep(maxRetries=15, sleepTime=1000 MILLISECONDS)
2021-08-16 13:11:00,640 [Thread-1466] INFO  ozoneimpl.ContainerReader (ContainerReader.java:readVolume(142)) - Start to verify containers on volume /home/runner/work/ozone/ozone/hadoop-ozone/integration-test/target/test-dir/MiniOzoneClusterImpl-d497f94c-0a77-40f1-b0c4-d45398a5843a/datanode-2/data-0/containers/hdds
2021-08-16 13:11:00,641 [Thread-1466] INFO  ozoneimpl.ContainerReader (ContainerReader.java:readVolume(174)) - Finish verifying containers on volume /home/runner/work/ozone/ozone/hadoop-ozone/integration-test/target/test-dir/MiniOzoneClusterImpl-d497f94c-0a77-40f1-b0c4-d45398a5843a/datanode-2/data-0/containers/hdds
2021-08-16 13:11:00,641 [Listener at 127.0.0.1/13436] INFO  ozoneimpl.OzoneContainer (OzoneContainer.java:buildContainerSet(237)) - Build ContainerSet costs 0s
2021-08-16 13:11:00,643 [Listener at 127.0.0.1/13436] INFO  server.RaftServer (ConfUtils.java:logGet(44)) - raft.rpc.type = GRPC (default)
2021-08-16 13:11:00,643 [Listener at 127.0.0.1/13436] INFO  grpc.GrpcFactory (GrpcFactory.java:checkPooledByteBufAllocatorUseCacheForAllThreads(48)) - PERFORMANCE WARNING: useCacheForAllThreads is true that may cause Netty to create a lot garbage objects and, as a result, trigger GC.
	It is recommended to disable useCacheForAllThreads by setting -Dorg.apache.ratis.thirdparty.io.netty.allocator.useCacheForAllThreads=false in command line.
2021-08-16 13:11:00,643 [Listener at 127.0.0.1/13436] INFO  grpc.GrpcConfigKeys (ConfUtils.java:logGet(44)) - raft.grpc.admin.port = 0 (custom)
2021-08-16 13:11:00,643 [Listener at 127.0.0.1/13436] INFO  grpc.GrpcConfigKeys (ConfUtils.java:logGet(44)) - raft.grpc.client.port = 0 (custom)
2021-08-16 13:11:00,643 [Listener at 127.0.0.1/13436] INFO  grpc.GrpcConfigKeys (ConfUtils.java:logGet(44)) - raft.grpc.server.port = 0 (default)
2021-08-16 13:11:00,643 [Listener at 127.0.0.1/13436] INFO  server.GrpcService (ConfUtils.java:logGet(44)) - raft.grpc.message.size.max = 32MB (=33554432) (custom)
2021-08-16 13:11:00,643 [Listener at 127.0.0.1/13436] INFO  server.RaftServerConfigKeys (ConfUtils.java:logGet(44)) - raft.server.log.appender.buffer.byte-limit = 33554432 (custom)
2021-08-16 13:11:00,644 [Listener at 127.0.0.1/13436] INFO  server.GrpcService (ConfUtils.java:logGet(44)) - raft.grpc.flow.control.window = 5MB (=5242880) (custom)
2021-08-16 13:11:00,644 [Listener at 127.0.0.1/13436] INFO  server.RaftServerConfigKeys (ConfUtils.java:logGet(44)) - raft.server.rpc.request.timeout = 60s (custom)
2021-08-16 13:11:00,645 [Listener at 127.0.0.1/13436] INFO  impl.DataStreamServerImpl (ConfUtils.java:logGet(44)) - raft.datastream.type = DISABLED (default)
2021-08-16 13:11:00,645 [Listener at 127.0.0.1/13436] INFO  server.RaftServerConfigKeys (ConfUtils.java:logGet(44)) - raft.server.rpc.slowness.timeout = 300s (custom)
2021-08-16 13:11:00,645 [Listener at 127.0.0.1/13436] INFO  server.RaftServerConfigKeys (ConfUtils.java:logGet(44)) - raft.server.leaderelection.leader.step-down.wait-time = 10s (default)
2021-08-16 13:11:00,646 [Listener at 127.0.0.1/13436] INFO  server.RaftServerConfigKeys (ConfUtils.java:logGet(44)) - raft.server.storage.dir = [/home/runner/work/ozone/ozone/hadoop-ozone/integration-test/target/test-dir/MiniOzoneClusterImpl-d497f94c-0a77-40f1-b0c4-d45398a5843a/datanode-2/data/ratis] (custom)
2021-08-16 13:11:00,661 [Listener at 127.0.0.1/13436] INFO  http.BaseHttpServer (BaseHttpServer.java:newHttpServer2BuilderForOzone(209)) - Starting Web-server for hddsDatanode at: http://0.0.0.0:0
2021-08-16 13:11:00,661 [Listener at 127.0.0.1/13436] INFO  http.BaseHttpServer (BaseHttpServer.java:<init>(107)) - Hadoop Security Enabled: false Ozone Security Enabled: false Ozone HTTP Security Enabled: false 
2021-08-16 13:11:00,662 [Listener at 127.0.0.1/13436] INFO  server.AuthenticationFilter (AuthenticationFilter.java:constructSecretProvider(240)) - Unable to initialize FileSignerSecretProvider, falling back to use random secrets.
2021-08-16 13:11:00,670 [Listener at 127.0.0.1/13436] WARN  http.HttpRequestLog (HttpRequestLog.java:getRequestLog(103)) - Jetty request log can only be enabled using Log4j
2021-08-16 13:11:00,671 [Listener at 127.0.0.1/13436] INFO  http.HttpServer2 (HttpServer2.java:addGlobalFilter(1020)) - Added global filter 'safety' (class=org.apache.hadoop.hdds.server.http.HttpServer2$QuotingInputFilter)
2021-08-16 13:11:00,671 [Listener at 127.0.0.1/13436] INFO  http.HttpServer2 (HttpServer2.java:addFilter(996)) - Added filter static_user_filter (class=org.apache.hadoop.http.lib.StaticUserWebFilter$StaticUserFilter) to context hddsDatanode
2021-08-16 13:11:00,671 [Listener at 127.0.0.1/13436] INFO  http.HttpServer2 (HttpServer2.java:addFilter(1004)) - Added filter static_user_filter (class=org.apache.hadoop.http.lib.StaticUserWebFilter$StaticUserFilter) to context logs
2021-08-16 13:11:00,672 [Listener at 127.0.0.1/13436] INFO  http.HttpServer2 (HttpServer2.java:addFilter(1004)) - Added filter static_user_filter (class=org.apache.hadoop.http.lib.StaticUserWebFilter$StaticUserFilter) to context static
2021-08-16 13:11:00,672 [Listener at 127.0.0.1/13436] INFO  http.HttpServer2 (HttpServer2.java:bindListener(1239)) - Jetty bound to port 41555
2021-08-16 13:11:00,672 [Listener at 127.0.0.1/13436] INFO  server.Server (Server.java:doStart(375)) - jetty-9.4.43.v20210629; built: 2021-06-30T11:07:22.254Z; git: 526006ecfa3af7f1a27ef3a288e2bef7ea9dd7e8; jvm 1.8.0_292-b10
2021-08-16 13:11:00,684 [Listener at 127.0.0.1/13436] INFO  server.session (DefaultSessionIdManager.java:doStart(334)) - DefaultSessionIdManager workerName=node0
2021-08-16 13:11:00,685 [Listener at 127.0.0.1/13436] INFO  server.session (DefaultSessionIdManager.java:doStart(339)) - No SessionScavenger set, using defaults
2021-08-16 13:11:00,685 [Listener at 127.0.0.1/13436] INFO  server.session (HouseKeeper.java:startScavenging(132)) - node0 Scavenging every 600000ms
2021-08-16 13:11:00,685 [Listener at 127.0.0.1/13436] INFO  handler.ContextHandler (ContextHandler.java:doStart(915)) - Started o.e.j.s.ServletContextHandler@f9ad4c9{logs,/logs,file:///home/runner/work/ozone/ozone/hadoop-ozone/integration-test/target/log,AVAILABLE}
2021-08-16 13:11:00,686 [Listener at 127.0.0.1/13436] INFO  handler.ContextHandler (ContextHandler.java:doStart(915)) - Started o.e.j.s.ServletContextHandler@49d69469{static,/static,jar:file:/home/runner/.m2/repository/org/apache/ozone/hdds-container-service/1.2.0-SNAPSHOT/hdds-container-service-1.2.0-SNAPSHOT.jar!/webapps/static,AVAILABLE}
2021-08-16 13:11:00,777 [Listener at 127.0.0.1/13436] INFO  handler.ContextHandler (ContextHandler.java:doStart(915)) - Started o.e.j.w.WebAppContext@61cb973d{hddsDatanode,/,file:///tmp/jetty-0_0_0_0-41555-hdds-container-service-1_2_0-SNAPSHOT_jar-_-any-2044798537085574327/webapp/,AVAILABLE}{jar:file:/home/runner/.m2/repository/org/apache/ozone/hdds-container-service/1.2.0-SNAPSHOT/hdds-container-service-1.2.0-SNAPSHOT.jar!/webapps/hddsDatanode}
2021-08-16 13:11:00,782 [Listener at 127.0.0.1/13436] INFO  server.AbstractConnector (AbstractConnector.java:doStart(331)) - Started ServerConnector@153de49f{HTTP/1.1, (http/1.1)}{0.0.0.0:41555}
2021-08-16 13:11:00,782 [Listener at 127.0.0.1/13436] INFO  server.Server (Server.java:doStart(415)) - Started @78636ms
2021-08-16 13:11:00,782 [Listener at 127.0.0.1/13436] WARN  impl.MetricsSystemImpl (MetricsSystemImpl.java:register(279)) - Sink prometheus already exists!
2021-08-16 13:11:00,783 [Listener at 127.0.0.1/13436] INFO  http.BaseHttpServer (BaseHttpServer.java:updateConnectorAddress(329)) - HTTP server of hddsDatanode listening at http://0.0.0.0:41555
2021-08-16 13:11:00,791 [Listener at 127.0.0.1/13436] INFO  ozone.MiniOzoneClusterImpl (MiniOzoneClusterImpl.java:lambda$waitForClusterToBeReady$0(235)) - Waiting for nodes to be ready. Got 0 of 3 DN Heartbeats.
2021-08-16 13:11:00,791 [Listener at 127.0.0.1/13436] INFO  ozone.MiniOzoneClusterImpl (MiniOzoneClusterImpl.java:lambda$waitForClusterToBeReady$0(238)) - Waiting for cluster to exit safe mode
2021-08-16 13:11:00,792 [Listener at 127.0.0.1/13436] INFO  ozone.MiniOzoneClusterImpl (MiniOzoneClusterImpl.java:lambda$waitForClusterToBeReady$0(240)) - SCM became leader
2021-08-16 13:11:00,827 [org.apache.hadoop.util.JvmPauseMonitor$Monitor@25df8de8] INFO  util.JvmPauseMonitor (JvmPauseMonitor.java:run(188)) - Starting JVM pause monitor
2021-08-16 13:11:00,829 [Datanode State Machine Task Thread - 0] INFO  ha.SCMNodeInfo (SCMNodeInfo.java:getPort(197)) - ConfigKey ozone.scm.client.address is deprecated, For configuring different ports for each SCM use PortConfigKey ozone.scm.client.port appended with serviceId and nodeId
2021-08-16 13:11:00,829 [Datanode State Machine Task Thread - 0] INFO  ha.SCMNodeInfo (SCMNodeInfo.java:getPort(197)) - ConfigKey ozone.scm.block.client.address is deprecated, For configuring different ports for each SCM use PortConfigKey ozone.scm.block.client.port appended with serviceId and nodeId
2021-08-16 13:11:00,829 [Datanode State Machine Task Thread - 0] INFO  ha.SCMNodeInfo (SCMNodeInfo.java:getPort(197)) - ConfigKey ozone.scm.datanode.address is deprecated, For configuring different ports for each SCM use PortConfigKey ozone.scm.datanode.port appended with serviceId and nodeId
2021-08-16 13:11:00,829 [Datanode State Machine Task Thread - 0] INFO  ha.SCMNodeInfo (SCMNodeInfo.java:getPort(197)) - ConfigKey ozone.scm.client.address is deprecated, For configuring different ports for each SCM use PortConfigKey ozone.scm.client.port appended with serviceId and nodeId
2021-08-16 13:11:00,829 [Datanode State Machine Task Thread - 0] INFO  ha.SCMNodeInfo (SCMNodeInfo.java:getPort(197)) - ConfigKey ozone.scm.block.client.address is deprecated, For configuring different ports for each SCM use PortConfigKey ozone.scm.block.client.port appended with serviceId and nodeId
2021-08-16 13:11:00,829 [Datanode State Machine Task Thread - 0] INFO  ha.SCMNodeInfo (SCMNodeInfo.java:getPort(197)) - ConfigKey ozone.scm.datanode.address is deprecated, For configuring different ports for each SCM use PortConfigKey ozone.scm.datanode.port appended with serviceId and nodeId
2021-08-16 13:11:00,829 [Datanode State Machine Task Thread - 0] INFO  ha.SCMNodeInfo (SCMNodeInfo.java:getPort(197)) - ConfigKey ozone.scm.client.address is deprecated, For configuring different ports for each SCM use PortConfigKey ozone.scm.client.port appended with serviceId and nodeId
2021-08-16 13:11:00,829 [Datanode State Machine Task Thread - 0] INFO  ha.SCMNodeInfo (SCMNodeInfo.java:getPort(197)) - ConfigKey ozone.scm.block.client.address is deprecated, For configuring different ports for each SCM use PortConfigKey ozone.scm.block.client.port appended with serviceId and nodeId
2021-08-16 13:11:00,829 [Datanode State Machine Task Thread - 0] INFO  ha.SCMNodeInfo (SCMNodeInfo.java:getPort(197)) - ConfigKey ozone.scm.datanode.address is deprecated, For configuring different ports for each SCM use PortConfigKey ozone.scm.datanode.port appended with serviceId and nodeId
2021-08-16 13:11:00,843 [Datanode State Machine Task Thread - 0] INFO  datanode.InitDatanodeState (InitDatanodeState.java:persistContainerDatanodeDetails(145)) - DatanodeDetails is persisted to /home/runner/work/ozone/ozone/hadoop-ozone/integration-test/target/test-dir/MiniOzoneClusterImpl-d497f94c-0a77-40f1-b0c4-d45398a5843a/datanode-2/meta/datanode.id
2021-08-16 13:11:01,635 [EndpointStateMachine task thread for /127.0.0.1:15281 - 0 ] INFO  ipc.Client (Client.java:handleConnectionFailure(977)) - Retrying connect to server: localhost/127.0.0.1:15281. Already tried 5 time(s); retry policy is RetryUpToMaximumCountWithFixedSleep(maxRetries=15, sleepTime=1000 MILLISECONDS)
2021-08-16 13:11:01,635 [EndpointStateMachine task thread for /127.0.0.1:15301 - 0 ] INFO  ipc.Client (Client.java:handleConnectionFailure(977)) - Retrying connect to server: localhost/127.0.0.1:15301. Already tried 5 time(s); retry policy is RetryUpToMaximumCountWithFixedSleep(maxRetries=15, sleepTime=1000 MILLISECONDS)
2021-08-16 13:11:01,636 [EndpointStateMachine task thread for /127.0.0.1:15291 - 0 ] INFO  ipc.Client (Client.java:handleConnectionFailure(977)) - Retrying connect to server: localhost/127.0.0.1:15291. Already tried 5 time(s); retry policy is RetryUpToMaximumCountWithFixedSleep(maxRetries=15, sleepTime=1000 MILLISECONDS)
2021-08-16 13:11:01,792 [Listener at 127.0.0.1/13436] INFO  ozone.MiniOzoneClusterImpl (MiniOzoneClusterImpl.java:lambda$waitForClusterToBeReady$0(235)) - Waiting for nodes to be ready. Got 0 of 3 DN Heartbeats.
2021-08-16 13:11:01,792 [Listener at 127.0.0.1/13436] INFO  ozone.MiniOzoneClusterImpl (MiniOzoneClusterImpl.java:lambda$waitForClusterToBeReady$0(238)) - Waiting for cluster to exit safe mode
2021-08-16 13:11:01,792 [Listener at 127.0.0.1/13436] INFO  ozone.MiniOzoneClusterImpl (MiniOzoneClusterImpl.java:lambda$waitForClusterToBeReady$0(240)) - SCM became leader
2021-08-16 13:11:01,920 [EndpointStateMachine task thread for /127.0.0.1:13651 - 0 ] INFO  ozoneimpl.OzoneContainer (OzoneContainer.java:start(305)) - Attempting to start container services.
2021-08-16 13:11:01,920 [EndpointStateMachine task thread for /127.0.0.1:13651 - 0 ] INFO  ozoneimpl.OzoneContainer (OzoneContainer.java:startContainerScrub(250)) - Background container scanner has been disabled.
2021-08-16 13:11:01,922 [EndpointStateMachine task thread for /127.0.0.1:13651 - 0 ] INFO  replication.ReplicationServer (ReplicationServer.java:start(106)) - ReplicationServer is started using port 39287
2021-08-16 13:11:01,923 [EndpointStateMachine task thread for /127.0.0.1:13651 - 0 ] INFO  ratis.XceiverServerRatis (XceiverServerRatis.java:start(482)) - Starting XceiverServerRatis fb992a77-9bc7-4c94-9eee-eafb24dfa6e7
2021-08-16 13:11:01,924 [EndpointStateMachine task thread for /127.0.0.1:13651 - 0 ] INFO  server.RaftServer (RaftServerProxy.java:lambda$start$5(374)) - fb992a77-9bc7-4c94-9eee-eafb24dfa6e7: start RPC server
2021-08-16 13:11:01,924 [EndpointStateMachine task thread for /127.0.0.1:13651 - 0 ] INFO  server.GrpcService (GrpcService.java:startImpl(253)) - fb992a77-9bc7-4c94-9eee-eafb24dfa6e7: GrpcService started, listening on 40407
2021-08-16 13:11:01,924 [EndpointStateMachine task thread for /127.0.0.1:13651 - 0 ] INFO  ratis.XceiverServerRatis (XceiverServerRatis.java:getRealPort(503)) - XceiverServerRatis fb992a77-9bc7-4c94-9eee-eafb24dfa6e7 is started using port 40407 for RATIS
2021-08-16 13:11:01,925 [EndpointStateMachine task thread for /127.0.0.1:13651 - 0 ] INFO  ratis.XceiverServerRatis (XceiverServerRatis.java:getRealPort(503)) - XceiverServerRatis fb992a77-9bc7-4c94-9eee-eafb24dfa6e7 is started using port 40407 for RATIS_ADMIN
2021-08-16 13:11:01,925 [EndpointStateMachine task thread for /127.0.0.1:13651 - 0 ] INFO  ratis.XceiverServerRatis (XceiverServerRatis.java:getRealPort(503)) - XceiverServerRatis fb992a77-9bc7-4c94-9eee-eafb24dfa6e7 is started using port 40407 for RATIS_SERVER
2021-08-16 13:11:01,925 [EndpointStateMachine task thread for /127.0.0.1:13651 - 0 ] INFO  server.XceiverServerGrpc (XceiverServerGrpc.java:start(135)) - XceiverServerGrpc fb992a77-9bc7-4c94-9eee-eafb24dfa6e7 is started using port 35263
2021-08-16 13:11:01,925 [org.apache.ratis.util.JvmPauseMonitor$$Lambda$499/1198442960@565b0224] INFO  util.JvmPauseMonitor (JvmPauseMonitor.java:run(103)) - JvmPauseMonitor-fb992a77-9bc7-4c94-9eee-eafb24dfa6e7: Started
2021-08-16 13:11:01,947 [EndpointStateMachine task thread for /127.0.0.1:13641 - 0 ] INFO  ozoneimpl.OzoneContainer (OzoneContainer.java:start(301)) - Ignore. OzoneContainer already started.
2021-08-16 13:11:02,387 [EndpointStateMachine task thread for /127.0.0.1:13651 - 0 ] INFO  ozoneimpl.OzoneContainer (OzoneContainer.java:start(305)) - Attempting to start container services.
2021-08-16 13:11:02,387 [EndpointStateMachine task thread for /127.0.0.1:13651 - 0 ] INFO  ozoneimpl.OzoneContainer (OzoneContainer.java:startContainerScrub(250)) - Background container scanner has been disabled.
2021-08-16 13:11:02,390 [EndpointStateMachine task thread for /127.0.0.1:13651 - 0 ] INFO  replication.ReplicationServer (ReplicationServer.java:start(106)) - ReplicationServer is started using port 34631
2021-08-16 13:11:02,398 [EndpointStateMachine task thread for /127.0.0.1:13651 - 0 ] INFO  ratis.XceiverServerRatis (XceiverServerRatis.java:start(482)) - Starting XceiverServerRatis 29512a7a-9393-40e5-8a40-953b2282bb1a
2021-08-16 13:11:02,412 [EndpointStateMachine task thread for /127.0.0.1:13651 - 0 ] INFO  server.RaftServer (RaftServerProxy.java:lambda$start$5(374)) - 29512a7a-9393-40e5-8a40-953b2282bb1a: start RPC server
2021-08-16 13:11:02,413 [EndpointStateMachine task thread for /127.0.0.1:13651 - 0 ] INFO  server.GrpcService (GrpcService.java:startImpl(253)) - 29512a7a-9393-40e5-8a40-953b2282bb1a: GrpcService started, listening on 38169
2021-08-16 13:11:02,415 [EndpointStateMachine task thread for /127.0.0.1:13651 - 0 ] INFO  ratis.XceiverServerRatis (XceiverServerRatis.java:getRealPort(503)) - XceiverServerRatis 29512a7a-9393-40e5-8a40-953b2282bb1a is started using port 38169 for RATIS
2021-08-16 13:11:02,415 [EndpointStateMachine task thread for /127.0.0.1:13651 - 0 ] INFO  ratis.XceiverServerRatis (XceiverServerRatis.java:getRealPort(503)) - XceiverServerRatis 29512a7a-9393-40e5-8a40-953b2282bb1a is started using port 38169 for RATIS_ADMIN
2021-08-16 13:11:02,415 [EndpointStateMachine task thread for /127.0.0.1:13651 - 0 ] INFO  ratis.XceiverServerRatis (XceiverServerRatis.java:getRealPort(503)) - XceiverServerRatis 29512a7a-9393-40e5-8a40-953b2282bb1a is started using port 38169 for RATIS_SERVER
2021-08-16 13:11:02,415 [EndpointStateMachine task thread for /127.0.0.1:13651 - 0 ] INFO  server.XceiverServerGrpc (XceiverServerGrpc.java:start(135)) - XceiverServerGrpc 29512a7a-9393-40e5-8a40-953b2282bb1a is started using port 40629
2021-08-16 13:11:02,416 [org.apache.ratis.util.JvmPauseMonitor$$Lambda$499/1198442960@3506213f] INFO  util.JvmPauseMonitor (JvmPauseMonitor.java:run(103)) - JvmPauseMonitor-29512a7a-9393-40e5-8a40-953b2282bb1a: Started
2021-08-16 13:11:02,417 [EndpointStateMachine task thread for /127.0.0.1:13641 - 0 ] INFO  ozoneimpl.OzoneContainer (OzoneContainer.java:start(301)) - Ignore. OzoneContainer already started.
2021-08-16 13:11:02,635 [EndpointStateMachine task thread for /127.0.0.1:15281 - 0 ] INFO  ipc.Client (Client.java:handleConnectionFailure(977)) - Retrying connect to server: localhost/127.0.0.1:15281. Already tried 6 time(s); retry policy is RetryUpToMaximumCountWithFixedSleep(maxRetries=15, sleepTime=1000 MILLISECONDS)
2021-08-16 13:11:02,639 [EndpointStateMachine task thread for /127.0.0.1:15291 - 0 ] INFO  ipc.Client (Client.java:handleConnectionFailure(977)) - Retrying connect to server: localhost/127.0.0.1:15291. Already tried 6 time(s); retry policy is RetryUpToMaximumCountWithFixedSleep(maxRetries=15, sleepTime=1000 MILLISECONDS)
2021-08-16 13:11:02,643 [EndpointStateMachine task thread for /127.0.0.1:15301 - 0 ] INFO  ipc.Client (Client.java:handleConnectionFailure(977)) - Retrying connect to server: localhost/127.0.0.1:15301. Already tried 6 time(s); retry policy is RetryUpToMaximumCountWithFixedSleep(maxRetries=15, sleepTime=1000 MILLISECONDS)
2021-08-16 13:11:02,792 [Listener at 127.0.0.1/13436] INFO  ozone.MiniOzoneClusterImpl (MiniOzoneClusterImpl.java:lambda$waitForClusterToBeReady$0(235)) - Waiting for nodes to be ready. Got 0 of 3 DN Heartbeats.
2021-08-16 13:11:02,793 [Listener at 127.0.0.1/13436] INFO  ozone.MiniOzoneClusterImpl (MiniOzoneClusterImpl.java:lambda$waitForClusterToBeReady$0(238)) - Waiting for cluster to exit safe mode
2021-08-16 13:11:02,793 [Listener at 127.0.0.1/13436] INFO  ozone.MiniOzoneClusterImpl (MiniOzoneClusterImpl.java:lambda$waitForClusterToBeReady$0(240)) - SCM became leader
2021-08-16 13:11:02,841 [EndpointStateMachine task thread for /127.0.0.1:13651 - 0 ] INFO  ozoneimpl.OzoneContainer (OzoneContainer.java:start(305)) - Attempting to start container services.
2021-08-16 13:11:02,842 [EndpointStateMachine task thread for /127.0.0.1:13651 - 0 ] INFO  ozoneimpl.OzoneContainer (OzoneContainer.java:startContainerScrub(250)) - Background container scanner has been disabled.
2021-08-16 13:11:02,847 [EndpointStateMachine task thread for /127.0.0.1:13651 - 0 ] INFO  replication.ReplicationServer (ReplicationServer.java:start(106)) - ReplicationServer is started using port 38051
2021-08-16 13:11:02,854 [EndpointStateMachine task thread for /127.0.0.1:13651 - 0 ] INFO  ratis.XceiverServerRatis (XceiverServerRatis.java:start(482)) - Starting XceiverServerRatis 6430af1b-8c1e-4941-b86e-70a611f1e973
2021-08-16 13:11:02,855 [EndpointStateMachine task thread for /127.0.0.1:13651 - 0 ] INFO  server.RaftServer (RaftServerProxy.java:lambda$start$5(374)) - 6430af1b-8c1e-4941-b86e-70a611f1e973: start RPC server
2021-08-16 13:11:02,858 [EndpointStateMachine task thread for /127.0.0.1:13651 - 0 ] INFO  server.GrpcService (GrpcService.java:startImpl(253)) - 6430af1b-8c1e-4941-b86e-70a611f1e973: GrpcService started, listening on 46065
2021-08-16 13:11:02,858 [EndpointStateMachine task thread for /127.0.0.1:13651 - 0 ] INFO  ratis.XceiverServerRatis (XceiverServerRatis.java:getRealPort(503)) - XceiverServerRatis 6430af1b-8c1e-4941-b86e-70a611f1e973 is started using port 46065 for RATIS
2021-08-16 13:11:02,858 [EndpointStateMachine task thread for /127.0.0.1:13651 - 0 ] INFO  ratis.XceiverServerRatis (XceiverServerRatis.java:getRealPort(503)) - XceiverServerRatis 6430af1b-8c1e-4941-b86e-70a611f1e973 is started using port 46065 for RATIS_ADMIN
2021-08-16 13:11:02,858 [EndpointStateMachine task thread for /127.0.0.1:13651 - 0 ] INFO  ratis.XceiverServerRatis (XceiverServerRatis.java:getRealPort(503)) - XceiverServerRatis 6430af1b-8c1e-4941-b86e-70a611f1e973 is started using port 46065 for RATIS_SERVER
2021-08-16 13:11:02,859 [EndpointStateMachine task thread for /127.0.0.1:13651 - 0 ] INFO  server.XceiverServerGrpc (XceiverServerGrpc.java:start(135)) - XceiverServerGrpc 6430af1b-8c1e-4941-b86e-70a611f1e973 is started using port 42265
2021-08-16 13:11:02,859 [org.apache.ratis.util.JvmPauseMonitor$$Lambda$499/1198442960@d4f82ce] INFO  util.JvmPauseMonitor (JvmPauseMonitor.java:run(103)) - JvmPauseMonitor-6430af1b-8c1e-4941-b86e-70a611f1e973: Started
2021-08-16 13:11:02,861 [EndpointStateMachine task thread for /127.0.0.1:13641 - 0 ] INFO  ozoneimpl.OzoneContainer (OzoneContainer.java:start(301)) - Ignore. OzoneContainer already started.
2021-08-16 13:11:03,639 [EndpointStateMachine task thread for /127.0.0.1:15281 - 0 ] INFO  ipc.Client (Client.java:handleConnectionFailure(977)) - Retrying connect to server: localhost/127.0.0.1:15281. Already tried 7 time(s); retry policy is RetryUpToMaximumCountWithFixedSleep(maxRetries=15, sleepTime=1000 MILLISECONDS)
2021-08-16 13:11:03,640 [EndpointStateMachine task thread for /127.0.0.1:15291 - 0 ] INFO  ipc.Client (Client.java:handleConnectionFailure(977)) - Retrying connect to server: localhost/127.0.0.1:15291. Already tried 7 time(s); retry policy is RetryUpToMaximumCountWithFixedSleep(maxRetries=15, sleepTime=1000 MILLISECONDS)
2021-08-16 13:11:03,644 [EndpointStateMachine task thread for /127.0.0.1:15301 - 0 ] INFO  ipc.Client (Client.java:handleConnectionFailure(977)) - Retrying connect to server: localhost/127.0.0.1:15301. Already tried 7 time(s); retry policy is RetryUpToMaximumCountWithFixedSleep(maxRetries=15, sleepTime=1000 MILLISECONDS)
2021-08-16 13:11:03,793 [Listener at 127.0.0.1/13436] INFO  ozone.MiniOzoneClusterImpl (MiniOzoneClusterImpl.java:lambda$waitForClusterToBeReady$0(235)) - Waiting for nodes to be ready. Got 0 of 3 DN Heartbeats.
2021-08-16 13:11:03,793 [Listener at 127.0.0.1/13436] INFO  ozone.MiniOzoneClusterImpl (MiniOzoneClusterImpl.java:lambda$waitForClusterToBeReady$0(238)) - Waiting for cluster to exit safe mode
2021-08-16 13:11:03,793 [Listener at 127.0.0.1/13436] INFO  ozone.MiniOzoneClusterImpl (MiniOzoneClusterImpl.java:lambda$waitForClusterToBeReady$0(240)) - SCM became leader
2021-08-16 13:11:03,907 [IPC Server handler 0 on default port 13651] INFO  net.NetworkTopologyImpl (NetworkTopologyImpl.java:add(112)) - Added a new node: /default-rack/fb992a77-9bc7-4c94-9eee-eafb24dfa6e7
2021-08-16 13:11:03,907 [IPC Server handler 0 on default port 13651] INFO  node.SCMNodeManager (SCMNodeManager.java:register(390)) - Registered Data node : fb992a77-9bc7-4c94-9eee-eafb24dfa6e7{ip: 127.0.0.1, host: localhost, ports: [REPLICATION=39287, RATIS=40407, RATIS_ADMIN=40407, RATIS_SERVER=40407, STANDALONE=35263], networkLocation: /default-rack, certSerialId: null, persistedOpState: null, persistedOpStateExpiryEpochSec: 0}
2021-08-16 13:11:03,909 [EventQueue-NodeRegistrationContainerReportForDataNodeSafeModeRule] INFO  safemode.SCMSafeModeManager (DataNodeSafeModeRule.java:process(71)) - SCM in safe mode. 1 DataNodes registered, 3 required.
2021-08-16 13:11:03,912 [IPC Server handler 65 on default port 13641] INFO  net.NetworkTopologyImpl (NetworkTopologyImpl.java:add(112)) - Added a new node: /default-rack/fb992a77-9bc7-4c94-9eee-eafb24dfa6e7
2021-08-16 13:11:03,912 [IPC Server handler 65 on default port 13641] INFO  node.SCMNodeManager (SCMNodeManager.java:register(390)) - Registered Data node : fb992a77-9bc7-4c94-9eee-eafb24dfa6e7{ip: 127.0.0.1, host: localhost, ports: [REPLICATION=39287, RATIS=40407, RATIS_ADMIN=40407, RATIS_SERVER=40407, STANDALONE=35263], networkLocation: /default-rack, certSerialId: null, persistedOpState: null, persistedOpStateExpiryEpochSec: 0}
2021-08-16 13:11:03,913 [EventQueue-NewNodeForNewNodeHandler] INFO  pipeline.BackgroundPipelineCreator (BackgroundPipelineCreatorV2.java:notifyEventTriggered(279)) - ignore, not leader SCM.
2021-08-16 13:11:03,913 [EventQueue-NodeRegistrationContainerReportForContainerSafeModeRule] INFO  safemode.SCMSafeModeManager (SCMSafeModeManager.java:validateSafeModeExitRules(204)) - ContainerSafeModeRule rule is successfully validated
2021-08-16 13:11:03,914 [EventQueue-PipelineReportForOneReplicaPipelineSafeModeRule] INFO  safemode.SCMSafeModeManager (SCMSafeModeManager.java:validateSafeModeExitRules(204)) - AtleastOneDatanodeReportedRule rule is successfully validated
2021-08-16 13:11:03,917 [EventQueue-NewNodeForNewNodeHandler] INFO  pipeline.BackgroundPipelineCreator (BackgroundPipelineCreatorV2.java:notifyEventTriggered(285)) - trigger a one-shot run on RatisPipelineUtilsThread.
2021-08-16 13:11:03,917 [RatisPipelineUtilsThread - 0] INFO  pipeline.RatisPipelineProvider (RatisPipelineProvider.java:lambda$create$0(183)) - Sending CreatePipelineCommand for pipeline:PipelineID=38d08bd5-3501-4166-9e78-000363879626 to datanode:fb992a77-9bc7-4c94-9eee-eafb24dfa6e7
2021-08-16 13:11:03,918 [EventQueue-NodeRegistrationContainerReportForDataNodeSafeModeRule] INFO  safemode.SCMSafeModeManager (DataNodeSafeModeRule.java:process(71)) - SCM in safe mode. 1 DataNodes registered, 3 required.
2021-08-16 13:11:03,923 [EventQueue-NodeRegistrationContainerReportForContainerSafeModeRule] INFO  safemode.SCMSafeModeManager (SCMSafeModeManager.java:validateSafeModeExitRules(204)) - ContainerSafeModeRule rule is successfully validated
2021-08-16 13:11:03,930 [f324fcdd-c742-4882-bf0f-17e5edd5a90a@group-D45398A5843A-StateMachineUpdater] INFO  pipeline.PipelineStateManager (PipelineStateManagerV2Impl.java:addPipeline(101)) - Created pipeline Pipeline[ Id: 38d08bd5-3501-4166-9e78-000363879626, Nodes: fb992a77-9bc7-4c94-9eee-eafb24dfa6e7{ip: 127.0.0.1, host: localhost, ports: [REPLICATION=39287, RATIS=40407, RATIS_ADMIN=40407, RATIS_SERVER=40407, STANDALONE=35263], networkLocation: /default-rack, certSerialId: null, persistedOpState: IN_SERVICE, persistedOpStateExpiryEpochSec: 0}, ReplicationConfig: RATIS/ONE, State:ALLOCATED, leaderId:, CreationTimestamp2021-08-16T13:11:03.917Z[Etc/UTC]].
2021-08-16 13:11:03,930 [f324fcdd-c742-4882-bf0f-17e5edd5a90a@group-D45398A5843A-StateMachineUpdater] INFO  safemode.HealthyPipelineSafeModeRule (HealthyPipelineSafeModeRule.java:initializeRule(152)) - Refreshed total pipeline count is 0, healthy pipeline threshold count is 1
2021-08-16 13:11:03,934 [f324fcdd-c742-4882-bf0f-17e5edd5a90a@group-D45398A5843A-StateMachineUpdater] INFO  safemode.SCMSafeModeManager (SCMSafeModeManager.java:validateSafeModeExitRules(204)) - AtleastOneDatanodeReportedRule rule is successfully validated
2021-08-16 13:11:03,938 [RatisPipelineUtilsThread - 0] INFO  ha.SCMHAInvocationHandler (SCMHAInvocationHandler.java:invokeRatis(113)) - Invoking method public abstract void org.apache.hadoop.hdds.scm.pipeline.StateManager.addPipeline(org.apache.hadoop.hdds.protocol.proto.HddsProtos$Pipeline) throws java.io.IOException on target org.apache.hadoop.hdds.scm.ha.SCMRatisServerImpl@78a76923, cost 15217.005us
2021-08-16 13:11:03,944 [161c1ac7-ff07-4d6f-a20c-3f676ae8d443@group-D45398A5843A-StateMachineUpdater] INFO  pipeline.PipelineStateManager (PipelineStateManagerV2Impl.java:addPipeline(101)) - Created pipeline Pipeline[ Id: 38d08bd5-3501-4166-9e78-000363879626, Nodes: fb992a77-9bc7-4c94-9eee-eafb24dfa6e7{ip: 127.0.0.1, host: localhost, ports: [REPLICATION=39287, RATIS=40407, RATIS_ADMIN=40407, RATIS_SERVER=40407, STANDALONE=35263], networkLocation: /default-rack, certSerialId: null, persistedOpState: IN_SERVICE, persistedOpStateExpiryEpochSec: 0}, ReplicationConfig: RATIS/ONE, State:ALLOCATED, leaderId:, CreationTimestamp2021-08-16T13:11:03.917Z[Etc/UTC]].
2021-08-16 13:11:03,944 [161c1ac7-ff07-4d6f-a20c-3f676ae8d443@group-D45398A5843A-StateMachineUpdater] INFO  safemode.HealthyPipelineSafeModeRule (HealthyPipelineSafeModeRule.java:initializeRule(152)) - Refreshed total pipeline count is 0, healthy pipeline threshold count is 1
2021-08-16 13:11:04,281 [IPC Server handler 1 on default port 13651] INFO  net.NetworkTopologyImpl (NetworkTopologyImpl.java:add(112)) - Added a new node: /default-rack/29512a7a-9393-40e5-8a40-953b2282bb1a
2021-08-16 13:11:04,281 [IPC Server handler 1 on default port 13651] INFO  node.SCMNodeManager (SCMNodeManager.java:register(390)) - Registered Data node : 29512a7a-9393-40e5-8a40-953b2282bb1a{ip: 127.0.0.1, host: localhost, ports: [REPLICATION=34631, RATIS=38169, RATIS_ADMIN=38169, RATIS_SERVER=38169, STANDALONE=40629], networkLocation: /default-rack, certSerialId: null, persistedOpState: null, persistedOpStateExpiryEpochSec: 0}
2021-08-16 13:11:04,285 [EventQueue-NewNodeForNewNodeHandler] INFO  pipeline.BackgroundPipelineCreator (BackgroundPipelineCreatorV2.java:notifyEventTriggered(279)) - ignore, not leader SCM.
2021-08-16 13:11:04,286 [IPC Server handler 0 on default port 13641] INFO  net.NetworkTopologyImpl (NetworkTopologyImpl.java:add(112)) - Added a new node: /default-rack/29512a7a-9393-40e5-8a40-953b2282bb1a
2021-08-16 13:11:04,286 [IPC Server handler 0 on default port 13641] INFO  node.SCMNodeManager (SCMNodeManager.java:register(390)) - Registered Data node : 29512a7a-9393-40e5-8a40-953b2282bb1a{ip: 127.0.0.1, host: localhost, ports: [REPLICATION=34631, RATIS=38169, RATIS_ADMIN=38169, RATIS_SERVER=38169, STANDALONE=40629], networkLocation: /default-rack, certSerialId: null, persistedOpState: null, persistedOpStateExpiryEpochSec: 0}
2021-08-16 13:11:04,288 [EventQueue-NodeRegistrationContainerReportForDataNodeSafeModeRule] INFO  safemode.SCMSafeModeManager (DataNodeSafeModeRule.java:process(71)) - SCM in safe mode. 2 DataNodes registered, 3 required.
2021-08-16 13:11:04,288 [EventQueue-NewNodeForNewNodeHandler] INFO  pipeline.BackgroundPipelineCreator (BackgroundPipelineCreatorV2.java:notifyEventTriggered(285)) - trigger a one-shot run on RatisPipelineUtilsThread.
2021-08-16 13:11:04,290 [EventQueue-NodeRegistrationContainerReportForDataNodeSafeModeRule] INFO  safemode.SCMSafeModeManager (DataNodeSafeModeRule.java:process(71)) - SCM in safe mode. 2 DataNodes registered, 3 required.
2021-08-16 13:11:04,293 [RatisPipelineUtilsThread - 0] INFO  pipeline.RatisPipelineProvider (RatisPipelineProvider.java:lambda$create$0(183)) - Sending CreatePipelineCommand for pipeline:PipelineID=419d1776-be45-4960-946c-4bd7ab1d9362 to datanode:29512a7a-9393-40e5-8a40-953b2282bb1a
2021-08-16 13:11:04,306 [f324fcdd-c742-4882-bf0f-17e5edd5a90a@group-D45398A5843A-StateMachineUpdater] INFO  pipeline.PipelineStateManager (PipelineStateManagerV2Impl.java:addPipeline(101)) - Created pipeline Pipeline[ Id: 419d1776-be45-4960-946c-4bd7ab1d9362, Nodes: 29512a7a-9393-40e5-8a40-953b2282bb1a{ip: 127.0.0.1, host: localhost, ports: [REPLICATION=34631, RATIS=38169, RATIS_ADMIN=38169, RATIS_SERVER=38169, STANDALONE=40629], networkLocation: /default-rack, certSerialId: null, persistedOpState: IN_SERVICE, persistedOpStateExpiryEpochSec: 0}, ReplicationConfig: RATIS/ONE, State:ALLOCATED, leaderId:, CreationTimestamp2021-08-16T13:11:04.293Z[Etc/UTC]].
2021-08-16 13:11:04,306 [f324fcdd-c742-4882-bf0f-17e5edd5a90a@group-D45398A5843A-StateMachineUpdater] INFO  safemode.HealthyPipelineSafeModeRule (HealthyPipelineSafeModeRule.java:initializeRule(152)) - Refreshed total pipeline count is 0, healthy pipeline threshold count is 1
2021-08-16 13:11:04,306 [RatisPipelineUtilsThread - 0] INFO  ha.SCMHAInvocationHandler (SCMHAInvocationHandler.java:invokeRatis(113)) - Invoking method public abstract void org.apache.hadoop.hdds.scm.pipeline.StateManager.addPipeline(org.apache.hadoop.hdds.protocol.proto.HddsProtos$Pipeline) throws java.io.IOException on target org.apache.hadoop.hdds.scm.ha.SCMRatisServerImpl@78a76923, cost 12752.242us
2021-08-16 13:11:04,317 [161c1ac7-ff07-4d6f-a20c-3f676ae8d443@group-D45398A5843A-StateMachineUpdater] INFO  pipeline.PipelineStateManager (PipelineStateManagerV2Impl.java:addPipeline(101)) - Created pipeline Pipeline[ Id: 419d1776-be45-4960-946c-4bd7ab1d9362, Nodes: 29512a7a-9393-40e5-8a40-953b2282bb1a{ip: 127.0.0.1, host: localhost, ports: [REPLICATION=34631, RATIS=38169, RATIS_ADMIN=38169, RATIS_SERVER=38169, STANDALONE=40629], networkLocation: /default-rack, certSerialId: null, persistedOpState: IN_SERVICE, persistedOpStateExpiryEpochSec: 0}, ReplicationConfig: RATIS/ONE, State:ALLOCATED, leaderId:, CreationTimestamp2021-08-16T13:11:04.293Z[Etc/UTC]].
2021-08-16 13:11:04,317 [161c1ac7-ff07-4d6f-a20c-3f676ae8d443@group-D45398A5843A-StateMachineUpdater] INFO  safemode.HealthyPipelineSafeModeRule (HealthyPipelineSafeModeRule.java:initializeRule(152)) - Refreshed total pipeline count is 0, healthy pipeline threshold count is 1
2021-08-16 13:11:04,318 [f324fcdd-c742-4882-bf0f-17e5edd5a90a@group-D45398A5843A-StateMachineUpdater] INFO  ha.SCMStateMachine (SCMStateMachine.java:takeSnapshot(290)) - Current Snapshot Index 10, takeSnapshot took 0 ms
2021-08-16 13:11:04,318 [f324fcdd-c742-4882-bf0f-17e5edd5a90a@group-D45398A5843A-StateMachineUpdater] INFO  impl.StateMachineUpdater (StateMachineUpdater.java:takeSnapshot(281)) - f324fcdd-c742-4882-bf0f-17e5edd5a90a@group-D45398A5843A-StateMachineUpdater: Took a snapshot at index 10
2021-08-16 13:11:04,318 [f324fcdd-c742-4882-bf0f-17e5edd5a90a@group-D45398A5843A-StateMachineUpdater] INFO  impl.StateMachineUpdater (StateMachineUpdater.java:lambda$new$0(89)) - f324fcdd-c742-4882-bf0f-17e5edd5a90a@group-D45398A5843A-StateMachineUpdater: snapshotIndex: updateIncreasingly 5 -> 10
2021-08-16 13:11:04,319 [f324fcdd-c742-4882-bf0f-17e5edd5a90a@group-D45398A5843A-StateMachineUpdater] INFO  raftlog.RaftLog (RaftLogBase.java:purge(306)) - f324fcdd-c742-4882-bf0f-17e5edd5a90a@group-D45398A5843A-SegmentedRaftLog: purge 10
2021-08-16 13:11:04,319 [f324fcdd-c742-4882-bf0f-17e5edd5a90a@group-D45398A5843A-StateMachineUpdater] INFO  raftlog.RaftLog (RaftLogBase.java:lambda$new$0(53)) - f324fcdd-c742-4882-bf0f-17e5edd5a90a@group-D45398A5843A-SegmentedRaftLog: snapshotIndex: updateIncreasingly 5 -> 10
2021-08-16 13:11:04,319 [f324fcdd-c742-4882-bf0f-17e5edd5a90a@group-D45398A5843A-StateMachineUpdater] INFO  raftlog.RaftLog (RaftLogBase.java:lambda$new$0(53)) - f324fcdd-c742-4882-bf0f-17e5edd5a90a@group-D45398A5843A-SegmentedRaftLog: purgeIndex: updateToMax old=0, new=10, updated? true
2021-08-16 13:11:04,639 [EndpointStateMachine task thread for /127.0.0.1:15281 - 0 ] INFO  ipc.Client (Client.java:handleConnectionFailure(977)) - Retrying connect to server: localhost/127.0.0.1:15281. Already tried 8 time(s); retry policy is RetryUpToMaximumCountWithFixedSleep(maxRetries=15, sleepTime=1000 MILLISECONDS)
2021-08-16 13:11:04,640 [EndpointStateMachine task thread for /127.0.0.1:15291 - 0 ] INFO  ipc.Client (Client.java:handleConnectionFailure(977)) - Retrying connect to server: localhost/127.0.0.1:15291. Already tried 8 time(s); retry policy is RetryUpToMaximumCountWithFixedSleep(maxRetries=15, sleepTime=1000 MILLISECONDS)
2021-08-16 13:11:04,645 [EndpointStateMachine task thread for /127.0.0.1:15301 - 0 ] INFO  ipc.Client (Client.java:handleConnectionFailure(977)) - Retrying connect to server: localhost/127.0.0.1:15301. Already tried 8 time(s); retry policy is RetryUpToMaximumCountWithFixedSleep(maxRetries=15, sleepTime=1000 MILLISECONDS)
2021-08-16 13:11:04,794 [Listener at 127.0.0.1/13436] INFO  ozone.MiniOzoneClusterImpl (MiniOzoneClusterImpl.java:lambda$waitForClusterToBeReady$0(235)) - Waiting for nodes to be ready. Got 2 of 3 DN Heartbeats.
2021-08-16 13:11:04,794 [Listener at 127.0.0.1/13436] INFO  ozone.MiniOzoneClusterImpl (MiniOzoneClusterImpl.java:lambda$waitForClusterToBeReady$0(238)) - Waiting for cluster to exit safe mode
2021-08-16 13:11:04,794 [Listener at 127.0.0.1/13436] INFO  ozone.MiniOzoneClusterImpl (MiniOzoneClusterImpl.java:lambda$waitForClusterToBeReady$0(240)) - SCM became leader
2021-08-16 13:11:04,844 [IPC Server handler 5 on default port 13651] INFO  net.NetworkTopologyImpl (NetworkTopologyImpl.java:add(112)) - Added a new node: /default-rack/6430af1b-8c1e-4941-b86e-70a611f1e973
2021-08-16 13:11:04,844 [IPC Server handler 5 on default port 13651] INFO  node.SCMNodeManager (SCMNodeManager.java:register(390)) - Registered Data node : 6430af1b-8c1e-4941-b86e-70a611f1e973{ip: 127.0.0.1, host: localhost, ports: [REPLICATION=38051, RATIS=46065, RATIS_ADMIN=46065, RATIS_SERVER=46065, STANDALONE=42265], networkLocation: /default-rack, certSerialId: null, persistedOpState: null, persistedOpStateExpiryEpochSec: 0}
2021-08-16 13:11:04,845 [EventQueue-NewNodeForNewNodeHandler] INFO  pipeline.BackgroundPipelineCreator (BackgroundPipelineCreatorV2.java:notifyEventTriggered(279)) - ignore, not leader SCM.
2021-08-16 13:11:04,848 [EventQueue-NodeRegistrationContainerReportForDataNodeSafeModeRule] INFO  safemode.SCMSafeModeManager (DataNodeSafeModeRule.java:process(71)) - SCM in safe mode. 3 DataNodes registered, 3 required.
2021-08-16 13:11:04,848 [EventQueue-NodeRegistrationContainerReportForDataNodeSafeModeRule] INFO  safemode.SCMSafeModeManager (SCMSafeModeManager.java:validateSafeModeExitRules(204)) - DataNodeSafeModeRule rule is successfully validated
2021-08-16 13:11:04,848 [EventQueue-NodeRegistrationContainerReportForDataNodeSafeModeRule] INFO  safemode.SCMSafeModeManager (SCMSafeModeManager.java:completePreCheck(233)) - All SCM safe mode pre check rules have passed
2021-08-16 13:11:04,848 [EventQueue-NodeRegistrationContainerReportForDataNodeSafeModeRule] WARN  events.EventQueue (EventQueue.java:fireEvent(194)) - No event handler registered for event TypedEvent{payloadType=SafeModeStatus, name='Safe mode status'}
2021-08-16 13:11:04,848 [EventQueue-NodeRegistrationContainerReportForDataNodeSafeModeRule] INFO  ha.SCMContext (SCMContext.java:updateSafeModeStatus(205)) - Update SafeModeStatus from SafeModeStatus{safeModeStatus=true, preCheckPassed=false} to SafeModeStatus{safeModeStatus=true, preCheckPassed=true}.
2021-08-16 13:11:04,848 [EventQueue-NodeRegistrationContainerReportForDataNodeSafeModeRule] INFO  pipeline.BackgroundPipelineCreator (BackgroundPipelineCreatorV2.java:notifyEventTriggered(279)) - ignore, not leader SCM.
2021-08-16 13:11:04,850 [IPC Server handler 99 on default port 13641] INFO  net.NetworkTopologyImpl (NetworkTopologyImpl.java:add(112)) - Added a new node: /default-rack/6430af1b-8c1e-4941-b86e-70a611f1e973
2021-08-16 13:11:04,850 [IPC Server handler 99 on default port 13641] INFO  node.SCMNodeManager (SCMNodeManager.java:register(390)) - Registered Data node : 6430af1b-8c1e-4941-b86e-70a611f1e973{ip: 127.0.0.1, host: localhost, ports: [REPLICATION=38051, RATIS=46065, RATIS_ADMIN=46065, RATIS_SERVER=46065, STANDALONE=42265], networkLocation: /default-rack, certSerialId: null, persistedOpState: null, persistedOpStateExpiryEpochSec: 0}
2021-08-16 13:11:04,850 [EventQueue-NewNodeForNewNodeHandler] INFO  pipeline.BackgroundPipelineCreator (BackgroundPipelineCreatorV2.java:notifyEventTriggered(285)) - trigger a one-shot run on RatisPipelineUtilsThread.
2021-08-16 13:11:04,850 [RatisPipelineUtilsThread - 0] INFO  pipeline.RatisPipelineProvider (RatisPipelineProvider.java:lambda$create$0(183)) - Sending CreatePipelineCommand for pipeline:PipelineID=277154f8-762a-44b4-811b-6b6377511ca5 to datanode:6430af1b-8c1e-4941-b86e-70a611f1e973
2021-08-16 13:11:04,855 [EventQueue-NodeRegistrationContainerReportForDataNodeSafeModeRule] INFO  safemode.SCMSafeModeManager (DataNodeSafeModeRule.java:process(71)) - SCM in safe mode. 3 DataNodes registered, 3 required.
2021-08-16 13:11:04,855 [EventQueue-NodeRegistrationContainerReportForDataNodeSafeModeRule] INFO  safemode.SCMSafeModeManager (SCMSafeModeManager.java:validateSafeModeExitRules(204)) - DataNodeSafeModeRule rule is successfully validated
2021-08-16 13:11:04,855 [EventQueue-NodeRegistrationContainerReportForDataNodeSafeModeRule] INFO  safemode.SCMSafeModeManager (SCMSafeModeManager.java:completePreCheck(233)) - All SCM safe mode pre check rules have passed
2021-08-16 13:11:04,855 [EventQueue-NodeRegistrationContainerReportForDataNodeSafeModeRule] WARN  events.EventQueue (EventQueue.java:fireEvent(194)) - No event handler registered for event TypedEvent{payloadType=SafeModeStatus, name='Safe mode status'}
2021-08-16 13:11:04,855 [EventQueue-NodeRegistrationContainerReportForDataNodeSafeModeRule] INFO  ha.SCMContext (SCMContext.java:updateSafeModeStatus(205)) - Update SafeModeStatus from SafeModeStatus{safeModeStatus=true, preCheckPassed=false} to SafeModeStatus{safeModeStatus=true, preCheckPassed=true}.
2021-08-16 13:11:04,855 [EventQueue-NodeRegistrationContainerReportForDataNodeSafeModeRule] INFO  pipeline.BackgroundPipelineCreator (BackgroundPipelineCreatorV2.java:notifyEventTriggered(285)) - trigger a one-shot run on RatisPipelineUtilsThread.
2021-08-16 13:11:04,859 [161c1ac7-ff07-4d6f-a20c-3f676ae8d443@group-D45398A5843A-StateMachineUpdater] INFO  ha.SCMStateMachine (SCMStateMachine.java:takeSnapshot(290)) - Current Snapshot Index 10, takeSnapshot took 0 ms
2021-08-16 13:11:04,859 [161c1ac7-ff07-4d6f-a20c-3f676ae8d443@group-D45398A5843A-StateMachineUpdater] INFO  impl.StateMachineUpdater (StateMachineUpdater.java:takeSnapshot(281)) - 161c1ac7-ff07-4d6f-a20c-3f676ae8d443@group-D45398A5843A-StateMachineUpdater: Took a snapshot at index 10
2021-08-16 13:11:04,859 [161c1ac7-ff07-4d6f-a20c-3f676ae8d443@group-D45398A5843A-StateMachineUpdater] INFO  impl.StateMachineUpdater (StateMachineUpdater.java:lambda$new$0(89)) - 161c1ac7-ff07-4d6f-a20c-3f676ae8d443@group-D45398A5843A-StateMachineUpdater: snapshotIndex: updateIncreasingly 5 -> 10
2021-08-16 13:11:04,859 [161c1ac7-ff07-4d6f-a20c-3f676ae8d443@group-D45398A5843A-StateMachineUpdater] INFO  raftlog.RaftLog (RaftLogBase.java:purge(306)) - 161c1ac7-ff07-4d6f-a20c-3f676ae8d443@group-D45398A5843A-SegmentedRaftLog: purge 10
2021-08-16 13:11:04,859 [161c1ac7-ff07-4d6f-a20c-3f676ae8d443@group-D45398A5843A-StateMachineUpdater] INFO  raftlog.RaftLog (RaftLogBase.java:lambda$new$0(53)) - 161c1ac7-ff07-4d6f-a20c-3f676ae8d443@group-D45398A5843A-SegmentedRaftLog: snapshotIndex: updateIncreasingly 5 -> 10
2021-08-16 13:11:04,859 [161c1ac7-ff07-4d6f-a20c-3f676ae8d443@group-D45398A5843A-StateMachineUpdater] INFO  raftlog.RaftLog (RaftLogBase.java:lambda$new$0(53)) - 161c1ac7-ff07-4d6f-a20c-3f676ae8d443@group-D45398A5843A-SegmentedRaftLog: purgeIndex: updateToMax old=0, new=10, updated? true
2021-08-16 13:11:04,861 [f324fcdd-c742-4882-bf0f-17e5edd5a90a@group-D45398A5843A-StateMachineUpdater] INFO  pipeline.PipelineStateManager (PipelineStateManagerV2Impl.java:addPipeline(101)) - Created pipeline Pipeline[ Id: 277154f8-762a-44b4-811b-6b6377511ca5, Nodes: 6430af1b-8c1e-4941-b86e-70a611f1e973{ip: 127.0.0.1, host: localhost, ports: [REPLICATION=38051, RATIS=46065, RATIS_ADMIN=46065, RATIS_SERVER=46065, STANDALONE=42265], networkLocation: /default-rack, certSerialId: null, persistedOpState: IN_SERVICE, persistedOpStateExpiryEpochSec: 0}, ReplicationConfig: RATIS/ONE, State:ALLOCATED, leaderId:, CreationTimestamp2021-08-16T13:11:04.850Z[Etc/UTC]].
2021-08-16 13:11:04,861 [f324fcdd-c742-4882-bf0f-17e5edd5a90a@group-D45398A5843A-StateMachineUpdater] INFO  safemode.HealthyPipelineSafeModeRule (HealthyPipelineSafeModeRule.java:initializeRule(152)) - Refreshed total pipeline count is 0, healthy pipeline threshold count is 1
2021-08-16 13:11:04,862 [RatisPipelineUtilsThread - 0] INFO  ha.SCMHAInvocationHandler (SCMHAInvocationHandler.java:invokeRatis(113)) - Invoking method public abstract void org.apache.hadoop.hdds.scm.pipeline.StateManager.addPipeline(org.apache.hadoop.hdds.protocol.proto.HddsProtos$Pipeline) throws java.io.IOException on target org.apache.hadoop.hdds.scm.ha.SCMRatisServerImpl@78a76923, cost 11886.784us
2021-08-16 13:11:04,863 [RatisPipelineUtilsThread - 0] INFO  pipeline.RatisPipelineProvider (RatisPipelineProvider.java:lambda$create$0(183)) - Sending CreatePipelineCommand for pipeline:PipelineID=3a798cf3-ec63-4670-bd83-d248bb1166f2 to datanode:29512a7a-9393-40e5-8a40-953b2282bb1a
2021-08-16 13:11:04,863 [RatisPipelineUtilsThread - 0] INFO  pipeline.RatisPipelineProvider (RatisPipelineProvider.java:lambda$create$0(183)) - Sending CreatePipelineCommand for pipeline:PipelineID=3a798cf3-ec63-4670-bd83-d248bb1166f2 to datanode:6430af1b-8c1e-4941-b86e-70a611f1e973
2021-08-16 13:11:04,863 [RatisPipelineUtilsThread - 0] INFO  pipeline.RatisPipelineProvider (RatisPipelineProvider.java:lambda$create$0(183)) - Sending CreatePipelineCommand for pipeline:PipelineID=3a798cf3-ec63-4670-bd83-d248bb1166f2 to datanode:fb992a77-9bc7-4c94-9eee-eafb24dfa6e7
2021-08-16 13:11:04,867 [161c1ac7-ff07-4d6f-a20c-3f676ae8d443@group-D45398A5843A-StateMachineUpdater] INFO  pipeline.PipelineStateManager (PipelineStateManagerV2Impl.java:addPipeline(101)) - Created pipeline Pipeline[ Id: 277154f8-762a-44b4-811b-6b6377511ca5, Nodes: 6430af1b-8c1e-4941-b86e-70a611f1e973{ip: 127.0.0.1, host: localhost, ports: [REPLICATION=38051, RATIS=46065, RATIS_ADMIN=46065, RATIS_SERVER=46065, STANDALONE=42265], networkLocation: /default-rack, certSerialId: null, persistedOpState: IN_SERVICE, persistedOpStateExpiryEpochSec: 0}, ReplicationConfig: RATIS/ONE, State:ALLOCATED, leaderId:, CreationTimestamp2021-08-16T13:11:04.850Z[Etc/UTC]].
2021-08-16 13:11:04,867 [161c1ac7-ff07-4d6f-a20c-3f676ae8d443@group-D45398A5843A-StateMachineUpdater] INFO  safemode.HealthyPipelineSafeModeRule (HealthyPipelineSafeModeRule.java:initializeRule(152)) - Refreshed total pipeline count is 0, healthy pipeline threshold count is 1
2021-08-16 13:11:04,869 [f324fcdd-c742-4882-bf0f-17e5edd5a90a@group-D45398A5843A-StateMachineUpdater] INFO  pipeline.PipelineStateManager (PipelineStateManagerV2Impl.java:addPipeline(101)) - Created pipeline Pipeline[ Id: 3a798cf3-ec63-4670-bd83-d248bb1166f2, Nodes: 29512a7a-9393-40e5-8a40-953b2282bb1a{ip: 127.0.0.1, host: localhost, ports: [REPLICATION=34631, RATIS=38169, RATIS_ADMIN=38169, RATIS_SERVER=38169, STANDALONE=40629], networkLocation: /default-rack, certSerialId: null, persistedOpState: IN_SERVICE, persistedOpStateExpiryEpochSec: 0}6430af1b-8c1e-4941-b86e-70a611f1e973{ip: 127.0.0.1, host: localhost, ports: [REPLICATION=38051, RATIS=46065, RATIS_ADMIN=46065, RATIS_SERVER=46065, STANDALONE=42265], networkLocation: /default-rack, certSerialId: null, persistedOpState: IN_SERVICE, persistedOpStateExpiryEpochSec: 0}fb992a77-9bc7-4c94-9eee-eafb24dfa6e7{ip: 127.0.0.1, host: localhost, ports: [REPLICATION=39287, RATIS=40407, RATIS_ADMIN=40407, RATIS_SERVER=40407, STANDALONE=35263], networkLocation: /default-rack, certSerialId: null, persistedOpState: IN_SERVICE, persistedOpStateExpiryEpochSec: 0}, ReplicationConfig: RATIS/THREE, State:ALLOCATED, leaderId:, CreationTimestamp2021-08-16T13:11:04.863Z[Etc/UTC]].
2021-08-16 13:11:04,869 [f324fcdd-c742-4882-bf0f-17e5edd5a90a@group-D45398A5843A-StateMachineUpdater] INFO  safemode.HealthyPipelineSafeModeRule (HealthyPipelineSafeModeRule.java:initializeRule(152)) - Refreshed total pipeline count is 0, healthy pipeline threshold count is 1
2021-08-16 13:11:04,869 [RatisPipelineUtilsThread - 0] INFO  ha.SCMHAInvocationHandler (SCMHAInvocationHandler.java:invokeRatis(113)) - Invoking method public abstract void org.apache.hadoop.hdds.scm.pipeline.StateManager.addPipeline(org.apache.hadoop.hdds.protocol.proto.HddsProtos$Pipeline) throws java.io.IOException on target org.apache.hadoop.hdds.scm.ha.SCMRatisServerImpl@78a76923, cost 6551.232us
2021-08-16 13:11:04,870 [RatisPipelineUtilsThread - 0] INFO  pipeline.RatisPipelineProvider (RatisPipelineProvider.java:lambda$create$0(183)) - Sending CreatePipelineCommand for pipeline:PipelineID=962f00f2-eecd-4ec7-a4b2-b8dbc5b42549 to datanode:fb992a77-9bc7-4c94-9eee-eafb24dfa6e7
2021-08-16 13:11:04,870 [RatisPipelineUtilsThread - 0] INFO  pipeline.RatisPipelineProvider (RatisPipelineProvider.java:lambda$create$0(183)) - Sending CreatePipelineCommand for pipeline:PipelineID=962f00f2-eecd-4ec7-a4b2-b8dbc5b42549 to datanode:29512a7a-9393-40e5-8a40-953b2282bb1a
2021-08-16 13:11:04,870 [RatisPipelineUtilsThread - 0] INFO  pipeline.RatisPipelineProvider (RatisPipelineProvider.java:lambda$create$0(183)) - Sending CreatePipelineCommand for pipeline:PipelineID=962f00f2-eecd-4ec7-a4b2-b8dbc5b42549 to datanode:6430af1b-8c1e-4941-b86e-70a611f1e973
2021-08-16 13:11:04,887 [161c1ac7-ff07-4d6f-a20c-3f676ae8d443@group-D45398A5843A-StateMachineUpdater] INFO  pipeline.PipelineStateManager (PipelineStateManagerV2Impl.java:addPipeline(101)) - Created pipeline Pipeline[ Id: 3a798cf3-ec63-4670-bd83-d248bb1166f2, Nodes: 29512a7a-9393-40e5-8a40-953b2282bb1a{ip: 127.0.0.1, host: localhost, ports: [REPLICATION=34631, RATIS=38169, RATIS_ADMIN=38169, RATIS_SERVER=38169, STANDALONE=40629], networkLocation: /default-rack, certSerialId: null, persistedOpState: IN_SERVICE, persistedOpStateExpiryEpochSec: 0}6430af1b-8c1e-4941-b86e-70a611f1e973{ip: 127.0.0.1, host: localhost, ports: [REPLICATION=38051, RATIS=46065, RATIS_ADMIN=46065, RATIS_SERVER=46065, STANDALONE=42265], networkLocation: /default-rack, certSerialId: null, persistedOpState: IN_SERVICE, persistedOpStateExpiryEpochSec: 0}fb992a77-9bc7-4c94-9eee-eafb24dfa6e7{ip: 127.0.0.1, host: localhost, ports: [REPLICATION=39287, RATIS=40407, RATIS_ADMIN=40407, RATIS_SERVER=40407, STANDALONE=35263], networkLocation: /default-rack, certSerialId: null, persistedOpState: IN_SERVICE, persistedOpStateExpiryEpochSec: 0}, ReplicationConfig: RATIS/THREE, State:ALLOCATED, leaderId:, CreationTimestamp2021-08-16T13:11:04.863Z[Etc/UTC]].
2021-08-16 13:11:04,887 [161c1ac7-ff07-4d6f-a20c-3f676ae8d443@group-D45398A5843A-StateMachineUpdater] INFO  safemode.HealthyPipelineSafeModeRule (HealthyPipelineSafeModeRule.java:initializeRule(152)) - Refreshed total pipeline count is 0, healthy pipeline threshold count is 1
2021-08-16 13:11:04,892 [f324fcdd-c742-4882-bf0f-17e5edd5a90a@group-D45398A5843A-StateMachineUpdater] INFO  pipeline.PipelineStateManager (PipelineStateManagerV2Impl.java:addPipeline(101)) - Created pipeline Pipeline[ Id: 962f00f2-eecd-4ec7-a4b2-b8dbc5b42549, Nodes: fb992a77-9bc7-4c94-9eee-eafb24dfa6e7{ip: 127.0.0.1, host: localhost, ports: [REPLICATION=39287, RATIS=40407, RATIS_ADMIN=40407, RATIS_SERVER=40407, STANDALONE=35263], networkLocation: /default-rack, certSerialId: null, persistedOpState: IN_SERVICE, persistedOpStateExpiryEpochSec: 0}29512a7a-9393-40e5-8a40-953b2282bb1a{ip: 127.0.0.1, host: localhost, ports: [REPLICATION=34631, RATIS=38169, RATIS_ADMIN=38169, RATIS_SERVER=38169, STANDALONE=40629], networkLocation: /default-rack, certSerialId: null, persistedOpState: IN_SERVICE, persistedOpStateExpiryEpochSec: 0}6430af1b-8c1e-4941-b86e-70a611f1e973{ip: 127.0.0.1, host: localhost, ports: [REPLICATION=38051, RATIS=46065, RATIS_ADMIN=46065, RATIS_SERVER=46065, STANDALONE=42265], networkLocation: /default-rack, certSerialId: null, persistedOpState: IN_SERVICE, persistedOpStateExpiryEpochSec: 0}, ReplicationConfig: RATIS/THREE, State:ALLOCATED, leaderId:, CreationTimestamp2021-08-16T13:11:04.870Z[Etc/UTC]].
2021-08-16 13:11:04,892 [f324fcdd-c742-4882-bf0f-17e5edd5a90a@group-D45398A5843A-StateMachineUpdater] INFO  safemode.HealthyPipelineSafeModeRule (HealthyPipelineSafeModeRule.java:initializeRule(152)) - Refreshed total pipeline count is 0, healthy pipeline threshold count is 1
2021-08-16 13:11:04,892 [f324fcdd-c742-4882-bf0f-17e5edd5a90a@group-D45398A5843A-StateMachineUpdater] INFO  ha.SCMStateMachine (SCMStateMachine.java:takeSnapshot(290)) - Current Snapshot Index 15, takeSnapshot took 0 ms
2021-08-16 13:11:04,892 [f324fcdd-c742-4882-bf0f-17e5edd5a90a@group-D45398A5843A-StateMachineUpdater] INFO  impl.StateMachineUpdater (StateMachineUpdater.java:takeSnapshot(281)) - f324fcdd-c742-4882-bf0f-17e5edd5a90a@group-D45398A5843A-StateMachineUpdater: Took a snapshot at index 15
2021-08-16 13:11:04,892 [f324fcdd-c742-4882-bf0f-17e5edd5a90a@group-D45398A5843A-StateMachineUpdater] INFO  impl.StateMachineUpdater (StateMachineUpdater.java:lambda$new$0(89)) - f324fcdd-c742-4882-bf0f-17e5edd5a90a@group-D45398A5843A-StateMachineUpdater: snapshotIndex: updateIncreasingly 10 -> 15
2021-08-16 13:11:04,892 [f324fcdd-c742-4882-bf0f-17e5edd5a90a@group-D45398A5843A-StateMachineUpdater] INFO  raftlog.RaftLog (RaftLogBase.java:purge(306)) - f324fcdd-c742-4882-bf0f-17e5edd5a90a@group-D45398A5843A-SegmentedRaftLog: purge 15
2021-08-16 13:11:04,892 [f324fcdd-c742-4882-bf0f-17e5edd5a90a@group-D45398A5843A-StateMachineUpdater] INFO  raftlog.RaftLog (RaftLogBase.java:lambda$new$0(53)) - f324fcdd-c742-4882-bf0f-17e5edd5a90a@group-D45398A5843A-SegmentedRaftLog: snapshotIndex: updateIncreasingly 10 -> 15
2021-08-16 13:11:04,893 [f324fcdd-c742-4882-bf0f-17e5edd5a90a@group-D45398A5843A-StateMachineUpdater] INFO  raftlog.RaftLog (RaftLogBase.java:lambda$new$0(53)) - f324fcdd-c742-4882-bf0f-17e5edd5a90a@group-D45398A5843A-SegmentedRaftLog: purgeIndex: updateToMax old=10, new=15, updated? true
2021-08-16 13:11:04,893 [RatisPipelineUtilsThread - 0] INFO  ha.SCMHAInvocationHandler (SCMHAInvocationHandler.java:invokeRatis(113)) - Invoking method public abstract void org.apache.hadoop.hdds.scm.pipeline.StateManager.addPipeline(org.apache.hadoop.hdds.protocol.proto.HddsProtos$Pipeline) throws java.io.IOException on target org.apache.hadoop.hdds.scm.ha.SCMRatisServerImpl@78a76923, cost 22697.299us
2021-08-16 13:11:04,893 [RatisPipelineUtilsThread - 0] INFO  pipeline.PipelineManagerImpl (PipelineManagerImpl.java:recordMetricsForPipeline(614)) - Pipeline: PipelineID=962f00f2-eecd-4ec7-a4b2-b8dbc5b42549 contains same datanodes as previous pipelines: PipelineID=3a798cf3-ec63-4670-bd83-d248bb1166f2 nodeIds: fb992a77-9bc7-4c94-9eee-eafb24dfa6e7, 29512a7a-9393-40e5-8a40-953b2282bb1a, 6430af1b-8c1e-4941-b86e-70a611f1e973
2021-08-16 13:11:04,899 [161c1ac7-ff07-4d6f-a20c-3f676ae8d443@group-D45398A5843A-StateMachineUpdater] INFO  pipeline.PipelineStateManager (PipelineStateManagerV2Impl.java:addPipeline(101)) - Created pipeline Pipeline[ Id: 962f00f2-eecd-4ec7-a4b2-b8dbc5b42549, Nodes: fb992a77-9bc7-4c94-9eee-eafb24dfa6e7{ip: 127.0.0.1, host: localhost, ports: [REPLICATION=39287, RATIS=40407, RATIS_ADMIN=40407, RATIS_SERVER=40407, STANDALONE=35263], networkLocation: /default-rack, certSerialId: null, persistedOpState: IN_SERVICE, persistedOpStateExpiryEpochSec: 0}29512a7a-9393-40e5-8a40-953b2282bb1a{ip: 127.0.0.1, host: localhost, ports: [REPLICATION=34631, RATIS=38169, RATIS_ADMIN=38169, RATIS_SERVER=38169, STANDALONE=40629], networkLocation: /default-rack, certSerialId: null, persistedOpState: IN_SERVICE, persistedOpStateExpiryEpochSec: 0}6430af1b-8c1e-4941-b86e-70a611f1e973{ip: 127.0.0.1, host: localhost, ports: [REPLICATION=38051, RATIS=46065, RATIS_ADMIN=46065, RATIS_SERVER=46065, STANDALONE=42265], networkLocation: /default-rack, certSerialId: null, persistedOpState: IN_SERVICE, persistedOpStateExpiryEpochSec: 0}, ReplicationConfig: RATIS/THREE, State:ALLOCATED, leaderId:, CreationTimestamp2021-08-16T13:11:04.870Z[Etc/UTC]].
2021-08-16 13:11:04,899 [161c1ac7-ff07-4d6f-a20c-3f676ae8d443@group-D45398A5843A-StateMachineUpdater] INFO  safemode.HealthyPipelineSafeModeRule (HealthyPipelineSafeModeRule.java:initializeRule(152)) - Refreshed total pipeline count is 0, healthy pipeline threshold count is 1
2021-08-16 13:11:04,901 [161c1ac7-ff07-4d6f-a20c-3f676ae8d443@group-D45398A5843A-StateMachineUpdater] INFO  ha.SCMStateMachine (SCMStateMachine.java:takeSnapshot(290)) - Current Snapshot Index 15, takeSnapshot took 2 ms
2021-08-16 13:11:04,901 [161c1ac7-ff07-4d6f-a20c-3f676ae8d443@group-D45398A5843A-StateMachineUpdater] INFO  impl.StateMachineUpdater (StateMachineUpdater.java:takeSnapshot(281)) - 161c1ac7-ff07-4d6f-a20c-3f676ae8d443@group-D45398A5843A-StateMachineUpdater: Took a snapshot at index 15
2021-08-16 13:11:04,901 [161c1ac7-ff07-4d6f-a20c-3f676ae8d443@group-D45398A5843A-StateMachineUpdater] INFO  impl.StateMachineUpdater (StateMachineUpdater.java:lambda$new$0(89)) - 161c1ac7-ff07-4d6f-a20c-3f676ae8d443@group-D45398A5843A-StateMachineUpdater: snapshotIndex: updateIncreasingly 10 -> 15
2021-08-16 13:11:04,901 [161c1ac7-ff07-4d6f-a20c-3f676ae8d443@group-D45398A5843A-StateMachineUpdater] INFO  raftlog.RaftLog (RaftLogBase.java:purge(306)) - 161c1ac7-ff07-4d6f-a20c-3f676ae8d443@group-D45398A5843A-SegmentedRaftLog: purge 15
2021-08-16 13:11:04,901 [161c1ac7-ff07-4d6f-a20c-3f676ae8d443@group-D45398A5843A-StateMachineUpdater] INFO  raftlog.RaftLog (RaftLogBase.java:lambda$new$0(53)) - 161c1ac7-ff07-4d6f-a20c-3f676ae8d443@group-D45398A5843A-SegmentedRaftLog: snapshotIndex: updateIncreasingly 10 -> 15
2021-08-16 13:11:04,901 [161c1ac7-ff07-4d6f-a20c-3f676ae8d443@group-D45398A5843A-StateMachineUpdater] INFO  raftlog.RaftLog (RaftLogBase.java:lambda$new$0(53)) - 161c1ac7-ff07-4d6f-a20c-3f676ae8d443@group-D45398A5843A-SegmentedRaftLog: purgeIndex: updateToMax old=10, new=15, updated? true
2021-08-16 13:11:05,640 [EndpointStateMachine task thread for /127.0.0.1:15281 - 0 ] INFO  ipc.Client (Client.java:handleConnectionFailure(977)) - Retrying connect to server: localhost/127.0.0.1:15281. Already tried 9 time(s); retry policy is RetryUpToMaximumCountWithFixedSleep(maxRetries=15, sleepTime=1000 MILLISECONDS)
2021-08-16 13:11:05,641 [EndpointStateMachine task thread for /127.0.0.1:15291 - 0 ] INFO  ipc.Client (Client.java:handleConnectionFailure(977)) - Retrying connect to server: localhost/127.0.0.1:15291. Already tried 9 time(s); retry policy is RetryUpToMaximumCountWithFixedSleep(maxRetries=15, sleepTime=1000 MILLISECONDS)
2021-08-16 13:11:05,646 [EndpointStateMachine task thread for /127.0.0.1:15301 - 0 ] INFO  ipc.Client (Client.java:handleConnectionFailure(977)) - Retrying connect to server: localhost/127.0.0.1:15301. Already tried 9 time(s); retry policy is RetryUpToMaximumCountWithFixedSleep(maxRetries=15, sleepTime=1000 MILLISECONDS)
2021-08-16 13:11:05,794 [Listener at 127.0.0.1/13436] INFO  ozone.MiniOzoneClusterImpl (MiniOzoneClusterImpl.java:lambda$waitForClusterToBeReady$0(235)) - Nodes are ready. Got 3 of 3 DN Heartbeats.
2021-08-16 13:11:05,794 [Listener at 127.0.0.1/13436] INFO  ozone.MiniOzoneClusterImpl (MiniOzoneClusterImpl.java:lambda$waitForClusterToBeReady$0(238)) - Waiting for cluster to exit safe mode
2021-08-16 13:11:05,794 [Listener at 127.0.0.1/13436] INFO  ozone.MiniOzoneClusterImpl (MiniOzoneClusterImpl.java:lambda$waitForClusterToBeReady$0(240)) - SCM became leader
2021-08-16 13:11:06,641 [EndpointStateMachine task thread for /127.0.0.1:15281 - 0 ] INFO  ipc.Client (Client.java:handleConnectionFailure(977)) - Retrying connect to server: localhost/127.0.0.1:15281. Already tried 10 time(s); retry policy is RetryUpToMaximumCountWithFixedSleep(maxRetries=15, sleepTime=1000 MILLISECONDS)
2021-08-16 13:11:06,641 [EndpointStateMachine task thread for /127.0.0.1:15291 - 0 ] INFO  ipc.Client (Client.java:handleConnectionFailure(977)) - Retrying connect to server: localhost/127.0.0.1:15291. Already tried 10 time(s); retry policy is RetryUpToMaximumCountWithFixedSleep(maxRetries=15, sleepTime=1000 MILLISECONDS)
2021-08-16 13:11:06,646 [EndpointStateMachine task thread for /127.0.0.1:15301 - 0 ] INFO  ipc.Client (Client.java:handleConnectionFailure(977)) - Retrying connect to server: localhost/127.0.0.1:15301. Already tried 10 time(s); retry policy is RetryUpToMaximumCountWithFixedSleep(maxRetries=15, sleepTime=1000 MILLISECONDS)
2021-08-16 13:11:06,795 [Listener at 127.0.0.1/13436] INFO  ozone.MiniOzoneClusterImpl (MiniOzoneClusterImpl.java:lambda$waitForClusterToBeReady$0(235)) - Nodes are ready. Got 3 of 3 DN Heartbeats.
2021-08-16 13:11:06,795 [Listener at 127.0.0.1/13436] INFO  ozone.MiniOzoneClusterImpl (MiniOzoneClusterImpl.java:lambda$waitForClusterToBeReady$0(238)) - Waiting for cluster to exit safe mode
2021-08-16 13:11:06,795 [Listener at 127.0.0.1/13436] INFO  ozone.MiniOzoneClusterImpl (MiniOzoneClusterImpl.java:lambda$waitForClusterToBeReady$0(240)) - SCM became leader
2021-08-16 13:11:06,911 [Command processor thread] INFO  server.RaftServer (RaftServerProxy.java:addNew(95)) - fb992a77-9bc7-4c94-9eee-eafb24dfa6e7: addNew group-000363879626:[fb992a77-9bc7-4c94-9eee-eafb24dfa6e7|rpc:127.0.0.1:40407|priority:1] returns group-000363879626:java.util.concurrent.CompletableFuture@6fd722a4[Not completed]
2021-08-16 13:11:06,925 [pool-258-thread-1] INFO  server.RaftServer$Division (RaftServerImpl.java:<init>(181)) - fb992a77-9bc7-4c94-9eee-eafb24dfa6e7: new RaftServerImpl for group-000363879626:[fb992a77-9bc7-4c94-9eee-eafb24dfa6e7|rpc:127.0.0.1:40407|priority:1] with ContainerStateMachine:uninitialized
2021-08-16 13:11:06,926 [pool-258-thread-1] INFO  server.RaftServerConfigKeys (ConfUtils.java:logGet(44)) - raft.server.rpc.timeout.min = 5s (custom)
2021-08-16 13:11:06,930 [pool-258-thread-1] INFO  server.RaftServerConfigKeys (ConfUtils.java:logGet(44)) - raft.server.rpc.timeout.max = 5200ms (custom)
2021-08-16 13:11:06,930 [pool-258-thread-1] INFO  server.RaftServerConfigKeys (ConfUtils.java:logGet(44)) - raft.server.rpc.sleep.time = 25ms (default)
2021-08-16 13:11:06,930 [pool-258-thread-1] INFO  server.RaftServerConfigKeys (ConfUtils.java:logGet(44)) - raft.server.rpc.slowness.timeout = 300s (custom)
2021-08-16 13:11:06,930 [pool-258-thread-1] INFO  server.RaftServerConfigKeys (ConfUtils.java:logGet(44)) - raft.server.leaderelection.leader.step-down.wait-time = 10s (default)
2021-08-16 13:11:06,930 [pool-258-thread-1] INFO  server.RaftServerConfigKeys (ConfUtils.java:logGet(44)) - raft.server.sleep.deviation.threshold = 300ms (default)
2021-08-16 13:11:06,930 [pool-258-thread-1] INFO  server.RaftServerConfigKeys (ConfUtils.java:logGet(44)) - raft.server.log.appender.install.snapshot.enabled = false (custom)
2021-08-16 13:11:06,930 [pool-258-thread-1] INFO  server.RaftServer$Division (ServerState.java:<init>(105)) - fb992a77-9bc7-4c94-9eee-eafb24dfa6e7@group-000363879626: ConfigurationManager, init=-1: [fb992a77-9bc7-4c94-9eee-eafb24dfa6e7|rpc:127.0.0.1:40407|priority:1], old=null, confs=<EMPTY_MAP>
2021-08-16 13:11:06,931 [pool-258-thread-1] INFO  server.RaftServerConfigKeys (ConfUtils.java:logGet(44)) - raft.server.storage.dir = [/home/runner/work/ozone/ozone/hadoop-ozone/integration-test/target/test-dir/MiniOzoneClusterImpl-d497f94c-0a77-40f1-b0c4-d45398a5843a/datanode-0/data/ratis] (custom)
2021-08-16 13:11:06,931 [pool-258-thread-1] INFO  server.RaftServerConfigKeys (ConfUtils.java:logGet(44)) - raft.server.log.corruption.policy = EXCEPTION (default)
2021-08-16 13:11:06,931 [pool-258-thread-1] INFO  server.RaftServerConfigKeys (ConfUtils.java:logGet(44)) - raft.server.storage.free-space.min = 0MB (=0) (default)
2021-08-16 13:11:06,931 [pool-258-thread-1] INFO  storage.RaftStorageDirectory (RaftStorageDirectoryImpl.java:analyzeStorage(135)) - The storage directory /home/runner/work/ozone/ozone/hadoop-ozone/integration-test/target/test-dir/MiniOzoneClusterImpl-d497f94c-0a77-40f1-b0c4-d45398a5843a/datanode-0/data/ratis/38d08bd5-3501-4166-9e78-000363879626 does not exist. Creating ...
2021-08-16 13:11:06,933 [pool-258-thread-1] INFO  storage.RaftStorageDirectory (RaftStorageDirectoryImpl.java:tryLock(230)) - Lock on /home/runner/work/ozone/ozone/hadoop-ozone/integration-test/target/test-dir/MiniOzoneClusterImpl-d497f94c-0a77-40f1-b0c4-d45398a5843a/datanode-0/data/ratis/38d08bd5-3501-4166-9e78-000363879626/in_use.lock acquired by nodename 11556@fv-az148-41
2021-08-16 13:11:06,935 [pool-258-thread-1] INFO  storage.RaftStorage (RaftStorageImpl.java:format(89)) - Storage directory /home/runner/work/ozone/ozone/hadoop-ozone/integration-test/target/test-dir/MiniOzoneClusterImpl-d497f94c-0a77-40f1-b0c4-d45398a5843a/datanode-0/data/ratis/38d08bd5-3501-4166-9e78-000363879626 has been successfully formatted.
2021-08-16 13:11:06,937 [pool-258-thread-1] INFO  ratis.ContainerStateMachine (ContainerStateMachine.java:loadSnapshot(225)) - group-000363879626: The snapshot info is null. Setting the last applied indexto:(t:0, i:~)
2021-08-16 13:11:06,937 [pool-258-thread-1] INFO  server.RaftServerConfigKeys (ConfUtils.java:logGet(44)) - raft.server.notification.no-leader.timeout = 300s (custom)
2021-08-16 13:11:06,937 [pool-258-thread-1] INFO  server.RaftServerConfigKeys (ConfUtils.java:logGet(44)) - raft.server.log.use.memory = false (default)
2021-08-16 13:11:06,937 [EventQueue-PipelineReportForPipelineReportHandler] INFO  pipeline.PipelineManagerImpl (PipelineManagerImpl.java:openPipeline(283)) - Pipeline Pipeline[ Id: 38d08bd5-3501-4166-9e78-000363879626, Nodes: fb992a77-9bc7-4c94-9eee-eafb24dfa6e7{ip: 127.0.0.1, host: localhost, ports: [REPLICATION=39287, RATIS=40407, RATIS_ADMIN=40407, RATIS_SERVER=40407, STANDALONE=35263], networkLocation: /default-rack, certSerialId: null, persistedOpState: IN_SERVICE, persistedOpStateExpiryEpochSec: 0}, ReplicationConfig: RATIS/ONE, State:ALLOCATED, leaderId:fb992a77-9bc7-4c94-9eee-eafb24dfa6e7, CreationTimestamp2021-08-16T13:11:03.917Z[Etc/UTC]] moved to OPEN state
2021-08-16 13:11:06,937 [pool-258-thread-1] INFO  server.RaftServerConfigKeys (ConfUtils.java:logGet(44)) - raft.server.log.purge.gap = 1000000 (custom)
2021-08-16 13:11:06,938 [pool-258-thread-1] INFO  server.RaftServerConfigKeys (ConfUtils.java:logGet(44)) - raft.server.log.appender.buffer.byte-limit = 33554432 (custom)
2021-08-16 13:11:06,938 [pool-258-thread-1] INFO  server.RaftServerConfigKeys (ConfUtils.java:logGet(44)) - raft.server.log.segment.size.max = 1048576 (custom)
2021-08-16 13:11:06,938 [EventQueue-PipelineReportForPipelineReportHandler] INFO  pipeline.PipelineManagerImpl (PipelineManagerImpl.java:openPipeline(283)) - Pipeline Pipeline[ Id: 38d08bd5-3501-4166-9e78-000363879626, Nodes: fb992a77-9bc7-4c94-9eee-eafb24dfa6e7{ip: 127.0.0.1, host: localhost, ports: [REPLICATION=39287, RATIS=40407, RATIS_ADMIN=40407, RATIS_SERVER=40407, STANDALONE=35263], networkLocation: /default-rack, certSerialId: null, persistedOpState: IN_SERVICE, persistedOpStateExpiryEpochSec: 0}, ReplicationConfig: RATIS/ONE, State:ALLOCATED, leaderId:fb992a77-9bc7-4c94-9eee-eafb24dfa6e7, CreationTimestamp2021-08-16T13:11:03.917Z[Etc/UTC]] moved to OPEN state
2021-08-16 13:11:06,939 [EventQueue-PipelineReportForPipelineReportHandler] INFO  ha.SCMHAInvocationHandler (SCMHAInvocationHandler.java:invokeRatis(113)) - Invoking method public abstract void org.apache.hadoop.hdds.scm.pipeline.StateManager.updatePipelineState(org.apache.hadoop.hdds.protocol.proto.HddsProtos$PipelineID,org.apache.hadoop.hdds.protocol.proto.HddsProtos$PipelineState) throws java.io.IOException on target org.apache.hadoop.hdds.scm.ha.SCMRatisServerImpl@3e4b6185, cost 1044.869us
2021-08-16 13:11:06,939 [pool-258-thread-1] INFO  server.RaftServerConfigKeys (ConfUtils.java:logGet(44)) - raft.server.log.segment.cache.num.max = 2 (custom)
2021-08-16 13:11:06,939 [pool-258-thread-1] INFO  server.RaftServerConfigKeys (ConfUtils.java:logGet(44)) - raft.server.log.segment.cache.size.max = 200MB (=209715200) (default)
2021-08-16 13:11:06,939 [pool-258-thread-1] INFO  segmented.SegmentedRaftLogWorker (SegmentedRaftLogWorker.java:<init>(182)) - new fb992a77-9bc7-4c94-9eee-eafb24dfa6e7@group-000363879626-SegmentedRaftLogWorker for RaftStorageImpl:Storage Directory /home/runner/work/ozone/ozone/hadoop-ozone/integration-test/target/test-dir/MiniOzoneClusterImpl-d497f94c-0a77-40f1-b0c4-d45398a5843a/datanode-0/data/ratis/38d08bd5-3501-4166-9e78-000363879626
2021-08-16 13:11:06,939 [pool-258-thread-1] INFO  server.RaftServerConfigKeys (ConfUtils.java:logGet(44)) - raft.server.log.queue.byte-limit = 2147483647 (custom)
2021-08-16 13:11:06,939 [pool-258-thread-1] INFO  server.RaftServerConfigKeys (ConfUtils.java:logGet(44)) - raft.server.log.queue.element-limit = 1024 (custom)
2021-08-16 13:11:06,939 [pool-258-thread-1] INFO  server.RaftServerConfigKeys (ConfUtils.java:logGet(44)) - raft.server.log.segment.size.max = 1048576 (custom)
2021-08-16 13:11:06,940 [pool-258-thread-1] INFO  server.RaftServerConfigKeys (ConfUtils.java:logGet(44)) - raft.server.log.preallocated.size = 16384 (custom)
2021-08-16 13:11:06,940 [pool-258-thread-1] INFO  server.RaftServerConfigKeys (ConfUtils.java:logGet(44)) - raft.server.log.force.sync.num = 128 (default)
2021-08-16 13:11:06,940 [pool-258-thread-1] INFO  server.RaftServerConfigKeys (ConfUtils.java:logGet(44)) - raft.server.log.statemachine.data.sync = true (default)
2021-08-16 13:11:06,940 [pool-258-thread-1] INFO  server.RaftServerConfigKeys (ConfUtils.java:logGet(44)) - raft.server.log.statemachine.data.sync.timeout = 10s (default)
2021-08-16 13:11:06,940 [pool-258-thread-1] INFO  server.RaftServerConfigKeys (ConfUtils.java:logGet(44)) - raft.server.log.statemachine.data.sync.timeout.retry = -1 (default)
2021-08-16 13:11:06,941 [pool-258-thread-1] INFO  server.RaftServerConfigKeys (ConfUtils.java:logGet(44)) - raft.server.log.write.buffer.size = 1048576 (custom)
2021-08-16 13:11:06,955 [pool-258-thread-1] INFO  server.RaftServerConfigKeys (ConfUtils.java:logGet(44)) - raft.server.log.statemachine.data.caching.enabled = true (custom)
2021-08-16 13:11:06,970 [pool-258-thread-1] INFO  segmented.SegmentedRaftLogWorker (SegmentedRaftLogWorker.java:lambda$new$0(133)) - fb992a77-9bc7-4c94-9eee-eafb24dfa6e7@group-000363879626-SegmentedRaftLogWorker: flushIndex: setUnconditionally 0 -> -1
2021-08-16 13:11:06,970 [pool-258-thread-1] INFO  segmented.SegmentedRaftLogWorker (SegmentedRaftLogWorker.java:lambda$new$0(133)) - fb992a77-9bc7-4c94-9eee-eafb24dfa6e7@group-000363879626-SegmentedRaftLogWorker: safeCacheEvictIndex: setUnconditionally 0 -> -1
2021-08-16 13:11:06,956 [EndpointStateMachine task thread for /127.0.0.1:13661 - 0 ] WARN  statemachine.EndpointStateMachine (EndpointStateMachine.java:logIfNeeded(236)) - Unable to communicate to SCM server at 127.0.0.1:13661 for past 0 seconds.
java.net.SocketTimeoutException: Call From fv-az148-41/10.1.0.28 to localhost:13661 failed on socket timeout exception: java.net.SocketTimeoutException: 5000 millis timeout while waiting for channel to be ready for read. ch : java.nio.channels.SocketChannel[connected local=/127.0.0.1:43412 remote=/127.0.0.1:13661]; For more details see:  http://wiki.apache.org/hadoop/SocketTimeout
	at sun.reflect.NativeConstructorAccessorImpl.newInstance0(Native Method)
	at sun.reflect.NativeConstructorAccessorImpl.newInstance(NativeConstructorAccessorImpl.java:62)
	at sun.reflect.DelegatingConstructorAccessorImpl.newInstance(DelegatingConstructorAccessorImpl.java:45)
	at java.lang.reflect.Constructor.newInstance(Constructor.java:423)
	at org.apache.hadoop.net.NetUtils.wrapWithMessage(NetUtils.java:913)
	at org.apache.hadoop.net.NetUtils.wrapException(NetUtils.java:848)
	at org.apache.hadoop.ipc.Client.getRpcResponse(Client.java:1577)
	at org.apache.hadoop.ipc.Client.call(Client.java:1519)
	at org.apache.hadoop.ipc.Client.call(Client.java:1416)
	at org.apache.hadoop.ipc.ProtobufRpcEngine$Invoker.invoke(ProtobufRpcEngine.java:236)
	at org.apache.hadoop.ipc.ProtobufRpcEngine$Invoker.invoke(ProtobufRpcEngine.java:123)
	at com.sun.proxy.$Proxy47.submitRequest(Unknown Source)
	at org.apache.hadoop.ozone.protocolPB.StorageContainerDatanodeProtocolClientSideTranslatorPB.submitRequest(StorageContainerDatanodeProtocolClientSideTranslatorPB.java:117)
	at org.apache.hadoop.ozone.protocolPB.StorageContainerDatanodeProtocolClientSideTranslatorPB.getVersion(StorageContainerDatanodeProtocolClientSideTranslatorPB.java:133)
	at org.apache.hadoop.ozone.container.common.states.endpoint.VersionEndpointTask.call(VersionEndpointTask.java:71)
	at org.apache.hadoop.ozone.container.common.states.endpoint.VersionEndpointTask.call(VersionEndpointTask.java:42)
	at java.util.concurrent.FutureTask.run(FutureTask.java:266)
	at java.util.concurrent.ThreadPoolExecutor.runWorker(ThreadPoolExecutor.java:1149)
	at java.util.concurrent.ThreadPoolExecutor$Worker.run(ThreadPoolExecutor.java:624)
	at java.lang.Thread.run(Thread.java:748)
Caused by: java.net.SocketTimeoutException: 5000 millis timeout while waiting for channel to be ready for read. ch : java.nio.channels.SocketChannel[connected local=/127.0.0.1:43412 remote=/127.0.0.1:13661]
	at org.apache.hadoop.net.SocketIOWithTimeout.doIO(SocketIOWithTimeout.java:164)
	at org.apache.hadoop.net.SocketInputStream.read(SocketInputStream.java:161)
	at org.apache.hadoop.net.SocketInputStream.read(SocketInputStream.java:131)
	at java.io.FilterInputStream.read(FilterInputStream.java:133)
	at java.io.BufferedInputStream.fill(BufferedInputStream.java:246)
	at java.io.BufferedInputStream.read(BufferedInputStream.java:265)
	at java.io.FilterInputStream.read(FilterInputStream.java:83)
	at java.io.FilterInputStream.read(FilterInputStream.java:83)
	at org.apache.hadoop.ipc.Client$Connection$PingInputStream.read(Client.java:563)
	at java.io.DataInputStream.readInt(DataInputStream.java:387)
	at org.apache.hadoop.ipc.Client$IpcStreams.readResponse(Client.java:1892)
	at org.apache.hadoop.ipc.Client$Connection.receiveRpcResponse(Client.java:1202)
	at org.apache.hadoop.ipc.Client$Connection.run(Client.java:1098)
2021-08-16 13:11:06,956 [EndpointStateMachine task thread for /127.0.0.1:13661 - 0 ] WARN  statemachine.EndpointStateMachine (EndpointStateMachine.java:logIfNeeded(236)) - Unable to communicate to SCM server at localhost:13661 for past 0 seconds.
java.net.SocketTimeoutException: Call From fv-az148-41/10.1.0.28 to localhost:13661 failed on socket timeout exception: java.net.SocketTimeoutException: 5000 millis timeout while waiting for channel to be ready for read. ch : java.nio.channels.SocketChannel[connected local=/127.0.0.1:43412 remote=/127.0.0.1:13661]; For more details see:  http://wiki.apache.org/hadoop/SocketTimeout
	at sun.reflect.NativeConstructorAccessorImpl.newInstance0(Native Method)
	at sun.reflect.NativeConstructorAccessorImpl.newInstance(NativeConstructorAccessorImpl.java:62)
	at sun.reflect.DelegatingConstructorAccessorImpl.newInstance(DelegatingConstructorAccessorImpl.java:45)
	at java.lang.reflect.Constructor.newInstance(Constructor.java:423)
	at org.apache.hadoop.net.NetUtils.wrapWithMessage(NetUtils.java:913)
	at org.apache.hadoop.net.NetUtils.wrapException(NetUtils.java:848)
	at org.apache.hadoop.ipc.Client.getRpcResponse(Client.java:1577)
	at org.apache.hadoop.ipc.Client.call(Client.java:1519)
	at org.apache.hadoop.ipc.Client.call(Client.java:1416)
	at org.apache.hadoop.ipc.ProtobufRpcEngine$Invoker.invoke(ProtobufRpcEngine.java:236)
	at org.apache.hadoop.ipc.ProtobufRpcEngine$Invoker.invoke(ProtobufRpcEngine.java:123)
	at com.sun.proxy.$Proxy47.submitRequest(Unknown Source)
	at org.apache.hadoop.ozone.protocolPB.StorageContainerDatanodeProtocolClientSideTranslatorPB.submitRequest(StorageContainerDatanodeProtocolClientSideTranslatorPB.java:117)
	at org.apache.hadoop.ozone.protocolPB.StorageContainerDatanodeProtocolClientSideTranslatorPB.getVersion(StorageContainerDatanodeProtocolClientSideTranslatorPB.java:133)
	at org.apache.hadoop.ozone.container.common.states.endpoint.VersionEndpointTask.call(VersionEndpointTask.java:71)
	at org.apache.hadoop.ozone.container.common.states.endpoint.VersionEndpointTask.call(VersionEndpointTask.java:42)
	at java.util.concurrent.FutureTask.run(FutureTask.java:266)
	at java.util.concurrent.ThreadPoolExecutor.runWorker(ThreadPoolExecutor.java:1149)
	at java.util.concurrent.ThreadPoolExecutor$Worker.run(ThreadPoolExecutor.java:624)
	at java.lang.Thread.run(Thread.java:748)
Caused by: java.net.SocketTimeoutException: 5000 millis timeout while waiting for channel to be ready for read. ch : java.nio.channels.SocketChannel[connected local=/127.0.0.1:43412 remote=/127.0.0.1:13661]
	at org.apache.hadoop.net.SocketIOWithTimeout.doIO(SocketIOWithTimeout.java:164)
	at org.apache.hadoop.net.SocketInputStream.read(SocketInputStream.java:161)
	at org.apache.hadoop.net.SocketInputStream.read(SocketInputStream.java:131)
	at java.io.FilterInputStream.read(FilterInputStream.java:133)
	at java.io.BufferedInputStream.fill(BufferedInputStream.java:246)
	at java.io.BufferedInputStream.read(BufferedInputStream.java:265)
	at java.io.FilterInputStream.read(FilterInputStream.java:83)
	at java.io.FilterInputStream.read(FilterInputStream.java:83)
	at org.apache.hadoop.ipc.Client$Connection$PingInputStream.read(Client.java:563)
	at java.io.DataInputStream.readInt(DataInputStream.java:387)
	at org.apache.hadoop.ipc.Client$IpcStreams.readResponse(Client.java:1892)
	at org.apache.hadoop.ipc.Client$Connection.receiveRpcResponse(Client.java:1202)
	at org.apache.hadoop.ipc.Client$Connection.run(Client.java:1098)
2021-08-16 13:11:06,956 [EndpointStateMachine task thread for /127.0.0.1:13661 - 0 ] WARN  statemachine.EndpointStateMachine (EndpointStateMachine.java:logIfNeeded(236)) - Unable to communicate to SCM server at 127.0.0.1:13661 for past 0 seconds.
java.net.SocketTimeoutException: Call From fv-az148-41/10.1.0.28 to localhost:13661 failed on socket timeout exception: java.net.SocketTimeoutException: 5000 millis timeout while waiting for channel to be ready for read. ch : java.nio.channels.SocketChannel[connected local=/127.0.0.1:43412 remote=/127.0.0.1:13661]; For more details see:  http://wiki.apache.org/hadoop/SocketTimeout
	at sun.reflect.NativeConstructorAccessorImpl.newInstance0(Native Method)
	at sun.reflect.NativeConstructorAccessorImpl.newInstance(NativeConstructorAccessorImpl.java:62)
	at sun.reflect.DelegatingConstructorAccessorImpl.newInstance(DelegatingConstructorAccessorImpl.java:45)
	at java.lang.reflect.Constructor.newInstance(Constructor.java:423)
	at org.apache.hadoop.net.NetUtils.wrapWithMessage(NetUtils.java:913)
	at org.apache.hadoop.net.NetUtils.wrapException(NetUtils.java:848)
	at org.apache.hadoop.ipc.Client.getRpcResponse(Client.java:1577)
	at org.apache.hadoop.ipc.Client.call(Client.java:1519)
	at org.apache.hadoop.ipc.Client.call(Client.java:1416)
	at org.apache.hadoop.ipc.ProtobufRpcEngine$Invoker.invoke(ProtobufRpcEngine.java:236)
	at org.apache.hadoop.ipc.ProtobufRpcEngine$Invoker.invoke(ProtobufRpcEngine.java:123)
	at com.sun.proxy.$Proxy47.submitRequest(Unknown Source)
	at org.apache.hadoop.ozone.protocolPB.StorageContainerDatanodeProtocolClientSideTranslatorPB.submitRequest(StorageContainerDatanodeProtocolClientSideTranslatorPB.java:117)
	at org.apache.hadoop.ozone.protocolPB.StorageContainerDatanodeProtocolClientSideTranslatorPB.getVersion(StorageContainerDatanodeProtocolClientSideTranslatorPB.java:133)
	at org.apache.hadoop.ozone.container.common.states.endpoint.VersionEndpointTask.call(VersionEndpointTask.java:71)
	at org.apache.hadoop.ozone.container.common.states.endpoint.VersionEndpointTask.call(VersionEndpointTask.java:42)
	at java.util.concurrent.FutureTask.run(FutureTask.java:266)
	at java.util.concurrent.ThreadPoolExecutor.runWorker(ThreadPoolExecutor.java:1149)
	at java.util.concurrent.ThreadPoolExecutor$Worker.run(ThreadPoolExecutor.java:624)
	at java.lang.Thread.run(Thread.java:748)
Caused by: java.net.SocketTimeoutException: 5000 millis timeout while waiting for channel to be ready for read. ch : java.nio.channels.SocketChannel[connected local=/127.0.0.1:43412 remote=/127.0.0.1:13661]
	at org.apache.hadoop.net.SocketIOWithTimeout.doIO(SocketIOWithTimeout.java:164)
	at org.apache.hadoop.net.SocketInputStream.read(SocketInputStream.java:161)
	at org.apache.hadoop.net.SocketInputStream.read(SocketInputStream.java:131)
	at java.io.FilterInputStream.read(FilterInputStream.java:133)
	at java.io.BufferedInputStream.fill(BufferedInputStream.java:246)
	at java.io.BufferedInputStream.read(BufferedInputStream.java:265)
	at java.io.FilterInputStream.read(FilterInputStream.java:83)
	at java.io.FilterInputStream.read(FilterInputStream.java:83)
	at org.apache.hadoop.ipc.Client$Connection$PingInputStream.read(Client.java:563)
	at java.io.DataInputStream.readInt(DataInputStream.java:387)
	at org.apache.hadoop.ipc.Client$IpcStreams.readResponse(Client.java:1892)
	at org.apache.hadoop.ipc.Client$Connection.receiveRpcResponse(Client.java:1202)
	at org.apache.hadoop.ipc.Client$Connection.run(Client.java:1098)
2021-08-16 13:11:06,974 [pool-258-thread-1] INFO  server.RaftServerConfigKeys (ConfUtils.java:logGet(44)) - raft.server.snapshot.auto.trigger.enabled = true (custom)
2021-08-16 13:11:06,979 [pool-258-thread-1] INFO  server.RaftServerConfigKeys (ConfUtils.java:logGet(44)) - raft.server.snapshot.auto.trigger.threshold = 10000 (custom)
2021-08-16 13:11:06,979 [pool-258-thread-1] INFO  server.RaftServerConfigKeys (ConfUtils.java:logGet(44)) - raft.server.snapshot.retention.file.num = 5 (custom)
2021-08-16 13:11:06,979 [pool-258-thread-1] INFO  server.RaftServerConfigKeys (ConfUtils.java:logGet(44)) - raft.server.log.purge.upto.snapshot.index = false (default)
2021-08-16 13:11:06,991 [f324fcdd-c742-4882-bf0f-17e5edd5a90a@group-D45398A5843A-StateMachineUpdater] INFO  safemode.HealthyPipelineSafeModeRule (HealthyPipelineSafeModeRule.java:initializeRule(152)) - Refreshed total pipeline count is 0, healthy pipeline threshold count is 1
2021-08-16 13:11:06,993 [EventQueue-PipelineReportForPipelineReportHandler] INFO  ha.SCMHAInvocationHandler (SCMHAInvocationHandler.java:invokeRatis(113)) - Invoking method public abstract void org.apache.hadoop.hdds.scm.pipeline.StateManager.updatePipelineState(org.apache.hadoop.hdds.protocol.proto.HddsProtos$PipelineID,org.apache.hadoop.hdds.protocol.proto.HddsProtos$PipelineState) throws java.io.IOException on target org.apache.hadoop.hdds.scm.ha.SCMRatisServerImpl@78a76923, cost 54071.97us
2021-08-16 13:11:07,003 [pool-258-thread-1] INFO  server.RaftServerConfigKeys (ConfUtils.java:logGet(44)) - raft.server.retrycache.expirytime = 600000ms (custom)
2021-08-16 13:11:07,003 [pool-258-thread-1] INFO  server.RaftServerConfigKeys (ConfUtils.java:logGet(44)) - raft.server.retrycache.statistics.expirytime = 100μs (default)
2021-08-16 13:11:07,004 [pool-258-thread-1] INFO  server.RaftServer$Division (RaftServerImpl.java:start(296)) - fb992a77-9bc7-4c94-9eee-eafb24dfa6e7@group-000363879626: start as a follower, conf=-1: [fb992a77-9bc7-4c94-9eee-eafb24dfa6e7|rpc:127.0.0.1:40407|priority:1], old=null
2021-08-16 13:11:07,004 [pool-258-thread-1] INFO  server.RaftServer$Division (RaftServerImpl.java:setRole(285)) - fb992a77-9bc7-4c94-9eee-eafb24dfa6e7@group-000363879626: changes role from      null to FOLLOWER at term 0 for startAsFollower
2021-08-16 13:11:07,004 [pool-258-thread-1] INFO  impl.RoleInfo (RoleInfo.java:updateAndGet(130)) - fb992a77-9bc7-4c94-9eee-eafb24dfa6e7: start fb992a77-9bc7-4c94-9eee-eafb24dfa6e7@group-000363879626-FollowerState
2021-08-16 13:11:07,004 [EventQueue-OpenPipelineForHealthyPipelineSafeModeRule] INFO  safemode.SCMSafeModeManager (HealthyPipelineSafeModeRule.java:process(124)) - SCM in safe mode. Healthy pipelines reported count is 0, required healthy pipeline reported count is 1
2021-08-16 13:11:07,004 [pool-258-thread-1] INFO  util.JmxRegister (JmxRegister.java:tryRegister(44)) - Successfully registered JMX Bean with object name Ratis:service=RaftServer,group=group-000363879626,id=fb992a77-9bc7-4c94-9eee-eafb24dfa6e7
2021-08-16 13:11:07,005 [Command processor thread] INFO  ratis.XceiverServerRatis (XceiverServerRatis.java:addGroup(763)) - Created group PipelineID=38d08bd5-3501-4166-9e78-000363879626
2021-08-16 13:11:07,005 [Command processor thread] INFO  commandhandler.CreatePipelineCommandHandler (CreatePipelineCommandHandler.java:handle(106)) - Created Pipeline RATIS ONE PipelineID=38d08bd5-3501-4166-9e78-000363879626.
2021-08-16 13:11:07,006 [161c1ac7-ff07-4d6f-a20c-3f676ae8d443@group-D45398A5843A-StateMachineUpdater] INFO  safemode.HealthyPipelineSafeModeRule (HealthyPipelineSafeModeRule.java:initializeRule(152)) - Refreshed total pipeline count is 0, healthy pipeline threshold count is 1
2021-08-16 13:11:07,006 [Command processor thread] INFO  server.RaftServer (RaftServerProxy.java:addNew(95)) - fb992a77-9bc7-4c94-9eee-eafb24dfa6e7: addNew group-D248BB1166F2:[6430af1b-8c1e-4941-b86e-70a611f1e973|rpc:127.0.0.1:46065|priority:0, 29512a7a-9393-40e5-8a40-953b2282bb1a|rpc:127.0.0.1:38169|priority:0, fb992a77-9bc7-4c94-9eee-eafb24dfa6e7|rpc:127.0.0.1:40407|priority:1] returns group-D248BB1166F2:java.util.concurrent.CompletableFuture@6be8bb86[Not completed]
2021-08-16 13:11:07,007 [pool-258-thread-1] INFO  server.RaftServer$Division (RaftServerImpl.java:<init>(181)) - fb992a77-9bc7-4c94-9eee-eafb24dfa6e7: new RaftServerImpl for group-D248BB1166F2:[6430af1b-8c1e-4941-b86e-70a611f1e973|rpc:127.0.0.1:46065|priority:0, 29512a7a-9393-40e5-8a40-953b2282bb1a|rpc:127.0.0.1:38169|priority:0, fb992a77-9bc7-4c94-9eee-eafb24dfa6e7|rpc:127.0.0.1:40407|priority:1] with ContainerStateMachine:uninitialized
2021-08-16 13:11:07,007 [pool-258-thread-1] INFO  server.RaftServerConfigKeys (ConfUtils.java:logGet(44)) - raft.server.rpc.timeout.min = 5s (custom)
2021-08-16 13:11:07,007 [pool-258-thread-1] INFO  server.RaftServerConfigKeys (ConfUtils.java:logGet(44)) - raft.server.rpc.timeout.max = 5200ms (custom)
2021-08-16 13:11:07,007 [pool-258-thread-1] INFO  server.RaftServerConfigKeys (ConfUtils.java:logGet(44)) - raft.server.rpc.sleep.time = 25ms (default)
2021-08-16 13:11:07,007 [pool-258-thread-1] INFO  server.RaftServerConfigKeys (ConfUtils.java:logGet(44)) - raft.server.rpc.slowness.timeout = 300s (custom)
2021-08-16 13:11:07,007 [pool-258-thread-1] INFO  server.RaftServerConfigKeys (ConfUtils.java:logGet(44)) - raft.server.leaderelection.leader.step-down.wait-time = 10s (default)
2021-08-16 13:11:07,007 [pool-258-thread-1] INFO  server.RaftServerConfigKeys (ConfUtils.java:logGet(44)) - raft.server.sleep.deviation.threshold = 300ms (default)
2021-08-16 13:11:07,007 [pool-258-thread-1] INFO  server.RaftServerConfigKeys (ConfUtils.java:logGet(44)) - raft.server.log.appender.install.snapshot.enabled = false (custom)
2021-08-16 13:11:07,008 [pool-258-thread-1] INFO  server.RaftServer$Division (ServerState.java:<init>(105)) - fb992a77-9bc7-4c94-9eee-eafb24dfa6e7@group-D248BB1166F2: ConfigurationManager, init=-1: [6430af1b-8c1e-4941-b86e-70a611f1e973|rpc:127.0.0.1:46065|priority:0, 29512a7a-9393-40e5-8a40-953b2282bb1a|rpc:127.0.0.1:38169|priority:0, fb992a77-9bc7-4c94-9eee-eafb24dfa6e7|rpc:127.0.0.1:40407|priority:1], old=null, confs=<EMPTY_MAP>
2021-08-16 13:11:07,008 [pool-258-thread-1] INFO  server.RaftServerConfigKeys (ConfUtils.java:logGet(44)) - raft.server.storage.dir = [/home/runner/work/ozone/ozone/hadoop-ozone/integration-test/target/test-dir/MiniOzoneClusterImpl-d497f94c-0a77-40f1-b0c4-d45398a5843a/datanode-0/data/ratis] (custom)
2021-08-16 13:11:07,008 [pool-258-thread-1] INFO  server.RaftServerConfigKeys (ConfUtils.java:logGet(44)) - raft.server.log.corruption.policy = EXCEPTION (default)
2021-08-16 13:11:07,008 [pool-258-thread-1] INFO  server.RaftServerConfigKeys (ConfUtils.java:logGet(44)) - raft.server.storage.free-space.min = 0MB (=0) (default)
2021-08-16 13:11:07,008 [pool-258-thread-1] INFO  storage.RaftStorageDirectory (RaftStorageDirectoryImpl.java:analyzeStorage(135)) - The storage directory /home/runner/work/ozone/ozone/hadoop-ozone/integration-test/target/test-dir/MiniOzoneClusterImpl-d497f94c-0a77-40f1-b0c4-d45398a5843a/datanode-0/data/ratis/3a798cf3-ec63-4670-bd83-d248bb1166f2 does not exist. Creating ...
2021-08-16 13:11:07,009 [pool-258-thread-1] INFO  storage.RaftStorageDirectory (RaftStorageDirectoryImpl.java:tryLock(230)) - Lock on /home/runner/work/ozone/ozone/hadoop-ozone/integration-test/target/test-dir/MiniOzoneClusterImpl-d497f94c-0a77-40f1-b0c4-d45398a5843a/datanode-0/data/ratis/3a798cf3-ec63-4670-bd83-d248bb1166f2/in_use.lock acquired by nodename 11556@fv-az148-41
2021-08-16 13:11:07,012 [pool-258-thread-1] INFO  storage.RaftStorage (RaftStorageImpl.java:format(89)) - Storage directory /home/runner/work/ozone/ozone/hadoop-ozone/integration-test/target/test-dir/MiniOzoneClusterImpl-d497f94c-0a77-40f1-b0c4-d45398a5843a/datanode-0/data/ratis/3a798cf3-ec63-4670-bd83-d248bb1166f2 has been successfully formatted.
2021-08-16 13:11:07,012 [pool-258-thread-1] INFO  ratis.ContainerStateMachine (ContainerStateMachine.java:loadSnapshot(225)) - group-D248BB1166F2: The snapshot info is null. Setting the last applied indexto:(t:0, i:~)
2021-08-16 13:11:07,012 [pool-258-thread-1] INFO  server.RaftServerConfigKeys (ConfUtils.java:logGet(44)) - raft.server.notification.no-leader.timeout = 300s (custom)
2021-08-16 13:11:07,012 [pool-258-thread-1] INFO  server.RaftServerConfigKeys (ConfUtils.java:logGet(44)) - raft.server.log.use.memory = false (default)
2021-08-16 13:11:07,012 [pool-258-thread-1] INFO  server.RaftServerConfigKeys (ConfUtils.java:logGet(44)) - raft.server.log.purge.gap = 1000000 (custom)
2021-08-16 13:11:07,012 [pool-258-thread-1] INFO  server.RaftServerConfigKeys (ConfUtils.java:logGet(44)) - raft.server.log.appender.buffer.byte-limit = 33554432 (custom)
2021-08-16 13:11:07,013 [pool-258-thread-1] INFO  server.RaftServerConfigKeys (ConfUtils.java:logGet(44)) - raft.server.log.segment.size.max = 1048576 (custom)
2021-08-16 13:11:07,013 [pool-258-thread-1] INFO  server.RaftServerConfigKeys (ConfUtils.java:logGet(44)) - raft.server.log.segment.cache.num.max = 2 (custom)
2021-08-16 13:11:07,013 [pool-258-thread-1] INFO  server.RaftServerConfigKeys (ConfUtils.java:logGet(44)) - raft.server.log.segment.cache.size.max = 200MB (=209715200) (default)
2021-08-16 13:11:07,013 [pool-258-thread-1] INFO  segmented.SegmentedRaftLogWorker (SegmentedRaftLogWorker.java:<init>(182)) - new fb992a77-9bc7-4c94-9eee-eafb24dfa6e7@group-D248BB1166F2-SegmentedRaftLogWorker for RaftStorageImpl:Storage Directory /home/runner/work/ozone/ozone/hadoop-ozone/integration-test/target/test-dir/MiniOzoneClusterImpl-d497f94c-0a77-40f1-b0c4-d45398a5843a/datanode-0/data/ratis/3a798cf3-ec63-4670-bd83-d248bb1166f2
2021-08-16 13:11:07,013 [pool-258-thread-1] INFO  server.RaftServerConfigKeys (ConfUtils.java:logGet(44)) - raft.server.log.queue.byte-limit = 2147483647 (custom)
2021-08-16 13:11:07,013 [pool-258-thread-1] INFO  server.RaftServerConfigKeys (ConfUtils.java:logGet(44)) - raft.server.log.queue.element-limit = 1024 (custom)
2021-08-16 13:11:07,013 [pool-258-thread-1] INFO  server.RaftServerConfigKeys (ConfUtils.java:logGet(44)) - raft.server.log.segment.size.max = 1048576 (custom)
2021-08-16 13:11:07,013 [pool-258-thread-1] INFO  server.RaftServerConfigKeys (ConfUtils.java:logGet(44)) - raft.server.log.preallocated.size = 16384 (custom)
2021-08-16 13:11:07,013 [pool-258-thread-1] INFO  server.RaftServerConfigKeys (ConfUtils.java:logGet(44)) - raft.server.log.force.sync.num = 128 (default)
2021-08-16 13:11:07,013 [pool-258-thread-1] INFO  server.RaftServerConfigKeys (ConfUtils.java:logGet(44)) - raft.server.log.statemachine.data.sync = true (default)
2021-08-16 13:11:07,013 [pool-258-thread-1] INFO  server.RaftServerConfigKeys (ConfUtils.java:logGet(44)) - raft.server.log.statemachine.data.sync.timeout = 10s (default)
2021-08-16 13:11:07,013 [pool-258-thread-1] INFO  server.RaftServerConfigKeys (ConfUtils.java:logGet(44)) - raft.server.log.statemachine.data.sync.timeout.retry = -1 (default)
2021-08-16 13:11:07,014 [pool-258-thread-1] INFO  server.RaftServerConfigKeys (ConfUtils.java:logGet(44)) - raft.server.log.write.buffer.size = 1048576 (custom)
2021-08-16 13:11:07,015 [EventQueue-OpenPipelineForHealthyPipelineSafeModeRule] INFO  safemode.SCMSafeModeManager (HealthyPipelineSafeModeRule.java:process(124)) - SCM in safe mode. Healthy pipelines reported count is 0, required healthy pipeline reported count is 1
2021-08-16 13:11:07,030 [pool-258-thread-1] INFO  server.RaftServerConfigKeys (ConfUtils.java:logGet(44)) - raft.server.log.statemachine.data.caching.enabled = true (custom)
2021-08-16 13:11:07,030 [pool-258-thread-1] INFO  segmented.SegmentedRaftLogWorker (SegmentedRaftLogWorker.java:lambda$new$0(133)) - fb992a77-9bc7-4c94-9eee-eafb24dfa6e7@group-D248BB1166F2-SegmentedRaftLogWorker: flushIndex: setUnconditionally 0 -> -1
2021-08-16 13:11:07,030 [pool-258-thread-1] INFO  segmented.SegmentedRaftLogWorker (SegmentedRaftLogWorker.java:lambda$new$0(133)) - fb992a77-9bc7-4c94-9eee-eafb24dfa6e7@group-D248BB1166F2-SegmentedRaftLogWorker: safeCacheEvictIndex: setUnconditionally 0 -> -1
2021-08-16 13:11:07,034 [pool-258-thread-1] INFO  server.RaftServerConfigKeys (ConfUtils.java:logGet(44)) - raft.server.snapshot.auto.trigger.enabled = true (custom)
2021-08-16 13:11:07,034 [EventQueue-OpenPipelineForHealthyPipelineSafeModeRule] INFO  safemode.SCMSafeModeManager (HealthyPipelineSafeModeRule.java:process(124)) - SCM in safe mode. Healthy pipelines reported count is 0, required healthy pipeline reported count is 1
2021-08-16 13:11:07,034 [pool-258-thread-1] INFO  server.RaftServerConfigKeys (ConfUtils.java:logGet(44)) - raft.server.snapshot.auto.trigger.threshold = 10000 (custom)
2021-08-16 13:11:07,045 [pool-258-thread-1] INFO  server.RaftServerConfigKeys (ConfUtils.java:logGet(44)) - raft.server.snapshot.retention.file.num = 5 (custom)
2021-08-16 13:11:07,046 [pool-258-thread-1] INFO  server.RaftServerConfigKeys (ConfUtils.java:logGet(44)) - raft.server.log.purge.upto.snapshot.index = false (default)
2021-08-16 13:11:07,046 [pool-258-thread-1] INFO  server.RaftServerConfigKeys (ConfUtils.java:logGet(44)) - raft.server.retrycache.expirytime = 600000ms (custom)
2021-08-16 13:11:07,046 [pool-258-thread-1] INFO  server.RaftServerConfigKeys (ConfUtils.java:logGet(44)) - raft.server.retrycache.statistics.expirytime = 100μs (default)
2021-08-16 13:11:07,046 [pool-258-thread-1] INFO  server.RaftServer$Division (RaftServerImpl.java:start(296)) - fb992a77-9bc7-4c94-9eee-eafb24dfa6e7@group-D248BB1166F2: start as a follower, conf=-1: [6430af1b-8c1e-4941-b86e-70a611f1e973|rpc:127.0.0.1:46065|priority:0, 29512a7a-9393-40e5-8a40-953b2282bb1a|rpc:127.0.0.1:38169|priority:0, fb992a77-9bc7-4c94-9eee-eafb24dfa6e7|rpc:127.0.0.1:40407|priority:1], old=null
2021-08-16 13:11:07,047 [pool-258-thread-1] INFO  server.RaftServer$Division (RaftServerImpl.java:setRole(285)) - fb992a77-9bc7-4c94-9eee-eafb24dfa6e7@group-D248BB1166F2: changes role from      null to FOLLOWER at term 0 for startAsFollower
2021-08-16 13:11:07,047 [pool-258-thread-1] INFO  impl.RoleInfo (RoleInfo.java:updateAndGet(130)) - fb992a77-9bc7-4c94-9eee-eafb24dfa6e7: start fb992a77-9bc7-4c94-9eee-eafb24dfa6e7@group-D248BB1166F2-FollowerState
2021-08-16 13:11:07,049 [pool-258-thread-1] INFO  util.JmxRegister (JmxRegister.java:tryRegister(44)) - Successfully registered JMX Bean with object name Ratis:service=RaftServer,group=group-D248BB1166F2,id=fb992a77-9bc7-4c94-9eee-eafb24dfa6e7
2021-08-16 13:11:07,062 [Command processor thread] INFO  ratis.XceiverServerRatis (XceiverServerRatis.java:addGroup(763)) - Created group PipelineID=3a798cf3-ec63-4670-bd83-d248bb1166f2
2021-08-16 13:11:07,075 [grpc-default-executor-0] INFO  server.RaftServer (RaftServerProxy.java:addNew(95)) - 29512a7a-9393-40e5-8a40-953b2282bb1a: addNew group-D248BB1166F2:[6430af1b-8c1e-4941-b86e-70a611f1e973|rpc:127.0.0.1:46065|dataStream:|priority:0, 29512a7a-9393-40e5-8a40-953b2282bb1a|rpc:127.0.0.1:38169|dataStream:|priority:0, fb992a77-9bc7-4c94-9eee-eafb24dfa6e7|rpc:127.0.0.1:40407|dataStream:|priority:1] returns group-D248BB1166F2:java.util.concurrent.CompletableFuture@2d9336cb[Not completed]
2021-08-16 13:11:07,075 [pool-279-thread-1] INFO  server.RaftServer$Division (RaftServerImpl.java:<init>(181)) - 29512a7a-9393-40e5-8a40-953b2282bb1a: new RaftServerImpl for group-D248BB1166F2:[6430af1b-8c1e-4941-b86e-70a611f1e973|rpc:127.0.0.1:46065|dataStream:|priority:0, 29512a7a-9393-40e5-8a40-953b2282bb1a|rpc:127.0.0.1:38169|dataStream:|priority:0, fb992a77-9bc7-4c94-9eee-eafb24dfa6e7|rpc:127.0.0.1:40407|dataStream:|priority:1] with ContainerStateMachine:uninitialized
2021-08-16 13:11:07,081 [pool-279-thread-1] INFO  server.RaftServerConfigKeys (ConfUtils.java:logGet(44)) - raft.server.rpc.timeout.min = 5s (custom)
2021-08-16 13:11:07,081 [pool-279-thread-1] INFO  server.RaftServerConfigKeys (ConfUtils.java:logGet(44)) - raft.server.rpc.timeout.max = 5200ms (custom)
2021-08-16 13:11:07,081 [pool-279-thread-1] INFO  server.RaftServerConfigKeys (ConfUtils.java:logGet(44)) - raft.server.rpc.sleep.time = 25ms (default)
2021-08-16 13:11:07,081 [pool-279-thread-1] INFO  server.RaftServerConfigKeys (ConfUtils.java:logGet(44)) - raft.server.rpc.slowness.timeout = 300s (custom)
2021-08-16 13:11:07,081 [pool-279-thread-1] INFO  server.RaftServerConfigKeys (ConfUtils.java:logGet(44)) - raft.server.leaderelection.leader.step-down.wait-time = 10s (default)
2021-08-16 13:11:07,081 [pool-279-thread-1] INFO  server.RaftServerConfigKeys (ConfUtils.java:logGet(44)) - raft.server.sleep.deviation.threshold = 300ms (default)
2021-08-16 13:11:07,081 [pool-279-thread-1] INFO  server.RaftServerConfigKeys (ConfUtils.java:logGet(44)) - raft.server.log.appender.install.snapshot.enabled = false (custom)
2021-08-16 13:11:07,081 [pool-279-thread-1] INFO  server.RaftServer$Division (ServerState.java:<init>(105)) - 29512a7a-9393-40e5-8a40-953b2282bb1a@group-D248BB1166F2: ConfigurationManager, init=-1: [6430af1b-8c1e-4941-b86e-70a611f1e973|rpc:127.0.0.1:46065|dataStream:|priority:0, 29512a7a-9393-40e5-8a40-953b2282bb1a|rpc:127.0.0.1:38169|dataStream:|priority:0, fb992a77-9bc7-4c94-9eee-eafb24dfa6e7|rpc:127.0.0.1:40407|dataStream:|priority:1], old=null, confs=<EMPTY_MAP>
2021-08-16 13:11:07,081 [pool-279-thread-1] INFO  server.RaftServerConfigKeys (ConfUtils.java:logGet(44)) - raft.server.storage.dir = [/home/runner/work/ozone/ozone/hadoop-ozone/integration-test/target/test-dir/MiniOzoneClusterImpl-d497f94c-0a77-40f1-b0c4-d45398a5843a/datanode-1/data/ratis] (custom)
2021-08-16 13:11:07,081 [pool-279-thread-1] INFO  server.RaftServerConfigKeys (ConfUtils.java:logGet(44)) - raft.server.log.corruption.policy = EXCEPTION (default)
2021-08-16 13:11:07,082 [pool-279-thread-1] INFO  server.RaftServerConfigKeys (ConfUtils.java:logGet(44)) - raft.server.storage.free-space.min = 0MB (=0) (default)
2021-08-16 13:11:07,082 [pool-279-thread-1] INFO  storage.RaftStorageDirectory (RaftStorageDirectoryImpl.java:analyzeStorage(135)) - The storage directory /home/runner/work/ozone/ozone/hadoop-ozone/integration-test/target/test-dir/MiniOzoneClusterImpl-d497f94c-0a77-40f1-b0c4-d45398a5843a/datanode-1/data/ratis/3a798cf3-ec63-4670-bd83-d248bb1166f2 does not exist. Creating ...
2021-08-16 13:11:07,085 [pool-279-thread-1] INFO  storage.RaftStorageDirectory (RaftStorageDirectoryImpl.java:tryLock(230)) - Lock on /home/runner/work/ozone/ozone/hadoop-ozone/integration-test/target/test-dir/MiniOzoneClusterImpl-d497f94c-0a77-40f1-b0c4-d45398a5843a/datanode-1/data/ratis/3a798cf3-ec63-4670-bd83-d248bb1166f2/in_use.lock acquired by nodename 11556@fv-az148-41
2021-08-16 13:11:07,088 [pool-279-thread-1] INFO  storage.RaftStorage (RaftStorageImpl.java:format(89)) - Storage directory /home/runner/work/ozone/ozone/hadoop-ozone/integration-test/target/test-dir/MiniOzoneClusterImpl-d497f94c-0a77-40f1-b0c4-d45398a5843a/datanode-1/data/ratis/3a798cf3-ec63-4670-bd83-d248bb1166f2 has been successfully formatted.
2021-08-16 13:11:07,088 [pool-279-thread-1] INFO  ratis.ContainerStateMachine (ContainerStateMachine.java:loadSnapshot(225)) - group-D248BB1166F2: The snapshot info is null. Setting the last applied indexto:(t:0, i:~)
2021-08-16 13:11:07,088 [pool-279-thread-1] INFO  server.RaftServerConfigKeys (ConfUtils.java:logGet(44)) - raft.server.notification.no-leader.timeout = 300s (custom)
2021-08-16 13:11:07,088 [pool-279-thread-1] INFO  server.RaftServerConfigKeys (ConfUtils.java:logGet(44)) - raft.server.log.use.memory = false (default)
2021-08-16 13:11:07,088 [pool-279-thread-1] INFO  server.RaftServerConfigKeys (ConfUtils.java:logGet(44)) - raft.server.log.purge.gap = 1000000 (custom)
2021-08-16 13:11:07,089 [pool-279-thread-1] INFO  server.RaftServerConfigKeys (ConfUtils.java:logGet(44)) - raft.server.log.appender.buffer.byte-limit = 33554432 (custom)
2021-08-16 13:11:07,096 [pool-279-thread-1] INFO  server.RaftServerConfigKeys (ConfUtils.java:logGet(44)) - raft.server.log.segment.size.max = 1048576 (custom)
2021-08-16 13:11:07,096 [pool-279-thread-1] INFO  server.RaftServerConfigKeys (ConfUtils.java:logGet(44)) - raft.server.log.segment.cache.num.max = 2 (custom)
2021-08-16 13:11:07,097 [pool-279-thread-1] INFO  server.RaftServerConfigKeys (ConfUtils.java:logGet(44)) - raft.server.log.segment.cache.size.max = 200MB (=209715200) (default)
2021-08-16 13:11:07,097 [pool-279-thread-1] INFO  segmented.SegmentedRaftLogWorker (SegmentedRaftLogWorker.java:<init>(182)) - new 29512a7a-9393-40e5-8a40-953b2282bb1a@group-D248BB1166F2-SegmentedRaftLogWorker for RaftStorageImpl:Storage Directory /home/runner/work/ozone/ozone/hadoop-ozone/integration-test/target/test-dir/MiniOzoneClusterImpl-d497f94c-0a77-40f1-b0c4-d45398a5843a/datanode-1/data/ratis/3a798cf3-ec63-4670-bd83-d248bb1166f2
2021-08-16 13:11:07,097 [pool-279-thread-1] INFO  server.RaftServerConfigKeys (ConfUtils.java:logGet(44)) - raft.server.log.queue.byte-limit = 2147483647 (custom)
2021-08-16 13:11:07,097 [pool-279-thread-1] INFO  server.RaftServerConfigKeys (ConfUtils.java:logGet(44)) - raft.server.log.queue.element-limit = 1024 (custom)
2021-08-16 13:11:07,097 [pool-279-thread-1] INFO  server.RaftServerConfigKeys (ConfUtils.java:logGet(44)) - raft.server.log.segment.size.max = 1048576 (custom)
2021-08-16 13:11:07,097 [pool-279-thread-1] INFO  server.RaftServerConfigKeys (ConfUtils.java:logGet(44)) - raft.server.log.preallocated.size = 16384 (custom)
2021-08-16 13:11:07,097 [pool-279-thread-1] INFO  server.RaftServerConfigKeys (ConfUtils.java:logGet(44)) - raft.server.log.force.sync.num = 128 (default)
2021-08-16 13:11:07,097 [pool-279-thread-1] INFO  server.RaftServerConfigKeys (ConfUtils.java:logGet(44)) - raft.server.log.statemachine.data.sync = true (default)
2021-08-16 13:11:07,097 [pool-279-thread-1] INFO  server.RaftServerConfigKeys (ConfUtils.java:logGet(44)) - raft.server.log.statemachine.data.sync.timeout = 10s (default)
2021-08-16 13:11:07,097 [pool-279-thread-1] INFO  server.RaftServerConfigKeys (ConfUtils.java:logGet(44)) - raft.server.log.statemachine.data.sync.timeout.retry = -1 (default)
2021-08-16 13:11:07,101 [pool-279-thread-1] INFO  server.RaftServerConfigKeys (ConfUtils.java:logGet(44)) - raft.server.log.write.buffer.size = 1048576 (custom)
2021-08-16 13:11:07,102 [pool-279-thread-1] INFO  server.RaftServerConfigKeys (ConfUtils.java:logGet(44)) - raft.server.log.statemachine.data.caching.enabled = true (custom)
2021-08-16 13:11:07,103 [pool-279-thread-1] INFO  segmented.SegmentedRaftLogWorker (SegmentedRaftLogWorker.java:lambda$new$0(133)) - 29512a7a-9393-40e5-8a40-953b2282bb1a@group-D248BB1166F2-SegmentedRaftLogWorker: flushIndex: setUnconditionally 0 -> -1
2021-08-16 13:11:07,103 [pool-279-thread-1] INFO  segmented.SegmentedRaftLogWorker (SegmentedRaftLogWorker.java:lambda$new$0(133)) - 29512a7a-9393-40e5-8a40-953b2282bb1a@group-D248BB1166F2-SegmentedRaftLogWorker: safeCacheEvictIndex: setUnconditionally 0 -> -1
2021-08-16 13:11:07,109 [pool-279-thread-1] INFO  server.RaftServerConfigKeys (ConfUtils.java:logGet(44)) - raft.server.snapshot.auto.trigger.enabled = true (custom)
2021-08-16 13:11:07,109 [pool-279-thread-1] INFO  server.RaftServerConfigKeys (ConfUtils.java:logGet(44)) - raft.server.snapshot.auto.trigger.threshold = 10000 (custom)
2021-08-16 13:11:07,109 [pool-279-thread-1] INFO  server.RaftServerConfigKeys (ConfUtils.java:logGet(44)) - raft.server.snapshot.retention.file.num = 5 (custom)
2021-08-16 13:11:07,109 [pool-279-thread-1] INFO  server.RaftServerConfigKeys (ConfUtils.java:logGet(44)) - raft.server.log.purge.upto.snapshot.index = false (default)
2021-08-16 13:11:07,109 [pool-279-thread-1] INFO  server.RaftServerConfigKeys (ConfUtils.java:logGet(44)) - raft.server.retrycache.expirytime = 600000ms (custom)
2021-08-16 13:11:07,109 [pool-279-thread-1] INFO  server.RaftServerConfigKeys (ConfUtils.java:logGet(44)) - raft.server.retrycache.statistics.expirytime = 100μs (default)
2021-08-16 13:11:07,110 [pool-279-thread-1] INFO  server.RaftServer$Division (RaftServerImpl.java:start(296)) - 29512a7a-9393-40e5-8a40-953b2282bb1a@group-D248BB1166F2: start as a follower, conf=-1: [6430af1b-8c1e-4941-b86e-70a611f1e973|rpc:127.0.0.1:46065|dataStream:|priority:0, 29512a7a-9393-40e5-8a40-953b2282bb1a|rpc:127.0.0.1:38169|dataStream:|priority:0, fb992a77-9bc7-4c94-9eee-eafb24dfa6e7|rpc:127.0.0.1:40407|dataStream:|priority:1], old=null
2021-08-16 13:11:07,110 [pool-279-thread-1] INFO  server.RaftServer$Division (RaftServerImpl.java:setRole(285)) - 29512a7a-9393-40e5-8a40-953b2282bb1a@group-D248BB1166F2: changes role from      null to FOLLOWER at term 0 for startAsFollower
2021-08-16 13:11:07,110 [pool-279-thread-1] INFO  impl.RoleInfo (RoleInfo.java:updateAndGet(130)) - 29512a7a-9393-40e5-8a40-953b2282bb1a: start 29512a7a-9393-40e5-8a40-953b2282bb1a@group-D248BB1166F2-FollowerState
2021-08-16 13:11:07,117 [pool-279-thread-1] INFO  util.JmxRegister (JmxRegister.java:tryRegister(44)) - Successfully registered JMX Bean with object name Ratis:service=RaftServer,group=group-D248BB1166F2,id=29512a7a-9393-40e5-8a40-953b2282bb1a
2021-08-16 13:11:07,143 [grpc-default-executor-0] INFO  server.RaftServer (RaftServerProxy.java:addNew(95)) - 6430af1b-8c1e-4941-b86e-70a611f1e973: addNew group-D248BB1166F2:[6430af1b-8c1e-4941-b86e-70a611f1e973|rpc:127.0.0.1:46065|dataStream:|priority:0, 29512a7a-9393-40e5-8a40-953b2282bb1a|rpc:127.0.0.1:38169|dataStream:|priority:0, fb992a77-9bc7-4c94-9eee-eafb24dfa6e7|rpc:127.0.0.1:40407|dataStream:|priority:1] returns group-D248BB1166F2:java.util.concurrent.CompletableFuture@33ac9334[Not completed]
2021-08-16 13:11:07,144 [pool-300-thread-1] INFO  server.RaftServer$Division (RaftServerImpl.java:<init>(181)) - 6430af1b-8c1e-4941-b86e-70a611f1e973: new RaftServerImpl for group-D248BB1166F2:[6430af1b-8c1e-4941-b86e-70a611f1e973|rpc:127.0.0.1:46065|dataStream:|priority:0, 29512a7a-9393-40e5-8a40-953b2282bb1a|rpc:127.0.0.1:38169|dataStream:|priority:0, fb992a77-9bc7-4c94-9eee-eafb24dfa6e7|rpc:127.0.0.1:40407|dataStream:|priority:1] with ContainerStateMachine:uninitialized
2021-08-16 13:11:07,154 [pool-300-thread-1] INFO  server.RaftServerConfigKeys (ConfUtils.java:logGet(44)) - raft.server.rpc.timeout.min = 5s (custom)
2021-08-16 13:11:07,154 [pool-300-thread-1] INFO  server.RaftServerConfigKeys (ConfUtils.java:logGet(44)) - raft.server.rpc.timeout.max = 5200ms (custom)
2021-08-16 13:11:07,154 [pool-300-thread-1] INFO  server.RaftServerConfigKeys (ConfUtils.java:logGet(44)) - raft.server.rpc.sleep.time = 25ms (default)
2021-08-16 13:11:07,154 [pool-300-thread-1] INFO  server.RaftServerConfigKeys (ConfUtils.java:logGet(44)) - raft.server.rpc.slowness.timeout = 300s (custom)
2021-08-16 13:11:07,154 [pool-300-thread-1] INFO  server.RaftServerConfigKeys (ConfUtils.java:logGet(44)) - raft.server.leaderelection.leader.step-down.wait-time = 10s (default)
2021-08-16 13:11:07,154 [pool-300-thread-1] INFO  server.RaftServerConfigKeys (ConfUtils.java:logGet(44)) - raft.server.sleep.deviation.threshold = 300ms (default)
2021-08-16 13:11:07,154 [pool-300-thread-1] INFO  server.RaftServerConfigKeys (ConfUtils.java:logGet(44)) - raft.server.log.appender.install.snapshot.enabled = false (custom)
2021-08-16 13:11:07,154 [pool-300-thread-1] INFO  server.RaftServer$Division (ServerState.java:<init>(105)) - 6430af1b-8c1e-4941-b86e-70a611f1e973@group-D248BB1166F2: ConfigurationManager, init=-1: [6430af1b-8c1e-4941-b86e-70a611f1e973|rpc:127.0.0.1:46065|dataStream:|priority:0, 29512a7a-9393-40e5-8a40-953b2282bb1a|rpc:127.0.0.1:38169|dataStream:|priority:0, fb992a77-9bc7-4c94-9eee-eafb24dfa6e7|rpc:127.0.0.1:40407|dataStream:|priority:1], old=null, confs=<EMPTY_MAP>
2021-08-16 13:11:07,155 [pool-300-thread-1] INFO  server.RaftServerConfigKeys (ConfUtils.java:logGet(44)) - raft.server.storage.dir = [/home/runner/work/ozone/ozone/hadoop-ozone/integration-test/target/test-dir/MiniOzoneClusterImpl-d497f94c-0a77-40f1-b0c4-d45398a5843a/datanode-2/data/ratis] (custom)
2021-08-16 13:11:07,155 [pool-300-thread-1] INFO  server.RaftServerConfigKeys (ConfUtils.java:logGet(44)) - raft.server.log.corruption.policy = EXCEPTION (default)
2021-08-16 13:11:07,156 [pool-300-thread-1] INFO  server.RaftServerConfigKeys (ConfUtils.java:logGet(44)) - raft.server.storage.free-space.min = 0MB (=0) (default)
2021-08-16 13:11:07,156 [pool-300-thread-1] INFO  storage.RaftStorageDirectory (RaftStorageDirectoryImpl.java:analyzeStorage(135)) - The storage directory /home/runner/work/ozone/ozone/hadoop-ozone/integration-test/target/test-dir/MiniOzoneClusterImpl-d497f94c-0a77-40f1-b0c4-d45398a5843a/datanode-2/data/ratis/3a798cf3-ec63-4670-bd83-d248bb1166f2 does not exist. Creating ...
2021-08-16 13:11:07,157 [pool-300-thread-1] INFO  storage.RaftStorageDirectory (RaftStorageDirectoryImpl.java:tryLock(230)) - Lock on /home/runner/work/ozone/ozone/hadoop-ozone/integration-test/target/test-dir/MiniOzoneClusterImpl-d497f94c-0a77-40f1-b0c4-d45398a5843a/datanode-2/data/ratis/3a798cf3-ec63-4670-bd83-d248bb1166f2/in_use.lock acquired by nodename 11556@fv-az148-41
2021-08-16 13:11:07,160 [pool-300-thread-1] INFO  storage.RaftStorage (RaftStorageImpl.java:format(89)) - Storage directory /home/runner/work/ozone/ozone/hadoop-ozone/integration-test/target/test-dir/MiniOzoneClusterImpl-d497f94c-0a77-40f1-b0c4-d45398a5843a/datanode-2/data/ratis/3a798cf3-ec63-4670-bd83-d248bb1166f2 has been successfully formatted.
2021-08-16 13:11:07,160 [pool-300-thread-1] INFO  ratis.ContainerStateMachine (ContainerStateMachine.java:loadSnapshot(225)) - group-D248BB1166F2: The snapshot info is null. Setting the last applied indexto:(t:0, i:~)
2021-08-16 13:11:07,161 [pool-300-thread-1] INFO  server.RaftServerConfigKeys (ConfUtils.java:logGet(44)) - raft.server.notification.no-leader.timeout = 300s (custom)
2021-08-16 13:11:07,161 [pool-300-thread-1] INFO  server.RaftServerConfigKeys (ConfUtils.java:logGet(44)) - raft.server.log.use.memory = false (default)
2021-08-16 13:11:07,161 [pool-300-thread-1] INFO  server.RaftServerConfigKeys (ConfUtils.java:logGet(44)) - raft.server.log.purge.gap = 1000000 (custom)
2021-08-16 13:11:07,161 [pool-300-thread-1] INFO  server.RaftServerConfigKeys (ConfUtils.java:logGet(44)) - raft.server.log.appender.buffer.byte-limit = 33554432 (custom)
2021-08-16 13:11:07,161 [pool-300-thread-1] INFO  server.RaftServerConfigKeys (ConfUtils.java:logGet(44)) - raft.server.log.segment.size.max = 1048576 (custom)
2021-08-16 13:11:07,162 [pool-300-thread-1] INFO  server.RaftServerConfigKeys (ConfUtils.java:logGet(44)) - raft.server.log.segment.cache.num.max = 2 (custom)
2021-08-16 13:11:07,162 [pool-300-thread-1] INFO  server.RaftServerConfigKeys (ConfUtils.java:logGet(44)) - raft.server.log.segment.cache.size.max = 200MB (=209715200) (default)
2021-08-16 13:11:07,162 [pool-300-thread-1] INFO  segmented.SegmentedRaftLogWorker (SegmentedRaftLogWorker.java:<init>(182)) - new 6430af1b-8c1e-4941-b86e-70a611f1e973@group-D248BB1166F2-SegmentedRaftLogWorker for RaftStorageImpl:Storage Directory /home/runner/work/ozone/ozone/hadoop-ozone/integration-test/target/test-dir/MiniOzoneClusterImpl-d497f94c-0a77-40f1-b0c4-d45398a5843a/datanode-2/data/ratis/3a798cf3-ec63-4670-bd83-d248bb1166f2
2021-08-16 13:11:07,162 [pool-300-thread-1] INFO  server.RaftServerConfigKeys (ConfUtils.java:logGet(44)) - raft.server.log.queue.byte-limit = 2147483647 (custom)
2021-08-16 13:11:07,162 [pool-300-thread-1] INFO  server.RaftServerConfigKeys (ConfUtils.java:logGet(44)) - raft.server.log.queue.element-limit = 1024 (custom)
2021-08-16 13:11:07,162 [pool-300-thread-1] INFO  server.RaftServerConfigKeys (ConfUtils.java:logGet(44)) - raft.server.log.segment.size.max = 1048576 (custom)
2021-08-16 13:11:07,162 [pool-300-thread-1] INFO  server.RaftServerConfigKeys (ConfUtils.java:logGet(44)) - raft.server.log.preallocated.size = 16384 (custom)
2021-08-16 13:11:07,162 [pool-300-thread-1] INFO  server.RaftServerConfigKeys (ConfUtils.java:logGet(44)) - raft.server.log.force.sync.num = 128 (default)
2021-08-16 13:11:07,162 [pool-300-thread-1] INFO  server.RaftServerConfigKeys (ConfUtils.java:logGet(44)) - raft.server.log.statemachine.data.sync = true (default)
2021-08-16 13:11:07,162 [pool-300-thread-1] INFO  server.RaftServerConfigKeys (ConfUtils.java:logGet(44)) - raft.server.log.statemachine.data.sync.timeout = 10s (default)
2021-08-16 13:11:07,162 [pool-300-thread-1] INFO  server.RaftServerConfigKeys (ConfUtils.java:logGet(44)) - raft.server.log.statemachine.data.sync.timeout.retry = -1 (default)
2021-08-16 13:11:07,163 [pool-300-thread-1] INFO  server.RaftServerConfigKeys (ConfUtils.java:logGet(44)) - raft.server.log.write.buffer.size = 1048576 (custom)
2021-08-16 13:11:07,163 [pool-300-thread-1] INFO  server.RaftServerConfigKeys (ConfUtils.java:logGet(44)) - raft.server.log.statemachine.data.caching.enabled = true (custom)
2021-08-16 13:11:07,163 [pool-300-thread-1] INFO  segmented.SegmentedRaftLogWorker (SegmentedRaftLogWorker.java:lambda$new$0(133)) - 6430af1b-8c1e-4941-b86e-70a611f1e973@group-D248BB1166F2-SegmentedRaftLogWorker: flushIndex: setUnconditionally 0 -> -1
2021-08-16 13:11:07,163 [pool-300-thread-1] INFO  segmented.SegmentedRaftLogWorker (SegmentedRaftLogWorker.java:lambda$new$0(133)) - 6430af1b-8c1e-4941-b86e-70a611f1e973@group-D248BB1166F2-SegmentedRaftLogWorker: safeCacheEvictIndex: setUnconditionally 0 -> -1
2021-08-16 13:11:07,172 [pool-300-thread-1] INFO  server.RaftServerConfigKeys (ConfUtils.java:logGet(44)) - raft.server.snapshot.auto.trigger.enabled = true (custom)
2021-08-16 13:11:07,172 [pool-300-thread-1] INFO  server.RaftServerConfigKeys (ConfUtils.java:logGet(44)) - raft.server.snapshot.auto.trigger.threshold = 10000 (custom)
2021-08-16 13:11:07,172 [pool-300-thread-1] INFO  server.RaftServerConfigKeys (ConfUtils.java:logGet(44)) - raft.server.snapshot.retention.file.num = 5 (custom)
2021-08-16 13:11:07,172 [pool-300-thread-1] INFO  server.RaftServerConfigKeys (ConfUtils.java:logGet(44)) - raft.server.log.purge.upto.snapshot.index = false (default)
2021-08-16 13:11:07,172 [pool-300-thread-1] INFO  server.RaftServerConfigKeys (ConfUtils.java:logGet(44)) - raft.server.retrycache.expirytime = 600000ms (custom)
2021-08-16 13:11:07,172 [pool-300-thread-1] INFO  server.RaftServerConfigKeys (ConfUtils.java:logGet(44)) - raft.server.retrycache.statistics.expirytime = 100μs (default)
2021-08-16 13:11:07,173 [pool-300-thread-1] INFO  server.RaftServer$Division (RaftServerImpl.java:start(296)) - 6430af1b-8c1e-4941-b86e-70a611f1e973@group-D248BB1166F2: start as a follower, conf=-1: [6430af1b-8c1e-4941-b86e-70a611f1e973|rpc:127.0.0.1:46065|dataStream:|priority:0, 29512a7a-9393-40e5-8a40-953b2282bb1a|rpc:127.0.0.1:38169|dataStream:|priority:0, fb992a77-9bc7-4c94-9eee-eafb24dfa6e7|rpc:127.0.0.1:40407|dataStream:|priority:1], old=null
2021-08-16 13:11:07,173 [pool-300-thread-1] INFO  server.RaftServer$Division (RaftServerImpl.java:setRole(285)) - 6430af1b-8c1e-4941-b86e-70a611f1e973@group-D248BB1166F2: changes role from      null to FOLLOWER at term 0 for startAsFollower
2021-08-16 13:11:07,173 [pool-300-thread-1] INFO  impl.RoleInfo (RoleInfo.java:updateAndGet(130)) - 6430af1b-8c1e-4941-b86e-70a611f1e973: start 6430af1b-8c1e-4941-b86e-70a611f1e973@group-D248BB1166F2-FollowerState
2021-08-16 13:11:07,182 [pool-300-thread-1] INFO  util.JmxRegister (JmxRegister.java:tryRegister(44)) - Successfully registered JMX Bean with object name Ratis:service=RaftServer,group=group-D248BB1166F2,id=6430af1b-8c1e-4941-b86e-70a611f1e973
2021-08-16 13:11:07,202 [Command processor thread] INFO  commandhandler.CreatePipelineCommandHandler (CreatePipelineCommandHandler.java:handle(106)) - Created Pipeline RATIS THREE PipelineID=3a798cf3-ec63-4670-bd83-d248bb1166f2.
2021-08-16 13:11:07,202 [Command processor thread] INFO  server.RaftServer (RaftServerProxy.java:addNew(95)) - fb992a77-9bc7-4c94-9eee-eafb24dfa6e7: addNew group-B8DBC5B42549:[6430af1b-8c1e-4941-b86e-70a611f1e973|rpc:127.0.0.1:46065|priority:0, 29512a7a-9393-40e5-8a40-953b2282bb1a|rpc:127.0.0.1:38169|priority:1, fb992a77-9bc7-4c94-9eee-eafb24dfa6e7|rpc:127.0.0.1:40407|priority:0] returns group-B8DBC5B42549:java.util.concurrent.CompletableFuture@128e0db[Not completed]
2021-08-16 13:11:07,203 [pool-258-thread-1] INFO  server.RaftServer$Division (RaftServerImpl.java:<init>(181)) - fb992a77-9bc7-4c94-9eee-eafb24dfa6e7: new RaftServerImpl for group-B8DBC5B42549:[6430af1b-8c1e-4941-b86e-70a611f1e973|rpc:127.0.0.1:46065|priority:0, 29512a7a-9393-40e5-8a40-953b2282bb1a|rpc:127.0.0.1:38169|priority:1, fb992a77-9bc7-4c94-9eee-eafb24dfa6e7|rpc:127.0.0.1:40407|priority:0] with ContainerStateMachine:uninitialized
2021-08-16 13:11:07,203 [pool-258-thread-1] INFO  server.RaftServerConfigKeys (ConfUtils.java:logGet(44)) - raft.server.rpc.timeout.min = 5s (custom)
2021-08-16 13:11:07,203 [pool-258-thread-1] INFO  server.RaftServerConfigKeys (ConfUtils.java:logGet(44)) - raft.server.rpc.timeout.max = 5200ms (custom)
2021-08-16 13:11:07,203 [pool-258-thread-1] INFO  server.RaftServerConfigKeys (ConfUtils.java:logGet(44)) - raft.server.rpc.sleep.time = 25ms (default)
2021-08-16 13:11:07,203 [pool-258-thread-1] INFO  server.RaftServerConfigKeys (ConfUtils.java:logGet(44)) - raft.server.rpc.slowness.timeout = 300s (custom)
2021-08-16 13:11:07,203 [pool-258-thread-1] INFO  server.RaftServerConfigKeys (ConfUtils.java:logGet(44)) - raft.server.leaderelection.leader.step-down.wait-time = 10s (default)
2021-08-16 13:11:07,203 [pool-258-thread-1] INFO  server.RaftServerConfigKeys (ConfUtils.java:logGet(44)) - raft.server.sleep.deviation.threshold = 300ms (default)
2021-08-16 13:11:07,203 [pool-258-thread-1] INFO  server.RaftServerConfigKeys (ConfUtils.java:logGet(44)) - raft.server.log.appender.install.snapshot.enabled = false (custom)
2021-08-16 13:11:07,203 [pool-258-thread-1] INFO  server.RaftServer$Division (ServerState.java:<init>(105)) - fb992a77-9bc7-4c94-9eee-eafb24dfa6e7@group-B8DBC5B42549: ConfigurationManager, init=-1: [6430af1b-8c1e-4941-b86e-70a611f1e973|rpc:127.0.0.1:46065|priority:0, 29512a7a-9393-40e5-8a40-953b2282bb1a|rpc:127.0.0.1:38169|priority:1, fb992a77-9bc7-4c94-9eee-eafb24dfa6e7|rpc:127.0.0.1:40407|priority:0], old=null, confs=<EMPTY_MAP>
2021-08-16 13:11:07,203 [pool-258-thread-1] INFO  server.RaftServerConfigKeys (ConfUtils.java:logGet(44)) - raft.server.storage.dir = [/home/runner/work/ozone/ozone/hadoop-ozone/integration-test/target/test-dir/MiniOzoneClusterImpl-d497f94c-0a77-40f1-b0c4-d45398a5843a/datanode-0/data/ratis] (custom)
2021-08-16 13:11:07,203 [pool-258-thread-1] INFO  server.RaftServerConfigKeys (ConfUtils.java:logGet(44)) - raft.server.log.corruption.policy = EXCEPTION (default)
2021-08-16 13:11:07,203 [pool-258-thread-1] INFO  server.RaftServerConfigKeys (ConfUtils.java:logGet(44)) - raft.server.storage.free-space.min = 0MB (=0) (default)
2021-08-16 13:11:07,204 [pool-258-thread-1] INFO  storage.RaftStorageDirectory (RaftStorageDirectoryImpl.java:analyzeStorage(135)) - The storage directory /home/runner/work/ozone/ozone/hadoop-ozone/integration-test/target/test-dir/MiniOzoneClusterImpl-d497f94c-0a77-40f1-b0c4-d45398a5843a/datanode-0/data/ratis/962f00f2-eecd-4ec7-a4b2-b8dbc5b42549 does not exist. Creating ...
2021-08-16 13:11:07,206 [pool-258-thread-1] INFO  storage.RaftStorageDirectory (RaftStorageDirectoryImpl.java:tryLock(230)) - Lock on /home/runner/work/ozone/ozone/hadoop-ozone/integration-test/target/test-dir/MiniOzoneClusterImpl-d497f94c-0a77-40f1-b0c4-d45398a5843a/datanode-0/data/ratis/962f00f2-eecd-4ec7-a4b2-b8dbc5b42549/in_use.lock acquired by nodename 11556@fv-az148-41
2021-08-16 13:11:07,208 [pool-258-thread-1] INFO  storage.RaftStorage (RaftStorageImpl.java:format(89)) - Storage directory /home/runner/work/ozone/ozone/hadoop-ozone/integration-test/target/test-dir/MiniOzoneClusterImpl-d497f94c-0a77-40f1-b0c4-d45398a5843a/datanode-0/data/ratis/962f00f2-eecd-4ec7-a4b2-b8dbc5b42549 has been successfully formatted.
2021-08-16 13:11:07,208 [pool-258-thread-1] INFO  ratis.ContainerStateMachine (ContainerStateMachine.java:loadSnapshot(225)) - group-B8DBC5B42549: The snapshot info is null. Setting the last applied indexto:(t:0, i:~)
2021-08-16 13:11:07,209 [pool-258-thread-1] INFO  server.RaftServerConfigKeys (ConfUtils.java:logGet(44)) - raft.server.notification.no-leader.timeout = 300s (custom)
2021-08-16 13:11:07,209 [pool-258-thread-1] INFO  server.RaftServerConfigKeys (ConfUtils.java:logGet(44)) - raft.server.log.use.memory = false (default)
2021-08-16 13:11:07,209 [pool-258-thread-1] INFO  server.RaftServerConfigKeys (ConfUtils.java:logGet(44)) - raft.server.log.purge.gap = 1000000 (custom)
2021-08-16 13:11:07,209 [pool-258-thread-1] INFO  server.RaftServerConfigKeys (ConfUtils.java:logGet(44)) - raft.server.log.appender.buffer.byte-limit = 33554432 (custom)
2021-08-16 13:11:07,209 [pool-258-thread-1] INFO  server.RaftServerConfigKeys (ConfUtils.java:logGet(44)) - raft.server.log.segment.size.max = 1048576 (custom)
2021-08-16 13:11:07,209 [pool-258-thread-1] INFO  server.RaftServerConfigKeys (ConfUtils.java:logGet(44)) - raft.server.log.segment.cache.num.max = 2 (custom)
2021-08-16 13:11:07,209 [pool-258-thread-1] INFO  server.RaftServerConfigKeys (ConfUtils.java:logGet(44)) - raft.server.log.segment.cache.size.max = 200MB (=209715200) (default)
2021-08-16 13:11:07,209 [pool-258-thread-1] INFO  segmented.SegmentedRaftLogWorker (SegmentedRaftLogWorker.java:<init>(182)) - new fb992a77-9bc7-4c94-9eee-eafb24dfa6e7@group-B8DBC5B42549-SegmentedRaftLogWorker for RaftStorageImpl:Storage Directory /home/runner/work/ozone/ozone/hadoop-ozone/integration-test/target/test-dir/MiniOzoneClusterImpl-d497f94c-0a77-40f1-b0c4-d45398a5843a/datanode-0/data/ratis/962f00f2-eecd-4ec7-a4b2-b8dbc5b42549
2021-08-16 13:11:07,209 [pool-258-thread-1] INFO  server.RaftServerConfigKeys (ConfUtils.java:logGet(44)) - raft.server.log.queue.byte-limit = 2147483647 (custom)
2021-08-16 13:11:07,209 [pool-258-thread-1] INFO  server.RaftServerConfigKeys (ConfUtils.java:logGet(44)) - raft.server.log.queue.element-limit = 1024 (custom)
2021-08-16 13:11:07,209 [pool-258-thread-1] INFO  server.RaftServerConfigKeys (ConfUtils.java:logGet(44)) - raft.server.log.segment.size.max = 1048576 (custom)
2021-08-16 13:11:07,210 [pool-258-thread-1] INFO  server.RaftServerConfigKeys (ConfUtils.java:logGet(44)) - raft.server.log.preallocated.size = 16384 (custom)
2021-08-16 13:11:07,210 [pool-258-thread-1] INFO  server.RaftServerConfigKeys (ConfUtils.java:logGet(44)) - raft.server.log.force.sync.num = 128 (default)
2021-08-16 13:11:07,210 [pool-258-thread-1] INFO  server.RaftServerConfigKeys (ConfUtils.java:logGet(44)) - raft.server.log.statemachine.data.sync = true (default)
2021-08-16 13:11:07,210 [pool-258-thread-1] INFO  server.RaftServerConfigKeys (ConfUtils.java:logGet(44)) - raft.server.log.statemachine.data.sync.timeout = 10s (default)
2021-08-16 13:11:07,210 [pool-258-thread-1] INFO  server.RaftServerConfigKeys (ConfUtils.java:logGet(44)) - raft.server.log.statemachine.data.sync.timeout.retry = -1 (default)
2021-08-16 13:11:07,210 [pool-258-thread-1] INFO  server.RaftServerConfigKeys (ConfUtils.java:logGet(44)) - raft.server.log.write.buffer.size = 1048576 (custom)
2021-08-16 13:11:07,211 [pool-258-thread-1] INFO  server.RaftServerConfigKeys (ConfUtils.java:logGet(44)) - raft.server.log.statemachine.data.caching.enabled = true (custom)
2021-08-16 13:11:07,211 [pool-258-thread-1] INFO  segmented.SegmentedRaftLogWorker (SegmentedRaftLogWorker.java:lambda$new$0(133)) - fb992a77-9bc7-4c94-9eee-eafb24dfa6e7@group-B8DBC5B42549-SegmentedRaftLogWorker: flushIndex: setUnconditionally 0 -> -1
2021-08-16 13:11:07,211 [pool-258-thread-1] INFO  segmented.SegmentedRaftLogWorker (SegmentedRaftLogWorker.java:lambda$new$0(133)) - fb992a77-9bc7-4c94-9eee-eafb24dfa6e7@group-B8DBC5B42549-SegmentedRaftLogWorker: safeCacheEvictIndex: setUnconditionally 0 -> -1
2021-08-16 13:11:07,213 [pool-258-thread-1] INFO  server.RaftServerConfigKeys (ConfUtils.java:logGet(44)) - raft.server.snapshot.auto.trigger.enabled = true (custom)
2021-08-16 13:11:07,213 [pool-258-thread-1] INFO  server.RaftServerConfigKeys (ConfUtils.java:logGet(44)) - raft.server.snapshot.auto.trigger.threshold = 10000 (custom)
2021-08-16 13:11:07,214 [EventQueue-OpenPipelineForHealthyPipelineSafeModeRule] INFO  safemode.SCMSafeModeManager (HealthyPipelineSafeModeRule.java:process(124)) - SCM in safe mode. Healthy pipelines reported count is 0, required healthy pipeline reported count is 1
2021-08-16 13:11:07,215 [EventQueue-OpenPipelineForHealthyPipelineSafeModeRule] INFO  safemode.SCMSafeModeManager (HealthyPipelineSafeModeRule.java:process(124)) - SCM in safe mode. Healthy pipelines reported count is 0, required healthy pipeline reported count is 1
2021-08-16 13:11:07,216 [pool-258-thread-1] INFO  server.RaftServerConfigKeys (ConfUtils.java:logGet(44)) - raft.server.snapshot.retention.file.num = 5 (custom)
2021-08-16 13:11:07,216 [pool-258-thread-1] INFO  server.RaftServerConfigKeys (ConfUtils.java:logGet(44)) - raft.server.log.purge.upto.snapshot.index = false (default)
2021-08-16 13:11:07,216 [pool-258-thread-1] INFO  server.RaftServerConfigKeys (ConfUtils.java:logGet(44)) - raft.server.retrycache.expirytime = 600000ms (custom)
2021-08-16 13:11:07,216 [pool-258-thread-1] INFO  server.RaftServerConfigKeys (ConfUtils.java:logGet(44)) - raft.server.retrycache.statistics.expirytime = 100μs (default)
2021-08-16 13:11:07,217 [pool-258-thread-1] INFO  server.RaftServer$Division (RaftServerImpl.java:start(296)) - fb992a77-9bc7-4c94-9eee-eafb24dfa6e7@group-B8DBC5B42549: start as a follower, conf=-1: [6430af1b-8c1e-4941-b86e-70a611f1e973|rpc:127.0.0.1:46065|priority:0, 29512a7a-9393-40e5-8a40-953b2282bb1a|rpc:127.0.0.1:38169|priority:1, fb992a77-9bc7-4c94-9eee-eafb24dfa6e7|rpc:127.0.0.1:40407|priority:0], old=null
2021-08-16 13:11:07,217 [pool-258-thread-1] INFO  server.RaftServer$Division (RaftServerImpl.java:setRole(285)) - fb992a77-9bc7-4c94-9eee-eafb24dfa6e7@group-B8DBC5B42549: changes role from      null to FOLLOWER at term 0 for startAsFollower
2021-08-16 13:11:07,217 [pool-258-thread-1] INFO  impl.RoleInfo (RoleInfo.java:updateAndGet(130)) - fb992a77-9bc7-4c94-9eee-eafb24dfa6e7: start fb992a77-9bc7-4c94-9eee-eafb24dfa6e7@group-B8DBC5B42549-FollowerState
2021-08-16 13:11:07,218 [pool-258-thread-1] INFO  util.JmxRegister (JmxRegister.java:tryRegister(44)) - Successfully registered JMX Bean with object name Ratis:service=RaftServer,group=group-B8DBC5B42549,id=fb992a77-9bc7-4c94-9eee-eafb24dfa6e7
2021-08-16 13:11:07,221 [Command processor thread] INFO  ratis.XceiverServerRatis (XceiverServerRatis.java:addGroup(763)) - Created group PipelineID=962f00f2-eecd-4ec7-a4b2-b8dbc5b42549
2021-08-16 13:11:07,227 [grpc-default-executor-0] INFO  server.RaftServer (RaftServerProxy.java:addNew(95)) - 29512a7a-9393-40e5-8a40-953b2282bb1a: addNew group-B8DBC5B42549:[6430af1b-8c1e-4941-b86e-70a611f1e973|rpc:127.0.0.1:46065|dataStream:|priority:0, 29512a7a-9393-40e5-8a40-953b2282bb1a|rpc:127.0.0.1:38169|dataStream:|priority:1, fb992a77-9bc7-4c94-9eee-eafb24dfa6e7|rpc:127.0.0.1:40407|dataStream:|priority:0] returns group-B8DBC5B42549:java.util.concurrent.CompletableFuture@6324f3ce[Not completed]
2021-08-16 13:11:07,228 [pool-279-thread-1] INFO  server.RaftServer$Division (RaftServerImpl.java:<init>(181)) - 29512a7a-9393-40e5-8a40-953b2282bb1a: new RaftServerImpl for group-B8DBC5B42549:[6430af1b-8c1e-4941-b86e-70a611f1e973|rpc:127.0.0.1:46065|dataStream:|priority:0, 29512a7a-9393-40e5-8a40-953b2282bb1a|rpc:127.0.0.1:38169|dataStream:|priority:1, fb992a77-9bc7-4c94-9eee-eafb24dfa6e7|rpc:127.0.0.1:40407|dataStream:|priority:0] with ContainerStateMachine:uninitialized
2021-08-16 13:11:07,228 [pool-279-thread-1] INFO  server.RaftServerConfigKeys (ConfUtils.java:logGet(44)) - raft.server.rpc.timeout.min = 5s (custom)
2021-08-16 13:11:07,228 [pool-279-thread-1] INFO  server.RaftServerConfigKeys (ConfUtils.java:logGet(44)) - raft.server.rpc.timeout.max = 5200ms (custom)
2021-08-16 13:11:07,228 [pool-279-thread-1] INFO  server.RaftServerConfigKeys (ConfUtils.java:logGet(44)) - raft.server.rpc.sleep.time = 25ms (default)
2021-08-16 13:11:07,228 [pool-279-thread-1] INFO  server.RaftServerConfigKeys (ConfUtils.java:logGet(44)) - raft.server.rpc.slowness.timeout = 300s (custom)
2021-08-16 13:11:07,228 [pool-279-thread-1] INFO  server.RaftServerConfigKeys (ConfUtils.java:logGet(44)) - raft.server.leaderelection.leader.step-down.wait-time = 10s (default)
2021-08-16 13:11:07,228 [pool-279-thread-1] INFO  server.RaftServerConfigKeys (ConfUtils.java:logGet(44)) - raft.server.sleep.deviation.threshold = 300ms (default)
2021-08-16 13:11:07,228 [pool-279-thread-1] INFO  server.RaftServerConfigKeys (ConfUtils.java:logGet(44)) - raft.server.log.appender.install.snapshot.enabled = false (custom)
2021-08-16 13:11:07,228 [pool-279-thread-1] INFO  server.RaftServer$Division (ServerState.java:<init>(105)) - 29512a7a-9393-40e5-8a40-953b2282bb1a@group-B8DBC5B42549: ConfigurationManager, init=-1: [6430af1b-8c1e-4941-b86e-70a611f1e973|rpc:127.0.0.1:46065|dataStream:|priority:0, 29512a7a-9393-40e5-8a40-953b2282bb1a|rpc:127.0.0.1:38169|dataStream:|priority:1, fb992a77-9bc7-4c94-9eee-eafb24dfa6e7|rpc:127.0.0.1:40407|dataStream:|priority:0], old=null, confs=<EMPTY_MAP>
2021-08-16 13:11:07,228 [pool-279-thread-1] INFO  server.RaftServerConfigKeys (ConfUtils.java:logGet(44)) - raft.server.storage.dir = [/home/runner/work/ozone/ozone/hadoop-ozone/integration-test/target/test-dir/MiniOzoneClusterImpl-d497f94c-0a77-40f1-b0c4-d45398a5843a/datanode-1/data/ratis] (custom)
2021-08-16 13:11:07,228 [pool-279-thread-1] INFO  server.RaftServerConfigKeys (ConfUtils.java:logGet(44)) - raft.server.log.corruption.policy = EXCEPTION (default)
2021-08-16 13:11:07,229 [pool-279-thread-1] INFO  server.RaftServerConfigKeys (ConfUtils.java:logGet(44)) - raft.server.storage.free-space.min = 0MB (=0) (default)
2021-08-16 13:11:07,229 [pool-279-thread-1] INFO  storage.RaftStorageDirectory (RaftStorageDirectoryImpl.java:analyzeStorage(135)) - The storage directory /home/runner/work/ozone/ozone/hadoop-ozone/integration-test/target/test-dir/MiniOzoneClusterImpl-d497f94c-0a77-40f1-b0c4-d45398a5843a/datanode-1/data/ratis/962f00f2-eecd-4ec7-a4b2-b8dbc5b42549 does not exist. Creating ...
2021-08-16 13:11:07,232 [pool-279-thread-1] INFO  storage.RaftStorageDirectory (RaftStorageDirectoryImpl.java:tryLock(230)) - Lock on /home/runner/work/ozone/ozone/hadoop-ozone/integration-test/target/test-dir/MiniOzoneClusterImpl-d497f94c-0a77-40f1-b0c4-d45398a5843a/datanode-1/data/ratis/962f00f2-eecd-4ec7-a4b2-b8dbc5b42549/in_use.lock acquired by nodename 11556@fv-az148-41
2021-08-16 13:11:07,234 [pool-279-thread-1] INFO  storage.RaftStorage (RaftStorageImpl.java:format(89)) - Storage directory /home/runner/work/ozone/ozone/hadoop-ozone/integration-test/target/test-dir/MiniOzoneClusterImpl-d497f94c-0a77-40f1-b0c4-d45398a5843a/datanode-1/data/ratis/962f00f2-eecd-4ec7-a4b2-b8dbc5b42549 has been successfully formatted.
2021-08-16 13:11:07,235 [pool-279-thread-1] INFO  ratis.ContainerStateMachine (ContainerStateMachine.java:loadSnapshot(225)) - group-B8DBC5B42549: The snapshot info is null. Setting the last applied indexto:(t:0, i:~)
2021-08-16 13:11:07,235 [pool-279-thread-1] INFO  server.RaftServerConfigKeys (ConfUtils.java:logGet(44)) - raft.server.notification.no-leader.timeout = 300s (custom)
2021-08-16 13:11:07,235 [pool-279-thread-1] INFO  server.RaftServerConfigKeys (ConfUtils.java:logGet(44)) - raft.server.log.use.memory = false (default)
2021-08-16 13:11:07,235 [pool-279-thread-1] INFO  server.RaftServerConfigKeys (ConfUtils.java:logGet(44)) - raft.server.log.purge.gap = 1000000 (custom)
2021-08-16 13:11:07,235 [pool-279-thread-1] INFO  server.RaftServerConfigKeys (ConfUtils.java:logGet(44)) - raft.server.log.appender.buffer.byte-limit = 33554432 (custom)
2021-08-16 13:11:07,235 [pool-279-thread-1] INFO  server.RaftServerConfigKeys (ConfUtils.java:logGet(44)) - raft.server.log.segment.size.max = 1048576 (custom)
2021-08-16 13:11:07,235 [pool-279-thread-1] INFO  server.RaftServerConfigKeys (ConfUtils.java:logGet(44)) - raft.server.log.segment.cache.num.max = 2 (custom)
2021-08-16 13:11:07,235 [pool-279-thread-1] INFO  server.RaftServerConfigKeys (ConfUtils.java:logGet(44)) - raft.server.log.segment.cache.size.max = 200MB (=209715200) (default)
2021-08-16 13:11:07,235 [pool-279-thread-1] INFO  segmented.SegmentedRaftLogWorker (SegmentedRaftLogWorker.java:<init>(182)) - new 29512a7a-9393-40e5-8a40-953b2282bb1a@group-B8DBC5B42549-SegmentedRaftLogWorker for RaftStorageImpl:Storage Directory /home/runner/work/ozone/ozone/hadoop-ozone/integration-test/target/test-dir/MiniOzoneClusterImpl-d497f94c-0a77-40f1-b0c4-d45398a5843a/datanode-1/data/ratis/962f00f2-eecd-4ec7-a4b2-b8dbc5b42549
2021-08-16 13:11:07,235 [pool-279-thread-1] INFO  server.RaftServerConfigKeys (ConfUtils.java:logGet(44)) - raft.server.log.queue.byte-limit = 2147483647 (custom)
2021-08-16 13:11:07,235 [pool-279-thread-1] INFO  server.RaftServerConfigKeys (ConfUtils.java:logGet(44)) - raft.server.log.queue.element-limit = 1024 (custom)
2021-08-16 13:11:07,236 [pool-279-thread-1] INFO  server.RaftServerConfigKeys (ConfUtils.java:logGet(44)) - raft.server.log.segment.size.max = 1048576 (custom)
2021-08-16 13:11:07,236 [pool-279-thread-1] INFO  server.RaftServerConfigKeys (ConfUtils.java:logGet(44)) - raft.server.log.preallocated.size = 16384 (custom)
2021-08-16 13:11:07,236 [pool-279-thread-1] INFO  server.RaftServerConfigKeys (ConfUtils.java:logGet(44)) - raft.server.log.force.sync.num = 128 (default)
2021-08-16 13:11:07,236 [pool-279-thread-1] INFO  server.RaftServerConfigKeys (ConfUtils.java:logGet(44)) - raft.server.log.statemachine.data.sync = true (default)
2021-08-16 13:11:07,236 [pool-279-thread-1] INFO  server.RaftServerConfigKeys (ConfUtils.java:logGet(44)) - raft.server.log.statemachine.data.sync.timeout = 10s (default)
2021-08-16 13:11:07,236 [pool-279-thread-1] INFO  server.RaftServerConfigKeys (ConfUtils.java:logGet(44)) - raft.server.log.statemachine.data.sync.timeout.retry = -1 (default)
2021-08-16 13:11:07,236 [pool-279-thread-1] INFO  server.RaftServerConfigKeys (ConfUtils.java:logGet(44)) - raft.server.log.write.buffer.size = 1048576 (custom)
2021-08-16 13:11:07,237 [pool-279-thread-1] INFO  server.RaftServerConfigKeys (ConfUtils.java:logGet(44)) - raft.server.log.statemachine.data.caching.enabled = true (custom)
2021-08-16 13:11:07,237 [pool-279-thread-1] INFO  segmented.SegmentedRaftLogWorker (SegmentedRaftLogWorker.java:lambda$new$0(133)) - 29512a7a-9393-40e5-8a40-953b2282bb1a@group-B8DBC5B42549-SegmentedRaftLogWorker: flushIndex: setUnconditionally 0 -> -1
2021-08-16 13:11:07,237 [pool-279-thread-1] INFO  segmented.SegmentedRaftLogWorker (SegmentedRaftLogWorker.java:lambda$new$0(133)) - 29512a7a-9393-40e5-8a40-953b2282bb1a@group-B8DBC5B42549-SegmentedRaftLogWorker: safeCacheEvictIndex: setUnconditionally 0 -> -1
2021-08-16 13:11:07,240 [pool-279-thread-1] INFO  server.RaftServerConfigKeys (ConfUtils.java:logGet(44)) - raft.server.snapshot.auto.trigger.enabled = true (custom)
2021-08-16 13:11:07,241 [pool-279-thread-1] INFO  server.RaftServerConfigKeys (ConfUtils.java:logGet(44)) - raft.server.snapshot.auto.trigger.threshold = 10000 (custom)
2021-08-16 13:11:07,241 [pool-279-thread-1] INFO  server.RaftServerConfigKeys (ConfUtils.java:logGet(44)) - raft.server.snapshot.retention.file.num = 5 (custom)
2021-08-16 13:11:07,241 [pool-279-thread-1] INFO  server.RaftServerConfigKeys (ConfUtils.java:logGet(44)) - raft.server.log.purge.upto.snapshot.index = false (default)
2021-08-16 13:11:07,241 [pool-279-thread-1] INFO  server.RaftServerConfigKeys (ConfUtils.java:logGet(44)) - raft.server.retrycache.expirytime = 600000ms (custom)
2021-08-16 13:11:07,241 [pool-279-thread-1] INFO  server.RaftServerConfigKeys (ConfUtils.java:logGet(44)) - raft.server.retrycache.statistics.expirytime = 100μs (default)
2021-08-16 13:11:07,242 [pool-279-thread-1] INFO  server.RaftServer$Division (RaftServerImpl.java:start(296)) - 29512a7a-9393-40e5-8a40-953b2282bb1a@group-B8DBC5B42549: start as a follower, conf=-1: [6430af1b-8c1e-4941-b86e-70a611f1e973|rpc:127.0.0.1:46065|dataStream:|priority:0, 29512a7a-9393-40e5-8a40-953b2282bb1a|rpc:127.0.0.1:38169|dataStream:|priority:1, fb992a77-9bc7-4c94-9eee-eafb24dfa6e7|rpc:127.0.0.1:40407|dataStream:|priority:0], old=null
2021-08-16 13:11:07,247 [pool-279-thread-1] INFO  server.RaftServer$Division (RaftServerImpl.java:setRole(285)) - 29512a7a-9393-40e5-8a40-953b2282bb1a@group-B8DBC5B42549: changes role from      null to FOLLOWER at term 0 for startAsFollower
2021-08-16 13:11:07,247 [pool-279-thread-1] INFO  impl.RoleInfo (RoleInfo.java:updateAndGet(130)) - 29512a7a-9393-40e5-8a40-953b2282bb1a: start 29512a7a-9393-40e5-8a40-953b2282bb1a@group-B8DBC5B42549-FollowerState
2021-08-16 13:11:07,254 [pool-279-thread-1] INFO  util.JmxRegister (JmxRegister.java:tryRegister(44)) - Successfully registered JMX Bean with object name Ratis:service=RaftServer,group=group-B8DBC5B42549,id=29512a7a-9393-40e5-8a40-953b2282bb1a
2021-08-16 13:11:07,274 [grpc-default-executor-0] INFO  server.RaftServer (RaftServerProxy.java:addNew(95)) - 6430af1b-8c1e-4941-b86e-70a611f1e973: addNew group-B8DBC5B42549:[6430af1b-8c1e-4941-b86e-70a611f1e973|rpc:127.0.0.1:46065|dataStream:|priority:0, 29512a7a-9393-40e5-8a40-953b2282bb1a|rpc:127.0.0.1:38169|dataStream:|priority:1, fb992a77-9bc7-4c94-9eee-eafb24dfa6e7|rpc:127.0.0.1:40407|dataStream:|priority:0] returns group-B8DBC5B42549:java.util.concurrent.CompletableFuture@47711cce[Not completed]
2021-08-16 13:11:07,274 [pool-300-thread-1] INFO  server.RaftServer$Division (RaftServerImpl.java:<init>(181)) - 6430af1b-8c1e-4941-b86e-70a611f1e973: new RaftServerImpl for group-B8DBC5B42549:[6430af1b-8c1e-4941-b86e-70a611f1e973|rpc:127.0.0.1:46065|dataStream:|priority:0, 29512a7a-9393-40e5-8a40-953b2282bb1a|rpc:127.0.0.1:38169|dataStream:|priority:1, fb992a77-9bc7-4c94-9eee-eafb24dfa6e7|rpc:127.0.0.1:40407|dataStream:|priority:0] with ContainerStateMachine:uninitialized
2021-08-16 13:11:07,274 [pool-300-thread-1] INFO  server.RaftServerConfigKeys (ConfUtils.java:logGet(44)) - raft.server.rpc.timeout.min = 5s (custom)
2021-08-16 13:11:07,274 [pool-300-thread-1] INFO  server.RaftServerConfigKeys (ConfUtils.java:logGet(44)) - raft.server.rpc.timeout.max = 5200ms (custom)
2021-08-16 13:11:07,275 [pool-300-thread-1] INFO  server.RaftServerConfigKeys (ConfUtils.java:logGet(44)) - raft.server.rpc.sleep.time = 25ms (default)
2021-08-16 13:11:07,275 [pool-300-thread-1] INFO  server.RaftServerConfigKeys (ConfUtils.java:logGet(44)) - raft.server.rpc.slowness.timeout = 300s (custom)
2021-08-16 13:11:07,275 [pool-300-thread-1] INFO  server.RaftServerConfigKeys (ConfUtils.java:logGet(44)) - raft.server.leaderelection.leader.step-down.wait-time = 10s (default)
2021-08-16 13:11:07,275 [pool-300-thread-1] INFO  server.RaftServerConfigKeys (ConfUtils.java:logGet(44)) - raft.server.sleep.deviation.threshold = 300ms (default)
2021-08-16 13:11:07,275 [pool-300-thread-1] INFO  server.RaftServerConfigKeys (ConfUtils.java:logGet(44)) - raft.server.log.appender.install.snapshot.enabled = false (custom)
2021-08-16 13:11:07,275 [pool-300-thread-1] INFO  server.RaftServer$Division (ServerState.java:<init>(105)) - 6430af1b-8c1e-4941-b86e-70a611f1e973@group-B8DBC5B42549: ConfigurationManager, init=-1: [6430af1b-8c1e-4941-b86e-70a611f1e973|rpc:127.0.0.1:46065|dataStream:|priority:0, 29512a7a-9393-40e5-8a40-953b2282bb1a|rpc:127.0.0.1:38169|dataStream:|priority:1, fb992a77-9bc7-4c94-9eee-eafb24dfa6e7|rpc:127.0.0.1:40407|dataStream:|priority:0], old=null, confs=<EMPTY_MAP>
2021-08-16 13:11:07,275 [pool-300-thread-1] INFO  server.RaftServerConfigKeys (ConfUtils.java:logGet(44)) - raft.server.storage.dir = [/home/runner/work/ozone/ozone/hadoop-ozone/integration-test/target/test-dir/MiniOzoneClusterImpl-d497f94c-0a77-40f1-b0c4-d45398a5843a/datanode-2/data/ratis] (custom)
2021-08-16 13:11:07,275 [pool-300-thread-1] INFO  server.RaftServerConfigKeys (ConfUtils.java:logGet(44)) - raft.server.log.corruption.policy = EXCEPTION (default)
2021-08-16 13:11:07,275 [pool-300-thread-1] INFO  server.RaftServerConfigKeys (ConfUtils.java:logGet(44)) - raft.server.storage.free-space.min = 0MB (=0) (default)
2021-08-16 13:11:07,275 [pool-300-thread-1] INFO  storage.RaftStorageDirectory (RaftStorageDirectoryImpl.java:analyzeStorage(135)) - The storage directory /home/runner/work/ozone/ozone/hadoop-ozone/integration-test/target/test-dir/MiniOzoneClusterImpl-d497f94c-0a77-40f1-b0c4-d45398a5843a/datanode-2/data/ratis/962f00f2-eecd-4ec7-a4b2-b8dbc5b42549 does not exist. Creating ...
2021-08-16 13:11:07,275 [Command processor thread] INFO  server.RaftServer (RaftServerProxy.java:addNew(95)) - 29512a7a-9393-40e5-8a40-953b2282bb1a: addNew group-4BD7AB1D9362:[29512a7a-9393-40e5-8a40-953b2282bb1a|rpc:127.0.0.1:38169|priority:1] returns group-4BD7AB1D9362:java.util.concurrent.CompletableFuture@5900eab5[Not completed]
2021-08-16 13:11:07,276 [pool-279-thread-1] INFO  server.RaftServer$Division (RaftServerImpl.java:<init>(181)) - 29512a7a-9393-40e5-8a40-953b2282bb1a: new RaftServerImpl for group-4BD7AB1D9362:[29512a7a-9393-40e5-8a40-953b2282bb1a|rpc:127.0.0.1:38169|priority:1] with ContainerStateMachine:uninitialized
2021-08-16 13:11:07,276 [pool-279-thread-1] INFO  server.RaftServerConfigKeys (ConfUtils.java:logGet(44)) - raft.server.rpc.timeout.min = 5s (custom)
2021-08-16 13:11:07,276 [pool-279-thread-1] INFO  server.RaftServerConfigKeys (ConfUtils.java:logGet(44)) - raft.server.rpc.timeout.max = 5200ms (custom)
2021-08-16 13:11:07,276 [pool-279-thread-1] INFO  server.RaftServerConfigKeys (ConfUtils.java:logGet(44)) - raft.server.rpc.sleep.time = 25ms (default)
2021-08-16 13:11:07,276 [pool-279-thread-1] INFO  server.RaftServerConfigKeys (ConfUtils.java:logGet(44)) - raft.server.rpc.slowness.timeout = 300s (custom)
2021-08-16 13:11:07,276 [pool-279-thread-1] INFO  server.RaftServerConfigKeys (ConfUtils.java:logGet(44)) - raft.server.leaderelection.leader.step-down.wait-time = 10s (default)
2021-08-16 13:11:07,276 [pool-279-thread-1] INFO  server.RaftServerConfigKeys (ConfUtils.java:logGet(44)) - raft.server.sleep.deviation.threshold = 300ms (default)
2021-08-16 13:11:07,276 [pool-279-thread-1] INFO  server.RaftServerConfigKeys (ConfUtils.java:logGet(44)) - raft.server.log.appender.install.snapshot.enabled = false (custom)
2021-08-16 13:11:07,276 [pool-279-thread-1] INFO  server.RaftServer$Division (ServerState.java:<init>(105)) - 29512a7a-9393-40e5-8a40-953b2282bb1a@group-4BD7AB1D9362: ConfigurationManager, init=-1: [29512a7a-9393-40e5-8a40-953b2282bb1a|rpc:127.0.0.1:38169|priority:1], old=null, confs=<EMPTY_MAP>
2021-08-16 13:11:07,276 [pool-279-thread-1] INFO  server.RaftServerConfigKeys (ConfUtils.java:logGet(44)) - raft.server.storage.dir = [/home/runner/work/ozone/ozone/hadoop-ozone/integration-test/target/test-dir/MiniOzoneClusterImpl-d497f94c-0a77-40f1-b0c4-d45398a5843a/datanode-1/data/ratis] (custom)
2021-08-16 13:11:07,276 [pool-279-thread-1] INFO  server.RaftServerConfigKeys (ConfUtils.java:logGet(44)) - raft.server.log.corruption.policy = EXCEPTION (default)
2021-08-16 13:11:07,276 [pool-279-thread-1] INFO  server.RaftServerConfigKeys (ConfUtils.java:logGet(44)) - raft.server.storage.free-space.min = 0MB (=0) (default)
2021-08-16 13:11:07,276 [pool-279-thread-1] INFO  storage.RaftStorageDirectory (RaftStorageDirectoryImpl.java:analyzeStorage(135)) - The storage directory /home/runner/work/ozone/ozone/hadoop-ozone/integration-test/target/test-dir/MiniOzoneClusterImpl-d497f94c-0a77-40f1-b0c4-d45398a5843a/datanode-1/data/ratis/419d1776-be45-4960-946c-4bd7ab1d9362 does not exist. Creating ...
2021-08-16 13:11:07,278 [pool-279-thread-1] INFO  storage.RaftStorageDirectory (RaftStorageDirectoryImpl.java:tryLock(230)) - Lock on /home/runner/work/ozone/ozone/hadoop-ozone/integration-test/target/test-dir/MiniOzoneClusterImpl-d497f94c-0a77-40f1-b0c4-d45398a5843a/datanode-1/data/ratis/419d1776-be45-4960-946c-4bd7ab1d9362/in_use.lock acquired by nodename 11556@fv-az148-41
2021-08-16 13:11:07,279 [pool-300-thread-1] INFO  storage.RaftStorageDirectory (RaftStorageDirectoryImpl.java:tryLock(230)) - Lock on /home/runner/work/ozone/ozone/hadoop-ozone/integration-test/target/test-dir/MiniOzoneClusterImpl-d497f94c-0a77-40f1-b0c4-d45398a5843a/datanode-2/data/ratis/962f00f2-eecd-4ec7-a4b2-b8dbc5b42549/in_use.lock acquired by nodename 11556@fv-az148-41
2021-08-16 13:11:07,280 [pool-300-thread-1] INFO  storage.RaftStorage (RaftStorageImpl.java:format(89)) - Storage directory /home/runner/work/ozone/ozone/hadoop-ozone/integration-test/target/test-dir/MiniOzoneClusterImpl-d497f94c-0a77-40f1-b0c4-d45398a5843a/datanode-2/data/ratis/962f00f2-eecd-4ec7-a4b2-b8dbc5b42549 has been successfully formatted.
2021-08-16 13:11:07,280 [pool-300-thread-1] INFO  ratis.ContainerStateMachine (ContainerStateMachine.java:loadSnapshot(225)) - group-B8DBC5B42549: The snapshot info is null. Setting the last applied indexto:(t:0, i:~)
2021-08-16 13:11:07,280 [pool-300-thread-1] INFO  server.RaftServerConfigKeys (ConfUtils.java:logGet(44)) - raft.server.notification.no-leader.timeout = 300s (custom)
2021-08-16 13:11:07,280 [pool-300-thread-1] INFO  server.RaftServerConfigKeys (ConfUtils.java:logGet(44)) - raft.server.log.use.memory = false (default)
2021-08-16 13:11:07,280 [pool-300-thread-1] INFO  server.RaftServerConfigKeys (ConfUtils.java:logGet(44)) - raft.server.log.purge.gap = 1000000 (custom)
2021-08-16 13:11:07,280 [pool-300-thread-1] INFO  server.RaftServerConfigKeys (ConfUtils.java:logGet(44)) - raft.server.log.appender.buffer.byte-limit = 33554432 (custom)
2021-08-16 13:11:07,280 [pool-300-thread-1] INFO  server.RaftServerConfigKeys (ConfUtils.java:logGet(44)) - raft.server.log.segment.size.max = 1048576 (custom)
2021-08-16 13:11:07,281 [pool-300-thread-1] INFO  server.RaftServerConfigKeys (ConfUtils.java:logGet(44)) - raft.server.log.segment.cache.num.max = 2 (custom)
2021-08-16 13:11:07,281 [pool-300-thread-1] INFO  server.RaftServerConfigKeys (ConfUtils.java:logGet(44)) - raft.server.log.segment.cache.size.max = 200MB (=209715200) (default)
2021-08-16 13:11:07,281 [pool-300-thread-1] INFO  segmented.SegmentedRaftLogWorker (SegmentedRaftLogWorker.java:<init>(182)) - new 6430af1b-8c1e-4941-b86e-70a611f1e973@group-B8DBC5B42549-SegmentedRaftLogWorker for RaftStorageImpl:Storage Directory /home/runner/work/ozone/ozone/hadoop-ozone/integration-test/target/test-dir/MiniOzoneClusterImpl-d497f94c-0a77-40f1-b0c4-d45398a5843a/datanode-2/data/ratis/962f00f2-eecd-4ec7-a4b2-b8dbc5b42549
2021-08-16 13:11:07,281 [pool-300-thread-1] INFO  server.RaftServerConfigKeys (ConfUtils.java:logGet(44)) - raft.server.log.queue.byte-limit = 2147483647 (custom)
2021-08-16 13:11:07,281 [pool-300-thread-1] INFO  server.RaftServerConfigKeys (ConfUtils.java:logGet(44)) - raft.server.log.queue.element-limit = 1024 (custom)
2021-08-16 13:11:07,281 [pool-300-thread-1] INFO  server.RaftServerConfigKeys (ConfUtils.java:logGet(44)) - raft.server.log.segment.size.max = 1048576 (custom)
2021-08-16 13:11:07,281 [pool-300-thread-1] INFO  server.RaftServerConfigKeys (ConfUtils.java:logGet(44)) - raft.server.log.preallocated.size = 16384 (custom)
2021-08-16 13:11:07,281 [pool-300-thread-1] INFO  server.RaftServerConfigKeys (ConfUtils.java:logGet(44)) - raft.server.log.force.sync.num = 128 (default)
2021-08-16 13:11:07,281 [pool-300-thread-1] INFO  server.RaftServerConfigKeys (ConfUtils.java:logGet(44)) - raft.server.log.statemachine.data.sync = true (default)
2021-08-16 13:11:07,281 [pool-300-thread-1] INFO  server.RaftServerConfigKeys (ConfUtils.java:logGet(44)) - raft.server.log.statemachine.data.sync.timeout = 10s (default)
2021-08-16 13:11:07,281 [pool-300-thread-1] INFO  server.RaftServerConfigKeys (ConfUtils.java:logGet(44)) - raft.server.log.statemachine.data.sync.timeout.retry = -1 (default)
2021-08-16 13:11:07,282 [pool-279-thread-1] INFO  storage.RaftStorage (RaftStorageImpl.java:format(89)) - Storage directory /home/runner/work/ozone/ozone/hadoop-ozone/integration-test/target/test-dir/MiniOzoneClusterImpl-d497f94c-0a77-40f1-b0c4-d45398a5843a/datanode-1/data/ratis/419d1776-be45-4960-946c-4bd7ab1d9362 has been successfully formatted.
2021-08-16 13:11:07,282 [pool-279-thread-1] INFO  ratis.ContainerStateMachine (ContainerStateMachine.java:loadSnapshot(225)) - group-4BD7AB1D9362: The snapshot info is null. Setting the last applied indexto:(t:0, i:~)
2021-08-16 13:11:07,283 [pool-279-thread-1] INFO  server.RaftServerConfigKeys (ConfUtils.java:logGet(44)) - raft.server.notification.no-leader.timeout = 300s (custom)
2021-08-16 13:11:07,283 [pool-279-thread-1] INFO  server.RaftServerConfigKeys (ConfUtils.java:logGet(44)) - raft.server.log.use.memory = false (default)
2021-08-16 13:11:07,283 [pool-279-thread-1] INFO  server.RaftServerConfigKeys (ConfUtils.java:logGet(44)) - raft.server.log.purge.gap = 1000000 (custom)
2021-08-16 13:11:07,283 [pool-279-thread-1] INFO  server.RaftServerConfigKeys (ConfUtils.java:logGet(44)) - raft.server.log.appender.buffer.byte-limit = 33554432 (custom)
2021-08-16 13:11:07,283 [pool-279-thread-1] INFO  server.RaftServerConfigKeys (ConfUtils.java:logGet(44)) - raft.server.log.segment.size.max = 1048576 (custom)
2021-08-16 13:11:07,285 [EventQueue-PipelineReportForPipelineReportHandler] INFO  pipeline.PipelineManagerImpl (PipelineManagerImpl.java:openPipeline(283)) - Pipeline Pipeline[ Id: 419d1776-be45-4960-946c-4bd7ab1d9362, Nodes: 29512a7a-9393-40e5-8a40-953b2282bb1a{ip: 127.0.0.1, host: localhost, ports: [REPLICATION=34631, RATIS=38169, RATIS_ADMIN=38169, RATIS_SERVER=38169, STANDALONE=40629], networkLocation: /default-rack, certSerialId: null, persistedOpState: IN_SERVICE, persistedOpStateExpiryEpochSec: 0}, ReplicationConfig: RATIS/ONE, State:ALLOCATED, leaderId:29512a7a-9393-40e5-8a40-953b2282bb1a, CreationTimestamp2021-08-16T13:11:04.293Z[Etc/UTC]] moved to OPEN state
2021-08-16 13:11:07,288 [EventQueue-PipelineReportForPipelineReportHandler] INFO  pipeline.PipelineManagerImpl (PipelineManagerImpl.java:openPipeline(283)) - Pipeline Pipeline[ Id: 419d1776-be45-4960-946c-4bd7ab1d9362, Nodes: 29512a7a-9393-40e5-8a40-953b2282bb1a{ip: 127.0.0.1, host: localhost, ports: [REPLICATION=34631, RATIS=38169, RATIS_ADMIN=38169, RATIS_SERVER=38169, STANDALONE=40629], networkLocation: /default-rack, certSerialId: null, persistedOpState: IN_SERVICE, persistedOpStateExpiryEpochSec: 0}, ReplicationConfig: RATIS/ONE, State:ALLOCATED, leaderId:29512a7a-9393-40e5-8a40-953b2282bb1a, CreationTimestamp2021-08-16T13:11:04.293Z[Etc/UTC]] moved to OPEN state
2021-08-16 13:11:07,288 [EventQueue-PipelineReportForPipelineReportHandler] INFO  ha.SCMHAInvocationHandler (SCMHAInvocationHandler.java:invokeRatis(113)) - Invoking method public abstract void org.apache.hadoop.hdds.scm.pipeline.StateManager.updatePipelineState(org.apache.hadoop.hdds.protocol.proto.HddsProtos$PipelineID,org.apache.hadoop.hdds.protocol.proto.HddsProtos$PipelineState) throws java.io.IOException on target org.apache.hadoop.hdds.scm.ha.SCMRatisServerImpl@3e4b6185, cost 330.722us
2021-08-16 13:11:07,290 [pool-300-thread-1] INFO  server.RaftServerConfigKeys (ConfUtils.java:logGet(44)) - raft.server.log.write.buffer.size = 1048576 (custom)
2021-08-16 13:11:07,291 [pool-300-thread-1] INFO  server.RaftServerConfigKeys (ConfUtils.java:logGet(44)) - raft.server.log.statemachine.data.caching.enabled = true (custom)
2021-08-16 13:11:07,291 [pool-300-thread-1] INFO  segmented.SegmentedRaftLogWorker (SegmentedRaftLogWorker.java:lambda$new$0(133)) - 6430af1b-8c1e-4941-b86e-70a611f1e973@group-B8DBC5B42549-SegmentedRaftLogWorker: flushIndex: setUnconditionally 0 -> -1
2021-08-16 13:11:07,291 [pool-300-thread-1] INFO  segmented.SegmentedRaftLogWorker (SegmentedRaftLogWorker.java:lambda$new$0(133)) - 6430af1b-8c1e-4941-b86e-70a611f1e973@group-B8DBC5B42549-SegmentedRaftLogWorker: safeCacheEvictIndex: setUnconditionally 0 -> -1
2021-08-16 13:11:07,291 [pool-279-thread-1] INFO  server.RaftServerConfigKeys (ConfUtils.java:logGet(44)) - raft.server.log.segment.cache.num.max = 2 (custom)
2021-08-16 13:11:07,291 [pool-279-thread-1] INFO  server.RaftServerConfigKeys (ConfUtils.java:logGet(44)) - raft.server.log.segment.cache.size.max = 200MB (=209715200) (default)
2021-08-16 13:11:07,291 [pool-279-thread-1] INFO  segmented.SegmentedRaftLogWorker (SegmentedRaftLogWorker.java:<init>(182)) - new 29512a7a-9393-40e5-8a40-953b2282bb1a@group-4BD7AB1D9362-SegmentedRaftLogWorker for RaftStorageImpl:Storage Directory /home/runner/work/ozone/ozone/hadoop-ozone/integration-test/target/test-dir/MiniOzoneClusterImpl-d497f94c-0a77-40f1-b0c4-d45398a5843a/datanode-1/data/ratis/419d1776-be45-4960-946c-4bd7ab1d9362
2021-08-16 13:11:07,291 [pool-279-thread-1] INFO  server.RaftServerConfigKeys (ConfUtils.java:logGet(44)) - raft.server.log.queue.byte-limit = 2147483647 (custom)
2021-08-16 13:11:07,291 [pool-279-thread-1] INFO  server.RaftServerConfigKeys (ConfUtils.java:logGet(44)) - raft.server.log.queue.element-limit = 1024 (custom)
2021-08-16 13:11:07,291 [pool-279-thread-1] INFO  server.RaftServerConfigKeys (ConfUtils.java:logGet(44)) - raft.server.log.segment.size.max = 1048576 (custom)
2021-08-16 13:11:07,291 [pool-279-thread-1] INFO  server.RaftServerConfigKeys (ConfUtils.java:logGet(44)) - raft.server.log.preallocated.size = 16384 (custom)
2021-08-16 13:11:07,291 [pool-279-thread-1] INFO  server.RaftServerConfigKeys (ConfUtils.java:logGet(44)) - raft.server.log.force.sync.num = 128 (default)
2021-08-16 13:11:07,291 [pool-279-thread-1] INFO  server.RaftServerConfigKeys (ConfUtils.java:logGet(44)) - raft.server.log.statemachine.data.sync = true (default)
2021-08-16 13:11:07,291 [pool-279-thread-1] INFO  server.RaftServerConfigKeys (ConfUtils.java:logGet(44)) - raft.server.log.statemachine.data.sync.timeout = 10s (default)
2021-08-16 13:11:07,291 [pool-279-thread-1] INFO  server.RaftServerConfigKeys (ConfUtils.java:logGet(44)) - raft.server.log.statemachine.data.sync.timeout.retry = -1 (default)
2021-08-16 13:11:07,298 [pool-279-thread-1] INFO  server.RaftServerConfigKeys (ConfUtils.java:logGet(44)) - raft.server.log.write.buffer.size = 1048576 (custom)
2021-08-16 13:11:07,298 [pool-279-thread-1] INFO  server.RaftServerConfigKeys (ConfUtils.java:logGet(44)) - raft.server.log.statemachine.data.caching.enabled = true (custom)
2021-08-16 13:11:07,299 [pool-279-thread-1] INFO  segmented.SegmentedRaftLogWorker (SegmentedRaftLogWorker.java:lambda$new$0(133)) - 29512a7a-9393-40e5-8a40-953b2282bb1a@group-4BD7AB1D9362-SegmentedRaftLogWorker: flushIndex: setUnconditionally 0 -> -1
2021-08-16 13:11:07,299 [pool-279-thread-1] INFO  segmented.SegmentedRaftLogWorker (SegmentedRaftLogWorker.java:lambda$new$0(133)) - 29512a7a-9393-40e5-8a40-953b2282bb1a@group-4BD7AB1D9362-SegmentedRaftLogWorker: safeCacheEvictIndex: setUnconditionally 0 -> -1
2021-08-16 13:11:07,306 [pool-300-thread-1] INFO  server.RaftServerConfigKeys (ConfUtils.java:logGet(44)) - raft.server.snapshot.auto.trigger.enabled = true (custom)
2021-08-16 13:11:07,306 [pool-300-thread-1] INFO  server.RaftServerConfigKeys (ConfUtils.java:logGet(44)) - raft.server.snapshot.auto.trigger.threshold = 10000 (custom)
2021-08-16 13:11:07,306 [pool-300-thread-1] INFO  server.RaftServerConfigKeys (ConfUtils.java:logGet(44)) - raft.server.snapshot.retention.file.num = 5 (custom)
2021-08-16 13:11:07,306 [pool-300-thread-1] INFO  server.RaftServerConfigKeys (ConfUtils.java:logGet(44)) - raft.server.log.purge.upto.snapshot.index = false (default)
2021-08-16 13:11:07,308 [f324fcdd-c742-4882-bf0f-17e5edd5a90a@group-D45398A5843A-StateMachineUpdater] INFO  safemode.HealthyPipelineSafeModeRule (HealthyPipelineSafeModeRule.java:initializeRule(152)) - Refreshed total pipeline count is 0, healthy pipeline threshold count is 1
2021-08-16 13:11:07,308 [EventQueue-PipelineReportForPipelineReportHandler] INFO  ha.SCMHAInvocationHandler (SCMHAInvocationHandler.java:invokeRatis(113)) - Invoking method public abstract void org.apache.hadoop.hdds.scm.pipeline.StateManager.updatePipelineState(org.apache.hadoop.hdds.protocol.proto.HddsProtos$PipelineID,org.apache.hadoop.hdds.protocol.proto.HddsProtos$PipelineState) throws java.io.IOException on target org.apache.hadoop.hdds.scm.ha.SCMRatisServerImpl@78a76923, cost 23057.122us
2021-08-16 13:11:07,308 [EventQueue-OpenPipelineForHealthyPipelineSafeModeRule] INFO  safemode.SCMSafeModeManager (HealthyPipelineSafeModeRule.java:process(124)) - SCM in safe mode. Healthy pipelines reported count is 0, required healthy pipeline reported count is 1
2021-08-16 13:11:07,312 [pool-279-thread-1] INFO  server.RaftServerConfigKeys (ConfUtils.java:logGet(44)) - raft.server.snapshot.auto.trigger.enabled = true (custom)
2021-08-16 13:11:07,312 [pool-279-thread-1] INFO  server.RaftServerConfigKeys (ConfUtils.java:logGet(44)) - raft.server.snapshot.auto.trigger.threshold = 10000 (custom)
2021-08-16 13:11:07,312 [pool-279-thread-1] INFO  server.RaftServerConfigKeys (ConfUtils.java:logGet(44)) - raft.server.snapshot.retention.file.num = 5 (custom)
2021-08-16 13:11:07,312 [pool-279-thread-1] INFO  server.RaftServerConfigKeys (ConfUtils.java:logGet(44)) - raft.server.log.purge.upto.snapshot.index = false (default)
2021-08-16 13:11:07,312 [pool-279-thread-1] INFO  server.RaftServerConfigKeys (ConfUtils.java:logGet(44)) - raft.server.retrycache.expirytime = 600000ms (custom)
2021-08-16 13:11:07,312 [pool-279-thread-1] INFO  server.RaftServerConfigKeys (ConfUtils.java:logGet(44)) - raft.server.retrycache.statistics.expirytime = 100μs (default)
2021-08-16 13:11:07,313 [pool-279-thread-1] INFO  server.RaftServer$Division (RaftServerImpl.java:start(296)) - 29512a7a-9393-40e5-8a40-953b2282bb1a@group-4BD7AB1D9362: start as a follower, conf=-1: [29512a7a-9393-40e5-8a40-953b2282bb1a|rpc:127.0.0.1:38169|priority:1], old=null
2021-08-16 13:11:07,313 [pool-279-thread-1] INFO  server.RaftServer$Division (RaftServerImpl.java:setRole(285)) - 29512a7a-9393-40e5-8a40-953b2282bb1a@group-4BD7AB1D9362: changes role from      null to FOLLOWER at term 0 for startAsFollower
2021-08-16 13:11:07,313 [pool-279-thread-1] INFO  impl.RoleInfo (RoleInfo.java:updateAndGet(130)) - 29512a7a-9393-40e5-8a40-953b2282bb1a: start 29512a7a-9393-40e5-8a40-953b2282bb1a@group-4BD7AB1D9362-FollowerState
2021-08-16 13:11:07,322 [pool-279-thread-1] INFO  util.JmxRegister (JmxRegister.java:tryRegister(44)) - Successfully registered JMX Bean with object name Ratis:service=RaftServer,group=group-4BD7AB1D9362,id=29512a7a-9393-40e5-8a40-953b2282bb1a
2021-08-16 13:11:07,323 [pool-300-thread-1] INFO  server.RaftServerConfigKeys (ConfUtils.java:logGet(44)) - raft.server.retrycache.expirytime = 600000ms (custom)
2021-08-16 13:11:07,323 [pool-300-thread-1] INFO  server.RaftServerConfigKeys (ConfUtils.java:logGet(44)) - raft.server.retrycache.statistics.expirytime = 100μs (default)
2021-08-16 13:11:07,323 [161c1ac7-ff07-4d6f-a20c-3f676ae8d443@group-D45398A5843A-StateMachineUpdater] INFO  safemode.HealthyPipelineSafeModeRule (HealthyPipelineSafeModeRule.java:initializeRule(152)) - Refreshed total pipeline count is 0, healthy pipeline threshold count is 1
2021-08-16 13:11:07,323 [pool-300-thread-1] INFO  server.RaftServer$Division (RaftServerImpl.java:start(296)) - 6430af1b-8c1e-4941-b86e-70a611f1e973@group-B8DBC5B42549: start as a follower, conf=-1: [6430af1b-8c1e-4941-b86e-70a611f1e973|rpc:127.0.0.1:46065|dataStream:|priority:0, 29512a7a-9393-40e5-8a40-953b2282bb1a|rpc:127.0.0.1:38169|dataStream:|priority:1, fb992a77-9bc7-4c94-9eee-eafb24dfa6e7|rpc:127.0.0.1:40407|dataStream:|priority:0], old=null
2021-08-16 13:11:07,323 [pool-300-thread-1] INFO  server.RaftServer$Division (RaftServerImpl.java:setRole(285)) - 6430af1b-8c1e-4941-b86e-70a611f1e973@group-B8DBC5B42549: changes role from      null to FOLLOWER at term 0 for startAsFollower
2021-08-16 13:11:07,324 [f324fcdd-c742-4882-bf0f-17e5edd5a90a@group-D45398A5843A-StateMachineUpdater] INFO  ha.SCMStateMachine (SCMStateMachine.java:takeSnapshot(290)) - Current Snapshot Index 20, takeSnapshot took 0 ms
2021-08-16 13:11:07,324 [f324fcdd-c742-4882-bf0f-17e5edd5a90a@group-D45398A5843A-StateMachineUpdater] INFO  impl.StateMachineUpdater (StateMachineUpdater.java:takeSnapshot(281)) - f324fcdd-c742-4882-bf0f-17e5edd5a90a@group-D45398A5843A-StateMachineUpdater: Took a snapshot at index 20
2021-08-16 13:11:07,324 [f324fcdd-c742-4882-bf0f-17e5edd5a90a@group-D45398A5843A-StateMachineUpdater] INFO  impl.StateMachineUpdater (StateMachineUpdater.java:lambda$new$0(89)) - f324fcdd-c742-4882-bf0f-17e5edd5a90a@group-D45398A5843A-StateMachineUpdater: snapshotIndex: updateIncreasingly 15 -> 20
2021-08-16 13:11:07,324 [f324fcdd-c742-4882-bf0f-17e5edd5a90a@group-D45398A5843A-StateMachineUpdater] INFO  raftlog.RaftLog (RaftLogBase.java:purge(306)) - f324fcdd-c742-4882-bf0f-17e5edd5a90a@group-D45398A5843A-SegmentedRaftLog: purge 20
2021-08-16 13:11:07,324 [f324fcdd-c742-4882-bf0f-17e5edd5a90a@group-D45398A5843A-StateMachineUpdater] INFO  raftlog.RaftLog (RaftLogBase.java:lambda$new$0(53)) - f324fcdd-c742-4882-bf0f-17e5edd5a90a@group-D45398A5843A-SegmentedRaftLog: snapshotIndex: updateIncreasingly 15 -> 20
2021-08-16 13:11:07,324 [f324fcdd-c742-4882-bf0f-17e5edd5a90a@group-D45398A5843A-StateMachineUpdater] INFO  raftlog.RaftLog (RaftLogBase.java:lambda$new$0(53)) - f324fcdd-c742-4882-bf0f-17e5edd5a90a@group-D45398A5843A-SegmentedRaftLog: purgeIndex: updateToMax old=15, new=20, updated? true
2021-08-16 13:11:07,324 [Command processor thread] INFO  ratis.XceiverServerRatis (XceiverServerRatis.java:addGroup(763)) - Created group PipelineID=419d1776-be45-4960-946c-4bd7ab1d9362
2021-08-16 13:11:07,324 [Command processor thread] INFO  commandhandler.CreatePipelineCommandHandler (CreatePipelineCommandHandler.java:handle(106)) - Created Pipeline RATIS ONE PipelineID=419d1776-be45-4960-946c-4bd7ab1d9362.
2021-08-16 13:11:07,325 [pool-300-thread-1] INFO  impl.RoleInfo (RoleInfo.java:updateAndGet(130)) - 6430af1b-8c1e-4941-b86e-70a611f1e973: start 6430af1b-8c1e-4941-b86e-70a611f1e973@group-B8DBC5B42549-FollowerState
2021-08-16 13:11:07,334 [pool-300-thread-1] INFO  util.JmxRegister (JmxRegister.java:tryRegister(44)) - Successfully registered JMX Bean with object name Ratis:service=RaftServer,group=group-B8DBC5B42549,id=6430af1b-8c1e-4941-b86e-70a611f1e973
2021-08-16 13:11:07,345 [Command processor thread] INFO  commandhandler.CreatePipelineCommandHandler (CreatePipelineCommandHandler.java:handle(106)) - Created Pipeline RATIS THREE PipelineID=962f00f2-eecd-4ec7-a4b2-b8dbc5b42549.
2021-08-16 13:11:07,641 [EndpointStateMachine task thread for /127.0.0.1:15281 - 0 ] INFO  ipc.Client (Client.java:handleConnectionFailure(977)) - Retrying connect to server: localhost/127.0.0.1:15281. Already tried 11 time(s); retry policy is RetryUpToMaximumCountWithFixedSleep(maxRetries=15, sleepTime=1000 MILLISECONDS)
2021-08-16 13:11:07,642 [EndpointStateMachine task thread for /127.0.0.1:15291 - 0 ] INFO  ipc.Client (Client.java:handleConnectionFailure(977)) - Retrying connect to server: localhost/127.0.0.1:15291. Already tried 11 time(s); retry policy is RetryUpToMaximumCountWithFixedSleep(maxRetries=15, sleepTime=1000 MILLISECONDS)
2021-08-16 13:11:07,646 [EndpointStateMachine task thread for /127.0.0.1:15301 - 0 ] INFO  ipc.Client (Client.java:handleConnectionFailure(977)) - Retrying connect to server: localhost/127.0.0.1:15301. Already tried 11 time(s); retry policy is RetryUpToMaximumCountWithFixedSleep(maxRetries=15, sleepTime=1000 MILLISECONDS)
2021-08-16 13:11:07,795 [Listener at 127.0.0.1/13436] INFO  ozone.MiniOzoneClusterImpl (MiniOzoneClusterImpl.java:lambda$waitForClusterToBeReady$0(235)) - Nodes are ready. Got 3 of 3 DN Heartbeats.
2021-08-16 13:11:07,796 [Listener at 127.0.0.1/13436] INFO  ozone.MiniOzoneClusterImpl (MiniOzoneClusterImpl.java:lambda$waitForClusterToBeReady$0(238)) - Waiting for cluster to exit safe mode
2021-08-16 13:11:07,796 [Listener at 127.0.0.1/13436] INFO  ozone.MiniOzoneClusterImpl (MiniOzoneClusterImpl.java:lambda$waitForClusterToBeReady$0(240)) - SCM became leader
2021-08-16 13:11:07,838 [Command processor thread] INFO  server.RaftServer (RaftServerProxy.java:addNew(95)) - 6430af1b-8c1e-4941-b86e-70a611f1e973: addNew group-6B6377511CA5:[6430af1b-8c1e-4941-b86e-70a611f1e973|rpc:127.0.0.1:46065|priority:1] returns group-6B6377511CA5:java.util.concurrent.CompletableFuture@47185ebc[Not completed]
2021-08-16 13:11:07,840 [pool-300-thread-1] INFO  server.RaftServer$Division (RaftServerImpl.java:<init>(181)) - 6430af1b-8c1e-4941-b86e-70a611f1e973: new RaftServerImpl for group-6B6377511CA5:[6430af1b-8c1e-4941-b86e-70a611f1e973|rpc:127.0.0.1:46065|priority:1] with ContainerStateMachine:uninitialized
2021-08-16 13:11:07,840 [pool-300-thread-1] INFO  server.RaftServerConfigKeys (ConfUtils.java:logGet(44)) - raft.server.rpc.timeout.min = 5s (custom)
2021-08-16 13:11:07,840 [pool-300-thread-1] INFO  server.RaftServerConfigKeys (ConfUtils.java:logGet(44)) - raft.server.rpc.timeout.max = 5200ms (custom)
2021-08-16 13:11:07,840 [pool-300-thread-1] INFO  server.RaftServerConfigKeys (ConfUtils.java:logGet(44)) - raft.server.rpc.sleep.time = 25ms (default)
2021-08-16 13:11:07,840 [pool-300-thread-1] INFO  server.RaftServerConfigKeys (ConfUtils.java:logGet(44)) - raft.server.rpc.slowness.timeout = 300s (custom)
2021-08-16 13:11:07,840 [pool-300-thread-1] INFO  server.RaftServerConfigKeys (ConfUtils.java:logGet(44)) - raft.server.leaderelection.leader.step-down.wait-time = 10s (default)
2021-08-16 13:11:07,840 [pool-300-thread-1] INFO  server.RaftServerConfigKeys (ConfUtils.java:logGet(44)) - raft.server.sleep.deviation.threshold = 300ms (default)
2021-08-16 13:11:07,840 [pool-300-thread-1] INFO  server.RaftServerConfigKeys (ConfUtils.java:logGet(44)) - raft.server.log.appender.install.snapshot.enabled = false (custom)
2021-08-16 13:11:07,840 [pool-300-thread-1] INFO  server.RaftServer$Division (ServerState.java:<init>(105)) - 6430af1b-8c1e-4941-b86e-70a611f1e973@group-6B6377511CA5: ConfigurationManager, init=-1: [6430af1b-8c1e-4941-b86e-70a611f1e973|rpc:127.0.0.1:46065|priority:1], old=null, confs=<EMPTY_MAP>
2021-08-16 13:11:07,840 [pool-300-thread-1] INFO  server.RaftServerConfigKeys (ConfUtils.java:logGet(44)) - raft.server.storage.dir = [/home/runner/work/ozone/ozone/hadoop-ozone/integration-test/target/test-dir/MiniOzoneClusterImpl-d497f94c-0a77-40f1-b0c4-d45398a5843a/datanode-2/data/ratis] (custom)
2021-08-16 13:11:07,840 [pool-300-thread-1] INFO  server.RaftServerConfigKeys (ConfUtils.java:logGet(44)) - raft.server.log.corruption.policy = EXCEPTION (default)
2021-08-16 13:11:07,840 [pool-300-thread-1] INFO  server.RaftServerConfigKeys (ConfUtils.java:logGet(44)) - raft.server.storage.free-space.min = 0MB (=0) (default)
2021-08-16 13:11:07,840 [pool-300-thread-1] INFO  storage.RaftStorageDirectory (RaftStorageDirectoryImpl.java:analyzeStorage(135)) - The storage directory /home/runner/work/ozone/ozone/hadoop-ozone/integration-test/target/test-dir/MiniOzoneClusterImpl-d497f94c-0a77-40f1-b0c4-d45398a5843a/datanode-2/data/ratis/277154f8-762a-44b4-811b-6b6377511ca5 does not exist. Creating ...
2021-08-16 13:11:07,847 [pool-300-thread-1] INFO  storage.RaftStorageDirectory (RaftStorageDirectoryImpl.java:tryLock(230)) - Lock on /home/runner/work/ozone/ozone/hadoop-ozone/integration-test/target/test-dir/MiniOzoneClusterImpl-d497f94c-0a77-40f1-b0c4-d45398a5843a/datanode-2/data/ratis/277154f8-762a-44b4-811b-6b6377511ca5/in_use.lock acquired by nodename 11556@fv-az148-41
2021-08-16 13:11:07,849 [pool-300-thread-1] INFO  storage.RaftStorage (RaftStorageImpl.java:format(89)) - Storage directory /home/runner/work/ozone/ozone/hadoop-ozone/integration-test/target/test-dir/MiniOzoneClusterImpl-d497f94c-0a77-40f1-b0c4-d45398a5843a/datanode-2/data/ratis/277154f8-762a-44b4-811b-6b6377511ca5 has been successfully formatted.
2021-08-16 13:11:07,851 [pool-300-thread-1] INFO  ratis.ContainerStateMachine (ContainerStateMachine.java:loadSnapshot(225)) - group-6B6377511CA5: The snapshot info is null. Setting the last applied indexto:(t:0, i:~)
2021-08-16 13:11:07,853 [EventQueue-PipelineReportForPipelineReportHandler] INFO  pipeline.PipelineManagerImpl (PipelineManagerImpl.java:openPipeline(283)) - Pipeline Pipeline[ Id: 277154f8-762a-44b4-811b-6b6377511ca5, Nodes: 6430af1b-8c1e-4941-b86e-70a611f1e973{ip: 127.0.0.1, host: localhost, ports: [REPLICATION=38051, RATIS=46065, RATIS_ADMIN=46065, RATIS_SERVER=46065, STANDALONE=42265], networkLocation: /default-rack, certSerialId: null, persistedOpState: IN_SERVICE, persistedOpStateExpiryEpochSec: 0}, ReplicationConfig: RATIS/ONE, State:ALLOCATED, leaderId:6430af1b-8c1e-4941-b86e-70a611f1e973, CreationTimestamp2021-08-16T13:11:04.850Z[Etc/UTC]] moved to OPEN state
2021-08-16 13:11:07,853 [EventQueue-PipelineReportForPipelineReportHandler] INFO  pipeline.PipelineManagerImpl (PipelineManagerImpl.java:openPipeline(283)) - Pipeline Pipeline[ Id: 277154f8-762a-44b4-811b-6b6377511ca5, Nodes: 6430af1b-8c1e-4941-b86e-70a611f1e973{ip: 127.0.0.1, host: localhost, ports: [REPLICATION=38051, RATIS=46065, RATIS_ADMIN=46065, RATIS_SERVER=46065, STANDALONE=42265], networkLocation: /default-rack, certSerialId: null, persistedOpState: IN_SERVICE, persistedOpStateExpiryEpochSec: 0}, ReplicationConfig: RATIS/ONE, State:ALLOCATED, leaderId:6430af1b-8c1e-4941-b86e-70a611f1e973, CreationTimestamp2021-08-16T13:11:04.850Z[Etc/UTC]] moved to OPEN state
2021-08-16 13:11:07,859 [pool-300-thread-1] INFO  server.RaftServerConfigKeys (ConfUtils.java:logGet(44)) - raft.server.notification.no-leader.timeout = 300s (custom)
2021-08-16 13:11:07,859 [EventQueue-PipelineReportForPipelineReportHandler] INFO  ha.SCMHAInvocationHandler (SCMHAInvocationHandler.java:invokeRatis(113)) - Invoking method public abstract void org.apache.hadoop.hdds.scm.pipeline.StateManager.updatePipelineState(org.apache.hadoop.hdds.protocol.proto.HddsProtos$PipelineID,org.apache.hadoop.hdds.protocol.proto.HddsProtos$PipelineState) throws java.io.IOException on target org.apache.hadoop.hdds.scm.ha.SCMRatisServerImpl@3e4b6185, cost 829.855us
2021-08-16 13:11:07,863 [pool-300-thread-1] INFO  server.RaftServerConfigKeys (ConfUtils.java:logGet(44)) - raft.server.log.use.memory = false (default)
2021-08-16 13:11:07,864 [pool-300-thread-1] INFO  server.RaftServerConfigKeys (ConfUtils.java:logGet(44)) - raft.server.log.purge.gap = 1000000 (custom)
2021-08-16 13:11:07,865 [pool-300-thread-1] INFO  server.RaftServerConfigKeys (ConfUtils.java:logGet(44)) - raft.server.log.appender.buffer.byte-limit = 33554432 (custom)
2021-08-16 13:11:07,866 [pool-300-thread-1] INFO  server.RaftServerConfigKeys (ConfUtils.java:logGet(44)) - raft.server.log.segment.size.max = 1048576 (custom)
2021-08-16 13:11:07,868 [pool-300-thread-1] INFO  server.RaftServerConfigKeys (ConfUtils.java:logGet(44)) - raft.server.log.segment.cache.num.max = 2 (custom)
2021-08-16 13:11:07,869 [pool-300-thread-1] INFO  server.RaftServerConfigKeys (ConfUtils.java:logGet(44)) - raft.server.log.segment.cache.size.max = 200MB (=209715200) (default)
2021-08-16 13:11:07,869 [pool-300-thread-1] INFO  segmented.SegmentedRaftLogWorker (SegmentedRaftLogWorker.java:<init>(182)) - new 6430af1b-8c1e-4941-b86e-70a611f1e973@group-6B6377511CA5-SegmentedRaftLogWorker for RaftStorageImpl:Storage Directory /home/runner/work/ozone/ozone/hadoop-ozone/integration-test/target/test-dir/MiniOzoneClusterImpl-d497f94c-0a77-40f1-b0c4-d45398a5843a/datanode-2/data/ratis/277154f8-762a-44b4-811b-6b6377511ca5
2021-08-16 13:11:07,871 [pool-300-thread-1] INFO  server.RaftServerConfigKeys (ConfUtils.java:logGet(44)) - raft.server.log.queue.byte-limit = 2147483647 (custom)
2021-08-16 13:11:07,871 [pool-300-thread-1] INFO  server.RaftServerConfigKeys (ConfUtils.java:logGet(44)) - raft.server.log.queue.element-limit = 1024 (custom)
2021-08-16 13:11:07,872 [pool-300-thread-1] INFO  server.RaftServerConfigKeys (ConfUtils.java:logGet(44)) - raft.server.log.segment.size.max = 1048576 (custom)
2021-08-16 13:11:07,873 [pool-300-thread-1] INFO  server.RaftServerConfigKeys (ConfUtils.java:logGet(44)) - raft.server.log.preallocated.size = 16384 (custom)
2021-08-16 13:11:07,873 [pool-300-thread-1] INFO  server.RaftServerConfigKeys (ConfUtils.java:logGet(44)) - raft.server.log.force.sync.num = 128 (default)
2021-08-16 13:11:07,874 [pool-300-thread-1] INFO  server.RaftServerConfigKeys (ConfUtils.java:logGet(44)) - raft.server.log.statemachine.data.sync = true (default)
2021-08-16 13:11:07,875 [pool-300-thread-1] INFO  server.RaftServerConfigKeys (ConfUtils.java:logGet(44)) - raft.server.log.statemachine.data.sync.timeout = 10s (default)
2021-08-16 13:11:07,875 [pool-300-thread-1] INFO  server.RaftServerConfigKeys (ConfUtils.java:logGet(44)) - raft.server.log.statemachine.data.sync.timeout.retry = -1 (default)
2021-08-16 13:11:07,889 [pool-300-thread-1] INFO  server.RaftServerConfigKeys (ConfUtils.java:logGet(44)) - raft.server.log.write.buffer.size = 1048576 (custom)
2021-08-16 13:11:07,892 [pool-300-thread-1] INFO  server.RaftServerConfigKeys (ConfUtils.java:logGet(44)) - raft.server.log.statemachine.data.caching.enabled = true (custom)
2021-08-16 13:11:07,893 [pool-300-thread-1] INFO  segmented.SegmentedRaftLogWorker (SegmentedRaftLogWorker.java:lambda$new$0(133)) - 6430af1b-8c1e-4941-b86e-70a611f1e973@group-6B6377511CA5-SegmentedRaftLogWorker: flushIndex: setUnconditionally 0 -> -1
2021-08-16 13:11:07,893 [pool-300-thread-1] INFO  segmented.SegmentedRaftLogWorker (SegmentedRaftLogWorker.java:lambda$new$0(133)) - 6430af1b-8c1e-4941-b86e-70a611f1e973@group-6B6377511CA5-SegmentedRaftLogWorker: safeCacheEvictIndex: setUnconditionally 0 -> -1
2021-08-16 13:11:07,911 [161c1ac7-ff07-4d6f-a20c-3f676ae8d443@group-D45398A5843A-StateMachineUpdater] INFO  ha.SCMStateMachine (SCMStateMachine.java:takeSnapshot(290)) - Current Snapshot Index 20, takeSnapshot took 0 ms
2021-08-16 13:11:07,911 [161c1ac7-ff07-4d6f-a20c-3f676ae8d443@group-D45398A5843A-StateMachineUpdater] INFO  impl.StateMachineUpdater (StateMachineUpdater.java:takeSnapshot(281)) - 161c1ac7-ff07-4d6f-a20c-3f676ae8d443@group-D45398A5843A-StateMachineUpdater: Took a snapshot at index 20
2021-08-16 13:11:07,911 [161c1ac7-ff07-4d6f-a20c-3f676ae8d443@group-D45398A5843A-StateMachineUpdater] INFO  impl.StateMachineUpdater (StateMachineUpdater.java:lambda$new$0(89)) - 161c1ac7-ff07-4d6f-a20c-3f676ae8d443@group-D45398A5843A-StateMachineUpdater: snapshotIndex: updateIncreasingly 15 -> 20
2021-08-16 13:11:07,912 [161c1ac7-ff07-4d6f-a20c-3f676ae8d443@group-D45398A5843A-StateMachineUpdater] INFO  raftlog.RaftLog (RaftLogBase.java:purge(306)) - 161c1ac7-ff07-4d6f-a20c-3f676ae8d443@group-D45398A5843A-SegmentedRaftLog: purge 20
2021-08-16 13:11:07,912 [161c1ac7-ff07-4d6f-a20c-3f676ae8d443@group-D45398A5843A-StateMachineUpdater] INFO  raftlog.RaftLog (RaftLogBase.java:lambda$new$0(53)) - 161c1ac7-ff07-4d6f-a20c-3f676ae8d443@group-D45398A5843A-SegmentedRaftLog: snapshotIndex: updateIncreasingly 15 -> 20
2021-08-16 13:11:07,912 [161c1ac7-ff07-4d6f-a20c-3f676ae8d443@group-D45398A5843A-StateMachineUpdater] INFO  raftlog.RaftLog (RaftLogBase.java:lambda$new$0(53)) - 161c1ac7-ff07-4d6f-a20c-3f676ae8d443@group-D45398A5843A-SegmentedRaftLog: purgeIndex: updateToMax old=15, new=20, updated? true
2021-08-16 13:11:07,912 [pool-300-thread-1] INFO  server.RaftServerConfigKeys (ConfUtils.java:logGet(44)) - raft.server.snapshot.auto.trigger.enabled = true (custom)
2021-08-16 13:11:07,912 [pool-300-thread-1] INFO  server.RaftServerConfigKeys (ConfUtils.java:logGet(44)) - raft.server.snapshot.auto.trigger.threshold = 10000 (custom)
2021-08-16 13:11:07,913 [pool-300-thread-1] INFO  server.RaftServerConfigKeys (ConfUtils.java:logGet(44)) - raft.server.snapshot.retention.file.num = 5 (custom)
2021-08-16 13:11:07,913 [pool-300-thread-1] INFO  server.RaftServerConfigKeys (ConfUtils.java:logGet(44)) - raft.server.log.purge.upto.snapshot.index = false (default)
2021-08-16 13:11:07,913 [pool-300-thread-1] INFO  server.RaftServerConfigKeys (ConfUtils.java:logGet(44)) - raft.server.retrycache.expirytime = 600000ms (custom)
2021-08-16 13:11:07,913 [pool-300-thread-1] INFO  server.RaftServerConfigKeys (ConfUtils.java:logGet(44)) - raft.server.retrycache.statistics.expirytime = 100μs (default)
2021-08-16 13:11:07,913 [f324fcdd-c742-4882-bf0f-17e5edd5a90a@group-D45398A5843A-StateMachineUpdater] INFO  safemode.HealthyPipelineSafeModeRule (HealthyPipelineSafeModeRule.java:initializeRule(152)) - Refreshed total pipeline count is 0, healthy pipeline threshold count is 1
2021-08-16 13:11:07,914 [pool-300-thread-1] INFO  server.RaftServer$Division (RaftServerImpl.java:start(296)) - 6430af1b-8c1e-4941-b86e-70a611f1e973@group-6B6377511CA5: start as a follower, conf=-1: [6430af1b-8c1e-4941-b86e-70a611f1e973|rpc:127.0.0.1:46065|priority:1], old=null
2021-08-16 13:11:07,914 [pool-300-thread-1] INFO  server.RaftServer$Division (RaftServerImpl.java:setRole(285)) - 6430af1b-8c1e-4941-b86e-70a611f1e973@group-6B6377511CA5: changes role from      null to FOLLOWER at term 0 for startAsFollower
2021-08-16 13:11:07,914 [pool-300-thread-1] INFO  impl.RoleInfo (RoleInfo.java:updateAndGet(130)) - 6430af1b-8c1e-4941-b86e-70a611f1e973: start 6430af1b-8c1e-4941-b86e-70a611f1e973@group-6B6377511CA5-FollowerState
2021-08-16 13:11:07,914 [EventQueue-PipelineReportForPipelineReportHandler] INFO  ha.SCMHAInvocationHandler (SCMHAInvocationHandler.java:invokeRatis(113)) - Invoking method public abstract void org.apache.hadoop.hdds.scm.pipeline.StateManager.updatePipelineState(org.apache.hadoop.hdds.protocol.proto.HddsProtos$PipelineID,org.apache.hadoop.hdds.protocol.proto.HddsProtos$PipelineState) throws java.io.IOException on target org.apache.hadoop.hdds.scm.ha.SCMRatisServerImpl@78a76923, cost 55025.932us
2021-08-16 13:11:07,915 [EventQueue-OpenPipelineForHealthyPipelineSafeModeRule] INFO  safemode.SCMSafeModeManager (HealthyPipelineSafeModeRule.java:process(124)) - SCM in safe mode. Healthy pipelines reported count is 0, required healthy pipeline reported count is 1
2021-08-16 13:11:07,918 [pool-300-thread-1] INFO  util.JmxRegister (JmxRegister.java:tryRegister(44)) - Successfully registered JMX Bean with object name Ratis:service=RaftServer,group=group-6B6377511CA5,id=6430af1b-8c1e-4941-b86e-70a611f1e973
2021-08-16 13:11:07,922 [Command processor thread] INFO  ratis.XceiverServerRatis (XceiverServerRatis.java:addGroup(763)) - Created group PipelineID=277154f8-762a-44b4-811b-6b6377511ca5
2021-08-16 13:11:07,922 [Command processor thread] INFO  commandhandler.CreatePipelineCommandHandler (CreatePipelineCommandHandler.java:handle(106)) - Created Pipeline RATIS ONE PipelineID=277154f8-762a-44b4-811b-6b6377511ca5.
2021-08-16 13:11:07,924 [161c1ac7-ff07-4d6f-a20c-3f676ae8d443@group-D45398A5843A-StateMachineUpdater] INFO  safemode.HealthyPipelineSafeModeRule (HealthyPipelineSafeModeRule.java:initializeRule(152)) - Refreshed total pipeline count is 0, healthy pipeline threshold count is 1
2021-08-16 13:11:08,642 [EndpointStateMachine task thread for /127.0.0.1:15291 - 0 ] INFO  ipc.Client (Client.java:handleConnectionFailure(977)) - Retrying connect to server: localhost/127.0.0.1:15291. Already tried 12 time(s); retry policy is RetryUpToMaximumCountWithFixedSleep(maxRetries=15, sleepTime=1000 MILLISECONDS)
2021-08-16 13:11:08,645 [EndpointStateMachine task thread for /127.0.0.1:15281 - 0 ] INFO  ipc.Client (Client.java:handleConnectionFailure(977)) - Retrying connect to server: localhost/127.0.0.1:15281. Already tried 12 time(s); retry policy is RetryUpToMaximumCountWithFixedSleep(maxRetries=15, sleepTime=1000 MILLISECONDS)
2021-08-16 13:11:08,647 [EndpointStateMachine task thread for /127.0.0.1:15301 - 0 ] INFO  ipc.Client (Client.java:handleConnectionFailure(977)) - Retrying connect to server: localhost/127.0.0.1:15301. Already tried 12 time(s); retry policy is RetryUpToMaximumCountWithFixedSleep(maxRetries=15, sleepTime=1000 MILLISECONDS)
2021-08-16 13:11:08,796 [Listener at 127.0.0.1/13436] INFO  ozone.MiniOzoneClusterImpl (MiniOzoneClusterImpl.java:lambda$waitForClusterToBeReady$0(235)) - Nodes are ready. Got 3 of 3 DN Heartbeats.
2021-08-16 13:11:08,796 [Listener at 127.0.0.1/13436] INFO  ozone.MiniOzoneClusterImpl (MiniOzoneClusterImpl.java:lambda$waitForClusterToBeReady$0(238)) - Waiting for cluster to exit safe mode
2021-08-16 13:11:08,796 [Listener at 127.0.0.1/13436] INFO  ozone.MiniOzoneClusterImpl (MiniOzoneClusterImpl.java:lambda$waitForClusterToBeReady$0(240)) - SCM became leader
2021-08-16 13:11:09,643 [EndpointStateMachine task thread for /127.0.0.1:15291 - 0 ] INFO  ipc.Client (Client.java:handleConnectionFailure(977)) - Retrying connect to server: localhost/127.0.0.1:15291. Already tried 13 time(s); retry policy is RetryUpToMaximumCountWithFixedSleep(maxRetries=15, sleepTime=1000 MILLISECONDS)
2021-08-16 13:11:09,645 [EndpointStateMachine task thread for /127.0.0.1:15281 - 0 ] INFO  ipc.Client (Client.java:handleConnectionFailure(977)) - Retrying connect to server: localhost/127.0.0.1:15281. Already tried 13 time(s); retry policy is RetryUpToMaximumCountWithFixedSleep(maxRetries=15, sleepTime=1000 MILLISECONDS)
2021-08-16 13:11:09,647 [EndpointStateMachine task thread for /127.0.0.1:15301 - 0 ] INFO  ipc.Client (Client.java:handleConnectionFailure(977)) - Retrying connect to server: localhost/127.0.0.1:15301. Already tried 13 time(s); retry policy is RetryUpToMaximumCountWithFixedSleep(maxRetries=15, sleepTime=1000 MILLISECONDS)
2021-08-16 13:11:09,798 [Listener at 127.0.0.1/13436] INFO  ozone.MiniOzoneClusterImpl (MiniOzoneClusterImpl.java:lambda$waitForClusterToBeReady$0(235)) - Nodes are ready. Got 3 of 3 DN Heartbeats.
2021-08-16 13:11:09,798 [Listener at 127.0.0.1/13436] INFO  ozone.MiniOzoneClusterImpl (MiniOzoneClusterImpl.java:lambda$waitForClusterToBeReady$0(238)) - Waiting for cluster to exit safe mode
2021-08-16 13:11:09,798 [Listener at 127.0.0.1/13436] INFO  ozone.MiniOzoneClusterImpl (MiniOzoneClusterImpl.java:lambda$waitForClusterToBeReady$0(240)) - SCM became leader
2021-08-16 13:11:10,643 [EndpointStateMachine task thread for /127.0.0.1:15291 - 0 ] INFO  ipc.Client (Client.java:handleConnectionFailure(977)) - Retrying connect to server: localhost/127.0.0.1:15291. Already tried 14 time(s); retry policy is RetryUpToMaximumCountWithFixedSleep(maxRetries=15, sleepTime=1000 MILLISECONDS)
2021-08-16 13:11:10,646 [EndpointStateMachine task thread for /127.0.0.1:15281 - 0 ] INFO  ipc.Client (Client.java:handleConnectionFailure(977)) - Retrying connect to server: localhost/127.0.0.1:15281. Already tried 14 time(s); retry policy is RetryUpToMaximumCountWithFixedSleep(maxRetries=15, sleepTime=1000 MILLISECONDS)
2021-08-16 13:11:10,647 [EndpointStateMachine task thread for /127.0.0.1:15301 - 0 ] INFO  ipc.Client (Client.java:handleConnectionFailure(977)) - Retrying connect to server: localhost/127.0.0.1:15301. Already tried 14 time(s); retry policy is RetryUpToMaximumCountWithFixedSleep(maxRetries=15, sleepTime=1000 MILLISECONDS)
2021-08-16 13:11:10,648 [EndpointStateMachine task thread for /127.0.0.1:15301 - 0 ] WARN  statemachine.EndpointStateMachine (EndpointStateMachine.java:logIfNeeded(236)) - Unable to communicate to SCM server at localhost:15301 for past 0 seconds.
java.net.ConnectException: Call From fv-az148-41/10.1.0.28 to localhost:15301 failed on connection exception: java.net.ConnectException: Connection refused; For more details see:  http://wiki.apache.org/hadoop/ConnectionRefused
	at sun.reflect.NativeConstructorAccessorImpl.newInstance0(Native Method)
	at sun.reflect.NativeConstructorAccessorImpl.newInstance(NativeConstructorAccessorImpl.java:62)
	at sun.reflect.DelegatingConstructorAccessorImpl.newInstance(DelegatingConstructorAccessorImpl.java:45)
	at java.lang.reflect.Constructor.newInstance(Constructor.java:423)
	at org.apache.hadoop.net.NetUtils.wrapWithMessage(NetUtils.java:913)
	at org.apache.hadoop.net.NetUtils.wrapException(NetUtils.java:828)
	at org.apache.hadoop.ipc.Client.getRpcResponse(Client.java:1577)
	at org.apache.hadoop.ipc.Client.call(Client.java:1519)
	at org.apache.hadoop.ipc.Client.call(Client.java:1416)
	at org.apache.hadoop.ipc.ProtobufRpcEngine$Invoker.invoke(ProtobufRpcEngine.java:236)
	at org.apache.hadoop.ipc.ProtobufRpcEngine$Invoker.invoke(ProtobufRpcEngine.java:123)
	at com.sun.proxy.$Proxy47.submitRequest(Unknown Source)
	at org.apache.hadoop.ozone.protocolPB.StorageContainerDatanodeProtocolClientSideTranslatorPB.submitRequest(StorageContainerDatanodeProtocolClientSideTranslatorPB.java:117)
	at org.apache.hadoop.ozone.protocolPB.StorageContainerDatanodeProtocolClientSideTranslatorPB.register(StorageContainerDatanodeProtocolClientSideTranslatorPB.java:180)
	at org.apache.hadoop.ozone.container.common.states.endpoint.RegisterEndpointTask.call(RegisterEndpointTask.java:158)
	at org.apache.hadoop.ozone.container.common.states.endpoint.RegisterEndpointTask.call(RegisterEndpointTask.java:52)
	at java.util.concurrent.FutureTask.run(FutureTask.java:266)
	at java.util.concurrent.ThreadPoolExecutor.runWorker(ThreadPoolExecutor.java:1149)
	at java.util.concurrent.ThreadPoolExecutor$Worker.run(ThreadPoolExecutor.java:624)
	at java.lang.Thread.run(Thread.java:748)
Caused by: java.net.ConnectException: Connection refused
	at sun.nio.ch.SocketChannelImpl.checkConnect(Native Method)
	at sun.nio.ch.SocketChannelImpl.finishConnect(SocketChannelImpl.java:716)
	at org.apache.hadoop.net.SocketIOWithTimeout.connect(SocketIOWithTimeout.java:206)
	at org.apache.hadoop.net.NetUtils.connect(NetUtils.java:586)
	at org.apache.hadoop.ipc.Client$Connection.setupConnection(Client.java:701)
	at org.apache.hadoop.ipc.Client$Connection.setupIOstreams(Client.java:822)
	at org.apache.hadoop.ipc.Client$Connection.access$3800(Client.java:414)
	at org.apache.hadoop.ipc.Client.getConnection(Client.java:1647)
	at org.apache.hadoop.ipc.Client.call(Client.java:1463)
	... 12 more
2021-08-16 13:11:10,851 [Datanode State Machine Thread - 0] ERROR datanode.RunningDatanodeState (RunningDatanodeState.java:computeNextContainerState(199)) - Error in executing end point task.
java.util.concurrent.ExecutionException: java.util.concurrent.TimeoutException
	at java.util.concurrent.FutureTask.report(FutureTask.java:122)
	at java.util.concurrent.FutureTask.get(FutureTask.java:192)
	at org.apache.hadoop.ozone.container.common.states.datanode.RunningDatanodeState.computeNextContainerState(RunningDatanodeState.java:191)
	at org.apache.hadoop.ozone.container.common.states.datanode.RunningDatanodeState.await(RunningDatanodeState.java:231)
	at org.apache.hadoop.ozone.container.common.states.datanode.RunningDatanodeState.await(RunningDatanodeState.java:50)
	at org.apache.hadoop.ozone.container.common.statemachine.StateContext.execute(StateContext.java:629)
	at org.apache.hadoop.ozone.container.common.statemachine.DatanodeStateMachine.start(DatanodeStateMachine.java:270)
	at org.apache.hadoop.ozone.container.common.statemachine.DatanodeStateMachine.lambda$startDaemon$0(DatanodeStateMachine.java:456)
	at java.lang.Thread.run(Thread.java:748)
Caused by: java.util.concurrent.TimeoutException
	at java.util.concurrent.FutureTask.get(FutureTask.java:205)
	at org.apache.hadoop.ozone.container.common.states.datanode.RunningDatanodeState.lambda$execute$0(RunningDatanodeState.java:149)
	at java.util.concurrent.FutureTask.run(FutureTask.java:266)
	at java.util.concurrent.Executors$RunnableAdapter.call(Executors.java:511)
	at java.util.concurrent.FutureTask.run(FutureTask.java:266)
	at java.util.concurrent.ThreadPoolExecutor.runWorker(ThreadPoolExecutor.java:1149)
	at java.util.concurrent.ThreadPoolExecutor$Worker.run(ThreadPoolExecutor.java:624)
	... 1 more
2021-08-16 13:11:10,859 [Listener at 127.0.0.1/13436] INFO  ozone.MiniOzoneClusterImpl (MiniOzoneClusterImpl.java:lambda$waitForClusterToBeReady$0(235)) - Nodes are ready. Got 3 of 3 DN Heartbeats.
2021-08-16 13:11:10,859 [Listener at 127.0.0.1/13436] INFO  ozone.MiniOzoneClusterImpl (MiniOzoneClusterImpl.java:lambda$waitForClusterToBeReady$0(238)) - Waiting for cluster to exit safe mode
2021-08-16 13:11:10,859 [Listener at 127.0.0.1/13436] INFO  ozone.MiniOzoneClusterImpl (MiniOzoneClusterImpl.java:lambda$waitForClusterToBeReady$0(240)) - SCM became leader
2021-08-16 13:11:11,214 [Datanode State Machine Thread - 0] ERROR datanode.RunningDatanodeState (RunningDatanodeState.java:computeNextContainerState(199)) - Error in executing end point task.
java.util.concurrent.ExecutionException: java.util.concurrent.TimeoutException
	at java.util.concurrent.FutureTask.report(FutureTask.java:122)
	at java.util.concurrent.FutureTask.get(FutureTask.java:192)
	at org.apache.hadoop.ozone.container.common.states.datanode.RunningDatanodeState.computeNextContainerState(RunningDatanodeState.java:191)
	at org.apache.hadoop.ozone.container.common.states.datanode.RunningDatanodeState.await(RunningDatanodeState.java:231)
	at org.apache.hadoop.ozone.container.common.states.datanode.RunningDatanodeState.await(RunningDatanodeState.java:50)
	at org.apache.hadoop.ozone.container.common.statemachine.StateContext.execute(StateContext.java:629)
	at org.apache.hadoop.ozone.container.common.statemachine.DatanodeStateMachine.start(DatanodeStateMachine.java:270)
	at org.apache.hadoop.ozone.container.common.statemachine.DatanodeStateMachine.lambda$startDaemon$0(DatanodeStateMachine.java:456)
	at java.lang.Thread.run(Thread.java:748)
Caused by: java.util.concurrent.TimeoutException
	at java.util.concurrent.FutureTask.get(FutureTask.java:205)
	at org.apache.hadoop.ozone.container.common.states.datanode.RunningDatanodeState.lambda$execute$0(RunningDatanodeState.java:149)
	at java.util.concurrent.FutureTask.run(FutureTask.java:266)
	at java.util.concurrent.Executors$RunnableAdapter.call(Executors.java:511)
	at java.util.concurrent.FutureTask.run(FutureTask.java:266)
	at java.util.concurrent.ThreadPoolExecutor.runWorker(ThreadPoolExecutor.java:1149)
	at java.util.concurrent.ThreadPoolExecutor$Worker.run(ThreadPoolExecutor.java:624)
	... 1 more
2021-08-16 13:11:11,644 [EndpointStateMachine task thread for /127.0.0.1:15291 - 0 ] INFO  ipc.Client (Client.java:handleConnectionFailure(977)) - Retrying connect to server: localhost/127.0.0.1:15291. Already tried 0 time(s); retry policy is RetryUpToMaximumCountWithFixedSleep(maxRetries=15, sleepTime=1000 MILLISECONDS)
2021-08-16 13:11:11,647 [EndpointStateMachine task thread for /127.0.0.1:15281 - 0 ] INFO  ipc.Client (Client.java:handleConnectionFailure(977)) - Retrying connect to server: localhost/127.0.0.1:15281. Already tried 0 time(s); retry policy is RetryUpToMaximumCountWithFixedSleep(maxRetries=15, sleepTime=1000 MILLISECONDS)
2021-08-16 13:11:11,649 [EndpointStateMachine task thread for /127.0.0.1:15301 - 0 ] INFO  ipc.Client (Client.java:handleConnectionFailure(977)) - Retrying connect to server: localhost/127.0.0.1:15301. Already tried 0 time(s); retry policy is RetryUpToMaximumCountWithFixedSleep(maxRetries=15, sleepTime=1000 MILLISECONDS)
2021-08-16 13:11:11,860 [Listener at 127.0.0.1/13436] INFO  ozone.MiniOzoneClusterImpl (MiniOzoneClusterImpl.java:lambda$waitForClusterToBeReady$0(235)) - Nodes are ready. Got 3 of 3 DN Heartbeats.
2021-08-16 13:11:11,860 [Listener at 127.0.0.1/13436] INFO  ozone.MiniOzoneClusterImpl (MiniOzoneClusterImpl.java:lambda$waitForClusterToBeReady$0(238)) - Waiting for cluster to exit safe mode
2021-08-16 13:11:11,860 [Listener at 127.0.0.1/13436] INFO  ozone.MiniOzoneClusterImpl (MiniOzoneClusterImpl.java:lambda$waitForClusterToBeReady$0(240)) - SCM became leader
2021-08-16 13:11:12,103 [fb992a77-9bc7-4c94-9eee-eafb24dfa6e7@group-D248BB1166F2-FollowerState] INFO  impl.FollowerState (FollowerState.java:run(134)) - fb992a77-9bc7-4c94-9eee-eafb24dfa6e7@group-D248BB1166F2-FollowerState: change to CANDIDATE, lastRpcElapsedTime:5056148587ns, electionTimeout:5047ms
2021-08-16 13:11:12,103 [fb992a77-9bc7-4c94-9eee-eafb24dfa6e7@group-D248BB1166F2-FollowerState] INFO  impl.RoleInfo (RoleInfo.java:shutdownFollowerState(108)) - fb992a77-9bc7-4c94-9eee-eafb24dfa6e7: shutdown fb992a77-9bc7-4c94-9eee-eafb24dfa6e7@group-D248BB1166F2-FollowerState
2021-08-16 13:11:12,103 [fb992a77-9bc7-4c94-9eee-eafb24dfa6e7@group-D248BB1166F2-FollowerState] INFO  server.RaftServer$Division (RaftServerImpl.java:setRole(285)) - fb992a77-9bc7-4c94-9eee-eafb24dfa6e7@group-D248BB1166F2: changes role from  FOLLOWER to CANDIDATE at term 0 for changeToCandidate
2021-08-16 13:11:12,103 [fb992a77-9bc7-4c94-9eee-eafb24dfa6e7@group-D248BB1166F2-FollowerState] INFO  server.RaftServerConfigKeys (ConfUtils.java:logGet(44)) - raft.server.leaderelection.pre-vote = false (custom)
2021-08-16 13:11:12,103 [fb992a77-9bc7-4c94-9eee-eafb24dfa6e7@group-D248BB1166F2-FollowerState] INFO  impl.RoleInfo (RoleInfo.java:updateAndGet(130)) - fb992a77-9bc7-4c94-9eee-eafb24dfa6e7: start fb992a77-9bc7-4c94-9eee-eafb24dfa6e7@group-D248BB1166F2-LeaderElection17
2021-08-16 13:11:12,139 [fb992a77-9bc7-4c94-9eee-eafb24dfa6e7@group-D248BB1166F2-LeaderElection17] INFO  impl.LeaderElection (LeaderElection.java:askForVotes(306)) - fb992a77-9bc7-4c94-9eee-eafb24dfa6e7@group-D248BB1166F2-LeaderElection17 ELECTION round 0: submit vote requests at term 1 for -1: [6430af1b-8c1e-4941-b86e-70a611f1e973|rpc:127.0.0.1:46065|priority:0, 29512a7a-9393-40e5-8a40-953b2282bb1a|rpc:127.0.0.1:38169|priority:0, fb992a77-9bc7-4c94-9eee-eafb24dfa6e7|rpc:127.0.0.1:40407|priority:1], old=null
2021-08-16 13:11:12,154 [29512a7a-9393-40e5-8a40-953b2282bb1a@group-D248BB1166F2-FollowerState] INFO  impl.FollowerState (FollowerState.java:run(134)) - 29512a7a-9393-40e5-8a40-953b2282bb1a@group-D248BB1166F2-FollowerState: change to CANDIDATE, lastRpcElapsedTime:5043634459ns, electionTimeout:5009ms
2021-08-16 13:11:12,154 [29512a7a-9393-40e5-8a40-953b2282bb1a@group-D248BB1166F2-FollowerState] INFO  impl.RoleInfo (RoleInfo.java:shutdownFollowerState(108)) - 29512a7a-9393-40e5-8a40-953b2282bb1a: shutdown 29512a7a-9393-40e5-8a40-953b2282bb1a@group-D248BB1166F2-FollowerState
2021-08-16 13:11:12,154 [29512a7a-9393-40e5-8a40-953b2282bb1a@group-D248BB1166F2-FollowerState] INFO  server.RaftServer$Division (RaftServerImpl.java:setRole(285)) - 29512a7a-9393-40e5-8a40-953b2282bb1a@group-D248BB1166F2: changes role from  FOLLOWER to CANDIDATE at term 0 for changeToCandidate
2021-08-16 13:11:12,154 [29512a7a-9393-40e5-8a40-953b2282bb1a@group-D248BB1166F2-FollowerState] INFO  server.RaftServerConfigKeys (ConfUtils.java:logGet(44)) - raft.server.leaderelection.pre-vote = false (custom)
2021-08-16 13:11:12,154 [29512a7a-9393-40e5-8a40-953b2282bb1a@group-D248BB1166F2-FollowerState] INFO  impl.RoleInfo (RoleInfo.java:updateAndGet(130)) - 29512a7a-9393-40e5-8a40-953b2282bb1a: start 29512a7a-9393-40e5-8a40-953b2282bb1a@group-D248BB1166F2-LeaderElection18
2021-08-16 13:11:12,155 [grpc-default-executor-0] INFO  server.RaftServer$Division (RaftServerImpl.java:requestVote(1043)) - 6430af1b-8c1e-4941-b86e-70a611f1e973@group-D248BB1166F2: receive requestVote(ELECTION, fb992a77-9bc7-4c94-9eee-eafb24dfa6e7, group-D248BB1166F2, 1, (t:0, i:0))
2021-08-16 13:11:12,156 [grpc-default-executor-0] INFO  impl.VoteContext (VoteContext.java:log(48)) - 6430af1b-8c1e-4941-b86e-70a611f1e973@group-D248BB1166F2-FOLLOWER: accept ELECTION from fb992a77-9bc7-4c94-9eee-eafb24dfa6e7: our priority 0 <= candidate's priority 1
2021-08-16 13:11:12,156 [grpc-default-executor-0] INFO  server.RaftServer$Division (RaftServerImpl.java:setRole(285)) - 6430af1b-8c1e-4941-b86e-70a611f1e973@group-D248BB1166F2: changes role from  FOLLOWER to FOLLOWER at term 1 for candidate:fb992a77-9bc7-4c94-9eee-eafb24dfa6e7
2021-08-16 13:11:12,156 [grpc-default-executor-0] INFO  impl.RoleInfo (RoleInfo.java:shutdownFollowerState(108)) - 6430af1b-8c1e-4941-b86e-70a611f1e973: shutdown 6430af1b-8c1e-4941-b86e-70a611f1e973@group-D248BB1166F2-FollowerState
2021-08-16 13:11:12,162 [6430af1b-8c1e-4941-b86e-70a611f1e973@group-D248BB1166F2-FollowerState] INFO  impl.FollowerState (FollowerState.java:run(143)) - 6430af1b-8c1e-4941-b86e-70a611f1e973@group-D248BB1166F2-FollowerState was interrupted: {}
java.lang.InterruptedException: sleep interrupted
	at java.lang.Thread.sleep(Native Method)
	at java.lang.Thread.sleep(Thread.java:340)
	at java.util.concurrent.TimeUnit.sleep(TimeUnit.java:386)
	at org.apache.ratis.util.TimeDuration.sleep(TimeDuration.java:324)
	at org.apache.ratis.util.TimeDuration.sleep(TimeDuration.java:309)
	at org.apache.ratis.server.impl.FollowerState.run(FollowerState.java:118)
2021-08-16 13:11:12,162 [grpc-default-executor-0] INFO  impl.RoleInfo (RoleInfo.java:updateAndGet(130)) - 6430af1b-8c1e-4941-b86e-70a611f1e973: start 6430af1b-8c1e-4941-b86e-70a611f1e973@group-D248BB1166F2-FollowerState
2021-08-16 13:11:12,167 [grpc-default-executor-0] INFO  server.RaftServer$Division (RaftServerImpl.java:requestVote(1075)) - 6430af1b-8c1e-4941-b86e-70a611f1e973@group-D248BB1166F2 replies to ELECTION vote request: fb992a77-9bc7-4c94-9eee-eafb24dfa6e7<-6430af1b-8c1e-4941-b86e-70a611f1e973#0:OK-t1. Peer's state: 6430af1b-8c1e-4941-b86e-70a611f1e973@group-D248BB1166F2:t1, leader=null, voted=fb992a77-9bc7-4c94-9eee-eafb24dfa6e7, raftlog=6430af1b-8c1e-4941-b86e-70a611f1e973@group-D248BB1166F2-SegmentedRaftLog:OPENED:c-1,f-1,i0, conf=-1: [6430af1b-8c1e-4941-b86e-70a611f1e973|rpc:127.0.0.1:46065|dataStream:|priority:0, 29512a7a-9393-40e5-8a40-953b2282bb1a|rpc:127.0.0.1:38169|dataStream:|priority:0, fb992a77-9bc7-4c94-9eee-eafb24dfa6e7|rpc:127.0.0.1:40407|dataStream:|priority:1], old=null
2021-08-16 13:11:12,170 [fb992a77-9bc7-4c94-9eee-eafb24dfa6e7@group-D248BB1166F2-LeaderElection17] INFO  impl.LeaderElection (LeaderElection.java:logAndReturn(89)) - fb992a77-9bc7-4c94-9eee-eafb24dfa6e7@group-D248BB1166F2-LeaderElection17: ELECTION PASSED received 1 response(s) and 0 exception(s):
2021-08-16 13:11:12,170 [fb992a77-9bc7-4c94-9eee-eafb24dfa6e7@group-D248BB1166F2-LeaderElection17] INFO  impl.LeaderElection (LeaderElection.java:logAndReturn(93)) -   Response 0: fb992a77-9bc7-4c94-9eee-eafb24dfa6e7<-6430af1b-8c1e-4941-b86e-70a611f1e973#0:OK-t1
2021-08-16 13:11:12,170 [29512a7a-9393-40e5-8a40-953b2282bb1a@group-D248BB1166F2-LeaderElection18] INFO  impl.LeaderElection (LeaderElection.java:askForVotes(306)) - 29512a7a-9393-40e5-8a40-953b2282bb1a@group-D248BB1166F2-LeaderElection18 ELECTION round 0: submit vote requests at term 1 for -1: [6430af1b-8c1e-4941-b86e-70a611f1e973|rpc:127.0.0.1:46065|dataStream:|priority:0, 29512a7a-9393-40e5-8a40-953b2282bb1a|rpc:127.0.0.1:38169|dataStream:|priority:0, fb992a77-9bc7-4c94-9eee-eafb24dfa6e7|rpc:127.0.0.1:40407|dataStream:|priority:1], old=null
2021-08-16 13:11:12,170 [fb992a77-9bc7-4c94-9eee-eafb24dfa6e7@group-D248BB1166F2-LeaderElection17] INFO  impl.LeaderElection (LeaderElection.java:askForVotes(308)) - fb992a77-9bc7-4c94-9eee-eafb24dfa6e7@group-D248BB1166F2-LeaderElection17 ELECTION round 0: result PASSED
2021-08-16 13:11:12,170 [fb992a77-9bc7-4c94-9eee-eafb24dfa6e7@group-D248BB1166F2-LeaderElection17] INFO  impl.RoleInfo (RoleInfo.java:shutdownLeaderElection(121)) - fb992a77-9bc7-4c94-9eee-eafb24dfa6e7: shutdown fb992a77-9bc7-4c94-9eee-eafb24dfa6e7@group-D248BB1166F2-LeaderElection17
2021-08-16 13:11:12,171 [fb992a77-9bc7-4c94-9eee-eafb24dfa6e7@group-D248BB1166F2-LeaderElection17] INFO  server.RaftServer$Division (RaftServerImpl.java:setRole(285)) - fb992a77-9bc7-4c94-9eee-eafb24dfa6e7@group-D248BB1166F2: changes role from CANDIDATE to LEADER at term 1 for changeToLeader
2021-08-16 13:11:12,171 [fb992a77-9bc7-4c94-9eee-eafb24dfa6e7@group-D248BB1166F2-LeaderElection17] INFO  ratis.XceiverServerRatis (XceiverServerRatis.java:handleLeaderChangedNotification(861)) - Leader change notification received for group: group-D248BB1166F2 with new leaderId: fb992a77-9bc7-4c94-9eee-eafb24dfa6e7
2021-08-16 13:11:12,173 [fb992a77-9bc7-4c94-9eee-eafb24dfa6e7@group-000363879626-FollowerState] INFO  impl.FollowerState (FollowerState.java:run(134)) - fb992a77-9bc7-4c94-9eee-eafb24dfa6e7@group-000363879626-FollowerState: change to CANDIDATE, lastRpcElapsedTime:5169225449ns, electionTimeout:5168ms
2021-08-16 13:11:12,173 [fb992a77-9bc7-4c94-9eee-eafb24dfa6e7@group-000363879626-FollowerState] INFO  impl.RoleInfo (RoleInfo.java:shutdownFollowerState(108)) - fb992a77-9bc7-4c94-9eee-eafb24dfa6e7: shutdown fb992a77-9bc7-4c94-9eee-eafb24dfa6e7@group-000363879626-FollowerState
2021-08-16 13:11:12,173 [fb992a77-9bc7-4c94-9eee-eafb24dfa6e7@group-000363879626-FollowerState] INFO  server.RaftServer$Division (RaftServerImpl.java:setRole(285)) - fb992a77-9bc7-4c94-9eee-eafb24dfa6e7@group-000363879626: changes role from  FOLLOWER to CANDIDATE at term 0 for changeToCandidate
2021-08-16 13:11:12,176 [grpc-default-executor-0] INFO  server.RaftServer$Division (RaftServerImpl.java:requestVote(1043)) - 6430af1b-8c1e-4941-b86e-70a611f1e973@group-D248BB1166F2: receive requestVote(ELECTION, 29512a7a-9393-40e5-8a40-953b2282bb1a, group-D248BB1166F2, 1, (t:0, i:0))
2021-08-16 13:11:12,176 [grpc-default-executor-0] INFO  impl.VoteContext (VoteContext.java:log(48)) - 6430af1b-8c1e-4941-b86e-70a611f1e973@group-D248BB1166F2-FOLLOWER: reject ELECTION from 29512a7a-9393-40e5-8a40-953b2282bb1a: already has voted for fb992a77-9bc7-4c94-9eee-eafb24dfa6e7 at current term 1
2021-08-16 13:11:12,176 [grpc-default-executor-0] INFO  server.RaftServer$Division (RaftServerImpl.java:requestVote(1075)) - 6430af1b-8c1e-4941-b86e-70a611f1e973@group-D248BB1166F2 replies to ELECTION vote request: 29512a7a-9393-40e5-8a40-953b2282bb1a<-6430af1b-8c1e-4941-b86e-70a611f1e973#0:FAIL-t1. Peer's state: 6430af1b-8c1e-4941-b86e-70a611f1e973@group-D248BB1166F2:t1, leader=null, voted=fb992a77-9bc7-4c94-9eee-eafb24dfa6e7, raftlog=6430af1b-8c1e-4941-b86e-70a611f1e973@group-D248BB1166F2-SegmentedRaftLog:OPENED:c-1,f-1,i0, conf=-1: [6430af1b-8c1e-4941-b86e-70a611f1e973|rpc:127.0.0.1:46065|dataStream:|priority:0, 29512a7a-9393-40e5-8a40-953b2282bb1a|rpc:127.0.0.1:38169|dataStream:|priority:0, fb992a77-9bc7-4c94-9eee-eafb24dfa6e7|rpc:127.0.0.1:40407|dataStream:|priority:1], old=null
2021-08-16 13:11:12,184 [grpc-default-executor-0] INFO  server.RaftServer$Division (RaftServerImpl.java:requestVote(1043)) - fb992a77-9bc7-4c94-9eee-eafb24dfa6e7@group-D248BB1166F2: receive requestVote(ELECTION, 29512a7a-9393-40e5-8a40-953b2282bb1a, group-D248BB1166F2, 1, (t:0, i:0))
2021-08-16 13:11:12,186 [fb992a77-9bc7-4c94-9eee-eafb24dfa6e7@group-000363879626-FollowerState] INFO  server.RaftServerConfigKeys (ConfUtils.java:logGet(44)) - raft.server.leaderelection.pre-vote = false (custom)
2021-08-16 13:11:12,186 [fb992a77-9bc7-4c94-9eee-eafb24dfa6e7@group-000363879626-FollowerState] INFO  impl.RoleInfo (RoleInfo.java:updateAndGet(130)) - fb992a77-9bc7-4c94-9eee-eafb24dfa6e7: start fb992a77-9bc7-4c94-9eee-eafb24dfa6e7@group-000363879626-LeaderElection19
2021-08-16 13:11:12,186 [fb992a77-9bc7-4c94-9eee-eafb24dfa6e7@group-D248BB1166F2-LeaderElection17] INFO  server.RaftServer$Division (ServerState.java:setLeader(285)) - fb992a77-9bc7-4c94-9eee-eafb24dfa6e7@group-D248BB1166F2: change Leader from null to fb992a77-9bc7-4c94-9eee-eafb24dfa6e7 at term 1 for becomeLeader, leader elected after 5158ms
2021-08-16 13:11:12,187 [fb992a77-9bc7-4c94-9eee-eafb24dfa6e7@group-D248BB1166F2-LeaderElection17] INFO  server.RaftServerConfigKeys (ConfUtils.java:logGet(44)) - raft.server.staging.catchup.gap = 1000 (default)
2021-08-16 13:11:12,191 [EventQueue-PipelineReportForPipelineReportHandler] INFO  pipeline.PipelineManagerImpl (PipelineManagerImpl.java:openPipeline(283)) - Pipeline Pipeline[ Id: 3a798cf3-ec63-4670-bd83-d248bb1166f2, Nodes: 29512a7a-9393-40e5-8a40-953b2282bb1a{ip: 127.0.0.1, host: localhost, ports: [REPLICATION=34631, RATIS=38169, RATIS_ADMIN=38169, RATIS_SERVER=38169, STANDALONE=40629], networkLocation: /default-rack, certSerialId: null, persistedOpState: IN_SERVICE, persistedOpStateExpiryEpochSec: 0}6430af1b-8c1e-4941-b86e-70a611f1e973{ip: 127.0.0.1, host: localhost, ports: [REPLICATION=38051, RATIS=46065, RATIS_ADMIN=46065, RATIS_SERVER=46065, STANDALONE=42265], networkLocation: /default-rack, certSerialId: null, persistedOpState: IN_SERVICE, persistedOpStateExpiryEpochSec: 0}fb992a77-9bc7-4c94-9eee-eafb24dfa6e7{ip: 127.0.0.1, host: localhost, ports: [REPLICATION=39287, RATIS=40407, RATIS_ADMIN=40407, RATIS_SERVER=40407, STANDALONE=35263], networkLocation: /default-rack, certSerialId: null, persistedOpState: IN_SERVICE, persistedOpStateExpiryEpochSec: 0}, ReplicationConfig: RATIS/THREE, State:ALLOCATED, leaderId:fb992a77-9bc7-4c94-9eee-eafb24dfa6e7, CreationTimestamp2021-08-16T13:11:04.863Z[Etc/UTC]] moved to OPEN state
2021-08-16 13:11:12,191 [EventQueue-PipelineReportForPipelineReportHandler] INFO  ha.SCMHAInvocationHandler (SCMHAInvocationHandler.java:invokeRatis(113)) - Invoking method public abstract void org.apache.hadoop.hdds.scm.pipeline.StateManager.updatePipelineState(org.apache.hadoop.hdds.protocol.proto.HddsProtos$PipelineID,org.apache.hadoop.hdds.protocol.proto.HddsProtos$PipelineState) throws java.io.IOException on target org.apache.hadoop.hdds.scm.ha.SCMRatisServerImpl@3e4b6185, cost 342.122us
2021-08-16 13:11:12,192 [EventQueue-OpenPipelineForHealthyPipelineSafeModeRule] INFO  safemode.SCMSafeModeManager (HealthyPipelineSafeModeRule.java:process(124)) - SCM in safe mode. Healthy pipelines reported count is 0, required healthy pipeline reported count is 1
2021-08-16 13:11:12,192 [EventQueue-PipelineReportForPipelineReportHandler] INFO  pipeline.PipelineManagerImpl (PipelineManagerImpl.java:openPipeline(283)) - Pipeline Pipeline[ Id: 3a798cf3-ec63-4670-bd83-d248bb1166f2, Nodes: 29512a7a-9393-40e5-8a40-953b2282bb1a{ip: 127.0.0.1, host: localhost, ports: [REPLICATION=34631, RATIS=38169, RATIS_ADMIN=38169, RATIS_SERVER=38169, STANDALONE=40629], networkLocation: /default-rack, certSerialId: null, persistedOpState: IN_SERVICE, persistedOpStateExpiryEpochSec: 0}6430af1b-8c1e-4941-b86e-70a611f1e973{ip: 127.0.0.1, host: localhost, ports: [REPLICATION=38051, RATIS=46065, RATIS_ADMIN=46065, RATIS_SERVER=46065, STANDALONE=42265], networkLocation: /default-rack, certSerialId: null, persistedOpState: IN_SERVICE, persistedOpStateExpiryEpochSec: 0}fb992a77-9bc7-4c94-9eee-eafb24dfa6e7{ip: 127.0.0.1, host: localhost, ports: [REPLICATION=39287, RATIS=40407, RATIS_ADMIN=40407, RATIS_SERVER=40407, STANDALONE=35263], networkLocation: /default-rack, certSerialId: null, persistedOpState: IN_SERVICE, persistedOpStateExpiryEpochSec: 0}, ReplicationConfig: RATIS/THREE, State:ALLOCATED, leaderId:fb992a77-9bc7-4c94-9eee-eafb24dfa6e7, CreationTimestamp2021-08-16T13:11:04.863Z[Etc/UTC]] moved to OPEN state
2021-08-16 13:11:12,206 [fb992a77-9bc7-4c94-9eee-eafb24dfa6e7@group-D248BB1166F2-LeaderElection17] INFO  server.RaftServerConfigKeys (ConfUtils.java:logGet(44)) - raft.server.write.element-limit = 1024 (custom)
2021-08-16 13:11:12,206 [fb992a77-9bc7-4c94-9eee-eafb24dfa6e7@group-D248BB1166F2-LeaderElection17] INFO  server.RaftServerConfigKeys (ConfUtils.java:logGet(44)) - raft.server.write.byte-limit = 1024 M (=1073741824) (custom)
2021-08-16 13:11:12,206 [fb992a77-9bc7-4c94-9eee-eafb24dfa6e7@group-D248BB1166F2-LeaderElection17] INFO  server.RaftServerConfigKeys (ConfUtils.java:logGet(44)) - raft.server.watch.timeout = 180s (custom)
2021-08-16 13:11:12,206 [fb992a77-9bc7-4c94-9eee-eafb24dfa6e7@group-D248BB1166F2-LeaderElection17] INFO  server.RaftServerConfigKeys (ConfUtils.java:logGet(44)) - raft.server.watch.timeout.denomination = 1s (default)
2021-08-16 13:11:12,206 [fb992a77-9bc7-4c94-9eee-eafb24dfa6e7@group-D248BB1166F2-LeaderElection17] INFO  server.RaftServerConfigKeys (ConfUtils.java:logGet(44)) - raft.server.watch.element-limit = 65536 (default)
2021-08-16 13:11:12,207 [fb992a77-9bc7-4c94-9eee-eafb24dfa6e7@group-D248BB1166F2-LeaderElection17] INFO  server.RaftServerConfigKeys (ConfUtils.java:logGet(44)) - raft.server.log.appender.snapshot.chunk.size.max = 16MB (=16777216) (default)
2021-08-16 13:11:12,207 [fb992a77-9bc7-4c94-9eee-eafb24dfa6e7@group-D248BB1166F2-LeaderElection17] INFO  server.RaftServerConfigKeys (ConfUtils.java:logGet(44)) - raft.server.log.appender.buffer.byte-limit = 33554432 (custom)
2021-08-16 13:11:12,207 [fb992a77-9bc7-4c94-9eee-eafb24dfa6e7@group-D248BB1166F2-LeaderElection17] INFO  server.RaftServerConfigKeys (ConfUtils.java:logGet(44)) - raft.server.log.appender.buffer.element-limit = 1 (custom)
2021-08-16 13:11:12,207 [fb992a77-9bc7-4c94-9eee-eafb24dfa6e7@group-D248BB1166F2-LeaderElection17] INFO  grpc.GrpcConfigKeys (ConfUtils.java:logGet(44)) - raft.grpc.server.leader.outstanding.appends.max = 128 (default)
2021-08-16 13:11:12,207 [fb992a77-9bc7-4c94-9eee-eafb24dfa6e7@group-D248BB1166F2-LeaderElection17] INFO  server.RaftServerConfigKeys (ConfUtils.java:logGet(44)) - raft.server.rpc.request.timeout = 60s (custom)
2021-08-16 13:11:12,207 [fb992a77-9bc7-4c94-9eee-eafb24dfa6e7@group-D248BB1166F2-LeaderElection17] INFO  server.RaftServerConfigKeys (ConfUtils.java:logGet(44)) - raft.server.log.appender.install.snapshot.enabled = false (custom)
2021-08-16 13:11:12,207 [grpc-default-executor-1] INFO  server.RaftServer$Division (RaftServerImpl.java:requestVote(1043)) - 29512a7a-9393-40e5-8a40-953b2282bb1a@group-D248BB1166F2: receive requestVote(ELECTION, fb992a77-9bc7-4c94-9eee-eafb24dfa6e7, group-D248BB1166F2, 1, (t:0, i:0))
2021-08-16 13:11:12,207 [grpc-default-executor-1] INFO  impl.VoteContext (VoteContext.java:log(48)) - 29512a7a-9393-40e5-8a40-953b2282bb1a@group-D248BB1166F2-CANDIDATE: reject ELECTION from fb992a77-9bc7-4c94-9eee-eafb24dfa6e7: already has voted for 29512a7a-9393-40e5-8a40-953b2282bb1a at current term 1
2021-08-16 13:11:12,207 [grpc-default-executor-1] INFO  server.RaftServer$Division (RaftServerImpl.java:requestVote(1075)) - 29512a7a-9393-40e5-8a40-953b2282bb1a@group-D248BB1166F2 replies to ELECTION vote request: fb992a77-9bc7-4c94-9eee-eafb24dfa6e7<-29512a7a-9393-40e5-8a40-953b2282bb1a#0:FAIL-t1. Peer's state: 29512a7a-9393-40e5-8a40-953b2282bb1a@group-D248BB1166F2:t1, leader=null, voted=29512a7a-9393-40e5-8a40-953b2282bb1a, raftlog=29512a7a-9393-40e5-8a40-953b2282bb1a@group-D248BB1166F2-SegmentedRaftLog:OPENED:c-1,f-1,i0, conf=-1: [6430af1b-8c1e-4941-b86e-70a611f1e973|rpc:127.0.0.1:46065|dataStream:|priority:0, 29512a7a-9393-40e5-8a40-953b2282bb1a|rpc:127.0.0.1:38169|dataStream:|priority:0, fb992a77-9bc7-4c94-9eee-eafb24dfa6e7|rpc:127.0.0.1:40407|dataStream:|priority:1], old=null
2021-08-16 13:11:12,208 [fb992a77-9bc7-4c94-9eee-eafb24dfa6e7@group-D248BB1166F2-LeaderElection17] INFO  server.RaftServerConfigKeys (ConfUtils.java:logGet(44)) - raft.server.log.appender.snapshot.chunk.size.max = 16MB (=16777216) (default)
2021-08-16 13:11:12,208 [fb992a77-9bc7-4c94-9eee-eafb24dfa6e7@group-D248BB1166F2-LeaderElection17] INFO  server.RaftServerConfigKeys (ConfUtils.java:logGet(44)) - raft.server.log.appender.buffer.byte-limit = 33554432 (custom)
2021-08-16 13:11:12,208 [fb992a77-9bc7-4c94-9eee-eafb24dfa6e7@group-D248BB1166F2-LeaderElection17] INFO  server.RaftServerConfigKeys (ConfUtils.java:logGet(44)) - raft.server.log.appender.buffer.element-limit = 1 (custom)
2021-08-16 13:11:12,208 [fb992a77-9bc7-4c94-9eee-eafb24dfa6e7@group-D248BB1166F2-LeaderElection17] INFO  grpc.GrpcConfigKeys (ConfUtils.java:logGet(44)) - raft.grpc.server.leader.outstanding.appends.max = 128 (default)
2021-08-16 13:11:12,208 [fb992a77-9bc7-4c94-9eee-eafb24dfa6e7@group-D248BB1166F2-LeaderElection17] INFO  server.RaftServerConfigKeys (ConfUtils.java:logGet(44)) - raft.server.rpc.request.timeout = 60s (custom)
2021-08-16 13:11:12,208 [fb992a77-9bc7-4c94-9eee-eafb24dfa6e7@group-D248BB1166F2-LeaderElection17] INFO  server.RaftServerConfigKeys (ConfUtils.java:logGet(44)) - raft.server.log.appender.install.snapshot.enabled = false (custom)
2021-08-16 13:11:12,209 [fb992a77-9bc7-4c94-9eee-eafb24dfa6e7@group-D248BB1166F2-LeaderElection17] INFO  impl.RoleInfo (RoleInfo.java:updateAndGet(130)) - fb992a77-9bc7-4c94-9eee-eafb24dfa6e7: start fb992a77-9bc7-4c94-9eee-eafb24dfa6e7@group-D248BB1166F2-LeaderStateImpl
2021-08-16 13:11:12,209 [fb992a77-9bc7-4c94-9eee-eafb24dfa6e7@group-D248BB1166F2-LeaderElection17] INFO  segmented.SegmentedRaftLogWorker (SegmentedRaftLogWorker.java:startLogSegment(394)) - fb992a77-9bc7-4c94-9eee-eafb24dfa6e7@group-D248BB1166F2-SegmentedRaftLogWorker: Starting segment from index:0
2021-08-16 13:11:12,244 [f324fcdd-c742-4882-bf0f-17e5edd5a90a@group-D45398A5843A-StateMachineUpdater] INFO  safemode.HealthyPipelineSafeModeRule (HealthyPipelineSafeModeRule.java:initializeRule(152)) - Refreshed total pipeline count is 1, healthy pipeline threshold count is 1
2021-08-16 13:11:12,244 [fb992a77-9bc7-4c94-9eee-eafb24dfa6e7@group-D248BB1166F2-SegmentedRaftLogWorker] INFO  segmented.SegmentedRaftLogWorker (SegmentedRaftLogWorker.java:execute(601)) - fb992a77-9bc7-4c94-9eee-eafb24dfa6e7@group-D248BB1166F2-SegmentedRaftLogWorker: created new log segment /home/runner/work/ozone/ozone/hadoop-ozone/integration-test/target/test-dir/MiniOzoneClusterImpl-d497f94c-0a77-40f1-b0c4-d45398a5843a/datanode-0/data/ratis/3a798cf3-ec63-4670-bd83-d248bb1166f2/current/log_inprogress_0
2021-08-16 13:11:12,245 [EventQueue-PipelineReportForPipelineReportHandler] INFO  ha.SCMHAInvocationHandler (SCMHAInvocationHandler.java:invokeRatis(113)) - Invoking method public abstract void org.apache.hadoop.hdds.scm.pipeline.StateManager.updatePipelineState(org.apache.hadoop.hdds.protocol.proto.HddsProtos$PipelineID,org.apache.hadoop.hdds.protocol.proto.HddsProtos$PipelineState) throws java.io.IOException on target org.apache.hadoop.hdds.scm.ha.SCMRatisServerImpl@78a76923, cost 52704.477us
2021-08-16 13:11:12,245 [fb992a77-9bc7-4c94-9eee-eafb24dfa6e7@group-B8DBC5B42549-FollowerState] INFO  impl.FollowerState (FollowerState.java:run(134)) - fb992a77-9bc7-4c94-9eee-eafb24dfa6e7@group-B8DBC5B42549-FollowerState: change to CANDIDATE, lastRpcElapsedTime:5027734406ns, electionTimeout:5023ms
2021-08-16 13:11:12,245 [fb992a77-9bc7-4c94-9eee-eafb24dfa6e7@group-B8DBC5B42549-FollowerState] INFO  impl.RoleInfo (RoleInfo.java:shutdownFollowerState(108)) - fb992a77-9bc7-4c94-9eee-eafb24dfa6e7: shutdown fb992a77-9bc7-4c94-9eee-eafb24dfa6e7@group-B8DBC5B42549-FollowerState
2021-08-16 13:11:12,245 [fb992a77-9bc7-4c94-9eee-eafb24dfa6e7@group-B8DBC5B42549-FollowerState] INFO  server.RaftServer$Division (RaftServerImpl.java:setRole(285)) - fb992a77-9bc7-4c94-9eee-eafb24dfa6e7@group-B8DBC5B42549: changes role from  FOLLOWER to CANDIDATE at term 0 for changeToCandidate
2021-08-16 13:11:12,245 [EventQueue-OpenPipelineForHealthyPipelineSafeModeRule] INFO  safemode.SCMSafeModeManager (HealthyPipelineSafeModeRule.java:process(124)) - SCM in safe mode. Healthy pipelines reported count is 1, required healthy pipeline reported count is 1
2021-08-16 13:11:12,245 [EventQueue-OpenPipelineForHealthyPipelineSafeModeRule] INFO  safemode.SCMSafeModeManager (SCMSafeModeManager.java:validateSafeModeExitRules(204)) - HealthyPipelineSafeModeRule rule is successfully validated
2021-08-16 13:11:12,245 [EventQueue-OpenPipelineForHealthyPipelineSafeModeRule] INFO  safemode.SCMSafeModeManager (SCMSafeModeManager.java:validateSafeModeExitRules(219)) - ScmSafeModeManager, all rules are successfully validated
2021-08-16 13:11:12,245 [EventQueue-OpenPipelineForHealthyPipelineSafeModeRule] INFO  safemode.SCMSafeModeManager (SCMSafeModeManager.java:exitSafeMode(248)) - SCM exiting safe mode.
2021-08-16 13:11:12,245 [EventQueue-OpenPipelineForHealthyPipelineSafeModeRule] WARN  events.EventQueue (EventQueue.java:fireEvent(194)) - No event handler registered for event TypedEvent{payloadType=SafeModeStatus, name='Safe mode status'}
2021-08-16 13:11:12,245 [EventQueue-OpenPipelineForHealthyPipelineSafeModeRule] INFO  ha.SCMContext (SCMContext.java:updateSafeModeStatus(205)) - Update SafeModeStatus from SafeModeStatus{safeModeStatus=true, preCheckPassed=true} to SafeModeStatus{safeModeStatus=false, preCheckPassed=true}.
2021-08-16 13:11:12,246 [EventQueue-OpenPipelineForHealthyPipelineSafeModeRule] INFO  container.ReplicationManager (ReplicationManager.java:notifyStatusChanged(1679)) - Service ReplicationManager transitions to RUNNING.
2021-08-16 13:11:12,252 [grpc-default-executor-1] INFO  ratis.XceiverServerRatis (XceiverServerRatis.java:handleLeaderChangedNotification(861)) - Leader change notification received for group: group-D248BB1166F2 with new leaderId: fb992a77-9bc7-4c94-9eee-eafb24dfa6e7
2021-08-16 13:11:12,252 [grpc-default-executor-1] INFO  server.RaftServer$Division (ServerState.java:setLeader(285)) - 6430af1b-8c1e-4941-b86e-70a611f1e973@group-D248BB1166F2: change Leader from null to fb992a77-9bc7-4c94-9eee-eafb24dfa6e7 at term 1 for appendEntries, leader elected after 5091ms
2021-08-16 13:11:12,252 [fb992a77-9bc7-4c94-9eee-eafb24dfa6e7@group-000363879626-LeaderElection19] INFO  impl.LeaderElection (LeaderElection.java:askForVotes(306)) - fb992a77-9bc7-4c94-9eee-eafb24dfa6e7@group-000363879626-LeaderElection19 ELECTION round 0: submit vote requests at term 1 for -1: [fb992a77-9bc7-4c94-9eee-eafb24dfa6e7|rpc:127.0.0.1:40407|priority:1], old=null
2021-08-16 13:11:12,252 [fb992a77-9bc7-4c94-9eee-eafb24dfa6e7@group-000363879626-LeaderElection19] INFO  impl.LeaderElection (LeaderElection.java:askForVotes(308)) - fb992a77-9bc7-4c94-9eee-eafb24dfa6e7@group-000363879626-LeaderElection19 ELECTION round 0: result PASSED (term=1)
2021-08-16 13:11:12,252 [fb992a77-9bc7-4c94-9eee-eafb24dfa6e7@group-000363879626-LeaderElection19] INFO  impl.RoleInfo (RoleInfo.java:shutdownLeaderElection(121)) - fb992a77-9bc7-4c94-9eee-eafb24dfa6e7: shutdown fb992a77-9bc7-4c94-9eee-eafb24dfa6e7@group-000363879626-LeaderElection19
2021-08-16 13:11:12,252 [fb992a77-9bc7-4c94-9eee-eafb24dfa6e7@group-000363879626-LeaderElection19] INFO  server.RaftServer$Division (RaftServerImpl.java:setRole(285)) - fb992a77-9bc7-4c94-9eee-eafb24dfa6e7@group-000363879626: changes role from CANDIDATE to LEADER at term 1 for changeToLeader
2021-08-16 13:11:12,252 [fb992a77-9bc7-4c94-9eee-eafb24dfa6e7@group-000363879626-LeaderElection19] INFO  ratis.XceiverServerRatis (XceiverServerRatis.java:handleLeaderChangedNotification(861)) - Leader change notification received for group: group-000363879626 with new leaderId: fb992a77-9bc7-4c94-9eee-eafb24dfa6e7
2021-08-16 13:11:12,253 [grpc-default-executor-3] INFO  server.RaftServer$Division (RaftServerImpl.java:setRole(285)) - 29512a7a-9393-40e5-8a40-953b2282bb1a@group-D248BB1166F2: changes role from CANDIDATE to FOLLOWER at term 1 for appendEntries
2021-08-16 13:11:12,253 [grpc-default-executor-3] INFO  impl.RoleInfo (RoleInfo.java:shutdownLeaderElection(121)) - 29512a7a-9393-40e5-8a40-953b2282bb1a: shutdown 29512a7a-9393-40e5-8a40-953b2282bb1a@group-D248BB1166F2-LeaderElection18
2021-08-16 13:11:12,253 [fb992a77-9bc7-4c94-9eee-eafb24dfa6e7@group-B8DBC5B42549-FollowerState] INFO  server.RaftServerConfigKeys (ConfUtils.java:logGet(44)) - raft.server.leaderelection.pre-vote = false (custom)
2021-08-16 13:11:12,253 [fb992a77-9bc7-4c94-9eee-eafb24dfa6e7@group-B8DBC5B42549-FollowerState] INFO  impl.RoleInfo (RoleInfo.java:updateAndGet(130)) - fb992a77-9bc7-4c94-9eee-eafb24dfa6e7: start fb992a77-9bc7-4c94-9eee-eafb24dfa6e7@group-B8DBC5B42549-LeaderElection20
2021-08-16 13:11:12,254 [161c1ac7-ff07-4d6f-a20c-3f676ae8d443@group-D45398A5843A-StateMachineUpdater] INFO  safemode.HealthyPipelineSafeModeRule (HealthyPipelineSafeModeRule.java:initializeRule(152)) - Refreshed total pipeline count is 1, healthy pipeline threshold count is 1
2021-08-16 13:11:12,259 [fb992a77-9bc7-4c94-9eee-eafb24dfa6e7@group-D248BB1166F2-LeaderElection17] INFO  server.RaftServer$Division (ServerState.java:setRaftConf(387)) - fb992a77-9bc7-4c94-9eee-eafb24dfa6e7@group-D248BB1166F2: set configuration 0: [6430af1b-8c1e-4941-b86e-70a611f1e973|rpc:127.0.0.1:46065|dataStream:|priority:0, 29512a7a-9393-40e5-8a40-953b2282bb1a|rpc:127.0.0.1:38169|dataStream:|priority:0, fb992a77-9bc7-4c94-9eee-eafb24dfa6e7|rpc:127.0.0.1:40407|dataStream:|priority:1], old=null
2021-08-16 13:11:12,259 [grpc-default-executor-3] INFO  impl.RoleInfo (RoleInfo.java:updateAndGet(130)) - 29512a7a-9393-40e5-8a40-953b2282bb1a: start 29512a7a-9393-40e5-8a40-953b2282bb1a@group-D248BB1166F2-FollowerState
2021-08-16 13:11:12,260 [grpc-default-executor-0] INFO  impl.VoteContext (VoteContext.java:log(48)) - fb992a77-9bc7-4c94-9eee-eafb24dfa6e7@group-D248BB1166F2-LEADER: reject ELECTION from 29512a7a-9393-40e5-8a40-953b2282bb1a: already has voted for fb992a77-9bc7-4c94-9eee-eafb24dfa6e7 at current term 1
2021-08-16 13:11:12,260 [grpc-default-executor-0] INFO  server.RaftServer$Division (RaftServerImpl.java:requestVote(1075)) - fb992a77-9bc7-4c94-9eee-eafb24dfa6e7@group-D248BB1166F2 replies to ELECTION vote request: 29512a7a-9393-40e5-8a40-953b2282bb1a<-fb992a77-9bc7-4c94-9eee-eafb24dfa6e7#0:FAIL-t1. Peer's state: fb992a77-9bc7-4c94-9eee-eafb24dfa6e7@group-D248BB1166F2:t1, leader=fb992a77-9bc7-4c94-9eee-eafb24dfa6e7, voted=fb992a77-9bc7-4c94-9eee-eafb24dfa6e7, raftlog=fb992a77-9bc7-4c94-9eee-eafb24dfa6e7@group-D248BB1166F2-SegmentedRaftLog:OPENED:c0,f0,i0, conf=0: [6430af1b-8c1e-4941-b86e-70a611f1e973|rpc:127.0.0.1:46065|dataStream:|priority:0, 29512a7a-9393-40e5-8a40-953b2282bb1a|rpc:127.0.0.1:38169|dataStream:|priority:0, fb992a77-9bc7-4c94-9eee-eafb24dfa6e7|rpc:127.0.0.1:40407|dataStream:|priority:1], old=null
2021-08-16 13:11:12,260 [fb992a77-9bc7-4c94-9eee-eafb24dfa6e7@group-000363879626-LeaderElection19] INFO  server.RaftServer$Division (ServerState.java:setLeader(285)) - fb992a77-9bc7-4c94-9eee-eafb24dfa6e7@group-000363879626: change Leader from null to fb992a77-9bc7-4c94-9eee-eafb24dfa6e7 at term 1 for becomeLeader, leader elected after 5315ms
2021-08-16 13:11:12,260 [fb992a77-9bc7-4c94-9eee-eafb24dfa6e7@group-000363879626-LeaderElection19] INFO  server.RaftServerConfigKeys (ConfUtils.java:logGet(44)) - raft.server.staging.catchup.gap = 1000 (default)
2021-08-16 13:11:12,260 [fb992a77-9bc7-4c94-9eee-eafb24dfa6e7@group-000363879626-LeaderElection19] INFO  server.RaftServerConfigKeys (ConfUtils.java:logGet(44)) - raft.server.write.element-limit = 1024 (custom)
2021-08-16 13:11:12,260 [fb992a77-9bc7-4c94-9eee-eafb24dfa6e7@group-000363879626-LeaderElection19] INFO  server.RaftServerConfigKeys (ConfUtils.java:logGet(44)) - raft.server.write.byte-limit = 1024 M (=1073741824) (custom)
2021-08-16 13:11:12,260 [fb992a77-9bc7-4c94-9eee-eafb24dfa6e7@group-000363879626-LeaderElection19] INFO  server.RaftServerConfigKeys (ConfUtils.java:logGet(44)) - raft.server.watch.timeout = 180s (custom)
2021-08-16 13:11:12,260 [fb992a77-9bc7-4c94-9eee-eafb24dfa6e7@group-000363879626-LeaderElection19] INFO  server.RaftServerConfigKeys (ConfUtils.java:logGet(44)) - raft.server.watch.timeout.denomination = 1s (default)
2021-08-16 13:11:12,261 [fb992a77-9bc7-4c94-9eee-eafb24dfa6e7@group-000363879626-LeaderElection19] INFO  server.RaftServerConfigKeys (ConfUtils.java:logGet(44)) - raft.server.watch.element-limit = 65536 (default)
2021-08-16 13:11:12,261 [fb992a77-9bc7-4c94-9eee-eafb24dfa6e7@group-000363879626-LeaderElection19] INFO  impl.RoleInfo (RoleInfo.java:updateAndGet(130)) - fb992a77-9bc7-4c94-9eee-eafb24dfa6e7: start fb992a77-9bc7-4c94-9eee-eafb24dfa6e7@group-000363879626-LeaderStateImpl
2021-08-16 13:11:12,261 [fb992a77-9bc7-4c94-9eee-eafb24dfa6e7@group-000363879626-LeaderElection19] INFO  segmented.SegmentedRaftLogWorker (SegmentedRaftLogWorker.java:startLogSegment(394)) - fb992a77-9bc7-4c94-9eee-eafb24dfa6e7@group-000363879626-SegmentedRaftLogWorker: Starting segment from index:0
2021-08-16 13:11:12,263 [EventQueue-OpenPipelineForHealthyPipelineSafeModeRule] INFO  safemode.SCMSafeModeManager (HealthyPipelineSafeModeRule.java:process(124)) - SCM in safe mode. Healthy pipelines reported count is 1, required healthy pipeline reported count is 1
2021-08-16 13:11:12,263 [EventQueue-OpenPipelineForHealthyPipelineSafeModeRule] INFO  safemode.SCMSafeModeManager (SCMSafeModeManager.java:validateSafeModeExitRules(204)) - HealthyPipelineSafeModeRule rule is successfully validated
2021-08-16 13:11:12,263 [EventQueue-OpenPipelineForHealthyPipelineSafeModeRule] INFO  safemode.SCMSafeModeManager (SCMSafeModeManager.java:validateSafeModeExitRules(219)) - ScmSafeModeManager, all rules are successfully validated
2021-08-16 13:11:12,263 [EventQueue-OpenPipelineForHealthyPipelineSafeModeRule] INFO  safemode.SCMSafeModeManager (SCMSafeModeManager.java:exitSafeMode(248)) - SCM exiting safe mode.
2021-08-16 13:11:12,263 [EventQueue-OpenPipelineForHealthyPipelineSafeModeRule] WARN  events.EventQueue (EventQueue.java:fireEvent(194)) - No event handler registered for event TypedEvent{payloadType=SafeModeStatus, name='Safe mode status'}
2021-08-16 13:11:12,263 [EventQueue-OpenPipelineForHealthyPipelineSafeModeRule] INFO  ha.SCMContext (SCMContext.java:updateSafeModeStatus(205)) - Update SafeModeStatus from SafeModeStatus{safeModeStatus=true, preCheckPassed=true} to SafeModeStatus{safeModeStatus=false, preCheckPassed=true}.
2021-08-16 13:11:12,266 [grpc-default-executor-3] INFO  ratis.XceiverServerRatis (XceiverServerRatis.java:handleLeaderChangedNotification(861)) - Leader change notification received for group: group-D248BB1166F2 with new leaderId: fb992a77-9bc7-4c94-9eee-eafb24dfa6e7
2021-08-16 13:11:12,266 [grpc-default-executor-3] INFO  server.RaftServer$Division (ServerState.java:setLeader(285)) - 29512a7a-9393-40e5-8a40-953b2282bb1a@group-D248BB1166F2: change Leader from null to fb992a77-9bc7-4c94-9eee-eafb24dfa6e7 at term 1 for appendEntries, leader elected after 5177ms
2021-08-16 13:11:12,267 [29512a7a-9393-40e5-8a40-953b2282bb1a@group-D248BB1166F2-LeaderElection18] INFO  impl.LeaderElection (LeaderElection.java:logAndReturn(89)) - 29512a7a-9393-40e5-8a40-953b2282bb1a@group-D248BB1166F2-LeaderElection18: ELECTION REJECTED received 2 response(s) and 0 exception(s):
2021-08-16 13:11:12,267 [29512a7a-9393-40e5-8a40-953b2282bb1a@group-D248BB1166F2-LeaderElection18] INFO  impl.LeaderElection (LeaderElection.java:logAndReturn(93)) -   Response 0: 29512a7a-9393-40e5-8a40-953b2282bb1a<-6430af1b-8c1e-4941-b86e-70a611f1e973#0:FAIL-t1
2021-08-16 13:11:12,267 [29512a7a-9393-40e5-8a40-953b2282bb1a@group-D248BB1166F2-LeaderElection18] INFO  impl.LeaderElection (LeaderElection.java:logAndReturn(93)) -   Response 1: 29512a7a-9393-40e5-8a40-953b2282bb1a<-fb992a77-9bc7-4c94-9eee-eafb24dfa6e7#0:FAIL-t1
2021-08-16 13:11:12,267 [29512a7a-9393-40e5-8a40-953b2282bb1a@group-D248BB1166F2-LeaderElection18] INFO  impl.LeaderElection (LeaderElection.java:askForVotes(308)) - 29512a7a-9393-40e5-8a40-953b2282bb1a@group-D248BB1166F2-LeaderElection18 ELECTION round 0: result REJECTED
2021-08-16 13:11:12,273 [grpc-default-executor-1] INFO  server.RaftServer$Division (ServerState.java:setRaftConf(387)) - 6430af1b-8c1e-4941-b86e-70a611f1e973@group-D248BB1166F2: set configuration 0: [6430af1b-8c1e-4941-b86e-70a611f1e973|rpc:127.0.0.1:46065|dataStream:|priority:0, 29512a7a-9393-40e5-8a40-953b2282bb1a|rpc:127.0.0.1:38169|dataStream:|priority:0, fb992a77-9bc7-4c94-9eee-eafb24dfa6e7|rpc:127.0.0.1:40407|dataStream:|priority:1], old=null
2021-08-16 13:11:12,273 [grpc-default-executor-3] INFO  server.RaftServer$Division (ServerState.java:setRaftConf(387)) - 29512a7a-9393-40e5-8a40-953b2282bb1a@group-D248BB1166F2: set configuration 0: [6430af1b-8c1e-4941-b86e-70a611f1e973|rpc:127.0.0.1:46065|dataStream:|priority:0, 29512a7a-9393-40e5-8a40-953b2282bb1a|rpc:127.0.0.1:38169|dataStream:|priority:0, fb992a77-9bc7-4c94-9eee-eafb24dfa6e7|rpc:127.0.0.1:40407|dataStream:|priority:1], old=null
2021-08-16 13:11:12,273 [grpc-default-executor-1] INFO  segmented.SegmentedRaftLogWorker (SegmentedRaftLogWorker.java:startLogSegment(394)) - 6430af1b-8c1e-4941-b86e-70a611f1e973@group-D248BB1166F2-SegmentedRaftLogWorker: Starting segment from index:0
2021-08-16 13:11:12,273 [grpc-default-executor-3] INFO  segmented.SegmentedRaftLogWorker (SegmentedRaftLogWorker.java:startLogSegment(394)) - 29512a7a-9393-40e5-8a40-953b2282bb1a@group-D248BB1166F2-SegmentedRaftLogWorker: Starting segment from index:0
2021-08-16 13:11:12,273 [fb992a77-9bc7-4c94-9eee-eafb24dfa6e7@group-000363879626-LeaderElection19] INFO  server.RaftServer$Division (ServerState.java:setRaftConf(387)) - fb992a77-9bc7-4c94-9eee-eafb24dfa6e7@group-000363879626: set configuration 0: [fb992a77-9bc7-4c94-9eee-eafb24dfa6e7|rpc:127.0.0.1:40407|dataStream:|priority:1], old=null
2021-08-16 13:11:12,275 [fb992a77-9bc7-4c94-9eee-eafb24dfa6e7@group-B8DBC5B42549-LeaderElection20] INFO  impl.LeaderElection (LeaderElection.java:askForVotes(306)) - fb992a77-9bc7-4c94-9eee-eafb24dfa6e7@group-B8DBC5B42549-LeaderElection20 ELECTION round 0: submit vote requests at term 1 for -1: [6430af1b-8c1e-4941-b86e-70a611f1e973|rpc:127.0.0.1:46065|priority:0, 29512a7a-9393-40e5-8a40-953b2282bb1a|rpc:127.0.0.1:38169|priority:1, fb992a77-9bc7-4c94-9eee-eafb24dfa6e7|rpc:127.0.0.1:40407|priority:0], old=null
2021-08-16 13:11:12,275 [fb992a77-9bc7-4c94-9eee-eafb24dfa6e7@group-000363879626-SegmentedRaftLogWorker] INFO  segmented.SegmentedRaftLogWorker (SegmentedRaftLogWorker.java:execute(601)) - fb992a77-9bc7-4c94-9eee-eafb24dfa6e7@group-000363879626-SegmentedRaftLogWorker: created new log segment /home/runner/work/ozone/ozone/hadoop-ozone/integration-test/target/test-dir/MiniOzoneClusterImpl-d497f94c-0a77-40f1-b0c4-d45398a5843a/datanode-0/data/ratis/38d08bd5-3501-4166-9e78-000363879626/current/log_inprogress_0
2021-08-16 13:11:12,287 [grpc-default-executor-0] INFO  server.RaftServer$Division (RaftServerImpl.java:requestVote(1043)) - 6430af1b-8c1e-4941-b86e-70a611f1e973@group-B8DBC5B42549: receive requestVote(ELECTION, fb992a77-9bc7-4c94-9eee-eafb24dfa6e7, group-B8DBC5B42549, 1, (t:0, i:0))
2021-08-16 13:11:12,287 [grpc-default-executor-0] INFO  impl.VoteContext (VoteContext.java:log(48)) - 6430af1b-8c1e-4941-b86e-70a611f1e973@group-B8DBC5B42549-FOLLOWER: accept ELECTION from fb992a77-9bc7-4c94-9eee-eafb24dfa6e7: our priority 0 <= candidate's priority 0
2021-08-16 13:11:12,288 [grpc-default-executor-0] INFO  server.RaftServer$Division (RaftServerImpl.java:setRole(285)) - 6430af1b-8c1e-4941-b86e-70a611f1e973@group-B8DBC5B42549: changes role from  FOLLOWER to FOLLOWER at term 1 for candidate:fb992a77-9bc7-4c94-9eee-eafb24dfa6e7
2021-08-16 13:11:12,288 [grpc-default-executor-0] INFO  impl.RoleInfo (RoleInfo.java:shutdownFollowerState(108)) - 6430af1b-8c1e-4941-b86e-70a611f1e973: shutdown 6430af1b-8c1e-4941-b86e-70a611f1e973@group-B8DBC5B42549-FollowerState
2021-08-16 13:11:12,289 [grpc-default-executor-0] INFO  impl.RoleInfo (RoleInfo.java:updateAndGet(130)) - 6430af1b-8c1e-4941-b86e-70a611f1e973: start 6430af1b-8c1e-4941-b86e-70a611f1e973@group-B8DBC5B42549-FollowerState
2021-08-16 13:11:12,289 [6430af1b-8c1e-4941-b86e-70a611f1e973@group-B8DBC5B42549-FollowerState] INFO  impl.FollowerState (FollowerState.java:run(143)) - 6430af1b-8c1e-4941-b86e-70a611f1e973@group-B8DBC5B42549-FollowerState was interrupted: {}
java.lang.InterruptedException: sleep interrupted
	at java.lang.Thread.sleep(Native Method)
	at java.lang.Thread.sleep(Thread.java:340)
	at java.util.concurrent.TimeUnit.sleep(TimeUnit.java:386)
	at org.apache.ratis.util.TimeDuration.sleep(TimeDuration.java:324)
	at org.apache.ratis.util.TimeDuration.sleep(TimeDuration.java:309)
	at org.apache.ratis.server.impl.FollowerState.run(FollowerState.java:118)
2021-08-16 13:11:12,290 [grpc-default-executor-2] INFO  server.RaftServer$Division (RaftServerImpl.java:requestVote(1043)) - 29512a7a-9393-40e5-8a40-953b2282bb1a@group-B8DBC5B42549: receive requestVote(ELECTION, fb992a77-9bc7-4c94-9eee-eafb24dfa6e7, group-B8DBC5B42549, 1, (t:0, i:0))
2021-08-16 13:11:12,290 [grpc-default-executor-2] INFO  impl.VoteContext (VoteContext.java:log(48)) - 29512a7a-9393-40e5-8a40-953b2282bb1a@group-B8DBC5B42549-FOLLOWER: reject ELECTION from fb992a77-9bc7-4c94-9eee-eafb24dfa6e7: our priority 1 > candidate's priority 0
2021-08-16 13:11:12,290 [grpc-default-executor-2] INFO  server.RaftServer$Division (RaftServerImpl.java:setRole(285)) - 29512a7a-9393-40e5-8a40-953b2282bb1a@group-B8DBC5B42549: changes role from  FOLLOWER to FOLLOWER at term 1 for candidate:fb992a77-9bc7-4c94-9eee-eafb24dfa6e7
2021-08-16 13:11:12,291 [grpc-default-executor-2] INFO  impl.RoleInfo (RoleInfo.java:shutdownFollowerState(108)) - 29512a7a-9393-40e5-8a40-953b2282bb1a: shutdown 29512a7a-9393-40e5-8a40-953b2282bb1a@group-B8DBC5B42549-FollowerState
2021-08-16 13:11:12,303 [29512a7a-9393-40e5-8a40-953b2282bb1a@group-B8DBC5B42549-FollowerState] INFO  impl.FollowerState (FollowerState.java:run(143)) - 29512a7a-9393-40e5-8a40-953b2282bb1a@group-B8DBC5B42549-FollowerState was interrupted: {}
java.lang.InterruptedException: sleep interrupted
	at java.lang.Thread.sleep(Native Method)
	at java.lang.Thread.sleep(Thread.java:340)
	at java.util.concurrent.TimeUnit.sleep(TimeUnit.java:386)
	at org.apache.ratis.util.TimeDuration.sleep(TimeDuration.java:324)
	at org.apache.ratis.util.TimeDuration.sleep(TimeDuration.java:309)
	at org.apache.ratis.server.impl.FollowerState.run(FollowerState.java:118)
2021-08-16 13:11:12,304 [grpc-default-executor-0] INFO  server.RaftServer$Division (RaftServerImpl.java:requestVote(1075)) - 6430af1b-8c1e-4941-b86e-70a611f1e973@group-B8DBC5B42549 replies to ELECTION vote request: fb992a77-9bc7-4c94-9eee-eafb24dfa6e7<-6430af1b-8c1e-4941-b86e-70a611f1e973#0:OK-t1. Peer's state: 6430af1b-8c1e-4941-b86e-70a611f1e973@group-B8DBC5B42549:t1, leader=null, voted=fb992a77-9bc7-4c94-9eee-eafb24dfa6e7, raftlog=6430af1b-8c1e-4941-b86e-70a611f1e973@group-B8DBC5B42549-SegmentedRaftLog:OPENED:c-1,f-1,i0, conf=-1: [6430af1b-8c1e-4941-b86e-70a611f1e973|rpc:127.0.0.1:46065|dataStream:|priority:0, 29512a7a-9393-40e5-8a40-953b2282bb1a|rpc:127.0.0.1:38169|dataStream:|priority:1, fb992a77-9bc7-4c94-9eee-eafb24dfa6e7|rpc:127.0.0.1:40407|dataStream:|priority:0], old=null
2021-08-16 13:11:12,320 [grpc-default-executor-2] INFO  impl.RoleInfo (RoleInfo.java:updateAndGet(130)) - 29512a7a-9393-40e5-8a40-953b2282bb1a: start 29512a7a-9393-40e5-8a40-953b2282bb1a@group-B8DBC5B42549-FollowerState
2021-08-16 13:11:12,333 [grpc-default-executor-2] INFO  server.RaftServer$Division (RaftServerImpl.java:requestVote(1075)) - 29512a7a-9393-40e5-8a40-953b2282bb1a@group-B8DBC5B42549 replies to ELECTION vote request: fb992a77-9bc7-4c94-9eee-eafb24dfa6e7<-29512a7a-9393-40e5-8a40-953b2282bb1a#0:FAIL-t1. Peer's state: 29512a7a-9393-40e5-8a40-953b2282bb1a@group-B8DBC5B42549:t1, leader=null, voted=null, raftlog=29512a7a-9393-40e5-8a40-953b2282bb1a@group-B8DBC5B42549-SegmentedRaftLog:OPENED:c-1,f-1,i0, conf=-1: [6430af1b-8c1e-4941-b86e-70a611f1e973|rpc:127.0.0.1:46065|dataStream:|priority:0, 29512a7a-9393-40e5-8a40-953b2282bb1a|rpc:127.0.0.1:38169|dataStream:|priority:1, fb992a77-9bc7-4c94-9eee-eafb24dfa6e7|rpc:127.0.0.1:40407|dataStream:|priority:0], old=null
2021-08-16 13:11:12,333 [29512a7a-9393-40e5-8a40-953b2282bb1a@group-D248BB1166F2-SegmentedRaftLogWorker] INFO  segmented.SegmentedRaftLogWorker (SegmentedRaftLogWorker.java:execute(601)) - 29512a7a-9393-40e5-8a40-953b2282bb1a@group-D248BB1166F2-SegmentedRaftLogWorker: created new log segment /home/runner/work/ozone/ozone/hadoop-ozone/integration-test/target/test-dir/MiniOzoneClusterImpl-d497f94c-0a77-40f1-b0c4-d45398a5843a/datanode-1/data/ratis/3a798cf3-ec63-4670-bd83-d248bb1166f2/current/log_inprogress_0
2021-08-16 13:11:12,333 [6430af1b-8c1e-4941-b86e-70a611f1e973@group-D248BB1166F2-SegmentedRaftLogWorker] INFO  segmented.SegmentedRaftLogWorker (SegmentedRaftLogWorker.java:execute(601)) - 6430af1b-8c1e-4941-b86e-70a611f1e973@group-D248BB1166F2-SegmentedRaftLogWorker: created new log segment /home/runner/work/ozone/ozone/hadoop-ozone/integration-test/target/test-dir/MiniOzoneClusterImpl-d497f94c-0a77-40f1-b0c4-d45398a5843a/datanode-2/data/ratis/3a798cf3-ec63-4670-bd83-d248bb1166f2/current/log_inprogress_0
2021-08-16 13:11:12,335 [fb992a77-9bc7-4c94-9eee-eafb24dfa6e7@group-B8DBC5B42549-LeaderElection20] INFO  impl.LeaderElection (LeaderElection.java:logAndReturn(89)) - fb992a77-9bc7-4c94-9eee-eafb24dfa6e7@group-B8DBC5B42549-LeaderElection20: ELECTION REJECTED received 2 response(s) and 0 exception(s):
2021-08-16 13:11:12,335 [fb992a77-9bc7-4c94-9eee-eafb24dfa6e7@group-B8DBC5B42549-LeaderElection20] INFO  impl.LeaderElection (LeaderElection.java:logAndReturn(93)) -   Response 0: fb992a77-9bc7-4c94-9eee-eafb24dfa6e7<-6430af1b-8c1e-4941-b86e-70a611f1e973#0:OK-t1
2021-08-16 13:11:12,335 [fb992a77-9bc7-4c94-9eee-eafb24dfa6e7@group-B8DBC5B42549-LeaderElection20] INFO  impl.LeaderElection (LeaderElection.java:logAndReturn(93)) -   Response 1: fb992a77-9bc7-4c94-9eee-eafb24dfa6e7<-29512a7a-9393-40e5-8a40-953b2282bb1a#0:FAIL-t1
2021-08-16 13:11:12,343 [fb992a77-9bc7-4c94-9eee-eafb24dfa6e7@group-B8DBC5B42549-LeaderElection20] INFO  impl.LeaderElection (LeaderElection.java:askForVotes(308)) - fb992a77-9bc7-4c94-9eee-eafb24dfa6e7@group-B8DBC5B42549-LeaderElection20 ELECTION round 0: result REJECTED
2021-08-16 13:11:12,344 [fb992a77-9bc7-4c94-9eee-eafb24dfa6e7@group-B8DBC5B42549-LeaderElection20] INFO  server.RaftServer$Division (RaftServerImpl.java:setRole(285)) - fb992a77-9bc7-4c94-9eee-eafb24dfa6e7@group-B8DBC5B42549: changes role from CANDIDATE to FOLLOWER at term 1 for REJECTED
2021-08-16 13:11:12,344 [fb992a77-9bc7-4c94-9eee-eafb24dfa6e7@group-B8DBC5B42549-LeaderElection20] INFO  impl.RoleInfo (RoleInfo.java:shutdownLeaderElection(121)) - fb992a77-9bc7-4c94-9eee-eafb24dfa6e7: shutdown fb992a77-9bc7-4c94-9eee-eafb24dfa6e7@group-B8DBC5B42549-LeaderElection20
2021-08-16 13:11:12,344 [fb992a77-9bc7-4c94-9eee-eafb24dfa6e7@group-B8DBC5B42549-LeaderElection20] INFO  impl.RoleInfo (RoleInfo.java:updateAndGet(130)) - fb992a77-9bc7-4c94-9eee-eafb24dfa6e7: start fb992a77-9bc7-4c94-9eee-eafb24dfa6e7@group-B8DBC5B42549-FollowerState
2021-08-16 13:11:12,479 [29512a7a-9393-40e5-8a40-953b2282bb1a@group-4BD7AB1D9362-FollowerState] INFO  impl.FollowerState (FollowerState.java:run(134)) - 29512a7a-9393-40e5-8a40-953b2282bb1a@group-4BD7AB1D9362-FollowerState: change to CANDIDATE, lastRpcElapsedTime:5165237074ns, electionTimeout:5156ms
2021-08-16 13:11:12,479 [29512a7a-9393-40e5-8a40-953b2282bb1a@group-4BD7AB1D9362-FollowerState] INFO  impl.RoleInfo (RoleInfo.java:shutdownFollowerState(108)) - 29512a7a-9393-40e5-8a40-953b2282bb1a: shutdown 29512a7a-9393-40e5-8a40-953b2282bb1a@group-4BD7AB1D9362-FollowerState
2021-08-16 13:11:12,479 [29512a7a-9393-40e5-8a40-953b2282bb1a@group-4BD7AB1D9362-FollowerState] INFO  server.RaftServer$Division (RaftServerImpl.java:setRole(285)) - 29512a7a-9393-40e5-8a40-953b2282bb1a@group-4BD7AB1D9362: changes role from  FOLLOWER to CANDIDATE at term 0 for changeToCandidate
2021-08-16 13:11:12,479 [29512a7a-9393-40e5-8a40-953b2282bb1a@group-4BD7AB1D9362-FollowerState] INFO  server.RaftServerConfigKeys (ConfUtils.java:logGet(44)) - raft.server.leaderelection.pre-vote = false (custom)
2021-08-16 13:11:12,479 [29512a7a-9393-40e5-8a40-953b2282bb1a@group-4BD7AB1D9362-FollowerState] INFO  impl.RoleInfo (RoleInfo.java:updateAndGet(130)) - 29512a7a-9393-40e5-8a40-953b2282bb1a: start 29512a7a-9393-40e5-8a40-953b2282bb1a@group-4BD7AB1D9362-LeaderElection21
2021-08-16 13:11:12,497 [29512a7a-9393-40e5-8a40-953b2282bb1a@group-4BD7AB1D9362-LeaderElection21] INFO  impl.LeaderElection (LeaderElection.java:askForVotes(306)) - 29512a7a-9393-40e5-8a40-953b2282bb1a@group-4BD7AB1D9362-LeaderElection21 ELECTION round 0: submit vote requests at term 1 for -1: [29512a7a-9393-40e5-8a40-953b2282bb1a|rpc:127.0.0.1:38169|priority:1], old=null
2021-08-16 13:11:12,497 [29512a7a-9393-40e5-8a40-953b2282bb1a@group-4BD7AB1D9362-LeaderElection21] INFO  impl.LeaderElection (LeaderElection.java:askForVotes(308)) - 29512a7a-9393-40e5-8a40-953b2282bb1a@group-4BD7AB1D9362-LeaderElection21 ELECTION round 0: result PASSED (term=1)
2021-08-16 13:11:12,497 [29512a7a-9393-40e5-8a40-953b2282bb1a@group-4BD7AB1D9362-LeaderElection21] INFO  impl.RoleInfo (RoleInfo.java:shutdownLeaderElection(121)) - 29512a7a-9393-40e5-8a40-953b2282bb1a: shutdown 29512a7a-9393-40e5-8a40-953b2282bb1a@group-4BD7AB1D9362-LeaderElection21
2021-08-16 13:11:12,497 [29512a7a-9393-40e5-8a40-953b2282bb1a@group-4BD7AB1D9362-LeaderElection21] INFO  server.RaftServer$Division (RaftServerImpl.java:setRole(285)) - 29512a7a-9393-40e5-8a40-953b2282bb1a@group-4BD7AB1D9362: changes role from CANDIDATE to LEADER at term 1 for changeToLeader
2021-08-16 13:11:12,497 [29512a7a-9393-40e5-8a40-953b2282bb1a@group-4BD7AB1D9362-LeaderElection21] INFO  ratis.XceiverServerRatis (XceiverServerRatis.java:handleLeaderChangedNotification(861)) - Leader change notification received for group: group-4BD7AB1D9362 with new leaderId: 29512a7a-9393-40e5-8a40-953b2282bb1a
2021-08-16 13:11:12,497 [29512a7a-9393-40e5-8a40-953b2282bb1a@group-4BD7AB1D9362-LeaderElection21] INFO  server.RaftServer$Division (ServerState.java:setLeader(285)) - 29512a7a-9393-40e5-8a40-953b2282bb1a@group-4BD7AB1D9362: change Leader from null to 29512a7a-9393-40e5-8a40-953b2282bb1a at term 1 for becomeLeader, leader elected after 5214ms
2021-08-16 13:11:12,502 [29512a7a-9393-40e5-8a40-953b2282bb1a@group-4BD7AB1D9362-LeaderElection21] INFO  server.RaftServerConfigKeys (ConfUtils.java:logGet(44)) - raft.server.staging.catchup.gap = 1000 (default)
2021-08-16 13:11:12,503 [29512a7a-9393-40e5-8a40-953b2282bb1a@group-4BD7AB1D9362-LeaderElection21] INFO  server.RaftServerConfigKeys (ConfUtils.java:logGet(44)) - raft.server.write.element-limit = 1024 (custom)
2021-08-16 13:11:12,503 [29512a7a-9393-40e5-8a40-953b2282bb1a@group-4BD7AB1D9362-LeaderElection21] INFO  server.RaftServerConfigKeys (ConfUtils.java:logGet(44)) - raft.server.write.byte-limit = 1024 M (=1073741824) (custom)
2021-08-16 13:11:12,510 [29512a7a-9393-40e5-8a40-953b2282bb1a@group-4BD7AB1D9362-LeaderElection21] INFO  server.RaftServerConfigKeys (ConfUtils.java:logGet(44)) - raft.server.watch.timeout = 180s (custom)
2021-08-16 13:11:12,510 [29512a7a-9393-40e5-8a40-953b2282bb1a@group-4BD7AB1D9362-LeaderElection21] INFO  server.RaftServerConfigKeys (ConfUtils.java:logGet(44)) - raft.server.watch.timeout.denomination = 1s (default)
2021-08-16 13:11:12,510 [29512a7a-9393-40e5-8a40-953b2282bb1a@group-4BD7AB1D9362-LeaderElection21] INFO  server.RaftServerConfigKeys (ConfUtils.java:logGet(44)) - raft.server.watch.element-limit = 65536 (default)
2021-08-16 13:11:12,511 [29512a7a-9393-40e5-8a40-953b2282bb1a@group-4BD7AB1D9362-LeaderElection21] INFO  impl.RoleInfo (RoleInfo.java:updateAndGet(130)) - 29512a7a-9393-40e5-8a40-953b2282bb1a: start 29512a7a-9393-40e5-8a40-953b2282bb1a@group-4BD7AB1D9362-LeaderStateImpl
2021-08-16 13:11:12,512 [29512a7a-9393-40e5-8a40-953b2282bb1a@group-4BD7AB1D9362-LeaderElection21] INFO  segmented.SegmentedRaftLogWorker (SegmentedRaftLogWorker.java:startLogSegment(394)) - 29512a7a-9393-40e5-8a40-953b2282bb1a@group-4BD7AB1D9362-SegmentedRaftLogWorker: Starting segment from index:0
2021-08-16 13:11:12,514 [29512a7a-9393-40e5-8a40-953b2282bb1a@group-4BD7AB1D9362-LeaderElection21] INFO  server.RaftServer$Division (ServerState.java:setRaftConf(387)) - 29512a7a-9393-40e5-8a40-953b2282bb1a@group-4BD7AB1D9362: set configuration 0: [29512a7a-9393-40e5-8a40-953b2282bb1a|rpc:127.0.0.1:38169|dataStream:|priority:1], old=null
2021-08-16 13:11:12,516 [29512a7a-9393-40e5-8a40-953b2282bb1a@group-4BD7AB1D9362-SegmentedRaftLogWorker] INFO  segmented.SegmentedRaftLogWorker (SegmentedRaftLogWorker.java:execute(601)) - 29512a7a-9393-40e5-8a40-953b2282bb1a@group-4BD7AB1D9362-SegmentedRaftLogWorker: created new log segment /home/runner/work/ozone/ozone/hadoop-ozone/integration-test/target/test-dir/MiniOzoneClusterImpl-d497f94c-0a77-40f1-b0c4-d45398a5843a/datanode-1/data/ratis/419d1776-be45-4960-946c-4bd7ab1d9362/current/log_inprogress_0
2021-08-16 13:11:12,645 [EndpointStateMachine task thread for /127.0.0.1:15291 - 0 ] INFO  ipc.Client (Client.java:handleConnectionFailure(977)) - Retrying connect to server: localhost/127.0.0.1:15291. Already tried 1 time(s); retry policy is RetryUpToMaximumCountWithFixedSleep(maxRetries=15, sleepTime=1000 MILLISECONDS)
2021-08-16 13:11:12,647 [EndpointStateMachine task thread for /127.0.0.1:15281 - 0 ] INFO  ipc.Client (Client.java:handleConnectionFailure(977)) - Retrying connect to server: localhost/127.0.0.1:15281. Already tried 1 time(s); retry policy is RetryUpToMaximumCountWithFixedSleep(maxRetries=15, sleepTime=1000 MILLISECONDS)
2021-08-16 13:11:12,649 [EndpointStateMachine task thread for /127.0.0.1:15301 - 0 ] INFO  ipc.Client (Client.java:handleConnectionFailure(977)) - Retrying connect to server: localhost/127.0.0.1:15301. Already tried 1 time(s); retry policy is RetryUpToMaximumCountWithFixedSleep(maxRetries=15, sleepTime=1000 MILLISECONDS)
2021-08-16 13:11:12,862 [Listener at 127.0.0.1/13436] INFO  ozone.MiniOzoneClusterImpl (MiniOzoneClusterImpl.java:lambda$waitForClusterToBeReady$0(235)) - Nodes are ready. Got 3 of 3 DN Heartbeats.
2021-08-16 13:11:12,862 [Listener at 127.0.0.1/13436] INFO  ozone.MiniOzoneClusterImpl (MiniOzoneClusterImpl.java:lambda$waitForClusterToBeReady$0(238)) - Cluster exits safe mode
2021-08-16 13:11:12,862 [Listener at 127.0.0.1/13436] INFO  ozone.MiniOzoneClusterImpl (MiniOzoneClusterImpl.java:lambda$waitForClusterToBeReady$0(240)) - SCM became leader
2021-08-16 13:11:12,862 [Listener at 127.0.0.1/13436] INFO  server.StorageContainerManager (StorageContainerManager.java:start(1249)) - StorageContainerLocationProtocol RPC server is listening at /0.0.0.0:13663
2021-08-16 13:11:12,862 [Listener at 127.0.0.1/13436] INFO  ha.SCMRatisServerImpl (SCMRatisServerImpl.java:start(170)) - starting ratis server 0.0.0.0:13660
2021-08-16 13:11:12,863 [Listener at 127.0.0.1/13436] INFO  server.RaftServer$Division (RaftServerImpl.java:start(299)) - d66e294e-0eb7-4194-a364-fc35d68e543c@group-D45398A5843A: start with initializing state, conf=-1: [], old=null
2021-08-16 13:11:12,863 [Listener at 127.0.0.1/13436] INFO  server.RaftServer$Division (RaftServerImpl.java:setRole(285)) - d66e294e-0eb7-4194-a364-fc35d68e543c@group-D45398A5843A: changes role from      null to FOLLOWER at term 0 for startInitializing
2021-08-16 13:11:12,863 [Listener at 127.0.0.1/13436] INFO  util.JmxRegister (JmxRegister.java:tryRegister(44)) - Successfully registered JMX Bean with object name Ratis:service=RaftServer,group=group-D45398A5843A,id=d66e294e-0eb7-4194-a364-fc35d68e543c
2021-08-16 13:11:12,869 [Listener at 127.0.0.1/13436] INFO  server.RaftServer (RaftServerProxy.java:lambda$start$5(374)) - d66e294e-0eb7-4194-a364-fc35d68e543c: start RPC server
2021-08-16 13:11:12,870 [Listener at 127.0.0.1/13436] INFO  server.GrpcService (GrpcService.java:startImpl(253)) - d66e294e-0eb7-4194-a364-fc35d68e543c: GrpcService started, listening on 13660
2021-08-16 13:11:12,875 [Listener at 127.0.0.1/13436] INFO  ha.SCMNodeInfo (SCMNodeInfo.java:getPort(197)) - ConfigKey ozone.scm.client.address is deprecated, For configuring different ports for each SCM use PortConfigKey ozone.scm.client.port appended with serviceId and nodeId
2021-08-16 13:11:12,875 [Listener at 127.0.0.1/13436] INFO  ha.SCMNodeInfo (SCMNodeInfo.java:getPort(197)) - ConfigKey ozone.scm.block.client.address is deprecated, For configuring different ports for each SCM use PortConfigKey ozone.scm.block.client.port appended with serviceId and nodeId
2021-08-16 13:11:12,876 [Listener at 127.0.0.1/13436] INFO  ha.SCMNodeInfo (SCMNodeInfo.java:getPort(197)) - ConfigKey ozone.scm.datanode.address is deprecated, For configuring different ports for each SCM use PortConfigKey ozone.scm.datanode.port appended with serviceId and nodeId
2021-08-16 13:11:12,876 [Listener at 127.0.0.1/13436] INFO  ha.SCMNodeInfo (SCMNodeInfo.java:getPort(197)) - ConfigKey ozone.scm.client.address is deprecated, For configuring different ports for each SCM use PortConfigKey ozone.scm.client.port appended with serviceId and nodeId
2021-08-16 13:11:12,876 [Listener at 127.0.0.1/13436] INFO  ha.SCMNodeInfo (SCMNodeInfo.java:getPort(197)) - ConfigKey ozone.scm.block.client.address is deprecated, For configuring different ports for each SCM use PortConfigKey ozone.scm.block.client.port appended with serviceId and nodeId
2021-08-16 13:11:12,876 [Listener at 127.0.0.1/13436] INFO  ha.SCMNodeInfo (SCMNodeInfo.java:getPort(197)) - ConfigKey ozone.scm.datanode.address is deprecated, For configuring different ports for each SCM use PortConfigKey ozone.scm.datanode.port appended with serviceId and nodeId
2021-08-16 13:11:12,876 [Listener at 127.0.0.1/13436] INFO  ha.SCMNodeInfo (SCMNodeInfo.java:getPort(197)) - ConfigKey ozone.scm.client.address is deprecated, For configuring different ports for each SCM use PortConfigKey ozone.scm.client.port appended with serviceId and nodeId
2021-08-16 13:11:12,876 [Listener at 127.0.0.1/13436] INFO  ha.SCMNodeInfo (SCMNodeInfo.java:getPort(197)) - ConfigKey ozone.scm.block.client.address is deprecated, For configuring different ports for each SCM use PortConfigKey ozone.scm.block.client.port appended with serviceId and nodeId
2021-08-16 13:11:12,876 [Listener at 127.0.0.1/13436] INFO  ha.SCMNodeInfo (SCMNodeInfo.java:getPort(197)) - ConfigKey ozone.scm.datanode.address is deprecated, For configuring different ports for each SCM use PortConfigKey ozone.scm.datanode.port appended with serviceId and nodeId
2021-08-16 13:11:12,878 [org.apache.ratis.util.JvmPauseMonitor$$Lambda$499/1198442960@7aa810b0] INFO  util.JvmPauseMonitor (JvmPauseMonitor.java:run(103)) - JvmPauseMonitor-d66e294e-0eb7-4194-a364-fc35d68e543c: Started
2021-08-16 13:11:12,886 [IPC Server handler 91 on default port 13642] INFO  ha.SCMRatisServerImpl (SCMRatisServerImpl.java:addSCM(280)) - f324fcdd-c742-4882-bf0f-17e5edd5a90a: Submitting SetConfiguration request to Ratis server with new SCM peers list: [161c1ac7-ff07-4d6f-a20c-3f676ae8d443|rpc:localhost:13650|priority:0, f324fcdd-c742-4882-bf0f-17e5edd5a90a|rpc:localhost:13640|admin:|client:|dataStream:|priority:0, d66e294e-0eb7-4194-a364-fc35d68e543c|rpc:localhost:13660|priority:0]
2021-08-16 13:11:12,886 [IPC Server handler 91 on default port 13642] INFO  server.RaftServer$Division (RaftServerImpl.java:setConfigurationAsync(971)) - f324fcdd-c742-4882-bf0f-17e5edd5a90a@group-D45398A5843A: receive setConfiguration SetConfigurationRequest:client-65A2CFF6030C->f324fcdd-c742-4882-bf0f-17e5edd5a90a@group-D45398A5843A, cid=10, seq=0, RW, null, peers:[161c1ac7-ff07-4d6f-a20c-3f676ae8d443|rpc:localhost:13650|priority:0, f324fcdd-c742-4882-bf0f-17e5edd5a90a|rpc:localhost:13640|admin:|client:|dataStream:|priority:0, d66e294e-0eb7-4194-a364-fc35d68e543c|rpc:localhost:13660|priority:0]
2021-08-16 13:11:12,886 [IPC Server handler 91 on default port 13642] INFO  server.RaftServer$Division (LeaderStateImpl.java:startSetConfiguration(345)) - f324fcdd-c742-4882-bf0f-17e5edd5a90a@group-D45398A5843A-LeaderStateImpl: startSetConfiguration SetConfigurationRequest:client-65A2CFF6030C->f324fcdd-c742-4882-bf0f-17e5edd5a90a@group-D45398A5843A, cid=10, seq=0, RW, null, peers:[161c1ac7-ff07-4d6f-a20c-3f676ae8d443|rpc:localhost:13650|priority:0, f324fcdd-c742-4882-bf0f-17e5edd5a90a|rpc:localhost:13640|admin:|client:|dataStream:|priority:0, d66e294e-0eb7-4194-a364-fc35d68e543c|rpc:localhost:13660|priority:0]
2021-08-16 13:11:12,886 [IPC Server handler 91 on default port 13642] INFO  server.RaftServerConfigKeys (ConfUtils.java:logGet(44)) - raft.server.log.appender.snapshot.chunk.size.max = 16MB (=16777216) (default)
2021-08-16 13:11:12,886 [IPC Server handler 91 on default port 13642] INFO  server.RaftServerConfigKeys (ConfUtils.java:logGet(44)) - raft.server.log.appender.buffer.byte-limit = 33554432 (custom)
2021-08-16 13:11:12,886 [IPC Server handler 91 on default port 13642] INFO  server.RaftServerConfigKeys (ConfUtils.java:logGet(44)) - raft.server.log.appender.buffer.element-limit = 33554432 (custom)
2021-08-16 13:11:13,049 [IPC Server handler 91 on default port 13642] INFO  grpc.GrpcConfigKeys (ConfUtils.java:logGet(44)) - raft.grpc.server.leader.outstanding.appends.max = 128 (default)
2021-08-16 13:11:13,049 [6430af1b-8c1e-4941-b86e-70a611f1e973@group-6B6377511CA5-FollowerState] INFO  impl.FollowerState (FollowerState.java:run(134)) - 6430af1b-8c1e-4941-b86e-70a611f1e973@group-6B6377511CA5-FollowerState: change to CANDIDATE, lastRpcElapsedTime:5135116663ns, electionTimeout:5130ms
2021-08-16 13:11:13,049 [IPC Server handler 91 on default port 13642] INFO  server.RaftServerConfigKeys (ConfUtils.java:logGet(44)) - raft.server.rpc.request.timeout = 30000ms (custom)
2021-08-16 13:11:13,049 [IPC Server handler 91 on default port 13642] INFO  server.RaftServerConfigKeys (ConfUtils.java:logGet(44)) - raft.server.log.appender.install.snapshot.enabled = false (custom)
2021-08-16 13:11:13,049 [6430af1b-8c1e-4941-b86e-70a611f1e973@group-6B6377511CA5-FollowerState] INFO  impl.RoleInfo (RoleInfo.java:shutdownFollowerState(108)) - 6430af1b-8c1e-4941-b86e-70a611f1e973: shutdown 6430af1b-8c1e-4941-b86e-70a611f1e973@group-6B6377511CA5-FollowerState
2021-08-16 13:11:13,049 [6430af1b-8c1e-4941-b86e-70a611f1e973@group-6B6377511CA5-FollowerState] INFO  server.RaftServer$Division (RaftServerImpl.java:setRole(285)) - 6430af1b-8c1e-4941-b86e-70a611f1e973@group-6B6377511CA5: changes role from  FOLLOWER to CANDIDATE at term 0 for changeToCandidate
2021-08-16 13:11:13,049 [6430af1b-8c1e-4941-b86e-70a611f1e973@group-6B6377511CA5-FollowerState] INFO  server.RaftServerConfigKeys (ConfUtils.java:logGet(44)) - raft.server.leaderelection.pre-vote = false (custom)
2021-08-16 13:11:13,049 [6430af1b-8c1e-4941-b86e-70a611f1e973@group-6B6377511CA5-FollowerState] INFO  impl.RoleInfo (RoleInfo.java:updateAndGet(130)) - 6430af1b-8c1e-4941-b86e-70a611f1e973: start 6430af1b-8c1e-4941-b86e-70a611f1e973@group-6B6377511CA5-LeaderElection22
2021-08-16 13:11:13,061 [f324fcdd-c742-4882-bf0f-17e5edd5a90a@group-D45398A5843A->d66e294e-0eb7-4194-a364-fc35d68e543c-GrpcLogAppender-LogAppenderDaemon] INFO  server.GrpcLogAppender (GrpcLogAppender.java:installSnapshot(524)) - f324fcdd-c742-4882-bf0f-17e5edd5a90a@group-D45398A5843A->d66e294e-0eb7-4194-a364-fc35d68e543c-GrpcLogAppender: followerNextIndex = 0 but logStartIndex = 1, notify follower to install snapshot-(t:2, i:1)
2021-08-16 13:11:13,061 [f324fcdd-c742-4882-bf0f-17e5edd5a90a@group-D45398A5843A->d66e294e-0eb7-4194-a364-fc35d68e543c-GrpcLogAppender-LogAppenderDaemon] INFO  server.GrpcLogAppender (GrpcLogAppender.java:installSnapshot(532)) - f324fcdd-c742-4882-bf0f-17e5edd5a90a@group-D45398A5843A->d66e294e-0eb7-4194-a364-fc35d68e543c-GrpcLogAppender: send f324fcdd-c742-4882-bf0f-17e5edd5a90a->d66e294e-0eb7-4194-a364-fc35d68e543c#0-t2,notify:(t:2, i:1)
2021-08-16 13:11:13,065 [6430af1b-8c1e-4941-b86e-70a611f1e973@group-6B6377511CA5-LeaderElection22] INFO  impl.LeaderElection (LeaderElection.java:askForVotes(306)) - 6430af1b-8c1e-4941-b86e-70a611f1e973@group-6B6377511CA5-LeaderElection22 ELECTION round 0: submit vote requests at term 1 for -1: [6430af1b-8c1e-4941-b86e-70a611f1e973|rpc:127.0.0.1:46065|priority:1], old=null
2021-08-16 13:11:13,065 [6430af1b-8c1e-4941-b86e-70a611f1e973@group-6B6377511CA5-LeaderElection22] INFO  impl.LeaderElection (LeaderElection.java:askForVotes(308)) - 6430af1b-8c1e-4941-b86e-70a611f1e973@group-6B6377511CA5-LeaderElection22 ELECTION round 0: result PASSED (term=1)
2021-08-16 13:11:13,065 [6430af1b-8c1e-4941-b86e-70a611f1e973@group-6B6377511CA5-LeaderElection22] INFO  impl.RoleInfo (RoleInfo.java:shutdownLeaderElection(121)) - 6430af1b-8c1e-4941-b86e-70a611f1e973: shutdown 6430af1b-8c1e-4941-b86e-70a611f1e973@group-6B6377511CA5-LeaderElection22
2021-08-16 13:11:13,065 [6430af1b-8c1e-4941-b86e-70a611f1e973@group-6B6377511CA5-LeaderElection22] INFO  server.RaftServer$Division (RaftServerImpl.java:setRole(285)) - 6430af1b-8c1e-4941-b86e-70a611f1e973@group-6B6377511CA5: changes role from CANDIDATE to LEADER at term 1 for changeToLeader
2021-08-16 13:11:13,065 [6430af1b-8c1e-4941-b86e-70a611f1e973@group-6B6377511CA5-LeaderElection22] INFO  ratis.XceiverServerRatis (XceiverServerRatis.java:handleLeaderChangedNotification(861)) - Leader change notification received for group: group-6B6377511CA5 with new leaderId: 6430af1b-8c1e-4941-b86e-70a611f1e973
2021-08-16 13:11:13,066 [6430af1b-8c1e-4941-b86e-70a611f1e973@group-6B6377511CA5-LeaderElection22] INFO  server.RaftServer$Division (ServerState.java:setLeader(285)) - 6430af1b-8c1e-4941-b86e-70a611f1e973@group-6B6377511CA5: change Leader from null to 6430af1b-8c1e-4941-b86e-70a611f1e973 at term 1 for becomeLeader, leader elected after 5206ms
2021-08-16 13:11:13,066 [6430af1b-8c1e-4941-b86e-70a611f1e973@group-6B6377511CA5-LeaderElection22] INFO  server.RaftServerConfigKeys (ConfUtils.java:logGet(44)) - raft.server.staging.catchup.gap = 1000 (default)
2021-08-16 13:11:13,066 [6430af1b-8c1e-4941-b86e-70a611f1e973@group-6B6377511CA5-LeaderElection22] INFO  server.RaftServerConfigKeys (ConfUtils.java:logGet(44)) - raft.server.write.element-limit = 1024 (custom)
2021-08-16 13:11:13,066 [6430af1b-8c1e-4941-b86e-70a611f1e973@group-6B6377511CA5-LeaderElection22] INFO  server.RaftServerConfigKeys (ConfUtils.java:logGet(44)) - raft.server.write.byte-limit = 1024 M (=1073741824) (custom)
2021-08-16 13:11:13,066 [6430af1b-8c1e-4941-b86e-70a611f1e973@group-6B6377511CA5-LeaderElection22] INFO  server.RaftServerConfigKeys (ConfUtils.java:logGet(44)) - raft.server.watch.timeout = 180s (custom)
2021-08-16 13:11:13,067 [6430af1b-8c1e-4941-b86e-70a611f1e973@group-6B6377511CA5-LeaderElection22] INFO  server.RaftServerConfigKeys (ConfUtils.java:logGet(44)) - raft.server.watch.timeout.denomination = 1s (default)
2021-08-16 13:11:13,067 [6430af1b-8c1e-4941-b86e-70a611f1e973@group-6B6377511CA5-LeaderElection22] INFO  server.RaftServerConfigKeys (ConfUtils.java:logGet(44)) - raft.server.watch.element-limit = 65536 (default)
2021-08-16 13:11:13,067 [6430af1b-8c1e-4941-b86e-70a611f1e973@group-6B6377511CA5-LeaderElection22] INFO  impl.RoleInfo (RoleInfo.java:updateAndGet(130)) - 6430af1b-8c1e-4941-b86e-70a611f1e973: start 6430af1b-8c1e-4941-b86e-70a611f1e973@group-6B6377511CA5-LeaderStateImpl
2021-08-16 13:11:13,067 [6430af1b-8c1e-4941-b86e-70a611f1e973@group-6B6377511CA5-LeaderElection22] INFO  segmented.SegmentedRaftLogWorker (SegmentedRaftLogWorker.java:startLogSegment(394)) - 6430af1b-8c1e-4941-b86e-70a611f1e973@group-6B6377511CA5-SegmentedRaftLogWorker: Starting segment from index:0
2021-08-16 13:11:13,080 [6430af1b-8c1e-4941-b86e-70a611f1e973@group-6B6377511CA5-SegmentedRaftLogWorker] INFO  segmented.SegmentedRaftLogWorker (SegmentedRaftLogWorker.java:execute(601)) - 6430af1b-8c1e-4941-b86e-70a611f1e973@group-6B6377511CA5-SegmentedRaftLogWorker: created new log segment /home/runner/work/ozone/ozone/hadoop-ozone/integration-test/target/test-dir/MiniOzoneClusterImpl-d497f94c-0a77-40f1-b0c4-d45398a5843a/datanode-2/data/ratis/277154f8-762a-44b4-811b-6b6377511ca5/current/log_inprogress_0
2021-08-16 13:11:13,087 [grpc-default-executor-4] INFO  server.RaftServer$Division (RaftServerImpl.java:installSnapshot(1329)) - d66e294e-0eb7-4194-a364-fc35d68e543c@group-D45398A5843A: receive installSnapshot: f324fcdd-c742-4882-bf0f-17e5edd5a90a->d66e294e-0eb7-4194-a364-fc35d68e543c#0-t2,notify:(t:2, i:1)
2021-08-16 13:11:13,089 [grpc-default-executor-4] INFO  ha.SCMStateMachine (SCMStateMachine.java:notifyLeaderChanged(248)) - leader changed, yet current SCM is still follower.
2021-08-16 13:11:13,089 [grpc-default-executor-4] INFO  server.RaftServer$Division (ServerState.java:setLeader(285)) - d66e294e-0eb7-4194-a364-fc35d68e543c@group-D45398A5843A: change Leader from null to f324fcdd-c742-4882-bf0f-17e5edd5a90a at term 2 for installSnapshot, leader elected after 14865ms
2021-08-16 13:11:13,089 [grpc-default-executor-4] INFO  server.RaftServer$Division (RaftServerImpl.java:notifyStateMachineToInstallSnapshot(1581)) - d66e294e-0eb7-4194-a364-fc35d68e543c@group-D45398A5843A: notifyInstallSnapshot: nextIndex is 0 but the leader's first available index is 1.
2021-08-16 13:11:13,089 [grpc-default-executor-4] INFO  ha.SCMStateMachine (SCMStateMachine.java:notifyInstallSnapshotFromLeader(212)) - Received install snapshot notification from SCM leader: localhost:13640 with term index: (t:2, i:1)
2021-08-16 13:11:13,091 [6430af1b-8c1e-4941-b86e-70a611f1e973@group-6B6377511CA5-LeaderElection22] INFO  server.RaftServer$Division (ServerState.java:setRaftConf(387)) - 6430af1b-8c1e-4941-b86e-70a611f1e973@group-6B6377511CA5: set configuration 0: [6430af1b-8c1e-4941-b86e-70a611f1e973|rpc:127.0.0.1:46065|dataStream:|priority:1], old=null
2021-08-16 13:11:13,102 [grpc-default-executor-4] INFO  server.RaftServer$Division (RaftServerImpl.java:installSnapshotImpl(1459)) - d66e294e-0eb7-4194-a364-fc35d68e543c@group-D45398A5843A: set new configuration index: 5
configurationEntry {
  peers {
    id: "161c1ac7-ff07-4d6f-a20c-3f676ae8d443"
    address: "localhost:13650"
  }
  peers {
    id: "f324fcdd-c742-4882-bf0f-17e5edd5a90a"
    address: "localhost:13640"
  }
}
 from snapshot
2021-08-16 13:11:13,102 [grpc-default-executor-4] INFO  server.RaftServer$Division (ServerState.java:setRaftConf(387)) - d66e294e-0eb7-4194-a364-fc35d68e543c@group-D45398A5843A: set configuration 5: [161c1ac7-ff07-4d6f-a20c-3f676ae8d443|rpc:localhost:13650|admin:|client:|dataStream:|priority:0, f324fcdd-c742-4882-bf0f-17e5edd5a90a|rpc:localhost:13640|admin:|client:|dataStream:|priority:0], old=null
2021-08-16 13:11:13,103 [grpc-default-executor-4] INFO  server.RaftServer$Division (RaftServerImpl.java:installSnapshot(1340)) - d66e294e-0eb7-4194-a364-fc35d68e543c@group-D45398A5843A: reply installSnapshot: f324fcdd-c742-4882-bf0f-17e5edd5a90a<-d66e294e-0eb7-4194-a364-fc35d68e543c#0:FAIL-t0,IN_PROGRESS
2021-08-16 13:11:13,103 [grpc-default-executor-4] INFO  server.GrpcServerProtocolService (GrpcServerProtocolService.java:onCompleted(140)) - d66e294e-0eb7-4194-a364-fc35d68e543c: Completed INSTALL_SNAPSHOT, lastRequest: f324fcdd-c742-4882-bf0f-17e5edd5a90a->d66e294e-0eb7-4194-a364-fc35d68e543c#0-t2,notify:(t:2, i:1)
2021-08-16 13:11:13,109 [grpc-default-executor-2] INFO  server.GrpcLogAppender (GrpcLogAppender.java:onNext(400)) - f324fcdd-c742-4882-bf0f-17e5edd5a90a@group-D45398A5843A->d66e294e-0eb7-4194-a364-fc35d68e543c-InstallSnapshotResponseHandler: received the first reply f324fcdd-c742-4882-bf0f-17e5edd5a90a<-d66e294e-0eb7-4194-a364-fc35d68e543c#0:FAIL-t0,IN_PROGRESS
2021-08-16 13:11:13,109 [grpc-default-executor-2] INFO  server.GrpcLogAppender (GrpcLogAppender.java:onNext(417)) - f324fcdd-c742-4882-bf0f-17e5edd5a90a@group-D45398A5843A->d66e294e-0eb7-4194-a364-fc35d68e543c-InstallSnapshotResponseHandler: InstallSnapshot in progress.
2021-08-16 13:11:13,111 [f324fcdd-c742-4882-bf0f-17e5edd5a90a@group-D45398A5843A->d66e294e-0eb7-4194-a364-fc35d68e543c-GrpcLogAppender-LogAppenderDaemon] INFO  server.GrpcLogAppender (GrpcLogAppender.java:installSnapshot(524)) - f324fcdd-c742-4882-bf0f-17e5edd5a90a@group-D45398A5843A->d66e294e-0eb7-4194-a364-fc35d68e543c-GrpcLogAppender: followerNextIndex = 0 but logStartIndex = 1, notify follower to install snapshot-(t:2, i:1)
2021-08-16 13:11:13,111 [f324fcdd-c742-4882-bf0f-17e5edd5a90a@group-D45398A5843A->d66e294e-0eb7-4194-a364-fc35d68e543c-GrpcLogAppender-LogAppenderDaemon] INFO  server.GrpcLogAppender (GrpcLogAppender.java:installSnapshot(532)) - f324fcdd-c742-4882-bf0f-17e5edd5a90a@group-D45398A5843A->d66e294e-0eb7-4194-a364-fc35d68e543c-GrpcLogAppender: send f324fcdd-c742-4882-bf0f-17e5edd5a90a->d66e294e-0eb7-4194-a364-fc35d68e543c#0-t2,notify:(t:2, i:1)
2021-08-16 13:11:13,113 [grpc-default-executor-4] INFO  server.RaftServer$Division (RaftServerImpl.java:installSnapshot(1329)) - d66e294e-0eb7-4194-a364-fc35d68e543c@group-D45398A5843A: receive installSnapshot: f324fcdd-c742-4882-bf0f-17e5edd5a90a->d66e294e-0eb7-4194-a364-fc35d68e543c#0-t2,notify:(t:2, i:1)
2021-08-16 13:11:13,113 [grpc-default-executor-4] INFO  server.RaftServer$Division (RaftServerImpl.java:notifyStateMachineToInstallSnapshot(1611)) - d66e294e-0eb7-4194-a364-fc35d68e543c@group-D45398A5843A: Snapshot Installation by StateMachine is in progress.
2021-08-16 13:11:13,113 [grpc-default-executor-4] INFO  server.RaftServer$Division (RaftServerImpl.java:installSnapshotImpl(1459)) - d66e294e-0eb7-4194-a364-fc35d68e543c@group-D45398A5843A: set new configuration index: 5
configurationEntry {
  peers {
    id: "161c1ac7-ff07-4d6f-a20c-3f676ae8d443"
    address: "localhost:13650"
  }
  peers {
    id: "f324fcdd-c742-4882-bf0f-17e5edd5a90a"
    address: "localhost:13640"
  }
}
 from snapshot
2021-08-16 13:11:13,113 [grpc-default-executor-4] INFO  server.RaftServer$Division (ServerState.java:setRaftConf(387)) - d66e294e-0eb7-4194-a364-fc35d68e543c@group-D45398A5843A: set configuration 5: [161c1ac7-ff07-4d6f-a20c-3f676ae8d443|rpc:localhost:13650|admin:|client:|dataStream:|priority:0, f324fcdd-c742-4882-bf0f-17e5edd5a90a|rpc:localhost:13640|admin:|client:|dataStream:|priority:0], old=null
2021-08-16 13:11:13,114 [grpc-default-executor-4] INFO  server.RaftServer$Division (RaftServerImpl.java:installSnapshot(1340)) - d66e294e-0eb7-4194-a364-fc35d68e543c@group-D45398A5843A: reply installSnapshot: f324fcdd-c742-4882-bf0f-17e5edd5a90a<-d66e294e-0eb7-4194-a364-fc35d68e543c#0:FAIL-t2,IN_PROGRESS
2021-08-16 13:11:13,114 [grpc-default-executor-4] INFO  server.GrpcServerProtocolService (GrpcServerProtocolService.java:onCompleted(140)) - d66e294e-0eb7-4194-a364-fc35d68e543c: Completed INSTALL_SNAPSHOT, lastRequest: f324fcdd-c742-4882-bf0f-17e5edd5a90a->d66e294e-0eb7-4194-a364-fc35d68e543c#0-t2,notify:(t:2, i:1)
2021-08-16 13:11:13,114 [pool-222-thread-1] INFO  ha.SCMHAManagerImpl (SCMHAManagerImpl.java:getDBCheckpointFromLeader(206)) - Downloading checkpoint from leader SCM scmNode-1 and reloading state from the checkpoint.
2021-08-16 13:11:13,115 [grpc-default-executor-2] INFO  server.GrpcLogAppender (GrpcLogAppender.java:onNext(400)) - f324fcdd-c742-4882-bf0f-17e5edd5a90a@group-D45398A5843A->d66e294e-0eb7-4194-a364-fc35d68e543c-InstallSnapshotResponseHandler: received a reply f324fcdd-c742-4882-bf0f-17e5edd5a90a<-d66e294e-0eb7-4194-a364-fc35d68e543c#0:FAIL-t2,IN_PROGRESS
2021-08-16 13:11:13,115 [grpc-default-executor-2] INFO  server.GrpcLogAppender (GrpcLogAppender.java:onNext(417)) - f324fcdd-c742-4882-bf0f-17e5edd5a90a@group-D45398A5843A->d66e294e-0eb7-4194-a364-fc35d68e543c-InstallSnapshotResponseHandler: InstallSnapshot in progress.
2021-08-16 13:11:13,118 [grpc-default-executor-5] INFO  impl.RoleInfo (RoleInfo.java:updateAndGet(130)) - d66e294e-0eb7-4194-a364-fc35d68e543c: start d66e294e-0eb7-4194-a364-fc35d68e543c@group-D45398A5843A-FollowerState
2021-08-16 13:11:13,118 [grpc-default-executor-5] INFO  server.RaftServer$Division (RaftServerImpl.java:checkInconsistentAppendEntries(1293)) - d66e294e-0eb7-4194-a364-fc35d68e543c@group-D45398A5843A: Failed appendEntries as snapshot ((t:2, i:1)) installation is in progress
2021-08-16 13:11:13,118 [grpc-default-executor-5] INFO  server.RaftServer$Division (RaftServerImpl.java:checkInconsistentAppendEntries(1285)) - d66e294e-0eb7-4194-a364-fc35d68e543c@group-D45398A5843A: inconsistency entries. Reply:f324fcdd-c742-4882-bf0f-17e5edd5a90a<-d66e294e-0eb7-4194-a364-fc35d68e543c#0:FAIL-t2,INCONSISTENCY,nextIndex=0,followerCommit=-1
2021-08-16 13:11:13,119 [grpc-default-executor-5] INFO  leader.FollowerInfo (FollowerInfoImpl.java:lambda$new$0(46)) - f324fcdd-c742-4882-bf0f-17e5edd5a90a@group-D45398A5843A->d66e294e-0eb7-4194-a364-fc35d68e543c: nextIndex: updateUnconditionally 0 -> 0
2021-08-16 13:11:13,124 [f324fcdd-c742-4882-bf0f-17e5edd5a90a@group-D45398A5843A->d66e294e-0eb7-4194-a364-fc35d68e543c-GrpcLogAppender-LogAppenderDaemon] INFO  server.GrpcLogAppender (GrpcLogAppender.java:installSnapshot(524)) - f324fcdd-c742-4882-bf0f-17e5edd5a90a@group-D45398A5843A->d66e294e-0eb7-4194-a364-fc35d68e543c-GrpcLogAppender: followerNextIndex = 0 but logStartIndex = 1, notify follower to install snapshot-(t:2, i:1)
2021-08-16 13:11:13,124 [f324fcdd-c742-4882-bf0f-17e5edd5a90a@group-D45398A5843A->d66e294e-0eb7-4194-a364-fc35d68e543c-GrpcLogAppender-LogAppenderDaemon] INFO  server.GrpcLogAppender (GrpcLogAppender.java:installSnapshot(532)) - f324fcdd-c742-4882-bf0f-17e5edd5a90a@group-D45398A5843A->d66e294e-0eb7-4194-a364-fc35d68e543c-GrpcLogAppender: send f324fcdd-c742-4882-bf0f-17e5edd5a90a->d66e294e-0eb7-4194-a364-fc35d68e543c#0-t2,notify:(t:2, i:1)
2021-08-16 13:11:13,125 [grpc-default-executor-4] INFO  server.RaftServer$Division (RaftServerImpl.java:checkInconsistentAppendEntries(1293)) - d66e294e-0eb7-4194-a364-fc35d68e543c@group-D45398A5843A: Failed appendEntries as snapshot ((t:2, i:1)) installation is in progress
2021-08-16 13:11:13,125 [grpc-default-executor-4] INFO  server.RaftServer$Division (RaftServerImpl.java:checkInconsistentAppendEntries(1285)) - d66e294e-0eb7-4194-a364-fc35d68e543c@group-D45398A5843A: inconsistency entries. Reply:f324fcdd-c742-4882-bf0f-17e5edd5a90a<-d66e294e-0eb7-4194-a364-fc35d68e543c#1:FAIL-t2,INCONSISTENCY,nextIndex=0,followerCommit=-1
2021-08-16 13:11:13,126 [grpc-default-executor-5] INFO  server.RaftServer$Division (RaftServerImpl.java:installSnapshot(1329)) - d66e294e-0eb7-4194-a364-fc35d68e543c@group-D45398A5843A: receive installSnapshot: f324fcdd-c742-4882-bf0f-17e5edd5a90a->d66e294e-0eb7-4194-a364-fc35d68e543c#0-t2,notify:(t:2, i:1)
2021-08-16 13:11:13,126 [grpc-default-executor-5] INFO  server.RaftServer$Division (RaftServerImpl.java:notifyStateMachineToInstallSnapshot(1611)) - d66e294e-0eb7-4194-a364-fc35d68e543c@group-D45398A5843A: Snapshot Installation by StateMachine is in progress.
2021-08-16 13:11:13,126 [grpc-default-executor-5] INFO  server.RaftServer$Division (RaftServerImpl.java:installSnapshotImpl(1459)) - d66e294e-0eb7-4194-a364-fc35d68e543c@group-D45398A5843A: set new configuration index: 5
configurationEntry {
  peers {
    id: "161c1ac7-ff07-4d6f-a20c-3f676ae8d443"
    address: "localhost:13650"
  }
  peers {
    id: "f324fcdd-c742-4882-bf0f-17e5edd5a90a"
    address: "localhost:13640"
  }
}
 from snapshot
2021-08-16 13:11:13,129 [grpc-default-executor-5] INFO  server.RaftServer$Division (ServerState.java:setRaftConf(387)) - d66e294e-0eb7-4194-a364-fc35d68e543c@group-D45398A5843A: set configuration 5: [161c1ac7-ff07-4d6f-a20c-3f676ae8d443|rpc:localhost:13650|admin:|client:|dataStream:|priority:0, f324fcdd-c742-4882-bf0f-17e5edd5a90a|rpc:localhost:13640|admin:|client:|dataStream:|priority:0], old=null
2021-08-16 13:11:13,130 [grpc-default-executor-5] INFO  server.RaftServer$Division (RaftServerImpl.java:installSnapshot(1340)) - d66e294e-0eb7-4194-a364-fc35d68e543c@group-D45398A5843A: reply installSnapshot: f324fcdd-c742-4882-bf0f-17e5edd5a90a<-d66e294e-0eb7-4194-a364-fc35d68e543c#0:FAIL-t2,IN_PROGRESS
2021-08-16 13:11:13,130 [grpc-default-executor-4] INFO  leader.FollowerInfo (FollowerInfoImpl.java:lambda$new$0(46)) - f324fcdd-c742-4882-bf0f-17e5edd5a90a@group-D45398A5843A->d66e294e-0eb7-4194-a364-fc35d68e543c: nextIndex: updateUnconditionally 0 -> 0
2021-08-16 13:11:13,130 [grpc-default-executor-5] INFO  server.GrpcServerProtocolService (GrpcServerProtocolService.java:onCompleted(140)) - d66e294e-0eb7-4194-a364-fc35d68e543c: Completed INSTALL_SNAPSHOT, lastRequest: f324fcdd-c742-4882-bf0f-17e5edd5a90a->d66e294e-0eb7-4194-a364-fc35d68e543c#0-t2,notify:(t:2, i:1)
2021-08-16 13:11:13,130 [grpc-default-executor-4] INFO  server.GrpcLogAppender (GrpcLogAppender.java:onNext(400)) - f324fcdd-c742-4882-bf0f-17e5edd5a90a@group-D45398A5843A->d66e294e-0eb7-4194-a364-fc35d68e543c-InstallSnapshotResponseHandler: received a reply f324fcdd-c742-4882-bf0f-17e5edd5a90a<-d66e294e-0eb7-4194-a364-fc35d68e543c#0:FAIL-t2,IN_PROGRESS
2021-08-16 13:11:13,130 [grpc-default-executor-4] INFO  server.GrpcLogAppender (GrpcLogAppender.java:onNext(417)) - f324fcdd-c742-4882-bf0f-17e5edd5a90a@group-D45398A5843A->d66e294e-0eb7-4194-a364-fc35d68e543c-InstallSnapshotResponseHandler: InstallSnapshot in progress.
2021-08-16 13:11:13,132 [f324fcdd-c742-4882-bf0f-17e5edd5a90a@group-D45398A5843A->d66e294e-0eb7-4194-a364-fc35d68e543c-GrpcLogAppender-LogAppenderDaemon] INFO  server.GrpcLogAppender (GrpcLogAppender.java:installSnapshot(524)) - f324fcdd-c742-4882-bf0f-17e5edd5a90a@group-D45398A5843A->d66e294e-0eb7-4194-a364-fc35d68e543c-GrpcLogAppender: followerNextIndex = 0 but logStartIndex = 1, notify follower to install snapshot-(t:2, i:1)
2021-08-16 13:11:13,132 [f324fcdd-c742-4882-bf0f-17e5edd5a90a@group-D45398A5843A->d66e294e-0eb7-4194-a364-fc35d68e543c-GrpcLogAppender-LogAppenderDaemon] INFO  server.GrpcLogAppender (GrpcLogAppender.java:installSnapshot(532)) - f324fcdd-c742-4882-bf0f-17e5edd5a90a@group-D45398A5843A->d66e294e-0eb7-4194-a364-fc35d68e543c-GrpcLogAppender: send f324fcdd-c742-4882-bf0f-17e5edd5a90a->d66e294e-0eb7-4194-a364-fc35d68e543c#0-t2,notify:(t:2, i:1)
2021-08-16 13:11:13,133 [grpc-default-executor-4] INFO  server.RaftServer$Division (RaftServerImpl.java:installSnapshot(1329)) - d66e294e-0eb7-4194-a364-fc35d68e543c@group-D45398A5843A: receive installSnapshot: f324fcdd-c742-4882-bf0f-17e5edd5a90a->d66e294e-0eb7-4194-a364-fc35d68e543c#0-t2,notify:(t:2, i:1)
2021-08-16 13:11:13,133 [grpc-default-executor-4] INFO  server.RaftServer$Division (RaftServerImpl.java:notifyStateMachineToInstallSnapshot(1611)) - d66e294e-0eb7-4194-a364-fc35d68e543c@group-D45398A5843A: Snapshot Installation by StateMachine is in progress.
2021-08-16 13:11:13,134 [grpc-default-executor-4] INFO  server.RaftServer$Division (RaftServerImpl.java:installSnapshotImpl(1459)) - d66e294e-0eb7-4194-a364-fc35d68e543c@group-D45398A5843A: set new configuration index: 5
configurationEntry {
  peers {
    id: "161c1ac7-ff07-4d6f-a20c-3f676ae8d443"
    address: "localhost:13650"
  }
  peers {
    id: "f324fcdd-c742-4882-bf0f-17e5edd5a90a"
    address: "localhost:13640"
  }
}
 from snapshot
2021-08-16 13:11:13,134 [grpc-default-executor-4] INFO  server.RaftServer$Division (ServerState.java:setRaftConf(387)) - d66e294e-0eb7-4194-a364-fc35d68e543c@group-D45398A5843A: set configuration 5: [161c1ac7-ff07-4d6f-a20c-3f676ae8d443|rpc:localhost:13650|admin:|client:|dataStream:|priority:0, f324fcdd-c742-4882-bf0f-17e5edd5a90a|rpc:localhost:13640|admin:|client:|dataStream:|priority:0], old=null
2021-08-16 13:11:13,134 [grpc-default-executor-4] INFO  server.RaftServer$Division (RaftServerImpl.java:installSnapshot(1340)) - d66e294e-0eb7-4194-a364-fc35d68e543c@group-D45398A5843A: reply installSnapshot: f324fcdd-c742-4882-bf0f-17e5edd5a90a<-d66e294e-0eb7-4194-a364-fc35d68e543c#0:FAIL-t2,IN_PROGRESS
2021-08-16 13:11:13,134 [grpc-default-executor-4] INFO  server.GrpcServerProtocolService (GrpcServerProtocolService.java:onCompleted(140)) - d66e294e-0eb7-4194-a364-fc35d68e543c: Completed INSTALL_SNAPSHOT, lastRequest: f324fcdd-c742-4882-bf0f-17e5edd5a90a->d66e294e-0eb7-4194-a364-fc35d68e543c#0-t2,notify:(t:2, i:1)
2021-08-16 13:11:13,135 [grpc-default-executor-2] INFO  server.GrpcLogAppender (GrpcLogAppender.java:onNext(400)) - f324fcdd-c742-4882-bf0f-17e5edd5a90a@group-D45398A5843A->d66e294e-0eb7-4194-a364-fc35d68e543c-InstallSnapshotResponseHandler: received a reply f324fcdd-c742-4882-bf0f-17e5edd5a90a<-d66e294e-0eb7-4194-a364-fc35d68e543c#0:FAIL-t2,IN_PROGRESS
2021-08-16 13:11:13,135 [grpc-default-executor-2] INFO  server.GrpcLogAppender (GrpcLogAppender.java:onNext(417)) - f324fcdd-c742-4882-bf0f-17e5edd5a90a@group-D45398A5843A->d66e294e-0eb7-4194-a364-fc35d68e543c-InstallSnapshotResponseHandler: InstallSnapshot in progress.
2021-08-16 13:11:13,135 [grpc-default-executor-5] INFO  server.RaftServer$Division (RaftServerImpl.java:checkInconsistentAppendEntries(1293)) - d66e294e-0eb7-4194-a364-fc35d68e543c@group-D45398A5843A: Failed appendEntries as snapshot ((t:2, i:1)) installation is in progress
2021-08-16 13:11:13,135 [grpc-default-executor-5] INFO  server.RaftServer$Division (RaftServerImpl.java:checkInconsistentAppendEntries(1285)) - d66e294e-0eb7-4194-a364-fc35d68e543c@group-D45398A5843A: inconsistency entries. Reply:f324fcdd-c742-4882-bf0f-17e5edd5a90a<-d66e294e-0eb7-4194-a364-fc35d68e543c#2:FAIL-t2,INCONSISTENCY,nextIndex=0,followerCommit=-1
2021-08-16 13:11:13,135 [grpc-default-executor-4] INFO  leader.FollowerInfo (FollowerInfoImpl.java:lambda$new$0(46)) - f324fcdd-c742-4882-bf0f-17e5edd5a90a@group-D45398A5843A->d66e294e-0eb7-4194-a364-fc35d68e543c: nextIndex: updateUnconditionally 0 -> 0
2021-08-16 13:11:13,138 [f324fcdd-c742-4882-bf0f-17e5edd5a90a@group-D45398A5843A->d66e294e-0eb7-4194-a364-fc35d68e543c-GrpcLogAppender-LogAppenderDaemon] INFO  server.GrpcLogAppender (GrpcLogAppender.java:installSnapshot(524)) - f324fcdd-c742-4882-bf0f-17e5edd5a90a@group-D45398A5843A->d66e294e-0eb7-4194-a364-fc35d68e543c-GrpcLogAppender: followerNextIndex = 0 but logStartIndex = 1, notify follower to install snapshot-(t:2, i:1)
2021-08-16 13:11:13,138 [f324fcdd-c742-4882-bf0f-17e5edd5a90a@group-D45398A5843A->d66e294e-0eb7-4194-a364-fc35d68e543c-GrpcLogAppender-LogAppenderDaemon] INFO  server.GrpcLogAppender (GrpcLogAppender.java:installSnapshot(532)) - f324fcdd-c742-4882-bf0f-17e5edd5a90a@group-D45398A5843A->d66e294e-0eb7-4194-a364-fc35d68e543c-GrpcLogAppender: send f324fcdd-c742-4882-bf0f-17e5edd5a90a->d66e294e-0eb7-4194-a364-fc35d68e543c#0-t2,notify:(t:2, i:1)
2021-08-16 13:11:13,139 [grpc-default-executor-2] INFO  server.RaftServer$Division (RaftServerImpl.java:checkInconsistentAppendEntries(1293)) - d66e294e-0eb7-4194-a364-fc35d68e543c@group-D45398A5843A: Failed appendEntries as snapshot ((t:2, i:1)) installation is in progress
2021-08-16 13:11:13,139 [grpc-default-executor-2] INFO  server.RaftServer$Division (RaftServerImpl.java:checkInconsistentAppendEntries(1285)) - d66e294e-0eb7-4194-a364-fc35d68e543c@group-D45398A5843A: inconsistency entries. Reply:f324fcdd-c742-4882-bf0f-17e5edd5a90a<-d66e294e-0eb7-4194-a364-fc35d68e543c#3:FAIL-t2,INCONSISTENCY,nextIndex=0,followerCommit=-1
2021-08-16 13:11:13,140 [grpc-default-executor-2] INFO  leader.FollowerInfo (FollowerInfoImpl.java:lambda$new$0(46)) - f324fcdd-c742-4882-bf0f-17e5edd5a90a@group-D45398A5843A->d66e294e-0eb7-4194-a364-fc35d68e543c: nextIndex: updateUnconditionally 0 -> 0
2021-08-16 13:11:13,140 [grpc-default-executor-5] INFO  server.RaftServer$Division (RaftServerImpl.java:installSnapshot(1329)) - d66e294e-0eb7-4194-a364-fc35d68e543c@group-D45398A5843A: receive installSnapshot: f324fcdd-c742-4882-bf0f-17e5edd5a90a->d66e294e-0eb7-4194-a364-fc35d68e543c#0-t2,notify:(t:2, i:1)
2021-08-16 13:11:13,140 [grpc-default-executor-5] INFO  server.RaftServer$Division (RaftServerImpl.java:notifyStateMachineToInstallSnapshot(1611)) - d66e294e-0eb7-4194-a364-fc35d68e543c@group-D45398A5843A: Snapshot Installation by StateMachine is in progress.
2021-08-16 13:11:13,140 [grpc-default-executor-5] INFO  server.RaftServer$Division (RaftServerImpl.java:installSnapshotImpl(1459)) - d66e294e-0eb7-4194-a364-fc35d68e543c@group-D45398A5843A: set new configuration index: 5
configurationEntry {
  peers {
    id: "161c1ac7-ff07-4d6f-a20c-3f676ae8d443"
    address: "localhost:13650"
  }
  peers {
    id: "f324fcdd-c742-4882-bf0f-17e5edd5a90a"
    address: "localhost:13640"
  }
}
 from snapshot
2021-08-16 13:11:13,140 [grpc-default-executor-5] INFO  server.RaftServer$Division (ServerState.java:setRaftConf(387)) - d66e294e-0eb7-4194-a364-fc35d68e543c@group-D45398A5843A: set configuration 5: [161c1ac7-ff07-4d6f-a20c-3f676ae8d443|rpc:localhost:13650|admin:|client:|dataStream:|priority:0, f324fcdd-c742-4882-bf0f-17e5edd5a90a|rpc:localhost:13640|admin:|client:|dataStream:|priority:0], old=null
2021-08-16 13:11:13,140 [grpc-default-executor-5] INFO  server.RaftServer$Division (RaftServerImpl.java:installSnapshot(1340)) - d66e294e-0eb7-4194-a364-fc35d68e543c@group-D45398A5843A: reply installSnapshot: f324fcdd-c742-4882-bf0f-17e5edd5a90a<-d66e294e-0eb7-4194-a364-fc35d68e543c#0:FAIL-t2,IN_PROGRESS
2021-08-16 13:11:13,140 [grpc-default-executor-5] INFO  server.GrpcServerProtocolService (GrpcServerProtocolService.java:onCompleted(140)) - d66e294e-0eb7-4194-a364-fc35d68e543c: Completed INSTALL_SNAPSHOT, lastRequest: f324fcdd-c742-4882-bf0f-17e5edd5a90a->d66e294e-0eb7-4194-a364-fc35d68e543c#0-t2,notify:(t:2, i:1)
2021-08-16 13:11:13,141 [grpc-default-executor-2] INFO  server.GrpcLogAppender (GrpcLogAppender.java:onNext(400)) - f324fcdd-c742-4882-bf0f-17e5edd5a90a@group-D45398A5843A->d66e294e-0eb7-4194-a364-fc35d68e543c-InstallSnapshotResponseHandler: received a reply f324fcdd-c742-4882-bf0f-17e5edd5a90a<-d66e294e-0eb7-4194-a364-fc35d68e543c#0:FAIL-t2,IN_PROGRESS
2021-08-16 13:11:13,141 [grpc-default-executor-2] INFO  server.GrpcLogAppender (GrpcLogAppender.java:onNext(417)) - f324fcdd-c742-4882-bf0f-17e5edd5a90a@group-D45398A5843A->d66e294e-0eb7-4194-a364-fc35d68e543c-InstallSnapshotResponseHandler: InstallSnapshot in progress.
2021-08-16 13:11:13,142 [f324fcdd-c742-4882-bf0f-17e5edd5a90a@group-D45398A5843A->d66e294e-0eb7-4194-a364-fc35d68e543c-GrpcLogAppender-LogAppenderDaemon] INFO  server.GrpcLogAppender (GrpcLogAppender.java:installSnapshot(524)) - f324fcdd-c742-4882-bf0f-17e5edd5a90a@group-D45398A5843A->d66e294e-0eb7-4194-a364-fc35d68e543c-GrpcLogAppender: followerNextIndex = 0 but logStartIndex = 1, notify follower to install snapshot-(t:2, i:1)
2021-08-16 13:11:13,142 [f324fcdd-c742-4882-bf0f-17e5edd5a90a@group-D45398A5843A->d66e294e-0eb7-4194-a364-fc35d68e543c-GrpcLogAppender-LogAppenderDaemon] INFO  server.GrpcLogAppender (GrpcLogAppender.java:installSnapshot(532)) - f324fcdd-c742-4882-bf0f-17e5edd5a90a@group-D45398A5843A->d66e294e-0eb7-4194-a364-fc35d68e543c-GrpcLogAppender: send f324fcdd-c742-4882-bf0f-17e5edd5a90a->d66e294e-0eb7-4194-a364-fc35d68e543c#0-t2,notify:(t:2, i:1)
2021-08-16 13:11:13,143 [grpc-default-executor-2] INFO  server.RaftServer$Division (RaftServerImpl.java:installSnapshot(1329)) - d66e294e-0eb7-4194-a364-fc35d68e543c@group-D45398A5843A: receive installSnapshot: f324fcdd-c742-4882-bf0f-17e5edd5a90a->d66e294e-0eb7-4194-a364-fc35d68e543c#0-t2,notify:(t:2, i:1)
2021-08-16 13:11:13,143 [grpc-default-executor-2] INFO  server.RaftServer$Division (RaftServerImpl.java:notifyStateMachineToInstallSnapshot(1611)) - d66e294e-0eb7-4194-a364-fc35d68e543c@group-D45398A5843A: Snapshot Installation by StateMachine is in progress.
2021-08-16 13:11:13,143 [grpc-default-executor-4] INFO  ha.SCMDBCheckpointProvider (SCMDBCheckpointProvider.java:writeDBCheckPointToSream(48)) - Received request to obtain SCM DB checkpoint snapshot
2021-08-16 13:11:13,143 [grpc-default-executor-2] INFO  server.RaftServer$Division (RaftServerImpl.java:installSnapshotImpl(1459)) - d66e294e-0eb7-4194-a364-fc35d68e543c@group-D45398A5843A: set new configuration index: 5
configurationEntry {
  peers {
    id: "161c1ac7-ff07-4d6f-a20c-3f676ae8d443"
    address: "localhost:13650"
  }
  peers {
    id: "f324fcdd-c742-4882-bf0f-17e5edd5a90a"
    address: "localhost:13640"
  }
}
 from snapshot
2021-08-16 13:11:13,143 [grpc-default-executor-2] INFO  server.RaftServer$Division (ServerState.java:setRaftConf(387)) - d66e294e-0eb7-4194-a364-fc35d68e543c@group-D45398A5843A: set configuration 5: [161c1ac7-ff07-4d6f-a20c-3f676ae8d443|rpc:localhost:13650|admin:|client:|dataStream:|priority:0, f324fcdd-c742-4882-bf0f-17e5edd5a90a|rpc:localhost:13640|admin:|client:|dataStream:|priority:0], old=null
2021-08-16 13:11:13,144 [grpc-default-executor-2] INFO  server.RaftServer$Division (RaftServerImpl.java:installSnapshot(1340)) - d66e294e-0eb7-4194-a364-fc35d68e543c@group-D45398A5843A: reply installSnapshot: f324fcdd-c742-4882-bf0f-17e5edd5a90a<-d66e294e-0eb7-4194-a364-fc35d68e543c#0:FAIL-t2,IN_PROGRESS
2021-08-16 13:11:13,144 [grpc-default-executor-1] INFO  server.RaftServer$Division (RaftServerImpl.java:checkInconsistentAppendEntries(1293)) - d66e294e-0eb7-4194-a364-fc35d68e543c@group-D45398A5843A: Failed appendEntries as snapshot ((t:2, i:1)) installation is in progress
2021-08-16 13:11:13,144 [grpc-default-executor-2] INFO  server.GrpcServerProtocolService (GrpcServerProtocolService.java:onCompleted(140)) - d66e294e-0eb7-4194-a364-fc35d68e543c: Completed INSTALL_SNAPSHOT, lastRequest: f324fcdd-c742-4882-bf0f-17e5edd5a90a->d66e294e-0eb7-4194-a364-fc35d68e543c#0-t2,notify:(t:2, i:1)
2021-08-16 13:11:13,144 [grpc-default-executor-1] INFO  server.RaftServer$Division (RaftServerImpl.java:checkInconsistentAppendEntries(1285)) - d66e294e-0eb7-4194-a364-fc35d68e543c@group-D45398A5843A: inconsistency entries. Reply:f324fcdd-c742-4882-bf0f-17e5edd5a90a<-d66e294e-0eb7-4194-a364-fc35d68e543c#4:FAIL-t2,INCONSISTENCY,nextIndex=0,followerCommit=-1
2021-08-16 13:11:13,144 [grpc-default-executor-1] INFO  server.GrpcLogAppender (GrpcLogAppender.java:onNext(400)) - f324fcdd-c742-4882-bf0f-17e5edd5a90a@group-D45398A5843A->d66e294e-0eb7-4194-a364-fc35d68e543c-InstallSnapshotResponseHandler: received a reply f324fcdd-c742-4882-bf0f-17e5edd5a90a<-d66e294e-0eb7-4194-a364-fc35d68e543c#0:FAIL-t2,IN_PROGRESS
2021-08-16 13:11:13,144 [grpc-default-executor-1] INFO  server.GrpcLogAppender (GrpcLogAppender.java:onNext(417)) - f324fcdd-c742-4882-bf0f-17e5edd5a90a@group-D45398A5843A->d66e294e-0eb7-4194-a364-fc35d68e543c-InstallSnapshotResponseHandler: InstallSnapshot in progress.
2021-08-16 13:11:13,144 [grpc-default-executor-2] INFO  leader.FollowerInfo (FollowerInfoImpl.java:lambda$new$0(46)) - f324fcdd-c742-4882-bf0f-17e5edd5a90a@group-D45398A5843A->d66e294e-0eb7-4194-a364-fc35d68e543c: nextIndex: updateUnconditionally 0 -> 0
2021-08-16 13:11:13,147 [f324fcdd-c742-4882-bf0f-17e5edd5a90a@group-D45398A5843A->d66e294e-0eb7-4194-a364-fc35d68e543c-GrpcLogAppender-LogAppenderDaemon] INFO  server.GrpcLogAppender (GrpcLogAppender.java:installSnapshot(524)) - f324fcdd-c742-4882-bf0f-17e5edd5a90a@group-D45398A5843A->d66e294e-0eb7-4194-a364-fc35d68e543c-GrpcLogAppender: followerNextIndex = 0 but logStartIndex = 1, notify follower to install snapshot-(t:2, i:1)
2021-08-16 13:11:13,147 [f324fcdd-c742-4882-bf0f-17e5edd5a90a@group-D45398A5843A->d66e294e-0eb7-4194-a364-fc35d68e543c-GrpcLogAppender-LogAppenderDaemon] INFO  server.GrpcLogAppender (GrpcLogAppender.java:installSnapshot(532)) - f324fcdd-c742-4882-bf0f-17e5edd5a90a@group-D45398A5843A->d66e294e-0eb7-4194-a364-fc35d68e543c-GrpcLogAppender: send f324fcdd-c742-4882-bf0f-17e5edd5a90a->d66e294e-0eb7-4194-a364-fc35d68e543c#0-t2,notify:(t:2, i:1)
2021-08-16 13:11:13,147 [grpc-default-executor-1] INFO  server.RaftServer$Division (RaftServerImpl.java:checkInconsistentAppendEntries(1293)) - d66e294e-0eb7-4194-a364-fc35d68e543c@group-D45398A5843A: Failed appendEntries as snapshot ((t:2, i:1)) installation is in progress
2021-08-16 13:11:13,147 [grpc-default-executor-1] INFO  server.RaftServer$Division (RaftServerImpl.java:checkInconsistentAppendEntries(1285)) - d66e294e-0eb7-4194-a364-fc35d68e543c@group-D45398A5843A: inconsistency entries. Reply:f324fcdd-c742-4882-bf0f-17e5edd5a90a<-d66e294e-0eb7-4194-a364-fc35d68e543c#5:FAIL-t2,INCONSISTENCY,nextIndex=0,followerCommit=-1
2021-08-16 13:11:13,148 [grpc-default-executor-1] INFO  leader.FollowerInfo (FollowerInfoImpl.java:lambda$new$0(46)) - f324fcdd-c742-4882-bf0f-17e5edd5a90a@group-D45398A5843A->d66e294e-0eb7-4194-a364-fc35d68e543c: nextIndex: updateUnconditionally 0 -> 0
2021-08-16 13:11:13,149 [grpc-default-executor-1] INFO  server.RaftServer$Division (RaftServerImpl.java:installSnapshot(1329)) - d66e294e-0eb7-4194-a364-fc35d68e543c@group-D45398A5843A: receive installSnapshot: f324fcdd-c742-4882-bf0f-17e5edd5a90a->d66e294e-0eb7-4194-a364-fc35d68e543c#0-t2,notify:(t:2, i:1)
2021-08-16 13:11:13,149 [grpc-default-executor-1] INFO  server.RaftServer$Division (RaftServerImpl.java:notifyStateMachineToInstallSnapshot(1611)) - d66e294e-0eb7-4194-a364-fc35d68e543c@group-D45398A5843A: Snapshot Installation by StateMachine is in progress.
2021-08-16 13:11:13,149 [grpc-default-executor-1] INFO  server.RaftServer$Division (RaftServerImpl.java:installSnapshotImpl(1459)) - d66e294e-0eb7-4194-a364-fc35d68e543c@group-D45398A5843A: set new configuration index: 5
configurationEntry {
  peers {
    id: "161c1ac7-ff07-4d6f-a20c-3f676ae8d443"
    address: "localhost:13650"
  }
  peers {
    id: "f324fcdd-c742-4882-bf0f-17e5edd5a90a"
    address: "localhost:13640"
  }
}
 from snapshot
2021-08-16 13:11:13,149 [grpc-default-executor-1] INFO  server.RaftServer$Division (ServerState.java:setRaftConf(387)) - d66e294e-0eb7-4194-a364-fc35d68e543c@group-D45398A5843A: set configuration 5: [161c1ac7-ff07-4d6f-a20c-3f676ae8d443|rpc:localhost:13650|admin:|client:|dataStream:|priority:0, f324fcdd-c742-4882-bf0f-17e5edd5a90a|rpc:localhost:13640|admin:|client:|dataStream:|priority:0], old=null
2021-08-16 13:11:13,150 [grpc-default-executor-1] INFO  server.RaftServer$Division (RaftServerImpl.java:installSnapshot(1340)) - d66e294e-0eb7-4194-a364-fc35d68e543c@group-D45398A5843A: reply installSnapshot: f324fcdd-c742-4882-bf0f-17e5edd5a90a<-d66e294e-0eb7-4194-a364-fc35d68e543c#0:FAIL-t2,IN_PROGRESS
2021-08-16 13:11:13,150 [grpc-default-executor-1] INFO  server.GrpcServerProtocolService (GrpcServerProtocolService.java:onCompleted(140)) - d66e294e-0eb7-4194-a364-fc35d68e543c: Completed INSTALL_SNAPSHOT, lastRequest: f324fcdd-c742-4882-bf0f-17e5edd5a90a->d66e294e-0eb7-4194-a364-fc35d68e543c#0-t2,notify:(t:2, i:1)
2021-08-16 13:11:13,151 [grpc-default-executor-1] INFO  server.GrpcLogAppender (GrpcLogAppender.java:onNext(400)) - f324fcdd-c742-4882-bf0f-17e5edd5a90a@group-D45398A5843A->d66e294e-0eb7-4194-a364-fc35d68e543c-InstallSnapshotResponseHandler: received a reply f324fcdd-c742-4882-bf0f-17e5edd5a90a<-d66e294e-0eb7-4194-a364-fc35d68e543c#0:FAIL-t2,IN_PROGRESS
2021-08-16 13:11:13,151 [grpc-default-executor-1] INFO  server.GrpcLogAppender (GrpcLogAppender.java:onNext(417)) - f324fcdd-c742-4882-bf0f-17e5edd5a90a@group-D45398A5843A->d66e294e-0eb7-4194-a364-fc35d68e543c-InstallSnapshotResponseHandler: InstallSnapshot in progress.
2021-08-16 13:11:13,153 [f324fcdd-c742-4882-bf0f-17e5edd5a90a@group-D45398A5843A->d66e294e-0eb7-4194-a364-fc35d68e543c-GrpcLogAppender-LogAppenderDaemon] INFO  server.GrpcLogAppender (GrpcLogAppender.java:installSnapshot(524)) - f324fcdd-c742-4882-bf0f-17e5edd5a90a@group-D45398A5843A->d66e294e-0eb7-4194-a364-fc35d68e543c-GrpcLogAppender: followerNextIndex = 0 but logStartIndex = 1, notify follower to install snapshot-(t:2, i:1)
2021-08-16 13:11:13,153 [f324fcdd-c742-4882-bf0f-17e5edd5a90a@group-D45398A5843A->d66e294e-0eb7-4194-a364-fc35d68e543c-GrpcLogAppender-LogAppenderDaemon] INFO  server.GrpcLogAppender (GrpcLogAppender.java:installSnapshot(532)) - f324fcdd-c742-4882-bf0f-17e5edd5a90a@group-D45398A5843A->d66e294e-0eb7-4194-a364-fc35d68e543c-GrpcLogAppender: send f324fcdd-c742-4882-bf0f-17e5edd5a90a->d66e294e-0eb7-4194-a364-fc35d68e543c#0-t2,notify:(t:2, i:1)
2021-08-16 13:11:13,153 [grpc-default-executor-1] INFO  server.RaftServer$Division (RaftServerImpl.java:checkInconsistentAppendEntries(1293)) - d66e294e-0eb7-4194-a364-fc35d68e543c@group-D45398A5843A: Failed appendEntries as snapshot ((t:2, i:1)) installation is in progress
2021-08-16 13:11:13,153 [grpc-default-executor-1] INFO  server.RaftServer$Division (RaftServerImpl.java:checkInconsistentAppendEntries(1285)) - d66e294e-0eb7-4194-a364-fc35d68e543c@group-D45398A5843A: inconsistency entries. Reply:f324fcdd-c742-4882-bf0f-17e5edd5a90a<-d66e294e-0eb7-4194-a364-fc35d68e543c#6:FAIL-t2,INCONSISTENCY,nextIndex=0,followerCommit=-1
2021-08-16 13:11:13,154 [grpc-default-executor-1] INFO  leader.FollowerInfo (FollowerInfoImpl.java:lambda$new$0(46)) - f324fcdd-c742-4882-bf0f-17e5edd5a90a@group-D45398A5843A->d66e294e-0eb7-4194-a364-fc35d68e543c: nextIndex: updateUnconditionally 0 -> 0
2021-08-16 13:11:13,156 [grpc-default-executor-1] INFO  server.RaftServer$Division (RaftServerImpl.java:installSnapshot(1329)) - d66e294e-0eb7-4194-a364-fc35d68e543c@group-D45398A5843A: receive installSnapshot: f324fcdd-c742-4882-bf0f-17e5edd5a90a->d66e294e-0eb7-4194-a364-fc35d68e543c#0-t2,notify:(t:2, i:1)
2021-08-16 13:11:13,156 [grpc-default-executor-1] INFO  server.RaftServer$Division (RaftServerImpl.java:notifyStateMachineToInstallSnapshot(1611)) - d66e294e-0eb7-4194-a364-fc35d68e543c@group-D45398A5843A: Snapshot Installation by StateMachine is in progress.
2021-08-16 13:11:13,156 [grpc-default-executor-1] INFO  server.RaftServer$Division (RaftServerImpl.java:installSnapshotImpl(1459)) - d66e294e-0eb7-4194-a364-fc35d68e543c@group-D45398A5843A: set new configuration index: 5
configurationEntry {
  peers {
    id: "161c1ac7-ff07-4d6f-a20c-3f676ae8d443"
    address: "localhost:13650"
  }
  peers {
    id: "f324fcdd-c742-4882-bf0f-17e5edd5a90a"
    address: "localhost:13640"
  }
}
 from snapshot
2021-08-16 13:11:13,156 [grpc-default-executor-1] INFO  server.RaftServer$Division (ServerState.java:setRaftConf(387)) - d66e294e-0eb7-4194-a364-fc35d68e543c@group-D45398A5843A: set configuration 5: [161c1ac7-ff07-4d6f-a20c-3f676ae8d443|rpc:localhost:13650|admin:|client:|dataStream:|priority:0, f324fcdd-c742-4882-bf0f-17e5edd5a90a|rpc:localhost:13640|admin:|client:|dataStream:|priority:0], old=null
2021-08-16 13:11:13,157 [grpc-default-executor-1] INFO  server.RaftServer$Division (RaftServerImpl.java:installSnapshot(1340)) - d66e294e-0eb7-4194-a364-fc35d68e543c@group-D45398A5843A: reply installSnapshot: f324fcdd-c742-4882-bf0f-17e5edd5a90a<-d66e294e-0eb7-4194-a364-fc35d68e543c#0:FAIL-t2,IN_PROGRESS
2021-08-16 13:11:13,157 [grpc-default-executor-1] INFO  server.GrpcServerProtocolService (GrpcServerProtocolService.java:onCompleted(140)) - d66e294e-0eb7-4194-a364-fc35d68e543c: Completed INSTALL_SNAPSHOT, lastRequest: f324fcdd-c742-4882-bf0f-17e5edd5a90a->d66e294e-0eb7-4194-a364-fc35d68e543c#0-t2,notify:(t:2, i:1)
2021-08-16 13:11:13,158 [grpc-default-executor-1] INFO  server.GrpcLogAppender (GrpcLogAppender.java:onNext(400)) - f324fcdd-c742-4882-bf0f-17e5edd5a90a@group-D45398A5843A->d66e294e-0eb7-4194-a364-fc35d68e543c-InstallSnapshotResponseHandler: received a reply f324fcdd-c742-4882-bf0f-17e5edd5a90a<-d66e294e-0eb7-4194-a364-fc35d68e543c#0:FAIL-t2,IN_PROGRESS
2021-08-16 13:11:13,158 [grpc-default-executor-1] INFO  server.GrpcLogAppender (GrpcLogAppender.java:onNext(417)) - f324fcdd-c742-4882-bf0f-17e5edd5a90a@group-D45398A5843A->d66e294e-0eb7-4194-a364-fc35d68e543c-InstallSnapshotResponseHandler: InstallSnapshot in progress.
2021-08-16 13:11:13,163 [f324fcdd-c742-4882-bf0f-17e5edd5a90a@group-D45398A5843A->d66e294e-0eb7-4194-a364-fc35d68e543c-GrpcLogAppender-LogAppenderDaemon] INFO  server.GrpcLogAppender (GrpcLogAppender.java:installSnapshot(524)) - f324fcdd-c742-4882-bf0f-17e5edd5a90a@group-D45398A5843A->d66e294e-0eb7-4194-a364-fc35d68e543c-GrpcLogAppender: followerNextIndex = 0 but logStartIndex = 1, notify follower to install snapshot-(t:2, i:1)
2021-08-16 13:11:13,164 [f324fcdd-c742-4882-bf0f-17e5edd5a90a@group-D45398A5843A->d66e294e-0eb7-4194-a364-fc35d68e543c-GrpcLogAppender-LogAppenderDaemon] INFO  server.GrpcLogAppender (GrpcLogAppender.java:installSnapshot(532)) - f324fcdd-c742-4882-bf0f-17e5edd5a90a@group-D45398A5843A->d66e294e-0eb7-4194-a364-fc35d68e543c-GrpcLogAppender: send f324fcdd-c742-4882-bf0f-17e5edd5a90a->d66e294e-0eb7-4194-a364-fc35d68e543c#0-t2,notify:(t:2, i:1)
2021-08-16 13:11:13,164 [grpc-default-executor-4] INFO  db.RDBCheckpointManager (RDBCheckpointManager.java:createCheckpoint(86)) - Created checkpoint at /home/runner/work/ozone/ozone/hadoop-ozone/integration-test/target/test-dir/MiniOzoneClusterImpl-d497f94c-0a77-40f1-b0c4-d45398a5843a/scmNode-1/db.checkpoints/scm.db_checkpoint_1629119473143 in 21 milliseconds
2021-08-16 13:11:13,168 [grpc-default-executor-4] INFO  ha.SCMGrpcOutputStream (SCMGrpcOutputStream.java:close(111)) - Sent 6004 bytes for cluster d497f94c-0a77-40f1-b0c4-d45398a5843a
2021-08-16 13:11:13,169 [grpc-default-executor-4] INFO  ha.SCMDBCheckpointProvider (SCMDBCheckpointProvider.java:writeDBCheckPointToSream(73)) - Time taken to write the checkpoint to response output stream: 5 milliseconds
2021-08-16 13:11:13,169 [grpc-default-executor-4] INFO  db.RocksDBCheckpoint (RocksDBCheckpoint.java:cleanupCheckpoint(78)) - Cleaning up RocksDB checkpoint at /home/runner/work/ozone/ozone/hadoop-ozone/integration-test/target/test-dir/MiniOzoneClusterImpl-d497f94c-0a77-40f1-b0c4-d45398a5843a/scmNode-1/db.checkpoints/scm.db_checkpoint_1629119473143
2021-08-16 13:11:13,171 [grpc-default-executor-4] INFO  ha.InterSCMGrpcClient (InterSCMGrpcClient.java:onCompleted(170)) - Checkpoint is downloaded to /home/runner/work/ozone/ozone/hadoop-ozone/integration-test/target/test-dir/MiniOzoneClusterImpl-d497f94c-0a77-40f1-b0c4-d45398a5843a/scmNode-3/snapshot/scm.db-scmNode-1-1629119473114.tar.gz
2021-08-16 13:11:13,175 [grpc-default-executor-4] INFO  server.RaftServer$Division (RaftServerImpl.java:checkInconsistentAppendEntries(1293)) - d66e294e-0eb7-4194-a364-fc35d68e543c@group-D45398A5843A: Failed appendEntries as snapshot ((t:2, i:1)) installation is in progress
2021-08-16 13:11:13,175 [grpc-default-executor-4] INFO  server.RaftServer$Division (RaftServerImpl.java:checkInconsistentAppendEntries(1285)) - d66e294e-0eb7-4194-a364-fc35d68e543c@group-D45398A5843A: inconsistency entries. Reply:f324fcdd-c742-4882-bf0f-17e5edd5a90a<-d66e294e-0eb7-4194-a364-fc35d68e543c#7:FAIL-t2,INCONSISTENCY,nextIndex=0,followerCommit=-1
2021-08-16 13:11:13,175 [grpc-default-executor-4] INFO  leader.FollowerInfo (FollowerInfoImpl.java:lambda$new$0(46)) - f324fcdd-c742-4882-bf0f-17e5edd5a90a@group-D45398A5843A->d66e294e-0eb7-4194-a364-fc35d68e543c: nextIndex: updateUnconditionally 0 -> 0
2021-08-16 13:11:13,175 [grpc-default-executor-1] INFO  server.RaftServer$Division (RaftServerImpl.java:installSnapshot(1329)) - d66e294e-0eb7-4194-a364-fc35d68e543c@group-D45398A5843A: receive installSnapshot: f324fcdd-c742-4882-bf0f-17e5edd5a90a->d66e294e-0eb7-4194-a364-fc35d68e543c#0-t2,notify:(t:2, i:1)
2021-08-16 13:11:13,176 [grpc-default-executor-1] INFO  server.RaftServer$Division (RaftServerImpl.java:notifyStateMachineToInstallSnapshot(1611)) - d66e294e-0eb7-4194-a364-fc35d68e543c@group-D45398A5843A: Snapshot Installation by StateMachine is in progress.
2021-08-16 13:11:13,176 [grpc-default-executor-1] INFO  server.RaftServer$Division (RaftServerImpl.java:installSnapshotImpl(1459)) - d66e294e-0eb7-4194-a364-fc35d68e543c@group-D45398A5843A: set new configuration index: 5
configurationEntry {
  peers {
    id: "161c1ac7-ff07-4d6f-a20c-3f676ae8d443"
    address: "localhost:13650"
  }
  peers {
    id: "f324fcdd-c742-4882-bf0f-17e5edd5a90a"
    address: "localhost:13640"
  }
}
 from snapshot
2021-08-16 13:11:13,176 [grpc-default-executor-1] INFO  server.RaftServer$Division (ServerState.java:setRaftConf(387)) - d66e294e-0eb7-4194-a364-fc35d68e543c@group-D45398A5843A: set configuration 5: [161c1ac7-ff07-4d6f-a20c-3f676ae8d443|rpc:localhost:13650|admin:|client:|dataStream:|priority:0, f324fcdd-c742-4882-bf0f-17e5edd5a90a|rpc:localhost:13640|admin:|client:|dataStream:|priority:0], old=null
2021-08-16 13:11:13,176 [grpc-default-executor-1] INFO  server.RaftServer$Division (RaftServerImpl.java:installSnapshot(1340)) - d66e294e-0eb7-4194-a364-fc35d68e543c@group-D45398A5843A: reply installSnapshot: f324fcdd-c742-4882-bf0f-17e5edd5a90a<-d66e294e-0eb7-4194-a364-fc35d68e543c#0:FAIL-t2,IN_PROGRESS
2021-08-16 13:11:13,176 [grpc-default-executor-1] INFO  server.GrpcServerProtocolService (GrpcServerProtocolService.java:onCompleted(140)) - d66e294e-0eb7-4194-a364-fc35d68e543c: Completed INSTALL_SNAPSHOT, lastRequest: f324fcdd-c742-4882-bf0f-17e5edd5a90a->d66e294e-0eb7-4194-a364-fc35d68e543c#0-t2,notify:(t:2, i:1)
2021-08-16 13:11:13,177 [grpc-default-executor-1] INFO  server.GrpcLogAppender (GrpcLogAppender.java:onNext(400)) - f324fcdd-c742-4882-bf0f-17e5edd5a90a@group-D45398A5843A->d66e294e-0eb7-4194-a364-fc35d68e543c-InstallSnapshotResponseHandler: received a reply f324fcdd-c742-4882-bf0f-17e5edd5a90a<-d66e294e-0eb7-4194-a364-fc35d68e543c#0:FAIL-t2,IN_PROGRESS
2021-08-16 13:11:13,177 [grpc-default-executor-1] INFO  server.GrpcLogAppender (GrpcLogAppender.java:onNext(417)) - f324fcdd-c742-4882-bf0f-17e5edd5a90a@group-D45398A5843A->d66e294e-0eb7-4194-a364-fc35d68e543c-InstallSnapshotResponseHandler: InstallSnapshot in progress.
2021-08-16 13:11:13,179 [f324fcdd-c742-4882-bf0f-17e5edd5a90a@group-D45398A5843A->d66e294e-0eb7-4194-a364-fc35d68e543c-GrpcLogAppender-LogAppenderDaemon] INFO  server.GrpcLogAppender (GrpcLogAppender.java:installSnapshot(524)) - f324fcdd-c742-4882-bf0f-17e5edd5a90a@group-D45398A5843A->d66e294e-0eb7-4194-a364-fc35d68e543c-GrpcLogAppender: followerNextIndex = 0 but logStartIndex = 1, notify follower to install snapshot-(t:2, i:1)
2021-08-16 13:11:13,179 [f324fcdd-c742-4882-bf0f-17e5edd5a90a@group-D45398A5843A->d66e294e-0eb7-4194-a364-fc35d68e543c-GrpcLogAppender-LogAppenderDaemon] INFO  server.GrpcLogAppender (GrpcLogAppender.java:installSnapshot(532)) - f324fcdd-c742-4882-bf0f-17e5edd5a90a@group-D45398A5843A->d66e294e-0eb7-4194-a364-fc35d68e543c-GrpcLogAppender: send f324fcdd-c742-4882-bf0f-17e5edd5a90a->d66e294e-0eb7-4194-a364-fc35d68e543c#0-t2,notify:(t:2, i:1)
2021-08-16 13:11:13,180 [grpc-default-executor-5] INFO  server.RaftServer$Division (RaftServerImpl.java:checkInconsistentAppendEntries(1293)) - d66e294e-0eb7-4194-a364-fc35d68e543c@group-D45398A5843A: Failed appendEntries as snapshot ((t:2, i:1)) installation is in progress
2021-08-16 13:11:13,180 [grpc-default-executor-5] INFO  server.RaftServer$Division (RaftServerImpl.java:checkInconsistentAppendEntries(1285)) - d66e294e-0eb7-4194-a364-fc35d68e543c@group-D45398A5843A: inconsistency entries. Reply:f324fcdd-c742-4882-bf0f-17e5edd5a90a<-d66e294e-0eb7-4194-a364-fc35d68e543c#8:FAIL-t2,INCONSISTENCY,nextIndex=0,followerCommit=-1
2021-08-16 13:11:13,180 [grpc-default-executor-5] INFO  leader.FollowerInfo (FollowerInfoImpl.java:lambda$new$0(46)) - f324fcdd-c742-4882-bf0f-17e5edd5a90a@group-D45398A5843A->d66e294e-0eb7-4194-a364-fc35d68e543c: nextIndex: updateUnconditionally 0 -> 0
2021-08-16 13:11:13,181 [grpc-default-executor-1] INFO  server.RaftServer$Division (RaftServerImpl.java:installSnapshot(1329)) - d66e294e-0eb7-4194-a364-fc35d68e543c@group-D45398A5843A: receive installSnapshot: f324fcdd-c742-4882-bf0f-17e5edd5a90a->d66e294e-0eb7-4194-a364-fc35d68e543c#0-t2,notify:(t:2, i:1)
2021-08-16 13:11:13,181 [grpc-default-executor-1] INFO  server.RaftServer$Division (RaftServerImpl.java:notifyStateMachineToInstallSnapshot(1611)) - d66e294e-0eb7-4194-a364-fc35d68e543c@group-D45398A5843A: Snapshot Installation by StateMachine is in progress.
2021-08-16 13:11:13,181 [grpc-default-executor-1] INFO  server.RaftServer$Division (RaftServerImpl.java:installSnapshotImpl(1459)) - d66e294e-0eb7-4194-a364-fc35d68e543c@group-D45398A5843A: set new configuration index: 5
configurationEntry {
  peers {
    id: "161c1ac7-ff07-4d6f-a20c-3f676ae8d443"
    address: "localhost:13650"
  }
  peers {
    id: "f324fcdd-c742-4882-bf0f-17e5edd5a90a"
    address: "localhost:13640"
  }
}
 from snapshot
2021-08-16 13:11:13,181 [grpc-default-executor-1] INFO  server.RaftServer$Division (ServerState.java:setRaftConf(387)) - d66e294e-0eb7-4194-a364-fc35d68e543c@group-D45398A5843A: set configuration 5: [161c1ac7-ff07-4d6f-a20c-3f676ae8d443|rpc:localhost:13650|admin:|client:|dataStream:|priority:0, f324fcdd-c742-4882-bf0f-17e5edd5a90a|rpc:localhost:13640|admin:|client:|dataStream:|priority:0], old=null
2021-08-16 13:11:13,181 [grpc-default-executor-1] INFO  server.RaftServer$Division (RaftServerImpl.java:installSnapshot(1340)) - d66e294e-0eb7-4194-a364-fc35d68e543c@group-D45398A5843A: reply installSnapshot: f324fcdd-c742-4882-bf0f-17e5edd5a90a<-d66e294e-0eb7-4194-a364-fc35d68e543c#0:FAIL-t2,IN_PROGRESS
2021-08-16 13:11:13,181 [grpc-default-executor-1] INFO  server.GrpcServerProtocolService (GrpcServerProtocolService.java:onCompleted(140)) - d66e294e-0eb7-4194-a364-fc35d68e543c: Completed INSTALL_SNAPSHOT, lastRequest: f324fcdd-c742-4882-bf0f-17e5edd5a90a->d66e294e-0eb7-4194-a364-fc35d68e543c#0-t2,notify:(t:2, i:1)
2021-08-16 13:11:13,182 [grpc-default-executor-5] INFO  server.GrpcLogAppender (GrpcLogAppender.java:onNext(400)) - f324fcdd-c742-4882-bf0f-17e5edd5a90a@group-D45398A5843A->d66e294e-0eb7-4194-a364-fc35d68e543c-InstallSnapshotResponseHandler: received a reply f324fcdd-c742-4882-bf0f-17e5edd5a90a<-d66e294e-0eb7-4194-a364-fc35d68e543c#0:FAIL-t2,IN_PROGRESS
2021-08-16 13:11:13,182 [grpc-default-executor-5] INFO  server.GrpcLogAppender (GrpcLogAppender.java:onNext(417)) - f324fcdd-c742-4882-bf0f-17e5edd5a90a@group-D45398A5843A->d66e294e-0eb7-4194-a364-fc35d68e543c-InstallSnapshotResponseHandler: InstallSnapshot in progress.
2021-08-16 13:11:13,199 [f324fcdd-c742-4882-bf0f-17e5edd5a90a@group-D45398A5843A->d66e294e-0eb7-4194-a364-fc35d68e543c-GrpcLogAppender-LogAppenderDaemon] INFO  server.GrpcLogAppender (GrpcLogAppender.java:installSnapshot(524)) - f324fcdd-c742-4882-bf0f-17e5edd5a90a@group-D45398A5843A->d66e294e-0eb7-4194-a364-fc35d68e543c-GrpcLogAppender: followerNextIndex = 0 but logStartIndex = 1, notify follower to install snapshot-(t:2, i:1)
2021-08-16 13:11:13,199 [f324fcdd-c742-4882-bf0f-17e5edd5a90a@group-D45398A5843A->d66e294e-0eb7-4194-a364-fc35d68e543c-GrpcLogAppender-LogAppenderDaemon] INFO  server.GrpcLogAppender (GrpcLogAppender.java:installSnapshot(532)) - f324fcdd-c742-4882-bf0f-17e5edd5a90a@group-D45398A5843A->d66e294e-0eb7-4194-a364-fc35d68e543c-GrpcLogAppender: send f324fcdd-c742-4882-bf0f-17e5edd5a90a->d66e294e-0eb7-4194-a364-fc35d68e543c#0-t2,notify:(t:2, i:1)
2021-08-16 13:11:13,200 [grpc-default-executor-4] INFO  server.RaftServer$Division (RaftServerImpl.java:checkInconsistentAppendEntries(1293)) - d66e294e-0eb7-4194-a364-fc35d68e543c@group-D45398A5843A: Failed appendEntries as snapshot ((t:2, i:1)) installation is in progress
2021-08-16 13:11:13,200 [grpc-default-executor-4] INFO  server.RaftServer$Division (RaftServerImpl.java:checkInconsistentAppendEntries(1285)) - d66e294e-0eb7-4194-a364-fc35d68e543c@group-D45398A5843A: inconsistency entries. Reply:f324fcdd-c742-4882-bf0f-17e5edd5a90a<-d66e294e-0eb7-4194-a364-fc35d68e543c#9:FAIL-t2,INCONSISTENCY,nextIndex=0,followerCommit=-1
2021-08-16 13:11:13,200 [grpc-default-executor-5] INFO  server.RaftServer$Division (RaftServerImpl.java:installSnapshot(1329)) - d66e294e-0eb7-4194-a364-fc35d68e543c@group-D45398A5843A: receive installSnapshot: f324fcdd-c742-4882-bf0f-17e5edd5a90a->d66e294e-0eb7-4194-a364-fc35d68e543c#0-t2,notify:(t:2, i:1)
2021-08-16 13:11:13,200 [grpc-default-executor-5] INFO  server.RaftServer$Division (RaftServerImpl.java:notifyStateMachineToInstallSnapshot(1611)) - d66e294e-0eb7-4194-a364-fc35d68e543c@group-D45398A5843A: Snapshot Installation by StateMachine is in progress.
2021-08-16 13:11:13,201 [grpc-default-executor-5] INFO  server.RaftServer$Division (RaftServerImpl.java:installSnapshotImpl(1459)) - d66e294e-0eb7-4194-a364-fc35d68e543c@group-D45398A5843A: set new configuration index: 5
configurationEntry {
  peers {
    id: "161c1ac7-ff07-4d6f-a20c-3f676ae8d443"
    address: "localhost:13650"
  }
  peers {
    id: "f324fcdd-c742-4882-bf0f-17e5edd5a90a"
    address: "localhost:13640"
  }
}
 from snapshot
2021-08-16 13:11:13,201 [grpc-default-executor-5] INFO  server.RaftServer$Division (ServerState.java:setRaftConf(387)) - d66e294e-0eb7-4194-a364-fc35d68e543c@group-D45398A5843A: set configuration 5: [161c1ac7-ff07-4d6f-a20c-3f676ae8d443|rpc:localhost:13650|admin:|client:|dataStream:|priority:0, f324fcdd-c742-4882-bf0f-17e5edd5a90a|rpc:localhost:13640|admin:|client:|dataStream:|priority:0], old=null
2021-08-16 13:11:13,201 [grpc-default-executor-5] INFO  server.RaftServer$Division (RaftServerImpl.java:installSnapshot(1340)) - d66e294e-0eb7-4194-a364-fc35d68e543c@group-D45398A5843A: reply installSnapshot: f324fcdd-c742-4882-bf0f-17e5edd5a90a<-d66e294e-0eb7-4194-a364-fc35d68e543c#0:FAIL-t2,IN_PROGRESS
2021-08-16 13:11:13,201 [grpc-default-executor-5] INFO  server.GrpcServerProtocolService (GrpcServerProtocolService.java:onCompleted(140)) - d66e294e-0eb7-4194-a364-fc35d68e543c: Completed INSTALL_SNAPSHOT, lastRequest: f324fcdd-c742-4882-bf0f-17e5edd5a90a->d66e294e-0eb7-4194-a364-fc35d68e543c#0-t2,notify:(t:2, i:1)
2021-08-16 13:11:13,201 [grpc-default-executor-4] INFO  leader.FollowerInfo (FollowerInfoImpl.java:lambda$new$0(46)) - f324fcdd-c742-4882-bf0f-17e5edd5a90a@group-D45398A5843A->d66e294e-0eb7-4194-a364-fc35d68e543c: nextIndex: updateUnconditionally 0 -> 0
2021-08-16 13:11:13,202 [grpc-default-executor-5] INFO  server.GrpcLogAppender (GrpcLogAppender.java:onNext(400)) - f324fcdd-c742-4882-bf0f-17e5edd5a90a@group-D45398A5843A->d66e294e-0eb7-4194-a364-fc35d68e543c-InstallSnapshotResponseHandler: received a reply f324fcdd-c742-4882-bf0f-17e5edd5a90a<-d66e294e-0eb7-4194-a364-fc35d68e543c#0:FAIL-t2,IN_PROGRESS
2021-08-16 13:11:13,202 [grpc-default-executor-5] INFO  server.GrpcLogAppender (GrpcLogAppender.java:onNext(417)) - f324fcdd-c742-4882-bf0f-17e5edd5a90a@group-D45398A5843A->d66e294e-0eb7-4194-a364-fc35d68e543c-InstallSnapshotResponseHandler: InstallSnapshot in progress.
2021-08-16 13:11:13,203 [f324fcdd-c742-4882-bf0f-17e5edd5a90a@group-D45398A5843A->d66e294e-0eb7-4194-a364-fc35d68e543c-GrpcLogAppender-LogAppenderDaemon] INFO  server.GrpcLogAppender (GrpcLogAppender.java:installSnapshot(524)) - f324fcdd-c742-4882-bf0f-17e5edd5a90a@group-D45398A5843A->d66e294e-0eb7-4194-a364-fc35d68e543c-GrpcLogAppender: followerNextIndex = 0 but logStartIndex = 1, notify follower to install snapshot-(t:2, i:1)
2021-08-16 13:11:13,203 [f324fcdd-c742-4882-bf0f-17e5edd5a90a@group-D45398A5843A->d66e294e-0eb7-4194-a364-fc35d68e543c-GrpcLogAppender-LogAppenderDaemon] INFO  server.GrpcLogAppender (GrpcLogAppender.java:installSnapshot(532)) - f324fcdd-c742-4882-bf0f-17e5edd5a90a@group-D45398A5843A->d66e294e-0eb7-4194-a364-fc35d68e543c-GrpcLogAppender: send f324fcdd-c742-4882-bf0f-17e5edd5a90a->d66e294e-0eb7-4194-a364-fc35d68e543c#0-t2,notify:(t:2, i:1)
2021-08-16 13:11:13,204 [grpc-default-executor-4] INFO  server.RaftServer$Division (RaftServerImpl.java:installSnapshot(1329)) - d66e294e-0eb7-4194-a364-fc35d68e543c@group-D45398A5843A: receive installSnapshot: f324fcdd-c742-4882-bf0f-17e5edd5a90a->d66e294e-0eb7-4194-a364-fc35d68e543c#0-t2,notify:(t:2, i:1)
2021-08-16 13:11:13,204 [grpc-default-executor-1] INFO  server.RaftServer$Division (RaftServerImpl.java:checkInconsistentAppendEntries(1293)) - d66e294e-0eb7-4194-a364-fc35d68e543c@group-D45398A5843A: Failed appendEntries as snapshot ((t:2, i:1)) installation is in progress
2021-08-16 13:11:13,204 [grpc-default-executor-1] INFO  server.RaftServer$Division (RaftServerImpl.java:checkInconsistentAppendEntries(1285)) - d66e294e-0eb7-4194-a364-fc35d68e543c@group-D45398A5843A: inconsistency entries. Reply:f324fcdd-c742-4882-bf0f-17e5edd5a90a<-d66e294e-0eb7-4194-a364-fc35d68e543c#10:FAIL-t2,INCONSISTENCY,nextIndex=0,followerCommit=-1
2021-08-16 13:11:13,204 [grpc-default-executor-4] INFO  server.RaftServer$Division (RaftServerImpl.java:notifyStateMachineToInstallSnapshot(1611)) - d66e294e-0eb7-4194-a364-fc35d68e543c@group-D45398A5843A: Snapshot Installation by StateMachine is in progress.
2021-08-16 13:11:13,204 [grpc-default-executor-4] INFO  server.RaftServer$Division (RaftServerImpl.java:installSnapshotImpl(1459)) - d66e294e-0eb7-4194-a364-fc35d68e543c@group-D45398A5843A: set new configuration index: 5
configurationEntry {
  peers {
    id: "161c1ac7-ff07-4d6f-a20c-3f676ae8d443"
    address: "localhost:13650"
  }
  peers {
    id: "f324fcdd-c742-4882-bf0f-17e5edd5a90a"
    address: "localhost:13640"
  }
}
 from snapshot
2021-08-16 13:11:13,204 [grpc-default-executor-4] INFO  server.RaftServer$Division (ServerState.java:setRaftConf(387)) - d66e294e-0eb7-4194-a364-fc35d68e543c@group-D45398A5843A: set configuration 5: [161c1ac7-ff07-4d6f-a20c-3f676ae8d443|rpc:localhost:13650|admin:|client:|dataStream:|priority:0, f324fcdd-c742-4882-bf0f-17e5edd5a90a|rpc:localhost:13640|admin:|client:|dataStream:|priority:0], old=null
2021-08-16 13:11:13,205 [grpc-default-executor-5] INFO  leader.FollowerInfo (FollowerInfoImpl.java:lambda$new$0(46)) - f324fcdd-c742-4882-bf0f-17e5edd5a90a@group-D45398A5843A->d66e294e-0eb7-4194-a364-fc35d68e543c: nextIndex: updateUnconditionally 0 -> 0
2021-08-16 13:11:13,205 [grpc-default-executor-4] INFO  server.RaftServer$Division (RaftServerImpl.java:installSnapshot(1340)) - d66e294e-0eb7-4194-a364-fc35d68e543c@group-D45398A5843A: reply installSnapshot: f324fcdd-c742-4882-bf0f-17e5edd5a90a<-d66e294e-0eb7-4194-a364-fc35d68e543c#0:FAIL-t2,IN_PROGRESS
2021-08-16 13:11:13,205 [grpc-default-executor-4] INFO  server.GrpcServerProtocolService (GrpcServerProtocolService.java:onCompleted(140)) - d66e294e-0eb7-4194-a364-fc35d68e543c: Completed INSTALL_SNAPSHOT, lastRequest: f324fcdd-c742-4882-bf0f-17e5edd5a90a->d66e294e-0eb7-4194-a364-fc35d68e543c#0-t2,notify:(t:2, i:1)
2021-08-16 13:11:13,205 [grpc-default-executor-4] INFO  server.GrpcLogAppender (GrpcLogAppender.java:onNext(400)) - f324fcdd-c742-4882-bf0f-17e5edd5a90a@group-D45398A5843A->d66e294e-0eb7-4194-a364-fc35d68e543c-InstallSnapshotResponseHandler: received a reply f324fcdd-c742-4882-bf0f-17e5edd5a90a<-d66e294e-0eb7-4194-a364-fc35d68e543c#0:FAIL-t2,IN_PROGRESS
2021-08-16 13:11:13,205 [grpc-default-executor-4] INFO  server.GrpcLogAppender (GrpcLogAppender.java:onNext(417)) - f324fcdd-c742-4882-bf0f-17e5edd5a90a@group-D45398A5843A->d66e294e-0eb7-4194-a364-fc35d68e543c-InstallSnapshotResponseHandler: InstallSnapshot in progress.
2021-08-16 13:11:13,211 [f324fcdd-c742-4882-bf0f-17e5edd5a90a@group-D45398A5843A->d66e294e-0eb7-4194-a364-fc35d68e543c-GrpcLogAppender-LogAppenderDaemon] INFO  server.GrpcLogAppender (GrpcLogAppender.java:installSnapshot(524)) - f324fcdd-c742-4882-bf0f-17e5edd5a90a@group-D45398A5843A->d66e294e-0eb7-4194-a364-fc35d68e543c-GrpcLogAppender: followerNextIndex = 0 but logStartIndex = 1, notify follower to install snapshot-(t:2, i:1)
2021-08-16 13:11:13,211 [f324fcdd-c742-4882-bf0f-17e5edd5a90a@group-D45398A5843A->d66e294e-0eb7-4194-a364-fc35d68e543c-GrpcLogAppender-LogAppenderDaemon] INFO  server.GrpcLogAppender (GrpcLogAppender.java:installSnapshot(532)) - f324fcdd-c742-4882-bf0f-17e5edd5a90a@group-D45398A5843A->d66e294e-0eb7-4194-a364-fc35d68e543c-GrpcLogAppender: send f324fcdd-c742-4882-bf0f-17e5edd5a90a->d66e294e-0eb7-4194-a364-fc35d68e543c#0-t2,notify:(t:2, i:1)
2021-08-16 13:11:13,212 [grpc-default-executor-1] INFO  server.RaftServer$Division (RaftServerImpl.java:checkInconsistentAppendEntries(1293)) - d66e294e-0eb7-4194-a364-fc35d68e543c@group-D45398A5843A: Failed appendEntries as snapshot ((t:2, i:1)) installation is in progress
2021-08-16 13:11:13,212 [grpc-default-executor-1] INFO  server.RaftServer$Division (RaftServerImpl.java:checkInconsistentAppendEntries(1285)) - d66e294e-0eb7-4194-a364-fc35d68e543c@group-D45398A5843A: inconsistency entries. Reply:f324fcdd-c742-4882-bf0f-17e5edd5a90a<-d66e294e-0eb7-4194-a364-fc35d68e543c#11:FAIL-t2,INCONSISTENCY,nextIndex=0,followerCommit=-1
2021-08-16 13:11:13,212 [grpc-default-executor-1] INFO  server.RaftServer$Division (RaftServerImpl.java:installSnapshot(1329)) - d66e294e-0eb7-4194-a364-fc35d68e543c@group-D45398A5843A: receive installSnapshot: f324fcdd-c742-4882-bf0f-17e5edd5a90a->d66e294e-0eb7-4194-a364-fc35d68e543c#0-t2,notify:(t:2, i:1)
2021-08-16 13:11:13,212 [grpc-default-executor-1] INFO  server.RaftServer$Division (RaftServerImpl.java:notifyStateMachineToInstallSnapshot(1611)) - d66e294e-0eb7-4194-a364-fc35d68e543c@group-D45398A5843A: Snapshot Installation by StateMachine is in progress.
2021-08-16 13:11:13,212 [grpc-default-executor-1] INFO  server.RaftServer$Division (RaftServerImpl.java:installSnapshotImpl(1459)) - d66e294e-0eb7-4194-a364-fc35d68e543c@group-D45398A5843A: set new configuration index: 5
configurationEntry {
  peers {
    id: "161c1ac7-ff07-4d6f-a20c-3f676ae8d443"
    address: "localhost:13650"
  }
  peers {
    id: "f324fcdd-c742-4882-bf0f-17e5edd5a90a"
    address: "localhost:13640"
  }
}
 from snapshot
2021-08-16 13:11:13,212 [grpc-default-executor-1] INFO  server.RaftServer$Division (ServerState.java:setRaftConf(387)) - d66e294e-0eb7-4194-a364-fc35d68e543c@group-D45398A5843A: set configuration 5: [161c1ac7-ff07-4d6f-a20c-3f676ae8d443|rpc:localhost:13650|admin:|client:|dataStream:|priority:0, f324fcdd-c742-4882-bf0f-17e5edd5a90a|rpc:localhost:13640|admin:|client:|dataStream:|priority:0], old=null
2021-08-16 13:11:13,212 [grpc-default-executor-1] INFO  server.RaftServer$Division (RaftServerImpl.java:installSnapshot(1340)) - d66e294e-0eb7-4194-a364-fc35d68e543c@group-D45398A5843A: reply installSnapshot: f324fcdd-c742-4882-bf0f-17e5edd5a90a<-d66e294e-0eb7-4194-a364-fc35d68e543c#0:FAIL-t2,IN_PROGRESS
2021-08-16 13:11:13,213 [grpc-default-executor-4] INFO  server.GrpcLogAppender (GrpcLogAppender.java:onNext(400)) - f324fcdd-c742-4882-bf0f-17e5edd5a90a@group-D45398A5843A->d66e294e-0eb7-4194-a364-fc35d68e543c-InstallSnapshotResponseHandler: received a reply f324fcdd-c742-4882-bf0f-17e5edd5a90a<-d66e294e-0eb7-4194-a364-fc35d68e543c#0:FAIL-t2,IN_PROGRESS
2021-08-16 13:11:13,213 [grpc-default-executor-4] INFO  server.GrpcLogAppender (GrpcLogAppender.java:onNext(417)) - f324fcdd-c742-4882-bf0f-17e5edd5a90a@group-D45398A5843A->d66e294e-0eb7-4194-a364-fc35d68e543c-InstallSnapshotResponseHandler: InstallSnapshot in progress.
2021-08-16 13:11:13,213 [grpc-default-executor-5] INFO  leader.FollowerInfo (FollowerInfoImpl.java:lambda$new$0(46)) - f324fcdd-c742-4882-bf0f-17e5edd5a90a@group-D45398A5843A->d66e294e-0eb7-4194-a364-fc35d68e543c: nextIndex: updateUnconditionally 0 -> 0
2021-08-16 13:11:13,213 [grpc-default-executor-1] INFO  server.GrpcServerProtocolService (GrpcServerProtocolService.java:onCompleted(140)) - d66e294e-0eb7-4194-a364-fc35d68e543c: Completed INSTALL_SNAPSHOT, lastRequest: f324fcdd-c742-4882-bf0f-17e5edd5a90a->d66e294e-0eb7-4194-a364-fc35d68e543c#0-t2,notify:(t:2, i:1)
2021-08-16 13:11:13,215 [f324fcdd-c742-4882-bf0f-17e5edd5a90a@group-D45398A5843A->d66e294e-0eb7-4194-a364-fc35d68e543c-GrpcLogAppender-LogAppenderDaemon] INFO  server.GrpcLogAppender (GrpcLogAppender.java:installSnapshot(524)) - f324fcdd-c742-4882-bf0f-17e5edd5a90a@group-D45398A5843A->d66e294e-0eb7-4194-a364-fc35d68e543c-GrpcLogAppender: followerNextIndex = 0 but logStartIndex = 1, notify follower to install snapshot-(t:2, i:1)
2021-08-16 13:11:13,215 [f324fcdd-c742-4882-bf0f-17e5edd5a90a@group-D45398A5843A->d66e294e-0eb7-4194-a364-fc35d68e543c-GrpcLogAppender-LogAppenderDaemon] INFO  server.GrpcLogAppender (GrpcLogAppender.java:installSnapshot(532)) - f324fcdd-c742-4882-bf0f-17e5edd5a90a@group-D45398A5843A->d66e294e-0eb7-4194-a364-fc35d68e543c-GrpcLogAppender: send f324fcdd-c742-4882-bf0f-17e5edd5a90a->d66e294e-0eb7-4194-a364-fc35d68e543c#0-t2,notify:(t:2, i:1)
2021-08-16 13:11:13,216 [grpc-default-executor-4] INFO  server.RaftServer$Division (RaftServerImpl.java:checkInconsistentAppendEntries(1293)) - d66e294e-0eb7-4194-a364-fc35d68e543c@group-D45398A5843A: Failed appendEntries as snapshot ((t:2, i:1)) installation is in progress
2021-08-16 13:11:13,216 [grpc-default-executor-4] INFO  server.RaftServer$Division (RaftServerImpl.java:checkInconsistentAppendEntries(1285)) - d66e294e-0eb7-4194-a364-fc35d68e543c@group-D45398A5843A: inconsistency entries. Reply:f324fcdd-c742-4882-bf0f-17e5edd5a90a<-d66e294e-0eb7-4194-a364-fc35d68e543c#12:FAIL-t2,INCONSISTENCY,nextIndex=0,followerCommit=-1
2021-08-16 13:11:13,216 [grpc-default-executor-4] INFO  server.RaftServer$Division (RaftServerImpl.java:installSnapshot(1329)) - d66e294e-0eb7-4194-a364-fc35d68e543c@group-D45398A5843A: receive installSnapshot: f324fcdd-c742-4882-bf0f-17e5edd5a90a->d66e294e-0eb7-4194-a364-fc35d68e543c#0-t2,notify:(t:2, i:1)
2021-08-16 13:11:13,216 [grpc-default-executor-4] INFO  server.RaftServer$Division (RaftServerImpl.java:notifyStateMachineToInstallSnapshot(1611)) - d66e294e-0eb7-4194-a364-fc35d68e543c@group-D45398A5843A: Snapshot Installation by StateMachine is in progress.
2021-08-16 13:11:13,216 [grpc-default-executor-4] INFO  server.RaftServer$Division (RaftServerImpl.java:installSnapshotImpl(1459)) - d66e294e-0eb7-4194-a364-fc35d68e543c@group-D45398A5843A: set new configuration index: 5
configurationEntry {
  peers {
    id: "161c1ac7-ff07-4d6f-a20c-3f676ae8d443"
    address: "localhost:13650"
  }
  peers {
    id: "f324fcdd-c742-4882-bf0f-17e5edd5a90a"
    address: "localhost:13640"
  }
}
 from snapshot
2021-08-16 13:11:13,216 [grpc-default-executor-4] INFO  server.RaftServer$Division (ServerState.java:setRaftConf(387)) - d66e294e-0eb7-4194-a364-fc35d68e543c@group-D45398A5843A: set configuration 5: [161c1ac7-ff07-4d6f-a20c-3f676ae8d443|rpc:localhost:13650|admin:|client:|dataStream:|priority:0, f324fcdd-c742-4882-bf0f-17e5edd5a90a|rpc:localhost:13640|admin:|client:|dataStream:|priority:0], old=null
2021-08-16 13:11:13,216 [grpc-default-executor-4] INFO  server.RaftServer$Division (RaftServerImpl.java:installSnapshot(1340)) - d66e294e-0eb7-4194-a364-fc35d68e543c@group-D45398A5843A: reply installSnapshot: f324fcdd-c742-4882-bf0f-17e5edd5a90a<-d66e294e-0eb7-4194-a364-fc35d68e543c#0:FAIL-t2,IN_PROGRESS
2021-08-16 13:11:13,217 [grpc-default-executor-4] INFO  server.GrpcServerProtocolService (GrpcServerProtocolService.java:onCompleted(140)) - d66e294e-0eb7-4194-a364-fc35d68e543c: Completed INSTALL_SNAPSHOT, lastRequest: f324fcdd-c742-4882-bf0f-17e5edd5a90a->d66e294e-0eb7-4194-a364-fc35d68e543c#0-t2,notify:(t:2, i:1)
2021-08-16 13:11:13,217 [grpc-default-executor-1] INFO  leader.FollowerInfo (FollowerInfoImpl.java:lambda$new$0(46)) - f324fcdd-c742-4882-bf0f-17e5edd5a90a@group-D45398A5843A->d66e294e-0eb7-4194-a364-fc35d68e543c: nextIndex: updateUnconditionally 0 -> 0
2021-08-16 13:11:13,217 [grpc-default-executor-1] INFO  server.GrpcLogAppender (GrpcLogAppender.java:onNext(400)) - f324fcdd-c742-4882-bf0f-17e5edd5a90a@group-D45398A5843A->d66e294e-0eb7-4194-a364-fc35d68e543c-InstallSnapshotResponseHandler: received a reply f324fcdd-c742-4882-bf0f-17e5edd5a90a<-d66e294e-0eb7-4194-a364-fc35d68e543c#0:FAIL-t2,IN_PROGRESS
2021-08-16 13:11:13,217 [grpc-default-executor-1] INFO  server.GrpcLogAppender (GrpcLogAppender.java:onNext(417)) - f324fcdd-c742-4882-bf0f-17e5edd5a90a@group-D45398A5843A->d66e294e-0eb7-4194-a364-fc35d68e543c-InstallSnapshotResponseHandler: InstallSnapshot in progress.
2021-08-16 13:11:13,218 [f324fcdd-c742-4882-bf0f-17e5edd5a90a@group-D45398A5843A->d66e294e-0eb7-4194-a364-fc35d68e543c-GrpcLogAppender-LogAppenderDaemon] INFO  server.GrpcLogAppender (GrpcLogAppender.java:installSnapshot(524)) - f324fcdd-c742-4882-bf0f-17e5edd5a90a@group-D45398A5843A->d66e294e-0eb7-4194-a364-fc35d68e543c-GrpcLogAppender: followerNextIndex = 0 but logStartIndex = 1, notify follower to install snapshot-(t:2, i:1)
2021-08-16 13:11:13,218 [f324fcdd-c742-4882-bf0f-17e5edd5a90a@group-D45398A5843A->d66e294e-0eb7-4194-a364-fc35d68e543c-GrpcLogAppender-LogAppenderDaemon] INFO  server.GrpcLogAppender (GrpcLogAppender.java:installSnapshot(532)) - f324fcdd-c742-4882-bf0f-17e5edd5a90a@group-D45398A5843A->d66e294e-0eb7-4194-a364-fc35d68e543c-GrpcLogAppender: send f324fcdd-c742-4882-bf0f-17e5edd5a90a->d66e294e-0eb7-4194-a364-fc35d68e543c#0-t2,notify:(t:2, i:1)
2021-08-16 13:11:13,219 [grpc-default-executor-1] INFO  server.RaftServer$Division (RaftServerImpl.java:checkInconsistentAppendEntries(1293)) - d66e294e-0eb7-4194-a364-fc35d68e543c@group-D45398A5843A: Failed appendEntries as snapshot ((t:2, i:1)) installation is in progress
2021-08-16 13:11:13,219 [grpc-default-executor-1] INFO  server.RaftServer$Division (RaftServerImpl.java:checkInconsistentAppendEntries(1285)) - d66e294e-0eb7-4194-a364-fc35d68e543c@group-D45398A5843A: inconsistency entries. Reply:f324fcdd-c742-4882-bf0f-17e5edd5a90a<-d66e294e-0eb7-4194-a364-fc35d68e543c#13:FAIL-t2,INCONSISTENCY,nextIndex=0,followerCommit=-1
2021-08-16 13:11:13,220 [grpc-default-executor-1] INFO  server.RaftServer$Division (RaftServerImpl.java:installSnapshot(1329)) - d66e294e-0eb7-4194-a364-fc35d68e543c@group-D45398A5843A: receive installSnapshot: f324fcdd-c742-4882-bf0f-17e5edd5a90a->d66e294e-0eb7-4194-a364-fc35d68e543c#0-t2,notify:(t:2, i:1)
2021-08-16 13:11:13,220 [grpc-default-executor-1] INFO  server.RaftServer$Division (RaftServerImpl.java:notifyStateMachineToInstallSnapshot(1611)) - d66e294e-0eb7-4194-a364-fc35d68e543c@group-D45398A5843A: Snapshot Installation by StateMachine is in progress.
2021-08-16 13:11:13,220 [grpc-default-executor-1] INFO  server.RaftServer$Division (RaftServerImpl.java:installSnapshotImpl(1459)) - d66e294e-0eb7-4194-a364-fc35d68e543c@group-D45398A5843A: set new configuration index: 5
configurationEntry {
  peers {
    id: "161c1ac7-ff07-4d6f-a20c-3f676ae8d443"
    address: "localhost:13650"
  }
  peers {
    id: "f324fcdd-c742-4882-bf0f-17e5edd5a90a"
    address: "localhost:13640"
  }
}
 from snapshot
2021-08-16 13:11:13,220 [grpc-default-executor-1] INFO  server.RaftServer$Division (ServerState.java:setRaftConf(387)) - d66e294e-0eb7-4194-a364-fc35d68e543c@group-D45398A5843A: set configuration 5: [161c1ac7-ff07-4d6f-a20c-3f676ae8d443|rpc:localhost:13650|admin:|client:|dataStream:|priority:0, f324fcdd-c742-4882-bf0f-17e5edd5a90a|rpc:localhost:13640|admin:|client:|dataStream:|priority:0], old=null
2021-08-16 13:11:13,220 [grpc-default-executor-1] INFO  server.RaftServer$Division (RaftServerImpl.java:installSnapshot(1340)) - d66e294e-0eb7-4194-a364-fc35d68e543c@group-D45398A5843A: reply installSnapshot: f324fcdd-c742-4882-bf0f-17e5edd5a90a<-d66e294e-0eb7-4194-a364-fc35d68e543c#0:FAIL-t2,IN_PROGRESS
2021-08-16 13:11:13,220 [grpc-default-executor-1] INFO  server.GrpcServerProtocolService (GrpcServerProtocolService.java:onCompleted(140)) - d66e294e-0eb7-4194-a364-fc35d68e543c: Completed INSTALL_SNAPSHOT, lastRequest: f324fcdd-c742-4882-bf0f-17e5edd5a90a->d66e294e-0eb7-4194-a364-fc35d68e543c#0-t2,notify:(t:2, i:1)
2021-08-16 13:11:13,221 [grpc-default-executor-1] INFO  leader.FollowerInfo (FollowerInfoImpl.java:lambda$new$0(46)) - f324fcdd-c742-4882-bf0f-17e5edd5a90a@group-D45398A5843A->d66e294e-0eb7-4194-a364-fc35d68e543c: nextIndex: updateUnconditionally 0 -> 0
2021-08-16 13:11:13,221 [grpc-default-executor-1] INFO  server.GrpcLogAppender (GrpcLogAppender.java:onNext(400)) - f324fcdd-c742-4882-bf0f-17e5edd5a90a@group-D45398A5843A->d66e294e-0eb7-4194-a364-fc35d68e543c-InstallSnapshotResponseHandler: received a reply f324fcdd-c742-4882-bf0f-17e5edd5a90a<-d66e294e-0eb7-4194-a364-fc35d68e543c#0:FAIL-t2,IN_PROGRESS
2021-08-16 13:11:13,221 [grpc-default-executor-1] INFO  server.GrpcLogAppender (GrpcLogAppender.java:onNext(417)) - f324fcdd-c742-4882-bf0f-17e5edd5a90a@group-D45398A5843A->d66e294e-0eb7-4194-a364-fc35d68e543c-InstallSnapshotResponseHandler: InstallSnapshot in progress.
2021-08-16 13:11:13,232 [f324fcdd-c742-4882-bf0f-17e5edd5a90a@group-D45398A5843A->d66e294e-0eb7-4194-a364-fc35d68e543c-GrpcLogAppender-LogAppenderDaemon] INFO  server.GrpcLogAppender (GrpcLogAppender.java:installSnapshot(524)) - f324fcdd-c742-4882-bf0f-17e5edd5a90a@group-D45398A5843A->d66e294e-0eb7-4194-a364-fc35d68e543c-GrpcLogAppender: followerNextIndex = 0 but logStartIndex = 1, notify follower to install snapshot-(t:2, i:1)
2021-08-16 13:11:13,232 [f324fcdd-c742-4882-bf0f-17e5edd5a90a@group-D45398A5843A->d66e294e-0eb7-4194-a364-fc35d68e543c-GrpcLogAppender-LogAppenderDaemon] INFO  server.GrpcLogAppender (GrpcLogAppender.java:installSnapshot(532)) - f324fcdd-c742-4882-bf0f-17e5edd5a90a@group-D45398A5843A->d66e294e-0eb7-4194-a364-fc35d68e543c-GrpcLogAppender: send f324fcdd-c742-4882-bf0f-17e5edd5a90a->d66e294e-0eb7-4194-a364-fc35d68e543c#0-t2,notify:(t:2, i:1)
2021-08-16 13:11:13,234 [pool-222-thread-1] INFO  ha.SCMSnapshotProvider (SCMSnapshotProvider.java:getSCMDBSnapshot(131)) - Successfully downloaded latest checkpoint from leader SCM: scmNode-1 path /home/runner/work/ozone/ozone/hadoop-ozone/integration-test/target/test-dir/MiniOzoneClusterImpl-d497f94c-0a77-40f1-b0c4-d45398a5843a/scmNode-3/snapshot/scm.db-scmNode-1-1629119473114
2021-08-16 13:11:13,234 [pool-222-thread-1] INFO  ha.SCMHAManagerImpl (SCMHAManagerImpl.java:downloadCheckpointFromLeader(158)) - Downloaded checkpoint from Leader scmNode-1 to the location /home/runner/work/ozone/ozone/hadoop-ozone/integration-test/target/test-dir/MiniOzoneClusterImpl-d497f94c-0a77-40f1-b0c4-d45398a5843a/scmNode-3/snapshot/scm.db-scmNode-1-1629119473114
2021-08-16 13:11:13,244 [grpc-default-executor-1] INFO  server.RaftServer$Division (RaftServerImpl.java:checkInconsistentAppendEntries(1293)) - d66e294e-0eb7-4194-a364-fc35d68e543c@group-D45398A5843A: Failed appendEntries as snapshot ((t:2, i:1)) installation is in progress
2021-08-16 13:11:13,245 [grpc-default-executor-1] INFO  server.RaftServer$Division (RaftServerImpl.java:checkInconsistentAppendEntries(1285)) - d66e294e-0eb7-4194-a364-fc35d68e543c@group-D45398A5843A: inconsistency entries. Reply:f324fcdd-c742-4882-bf0f-17e5edd5a90a<-d66e294e-0eb7-4194-a364-fc35d68e543c#14:FAIL-t2,INCONSISTENCY,nextIndex=0,followerCommit=-1
2021-08-16 13:11:13,245 [grpc-default-executor-1] INFO  server.RaftServer$Division (RaftServerImpl.java:installSnapshot(1329)) - d66e294e-0eb7-4194-a364-fc35d68e543c@group-D45398A5843A: receive installSnapshot: f324fcdd-c742-4882-bf0f-17e5edd5a90a->d66e294e-0eb7-4194-a364-fc35d68e543c#0-t2,notify:(t:2, i:1)
2021-08-16 13:11:13,245 [grpc-default-executor-1] INFO  server.RaftServer$Division (RaftServerImpl.java:notifyStateMachineToInstallSnapshot(1611)) - d66e294e-0eb7-4194-a364-fc35d68e543c@group-D45398A5843A: Snapshot Installation by StateMachine is in progress.
2021-08-16 13:11:13,245 [grpc-default-executor-1] INFO  server.RaftServer$Division (RaftServerImpl.java:installSnapshotImpl(1459)) - d66e294e-0eb7-4194-a364-fc35d68e543c@group-D45398A5843A: set new configuration index: 5
configurationEntry {
  peers {
    id: "161c1ac7-ff07-4d6f-a20c-3f676ae8d443"
    address: "localhost:13650"
  }
  peers {
    id: "f324fcdd-c742-4882-bf0f-17e5edd5a90a"
    address: "localhost:13640"
  }
}
 from snapshot
2021-08-16 13:11:13,245 [grpc-default-executor-1] INFO  server.RaftServer$Division (ServerState.java:setRaftConf(387)) - d66e294e-0eb7-4194-a364-fc35d68e543c@group-D45398A5843A: set configuration 5: [161c1ac7-ff07-4d6f-a20c-3f676ae8d443|rpc:localhost:13650|admin:|client:|dataStream:|priority:0, f324fcdd-c742-4882-bf0f-17e5edd5a90a|rpc:localhost:13640|admin:|client:|dataStream:|priority:0], old=null
2021-08-16 13:11:13,245 [grpc-default-executor-1] INFO  server.RaftServer$Division (RaftServerImpl.java:installSnapshot(1340)) - d66e294e-0eb7-4194-a364-fc35d68e543c@group-D45398A5843A: reply installSnapshot: f324fcdd-c742-4882-bf0f-17e5edd5a90a<-d66e294e-0eb7-4194-a364-fc35d68e543c#0:FAIL-t2,IN_PROGRESS
2021-08-16 13:11:13,246 [grpc-default-executor-1] INFO  server.GrpcServerProtocolService (GrpcServerProtocolService.java:onCompleted(140)) - d66e294e-0eb7-4194-a364-fc35d68e543c: Completed INSTALL_SNAPSHOT, lastRequest: f324fcdd-c742-4882-bf0f-17e5edd5a90a->d66e294e-0eb7-4194-a364-fc35d68e543c#0-t2,notify:(t:2, i:1)
2021-08-16 13:11:13,246 [grpc-default-executor-4] INFO  leader.FollowerInfo (FollowerInfoImpl.java:lambda$new$0(46)) - f324fcdd-c742-4882-bf0f-17e5edd5a90a@group-D45398A5843A->d66e294e-0eb7-4194-a364-fc35d68e543c: nextIndex: updateUnconditionally 0 -> 0
2021-08-16 13:11:13,247 [grpc-default-executor-4] INFO  server.GrpcLogAppender (GrpcLogAppender.java:onNext(400)) - f324fcdd-c742-4882-bf0f-17e5edd5a90a@group-D45398A5843A->d66e294e-0eb7-4194-a364-fc35d68e543c-InstallSnapshotResponseHandler: received a reply f324fcdd-c742-4882-bf0f-17e5edd5a90a<-d66e294e-0eb7-4194-a364-fc35d68e543c#0:FAIL-t2,IN_PROGRESS
2021-08-16 13:11:13,247 [grpc-default-executor-4] INFO  server.GrpcLogAppender (GrpcLogAppender.java:onNext(417)) - f324fcdd-c742-4882-bf0f-17e5edd5a90a@group-D45398A5843A->d66e294e-0eb7-4194-a364-fc35d68e543c-InstallSnapshotResponseHandler: InstallSnapshot in progress.
2021-08-16 13:11:13,250 [f324fcdd-c742-4882-bf0f-17e5edd5a90a@group-D45398A5843A->d66e294e-0eb7-4194-a364-fc35d68e543c-GrpcLogAppender-LogAppenderDaemon] INFO  server.GrpcLogAppender (GrpcLogAppender.java:installSnapshot(524)) - f324fcdd-c742-4882-bf0f-17e5edd5a90a@group-D45398A5843A->d66e294e-0eb7-4194-a364-fc35d68e543c-GrpcLogAppender: followerNextIndex = 0 but logStartIndex = 1, notify follower to install snapshot-(t:2, i:1)
2021-08-16 13:11:13,250 [f324fcdd-c742-4882-bf0f-17e5edd5a90a@group-D45398A5843A->d66e294e-0eb7-4194-a364-fc35d68e543c-GrpcLogAppender-LogAppenderDaemon] INFO  server.GrpcLogAppender (GrpcLogAppender.java:installSnapshot(532)) - f324fcdd-c742-4882-bf0f-17e5edd5a90a@group-D45398A5843A->d66e294e-0eb7-4194-a364-fc35d68e543c-GrpcLogAppender: send f324fcdd-c742-4882-bf0f-17e5edd5a90a->d66e294e-0eb7-4194-a364-fc35d68e543c#0-t2,notify:(t:2, i:1)
2021-08-16 13:11:13,251 [grpc-default-executor-4] INFO  server.RaftServer$Division (RaftServerImpl.java:checkInconsistentAppendEntries(1293)) - d66e294e-0eb7-4194-a364-fc35d68e543c@group-D45398A5843A: Failed appendEntries as snapshot ((t:2, i:1)) installation is in progress
2021-08-16 13:11:13,251 [grpc-default-executor-4] INFO  server.RaftServer$Division (RaftServerImpl.java:checkInconsistentAppendEntries(1285)) - d66e294e-0eb7-4194-a364-fc35d68e543c@group-D45398A5843A: inconsistency entries. Reply:f324fcdd-c742-4882-bf0f-17e5edd5a90a<-d66e294e-0eb7-4194-a364-fc35d68e543c#15:FAIL-t2,INCONSISTENCY,nextIndex=0,followerCommit=-1
2021-08-16 13:11:13,252 [grpc-default-executor-4] INFO  server.RaftServer$Division (RaftServerImpl.java:installSnapshot(1329)) - d66e294e-0eb7-4194-a364-fc35d68e543c@group-D45398A5843A: receive installSnapshot: f324fcdd-c742-4882-bf0f-17e5edd5a90a->d66e294e-0eb7-4194-a364-fc35d68e543c#0-t2,notify:(t:2, i:1)
2021-08-16 13:11:13,252 [grpc-default-executor-4] INFO  server.RaftServer$Division (RaftServerImpl.java:notifyStateMachineToInstallSnapshot(1611)) - d66e294e-0eb7-4194-a364-fc35d68e543c@group-D45398A5843A: Snapshot Installation by StateMachine is in progress.
2021-08-16 13:11:13,253 [grpc-default-executor-4] INFO  server.RaftServer$Division (RaftServerImpl.java:installSnapshotImpl(1459)) - d66e294e-0eb7-4194-a364-fc35d68e543c@group-D45398A5843A: set new configuration index: 5
configurationEntry {
  peers {
    id: "161c1ac7-ff07-4d6f-a20c-3f676ae8d443"
    address: "localhost:13650"
  }
  peers {
    id: "f324fcdd-c742-4882-bf0f-17e5edd5a90a"
    address: "localhost:13640"
  }
}
 from snapshot
2021-08-16 13:11:13,253 [grpc-default-executor-4] INFO  server.RaftServer$Division (ServerState.java:setRaftConf(387)) - d66e294e-0eb7-4194-a364-fc35d68e543c@group-D45398A5843A: set configuration 5: [161c1ac7-ff07-4d6f-a20c-3f676ae8d443|rpc:localhost:13650|admin:|client:|dataStream:|priority:0, f324fcdd-c742-4882-bf0f-17e5edd5a90a|rpc:localhost:13640|admin:|client:|dataStream:|priority:0], old=null
2021-08-16 13:11:13,253 [grpc-default-executor-4] INFO  server.RaftServer$Division (RaftServerImpl.java:installSnapshot(1340)) - d66e294e-0eb7-4194-a364-fc35d68e543c@group-D45398A5843A: reply installSnapshot: f324fcdd-c742-4882-bf0f-17e5edd5a90a<-d66e294e-0eb7-4194-a364-fc35d68e543c#0:FAIL-t2,IN_PROGRESS
2021-08-16 13:11:13,253 [grpc-default-executor-4] INFO  server.GrpcServerProtocolService (GrpcServerProtocolService.java:onCompleted(140)) - d66e294e-0eb7-4194-a364-fc35d68e543c: Completed INSTALL_SNAPSHOT, lastRequest: f324fcdd-c742-4882-bf0f-17e5edd5a90a->d66e294e-0eb7-4194-a364-fc35d68e543c#0-t2,notify:(t:2, i:1)
2021-08-16 13:11:13,254 [grpc-default-executor-4] INFO  leader.FollowerInfo (FollowerInfoImpl.java:lambda$new$0(46)) - f324fcdd-c742-4882-bf0f-17e5edd5a90a@group-D45398A5843A->d66e294e-0eb7-4194-a364-fc35d68e543c: nextIndex: updateUnconditionally 0 -> 0
2021-08-16 13:11:13,259 [grpc-default-executor-4] INFO  server.GrpcLogAppender (GrpcLogAppender.java:onNext(400)) - f324fcdd-c742-4882-bf0f-17e5edd5a90a@group-D45398A5843A->d66e294e-0eb7-4194-a364-fc35d68e543c-InstallSnapshotResponseHandler: received a reply f324fcdd-c742-4882-bf0f-17e5edd5a90a<-d66e294e-0eb7-4194-a364-fc35d68e543c#0:FAIL-t2,IN_PROGRESS
2021-08-16 13:11:13,259 [grpc-default-executor-4] INFO  server.GrpcLogAppender (GrpcLogAppender.java:onNext(417)) - f324fcdd-c742-4882-bf0f-17e5edd5a90a@group-D45398A5843A->d66e294e-0eb7-4194-a364-fc35d68e543c-InstallSnapshotResponseHandler: InstallSnapshot in progress.
2021-08-16 13:11:13,269 [f324fcdd-c742-4882-bf0f-17e5edd5a90a@group-D45398A5843A->d66e294e-0eb7-4194-a364-fc35d68e543c-GrpcLogAppender-LogAppenderDaemon] INFO  server.GrpcLogAppender (GrpcLogAppender.java:installSnapshot(524)) - f324fcdd-c742-4882-bf0f-17e5edd5a90a@group-D45398A5843A->d66e294e-0eb7-4194-a364-fc35d68e543c-GrpcLogAppender: followerNextIndex = 0 but logStartIndex = 1, notify follower to install snapshot-(t:2, i:1)
2021-08-16 13:11:13,269 [f324fcdd-c742-4882-bf0f-17e5edd5a90a@group-D45398A5843A->d66e294e-0eb7-4194-a364-fc35d68e543c-GrpcLogAppender-LogAppenderDaemon] INFO  server.GrpcLogAppender (GrpcLogAppender.java:installSnapshot(532)) - f324fcdd-c742-4882-bf0f-17e5edd5a90a@group-D45398A5843A->d66e294e-0eb7-4194-a364-fc35d68e543c-GrpcLogAppender: send f324fcdd-c742-4882-bf0f-17e5edd5a90a->d66e294e-0eb7-4194-a364-fc35d68e543c#0-t2,notify:(t:2, i:1)
2021-08-16 13:11:13,271 [grpc-default-executor-4] INFO  server.RaftServer$Division (RaftServerImpl.java:checkInconsistentAppendEntries(1293)) - d66e294e-0eb7-4194-a364-fc35d68e543c@group-D45398A5843A: Failed appendEntries as snapshot ((t:2, i:1)) installation is in progress
2021-08-16 13:11:13,271 [grpc-default-executor-4] INFO  server.RaftServer$Division (RaftServerImpl.java:checkInconsistentAppendEntries(1285)) - d66e294e-0eb7-4194-a364-fc35d68e543c@group-D45398A5843A: inconsistency entries. Reply:f324fcdd-c742-4882-bf0f-17e5edd5a90a<-d66e294e-0eb7-4194-a364-fc35d68e543c#16:FAIL-t2,INCONSISTENCY,nextIndex=0,followerCommit=-1
2021-08-16 13:11:13,271 [grpc-default-executor-4] INFO  server.RaftServer$Division (RaftServerImpl.java:installSnapshot(1329)) - d66e294e-0eb7-4194-a364-fc35d68e543c@group-D45398A5843A: receive installSnapshot: f324fcdd-c742-4882-bf0f-17e5edd5a90a->d66e294e-0eb7-4194-a364-fc35d68e543c#0-t2,notify:(t:2, i:1)
2021-08-16 13:11:13,271 [grpc-default-executor-4] INFO  server.RaftServer$Division (RaftServerImpl.java:notifyStateMachineToInstallSnapshot(1611)) - d66e294e-0eb7-4194-a364-fc35d68e543c@group-D45398A5843A: Snapshot Installation by StateMachine is in progress.
2021-08-16 13:11:13,271 [grpc-default-executor-4] INFO  server.RaftServer$Division (RaftServerImpl.java:installSnapshotImpl(1459)) - d66e294e-0eb7-4194-a364-fc35d68e543c@group-D45398A5843A: set new configuration index: 5
configurationEntry {
  peers {
    id: "161c1ac7-ff07-4d6f-a20c-3f676ae8d443"
    address: "localhost:13650"
  }
  peers {
    id: "f324fcdd-c742-4882-bf0f-17e5edd5a90a"
    address: "localhost:13640"
  }
}
 from snapshot
2021-08-16 13:11:13,271 [grpc-default-executor-4] INFO  server.RaftServer$Division (ServerState.java:setRaftConf(387)) - d66e294e-0eb7-4194-a364-fc35d68e543c@group-D45398A5843A: set configuration 5: [161c1ac7-ff07-4d6f-a20c-3f676ae8d443|rpc:localhost:13650|admin:|client:|dataStream:|priority:0, f324fcdd-c742-4882-bf0f-17e5edd5a90a|rpc:localhost:13640|admin:|client:|dataStream:|priority:0], old=null
2021-08-16 13:11:13,272 [grpc-default-executor-4] INFO  server.RaftServer$Division (RaftServerImpl.java:installSnapshot(1340)) - d66e294e-0eb7-4194-a364-fc35d68e543c@group-D45398A5843A: reply installSnapshot: f324fcdd-c742-4882-bf0f-17e5edd5a90a<-d66e294e-0eb7-4194-a364-fc35d68e543c#0:FAIL-t2,IN_PROGRESS
2021-08-16 13:11:13,272 [grpc-default-executor-4] INFO  server.GrpcServerProtocolService (GrpcServerProtocolService.java:onCompleted(140)) - d66e294e-0eb7-4194-a364-fc35d68e543c: Completed INSTALL_SNAPSHOT, lastRequest: f324fcdd-c742-4882-bf0f-17e5edd5a90a->d66e294e-0eb7-4194-a364-fc35d68e543c#0-t2,notify:(t:2, i:1)
2021-08-16 13:11:13,272 [grpc-default-executor-4] INFO  leader.FollowerInfo (FollowerInfoImpl.java:lambda$new$0(46)) - f324fcdd-c742-4882-bf0f-17e5edd5a90a@group-D45398A5843A->d66e294e-0eb7-4194-a364-fc35d68e543c: nextIndex: updateUnconditionally 0 -> 0
2021-08-16 13:11:13,273 [grpc-default-executor-4] INFO  server.GrpcLogAppender (GrpcLogAppender.java:onNext(400)) - f324fcdd-c742-4882-bf0f-17e5edd5a90a@group-D45398A5843A->d66e294e-0eb7-4194-a364-fc35d68e543c-InstallSnapshotResponseHandler: received a reply f324fcdd-c742-4882-bf0f-17e5edd5a90a<-d66e294e-0eb7-4194-a364-fc35d68e543c#0:FAIL-t2,IN_PROGRESS
2021-08-16 13:11:13,273 [grpc-default-executor-4] INFO  server.GrpcLogAppender (GrpcLogAppender.java:onNext(417)) - f324fcdd-c742-4882-bf0f-17e5edd5a90a@group-D45398A5843A->d66e294e-0eb7-4194-a364-fc35d68e543c-InstallSnapshotResponseHandler: InstallSnapshot in progress.
2021-08-16 13:11:13,279 [f324fcdd-c742-4882-bf0f-17e5edd5a90a@group-D45398A5843A->d66e294e-0eb7-4194-a364-fc35d68e543c-GrpcLogAppender-LogAppenderDaemon] INFO  server.GrpcLogAppender (GrpcLogAppender.java:installSnapshot(524)) - f324fcdd-c742-4882-bf0f-17e5edd5a90a@group-D45398A5843A->d66e294e-0eb7-4194-a364-fc35d68e543c-GrpcLogAppender: followerNextIndex = 0 but logStartIndex = 1, notify follower to install snapshot-(t:2, i:1)
2021-08-16 13:11:13,279 [f324fcdd-c742-4882-bf0f-17e5edd5a90a@group-D45398A5843A->d66e294e-0eb7-4194-a364-fc35d68e543c-GrpcLogAppender-LogAppenderDaemon] INFO  server.GrpcLogAppender (GrpcLogAppender.java:installSnapshot(532)) - f324fcdd-c742-4882-bf0f-17e5edd5a90a@group-D45398A5843A->d66e294e-0eb7-4194-a364-fc35d68e543c-GrpcLogAppender: send f324fcdd-c742-4882-bf0f-17e5edd5a90a->d66e294e-0eb7-4194-a364-fc35d68e543c#0-t2,notify:(t:2, i:1)
2021-08-16 13:11:13,280 [grpc-default-executor-4] INFO  server.RaftServer$Division (RaftServerImpl.java:checkInconsistentAppendEntries(1293)) - d66e294e-0eb7-4194-a364-fc35d68e543c@group-D45398A5843A: Failed appendEntries as snapshot ((t:2, i:1)) installation is in progress
2021-08-16 13:11:13,280 [grpc-default-executor-4] INFO  server.RaftServer$Division (RaftServerImpl.java:checkInconsistentAppendEntries(1285)) - d66e294e-0eb7-4194-a364-fc35d68e543c@group-D45398A5843A: inconsistency entries. Reply:f324fcdd-c742-4882-bf0f-17e5edd5a90a<-d66e294e-0eb7-4194-a364-fc35d68e543c#17:FAIL-t2,INCONSISTENCY,nextIndex=0,followerCommit=-1
2021-08-16 13:11:13,280 [grpc-default-executor-4] INFO  server.RaftServer$Division (RaftServerImpl.java:installSnapshot(1329)) - d66e294e-0eb7-4194-a364-fc35d68e543c@group-D45398A5843A: receive installSnapshot: f324fcdd-c742-4882-bf0f-17e5edd5a90a->d66e294e-0eb7-4194-a364-fc35d68e543c#0-t2,notify:(t:2, i:1)
2021-08-16 13:11:13,281 [grpc-default-executor-4] INFO  server.RaftServer$Division (RaftServerImpl.java:notifyStateMachineToInstallSnapshot(1611)) - d66e294e-0eb7-4194-a364-fc35d68e543c@group-D45398A5843A: Snapshot Installation by StateMachine is in progress.
2021-08-16 13:11:13,281 [grpc-default-executor-4] INFO  server.RaftServer$Division (RaftServerImpl.java:installSnapshotImpl(1459)) - d66e294e-0eb7-4194-a364-fc35d68e543c@group-D45398A5843A: set new configuration index: 5
configurationEntry {
  peers {
    id: "161c1ac7-ff07-4d6f-a20c-3f676ae8d443"
    address: "localhost:13650"
  }
  peers {
    id: "f324fcdd-c742-4882-bf0f-17e5edd5a90a"
    address: "localhost:13640"
  }
}
 from snapshot
2021-08-16 13:11:13,281 [grpc-default-executor-4] INFO  server.RaftServer$Division (ServerState.java:setRaftConf(387)) - d66e294e-0eb7-4194-a364-fc35d68e543c@group-D45398A5843A: set configuration 5: [161c1ac7-ff07-4d6f-a20c-3f676ae8d443|rpc:localhost:13650|admin:|client:|dataStream:|priority:0, f324fcdd-c742-4882-bf0f-17e5edd5a90a|rpc:localhost:13640|admin:|client:|dataStream:|priority:0], old=null
2021-08-16 13:11:13,281 [grpc-default-executor-4] INFO  server.RaftServer$Division (RaftServerImpl.java:installSnapshot(1340)) - d66e294e-0eb7-4194-a364-fc35d68e543c@group-D45398A5843A: reply installSnapshot: f324fcdd-c742-4882-bf0f-17e5edd5a90a<-d66e294e-0eb7-4194-a364-fc35d68e543c#0:FAIL-t2,IN_PROGRESS
2021-08-16 13:11:13,281 [grpc-default-executor-4] INFO  server.GrpcServerProtocolService (GrpcServerProtocolService.java:onCompleted(140)) - d66e294e-0eb7-4194-a364-fc35d68e543c: Completed INSTALL_SNAPSHOT, lastRequest: f324fcdd-c742-4882-bf0f-17e5edd5a90a->d66e294e-0eb7-4194-a364-fc35d68e543c#0-t2,notify:(t:2, i:1)
2021-08-16 13:11:13,282 [grpc-default-executor-4] INFO  leader.FollowerInfo (FollowerInfoImpl.java:lambda$new$0(46)) - f324fcdd-c742-4882-bf0f-17e5edd5a90a@group-D45398A5843A->d66e294e-0eb7-4194-a364-fc35d68e543c: nextIndex: updateUnconditionally 0 -> 0
2021-08-16 13:11:13,283 [grpc-default-executor-4] INFO  server.GrpcLogAppender (GrpcLogAppender.java:onNext(400)) - f324fcdd-c742-4882-bf0f-17e5edd5a90a@group-D45398A5843A->d66e294e-0eb7-4194-a364-fc35d68e543c-InstallSnapshotResponseHandler: received a reply f324fcdd-c742-4882-bf0f-17e5edd5a90a<-d66e294e-0eb7-4194-a364-fc35d68e543c#0:FAIL-t2,IN_PROGRESS
2021-08-16 13:11:13,283 [grpc-default-executor-4] INFO  server.GrpcLogAppender (GrpcLogAppender.java:onNext(417)) - f324fcdd-c742-4882-bf0f-17e5edd5a90a@group-D45398A5843A->d66e294e-0eb7-4194-a364-fc35d68e543c-InstallSnapshotResponseHandler: InstallSnapshot in progress.
2021-08-16 13:11:13,284 [f324fcdd-c742-4882-bf0f-17e5edd5a90a@group-D45398A5843A->d66e294e-0eb7-4194-a364-fc35d68e543c-GrpcLogAppender-LogAppenderDaemon] INFO  server.GrpcLogAppender (GrpcLogAppender.java:installSnapshot(524)) - f324fcdd-c742-4882-bf0f-17e5edd5a90a@group-D45398A5843A->d66e294e-0eb7-4194-a364-fc35d68e543c-GrpcLogAppender: followerNextIndex = 0 but logStartIndex = 1, notify follower to install snapshot-(t:2, i:1)
2021-08-16 13:11:13,284 [f324fcdd-c742-4882-bf0f-17e5edd5a90a@group-D45398A5843A->d66e294e-0eb7-4194-a364-fc35d68e543c-GrpcLogAppender-LogAppenderDaemon] INFO  server.GrpcLogAppender (GrpcLogAppender.java:installSnapshot(532)) - f324fcdd-c742-4882-bf0f-17e5edd5a90a@group-D45398A5843A->d66e294e-0eb7-4194-a364-fc35d68e543c-GrpcLogAppender: send f324fcdd-c742-4882-bf0f-17e5edd5a90a->d66e294e-0eb7-4194-a364-fc35d68e543c#0-t2,notify:(t:2, i:1)
2021-08-16 13:11:13,284 [pool-222-thread-1] INFO  ha.SCMHAManagerImpl (SCMHAManagerImpl.java:verifyCheckpointFromLeader(172)) - Installing checkpoint with SCMTransactionInfo 2#24
2021-08-16 13:11:13,284 [pool-222-thread-1] INFO  server.RaftServer$Division (RaftServerImpl.java:lambda$notifyStateMachineToInstallSnapshot$30(1594)) - d66e294e-0eb7-4194-a364-fc35d68e543c@group-D45398A5843A: StateMachine successfully installed snapshot index 24. Reloading the StateMachine.
2021-08-16 13:11:13,284 [pool-222-thread-1] INFO  segmented.SegmentedRaftLogWorker (SegmentedRaftLogWorker.java:lambda$new$0(133)) - d66e294e-0eb7-4194-a364-fc35d68e543c@group-D45398A5843A-SegmentedRaftLogWorker: flushIndex: setUnconditionally -1 -> 24
2021-08-16 13:11:13,284 [pool-222-thread-1] INFO  segmented.SegmentedRaftLogWorker (SegmentedRaftLogWorker.java:lambda$new$0(133)) - d66e294e-0eb7-4194-a364-fc35d68e543c@group-D45398A5843A-SegmentedRaftLogWorker: safeCacheEvictIndex: setUnconditionally -1 -> 24
2021-08-16 13:11:13,284 [pool-222-thread-1] INFO  raftlog.RaftLog (RaftLogBase.java:lambda$new$0(53)) - d66e294e-0eb7-4194-a364-fc35d68e543c@group-D45398A5843A-SegmentedRaftLog: snapshotIndex: updateIncreasingly -1 -> 24
2021-08-16 13:11:13,285 [grpc-default-executor-4] INFO  server.RaftServer$Division (RaftServerImpl.java:checkInconsistentAppendEntries(1293)) - d66e294e-0eb7-4194-a364-fc35d68e543c@group-D45398A5843A: Failed appendEntries as snapshot ((t:2, i:1)) installation is in progress
2021-08-16 13:11:13,285 [grpc-default-executor-4] INFO  server.RaftServer$Division (RaftServerImpl.java:checkInconsistentAppendEntries(1285)) - d66e294e-0eb7-4194-a364-fc35d68e543c@group-D45398A5843A: inconsistency entries. Reply:f324fcdd-c742-4882-bf0f-17e5edd5a90a<-d66e294e-0eb7-4194-a364-fc35d68e543c#18:FAIL-t2,INCONSISTENCY,nextIndex=25,followerCommit=24
2021-08-16 13:11:13,285 [grpc-default-executor-4] INFO  server.RaftServer$Division (RaftServerImpl.java:installSnapshot(1329)) - d66e294e-0eb7-4194-a364-fc35d68e543c@group-D45398A5843A: receive installSnapshot: f324fcdd-c742-4882-bf0f-17e5edd5a90a->d66e294e-0eb7-4194-a364-fc35d68e543c#0-t2,notify:(t:2, i:1)
2021-08-16 13:11:13,286 [grpc-default-executor-4] INFO  server.RaftServer$Division (RaftServerImpl.java:notifyStateMachineToInstallSnapshot(1611)) - d66e294e-0eb7-4194-a364-fc35d68e543c@group-D45398A5843A: Snapshot Installation by StateMachine is in progress.
2021-08-16 13:11:13,286 [grpc-default-executor-4] INFO  server.RaftServer$Division (RaftServerImpl.java:installSnapshotImpl(1459)) - d66e294e-0eb7-4194-a364-fc35d68e543c@group-D45398A5843A: set new configuration index: 5
configurationEntry {
  peers {
    id: "161c1ac7-ff07-4d6f-a20c-3f676ae8d443"
    address: "localhost:13650"
  }
  peers {
    id: "f324fcdd-c742-4882-bf0f-17e5edd5a90a"
    address: "localhost:13640"
  }
}
 from snapshot
2021-08-16 13:11:13,286 [grpc-default-executor-4] INFO  server.RaftServer$Division (ServerState.java:setRaftConf(387)) - d66e294e-0eb7-4194-a364-fc35d68e543c@group-D45398A5843A: set configuration 5: [161c1ac7-ff07-4d6f-a20c-3f676ae8d443|rpc:localhost:13650|admin:|client:|dataStream:|priority:0, f324fcdd-c742-4882-bf0f-17e5edd5a90a|rpc:localhost:13640|admin:|client:|dataStream:|priority:0], old=null
2021-08-16 13:11:13,286 [grpc-default-executor-4] INFO  server.RaftServer$Division (RaftServerImpl.java:installSnapshot(1340)) - d66e294e-0eb7-4194-a364-fc35d68e543c@group-D45398A5843A: reply installSnapshot: f324fcdd-c742-4882-bf0f-17e5edd5a90a<-d66e294e-0eb7-4194-a364-fc35d68e543c#0:FAIL-t2,IN_PROGRESS
2021-08-16 13:11:13,286 [grpc-default-executor-4] INFO  server.GrpcServerProtocolService (GrpcServerProtocolService.java:onCompleted(140)) - d66e294e-0eb7-4194-a364-fc35d68e543c: Completed INSTALL_SNAPSHOT, lastRequest: f324fcdd-c742-4882-bf0f-17e5edd5a90a->d66e294e-0eb7-4194-a364-fc35d68e543c#0-t2,notify:(t:2, i:1)
2021-08-16 13:11:13,287 [grpc-default-executor-1] INFO  server.GrpcLogAppender (GrpcLogAppender.java:onNext(400)) - f324fcdd-c742-4882-bf0f-17e5edd5a90a@group-D45398A5843A->d66e294e-0eb7-4194-a364-fc35d68e543c-InstallSnapshotResponseHandler: received a reply f324fcdd-c742-4882-bf0f-17e5edd5a90a<-d66e294e-0eb7-4194-a364-fc35d68e543c#0:FAIL-t2,IN_PROGRESS
2021-08-16 13:11:13,287 [grpc-default-executor-1] INFO  server.GrpcLogAppender (GrpcLogAppender.java:onNext(417)) - f324fcdd-c742-4882-bf0f-17e5edd5a90a@group-D45398A5843A->d66e294e-0eb7-4194-a364-fc35d68e543c-InstallSnapshotResponseHandler: InstallSnapshot in progress.
2021-08-16 13:11:13,287 [grpc-default-executor-4] INFO  leader.FollowerInfo (FollowerInfoImpl.java:lambda$new$0(46)) - f324fcdd-c742-4882-bf0f-17e5edd5a90a@group-D45398A5843A->d66e294e-0eb7-4194-a364-fc35d68e543c: nextIndex: updateUnconditionally 0 -> 25
2021-08-16 13:11:13,392 [d66e294e-0eb7-4194-a364-fc35d68e543c@group-D45398A5843A-StateMachineUpdater] INFO  ha.SCMHAManagerImpl (SCMHAManagerImpl.java:installCheckpoint(227)) - Installing checkpoint with SCMTransactionInfo 2#24
2021-08-16 13:11:13,393 [d66e294e-0eb7-4194-a364-fc35d68e543c@group-D45398A5843A-StateMachineUpdater] INFO  ha.SCMHAManagerImpl (SCMHAManagerImpl.java:installCheckpoint(266)) - Replaced DB with checkpoint, term: 2, index: 24
2021-08-16 13:11:13,393 [d66e294e-0eb7-4194-a364-fc35d68e543c@group-D45398A5843A-StateMachineUpdater] WARN  utils.HAUtils (HAUtils.java:getMetaDir(342)) - ozone.scm.db.dirs is not configured. We recommend adding this setting. Falling back to ozone.metadata.dirs instead.
2021-08-16 13:11:13,395 [d66e294e-0eb7-4194-a364-fc35d68e543c@group-D45398A5843A-StateMachineUpdater] WARN  db.DBStoreBuilder (DBStoreBuilder.java:applyDBDefinition(145)) - ozone.scm.db.dirs is not configured. We recommend adding this setting. Falling back to ozone.metadata.dirs instead.
2021-08-16 13:11:13,462 [d66e294e-0eb7-4194-a364-fc35d68e543c@group-D45398A5843A-StateMachineUpdater] INFO  ha.SequenceIdGenerator (SequenceIdGenerator.java:reinitialize(165)) - reinitialize SequenceIdGenerator.
2021-08-16 13:11:13,465 [d66e294e-0eb7-4194-a364-fc35d68e543c@group-D45398A5843A-StateMachineUpdater] INFO  ha.SCMHAManagerImpl (SCMHAManagerImpl.java:installCheckpoint(277)) - Reloaded SCM state with Term: 2 and Index: 24
2021-08-16 13:11:13,465 [d66e294e-0eb7-4194-a364-fc35d68e543c@group-D45398A5843A-StateMachineUpdater] INFO  impl.StateMachineUpdater (StateMachineUpdater.java:lambda$new$0(89)) - d66e294e-0eb7-4194-a364-fc35d68e543c@group-D45398A5843A-StateMachineUpdater: snapshotIndex: setUnconditionally -1 -> 24
2021-08-16 13:11:13,465 [d66e294e-0eb7-4194-a364-fc35d68e543c@group-D45398A5843A-StateMachineUpdater] INFO  impl.StateMachineUpdater (StateMachineUpdater.java:lambda$new$0(89)) - d66e294e-0eb7-4194-a364-fc35d68e543c@group-D45398A5843A-StateMachineUpdater: appliedIndex: setUnconditionally -1 -> 24
2021-08-16 13:11:13,645 [EndpointStateMachine task thread for /127.0.0.1:15291 - 0 ] INFO  ipc.Client (Client.java:handleConnectionFailure(977)) - Retrying connect to server: localhost/127.0.0.1:15291. Already tried 2 time(s); retry policy is RetryUpToMaximumCountWithFixedSleep(maxRetries=15, sleepTime=1000 MILLISECONDS)
2021-08-16 13:11:13,647 [EndpointStateMachine task thread for /127.0.0.1:15281 - 0 ] INFO  ipc.Client (Client.java:handleConnectionFailure(977)) - Retrying connect to server: localhost/127.0.0.1:15281. Already tried 2 time(s); retry policy is RetryUpToMaximumCountWithFixedSleep(maxRetries=15, sleepTime=1000 MILLISECONDS)
2021-08-16 13:11:13,649 [EndpointStateMachine task thread for /127.0.0.1:15301 - 0 ] INFO  ipc.Client (Client.java:handleConnectionFailure(977)) - Retrying connect to server: localhost/127.0.0.1:15301. Already tried 2 time(s); retry policy is RetryUpToMaximumCountWithFixedSleep(maxRetries=15, sleepTime=1000 MILLISECONDS)
2021-08-16 13:11:14,498 [Datanode State Machine Thread - 0] ERROR datanode.RunningDatanodeState (RunningDatanodeState.java:computeNextContainerState(199)) - Error in executing end point task.
java.util.concurrent.ExecutionException: java.util.concurrent.TimeoutException
	at java.util.concurrent.FutureTask.report(FutureTask.java:122)
	at java.util.concurrent.FutureTask.get(FutureTask.java:192)
	at org.apache.hadoop.ozone.container.common.states.datanode.RunningDatanodeState.computeNextContainerState(RunningDatanodeState.java:191)
	at org.apache.hadoop.ozone.container.common.states.datanode.RunningDatanodeState.await(RunningDatanodeState.java:231)
	at org.apache.hadoop.ozone.container.common.states.datanode.RunningDatanodeState.await(RunningDatanodeState.java:50)
	at org.apache.hadoop.ozone.container.common.statemachine.StateContext.execute(StateContext.java:629)
	at org.apache.hadoop.ozone.container.common.statemachine.DatanodeStateMachine.start(DatanodeStateMachine.java:270)
	at org.apache.hadoop.ozone.container.common.statemachine.DatanodeStateMachine.lambda$startDaemon$0(DatanodeStateMachine.java:456)
	at java.lang.Thread.run(Thread.java:748)
Caused by: java.util.concurrent.TimeoutException
	at java.util.concurrent.FutureTask.get(FutureTask.java:205)
	at org.apache.hadoop.ozone.container.common.states.datanode.RunningDatanodeState.lambda$execute$0(RunningDatanodeState.java:149)
	at java.util.concurrent.FutureTask.run(FutureTask.java:266)
	at java.util.concurrent.Executors$RunnableAdapter.call(Executors.java:511)
	at java.util.concurrent.FutureTask.run(FutureTask.java:266)
	at java.util.concurrent.ThreadPoolExecutor.runWorker(ThreadPoolExecutor.java:1149)
	at java.util.concurrent.ThreadPoolExecutor$Worker.run(ThreadPoolExecutor.java:624)
	... 1 more
2021-08-16 13:11:14,646 [EndpointStateMachine task thread for /127.0.0.1:15291 - 0 ] INFO  ipc.Client (Client.java:handleConnectionFailure(977)) - Retrying connect to server: localhost/127.0.0.1:15291. Already tried 3 time(s); retry policy is RetryUpToMaximumCountWithFixedSleep(maxRetries=15, sleepTime=1000 MILLISECONDS)
2021-08-16 13:11:14,648 [EndpointStateMachine task thread for /127.0.0.1:15281 - 0 ] INFO  ipc.Client (Client.java:handleConnectionFailure(977)) - Retrying connect to server: localhost/127.0.0.1:15281. Already tried 3 time(s); retry policy is RetryUpToMaximumCountWithFixedSleep(maxRetries=15, sleepTime=1000 MILLISECONDS)
2021-08-16 13:11:14,650 [EndpointStateMachine task thread for /127.0.0.1:15301 - 0 ] INFO  ipc.Client (Client.java:handleConnectionFailure(977)) - Retrying connect to server: localhost/127.0.0.1:15301. Already tried 3 time(s); retry policy is RetryUpToMaximumCountWithFixedSleep(maxRetries=15, sleepTime=1000 MILLISECONDS)
2021-08-16 13:11:15,085 [org.apache.ratis.util.JvmPauseMonitor$$Lambda$499/1198442960@3506213f] WARN  util.JvmPauseMonitor (JvmPauseMonitor.java:detectPause(124)) - JvmPauseMonitor-29512a7a-9393-40e5-8a40-953b2282bb1a: Detected pause in JVM or host machine (eg GC): pause of approximately 126764140ns.
GC pool 'PS Scavenge' had collection(s): count=1 time=336ms
2021-08-16 13:11:15,085 [org.apache.ratis.util.JvmPauseMonitor$$Lambda$499/1198442960@565b0224] WARN  util.JvmPauseMonitor (JvmPauseMonitor.java:detectPause(124)) - JvmPauseMonitor-fb992a77-9bc7-4c94-9eee-eafb24dfa6e7: Detected pause in JVM or host machine (eg GC): pause of approximately 127011456ns.
GC pool 'PS Scavenge' had collection(s): count=1 time=336ms
2021-08-16 13:11:15,086 [org.apache.ratis.util.JvmPauseMonitor$$Lambda$499/1198442960@7aa810b0] WARN  util.JvmPauseMonitor (JvmPauseMonitor.java:detectPause(124)) - JvmPauseMonitor-d66e294e-0eb7-4194-a364-fc35d68e543c: Detected pause in JVM or host machine (eg GC): pause of approximately 207713979ns.
GC pool 'PS Scavenge' had collection(s): count=1 time=336ms
2021-08-16 13:11:15,086 [org.apache.ratis.util.JvmPauseMonitor$$Lambda$499/1198442960@d4f82ce] WARN  util.JvmPauseMonitor (JvmPauseMonitor.java:detectPause(124)) - JvmPauseMonitor-6430af1b-8c1e-4941-b86e-70a611f1e973: Detected pause in JVM or host machine (eg GC): pause of approximately 221822609ns.
GC pool 'PS Scavenge' had collection(s): count=1 time=336ms
2021-08-16 13:11:15,262 [Datanode State Machine Thread - 0] ERROR datanode.RunningDatanodeState (RunningDatanodeState.java:computeNextContainerState(199)) - Error in executing end point task.
java.util.concurrent.ExecutionException: java.util.concurrent.TimeoutException
	at java.util.concurrent.FutureTask.report(FutureTask.java:122)
	at java.util.concurrent.FutureTask.get(FutureTask.java:192)
	at org.apache.hadoop.ozone.container.common.states.datanode.RunningDatanodeState.computeNextContainerState(RunningDatanodeState.java:191)
	at org.apache.hadoop.ozone.container.common.states.datanode.RunningDatanodeState.await(RunningDatanodeState.java:231)
	at org.apache.hadoop.ozone.container.common.states.datanode.RunningDatanodeState.await(RunningDatanodeState.java:50)
	at org.apache.hadoop.ozone.container.common.statemachine.StateContext.execute(StateContext.java:629)
	at org.apache.hadoop.ozone.container.common.statemachine.DatanodeStateMachine.start(DatanodeStateMachine.java:270)
	at org.apache.hadoop.ozone.container.common.statemachine.DatanodeStateMachine.lambda$startDaemon$0(DatanodeStateMachine.java:456)
	at java.lang.Thread.run(Thread.java:748)
Caused by: java.util.concurrent.TimeoutException
	at java.util.concurrent.FutureTask.get(FutureTask.java:205)
	at org.apache.hadoop.ozone.container.common.states.datanode.RunningDatanodeState.lambda$execute$0(RunningDatanodeState.java:149)
	at java.util.concurrent.FutureTask.run(FutureTask.java:266)
	at java.util.concurrent.Executors$RunnableAdapter.call(Executors.java:511)
	at java.util.concurrent.FutureTask.run(FutureTask.java:266)
	at java.util.concurrent.ThreadPoolExecutor.runWorker(ThreadPoolExecutor.java:1149)
	at java.util.concurrent.ThreadPoolExecutor$Worker.run(ThreadPoolExecutor.java:624)
	... 1 more
2021-08-16 13:11:15,646 [EndpointStateMachine task thread for /127.0.0.1:15291 - 0 ] INFO  ipc.Client (Client.java:handleConnectionFailure(977)) - Retrying connect to server: localhost/127.0.0.1:15291. Already tried 4 time(s); retry policy is RetryUpToMaximumCountWithFixedSleep(maxRetries=15, sleepTime=1000 MILLISECONDS)
2021-08-16 13:11:15,648 [EndpointStateMachine task thread for /127.0.0.1:15281 - 0 ] INFO  ipc.Client (Client.java:handleConnectionFailure(977)) - Retrying connect to server: localhost/127.0.0.1:15281. Already tried 4 time(s); retry policy is RetryUpToMaximumCountWithFixedSleep(maxRetries=15, sleepTime=1000 MILLISECONDS)
2021-08-16 13:11:15,650 [EndpointStateMachine task thread for /127.0.0.1:15301 - 0 ] INFO  ipc.Client (Client.java:handleConnectionFailure(977)) - Retrying connect to server: localhost/127.0.0.1:15301. Already tried 4 time(s); retry policy is RetryUpToMaximumCountWithFixedSleep(maxRetries=15, sleepTime=1000 MILLISECONDS)
2021-08-16 13:11:16,648 [EndpointStateMachine task thread for /127.0.0.1:15291 - 0 ] INFO  ipc.Client (Client.java:handleConnectionFailure(977)) - Retrying connect to server: localhost/127.0.0.1:15291. Already tried 5 time(s); retry policy is RetryUpToMaximumCountWithFixedSleep(maxRetries=15, sleepTime=1000 MILLISECONDS)
2021-08-16 13:11:16,649 [EndpointStateMachine task thread for /127.0.0.1:15281 - 0 ] INFO  ipc.Client (Client.java:handleConnectionFailure(977)) - Retrying connect to server: localhost/127.0.0.1:15281. Already tried 5 time(s); retry policy is RetryUpToMaximumCountWithFixedSleep(maxRetries=15, sleepTime=1000 MILLISECONDS)
2021-08-16 13:11:16,650 [EndpointStateMachine task thread for /127.0.0.1:15301 - 0 ] INFO  ipc.Client (Client.java:handleConnectionFailure(977)) - Retrying connect to server: localhost/127.0.0.1:15301. Already tried 5 time(s); retry policy is RetryUpToMaximumCountWithFixedSleep(maxRetries=15, sleepTime=1000 MILLISECONDS)
2021-08-16 13:11:17,265 [Datanode State Machine Thread - 0] ERROR datanode.RunningDatanodeState (RunningDatanodeState.java:computeNextContainerState(199)) - Error in executing end point task.
java.util.concurrent.ExecutionException: java.util.concurrent.TimeoutException
	at java.util.concurrent.FutureTask.report(FutureTask.java:122)
	at java.util.concurrent.FutureTask.get(FutureTask.java:192)
	at org.apache.hadoop.ozone.container.common.states.datanode.RunningDatanodeState.computeNextContainerState(RunningDatanodeState.java:191)
	at org.apache.hadoop.ozone.container.common.states.datanode.RunningDatanodeState.await(RunningDatanodeState.java:231)
	at org.apache.hadoop.ozone.container.common.states.datanode.RunningDatanodeState.await(RunningDatanodeState.java:50)
	at org.apache.hadoop.ozone.container.common.statemachine.StateContext.execute(StateContext.java:629)
	at org.apache.hadoop.ozone.container.common.statemachine.DatanodeStateMachine.start(DatanodeStateMachine.java:270)
	at org.apache.hadoop.ozone.container.common.statemachine.DatanodeStateMachine.lambda$startDaemon$0(DatanodeStateMachine.java:456)
	at java.lang.Thread.run(Thread.java:748)
Caused by: java.util.concurrent.TimeoutException
	at java.util.concurrent.FutureTask.get(FutureTask.java:205)
	at org.apache.hadoop.ozone.container.common.states.datanode.RunningDatanodeState.lambda$execute$0(RunningDatanodeState.java:149)
	at java.util.concurrent.FutureTask.run(FutureTask.java:266)
	at java.util.concurrent.Executors$RunnableAdapter.call(Executors.java:511)
	at java.util.concurrent.FutureTask.run(FutureTask.java:266)
	at java.util.concurrent.ThreadPoolExecutor.runWorker(ThreadPoolExecutor.java:1149)
	at java.util.concurrent.ThreadPoolExecutor$Worker.run(ThreadPoolExecutor.java:624)
	... 1 more
2021-08-16 13:11:17,404 [29512a7a-9393-40e5-8a40-953b2282bb1a@group-B8DBC5B42549-FollowerState] INFO  impl.FollowerState (FollowerState.java:run(134)) - 29512a7a-9393-40e5-8a40-953b2282bb1a@group-B8DBC5B42549-FollowerState: change to CANDIDATE, lastRpcElapsedTime:5084124227ns, electionTimeout:5082ms
2021-08-16 13:11:17,404 [29512a7a-9393-40e5-8a40-953b2282bb1a@group-B8DBC5B42549-FollowerState] INFO  impl.RoleInfo (RoleInfo.java:shutdownFollowerState(108)) - 29512a7a-9393-40e5-8a40-953b2282bb1a: shutdown 29512a7a-9393-40e5-8a40-953b2282bb1a@group-B8DBC5B42549-FollowerState
2021-08-16 13:11:17,405 [29512a7a-9393-40e5-8a40-953b2282bb1a@group-B8DBC5B42549-FollowerState] INFO  server.RaftServer$Division (RaftServerImpl.java:setRole(285)) - 29512a7a-9393-40e5-8a40-953b2282bb1a@group-B8DBC5B42549: changes role from  FOLLOWER to CANDIDATE at term 1 for changeToCandidate
2021-08-16 13:11:17,405 [29512a7a-9393-40e5-8a40-953b2282bb1a@group-B8DBC5B42549-FollowerState] INFO  server.RaftServerConfigKeys (ConfUtils.java:logGet(44)) - raft.server.leaderelection.pre-vote = false (custom)
2021-08-16 13:11:17,405 [29512a7a-9393-40e5-8a40-953b2282bb1a@group-B8DBC5B42549-FollowerState] INFO  impl.RoleInfo (RoleInfo.java:updateAndGet(130)) - 29512a7a-9393-40e5-8a40-953b2282bb1a: start 29512a7a-9393-40e5-8a40-953b2282bb1a@group-B8DBC5B42549-LeaderElection23
2021-08-16 13:11:17,412 [29512a7a-9393-40e5-8a40-953b2282bb1a@group-B8DBC5B42549-LeaderElection23] INFO  impl.LeaderElection (LeaderElection.java:askForVotes(306)) - 29512a7a-9393-40e5-8a40-953b2282bb1a@group-B8DBC5B42549-LeaderElection23 ELECTION round 0: submit vote requests at term 2 for -1: [6430af1b-8c1e-4941-b86e-70a611f1e973|rpc:127.0.0.1:46065|dataStream:|priority:0, 29512a7a-9393-40e5-8a40-953b2282bb1a|rpc:127.0.0.1:38169|dataStream:|priority:1, fb992a77-9bc7-4c94-9eee-eafb24dfa6e7|rpc:127.0.0.1:40407|dataStream:|priority:0], old=null
2021-08-16 13:11:17,416 [grpc-default-executor-4] INFO  server.RaftServer$Division (RaftServerImpl.java:requestVote(1043)) - 6430af1b-8c1e-4941-b86e-70a611f1e973@group-B8DBC5B42549: receive requestVote(ELECTION, 29512a7a-9393-40e5-8a40-953b2282bb1a, group-B8DBC5B42549, 2, (t:0, i:0))
2021-08-16 13:11:17,427 [grpc-default-executor-4] INFO  impl.VoteContext (VoteContext.java:log(48)) - 6430af1b-8c1e-4941-b86e-70a611f1e973@group-B8DBC5B42549-FOLLOWER: accept ELECTION from 29512a7a-9393-40e5-8a40-953b2282bb1a: our priority 0 <= candidate's priority 1
2021-08-16 13:11:17,427 [grpc-default-executor-4] INFO  server.RaftServer$Division (RaftServerImpl.java:setRole(285)) - 6430af1b-8c1e-4941-b86e-70a611f1e973@group-B8DBC5B42549: changes role from  FOLLOWER to FOLLOWER at term 2 for candidate:29512a7a-9393-40e5-8a40-953b2282bb1a
2021-08-16 13:11:17,427 [grpc-default-executor-4] INFO  impl.RoleInfo (RoleInfo.java:shutdownFollowerState(108)) - 6430af1b-8c1e-4941-b86e-70a611f1e973: shutdown 6430af1b-8c1e-4941-b86e-70a611f1e973@group-B8DBC5B42549-FollowerState
2021-08-16 13:11:17,427 [6430af1b-8c1e-4941-b86e-70a611f1e973@group-B8DBC5B42549-FollowerState] INFO  impl.FollowerState (FollowerState.java:run(143)) - 6430af1b-8c1e-4941-b86e-70a611f1e973@group-B8DBC5B42549-FollowerState was interrupted: {}
java.lang.InterruptedException: sleep interrupted
	at java.lang.Thread.sleep(Native Method)
	at java.lang.Thread.sleep(Thread.java:340)
	at java.util.concurrent.TimeUnit.sleep(TimeUnit.java:386)
	at org.apache.ratis.util.TimeDuration.sleep(TimeDuration.java:324)
	at org.apache.ratis.util.TimeDuration.sleep(TimeDuration.java:309)
	at org.apache.ratis.server.impl.FollowerState.run(FollowerState.java:118)
2021-08-16 13:11:17,427 [grpc-default-executor-4] INFO  impl.RoleInfo (RoleInfo.java:updateAndGet(130)) - 6430af1b-8c1e-4941-b86e-70a611f1e973: start 6430af1b-8c1e-4941-b86e-70a611f1e973@group-B8DBC5B42549-FollowerState
2021-08-16 13:11:17,431 [grpc-default-executor-4] INFO  server.RaftServer$Division (RaftServerImpl.java:requestVote(1075)) - 6430af1b-8c1e-4941-b86e-70a611f1e973@group-B8DBC5B42549 replies to ELECTION vote request: 29512a7a-9393-40e5-8a40-953b2282bb1a<-6430af1b-8c1e-4941-b86e-70a611f1e973#0:OK-t2. Peer's state: 6430af1b-8c1e-4941-b86e-70a611f1e973@group-B8DBC5B42549:t2, leader=null, voted=29512a7a-9393-40e5-8a40-953b2282bb1a, raftlog=6430af1b-8c1e-4941-b86e-70a611f1e973@group-B8DBC5B42549-SegmentedRaftLog:OPENED:c-1,f-1,i0, conf=-1: [6430af1b-8c1e-4941-b86e-70a611f1e973|rpc:127.0.0.1:46065|dataStream:|priority:0, 29512a7a-9393-40e5-8a40-953b2282bb1a|rpc:127.0.0.1:38169|dataStream:|priority:1, fb992a77-9bc7-4c94-9eee-eafb24dfa6e7|rpc:127.0.0.1:40407|dataStream:|priority:0], old=null
2021-08-16 13:11:17,436 [29512a7a-9393-40e5-8a40-953b2282bb1a@group-B8DBC5B42549-LeaderElection23] INFO  impl.LeaderElection (LeaderElection.java:logAndReturn(89)) - 29512a7a-9393-40e5-8a40-953b2282bb1a@group-B8DBC5B42549-LeaderElection23: ELECTION PASSED received 1 response(s) and 0 exception(s):
2021-08-16 13:11:17,436 [29512a7a-9393-40e5-8a40-953b2282bb1a@group-B8DBC5B42549-LeaderElection23] INFO  impl.LeaderElection (LeaderElection.java:logAndReturn(93)) -   Response 0: 29512a7a-9393-40e5-8a40-953b2282bb1a<-6430af1b-8c1e-4941-b86e-70a611f1e973#0:OK-t2
2021-08-16 13:11:17,436 [29512a7a-9393-40e5-8a40-953b2282bb1a@group-B8DBC5B42549-LeaderElection23] INFO  impl.LeaderElection (LeaderElection.java:askForVotes(308)) - 29512a7a-9393-40e5-8a40-953b2282bb1a@group-B8DBC5B42549-LeaderElection23 ELECTION round 0: result PASSED
2021-08-16 13:11:17,436 [29512a7a-9393-40e5-8a40-953b2282bb1a@group-B8DBC5B42549-LeaderElection23] INFO  impl.RoleInfo (RoleInfo.java:shutdownLeaderElection(121)) - 29512a7a-9393-40e5-8a40-953b2282bb1a: shutdown 29512a7a-9393-40e5-8a40-953b2282bb1a@group-B8DBC5B42549-LeaderElection23
2021-08-16 13:11:17,436 [29512a7a-9393-40e5-8a40-953b2282bb1a@group-B8DBC5B42549-LeaderElection23] INFO  server.RaftServer$Division (RaftServerImpl.java:setRole(285)) - 29512a7a-9393-40e5-8a40-953b2282bb1a@group-B8DBC5B42549: changes role from CANDIDATE to LEADER at term 2 for changeToLeader
2021-08-16 13:11:17,436 [29512a7a-9393-40e5-8a40-953b2282bb1a@group-B8DBC5B42549-LeaderElection23] INFO  ratis.XceiverServerRatis (XceiverServerRatis.java:handleLeaderChangedNotification(861)) - Leader change notification received for group: group-B8DBC5B42549 with new leaderId: 29512a7a-9393-40e5-8a40-953b2282bb1a
2021-08-16 13:11:17,436 [grpc-default-executor-4] INFO  server.RaftServer$Division (RaftServerImpl.java:requestVote(1043)) - fb992a77-9bc7-4c94-9eee-eafb24dfa6e7@group-B8DBC5B42549: receive requestVote(ELECTION, 29512a7a-9393-40e5-8a40-953b2282bb1a, group-B8DBC5B42549, 2, (t:0, i:0))
2021-08-16 13:11:17,436 [29512a7a-9393-40e5-8a40-953b2282bb1a@group-B8DBC5B42549-LeaderElection23] INFO  server.RaftServer$Division (ServerState.java:setLeader(285)) - 29512a7a-9393-40e5-8a40-953b2282bb1a@group-B8DBC5B42549: change Leader from null to 29512a7a-9393-40e5-8a40-953b2282bb1a at term 2 for becomeLeader, leader elected after 10201ms
2021-08-16 13:11:17,436 [grpc-default-executor-4] INFO  impl.VoteContext (VoteContext.java:log(48)) - fb992a77-9bc7-4c94-9eee-eafb24dfa6e7@group-B8DBC5B42549-FOLLOWER: accept ELECTION from 29512a7a-9393-40e5-8a40-953b2282bb1a: our priority 0 <= candidate's priority 1
2021-08-16 13:11:17,436 [grpc-default-executor-4] INFO  server.RaftServer$Division (RaftServerImpl.java:setRole(285)) - fb992a77-9bc7-4c94-9eee-eafb24dfa6e7@group-B8DBC5B42549: changes role from  FOLLOWER to FOLLOWER at term 2 for candidate:29512a7a-9393-40e5-8a40-953b2282bb1a
2021-08-16 13:11:17,436 [grpc-default-executor-4] INFO  impl.RoleInfo (RoleInfo.java:shutdownFollowerState(108)) - fb992a77-9bc7-4c94-9eee-eafb24dfa6e7: shutdown fb992a77-9bc7-4c94-9eee-eafb24dfa6e7@group-B8DBC5B42549-FollowerState
2021-08-16 13:11:17,437 [fb992a77-9bc7-4c94-9eee-eafb24dfa6e7@group-B8DBC5B42549-FollowerState] INFO  impl.FollowerState (FollowerState.java:run(143)) - fb992a77-9bc7-4c94-9eee-eafb24dfa6e7@group-B8DBC5B42549-FollowerState was interrupted: {}
java.lang.InterruptedException: sleep interrupted
	at java.lang.Thread.sleep(Native Method)
	at java.lang.Thread.sleep(Thread.java:340)
	at java.util.concurrent.TimeUnit.sleep(TimeUnit.java:386)
	at org.apache.ratis.util.TimeDuration.sleep(TimeDuration.java:324)
	at org.apache.ratis.util.TimeDuration.sleep(TimeDuration.java:309)
	at org.apache.ratis.server.impl.FollowerState.run(FollowerState.java:118)
2021-08-16 13:11:17,436 [29512a7a-9393-40e5-8a40-953b2282bb1a@group-B8DBC5B42549-LeaderElection23] INFO  server.RaftServerConfigKeys (ConfUtils.java:logGet(44)) - raft.server.staging.catchup.gap = 1000 (default)
2021-08-16 13:11:17,440 [EventQueue-PipelineReportForPipelineReportHandler] INFO  pipeline.PipelineManagerImpl (PipelineManagerImpl.java:openPipeline(283)) - Pipeline Pipeline[ Id: 962f00f2-eecd-4ec7-a4b2-b8dbc5b42549, Nodes: fb992a77-9bc7-4c94-9eee-eafb24dfa6e7{ip: 127.0.0.1, host: localhost, ports: [REPLICATION=39287, RATIS=40407, RATIS_ADMIN=40407, RATIS_SERVER=40407, STANDALONE=35263], networkLocation: /default-rack, certSerialId: null, persistedOpState: IN_SERVICE, persistedOpStateExpiryEpochSec: 0}29512a7a-9393-40e5-8a40-953b2282bb1a{ip: 127.0.0.1, host: localhost, ports: [REPLICATION=34631, RATIS=38169, RATIS_ADMIN=38169, RATIS_SERVER=38169, STANDALONE=40629], networkLocation: /default-rack, certSerialId: null, persistedOpState: IN_SERVICE, persistedOpStateExpiryEpochSec: 0}6430af1b-8c1e-4941-b86e-70a611f1e973{ip: 127.0.0.1, host: localhost, ports: [REPLICATION=38051, RATIS=46065, RATIS_ADMIN=46065, RATIS_SERVER=46065, STANDALONE=42265], networkLocation: /default-rack, certSerialId: null, persistedOpState: IN_SERVICE, persistedOpStateExpiryEpochSec: 0}, ReplicationConfig: RATIS/THREE, State:ALLOCATED, leaderId:29512a7a-9393-40e5-8a40-953b2282bb1a, CreationTimestamp2021-08-16T13:11:04.870Z[Etc/UTC]] moved to OPEN state
2021-08-16 13:11:17,441 [29512a7a-9393-40e5-8a40-953b2282bb1a@group-B8DBC5B42549-LeaderElection23] INFO  server.RaftServerConfigKeys (ConfUtils.java:logGet(44)) - raft.server.write.element-limit = 1024 (custom)
2021-08-16 13:11:17,441 [29512a7a-9393-40e5-8a40-953b2282bb1a@group-B8DBC5B42549-LeaderElection23] INFO  server.RaftServerConfigKeys (ConfUtils.java:logGet(44)) - raft.server.write.byte-limit = 1024 M (=1073741824) (custom)
2021-08-16 13:11:17,442 [29512a7a-9393-40e5-8a40-953b2282bb1a@group-B8DBC5B42549-LeaderElection23] INFO  server.RaftServerConfigKeys (ConfUtils.java:logGet(44)) - raft.server.watch.timeout = 180s (custom)
2021-08-16 13:11:17,442 [29512a7a-9393-40e5-8a40-953b2282bb1a@group-B8DBC5B42549-LeaderElection23] INFO  server.RaftServerConfigKeys (ConfUtils.java:logGet(44)) - raft.server.watch.timeout.denomination = 1s (default)
2021-08-16 13:11:17,440 [EventQueue-PipelineReportForPipelineReportHandler] INFO  pipeline.PipelineManagerImpl (PipelineManagerImpl.java:openPipeline(283)) - Pipeline Pipeline[ Id: 962f00f2-eecd-4ec7-a4b2-b8dbc5b42549, Nodes: fb992a77-9bc7-4c94-9eee-eafb24dfa6e7{ip: 127.0.0.1, host: localhost, ports: [REPLICATION=39287, RATIS=40407, RATIS_ADMIN=40407, RATIS_SERVER=40407, STANDALONE=35263], networkLocation: /default-rack, certSerialId: null, persistedOpState: IN_SERVICE, persistedOpStateExpiryEpochSec: 0}29512a7a-9393-40e5-8a40-953b2282bb1a{ip: 127.0.0.1, host: localhost, ports: [REPLICATION=34631, RATIS=38169, RATIS_ADMIN=38169, RATIS_SERVER=38169, STANDALONE=40629], networkLocation: /default-rack, certSerialId: null, persistedOpState: IN_SERVICE, persistedOpStateExpiryEpochSec: 0}6430af1b-8c1e-4941-b86e-70a611f1e973{ip: 127.0.0.1, host: localhost, ports: [REPLICATION=38051, RATIS=46065, RATIS_ADMIN=46065, RATIS_SERVER=46065, STANDALONE=42265], networkLocation: /default-rack, certSerialId: null, persistedOpState: IN_SERVICE, persistedOpStateExpiryEpochSec: 0}, ReplicationConfig: RATIS/THREE, State:ALLOCATED, leaderId:29512a7a-9393-40e5-8a40-953b2282bb1a, CreationTimestamp2021-08-16T13:11:04.870Z[Etc/UTC]] moved to OPEN state
2021-08-16 13:11:17,437 [grpc-default-executor-4] INFO  impl.RoleInfo (RoleInfo.java:updateAndGet(130)) - fb992a77-9bc7-4c94-9eee-eafb24dfa6e7: start fb992a77-9bc7-4c94-9eee-eafb24dfa6e7@group-B8DBC5B42549-FollowerState
2021-08-16 13:11:17,443 [grpc-default-executor-1] INFO  segmented.SegmentedRaftLogWorker (SegmentedRaftLogWorker.java:startLogSegment(394)) - d66e294e-0eb7-4194-a364-fc35d68e543c@group-D45398A5843A-SegmentedRaftLogWorker: Starting segment from index:25
2021-08-16 13:11:17,442 [29512a7a-9393-40e5-8a40-953b2282bb1a@group-B8DBC5B42549-LeaderElection23] INFO  server.RaftServerConfigKeys (ConfUtils.java:logGet(44)) - raft.server.watch.element-limit = 65536 (default)
2021-08-16 13:11:17,442 [EventQueue-PipelineReportForPipelineReportHandler] INFO  ha.SCMHAInvocationHandler (SCMHAInvocationHandler.java:invokeRatis(113)) - Invoking method public abstract void org.apache.hadoop.hdds.scm.pipeline.StateManager.updatePipelineState(org.apache.hadoop.hdds.protocol.proto.HddsProtos$PipelineID,org.apache.hadoop.hdds.protocol.proto.HddsProtos$PipelineState) throws java.io.IOException on target org.apache.hadoop.hdds.scm.ha.SCMRatisServerImpl@3e4b6185, cost 414.827us
2021-08-16 13:11:17,444 [29512a7a-9393-40e5-8a40-953b2282bb1a@group-B8DBC5B42549-LeaderElection23] INFO  server.RaftServerConfigKeys (ConfUtils.java:logGet(44)) - raft.server.log.appender.snapshot.chunk.size.max = 16MB (=16777216) (default)
2021-08-16 13:11:17,444 [29512a7a-9393-40e5-8a40-953b2282bb1a@group-B8DBC5B42549-LeaderElection23] INFO  server.RaftServerConfigKeys (ConfUtils.java:logGet(44)) - raft.server.log.appender.buffer.byte-limit = 33554432 (custom)
2021-08-16 13:11:17,444 [29512a7a-9393-40e5-8a40-953b2282bb1a@group-B8DBC5B42549-LeaderElection23] INFO  server.RaftServerConfigKeys (ConfUtils.java:logGet(44)) - raft.server.log.appender.buffer.element-limit = 1 (custom)
2021-08-16 13:11:17,444 [29512a7a-9393-40e5-8a40-953b2282bb1a@group-B8DBC5B42549-LeaderElection23] INFO  grpc.GrpcConfigKeys (ConfUtils.java:logGet(44)) - raft.grpc.server.leader.outstanding.appends.max = 128 (default)
2021-08-16 13:11:17,444 [29512a7a-9393-40e5-8a40-953b2282bb1a@group-B8DBC5B42549-LeaderElection23] INFO  server.RaftServerConfigKeys (ConfUtils.java:logGet(44)) - raft.server.rpc.request.timeout = 60s (custom)
2021-08-16 13:11:17,445 [29512a7a-9393-40e5-8a40-953b2282bb1a@group-B8DBC5B42549-LeaderElection23] INFO  server.RaftServerConfigKeys (ConfUtils.java:logGet(44)) - raft.server.log.appender.install.snapshot.enabled = false (custom)
2021-08-16 13:11:17,445 [29512a7a-9393-40e5-8a40-953b2282bb1a@group-B8DBC5B42549-LeaderElection23] INFO  server.RaftServerConfigKeys (ConfUtils.java:logGet(44)) - raft.server.log.appender.snapshot.chunk.size.max = 16MB (=16777216) (default)
2021-08-16 13:11:17,445 [29512a7a-9393-40e5-8a40-953b2282bb1a@group-B8DBC5B42549-LeaderElection23] INFO  server.RaftServerConfigKeys (ConfUtils.java:logGet(44)) - raft.server.log.appender.buffer.byte-limit = 33554432 (custom)
2021-08-16 13:11:17,445 [29512a7a-9393-40e5-8a40-953b2282bb1a@group-B8DBC5B42549-LeaderElection23] INFO  server.RaftServerConfigKeys (ConfUtils.java:logGet(44)) - raft.server.log.appender.buffer.element-limit = 1 (custom)
2021-08-16 13:11:17,445 [29512a7a-9393-40e5-8a40-953b2282bb1a@group-B8DBC5B42549-LeaderElection23] INFO  grpc.GrpcConfigKeys (ConfUtils.java:logGet(44)) - raft.grpc.server.leader.outstanding.appends.max = 128 (default)
2021-08-16 13:11:17,445 [29512a7a-9393-40e5-8a40-953b2282bb1a@group-B8DBC5B42549-LeaderElection23] INFO  server.RaftServerConfigKeys (ConfUtils.java:logGet(44)) - raft.server.rpc.request.timeout = 60s (custom)
2021-08-16 13:11:17,445 [29512a7a-9393-40e5-8a40-953b2282bb1a@group-B8DBC5B42549-LeaderElection23] INFO  server.RaftServerConfigKeys (ConfUtils.java:logGet(44)) - raft.server.log.appender.install.snapshot.enabled = false (custom)
2021-08-16 13:11:17,446 [29512a7a-9393-40e5-8a40-953b2282bb1a@group-B8DBC5B42549-LeaderElection23] INFO  impl.RoleInfo (RoleInfo.java:updateAndGet(130)) - 29512a7a-9393-40e5-8a40-953b2282bb1a: start 29512a7a-9393-40e5-8a40-953b2282bb1a@group-B8DBC5B42549-LeaderStateImpl
2021-08-16 13:11:17,446 [29512a7a-9393-40e5-8a40-953b2282bb1a@group-B8DBC5B42549-LeaderElection23] INFO  segmented.SegmentedRaftLogWorker (SegmentedRaftLogWorker.java:startLogSegment(394)) - 29512a7a-9393-40e5-8a40-953b2282bb1a@group-B8DBC5B42549-SegmentedRaftLogWorker: Starting segment from index:0
2021-08-16 13:11:17,447 [grpc-default-executor-4] INFO  server.RaftServer$Division (RaftServerImpl.java:requestVote(1075)) - fb992a77-9bc7-4c94-9eee-eafb24dfa6e7@group-B8DBC5B42549 replies to ELECTION vote request: 29512a7a-9393-40e5-8a40-953b2282bb1a<-fb992a77-9bc7-4c94-9eee-eafb24dfa6e7#0:OK-t2. Peer's state: fb992a77-9bc7-4c94-9eee-eafb24dfa6e7@group-B8DBC5B42549:t2, leader=null, voted=29512a7a-9393-40e5-8a40-953b2282bb1a, raftlog=fb992a77-9bc7-4c94-9eee-eafb24dfa6e7@group-B8DBC5B42549-SegmentedRaftLog:OPENED:c-1,f-1,i0, conf=-1: [6430af1b-8c1e-4941-b86e-70a611f1e973|rpc:127.0.0.1:46065|priority:0, 29512a7a-9393-40e5-8a40-953b2282bb1a|rpc:127.0.0.1:38169|priority:1, fb992a77-9bc7-4c94-9eee-eafb24dfa6e7|rpc:127.0.0.1:40407|priority:0], old=null
2021-08-16 13:11:17,449 [EventQueue-PipelineReportForPipelineReportHandler] INFO  ha.SCMHAInvocationHandler (SCMHAInvocationHandler.java:invokeRatis(113)) - Invoking method public abstract void org.apache.hadoop.hdds.scm.pipeline.StateManager.updatePipelineState(org.apache.hadoop.hdds.protocol.proto.HddsProtos$PipelineID,org.apache.hadoop.hdds.protocol.proto.HddsProtos$PipelineState) throws java.io.IOException on target org.apache.hadoop.hdds.scm.ha.SCMRatisServerImpl@78a76923, cost 6938.658us
2021-08-16 13:11:17,449 [f324fcdd-c742-4882-bf0f-17e5edd5a90a@group-D45398A5843A-StateMachineUpdater] INFO  ha.SCMStateMachine (SCMStateMachine.java:takeSnapshot(290)) - Current Snapshot Index 25, takeSnapshot took 0 ms
2021-08-16 13:11:17,449 [f324fcdd-c742-4882-bf0f-17e5edd5a90a@group-D45398A5843A-StateMachineUpdater] INFO  impl.StateMachineUpdater (StateMachineUpdater.java:takeSnapshot(281)) - f324fcdd-c742-4882-bf0f-17e5edd5a90a@group-D45398A5843A-StateMachineUpdater: Took a snapshot at index 25
2021-08-16 13:11:17,449 [f324fcdd-c742-4882-bf0f-17e5edd5a90a@group-D45398A5843A-StateMachineUpdater] INFO  impl.StateMachineUpdater (StateMachineUpdater.java:lambda$new$0(89)) - f324fcdd-c742-4882-bf0f-17e5edd5a90a@group-D45398A5843A-StateMachineUpdater: snapshotIndex: updateIncreasingly 20 -> 25
2021-08-16 13:11:17,449 [f324fcdd-c742-4882-bf0f-17e5edd5a90a@group-D45398A5843A-StateMachineUpdater] INFO  raftlog.RaftLog (RaftLogBase.java:purge(306)) - f324fcdd-c742-4882-bf0f-17e5edd5a90a@group-D45398A5843A-SegmentedRaftLog: purge 25
2021-08-16 13:11:17,449 [f324fcdd-c742-4882-bf0f-17e5edd5a90a@group-D45398A5843A-StateMachineUpdater] INFO  raftlog.RaftLog (RaftLogBase.java:lambda$new$0(53)) - f324fcdd-c742-4882-bf0f-17e5edd5a90a@group-D45398A5843A-SegmentedRaftLog: snapshotIndex: updateIncreasingly 20 -> 25
2021-08-16 13:11:17,449 [f324fcdd-c742-4882-bf0f-17e5edd5a90a@group-D45398A5843A-StateMachineUpdater] INFO  raftlog.RaftLog (RaftLogBase.java:lambda$new$0(53)) - f324fcdd-c742-4882-bf0f-17e5edd5a90a@group-D45398A5843A-SegmentedRaftLog: purgeIndex: updateToMax old=20, new=25, updated? true
2021-08-16 13:11:17,451 [d66e294e-0eb7-4194-a364-fc35d68e543c@group-D45398A5843A-SegmentedRaftLogWorker] INFO  segmented.SegmentedRaftLogWorker (SegmentedRaftLogWorker.java:execute(601)) - d66e294e-0eb7-4194-a364-fc35d68e543c@group-D45398A5843A-SegmentedRaftLogWorker: created new log segment /home/runner/work/ozone/ozone/hadoop-ozone/integration-test/target/test-dir/MiniOzoneClusterImpl-d497f94c-0a77-40f1-b0c4-d45398a5843a/scmNode-3/scm-ha/d497f94c-0a77-40f1-b0c4-d45398a5843a/current/log_inprogress_25
2021-08-16 13:11:17,451 [29512a7a-9393-40e5-8a40-953b2282bb1a@group-B8DBC5B42549-SegmentedRaftLogWorker] INFO  segmented.SegmentedRaftLogWorker (SegmentedRaftLogWorker.java:execute(601)) - 29512a7a-9393-40e5-8a40-953b2282bb1a@group-B8DBC5B42549-SegmentedRaftLogWorker: created new log segment /home/runner/work/ozone/ozone/hadoop-ozone/integration-test/target/test-dir/MiniOzoneClusterImpl-d497f94c-0a77-40f1-b0c4-d45398a5843a/datanode-1/data/ratis/962f00f2-eecd-4ec7-a4b2-b8dbc5b42549/current/log_inprogress_0
2021-08-16 13:11:17,452 [29512a7a-9393-40e5-8a40-953b2282bb1a@group-B8DBC5B42549-LeaderElection23] INFO  server.RaftServer$Division (ServerState.java:setRaftConf(387)) - 29512a7a-9393-40e5-8a40-953b2282bb1a@group-B8DBC5B42549: set configuration 0: [6430af1b-8c1e-4941-b86e-70a611f1e973|rpc:127.0.0.1:46065|dataStream:|priority:0, 29512a7a-9393-40e5-8a40-953b2282bb1a|rpc:127.0.0.1:38169|dataStream:|priority:1, fb992a77-9bc7-4c94-9eee-eafb24dfa6e7|rpc:127.0.0.1:40407|dataStream:|priority:0], old=null
2021-08-16 13:11:17,458 [grpc-default-executor-2] INFO  ratis.XceiverServerRatis (XceiverServerRatis.java:handleLeaderChangedNotification(861)) - Leader change notification received for group: group-B8DBC5B42549 with new leaderId: 29512a7a-9393-40e5-8a40-953b2282bb1a
2021-08-16 13:11:17,458 [grpc-default-executor-2] INFO  server.RaftServer$Division (ServerState.java:setLeader(285)) - 6430af1b-8c1e-4941-b86e-70a611f1e973@group-B8DBC5B42549: change Leader from null to 29512a7a-9393-40e5-8a40-953b2282bb1a at term 2 for appendEntries, leader elected after 10177ms
2021-08-16 13:11:17,467 [f324fcdd-c742-4882-bf0f-17e5edd5a90a@group-D45398A5843A-LeaderStateImpl] INFO  server.RaftServer$Division (ServerState.java:setRaftConf(387)) - f324fcdd-c742-4882-bf0f-17e5edd5a90a@group-D45398A5843A: set configuration 27: [161c1ac7-ff07-4d6f-a20c-3f676ae8d443|rpc:localhost:13650|priority:0, d66e294e-0eb7-4194-a364-fc35d68e543c|rpc:localhost:13660|priority:0, f324fcdd-c742-4882-bf0f-17e5edd5a90a|rpc:localhost:13640|admin:|client:|dataStream:|priority:0], old=[161c1ac7-ff07-4d6f-a20c-3f676ae8d443|rpc:localhost:13650|priority:0, f324fcdd-c742-4882-bf0f-17e5edd5a90a|rpc:localhost:13640|admin:|client:|dataStream:|priority:0]
2021-08-16 13:11:17,468 [grpc-default-executor-1] INFO  server.RaftServer$Division (ServerState.java:setRaftConf(387)) - d66e294e-0eb7-4194-a364-fc35d68e543c@group-D45398A5843A: set configuration 27: [161c1ac7-ff07-4d6f-a20c-3f676ae8d443|rpc:localhost:13650|admin:|client:|dataStream:|priority:0, d66e294e-0eb7-4194-a364-fc35d68e543c|rpc:localhost:13660|admin:|client:|dataStream:|priority:0, f324fcdd-c742-4882-bf0f-17e5edd5a90a|rpc:localhost:13640|admin:|client:|dataStream:|priority:0], old=[161c1ac7-ff07-4d6f-a20c-3f676ae8d443|rpc:localhost:13650|admin:|client:|dataStream:|priority:0, f324fcdd-c742-4882-bf0f-17e5edd5a90a|rpc:localhost:13640|admin:|client:|dataStream:|priority:0]
2021-08-16 13:11:17,468 [grpc-default-executor-5] INFO  server.RaftServer$Division (ServerState.java:setRaftConf(387)) - 161c1ac7-ff07-4d6f-a20c-3f676ae8d443@group-D45398A5843A: set configuration 27: [161c1ac7-ff07-4d6f-a20c-3f676ae8d443|rpc:localhost:13650|admin:|client:|dataStream:|priority:0, d66e294e-0eb7-4194-a364-fc35d68e543c|rpc:localhost:13660|admin:|client:|dataStream:|priority:0, f324fcdd-c742-4882-bf0f-17e5edd5a90a|rpc:localhost:13640|admin:|client:|dataStream:|priority:0], old=[161c1ac7-ff07-4d6f-a20c-3f676ae8d443|rpc:localhost:13650|admin:|client:|dataStream:|priority:0, f324fcdd-c742-4882-bf0f-17e5edd5a90a|rpc:localhost:13640|admin:|client:|dataStream:|priority:0]
2021-08-16 13:11:17,476 [grpc-default-executor-5] INFO  ratis.XceiverServerRatis (XceiverServerRatis.java:handleLeaderChangedNotification(861)) - Leader change notification received for group: group-B8DBC5B42549 with new leaderId: 29512a7a-9393-40e5-8a40-953b2282bb1a
2021-08-16 13:11:17,476 [grpc-default-executor-5] INFO  server.RaftServer$Division (ServerState.java:setLeader(285)) - fb992a77-9bc7-4c94-9eee-eafb24dfa6e7@group-B8DBC5B42549: change Leader from null to 29512a7a-9393-40e5-8a40-953b2282bb1a at term 2 for appendEntries, leader elected after 10267ms
2021-08-16 13:11:17,486 [161c1ac7-ff07-4d6f-a20c-3f676ae8d443@group-D45398A5843A-StateMachineUpdater] INFO  ha.SCMStateMachine (SCMStateMachine.java:takeSnapshot(290)) - Current Snapshot Index 25, takeSnapshot took 0 ms
2021-08-16 13:11:17,486 [161c1ac7-ff07-4d6f-a20c-3f676ae8d443@group-D45398A5843A-StateMachineUpdater] INFO  impl.StateMachineUpdater (StateMachineUpdater.java:takeSnapshot(281)) - 161c1ac7-ff07-4d6f-a20c-3f676ae8d443@group-D45398A5843A-StateMachineUpdater: Took a snapshot at index 25
2021-08-16 13:11:17,486 [161c1ac7-ff07-4d6f-a20c-3f676ae8d443@group-D45398A5843A-StateMachineUpdater] INFO  impl.StateMachineUpdater (StateMachineUpdater.java:lambda$new$0(89)) - 161c1ac7-ff07-4d6f-a20c-3f676ae8d443@group-D45398A5843A-StateMachineUpdater: snapshotIndex: updateIncreasingly 20 -> 25
2021-08-16 13:11:17,486 [161c1ac7-ff07-4d6f-a20c-3f676ae8d443@group-D45398A5843A-StateMachineUpdater] INFO  raftlog.RaftLog (RaftLogBase.java:purge(306)) - 161c1ac7-ff07-4d6f-a20c-3f676ae8d443@group-D45398A5843A-SegmentedRaftLog: purge 25
2021-08-16 13:11:17,486 [161c1ac7-ff07-4d6f-a20c-3f676ae8d443@group-D45398A5843A-StateMachineUpdater] INFO  raftlog.RaftLog (RaftLogBase.java:lambda$new$0(53)) - 161c1ac7-ff07-4d6f-a20c-3f676ae8d443@group-D45398A5843A-SegmentedRaftLog: snapshotIndex: updateIncreasingly 20 -> 25
2021-08-16 13:11:17,486 [161c1ac7-ff07-4d6f-a20c-3f676ae8d443@group-D45398A5843A-StateMachineUpdater] INFO  raftlog.RaftLog (RaftLogBase.java:lambda$new$0(53)) - 161c1ac7-ff07-4d6f-a20c-3f676ae8d443@group-D45398A5843A-SegmentedRaftLog: purgeIndex: updateToMax old=20, new=25, updated? true
2021-08-16 13:11:17,492 [grpc-default-executor-2] INFO  server.RaftServer$Division (ServerState.java:setRaftConf(387)) - 6430af1b-8c1e-4941-b86e-70a611f1e973@group-B8DBC5B42549: set configuration 0: [6430af1b-8c1e-4941-b86e-70a611f1e973|rpc:127.0.0.1:46065|dataStream:|priority:0, 29512a7a-9393-40e5-8a40-953b2282bb1a|rpc:127.0.0.1:38169|dataStream:|priority:1, fb992a77-9bc7-4c94-9eee-eafb24dfa6e7|rpc:127.0.0.1:40407|dataStream:|priority:0], old=null
2021-08-16 13:11:17,492 [grpc-default-executor-2] INFO  segmented.SegmentedRaftLogWorker (SegmentedRaftLogWorker.java:startLogSegment(394)) - 6430af1b-8c1e-4941-b86e-70a611f1e973@group-B8DBC5B42549-SegmentedRaftLogWorker: Starting segment from index:0
2021-08-16 13:11:17,495 [6430af1b-8c1e-4941-b86e-70a611f1e973@group-B8DBC5B42549-SegmentedRaftLogWorker] INFO  segmented.SegmentedRaftLogWorker (SegmentedRaftLogWorker.java:execute(601)) - 6430af1b-8c1e-4941-b86e-70a611f1e973@group-B8DBC5B42549-SegmentedRaftLogWorker: created new log segment /home/runner/work/ozone/ozone/hadoop-ozone/integration-test/target/test-dir/MiniOzoneClusterImpl-d497f94c-0a77-40f1-b0c4-d45398a5843a/datanode-2/data/ratis/962f00f2-eecd-4ec7-a4b2-b8dbc5b42549/current/log_inprogress_0
2021-08-16 13:11:17,515 [grpc-default-executor-5] INFO  server.RaftServer$Division (ServerState.java:setRaftConf(387)) - fb992a77-9bc7-4c94-9eee-eafb24dfa6e7@group-B8DBC5B42549: set configuration 0: [6430af1b-8c1e-4941-b86e-70a611f1e973|rpc:127.0.0.1:46065|dataStream:|priority:0, 29512a7a-9393-40e5-8a40-953b2282bb1a|rpc:127.0.0.1:38169|dataStream:|priority:1, fb992a77-9bc7-4c94-9eee-eafb24dfa6e7|rpc:127.0.0.1:40407|dataStream:|priority:0], old=null
2021-08-16 13:11:17,515 [grpc-default-executor-5] INFO  segmented.SegmentedRaftLogWorker (SegmentedRaftLogWorker.java:startLogSegment(394)) - fb992a77-9bc7-4c94-9eee-eafb24dfa6e7@group-B8DBC5B42549-SegmentedRaftLogWorker: Starting segment from index:0
2021-08-16 13:11:17,518 [fb992a77-9bc7-4c94-9eee-eafb24dfa6e7@group-B8DBC5B42549-SegmentedRaftLogWorker] INFO  segmented.SegmentedRaftLogWorker (SegmentedRaftLogWorker.java:execute(601)) - fb992a77-9bc7-4c94-9eee-eafb24dfa6e7@group-B8DBC5B42549-SegmentedRaftLogWorker: created new log segment /home/runner/work/ozone/ozone/hadoop-ozone/integration-test/target/test-dir/MiniOzoneClusterImpl-d497f94c-0a77-40f1-b0c4-d45398a5843a/datanode-0/data/ratis/962f00f2-eecd-4ec7-a4b2-b8dbc5b42549/current/log_inprogress_0
2021-08-16 13:11:17,536 [f324fcdd-c742-4882-bf0f-17e5edd5a90a@group-D45398A5843A-LeaderStateImpl] INFO  server.RaftServer$Division (ServerState.java:setRaftConf(387)) - f324fcdd-c742-4882-bf0f-17e5edd5a90a@group-D45398A5843A: set configuration 29: [161c1ac7-ff07-4d6f-a20c-3f676ae8d443|rpc:localhost:13650|priority:0, d66e294e-0eb7-4194-a364-fc35d68e543c|rpc:localhost:13660|priority:0, f324fcdd-c742-4882-bf0f-17e5edd5a90a|rpc:localhost:13640|admin:|client:|dataStream:|priority:0], old=null
2021-08-16 13:11:17,537 [grpc-default-executor-5] INFO  server.RaftServer$Division (ServerState.java:setRaftConf(387)) - 161c1ac7-ff07-4d6f-a20c-3f676ae8d443@group-D45398A5843A: set configuration 29: [161c1ac7-ff07-4d6f-a20c-3f676ae8d443|rpc:localhost:13650|admin:|client:|dataStream:|priority:0, d66e294e-0eb7-4194-a364-fc35d68e543c|rpc:localhost:13660|admin:|client:|dataStream:|priority:0, f324fcdd-c742-4882-bf0f-17e5edd5a90a|rpc:localhost:13640|admin:|client:|dataStream:|priority:0], old=null
2021-08-16 13:11:17,538 [grpc-default-executor-5] INFO  server.RaftServer$Division (ServerState.java:setRaftConf(387)) - d66e294e-0eb7-4194-a364-fc35d68e543c@group-D45398A5843A: set configuration 29: [161c1ac7-ff07-4d6f-a20c-3f676ae8d443|rpc:localhost:13650|admin:|client:|dataStream:|priority:0, d66e294e-0eb7-4194-a364-fc35d68e543c|rpc:localhost:13660|admin:|client:|dataStream:|priority:0, f324fcdd-c742-4882-bf0f-17e5edd5a90a|rpc:localhost:13640|admin:|client:|dataStream:|priority:0], old=null
2021-08-16 13:11:17,554 [IPC Server handler 91 on default port 13642] INFO  ha.SCMRatisServerImpl (SCMRatisServerImpl.java:addSCM(291)) - Successfully added new SCM: d66e294e-0eb7-4194-a364-fc35d68e543c.
2021-08-16 13:11:17,555 [Listener at 127.0.0.1/13436] INFO  ha.SCMHAManagerImpl (SCMHAManagerImpl.java:start(116)) - Successfully added SCM scmNode-3 to group group-D45398A5843A:[161c1ac7-ff07-4d6f-a20c-3f676ae8d443|rpc:localhost:13650|admin:|client:|dataStream:|priority:0, d66e294e-0eb7-4194-a364-fc35d68e543c|rpc:localhost:13660|admin:|client:|dataStream:|priority:0, f324fcdd-c742-4882-bf0f-17e5edd5a90a|rpc:localhost:13640|admin:|client:|dataStream:|priority:0]
2021-08-16 13:11:17,555 [Listener at 127.0.0.1/13436] INFO  ha.InterSCMGrpcService (InterSCMGrpcProtocolService.java:start(94)) - Starting SCM Grpc Service at port 13664
2021-08-16 13:11:17,555 [Listener at 127.0.0.1/13436] INFO  impl.MetricsSystemImpl (MetricsSystemImpl.java:init(158)) - StorageContainerManager metrics system started (again)
2021-08-16 13:11:17,575 [f324fcdd-c742-4882-bf0f-17e5edd5a90a@group-D45398A5843A-StateMachineUpdater] INFO  ha.SCMStateMachine (SCMStateMachine.java:takeSnapshot(290)) - Current Snapshot Index 30, takeSnapshot took 0 ms
2021-08-16 13:11:17,575 [f324fcdd-c742-4882-bf0f-17e5edd5a90a@group-D45398A5843A-StateMachineUpdater] INFO  impl.StateMachineUpdater (StateMachineUpdater.java:takeSnapshot(281)) - f324fcdd-c742-4882-bf0f-17e5edd5a90a@group-D45398A5843A-StateMachineUpdater: Took a snapshot at index 30
2021-08-16 13:11:17,575 [f324fcdd-c742-4882-bf0f-17e5edd5a90a@group-D45398A5843A-StateMachineUpdater] INFO  impl.StateMachineUpdater (StateMachineUpdater.java:lambda$new$0(89)) - f324fcdd-c742-4882-bf0f-17e5edd5a90a@group-D45398A5843A-StateMachineUpdater: snapshotIndex: updateIncreasingly 25 -> 30
2021-08-16 13:11:17,575 [f324fcdd-c742-4882-bf0f-17e5edd5a90a@group-D45398A5843A-StateMachineUpdater] INFO  raftlog.RaftLog (RaftLogBase.java:purge(306)) - f324fcdd-c742-4882-bf0f-17e5edd5a90a@group-D45398A5843A-SegmentedRaftLog: purge 30
2021-08-16 13:11:17,575 [f324fcdd-c742-4882-bf0f-17e5edd5a90a@group-D45398A5843A-StateMachineUpdater] INFO  raftlog.RaftLog (RaftLogBase.java:lambda$new$0(53)) - f324fcdd-c742-4882-bf0f-17e5edd5a90a@group-D45398A5843A-SegmentedRaftLog: snapshotIndex: updateIncreasingly 25 -> 30
2021-08-16 13:11:17,575 [f324fcdd-c742-4882-bf0f-17e5edd5a90a@group-D45398A5843A-StateMachineUpdater] INFO  raftlog.RaftLog (RaftLogBase.java:lambda$new$0(53)) - f324fcdd-c742-4882-bf0f-17e5edd5a90a@group-D45398A5843A-SegmentedRaftLog: purgeIndex: updateToMax old=25, new=30, updated? true
2021-08-16 13:11:17,597 [d66e294e-0eb7-4194-a364-fc35d68e543c@group-D45398A5843A-StateMachineUpdater] INFO  safemode.HealthyPipelineSafeModeRule (HealthyPipelineSafeModeRule.java:initializeRule(152)) - Refreshed total pipeline count is 2, healthy pipeline threshold count is 1
2021-08-16 13:11:17,597 [d66e294e-0eb7-4194-a364-fc35d68e543c@group-D45398A5843A-StateMachineUpdater] INFO  safemode.ContainerSafeModeRule (ContainerSafeModeRule.java:reInitializeRule(177)) - Refreshed one replica container threshold 0, currentThreshold 0
2021-08-16 13:11:17,597 [d66e294e-0eb7-4194-a364-fc35d68e543c@group-D45398A5843A-StateMachineUpdater] INFO  safemode.OneReplicaPipelineSafeModeRule (OneReplicaPipelineSafeModeRule.java:initializeRule(176)) - Refreshed Total pipeline count is 2, pipeline's with at least one datanode reported threshold count is 2
2021-08-16 13:11:17,597 [d66e294e-0eb7-4194-a364-fc35d68e543c@group-D45398A5843A-StateMachineUpdater] INFO  server.SCMDatanodeProtocolServer (SCMDatanodeProtocolServer.java:start(181)) - RPC server for DataNodes is listening at /0.0.0.0:13661
2021-08-16 13:11:17,603 [Listener at 127.0.0.1/13436] INFO  server.SCMClientProtocolServer (SCMClientProtocolServer.java:start(164)) - RPC server for Client  is listening at /0.0.0.0:13663
2021-08-16 13:11:17,603 [IPC Server Responder] INFO  ipc.Server (Server.java:run(1507)) - IPC Server Responder: starting
2021-08-16 13:11:17,603 [IPC Server listener on 13663] INFO  ipc.Server (Server.java:run(1344)) - IPC Server listener on 13663: starting
2021-08-16 13:11:17,605 [Listener at 127.0.0.1/13436] INFO  server.StorageContainerManager (StorageContainerManager.java:start(1264)) - ScmBlockLocationProtocol RPC server is listening at /0.0.0.0:13662
2021-08-16 13:11:17,606 [Listener at 127.0.0.1/13436] INFO  server.SCMBlockProtocolServer (SCMBlockProtocolServer.java:start(151)) - RPC server for Block Protocol is listening at /0.0.0.0:13662
2021-08-16 13:11:17,606 [IPC Server Responder] INFO  ipc.Server (Server.java:run(1507)) - IPC Server Responder: starting
2021-08-16 13:11:17,618 [IPC Server listener on 13662] INFO  ipc.Server (Server.java:run(1344)) - IPC Server listener on 13662: starting
2021-08-16 13:11:17,636 [Listener at 127.0.0.1/13436] INFO  server.StorageContainerManager (StorageContainerManager.java:start(1270)) - ScmDatanodeProtocl RPC server is listening at /0.0.0.0:13661
2021-08-16 13:11:17,637 [Listener at 127.0.0.1/13436] INFO  http.BaseHttpServer (BaseHttpServer.java:newHttpServer2BuilderForOzone(209)) - Starting Web-server for scm at: http://0.0.0.0:13658
2021-08-16 13:11:17,637 [Listener at 127.0.0.1/13436] INFO  http.BaseHttpServer (BaseHttpServer.java:<init>(107)) - Hadoop Security Enabled: false Ozone Security Enabled: false Ozone HTTP Security Enabled: false 
2021-08-16 13:11:17,638 [Listener at 127.0.0.1/13436] INFO  server.AuthenticationFilter (AuthenticationFilter.java:constructSecretProvider(240)) - Unable to initialize FileSignerSecretProvider, falling back to use random secrets.
2021-08-16 13:11:17,639 [org.apache.hadoop.util.JvmPauseMonitor$Monitor@41ed3d2a] INFO  util.JvmPauseMonitor (JvmPauseMonitor.java:run(188)) - Starting JVM pause monitor
2021-08-16 13:11:17,641 [Listener at 127.0.0.1/13436] WARN  http.HttpRequestLog (HttpRequestLog.java:getRequestLog(103)) - Jetty request log can only be enabled using Log4j
2021-08-16 13:11:17,642 [Listener at 127.0.0.1/13436] INFO  http.HttpServer2 (HttpServer2.java:addGlobalFilter(1020)) - Added global filter 'safety' (class=org.apache.hadoop.hdds.server.http.HttpServer2$QuotingInputFilter)
2021-08-16 13:11:17,642 [Listener at 127.0.0.1/13436] INFO  http.HttpServer2 (HttpServer2.java:addFilter(996)) - Added filter static_user_filter (class=org.apache.hadoop.http.lib.StaticUserWebFilter$StaticUserFilter) to context scm
2021-08-16 13:11:17,642 [Listener at 127.0.0.1/13436] INFO  http.HttpServer2 (HttpServer2.java:addFilter(1004)) - Added filter static_user_filter (class=org.apache.hadoop.http.lib.StaticUserWebFilter$StaticUserFilter) to context logs
2021-08-16 13:11:17,642 [Listener at 127.0.0.1/13436] INFO  http.HttpServer2 (HttpServer2.java:addFilter(1004)) - Added filter static_user_filter (class=org.apache.hadoop.http.lib.StaticUserWebFilter$StaticUserFilter) to context static
2021-08-16 13:11:17,643 [Listener at 127.0.0.1/13436] INFO  http.HttpServer2 (HttpServer2.java:bindListener(1239)) - Jetty bound to port 13658
2021-08-16 13:11:17,643 [Listener at 127.0.0.1/13436] INFO  server.Server (Server.java:doStart(375)) - jetty-9.4.43.v20210629; built: 2021-06-30T11:07:22.254Z; git: 526006ecfa3af7f1a27ef3a288e2bef7ea9dd7e8; jvm 1.8.0_292-b10
2021-08-16 13:11:17,645 [Listener at 127.0.0.1/13436] INFO  server.session (DefaultSessionIdManager.java:doStart(334)) - DefaultSessionIdManager workerName=node0
2021-08-16 13:11:17,645 [Listener at 127.0.0.1/13436] INFO  server.session (DefaultSessionIdManager.java:doStart(339)) - No SessionScavenger set, using defaults
2021-08-16 13:11:17,645 [Listener at 127.0.0.1/13436] INFO  server.session (HouseKeeper.java:startScavenging(132)) - node0 Scavenging every 600000ms
2021-08-16 13:11:17,646 [Listener at 127.0.0.1/13436] INFO  handler.ContextHandler (ContextHandler.java:doStart(915)) - Started o.e.j.s.ServletContextHandler@7545c015{logs,/logs,file:///home/runner/work/ozone/ozone/hadoop-ozone/integration-test/target/log,AVAILABLE}
2021-08-16 13:11:17,647 [Listener at 127.0.0.1/13436] INFO  handler.ContextHandler (ContextHandler.java:doStart(915)) - Started o.e.j.s.ServletContextHandler@5d1a1770{static,/static,file:///home/runner/work/ozone/ozone/hadoop-ozone/integration-test/target/test-classes/webapps/static,AVAILABLE}
2021-08-16 13:11:17,649 [EndpointStateMachine task thread for /127.0.0.1:15281 - 0 ] INFO  ipc.Client (Client.java:handleConnectionFailure(977)) - Retrying connect to server: localhost/127.0.0.1:15281. Already tried 6 time(s); retry policy is RetryUpToMaximumCountWithFixedSleep(maxRetries=15, sleepTime=1000 MILLISECONDS)
2021-08-16 13:11:17,649 [EndpointStateMachine task thread for /127.0.0.1:15291 - 0 ] INFO  ipc.Client (Client.java:handleConnectionFailure(977)) - Retrying connect to server: localhost/127.0.0.1:15291. Already tried 6 time(s); retry policy is RetryUpToMaximumCountWithFixedSleep(maxRetries=15, sleepTime=1000 MILLISECONDS)
2021-08-16 13:11:17,651 [EndpointStateMachine task thread for /127.0.0.1:15301 - 0 ] INFO  ipc.Client (Client.java:handleConnectionFailure(977)) - Retrying connect to server: localhost/127.0.0.1:15301. Already tried 6 time(s); retry policy is RetryUpToMaximumCountWithFixedSleep(maxRetries=15, sleepTime=1000 MILLISECONDS)
2021-08-16 13:11:17,651 [Listener at 127.0.0.1/13436] INFO  handler.ContextHandler (ContextHandler.java:doStart(915)) - Started o.e.j.w.WebAppContext@338a9b84{scm,/,file:///home/runner/work/ozone/ozone/hadoop-ozone/integration-test/target/test-classes/webapps/scm/,AVAILABLE}{file:/home/runner/work/ozone/ozone/hadoop-ozone/integration-test/target/test-classes/webapps/scm}
2021-08-16 13:11:17,673 [IPC Server listener on 13661] INFO  ipc.Server (Server.java:run(1344)) - IPC Server listener on 13661: starting
2021-08-16 13:11:17,707 [IPC Server handler 0 on default port 13661] INFO  ipc.Server (Server.java:run(1026)) - IPC Server handler 0 on default port 13661: skipped Call#203 Retry#0 org.apache.hadoop.ozone.protocol.StorageContainerDatanodeProtocol.submitRequest from 127.0.0.1:43444
2021-08-16 13:11:17,707 [IPC Server Responder] INFO  ipc.Server (Server.java:run(1507)) - IPC Server Responder: starting
2021-08-16 13:11:17,708 [IPC Server handler 0 on default port 13661] INFO  ipc.Server (Server.java:run(1026)) - IPC Server handler 0 on default port 13661: skipped Call#249 Retry#0 org.apache.hadoop.ozone.protocol.StorageContainerDatanodeProtocol.submitRequest from 127.0.0.1:43498
2021-08-16 13:11:17,709 [IPC Server handler 0 on default port 13661] INFO  ipc.Server (Server.java:run(1026)) - IPC Server handler 0 on default port 13661: skipped Call#180 Retry#0 org.apache.hadoop.ozone.protocol.StorageContainerDatanodeProtocol.submitRequest from 127.0.0.1:43412
2021-08-16 13:11:17,709 [IPC Server handler 0 on default port 13661] INFO  ipc.Server (Server.java:run(1026)) - IPC Server handler 0 on default port 13661: skipped Call#204 Retry#0 org.apache.hadoop.ozone.protocol.StorageContainerDatanodeProtocol.submitRequest from 127.0.0.1:43444
2021-08-16 13:11:17,709 [IPC Server handler 0 on default port 13661] INFO  ipc.Server (Server.java:run(1026)) - IPC Server handler 0 on default port 13661: skipped Call#250 Retry#0 org.apache.hadoop.ozone.protocol.StorageContainerDatanodeProtocol.submitRequest from 127.0.0.1:43498
2021-08-16 13:11:17,709 [IPC Server handler 0 on default port 13661] INFO  ipc.Server (Server.java:run(1026)) - IPC Server handler 0 on default port 13661: skipped Call#183 Retry#0 org.apache.hadoop.ozone.protocol.StorageContainerDatanodeProtocol.submitRequest from 127.0.0.1:43412
2021-08-16 13:11:17,709 [IPC Server handler 0 on default port 13661] INFO  ipc.Server (Server.java:run(1026)) - IPC Server handler 0 on default port 13661: skipped Call#205 Retry#0 org.apache.hadoop.ozone.protocol.StorageContainerDatanodeProtocol.submitRequest from 127.0.0.1:43444
2021-08-16 13:11:17,709 [IPC Server handler 0 on default port 13661] INFO  ipc.Server (Server.java:run(1026)) - IPC Server handler 0 on default port 13661: skipped Call#251 Retry#0 org.apache.hadoop.ozone.protocol.StorageContainerDatanodeProtocol.submitRequest from 127.0.0.1:43498
2021-08-16 13:11:17,709 [IPC Server handler 0 on default port 13661] INFO  ipc.Server (Server.java:run(1026)) - IPC Server handler 0 on default port 13661: skipped Call#186 Retry#0 org.apache.hadoop.ozone.protocol.StorageContainerDatanodeProtocol.submitRequest from 127.0.0.1:43412
2021-08-16 13:11:17,710 [EndpointStateMachine task thread for /127.0.0.1:13661 - 0 ] INFO  ozoneimpl.OzoneContainer (OzoneContainer.java:start(301)) - Ignore. OzoneContainer already started.
2021-08-16 13:11:17,710 [EndpointStateMachine task thread for /127.0.0.1:13661 - 0 ] INFO  ozoneimpl.OzoneContainer (OzoneContainer.java:start(301)) - Ignore. OzoneContainer already started.
2021-08-16 13:11:17,710 [EndpointStateMachine task thread for /127.0.0.1:13661 - 0 ] INFO  ozoneimpl.OzoneContainer (OzoneContainer.java:start(301)) - Ignore. OzoneContainer already started.
2021-08-16 13:11:17,712 [Listener at 127.0.0.1/13436] INFO  server.AbstractConnector (AbstractConnector.java:doStart(331)) - Started ServerConnector@c01fd44{HTTP/1.1, (http/1.1)}{0.0.0.0:13658}
2021-08-16 13:11:17,712 [Listener at 127.0.0.1/13436] INFO  server.Server (Server.java:doStart(415)) - Started @95566ms
2021-08-16 13:11:17,712 [Listener at 127.0.0.1/13436] WARN  impl.MetricsSystemImpl (MetricsSystemImpl.java:register(279)) - Sink prometheus already exists!
2021-08-16 13:11:17,713 [Listener at 127.0.0.1/13436] INFO  http.BaseHttpServer (BaseHttpServer.java:updateConnectorAddress(329)) - HTTP server of scm listening at http://0.0.0.0:13658
2021-08-16 13:11:17,713 [Listener at 127.0.0.1/13436] INFO  safemode.SCMSafeModeManager (SCMSafeModeManager.java:exitSafeMode(248)) - SCM exiting safe mode.
2021-08-16 13:11:17,713 [Listener at 127.0.0.1/13436] WARN  events.EventQueue (EventQueue.java:fireEvent(194)) - No event handler registered for event TypedEvent{payloadType=SafeModeStatus, name='Safe mode status'}
2021-08-16 13:11:17,713 [Listener at 127.0.0.1/13436] INFO  ha.SCMContext (SCMContext.java:updateSafeModeStatus(205)) - Update SafeModeStatus from SafeModeStatus{safeModeStatus=true, preCheckPassed=false} to SafeModeStatus{safeModeStatus=false, preCheckPassed=true}.
2021-08-16 13:11:17,725 [Listener at 127.0.0.1/13436] INFO  db.RDBCheckpointManager (RDBCheckpointManager.java:createCheckpoint(86)) - Created checkpoint at /home/runner/work/ozone/ozone/hadoop-ozone/integration-test/target/test-dir/MiniOzoneClusterImpl-d497f94c-0a77-40f1-b0c4-d45398a5843a/scmNode-1/db.checkpoints/scm.db_checkpoint_1629119477713 in 12 milliseconds
2021-08-16 13:11:17,725 [Listener at 127.0.0.1/13436] INFO  server.SCMDatanodeProtocolServer (SCMDatanodeProtocolServer.java:start(181)) - RPC server for DataNodes is listening at /0.0.0.0:13661
2021-08-16 13:11:17,731 [d66e294e-0eb7-4194-a364-fc35d68e543c@group-D45398A5843A-StateMachineUpdater] ERROR impl.StateMachineUpdater (StateMachineUpdater.java:run(191)) - d66e294e-0eb7-4194-a364-fc35d68e543c@group-D45398A5843A-StateMachineUpdater caught a Throwable.
java.lang.IllegalStateException: d66e294e-0eb7-4194-a364-fc35d68e543c: Failed updateLastAppliedTermIndex: newTI = (t:2, i:27) < oldTI = (t:2, i:130)
	at org.apache.ratis.util.Preconditions.assertTrue(Preconditions.java:72)
	at org.apache.ratis.statemachine.impl.BaseStateMachine.updateLastAppliedTermIndex(BaseStateMachine.java:142)
	at org.apache.hadoop.hdds.scm.ha.SCMStateMachine.notifyTermIndexUpdated(SCMStateMachine.java:303)
	at org.apache.ratis.server.impl.RaftServerImpl.applyLogToStateMachine(RaftServerImpl.java:1669)
	at org.apache.ratis.server.impl.StateMachineUpdater.applyLog(StateMachineUpdater.java:234)
	at org.apache.ratis.server.impl.StateMachineUpdater.run(StateMachineUpdater.java:179)
	at java.lang.Thread.run(Thread.java:748)
2021-08-16 13:11:17,731 [d66e294e-0eb7-4194-a364-fc35d68e543c@group-D45398A5843A-StateMachineUpdater] INFO  server.RaftServer$Division (RaftServerImpl.java:lambda$close$4(407)) - d66e294e-0eb7-4194-a364-fc35d68e543c@group-D45398A5843A: shutdown
2021-08-16 13:11:17,731 [d66e294e-0eb7-4194-a364-fc35d68e543c@group-D45398A5843A-StateMachineUpdater] INFO  util.JmxRegister (JmxRegister.java:unregister(73)) - Successfully un-registered JMX Bean with object name Ratis:service=RaftServer,group=group-D45398A5843A,id=d66e294e-0eb7-4194-a364-fc35d68e543c
2021-08-16 13:11:17,731 [d66e294e-0eb7-4194-a364-fc35d68e543c@group-D45398A5843A-StateMachineUpdater] INFO  impl.RoleInfo (RoleInfo.java:shutdownFollowerState(108)) - d66e294e-0eb7-4194-a364-fc35d68e543c: shutdown d66e294e-0eb7-4194-a364-fc35d68e543c@group-D45398A5843A-FollowerState
2021-08-16 13:11:17,738 [Listener at 127.0.0.1/13436] INFO  ozone.MiniOzoneClusterImpl (MiniOzoneClusterImpl.java:shutdown(453)) - Shutting down the Mini Ozone Cluster
2021-08-16 13:11:17,739 [Listener at 127.0.0.1/13436] INFO  ozone.MiniOzoneHAClusterImpl (MiniOzoneHAClusterImpl.java:stop(297)) - Stopping the OzoneManager omNode-1
2021-08-16 13:11:17,739 [Listener at 127.0.0.1/13436] INFO  om.OzoneManager (OzoneManager.java:stop(1632)) - Stopping Ozone Manager
2021-08-16 13:11:17,739 [d66e294e-0eb7-4194-a364-fc35d68e543c@group-D45398A5843A-StateMachineUpdater] INFO  server.RaftServer$Division (ServerState.java:close(419)) - d66e294e-0eb7-4194-a364-fc35d68e543c@group-D45398A5843A: closes. applyIndex: 27
2021-08-16 13:11:17,738 [d66e294e-0eb7-4194-a364-fc35d68e543c@group-D45398A5843A-FollowerState] INFO  impl.FollowerState (FollowerState.java:run(143)) - d66e294e-0eb7-4194-a364-fc35d68e543c@group-D45398A5843A-FollowerState was interrupted: {}
java.lang.InterruptedException: sleep interrupted
	at java.lang.Thread.sleep(Native Method)
	at java.lang.Thread.sleep(Thread.java:340)
	at java.util.concurrent.TimeUnit.sleep(TimeUnit.java:386)
	at org.apache.ratis.util.TimeDuration.sleep(TimeDuration.java:324)
	at org.apache.ratis.util.TimeDuration.sleep(TimeDuration.java:309)
	at org.apache.ratis.server.impl.FollowerState.run(FollowerState.java:118)
2021-08-16 13:11:17,740 [d66e294e-0eb7-4194-a364-fc35d68e543c@group-D45398A5843A-SegmentedRaftLogWorker] INFO  segmented.SegmentedRaftLogWorker (SegmentedRaftLogWorker.java:run(327)) - d66e294e-0eb7-4194-a364-fc35d68e543c@group-D45398A5843A-SegmentedRaftLogWorker was interrupted, exiting. There are 0 tasks remaining in the queue.
2021-08-16 13:11:17,750 [Listener at 127.0.0.1/13436] INFO  ipc.Server (Server.java:stop(3414)) - Stopping server on 13436
2021-08-16 13:11:17,757 [d66e294e-0eb7-4194-a364-fc35d68e543c@group-D45398A5843A-StateMachineUpdater] INFO  segmented.SegmentedRaftLogWorker (SegmentedRaftLogWorker.java:close(237)) - d66e294e-0eb7-4194-a364-fc35d68e543c@group-D45398A5843A-SegmentedRaftLogWorker close()
2021-08-16 13:11:17,778 [IPC Server listener on 13436] INFO  ipc.Server (Server.java:run(1376)) - Stopping IPC Server listener on 13436
2021-08-16 13:11:17,778 [IPC Server Responder] INFO  ipc.Server (Server.java:run(1512)) - Stopping IPC Server Responder
2021-08-16 13:11:17,778 [Listener at 127.0.0.1/13436] INFO  server.RaftServer (RaftServerProxy.java:lambda$close$6(391)) - omNode-1: close
2021-08-16 13:11:17,779 [Listener at 127.0.0.1/13436] INFO  server.RaftServer$Division (RaftServerImpl.java:lambda$close$4(407)) - omNode-1@group-523986131536: shutdown
2021-08-16 13:11:17,780 [Listener at 127.0.0.1/13436] INFO  util.JmxRegister (JmxRegister.java:unregister(73)) - Successfully un-registered JMX Bean with object name Ratis:service=RaftServer,group=group-523986131536,id=omNode-1
2021-08-16 13:11:17,780 [Listener at 127.0.0.1/13436] INFO  impl.RoleInfo (RoleInfo.java:shutdownLeaderState(91)) - omNode-1: shutdown omNode-1@group-523986131536-LeaderStateImpl
2021-08-16 13:11:17,780 [Listener at 127.0.0.1/13436] INFO  impl.PendingRequests (PendingRequests.java:sendNotLeaderResponses(282)) - omNode-1@group-523986131536-PendingRequests: sendNotLeaderResponses
2021-08-16 13:11:17,780 [Listener at 127.0.0.1/13436] INFO  impl.StateMachineUpdater (StateMachineUpdater.java:stopAndJoin(149)) - omNode-1@group-523986131536-StateMachineUpdater: set stopIndex = 0
2021-08-16 13:11:17,781 [omNode-1@group-523986131536-StateMachineUpdater] INFO  ratis.OzoneManagerStateMachine (OzoneManagerStateMachine.java:takeSnapshot(417)) - Current Snapshot Index (t:1, i:0)
2021-08-16 13:11:17,781 [omNode-1@group-523986131536-StateMachineUpdater] INFO  impl.StateMachineUpdater (StateMachineUpdater.java:takeSnapshot(281)) - omNode-1@group-523986131536-StateMachineUpdater: Took a snapshot at index 0
2021-08-16 13:11:17,781 [omNode-1@group-523986131536-StateMachineUpdater] INFO  impl.StateMachineUpdater (StateMachineUpdater.java:lambda$new$0(89)) - omNode-1@group-523986131536-StateMachineUpdater: snapshotIndex: updateIncreasingly -1 -> 0
2021-08-16 13:11:17,781 [omNode-1@group-523986131536-StateMachineUpdater] INFO  ratis.OzoneManagerStateMachine (OzoneManagerStateMachine.java:close(471)) - StateMachine has shutdown. Shutdown OzoneManager if not already shutdown.
2021-08-16 13:11:17,785 [Listener at 127.0.0.1/13436] INFO  server.RaftServer$Division (ServerState.java:close(419)) - omNode-1@group-523986131536: closes. applyIndex: 0
2021-08-16 13:11:17,785 [omNode-1@group-523986131536-SegmentedRaftLogWorker] INFO  segmented.SegmentedRaftLogWorker (SegmentedRaftLogWorker.java:run(327)) - omNode-1@group-523986131536-SegmentedRaftLogWorker was interrupted, exiting. There are 0 tasks remaining in the queue.
2021-08-16 13:11:17,787 [Listener at 127.0.0.1/13436] INFO  segmented.SegmentedRaftLogWorker (SegmentedRaftLogWorker.java:close(237)) - omNode-1@group-523986131536-SegmentedRaftLogWorker close()
2021-08-16 13:11:17,788 [Listener at 127.0.0.1/13436] INFO  server.GrpcService (GrpcService.java:closeImpl(262)) - omNode-1: shutdown server with port 13440 now
2021-08-16 13:11:17,789 [Listener at 127.0.0.1/13436] INFO  server.GrpcService (GrpcService.java:closeImpl(271)) - omNode-1: shutdown server with port 13440 successfully
2021-08-16 13:11:17,789 [org.apache.ratis.util.JvmPauseMonitor$$Lambda$499/1198442960@68852b5] INFO  util.JvmPauseMonitor (JvmPauseMonitor.java:run(109)) - JvmPauseMonitor-omNode-1: Stopped
2021-08-16 13:11:17,789 [Listener at 127.0.0.1/13436] INFO  ratis.OzoneManagerDoubleBuffer (OzoneManagerDoubleBuffer.java:stop(437)) - Stopping OMDoubleBuffer flush thread
2021-08-16 13:11:17,789 [OMDoubleBufferFlushThread] INFO  ratis.OzoneManagerDoubleBuffer (OzoneManagerDoubleBuffer.java:flushTransactions(356)) - OMDoubleBuffer flush thread OMDoubleBufferFlushThread is interrupted and will exit. OMDoubleBufferFlushThread
2021-08-16 13:11:17,790 [Listener at 127.0.0.1/13436] INFO  utils.BackgroundService (BackgroundService.java:shutdown(132)) - Shutting down service KeyDeletingService
2021-08-16 13:11:17,790 [Listener at 127.0.0.1/13436] INFO  handler.ContextHandler (ContextHandler.java:doStop(1153)) - Stopped o.e.j.w.WebAppContext@71140b11{ozoneManager,/,null,STOPPED}{file:/home/runner/work/ozone/ozone/hadoop-ozone/integration-test/target/test-classes/webapps/ozoneManager}
2021-08-16 13:11:17,792 [Listener at 127.0.0.1/13436] INFO  server.AbstractConnector (AbstractConnector.java:doStop(381)) - Stopped ServerConnector@2dfab333{HTTP/1.1, (http/1.1)}{0.0.0.0:13438}
2021-08-16 13:11:17,794 [Listener at 127.0.0.1/13436] INFO  server.session (HouseKeeper.java:stopScavenging(149)) - node0 Stopped scavenging
2021-08-16 13:11:17,795 [Listener at 127.0.0.1/13436] INFO  handler.ContextHandler (ContextHandler.java:doStop(1153)) - Stopped o.e.j.s.ServletContextHandler@5035ce0b{static,/static,file:///home/runner/work/ozone/ozone/hadoop-ozone/integration-test/target/test-classes/webapps/static,STOPPED}
2021-08-16 13:11:17,795 [Listener at 127.0.0.1/13436] INFO  handler.ContextHandler (ContextHandler.java:doStop(1153)) - Stopped o.e.j.s.ServletContextHandler@5b5954bd{logs,/logs,file:///home/runner/work/ozone/ozone/hadoop-ozone/integration-test/target/log,STOPPED}
2021-08-16 13:11:17,807 [Listener at 127.0.0.1/13436] INFO  ozone.MiniOzoneHAClusterImpl (MiniOzoneHAClusterImpl.java:stop(305)) - Stopping the StorageContainerManager 161c1ac7-ff07-4d6f-a20c-3f676ae8d443
2021-08-16 13:11:17,807 [Listener at 127.0.0.1/13436] INFO  server.StorageContainerManager (StorageContainerManager.java:stop(1341)) - Stopping Replication Manager Service.
2021-08-16 13:11:17,807 [Listener at 127.0.0.1/13436] INFO  container.ReplicationManager (ReplicationManager.java:stop(317)) - Stopping Replication Monitor Thread.
2021-08-16 13:11:17,807 [Listener at 127.0.0.1/13436] INFO  server.StorageContainerManager (StorageContainerManager.java:stop(1348)) - Stopping the Datanode Admin Monitor.
2021-08-16 13:11:17,807 [Listener at 127.0.0.1/13436] INFO  server.StorageContainerManager (StorageContainerManager.java:stop(1355)) - Stopping Lease Manager of the command watchers
2021-08-16 13:11:17,808 [Listener at 127.0.0.1/13436] INFO  server.StorageContainerManager (StorageContainerManager.java:stop(1362)) - Stopping datanode service RPC server
2021-08-16 13:11:17,808 [Listener at 127.0.0.1/13436] INFO  server.SCMDatanodeProtocolServer (SCMDatanodeProtocolServer.java:stop(389)) - Stopping the RPC server for DataNodes
2021-08-16 13:11:17,808 [Listener at 127.0.0.1/13436] INFO  ipc.Server (Server.java:stop(3414)) - Stopping server on 13651
2021-08-16 13:11:17,811 [IPC Server listener on 13651] INFO  ipc.Server (Server.java:run(1376)) - Stopping IPC Server listener on 13651
2021-08-16 13:11:17,811 [IPC Server Responder] INFO  ipc.Server (Server.java:run(1512)) - Stopping IPC Server Responder
2021-08-16 13:11:17,893 [SCM Heartbeat Processing Thread - 0] WARN  node.NodeStateManager (NodeStateManager.java:scheduleNextHealthCheck(799)) - Current Thread is interrupted, shutting down HB processing thread for Node Manager.
2021-08-16 13:11:17,897 [Listener at 127.0.0.1/13436] INFO  server.StorageContainerManager (StorageContainerManager.java:stop(1370)) - Stopping block service RPC server
2021-08-16 13:11:17,897 [Listener at 127.0.0.1/13436] INFO  server.SCMBlockProtocolServer (SCMBlockProtocolServer.java:stop(160)) - Stopping the RPC server for Block Protocol
2021-08-16 13:11:17,897 [Listener at 127.0.0.1/13436] INFO  ipc.Server (Server.java:stop(3414)) - Stopping server on 13652
2021-08-16 13:11:17,899 [Listener at 127.0.0.1/13436] INFO  server.StorageContainerManager (StorageContainerManager.java:stop(1377)) - Stopping the StorageContainerLocationProtocol RPC server
2021-08-16 13:11:17,899 [Listener at 127.0.0.1/13436] INFO  server.SCMClientProtocolServer (SCMClientProtocolServer.java:stop(173)) - Stopping the RPC server for Client Protocol
2021-08-16 13:11:17,899 [Listener at 127.0.0.1/13436] INFO  ipc.Server (Server.java:stop(3414)) - Stopping server on 13653
2021-08-16 13:11:17,899 [IPC Server Responder] INFO  ipc.Server (Server.java:run(1512)) - Stopping IPC Server Responder
2021-08-16 13:11:17,902 [IPC Server listener on 13652] INFO  ipc.Server (Server.java:run(1376)) - Stopping IPC Server listener on 13652
2021-08-16 13:11:17,915 [Listener at 127.0.0.1/13436] INFO  server.StorageContainerManager (StorageContainerManager.java:stop(1384)) - Stopping Storage Container Manager HTTP server.
2021-08-16 13:11:17,915 [IPC Server Responder] INFO  ipc.Server (Server.java:run(1512)) - Stopping IPC Server Responder
2021-08-16 13:11:17,915 [IPC Server listener on 13653] INFO  ipc.Server (Server.java:run(1376)) - Stopping IPC Server listener on 13653
2021-08-16 13:11:17,916 [Listener at 127.0.0.1/13436] INFO  handler.ContextHandler (ContextHandler.java:doStop(1153)) - Stopped o.e.j.w.WebAppContext@56f8032{scm,/,null,STOPPED}{file:/home/runner/work/ozone/ozone/hadoop-ozone/integration-test/target/test-classes/webapps/scm}
2021-08-16 13:11:17,917 [Listener at 127.0.0.1/13436] INFO  server.AbstractConnector (AbstractConnector.java:doStop(381)) - Stopped ServerConnector@754a38a0{HTTP/1.1, (http/1.1)}{0.0.0.0:13648}
2021-08-16 13:11:17,917 [Listener at 127.0.0.1/13436] INFO  server.session (HouseKeeper.java:stopScavenging(149)) - node0 Stopped scavenging
2021-08-16 13:11:17,917 [Listener at 127.0.0.1/13436] INFO  handler.ContextHandler (ContextHandler.java:doStop(1153)) - Stopped o.e.j.s.ServletContextHandler@5ea46e79{static,/static,file:///home/runner/work/ozone/ozone/hadoop-ozone/integration-test/target/test-classes/webapps/static,STOPPED}
2021-08-16 13:11:17,918 [Listener at 127.0.0.1/13436] INFO  handler.ContextHandler (ContextHandler.java:doStop(1153)) - Stopped o.e.j.s.ServletContextHandler@1f36bed9{logs,/logs,file:///home/runner/work/ozone/ozone/hadoop-ozone/integration-test/target/log,STOPPED}
2021-08-16 13:11:17,927 [Listener at 127.0.0.1/13436] INFO  server.StorageContainerManager (StorageContainerManager.java:stop(1395)) - Stopping Block Manager Service.
2021-08-16 13:11:17,927 [Listener at 127.0.0.1/13436] INFO  utils.BackgroundService (BackgroundService.java:shutdown(132)) - Shutting down service SCMBlockDeletingService
2021-08-16 13:11:17,928 [Listener at 127.0.0.1/13436] INFO  utils.BackgroundService (BackgroundService.java:shutdown(132)) - Shutting down service SCMBlockDeletingService
2021-08-16 13:11:17,928 [Listener at 127.0.0.1/13436] INFO  server.StorageContainerManager (StorageContainerManager.java:stop(1422)) - Stopping SCM Event Queue.
2021-08-16 13:11:18,048 [Listener at 127.0.0.1/13436] INFO  server.StorageContainerManager (StorageContainerManager.java:stop(1433)) - Stopping SCM HA services.
2021-08-16 13:11:18,048 [Listener at 127.0.0.1/13436] INFO  ha.SCMRatisServerImpl (SCMRatisServerImpl.java:stop(226)) - stopping ratis server 0.0.0.0:13650
2021-08-16 13:11:18,051 [Listener at 127.0.0.1/13436] INFO  server.RaftServer (RaftServerProxy.java:lambda$close$6(391)) - 161c1ac7-ff07-4d6f-a20c-3f676ae8d443: close
2021-08-16 13:11:18,052 [Listener at 127.0.0.1/13436] INFO  server.RaftServer$Division (RaftServerImpl.java:lambda$close$4(407)) - 161c1ac7-ff07-4d6f-a20c-3f676ae8d443@group-D45398A5843A: shutdown
2021-08-16 13:11:18,052 [Listener at 127.0.0.1/13436] INFO  util.JmxRegister (JmxRegister.java:unregister(73)) - Successfully un-registered JMX Bean with object name Ratis:service=RaftServer,group=group-D45398A5843A,id=161c1ac7-ff07-4d6f-a20c-3f676ae8d443
2021-08-16 13:11:18,052 [Listener at 127.0.0.1/13436] INFO  impl.RoleInfo (RoleInfo.java:shutdownFollowerState(108)) - 161c1ac7-ff07-4d6f-a20c-3f676ae8d443: shutdown 161c1ac7-ff07-4d6f-a20c-3f676ae8d443@group-D45398A5843A-FollowerState
2021-08-16 13:11:18,052 [Listener at 127.0.0.1/13436] INFO  impl.StateMachineUpdater (StateMachineUpdater.java:stopAndJoin(149)) - 161c1ac7-ff07-4d6f-a20c-3f676ae8d443@group-D45398A5843A-StateMachineUpdater: set stopIndex = 29
2021-08-16 13:11:18,052 [161c1ac7-ff07-4d6f-a20c-3f676ae8d443@group-D45398A5843A-FollowerState] INFO  impl.FollowerState (FollowerState.java:run(143)) - 161c1ac7-ff07-4d6f-a20c-3f676ae8d443@group-D45398A5843A-FollowerState was interrupted: {}
java.lang.InterruptedException: sleep interrupted
	at java.lang.Thread.sleep(Native Method)
	at java.lang.Thread.sleep(Thread.java:340)
	at java.util.concurrent.TimeUnit.sleep(TimeUnit.java:386)
	at org.apache.ratis.util.TimeDuration.sleep(TimeDuration.java:324)
	at org.apache.ratis.util.TimeDuration.sleep(TimeDuration.java:309)
	at org.apache.ratis.server.impl.FollowerState.run(FollowerState.java:118)
2021-08-16 13:11:18,052 [161c1ac7-ff07-4d6f-a20c-3f676ae8d443@group-D45398A5843A-StateMachineUpdater] INFO  ha.SCMStateMachine (SCMStateMachine.java:takeSnapshot(290)) - Current Snapshot Index 29, takeSnapshot took 0 ms
2021-08-16 13:11:18,052 [161c1ac7-ff07-4d6f-a20c-3f676ae8d443@group-D45398A5843A-StateMachineUpdater] INFO  impl.StateMachineUpdater (StateMachineUpdater.java:takeSnapshot(281)) - 161c1ac7-ff07-4d6f-a20c-3f676ae8d443@group-D45398A5843A-StateMachineUpdater: Took a snapshot at index 29
2021-08-16 13:11:18,052 [161c1ac7-ff07-4d6f-a20c-3f676ae8d443@group-D45398A5843A-StateMachineUpdater] INFO  impl.StateMachineUpdater (StateMachineUpdater.java:lambda$new$0(89)) - 161c1ac7-ff07-4d6f-a20c-3f676ae8d443@group-D45398A5843A-StateMachineUpdater: snapshotIndex: updateIncreasingly 25 -> 29
2021-08-16 13:11:18,061 [Listener at 127.0.0.1/13436] INFO  server.RaftServer$Division (ServerState.java:close(419)) - 161c1ac7-ff07-4d6f-a20c-3f676ae8d443@group-D45398A5843A: closes. applyIndex: 29
2021-08-16 13:11:18,062 [161c1ac7-ff07-4d6f-a20c-3f676ae8d443@group-D45398A5843A-SegmentedRaftLogWorker] INFO  segmented.SegmentedRaftLogWorker (SegmentedRaftLogWorker.java:run(327)) - 161c1ac7-ff07-4d6f-a20c-3f676ae8d443@group-D45398A5843A-SegmentedRaftLogWorker was interrupted, exiting. There are 0 tasks remaining in the queue.
2021-08-16 13:11:18,063 [Listener at 127.0.0.1/13436] INFO  segmented.SegmentedRaftLogWorker (SegmentedRaftLogWorker.java:close(237)) - 161c1ac7-ff07-4d6f-a20c-3f676ae8d443@group-D45398A5843A-SegmentedRaftLogWorker close()
2021-08-16 13:11:18,066 [Listener at 127.0.0.1/13436] INFO  server.GrpcService (GrpcService.java:closeImpl(262)) - 161c1ac7-ff07-4d6f-a20c-3f676ae8d443: shutdown server with port 13650 now
2021-08-16 13:11:18,079 [grpc-default-executor-1] WARN  server.GrpcLogAppender (LogUtils.java:warn(122)) - f324fcdd-c742-4882-bf0f-17e5edd5a90a@group-D45398A5843A->161c1ac7-ff07-4d6f-a20c-3f676ae8d443-AppendLogResponseHandler: Failed appendEntries: org.apache.ratis.thirdparty.io.grpc.StatusRuntimeException: CANCELLED: HTTP/2 error code: CANCEL
Received Rst Stream
2021-08-16 13:11:18,080 [grpc-default-executor-1] INFO  leader.FollowerInfo (FollowerInfoImpl.java:lambda$new$0(46)) - f324fcdd-c742-4882-bf0f-17e5edd5a90a@group-D45398A5843A->161c1ac7-ff07-4d6f-a20c-3f676ae8d443: nextIndex: updateUnconditionally 31 -> 30
2021-08-16 13:11:18,080 [grpc-default-executor-5] WARN  server.GrpcServerProtocolService (LogUtils.java:warn(122)) - 161c1ac7-ff07-4d6f-a20c-3f676ae8d443: installSnapshot onError, lastRequest: f324fcdd-c742-4882-bf0f-17e5edd5a90a->161c1ac7-ff07-4d6f-a20c-3f676ae8d443#1095-t2,previous=(t:2, i:29),leaderCommit=29,initializing? true,entries: size=1, first=(t:2, i:30), METADATAENTRY(c:29): org.apache.ratis.thirdparty.io.grpc.StatusRuntimeException: CANCELLED: client cancelled
2021-08-16 13:11:18,080 [Listener at 127.0.0.1/13436] INFO  server.GrpcService (GrpcService.java:closeImpl(271)) - 161c1ac7-ff07-4d6f-a20c-3f676ae8d443: shutdown server with port 13650 successfully
2021-08-16 13:11:18,080 [org.apache.ratis.util.JvmPauseMonitor$$Lambda$499/1198442960@54a1be3a] INFO  util.JvmPauseMonitor (JvmPauseMonitor.java:run(109)) - JvmPauseMonitor-161c1ac7-ff07-4d6f-a20c-3f676ae8d443: Stopped
2021-08-16 13:11:18,080 [Listener at 127.0.0.1/13436] INFO  pipeline.BackgroundPipelineCreator (BackgroundPipelineCreatorV2.java:stop(158)) - Stopping RatisPipelineUtilsThread.
2021-08-16 13:11:18,080 [Listener at 127.0.0.1/13436] INFO  server.StorageContainerManager (StorageContainerManager.java:stop(1443)) - Stopping SCM MetadataStore.
2021-08-16 13:11:18,081 [Listener at 127.0.0.1/13436] INFO  impl.MetricsSystemImpl (MetricsSystemImpl.java:stop(210)) - Stopping StorageContainerManager metrics system...
2021-08-16 13:11:18,085 [EndpointStateMachine task thread for /127.0.0.1:13651 - 0 ] WARN  statemachine.EndpointStateMachine (EndpointStateMachine.java:logIfNeeded(236)) - Unable to communicate to SCM server at 127.0.0.1:13651 for past 0 seconds.
java.io.EOFException: End of File Exception between local host is: "fv-az148-41/10.1.0.28"; destination host is: "localhost":13651; : java.io.EOFException; For more details see:  http://wiki.apache.org/hadoop/EOFException
	at sun.reflect.NativeConstructorAccessorImpl.newInstance0(Native Method)
	at sun.reflect.NativeConstructorAccessorImpl.newInstance(NativeConstructorAccessorImpl.java:62)
	at sun.reflect.DelegatingConstructorAccessorImpl.newInstance(DelegatingConstructorAccessorImpl.java:45)
	at java.lang.reflect.Constructor.newInstance(Constructor.java:423)
	at org.apache.hadoop.net.NetUtils.wrapWithMessage(NetUtils.java:913)
	at org.apache.hadoop.net.NetUtils.wrapException(NetUtils.java:862)
	at org.apache.hadoop.ipc.Client.getRpcResponse(Client.java:1577)
	at org.apache.hadoop.ipc.Client.call(Client.java:1519)
	at org.apache.hadoop.ipc.Client.call(Client.java:1416)
	at org.apache.hadoop.ipc.ProtobufRpcEngine$Invoker.invoke(ProtobufRpcEngine.java:236)
	at org.apache.hadoop.ipc.ProtobufRpcEngine$Invoker.invoke(ProtobufRpcEngine.java:123)
	at com.sun.proxy.$Proxy47.submitRequest(Unknown Source)
	at org.apache.hadoop.ozone.protocolPB.StorageContainerDatanodeProtocolClientSideTranslatorPB.submitRequest(StorageContainerDatanodeProtocolClientSideTranslatorPB.java:117)
	at org.apache.hadoop.ozone.protocolPB.StorageContainerDatanodeProtocolClientSideTranslatorPB.sendHeartbeat(StorageContainerDatanodeProtocolClientSideTranslatorPB.java:149)
	at org.apache.hadoop.ozone.container.common.states.endpoint.HeartbeatEndpointTask.call(HeartbeatEndpointTask.java:179)
	at org.apache.hadoop.ozone.container.common.states.endpoint.HeartbeatEndpointTask.call(HeartbeatEndpointTask.java:82)
	at java.util.concurrent.FutureTask.run(FutureTask.java:266)
	at java.util.concurrent.ThreadPoolExecutor.runWorker(ThreadPoolExecutor.java:1149)
	at java.util.concurrent.ThreadPoolExecutor$Worker.run(ThreadPoolExecutor.java:624)
	at java.lang.Thread.run(Thread.java:748)
Caused by: java.io.EOFException
	at java.io.DataInputStream.readInt(DataInputStream.java:392)
	at org.apache.hadoop.ipc.Client$IpcStreams.readResponse(Client.java:1892)
	at org.apache.hadoop.ipc.Client$Connection.receiveRpcResponse(Client.java:1202)
	at org.apache.hadoop.ipc.Client$Connection.run(Client.java:1098)
2021-08-16 13:11:18,087 [IPC Server handler 0 on default port 13661] INFO  net.NetworkTopologyImpl (NetworkTopologyImpl.java:add(112)) - Added a new node: /default-rack/6430af1b-8c1e-4941-b86e-70a611f1e973
2021-08-16 13:11:18,088 [IPC Server handler 0 on default port 13661] INFO  node.SCMNodeManager (SCMNodeManager.java:register(390)) - Registered Data node : 6430af1b-8c1e-4941-b86e-70a611f1e973{ip: 127.0.0.1, host: localhost, ports: [REPLICATION=38051, RATIS=46065, RATIS_ADMIN=46065, RATIS_SERVER=46065, STANDALONE=42265], networkLocation: /default-rack, certSerialId: null, persistedOpState: null, persistedOpStateExpiryEpochSec: 0}
2021-08-16 13:11:18,094 [prometheus] INFO  impl.MetricsSinkAdapter (MetricsSinkAdapter.java:publishMetricsFromQueue(141)) - prometheus thread interrupted.
2021-08-16 13:11:18,095 [grpc-default-executor-1] WARN  server.GrpcLogAppender (LogUtils.java:warn(122)) - f324fcdd-c742-4882-bf0f-17e5edd5a90a@group-D45398A5843A->161c1ac7-ff07-4d6f-a20c-3f676ae8d443-AppendLogResponseHandler: Failed appendEntries: org.apache.ratis.thirdparty.io.grpc.StatusRuntimeException: UNAVAILABLE: io exception
2021-08-16 13:11:18,095 [grpc-default-executor-1] INFO  leader.FollowerInfo (FollowerInfoImpl.java:lambda$new$0(46)) - f324fcdd-c742-4882-bf0f-17e5edd5a90a@group-D45398A5843A->161c1ac7-ff07-4d6f-a20c-3f676ae8d443: nextIndex: updateUnconditionally 31 -> 30
2021-08-16 13:11:18,096 [Listener at 127.0.0.1/13436] INFO  impl.MetricsSystemImpl (MetricsSystemImpl.java:stop(216)) - StorageContainerManager metrics system stopped.
2021-08-16 13:11:18,096 [Listener at 127.0.0.1/13436] INFO  ozone.MiniOzoneHAClusterImpl (MiniOzoneHAClusterImpl.java:stop(305)) - Stopping the StorageContainerManager d66e294e-0eb7-4194-a364-fc35d68e543c
2021-08-16 13:11:18,096 [Listener at 127.0.0.1/13436] INFO  server.StorageContainerManager (StorageContainerManager.java:stop(1341)) - Stopping Replication Manager Service.
2021-08-16 13:11:18,096 [Listener at 127.0.0.1/13436] INFO  container.ReplicationManager (ReplicationManager.java:stop(317)) - Stopping Replication Monitor Thread.
2021-08-16 13:11:18,096 [Listener at 127.0.0.1/13436] INFO  server.StorageContainerManager (StorageContainerManager.java:stop(1348)) - Stopping the Datanode Admin Monitor.
2021-08-16 13:11:18,096 [Listener at 127.0.0.1/13436] INFO  server.StorageContainerManager (StorageContainerManager.java:stop(1355)) - Stopping Lease Manager of the command watchers
2021-08-16 13:11:18,097 [Listener at 127.0.0.1/13436] INFO  server.StorageContainerManager (StorageContainerManager.java:stop(1362)) - Stopping datanode service RPC server
2021-08-16 13:11:18,097 [Listener at 127.0.0.1/13436] INFO  server.SCMDatanodeProtocolServer (SCMDatanodeProtocolServer.java:stop(389)) - Stopping the RPC server for DataNodes
2021-08-16 13:11:18,097 [Listener at 127.0.0.1/13436] INFO  ipc.Server (Server.java:stop(3414)) - Stopping server on 13661
2021-08-16 13:11:18,118 [EventQueue-NewNodeForNewNodeHandler] INFO  pipeline.BackgroundPipelineCreator (BackgroundPipelineCreatorV2.java:notifyEventTriggered(279)) - ignore, not leader SCM.
2021-08-16 13:11:18,134 [EndpointStateMachine task thread for /127.0.0.1:13661 - 0 ] WARN  statemachine.EndpointStateMachine (EndpointStateMachine.java:logIfNeeded(236)) - Unable to communicate to SCM server at localhost:13661 for past 0 seconds.
java.io.EOFException: End of File Exception between local host is: "fv-az148-41/10.1.0.28"; destination host is: "localhost":13661; : java.io.EOFException; For more details see:  http://wiki.apache.org/hadoop/EOFException
	at sun.reflect.NativeConstructorAccessorImpl.newInstance0(Native Method)
	at sun.reflect.NativeConstructorAccessorImpl.newInstance(NativeConstructorAccessorImpl.java:62)
	at sun.reflect.DelegatingConstructorAccessorImpl.newInstance(DelegatingConstructorAccessorImpl.java:45)
	at java.lang.reflect.Constructor.newInstance(Constructor.java:423)
	at org.apache.hadoop.net.NetUtils.wrapWithMessage(NetUtils.java:913)
	at org.apache.hadoop.net.NetUtils.wrapException(NetUtils.java:862)
	at org.apache.hadoop.ipc.Client.getRpcResponse(Client.java:1577)
	at org.apache.hadoop.ipc.Client.call(Client.java:1519)
	at org.apache.hadoop.ipc.Client.call(Client.java:1416)
	at org.apache.hadoop.ipc.ProtobufRpcEngine$Invoker.invoke(ProtobufRpcEngine.java:236)
	at org.apache.hadoop.ipc.ProtobufRpcEngine$Invoker.invoke(ProtobufRpcEngine.java:123)
	at com.sun.proxy.$Proxy47.submitRequest(Unknown Source)
	at org.apache.hadoop.ozone.protocolPB.StorageContainerDatanodeProtocolClientSideTranslatorPB.submitRequest(StorageContainerDatanodeProtocolClientSideTranslatorPB.java:117)
	at org.apache.hadoop.ozone.protocolPB.StorageContainerDatanodeProtocolClientSideTranslatorPB.register(StorageContainerDatanodeProtocolClientSideTranslatorPB.java:180)
	at org.apache.hadoop.ozone.container.common.states.endpoint.RegisterEndpointTask.call(RegisterEndpointTask.java:158)
	at org.apache.hadoop.ozone.container.common.states.endpoint.RegisterEndpointTask.call(RegisterEndpointTask.java:52)
	at java.util.concurrent.FutureTask.run(FutureTask.java:266)
	at java.util.concurrent.ThreadPoolExecutor.runWorker(ThreadPoolExecutor.java:1149)
	at java.util.concurrent.ThreadPoolExecutor$Worker.run(ThreadPoolExecutor.java:624)
	at java.lang.Thread.run(Thread.java:748)
Caused by: java.io.EOFException
	at java.io.DataInputStream.readInt(DataInputStream.java:392)
	at org.apache.hadoop.ipc.Client$IpcStreams.readResponse(Client.java:1892)
	at org.apache.hadoop.ipc.Client$Connection.receiveRpcResponse(Client.java:1202)
	at org.apache.hadoop.ipc.Client$Connection.run(Client.java:1098)
2021-08-16 13:11:18,136 [IPC Server listener on 13661] INFO  ipc.Server (Server.java:run(1376)) - Stopping IPC Server listener on 13661
2021-08-16 13:11:18,135 [IPC Server handler 0 on default port 13661] WARN  ipc.Server (Server.java:processResponse(1717)) - IPC Server handler 0 on default port 13661, call Call#298 Retry#0 org.apache.hadoop.ozone.protocol.StorageContainerDatanodeProtocol.submitRequest from 127.0.0.1:43552: output error
2021-08-16 13:11:18,136 [IPC Server handler 0 on default port 13661] INFO  ipc.Server (Server.java:run(2979)) - IPC Server handler 0 on default port 13661 caught an exception
java.nio.channels.ClosedByInterruptException
	at java.nio.channels.spi.AbstractInterruptibleChannel.end(AbstractInterruptibleChannel.java:202)
	at sun.nio.ch.SocketChannelImpl.write(SocketChannelImpl.java:477)
	at org.apache.hadoop.ipc.Server.channelWrite(Server.java:3605)
	at org.apache.hadoop.ipc.Server.access$1700(Server.java:141)
	at org.apache.hadoop.ipc.Server$Responder.processResponse(Server.java:1667)
	at org.apache.hadoop.ipc.Server$Responder.doRespond(Server.java:1737)
	at org.apache.hadoop.ipc.Server$Connection.sendResponse(Server.java:2837)
	at org.apache.hadoop.ipc.Server$Connection.access$300(Server.java:1809)
	at org.apache.hadoop.ipc.Server$RpcCall.doResponse(Server.java:1117)
	at org.apache.hadoop.ipc.Server$Call.doResponse(Server.java:909)
	at org.apache.hadoop.ipc.Server$Call.sendResponse(Server.java:895)
	at org.apache.hadoop.ipc.Server$RpcCall.run(Server.java:1052)
	at org.apache.hadoop.ipc.Server$RpcCall.run(Server.java:963)
	at java.security.AccessController.doPrivileged(Native Method)
	at javax.security.auth.Subject.doAs(Subject.java:422)
	at org.apache.hadoop.security.UserGroupInformation.doAs(UserGroupInformation.java:1878)
	at org.apache.hadoop.ipc.Server$Handler.run(Server.java:2966)
2021-08-16 13:11:18,137 [IPC Server Responder] INFO  ipc.Server (Server.java:run(1512)) - Stopping IPC Server Responder
2021-08-16 13:11:18,141 [SCM Heartbeat Processing Thread - 0] WARN  node.NodeStateManager (NodeStateManager.java:scheduleNextHealthCheck(799)) - Current Thread is interrupted, shutting down HB processing thread for Node Manager.
2021-08-16 13:11:18,141 [Listener at 127.0.0.1/13436] INFO  server.StorageContainerManager (StorageContainerManager.java:stop(1370)) - Stopping block service RPC server
2021-08-16 13:11:18,142 [Listener at 127.0.0.1/13436] INFO  server.SCMBlockProtocolServer (SCMBlockProtocolServer.java:stop(160)) - Stopping the RPC server for Block Protocol
2021-08-16 13:11:18,142 [Listener at 127.0.0.1/13436] INFO  ipc.Server (Server.java:stop(3414)) - Stopping server on 13662
2021-08-16 13:11:18,144 [IPC Server listener on 13662] INFO  ipc.Server (Server.java:run(1376)) - Stopping IPC Server listener on 13662
2021-08-16 13:11:18,147 [Listener at 127.0.0.1/13436] INFO  server.StorageContainerManager (StorageContainerManager.java:stop(1377)) - Stopping the StorageContainerLocationProtocol RPC server
2021-08-16 13:11:18,147 [Listener at 127.0.0.1/13436] INFO  server.SCMClientProtocolServer (SCMClientProtocolServer.java:stop(173)) - Stopping the RPC server for Client Protocol
2021-08-16 13:11:18,147 [Listener at 127.0.0.1/13436] INFO  ipc.Server (Server.java:stop(3414)) - Stopping server on 13663
2021-08-16 13:11:18,148 [IPC Server Responder] INFO  ipc.Server (Server.java:run(1512)) - Stopping IPC Server Responder
2021-08-16 13:11:18,149 [Listener at 127.0.0.1/13436] INFO  server.StorageContainerManager (StorageContainerManager.java:stop(1384)) - Stopping Storage Container Manager HTTP server.
2021-08-16 13:11:18,149 [Listener at 127.0.0.1/13436] INFO  handler.ContextHandler (ContextHandler.java:doStop(1153)) - Stopped o.e.j.w.WebAppContext@338a9b84{scm,/,null,STOPPED}{file:/home/runner/work/ozone/ozone/hadoop-ozone/integration-test/target/test-classes/webapps/scm}
2021-08-16 13:11:18,149 [IPC Server Responder] INFO  ipc.Server (Server.java:run(1512)) - Stopping IPC Server Responder
2021-08-16 13:11:18,150 [IPC Server listener on 13663] INFO  ipc.Server (Server.java:run(1376)) - Stopping IPC Server listener on 13663
2021-08-16 13:11:18,150 [Listener at 127.0.0.1/13436] INFO  server.AbstractConnector (AbstractConnector.java:doStop(381)) - Stopped ServerConnector@c01fd44{HTTP/1.1, (http/1.1)}{0.0.0.0:13658}
2021-08-16 13:11:18,150 [Listener at 127.0.0.1/13436] INFO  server.session (HouseKeeper.java:stopScavenging(149)) - node0 Stopped scavenging
2021-08-16 13:11:18,150 [Listener at 127.0.0.1/13436] INFO  handler.ContextHandler (ContextHandler.java:doStop(1153)) - Stopped o.e.j.s.ServletContextHandler@5d1a1770{static,/static,file:///home/runner/work/ozone/ozone/hadoop-ozone/integration-test/target/test-classes/webapps/static,STOPPED}
2021-08-16 13:11:18,151 [Listener at 127.0.0.1/13436] INFO  handler.ContextHandler (ContextHandler.java:doStop(1153)) - Stopped o.e.j.s.ServletContextHandler@7545c015{logs,/logs,file:///home/runner/work/ozone/ozone/hadoop-ozone/integration-test/target/log,STOPPED}
2021-08-16 13:11:18,151 [Listener at 127.0.0.1/13436] INFO  server.StorageContainerManager (StorageContainerManager.java:stop(1395)) - Stopping Block Manager Service.
2021-08-16 13:11:18,151 [Listener at 127.0.0.1/13436] INFO  utils.BackgroundService (BackgroundService.java:shutdown(132)) - Shutting down service SCMBlockDeletingService
2021-08-16 13:11:18,152 [Listener at 127.0.0.1/13436] INFO  utils.BackgroundService (BackgroundService.java:shutdown(132)) - Shutting down service SCMBlockDeletingService
2021-08-16 13:11:18,152 [Listener at 127.0.0.1/13436] INFO  server.StorageContainerManager (StorageContainerManager.java:stop(1422)) - Stopping SCM Event Queue.
2021-08-16 13:11:18,161 [Listener at 127.0.0.1/13436] INFO  server.StorageContainerManager (StorageContainerManager.java:stop(1433)) - Stopping SCM HA services.
2021-08-16 13:11:18,161 [Listener at 127.0.0.1/13436] INFO  ha.SCMRatisServerImpl (SCMRatisServerImpl.java:stop(226)) - stopping ratis server 0.0.0.0:13660
2021-08-16 13:11:18,161 [Listener at 127.0.0.1/13436] INFO  server.RaftServer (RaftServerProxy.java:lambda$close$6(391)) - d66e294e-0eb7-4194-a364-fc35d68e543c: close
2021-08-16 13:11:18,162 [Listener at 127.0.0.1/13436] INFO  server.GrpcService (GrpcService.java:closeImpl(262)) - d66e294e-0eb7-4194-a364-fc35d68e543c: shutdown server with port 13660 now
2021-08-16 13:11:18,163 [Listener at 127.0.0.1/13436] INFO  server.GrpcService (GrpcService.java:closeImpl(271)) - d66e294e-0eb7-4194-a364-fc35d68e543c: shutdown server with port 13660 successfully
2021-08-16 13:11:18,164 [grpc-default-executor-5] WARN  server.GrpcServerProtocolService (LogUtils.java:warn(122)) - d66e294e-0eb7-4194-a364-fc35d68e543c: installSnapshot onError, lastRequest: f324fcdd-c742-4882-bf0f-17e5edd5a90a->d66e294e-0eb7-4194-a364-fc35d68e543c#34-t2,previous=(t:2, i:29),leaderCommit=29,initializing? true,entries: size=1, first=(t:2, i:30), METADATAENTRY(c:29): org.apache.ratis.thirdparty.io.grpc.StatusRuntimeException: CANCELLED: client cancelled
2021-08-16 13:11:18,164 [org.apache.ratis.util.JvmPauseMonitor$$Lambda$499/1198442960@7aa810b0] INFO  util.JvmPauseMonitor (JvmPauseMonitor.java:run(109)) - JvmPauseMonitor-d66e294e-0eb7-4194-a364-fc35d68e543c: Stopped
2021-08-16 13:11:18,164 [grpc-default-executor-2] WARN  server.GrpcLogAppender (LogUtils.java:warn(122)) - f324fcdd-c742-4882-bf0f-17e5edd5a90a@group-D45398A5843A->d66e294e-0eb7-4194-a364-fc35d68e543c-AppendLogResponseHandler: Failed appendEntries: org.apache.ratis.thirdparty.io.grpc.StatusRuntimeException: CANCELLED: HTTP/2 error code: CANCEL
Received Rst Stream
2021-08-16 13:11:18,164 [Listener at 127.0.0.1/13436] INFO  pipeline.BackgroundPipelineCreator (BackgroundPipelineCreatorV2.java:stop(158)) - Stopping RatisPipelineUtilsThread.
2021-08-16 13:11:18,164 [Listener at 127.0.0.1/13436] INFO  server.StorageContainerManager (StorageContainerManager.java:stop(1443)) - Stopping SCM MetadataStore.
2021-08-16 13:11:18,164 [grpc-default-executor-2] INFO  leader.FollowerInfo (FollowerInfoImpl.java:lambda$new$0(46)) - f324fcdd-c742-4882-bf0f-17e5edd5a90a@group-D45398A5843A->d66e294e-0eb7-4194-a364-fc35d68e543c: nextIndex: updateUnconditionally 31 -> 30
2021-08-16 13:11:18,165 [Listener at 127.0.0.1/13436] INFO  impl.MetricsSystemImpl (MetricsSystemImpl.java:stop(205)) - StorageContainerManager metrics system stopped (again)
2021-08-16 13:11:18,165 [Listener at 127.0.0.1/13436] INFO  ozone.MiniOzoneHAClusterImpl (MiniOzoneHAClusterImpl.java:stop(305)) - Stopping the StorageContainerManager f324fcdd-c742-4882-bf0f-17e5edd5a90a
2021-08-16 13:11:18,165 [Listener at 127.0.0.1/13436] INFO  server.StorageContainerManager (StorageContainerManager.java:stop(1341)) - Stopping Replication Manager Service.
2021-08-16 13:11:18,165 [Listener at 127.0.0.1/13436] INFO  container.ReplicationManager (ReplicationManager.java:stop(317)) - Stopping Replication Monitor Thread.
2021-08-16 13:11:18,165 [Listener at 127.0.0.1/13436] INFO  server.StorageContainerManager (StorageContainerManager.java:stop(1348)) - Stopping the Datanode Admin Monitor.
2021-08-16 13:11:18,166 [Listener at 127.0.0.1/13436] INFO  server.StorageContainerManager (StorageContainerManager.java:stop(1355)) - Stopping Lease Manager of the command watchers
2021-08-16 13:11:18,166 [Listener at 127.0.0.1/13436] INFO  server.StorageContainerManager (StorageContainerManager.java:stop(1362)) - Stopping datanode service RPC server
2021-08-16 13:11:18,166 [Listener at 127.0.0.1/13436] INFO  server.SCMDatanodeProtocolServer (SCMDatanodeProtocolServer.java:stop(389)) - Stopping the RPC server for DataNodes
2021-08-16 13:11:18,166 [Listener at 127.0.0.1/13436] INFO  ipc.Server (Server.java:stop(3414)) - Stopping server on 13641
2021-08-16 13:11:18,175 [grpc-default-executor-5] WARN  server.GrpcLogAppender (LogUtils.java:warn(122)) - f324fcdd-c742-4882-bf0f-17e5edd5a90a@group-D45398A5843A->d66e294e-0eb7-4194-a364-fc35d68e543c-AppendLogResponseHandler: Failed appendEntries: org.apache.ratis.thirdparty.io.grpc.StatusRuntimeException: UNAVAILABLE: io exception
2021-08-16 13:11:18,176 [grpc-default-executor-5] INFO  leader.FollowerInfo (FollowerInfoImpl.java:lambda$new$0(46)) - f324fcdd-c742-4882-bf0f-17e5edd5a90a@group-D45398A5843A->d66e294e-0eb7-4194-a364-fc35d68e543c: nextIndex: updateUnconditionally 31 -> 30
2021-08-16 13:11:18,181 [IPC Server listener on 13641] INFO  ipc.Server (Server.java:run(1376)) - Stopping IPC Server listener on 13641
2021-08-16 13:11:18,190 [IPC Server Responder] INFO  ipc.Server (Server.java:run(1512)) - Stopping IPC Server Responder
2021-08-16 13:11:18,268 [EndpointStateMachine task thread for /127.0.0.1:13641 - 0 ] WARN  statemachine.EndpointStateMachine (EndpointStateMachine.java:logIfNeeded(236)) - Unable to communicate to SCM server at localhost:13641 for past 0 seconds.
java.io.EOFException: End of File Exception between local host is: "fv-az148-41/10.1.0.28"; destination host is: "localhost":13641; : java.io.EOFException; For more details see:  http://wiki.apache.org/hadoop/EOFException
	at sun.reflect.NativeConstructorAccessorImpl.newInstance0(Native Method)
	at sun.reflect.NativeConstructorAccessorImpl.newInstance(NativeConstructorAccessorImpl.java:62)
	at sun.reflect.DelegatingConstructorAccessorImpl.newInstance(DelegatingConstructorAccessorImpl.java:45)
	at java.lang.reflect.Constructor.newInstance(Constructor.java:423)
	at org.apache.hadoop.net.NetUtils.wrapWithMessage(NetUtils.java:913)
	at org.apache.hadoop.net.NetUtils.wrapException(NetUtils.java:862)
	at org.apache.hadoop.ipc.Client.getRpcResponse(Client.java:1577)
	at org.apache.hadoop.ipc.Client.call(Client.java:1519)
	at org.apache.hadoop.ipc.Client.call(Client.java:1416)
	at org.apache.hadoop.ipc.ProtobufRpcEngine$Invoker.invoke(ProtobufRpcEngine.java:236)
	at org.apache.hadoop.ipc.ProtobufRpcEngine$Invoker.invoke(ProtobufRpcEngine.java:123)
	at com.sun.proxy.$Proxy47.submitRequest(Unknown Source)
	at org.apache.hadoop.ozone.protocolPB.StorageContainerDatanodeProtocolClientSideTranslatorPB.submitRequest(StorageContainerDatanodeProtocolClientSideTranslatorPB.java:117)
	at org.apache.hadoop.ozone.protocolPB.StorageContainerDatanodeProtocolClientSideTranslatorPB.sendHeartbeat(StorageContainerDatanodeProtocolClientSideTranslatorPB.java:149)
	at org.apache.hadoop.ozone.container.common.states.endpoint.HeartbeatEndpointTask.call(HeartbeatEndpointTask.java:179)
	at org.apache.hadoop.ozone.container.common.states.endpoint.HeartbeatEndpointTask.call(HeartbeatEndpointTask.java:82)
	at java.util.concurrent.FutureTask.run(FutureTask.java:266)
	at java.util.concurrent.ThreadPoolExecutor.runWorker(ThreadPoolExecutor.java:1149)
	at java.util.concurrent.ThreadPoolExecutor$Worker.run(ThreadPoolExecutor.java:624)
	at java.lang.Thread.run(Thread.java:748)
Caused by: java.io.EOFException
	at java.io.DataInputStream.readInt(DataInputStream.java:392)
	at org.apache.hadoop.ipc.Client$IpcStreams.readResponse(Client.java:1892)
	at org.apache.hadoop.ipc.Client$Connection.receiveRpcResponse(Client.java:1202)
	at org.apache.hadoop.ipc.Client$Connection.run(Client.java:1098)
2021-08-16 13:11:18,649 [EndpointStateMachine task thread for /127.0.0.1:15281 - 0 ] INFO  ipc.Client (Client.java:handleConnectionFailure(977)) - Retrying connect to server: localhost/127.0.0.1:15281. Already tried 7 time(s); retry policy is RetryUpToMaximumCountWithFixedSleep(maxRetries=15, sleepTime=1000 MILLISECONDS)
2021-08-16 13:11:18,650 [EndpointStateMachine task thread for /127.0.0.1:15291 - 0 ] INFO  ipc.Client (Client.java:handleConnectionFailure(977)) - Retrying connect to server: localhost/127.0.0.1:15291. Already tried 7 time(s); retry policy is RetryUpToMaximumCountWithFixedSleep(maxRetries=15, sleepTime=1000 MILLISECONDS)
2021-08-16 13:11:18,651 [EndpointStateMachine task thread for /127.0.0.1:15301 - 0 ] INFO  ipc.Client (Client.java:handleConnectionFailure(977)) - Retrying connect to server: localhost/127.0.0.1:15301. Already tried 7 time(s); retry policy is RetryUpToMaximumCountWithFixedSleep(maxRetries=15, sleepTime=1000 MILLISECONDS)
2021-08-16 13:11:19,267 [EndpointStateMachine task thread for /127.0.0.1:13651 - 0 ] INFO  ipc.Client (Client.java:handleConnectionFailure(977)) - Retrying connect to server: localhost/127.0.0.1:13651. Already tried 0 time(s); retry policy is RetryUpToMaximumCountWithFixedSleep(maxRetries=15, sleepTime=1000 MILLISECONDS)
2021-08-16 13:11:19,267 [EndpointStateMachine task thread for /127.0.0.1:13661 - 0 ] INFO  ipc.Client (Client.java:handleConnectionFailure(977)) - Retrying connect to server: localhost/127.0.0.1:13661. Already tried 0 time(s); retry policy is RetryUpToMaximumCountWithFixedSleep(maxRetries=15, sleepTime=1000 MILLISECONDS)
2021-08-16 13:11:19,439 [EndpointStateMachine task thread for /127.0.0.1:13641 - 0 ] INFO  ipc.Client (Client.java:handleConnectionFailure(977)) - Retrying connect to server: localhost/127.0.0.1:13641. Already tried 0 time(s); retry policy is RetryUpToMaximumCountWithFixedSleep(maxRetries=15, sleepTime=1000 MILLISECONDS)
2021-08-16 13:11:19,650 [EndpointStateMachine task thread for /127.0.0.1:15281 - 0 ] INFO  ipc.Client (Client.java:handleConnectionFailure(977)) - Retrying connect to server: localhost/127.0.0.1:15281. Already tried 8 time(s); retry policy is RetryUpToMaximumCountWithFixedSleep(maxRetries=15, sleepTime=1000 MILLISECONDS)
2021-08-16 13:11:19,650 [EndpointStateMachine task thread for /127.0.0.1:15291 - 0 ] INFO  ipc.Client (Client.java:handleConnectionFailure(977)) - Retrying connect to server: localhost/127.0.0.1:15291. Already tried 8 time(s); retry policy is RetryUpToMaximumCountWithFixedSleep(maxRetries=15, sleepTime=1000 MILLISECONDS)
2021-08-16 13:11:19,651 [EndpointStateMachine task thread for /127.0.0.1:15301 - 0 ] INFO  ipc.Client (Client.java:handleConnectionFailure(977)) - Retrying connect to server: localhost/127.0.0.1:15301. Already tried 8 time(s); retry policy is RetryUpToMaximumCountWithFixedSleep(maxRetries=15, sleepTime=1000 MILLISECONDS)
2021-08-16 13:11:20,249 [SCM Heartbeat Processing Thread - 0] WARN  node.NodeStateManager (NodeStateManager.java:scheduleNextHealthCheck(799)) - Current Thread is interrupted, shutting down HB processing thread for Node Manager.
2021-08-16 13:11:20,249 [Listener at 127.0.0.1/13436] INFO  server.StorageContainerManager (StorageContainerManager.java:stop(1370)) - Stopping block service RPC server
2021-08-16 13:11:20,249 [Listener at 127.0.0.1/13436] INFO  server.SCMBlockProtocolServer (SCMBlockProtocolServer.java:stop(160)) - Stopping the RPC server for Block Protocol
2021-08-16 13:11:20,249 [Listener at 127.0.0.1/13436] INFO  ipc.Server (Server.java:stop(3414)) - Stopping server on 13642
2021-08-16 13:11:20,257 [IPC Server listener on 13642] INFO  ipc.Server (Server.java:run(1376)) - Stopping IPC Server listener on 13642
2021-08-16 13:11:20,258 [Listener at 127.0.0.1/13436] INFO  server.StorageContainerManager (StorageContainerManager.java:stop(1377)) - Stopping the StorageContainerLocationProtocol RPC server
2021-08-16 13:11:20,258 [Listener at 127.0.0.1/13436] INFO  server.SCMClientProtocolServer (SCMClientProtocolServer.java:stop(173)) - Stopping the RPC server for Client Protocol
2021-08-16 13:11:20,258 [Listener at 127.0.0.1/13436] INFO  ipc.Server (Server.java:stop(3414)) - Stopping server on 13643
2021-08-16 13:11:20,259 [IPC Server Responder] INFO  ipc.Server (Server.java:run(1512)) - Stopping IPC Server Responder
2021-08-16 13:11:20,264 [Listener at 127.0.0.1/13436] INFO  server.StorageContainerManager (StorageContainerManager.java:stop(1384)) - Stopping Storage Container Manager HTTP server.
2021-08-16 13:11:20,265 [Listener at 127.0.0.1/13436] INFO  handler.ContextHandler (ContextHandler.java:doStop(1153)) - Stopped o.e.j.w.WebAppContext@7169a87{scm,/,null,STOPPED}{file:/home/runner/work/ozone/ozone/hadoop-ozone/integration-test/target/test-classes/webapps/scm}
2021-08-16 13:11:20,266 [IPC Server Responder] INFO  ipc.Server (Server.java:run(1512)) - Stopping IPC Server Responder
2021-08-16 13:11:20,267 [Listener at 127.0.0.1/13436] INFO  server.AbstractConnector (AbstractConnector.java:doStop(381)) - Stopped ServerConnector@66075044{HTTP/1.1, (http/1.1)}{0.0.0.0:13638}
2021-08-16 13:11:20,267 [Listener at 127.0.0.1/13436] INFO  server.session (HouseKeeper.java:stopScavenging(149)) - node0 Stopped scavenging
2021-08-16 13:11:20,268 [EndpointStateMachine task thread for /127.0.0.1:13651 - 0 ] INFO  ipc.Client (Client.java:handleConnectionFailure(977)) - Retrying connect to server: localhost/127.0.0.1:13651. Already tried 1 time(s); retry policy is RetryUpToMaximumCountWithFixedSleep(maxRetries=15, sleepTime=1000 MILLISECONDS)
2021-08-16 13:11:20,268 [EndpointStateMachine task thread for /127.0.0.1:13661 - 0 ] INFO  ipc.Client (Client.java:handleConnectionFailure(977)) - Retrying connect to server: localhost/127.0.0.1:13661. Already tried 1 time(s); retry policy is RetryUpToMaximumCountWithFixedSleep(maxRetries=15, sleepTime=1000 MILLISECONDS)
2021-08-16 13:11:20,268 [Listener at 127.0.0.1/13436] INFO  handler.ContextHandler (ContextHandler.java:doStop(1153)) - Stopped o.e.j.s.ServletContextHandler@77b6f0f{static,/static,file:///home/runner/work/ozone/ozone/hadoop-ozone/integration-test/target/test-classes/webapps/static,STOPPED}
2021-08-16 13:11:20,268 [Listener at 127.0.0.1/13436] INFO  handler.ContextHandler (ContextHandler.java:doStop(1153)) - Stopped o.e.j.s.ServletContextHandler@19a7b10d{logs,/logs,file:///home/runner/work/ozone/ozone/hadoop-ozone/integration-test/target/log,STOPPED}
2021-08-16 13:11:20,267 [IPC Server listener on 13643] INFO  ipc.Server (Server.java:run(1376)) - Stopping IPC Server listener on 13643
2021-08-16 13:11:20,273 [Listener at 127.0.0.1/13436] INFO  server.StorageContainerManager (StorageContainerManager.java:stop(1395)) - Stopping Block Manager Service.
2021-08-16 13:11:20,273 [Listener at 127.0.0.1/13436] INFO  utils.BackgroundService (BackgroundService.java:shutdown(132)) - Shutting down service SCMBlockDeletingService
2021-08-16 13:11:20,273 [Listener at 127.0.0.1/13436] INFO  utils.BackgroundService (BackgroundService.java:shutdown(132)) - Shutting down service SCMBlockDeletingService
2021-08-16 13:11:20,274 [Listener at 127.0.0.1/13436] INFO  server.StorageContainerManager (StorageContainerManager.java:stop(1422)) - Stopping SCM Event Queue.
2021-08-16 13:11:20,275 [Listener at 127.0.0.1/13436] INFO  server.StorageContainerManager (StorageContainerManager.java:stop(1433)) - Stopping SCM HA services.
2021-08-16 13:11:20,275 [Listener at 127.0.0.1/13436] INFO  ha.SCMRatisServerImpl (SCMRatisServerImpl.java:stop(226)) - stopping ratis server 0.0.0.0:13640
2021-08-16 13:11:20,276 [Listener at 127.0.0.1/13436] INFO  server.RaftServer (RaftServerProxy.java:lambda$close$6(391)) - f324fcdd-c742-4882-bf0f-17e5edd5a90a: close
2021-08-16 13:11:20,276 [Listener at 127.0.0.1/13436] INFO  server.RaftServer$Division (RaftServerImpl.java:lambda$close$4(407)) - f324fcdd-c742-4882-bf0f-17e5edd5a90a@group-D45398A5843A: shutdown
2021-08-16 13:11:20,276 [Listener at 127.0.0.1/13436] INFO  util.JmxRegister (JmxRegister.java:unregister(73)) - Successfully un-registered JMX Bean with object name Ratis:service=RaftServer,group=group-D45398A5843A,id=f324fcdd-c742-4882-bf0f-17e5edd5a90a
2021-08-16 13:11:20,276 [Listener at 127.0.0.1/13436] INFO  impl.RoleInfo (RoleInfo.java:shutdownLeaderState(91)) - f324fcdd-c742-4882-bf0f-17e5edd5a90a: shutdown f324fcdd-c742-4882-bf0f-17e5edd5a90a@group-D45398A5843A-LeaderStateImpl
2021-08-16 13:11:20,276 [f324fcdd-c742-4882-bf0f-17e5edd5a90a@group-D45398A5843A->161c1ac7-ff07-4d6f-a20c-3f676ae8d443-GrpcLogAppender-LogAppenderDaemon] WARN  server.GrpcLogAppender (GrpcLogAppender.java:mayWait(175)) - f324fcdd-c742-4882-bf0f-17e5edd5a90a@group-D45398A5843A->161c1ac7-ff07-4d6f-a20c-3f676ae8d443-GrpcLogAppender: Wait interrupted by java.lang.InterruptedException
2021-08-16 13:11:20,276 [Listener at 127.0.0.1/13436] INFO  impl.PendingRequests (PendingRequests.java:sendNotLeaderResponses(282)) - f324fcdd-c742-4882-bf0f-17e5edd5a90a@group-D45398A5843A-PendingRequests: sendNotLeaderResponses
2021-08-16 13:11:20,277 [f324fcdd-c742-4882-bf0f-17e5edd5a90a@group-D45398A5843A->d66e294e-0eb7-4194-a364-fc35d68e543c-GrpcLogAppender-LogAppenderDaemon] WARN  server.GrpcLogAppender (GrpcLogAppender.java:mayWait(175)) - f324fcdd-c742-4882-bf0f-17e5edd5a90a@group-D45398A5843A->d66e294e-0eb7-4194-a364-fc35d68e543c-GrpcLogAppender: Wait interrupted by java.lang.InterruptedException
2021-08-16 13:11:20,277 [Listener at 127.0.0.1/13436] INFO  ha.SCMStateMachine (SCMStateMachine.java:notifyNotLeader(183)) - current leader SCM steps down.
2021-08-16 13:11:20,284 [Listener at 127.0.0.1/13436] INFO  ha.SCMContext (SCMContext.java:updateLeaderAndTerm(88)) - update <isLeader,term> from <true,2> to <false,0>
2021-08-16 13:11:20,285 [Listener at 127.0.0.1/13436] INFO  ha.SCMContext (SCMContext.java:updateLeaderAndTerm(95)) - update <isLeaderReady> from <false> to <false>
2021-08-16 13:11:20,286 [Listener at 127.0.0.1/13436] INFO  impl.StateMachineUpdater (StateMachineUpdater.java:stopAndJoin(149)) - f324fcdd-c742-4882-bf0f-17e5edd5a90a@group-D45398A5843A-StateMachineUpdater: set stopIndex = 30
2021-08-16 13:11:20,286 [Listener at 127.0.0.1/13436] INFO  server.RaftServer$Division (ServerState.java:close(419)) - f324fcdd-c742-4882-bf0f-17e5edd5a90a@group-D45398A5843A: closes. applyIndex: 30
2021-08-16 13:11:20,287 [f324fcdd-c742-4882-bf0f-17e5edd5a90a@group-D45398A5843A-SegmentedRaftLogWorker] INFO  segmented.SegmentedRaftLogWorker (SegmentedRaftLogWorker.java:run(327)) - f324fcdd-c742-4882-bf0f-17e5edd5a90a@group-D45398A5843A-SegmentedRaftLogWorker was interrupted, exiting. There are 0 tasks remaining in the queue.
2021-08-16 13:11:20,287 [Listener at 127.0.0.1/13436] INFO  segmented.SegmentedRaftLogWorker (SegmentedRaftLogWorker.java:close(237)) - f324fcdd-c742-4882-bf0f-17e5edd5a90a@group-D45398A5843A-SegmentedRaftLogWorker close()
2021-08-16 13:11:20,288 [Listener at 127.0.0.1/13436] INFO  server.GrpcService (GrpcService.java:closeImpl(262)) - f324fcdd-c742-4882-bf0f-17e5edd5a90a: shutdown server with port 13640 now
2021-08-16 13:11:20,294 [Listener at 127.0.0.1/13436] INFO  server.GrpcService (GrpcService.java:closeImpl(271)) - f324fcdd-c742-4882-bf0f-17e5edd5a90a: shutdown server with port 13640 successfully
2021-08-16 13:11:20,294 [org.apache.ratis.util.JvmPauseMonitor$$Lambda$499/1198442960@a4664f3] INFO  util.JvmPauseMonitor (JvmPauseMonitor.java:run(109)) - JvmPauseMonitor-f324fcdd-c742-4882-bf0f-17e5edd5a90a: Stopped
2021-08-16 13:11:20,295 [Listener at 127.0.0.1/13436] INFO  pipeline.BackgroundPipelineCreator (BackgroundPipelineCreatorV2.java:stop(158)) - Stopping RatisPipelineUtilsThread.
2021-08-16 13:11:20,295 [Listener at 127.0.0.1/13436] INFO  server.StorageContainerManager (StorageContainerManager.java:stop(1443)) - Stopping SCM MetadataStore.
2021-08-16 13:11:20,296 [Listener at 127.0.0.1/13436] INFO  impl.MetricsSystemImpl (MetricsSystemImpl.java:stop(205)) - StorageContainerManager metrics system stopped (again)
2021-08-16 13:11:20,296 [Listener at 127.0.0.1/13436] INFO  ozone.MiniOzoneClusterImpl (MiniOzoneClusterImpl.java:stop(468)) - Stopping the Mini Ozone Cluster
2021-08-16 13:11:20,296 [Listener at 127.0.0.1/13436] INFO  ozone.MiniOzoneClusterImpl (MiniOzoneClusterImpl.java:stopDatanodes(527)) - Stopping the HddsDatanodes
2021-08-16 13:11:20,439 [Datanode State Machine Thread - 0] WARN  statemachine.StateContext (StateContext.java:setState(246)) - Ignore disallowed transition from SHUTDOWN to RUNNING
2021-08-16 13:11:20,439 [Datanode State Machine Thread - 0] INFO  statemachine.DatanodeStateMachine (DatanodeStateMachine.java:lambda$startDaemon$0(457)) - Ozone container server started.
2021-08-16 13:11:20,440 [EndpointStateMachine task thread for /127.0.0.1:13641 - 0 ] INFO  ipc.Client (Client.java:handleConnectionFailure(977)) - Retrying connect to server: localhost/127.0.0.1:13641. Already tried 1 time(s); retry policy is RetryUpToMaximumCountWithFixedSleep(maxRetries=15, sleepTime=1000 MILLISECONDS)
2021-08-16 13:11:20,650 [EndpointStateMachine task thread for /127.0.0.1:15281 - 0 ] INFO  ipc.Client (Client.java:handleConnectionFailure(977)) - Retrying connect to server: localhost/127.0.0.1:15281. Already tried 9 time(s); retry policy is RetryUpToMaximumCountWithFixedSleep(maxRetries=15, sleepTime=1000 MILLISECONDS)
2021-08-16 13:11:20,651 [EndpointStateMachine task thread for /127.0.0.1:15291 - 0 ] INFO  ipc.Client (Client.java:handleConnectionFailure(977)) - Retrying connect to server: localhost/127.0.0.1:15291. Already tried 9 time(s); retry policy is RetryUpToMaximumCountWithFixedSleep(maxRetries=15, sleepTime=1000 MILLISECONDS)
2021-08-16 13:11:20,652 [EndpointStateMachine task thread for /127.0.0.1:15301 - 0 ] INFO  ipc.Client (Client.java:handleConnectionFailure(977)) - Retrying connect to server: localhost/127.0.0.1:15301. Already tried 9 time(s); retry policy is RetryUpToMaximumCountWithFixedSleep(maxRetries=15, sleepTime=1000 MILLISECONDS)
2021-08-16 13:11:21,267 [Datanode State Machine Thread - 0] WARN  statemachine.StateContext (StateContext.java:setState(246)) - Ignore disallowed transition from SHUTDOWN to RUNNING
2021-08-16 13:11:21,267 [Datanode State Machine Thread - 0] INFO  statemachine.DatanodeStateMachine (DatanodeStateMachine.java:lambda$startDaemon$0(457)) - Ozone container server started.
2021-08-16 13:11:21,268 [EndpointStateMachine task thread for /127.0.0.1:13651 - 0 ] INFO  ipc.Client (Client.java:handleConnectionFailure(977)) - Retrying connect to server: localhost/127.0.0.1:13651. Already tried 2 time(s); retry policy is RetryUpToMaximumCountWithFixedSleep(maxRetries=15, sleepTime=1000 MILLISECONDS)
2021-08-16 13:11:21,268 [EndpointStateMachine task thread for /127.0.0.1:13661 - 0 ] INFO  ipc.Client (Client.java:handleConnectionFailure(977)) - Retrying connect to server: localhost/127.0.0.1:13661. Already tried 2 time(s); retry policy is RetryUpToMaximumCountWithFixedSleep(maxRetries=15, sleepTime=1000 MILLISECONDS)
2021-08-16 13:11:21,440 [EndpointStateMachine task thread for /127.0.0.1:13641 - 0 ] INFO  ipc.Client (Client.java:handleConnectionFailure(977)) - Retrying connect to server: localhost/127.0.0.1:13641. Already tried 2 time(s); retry policy is RetryUpToMaximumCountWithFixedSleep(maxRetries=15, sleepTime=1000 MILLISECONDS)
2021-08-16 13:11:21,651 [EndpointStateMachine task thread for /127.0.0.1:15281 - 0 ] INFO  ipc.Client (Client.java:handleConnectionFailure(977)) - Retrying connect to server: localhost/127.0.0.1:15281. Already tried 10 time(s); retry policy is RetryUpToMaximumCountWithFixedSleep(maxRetries=15, sleepTime=1000 MILLISECONDS)
2021-08-16 13:11:21,651 [EndpointStateMachine task thread for /127.0.0.1:15291 - 0 ] INFO  ipc.Client (Client.java:handleConnectionFailure(977)) - Retrying connect to server: localhost/127.0.0.1:15291. Already tried 10 time(s); retry policy is RetryUpToMaximumCountWithFixedSleep(maxRetries=15, sleepTime=1000 MILLISECONDS)
2021-08-16 13:11:21,652 [EndpointStateMachine task thread for /127.0.0.1:15301 - 0 ] INFO  ipc.Client (Client.java:handleConnectionFailure(977)) - Retrying connect to server: localhost/127.0.0.1:15301. Already tried 10 time(s); retry policy is RetryUpToMaximumCountWithFixedSleep(maxRetries=15, sleepTime=1000 MILLISECONDS)
2021-08-16 13:11:22,268 [EndpointStateMachine task thread for /127.0.0.1:13651 - 0 ] INFO  ipc.Client (Client.java:handleConnectionFailure(977)) - Retrying connect to server: localhost/127.0.0.1:13651. Already tried 3 time(s); retry policy is RetryUpToMaximumCountWithFixedSleep(maxRetries=15, sleepTime=1000 MILLISECONDS)
2021-08-16 13:11:22,269 [EndpointStateMachine task thread for /127.0.0.1:13661 - 0 ] INFO  ipc.Client (Client.java:handleConnectionFailure(977)) - Retrying connect to server: localhost/127.0.0.1:13661. Already tried 3 time(s); retry policy is RetryUpToMaximumCountWithFixedSleep(maxRetries=15, sleepTime=1000 MILLISECONDS)
2021-08-16 13:11:22,441 [EndpointStateMachine task thread for /127.0.0.1:13641 - 0 ] INFO  ipc.Client (Client.java:handleConnectionFailure(977)) - Retrying connect to server: localhost/127.0.0.1:13641. Already tried 3 time(s); retry policy is RetryUpToMaximumCountWithFixedSleep(maxRetries=15, sleepTime=1000 MILLISECONDS)
2021-08-16 13:11:22,651 [EndpointStateMachine task thread for /127.0.0.1:15291 - 0 ] INFO  ipc.Client (Client.java:handleConnectionFailure(977)) - Retrying connect to server: localhost/127.0.0.1:15291. Already tried 11 time(s); retry policy is RetryUpToMaximumCountWithFixedSleep(maxRetries=15, sleepTime=1000 MILLISECONDS)
2021-08-16 13:11:22,652 [EndpointStateMachine task thread for /127.0.0.1:15281 - 0 ] INFO  ipc.Client (Client.java:handleConnectionFailure(977)) - Retrying connect to server: localhost/127.0.0.1:15281. Already tried 11 time(s); retry policy is RetryUpToMaximumCountWithFixedSleep(maxRetries=15, sleepTime=1000 MILLISECONDS)
2021-08-16 13:11:22,652 [EndpointStateMachine task thread for /127.0.0.1:15301 - 0 ] INFO  ipc.Client (Client.java:handleConnectionFailure(977)) - Retrying connect to server: localhost/127.0.0.1:15301. Already tried 11 time(s); retry policy is RetryUpToMaximumCountWithFixedSleep(maxRetries=15, sleepTime=1000 MILLISECONDS)
2021-08-16 13:11:23,269 [EndpointStateMachine task thread for /127.0.0.1:13651 - 0 ] INFO  ipc.Client (Client.java:handleConnectionFailure(977)) - Retrying connect to server: localhost/127.0.0.1:13651. Already tried 4 time(s); retry policy is RetryUpToMaximumCountWithFixedSleep(maxRetries=15, sleepTime=1000 MILLISECONDS)
2021-08-16 13:11:23,270 [EndpointStateMachine task thread for /127.0.0.1:13661 - 0 ] INFO  ipc.Client (Client.java:handleConnectionFailure(977)) - Retrying connect to server: localhost/127.0.0.1:13661. Already tried 4 time(s); retry policy is RetryUpToMaximumCountWithFixedSleep(maxRetries=15, sleepTime=1000 MILLISECONDS)
2021-08-16 13:11:23,441 [EndpointStateMachine task thread for /127.0.0.1:13641 - 0 ] INFO  ipc.Client (Client.java:handleConnectionFailure(977)) - Retrying connect to server: localhost/127.0.0.1:13641. Already tried 4 time(s); retry policy is RetryUpToMaximumCountWithFixedSleep(maxRetries=15, sleepTime=1000 MILLISECONDS)
2021-08-16 13:11:23,705 [EndpointStateMachine task thread for /127.0.0.1:15301 - 0 ] INFO  ipc.Client (Client.java:handleConnectionFailure(977)) - Retrying connect to server: localhost/127.0.0.1:15301. Already tried 12 time(s); retry policy is RetryUpToMaximumCountWithFixedSleep(maxRetries=15, sleepTime=1000 MILLISECONDS)
2021-08-16 13:11:23,705 [EndpointStateMachine task thread for /127.0.0.1:15291 - 0 ] INFO  ipc.Client (Client.java:handleConnectionFailure(977)) - Retrying connect to server: localhost/127.0.0.1:15291. Already tried 12 time(s); retry policy is RetryUpToMaximumCountWithFixedSleep(maxRetries=15, sleepTime=1000 MILLISECONDS)
2021-08-16 13:11:23,705 [EndpointStateMachine task thread for /127.0.0.1:15281 - 0 ] INFO  ipc.Client (Client.java:handleConnectionFailure(977)) - Retrying connect to server: localhost/127.0.0.1:15281. Already tried 12 time(s); retry policy is RetryUpToMaximumCountWithFixedSleep(maxRetries=15, sleepTime=1000 MILLISECONDS)
2021-08-16 13:11:23,706 [org.apache.ratis.util.JvmPauseMonitor$$Lambda$499/1198442960@3506213f] WARN  util.JvmPauseMonitor (JvmPauseMonitor.java:detectPause(124)) - JvmPauseMonitor-29512a7a-9393-40e5-8a40-953b2282bb1a: Detected pause in JVM or host machine (eg GC): pause of approximately 112318346ns.
GC pool 'PS Scavenge' had collection(s): count=1 time=112ms
2021-08-16 13:11:23,706 [org.apache.ratis.util.JvmPauseMonitor$$Lambda$499/1198442960@565b0224] WARN  util.JvmPauseMonitor (JvmPauseMonitor.java:detectPause(124)) - JvmPauseMonitor-fb992a77-9bc7-4c94-9eee-eafb24dfa6e7: Detected pause in JVM or host machine (eg GC): pause of approximately 112448554ns.
GC pool 'PS Scavenge' had collection(s): count=1 time=112ms
2021-08-16 13:11:23,706 [org.apache.ratis.util.JvmPauseMonitor$$Lambda$499/1198442960@d4f82ce] WARN  util.JvmPauseMonitor (JvmPauseMonitor.java:detectPause(124)) - JvmPauseMonitor-6430af1b-8c1e-4941-b86e-70a611f1e973: Detected pause in JVM or host machine (eg GC): pause of approximately 112553861ns.
GC pool 'PS Scavenge' had collection(s): count=1 time=112ms
2021-08-16 13:11:24,270 [EndpointStateMachine task thread for /127.0.0.1:13651 - 0 ] INFO  ipc.Client (Client.java:handleConnectionFailure(977)) - Retrying connect to server: localhost/127.0.0.1:13651. Already tried 5 time(s); retry policy is RetryUpToMaximumCountWithFixedSleep(maxRetries=15, sleepTime=1000 MILLISECONDS)
2021-08-16 13:11:24,271 [EndpointStateMachine task thread for /127.0.0.1:13661 - 0 ] INFO  ipc.Client (Client.java:handleConnectionFailure(977)) - Retrying connect to server: localhost/127.0.0.1:13661. Already tried 5 time(s); retry policy is RetryUpToMaximumCountWithFixedSleep(maxRetries=15, sleepTime=1000 MILLISECONDS)
2021-08-16 13:11:24,442 [EndpointStateMachine task thread for /127.0.0.1:13641 - 0 ] INFO  ipc.Client (Client.java:handleConnectionFailure(977)) - Retrying connect to server: localhost/127.0.0.1:13641. Already tried 5 time(s); retry policy is RetryUpToMaximumCountWithFixedSleep(maxRetries=15, sleepTime=1000 MILLISECONDS)
2021-08-16 13:11:24,705 [EndpointStateMachine task thread for /127.0.0.1:15301 - 0 ] INFO  ipc.Client (Client.java:handleConnectionFailure(977)) - Retrying connect to server: localhost/127.0.0.1:15301. Already tried 13 time(s); retry policy is RetryUpToMaximumCountWithFixedSleep(maxRetries=15, sleepTime=1000 MILLISECONDS)
2021-08-16 13:11:24,705 [EndpointStateMachine task thread for /127.0.0.1:15291 - 0 ] INFO  ipc.Client (Client.java:handleConnectionFailure(977)) - Retrying connect to server: localhost/127.0.0.1:15291. Already tried 13 time(s); retry policy is RetryUpToMaximumCountWithFixedSleep(maxRetries=15, sleepTime=1000 MILLISECONDS)
2021-08-16 13:11:24,706 [EndpointStateMachine task thread for /127.0.0.1:15281 - 0 ] INFO  ipc.Client (Client.java:handleConnectionFailure(977)) - Retrying connect to server: localhost/127.0.0.1:15281. Already tried 13 time(s); retry policy is RetryUpToMaximumCountWithFixedSleep(maxRetries=15, sleepTime=1000 MILLISECONDS)
2021-08-16 13:11:25,271 [EndpointStateMachine task thread for /127.0.0.1:13651 - 0 ] INFO  ipc.Client (Client.java:handleConnectionFailure(977)) - Retrying connect to server: localhost/127.0.0.1:13651. Already tried 6 time(s); retry policy is RetryUpToMaximumCountWithFixedSleep(maxRetries=15, sleepTime=1000 MILLISECONDS)
2021-08-16 13:11:25,271 [EndpointStateMachine task thread for /127.0.0.1:13661 - 0 ] INFO  ipc.Client (Client.java:handleConnectionFailure(977)) - Retrying connect to server: localhost/127.0.0.1:13661. Already tried 6 time(s); retry policy is RetryUpToMaximumCountWithFixedSleep(maxRetries=15, sleepTime=1000 MILLISECONDS)
2021-08-16 13:11:25,297 [Listener at 127.0.0.1/13436] INFO  ozoneimpl.OzoneContainer (OzoneContainer.java:stop(326)) - Attempting to stop container services.
2021-08-16 13:11:25,298 [Listener at 127.0.0.1/13436] INFO  server.RaftServer (RaftServerProxy.java:lambda$close$6(391)) - 29512a7a-9393-40e5-8a40-953b2282bb1a: close
2021-08-16 13:11:25,298 [Listener at 127.0.0.1/13436] INFO  server.RaftServer$Division (RaftServerImpl.java:lambda$close$4(407)) - 29512a7a-9393-40e5-8a40-953b2282bb1a@group-D248BB1166F2: shutdown
2021-08-16 13:11:25,299 [Listener at 127.0.0.1/13436] INFO  util.JmxRegister (JmxRegister.java:unregister(73)) - Successfully un-registered JMX Bean with object name Ratis:service=RaftServer,group=group-D248BB1166F2,id=29512a7a-9393-40e5-8a40-953b2282bb1a
2021-08-16 13:11:25,299 [Listener at 127.0.0.1/13436] INFO  impl.RoleInfo (RoleInfo.java:shutdownFollowerState(108)) - 29512a7a-9393-40e5-8a40-953b2282bb1a: shutdown 29512a7a-9393-40e5-8a40-953b2282bb1a@group-D248BB1166F2-FollowerState
2021-08-16 13:11:25,299 [Listener at 127.0.0.1/13436] INFO  impl.StateMachineUpdater (StateMachineUpdater.java:stopAndJoin(149)) - 29512a7a-9393-40e5-8a40-953b2282bb1a@group-D248BB1166F2-StateMachineUpdater: set stopIndex = 0
2021-08-16 13:11:25,299 [29512a7a-9393-40e5-8a40-953b2282bb1a@group-D248BB1166F2-StateMachineUpdater] INFO  ratis.ContainerStateMachine (ContainerStateMachine.java:takeSnapshot(293)) - group-D248BB1166F2: Taking a snapshot at:(t:1, i:0) file /home/runner/work/ozone/ozone/hadoop-ozone/integration-test/target/test-dir/MiniOzoneClusterImpl-d497f94c-0a77-40f1-b0c4-d45398a5843a/datanode-1/data/ratis/3a798cf3-ec63-4670-bd83-d248bb1166f2/sm/snapshot.1_0
2021-08-16 13:11:25,299 [29512a7a-9393-40e5-8a40-953b2282bb1a@group-D248BB1166F2-FollowerState] INFO  impl.FollowerState (FollowerState.java:run(143)) - 29512a7a-9393-40e5-8a40-953b2282bb1a@group-D248BB1166F2-FollowerState was interrupted: {}
java.lang.InterruptedException: sleep interrupted
	at java.lang.Thread.sleep(Native Method)
	at java.lang.Thread.sleep(Thread.java:340)
	at java.util.concurrent.TimeUnit.sleep(TimeUnit.java:386)
	at org.apache.ratis.util.TimeDuration.sleep(TimeDuration.java:324)
	at org.apache.ratis.util.TimeDuration.sleep(TimeDuration.java:309)
	at org.apache.ratis.server.impl.FollowerState.run(FollowerState.java:118)
2021-08-16 13:11:25,301 [29512a7a-9393-40e5-8a40-953b2282bb1a@group-D248BB1166F2-StateMachineUpdater] INFO  ratis.ContainerStateMachine (ContainerStateMachine.java:takeSnapshot(304)) - group-D248BB1166F2: Finished taking a snapshot at:(t:1, i:0) file:/home/runner/work/ozone/ozone/hadoop-ozone/integration-test/target/test-dir/MiniOzoneClusterImpl-d497f94c-0a77-40f1-b0c4-d45398a5843a/datanode-1/data/ratis/3a798cf3-ec63-4670-bd83-d248bb1166f2/sm/snapshot.1_0 took: 2 ms
2021-08-16 13:11:25,301 [29512a7a-9393-40e5-8a40-953b2282bb1a@group-D248BB1166F2-StateMachineUpdater] INFO  impl.StateMachineUpdater (StateMachineUpdater.java:takeSnapshot(281)) - 29512a7a-9393-40e5-8a40-953b2282bb1a@group-D248BB1166F2-StateMachineUpdater: Took a snapshot at index 0
2021-08-16 13:11:25,301 [29512a7a-9393-40e5-8a40-953b2282bb1a@group-D248BB1166F2-StateMachineUpdater] INFO  impl.StateMachineUpdater (StateMachineUpdater.java:lambda$new$0(89)) - 29512a7a-9393-40e5-8a40-953b2282bb1a@group-D248BB1166F2-StateMachineUpdater: snapshotIndex: updateIncreasingly -1 -> 0
2021-08-16 13:11:25,301 [Listener at 127.0.0.1/13436] INFO  server.RaftServer$Division (ServerState.java:close(419)) - 29512a7a-9393-40e5-8a40-953b2282bb1a@group-D248BB1166F2: closes. applyIndex: 0
2021-08-16 13:11:25,302 [29512a7a-9393-40e5-8a40-953b2282bb1a@group-D248BB1166F2-SegmentedRaftLogWorker] INFO  segmented.SegmentedRaftLogWorker (SegmentedRaftLogWorker.java:run(327)) - 29512a7a-9393-40e5-8a40-953b2282bb1a@group-D248BB1166F2-SegmentedRaftLogWorker was interrupted, exiting. There are 0 tasks remaining in the queue.
2021-08-16 13:11:25,302 [Listener at 127.0.0.1/13436] INFO  segmented.SegmentedRaftLogWorker (SegmentedRaftLogWorker.java:close(237)) - 29512a7a-9393-40e5-8a40-953b2282bb1a@group-D248BB1166F2-SegmentedRaftLogWorker close()
2021-08-16 13:11:25,303 [Listener at 127.0.0.1/13436] INFO  server.RaftServer$Division (RaftServerImpl.java:lambda$close$4(407)) - 29512a7a-9393-40e5-8a40-953b2282bb1a@group-B8DBC5B42549: shutdown
2021-08-16 13:11:25,303 [Listener at 127.0.0.1/13436] INFO  util.JmxRegister (JmxRegister.java:unregister(73)) - Successfully un-registered JMX Bean with object name Ratis:service=RaftServer,group=group-B8DBC5B42549,id=29512a7a-9393-40e5-8a40-953b2282bb1a
2021-08-16 13:11:25,304 [Listener at 127.0.0.1/13436] INFO  impl.RoleInfo (RoleInfo.java:shutdownLeaderState(91)) - 29512a7a-9393-40e5-8a40-953b2282bb1a: shutdown 29512a7a-9393-40e5-8a40-953b2282bb1a@group-B8DBC5B42549-LeaderStateImpl
2021-08-16 13:11:25,304 [Listener at 127.0.0.1/13436] INFO  impl.PendingRequests (PendingRequests.java:sendNotLeaderResponses(282)) - 29512a7a-9393-40e5-8a40-953b2282bb1a@group-B8DBC5B42549-PendingRequests: sendNotLeaderResponses
2021-08-16 13:11:25,304 [29512a7a-9393-40e5-8a40-953b2282bb1a@group-B8DBC5B42549->6430af1b-8c1e-4941-b86e-70a611f1e973-GrpcLogAppender-LogAppenderDaemon] WARN  server.GrpcLogAppender (GrpcLogAppender.java:mayWait(175)) - 29512a7a-9393-40e5-8a40-953b2282bb1a@group-B8DBC5B42549->6430af1b-8c1e-4941-b86e-70a611f1e973-GrpcLogAppender: Wait interrupted by java.lang.InterruptedException
2021-08-16 13:11:25,304 [Listener at 127.0.0.1/13436] INFO  impl.StateMachineUpdater (StateMachineUpdater.java:stopAndJoin(149)) - 29512a7a-9393-40e5-8a40-953b2282bb1a@group-B8DBC5B42549-StateMachineUpdater: set stopIndex = 0
2021-08-16 13:11:25,304 [29512a7a-9393-40e5-8a40-953b2282bb1a@group-B8DBC5B42549->fb992a77-9bc7-4c94-9eee-eafb24dfa6e7-GrpcLogAppender-LogAppenderDaemon] WARN  server.GrpcLogAppender (GrpcLogAppender.java:mayWait(175)) - 29512a7a-9393-40e5-8a40-953b2282bb1a@group-B8DBC5B42549->fb992a77-9bc7-4c94-9eee-eafb24dfa6e7-GrpcLogAppender: Wait interrupted by java.lang.InterruptedException
2021-08-16 13:11:25,304 [grpc-default-executor-5] INFO  server.GrpcServerProtocolService (GrpcServerProtocolService.java:onCompleted(140)) - 6430af1b-8c1e-4941-b86e-70a611f1e973: Completed APPEND_ENTRIES, lastRequest: 29512a7a-9393-40e5-8a40-953b2282bb1a->6430af1b-8c1e-4941-b86e-70a611f1e973#1-t2,previous=(t:0, i:0),leaderCommit=-1,initializing? true,entries: size=1, first=(t:2, i:0), CONFIGURATIONENTRY
2021-08-16 13:11:25,304 [ForkJoinPool.commonPool-worker-1] INFO  ozoneimpl.OzoneContainer (OzoneContainer.java:stop(326)) - Attempting to stop container services.
2021-08-16 13:11:25,304 [29512a7a-9393-40e5-8a40-953b2282bb1a@group-B8DBC5B42549-StateMachineUpdater] INFO  ratis.ContainerStateMachine (ContainerStateMachine.java:takeSnapshot(293)) - group-B8DBC5B42549: Taking a snapshot at:(t:2, i:0) file /home/runner/work/ozone/ozone/hadoop-ozone/integration-test/target/test-dir/MiniOzoneClusterImpl-d497f94c-0a77-40f1-b0c4-d45398a5843a/datanode-1/data/ratis/962f00f2-eecd-4ec7-a4b2-b8dbc5b42549/sm/snapshot.2_0
2021-08-16 13:11:25,305 [grpc-default-executor-2] INFO  server.GrpcLogAppender (GrpcLogAppender.java:onCompleted(344)) - 29512a7a-9393-40e5-8a40-953b2282bb1a@group-B8DBC5B42549->6430af1b-8c1e-4941-b86e-70a611f1e973-AppendLogResponseHandler: follower responses appendEntries COMPLETED
2021-08-16 13:11:25,305 [grpc-default-executor-2] INFO  leader.FollowerInfo (FollowerInfoImpl.java:lambda$new$0(46)) - 29512a7a-9393-40e5-8a40-953b2282bb1a@group-B8DBC5B42549->6430af1b-8c1e-4941-b86e-70a611f1e973: nextIndex: updateUnconditionally 1 -> 0
2021-08-16 13:11:25,308 [ForkJoinPool.commonPool-worker-1] INFO  server.RaftServer (RaftServerProxy.java:lambda$close$6(391)) - fb992a77-9bc7-4c94-9eee-eafb24dfa6e7: close
2021-08-16 13:11:25,308 [ForkJoinPool.commonPool-worker-1] INFO  server.RaftServer$Division (RaftServerImpl.java:lambda$close$4(407)) - fb992a77-9bc7-4c94-9eee-eafb24dfa6e7@group-D248BB1166F2: shutdown
2021-08-16 13:11:25,308 [ForkJoinPool.commonPool-worker-1] INFO  util.JmxRegister (JmxRegister.java:unregister(73)) - Successfully un-registered JMX Bean with object name Ratis:service=RaftServer,group=group-D248BB1166F2,id=fb992a77-9bc7-4c94-9eee-eafb24dfa6e7
2021-08-16 13:11:25,308 [ForkJoinPool.commonPool-worker-1] INFO  impl.RoleInfo (RoleInfo.java:shutdownLeaderState(91)) - fb992a77-9bc7-4c94-9eee-eafb24dfa6e7: shutdown fb992a77-9bc7-4c94-9eee-eafb24dfa6e7@group-D248BB1166F2-LeaderStateImpl
2021-08-16 13:11:25,308 [fb992a77-9bc7-4c94-9eee-eafb24dfa6e7@group-D248BB1166F2->6430af1b-8c1e-4941-b86e-70a611f1e973-GrpcLogAppender-LogAppenderDaemon] WARN  server.GrpcLogAppender (GrpcLogAppender.java:mayWait(175)) - fb992a77-9bc7-4c94-9eee-eafb24dfa6e7@group-D248BB1166F2->6430af1b-8c1e-4941-b86e-70a611f1e973-GrpcLogAppender: Wait interrupted by java.lang.InterruptedException
2021-08-16 13:11:25,308 [29512a7a-9393-40e5-8a40-953b2282bb1a@group-B8DBC5B42549-StateMachineUpdater] INFO  ratis.ContainerStateMachine (ContainerStateMachine.java:takeSnapshot(304)) - group-B8DBC5B42549: Finished taking a snapshot at:(t:2, i:0) file:/home/runner/work/ozone/ozone/hadoop-ozone/integration-test/target/test-dir/MiniOzoneClusterImpl-d497f94c-0a77-40f1-b0c4-d45398a5843a/datanode-1/data/ratis/962f00f2-eecd-4ec7-a4b2-b8dbc5b42549/sm/snapshot.2_0 took: 3 ms
2021-08-16 13:11:25,309 [fb992a77-9bc7-4c94-9eee-eafb24dfa6e7@group-D248BB1166F2->29512a7a-9393-40e5-8a40-953b2282bb1a-GrpcLogAppender-LogAppenderDaemon] WARN  server.GrpcLogAppender (GrpcLogAppender.java:mayWait(175)) - fb992a77-9bc7-4c94-9eee-eafb24dfa6e7@group-D248BB1166F2->29512a7a-9393-40e5-8a40-953b2282bb1a-GrpcLogAppender: Wait interrupted by java.lang.InterruptedException
2021-08-16 13:11:25,309 [29512a7a-9393-40e5-8a40-953b2282bb1a@group-B8DBC5B42549-StateMachineUpdater] INFO  impl.StateMachineUpdater (StateMachineUpdater.java:takeSnapshot(281)) - 29512a7a-9393-40e5-8a40-953b2282bb1a@group-B8DBC5B42549-StateMachineUpdater: Took a snapshot at index 0
2021-08-16 13:11:25,309 [29512a7a-9393-40e5-8a40-953b2282bb1a@group-B8DBC5B42549-StateMachineUpdater] INFO  impl.StateMachineUpdater (StateMachineUpdater.java:lambda$new$0(89)) - 29512a7a-9393-40e5-8a40-953b2282bb1a@group-B8DBC5B42549-StateMachineUpdater: snapshotIndex: updateIncreasingly -1 -> 0
2021-08-16 13:11:25,306 [grpc-default-executor-5] INFO  server.GrpcServerProtocolService (GrpcServerProtocolService.java:onCompleted(140)) - fb992a77-9bc7-4c94-9eee-eafb24dfa6e7: Completed APPEND_ENTRIES, lastRequest: 29512a7a-9393-40e5-8a40-953b2282bb1a->fb992a77-9bc7-4c94-9eee-eafb24dfa6e7#1-t2,previous=(t:0, i:0),leaderCommit=0,initializing? true,entries: size=1, first=(t:2, i:0), CONFIGURATIONENTRY
2021-08-16 13:11:25,310 [grpc-default-executor-2] INFO  server.GrpcLogAppender (GrpcLogAppender.java:onCompleted(344)) - 29512a7a-9393-40e5-8a40-953b2282bb1a@group-B8DBC5B42549->fb992a77-9bc7-4c94-9eee-eafb24dfa6e7-AppendLogResponseHandler: follower responses appendEntries COMPLETED
2021-08-16 13:11:25,310 [grpc-default-executor-2] INFO  leader.FollowerInfo (FollowerInfoImpl.java:lambda$new$0(46)) - 29512a7a-9393-40e5-8a40-953b2282bb1a@group-B8DBC5B42549->fb992a77-9bc7-4c94-9eee-eafb24dfa6e7: nextIndex: updateUnconditionally 1 -> 0
2021-08-16 13:11:25,310 [grpc-default-executor-1] INFO  server.GrpcServerProtocolService (GrpcServerProtocolService.java:onCompleted(140)) - 29512a7a-9393-40e5-8a40-953b2282bb1a: Completed APPEND_ENTRIES, lastRequest: fb992a77-9bc7-4c94-9eee-eafb24dfa6e7->29512a7a-9393-40e5-8a40-953b2282bb1a#1-t1,previous=(t:0, i:0),leaderCommit=-1,initializing? true,entries: size=1, first=(t:1, i:0), CONFIGURATIONENTRY
2021-08-16 13:11:25,310 [grpc-default-executor-2] INFO  server.GrpcServerProtocolService (GrpcServerProtocolService.java:onCompleted(140)) - 6430af1b-8c1e-4941-b86e-70a611f1e973: Completed APPEND_ENTRIES, lastRequest: fb992a77-9bc7-4c94-9eee-eafb24dfa6e7->6430af1b-8c1e-4941-b86e-70a611f1e973#1-t1,previous=(t:0, i:0),leaderCommit=-1,initializing? true,entries: size=1, first=(t:1, i:0), CONFIGURATIONENTRY
2021-08-16 13:11:25,308 [ForkJoinPool.commonPool-worker-1] INFO  impl.PendingRequests (PendingRequests.java:sendNotLeaderResponses(282)) - fb992a77-9bc7-4c94-9eee-eafb24dfa6e7@group-D248BB1166F2-PendingRequests: sendNotLeaderResponses
2021-08-16 13:11:25,311 [ForkJoinPool.commonPool-worker-1] INFO  impl.StateMachineUpdater (StateMachineUpdater.java:stopAndJoin(149)) - fb992a77-9bc7-4c94-9eee-eafb24dfa6e7@group-D248BB1166F2-StateMachineUpdater: set stopIndex = 0
2021-08-16 13:11:25,311 [fb992a77-9bc7-4c94-9eee-eafb24dfa6e7@group-D248BB1166F2-StateMachineUpdater] INFO  ratis.ContainerStateMachine (ContainerStateMachine.java:takeSnapshot(293)) - group-D248BB1166F2: Taking a snapshot at:(t:1, i:0) file /home/runner/work/ozone/ozone/hadoop-ozone/integration-test/target/test-dir/MiniOzoneClusterImpl-d497f94c-0a77-40f1-b0c4-d45398a5843a/datanode-0/data/ratis/3a798cf3-ec63-4670-bd83-d248bb1166f2/sm/snapshot.1_0
2021-08-16 13:11:25,311 [grpc-default-executor-2] INFO  server.GrpcLogAppender (GrpcLogAppender.java:onCompleted(344)) - fb992a77-9bc7-4c94-9eee-eafb24dfa6e7@group-D248BB1166F2->6430af1b-8c1e-4941-b86e-70a611f1e973-AppendLogResponseHandler: follower responses appendEntries COMPLETED
2021-08-16 13:11:25,311 [grpc-default-executor-2] INFO  leader.FollowerInfo (FollowerInfoImpl.java:lambda$new$0(46)) - fb992a77-9bc7-4c94-9eee-eafb24dfa6e7@group-D248BB1166F2->6430af1b-8c1e-4941-b86e-70a611f1e973: nextIndex: updateUnconditionally 1 -> 0
2021-08-16 13:11:25,312 [grpc-default-executor-5] INFO  server.GrpcLogAppender (GrpcLogAppender.java:onCompleted(344)) - fb992a77-9bc7-4c94-9eee-eafb24dfa6e7@group-D248BB1166F2->29512a7a-9393-40e5-8a40-953b2282bb1a-AppendLogResponseHandler: follower responses appendEntries COMPLETED
2021-08-16 13:11:25,312 [grpc-default-executor-5] INFO  leader.FollowerInfo (FollowerInfoImpl.java:lambda$new$0(46)) - fb992a77-9bc7-4c94-9eee-eafb24dfa6e7@group-D248BB1166F2->29512a7a-9393-40e5-8a40-953b2282bb1a: nextIndex: updateUnconditionally 1 -> 0
2021-08-16 13:11:25,312 [fb992a77-9bc7-4c94-9eee-eafb24dfa6e7@group-D248BB1166F2-StateMachineUpdater] INFO  ratis.ContainerStateMachine (ContainerStateMachine.java:takeSnapshot(304)) - group-D248BB1166F2: Finished taking a snapshot at:(t:1, i:0) file:/home/runner/work/ozone/ozone/hadoop-ozone/integration-test/target/test-dir/MiniOzoneClusterImpl-d497f94c-0a77-40f1-b0c4-d45398a5843a/datanode-0/data/ratis/3a798cf3-ec63-4670-bd83-d248bb1166f2/sm/snapshot.1_0 took: 1 ms
2021-08-16 13:11:25,312 [fb992a77-9bc7-4c94-9eee-eafb24dfa6e7@group-D248BB1166F2-StateMachineUpdater] INFO  impl.StateMachineUpdater (StateMachineUpdater.java:takeSnapshot(281)) - fb992a77-9bc7-4c94-9eee-eafb24dfa6e7@group-D248BB1166F2-StateMachineUpdater: Took a snapshot at index 0
2021-08-16 13:11:25,312 [fb992a77-9bc7-4c94-9eee-eafb24dfa6e7@group-D248BB1166F2-StateMachineUpdater] INFO  impl.StateMachineUpdater (StateMachineUpdater.java:lambda$new$0(89)) - fb992a77-9bc7-4c94-9eee-eafb24dfa6e7@group-D248BB1166F2-StateMachineUpdater: snapshotIndex: updateIncreasingly -1 -> 0
2021-08-16 13:11:25,312 [ForkJoinPool.commonPool-worker-1] INFO  server.RaftServer$Division (ServerState.java:close(419)) - fb992a77-9bc7-4c94-9eee-eafb24dfa6e7@group-D248BB1166F2: closes. applyIndex: 0
2021-08-16 13:11:25,314 [fb992a77-9bc7-4c94-9eee-eafb24dfa6e7@group-D248BB1166F2-SegmentedRaftLogWorker] INFO  segmented.SegmentedRaftLogWorker (SegmentedRaftLogWorker.java:run(327)) - fb992a77-9bc7-4c94-9eee-eafb24dfa6e7@group-D248BB1166F2-SegmentedRaftLogWorker was interrupted, exiting. There are 0 tasks remaining in the queue.
2021-08-16 13:11:25,314 [ForkJoinPool.commonPool-worker-1] INFO  segmented.SegmentedRaftLogWorker (SegmentedRaftLogWorker.java:close(237)) - fb992a77-9bc7-4c94-9eee-eafb24dfa6e7@group-D248BB1166F2-SegmentedRaftLogWorker close()
2021-08-16 13:11:25,316 [Listener at 127.0.0.1/13436] INFO  server.RaftServer$Division (ServerState.java:close(419)) - 29512a7a-9393-40e5-8a40-953b2282bb1a@group-B8DBC5B42549: closes. applyIndex: 0
2021-08-16 13:11:25,316 [29512a7a-9393-40e5-8a40-953b2282bb1a@group-B8DBC5B42549-SegmentedRaftLogWorker] INFO  segmented.SegmentedRaftLogWorker (SegmentedRaftLogWorker.java:run(327)) - 29512a7a-9393-40e5-8a40-953b2282bb1a@group-B8DBC5B42549-SegmentedRaftLogWorker was interrupted, exiting. There are 0 tasks remaining in the queue.
2021-08-16 13:11:25,316 [ForkJoinPool.commonPool-worker-1] INFO  server.RaftServer$Division (RaftServerImpl.java:lambda$close$4(407)) - fb992a77-9bc7-4c94-9eee-eafb24dfa6e7@group-B8DBC5B42549: shutdown
2021-08-16 13:11:25,316 [ForkJoinPool.commonPool-worker-1] INFO  util.JmxRegister (JmxRegister.java:unregister(73)) - Successfully un-registered JMX Bean with object name Ratis:service=RaftServer,group=group-B8DBC5B42549,id=fb992a77-9bc7-4c94-9eee-eafb24dfa6e7
2021-08-16 13:11:25,316 [ForkJoinPool.commonPool-worker-1] INFO  impl.RoleInfo (RoleInfo.java:shutdownFollowerState(108)) - fb992a77-9bc7-4c94-9eee-eafb24dfa6e7: shutdown fb992a77-9bc7-4c94-9eee-eafb24dfa6e7@group-B8DBC5B42549-FollowerState
2021-08-16 13:11:25,316 [ForkJoinPool.commonPool-worker-1] INFO  impl.StateMachineUpdater (StateMachineUpdater.java:stopAndJoin(149)) - fb992a77-9bc7-4c94-9eee-eafb24dfa6e7@group-B8DBC5B42549-StateMachineUpdater: set stopIndex = 0
2021-08-16 13:11:25,317 [fb992a77-9bc7-4c94-9eee-eafb24dfa6e7@group-B8DBC5B42549-FollowerState] INFO  impl.FollowerState (FollowerState.java:run(143)) - fb992a77-9bc7-4c94-9eee-eafb24dfa6e7@group-B8DBC5B42549-FollowerState was interrupted: {}
java.lang.InterruptedException: sleep interrupted
	at java.lang.Thread.sleep(Native Method)
	at java.lang.Thread.sleep(Thread.java:340)
	at java.util.concurrent.TimeUnit.sleep(TimeUnit.java:386)
	at org.apache.ratis.util.TimeDuration.sleep(TimeDuration.java:324)
	at org.apache.ratis.util.TimeDuration.sleep(TimeDuration.java:309)
	at org.apache.ratis.server.impl.FollowerState.run(FollowerState.java:118)
2021-08-16 13:11:25,317 [fb992a77-9bc7-4c94-9eee-eafb24dfa6e7@group-B8DBC5B42549-StateMachineUpdater] INFO  ratis.ContainerStateMachine (ContainerStateMachine.java:takeSnapshot(293)) - group-B8DBC5B42549: Taking a snapshot at:(t:2, i:0) file /home/runner/work/ozone/ozone/hadoop-ozone/integration-test/target/test-dir/MiniOzoneClusterImpl-d497f94c-0a77-40f1-b0c4-d45398a5843a/datanode-0/data/ratis/962f00f2-eecd-4ec7-a4b2-b8dbc5b42549/sm/snapshot.2_0
2021-08-16 13:11:25,317 [Listener at 127.0.0.1/13436] INFO  segmented.SegmentedRaftLogWorker (SegmentedRaftLogWorker.java:close(237)) - 29512a7a-9393-40e5-8a40-953b2282bb1a@group-B8DBC5B42549-SegmentedRaftLogWorker close()
2021-08-16 13:11:25,318 [fb992a77-9bc7-4c94-9eee-eafb24dfa6e7@group-B8DBC5B42549-StateMachineUpdater] INFO  ratis.ContainerStateMachine (ContainerStateMachine.java:takeSnapshot(304)) - group-B8DBC5B42549: Finished taking a snapshot at:(t:2, i:0) file:/home/runner/work/ozone/ozone/hadoop-ozone/integration-test/target/test-dir/MiniOzoneClusterImpl-d497f94c-0a77-40f1-b0c4-d45398a5843a/datanode-0/data/ratis/962f00f2-eecd-4ec7-a4b2-b8dbc5b42549/sm/snapshot.2_0 took: 1 ms
2021-08-16 13:11:25,318 [fb992a77-9bc7-4c94-9eee-eafb24dfa6e7@group-B8DBC5B42549-StateMachineUpdater] INFO  impl.StateMachineUpdater (StateMachineUpdater.java:takeSnapshot(281)) - fb992a77-9bc7-4c94-9eee-eafb24dfa6e7@group-B8DBC5B42549-StateMachineUpdater: Took a snapshot at index 0
2021-08-16 13:11:25,318 [fb992a77-9bc7-4c94-9eee-eafb24dfa6e7@group-B8DBC5B42549-StateMachineUpdater] INFO  impl.StateMachineUpdater (StateMachineUpdater.java:lambda$new$0(89)) - fb992a77-9bc7-4c94-9eee-eafb24dfa6e7@group-B8DBC5B42549-StateMachineUpdater: snapshotIndex: updateIncreasingly -1 -> 0
2021-08-16 13:11:25,318 [ForkJoinPool.commonPool-worker-1] INFO  server.RaftServer$Division (ServerState.java:close(419)) - fb992a77-9bc7-4c94-9eee-eafb24dfa6e7@group-B8DBC5B42549: closes. applyIndex: 0
2021-08-16 13:11:25,318 [fb992a77-9bc7-4c94-9eee-eafb24dfa6e7@group-B8DBC5B42549-SegmentedRaftLogWorker] INFO  segmented.SegmentedRaftLogWorker (SegmentedRaftLogWorker.java:run(327)) - fb992a77-9bc7-4c94-9eee-eafb24dfa6e7@group-B8DBC5B42549-SegmentedRaftLogWorker was interrupted, exiting. There are 0 tasks remaining in the queue.
2021-08-16 13:11:25,322 [ForkJoinPool.commonPool-worker-1] INFO  segmented.SegmentedRaftLogWorker (SegmentedRaftLogWorker.java:close(237)) - fb992a77-9bc7-4c94-9eee-eafb24dfa6e7@group-B8DBC5B42549-SegmentedRaftLogWorker close()
2021-08-16 13:11:25,323 [Listener at 127.0.0.1/13436] INFO  server.RaftServer$Division (RaftServerImpl.java:lambda$close$4(407)) - 29512a7a-9393-40e5-8a40-953b2282bb1a@group-4BD7AB1D9362: shutdown
2021-08-16 13:11:25,323 [Listener at 127.0.0.1/13436] INFO  util.JmxRegister (JmxRegister.java:unregister(73)) - Successfully un-registered JMX Bean with object name Ratis:service=RaftServer,group=group-4BD7AB1D9362,id=29512a7a-9393-40e5-8a40-953b2282bb1a
2021-08-16 13:11:25,323 [Listener at 127.0.0.1/13436] INFO  impl.RoleInfo (RoleInfo.java:shutdownLeaderState(91)) - 29512a7a-9393-40e5-8a40-953b2282bb1a: shutdown 29512a7a-9393-40e5-8a40-953b2282bb1a@group-4BD7AB1D9362-LeaderStateImpl
2021-08-16 13:11:25,323 [Listener at 127.0.0.1/13436] INFO  impl.PendingRequests (PendingRequests.java:sendNotLeaderResponses(282)) - 29512a7a-9393-40e5-8a40-953b2282bb1a@group-4BD7AB1D9362-PendingRequests: sendNotLeaderResponses
2021-08-16 13:11:25,324 [Listener at 127.0.0.1/13436] INFO  impl.StateMachineUpdater (StateMachineUpdater.java:stopAndJoin(149)) - 29512a7a-9393-40e5-8a40-953b2282bb1a@group-4BD7AB1D9362-StateMachineUpdater: set stopIndex = 0
2021-08-16 13:11:25,324 [29512a7a-9393-40e5-8a40-953b2282bb1a@group-4BD7AB1D9362-StateMachineUpdater] INFO  ratis.ContainerStateMachine (ContainerStateMachine.java:takeSnapshot(293)) - group-4BD7AB1D9362: Taking a snapshot at:(t:1, i:0) file /home/runner/work/ozone/ozone/hadoop-ozone/integration-test/target/test-dir/MiniOzoneClusterImpl-d497f94c-0a77-40f1-b0c4-d45398a5843a/datanode-1/data/ratis/419d1776-be45-4960-946c-4bd7ab1d9362/sm/snapshot.1_0
2021-08-16 13:11:25,325 [ForkJoinPool.commonPool-worker-1] INFO  server.RaftServer$Division (RaftServerImpl.java:lambda$close$4(407)) - fb992a77-9bc7-4c94-9eee-eafb24dfa6e7@group-000363879626: shutdown
2021-08-16 13:11:25,325 [ForkJoinPool.commonPool-worker-1] INFO  util.JmxRegister (JmxRegister.java:unregister(73)) - Successfully un-registered JMX Bean with object name Ratis:service=RaftServer,group=group-000363879626,id=fb992a77-9bc7-4c94-9eee-eafb24dfa6e7
2021-08-16 13:11:25,326 [ForkJoinPool.commonPool-worker-1] INFO  impl.RoleInfo (RoleInfo.java:shutdownLeaderState(91)) - fb992a77-9bc7-4c94-9eee-eafb24dfa6e7: shutdown fb992a77-9bc7-4c94-9eee-eafb24dfa6e7@group-000363879626-LeaderStateImpl
2021-08-16 13:11:25,326 [ForkJoinPool.commonPool-worker-1] INFO  impl.PendingRequests (PendingRequests.java:sendNotLeaderResponses(282)) - fb992a77-9bc7-4c94-9eee-eafb24dfa6e7@group-000363879626-PendingRequests: sendNotLeaderResponses
2021-08-16 13:11:25,326 [ForkJoinPool.commonPool-worker-1] INFO  impl.StateMachineUpdater (StateMachineUpdater.java:stopAndJoin(149)) - fb992a77-9bc7-4c94-9eee-eafb24dfa6e7@group-000363879626-StateMachineUpdater: set stopIndex = 0
2021-08-16 13:11:25,326 [29512a7a-9393-40e5-8a40-953b2282bb1a@group-4BD7AB1D9362-StateMachineUpdater] INFO  ratis.ContainerStateMachine (ContainerStateMachine.java:takeSnapshot(304)) - group-4BD7AB1D9362: Finished taking a snapshot at:(t:1, i:0) file:/home/runner/work/ozone/ozone/hadoop-ozone/integration-test/target/test-dir/MiniOzoneClusterImpl-d497f94c-0a77-40f1-b0c4-d45398a5843a/datanode-1/data/ratis/419d1776-be45-4960-946c-4bd7ab1d9362/sm/snapshot.1_0 took: 3 ms
2021-08-16 13:11:25,326 [fb992a77-9bc7-4c94-9eee-eafb24dfa6e7@group-000363879626-StateMachineUpdater] INFO  ratis.ContainerStateMachine (ContainerStateMachine.java:takeSnapshot(293)) - group-000363879626: Taking a snapshot at:(t:1, i:0) file /home/runner/work/ozone/ozone/hadoop-ozone/integration-test/target/test-dir/MiniOzoneClusterImpl-d497f94c-0a77-40f1-b0c4-d45398a5843a/datanode-0/data/ratis/38d08bd5-3501-4166-9e78-000363879626/sm/snapshot.1_0
2021-08-16 13:11:25,326 [29512a7a-9393-40e5-8a40-953b2282bb1a@group-4BD7AB1D9362-StateMachineUpdater] INFO  impl.StateMachineUpdater (StateMachineUpdater.java:takeSnapshot(281)) - 29512a7a-9393-40e5-8a40-953b2282bb1a@group-4BD7AB1D9362-StateMachineUpdater: Took a snapshot at index 0
2021-08-16 13:11:25,326 [29512a7a-9393-40e5-8a40-953b2282bb1a@group-4BD7AB1D9362-StateMachineUpdater] INFO  impl.StateMachineUpdater (StateMachineUpdater.java:lambda$new$0(89)) - 29512a7a-9393-40e5-8a40-953b2282bb1a@group-4BD7AB1D9362-StateMachineUpdater: snapshotIndex: updateIncreasingly -1 -> 0
2021-08-16 13:11:25,327 [Listener at 127.0.0.1/13436] INFO  server.RaftServer$Division (ServerState.java:close(419)) - 29512a7a-9393-40e5-8a40-953b2282bb1a@group-4BD7AB1D9362: closes. applyIndex: 0
2021-08-16 13:11:25,327 [29512a7a-9393-40e5-8a40-953b2282bb1a@group-4BD7AB1D9362-SegmentedRaftLogWorker] INFO  segmented.SegmentedRaftLogWorker (SegmentedRaftLogWorker.java:run(327)) - 29512a7a-9393-40e5-8a40-953b2282bb1a@group-4BD7AB1D9362-SegmentedRaftLogWorker was interrupted, exiting. There are 0 tasks remaining in the queue.
2021-08-16 13:11:25,328 [fb992a77-9bc7-4c94-9eee-eafb24dfa6e7@group-000363879626-StateMachineUpdater] INFO  ratis.ContainerStateMachine (ContainerStateMachine.java:takeSnapshot(304)) - group-000363879626: Finished taking a snapshot at:(t:1, i:0) file:/home/runner/work/ozone/ozone/hadoop-ozone/integration-test/target/test-dir/MiniOzoneClusterImpl-d497f94c-0a77-40f1-b0c4-d45398a5843a/datanode-0/data/ratis/38d08bd5-3501-4166-9e78-000363879626/sm/snapshot.1_0 took: 1 ms
2021-08-16 13:11:25,328 [fb992a77-9bc7-4c94-9eee-eafb24dfa6e7@group-000363879626-StateMachineUpdater] INFO  impl.StateMachineUpdater (StateMachineUpdater.java:takeSnapshot(281)) - fb992a77-9bc7-4c94-9eee-eafb24dfa6e7@group-000363879626-StateMachineUpdater: Took a snapshot at index 0
2021-08-16 13:11:25,328 [fb992a77-9bc7-4c94-9eee-eafb24dfa6e7@group-000363879626-StateMachineUpdater] INFO  impl.StateMachineUpdater (StateMachineUpdater.java:lambda$new$0(89)) - fb992a77-9bc7-4c94-9eee-eafb24dfa6e7@group-000363879626-StateMachineUpdater: snapshotIndex: updateIncreasingly -1 -> 0
2021-08-16 13:11:25,328 [ForkJoinPool.commonPool-worker-1] INFO  server.RaftServer$Division (ServerState.java:close(419)) - fb992a77-9bc7-4c94-9eee-eafb24dfa6e7@group-000363879626: closes. applyIndex: 0
2021-08-16 13:11:25,328 [fb992a77-9bc7-4c94-9eee-eafb24dfa6e7@group-000363879626-SegmentedRaftLogWorker] INFO  segmented.SegmentedRaftLogWorker (SegmentedRaftLogWorker.java:run(327)) - fb992a77-9bc7-4c94-9eee-eafb24dfa6e7@group-000363879626-SegmentedRaftLogWorker was interrupted, exiting. There are 0 tasks remaining in the queue.
2021-08-16 13:11:25,331 [Listener at 127.0.0.1/13436] INFO  segmented.SegmentedRaftLogWorker (SegmentedRaftLogWorker.java:close(237)) - 29512a7a-9393-40e5-8a40-953b2282bb1a@group-4BD7AB1D9362-SegmentedRaftLogWorker close()
2021-08-16 13:11:25,334 [ForkJoinPool.commonPool-worker-1] INFO  segmented.SegmentedRaftLogWorker (SegmentedRaftLogWorker.java:close(237)) - fb992a77-9bc7-4c94-9eee-eafb24dfa6e7@group-000363879626-SegmentedRaftLogWorker close()
2021-08-16 13:11:25,342 [Listener at 127.0.0.1/13436] INFO  server.GrpcService (GrpcService.java:closeImpl(262)) - 29512a7a-9393-40e5-8a40-953b2282bb1a: shutdown server with port 38169 now
2021-08-16 13:11:25,342 [ForkJoinPool.commonPool-worker-1] INFO  server.GrpcService (GrpcService.java:closeImpl(262)) - fb992a77-9bc7-4c94-9eee-eafb24dfa6e7: shutdown server with port 40407 now
2021-08-16 13:11:25,352 [Listener at 127.0.0.1/13436] INFO  server.GrpcService (GrpcService.java:closeImpl(271)) - 29512a7a-9393-40e5-8a40-953b2282bb1a: shutdown server with port 38169 successfully
2021-08-16 13:11:25,352 [org.apache.ratis.util.JvmPauseMonitor$$Lambda$499/1198442960@3506213f] INFO  util.JvmPauseMonitor (JvmPauseMonitor.java:run(109)) - JvmPauseMonitor-29512a7a-9393-40e5-8a40-953b2282bb1a: Stopped
2021-08-16 13:11:25,352 [ForkJoinPool.commonPool-worker-1] INFO  server.GrpcService (GrpcService.java:closeImpl(271)) - fb992a77-9bc7-4c94-9eee-eafb24dfa6e7: shutdown server with port 40407 successfully
2021-08-16 13:11:25,352 [org.apache.ratis.util.JvmPauseMonitor$$Lambda$499/1198442960@565b0224] INFO  util.JvmPauseMonitor (JvmPauseMonitor.java:run(109)) - JvmPauseMonitor-fb992a77-9bc7-4c94-9eee-eafb24dfa6e7: Stopped
2021-08-16 13:11:25,355 [Listener at 127.0.0.1/13436] INFO  utils.BackgroundService (BackgroundService.java:shutdown(132)) - Shutting down service BlockDeletingService
2021-08-16 13:11:25,359 [ForkJoinPool.commonPool-worker-1] INFO  utils.BackgroundService (BackgroundService.java:shutdown(132)) - Shutting down service BlockDeletingService
2021-08-16 13:11:25,442 [EndpointStateMachine task thread for /127.0.0.1:13641 - 0 ] INFO  ipc.Client (Client.java:handleConnectionFailure(977)) - Retrying connect to server: localhost/127.0.0.1:13641. Already tried 6 time(s); retry policy is RetryUpToMaximumCountWithFixedSleep(maxRetries=15, sleepTime=1000 MILLISECONDS)
2021-08-16 13:11:25,706 [EndpointStateMachine task thread for /127.0.0.1:15301 - 0 ] INFO  ipc.Client (Client.java:handleConnectionFailure(977)) - Retrying connect to server: localhost/127.0.0.1:15301. Already tried 14 time(s); retry policy is RetryUpToMaximumCountWithFixedSleep(maxRetries=15, sleepTime=1000 MILLISECONDS)
2021-08-16 13:11:25,706 [EndpointStateMachine task thread for /127.0.0.1:15291 - 0 ] INFO  ipc.Client (Client.java:handleConnectionFailure(977)) - Retrying connect to server: localhost/127.0.0.1:15291. Already tried 14 time(s); retry policy is RetryUpToMaximumCountWithFixedSleep(maxRetries=15, sleepTime=1000 MILLISECONDS)
2021-08-16 13:11:25,708 [EndpointStateMachine task thread for /127.0.0.1:15281 - 0 ] INFO  ipc.Client (Client.java:handleConnectionFailure(977)) - Retrying connect to server: localhost/127.0.0.1:15281. Already tried 14 time(s); retry policy is RetryUpToMaximumCountWithFixedSleep(maxRetries=15, sleepTime=1000 MILLISECONDS)
2021-08-16 13:11:26,271 [EndpointStateMachine task thread for /127.0.0.1:13651 - 0 ] INFO  ipc.Client (Client.java:handleConnectionFailure(977)) - Retrying connect to server: localhost/127.0.0.1:13651. Already tried 7 time(s); retry policy is RetryUpToMaximumCountWithFixedSleep(maxRetries=15, sleepTime=1000 MILLISECONDS)
2021-08-16 13:11:26,272 [EndpointStateMachine task thread for /127.0.0.1:13661 - 0 ] INFO  ipc.Client (Client.java:handleConnectionFailure(977)) - Retrying connect to server: localhost/127.0.0.1:13661. Already tried 7 time(s); retry policy is RetryUpToMaximumCountWithFixedSleep(maxRetries=15, sleepTime=1000 MILLISECONDS)
2021-08-16 13:11:26,526 [EndpointStateMachine task thread for /127.0.0.1:13641 - 0 ] INFO  ipc.Client (Client.java:handleConnectionFailure(977)) - Retrying connect to server: localhost/127.0.0.1:13641. Already tried 7 time(s); retry policy is RetryUpToMaximumCountWithFixedSleep(maxRetries=15, sleepTime=1000 MILLISECONDS)
2021-08-16 13:11:26,709 [EndpointStateMachine task thread for /127.0.0.1:15281 - 0 ] INFO  ipc.Client (Client.java:handleConnectionFailure(977)) - Retrying connect to server: localhost/127.0.0.1:15281. Already tried 0 time(s); retry policy is RetryUpToMaximumCountWithFixedSleep(maxRetries=15, sleepTime=1000 MILLISECONDS)
2021-08-16 13:11:26,710 [EndpointStateMachine task thread for /127.0.0.1:15301 - 0 ] INFO  ipc.Client (Client.java:handleConnectionFailure(977)) - Retrying connect to server: localhost/127.0.0.1:15301. Already tried 0 time(s); retry policy is RetryUpToMaximumCountWithFixedSleep(maxRetries=15, sleepTime=1000 MILLISECONDS)
2021-08-16 13:11:26,715 [EndpointStateMachine task thread for /127.0.0.1:15291 - 0 ] INFO  ipc.Client (Client.java:handleConnectionFailure(977)) - Retrying connect to server: localhost/127.0.0.1:15291. Already tried 0 time(s); retry policy is RetryUpToMaximumCountWithFixedSleep(maxRetries=15, sleepTime=1000 MILLISECONDS)
2021-08-16 13:11:27,272 [EndpointStateMachine task thread for /127.0.0.1:13651 - 0 ] INFO  ipc.Client (Client.java:handleConnectionFailure(977)) - Retrying connect to server: localhost/127.0.0.1:13651. Already tried 8 time(s); retry policy is RetryUpToMaximumCountWithFixedSleep(maxRetries=15, sleepTime=1000 MILLISECONDS)
2021-08-16 13:11:27,272 [EndpointStateMachine task thread for /127.0.0.1:13661 - 0 ] INFO  ipc.Client (Client.java:handleConnectionFailure(977)) - Retrying connect to server: localhost/127.0.0.1:13661. Already tried 8 time(s); retry policy is RetryUpToMaximumCountWithFixedSleep(maxRetries=15, sleepTime=1000 MILLISECONDS)
2021-08-16 13:11:27,526 [EndpointStateMachine task thread for /127.0.0.1:13641 - 0 ] INFO  ipc.Client (Client.java:handleConnectionFailure(977)) - Retrying connect to server: localhost/127.0.0.1:13641. Already tried 8 time(s); retry policy is RetryUpToMaximumCountWithFixedSleep(maxRetries=15, sleepTime=1000 MILLISECONDS)
2021-08-16 13:11:27,710 [EndpointStateMachine task thread for /127.0.0.1:15281 - 0 ] INFO  ipc.Client (Client.java:handleConnectionFailure(977)) - Retrying connect to server: localhost/127.0.0.1:15281. Already tried 1 time(s); retry policy is RetryUpToMaximumCountWithFixedSleep(maxRetries=15, sleepTime=1000 MILLISECONDS)
2021-08-16 13:11:27,711 [EndpointStateMachine task thread for /127.0.0.1:15301 - 0 ] INFO  ipc.Client (Client.java:handleConnectionFailure(977)) - Retrying connect to server: localhost/127.0.0.1:15301. Already tried 1 time(s); retry policy is RetryUpToMaximumCountWithFixedSleep(maxRetries=15, sleepTime=1000 MILLISECONDS)
2021-08-16 13:11:27,715 [EndpointStateMachine task thread for /127.0.0.1:15291 - 0 ] INFO  ipc.Client (Client.java:handleConnectionFailure(977)) - Retrying connect to server: localhost/127.0.0.1:15291. Already tried 1 time(s); retry policy is RetryUpToMaximumCountWithFixedSleep(maxRetries=15, sleepTime=1000 MILLISECONDS)
2021-08-16 13:11:28,272 [EndpointStateMachine task thread for /127.0.0.1:13651 - 0 ] INFO  ipc.Client (Client.java:handleConnectionFailure(977)) - Retrying connect to server: localhost/127.0.0.1:13651. Already tried 9 time(s); retry policy is RetryUpToMaximumCountWithFixedSleep(maxRetries=15, sleepTime=1000 MILLISECONDS)
2021-08-16 13:11:28,273 [EndpointStateMachine task thread for /127.0.0.1:13661 - 0 ] INFO  ipc.Client (Client.java:handleConnectionFailure(977)) - Retrying connect to server: localhost/127.0.0.1:13661. Already tried 9 time(s); retry policy is RetryUpToMaximumCountWithFixedSleep(maxRetries=15, sleepTime=1000 MILLISECONDS)
2021-08-16 13:11:28,370 [ForkJoinPool.commonPool-worker-1] INFO  statemachine.DatanodeStateMachine (DatanodeStateMachine.java:stopDaemon(515)) - Ozone container server stopped.
2021-08-16 13:11:28,372 [ForkJoinPool.commonPool-worker-1] INFO  handler.ContextHandler (ContextHandler.java:doStop(1153)) - Stopped o.e.j.w.WebAppContext@6f856849{hddsDatanode,/,null,STOPPED}{jar:file:/home/runner/.m2/repository/org/apache/ozone/hdds-container-service/1.2.0-SNAPSHOT/hdds-container-service-1.2.0-SNAPSHOT.jar!/webapps/hddsDatanode}
2021-08-16 13:11:28,373 [ForkJoinPool.commonPool-worker-1] INFO  server.AbstractConnector (AbstractConnector.java:doStop(381)) - Stopped ServerConnector@66a3ca04{HTTP/1.1, (http/1.1)}{0.0.0.0:0}
2021-08-16 13:11:28,373 [ForkJoinPool.commonPool-worker-1] INFO  server.session (HouseKeeper.java:stopScavenging(149)) - node0 Stopped scavenging
2021-08-16 13:11:28,374 [ForkJoinPool.commonPool-worker-1] INFO  handler.ContextHandler (ContextHandler.java:doStop(1153)) - Stopped o.e.j.s.ServletContextHandler@63828988{static,/static,jar:file:/home/runner/.m2/repository/org/apache/ozone/hdds-container-service/1.2.0-SNAPSHOT/hdds-container-service-1.2.0-SNAPSHOT.jar!/webapps/static,STOPPED}
2021-08-16 13:11:28,375 [ForkJoinPool.commonPool-worker-1] INFO  handler.ContextHandler (ContextHandler.java:doStop(1153)) - Stopped o.e.j.s.ServletContextHandler@6bb4568{logs,/logs,file:///home/runner/work/ozone/ozone/hadoop-ozone/integration-test/target/log,STOPPED}
2021-08-16 13:11:28,375 [Listener at 127.0.0.1/13436] INFO  statemachine.DatanodeStateMachine (DatanodeStateMachine.java:stopDaemon(515)) - Ozone container server stopped.
2021-08-16 13:11:28,376 [Listener at 127.0.0.1/13436] INFO  handler.ContextHandler (ContextHandler.java:doStop(1153)) - Stopped o.e.j.w.WebAppContext@325ca360{hddsDatanode,/,null,STOPPED}{jar:file:/home/runner/.m2/repository/org/apache/ozone/hdds-container-service/1.2.0-SNAPSHOT/hdds-container-service-1.2.0-SNAPSHOT.jar!/webapps/hddsDatanode}
2021-08-16 13:11:28,377 [Listener at 127.0.0.1/13436] INFO  server.AbstractConnector (AbstractConnector.java:doStop(381)) - Stopped ServerConnector@6557b61f{HTTP/1.1, (http/1.1)}{0.0.0.0:0}
2021-08-16 13:11:28,377 [Listener at 127.0.0.1/13436] INFO  server.session (HouseKeeper.java:stopScavenging(149)) - node0 Stopped scavenging
2021-08-16 13:11:28,377 [Listener at 127.0.0.1/13436] INFO  handler.ContextHandler (ContextHandler.java:doStop(1153)) - Stopped o.e.j.s.ServletContextHandler@7d372ea8{static,/static,jar:file:/home/runner/.m2/repository/org/apache/ozone/hdds-container-service/1.2.0-SNAPSHOT/hdds-container-service-1.2.0-SNAPSHOT.jar!/webapps/static,STOPPED}
2021-08-16 13:11:28,377 [Listener at 127.0.0.1/13436] INFO  handler.ContextHandler (ContextHandler.java:doStop(1153)) - Stopped o.e.j.s.ServletContextHandler@739f22ef{logs,/logs,file:///home/runner/work/ozone/ozone/hadoop-ozone/integration-test/target/log,STOPPED}
2021-08-16 13:11:28,527 [EndpointStateMachine task thread for /127.0.0.1:13641 - 0 ] INFO  ipc.Client (Client.java:handleConnectionFailure(977)) - Retrying connect to server: localhost/127.0.0.1:13641. Already tried 9 time(s); retry policy is RetryUpToMaximumCountWithFixedSleep(maxRetries=15, sleepTime=1000 MILLISECONDS)
2021-08-16 13:11:28,710 [EndpointStateMachine task thread for /127.0.0.1:15281 - 0 ] INFO  ipc.Client (Client.java:handleConnectionFailure(977)) - Retrying connect to server: localhost/127.0.0.1:15281. Already tried 2 time(s); retry policy is RetryUpToMaximumCountWithFixedSleep(maxRetries=15, sleepTime=1000 MILLISECONDS)
2021-08-16 13:11:28,711 [EndpointStateMachine task thread for /127.0.0.1:15301 - 0 ] INFO  ipc.Client (Client.java:handleConnectionFailure(977)) - Retrying connect to server: localhost/127.0.0.1:15301. Already tried 2 time(s); retry policy is RetryUpToMaximumCountWithFixedSleep(maxRetries=15, sleepTime=1000 MILLISECONDS)
2021-08-16 13:11:28,716 [EndpointStateMachine task thread for /127.0.0.1:15291 - 0 ] INFO  ipc.Client (Client.java:handleConnectionFailure(977)) - Retrying connect to server: localhost/127.0.0.1:15291. Already tried 2 time(s); retry policy is RetryUpToMaximumCountWithFixedSleep(maxRetries=15, sleepTime=1000 MILLISECONDS)
2021-08-16 13:11:29,094 [Datanode State Machine Thread - 0] WARN  statemachine.StateContext (StateContext.java:setState(246)) - Ignore disallowed transition from SHUTDOWN to RUNNING
2021-08-16 13:11:29,095 [Datanode State Machine Thread - 0] INFO  statemachine.DatanodeStateMachine (DatanodeStateMachine.java:lambda$startDaemon$0(457)) - Ozone container server started.
2021-08-16 13:11:29,273 [EndpointStateMachine task thread for /127.0.0.1:13651 - 0 ] INFO  ipc.Client (Client.java:handleConnectionFailure(977)) - Retrying connect to server: localhost/127.0.0.1:13651. Already tried 10 time(s); retry policy is RetryUpToMaximumCountWithFixedSleep(maxRetries=15, sleepTime=1000 MILLISECONDS)
2021-08-16 13:11:29,273 [EndpointStateMachine task thread for /127.0.0.1:13661 - 0 ] INFO  ipc.Client (Client.java:handleConnectionFailure(977)) - Retrying connect to server: localhost/127.0.0.1:13661. Already tried 10 time(s); retry policy is RetryUpToMaximumCountWithFixedSleep(maxRetries=15, sleepTime=1000 MILLISECONDS)
2021-08-16 13:11:29,527 [EndpointStateMachine task thread for /127.0.0.1:13641 - 0 ] INFO  ipc.Client (Client.java:handleConnectionFailure(977)) - Retrying connect to server: localhost/127.0.0.1:13641. Already tried 10 time(s); retry policy is RetryUpToMaximumCountWithFixedSleep(maxRetries=15, sleepTime=1000 MILLISECONDS)
2021-08-16 13:11:29,711 [EndpointStateMachine task thread for /127.0.0.1:15281 - 0 ] INFO  ipc.Client (Client.java:handleConnectionFailure(977)) - Retrying connect to server: localhost/127.0.0.1:15281. Already tried 3 time(s); retry policy is RetryUpToMaximumCountWithFixedSleep(maxRetries=15, sleepTime=1000 MILLISECONDS)
2021-08-16 13:11:29,712 [EndpointStateMachine task thread for /127.0.0.1:15301 - 0 ] INFO  ipc.Client (Client.java:handleConnectionFailure(977)) - Retrying connect to server: localhost/127.0.0.1:15301. Already tried 3 time(s); retry policy is RetryUpToMaximumCountWithFixedSleep(maxRetries=15, sleepTime=1000 MILLISECONDS)
2021-08-16 13:11:29,716 [EndpointStateMachine task thread for /127.0.0.1:15291 - 0 ] INFO  ipc.Client (Client.java:handleConnectionFailure(977)) - Retrying connect to server: localhost/127.0.0.1:15291. Already tried 3 time(s); retry policy is RetryUpToMaximumCountWithFixedSleep(maxRetries=15, sleepTime=1000 MILLISECONDS)
2021-08-16 13:11:30,273 [EndpointStateMachine task thread for /127.0.0.1:13651 - 0 ] INFO  ipc.Client (Client.java:handleConnectionFailure(977)) - Retrying connect to server: localhost/127.0.0.1:13651. Already tried 11 time(s); retry policy is RetryUpToMaximumCountWithFixedSleep(maxRetries=15, sleepTime=1000 MILLISECONDS)
2021-08-16 13:11:30,274 [EndpointStateMachine task thread for /127.0.0.1:13661 - 0 ] INFO  ipc.Client (Client.java:handleConnectionFailure(977)) - Retrying connect to server: localhost/127.0.0.1:13661. Already tried 11 time(s); retry policy is RetryUpToMaximumCountWithFixedSleep(maxRetries=15, sleepTime=1000 MILLISECONDS)
2021-08-16 13:11:30,528 [EndpointStateMachine task thread for /127.0.0.1:13641 - 0 ] INFO  ipc.Client (Client.java:handleConnectionFailure(977)) - Retrying connect to server: localhost/127.0.0.1:13641. Already tried 11 time(s); retry policy is RetryUpToMaximumCountWithFixedSleep(maxRetries=15, sleepTime=1000 MILLISECONDS)
2021-08-16 13:11:30,712 [EndpointStateMachine task thread for /127.0.0.1:15301 - 0 ] INFO  ipc.Client (Client.java:handleConnectionFailure(977)) - Retrying connect to server: localhost/127.0.0.1:15301. Already tried 4 time(s); retry policy is RetryUpToMaximumCountWithFixedSleep(maxRetries=15, sleepTime=1000 MILLISECONDS)
2021-08-16 13:11:30,713 [EndpointStateMachine task thread for /127.0.0.1:15281 - 0 ] INFO  ipc.Client (Client.java:handleConnectionFailure(977)) - Retrying connect to server: localhost/127.0.0.1:15281. Already tried 4 time(s); retry policy is RetryUpToMaximumCountWithFixedSleep(maxRetries=15, sleepTime=1000 MILLISECONDS)
2021-08-16 13:11:30,716 [EndpointStateMachine task thread for /127.0.0.1:15291 - 0 ] INFO  ipc.Client (Client.java:handleConnectionFailure(977)) - Retrying connect to server: localhost/127.0.0.1:15291. Already tried 4 time(s); retry policy is RetryUpToMaximumCountWithFixedSleep(maxRetries=15, sleepTime=1000 MILLISECONDS)
2021-08-16 13:11:31,274 [EndpointStateMachine task thread for /127.0.0.1:13651 - 0 ] INFO  ipc.Client (Client.java:handleConnectionFailure(977)) - Retrying connect to server: localhost/127.0.0.1:13651. Already tried 12 time(s); retry policy is RetryUpToMaximumCountWithFixedSleep(maxRetries=15, sleepTime=1000 MILLISECONDS)
2021-08-16 13:11:31,274 [EndpointStateMachine task thread for /127.0.0.1:13661 - 0 ] INFO  ipc.Client (Client.java:handleConnectionFailure(977)) - Retrying connect to server: localhost/127.0.0.1:13661. Already tried 12 time(s); retry policy is RetryUpToMaximumCountWithFixedSleep(maxRetries=15, sleepTime=1000 MILLISECONDS)
2021-08-16 13:11:31,528 [EndpointStateMachine task thread for /127.0.0.1:13641 - 0 ] INFO  ipc.Client (Client.java:handleConnectionFailure(977)) - Retrying connect to server: localhost/127.0.0.1:13641. Already tried 12 time(s); retry policy is RetryUpToMaximumCountWithFixedSleep(maxRetries=15, sleepTime=1000 MILLISECONDS)
2021-08-16 13:11:31,713 [EndpointStateMachine task thread for /127.0.0.1:15301 - 0 ] INFO  ipc.Client (Client.java:handleConnectionFailure(977)) - Retrying connect to server: localhost/127.0.0.1:15301. Already tried 5 time(s); retry policy is RetryUpToMaximumCountWithFixedSleep(maxRetries=15, sleepTime=1000 MILLISECONDS)
2021-08-16 13:11:31,713 [EndpointStateMachine task thread for /127.0.0.1:15281 - 0 ] INFO  ipc.Client (Client.java:handleConnectionFailure(977)) - Retrying connect to server: localhost/127.0.0.1:15281. Already tried 5 time(s); retry policy is RetryUpToMaximumCountWithFixedSleep(maxRetries=15, sleepTime=1000 MILLISECONDS)
2021-08-16 13:11:31,717 [EndpointStateMachine task thread for /127.0.0.1:15291 - 0 ] INFO  ipc.Client (Client.java:handleConnectionFailure(977)) - Retrying connect to server: localhost/127.0.0.1:15291. Already tried 5 time(s); retry policy is RetryUpToMaximumCountWithFixedSleep(maxRetries=15, sleepTime=1000 MILLISECONDS)
2021-08-16 13:11:32,274 [EndpointStateMachine task thread for /127.0.0.1:13651 - 0 ] INFO  ipc.Client (Client.java:handleConnectionFailure(977)) - Retrying connect to server: localhost/127.0.0.1:13651. Already tried 13 time(s); retry policy is RetryUpToMaximumCountWithFixedSleep(maxRetries=15, sleepTime=1000 MILLISECONDS)
2021-08-16 13:11:32,277 [EndpointStateMachine task thread for /127.0.0.1:13661 - 0 ] INFO  ipc.Client (Client.java:handleConnectionFailure(977)) - Retrying connect to server: localhost/127.0.0.1:13661. Already tried 13 time(s); retry policy is RetryUpToMaximumCountWithFixedSleep(maxRetries=15, sleepTime=1000 MILLISECONDS)
2021-08-16 13:11:32,529 [EndpointStateMachine task thread for /127.0.0.1:13641 - 0 ] INFO  ipc.Client (Client.java:handleConnectionFailure(977)) - Retrying connect to server: localhost/127.0.0.1:13641. Already tried 13 time(s); retry policy is RetryUpToMaximumCountWithFixedSleep(maxRetries=15, sleepTime=1000 MILLISECONDS)
2021-08-16 13:11:32,621 [6430af1b-8c1e-4941-b86e-70a611f1e973@group-D248BB1166F2-FollowerState] INFO  impl.FollowerState (FollowerState.java:run(134)) - 6430af1b-8c1e-4941-b86e-70a611f1e973@group-D248BB1166F2-FollowerState: change to CANDIDATE, lastRpcElapsedTime:7456988640ns, electionTimeout:5130ms
2021-08-16 13:11:32,621 [6430af1b-8c1e-4941-b86e-70a611f1e973@group-D248BB1166F2-FollowerState] INFO  impl.RoleInfo (RoleInfo.java:shutdownFollowerState(108)) - 6430af1b-8c1e-4941-b86e-70a611f1e973: shutdown 6430af1b-8c1e-4941-b86e-70a611f1e973@group-D248BB1166F2-FollowerState
2021-08-16 13:11:32,621 [6430af1b-8c1e-4941-b86e-70a611f1e973@group-D248BB1166F2-FollowerState] INFO  server.RaftServer$Division (RaftServerImpl.java:setRole(285)) - 6430af1b-8c1e-4941-b86e-70a611f1e973@group-D248BB1166F2: changes role from  FOLLOWER to CANDIDATE at term 1 for changeToCandidate
2021-08-16 13:11:32,621 [6430af1b-8c1e-4941-b86e-70a611f1e973@group-D248BB1166F2-FollowerState] INFO  server.RaftServerConfigKeys (ConfUtils.java:logGet(44)) - raft.server.leaderelection.pre-vote = false (custom)
2021-08-16 13:11:32,621 [6430af1b-8c1e-4941-b86e-70a611f1e973@group-D248BB1166F2-FollowerState] INFO  impl.RoleInfo (RoleInfo.java:updateAndGet(130)) - 6430af1b-8c1e-4941-b86e-70a611f1e973: start 6430af1b-8c1e-4941-b86e-70a611f1e973@group-D248BB1166F2-LeaderElection24
2021-08-16 13:11:32,658 [6430af1b-8c1e-4941-b86e-70a611f1e973@group-D248BB1166F2-LeaderElection24] INFO  server.RaftServer$Division (ServerState.java:setLeader(285)) - 6430af1b-8c1e-4941-b86e-70a611f1e973@group-D248BB1166F2: change Leader from fb992a77-9bc7-4c94-9eee-eafb24dfa6e7 to null at term 1 for ELECTION
2021-08-16 13:11:32,660 [6430af1b-8c1e-4941-b86e-70a611f1e973@group-D248BB1166F2-LeaderElection24] INFO  impl.LeaderElection (LeaderElection.java:askForVotes(306)) - 6430af1b-8c1e-4941-b86e-70a611f1e973@group-D248BB1166F2-LeaderElection24 ELECTION round 0: submit vote requests at term 2 for 0: [6430af1b-8c1e-4941-b86e-70a611f1e973|rpc:127.0.0.1:46065|dataStream:|priority:0, 29512a7a-9393-40e5-8a40-953b2282bb1a|rpc:127.0.0.1:38169|dataStream:|priority:0, fb992a77-9bc7-4c94-9eee-eafb24dfa6e7|rpc:127.0.0.1:40407|dataStream:|priority:1], old=null
2021-08-16 13:11:32,682 [6430af1b-8c1e-4941-b86e-70a611f1e973@group-D248BB1166F2-LeaderElection24] INFO  impl.LeaderElection (LogUtils.java:infoOrTrace(137)) - 6430af1b-8c1e-4941-b86e-70a611f1e973@group-D248BB1166F2-LeaderElection24 got exception when requesting votes: java.util.concurrent.ExecutionException: org.apache.ratis.thirdparty.io.grpc.StatusRuntimeException: UNAVAILABLE: io exception
2021-08-16 13:11:32,687 [6430af1b-8c1e-4941-b86e-70a611f1e973@group-D248BB1166F2-LeaderElection24] INFO  impl.LeaderElection (LogUtils.java:infoOrTrace(137)) - 6430af1b-8c1e-4941-b86e-70a611f1e973@group-D248BB1166F2-LeaderElection24 got exception when requesting votes: java.util.concurrent.ExecutionException: org.apache.ratis.thirdparty.io.grpc.StatusRuntimeException: UNAVAILABLE: io exception
2021-08-16 13:11:32,687 [6430af1b-8c1e-4941-b86e-70a611f1e973@group-D248BB1166F2-LeaderElection24] INFO  impl.LeaderElection (LeaderElection.java:logAndReturn(89)) - 6430af1b-8c1e-4941-b86e-70a611f1e973@group-D248BB1166F2-LeaderElection24: ELECTION REJECTED received 0 response(s) and 2 exception(s):
2021-08-16 13:11:32,687 [6430af1b-8c1e-4941-b86e-70a611f1e973@group-D248BB1166F2-LeaderElection24] INFO  impl.LeaderElection (LogUtils.java:infoOrTrace(137)) -   Exception 0: java.util.concurrent.ExecutionException: org.apache.ratis.thirdparty.io.grpc.StatusRuntimeException: UNAVAILABLE: io exception
2021-08-16 13:11:32,687 [6430af1b-8c1e-4941-b86e-70a611f1e973@group-D248BB1166F2-LeaderElection24] INFO  impl.LeaderElection (LogUtils.java:infoOrTrace(137)) -   Exception 1: java.util.concurrent.ExecutionException: org.apache.ratis.thirdparty.io.grpc.StatusRuntimeException: UNAVAILABLE: io exception
2021-08-16 13:11:32,687 [6430af1b-8c1e-4941-b86e-70a611f1e973@group-D248BB1166F2-LeaderElection24] INFO  impl.LeaderElection (LeaderElection.java:askForVotes(308)) - 6430af1b-8c1e-4941-b86e-70a611f1e973@group-D248BB1166F2-LeaderElection24 ELECTION round 0: result REJECTED
2021-08-16 13:11:32,687 [6430af1b-8c1e-4941-b86e-70a611f1e973@group-D248BB1166F2-LeaderElection24] INFO  server.RaftServer$Division (RaftServerImpl.java:setRole(285)) - 6430af1b-8c1e-4941-b86e-70a611f1e973@group-D248BB1166F2: changes role from CANDIDATE to FOLLOWER at term 2 for REJECTED
2021-08-16 13:11:32,687 [6430af1b-8c1e-4941-b86e-70a611f1e973@group-D248BB1166F2-LeaderElection24] INFO  impl.RoleInfo (RoleInfo.java:shutdownLeaderElection(121)) - 6430af1b-8c1e-4941-b86e-70a611f1e973: shutdown 6430af1b-8c1e-4941-b86e-70a611f1e973@group-D248BB1166F2-LeaderElection24
2021-08-16 13:11:32,687 [6430af1b-8c1e-4941-b86e-70a611f1e973@group-D248BB1166F2-LeaderElection24] INFO  impl.RoleInfo (RoleInfo.java:updateAndGet(130)) - 6430af1b-8c1e-4941-b86e-70a611f1e973: start 6430af1b-8c1e-4941-b86e-70a611f1e973@group-D248BB1166F2-FollowerState
2021-08-16 13:11:32,713 [EndpointStateMachine task thread for /127.0.0.1:15301 - 0 ] INFO  ipc.Client (Client.java:handleConnectionFailure(977)) - Retrying connect to server: localhost/127.0.0.1:15301. Already tried 6 time(s); retry policy is RetryUpToMaximumCountWithFixedSleep(maxRetries=15, sleepTime=1000 MILLISECONDS)
2021-08-16 13:11:32,713 [EndpointStateMachine task thread for /127.0.0.1:15281 - 0 ] INFO  ipc.Client (Client.java:handleConnectionFailure(977)) - Retrying connect to server: localhost/127.0.0.1:15281. Already tried 6 time(s); retry policy is RetryUpToMaximumCountWithFixedSleep(maxRetries=15, sleepTime=1000 MILLISECONDS)
2021-08-16 13:11:32,717 [EndpointStateMachine task thread for /127.0.0.1:15291 - 0 ] INFO  ipc.Client (Client.java:handleConnectionFailure(977)) - Retrying connect to server: localhost/127.0.0.1:15291. Already tried 6 time(s); retry policy is RetryUpToMaximumCountWithFixedSleep(maxRetries=15, sleepTime=1000 MILLISECONDS)
2021-08-16 13:11:32,745 [6430af1b-8c1e-4941-b86e-70a611f1e973@group-B8DBC5B42549-FollowerState] INFO  impl.FollowerState (FollowerState.java:run(134)) - 6430af1b-8c1e-4941-b86e-70a611f1e973@group-B8DBC5B42549-FollowerState: change to CANDIDATE, lastRpcElapsedTime:7707939365ns, electionTimeout:5184ms
2021-08-16 13:11:32,745 [6430af1b-8c1e-4941-b86e-70a611f1e973@group-B8DBC5B42549-FollowerState] INFO  impl.RoleInfo (RoleInfo.java:shutdownFollowerState(108)) - 6430af1b-8c1e-4941-b86e-70a611f1e973: shutdown 6430af1b-8c1e-4941-b86e-70a611f1e973@group-B8DBC5B42549-FollowerState
2021-08-16 13:11:32,745 [6430af1b-8c1e-4941-b86e-70a611f1e973@group-B8DBC5B42549-FollowerState] INFO  server.RaftServer$Division (RaftServerImpl.java:setRole(285)) - 6430af1b-8c1e-4941-b86e-70a611f1e973@group-B8DBC5B42549: changes role from  FOLLOWER to CANDIDATE at term 2 for changeToCandidate
2021-08-16 13:11:32,745 [6430af1b-8c1e-4941-b86e-70a611f1e973@group-B8DBC5B42549-FollowerState] INFO  server.RaftServerConfigKeys (ConfUtils.java:logGet(44)) - raft.server.leaderelection.pre-vote = false (custom)
2021-08-16 13:11:32,745 [6430af1b-8c1e-4941-b86e-70a611f1e973@group-B8DBC5B42549-FollowerState] INFO  impl.RoleInfo (RoleInfo.java:updateAndGet(130)) - 6430af1b-8c1e-4941-b86e-70a611f1e973: start 6430af1b-8c1e-4941-b86e-70a611f1e973@group-B8DBC5B42549-LeaderElection25
2021-08-16 13:11:32,762 [6430af1b-8c1e-4941-b86e-70a611f1e973@group-B8DBC5B42549-LeaderElection25] INFO  server.RaftServer$Division (ServerState.java:setLeader(285)) - 6430af1b-8c1e-4941-b86e-70a611f1e973@group-B8DBC5B42549: change Leader from 29512a7a-9393-40e5-8a40-953b2282bb1a to null at term 2 for ELECTION
2021-08-16 13:11:32,768 [6430af1b-8c1e-4941-b86e-70a611f1e973@group-B8DBC5B42549-LeaderElection25] INFO  impl.LeaderElection (LeaderElection.java:askForVotes(306)) - 6430af1b-8c1e-4941-b86e-70a611f1e973@group-B8DBC5B42549-LeaderElection25 ELECTION round 0: submit vote requests at term 3 for 0: [6430af1b-8c1e-4941-b86e-70a611f1e973|rpc:127.0.0.1:46065|dataStream:|priority:0, 29512a7a-9393-40e5-8a40-953b2282bb1a|rpc:127.0.0.1:38169|dataStream:|priority:1, fb992a77-9bc7-4c94-9eee-eafb24dfa6e7|rpc:127.0.0.1:40407|dataStream:|priority:0], old=null
2021-08-16 13:11:32,781 [6430af1b-8c1e-4941-b86e-70a611f1e973@group-B8DBC5B42549-LeaderElection25] INFO  impl.LeaderElection (LogUtils.java:infoOrTrace(137)) - 6430af1b-8c1e-4941-b86e-70a611f1e973@group-B8DBC5B42549-LeaderElection25 got exception when requesting votes: java.util.concurrent.ExecutionException: org.apache.ratis.thirdparty.io.grpc.StatusRuntimeException: UNAVAILABLE: io exception
2021-08-16 13:11:32,781 [6430af1b-8c1e-4941-b86e-70a611f1e973@group-B8DBC5B42549-LeaderElection25] INFO  impl.LeaderElection (LogUtils.java:infoOrTrace(137)) - 6430af1b-8c1e-4941-b86e-70a611f1e973@group-B8DBC5B42549-LeaderElection25 got exception when requesting votes: java.util.concurrent.ExecutionException: org.apache.ratis.thirdparty.io.grpc.StatusRuntimeException: UNAVAILABLE: io exception
2021-08-16 13:11:32,781 [6430af1b-8c1e-4941-b86e-70a611f1e973@group-B8DBC5B42549-LeaderElection25] INFO  impl.LeaderElection (LeaderElection.java:logAndReturn(89)) - 6430af1b-8c1e-4941-b86e-70a611f1e973@group-B8DBC5B42549-LeaderElection25: ELECTION REJECTED received 0 response(s) and 2 exception(s):
2021-08-16 13:11:32,781 [6430af1b-8c1e-4941-b86e-70a611f1e973@group-B8DBC5B42549-LeaderElection25] INFO  impl.LeaderElection (LogUtils.java:infoOrTrace(137)) -   Exception 0: java.util.concurrent.ExecutionException: org.apache.ratis.thirdparty.io.grpc.StatusRuntimeException: UNAVAILABLE: io exception
2021-08-16 13:11:32,781 [6430af1b-8c1e-4941-b86e-70a611f1e973@group-B8DBC5B42549-LeaderElection25] INFO  impl.LeaderElection (LogUtils.java:infoOrTrace(137)) -   Exception 1: java.util.concurrent.ExecutionException: org.apache.ratis.thirdparty.io.grpc.StatusRuntimeException: UNAVAILABLE: io exception
2021-08-16 13:11:32,781 [6430af1b-8c1e-4941-b86e-70a611f1e973@group-B8DBC5B42549-LeaderElection25] INFO  impl.LeaderElection (LeaderElection.java:askForVotes(308)) - 6430af1b-8c1e-4941-b86e-70a611f1e973@group-B8DBC5B42549-LeaderElection25 ELECTION round 0: result REJECTED
2021-08-16 13:11:32,781 [6430af1b-8c1e-4941-b86e-70a611f1e973@group-B8DBC5B42549-LeaderElection25] INFO  server.RaftServer$Division (RaftServerImpl.java:setRole(285)) - 6430af1b-8c1e-4941-b86e-70a611f1e973@group-B8DBC5B42549: changes role from CANDIDATE to FOLLOWER at term 3 for REJECTED
2021-08-16 13:11:32,781 [6430af1b-8c1e-4941-b86e-70a611f1e973@group-B8DBC5B42549-LeaderElection25] INFO  impl.RoleInfo (RoleInfo.java:shutdownLeaderElection(121)) - 6430af1b-8c1e-4941-b86e-70a611f1e973: shutdown 6430af1b-8c1e-4941-b86e-70a611f1e973@group-B8DBC5B42549-LeaderElection25
2021-08-16 13:11:32,781 [6430af1b-8c1e-4941-b86e-70a611f1e973@group-B8DBC5B42549-LeaderElection25] INFO  impl.RoleInfo (RoleInfo.java:updateAndGet(130)) - 6430af1b-8c1e-4941-b86e-70a611f1e973: start 6430af1b-8c1e-4941-b86e-70a611f1e973@group-B8DBC5B42549-FollowerState
2021-08-16 13:11:33,275 [EndpointStateMachine task thread for /127.0.0.1:13651 - 0 ] INFO  ipc.Client (Client.java:handleConnectionFailure(977)) - Retrying connect to server: localhost/127.0.0.1:13651. Already tried 14 time(s); retry policy is RetryUpToMaximumCountWithFixedSleep(maxRetries=15, sleepTime=1000 MILLISECONDS)
2021-08-16 13:11:33,275 [EndpointStateMachine task thread for /127.0.0.1:13651 - 0 ] WARN  statemachine.EndpointStateMachine (EndpointStateMachine.java:logIfNeeded(236)) - Unable to communicate to SCM server at localhost:13651 for past 0 seconds.
java.net.ConnectException: Call From fv-az148-41/10.1.0.28 to localhost:13651 failed on connection exception: java.net.ConnectException: Connection refused; For more details see:  http://wiki.apache.org/hadoop/ConnectionRefused
	at sun.reflect.GeneratedConstructorAccessor44.newInstance(Unknown Source)
	at sun.reflect.DelegatingConstructorAccessorImpl.newInstance(DelegatingConstructorAccessorImpl.java:45)
	at java.lang.reflect.Constructor.newInstance(Constructor.java:423)
	at org.apache.hadoop.net.NetUtils.wrapWithMessage(NetUtils.java:913)
	at org.apache.hadoop.net.NetUtils.wrapException(NetUtils.java:828)
	at org.apache.hadoop.ipc.Client.getRpcResponse(Client.java:1577)
	at org.apache.hadoop.ipc.Client.call(Client.java:1519)
	at org.apache.hadoop.ipc.Client.call(Client.java:1416)
	at org.apache.hadoop.ipc.ProtobufRpcEngine$Invoker.invoke(ProtobufRpcEngine.java:236)
	at org.apache.hadoop.ipc.ProtobufRpcEngine$Invoker.invoke(ProtobufRpcEngine.java:123)
	at com.sun.proxy.$Proxy47.submitRequest(Unknown Source)
	at org.apache.hadoop.ozone.protocolPB.StorageContainerDatanodeProtocolClientSideTranslatorPB.submitRequest(StorageContainerDatanodeProtocolClientSideTranslatorPB.java:117)
	at org.apache.hadoop.ozone.protocolPB.StorageContainerDatanodeProtocolClientSideTranslatorPB.sendHeartbeat(StorageContainerDatanodeProtocolClientSideTranslatorPB.java:149)
	at org.apache.hadoop.ozone.container.common.states.endpoint.HeartbeatEndpointTask.call(HeartbeatEndpointTask.java:179)
	at org.apache.hadoop.ozone.container.common.states.endpoint.HeartbeatEndpointTask.call(HeartbeatEndpointTask.java:82)
	at java.util.concurrent.FutureTask.run(FutureTask.java:266)
	at java.util.concurrent.ThreadPoolExecutor.runWorker(ThreadPoolExecutor.java:1149)
	at java.util.concurrent.ThreadPoolExecutor$Worker.run(ThreadPoolExecutor.java:624)
	at java.lang.Thread.run(Thread.java:748)
Caused by: java.net.ConnectException: Connection refused
	at sun.nio.ch.SocketChannelImpl.checkConnect(Native Method)
	at sun.nio.ch.SocketChannelImpl.finishConnect(SocketChannelImpl.java:716)
	at org.apache.hadoop.net.SocketIOWithTimeout.connect(SocketIOWithTimeout.java:206)
	at org.apache.hadoop.net.NetUtils.connect(NetUtils.java:586)
	at org.apache.hadoop.ipc.Client$Connection.setupConnection(Client.java:701)
	at org.apache.hadoop.ipc.Client$Connection.setupIOstreams(Client.java:822)
	at org.apache.hadoop.ipc.Client$Connection.access$3800(Client.java:414)
	at org.apache.hadoop.ipc.Client.getConnection(Client.java:1647)
	at org.apache.hadoop.ipc.Client.call(Client.java:1463)
	... 12 more
2021-08-16 13:11:33,277 [EndpointStateMachine task thread for /127.0.0.1:13661 - 0 ] INFO  ipc.Client (Client.java:handleConnectionFailure(977)) - Retrying connect to server: localhost/127.0.0.1:13661. Already tried 14 time(s); retry policy is RetryUpToMaximumCountWithFixedSleep(maxRetries=15, sleepTime=1000 MILLISECONDS)
2021-08-16 13:11:33,277 [EndpointStateMachine task thread for /127.0.0.1:13661 - 0 ] WARN  statemachine.EndpointStateMachine (EndpointStateMachine.java:logIfNeeded(236)) - Unable to communicate to SCM server at localhost:13661 for past 0 seconds.
java.net.ConnectException: Call From fv-az148-41/10.1.0.28 to localhost:13661 failed on connection exception: java.net.ConnectException: Connection refused; For more details see:  http://wiki.apache.org/hadoop/ConnectionRefused
	at sun.reflect.GeneratedConstructorAccessor44.newInstance(Unknown Source)
	at sun.reflect.DelegatingConstructorAccessorImpl.newInstance(DelegatingConstructorAccessorImpl.java:45)
	at java.lang.reflect.Constructor.newInstance(Constructor.java:423)
	at org.apache.hadoop.net.NetUtils.wrapWithMessage(NetUtils.java:913)
	at org.apache.hadoop.net.NetUtils.wrapException(NetUtils.java:828)
	at org.apache.hadoop.ipc.Client.getRpcResponse(Client.java:1577)
	at org.apache.hadoop.ipc.Client.call(Client.java:1519)
	at org.apache.hadoop.ipc.Client.call(Client.java:1416)
	at org.apache.hadoop.ipc.ProtobufRpcEngine$Invoker.invoke(ProtobufRpcEngine.java:236)
	at org.apache.hadoop.ipc.ProtobufRpcEngine$Invoker.invoke(ProtobufRpcEngine.java:123)
	at com.sun.proxy.$Proxy47.submitRequest(Unknown Source)
	at org.apache.hadoop.ozone.protocolPB.StorageContainerDatanodeProtocolClientSideTranslatorPB.submitRequest(StorageContainerDatanodeProtocolClientSideTranslatorPB.java:117)
	at org.apache.hadoop.ozone.protocolPB.StorageContainerDatanodeProtocolClientSideTranslatorPB.register(StorageContainerDatanodeProtocolClientSideTranslatorPB.java:180)
	at org.apache.hadoop.ozone.container.common.states.endpoint.RegisterEndpointTask.call(RegisterEndpointTask.java:158)
	at org.apache.hadoop.ozone.container.common.states.endpoint.RegisterEndpointTask.call(RegisterEndpointTask.java:52)
	at java.util.concurrent.FutureTask.run(FutureTask.java:266)
	at java.util.concurrent.ThreadPoolExecutor.runWorker(ThreadPoolExecutor.java:1149)
	at java.util.concurrent.ThreadPoolExecutor$Worker.run(ThreadPoolExecutor.java:624)
	at java.lang.Thread.run(Thread.java:748)
Caused by: java.net.ConnectException: Connection refused
	at sun.nio.ch.SocketChannelImpl.checkConnect(Native Method)
	at sun.nio.ch.SocketChannelImpl.finishConnect(SocketChannelImpl.java:716)
	at org.apache.hadoop.net.SocketIOWithTimeout.connect(SocketIOWithTimeout.java:206)
	at org.apache.hadoop.net.NetUtils.connect(NetUtils.java:586)
	at org.apache.hadoop.ipc.Client$Connection.setupConnection(Client.java:701)
	at org.apache.hadoop.ipc.Client$Connection.setupIOstreams(Client.java:822)
	at org.apache.hadoop.ipc.Client$Connection.access$3800(Client.java:414)
	at org.apache.hadoop.ipc.Client.getConnection(Client.java:1647)
	at org.apache.hadoop.ipc.Client.call(Client.java:1463)
	... 12 more
2021-08-16 13:11:33,379 [ForkJoinPool.commonPool-worker-1] INFO  ozoneimpl.OzoneContainer (OzoneContainer.java:stop(326)) - Attempting to stop container services.
2021-08-16 13:11:33,379 [ForkJoinPool.commonPool-worker-1] INFO  server.RaftServer (RaftServerProxy.java:lambda$close$6(391)) - 6430af1b-8c1e-4941-b86e-70a611f1e973: close
2021-08-16 13:11:33,379 [ForkJoinPool.commonPool-worker-1] INFO  server.RaftServer$Division (RaftServerImpl.java:lambda$close$4(407)) - 6430af1b-8c1e-4941-b86e-70a611f1e973@group-D248BB1166F2: shutdown
2021-08-16 13:11:33,380 [ForkJoinPool.commonPool-worker-1] INFO  util.JmxRegister (JmxRegister.java:unregister(73)) - Successfully un-registered JMX Bean with object name Ratis:service=RaftServer,group=group-D248BB1166F2,id=6430af1b-8c1e-4941-b86e-70a611f1e973
2021-08-16 13:11:33,380 [ForkJoinPool.commonPool-worker-1] INFO  impl.RoleInfo (RoleInfo.java:shutdownFollowerState(108)) - 6430af1b-8c1e-4941-b86e-70a611f1e973: shutdown 6430af1b-8c1e-4941-b86e-70a611f1e973@group-D248BB1166F2-FollowerState
2021-08-16 13:11:33,380 [ForkJoinPool.commonPool-worker-1] INFO  impl.StateMachineUpdater (StateMachineUpdater.java:stopAndJoin(149)) - 6430af1b-8c1e-4941-b86e-70a611f1e973@group-D248BB1166F2-StateMachineUpdater: set stopIndex = 0
2021-08-16 13:11:33,380 [6430af1b-8c1e-4941-b86e-70a611f1e973@group-D248BB1166F2-FollowerState] INFO  impl.FollowerState (FollowerState.java:run(143)) - 6430af1b-8c1e-4941-b86e-70a611f1e973@group-D248BB1166F2-FollowerState was interrupted: {}
java.lang.InterruptedException: sleep interrupted
	at java.lang.Thread.sleep(Native Method)
	at java.lang.Thread.sleep(Thread.java:340)
	at java.util.concurrent.TimeUnit.sleep(TimeUnit.java:386)
	at org.apache.ratis.util.TimeDuration.sleep(TimeDuration.java:324)
	at org.apache.ratis.util.TimeDuration.sleep(TimeDuration.java:309)
	at org.apache.ratis.server.impl.FollowerState.run(FollowerState.java:118)
2021-08-16 13:11:33,380 [6430af1b-8c1e-4941-b86e-70a611f1e973@group-D248BB1166F2-StateMachineUpdater] INFO  ratis.ContainerStateMachine (ContainerStateMachine.java:takeSnapshot(293)) - group-D248BB1166F2: Taking a snapshot at:(t:1, i:0) file /home/runner/work/ozone/ozone/hadoop-ozone/integration-test/target/test-dir/MiniOzoneClusterImpl-d497f94c-0a77-40f1-b0c4-d45398a5843a/datanode-2/data/ratis/3a798cf3-ec63-4670-bd83-d248bb1166f2/sm/snapshot.1_0
2021-08-16 13:11:33,382 [6430af1b-8c1e-4941-b86e-70a611f1e973@group-D248BB1166F2-StateMachineUpdater] INFO  ratis.ContainerStateMachine (ContainerStateMachine.java:takeSnapshot(304)) - group-D248BB1166F2: Finished taking a snapshot at:(t:1, i:0) file:/home/runner/work/ozone/ozone/hadoop-ozone/integration-test/target/test-dir/MiniOzoneClusterImpl-d497f94c-0a77-40f1-b0c4-d45398a5843a/datanode-2/data/ratis/3a798cf3-ec63-4670-bd83-d248bb1166f2/sm/snapshot.1_0 took: 2 ms
2021-08-16 13:11:33,383 [6430af1b-8c1e-4941-b86e-70a611f1e973@group-D248BB1166F2-StateMachineUpdater] INFO  impl.StateMachineUpdater (StateMachineUpdater.java:takeSnapshot(281)) - 6430af1b-8c1e-4941-b86e-70a611f1e973@group-D248BB1166F2-StateMachineUpdater: Took a snapshot at index 0
2021-08-16 13:11:33,383 [6430af1b-8c1e-4941-b86e-70a611f1e973@group-D248BB1166F2-StateMachineUpdater] INFO  impl.StateMachineUpdater (StateMachineUpdater.java:lambda$new$0(89)) - 6430af1b-8c1e-4941-b86e-70a611f1e973@group-D248BB1166F2-StateMachineUpdater: snapshotIndex: updateIncreasingly -1 -> 0
2021-08-16 13:11:33,383 [ForkJoinPool.commonPool-worker-1] INFO  server.RaftServer$Division (ServerState.java:close(419)) - 6430af1b-8c1e-4941-b86e-70a611f1e973@group-D248BB1166F2: closes. applyIndex: 0
2021-08-16 13:11:33,383 [6430af1b-8c1e-4941-b86e-70a611f1e973@group-D248BB1166F2-SegmentedRaftLogWorker] INFO  segmented.SegmentedRaftLogWorker (SegmentedRaftLogWorker.java:run(327)) - 6430af1b-8c1e-4941-b86e-70a611f1e973@group-D248BB1166F2-SegmentedRaftLogWorker was interrupted, exiting. There are 0 tasks remaining in the queue.
2021-08-16 13:11:33,383 [ForkJoinPool.commonPool-worker-1] INFO  segmented.SegmentedRaftLogWorker (SegmentedRaftLogWorker.java:close(237)) - 6430af1b-8c1e-4941-b86e-70a611f1e973@group-D248BB1166F2-SegmentedRaftLogWorker close()
2021-08-16 13:11:33,383 [ForkJoinPool.commonPool-worker-1] INFO  server.RaftServer$Division (RaftServerImpl.java:lambda$close$4(407)) - 6430af1b-8c1e-4941-b86e-70a611f1e973@group-B8DBC5B42549: shutdown
2021-08-16 13:11:33,383 [ForkJoinPool.commonPool-worker-1] INFO  util.JmxRegister (JmxRegister.java:unregister(73)) - Successfully un-registered JMX Bean with object name Ratis:service=RaftServer,group=group-B8DBC5B42549,id=6430af1b-8c1e-4941-b86e-70a611f1e973
2021-08-16 13:11:33,384 [ForkJoinPool.commonPool-worker-1] INFO  impl.RoleInfo (RoleInfo.java:shutdownFollowerState(108)) - 6430af1b-8c1e-4941-b86e-70a611f1e973: shutdown 6430af1b-8c1e-4941-b86e-70a611f1e973@group-B8DBC5B42549-FollowerState
2021-08-16 13:11:33,384 [ForkJoinPool.commonPool-worker-1] INFO  impl.StateMachineUpdater (StateMachineUpdater.java:stopAndJoin(149)) - 6430af1b-8c1e-4941-b86e-70a611f1e973@group-B8DBC5B42549-StateMachineUpdater: set stopIndex = 0
2021-08-16 13:11:33,384 [6430af1b-8c1e-4941-b86e-70a611f1e973@group-B8DBC5B42549-FollowerState] INFO  impl.FollowerState (FollowerState.java:run(143)) - 6430af1b-8c1e-4941-b86e-70a611f1e973@group-B8DBC5B42549-FollowerState was interrupted: {}
java.lang.InterruptedException: sleep interrupted
	at java.lang.Thread.sleep(Native Method)
	at java.lang.Thread.sleep(Thread.java:340)
	at java.util.concurrent.TimeUnit.sleep(TimeUnit.java:386)
	at org.apache.ratis.util.TimeDuration.sleep(TimeDuration.java:324)
	at org.apache.ratis.util.TimeDuration.sleep(TimeDuration.java:309)
	at org.apache.ratis.server.impl.FollowerState.run(FollowerState.java:118)
2021-08-16 13:11:33,402 [6430af1b-8c1e-4941-b86e-70a611f1e973@group-B8DBC5B42549-StateMachineUpdater] INFO  ratis.ContainerStateMachine (ContainerStateMachine.java:takeSnapshot(293)) - group-B8DBC5B42549: Taking a snapshot at:(t:2, i:0) file /home/runner/work/ozone/ozone/hadoop-ozone/integration-test/target/test-dir/MiniOzoneClusterImpl-d497f94c-0a77-40f1-b0c4-d45398a5843a/datanode-2/data/ratis/962f00f2-eecd-4ec7-a4b2-b8dbc5b42549/sm/snapshot.2_0
2021-08-16 13:11:33,403 [6430af1b-8c1e-4941-b86e-70a611f1e973@group-B8DBC5B42549-StateMachineUpdater] INFO  ratis.ContainerStateMachine (ContainerStateMachine.java:takeSnapshot(304)) - group-B8DBC5B42549: Finished taking a snapshot at:(t:2, i:0) file:/home/runner/work/ozone/ozone/hadoop-ozone/integration-test/target/test-dir/MiniOzoneClusterImpl-d497f94c-0a77-40f1-b0c4-d45398a5843a/datanode-2/data/ratis/962f00f2-eecd-4ec7-a4b2-b8dbc5b42549/sm/snapshot.2_0 took: 0 ms
2021-08-16 13:11:33,403 [6430af1b-8c1e-4941-b86e-70a611f1e973@group-B8DBC5B42549-StateMachineUpdater] INFO  impl.StateMachineUpdater (StateMachineUpdater.java:takeSnapshot(281)) - 6430af1b-8c1e-4941-b86e-70a611f1e973@group-B8DBC5B42549-StateMachineUpdater: Took a snapshot at index 0
2021-08-16 13:11:33,403 [6430af1b-8c1e-4941-b86e-70a611f1e973@group-B8DBC5B42549-StateMachineUpdater] INFO  impl.StateMachineUpdater (StateMachineUpdater.java:lambda$new$0(89)) - 6430af1b-8c1e-4941-b86e-70a611f1e973@group-B8DBC5B42549-StateMachineUpdater: snapshotIndex: updateIncreasingly -1 -> 0
2021-08-16 13:11:33,403 [ForkJoinPool.commonPool-worker-1] INFO  server.RaftServer$Division (ServerState.java:close(419)) - 6430af1b-8c1e-4941-b86e-70a611f1e973@group-B8DBC5B42549: closes. applyIndex: 0
2021-08-16 13:11:33,403 [6430af1b-8c1e-4941-b86e-70a611f1e973@group-B8DBC5B42549-SegmentedRaftLogWorker] INFO  segmented.SegmentedRaftLogWorker (SegmentedRaftLogWorker.java:run(327)) - 6430af1b-8c1e-4941-b86e-70a611f1e973@group-B8DBC5B42549-SegmentedRaftLogWorker was interrupted, exiting. There are 0 tasks remaining in the queue.
2021-08-16 13:11:33,404 [ForkJoinPool.commonPool-worker-1] INFO  segmented.SegmentedRaftLogWorker (SegmentedRaftLogWorker.java:close(237)) - 6430af1b-8c1e-4941-b86e-70a611f1e973@group-B8DBC5B42549-SegmentedRaftLogWorker close()
2021-08-16 13:11:33,404 [ForkJoinPool.commonPool-worker-1] INFO  server.RaftServer$Division (RaftServerImpl.java:lambda$close$4(407)) - 6430af1b-8c1e-4941-b86e-70a611f1e973@group-6B6377511CA5: shutdown
2021-08-16 13:11:33,404 [ForkJoinPool.commonPool-worker-1] INFO  util.JmxRegister (JmxRegister.java:unregister(73)) - Successfully un-registered JMX Bean with object name Ratis:service=RaftServer,group=group-6B6377511CA5,id=6430af1b-8c1e-4941-b86e-70a611f1e973
2021-08-16 13:11:33,404 [ForkJoinPool.commonPool-worker-1] INFO  impl.RoleInfo (RoleInfo.java:shutdownLeaderState(91)) - 6430af1b-8c1e-4941-b86e-70a611f1e973: shutdown 6430af1b-8c1e-4941-b86e-70a611f1e973@group-6B6377511CA5-LeaderStateImpl
2021-08-16 13:11:33,404 [ForkJoinPool.commonPool-worker-1] INFO  impl.PendingRequests (PendingRequests.java:sendNotLeaderResponses(282)) - 6430af1b-8c1e-4941-b86e-70a611f1e973@group-6B6377511CA5-PendingRequests: sendNotLeaderResponses
2021-08-16 13:11:33,404 [ForkJoinPool.commonPool-worker-1] INFO  impl.StateMachineUpdater (StateMachineUpdater.java:stopAndJoin(149)) - 6430af1b-8c1e-4941-b86e-70a611f1e973@group-6B6377511CA5-StateMachineUpdater: set stopIndex = 0
2021-08-16 13:11:33,405 [6430af1b-8c1e-4941-b86e-70a611f1e973@group-6B6377511CA5-StateMachineUpdater] INFO  ratis.ContainerStateMachine (ContainerStateMachine.java:takeSnapshot(293)) - group-6B6377511CA5: Taking a snapshot at:(t:1, i:0) file /home/runner/work/ozone/ozone/hadoop-ozone/integration-test/target/test-dir/MiniOzoneClusterImpl-d497f94c-0a77-40f1-b0c4-d45398a5843a/datanode-2/data/ratis/277154f8-762a-44b4-811b-6b6377511ca5/sm/snapshot.1_0
2021-08-16 13:11:33,408 [6430af1b-8c1e-4941-b86e-70a611f1e973@group-6B6377511CA5-StateMachineUpdater] INFO  ratis.ContainerStateMachine (ContainerStateMachine.java:takeSnapshot(304)) - group-6B6377511CA5: Finished taking a snapshot at:(t:1, i:0) file:/home/runner/work/ozone/ozone/hadoop-ozone/integration-test/target/test-dir/MiniOzoneClusterImpl-d497f94c-0a77-40f1-b0c4-d45398a5843a/datanode-2/data/ratis/277154f8-762a-44b4-811b-6b6377511ca5/sm/snapshot.1_0 took: 3 ms
2021-08-16 13:11:33,408 [6430af1b-8c1e-4941-b86e-70a611f1e973@group-6B6377511CA5-StateMachineUpdater] INFO  impl.StateMachineUpdater (StateMachineUpdater.java:takeSnapshot(281)) - 6430af1b-8c1e-4941-b86e-70a611f1e973@group-6B6377511CA5-StateMachineUpdater: Took a snapshot at index 0
2021-08-16 13:11:33,408 [6430af1b-8c1e-4941-b86e-70a611f1e973@group-6B6377511CA5-StateMachineUpdater] INFO  impl.StateMachineUpdater (StateMachineUpdater.java:lambda$new$0(89)) - 6430af1b-8c1e-4941-b86e-70a611f1e973@group-6B6377511CA5-StateMachineUpdater: snapshotIndex: updateIncreasingly -1 -> 0
2021-08-16 13:11:33,408 [ForkJoinPool.commonPool-worker-1] INFO  server.RaftServer$Division (ServerState.java:close(419)) - 6430af1b-8c1e-4941-b86e-70a611f1e973@group-6B6377511CA5: closes. applyIndex: 0
2021-08-16 13:11:33,409 [6430af1b-8c1e-4941-b86e-70a611f1e973@group-6B6377511CA5-SegmentedRaftLogWorker] INFO  segmented.SegmentedRaftLogWorker (SegmentedRaftLogWorker.java:run(327)) - 6430af1b-8c1e-4941-b86e-70a611f1e973@group-6B6377511CA5-SegmentedRaftLogWorker was interrupted, exiting. There are 0 tasks remaining in the queue.
2021-08-16 13:11:33,409 [ForkJoinPool.commonPool-worker-1] INFO  segmented.SegmentedRaftLogWorker (SegmentedRaftLogWorker.java:close(237)) - 6430af1b-8c1e-4941-b86e-70a611f1e973@group-6B6377511CA5-SegmentedRaftLogWorker close()
2021-08-16 13:11:33,409 [ForkJoinPool.commonPool-worker-1] INFO  server.GrpcService (GrpcService.java:closeImpl(262)) - 6430af1b-8c1e-4941-b86e-70a611f1e973: shutdown server with port 46065 now
2021-08-16 13:11:33,410 [ForkJoinPool.commonPool-worker-1] INFO  server.GrpcService (GrpcService.java:closeImpl(271)) - 6430af1b-8c1e-4941-b86e-70a611f1e973: shutdown server with port 46065 successfully
2021-08-16 13:11:33,410 [org.apache.ratis.util.JvmPauseMonitor$$Lambda$499/1198442960@d4f82ce] INFO  util.JvmPauseMonitor (JvmPauseMonitor.java:run(109)) - JvmPauseMonitor-6430af1b-8c1e-4941-b86e-70a611f1e973: Stopped
2021-08-16 13:11:33,413 [ForkJoinPool.commonPool-worker-1] INFO  utils.BackgroundService (BackgroundService.java:shutdown(132)) - Shutting down service BlockDeletingService
2021-08-16 13:11:33,529 [EndpointStateMachine task thread for /127.0.0.1:13641 - 0 ] INFO  ipc.Client (Client.java:handleConnectionFailure(977)) - Retrying connect to server: localhost/127.0.0.1:13641. Already tried 14 time(s); retry policy is RetryUpToMaximumCountWithFixedSleep(maxRetries=15, sleepTime=1000 MILLISECONDS)
2021-08-16 13:11:33,530 [EndpointStateMachine task thread for /127.0.0.1:13641 - 0 ] WARN  statemachine.EndpointStateMachine (EndpointStateMachine.java:logIfNeeded(236)) - Unable to communicate to SCM server at localhost:13641 for past 0 seconds.
java.net.ConnectException: Call From fv-az148-41/10.1.0.28 to localhost:13641 failed on connection exception: java.net.ConnectException: Connection refused; For more details see:  http://wiki.apache.org/hadoop/ConnectionRefused
	at sun.reflect.GeneratedConstructorAccessor44.newInstance(Unknown Source)
	at sun.reflect.DelegatingConstructorAccessorImpl.newInstance(DelegatingConstructorAccessorImpl.java:45)
	at java.lang.reflect.Constructor.newInstance(Constructor.java:423)
	at org.apache.hadoop.net.NetUtils.wrapWithMessage(NetUtils.java:913)
	at org.apache.hadoop.net.NetUtils.wrapException(NetUtils.java:828)
	at org.apache.hadoop.ipc.Client.getRpcResponse(Client.java:1577)
	at org.apache.hadoop.ipc.Client.call(Client.java:1519)
	at org.apache.hadoop.ipc.Client.call(Client.java:1416)
	at org.apache.hadoop.ipc.ProtobufRpcEngine$Invoker.invoke(ProtobufRpcEngine.java:236)
	at org.apache.hadoop.ipc.ProtobufRpcEngine$Invoker.invoke(ProtobufRpcEngine.java:123)
	at com.sun.proxy.$Proxy47.submitRequest(Unknown Source)
	at org.apache.hadoop.ozone.protocolPB.StorageContainerDatanodeProtocolClientSideTranslatorPB.submitRequest(StorageContainerDatanodeProtocolClientSideTranslatorPB.java:117)
	at org.apache.hadoop.ozone.protocolPB.StorageContainerDatanodeProtocolClientSideTranslatorPB.sendHeartbeat(StorageContainerDatanodeProtocolClientSideTranslatorPB.java:149)
	at org.apache.hadoop.ozone.container.common.states.endpoint.HeartbeatEndpointTask.call(HeartbeatEndpointTask.java:179)
	at org.apache.hadoop.ozone.container.common.states.endpoint.HeartbeatEndpointTask.call(HeartbeatEndpointTask.java:82)
	at java.util.concurrent.FutureTask.run(FutureTask.java:266)
	at java.util.concurrent.ThreadPoolExecutor.runWorker(ThreadPoolExecutor.java:1149)
	at java.util.concurrent.ThreadPoolExecutor$Worker.run(ThreadPoolExecutor.java:624)
	at java.lang.Thread.run(Thread.java:748)
Caused by: java.net.ConnectException: Connection refused
	at sun.nio.ch.SocketChannelImpl.checkConnect(Native Method)
	at sun.nio.ch.SocketChannelImpl.finishConnect(SocketChannelImpl.java:716)
	at org.apache.hadoop.net.SocketIOWithTimeout.connect(SocketIOWithTimeout.java:206)
	at org.apache.hadoop.net.NetUtils.connect(NetUtils.java:586)
	at org.apache.hadoop.ipc.Client$Connection.setupConnection(Client.java:701)
	at org.apache.hadoop.ipc.Client$Connection.setupIOstreams(Client.java:822)
	at org.apache.hadoop.ipc.Client$Connection.access$3800(Client.java:414)
	at org.apache.hadoop.ipc.Client.getConnection(Client.java:1647)
	at org.apache.hadoop.ipc.Client.call(Client.java:1463)
	... 12 more
2021-08-16 13:11:33,714 [EndpointStateMachine task thread for /127.0.0.1:15301 - 0 ] INFO  ipc.Client (Client.java:handleConnectionFailure(977)) - Retrying connect to server: localhost/127.0.0.1:15301. Already tried 7 time(s); retry policy is RetryUpToMaximumCountWithFixedSleep(maxRetries=15, sleepTime=1000 MILLISECONDS)
2021-08-16 13:11:33,714 [EndpointStateMachine task thread for /127.0.0.1:15281 - 0 ] INFO  ipc.Client (Client.java:handleConnectionFailure(977)) - Retrying connect to server: localhost/127.0.0.1:15281. Already tried 7 time(s); retry policy is RetryUpToMaximumCountWithFixedSleep(maxRetries=15, sleepTime=1000 MILLISECONDS)
2021-08-16 13:11:33,718 [EndpointStateMachine task thread for /127.0.0.1:15291 - 0 ] INFO  ipc.Client (Client.java:handleConnectionFailure(977)) - Retrying connect to server: localhost/127.0.0.1:15291. Already tried 7 time(s); retry policy is RetryUpToMaximumCountWithFixedSleep(maxRetries=15, sleepTime=1000 MILLISECONDS)
2021-08-16 13:11:34,276 [EndpointStateMachine task thread for /127.0.0.1:13651 - 0 ] INFO  ipc.Client (Client.java:handleConnectionFailure(977)) - Retrying connect to server: localhost/127.0.0.1:13651. Already tried 0 time(s); retry policy is RetryUpToMaximumCountWithFixedSleep(maxRetries=15, sleepTime=1000 MILLISECONDS)
2021-08-16 13:11:34,278 [EndpointStateMachine task thread for /127.0.0.1:13661 - 0 ] INFO  ipc.Client (Client.java:handleConnectionFailure(977)) - Retrying connect to server: localhost/127.0.0.1:13661. Already tried 0 time(s); retry policy is RetryUpToMaximumCountWithFixedSleep(maxRetries=15, sleepTime=1000 MILLISECONDS)
2021-08-16 13:11:34,531 [EndpointStateMachine task thread for /127.0.0.1:13641 - 0 ] INFO  ipc.Client (Client.java:handleConnectionFailure(977)) - Retrying connect to server: localhost/127.0.0.1:13641. Already tried 0 time(s); retry policy is RetryUpToMaximumCountWithFixedSleep(maxRetries=15, sleepTime=1000 MILLISECONDS)
2021-08-16 13:11:34,805 [EndpointStateMachine task thread for /127.0.0.1:15301 - 0 ] INFO  ipc.Client (Client.java:handleConnectionFailure(977)) - Retrying connect to server: localhost/127.0.0.1:15301. Already tried 8 time(s); retry policy is RetryUpToMaximumCountWithFixedSleep(maxRetries=15, sleepTime=1000 MILLISECONDS)
2021-08-16 13:11:34,805 [EndpointStateMachine task thread for /127.0.0.1:15281 - 0 ] INFO  ipc.Client (Client.java:handleConnectionFailure(977)) - Retrying connect to server: localhost/127.0.0.1:15281. Already tried 8 time(s); retry policy is RetryUpToMaximumCountWithFixedSleep(maxRetries=15, sleepTime=1000 MILLISECONDS)
2021-08-16 13:11:34,805 [EndpointStateMachine task thread for /127.0.0.1:15291 - 0 ] INFO  ipc.Client (Client.java:handleConnectionFailure(977)) - Retrying connect to server: localhost/127.0.0.1:15291. Already tried 8 time(s); retry policy is RetryUpToMaximumCountWithFixedSleep(maxRetries=15, sleepTime=1000 MILLISECONDS)
2021-08-16 13:11:35,277 [EndpointStateMachine task thread for /127.0.0.1:13651 - 0 ] INFO  ipc.Client (Client.java:handleConnectionFailure(977)) - Retrying connect to server: localhost/127.0.0.1:13651. Already tried 1 time(s); retry policy is RetryUpToMaximumCountWithFixedSleep(maxRetries=15, sleepTime=1000 MILLISECONDS)
2021-08-16 13:11:35,279 [EndpointStateMachine task thread for /127.0.0.1:13661 - 0 ] INFO  ipc.Client (Client.java:handleConnectionFailure(977)) - Retrying connect to server: localhost/127.0.0.1:13661. Already tried 1 time(s); retry policy is RetryUpToMaximumCountWithFixedSleep(maxRetries=15, sleepTime=1000 MILLISECONDS)
2021-08-16 13:11:35,531 [EndpointStateMachine task thread for /127.0.0.1:13641 - 0 ] INFO  ipc.Client (Client.java:handleConnectionFailure(977)) - Retrying connect to server: localhost/127.0.0.1:13641. Already tried 1 time(s); retry policy is RetryUpToMaximumCountWithFixedSleep(maxRetries=15, sleepTime=1000 MILLISECONDS)
2021-08-16 13:11:35,805 [EndpointStateMachine task thread for /127.0.0.1:15301 - 0 ] INFO  ipc.Client (Client.java:handleConnectionFailure(977)) - Retrying connect to server: localhost/127.0.0.1:15301. Already tried 9 time(s); retry policy is RetryUpToMaximumCountWithFixedSleep(maxRetries=15, sleepTime=1000 MILLISECONDS)
2021-08-16 13:11:35,806 [EndpointStateMachine task thread for /127.0.0.1:15291 - 0 ] INFO  ipc.Client (Client.java:handleConnectionFailure(977)) - Retrying connect to server: localhost/127.0.0.1:15291. Already tried 9 time(s); retry policy is RetryUpToMaximumCountWithFixedSleep(maxRetries=15, sleepTime=1000 MILLISECONDS)
2021-08-16 13:11:35,806 [EndpointStateMachine task thread for /127.0.0.1:15281 - 0 ] INFO  ipc.Client (Client.java:handleConnectionFailure(977)) - Retrying connect to server: localhost/127.0.0.1:15281. Already tried 9 time(s); retry policy is RetryUpToMaximumCountWithFixedSleep(maxRetries=15, sleepTime=1000 MILLISECONDS)
2021-08-16 13:11:36,277 [EndpointStateMachine task thread for /127.0.0.1:13651 - 0 ] INFO  ipc.Client (Client.java:handleConnectionFailure(977)) - Retrying connect to server: localhost/127.0.0.1:13651. Already tried 2 time(s); retry policy is RetryUpToMaximumCountWithFixedSleep(maxRetries=15, sleepTime=1000 MILLISECONDS)
2021-08-16 13:11:36,279 [EndpointStateMachine task thread for /127.0.0.1:13661 - 0 ] INFO  ipc.Client (Client.java:handleConnectionFailure(977)) - Retrying connect to server: localhost/127.0.0.1:13661. Already tried 2 time(s); retry policy is RetryUpToMaximumCountWithFixedSleep(maxRetries=15, sleepTime=1000 MILLISECONDS)
2021-08-16 13:11:36,413 [ForkJoinPool.commonPool-worker-1] INFO  statemachine.DatanodeStateMachine (DatanodeStateMachine.java:stopDaemon(515)) - Ozone container server stopped.
2021-08-16 13:11:36,423 [ForkJoinPool.commonPool-worker-1] INFO  handler.ContextHandler (ContextHandler.java:doStop(1153)) - Stopped o.e.j.w.WebAppContext@61cb973d{hddsDatanode,/,null,STOPPED}{jar:file:/home/runner/.m2/repository/org/apache/ozone/hdds-container-service/1.2.0-SNAPSHOT/hdds-container-service-1.2.0-SNAPSHOT.jar!/webapps/hddsDatanode}
2021-08-16 13:11:36,423 [ForkJoinPool.commonPool-worker-1] INFO  server.AbstractConnector (AbstractConnector.java:doStop(381)) - Stopped ServerConnector@153de49f{HTTP/1.1, (http/1.1)}{0.0.0.0:0}
2021-08-16 13:11:36,424 [ForkJoinPool.commonPool-worker-1] INFO  server.session (HouseKeeper.java:stopScavenging(149)) - node0 Stopped scavenging
2021-08-16 13:11:36,425 [ForkJoinPool.commonPool-worker-1] INFO  handler.ContextHandler (ContextHandler.java:doStop(1153)) - Stopped o.e.j.s.ServletContextHandler@49d69469{static,/static,jar:file:/home/runner/.m2/repository/org/apache/ozone/hdds-container-service/1.2.0-SNAPSHOT/hdds-container-service-1.2.0-SNAPSHOT.jar!/webapps/static,STOPPED}
2021-08-16 13:11:36,425 [ForkJoinPool.commonPool-worker-1] INFO  handler.ContextHandler (ContextHandler.java:doStop(1153)) - Stopped o.e.j.s.ServletContextHandler@f9ad4c9{logs,/logs,file:///home/runner/work/ozone/ozone/hadoop-ozone/integration-test/target/log,STOPPED}
]]></system-out>
  </testcase>
  <testcase name="testInstallCorruptedCheckpointFailure" classname="org.apache.hadoop.ozone.scm.TestSCMInstallSnapshotWithHA" time="53.66"/>
</testsuite>