<?xml version="1.0" encoding="UTF-8"?>
<testsuite xmlns:xsi="http://www.w3.org/2001/XMLSchema-instance" xsi:noNamespaceSchemaLocation="https://maven.apache.org/surefire/maven-surefire-plugin/xsd/surefire-test-report.xsd" name="org.apache.hadoop.ozone.scm.TestSCMInstallSnapshotWithHA" time="229.855" tests="3" errors="0" skipped="0" failures="1">
  <properties>
    <property name="awt.toolkit" value="sun.awt.X11.XToolkit"/>
    <property name="file.encoding.pkg" value="sun.io"/>
    <property name="java.specification.version" value="1.8"/>
    <property name="sun.cpu.isalist" value=""/>
    <property name="sun.jnu.encoding" value="UTF-8"/>
    <property name="java.class.path" value="/home/runner/work/ozone/ozone/hadoop-ozone/integration-test/target/test-classes:/home/runner/work/ozone/ozone/hadoop-ozone/integration-test/target/classes:/home/runner/.m2/repository/org/apache/ozone/ozone-common/1.3.0-SNAPSHOT/ozone-common-1.3.0-SNAPSHOT.jar:/home/runner/.m2/repository/org/apache/commons/commons-compress/1.21/commons-compress-1.21.jar:/home/runner/.m2/repository/org/apache/ozone/hdds-common/1.3.0-SNAPSHOT/hdds-common-1.3.0-SNAPSHOT.jar:/home/runner/.m2/repository/org/apache/ozone/hdds-client/1.3.0-SNAPSHOT/hdds-client-1.3.0-SNAPSHOT.jar:/home/runner/.m2/repository/org/apache/ozone/ozone-interface-client/1.3.0-SNAPSHOT/ozone-interface-client-1.3.0-SNAPSHOT.jar:/home/runner/.m2/repository/org/apache/ozone/hdds-test-utils/1.3.0-SNAPSHOT/hdds-test-utils-1.3.0-SNAPSHOT.jar:/home/runner/.m2/repository/com/google/guava/guava/30.1.1-jre/guava-30.1.1-jre.jar:/home/runner/.m2/repository/com/google/guava/failureaccess/1.0.1/failureaccess-1.0.1.jar:/home/runner/.m2/repository/com/google/guava/listenablefuture/9999.0-empty-to-avoid-conflict-with-guava/listenablefuture-9999.0-empty-to-avoid-conflict-with-guava.jar:/home/runner/.m2/repository/com/google/code/findbugs/jsr305/3.0.0/jsr305-3.0.0.jar:/home/runner/.m2/repository/org/checkerframework/checker-qual/3.8.0/checker-qual-3.8.0.jar:/home/runner/.m2/repository/com/google/errorprone/error_prone_annotations/2.2.0/error_prone_annotations-2.2.0.jar:/home/runner/.m2/repository/com/google/j2objc/j2objc-annotations/1.3/j2objc-annotations-1.3.jar:/home/runner/.m2/repository/commons-io/commons-io/2.11.0/commons-io-2.11.0.jar:/home/runner/.m2/repository/commons-logging/commons-logging/1.2/commons-logging-1.2.jar:/home/runner/.m2/repository/log4j/log4j/1.2.17/log4j-1.2.17.jar:/home/runner/.m2/repository/org/slf4j/slf4j-api/1.7.30/slf4j-api-1.7.30.jar:/home/runner/.m2/repository/org/apache/ozone/hdds-server-scm/1.3.0-SNAPSHOT/hdds-server-scm-1.3.0-SNAPSHOT.jar:/home/runner/.m2/repository/org/apache/ozone/hdds-container-service/1.3.0-SNAPSHOT/hdds-container-service-1.3.0-SNAPSHOT.jar:/home/runner/.m2/repository/org/apache/ozone/hdds-hadoop-dependency-server/1.3.0-SNAPSHOT/hdds-hadoop-dependency-server-1.3.0-SNAPSHOT.jar:/home/runner/.m2/repository/org/apache/hadoop/hadoop-hdfs/3.3.1/hadoop-hdfs-3.3.1.jar:/home/runner/.m2/repository/org/apache/ozone/hdds-server-framework/1.3.0-SNAPSHOT/hdds-server-framework-1.3.0-SNAPSHOT.jar:/home/runner/.m2/repository/org/apache/ozone/hdds-interface-server/1.3.0-SNAPSHOT/hdds-interface-server-1.3.0-SNAPSHOT.jar:/home/runner/.m2/repository/org/eclipse/jetty/jetty-servlet/9.4.43.v20210629/jetty-servlet-9.4.43.v20210629.jar:/home/runner/.m2/repository/org/eclipse/jetty/jetty-security/9.4.43.v20210629/jetty-security-9.4.43.v20210629.jar:/home/runner/.m2/repository/org/rocksdb/rocksdbjni/6.25.3/rocksdbjni-6.25.3.jar:/home/runner/.m2/repository/io/prometheus/simpleclient_dropwizard/0.7.0/simpleclient_dropwizard-0.7.0.jar:/home/runner/.m2/repository/io/prometheus/simpleclient/0.7.0/simpleclient-0.7.0.jar:/home/runner/.m2/repository/io/prometheus/simpleclient_common/0.7.0/simpleclient_common-0.7.0.jar:/home/runner/.m2/repository/com/fasterxml/jackson/datatype/jackson-datatype-jsr310/2.12.1/jackson-datatype-jsr310-2.12.1.jar:/home/runner/.m2/repository/io/dropwizard/metrics/metrics-core/3.2.4/metrics-core-3.2.4.jar:/home/runner/.m2/repository/org/apache/hadoop/hadoop-hdfs-client/3.3.1/hadoop-hdfs-client-3.3.1.jar:/home/runner/.m2/repository/org/bouncycastle/bcprov-jdk15on/1.67/bcprov-jdk15on-1.67.jar:/home/runner/.m2/repository/com/google/protobuf/protobuf-java/2.5.0/protobuf-java-2.5.0.jar:/home/runner/.m2/repository/org/apache/ozone/ozone-manager/1.3.0-SNAPSHOT/ozone-manager-1.3.0-SNAPSHOT.jar:/home/runner/.m2/repository/org/aspectj/aspectjrt/1.9.7/aspectjrt-1.9.7.jar:/home/runner/.m2/repository/org/aspectj/aspectjweaver/1.9.7/aspectjweaver-1.9.7.jar:/home/runner/.m2/repository/org/apache/ozone/hdds-interface-client/1.3.0-SNAPSHOT/hdds-interface-client-1.3.0-SNAPSHOT.jar:/home/runner/.m2/repository/org/apache/hadoop/thirdparty/hadoop-shaded-protobuf_3_7/1.1.1/hadoop-shaded-protobuf_3_7-1.1.1.jar:/home/runner/.m2/repository/org/apache/ozone/ozone-interface-storage/1.3.0-SNAPSHOT/ozone-interface-storage-1.3.0-SNAPSHOT.jar:/home/runner/.m2/repository/org/reflections/reflections/0.9.11/reflections-0.9.11.jar:/home/runner/.m2/repository/org/apache/hadoop/hadoop-minikdc/3.3.1/hadoop-minikdc-3.3.1.jar:/home/runner/.m2/repository/org/apache/kerby/kerb-simplekdc/1.0.1/kerb-simplekdc-1.0.1.jar:/home/runner/.m2/repository/org/apache/kerby/kerb-client/1.0.1/kerb-client-1.0.1.jar:/home/runner/.m2/repository/org/apache/kerby/kerby-config/1.0.1/kerby-config-1.0.1.jar:/home/runner/.m2/repository/org/apache/kerby/kerb-common/1.0.1/kerb-common-1.0.1.jar:/home/runner/.m2/repository/org/apache/kerby/kerb-crypto/1.0.1/kerb-crypto-1.0.1.jar:/home/runner/.m2/repository/org/apache/kerby/kerb-util/1.0.1/kerb-util-1.0.1.jar:/home/runner/.m2/repository/org/apache/kerby/token-provider/1.0.1/token-provider-1.0.1.jar:/home/runner/.m2/repository/org/apache/kerby/kerb-admin/1.0.1/kerb-admin-1.0.1.jar:/home/runner/.m2/repository/org/apache/kerby/kerb-server/1.0.1/kerb-server-1.0.1.jar:/home/runner/.m2/repository/org/apache/kerby/kerb-identity/1.0.1/kerb-identity-1.0.1.jar:/home/runner/.m2/repository/org/apache/kerby/kerby-xdr/1.0.1/kerby-xdr-1.0.1.jar:/home/runner/.m2/repository/org/slf4j/slf4j-log4j12/1.7.30/slf4j-log4j12-1.7.30.jar:/home/runner/.m2/repository/org/apache/ozone/ozone-s3gateway/1.3.0-SNAPSHOT/ozone-s3gateway-1.3.0-SNAPSHOT.jar:/home/runner/.m2/repository/org/javassist/javassist/3.21.0-GA/javassist-3.21.0-GA.jar:/home/runner/.m2/repository/org/jboss/weld/servlet/weld-servlet/2.4.7.Final/weld-servlet-2.4.7.Final.jar:/home/runner/.m2/repository/org/glassfish/jersey/containers/jersey-container-servlet-core/2.33/jersey-container-servlet-core-2.33.jar:/home/runner/.m2/repository/org/glassfish/hk2/external/jakarta.inject/2.6.1/jakarta.inject-2.6.1.jar:/home/runner/.m2/repository/org/glassfish/jersey/core/jersey-common/2.33/jersey-common-2.33.jar:/home/runner/.m2/repository/jakarta/ws/rs/jakarta.ws.rs-api/2.1.6/jakarta.ws.rs-api-2.1.6.jar:/home/runner/.m2/repository/org/glassfish/jersey/ext/cdi/jersey-cdi1x/2.33/jersey-cdi1x-2.33.jar:/home/runner/.m2/repository/org/glassfish/jersey/inject/jersey-hk2/2.33/jersey-hk2-2.33.jar:/home/runner/.m2/repository/org/glassfish/hk2/hk2-locator/2.6.1/hk2-locator-2.6.1.jar:/home/runner/.m2/repository/org/glassfish/jersey/media/jersey-media-jaxb/2.33/jersey-media-jaxb-2.33.jar:/home/runner/.m2/repository/org/glassfish/hk2/osgi-resource-locator/1.0.3/osgi-resource-locator-1.0.3.jar:/home/runner/.m2/repository/org/glassfish/hk2/hk2-api/2.5.0/hk2-api-2.5.0.jar:/home/runner/.m2/repository/org/glassfish/hk2/hk2-utils/2.5.0/hk2-utils-2.5.0.jar:/home/runner/.m2/repository/org/glassfish/hk2/external/aopalliance-repackaged/2.5.0/aopalliance-repackaged-2.5.0.jar:/home/runner/.m2/repository/com/fasterxml/jackson/dataformat/jackson-dataformat-xml/2.12.1/jackson-dataformat-xml-2.12.1.jar:/home/runner/.m2/repository/com/fasterxml/jackson/core/jackson-core/2.12.1/jackson-core-2.12.1.jar:/home/runner/.m2/repository/com/fasterxml/jackson/module/jackson-module-jaxb-annotations/2.12.1/jackson-module-jaxb-annotations-2.12.1.jar:/home/runner/.m2/repository/jakarta/xml/bind/jakarta.xml.bind-api/2.3.2/jakarta.xml.bind-api-2.3.2.jar:/home/runner/.m2/repository/org/codehaus/woodstox/stax2-api/3.1.4/stax2-api-3.1.4.jar:/home/runner/.m2/repository/com/fasterxml/woodstox/woodstox-core/5.0.3/woodstox-core-5.0.3.jar:/home/runner/.m2/repository/javax/enterprise/cdi-api/1.2/cdi-api-1.2.jar:/home/runner/.m2/repository/javax/el/javax.el-api/3.0.0/javax.el-api-3.0.0.jar:/home/runner/.m2/repository/javax/interceptor/javax.interceptor-api/1.2/javax.interceptor-api-1.2.jar:/home/runner/.m2/repository/javax/inject/javax.inject/1/javax.inject-1.jar:/home/runner/.m2/repository/javax/xml/bind/jaxb-api/2.3.0/jaxb-api-2.3.0.jar:/home/runner/.m2/repository/org/glassfish/jaxb/jaxb-runtime/2.3.0.1/jaxb-runtime-2.3.0.1.jar:/home/runner/.m2/repository/org/glassfish/jaxb/jaxb-core/2.3.0.1/jaxb-core-2.3.0.1.jar:/home/runner/.m2/repository/org/glassfish/jaxb/txw2/2.3.0.1/txw2-2.3.0.1.jar:/home/runner/.m2/repository/com/sun/istack/istack-commons-runtime/3.0.5/istack-commons-runtime-3.0.5.jar:/home/runner/.m2/repository/org/jvnet/staxex/stax-ex/1.7.8/stax-ex-1.7.8.jar:/home/runner/.m2/repository/com/sun/xml/fastinfoset/FastInfoset/1.2.13/FastInfoset-1.2.13.jar:/home/runner/.m2/repository/javax/activation/activation/1.1.1/activation-1.1.1.jar:/home/runner/.m2/repository/org/apache/ozone/ozone-csi/1.3.0-SNAPSHOT/ozone-csi-1.3.0-SNAPSHOT.jar:/home/runner/.m2/repository/com/google/protobuf/protobuf-java-util/3.12.0/protobuf-java-util-3.12.0.jar:/home/runner/.m2/repository/com/google/code/gson/gson/2.2.4/gson-2.2.4.jar:/home/runner/.m2/repository/org/apache/ozone/hdds-config/1.3.0-SNAPSHOT/hdds-config-1.3.0-SNAPSHOT.jar:/home/runner/.m2/repository/io/grpc/grpc-netty/1.33.0/grpc-netty-1.33.0.jar:/home/runner/.m2/repository/io/grpc/grpc-core/1.33.0/grpc-core-1.33.0.jar:/home/runner/.m2/repository/com/google/android/annotations/4.1.1.4/annotations-4.1.1.4.jar:/home/runner/.m2/repository/io/netty/netty-codec-http2/4.1.63.Final/netty-codec-http2-4.1.63.Final.jar:/home/runner/.m2/repository/io/netty/netty-codec-http/4.1.63.Final/netty-codec-http-4.1.63.Final.jar:/home/runner/.m2/repository/io/netty/netty-handler-proxy/4.1.63.Final/netty-handler-proxy-4.1.63.Final.jar:/home/runner/.m2/repository/io/netty/netty-codec-socks/4.1.63.Final/netty-codec-socks-4.1.63.Final.jar:/home/runner/.m2/repository/io/perfmark/perfmark-api/0.19.0/perfmark-api-0.19.0.jar:/home/runner/.m2/repository/org/codehaus/mojo/animal-sniffer-annotations/1.18/animal-sniffer-annotations-1.18.jar:/home/runner/.m2/repository/io/netty/netty-transport-native-epoll/4.1.63.Final/netty-transport-native-epoll-4.1.63.Final.jar:/home/runner/.m2/repository/io/netty/netty-common/4.1.63.Final/netty-common-4.1.63.Final.jar:/home/runner/.m2/repository/io/netty/netty-buffer/4.1.63.Final/netty-buffer-4.1.63.Final.jar:/home/runner/.m2/repository/io/netty/netty-transport-native-unix-common/4.1.63.Final/netty-transport-native-unix-common-4.1.63.Final.jar:/home/runner/.m2/repository/io/grpc/grpc-protobuf/1.33.0/grpc-protobuf-1.33.0.jar:/home/runner/.m2/repository/io/grpc/grpc-api/1.33.0/grpc-api-1.33.0.jar:/home/runner/.m2/repository/io/grpc/grpc-context/1.33.0/grpc-context-1.33.0.jar:/home/runner/.m2/repository/com/google/api/grpc/proto-google-common-protos/1.17.0/proto-google-common-protos-1.17.0.jar:/home/runner/.m2/repository/io/grpc/grpc-protobuf-lite/1.33.0/grpc-protobuf-lite-1.33.0.jar:/home/runner/.m2/repository/io/grpc/grpc-stub/1.33.0/grpc-stub-1.33.0.jar:/home/runner/.m2/repository/org/apache/ozone/ozone-recon/1.3.0-SNAPSHOT/ozone-recon-1.3.0-SNAPSHOT.jar:/home/runner/.m2/repository/org/apache/ozone/ozone-reconcodegen/1.3.0-SNAPSHOT/ozone-reconcodegen-1.3.0-SNAPSHOT.jar:/home/runner/.m2/repository/com/google/inject/extensions/guice-multibindings/4.0/guice-multibindings-4.0.jar:/home/runner/.m2/repository/com/google/inject/guice/4.0/guice-4.0.jar:/home/runner/.m2/repository/aopalliance/aopalliance/1.0/aopalliance-1.0.jar:/home/runner/.m2/repository/com/google/inject/extensions/guice-assistedinject/4.0/guice-assistedinject-4.0.jar:/home/runner/.m2/repository/com/google/inject/extensions/guice-servlet/4.0/guice-servlet-4.0.jar:/home/runner/.m2/repository/org/glassfish/jersey/containers/jersey-container-servlet/2.33/jersey-container-servlet-2.33.jar:/home/runner/.m2/repository/org/glassfish/hk2/guice-bridge/2.5.0/guice-bridge-2.5.0.jar:/home/runner/.m2/repository/org/glassfish/jersey/core/jersey-server/2.33/jersey-server-2.33.jar:/home/runner/.m2/repository/org/glassfish/jersey/core/jersey-client/2.33/jersey-client-2.33.jar:/home/runner/.m2/repository/jakarta/annotation/jakarta.annotation-api/1.3.5/jakarta.annotation-api-1.3.5.jar:/home/runner/.m2/repository/jakarta/validation/jakarta.validation-api/2.0.2/jakarta.validation-api-2.0.2.jar:/home/runner/.m2/repository/org/glassfish/jersey/media/jersey-media-json-jackson/2.33/jersey-media-json-jackson-2.33.jar:/home/runner/.m2/repository/org/glassfish/jersey/ext/jersey-entity-filtering/2.33/jersey-entity-filtering-2.33.jar:/home/runner/.m2/repository/org/jooq/jooq/3.11.10/jooq-3.11.10.jar:/home/runner/.m2/repository/org/jooq/jooq-meta/3.11.10/jooq-meta-3.11.10.jar:/home/runner/.m2/repository/org/jooq/jooq-codegen/3.11.10/jooq-codegen-3.11.10.jar:/home/runner/.m2/repository/com/jolbox/bonecp/0.8.0.RELEASE/bonecp-0.8.0.RELEASE.jar:/home/runner/.m2/repository/org/apache/derby/derby/10.14.2.0/derby-10.14.2.0.jar:/home/runner/.m2/repository/org/xerial/sqlite-jdbc/3.25.2/sqlite-jdbc-3.25.2.jar:/home/runner/.m2/repository/org/springframework/spring-jdbc/5.2.18.RELEASE/spring-jdbc-5.2.18.RELEASE.jar:/home/runner/.m2/repository/org/springframework/spring-beans/5.2.18.RELEASE/spring-beans-5.2.18.RELEASE.jar:/home/runner/.m2/repository/org/springframework/spring-core/5.2.18.RELEASE/spring-core-5.2.18.RELEASE.jar:/home/runner/.m2/repository/org/springframework/spring-jcl/5.2.18.RELEASE/spring-jcl-5.2.18.RELEASE.jar:/home/runner/.m2/repository/org/springframework/spring-tx/5.2.18.RELEASE/spring-tx-5.2.18.RELEASE.jar:/home/runner/.m2/repository/org/apache/ozone/ozone-client/1.3.0-SNAPSHOT/ozone-client-1.3.0-SNAPSHOT.jar:/home/runner/.m2/repository/org/apache/ozone/ozone-filesystem/1.3.0-SNAPSHOT/ozone-filesystem-1.3.0-SNAPSHOT.jar:/home/runner/.m2/repository/org/apache/ozone/ozone-filesystem-common/1.3.0-SNAPSHOT/ozone-filesystem-common-1.3.0-SNAPSHOT.jar:/home/runner/.m2/repository/org/apache/ozone/ozone-tools/1.3.0-SNAPSHOT/ozone-tools-1.3.0-SNAPSHOT.jar:/home/runner/.m2/repository/org/apache/ratis/ratis-tools/2.2.0/ratis-tools-2.2.0.jar:/home/runner/.m2/repository/com/amazonaws/aws-java-sdk-core/1.12.124/aws-java-sdk-core-1.12.124.jar:/home/runner/.m2/repository/org/apache/httpcomponents/httpclient/4.5.13/httpclient-4.5.13.jar:/home/runner/.m2/repository/org/apache/httpcomponents/httpcore/4.4.13/httpcore-4.4.13.jar:/home/runner/.m2/repository/software/amazon/ion/ion-java/1.0.2/ion-java-1.0.2.jar:/home/runner/.m2/repository/com/fasterxml/jackson/dataformat/jackson-dataformat-cbor/2.12.1/jackson-dataformat-cbor-2.12.1.jar:/home/runner/.m2/repository/joda-time/joda-time/2.8.1/joda-time-2.8.1.jar:/home/runner/.m2/repository/com/amazonaws/aws-java-sdk-s3/1.12.124/aws-java-sdk-s3-1.12.124.jar:/home/runner/.m2/repository/com/amazonaws/aws-java-sdk-kms/1.12.124/aws-java-sdk-kms-1.12.124.jar:/home/runner/.m2/repository/com/amazonaws/jmespath-java/1.12.124/jmespath-java-1.12.124.jar:/home/runner/.m2/repository/org/kohsuke/metainf-services/metainf-services/1.8/metainf-services-1.8.jar:/home/runner/.m2/repository/org/apache/ozone/hdds-tools/1.3.0-SNAPSHOT/hdds-tools-1.3.0-SNAPSHOT.jar:/home/runner/.m2/repository/commons-cli/commons-cli/1.2/commons-cli-1.2.jar:/home/runner/.m2/repository/org/apache/commons/commons-lang3/3.7/commons-lang3-3.7.jar:/home/runner/.m2/repository/org/apache/ozone/ozone-manager/1.3.0-SNAPSHOT/ozone-manager-1.3.0-SNAPSHOT-tests.jar:/home/runner/.m2/repository/org/apache/ozone/hdds-common/1.3.0-SNAPSHOT/hdds-common-1.3.0-SNAPSHOT-tests.jar:/home/runner/.m2/repository/org/apache/ozone/hdds-hadoop-dependency-client/1.3.0-SNAPSHOT/hdds-hadoop-dependency-client-1.3.0-SNAPSHOT.jar:/home/runner/.m2/repository/info/picocli/picocli/4.6.1/picocli-4.6.1.jar:/home/runner/.m2/repository/com/fasterxml/jackson/core/jackson-annotations/2.12.1/jackson-annotations-2.12.1.jar:/home/runner/.m2/repository/javax/annotation/javax.annotation-api/1.2/javax.annotation-api-1.2.jar:/home/runner/.m2/repository/org/apache/ratis/ratis-server/2.2.0/ratis-server-2.2.0.jar:/home/runner/.m2/repository/org/apache/ratis/ratis-client/2.2.0/ratis-client-2.2.0.jar:/home/runner/.m2/repository/org/apache/ratis/ratis-server-api/2.2.0/ratis-server-api-2.2.0.jar:/home/runner/.m2/repository/org/apache/ratis/ratis-metrics/2.2.0/ratis-metrics-2.2.0.jar:/home/runner/.m2/repository/org/apache/ratis/ratis-netty/2.2.0/ratis-netty-2.2.0.jar:/home/runner/.m2/repository/org/apache/ratis/ratis-grpc/2.2.0/ratis-grpc-2.2.0.jar:/home/runner/.m2/repository/org/apache/logging/log4j/log4j-api/2.17.1/log4j-api-2.17.1.jar:/home/runner/.m2/repository/org/apache/logging/log4j/log4j-core/2.17.1/log4j-core-2.17.1.jar:/home/runner/.m2/repository/com/lmax/disruptor/3.4.2/disruptor-3.4.2.jar:/home/runner/.m2/repository/org/apache/commons/commons-pool2/2.6.0/commons-pool2-2.6.0.jar:/home/runner/.m2/repository/org/bouncycastle/bcpkix-jdk15on/1.67/bcpkix-jdk15on-1.67.jar:/home/runner/.m2/repository/commons-validator/commons-validator/1.6/commons-validator-1.6.jar:/home/runner/.m2/repository/commons-beanutils/commons-beanutils/1.9.4/commons-beanutils-1.9.4.jar:/home/runner/.m2/repository/commons-digester/commons-digester/1.8.1/commons-digester-1.8.1.jar:/home/runner/.m2/repository/commons-collections/commons-collections/3.2.2/commons-collections-3.2.2.jar:/home/runner/.m2/repository/io/jaegertracing/jaeger-client/1.6.0/jaeger-client-1.6.0.jar:/home/runner/.m2/repository/io/jaegertracing/jaeger-thrift/1.6.0/jaeger-thrift-1.6.0.jar:/home/runner/.m2/repository/org/apache/thrift/libthrift/0.14.1/libthrift-0.14.1.jar:/home/runner/.m2/repository/com/squareup/okhttp3/okhttp/4.9.0/okhttp-4.9.0.jar:/home/runner/.m2/repository/com/squareup/okio/okio/2.8.0/okio-2.8.0.jar:/home/runner/.m2/repository/io/jaegertracing/jaeger-core/1.6.0/jaeger-core-1.6.0.jar:/home/runner/.m2/repository/io/jaegertracing/jaeger-tracerresolver/1.6.0/jaeger-tracerresolver-1.6.0.jar:/home/runner/.m2/repository/io/opentracing/contrib/opentracing-tracerresolver/0.1.8/opentracing-tracerresolver-0.1.8.jar:/home/runner/.m2/repository/org/jetbrains/kotlin/kotlin-stdlib/1.4.31/kotlin-stdlib-1.4.31.jar:/home/runner/.m2/repository/org/jetbrains/kotlin/kotlin-stdlib-common/1.4.31/kotlin-stdlib-common-1.4.31.jar:/home/runner/.m2/repository/org/jetbrains/annotations/13.0/annotations-13.0.jar:/home/runner/.m2/repository/io/opentracing/opentracing-util/0.33.0/opentracing-util-0.33.0.jar:/home/runner/.m2/repository/io/opentracing/opentracing-api/0.33.0/opentracing-api-0.33.0.jar:/home/runner/.m2/repository/io/opentracing/opentracing-noop/0.33.0/opentracing-noop-0.33.0.jar:/home/runner/.m2/repository/org/yaml/snakeyaml/1.26/snakeyaml-1.26.jar:/home/runner/.m2/repository/org/apache/ozone/hdds-interface-admin/1.3.0-SNAPSHOT/hdds-interface-admin-1.3.0-SNAPSHOT.jar:/home/runner/.m2/repository/junit/junit/4.13.1/junit-4.13.1.jar:/home/runner/.m2/repository/org/hamcrest/hamcrest-core/1.3/hamcrest-core-1.3.jar:/home/runner/.m2/repository/org/junit/jupiter/junit-jupiter-api/5.7.0/junit-jupiter-api-5.7.0.jar:/home/runner/.m2/repository/org/apiguardian/apiguardian-api/1.1.0/apiguardian-api-1.1.0.jar:/home/runner/.m2/repository/org/opentest4j/opentest4j/1.2.0/opentest4j-1.2.0.jar:/home/runner/.m2/repository/org/junit/platform/junit-platform-commons/1.7.0/junit-platform-commons-1.7.0.jar:/home/runner/.m2/repository/org/junit/jupiter/junit-jupiter-engine/5.7.0/junit-jupiter-engine-5.7.0.jar:/home/runner/.m2/repository/org/junit/platform/junit-platform-engine/1.7.0/junit-platform-engine-1.7.0.jar:/home/runner/.m2/repository/org/junit/vintage/junit-vintage-engine/5.7.0/junit-vintage-engine-5.7.0.jar:/home/runner/.m2/repository/org/junit/platform/junit-platform-launcher/1.7.0/junit-platform-launcher-1.7.0.jar:/home/runner/.m2/repository/org/openjdk/jmh/jmh-core/1.19/jmh-core-1.19.jar:/home/runner/.m2/repository/net/sf/jopt-simple/jopt-simple/4.6/jopt-simple-4.6.jar:/home/runner/.m2/repository/org/apache/commons/commons-math3/3.1.1/commons-math3-3.1.1.jar:/home/runner/.m2/repository/org/openjdk/jmh/jmh-generator-annprocess/1.19/jmh-generator-annprocess-1.19.jar:/home/runner/.m2/repository/org/mockito/mockito-core/2.28.2/mockito-core-2.28.2.jar:/home/runner/.m2/repository/net/bytebuddy/byte-buddy/1.9.10/byte-buddy-1.9.10.jar:/home/runner/.m2/repository/net/bytebuddy/byte-buddy-agent/1.9.10/byte-buddy-agent-1.9.10.jar:/home/runner/.m2/repository/org/objenesis/objenesis/1.0/objenesis-1.0.jar:/home/runner/.m2/repository/org/apache/hadoop/hadoop-kms/3.3.1/hadoop-kms-3.3.1.jar:/home/runner/.m2/repository/org/apache/hadoop/hadoop-auth/3.3.1/hadoop-auth-3.3.1.jar:/home/runner/.m2/repository/com/nimbusds/nimbus-jose-jwt/7.9/nimbus-jose-jwt-7.9.jar:/home/runner/.m2/repository/com/github/stephenc/jcip/jcip-annotations/1.0-1/jcip-annotations-1.0-1.jar:/home/runner/.m2/repository/net/minidev/json-smart/2.3.1/json-smart-2.3.1.jar:/home/runner/.m2/repository/net/minidev/accessors-smart/2.3.1/accessors-smart-2.3.1.jar:/home/runner/.m2/repository/org/ow2/asm/asm/5.0.4/asm-5.0.4.jar:/home/runner/.m2/repository/org/apache/zookeeper/zookeeper/3.5.6/zookeeper-3.5.6.jar:/home/runner/.m2/repository/org/apache/zookeeper/zookeeper-jute/3.5.6/zookeeper-jute-3.5.6.jar:/home/runner/.m2/repository/org/apache/yetus/audience-annotations/0.5.0/audience-annotations-0.5.0.jar:/home/runner/.m2/repository/org/apache/curator/curator-framework/4.2.0/curator-framework-4.2.0.jar:/home/runner/.m2/repository/org/apache/hadoop/thirdparty/hadoop-shaded-guava/1.1.1/hadoop-shaded-guava-1.1.1.jar:/home/runner/.m2/repository/com/sun/jersey/jersey-core/1.19/jersey-core-1.19.jar:/home/runner/.m2/repository/javax/ws/rs/jsr311-api/1.1.1/jsr311-api-1.1.1.jar:/home/runner/.m2/repository/com/sun/jersey/jersey-server/1.19/jersey-server-1.19.jar:/home/runner/.m2/repository/javax/servlet/javax.servlet-api/3.1.0/javax.servlet-api-3.1.0.jar:/home/runner/.m2/repository/org/eclipse/jetty/jetty-server/9.4.43.v20210629/jetty-server-9.4.43.v20210629.jar:/home/runner/.m2/repository/org/eclipse/jetty/jetty-http/9.4.43.v20210629/jetty-http-9.4.43.v20210629.jar:/home/runner/.m2/repository/org/eclipse/jetty/jetty-io/9.4.43.v20210629/jetty-io-9.4.43.v20210629.jar:/home/runner/.m2/repository/org/eclipse/jetty/jetty-webapp/9.4.43.v20210629/jetty-webapp-9.4.43.v20210629.jar:/home/runner/.m2/repository/org/eclipse/jetty/jetty-xml/9.4.43.v20210629/jetty-xml-9.4.43.v20210629.jar:/home/runner/.m2/repository/org/apache/hadoop/hadoop-common/3.3.1/hadoop-common-3.3.1.jar:/home/runner/.m2/repository/commons-net/commons-net/3.6/commons-net-3.6.jar:/home/runner/.m2/repository/jakarta/activation/jakarta.activation-api/1.2.1/jakarta.activation-api-1.2.1.jar:/home/runner/.m2/repository/com/sun/jersey/jersey-servlet/1.19/jersey-servlet-1.19.jar:/home/runner/.m2/repository/com/sun/jersey/jersey-json/1.19/jersey-json-1.19.jar:/home/runner/.m2/repository/org/codehaus/jettison/jettison/1.1/jettison-1.1.jar:/home/runner/.m2/repository/com/sun/xml/bind/jaxb-impl/2.2.3-1/jaxb-impl-2.2.3-1.jar:/home/runner/.m2/repository/org/codehaus/jackson/jackson-jaxrs/1.9.2/jackson-jaxrs-1.9.2.jar:/home/runner/.m2/repository/org/codehaus/jackson/jackson-xc/1.9.2/jackson-xc-1.9.2.jar:/home/runner/.m2/repository/org/apache/commons/commons-configuration2/2.1.1/commons-configuration2-2.1.1.jar:/home/runner/.m2/repository/org/apache/commons/commons-text/1.4/commons-text-1.4.jar:/home/runner/.m2/repository/com/google/re2j/re2j/1.1/re2j-1.1.jar:/home/runner/.m2/repository/com/jcraft/jsch/0.1.54/jsch-0.1.54.jar:/home/runner/.m2/repository/org/apache/curator/curator-client/4.2.0/curator-client-4.2.0.jar:/home/runner/.m2/repository/org/apache/curator/curator-recipes/4.2.0/curator-recipes-4.2.0.jar:/home/runner/.m2/repository/org/apache/kerby/kerb-core/1.0.1/kerb-core-1.0.1.jar:/home/runner/.m2/repository/org/apache/kerby/kerby-pkix/1.0.1/kerby-pkix-1.0.1.jar:/home/runner/.m2/repository/org/apache/kerby/kerby-asn1/1.0.1/kerby-asn1-1.0.1.jar:/home/runner/.m2/repository/org/apache/kerby/kerby-util/1.0.1/kerby-util-1.0.1.jar:/home/runner/.m2/repository/dnsjava/dnsjava/2.1.7/dnsjava-2.1.7.jar:/home/runner/.m2/repository/org/xerial/snappy/snappy-java/1.1.8.2/snappy-java-1.1.8.2.jar:/home/runner/.m2/repository/org/slf4j/jul-to-slf4j/1.7.30/jul-to-slf4j-1.7.30.jar:/home/runner/.m2/repository/org/eclipse/jetty/jetty-util/9.4.43.v20210629/jetty-util-9.4.43.v20210629.jar:/home/runner/.m2/repository/com/fasterxml/jackson/core/jackson-databind/2.12.1/jackson-databind-2.12.1.jar:/home/runner/.m2/repository/org/apache/hadoop/hadoop-kms/3.3.1/hadoop-kms-3.3.1-tests.jar:/home/runner/.m2/repository/org/apache/ozone/hdds-server-scm/1.3.0-SNAPSHOT/hdds-server-scm-1.3.0-SNAPSHOT-tests.jar:/home/runner/.m2/repository/org/apache/ozone/hdds-container-service/1.3.0-SNAPSHOT/hdds-container-service-1.3.0-SNAPSHOT-tests.jar:/home/runner/.m2/repository/commons-codec/commons-codec/1.11/commons-codec-1.11.jar:/home/runner/.m2/repository/io/netty/netty-transport/4.1.63.Final/netty-transport-4.1.63.Final.jar:/home/runner/.m2/repository/io/netty/netty-resolver/4.1.63.Final/netty-resolver-4.1.63.Final.jar:/home/runner/.m2/repository/io/netty/netty-codec/4.1.63.Final/netty-codec-4.1.63.Final.jar:/home/runner/.m2/repository/io/netty/netty-handler/4.1.63.Final/netty-handler-4.1.63.Final.jar:/home/runner/.m2/repository/org/apache/ozone/hdds-hadoop-dependency-test/1.3.0-SNAPSHOT/hdds-hadoop-dependency-test-1.3.0-SNAPSHOT.jar:/home/runner/.m2/repository/org/apache/hadoop/hadoop-common/3.3.1/hadoop-common-3.3.1-tests.jar:/home/runner/.m2/repository/org/assertj/assertj-core/3.12.2/assertj-core-3.12.2.jar:/home/runner/.m2/repository/org/apache/hadoop/hadoop-hdfs/3.3.1/hadoop-hdfs-3.3.1-tests.jar:/home/runner/.m2/repository/org/eclipse/jetty/jetty-util-ajax/9.4.43.v20210629/jetty-util-ajax-9.4.43.v20210629.jar:/home/runner/.m2/repository/commons-daemon/commons-daemon/1.0.13/commons-daemon-1.0.13.jar:/home/runner/.m2/repository/io/netty/netty/3.10.6.Final/netty-3.10.6.Final.jar:/home/runner/.m2/repository/io/netty/netty-all/4.1.63.Final/netty-all-4.1.63.Final.jar:/home/runner/.m2/repository/org/apache/htrace/htrace-core4/4.1.0-incubating/htrace-core4-4.1.0-incubating.jar:/home/runner/.m2/repository/org/fusesource/leveldbjni/leveldbjni-all/1.8/leveldbjni-all-1.8.jar:/home/runner/.m2/repository/org/apache/hadoop/hadoop-distcp/3.3.1/hadoop-distcp-3.3.1.jar:/home/runner/.m2/repository/org/apache/hadoop/hadoop-mapreduce-client-jobclient/3.3.1/hadoop-mapreduce-client-jobclient-3.3.1.jar:/home/runner/.m2/repository/org/apache/hadoop/hadoop-mapreduce-client-common/3.3.1/hadoop-mapreduce-client-common-3.3.1.jar:/home/runner/.m2/repository/org/apache/hadoop/hadoop-yarn-common/3.3.1/hadoop-yarn-common-3.3.1.jar:/home/runner/.m2/repository/org/apache/hadoop/hadoop-yarn-api/3.3.1/hadoop-yarn-api-3.3.1.jar:/home/runner/.m2/repository/com/sun/jersey/jersey-client/1.19/jersey-client-1.19.jar:/home/runner/.m2/repository/com/sun/jersey/contribs/jersey-guice/1.19/jersey-guice-1.19.jar:/home/runner/.m2/repository/com/fasterxml/jackson/jaxrs/jackson-jaxrs-json-provider/2.12.1/jackson-jaxrs-json-provider-2.12.1.jar:/home/runner/.m2/repository/com/fasterxml/jackson/jaxrs/jackson-jaxrs-base/2.12.1/jackson-jaxrs-base-2.12.1.jar:/home/runner/.m2/repository/org/apache/hadoop/hadoop-yarn-client/3.3.1/hadoop-yarn-client-3.3.1.jar:/home/runner/.m2/repository/org/eclipse/jetty/websocket/websocket-client/9.4.40.v20210413/websocket-client-9.4.40.v20210413.jar:/home/runner/.m2/repository/org/eclipse/jetty/jetty-client/9.4.40.v20210413/jetty-client-9.4.40.v20210413.jar:/home/runner/.m2/repository/org/eclipse/jetty/websocket/websocket-common/9.4.40.v20210413/websocket-common-9.4.40.v20210413.jar:/home/runner/.m2/repository/org/eclipse/jetty/websocket/websocket-api/9.4.40.v20210413/websocket-api-9.4.40.v20210413.jar:/home/runner/.m2/repository/org/jline/jline/3.9.0/jline-3.9.0.jar:/home/runner/.m2/repository/org/apache/hadoop/hadoop-mapreduce-client-core/3.3.1/hadoop-mapreduce-client-core-3.3.1.jar:/home/runner/.m2/repository/org/apache/avro/avro/1.7.7/avro-1.7.7.jar:/home/runner/.m2/repository/org/codehaus/jackson/jackson-core-asl/1.9.13/jackson-core-asl-1.9.13.jar:/home/runner/.m2/repository/org/codehaus/jackson/jackson-mapper-asl/1.9.13/jackson-mapper-asl-1.9.13.jar:/home/runner/.m2/repository/com/thoughtworks/paranamer/paranamer/2.3/paranamer-2.3.jar:/home/runner/.m2/repository/org/apache/hadoop/hadoop-annotations/3.3.1/hadoop-annotations-3.3.1.jar:/usr/lib/jvm/adoptopenjdk-8-hotspot-amd64/jre/../lib/tools.jar:/home/runner/.m2/repository/org/apache/hadoop/hadoop-distcp/3.3.1/hadoop-distcp-3.3.1-tests.jar:/home/runner/.m2/repository/org/apache/ratis/ratis-common/2.2.0/ratis-common-2.2.0.jar:/home/runner/.m2/repository/org/apache/ratis/ratis-thirdparty-misc/0.7.0/ratis-thirdparty-misc-0.7.0.jar:/home/runner/.m2/repository/org/apache/ratis/ratis-proto/2.2.0/ratis-proto-2.2.0.jar:"/>
    <property name="java.vm.vendor" value="AdoptOpenJDK"/>
    <property name="sun.arch.data.model" value="64"/>
    <property name="test.build.dir" value="/home/runner/work/ozone/ozone/hadoop-ozone/integration-test/target/test-dir"/>
    <property name="test.cache.data" value=""/>
    <property name="java.vendor.url" value="https://adoptopenjdk.net/"/>
    <property name="user.timezone" value=""/>
    <property name="java.vm.specification.version" value="1.8"/>
    <property name="os.name" value="Linux"/>
    <property name="test.build.data" value="/home/runner/work/ozone/ozone/hadoop-ozone/integration-test/target/test-dir"/>
    <property name="sun.java.launcher" value="SUN_STANDARD"/>
    <property name="sun.boot.library.path" value="/usr/lib/jvm/adoptopenjdk-8-hotspot-amd64/jre/lib/amd64"/>
    <property name="sun.java.command" value="/home/runner/work/ozone/ozone/hadoop-ozone/integration-test/target/surefire/surefirebooter3287564207331578641.jar /home/runner/work/ozone/ozone/hadoop-ozone/integration-test/target/surefire 2022-01-02T12-48-43_987-jvmRun1 surefire5846561383068238770tmp surefire_241495144016257337524tmp"/>
    <property name="surefire.test.class.path" value="/home/runner/work/ozone/ozone/hadoop-ozone/integration-test/target/test-classes:/home/runner/work/ozone/ozone/hadoop-ozone/integration-test/target/classes:/home/runner/.m2/repository/org/apache/ozone/ozone-common/1.3.0-SNAPSHOT/ozone-common-1.3.0-SNAPSHOT.jar:/home/runner/.m2/repository/org/apache/commons/commons-compress/1.21/commons-compress-1.21.jar:/home/runner/.m2/repository/org/apache/ozone/hdds-common/1.3.0-SNAPSHOT/hdds-common-1.3.0-SNAPSHOT.jar:/home/runner/.m2/repository/org/apache/ozone/hdds-client/1.3.0-SNAPSHOT/hdds-client-1.3.0-SNAPSHOT.jar:/home/runner/.m2/repository/org/apache/ozone/ozone-interface-client/1.3.0-SNAPSHOT/ozone-interface-client-1.3.0-SNAPSHOT.jar:/home/runner/.m2/repository/org/apache/ozone/hdds-test-utils/1.3.0-SNAPSHOT/hdds-test-utils-1.3.0-SNAPSHOT.jar:/home/runner/.m2/repository/com/google/guava/guava/30.1.1-jre/guava-30.1.1-jre.jar:/home/runner/.m2/repository/com/google/guava/failureaccess/1.0.1/failureaccess-1.0.1.jar:/home/runner/.m2/repository/com/google/guava/listenablefuture/9999.0-empty-to-avoid-conflict-with-guava/listenablefuture-9999.0-empty-to-avoid-conflict-with-guava.jar:/home/runner/.m2/repository/com/google/code/findbugs/jsr305/3.0.0/jsr305-3.0.0.jar:/home/runner/.m2/repository/org/checkerframework/checker-qual/3.8.0/checker-qual-3.8.0.jar:/home/runner/.m2/repository/com/google/errorprone/error_prone_annotations/2.2.0/error_prone_annotations-2.2.0.jar:/home/runner/.m2/repository/com/google/j2objc/j2objc-annotations/1.3/j2objc-annotations-1.3.jar:/home/runner/.m2/repository/commons-io/commons-io/2.11.0/commons-io-2.11.0.jar:/home/runner/.m2/repository/commons-logging/commons-logging/1.2/commons-logging-1.2.jar:/home/runner/.m2/repository/log4j/log4j/1.2.17/log4j-1.2.17.jar:/home/runner/.m2/repository/org/slf4j/slf4j-api/1.7.30/slf4j-api-1.7.30.jar:/home/runner/.m2/repository/org/apache/ozone/hdds-server-scm/1.3.0-SNAPSHOT/hdds-server-scm-1.3.0-SNAPSHOT.jar:/home/runner/.m2/repository/org/apache/ozone/hdds-container-service/1.3.0-SNAPSHOT/hdds-container-service-1.3.0-SNAPSHOT.jar:/home/runner/.m2/repository/org/apache/ozone/hdds-hadoop-dependency-server/1.3.0-SNAPSHOT/hdds-hadoop-dependency-server-1.3.0-SNAPSHOT.jar:/home/runner/.m2/repository/org/apache/hadoop/hadoop-hdfs/3.3.1/hadoop-hdfs-3.3.1.jar:/home/runner/.m2/repository/org/apache/ozone/hdds-server-framework/1.3.0-SNAPSHOT/hdds-server-framework-1.3.0-SNAPSHOT.jar:/home/runner/.m2/repository/org/apache/ozone/hdds-interface-server/1.3.0-SNAPSHOT/hdds-interface-server-1.3.0-SNAPSHOT.jar:/home/runner/.m2/repository/org/eclipse/jetty/jetty-servlet/9.4.43.v20210629/jetty-servlet-9.4.43.v20210629.jar:/home/runner/.m2/repository/org/eclipse/jetty/jetty-security/9.4.43.v20210629/jetty-security-9.4.43.v20210629.jar:/home/runner/.m2/repository/org/rocksdb/rocksdbjni/6.25.3/rocksdbjni-6.25.3.jar:/home/runner/.m2/repository/io/prometheus/simpleclient_dropwizard/0.7.0/simpleclient_dropwizard-0.7.0.jar:/home/runner/.m2/repository/io/prometheus/simpleclient/0.7.0/simpleclient-0.7.0.jar:/home/runner/.m2/repository/io/prometheus/simpleclient_common/0.7.0/simpleclient_common-0.7.0.jar:/home/runner/.m2/repository/com/fasterxml/jackson/datatype/jackson-datatype-jsr310/2.12.1/jackson-datatype-jsr310-2.12.1.jar:/home/runner/.m2/repository/io/dropwizard/metrics/metrics-core/3.2.4/metrics-core-3.2.4.jar:/home/runner/.m2/repository/org/apache/hadoop/hadoop-hdfs-client/3.3.1/hadoop-hdfs-client-3.3.1.jar:/home/runner/.m2/repository/org/bouncycastle/bcprov-jdk15on/1.67/bcprov-jdk15on-1.67.jar:/home/runner/.m2/repository/com/google/protobuf/protobuf-java/2.5.0/protobuf-java-2.5.0.jar:/home/runner/.m2/repository/org/apache/ozone/ozone-manager/1.3.0-SNAPSHOT/ozone-manager-1.3.0-SNAPSHOT.jar:/home/runner/.m2/repository/org/aspectj/aspectjrt/1.9.7/aspectjrt-1.9.7.jar:/home/runner/.m2/repository/org/aspectj/aspectjweaver/1.9.7/aspectjweaver-1.9.7.jar:/home/runner/.m2/repository/org/apache/ozone/hdds-interface-client/1.3.0-SNAPSHOT/hdds-interface-client-1.3.0-SNAPSHOT.jar:/home/runner/.m2/repository/org/apache/hadoop/thirdparty/hadoop-shaded-protobuf_3_7/1.1.1/hadoop-shaded-protobuf_3_7-1.1.1.jar:/home/runner/.m2/repository/org/apache/ozone/ozone-interface-storage/1.3.0-SNAPSHOT/ozone-interface-storage-1.3.0-SNAPSHOT.jar:/home/runner/.m2/repository/org/reflections/reflections/0.9.11/reflections-0.9.11.jar:/home/runner/.m2/repository/org/apache/hadoop/hadoop-minikdc/3.3.1/hadoop-minikdc-3.3.1.jar:/home/runner/.m2/repository/org/apache/kerby/kerb-simplekdc/1.0.1/kerb-simplekdc-1.0.1.jar:/home/runner/.m2/repository/org/apache/kerby/kerb-client/1.0.1/kerb-client-1.0.1.jar:/home/runner/.m2/repository/org/apache/kerby/kerby-config/1.0.1/kerby-config-1.0.1.jar:/home/runner/.m2/repository/org/apache/kerby/kerb-common/1.0.1/kerb-common-1.0.1.jar:/home/runner/.m2/repository/org/apache/kerby/kerb-crypto/1.0.1/kerb-crypto-1.0.1.jar:/home/runner/.m2/repository/org/apache/kerby/kerb-util/1.0.1/kerb-util-1.0.1.jar:/home/runner/.m2/repository/org/apache/kerby/token-provider/1.0.1/token-provider-1.0.1.jar:/home/runner/.m2/repository/org/apache/kerby/kerb-admin/1.0.1/kerb-admin-1.0.1.jar:/home/runner/.m2/repository/org/apache/kerby/kerb-server/1.0.1/kerb-server-1.0.1.jar:/home/runner/.m2/repository/org/apache/kerby/kerb-identity/1.0.1/kerb-identity-1.0.1.jar:/home/runner/.m2/repository/org/apache/kerby/kerby-xdr/1.0.1/kerby-xdr-1.0.1.jar:/home/runner/.m2/repository/org/slf4j/slf4j-log4j12/1.7.30/slf4j-log4j12-1.7.30.jar:/home/runner/.m2/repository/org/apache/ozone/ozone-s3gateway/1.3.0-SNAPSHOT/ozone-s3gateway-1.3.0-SNAPSHOT.jar:/home/runner/.m2/repository/org/javassist/javassist/3.21.0-GA/javassist-3.21.0-GA.jar:/home/runner/.m2/repository/org/jboss/weld/servlet/weld-servlet/2.4.7.Final/weld-servlet-2.4.7.Final.jar:/home/runner/.m2/repository/org/glassfish/jersey/containers/jersey-container-servlet-core/2.33/jersey-container-servlet-core-2.33.jar:/home/runner/.m2/repository/org/glassfish/hk2/external/jakarta.inject/2.6.1/jakarta.inject-2.6.1.jar:/home/runner/.m2/repository/org/glassfish/jersey/core/jersey-common/2.33/jersey-common-2.33.jar:/home/runner/.m2/repository/jakarta/ws/rs/jakarta.ws.rs-api/2.1.6/jakarta.ws.rs-api-2.1.6.jar:/home/runner/.m2/repository/org/glassfish/jersey/ext/cdi/jersey-cdi1x/2.33/jersey-cdi1x-2.33.jar:/home/runner/.m2/repository/org/glassfish/jersey/inject/jersey-hk2/2.33/jersey-hk2-2.33.jar:/home/runner/.m2/repository/org/glassfish/hk2/hk2-locator/2.6.1/hk2-locator-2.6.1.jar:/home/runner/.m2/repository/org/glassfish/jersey/media/jersey-media-jaxb/2.33/jersey-media-jaxb-2.33.jar:/home/runner/.m2/repository/org/glassfish/hk2/osgi-resource-locator/1.0.3/osgi-resource-locator-1.0.3.jar:/home/runner/.m2/repository/org/glassfish/hk2/hk2-api/2.5.0/hk2-api-2.5.0.jar:/home/runner/.m2/repository/org/glassfish/hk2/hk2-utils/2.5.0/hk2-utils-2.5.0.jar:/home/runner/.m2/repository/org/glassfish/hk2/external/aopalliance-repackaged/2.5.0/aopalliance-repackaged-2.5.0.jar:/home/runner/.m2/repository/com/fasterxml/jackson/dataformat/jackson-dataformat-xml/2.12.1/jackson-dataformat-xml-2.12.1.jar:/home/runner/.m2/repository/com/fasterxml/jackson/core/jackson-core/2.12.1/jackson-core-2.12.1.jar:/home/runner/.m2/repository/com/fasterxml/jackson/module/jackson-module-jaxb-annotations/2.12.1/jackson-module-jaxb-annotations-2.12.1.jar:/home/runner/.m2/repository/jakarta/xml/bind/jakarta.xml.bind-api/2.3.2/jakarta.xml.bind-api-2.3.2.jar:/home/runner/.m2/repository/org/codehaus/woodstox/stax2-api/3.1.4/stax2-api-3.1.4.jar:/home/runner/.m2/repository/com/fasterxml/woodstox/woodstox-core/5.0.3/woodstox-core-5.0.3.jar:/home/runner/.m2/repository/javax/enterprise/cdi-api/1.2/cdi-api-1.2.jar:/home/runner/.m2/repository/javax/el/javax.el-api/3.0.0/javax.el-api-3.0.0.jar:/home/runner/.m2/repository/javax/interceptor/javax.interceptor-api/1.2/javax.interceptor-api-1.2.jar:/home/runner/.m2/repository/javax/inject/javax.inject/1/javax.inject-1.jar:/home/runner/.m2/repository/javax/xml/bind/jaxb-api/2.3.0/jaxb-api-2.3.0.jar:/home/runner/.m2/repository/org/glassfish/jaxb/jaxb-runtime/2.3.0.1/jaxb-runtime-2.3.0.1.jar:/home/runner/.m2/repository/org/glassfish/jaxb/jaxb-core/2.3.0.1/jaxb-core-2.3.0.1.jar:/home/runner/.m2/repository/org/glassfish/jaxb/txw2/2.3.0.1/txw2-2.3.0.1.jar:/home/runner/.m2/repository/com/sun/istack/istack-commons-runtime/3.0.5/istack-commons-runtime-3.0.5.jar:/home/runner/.m2/repository/org/jvnet/staxex/stax-ex/1.7.8/stax-ex-1.7.8.jar:/home/runner/.m2/repository/com/sun/xml/fastinfoset/FastInfoset/1.2.13/FastInfoset-1.2.13.jar:/home/runner/.m2/repository/javax/activation/activation/1.1.1/activation-1.1.1.jar:/home/runner/.m2/repository/org/apache/ozone/ozone-csi/1.3.0-SNAPSHOT/ozone-csi-1.3.0-SNAPSHOT.jar:/home/runner/.m2/repository/com/google/protobuf/protobuf-java-util/3.12.0/protobuf-java-util-3.12.0.jar:/home/runner/.m2/repository/com/google/code/gson/gson/2.2.4/gson-2.2.4.jar:/home/runner/.m2/repository/org/apache/ozone/hdds-config/1.3.0-SNAPSHOT/hdds-config-1.3.0-SNAPSHOT.jar:/home/runner/.m2/repository/io/grpc/grpc-netty/1.33.0/grpc-netty-1.33.0.jar:/home/runner/.m2/repository/io/grpc/grpc-core/1.33.0/grpc-core-1.33.0.jar:/home/runner/.m2/repository/com/google/android/annotations/4.1.1.4/annotations-4.1.1.4.jar:/home/runner/.m2/repository/io/netty/netty-codec-http2/4.1.63.Final/netty-codec-http2-4.1.63.Final.jar:/home/runner/.m2/repository/io/netty/netty-codec-http/4.1.63.Final/netty-codec-http-4.1.63.Final.jar:/home/runner/.m2/repository/io/netty/netty-handler-proxy/4.1.63.Final/netty-handler-proxy-4.1.63.Final.jar:/home/runner/.m2/repository/io/netty/netty-codec-socks/4.1.63.Final/netty-codec-socks-4.1.63.Final.jar:/home/runner/.m2/repository/io/perfmark/perfmark-api/0.19.0/perfmark-api-0.19.0.jar:/home/runner/.m2/repository/org/codehaus/mojo/animal-sniffer-annotations/1.18/animal-sniffer-annotations-1.18.jar:/home/runner/.m2/repository/io/netty/netty-transport-native-epoll/4.1.63.Final/netty-transport-native-epoll-4.1.63.Final.jar:/home/runner/.m2/repository/io/netty/netty-common/4.1.63.Final/netty-common-4.1.63.Final.jar:/home/runner/.m2/repository/io/netty/netty-buffer/4.1.63.Final/netty-buffer-4.1.63.Final.jar:/home/runner/.m2/repository/io/netty/netty-transport-native-unix-common/4.1.63.Final/netty-transport-native-unix-common-4.1.63.Final.jar:/home/runner/.m2/repository/io/grpc/grpc-protobuf/1.33.0/grpc-protobuf-1.33.0.jar:/home/runner/.m2/repository/io/grpc/grpc-api/1.33.0/grpc-api-1.33.0.jar:/home/runner/.m2/repository/io/grpc/grpc-context/1.33.0/grpc-context-1.33.0.jar:/home/runner/.m2/repository/com/google/api/grpc/proto-google-common-protos/1.17.0/proto-google-common-protos-1.17.0.jar:/home/runner/.m2/repository/io/grpc/grpc-protobuf-lite/1.33.0/grpc-protobuf-lite-1.33.0.jar:/home/runner/.m2/repository/io/grpc/grpc-stub/1.33.0/grpc-stub-1.33.0.jar:/home/runner/.m2/repository/org/apache/ozone/ozone-recon/1.3.0-SNAPSHOT/ozone-recon-1.3.0-SNAPSHOT.jar:/home/runner/.m2/repository/org/apache/ozone/ozone-reconcodegen/1.3.0-SNAPSHOT/ozone-reconcodegen-1.3.0-SNAPSHOT.jar:/home/runner/.m2/repository/com/google/inject/extensions/guice-multibindings/4.0/guice-multibindings-4.0.jar:/home/runner/.m2/repository/com/google/inject/guice/4.0/guice-4.0.jar:/home/runner/.m2/repository/aopalliance/aopalliance/1.0/aopalliance-1.0.jar:/home/runner/.m2/repository/com/google/inject/extensions/guice-assistedinject/4.0/guice-assistedinject-4.0.jar:/home/runner/.m2/repository/com/google/inject/extensions/guice-servlet/4.0/guice-servlet-4.0.jar:/home/runner/.m2/repository/org/glassfish/jersey/containers/jersey-container-servlet/2.33/jersey-container-servlet-2.33.jar:/home/runner/.m2/repository/org/glassfish/hk2/guice-bridge/2.5.0/guice-bridge-2.5.0.jar:/home/runner/.m2/repository/org/glassfish/jersey/core/jersey-server/2.33/jersey-server-2.33.jar:/home/runner/.m2/repository/org/glassfish/jersey/core/jersey-client/2.33/jersey-client-2.33.jar:/home/runner/.m2/repository/jakarta/annotation/jakarta.annotation-api/1.3.5/jakarta.annotation-api-1.3.5.jar:/home/runner/.m2/repository/jakarta/validation/jakarta.validation-api/2.0.2/jakarta.validation-api-2.0.2.jar:/home/runner/.m2/repository/org/glassfish/jersey/media/jersey-media-json-jackson/2.33/jersey-media-json-jackson-2.33.jar:/home/runner/.m2/repository/org/glassfish/jersey/ext/jersey-entity-filtering/2.33/jersey-entity-filtering-2.33.jar:/home/runner/.m2/repository/org/jooq/jooq/3.11.10/jooq-3.11.10.jar:/home/runner/.m2/repository/org/jooq/jooq-meta/3.11.10/jooq-meta-3.11.10.jar:/home/runner/.m2/repository/org/jooq/jooq-codegen/3.11.10/jooq-codegen-3.11.10.jar:/home/runner/.m2/repository/com/jolbox/bonecp/0.8.0.RELEASE/bonecp-0.8.0.RELEASE.jar:/home/runner/.m2/repository/org/apache/derby/derby/10.14.2.0/derby-10.14.2.0.jar:/home/runner/.m2/repository/org/xerial/sqlite-jdbc/3.25.2/sqlite-jdbc-3.25.2.jar:/home/runner/.m2/repository/org/springframework/spring-jdbc/5.2.18.RELEASE/spring-jdbc-5.2.18.RELEASE.jar:/home/runner/.m2/repository/org/springframework/spring-beans/5.2.18.RELEASE/spring-beans-5.2.18.RELEASE.jar:/home/runner/.m2/repository/org/springframework/spring-core/5.2.18.RELEASE/spring-core-5.2.18.RELEASE.jar:/home/runner/.m2/repository/org/springframework/spring-jcl/5.2.18.RELEASE/spring-jcl-5.2.18.RELEASE.jar:/home/runner/.m2/repository/org/springframework/spring-tx/5.2.18.RELEASE/spring-tx-5.2.18.RELEASE.jar:/home/runner/.m2/repository/org/apache/ozone/ozone-client/1.3.0-SNAPSHOT/ozone-client-1.3.0-SNAPSHOT.jar:/home/runner/.m2/repository/org/apache/ozone/ozone-filesystem/1.3.0-SNAPSHOT/ozone-filesystem-1.3.0-SNAPSHOT.jar:/home/runner/.m2/repository/org/apache/ozone/ozone-filesystem-common/1.3.0-SNAPSHOT/ozone-filesystem-common-1.3.0-SNAPSHOT.jar:/home/runner/.m2/repository/org/apache/ozone/ozone-tools/1.3.0-SNAPSHOT/ozone-tools-1.3.0-SNAPSHOT.jar:/home/runner/.m2/repository/org/apache/ratis/ratis-tools/2.2.0/ratis-tools-2.2.0.jar:/home/runner/.m2/repository/com/amazonaws/aws-java-sdk-core/1.12.124/aws-java-sdk-core-1.12.124.jar:/home/runner/.m2/repository/org/apache/httpcomponents/httpclient/4.5.13/httpclient-4.5.13.jar:/home/runner/.m2/repository/org/apache/httpcomponents/httpcore/4.4.13/httpcore-4.4.13.jar:/home/runner/.m2/repository/software/amazon/ion/ion-java/1.0.2/ion-java-1.0.2.jar:/home/runner/.m2/repository/com/fasterxml/jackson/dataformat/jackson-dataformat-cbor/2.12.1/jackson-dataformat-cbor-2.12.1.jar:/home/runner/.m2/repository/joda-time/joda-time/2.8.1/joda-time-2.8.1.jar:/home/runner/.m2/repository/com/amazonaws/aws-java-sdk-s3/1.12.124/aws-java-sdk-s3-1.12.124.jar:/home/runner/.m2/repository/com/amazonaws/aws-java-sdk-kms/1.12.124/aws-java-sdk-kms-1.12.124.jar:/home/runner/.m2/repository/com/amazonaws/jmespath-java/1.12.124/jmespath-java-1.12.124.jar:/home/runner/.m2/repository/org/kohsuke/metainf-services/metainf-services/1.8/metainf-services-1.8.jar:/home/runner/.m2/repository/org/apache/ozone/hdds-tools/1.3.0-SNAPSHOT/hdds-tools-1.3.0-SNAPSHOT.jar:/home/runner/.m2/repository/commons-cli/commons-cli/1.2/commons-cli-1.2.jar:/home/runner/.m2/repository/org/apache/commons/commons-lang3/3.7/commons-lang3-3.7.jar:/home/runner/.m2/repository/org/apache/ozone/ozone-manager/1.3.0-SNAPSHOT/ozone-manager-1.3.0-SNAPSHOT-tests.jar:/home/runner/.m2/repository/org/apache/ozone/hdds-common/1.3.0-SNAPSHOT/hdds-common-1.3.0-SNAPSHOT-tests.jar:/home/runner/.m2/repository/org/apache/ozone/hdds-hadoop-dependency-client/1.3.0-SNAPSHOT/hdds-hadoop-dependency-client-1.3.0-SNAPSHOT.jar:/home/runner/.m2/repository/info/picocli/picocli/4.6.1/picocli-4.6.1.jar:/home/runner/.m2/repository/com/fasterxml/jackson/core/jackson-annotations/2.12.1/jackson-annotations-2.12.1.jar:/home/runner/.m2/repository/javax/annotation/javax.annotation-api/1.2/javax.annotation-api-1.2.jar:/home/runner/.m2/repository/org/apache/ratis/ratis-server/2.2.0/ratis-server-2.2.0.jar:/home/runner/.m2/repository/org/apache/ratis/ratis-client/2.2.0/ratis-client-2.2.0.jar:/home/runner/.m2/repository/org/apache/ratis/ratis-server-api/2.2.0/ratis-server-api-2.2.0.jar:/home/runner/.m2/repository/org/apache/ratis/ratis-metrics/2.2.0/ratis-metrics-2.2.0.jar:/home/runner/.m2/repository/org/apache/ratis/ratis-netty/2.2.0/ratis-netty-2.2.0.jar:/home/runner/.m2/repository/org/apache/ratis/ratis-grpc/2.2.0/ratis-grpc-2.2.0.jar:/home/runner/.m2/repository/org/apache/logging/log4j/log4j-api/2.17.1/log4j-api-2.17.1.jar:/home/runner/.m2/repository/org/apache/logging/log4j/log4j-core/2.17.1/log4j-core-2.17.1.jar:/home/runner/.m2/repository/com/lmax/disruptor/3.4.2/disruptor-3.4.2.jar:/home/runner/.m2/repository/org/apache/commons/commons-pool2/2.6.0/commons-pool2-2.6.0.jar:/home/runner/.m2/repository/org/bouncycastle/bcpkix-jdk15on/1.67/bcpkix-jdk15on-1.67.jar:/home/runner/.m2/repository/commons-validator/commons-validator/1.6/commons-validator-1.6.jar:/home/runner/.m2/repository/commons-beanutils/commons-beanutils/1.9.4/commons-beanutils-1.9.4.jar:/home/runner/.m2/repository/commons-digester/commons-digester/1.8.1/commons-digester-1.8.1.jar:/home/runner/.m2/repository/commons-collections/commons-collections/3.2.2/commons-collections-3.2.2.jar:/home/runner/.m2/repository/io/jaegertracing/jaeger-client/1.6.0/jaeger-client-1.6.0.jar:/home/runner/.m2/repository/io/jaegertracing/jaeger-thrift/1.6.0/jaeger-thrift-1.6.0.jar:/home/runner/.m2/repository/org/apache/thrift/libthrift/0.14.1/libthrift-0.14.1.jar:/home/runner/.m2/repository/com/squareup/okhttp3/okhttp/4.9.0/okhttp-4.9.0.jar:/home/runner/.m2/repository/com/squareup/okio/okio/2.8.0/okio-2.8.0.jar:/home/runner/.m2/repository/io/jaegertracing/jaeger-core/1.6.0/jaeger-core-1.6.0.jar:/home/runner/.m2/repository/io/jaegertracing/jaeger-tracerresolver/1.6.0/jaeger-tracerresolver-1.6.0.jar:/home/runner/.m2/repository/io/opentracing/contrib/opentracing-tracerresolver/0.1.8/opentracing-tracerresolver-0.1.8.jar:/home/runner/.m2/repository/org/jetbrains/kotlin/kotlin-stdlib/1.4.31/kotlin-stdlib-1.4.31.jar:/home/runner/.m2/repository/org/jetbrains/kotlin/kotlin-stdlib-common/1.4.31/kotlin-stdlib-common-1.4.31.jar:/home/runner/.m2/repository/org/jetbrains/annotations/13.0/annotations-13.0.jar:/home/runner/.m2/repository/io/opentracing/opentracing-util/0.33.0/opentracing-util-0.33.0.jar:/home/runner/.m2/repository/io/opentracing/opentracing-api/0.33.0/opentracing-api-0.33.0.jar:/home/runner/.m2/repository/io/opentracing/opentracing-noop/0.33.0/opentracing-noop-0.33.0.jar:/home/runner/.m2/repository/org/yaml/snakeyaml/1.26/snakeyaml-1.26.jar:/home/runner/.m2/repository/org/apache/ozone/hdds-interface-admin/1.3.0-SNAPSHOT/hdds-interface-admin-1.3.0-SNAPSHOT.jar:/home/runner/.m2/repository/junit/junit/4.13.1/junit-4.13.1.jar:/home/runner/.m2/repository/org/hamcrest/hamcrest-core/1.3/hamcrest-core-1.3.jar:/home/runner/.m2/repository/org/junit/jupiter/junit-jupiter-api/5.7.0/junit-jupiter-api-5.7.0.jar:/home/runner/.m2/repository/org/apiguardian/apiguardian-api/1.1.0/apiguardian-api-1.1.0.jar:/home/runner/.m2/repository/org/opentest4j/opentest4j/1.2.0/opentest4j-1.2.0.jar:/home/runner/.m2/repository/org/junit/platform/junit-platform-commons/1.7.0/junit-platform-commons-1.7.0.jar:/home/runner/.m2/repository/org/junit/jupiter/junit-jupiter-engine/5.7.0/junit-jupiter-engine-5.7.0.jar:/home/runner/.m2/repository/org/junit/platform/junit-platform-engine/1.7.0/junit-platform-engine-1.7.0.jar:/home/runner/.m2/repository/org/junit/vintage/junit-vintage-engine/5.7.0/junit-vintage-engine-5.7.0.jar:/home/runner/.m2/repository/org/junit/platform/junit-platform-launcher/1.7.0/junit-platform-launcher-1.7.0.jar:/home/runner/.m2/repository/org/openjdk/jmh/jmh-core/1.19/jmh-core-1.19.jar:/home/runner/.m2/repository/net/sf/jopt-simple/jopt-simple/4.6/jopt-simple-4.6.jar:/home/runner/.m2/repository/org/apache/commons/commons-math3/3.1.1/commons-math3-3.1.1.jar:/home/runner/.m2/repository/org/openjdk/jmh/jmh-generator-annprocess/1.19/jmh-generator-annprocess-1.19.jar:/home/runner/.m2/repository/org/mockito/mockito-core/2.28.2/mockito-core-2.28.2.jar:/home/runner/.m2/repository/net/bytebuddy/byte-buddy/1.9.10/byte-buddy-1.9.10.jar:/home/runner/.m2/repository/net/bytebuddy/byte-buddy-agent/1.9.10/byte-buddy-agent-1.9.10.jar:/home/runner/.m2/repository/org/objenesis/objenesis/1.0/objenesis-1.0.jar:/home/runner/.m2/repository/org/apache/hadoop/hadoop-kms/3.3.1/hadoop-kms-3.3.1.jar:/home/runner/.m2/repository/org/apache/hadoop/hadoop-auth/3.3.1/hadoop-auth-3.3.1.jar:/home/runner/.m2/repository/com/nimbusds/nimbus-jose-jwt/7.9/nimbus-jose-jwt-7.9.jar:/home/runner/.m2/repository/com/github/stephenc/jcip/jcip-annotations/1.0-1/jcip-annotations-1.0-1.jar:/home/runner/.m2/repository/net/minidev/json-smart/2.3.1/json-smart-2.3.1.jar:/home/runner/.m2/repository/net/minidev/accessors-smart/2.3.1/accessors-smart-2.3.1.jar:/home/runner/.m2/repository/org/ow2/asm/asm/5.0.4/asm-5.0.4.jar:/home/runner/.m2/repository/org/apache/zookeeper/zookeeper/3.5.6/zookeeper-3.5.6.jar:/home/runner/.m2/repository/org/apache/zookeeper/zookeeper-jute/3.5.6/zookeeper-jute-3.5.6.jar:/home/runner/.m2/repository/org/apache/yetus/audience-annotations/0.5.0/audience-annotations-0.5.0.jar:/home/runner/.m2/repository/org/apache/curator/curator-framework/4.2.0/curator-framework-4.2.0.jar:/home/runner/.m2/repository/org/apache/hadoop/thirdparty/hadoop-shaded-guava/1.1.1/hadoop-shaded-guava-1.1.1.jar:/home/runner/.m2/repository/com/sun/jersey/jersey-core/1.19/jersey-core-1.19.jar:/home/runner/.m2/repository/javax/ws/rs/jsr311-api/1.1.1/jsr311-api-1.1.1.jar:/home/runner/.m2/repository/com/sun/jersey/jersey-server/1.19/jersey-server-1.19.jar:/home/runner/.m2/repository/javax/servlet/javax.servlet-api/3.1.0/javax.servlet-api-3.1.0.jar:/home/runner/.m2/repository/org/eclipse/jetty/jetty-server/9.4.43.v20210629/jetty-server-9.4.43.v20210629.jar:/home/runner/.m2/repository/org/eclipse/jetty/jetty-http/9.4.43.v20210629/jetty-http-9.4.43.v20210629.jar:/home/runner/.m2/repository/org/eclipse/jetty/jetty-io/9.4.43.v20210629/jetty-io-9.4.43.v20210629.jar:/home/runner/.m2/repository/org/eclipse/jetty/jetty-webapp/9.4.43.v20210629/jetty-webapp-9.4.43.v20210629.jar:/home/runner/.m2/repository/org/eclipse/jetty/jetty-xml/9.4.43.v20210629/jetty-xml-9.4.43.v20210629.jar:/home/runner/.m2/repository/org/apache/hadoop/hadoop-common/3.3.1/hadoop-common-3.3.1.jar:/home/runner/.m2/repository/commons-net/commons-net/3.6/commons-net-3.6.jar:/home/runner/.m2/repository/jakarta/activation/jakarta.activation-api/1.2.1/jakarta.activation-api-1.2.1.jar:/home/runner/.m2/repository/com/sun/jersey/jersey-servlet/1.19/jersey-servlet-1.19.jar:/home/runner/.m2/repository/com/sun/jersey/jersey-json/1.19/jersey-json-1.19.jar:/home/runner/.m2/repository/org/codehaus/jettison/jettison/1.1/jettison-1.1.jar:/home/runner/.m2/repository/com/sun/xml/bind/jaxb-impl/2.2.3-1/jaxb-impl-2.2.3-1.jar:/home/runner/.m2/repository/org/codehaus/jackson/jackson-jaxrs/1.9.2/jackson-jaxrs-1.9.2.jar:/home/runner/.m2/repository/org/codehaus/jackson/jackson-xc/1.9.2/jackson-xc-1.9.2.jar:/home/runner/.m2/repository/org/apache/commons/commons-configuration2/2.1.1/commons-configuration2-2.1.1.jar:/home/runner/.m2/repository/org/apache/commons/commons-text/1.4/commons-text-1.4.jar:/home/runner/.m2/repository/com/google/re2j/re2j/1.1/re2j-1.1.jar:/home/runner/.m2/repository/com/jcraft/jsch/0.1.54/jsch-0.1.54.jar:/home/runner/.m2/repository/org/apache/curator/curator-client/4.2.0/curator-client-4.2.0.jar:/home/runner/.m2/repository/org/apache/curator/curator-recipes/4.2.0/curator-recipes-4.2.0.jar:/home/runner/.m2/repository/org/apache/kerby/kerb-core/1.0.1/kerb-core-1.0.1.jar:/home/runner/.m2/repository/org/apache/kerby/kerby-pkix/1.0.1/kerby-pkix-1.0.1.jar:/home/runner/.m2/repository/org/apache/kerby/kerby-asn1/1.0.1/kerby-asn1-1.0.1.jar:/home/runner/.m2/repository/org/apache/kerby/kerby-util/1.0.1/kerby-util-1.0.1.jar:/home/runner/.m2/repository/dnsjava/dnsjava/2.1.7/dnsjava-2.1.7.jar:/home/runner/.m2/repository/org/xerial/snappy/snappy-java/1.1.8.2/snappy-java-1.1.8.2.jar:/home/runner/.m2/repository/org/slf4j/jul-to-slf4j/1.7.30/jul-to-slf4j-1.7.30.jar:/home/runner/.m2/repository/org/eclipse/jetty/jetty-util/9.4.43.v20210629/jetty-util-9.4.43.v20210629.jar:/home/runner/.m2/repository/com/fasterxml/jackson/core/jackson-databind/2.12.1/jackson-databind-2.12.1.jar:/home/runner/.m2/repository/org/apache/hadoop/hadoop-kms/3.3.1/hadoop-kms-3.3.1-tests.jar:/home/runner/.m2/repository/org/apache/ozone/hdds-server-scm/1.3.0-SNAPSHOT/hdds-server-scm-1.3.0-SNAPSHOT-tests.jar:/home/runner/.m2/repository/org/apache/ozone/hdds-container-service/1.3.0-SNAPSHOT/hdds-container-service-1.3.0-SNAPSHOT-tests.jar:/home/runner/.m2/repository/commons-codec/commons-codec/1.11/commons-codec-1.11.jar:/home/runner/.m2/repository/io/netty/netty-transport/4.1.63.Final/netty-transport-4.1.63.Final.jar:/home/runner/.m2/repository/io/netty/netty-resolver/4.1.63.Final/netty-resolver-4.1.63.Final.jar:/home/runner/.m2/repository/io/netty/netty-codec/4.1.63.Final/netty-codec-4.1.63.Final.jar:/home/runner/.m2/repository/io/netty/netty-handler/4.1.63.Final/netty-handler-4.1.63.Final.jar:/home/runner/.m2/repository/org/apache/ozone/hdds-hadoop-dependency-test/1.3.0-SNAPSHOT/hdds-hadoop-dependency-test-1.3.0-SNAPSHOT.jar:/home/runner/.m2/repository/org/apache/hadoop/hadoop-common/3.3.1/hadoop-common-3.3.1-tests.jar:/home/runner/.m2/repository/org/assertj/assertj-core/3.12.2/assertj-core-3.12.2.jar:/home/runner/.m2/repository/org/apache/hadoop/hadoop-hdfs/3.3.1/hadoop-hdfs-3.3.1-tests.jar:/home/runner/.m2/repository/org/eclipse/jetty/jetty-util-ajax/9.4.43.v20210629/jetty-util-ajax-9.4.43.v20210629.jar:/home/runner/.m2/repository/commons-daemon/commons-daemon/1.0.13/commons-daemon-1.0.13.jar:/home/runner/.m2/repository/io/netty/netty/3.10.6.Final/netty-3.10.6.Final.jar:/home/runner/.m2/repository/io/netty/netty-all/4.1.63.Final/netty-all-4.1.63.Final.jar:/home/runner/.m2/repository/org/apache/htrace/htrace-core4/4.1.0-incubating/htrace-core4-4.1.0-incubating.jar:/home/runner/.m2/repository/org/fusesource/leveldbjni/leveldbjni-all/1.8/leveldbjni-all-1.8.jar:/home/runner/.m2/repository/org/apache/hadoop/hadoop-distcp/3.3.1/hadoop-distcp-3.3.1.jar:/home/runner/.m2/repository/org/apache/hadoop/hadoop-mapreduce-client-jobclient/3.3.1/hadoop-mapreduce-client-jobclient-3.3.1.jar:/home/runner/.m2/repository/org/apache/hadoop/hadoop-mapreduce-client-common/3.3.1/hadoop-mapreduce-client-common-3.3.1.jar:/home/runner/.m2/repository/org/apache/hadoop/hadoop-yarn-common/3.3.1/hadoop-yarn-common-3.3.1.jar:/home/runner/.m2/repository/org/apache/hadoop/hadoop-yarn-api/3.3.1/hadoop-yarn-api-3.3.1.jar:/home/runner/.m2/repository/com/sun/jersey/jersey-client/1.19/jersey-client-1.19.jar:/home/runner/.m2/repository/com/sun/jersey/contribs/jersey-guice/1.19/jersey-guice-1.19.jar:/home/runner/.m2/repository/com/fasterxml/jackson/jaxrs/jackson-jaxrs-json-provider/2.12.1/jackson-jaxrs-json-provider-2.12.1.jar:/home/runner/.m2/repository/com/fasterxml/jackson/jaxrs/jackson-jaxrs-base/2.12.1/jackson-jaxrs-base-2.12.1.jar:/home/runner/.m2/repository/org/apache/hadoop/hadoop-yarn-client/3.3.1/hadoop-yarn-client-3.3.1.jar:/home/runner/.m2/repository/org/eclipse/jetty/websocket/websocket-client/9.4.40.v20210413/websocket-client-9.4.40.v20210413.jar:/home/runner/.m2/repository/org/eclipse/jetty/jetty-client/9.4.40.v20210413/jetty-client-9.4.40.v20210413.jar:/home/runner/.m2/repository/org/eclipse/jetty/websocket/websocket-common/9.4.40.v20210413/websocket-common-9.4.40.v20210413.jar:/home/runner/.m2/repository/org/eclipse/jetty/websocket/websocket-api/9.4.40.v20210413/websocket-api-9.4.40.v20210413.jar:/home/runner/.m2/repository/org/jline/jline/3.9.0/jline-3.9.0.jar:/home/runner/.m2/repository/org/apache/hadoop/hadoop-mapreduce-client-core/3.3.1/hadoop-mapreduce-client-core-3.3.1.jar:/home/runner/.m2/repository/org/apache/avro/avro/1.7.7/avro-1.7.7.jar:/home/runner/.m2/repository/org/codehaus/jackson/jackson-core-asl/1.9.13/jackson-core-asl-1.9.13.jar:/home/runner/.m2/repository/org/codehaus/jackson/jackson-mapper-asl/1.9.13/jackson-mapper-asl-1.9.13.jar:/home/runner/.m2/repository/com/thoughtworks/paranamer/paranamer/2.3/paranamer-2.3.jar:/home/runner/.m2/repository/org/apache/hadoop/hadoop-annotations/3.3.1/hadoop-annotations-3.3.1.jar:/usr/lib/jvm/adoptopenjdk-8-hotspot-amd64/jre/../lib/tools.jar:/home/runner/.m2/repository/org/apache/hadoop/hadoop-distcp/3.3.1/hadoop-distcp-3.3.1-tests.jar:/home/runner/.m2/repository/org/apache/ratis/ratis-common/2.2.0/ratis-common-2.2.0.jar:/home/runner/.m2/repository/org/apache/ratis/ratis-thirdparty-misc/0.7.0/ratis-thirdparty-misc-0.7.0.jar:/home/runner/.m2/repository/org/apache/ratis/ratis-proto/2.2.0/ratis-proto-2.2.0.jar:"/>
    <property name="sun.cpu.endian" value="little"/>
    <property name="user.home" value="/home/runner"/>
    <property name="user.language" value="en"/>
    <property name="java.specification.vendor" value="Oracle Corporation"/>
    <property name="java.home" value="/usr/lib/jvm/adoptopenjdk-8-hotspot-amd64/jre"/>
    <property name="java.security.krb5.conf" value="/home/runner/work/ozone/ozone/hadoop-ozone/integration-test/target/test-classes/krb5.conf"/>
    <property name="basedir" value="/home/runner/work/ozone/ozone/hadoop-ozone/integration-test"/>
    <property name="file.separator" value="/"/>
    <property name="line.separator" value="&#10;"/>
    <property name="java.vm.specification.vendor" value="Oracle Corporation"/>
    <property name="java.specification.name" value="Java Platform API Specification"/>
    <property name="java.awt.graphicsenv" value="sun.awt.X11GraphicsEnvironment"/>
    <property name="skip.installnpx" value="true"/>
    <property name="surefire.real.class.path" value="/home/runner/work/ozone/ozone/hadoop-ozone/integration-test/target/surefire/surefirebooter3287564207331578641.jar:/home/runner/.m2/repository/org/jacoco/org.jacoco.agent/0.8.5/org.jacoco.agent-0.8.5-runtime.jar"/>
    <property name="hadoop.log.dir" value="/home/runner/work/ozone/ozone/hadoop-ozone/integration-test/target/log"/>
    <property name="sun.boot.class.path" value="/usr/lib/jvm/adoptopenjdk-8-hotspot-amd64/jre/lib/resources.jar:/usr/lib/jvm/adoptopenjdk-8-hotspot-amd64/jre/lib/rt.jar:/usr/lib/jvm/adoptopenjdk-8-hotspot-amd64/jre/lib/sunrsasign.jar:/usr/lib/jvm/adoptopenjdk-8-hotspot-amd64/jre/lib/jsse.jar:/usr/lib/jvm/adoptopenjdk-8-hotspot-amd64/jre/lib/jce.jar:/usr/lib/jvm/adoptopenjdk-8-hotspot-amd64/jre/lib/charsets.jar:/usr/lib/jvm/adoptopenjdk-8-hotspot-amd64/jre/lib/jfr.jar:/usr/lib/jvm/adoptopenjdk-8-hotspot-amd64/jre/classes"/>
    <property name="sun.management.compiler" value="HotSpot 64-Bit Tiered Compilers"/>
    <property name="skip.npx" value="true"/>
    <property name="java.runtime.version" value="1.8.0_292-b10"/>
    <property name="java.net.preferIPv4Stack" value="true"/>
    <property name="user.name" value="runner"/>
    <property name="path.separator" value=":"/>
    <property name="java.security.egd" value="file:///dev/urandom"/>
    <property name="os.version" value="5.4.0-1064-azure"/>
    <property name="java.endorsed.dirs" value="/usr/lib/jvm/adoptopenjdk-8-hotspot-amd64/jre/lib/endorsed"/>
    <property name="java.runtime.name" value="OpenJDK Runtime Environment"/>
    <property name="file.encoding" value="UTF-8"/>
    <property name="java.vm.name" value="OpenJDK 64-Bit Server VM"/>
    <property name="test.build.webapps" value=""/>
    <property name="localRepository" value="/home/runner/.m2/repository"/>
    <property name="java.vendor.url.bug" value="https://github.com/AdoptOpenJDK/openjdk-support/issues"/>
    <property name="java.io.tmpdir" value="/tmp"/>
    <property name="require.test.libhadoop" value=""/>
    <property name="java.version" value="1.8.0_292"/>
    <property name="user.dir" value="/home/runner/work/ozone/ozone/hadoop-ozone/integration-test"/>
    <property name="os.arch" value="amd64"/>
    <property name="java.vm.specification.name" value="Java Virtual Machine Specification"/>
    <property name="test.build.classes" value="/home/runner/work/ozone/ozone/hadoop-ozone/integration-test/target/test-classes"/>
    <property name="java.awt.printerjob" value="sun.print.PSPrinterJob"/>
    <property name="sun.os.patch.level" value="unknown"/>
    <property name="hadoop.tmp.dir" value="/home/runner/work/ozone/ozone/hadoop-ozone/integration-test/target/tmp"/>
    <property name="java.library.path" value="/usr/java/packages/lib/amd64:/usr/lib64:/lib64:/lib:/usr/lib"/>
    <property name="java.vm.info" value="mixed mode"/>
    <property name="java.vendor" value="AdoptOpenJDK"/>
    <property name="java.vm.version" value="25.292-b10"/>
    <property name="java.ext.dirs" value="/usr/lib/jvm/adoptopenjdk-8-hotspot-amd64/jre/lib/ext:/usr/java/packages/lib/ext"/>
    <property name="sun.io.unicode.encoding" value="UnicodeLittle"/>
    <property name="java.class.version" value="52.0"/>
  </properties>
  <testcase name="testInstallSnapshot" classname="org.apache.hadoop.ozone.scm.TestSCMInstallSnapshotWithHA" time="76.721"/>
  <testcase name="testInstallOldCheckpointFailure" classname="org.apache.hadoop.ozone.scm.TestSCMInstallSnapshotWithHA" time="90.015">
    <failure message="expected:&lt;(t:2, i:128)&gt; but was:&lt;(t:2, i:28)&gt;" type="java.lang.AssertionError"><![CDATA[java.lang.AssertionError: expected:<(t:2, i:128)> but was:<(t:2, i:28)>
	at org.junit.Assert.fail(Assert.java:89)
	at org.junit.Assert.failNotEquals(Assert.java:835)
	at org.junit.Assert.assertEquals(Assert.java:120)
	at org.junit.Assert.assertEquals(Assert.java:146)
	at org.apache.hadoop.ozone.scm.TestSCMInstallSnapshotWithHA.testInstallOldCheckpointFailure(TestSCMInstallSnapshotWithHA.java:207)
	at sun.reflect.NativeMethodAccessorImpl.invoke0(Native Method)
	at sun.reflect.NativeMethodAccessorImpl.invoke(NativeMethodAccessorImpl.java:62)
	at sun.reflect.DelegatingMethodAccessorImpl.invoke(DelegatingMethodAccessorImpl.java:43)
	at java.lang.reflect.Method.invoke(Method.java:498)
	at org.junit.platform.commons.util.ReflectionUtils.invokeMethod(ReflectionUtils.java:688)
	at org.junit.jupiter.engine.execution.MethodInvocation.proceed(MethodInvocation.java:60)
	at org.junit.jupiter.engine.execution.InvocationInterceptorChain$ValidatingInvocation.proceed(InvocationInterceptorChain.java:131)
	at org.junit.jupiter.engine.extension.TimeoutInvocation.proceed(TimeoutInvocation.java:46)
	at org.junit.jupiter.engine.extension.TimeoutExtension.intercept(TimeoutExtension.java:149)
	at org.junit.jupiter.engine.extension.TimeoutExtension.interceptTestableMethod(TimeoutExtension.java:140)
	at org.junit.jupiter.engine.extension.TimeoutExtension.interceptTestMethod(TimeoutExtension.java:84)
	at org.junit.jupiter.engine.execution.ExecutableInvoker$ReflectiveInterceptorCall.lambda$ofVoidMethod$0(ExecutableInvoker.java:115)
	at org.junit.jupiter.engine.execution.ExecutableInvoker.lambda$invoke$0(ExecutableInvoker.java:105)
	at org.junit.jupiter.engine.execution.InvocationInterceptorChain$InterceptedInvocation.proceed(InvocationInterceptorChain.java:106)
	at org.junit.jupiter.engine.execution.InvocationInterceptorChain.proceed(InvocationInterceptorChain.java:64)
	at org.junit.jupiter.engine.execution.InvocationInterceptorChain.chainAndInvoke(InvocationInterceptorChain.java:45)
	at org.junit.jupiter.engine.execution.InvocationInterceptorChain.invoke(InvocationInterceptorChain.java:37)
	at org.junit.jupiter.engine.execution.ExecutableInvoker.invoke(ExecutableInvoker.java:104)
	at org.junit.jupiter.engine.execution.ExecutableInvoker.invoke(ExecutableInvoker.java:98)
	at org.junit.jupiter.engine.descriptor.TestMethodTestDescriptor.lambda$invokeTestMethod$6(TestMethodTestDescriptor.java:210)
	at org.junit.platform.engine.support.hierarchical.ThrowableCollector.execute(ThrowableCollector.java:73)
	at org.junit.jupiter.engine.descriptor.TestMethodTestDescriptor.invokeTestMethod(TestMethodTestDescriptor.java:206)
	at org.junit.jupiter.engine.descriptor.TestMethodTestDescriptor.execute(TestMethodTestDescriptor.java:131)
	at org.junit.jupiter.engine.descriptor.TestMethodTestDescriptor.execute(TestMethodTestDescriptor.java:65)
	at org.junit.platform.engine.support.hierarchical.NodeTestTask.lambda$executeRecursively$5(NodeTestTask.java:139)
	at org.junit.platform.engine.support.hierarchical.ThrowableCollector.execute(ThrowableCollector.java:73)
	at org.junit.platform.engine.support.hierarchical.NodeTestTask.lambda$executeRecursively$7(NodeTestTask.java:129)
	at org.junit.platform.engine.support.hierarchical.Node.around(Node.java:137)
	at org.junit.platform.engine.support.hierarchical.NodeTestTask.lambda$executeRecursively$8(NodeTestTask.java:127)
	at org.junit.platform.engine.support.hierarchical.ThrowableCollector.execute(ThrowableCollector.java:73)
	at org.junit.platform.engine.support.hierarchical.NodeTestTask.executeRecursively(NodeTestTask.java:126)
	at org.junit.platform.engine.support.hierarchical.NodeTestTask.execute(NodeTestTask.java:84)
	at java.util.ArrayList.forEach(ArrayList.java:1259)
	at org.junit.platform.engine.support.hierarchical.SameThreadHierarchicalTestExecutorService.invokeAll(SameThreadHierarchicalTestExecutorService.java:38)
	at org.junit.platform.engine.support.hierarchical.NodeTestTask.lambda$executeRecursively$5(NodeTestTask.java:143)
	at org.junit.platform.engine.support.hierarchical.ThrowableCollector.execute(ThrowableCollector.java:73)
	at org.junit.platform.engine.support.hierarchical.NodeTestTask.lambda$executeRecursively$7(NodeTestTask.java:129)
	at org.junit.platform.engine.support.hierarchical.Node.around(Node.java:137)
	at org.junit.platform.engine.support.hierarchical.NodeTestTask.lambda$executeRecursively$8(NodeTestTask.java:127)
	at org.junit.platform.engine.support.hierarchical.ThrowableCollector.execute(ThrowableCollector.java:73)
	at org.junit.platform.engine.support.hierarchical.NodeTestTask.executeRecursively(NodeTestTask.java:126)
	at org.junit.platform.engine.support.hierarchical.NodeTestTask.execute(NodeTestTask.java:84)
	at java.util.ArrayList.forEach(ArrayList.java:1259)
	at org.junit.platform.engine.support.hierarchical.SameThreadHierarchicalTestExecutorService.invokeAll(SameThreadHierarchicalTestExecutorService.java:38)
	at org.junit.platform.engine.support.hierarchical.NodeTestTask.lambda$executeRecursively$5(NodeTestTask.java:143)
	at org.junit.platform.engine.support.hierarchical.ThrowableCollector.execute(ThrowableCollector.java:73)
	at org.junit.platform.engine.support.hierarchical.NodeTestTask.lambda$executeRecursively$7(NodeTestTask.java:129)
	at org.junit.platform.engine.support.hierarchical.Node.around(Node.java:137)
	at org.junit.platform.engine.support.hierarchical.NodeTestTask.lambda$executeRecursively$8(NodeTestTask.java:127)
	at org.junit.platform.engine.support.hierarchical.ThrowableCollector.execute(ThrowableCollector.java:73)
	at org.junit.platform.engine.support.hierarchical.NodeTestTask.executeRecursively(NodeTestTask.java:126)
	at org.junit.platform.engine.support.hierarchical.NodeTestTask.execute(NodeTestTask.java:84)
	at org.junit.platform.engine.support.hierarchical.SameThreadHierarchicalTestExecutorService.submit(SameThreadHierarchicalTestExecutorService.java:32)
	at org.junit.platform.engine.support.hierarchical.HierarchicalTestExecutor.execute(HierarchicalTestExecutor.java:57)
	at org.junit.platform.engine.support.hierarchical.HierarchicalTestEngine.execute(HierarchicalTestEngine.java:51)
	at org.junit.platform.launcher.core.EngineExecutionOrchestrator.execute(EngineExecutionOrchestrator.java:108)
	at org.junit.platform.launcher.core.EngineExecutionOrchestrator.execute(EngineExecutionOrchestrator.java:88)
	at org.junit.platform.launcher.core.EngineExecutionOrchestrator.lambda$execute$0(EngineExecutionOrchestrator.java:54)
	at org.junit.platform.launcher.core.EngineExecutionOrchestrator.withInterceptedStreams(EngineExecutionOrchestrator.java:67)
	at org.junit.platform.launcher.core.EngineExecutionOrchestrator.execute(EngineExecutionOrchestrator.java:52)
	at org.junit.platform.launcher.core.DefaultLauncher.execute(DefaultLauncher.java:96)
	at org.junit.platform.launcher.core.DefaultLauncher.execute(DefaultLauncher.java:75)
	at org.apache.maven.surefire.junitplatform.JUnitPlatformProvider.invokeAllTests(JUnitPlatformProvider.java:142)
	at org.apache.maven.surefire.junitplatform.JUnitPlatformProvider.invoke(JUnitPlatformProvider.java:113)
	at org.apache.maven.surefire.booter.ForkedBooter.invokeProviderInSameClassLoader(ForkedBooter.java:384)
	at org.apache.maven.surefire.booter.ForkedBooter.runSuitesInProcess(ForkedBooter.java:345)
	at org.apache.maven.surefire.booter.ForkedBooter.execute(ForkedBooter.java:126)
	at org.apache.maven.surefire.booter.ForkedBooter.main(ForkedBooter.java:418)
]]></failure>
    <system-out><![CDATA[2022-01-02 13:17:08,385 [Listener at 127.0.0.1/12080] WARN  server.ServerUtils (ServerUtils.java:getScmDbDir(148)) - ozone.scm.db.dirs is not configured. We recommend adding this setting. Falling back to ozone.metadata.dirs instead.
2022-01-02 13:17:08,386 [Listener at 127.0.0.1/12080] INFO  ha.SCMHANodeDetails (SCMHANodeDetails.java:loadSCMHAConfig(157)) - ServiceID for StorageContainerManager is scm-service-test1
2022-01-02 13:17:08,386 [Listener at 127.0.0.1/12080] INFO  ha.SCMHANodeDetails (SCMHANodeDetails.java:loadSCMHAConfig(168)) - ServiceID for StorageContainerManager is scm-service-test1
2022-01-02 13:17:08,386 [Listener at 127.0.0.1/12080] WARN  scm.ScmUtils (ScmUtils.java:logWarn(179)) - ConfigKey ozone.scm.block.client.address is deprecated, For configuring different ports for each SCM use PortConfigKey ozone.scm.block.client.port appended with serviceId and nodeId. If want to configure same port configure ozone.scm.block.client.port
2022-01-02 13:17:08,386 [Listener at 127.0.0.1/12080] WARN  scm.ScmUtils (ScmUtils.java:logWarn(179)) - ConfigKey ozone.scm.client.address is deprecated, For configuring different ports for each SCM use PortConfigKey ozone.scm.client.port appended with serviceId and nodeId. If want to configure same port configure ozone.scm.client.port
2022-01-02 13:17:08,386 [Listener at 127.0.0.1/12080] WARN  scm.ScmUtils (ScmUtils.java:logWarn(179)) - ConfigKey ozone.scm.datanode.address is deprecated, For configuring different ports for each SCM use PortConfigKey ozone.scm.datanode.port appended with serviceId and nodeId. If want to configure same port configure ozone.scm.datanode.port
2022-01-02 13:17:08,388 [Listener at 127.0.0.1/12080] WARN  scm.ScmUtils (ScmUtils.java:logWarn(179)) - ConfigKey ozone.scm.block.client.address is deprecated, For configuring different ports for each SCM use PortConfigKey ozone.scm.block.client.port appended with serviceId and nodeId. If want to configure same port configure ozone.scm.block.client.port
2022-01-02 13:17:08,390 [Listener at 127.0.0.1/12080] WARN  scm.ScmUtils (ScmUtils.java:logWarn(179)) - ConfigKey ozone.scm.client.address is deprecated, For configuring different ports for each SCM use PortConfigKey ozone.scm.client.port appended with serviceId and nodeId. If want to configure same port configure ozone.scm.client.port
2022-01-02 13:17:08,390 [Listener at 127.0.0.1/12080] WARN  scm.ScmUtils (ScmUtils.java:logWarn(179)) - ConfigKey ozone.scm.datanode.address is deprecated, For configuring different ports for each SCM use PortConfigKey ozone.scm.datanode.port appended with serviceId and nodeId. If want to configure same port configure ozone.scm.datanode.port
2022-01-02 13:17:08,391 [Listener at 127.0.0.1/12080] INFO  ha.SCMHANodeDetails (SCMHANodeDetails.java:loadSCMHAConfig(250)) - Found matching SCM address with SCMServiceId: scm-service-test1, SCMNodeId: scmNode-1, RPC Address: localhost:14340 and Ratis port: 14340
2022-01-02 13:17:08,391 [Listener at 127.0.0.1/12080] INFO  ha.SCMHANodeDetails (ConfUtils.java:setNodeSpecificConfigs(108)) - Setting configuration key ozone.scm.datanode.address with value of key ozone.scm.datanode.address.scm-service-test1.scmNode-1: 127.0.0.1:14341
2022-01-02 13:17:08,391 [Listener at 127.0.0.1/12080] INFO  ha.SCMHANodeDetails (ConfUtils.java:setNodeSpecificConfigs(108)) - Setting configuration key ozone.scm.block.client.address with value of key ozone.scm.block.client.address.scm-service-test1.scmNode-1: 127.0.0.1:14342
2022-01-02 13:17:08,391 [Listener at 127.0.0.1/12080] INFO  ha.SCMHANodeDetails (ConfUtils.java:setNodeSpecificConfigs(108)) - Setting configuration key ozone.scm.client.address with value of key ozone.scm.client.address.scm-service-test1.scmNode-1: 127.0.0.1:14343
2022-01-02 13:17:08,391 [Listener at 127.0.0.1/12080] INFO  ha.SCMHANodeDetails (ConfUtils.java:setNodeSpecificConfigs(108)) - Setting configuration key ozone.scm.ratis.port with value of key ozone.scm.ratis.port.scm-service-test1.scmNode-1: 14340
2022-01-02 13:17:08,391 [Listener at 127.0.0.1/12080] INFO  ha.SCMHANodeDetails (ConfUtils.java:setNodeSpecificConfigs(108)) - Setting configuration key ozone.scm.grpc.port with value of key ozone.scm.grpc.port.scm-service-test1.scmNode-1: 14344
2022-01-02 13:17:08,391 [Listener at 127.0.0.1/12080] INFO  ha.SCMHANodeDetails (ConfUtils.java:setNodeSpecificConfigs(108)) - Setting configuration key ozone.scm.http-address with value of key ozone.scm.http-address.scm-service-test1.scmNode-1: 127.0.0.1:14338
2022-01-02 13:17:08,391 [Listener at 127.0.0.1/12080] INFO  ha.SCMHANodeDetails (ConfUtils.java:setNodeSpecificConfigs(108)) - Setting configuration key ozone.scm.https-address with value of key ozone.scm.https-address.scm-service-test1.scmNode-1: 127.0.0.1:14339
2022-01-02 13:17:08,392 [Listener at 127.0.0.1/12080] INFO  ha.SCMHANodeDetails (ConfUtils.java:setNodeSpecificConfigs(108)) - Setting configuration key ozone.scm.address with value of key ozone.scm.address.scm-service-test1.scmNode-1: 127.0.0.1
2022-01-02 13:17:08,392 [Listener at 127.0.0.1/12080] WARN  scm.ScmUtils (ScmUtils.java:logWarn(179)) - ConfigKey ozone.scm.block.client.address is deprecated, For configuring different ports for each SCM use PortConfigKey ozone.scm.block.client.port appended with serviceId and nodeId. If want to configure same port configure ozone.scm.block.client.port
2022-01-02 13:17:08,392 [Listener at 127.0.0.1/12080] WARN  scm.ScmUtils (ScmUtils.java:logWarn(179)) - ConfigKey ozone.scm.client.address is deprecated, For configuring different ports for each SCM use PortConfigKey ozone.scm.client.port appended with serviceId and nodeId. If want to configure same port configure ozone.scm.client.port
2022-01-02 13:17:08,392 [Listener at 127.0.0.1/12080] WARN  scm.ScmUtils (ScmUtils.java:logWarn(179)) - ConfigKey ozone.scm.datanode.address is deprecated, For configuring different ports for each SCM use PortConfigKey ozone.scm.datanode.port appended with serviceId and nodeId. If want to configure same port configure ozone.scm.datanode.port
2022-01-02 13:17:08,398 [Listener at 127.0.0.1/12080] INFO  server.RaftServer (ConfUtils.java:logGet(44)) - raft.rpc.type = GRPC (default)
2022-01-02 13:17:08,399 [Listener at 127.0.0.1/12080] INFO  grpc.GrpcFactory (GrpcFactory.java:checkPooledByteBufAllocatorUseCacheForAllThreads(48)) - PERFORMANCE WARNING: useCacheForAllThreads is true that may cause Netty to create a lot garbage objects and, as a result, trigger GC.
	It is recommended to disable useCacheForAllThreads by setting -Dorg.apache.ratis.thirdparty.io.netty.allocator.useCacheForAllThreads=false in command line.
2022-01-02 13:17:08,399 [Listener at 127.0.0.1/12080] INFO  grpc.GrpcConfigKeys (ConfUtils.java:logGet(44)) - raft.grpc.admin.port = -1 (default)
2022-01-02 13:17:08,399 [Listener at 127.0.0.1/12080] INFO  grpc.GrpcConfigKeys (ConfUtils.java:logGet(44)) - raft.grpc.server.port = 14340 (custom)
2022-01-02 13:17:08,399 [Listener at 127.0.0.1/12080] INFO  grpc.GrpcConfigKeys (ConfUtils.java:logGet(44)) - raft.grpc.client.port = -1 (default)
2022-01-02 13:17:08,399 [Listener at 127.0.0.1/12080] INFO  grpc.GrpcConfigKeys (ConfUtils.java:logGet(44)) - raft.grpc.server.port = 14340 (custom)
2022-01-02 13:17:08,401 [Listener at 127.0.0.1/12080] INFO  grpc.GrpcConfigKeys (ConfUtils.java:logGet(44)) - raft.grpc.server.port = 14340 (custom)
2022-01-02 13:17:08,401 [Listener at 127.0.0.1/12080] INFO  server.GrpcService (ConfUtils.java:logGet(44)) - raft.grpc.message.size.max = 32m (=33554432) (custom)
2022-01-02 13:17:08,402 [Listener at 127.0.0.1/12080] INFO  server.RaftServerConfigKeys (ConfUtils.java:logGet(44)) - raft.server.log.appender.buffer.byte-limit = 33554432 (custom)
2022-01-02 13:17:08,402 [Listener at 127.0.0.1/12080] INFO  server.GrpcService (ConfUtils.java:logGet(44)) - raft.grpc.flow.control.window = 1MB (=1048576) (default)
2022-01-02 13:17:08,402 [Listener at 127.0.0.1/12080] INFO  server.RaftServerConfigKeys (ConfUtils.java:logGet(44)) - raft.server.rpc.request.timeout = 30000ms (custom)
2022-01-02 13:17:08,405 [Listener at 127.0.0.1/12080] INFO  impl.DataStreamServerImpl (ConfUtils.java:logGet(44)) - raft.datastream.type = DISABLED (default)
2022-01-02 13:17:08,406 [Listener at 127.0.0.1/12080] INFO  server.RaftServerConfigKeys (ConfUtils.java:logGet(44)) - raft.server.rpc.slowness.timeout = 120000ms (custom)
2022-01-02 13:17:08,406 [Listener at 127.0.0.1/12080] INFO  server.RaftServerConfigKeys (ConfUtils.java:logGet(44)) - raft.server.leaderelection.leader.step-down.wait-time = 10s (default)
2022-01-02 13:17:08,406 [Listener at 127.0.0.1/12080] INFO  server.RaftServerConfigKeys (ConfUtils.java:logGet(44)) - raft.server.storage.dir = [/home/runner/work/ozone/ozone/hadoop-ozone/integration-test/target/test-dir/MiniOzoneClusterImpl-c1c80f75-2e15-44e6-8b98-5d8eb23efd07/scmNode-1/scm-ha] (custom)
2022-01-02 13:17:08,406 [Listener at 127.0.0.1/12080] INFO  server.RaftServer (RaftServerProxy.java:addNew(95)) - 5af0e6f8-e325-4784-8af8-34780179857f: addNew group-5D8EB23EFD07:[5af0e6f8-e325-4784-8af8-34780179857f|rpc:localhost:14340|priority:0] returns group-5D8EB23EFD07:java.util.concurrent.CompletableFuture@46245500[Not completed]
2022-01-02 13:17:08,407 [pool-195-thread-1] INFO  server.RaftServer$Division (RaftServerImpl.java:<init>(184)) - 5af0e6f8-e325-4784-8af8-34780179857f: new RaftServerImpl for group-5D8EB23EFD07:[5af0e6f8-e325-4784-8af8-34780179857f|rpc:localhost:14340|priority:0] with SCMStateMachine:uninitialized
2022-01-02 13:17:08,407 [pool-195-thread-1] INFO  server.RaftServerConfigKeys (ConfUtils.java:logGet(44)) - raft.server.rpc.timeout.min = 5000ms (custom)
2022-01-02 13:17:08,409 [pool-195-thread-1] INFO  server.RaftServerConfigKeys (ConfUtils.java:logGet(44)) - raft.server.rpc.timeout.max = 5200ms (custom)
2022-01-02 13:17:08,409 [pool-195-thread-1] INFO  server.RaftServerConfigKeys (ConfUtils.java:logGet(44)) - raft.server.rpc.sleep.time = 25ms (default)
2022-01-02 13:17:08,409 [pool-195-thread-1] INFO  server.RaftServerConfigKeys (ConfUtils.java:logGet(44)) - raft.server.rpc.slowness.timeout = 120000ms (custom)
2022-01-02 13:17:08,409 [pool-195-thread-1] INFO  server.RaftServerConfigKeys (ConfUtils.java:logGet(44)) - raft.server.leaderelection.leader.step-down.wait-time = 10s (default)
2022-01-02 13:17:08,410 [pool-195-thread-1] INFO  server.RaftServerConfigKeys (ConfUtils.java:logGet(44)) - raft.server.sleep.deviation.threshold = 300ms (default)
2022-01-02 13:17:08,410 [pool-195-thread-1] INFO  server.RaftServerConfigKeys (ConfUtils.java:logGet(44)) - raft.server.log.appender.install.snapshot.enabled = false (custom)
2022-01-02 13:17:08,410 [pool-195-thread-1] INFO  server.RaftServer$Division (ServerState.java:<init>(105)) - 5af0e6f8-e325-4784-8af8-34780179857f@group-5D8EB23EFD07: ConfigurationManager, init=-1: [5af0e6f8-e325-4784-8af8-34780179857f|rpc:localhost:14340|priority:0], old=null, confs=<EMPTY_MAP>
2022-01-02 13:17:08,410 [pool-195-thread-1] INFO  server.RaftServerConfigKeys (ConfUtils.java:logGet(44)) - raft.server.storage.dir = [/home/runner/work/ozone/ozone/hadoop-ozone/integration-test/target/test-dir/MiniOzoneClusterImpl-c1c80f75-2e15-44e6-8b98-5d8eb23efd07/scmNode-1/scm-ha] (custom)
2022-01-02 13:17:08,410 [pool-195-thread-1] INFO  server.RaftServerConfigKeys (ConfUtils.java:logGet(44)) - raft.server.log.corruption.policy = EXCEPTION (default)
2022-01-02 13:17:08,410 [pool-195-thread-1] INFO  server.RaftServerConfigKeys (ConfUtils.java:logGet(44)) - raft.server.storage.free-space.min = 0MB (=0) (default)
2022-01-02 13:17:08,410 [pool-195-thread-1] INFO  storage.RaftStorageDirectory (RaftStorageDirectoryImpl.java:analyzeStorage(135)) - The storage directory /home/runner/work/ozone/ozone/hadoop-ozone/integration-test/target/test-dir/MiniOzoneClusterImpl-c1c80f75-2e15-44e6-8b98-5d8eb23efd07/scmNode-1/scm-ha/c1c80f75-2e15-44e6-8b98-5d8eb23efd07 does not exist. Creating ...
2022-01-02 13:17:08,414 [pool-195-thread-1] INFO  storage.RaftStorageDirectory (RaftStorageDirectoryImpl.java:tryLock(230)) - Lock on /home/runner/work/ozone/ozone/hadoop-ozone/integration-test/target/test-dir/MiniOzoneClusterImpl-c1c80f75-2e15-44e6-8b98-5d8eb23efd07/scmNode-1/scm-ha/c1c80f75-2e15-44e6-8b98-5d8eb23efd07/in_use.lock acquired by nodename 7823@fv-az195-8
2022-01-02 13:17:08,415 [pool-195-thread-1] INFO  storage.RaftStorage (RaftStorageImpl.java:format(89)) - Storage directory /home/runner/work/ozone/ozone/hadoop-ozone/integration-test/target/test-dir/MiniOzoneClusterImpl-c1c80f75-2e15-44e6-8b98-5d8eb23efd07/scmNode-1/scm-ha/c1c80f75-2e15-44e6-8b98-5d8eb23efd07 has been successfully formatted.
2022-01-02 13:17:08,415 [pool-195-thread-1] INFO  server.RaftServerConfigKeys (ConfUtils.java:logGet(44)) - raft.server.notification.no-leader.timeout = 60s (default)
2022-01-02 13:17:08,415 [pool-195-thread-1] INFO  server.RaftServerConfigKeys (ConfUtils.java:logGet(44)) - raft.server.log.use.memory = false (default)
2022-01-02 13:17:08,415 [pool-195-thread-1] INFO  server.RaftServerConfigKeys (ConfUtils.java:logGet(44)) - raft.server.log.purge.gap = 5 (custom)
2022-01-02 13:17:08,415 [pool-195-thread-1] INFO  server.RaftServerConfigKeys (ConfUtils.java:logGet(44)) - raft.server.log.appender.buffer.byte-limit = 33554432 (custom)
2022-01-02 13:17:08,425 [pool-195-thread-1] INFO  server.RaftServerConfigKeys (ConfUtils.java:logGet(44)) - raft.server.log.segment.size.max = 4194304 (custom)
2022-01-02 13:17:08,426 [pool-195-thread-1] INFO  server.RaftServerConfigKeys (ConfUtils.java:logGet(44)) - raft.server.log.segment.cache.num.max = 2 (custom)
2022-01-02 13:17:08,426 [pool-195-thread-1] INFO  server.RaftServerConfigKeys (ConfUtils.java:logGet(44)) - raft.server.log.segment.cache.size.max = 200MB (=209715200) (default)
2022-01-02 13:17:08,426 [pool-195-thread-1] INFO  segmented.SegmentedRaftLogWorker (SegmentedRaftLogWorker.java:<init>(182)) - new 5af0e6f8-e325-4784-8af8-34780179857f@group-5D8EB23EFD07-SegmentedRaftLogWorker for RaftStorageImpl:Storage Directory /home/runner/work/ozone/ozone/hadoop-ozone/integration-test/target/test-dir/MiniOzoneClusterImpl-c1c80f75-2e15-44e6-8b98-5d8eb23efd07/scmNode-1/scm-ha/c1c80f75-2e15-44e6-8b98-5d8eb23efd07
2022-01-02 13:17:08,426 [pool-195-thread-1] INFO  server.RaftServerConfigKeys (ConfUtils.java:logGet(44)) - raft.server.log.queue.byte-limit = 64MB (=67108864) (default)
2022-01-02 13:17:08,426 [pool-195-thread-1] INFO  server.RaftServerConfigKeys (ConfUtils.java:logGet(44)) - raft.server.log.queue.element-limit = 4096 (default)
2022-01-02 13:17:08,426 [pool-195-thread-1] INFO  server.RaftServerConfigKeys (ConfUtils.java:logGet(44)) - raft.server.log.segment.size.max = 4194304 (custom)
2022-01-02 13:17:08,426 [pool-195-thread-1] INFO  server.RaftServerConfigKeys (ConfUtils.java:logGet(44)) - raft.server.log.preallocated.size = 4194304 (custom)
2022-01-02 13:17:08,426 [pool-195-thread-1] INFO  server.RaftServerConfigKeys (ConfUtils.java:logGet(44)) - raft.server.log.force.sync.num = 128 (default)
2022-01-02 13:17:08,426 [pool-195-thread-1] INFO  server.RaftServerConfigKeys (ConfUtils.java:logGet(44)) - raft.server.log.statemachine.data.sync = true (default)
2022-01-02 13:17:08,426 [pool-195-thread-1] INFO  server.RaftServerConfigKeys (ConfUtils.java:logGet(44)) - raft.server.log.statemachine.data.sync.timeout = 10s (default)
2022-01-02 13:17:08,426 [pool-195-thread-1] INFO  server.RaftServerConfigKeys (ConfUtils.java:logGet(44)) - raft.server.log.statemachine.data.sync.timeout.retry = -1 (default)
2022-01-02 13:17:08,427 [pool-195-thread-1] INFO  server.RaftServerConfigKeys (ConfUtils.java:logGet(44)) - raft.server.log.write.buffer.size = 64KB (=65536) (default)
2022-01-02 13:17:08,427 [pool-195-thread-1] INFO  server.RaftServerConfigKeys (ConfUtils.java:logGet(44)) - raft.server.log.statemachine.data.caching.enabled = false (default)
2022-01-02 13:17:08,427 [pool-195-thread-1] INFO  segmented.SegmentedRaftLogWorker (SegmentedRaftLogWorker.java:lambda$new$0(133)) - 5af0e6f8-e325-4784-8af8-34780179857f@group-5D8EB23EFD07-SegmentedRaftLogWorker: flushIndex: setUnconditionally 0 -> -1
2022-01-02 13:17:08,427 [pool-195-thread-1] INFO  segmented.SegmentedRaftLogWorker (SegmentedRaftLogWorker.java:lambda$new$0(133)) - 5af0e6f8-e325-4784-8af8-34780179857f@group-5D8EB23EFD07-SegmentedRaftLogWorker: safeCacheEvictIndex: setUnconditionally 0 -> -1
2022-01-02 13:17:08,434 [pool-195-thread-1] INFO  server.RaftServerConfigKeys (ConfUtils.java:logGet(44)) - raft.server.snapshot.auto.trigger.enabled = true (custom)
2022-01-02 13:17:08,434 [pool-195-thread-1] INFO  server.RaftServerConfigKeys (ConfUtils.java:logGet(44)) - raft.server.snapshot.auto.trigger.threshold = 5 (custom)
2022-01-02 13:17:08,434 [pool-195-thread-1] INFO  server.RaftServerConfigKeys (ConfUtils.java:logGet(44)) - raft.server.snapshot.retention.file.num = -1 (default)
2022-01-02 13:17:08,434 [pool-195-thread-1] INFO  server.RaftServerConfigKeys (ConfUtils.java:logGet(44)) - raft.server.log.purge.upto.snapshot.index = true (custom)
2022-01-02 13:17:08,434 [pool-195-thread-1] INFO  server.RaftServerConfigKeys (ConfUtils.java:logGet(44)) - raft.server.retrycache.expirytime = 60000ms (default)
2022-01-02 13:17:08,434 [pool-195-thread-1] INFO  server.RaftServerConfigKeys (ConfUtils.java:logGet(44)) - raft.server.retrycache.statistics.expirytime = 100μs (default)
2022-01-02 13:17:08,435 [Listener at 127.0.0.1/12080] INFO  server.RaftServer$Division (RaftServerImpl.java:start(301)) - 5af0e6f8-e325-4784-8af8-34780179857f@group-5D8EB23EFD07: start as a follower, conf=-1: [5af0e6f8-e325-4784-8af8-34780179857f|rpc:localhost:14340|priority:0], old=null
2022-01-02 13:17:08,435 [Listener at 127.0.0.1/12080] INFO  server.RaftServer$Division (RaftServerImpl.java:setRole(290)) - 5af0e6f8-e325-4784-8af8-34780179857f@group-5D8EB23EFD07: changes role from      null to FOLLOWER at term 0 for startAsFollower
2022-01-02 13:17:08,436 [Listener at 127.0.0.1/12080] INFO  impl.RoleInfo (RoleInfo.java:updateAndGet(130)) - 5af0e6f8-e325-4784-8af8-34780179857f: start 5af0e6f8-e325-4784-8af8-34780179857f@group-5D8EB23EFD07-FollowerState
2022-01-02 13:17:08,441 [Listener at 127.0.0.1/12080] INFO  util.JmxRegister (JmxRegister.java:tryRegister(44)) - Successfully registered JMX Bean with object name Ratis:service=RaftServer,group=group-5D8EB23EFD07,id=5af0e6f8-e325-4784-8af8-34780179857f
2022-01-02 13:17:08,453 [Listener at 127.0.0.1/12080] INFO  server.RaftServer (RaftServerProxy.java:lambda$start$5(374)) - 5af0e6f8-e325-4784-8af8-34780179857f: start RPC server
2022-01-02 13:17:08,462 [Listener at 127.0.0.1/12080] INFO  server.GrpcService (GrpcService.java:startImpl(253)) - 5af0e6f8-e325-4784-8af8-34780179857f: GrpcService started, listening on 14340
2022-01-02 13:17:08,469 [org.apache.ratis.util.JvmPauseMonitor$$Lambda$499/1697441364@27169a80] INFO  util.JvmPauseMonitor (JvmPauseMonitor.java:run(103)) - JvmPauseMonitor-5af0e6f8-e325-4784-8af8-34780179857f: Started
2022-01-02 13:17:09,155 [EndpointStateMachine task thread for /127.0.0.1:14995 - 0 ] INFO  ipc.Client (Client.java:handleConnectionFailure(977)) - Retrying connect to server: localhost/127.0.0.1:14995. Already tried 4 time(s); retry policy is RetryUpToMaximumCountWithFixedSleep(maxRetries=15, sleepTime=1000 MILLISECONDS)
2022-01-02 13:17:09,157 [EndpointStateMachine task thread for /127.0.0.1:15005 - 0 ] INFO  ipc.Client (Client.java:handleConnectionFailure(977)) - Retrying connect to server: localhost/127.0.0.1:15005. Already tried 7 time(s); retry policy is RetryUpToMaximumCountWithFixedSleep(maxRetries=15, sleepTime=1000 MILLISECONDS)
2022-01-02 13:17:09,180 [EndpointStateMachine task thread for /127.0.0.1:14985 - 0 ] INFO  ipc.Client (Client.java:handleConnectionFailure(977)) - Retrying connect to server: localhost/127.0.0.1:14985. Already tried 7 time(s); retry policy is RetryUpToMaximumCountWithFixedSleep(maxRetries=15, sleepTime=1000 MILLISECONDS)
2022-01-02 13:17:10,156 [EndpointStateMachine task thread for /127.0.0.1:14995 - 0 ] INFO  ipc.Client (Client.java:handleConnectionFailure(977)) - Retrying connect to server: localhost/127.0.0.1:14995. Already tried 5 time(s); retry policy is RetryUpToMaximumCountWithFixedSleep(maxRetries=15, sleepTime=1000 MILLISECONDS)
2022-01-02 13:17:10,158 [EndpointStateMachine task thread for /127.0.0.1:15005 - 0 ] INFO  ipc.Client (Client.java:handleConnectionFailure(977)) - Retrying connect to server: localhost/127.0.0.1:15005. Already tried 8 time(s); retry policy is RetryUpToMaximumCountWithFixedSleep(maxRetries=15, sleepTime=1000 MILLISECONDS)
2022-01-02 13:17:10,180 [EndpointStateMachine task thread for /127.0.0.1:14985 - 0 ] INFO  ipc.Client (Client.java:handleConnectionFailure(977)) - Retrying connect to server: localhost/127.0.0.1:14985. Already tried 8 time(s); retry policy is RetryUpToMaximumCountWithFixedSleep(maxRetries=15, sleepTime=1000 MILLISECONDS)
2022-01-02 13:17:11,156 [EndpointStateMachine task thread for /127.0.0.1:14995 - 0 ] INFO  ipc.Client (Client.java:handleConnectionFailure(977)) - Retrying connect to server: localhost/127.0.0.1:14995. Already tried 6 time(s); retry policy is RetryUpToMaximumCountWithFixedSleep(maxRetries=15, sleepTime=1000 MILLISECONDS)
2022-01-02 13:17:11,158 [EndpointStateMachine task thread for /127.0.0.1:15005 - 0 ] INFO  ipc.Client (Client.java:handleConnectionFailure(977)) - Retrying connect to server: localhost/127.0.0.1:15005. Already tried 9 time(s); retry policy is RetryUpToMaximumCountWithFixedSleep(maxRetries=15, sleepTime=1000 MILLISECONDS)
2022-01-02 13:17:11,180 [EndpointStateMachine task thread for /127.0.0.1:14985 - 0 ] INFO  ipc.Client (Client.java:handleConnectionFailure(977)) - Retrying connect to server: localhost/127.0.0.1:14985. Already tried 9 time(s); retry policy is RetryUpToMaximumCountWithFixedSleep(maxRetries=15, sleepTime=1000 MILLISECONDS)
2022-01-02 13:17:12,157 [EndpointStateMachine task thread for /127.0.0.1:14995 - 0 ] INFO  ipc.Client (Client.java:handleConnectionFailure(977)) - Retrying connect to server: localhost/127.0.0.1:14995. Already tried 7 time(s); retry policy is RetryUpToMaximumCountWithFixedSleep(maxRetries=15, sleepTime=1000 MILLISECONDS)
2022-01-02 13:17:12,158 [EndpointStateMachine task thread for /127.0.0.1:15005 - 0 ] INFO  ipc.Client (Client.java:handleConnectionFailure(977)) - Retrying connect to server: localhost/127.0.0.1:15005. Already tried 10 time(s); retry policy is RetryUpToMaximumCountWithFixedSleep(maxRetries=15, sleepTime=1000 MILLISECONDS)
2022-01-02 13:17:12,181 [EndpointStateMachine task thread for /127.0.0.1:14985 - 0 ] INFO  ipc.Client (Client.java:handleConnectionFailure(977)) - Retrying connect to server: localhost/127.0.0.1:14985. Already tried 10 time(s); retry policy is RetryUpToMaximumCountWithFixedSleep(maxRetries=15, sleepTime=1000 MILLISECONDS)
2022-01-02 13:17:13,158 [EndpointStateMachine task thread for /127.0.0.1:14995 - 0 ] INFO  ipc.Client (Client.java:handleConnectionFailure(977)) - Retrying connect to server: localhost/127.0.0.1:14995. Already tried 8 time(s); retry policy is RetryUpToMaximumCountWithFixedSleep(maxRetries=15, sleepTime=1000 MILLISECONDS)
2022-01-02 13:17:13,159 [EndpointStateMachine task thread for /127.0.0.1:15005 - 0 ] INFO  ipc.Client (Client.java:handleConnectionFailure(977)) - Retrying connect to server: localhost/127.0.0.1:15005. Already tried 11 time(s); retry policy is RetryUpToMaximumCountWithFixedSleep(maxRetries=15, sleepTime=1000 MILLISECONDS)
2022-01-02 13:17:13,181 [EndpointStateMachine task thread for /127.0.0.1:14985 - 0 ] INFO  ipc.Client (Client.java:handleConnectionFailure(977)) - Retrying connect to server: localhost/127.0.0.1:14985. Already tried 11 time(s); retry policy is RetryUpToMaximumCountWithFixedSleep(maxRetries=15, sleepTime=1000 MILLISECONDS)
2022-01-02 13:17:13,445 [5af0e6f8-e325-4784-8af8-34780179857f@group-5D8EB23EFD07-FollowerState] INFO  impl.FollowerState (FollowerState.java:run(134)) - 5af0e6f8-e325-4784-8af8-34780179857f@group-5D8EB23EFD07-FollowerState: change to CANDIDATE, lastRpcElapsedTime:5009689661ns, electionTimeout:5003ms
2022-01-02 13:17:13,446 [5af0e6f8-e325-4784-8af8-34780179857f@group-5D8EB23EFD07-FollowerState] INFO  impl.RoleInfo (RoleInfo.java:shutdownFollowerState(108)) - 5af0e6f8-e325-4784-8af8-34780179857f: shutdown 5af0e6f8-e325-4784-8af8-34780179857f@group-5D8EB23EFD07-FollowerState
2022-01-02 13:17:13,446 [5af0e6f8-e325-4784-8af8-34780179857f@group-5D8EB23EFD07-FollowerState] INFO  server.RaftServer$Division (RaftServerImpl.java:setRole(290)) - 5af0e6f8-e325-4784-8af8-34780179857f@group-5D8EB23EFD07: changes role from  FOLLOWER to CANDIDATE at term 0 for changeToCandidate
2022-01-02 13:17:13,446 [5af0e6f8-e325-4784-8af8-34780179857f@group-5D8EB23EFD07-FollowerState] INFO  server.RaftServerConfigKeys (ConfUtils.java:logGet(44)) - raft.server.leaderelection.pre-vote = false (custom)
2022-01-02 13:17:13,446 [5af0e6f8-e325-4784-8af8-34780179857f@group-5D8EB23EFD07-FollowerState] INFO  impl.RoleInfo (RoleInfo.java:updateAndGet(130)) - 5af0e6f8-e325-4784-8af8-34780179857f: start 5af0e6f8-e325-4784-8af8-34780179857f@group-5D8EB23EFD07-LeaderElection14
2022-01-02 13:17:13,472 [5af0e6f8-e325-4784-8af8-34780179857f@group-5D8EB23EFD07-LeaderElection14] INFO  impl.LeaderElection (LeaderElection.java:askForVotes(306)) - 5af0e6f8-e325-4784-8af8-34780179857f@group-5D8EB23EFD07-LeaderElection14 ELECTION round 0: submit vote requests at term 1 for -1: [5af0e6f8-e325-4784-8af8-34780179857f|rpc:localhost:14340|priority:0], old=null
2022-01-02 13:17:13,472 [5af0e6f8-e325-4784-8af8-34780179857f@group-5D8EB23EFD07-LeaderElection14] INFO  impl.LeaderElection (LeaderElection.java:askForVotes(308)) - 5af0e6f8-e325-4784-8af8-34780179857f@group-5D8EB23EFD07-LeaderElection14 ELECTION round 0: result PASSED (term=1)
2022-01-02 13:17:13,472 [5af0e6f8-e325-4784-8af8-34780179857f@group-5D8EB23EFD07-LeaderElection14] INFO  impl.RoleInfo (RoleInfo.java:shutdownLeaderElection(121)) - 5af0e6f8-e325-4784-8af8-34780179857f: shutdown 5af0e6f8-e325-4784-8af8-34780179857f@group-5D8EB23EFD07-LeaderElection14
2022-01-02 13:17:13,472 [5af0e6f8-e325-4784-8af8-34780179857f@group-5D8EB23EFD07-LeaderElection14] INFO  server.RaftServer$Division (RaftServerImpl.java:setRole(290)) - 5af0e6f8-e325-4784-8af8-34780179857f@group-5D8EB23EFD07: changes role from CANDIDATE to LEADER at term 1 for changeToLeader
2022-01-02 13:17:13,472 [5af0e6f8-e325-4784-8af8-34780179857f@group-5D8EB23EFD07-LeaderElection14] INFO  server.RaftServer$Division (ServerState.java:setLeader(285)) - 5af0e6f8-e325-4784-8af8-34780179857f@group-5D8EB23EFD07: change Leader from null to 5af0e6f8-e325-4784-8af8-34780179857f at term 1 for becomeLeader, leader elected after 5057ms
2022-01-02 13:17:13,472 [5af0e6f8-e325-4784-8af8-34780179857f@group-5D8EB23EFD07-LeaderElection14] INFO  server.RaftServerConfigKeys (ConfUtils.java:logGet(44)) - raft.server.staging.catchup.gap = 1000 (default)
2022-01-02 13:17:13,473 [5af0e6f8-e325-4784-8af8-34780179857f@group-5D8EB23EFD07-LeaderElection14] INFO  server.RaftServerConfigKeys (ConfUtils.java:logGet(44)) - raft.server.write.element-limit = 4096 (default)
2022-01-02 13:17:13,473 [5af0e6f8-e325-4784-8af8-34780179857f@group-5D8EB23EFD07-LeaderElection14] INFO  server.RaftServerConfigKeys (ConfUtils.java:logGet(44)) - raft.server.write.byte-limit = 64MB (=67108864) (default)
2022-01-02 13:17:13,473 [5af0e6f8-e325-4784-8af8-34780179857f@group-5D8EB23EFD07-LeaderElection14] INFO  server.RaftServerConfigKeys (ConfUtils.java:logGet(44)) - raft.server.watch.timeout = 10s (default)
2022-01-02 13:17:13,473 [5af0e6f8-e325-4784-8af8-34780179857f@group-5D8EB23EFD07-LeaderElection14] INFO  server.RaftServerConfigKeys (ConfUtils.java:logGet(44)) - raft.server.watch.timeout.denomination = 1s (default)
2022-01-02 13:17:13,473 [5af0e6f8-e325-4784-8af8-34780179857f@group-5D8EB23EFD07-LeaderElection14] INFO  server.RaftServerConfigKeys (ConfUtils.java:logGet(44)) - raft.server.watch.element-limit = 65536 (default)
2022-01-02 13:17:13,473 [5af0e6f8-e325-4784-8af8-34780179857f@group-5D8EB23EFD07-LeaderElection14] INFO  server.RaftServerConfigKeys (ConfUtils.java:logGet(44)) - raft.server.write.element-limit = 4096 (default)
2022-01-02 13:17:13,473 [5af0e6f8-e325-4784-8af8-34780179857f@group-5D8EB23EFD07-LeaderElection14] INFO  server.RaftServerConfigKeys (ConfUtils.java:logGet(44)) - raft.server.write.follower.gap.ratio.max = -1.0 (default)
2022-01-02 13:17:13,473 [5af0e6f8-e325-4784-8af8-34780179857f@group-5D8EB23EFD07-LeaderElection14] INFO  impl.RoleInfo (RoleInfo.java:updateAndGet(130)) - 5af0e6f8-e325-4784-8af8-34780179857f: start 5af0e6f8-e325-4784-8af8-34780179857f@group-5D8EB23EFD07-LeaderStateImpl
2022-01-02 13:17:13,473 [5af0e6f8-e325-4784-8af8-34780179857f@group-5D8EB23EFD07-LeaderElection14] INFO  segmented.SegmentedRaftLogWorker (SegmentedRaftLogWorker.java:startLogSegment(394)) - 5af0e6f8-e325-4784-8af8-34780179857f@group-5D8EB23EFD07-SegmentedRaftLogWorker: Starting segment from index:0
2022-01-02 13:17:13,480 [5af0e6f8-e325-4784-8af8-34780179857f@group-5D8EB23EFD07-LeaderElection14] INFO  server.RaftServer$Division (ServerState.java:setRaftConf(387)) - 5af0e6f8-e325-4784-8af8-34780179857f@group-5D8EB23EFD07: set configuration 0: [5af0e6f8-e325-4784-8af8-34780179857f|rpc:localhost:14340|admin:|client:|dataStream:|priority:0], old=null
2022-01-02 13:17:13,484 [5af0e6f8-e325-4784-8af8-34780179857f@group-5D8EB23EFD07-SegmentedRaftLogWorker] INFO  segmented.SegmentedRaftLogWorker (SegmentedRaftLogWorker.java:execute(601)) - 5af0e6f8-e325-4784-8af8-34780179857f@group-5D8EB23EFD07-SegmentedRaftLogWorker: created new log segment /home/runner/work/ozone/ozone/hadoop-ozone/integration-test/target/test-dir/MiniOzoneClusterImpl-c1c80f75-2e15-44e6-8b98-5d8eb23efd07/scmNode-1/scm-ha/c1c80f75-2e15-44e6-8b98-5d8eb23efd07/current/log_inprogress_0
2022-01-02 13:17:14,158 [EndpointStateMachine task thread for /127.0.0.1:14995 - 0 ] INFO  ipc.Client (Client.java:handleConnectionFailure(977)) - Retrying connect to server: localhost/127.0.0.1:14995. Already tried 9 time(s); retry policy is RetryUpToMaximumCountWithFixedSleep(maxRetries=15, sleepTime=1000 MILLISECONDS)
2022-01-02 13:17:14,159 [EndpointStateMachine task thread for /127.0.0.1:15005 - 0 ] INFO  ipc.Client (Client.java:handleConnectionFailure(977)) - Retrying connect to server: localhost/127.0.0.1:15005. Already tried 12 time(s); retry policy is RetryUpToMaximumCountWithFixedSleep(maxRetries=15, sleepTime=1000 MILLISECONDS)
2022-01-02 13:17:14,182 [EndpointStateMachine task thread for /127.0.0.1:14985 - 0 ] INFO  ipc.Client (Client.java:handleConnectionFailure(977)) - Retrying connect to server: localhost/127.0.0.1:14985. Already tried 12 time(s); retry policy is RetryUpToMaximumCountWithFixedSleep(maxRetries=15, sleepTime=1000 MILLISECONDS)
2022-01-02 13:17:14,463 [Listener at 127.0.0.1/12080] INFO  server.RaftServer (RaftServerProxy.java:lambda$close$6(391)) - 5af0e6f8-e325-4784-8af8-34780179857f: close
2022-01-02 13:17:14,463 [Listener at 127.0.0.1/12080] INFO  server.RaftServer$Division (RaftServerImpl.java:lambda$close$4(412)) - 5af0e6f8-e325-4784-8af8-34780179857f@group-5D8EB23EFD07: shutdown
2022-01-02 13:17:14,464 [Listener at 127.0.0.1/12080] INFO  util.JmxRegister (JmxRegister.java:unregister(73)) - Successfully un-registered JMX Bean with object name Ratis:service=RaftServer,group=group-5D8EB23EFD07,id=5af0e6f8-e325-4784-8af8-34780179857f
2022-01-02 13:17:14,464 [Listener at 127.0.0.1/12080] INFO  impl.RoleInfo (RoleInfo.java:shutdownLeaderState(91)) - 5af0e6f8-e325-4784-8af8-34780179857f: shutdown 5af0e6f8-e325-4784-8af8-34780179857f@group-5D8EB23EFD07-LeaderStateImpl
2022-01-02 13:17:14,464 [Listener at 127.0.0.1/12080] INFO  impl.PendingRequests (PendingRequests.java:sendNotLeaderResponses(282)) - 5af0e6f8-e325-4784-8af8-34780179857f@group-5D8EB23EFD07-PendingRequests: sendNotLeaderResponses
2022-01-02 13:17:14,464 [Listener at 127.0.0.1/12080] INFO  impl.StateMachineUpdater (StateMachineUpdater.java:stopAndJoin(149)) - 5af0e6f8-e325-4784-8af8-34780179857f@group-5D8EB23EFD07-StateMachineUpdater: set stopIndex = 0
2022-01-02 13:17:14,465 [5af0e6f8-e325-4784-8af8-34780179857f@group-5D8EB23EFD07-StateMachineUpdater] INFO  impl.StateMachineUpdater (StateMachineUpdater.java:takeSnapshot(281)) - 5af0e6f8-e325-4784-8af8-34780179857f@group-5D8EB23EFD07-StateMachineUpdater: Took a snapshot at index 0
2022-01-02 13:17:14,465 [5af0e6f8-e325-4784-8af8-34780179857f@group-5D8EB23EFD07-StateMachineUpdater] INFO  impl.StateMachineUpdater (StateMachineUpdater.java:lambda$new$0(89)) - 5af0e6f8-e325-4784-8af8-34780179857f@group-5D8EB23EFD07-StateMachineUpdater: snapshotIndex: updateIncreasingly -1 -> 0
2022-01-02 13:17:14,465 [Listener at 127.0.0.1/12080] INFO  server.RaftServer$Division (ServerState.java:close(419)) - 5af0e6f8-e325-4784-8af8-34780179857f@group-5D8EB23EFD07: closes. applyIndex: 0
2022-01-02 13:17:14,465 [5af0e6f8-e325-4784-8af8-34780179857f@group-5D8EB23EFD07-SegmentedRaftLogWorker] INFO  segmented.SegmentedRaftLogWorker (SegmentedRaftLogWorker.java:run(327)) - 5af0e6f8-e325-4784-8af8-34780179857f@group-5D8EB23EFD07-SegmentedRaftLogWorker was interrupted, exiting. There are 0 tasks remaining in the queue.
2022-01-02 13:17:14,472 [Listener at 127.0.0.1/12080] INFO  segmented.SegmentedRaftLogWorker (SegmentedRaftLogWorker.java:close(237)) - 5af0e6f8-e325-4784-8af8-34780179857f@group-5D8EB23EFD07-SegmentedRaftLogWorker close()
2022-01-02 13:17:14,478 [Listener at 127.0.0.1/12080] INFO  server.GrpcService (GrpcService.java:closeImpl(262)) - 5af0e6f8-e325-4784-8af8-34780179857f: shutdown server with port 14340 now
2022-01-02 13:17:14,478 [Listener at 127.0.0.1/12080] INFO  server.GrpcService (GrpcService.java:closeImpl(271)) - 5af0e6f8-e325-4784-8af8-34780179857f: shutdown server with port 14340 successfully
2022-01-02 13:17:14,479 [org.apache.ratis.util.JvmPauseMonitor$$Lambda$499/1697441364@27169a80] INFO  util.JvmPauseMonitor (JvmPauseMonitor.java:run(109)) - JvmPauseMonitor-5af0e6f8-e325-4784-8af8-34780179857f: Stopped
2022-01-02 13:17:14,479 [Listener at 127.0.0.1/12080] WARN  server.ServerUtils (ServerUtils.java:getScmDbDir(148)) - ozone.scm.db.dirs is not configured. We recommend adding this setting. Falling back to ozone.metadata.dirs instead.
2022-01-02 13:17:14,481 [Listener at 127.0.0.1/12080] INFO  server.StorageContainerManager (StorageContainerManager.java:scmInit(1083)) - SCM initialization succeeded. Current cluster id for sd=/home/runner/work/ozone/ozone/hadoop-ozone/integration-test/target/test-dir/MiniOzoneClusterImpl-c1c80f75-2e15-44e6-8b98-5d8eb23efd07/scmNode-1/scm; cid=c1c80f75-2e15-44e6-8b98-5d8eb23efd07; layoutVersion=2; scmId=5af0e6f8-e325-4784-8af8-34780179857f
2022-01-02 13:17:14,481 [Listener at 127.0.0.1/12080] INFO  ha.SCMHANodeDetails (SCMHANodeDetails.java:loadSCMHAConfig(157)) - ServiceID for StorageContainerManager is scm-service-test1
2022-01-02 13:17:14,481 [Listener at 127.0.0.1/12080] INFO  ha.SCMHANodeDetails (SCMHANodeDetails.java:loadSCMHAConfig(168)) - ServiceID for StorageContainerManager is scm-service-test1
2022-01-02 13:17:14,481 [Listener at 127.0.0.1/12080] WARN  scm.ScmUtils (ScmUtils.java:logWarn(179)) - ConfigKey ozone.scm.block.client.address is deprecated, For configuring different ports for each SCM use PortConfigKey ozone.scm.block.client.port appended with serviceId and nodeId. If want to configure same port configure ozone.scm.block.client.port
2022-01-02 13:17:14,481 [Listener at 127.0.0.1/12080] WARN  scm.ScmUtils (ScmUtils.java:logWarn(179)) - ConfigKey ozone.scm.client.address is deprecated, For configuring different ports for each SCM use PortConfigKey ozone.scm.client.port appended with serviceId and nodeId. If want to configure same port configure ozone.scm.client.port
2022-01-02 13:17:14,481 [Listener at 127.0.0.1/12080] WARN  scm.ScmUtils (ScmUtils.java:logWarn(179)) - ConfigKey ozone.scm.datanode.address is deprecated, For configuring different ports for each SCM use PortConfigKey ozone.scm.datanode.port appended with serviceId and nodeId. If want to configure same port configure ozone.scm.datanode.port
2022-01-02 13:17:14,481 [Listener at 127.0.0.1/12080] WARN  scm.ScmUtils (ScmUtils.java:logWarn(179)) - ConfigKey ozone.scm.block.client.address is deprecated, For configuring different ports for each SCM use PortConfigKey ozone.scm.block.client.port appended with serviceId and nodeId. If want to configure same port configure ozone.scm.block.client.port
2022-01-02 13:17:14,482 [Listener at 127.0.0.1/12080] WARN  scm.ScmUtils (ScmUtils.java:logWarn(179)) - ConfigKey ozone.scm.client.address is deprecated, For configuring different ports for each SCM use PortConfigKey ozone.scm.client.port appended with serviceId and nodeId. If want to configure same port configure ozone.scm.client.port
2022-01-02 13:17:14,482 [Listener at 127.0.0.1/12080] WARN  scm.ScmUtils (ScmUtils.java:logWarn(179)) - ConfigKey ozone.scm.datanode.address is deprecated, For configuring different ports for each SCM use PortConfigKey ozone.scm.datanode.port appended with serviceId and nodeId. If want to configure same port configure ozone.scm.datanode.port
2022-01-02 13:17:14,482 [Listener at 127.0.0.1/12080] INFO  ha.SCMHANodeDetails (SCMHANodeDetails.java:loadSCMHAConfig(250)) - Found matching SCM address with SCMServiceId: scm-service-test1, SCMNodeId: scmNode-1, RPC Address: localhost:14340 and Ratis port: 14340
2022-01-02 13:17:14,482 [Listener at 127.0.0.1/12080] INFO  ha.SCMHANodeDetails (ConfUtils.java:setNodeSpecificConfigs(108)) - Setting configuration key ozone.scm.datanode.address with value of key ozone.scm.datanode.address.scm-service-test1.scmNode-1: 127.0.0.1:14341
2022-01-02 13:17:14,482 [Listener at 127.0.0.1/12080] INFO  ha.SCMHANodeDetails (ConfUtils.java:setNodeSpecificConfigs(108)) - Setting configuration key ozone.scm.block.client.address with value of key ozone.scm.block.client.address.scm-service-test1.scmNode-1: 127.0.0.1:14342
2022-01-02 13:17:14,482 [Listener at 127.0.0.1/12080] INFO  ha.SCMHANodeDetails (ConfUtils.java:setNodeSpecificConfigs(108)) - Setting configuration key ozone.scm.client.address with value of key ozone.scm.client.address.scm-service-test1.scmNode-1: 127.0.0.1:14343
2022-01-02 13:17:14,482 [Listener at 127.0.0.1/12080] INFO  ha.SCMHANodeDetails (ConfUtils.java:setNodeSpecificConfigs(108)) - Setting configuration key ozone.scm.ratis.port with value of key ozone.scm.ratis.port.scm-service-test1.scmNode-1: 14340
2022-01-02 13:17:14,482 [Listener at 127.0.0.1/12080] INFO  ha.SCMHANodeDetails (ConfUtils.java:setNodeSpecificConfigs(108)) - Setting configuration key ozone.scm.grpc.port with value of key ozone.scm.grpc.port.scm-service-test1.scmNode-1: 14344
2022-01-02 13:17:14,482 [Listener at 127.0.0.1/12080] INFO  ha.SCMHANodeDetails (ConfUtils.java:setNodeSpecificConfigs(108)) - Setting configuration key ozone.scm.http-address with value of key ozone.scm.http-address.scm-service-test1.scmNode-1: 127.0.0.1:14338
2022-01-02 13:17:14,482 [Listener at 127.0.0.1/12080] INFO  ha.SCMHANodeDetails (ConfUtils.java:setNodeSpecificConfigs(108)) - Setting configuration key ozone.scm.https-address with value of key ozone.scm.https-address.scm-service-test1.scmNode-1: 127.0.0.1:14339
2022-01-02 13:17:14,483 [Listener at 127.0.0.1/12080] INFO  ha.SCMHANodeDetails (ConfUtils.java:setNodeSpecificConfigs(108)) - Setting configuration key ozone.scm.address with value of key ozone.scm.address.scm-service-test1.scmNode-1: 127.0.0.1
2022-01-02 13:17:14,483 [Listener at 127.0.0.1/12080] WARN  scm.ScmUtils (ScmUtils.java:logWarn(179)) - ConfigKey ozone.scm.block.client.address is deprecated, For configuring different ports for each SCM use PortConfigKey ozone.scm.block.client.port appended with serviceId and nodeId. If want to configure same port configure ozone.scm.block.client.port
2022-01-02 13:17:14,483 [Listener at 127.0.0.1/12080] WARN  scm.ScmUtils (ScmUtils.java:logWarn(179)) - ConfigKey ozone.scm.client.address is deprecated, For configuring different ports for each SCM use PortConfigKey ozone.scm.client.port appended with serviceId and nodeId. If want to configure same port configure ozone.scm.client.port
2022-01-02 13:17:14,483 [Listener at 127.0.0.1/12080] WARN  scm.ScmUtils (ScmUtils.java:logWarn(179)) - ConfigKey ozone.scm.datanode.address is deprecated, For configuring different ports for each SCM use PortConfigKey ozone.scm.datanode.port appended with serviceId and nodeId. If want to configure same port configure ozone.scm.datanode.port
2022-01-02 13:17:14,483 [Listener at 127.0.0.1/12080] WARN  server.ServerUtils (ServerUtils.java:getScmDbDir(148)) - ozone.scm.db.dirs is not configured. We recommend adding this setting. Falling back to ozone.metadata.dirs instead.
2022-01-02 13:17:14,484 [Listener at 127.0.0.1/12080] INFO  upgrade.AbstractLayoutVersionManager (AbstractLayoutVersionManager.java:init(79)) - Initializing Layout version manager with metadata layout = SCM_HA (version = 2), software layout = SCM_HA (version = 2)
2022-01-02 13:17:14,611 [Listener at 127.0.0.1/12080] INFO  reflections.Reflections (Reflections.java:scan(232)) - Reflections took 126 ms to scan 7 urls, producing 119 keys and 279 values 
2022-01-02 13:17:14,614 [Listener at 127.0.0.1/12080] WARN  utils.HAUtils (HAUtils.java:getMetaDir(342)) - ozone.scm.db.dirs is not configured. We recommend adding this setting. Falling back to ozone.metadata.dirs instead.
2022-01-02 13:17:14,615 [Listener at 127.0.0.1/12080] WARN  db.DBStoreBuilder (DBStoreBuilder.java:applyDBDefinition(145)) - ozone.scm.db.dirs is not configured. We recommend adding this setting. Falling back to ozone.metadata.dirs instead.
2022-01-02 13:17:14,753 [Listener at 127.0.0.1/12080] INFO  net.NodeSchemaLoader (NodeSchemaLoader.java:loadSchemaFromFile(129)) - Loading schema from [jar:file:/home/runner/.m2/repository/org/apache/ozone/hdds-common/1.3.0-SNAPSHOT/hdds-common-1.3.0-SNAPSHOT.jar!/network-topology-default.xml]
2022-01-02 13:17:14,765 [Listener at 127.0.0.1/12080] INFO  net.NodeSchemaLoader (NodeSchemaLoader.java:loadSchema(176)) - Loading network topology layer schema file
2022-01-02 13:17:14,776 [Listener at 127.0.0.1/12080] INFO  ha.SCMRatisServerImpl (SCMRatisServerImpl.java:<init>(87)) - starting Raft server for scm:5af0e6f8-e325-4784-8af8-34780179857f
2022-01-02 13:17:14,777 [Listener at 127.0.0.1/12080] INFO  server.RaftServer (ConfUtils.java:logGet(44)) - raft.rpc.type = GRPC (default)
2022-01-02 13:17:14,777 [Listener at 127.0.0.1/12080] INFO  grpc.GrpcFactory (GrpcFactory.java:checkPooledByteBufAllocatorUseCacheForAllThreads(48)) - PERFORMANCE WARNING: useCacheForAllThreads is true that may cause Netty to create a lot garbage objects and, as a result, trigger GC.
	It is recommended to disable useCacheForAllThreads by setting -Dorg.apache.ratis.thirdparty.io.netty.allocator.useCacheForAllThreads=false in command line.
2022-01-02 13:17:14,778 [Listener at 127.0.0.1/12080] INFO  grpc.GrpcConfigKeys (ConfUtils.java:logGet(44)) - raft.grpc.admin.port = -1 (default)
2022-01-02 13:17:14,778 [Listener at 127.0.0.1/12080] INFO  grpc.GrpcConfigKeys (ConfUtils.java:logGet(44)) - raft.grpc.server.port = 14340 (custom)
2022-01-02 13:17:14,778 [Listener at 127.0.0.1/12080] INFO  grpc.GrpcConfigKeys (ConfUtils.java:logGet(44)) - raft.grpc.client.port = -1 (default)
2022-01-02 13:17:14,778 [Listener at 127.0.0.1/12080] INFO  grpc.GrpcConfigKeys (ConfUtils.java:logGet(44)) - raft.grpc.server.port = 14340 (custom)
2022-01-02 13:17:14,779 [Listener at 127.0.0.1/12080] INFO  grpc.GrpcConfigKeys (ConfUtils.java:logGet(44)) - raft.grpc.server.port = 14340 (custom)
2022-01-02 13:17:14,779 [Listener at 127.0.0.1/12080] INFO  server.GrpcService (ConfUtils.java:logGet(44)) - raft.grpc.message.size.max = 32m (=33554432) (custom)
2022-01-02 13:17:14,779 [Listener at 127.0.0.1/12080] INFO  server.RaftServerConfigKeys (ConfUtils.java:logGet(44)) - raft.server.log.appender.buffer.byte-limit = 33554432 (custom)
2022-01-02 13:17:14,779 [Listener at 127.0.0.1/12080] INFO  server.GrpcService (ConfUtils.java:logGet(44)) - raft.grpc.flow.control.window = 1MB (=1048576) (default)
2022-01-02 13:17:14,779 [Listener at 127.0.0.1/12080] INFO  server.RaftServerConfigKeys (ConfUtils.java:logGet(44)) - raft.server.rpc.request.timeout = 30000ms (custom)
2022-01-02 13:17:14,781 [Listener at 127.0.0.1/12080] INFO  impl.DataStreamServerImpl (ConfUtils.java:logGet(44)) - raft.datastream.type = DISABLED (default)
2022-01-02 13:17:14,789 [Listener at 127.0.0.1/12080] INFO  server.RaftServerConfigKeys (ConfUtils.java:logGet(44)) - raft.server.rpc.slowness.timeout = 120000ms (custom)
2022-01-02 13:17:14,790 [Listener at 127.0.0.1/12080] INFO  server.RaftServerConfigKeys (ConfUtils.java:logGet(44)) - raft.server.leaderelection.leader.step-down.wait-time = 10s (default)
2022-01-02 13:17:14,790 [Listener at 127.0.0.1/12080] INFO  server.RaftServerConfigKeys (ConfUtils.java:logGet(44)) - raft.server.storage.dir = [/home/runner/work/ozone/ozone/hadoop-ozone/integration-test/target/test-dir/MiniOzoneClusterImpl-c1c80f75-2e15-44e6-8b98-5d8eb23efd07/scmNode-1/scm-ha] (custom)
2022-01-02 13:17:14,790 [Listener at 127.0.0.1/12080] INFO  server.RaftServer (RaftServerProxy.java:lambda$null$1(235)) - 5af0e6f8-e325-4784-8af8-34780179857f: found a subdirectory /home/runner/work/ozone/ozone/hadoop-ozone/integration-test/target/test-dir/MiniOzoneClusterImpl-c1c80f75-2e15-44e6-8b98-5d8eb23efd07/scmNode-1/scm-ha/c1c80f75-2e15-44e6-8b98-5d8eb23efd07
2022-01-02 13:17:14,790 [Listener at 127.0.0.1/12080] INFO  server.RaftServer (RaftServerProxy.java:addNew(95)) - 5af0e6f8-e325-4784-8af8-34780179857f: addNew group-5D8EB23EFD07:[] returns group-5D8EB23EFD07:java.util.concurrent.CompletableFuture@5548d5c4[Not completed]
2022-01-02 13:17:14,791 [pool-210-thread-1] INFO  server.RaftServer$Division (RaftServerImpl.java:<init>(184)) - 5af0e6f8-e325-4784-8af8-34780179857f: new RaftServerImpl for group-5D8EB23EFD07:[] with SCMStateMachine:uninitialized
2022-01-02 13:17:14,796 [pool-210-thread-1] INFO  server.RaftServerConfigKeys (ConfUtils.java:logGet(44)) - raft.server.rpc.timeout.min = 5000ms (custom)
2022-01-02 13:17:14,796 [pool-210-thread-1] INFO  server.RaftServerConfigKeys (ConfUtils.java:logGet(44)) - raft.server.rpc.timeout.max = 5200ms (custom)
2022-01-02 13:17:14,796 [pool-210-thread-1] INFO  server.RaftServerConfigKeys (ConfUtils.java:logGet(44)) - raft.server.rpc.sleep.time = 25ms (default)
2022-01-02 13:17:14,796 [pool-210-thread-1] INFO  server.RaftServerConfigKeys (ConfUtils.java:logGet(44)) - raft.server.rpc.slowness.timeout = 120000ms (custom)
2022-01-02 13:17:14,796 [pool-210-thread-1] INFO  server.RaftServerConfigKeys (ConfUtils.java:logGet(44)) - raft.server.leaderelection.leader.step-down.wait-time = 10s (default)
2022-01-02 13:17:14,796 [pool-210-thread-1] INFO  server.RaftServerConfigKeys (ConfUtils.java:logGet(44)) - raft.server.sleep.deviation.threshold = 300ms (default)
2022-01-02 13:17:14,796 [pool-210-thread-1] INFO  server.RaftServerConfigKeys (ConfUtils.java:logGet(44)) - raft.server.log.appender.install.snapshot.enabled = false (custom)
2022-01-02 13:17:14,796 [pool-210-thread-1] INFO  server.RaftServer$Division (ServerState.java:<init>(105)) - 5af0e6f8-e325-4784-8af8-34780179857f@group-5D8EB23EFD07: ConfigurationManager, init=-1: [], old=null, confs=<EMPTY_MAP>
2022-01-02 13:17:14,796 [pool-210-thread-1] INFO  server.RaftServerConfigKeys (ConfUtils.java:logGet(44)) - raft.server.storage.dir = [/home/runner/work/ozone/ozone/hadoop-ozone/integration-test/target/test-dir/MiniOzoneClusterImpl-c1c80f75-2e15-44e6-8b98-5d8eb23efd07/scmNode-1/scm-ha] (custom)
2022-01-02 13:17:14,796 [pool-210-thread-1] INFO  server.RaftServerConfigKeys (ConfUtils.java:logGet(44)) - raft.server.log.corruption.policy = EXCEPTION (default)
2022-01-02 13:17:14,796 [pool-210-thread-1] INFO  server.RaftServerConfigKeys (ConfUtils.java:logGet(44)) - raft.server.storage.free-space.min = 0MB (=0) (default)
2022-01-02 13:17:14,797 [pool-210-thread-1] INFO  storage.RaftStorageDirectory (RaftStorageDirectoryImpl.java:tryLock(230)) - Lock on /home/runner/work/ozone/ozone/hadoop-ozone/integration-test/target/test-dir/MiniOzoneClusterImpl-c1c80f75-2e15-44e6-8b98-5d8eb23efd07/scmNode-1/scm-ha/c1c80f75-2e15-44e6-8b98-5d8eb23efd07/in_use.lock acquired by nodename 7823@fv-az195-8
2022-01-02 13:17:14,797 [pool-210-thread-1] INFO  storage.RaftStorage (RaftStorageImpl.java:analyzeAndRecoverStorage(110)) - Read RaftStorageMetadata{term=1, votedFor=5af0e6f8-e325-4784-8af8-34780179857f} from /home/runner/work/ozone/ozone/hadoop-ozone/integration-test/target/test-dir/MiniOzoneClusterImpl-c1c80f75-2e15-44e6-8b98-5d8eb23efd07/scmNode-1/scm-ha/c1c80f75-2e15-44e6-8b98-5d8eb23efd07/current/raft-meta
2022-01-02 13:17:14,798 [pool-210-thread-1] INFO  server.RaftServer$Division (ServerState.java:setRaftConf(387)) - 5af0e6f8-e325-4784-8af8-34780179857f@group-5D8EB23EFD07: set configuration 0: [5af0e6f8-e325-4784-8af8-34780179857f|rpc:localhost:14340|admin:|client:|dataStream:|priority:0], old=null
2022-01-02 13:17:14,798 [pool-210-thread-1] INFO  server.RaftServerConfigKeys (ConfUtils.java:logGet(44)) - raft.server.notification.no-leader.timeout = 60s (default)
2022-01-02 13:17:14,798 [pool-210-thread-1] INFO  server.RaftServerConfigKeys (ConfUtils.java:logGet(44)) - raft.server.log.use.memory = false (default)
2022-01-02 13:17:14,798 [pool-210-thread-1] INFO  server.RaftServerConfigKeys (ConfUtils.java:logGet(44)) - raft.server.log.purge.gap = 5 (custom)
2022-01-02 13:17:14,798 [pool-210-thread-1] INFO  server.RaftServerConfigKeys (ConfUtils.java:logGet(44)) - raft.server.log.appender.buffer.byte-limit = 33554432 (custom)
2022-01-02 13:17:14,798 [pool-210-thread-1] INFO  server.RaftServerConfigKeys (ConfUtils.java:logGet(44)) - raft.server.log.segment.size.max = 4194304 (custom)
2022-01-02 13:17:14,798 [pool-210-thread-1] INFO  server.RaftServerConfigKeys (ConfUtils.java:logGet(44)) - raft.server.log.segment.cache.num.max = 2 (custom)
2022-01-02 13:17:14,799 [pool-210-thread-1] INFO  server.RaftServerConfigKeys (ConfUtils.java:logGet(44)) - raft.server.log.segment.cache.size.max = 200MB (=209715200) (default)
2022-01-02 13:17:14,799 [pool-210-thread-1] INFO  segmented.SegmentedRaftLogWorker (SegmentedRaftLogWorker.java:<init>(182)) - new 5af0e6f8-e325-4784-8af8-34780179857f@group-5D8EB23EFD07-SegmentedRaftLogWorker for RaftStorageImpl:Storage Directory /home/runner/work/ozone/ozone/hadoop-ozone/integration-test/target/test-dir/MiniOzoneClusterImpl-c1c80f75-2e15-44e6-8b98-5d8eb23efd07/scmNode-1/scm-ha/c1c80f75-2e15-44e6-8b98-5d8eb23efd07
2022-01-02 13:17:14,799 [pool-210-thread-1] INFO  server.RaftServerConfigKeys (ConfUtils.java:logGet(44)) - raft.server.log.queue.byte-limit = 64MB (=67108864) (default)
2022-01-02 13:17:14,799 [pool-210-thread-1] INFO  server.RaftServerConfigKeys (ConfUtils.java:logGet(44)) - raft.server.log.queue.element-limit = 4096 (default)
2022-01-02 13:17:14,799 [pool-210-thread-1] INFO  server.RaftServerConfigKeys (ConfUtils.java:logGet(44)) - raft.server.log.segment.size.max = 4194304 (custom)
2022-01-02 13:17:14,799 [pool-210-thread-1] INFO  server.RaftServerConfigKeys (ConfUtils.java:logGet(44)) - raft.server.log.preallocated.size = 4194304 (custom)
2022-01-02 13:17:14,799 [pool-210-thread-1] INFO  server.RaftServerConfigKeys (ConfUtils.java:logGet(44)) - raft.server.log.force.sync.num = 128 (default)
2022-01-02 13:17:14,799 [pool-210-thread-1] INFO  server.RaftServerConfigKeys (ConfUtils.java:logGet(44)) - raft.server.log.statemachine.data.sync = true (default)
2022-01-02 13:17:14,799 [pool-210-thread-1] INFO  server.RaftServerConfigKeys (ConfUtils.java:logGet(44)) - raft.server.log.statemachine.data.sync.timeout = 10s (default)
2022-01-02 13:17:14,799 [pool-210-thread-1] INFO  server.RaftServerConfigKeys (ConfUtils.java:logGet(44)) - raft.server.log.statemachine.data.sync.timeout.retry = -1 (default)
2022-01-02 13:17:14,799 [pool-210-thread-1] INFO  server.RaftServerConfigKeys (ConfUtils.java:logGet(44)) - raft.server.log.write.buffer.size = 64KB (=65536) (default)
2022-01-02 13:17:14,799 [pool-210-thread-1] INFO  server.RaftServerConfigKeys (ConfUtils.java:logGet(44)) - raft.server.log.statemachine.data.caching.enabled = false (default)
2022-01-02 13:17:14,800 [pool-210-thread-1] INFO  server.RaftServer$Division (ServerState.java:setRaftConf(387)) - 5af0e6f8-e325-4784-8af8-34780179857f@group-5D8EB23EFD07: set configuration 0: [5af0e6f8-e325-4784-8af8-34780179857f|rpc:localhost:14340|admin:|client:|dataStream:|priority:0], old=null
2022-01-02 13:17:14,801 [pool-210-thread-1] INFO  segmented.LogSegment (LogSegment.java:loadSegment(173)) - Successfully read 1 entries from segment file /home/runner/work/ozone/ozone/hadoop-ozone/integration-test/target/test-dir/MiniOzoneClusterImpl-c1c80f75-2e15-44e6-8b98-5d8eb23efd07/scmNode-1/scm-ha/c1c80f75-2e15-44e6-8b98-5d8eb23efd07/current/log_inprogress_0
2022-01-02 13:17:14,801 [pool-210-thread-1] INFO  segmented.SegmentedRaftLogWorker (SegmentedRaftLogWorker.java:lambda$new$0(133)) - 5af0e6f8-e325-4784-8af8-34780179857f@group-5D8EB23EFD07-SegmentedRaftLogWorker: flushIndex: setUnconditionally 0 -> 0
2022-01-02 13:17:14,801 [pool-210-thread-1] INFO  segmented.SegmentedRaftLogWorker (SegmentedRaftLogWorker.java:lambda$new$0(133)) - 5af0e6f8-e325-4784-8af8-34780179857f@group-5D8EB23EFD07-SegmentedRaftLogWorker: safeCacheEvictIndex: setUnconditionally 0 -> -1
2022-01-02 13:17:14,808 [pool-210-thread-1] INFO  server.RaftServerConfigKeys (ConfUtils.java:logGet(44)) - raft.server.snapshot.auto.trigger.enabled = true (custom)
2022-01-02 13:17:14,808 [pool-210-thread-1] INFO  server.RaftServerConfigKeys (ConfUtils.java:logGet(44)) - raft.server.snapshot.auto.trigger.threshold = 5 (custom)
2022-01-02 13:17:14,808 [pool-210-thread-1] INFO  server.RaftServerConfigKeys (ConfUtils.java:logGet(44)) - raft.server.snapshot.retention.file.num = -1 (default)
2022-01-02 13:17:14,808 [pool-210-thread-1] INFO  server.RaftServerConfigKeys (ConfUtils.java:logGet(44)) - raft.server.log.purge.upto.snapshot.index = true (custom)
2022-01-02 13:17:14,808 [pool-210-thread-1] INFO  server.RaftServerConfigKeys (ConfUtils.java:logGet(44)) - raft.server.retrycache.expirytime = 60000ms (default)
2022-01-02 13:17:14,808 [pool-210-thread-1] INFO  server.RaftServerConfigKeys (ConfUtils.java:logGet(44)) - raft.server.retrycache.statistics.expirytime = 100μs (default)
2022-01-02 13:17:14,809 [Listener at 127.0.0.1/12080] INFO  ha.SCMSnapshotProvider (SCMSnapshotProvider.java:<init>(66)) - Initializing SCM Snapshot Provider
2022-01-02 13:17:14,809 [Listener at 127.0.0.1/12080] WARN  server.ServerUtils (ServerUtils.java:getDefaultRatisDirectory(237)) - Storage directory for Ratis is not configured. It is a good idea to map this to an SSD disk. Falling back to ozone.metadata.dirs
2022-01-02 13:17:14,809 [Listener at 127.0.0.1/12080] WARN  ha.SCMHAUtils (SCMHAUtils.java:getSCMRatisSnapshotDirectory(146)) - SCM snapshot dir is not configured. Falling back to ozone.metadata.dirs config
2022-01-02 13:17:14,811 [Listener at 127.0.0.1/12080] INFO  ha.SequenceIdGenerator (SequenceIdGenerator.java:upgradeToSequenceId(347)) - upgrade localId to 109611004723200000
2022-01-02 13:17:14,811 [Listener at 127.0.0.1/12080] INFO  ha.SequenceIdGenerator (SequenceIdGenerator.java:upgradeToSequenceId(357)) - upgrade delTxnId to 0
2022-01-02 13:17:14,811 [Listener at 127.0.0.1/12080] INFO  ha.SequenceIdGenerator (SequenceIdGenerator.java:upgradeToSequenceId(371)) - upgrade containerId to 0
2022-01-02 13:17:14,811 [Listener at 127.0.0.1/12080] INFO  ha.SequenceIdGenerator (SequenceIdGenerator.java:<init>(218)) - Init the HA SequenceIdGenerator.
2022-01-02 13:17:14,812 [Listener at 127.0.0.1/12080] INFO  node.SCMNodeManager (SCMNodeManager.java:<init>(144)) - Entering startup safe mode.
2022-01-02 13:17:14,813 [Listener at 127.0.0.1/12080] INFO  algorithms.ContainerPlacementPolicyFactory (ContainerPlacementPolicyFactory.java:getPolicy(60)) - Create container placement policy of type org.apache.hadoop.hdds.scm.container.placement.algorithms.SCMContainerPlacementRandom
2022-01-02 13:17:14,813 [Listener at 127.0.0.1/12080] INFO  pipeline.PipelineStateManagerImpl (PipelineStateManagerImpl.java:initialize(78)) - No pipeline exists in current db
2022-01-02 13:17:14,813 [Listener at 127.0.0.1/12080] INFO  algorithms.LeaderChoosePolicyFactory (LeaderChoosePolicyFactory.java:getPolicy(57)) - Create leader choose policy of type org.apache.hadoop.hdds.scm.pipeline.leader.choose.algorithms.MinLeaderCountChoosePolicy
2022-01-02 13:17:14,814 [Listener at 127.0.0.1/12080] INFO  ha.SCMServiceManager (SCMServiceManager.java:register(43)) - Registering service BackgroundPipelineCreator.
2022-01-02 13:17:14,814 [Listener at 127.0.0.1/12080] INFO  pipeline.BackgroundPipelineCreator (BackgroundPipelineCreator.java:start(130)) - Starting RatisPipelineUtilsThread.
2022-01-02 13:17:14,818 [Listener at 127.0.0.1/12080] INFO  algorithms.PipelineChoosePolicyFactory (PipelineChoosePolicyFactory.java:createPipelineChoosePolicyFromClass(73)) - Create pipeline choose policy of type org.apache.hadoop.hdds.scm.pipeline.choose.algorithms.RandomPipelineChoosePolicy
2022-01-02 13:17:14,818 [Listener at 127.0.0.1/12080] INFO  ha.SCMServiceManager (SCMServiceManager.java:register(43)) - Registering service SCMBlockDeletingService.
2022-01-02 13:17:14,819 [Listener at 127.0.0.1/12080] INFO  ha.SCMServiceManager (SCMServiceManager.java:register(43)) - Registering service ReplicationManager.
2022-01-02 13:17:14,819 [Listener at 127.0.0.1/12080] INFO  container.ReplicationManager (ReplicationManager.java:start(319)) - Starting Replication Monitor Thread.
2022-01-02 13:17:14,821 [Listener at 127.0.0.1/12080] INFO  safemode.ContainerSafeModeRule (ContainerSafeModeRule.java:<init>(89)) - containers with one replica threshold count 0
2022-01-02 13:17:14,821 [Listener at 127.0.0.1/12080] INFO  safemode.HealthyPipelineSafeModeRule (HealthyPipelineSafeModeRule.java:initializeRule(156)) - Total pipeline count is 0, healthy pipeline threshold count is 1
2022-01-02 13:17:14,821 [Listener at 127.0.0.1/12080] INFO  safemode.OneReplicaPipelineSafeModeRule (OneReplicaPipelineSafeModeRule.java:initializeRule(180)) - Total pipeline count is 0, pipeline's with at least one datanode reported threshold count is 0
2022-01-02 13:17:14,826 [Listener at 127.0.0.1/12080] INFO  ipc.CallQueueManager (CallQueueManager.java:<init>(90)) - Using callQueue: class java.util.concurrent.LinkedBlockingQueue, queueCapacity: 10000, scheduler: class org.apache.hadoop.ipc.DefaultRpcScheduler, ipcBackoff: false.
2022-01-02 13:17:14,828 [Socket Reader #1 for port 14341] INFO  ipc.Server (Server.java:run(1265)) - Starting Socket Reader #1 for port 14341
2022-01-02 13:17:14,850 [Listener at 0.0.0.0/14341] INFO  ipc.CallQueueManager (CallQueueManager.java:<init>(90)) - Using callQueue: class java.util.concurrent.LinkedBlockingQueue, queueCapacity: 10000, scheduler: class org.apache.hadoop.ipc.DefaultRpcScheduler, ipcBackoff: false.
2022-01-02 13:17:14,858 [ReplicationMonitor] INFO  container.ReplicationManager (ReplicationManager.java:processAll(371)) - Replication Monitor Thread took 0 milliseconds for processing 0 containers.
2022-01-02 13:17:14,858 [Socket Reader #1 for port 14342] INFO  ipc.Server (Server.java:run(1265)) - Starting Socket Reader #1 for port 14342
2022-01-02 13:17:14,863 [Listener at 0.0.0.0/14342] INFO  ipc.CallQueueManager (CallQueueManager.java:<init>(90)) - Using callQueue: class java.util.concurrent.LinkedBlockingQueue, queueCapacity: 10000, scheduler: class org.apache.hadoop.ipc.DefaultRpcScheduler, ipcBackoff: false.
2022-01-02 13:17:14,873 [Socket Reader #1 for port 14343] INFO  ipc.Server (Server.java:run(1265)) - Starting Socket Reader #1 for port 14343
2022-01-02 13:17:14,900 [Listener at 0.0.0.0/14343] INFO  algorithms.ContainerPlacementPolicyFactory (ContainerPlacementPolicyFactory.java:getPolicy(60)) - Create container placement policy of type org.apache.hadoop.hdds.scm.container.placement.algorithms.SCMContainerPlacementRandom
2022-01-02 13:17:14,900 [Listener at 0.0.0.0/14343] INFO  server.StorageContainerManager (StorageContainerManager.java:<init>(388)) - 
Container Balancer status:
Key                            Value
Running                        false
Container Balancer Configuration values:
Key                                                Value
Threshold                                          0.1
Max Datanodes to Involve per Iteration(ratio)      0.2
Max Size to Move per Iteration                     30GB
Max Size Entering Target per Iteration             26GB
Max Size Leaving Source per Iteration              26GB

2022-01-02 13:17:14,900 [Listener at 0.0.0.0/14343] WARN  events.EventQueue (EventQueue.java:fireEvent(194)) - No event handler registered for event TypedEvent{payloadType=SafeModeStatus, name='Safe mode status'}
2022-01-02 13:17:14,900 [Listener at 0.0.0.0/14343] INFO  ha.SCMContext (SCMContext.java:updateSafeModeStatus(211)) - Update SafeModeStatus from SafeModeStatus{safeModeStatus=true, preCheckPassed=false} to SafeModeStatus{safeModeStatus=true, preCheckPassed=false}.
2022-01-02 13:17:14,909 [Listener at 0.0.0.0/14343] INFO  server.StorageContainerManager (StorageContainerManager.java:start(1303)) - StorageContainerLocationProtocol RPC server is listening at /0.0.0.0:14343
2022-01-02 13:17:14,910 [Listener at 0.0.0.0/14343] INFO  ha.SCMRatisServerImpl (SCMRatisServerImpl.java:start(177)) - starting ratis server 0.0.0.0:14340
2022-01-02 13:17:14,910 [Listener at 0.0.0.0/14343] INFO  server.RaftServer$Division (RaftServerImpl.java:start(301)) - 5af0e6f8-e325-4784-8af8-34780179857f@group-5D8EB23EFD07: start as a follower, conf=0: [5af0e6f8-e325-4784-8af8-34780179857f|rpc:localhost:14340|admin:|client:|dataStream:|priority:0], old=null
2022-01-02 13:17:14,910 [Listener at 0.0.0.0/14343] INFO  server.RaftServer$Division (RaftServerImpl.java:setRole(290)) - 5af0e6f8-e325-4784-8af8-34780179857f@group-5D8EB23EFD07: changes role from      null to FOLLOWER at term 1 for startAsFollower
2022-01-02 13:17:14,910 [Listener at 0.0.0.0/14343] INFO  impl.RoleInfo (RoleInfo.java:updateAndGet(130)) - 5af0e6f8-e325-4784-8af8-34780179857f: start 5af0e6f8-e325-4784-8af8-34780179857f@group-5D8EB23EFD07-FollowerState
2022-01-02 13:17:14,911 [Listener at 0.0.0.0/14343] INFO  util.JmxRegister (JmxRegister.java:tryRegister(44)) - Successfully registered JMX Bean with object name Ratis:service=RaftServer,group=group-5D8EB23EFD07,id=5af0e6f8-e325-4784-8af8-34780179857f
2022-01-02 13:17:14,915 [Listener at 0.0.0.0/14343] INFO  server.RaftServer (RaftServerProxy.java:lambda$start$5(374)) - 5af0e6f8-e325-4784-8af8-34780179857f: start RPC server
2022-01-02 13:17:14,916 [Listener at 0.0.0.0/14343] INFO  server.GrpcService (GrpcService.java:startImpl(253)) - 5af0e6f8-e325-4784-8af8-34780179857f: GrpcService started, listening on 14340
2022-01-02 13:17:14,925 [Listener at 0.0.0.0/14343] INFO  ha.SCMHAManagerImpl (SCMHAManagerImpl.java:start(120)) -  scm role is FOLLOWER peers [5af0e6f8-e325-4784-8af8-34780179857f|rpc:localhost:14340|admin:|client:|dataStream:|priority:0]
2022-01-02 13:17:14,925 [Listener at 0.0.0.0/14343] INFO  ha.InterSCMGrpcService (InterSCMGrpcProtocolService.java:start(94)) - Starting SCM Grpc Service at port 14344
2022-01-02 13:17:14,927 [Listener at 0.0.0.0/14343] WARN  impl.MetricsConfig (MetricsConfig.java:loadFirst(136)) - Cannot locate configuration: tried hadoop-metrics2-storagecontainermanager.properties,hadoop-metrics2.properties
2022-01-02 13:17:14,930 [org.apache.ratis.util.JvmPauseMonitor$$Lambda$499/1697441364@71211cd5] INFO  util.JvmPauseMonitor (JvmPauseMonitor.java:run(103)) - JvmPauseMonitor-5af0e6f8-e325-4784-8af8-34780179857f: Started
2022-01-02 13:17:14,940 [Listener at 0.0.0.0/14343] INFO  impl.MetricsSystemImpl (MetricsSystemImpl.java:startTimer(378)) - Scheduled Metric snapshot period at 10 second(s).
2022-01-02 13:17:14,940 [Listener at 0.0.0.0/14343] INFO  impl.MetricsSystemImpl (MetricsSystemImpl.java:start(191)) - StorageContainerManager metrics system started
2022-01-02 13:17:14,965 [Listener at 0.0.0.0/14343] INFO  impl.MetricsSinkAdapter (MetricsSinkAdapter.java:start(204)) - Sink prometheus started
2022-01-02 13:17:14,966 [Listener at 0.0.0.0/14343] INFO  impl.MetricsSystemImpl (MetricsSystemImpl.java:registerSink(305)) - Registered sink prometheus
2022-01-02 13:17:15,009 [Listener at 0.0.0.0/14343] INFO  server.SCMClientProtocolServer (SCMClientProtocolServer.java:start(164)) - RPC server for Client  is listening at /0.0.0.0:14343
2022-01-02 13:17:15,021 [IPC Server Responder] INFO  ipc.Server (Server.java:run(1507)) - IPC Server Responder: starting
2022-01-02 13:17:15,026 [IPC Server listener on 14343] INFO  ipc.Server (Server.java:run(1344)) - IPC Server listener on 14343: starting
2022-01-02 13:17:15,124 [Listener at 0.0.0.0/14343] INFO  server.StorageContainerManager (StorageContainerManager.java:start(1318)) - ScmBlockLocationProtocol RPC server is listening at /0.0.0.0:14342
2022-01-02 13:17:15,125 [Listener at 0.0.0.0/14343] INFO  server.SCMBlockProtocolServer (SCMBlockProtocolServer.java:start(151)) - RPC server for Block Protocol is listening at /0.0.0.0:14342
2022-01-02 13:17:15,126 [IPC Server Responder] INFO  ipc.Server (Server.java:run(1507)) - IPC Server Responder: starting
2022-01-02 13:17:15,126 [IPC Server listener on 14342] INFO  ipc.Server (Server.java:run(1344)) - IPC Server listener on 14342: starting
2022-01-02 13:17:15,138 [Listener at 0.0.0.0/14343] INFO  http.BaseHttpServer (BaseHttpServer.java:newHttpServer2BuilderForOzone(209)) - Starting Web-server for scm at: http://0.0.0.0:14338
2022-01-02 13:17:15,138 [Listener at 0.0.0.0/14343] INFO  http.BaseHttpServer (BaseHttpServer.java:<init>(107)) - Hadoop Security Enabled: false Ozone Security Enabled: false Ozone HTTP Security Enabled: false 
2022-01-02 13:17:15,139 [Listener at 0.0.0.0/14343] INFO  server.AuthenticationFilter (AuthenticationFilter.java:constructSecretProvider(240)) - Unable to initialize FileSignerSecretProvider, falling back to use random secrets.
2022-01-02 13:17:15,157 [Listener at 0.0.0.0/14343] WARN  http.HttpRequestLog (HttpRequestLog.java:getRequestLog(103)) - Jetty request log can only be enabled using Log4j
2022-01-02 13:17:15,159 [Listener at 0.0.0.0/14343] INFO  http.HttpServer2 (HttpServer2.java:addGlobalFilter(1030)) - Added global filter 'safety' (class=org.apache.hadoop.hdds.server.http.HttpServer2$QuotingInputFilter)
2022-01-02 13:17:15,159 [EndpointStateMachine task thread for /127.0.0.1:14995 - 0 ] INFO  ipc.Client (Client.java:handleConnectionFailure(977)) - Retrying connect to server: localhost/127.0.0.1:14995. Already tried 10 time(s); retry policy is RetryUpToMaximumCountWithFixedSleep(maxRetries=15, sleepTime=1000 MILLISECONDS)
2022-01-02 13:17:15,159 [Listener at 0.0.0.0/14343] INFO  http.HttpServer2 (HttpServer2.java:addFilter(1006)) - Added filter static_user_filter (class=org.apache.hadoop.http.lib.StaticUserWebFilter$StaticUserFilter) to context scm
2022-01-02 13:17:15,160 [Listener at 0.0.0.0/14343] INFO  http.HttpServer2 (HttpServer2.java:addFilter(1014)) - Added filter static_user_filter (class=org.apache.hadoop.http.lib.StaticUserWebFilter$StaticUserFilter) to context logs
2022-01-02 13:17:15,160 [Listener at 0.0.0.0/14343] INFO  http.HttpServer2 (HttpServer2.java:addFilter(1014)) - Added filter static_user_filter (class=org.apache.hadoop.http.lib.StaticUserWebFilter$StaticUserFilter) to context static
2022-01-02 13:17:15,160 [org.apache.hadoop.util.JvmPauseMonitor$Monitor@7bb0b7b4] INFO  util.JvmPauseMonitor (JvmPauseMonitor.java:run(188)) - Starting JVM pause monitor
2022-01-02 13:17:15,160 [EndpointStateMachine task thread for /127.0.0.1:15005 - 0 ] INFO  ipc.Client (Client.java:handleConnectionFailure(977)) - Retrying connect to server: localhost/127.0.0.1:15005. Already tried 13 time(s); retry policy is RetryUpToMaximumCountWithFixedSleep(maxRetries=15, sleepTime=1000 MILLISECONDS)
2022-01-02 13:17:15,163 [Listener at 0.0.0.0/14343] INFO  http.HttpServer2 (HttpServer2.java:bindListener(1249)) - Jetty bound to port 14338
2022-01-02 13:17:15,163 [Listener at 0.0.0.0/14343] INFO  server.Server (Server.java:doStart(375)) - jetty-9.4.43.v20210629; built: 2021-06-30T11:07:22.254Z; git: 526006ecfa3af7f1a27ef3a288e2bef7ea9dd7e8; jvm 1.8.0_292-b10
2022-01-02 13:17:15,179 [Listener at 0.0.0.0/14343] INFO  server.session (DefaultSessionIdManager.java:doStart(334)) - DefaultSessionIdManager workerName=node0
2022-01-02 13:17:15,179 [Listener at 0.0.0.0/14343] INFO  server.session (DefaultSessionIdManager.java:doStart(339)) - No SessionScavenger set, using defaults
2022-01-02 13:17:15,180 [Listener at 0.0.0.0/14343] INFO  server.session (HouseKeeper.java:startScavenging(132)) - node0 Scavenging every 600000ms
2022-01-02 13:17:15,182 [Listener at 0.0.0.0/14343] INFO  handler.ContextHandler (ContextHandler.java:doStart(915)) - Started o.e.j.s.ServletContextHandler@6e860ca5{logs,/logs,file:///home/runner/work/ozone/ozone/hadoop-ozone/integration-test/target/log,AVAILABLE}
2022-01-02 13:17:15,182 [Listener at 0.0.0.0/14343] INFO  handler.ContextHandler (ContextHandler.java:doStart(915)) - Started o.e.j.s.ServletContextHandler@912e308{static,/static,file:///home/runner/work/ozone/ozone/hadoop-ozone/integration-test/target/test-classes/webapps/static,AVAILABLE}
2022-01-02 13:17:15,186 [Listener at 0.0.0.0/14343] INFO  handler.ContextHandler (ContextHandler.java:doStart(915)) - Started o.e.j.w.WebAppContext@54210bb8{scm,/,file:///home/runner/work/ozone/ozone/hadoop-ozone/integration-test/target/test-classes/webapps/scm/,AVAILABLE}{file:/home/runner/work/ozone/ozone/hadoop-ozone/integration-test/target/test-classes/webapps/scm}
2022-01-02 13:17:15,193 [EndpointStateMachine task thread for /127.0.0.1:14985 - 0 ] INFO  ipc.Client (Client.java:handleConnectionFailure(977)) - Retrying connect to server: localhost/127.0.0.1:14985. Already tried 13 time(s); retry policy is RetryUpToMaximumCountWithFixedSleep(maxRetries=15, sleepTime=1000 MILLISECONDS)
2022-01-02 13:17:15,194 [Listener at 0.0.0.0/14343] INFO  server.AbstractConnector (AbstractConnector.java:doStart(331)) - Started ServerConnector@55f20d7e{HTTP/1.1, (http/1.1)}{0.0.0.0:14338}
2022-01-02 13:17:15,195 [Listener at 0.0.0.0/14343] INFO  server.Server (Server.java:doStart(415)) - Started @84443ms
2022-01-02 13:17:15,195 [Listener at 0.0.0.0/14343] WARN  impl.MetricsSystemImpl (MetricsSystemImpl.java:register(279)) - Sink prometheus already exists!
2022-01-02 13:17:15,195 [Listener at 0.0.0.0/14343] INFO  http.BaseHttpServer (BaseHttpServer.java:updateConnectorAddress(329)) - HTTP server of scm listening at http://0.0.0.0:14338
2022-01-02 13:17:15,195 [Listener at 0.0.0.0/14343] INFO  ozone.MiniOzoneHAClusterImpl (MiniOzoneHAClusterImpl.java:createSCMService(577)) - Started SCM RPC server at org.apache.hadoop.hdds.scm.server.SCMClientProtocolServer@63574fbf
2022-01-02 13:17:15,196 [Listener at 0.0.0.0/14343] INFO  ha.SCMHANodeDetails (SCMHANodeDetails.java:loadSCMHAConfig(157)) - ServiceID for StorageContainerManager is scm-service-test1
2022-01-02 13:17:15,196 [Listener at 0.0.0.0/14343] INFO  ha.SCMHANodeDetails (SCMHANodeDetails.java:loadSCMHAConfig(168)) - ServiceID for StorageContainerManager is scm-service-test1
2022-01-02 13:17:15,196 [Listener at 0.0.0.0/14343] WARN  scm.ScmUtils (ScmUtils.java:logWarn(179)) - ConfigKey ozone.scm.block.client.address is deprecated, For configuring different ports for each SCM use PortConfigKey ozone.scm.block.client.port appended with serviceId and nodeId. If want to configure same port configure ozone.scm.block.client.port
2022-01-02 13:17:15,197 [Listener at 0.0.0.0/14343] WARN  scm.ScmUtils (ScmUtils.java:logWarn(179)) - ConfigKey ozone.scm.client.address is deprecated, For configuring different ports for each SCM use PortConfigKey ozone.scm.client.port appended with serviceId and nodeId. If want to configure same port configure ozone.scm.client.port
2022-01-02 13:17:15,197 [Listener at 0.0.0.0/14343] WARN  scm.ScmUtils (ScmUtils.java:logWarn(179)) - ConfigKey ozone.scm.datanode.address is deprecated, For configuring different ports for each SCM use PortConfigKey ozone.scm.datanode.port appended with serviceId and nodeId. If want to configure same port configure ozone.scm.datanode.port
2022-01-02 13:17:15,197 [Listener at 0.0.0.0/14343] WARN  scm.ScmUtils (ScmUtils.java:logWarn(179)) - ConfigKey ozone.scm.block.client.address is deprecated, For configuring different ports for each SCM use PortConfigKey ozone.scm.block.client.port appended with serviceId and nodeId. If want to configure same port configure ozone.scm.block.client.port
2022-01-02 13:17:15,197 [Listener at 0.0.0.0/14343] WARN  scm.ScmUtils (ScmUtils.java:logWarn(179)) - ConfigKey ozone.scm.client.address is deprecated, For configuring different ports for each SCM use PortConfigKey ozone.scm.client.port appended with serviceId and nodeId. If want to configure same port configure ozone.scm.client.port
2022-01-02 13:17:15,197 [Listener at 0.0.0.0/14343] WARN  scm.ScmUtils (ScmUtils.java:logWarn(179)) - ConfigKey ozone.scm.datanode.address is deprecated, For configuring different ports for each SCM use PortConfigKey ozone.scm.datanode.port appended with serviceId and nodeId. If want to configure same port configure ozone.scm.datanode.port
2022-01-02 13:17:15,198 [Listener at 0.0.0.0/14343] INFO  ha.SCMHANodeDetails (SCMHANodeDetails.java:loadSCMHAConfig(250)) - Found matching SCM address with SCMServiceId: scm-service-test1, SCMNodeId: scmNode-2, RPC Address: localhost:14350 and Ratis port: 14350
2022-01-02 13:17:15,198 [Listener at 0.0.0.0/14343] INFO  ha.SCMHANodeDetails (ConfUtils.java:setNodeSpecificConfigs(108)) - Setting configuration key ozone.scm.datanode.address with value of key ozone.scm.datanode.address.scm-service-test1.scmNode-2: 127.0.0.1:14351
2022-01-02 13:17:15,198 [Listener at 0.0.0.0/14343] INFO  ha.SCMHANodeDetails (ConfUtils.java:setNodeSpecificConfigs(108)) - Setting configuration key ozone.scm.block.client.address with value of key ozone.scm.block.client.address.scm-service-test1.scmNode-2: 127.0.0.1:14352
2022-01-02 13:17:15,198 [Listener at 0.0.0.0/14343] INFO  ha.SCMHANodeDetails (ConfUtils.java:setNodeSpecificConfigs(108)) - Setting configuration key ozone.scm.client.address with value of key ozone.scm.client.address.scm-service-test1.scmNode-2: 127.0.0.1:14353
2022-01-02 13:17:15,198 [Listener at 0.0.0.0/14343] INFO  ha.SCMHANodeDetails (ConfUtils.java:setNodeSpecificConfigs(108)) - Setting configuration key ozone.scm.ratis.port with value of key ozone.scm.ratis.port.scm-service-test1.scmNode-2: 14350
2022-01-02 13:17:15,198 [Listener at 0.0.0.0/14343] INFO  ha.SCMHANodeDetails (ConfUtils.java:setNodeSpecificConfigs(108)) - Setting configuration key ozone.scm.grpc.port with value of key ozone.scm.grpc.port.scm-service-test1.scmNode-2: 14354
2022-01-02 13:17:15,198 [Listener at 0.0.0.0/14343] INFO  ha.SCMHANodeDetails (ConfUtils.java:setNodeSpecificConfigs(108)) - Setting configuration key ozone.scm.http-address with value of key ozone.scm.http-address.scm-service-test1.scmNode-2: 127.0.0.1:14348
2022-01-02 13:17:15,198 [Listener at 0.0.0.0/14343] INFO  ha.SCMHANodeDetails (ConfUtils.java:setNodeSpecificConfigs(108)) - Setting configuration key ozone.scm.https-address with value of key ozone.scm.https-address.scm-service-test1.scmNode-2: 127.0.0.1:14349
2022-01-02 13:17:15,198 [Listener at 0.0.0.0/14343] INFO  ha.SCMHANodeDetails (ConfUtils.java:setNodeSpecificConfigs(108)) - Setting configuration key ozone.scm.address with value of key ozone.scm.address.scm-service-test1.scmNode-2: 127.0.0.1
2022-01-02 13:17:15,199 [Listener at 0.0.0.0/14343] WARN  scm.ScmUtils (ScmUtils.java:logWarn(179)) - ConfigKey ozone.scm.block.client.address is deprecated, For configuring different ports for each SCM use PortConfigKey ozone.scm.block.client.port appended with serviceId and nodeId. If want to configure same port configure ozone.scm.block.client.port
2022-01-02 13:17:15,199 [Listener at 0.0.0.0/14343] WARN  scm.ScmUtils (ScmUtils.java:logWarn(179)) - ConfigKey ozone.scm.client.address is deprecated, For configuring different ports for each SCM use PortConfigKey ozone.scm.client.port appended with serviceId and nodeId. If want to configure same port configure ozone.scm.client.port
2022-01-02 13:17:15,199 [Listener at 0.0.0.0/14343] WARN  scm.ScmUtils (ScmUtils.java:logWarn(179)) - ConfigKey ozone.scm.datanode.address is deprecated, For configuring different ports for each SCM use PortConfigKey ozone.scm.datanode.port appended with serviceId and nodeId. If want to configure same port configure ozone.scm.datanode.port
2022-01-02 13:17:15,199 [Listener at 0.0.0.0/14343] WARN  server.ServerUtils (ServerUtils.java:getScmDbDir(148)) - ozone.scm.db.dirs is not configured. We recommend adding this setting. Falling back to ozone.metadata.dirs instead.
2022-01-02 13:17:15,200 [Listener at 0.0.0.0/14343] INFO  ha.SCMNodeInfo (SCMNodeInfo.java:getPort(197)) - ConfigKey ozone.scm.client.address is deprecated, For configuring different ports for each SCM use PortConfigKey ozone.scm.client.port appended with serviceId and nodeId
2022-01-02 13:17:15,200 [Listener at 0.0.0.0/14343] INFO  ha.SCMNodeInfo (SCMNodeInfo.java:getPort(197)) - ConfigKey ozone.scm.block.client.address is deprecated, For configuring different ports for each SCM use PortConfigKey ozone.scm.block.client.port appended with serviceId and nodeId
2022-01-02 13:17:15,201 [Listener at 0.0.0.0/14343] INFO  ha.SCMNodeInfo (SCMNodeInfo.java:getPort(197)) - ConfigKey ozone.scm.datanode.address is deprecated, For configuring different ports for each SCM use PortConfigKey ozone.scm.datanode.port appended with serviceId and nodeId
2022-01-02 13:17:15,201 [Listener at 0.0.0.0/14343] INFO  ha.SCMNodeInfo (SCMNodeInfo.java:getPort(197)) - ConfigKey ozone.scm.client.address is deprecated, For configuring different ports for each SCM use PortConfigKey ozone.scm.client.port appended with serviceId and nodeId
2022-01-02 13:17:15,201 [Listener at 0.0.0.0/14343] INFO  ha.SCMNodeInfo (SCMNodeInfo.java:getPort(197)) - ConfigKey ozone.scm.block.client.address is deprecated, For configuring different ports for each SCM use PortConfigKey ozone.scm.block.client.port appended with serviceId and nodeId
2022-01-02 13:17:15,201 [Listener at 0.0.0.0/14343] INFO  ha.SCMNodeInfo (SCMNodeInfo.java:getPort(197)) - ConfigKey ozone.scm.datanode.address is deprecated, For configuring different ports for each SCM use PortConfigKey ozone.scm.datanode.port appended with serviceId and nodeId
2022-01-02 13:17:15,201 [Listener at 0.0.0.0/14343] INFO  ha.SCMNodeInfo (SCMNodeInfo.java:getPort(197)) - ConfigKey ozone.scm.client.address is deprecated, For configuring different ports for each SCM use PortConfigKey ozone.scm.client.port appended with serviceId and nodeId
2022-01-02 13:17:15,201 [Listener at 0.0.0.0/14343] INFO  ha.SCMNodeInfo (SCMNodeInfo.java:getPort(197)) - ConfigKey ozone.scm.block.client.address is deprecated, For configuring different ports for each SCM use PortConfigKey ozone.scm.block.client.port appended with serviceId and nodeId
2022-01-02 13:17:15,213 [Listener at 0.0.0.0/14343] INFO  ha.SCMNodeInfo (SCMNodeInfo.java:getPort(197)) - ConfigKey ozone.scm.datanode.address is deprecated, For configuring different ports for each SCM use PortConfigKey ozone.scm.datanode.port appended with serviceId and nodeId
2022-01-02 13:17:16,160 [EndpointStateMachine task thread for /127.0.0.1:14995 - 0 ] INFO  ipc.Client (Client.java:handleConnectionFailure(977)) - Retrying connect to server: localhost/127.0.0.1:14995. Already tried 11 time(s); retry policy is RetryUpToMaximumCountWithFixedSleep(maxRetries=15, sleepTime=1000 MILLISECONDS)
2022-01-02 13:17:16,161 [EndpointStateMachine task thread for /127.0.0.1:15005 - 0 ] INFO  ipc.Client (Client.java:handleConnectionFailure(977)) - Retrying connect to server: localhost/127.0.0.1:15005. Already tried 14 time(s); retry policy is RetryUpToMaximumCountWithFixedSleep(maxRetries=15, sleepTime=1000 MILLISECONDS)
2022-01-02 13:17:16,194 [EndpointStateMachine task thread for /127.0.0.1:14985 - 0 ] INFO  ipc.Client (Client.java:handleConnectionFailure(977)) - Retrying connect to server: localhost/127.0.0.1:14985. Already tried 14 time(s); retry policy is RetryUpToMaximumCountWithFixedSleep(maxRetries=15, sleepTime=1000 MILLISECONDS)
2022-01-02 13:17:17,160 [EndpointStateMachine task thread for /127.0.0.1:14995 - 0 ] INFO  ipc.Client (Client.java:handleConnectionFailure(977)) - Retrying connect to server: localhost/127.0.0.1:14995. Already tried 12 time(s); retry policy is RetryUpToMaximumCountWithFixedSleep(maxRetries=15, sleepTime=1000 MILLISECONDS)
2022-01-02 13:17:17,162 [EndpointStateMachine task thread for /127.0.0.1:15005 - 0 ] INFO  ipc.Client (Client.java:handleConnectionFailure(977)) - Retrying connect to server: localhost/127.0.0.1:15005. Already tried 0 time(s); retry policy is RetryUpToMaximumCountWithFixedSleep(maxRetries=15, sleepTime=1000 MILLISECONDS)
2022-01-02 13:17:17,195 [EndpointStateMachine task thread for /127.0.0.1:14985 - 0 ] INFO  ipc.Client (Client.java:handleConnectionFailure(977)) - Retrying connect to server: localhost/127.0.0.1:14985. Already tried 0 time(s); retry policy is RetryUpToMaximumCountWithFixedSleep(maxRetries=15, sleepTime=1000 MILLISECONDS)
2022-01-02 13:17:17,235 [Listener at 0.0.0.0/14343] INFO  retry.RetryInvocationHandler (RetryInvocationHandler.java:log(411)) - com.google.protobuf.ServiceException: java.net.ConnectException: Call From fv-az195-8/10.1.0.22 to localhost:14352 failed on connection exception: java.net.ConnectException: Connection refused; For more details see:  http://wiki.apache.org/hadoop/ConnectionRefused, while invoking $Proxy39.send over nodeId=scmNode-2,nodeAddress=/127.0.0.1:14352 after 1 failover attempts. Trying to failover after sleeping for 2000ms.
2022-01-02 13:17:18,161 [EndpointStateMachine task thread for /127.0.0.1:14995 - 0 ] INFO  ipc.Client (Client.java:handleConnectionFailure(977)) - Retrying connect to server: localhost/127.0.0.1:14995. Already tried 13 time(s); retry policy is RetryUpToMaximumCountWithFixedSleep(maxRetries=15, sleepTime=1000 MILLISECONDS)
2022-01-02 13:17:18,163 [EndpointStateMachine task thread for /127.0.0.1:15005 - 0 ] INFO  ipc.Client (Client.java:handleConnectionFailure(977)) - Retrying connect to server: localhost/127.0.0.1:15005. Already tried 1 time(s); retry policy is RetryUpToMaximumCountWithFixedSleep(maxRetries=15, sleepTime=1000 MILLISECONDS)
2022-01-02 13:17:18,195 [EndpointStateMachine task thread for /127.0.0.1:14985 - 0 ] INFO  ipc.Client (Client.java:handleConnectionFailure(977)) - Retrying connect to server: localhost/127.0.0.1:14985. Already tried 1 time(s); retry policy is RetryUpToMaximumCountWithFixedSleep(maxRetries=15, sleepTime=1000 MILLISECONDS)
2022-01-02 13:17:19,162 [EndpointStateMachine task thread for /127.0.0.1:14995 - 0 ] INFO  ipc.Client (Client.java:handleConnectionFailure(977)) - Retrying connect to server: localhost/127.0.0.1:14995. Already tried 14 time(s); retry policy is RetryUpToMaximumCountWithFixedSleep(maxRetries=15, sleepTime=1000 MILLISECONDS)
2022-01-02 13:17:19,163 [EndpointStateMachine task thread for /127.0.0.1:15005 - 0 ] INFO  ipc.Client (Client.java:handleConnectionFailure(977)) - Retrying connect to server: localhost/127.0.0.1:15005. Already tried 2 time(s); retry policy is RetryUpToMaximumCountWithFixedSleep(maxRetries=15, sleepTime=1000 MILLISECONDS)
2022-01-02 13:17:19,196 [EndpointStateMachine task thread for /127.0.0.1:14985 - 0 ] INFO  ipc.Client (Client.java:handleConnectionFailure(977)) - Retrying connect to server: localhost/127.0.0.1:14985. Already tried 2 time(s); retry policy is RetryUpToMaximumCountWithFixedSleep(maxRetries=15, sleepTime=1000 MILLISECONDS)
2022-01-02 13:17:19,237 [Listener at 0.0.0.0/14343] INFO  retry.RetryInvocationHandler (RetryInvocationHandler.java:log(411)) - com.google.protobuf.ServiceException: java.net.ConnectException: Call From fv-az195-8/10.1.0.22 to localhost:14362 failed on connection exception: java.net.ConnectException: Connection refused; For more details see:  http://wiki.apache.org/hadoop/ConnectionRefused, while invoking $Proxy39.send over nodeId=scmNode-3,nodeAddress=/127.0.0.1:14362 after 2 failover attempts. Trying to failover after sleeping for 2000ms.
2022-01-02 13:17:19,940 [5af0e6f8-e325-4784-8af8-34780179857f@group-5D8EB23EFD07-FollowerState] INFO  impl.FollowerState (FollowerState.java:run(134)) - 5af0e6f8-e325-4784-8af8-34780179857f@group-5D8EB23EFD07-FollowerState: change to CANDIDATE, lastRpcElapsedTime:5030098115ns, electionTimeout:5029ms
2022-01-02 13:17:19,941 [5af0e6f8-e325-4784-8af8-34780179857f@group-5D8EB23EFD07-FollowerState] INFO  impl.RoleInfo (RoleInfo.java:shutdownFollowerState(108)) - 5af0e6f8-e325-4784-8af8-34780179857f: shutdown 5af0e6f8-e325-4784-8af8-34780179857f@group-5D8EB23EFD07-FollowerState
2022-01-02 13:17:19,941 [5af0e6f8-e325-4784-8af8-34780179857f@group-5D8EB23EFD07-FollowerState] INFO  server.RaftServer$Division (RaftServerImpl.java:setRole(290)) - 5af0e6f8-e325-4784-8af8-34780179857f@group-5D8EB23EFD07: changes role from  FOLLOWER to CANDIDATE at term 1 for changeToCandidate
2022-01-02 13:17:19,941 [5af0e6f8-e325-4784-8af8-34780179857f@group-5D8EB23EFD07-FollowerState] INFO  server.RaftServerConfigKeys (ConfUtils.java:logGet(44)) - raft.server.leaderelection.pre-vote = false (custom)
2022-01-02 13:17:19,941 [5af0e6f8-e325-4784-8af8-34780179857f@group-5D8EB23EFD07-FollowerState] INFO  impl.RoleInfo (RoleInfo.java:updateAndGet(130)) - 5af0e6f8-e325-4784-8af8-34780179857f: start 5af0e6f8-e325-4784-8af8-34780179857f@group-5D8EB23EFD07-LeaderElection15
2022-01-02 13:17:19,951 [5af0e6f8-e325-4784-8af8-34780179857f@group-5D8EB23EFD07-LeaderElection15] INFO  impl.LeaderElection (LeaderElection.java:askForVotes(306)) - 5af0e6f8-e325-4784-8af8-34780179857f@group-5D8EB23EFD07-LeaderElection15 ELECTION round 0: submit vote requests at term 2 for 0: [5af0e6f8-e325-4784-8af8-34780179857f|rpc:localhost:14340|admin:|client:|dataStream:|priority:0], old=null
2022-01-02 13:17:19,951 [5af0e6f8-e325-4784-8af8-34780179857f@group-5D8EB23EFD07-LeaderElection15] INFO  impl.LeaderElection (LeaderElection.java:askForVotes(308)) - 5af0e6f8-e325-4784-8af8-34780179857f@group-5D8EB23EFD07-LeaderElection15 ELECTION round 0: result PASSED (term=2)
2022-01-02 13:17:19,951 [5af0e6f8-e325-4784-8af8-34780179857f@group-5D8EB23EFD07-LeaderElection15] INFO  impl.RoleInfo (RoleInfo.java:shutdownLeaderElection(121)) - 5af0e6f8-e325-4784-8af8-34780179857f: shutdown 5af0e6f8-e325-4784-8af8-34780179857f@group-5D8EB23EFD07-LeaderElection15
2022-01-02 13:17:19,951 [5af0e6f8-e325-4784-8af8-34780179857f@group-5D8EB23EFD07-LeaderElection15] INFO  server.RaftServer$Division (RaftServerImpl.java:setRole(290)) - 5af0e6f8-e325-4784-8af8-34780179857f@group-5D8EB23EFD07: changes role from CANDIDATE to LEADER at term 2 for changeToLeader
2022-01-02 13:17:19,951 [5af0e6f8-e325-4784-8af8-34780179857f@group-5D8EB23EFD07-LeaderElection15] INFO  ha.SCMStateMachine (SCMStateMachine.java:notifyLeaderChanged(259)) - current SCM becomes leader of term 2.
2022-01-02 13:17:19,951 [5af0e6f8-e325-4784-8af8-34780179857f@group-5D8EB23EFD07-LeaderElection15] INFO  ha.SCMContext (SCMContext.java:updateLeaderAndTerm(90)) - update <isLeader,term> from <false,0> to <true,2>
2022-01-02 13:17:19,951 [5af0e6f8-e325-4784-8af8-34780179857f@group-5D8EB23EFD07-LeaderElection15] INFO  server.RaftServer$Division (ServerState.java:setLeader(285)) - 5af0e6f8-e325-4784-8af8-34780179857f@group-5D8EB23EFD07: change Leader from null to 5af0e6f8-e325-4784-8af8-34780179857f at term 2 for becomeLeader, leader elected after 5153ms
2022-01-02 13:17:19,952 [5af0e6f8-e325-4784-8af8-34780179857f@group-5D8EB23EFD07-LeaderElection15] INFO  server.RaftServerConfigKeys (ConfUtils.java:logGet(44)) - raft.server.staging.catchup.gap = 1000 (default)
2022-01-02 13:17:19,952 [5af0e6f8-e325-4784-8af8-34780179857f@group-5D8EB23EFD07-LeaderElection15] INFO  server.RaftServerConfigKeys (ConfUtils.java:logGet(44)) - raft.server.write.element-limit = 4096 (default)
2022-01-02 13:17:19,952 [5af0e6f8-e325-4784-8af8-34780179857f@group-5D8EB23EFD07-LeaderElection15] INFO  server.RaftServerConfigKeys (ConfUtils.java:logGet(44)) - raft.server.write.byte-limit = 64MB (=67108864) (default)
2022-01-02 13:17:19,952 [5af0e6f8-e325-4784-8af8-34780179857f@group-5D8EB23EFD07-LeaderElection15] INFO  server.RaftServerConfigKeys (ConfUtils.java:logGet(44)) - raft.server.watch.timeout = 10s (default)
2022-01-02 13:17:19,952 [5af0e6f8-e325-4784-8af8-34780179857f@group-5D8EB23EFD07-LeaderElection15] INFO  server.RaftServerConfigKeys (ConfUtils.java:logGet(44)) - raft.server.watch.timeout.denomination = 1s (default)
2022-01-02 13:17:19,952 [5af0e6f8-e325-4784-8af8-34780179857f@group-5D8EB23EFD07-LeaderElection15] INFO  server.RaftServerConfigKeys (ConfUtils.java:logGet(44)) - raft.server.watch.element-limit = 65536 (default)
2022-01-02 13:17:19,952 [5af0e6f8-e325-4784-8af8-34780179857f@group-5D8EB23EFD07-LeaderElection15] INFO  server.RaftServerConfigKeys (ConfUtils.java:logGet(44)) - raft.server.write.element-limit = 4096 (default)
2022-01-02 13:17:19,952 [5af0e6f8-e325-4784-8af8-34780179857f@group-5D8EB23EFD07-LeaderElection15] INFO  server.RaftServerConfigKeys (ConfUtils.java:logGet(44)) - raft.server.write.follower.gap.ratio.max = -1.0 (default)
2022-01-02 13:17:19,953 [5af0e6f8-e325-4784-8af8-34780179857f@group-5D8EB23EFD07-LeaderElection15] INFO  impl.RoleInfo (RoleInfo.java:updateAndGet(130)) - 5af0e6f8-e325-4784-8af8-34780179857f: start 5af0e6f8-e325-4784-8af8-34780179857f@group-5D8EB23EFD07-LeaderStateImpl
2022-01-02 13:17:19,953 [5af0e6f8-e325-4784-8af8-34780179857f@group-5D8EB23EFD07-LeaderElection15] INFO  segmented.SegmentedRaftLogWorker (SegmentedRaftLogWorker.java:rollLogSegment(399)) - 5af0e6f8-e325-4784-8af8-34780179857f@group-5D8EB23EFD07-SegmentedRaftLogWorker: Rolling segment log-0_0 to index:0
2022-01-02 13:17:19,966 [5af0e6f8-e325-4784-8af8-34780179857f@group-5D8EB23EFD07-LeaderElection15] INFO  server.RaftServer$Division (ServerState.java:setRaftConf(387)) - 5af0e6f8-e325-4784-8af8-34780179857f@group-5D8EB23EFD07: set configuration 1: [5af0e6f8-e325-4784-8af8-34780179857f|rpc:localhost:14340|admin:|client:|dataStream:|priority:0], old=null
2022-01-02 13:17:19,966 [5af0e6f8-e325-4784-8af8-34780179857f@group-5D8EB23EFD07-SegmentedRaftLogWorker] INFO  segmented.SegmentedRaftLogWorker (SegmentedRaftLogWorker.java:execute(558)) - 5af0e6f8-e325-4784-8af8-34780179857f@group-5D8EB23EFD07-SegmentedRaftLogWorker: Rolled log segment from /home/runner/work/ozone/ozone/hadoop-ozone/integration-test/target/test-dir/MiniOzoneClusterImpl-c1c80f75-2e15-44e6-8b98-5d8eb23efd07/scmNode-1/scm-ha/c1c80f75-2e15-44e6-8b98-5d8eb23efd07/current/log_inprogress_0 to /home/runner/work/ozone/ozone/hadoop-ozone/integration-test/target/test-dir/MiniOzoneClusterImpl-c1c80f75-2e15-44e6-8b98-5d8eb23efd07/scmNode-1/scm-ha/c1c80f75-2e15-44e6-8b98-5d8eb23efd07/current/log_0-0
2022-01-02 13:17:19,977 [5af0e6f8-e325-4784-8af8-34780179857f@group-5D8EB23EFD07-SegmentedRaftLogWorker] INFO  segmented.SegmentedRaftLogWorker (SegmentedRaftLogWorker.java:execute(601)) - 5af0e6f8-e325-4784-8af8-34780179857f@group-5D8EB23EFD07-SegmentedRaftLogWorker: created new log segment /home/runner/work/ozone/ozone/hadoop-ozone/integration-test/target/test-dir/MiniOzoneClusterImpl-c1c80f75-2e15-44e6-8b98-5d8eb23efd07/scmNode-1/scm-ha/c1c80f75-2e15-44e6-8b98-5d8eb23efd07/current/log_inprogress_1
2022-01-02 13:17:19,978 [5af0e6f8-e325-4784-8af8-34780179857f@group-5D8EB23EFD07-StateMachineUpdater] INFO  ha.SCMContext (SCMContext.java:setLeaderReady(117)) - update <isLeaderReady> from <false> to <true>
2022-01-02 13:17:19,978 [5af0e6f8-e325-4784-8af8-34780179857f@group-5D8EB23EFD07-StateMachineUpdater] INFO  pipeline.BackgroundPipelineCreator (BackgroundPipelineCreator.java:notifyStatusChanged(264)) - Service BackgroundPipelineCreator transitions to RUNNING.
2022-01-02 13:17:19,979 [5af0e6f8-e325-4784-8af8-34780179857f@group-5D8EB23EFD07-StateMachineUpdater] INFO  safemode.HealthyPipelineSafeModeRule (HealthyPipelineSafeModeRule.java:initializeRule(152)) - Refreshed total pipeline count is 0, healthy pipeline threshold count is 1
2022-01-02 13:17:19,979 [5af0e6f8-e325-4784-8af8-34780179857f@group-5D8EB23EFD07-StateMachineUpdater] INFO  safemode.ContainerSafeModeRule (ContainerSafeModeRule.java:reInitializeRule(177)) - Refreshed one replica container threshold 0, currentThreshold 0
2022-01-02 13:17:19,979 [5af0e6f8-e325-4784-8af8-34780179857f@group-5D8EB23EFD07-StateMachineUpdater] INFO  safemode.OneReplicaPipelineSafeModeRule (OneReplicaPipelineSafeModeRule.java:initializeRule(176)) - Refreshed Total pipeline count is 0, pipeline's with at least one datanode reported threshold count is 0
2022-01-02 13:17:19,979 [5af0e6f8-e325-4784-8af8-34780179857f@group-5D8EB23EFD07-StateMachineUpdater] INFO  server.SCMDatanodeProtocolServer (SCMDatanodeProtocolServer.java:start(181)) - ScmDatanodeProtocol RPC server for DataNodes is listening at /0.0.0.0:14341
2022-01-02 13:17:19,985 [IPC Server listener on 14341] INFO  ipc.Server (Server.java:run(1344)) - IPC Server listener on 14341: starting
2022-01-02 13:17:20,003 [IPC Server Responder] INFO  ipc.Server (Server.java:run(1507)) - IPC Server Responder: starting
2022-01-02 13:17:20,163 [EndpointStateMachine task thread for /127.0.0.1:14995 - 0 ] INFO  ipc.Client (Client.java:handleConnectionFailure(977)) - Retrying connect to server: localhost/127.0.0.1:14995. Already tried 0 time(s); retry policy is RetryUpToMaximumCountWithFixedSleep(maxRetries=15, sleepTime=1000 MILLISECONDS)
2022-01-02 13:17:20,164 [EndpointStateMachine task thread for /127.0.0.1:15005 - 0 ] INFO  ipc.Client (Client.java:handleConnectionFailure(977)) - Retrying connect to server: localhost/127.0.0.1:15005. Already tried 3 time(s); retry policy is RetryUpToMaximumCountWithFixedSleep(maxRetries=15, sleepTime=1000 MILLISECONDS)
2022-01-02 13:17:20,196 [EndpointStateMachine task thread for /127.0.0.1:14985 - 0 ] INFO  ipc.Client (Client.java:handleConnectionFailure(977)) - Retrying connect to server: localhost/127.0.0.1:14985. Already tried 3 time(s); retry policy is RetryUpToMaximumCountWithFixedSleep(maxRetries=15, sleepTime=1000 MILLISECONDS)
2022-01-02 13:17:21,164 [EndpointStateMachine task thread for /127.0.0.1:14995 - 0 ] INFO  ipc.Client (Client.java:handleConnectionFailure(977)) - Retrying connect to server: localhost/127.0.0.1:14995. Already tried 1 time(s); retry policy is RetryUpToMaximumCountWithFixedSleep(maxRetries=15, sleepTime=1000 MILLISECONDS)
2022-01-02 13:17:21,164 [EndpointStateMachine task thread for /127.0.0.1:15005 - 0 ] INFO  ipc.Client (Client.java:handleConnectionFailure(977)) - Retrying connect to server: localhost/127.0.0.1:15005. Already tried 4 time(s); retry policy is RetryUpToMaximumCountWithFixedSleep(maxRetries=15, sleepTime=1000 MILLISECONDS)
2022-01-02 13:17:21,196 [EndpointStateMachine task thread for /127.0.0.1:14985 - 0 ] INFO  ipc.Client (Client.java:handleConnectionFailure(977)) - Retrying connect to server: localhost/127.0.0.1:14985. Already tried 4 time(s); retry policy is RetryUpToMaximumCountWithFixedSleep(maxRetries=15, sleepTime=1000 MILLISECONDS)
2022-01-02 13:17:21,247 [Listener at 0.0.0.0/14343] INFO  server.StorageContainerManager (StorageContainerManager.java:scmBootstrap(987)) - SCM BootStrap  is successful for ClusterID c1c80f75-2e15-44e6-8b98-5d8eb23efd07, SCMID 3a1420a4-9adf-490e-ae7f-206b4dea1794
2022-01-02 13:17:21,247 [Listener at 0.0.0.0/14343] INFO  server.StorageContainerManager (StorageContainerManager.java:scmBootstrap(989)) - Primary SCM Node ID 5af0e6f8-e325-4784-8af8-34780179857f
2022-01-02 13:17:21,247 [Listener at 0.0.0.0/14343] INFO  ha.SCMHANodeDetails (SCMHANodeDetails.java:loadSCMHAConfig(157)) - ServiceID for StorageContainerManager is scm-service-test1
2022-01-02 13:17:21,247 [Listener at 0.0.0.0/14343] INFO  ha.SCMHANodeDetails (SCMHANodeDetails.java:loadSCMHAConfig(168)) - ServiceID for StorageContainerManager is scm-service-test1
2022-01-02 13:17:21,247 [Listener at 0.0.0.0/14343] WARN  scm.ScmUtils (ScmUtils.java:logWarn(179)) - ConfigKey ozone.scm.block.client.address is deprecated, For configuring different ports for each SCM use PortConfigKey ozone.scm.block.client.port appended with serviceId and nodeId. If want to configure same port configure ozone.scm.block.client.port
2022-01-02 13:17:21,248 [Listener at 0.0.0.0/14343] WARN  scm.ScmUtils (ScmUtils.java:logWarn(179)) - ConfigKey ozone.scm.client.address is deprecated, For configuring different ports for each SCM use PortConfigKey ozone.scm.client.port appended with serviceId and nodeId. If want to configure same port configure ozone.scm.client.port
2022-01-02 13:17:21,248 [Listener at 0.0.0.0/14343] WARN  scm.ScmUtils (ScmUtils.java:logWarn(179)) - ConfigKey ozone.scm.datanode.address is deprecated, For configuring different ports for each SCM use PortConfigKey ozone.scm.datanode.port appended with serviceId and nodeId. If want to configure same port configure ozone.scm.datanode.port
2022-01-02 13:17:21,248 [Listener at 0.0.0.0/14343] WARN  scm.ScmUtils (ScmUtils.java:logWarn(179)) - ConfigKey ozone.scm.block.client.address is deprecated, For configuring different ports for each SCM use PortConfigKey ozone.scm.block.client.port appended with serviceId and nodeId. If want to configure same port configure ozone.scm.block.client.port
2022-01-02 13:17:21,248 [Listener at 0.0.0.0/14343] WARN  scm.ScmUtils (ScmUtils.java:logWarn(179)) - ConfigKey ozone.scm.client.address is deprecated, For configuring different ports for each SCM use PortConfigKey ozone.scm.client.port appended with serviceId and nodeId. If want to configure same port configure ozone.scm.client.port
2022-01-02 13:17:21,248 [Listener at 0.0.0.0/14343] WARN  scm.ScmUtils (ScmUtils.java:logWarn(179)) - ConfigKey ozone.scm.datanode.address is deprecated, For configuring different ports for each SCM use PortConfigKey ozone.scm.datanode.port appended with serviceId and nodeId. If want to configure same port configure ozone.scm.datanode.port
2022-01-02 13:17:21,248 [Listener at 0.0.0.0/14343] INFO  ha.SCMHANodeDetails (SCMHANodeDetails.java:loadSCMHAConfig(250)) - Found matching SCM address with SCMServiceId: scm-service-test1, SCMNodeId: scmNode-2, RPC Address: localhost:14350 and Ratis port: 14350
2022-01-02 13:17:21,248 [Listener at 0.0.0.0/14343] INFO  ha.SCMHANodeDetails (ConfUtils.java:setNodeSpecificConfigs(108)) - Setting configuration key ozone.scm.datanode.address with value of key ozone.scm.datanode.address.scm-service-test1.scmNode-2: 127.0.0.1:14351
2022-01-02 13:17:21,248 [Listener at 0.0.0.0/14343] INFO  ha.SCMHANodeDetails (ConfUtils.java:setNodeSpecificConfigs(108)) - Setting configuration key ozone.scm.block.client.address with value of key ozone.scm.block.client.address.scm-service-test1.scmNode-2: 127.0.0.1:14352
2022-01-02 13:17:21,249 [Listener at 0.0.0.0/14343] INFO  ha.SCMHANodeDetails (ConfUtils.java:setNodeSpecificConfigs(108)) - Setting configuration key ozone.scm.client.address with value of key ozone.scm.client.address.scm-service-test1.scmNode-2: 127.0.0.1:14353
2022-01-02 13:17:21,249 [Listener at 0.0.0.0/14343] INFO  ha.SCMHANodeDetails (ConfUtils.java:setNodeSpecificConfigs(108)) - Setting configuration key ozone.scm.ratis.port with value of key ozone.scm.ratis.port.scm-service-test1.scmNode-2: 14350
2022-01-02 13:17:21,249 [Listener at 0.0.0.0/14343] INFO  ha.SCMHANodeDetails (ConfUtils.java:setNodeSpecificConfigs(108)) - Setting configuration key ozone.scm.grpc.port with value of key ozone.scm.grpc.port.scm-service-test1.scmNode-2: 14354
2022-01-02 13:17:21,249 [Listener at 0.0.0.0/14343] INFO  ha.SCMHANodeDetails (ConfUtils.java:setNodeSpecificConfigs(108)) - Setting configuration key ozone.scm.http-address with value of key ozone.scm.http-address.scm-service-test1.scmNode-2: 127.0.0.1:14348
2022-01-02 13:17:21,249 [Listener at 0.0.0.0/14343] INFO  ha.SCMHANodeDetails (ConfUtils.java:setNodeSpecificConfigs(108)) - Setting configuration key ozone.scm.https-address with value of key ozone.scm.https-address.scm-service-test1.scmNode-2: 127.0.0.1:14349
2022-01-02 13:17:21,249 [Listener at 0.0.0.0/14343] INFO  ha.SCMHANodeDetails (ConfUtils.java:setNodeSpecificConfigs(108)) - Setting configuration key ozone.scm.address with value of key ozone.scm.address.scm-service-test1.scmNode-2: 127.0.0.1
2022-01-02 13:17:21,249 [Listener at 0.0.0.0/14343] WARN  scm.ScmUtils (ScmUtils.java:logWarn(179)) - ConfigKey ozone.scm.block.client.address is deprecated, For configuring different ports for each SCM use PortConfigKey ozone.scm.block.client.port appended with serviceId and nodeId. If want to configure same port configure ozone.scm.block.client.port
2022-01-02 13:17:21,249 [Listener at 0.0.0.0/14343] WARN  scm.ScmUtils (ScmUtils.java:logWarn(179)) - ConfigKey ozone.scm.client.address is deprecated, For configuring different ports for each SCM use PortConfigKey ozone.scm.client.port appended with serviceId and nodeId. If want to configure same port configure ozone.scm.client.port
2022-01-02 13:17:21,250 [Listener at 0.0.0.0/14343] WARN  scm.ScmUtils (ScmUtils.java:logWarn(179)) - ConfigKey ozone.scm.datanode.address is deprecated, For configuring different ports for each SCM use PortConfigKey ozone.scm.datanode.port appended with serviceId and nodeId. If want to configure same port configure ozone.scm.datanode.port
2022-01-02 13:17:21,250 [Listener at 0.0.0.0/14343] WARN  server.ServerUtils (ServerUtils.java:getScmDbDir(148)) - ozone.scm.db.dirs is not configured. We recommend adding this setting. Falling back to ozone.metadata.dirs instead.
2022-01-02 13:17:21,251 [Listener at 0.0.0.0/14343] INFO  upgrade.AbstractLayoutVersionManager (AbstractLayoutVersionManager.java:init(79)) - Initializing Layout version manager with metadata layout = SCM_HA (version = 2), software layout = SCM_HA (version = 2)
2022-01-02 13:17:21,345 [Listener at 0.0.0.0/14343] INFO  reflections.Reflections (Reflections.java:scan(232)) - Reflections took 93 ms to scan 7 urls, producing 119 keys and 279 values 
2022-01-02 13:17:21,346 [Listener at 0.0.0.0/14343] WARN  utils.HAUtils (HAUtils.java:getMetaDir(342)) - ozone.scm.db.dirs is not configured. We recommend adding this setting. Falling back to ozone.metadata.dirs instead.
2022-01-02 13:17:21,353 [Listener at 0.0.0.0/14343] WARN  db.DBStoreBuilder (DBStoreBuilder.java:applyDBDefinition(145)) - ozone.scm.db.dirs is not configured. We recommend adding this setting. Falling back to ozone.metadata.dirs instead.
2022-01-02 13:17:21,463 [Listener at 0.0.0.0/14343] INFO  net.NodeSchemaLoader (NodeSchemaLoader.java:loadSchemaFromFile(129)) - Loading schema from [jar:file:/home/runner/.m2/repository/org/apache/ozone/hdds-common/1.3.0-SNAPSHOT/hdds-common-1.3.0-SNAPSHOT.jar!/network-topology-default.xml]
2022-01-02 13:17:21,464 [Listener at 0.0.0.0/14343] INFO  net.NodeSchemaLoader (NodeSchemaLoader.java:loadSchema(176)) - Loading network topology layer schema file
2022-01-02 13:17:21,466 [Listener at 0.0.0.0/14343] WARN  impl.MetricRegistriesImpl (MetricRegistriesImpl.java:addReporterRegistration(111)) - New reporters are added after registries were created. Some metrics will be missing from the reporter. Please add reporter before adding any new registry.
2022-01-02 13:17:21,466 [Listener at 0.0.0.0/14343] WARN  impl.MetricRegistriesImpl (MetricRegistriesImpl.java:addReporterRegistration(111)) - New reporters are added after registries were created. Some metrics will be missing from the reporter. Please add reporter before adding any new registry.
2022-01-02 13:17:21,467 [Listener at 0.0.0.0/14343] INFO  ha.SCMRatisServerImpl (SCMRatisServerImpl.java:<init>(87)) - starting Raft server for scm:3a1420a4-9adf-490e-ae7f-206b4dea1794
2022-01-02 13:17:21,468 [Listener at 0.0.0.0/14343] INFO  server.RaftServer (ConfUtils.java:logGet(44)) - raft.rpc.type = GRPC (default)
2022-01-02 13:17:21,468 [Listener at 0.0.0.0/14343] INFO  grpc.GrpcFactory (GrpcFactory.java:checkPooledByteBufAllocatorUseCacheForAllThreads(48)) - PERFORMANCE WARNING: useCacheForAllThreads is true that may cause Netty to create a lot garbage objects and, as a result, trigger GC.
	It is recommended to disable useCacheForAllThreads by setting -Dorg.apache.ratis.thirdparty.io.netty.allocator.useCacheForAllThreads=false in command line.
2022-01-02 13:17:21,468 [Listener at 0.0.0.0/14343] INFO  grpc.GrpcConfigKeys (ConfUtils.java:logGet(44)) - raft.grpc.admin.port = -1 (default)
2022-01-02 13:17:21,468 [Listener at 0.0.0.0/14343] INFO  grpc.GrpcConfigKeys (ConfUtils.java:logGet(44)) - raft.grpc.server.port = 14350 (custom)
2022-01-02 13:17:21,468 [Listener at 0.0.0.0/14343] INFO  grpc.GrpcConfigKeys (ConfUtils.java:logGet(44)) - raft.grpc.client.port = -1 (default)
2022-01-02 13:17:21,469 [Listener at 0.0.0.0/14343] INFO  grpc.GrpcConfigKeys (ConfUtils.java:logGet(44)) - raft.grpc.server.port = 14350 (custom)
2022-01-02 13:17:21,469 [Listener at 0.0.0.0/14343] INFO  grpc.GrpcConfigKeys (ConfUtils.java:logGet(44)) - raft.grpc.server.port = 14350 (custom)
2022-01-02 13:17:21,469 [Listener at 0.0.0.0/14343] INFO  server.GrpcService (ConfUtils.java:logGet(44)) - raft.grpc.message.size.max = 32m (=33554432) (custom)
2022-01-02 13:17:21,469 [Listener at 0.0.0.0/14343] INFO  server.RaftServerConfigKeys (ConfUtils.java:logGet(44)) - raft.server.log.appender.buffer.byte-limit = 33554432 (custom)
2022-01-02 13:17:21,469 [Listener at 0.0.0.0/14343] INFO  server.GrpcService (ConfUtils.java:logGet(44)) - raft.grpc.flow.control.window = 1MB (=1048576) (default)
2022-01-02 13:17:21,469 [Listener at 0.0.0.0/14343] INFO  server.RaftServerConfigKeys (ConfUtils.java:logGet(44)) - raft.server.rpc.request.timeout = 30000ms (custom)
2022-01-02 13:17:21,470 [Listener at 0.0.0.0/14343] INFO  impl.DataStreamServerImpl (ConfUtils.java:logGet(44)) - raft.datastream.type = DISABLED (default)
2022-01-02 13:17:21,471 [Listener at 0.0.0.0/14343] INFO  server.RaftServerConfigKeys (ConfUtils.java:logGet(44)) - raft.server.rpc.slowness.timeout = 120000ms (custom)
2022-01-02 13:17:21,471 [Listener at 0.0.0.0/14343] INFO  server.RaftServerConfigKeys (ConfUtils.java:logGet(44)) - raft.server.leaderelection.leader.step-down.wait-time = 10s (default)
2022-01-02 13:17:21,471 [Listener at 0.0.0.0/14343] INFO  server.RaftServerConfigKeys (ConfUtils.java:logGet(44)) - raft.server.storage.dir = [/home/runner/work/ozone/ozone/hadoop-ozone/integration-test/target/test-dir/MiniOzoneClusterImpl-c1c80f75-2e15-44e6-8b98-5d8eb23efd07/scmNode-2/scm-ha] (custom)
2022-01-02 13:17:21,471 [Listener at 0.0.0.0/14343] INFO  server.RaftServer (RaftServerProxy.java:addNew(95)) - 3a1420a4-9adf-490e-ae7f-206b4dea1794: addNew group-5D8EB23EFD07:[] returns group-5D8EB23EFD07:java.util.concurrent.CompletableFuture@160a3238[Not completed]
2022-01-02 13:17:21,472 [pool-229-thread-1] INFO  server.RaftServer$Division (RaftServerImpl.java:<init>(184)) - 3a1420a4-9adf-490e-ae7f-206b4dea1794: new RaftServerImpl for group-5D8EB23EFD07:[] with SCMStateMachine:uninitialized
2022-01-02 13:17:21,474 [pool-229-thread-1] INFO  server.RaftServerConfigKeys (ConfUtils.java:logGet(44)) - raft.server.rpc.timeout.min = 5000ms (custom)
2022-01-02 13:17:21,474 [pool-229-thread-1] INFO  server.RaftServerConfigKeys (ConfUtils.java:logGet(44)) - raft.server.rpc.timeout.max = 5200ms (custom)
2022-01-02 13:17:21,474 [pool-229-thread-1] INFO  server.RaftServerConfigKeys (ConfUtils.java:logGet(44)) - raft.server.rpc.sleep.time = 25ms (default)
2022-01-02 13:17:21,474 [pool-229-thread-1] INFO  server.RaftServerConfigKeys (ConfUtils.java:logGet(44)) - raft.server.rpc.slowness.timeout = 120000ms (custom)
2022-01-02 13:17:21,474 [pool-229-thread-1] INFO  server.RaftServerConfigKeys (ConfUtils.java:logGet(44)) - raft.server.leaderelection.leader.step-down.wait-time = 10s (default)
2022-01-02 13:17:21,474 [pool-229-thread-1] INFO  server.RaftServerConfigKeys (ConfUtils.java:logGet(44)) - raft.server.sleep.deviation.threshold = 300ms (default)
2022-01-02 13:17:21,474 [pool-229-thread-1] INFO  server.RaftServerConfigKeys (ConfUtils.java:logGet(44)) - raft.server.log.appender.install.snapshot.enabled = false (custom)
2022-01-02 13:17:21,474 [pool-229-thread-1] INFO  server.RaftServer$Division (ServerState.java:<init>(105)) - 3a1420a4-9adf-490e-ae7f-206b4dea1794@group-5D8EB23EFD07: ConfigurationManager, init=-1: [], old=null, confs=<EMPTY_MAP>
2022-01-02 13:17:21,475 [pool-229-thread-1] INFO  server.RaftServerConfigKeys (ConfUtils.java:logGet(44)) - raft.server.storage.dir = [/home/runner/work/ozone/ozone/hadoop-ozone/integration-test/target/test-dir/MiniOzoneClusterImpl-c1c80f75-2e15-44e6-8b98-5d8eb23efd07/scmNode-2/scm-ha] (custom)
2022-01-02 13:17:21,475 [pool-229-thread-1] INFO  server.RaftServerConfigKeys (ConfUtils.java:logGet(44)) - raft.server.log.corruption.policy = EXCEPTION (default)
2022-01-02 13:17:21,475 [pool-229-thread-1] INFO  server.RaftServerConfigKeys (ConfUtils.java:logGet(44)) - raft.server.storage.free-space.min = 0MB (=0) (default)
2022-01-02 13:17:21,475 [pool-229-thread-1] INFO  storage.RaftStorageDirectory (RaftStorageDirectoryImpl.java:analyzeStorage(135)) - The storage directory /home/runner/work/ozone/ozone/hadoop-ozone/integration-test/target/test-dir/MiniOzoneClusterImpl-c1c80f75-2e15-44e6-8b98-5d8eb23efd07/scmNode-2/scm-ha/c1c80f75-2e15-44e6-8b98-5d8eb23efd07 does not exist. Creating ...
2022-01-02 13:17:21,480 [pool-229-thread-1] INFO  storage.RaftStorageDirectory (RaftStorageDirectoryImpl.java:tryLock(230)) - Lock on /home/runner/work/ozone/ozone/hadoop-ozone/integration-test/target/test-dir/MiniOzoneClusterImpl-c1c80f75-2e15-44e6-8b98-5d8eb23efd07/scmNode-2/scm-ha/c1c80f75-2e15-44e6-8b98-5d8eb23efd07/in_use.lock acquired by nodename 7823@fv-az195-8
2022-01-02 13:17:21,481 [pool-229-thread-1] INFO  storage.RaftStorage (RaftStorageImpl.java:format(89)) - Storage directory /home/runner/work/ozone/ozone/hadoop-ozone/integration-test/target/test-dir/MiniOzoneClusterImpl-c1c80f75-2e15-44e6-8b98-5d8eb23efd07/scmNode-2/scm-ha/c1c80f75-2e15-44e6-8b98-5d8eb23efd07 has been successfully formatted.
2022-01-02 13:17:21,481 [pool-229-thread-1] INFO  server.RaftServerConfigKeys (ConfUtils.java:logGet(44)) - raft.server.notification.no-leader.timeout = 60s (default)
2022-01-02 13:17:21,481 [pool-229-thread-1] INFO  server.RaftServerConfigKeys (ConfUtils.java:logGet(44)) - raft.server.log.use.memory = false (default)
2022-01-02 13:17:21,481 [pool-229-thread-1] INFO  server.RaftServerConfigKeys (ConfUtils.java:logGet(44)) - raft.server.log.purge.gap = 5 (custom)
2022-01-02 13:17:21,481 [pool-229-thread-1] INFO  server.RaftServerConfigKeys (ConfUtils.java:logGet(44)) - raft.server.log.appender.buffer.byte-limit = 33554432 (custom)
2022-01-02 13:17:21,481 [pool-229-thread-1] INFO  server.RaftServerConfigKeys (ConfUtils.java:logGet(44)) - raft.server.log.segment.size.max = 4194304 (custom)
2022-01-02 13:17:21,482 [pool-229-thread-1] INFO  server.RaftServerConfigKeys (ConfUtils.java:logGet(44)) - raft.server.log.segment.cache.num.max = 2 (custom)
2022-01-02 13:17:21,482 [pool-229-thread-1] INFO  server.RaftServerConfigKeys (ConfUtils.java:logGet(44)) - raft.server.log.segment.cache.size.max = 200MB (=209715200) (default)
2022-01-02 13:17:21,482 [pool-229-thread-1] INFO  segmented.SegmentedRaftLogWorker (SegmentedRaftLogWorker.java:<init>(182)) - new 3a1420a4-9adf-490e-ae7f-206b4dea1794@group-5D8EB23EFD07-SegmentedRaftLogWorker for RaftStorageImpl:Storage Directory /home/runner/work/ozone/ozone/hadoop-ozone/integration-test/target/test-dir/MiniOzoneClusterImpl-c1c80f75-2e15-44e6-8b98-5d8eb23efd07/scmNode-2/scm-ha/c1c80f75-2e15-44e6-8b98-5d8eb23efd07
2022-01-02 13:17:21,482 [pool-229-thread-1] INFO  server.RaftServerConfigKeys (ConfUtils.java:logGet(44)) - raft.server.log.queue.byte-limit = 64MB (=67108864) (default)
2022-01-02 13:17:21,482 [pool-229-thread-1] INFO  server.RaftServerConfigKeys (ConfUtils.java:logGet(44)) - raft.server.log.queue.element-limit = 4096 (default)
2022-01-02 13:17:21,482 [pool-229-thread-1] INFO  server.RaftServerConfigKeys (ConfUtils.java:logGet(44)) - raft.server.log.segment.size.max = 4194304 (custom)
2022-01-02 13:17:21,482 [pool-229-thread-1] INFO  server.RaftServerConfigKeys (ConfUtils.java:logGet(44)) - raft.server.log.preallocated.size = 4194304 (custom)
2022-01-02 13:17:21,482 [pool-229-thread-1] INFO  server.RaftServerConfigKeys (ConfUtils.java:logGet(44)) - raft.server.log.force.sync.num = 128 (default)
2022-01-02 13:17:21,482 [pool-229-thread-1] INFO  server.RaftServerConfigKeys (ConfUtils.java:logGet(44)) - raft.server.log.statemachine.data.sync = true (default)
2022-01-02 13:17:21,482 [pool-229-thread-1] INFO  server.RaftServerConfigKeys (ConfUtils.java:logGet(44)) - raft.server.log.statemachine.data.sync.timeout = 10s (default)
2022-01-02 13:17:21,482 [pool-229-thread-1] INFO  server.RaftServerConfigKeys (ConfUtils.java:logGet(44)) - raft.server.log.statemachine.data.sync.timeout.retry = -1 (default)
2022-01-02 13:17:21,483 [pool-229-thread-1] INFO  server.RaftServerConfigKeys (ConfUtils.java:logGet(44)) - raft.server.log.write.buffer.size = 64KB (=65536) (default)
2022-01-02 13:17:21,483 [pool-229-thread-1] INFO  server.RaftServerConfigKeys (ConfUtils.java:logGet(44)) - raft.server.log.statemachine.data.caching.enabled = false (default)
2022-01-02 13:17:21,483 [pool-229-thread-1] INFO  segmented.SegmentedRaftLogWorker (SegmentedRaftLogWorker.java:lambda$new$0(133)) - 3a1420a4-9adf-490e-ae7f-206b4dea1794@group-5D8EB23EFD07-SegmentedRaftLogWorker: flushIndex: setUnconditionally 0 -> -1
2022-01-02 13:17:21,483 [pool-229-thread-1] INFO  segmented.SegmentedRaftLogWorker (SegmentedRaftLogWorker.java:lambda$new$0(133)) - 3a1420a4-9adf-490e-ae7f-206b4dea1794@group-5D8EB23EFD07-SegmentedRaftLogWorker: safeCacheEvictIndex: setUnconditionally 0 -> -1
2022-01-02 13:17:21,484 [pool-229-thread-1] INFO  server.RaftServerConfigKeys (ConfUtils.java:logGet(44)) - raft.server.snapshot.auto.trigger.enabled = true (custom)
2022-01-02 13:17:21,484 [pool-229-thread-1] INFO  server.RaftServerConfigKeys (ConfUtils.java:logGet(44)) - raft.server.snapshot.auto.trigger.threshold = 5 (custom)
2022-01-02 13:17:21,484 [pool-229-thread-1] INFO  server.RaftServerConfigKeys (ConfUtils.java:logGet(44)) - raft.server.snapshot.retention.file.num = -1 (default)
2022-01-02 13:17:21,484 [pool-229-thread-1] INFO  server.RaftServerConfigKeys (ConfUtils.java:logGet(44)) - raft.server.log.purge.upto.snapshot.index = true (custom)
2022-01-02 13:17:21,484 [pool-229-thread-1] INFO  server.RaftServerConfigKeys (ConfUtils.java:logGet(44)) - raft.server.retrycache.expirytime = 60000ms (default)
2022-01-02 13:17:21,484 [pool-229-thread-1] INFO  server.RaftServerConfigKeys (ConfUtils.java:logGet(44)) - raft.server.retrycache.statistics.expirytime = 100μs (default)
2022-01-02 13:17:21,485 [Listener at 0.0.0.0/14343] INFO  ha.SCMSnapshotProvider (SCMSnapshotProvider.java:<init>(66)) - Initializing SCM Snapshot Provider
2022-01-02 13:17:21,485 [Listener at 0.0.0.0/14343] WARN  server.ServerUtils (ServerUtils.java:getDefaultRatisDirectory(237)) - Storage directory for Ratis is not configured. It is a good idea to map this to an SSD disk. Falling back to ozone.metadata.dirs
2022-01-02 13:17:21,485 [Listener at 0.0.0.0/14343] WARN  ha.SCMHAUtils (SCMHAUtils.java:getSCMRatisSnapshotDirectory(146)) - SCM snapshot dir is not configured. Falling back to ozone.metadata.dirs config
2022-01-02 13:17:21,486 [Listener at 0.0.0.0/14343] INFO  ha.SequenceIdGenerator (SequenceIdGenerator.java:upgradeToSequenceId(347)) - upgrade localId to 109611004723200000
2022-01-02 13:17:21,486 [Listener at 0.0.0.0/14343] INFO  ha.SequenceIdGenerator (SequenceIdGenerator.java:upgradeToSequenceId(357)) - upgrade delTxnId to 0
2022-01-02 13:17:21,486 [Listener at 0.0.0.0/14343] INFO  ha.SequenceIdGenerator (SequenceIdGenerator.java:upgradeToSequenceId(371)) - upgrade containerId to 0
2022-01-02 13:17:21,487 [Listener at 0.0.0.0/14343] INFO  ha.SequenceIdGenerator (SequenceIdGenerator.java:<init>(218)) - Init the HA SequenceIdGenerator.
2022-01-02 13:17:21,487 [Listener at 0.0.0.0/14343] WARN  server.ServerUtils (ServerUtils.java:sanitizeUserArgs(73)) - ozone.scm.stale.node.interval value = 300000 is larger than max = 100000 based on the key value of ozone.scm.heartbeat.thread.interval, reset to the max value 100000.
2022-01-02 13:17:21,487 [Listener at 0.0.0.0/14343] WARN  server.ServerUtils (ServerUtils.java:sanitizeUserArgs(73)) - ozone.scm.stale.node.interval value = 300000 is larger than max = 100000 based on the key value of ozone.scm.heartbeat.thread.interval, reset to the max value 100000.
2022-01-02 13:17:21,487 [Listener at 0.0.0.0/14343] INFO  node.SCMNodeManager (SCMNodeManager.java:<init>(144)) - Entering startup safe mode.
2022-01-02 13:17:21,488 [Listener at 0.0.0.0/14343] INFO  algorithms.ContainerPlacementPolicyFactory (ContainerPlacementPolicyFactory.java:getPolicy(60)) - Create container placement policy of type org.apache.hadoop.hdds.scm.container.placement.algorithms.SCMContainerPlacementRandom
2022-01-02 13:17:21,489 [Listener at 0.0.0.0/14343] INFO  pipeline.PipelineStateManagerImpl (PipelineStateManagerImpl.java:initialize(78)) - No pipeline exists in current db
2022-01-02 13:17:21,489 [Listener at 0.0.0.0/14343] INFO  algorithms.LeaderChoosePolicyFactory (LeaderChoosePolicyFactory.java:getPolicy(57)) - Create leader choose policy of type org.apache.hadoop.hdds.scm.pipeline.leader.choose.algorithms.MinLeaderCountChoosePolicy
2022-01-02 13:17:21,489 [Listener at 0.0.0.0/14343] INFO  ha.SCMServiceManager (SCMServiceManager.java:register(43)) - Registering service BackgroundPipelineCreator.
2022-01-02 13:17:21,489 [Listener at 0.0.0.0/14343] INFO  pipeline.BackgroundPipelineCreator (BackgroundPipelineCreator.java:start(130)) - Starting RatisPipelineUtilsThread.
2022-01-02 13:17:21,490 [Listener at 0.0.0.0/14343] INFO  algorithms.PipelineChoosePolicyFactory (PipelineChoosePolicyFactory.java:createPipelineChoosePolicyFromClass(73)) - Create pipeline choose policy of type org.apache.hadoop.hdds.scm.pipeline.choose.algorithms.RandomPipelineChoosePolicy
2022-01-02 13:17:21,490 [Listener at 0.0.0.0/14343] INFO  ha.SCMServiceManager (SCMServiceManager.java:register(43)) - Registering service SCMBlockDeletingService.
2022-01-02 13:17:21,491 [Listener at 0.0.0.0/14343] INFO  ha.SCMServiceManager (SCMServiceManager.java:register(43)) - Registering service ReplicationManager.
2022-01-02 13:17:21,491 [Listener at 0.0.0.0/14343] INFO  container.ReplicationManager (ReplicationManager.java:start(319)) - Starting Replication Monitor Thread.
2022-01-02 13:17:21,492 [Listener at 0.0.0.0/14343] INFO  safemode.ContainerSafeModeRule (ContainerSafeModeRule.java:<init>(89)) - containers with one replica threshold count 0
2022-01-02 13:17:21,492 [Listener at 0.0.0.0/14343] INFO  safemode.HealthyPipelineSafeModeRule (HealthyPipelineSafeModeRule.java:initializeRule(156)) - Total pipeline count is 0, healthy pipeline threshold count is 1
2022-01-02 13:17:21,493 [Listener at 0.0.0.0/14343] INFO  safemode.OneReplicaPipelineSafeModeRule (OneReplicaPipelineSafeModeRule.java:initializeRule(180)) - Total pipeline count is 0, pipeline's with at least one datanode reported threshold count is 0
2022-01-02 13:17:21,493 [Listener at 0.0.0.0/14343] INFO  ipc.CallQueueManager (CallQueueManager.java:<init>(90)) - Using callQueue: class java.util.concurrent.LinkedBlockingQueue, queueCapacity: 2000, scheduler: class org.apache.hadoop.ipc.DefaultRpcScheduler, ipcBackoff: false.
2022-01-02 13:17:21,494 [Socket Reader #1 for port 14351] INFO  ipc.Server (Server.java:run(1265)) - Starting Socket Reader #1 for port 14351
2022-01-02 13:17:21,495 [Listener at 0.0.0.0/14351] INFO  ipc.CallQueueManager (CallQueueManager.java:<init>(90)) - Using callQueue: class java.util.concurrent.LinkedBlockingQueue, queueCapacity: 2000, scheduler: class org.apache.hadoop.ipc.DefaultRpcScheduler, ipcBackoff: false.
2022-01-02 13:17:21,496 [Socket Reader #1 for port 14352] INFO  ipc.Server (Server.java:run(1265)) - Starting Socket Reader #1 for port 14352
2022-01-02 13:17:21,498 [Listener at 0.0.0.0/14352] INFO  ipc.CallQueueManager (CallQueueManager.java:<init>(90)) - Using callQueue: class java.util.concurrent.LinkedBlockingQueue, queueCapacity: 2000, scheduler: class org.apache.hadoop.ipc.DefaultRpcScheduler, ipcBackoff: false.
2022-01-02 13:17:21,513 [Socket Reader #1 for port 14353] INFO  ipc.Server (Server.java:run(1265)) - Starting Socket Reader #1 for port 14353
2022-01-02 13:17:21,522 [ReplicationMonitor] INFO  container.ReplicationManager (ReplicationManager.java:processAll(371)) - Replication Monitor Thread took 0 milliseconds for processing 0 containers.
2022-01-02 13:17:21,566 [Listener at 0.0.0.0/14353] INFO  algorithms.ContainerPlacementPolicyFactory (ContainerPlacementPolicyFactory.java:getPolicy(60)) - Create container placement policy of type org.apache.hadoop.hdds.scm.container.placement.algorithms.SCMContainerPlacementRandom
2022-01-02 13:17:21,570 [Listener at 0.0.0.0/14353] INFO  server.StorageContainerManager (StorageContainerManager.java:<init>(388)) - 
Container Balancer status:
Key                            Value
Running                        false
Container Balancer Configuration values:
Key                                                Value
Threshold                                          0.1
Max Datanodes to Involve per Iteration(ratio)      0.2
Max Size to Move per Iteration                     30GB
Max Size Entering Target per Iteration             26GB
Max Size Leaving Source per Iteration              26GB

2022-01-02 13:17:21,570 [Listener at 0.0.0.0/14353] WARN  events.EventQueue (EventQueue.java:fireEvent(194)) - No event handler registered for event TypedEvent{payloadType=SafeModeStatus, name='Safe mode status'}
2022-01-02 13:17:21,570 [Listener at 0.0.0.0/14353] INFO  ha.SCMContext (SCMContext.java:updateSafeModeStatus(211)) - Update SafeModeStatus from SafeModeStatus{safeModeStatus=true, preCheckPassed=false} to SafeModeStatus{safeModeStatus=true, preCheckPassed=false}.
2022-01-02 13:17:21,571 [Listener at 0.0.0.0/14353] INFO  server.StorageContainerManager (StorageContainerManager.java:start(1303)) - StorageContainerLocationProtocol RPC server is listening at /0.0.0.0:14353
2022-01-02 13:17:21,577 [Listener at 0.0.0.0/14353] INFO  ha.SCMRatisServerImpl (SCMRatisServerImpl.java:start(177)) - starting ratis server 0.0.0.0:14350
2022-01-02 13:17:21,577 [Listener at 0.0.0.0/14353] INFO  server.RaftServer$Division (RaftServerImpl.java:start(304)) - 3a1420a4-9adf-490e-ae7f-206b4dea1794@group-5D8EB23EFD07: start with initializing state, conf=-1: [], old=null
2022-01-02 13:17:21,578 [Listener at 0.0.0.0/14353] INFO  server.RaftServer$Division (RaftServerImpl.java:setRole(290)) - 3a1420a4-9adf-490e-ae7f-206b4dea1794@group-5D8EB23EFD07: changes role from      null to FOLLOWER at term 0 for startInitializing
2022-01-02 13:17:21,578 [Listener at 0.0.0.0/14353] INFO  util.JmxRegister (JmxRegister.java:tryRegister(44)) - Successfully registered JMX Bean with object name Ratis:service=RaftServer,group=group-5D8EB23EFD07,id=3a1420a4-9adf-490e-ae7f-206b4dea1794
2022-01-02 13:17:21,579 [Listener at 0.0.0.0/14353] INFO  server.RaftServer (RaftServerProxy.java:lambda$start$5(374)) - 3a1420a4-9adf-490e-ae7f-206b4dea1794: start RPC server
2022-01-02 13:17:21,579 [Listener at 0.0.0.0/14353] INFO  server.GrpcService (GrpcService.java:startImpl(253)) - 3a1420a4-9adf-490e-ae7f-206b4dea1794: GrpcService started, listening on 14350
2022-01-02 13:17:21,583 [Listener at 0.0.0.0/14353] INFO  ha.SCMNodeInfo (SCMNodeInfo.java:getPort(197)) - ConfigKey ozone.scm.client.address is deprecated, For configuring different ports for each SCM use PortConfigKey ozone.scm.client.port appended with serviceId and nodeId
2022-01-02 13:17:21,583 [Listener at 0.0.0.0/14353] INFO  ha.SCMNodeInfo (SCMNodeInfo.java:getPort(197)) - ConfigKey ozone.scm.block.client.address is deprecated, For configuring different ports for each SCM use PortConfigKey ozone.scm.block.client.port appended with serviceId and nodeId
2022-01-02 13:17:21,583 [Listener at 0.0.0.0/14353] INFO  ha.SCMNodeInfo (SCMNodeInfo.java:getPort(197)) - ConfigKey ozone.scm.datanode.address is deprecated, For configuring different ports for each SCM use PortConfigKey ozone.scm.datanode.port appended with serviceId and nodeId
2022-01-02 13:17:21,583 [Listener at 0.0.0.0/14353] INFO  ha.SCMNodeInfo (SCMNodeInfo.java:getPort(197)) - ConfigKey ozone.scm.client.address is deprecated, For configuring different ports for each SCM use PortConfigKey ozone.scm.client.port appended with serviceId and nodeId
2022-01-02 13:17:21,583 [Listener at 0.0.0.0/14353] INFO  ha.SCMNodeInfo (SCMNodeInfo.java:getPort(197)) - ConfigKey ozone.scm.block.client.address is deprecated, For configuring different ports for each SCM use PortConfigKey ozone.scm.block.client.port appended with serviceId and nodeId
2022-01-02 13:17:21,583 [Listener at 0.0.0.0/14353] INFO  ha.SCMNodeInfo (SCMNodeInfo.java:getPort(197)) - ConfigKey ozone.scm.datanode.address is deprecated, For configuring different ports for each SCM use PortConfigKey ozone.scm.datanode.port appended with serviceId and nodeId
2022-01-02 13:17:21,584 [Listener at 0.0.0.0/14353] INFO  ha.SCMNodeInfo (SCMNodeInfo.java:getPort(197)) - ConfigKey ozone.scm.client.address is deprecated, For configuring different ports for each SCM use PortConfigKey ozone.scm.client.port appended with serviceId and nodeId
2022-01-02 13:17:21,584 [Listener at 0.0.0.0/14353] INFO  ha.SCMNodeInfo (SCMNodeInfo.java:getPort(197)) - ConfigKey ozone.scm.block.client.address is deprecated, For configuring different ports for each SCM use PortConfigKey ozone.scm.block.client.port appended with serviceId and nodeId
2022-01-02 13:17:21,584 [Listener at 0.0.0.0/14353] INFO  ha.SCMNodeInfo (SCMNodeInfo.java:getPort(197)) - ConfigKey ozone.scm.datanode.address is deprecated, For configuring different ports for each SCM use PortConfigKey ozone.scm.datanode.port appended with serviceId and nodeId
2022-01-02 13:17:21,607 [org.apache.ratis.util.JvmPauseMonitor$$Lambda$499/1697441364@5e048e65] INFO  util.JvmPauseMonitor (JvmPauseMonitor.java:run(103)) - JvmPauseMonitor-3a1420a4-9adf-490e-ae7f-206b4dea1794: Started
2022-01-02 13:17:21,621 [IPC Server handler 2 on default port 14342] INFO  ha.SCMRatisServerImpl (SCMRatisServerImpl.java:addSCM(291)) - 5af0e6f8-e325-4784-8af8-34780179857f: Submitting SetConfiguration request to Ratis server with new SCM peers list: [5af0e6f8-e325-4784-8af8-34780179857f|rpc:localhost:14340|admin:|client:|dataStream:|priority:0, 3a1420a4-9adf-490e-ae7f-206b4dea1794|rpc:localhost:14350|priority:0]
2022-01-02 13:17:21,621 [IPC Server handler 2 on default port 14342] INFO  server.RaftServer$Division (RaftServerImpl.java:setConfigurationAsync(974)) - 5af0e6f8-e325-4784-8af8-34780179857f@group-5D8EB23EFD07: receive setConfiguration SetConfigurationRequest:client-A5459ECF0E1B->5af0e6f8-e325-4784-8af8-34780179857f@group-5D8EB23EFD07, cid=0, seq=0, RW, null, peers:[5af0e6f8-e325-4784-8af8-34780179857f|rpc:localhost:14340|admin:|client:|dataStream:|priority:0, 3a1420a4-9adf-490e-ae7f-206b4dea1794|rpc:localhost:14350|priority:0]
2022-01-02 13:17:21,621 [IPC Server handler 2 on default port 14342] INFO  server.RaftServer$Division (LeaderStateImpl.java:startSetConfiguration(358)) - 5af0e6f8-e325-4784-8af8-34780179857f@group-5D8EB23EFD07-LeaderStateImpl: startSetConfiguration SetConfigurationRequest:client-A5459ECF0E1B->5af0e6f8-e325-4784-8af8-34780179857f@group-5D8EB23EFD07, cid=0, seq=0, RW, null, peers:[5af0e6f8-e325-4784-8af8-34780179857f|rpc:localhost:14340|admin:|client:|dataStream:|priority:0, 3a1420a4-9adf-490e-ae7f-206b4dea1794|rpc:localhost:14350|priority:0]
2022-01-02 13:17:21,621 [IPC Server handler 2 on default port 14342] INFO  server.RaftServerConfigKeys (ConfUtils.java:logGet(44)) - raft.server.log.appender.snapshot.chunk.size.max = 16MB (=16777216) (default)
2022-01-02 13:17:21,621 [IPC Server handler 2 on default port 14342] INFO  server.RaftServerConfigKeys (ConfUtils.java:logGet(44)) - raft.server.log.appender.buffer.byte-limit = 33554432 (custom)
2022-01-02 13:17:21,621 [IPC Server handler 2 on default port 14342] INFO  server.RaftServerConfigKeys (ConfUtils.java:logGet(44)) - raft.server.log.appender.buffer.element-limit = 1024 (custom)
2022-01-02 13:17:21,623 [IPC Server handler 2 on default port 14342] INFO  grpc.GrpcConfigKeys (ConfUtils.java:logGet(44)) - raft.grpc.server.leader.outstanding.appends.max = 128 (default)
2022-01-02 13:17:21,623 [IPC Server handler 2 on default port 14342] INFO  server.RaftServerConfigKeys (ConfUtils.java:logGet(44)) - raft.server.rpc.request.timeout = 30000ms (custom)
2022-01-02 13:17:21,623 [IPC Server handler 2 on default port 14342] INFO  server.RaftServerConfigKeys (ConfUtils.java:logGet(44)) - raft.server.log.appender.install.snapshot.enabled = false (custom)
2022-01-02 13:17:21,624 [5af0e6f8-e325-4784-8af8-34780179857f@group-5D8EB23EFD07->3a1420a4-9adf-490e-ae7f-206b4dea1794-GrpcLogAppender-LogAppenderDaemon] INFO  server.GrpcLogAppender (GrpcLogAppender.java:installSnapshot(550)) - 5af0e6f8-e325-4784-8af8-34780179857f@group-5D8EB23EFD07->3a1420a4-9adf-490e-ae7f-206b4dea1794-GrpcLogAppender: followerNextIndex = 0 but logStartIndex = 0, notify follower to install snapshot-(t:2, i:2)
2022-01-02 13:17:21,624 [5af0e6f8-e325-4784-8af8-34780179857f@group-5D8EB23EFD07->3a1420a4-9adf-490e-ae7f-206b4dea1794-GrpcLogAppender-LogAppenderDaemon] INFO  server.GrpcLogAppender (GrpcLogAppender.java:installSnapshot(558)) - 5af0e6f8-e325-4784-8af8-34780179857f@group-5D8EB23EFD07->3a1420a4-9adf-490e-ae7f-206b4dea1794-GrpcLogAppender: send 5af0e6f8-e325-4784-8af8-34780179857f->3a1420a4-9adf-490e-ae7f-206b4dea1794#0-t2,notify:(t:2, i:2)
2022-01-02 13:17:21,670 [grpc-default-executor-0] INFO  server.RaftServer$Division (RaftServerImpl.java:installSnapshot(1332)) - 3a1420a4-9adf-490e-ae7f-206b4dea1794@group-5D8EB23EFD07: receive installSnapshot: 5af0e6f8-e325-4784-8af8-34780179857f->3a1420a4-9adf-490e-ae7f-206b4dea1794#0-t2,notify:(t:2, i:2)
2022-01-02 13:17:21,673 [grpc-default-executor-0] INFO  ha.SCMStateMachine (SCMStateMachine.java:notifyLeaderChanged(255)) - leader changed, yet current SCM is still follower.
2022-01-02 13:17:21,673 [grpc-default-executor-0] INFO  server.RaftServer$Division (ServerState.java:setLeader(285)) - 3a1420a4-9adf-490e-ae7f-206b4dea1794@group-5D8EB23EFD07: change Leader from null to 5af0e6f8-e325-4784-8af8-34780179857f at term 2 for installSnapshot, leader elected after 191ms
2022-01-02 13:17:21,673 [grpc-default-executor-0] INFO  server.RaftServer$Division (RaftServerImpl.java:notifyStateMachineToInstallSnapshot(1551)) - 3a1420a4-9adf-490e-ae7f-206b4dea1794@group-5D8EB23EFD07: Received notification to install snapshot at index 2
2022-01-02 13:17:21,673 [grpc-default-executor-0] INFO  server.RaftServer$Division (RaftServerImpl.java:notifyStateMachineToInstallSnapshot(1582)) - 3a1420a4-9adf-490e-ae7f-206b4dea1794@group-5D8EB23EFD07: notifyInstallSnapshot: nextIndex is 0 but the leader's first available index is 2.
2022-01-02 13:17:21,673 [grpc-default-executor-0] INFO  ha.SCMStateMachine (SCMStateMachine.java:notifyInstallSnapshotFromLeader(219)) - Received install snapshot notification from SCM leader: localhost:14340 with term index: (t:2, i:2)
2022-01-02 13:17:21,677 [pool-230-thread-1] INFO  ha.SCMHAManagerImpl (SCMHAManagerImpl.java:getDBCheckpointFromLeader(206)) - Downloading checkpoint from leader SCM scmNode-1 and reloading state from the checkpoint.
2022-01-02 13:17:21,694 [grpc-default-executor-1] INFO  ha.SCMDBCheckpointProvider (SCMDBCheckpointProvider.java:writeDBCheckPointToSream(48)) - Received request to obtain SCM DB checkpoint snapshot
2022-01-02 13:17:21,707 [grpc-default-executor-1] INFO  db.RDBCheckpointManager (RDBCheckpointManager.java:createCheckpoint(86)) - Created checkpoint at /home/runner/work/ozone/ozone/hadoop-ozone/integration-test/target/test-dir/MiniOzoneClusterImpl-c1c80f75-2e15-44e6-8b98-5d8eb23efd07/scmNode-1/db.checkpoints/scm.db_checkpoint_1641129441695 in 12 milliseconds
2022-01-02 13:17:21,711 [grpc-default-executor-1] INFO  ha.SCMGrpcOutputStream (SCMGrpcOutputStream.java:close(111)) - Sent 4419 bytes for cluster c1c80f75-2e15-44e6-8b98-5d8eb23efd07
2022-01-02 13:17:21,712 [grpc-default-executor-1] INFO  ha.SCMDBCheckpointProvider (SCMDBCheckpointProvider.java:writeDBCheckPointToSream(73)) - Time taken to write the checkpoint to response output stream: 5 milliseconds
2022-01-02 13:17:21,712 [grpc-default-executor-1] INFO  db.RocksDBCheckpoint (RocksDBCheckpoint.java:cleanupCheckpoint(78)) - Cleaning up RocksDB checkpoint at /home/runner/work/ozone/ozone/hadoop-ozone/integration-test/target/test-dir/MiniOzoneClusterImpl-c1c80f75-2e15-44e6-8b98-5d8eb23efd07/scmNode-1/db.checkpoints/scm.db_checkpoint_1641129441695
2022-01-02 13:17:21,713 [grpc-default-executor-1] INFO  ha.InterSCMGrpcClient (InterSCMGrpcClient.java:onCompleted(173)) - Checkpoint is downloaded to /home/runner/work/ozone/ozone/hadoop-ozone/integration-test/target/test-dir/MiniOzoneClusterImpl-c1c80f75-2e15-44e6-8b98-5d8eb23efd07/scmNode-2/snapshot/scm.db-scmNode-1-1641129441677.tar.gz
2022-01-02 13:17:21,750 [pool-230-thread-1] INFO  ha.SCMSnapshotProvider (SCMSnapshotProvider.java:getSCMDBSnapshot(131)) - Successfully downloaded latest checkpoint from leader SCM: scmNode-1 path /home/runner/work/ozone/ozone/hadoop-ozone/integration-test/target/test-dir/MiniOzoneClusterImpl-c1c80f75-2e15-44e6-8b98-5d8eb23efd07/scmNode-2/snapshot/scm.db-scmNode-1-1641129441677
2022-01-02 13:17:21,750 [pool-230-thread-1] INFO  ha.SCMHAManagerImpl (SCMHAManagerImpl.java:downloadCheckpointFromLeader(158)) - Downloaded checkpoint from Leader scmNode-1 to the location /home/runner/work/ozone/ozone/hadoop-ozone/integration-test/target/test-dir/MiniOzoneClusterImpl-c1c80f75-2e15-44e6-8b98-5d8eb23efd07/scmNode-2/snapshot/scm.db-scmNode-1-1641129441677
2022-01-02 13:17:21,789 [pool-230-thread-1] INFO  ha.SCMHAManagerImpl (SCMHAManagerImpl.java:verifyCheckpointFromLeader(172)) - Installing checkpoint with SCMTransactionInfo 2#2
2022-01-02 13:17:21,789 [pool-230-thread-1] INFO  server.RaftServer$Division (RaftServerImpl.java:lambda$notifyStateMachineToInstallSnapshot$30(1595)) - 3a1420a4-9adf-490e-ae7f-206b4dea1794@group-5D8EB23EFD07: StateMachine successfully installed snapshot index 2. Reloading the StateMachine.
2022-01-02 13:17:21,789 [pool-230-thread-1] INFO  segmented.SegmentedRaftLogWorker (SegmentedRaftLogWorker.java:lambda$new$0(133)) - 3a1420a4-9adf-490e-ae7f-206b4dea1794@group-5D8EB23EFD07-SegmentedRaftLogWorker: flushIndex: setUnconditionally -1 -> 2
2022-01-02 13:17:21,789 [pool-230-thread-1] INFO  segmented.SegmentedRaftLogWorker (SegmentedRaftLogWorker.java:lambda$new$0(133)) - 3a1420a4-9adf-490e-ae7f-206b4dea1794@group-5D8EB23EFD07-SegmentedRaftLogWorker: safeCacheEvictIndex: setUnconditionally -1 -> 2
2022-01-02 13:17:21,790 [pool-230-thread-1] INFO  raftlog.RaftLog (RaftLogBase.java:lambda$new$0(53)) - 3a1420a4-9adf-490e-ae7f-206b4dea1794@group-5D8EB23EFD07-SegmentedRaftLog: snapshotIndex: updateIncreasingly -1 -> 2
2022-01-02 13:17:21,793 [grpc-default-executor-0] INFO  server.RaftServer$Division (RaftServerImpl.java:notifyStateMachineToInstallSnapshot(1638)) - 3a1420a4-9adf-490e-ae7f-206b4dea1794@group-5D8EB23EFD07: InstallSnapshot notification result: SNAPSHOT_INSTALLED, at index: 2
2022-01-02 13:17:21,794 [grpc-default-executor-0] INFO  server.RaftServer$Division (RaftServerImpl.java:installSnapshotImpl(1462)) - 3a1420a4-9adf-490e-ae7f-206b4dea1794@group-5D8EB23EFD07: set new configuration index: 1
configurationEntry {
  peers {
    id: "5af0e6f8-e325-4784-8af8-34780179857f"
    address: "localhost:14340"
  }
}
 from snapshot
2022-01-02 13:17:21,797 [grpc-default-executor-0] INFO  server.RaftServer$Division (ServerState.java:setRaftConf(387)) - 3a1420a4-9adf-490e-ae7f-206b4dea1794@group-5D8EB23EFD07: set configuration 1: [5af0e6f8-e325-4784-8af8-34780179857f|rpc:localhost:14340|admin:|client:|dataStream:|priority:0], old=null
2022-01-02 13:17:21,798 [grpc-default-executor-0] INFO  server.RaftServer$Division (RaftServerImpl.java:installSnapshot(1343)) - 3a1420a4-9adf-490e-ae7f-206b4dea1794@group-5D8EB23EFD07: reply installSnapshot: 5af0e6f8-e325-4784-8af8-34780179857f<-3a1420a4-9adf-490e-ae7f-206b4dea1794#0:FAIL-t0,SNAPSHOT_INSTALLED,snapshotIndex=2
2022-01-02 13:17:21,798 [grpc-default-executor-0] INFO  server.GrpcServerProtocolService (GrpcServerProtocolService.java:onCompleted(140)) - 3a1420a4-9adf-490e-ae7f-206b4dea1794: Completed INSTALL_SNAPSHOT, lastRequest: 5af0e6f8-e325-4784-8af8-34780179857f->3a1420a4-9adf-490e-ae7f-206b4dea1794#0-t2,notify:(t:2, i:2)
2022-01-02 13:17:21,803 [grpc-default-executor-1] INFO  server.GrpcLogAppender (GrpcLogAppender.java:onNext(410)) - 5af0e6f8-e325-4784-8af8-34780179857f@group-5D8EB23EFD07->3a1420a4-9adf-490e-ae7f-206b4dea1794-InstallSnapshotResponseHandler: received the first reply 5af0e6f8-e325-4784-8af8-34780179857f<-3a1420a4-9adf-490e-ae7f-206b4dea1794#0:FAIL-t0,SNAPSHOT_INSTALLED,snapshotIndex=2
2022-01-02 13:17:21,803 [grpc-default-executor-1] INFO  server.GrpcLogAppender (GrpcLogAppender.java:onNext(450)) - 5af0e6f8-e325-4784-8af8-34780179857f@group-5D8EB23EFD07->3a1420a4-9adf-490e-ae7f-206b4dea1794-InstallSnapshotResponseHandler: Follower installed snapshot at index 2
2022-01-02 13:17:21,803 [grpc-default-executor-1] INFO  leader.FollowerInfo (FollowerInfoImpl.java:lambda$new$0(47)) - 5af0e6f8-e325-4784-8af8-34780179857f@group-5D8EB23EFD07->3a1420a4-9adf-490e-ae7f-206b4dea1794: snapshotIndex: setUnconditionally 0 -> 2
2022-01-02 13:17:21,803 [grpc-default-executor-1] INFO  leader.FollowerInfo (FollowerInfoImpl.java:lambda$new$0(47)) - 5af0e6f8-e325-4784-8af8-34780179857f@group-5D8EB23EFD07->3a1420a4-9adf-490e-ae7f-206b4dea1794: matchIndex: setUnconditionally 0 -> 2
2022-01-02 13:17:21,803 [grpc-default-executor-1] INFO  leader.FollowerInfo (FollowerInfoImpl.java:lambda$new$0(47)) - 5af0e6f8-e325-4784-8af8-34780179857f@group-5D8EB23EFD07->3a1420a4-9adf-490e-ae7f-206b4dea1794: nextIndex: setUnconditionally 0 -> 3
2022-01-02 13:17:21,804 [grpc-default-executor-1] INFO  leader.FollowerInfo (FollowerInfoImpl.java:setAttemptedToInstallSnapshot(116)) - Follower 5af0e6f8-e325-4784-8af8-34780179857f@group-5D8EB23EFD07->3a1420a4-9adf-490e-ae7f-206b4dea1794 acknowledged installing snapshot
2022-01-02 13:17:21,804 [grpc-default-executor-1] INFO  leader.FollowerInfo (FollowerInfoImpl.java:lambda$new$0(47)) - 5af0e6f8-e325-4784-8af8-34780179857f@group-5D8EB23EFD07->3a1420a4-9adf-490e-ae7f-206b4dea1794: nextIndex: updateToMax old=3, new=3, updated? false
2022-01-02 13:17:21,811 [grpc-default-executor-0] INFO  impl.RoleInfo (RoleInfo.java:updateAndGet(130)) - 3a1420a4-9adf-490e-ae7f-206b4dea1794: start 3a1420a4-9adf-490e-ae7f-206b4dea1794@group-5D8EB23EFD07-FollowerState
2022-01-02 13:17:21,850 [3a1420a4-9adf-490e-ae7f-206b4dea1794@group-5D8EB23EFD07-StateMachineUpdater] INFO  ha.SCMHAManagerImpl (SCMHAManagerImpl.java:installCheckpoint(227)) - Installing checkpoint with SCMTransactionInfo 2#2
2022-01-02 13:17:21,852 [3a1420a4-9adf-490e-ae7f-206b4dea1794@group-5D8EB23EFD07-StateMachineUpdater] INFO  ha.SCMHAManagerImpl (SCMHAManagerImpl.java:installCheckpoint(266)) - Replaced DB with checkpoint, term: 2, index: 2
2022-01-02 13:17:21,852 [3a1420a4-9adf-490e-ae7f-206b4dea1794@group-5D8EB23EFD07-StateMachineUpdater] WARN  utils.HAUtils (HAUtils.java:getMetaDir(342)) - ozone.scm.db.dirs is not configured. We recommend adding this setting. Falling back to ozone.metadata.dirs instead.
2022-01-02 13:17:21,853 [3a1420a4-9adf-490e-ae7f-206b4dea1794@group-5D8EB23EFD07-StateMachineUpdater] WARN  db.DBStoreBuilder (DBStoreBuilder.java:applyDBDefinition(145)) - ozone.scm.db.dirs is not configured. We recommend adding this setting. Falling back to ozone.metadata.dirs instead.
2022-01-02 13:17:21,937 [3a1420a4-9adf-490e-ae7f-206b4dea1794@group-5D8EB23EFD07-StateMachineUpdater] INFO  ha.SequenceIdGenerator (SequenceIdGenerator.java:reinitialize(166)) - reinitialize SequenceIdGenerator.
2022-01-02 13:17:21,939 [3a1420a4-9adf-490e-ae7f-206b4dea1794@group-5D8EB23EFD07-StateMachineUpdater] INFO  pipeline.PipelineStateManagerImpl (PipelineStateManagerImpl.java:initialize(78)) - No pipeline exists in current db
2022-01-02 13:17:21,939 [3a1420a4-9adf-490e-ae7f-206b4dea1794@group-5D8EB23EFD07-StateMachineUpdater] INFO  ha.SCMHAManagerImpl (SCMHAManagerImpl.java:installCheckpoint(277)) - Reloaded SCM state with Term: 2 and Index: 2
2022-01-02 13:17:21,939 [3a1420a4-9adf-490e-ae7f-206b4dea1794@group-5D8EB23EFD07-StateMachineUpdater] INFO  impl.StateMachineUpdater (StateMachineUpdater.java:lambda$new$0(89)) - 3a1420a4-9adf-490e-ae7f-206b4dea1794@group-5D8EB23EFD07-StateMachineUpdater: snapshotIndex: setUnconditionally -1 -> 2
2022-01-02 13:17:21,939 [3a1420a4-9adf-490e-ae7f-206b4dea1794@group-5D8EB23EFD07-StateMachineUpdater] INFO  impl.StateMachineUpdater (StateMachineUpdater.java:lambda$new$0(89)) - 3a1420a4-9adf-490e-ae7f-206b4dea1794@group-5D8EB23EFD07-StateMachineUpdater: appliedIndex: setUnconditionally -1 -> 2
2022-01-02 13:17:22,164 [EndpointStateMachine task thread for /127.0.0.1:14995 - 0 ] INFO  ipc.Client (Client.java:handleConnectionFailure(977)) - Retrying connect to server: localhost/127.0.0.1:14995. Already tried 2 time(s); retry policy is RetryUpToMaximumCountWithFixedSleep(maxRetries=15, sleepTime=1000 MILLISECONDS)
2022-01-02 13:17:22,165 [EndpointStateMachine task thread for /127.0.0.1:15005 - 0 ] INFO  ipc.Client (Client.java:handleConnectionFailure(977)) - Retrying connect to server: localhost/127.0.0.1:15005. Already tried 5 time(s); retry policy is RetryUpToMaximumCountWithFixedSleep(maxRetries=15, sleepTime=1000 MILLISECONDS)
2022-01-02 13:17:22,197 [EndpointStateMachine task thread for /127.0.0.1:14985 - 0 ] INFO  ipc.Client (Client.java:handleConnectionFailure(977)) - Retrying connect to server: localhost/127.0.0.1:14985. Already tried 5 time(s); retry policy is RetryUpToMaximumCountWithFixedSleep(maxRetries=15, sleepTime=1000 MILLISECONDS)
2022-01-02 13:17:23,165 [EndpointStateMachine task thread for /127.0.0.1:14995 - 0 ] INFO  ipc.Client (Client.java:handleConnectionFailure(977)) - Retrying connect to server: localhost/127.0.0.1:14995. Already tried 3 time(s); retry policy is RetryUpToMaximumCountWithFixedSleep(maxRetries=15, sleepTime=1000 MILLISECONDS)
2022-01-02 13:17:23,167 [EndpointStateMachine task thread for /127.0.0.1:15005 - 0 ] INFO  ipc.Client (Client.java:handleConnectionFailure(977)) - Retrying connect to server: localhost/127.0.0.1:15005. Already tried 6 time(s); retry policy is RetryUpToMaximumCountWithFixedSleep(maxRetries=15, sleepTime=1000 MILLISECONDS)
2022-01-02 13:17:23,210 [EndpointStateMachine task thread for /127.0.0.1:14985 - 0 ] INFO  ipc.Client (Client.java:handleConnectionFailure(977)) - Retrying connect to server: localhost/127.0.0.1:14985. Already tried 6 time(s); retry policy is RetryUpToMaximumCountWithFixedSleep(maxRetries=15, sleepTime=1000 MILLISECONDS)
2022-01-02 13:17:24,166 [EndpointStateMachine task thread for /127.0.0.1:14995 - 0 ] INFO  ipc.Client (Client.java:handleConnectionFailure(977)) - Retrying connect to server: localhost/127.0.0.1:14995. Already tried 4 time(s); retry policy is RetryUpToMaximumCountWithFixedSleep(maxRetries=15, sleepTime=1000 MILLISECONDS)
2022-01-02 13:17:24,168 [EndpointStateMachine task thread for /127.0.0.1:15005 - 0 ] INFO  ipc.Client (Client.java:handleConnectionFailure(977)) - Retrying connect to server: localhost/127.0.0.1:15005. Already tried 7 time(s); retry policy is RetryUpToMaximumCountWithFixedSleep(maxRetries=15, sleepTime=1000 MILLISECONDS)
2022-01-02 13:17:24,210 [EndpointStateMachine task thread for /127.0.0.1:14985 - 0 ] INFO  ipc.Client (Client.java:handleConnectionFailure(977)) - Retrying connect to server: localhost/127.0.0.1:14985. Already tried 7 time(s); retry policy is RetryUpToMaximumCountWithFixedSleep(maxRetries=15, sleepTime=1000 MILLISECONDS)
2022-01-02 13:17:25,166 [EndpointStateMachine task thread for /127.0.0.1:14995 - 0 ] INFO  ipc.Client (Client.java:handleConnectionFailure(977)) - Retrying connect to server: localhost/127.0.0.1:14995. Already tried 5 time(s); retry policy is RetryUpToMaximumCountWithFixedSleep(maxRetries=15, sleepTime=1000 MILLISECONDS)
2022-01-02 13:17:25,168 [EndpointStateMachine task thread for /127.0.0.1:15005 - 0 ] INFO  ipc.Client (Client.java:handleConnectionFailure(977)) - Retrying connect to server: localhost/127.0.0.1:15005. Already tried 8 time(s); retry policy is RetryUpToMaximumCountWithFixedSleep(maxRetries=15, sleepTime=1000 MILLISECONDS)
2022-01-02 13:17:25,204 [5af0e6f8-e325-4784-8af8-34780179857f@group-5D8EB23EFD07-LeaderStateImpl] INFO  server.RaftServer$Division (ServerState.java:setRaftConf(387)) - 5af0e6f8-e325-4784-8af8-34780179857f@group-5D8EB23EFD07: set configuration 3: [5af0e6f8-e325-4784-8af8-34780179857f|rpc:localhost:14340|admin:|client:|dataStream:|priority:0, 3a1420a4-9adf-490e-ae7f-206b4dea1794|rpc:localhost:14350|priority:0], old=[5af0e6f8-e325-4784-8af8-34780179857f|rpc:localhost:14340|admin:|client:|dataStream:|priority:0]
2022-01-02 13:17:25,208 [grpc-default-executor-0] INFO  server.RaftServer$Division (ServerState.java:setRaftConf(387)) - 3a1420a4-9adf-490e-ae7f-206b4dea1794@group-5D8EB23EFD07: set configuration 3: [5af0e6f8-e325-4784-8af8-34780179857f|rpc:localhost:14340|admin:|client:|dataStream:|priority:0, 3a1420a4-9adf-490e-ae7f-206b4dea1794|rpc:localhost:14350|admin:|client:|dataStream:|priority:0], old=[5af0e6f8-e325-4784-8af8-34780179857f|rpc:localhost:14340|admin:|client:|dataStream:|priority:0]
2022-01-02 13:17:25,208 [grpc-default-executor-0] INFO  segmented.SegmentedRaftLogWorker (SegmentedRaftLogWorker.java:startLogSegment(394)) - 3a1420a4-9adf-490e-ae7f-206b4dea1794@group-5D8EB23EFD07-SegmentedRaftLogWorker: Starting segment from index:3
2022-01-02 13:17:25,211 [EndpointStateMachine task thread for /127.0.0.1:14985 - 0 ] INFO  ipc.Client (Client.java:handleConnectionFailure(977)) - Retrying connect to server: localhost/127.0.0.1:14985. Already tried 8 time(s); retry policy is RetryUpToMaximumCountWithFixedSleep(maxRetries=15, sleepTime=1000 MILLISECONDS)
2022-01-02 13:17:25,219 [3a1420a4-9adf-490e-ae7f-206b4dea1794@group-5D8EB23EFD07-SegmentedRaftLogWorker] INFO  segmented.SegmentedRaftLogWorker (SegmentedRaftLogWorker.java:execute(601)) - 3a1420a4-9adf-490e-ae7f-206b4dea1794@group-5D8EB23EFD07-SegmentedRaftLogWorker: created new log segment /home/runner/work/ozone/ozone/hadoop-ozone/integration-test/target/test-dir/MiniOzoneClusterImpl-c1c80f75-2e15-44e6-8b98-5d8eb23efd07/scmNode-2/scm-ha/c1c80f75-2e15-44e6-8b98-5d8eb23efd07/current/log_inprogress_3
2022-01-02 13:17:25,229 [5af0e6f8-e325-4784-8af8-34780179857f@group-5D8EB23EFD07-LeaderStateImpl] INFO  server.RaftServer$Division (ServerState.java:setRaftConf(387)) - 5af0e6f8-e325-4784-8af8-34780179857f@group-5D8EB23EFD07: set configuration 5: [5af0e6f8-e325-4784-8af8-34780179857f|rpc:localhost:14340|admin:|client:|dataStream:|priority:0, 3a1420a4-9adf-490e-ae7f-206b4dea1794|rpc:localhost:14350|priority:0], old=null
2022-01-02 13:17:25,230 [grpc-default-executor-0] INFO  server.RaftServer$Division (ServerState.java:setRaftConf(387)) - 3a1420a4-9adf-490e-ae7f-206b4dea1794@group-5D8EB23EFD07: set configuration 5: [5af0e6f8-e325-4784-8af8-34780179857f|rpc:localhost:14340|admin:|client:|dataStream:|priority:0, 3a1420a4-9adf-490e-ae7f-206b4dea1794|rpc:localhost:14350|admin:|client:|dataStream:|priority:0], old=null
2022-01-02 13:17:25,246 [3a1420a4-9adf-490e-ae7f-206b4dea1794@group-5D8EB23EFD07-StateMachineUpdater] INFO  safemode.HealthyPipelineSafeModeRule (HealthyPipelineSafeModeRule.java:initializeRule(152)) - Refreshed total pipeline count is 0, healthy pipeline threshold count is 1
2022-01-02 13:17:25,246 [3a1420a4-9adf-490e-ae7f-206b4dea1794@group-5D8EB23EFD07-StateMachineUpdater] INFO  safemode.ContainerSafeModeRule (ContainerSafeModeRule.java:reInitializeRule(177)) - Refreshed one replica container threshold 0, currentThreshold 0
2022-01-02 13:17:25,246 [3a1420a4-9adf-490e-ae7f-206b4dea1794@group-5D8EB23EFD07-StateMachineUpdater] INFO  safemode.OneReplicaPipelineSafeModeRule (OneReplicaPipelineSafeModeRule.java:initializeRule(176)) - Refreshed Total pipeline count is 0, pipeline's with at least one datanode reported threshold count is 0
2022-01-02 13:17:25,246 [3a1420a4-9adf-490e-ae7f-206b4dea1794@group-5D8EB23EFD07-StateMachineUpdater] INFO  server.SCMDatanodeProtocolServer (SCMDatanodeProtocolServer.java:start(181)) - ScmDatanodeProtocol RPC server for DataNodes is listening at /0.0.0.0:14351
2022-01-02 13:17:25,269 [IPC Server Responder] INFO  ipc.Server (Server.java:run(1507)) - IPC Server Responder: starting
2022-01-02 13:17:25,285 [IPC Server listener on 14351] INFO  ipc.Server (Server.java:run(1344)) - IPC Server listener on 14351: starting
2022-01-02 13:17:25,289 [IPC Server handler 2 on default port 14342] INFO  ha.SCMRatisServerImpl (SCMRatisServerImpl.java:addSCM(302)) - Successfully added new SCM: 3a1420a4-9adf-490e-ae7f-206b4dea1794.
2022-01-02 13:17:25,290 [Listener at 0.0.0.0/14353] INFO  ha.SCMHAManagerImpl (SCMHAManagerImpl.java:start(116)) - Successfully added SCM scmNode-2 to group group-5D8EB23EFD07:[5af0e6f8-e325-4784-8af8-34780179857f|rpc:localhost:14340|admin:|client:|dataStream:|priority:0, 3a1420a4-9adf-490e-ae7f-206b4dea1794|rpc:localhost:14350|admin:|client:|dataStream:|priority:0]
2022-01-02 13:17:25,290 [Listener at 0.0.0.0/14353] INFO  ha.InterSCMGrpcService (InterSCMGrpcProtocolService.java:start(94)) - Starting SCM Grpc Service at port 14354
2022-01-02 13:17:25,339 [Listener at 0.0.0.0/14353] INFO  impl.MetricsSystemImpl (MetricsSystemImpl.java:init(158)) - StorageContainerManager metrics system started (again)
2022-01-02 13:17:25,346 [5af0e6f8-e325-4784-8af8-34780179857f@group-5D8EB23EFD07-StateMachineUpdater] INFO  ha.SCMStateMachine (SCMStateMachine.java:takeSnapshot(297)) - Current Snapshot Index 5, takeSnapshot took 0 ms
2022-01-02 13:17:25,346 [5af0e6f8-e325-4784-8af8-34780179857f@group-5D8EB23EFD07-StateMachineUpdater] INFO  impl.StateMachineUpdater (StateMachineUpdater.java:takeSnapshot(281)) - 5af0e6f8-e325-4784-8af8-34780179857f@group-5D8EB23EFD07-StateMachineUpdater: Took a snapshot at index 5
2022-01-02 13:17:25,346 [5af0e6f8-e325-4784-8af8-34780179857f@group-5D8EB23EFD07-StateMachineUpdater] INFO  impl.StateMachineUpdater (StateMachineUpdater.java:lambda$new$0(89)) - 5af0e6f8-e325-4784-8af8-34780179857f@group-5D8EB23EFD07-StateMachineUpdater: snapshotIndex: updateIncreasingly -1 -> 5
2022-01-02 13:17:25,346 [5af0e6f8-e325-4784-8af8-34780179857f@group-5D8EB23EFD07-StateMachineUpdater] INFO  raftlog.RaftLog (RaftLogBase.java:purge(306)) - 5af0e6f8-e325-4784-8af8-34780179857f@group-5D8EB23EFD07-SegmentedRaftLog: purge 5
2022-01-02 13:17:25,346 [5af0e6f8-e325-4784-8af8-34780179857f@group-5D8EB23EFD07-StateMachineUpdater] INFO  raftlog.RaftLog (RaftLogBase.java:lambda$new$0(53)) - 5af0e6f8-e325-4784-8af8-34780179857f@group-5D8EB23EFD07-SegmentedRaftLog: snapshotIndex: updateIncreasingly -1 -> 5
2022-01-02 13:17:25,347 [5af0e6f8-e325-4784-8af8-34780179857f@group-5D8EB23EFD07-SegmentedRaftLogWorker] INFO  raftlog.RaftLog (RaftLogBase.java:lambda$new$0(53)) - 5af0e6f8-e325-4784-8af8-34780179857f@group-5D8EB23EFD07-SegmentedRaftLog: purgeIndex: updateToMax old=-1, new=0, updated? true
2022-01-02 13:17:25,368 [Listener at 0.0.0.0/14353] INFO  server.SCMClientProtocolServer (SCMClientProtocolServer.java:start(164)) - RPC server for Client  is listening at /0.0.0.0:14353
2022-01-02 13:17:25,368 [IPC Server Responder] INFO  ipc.Server (Server.java:run(1507)) - IPC Server Responder: starting
2022-01-02 13:17:25,369 [IPC Server listener on 14353] INFO  ipc.Server (Server.java:run(1344)) - IPC Server listener on 14353: starting
2022-01-02 13:17:25,378 [Listener at 0.0.0.0/14353] INFO  server.StorageContainerManager (StorageContainerManager.java:start(1318)) - ScmBlockLocationProtocol RPC server is listening at /0.0.0.0:14352
2022-01-02 13:17:25,379 [Listener at 0.0.0.0/14353] INFO  server.SCMBlockProtocolServer (SCMBlockProtocolServer.java:start(151)) - RPC server for Block Protocol is listening at /0.0.0.0:14352
2022-01-02 13:17:25,379 [IPC Server Responder] INFO  ipc.Server (Server.java:run(1507)) - IPC Server Responder: starting
2022-01-02 13:17:25,379 [IPC Server listener on 14352] INFO  ipc.Server (Server.java:run(1344)) - IPC Server listener on 14352: starting
2022-01-02 13:17:25,399 [Listener at 0.0.0.0/14353] INFO  http.BaseHttpServer (BaseHttpServer.java:newHttpServer2BuilderForOzone(209)) - Starting Web-server for scm at: http://0.0.0.0:14348
2022-01-02 13:17:25,399 [Listener at 0.0.0.0/14353] INFO  http.BaseHttpServer (BaseHttpServer.java:<init>(107)) - Hadoop Security Enabled: false Ozone Security Enabled: false Ozone HTTP Security Enabled: false 
2022-01-02 13:17:25,401 [Listener at 0.0.0.0/14353] INFO  server.AuthenticationFilter (AuthenticationFilter.java:constructSecretProvider(240)) - Unable to initialize FileSignerSecretProvider, falling back to use random secrets.
2022-01-02 13:17:25,401 [org.apache.hadoop.util.JvmPauseMonitor$Monitor@1828db5c] INFO  util.JvmPauseMonitor (JvmPauseMonitor.java:run(188)) - Starting JVM pause monitor
2022-01-02 13:17:25,402 [Listener at 0.0.0.0/14353] WARN  http.HttpRequestLog (HttpRequestLog.java:getRequestLog(103)) - Jetty request log can only be enabled using Log4j
2022-01-02 13:17:25,402 [Listener at 0.0.0.0/14353] INFO  http.HttpServer2 (HttpServer2.java:addGlobalFilter(1030)) - Added global filter 'safety' (class=org.apache.hadoop.hdds.server.http.HttpServer2$QuotingInputFilter)
2022-01-02 13:17:25,403 [Listener at 0.0.0.0/14353] INFO  http.HttpServer2 (HttpServer2.java:addFilter(1006)) - Added filter static_user_filter (class=org.apache.hadoop.http.lib.StaticUserWebFilter$StaticUserFilter) to context scm
2022-01-02 13:17:25,403 [Listener at 0.0.0.0/14353] INFO  http.HttpServer2 (HttpServer2.java:addFilter(1014)) - Added filter static_user_filter (class=org.apache.hadoop.http.lib.StaticUserWebFilter$StaticUserFilter) to context static
2022-01-02 13:17:25,404 [Listener at 0.0.0.0/14353] INFO  http.HttpServer2 (HttpServer2.java:addFilter(1014)) - Added filter static_user_filter (class=org.apache.hadoop.http.lib.StaticUserWebFilter$StaticUserFilter) to context logs
2022-01-02 13:17:25,404 [Listener at 0.0.0.0/14353] INFO  http.HttpServer2 (HttpServer2.java:bindListener(1249)) - Jetty bound to port 14348
2022-01-02 13:17:25,404 [Listener at 0.0.0.0/14353] INFO  server.Server (Server.java:doStart(375)) - jetty-9.4.43.v20210629; built: 2021-06-30T11:07:22.254Z; git: 526006ecfa3af7f1a27ef3a288e2bef7ea9dd7e8; jvm 1.8.0_292-b10
2022-01-02 13:17:25,428 [Listener at 0.0.0.0/14353] INFO  server.session (DefaultSessionIdManager.java:doStart(334)) - DefaultSessionIdManager workerName=node0
2022-01-02 13:17:25,428 [Listener at 0.0.0.0/14353] INFO  server.session (DefaultSessionIdManager.java:doStart(339)) - No SessionScavenger set, using defaults
2022-01-02 13:17:25,429 [Listener at 0.0.0.0/14353] INFO  server.session (HouseKeeper.java:startScavenging(132)) - node0 Scavenging every 660000ms
2022-01-02 13:17:25,430 [Listener at 0.0.0.0/14353] INFO  handler.ContextHandler (ContextHandler.java:doStart(915)) - Started o.e.j.s.ServletContextHandler@5756611d{logs,/logs,file:///home/runner/work/ozone/ozone/hadoop-ozone/integration-test/target/log,AVAILABLE}
2022-01-02 13:17:25,431 [Listener at 0.0.0.0/14353] INFO  handler.ContextHandler (ContextHandler.java:doStart(915)) - Started o.e.j.s.ServletContextHandler@71fcdd48{static,/static,file:///home/runner/work/ozone/ozone/hadoop-ozone/integration-test/target/test-classes/webapps/static,AVAILABLE}
2022-01-02 13:17:25,435 [Listener at 0.0.0.0/14353] INFO  handler.ContextHandler (ContextHandler.java:doStart(915)) - Started o.e.j.w.WebAppContext@17adeb0{scm,/,file:///home/runner/work/ozone/ozone/hadoop-ozone/integration-test/target/test-classes/webapps/scm/,AVAILABLE}{file:/home/runner/work/ozone/ozone/hadoop-ozone/integration-test/target/test-classes/webapps/scm}
2022-01-02 13:17:25,436 [Listener at 0.0.0.0/14353] INFO  server.AbstractConnector (AbstractConnector.java:doStart(331)) - Started ServerConnector@289bc75c{HTTP/1.1, (http/1.1)}{0.0.0.0:14348}
2022-01-02 13:17:25,436 [Listener at 0.0.0.0/14353] INFO  server.Server (Server.java:doStart(415)) - Started @94685ms
2022-01-02 13:17:25,436 [Listener at 0.0.0.0/14353] WARN  impl.MetricsSystemImpl (MetricsSystemImpl.java:register(279)) - Sink prometheus already exists!
2022-01-02 13:17:25,438 [Listener at 0.0.0.0/14353] INFO  http.BaseHttpServer (BaseHttpServer.java:updateConnectorAddress(329)) - HTTP server of scm listening at http://0.0.0.0:14348
2022-01-02 13:17:25,445 [Listener at 0.0.0.0/14353] INFO  ozone.MiniOzoneHAClusterImpl (MiniOzoneHAClusterImpl.java:createSCMService(577)) - Started SCM RPC server at org.apache.hadoop.hdds.scm.server.SCMClientProtocolServer@6dfd4db2
2022-01-02 13:17:25,464 [Listener at 0.0.0.0/14353] INFO  ha.SCMHANodeDetails (SCMHANodeDetails.java:loadSCMHAConfig(157)) - ServiceID for StorageContainerManager is scm-service-test1
2022-01-02 13:17:25,464 [Listener at 0.0.0.0/14353] INFO  ha.SCMHANodeDetails (SCMHANodeDetails.java:loadSCMHAConfig(168)) - ServiceID for StorageContainerManager is scm-service-test1
2022-01-02 13:17:25,465 [Listener at 0.0.0.0/14353] WARN  scm.ScmUtils (ScmUtils.java:logWarn(179)) - ConfigKey ozone.scm.block.client.address is deprecated, For configuring different ports for each SCM use PortConfigKey ozone.scm.block.client.port appended with serviceId and nodeId. If want to configure same port configure ozone.scm.block.client.port
2022-01-02 13:17:25,465 [Listener at 0.0.0.0/14353] WARN  scm.ScmUtils (ScmUtils.java:logWarn(179)) - ConfigKey ozone.scm.client.address is deprecated, For configuring different ports for each SCM use PortConfigKey ozone.scm.client.port appended with serviceId and nodeId. If want to configure same port configure ozone.scm.client.port
2022-01-02 13:17:25,465 [Listener at 0.0.0.0/14353] WARN  scm.ScmUtils (ScmUtils.java:logWarn(179)) - ConfigKey ozone.scm.datanode.address is deprecated, For configuring different ports for each SCM use PortConfigKey ozone.scm.datanode.port appended with serviceId and nodeId. If want to configure same port configure ozone.scm.datanode.port
2022-01-02 13:17:25,465 [Listener at 0.0.0.0/14353] WARN  scm.ScmUtils (ScmUtils.java:logWarn(179)) - ConfigKey ozone.scm.block.client.address is deprecated, For configuring different ports for each SCM use PortConfigKey ozone.scm.block.client.port appended with serviceId and nodeId. If want to configure same port configure ozone.scm.block.client.port
2022-01-02 13:17:25,465 [Listener at 0.0.0.0/14353] WARN  scm.ScmUtils (ScmUtils.java:logWarn(179)) - ConfigKey ozone.scm.client.address is deprecated, For configuring different ports for each SCM use PortConfigKey ozone.scm.client.port appended with serviceId and nodeId. If want to configure same port configure ozone.scm.client.port
2022-01-02 13:17:25,465 [Listener at 0.0.0.0/14353] WARN  scm.ScmUtils (ScmUtils.java:logWarn(179)) - ConfigKey ozone.scm.datanode.address is deprecated, For configuring different ports for each SCM use PortConfigKey ozone.scm.datanode.port appended with serviceId and nodeId. If want to configure same port configure ozone.scm.datanode.port
2022-01-02 13:17:25,466 [Listener at 0.0.0.0/14353] INFO  ha.SCMHANodeDetails (SCMHANodeDetails.java:loadSCMHAConfig(250)) - Found matching SCM address with SCMServiceId: scm-service-test1, SCMNodeId: scmNode-3, RPC Address: localhost:14360 and Ratis port: 14360
2022-01-02 13:17:25,466 [Listener at 0.0.0.0/14353] INFO  ha.SCMHANodeDetails (ConfUtils.java:setNodeSpecificConfigs(108)) - Setting configuration key ozone.scm.datanode.address with value of key ozone.scm.datanode.address.scm-service-test1.scmNode-3: 127.0.0.1:14361
2022-01-02 13:17:25,466 [Listener at 0.0.0.0/14353] INFO  ha.SCMHANodeDetails (ConfUtils.java:setNodeSpecificConfigs(108)) - Setting configuration key ozone.scm.block.client.address with value of key ozone.scm.block.client.address.scm-service-test1.scmNode-3: 127.0.0.1:14362
2022-01-02 13:17:25,466 [Listener at 0.0.0.0/14353] INFO  ha.SCMHANodeDetails (ConfUtils.java:setNodeSpecificConfigs(108)) - Setting configuration key ozone.scm.client.address with value of key ozone.scm.client.address.scm-service-test1.scmNode-3: 127.0.0.1:14363
2022-01-02 13:17:25,466 [Listener at 0.0.0.0/14353] INFO  ha.SCMHANodeDetails (ConfUtils.java:setNodeSpecificConfigs(108)) - Setting configuration key ozone.scm.ratis.port with value of key ozone.scm.ratis.port.scm-service-test1.scmNode-3: 14360
2022-01-02 13:17:25,466 [Listener at 0.0.0.0/14353] INFO  ha.SCMHANodeDetails (ConfUtils.java:setNodeSpecificConfigs(108)) - Setting configuration key ozone.scm.grpc.port with value of key ozone.scm.grpc.port.scm-service-test1.scmNode-3: 14364
2022-01-02 13:17:25,466 [Listener at 0.0.0.0/14353] INFO  ha.SCMHANodeDetails (ConfUtils.java:setNodeSpecificConfigs(108)) - Setting configuration key ozone.scm.http-address with value of key ozone.scm.http-address.scm-service-test1.scmNode-3: 127.0.0.1:14358
2022-01-02 13:17:25,466 [Listener at 0.0.0.0/14353] INFO  ha.SCMHANodeDetails (ConfUtils.java:setNodeSpecificConfigs(108)) - Setting configuration key ozone.scm.https-address with value of key ozone.scm.https-address.scm-service-test1.scmNode-3: 127.0.0.1:14359
2022-01-02 13:17:25,466 [Listener at 0.0.0.0/14353] INFO  ha.SCMHANodeDetails (ConfUtils.java:setNodeSpecificConfigs(108)) - Setting configuration key ozone.scm.address with value of key ozone.scm.address.scm-service-test1.scmNode-3: 127.0.0.1
2022-01-02 13:17:25,466 [Listener at 0.0.0.0/14353] WARN  scm.ScmUtils (ScmUtils.java:logWarn(179)) - ConfigKey ozone.scm.block.client.address is deprecated, For configuring different ports for each SCM use PortConfigKey ozone.scm.block.client.port appended with serviceId and nodeId. If want to configure same port configure ozone.scm.block.client.port
2022-01-02 13:17:25,467 [Listener at 0.0.0.0/14353] WARN  scm.ScmUtils (ScmUtils.java:logWarn(179)) - ConfigKey ozone.scm.client.address is deprecated, For configuring different ports for each SCM use PortConfigKey ozone.scm.client.port appended with serviceId and nodeId. If want to configure same port configure ozone.scm.client.port
2022-01-02 13:17:25,467 [Listener at 0.0.0.0/14353] WARN  scm.ScmUtils (ScmUtils.java:logWarn(179)) - ConfigKey ozone.scm.datanode.address is deprecated, For configuring different ports for each SCM use PortConfigKey ozone.scm.datanode.port appended with serviceId and nodeId. If want to configure same port configure ozone.scm.datanode.port
2022-01-02 13:17:25,467 [Listener at 0.0.0.0/14353] WARN  server.ServerUtils (ServerUtils.java:getScmDbDir(148)) - ozone.scm.db.dirs is not configured. We recommend adding this setting. Falling back to ozone.metadata.dirs instead.
2022-01-02 13:17:25,468 [Listener at 0.0.0.0/14353] INFO  ha.SCMNodeInfo (SCMNodeInfo.java:getPort(197)) - ConfigKey ozone.scm.client.address is deprecated, For configuring different ports for each SCM use PortConfigKey ozone.scm.client.port appended with serviceId and nodeId
2022-01-02 13:17:25,468 [Listener at 0.0.0.0/14353] INFO  ha.SCMNodeInfo (SCMNodeInfo.java:getPort(197)) - ConfigKey ozone.scm.block.client.address is deprecated, For configuring different ports for each SCM use PortConfigKey ozone.scm.block.client.port appended with serviceId and nodeId
2022-01-02 13:17:25,468 [Listener at 0.0.0.0/14353] INFO  ha.SCMNodeInfo (SCMNodeInfo.java:getPort(197)) - ConfigKey ozone.scm.datanode.address is deprecated, For configuring different ports for each SCM use PortConfigKey ozone.scm.datanode.port appended with serviceId and nodeId
2022-01-02 13:17:25,468 [Listener at 0.0.0.0/14353] INFO  ha.SCMNodeInfo (SCMNodeInfo.java:getPort(197)) - ConfigKey ozone.scm.client.address is deprecated, For configuring different ports for each SCM use PortConfigKey ozone.scm.client.port appended with serviceId and nodeId
2022-01-02 13:17:25,468 [Listener at 0.0.0.0/14353] INFO  ha.SCMNodeInfo (SCMNodeInfo.java:getPort(197)) - ConfigKey ozone.scm.block.client.address is deprecated, For configuring different ports for each SCM use PortConfigKey ozone.scm.block.client.port appended with serviceId and nodeId
2022-01-02 13:17:25,469 [Listener at 0.0.0.0/14353] INFO  ha.SCMNodeInfo (SCMNodeInfo.java:getPort(197)) - ConfigKey ozone.scm.datanode.address is deprecated, For configuring different ports for each SCM use PortConfigKey ozone.scm.datanode.port appended with serviceId and nodeId
2022-01-02 13:17:25,469 [Listener at 0.0.0.0/14353] INFO  ha.SCMNodeInfo (SCMNodeInfo.java:getPort(197)) - ConfigKey ozone.scm.client.address is deprecated, For configuring different ports for each SCM use PortConfigKey ozone.scm.client.port appended with serviceId and nodeId
2022-01-02 13:17:25,469 [Listener at 0.0.0.0/14353] INFO  ha.SCMNodeInfo (SCMNodeInfo.java:getPort(197)) - ConfigKey ozone.scm.block.client.address is deprecated, For configuring different ports for each SCM use PortConfigKey ozone.scm.block.client.port appended with serviceId and nodeId
2022-01-02 13:17:25,469 [Listener at 0.0.0.0/14353] INFO  ha.SCMNodeInfo (SCMNodeInfo.java:getPort(197)) - ConfigKey ozone.scm.datanode.address is deprecated, For configuring different ports for each SCM use PortConfigKey ozone.scm.datanode.port appended with serviceId and nodeId
2022-01-02 13:17:25,491 [Listener at 0.0.0.0/14353] INFO  server.StorageContainerManager (StorageContainerManager.java:scmBootstrap(987)) - SCM BootStrap  is successful for ClusterID c1c80f75-2e15-44e6-8b98-5d8eb23efd07, SCMID 6fa4dbc0-5979-4abd-949d-5f620dcfcc80
2022-01-02 13:17:25,491 [Listener at 0.0.0.0/14353] INFO  server.StorageContainerManager (StorageContainerManager.java:scmBootstrap(989)) - Primary SCM Node ID 5af0e6f8-e325-4784-8af8-34780179857f
2022-01-02 13:17:25,491 [Listener at 0.0.0.0/14353] INFO  ha.SCMHANodeDetails (SCMHANodeDetails.java:loadSCMHAConfig(157)) - ServiceID for StorageContainerManager is scm-service-test1
2022-01-02 13:17:25,492 [Listener at 0.0.0.0/14353] INFO  ha.SCMHANodeDetails (SCMHANodeDetails.java:loadSCMHAConfig(168)) - ServiceID for StorageContainerManager is scm-service-test1
2022-01-02 13:17:25,492 [Listener at 0.0.0.0/14353] WARN  scm.ScmUtils (ScmUtils.java:logWarn(179)) - ConfigKey ozone.scm.block.client.address is deprecated, For configuring different ports for each SCM use PortConfigKey ozone.scm.block.client.port appended with serviceId and nodeId. If want to configure same port configure ozone.scm.block.client.port
2022-01-02 13:17:25,492 [Listener at 0.0.0.0/14353] WARN  scm.ScmUtils (ScmUtils.java:logWarn(179)) - ConfigKey ozone.scm.client.address is deprecated, For configuring different ports for each SCM use PortConfigKey ozone.scm.client.port appended with serviceId and nodeId. If want to configure same port configure ozone.scm.client.port
2022-01-02 13:17:25,492 [Listener at 0.0.0.0/14353] WARN  scm.ScmUtils (ScmUtils.java:logWarn(179)) - ConfigKey ozone.scm.datanode.address is deprecated, For configuring different ports for each SCM use PortConfigKey ozone.scm.datanode.port appended with serviceId and nodeId. If want to configure same port configure ozone.scm.datanode.port
2022-01-02 13:17:25,492 [Listener at 0.0.0.0/14353] WARN  scm.ScmUtils (ScmUtils.java:logWarn(179)) - ConfigKey ozone.scm.block.client.address is deprecated, For configuring different ports for each SCM use PortConfigKey ozone.scm.block.client.port appended with serviceId and nodeId. If want to configure same port configure ozone.scm.block.client.port
2022-01-02 13:17:25,492 [Listener at 0.0.0.0/14353] WARN  scm.ScmUtils (ScmUtils.java:logWarn(179)) - ConfigKey ozone.scm.client.address is deprecated, For configuring different ports for each SCM use PortConfigKey ozone.scm.client.port appended with serviceId and nodeId. If want to configure same port configure ozone.scm.client.port
2022-01-02 13:17:25,492 [Listener at 0.0.0.0/14353] WARN  scm.ScmUtils (ScmUtils.java:logWarn(179)) - ConfigKey ozone.scm.datanode.address is deprecated, For configuring different ports for each SCM use PortConfigKey ozone.scm.datanode.port appended with serviceId and nodeId. If want to configure same port configure ozone.scm.datanode.port
2022-01-02 13:17:25,493 [Listener at 0.0.0.0/14353] INFO  ha.SCMHANodeDetails (SCMHANodeDetails.java:loadSCMHAConfig(250)) - Found matching SCM address with SCMServiceId: scm-service-test1, SCMNodeId: scmNode-3, RPC Address: localhost:14360 and Ratis port: 14360
2022-01-02 13:17:25,493 [Listener at 0.0.0.0/14353] INFO  ha.SCMHANodeDetails (ConfUtils.java:setNodeSpecificConfigs(108)) - Setting configuration key ozone.scm.datanode.address with value of key ozone.scm.datanode.address.scm-service-test1.scmNode-3: 127.0.0.1:14361
2022-01-02 13:17:25,493 [Listener at 0.0.0.0/14353] INFO  ha.SCMHANodeDetails (ConfUtils.java:setNodeSpecificConfigs(108)) - Setting configuration key ozone.scm.block.client.address with value of key ozone.scm.block.client.address.scm-service-test1.scmNode-3: 127.0.0.1:14362
2022-01-02 13:17:25,493 [Listener at 0.0.0.0/14353] INFO  ha.SCMHANodeDetails (ConfUtils.java:setNodeSpecificConfigs(108)) - Setting configuration key ozone.scm.client.address with value of key ozone.scm.client.address.scm-service-test1.scmNode-3: 127.0.0.1:14363
2022-01-02 13:17:25,493 [Listener at 0.0.0.0/14353] INFO  ha.SCMHANodeDetails (ConfUtils.java:setNodeSpecificConfigs(108)) - Setting configuration key ozone.scm.ratis.port with value of key ozone.scm.ratis.port.scm-service-test1.scmNode-3: 14360
2022-01-02 13:17:25,493 [Listener at 0.0.0.0/14353] INFO  ha.SCMHANodeDetails (ConfUtils.java:setNodeSpecificConfigs(108)) - Setting configuration key ozone.scm.grpc.port with value of key ozone.scm.grpc.port.scm-service-test1.scmNode-3: 14364
2022-01-02 13:17:25,493 [Listener at 0.0.0.0/14353] INFO  ha.SCMHANodeDetails (ConfUtils.java:setNodeSpecificConfigs(108)) - Setting configuration key ozone.scm.http-address with value of key ozone.scm.http-address.scm-service-test1.scmNode-3: 127.0.0.1:14358
2022-01-02 13:17:25,493 [Listener at 0.0.0.0/14353] INFO  ha.SCMHANodeDetails (ConfUtils.java:setNodeSpecificConfigs(108)) - Setting configuration key ozone.scm.https-address with value of key ozone.scm.https-address.scm-service-test1.scmNode-3: 127.0.0.1:14359
2022-01-02 13:17:25,493 [Listener at 0.0.0.0/14353] INFO  ha.SCMHANodeDetails (ConfUtils.java:setNodeSpecificConfigs(108)) - Setting configuration key ozone.scm.address with value of key ozone.scm.address.scm-service-test1.scmNode-3: 127.0.0.1
2022-01-02 13:17:25,493 [Listener at 0.0.0.0/14353] WARN  scm.ScmUtils (ScmUtils.java:logWarn(179)) - ConfigKey ozone.scm.block.client.address is deprecated, For configuring different ports for each SCM use PortConfigKey ozone.scm.block.client.port appended with serviceId and nodeId. If want to configure same port configure ozone.scm.block.client.port
2022-01-02 13:17:25,494 [Listener at 0.0.0.0/14353] WARN  scm.ScmUtils (ScmUtils.java:logWarn(179)) - ConfigKey ozone.scm.client.address is deprecated, For configuring different ports for each SCM use PortConfigKey ozone.scm.client.port appended with serviceId and nodeId. If want to configure same port configure ozone.scm.client.port
2022-01-02 13:17:25,494 [Listener at 0.0.0.0/14353] WARN  scm.ScmUtils (ScmUtils.java:logWarn(179)) - ConfigKey ozone.scm.datanode.address is deprecated, For configuring different ports for each SCM use PortConfigKey ozone.scm.datanode.port appended with serviceId and nodeId. If want to configure same port configure ozone.scm.datanode.port
2022-01-02 13:17:25,494 [Listener at 0.0.0.0/14353] WARN  server.ServerUtils (ServerUtils.java:getScmDbDir(148)) - ozone.scm.db.dirs is not configured. We recommend adding this setting. Falling back to ozone.metadata.dirs instead.
2022-01-02 13:17:25,495 [Listener at 0.0.0.0/14353] INFO  upgrade.AbstractLayoutVersionManager (AbstractLayoutVersionManager.java:init(79)) - Initializing Layout version manager with metadata layout = SCM_HA (version = 2), software layout = SCM_HA (version = 2)
2022-01-02 13:17:25,596 [Listener at 0.0.0.0/14353] INFO  reflections.Reflections (Reflections.java:scan(232)) - Reflections took 100 ms to scan 7 urls, producing 119 keys and 279 values 
2022-01-02 13:17:25,597 [Listener at 0.0.0.0/14353] WARN  utils.HAUtils (HAUtils.java:getMetaDir(342)) - ozone.scm.db.dirs is not configured. We recommend adding this setting. Falling back to ozone.metadata.dirs instead.
2022-01-02 13:17:25,609 [Listener at 0.0.0.0/14353] WARN  db.DBStoreBuilder (DBStoreBuilder.java:applyDBDefinition(145)) - ozone.scm.db.dirs is not configured. We recommend adding this setting. Falling back to ozone.metadata.dirs instead.
2022-01-02 13:17:25,762 [Listener at 0.0.0.0/14353] INFO  net.NodeSchemaLoader (NodeSchemaLoader.java:loadSchemaFromFile(129)) - Loading schema from [jar:file:/home/runner/.m2/repository/org/apache/ozone/hdds-common/1.3.0-SNAPSHOT/hdds-common-1.3.0-SNAPSHOT.jar!/network-topology-default.xml]
2022-01-02 13:17:25,762 [Listener at 0.0.0.0/14353] INFO  net.NodeSchemaLoader (NodeSchemaLoader.java:loadSchema(176)) - Loading network topology layer schema file
2022-01-02 13:17:25,771 [Listener at 0.0.0.0/14353] WARN  impl.MetricRegistriesImpl (MetricRegistriesImpl.java:addReporterRegistration(111)) - New reporters are added after registries were created. Some metrics will be missing from the reporter. Please add reporter before adding any new registry.
2022-01-02 13:17:25,771 [Listener at 0.0.0.0/14353] WARN  impl.MetricRegistriesImpl (MetricRegistriesImpl.java:addReporterRegistration(111)) - New reporters are added after registries were created. Some metrics will be missing from the reporter. Please add reporter before adding any new registry.
2022-01-02 13:17:25,772 [Listener at 0.0.0.0/14353] INFO  ha.SCMRatisServerImpl (SCMRatisServerImpl.java:<init>(87)) - starting Raft server for scm:6fa4dbc0-5979-4abd-949d-5f620dcfcc80
2022-01-02 13:17:25,775 [Listener at 0.0.0.0/14353] INFO  server.RaftServer (ConfUtils.java:logGet(44)) - raft.rpc.type = GRPC (default)
2022-01-02 13:17:25,775 [Listener at 0.0.0.0/14353] INFO  grpc.GrpcFactory (GrpcFactory.java:checkPooledByteBufAllocatorUseCacheForAllThreads(48)) - PERFORMANCE WARNING: useCacheForAllThreads is true that may cause Netty to create a lot garbage objects and, as a result, trigger GC.
	It is recommended to disable useCacheForAllThreads by setting -Dorg.apache.ratis.thirdparty.io.netty.allocator.useCacheForAllThreads=false in command line.
2022-01-02 13:17:25,775 [Listener at 0.0.0.0/14353] INFO  grpc.GrpcConfigKeys (ConfUtils.java:logGet(44)) - raft.grpc.admin.port = -1 (default)
2022-01-02 13:17:25,775 [Listener at 0.0.0.0/14353] INFO  grpc.GrpcConfigKeys (ConfUtils.java:logGet(44)) - raft.grpc.server.port = 14360 (custom)
2022-01-02 13:17:25,775 [Listener at 0.0.0.0/14353] INFO  grpc.GrpcConfigKeys (ConfUtils.java:logGet(44)) - raft.grpc.client.port = -1 (default)
2022-01-02 13:17:25,775 [Listener at 0.0.0.0/14353] INFO  grpc.GrpcConfigKeys (ConfUtils.java:logGet(44)) - raft.grpc.server.port = 14360 (custom)
2022-01-02 13:17:25,775 [Listener at 0.0.0.0/14353] INFO  grpc.GrpcConfigKeys (ConfUtils.java:logGet(44)) - raft.grpc.server.port = 14360 (custom)
2022-01-02 13:17:25,776 [Listener at 0.0.0.0/14353] INFO  server.GrpcService (ConfUtils.java:logGet(44)) - raft.grpc.message.size.max = 32m (=33554432) (custom)
2022-01-02 13:17:25,776 [Listener at 0.0.0.0/14353] INFO  server.RaftServerConfigKeys (ConfUtils.java:logGet(44)) - raft.server.log.appender.buffer.byte-limit = 33554432 (custom)
2022-01-02 13:17:25,776 [Listener at 0.0.0.0/14353] INFO  server.GrpcService (ConfUtils.java:logGet(44)) - raft.grpc.flow.control.window = 1MB (=1048576) (default)
2022-01-02 13:17:25,776 [Listener at 0.0.0.0/14353] INFO  server.RaftServerConfigKeys (ConfUtils.java:logGet(44)) - raft.server.rpc.request.timeout = 30000ms (custom)
2022-01-02 13:17:25,780 [Listener at 0.0.0.0/14353] INFO  impl.DataStreamServerImpl (ConfUtils.java:logGet(44)) - raft.datastream.type = DISABLED (default)
2022-01-02 13:17:25,781 [Listener at 0.0.0.0/14353] INFO  server.RaftServerConfigKeys (ConfUtils.java:logGet(44)) - raft.server.rpc.slowness.timeout = 120000ms (custom)
2022-01-02 13:17:25,781 [Listener at 0.0.0.0/14353] INFO  server.RaftServerConfigKeys (ConfUtils.java:logGet(44)) - raft.server.leaderelection.leader.step-down.wait-time = 10s (default)
2022-01-02 13:17:25,781 [Listener at 0.0.0.0/14353] INFO  server.RaftServerConfigKeys (ConfUtils.java:logGet(44)) - raft.server.storage.dir = [/home/runner/work/ozone/ozone/hadoop-ozone/integration-test/target/test-dir/MiniOzoneClusterImpl-c1c80f75-2e15-44e6-8b98-5d8eb23efd07/scmNode-3/scm-ha] (custom)
2022-01-02 13:17:25,789 [Listener at 0.0.0.0/14353] INFO  server.RaftServer (RaftServerProxy.java:addNew(95)) - 6fa4dbc0-5979-4abd-949d-5f620dcfcc80: addNew group-5D8EB23EFD07:[] returns group-5D8EB23EFD07:java.util.concurrent.CompletableFuture@4a79c8cf[Not completed]
2022-01-02 13:17:25,790 [pool-263-thread-1] INFO  server.RaftServer$Division (RaftServerImpl.java:<init>(184)) - 6fa4dbc0-5979-4abd-949d-5f620dcfcc80: new RaftServerImpl for group-5D8EB23EFD07:[] with SCMStateMachine:uninitialized
2022-01-02 13:17:25,791 [pool-263-thread-1] INFO  server.RaftServerConfigKeys (ConfUtils.java:logGet(44)) - raft.server.rpc.timeout.min = 5000ms (custom)
2022-01-02 13:17:25,792 [pool-263-thread-1] INFO  server.RaftServerConfigKeys (ConfUtils.java:logGet(44)) - raft.server.rpc.timeout.max = 5200ms (custom)
2022-01-02 13:17:25,792 [pool-263-thread-1] INFO  server.RaftServerConfigKeys (ConfUtils.java:logGet(44)) - raft.server.rpc.sleep.time = 25ms (default)
2022-01-02 13:17:25,792 [pool-263-thread-1] INFO  server.RaftServerConfigKeys (ConfUtils.java:logGet(44)) - raft.server.rpc.slowness.timeout = 120000ms (custom)
2022-01-02 13:17:25,792 [pool-263-thread-1] INFO  server.RaftServerConfigKeys (ConfUtils.java:logGet(44)) - raft.server.leaderelection.leader.step-down.wait-time = 10s (default)
2022-01-02 13:17:25,792 [pool-263-thread-1] INFO  server.RaftServerConfigKeys (ConfUtils.java:logGet(44)) - raft.server.sleep.deviation.threshold = 300ms (default)
2022-01-02 13:17:25,792 [pool-263-thread-1] INFO  server.RaftServerConfigKeys (ConfUtils.java:logGet(44)) - raft.server.log.appender.install.snapshot.enabled = false (custom)
2022-01-02 13:17:25,792 [pool-263-thread-1] INFO  server.RaftServer$Division (ServerState.java:<init>(105)) - 6fa4dbc0-5979-4abd-949d-5f620dcfcc80@group-5D8EB23EFD07: ConfigurationManager, init=-1: [], old=null, confs=<EMPTY_MAP>
2022-01-02 13:17:25,792 [pool-263-thread-1] INFO  server.RaftServerConfigKeys (ConfUtils.java:logGet(44)) - raft.server.storage.dir = [/home/runner/work/ozone/ozone/hadoop-ozone/integration-test/target/test-dir/MiniOzoneClusterImpl-c1c80f75-2e15-44e6-8b98-5d8eb23efd07/scmNode-3/scm-ha] (custom)
2022-01-02 13:17:25,792 [pool-263-thread-1] INFO  server.RaftServerConfigKeys (ConfUtils.java:logGet(44)) - raft.server.log.corruption.policy = EXCEPTION (default)
2022-01-02 13:17:25,792 [pool-263-thread-1] INFO  server.RaftServerConfigKeys (ConfUtils.java:logGet(44)) - raft.server.storage.free-space.min = 0MB (=0) (default)
2022-01-02 13:17:25,792 [pool-263-thread-1] INFO  storage.RaftStorageDirectory (RaftStorageDirectoryImpl.java:analyzeStorage(135)) - The storage directory /home/runner/work/ozone/ozone/hadoop-ozone/integration-test/target/test-dir/MiniOzoneClusterImpl-c1c80f75-2e15-44e6-8b98-5d8eb23efd07/scmNode-3/scm-ha/c1c80f75-2e15-44e6-8b98-5d8eb23efd07 does not exist. Creating ...
2022-01-02 13:17:25,793 [pool-263-thread-1] INFO  storage.RaftStorageDirectory (RaftStorageDirectoryImpl.java:tryLock(230)) - Lock on /home/runner/work/ozone/ozone/hadoop-ozone/integration-test/target/test-dir/MiniOzoneClusterImpl-c1c80f75-2e15-44e6-8b98-5d8eb23efd07/scmNode-3/scm-ha/c1c80f75-2e15-44e6-8b98-5d8eb23efd07/in_use.lock acquired by nodename 7823@fv-az195-8
2022-01-02 13:17:25,795 [pool-263-thread-1] INFO  storage.RaftStorage (RaftStorageImpl.java:format(89)) - Storage directory /home/runner/work/ozone/ozone/hadoop-ozone/integration-test/target/test-dir/MiniOzoneClusterImpl-c1c80f75-2e15-44e6-8b98-5d8eb23efd07/scmNode-3/scm-ha/c1c80f75-2e15-44e6-8b98-5d8eb23efd07 has been successfully formatted.
2022-01-02 13:17:25,795 [pool-263-thread-1] INFO  server.RaftServerConfigKeys (ConfUtils.java:logGet(44)) - raft.server.notification.no-leader.timeout = 60s (default)
2022-01-02 13:17:25,795 [pool-263-thread-1] INFO  server.RaftServerConfigKeys (ConfUtils.java:logGet(44)) - raft.server.log.use.memory = false (default)
2022-01-02 13:17:25,795 [pool-263-thread-1] INFO  server.RaftServerConfigKeys (ConfUtils.java:logGet(44)) - raft.server.log.purge.gap = 5 (custom)
2022-01-02 13:17:25,795 [pool-263-thread-1] INFO  server.RaftServerConfigKeys (ConfUtils.java:logGet(44)) - raft.server.log.appender.buffer.byte-limit = 33554432 (custom)
2022-01-02 13:17:25,795 [pool-263-thread-1] INFO  server.RaftServerConfigKeys (ConfUtils.java:logGet(44)) - raft.server.log.segment.size.max = 4194304 (custom)
2022-01-02 13:17:25,800 [pool-263-thread-1] INFO  server.RaftServerConfigKeys (ConfUtils.java:logGet(44)) - raft.server.log.segment.cache.num.max = 2 (custom)
2022-01-02 13:17:25,800 [pool-263-thread-1] INFO  server.RaftServerConfigKeys (ConfUtils.java:logGet(44)) - raft.server.log.segment.cache.size.max = 200MB (=209715200) (default)
2022-01-02 13:17:25,800 [pool-263-thread-1] INFO  segmented.SegmentedRaftLogWorker (SegmentedRaftLogWorker.java:<init>(182)) - new 6fa4dbc0-5979-4abd-949d-5f620dcfcc80@group-5D8EB23EFD07-SegmentedRaftLogWorker for RaftStorageImpl:Storage Directory /home/runner/work/ozone/ozone/hadoop-ozone/integration-test/target/test-dir/MiniOzoneClusterImpl-c1c80f75-2e15-44e6-8b98-5d8eb23efd07/scmNode-3/scm-ha/c1c80f75-2e15-44e6-8b98-5d8eb23efd07
2022-01-02 13:17:25,800 [pool-263-thread-1] INFO  server.RaftServerConfigKeys (ConfUtils.java:logGet(44)) - raft.server.log.queue.byte-limit = 64MB (=67108864) (default)
2022-01-02 13:17:25,800 [pool-263-thread-1] INFO  server.RaftServerConfigKeys (ConfUtils.java:logGet(44)) - raft.server.log.queue.element-limit = 4096 (default)
2022-01-02 13:17:25,800 [pool-263-thread-1] INFO  server.RaftServerConfigKeys (ConfUtils.java:logGet(44)) - raft.server.log.segment.size.max = 4194304 (custom)
2022-01-02 13:17:25,800 [pool-263-thread-1] INFO  server.RaftServerConfigKeys (ConfUtils.java:logGet(44)) - raft.server.log.preallocated.size = 4194304 (custom)
2022-01-02 13:17:25,800 [pool-263-thread-1] INFO  server.RaftServerConfigKeys (ConfUtils.java:logGet(44)) - raft.server.log.force.sync.num = 128 (default)
2022-01-02 13:17:25,800 [pool-263-thread-1] INFO  server.RaftServerConfigKeys (ConfUtils.java:logGet(44)) - raft.server.log.statemachine.data.sync = true (default)
2022-01-02 13:17:25,800 [pool-263-thread-1] INFO  server.RaftServerConfigKeys (ConfUtils.java:logGet(44)) - raft.server.log.statemachine.data.sync.timeout = 10s (default)
2022-01-02 13:17:25,800 [pool-263-thread-1] INFO  server.RaftServerConfigKeys (ConfUtils.java:logGet(44)) - raft.server.log.statemachine.data.sync.timeout.retry = -1 (default)
2022-01-02 13:17:25,810 [pool-263-thread-1] INFO  server.RaftServerConfigKeys (ConfUtils.java:logGet(44)) - raft.server.log.write.buffer.size = 64KB (=65536) (default)
2022-01-02 13:17:25,810 [pool-263-thread-1] INFO  server.RaftServerConfigKeys (ConfUtils.java:logGet(44)) - raft.server.log.statemachine.data.caching.enabled = false (default)
2022-01-02 13:17:25,811 [pool-263-thread-1] INFO  segmented.SegmentedRaftLogWorker (SegmentedRaftLogWorker.java:lambda$new$0(133)) - 6fa4dbc0-5979-4abd-949d-5f620dcfcc80@group-5D8EB23EFD07-SegmentedRaftLogWorker: flushIndex: setUnconditionally 0 -> -1
2022-01-02 13:17:25,811 [pool-263-thread-1] INFO  segmented.SegmentedRaftLogWorker (SegmentedRaftLogWorker.java:lambda$new$0(133)) - 6fa4dbc0-5979-4abd-949d-5f620dcfcc80@group-5D8EB23EFD07-SegmentedRaftLogWorker: safeCacheEvictIndex: setUnconditionally 0 -> -1
2022-01-02 13:17:25,815 [pool-263-thread-1] INFO  server.RaftServerConfigKeys (ConfUtils.java:logGet(44)) - raft.server.snapshot.auto.trigger.enabled = true (custom)
2022-01-02 13:17:25,815 [pool-263-thread-1] INFO  server.RaftServerConfigKeys (ConfUtils.java:logGet(44)) - raft.server.snapshot.auto.trigger.threshold = 5 (custom)
2022-01-02 13:17:25,815 [pool-263-thread-1] INFO  server.RaftServerConfigKeys (ConfUtils.java:logGet(44)) - raft.server.snapshot.retention.file.num = -1 (default)
2022-01-02 13:17:25,815 [pool-263-thread-1] INFO  server.RaftServerConfigKeys (ConfUtils.java:logGet(44)) - raft.server.log.purge.upto.snapshot.index = true (custom)
2022-01-02 13:17:25,816 [pool-263-thread-1] INFO  server.RaftServerConfigKeys (ConfUtils.java:logGet(44)) - raft.server.retrycache.expirytime = 60000ms (default)
2022-01-02 13:17:25,816 [pool-263-thread-1] INFO  server.RaftServerConfigKeys (ConfUtils.java:logGet(44)) - raft.server.retrycache.statistics.expirytime = 100μs (default)
2022-01-02 13:17:25,817 [Listener at 0.0.0.0/14353] INFO  ha.SCMSnapshotProvider (SCMSnapshotProvider.java:<init>(66)) - Initializing SCM Snapshot Provider
2022-01-02 13:17:25,817 [Listener at 0.0.0.0/14353] WARN  server.ServerUtils (ServerUtils.java:getDefaultRatisDirectory(237)) - Storage directory for Ratis is not configured. It is a good idea to map this to an SSD disk. Falling back to ozone.metadata.dirs
2022-01-02 13:17:25,817 [Listener at 0.0.0.0/14353] WARN  ha.SCMHAUtils (SCMHAUtils.java:getSCMRatisSnapshotDirectory(146)) - SCM snapshot dir is not configured. Falling back to ozone.metadata.dirs config
2022-01-02 13:17:25,818 [Listener at 0.0.0.0/14353] INFO  ha.SequenceIdGenerator (SequenceIdGenerator.java:upgradeToSequenceId(347)) - upgrade localId to 109611004723200000
2022-01-02 13:17:25,819 [Listener at 0.0.0.0/14353] INFO  ha.SequenceIdGenerator (SequenceIdGenerator.java:upgradeToSequenceId(357)) - upgrade delTxnId to 0
2022-01-02 13:17:25,819 [Listener at 0.0.0.0/14353] INFO  ha.SequenceIdGenerator (SequenceIdGenerator.java:upgradeToSequenceId(371)) - upgrade containerId to 0
2022-01-02 13:17:25,819 [Listener at 0.0.0.0/14353] INFO  ha.SequenceIdGenerator (SequenceIdGenerator.java:<init>(218)) - Init the HA SequenceIdGenerator.
2022-01-02 13:17:25,819 [Listener at 0.0.0.0/14353] WARN  server.ServerUtils (ServerUtils.java:sanitizeUserArgs(73)) - ozone.scm.stale.node.interval value = 300000 is larger than max = 100000 based on the key value of ozone.scm.heartbeat.thread.interval, reset to the max value 100000.
2022-01-02 13:17:25,819 [Listener at 0.0.0.0/14353] WARN  server.ServerUtils (ServerUtils.java:sanitizeUserArgs(73)) - ozone.scm.stale.node.interval value = 300000 is larger than max = 100000 based on the key value of ozone.scm.heartbeat.thread.interval, reset to the max value 100000.
2022-01-02 13:17:25,828 [Listener at 0.0.0.0/14353] INFO  node.SCMNodeManager (SCMNodeManager.java:<init>(144)) - Entering startup safe mode.
2022-01-02 13:17:25,829 [Listener at 0.0.0.0/14353] INFO  algorithms.ContainerPlacementPolicyFactory (ContainerPlacementPolicyFactory.java:getPolicy(60)) - Create container placement policy of type org.apache.hadoop.hdds.scm.container.placement.algorithms.SCMContainerPlacementRandom
2022-01-02 13:17:25,829 [Listener at 0.0.0.0/14353] INFO  pipeline.PipelineStateManagerImpl (PipelineStateManagerImpl.java:initialize(78)) - No pipeline exists in current db
2022-01-02 13:17:25,829 [Listener at 0.0.0.0/14353] INFO  algorithms.LeaderChoosePolicyFactory (LeaderChoosePolicyFactory.java:getPolicy(57)) - Create leader choose policy of type org.apache.hadoop.hdds.scm.pipeline.leader.choose.algorithms.MinLeaderCountChoosePolicy
2022-01-02 13:17:25,830 [Listener at 0.0.0.0/14353] INFO  ha.SCMServiceManager (SCMServiceManager.java:register(43)) - Registering service BackgroundPipelineCreator.
2022-01-02 13:17:25,830 [Listener at 0.0.0.0/14353] INFO  pipeline.BackgroundPipelineCreator (BackgroundPipelineCreator.java:start(130)) - Starting RatisPipelineUtilsThread.
2022-01-02 13:17:25,840 [Listener at 0.0.0.0/14353] INFO  algorithms.PipelineChoosePolicyFactory (PipelineChoosePolicyFactory.java:createPipelineChoosePolicyFromClass(73)) - Create pipeline choose policy of type org.apache.hadoop.hdds.scm.pipeline.choose.algorithms.RandomPipelineChoosePolicy
2022-01-02 13:17:25,840 [Listener at 0.0.0.0/14353] INFO  ha.SCMServiceManager (SCMServiceManager.java:register(43)) - Registering service SCMBlockDeletingService.
2022-01-02 13:17:25,840 [Listener at 0.0.0.0/14353] INFO  ha.SCMServiceManager (SCMServiceManager.java:register(43)) - Registering service ReplicationManager.
2022-01-02 13:17:25,841 [Listener at 0.0.0.0/14353] INFO  container.ReplicationManager (ReplicationManager.java:start(319)) - Starting Replication Monitor Thread.
2022-01-02 13:17:25,846 [Listener at 0.0.0.0/14353] INFO  safemode.ContainerSafeModeRule (ContainerSafeModeRule.java:<init>(89)) - containers with one replica threshold count 0
2022-01-02 13:17:25,846 [Listener at 0.0.0.0/14353] INFO  safemode.HealthyPipelineSafeModeRule (HealthyPipelineSafeModeRule.java:initializeRule(156)) - Total pipeline count is 0, healthy pipeline threshold count is 1
2022-01-02 13:17:25,847 [Listener at 0.0.0.0/14353] INFO  safemode.OneReplicaPipelineSafeModeRule (OneReplicaPipelineSafeModeRule.java:initializeRule(180)) - Total pipeline count is 0, pipeline's with at least one datanode reported threshold count is 0
2022-01-02 13:17:25,853 [Listener at 0.0.0.0/14353] INFO  ipc.CallQueueManager (CallQueueManager.java:<init>(90)) - Using callQueue: class java.util.concurrent.LinkedBlockingQueue, queueCapacity: 2000, scheduler: class org.apache.hadoop.ipc.DefaultRpcScheduler, ipcBackoff: false.
2022-01-02 13:17:25,863 [ReplicationMonitor] INFO  container.ReplicationManager (ReplicationManager.java:processAll(371)) - Replication Monitor Thread took 0 milliseconds for processing 0 containers.
2022-01-02 13:17:25,866 [Socket Reader #1 for port 14361] INFO  ipc.Server (Server.java:run(1265)) - Starting Socket Reader #1 for port 14361
2022-01-02 13:17:25,870 [Listener at 0.0.0.0/14361] INFO  ipc.CallQueueManager (CallQueueManager.java:<init>(90)) - Using callQueue: class java.util.concurrent.LinkedBlockingQueue, queueCapacity: 2000, scheduler: class org.apache.hadoop.ipc.DefaultRpcScheduler, ipcBackoff: false.
2022-01-02 13:17:25,871 [Socket Reader #1 for port 14362] INFO  ipc.Server (Server.java:run(1265)) - Starting Socket Reader #1 for port 14362
2022-01-02 13:17:25,872 [Listener at 0.0.0.0/14362] INFO  ipc.CallQueueManager (CallQueueManager.java:<init>(90)) - Using callQueue: class java.util.concurrent.LinkedBlockingQueue, queueCapacity: 2000, scheduler: class org.apache.hadoop.ipc.DefaultRpcScheduler, ipcBackoff: false.
2022-01-02 13:17:25,874 [Socket Reader #1 for port 14363] INFO  ipc.Server (Server.java:run(1265)) - Starting Socket Reader #1 for port 14363
2022-01-02 13:17:25,926 [Listener at 0.0.0.0/14363] INFO  algorithms.ContainerPlacementPolicyFactory (ContainerPlacementPolicyFactory.java:getPolicy(60)) - Create container placement policy of type org.apache.hadoop.hdds.scm.container.placement.algorithms.SCMContainerPlacementRandom
2022-01-02 13:17:25,926 [Listener at 0.0.0.0/14363] INFO  server.StorageContainerManager (StorageContainerManager.java:<init>(388)) - 
Container Balancer status:
Key                            Value
Running                        false
Container Balancer Configuration values:
Key                                                Value
Threshold                                          0.1
Max Datanodes to Involve per Iteration(ratio)      0.2
Max Size to Move per Iteration                     30GB
Max Size Entering Target per Iteration             26GB
Max Size Leaving Source per Iteration              26GB

2022-01-02 13:17:25,927 [Listener at 0.0.0.0/14363] WARN  events.EventQueue (EventQueue.java:fireEvent(194)) - No event handler registered for event TypedEvent{payloadType=SafeModeStatus, name='Safe mode status'}
2022-01-02 13:17:25,927 [Listener at 0.0.0.0/14363] INFO  ha.SCMContext (SCMContext.java:updateSafeModeStatus(211)) - Update SafeModeStatus from SafeModeStatus{safeModeStatus=true, preCheckPassed=false} to SafeModeStatus{safeModeStatus=true, preCheckPassed=false}.
2022-01-02 13:17:25,933 [Listener at 0.0.0.0/14363] INFO  ozone.MiniOzoneHAClusterImpl (MiniOzoneHAClusterImpl.java:createSCMService(581)) - Intialized SCM at org.apache.hadoop.hdds.scm.server.SCMClientProtocolServer@1ccc4cc5. This SCM is currently inactive (not running).
2022-01-02 13:17:25,934 [Listener at 0.0.0.0/14363] INFO  ha.OMHANodeDetails (OMHANodeDetails.java:loadOMHAConfig(118)) - ServiceID for OzoneManager is om-service-test1
2022-01-02 13:17:25,941 [Listener at 0.0.0.0/14363] INFO  ha.OMHANodeDetails (OMHANodeDetails.java:loadOMHAConfig(193)) - Found matching OM address with OMServiceId: om-service-test1, OMNodeId: omNode-1, RPC Address: localhost:11096 and Ratis port: 11100
2022-01-02 13:17:25,942 [Listener at 0.0.0.0/14363] INFO  ha.OMHANodeDetails (ConfUtils.java:setNodeSpecificConfigs(108)) - Setting configuration key ozone.om.http-address with value of key ozone.om.http-address.om-service-test1.omNode-1: 127.0.0.1:11098
2022-01-02 13:17:25,942 [Listener at 0.0.0.0/14363] INFO  ha.OMHANodeDetails (ConfUtils.java:setNodeSpecificConfigs(108)) - Setting configuration key ozone.om.https-address with value of key ozone.om.https-address.om-service-test1.omNode-1: 127.0.0.1:11099
2022-01-02 13:17:25,943 [Listener at 0.0.0.0/14363] INFO  ha.OMHANodeDetails (ConfUtils.java:setNodeSpecificConfigs(108)) - Setting configuration key ozone.om.address with value of key ozone.om.address.om-service-test1.omNode-1: 127.0.0.1:11096
2022-01-02 13:17:25,944 [Listener at 0.0.0.0/14363] WARN  server.ServerUtils (ServerUtils.java:getDBPath(225)) - ozone.om.db.dirs is not configured. We recommend adding this setting. Falling back to ozone.metadata.dirs instead.
2022-01-02 13:17:25,947 [Listener at 0.0.0.0/14363] INFO  ha.SCMNodeInfo (SCMNodeInfo.java:getPort(197)) - ConfigKey ozone.scm.client.address is deprecated, For configuring different ports for each SCM use PortConfigKey ozone.scm.client.port appended with serviceId and nodeId
2022-01-02 13:17:25,947 [Listener at 0.0.0.0/14363] INFO  ha.SCMNodeInfo (SCMNodeInfo.java:getPort(197)) - ConfigKey ozone.scm.block.client.address is deprecated, For configuring different ports for each SCM use PortConfigKey ozone.scm.block.client.port appended with serviceId and nodeId
2022-01-02 13:17:25,948 [Listener at 0.0.0.0/14363] INFO  ha.SCMNodeInfo (SCMNodeInfo.java:getPort(197)) - ConfigKey ozone.scm.datanode.address is deprecated, For configuring different ports for each SCM use PortConfigKey ozone.scm.datanode.port appended with serviceId and nodeId
2022-01-02 13:17:25,948 [Listener at 0.0.0.0/14363] INFO  ha.SCMNodeInfo (SCMNodeInfo.java:getPort(197)) - ConfigKey ozone.scm.client.address is deprecated, For configuring different ports for each SCM use PortConfigKey ozone.scm.client.port appended with serviceId and nodeId
2022-01-02 13:17:25,948 [Listener at 0.0.0.0/14363] INFO  ha.SCMNodeInfo (SCMNodeInfo.java:getPort(197)) - ConfigKey ozone.scm.block.client.address is deprecated, For configuring different ports for each SCM use PortConfigKey ozone.scm.block.client.port appended with serviceId and nodeId
2022-01-02 13:17:25,948 [Listener at 0.0.0.0/14363] INFO  ha.SCMNodeInfo (SCMNodeInfo.java:getPort(197)) - ConfigKey ozone.scm.datanode.address is deprecated, For configuring different ports for each SCM use PortConfigKey ozone.scm.datanode.port appended with serviceId and nodeId
2022-01-02 13:17:25,948 [Listener at 0.0.0.0/14363] INFO  ha.SCMNodeInfo (SCMNodeInfo.java:getPort(197)) - ConfigKey ozone.scm.client.address is deprecated, For configuring different ports for each SCM use PortConfigKey ozone.scm.client.port appended with serviceId and nodeId
2022-01-02 13:17:25,948 [Listener at 0.0.0.0/14363] INFO  ha.SCMNodeInfo (SCMNodeInfo.java:getPort(197)) - ConfigKey ozone.scm.block.client.address is deprecated, For configuring different ports for each SCM use PortConfigKey ozone.scm.block.client.port appended with serviceId and nodeId
2022-01-02 13:17:25,948 [Listener at 0.0.0.0/14363] INFO  ha.SCMNodeInfo (SCMNodeInfo.java:getPort(197)) - ConfigKey ozone.scm.datanode.address is deprecated, For configuring different ports for each SCM use PortConfigKey ozone.scm.datanode.port appended with serviceId and nodeId
OM initialization succeeded.Current cluster id for sd=/home/runner/work/ozone/ozone/hadoop-ozone/integration-test/target/test-dir/MiniOzoneClusterImpl-c1c80f75-2e15-44e6-8b98-5d8eb23efd07/omNode-1/om;cid=c1c80f75-2e15-44e6-8b98-5d8eb23efd07;layoutVersion=0
2022-01-02 13:17:25,969 [Listener at 0.0.0.0/14363] INFO  ha.OMHANodeDetails (OMHANodeDetails.java:loadOMHAConfig(118)) - ServiceID for OzoneManager is om-service-test1
2022-01-02 13:17:25,970 [Listener at 0.0.0.0/14363] INFO  ha.OMHANodeDetails (OMHANodeDetails.java:loadOMHAConfig(193)) - Found matching OM address with OMServiceId: om-service-test1, OMNodeId: omNode-1, RPC Address: localhost:11096 and Ratis port: 11100
2022-01-02 13:17:25,970 [Listener at 0.0.0.0/14363] INFO  ha.OMHANodeDetails (ConfUtils.java:setNodeSpecificConfigs(108)) - Setting configuration key ozone.om.http-address with value of key ozone.om.http-address.om-service-test1.omNode-1: 127.0.0.1:11098
2022-01-02 13:17:25,970 [Listener at 0.0.0.0/14363] INFO  ha.OMHANodeDetails (ConfUtils.java:setNodeSpecificConfigs(108)) - Setting configuration key ozone.om.https-address with value of key ozone.om.https-address.om-service-test1.omNode-1: 127.0.0.1:11099
2022-01-02 13:17:25,970 [Listener at 0.0.0.0/14363] INFO  ha.OMHANodeDetails (ConfUtils.java:setNodeSpecificConfigs(108)) - Setting configuration key ozone.om.address with value of key ozone.om.address.om-service-test1.omNode-1: 127.0.0.1:11096
2022-01-02 13:17:25,970 [Listener at 0.0.0.0/14363] WARN  server.ServerUtils (ServerUtils.java:getDBPath(225)) - ozone.om.db.dirs is not configured. We recommend adding this setting. Falling back to ozone.metadata.dirs instead.
2022-01-02 13:17:25,970 [Listener at 0.0.0.0/14363] INFO  upgrade.AbstractLayoutVersionManager (AbstractLayoutVersionManager.java:init(79)) - Initializing Layout version manager with metadata layout = INITIAL_VERSION (version = 0), software layout = INITIAL_VERSION (version = 0)
2022-01-02 13:17:26,079 [Listener at 0.0.0.0/14363] INFO  reflections.Reflections (Reflections.java:scan(232)) - Reflections took 108 ms to scan 2 urls, producing 133 keys and 345 values [using 2 cores]
2022-01-02 13:17:26,079 [Listener at 0.0.0.0/14363] INFO  upgrade.OMLayoutVersionManager (OMLayoutVersionManager.java:lambda$0(115)) - Skipping Upgrade Action MockOmUpgradeAction since it has been finalized.
2022-01-02 13:17:26,080 [Listener at 0.0.0.0/14363] WARN  server.ServerUtils (ServerUtils.java:getDBPath(225)) - ozone.om.db.dirs is not configured. We recommend adding this setting. Falling back to ozone.metadata.dirs instead.
2022-01-02 13:17:26,080 [Listener at 0.0.0.0/14363] INFO  ha.SCMNodeInfo (SCMNodeInfo.java:getPort(197)) - ConfigKey ozone.scm.client.address is deprecated, For configuring different ports for each SCM use PortConfigKey ozone.scm.client.port appended with serviceId and nodeId
2022-01-02 13:17:26,080 [Listener at 0.0.0.0/14363] INFO  ha.SCMNodeInfo (SCMNodeInfo.java:getPort(197)) - ConfigKey ozone.scm.block.client.address is deprecated, For configuring different ports for each SCM use PortConfigKey ozone.scm.block.client.port appended with serviceId and nodeId
2022-01-02 13:17:26,080 [Listener at 0.0.0.0/14363] INFO  ha.SCMNodeInfo (SCMNodeInfo.java:getPort(197)) - ConfigKey ozone.scm.datanode.address is deprecated, For configuring different ports for each SCM use PortConfigKey ozone.scm.datanode.port appended with serviceId and nodeId
2022-01-02 13:17:26,080 [Listener at 0.0.0.0/14363] INFO  ha.SCMNodeInfo (SCMNodeInfo.java:getPort(197)) - ConfigKey ozone.scm.client.address is deprecated, For configuring different ports for each SCM use PortConfigKey ozone.scm.client.port appended with serviceId and nodeId
2022-01-02 13:17:26,080 [Listener at 0.0.0.0/14363] INFO  ha.SCMNodeInfo (SCMNodeInfo.java:getPort(197)) - ConfigKey ozone.scm.block.client.address is deprecated, For configuring different ports for each SCM use PortConfigKey ozone.scm.block.client.port appended with serviceId and nodeId
2022-01-02 13:17:26,080 [Listener at 0.0.0.0/14363] INFO  ha.SCMNodeInfo (SCMNodeInfo.java:getPort(197)) - ConfigKey ozone.scm.datanode.address is deprecated, For configuring different ports for each SCM use PortConfigKey ozone.scm.datanode.port appended with serviceId and nodeId
2022-01-02 13:17:26,080 [Listener at 0.0.0.0/14363] INFO  ha.SCMNodeInfo (SCMNodeInfo.java:getPort(197)) - ConfigKey ozone.scm.client.address is deprecated, For configuring different ports for each SCM use PortConfigKey ozone.scm.client.port appended with serviceId and nodeId
2022-01-02 13:17:26,081 [Listener at 0.0.0.0/14363] INFO  ha.SCMNodeInfo (SCMNodeInfo.java:getPort(197)) - ConfigKey ozone.scm.block.client.address is deprecated, For configuring different ports for each SCM use PortConfigKey ozone.scm.block.client.port appended with serviceId and nodeId
2022-01-02 13:17:26,081 [Listener at 0.0.0.0/14363] INFO  ha.SCMNodeInfo (SCMNodeInfo.java:getPort(197)) - ConfigKey ozone.scm.datanode.address is deprecated, For configuring different ports for each SCM use PortConfigKey ozone.scm.datanode.port appended with serviceId and nodeId
2022-01-02 13:17:26,081 [Listener at 0.0.0.0/14363] INFO  ha.SCMNodeInfo (SCMNodeInfo.java:getPort(197)) - ConfigKey ozone.scm.client.address is deprecated, For configuring different ports for each SCM use PortConfigKey ozone.scm.client.port appended with serviceId and nodeId
2022-01-02 13:17:26,081 [Listener at 0.0.0.0/14363] INFO  ha.SCMNodeInfo (SCMNodeInfo.java:getPort(197)) - ConfigKey ozone.scm.block.client.address is deprecated, For configuring different ports for each SCM use PortConfigKey ozone.scm.block.client.port appended with serviceId and nodeId
2022-01-02 13:17:26,081 [Listener at 0.0.0.0/14363] INFO  ha.SCMNodeInfo (SCMNodeInfo.java:getPort(197)) - ConfigKey ozone.scm.datanode.address is deprecated, For configuring different ports for each SCM use PortConfigKey ozone.scm.datanode.port appended with serviceId and nodeId
2022-01-02 13:17:26,082 [Listener at 0.0.0.0/14363] INFO  ha.SCMNodeInfo (SCMNodeInfo.java:getPort(197)) - ConfigKey ozone.scm.client.address is deprecated, For configuring different ports for each SCM use PortConfigKey ozone.scm.client.port appended with serviceId and nodeId
2022-01-02 13:17:26,082 [Listener at 0.0.0.0/14363] INFO  ha.SCMNodeInfo (SCMNodeInfo.java:getPort(197)) - ConfigKey ozone.scm.block.client.address is deprecated, For configuring different ports for each SCM use PortConfigKey ozone.scm.block.client.port appended with serviceId and nodeId
2022-01-02 13:17:26,082 [Listener at 0.0.0.0/14363] INFO  ha.SCMNodeInfo (SCMNodeInfo.java:getPort(197)) - ConfigKey ozone.scm.datanode.address is deprecated, For configuring different ports for each SCM use PortConfigKey ozone.scm.datanode.port appended with serviceId and nodeId
2022-01-02 13:17:26,082 [Listener at 0.0.0.0/14363] INFO  ha.SCMNodeInfo (SCMNodeInfo.java:getPort(197)) - ConfigKey ozone.scm.client.address is deprecated, For configuring different ports for each SCM use PortConfigKey ozone.scm.client.port appended with serviceId and nodeId
2022-01-02 13:17:26,082 [Listener at 0.0.0.0/14363] INFO  ha.SCMNodeInfo (SCMNodeInfo.java:getPort(197)) - ConfigKey ozone.scm.block.client.address is deprecated, For configuring different ports for each SCM use PortConfigKey ozone.scm.block.client.port appended with serviceId and nodeId
2022-01-02 13:17:26,082 [Listener at 0.0.0.0/14363] INFO  ha.SCMNodeInfo (SCMNodeInfo.java:getPort(197)) - ConfigKey ozone.scm.datanode.address is deprecated, For configuring different ports for each SCM use PortConfigKey ozone.scm.datanode.port appended with serviceId and nodeId
2022-01-02 13:17:26,083 [Listener at 0.0.0.0/14363] INFO  ha.SCMNodeInfo (SCMNodeInfo.java:getPort(197)) - ConfigKey ozone.scm.client.address is deprecated, For configuring different ports for each SCM use PortConfigKey ozone.scm.client.port appended with serviceId and nodeId
2022-01-02 13:17:26,083 [Listener at 0.0.0.0/14363] INFO  ha.SCMNodeInfo (SCMNodeInfo.java:getPort(197)) - ConfigKey ozone.scm.block.client.address is deprecated, For configuring different ports for each SCM use PortConfigKey ozone.scm.block.client.port appended with serviceId and nodeId
2022-01-02 13:17:26,083 [Listener at 0.0.0.0/14363] INFO  ha.SCMNodeInfo (SCMNodeInfo.java:getPort(197)) - ConfigKey ozone.scm.datanode.address is deprecated, For configuring different ports for each SCM use PortConfigKey ozone.scm.datanode.port appended with serviceId and nodeId
2022-01-02 13:17:26,084 [Listener at 0.0.0.0/14363] INFO  ha.SCMNodeInfo (SCMNodeInfo.java:getPort(197)) - ConfigKey ozone.scm.client.address is deprecated, For configuring different ports for each SCM use PortConfigKey ozone.scm.client.port appended with serviceId and nodeId
2022-01-02 13:17:26,084 [Listener at 0.0.0.0/14363] INFO  ha.SCMNodeInfo (SCMNodeInfo.java:getPort(197)) - ConfigKey ozone.scm.block.client.address is deprecated, For configuring different ports for each SCM use PortConfigKey ozone.scm.block.client.port appended with serviceId and nodeId
2022-01-02 13:17:26,084 [Listener at 0.0.0.0/14363] INFO  ha.SCMNodeInfo (SCMNodeInfo.java:getPort(197)) - ConfigKey ozone.scm.datanode.address is deprecated, For configuring different ports for each SCM use PortConfigKey ozone.scm.datanode.port appended with serviceId and nodeId
2022-01-02 13:17:26,084 [Listener at 0.0.0.0/14363] INFO  ha.SCMNodeInfo (SCMNodeInfo.java:getPort(197)) - ConfigKey ozone.scm.client.address is deprecated, For configuring different ports for each SCM use PortConfigKey ozone.scm.client.port appended with serviceId and nodeId
2022-01-02 13:17:26,084 [Listener at 0.0.0.0/14363] INFO  ha.SCMNodeInfo (SCMNodeInfo.java:getPort(197)) - ConfigKey ozone.scm.block.client.address is deprecated, For configuring different ports for each SCM use PortConfigKey ozone.scm.block.client.port appended with serviceId and nodeId
2022-01-02 13:17:26,084 [Listener at 0.0.0.0/14363] INFO  ha.SCMNodeInfo (SCMNodeInfo.java:getPort(197)) - ConfigKey ozone.scm.datanode.address is deprecated, For configuring different ports for each SCM use PortConfigKey ozone.scm.datanode.port appended with serviceId and nodeId
2022-01-02 13:17:26,116 [Listener at 0.0.0.0/14363] WARN  server.ServerUtils (ServerUtils.java:getDBPath(225)) - ozone.om.db.dirs is not configured. We recommend adding this setting. Falling back to ozone.metadata.dirs instead.
2022-01-02 13:17:26,116 [Listener at 0.0.0.0/14363] INFO  codec.OmKeyInfoCodec (OmKeyInfoCodec.java:<init>(50)) - OmKeyInfoCodec ignorePipeline = true
2022-01-02 13:17:26,117 [Listener at 0.0.0.0/14363] INFO  codec.RepeatedOmKeyInfoCodec (RepeatedOmKeyInfoCodec.java:<init>(42)) - RepeatedOmKeyInfoCodec ignorePipeline = true
2022-01-02 13:17:26,167 [EndpointStateMachine task thread for /127.0.0.1:14995 - 0 ] INFO  ipc.Client (Client.java:handleConnectionFailure(977)) - Retrying connect to server: localhost/127.0.0.1:14995. Already tried 6 time(s); retry policy is RetryUpToMaximumCountWithFixedSleep(maxRetries=15, sleepTime=1000 MILLISECONDS)
2022-01-02 13:17:26,169 [EndpointStateMachine task thread for /127.0.0.1:15005 - 0 ] INFO  ipc.Client (Client.java:handleConnectionFailure(977)) - Retrying connect to server: localhost/127.0.0.1:15005. Already tried 9 time(s); retry policy is RetryUpToMaximumCountWithFixedSleep(maxRetries=15, sleepTime=1000 MILLISECONDS)
2022-01-02 13:17:26,211 [EndpointStateMachine task thread for /127.0.0.1:14985 - 0 ] INFO  ipc.Client (Client.java:handleConnectionFailure(977)) - Retrying connect to server: localhost/127.0.0.1:14985. Already tried 9 time(s); retry policy is RetryUpToMaximumCountWithFixedSleep(maxRetries=15, sleepTime=1000 MILLISECONDS)
2022-01-02 13:17:26,303 [Listener at 0.0.0.0/14363] INFO  om.OzoneManager (OzoneManager.java:addS3GVolumeToDB(3728)) - Created Volume s3v With Owner runner required for S3Gateway operations.
2022-01-02 13:17:26,303 [Listener at 0.0.0.0/14363] WARN  server.ServerUtils (ServerUtils.java:getDefaultRatisDirectory(237)) - Storage directory for Ratis is not configured. It is a good idea to map this to an SSD disk. Falling back to ozone.metadata.dirs
2022-01-02 13:17:26,303 [Listener at 0.0.0.0/14363] WARN  utils.OzoneManagerRatisUtils (OzoneManagerRatisUtils.java:getOMRatisSnapshotDirectory(323)) - ozone.om.ratis.snapshot.dir is not configured. Falling back to ozone.metadata.dirs config
2022-01-02 13:17:26,306 [Listener at 0.0.0.0/14363] WARN  impl.MetricRegistriesImpl (MetricRegistriesImpl.java:addReporterRegistration(111)) - New reporters are added after registries were created. Some metrics will be missing from the reporter. Please add reporter before adding any new registry.
2022-01-02 13:17:26,306 [Listener at 0.0.0.0/14363] WARN  impl.MetricRegistriesImpl (MetricRegistriesImpl.java:addReporterRegistration(111)) - New reporters are added after registries were created. Some metrics will be missing from the reporter. Please add reporter before adding any new registry.
2022-01-02 13:17:26,306 [Listener at 0.0.0.0/14363] WARN  server.ServerUtils (ServerUtils.java:getDefaultRatisDirectory(237)) - Storage directory for Ratis is not configured. It is a good idea to map this to an SSD disk. Falling back to ozone.metadata.dirs
2022-01-02 13:17:26,307 [Listener at 0.0.0.0/14363] INFO  ratis.OzoneManagerRatisServer (OzoneManagerRatisServer.java:<init>(159)) - Instantiating OM Ratis server with groupID: om-service-test1 and peers: localhost:11100
2022-01-02 13:17:26,313 [Listener at 0.0.0.0/14363] INFO  ratis.OzoneManagerStateMachine (OzoneManagerStateMachine.java:loadSnapshotInfoFromDB(605)) - LastAppliedIndex is set from TransactionInfo from OM DB as (t:0, i:~)
2022-01-02 13:17:26,322 [Listener at 0.0.0.0/14363] INFO  server.RaftServer (ConfUtils.java:logGet(44)) - raft.rpc.type = GRPC (default)
2022-01-02 13:17:26,322 [Listener at 0.0.0.0/14363] INFO  grpc.GrpcFactory (GrpcFactory.java:checkPooledByteBufAllocatorUseCacheForAllThreads(48)) - PERFORMANCE WARNING: useCacheForAllThreads is true that may cause Netty to create a lot garbage objects and, as a result, trigger GC.
	It is recommended to disable useCacheForAllThreads by setting -Dorg.apache.ratis.thirdparty.io.netty.allocator.useCacheForAllThreads=false in command line.
2022-01-02 13:17:26,322 [Listener at 0.0.0.0/14363] INFO  grpc.GrpcConfigKeys (ConfUtils.java:logGet(44)) - raft.grpc.admin.port = -1 (default)
2022-01-02 13:17:26,322 [Listener at 0.0.0.0/14363] INFO  grpc.GrpcConfigKeys (ConfUtils.java:logGet(44)) - raft.grpc.server.port = 11100 (custom)
2022-01-02 13:17:26,323 [Listener at 0.0.0.0/14363] INFO  grpc.GrpcConfigKeys (ConfUtils.java:logGet(44)) - raft.grpc.client.port = -1 (default)
2022-01-02 13:17:26,323 [Listener at 0.0.0.0/14363] INFO  grpc.GrpcConfigKeys (ConfUtils.java:logGet(44)) - raft.grpc.server.port = 11100 (custom)
2022-01-02 13:17:26,323 [Listener at 0.0.0.0/14363] INFO  grpc.GrpcConfigKeys (ConfUtils.java:logGet(44)) - raft.grpc.server.port = 11100 (custom)
2022-01-02 13:17:26,323 [Listener at 0.0.0.0/14363] INFO  server.GrpcService (ConfUtils.java:logGet(44)) - raft.grpc.message.size.max = 33554432 (custom)
2022-01-02 13:17:26,323 [Listener at 0.0.0.0/14363] INFO  server.RaftServerConfigKeys (ConfUtils.java:logGet(44)) - raft.server.log.appender.buffer.byte-limit = 33554432 (custom)
2022-01-02 13:17:26,323 [Listener at 0.0.0.0/14363] INFO  server.GrpcService (ConfUtils.java:logGet(44)) - raft.grpc.flow.control.window = 1MB (=1048576) (default)
2022-01-02 13:17:26,324 [Listener at 0.0.0.0/14363] INFO  server.RaftServerConfigKeys (ConfUtils.java:logGet(44)) - raft.server.rpc.request.timeout = 3000ms (default)
2022-01-02 13:17:26,325 [Listener at 0.0.0.0/14363] INFO  impl.DataStreamServerImpl (ConfUtils.java:logGet(44)) - raft.datastream.type = DISABLED (default)
2022-01-02 13:17:26,326 [Listener at 0.0.0.0/14363] INFO  server.RaftServerConfigKeys (ConfUtils.java:logGet(44)) - raft.server.rpc.slowness.timeout = 2s (custom)
2022-01-02 13:17:26,326 [Listener at 0.0.0.0/14363] INFO  server.RaftServerConfigKeys (ConfUtils.java:logGet(44)) - raft.server.leaderelection.leader.step-down.wait-time = 10s (default)
2022-01-02 13:17:26,326 [Listener at 0.0.0.0/14363] INFO  server.RaftServerConfigKeys (ConfUtils.java:logGet(44)) - raft.server.storage.dir = [/home/runner/work/ozone/ozone/hadoop-ozone/integration-test/target/test-dir/MiniOzoneClusterImpl-c1c80f75-2e15-44e6-8b98-5d8eb23efd07/omNode-1/ratis] (custom)
2022-01-02 13:17:26,332 [Listener at 0.0.0.0/14363] INFO  server.RaftServer (RaftServerProxy.java:addNew(95)) - omNode-1: addNew group-523986131536:[omNode-1|rpc:localhost:11100|priority:0] returns group-523986131536:java.util.concurrent.CompletableFuture@d8714b4[Not completed]
2022-01-02 13:17:26,332 [Listener at 0.0.0.0/14363] INFO  om.OzoneManager (OzoneManager.java:initializeRatisServer(1834)) - OzoneManager Ratis server initialized at port 11100
2022-01-02 13:17:26,332 [pool-287-thread-1] INFO  server.RaftServer$Division (RaftServerImpl.java:<init>(184)) - omNode-1: new RaftServerImpl for group-523986131536:[omNode-1|rpc:localhost:11100|priority:0] with OzoneManagerStateMachine:uninitialized
2022-01-02 13:17:26,344 [Listener at 0.0.0.0/14363] INFO  ipc.CallQueueManager (CallQueueManager.java:<init>(90)) - Using callQueue: class java.util.concurrent.LinkedBlockingQueue, queueCapacity: 2000, scheduler: class org.apache.hadoop.ipc.DefaultRpcScheduler, ipcBackoff: false.
2022-01-02 13:17:26,345 [pool-287-thread-1] INFO  server.RaftServerConfigKeys (ConfUtils.java:logGet(44)) - raft.server.rpc.timeout.min = 1s (custom)
2022-01-02 13:17:26,345 [pool-287-thread-1] INFO  server.RaftServerConfigKeys (ConfUtils.java:logGet(44)) - raft.server.rpc.timeout.max = 1200ms (custom)
2022-01-02 13:17:26,345 [pool-287-thread-1] INFO  server.RaftServerConfigKeys (ConfUtils.java:logGet(44)) - raft.server.rpc.sleep.time = 25ms (default)
2022-01-02 13:17:26,345 [pool-287-thread-1] INFO  server.RaftServerConfigKeys (ConfUtils.java:logGet(44)) - raft.server.rpc.slowness.timeout = 2s (custom)
2022-01-02 13:17:26,345 [pool-287-thread-1] INFO  server.RaftServerConfigKeys (ConfUtils.java:logGet(44)) - raft.server.leaderelection.leader.step-down.wait-time = 10s (default)
2022-01-02 13:17:26,345 [pool-287-thread-1] INFO  server.RaftServerConfigKeys (ConfUtils.java:logGet(44)) - raft.server.sleep.deviation.threshold = 300ms (default)
2022-01-02 13:17:26,345 [pool-287-thread-1] INFO  server.RaftServerConfigKeys (ConfUtils.java:logGet(44)) - raft.server.log.appender.install.snapshot.enabled = false (custom)
2022-01-02 13:17:26,345 [pool-287-thread-1] INFO  server.RaftServer$Division (ServerState.java:<init>(105)) - omNode-1@group-523986131536: ConfigurationManager, init=-1: [omNode-1|rpc:localhost:11100|priority:0], old=null, confs=<EMPTY_MAP>
2022-01-02 13:17:26,345 [pool-287-thread-1] INFO  server.RaftServerConfigKeys (ConfUtils.java:logGet(44)) - raft.server.storage.dir = [/home/runner/work/ozone/ozone/hadoop-ozone/integration-test/target/test-dir/MiniOzoneClusterImpl-c1c80f75-2e15-44e6-8b98-5d8eb23efd07/omNode-1/ratis] (custom)
2022-01-02 13:17:26,345 [pool-287-thread-1] INFO  server.RaftServerConfigKeys (ConfUtils.java:logGet(44)) - raft.server.log.corruption.policy = EXCEPTION (default)
2022-01-02 13:17:26,345 [pool-287-thread-1] INFO  server.RaftServerConfigKeys (ConfUtils.java:logGet(44)) - raft.server.storage.free-space.min = 0MB (=0) (default)
2022-01-02 13:17:26,345 [pool-287-thread-1] INFO  storage.RaftStorageDirectory (RaftStorageDirectoryImpl.java:analyzeStorage(135)) - The storage directory /home/runner/work/ozone/ozone/hadoop-ozone/integration-test/target/test-dir/MiniOzoneClusterImpl-c1c80f75-2e15-44e6-8b98-5d8eb23efd07/omNode-1/ratis/c9bc4cf4-3bc3-3c60-a66b-523986131536 does not exist. Creating ...
2022-01-02 13:17:26,346 [pool-287-thread-1] INFO  storage.RaftStorageDirectory (RaftStorageDirectoryImpl.java:tryLock(230)) - Lock on /home/runner/work/ozone/ozone/hadoop-ozone/integration-test/target/test-dir/MiniOzoneClusterImpl-c1c80f75-2e15-44e6-8b98-5d8eb23efd07/omNode-1/ratis/c9bc4cf4-3bc3-3c60-a66b-523986131536/in_use.lock acquired by nodename 7823@fv-az195-8
2022-01-02 13:17:26,348 [pool-287-thread-1] INFO  storage.RaftStorage (RaftStorageImpl.java:format(89)) - Storage directory /home/runner/work/ozone/ozone/hadoop-ozone/integration-test/target/test-dir/MiniOzoneClusterImpl-c1c80f75-2e15-44e6-8b98-5d8eb23efd07/omNode-1/ratis/c9bc4cf4-3bc3-3c60-a66b-523986131536 has been successfully formatted.
2022-01-02 13:17:26,348 [pool-287-thread-1] INFO  server.RaftServerConfigKeys (ConfUtils.java:logGet(44)) - raft.server.notification.no-leader.timeout = 2s (custom)
2022-01-02 13:17:26,348 [pool-287-thread-1] INFO  server.RaftServerConfigKeys (ConfUtils.java:logGet(44)) - raft.server.log.use.memory = false (default)
2022-01-02 13:17:26,348 [pool-287-thread-1] INFO  server.RaftServerConfigKeys (ConfUtils.java:logGet(44)) - raft.server.log.purge.gap = 1000000 (custom)
2022-01-02 13:17:26,348 [pool-287-thread-1] INFO  server.RaftServerConfigKeys (ConfUtils.java:logGet(44)) - raft.server.log.appender.buffer.byte-limit = 33554432 (custom)
2022-01-02 13:17:26,349 [pool-287-thread-1] INFO  server.RaftServerConfigKeys (ConfUtils.java:logGet(44)) - raft.server.log.segment.size.max = 4194304 (custom)
2022-01-02 13:17:26,354 [pool-287-thread-1] INFO  server.RaftServerConfigKeys (ConfUtils.java:logGet(44)) - raft.server.log.segment.cache.num.max = 2 (custom)
2022-01-02 13:17:26,354 [pool-287-thread-1] INFO  server.RaftServerConfigKeys (ConfUtils.java:logGet(44)) - raft.server.log.segment.cache.size.max = 200MB (=209715200) (default)
2022-01-02 13:17:26,354 [pool-287-thread-1] INFO  segmented.SegmentedRaftLogWorker (SegmentedRaftLogWorker.java:<init>(182)) - new omNode-1@group-523986131536-SegmentedRaftLogWorker for RaftStorageImpl:Storage Directory /home/runner/work/ozone/ozone/hadoop-ozone/integration-test/target/test-dir/MiniOzoneClusterImpl-c1c80f75-2e15-44e6-8b98-5d8eb23efd07/omNode-1/ratis/c9bc4cf4-3bc3-3c60-a66b-523986131536
2022-01-02 13:17:26,354 [pool-287-thread-1] INFO  server.RaftServerConfigKeys (ConfUtils.java:logGet(44)) - raft.server.log.queue.byte-limit = 64MB (=67108864) (default)
2022-01-02 13:17:26,354 [pool-287-thread-1] INFO  server.RaftServerConfigKeys (ConfUtils.java:logGet(44)) - raft.server.log.queue.element-limit = 4096 (default)
2022-01-02 13:17:26,354 [pool-287-thread-1] INFO  server.RaftServerConfigKeys (ConfUtils.java:logGet(44)) - raft.server.log.segment.size.max = 4194304 (custom)
2022-01-02 13:17:26,357 [pool-287-thread-1] INFO  server.RaftServerConfigKeys (ConfUtils.java:logGet(44)) - raft.server.log.preallocated.size = 4194304 (custom)
2022-01-02 13:17:26,357 [pool-287-thread-1] INFO  server.RaftServerConfigKeys (ConfUtils.java:logGet(44)) - raft.server.log.force.sync.num = 128 (default)
2022-01-02 13:17:26,357 [pool-287-thread-1] INFO  server.RaftServerConfigKeys (ConfUtils.java:logGet(44)) - raft.server.log.statemachine.data.sync = true (default)
2022-01-02 13:17:26,358 [pool-287-thread-1] INFO  server.RaftServerConfigKeys (ConfUtils.java:logGet(44)) - raft.server.log.statemachine.data.sync.timeout = 10s (default)
2022-01-02 13:17:26,358 [pool-287-thread-1] INFO  server.RaftServerConfigKeys (ConfUtils.java:logGet(44)) - raft.server.log.statemachine.data.sync.timeout.retry = -1 (default)
2022-01-02 13:17:26,358 [Socket Reader #1 for port 11096] INFO  ipc.Server (Server.java:run(1265)) - Starting Socket Reader #1 for port 11096
2022-01-02 13:17:26,363 [pool-287-thread-1] INFO  server.RaftServerConfigKeys (ConfUtils.java:logGet(44)) - raft.server.log.write.buffer.size = 64KB (=65536) (default)
2022-01-02 13:17:26,363 [pool-287-thread-1] INFO  server.RaftServerConfigKeys (ConfUtils.java:logGet(44)) - raft.server.log.statemachine.data.caching.enabled = false (default)
2022-01-02 13:17:26,363 [pool-287-thread-1] INFO  segmented.SegmentedRaftLogWorker (SegmentedRaftLogWorker.java:lambda$new$0(133)) - omNode-1@group-523986131536-SegmentedRaftLogWorker: flushIndex: setUnconditionally 0 -> -1
2022-01-02 13:17:26,363 [pool-287-thread-1] INFO  segmented.SegmentedRaftLogWorker (SegmentedRaftLogWorker.java:lambda$new$0(133)) - omNode-1@group-523986131536-SegmentedRaftLogWorker: safeCacheEvictIndex: setUnconditionally 0 -> -1
2022-01-02 13:17:26,364 [pool-287-thread-1] INFO  server.RaftServerConfigKeys (ConfUtils.java:logGet(44)) - raft.server.snapshot.auto.trigger.enabled = true (custom)
2022-01-02 13:17:26,364 [pool-287-thread-1] INFO  server.RaftServerConfigKeys (ConfUtils.java:logGet(44)) - raft.server.snapshot.auto.trigger.threshold = 400000 (default)
2022-01-02 13:17:26,364 [pool-287-thread-1] INFO  server.RaftServerConfigKeys (ConfUtils.java:logGet(44)) - raft.server.snapshot.retention.file.num = -1 (default)
2022-01-02 13:17:26,364 [pool-287-thread-1] INFO  server.RaftServerConfigKeys (ConfUtils.java:logGet(44)) - raft.server.log.purge.upto.snapshot.index = true (custom)
2022-01-02 13:17:26,364 [pool-287-thread-1] INFO  server.RaftServerConfigKeys (ConfUtils.java:logGet(44)) - raft.server.retrycache.expirytime = 300s (custom)
2022-01-02 13:17:26,364 [pool-287-thread-1] INFO  server.RaftServerConfigKeys (ConfUtils.java:logGet(44)) - raft.server.retrycache.statistics.expirytime = 100μs (default)
2022-01-02 13:17:26,397 [Listener at 127.0.0.1/11096] INFO  impl.MetricsSystemImpl (MetricsSystemImpl.java:init(158)) - OzoneManager metrics system started (again)
2022-01-02 13:17:26,423 [Listener at 127.0.0.1/11096] INFO  om.OzoneManager (OzoneManager.java:start(1365)) - OzoneManager RPC server is listening at localhost/127.0.0.1:11096
2022-01-02 13:17:26,428 [Listener at 127.0.0.1/11096] INFO  ratis.OzoneManagerRatisServer (OzoneManagerRatisServer.java:start(554)) - Starting OzoneManagerRatisServer omNode-1 at port 11100
2022-01-02 13:17:26,428 [Listener at 127.0.0.1/11096] INFO  server.RaftServer$Division (RaftServerImpl.java:start(301)) - omNode-1@group-523986131536: start as a follower, conf=-1: [omNode-1|rpc:localhost:11100|priority:0], old=null
2022-01-02 13:17:26,428 [Listener at 127.0.0.1/11096] INFO  server.RaftServer$Division (RaftServerImpl.java:setRole(290)) - omNode-1@group-523986131536: changes role from      null to FOLLOWER at term 0 for startAsFollower
2022-01-02 13:17:26,428 [Listener at 127.0.0.1/11096] INFO  impl.RoleInfo (RoleInfo.java:updateAndGet(130)) - omNode-1: start omNode-1@group-523986131536-FollowerState
2022-01-02 13:17:26,441 [Listener at 127.0.0.1/11096] INFO  util.JmxRegister (JmxRegister.java:tryRegister(44)) - Successfully registered JMX Bean with object name Ratis:service=RaftServer,group=group-523986131536,id=omNode-1
2022-01-02 13:17:26,454 [Listener at 127.0.0.1/11096] INFO  server.RaftServer (RaftServerProxy.java:lambda$start$5(374)) - omNode-1: start RPC server
2022-01-02 13:17:26,455 [Listener at 127.0.0.1/11096] INFO  server.GrpcService (GrpcService.java:startImpl(253)) - omNode-1: GrpcService started, listening on 11100
2022-01-02 13:17:26,469 [Listener at 127.0.0.1/11096] INFO  om.OzoneManager (OzoneManager.java:start(1381)) - Version File has different layout version (0) than OM DB (null). That is expected if this OM has never been finalized to a newer layout version.
2022-01-02 13:17:26,470 [org.apache.ratis.util.JvmPauseMonitor$$Lambda$499/1697441364@64a55f76] INFO  util.JvmPauseMonitor (JvmPauseMonitor.java:run(103)) - JvmPauseMonitor-omNode-1: Started
2022-01-02 13:17:26,506 [Listener at 127.0.0.1/11096] INFO  http.BaseHttpServer (BaseHttpServer.java:newHttpServer2BuilderForOzone(209)) - Starting Web-server for ozoneManager at: http://0.0.0.0:11098
2022-01-02 13:17:26,506 [Listener at 127.0.0.1/11096] INFO  http.BaseHttpServer (BaseHttpServer.java:<init>(107)) - Hadoop Security Enabled: false Ozone Security Enabled: false Ozone HTTP Security Enabled: false 
2022-01-02 13:17:26,508 [Listener at 127.0.0.1/11096] INFO  server.AuthenticationFilter (AuthenticationFilter.java:constructSecretProvider(240)) - Unable to initialize FileSignerSecretProvider, falling back to use random secrets.
2022-01-02 13:17:26,518 [Listener at 127.0.0.1/11096] WARN  http.HttpRequestLog (HttpRequestLog.java:getRequestLog(103)) - Jetty request log can only be enabled using Log4j
2022-01-02 13:17:26,519 [Listener at 127.0.0.1/11096] INFO  http.HttpServer2 (HttpServer2.java:addGlobalFilter(1030)) - Added global filter 'safety' (class=org.apache.hadoop.hdds.server.http.HttpServer2$QuotingInputFilter)
2022-01-02 13:17:26,520 [Listener at 127.0.0.1/11096] INFO  http.HttpServer2 (HttpServer2.java:addFilter(1006)) - Added filter static_user_filter (class=org.apache.hadoop.http.lib.StaticUserWebFilter$StaticUserFilter) to context ozoneManager
2022-01-02 13:17:26,520 [Listener at 127.0.0.1/11096] INFO  http.HttpServer2 (HttpServer2.java:addFilter(1014)) - Added filter static_user_filter (class=org.apache.hadoop.http.lib.StaticUserWebFilter$StaticUserFilter) to context logs
2022-01-02 13:17:26,520 [Listener at 127.0.0.1/11096] INFO  http.HttpServer2 (HttpServer2.java:addFilter(1014)) - Added filter static_user_filter (class=org.apache.hadoop.http.lib.StaticUserWebFilter$StaticUserFilter) to context static
2022-01-02 13:17:26,521 [Listener at 127.0.0.1/11096] INFO  http.HttpServer2 (HttpServer2.java:bindListener(1249)) - Jetty bound to port 11098
2022-01-02 13:17:26,521 [Listener at 127.0.0.1/11096] INFO  server.Server (Server.java:doStart(375)) - jetty-9.4.43.v20210629; built: 2021-06-30T11:07:22.254Z; git: 526006ecfa3af7f1a27ef3a288e2bef7ea9dd7e8; jvm 1.8.0_292-b10
2022-01-02 13:17:26,595 [Listener at 127.0.0.1/11096] INFO  server.session (DefaultSessionIdManager.java:doStart(334)) - DefaultSessionIdManager workerName=node0
2022-01-02 13:17:26,595 [Listener at 127.0.0.1/11096] INFO  server.session (DefaultSessionIdManager.java:doStart(339)) - No SessionScavenger set, using defaults
2022-01-02 13:17:26,595 [Listener at 127.0.0.1/11096] INFO  server.session (HouseKeeper.java:startScavenging(132)) - node0 Scavenging every 600000ms
2022-01-02 13:17:26,600 [Listener at 127.0.0.1/11096] INFO  handler.ContextHandler (ContextHandler.java:doStart(915)) - Started o.e.j.s.ServletContextHandler@1312bde4{logs,/logs,file:///home/runner/work/ozone/ozone/hadoop-ozone/integration-test/target/log,AVAILABLE}
2022-01-02 13:17:26,600 [Listener at 127.0.0.1/11096] INFO  handler.ContextHandler (ContextHandler.java:doStart(915)) - Started o.e.j.s.ServletContextHandler@36472c2c{static,/static,file:///home/runner/work/ozone/ozone/hadoop-ozone/integration-test/target/test-classes/webapps/static,AVAILABLE}
2022-01-02 13:17:26,604 [Listener at 127.0.0.1/11096] INFO  handler.ContextHandler (ContextHandler.java:doStart(915)) - Started o.e.j.w.WebAppContext@61b85463{ozoneManager,/,file:///home/runner/work/ozone/ozone/hadoop-ozone/integration-test/target/test-classes/webapps/ozoneManager/,AVAILABLE}{file:/home/runner/work/ozone/ozone/hadoop-ozone/integration-test/target/test-classes/webapps/ozoneManager}
2022-01-02 13:17:26,607 [Listener at 127.0.0.1/11096] INFO  server.AbstractConnector (AbstractConnector.java:doStart(331)) - Started ServerConnector@10869e92{HTTP/1.1, (http/1.1)}{0.0.0.0:11098}
2022-01-02 13:17:26,610 [Listener at 127.0.0.1/11096] INFO  server.Server (Server.java:doStart(415)) - Started @95858ms
2022-01-02 13:17:26,610 [Listener at 127.0.0.1/11096] WARN  impl.MetricsSystemImpl (MetricsSystemImpl.java:register(279)) - Sink prometheus already exists!
2022-01-02 13:17:26,617 [Listener at 127.0.0.1/11096] INFO  http.BaseHttpServer (BaseHttpServer.java:updateConnectorAddress(329)) - HTTP server of ozoneManager listening at http://0.0.0.0:11098
2022-01-02 13:17:26,618 [IPC Server Responder] INFO  ipc.Server (Server.java:run(1507)) - IPC Server Responder: starting
2022-01-02 13:17:26,629 [IPC Server listener on 11096] INFO  ipc.Server (Server.java:run(1344)) - IPC Server listener on 11096: starting
2022-01-02 13:17:26,683 [Listener at 127.0.0.1/11096] INFO  om.OzoneManager (OzoneManager.java:startTrashEmptier(1792)) - Trash Interval set to 0. Files deleted will not move to trash
2022-01-02 13:17:26,683 [Listener at 127.0.0.1/11096] INFO  ozone.MiniOzoneHAClusterImpl (MiniOzoneHAClusterImpl.java:createOMService(503)) - Started OzoneManager omNode-1 RPC server at localhost/127.0.0.1:11096
2022-01-02 13:17:26,700 [Listener at 127.0.0.1/11096] WARN  impl.MetricRegistriesImpl (MetricRegistriesImpl.java:addReporterRegistration(111)) - New reporters are added after registries were created. Some metrics will be missing from the reporter. Please add reporter before adding any new registry.
2022-01-02 13:17:26,706 [Listener at 127.0.0.1/11096] WARN  impl.MetricRegistriesImpl (MetricRegistriesImpl.java:addReporterRegistration(111)) - New reporters are added after registries were created. Some metrics will be missing from the reporter. Please add reporter before adding any new registry.
2022-01-02 13:17:26,707 [Listener at 127.0.0.1/11096] INFO  impl.MetricsSystemImpl (MetricsSystemImpl.java:init(158)) - HddsDatanode metrics system started (again)
2022-01-02 13:17:26,705 [org.apache.hadoop.util.JvmPauseMonitor$Monitor@2817f230] INFO  util.JvmPauseMonitor (JvmPauseMonitor.java:run(188)) - Starting JVM pause monitor
2022-01-02 13:17:26,723 [Listener at 127.0.0.1/11096] INFO  ozone.HddsDatanodeService (HddsDatanodeService.java:start(234)) - HddsDatanodeService host:fv-az195-8.u3nnjwd0vyge1bu22idnsdeq2e.cx.internal.cloudapp.net ip:10.1.0.22
2022-01-02 13:17:26,760 [Listener at 127.0.0.1/11096] INFO  upgrade.AbstractLayoutVersionManager (AbstractLayoutVersionManager.java:init(79)) - Initializing Layout version manager with metadata layout = SCM_HA (version = 2), software layout = SCM_HA (version = 2)
2022-01-02 13:17:26,859 [Listener at 127.0.0.1/11096] INFO  reflections.Reflections (Reflections.java:scan(232)) - Reflections took 98 ms to scan 7 urls, producing 119 keys and 279 values 
2022-01-02 13:17:26,860 [Listener at 127.0.0.1/11096] INFO  ha.SCMNodeInfo (SCMNodeInfo.java:getPort(197)) - ConfigKey ozone.scm.client.address is deprecated, For configuring different ports for each SCM use PortConfigKey ozone.scm.client.port appended with serviceId and nodeId
2022-01-02 13:17:26,860 [Listener at 127.0.0.1/11096] INFO  ha.SCMNodeInfo (SCMNodeInfo.java:getPort(197)) - ConfigKey ozone.scm.block.client.address is deprecated, For configuring different ports for each SCM use PortConfigKey ozone.scm.block.client.port appended with serviceId and nodeId
2022-01-02 13:17:26,860 [Listener at 127.0.0.1/11096] INFO  ha.SCMNodeInfo (SCMNodeInfo.java:getPort(197)) - ConfigKey ozone.scm.datanode.address is deprecated, For configuring different ports for each SCM use PortConfigKey ozone.scm.datanode.port appended with serviceId and nodeId
2022-01-02 13:17:26,860 [Listener at 127.0.0.1/11096] INFO  ha.SCMNodeInfo (SCMNodeInfo.java:getPort(197)) - ConfigKey ozone.scm.client.address is deprecated, For configuring different ports for each SCM use PortConfigKey ozone.scm.client.port appended with serviceId and nodeId
2022-01-02 13:17:26,863 [Listener at 127.0.0.1/11096] INFO  ha.SCMNodeInfo (SCMNodeInfo.java:getPort(197)) - ConfigKey ozone.scm.block.client.address is deprecated, For configuring different ports for each SCM use PortConfigKey ozone.scm.block.client.port appended with serviceId and nodeId
2022-01-02 13:17:26,863 [Listener at 127.0.0.1/11096] INFO  ha.SCMNodeInfo (SCMNodeInfo.java:getPort(197)) - ConfigKey ozone.scm.datanode.address is deprecated, For configuring different ports for each SCM use PortConfigKey ozone.scm.datanode.port appended with serviceId and nodeId
2022-01-02 13:17:26,863 [Listener at 127.0.0.1/11096] INFO  ha.SCMNodeInfo (SCMNodeInfo.java:getPort(197)) - ConfigKey ozone.scm.client.address is deprecated, For configuring different ports for each SCM use PortConfigKey ozone.scm.client.port appended with serviceId and nodeId
2022-01-02 13:17:26,863 [Listener at 127.0.0.1/11096] INFO  ha.SCMNodeInfo (SCMNodeInfo.java:getPort(197)) - ConfigKey ozone.scm.block.client.address is deprecated, For configuring different ports for each SCM use PortConfigKey ozone.scm.block.client.port appended with serviceId and nodeId
2022-01-02 13:17:26,864 [Listener at 127.0.0.1/11096] INFO  ha.SCMNodeInfo (SCMNodeInfo.java:getPort(197)) - ConfigKey ozone.scm.datanode.address is deprecated, For configuring different ports for each SCM use PortConfigKey ozone.scm.datanode.port appended with serviceId and nodeId
2022-01-02 13:17:26,864 [Listener at 127.0.0.1/11096] INFO  statemachine.DatanodeStateMachine (DatanodeStateMachine.java:getEndPointTaskThreadPoolSize(219)) - Datanode State Machine Task Thread Pool size 4
2022-01-02 13:17:26,869 [Listener at 127.0.0.1/11096] INFO  volume.HddsVolume (HddsVolume.java:<init>(120)) - Creating HddsVolume: /home/runner/work/ozone/ozone/hadoop-ozone/integration-test/target/test-dir/MiniOzoneClusterImpl-c1c80f75-2e15-44e6-8b98-5d8eb23efd07/datanode-0/data-0/containers/hdds of storage type : DISK capacity : 9223372036854775807
2022-01-02 13:17:26,869 [Listener at 127.0.0.1/11096] INFO  volume.MutableVolumeSet (MutableVolumeSet.java:initializeVolumeSet(168)) - Added Volume : /home/runner/work/ozone/ozone/hadoop-ozone/integration-test/target/test-dir/MiniOzoneClusterImpl-c1c80f75-2e15-44e6-8b98-5d8eb23efd07/datanode-0/data-0/containers/hdds to VolumeSet
2022-01-02 13:17:26,870 [Listener at 127.0.0.1/11096] INFO  volume.ThrottledAsyncChecker (ThrottledAsyncChecker.java:schedule(141)) - Scheduling a check for /home/runner/work/ozone/ozone/hadoop-ozone/integration-test/target/test-dir/MiniOzoneClusterImpl-c1c80f75-2e15-44e6-8b98-5d8eb23efd07/datanode-0/data-0/containers/hdds
2022-01-02 13:17:26,886 [Listener at 127.0.0.1/11096] INFO  volume.StorageVolumeChecker (StorageVolumeChecker.java:checkAllVolumes(202)) - Scheduled health check for volume /home/runner/work/ozone/ozone/hadoop-ozone/integration-test/target/test-dir/MiniOzoneClusterImpl-c1c80f75-2e15-44e6-8b98-5d8eb23efd07/datanode-0/data-0/containers/hdds
2022-01-02 13:17:26,904 [Listener at 127.0.0.1/11096] INFO  volume.MutableVolumeSet (MutableVolumeSet.java:initializeVolumeSet(168)) - Added Volume : /home/runner/work/ozone/ozone/hadoop-ozone/integration-test/target/test-dir/MiniOzoneClusterImpl-c1c80f75-2e15-44e6-8b98-5d8eb23efd07/datanode-0/data/ratis to VolumeSet
2022-01-02 13:17:26,904 [Listener at 127.0.0.1/11096] INFO  volume.ThrottledAsyncChecker (ThrottledAsyncChecker.java:schedule(141)) - Scheduling a check for /home/runner/work/ozone/ozone/hadoop-ozone/integration-test/target/test-dir/MiniOzoneClusterImpl-c1c80f75-2e15-44e6-8b98-5d8eb23efd07/datanode-0/data/ratis
2022-01-02 13:17:26,904 [Listener at 127.0.0.1/11096] INFO  volume.StorageVolumeChecker (StorageVolumeChecker.java:checkAllVolumes(202)) - Scheduled health check for volume /home/runner/work/ozone/ozone/hadoop-ozone/integration-test/target/test-dir/MiniOzoneClusterImpl-c1c80f75-2e15-44e6-8b98-5d8eb23efd07/datanode-0/data/ratis
2022-01-02 13:17:26,943 [Thread-1460] INFO  ozoneimpl.ContainerReader (ContainerReader.java:readVolume(172)) - Finish verifying containers on volume /home/runner/work/ozone/ozone/hadoop-ozone/integration-test/target/test-dir/MiniOzoneClusterImpl-c1c80f75-2e15-44e6-8b98-5d8eb23efd07/datanode-0/data-0/containers/hdds
2022-01-02 13:17:26,943 [Listener at 127.0.0.1/11096] INFO  ozoneimpl.OzoneContainer (OzoneContainer.java:buildContainerSet(237)) - Build ContainerSet costs 0s
2022-01-02 13:17:26,945 [Listener at 127.0.0.1/11096] INFO  server.RaftServer (ConfUtils.java:logGet(44)) - raft.rpc.type = GRPC (default)
2022-01-02 13:17:26,945 [Listener at 127.0.0.1/11096] INFO  grpc.GrpcFactory (GrpcFactory.java:checkPooledByteBufAllocatorUseCacheForAllThreads(48)) - PERFORMANCE WARNING: useCacheForAllThreads is true that may cause Netty to create a lot garbage objects and, as a result, trigger GC.
	It is recommended to disable useCacheForAllThreads by setting -Dorg.apache.ratis.thirdparty.io.netty.allocator.useCacheForAllThreads=false in command line.
2022-01-02 13:17:26,945 [Listener at 127.0.0.1/11096] INFO  grpc.GrpcConfigKeys (ConfUtils.java:logGet(44)) - raft.grpc.admin.port = 0 (custom)
2022-01-02 13:17:26,947 [Listener at 127.0.0.1/11096] INFO  grpc.GrpcConfigKeys (ConfUtils.java:logGet(44)) - raft.grpc.client.port = 0 (custom)
2022-01-02 13:17:26,947 [Listener at 127.0.0.1/11096] INFO  grpc.GrpcConfigKeys (ConfUtils.java:logGet(44)) - raft.grpc.server.port = 0 (default)
2022-01-02 13:17:26,947 [Listener at 127.0.0.1/11096] INFO  server.GrpcService (ConfUtils.java:logGet(44)) - raft.grpc.message.size.max = 32MB (=33554432) (custom)
2022-01-02 13:17:26,947 [Listener at 127.0.0.1/11096] INFO  server.RaftServerConfigKeys (ConfUtils.java:logGet(44)) - raft.server.log.appender.buffer.byte-limit = 33554432 (custom)
2022-01-02 13:17:26,948 [Listener at 127.0.0.1/11096] INFO  server.GrpcService (ConfUtils.java:logGet(44)) - raft.grpc.flow.control.window = 5MB (=5242880) (custom)
2022-01-02 13:17:26,948 [Listener at 127.0.0.1/11096] INFO  server.RaftServerConfigKeys (ConfUtils.java:logGet(44)) - raft.server.rpc.request.timeout = 60s (custom)
2022-01-02 13:17:26,949 [Listener at 127.0.0.1/11096] INFO  impl.DataStreamServerImpl (ConfUtils.java:logGet(44)) - raft.datastream.type = DISABLED (default)
2022-01-02 13:17:26,949 [Listener at 127.0.0.1/11096] INFO  server.RaftServerConfigKeys (ConfUtils.java:logGet(44)) - raft.server.rpc.slowness.timeout = 300s (custom)
2022-01-02 13:17:26,949 [Listener at 127.0.0.1/11096] INFO  server.RaftServerConfigKeys (ConfUtils.java:logGet(44)) - raft.server.leaderelection.leader.step-down.wait-time = 10s (default)
2022-01-02 13:17:26,949 [Listener at 127.0.0.1/11096] INFO  server.RaftServerConfigKeys (ConfUtils.java:logGet(44)) - raft.server.storage.dir = [/home/runner/work/ozone/ozone/hadoop-ozone/integration-test/target/test-dir/MiniOzoneClusterImpl-c1c80f75-2e15-44e6-8b98-5d8eb23efd07/datanode-0/data/ratis] (custom)
2022-01-02 13:17:26,950 [Listener at 127.0.0.1/11096] INFO  server.XceiverServerGrpc (XceiverServerGrpc.java:<init>(132)) - GrpcServer channel type EpollServerSocketChannel
2022-01-02 13:17:26,957 [Listener at 127.0.0.1/11096] INFO  http.BaseHttpServer (BaseHttpServer.java:newHttpServer2BuilderForOzone(209)) - Starting Web-server for hddsDatanode at: http://0.0.0.0:0
2022-01-02 13:17:26,962 [Listener at 127.0.0.1/11096] INFO  http.BaseHttpServer (BaseHttpServer.java:<init>(107)) - Hadoop Security Enabled: false Ozone Security Enabled: false Ozone HTTP Security Enabled: false 
2022-01-02 13:17:26,975 [Listener at 127.0.0.1/11096] INFO  server.AuthenticationFilter (AuthenticationFilter.java:constructSecretProvider(240)) - Unable to initialize FileSignerSecretProvider, falling back to use random secrets.
2022-01-02 13:17:26,975 [Listener at 127.0.0.1/11096] WARN  http.HttpRequestLog (HttpRequestLog.java:getRequestLog(103)) - Jetty request log can only be enabled using Log4j
2022-01-02 13:17:26,976 [Listener at 127.0.0.1/11096] INFO  http.HttpServer2 (HttpServer2.java:addGlobalFilter(1030)) - Added global filter 'safety' (class=org.apache.hadoop.hdds.server.http.HttpServer2$QuotingInputFilter)
2022-01-02 13:17:26,977 [Listener at 127.0.0.1/11096] INFO  http.HttpServer2 (HttpServer2.java:addFilter(1006)) - Added filter static_user_filter (class=org.apache.hadoop.http.lib.StaticUserWebFilter$StaticUserFilter) to context hddsDatanode
2022-01-02 13:17:26,977 [Listener at 127.0.0.1/11096] INFO  http.HttpServer2 (HttpServer2.java:addFilter(1014)) - Added filter static_user_filter (class=org.apache.hadoop.http.lib.StaticUserWebFilter$StaticUserFilter) to context static
2022-01-02 13:17:26,977 [Listener at 127.0.0.1/11096] INFO  http.HttpServer2 (HttpServer2.java:addFilter(1014)) - Added filter static_user_filter (class=org.apache.hadoop.http.lib.StaticUserWebFilter$StaticUserFilter) to context logs
2022-01-02 13:17:26,977 [Listener at 127.0.0.1/11096] INFO  http.HttpServer2 (HttpServer2.java:bindListener(1249)) - Jetty bound to port 43935
2022-01-02 13:17:26,977 [Listener at 127.0.0.1/11096] INFO  server.Server (Server.java:doStart(375)) - jetty-9.4.43.v20210629; built: 2021-06-30T11:07:22.254Z; git: 526006ecfa3af7f1a27ef3a288e2bef7ea9dd7e8; jvm 1.8.0_292-b10
2022-01-02 13:17:26,979 [Listener at 127.0.0.1/11096] INFO  server.session (DefaultSessionIdManager.java:doStart(334)) - DefaultSessionIdManager workerName=node0
2022-01-02 13:17:26,979 [Listener at 127.0.0.1/11096] INFO  server.session (DefaultSessionIdManager.java:doStart(339)) - No SessionScavenger set, using defaults
2022-01-02 13:17:26,979 [Listener at 127.0.0.1/11096] INFO  server.session (HouseKeeper.java:startScavenging(132)) - node0 Scavenging every 600000ms
2022-01-02 13:17:26,980 [Listener at 127.0.0.1/11096] INFO  handler.ContextHandler (ContextHandler.java:doStart(915)) - Started o.e.j.s.ServletContextHandler@7b0f4923{logs,/logs,file:///home/runner/work/ozone/ozone/hadoop-ozone/integration-test/target/log,AVAILABLE}
2022-01-02 13:17:26,980 [Listener at 127.0.0.1/11096] INFO  handler.ContextHandler (ContextHandler.java:doStart(915)) - Started o.e.j.s.ServletContextHandler@7c465f15{static,/static,jar:file:/home/runner/.m2/repository/org/apache/ozone/hdds-container-service/1.3.0-SNAPSHOT/hdds-container-service-1.3.0-SNAPSHOT.jar!/webapps/static,AVAILABLE}
2022-01-02 13:17:27,066 [Listener at 127.0.0.1/11096] INFO  handler.ContextHandler (ContextHandler.java:doStart(915)) - Started o.e.j.w.WebAppContext@5dc7cde5{hddsDatanode,/,file:///tmp/jetty-0_0_0_0-43935-hdds-container-service-1_3_0-SNAPSHOT_jar-_-any-1264917067051477099/webapp/,AVAILABLE}{jar:file:/home/runner/.m2/repository/org/apache/ozone/hdds-container-service/1.3.0-SNAPSHOT/hdds-container-service-1.3.0-SNAPSHOT.jar!/webapps/hddsDatanode}
2022-01-02 13:17:27,078 [Listener at 127.0.0.1/11096] INFO  server.AbstractConnector (AbstractConnector.java:doStart(331)) - Started ServerConnector@2413efce{HTTP/1.1, (http/1.1)}{0.0.0.0:43935}
2022-01-02 13:17:27,079 [Listener at 127.0.0.1/11096] INFO  server.Server (Server.java:doStart(415)) - Started @96327ms
2022-01-02 13:17:27,079 [Listener at 127.0.0.1/11096] WARN  impl.MetricsSystemImpl (MetricsSystemImpl.java:register(279)) - Sink prometheus already exists!
2022-01-02 13:17:27,080 [Listener at 127.0.0.1/11096] INFO  http.BaseHttpServer (BaseHttpServer.java:updateConnectorAddress(329)) - HTTP server of hddsDatanode listening at http://0.0.0.0:43935
2022-01-02 13:17:27,080 [Listener at 127.0.0.1/11096] WARN  impl.MetricRegistriesImpl (MetricRegistriesImpl.java:addReporterRegistration(111)) - New reporters are added after registries were created. Some metrics will be missing from the reporter. Please add reporter before adding any new registry.
2022-01-02 13:17:27,081 [Listener at 127.0.0.1/11096] WARN  impl.MetricRegistriesImpl (MetricRegistriesImpl.java:addReporterRegistration(111)) - New reporters are added after registries were created. Some metrics will be missing from the reporter. Please add reporter before adding any new registry.
2022-01-02 13:17:27,081 [Listener at 127.0.0.1/11096] INFO  impl.MetricsSystemImpl (MetricsSystemImpl.java:init(158)) - HddsDatanode metrics system started (again)
2022-01-02 13:17:27,089 [Datanode State Machine Daemon Thread] INFO  statemachine.DatanodeStateMachine (DatanodeStateMachine.java:lambda$startDaemon$0(467)) - Ozone container server started.
2022-01-02 13:17:27,118 [org.apache.hadoop.util.JvmPauseMonitor$Monitor@4920373b] INFO  util.JvmPauseMonitor (JvmPauseMonitor.java:run(188)) - Starting JVM pause monitor
2022-01-02 13:17:27,128 [Datanode State Machine Task Thread - 0] INFO  ha.SCMNodeInfo (SCMNodeInfo.java:getPort(197)) - ConfigKey ozone.scm.client.address is deprecated, For configuring different ports for each SCM use PortConfigKey ozone.scm.client.port appended with serviceId and nodeId
2022-01-02 13:17:27,128 [Datanode State Machine Task Thread - 0] INFO  ha.SCMNodeInfo (SCMNodeInfo.java:getPort(197)) - ConfigKey ozone.scm.block.client.address is deprecated, For configuring different ports for each SCM use PortConfigKey ozone.scm.block.client.port appended with serviceId and nodeId
2022-01-02 13:17:27,129 [Datanode State Machine Task Thread - 0] INFO  ha.SCMNodeInfo (SCMNodeInfo.java:getPort(197)) - ConfigKey ozone.scm.datanode.address is deprecated, For configuring different ports for each SCM use PortConfigKey ozone.scm.datanode.port appended with serviceId and nodeId
2022-01-02 13:17:27,129 [Datanode State Machine Task Thread - 0] INFO  ha.SCMNodeInfo (SCMNodeInfo.java:getPort(197)) - ConfigKey ozone.scm.client.address is deprecated, For configuring different ports for each SCM use PortConfigKey ozone.scm.client.port appended with serviceId and nodeId
2022-01-02 13:17:27,129 [Datanode State Machine Task Thread - 0] INFO  ha.SCMNodeInfo (SCMNodeInfo.java:getPort(197)) - ConfigKey ozone.scm.block.client.address is deprecated, For configuring different ports for each SCM use PortConfigKey ozone.scm.block.client.port appended with serviceId and nodeId
2022-01-02 13:17:27,129 [Datanode State Machine Task Thread - 0] INFO  ha.SCMNodeInfo (SCMNodeInfo.java:getPort(197)) - ConfigKey ozone.scm.datanode.address is deprecated, For configuring different ports for each SCM use PortConfigKey ozone.scm.datanode.port appended with serviceId and nodeId
2022-01-02 13:17:27,129 [Datanode State Machine Task Thread - 0] INFO  ha.SCMNodeInfo (SCMNodeInfo.java:getPort(197)) - ConfigKey ozone.scm.client.address is deprecated, For configuring different ports for each SCM use PortConfigKey ozone.scm.client.port appended with serviceId and nodeId
2022-01-02 13:17:27,130 [Datanode State Machine Task Thread - 0] INFO  ha.SCMNodeInfo (SCMNodeInfo.java:getPort(197)) - ConfigKey ozone.scm.block.client.address is deprecated, For configuring different ports for each SCM use PortConfigKey ozone.scm.block.client.port appended with serviceId and nodeId
2022-01-02 13:17:27,130 [Datanode State Machine Task Thread - 0] INFO  ha.SCMNodeInfo (SCMNodeInfo.java:getPort(197)) - ConfigKey ozone.scm.datanode.address is deprecated, For configuring different ports for each SCM use PortConfigKey ozone.scm.datanode.port appended with serviceId and nodeId
2022-01-02 13:17:27,135 [Listener at 127.0.0.1/11096] INFO  ozone.HddsDatanodeService (HddsDatanodeService.java:start(234)) - HddsDatanodeService host:fv-az195-8.u3nnjwd0vyge1bu22idnsdeq2e.cx.internal.cloudapp.net ip:10.1.0.22
2022-01-02 13:17:27,135 [Datanode State Machine Task Thread - 0] INFO  datanode.InitDatanodeState (InitDatanodeState.java:persistContainerDatanodeDetails(145)) - DatanodeDetails is persisted to /home/runner/work/ozone/ozone/hadoop-ozone/integration-test/target/test-dir/MiniOzoneClusterImpl-c1c80f75-2e15-44e6-8b98-5d8eb23efd07/datanode-0/meta/datanode.id
2022-01-02 13:17:27,168 [EndpointStateMachine task thread for /127.0.0.1:14995 - 0 ] INFO  ipc.Client (Client.java:handleConnectionFailure(977)) - Retrying connect to server: localhost/127.0.0.1:14995. Already tried 7 time(s); retry policy is RetryUpToMaximumCountWithFixedSleep(maxRetries=15, sleepTime=1000 MILLISECONDS)
2022-01-02 13:17:27,169 [EndpointStateMachine task thread for /127.0.0.1:15005 - 0 ] INFO  ipc.Client (Client.java:handleConnectionFailure(977)) - Retrying connect to server: localhost/127.0.0.1:15005. Already tried 10 time(s); retry policy is RetryUpToMaximumCountWithFixedSleep(maxRetries=15, sleepTime=1000 MILLISECONDS)
2022-01-02 13:17:27,174 [Listener at 127.0.0.1/11096] INFO  upgrade.AbstractLayoutVersionManager (AbstractLayoutVersionManager.java:init(79)) - Initializing Layout version manager with metadata layout = SCM_HA (version = 2), software layout = SCM_HA (version = 2)
2022-01-02 13:17:27,211 [EndpointStateMachine task thread for /127.0.0.1:14985 - 0 ] INFO  ipc.Client (Client.java:handleConnectionFailure(977)) - Retrying connect to server: localhost/127.0.0.1:14985. Already tried 10 time(s); retry policy is RetryUpToMaximumCountWithFixedSleep(maxRetries=15, sleepTime=1000 MILLISECONDS)
2022-01-02 13:17:27,248 [Listener at 127.0.0.1/11096] INFO  reflections.Reflections (Reflections.java:scan(232)) - Reflections took 73 ms to scan 7 urls, producing 119 keys and 279 values 
2022-01-02 13:17:27,255 [Listener at 127.0.0.1/11096] INFO  ha.SCMNodeInfo (SCMNodeInfo.java:getPort(197)) - ConfigKey ozone.scm.client.address is deprecated, For configuring different ports for each SCM use PortConfigKey ozone.scm.client.port appended with serviceId and nodeId
2022-01-02 13:17:27,255 [Listener at 127.0.0.1/11096] INFO  ha.SCMNodeInfo (SCMNodeInfo.java:getPort(197)) - ConfigKey ozone.scm.block.client.address is deprecated, For configuring different ports for each SCM use PortConfigKey ozone.scm.block.client.port appended with serviceId and nodeId
2022-01-02 13:17:27,255 [Listener at 127.0.0.1/11096] INFO  ha.SCMNodeInfo (SCMNodeInfo.java:getPort(197)) - ConfigKey ozone.scm.datanode.address is deprecated, For configuring different ports for each SCM use PortConfigKey ozone.scm.datanode.port appended with serviceId and nodeId
2022-01-02 13:17:27,255 [Listener at 127.0.0.1/11096] INFO  ha.SCMNodeInfo (SCMNodeInfo.java:getPort(197)) - ConfigKey ozone.scm.client.address is deprecated, For configuring different ports for each SCM use PortConfigKey ozone.scm.client.port appended with serviceId and nodeId
2022-01-02 13:17:27,255 [Listener at 127.0.0.1/11096] INFO  ha.SCMNodeInfo (SCMNodeInfo.java:getPort(197)) - ConfigKey ozone.scm.block.client.address is deprecated, For configuring different ports for each SCM use PortConfigKey ozone.scm.block.client.port appended with serviceId and nodeId
2022-01-02 13:17:27,256 [Listener at 127.0.0.1/11096] INFO  ha.SCMNodeInfo (SCMNodeInfo.java:getPort(197)) - ConfigKey ozone.scm.datanode.address is deprecated, For configuring different ports for each SCM use PortConfigKey ozone.scm.datanode.port appended with serviceId and nodeId
2022-01-02 13:17:27,256 [Listener at 127.0.0.1/11096] INFO  ha.SCMNodeInfo (SCMNodeInfo.java:getPort(197)) - ConfigKey ozone.scm.client.address is deprecated, For configuring different ports for each SCM use PortConfigKey ozone.scm.client.port appended with serviceId and nodeId
2022-01-02 13:17:27,256 [Listener at 127.0.0.1/11096] INFO  ha.SCMNodeInfo (SCMNodeInfo.java:getPort(197)) - ConfigKey ozone.scm.block.client.address is deprecated, For configuring different ports for each SCM use PortConfigKey ozone.scm.block.client.port appended with serviceId and nodeId
2022-01-02 13:17:27,256 [Listener at 127.0.0.1/11096] INFO  ha.SCMNodeInfo (SCMNodeInfo.java:getPort(197)) - ConfigKey ozone.scm.datanode.address is deprecated, For configuring different ports for each SCM use PortConfigKey ozone.scm.datanode.port appended with serviceId and nodeId
2022-01-02 13:17:27,256 [Listener at 127.0.0.1/11096] INFO  statemachine.DatanodeStateMachine (DatanodeStateMachine.java:getEndPointTaskThreadPoolSize(219)) - Datanode State Machine Task Thread Pool size 4
2022-01-02 13:17:27,269 [Listener at 127.0.0.1/11096] INFO  volume.HddsVolume (HddsVolume.java:<init>(120)) - Creating HddsVolume: /home/runner/work/ozone/ozone/hadoop-ozone/integration-test/target/test-dir/MiniOzoneClusterImpl-c1c80f75-2e15-44e6-8b98-5d8eb23efd07/datanode-1/data-0/containers/hdds of storage type : DISK capacity : 9223372036854775807
2022-01-02 13:17:27,269 [Listener at 127.0.0.1/11096] INFO  volume.MutableVolumeSet (MutableVolumeSet.java:initializeVolumeSet(168)) - Added Volume : /home/runner/work/ozone/ozone/hadoop-ozone/integration-test/target/test-dir/MiniOzoneClusterImpl-c1c80f75-2e15-44e6-8b98-5d8eb23efd07/datanode-1/data-0/containers/hdds to VolumeSet
2022-01-02 13:17:27,270 [Listener at 127.0.0.1/11096] INFO  volume.ThrottledAsyncChecker (ThrottledAsyncChecker.java:schedule(141)) - Scheduling a check for /home/runner/work/ozone/ozone/hadoop-ozone/integration-test/target/test-dir/MiniOzoneClusterImpl-c1c80f75-2e15-44e6-8b98-5d8eb23efd07/datanode-1/data-0/containers/hdds
2022-01-02 13:17:27,272 [Listener at 127.0.0.1/11096] INFO  volume.StorageVolumeChecker (StorageVolumeChecker.java:checkAllVolumes(202)) - Scheduled health check for volume /home/runner/work/ozone/ozone/hadoop-ozone/integration-test/target/test-dir/MiniOzoneClusterImpl-c1c80f75-2e15-44e6-8b98-5d8eb23efd07/datanode-1/data-0/containers/hdds
2022-01-02 13:17:27,304 [Listener at 127.0.0.1/11096] INFO  volume.MutableVolumeSet (MutableVolumeSet.java:initializeVolumeSet(168)) - Added Volume : /home/runner/work/ozone/ozone/hadoop-ozone/integration-test/target/test-dir/MiniOzoneClusterImpl-c1c80f75-2e15-44e6-8b98-5d8eb23efd07/datanode-1/data/ratis to VolumeSet
2022-01-02 13:17:27,306 [Listener at 127.0.0.1/11096] INFO  volume.ThrottledAsyncChecker (ThrottledAsyncChecker.java:schedule(141)) - Scheduling a check for /home/runner/work/ozone/ozone/hadoop-ozone/integration-test/target/test-dir/MiniOzoneClusterImpl-c1c80f75-2e15-44e6-8b98-5d8eb23efd07/datanode-1/data/ratis
2022-01-02 13:17:27,306 [Listener at 127.0.0.1/11096] INFO  volume.StorageVolumeChecker (StorageVolumeChecker.java:checkAllVolumes(202)) - Scheduled health check for volume /home/runner/work/ozone/ozone/hadoop-ozone/integration-test/target/test-dir/MiniOzoneClusterImpl-c1c80f75-2e15-44e6-8b98-5d8eb23efd07/datanode-1/data/ratis
2022-01-02 13:17:27,335 [Thread-1472] INFO  ozoneimpl.ContainerReader (ContainerReader.java:readVolume(172)) - Finish verifying containers on volume /home/runner/work/ozone/ozone/hadoop-ozone/integration-test/target/test-dir/MiniOzoneClusterImpl-c1c80f75-2e15-44e6-8b98-5d8eb23efd07/datanode-1/data-0/containers/hdds
2022-01-02 13:17:27,335 [Listener at 127.0.0.1/11096] INFO  ozoneimpl.OzoneContainer (OzoneContainer.java:buildContainerSet(237)) - Build ContainerSet costs 0s
2022-01-02 13:17:27,337 [Listener at 127.0.0.1/11096] INFO  server.RaftServer (ConfUtils.java:logGet(44)) - raft.rpc.type = GRPC (default)
2022-01-02 13:17:27,338 [Listener at 127.0.0.1/11096] INFO  grpc.GrpcFactory (GrpcFactory.java:checkPooledByteBufAllocatorUseCacheForAllThreads(48)) - PERFORMANCE WARNING: useCacheForAllThreads is true that may cause Netty to create a lot garbage objects and, as a result, trigger GC.
	It is recommended to disable useCacheForAllThreads by setting -Dorg.apache.ratis.thirdparty.io.netty.allocator.useCacheForAllThreads=false in command line.
2022-01-02 13:17:27,338 [Listener at 127.0.0.1/11096] INFO  grpc.GrpcConfigKeys (ConfUtils.java:logGet(44)) - raft.grpc.admin.port = 0 (custom)
2022-01-02 13:17:27,338 [Listener at 127.0.0.1/11096] INFO  grpc.GrpcConfigKeys (ConfUtils.java:logGet(44)) - raft.grpc.client.port = 0 (custom)
2022-01-02 13:17:27,338 [Listener at 127.0.0.1/11096] INFO  grpc.GrpcConfigKeys (ConfUtils.java:logGet(44)) - raft.grpc.server.port = 0 (default)
2022-01-02 13:17:27,338 [Listener at 127.0.0.1/11096] INFO  server.GrpcService (ConfUtils.java:logGet(44)) - raft.grpc.message.size.max = 32MB (=33554432) (custom)
2022-01-02 13:17:27,338 [Listener at 127.0.0.1/11096] INFO  server.RaftServerConfigKeys (ConfUtils.java:logGet(44)) - raft.server.log.appender.buffer.byte-limit = 33554432 (custom)
2022-01-02 13:17:27,338 [Listener at 127.0.0.1/11096] INFO  server.GrpcService (ConfUtils.java:logGet(44)) - raft.grpc.flow.control.window = 5MB (=5242880) (custom)
2022-01-02 13:17:27,338 [Listener at 127.0.0.1/11096] INFO  server.RaftServerConfigKeys (ConfUtils.java:logGet(44)) - raft.server.rpc.request.timeout = 60s (custom)
2022-01-02 13:17:27,339 [Listener at 127.0.0.1/11096] INFO  impl.DataStreamServerImpl (ConfUtils.java:logGet(44)) - raft.datastream.type = DISABLED (default)
2022-01-02 13:17:27,340 [Listener at 127.0.0.1/11096] INFO  server.RaftServerConfigKeys (ConfUtils.java:logGet(44)) - raft.server.rpc.slowness.timeout = 300s (custom)
2022-01-02 13:17:27,340 [Listener at 127.0.0.1/11096] INFO  server.RaftServerConfigKeys (ConfUtils.java:logGet(44)) - raft.server.leaderelection.leader.step-down.wait-time = 10s (default)
2022-01-02 13:17:27,340 [Listener at 127.0.0.1/11096] INFO  server.RaftServerConfigKeys (ConfUtils.java:logGet(44)) - raft.server.storage.dir = [/home/runner/work/ozone/ozone/hadoop-ozone/integration-test/target/test-dir/MiniOzoneClusterImpl-c1c80f75-2e15-44e6-8b98-5d8eb23efd07/datanode-1/data/ratis] (custom)
2022-01-02 13:17:27,341 [Listener at 127.0.0.1/11096] INFO  server.XceiverServerGrpc (XceiverServerGrpc.java:<init>(132)) - GrpcServer channel type EpollServerSocketChannel
2022-01-02 13:17:27,343 [Listener at 127.0.0.1/11096] INFO  http.BaseHttpServer (BaseHttpServer.java:newHttpServer2BuilderForOzone(209)) - Starting Web-server for hddsDatanode at: http://0.0.0.0:0
2022-01-02 13:17:27,343 [Listener at 127.0.0.1/11096] INFO  http.BaseHttpServer (BaseHttpServer.java:<init>(107)) - Hadoop Security Enabled: false Ozone Security Enabled: false Ozone HTTP Security Enabled: false 
2022-01-02 13:17:27,344 [Listener at 127.0.0.1/11096] INFO  server.AuthenticationFilter (AuthenticationFilter.java:constructSecretProvider(240)) - Unable to initialize FileSignerSecretProvider, falling back to use random secrets.
2022-01-02 13:17:27,345 [Listener at 127.0.0.1/11096] WARN  http.HttpRequestLog (HttpRequestLog.java:getRequestLog(103)) - Jetty request log can only be enabled using Log4j
2022-01-02 13:17:27,345 [Listener at 127.0.0.1/11096] INFO  http.HttpServer2 (HttpServer2.java:addGlobalFilter(1030)) - Added global filter 'safety' (class=org.apache.hadoop.hdds.server.http.HttpServer2$QuotingInputFilter)
2022-01-02 13:17:27,346 [Listener at 127.0.0.1/11096] INFO  http.HttpServer2 (HttpServer2.java:addFilter(1006)) - Added filter static_user_filter (class=org.apache.hadoop.http.lib.StaticUserWebFilter$StaticUserFilter) to context hddsDatanode
2022-01-02 13:17:27,346 [Listener at 127.0.0.1/11096] INFO  http.HttpServer2 (HttpServer2.java:addFilter(1014)) - Added filter static_user_filter (class=org.apache.hadoop.http.lib.StaticUserWebFilter$StaticUserFilter) to context static
2022-01-02 13:17:27,346 [Listener at 127.0.0.1/11096] INFO  http.HttpServer2 (HttpServer2.java:addFilter(1014)) - Added filter static_user_filter (class=org.apache.hadoop.http.lib.StaticUserWebFilter$StaticUserFilter) to context logs
2022-01-02 13:17:27,347 [Listener at 127.0.0.1/11096] INFO  http.HttpServer2 (HttpServer2.java:bindListener(1249)) - Jetty bound to port 35101
2022-01-02 13:17:27,353 [Listener at 127.0.0.1/11096] INFO  server.Server (Server.java:doStart(375)) - jetty-9.4.43.v20210629; built: 2021-06-30T11:07:22.254Z; git: 526006ecfa3af7f1a27ef3a288e2bef7ea9dd7e8; jvm 1.8.0_292-b10
2022-01-02 13:17:27,390 [Listener at 127.0.0.1/11096] INFO  server.session (DefaultSessionIdManager.java:doStart(334)) - DefaultSessionIdManager workerName=node0
2022-01-02 13:17:27,390 [Listener at 127.0.0.1/11096] INFO  server.session (DefaultSessionIdManager.java:doStart(339)) - No SessionScavenger set, using defaults
2022-01-02 13:17:27,391 [Listener at 127.0.0.1/11096] INFO  server.session (HouseKeeper.java:startScavenging(132)) - node0 Scavenging every 660000ms
2022-01-02 13:17:27,398 [Listener at 127.0.0.1/11096] INFO  handler.ContextHandler (ContextHandler.java:doStart(915)) - Started o.e.j.s.ServletContextHandler@50be06c0{logs,/logs,file:///home/runner/work/ozone/ozone/hadoop-ozone/integration-test/target/log,AVAILABLE}
2022-01-02 13:17:27,398 [Listener at 127.0.0.1/11096] INFO  handler.ContextHandler (ContextHandler.java:doStart(915)) - Started o.e.j.s.ServletContextHandler@4d228131{static,/static,jar:file:/home/runner/.m2/repository/org/apache/ozone/hdds-container-service/1.3.0-SNAPSHOT/hdds-container-service-1.3.0-SNAPSHOT.jar!/webapps/static,AVAILABLE}
2022-01-02 13:17:27,465 [Listener at 127.0.0.1/11096] INFO  handler.ContextHandler (ContextHandler.java:doStart(915)) - Started o.e.j.w.WebAppContext@66d43e76{hddsDatanode,/,file:///tmp/jetty-0_0_0_0-35101-hdds-container-service-1_3_0-SNAPSHOT_jar-_-any-7169394437444677123/webapp/,AVAILABLE}{jar:file:/home/runner/.m2/repository/org/apache/ozone/hdds-container-service/1.3.0-SNAPSHOT/hdds-container-service-1.3.0-SNAPSHOT.jar!/webapps/hddsDatanode}
2022-01-02 13:17:27,473 [Listener at 127.0.0.1/11096] INFO  server.AbstractConnector (AbstractConnector.java:doStart(331)) - Started ServerConnector@366558a2{HTTP/1.1, (http/1.1)}{0.0.0.0:35101}
2022-01-02 13:17:27,473 [Listener at 127.0.0.1/11096] INFO  server.Server (Server.java:doStart(415)) - Started @96721ms
2022-01-02 13:17:27,473 [Listener at 127.0.0.1/11096] WARN  impl.MetricsSystemImpl (MetricsSystemImpl.java:register(279)) - Sink prometheus already exists!
2022-01-02 13:17:27,474 [Listener at 127.0.0.1/11096] INFO  http.BaseHttpServer (BaseHttpServer.java:updateConnectorAddress(329)) - HTTP server of hddsDatanode listening at http://0.0.0.0:35101
2022-01-02 13:17:27,477 [Listener at 127.0.0.1/11096] WARN  impl.MetricRegistriesImpl (MetricRegistriesImpl.java:addReporterRegistration(111)) - New reporters are added after registries were created. Some metrics will be missing from the reporter. Please add reporter before adding any new registry.
2022-01-02 13:17:27,478 [Listener at 127.0.0.1/11096] WARN  impl.MetricRegistriesImpl (MetricRegistriesImpl.java:addReporterRegistration(111)) - New reporters are added after registries were created. Some metrics will be missing from the reporter. Please add reporter before adding any new registry.
2022-01-02 13:17:27,478 [Listener at 127.0.0.1/11096] INFO  impl.MetricsSystemImpl (MetricsSystemImpl.java:init(158)) - HddsDatanode metrics system started (again)
2022-01-02 13:17:27,479 [Datanode State Machine Daemon Thread] INFO  statemachine.DatanodeStateMachine (DatanodeStateMachine.java:lambda$startDaemon$0(467)) - Ozone container server started.
2022-01-02 13:17:27,498 [Listener at 127.0.0.1/11096] INFO  ozone.HddsDatanodeService (HddsDatanodeService.java:start(234)) - HddsDatanodeService host:fv-az195-8.u3nnjwd0vyge1bu22idnsdeq2e.cx.internal.cloudapp.net ip:10.1.0.22
2022-01-02 13:17:27,535 [org.apache.hadoop.util.JvmPauseMonitor$Monitor@13d4dc5f] INFO  util.JvmPauseMonitor (JvmPauseMonitor.java:run(188)) - Starting JVM pause monitor
2022-01-02 13:17:27,538 [Datanode State Machine Task Thread - 0] INFO  ha.SCMNodeInfo (SCMNodeInfo.java:getPort(197)) - ConfigKey ozone.scm.client.address is deprecated, For configuring different ports for each SCM use PortConfigKey ozone.scm.client.port appended with serviceId and nodeId
2022-01-02 13:17:27,539 [Datanode State Machine Task Thread - 0] INFO  ha.SCMNodeInfo (SCMNodeInfo.java:getPort(197)) - ConfigKey ozone.scm.block.client.address is deprecated, For configuring different ports for each SCM use PortConfigKey ozone.scm.block.client.port appended with serviceId and nodeId
2022-01-02 13:17:27,539 [Datanode State Machine Task Thread - 0] INFO  ha.SCMNodeInfo (SCMNodeInfo.java:getPort(197)) - ConfigKey ozone.scm.datanode.address is deprecated, For configuring different ports for each SCM use PortConfigKey ozone.scm.datanode.port appended with serviceId and nodeId
2022-01-02 13:17:27,540 [Datanode State Machine Task Thread - 0] INFO  ha.SCMNodeInfo (SCMNodeInfo.java:getPort(197)) - ConfigKey ozone.scm.client.address is deprecated, For configuring different ports for each SCM use PortConfigKey ozone.scm.client.port appended with serviceId and nodeId
2022-01-02 13:17:27,540 [Datanode State Machine Task Thread - 0] INFO  ha.SCMNodeInfo (SCMNodeInfo.java:getPort(197)) - ConfigKey ozone.scm.block.client.address is deprecated, For configuring different ports for each SCM use PortConfigKey ozone.scm.block.client.port appended with serviceId and nodeId
2022-01-02 13:17:27,540 [Datanode State Machine Task Thread - 0] INFO  ha.SCMNodeInfo (SCMNodeInfo.java:getPort(197)) - ConfigKey ozone.scm.datanode.address is deprecated, For configuring different ports for each SCM use PortConfigKey ozone.scm.datanode.port appended with serviceId and nodeId
2022-01-02 13:17:27,540 [Datanode State Machine Task Thread - 0] INFO  ha.SCMNodeInfo (SCMNodeInfo.java:getPort(197)) - ConfigKey ozone.scm.client.address is deprecated, For configuring different ports for each SCM use PortConfigKey ozone.scm.client.port appended with serviceId and nodeId
2022-01-02 13:17:27,540 [Datanode State Machine Task Thread - 0] INFO  ha.SCMNodeInfo (SCMNodeInfo.java:getPort(197)) - ConfigKey ozone.scm.block.client.address is deprecated, For configuring different ports for each SCM use PortConfigKey ozone.scm.block.client.port appended with serviceId and nodeId
2022-01-02 13:17:27,540 [Datanode State Machine Task Thread - 0] INFO  ha.SCMNodeInfo (SCMNodeInfo.java:getPort(197)) - ConfigKey ozone.scm.datanode.address is deprecated, For configuring different ports for each SCM use PortConfigKey ozone.scm.datanode.port appended with serviceId and nodeId
2022-01-02 13:17:27,542 [Datanode State Machine Task Thread - 0] INFO  datanode.InitDatanodeState (InitDatanodeState.java:persistContainerDatanodeDetails(145)) - DatanodeDetails is persisted to /home/runner/work/ozone/ozone/hadoop-ozone/integration-test/target/test-dir/MiniOzoneClusterImpl-c1c80f75-2e15-44e6-8b98-5d8eb23efd07/datanode-1/meta/datanode.id
2022-01-02 13:17:27,544 [Listener at 127.0.0.1/11096] INFO  upgrade.AbstractLayoutVersionManager (AbstractLayoutVersionManager.java:init(79)) - Initializing Layout version manager with metadata layout = SCM_HA (version = 2), software layout = SCM_HA (version = 2)
2022-01-02 13:17:27,611 [Listener at 127.0.0.1/11096] INFO  reflections.Reflections (Reflections.java:scan(232)) - Reflections took 59 ms to scan 7 urls, producing 119 keys and 279 values 
2022-01-02 13:17:27,621 [Listener at 127.0.0.1/11096] INFO  ha.SCMNodeInfo (SCMNodeInfo.java:getPort(197)) - ConfigKey ozone.scm.client.address is deprecated, For configuring different ports for each SCM use PortConfigKey ozone.scm.client.port appended with serviceId and nodeId
2022-01-02 13:17:27,622 [Listener at 127.0.0.1/11096] INFO  ha.SCMNodeInfo (SCMNodeInfo.java:getPort(197)) - ConfigKey ozone.scm.block.client.address is deprecated, For configuring different ports for each SCM use PortConfigKey ozone.scm.block.client.port appended with serviceId and nodeId
2022-01-02 13:17:27,622 [Listener at 127.0.0.1/11096] INFO  ha.SCMNodeInfo (SCMNodeInfo.java:getPort(197)) - ConfigKey ozone.scm.datanode.address is deprecated, For configuring different ports for each SCM use PortConfigKey ozone.scm.datanode.port appended with serviceId and nodeId
2022-01-02 13:17:27,624 [Listener at 127.0.0.1/11096] INFO  ha.SCMNodeInfo (SCMNodeInfo.java:getPort(197)) - ConfigKey ozone.scm.client.address is deprecated, For configuring different ports for each SCM use PortConfigKey ozone.scm.client.port appended with serviceId and nodeId
2022-01-02 13:17:27,624 [Listener at 127.0.0.1/11096] INFO  ha.SCMNodeInfo (SCMNodeInfo.java:getPort(197)) - ConfigKey ozone.scm.block.client.address is deprecated, For configuring different ports for each SCM use PortConfigKey ozone.scm.block.client.port appended with serviceId and nodeId
2022-01-02 13:17:27,624 [Listener at 127.0.0.1/11096] INFO  ha.SCMNodeInfo (SCMNodeInfo.java:getPort(197)) - ConfigKey ozone.scm.datanode.address is deprecated, For configuring different ports for each SCM use PortConfigKey ozone.scm.datanode.port appended with serviceId and nodeId
2022-01-02 13:17:27,624 [Listener at 127.0.0.1/11096] INFO  ha.SCMNodeInfo (SCMNodeInfo.java:getPort(197)) - ConfigKey ozone.scm.client.address is deprecated, For configuring different ports for each SCM use PortConfigKey ozone.scm.client.port appended with serviceId and nodeId
2022-01-02 13:17:27,624 [Listener at 127.0.0.1/11096] INFO  ha.SCMNodeInfo (SCMNodeInfo.java:getPort(197)) - ConfigKey ozone.scm.block.client.address is deprecated, For configuring different ports for each SCM use PortConfigKey ozone.scm.block.client.port appended with serviceId and nodeId
2022-01-02 13:17:27,624 [Listener at 127.0.0.1/11096] INFO  ha.SCMNodeInfo (SCMNodeInfo.java:getPort(197)) - ConfigKey ozone.scm.datanode.address is deprecated, For configuring different ports for each SCM use PortConfigKey ozone.scm.datanode.port appended with serviceId and nodeId
2022-01-02 13:17:27,624 [Listener at 127.0.0.1/11096] INFO  statemachine.DatanodeStateMachine (DatanodeStateMachine.java:getEndPointTaskThreadPoolSize(219)) - Datanode State Machine Task Thread Pool size 4
2022-01-02 13:17:27,626 [Listener at 127.0.0.1/11096] INFO  volume.HddsVolume (HddsVolume.java:<init>(120)) - Creating HddsVolume: /home/runner/work/ozone/ozone/hadoop-ozone/integration-test/target/test-dir/MiniOzoneClusterImpl-c1c80f75-2e15-44e6-8b98-5d8eb23efd07/datanode-2/data-0/containers/hdds of storage type : DISK capacity : 9223372036854775807
2022-01-02 13:17:27,626 [Listener at 127.0.0.1/11096] INFO  volume.MutableVolumeSet (MutableVolumeSet.java:initializeVolumeSet(168)) - Added Volume : /home/runner/work/ozone/ozone/hadoop-ozone/integration-test/target/test-dir/MiniOzoneClusterImpl-c1c80f75-2e15-44e6-8b98-5d8eb23efd07/datanode-2/data-0/containers/hdds to VolumeSet
2022-01-02 13:17:27,626 [Listener at 127.0.0.1/11096] INFO  volume.ThrottledAsyncChecker (ThrottledAsyncChecker.java:schedule(141)) - Scheduling a check for /home/runner/work/ozone/ozone/hadoop-ozone/integration-test/target/test-dir/MiniOzoneClusterImpl-c1c80f75-2e15-44e6-8b98-5d8eb23efd07/datanode-2/data-0/containers/hdds
2022-01-02 13:17:27,633 [Listener at 127.0.0.1/11096] INFO  volume.StorageVolumeChecker (StorageVolumeChecker.java:checkAllVolumes(202)) - Scheduled health check for volume /home/runner/work/ozone/ozone/hadoop-ozone/integration-test/target/test-dir/MiniOzoneClusterImpl-c1c80f75-2e15-44e6-8b98-5d8eb23efd07/datanode-2/data-0/containers/hdds
2022-01-02 13:17:27,639 [omNode-1@group-523986131536-FollowerState] INFO  impl.FollowerState (FollowerState.java:run(134)) - omNode-1@group-523986131536-FollowerState: change to CANDIDATE, lastRpcElapsedTime:1211232574ns, electionTimeout:1198ms
2022-01-02 13:17:27,640 [omNode-1@group-523986131536-FollowerState] INFO  impl.RoleInfo (RoleInfo.java:shutdownFollowerState(108)) - omNode-1: shutdown omNode-1@group-523986131536-FollowerState
2022-01-02 13:17:27,640 [omNode-1@group-523986131536-FollowerState] INFO  server.RaftServer$Division (RaftServerImpl.java:setRole(290)) - omNode-1@group-523986131536: changes role from  FOLLOWER to CANDIDATE at term 0 for changeToCandidate
2022-01-02 13:17:27,640 [omNode-1@group-523986131536-FollowerState] INFO  server.RaftServerConfigKeys (ConfUtils.java:logGet(44)) - raft.server.leaderelection.pre-vote = false (custom)
2022-01-02 13:17:27,640 [omNode-1@group-523986131536-FollowerState] INFO  impl.RoleInfo (RoleInfo.java:updateAndGet(130)) - omNode-1: start omNode-1@group-523986131536-LeaderElection16
2022-01-02 13:17:27,661 [Listener at 127.0.0.1/11096] INFO  volume.MutableVolumeSet (MutableVolumeSet.java:initializeVolumeSet(168)) - Added Volume : /home/runner/work/ozone/ozone/hadoop-ozone/integration-test/target/test-dir/MiniOzoneClusterImpl-c1c80f75-2e15-44e6-8b98-5d8eb23efd07/datanode-2/data/ratis to VolumeSet
2022-01-02 13:17:27,677 [Listener at 127.0.0.1/11096] INFO  volume.ThrottledAsyncChecker (ThrottledAsyncChecker.java:schedule(141)) - Scheduling a check for /home/runner/work/ozone/ozone/hadoop-ozone/integration-test/target/test-dir/MiniOzoneClusterImpl-c1c80f75-2e15-44e6-8b98-5d8eb23efd07/datanode-2/data/ratis
2022-01-02 13:17:27,678 [Listener at 127.0.0.1/11096] INFO  volume.StorageVolumeChecker (StorageVolumeChecker.java:checkAllVolumes(202)) - Scheduled health check for volume /home/runner/work/ozone/ozone/hadoop-ozone/integration-test/target/test-dir/MiniOzoneClusterImpl-c1c80f75-2e15-44e6-8b98-5d8eb23efd07/datanode-2/data/ratis
2022-01-02 13:17:27,672 [omNode-1@group-523986131536-LeaderElection16] INFO  impl.LeaderElection (LeaderElection.java:askForVotes(306)) - omNode-1@group-523986131536-LeaderElection16 ELECTION round 0: submit vote requests at term 1 for -1: [omNode-1|rpc:localhost:11100|priority:0], old=null
2022-01-02 13:17:27,678 [omNode-1@group-523986131536-LeaderElection16] INFO  impl.LeaderElection (LeaderElection.java:askForVotes(308)) - omNode-1@group-523986131536-LeaderElection16 ELECTION round 0: result PASSED (term=1)
2022-01-02 13:17:27,678 [omNode-1@group-523986131536-LeaderElection16] INFO  impl.RoleInfo (RoleInfo.java:shutdownLeaderElection(121)) - omNode-1: shutdown omNode-1@group-523986131536-LeaderElection16
2022-01-02 13:17:27,678 [omNode-1@group-523986131536-LeaderElection16] INFO  server.RaftServer$Division (RaftServerImpl.java:setRole(290)) - omNode-1@group-523986131536: changes role from CANDIDATE to LEADER at term 1 for changeToLeader
2022-01-02 13:17:27,678 [omNode-1@group-523986131536-LeaderElection16] INFO  server.RaftServer$Division (ServerState.java:setLeader(285)) - omNode-1@group-523986131536: change Leader from null to omNode-1 at term 1 for becomeLeader, leader elected after 1329ms
2022-01-02 13:17:27,678 [omNode-1@group-523986131536-LeaderElection16] INFO  server.RaftServerConfigKeys (ConfUtils.java:logGet(44)) - raft.server.staging.catchup.gap = 1000 (default)
2022-01-02 13:17:27,678 [omNode-1@group-523986131536-LeaderElection16] INFO  server.RaftServerConfigKeys (ConfUtils.java:logGet(44)) - raft.server.write.element-limit = 4096 (default)
2022-01-02 13:17:27,678 [omNode-1@group-523986131536-LeaderElection16] INFO  server.RaftServerConfigKeys (ConfUtils.java:logGet(44)) - raft.server.write.byte-limit = 64MB (=67108864) (default)
2022-01-02 13:17:27,678 [omNode-1@group-523986131536-LeaderElection16] INFO  server.RaftServerConfigKeys (ConfUtils.java:logGet(44)) - raft.server.watch.timeout = 10s (default)
2022-01-02 13:17:27,679 [omNode-1@group-523986131536-LeaderElection16] INFO  server.RaftServerConfigKeys (ConfUtils.java:logGet(44)) - raft.server.watch.timeout.denomination = 1s (default)
2022-01-02 13:17:27,679 [omNode-1@group-523986131536-LeaderElection16] INFO  server.RaftServerConfigKeys (ConfUtils.java:logGet(44)) - raft.server.watch.element-limit = 65536 (default)
2022-01-02 13:17:27,679 [omNode-1@group-523986131536-LeaderElection16] INFO  server.RaftServerConfigKeys (ConfUtils.java:logGet(44)) - raft.server.write.element-limit = 4096 (default)
2022-01-02 13:17:27,679 [omNode-1@group-523986131536-LeaderElection16] INFO  server.RaftServerConfigKeys (ConfUtils.java:logGet(44)) - raft.server.write.follower.gap.ratio.max = -1.0 (default)
2022-01-02 13:17:27,679 [omNode-1@group-523986131536-LeaderElection16] INFO  impl.RoleInfo (RoleInfo.java:updateAndGet(130)) - omNode-1: start omNode-1@group-523986131536-LeaderStateImpl
2022-01-02 13:17:27,679 [omNode-1@group-523986131536-LeaderElection16] INFO  segmented.SegmentedRaftLogWorker (SegmentedRaftLogWorker.java:startLogSegment(394)) - omNode-1@group-523986131536-SegmentedRaftLogWorker: Starting segment from index:0
2022-01-02 13:17:27,689 [omNode-1@group-523986131536-LeaderElection16] INFO  server.RaftServer$Division (ServerState.java:setRaftConf(387)) - omNode-1@group-523986131536: set configuration 0: [omNode-1|rpc:localhost:11100|admin:|client:|dataStream:|priority:0], old=null
2022-01-02 13:17:27,694 [omNode-1@group-523986131536-SegmentedRaftLogWorker] INFO  segmented.SegmentedRaftLogWorker (SegmentedRaftLogWorker.java:execute(601)) - omNode-1@group-523986131536-SegmentedRaftLogWorker: created new log segment /home/runner/work/ozone/ozone/hadoop-ozone/integration-test/target/test-dir/MiniOzoneClusterImpl-c1c80f75-2e15-44e6-8b98-5d8eb23efd07/omNode-1/ratis/c9bc4cf4-3bc3-3c60-a66b-523986131536/current/log_inprogress_0
2022-01-02 13:17:27,696 [omNode-1@group-523986131536-StateMachineUpdater] INFO  ratis.OzoneManagerStateMachine (OzoneManagerStateMachine.java:notifyConfigurationChanged(188)) - Received Configuration change notification from Ratis. New Peer list:
[id: "omNode-1"
address: "localhost:11100"
]
2022-01-02 13:17:27,708 [Thread-1486] INFO  ozoneimpl.ContainerReader (ContainerReader.java:readVolume(172)) - Finish verifying containers on volume /home/runner/work/ozone/ozone/hadoop-ozone/integration-test/target/test-dir/MiniOzoneClusterImpl-c1c80f75-2e15-44e6-8b98-5d8eb23efd07/datanode-2/data-0/containers/hdds
2022-01-02 13:17:27,708 [Listener at 127.0.0.1/11096] INFO  ozoneimpl.OzoneContainer (OzoneContainer.java:buildContainerSet(237)) - Build ContainerSet costs 0s
2022-01-02 13:17:27,718 [Listener at 127.0.0.1/11096] INFO  server.RaftServer (ConfUtils.java:logGet(44)) - raft.rpc.type = GRPC (default)
2022-01-02 13:17:27,719 [Listener at 127.0.0.1/11096] INFO  grpc.GrpcFactory (GrpcFactory.java:checkPooledByteBufAllocatorUseCacheForAllThreads(48)) - PERFORMANCE WARNING: useCacheForAllThreads is true that may cause Netty to create a lot garbage objects and, as a result, trigger GC.
	It is recommended to disable useCacheForAllThreads by setting -Dorg.apache.ratis.thirdparty.io.netty.allocator.useCacheForAllThreads=false in command line.
2022-01-02 13:17:27,719 [Listener at 127.0.0.1/11096] INFO  grpc.GrpcConfigKeys (ConfUtils.java:logGet(44)) - raft.grpc.admin.port = 0 (custom)
2022-01-02 13:17:27,719 [Listener at 127.0.0.1/11096] INFO  grpc.GrpcConfigKeys (ConfUtils.java:logGet(44)) - raft.grpc.client.port = 0 (custom)
2022-01-02 13:17:27,719 [Listener at 127.0.0.1/11096] INFO  grpc.GrpcConfigKeys (ConfUtils.java:logGet(44)) - raft.grpc.server.port = 0 (default)
2022-01-02 13:17:27,719 [Listener at 127.0.0.1/11096] INFO  server.GrpcService (ConfUtils.java:logGet(44)) - raft.grpc.message.size.max = 32MB (=33554432) (custom)
2022-01-02 13:17:27,719 [Listener at 127.0.0.1/11096] INFO  server.RaftServerConfigKeys (ConfUtils.java:logGet(44)) - raft.server.log.appender.buffer.byte-limit = 33554432 (custom)
2022-01-02 13:17:27,719 [Listener at 127.0.0.1/11096] INFO  server.GrpcService (ConfUtils.java:logGet(44)) - raft.grpc.flow.control.window = 5MB (=5242880) (custom)
2022-01-02 13:17:27,720 [Listener at 127.0.0.1/11096] INFO  server.RaftServerConfigKeys (ConfUtils.java:logGet(44)) - raft.server.rpc.request.timeout = 60s (custom)
2022-01-02 13:17:27,721 [Listener at 127.0.0.1/11096] INFO  impl.DataStreamServerImpl (ConfUtils.java:logGet(44)) - raft.datastream.type = DISABLED (default)
2022-01-02 13:17:27,721 [Listener at 127.0.0.1/11096] INFO  server.RaftServerConfigKeys (ConfUtils.java:logGet(44)) - raft.server.rpc.slowness.timeout = 300s (custom)
2022-01-02 13:17:27,721 [Listener at 127.0.0.1/11096] INFO  server.RaftServerConfigKeys (ConfUtils.java:logGet(44)) - raft.server.leaderelection.leader.step-down.wait-time = 10s (default)
2022-01-02 13:17:27,729 [Listener at 127.0.0.1/11096] INFO  server.RaftServerConfigKeys (ConfUtils.java:logGet(44)) - raft.server.storage.dir = [/home/runner/work/ozone/ozone/hadoop-ozone/integration-test/target/test-dir/MiniOzoneClusterImpl-c1c80f75-2e15-44e6-8b98-5d8eb23efd07/datanode-2/data/ratis] (custom)
2022-01-02 13:17:27,731 [Listener at 127.0.0.1/11096] INFO  server.XceiverServerGrpc (XceiverServerGrpc.java:<init>(132)) - GrpcServer channel type EpollServerSocketChannel
2022-01-02 13:17:27,733 [Listener at 127.0.0.1/11096] INFO  http.BaseHttpServer (BaseHttpServer.java:newHttpServer2BuilderForOzone(209)) - Starting Web-server for hddsDatanode at: http://0.0.0.0:0
2022-01-02 13:17:27,733 [Listener at 127.0.0.1/11096] INFO  http.BaseHttpServer (BaseHttpServer.java:<init>(107)) - Hadoop Security Enabled: false Ozone Security Enabled: false Ozone HTTP Security Enabled: false 
2022-01-02 13:17:27,734 [Listener at 127.0.0.1/11096] INFO  server.AuthenticationFilter (AuthenticationFilter.java:constructSecretProvider(240)) - Unable to initialize FileSignerSecretProvider, falling back to use random secrets.
2022-01-02 13:17:27,740 [Listener at 127.0.0.1/11096] WARN  http.HttpRequestLog (HttpRequestLog.java:getRequestLog(103)) - Jetty request log can only be enabled using Log4j
2022-01-02 13:17:27,740 [Listener at 127.0.0.1/11096] INFO  http.HttpServer2 (HttpServer2.java:addGlobalFilter(1030)) - Added global filter 'safety' (class=org.apache.hadoop.hdds.server.http.HttpServer2$QuotingInputFilter)
2022-01-02 13:17:27,741 [Listener at 127.0.0.1/11096] INFO  http.HttpServer2 (HttpServer2.java:addFilter(1006)) - Added filter static_user_filter (class=org.apache.hadoop.http.lib.StaticUserWebFilter$StaticUserFilter) to context hddsDatanode
2022-01-02 13:17:27,741 [Listener at 127.0.0.1/11096] INFO  http.HttpServer2 (HttpServer2.java:addFilter(1014)) - Added filter static_user_filter (class=org.apache.hadoop.http.lib.StaticUserWebFilter$StaticUserFilter) to context logs
2022-01-02 13:17:27,741 [Listener at 127.0.0.1/11096] INFO  http.HttpServer2 (HttpServer2.java:addFilter(1014)) - Added filter static_user_filter (class=org.apache.hadoop.http.lib.StaticUserWebFilter$StaticUserFilter) to context static
2022-01-02 13:17:27,742 [Listener at 127.0.0.1/11096] INFO  http.HttpServer2 (HttpServer2.java:bindListener(1249)) - Jetty bound to port 35115
2022-01-02 13:17:27,742 [Listener at 127.0.0.1/11096] INFO  server.Server (Server.java:doStart(375)) - jetty-9.4.43.v20210629; built: 2021-06-30T11:07:22.254Z; git: 526006ecfa3af7f1a27ef3a288e2bef7ea9dd7e8; jvm 1.8.0_292-b10
2022-01-02 13:17:27,803 [Listener at 127.0.0.1/11096] INFO  server.session (DefaultSessionIdManager.java:doStart(334)) - DefaultSessionIdManager workerName=node0
2022-01-02 13:17:27,803 [Listener at 127.0.0.1/11096] INFO  server.session (DefaultSessionIdManager.java:doStart(339)) - No SessionScavenger set, using defaults
2022-01-02 13:17:27,804 [Listener at 127.0.0.1/11096] INFO  server.session (HouseKeeper.java:startScavenging(132)) - node0 Scavenging every 600000ms
2022-01-02 13:17:27,817 [Listener at 127.0.0.1/11096] INFO  handler.ContextHandler (ContextHandler.java:doStart(915)) - Started o.e.j.s.ServletContextHandler@20d9f6b8{logs,/logs,file:///home/runner/work/ozone/ozone/hadoop-ozone/integration-test/target/log,AVAILABLE}
2022-01-02 13:17:27,817 [Listener at 127.0.0.1/11096] INFO  handler.ContextHandler (ContextHandler.java:doStart(915)) - Started o.e.j.s.ServletContextHandler@2472a75c{static,/static,jar:file:/home/runner/.m2/repository/org/apache/ozone/hdds-container-service/1.3.0-SNAPSHOT/hdds-container-service-1.3.0-SNAPSHOT.jar!/webapps/static,AVAILABLE}
2022-01-02 13:17:27,911 [Listener at 127.0.0.1/11096] INFO  handler.ContextHandler (ContextHandler.java:doStart(915)) - Started o.e.j.w.WebAppContext@ab02c2d{hddsDatanode,/,file:///tmp/jetty-0_0_0_0-35115-hdds-container-service-1_3_0-SNAPSHOT_jar-_-any-8008300691168198355/webapp/,AVAILABLE}{jar:file:/home/runner/.m2/repository/org/apache/ozone/hdds-container-service/1.3.0-SNAPSHOT/hdds-container-service-1.3.0-SNAPSHOT.jar!/webapps/hddsDatanode}
2022-01-02 13:17:27,918 [Listener at 127.0.0.1/11096] INFO  server.AbstractConnector (AbstractConnector.java:doStart(331)) - Started ServerConnector@2a026426{HTTP/1.1, (http/1.1)}{0.0.0.0:35115}
2022-01-02 13:17:27,918 [Listener at 127.0.0.1/11096] INFO  server.Server (Server.java:doStart(415)) - Started @97166ms
2022-01-02 13:17:27,918 [Listener at 127.0.0.1/11096] WARN  impl.MetricsSystemImpl (MetricsSystemImpl.java:register(279)) - Sink prometheus already exists!
2022-01-02 13:17:27,927 [Listener at 127.0.0.1/11096] INFO  http.BaseHttpServer (BaseHttpServer.java:updateConnectorAddress(329)) - HTTP server of hddsDatanode listening at http://0.0.0.0:35115
2022-01-02 13:17:27,935 [Listener at 127.0.0.1/11096] INFO  ozone.MiniOzoneClusterImpl (MiniOzoneClusterImpl.java:lambda$waitForClusterToBeReady$0(235)) - Waiting for nodes to be ready. Got 0 of 3 DN Heartbeats.
2022-01-02 13:17:27,935 [Listener at 127.0.0.1/11096] INFO  ozone.MiniOzoneClusterImpl (MiniOzoneClusterImpl.java:lambda$waitForClusterToBeReady$0(238)) - Waiting for cluster to exit safe mode
2022-01-02 13:17:27,935 [Listener at 127.0.0.1/11096] INFO  ozone.MiniOzoneClusterImpl (MiniOzoneClusterImpl.java:lambda$waitForClusterToBeReady$0(240)) - SCM became leader
2022-01-02 13:17:27,935 [Datanode State Machine Daemon Thread] INFO  statemachine.DatanodeStateMachine (DatanodeStateMachine.java:lambda$startDaemon$0(467)) - Ozone container server started.
2022-01-02 13:17:27,981 [org.apache.hadoop.util.JvmPauseMonitor$Monitor@3c6c28bf] INFO  util.JvmPauseMonitor (JvmPauseMonitor.java:run(188)) - Starting JVM pause monitor
2022-01-02 13:17:27,989 [Datanode State Machine Task Thread - 0] INFO  ha.SCMNodeInfo (SCMNodeInfo.java:getPort(197)) - ConfigKey ozone.scm.client.address is deprecated, For configuring different ports for each SCM use PortConfigKey ozone.scm.client.port appended with serviceId and nodeId
2022-01-02 13:17:27,989 [Datanode State Machine Task Thread - 0] INFO  ha.SCMNodeInfo (SCMNodeInfo.java:getPort(197)) - ConfigKey ozone.scm.block.client.address is deprecated, For configuring different ports for each SCM use PortConfigKey ozone.scm.block.client.port appended with serviceId and nodeId
2022-01-02 13:17:27,989 [Datanode State Machine Task Thread - 0] INFO  ha.SCMNodeInfo (SCMNodeInfo.java:getPort(197)) - ConfigKey ozone.scm.datanode.address is deprecated, For configuring different ports for each SCM use PortConfigKey ozone.scm.datanode.port appended with serviceId and nodeId
2022-01-02 13:17:27,989 [Datanode State Machine Task Thread - 0] INFO  ha.SCMNodeInfo (SCMNodeInfo.java:getPort(197)) - ConfigKey ozone.scm.client.address is deprecated, For configuring different ports for each SCM use PortConfigKey ozone.scm.client.port appended with serviceId and nodeId
2022-01-02 13:17:27,989 [Datanode State Machine Task Thread - 0] INFO  ha.SCMNodeInfo (SCMNodeInfo.java:getPort(197)) - ConfigKey ozone.scm.block.client.address is deprecated, For configuring different ports for each SCM use PortConfigKey ozone.scm.block.client.port appended with serviceId and nodeId
2022-01-02 13:17:27,989 [Datanode State Machine Task Thread - 0] INFO  ha.SCMNodeInfo (SCMNodeInfo.java:getPort(197)) - ConfigKey ozone.scm.datanode.address is deprecated, For configuring different ports for each SCM use PortConfigKey ozone.scm.datanode.port appended with serviceId and nodeId
2022-01-02 13:17:27,989 [Datanode State Machine Task Thread - 0] INFO  ha.SCMNodeInfo (SCMNodeInfo.java:getPort(197)) - ConfigKey ozone.scm.client.address is deprecated, For configuring different ports for each SCM use PortConfigKey ozone.scm.client.port appended with serviceId and nodeId
2022-01-02 13:17:27,989 [Datanode State Machine Task Thread - 0] INFO  ha.SCMNodeInfo (SCMNodeInfo.java:getPort(197)) - ConfigKey ozone.scm.block.client.address is deprecated, For configuring different ports for each SCM use PortConfigKey ozone.scm.block.client.port appended with serviceId and nodeId
2022-01-02 13:17:27,989 [Datanode State Machine Task Thread - 0] INFO  ha.SCMNodeInfo (SCMNodeInfo.java:getPort(197)) - ConfigKey ozone.scm.datanode.address is deprecated, For configuring different ports for each SCM use PortConfigKey ozone.scm.datanode.port appended with serviceId and nodeId
2022-01-02 13:17:28,004 [Datanode State Machine Task Thread - 0] INFO  datanode.InitDatanodeState (InitDatanodeState.java:persistContainerDatanodeDetails(145)) - DatanodeDetails is persisted to /home/runner/work/ozone/ozone/hadoop-ozone/integration-test/target/test-dir/MiniOzoneClusterImpl-c1c80f75-2e15-44e6-8b98-5d8eb23efd07/datanode-2/meta/datanode.id
2022-01-02 13:17:28,168 [EndpointStateMachine task thread for /127.0.0.1:14995 - 0 ] INFO  ipc.Client (Client.java:handleConnectionFailure(977)) - Retrying connect to server: localhost/127.0.0.1:14995. Already tried 8 time(s); retry policy is RetryUpToMaximumCountWithFixedSleep(maxRetries=15, sleepTime=1000 MILLISECONDS)
2022-01-02 13:17:28,170 [EndpointStateMachine task thread for /127.0.0.1:15005 - 0 ] INFO  ipc.Client (Client.java:handleConnectionFailure(977)) - Retrying connect to server: localhost/127.0.0.1:15005. Already tried 11 time(s); retry policy is RetryUpToMaximumCountWithFixedSleep(maxRetries=15, sleepTime=1000 MILLISECONDS)
2022-01-02 13:17:28,220 [EndpointStateMachine task thread for /127.0.0.1:14985 - 0 ] INFO  ipc.Client (Client.java:handleConnectionFailure(977)) - Retrying connect to server: localhost/127.0.0.1:14985. Already tried 11 time(s); retry policy is RetryUpToMaximumCountWithFixedSleep(maxRetries=15, sleepTime=1000 MILLISECONDS)
2022-01-02 13:17:28,935 [Listener at 127.0.0.1/11096] INFO  ozone.MiniOzoneClusterImpl (MiniOzoneClusterImpl.java:lambda$waitForClusterToBeReady$0(235)) - Waiting for nodes to be ready. Got 0 of 3 DN Heartbeats.
2022-01-02 13:17:28,936 [Listener at 127.0.0.1/11096] INFO  ozone.MiniOzoneClusterImpl (MiniOzoneClusterImpl.java:lambda$waitForClusterToBeReady$0(238)) - Waiting for cluster to exit safe mode
2022-01-02 13:17:28,936 [Listener at 127.0.0.1/11096] INFO  ozone.MiniOzoneClusterImpl (MiniOzoneClusterImpl.java:lambda$waitForClusterToBeReady$0(240)) - SCM became leader
2022-01-02 13:17:29,159 [EndpointStateMachine task thread for /127.0.0.1:14351 - 0 ] INFO  ozoneimpl.OzoneContainer (OzoneContainer.java:start(315)) - Attempting to start container services.
2022-01-02 13:17:29,160 [EndpointStateMachine task thread for /127.0.0.1:14351 - 0 ] INFO  ozoneimpl.OzoneContainer (OzoneContainer.java:startContainerScrub(250)) - Background container scanner has been disabled.
2022-01-02 13:17:29,160 [EndpointStateMachine task thread for /127.0.0.1:14351 - 0 ] INFO  replication.ReplicationServer (ReplicationServer.java:start(107)) - ReplicationServer is started using port 41835
2022-01-02 13:17:29,169 [EndpointStateMachine task thread for /127.0.0.1:14351 - 0 ] INFO  ratis.XceiverServerRatis (XceiverServerRatis.java:start(484)) - Starting XceiverServerRatis 07a6759e-563e-4423-80ed-ce00ebedab03
2022-01-02 13:17:29,170 [EndpointStateMachine task thread for /127.0.0.1:15005 - 0 ] INFO  ipc.Client (Client.java:handleConnectionFailure(977)) - Retrying connect to server: localhost/127.0.0.1:15005. Already tried 12 time(s); retry policy is RetryUpToMaximumCountWithFixedSleep(maxRetries=15, sleepTime=1000 MILLISECONDS)
2022-01-02 13:17:29,172 [EndpointStateMachine task thread for /127.0.0.1:14351 - 0 ] INFO  server.RaftServer (RaftServerProxy.java:lambda$start$5(374)) - 07a6759e-563e-4423-80ed-ce00ebedab03: start RPC server
2022-01-02 13:17:29,173 [EndpointStateMachine task thread for /127.0.0.1:14351 - 0 ] INFO  server.GrpcService (GrpcService.java:startImpl(253)) - 07a6759e-563e-4423-80ed-ce00ebedab03: GrpcService started, listening on 43531
2022-01-02 13:17:29,173 [EndpointStateMachine task thread for /127.0.0.1:14351 - 0 ] INFO  ratis.XceiverServerRatis (XceiverServerRatis.java:getRealPort(505)) - XceiverServerRatis 07a6759e-563e-4423-80ed-ce00ebedab03 is started using port 43531 for RATIS
2022-01-02 13:17:29,173 [EndpointStateMachine task thread for /127.0.0.1:14351 - 0 ] INFO  ratis.XceiverServerRatis (XceiverServerRatis.java:getRealPort(505)) - XceiverServerRatis 07a6759e-563e-4423-80ed-ce00ebedab03 is started using port 43531 for RATIS_ADMIN
2022-01-02 13:17:29,173 [EndpointStateMachine task thread for /127.0.0.1:14351 - 0 ] INFO  ratis.XceiverServerRatis (XceiverServerRatis.java:getRealPort(505)) - XceiverServerRatis 07a6759e-563e-4423-80ed-ce00ebedab03 is started using port 43531 for RATIS_SERVER
2022-01-02 13:17:29,173 [org.apache.ratis.util.JvmPauseMonitor$$Lambda$499/1697441364@446a48ab] INFO  util.JvmPauseMonitor (JvmPauseMonitor.java:run(103)) - JvmPauseMonitor-07a6759e-563e-4423-80ed-ce00ebedab03: Started
2022-01-02 13:17:29,174 [EndpointStateMachine task thread for /127.0.0.1:14995 - 0 ] INFO  ipc.Client (Client.java:handleConnectionFailure(977)) - Retrying connect to server: localhost/127.0.0.1:14995. Already tried 9 time(s); retry policy is RetryUpToMaximumCountWithFixedSleep(maxRetries=15, sleepTime=1000 MILLISECONDS)
2022-01-02 13:17:29,179 [EndpointStateMachine task thread for /127.0.0.1:14351 - 0 ] INFO  server.XceiverServerGrpc (XceiverServerGrpc.java:start(180)) - XceiverServerGrpc 07a6759e-563e-4423-80ed-ce00ebedab03 is started using port 35375
2022-01-02 13:17:29,182 [EndpointStateMachine task thread for /127.0.0.1:14341 - 0 ] INFO  ozoneimpl.OzoneContainer (OzoneContainer.java:start(311)) - Ignore. OzoneContainer already started.
2022-01-02 13:17:29,220 [EndpointStateMachine task thread for /127.0.0.1:14985 - 0 ] INFO  ipc.Client (Client.java:handleConnectionFailure(977)) - Retrying connect to server: localhost/127.0.0.1:14985. Already tried 12 time(s); retry policy is RetryUpToMaximumCountWithFixedSleep(maxRetries=15, sleepTime=1000 MILLISECONDS)
2022-01-02 13:17:29,536 [EndpointStateMachine task thread for /127.0.0.1:14351 - 0 ] INFO  ozoneimpl.OzoneContainer (OzoneContainer.java:start(315)) - Attempting to start container services.
2022-01-02 13:17:29,536 [EndpointStateMachine task thread for /127.0.0.1:14351 - 0 ] INFO  ozoneimpl.OzoneContainer (OzoneContainer.java:startContainerScrub(250)) - Background container scanner has been disabled.
2022-01-02 13:17:29,542 [EndpointStateMachine task thread for /127.0.0.1:14351 - 0 ] INFO  replication.ReplicationServer (ReplicationServer.java:start(107)) - ReplicationServer is started using port 39935
2022-01-02 13:17:29,543 [EndpointStateMachine task thread for /127.0.0.1:14351 - 0 ] INFO  ratis.XceiverServerRatis (XceiverServerRatis.java:start(484)) - Starting XceiverServerRatis 666cbc02-cfaa-4937-bb27-8c807157e922
2022-01-02 13:17:29,555 [EndpointStateMachine task thread for /127.0.0.1:14351 - 0 ] INFO  server.RaftServer (RaftServerProxy.java:lambda$start$5(374)) - 666cbc02-cfaa-4937-bb27-8c807157e922: start RPC server
2022-01-02 13:17:29,555 [EndpointStateMachine task thread for /127.0.0.1:14351 - 0 ] INFO  server.GrpcService (GrpcService.java:startImpl(253)) - 666cbc02-cfaa-4937-bb27-8c807157e922: GrpcService started, listening on 45001
2022-01-02 13:17:29,559 [EndpointStateMachine task thread for /127.0.0.1:14351 - 0 ] INFO  ratis.XceiverServerRatis (XceiverServerRatis.java:getRealPort(505)) - XceiverServerRatis 666cbc02-cfaa-4937-bb27-8c807157e922 is started using port 45001 for RATIS
2022-01-02 13:17:29,559 [EndpointStateMachine task thread for /127.0.0.1:14351 - 0 ] INFO  ratis.XceiverServerRatis (XceiverServerRatis.java:getRealPort(505)) - XceiverServerRatis 666cbc02-cfaa-4937-bb27-8c807157e922 is started using port 45001 for RATIS_ADMIN
2022-01-02 13:17:29,560 [EndpointStateMachine task thread for /127.0.0.1:14351 - 0 ] INFO  ratis.XceiverServerRatis (XceiverServerRatis.java:getRealPort(505)) - XceiverServerRatis 666cbc02-cfaa-4937-bb27-8c807157e922 is started using port 45001 for RATIS_SERVER
2022-01-02 13:17:29,560 [org.apache.ratis.util.JvmPauseMonitor$$Lambda$499/1697441364@1d75feb4] INFO  util.JvmPauseMonitor (JvmPauseMonitor.java:run(103)) - JvmPauseMonitor-666cbc02-cfaa-4937-bb27-8c807157e922: Started
2022-01-02 13:17:29,563 [EndpointStateMachine task thread for /127.0.0.1:14351 - 0 ] INFO  server.XceiverServerGrpc (XceiverServerGrpc.java:start(180)) - XceiverServerGrpc 666cbc02-cfaa-4937-bb27-8c807157e922 is started using port 45425
2022-01-02 13:17:29,565 [EndpointStateMachine task thread for /127.0.0.1:14341 - 0 ] INFO  ozoneimpl.OzoneContainer (OzoneContainer.java:start(311)) - Ignore. OzoneContainer already started.
2022-01-02 13:17:29,936 [Listener at 127.0.0.1/11096] INFO  ozone.MiniOzoneClusterImpl (MiniOzoneClusterImpl.java:lambda$waitForClusterToBeReady$0(235)) - Waiting for nodes to be ready. Got 0 of 3 DN Heartbeats.
2022-01-02 13:17:29,936 [Listener at 127.0.0.1/11096] INFO  ozone.MiniOzoneClusterImpl (MiniOzoneClusterImpl.java:lambda$waitForClusterToBeReady$0(238)) - Waiting for cluster to exit safe mode
2022-01-02 13:17:29,936 [Listener at 127.0.0.1/11096] INFO  ozone.MiniOzoneClusterImpl (MiniOzoneClusterImpl.java:lambda$waitForClusterToBeReady$0(240)) - SCM became leader
2022-01-02 13:17:30,010 [EndpointStateMachine task thread for /127.0.0.1:14351 - 0 ] INFO  ozoneimpl.OzoneContainer (OzoneContainer.java:start(315)) - Attempting to start container services.
2022-01-02 13:17:30,010 [EndpointStateMachine task thread for /127.0.0.1:14351 - 0 ] INFO  ozoneimpl.OzoneContainer (OzoneContainer.java:startContainerScrub(250)) - Background container scanner has been disabled.
2022-01-02 13:17:30,011 [EndpointStateMachine task thread for /127.0.0.1:14351 - 0 ] INFO  replication.ReplicationServer (ReplicationServer.java:start(107)) - ReplicationServer is started using port 46801
2022-01-02 13:17:30,014 [EndpointStateMachine task thread for /127.0.0.1:14351 - 0 ] INFO  ratis.XceiverServerRatis (XceiverServerRatis.java:start(484)) - Starting XceiverServerRatis 07c4551c-5eaf-48e0-b21d-d7eec408612b
2022-01-02 13:17:30,015 [EndpointStateMachine task thread for /127.0.0.1:14351 - 0 ] INFO  server.RaftServer (RaftServerProxy.java:lambda$start$5(374)) - 07c4551c-5eaf-48e0-b21d-d7eec408612b: start RPC server
2022-01-02 13:17:30,015 [EndpointStateMachine task thread for /127.0.0.1:14351 - 0 ] INFO  server.GrpcService (GrpcService.java:startImpl(253)) - 07c4551c-5eaf-48e0-b21d-d7eec408612b: GrpcService started, listening on 41023
2022-01-02 13:17:30,019 [EndpointStateMachine task thread for /127.0.0.1:14351 - 0 ] INFO  ratis.XceiverServerRatis (XceiverServerRatis.java:getRealPort(505)) - XceiverServerRatis 07c4551c-5eaf-48e0-b21d-d7eec408612b is started using port 41023 for RATIS
2022-01-02 13:17:30,019 [EndpointStateMachine task thread for /127.0.0.1:14351 - 0 ] INFO  ratis.XceiverServerRatis (XceiverServerRatis.java:getRealPort(505)) - XceiverServerRatis 07c4551c-5eaf-48e0-b21d-d7eec408612b is started using port 41023 for RATIS_ADMIN
2022-01-02 13:17:30,019 [EndpointStateMachine task thread for /127.0.0.1:14351 - 0 ] INFO  ratis.XceiverServerRatis (XceiverServerRatis.java:getRealPort(505)) - XceiverServerRatis 07c4551c-5eaf-48e0-b21d-d7eec408612b is started using port 41023 for RATIS_SERVER
2022-01-02 13:17:30,019 [org.apache.ratis.util.JvmPauseMonitor$$Lambda$499/1697441364@3ad5fd7d] INFO  util.JvmPauseMonitor (JvmPauseMonitor.java:run(103)) - JvmPauseMonitor-07c4551c-5eaf-48e0-b21d-d7eec408612b: Started
2022-01-02 13:17:30,032 [EndpointStateMachine task thread for /127.0.0.1:14351 - 0 ] INFO  server.XceiverServerGrpc (XceiverServerGrpc.java:start(180)) - XceiverServerGrpc 07c4551c-5eaf-48e0-b21d-d7eec408612b is started using port 34853
2022-01-02 13:17:30,039 [EndpointStateMachine task thread for /127.0.0.1:14341 - 0 ] INFO  ozoneimpl.OzoneContainer (OzoneContainer.java:start(311)) - Ignore. OzoneContainer already started.
2022-01-02 13:17:30,170 [EndpointStateMachine task thread for /127.0.0.1:15005 - 0 ] INFO  ipc.Client (Client.java:handleConnectionFailure(977)) - Retrying connect to server: localhost/127.0.0.1:15005. Already tried 13 time(s); retry policy is RetryUpToMaximumCountWithFixedSleep(maxRetries=15, sleepTime=1000 MILLISECONDS)
2022-01-02 13:17:30,175 [EndpointStateMachine task thread for /127.0.0.1:14995 - 0 ] INFO  ipc.Client (Client.java:handleConnectionFailure(977)) - Retrying connect to server: localhost/127.0.0.1:14995. Already tried 10 time(s); retry policy is RetryUpToMaximumCountWithFixedSleep(maxRetries=15, sleepTime=1000 MILLISECONDS)
2022-01-02 13:17:30,221 [EndpointStateMachine task thread for /127.0.0.1:14985 - 0 ] INFO  ipc.Client (Client.java:handleConnectionFailure(977)) - Retrying connect to server: localhost/127.0.0.1:14985. Already tried 13 time(s); retry policy is RetryUpToMaximumCountWithFixedSleep(maxRetries=15, sleepTime=1000 MILLISECONDS)
2022-01-02 13:17:30,937 [Listener at 127.0.0.1/11096] INFO  ozone.MiniOzoneClusterImpl (MiniOzoneClusterImpl.java:lambda$waitForClusterToBeReady$0(235)) - Waiting for nodes to be ready. Got 0 of 3 DN Heartbeats.
2022-01-02 13:17:30,937 [Listener at 127.0.0.1/11096] INFO  ozone.MiniOzoneClusterImpl (MiniOzoneClusterImpl.java:lambda$waitForClusterToBeReady$0(238)) - Waiting for cluster to exit safe mode
2022-01-02 13:17:30,937 [Listener at 127.0.0.1/11096] INFO  ozone.MiniOzoneClusterImpl (MiniOzoneClusterImpl.java:lambda$waitForClusterToBeReady$0(240)) - SCM became leader
2022-01-02 13:17:31,137 [IPC Server handler 2 on default port 14351] INFO  net.NetworkTopologyImpl (NetworkTopologyImpl.java:add(112)) - Added a new node: /default-rack/07a6759e-563e-4423-80ed-ce00ebedab03
2022-01-02 13:17:31,139 [IPC Server handler 2 on default port 14351] INFO  node.SCMNodeManager (SCMNodeManager.java:register(389)) - Registered Data node : 07a6759e-563e-4423-80ed-ce00ebedab03{ip: 127.0.0.1, host: localhost, ports: [REPLICATION=41835, RATIS=43531, RATIS_ADMIN=43531, RATIS_SERVER=43531, STANDALONE=35375], networkLocation: /default-rack, certSerialId: null, persistedOpState: null, persistedOpStateExpiryEpochSec: 0}
2022-01-02 13:17:31,138 [IPC Server handler 14 on default port 14341] INFO  net.NetworkTopologyImpl (NetworkTopologyImpl.java:add(112)) - Added a new node: /default-rack/07a6759e-563e-4423-80ed-ce00ebedab03
2022-01-02 13:17:31,146 [EventQueue-NodeRegistrationContainerReportForContainerSafeModeRule] INFO  safemode.SCMSafeModeManager (SCMSafeModeManager.java:validateSafeModeExitRules(204)) - ContainerSafeModeRule rule is successfully validated
2022-01-02 13:17:31,146 [EventQueue-NewNodeForNewNodeHandler] INFO  pipeline.BackgroundPipelineCreator (BackgroundPipelineCreator.java:notifyEventTriggered(279)) - ignore, not leader SCM.
2022-01-02 13:17:31,141 [EventQueue-NodeRegistrationContainerReportForDataNodeSafeModeRule] INFO  safemode.SCMSafeModeManager (DataNodeSafeModeRule.java:process(71)) - SCM in safe mode. 1 DataNodes registered, 3 required.
2022-01-02 13:17:31,147 [EventQueue-PipelineReportForOneReplicaPipelineSafeModeRule] INFO  safemode.SCMSafeModeManager (SCMSafeModeManager.java:validateSafeModeExitRules(204)) - AtleastOneDatanodeReportedRule rule is successfully validated
2022-01-02 13:17:31,147 [IPC Server handler 14 on default port 14341] INFO  node.SCMNodeManager (SCMNodeManager.java:register(389)) - Registered Data node : 07a6759e-563e-4423-80ed-ce00ebedab03{ip: 127.0.0.1, host: localhost, ports: [REPLICATION=41835, RATIS=43531, RATIS_ADMIN=43531, RATIS_SERVER=43531, STANDALONE=35375], networkLocation: /default-rack, certSerialId: null, persistedOpState: null, persistedOpStateExpiryEpochSec: 0}
2022-01-02 13:17:31,153 [EventQueue-NewNodeForNewNodeHandler] INFO  pipeline.BackgroundPipelineCreator (BackgroundPipelineCreator.java:notifyEventTriggered(285)) - trigger a one-shot run on RatisPipelineUtilsThread.
2022-01-02 13:17:31,169 [EventQueue-NodeRegistrationContainerReportForDataNodeSafeModeRule] INFO  safemode.SCMSafeModeManager (DataNodeSafeModeRule.java:process(71)) - SCM in safe mode. 1 DataNodes registered, 3 required.
2022-01-02 13:17:31,158 [RatisPipelineUtilsThread - 0] INFO  pipeline.RatisPipelineProvider (RatisPipelineProvider.java:lambda$create$0(183)) - Sending CreatePipelineCommand for pipeline:PipelineID=b8e42c0e-66a1-4219-86ea-6e4b320a0eb5 to datanode:07a6759e-563e-4423-80ed-ce00ebedab03
2022-01-02 13:17:31,173 [EventQueue-NodeRegistrationContainerReportForContainerSafeModeRule] INFO  safemode.SCMSafeModeManager (SCMSafeModeManager.java:validateSafeModeExitRules(204)) - ContainerSafeModeRule rule is successfully validated
2022-01-02 13:17:31,175 [EndpointStateMachine task thread for /127.0.0.1:14995 - 0 ] INFO  ipc.Client (Client.java:handleConnectionFailure(977)) - Retrying connect to server: localhost/127.0.0.1:14995. Already tried 11 time(s); retry policy is RetryUpToMaximumCountWithFixedSleep(maxRetries=15, sleepTime=1000 MILLISECONDS)
2022-01-02 13:17:31,181 [EndpointStateMachine task thread for /127.0.0.1:15005 - 0 ] INFO  ipc.Client (Client.java:handleConnectionFailure(977)) - Retrying connect to server: localhost/127.0.0.1:15005. Already tried 14 time(s); retry policy is RetryUpToMaximumCountWithFixedSleep(maxRetries=15, sleepTime=1000 MILLISECONDS)
2022-01-02 13:17:31,186 [EventQueue-PipelineReportForOneReplicaPipelineSafeModeRule] INFO  safemode.SCMSafeModeManager (SCMSafeModeManager.java:validateSafeModeExitRules(204)) - AtleastOneDatanodeReportedRule rule is successfully validated
2022-01-02 13:17:31,212 [5af0e6f8-e325-4784-8af8-34780179857f@group-5D8EB23EFD07-StateMachineUpdater] INFO  pipeline.PipelineStateManagerImpl (PipelineStateManagerImpl.java:addPipeline(101)) - Created pipeline Pipeline[ Id: b8e42c0e-66a1-4219-86ea-6e4b320a0eb5, Nodes: 07a6759e-563e-4423-80ed-ce00ebedab03{ip: 127.0.0.1, host: localhost, ports: [REPLICATION=41835, RATIS=43531, RATIS_ADMIN=43531, RATIS_SERVER=43531, STANDALONE=35375], networkLocation: /default-rack, certSerialId: null, persistedOpState: IN_SERVICE, persistedOpStateExpiryEpochSec: 0}, ReplicationConfig: RATIS/ONE, State:ALLOCATED, leaderId:, CreationTimestamp2022-01-02T13:17:31.158Z[Etc/UTC]].
2022-01-02 13:17:31,212 [5af0e6f8-e325-4784-8af8-34780179857f@group-5D8EB23EFD07-StateMachineUpdater] INFO  safemode.HealthyPipelineSafeModeRule (HealthyPipelineSafeModeRule.java:initializeRule(152)) - Refreshed total pipeline count is 0, healthy pipeline threshold count is 1
2022-01-02 13:17:31,213 [RatisPipelineUtilsThread - 0] INFO  ha.SCMHAInvocationHandler (SCMHAInvocationHandler.java:invokeRatis(113)) - Invoking method public abstract void org.apache.hadoop.hdds.scm.pipeline.PipelineStateManager.addPipeline(org.apache.hadoop.hdds.protocol.proto.HddsProtos$Pipeline) throws java.io.IOException on target org.apache.hadoop.hdds.scm.ha.SCMRatisServerImpl@3310a7ca, cost 40476.322us
2022-01-02 13:17:31,216 [3a1420a4-9adf-490e-ae7f-206b4dea1794@group-5D8EB23EFD07-StateMachineUpdater] INFO  pipeline.PipelineStateManagerImpl (PipelineStateManagerImpl.java:addPipeline(101)) - Created pipeline Pipeline[ Id: b8e42c0e-66a1-4219-86ea-6e4b320a0eb5, Nodes: 07a6759e-563e-4423-80ed-ce00ebedab03{ip: 127.0.0.1, host: localhost, ports: [REPLICATION=41835, RATIS=43531, RATIS_ADMIN=43531, RATIS_SERVER=43531, STANDALONE=35375], networkLocation: /default-rack, certSerialId: null, persistedOpState: IN_SERVICE, persistedOpStateExpiryEpochSec: 0}, ReplicationConfig: RATIS/ONE, State:ALLOCATED, leaderId:, CreationTimestamp2022-01-02T13:17:31.158Z[Etc/UTC]].
2022-01-02 13:17:31,216 [3a1420a4-9adf-490e-ae7f-206b4dea1794@group-5D8EB23EFD07-StateMachineUpdater] INFO  safemode.HealthyPipelineSafeModeRule (HealthyPipelineSafeModeRule.java:initializeRule(152)) - Refreshed total pipeline count is 0, healthy pipeline threshold count is 1
2022-01-02 13:17:31,216 [3a1420a4-9adf-490e-ae7f-206b4dea1794@group-5D8EB23EFD07-StateMachineUpdater] INFO  ha.SCMStateMachine (SCMStateMachine.java:takeSnapshot(297)) - Current Snapshot Index 7, takeSnapshot took 0 ms
2022-01-02 13:17:31,217 [3a1420a4-9adf-490e-ae7f-206b4dea1794@group-5D8EB23EFD07-StateMachineUpdater] INFO  impl.StateMachineUpdater (StateMachineUpdater.java:takeSnapshot(281)) - 3a1420a4-9adf-490e-ae7f-206b4dea1794@group-5D8EB23EFD07-StateMachineUpdater: Took a snapshot at index 7
2022-01-02 13:17:31,217 [3a1420a4-9adf-490e-ae7f-206b4dea1794@group-5D8EB23EFD07-StateMachineUpdater] INFO  impl.StateMachineUpdater (StateMachineUpdater.java:lambda$new$0(89)) - 3a1420a4-9adf-490e-ae7f-206b4dea1794@group-5D8EB23EFD07-StateMachineUpdater: snapshotIndex: updateIncreasingly 2 -> 7
2022-01-02 13:17:31,217 [3a1420a4-9adf-490e-ae7f-206b4dea1794@group-5D8EB23EFD07-StateMachineUpdater] INFO  raftlog.RaftLog (RaftLogBase.java:purge(306)) - 3a1420a4-9adf-490e-ae7f-206b4dea1794@group-5D8EB23EFD07-SegmentedRaftLog: purge 7
2022-01-02 13:17:31,217 [3a1420a4-9adf-490e-ae7f-206b4dea1794@group-5D8EB23EFD07-StateMachineUpdater] INFO  raftlog.RaftLog (RaftLogBase.java:lambda$new$0(53)) - 3a1420a4-9adf-490e-ae7f-206b4dea1794@group-5D8EB23EFD07-SegmentedRaftLog: snapshotIndex: updateIncreasingly 2 -> 7
2022-01-02 13:17:31,217 [3a1420a4-9adf-490e-ae7f-206b4dea1794@group-5D8EB23EFD07-StateMachineUpdater] INFO  raftlog.RaftLog (RaftLogBase.java:lambda$new$0(53)) - 3a1420a4-9adf-490e-ae7f-206b4dea1794@group-5D8EB23EFD07-SegmentedRaftLog: purgeIndex: updateToMax old=-1, new=7, updated? true
2022-01-02 13:17:31,221 [EndpointStateMachine task thread for /127.0.0.1:14985 - 0 ] INFO  ipc.Client (Client.java:handleConnectionFailure(977)) - Retrying connect to server: localhost/127.0.0.1:14985. Already tried 14 time(s); retry policy is RetryUpToMaximumCountWithFixedSleep(maxRetries=15, sleepTime=1000 MILLISECONDS)
2022-01-02 13:17:31,538 [IPC Server handler 19 on default port 14341] INFO  net.NetworkTopologyImpl (NetworkTopologyImpl.java:add(112)) - Added a new node: /default-rack/666cbc02-cfaa-4937-bb27-8c807157e922
2022-01-02 13:17:31,538 [IPC Server handler 19 on default port 14341] INFO  node.SCMNodeManager (SCMNodeManager.java:register(389)) - Registered Data node : 666cbc02-cfaa-4937-bb27-8c807157e922{ip: 127.0.0.1, host: localhost, ports: [REPLICATION=39935, RATIS=45001, RATIS_ADMIN=45001, RATIS_SERVER=45001, STANDALONE=45425], networkLocation: /default-rack, certSerialId: null, persistedOpState: null, persistedOpStateExpiryEpochSec: 0}
2022-01-02 13:17:31,538 [EventQueue-NewNodeForNewNodeHandler] INFO  pipeline.BackgroundPipelineCreator (BackgroundPipelineCreator.java:notifyEventTriggered(285)) - trigger a one-shot run on RatisPipelineUtilsThread.
2022-01-02 13:17:31,544 [EventQueue-NodeRegistrationContainerReportForDataNodeSafeModeRule] INFO  safemode.SCMSafeModeManager (DataNodeSafeModeRule.java:process(71)) - SCM in safe mode. 2 DataNodes registered, 3 required.
2022-01-02 13:17:31,545 [IPC Server handler 0 on default port 14351] INFO  net.NetworkTopologyImpl (NetworkTopologyImpl.java:add(112)) - Added a new node: /default-rack/666cbc02-cfaa-4937-bb27-8c807157e922
2022-01-02 13:17:31,545 [IPC Server handler 0 on default port 14351] INFO  node.SCMNodeManager (SCMNodeManager.java:register(389)) - Registered Data node : 666cbc02-cfaa-4937-bb27-8c807157e922{ip: 127.0.0.1, host: localhost, ports: [REPLICATION=39935, RATIS=45001, RATIS_ADMIN=45001, RATIS_SERVER=45001, STANDALONE=45425], networkLocation: /default-rack, certSerialId: null, persistedOpState: null, persistedOpStateExpiryEpochSec: 0}
2022-01-02 13:17:31,545 [EventQueue-NewNodeForNewNodeHandler] INFO  pipeline.BackgroundPipelineCreator (BackgroundPipelineCreator.java:notifyEventTriggered(279)) - ignore, not leader SCM.
2022-01-02 13:17:31,549 [EventQueue-NodeRegistrationContainerReportForDataNodeSafeModeRule] INFO  safemode.SCMSafeModeManager (DataNodeSafeModeRule.java:process(71)) - SCM in safe mode. 2 DataNodes registered, 3 required.
2022-01-02 13:17:31,550 [RatisPipelineUtilsThread - 0] INFO  pipeline.RatisPipelineProvider (RatisPipelineProvider.java:lambda$create$0(183)) - Sending CreatePipelineCommand for pipeline:PipelineID=bc23da92-7217-49a3-b3a4-5b691c38ec53 to datanode:666cbc02-cfaa-4937-bb27-8c807157e922
2022-01-02 13:17:31,558 [5af0e6f8-e325-4784-8af8-34780179857f@group-5D8EB23EFD07-StateMachineUpdater] INFO  pipeline.PipelineStateManagerImpl (PipelineStateManagerImpl.java:addPipeline(101)) - Created pipeline Pipeline[ Id: bc23da92-7217-49a3-b3a4-5b691c38ec53, Nodes: 666cbc02-cfaa-4937-bb27-8c807157e922{ip: 127.0.0.1, host: localhost, ports: [REPLICATION=39935, RATIS=45001, RATIS_ADMIN=45001, RATIS_SERVER=45001, STANDALONE=45425], networkLocation: /default-rack, certSerialId: null, persistedOpState: IN_SERVICE, persistedOpStateExpiryEpochSec: 0}, ReplicationConfig: RATIS/ONE, State:ALLOCATED, leaderId:, CreationTimestamp2022-01-02T13:17:31.550Z[Etc/UTC]].
2022-01-02 13:17:31,558 [5af0e6f8-e325-4784-8af8-34780179857f@group-5D8EB23EFD07-StateMachineUpdater] INFO  safemode.HealthyPipelineSafeModeRule (HealthyPipelineSafeModeRule.java:initializeRule(152)) - Refreshed total pipeline count is 0, healthy pipeline threshold count is 1
2022-01-02 13:17:31,559 [RatisPipelineUtilsThread - 0] INFO  ha.SCMHAInvocationHandler (SCMHAInvocationHandler.java:invokeRatis(113)) - Invoking method public abstract void org.apache.hadoop.hdds.scm.pipeline.PipelineStateManager.addPipeline(org.apache.hadoop.hdds.protocol.proto.HddsProtos$Pipeline) throws java.io.IOException on target org.apache.hadoop.hdds.scm.ha.SCMRatisServerImpl@3310a7ca, cost 8279.787us
2022-01-02 13:17:31,566 [3a1420a4-9adf-490e-ae7f-206b4dea1794@group-5D8EB23EFD07-StateMachineUpdater] INFO  pipeline.PipelineStateManagerImpl (PipelineStateManagerImpl.java:addPipeline(101)) - Created pipeline Pipeline[ Id: bc23da92-7217-49a3-b3a4-5b691c38ec53, Nodes: 666cbc02-cfaa-4937-bb27-8c807157e922{ip: 127.0.0.1, host: localhost, ports: [REPLICATION=39935, RATIS=45001, RATIS_ADMIN=45001, RATIS_SERVER=45001, STANDALONE=45425], networkLocation: /default-rack, certSerialId: null, persistedOpState: IN_SERVICE, persistedOpStateExpiryEpochSec: 0}, ReplicationConfig: RATIS/ONE, State:ALLOCATED, leaderId:, CreationTimestamp2022-01-02T13:17:31.550Z[Etc/UTC]].
2022-01-02 13:17:31,566 [3a1420a4-9adf-490e-ae7f-206b4dea1794@group-5D8EB23EFD07-StateMachineUpdater] INFO  safemode.HealthyPipelineSafeModeRule (HealthyPipelineSafeModeRule.java:initializeRule(152)) - Refreshed total pipeline count is 0, healthy pipeline threshold count is 1
2022-01-02 13:17:31,567 [5af0e6f8-e325-4784-8af8-34780179857f@group-5D8EB23EFD07-StateMachineUpdater] INFO  ha.SCMStateMachine (SCMStateMachine.java:takeSnapshot(297)) - Current Snapshot Index 10, takeSnapshot took 0 ms
2022-01-02 13:17:31,567 [5af0e6f8-e325-4784-8af8-34780179857f@group-5D8EB23EFD07-StateMachineUpdater] INFO  impl.StateMachineUpdater (StateMachineUpdater.java:takeSnapshot(281)) - 5af0e6f8-e325-4784-8af8-34780179857f@group-5D8EB23EFD07-StateMachineUpdater: Took a snapshot at index 10
2022-01-02 13:17:31,567 [5af0e6f8-e325-4784-8af8-34780179857f@group-5D8EB23EFD07-StateMachineUpdater] INFO  impl.StateMachineUpdater (StateMachineUpdater.java:lambda$new$0(89)) - 5af0e6f8-e325-4784-8af8-34780179857f@group-5D8EB23EFD07-StateMachineUpdater: snapshotIndex: updateIncreasingly 5 -> 10
2022-01-02 13:17:31,567 [5af0e6f8-e325-4784-8af8-34780179857f@group-5D8EB23EFD07-StateMachineUpdater] INFO  raftlog.RaftLog (RaftLogBase.java:purge(306)) - 5af0e6f8-e325-4784-8af8-34780179857f@group-5D8EB23EFD07-SegmentedRaftLog: purge 10
2022-01-02 13:17:31,567 [5af0e6f8-e325-4784-8af8-34780179857f@group-5D8EB23EFD07-StateMachineUpdater] INFO  raftlog.RaftLog (RaftLogBase.java:lambda$new$0(53)) - 5af0e6f8-e325-4784-8af8-34780179857f@group-5D8EB23EFD07-SegmentedRaftLog: snapshotIndex: updateIncreasingly 5 -> 10
2022-01-02 13:17:31,567 [5af0e6f8-e325-4784-8af8-34780179857f@group-5D8EB23EFD07-StateMachineUpdater] INFO  raftlog.RaftLog (RaftLogBase.java:lambda$new$0(53)) - 5af0e6f8-e325-4784-8af8-34780179857f@group-5D8EB23EFD07-SegmentedRaftLog: purgeIndex: updateToMax old=0, new=10, updated? true
2022-01-02 13:17:31,937 [Listener at 127.0.0.1/11096] INFO  ozone.MiniOzoneClusterImpl (MiniOzoneClusterImpl.java:lambda$waitForClusterToBeReady$0(235)) - Waiting for nodes to be ready. Got 2 of 3 DN Heartbeats.
2022-01-02 13:17:31,938 [Listener at 127.0.0.1/11096] INFO  ozone.MiniOzoneClusterImpl (MiniOzoneClusterImpl.java:lambda$waitForClusterToBeReady$0(238)) - Waiting for cluster to exit safe mode
2022-01-02 13:17:31,938 [Listener at 127.0.0.1/11096] INFO  ozone.MiniOzoneClusterImpl (MiniOzoneClusterImpl.java:lambda$waitForClusterToBeReady$0(240)) - SCM became leader
2022-01-02 13:17:31,991 [IPC Server handler 1 on default port 14351] INFO  net.NetworkTopologyImpl (NetworkTopologyImpl.java:add(112)) - Added a new node: /default-rack/07c4551c-5eaf-48e0-b21d-d7eec408612b
2022-01-02 13:17:31,991 [IPC Server handler 1 on default port 14351] INFO  node.SCMNodeManager (SCMNodeManager.java:register(389)) - Registered Data node : 07c4551c-5eaf-48e0-b21d-d7eec408612b{ip: 127.0.0.1, host: localhost, ports: [REPLICATION=46801, RATIS=41023, RATIS_ADMIN=41023, RATIS_SERVER=41023, STANDALONE=34853], networkLocation: /default-rack, certSerialId: null, persistedOpState: null, persistedOpStateExpiryEpochSec: 0}
2022-01-02 13:17:31,991 [IPC Server handler 57 on default port 14341] INFO  net.NetworkTopologyImpl (NetworkTopologyImpl.java:add(112)) - Added a new node: /default-rack/07c4551c-5eaf-48e0-b21d-d7eec408612b
2022-01-02 13:17:31,992 [IPC Server handler 57 on default port 14341] INFO  node.SCMNodeManager (SCMNodeManager.java:register(389)) - Registered Data node : 07c4551c-5eaf-48e0-b21d-d7eec408612b{ip: 127.0.0.1, host: localhost, ports: [REPLICATION=46801, RATIS=41023, RATIS_ADMIN=41023, RATIS_SERVER=41023, STANDALONE=34853], networkLocation: /default-rack, certSerialId: null, persistedOpState: null, persistedOpStateExpiryEpochSec: 0}
2022-01-02 13:17:31,992 [EventQueue-NewNodeForNewNodeHandler] INFO  pipeline.BackgroundPipelineCreator (BackgroundPipelineCreator.java:notifyEventTriggered(279)) - ignore, not leader SCM.
2022-01-02 13:17:31,992 [EventQueue-NewNodeForNewNodeHandler] INFO  pipeline.BackgroundPipelineCreator (BackgroundPipelineCreator.java:notifyEventTriggered(285)) - trigger a one-shot run on RatisPipelineUtilsThread.
2022-01-02 13:17:31,992 [RatisPipelineUtilsThread - 0] INFO  pipeline.RatisPipelineProvider (RatisPipelineProvider.java:lambda$create$0(183)) - Sending CreatePipelineCommand for pipeline:PipelineID=727bad7e-590b-43b2-a04d-6aa82452e0e3 to datanode:07c4551c-5eaf-48e0-b21d-d7eec408612b
2022-01-02 13:17:31,998 [EventQueue-NodeRegistrationContainerReportForDataNodeSafeModeRule] INFO  safemode.SCMSafeModeManager (DataNodeSafeModeRule.java:process(71)) - SCM in safe mode. 3 DataNodes registered, 3 required.
2022-01-02 13:17:31,998 [EventQueue-NodeRegistrationContainerReportForDataNodeSafeModeRule] INFO  safemode.SCMSafeModeManager (SCMSafeModeManager.java:validateSafeModeExitRules(204)) - DataNodeSafeModeRule rule is successfully validated
2022-01-02 13:17:31,999 [EventQueue-NodeRegistrationContainerReportForDataNodeSafeModeRule] INFO  safemode.SCMSafeModeManager (SCMSafeModeManager.java:completePreCheck(233)) - All SCM safe mode pre check rules have passed
2022-01-02 13:17:31,999 [EventQueue-NodeRegistrationContainerReportForDataNodeSafeModeRule] WARN  events.EventQueue (EventQueue.java:fireEvent(194)) - No event handler registered for event TypedEvent{payloadType=SafeModeStatus, name='Safe mode status'}
2022-01-02 13:17:31,999 [EventQueue-NodeRegistrationContainerReportForDataNodeSafeModeRule] INFO  ha.SCMContext (SCMContext.java:updateSafeModeStatus(211)) - Update SafeModeStatus from SafeModeStatus{safeModeStatus=true, preCheckPassed=false} to SafeModeStatus{safeModeStatus=true, preCheckPassed=true}.
2022-01-02 13:17:31,999 [EventQueue-NodeRegistrationContainerReportForDataNodeSafeModeRule] INFO  pipeline.BackgroundPipelineCreator (BackgroundPipelineCreator.java:notifyEventTriggered(279)) - ignore, not leader SCM.
2022-01-02 13:17:32,001 [5af0e6f8-e325-4784-8af8-34780179857f@group-5D8EB23EFD07-StateMachineUpdater] INFO  pipeline.PipelineStateManagerImpl (PipelineStateManagerImpl.java:addPipeline(101)) - Created pipeline Pipeline[ Id: 727bad7e-590b-43b2-a04d-6aa82452e0e3, Nodes: 07c4551c-5eaf-48e0-b21d-d7eec408612b{ip: 127.0.0.1, host: localhost, ports: [REPLICATION=46801, RATIS=41023, RATIS_ADMIN=41023, RATIS_SERVER=41023, STANDALONE=34853], networkLocation: /default-rack, certSerialId: null, persistedOpState: IN_SERVICE, persistedOpStateExpiryEpochSec: 0}, ReplicationConfig: RATIS/ONE, State:ALLOCATED, leaderId:, CreationTimestamp2022-01-02T13:17:31.992Z[Etc/UTC]].
2022-01-02 13:17:32,001 [5af0e6f8-e325-4784-8af8-34780179857f@group-5D8EB23EFD07-StateMachineUpdater] INFO  safemode.HealthyPipelineSafeModeRule (HealthyPipelineSafeModeRule.java:initializeRule(152)) - Refreshed total pipeline count is 0, healthy pipeline threshold count is 1
2022-01-02 13:17:32,002 [RatisPipelineUtilsThread - 0] INFO  ha.SCMHAInvocationHandler (SCMHAInvocationHandler.java:invokeRatis(113)) - Invoking method public abstract void org.apache.hadoop.hdds.scm.pipeline.PipelineStateManager.addPipeline(org.apache.hadoop.hdds.protocol.proto.HddsProtos$Pipeline) throws java.io.IOException on target org.apache.hadoop.hdds.scm.ha.SCMRatisServerImpl@3310a7ca, cost 9724.002us
2022-01-02 13:17:32,010 [EventQueue-NodeRegistrationContainerReportForDataNodeSafeModeRule] INFO  safemode.SCMSafeModeManager (DataNodeSafeModeRule.java:process(71)) - SCM in safe mode. 3 DataNodes registered, 3 required.
2022-01-02 13:17:32,010 [EventQueue-NodeRegistrationContainerReportForDataNodeSafeModeRule] INFO  safemode.SCMSafeModeManager (SCMSafeModeManager.java:validateSafeModeExitRules(204)) - DataNodeSafeModeRule rule is successfully validated
2022-01-02 13:17:32,010 [EventQueue-NodeRegistrationContainerReportForDataNodeSafeModeRule] INFO  safemode.SCMSafeModeManager (SCMSafeModeManager.java:completePreCheck(233)) - All SCM safe mode pre check rules have passed
2022-01-02 13:17:32,010 [EventQueue-NodeRegistrationContainerReportForDataNodeSafeModeRule] WARN  events.EventQueue (EventQueue.java:fireEvent(194)) - No event handler registered for event TypedEvent{payloadType=SafeModeStatus, name='Safe mode status'}
2022-01-02 13:17:32,010 [EventQueue-NodeRegistrationContainerReportForDataNodeSafeModeRule] INFO  ha.SCMContext (SCMContext.java:updateSafeModeStatus(211)) - Update SafeModeStatus from SafeModeStatus{safeModeStatus=true, preCheckPassed=false} to SafeModeStatus{safeModeStatus=true, preCheckPassed=true}.
2022-01-02 13:17:32,010 [EventQueue-NodeRegistrationContainerReportForDataNodeSafeModeRule] INFO  pipeline.BackgroundPipelineCreator (BackgroundPipelineCreator.java:notifyEventTriggered(285)) - trigger a one-shot run on RatisPipelineUtilsThread.
2022-01-02 13:17:32,010 [RatisPipelineUtilsThread - 0] INFO  pipeline.RatisPipelineProvider (RatisPipelineProvider.java:lambda$create$0(183)) - Sending CreatePipelineCommand for pipeline:PipelineID=31dd3078-2fb2-42a8-b0c9-d8195c25e6f5 to datanode:07c4551c-5eaf-48e0-b21d-d7eec408612b
2022-01-02 13:17:32,011 [RatisPipelineUtilsThread - 0] INFO  pipeline.RatisPipelineProvider (RatisPipelineProvider.java:lambda$create$0(183)) - Sending CreatePipelineCommand for pipeline:PipelineID=31dd3078-2fb2-42a8-b0c9-d8195c25e6f5 to datanode:666cbc02-cfaa-4937-bb27-8c807157e922
2022-01-02 13:17:32,011 [RatisPipelineUtilsThread - 0] INFO  pipeline.RatisPipelineProvider (RatisPipelineProvider.java:lambda$create$0(183)) - Sending CreatePipelineCommand for pipeline:PipelineID=31dd3078-2fb2-42a8-b0c9-d8195c25e6f5 to datanode:07a6759e-563e-4423-80ed-ce00ebedab03
2022-01-02 13:17:32,022 [3a1420a4-9adf-490e-ae7f-206b4dea1794@group-5D8EB23EFD07-StateMachineUpdater] INFO  pipeline.PipelineStateManagerImpl (PipelineStateManagerImpl.java:addPipeline(101)) - Created pipeline Pipeline[ Id: 727bad7e-590b-43b2-a04d-6aa82452e0e3, Nodes: 07c4551c-5eaf-48e0-b21d-d7eec408612b{ip: 127.0.0.1, host: localhost, ports: [REPLICATION=46801, RATIS=41023, RATIS_ADMIN=41023, RATIS_SERVER=41023, STANDALONE=34853], networkLocation: /default-rack, certSerialId: null, persistedOpState: IN_SERVICE, persistedOpStateExpiryEpochSec: 0}, ReplicationConfig: RATIS/ONE, State:ALLOCATED, leaderId:, CreationTimestamp2022-01-02T13:17:31.992Z[Etc/UTC]].
2022-01-02 13:17:32,022 [3a1420a4-9adf-490e-ae7f-206b4dea1794@group-5D8EB23EFD07-StateMachineUpdater] INFO  safemode.HealthyPipelineSafeModeRule (HealthyPipelineSafeModeRule.java:initializeRule(152)) - Refreshed total pipeline count is 0, healthy pipeline threshold count is 1
2022-01-02 13:17:32,034 [5af0e6f8-e325-4784-8af8-34780179857f@group-5D8EB23EFD07-StateMachineUpdater] INFO  pipeline.PipelineStateManagerImpl (PipelineStateManagerImpl.java:addPipeline(101)) - Created pipeline Pipeline[ Id: 31dd3078-2fb2-42a8-b0c9-d8195c25e6f5, Nodes: 07c4551c-5eaf-48e0-b21d-d7eec408612b{ip: 127.0.0.1, host: localhost, ports: [REPLICATION=46801, RATIS=41023, RATIS_ADMIN=41023, RATIS_SERVER=41023, STANDALONE=34853], networkLocation: /default-rack, certSerialId: null, persistedOpState: IN_SERVICE, persistedOpStateExpiryEpochSec: 0}666cbc02-cfaa-4937-bb27-8c807157e922{ip: 127.0.0.1, host: localhost, ports: [REPLICATION=39935, RATIS=45001, RATIS_ADMIN=45001, RATIS_SERVER=45001, STANDALONE=45425], networkLocation: /default-rack, certSerialId: null, persistedOpState: IN_SERVICE, persistedOpStateExpiryEpochSec: 0}07a6759e-563e-4423-80ed-ce00ebedab03{ip: 127.0.0.1, host: localhost, ports: [REPLICATION=41835, RATIS=43531, RATIS_ADMIN=43531, RATIS_SERVER=43531, STANDALONE=35375], networkLocation: /default-rack, certSerialId: null, persistedOpState: IN_SERVICE, persistedOpStateExpiryEpochSec: 0}, ReplicationConfig: RATIS/THREE, State:ALLOCATED, leaderId:, CreationTimestamp2022-01-02T13:17:32.010Z[Etc/UTC]].
2022-01-02 13:17:32,034 [5af0e6f8-e325-4784-8af8-34780179857f@group-5D8EB23EFD07-StateMachineUpdater] INFO  safemode.HealthyPipelineSafeModeRule (HealthyPipelineSafeModeRule.java:initializeRule(152)) - Refreshed total pipeline count is 0, healthy pipeline threshold count is 1
2022-01-02 13:17:32,035 [RatisPipelineUtilsThread - 0] INFO  ha.SCMHAInvocationHandler (SCMHAInvocationHandler.java:invokeRatis(113)) - Invoking method public abstract void org.apache.hadoop.hdds.scm.pipeline.PipelineStateManager.addPipeline(org.apache.hadoop.hdds.protocol.proto.HddsProtos$Pipeline) throws java.io.IOException on target org.apache.hadoop.hdds.scm.ha.SCMRatisServerImpl@3310a7ca, cost 24664.757us
2022-01-02 13:17:32,036 [RatisPipelineUtilsThread - 0] INFO  pipeline.RatisPipelineProvider (RatisPipelineProvider.java:lambda$create$0(183)) - Sending CreatePipelineCommand for pipeline:PipelineID=b207d06a-988f-4864-b344-fcc823d1752e to datanode:07c4551c-5eaf-48e0-b21d-d7eec408612b
2022-01-02 13:17:32,036 [RatisPipelineUtilsThread - 0] INFO  pipeline.RatisPipelineProvider (RatisPipelineProvider.java:lambda$create$0(183)) - Sending CreatePipelineCommand for pipeline:PipelineID=b207d06a-988f-4864-b344-fcc823d1752e to datanode:07a6759e-563e-4423-80ed-ce00ebedab03
2022-01-02 13:17:32,036 [RatisPipelineUtilsThread - 0] INFO  pipeline.RatisPipelineProvider (RatisPipelineProvider.java:lambda$create$0(183)) - Sending CreatePipelineCommand for pipeline:PipelineID=b207d06a-988f-4864-b344-fcc823d1752e to datanode:666cbc02-cfaa-4937-bb27-8c807157e922
2022-01-02 13:17:32,039 [3a1420a4-9adf-490e-ae7f-206b4dea1794@group-5D8EB23EFD07-StateMachineUpdater] INFO  pipeline.PipelineStateManagerImpl (PipelineStateManagerImpl.java:addPipeline(101)) - Created pipeline Pipeline[ Id: 31dd3078-2fb2-42a8-b0c9-d8195c25e6f5, Nodes: 07c4551c-5eaf-48e0-b21d-d7eec408612b{ip: 127.0.0.1, host: localhost, ports: [REPLICATION=46801, RATIS=41023, RATIS_ADMIN=41023, RATIS_SERVER=41023, STANDALONE=34853], networkLocation: /default-rack, certSerialId: null, persistedOpState: IN_SERVICE, persistedOpStateExpiryEpochSec: 0}666cbc02-cfaa-4937-bb27-8c807157e922{ip: 127.0.0.1, host: localhost, ports: [REPLICATION=39935, RATIS=45001, RATIS_ADMIN=45001, RATIS_SERVER=45001, STANDALONE=45425], networkLocation: /default-rack, certSerialId: null, persistedOpState: IN_SERVICE, persistedOpStateExpiryEpochSec: 0}07a6759e-563e-4423-80ed-ce00ebedab03{ip: 127.0.0.1, host: localhost, ports: [REPLICATION=41835, RATIS=43531, RATIS_ADMIN=43531, RATIS_SERVER=43531, STANDALONE=35375], networkLocation: /default-rack, certSerialId: null, persistedOpState: IN_SERVICE, persistedOpStateExpiryEpochSec: 0}, ReplicationConfig: RATIS/THREE, State:ALLOCATED, leaderId:, CreationTimestamp2022-01-02T13:17:32.010Z[Etc/UTC]].
2022-01-02 13:17:32,039 [3a1420a4-9adf-490e-ae7f-206b4dea1794@group-5D8EB23EFD07-StateMachineUpdater] INFO  safemode.HealthyPipelineSafeModeRule (HealthyPipelineSafeModeRule.java:initializeRule(152)) - Refreshed total pipeline count is 0, healthy pipeline threshold count is 1
2022-01-02 13:17:32,040 [3a1420a4-9adf-490e-ae7f-206b4dea1794@group-5D8EB23EFD07-StateMachineUpdater] INFO  ha.SCMStateMachine (SCMStateMachine.java:takeSnapshot(297)) - Current Snapshot Index 13, takeSnapshot took 0 ms
2022-01-02 13:17:32,040 [3a1420a4-9adf-490e-ae7f-206b4dea1794@group-5D8EB23EFD07-StateMachineUpdater] INFO  impl.StateMachineUpdater (StateMachineUpdater.java:takeSnapshot(281)) - 3a1420a4-9adf-490e-ae7f-206b4dea1794@group-5D8EB23EFD07-StateMachineUpdater: Took a snapshot at index 13
2022-01-02 13:17:32,040 [3a1420a4-9adf-490e-ae7f-206b4dea1794@group-5D8EB23EFD07-StateMachineUpdater] INFO  impl.StateMachineUpdater (StateMachineUpdater.java:lambda$new$0(89)) - 3a1420a4-9adf-490e-ae7f-206b4dea1794@group-5D8EB23EFD07-StateMachineUpdater: snapshotIndex: updateIncreasingly 7 -> 13
2022-01-02 13:17:32,040 [3a1420a4-9adf-490e-ae7f-206b4dea1794@group-5D8EB23EFD07-StateMachineUpdater] INFO  raftlog.RaftLog (RaftLogBase.java:purge(306)) - 3a1420a4-9adf-490e-ae7f-206b4dea1794@group-5D8EB23EFD07-SegmentedRaftLog: purge 13
2022-01-02 13:17:32,040 [3a1420a4-9adf-490e-ae7f-206b4dea1794@group-5D8EB23EFD07-StateMachineUpdater] INFO  raftlog.RaftLog (RaftLogBase.java:lambda$new$0(53)) - 3a1420a4-9adf-490e-ae7f-206b4dea1794@group-5D8EB23EFD07-SegmentedRaftLog: snapshotIndex: updateIncreasingly 7 -> 13
2022-01-02 13:17:32,040 [3a1420a4-9adf-490e-ae7f-206b4dea1794@group-5D8EB23EFD07-StateMachineUpdater] INFO  raftlog.RaftLog (RaftLogBase.java:lambda$new$0(53)) - 3a1420a4-9adf-490e-ae7f-206b4dea1794@group-5D8EB23EFD07-SegmentedRaftLog: purgeIndex: updateToMax old=7, new=13, updated? true
2022-01-02 13:17:32,042 [5af0e6f8-e325-4784-8af8-34780179857f@group-5D8EB23EFD07-StateMachineUpdater] INFO  pipeline.PipelineStateManagerImpl (PipelineStateManagerImpl.java:addPipeline(101)) - Created pipeline Pipeline[ Id: b207d06a-988f-4864-b344-fcc823d1752e, Nodes: 07c4551c-5eaf-48e0-b21d-d7eec408612b{ip: 127.0.0.1, host: localhost, ports: [REPLICATION=46801, RATIS=41023, RATIS_ADMIN=41023, RATIS_SERVER=41023, STANDALONE=34853], networkLocation: /default-rack, certSerialId: null, persistedOpState: IN_SERVICE, persistedOpStateExpiryEpochSec: 0}07a6759e-563e-4423-80ed-ce00ebedab03{ip: 127.0.0.1, host: localhost, ports: [REPLICATION=41835, RATIS=43531, RATIS_ADMIN=43531, RATIS_SERVER=43531, STANDALONE=35375], networkLocation: /default-rack, certSerialId: null, persistedOpState: IN_SERVICE, persistedOpStateExpiryEpochSec: 0}666cbc02-cfaa-4937-bb27-8c807157e922{ip: 127.0.0.1, host: localhost, ports: [REPLICATION=39935, RATIS=45001, RATIS_ADMIN=45001, RATIS_SERVER=45001, STANDALONE=45425], networkLocation: /default-rack, certSerialId: null, persistedOpState: IN_SERVICE, persistedOpStateExpiryEpochSec: 0}, ReplicationConfig: RATIS/THREE, State:ALLOCATED, leaderId:, CreationTimestamp2022-01-02T13:17:32.036Z[Etc/UTC]].
2022-01-02 13:17:32,043 [5af0e6f8-e325-4784-8af8-34780179857f@group-5D8EB23EFD07-StateMachineUpdater] INFO  safemode.HealthyPipelineSafeModeRule (HealthyPipelineSafeModeRule.java:initializeRule(152)) - Refreshed total pipeline count is 0, healthy pipeline threshold count is 1
2022-01-02 13:17:32,043 [RatisPipelineUtilsThread - 0] INFO  ha.SCMHAInvocationHandler (SCMHAInvocationHandler.java:invokeRatis(113)) - Invoking method public abstract void org.apache.hadoop.hdds.scm.pipeline.PipelineStateManager.addPipeline(org.apache.hadoop.hdds.protocol.proto.HddsProtos$Pipeline) throws java.io.IOException on target org.apache.hadoop.hdds.scm.ha.SCMRatisServerImpl@3310a7ca, cost 6690.67us
2022-01-02 13:17:32,043 [5af0e6f8-e325-4784-8af8-34780179857f@group-5D8EB23EFD07-StateMachineUpdater] INFO  ha.SCMStateMachine (SCMStateMachine.java:takeSnapshot(297)) - Current Snapshot Index 15, takeSnapshot took 0 ms
2022-01-02 13:17:32,043 [5af0e6f8-e325-4784-8af8-34780179857f@group-5D8EB23EFD07-StateMachineUpdater] INFO  impl.StateMachineUpdater (StateMachineUpdater.java:takeSnapshot(281)) - 5af0e6f8-e325-4784-8af8-34780179857f@group-5D8EB23EFD07-StateMachineUpdater: Took a snapshot at index 15
2022-01-02 13:17:32,043 [RatisPipelineUtilsThread - 0] INFO  pipeline.PipelineManagerImpl (PipelineManagerImpl.java:recordMetricsForPipeline(639)) - Pipeline: PipelineID=b207d06a-988f-4864-b344-fcc823d1752e contains same datanodes as previous pipelines: PipelineID=31dd3078-2fb2-42a8-b0c9-d8195c25e6f5 nodeIds: 07c4551c-5eaf-48e0-b21d-d7eec408612b, 07a6759e-563e-4423-80ed-ce00ebedab03, 666cbc02-cfaa-4937-bb27-8c807157e922
2022-01-02 13:17:32,043 [5af0e6f8-e325-4784-8af8-34780179857f@group-5D8EB23EFD07-StateMachineUpdater] INFO  impl.StateMachineUpdater (StateMachineUpdater.java:lambda$new$0(89)) - 5af0e6f8-e325-4784-8af8-34780179857f@group-5D8EB23EFD07-StateMachineUpdater: snapshotIndex: updateIncreasingly 10 -> 15
2022-01-02 13:17:32,043 [5af0e6f8-e325-4784-8af8-34780179857f@group-5D8EB23EFD07-StateMachineUpdater] INFO  raftlog.RaftLog (RaftLogBase.java:purge(306)) - 5af0e6f8-e325-4784-8af8-34780179857f@group-5D8EB23EFD07-SegmentedRaftLog: purge 15
2022-01-02 13:17:32,043 [5af0e6f8-e325-4784-8af8-34780179857f@group-5D8EB23EFD07-StateMachineUpdater] INFO  raftlog.RaftLog (RaftLogBase.java:lambda$new$0(53)) - 5af0e6f8-e325-4784-8af8-34780179857f@group-5D8EB23EFD07-SegmentedRaftLog: snapshotIndex: updateIncreasingly 10 -> 15
2022-01-02 13:17:32,043 [5af0e6f8-e325-4784-8af8-34780179857f@group-5D8EB23EFD07-StateMachineUpdater] INFO  raftlog.RaftLog (RaftLogBase.java:lambda$new$0(53)) - 5af0e6f8-e325-4784-8af8-34780179857f@group-5D8EB23EFD07-SegmentedRaftLog: purgeIndex: updateToMax old=10, new=15, updated? true
2022-01-02 13:17:32,055 [3a1420a4-9adf-490e-ae7f-206b4dea1794@group-5D8EB23EFD07-StateMachineUpdater] INFO  pipeline.PipelineStateManagerImpl (PipelineStateManagerImpl.java:addPipeline(101)) - Created pipeline Pipeline[ Id: b207d06a-988f-4864-b344-fcc823d1752e, Nodes: 07c4551c-5eaf-48e0-b21d-d7eec408612b{ip: 127.0.0.1, host: localhost, ports: [REPLICATION=46801, RATIS=41023, RATIS_ADMIN=41023, RATIS_SERVER=41023, STANDALONE=34853], networkLocation: /default-rack, certSerialId: null, persistedOpState: IN_SERVICE, persistedOpStateExpiryEpochSec: 0}07a6759e-563e-4423-80ed-ce00ebedab03{ip: 127.0.0.1, host: localhost, ports: [REPLICATION=41835, RATIS=43531, RATIS_ADMIN=43531, RATIS_SERVER=43531, STANDALONE=35375], networkLocation: /default-rack, certSerialId: null, persistedOpState: IN_SERVICE, persistedOpStateExpiryEpochSec: 0}666cbc02-cfaa-4937-bb27-8c807157e922{ip: 127.0.0.1, host: localhost, ports: [REPLICATION=39935, RATIS=45001, RATIS_ADMIN=45001, RATIS_SERVER=45001, STANDALONE=45425], networkLocation: /default-rack, certSerialId: null, persistedOpState: IN_SERVICE, persistedOpStateExpiryEpochSec: 0}, ReplicationConfig: RATIS/THREE, State:ALLOCATED, leaderId:, CreationTimestamp2022-01-02T13:17:32.036Z[Etc/UTC]].
2022-01-02 13:17:32,055 [3a1420a4-9adf-490e-ae7f-206b4dea1794@group-5D8EB23EFD07-StateMachineUpdater] INFO  safemode.HealthyPipelineSafeModeRule (HealthyPipelineSafeModeRule.java:initializeRule(152)) - Refreshed total pipeline count is 0, healthy pipeline threshold count is 1
2022-01-02 13:17:32,175 [EndpointStateMachine task thread for /127.0.0.1:14995 - 0 ] INFO  ipc.Client (Client.java:handleConnectionFailure(977)) - Retrying connect to server: localhost/127.0.0.1:14995. Already tried 12 time(s); retry policy is RetryUpToMaximumCountWithFixedSleep(maxRetries=15, sleepTime=1000 MILLISECONDS)
2022-01-02 13:17:32,182 [EndpointStateMachine task thread for /127.0.0.1:15005 - 0 ] INFO  ipc.Client (Client.java:handleConnectionFailure(977)) - Retrying connect to server: localhost/127.0.0.1:15005. Already tried 0 time(s); retry policy is RetryUpToMaximumCountWithFixedSleep(maxRetries=15, sleepTime=1000 MILLISECONDS)
2022-01-02 13:17:32,222 [EndpointStateMachine task thread for /127.0.0.1:14985 - 0 ] INFO  ipc.Client (Client.java:handleConnectionFailure(977)) - Retrying connect to server: localhost/127.0.0.1:14985. Already tried 0 time(s); retry policy is RetryUpToMaximumCountWithFixedSleep(maxRetries=15, sleepTime=1000 MILLISECONDS)
2022-01-02 13:17:32,938 [Listener at 127.0.0.1/11096] INFO  ozone.MiniOzoneClusterImpl (MiniOzoneClusterImpl.java:lambda$waitForClusterToBeReady$0(235)) - Nodes are ready. Got 3 of 3 DN Heartbeats.
2022-01-02 13:17:32,938 [Listener at 127.0.0.1/11096] INFO  ozone.MiniOzoneClusterImpl (MiniOzoneClusterImpl.java:lambda$waitForClusterToBeReady$0(238)) - Waiting for cluster to exit safe mode
2022-01-02 13:17:32,938 [Listener at 127.0.0.1/11096] INFO  ozone.MiniOzoneClusterImpl (MiniOzoneClusterImpl.java:lambda$waitForClusterToBeReady$0(240)) - SCM became leader
2022-01-02 13:17:33,176 [EndpointStateMachine task thread for /127.0.0.1:14995 - 0 ] INFO  ipc.Client (Client.java:handleConnectionFailure(977)) - Retrying connect to server: localhost/127.0.0.1:14995. Already tried 13 time(s); retry policy is RetryUpToMaximumCountWithFixedSleep(maxRetries=15, sleepTime=1000 MILLISECONDS)
2022-01-02 13:17:33,183 [EndpointStateMachine task thread for /127.0.0.1:15005 - 0 ] INFO  ipc.Client (Client.java:handleConnectionFailure(977)) - Retrying connect to server: localhost/127.0.0.1:15005. Already tried 1 time(s); retry policy is RetryUpToMaximumCountWithFixedSleep(maxRetries=15, sleepTime=1000 MILLISECONDS)
2022-01-02 13:17:33,222 [EndpointStateMachine task thread for /127.0.0.1:14985 - 0 ] INFO  ipc.Client (Client.java:handleConnectionFailure(977)) - Retrying connect to server: localhost/127.0.0.1:14985. Already tried 1 time(s); retry policy is RetryUpToMaximumCountWithFixedSleep(maxRetries=15, sleepTime=1000 MILLISECONDS)
2022-01-02 13:17:33,533 [Datanode State Machine Daemon Thread] ERROR datanode.RunningDatanodeState (RunningDatanodeState.java:computeNextContainerState(199)) - Error in executing end point task.
java.util.concurrent.ExecutionException: java.util.concurrent.TimeoutException
	at java.util.concurrent.FutureTask.report(FutureTask.java:122)
	at java.util.concurrent.FutureTask.get(FutureTask.java:192)
	at org.apache.hadoop.ozone.container.common.states.datanode.RunningDatanodeState.computeNextContainerState(RunningDatanodeState.java:191)
	at org.apache.hadoop.ozone.container.common.states.datanode.RunningDatanodeState.await(RunningDatanodeState.java:231)
	at org.apache.hadoop.ozone.container.common.states.datanode.RunningDatanodeState.await(RunningDatanodeState.java:50)
	at org.apache.hadoop.ozone.container.common.statemachine.StateContext.execute(StateContext.java:633)
	at org.apache.hadoop.ozone.container.common.statemachine.DatanodeStateMachine.start(DatanodeStateMachine.java:280)
	at org.apache.hadoop.ozone.container.common.statemachine.DatanodeStateMachine.lambda$startDaemon$0(DatanodeStateMachine.java:468)
	at java.lang.Thread.run(Thread.java:748)
Caused by: java.util.concurrent.TimeoutException
	at java.util.concurrent.FutureTask.get(FutureTask.java:205)
	at org.apache.hadoop.ozone.container.common.states.datanode.RunningDatanodeState.lambda$execute$0(RunningDatanodeState.java:149)
	at java.util.concurrent.FutureTask.run(FutureTask.java:266)
	at java.util.concurrent.Executors$RunnableAdapter.call(Executors.java:511)
	at java.util.concurrent.FutureTask.run(FutureTask.java:266)
	at java.util.concurrent.ThreadPoolExecutor.runWorker(ThreadPoolExecutor.java:1149)
	at java.util.concurrent.ThreadPoolExecutor$Worker.run(ThreadPoolExecutor.java:624)
	... 1 more
2022-01-02 13:17:33,939 [Listener at 127.0.0.1/11096] INFO  ozone.MiniOzoneClusterImpl (MiniOzoneClusterImpl.java:lambda$waitForClusterToBeReady$0(235)) - Nodes are ready. Got 3 of 3 DN Heartbeats.
2022-01-02 13:17:33,939 [Listener at 127.0.0.1/11096] INFO  ozone.MiniOzoneClusterImpl (MiniOzoneClusterImpl.java:lambda$waitForClusterToBeReady$0(238)) - Waiting for cluster to exit safe mode
2022-01-02 13:17:33,939 [Listener at 127.0.0.1/11096] INFO  ozone.MiniOzoneClusterImpl (MiniOzoneClusterImpl.java:lambda$waitForClusterToBeReady$0(240)) - SCM became leader
2022-01-02 13:17:33,987 [Datanode State Machine Daemon Thread] ERROR datanode.RunningDatanodeState (RunningDatanodeState.java:computeNextContainerState(199)) - Error in executing end point task.
java.util.concurrent.ExecutionException: java.util.concurrent.TimeoutException
	at java.util.concurrent.FutureTask.report(FutureTask.java:122)
	at java.util.concurrent.FutureTask.get(FutureTask.java:192)
	at org.apache.hadoop.ozone.container.common.states.datanode.RunningDatanodeState.computeNextContainerState(RunningDatanodeState.java:191)
	at org.apache.hadoop.ozone.container.common.states.datanode.RunningDatanodeState.await(RunningDatanodeState.java:231)
	at org.apache.hadoop.ozone.container.common.states.datanode.RunningDatanodeState.await(RunningDatanodeState.java:50)
	at org.apache.hadoop.ozone.container.common.statemachine.StateContext.execute(StateContext.java:633)
	at org.apache.hadoop.ozone.container.common.statemachine.DatanodeStateMachine.start(DatanodeStateMachine.java:280)
	at org.apache.hadoop.ozone.container.common.statemachine.DatanodeStateMachine.lambda$startDaemon$0(DatanodeStateMachine.java:468)
	at java.lang.Thread.run(Thread.java:748)
Caused by: java.util.concurrent.TimeoutException
	at java.util.concurrent.FutureTask.get(FutureTask.java:205)
	at org.apache.hadoop.ozone.container.common.states.datanode.RunningDatanodeState.lambda$execute$0(RunningDatanodeState.java:149)
	at java.util.concurrent.FutureTask.run(FutureTask.java:266)
	at java.util.concurrent.Executors$RunnableAdapter.call(Executors.java:511)
	at java.util.concurrent.FutureTask.run(FutureTask.java:266)
	at java.util.concurrent.ThreadPoolExecutor.runWorker(ThreadPoolExecutor.java:1149)
	at java.util.concurrent.ThreadPoolExecutor$Worker.run(ThreadPoolExecutor.java:624)
	... 1 more
2022-01-02 13:17:34,139 [Command processor thread] INFO  server.RaftServer (RaftServerProxy.java:addNew(95)) - 07a6759e-563e-4423-80ed-ce00ebedab03: addNew group-6E4B320A0EB5:[07a6759e-563e-4423-80ed-ce00ebedab03|rpc:127.0.0.1:43531|priority:1] returns group-6E4B320A0EB5:java.util.concurrent.CompletableFuture@2b8f3a57[Not completed]
2022-01-02 13:17:34,142 [pool-300-thread-1] INFO  server.RaftServer$Division (RaftServerImpl.java:<init>(184)) - 07a6759e-563e-4423-80ed-ce00ebedab03: new RaftServerImpl for group-6E4B320A0EB5:[07a6759e-563e-4423-80ed-ce00ebedab03|rpc:127.0.0.1:43531|priority:1] with ContainerStateMachine:uninitialized
2022-01-02 13:17:34,145 [pool-300-thread-1] INFO  server.RaftServerConfigKeys (ConfUtils.java:logGet(44)) - raft.server.rpc.timeout.min = 5s (custom)
2022-01-02 13:17:34,145 [pool-300-thread-1] INFO  server.RaftServerConfigKeys (ConfUtils.java:logGet(44)) - raft.server.rpc.timeout.max = 5200ms (custom)
2022-01-02 13:17:34,146 [pool-300-thread-1] INFO  server.RaftServerConfigKeys (ConfUtils.java:logGet(44)) - raft.server.rpc.sleep.time = 25ms (default)
2022-01-02 13:17:34,146 [pool-300-thread-1] INFO  server.RaftServerConfigKeys (ConfUtils.java:logGet(44)) - raft.server.rpc.slowness.timeout = 300s (custom)
2022-01-02 13:17:34,146 [pool-300-thread-1] INFO  server.RaftServerConfigKeys (ConfUtils.java:logGet(44)) - raft.server.leaderelection.leader.step-down.wait-time = 10s (default)
2022-01-02 13:17:34,146 [pool-300-thread-1] INFO  server.RaftServerConfigKeys (ConfUtils.java:logGet(44)) - raft.server.sleep.deviation.threshold = 300ms (default)
2022-01-02 13:17:34,146 [pool-300-thread-1] INFO  server.RaftServerConfigKeys (ConfUtils.java:logGet(44)) - raft.server.log.appender.install.snapshot.enabled = false (custom)
2022-01-02 13:17:34,146 [pool-300-thread-1] INFO  server.RaftServer$Division (ServerState.java:<init>(105)) - 07a6759e-563e-4423-80ed-ce00ebedab03@group-6E4B320A0EB5: ConfigurationManager, init=-1: [07a6759e-563e-4423-80ed-ce00ebedab03|rpc:127.0.0.1:43531|priority:1], old=null, confs=<EMPTY_MAP>
2022-01-02 13:17:34,146 [pool-300-thread-1] INFO  server.RaftServerConfigKeys (ConfUtils.java:logGet(44)) - raft.server.storage.dir = [/home/runner/work/ozone/ozone/hadoop-ozone/integration-test/target/test-dir/MiniOzoneClusterImpl-c1c80f75-2e15-44e6-8b98-5d8eb23efd07/datanode-0/data/ratis] (custom)
2022-01-02 13:17:34,146 [pool-300-thread-1] INFO  server.RaftServerConfigKeys (ConfUtils.java:logGet(44)) - raft.server.log.corruption.policy = EXCEPTION (default)
2022-01-02 13:17:34,146 [pool-300-thread-1] INFO  server.RaftServerConfigKeys (ConfUtils.java:logGet(44)) - raft.server.storage.free-space.min = 0MB (=0) (default)
2022-01-02 13:17:34,146 [pool-300-thread-1] INFO  storage.RaftStorageDirectory (RaftStorageDirectoryImpl.java:analyzeStorage(135)) - The storage directory /home/runner/work/ozone/ozone/hadoop-ozone/integration-test/target/test-dir/MiniOzoneClusterImpl-c1c80f75-2e15-44e6-8b98-5d8eb23efd07/datanode-0/data/ratis/b8e42c0e-66a1-4219-86ea-6e4b320a0eb5 does not exist. Creating ...
2022-01-02 13:17:34,148 [pool-300-thread-1] INFO  storage.RaftStorageDirectory (RaftStorageDirectoryImpl.java:tryLock(230)) - Lock on /home/runner/work/ozone/ozone/hadoop-ozone/integration-test/target/test-dir/MiniOzoneClusterImpl-c1c80f75-2e15-44e6-8b98-5d8eb23efd07/datanode-0/data/ratis/b8e42c0e-66a1-4219-86ea-6e4b320a0eb5/in_use.lock acquired by nodename 7823@fv-az195-8
2022-01-02 13:17:34,153 [pool-300-thread-1] INFO  storage.RaftStorage (RaftStorageImpl.java:format(89)) - Storage directory /home/runner/work/ozone/ozone/hadoop-ozone/integration-test/target/test-dir/MiniOzoneClusterImpl-c1c80f75-2e15-44e6-8b98-5d8eb23efd07/datanode-0/data/ratis/b8e42c0e-66a1-4219-86ea-6e4b320a0eb5 has been successfully formatted.
2022-01-02 13:17:34,153 [pool-300-thread-1] INFO  ratis.ContainerStateMachine (ContainerStateMachine.java:loadSnapshot(231)) - group-6E4B320A0EB5: The snapshot info is null. Setting the last applied indexto:(t:0, i:~)
2022-01-02 13:17:34,153 [pool-300-thread-1] INFO  server.RaftServerConfigKeys (ConfUtils.java:logGet(44)) - raft.server.notification.no-leader.timeout = 300s (custom)
2022-01-02 13:17:34,153 [pool-300-thread-1] INFO  server.RaftServerConfigKeys (ConfUtils.java:logGet(44)) - raft.server.log.use.memory = false (default)
2022-01-02 13:17:34,153 [pool-300-thread-1] INFO  server.RaftServerConfigKeys (ConfUtils.java:logGet(44)) - raft.server.log.purge.gap = 1000000 (custom)
2022-01-02 13:17:34,153 [pool-300-thread-1] INFO  server.RaftServerConfigKeys (ConfUtils.java:logGet(44)) - raft.server.log.appender.buffer.byte-limit = 33554432 (custom)
2022-01-02 13:17:34,153 [pool-300-thread-1] INFO  server.RaftServerConfigKeys (ConfUtils.java:logGet(44)) - raft.server.log.segment.size.max = 1048576 (custom)
2022-01-02 13:17:34,154 [pool-300-thread-1] INFO  server.RaftServerConfigKeys (ConfUtils.java:logGet(44)) - raft.server.log.segment.cache.num.max = 2 (custom)
2022-01-02 13:17:34,154 [pool-300-thread-1] INFO  server.RaftServerConfigKeys (ConfUtils.java:logGet(44)) - raft.server.log.segment.cache.size.max = 200MB (=209715200) (default)
2022-01-02 13:17:34,154 [pool-300-thread-1] INFO  segmented.SegmentedRaftLogWorker (SegmentedRaftLogWorker.java:<init>(182)) - new 07a6759e-563e-4423-80ed-ce00ebedab03@group-6E4B320A0EB5-SegmentedRaftLogWorker for RaftStorageImpl:Storage Directory /home/runner/work/ozone/ozone/hadoop-ozone/integration-test/target/test-dir/MiniOzoneClusterImpl-c1c80f75-2e15-44e6-8b98-5d8eb23efd07/datanode-0/data/ratis/b8e42c0e-66a1-4219-86ea-6e4b320a0eb5
2022-01-02 13:17:34,154 [pool-300-thread-1] INFO  server.RaftServerConfigKeys (ConfUtils.java:logGet(44)) - raft.server.log.queue.byte-limit = 2147483647 (custom)
2022-01-02 13:17:34,154 [pool-300-thread-1] INFO  server.RaftServerConfigKeys (ConfUtils.java:logGet(44)) - raft.server.log.queue.element-limit = 1024 (custom)
2022-01-02 13:17:34,154 [pool-300-thread-1] INFO  server.RaftServerConfigKeys (ConfUtils.java:logGet(44)) - raft.server.log.segment.size.max = 1048576 (custom)
2022-01-02 13:17:34,154 [pool-300-thread-1] INFO  server.RaftServerConfigKeys (ConfUtils.java:logGet(44)) - raft.server.log.preallocated.size = 16384 (custom)
2022-01-02 13:17:34,154 [pool-300-thread-1] INFO  server.RaftServerConfigKeys (ConfUtils.java:logGet(44)) - raft.server.log.force.sync.num = 128 (default)
2022-01-02 13:17:34,154 [pool-300-thread-1] INFO  server.RaftServerConfigKeys (ConfUtils.java:logGet(44)) - raft.server.log.statemachine.data.sync = true (default)
2022-01-02 13:17:34,154 [pool-300-thread-1] INFO  server.RaftServerConfigKeys (ConfUtils.java:logGet(44)) - raft.server.log.statemachine.data.sync.timeout = 10s (default)
2022-01-02 13:17:34,154 [pool-300-thread-1] INFO  server.RaftServerConfigKeys (ConfUtils.java:logGet(44)) - raft.server.log.statemachine.data.sync.timeout.retry = -1 (default)
2022-01-02 13:17:34,155 [pool-300-thread-1] INFO  server.RaftServerConfigKeys (ConfUtils.java:logGet(44)) - raft.server.log.write.buffer.size = 1048576 (custom)
2022-01-02 13:17:34,155 [pool-300-thread-1] INFO  server.RaftServerConfigKeys (ConfUtils.java:logGet(44)) - raft.server.log.statemachine.data.caching.enabled = true (custom)
2022-01-02 13:17:34,155 [pool-300-thread-1] INFO  segmented.SegmentedRaftLogWorker (SegmentedRaftLogWorker.java:lambda$new$0(133)) - 07a6759e-563e-4423-80ed-ce00ebedab03@group-6E4B320A0EB5-SegmentedRaftLogWorker: flushIndex: setUnconditionally 0 -> -1
2022-01-02 13:17:34,155 [pool-300-thread-1] INFO  segmented.SegmentedRaftLogWorker (SegmentedRaftLogWorker.java:lambda$new$0(133)) - 07a6759e-563e-4423-80ed-ce00ebedab03@group-6E4B320A0EB5-SegmentedRaftLogWorker: safeCacheEvictIndex: setUnconditionally 0 -> -1
2022-01-02 13:17:34,160 [EventQueue-PipelineReportForPipelineReportHandler] INFO  pipeline.PipelineManagerImpl (PipelineManagerImpl.java:openPipeline(291)) - Pipeline Pipeline[ Id: b8e42c0e-66a1-4219-86ea-6e4b320a0eb5, Nodes: 07a6759e-563e-4423-80ed-ce00ebedab03{ip: 127.0.0.1, host: localhost, ports: [REPLICATION=41835, RATIS=43531, RATIS_ADMIN=43531, RATIS_SERVER=43531, STANDALONE=35375], networkLocation: /default-rack, certSerialId: null, persistedOpState: IN_SERVICE, persistedOpStateExpiryEpochSec: 0}, ReplicationConfig: RATIS/ONE, State:ALLOCATED, leaderId:07a6759e-563e-4423-80ed-ce00ebedab03, CreationTimestamp2022-01-02T13:17:31.158Z[Etc/UTC]] moved to OPEN state
2022-01-02 13:17:34,162 [pool-300-thread-1] INFO  server.RaftServerConfigKeys (ConfUtils.java:logGet(44)) - raft.server.snapshot.auto.trigger.enabled = true (custom)
2022-01-02 13:17:34,162 [pool-300-thread-1] INFO  server.RaftServerConfigKeys (ConfUtils.java:logGet(44)) - raft.server.snapshot.auto.trigger.threshold = 10000 (custom)
2022-01-02 13:17:34,162 [pool-300-thread-1] INFO  server.RaftServerConfigKeys (ConfUtils.java:logGet(44)) - raft.server.snapshot.retention.file.num = 5 (custom)
2022-01-02 13:17:34,162 [pool-300-thread-1] INFO  server.RaftServerConfigKeys (ConfUtils.java:logGet(44)) - raft.server.log.purge.upto.snapshot.index = false (default)
2022-01-02 13:17:34,162 [pool-300-thread-1] INFO  server.RaftServerConfigKeys (ConfUtils.java:logGet(44)) - raft.server.retrycache.expirytime = 600000ms (custom)
2022-01-02 13:17:34,162 [pool-300-thread-1] INFO  server.RaftServerConfigKeys (ConfUtils.java:logGet(44)) - raft.server.retrycache.statistics.expirytime = 100μs (default)
2022-01-02 13:17:34,163 [pool-300-thread-1] INFO  server.RaftServer$Division (RaftServerImpl.java:start(301)) - 07a6759e-563e-4423-80ed-ce00ebedab03@group-6E4B320A0EB5: start as a follower, conf=-1: [07a6759e-563e-4423-80ed-ce00ebedab03|rpc:127.0.0.1:43531|priority:1], old=null
2022-01-02 13:17:34,163 [pool-300-thread-1] INFO  server.RaftServer$Division (RaftServerImpl.java:setRole(290)) - 07a6759e-563e-4423-80ed-ce00ebedab03@group-6E4B320A0EB5: changes role from      null to FOLLOWER at term 0 for startAsFollower
2022-01-02 13:17:34,163 [pool-300-thread-1] INFO  impl.RoleInfo (RoleInfo.java:updateAndGet(130)) - 07a6759e-563e-4423-80ed-ce00ebedab03: start 07a6759e-563e-4423-80ed-ce00ebedab03@group-6E4B320A0EB5-FollowerState
2022-01-02 13:17:34,165 [pool-300-thread-1] INFO  util.JmxRegister (JmxRegister.java:tryRegister(44)) - Successfully registered JMX Bean with object name Ratis:service=RaftServer,group=group-6E4B320A0EB5,id=07a6759e-563e-4423-80ed-ce00ebedab03
2022-01-02 13:17:34,174 [EndpointStateMachine task thread for /127.0.0.1:14361 - 0 ] WARN  statemachine.EndpointStateMachine (EndpointStateMachine.java:logIfNeeded(236)) - Unable to communicate to SCM server at localhost:14361 for past 0 seconds.
java.net.SocketTimeoutException: Call From fv-az195-8/10.1.0.22 to localhost:14361 failed on socket timeout exception: java.net.SocketTimeoutException: 5000 millis timeout while waiting for channel to be ready for read. ch : java.nio.channels.SocketChannel[connected local=/127.0.0.1:60044 remote=/127.0.0.1:14361]; For more details see:  http://wiki.apache.org/hadoop/SocketTimeout
	at sun.reflect.GeneratedConstructorAccessor33.newInstance(Unknown Source)
	at sun.reflect.DelegatingConstructorAccessorImpl.newInstance(DelegatingConstructorAccessorImpl.java:45)
	at java.lang.reflect.Constructor.newInstance(Constructor.java:423)
	at org.apache.hadoop.net.NetUtils.wrapWithMessage(NetUtils.java:913)
	at org.apache.hadoop.net.NetUtils.wrapException(NetUtils.java:848)
	at org.apache.hadoop.ipc.Client.getRpcResponse(Client.java:1577)
	at org.apache.hadoop.ipc.Client.call(Client.java:1519)
	at org.apache.hadoop.ipc.Client.call(Client.java:1416)
	at org.apache.hadoop.ipc.ProtobufRpcEngine$Invoker.invoke(ProtobufRpcEngine.java:236)
	at org.apache.hadoop.ipc.ProtobufRpcEngine$Invoker.invoke(ProtobufRpcEngine.java:123)
	at com.sun.proxy.$Proxy48.submitRequest(Unknown Source)
	at org.apache.hadoop.ozone.protocolPB.StorageContainerDatanodeProtocolClientSideTranslatorPB.submitRequest(StorageContainerDatanodeProtocolClientSideTranslatorPB.java:117)
	at org.apache.hadoop.ozone.protocolPB.StorageContainerDatanodeProtocolClientSideTranslatorPB.getVersion(StorageContainerDatanodeProtocolClientSideTranslatorPB.java:133)
	at org.apache.hadoop.ozone.container.common.states.endpoint.VersionEndpointTask.call(VersionEndpointTask.java:71)
	at org.apache.hadoop.ozone.container.common.states.endpoint.VersionEndpointTask.call(VersionEndpointTask.java:42)
	at java.util.concurrent.FutureTask.run(FutureTask.java:266)
	at java.util.concurrent.ThreadPoolExecutor.runWorker(ThreadPoolExecutor.java:1149)
	at java.util.concurrent.ThreadPoolExecutor$Worker.run(ThreadPoolExecutor.java:624)
	at java.lang.Thread.run(Thread.java:748)
Caused by: java.net.SocketTimeoutException: 5000 millis timeout while waiting for channel to be ready for read. ch : java.nio.channels.SocketChannel[connected local=/127.0.0.1:60044 remote=/127.0.0.1:14361]
	at org.apache.hadoop.net.SocketIOWithTimeout.doIO(SocketIOWithTimeout.java:164)
	at org.apache.hadoop.net.SocketInputStream.read(SocketInputStream.java:161)
	at org.apache.hadoop.net.SocketInputStream.read(SocketInputStream.java:131)
	at java.io.FilterInputStream.read(FilterInputStream.java:133)
	at java.io.BufferedInputStream.fill(BufferedInputStream.java:246)
	at java.io.BufferedInputStream.read(BufferedInputStream.java:265)
	at java.io.FilterInputStream.read(FilterInputStream.java:83)
	at java.io.FilterInputStream.read(FilterInputStream.java:83)
	at org.apache.hadoop.ipc.Client$Connection$PingInputStream.read(Client.java:563)
	at java.io.DataInputStream.readInt(DataInputStream.java:387)
	at org.apache.hadoop.ipc.Client$IpcStreams.readResponse(Client.java:1892)
	at org.apache.hadoop.ipc.Client$Connection.receiveRpcResponse(Client.java:1202)
	at org.apache.hadoop.ipc.Client$Connection.run(Client.java:1098)
2022-01-02 13:17:34,177 [EndpointStateMachine task thread for /127.0.0.1:14995 - 0 ] INFO  ipc.Client (Client.java:handleConnectionFailure(977)) - Retrying connect to server: localhost/127.0.0.1:14995. Already tried 14 time(s); retry policy is RetryUpToMaximumCountWithFixedSleep(maxRetries=15, sleepTime=1000 MILLISECONDS)
2022-01-02 13:17:34,179 [EventQueue-PipelineReportForPipelineReportHandler] INFO  pipeline.PipelineManagerImpl (PipelineManagerImpl.java:openPipeline(291)) - Pipeline Pipeline[ Id: b8e42c0e-66a1-4219-86ea-6e4b320a0eb5, Nodes: 07a6759e-563e-4423-80ed-ce00ebedab03{ip: 127.0.0.1, host: localhost, ports: [REPLICATION=41835, RATIS=43531, RATIS_ADMIN=43531, RATIS_SERVER=43531, STANDALONE=35375], networkLocation: /default-rack, certSerialId: null, persistedOpState: IN_SERVICE, persistedOpStateExpiryEpochSec: 0}, ReplicationConfig: RATIS/ONE, State:ALLOCATED, leaderId:07a6759e-563e-4423-80ed-ce00ebedab03, CreationTimestamp2022-01-02T13:17:31.158Z[Etc/UTC]] moved to OPEN state
2022-01-02 13:17:34,174 [EndpointStateMachine task thread for /127.0.0.1:14361 - 0 ] WARN  statemachine.EndpointStateMachine (EndpointStateMachine.java:logIfNeeded(236)) - Unable to communicate to SCM server at 127.0.0.1:14361 for past 0 seconds.
java.net.SocketTimeoutException: Call From fv-az195-8/10.1.0.22 to localhost:14361 failed on socket timeout exception: java.net.SocketTimeoutException: 5000 millis timeout while waiting for channel to be ready for read. ch : java.nio.channels.SocketChannel[connected local=/127.0.0.1:60044 remote=/127.0.0.1:14361]; For more details see:  http://wiki.apache.org/hadoop/SocketTimeout
	at sun.reflect.GeneratedConstructorAccessor33.newInstance(Unknown Source)
	at sun.reflect.DelegatingConstructorAccessorImpl.newInstance(DelegatingConstructorAccessorImpl.java:45)
	at java.lang.reflect.Constructor.newInstance(Constructor.java:423)
	at org.apache.hadoop.net.NetUtils.wrapWithMessage(NetUtils.java:913)
	at org.apache.hadoop.net.NetUtils.wrapException(NetUtils.java:848)
	at org.apache.hadoop.ipc.Client.getRpcResponse(Client.java:1577)
	at org.apache.hadoop.ipc.Client.call(Client.java:1519)
	at org.apache.hadoop.ipc.Client.call(Client.java:1416)
	at org.apache.hadoop.ipc.ProtobufRpcEngine$Invoker.invoke(ProtobufRpcEngine.java:236)
	at org.apache.hadoop.ipc.ProtobufRpcEngine$Invoker.invoke(ProtobufRpcEngine.java:123)
	at com.sun.proxy.$Proxy48.submitRequest(Unknown Source)
	at org.apache.hadoop.ozone.protocolPB.StorageContainerDatanodeProtocolClientSideTranslatorPB.submitRequest(StorageContainerDatanodeProtocolClientSideTranslatorPB.java:117)
	at org.apache.hadoop.ozone.protocolPB.StorageContainerDatanodeProtocolClientSideTranslatorPB.getVersion(StorageContainerDatanodeProtocolClientSideTranslatorPB.java:133)
	at org.apache.hadoop.ozone.container.common.states.endpoint.VersionEndpointTask.call(VersionEndpointTask.java:71)
	at org.apache.hadoop.ozone.container.common.states.endpoint.VersionEndpointTask.call(VersionEndpointTask.java:42)
	at java.util.concurrent.FutureTask.run(FutureTask.java:266)
	at java.util.concurrent.ThreadPoolExecutor.runWorker(ThreadPoolExecutor.java:1149)
	at java.util.concurrent.ThreadPoolExecutor$Worker.run(ThreadPoolExecutor.java:624)
	at java.lang.Thread.run(Thread.java:748)
Caused by: java.net.SocketTimeoutException: 5000 millis timeout while waiting for channel to be ready for read. ch : java.nio.channels.SocketChannel[connected local=/127.0.0.1:60044 remote=/127.0.0.1:14361]
	at org.apache.hadoop.net.SocketIOWithTimeout.doIO(SocketIOWithTimeout.java:164)
	at org.apache.hadoop.net.SocketInputStream.read(SocketInputStream.java:161)
	at org.apache.hadoop.net.SocketInputStream.read(SocketInputStream.java:131)
	at java.io.FilterInputStream.read(FilterInputStream.java:133)
	at java.io.BufferedInputStream.fill(BufferedInputStream.java:246)
	at java.io.BufferedInputStream.read(BufferedInputStream.java:265)
	at java.io.FilterInputStream.read(FilterInputStream.java:83)
	at java.io.FilterInputStream.read(FilterInputStream.java:83)
	at org.apache.hadoop.ipc.Client$Connection$PingInputStream.read(Client.java:563)
	at java.io.DataInputStream.readInt(DataInputStream.java:387)
	at org.apache.hadoop.ipc.Client$IpcStreams.readResponse(Client.java:1892)
	at org.apache.hadoop.ipc.Client$Connection.receiveRpcResponse(Client.java:1202)
	at org.apache.hadoop.ipc.Client$Connection.run(Client.java:1098)
2022-01-02 13:17:34,174 [EndpointStateMachine task thread for /127.0.0.1:14361 - 0 ] WARN  statemachine.EndpointStateMachine (EndpointStateMachine.java:logIfNeeded(236)) - Unable to communicate to SCM server at 127.0.0.1:14361 for past 0 seconds.
java.net.SocketTimeoutException: Call From fv-az195-8/10.1.0.22 to localhost:14361 failed on socket timeout exception: java.net.SocketTimeoutException: 5000 millis timeout while waiting for channel to be ready for read. ch : java.nio.channels.SocketChannel[connected local=/127.0.0.1:60044 remote=/127.0.0.1:14361]; For more details see:  http://wiki.apache.org/hadoop/SocketTimeout
	at sun.reflect.GeneratedConstructorAccessor33.newInstance(Unknown Source)
	at sun.reflect.DelegatingConstructorAccessorImpl.newInstance(DelegatingConstructorAccessorImpl.java:45)
	at java.lang.reflect.Constructor.newInstance(Constructor.java:423)
	at org.apache.hadoop.net.NetUtils.wrapWithMessage(NetUtils.java:913)
	at org.apache.hadoop.net.NetUtils.wrapException(NetUtils.java:848)
	at org.apache.hadoop.ipc.Client.getRpcResponse(Client.java:1577)
	at org.apache.hadoop.ipc.Client.call(Client.java:1519)
	at org.apache.hadoop.ipc.Client.call(Client.java:1416)
	at org.apache.hadoop.ipc.ProtobufRpcEngine$Invoker.invoke(ProtobufRpcEngine.java:236)
	at org.apache.hadoop.ipc.ProtobufRpcEngine$Invoker.invoke(ProtobufRpcEngine.java:123)
	at com.sun.proxy.$Proxy48.submitRequest(Unknown Source)
	at org.apache.hadoop.ozone.protocolPB.StorageContainerDatanodeProtocolClientSideTranslatorPB.submitRequest(StorageContainerDatanodeProtocolClientSideTranslatorPB.java:117)
	at org.apache.hadoop.ozone.protocolPB.StorageContainerDatanodeProtocolClientSideTranslatorPB.getVersion(StorageContainerDatanodeProtocolClientSideTranslatorPB.java:133)
	at org.apache.hadoop.ozone.container.common.states.endpoint.VersionEndpointTask.call(VersionEndpointTask.java:71)
	at org.apache.hadoop.ozone.container.common.states.endpoint.VersionEndpointTask.call(VersionEndpointTask.java:42)
	at java.util.concurrent.FutureTask.run(FutureTask.java:266)
	at java.util.concurrent.ThreadPoolExecutor.runWorker(ThreadPoolExecutor.java:1149)
	at java.util.concurrent.ThreadPoolExecutor$Worker.run(ThreadPoolExecutor.java:624)
	at java.lang.Thread.run(Thread.java:748)
Caused by: java.net.SocketTimeoutException: 5000 millis timeout while waiting for channel to be ready for read. ch : java.nio.channels.SocketChannel[connected local=/127.0.0.1:60044 remote=/127.0.0.1:14361]
	at org.apache.hadoop.net.SocketIOWithTimeout.doIO(SocketIOWithTimeout.java:164)
	at org.apache.hadoop.net.SocketInputStream.read(SocketInputStream.java:161)
	at org.apache.hadoop.net.SocketInputStream.read(SocketInputStream.java:131)
	at java.io.FilterInputStream.read(FilterInputStream.java:133)
	at java.io.BufferedInputStream.fill(BufferedInputStream.java:246)
	at java.io.BufferedInputStream.read(BufferedInputStream.java:265)
	at java.io.FilterInputStream.read(FilterInputStream.java:83)
	at java.io.FilterInputStream.read(FilterInputStream.java:83)
	at org.apache.hadoop.ipc.Client$Connection$PingInputStream.read(Client.java:563)
	at java.io.DataInputStream.readInt(DataInputStream.java:387)
	at org.apache.hadoop.ipc.Client$IpcStreams.readResponse(Client.java:1892)
	at org.apache.hadoop.ipc.Client$Connection.receiveRpcResponse(Client.java:1202)
	at org.apache.hadoop.ipc.Client$Connection.run(Client.java:1098)
2022-01-02 13:17:34,183 [EndpointStateMachine task thread for /127.0.0.1:15005 - 0 ] INFO  ipc.Client (Client.java:handleConnectionFailure(977)) - Retrying connect to server: localhost/127.0.0.1:15005. Already tried 2 time(s); retry policy is RetryUpToMaximumCountWithFixedSleep(maxRetries=15, sleepTime=1000 MILLISECONDS)
2022-01-02 13:17:34,192 [Command processor thread] INFO  ratis.XceiverServerRatis (XceiverServerRatis.java:addGroup(768)) - Created group PipelineID=b8e42c0e-66a1-4219-86ea-6e4b320a0eb5
2022-01-02 13:17:34,192 [Command processor thread] INFO  commandhandler.CreatePipelineCommandHandler (CreatePipelineCommandHandler.java:handle(106)) - Created Pipeline RATIS ONE PipelineID=b8e42c0e-66a1-4219-86ea-6e4b320a0eb5.
2022-01-02 13:17:34,192 [Command processor thread] INFO  server.RaftServer (RaftServerProxy.java:addNew(95)) - 07a6759e-563e-4423-80ed-ce00ebedab03: addNew group-D8195C25E6F5:[07c4551c-5eaf-48e0-b21d-d7eec408612b|rpc:127.0.0.1:41023|priority:0, 07a6759e-563e-4423-80ed-ce00ebedab03|rpc:127.0.0.1:43531|priority:0, 666cbc02-cfaa-4937-bb27-8c807157e922|rpc:127.0.0.1:45001|priority:1] returns group-D8195C25E6F5:java.util.concurrent.CompletableFuture@2fb0bbfe[Not completed]
2022-01-02 13:17:34,199 [pool-300-thread-1] INFO  server.RaftServer$Division (RaftServerImpl.java:<init>(184)) - 07a6759e-563e-4423-80ed-ce00ebedab03: new RaftServerImpl for group-D8195C25E6F5:[07c4551c-5eaf-48e0-b21d-d7eec408612b|rpc:127.0.0.1:41023|priority:0, 07a6759e-563e-4423-80ed-ce00ebedab03|rpc:127.0.0.1:43531|priority:0, 666cbc02-cfaa-4937-bb27-8c807157e922|rpc:127.0.0.1:45001|priority:1] with ContainerStateMachine:uninitialized
2022-01-02 13:17:34,199 [pool-300-thread-1] INFO  server.RaftServerConfigKeys (ConfUtils.java:logGet(44)) - raft.server.rpc.timeout.min = 5s (custom)
2022-01-02 13:17:34,199 [pool-300-thread-1] INFO  server.RaftServerConfigKeys (ConfUtils.java:logGet(44)) - raft.server.rpc.timeout.max = 5200ms (custom)
2022-01-02 13:17:34,199 [pool-300-thread-1] INFO  server.RaftServerConfigKeys (ConfUtils.java:logGet(44)) - raft.server.rpc.sleep.time = 25ms (default)
2022-01-02 13:17:34,199 [pool-300-thread-1] INFO  server.RaftServerConfigKeys (ConfUtils.java:logGet(44)) - raft.server.rpc.slowness.timeout = 300s (custom)
2022-01-02 13:17:34,200 [pool-300-thread-1] INFO  server.RaftServerConfigKeys (ConfUtils.java:logGet(44)) - raft.server.leaderelection.leader.step-down.wait-time = 10s (default)
2022-01-02 13:17:34,200 [pool-300-thread-1] INFO  server.RaftServerConfigKeys (ConfUtils.java:logGet(44)) - raft.server.sleep.deviation.threshold = 300ms (default)
2022-01-02 13:17:34,200 [pool-300-thread-1] INFO  server.RaftServerConfigKeys (ConfUtils.java:logGet(44)) - raft.server.log.appender.install.snapshot.enabled = false (custom)
2022-01-02 13:17:34,200 [pool-300-thread-1] INFO  server.RaftServer$Division (ServerState.java:<init>(105)) - 07a6759e-563e-4423-80ed-ce00ebedab03@group-D8195C25E6F5: ConfigurationManager, init=-1: [07c4551c-5eaf-48e0-b21d-d7eec408612b|rpc:127.0.0.1:41023|priority:0, 07a6759e-563e-4423-80ed-ce00ebedab03|rpc:127.0.0.1:43531|priority:0, 666cbc02-cfaa-4937-bb27-8c807157e922|rpc:127.0.0.1:45001|priority:1], old=null, confs=<EMPTY_MAP>
2022-01-02 13:17:34,200 [pool-300-thread-1] INFO  server.RaftServerConfigKeys (ConfUtils.java:logGet(44)) - raft.server.storage.dir = [/home/runner/work/ozone/ozone/hadoop-ozone/integration-test/target/test-dir/MiniOzoneClusterImpl-c1c80f75-2e15-44e6-8b98-5d8eb23efd07/datanode-0/data/ratis] (custom)
2022-01-02 13:17:34,200 [pool-300-thread-1] INFO  server.RaftServerConfigKeys (ConfUtils.java:logGet(44)) - raft.server.log.corruption.policy = EXCEPTION (default)
2022-01-02 13:17:34,200 [pool-300-thread-1] INFO  server.RaftServerConfigKeys (ConfUtils.java:logGet(44)) - raft.server.storage.free-space.min = 0MB (=0) (default)
2022-01-02 13:17:34,200 [pool-300-thread-1] INFO  storage.RaftStorageDirectory (RaftStorageDirectoryImpl.java:analyzeStorage(135)) - The storage directory /home/runner/work/ozone/ozone/hadoop-ozone/integration-test/target/test-dir/MiniOzoneClusterImpl-c1c80f75-2e15-44e6-8b98-5d8eb23efd07/datanode-0/data/ratis/31dd3078-2fb2-42a8-b0c9-d8195c25e6f5 does not exist. Creating ...
2022-01-02 13:17:34,202 [pool-300-thread-1] INFO  storage.RaftStorageDirectory (RaftStorageDirectoryImpl.java:tryLock(230)) - Lock on /home/runner/work/ozone/ozone/hadoop-ozone/integration-test/target/test-dir/MiniOzoneClusterImpl-c1c80f75-2e15-44e6-8b98-5d8eb23efd07/datanode-0/data/ratis/31dd3078-2fb2-42a8-b0c9-d8195c25e6f5/in_use.lock acquired by nodename 7823@fv-az195-8
2022-01-02 13:17:34,203 [pool-300-thread-1] INFO  storage.RaftStorage (RaftStorageImpl.java:format(89)) - Storage directory /home/runner/work/ozone/ozone/hadoop-ozone/integration-test/target/test-dir/MiniOzoneClusterImpl-c1c80f75-2e15-44e6-8b98-5d8eb23efd07/datanode-0/data/ratis/31dd3078-2fb2-42a8-b0c9-d8195c25e6f5 has been successfully formatted.
2022-01-02 13:17:34,203 [pool-300-thread-1] INFO  ratis.ContainerStateMachine (ContainerStateMachine.java:loadSnapshot(231)) - group-D8195C25E6F5: The snapshot info is null. Setting the last applied indexto:(t:0, i:~)
2022-01-02 13:17:34,203 [pool-300-thread-1] INFO  server.RaftServerConfigKeys (ConfUtils.java:logGet(44)) - raft.server.notification.no-leader.timeout = 300s (custom)
2022-01-02 13:17:34,203 [pool-300-thread-1] INFO  server.RaftServerConfigKeys (ConfUtils.java:logGet(44)) - raft.server.log.use.memory = false (default)
2022-01-02 13:17:34,203 [pool-300-thread-1] INFO  server.RaftServerConfigKeys (ConfUtils.java:logGet(44)) - raft.server.log.purge.gap = 1000000 (custom)
2022-01-02 13:17:34,203 [pool-300-thread-1] INFO  server.RaftServerConfigKeys (ConfUtils.java:logGet(44)) - raft.server.log.appender.buffer.byte-limit = 33554432 (custom)
2022-01-02 13:17:34,203 [pool-300-thread-1] INFO  server.RaftServerConfigKeys (ConfUtils.java:logGet(44)) - raft.server.log.segment.size.max = 1048576 (custom)
2022-01-02 13:17:34,204 [pool-300-thread-1] INFO  server.RaftServerConfigKeys (ConfUtils.java:logGet(44)) - raft.server.log.segment.cache.num.max = 2 (custom)
2022-01-02 13:17:34,204 [pool-300-thread-1] INFO  server.RaftServerConfigKeys (ConfUtils.java:logGet(44)) - raft.server.log.segment.cache.size.max = 200MB (=209715200) (default)
2022-01-02 13:17:34,204 [pool-300-thread-1] INFO  segmented.SegmentedRaftLogWorker (SegmentedRaftLogWorker.java:<init>(182)) - new 07a6759e-563e-4423-80ed-ce00ebedab03@group-D8195C25E6F5-SegmentedRaftLogWorker for RaftStorageImpl:Storage Directory /home/runner/work/ozone/ozone/hadoop-ozone/integration-test/target/test-dir/MiniOzoneClusterImpl-c1c80f75-2e15-44e6-8b98-5d8eb23efd07/datanode-0/data/ratis/31dd3078-2fb2-42a8-b0c9-d8195c25e6f5
2022-01-02 13:17:34,204 [pool-300-thread-1] INFO  server.RaftServerConfigKeys (ConfUtils.java:logGet(44)) - raft.server.log.queue.byte-limit = 2147483647 (custom)
2022-01-02 13:17:34,204 [pool-300-thread-1] INFO  server.RaftServerConfigKeys (ConfUtils.java:logGet(44)) - raft.server.log.queue.element-limit = 1024 (custom)
2022-01-02 13:17:34,204 [pool-300-thread-1] INFO  server.RaftServerConfigKeys (ConfUtils.java:logGet(44)) - raft.server.log.segment.size.max = 1048576 (custom)
2022-01-02 13:17:34,204 [pool-300-thread-1] INFO  server.RaftServerConfigKeys (ConfUtils.java:logGet(44)) - raft.server.log.preallocated.size = 16384 (custom)
2022-01-02 13:17:34,204 [pool-300-thread-1] INFO  server.RaftServerConfigKeys (ConfUtils.java:logGet(44)) - raft.server.log.force.sync.num = 128 (default)
2022-01-02 13:17:34,204 [pool-300-thread-1] INFO  server.RaftServerConfigKeys (ConfUtils.java:logGet(44)) - raft.server.log.statemachine.data.sync = true (default)
2022-01-02 13:17:34,204 [pool-300-thread-1] INFO  server.RaftServerConfigKeys (ConfUtils.java:logGet(44)) - raft.server.log.statemachine.data.sync.timeout = 10s (default)
2022-01-02 13:17:34,204 [pool-300-thread-1] INFO  server.RaftServerConfigKeys (ConfUtils.java:logGet(44)) - raft.server.log.statemachine.data.sync.timeout.retry = -1 (default)
2022-01-02 13:17:34,205 [pool-300-thread-1] INFO  server.RaftServerConfigKeys (ConfUtils.java:logGet(44)) - raft.server.log.write.buffer.size = 1048576 (custom)
2022-01-02 13:17:34,210 [5af0e6f8-e325-4784-8af8-34780179857f@group-5D8EB23EFD07-StateMachineUpdater] INFO  safemode.HealthyPipelineSafeModeRule (HealthyPipelineSafeModeRule.java:initializeRule(152)) - Refreshed total pipeline count is 0, healthy pipeline threshold count is 1
2022-01-02 13:17:34,210 [EventQueue-PipelineReportForPipelineReportHandler] INFO  ha.SCMHAInvocationHandler (SCMHAInvocationHandler.java:invokeRatis(113)) - Invoking method public abstract void org.apache.hadoop.hdds.scm.pipeline.PipelineStateManager.updatePipelineState(org.apache.hadoop.hdds.protocol.proto.HddsProtos$PipelineID,org.apache.hadoop.hdds.protocol.proto.HddsProtos$PipelineState) throws java.io.IOException on target org.apache.hadoop.hdds.scm.ha.SCMRatisServerImpl@3310a7ca, cost 50044.621us
2022-01-02 13:17:34,217 [pool-300-thread-1] INFO  server.RaftServerConfigKeys (ConfUtils.java:logGet(44)) - raft.server.log.statemachine.data.caching.enabled = true (custom)
2022-01-02 13:17:34,217 [pool-300-thread-1] INFO  segmented.SegmentedRaftLogWorker (SegmentedRaftLogWorker.java:lambda$new$0(133)) - 07a6759e-563e-4423-80ed-ce00ebedab03@group-D8195C25E6F5-SegmentedRaftLogWorker: flushIndex: setUnconditionally 0 -> -1
2022-01-02 13:17:34,217 [pool-300-thread-1] INFO  segmented.SegmentedRaftLogWorker (SegmentedRaftLogWorker.java:lambda$new$0(133)) - 07a6759e-563e-4423-80ed-ce00ebedab03@group-D8195C25E6F5-SegmentedRaftLogWorker: safeCacheEvictIndex: setUnconditionally 0 -> -1
2022-01-02 13:17:34,218 [EventQueue-OpenPipelineForHealthyPipelineSafeModeRule] INFO  safemode.SCMSafeModeManager (HealthyPipelineSafeModeRule.java:process(124)) - SCM in safe mode. Healthy pipelines reported count is 0, required healthy pipeline reported count is 1
2022-01-02 13:17:34,218 [EventQueue-OpenPipelineForHealthyPipelineSafeModeRule] INFO  safemode.SCMSafeModeManager (HealthyPipelineSafeModeRule.java:process(124)) - SCM in safe mode. Healthy pipelines reported count is 0, required healthy pipeline reported count is 1
2022-01-02 13:17:34,218 [pool-300-thread-1] INFO  server.RaftServerConfigKeys (ConfUtils.java:logGet(44)) - raft.server.snapshot.auto.trigger.enabled = true (custom)
2022-01-02 13:17:34,218 [pool-300-thread-1] INFO  server.RaftServerConfigKeys (ConfUtils.java:logGet(44)) - raft.server.snapshot.auto.trigger.threshold = 10000 (custom)
2022-01-02 13:17:34,218 [pool-300-thread-1] INFO  server.RaftServerConfigKeys (ConfUtils.java:logGet(44)) - raft.server.snapshot.retention.file.num = 5 (custom)
2022-01-02 13:17:34,218 [pool-300-thread-1] INFO  server.RaftServerConfigKeys (ConfUtils.java:logGet(44)) - raft.server.log.purge.upto.snapshot.index = false (default)
2022-01-02 13:17:34,218 [pool-300-thread-1] INFO  server.RaftServerConfigKeys (ConfUtils.java:logGet(44)) - raft.server.retrycache.expirytime = 600000ms (custom)
2022-01-02 13:17:34,218 [pool-300-thread-1] INFO  server.RaftServerConfigKeys (ConfUtils.java:logGet(44)) - raft.server.retrycache.statistics.expirytime = 100μs (default)
2022-01-02 13:17:34,220 [pool-300-thread-1] INFO  server.RaftServer$Division (RaftServerImpl.java:start(301)) - 07a6759e-563e-4423-80ed-ce00ebedab03@group-D8195C25E6F5: start as a follower, conf=-1: [07c4551c-5eaf-48e0-b21d-d7eec408612b|rpc:127.0.0.1:41023|priority:0, 07a6759e-563e-4423-80ed-ce00ebedab03|rpc:127.0.0.1:43531|priority:0, 666cbc02-cfaa-4937-bb27-8c807157e922|rpc:127.0.0.1:45001|priority:1], old=null
2022-01-02 13:17:34,220 [pool-300-thread-1] INFO  server.RaftServer$Division (RaftServerImpl.java:setRole(290)) - 07a6759e-563e-4423-80ed-ce00ebedab03@group-D8195C25E6F5: changes role from      null to FOLLOWER at term 0 for startAsFollower
2022-01-02 13:17:34,220 [pool-300-thread-1] INFO  impl.RoleInfo (RoleInfo.java:updateAndGet(130)) - 07a6759e-563e-4423-80ed-ce00ebedab03: start 07a6759e-563e-4423-80ed-ce00ebedab03@group-D8195C25E6F5-FollowerState
2022-01-02 13:17:34,222 [EndpointStateMachine task thread for /127.0.0.1:14985 - 0 ] INFO  ipc.Client (Client.java:handleConnectionFailure(977)) - Retrying connect to server: localhost/127.0.0.1:14985. Already tried 2 time(s); retry policy is RetryUpToMaximumCountWithFixedSleep(maxRetries=15, sleepTime=1000 MILLISECONDS)
2022-01-02 13:17:34,226 [pool-300-thread-1] INFO  util.JmxRegister (JmxRegister.java:tryRegister(44)) - Successfully registered JMX Bean with object name Ratis:service=RaftServer,group=group-D8195C25E6F5,id=07a6759e-563e-4423-80ed-ce00ebedab03
2022-01-02 13:17:34,233 [Command processor thread] INFO  ratis.XceiverServerRatis (XceiverServerRatis.java:addGroup(768)) - Created group PipelineID=31dd3078-2fb2-42a8-b0c9-d8195c25e6f5
2022-01-02 13:17:34,247 [EventQueue-PipelineReportForPipelineReportHandler] INFO  ha.SCMHAInvocationHandler (SCMHAInvocationHandler.java:invokeRatis(113)) - Invoking method public abstract void org.apache.hadoop.hdds.scm.pipeline.PipelineStateManager.updatePipelineState(org.apache.hadoop.hdds.protocol.proto.HddsProtos$PipelineID,org.apache.hadoop.hdds.protocol.proto.HddsProtos$PipelineState) throws java.io.IOException on target org.apache.hadoop.hdds.scm.ha.SCMRatisServerImpl@5afe652c, cost 67344.501us
2022-01-02 13:17:34,248 [3a1420a4-9adf-490e-ae7f-206b4dea1794@group-5D8EB23EFD07-StateMachineUpdater] INFO  safemode.HealthyPipelineSafeModeRule (HealthyPipelineSafeModeRule.java:initializeRule(152)) - Refreshed total pipeline count is 0, healthy pipeline threshold count is 1
2022-01-02 13:17:34,275 [grpc-default-executor-0] INFO  server.RaftServer (RaftServerProxy.java:addNew(95)) - 07c4551c-5eaf-48e0-b21d-d7eec408612b: addNew group-D8195C25E6F5:[07c4551c-5eaf-48e0-b21d-d7eec408612b|rpc:127.0.0.1:41023|dataStream:|priority:0, 07a6759e-563e-4423-80ed-ce00ebedab03|rpc:127.0.0.1:43531|dataStream:|priority:0, 666cbc02-cfaa-4937-bb27-8c807157e922|rpc:127.0.0.1:45001|dataStream:|priority:1] returns group-D8195C25E6F5:java.util.concurrent.CompletableFuture@17f401be[Not completed]
2022-01-02 13:17:34,299 [pool-346-thread-1] INFO  server.RaftServer$Division (RaftServerImpl.java:<init>(184)) - 07c4551c-5eaf-48e0-b21d-d7eec408612b: new RaftServerImpl for group-D8195C25E6F5:[07c4551c-5eaf-48e0-b21d-d7eec408612b|rpc:127.0.0.1:41023|dataStream:|priority:0, 07a6759e-563e-4423-80ed-ce00ebedab03|rpc:127.0.0.1:43531|dataStream:|priority:0, 666cbc02-cfaa-4937-bb27-8c807157e922|rpc:127.0.0.1:45001|dataStream:|priority:1] with ContainerStateMachine:uninitialized
2022-01-02 13:17:34,300 [pool-346-thread-1] INFO  server.RaftServerConfigKeys (ConfUtils.java:logGet(44)) - raft.server.rpc.timeout.min = 5s (custom)
2022-01-02 13:17:34,300 [pool-346-thread-1] INFO  server.RaftServerConfigKeys (ConfUtils.java:logGet(44)) - raft.server.rpc.timeout.max = 5200ms (custom)
2022-01-02 13:17:34,300 [pool-346-thread-1] INFO  server.RaftServerConfigKeys (ConfUtils.java:logGet(44)) - raft.server.rpc.sleep.time = 25ms (default)
2022-01-02 13:17:34,300 [pool-346-thread-1] INFO  server.RaftServerConfigKeys (ConfUtils.java:logGet(44)) - raft.server.rpc.slowness.timeout = 300s (custom)
2022-01-02 13:17:34,300 [pool-346-thread-1] INFO  server.RaftServerConfigKeys (ConfUtils.java:logGet(44)) - raft.server.leaderelection.leader.step-down.wait-time = 10s (default)
2022-01-02 13:17:34,300 [pool-346-thread-1] INFO  server.RaftServerConfigKeys (ConfUtils.java:logGet(44)) - raft.server.sleep.deviation.threshold = 300ms (default)
2022-01-02 13:17:34,300 [pool-346-thread-1] INFO  server.RaftServerConfigKeys (ConfUtils.java:logGet(44)) - raft.server.log.appender.install.snapshot.enabled = false (custom)
2022-01-02 13:17:34,300 [pool-346-thread-1] INFO  server.RaftServer$Division (ServerState.java:<init>(105)) - 07c4551c-5eaf-48e0-b21d-d7eec408612b@group-D8195C25E6F5: ConfigurationManager, init=-1: [07c4551c-5eaf-48e0-b21d-d7eec408612b|rpc:127.0.0.1:41023|dataStream:|priority:0, 07a6759e-563e-4423-80ed-ce00ebedab03|rpc:127.0.0.1:43531|dataStream:|priority:0, 666cbc02-cfaa-4937-bb27-8c807157e922|rpc:127.0.0.1:45001|dataStream:|priority:1], old=null, confs=<EMPTY_MAP>
2022-01-02 13:17:34,300 [pool-346-thread-1] INFO  server.RaftServerConfigKeys (ConfUtils.java:logGet(44)) - raft.server.storage.dir = [/home/runner/work/ozone/ozone/hadoop-ozone/integration-test/target/test-dir/MiniOzoneClusterImpl-c1c80f75-2e15-44e6-8b98-5d8eb23efd07/datanode-2/data/ratis] (custom)
2022-01-02 13:17:34,300 [pool-346-thread-1] INFO  server.RaftServerConfigKeys (ConfUtils.java:logGet(44)) - raft.server.log.corruption.policy = EXCEPTION (default)
2022-01-02 13:17:34,300 [pool-346-thread-1] INFO  server.RaftServerConfigKeys (ConfUtils.java:logGet(44)) - raft.server.storage.free-space.min = 0MB (=0) (default)
2022-01-02 13:17:34,301 [pool-346-thread-1] INFO  storage.RaftStorageDirectory (RaftStorageDirectoryImpl.java:analyzeStorage(135)) - The storage directory /home/runner/work/ozone/ozone/hadoop-ozone/integration-test/target/test-dir/MiniOzoneClusterImpl-c1c80f75-2e15-44e6-8b98-5d8eb23efd07/datanode-2/data/ratis/31dd3078-2fb2-42a8-b0c9-d8195c25e6f5 does not exist. Creating ...
2022-01-02 13:17:34,303 [pool-346-thread-1] INFO  storage.RaftStorageDirectory (RaftStorageDirectoryImpl.java:tryLock(230)) - Lock on /home/runner/work/ozone/ozone/hadoop-ozone/integration-test/target/test-dir/MiniOzoneClusterImpl-c1c80f75-2e15-44e6-8b98-5d8eb23efd07/datanode-2/data/ratis/31dd3078-2fb2-42a8-b0c9-d8195c25e6f5/in_use.lock acquired by nodename 7823@fv-az195-8
2022-01-02 13:17:34,305 [pool-346-thread-1] INFO  storage.RaftStorage (RaftStorageImpl.java:format(89)) - Storage directory /home/runner/work/ozone/ozone/hadoop-ozone/integration-test/target/test-dir/MiniOzoneClusterImpl-c1c80f75-2e15-44e6-8b98-5d8eb23efd07/datanode-2/data/ratis/31dd3078-2fb2-42a8-b0c9-d8195c25e6f5 has been successfully formatted.
2022-01-02 13:17:34,310 [pool-346-thread-1] INFO  ratis.ContainerStateMachine (ContainerStateMachine.java:loadSnapshot(231)) - group-D8195C25E6F5: The snapshot info is null. Setting the last applied indexto:(t:0, i:~)
2022-01-02 13:17:34,311 [pool-346-thread-1] INFO  server.RaftServerConfigKeys (ConfUtils.java:logGet(44)) - raft.server.notification.no-leader.timeout = 300s (custom)
2022-01-02 13:17:34,311 [pool-346-thread-1] INFO  server.RaftServerConfigKeys (ConfUtils.java:logGet(44)) - raft.server.log.use.memory = false (default)
2022-01-02 13:17:34,311 [pool-346-thread-1] INFO  server.RaftServerConfigKeys (ConfUtils.java:logGet(44)) - raft.server.log.purge.gap = 1000000 (custom)
2022-01-02 13:17:34,311 [pool-346-thread-1] INFO  server.RaftServerConfigKeys (ConfUtils.java:logGet(44)) - raft.server.log.appender.buffer.byte-limit = 33554432 (custom)
2022-01-02 13:17:34,311 [pool-346-thread-1] INFO  server.RaftServerConfigKeys (ConfUtils.java:logGet(44)) - raft.server.log.segment.size.max = 1048576 (custom)
2022-01-02 13:17:34,311 [pool-346-thread-1] INFO  server.RaftServerConfigKeys (ConfUtils.java:logGet(44)) - raft.server.log.segment.cache.num.max = 2 (custom)
2022-01-02 13:17:34,312 [pool-346-thread-1] INFO  server.RaftServerConfigKeys (ConfUtils.java:logGet(44)) - raft.server.log.segment.cache.size.max = 200MB (=209715200) (default)
2022-01-02 13:17:34,312 [pool-346-thread-1] INFO  segmented.SegmentedRaftLogWorker (SegmentedRaftLogWorker.java:<init>(182)) - new 07c4551c-5eaf-48e0-b21d-d7eec408612b@group-D8195C25E6F5-SegmentedRaftLogWorker for RaftStorageImpl:Storage Directory /home/runner/work/ozone/ozone/hadoop-ozone/integration-test/target/test-dir/MiniOzoneClusterImpl-c1c80f75-2e15-44e6-8b98-5d8eb23efd07/datanode-2/data/ratis/31dd3078-2fb2-42a8-b0c9-d8195c25e6f5
2022-01-02 13:17:34,312 [pool-346-thread-1] INFO  server.RaftServerConfigKeys (ConfUtils.java:logGet(44)) - raft.server.log.queue.byte-limit = 2147483647 (custom)
2022-01-02 13:17:34,312 [pool-346-thread-1] INFO  server.RaftServerConfigKeys (ConfUtils.java:logGet(44)) - raft.server.log.queue.element-limit = 1024 (custom)
2022-01-02 13:17:34,312 [pool-346-thread-1] INFO  server.RaftServerConfigKeys (ConfUtils.java:logGet(44)) - raft.server.log.segment.size.max = 1048576 (custom)
2022-01-02 13:17:34,312 [pool-346-thread-1] INFO  server.RaftServerConfigKeys (ConfUtils.java:logGet(44)) - raft.server.log.preallocated.size = 16384 (custom)
2022-01-02 13:17:34,312 [pool-346-thread-1] INFO  server.RaftServerConfigKeys (ConfUtils.java:logGet(44)) - raft.server.log.force.sync.num = 128 (default)
2022-01-02 13:17:34,313 [pool-346-thread-1] INFO  server.RaftServerConfigKeys (ConfUtils.java:logGet(44)) - raft.server.log.statemachine.data.sync = true (default)
2022-01-02 13:17:34,313 [pool-346-thread-1] INFO  server.RaftServerConfigKeys (ConfUtils.java:logGet(44)) - raft.server.log.statemachine.data.sync.timeout = 10s (default)
2022-01-02 13:17:34,313 [pool-346-thread-1] INFO  server.RaftServerConfigKeys (ConfUtils.java:logGet(44)) - raft.server.log.statemachine.data.sync.timeout.retry = -1 (default)
2022-01-02 13:17:34,314 [pool-346-thread-1] INFO  server.RaftServerConfigKeys (ConfUtils.java:logGet(44)) - raft.server.log.write.buffer.size = 1048576 (custom)
2022-01-02 13:17:34,319 [pool-346-thread-1] INFO  server.RaftServerConfigKeys (ConfUtils.java:logGet(44)) - raft.server.log.statemachine.data.caching.enabled = true (custom)
2022-01-02 13:17:34,320 [pool-346-thread-1] INFO  segmented.SegmentedRaftLogWorker (SegmentedRaftLogWorker.java:lambda$new$0(133)) - 07c4551c-5eaf-48e0-b21d-d7eec408612b@group-D8195C25E6F5-SegmentedRaftLogWorker: flushIndex: setUnconditionally 0 -> -1
2022-01-02 13:17:34,320 [pool-346-thread-1] INFO  segmented.SegmentedRaftLogWorker (SegmentedRaftLogWorker.java:lambda$new$0(133)) - 07c4551c-5eaf-48e0-b21d-d7eec408612b@group-D8195C25E6F5-SegmentedRaftLogWorker: safeCacheEvictIndex: setUnconditionally 0 -> -1
2022-01-02 13:17:34,319 [EventQueue-OpenPipelineForHealthyPipelineSafeModeRule] INFO  safemode.SCMSafeModeManager (HealthyPipelineSafeModeRule.java:process(124)) - SCM in safe mode. Healthy pipelines reported count is 0, required healthy pipeline reported count is 1
2022-01-02 13:17:34,326 [pool-346-thread-1] INFO  server.RaftServerConfigKeys (ConfUtils.java:logGet(44)) - raft.server.snapshot.auto.trigger.enabled = true (custom)
2022-01-02 13:17:34,326 [pool-346-thread-1] INFO  server.RaftServerConfigKeys (ConfUtils.java:logGet(44)) - raft.server.snapshot.auto.trigger.threshold = 10000 (custom)
2022-01-02 13:17:34,326 [pool-346-thread-1] INFO  server.RaftServerConfigKeys (ConfUtils.java:logGet(44)) - raft.server.snapshot.retention.file.num = 5 (custom)
2022-01-02 13:17:34,326 [pool-346-thread-1] INFO  server.RaftServerConfigKeys (ConfUtils.java:logGet(44)) - raft.server.log.purge.upto.snapshot.index = false (default)
2022-01-02 13:17:34,326 [pool-346-thread-1] INFO  server.RaftServerConfigKeys (ConfUtils.java:logGet(44)) - raft.server.retrycache.expirytime = 600000ms (custom)
2022-01-02 13:17:34,326 [pool-346-thread-1] INFO  server.RaftServerConfigKeys (ConfUtils.java:logGet(44)) - raft.server.retrycache.statistics.expirytime = 100μs (default)
2022-01-02 13:17:34,327 [pool-346-thread-1] INFO  server.RaftServer$Division (RaftServerImpl.java:start(301)) - 07c4551c-5eaf-48e0-b21d-d7eec408612b@group-D8195C25E6F5: start as a follower, conf=-1: [07c4551c-5eaf-48e0-b21d-d7eec408612b|rpc:127.0.0.1:41023|dataStream:|priority:0, 07a6759e-563e-4423-80ed-ce00ebedab03|rpc:127.0.0.1:43531|dataStream:|priority:0, 666cbc02-cfaa-4937-bb27-8c807157e922|rpc:127.0.0.1:45001|dataStream:|priority:1], old=null
2022-01-02 13:17:34,327 [pool-346-thread-1] INFO  server.RaftServer$Division (RaftServerImpl.java:setRole(290)) - 07c4551c-5eaf-48e0-b21d-d7eec408612b@group-D8195C25E6F5: changes role from      null to FOLLOWER at term 0 for startAsFollower
2022-01-02 13:17:34,327 [pool-346-thread-1] INFO  impl.RoleInfo (RoleInfo.java:updateAndGet(130)) - 07c4551c-5eaf-48e0-b21d-d7eec408612b: start 07c4551c-5eaf-48e0-b21d-d7eec408612b@group-D8195C25E6F5-FollowerState
2022-01-02 13:17:34,343 [pool-346-thread-1] INFO  util.JmxRegister (JmxRegister.java:tryRegister(44)) - Successfully registered JMX Bean with object name Ratis:service=RaftServer,group=group-D8195C25E6F5,id=07c4551c-5eaf-48e0-b21d-d7eec408612b
2022-01-02 13:17:34,400 [grpc-default-executor-0] INFO  server.RaftServer (RaftServerProxy.java:addNew(95)) - 666cbc02-cfaa-4937-bb27-8c807157e922: addNew group-D8195C25E6F5:[07c4551c-5eaf-48e0-b21d-d7eec408612b|rpc:127.0.0.1:41023|dataStream:|priority:0, 07a6759e-563e-4423-80ed-ce00ebedab03|rpc:127.0.0.1:43531|dataStream:|priority:0, 666cbc02-cfaa-4937-bb27-8c807157e922|rpc:127.0.0.1:45001|dataStream:|priority:1] returns group-D8195C25E6F5:java.util.concurrent.CompletableFuture@37830d0a[Not completed]
2022-01-02 13:17:34,401 [pool-323-thread-1] INFO  server.RaftServer$Division (RaftServerImpl.java:<init>(184)) - 666cbc02-cfaa-4937-bb27-8c807157e922: new RaftServerImpl for group-D8195C25E6F5:[07c4551c-5eaf-48e0-b21d-d7eec408612b|rpc:127.0.0.1:41023|dataStream:|priority:0, 07a6759e-563e-4423-80ed-ce00ebedab03|rpc:127.0.0.1:43531|dataStream:|priority:0, 666cbc02-cfaa-4937-bb27-8c807157e922|rpc:127.0.0.1:45001|dataStream:|priority:1] with ContainerStateMachine:uninitialized
2022-01-02 13:17:34,401 [pool-323-thread-1] INFO  server.RaftServerConfigKeys (ConfUtils.java:logGet(44)) - raft.server.rpc.timeout.min = 5s (custom)
2022-01-02 13:17:34,402 [pool-323-thread-1] INFO  server.RaftServerConfigKeys (ConfUtils.java:logGet(44)) - raft.server.rpc.timeout.max = 5200ms (custom)
2022-01-02 13:17:34,402 [pool-323-thread-1] INFO  server.RaftServerConfigKeys (ConfUtils.java:logGet(44)) - raft.server.rpc.sleep.time = 25ms (default)
2022-01-02 13:17:34,402 [pool-323-thread-1] INFO  server.RaftServerConfigKeys (ConfUtils.java:logGet(44)) - raft.server.rpc.slowness.timeout = 300s (custom)
2022-01-02 13:17:34,402 [pool-323-thread-1] INFO  server.RaftServerConfigKeys (ConfUtils.java:logGet(44)) - raft.server.leaderelection.leader.step-down.wait-time = 10s (default)
2022-01-02 13:17:34,402 [pool-323-thread-1] INFO  server.RaftServerConfigKeys (ConfUtils.java:logGet(44)) - raft.server.sleep.deviation.threshold = 300ms (default)
2022-01-02 13:17:34,402 [pool-323-thread-1] INFO  server.RaftServerConfigKeys (ConfUtils.java:logGet(44)) - raft.server.log.appender.install.snapshot.enabled = false (custom)
2022-01-02 13:17:34,402 [pool-323-thread-1] INFO  server.RaftServer$Division (ServerState.java:<init>(105)) - 666cbc02-cfaa-4937-bb27-8c807157e922@group-D8195C25E6F5: ConfigurationManager, init=-1: [07c4551c-5eaf-48e0-b21d-d7eec408612b|rpc:127.0.0.1:41023|dataStream:|priority:0, 07a6759e-563e-4423-80ed-ce00ebedab03|rpc:127.0.0.1:43531|dataStream:|priority:0, 666cbc02-cfaa-4937-bb27-8c807157e922|rpc:127.0.0.1:45001|dataStream:|priority:1], old=null, confs=<EMPTY_MAP>
2022-01-02 13:17:34,402 [pool-323-thread-1] INFO  server.RaftServerConfigKeys (ConfUtils.java:logGet(44)) - raft.server.storage.dir = [/home/runner/work/ozone/ozone/hadoop-ozone/integration-test/target/test-dir/MiniOzoneClusterImpl-c1c80f75-2e15-44e6-8b98-5d8eb23efd07/datanode-1/data/ratis] (custom)
2022-01-02 13:17:34,402 [pool-323-thread-1] INFO  server.RaftServerConfigKeys (ConfUtils.java:logGet(44)) - raft.server.log.corruption.policy = EXCEPTION (default)
2022-01-02 13:17:34,402 [pool-323-thread-1] INFO  server.RaftServerConfigKeys (ConfUtils.java:logGet(44)) - raft.server.storage.free-space.min = 0MB (=0) (default)
2022-01-02 13:17:34,402 [pool-323-thread-1] INFO  storage.RaftStorageDirectory (RaftStorageDirectoryImpl.java:analyzeStorage(135)) - The storage directory /home/runner/work/ozone/ozone/hadoop-ozone/integration-test/target/test-dir/MiniOzoneClusterImpl-c1c80f75-2e15-44e6-8b98-5d8eb23efd07/datanode-1/data/ratis/31dd3078-2fb2-42a8-b0c9-d8195c25e6f5 does not exist. Creating ...
2022-01-02 13:17:34,404 [pool-323-thread-1] INFO  storage.RaftStorageDirectory (RaftStorageDirectoryImpl.java:tryLock(230)) - Lock on /home/runner/work/ozone/ozone/hadoop-ozone/integration-test/target/test-dir/MiniOzoneClusterImpl-c1c80f75-2e15-44e6-8b98-5d8eb23efd07/datanode-1/data/ratis/31dd3078-2fb2-42a8-b0c9-d8195c25e6f5/in_use.lock acquired by nodename 7823@fv-az195-8
2022-01-02 13:17:34,406 [pool-323-thread-1] INFO  storage.RaftStorage (RaftStorageImpl.java:format(89)) - Storage directory /home/runner/work/ozone/ozone/hadoop-ozone/integration-test/target/test-dir/MiniOzoneClusterImpl-c1c80f75-2e15-44e6-8b98-5d8eb23efd07/datanode-1/data/ratis/31dd3078-2fb2-42a8-b0c9-d8195c25e6f5 has been successfully formatted.
2022-01-02 13:17:34,412 [pool-323-thread-1] INFO  ratis.ContainerStateMachine (ContainerStateMachine.java:loadSnapshot(231)) - group-D8195C25E6F5: The snapshot info is null. Setting the last applied indexto:(t:0, i:~)
2022-01-02 13:17:34,415 [pool-323-thread-1] INFO  server.RaftServerConfigKeys (ConfUtils.java:logGet(44)) - raft.server.notification.no-leader.timeout = 300s (custom)
2022-01-02 13:17:34,416 [pool-323-thread-1] INFO  server.RaftServerConfigKeys (ConfUtils.java:logGet(44)) - raft.server.log.use.memory = false (default)
2022-01-02 13:17:34,416 [pool-323-thread-1] INFO  server.RaftServerConfigKeys (ConfUtils.java:logGet(44)) - raft.server.log.purge.gap = 1000000 (custom)
2022-01-02 13:17:34,416 [pool-323-thread-1] INFO  server.RaftServerConfigKeys (ConfUtils.java:logGet(44)) - raft.server.log.appender.buffer.byte-limit = 33554432 (custom)
2022-01-02 13:17:34,416 [pool-323-thread-1] INFO  server.RaftServerConfigKeys (ConfUtils.java:logGet(44)) - raft.server.log.segment.size.max = 1048576 (custom)
2022-01-02 13:17:34,417 [pool-323-thread-1] INFO  server.RaftServerConfigKeys (ConfUtils.java:logGet(44)) - raft.server.log.segment.cache.num.max = 2 (custom)
2022-01-02 13:17:34,417 [pool-323-thread-1] INFO  server.RaftServerConfigKeys (ConfUtils.java:logGet(44)) - raft.server.log.segment.cache.size.max = 200MB (=209715200) (default)
2022-01-02 13:17:34,417 [pool-323-thread-1] INFO  segmented.SegmentedRaftLogWorker (SegmentedRaftLogWorker.java:<init>(182)) - new 666cbc02-cfaa-4937-bb27-8c807157e922@group-D8195C25E6F5-SegmentedRaftLogWorker for RaftStorageImpl:Storage Directory /home/runner/work/ozone/ozone/hadoop-ozone/integration-test/target/test-dir/MiniOzoneClusterImpl-c1c80f75-2e15-44e6-8b98-5d8eb23efd07/datanode-1/data/ratis/31dd3078-2fb2-42a8-b0c9-d8195c25e6f5
2022-01-02 13:17:34,417 [pool-323-thread-1] INFO  server.RaftServerConfigKeys (ConfUtils.java:logGet(44)) - raft.server.log.queue.byte-limit = 2147483647 (custom)
2022-01-02 13:17:34,417 [pool-323-thread-1] INFO  server.RaftServerConfigKeys (ConfUtils.java:logGet(44)) - raft.server.log.queue.element-limit = 1024 (custom)
2022-01-02 13:17:34,417 [pool-323-thread-1] INFO  server.RaftServerConfigKeys (ConfUtils.java:logGet(44)) - raft.server.log.segment.size.max = 1048576 (custom)
2022-01-02 13:17:34,417 [pool-323-thread-1] INFO  server.RaftServerConfigKeys (ConfUtils.java:logGet(44)) - raft.server.log.preallocated.size = 16384 (custom)
2022-01-02 13:17:34,417 [pool-323-thread-1] INFO  server.RaftServerConfigKeys (ConfUtils.java:logGet(44)) - raft.server.log.force.sync.num = 128 (default)
2022-01-02 13:17:34,417 [pool-323-thread-1] INFO  server.RaftServerConfigKeys (ConfUtils.java:logGet(44)) - raft.server.log.statemachine.data.sync = true (default)
2022-01-02 13:17:34,417 [pool-323-thread-1] INFO  server.RaftServerConfigKeys (ConfUtils.java:logGet(44)) - raft.server.log.statemachine.data.sync.timeout = 10s (default)
2022-01-02 13:17:34,417 [pool-323-thread-1] INFO  server.RaftServerConfigKeys (ConfUtils.java:logGet(44)) - raft.server.log.statemachine.data.sync.timeout.retry = -1 (default)
2022-01-02 13:17:34,418 [pool-323-thread-1] INFO  server.RaftServerConfigKeys (ConfUtils.java:logGet(44)) - raft.server.log.write.buffer.size = 1048576 (custom)
2022-01-02 13:17:34,421 [pool-323-thread-1] INFO  server.RaftServerConfigKeys (ConfUtils.java:logGet(44)) - raft.server.log.statemachine.data.caching.enabled = true (custom)
2022-01-02 13:17:34,421 [pool-323-thread-1] INFO  segmented.SegmentedRaftLogWorker (SegmentedRaftLogWorker.java:lambda$new$0(133)) - 666cbc02-cfaa-4937-bb27-8c807157e922@group-D8195C25E6F5-SegmentedRaftLogWorker: flushIndex: setUnconditionally 0 -> -1
2022-01-02 13:17:34,421 [pool-323-thread-1] INFO  segmented.SegmentedRaftLogWorker (SegmentedRaftLogWorker.java:lambda$new$0(133)) - 666cbc02-cfaa-4937-bb27-8c807157e922@group-D8195C25E6F5-SegmentedRaftLogWorker: safeCacheEvictIndex: setUnconditionally 0 -> -1
2022-01-02 13:17:34,426 [pool-323-thread-1] INFO  server.RaftServerConfigKeys (ConfUtils.java:logGet(44)) - raft.server.snapshot.auto.trigger.enabled = true (custom)
2022-01-02 13:17:34,426 [pool-323-thread-1] INFO  server.RaftServerConfigKeys (ConfUtils.java:logGet(44)) - raft.server.snapshot.auto.trigger.threshold = 10000 (custom)
2022-01-02 13:17:34,426 [pool-323-thread-1] INFO  server.RaftServerConfigKeys (ConfUtils.java:logGet(44)) - raft.server.snapshot.retention.file.num = 5 (custom)
2022-01-02 13:17:34,426 [pool-323-thread-1] INFO  server.RaftServerConfigKeys (ConfUtils.java:logGet(44)) - raft.server.log.purge.upto.snapshot.index = false (default)
2022-01-02 13:17:34,426 [pool-323-thread-1] INFO  server.RaftServerConfigKeys (ConfUtils.java:logGet(44)) - raft.server.retrycache.expirytime = 600000ms (custom)
2022-01-02 13:17:34,426 [pool-323-thread-1] INFO  server.RaftServerConfigKeys (ConfUtils.java:logGet(44)) - raft.server.retrycache.statistics.expirytime = 100μs (default)
2022-01-02 13:17:34,427 [pool-323-thread-1] INFO  server.RaftServer$Division (RaftServerImpl.java:start(301)) - 666cbc02-cfaa-4937-bb27-8c807157e922@group-D8195C25E6F5: start as a follower, conf=-1: [07c4551c-5eaf-48e0-b21d-d7eec408612b|rpc:127.0.0.1:41023|dataStream:|priority:0, 07a6759e-563e-4423-80ed-ce00ebedab03|rpc:127.0.0.1:43531|dataStream:|priority:0, 666cbc02-cfaa-4937-bb27-8c807157e922|rpc:127.0.0.1:45001|dataStream:|priority:1], old=null
2022-01-02 13:17:34,427 [pool-323-thread-1] INFO  server.RaftServer$Division (RaftServerImpl.java:setRole(290)) - 666cbc02-cfaa-4937-bb27-8c807157e922@group-D8195C25E6F5: changes role from      null to FOLLOWER at term 0 for startAsFollower
2022-01-02 13:17:34,427 [pool-323-thread-1] INFO  impl.RoleInfo (RoleInfo.java:updateAndGet(130)) - 666cbc02-cfaa-4937-bb27-8c807157e922: start 666cbc02-cfaa-4937-bb27-8c807157e922@group-D8195C25E6F5-FollowerState
2022-01-02 13:17:34,441 [pool-323-thread-1] INFO  util.JmxRegister (JmxRegister.java:tryRegister(44)) - Successfully registered JMX Bean with object name Ratis:service=RaftServer,group=group-D8195C25E6F5,id=666cbc02-cfaa-4937-bb27-8c807157e922
2022-01-02 13:17:34,469 [Command processor thread] INFO  commandhandler.CreatePipelineCommandHandler (CreatePipelineCommandHandler.java:handle(106)) - Created Pipeline RATIS THREE PipelineID=31dd3078-2fb2-42a8-b0c9-d8195c25e6f5.
2022-01-02 13:17:34,469 [Command processor thread] INFO  server.RaftServer (RaftServerProxy.java:addNew(95)) - 07a6759e-563e-4423-80ed-ce00ebedab03: addNew group-FCC823D1752E:[07c4551c-5eaf-48e0-b21d-d7eec408612b|rpc:127.0.0.1:41023|priority:0, 07a6759e-563e-4423-80ed-ce00ebedab03|rpc:127.0.0.1:43531|priority:1, 666cbc02-cfaa-4937-bb27-8c807157e922|rpc:127.0.0.1:45001|priority:0] returns group-FCC823D1752E:java.util.concurrent.CompletableFuture@63bb2b7f[Not completed]
2022-01-02 13:17:34,470 [pool-300-thread-1] INFO  server.RaftServer$Division (RaftServerImpl.java:<init>(184)) - 07a6759e-563e-4423-80ed-ce00ebedab03: new RaftServerImpl for group-FCC823D1752E:[07c4551c-5eaf-48e0-b21d-d7eec408612b|rpc:127.0.0.1:41023|priority:0, 07a6759e-563e-4423-80ed-ce00ebedab03|rpc:127.0.0.1:43531|priority:1, 666cbc02-cfaa-4937-bb27-8c807157e922|rpc:127.0.0.1:45001|priority:0] with ContainerStateMachine:uninitialized
2022-01-02 13:17:34,470 [pool-300-thread-1] INFO  server.RaftServerConfigKeys (ConfUtils.java:logGet(44)) - raft.server.rpc.timeout.min = 5s (custom)
2022-01-02 13:17:34,470 [pool-300-thread-1] INFO  server.RaftServerConfigKeys (ConfUtils.java:logGet(44)) - raft.server.rpc.timeout.max = 5200ms (custom)
2022-01-02 13:17:34,470 [pool-300-thread-1] INFO  server.RaftServerConfigKeys (ConfUtils.java:logGet(44)) - raft.server.rpc.sleep.time = 25ms (default)
2022-01-02 13:17:34,470 [pool-300-thread-1] INFO  server.RaftServerConfigKeys (ConfUtils.java:logGet(44)) - raft.server.rpc.slowness.timeout = 300s (custom)
2022-01-02 13:17:34,470 [pool-300-thread-1] INFO  server.RaftServerConfigKeys (ConfUtils.java:logGet(44)) - raft.server.leaderelection.leader.step-down.wait-time = 10s (default)
2022-01-02 13:17:34,470 [pool-300-thread-1] INFO  server.RaftServerConfigKeys (ConfUtils.java:logGet(44)) - raft.server.sleep.deviation.threshold = 300ms (default)
2022-01-02 13:17:34,471 [pool-300-thread-1] INFO  server.RaftServerConfigKeys (ConfUtils.java:logGet(44)) - raft.server.log.appender.install.snapshot.enabled = false (custom)
2022-01-02 13:17:34,471 [pool-300-thread-1] INFO  server.RaftServer$Division (ServerState.java:<init>(105)) - 07a6759e-563e-4423-80ed-ce00ebedab03@group-FCC823D1752E: ConfigurationManager, init=-1: [07c4551c-5eaf-48e0-b21d-d7eec408612b|rpc:127.0.0.1:41023|priority:0, 07a6759e-563e-4423-80ed-ce00ebedab03|rpc:127.0.0.1:43531|priority:1, 666cbc02-cfaa-4937-bb27-8c807157e922|rpc:127.0.0.1:45001|priority:0], old=null, confs=<EMPTY_MAP>
2022-01-02 13:17:34,471 [pool-300-thread-1] INFO  server.RaftServerConfigKeys (ConfUtils.java:logGet(44)) - raft.server.storage.dir = [/home/runner/work/ozone/ozone/hadoop-ozone/integration-test/target/test-dir/MiniOzoneClusterImpl-c1c80f75-2e15-44e6-8b98-5d8eb23efd07/datanode-0/data/ratis] (custom)
2022-01-02 13:17:34,471 [pool-300-thread-1] INFO  server.RaftServerConfigKeys (ConfUtils.java:logGet(44)) - raft.server.log.corruption.policy = EXCEPTION (default)
2022-01-02 13:17:34,471 [pool-300-thread-1] INFO  server.RaftServerConfigKeys (ConfUtils.java:logGet(44)) - raft.server.storage.free-space.min = 0MB (=0) (default)
2022-01-02 13:17:34,471 [pool-300-thread-1] INFO  storage.RaftStorageDirectory (RaftStorageDirectoryImpl.java:analyzeStorage(135)) - The storage directory /home/runner/work/ozone/ozone/hadoop-ozone/integration-test/target/test-dir/MiniOzoneClusterImpl-c1c80f75-2e15-44e6-8b98-5d8eb23efd07/datanode-0/data/ratis/b207d06a-988f-4864-b344-fcc823d1752e does not exist. Creating ...
2022-01-02 13:17:34,472 [pool-300-thread-1] INFO  storage.RaftStorageDirectory (RaftStorageDirectoryImpl.java:tryLock(230)) - Lock on /home/runner/work/ozone/ozone/hadoop-ozone/integration-test/target/test-dir/MiniOzoneClusterImpl-c1c80f75-2e15-44e6-8b98-5d8eb23efd07/datanode-0/data/ratis/b207d06a-988f-4864-b344-fcc823d1752e/in_use.lock acquired by nodename 7823@fv-az195-8
2022-01-02 13:17:34,474 [pool-300-thread-1] INFO  storage.RaftStorage (RaftStorageImpl.java:format(89)) - Storage directory /home/runner/work/ozone/ozone/hadoop-ozone/integration-test/target/test-dir/MiniOzoneClusterImpl-c1c80f75-2e15-44e6-8b98-5d8eb23efd07/datanode-0/data/ratis/b207d06a-988f-4864-b344-fcc823d1752e has been successfully formatted.
2022-01-02 13:17:34,475 [pool-300-thread-1] INFO  ratis.ContainerStateMachine (ContainerStateMachine.java:loadSnapshot(231)) - group-FCC823D1752E: The snapshot info is null. Setting the last applied indexto:(t:0, i:~)
2022-01-02 13:17:34,475 [pool-300-thread-1] INFO  server.RaftServerConfigKeys (ConfUtils.java:logGet(44)) - raft.server.notification.no-leader.timeout = 300s (custom)
2022-01-02 13:17:34,475 [pool-300-thread-1] INFO  server.RaftServerConfigKeys (ConfUtils.java:logGet(44)) - raft.server.log.use.memory = false (default)
2022-01-02 13:17:34,475 [EventQueue-OpenPipelineForHealthyPipelineSafeModeRule] INFO  safemode.SCMSafeModeManager (HealthyPipelineSafeModeRule.java:process(124)) - SCM in safe mode. Healthy pipelines reported count is 0, required healthy pipeline reported count is 1
2022-01-02 13:17:34,475 [pool-300-thread-1] INFO  server.RaftServerConfigKeys (ConfUtils.java:logGet(44)) - raft.server.log.purge.gap = 1000000 (custom)
2022-01-02 13:17:34,476 [pool-300-thread-1] INFO  server.RaftServerConfigKeys (ConfUtils.java:logGet(44)) - raft.server.log.appender.buffer.byte-limit = 33554432 (custom)
2022-01-02 13:17:34,476 [pool-300-thread-1] INFO  server.RaftServerConfigKeys (ConfUtils.java:logGet(44)) - raft.server.log.segment.size.max = 1048576 (custom)
2022-01-02 13:17:34,476 [EventQueue-OpenPipelineForHealthyPipelineSafeModeRule] INFO  safemode.SCMSafeModeManager (HealthyPipelineSafeModeRule.java:process(124)) - SCM in safe mode. Healthy pipelines reported count is 0, required healthy pipeline reported count is 1
2022-01-02 13:17:34,477 [pool-300-thread-1] INFO  server.RaftServerConfigKeys (ConfUtils.java:logGet(44)) - raft.server.log.segment.cache.num.max = 2 (custom)
2022-01-02 13:17:34,477 [pool-300-thread-1] INFO  server.RaftServerConfigKeys (ConfUtils.java:logGet(44)) - raft.server.log.segment.cache.size.max = 200MB (=209715200) (default)
2022-01-02 13:17:34,477 [pool-300-thread-1] INFO  segmented.SegmentedRaftLogWorker (SegmentedRaftLogWorker.java:<init>(182)) - new 07a6759e-563e-4423-80ed-ce00ebedab03@group-FCC823D1752E-SegmentedRaftLogWorker for RaftStorageImpl:Storage Directory /home/runner/work/ozone/ozone/hadoop-ozone/integration-test/target/test-dir/MiniOzoneClusterImpl-c1c80f75-2e15-44e6-8b98-5d8eb23efd07/datanode-0/data/ratis/b207d06a-988f-4864-b344-fcc823d1752e
2022-01-02 13:17:34,477 [pool-300-thread-1] INFO  server.RaftServerConfigKeys (ConfUtils.java:logGet(44)) - raft.server.log.queue.byte-limit = 2147483647 (custom)
2022-01-02 13:17:34,477 [pool-300-thread-1] INFO  server.RaftServerConfigKeys (ConfUtils.java:logGet(44)) - raft.server.log.queue.element-limit = 1024 (custom)
2022-01-02 13:17:34,477 [pool-300-thread-1] INFO  server.RaftServerConfigKeys (ConfUtils.java:logGet(44)) - raft.server.log.segment.size.max = 1048576 (custom)
2022-01-02 13:17:34,479 [pool-300-thread-1] INFO  server.RaftServerConfigKeys (ConfUtils.java:logGet(44)) - raft.server.log.preallocated.size = 16384 (custom)
2022-01-02 13:17:34,479 [pool-300-thread-1] INFO  server.RaftServerConfigKeys (ConfUtils.java:logGet(44)) - raft.server.log.force.sync.num = 128 (default)
2022-01-02 13:17:34,479 [pool-300-thread-1] INFO  server.RaftServerConfigKeys (ConfUtils.java:logGet(44)) - raft.server.log.statemachine.data.sync = true (default)
2022-01-02 13:17:34,480 [pool-300-thread-1] INFO  server.RaftServerConfigKeys (ConfUtils.java:logGet(44)) - raft.server.log.statemachine.data.sync.timeout = 10s (default)
2022-01-02 13:17:34,480 [pool-300-thread-1] INFO  server.RaftServerConfigKeys (ConfUtils.java:logGet(44)) - raft.server.log.statemachine.data.sync.timeout.retry = -1 (default)
2022-01-02 13:17:34,480 [pool-300-thread-1] INFO  server.RaftServerConfigKeys (ConfUtils.java:logGet(44)) - raft.server.log.write.buffer.size = 1048576 (custom)
2022-01-02 13:17:34,481 [pool-300-thread-1] INFO  server.RaftServerConfigKeys (ConfUtils.java:logGet(44)) - raft.server.log.statemachine.data.caching.enabled = true (custom)
2022-01-02 13:17:34,481 [pool-300-thread-1] INFO  segmented.SegmentedRaftLogWorker (SegmentedRaftLogWorker.java:lambda$new$0(133)) - 07a6759e-563e-4423-80ed-ce00ebedab03@group-FCC823D1752E-SegmentedRaftLogWorker: flushIndex: setUnconditionally 0 -> -1
2022-01-02 13:17:34,481 [pool-300-thread-1] INFO  segmented.SegmentedRaftLogWorker (SegmentedRaftLogWorker.java:lambda$new$0(133)) - 07a6759e-563e-4423-80ed-ce00ebedab03@group-FCC823D1752E-SegmentedRaftLogWorker: safeCacheEvictIndex: setUnconditionally 0 -> -1
2022-01-02 13:17:34,489 [pool-300-thread-1] INFO  server.RaftServerConfigKeys (ConfUtils.java:logGet(44)) - raft.server.snapshot.auto.trigger.enabled = true (custom)
2022-01-02 13:17:34,489 [pool-300-thread-1] INFO  server.RaftServerConfigKeys (ConfUtils.java:logGet(44)) - raft.server.snapshot.auto.trigger.threshold = 10000 (custom)
2022-01-02 13:17:34,489 [pool-300-thread-1] INFO  server.RaftServerConfigKeys (ConfUtils.java:logGet(44)) - raft.server.snapshot.retention.file.num = 5 (custom)
2022-01-02 13:17:34,489 [pool-300-thread-1] INFO  server.RaftServerConfigKeys (ConfUtils.java:logGet(44)) - raft.server.log.purge.upto.snapshot.index = false (default)
2022-01-02 13:17:34,490 [pool-300-thread-1] INFO  server.RaftServerConfigKeys (ConfUtils.java:logGet(44)) - raft.server.retrycache.expirytime = 600000ms (custom)
2022-01-02 13:17:34,490 [pool-300-thread-1] INFO  server.RaftServerConfigKeys (ConfUtils.java:logGet(44)) - raft.server.retrycache.statistics.expirytime = 100μs (default)
2022-01-02 13:17:34,491 [pool-300-thread-1] INFO  server.RaftServer$Division (RaftServerImpl.java:start(301)) - 07a6759e-563e-4423-80ed-ce00ebedab03@group-FCC823D1752E: start as a follower, conf=-1: [07c4551c-5eaf-48e0-b21d-d7eec408612b|rpc:127.0.0.1:41023|priority:0, 07a6759e-563e-4423-80ed-ce00ebedab03|rpc:127.0.0.1:43531|priority:1, 666cbc02-cfaa-4937-bb27-8c807157e922|rpc:127.0.0.1:45001|priority:0], old=null
2022-01-02 13:17:34,491 [pool-300-thread-1] INFO  server.RaftServer$Division (RaftServerImpl.java:setRole(290)) - 07a6759e-563e-4423-80ed-ce00ebedab03@group-FCC823D1752E: changes role from      null to FOLLOWER at term 0 for startAsFollower
2022-01-02 13:17:34,491 [pool-300-thread-1] INFO  impl.RoleInfo (RoleInfo.java:updateAndGet(130)) - 07a6759e-563e-4423-80ed-ce00ebedab03: start 07a6759e-563e-4423-80ed-ce00ebedab03@group-FCC823D1752E-FollowerState
2022-01-02 13:17:34,501 [pool-300-thread-1] INFO  util.JmxRegister (JmxRegister.java:tryRegister(44)) - Successfully registered JMX Bean with object name Ratis:service=RaftServer,group=group-FCC823D1752E,id=07a6759e-563e-4423-80ed-ce00ebedab03
2022-01-02 13:17:34,502 [Command processor thread] INFO  ratis.XceiverServerRatis (XceiverServerRatis.java:addGroup(768)) - Created group PipelineID=b207d06a-988f-4864-b344-fcc823d1752e
2022-01-02 13:17:34,522 [grpc-default-executor-0] INFO  server.RaftServer (RaftServerProxy.java:addNew(95)) - 07c4551c-5eaf-48e0-b21d-d7eec408612b: addNew group-FCC823D1752E:[07c4551c-5eaf-48e0-b21d-d7eec408612b|rpc:127.0.0.1:41023|dataStream:|priority:0, 07a6759e-563e-4423-80ed-ce00ebedab03|rpc:127.0.0.1:43531|dataStream:|priority:1, 666cbc02-cfaa-4937-bb27-8c807157e922|rpc:127.0.0.1:45001|dataStream:|priority:0] returns group-FCC823D1752E:java.util.concurrent.CompletableFuture@513eb307[Not completed]
2022-01-02 13:17:34,522 [pool-346-thread-1] INFO  server.RaftServer$Division (RaftServerImpl.java:<init>(184)) - 07c4551c-5eaf-48e0-b21d-d7eec408612b: new RaftServerImpl for group-FCC823D1752E:[07c4551c-5eaf-48e0-b21d-d7eec408612b|rpc:127.0.0.1:41023|dataStream:|priority:0, 07a6759e-563e-4423-80ed-ce00ebedab03|rpc:127.0.0.1:43531|dataStream:|priority:1, 666cbc02-cfaa-4937-bb27-8c807157e922|rpc:127.0.0.1:45001|dataStream:|priority:0] with ContainerStateMachine:uninitialized
2022-01-02 13:17:34,523 [pool-346-thread-1] INFO  server.RaftServerConfigKeys (ConfUtils.java:logGet(44)) - raft.server.rpc.timeout.min = 5s (custom)
2022-01-02 13:17:34,523 [pool-346-thread-1] INFO  server.RaftServerConfigKeys (ConfUtils.java:logGet(44)) - raft.server.rpc.timeout.max = 5200ms (custom)
2022-01-02 13:17:34,523 [pool-346-thread-1] INFO  server.RaftServerConfigKeys (ConfUtils.java:logGet(44)) - raft.server.rpc.sleep.time = 25ms (default)
2022-01-02 13:17:34,523 [pool-346-thread-1] INFO  server.RaftServerConfigKeys (ConfUtils.java:logGet(44)) - raft.server.rpc.slowness.timeout = 300s (custom)
2022-01-02 13:17:34,523 [pool-346-thread-1] INFO  server.RaftServerConfigKeys (ConfUtils.java:logGet(44)) - raft.server.leaderelection.leader.step-down.wait-time = 10s (default)
2022-01-02 13:17:34,523 [pool-346-thread-1] INFO  server.RaftServerConfigKeys (ConfUtils.java:logGet(44)) - raft.server.sleep.deviation.threshold = 300ms (default)
2022-01-02 13:17:34,523 [pool-346-thread-1] INFO  server.RaftServerConfigKeys (ConfUtils.java:logGet(44)) - raft.server.log.appender.install.snapshot.enabled = false (custom)
2022-01-02 13:17:34,523 [pool-346-thread-1] INFO  server.RaftServer$Division (ServerState.java:<init>(105)) - 07c4551c-5eaf-48e0-b21d-d7eec408612b@group-FCC823D1752E: ConfigurationManager, init=-1: [07c4551c-5eaf-48e0-b21d-d7eec408612b|rpc:127.0.0.1:41023|dataStream:|priority:0, 07a6759e-563e-4423-80ed-ce00ebedab03|rpc:127.0.0.1:43531|dataStream:|priority:1, 666cbc02-cfaa-4937-bb27-8c807157e922|rpc:127.0.0.1:45001|dataStream:|priority:0], old=null, confs=<EMPTY_MAP>
2022-01-02 13:17:34,523 [pool-346-thread-1] INFO  server.RaftServerConfigKeys (ConfUtils.java:logGet(44)) - raft.server.storage.dir = [/home/runner/work/ozone/ozone/hadoop-ozone/integration-test/target/test-dir/MiniOzoneClusterImpl-c1c80f75-2e15-44e6-8b98-5d8eb23efd07/datanode-2/data/ratis] (custom)
2022-01-02 13:17:34,523 [pool-346-thread-1] INFO  server.RaftServerConfigKeys (ConfUtils.java:logGet(44)) - raft.server.log.corruption.policy = EXCEPTION (default)
2022-01-02 13:17:34,523 [pool-346-thread-1] INFO  server.RaftServerConfigKeys (ConfUtils.java:logGet(44)) - raft.server.storage.free-space.min = 0MB (=0) (default)
2022-01-02 13:17:34,523 [pool-346-thread-1] INFO  storage.RaftStorageDirectory (RaftStorageDirectoryImpl.java:analyzeStorage(135)) - The storage directory /home/runner/work/ozone/ozone/hadoop-ozone/integration-test/target/test-dir/MiniOzoneClusterImpl-c1c80f75-2e15-44e6-8b98-5d8eb23efd07/datanode-2/data/ratis/b207d06a-988f-4864-b344-fcc823d1752e does not exist. Creating ...
2022-01-02 13:17:34,525 [pool-346-thread-1] INFO  storage.RaftStorageDirectory (RaftStorageDirectoryImpl.java:tryLock(230)) - Lock on /home/runner/work/ozone/ozone/hadoop-ozone/integration-test/target/test-dir/MiniOzoneClusterImpl-c1c80f75-2e15-44e6-8b98-5d8eb23efd07/datanode-2/data/ratis/b207d06a-988f-4864-b344-fcc823d1752e/in_use.lock acquired by nodename 7823@fv-az195-8
2022-01-02 13:17:34,526 [pool-346-thread-1] INFO  storage.RaftStorage (RaftStorageImpl.java:format(89)) - Storage directory /home/runner/work/ozone/ozone/hadoop-ozone/integration-test/target/test-dir/MiniOzoneClusterImpl-c1c80f75-2e15-44e6-8b98-5d8eb23efd07/datanode-2/data/ratis/b207d06a-988f-4864-b344-fcc823d1752e has been successfully formatted.
2022-01-02 13:17:34,527 [pool-346-thread-1] INFO  ratis.ContainerStateMachine (ContainerStateMachine.java:loadSnapshot(231)) - group-FCC823D1752E: The snapshot info is null. Setting the last applied indexto:(t:0, i:~)
2022-01-02 13:17:34,527 [pool-346-thread-1] INFO  server.RaftServerConfigKeys (ConfUtils.java:logGet(44)) - raft.server.notification.no-leader.timeout = 300s (custom)
2022-01-02 13:17:34,527 [pool-346-thread-1] INFO  server.RaftServerConfigKeys (ConfUtils.java:logGet(44)) - raft.server.log.use.memory = false (default)
2022-01-02 13:17:34,527 [pool-346-thread-1] INFO  server.RaftServerConfigKeys (ConfUtils.java:logGet(44)) - raft.server.log.purge.gap = 1000000 (custom)
2022-01-02 13:17:34,527 [pool-346-thread-1] INFO  server.RaftServerConfigKeys (ConfUtils.java:logGet(44)) - raft.server.log.appender.buffer.byte-limit = 33554432 (custom)
2022-01-02 13:17:34,527 [pool-346-thread-1] INFO  server.RaftServerConfigKeys (ConfUtils.java:logGet(44)) - raft.server.log.segment.size.max = 1048576 (custom)
2022-01-02 13:17:34,528 [pool-346-thread-1] INFO  server.RaftServerConfigKeys (ConfUtils.java:logGet(44)) - raft.server.log.segment.cache.num.max = 2 (custom)
2022-01-02 13:17:34,528 [pool-346-thread-1] INFO  server.RaftServerConfigKeys (ConfUtils.java:logGet(44)) - raft.server.log.segment.cache.size.max = 200MB (=209715200) (default)
2022-01-02 13:17:34,528 [pool-346-thread-1] INFO  segmented.SegmentedRaftLogWorker (SegmentedRaftLogWorker.java:<init>(182)) - new 07c4551c-5eaf-48e0-b21d-d7eec408612b@group-FCC823D1752E-SegmentedRaftLogWorker for RaftStorageImpl:Storage Directory /home/runner/work/ozone/ozone/hadoop-ozone/integration-test/target/test-dir/MiniOzoneClusterImpl-c1c80f75-2e15-44e6-8b98-5d8eb23efd07/datanode-2/data/ratis/b207d06a-988f-4864-b344-fcc823d1752e
2022-01-02 13:17:34,528 [pool-346-thread-1] INFO  server.RaftServerConfigKeys (ConfUtils.java:logGet(44)) - raft.server.log.queue.byte-limit = 2147483647 (custom)
2022-01-02 13:17:34,528 [pool-346-thread-1] INFO  server.RaftServerConfigKeys (ConfUtils.java:logGet(44)) - raft.server.log.queue.element-limit = 1024 (custom)
2022-01-02 13:17:34,528 [pool-346-thread-1] INFO  server.RaftServerConfigKeys (ConfUtils.java:logGet(44)) - raft.server.log.segment.size.max = 1048576 (custom)
2022-01-02 13:17:34,528 [pool-346-thread-1] INFO  server.RaftServerConfigKeys (ConfUtils.java:logGet(44)) - raft.server.log.preallocated.size = 16384 (custom)
2022-01-02 13:17:34,528 [pool-346-thread-1] INFO  server.RaftServerConfigKeys (ConfUtils.java:logGet(44)) - raft.server.log.force.sync.num = 128 (default)
2022-01-02 13:17:34,528 [pool-346-thread-1] INFO  server.RaftServerConfigKeys (ConfUtils.java:logGet(44)) - raft.server.log.statemachine.data.sync = true (default)
2022-01-02 13:17:34,528 [pool-346-thread-1] INFO  server.RaftServerConfigKeys (ConfUtils.java:logGet(44)) - raft.server.log.statemachine.data.sync.timeout = 10s (default)
2022-01-02 13:17:34,528 [pool-346-thread-1] INFO  server.RaftServerConfigKeys (ConfUtils.java:logGet(44)) - raft.server.log.statemachine.data.sync.timeout.retry = -1 (default)
2022-01-02 13:17:34,529 [pool-346-thread-1] INFO  server.RaftServerConfigKeys (ConfUtils.java:logGet(44)) - raft.server.log.write.buffer.size = 1048576 (custom)
2022-01-02 13:17:34,533 [pool-346-thread-1] INFO  server.RaftServerConfigKeys (ConfUtils.java:logGet(44)) - raft.server.log.statemachine.data.caching.enabled = true (custom)
2022-01-02 13:17:34,534 [pool-323-thread-1] INFO  server.RaftServer$Division (RaftServerImpl.java:<init>(184)) - 666cbc02-cfaa-4937-bb27-8c807157e922: new RaftServerImpl for group-5B691C38EC53:[666cbc02-cfaa-4937-bb27-8c807157e922|rpc:127.0.0.1:45001|priority:1] with ContainerStateMachine:uninitialized
2022-01-02 13:17:34,533 [Command processor thread] INFO  server.RaftServer (RaftServerProxy.java:addNew(95)) - 666cbc02-cfaa-4937-bb27-8c807157e922: addNew group-5B691C38EC53:[666cbc02-cfaa-4937-bb27-8c807157e922|rpc:127.0.0.1:45001|priority:1] returns group-5B691C38EC53:java.util.concurrent.CompletableFuture@61b31be2[Not completed]
2022-01-02 13:17:34,535 [pool-323-thread-1] INFO  server.RaftServerConfigKeys (ConfUtils.java:logGet(44)) - raft.server.rpc.timeout.min = 5s (custom)
2022-01-02 13:17:34,535 [pool-323-thread-1] INFO  server.RaftServerConfigKeys (ConfUtils.java:logGet(44)) - raft.server.rpc.timeout.max = 5200ms (custom)
2022-01-02 13:17:34,535 [pool-323-thread-1] INFO  server.RaftServerConfigKeys (ConfUtils.java:logGet(44)) - raft.server.rpc.sleep.time = 25ms (default)
2022-01-02 13:17:34,535 [pool-323-thread-1] INFO  server.RaftServerConfigKeys (ConfUtils.java:logGet(44)) - raft.server.rpc.slowness.timeout = 300s (custom)
2022-01-02 13:17:34,535 [pool-323-thread-1] INFO  server.RaftServerConfigKeys (ConfUtils.java:logGet(44)) - raft.server.leaderelection.leader.step-down.wait-time = 10s (default)
2022-01-02 13:17:34,535 [pool-323-thread-1] INFO  server.RaftServerConfigKeys (ConfUtils.java:logGet(44)) - raft.server.sleep.deviation.threshold = 300ms (default)
2022-01-02 13:17:34,536 [pool-323-thread-1] INFO  server.RaftServerConfigKeys (ConfUtils.java:logGet(44)) - raft.server.log.appender.install.snapshot.enabled = false (custom)
2022-01-02 13:17:34,536 [pool-323-thread-1] INFO  server.RaftServer$Division (ServerState.java:<init>(105)) - 666cbc02-cfaa-4937-bb27-8c807157e922@group-5B691C38EC53: ConfigurationManager, init=-1: [666cbc02-cfaa-4937-bb27-8c807157e922|rpc:127.0.0.1:45001|priority:1], old=null, confs=<EMPTY_MAP>
2022-01-02 13:17:34,536 [pool-323-thread-1] INFO  server.RaftServerConfigKeys (ConfUtils.java:logGet(44)) - raft.server.storage.dir = [/home/runner/work/ozone/ozone/hadoop-ozone/integration-test/target/test-dir/MiniOzoneClusterImpl-c1c80f75-2e15-44e6-8b98-5d8eb23efd07/datanode-1/data/ratis] (custom)
2022-01-02 13:17:34,536 [pool-323-thread-1] INFO  server.RaftServerConfigKeys (ConfUtils.java:logGet(44)) - raft.server.log.corruption.policy = EXCEPTION (default)
2022-01-02 13:17:34,536 [pool-323-thread-1] INFO  server.RaftServerConfigKeys (ConfUtils.java:logGet(44)) - raft.server.storage.free-space.min = 0MB (=0) (default)
2022-01-02 13:17:34,536 [pool-323-thread-1] INFO  storage.RaftStorageDirectory (RaftStorageDirectoryImpl.java:analyzeStorage(135)) - The storage directory /home/runner/work/ozone/ozone/hadoop-ozone/integration-test/target/test-dir/MiniOzoneClusterImpl-c1c80f75-2e15-44e6-8b98-5d8eb23efd07/datanode-1/data/ratis/bc23da92-7217-49a3-b3a4-5b691c38ec53 does not exist. Creating ...
2022-01-02 13:17:34,537 [pool-346-thread-1] INFO  segmented.SegmentedRaftLogWorker (SegmentedRaftLogWorker.java:lambda$new$0(133)) - 07c4551c-5eaf-48e0-b21d-d7eec408612b@group-FCC823D1752E-SegmentedRaftLogWorker: flushIndex: setUnconditionally 0 -> -1
2022-01-02 13:17:34,537 [pool-323-thread-1] INFO  storage.RaftStorageDirectory (RaftStorageDirectoryImpl.java:tryLock(230)) - Lock on /home/runner/work/ozone/ozone/hadoop-ozone/integration-test/target/test-dir/MiniOzoneClusterImpl-c1c80f75-2e15-44e6-8b98-5d8eb23efd07/datanode-1/data/ratis/bc23da92-7217-49a3-b3a4-5b691c38ec53/in_use.lock acquired by nodename 7823@fv-az195-8
2022-01-02 13:17:34,538 [pool-346-thread-1] INFO  segmented.SegmentedRaftLogWorker (SegmentedRaftLogWorker.java:lambda$new$0(133)) - 07c4551c-5eaf-48e0-b21d-d7eec408612b@group-FCC823D1752E-SegmentedRaftLogWorker: safeCacheEvictIndex: setUnconditionally 0 -> -1
2022-01-02 13:17:34,539 [pool-323-thread-1] INFO  storage.RaftStorage (RaftStorageImpl.java:format(89)) - Storage directory /home/runner/work/ozone/ozone/hadoop-ozone/integration-test/target/test-dir/MiniOzoneClusterImpl-c1c80f75-2e15-44e6-8b98-5d8eb23efd07/datanode-1/data/ratis/bc23da92-7217-49a3-b3a4-5b691c38ec53 has been successfully formatted.
2022-01-02 13:17:34,549 [pool-346-thread-1] INFO  server.RaftServerConfigKeys (ConfUtils.java:logGet(44)) - raft.server.snapshot.auto.trigger.enabled = true (custom)
2022-01-02 13:17:34,549 [pool-346-thread-1] INFO  server.RaftServerConfigKeys (ConfUtils.java:logGet(44)) - raft.server.snapshot.auto.trigger.threshold = 10000 (custom)
2022-01-02 13:17:34,549 [pool-346-thread-1] INFO  server.RaftServerConfigKeys (ConfUtils.java:logGet(44)) - raft.server.snapshot.retention.file.num = 5 (custom)
2022-01-02 13:17:34,550 [pool-346-thread-1] INFO  server.RaftServerConfigKeys (ConfUtils.java:logGet(44)) - raft.server.log.purge.upto.snapshot.index = false (default)
2022-01-02 13:17:34,550 [pool-346-thread-1] INFO  server.RaftServerConfigKeys (ConfUtils.java:logGet(44)) - raft.server.retrycache.expirytime = 600000ms (custom)
2022-01-02 13:17:34,550 [pool-346-thread-1] INFO  server.RaftServerConfigKeys (ConfUtils.java:logGet(44)) - raft.server.retrycache.statistics.expirytime = 100μs (default)
2022-01-02 13:17:34,551 [pool-346-thread-1] INFO  server.RaftServer$Division (RaftServerImpl.java:start(301)) - 07c4551c-5eaf-48e0-b21d-d7eec408612b@group-FCC823D1752E: start as a follower, conf=-1: [07c4551c-5eaf-48e0-b21d-d7eec408612b|rpc:127.0.0.1:41023|dataStream:|priority:0, 07a6759e-563e-4423-80ed-ce00ebedab03|rpc:127.0.0.1:43531|dataStream:|priority:1, 666cbc02-cfaa-4937-bb27-8c807157e922|rpc:127.0.0.1:45001|dataStream:|priority:0], old=null
2022-01-02 13:17:34,551 [pool-346-thread-1] INFO  server.RaftServer$Division (RaftServerImpl.java:setRole(290)) - 07c4551c-5eaf-48e0-b21d-d7eec408612b@group-FCC823D1752E: changes role from      null to FOLLOWER at term 0 for startAsFollower
2022-01-02 13:17:34,551 [pool-346-thread-1] INFO  impl.RoleInfo (RoleInfo.java:updateAndGet(130)) - 07c4551c-5eaf-48e0-b21d-d7eec408612b: start 07c4551c-5eaf-48e0-b21d-d7eec408612b@group-FCC823D1752E-FollowerState
2022-01-02 13:17:34,554 [pool-346-thread-1] INFO  util.JmxRegister (JmxRegister.java:tryRegister(44)) - Successfully registered JMX Bean with object name Ratis:service=RaftServer,group=group-FCC823D1752E,id=07c4551c-5eaf-48e0-b21d-d7eec408612b
2022-01-02 13:17:34,554 [pool-323-thread-1] INFO  ratis.ContainerStateMachine (ContainerStateMachine.java:loadSnapshot(231)) - group-5B691C38EC53: The snapshot info is null. Setting the last applied indexto:(t:0, i:~)
2022-01-02 13:17:34,555 [pool-323-thread-1] INFO  server.RaftServerConfigKeys (ConfUtils.java:logGet(44)) - raft.server.notification.no-leader.timeout = 300s (custom)
2022-01-02 13:17:34,555 [pool-323-thread-1] INFO  server.RaftServerConfigKeys (ConfUtils.java:logGet(44)) - raft.server.log.use.memory = false (default)
2022-01-02 13:17:34,555 [pool-323-thread-1] INFO  server.RaftServerConfigKeys (ConfUtils.java:logGet(44)) - raft.server.log.purge.gap = 1000000 (custom)
2022-01-02 13:17:34,555 [pool-323-thread-1] INFO  server.RaftServerConfigKeys (ConfUtils.java:logGet(44)) - raft.server.log.appender.buffer.byte-limit = 33554432 (custom)
2022-01-02 13:17:34,555 [pool-323-thread-1] INFO  server.RaftServerConfigKeys (ConfUtils.java:logGet(44)) - raft.server.log.segment.size.max = 1048576 (custom)
2022-01-02 13:17:34,555 [pool-323-thread-1] INFO  server.RaftServerConfigKeys (ConfUtils.java:logGet(44)) - raft.server.log.segment.cache.num.max = 2 (custom)
2022-01-02 13:17:34,555 [pool-323-thread-1] INFO  server.RaftServerConfigKeys (ConfUtils.java:logGet(44)) - raft.server.log.segment.cache.size.max = 200MB (=209715200) (default)
2022-01-02 13:17:34,555 [pool-323-thread-1] INFO  segmented.SegmentedRaftLogWorker (SegmentedRaftLogWorker.java:<init>(182)) - new 666cbc02-cfaa-4937-bb27-8c807157e922@group-5B691C38EC53-SegmentedRaftLogWorker for RaftStorageImpl:Storage Directory /home/runner/work/ozone/ozone/hadoop-ozone/integration-test/target/test-dir/MiniOzoneClusterImpl-c1c80f75-2e15-44e6-8b98-5d8eb23efd07/datanode-1/data/ratis/bc23da92-7217-49a3-b3a4-5b691c38ec53
2022-01-02 13:17:34,555 [pool-323-thread-1] INFO  server.RaftServerConfigKeys (ConfUtils.java:logGet(44)) - raft.server.log.queue.byte-limit = 2147483647 (custom)
2022-01-02 13:17:34,555 [pool-323-thread-1] INFO  server.RaftServerConfigKeys (ConfUtils.java:logGet(44)) - raft.server.log.queue.element-limit = 1024 (custom)
2022-01-02 13:17:34,555 [pool-323-thread-1] INFO  server.RaftServerConfigKeys (ConfUtils.java:logGet(44)) - raft.server.log.segment.size.max = 1048576 (custom)
2022-01-02 13:17:34,555 [pool-323-thread-1] INFO  server.RaftServerConfigKeys (ConfUtils.java:logGet(44)) - raft.server.log.preallocated.size = 16384 (custom)
2022-01-02 13:17:34,555 [pool-323-thread-1] INFO  server.RaftServerConfigKeys (ConfUtils.java:logGet(44)) - raft.server.log.force.sync.num = 128 (default)
2022-01-02 13:17:34,556 [pool-323-thread-1] INFO  server.RaftServerConfigKeys (ConfUtils.java:logGet(44)) - raft.server.log.statemachine.data.sync = true (default)
2022-01-02 13:17:34,556 [pool-323-thread-1] INFO  server.RaftServerConfigKeys (ConfUtils.java:logGet(44)) - raft.server.log.statemachine.data.sync.timeout = 10s (default)
2022-01-02 13:17:34,556 [pool-323-thread-1] INFO  server.RaftServerConfigKeys (ConfUtils.java:logGet(44)) - raft.server.log.statemachine.data.sync.timeout.retry = -1 (default)
2022-01-02 13:17:34,556 [pool-323-thread-1] INFO  server.RaftServerConfigKeys (ConfUtils.java:logGet(44)) - raft.server.log.write.buffer.size = 1048576 (custom)
2022-01-02 13:17:34,557 [pool-323-thread-1] INFO  server.RaftServerConfigKeys (ConfUtils.java:logGet(44)) - raft.server.log.statemachine.data.caching.enabled = true (custom)
2022-01-02 13:17:34,557 [pool-323-thread-1] INFO  segmented.SegmentedRaftLogWorker (SegmentedRaftLogWorker.java:lambda$new$0(133)) - 666cbc02-cfaa-4937-bb27-8c807157e922@group-5B691C38EC53-SegmentedRaftLogWorker: flushIndex: setUnconditionally 0 -> -1
2022-01-02 13:17:34,558 [pool-323-thread-1] INFO  segmented.SegmentedRaftLogWorker (SegmentedRaftLogWorker.java:lambda$new$0(133)) - 666cbc02-cfaa-4937-bb27-8c807157e922@group-5B691C38EC53-SegmentedRaftLogWorker: safeCacheEvictIndex: setUnconditionally 0 -> -1
2022-01-02 13:17:34,559 [EventQueue-PipelineReportForPipelineReportHandler] INFO  pipeline.PipelineManagerImpl (PipelineManagerImpl.java:openPipeline(291)) - Pipeline Pipeline[ Id: bc23da92-7217-49a3-b3a4-5b691c38ec53, Nodes: 666cbc02-cfaa-4937-bb27-8c807157e922{ip: 127.0.0.1, host: localhost, ports: [REPLICATION=39935, RATIS=45001, RATIS_ADMIN=45001, RATIS_SERVER=45001, STANDALONE=45425], networkLocation: /default-rack, certSerialId: null, persistedOpState: IN_SERVICE, persistedOpStateExpiryEpochSec: 0}, ReplicationConfig: RATIS/ONE, State:ALLOCATED, leaderId:666cbc02-cfaa-4937-bb27-8c807157e922, CreationTimestamp2022-01-02T13:17:31.550Z[Etc/UTC]] moved to OPEN state
2022-01-02 13:17:34,559 [EventQueue-PipelineReportForPipelineReportHandler] INFO  ha.SCMHAInvocationHandler (SCMHAInvocationHandler.java:invokeRatis(113)) - Invoking method public abstract void org.apache.hadoop.hdds.scm.pipeline.PipelineStateManager.updatePipelineState(org.apache.hadoop.hdds.protocol.proto.HddsProtos$PipelineID,org.apache.hadoop.hdds.protocol.proto.HddsProtos$PipelineState) throws java.io.IOException on target org.apache.hadoop.hdds.scm.ha.SCMRatisServerImpl@5afe652c, cost 222.702us
2022-01-02 13:17:34,559 [EventQueue-PipelineReportForPipelineReportHandler] INFO  pipeline.PipelineManagerImpl (PipelineManagerImpl.java:openPipeline(291)) - Pipeline Pipeline[ Id: bc23da92-7217-49a3-b3a4-5b691c38ec53, Nodes: 666cbc02-cfaa-4937-bb27-8c807157e922{ip: 127.0.0.1, host: localhost, ports: [REPLICATION=39935, RATIS=45001, RATIS_ADMIN=45001, RATIS_SERVER=45001, STANDALONE=45425], networkLocation: /default-rack, certSerialId: null, persistedOpState: IN_SERVICE, persistedOpStateExpiryEpochSec: 0}, ReplicationConfig: RATIS/ONE, State:ALLOCATED, leaderId:666cbc02-cfaa-4937-bb27-8c807157e922, CreationTimestamp2022-01-02T13:17:31.550Z[Etc/UTC]] moved to OPEN state
2022-01-02 13:17:34,565 [pool-323-thread-1] INFO  server.RaftServerConfigKeys (ConfUtils.java:logGet(44)) - raft.server.snapshot.auto.trigger.enabled = true (custom)
2022-01-02 13:17:34,565 [pool-323-thread-1] INFO  server.RaftServerConfigKeys (ConfUtils.java:logGet(44)) - raft.server.snapshot.auto.trigger.threshold = 10000 (custom)
2022-01-02 13:17:34,565 [pool-323-thread-1] INFO  server.RaftServerConfigKeys (ConfUtils.java:logGet(44)) - raft.server.snapshot.retention.file.num = 5 (custom)
2022-01-02 13:17:34,565 [pool-323-thread-1] INFO  server.RaftServerConfigKeys (ConfUtils.java:logGet(44)) - raft.server.log.purge.upto.snapshot.index = false (default)
2022-01-02 13:17:34,566 [pool-323-thread-1] INFO  server.RaftServerConfigKeys (ConfUtils.java:logGet(44)) - raft.server.retrycache.expirytime = 600000ms (custom)
2022-01-02 13:17:34,566 [pool-323-thread-1] INFO  server.RaftServerConfigKeys (ConfUtils.java:logGet(44)) - raft.server.retrycache.statistics.expirytime = 100μs (default)
2022-01-02 13:17:34,567 [pool-323-thread-1] INFO  server.RaftServer$Division (RaftServerImpl.java:start(301)) - 666cbc02-cfaa-4937-bb27-8c807157e922@group-5B691C38EC53: start as a follower, conf=-1: [666cbc02-cfaa-4937-bb27-8c807157e922|rpc:127.0.0.1:45001|priority:1], old=null
2022-01-02 13:17:34,567 [pool-323-thread-1] INFO  server.RaftServer$Division (RaftServerImpl.java:setRole(290)) - 666cbc02-cfaa-4937-bb27-8c807157e922@group-5B691C38EC53: changes role from      null to FOLLOWER at term 0 for startAsFollower
2022-01-02 13:17:34,567 [pool-323-thread-1] INFO  impl.RoleInfo (RoleInfo.java:updateAndGet(130)) - 666cbc02-cfaa-4937-bb27-8c807157e922: start 666cbc02-cfaa-4937-bb27-8c807157e922@group-5B691C38EC53-FollowerState
2022-01-02 13:17:34,577 [pool-323-thread-1] INFO  util.JmxRegister (JmxRegister.java:tryRegister(44)) - Successfully registered JMX Bean with object name Ratis:service=RaftServer,group=group-5B691C38EC53,id=666cbc02-cfaa-4937-bb27-8c807157e922
2022-01-02 13:17:34,601 [Command processor thread] INFO  ratis.XceiverServerRatis (XceiverServerRatis.java:addGroup(768)) - Created group PipelineID=bc23da92-7217-49a3-b3a4-5b691c38ec53
2022-01-02 13:17:34,601 [Command processor thread] INFO  commandhandler.CreatePipelineCommandHandler (CreatePipelineCommandHandler.java:handle(106)) - Created Pipeline RATIS ONE PipelineID=bc23da92-7217-49a3-b3a4-5b691c38ec53.
2022-01-02 13:17:34,602 [Command processor thread] INFO  server.RaftServer (RaftServerProxy.java:addNew(95)) - 666cbc02-cfaa-4937-bb27-8c807157e922: addNew group-FCC823D1752E:[07c4551c-5eaf-48e0-b21d-d7eec408612b|rpc:127.0.0.1:41023|priority:0, 07a6759e-563e-4423-80ed-ce00ebedab03|rpc:127.0.0.1:43531|priority:1, 666cbc02-cfaa-4937-bb27-8c807157e922|rpc:127.0.0.1:45001|priority:0] returns group-FCC823D1752E:java.util.concurrent.CompletableFuture@6f74e9a4[Not completed]
2022-01-02 13:17:34,604 [pool-323-thread-1] INFO  server.RaftServer$Division (RaftServerImpl.java:<init>(184)) - 666cbc02-cfaa-4937-bb27-8c807157e922: new RaftServerImpl for group-FCC823D1752E:[07c4551c-5eaf-48e0-b21d-d7eec408612b|rpc:127.0.0.1:41023|priority:0, 07a6759e-563e-4423-80ed-ce00ebedab03|rpc:127.0.0.1:43531|priority:1, 666cbc02-cfaa-4937-bb27-8c807157e922|rpc:127.0.0.1:45001|priority:0] with ContainerStateMachine:uninitialized
2022-01-02 13:17:34,604 [pool-323-thread-1] INFO  server.RaftServerConfigKeys (ConfUtils.java:logGet(44)) - raft.server.rpc.timeout.min = 5s (custom)
2022-01-02 13:17:34,604 [pool-323-thread-1] INFO  server.RaftServerConfigKeys (ConfUtils.java:logGet(44)) - raft.server.rpc.timeout.max = 5200ms (custom)
2022-01-02 13:17:34,604 [pool-323-thread-1] INFO  server.RaftServerConfigKeys (ConfUtils.java:logGet(44)) - raft.server.rpc.sleep.time = 25ms (default)
2022-01-02 13:17:34,604 [pool-323-thread-1] INFO  server.RaftServerConfigKeys (ConfUtils.java:logGet(44)) - raft.server.rpc.slowness.timeout = 300s (custom)
2022-01-02 13:17:34,604 [pool-323-thread-1] INFO  server.RaftServerConfigKeys (ConfUtils.java:logGet(44)) - raft.server.leaderelection.leader.step-down.wait-time = 10s (default)
2022-01-02 13:17:34,604 [pool-323-thread-1] INFO  server.RaftServerConfigKeys (ConfUtils.java:logGet(44)) - raft.server.sleep.deviation.threshold = 300ms (default)
2022-01-02 13:17:34,604 [pool-323-thread-1] INFO  server.RaftServerConfigKeys (ConfUtils.java:logGet(44)) - raft.server.log.appender.install.snapshot.enabled = false (custom)
2022-01-02 13:17:34,604 [pool-323-thread-1] INFO  server.RaftServer$Division (ServerState.java:<init>(105)) - 666cbc02-cfaa-4937-bb27-8c807157e922@group-FCC823D1752E: ConfigurationManager, init=-1: [07c4551c-5eaf-48e0-b21d-d7eec408612b|rpc:127.0.0.1:41023|priority:0, 07a6759e-563e-4423-80ed-ce00ebedab03|rpc:127.0.0.1:43531|priority:1, 666cbc02-cfaa-4937-bb27-8c807157e922|rpc:127.0.0.1:45001|priority:0], old=null, confs=<EMPTY_MAP>
2022-01-02 13:17:34,604 [pool-323-thread-1] INFO  server.RaftServerConfigKeys (ConfUtils.java:logGet(44)) - raft.server.storage.dir = [/home/runner/work/ozone/ozone/hadoop-ozone/integration-test/target/test-dir/MiniOzoneClusterImpl-c1c80f75-2e15-44e6-8b98-5d8eb23efd07/datanode-1/data/ratis] (custom)
2022-01-02 13:17:34,605 [pool-323-thread-1] INFO  server.RaftServerConfigKeys (ConfUtils.java:logGet(44)) - raft.server.log.corruption.policy = EXCEPTION (default)
2022-01-02 13:17:34,605 [pool-323-thread-1] INFO  server.RaftServerConfigKeys (ConfUtils.java:logGet(44)) - raft.server.storage.free-space.min = 0MB (=0) (default)
2022-01-02 13:17:34,605 [pool-323-thread-1] INFO  storage.RaftStorageDirectory (RaftStorageDirectoryImpl.java:analyzeStorage(135)) - The storage directory /home/runner/work/ozone/ozone/hadoop-ozone/integration-test/target/test-dir/MiniOzoneClusterImpl-c1c80f75-2e15-44e6-8b98-5d8eb23efd07/datanode-1/data/ratis/b207d06a-988f-4864-b344-fcc823d1752e does not exist. Creating ...
2022-01-02 13:17:34,607 [pool-323-thread-1] INFO  storage.RaftStorageDirectory (RaftStorageDirectoryImpl.java:tryLock(230)) - Lock on /home/runner/work/ozone/ozone/hadoop-ozone/integration-test/target/test-dir/MiniOzoneClusterImpl-c1c80f75-2e15-44e6-8b98-5d8eb23efd07/datanode-1/data/ratis/b207d06a-988f-4864-b344-fcc823d1752e/in_use.lock acquired by nodename 7823@fv-az195-8
2022-01-02 13:17:34,611 [pool-323-thread-1] INFO  storage.RaftStorage (RaftStorageImpl.java:format(89)) - Storage directory /home/runner/work/ozone/ozone/hadoop-ozone/integration-test/target/test-dir/MiniOzoneClusterImpl-c1c80f75-2e15-44e6-8b98-5d8eb23efd07/datanode-1/data/ratis/b207d06a-988f-4864-b344-fcc823d1752e has been successfully formatted.
2022-01-02 13:17:34,611 [pool-323-thread-1] INFO  ratis.ContainerStateMachine (ContainerStateMachine.java:loadSnapshot(231)) - group-FCC823D1752E: The snapshot info is null. Setting the last applied indexto:(t:0, i:~)
2022-01-02 13:17:34,612 [pool-323-thread-1] INFO  server.RaftServerConfigKeys (ConfUtils.java:logGet(44)) - raft.server.notification.no-leader.timeout = 300s (custom)
2022-01-02 13:17:34,612 [pool-323-thread-1] INFO  server.RaftServerConfigKeys (ConfUtils.java:logGet(44)) - raft.server.log.use.memory = false (default)
2022-01-02 13:17:34,612 [pool-323-thread-1] INFO  server.RaftServerConfigKeys (ConfUtils.java:logGet(44)) - raft.server.log.purge.gap = 1000000 (custom)
2022-01-02 13:17:34,612 [pool-323-thread-1] INFO  server.RaftServerConfigKeys (ConfUtils.java:logGet(44)) - raft.server.log.appender.buffer.byte-limit = 33554432 (custom)
2022-01-02 13:17:34,612 [pool-323-thread-1] INFO  server.RaftServerConfigKeys (ConfUtils.java:logGet(44)) - raft.server.log.segment.size.max = 1048576 (custom)
2022-01-02 13:17:34,612 [pool-323-thread-1] INFO  server.RaftServerConfigKeys (ConfUtils.java:logGet(44)) - raft.server.log.segment.cache.num.max = 2 (custom)
2022-01-02 13:17:34,612 [pool-323-thread-1] INFO  server.RaftServerConfigKeys (ConfUtils.java:logGet(44)) - raft.server.log.segment.cache.size.max = 200MB (=209715200) (default)
2022-01-02 13:17:34,612 [pool-323-thread-1] INFO  segmented.SegmentedRaftLogWorker (SegmentedRaftLogWorker.java:<init>(182)) - new 666cbc02-cfaa-4937-bb27-8c807157e922@group-FCC823D1752E-SegmentedRaftLogWorker for RaftStorageImpl:Storage Directory /home/runner/work/ozone/ozone/hadoop-ozone/integration-test/target/test-dir/MiniOzoneClusterImpl-c1c80f75-2e15-44e6-8b98-5d8eb23efd07/datanode-1/data/ratis/b207d06a-988f-4864-b344-fcc823d1752e
2022-01-02 13:17:34,612 [pool-323-thread-1] INFO  server.RaftServerConfigKeys (ConfUtils.java:logGet(44)) - raft.server.log.queue.byte-limit = 2147483647 (custom)
2022-01-02 13:17:34,612 [pool-323-thread-1] INFO  server.RaftServerConfigKeys (ConfUtils.java:logGet(44)) - raft.server.log.queue.element-limit = 1024 (custom)
2022-01-02 13:17:34,612 [pool-323-thread-1] INFO  server.RaftServerConfigKeys (ConfUtils.java:logGet(44)) - raft.server.log.segment.size.max = 1048576 (custom)
2022-01-02 13:17:34,612 [pool-323-thread-1] INFO  server.RaftServerConfigKeys (ConfUtils.java:logGet(44)) - raft.server.log.preallocated.size = 16384 (custom)
2022-01-02 13:17:34,612 [pool-323-thread-1] INFO  server.RaftServerConfigKeys (ConfUtils.java:logGet(44)) - raft.server.log.force.sync.num = 128 (default)
2022-01-02 13:17:34,613 [pool-323-thread-1] INFO  server.RaftServerConfigKeys (ConfUtils.java:logGet(44)) - raft.server.log.statemachine.data.sync = true (default)
2022-01-02 13:17:34,613 [pool-323-thread-1] INFO  server.RaftServerConfigKeys (ConfUtils.java:logGet(44)) - raft.server.log.statemachine.data.sync.timeout = 10s (default)
2022-01-02 13:17:34,613 [pool-323-thread-1] INFO  server.RaftServerConfigKeys (ConfUtils.java:logGet(44)) - raft.server.log.statemachine.data.sync.timeout.retry = -1 (default)
2022-01-02 13:17:34,614 [EventQueue-PipelineReportForPipelineReportHandler] INFO  pipeline.PipelineManagerImpl (PipelineManagerImpl.java:openPipeline(291)) - Pipeline Pipeline[ Id: bc23da92-7217-49a3-b3a4-5b691c38ec53, Nodes: 666cbc02-cfaa-4937-bb27-8c807157e922{ip: 127.0.0.1, host: localhost, ports: [REPLICATION=39935, RATIS=45001, RATIS_ADMIN=45001, RATIS_SERVER=45001, STANDALONE=45425], networkLocation: /default-rack, certSerialId: null, persistedOpState: IN_SERVICE, persistedOpStateExpiryEpochSec: 0}, ReplicationConfig: RATIS/ONE, State:ALLOCATED, leaderId:666cbc02-cfaa-4937-bb27-8c807157e922, CreationTimestamp2022-01-02T13:17:31.550Z[Etc/UTC]] moved to OPEN state
2022-01-02 13:17:34,615 [EventQueue-PipelineReportForPipelineReportHandler] INFO  ha.SCMHAInvocationHandler (SCMHAInvocationHandler.java:invokeRatis(113)) - Invoking method public abstract void org.apache.hadoop.hdds.scm.pipeline.PipelineStateManager.updatePipelineState(org.apache.hadoop.hdds.protocol.proto.HddsProtos$PipelineID,org.apache.hadoop.hdds.protocol.proto.HddsProtos$PipelineState) throws java.io.IOException on target org.apache.hadoop.hdds.scm.ha.SCMRatisServerImpl@5afe652c, cost 207.502us
2022-01-02 13:17:34,619 [pool-323-thread-1] INFO  server.RaftServerConfigKeys (ConfUtils.java:logGet(44)) - raft.server.log.write.buffer.size = 1048576 (custom)
2022-01-02 13:17:34,619 [pool-323-thread-1] INFO  server.RaftServerConfigKeys (ConfUtils.java:logGet(44)) - raft.server.log.statemachine.data.caching.enabled = true (custom)
2022-01-02 13:17:34,620 [pool-323-thread-1] INFO  segmented.SegmentedRaftLogWorker (SegmentedRaftLogWorker.java:lambda$new$0(133)) - 666cbc02-cfaa-4937-bb27-8c807157e922@group-FCC823D1752E-SegmentedRaftLogWorker: flushIndex: setUnconditionally 0 -> -1
2022-01-02 13:17:34,620 [pool-323-thread-1] INFO  segmented.SegmentedRaftLogWorker (SegmentedRaftLogWorker.java:lambda$new$0(133)) - 666cbc02-cfaa-4937-bb27-8c807157e922@group-FCC823D1752E-SegmentedRaftLogWorker: safeCacheEvictIndex: setUnconditionally 0 -> -1
2022-01-02 13:17:34,628 [pool-323-thread-1] INFO  server.RaftServerConfigKeys (ConfUtils.java:logGet(44)) - raft.server.snapshot.auto.trigger.enabled = true (custom)
2022-01-02 13:17:34,628 [pool-323-thread-1] INFO  server.RaftServerConfigKeys (ConfUtils.java:logGet(44)) - raft.server.snapshot.auto.trigger.threshold = 10000 (custom)
2022-01-02 13:17:34,628 [pool-323-thread-1] INFO  server.RaftServerConfigKeys (ConfUtils.java:logGet(44)) - raft.server.snapshot.retention.file.num = 5 (custom)
2022-01-02 13:17:34,628 [pool-323-thread-1] INFO  server.RaftServerConfigKeys (ConfUtils.java:logGet(44)) - raft.server.log.purge.upto.snapshot.index = false (default)
2022-01-02 13:17:34,628 [pool-323-thread-1] INFO  server.RaftServerConfigKeys (ConfUtils.java:logGet(44)) - raft.server.retrycache.expirytime = 600000ms (custom)
2022-01-02 13:17:34,628 [pool-323-thread-1] INFO  server.RaftServerConfigKeys (ConfUtils.java:logGet(44)) - raft.server.retrycache.statistics.expirytime = 100μs (default)
2022-01-02 13:17:34,629 [3a1420a4-9adf-490e-ae7f-206b4dea1794@group-5D8EB23EFD07-StateMachineUpdater] INFO  ha.SCMStateMachine (SCMStateMachine.java:takeSnapshot(297)) - Current Snapshot Index 18, takeSnapshot took 0 ms
2022-01-02 13:17:34,629 [3a1420a4-9adf-490e-ae7f-206b4dea1794@group-5D8EB23EFD07-StateMachineUpdater] INFO  impl.StateMachineUpdater (StateMachineUpdater.java:takeSnapshot(281)) - 3a1420a4-9adf-490e-ae7f-206b4dea1794@group-5D8EB23EFD07-StateMachineUpdater: Took a snapshot at index 18
2022-01-02 13:17:34,629 [3a1420a4-9adf-490e-ae7f-206b4dea1794@group-5D8EB23EFD07-StateMachineUpdater] INFO  impl.StateMachineUpdater (StateMachineUpdater.java:lambda$new$0(89)) - 3a1420a4-9adf-490e-ae7f-206b4dea1794@group-5D8EB23EFD07-StateMachineUpdater: snapshotIndex: updateIncreasingly 13 -> 18
2022-01-02 13:17:34,629 [3a1420a4-9adf-490e-ae7f-206b4dea1794@group-5D8EB23EFD07-StateMachineUpdater] INFO  raftlog.RaftLog (RaftLogBase.java:purge(306)) - 3a1420a4-9adf-490e-ae7f-206b4dea1794@group-5D8EB23EFD07-SegmentedRaftLog: purge 18
2022-01-02 13:17:34,629 [3a1420a4-9adf-490e-ae7f-206b4dea1794@group-5D8EB23EFD07-StateMachineUpdater] INFO  raftlog.RaftLog (RaftLogBase.java:lambda$new$0(53)) - 3a1420a4-9adf-490e-ae7f-206b4dea1794@group-5D8EB23EFD07-SegmentedRaftLog: snapshotIndex: updateIncreasingly 13 -> 18
2022-01-02 13:17:34,629 [3a1420a4-9adf-490e-ae7f-206b4dea1794@group-5D8EB23EFD07-StateMachineUpdater] INFO  raftlog.RaftLog (RaftLogBase.java:lambda$new$0(53)) - 3a1420a4-9adf-490e-ae7f-206b4dea1794@group-5D8EB23EFD07-SegmentedRaftLog: purgeIndex: updateToMax old=13, new=18, updated? true
2022-01-02 13:17:34,630 [pool-323-thread-1] INFO  server.RaftServer$Division (RaftServerImpl.java:start(301)) - 666cbc02-cfaa-4937-bb27-8c807157e922@group-FCC823D1752E: start as a follower, conf=-1: [07c4551c-5eaf-48e0-b21d-d7eec408612b|rpc:127.0.0.1:41023|priority:0, 07a6759e-563e-4423-80ed-ce00ebedab03|rpc:127.0.0.1:43531|priority:1, 666cbc02-cfaa-4937-bb27-8c807157e922|rpc:127.0.0.1:45001|priority:0], old=null
2022-01-02 13:17:34,630 [pool-323-thread-1] INFO  server.RaftServer$Division (RaftServerImpl.java:setRole(290)) - 666cbc02-cfaa-4937-bb27-8c807157e922@group-FCC823D1752E: changes role from      null to FOLLOWER at term 0 for startAsFollower
2022-01-02 13:17:34,630 [pool-323-thread-1] INFO  impl.RoleInfo (RoleInfo.java:updateAndGet(130)) - 666cbc02-cfaa-4937-bb27-8c807157e922: start 666cbc02-cfaa-4937-bb27-8c807157e922@group-FCC823D1752E-FollowerState
2022-01-02 13:17:34,634 [5af0e6f8-e325-4784-8af8-34780179857f@group-5D8EB23EFD07-StateMachineUpdater] INFO  safemode.HealthyPipelineSafeModeRule (HealthyPipelineSafeModeRule.java:initializeRule(152)) - Refreshed total pipeline count is 0, healthy pipeline threshold count is 1
2022-01-02 13:17:34,635 [EventQueue-PipelineReportForPipelineReportHandler] INFO  ha.SCMHAInvocationHandler (SCMHAInvocationHandler.java:invokeRatis(113)) - Invoking method public abstract void org.apache.hadoop.hdds.scm.pipeline.PipelineStateManager.updatePipelineState(org.apache.hadoop.hdds.protocol.proto.HddsProtos$PipelineID,org.apache.hadoop.hdds.protocol.proto.HddsProtos$PipelineState) throws java.io.IOException on target org.apache.hadoop.hdds.scm.ha.SCMRatisServerImpl@3310a7ca, cost 75178.182us
2022-01-02 13:17:34,635 [EventQueue-OpenPipelineForHealthyPipelineSafeModeRule] INFO  safemode.SCMSafeModeManager (HealthyPipelineSafeModeRule.java:process(124)) - SCM in safe mode. Healthy pipelines reported count is 0, required healthy pipeline reported count is 1
2022-01-02 13:17:34,635 [EventQueue-OpenPipelineForHealthyPipelineSafeModeRule] INFO  safemode.SCMSafeModeManager (HealthyPipelineSafeModeRule.java:process(124)) - SCM in safe mode. Healthy pipelines reported count is 0, required healthy pipeline reported count is 1
2022-01-02 13:17:34,636 [pool-323-thread-1] INFO  util.JmxRegister (JmxRegister.java:tryRegister(44)) - Successfully registered JMX Bean with object name Ratis:service=RaftServer,group=group-FCC823D1752E,id=666cbc02-cfaa-4937-bb27-8c807157e922
2022-01-02 13:17:34,646 [Command processor thread] INFO  ratis.XceiverServerRatis (XceiverServerRatis.java:addGroup(768)) - Created group PipelineID=b207d06a-988f-4864-b344-fcc823d1752e
2022-01-02 13:17:34,658 [3a1420a4-9adf-490e-ae7f-206b4dea1794@group-5D8EB23EFD07-StateMachineUpdater] INFO  safemode.HealthyPipelineSafeModeRule (HealthyPipelineSafeModeRule.java:initializeRule(152)) - Refreshed total pipeline count is 0, healthy pipeline threshold count is 1
2022-01-02 13:17:34,669 [5af0e6f8-e325-4784-8af8-34780179857f@group-5D8EB23EFD07-StateMachineUpdater] INFO  ha.SCMStateMachine (SCMStateMachine.java:takeSnapshot(297)) - Current Snapshot Index 20, takeSnapshot took 0 ms
2022-01-02 13:17:34,669 [5af0e6f8-e325-4784-8af8-34780179857f@group-5D8EB23EFD07-StateMachineUpdater] INFO  impl.StateMachineUpdater (StateMachineUpdater.java:takeSnapshot(281)) - 5af0e6f8-e325-4784-8af8-34780179857f@group-5D8EB23EFD07-StateMachineUpdater: Took a snapshot at index 20
2022-01-02 13:17:34,669 [5af0e6f8-e325-4784-8af8-34780179857f@group-5D8EB23EFD07-StateMachineUpdater] INFO  impl.StateMachineUpdater (StateMachineUpdater.java:lambda$new$0(89)) - 5af0e6f8-e325-4784-8af8-34780179857f@group-5D8EB23EFD07-StateMachineUpdater: snapshotIndex: updateIncreasingly 15 -> 20
2022-01-02 13:17:34,669 [5af0e6f8-e325-4784-8af8-34780179857f@group-5D8EB23EFD07-StateMachineUpdater] INFO  raftlog.RaftLog (RaftLogBase.java:purge(306)) - 5af0e6f8-e325-4784-8af8-34780179857f@group-5D8EB23EFD07-SegmentedRaftLog: purge 20
2022-01-02 13:17:34,669 [5af0e6f8-e325-4784-8af8-34780179857f@group-5D8EB23EFD07-StateMachineUpdater] INFO  raftlog.RaftLog (RaftLogBase.java:lambda$new$0(53)) - 5af0e6f8-e325-4784-8af8-34780179857f@group-5D8EB23EFD07-SegmentedRaftLog: snapshotIndex: updateIncreasingly 15 -> 20
2022-01-02 13:17:34,669 [5af0e6f8-e325-4784-8af8-34780179857f@group-5D8EB23EFD07-StateMachineUpdater] INFO  raftlog.RaftLog (RaftLogBase.java:lambda$new$0(53)) - 5af0e6f8-e325-4784-8af8-34780179857f@group-5D8EB23EFD07-SegmentedRaftLog: purgeIndex: updateToMax old=15, new=20, updated? true
2022-01-02 13:17:34,725 [Command processor thread] INFO  commandhandler.CreatePipelineCommandHandler (CreatePipelineCommandHandler.java:handle(106)) - Created Pipeline RATIS THREE PipelineID=b207d06a-988f-4864-b344-fcc823d1752e.
2022-01-02 13:17:34,745 [Command processor thread] INFO  commandhandler.CreatePipelineCommandHandler (CreatePipelineCommandHandler.java:handle(106)) - Created Pipeline RATIS THREE PipelineID=b207d06a-988f-4864-b344-fcc823d1752e.
2022-01-02 13:17:34,939 [Listener at 127.0.0.1/11096] INFO  ozone.MiniOzoneClusterImpl (MiniOzoneClusterImpl.java:lambda$waitForClusterToBeReady$0(235)) - Nodes are ready. Got 3 of 3 DN Heartbeats.
2022-01-02 13:17:34,939 [Listener at 127.0.0.1/11096] INFO  ozone.MiniOzoneClusterImpl (MiniOzoneClusterImpl.java:lambda$waitForClusterToBeReady$0(238)) - Waiting for cluster to exit safe mode
2022-01-02 13:17:34,940 [Listener at 127.0.0.1/11096] INFO  ozone.MiniOzoneClusterImpl (MiniOzoneClusterImpl.java:lambda$waitForClusterToBeReady$0(240)) - SCM became leader
2022-01-02 13:17:34,987 [Command processor thread] INFO  server.RaftServer (RaftServerProxy.java:addNew(95)) - 07c4551c-5eaf-48e0-b21d-d7eec408612b: addNew group-6AA82452E0E3:[07c4551c-5eaf-48e0-b21d-d7eec408612b|rpc:127.0.0.1:41023|priority:1] returns group-6AA82452E0E3:java.util.concurrent.CompletableFuture@145b4474[Not completed]
2022-01-02 13:17:34,988 [pool-346-thread-1] INFO  server.RaftServer$Division (RaftServerImpl.java:<init>(184)) - 07c4551c-5eaf-48e0-b21d-d7eec408612b: new RaftServerImpl for group-6AA82452E0E3:[07c4551c-5eaf-48e0-b21d-d7eec408612b|rpc:127.0.0.1:41023|priority:1] with ContainerStateMachine:uninitialized
2022-01-02 13:17:34,988 [pool-346-thread-1] INFO  server.RaftServerConfigKeys (ConfUtils.java:logGet(44)) - raft.server.rpc.timeout.min = 5s (custom)
2022-01-02 13:17:34,988 [pool-346-thread-1] INFO  server.RaftServerConfigKeys (ConfUtils.java:logGet(44)) - raft.server.rpc.timeout.max = 5200ms (custom)
2022-01-02 13:17:34,988 [pool-346-thread-1] INFO  server.RaftServerConfigKeys (ConfUtils.java:logGet(44)) - raft.server.rpc.sleep.time = 25ms (default)
2022-01-02 13:17:34,988 [pool-346-thread-1] INFO  server.RaftServerConfigKeys (ConfUtils.java:logGet(44)) - raft.server.rpc.slowness.timeout = 300s (custom)
2022-01-02 13:17:34,988 [pool-346-thread-1] INFO  server.RaftServerConfigKeys (ConfUtils.java:logGet(44)) - raft.server.leaderelection.leader.step-down.wait-time = 10s (default)
2022-01-02 13:17:34,988 [pool-346-thread-1] INFO  server.RaftServerConfigKeys (ConfUtils.java:logGet(44)) - raft.server.sleep.deviation.threshold = 300ms (default)
2022-01-02 13:17:34,988 [pool-346-thread-1] INFO  server.RaftServerConfigKeys (ConfUtils.java:logGet(44)) - raft.server.log.appender.install.snapshot.enabled = false (custom)
2022-01-02 13:17:34,988 [pool-346-thread-1] INFO  server.RaftServer$Division (ServerState.java:<init>(105)) - 07c4551c-5eaf-48e0-b21d-d7eec408612b@group-6AA82452E0E3: ConfigurationManager, init=-1: [07c4551c-5eaf-48e0-b21d-d7eec408612b|rpc:127.0.0.1:41023|priority:1], old=null, confs=<EMPTY_MAP>
2022-01-02 13:17:34,988 [pool-346-thread-1] INFO  server.RaftServerConfigKeys (ConfUtils.java:logGet(44)) - raft.server.storage.dir = [/home/runner/work/ozone/ozone/hadoop-ozone/integration-test/target/test-dir/MiniOzoneClusterImpl-c1c80f75-2e15-44e6-8b98-5d8eb23efd07/datanode-2/data/ratis] (custom)
2022-01-02 13:17:34,988 [pool-346-thread-1] INFO  server.RaftServerConfigKeys (ConfUtils.java:logGet(44)) - raft.server.log.corruption.policy = EXCEPTION (default)
2022-01-02 13:17:34,988 [pool-346-thread-1] INFO  server.RaftServerConfigKeys (ConfUtils.java:logGet(44)) - raft.server.storage.free-space.min = 0MB (=0) (default)
2022-01-02 13:17:34,988 [pool-346-thread-1] INFO  storage.RaftStorageDirectory (RaftStorageDirectoryImpl.java:analyzeStorage(135)) - The storage directory /home/runner/work/ozone/ozone/hadoop-ozone/integration-test/target/test-dir/MiniOzoneClusterImpl-c1c80f75-2e15-44e6-8b98-5d8eb23efd07/datanode-2/data/ratis/727bad7e-590b-43b2-a04d-6aa82452e0e3 does not exist. Creating ...
2022-01-02 13:17:34,990 [pool-346-thread-1] INFO  storage.RaftStorageDirectory (RaftStorageDirectoryImpl.java:tryLock(230)) - Lock on /home/runner/work/ozone/ozone/hadoop-ozone/integration-test/target/test-dir/MiniOzoneClusterImpl-c1c80f75-2e15-44e6-8b98-5d8eb23efd07/datanode-2/data/ratis/727bad7e-590b-43b2-a04d-6aa82452e0e3/in_use.lock acquired by nodename 7823@fv-az195-8
2022-01-02 13:17:34,991 [pool-346-thread-1] INFO  storage.RaftStorage (RaftStorageImpl.java:format(89)) - Storage directory /home/runner/work/ozone/ozone/hadoop-ozone/integration-test/target/test-dir/MiniOzoneClusterImpl-c1c80f75-2e15-44e6-8b98-5d8eb23efd07/datanode-2/data/ratis/727bad7e-590b-43b2-a04d-6aa82452e0e3 has been successfully formatted.
2022-01-02 13:17:34,991 [pool-346-thread-1] INFO  ratis.ContainerStateMachine (ContainerStateMachine.java:loadSnapshot(231)) - group-6AA82452E0E3: The snapshot info is null. Setting the last applied indexto:(t:0, i:~)
2022-01-02 13:17:34,991 [pool-346-thread-1] INFO  server.RaftServerConfigKeys (ConfUtils.java:logGet(44)) - raft.server.notification.no-leader.timeout = 300s (custom)
2022-01-02 13:17:34,992 [pool-346-thread-1] INFO  server.RaftServerConfigKeys (ConfUtils.java:logGet(44)) - raft.server.log.use.memory = false (default)
2022-01-02 13:17:34,992 [pool-346-thread-1] INFO  server.RaftServerConfigKeys (ConfUtils.java:logGet(44)) - raft.server.log.purge.gap = 1000000 (custom)
2022-01-02 13:17:34,992 [pool-346-thread-1] INFO  server.RaftServerConfigKeys (ConfUtils.java:logGet(44)) - raft.server.log.appender.buffer.byte-limit = 33554432 (custom)
2022-01-02 13:17:34,992 [pool-346-thread-1] INFO  server.RaftServerConfigKeys (ConfUtils.java:logGet(44)) - raft.server.log.segment.size.max = 1048576 (custom)
2022-01-02 13:17:34,992 [pool-346-thread-1] INFO  server.RaftServerConfigKeys (ConfUtils.java:logGet(44)) - raft.server.log.segment.cache.num.max = 2 (custom)
2022-01-02 13:17:34,992 [pool-346-thread-1] INFO  server.RaftServerConfigKeys (ConfUtils.java:logGet(44)) - raft.server.log.segment.cache.size.max = 200MB (=209715200) (default)
2022-01-02 13:17:34,992 [pool-346-thread-1] INFO  segmented.SegmentedRaftLogWorker (SegmentedRaftLogWorker.java:<init>(182)) - new 07c4551c-5eaf-48e0-b21d-d7eec408612b@group-6AA82452E0E3-SegmentedRaftLogWorker for RaftStorageImpl:Storage Directory /home/runner/work/ozone/ozone/hadoop-ozone/integration-test/target/test-dir/MiniOzoneClusterImpl-c1c80f75-2e15-44e6-8b98-5d8eb23efd07/datanode-2/data/ratis/727bad7e-590b-43b2-a04d-6aa82452e0e3
2022-01-02 13:17:34,992 [pool-346-thread-1] INFO  server.RaftServerConfigKeys (ConfUtils.java:logGet(44)) - raft.server.log.queue.byte-limit = 2147483647 (custom)
2022-01-02 13:17:34,992 [pool-346-thread-1] INFO  server.RaftServerConfigKeys (ConfUtils.java:logGet(44)) - raft.server.log.queue.element-limit = 1024 (custom)
2022-01-02 13:17:34,992 [pool-346-thread-1] INFO  server.RaftServerConfigKeys (ConfUtils.java:logGet(44)) - raft.server.log.segment.size.max = 1048576 (custom)
2022-01-02 13:17:34,992 [pool-346-thread-1] INFO  server.RaftServerConfigKeys (ConfUtils.java:logGet(44)) - raft.server.log.preallocated.size = 16384 (custom)
2022-01-02 13:17:34,992 [pool-346-thread-1] INFO  server.RaftServerConfigKeys (ConfUtils.java:logGet(44)) - raft.server.log.force.sync.num = 128 (default)
2022-01-02 13:17:34,993 [pool-346-thread-1] INFO  server.RaftServerConfigKeys (ConfUtils.java:logGet(44)) - raft.server.log.statemachine.data.sync = true (default)
2022-01-02 13:17:34,993 [pool-346-thread-1] INFO  server.RaftServerConfigKeys (ConfUtils.java:logGet(44)) - raft.server.log.statemachine.data.sync.timeout = 10s (default)
2022-01-02 13:17:34,993 [pool-346-thread-1] INFO  server.RaftServerConfigKeys (ConfUtils.java:logGet(44)) - raft.server.log.statemachine.data.sync.timeout.retry = -1 (default)
2022-01-02 13:17:34,998 [pool-346-thread-1] INFO  server.RaftServerConfigKeys (ConfUtils.java:logGet(44)) - raft.server.log.write.buffer.size = 1048576 (custom)
2022-01-02 13:17:34,998 [EventQueue-PipelineReportForPipelineReportHandler] INFO  pipeline.PipelineManagerImpl (PipelineManagerImpl.java:openPipeline(291)) - Pipeline Pipeline[ Id: 727bad7e-590b-43b2-a04d-6aa82452e0e3, Nodes: 07c4551c-5eaf-48e0-b21d-d7eec408612b{ip: 127.0.0.1, host: localhost, ports: [REPLICATION=46801, RATIS=41023, RATIS_ADMIN=41023, RATIS_SERVER=41023, STANDALONE=34853], networkLocation: /default-rack, certSerialId: null, persistedOpState: IN_SERVICE, persistedOpStateExpiryEpochSec: 0}, ReplicationConfig: RATIS/ONE, State:ALLOCATED, leaderId:07c4551c-5eaf-48e0-b21d-d7eec408612b, CreationTimestamp2022-01-02T13:17:31.992Z[Etc/UTC]] moved to OPEN state
2022-01-02 13:17:34,999 [pool-346-thread-1] INFO  server.RaftServerConfigKeys (ConfUtils.java:logGet(44)) - raft.server.log.statemachine.data.caching.enabled = true (custom)
2022-01-02 13:17:34,999 [pool-346-thread-1] INFO  segmented.SegmentedRaftLogWorker (SegmentedRaftLogWorker.java:lambda$new$0(133)) - 07c4551c-5eaf-48e0-b21d-d7eec408612b@group-6AA82452E0E3-SegmentedRaftLogWorker: flushIndex: setUnconditionally 0 -> -1
2022-01-02 13:17:34,999 [pool-346-thread-1] INFO  segmented.SegmentedRaftLogWorker (SegmentedRaftLogWorker.java:lambda$new$0(133)) - 07c4551c-5eaf-48e0-b21d-d7eec408612b@group-6AA82452E0E3-SegmentedRaftLogWorker: safeCacheEvictIndex: setUnconditionally 0 -> -1
2022-01-02 13:17:34,999 [EventQueue-PipelineReportForPipelineReportHandler] INFO  pipeline.PipelineManagerImpl (PipelineManagerImpl.java:openPipeline(291)) - Pipeline Pipeline[ Id: 727bad7e-590b-43b2-a04d-6aa82452e0e3, Nodes: 07c4551c-5eaf-48e0-b21d-d7eec408612b{ip: 127.0.0.1, host: localhost, ports: [REPLICATION=46801, RATIS=41023, RATIS_ADMIN=41023, RATIS_SERVER=41023, STANDALONE=34853], networkLocation: /default-rack, certSerialId: null, persistedOpState: IN_SERVICE, persistedOpStateExpiryEpochSec: 0}, ReplicationConfig: RATIS/ONE, State:ALLOCATED, leaderId:07c4551c-5eaf-48e0-b21d-d7eec408612b, CreationTimestamp2022-01-02T13:17:31.992Z[Etc/UTC]] moved to OPEN state
2022-01-02 13:17:34,999 [EventQueue-PipelineReportForPipelineReportHandler] INFO  ha.SCMHAInvocationHandler (SCMHAInvocationHandler.java:invokeRatis(113)) - Invoking method public abstract void org.apache.hadoop.hdds.scm.pipeline.PipelineStateManager.updatePipelineState(org.apache.hadoop.hdds.protocol.proto.HddsProtos$PipelineID,org.apache.hadoop.hdds.protocol.proto.HddsProtos$PipelineState) throws java.io.IOException on target org.apache.hadoop.hdds.scm.ha.SCMRatisServerImpl@5afe652c, cost 190.002us
2022-01-02 13:17:35,002 [pool-346-thread-1] INFO  server.RaftServerConfigKeys (ConfUtils.java:logGet(44)) - raft.server.snapshot.auto.trigger.enabled = true (custom)
2022-01-02 13:17:35,002 [pool-346-thread-1] INFO  server.RaftServerConfigKeys (ConfUtils.java:logGet(44)) - raft.server.snapshot.auto.trigger.threshold = 10000 (custom)
2022-01-02 13:17:35,002 [pool-346-thread-1] INFO  server.RaftServerConfigKeys (ConfUtils.java:logGet(44)) - raft.server.snapshot.retention.file.num = 5 (custom)
2022-01-02 13:17:35,003 [pool-346-thread-1] INFO  server.RaftServerConfigKeys (ConfUtils.java:logGet(44)) - raft.server.log.purge.upto.snapshot.index = false (default)
2022-01-02 13:17:35,011 [5af0e6f8-e325-4784-8af8-34780179857f@group-5D8EB23EFD07-StateMachineUpdater] INFO  safemode.HealthyPipelineSafeModeRule (HealthyPipelineSafeModeRule.java:initializeRule(152)) - Refreshed total pipeline count is 0, healthy pipeline threshold count is 1
2022-01-02 13:17:35,011 [EventQueue-PipelineReportForPipelineReportHandler] INFO  ha.SCMHAInvocationHandler (SCMHAInvocationHandler.java:invokeRatis(113)) - Invoking method public abstract void org.apache.hadoop.hdds.scm.pipeline.PipelineStateManager.updatePipelineState(org.apache.hadoop.hdds.protocol.proto.HddsProtos$PipelineID,org.apache.hadoop.hdds.protocol.proto.HddsProtos$PipelineState) throws java.io.IOException on target org.apache.hadoop.hdds.scm.ha.SCMRatisServerImpl@3310a7ca, cost 12441.33us
2022-01-02 13:17:35,011 [EventQueue-OpenPipelineForHealthyPipelineSafeModeRule] INFO  safemode.SCMSafeModeManager (HealthyPipelineSafeModeRule.java:process(124)) - SCM in safe mode. Healthy pipelines reported count is 0, required healthy pipeline reported count is 1
2022-01-02 13:17:35,012 [pool-346-thread-1] INFO  server.RaftServerConfigKeys (ConfUtils.java:logGet(44)) - raft.server.retrycache.expirytime = 600000ms (custom)
2022-01-02 13:17:35,012 [pool-346-thread-1] INFO  server.RaftServerConfigKeys (ConfUtils.java:logGet(44)) - raft.server.retrycache.statistics.expirytime = 100μs (default)
2022-01-02 13:17:35,013 [pool-346-thread-1] INFO  server.RaftServer$Division (RaftServerImpl.java:start(301)) - 07c4551c-5eaf-48e0-b21d-d7eec408612b@group-6AA82452E0E3: start as a follower, conf=-1: [07c4551c-5eaf-48e0-b21d-d7eec408612b|rpc:127.0.0.1:41023|priority:1], old=null
2022-01-02 13:17:35,013 [pool-346-thread-1] INFO  server.RaftServer$Division (RaftServerImpl.java:setRole(290)) - 07c4551c-5eaf-48e0-b21d-d7eec408612b@group-6AA82452E0E3: changes role from      null to FOLLOWER at term 0 for startAsFollower
2022-01-02 13:17:35,013 [pool-346-thread-1] INFO  impl.RoleInfo (RoleInfo.java:updateAndGet(130)) - 07c4551c-5eaf-48e0-b21d-d7eec408612b: start 07c4551c-5eaf-48e0-b21d-d7eec408612b@group-6AA82452E0E3-FollowerState
2022-01-02 13:17:35,020 [pool-346-thread-1] INFO  util.JmxRegister (JmxRegister.java:tryRegister(44)) - Successfully registered JMX Bean with object name Ratis:service=RaftServer,group=group-6AA82452E0E3,id=07c4551c-5eaf-48e0-b21d-d7eec408612b
2022-01-02 13:17:35,037 [Command processor thread] INFO  ratis.XceiverServerRatis (XceiverServerRatis.java:addGroup(768)) - Created group PipelineID=727bad7e-590b-43b2-a04d-6aa82452e0e3
2022-01-02 13:17:35,037 [Command processor thread] INFO  commandhandler.CreatePipelineCommandHandler (CreatePipelineCommandHandler.java:handle(106)) - Created Pipeline RATIS ONE PipelineID=727bad7e-590b-43b2-a04d-6aa82452e0e3.
2022-01-02 13:17:35,039 [3a1420a4-9adf-490e-ae7f-206b4dea1794@group-5D8EB23EFD07-StateMachineUpdater] INFO  safemode.HealthyPipelineSafeModeRule (HealthyPipelineSafeModeRule.java:initializeRule(152)) - Refreshed total pipeline count is 0, healthy pipeline threshold count is 1
2022-01-02 13:17:35,183 [EndpointStateMachine task thread for /127.0.0.1:15005 - 0 ] INFO  ipc.Client (Client.java:handleConnectionFailure(977)) - Retrying connect to server: localhost/127.0.0.1:15005. Already tried 3 time(s); retry policy is RetryUpToMaximumCountWithFixedSleep(maxRetries=15, sleepTime=1000 MILLISECONDS)
2022-01-02 13:17:35,195 [EndpointStateMachine task thread for /127.0.0.1:14995 - 0 ] INFO  ipc.Client (Client.java:handleConnectionFailure(977)) - Retrying connect to server: localhost/127.0.0.1:14995. Already tried 0 time(s); retry policy is RetryUpToMaximumCountWithFixedSleep(maxRetries=15, sleepTime=1000 MILLISECONDS)
2022-01-02 13:17:35,223 [EndpointStateMachine task thread for /127.0.0.1:14985 - 0 ] INFO  ipc.Client (Client.java:handleConnectionFailure(977)) - Retrying connect to server: localhost/127.0.0.1:14985. Already tried 3 time(s); retry policy is RetryUpToMaximumCountWithFixedSleep(maxRetries=15, sleepTime=1000 MILLISECONDS)
2022-01-02 13:17:35,940 [Listener at 127.0.0.1/11096] INFO  ozone.MiniOzoneClusterImpl (MiniOzoneClusterImpl.java:lambda$waitForClusterToBeReady$0(235)) - Nodes are ready. Got 3 of 3 DN Heartbeats.
2022-01-02 13:17:35,940 [Listener at 127.0.0.1/11096] INFO  ozone.MiniOzoneClusterImpl (MiniOzoneClusterImpl.java:lambda$waitForClusterToBeReady$0(238)) - Waiting for cluster to exit safe mode
2022-01-02 13:17:35,940 [Listener at 127.0.0.1/11096] INFO  ozone.MiniOzoneClusterImpl (MiniOzoneClusterImpl.java:lambda$waitForClusterToBeReady$0(240)) - SCM became leader
2022-01-02 13:17:36,184 [EndpointStateMachine task thread for /127.0.0.1:15005 - 0 ] INFO  ipc.Client (Client.java:handleConnectionFailure(977)) - Retrying connect to server: localhost/127.0.0.1:15005. Already tried 4 time(s); retry policy is RetryUpToMaximumCountWithFixedSleep(maxRetries=15, sleepTime=1000 MILLISECONDS)
2022-01-02 13:17:36,195 [EndpointStateMachine task thread for /127.0.0.1:14995 - 0 ] INFO  ipc.Client (Client.java:handleConnectionFailure(977)) - Retrying connect to server: localhost/127.0.0.1:14995. Already tried 1 time(s); retry policy is RetryUpToMaximumCountWithFixedSleep(maxRetries=15, sleepTime=1000 MILLISECONDS)
2022-01-02 13:17:36,223 [EndpointStateMachine task thread for /127.0.0.1:14985 - 0 ] INFO  ipc.Client (Client.java:handleConnectionFailure(977)) - Retrying connect to server: localhost/127.0.0.1:14985. Already tried 4 time(s); retry policy is RetryUpToMaximumCountWithFixedSleep(maxRetries=15, sleepTime=1000 MILLISECONDS)
2022-01-02 13:17:36,612 [Datanode State Machine Daemon Thread] ERROR datanode.RunningDatanodeState (RunningDatanodeState.java:computeNextContainerState(199)) - Error in executing end point task.
java.util.concurrent.ExecutionException: java.util.concurrent.TimeoutException
	at java.util.concurrent.FutureTask.report(FutureTask.java:122)
	at java.util.concurrent.FutureTask.get(FutureTask.java:192)
	at org.apache.hadoop.ozone.container.common.states.datanode.RunningDatanodeState.computeNextContainerState(RunningDatanodeState.java:191)
	at org.apache.hadoop.ozone.container.common.states.datanode.RunningDatanodeState.await(RunningDatanodeState.java:231)
	at org.apache.hadoop.ozone.container.common.states.datanode.RunningDatanodeState.await(RunningDatanodeState.java:50)
	at org.apache.hadoop.ozone.container.common.statemachine.StateContext.execute(StateContext.java:633)
	at org.apache.hadoop.ozone.container.common.statemachine.DatanodeStateMachine.start(DatanodeStateMachine.java:280)
	at org.apache.hadoop.ozone.container.common.statemachine.DatanodeStateMachine.lambda$startDaemon$0(DatanodeStateMachine.java:468)
	at java.lang.Thread.run(Thread.java:748)
Caused by: java.util.concurrent.TimeoutException
	at java.util.concurrent.FutureTask.get(FutureTask.java:205)
	at org.apache.hadoop.ozone.container.common.states.datanode.RunningDatanodeState.lambda$execute$0(RunningDatanodeState.java:149)
	at java.util.concurrent.FutureTask.run(FutureTask.java:266)
	at java.util.concurrent.Executors$RunnableAdapter.call(Executors.java:511)
	at java.util.concurrent.FutureTask.run(FutureTask.java:266)
	at java.util.concurrent.ThreadPoolExecutor.runWorker(ThreadPoolExecutor.java:1149)
	at java.util.concurrent.ThreadPoolExecutor$Worker.run(ThreadPoolExecutor.java:624)
	... 1 more
2022-01-02 13:17:36,940 [Listener at 127.0.0.1/11096] INFO  ozone.MiniOzoneClusterImpl (MiniOzoneClusterImpl.java:lambda$waitForClusterToBeReady$0(235)) - Nodes are ready. Got 3 of 3 DN Heartbeats.
2022-01-02 13:17:36,941 [Listener at 127.0.0.1/11096] INFO  ozone.MiniOzoneClusterImpl (MiniOzoneClusterImpl.java:lambda$waitForClusterToBeReady$0(238)) - Waiting for cluster to exit safe mode
2022-01-02 13:17:36,941 [Listener at 127.0.0.1/11096] INFO  ozone.MiniOzoneClusterImpl (MiniOzoneClusterImpl.java:lambda$waitForClusterToBeReady$0(240)) - SCM became leader
2022-01-02 13:17:37,185 [EndpointStateMachine task thread for /127.0.0.1:15005 - 0 ] INFO  ipc.Client (Client.java:handleConnectionFailure(977)) - Retrying connect to server: localhost/127.0.0.1:15005. Already tried 5 time(s); retry policy is RetryUpToMaximumCountWithFixedSleep(maxRetries=15, sleepTime=1000 MILLISECONDS)
2022-01-02 13:17:37,196 [EndpointStateMachine task thread for /127.0.0.1:14995 - 0 ] INFO  ipc.Client (Client.java:handleConnectionFailure(977)) - Retrying connect to server: localhost/127.0.0.1:14995. Already tried 2 time(s); retry policy is RetryUpToMaximumCountWithFixedSleep(maxRetries=15, sleepTime=1000 MILLISECONDS)
2022-01-02 13:17:37,224 [EndpointStateMachine task thread for /127.0.0.1:14985 - 0 ] INFO  ipc.Client (Client.java:handleConnectionFailure(977)) - Retrying connect to server: localhost/127.0.0.1:14985. Already tried 5 time(s); retry policy is RetryUpToMaximumCountWithFixedSleep(maxRetries=15, sleepTime=1000 MILLISECONDS)
2022-01-02 13:17:37,941 [Listener at 127.0.0.1/11096] INFO  ozone.MiniOzoneClusterImpl (MiniOzoneClusterImpl.java:lambda$waitForClusterToBeReady$0(235)) - Nodes are ready. Got 3 of 3 DN Heartbeats.
2022-01-02 13:17:37,941 [Listener at 127.0.0.1/11096] INFO  ozone.MiniOzoneClusterImpl (MiniOzoneClusterImpl.java:lambda$waitForClusterToBeReady$0(238)) - Waiting for cluster to exit safe mode
2022-01-02 13:17:37,941 [Listener at 127.0.0.1/11096] INFO  ozone.MiniOzoneClusterImpl (MiniOzoneClusterImpl.java:lambda$waitForClusterToBeReady$0(240)) - SCM became leader
2022-01-02 13:17:38,185 [EndpointStateMachine task thread for /127.0.0.1:15005 - 0 ] INFO  ipc.Client (Client.java:handleConnectionFailure(977)) - Retrying connect to server: localhost/127.0.0.1:15005. Already tried 6 time(s); retry policy is RetryUpToMaximumCountWithFixedSleep(maxRetries=15, sleepTime=1000 MILLISECONDS)
2022-01-02 13:17:38,196 [EndpointStateMachine task thread for /127.0.0.1:14995 - 0 ] INFO  ipc.Client (Client.java:handleConnectionFailure(977)) - Retrying connect to server: localhost/127.0.0.1:14995. Already tried 3 time(s); retry policy is RetryUpToMaximumCountWithFixedSleep(maxRetries=15, sleepTime=1000 MILLISECONDS)
2022-01-02 13:17:38,224 [EndpointStateMachine task thread for /127.0.0.1:14985 - 0 ] INFO  ipc.Client (Client.java:handleConnectionFailure(977)) - Retrying connect to server: localhost/127.0.0.1:14985. Already tried 6 time(s); retry policy is RetryUpToMaximumCountWithFixedSleep(maxRetries=15, sleepTime=1000 MILLISECONDS)
2022-01-02 13:17:38,478 [Datanode State Machine Daemon Thread] ERROR datanode.RunningDatanodeState (RunningDatanodeState.java:computeNextContainerState(199)) - Error in executing end point task.
java.util.concurrent.ExecutionException: java.util.concurrent.TimeoutException
	at java.util.concurrent.FutureTask.report(FutureTask.java:122)
	at java.util.concurrent.FutureTask.get(FutureTask.java:192)
	at org.apache.hadoop.ozone.container.common.states.datanode.RunningDatanodeState.computeNextContainerState(RunningDatanodeState.java:191)
	at org.apache.hadoop.ozone.container.common.states.datanode.RunningDatanodeState.await(RunningDatanodeState.java:231)
	at org.apache.hadoop.ozone.container.common.states.datanode.RunningDatanodeState.await(RunningDatanodeState.java:50)
	at org.apache.hadoop.ozone.container.common.statemachine.StateContext.execute(StateContext.java:633)
	at org.apache.hadoop.ozone.container.common.statemachine.DatanodeStateMachine.start(DatanodeStateMachine.java:280)
	at org.apache.hadoop.ozone.container.common.statemachine.DatanodeStateMachine.lambda$startDaemon$0(DatanodeStateMachine.java:468)
	at java.lang.Thread.run(Thread.java:748)
Caused by: java.util.concurrent.TimeoutException
	at java.util.concurrent.FutureTask.get(FutureTask.java:205)
	at org.apache.hadoop.ozone.container.common.states.datanode.RunningDatanodeState.lambda$execute$0(RunningDatanodeState.java:149)
	at java.util.concurrent.FutureTask.run(FutureTask.java:266)
	at java.util.concurrent.Executors$RunnableAdapter.call(Executors.java:511)
	at java.util.concurrent.FutureTask.run(FutureTask.java:266)
	at java.util.concurrent.ThreadPoolExecutor.runWorker(ThreadPoolExecutor.java:1149)
	at java.util.concurrent.ThreadPoolExecutor$Worker.run(ThreadPoolExecutor.java:624)
	... 1 more
2022-01-02 13:17:38,630 [Datanode State Machine Daemon Thread] ERROR datanode.RunningDatanodeState (RunningDatanodeState.java:computeNextContainerState(199)) - Error in executing end point task.
java.util.concurrent.ExecutionException: java.util.concurrent.TimeoutException
	at java.util.concurrent.FutureTask.report(FutureTask.java:122)
	at java.util.concurrent.FutureTask.get(FutureTask.java:192)
	at org.apache.hadoop.ozone.container.common.states.datanode.RunningDatanodeState.computeNextContainerState(RunningDatanodeState.java:191)
	at org.apache.hadoop.ozone.container.common.states.datanode.RunningDatanodeState.await(RunningDatanodeState.java:231)
	at org.apache.hadoop.ozone.container.common.states.datanode.RunningDatanodeState.await(RunningDatanodeState.java:50)
	at org.apache.hadoop.ozone.container.common.statemachine.StateContext.execute(StateContext.java:633)
	at org.apache.hadoop.ozone.container.common.statemachine.DatanodeStateMachine.start(DatanodeStateMachine.java:280)
	at org.apache.hadoop.ozone.container.common.statemachine.DatanodeStateMachine.lambda$startDaemon$0(DatanodeStateMachine.java:468)
	at java.lang.Thread.run(Thread.java:748)
Caused by: java.util.concurrent.TimeoutException
	at java.util.concurrent.FutureTask.get(FutureTask.java:205)
	at org.apache.hadoop.ozone.container.common.states.datanode.RunningDatanodeState.lambda$execute$0(RunningDatanodeState.java:149)
	at java.util.concurrent.FutureTask.run(FutureTask.java:266)
	at java.util.concurrent.Executors$RunnableAdapter.call(Executors.java:511)
	at java.util.concurrent.FutureTask.run(FutureTask.java:266)
	at java.util.concurrent.ThreadPoolExecutor.runWorker(ThreadPoolExecutor.java:1149)
	at java.util.concurrent.ThreadPoolExecutor$Worker.run(ThreadPoolExecutor.java:624)
	... 1 more
2022-01-02 13:17:38,942 [Listener at 127.0.0.1/11096] INFO  ozone.MiniOzoneClusterImpl (MiniOzoneClusterImpl.java:lambda$waitForClusterToBeReady$0(235)) - Nodes are ready. Got 3 of 3 DN Heartbeats.
2022-01-02 13:17:38,942 [Listener at 127.0.0.1/11096] INFO  ozone.MiniOzoneClusterImpl (MiniOzoneClusterImpl.java:lambda$waitForClusterToBeReady$0(238)) - Waiting for cluster to exit safe mode
2022-01-02 13:17:38,942 [Listener at 127.0.0.1/11096] INFO  ozone.MiniOzoneClusterImpl (MiniOzoneClusterImpl.java:lambda$waitForClusterToBeReady$0(240)) - SCM became leader
2022-01-02 13:17:39,000 [Datanode State Machine Daemon Thread] ERROR datanode.RunningDatanodeState (RunningDatanodeState.java:computeNextContainerState(199)) - Error in executing end point task.
java.util.concurrent.ExecutionException: java.util.concurrent.TimeoutException
	at java.util.concurrent.FutureTask.report(FutureTask.java:122)
	at java.util.concurrent.FutureTask.get(FutureTask.java:192)
	at org.apache.hadoop.ozone.container.common.states.datanode.RunningDatanodeState.computeNextContainerState(RunningDatanodeState.java:191)
	at org.apache.hadoop.ozone.container.common.states.datanode.RunningDatanodeState.await(RunningDatanodeState.java:231)
	at org.apache.hadoop.ozone.container.common.states.datanode.RunningDatanodeState.await(RunningDatanodeState.java:50)
	at org.apache.hadoop.ozone.container.common.statemachine.StateContext.execute(StateContext.java:633)
	at org.apache.hadoop.ozone.container.common.statemachine.DatanodeStateMachine.start(DatanodeStateMachine.java:280)
	at org.apache.hadoop.ozone.container.common.statemachine.DatanodeStateMachine.lambda$startDaemon$0(DatanodeStateMachine.java:468)
	at java.lang.Thread.run(Thread.java:748)
Caused by: java.util.concurrent.TimeoutException
	at java.util.concurrent.FutureTask.get(FutureTask.java:205)
	at org.apache.hadoop.ozone.container.common.states.datanode.RunningDatanodeState.lambda$execute$0(RunningDatanodeState.java:149)
	at java.util.concurrent.FutureTask.run(FutureTask.java:266)
	at java.util.concurrent.Executors$RunnableAdapter.call(Executors.java:511)
	at java.util.concurrent.FutureTask.run(FutureTask.java:266)
	at java.util.concurrent.ThreadPoolExecutor.runWorker(ThreadPoolExecutor.java:1149)
	at java.util.concurrent.ThreadPoolExecutor$Worker.run(ThreadPoolExecutor.java:624)
	... 1 more
2022-01-02 13:17:39,186 [EndpointStateMachine task thread for /127.0.0.1:15005 - 0 ] INFO  ipc.Client (Client.java:handleConnectionFailure(977)) - Retrying connect to server: localhost/127.0.0.1:15005. Already tried 7 time(s); retry policy is RetryUpToMaximumCountWithFixedSleep(maxRetries=15, sleepTime=1000 MILLISECONDS)
2022-01-02 13:17:39,197 [EndpointStateMachine task thread for /127.0.0.1:14995 - 0 ] INFO  ipc.Client (Client.java:handleConnectionFailure(977)) - Retrying connect to server: localhost/127.0.0.1:14995. Already tried 4 time(s); retry policy is RetryUpToMaximumCountWithFixedSleep(maxRetries=15, sleepTime=1000 MILLISECONDS)
2022-01-02 13:17:39,224 [EndpointStateMachine task thread for /127.0.0.1:14985 - 0 ] INFO  ipc.Client (Client.java:handleConnectionFailure(977)) - Retrying connect to server: localhost/127.0.0.1:14985. Already tried 7 time(s); retry policy is RetryUpToMaximumCountWithFixedSleep(maxRetries=15, sleepTime=1000 MILLISECONDS)
2022-01-02 13:17:39,227 [07a6759e-563e-4423-80ed-ce00ebedab03@group-6E4B320A0EB5-FollowerState] INFO  impl.FollowerState (FollowerState.java:run(134)) - 07a6759e-563e-4423-80ed-ce00ebedab03@group-6E4B320A0EB5-FollowerState: change to CANDIDATE, lastRpcElapsedTime:5063667902ns, electionTimeout:5058ms
2022-01-02 13:17:39,227 [07a6759e-563e-4423-80ed-ce00ebedab03@group-6E4B320A0EB5-FollowerState] INFO  impl.RoleInfo (RoleInfo.java:shutdownFollowerState(108)) - 07a6759e-563e-4423-80ed-ce00ebedab03: shutdown 07a6759e-563e-4423-80ed-ce00ebedab03@group-6E4B320A0EB5-FollowerState
2022-01-02 13:17:39,227 [07a6759e-563e-4423-80ed-ce00ebedab03@group-6E4B320A0EB5-FollowerState] INFO  server.RaftServer$Division (RaftServerImpl.java:setRole(290)) - 07a6759e-563e-4423-80ed-ce00ebedab03@group-6E4B320A0EB5: changes role from  FOLLOWER to CANDIDATE at term 0 for changeToCandidate
2022-01-02 13:17:39,233 [07a6759e-563e-4423-80ed-ce00ebedab03@group-6E4B320A0EB5-FollowerState] INFO  server.RaftServerConfigKeys (ConfUtils.java:logGet(44)) - raft.server.leaderelection.pre-vote = false (custom)
2022-01-02 13:17:39,233 [07a6759e-563e-4423-80ed-ce00ebedab03@group-6E4B320A0EB5-FollowerState] INFO  impl.RoleInfo (RoleInfo.java:updateAndGet(130)) - 07a6759e-563e-4423-80ed-ce00ebedab03: start 07a6759e-563e-4423-80ed-ce00ebedab03@group-6E4B320A0EB5-LeaderElection17
2022-01-02 13:17:39,254 [07a6759e-563e-4423-80ed-ce00ebedab03@group-6E4B320A0EB5-LeaderElection17] INFO  impl.LeaderElection (LeaderElection.java:askForVotes(306)) - 07a6759e-563e-4423-80ed-ce00ebedab03@group-6E4B320A0EB5-LeaderElection17 ELECTION round 0: submit vote requests at term 1 for -1: [07a6759e-563e-4423-80ed-ce00ebedab03|rpc:127.0.0.1:43531|priority:1], old=null
2022-01-02 13:17:39,254 [07a6759e-563e-4423-80ed-ce00ebedab03@group-6E4B320A0EB5-LeaderElection17] INFO  impl.LeaderElection (LeaderElection.java:askForVotes(308)) - 07a6759e-563e-4423-80ed-ce00ebedab03@group-6E4B320A0EB5-LeaderElection17 ELECTION round 0: result PASSED (term=1)
2022-01-02 13:17:39,254 [07a6759e-563e-4423-80ed-ce00ebedab03@group-6E4B320A0EB5-LeaderElection17] INFO  impl.RoleInfo (RoleInfo.java:shutdownLeaderElection(121)) - 07a6759e-563e-4423-80ed-ce00ebedab03: shutdown 07a6759e-563e-4423-80ed-ce00ebedab03@group-6E4B320A0EB5-LeaderElection17
2022-01-02 13:17:39,254 [07a6759e-563e-4423-80ed-ce00ebedab03@group-6E4B320A0EB5-LeaderElection17] INFO  server.RaftServer$Division (RaftServerImpl.java:setRole(290)) - 07a6759e-563e-4423-80ed-ce00ebedab03@group-6E4B320A0EB5: changes role from CANDIDATE to LEADER at term 1 for changeToLeader
2022-01-02 13:17:39,254 [07a6759e-563e-4423-80ed-ce00ebedab03@group-6E4B320A0EB5-LeaderElection17] INFO  ratis.XceiverServerRatis (XceiverServerRatis.java:handleLeaderChangedNotification(866)) - Leader change notification received for group: group-6E4B320A0EB5 with new leaderId: 07a6759e-563e-4423-80ed-ce00ebedab03
2022-01-02 13:17:39,254 [07a6759e-563e-4423-80ed-ce00ebedab03@group-6E4B320A0EB5-LeaderElection17] INFO  server.RaftServer$Division (ServerState.java:setLeader(285)) - 07a6759e-563e-4423-80ed-ce00ebedab03@group-6E4B320A0EB5: change Leader from null to 07a6759e-563e-4423-80ed-ce00ebedab03 at term 1 for becomeLeader, leader elected after 5101ms
2022-01-02 13:17:39,254 [07a6759e-563e-4423-80ed-ce00ebedab03@group-6E4B320A0EB5-LeaderElection17] INFO  server.RaftServerConfigKeys (ConfUtils.java:logGet(44)) - raft.server.staging.catchup.gap = 1000 (default)
2022-01-02 13:17:39,255 [07a6759e-563e-4423-80ed-ce00ebedab03@group-6E4B320A0EB5-LeaderElection17] INFO  server.RaftServerConfigKeys (ConfUtils.java:logGet(44)) - raft.server.write.element-limit = 1024 (custom)
2022-01-02 13:17:39,255 [07a6759e-563e-4423-80ed-ce00ebedab03@group-6E4B320A0EB5-LeaderElection17] INFO  server.RaftServerConfigKeys (ConfUtils.java:logGet(44)) - raft.server.write.byte-limit = 1024 M (=1073741824) (custom)
2022-01-02 13:17:39,255 [07a6759e-563e-4423-80ed-ce00ebedab03@group-6E4B320A0EB5-LeaderElection17] INFO  server.RaftServerConfigKeys (ConfUtils.java:logGet(44)) - raft.server.watch.timeout = 180s (custom)
2022-01-02 13:17:39,255 [07a6759e-563e-4423-80ed-ce00ebedab03@group-6E4B320A0EB5-LeaderElection17] INFO  server.RaftServerConfigKeys (ConfUtils.java:logGet(44)) - raft.server.watch.timeout.denomination = 1s (default)
2022-01-02 13:17:39,255 [07a6759e-563e-4423-80ed-ce00ebedab03@group-6E4B320A0EB5-LeaderElection17] INFO  server.RaftServerConfigKeys (ConfUtils.java:logGet(44)) - raft.server.watch.element-limit = 65536 (default)
2022-01-02 13:17:39,255 [07a6759e-563e-4423-80ed-ce00ebedab03@group-6E4B320A0EB5-LeaderElection17] INFO  server.RaftServerConfigKeys (ConfUtils.java:logGet(44)) - raft.server.write.element-limit = 1024 (custom)
2022-01-02 13:17:39,255 [07a6759e-563e-4423-80ed-ce00ebedab03@group-6E4B320A0EB5-LeaderElection17] INFO  server.RaftServerConfigKeys (ConfUtils.java:logGet(44)) - raft.server.write.follower.gap.ratio.max = -1.0 (default)
2022-01-02 13:17:39,255 [07a6759e-563e-4423-80ed-ce00ebedab03@group-6E4B320A0EB5-LeaderElection17] INFO  impl.RoleInfo (RoleInfo.java:updateAndGet(130)) - 07a6759e-563e-4423-80ed-ce00ebedab03: start 07a6759e-563e-4423-80ed-ce00ebedab03@group-6E4B320A0EB5-LeaderStateImpl
2022-01-02 13:17:39,255 [07a6759e-563e-4423-80ed-ce00ebedab03@group-6E4B320A0EB5-LeaderElection17] INFO  segmented.SegmentedRaftLogWorker (SegmentedRaftLogWorker.java:startLogSegment(394)) - 07a6759e-563e-4423-80ed-ce00ebedab03@group-6E4B320A0EB5-SegmentedRaftLogWorker: Starting segment from index:0
2022-01-02 13:17:39,258 [EventQueue-OpenPipelineForHealthyPipelineSafeModeRule] INFO  safemode.SCMSafeModeManager (HealthyPipelineSafeModeRule.java:process(124)) - SCM in safe mode. Healthy pipelines reported count is 0, required healthy pipeline reported count is 1
2022-01-02 13:17:39,259 [07a6759e-563e-4423-80ed-ce00ebedab03@group-6E4B320A0EB5-SegmentedRaftLogWorker] INFO  segmented.SegmentedRaftLogWorker (SegmentedRaftLogWorker.java:execute(601)) - 07a6759e-563e-4423-80ed-ce00ebedab03@group-6E4B320A0EB5-SegmentedRaftLogWorker: created new log segment /home/runner/work/ozone/ozone/hadoop-ozone/integration-test/target/test-dir/MiniOzoneClusterImpl-c1c80f75-2e15-44e6-8b98-5d8eb23efd07/datanode-0/data/ratis/b8e42c0e-66a1-4219-86ea-6e4b320a0eb5/current/log_inprogress_0
2022-01-02 13:17:39,266 [EventQueue-OpenPipelineForHealthyPipelineSafeModeRule] INFO  safemode.SCMSafeModeManager (HealthyPipelineSafeModeRule.java:process(124)) - SCM in safe mode. Healthy pipelines reported count is 0, required healthy pipeline reported count is 1
2022-01-02 13:17:39,269 [07a6759e-563e-4423-80ed-ce00ebedab03@group-6E4B320A0EB5-LeaderElection17] INFO  server.RaftServer$Division (ServerState.java:setRaftConf(387)) - 07a6759e-563e-4423-80ed-ce00ebedab03@group-6E4B320A0EB5: set configuration 0: [07a6759e-563e-4423-80ed-ce00ebedab03|rpc:127.0.0.1:43531|dataStream:|priority:1], old=null
2022-01-02 13:17:39,332 [07a6759e-563e-4423-80ed-ce00ebedab03@group-D8195C25E6F5-FollowerState] INFO  impl.FollowerState (FollowerState.java:run(134)) - 07a6759e-563e-4423-80ed-ce00ebedab03@group-D8195C25E6F5-FollowerState: change to CANDIDATE, lastRpcElapsedTime:5112599307ns, electionTimeout:5106ms
2022-01-02 13:17:39,332 [07a6759e-563e-4423-80ed-ce00ebedab03@group-D8195C25E6F5-FollowerState] INFO  impl.RoleInfo (RoleInfo.java:shutdownFollowerState(108)) - 07a6759e-563e-4423-80ed-ce00ebedab03: shutdown 07a6759e-563e-4423-80ed-ce00ebedab03@group-D8195C25E6F5-FollowerState
2022-01-02 13:17:39,333 [07a6759e-563e-4423-80ed-ce00ebedab03@group-D8195C25E6F5-FollowerState] INFO  server.RaftServer$Division (RaftServerImpl.java:setRole(290)) - 07a6759e-563e-4423-80ed-ce00ebedab03@group-D8195C25E6F5: changes role from  FOLLOWER to CANDIDATE at term 0 for changeToCandidate
2022-01-02 13:17:39,333 [07a6759e-563e-4423-80ed-ce00ebedab03@group-D8195C25E6F5-FollowerState] INFO  server.RaftServerConfigKeys (ConfUtils.java:logGet(44)) - raft.server.leaderelection.pre-vote = false (custom)
2022-01-02 13:17:39,333 [07a6759e-563e-4423-80ed-ce00ebedab03@group-D8195C25E6F5-FollowerState] INFO  impl.RoleInfo (RoleInfo.java:updateAndGet(130)) - 07a6759e-563e-4423-80ed-ce00ebedab03: start 07a6759e-563e-4423-80ed-ce00ebedab03@group-D8195C25E6F5-LeaderElection18
2022-01-02 13:17:39,351 [07a6759e-563e-4423-80ed-ce00ebedab03@group-D8195C25E6F5-LeaderElection18] INFO  impl.LeaderElection (LeaderElection.java:askForVotes(306)) - 07a6759e-563e-4423-80ed-ce00ebedab03@group-D8195C25E6F5-LeaderElection18 ELECTION round 0: submit vote requests at term 1 for -1: [07c4551c-5eaf-48e0-b21d-d7eec408612b|rpc:127.0.0.1:41023|priority:0, 07a6759e-563e-4423-80ed-ce00ebedab03|rpc:127.0.0.1:43531|priority:0, 666cbc02-cfaa-4937-bb27-8c807157e922|rpc:127.0.0.1:45001|priority:1], old=null
2022-01-02 13:17:39,365 [grpc-default-executor-0] INFO  server.RaftServer$Division (RaftServerImpl.java:requestVote(1046)) - 07c4551c-5eaf-48e0-b21d-d7eec408612b@group-D8195C25E6F5: receive requestVote(ELECTION, 07a6759e-563e-4423-80ed-ce00ebedab03, group-D8195C25E6F5, 1, (t:0, i:0))
2022-01-02 13:17:39,366 [grpc-default-executor-0] INFO  impl.VoteContext (VoteContext.java:log(48)) - 07c4551c-5eaf-48e0-b21d-d7eec408612b@group-D8195C25E6F5-FOLLOWER: accept ELECTION from 07a6759e-563e-4423-80ed-ce00ebedab03: our priority 0 <= candidate's priority 0
2022-01-02 13:17:39,366 [grpc-default-executor-0] INFO  server.RaftServer$Division (RaftServerImpl.java:setRole(290)) - 07c4551c-5eaf-48e0-b21d-d7eec408612b@group-D8195C25E6F5: changes role from  FOLLOWER to FOLLOWER at term 1 for candidate:07a6759e-563e-4423-80ed-ce00ebedab03
2022-01-02 13:17:39,366 [grpc-default-executor-0] INFO  impl.RoleInfo (RoleInfo.java:shutdownFollowerState(108)) - 07c4551c-5eaf-48e0-b21d-d7eec408612b: shutdown 07c4551c-5eaf-48e0-b21d-d7eec408612b@group-D8195C25E6F5-FollowerState
2022-01-02 13:17:39,366 [grpc-default-executor-0] INFO  impl.RoleInfo (RoleInfo.java:updateAndGet(130)) - 07c4551c-5eaf-48e0-b21d-d7eec408612b: start 07c4551c-5eaf-48e0-b21d-d7eec408612b@group-D8195C25E6F5-FollowerState
2022-01-02 13:17:39,366 [07c4551c-5eaf-48e0-b21d-d7eec408612b@group-D8195C25E6F5-FollowerState] INFO  impl.FollowerState (FollowerState.java:run(143)) - 07c4551c-5eaf-48e0-b21d-d7eec408612b@group-D8195C25E6F5-FollowerState was interrupted: {}
java.lang.InterruptedException: sleep interrupted
	at java.lang.Thread.sleep(Native Method)
	at java.lang.Thread.sleep(Thread.java:340)
	at java.util.concurrent.TimeUnit.sleep(TimeUnit.java:386)
	at org.apache.ratis.util.TimeDuration.sleep(TimeDuration.java:324)
	at org.apache.ratis.util.TimeDuration.sleep(TimeDuration.java:309)
	at org.apache.ratis.server.impl.FollowerState.run(FollowerState.java:118)
2022-01-02 13:17:39,374 [grpc-default-executor-0] INFO  server.RaftServer$Division (RaftServerImpl.java:requestVote(1078)) - 07c4551c-5eaf-48e0-b21d-d7eec408612b@group-D8195C25E6F5 replies to ELECTION vote request: 07a6759e-563e-4423-80ed-ce00ebedab03<-07c4551c-5eaf-48e0-b21d-d7eec408612b#0:OK-t1. Peer's state: 07c4551c-5eaf-48e0-b21d-d7eec408612b@group-D8195C25E6F5:t1, leader=null, voted=07a6759e-563e-4423-80ed-ce00ebedab03, raftlog=07c4551c-5eaf-48e0-b21d-d7eec408612b@group-D8195C25E6F5-SegmentedRaftLog:OPENED:c-1, conf=-1: [07c4551c-5eaf-48e0-b21d-d7eec408612b|rpc:127.0.0.1:41023|dataStream:|priority:0, 07a6759e-563e-4423-80ed-ce00ebedab03|rpc:127.0.0.1:43531|dataStream:|priority:0, 666cbc02-cfaa-4937-bb27-8c807157e922|rpc:127.0.0.1:45001|dataStream:|priority:1], old=null
2022-01-02 13:17:39,387 [grpc-default-executor-0] INFO  server.RaftServer$Division (RaftServerImpl.java:requestVote(1046)) - 666cbc02-cfaa-4937-bb27-8c807157e922@group-D8195C25E6F5: receive requestVote(ELECTION, 07a6759e-563e-4423-80ed-ce00ebedab03, group-D8195C25E6F5, 1, (t:0, i:0))
2022-01-02 13:17:39,387 [grpc-default-executor-0] INFO  impl.VoteContext (VoteContext.java:log(48)) - 666cbc02-cfaa-4937-bb27-8c807157e922@group-D8195C25E6F5-FOLLOWER: reject ELECTION from 07a6759e-563e-4423-80ed-ce00ebedab03: our priority 1 > candidate's priority 0
2022-01-02 13:17:39,387 [grpc-default-executor-0] INFO  server.RaftServer$Division (RaftServerImpl.java:setRole(290)) - 666cbc02-cfaa-4937-bb27-8c807157e922@group-D8195C25E6F5: changes role from  FOLLOWER to FOLLOWER at term 1 for candidate:07a6759e-563e-4423-80ed-ce00ebedab03
2022-01-02 13:17:39,387 [grpc-default-executor-0] INFO  impl.RoleInfo (RoleInfo.java:shutdownFollowerState(108)) - 666cbc02-cfaa-4937-bb27-8c807157e922: shutdown 666cbc02-cfaa-4937-bb27-8c807157e922@group-D8195C25E6F5-FollowerState
2022-01-02 13:17:39,387 [grpc-default-executor-0] INFO  impl.RoleInfo (RoleInfo.java:updateAndGet(130)) - 666cbc02-cfaa-4937-bb27-8c807157e922: start 666cbc02-cfaa-4937-bb27-8c807157e922@group-D8195C25E6F5-FollowerState
2022-01-02 13:17:39,388 [666cbc02-cfaa-4937-bb27-8c807157e922@group-D8195C25E6F5-FollowerState] INFO  impl.FollowerState (FollowerState.java:run(143)) - 666cbc02-cfaa-4937-bb27-8c807157e922@group-D8195C25E6F5-FollowerState was interrupted: {}
java.lang.InterruptedException: sleep interrupted
	at java.lang.Thread.sleep(Native Method)
	at java.lang.Thread.sleep(Thread.java:340)
	at java.util.concurrent.TimeUnit.sleep(TimeUnit.java:386)
	at org.apache.ratis.util.TimeDuration.sleep(TimeDuration.java:324)
	at org.apache.ratis.util.TimeDuration.sleep(TimeDuration.java:309)
	at org.apache.ratis.server.impl.FollowerState.run(FollowerState.java:118)
2022-01-02 13:17:39,398 [grpc-default-executor-0] INFO  server.RaftServer$Division (RaftServerImpl.java:requestVote(1078)) - 666cbc02-cfaa-4937-bb27-8c807157e922@group-D8195C25E6F5 replies to ELECTION vote request: 07a6759e-563e-4423-80ed-ce00ebedab03<-666cbc02-cfaa-4937-bb27-8c807157e922#0:FAIL-t1. Peer's state: 666cbc02-cfaa-4937-bb27-8c807157e922@group-D8195C25E6F5:t1, leader=null, voted=null, raftlog=666cbc02-cfaa-4937-bb27-8c807157e922@group-D8195C25E6F5-SegmentedRaftLog:OPENED:c-1, conf=-1: [07c4551c-5eaf-48e0-b21d-d7eec408612b|rpc:127.0.0.1:41023|dataStream:|priority:0, 07a6759e-563e-4423-80ed-ce00ebedab03|rpc:127.0.0.1:43531|dataStream:|priority:0, 666cbc02-cfaa-4937-bb27-8c807157e922|rpc:127.0.0.1:45001|dataStream:|priority:1], old=null
2022-01-02 13:17:39,399 [07a6759e-563e-4423-80ed-ce00ebedab03@group-D8195C25E6F5-LeaderElection18] INFO  impl.LeaderElection (LeaderElection.java:logAndReturn(89)) - 07a6759e-563e-4423-80ed-ce00ebedab03@group-D8195C25E6F5-LeaderElection18: ELECTION REJECTED received 2 response(s) and 0 exception(s):
2022-01-02 13:17:39,399 [07a6759e-563e-4423-80ed-ce00ebedab03@group-D8195C25E6F5-LeaderElection18] INFO  impl.LeaderElection (LeaderElection.java:logAndReturn(93)) -   Response 0: 07a6759e-563e-4423-80ed-ce00ebedab03<-07c4551c-5eaf-48e0-b21d-d7eec408612b#0:OK-t1
2022-01-02 13:17:39,399 [07a6759e-563e-4423-80ed-ce00ebedab03@group-D8195C25E6F5-LeaderElection18] INFO  impl.LeaderElection (LeaderElection.java:logAndReturn(93)) -   Response 1: 07a6759e-563e-4423-80ed-ce00ebedab03<-666cbc02-cfaa-4937-bb27-8c807157e922#0:FAIL-t1
2022-01-02 13:17:39,399 [07a6759e-563e-4423-80ed-ce00ebedab03@group-D8195C25E6F5-LeaderElection18] INFO  impl.LeaderElection (LeaderElection.java:askForVotes(308)) - 07a6759e-563e-4423-80ed-ce00ebedab03@group-D8195C25E6F5-LeaderElection18 ELECTION round 0: result REJECTED
2022-01-02 13:17:39,399 [07a6759e-563e-4423-80ed-ce00ebedab03@group-D8195C25E6F5-LeaderElection18] INFO  server.RaftServer$Division (RaftServerImpl.java:setRole(290)) - 07a6759e-563e-4423-80ed-ce00ebedab03@group-D8195C25E6F5: changes role from CANDIDATE to FOLLOWER at term 1 for REJECTED
2022-01-02 13:17:39,399 [07a6759e-563e-4423-80ed-ce00ebedab03@group-D8195C25E6F5-LeaderElection18] INFO  impl.RoleInfo (RoleInfo.java:shutdownLeaderElection(121)) - 07a6759e-563e-4423-80ed-ce00ebedab03: shutdown 07a6759e-563e-4423-80ed-ce00ebedab03@group-D8195C25E6F5-LeaderElection18
2022-01-02 13:17:39,399 [07a6759e-563e-4423-80ed-ce00ebedab03@group-D8195C25E6F5-LeaderElection18] INFO  impl.RoleInfo (RoleInfo.java:updateAndGet(130)) - 07a6759e-563e-4423-80ed-ce00ebedab03: start 07a6759e-563e-4423-80ed-ce00ebedab03@group-D8195C25E6F5-FollowerState
2022-01-02 13:17:39,626 [07c4551c-5eaf-48e0-b21d-d7eec408612b@group-FCC823D1752E-FollowerState] INFO  impl.FollowerState (FollowerState.java:run(134)) - 07c4551c-5eaf-48e0-b21d-d7eec408612b@group-FCC823D1752E-FollowerState: change to CANDIDATE, lastRpcElapsedTime:5075378109ns, electionTimeout:5072ms
2022-01-02 13:17:39,627 [07c4551c-5eaf-48e0-b21d-d7eec408612b@group-FCC823D1752E-FollowerState] INFO  impl.RoleInfo (RoleInfo.java:shutdownFollowerState(108)) - 07c4551c-5eaf-48e0-b21d-d7eec408612b: shutdown 07c4551c-5eaf-48e0-b21d-d7eec408612b@group-FCC823D1752E-FollowerState
2022-01-02 13:17:39,627 [07c4551c-5eaf-48e0-b21d-d7eec408612b@group-FCC823D1752E-FollowerState] INFO  server.RaftServer$Division (RaftServerImpl.java:setRole(290)) - 07c4551c-5eaf-48e0-b21d-d7eec408612b@group-FCC823D1752E: changes role from  FOLLOWER to CANDIDATE at term 0 for changeToCandidate
2022-01-02 13:17:39,628 [07c4551c-5eaf-48e0-b21d-d7eec408612b@group-FCC823D1752E-FollowerState] INFO  server.RaftServerConfigKeys (ConfUtils.java:logGet(44)) - raft.server.leaderelection.pre-vote = false (custom)
2022-01-02 13:17:39,628 [07c4551c-5eaf-48e0-b21d-d7eec408612b@group-FCC823D1752E-FollowerState] INFO  impl.RoleInfo (RoleInfo.java:updateAndGet(130)) - 07c4551c-5eaf-48e0-b21d-d7eec408612b: start 07c4551c-5eaf-48e0-b21d-d7eec408612b@group-FCC823D1752E-LeaderElection19
2022-01-02 13:17:39,632 [Datanode State Machine Daemon Thread] ERROR datanode.RunningDatanodeState (RunningDatanodeState.java:computeNextContainerState(199)) - Error in executing end point task.
java.util.concurrent.ExecutionException: java.util.concurrent.TimeoutException
	at java.util.concurrent.FutureTask.report(FutureTask.java:122)
	at java.util.concurrent.FutureTask.get(FutureTask.java:192)
	at org.apache.hadoop.ozone.container.common.states.datanode.RunningDatanodeState.computeNextContainerState(RunningDatanodeState.java:191)
	at org.apache.hadoop.ozone.container.common.states.datanode.RunningDatanodeState.await(RunningDatanodeState.java:231)
	at org.apache.hadoop.ozone.container.common.states.datanode.RunningDatanodeState.await(RunningDatanodeState.java:50)
	at org.apache.hadoop.ozone.container.common.statemachine.StateContext.execute(StateContext.java:633)
	at org.apache.hadoop.ozone.container.common.statemachine.DatanodeStateMachine.start(DatanodeStateMachine.java:280)
	at org.apache.hadoop.ozone.container.common.statemachine.DatanodeStateMachine.lambda$startDaemon$0(DatanodeStateMachine.java:468)
	at java.lang.Thread.run(Thread.java:748)
Caused by: java.util.concurrent.TimeoutException
	at java.util.concurrent.FutureTask.get(FutureTask.java:205)
	at org.apache.hadoop.ozone.container.common.states.datanode.RunningDatanodeState.lambda$execute$0(RunningDatanodeState.java:149)
	at java.util.concurrent.FutureTask.run(FutureTask.java:266)
	at java.util.concurrent.Executors$RunnableAdapter.call(Executors.java:511)
	at java.util.concurrent.FutureTask.run(FutureTask.java:266)
	at java.util.concurrent.ThreadPoolExecutor.runWorker(ThreadPoolExecutor.java:1149)
	at java.util.concurrent.ThreadPoolExecutor$Worker.run(ThreadPoolExecutor.java:624)
	... 1 more
2022-01-02 13:17:39,647 [07c4551c-5eaf-48e0-b21d-d7eec408612b@group-FCC823D1752E-LeaderElection19] INFO  impl.LeaderElection (LeaderElection.java:askForVotes(306)) - 07c4551c-5eaf-48e0-b21d-d7eec408612b@group-FCC823D1752E-LeaderElection19 ELECTION round 0: submit vote requests at term 1 for -1: [07c4551c-5eaf-48e0-b21d-d7eec408612b|rpc:127.0.0.1:41023|dataStream:|priority:0, 07a6759e-563e-4423-80ed-ce00ebedab03|rpc:127.0.0.1:43531|dataStream:|priority:1, 666cbc02-cfaa-4937-bb27-8c807157e922|rpc:127.0.0.1:45001|dataStream:|priority:0], old=null
2022-01-02 13:17:39,667 [grpc-default-executor-0] INFO  server.RaftServer$Division (RaftServerImpl.java:requestVote(1046)) - 07a6759e-563e-4423-80ed-ce00ebedab03@group-FCC823D1752E: receive requestVote(ELECTION, 07c4551c-5eaf-48e0-b21d-d7eec408612b, group-FCC823D1752E, 1, (t:0, i:0))
2022-01-02 13:17:39,667 [grpc-default-executor-0] INFO  impl.VoteContext (VoteContext.java:log(48)) - 07a6759e-563e-4423-80ed-ce00ebedab03@group-FCC823D1752E-FOLLOWER: reject ELECTION from 07c4551c-5eaf-48e0-b21d-d7eec408612b: our priority 1 > candidate's priority 0
2022-01-02 13:17:39,667 [grpc-default-executor-0] INFO  server.RaftServer$Division (RaftServerImpl.java:setRole(290)) - 07a6759e-563e-4423-80ed-ce00ebedab03@group-FCC823D1752E: changes role from  FOLLOWER to FOLLOWER at term 1 for candidate:07c4551c-5eaf-48e0-b21d-d7eec408612b
2022-01-02 13:17:39,667 [grpc-default-executor-0] INFO  impl.RoleInfo (RoleInfo.java:shutdownFollowerState(108)) - 07a6759e-563e-4423-80ed-ce00ebedab03: shutdown 07a6759e-563e-4423-80ed-ce00ebedab03@group-FCC823D1752E-FollowerState
2022-01-02 13:17:39,667 [grpc-default-executor-0] INFO  impl.RoleInfo (RoleInfo.java:updateAndGet(130)) - 07a6759e-563e-4423-80ed-ce00ebedab03: start 07a6759e-563e-4423-80ed-ce00ebedab03@group-FCC823D1752E-FollowerState
2022-01-02 13:17:39,667 [07a6759e-563e-4423-80ed-ce00ebedab03@group-FCC823D1752E-FollowerState] INFO  impl.FollowerState (FollowerState.java:run(143)) - 07a6759e-563e-4423-80ed-ce00ebedab03@group-FCC823D1752E-FollowerState was interrupted: {}
java.lang.InterruptedException: sleep interrupted
	at java.lang.Thread.sleep(Native Method)
	at java.lang.Thread.sleep(Thread.java:340)
	at java.util.concurrent.TimeUnit.sleep(TimeUnit.java:386)
	at org.apache.ratis.util.TimeDuration.sleep(TimeDuration.java:324)
	at org.apache.ratis.util.TimeDuration.sleep(TimeDuration.java:309)
	at org.apache.ratis.server.impl.FollowerState.run(FollowerState.java:118)
2022-01-02 13:17:39,668 [666cbc02-cfaa-4937-bb27-8c807157e922@group-5B691C38EC53-FollowerState] INFO  impl.FollowerState (FollowerState.java:run(134)) - 666cbc02-cfaa-4937-bb27-8c807157e922@group-5B691C38EC53-FollowerState: change to CANDIDATE, lastRpcElapsedTime:5100890072ns, electionTimeout:5090ms
2022-01-02 13:17:39,668 [666cbc02-cfaa-4937-bb27-8c807157e922@group-5B691C38EC53-FollowerState] INFO  impl.RoleInfo (RoleInfo.java:shutdownFollowerState(108)) - 666cbc02-cfaa-4937-bb27-8c807157e922: shutdown 666cbc02-cfaa-4937-bb27-8c807157e922@group-5B691C38EC53-FollowerState
2022-01-02 13:17:39,668 [666cbc02-cfaa-4937-bb27-8c807157e922@group-5B691C38EC53-FollowerState] INFO  server.RaftServer$Division (RaftServerImpl.java:setRole(290)) - 666cbc02-cfaa-4937-bb27-8c807157e922@group-5B691C38EC53: changes role from  FOLLOWER to CANDIDATE at term 0 for changeToCandidate
2022-01-02 13:17:39,671 [666cbc02-cfaa-4937-bb27-8c807157e922@group-5B691C38EC53-FollowerState] INFO  server.RaftServerConfigKeys (ConfUtils.java:logGet(44)) - raft.server.leaderelection.pre-vote = false (custom)
2022-01-02 13:17:39,671 [666cbc02-cfaa-4937-bb27-8c807157e922@group-5B691C38EC53-FollowerState] INFO  impl.RoleInfo (RoleInfo.java:updateAndGet(130)) - 666cbc02-cfaa-4937-bb27-8c807157e922: start 666cbc02-cfaa-4937-bb27-8c807157e922@group-5B691C38EC53-LeaderElection20
2022-01-02 13:17:39,678 [grpc-default-executor-0] INFO  server.RaftServer$Division (RaftServerImpl.java:requestVote(1078)) - 07a6759e-563e-4423-80ed-ce00ebedab03@group-FCC823D1752E replies to ELECTION vote request: 07c4551c-5eaf-48e0-b21d-d7eec408612b<-07a6759e-563e-4423-80ed-ce00ebedab03#0:FAIL-t1. Peer's state: 07a6759e-563e-4423-80ed-ce00ebedab03@group-FCC823D1752E:t1, leader=null, voted=null, raftlog=07a6759e-563e-4423-80ed-ce00ebedab03@group-FCC823D1752E-SegmentedRaftLog:OPENED:c-1, conf=-1: [07c4551c-5eaf-48e0-b21d-d7eec408612b|rpc:127.0.0.1:41023|priority:0, 07a6759e-563e-4423-80ed-ce00ebedab03|rpc:127.0.0.1:43531|priority:1, 666cbc02-cfaa-4937-bb27-8c807157e922|rpc:127.0.0.1:45001|priority:0], old=null
2022-01-02 13:17:39,687 [07c4551c-5eaf-48e0-b21d-d7eec408612b@group-FCC823D1752E-LeaderElection19] INFO  impl.LeaderElection (LeaderElection.java:logAndReturn(89)) - 07c4551c-5eaf-48e0-b21d-d7eec408612b@group-FCC823D1752E-LeaderElection19: ELECTION REJECTED received 1 response(s) and 0 exception(s):
2022-01-02 13:17:39,687 [07c4551c-5eaf-48e0-b21d-d7eec408612b@group-FCC823D1752E-LeaderElection19] INFO  impl.LeaderElection (LeaderElection.java:logAndReturn(93)) -   Response 0: 07c4551c-5eaf-48e0-b21d-d7eec408612b<-07a6759e-563e-4423-80ed-ce00ebedab03#0:FAIL-t1
2022-01-02 13:17:39,687 [07c4551c-5eaf-48e0-b21d-d7eec408612b@group-FCC823D1752E-LeaderElection19] INFO  impl.LeaderElection (LeaderElection.java:askForVotes(308)) - 07c4551c-5eaf-48e0-b21d-d7eec408612b@group-FCC823D1752E-LeaderElection19 ELECTION round 0: result REJECTED
2022-01-02 13:17:39,687 [07c4551c-5eaf-48e0-b21d-d7eec408612b@group-FCC823D1752E-LeaderElection19] INFO  server.RaftServer$Division (RaftServerImpl.java:setRole(290)) - 07c4551c-5eaf-48e0-b21d-d7eec408612b@group-FCC823D1752E: changes role from CANDIDATE to FOLLOWER at term 1 for REJECTED
2022-01-02 13:17:39,687 [07c4551c-5eaf-48e0-b21d-d7eec408612b@group-FCC823D1752E-LeaderElection19] INFO  impl.RoleInfo (RoleInfo.java:shutdownLeaderElection(121)) - 07c4551c-5eaf-48e0-b21d-d7eec408612b: shutdown 07c4551c-5eaf-48e0-b21d-d7eec408612b@group-FCC823D1752E-LeaderElection19
2022-01-02 13:17:39,687 [07c4551c-5eaf-48e0-b21d-d7eec408612b@group-FCC823D1752E-LeaderElection19] INFO  impl.RoleInfo (RoleInfo.java:updateAndGet(130)) - 07c4551c-5eaf-48e0-b21d-d7eec408612b: start 07c4551c-5eaf-48e0-b21d-d7eec408612b@group-FCC823D1752E-FollowerState
2022-01-02 13:17:39,697 [grpc-default-executor-0] INFO  server.RaftServer$Division (RaftServerImpl.java:requestVote(1046)) - 666cbc02-cfaa-4937-bb27-8c807157e922@group-FCC823D1752E: receive requestVote(ELECTION, 07c4551c-5eaf-48e0-b21d-d7eec408612b, group-FCC823D1752E, 1, (t:0, i:0))
2022-01-02 13:17:39,698 [grpc-default-executor-0] INFO  impl.VoteContext (VoteContext.java:log(48)) - 666cbc02-cfaa-4937-bb27-8c807157e922@group-FCC823D1752E-FOLLOWER: accept ELECTION from 07c4551c-5eaf-48e0-b21d-d7eec408612b: our priority 0 <= candidate's priority 0
2022-01-02 13:17:39,698 [grpc-default-executor-0] INFO  server.RaftServer$Division (RaftServerImpl.java:setRole(290)) - 666cbc02-cfaa-4937-bb27-8c807157e922@group-FCC823D1752E: changes role from  FOLLOWER to FOLLOWER at term 1 for candidate:07c4551c-5eaf-48e0-b21d-d7eec408612b
2022-01-02 13:17:39,698 [grpc-default-executor-0] INFO  impl.RoleInfo (RoleInfo.java:shutdownFollowerState(108)) - 666cbc02-cfaa-4937-bb27-8c807157e922: shutdown 666cbc02-cfaa-4937-bb27-8c807157e922@group-FCC823D1752E-FollowerState
2022-01-02 13:17:39,698 [grpc-default-executor-0] INFO  impl.RoleInfo (RoleInfo.java:updateAndGet(130)) - 666cbc02-cfaa-4937-bb27-8c807157e922: start 666cbc02-cfaa-4937-bb27-8c807157e922@group-FCC823D1752E-FollowerState
2022-01-02 13:17:39,698 [666cbc02-cfaa-4937-bb27-8c807157e922@group-FCC823D1752E-FollowerState] INFO  impl.FollowerState (FollowerState.java:run(143)) - 666cbc02-cfaa-4937-bb27-8c807157e922@group-FCC823D1752E-FollowerState was interrupted: {}
java.lang.InterruptedException: sleep interrupted
	at java.lang.Thread.sleep(Native Method)
	at java.lang.Thread.sleep(Thread.java:340)
	at java.util.concurrent.TimeUnit.sleep(TimeUnit.java:386)
	at org.apache.ratis.util.TimeDuration.sleep(TimeDuration.java:324)
	at org.apache.ratis.util.TimeDuration.sleep(TimeDuration.java:309)
	at org.apache.ratis.server.impl.FollowerState.run(FollowerState.java:118)
2022-01-02 13:17:39,704 [666cbc02-cfaa-4937-bb27-8c807157e922@group-5B691C38EC53-LeaderElection20] INFO  impl.LeaderElection (LeaderElection.java:askForVotes(306)) - 666cbc02-cfaa-4937-bb27-8c807157e922@group-5B691C38EC53-LeaderElection20 ELECTION round 0: submit vote requests at term 1 for -1: [666cbc02-cfaa-4937-bb27-8c807157e922|rpc:127.0.0.1:45001|priority:1], old=null
2022-01-02 13:17:39,704 [666cbc02-cfaa-4937-bb27-8c807157e922@group-5B691C38EC53-LeaderElection20] INFO  impl.LeaderElection (LeaderElection.java:askForVotes(308)) - 666cbc02-cfaa-4937-bb27-8c807157e922@group-5B691C38EC53-LeaderElection20 ELECTION round 0: result PASSED (term=1)
2022-01-02 13:17:39,704 [666cbc02-cfaa-4937-bb27-8c807157e922@group-5B691C38EC53-LeaderElection20] INFO  impl.RoleInfo (RoleInfo.java:shutdownLeaderElection(121)) - 666cbc02-cfaa-4937-bb27-8c807157e922: shutdown 666cbc02-cfaa-4937-bb27-8c807157e922@group-5B691C38EC53-LeaderElection20
2022-01-02 13:17:39,704 [666cbc02-cfaa-4937-bb27-8c807157e922@group-5B691C38EC53-LeaderElection20] INFO  server.RaftServer$Division (RaftServerImpl.java:setRole(290)) - 666cbc02-cfaa-4937-bb27-8c807157e922@group-5B691C38EC53: changes role from CANDIDATE to LEADER at term 1 for changeToLeader
2022-01-02 13:17:39,704 [666cbc02-cfaa-4937-bb27-8c807157e922@group-5B691C38EC53-LeaderElection20] INFO  ratis.XceiverServerRatis (XceiverServerRatis.java:handleLeaderChangedNotification(866)) - Leader change notification received for group: group-5B691C38EC53 with new leaderId: 666cbc02-cfaa-4937-bb27-8c807157e922
2022-01-02 13:17:39,705 [grpc-default-executor-0] INFO  server.RaftServer$Division (RaftServerImpl.java:requestVote(1078)) - 666cbc02-cfaa-4937-bb27-8c807157e922@group-FCC823D1752E replies to ELECTION vote request: 07c4551c-5eaf-48e0-b21d-d7eec408612b<-666cbc02-cfaa-4937-bb27-8c807157e922#0:OK-t1. Peer's state: 666cbc02-cfaa-4937-bb27-8c807157e922@group-FCC823D1752E:t1, leader=null, voted=07c4551c-5eaf-48e0-b21d-d7eec408612b, raftlog=666cbc02-cfaa-4937-bb27-8c807157e922@group-FCC823D1752E-SegmentedRaftLog:OPENED:c-1, conf=-1: [07c4551c-5eaf-48e0-b21d-d7eec408612b|rpc:127.0.0.1:41023|priority:0, 07a6759e-563e-4423-80ed-ce00ebedab03|rpc:127.0.0.1:43531|priority:1, 666cbc02-cfaa-4937-bb27-8c807157e922|rpc:127.0.0.1:45001|priority:0], old=null
2022-01-02 13:17:39,705 [666cbc02-cfaa-4937-bb27-8c807157e922@group-5B691C38EC53-LeaderElection20] INFO  server.RaftServer$Division (ServerState.java:setLeader(285)) - 666cbc02-cfaa-4937-bb27-8c807157e922@group-5B691C38EC53: change Leader from null to 666cbc02-cfaa-4937-bb27-8c807157e922 at term 1 for becomeLeader, leader elected after 5149ms
2022-01-02 13:17:39,705 [666cbc02-cfaa-4937-bb27-8c807157e922@group-5B691C38EC53-LeaderElection20] INFO  server.RaftServerConfigKeys (ConfUtils.java:logGet(44)) - raft.server.staging.catchup.gap = 1000 (default)
2022-01-02 13:17:39,705 [666cbc02-cfaa-4937-bb27-8c807157e922@group-5B691C38EC53-LeaderElection20] INFO  server.RaftServerConfigKeys (ConfUtils.java:logGet(44)) - raft.server.write.element-limit = 1024 (custom)
2022-01-02 13:17:39,705 [666cbc02-cfaa-4937-bb27-8c807157e922@group-5B691C38EC53-LeaderElection20] INFO  server.RaftServerConfigKeys (ConfUtils.java:logGet(44)) - raft.server.write.byte-limit = 1024 M (=1073741824) (custom)
2022-01-02 13:17:39,706 [666cbc02-cfaa-4937-bb27-8c807157e922@group-5B691C38EC53-LeaderElection20] INFO  server.RaftServerConfigKeys (ConfUtils.java:logGet(44)) - raft.server.watch.timeout = 180s (custom)
2022-01-02 13:17:39,706 [666cbc02-cfaa-4937-bb27-8c807157e922@group-5B691C38EC53-LeaderElection20] INFO  server.RaftServerConfigKeys (ConfUtils.java:logGet(44)) - raft.server.watch.timeout.denomination = 1s (default)
2022-01-02 13:17:39,706 [666cbc02-cfaa-4937-bb27-8c807157e922@group-5B691C38EC53-LeaderElection20] INFO  server.RaftServerConfigKeys (ConfUtils.java:logGet(44)) - raft.server.watch.element-limit = 65536 (default)
2022-01-02 13:17:39,706 [666cbc02-cfaa-4937-bb27-8c807157e922@group-5B691C38EC53-LeaderElection20] INFO  server.RaftServerConfigKeys (ConfUtils.java:logGet(44)) - raft.server.write.element-limit = 1024 (custom)
2022-01-02 13:17:39,706 [666cbc02-cfaa-4937-bb27-8c807157e922@group-5B691C38EC53-LeaderElection20] INFO  server.RaftServerConfigKeys (ConfUtils.java:logGet(44)) - raft.server.write.follower.gap.ratio.max = -1.0 (default)
2022-01-02 13:17:39,706 [666cbc02-cfaa-4937-bb27-8c807157e922@group-5B691C38EC53-LeaderElection20] INFO  impl.RoleInfo (RoleInfo.java:updateAndGet(130)) - 666cbc02-cfaa-4937-bb27-8c807157e922: start 666cbc02-cfaa-4937-bb27-8c807157e922@group-5B691C38EC53-LeaderStateImpl
2022-01-02 13:17:39,706 [666cbc02-cfaa-4937-bb27-8c807157e922@group-5B691C38EC53-LeaderElection20] INFO  segmented.SegmentedRaftLogWorker (SegmentedRaftLogWorker.java:startLogSegment(394)) - 666cbc02-cfaa-4937-bb27-8c807157e922@group-5B691C38EC53-SegmentedRaftLogWorker: Starting segment from index:0
2022-01-02 13:17:39,711 [EventQueue-OpenPipelineForHealthyPipelineSafeModeRule] INFO  safemode.SCMSafeModeManager (HealthyPipelineSafeModeRule.java:process(124)) - SCM in safe mode. Healthy pipelines reported count is 0, required healthy pipeline reported count is 1
2022-01-02 13:17:39,711 [666cbc02-cfaa-4937-bb27-8c807157e922@group-5B691C38EC53-SegmentedRaftLogWorker] INFO  segmented.SegmentedRaftLogWorker (SegmentedRaftLogWorker.java:execute(601)) - 666cbc02-cfaa-4937-bb27-8c807157e922@group-5B691C38EC53-SegmentedRaftLogWorker: created new log segment /home/runner/work/ozone/ozone/hadoop-ozone/integration-test/target/test-dir/MiniOzoneClusterImpl-c1c80f75-2e15-44e6-8b98-5d8eb23efd07/datanode-1/data/ratis/bc23da92-7217-49a3-b3a4-5b691c38ec53/current/log_inprogress_0
2022-01-02 13:17:39,729 [666cbc02-cfaa-4937-bb27-8c807157e922@group-5B691C38EC53-LeaderElection20] INFO  server.RaftServer$Division (ServerState.java:setRaftConf(387)) - 666cbc02-cfaa-4937-bb27-8c807157e922@group-5B691C38EC53: set configuration 0: [666cbc02-cfaa-4937-bb27-8c807157e922|rpc:127.0.0.1:45001|dataStream:|priority:1], old=null
2022-01-02 13:17:39,734 [EventQueue-OpenPipelineForHealthyPipelineSafeModeRule] INFO  safemode.SCMSafeModeManager (HealthyPipelineSafeModeRule.java:process(124)) - SCM in safe mode. Healthy pipelines reported count is 0, required healthy pipeline reported count is 1
2022-01-02 13:17:39,942 [Listener at 127.0.0.1/11096] INFO  ozone.MiniOzoneClusterImpl (MiniOzoneClusterImpl.java:lambda$waitForClusterToBeReady$0(235)) - Nodes are ready. Got 3 of 3 DN Heartbeats.
2022-01-02 13:17:39,943 [Listener at 127.0.0.1/11096] INFO  ozone.MiniOzoneClusterImpl (MiniOzoneClusterImpl.java:lambda$waitForClusterToBeReady$0(238)) - Waiting for cluster to exit safe mode
2022-01-02 13:17:39,943 [Listener at 127.0.0.1/11096] INFO  ozone.MiniOzoneClusterImpl (MiniOzoneClusterImpl.java:lambda$waitForClusterToBeReady$0(240)) - SCM became leader
2022-01-02 13:17:40,117 [07c4551c-5eaf-48e0-b21d-d7eec408612b@group-6AA82452E0E3-FollowerState] INFO  impl.FollowerState (FollowerState.java:run(134)) - 07c4551c-5eaf-48e0-b21d-d7eec408612b@group-6AA82452E0E3-FollowerState: change to CANDIDATE, lastRpcElapsedTime:5103766284ns, electionTimeout:5096ms
2022-01-02 13:17:40,117 [07c4551c-5eaf-48e0-b21d-d7eec408612b@group-6AA82452E0E3-FollowerState] INFO  impl.RoleInfo (RoleInfo.java:shutdownFollowerState(108)) - 07c4551c-5eaf-48e0-b21d-d7eec408612b: shutdown 07c4551c-5eaf-48e0-b21d-d7eec408612b@group-6AA82452E0E3-FollowerState
2022-01-02 13:17:40,117 [07c4551c-5eaf-48e0-b21d-d7eec408612b@group-6AA82452E0E3-FollowerState] INFO  server.RaftServer$Division (RaftServerImpl.java:setRole(290)) - 07c4551c-5eaf-48e0-b21d-d7eec408612b@group-6AA82452E0E3: changes role from  FOLLOWER to CANDIDATE at term 0 for changeToCandidate
2022-01-02 13:17:40,117 [07c4551c-5eaf-48e0-b21d-d7eec408612b@group-6AA82452E0E3-FollowerState] INFO  server.RaftServerConfigKeys (ConfUtils.java:logGet(44)) - raft.server.leaderelection.pre-vote = false (custom)
2022-01-02 13:17:40,117 [07c4551c-5eaf-48e0-b21d-d7eec408612b@group-6AA82452E0E3-FollowerState] INFO  impl.RoleInfo (RoleInfo.java:updateAndGet(130)) - 07c4551c-5eaf-48e0-b21d-d7eec408612b: start 07c4551c-5eaf-48e0-b21d-d7eec408612b@group-6AA82452E0E3-LeaderElection21
2022-01-02 13:17:40,136 [07c4551c-5eaf-48e0-b21d-d7eec408612b@group-6AA82452E0E3-LeaderElection21] INFO  impl.LeaderElection (LeaderElection.java:askForVotes(306)) - 07c4551c-5eaf-48e0-b21d-d7eec408612b@group-6AA82452E0E3-LeaderElection21 ELECTION round 0: submit vote requests at term 1 for -1: [07c4551c-5eaf-48e0-b21d-d7eec408612b|rpc:127.0.0.1:41023|priority:1], old=null
2022-01-02 13:17:40,138 [07c4551c-5eaf-48e0-b21d-d7eec408612b@group-6AA82452E0E3-LeaderElection21] INFO  impl.LeaderElection (LeaderElection.java:askForVotes(308)) - 07c4551c-5eaf-48e0-b21d-d7eec408612b@group-6AA82452E0E3-LeaderElection21 ELECTION round 0: result PASSED (term=1)
2022-01-02 13:17:40,139 [07c4551c-5eaf-48e0-b21d-d7eec408612b@group-6AA82452E0E3-LeaderElection21] INFO  impl.RoleInfo (RoleInfo.java:shutdownLeaderElection(121)) - 07c4551c-5eaf-48e0-b21d-d7eec408612b: shutdown 07c4551c-5eaf-48e0-b21d-d7eec408612b@group-6AA82452E0E3-LeaderElection21
2022-01-02 13:17:40,139 [07c4551c-5eaf-48e0-b21d-d7eec408612b@group-6AA82452E0E3-LeaderElection21] INFO  server.RaftServer$Division (RaftServerImpl.java:setRole(290)) - 07c4551c-5eaf-48e0-b21d-d7eec408612b@group-6AA82452E0E3: changes role from CANDIDATE to LEADER at term 1 for changeToLeader
2022-01-02 13:17:40,140 [07c4551c-5eaf-48e0-b21d-d7eec408612b@group-6AA82452E0E3-LeaderElection21] INFO  ratis.XceiverServerRatis (XceiverServerRatis.java:handleLeaderChangedNotification(866)) - Leader change notification received for group: group-6AA82452E0E3 with new leaderId: 07c4551c-5eaf-48e0-b21d-d7eec408612b
2022-01-02 13:17:40,140 [07c4551c-5eaf-48e0-b21d-d7eec408612b@group-6AA82452E0E3-LeaderElection21] INFO  server.RaftServer$Division (ServerState.java:setLeader(285)) - 07c4551c-5eaf-48e0-b21d-d7eec408612b@group-6AA82452E0E3: change Leader from null to 07c4551c-5eaf-48e0-b21d-d7eec408612b at term 1 for becomeLeader, leader elected after 5148ms
2022-01-02 13:17:40,140 [07c4551c-5eaf-48e0-b21d-d7eec408612b@group-6AA82452E0E3-LeaderElection21] INFO  server.RaftServerConfigKeys (ConfUtils.java:logGet(44)) - raft.server.staging.catchup.gap = 1000 (default)
2022-01-02 13:17:40,144 [EventQueue-OpenPipelineForHealthyPipelineSafeModeRule] INFO  safemode.SCMSafeModeManager (HealthyPipelineSafeModeRule.java:process(124)) - SCM in safe mode. Healthy pipelines reported count is 0, required healthy pipeline reported count is 1
2022-01-02 13:17:40,144 [EventQueue-OpenPipelineForHealthyPipelineSafeModeRule] INFO  safemode.SCMSafeModeManager (HealthyPipelineSafeModeRule.java:process(124)) - SCM in safe mode. Healthy pipelines reported count is 0, required healthy pipeline reported count is 1
2022-01-02 13:17:40,146 [07c4551c-5eaf-48e0-b21d-d7eec408612b@group-6AA82452E0E3-LeaderElection21] INFO  server.RaftServerConfigKeys (ConfUtils.java:logGet(44)) - raft.server.write.element-limit = 1024 (custom)
2022-01-02 13:17:40,146 [07c4551c-5eaf-48e0-b21d-d7eec408612b@group-6AA82452E0E3-LeaderElection21] INFO  server.RaftServerConfigKeys (ConfUtils.java:logGet(44)) - raft.server.write.byte-limit = 1024 M (=1073741824) (custom)
2022-01-02 13:17:40,147 [07c4551c-5eaf-48e0-b21d-d7eec408612b@group-6AA82452E0E3-LeaderElection21] INFO  server.RaftServerConfigKeys (ConfUtils.java:logGet(44)) - raft.server.watch.timeout = 180s (custom)
2022-01-02 13:17:40,147 [07c4551c-5eaf-48e0-b21d-d7eec408612b@group-6AA82452E0E3-LeaderElection21] INFO  server.RaftServerConfigKeys (ConfUtils.java:logGet(44)) - raft.server.watch.timeout.denomination = 1s (default)
2022-01-02 13:17:40,147 [07c4551c-5eaf-48e0-b21d-d7eec408612b@group-6AA82452E0E3-LeaderElection21] INFO  server.RaftServerConfigKeys (ConfUtils.java:logGet(44)) - raft.server.watch.element-limit = 65536 (default)
2022-01-02 13:17:40,147 [07c4551c-5eaf-48e0-b21d-d7eec408612b@group-6AA82452E0E3-LeaderElection21] INFO  server.RaftServerConfigKeys (ConfUtils.java:logGet(44)) - raft.server.write.element-limit = 1024 (custom)
2022-01-02 13:17:40,147 [07c4551c-5eaf-48e0-b21d-d7eec408612b@group-6AA82452E0E3-LeaderElection21] INFO  server.RaftServerConfigKeys (ConfUtils.java:logGet(44)) - raft.server.write.follower.gap.ratio.max = -1.0 (default)
2022-01-02 13:17:40,147 [07c4551c-5eaf-48e0-b21d-d7eec408612b@group-6AA82452E0E3-LeaderElection21] INFO  impl.RoleInfo (RoleInfo.java:updateAndGet(130)) - 07c4551c-5eaf-48e0-b21d-d7eec408612b: start 07c4551c-5eaf-48e0-b21d-d7eec408612b@group-6AA82452E0E3-LeaderStateImpl
2022-01-02 13:17:40,147 [07c4551c-5eaf-48e0-b21d-d7eec408612b@group-6AA82452E0E3-LeaderElection21] INFO  segmented.SegmentedRaftLogWorker (SegmentedRaftLogWorker.java:startLogSegment(394)) - 07c4551c-5eaf-48e0-b21d-d7eec408612b@group-6AA82452E0E3-SegmentedRaftLogWorker: Starting segment from index:0
2022-01-02 13:17:40,156 [07c4551c-5eaf-48e0-b21d-d7eec408612b@group-6AA82452E0E3-LeaderElection21] INFO  server.RaftServer$Division (ServerState.java:setRaftConf(387)) - 07c4551c-5eaf-48e0-b21d-d7eec408612b@group-6AA82452E0E3: set configuration 0: [07c4551c-5eaf-48e0-b21d-d7eec408612b|rpc:127.0.0.1:41023|dataStream:|priority:1], old=null
2022-01-02 13:17:40,165 [07c4551c-5eaf-48e0-b21d-d7eec408612b@group-6AA82452E0E3-SegmentedRaftLogWorker] INFO  segmented.SegmentedRaftLogWorker (SegmentedRaftLogWorker.java:execute(601)) - 07c4551c-5eaf-48e0-b21d-d7eec408612b@group-6AA82452E0E3-SegmentedRaftLogWorker: created new log segment /home/runner/work/ozone/ozone/hadoop-ozone/integration-test/target/test-dir/MiniOzoneClusterImpl-c1c80f75-2e15-44e6-8b98-5d8eb23efd07/datanode-2/data/ratis/727bad7e-590b-43b2-a04d-6aa82452e0e3/current/log_inprogress_0
2022-01-02 13:17:40,186 [EndpointStateMachine task thread for /127.0.0.1:15005 - 0 ] INFO  ipc.Client (Client.java:handleConnectionFailure(977)) - Retrying connect to server: localhost/127.0.0.1:15005. Already tried 8 time(s); retry policy is RetryUpToMaximumCountWithFixedSleep(maxRetries=15, sleepTime=1000 MILLISECONDS)
2022-01-02 13:17:40,197 [EndpointStateMachine task thread for /127.0.0.1:14995 - 0 ] INFO  ipc.Client (Client.java:handleConnectionFailure(977)) - Retrying connect to server: localhost/127.0.0.1:14995. Already tried 5 time(s); retry policy is RetryUpToMaximumCountWithFixedSleep(maxRetries=15, sleepTime=1000 MILLISECONDS)
2022-01-02 13:17:40,225 [EndpointStateMachine task thread for /127.0.0.1:14985 - 0 ] INFO  ipc.Client (Client.java:handleConnectionFailure(977)) - Retrying connect to server: localhost/127.0.0.1:14985. Already tried 8 time(s); retry policy is RetryUpToMaximumCountWithFixedSleep(maxRetries=15, sleepTime=1000 MILLISECONDS)
2022-01-02 13:17:40,704 [Datanode State Machine Daemon Thread] ERROR datanode.RunningDatanodeState (RunningDatanodeState.java:computeNextContainerState(199)) - Error in executing end point task.
java.util.concurrent.ExecutionException: java.util.concurrent.TimeoutException
	at java.util.concurrent.FutureTask.report(FutureTask.java:122)
	at java.util.concurrent.FutureTask.get(FutureTask.java:192)
	at org.apache.hadoop.ozone.container.common.states.datanode.RunningDatanodeState.computeNextContainerState(RunningDatanodeState.java:191)
	at org.apache.hadoop.ozone.container.common.states.datanode.RunningDatanodeState.await(RunningDatanodeState.java:231)
	at org.apache.hadoop.ozone.container.common.states.datanode.RunningDatanodeState.await(RunningDatanodeState.java:50)
	at org.apache.hadoop.ozone.container.common.statemachine.StateContext.execute(StateContext.java:633)
	at org.apache.hadoop.ozone.container.common.statemachine.DatanodeStateMachine.start(DatanodeStateMachine.java:280)
	at org.apache.hadoop.ozone.container.common.statemachine.DatanodeStateMachine.lambda$startDaemon$0(DatanodeStateMachine.java:468)
	at java.lang.Thread.run(Thread.java:748)
Caused by: java.util.concurrent.TimeoutException
	at java.util.concurrent.FutureTask.get(FutureTask.java:205)
	at org.apache.hadoop.ozone.container.common.states.datanode.RunningDatanodeState.lambda$execute$0(RunningDatanodeState.java:149)
	at java.util.concurrent.FutureTask.run(FutureTask.java:266)
	at java.util.concurrent.Executors$RunnableAdapter.call(Executors.java:511)
	at java.util.concurrent.FutureTask.run(FutureTask.java:266)
	at java.util.concurrent.ThreadPoolExecutor.runWorker(ThreadPoolExecutor.java:1149)
	at java.util.concurrent.ThreadPoolExecutor$Worker.run(ThreadPoolExecutor.java:624)
	... 1 more
2022-01-02 13:17:40,943 [Listener at 127.0.0.1/11096] INFO  ozone.MiniOzoneClusterImpl (MiniOzoneClusterImpl.java:lambda$waitForClusterToBeReady$0(235)) - Nodes are ready. Got 3 of 3 DN Heartbeats.
2022-01-02 13:17:40,943 [Listener at 127.0.0.1/11096] INFO  ozone.MiniOzoneClusterImpl (MiniOzoneClusterImpl.java:lambda$waitForClusterToBeReady$0(238)) - Waiting for cluster to exit safe mode
2022-01-02 13:17:40,943 [Listener at 127.0.0.1/11096] INFO  ozone.MiniOzoneClusterImpl (MiniOzoneClusterImpl.java:lambda$waitForClusterToBeReady$0(240)) - SCM became leader
2022-01-02 13:17:41,187 [EndpointStateMachine task thread for /127.0.0.1:15005 - 0 ] INFO  ipc.Client (Client.java:handleConnectionFailure(977)) - Retrying connect to server: localhost/127.0.0.1:15005. Already tried 9 time(s); retry policy is RetryUpToMaximumCountWithFixedSleep(maxRetries=15, sleepTime=1000 MILLISECONDS)
2022-01-02 13:17:41,198 [EndpointStateMachine task thread for /127.0.0.1:14995 - 0 ] INFO  ipc.Client (Client.java:handleConnectionFailure(977)) - Retrying connect to server: localhost/127.0.0.1:14995. Already tried 6 time(s); retry policy is RetryUpToMaximumCountWithFixedSleep(maxRetries=15, sleepTime=1000 MILLISECONDS)
2022-01-02 13:17:41,225 [EndpointStateMachine task thread for /127.0.0.1:14985 - 0 ] INFO  ipc.Client (Client.java:handleConnectionFailure(977)) - Retrying connect to server: localhost/127.0.0.1:14985. Already tried 9 time(s); retry policy is RetryUpToMaximumCountWithFixedSleep(maxRetries=15, sleepTime=1000 MILLISECONDS)
2022-01-02 13:17:41,944 [Listener at 127.0.0.1/11096] INFO  ozone.MiniOzoneClusterImpl (MiniOzoneClusterImpl.java:lambda$waitForClusterToBeReady$0(235)) - Nodes are ready. Got 3 of 3 DN Heartbeats.
2022-01-02 13:17:41,944 [Listener at 127.0.0.1/11096] INFO  ozone.MiniOzoneClusterImpl (MiniOzoneClusterImpl.java:lambda$waitForClusterToBeReady$0(238)) - Waiting for cluster to exit safe mode
2022-01-02 13:17:41,944 [Listener at 127.0.0.1/11096] INFO  ozone.MiniOzoneClusterImpl (MiniOzoneClusterImpl.java:lambda$waitForClusterToBeReady$0(240)) - SCM became leader
2022-01-02 13:17:42,187 [EndpointStateMachine task thread for /127.0.0.1:15005 - 0 ] INFO  ipc.Client (Client.java:handleConnectionFailure(977)) - Retrying connect to server: localhost/127.0.0.1:15005. Already tried 10 time(s); retry policy is RetryUpToMaximumCountWithFixedSleep(maxRetries=15, sleepTime=1000 MILLISECONDS)
2022-01-02 13:17:42,198 [EndpointStateMachine task thread for /127.0.0.1:14995 - 0 ] INFO  ipc.Client (Client.java:handleConnectionFailure(977)) - Retrying connect to server: localhost/127.0.0.1:14995. Already tried 7 time(s); retry policy is RetryUpToMaximumCountWithFixedSleep(maxRetries=15, sleepTime=1000 MILLISECONDS)
2022-01-02 13:17:42,225 [EndpointStateMachine task thread for /127.0.0.1:14985 - 0 ] INFO  ipc.Client (Client.java:handleConnectionFailure(977)) - Retrying connect to server: localhost/127.0.0.1:14985. Already tried 10 time(s); retry policy is RetryUpToMaximumCountWithFixedSleep(maxRetries=15, sleepTime=1000 MILLISECONDS)
2022-01-02 13:17:42,257 [Datanode State Machine Daemon Thread] ERROR datanode.RunningDatanodeState (RunningDatanodeState.java:computeNextContainerState(199)) - Error in executing end point task.
java.util.concurrent.ExecutionException: java.util.concurrent.TimeoutException
	at java.util.concurrent.FutureTask.report(FutureTask.java:122)
	at java.util.concurrent.FutureTask.get(FutureTask.java:192)
	at org.apache.hadoop.ozone.container.common.states.datanode.RunningDatanodeState.computeNextContainerState(RunningDatanodeState.java:191)
	at org.apache.hadoop.ozone.container.common.states.datanode.RunningDatanodeState.await(RunningDatanodeState.java:231)
	at org.apache.hadoop.ozone.container.common.states.datanode.RunningDatanodeState.await(RunningDatanodeState.java:50)
	at org.apache.hadoop.ozone.container.common.statemachine.StateContext.execute(StateContext.java:633)
	at org.apache.hadoop.ozone.container.common.statemachine.DatanodeStateMachine.start(DatanodeStateMachine.java:280)
	at org.apache.hadoop.ozone.container.common.statemachine.DatanodeStateMachine.lambda$startDaemon$0(DatanodeStateMachine.java:468)
	at java.lang.Thread.run(Thread.java:748)
Caused by: java.util.concurrent.TimeoutException
	at java.util.concurrent.FutureTask.get(FutureTask.java:205)
	at org.apache.hadoop.ozone.container.common.states.datanode.RunningDatanodeState.lambda$execute$0(RunningDatanodeState.java:149)
	at java.util.concurrent.FutureTask.run(FutureTask.java:266)
	at java.util.concurrent.Executors$RunnableAdapter.call(Executors.java:511)
	at java.util.concurrent.FutureTask.run(FutureTask.java:266)
	at java.util.concurrent.ThreadPoolExecutor.runWorker(ThreadPoolExecutor.java:1149)
	at java.util.concurrent.ThreadPoolExecutor$Worker.run(ThreadPoolExecutor.java:624)
	... 1 more
2022-01-02 13:17:42,706 [Datanode State Machine Daemon Thread] ERROR datanode.RunningDatanodeState (RunningDatanodeState.java:computeNextContainerState(199)) - Error in executing end point task.
java.util.concurrent.ExecutionException: java.util.concurrent.TimeoutException
	at java.util.concurrent.FutureTask.report(FutureTask.java:122)
	at java.util.concurrent.FutureTask.get(FutureTask.java:192)
	at org.apache.hadoop.ozone.container.common.states.datanode.RunningDatanodeState.computeNextContainerState(RunningDatanodeState.java:191)
	at org.apache.hadoop.ozone.container.common.states.datanode.RunningDatanodeState.await(RunningDatanodeState.java:231)
	at org.apache.hadoop.ozone.container.common.states.datanode.RunningDatanodeState.await(RunningDatanodeState.java:50)
	at org.apache.hadoop.ozone.container.common.statemachine.StateContext.execute(StateContext.java:633)
	at org.apache.hadoop.ozone.container.common.statemachine.DatanodeStateMachine.start(DatanodeStateMachine.java:280)
	at org.apache.hadoop.ozone.container.common.statemachine.DatanodeStateMachine.lambda$startDaemon$0(DatanodeStateMachine.java:468)
	at java.lang.Thread.run(Thread.java:748)
Caused by: java.util.concurrent.TimeoutException
	at java.util.concurrent.FutureTask.get(FutureTask.java:205)
	at org.apache.hadoop.ozone.container.common.states.datanode.RunningDatanodeState.lambda$execute$0(RunningDatanodeState.java:149)
	at java.util.concurrent.FutureTask.run(FutureTask.java:266)
	at java.util.concurrent.Executors$RunnableAdapter.call(Executors.java:511)
	at java.util.concurrent.FutureTask.run(FutureTask.java:266)
	at java.util.concurrent.ThreadPoolExecutor.runWorker(ThreadPoolExecutor.java:1149)
	at java.util.concurrent.ThreadPoolExecutor$Worker.run(ThreadPoolExecutor.java:624)
	... 1 more
2022-01-02 13:17:42,944 [Listener at 127.0.0.1/11096] INFO  ozone.MiniOzoneClusterImpl (MiniOzoneClusterImpl.java:lambda$waitForClusterToBeReady$0(235)) - Nodes are ready. Got 3 of 3 DN Heartbeats.
2022-01-02 13:17:42,945 [Listener at 127.0.0.1/11096] INFO  ozone.MiniOzoneClusterImpl (MiniOzoneClusterImpl.java:lambda$waitForClusterToBeReady$0(238)) - Waiting for cluster to exit safe mode
2022-01-02 13:17:42,945 [Listener at 127.0.0.1/11096] INFO  ozone.MiniOzoneClusterImpl (MiniOzoneClusterImpl.java:lambda$waitForClusterToBeReady$0(240)) - SCM became leader
2022-01-02 13:17:43,141 [Datanode State Machine Daemon Thread] ERROR datanode.RunningDatanodeState (RunningDatanodeState.java:computeNextContainerState(199)) - Error in executing end point task.
java.util.concurrent.ExecutionException: java.util.concurrent.TimeoutException
	at java.util.concurrent.FutureTask.report(FutureTask.java:122)
	at java.util.concurrent.FutureTask.get(FutureTask.java:192)
	at org.apache.hadoop.ozone.container.common.states.datanode.RunningDatanodeState.computeNextContainerState(RunningDatanodeState.java:191)
	at org.apache.hadoop.ozone.container.common.states.datanode.RunningDatanodeState.await(RunningDatanodeState.java:231)
	at org.apache.hadoop.ozone.container.common.states.datanode.RunningDatanodeState.await(RunningDatanodeState.java:50)
	at org.apache.hadoop.ozone.container.common.statemachine.StateContext.execute(StateContext.java:633)
	at org.apache.hadoop.ozone.container.common.statemachine.DatanodeStateMachine.start(DatanodeStateMachine.java:280)
	at org.apache.hadoop.ozone.container.common.statemachine.DatanodeStateMachine.lambda$startDaemon$0(DatanodeStateMachine.java:468)
	at java.lang.Thread.run(Thread.java:748)
Caused by: java.util.concurrent.TimeoutException
	at java.util.concurrent.FutureTask.get(FutureTask.java:205)
	at org.apache.hadoop.ozone.container.common.states.datanode.RunningDatanodeState.lambda$execute$0(RunningDatanodeState.java:149)
	at java.util.concurrent.FutureTask.run(FutureTask.java:266)
	at java.util.concurrent.Executors$RunnableAdapter.call(Executors.java:511)
	at java.util.concurrent.FutureTask.run(FutureTask.java:266)
	at java.util.concurrent.ThreadPoolExecutor.runWorker(ThreadPoolExecutor.java:1149)
	at java.util.concurrent.ThreadPoolExecutor$Worker.run(ThreadPoolExecutor.java:624)
	... 1 more
2022-01-02 13:17:43,188 [EndpointStateMachine task thread for /127.0.0.1:15005 - 0 ] INFO  ipc.Client (Client.java:handleConnectionFailure(977)) - Retrying connect to server: localhost/127.0.0.1:15005. Already tried 11 time(s); retry policy is RetryUpToMaximumCountWithFixedSleep(maxRetries=15, sleepTime=1000 MILLISECONDS)
2022-01-02 13:17:43,199 [EndpointStateMachine task thread for /127.0.0.1:14995 - 0 ] INFO  ipc.Client (Client.java:handleConnectionFailure(977)) - Retrying connect to server: localhost/127.0.0.1:14995. Already tried 8 time(s); retry policy is RetryUpToMaximumCountWithFixedSleep(maxRetries=15, sleepTime=1000 MILLISECONDS)
2022-01-02 13:17:43,226 [EndpointStateMachine task thread for /127.0.0.1:14985 - 0 ] INFO  ipc.Client (Client.java:handleConnectionFailure(977)) - Retrying connect to server: localhost/127.0.0.1:14985. Already tried 11 time(s); retry policy is RetryUpToMaximumCountWithFixedSleep(maxRetries=15, sleepTime=1000 MILLISECONDS)
2022-01-02 13:17:43,945 [Listener at 127.0.0.1/11096] INFO  ozone.MiniOzoneClusterImpl (MiniOzoneClusterImpl.java:lambda$waitForClusterToBeReady$0(235)) - Nodes are ready. Got 3 of 3 DN Heartbeats.
2022-01-02 13:17:43,945 [Listener at 127.0.0.1/11096] INFO  ozone.MiniOzoneClusterImpl (MiniOzoneClusterImpl.java:lambda$waitForClusterToBeReady$0(238)) - Waiting for cluster to exit safe mode
2022-01-02 13:17:43,945 [Listener at 127.0.0.1/11096] INFO  ozone.MiniOzoneClusterImpl (MiniOzoneClusterImpl.java:lambda$waitForClusterToBeReady$0(240)) - SCM became leader
2022-01-02 13:17:44,188 [EndpointStateMachine task thread for /127.0.0.1:15005 - 0 ] INFO  ipc.Client (Client.java:handleConnectionFailure(977)) - Retrying connect to server: localhost/127.0.0.1:15005. Already tried 12 time(s); retry policy is RetryUpToMaximumCountWithFixedSleep(maxRetries=15, sleepTime=1000 MILLISECONDS)
2022-01-02 13:17:44,199 [EndpointStateMachine task thread for /127.0.0.1:14995 - 0 ] INFO  ipc.Client (Client.java:handleConnectionFailure(977)) - Retrying connect to server: localhost/127.0.0.1:14995. Already tried 9 time(s); retry policy is RetryUpToMaximumCountWithFixedSleep(maxRetries=15, sleepTime=1000 MILLISECONDS)
2022-01-02 13:17:44,226 [EndpointStateMachine task thread for /127.0.0.1:14985 - 0 ] INFO  ipc.Client (Client.java:handleConnectionFailure(977)) - Retrying connect to server: localhost/127.0.0.1:14985. Already tried 12 time(s); retry policy is RetryUpToMaximumCountWithFixedSleep(maxRetries=15, sleepTime=1000 MILLISECONDS)
2022-01-02 13:17:44,411 [07c4551c-5eaf-48e0-b21d-d7eec408612b@group-D8195C25E6F5-FollowerState] INFO  impl.FollowerState (FollowerState.java:run(134)) - 07c4551c-5eaf-48e0-b21d-d7eec408612b@group-D8195C25E6F5-FollowerState: change to CANDIDATE, lastRpcElapsedTime:5036740922ns, electionTimeout:5026ms
2022-01-02 13:17:44,411 [07c4551c-5eaf-48e0-b21d-d7eec408612b@group-D8195C25E6F5-FollowerState] INFO  impl.RoleInfo (RoleInfo.java:shutdownFollowerState(108)) - 07c4551c-5eaf-48e0-b21d-d7eec408612b: shutdown 07c4551c-5eaf-48e0-b21d-d7eec408612b@group-D8195C25E6F5-FollowerState
2022-01-02 13:17:44,411 [07c4551c-5eaf-48e0-b21d-d7eec408612b@group-D8195C25E6F5-FollowerState] INFO  server.RaftServer$Division (RaftServerImpl.java:setRole(290)) - 07c4551c-5eaf-48e0-b21d-d7eec408612b@group-D8195C25E6F5: changes role from  FOLLOWER to CANDIDATE at term 1 for changeToCandidate
2022-01-02 13:17:44,411 [07c4551c-5eaf-48e0-b21d-d7eec408612b@group-D8195C25E6F5-FollowerState] INFO  server.RaftServerConfigKeys (ConfUtils.java:logGet(44)) - raft.server.leaderelection.pre-vote = false (custom)
2022-01-02 13:17:44,411 [07c4551c-5eaf-48e0-b21d-d7eec408612b@group-D8195C25E6F5-FollowerState] INFO  impl.RoleInfo (RoleInfo.java:updateAndGet(130)) - 07c4551c-5eaf-48e0-b21d-d7eec408612b: start 07c4551c-5eaf-48e0-b21d-d7eec408612b@group-D8195C25E6F5-LeaderElection22
2022-01-02 13:17:44,425 [07c4551c-5eaf-48e0-b21d-d7eec408612b@group-D8195C25E6F5-LeaderElection22] INFO  impl.LeaderElection (LeaderElection.java:askForVotes(306)) - 07c4551c-5eaf-48e0-b21d-d7eec408612b@group-D8195C25E6F5-LeaderElection22 ELECTION round 0: submit vote requests at term 2 for -1: [07c4551c-5eaf-48e0-b21d-d7eec408612b|rpc:127.0.0.1:41023|dataStream:|priority:0, 07a6759e-563e-4423-80ed-ce00ebedab03|rpc:127.0.0.1:43531|dataStream:|priority:0, 666cbc02-cfaa-4937-bb27-8c807157e922|rpc:127.0.0.1:45001|dataStream:|priority:1], old=null
2022-01-02 13:17:44,439 [grpc-default-executor-0] INFO  server.RaftServer$Division (RaftServerImpl.java:requestVote(1046)) - 07a6759e-563e-4423-80ed-ce00ebedab03@group-D8195C25E6F5: receive requestVote(ELECTION, 07c4551c-5eaf-48e0-b21d-d7eec408612b, group-D8195C25E6F5, 2, (t:0, i:0))
2022-01-02 13:17:44,440 [grpc-default-executor-0] INFO  impl.VoteContext (VoteContext.java:log(48)) - 07a6759e-563e-4423-80ed-ce00ebedab03@group-D8195C25E6F5-FOLLOWER: accept ELECTION from 07c4551c-5eaf-48e0-b21d-d7eec408612b: our priority 0 <= candidate's priority 0
2022-01-02 13:17:44,440 [grpc-default-executor-0] INFO  server.RaftServer$Division (RaftServerImpl.java:setRole(290)) - 07a6759e-563e-4423-80ed-ce00ebedab03@group-D8195C25E6F5: changes role from  FOLLOWER to FOLLOWER at term 2 for candidate:07c4551c-5eaf-48e0-b21d-d7eec408612b
2022-01-02 13:17:44,440 [grpc-default-executor-0] INFO  impl.RoleInfo (RoleInfo.java:shutdownFollowerState(108)) - 07a6759e-563e-4423-80ed-ce00ebedab03: shutdown 07a6759e-563e-4423-80ed-ce00ebedab03@group-D8195C25E6F5-FollowerState
2022-01-02 13:17:44,440 [grpc-default-executor-0] INFO  impl.RoleInfo (RoleInfo.java:updateAndGet(130)) - 07a6759e-563e-4423-80ed-ce00ebedab03: start 07a6759e-563e-4423-80ed-ce00ebedab03@group-D8195C25E6F5-FollowerState
2022-01-02 13:17:44,442 [grpc-default-executor-0] INFO  server.RaftServer$Division (RaftServerImpl.java:requestVote(1078)) - 07a6759e-563e-4423-80ed-ce00ebedab03@group-D8195C25E6F5 replies to ELECTION vote request: 07c4551c-5eaf-48e0-b21d-d7eec408612b<-07a6759e-563e-4423-80ed-ce00ebedab03#0:OK-t2. Peer's state: 07a6759e-563e-4423-80ed-ce00ebedab03@group-D8195C25E6F5:t2, leader=null, voted=07c4551c-5eaf-48e0-b21d-d7eec408612b, raftlog=07a6759e-563e-4423-80ed-ce00ebedab03@group-D8195C25E6F5-SegmentedRaftLog:OPENED:c-1, conf=-1: [07c4551c-5eaf-48e0-b21d-d7eec408612b|rpc:127.0.0.1:41023|priority:0, 07a6759e-563e-4423-80ed-ce00ebedab03|rpc:127.0.0.1:43531|priority:0, 666cbc02-cfaa-4937-bb27-8c807157e922|rpc:127.0.0.1:45001|priority:1], old=null
2022-01-02 13:17:44,443 [07a6759e-563e-4423-80ed-ce00ebedab03@group-D8195C25E6F5-FollowerState] INFO  impl.FollowerState (FollowerState.java:run(143)) - 07a6759e-563e-4423-80ed-ce00ebedab03@group-D8195C25E6F5-FollowerState was interrupted: {}
java.lang.InterruptedException: sleep interrupted
	at java.lang.Thread.sleep(Native Method)
	at java.lang.Thread.sleep(Thread.java:340)
	at java.util.concurrent.TimeUnit.sleep(TimeUnit.java:386)
	at org.apache.ratis.util.TimeDuration.sleep(TimeDuration.java:324)
	at org.apache.ratis.util.TimeDuration.sleep(TimeDuration.java:309)
	at org.apache.ratis.server.impl.FollowerState.run(FollowerState.java:118)
2022-01-02 13:17:44,455 [grpc-default-executor-0] INFO  server.RaftServer$Division (RaftServerImpl.java:requestVote(1046)) - 666cbc02-cfaa-4937-bb27-8c807157e922@group-D8195C25E6F5: receive requestVote(ELECTION, 07c4551c-5eaf-48e0-b21d-d7eec408612b, group-D8195C25E6F5, 2, (t:0, i:0))
2022-01-02 13:17:44,455 [grpc-default-executor-0] INFO  impl.VoteContext (VoteContext.java:log(48)) - 666cbc02-cfaa-4937-bb27-8c807157e922@group-D8195C25E6F5-FOLLOWER: reject ELECTION from 07c4551c-5eaf-48e0-b21d-d7eec408612b: our priority 1 > candidate's priority 0
2022-01-02 13:17:44,455 [grpc-default-executor-0] INFO  server.RaftServer$Division (RaftServerImpl.java:setRole(290)) - 666cbc02-cfaa-4937-bb27-8c807157e922@group-D8195C25E6F5: changes role from  FOLLOWER to FOLLOWER at term 2 for candidate:07c4551c-5eaf-48e0-b21d-d7eec408612b
2022-01-02 13:17:44,455 [grpc-default-executor-0] INFO  impl.RoleInfo (RoleInfo.java:shutdownFollowerState(108)) - 666cbc02-cfaa-4937-bb27-8c807157e922: shutdown 666cbc02-cfaa-4937-bb27-8c807157e922@group-D8195C25E6F5-FollowerState
2022-01-02 13:17:44,455 [666cbc02-cfaa-4937-bb27-8c807157e922@group-D8195C25E6F5-FollowerState] INFO  impl.FollowerState (FollowerState.java:run(143)) - 666cbc02-cfaa-4937-bb27-8c807157e922@group-D8195C25E6F5-FollowerState was interrupted: {}
java.lang.InterruptedException: sleep interrupted
	at java.lang.Thread.sleep(Native Method)
	at java.lang.Thread.sleep(Thread.java:340)
	at java.util.concurrent.TimeUnit.sleep(TimeUnit.java:386)
	at org.apache.ratis.util.TimeDuration.sleep(TimeDuration.java:324)
	at org.apache.ratis.util.TimeDuration.sleep(TimeDuration.java:309)
	at org.apache.ratis.server.impl.FollowerState.run(FollowerState.java:118)
2022-01-02 13:17:44,455 [grpc-default-executor-0] INFO  impl.RoleInfo (RoleInfo.java:updateAndGet(130)) - 666cbc02-cfaa-4937-bb27-8c807157e922: start 666cbc02-cfaa-4937-bb27-8c807157e922@group-D8195C25E6F5-FollowerState
2022-01-02 13:17:44,465 [grpc-default-executor-0] INFO  server.RaftServer$Division (RaftServerImpl.java:requestVote(1078)) - 666cbc02-cfaa-4937-bb27-8c807157e922@group-D8195C25E6F5 replies to ELECTION vote request: 07c4551c-5eaf-48e0-b21d-d7eec408612b<-666cbc02-cfaa-4937-bb27-8c807157e922#0:FAIL-t2. Peer's state: 666cbc02-cfaa-4937-bb27-8c807157e922@group-D8195C25E6F5:t2, leader=null, voted=null, raftlog=666cbc02-cfaa-4937-bb27-8c807157e922@group-D8195C25E6F5-SegmentedRaftLog:OPENED:c-1, conf=-1: [07c4551c-5eaf-48e0-b21d-d7eec408612b|rpc:127.0.0.1:41023|dataStream:|priority:0, 07a6759e-563e-4423-80ed-ce00ebedab03|rpc:127.0.0.1:43531|dataStream:|priority:0, 666cbc02-cfaa-4937-bb27-8c807157e922|rpc:127.0.0.1:45001|dataStream:|priority:1], old=null
2022-01-02 13:17:44,466 [07c4551c-5eaf-48e0-b21d-d7eec408612b@group-D8195C25E6F5-LeaderElection22] INFO  impl.LeaderElection (LeaderElection.java:logAndReturn(89)) - 07c4551c-5eaf-48e0-b21d-d7eec408612b@group-D8195C25E6F5-LeaderElection22: ELECTION REJECTED received 2 response(s) and 0 exception(s):
2022-01-02 13:17:44,467 [07c4551c-5eaf-48e0-b21d-d7eec408612b@group-D8195C25E6F5-LeaderElection22] INFO  impl.LeaderElection (LeaderElection.java:logAndReturn(93)) -   Response 0: 07c4551c-5eaf-48e0-b21d-d7eec408612b<-07a6759e-563e-4423-80ed-ce00ebedab03#0:OK-t2
2022-01-02 13:17:44,467 [07c4551c-5eaf-48e0-b21d-d7eec408612b@group-D8195C25E6F5-LeaderElection22] INFO  impl.LeaderElection (LeaderElection.java:logAndReturn(93)) -   Response 1: 07c4551c-5eaf-48e0-b21d-d7eec408612b<-666cbc02-cfaa-4937-bb27-8c807157e922#0:FAIL-t2
2022-01-02 13:17:44,467 [07c4551c-5eaf-48e0-b21d-d7eec408612b@group-D8195C25E6F5-LeaderElection22] INFO  impl.LeaderElection (LeaderElection.java:askForVotes(308)) - 07c4551c-5eaf-48e0-b21d-d7eec408612b@group-D8195C25E6F5-LeaderElection22 ELECTION round 0: result REJECTED
2022-01-02 13:17:44,467 [07c4551c-5eaf-48e0-b21d-d7eec408612b@group-D8195C25E6F5-LeaderElection22] INFO  server.RaftServer$Division (RaftServerImpl.java:setRole(290)) - 07c4551c-5eaf-48e0-b21d-d7eec408612b@group-D8195C25E6F5: changes role from CANDIDATE to FOLLOWER at term 2 for REJECTED
2022-01-02 13:17:44,467 [07c4551c-5eaf-48e0-b21d-d7eec408612b@group-D8195C25E6F5-LeaderElection22] INFO  impl.RoleInfo (RoleInfo.java:shutdownLeaderElection(121)) - 07c4551c-5eaf-48e0-b21d-d7eec408612b: shutdown 07c4551c-5eaf-48e0-b21d-d7eec408612b@group-D8195C25E6F5-LeaderElection22
2022-01-02 13:17:44,467 [07c4551c-5eaf-48e0-b21d-d7eec408612b@group-D8195C25E6F5-LeaderElection22] INFO  impl.RoleInfo (RoleInfo.java:updateAndGet(130)) - 07c4551c-5eaf-48e0-b21d-d7eec408612b: start 07c4551c-5eaf-48e0-b21d-d7eec408612b@group-D8195C25E6F5-FollowerState
2022-01-02 13:17:44,709 [Datanode State Machine Daemon Thread] ERROR datanode.RunningDatanodeState (RunningDatanodeState.java:computeNextContainerState(199)) - Error in executing end point task.
java.util.concurrent.ExecutionException: java.util.concurrent.TimeoutException
	at java.util.concurrent.FutureTask.report(FutureTask.java:122)
	at java.util.concurrent.FutureTask.get(FutureTask.java:192)
	at org.apache.hadoop.ozone.container.common.states.datanode.RunningDatanodeState.computeNextContainerState(RunningDatanodeState.java:191)
	at org.apache.hadoop.ozone.container.common.states.datanode.RunningDatanodeState.await(RunningDatanodeState.java:231)
	at org.apache.hadoop.ozone.container.common.states.datanode.RunningDatanodeState.await(RunningDatanodeState.java:50)
	at org.apache.hadoop.ozone.container.common.statemachine.StateContext.execute(StateContext.java:633)
	at org.apache.hadoop.ozone.container.common.statemachine.DatanodeStateMachine.start(DatanodeStateMachine.java:280)
	at org.apache.hadoop.ozone.container.common.statemachine.DatanodeStateMachine.lambda$startDaemon$0(DatanodeStateMachine.java:468)
	at java.lang.Thread.run(Thread.java:748)
Caused by: java.util.concurrent.TimeoutException
	at java.util.concurrent.FutureTask.get(FutureTask.java:205)
	at org.apache.hadoop.ozone.container.common.states.datanode.RunningDatanodeState.lambda$execute$0(RunningDatanodeState.java:149)
	at java.util.concurrent.FutureTask.run(FutureTask.java:266)
	at java.util.concurrent.Executors$RunnableAdapter.call(Executors.java:511)
	at java.util.concurrent.FutureTask.run(FutureTask.java:266)
	at java.util.concurrent.ThreadPoolExecutor.runWorker(ThreadPoolExecutor.java:1149)
	at java.util.concurrent.ThreadPoolExecutor$Worker.run(ThreadPoolExecutor.java:624)
	... 1 more
2022-01-02 13:17:44,738 [07c4551c-5eaf-48e0-b21d-d7eec408612b@group-FCC823D1752E-FollowerState] INFO  impl.FollowerState (FollowerState.java:run(134)) - 07c4551c-5eaf-48e0-b21d-d7eec408612b@group-FCC823D1752E-FollowerState: change to CANDIDATE, lastRpcElapsedTime:5051055657ns, electionTimeout:5030ms
2022-01-02 13:17:44,738 [07c4551c-5eaf-48e0-b21d-d7eec408612b@group-FCC823D1752E-FollowerState] INFO  impl.RoleInfo (RoleInfo.java:shutdownFollowerState(108)) - 07c4551c-5eaf-48e0-b21d-d7eec408612b: shutdown 07c4551c-5eaf-48e0-b21d-d7eec408612b@group-FCC823D1752E-FollowerState
2022-01-02 13:17:44,738 [07c4551c-5eaf-48e0-b21d-d7eec408612b@group-FCC823D1752E-FollowerState] INFO  server.RaftServer$Division (RaftServerImpl.java:setRole(290)) - 07c4551c-5eaf-48e0-b21d-d7eec408612b@group-FCC823D1752E: changes role from  FOLLOWER to CANDIDATE at term 1 for changeToCandidate
2022-01-02 13:17:44,738 [07c4551c-5eaf-48e0-b21d-d7eec408612b@group-FCC823D1752E-FollowerState] INFO  server.RaftServerConfigKeys (ConfUtils.java:logGet(44)) - raft.server.leaderelection.pre-vote = false (custom)
2022-01-02 13:17:44,738 [07c4551c-5eaf-48e0-b21d-d7eec408612b@group-FCC823D1752E-FollowerState] INFO  impl.RoleInfo (RoleInfo.java:updateAndGet(130)) - 07c4551c-5eaf-48e0-b21d-d7eec408612b: start 07c4551c-5eaf-48e0-b21d-d7eec408612b@group-FCC823D1752E-LeaderElection23
2022-01-02 13:17:44,750 [07c4551c-5eaf-48e0-b21d-d7eec408612b@group-FCC823D1752E-LeaderElection23] INFO  impl.LeaderElection (LeaderElection.java:askForVotes(306)) - 07c4551c-5eaf-48e0-b21d-d7eec408612b@group-FCC823D1752E-LeaderElection23 ELECTION round 0: submit vote requests at term 2 for -1: [07c4551c-5eaf-48e0-b21d-d7eec408612b|rpc:127.0.0.1:41023|dataStream:|priority:0, 07a6759e-563e-4423-80ed-ce00ebedab03|rpc:127.0.0.1:43531|dataStream:|priority:1, 666cbc02-cfaa-4937-bb27-8c807157e922|rpc:127.0.0.1:45001|dataStream:|priority:0], old=null
2022-01-02 13:17:44,761 [grpc-default-executor-0] INFO  server.RaftServer$Division (RaftServerImpl.java:requestVote(1046)) - 07a6759e-563e-4423-80ed-ce00ebedab03@group-FCC823D1752E: receive requestVote(ELECTION, 07c4551c-5eaf-48e0-b21d-d7eec408612b, group-FCC823D1752E, 2, (t:0, i:0))
2022-01-02 13:17:44,762 [grpc-default-executor-0] INFO  impl.VoteContext (VoteContext.java:log(48)) - 07a6759e-563e-4423-80ed-ce00ebedab03@group-FCC823D1752E-FOLLOWER: reject ELECTION from 07c4551c-5eaf-48e0-b21d-d7eec408612b: our priority 1 > candidate's priority 0
2022-01-02 13:17:44,762 [grpc-default-executor-0] INFO  server.RaftServer$Division (RaftServerImpl.java:setRole(290)) - 07a6759e-563e-4423-80ed-ce00ebedab03@group-FCC823D1752E: changes role from  FOLLOWER to FOLLOWER at term 2 for candidate:07c4551c-5eaf-48e0-b21d-d7eec408612b
2022-01-02 13:17:44,762 [grpc-default-executor-0] INFO  impl.RoleInfo (RoleInfo.java:shutdownFollowerState(108)) - 07a6759e-563e-4423-80ed-ce00ebedab03: shutdown 07a6759e-563e-4423-80ed-ce00ebedab03@group-FCC823D1752E-FollowerState
2022-01-02 13:17:44,762 [grpc-default-executor-0] INFO  impl.RoleInfo (RoleInfo.java:updateAndGet(130)) - 07a6759e-563e-4423-80ed-ce00ebedab03: start 07a6759e-563e-4423-80ed-ce00ebedab03@group-FCC823D1752E-FollowerState
2022-01-02 13:17:44,762 [07a6759e-563e-4423-80ed-ce00ebedab03@group-FCC823D1752E-FollowerState] INFO  impl.FollowerState (FollowerState.java:run(143)) - 07a6759e-563e-4423-80ed-ce00ebedab03@group-FCC823D1752E-FollowerState was interrupted: {}
java.lang.InterruptedException: sleep interrupted
	at java.lang.Thread.sleep(Native Method)
	at java.lang.Thread.sleep(Thread.java:340)
	at java.util.concurrent.TimeUnit.sleep(TimeUnit.java:386)
	at org.apache.ratis.util.TimeDuration.sleep(TimeDuration.java:324)
	at org.apache.ratis.util.TimeDuration.sleep(TimeDuration.java:309)
	at org.apache.ratis.server.impl.FollowerState.run(FollowerState.java:118)
2022-01-02 13:17:44,773 [grpc-default-executor-0] INFO  server.RaftServer$Division (RaftServerImpl.java:requestVote(1078)) - 07a6759e-563e-4423-80ed-ce00ebedab03@group-FCC823D1752E replies to ELECTION vote request: 07c4551c-5eaf-48e0-b21d-d7eec408612b<-07a6759e-563e-4423-80ed-ce00ebedab03#0:FAIL-t2. Peer's state: 07a6759e-563e-4423-80ed-ce00ebedab03@group-FCC823D1752E:t2, leader=null, voted=null, raftlog=07a6759e-563e-4423-80ed-ce00ebedab03@group-FCC823D1752E-SegmentedRaftLog:OPENED:c-1, conf=-1: [07c4551c-5eaf-48e0-b21d-d7eec408612b|rpc:127.0.0.1:41023|priority:0, 07a6759e-563e-4423-80ed-ce00ebedab03|rpc:127.0.0.1:43531|priority:1, 666cbc02-cfaa-4937-bb27-8c807157e922|rpc:127.0.0.1:45001|priority:0], old=null
2022-01-02 13:17:44,776 [grpc-default-executor-0] INFO  server.RaftServer$Division (RaftServerImpl.java:requestVote(1046)) - 666cbc02-cfaa-4937-bb27-8c807157e922@group-FCC823D1752E: receive requestVote(ELECTION, 07c4551c-5eaf-48e0-b21d-d7eec408612b, group-FCC823D1752E, 2, (t:0, i:0))
2022-01-02 13:17:44,776 [grpc-default-executor-0] INFO  impl.VoteContext (VoteContext.java:log(48)) - 666cbc02-cfaa-4937-bb27-8c807157e922@group-FCC823D1752E-FOLLOWER: accept ELECTION from 07c4551c-5eaf-48e0-b21d-d7eec408612b: our priority 0 <= candidate's priority 0
2022-01-02 13:17:44,776 [grpc-default-executor-0] INFO  server.RaftServer$Division (RaftServerImpl.java:setRole(290)) - 666cbc02-cfaa-4937-bb27-8c807157e922@group-FCC823D1752E: changes role from  FOLLOWER to FOLLOWER at term 2 for candidate:07c4551c-5eaf-48e0-b21d-d7eec408612b
2022-01-02 13:17:44,776 [grpc-default-executor-0] INFO  impl.RoleInfo (RoleInfo.java:shutdownFollowerState(108)) - 666cbc02-cfaa-4937-bb27-8c807157e922: shutdown 666cbc02-cfaa-4937-bb27-8c807157e922@group-FCC823D1752E-FollowerState
2022-01-02 13:17:44,776 [grpc-default-executor-0] INFO  impl.RoleInfo (RoleInfo.java:updateAndGet(130)) - 666cbc02-cfaa-4937-bb27-8c807157e922: start 666cbc02-cfaa-4937-bb27-8c807157e922@group-FCC823D1752E-FollowerState
2022-01-02 13:17:44,776 [666cbc02-cfaa-4937-bb27-8c807157e922@group-FCC823D1752E-FollowerState] INFO  impl.FollowerState (FollowerState.java:run(143)) - 666cbc02-cfaa-4937-bb27-8c807157e922@group-FCC823D1752E-FollowerState was interrupted: {}
java.lang.InterruptedException: sleep interrupted
	at java.lang.Thread.sleep(Native Method)
	at java.lang.Thread.sleep(Thread.java:340)
	at java.util.concurrent.TimeUnit.sleep(TimeUnit.java:386)
	at org.apache.ratis.util.TimeDuration.sleep(TimeDuration.java:324)
	at org.apache.ratis.util.TimeDuration.sleep(TimeDuration.java:309)
	at org.apache.ratis.server.impl.FollowerState.run(FollowerState.java:118)
2022-01-02 13:17:44,778 [07c4551c-5eaf-48e0-b21d-d7eec408612b@group-FCC823D1752E-LeaderElection23] INFO  impl.LeaderElection (LeaderElection.java:logAndReturn(89)) - 07c4551c-5eaf-48e0-b21d-d7eec408612b@group-FCC823D1752E-LeaderElection23: ELECTION REJECTED received 1 response(s) and 0 exception(s):
2022-01-02 13:17:44,778 [07c4551c-5eaf-48e0-b21d-d7eec408612b@group-FCC823D1752E-LeaderElection23] INFO  impl.LeaderElection (LeaderElection.java:logAndReturn(93)) -   Response 0: 07c4551c-5eaf-48e0-b21d-d7eec408612b<-07a6759e-563e-4423-80ed-ce00ebedab03#0:FAIL-t2
2022-01-02 13:17:44,778 [07c4551c-5eaf-48e0-b21d-d7eec408612b@group-FCC823D1752E-LeaderElection23] INFO  impl.LeaderElection (LeaderElection.java:askForVotes(308)) - 07c4551c-5eaf-48e0-b21d-d7eec408612b@group-FCC823D1752E-LeaderElection23 ELECTION round 0: result REJECTED
2022-01-02 13:17:44,778 [07c4551c-5eaf-48e0-b21d-d7eec408612b@group-FCC823D1752E-LeaderElection23] INFO  server.RaftServer$Division (RaftServerImpl.java:setRole(290)) - 07c4551c-5eaf-48e0-b21d-d7eec408612b@group-FCC823D1752E: changes role from CANDIDATE to FOLLOWER at term 2 for REJECTED
2022-01-02 13:17:44,778 [07c4551c-5eaf-48e0-b21d-d7eec408612b@group-FCC823D1752E-LeaderElection23] INFO  impl.RoleInfo (RoleInfo.java:shutdownLeaderElection(121)) - 07c4551c-5eaf-48e0-b21d-d7eec408612b: shutdown 07c4551c-5eaf-48e0-b21d-d7eec408612b@group-FCC823D1752E-LeaderElection23
2022-01-02 13:17:44,778 [07c4551c-5eaf-48e0-b21d-d7eec408612b@group-FCC823D1752E-LeaderElection23] INFO  impl.RoleInfo (RoleInfo.java:updateAndGet(130)) - 07c4551c-5eaf-48e0-b21d-d7eec408612b: start 07c4551c-5eaf-48e0-b21d-d7eec408612b@group-FCC823D1752E-FollowerState
2022-01-02 13:17:44,778 [grpc-default-executor-0] INFO  server.RaftServer$Division (RaftServerImpl.java:requestVote(1078)) - 666cbc02-cfaa-4937-bb27-8c807157e922@group-FCC823D1752E replies to ELECTION vote request: 07c4551c-5eaf-48e0-b21d-d7eec408612b<-666cbc02-cfaa-4937-bb27-8c807157e922#0:OK-t2. Peer's state: 666cbc02-cfaa-4937-bb27-8c807157e922@group-FCC823D1752E:t2, leader=null, voted=07c4551c-5eaf-48e0-b21d-d7eec408612b, raftlog=666cbc02-cfaa-4937-bb27-8c807157e922@group-FCC823D1752E-SegmentedRaftLog:OPENED:c-1, conf=-1: [07c4551c-5eaf-48e0-b21d-d7eec408612b|rpc:127.0.0.1:41023|priority:0, 07a6759e-563e-4423-80ed-ce00ebedab03|rpc:127.0.0.1:43531|priority:1, 666cbc02-cfaa-4937-bb27-8c807157e922|rpc:127.0.0.1:45001|priority:0], old=null
2022-01-02 13:17:44,949 [Listener at 127.0.0.1/11096] INFO  ozone.MiniOzoneClusterImpl (MiniOzoneClusterImpl.java:lambda$waitForClusterToBeReady$0(235)) - Nodes are ready. Got 3 of 3 DN Heartbeats.
2022-01-02 13:17:44,949 [Listener at 127.0.0.1/11096] INFO  ozone.MiniOzoneClusterImpl (MiniOzoneClusterImpl.java:lambda$waitForClusterToBeReady$0(238)) - Waiting for cluster to exit safe mode
2022-01-02 13:17:44,949 [Listener at 127.0.0.1/11096] INFO  ozone.MiniOzoneClusterImpl (MiniOzoneClusterImpl.java:lambda$waitForClusterToBeReady$0(240)) - SCM became leader
2022-01-02 13:17:45,189 [EndpointStateMachine task thread for /127.0.0.1:15005 - 0 ] INFO  ipc.Client (Client.java:handleConnectionFailure(977)) - Retrying connect to server: localhost/127.0.0.1:15005. Already tried 13 time(s); retry policy is RetryUpToMaximumCountWithFixedSleep(maxRetries=15, sleepTime=1000 MILLISECONDS)
2022-01-02 13:17:45,199 [EndpointStateMachine task thread for /127.0.0.1:14995 - 0 ] INFO  ipc.Client (Client.java:handleConnectionFailure(977)) - Retrying connect to server: localhost/127.0.0.1:14995. Already tried 10 time(s); retry policy is RetryUpToMaximumCountWithFixedSleep(maxRetries=15, sleepTime=1000 MILLISECONDS)
2022-01-02 13:17:45,226 [EndpointStateMachine task thread for /127.0.0.1:14985 - 0 ] INFO  ipc.Client (Client.java:handleConnectionFailure(977)) - Retrying connect to server: localhost/127.0.0.1:14985. Already tried 13 time(s); retry policy is RetryUpToMaximumCountWithFixedSleep(maxRetries=15, sleepTime=1000 MILLISECONDS)
2022-01-02 13:17:45,950 [Listener at 127.0.0.1/11096] INFO  ozone.MiniOzoneClusterImpl (MiniOzoneClusterImpl.java:lambda$waitForClusterToBeReady$0(235)) - Nodes are ready. Got 3 of 3 DN Heartbeats.
2022-01-02 13:17:45,950 [Listener at 127.0.0.1/11096] INFO  ozone.MiniOzoneClusterImpl (MiniOzoneClusterImpl.java:lambda$waitForClusterToBeReady$0(238)) - Waiting for cluster to exit safe mode
2022-01-02 13:17:45,950 [Listener at 127.0.0.1/11096] INFO  ozone.MiniOzoneClusterImpl (MiniOzoneClusterImpl.java:lambda$waitForClusterToBeReady$0(240)) - SCM became leader
2022-01-02 13:17:46,190 [EndpointStateMachine task thread for /127.0.0.1:15005 - 0 ] INFO  ipc.Client (Client.java:handleConnectionFailure(977)) - Retrying connect to server: localhost/127.0.0.1:15005. Already tried 14 time(s); retry policy is RetryUpToMaximumCountWithFixedSleep(maxRetries=15, sleepTime=1000 MILLISECONDS)
2022-01-02 13:17:46,200 [EndpointStateMachine task thread for /127.0.0.1:14995 - 0 ] INFO  ipc.Client (Client.java:handleConnectionFailure(977)) - Retrying connect to server: localhost/127.0.0.1:14995. Already tried 11 time(s); retry policy is RetryUpToMaximumCountWithFixedSleep(maxRetries=15, sleepTime=1000 MILLISECONDS)
2022-01-02 13:17:46,227 [EndpointStateMachine task thread for /127.0.0.1:14985 - 0 ] INFO  ipc.Client (Client.java:handleConnectionFailure(977)) - Retrying connect to server: localhost/127.0.0.1:14985. Already tried 14 time(s); retry policy is RetryUpToMaximumCountWithFixedSleep(maxRetries=15, sleepTime=1000 MILLISECONDS)
2022-01-02 13:17:46,950 [Listener at 127.0.0.1/11096] INFO  ozone.MiniOzoneClusterImpl (MiniOzoneClusterImpl.java:lambda$waitForClusterToBeReady$0(235)) - Nodes are ready. Got 3 of 3 DN Heartbeats.
2022-01-02 13:17:46,950 [Listener at 127.0.0.1/11096] INFO  ozone.MiniOzoneClusterImpl (MiniOzoneClusterImpl.java:lambda$waitForClusterToBeReady$0(238)) - Waiting for cluster to exit safe mode
2022-01-02 13:17:46,951 [Listener at 127.0.0.1/11096] INFO  ozone.MiniOzoneClusterImpl (MiniOzoneClusterImpl.java:lambda$waitForClusterToBeReady$0(240)) - SCM became leader
2022-01-02 13:17:47,143 [Datanode State Machine Daemon Thread] ERROR datanode.RunningDatanodeState (RunningDatanodeState.java:computeNextContainerState(199)) - Error in executing end point task.
java.util.concurrent.ExecutionException: java.util.concurrent.TimeoutException
	at java.util.concurrent.FutureTask.report(FutureTask.java:122)
	at java.util.concurrent.FutureTask.get(FutureTask.java:192)
	at org.apache.hadoop.ozone.container.common.states.datanode.RunningDatanodeState.computeNextContainerState(RunningDatanodeState.java:191)
	at org.apache.hadoop.ozone.container.common.states.datanode.RunningDatanodeState.await(RunningDatanodeState.java:231)
	at org.apache.hadoop.ozone.container.common.states.datanode.RunningDatanodeState.await(RunningDatanodeState.java:50)
	at org.apache.hadoop.ozone.container.common.statemachine.StateContext.execute(StateContext.java:633)
	at org.apache.hadoop.ozone.container.common.statemachine.DatanodeStateMachine.start(DatanodeStateMachine.java:280)
	at org.apache.hadoop.ozone.container.common.statemachine.DatanodeStateMachine.lambda$startDaemon$0(DatanodeStateMachine.java:468)
	at java.lang.Thread.run(Thread.java:748)
Caused by: java.util.concurrent.TimeoutException
	at java.util.concurrent.FutureTask.get(FutureTask.java:205)
	at org.apache.hadoop.ozone.container.common.states.datanode.RunningDatanodeState.lambda$execute$0(RunningDatanodeState.java:149)
	at java.util.concurrent.FutureTask.run(FutureTask.java:266)
	at java.util.concurrent.Executors$RunnableAdapter.call(Executors.java:511)
	at java.util.concurrent.FutureTask.run(FutureTask.java:266)
	at java.util.concurrent.ThreadPoolExecutor.runWorker(ThreadPoolExecutor.java:1149)
	at java.util.concurrent.ThreadPoolExecutor$Worker.run(ThreadPoolExecutor.java:624)
	... 1 more
2022-01-02 13:17:47,195 [EndpointStateMachine task thread for /127.0.0.1:15005 - 0 ] INFO  ipc.Client (Client.java:handleConnectionFailure(977)) - Retrying connect to server: localhost/127.0.0.1:15005. Already tried 0 time(s); retry policy is RetryUpToMaximumCountWithFixedSleep(maxRetries=15, sleepTime=1000 MILLISECONDS)
2022-01-02 13:17:47,200 [EndpointStateMachine task thread for /127.0.0.1:14995 - 0 ] INFO  ipc.Client (Client.java:handleConnectionFailure(977)) - Retrying connect to server: localhost/127.0.0.1:14995. Already tried 12 time(s); retry policy is RetryUpToMaximumCountWithFixedSleep(maxRetries=15, sleepTime=1000 MILLISECONDS)
2022-01-02 13:17:47,228 [EndpointStateMachine task thread for /127.0.0.1:14985 - 0 ] INFO  ipc.Client (Client.java:handleConnectionFailure(977)) - Retrying connect to server: localhost/127.0.0.1:14985. Already tried 0 time(s); retry policy is RetryUpToMaximumCountWithFixedSleep(maxRetries=15, sleepTime=1000 MILLISECONDS)
2022-01-02 13:17:47,260 [Datanode State Machine Daemon Thread] ERROR datanode.RunningDatanodeState (RunningDatanodeState.java:computeNextContainerState(199)) - Error in executing end point task.
java.util.concurrent.ExecutionException: java.util.concurrent.TimeoutException
	at java.util.concurrent.FutureTask.report(FutureTask.java:122)
	at java.util.concurrent.FutureTask.get(FutureTask.java:192)
	at org.apache.hadoop.ozone.container.common.states.datanode.RunningDatanodeState.computeNextContainerState(RunningDatanodeState.java:191)
	at org.apache.hadoop.ozone.container.common.states.datanode.RunningDatanodeState.await(RunningDatanodeState.java:231)
	at org.apache.hadoop.ozone.container.common.states.datanode.RunningDatanodeState.await(RunningDatanodeState.java:50)
	at org.apache.hadoop.ozone.container.common.statemachine.StateContext.execute(StateContext.java:633)
	at org.apache.hadoop.ozone.container.common.statemachine.DatanodeStateMachine.start(DatanodeStateMachine.java:280)
	at org.apache.hadoop.ozone.container.common.statemachine.DatanodeStateMachine.lambda$startDaemon$0(DatanodeStateMachine.java:468)
	at java.lang.Thread.run(Thread.java:748)
Caused by: java.util.concurrent.TimeoutException
	at java.util.concurrent.FutureTask.get(FutureTask.java:205)
	at org.apache.hadoop.ozone.container.common.states.datanode.RunningDatanodeState.lambda$execute$0(RunningDatanodeState.java:149)
	at java.util.concurrent.FutureTask.run(FutureTask.java:266)
	at java.util.concurrent.Executors$RunnableAdapter.call(Executors.java:511)
	at java.util.concurrent.FutureTask.run(FutureTask.java:266)
	at java.util.concurrent.ThreadPoolExecutor.runWorker(ThreadPoolExecutor.java:1149)
	at java.util.concurrent.ThreadPoolExecutor$Worker.run(ThreadPoolExecutor.java:624)
	... 1 more
2022-01-02 13:17:47,951 [Listener at 127.0.0.1/11096] INFO  ozone.MiniOzoneClusterImpl (MiniOzoneClusterImpl.java:lambda$waitForClusterToBeReady$0(235)) - Nodes are ready. Got 3 of 3 DN Heartbeats.
2022-01-02 13:17:47,951 [Listener at 127.0.0.1/11096] INFO  ozone.MiniOzoneClusterImpl (MiniOzoneClusterImpl.java:lambda$waitForClusterToBeReady$0(238)) - Waiting for cluster to exit safe mode
2022-01-02 13:17:47,951 [Listener at 127.0.0.1/11096] INFO  ozone.MiniOzoneClusterImpl (MiniOzoneClusterImpl.java:lambda$waitForClusterToBeReady$0(240)) - SCM became leader
2022-01-02 13:17:48,195 [EndpointStateMachine task thread for /127.0.0.1:15005 - 0 ] INFO  ipc.Client (Client.java:handleConnectionFailure(977)) - Retrying connect to server: localhost/127.0.0.1:15005. Already tried 1 time(s); retry policy is RetryUpToMaximumCountWithFixedSleep(maxRetries=15, sleepTime=1000 MILLISECONDS)
2022-01-02 13:17:48,201 [EndpointStateMachine task thread for /127.0.0.1:14995 - 0 ] INFO  ipc.Client (Client.java:handleConnectionFailure(977)) - Retrying connect to server: localhost/127.0.0.1:14995. Already tried 13 time(s); retry policy is RetryUpToMaximumCountWithFixedSleep(maxRetries=15, sleepTime=1000 MILLISECONDS)
2022-01-02 13:17:48,228 [EndpointStateMachine task thread for /127.0.0.1:14985 - 0 ] INFO  ipc.Client (Client.java:handleConnectionFailure(977)) - Retrying connect to server: localhost/127.0.0.1:14985. Already tried 1 time(s); retry policy is RetryUpToMaximumCountWithFixedSleep(maxRetries=15, sleepTime=1000 MILLISECONDS)
2022-01-02 13:17:48,951 [Listener at 127.0.0.1/11096] INFO  ozone.MiniOzoneClusterImpl (MiniOzoneClusterImpl.java:lambda$waitForClusterToBeReady$0(235)) - Nodes are ready. Got 3 of 3 DN Heartbeats.
2022-01-02 13:17:48,952 [Listener at 127.0.0.1/11096] INFO  ozone.MiniOzoneClusterImpl (MiniOzoneClusterImpl.java:lambda$waitForClusterToBeReady$0(238)) - Waiting for cluster to exit safe mode
2022-01-02 13:17:48,952 [Listener at 127.0.0.1/11096] INFO  ozone.MiniOzoneClusterImpl (MiniOzoneClusterImpl.java:lambda$waitForClusterToBeReady$0(240)) - SCM became leader
2022-01-02 13:17:49,196 [EndpointStateMachine task thread for /127.0.0.1:15005 - 0 ] INFO  ipc.Client (Client.java:handleConnectionFailure(977)) - Retrying connect to server: localhost/127.0.0.1:15005. Already tried 2 time(s); retry policy is RetryUpToMaximumCountWithFixedSleep(maxRetries=15, sleepTime=1000 MILLISECONDS)
2022-01-02 13:17:49,201 [EndpointStateMachine task thread for /127.0.0.1:14995 - 0 ] INFO  ipc.Client (Client.java:handleConnectionFailure(977)) - Retrying connect to server: localhost/127.0.0.1:14995. Already tried 14 time(s); retry policy is RetryUpToMaximumCountWithFixedSleep(maxRetries=15, sleepTime=1000 MILLISECONDS)
2022-01-02 13:17:49,228 [EndpointStateMachine task thread for /127.0.0.1:14985 - 0 ] INFO  ipc.Client (Client.java:handleConnectionFailure(977)) - Retrying connect to server: localhost/127.0.0.1:14985. Already tried 2 time(s); retry policy is RetryUpToMaximumCountWithFixedSleep(maxRetries=15, sleepTime=1000 MILLISECONDS)
2022-01-02 13:17:49,263 [Datanode State Machine Daemon Thread] ERROR datanode.RunningDatanodeState (RunningDatanodeState.java:computeNextContainerState(199)) - Error in executing end point task.
java.util.concurrent.ExecutionException: java.util.concurrent.TimeoutException
	at java.util.concurrent.FutureTask.report(FutureTask.java:122)
	at java.util.concurrent.FutureTask.get(FutureTask.java:192)
	at org.apache.hadoop.ozone.container.common.states.datanode.RunningDatanodeState.computeNextContainerState(RunningDatanodeState.java:191)
	at org.apache.hadoop.ozone.container.common.states.datanode.RunningDatanodeState.await(RunningDatanodeState.java:231)
	at org.apache.hadoop.ozone.container.common.states.datanode.RunningDatanodeState.await(RunningDatanodeState.java:50)
	at org.apache.hadoop.ozone.container.common.statemachine.StateContext.execute(StateContext.java:633)
	at org.apache.hadoop.ozone.container.common.statemachine.DatanodeStateMachine.start(DatanodeStateMachine.java:280)
	at org.apache.hadoop.ozone.container.common.statemachine.DatanodeStateMachine.lambda$startDaemon$0(DatanodeStateMachine.java:468)
	at java.lang.Thread.run(Thread.java:748)
Caused by: java.util.concurrent.TimeoutException
	at java.util.concurrent.FutureTask.get(FutureTask.java:205)
	at org.apache.hadoop.ozone.container.common.states.datanode.RunningDatanodeState.lambda$execute$0(RunningDatanodeState.java:149)
	at java.util.concurrent.FutureTask.run(FutureTask.java:266)
	at java.util.concurrent.Executors$RunnableAdapter.call(Executors.java:511)
	at java.util.concurrent.FutureTask.run(FutureTask.java:266)
	at java.util.concurrent.ThreadPoolExecutor.runWorker(ThreadPoolExecutor.java:1149)
	at java.util.concurrent.ThreadPoolExecutor$Worker.run(ThreadPoolExecutor.java:624)
	... 1 more
2022-01-02 13:17:49,579 [07a6759e-563e-4423-80ed-ce00ebedab03@group-D8195C25E6F5-FollowerState] INFO  impl.FollowerState (FollowerState.java:run(134)) - 07a6759e-563e-4423-80ed-ce00ebedab03@group-D8195C25E6F5-FollowerState: change to CANDIDATE, lastRpcElapsedTime:5137587166ns, electionTimeout:5137ms
2022-01-02 13:17:49,579 [07a6759e-563e-4423-80ed-ce00ebedab03@group-D8195C25E6F5-FollowerState] INFO  impl.RoleInfo (RoleInfo.java:shutdownFollowerState(108)) - 07a6759e-563e-4423-80ed-ce00ebedab03: shutdown 07a6759e-563e-4423-80ed-ce00ebedab03@group-D8195C25E6F5-FollowerState
2022-01-02 13:17:49,580 [07a6759e-563e-4423-80ed-ce00ebedab03@group-D8195C25E6F5-FollowerState] INFO  server.RaftServer$Division (RaftServerImpl.java:setRole(290)) - 07a6759e-563e-4423-80ed-ce00ebedab03@group-D8195C25E6F5: changes role from  FOLLOWER to CANDIDATE at term 2 for changeToCandidate
2022-01-02 13:17:49,580 [07a6759e-563e-4423-80ed-ce00ebedab03@group-D8195C25E6F5-FollowerState] INFO  server.RaftServerConfigKeys (ConfUtils.java:logGet(44)) - raft.server.leaderelection.pre-vote = false (custom)
2022-01-02 13:17:49,580 [07a6759e-563e-4423-80ed-ce00ebedab03@group-D8195C25E6F5-FollowerState] INFO  impl.RoleInfo (RoleInfo.java:updateAndGet(130)) - 07a6759e-563e-4423-80ed-ce00ebedab03: start 07a6759e-563e-4423-80ed-ce00ebedab03@group-D8195C25E6F5-LeaderElection24
2022-01-02 13:17:49,588 [07a6759e-563e-4423-80ed-ce00ebedab03@group-D8195C25E6F5-LeaderElection24] INFO  impl.LeaderElection (LeaderElection.java:askForVotes(306)) - 07a6759e-563e-4423-80ed-ce00ebedab03@group-D8195C25E6F5-LeaderElection24 ELECTION round 0: submit vote requests at term 3 for -1: [07c4551c-5eaf-48e0-b21d-d7eec408612b|rpc:127.0.0.1:41023|priority:0, 07a6759e-563e-4423-80ed-ce00ebedab03|rpc:127.0.0.1:43531|priority:0, 666cbc02-cfaa-4937-bb27-8c807157e922|rpc:127.0.0.1:45001|priority:1], old=null
2022-01-02 13:17:49,606 [grpc-default-executor-0] INFO  server.RaftServer$Division (RaftServerImpl.java:requestVote(1046)) - 666cbc02-cfaa-4937-bb27-8c807157e922@group-D8195C25E6F5: receive requestVote(ELECTION, 07a6759e-563e-4423-80ed-ce00ebedab03, group-D8195C25E6F5, 3, (t:0, i:0))
2022-01-02 13:17:49,606 [grpc-default-executor-0] INFO  impl.VoteContext (VoteContext.java:log(48)) - 666cbc02-cfaa-4937-bb27-8c807157e922@group-D8195C25E6F5-FOLLOWER: reject ELECTION from 07a6759e-563e-4423-80ed-ce00ebedab03: our priority 1 > candidate's priority 0
2022-01-02 13:17:49,606 [grpc-default-executor-0] INFO  server.RaftServer$Division (RaftServerImpl.java:setRole(290)) - 666cbc02-cfaa-4937-bb27-8c807157e922@group-D8195C25E6F5: changes role from  FOLLOWER to FOLLOWER at term 3 for candidate:07a6759e-563e-4423-80ed-ce00ebedab03
2022-01-02 13:17:49,607 [grpc-default-executor-0] INFO  impl.RoleInfo (RoleInfo.java:shutdownFollowerState(108)) - 666cbc02-cfaa-4937-bb27-8c807157e922: shutdown 666cbc02-cfaa-4937-bb27-8c807157e922@group-D8195C25E6F5-FollowerState
2022-01-02 13:17:49,607 [grpc-default-executor-0] INFO  impl.RoleInfo (RoleInfo.java:updateAndGet(130)) - 666cbc02-cfaa-4937-bb27-8c807157e922: start 666cbc02-cfaa-4937-bb27-8c807157e922@group-D8195C25E6F5-FollowerState
2022-01-02 13:17:49,607 [666cbc02-cfaa-4937-bb27-8c807157e922@group-D8195C25E6F5-FollowerState] INFO  impl.FollowerState (FollowerState.java:run(143)) - 666cbc02-cfaa-4937-bb27-8c807157e922@group-D8195C25E6F5-FollowerState was interrupted: {}
java.lang.InterruptedException: sleep interrupted
	at java.lang.Thread.sleep(Native Method)
	at java.lang.Thread.sleep(Thread.java:340)
	at java.util.concurrent.TimeUnit.sleep(TimeUnit.java:386)
	at org.apache.ratis.util.TimeDuration.sleep(TimeDuration.java:324)
	at org.apache.ratis.util.TimeDuration.sleep(TimeDuration.java:309)
	at org.apache.ratis.server.impl.FollowerState.run(FollowerState.java:118)
2022-01-02 13:17:49,611 [grpc-default-executor-1] INFO  server.RaftServer$Division (RaftServerImpl.java:requestVote(1046)) - 07c4551c-5eaf-48e0-b21d-d7eec408612b@group-D8195C25E6F5: receive requestVote(ELECTION, 07a6759e-563e-4423-80ed-ce00ebedab03, group-D8195C25E6F5, 3, (t:0, i:0))
2022-01-02 13:17:49,611 [grpc-default-executor-0] INFO  server.RaftServer$Division (RaftServerImpl.java:requestVote(1078)) - 666cbc02-cfaa-4937-bb27-8c807157e922@group-D8195C25E6F5 replies to ELECTION vote request: 07a6759e-563e-4423-80ed-ce00ebedab03<-666cbc02-cfaa-4937-bb27-8c807157e922#0:FAIL-t3. Peer's state: 666cbc02-cfaa-4937-bb27-8c807157e922@group-D8195C25E6F5:t3, leader=null, voted=null, raftlog=666cbc02-cfaa-4937-bb27-8c807157e922@group-D8195C25E6F5-SegmentedRaftLog:OPENED:c-1, conf=-1: [07c4551c-5eaf-48e0-b21d-d7eec408612b|rpc:127.0.0.1:41023|dataStream:|priority:0, 07a6759e-563e-4423-80ed-ce00ebedab03|rpc:127.0.0.1:43531|dataStream:|priority:0, 666cbc02-cfaa-4937-bb27-8c807157e922|rpc:127.0.0.1:45001|dataStream:|priority:1], old=null
2022-01-02 13:17:49,611 [grpc-default-executor-1] INFO  impl.VoteContext (VoteContext.java:log(48)) - 07c4551c-5eaf-48e0-b21d-d7eec408612b@group-D8195C25E6F5-FOLLOWER: accept ELECTION from 07a6759e-563e-4423-80ed-ce00ebedab03: our priority 0 <= candidate's priority 0
2022-01-02 13:17:49,611 [grpc-default-executor-1] INFO  server.RaftServer$Division (RaftServerImpl.java:setRole(290)) - 07c4551c-5eaf-48e0-b21d-d7eec408612b@group-D8195C25E6F5: changes role from  FOLLOWER to FOLLOWER at term 3 for candidate:07a6759e-563e-4423-80ed-ce00ebedab03
2022-01-02 13:17:49,611 [grpc-default-executor-1] INFO  impl.RoleInfo (RoleInfo.java:shutdownFollowerState(108)) - 07c4551c-5eaf-48e0-b21d-d7eec408612b: shutdown 07c4551c-5eaf-48e0-b21d-d7eec408612b@group-D8195C25E6F5-FollowerState
2022-01-02 13:17:49,612 [grpc-default-executor-1] INFO  impl.RoleInfo (RoleInfo.java:updateAndGet(130)) - 07c4551c-5eaf-48e0-b21d-d7eec408612b: start 07c4551c-5eaf-48e0-b21d-d7eec408612b@group-D8195C25E6F5-FollowerState
2022-01-02 13:17:49,612 [07c4551c-5eaf-48e0-b21d-d7eec408612b@group-D8195C25E6F5-FollowerState] INFO  impl.FollowerState (FollowerState.java:run(143)) - 07c4551c-5eaf-48e0-b21d-d7eec408612b@group-D8195C25E6F5-FollowerState was interrupted: {}
java.lang.InterruptedException: sleep interrupted
	at java.lang.Thread.sleep(Native Method)
	at java.lang.Thread.sleep(Thread.java:340)
	at java.util.concurrent.TimeUnit.sleep(TimeUnit.java:386)
	at org.apache.ratis.util.TimeDuration.sleep(TimeDuration.java:324)
	at org.apache.ratis.util.TimeDuration.sleep(TimeDuration.java:309)
	at org.apache.ratis.server.impl.FollowerState.run(FollowerState.java:118)
2022-01-02 13:17:49,612 [07a6759e-563e-4423-80ed-ce00ebedab03@group-D8195C25E6F5-LeaderElection24] INFO  impl.LeaderElection (LeaderElection.java:logAndReturn(89)) - 07a6759e-563e-4423-80ed-ce00ebedab03@group-D8195C25E6F5-LeaderElection24: ELECTION REJECTED received 1 response(s) and 0 exception(s):
2022-01-02 13:17:49,612 [07a6759e-563e-4423-80ed-ce00ebedab03@group-D8195C25E6F5-LeaderElection24] INFO  impl.LeaderElection (LeaderElection.java:logAndReturn(93)) -   Response 0: 07a6759e-563e-4423-80ed-ce00ebedab03<-666cbc02-cfaa-4937-bb27-8c807157e922#0:FAIL-t3
2022-01-02 13:17:49,612 [07a6759e-563e-4423-80ed-ce00ebedab03@group-D8195C25E6F5-LeaderElection24] INFO  impl.LeaderElection (LeaderElection.java:askForVotes(308)) - 07a6759e-563e-4423-80ed-ce00ebedab03@group-D8195C25E6F5-LeaderElection24 ELECTION round 0: result REJECTED
2022-01-02 13:17:49,612 [07a6759e-563e-4423-80ed-ce00ebedab03@group-D8195C25E6F5-LeaderElection24] INFO  server.RaftServer$Division (RaftServerImpl.java:setRole(290)) - 07a6759e-563e-4423-80ed-ce00ebedab03@group-D8195C25E6F5: changes role from CANDIDATE to FOLLOWER at term 3 for REJECTED
2022-01-02 13:17:49,612 [07a6759e-563e-4423-80ed-ce00ebedab03@group-D8195C25E6F5-LeaderElection24] INFO  impl.RoleInfo (RoleInfo.java:shutdownLeaderElection(121)) - 07a6759e-563e-4423-80ed-ce00ebedab03: shutdown 07a6759e-563e-4423-80ed-ce00ebedab03@group-D8195C25E6F5-LeaderElection24
2022-01-02 13:17:49,613 [07a6759e-563e-4423-80ed-ce00ebedab03@group-D8195C25E6F5-LeaderElection24] INFO  impl.RoleInfo (RoleInfo.java:updateAndGet(130)) - 07a6759e-563e-4423-80ed-ce00ebedab03: start 07a6759e-563e-4423-80ed-ce00ebedab03@group-D8195C25E6F5-FollowerState
2022-01-02 13:17:49,613 [grpc-default-executor-1] INFO  server.RaftServer$Division (RaftServerImpl.java:requestVote(1078)) - 07c4551c-5eaf-48e0-b21d-d7eec408612b@group-D8195C25E6F5 replies to ELECTION vote request: 07a6759e-563e-4423-80ed-ce00ebedab03<-07c4551c-5eaf-48e0-b21d-d7eec408612b#0:OK-t3. Peer's state: 07c4551c-5eaf-48e0-b21d-d7eec408612b@group-D8195C25E6F5:t3, leader=null, voted=07a6759e-563e-4423-80ed-ce00ebedab03, raftlog=07c4551c-5eaf-48e0-b21d-d7eec408612b@group-D8195C25E6F5-SegmentedRaftLog:OPENED:c-1, conf=-1: [07c4551c-5eaf-48e0-b21d-d7eec408612b|rpc:127.0.0.1:41023|dataStream:|priority:0, 07a6759e-563e-4423-80ed-ce00ebedab03|rpc:127.0.0.1:43531|dataStream:|priority:0, 666cbc02-cfaa-4937-bb27-8c807157e922|rpc:127.0.0.1:45001|dataStream:|priority:1], old=null
2022-01-02 13:17:49,800 [07c4551c-5eaf-48e0-b21d-d7eec408612b@group-FCC823D1752E-FollowerState] INFO  impl.FollowerState (FollowerState.java:run(134)) - 07c4551c-5eaf-48e0-b21d-d7eec408612b@group-FCC823D1752E-FollowerState: change to CANDIDATE, lastRpcElapsedTime:5021528558ns, electionTimeout:5016ms
2022-01-02 13:17:49,800 [07c4551c-5eaf-48e0-b21d-d7eec408612b@group-FCC823D1752E-FollowerState] INFO  impl.RoleInfo (RoleInfo.java:shutdownFollowerState(108)) - 07c4551c-5eaf-48e0-b21d-d7eec408612b: shutdown 07c4551c-5eaf-48e0-b21d-d7eec408612b@group-FCC823D1752E-FollowerState
2022-01-02 13:17:49,800 [07c4551c-5eaf-48e0-b21d-d7eec408612b@group-FCC823D1752E-FollowerState] INFO  server.RaftServer$Division (RaftServerImpl.java:setRole(290)) - 07c4551c-5eaf-48e0-b21d-d7eec408612b@group-FCC823D1752E: changes role from  FOLLOWER to CANDIDATE at term 2 for changeToCandidate
2022-01-02 13:17:49,800 [07c4551c-5eaf-48e0-b21d-d7eec408612b@group-FCC823D1752E-FollowerState] INFO  server.RaftServerConfigKeys (ConfUtils.java:logGet(44)) - raft.server.leaderelection.pre-vote = false (custom)
2022-01-02 13:17:49,800 [07c4551c-5eaf-48e0-b21d-d7eec408612b@group-FCC823D1752E-FollowerState] INFO  impl.RoleInfo (RoleInfo.java:updateAndGet(130)) - 07c4551c-5eaf-48e0-b21d-d7eec408612b: start 07c4551c-5eaf-48e0-b21d-d7eec408612b@group-FCC823D1752E-LeaderElection25
2022-01-02 13:17:49,818 [07c4551c-5eaf-48e0-b21d-d7eec408612b@group-FCC823D1752E-LeaderElection25] INFO  impl.LeaderElection (LeaderElection.java:askForVotes(306)) - 07c4551c-5eaf-48e0-b21d-d7eec408612b@group-FCC823D1752E-LeaderElection25 ELECTION round 0: submit vote requests at term 3 for -1: [07c4551c-5eaf-48e0-b21d-d7eec408612b|rpc:127.0.0.1:41023|dataStream:|priority:0, 07a6759e-563e-4423-80ed-ce00ebedab03|rpc:127.0.0.1:43531|dataStream:|priority:1, 666cbc02-cfaa-4937-bb27-8c807157e922|rpc:127.0.0.1:45001|dataStream:|priority:0], old=null
2022-01-02 13:17:49,830 [666cbc02-cfaa-4937-bb27-8c807157e922@group-FCC823D1752E-FollowerState] INFO  impl.FollowerState (FollowerState.java:run(134)) - 666cbc02-cfaa-4937-bb27-8c807157e922@group-FCC823D1752E-FollowerState: change to CANDIDATE, lastRpcElapsedTime:5052294775ns, electionTimeout:5038ms
2022-01-02 13:17:49,831 [666cbc02-cfaa-4937-bb27-8c807157e922@group-FCC823D1752E-FollowerState] INFO  impl.RoleInfo (RoleInfo.java:shutdownFollowerState(108)) - 666cbc02-cfaa-4937-bb27-8c807157e922: shutdown 666cbc02-cfaa-4937-bb27-8c807157e922@group-FCC823D1752E-FollowerState
2022-01-02 13:17:49,831 [666cbc02-cfaa-4937-bb27-8c807157e922@group-FCC823D1752E-FollowerState] INFO  server.RaftServer$Division (RaftServerImpl.java:setRole(290)) - 666cbc02-cfaa-4937-bb27-8c807157e922@group-FCC823D1752E: changes role from  FOLLOWER to CANDIDATE at term 2 for changeToCandidate
2022-01-02 13:17:49,831 [666cbc02-cfaa-4937-bb27-8c807157e922@group-FCC823D1752E-FollowerState] INFO  server.RaftServerConfigKeys (ConfUtils.java:logGet(44)) - raft.server.leaderelection.pre-vote = false (custom)
2022-01-02 13:17:49,831 [666cbc02-cfaa-4937-bb27-8c807157e922@group-FCC823D1752E-FollowerState] INFO  impl.RoleInfo (RoleInfo.java:updateAndGet(130)) - 666cbc02-cfaa-4937-bb27-8c807157e922: start 666cbc02-cfaa-4937-bb27-8c807157e922@group-FCC823D1752E-LeaderElection26
2022-01-02 13:17:49,830 [07a6759e-563e-4423-80ed-ce00ebedab03@group-FCC823D1752E-FollowerState] INFO  impl.FollowerState (FollowerState.java:run(134)) - 07a6759e-563e-4423-80ed-ce00ebedab03@group-FCC823D1752E-FollowerState: change to CANDIDATE, lastRpcElapsedTime:5068708545ns, electionTimeout:5052ms
2022-01-02 13:17:49,831 [07a6759e-563e-4423-80ed-ce00ebedab03@group-FCC823D1752E-FollowerState] INFO  impl.RoleInfo (RoleInfo.java:shutdownFollowerState(108)) - 07a6759e-563e-4423-80ed-ce00ebedab03: shutdown 07a6759e-563e-4423-80ed-ce00ebedab03@group-FCC823D1752E-FollowerState
2022-01-02 13:17:49,831 [07a6759e-563e-4423-80ed-ce00ebedab03@group-FCC823D1752E-FollowerState] INFO  server.RaftServer$Division (RaftServerImpl.java:setRole(290)) - 07a6759e-563e-4423-80ed-ce00ebedab03@group-FCC823D1752E: changes role from  FOLLOWER to CANDIDATE at term 2 for changeToCandidate
2022-01-02 13:17:49,838 [07a6759e-563e-4423-80ed-ce00ebedab03@group-FCC823D1752E-FollowerState] INFO  server.RaftServerConfigKeys (ConfUtils.java:logGet(44)) - raft.server.leaderelection.pre-vote = false (custom)
2022-01-02 13:17:49,838 [07a6759e-563e-4423-80ed-ce00ebedab03@group-FCC823D1752E-FollowerState] INFO  impl.RoleInfo (RoleInfo.java:updateAndGet(130)) - 07a6759e-563e-4423-80ed-ce00ebedab03: start 07a6759e-563e-4423-80ed-ce00ebedab03@group-FCC823D1752E-LeaderElection27
2022-01-02 13:17:49,844 [grpc-default-executor-1] INFO  server.RaftServer$Division (RaftServerImpl.java:requestVote(1046)) - 07a6759e-563e-4423-80ed-ce00ebedab03@group-FCC823D1752E: receive requestVote(ELECTION, 07c4551c-5eaf-48e0-b21d-d7eec408612b, group-FCC823D1752E, 3, (t:0, i:0))
2022-01-02 13:17:49,844 [grpc-default-executor-1] INFO  impl.VoteContext (VoteContext.java:log(48)) - 07a6759e-563e-4423-80ed-ce00ebedab03@group-FCC823D1752E-CANDIDATE: reject ELECTION from 07c4551c-5eaf-48e0-b21d-d7eec408612b: our priority 1 > candidate's priority 0
2022-01-02 13:17:49,844 [grpc-default-executor-1] INFO  server.RaftServer$Division (RaftServerImpl.java:setRole(290)) - 07a6759e-563e-4423-80ed-ce00ebedab03@group-FCC823D1752E: changes role from CANDIDATE to FOLLOWER at term 3 for candidate:07c4551c-5eaf-48e0-b21d-d7eec408612b
2022-01-02 13:17:49,844 [grpc-default-executor-1] INFO  impl.RoleInfo (RoleInfo.java:shutdownLeaderElection(121)) - 07a6759e-563e-4423-80ed-ce00ebedab03: shutdown 07a6759e-563e-4423-80ed-ce00ebedab03@group-FCC823D1752E-LeaderElection27
2022-01-02 13:17:49,844 [666cbc02-cfaa-4937-bb27-8c807157e922@group-FCC823D1752E-LeaderElection26] INFO  impl.LeaderElection (LeaderElection.java:askForVotes(306)) - 666cbc02-cfaa-4937-bb27-8c807157e922@group-FCC823D1752E-LeaderElection26 ELECTION round 0: submit vote requests at term 3 for -1: [07c4551c-5eaf-48e0-b21d-d7eec408612b|rpc:127.0.0.1:41023|priority:0, 07a6759e-563e-4423-80ed-ce00ebedab03|rpc:127.0.0.1:43531|priority:1, 666cbc02-cfaa-4937-bb27-8c807157e922|rpc:127.0.0.1:45001|priority:0], old=null
2022-01-02 13:17:49,844 [grpc-default-executor-1] INFO  impl.RoleInfo (RoleInfo.java:updateAndGet(130)) - 07a6759e-563e-4423-80ed-ce00ebedab03: start 07a6759e-563e-4423-80ed-ce00ebedab03@group-FCC823D1752E-FollowerState
2022-01-02 13:17:49,844 [grpc-default-executor-0] INFO  server.RaftServer$Division (RaftServerImpl.java:requestVote(1046)) - 666cbc02-cfaa-4937-bb27-8c807157e922@group-FCC823D1752E: receive requestVote(ELECTION, 07c4551c-5eaf-48e0-b21d-d7eec408612b, group-FCC823D1752E, 3, (t:0, i:0))
2022-01-02 13:17:49,844 [grpc-default-executor-0] INFO  impl.VoteContext (VoteContext.java:log(48)) - 666cbc02-cfaa-4937-bb27-8c807157e922@group-FCC823D1752E-CANDIDATE: reject ELECTION from 07c4551c-5eaf-48e0-b21d-d7eec408612b: already has voted for 666cbc02-cfaa-4937-bb27-8c807157e922 at current term 3
2022-01-02 13:17:49,845 [grpc-default-executor-0] INFO  server.RaftServer$Division (RaftServerImpl.java:requestVote(1078)) - 666cbc02-cfaa-4937-bb27-8c807157e922@group-FCC823D1752E replies to ELECTION vote request: 07c4551c-5eaf-48e0-b21d-d7eec408612b<-666cbc02-cfaa-4937-bb27-8c807157e922#0:FAIL-t3. Peer's state: 666cbc02-cfaa-4937-bb27-8c807157e922@group-FCC823D1752E:t3, leader=null, voted=666cbc02-cfaa-4937-bb27-8c807157e922, raftlog=666cbc02-cfaa-4937-bb27-8c807157e922@group-FCC823D1752E-SegmentedRaftLog:OPENED:c-1, conf=-1: [07c4551c-5eaf-48e0-b21d-d7eec408612b|rpc:127.0.0.1:41023|priority:0, 07a6759e-563e-4423-80ed-ce00ebedab03|rpc:127.0.0.1:43531|priority:1, 666cbc02-cfaa-4937-bb27-8c807157e922|rpc:127.0.0.1:45001|priority:0], old=null
2022-01-02 13:17:49,846 [07a6759e-563e-4423-80ed-ce00ebedab03@group-FCC823D1752E-LeaderElection27] INFO  impl.LeaderElection (LeaderElection.java:run(230)) - 07a6759e-563e-4423-80ed-ce00ebedab03@group-FCC823D1752E-LeaderElection27: skip running since this is already CLOSING
2022-01-02 13:17:49,847 [grpc-default-executor-1] INFO  server.RaftServer$Division (RaftServerImpl.java:requestVote(1078)) - 07a6759e-563e-4423-80ed-ce00ebedab03@group-FCC823D1752E replies to ELECTION vote request: 07c4551c-5eaf-48e0-b21d-d7eec408612b<-07a6759e-563e-4423-80ed-ce00ebedab03#0:FAIL-t3. Peer's state: 07a6759e-563e-4423-80ed-ce00ebedab03@group-FCC823D1752E:t3, leader=null, voted=null, raftlog=07a6759e-563e-4423-80ed-ce00ebedab03@group-FCC823D1752E-SegmentedRaftLog:OPENED:c-1, conf=-1: [07c4551c-5eaf-48e0-b21d-d7eec408612b|rpc:127.0.0.1:41023|priority:0, 07a6759e-563e-4423-80ed-ce00ebedab03|rpc:127.0.0.1:43531|priority:1, 666cbc02-cfaa-4937-bb27-8c807157e922|rpc:127.0.0.1:45001|priority:0], old=null
2022-01-02 13:17:49,855 [07c4551c-5eaf-48e0-b21d-d7eec408612b@group-FCC823D1752E-LeaderElection25] INFO  impl.LeaderElection (LeaderElection.java:logAndReturn(89)) - 07c4551c-5eaf-48e0-b21d-d7eec408612b@group-FCC823D1752E-LeaderElection25: ELECTION REJECTED received 2 response(s) and 0 exception(s):
2022-01-02 13:17:49,856 [07c4551c-5eaf-48e0-b21d-d7eec408612b@group-FCC823D1752E-LeaderElection25] INFO  impl.LeaderElection (LeaderElection.java:logAndReturn(93)) -   Response 0: 07c4551c-5eaf-48e0-b21d-d7eec408612b<-07a6759e-563e-4423-80ed-ce00ebedab03#0:FAIL-t3
2022-01-02 13:17:49,856 [07c4551c-5eaf-48e0-b21d-d7eec408612b@group-FCC823D1752E-LeaderElection25] INFO  impl.LeaderElection (LeaderElection.java:logAndReturn(93)) -   Response 1: 07c4551c-5eaf-48e0-b21d-d7eec408612b<-666cbc02-cfaa-4937-bb27-8c807157e922#0:FAIL-t3
2022-01-02 13:17:49,856 [07c4551c-5eaf-48e0-b21d-d7eec408612b@group-FCC823D1752E-LeaderElection25] INFO  impl.LeaderElection (LeaderElection.java:askForVotes(308)) - 07c4551c-5eaf-48e0-b21d-d7eec408612b@group-FCC823D1752E-LeaderElection25 ELECTION round 0: result REJECTED
2022-01-02 13:17:49,856 [07c4551c-5eaf-48e0-b21d-d7eec408612b@group-FCC823D1752E-LeaderElection25] INFO  server.RaftServer$Division (RaftServerImpl.java:setRole(290)) - 07c4551c-5eaf-48e0-b21d-d7eec408612b@group-FCC823D1752E: changes role from CANDIDATE to FOLLOWER at term 3 for REJECTED
2022-01-02 13:17:49,856 [07c4551c-5eaf-48e0-b21d-d7eec408612b@group-FCC823D1752E-LeaderElection25] INFO  impl.RoleInfo (RoleInfo.java:shutdownLeaderElection(121)) - 07c4551c-5eaf-48e0-b21d-d7eec408612b: shutdown 07c4551c-5eaf-48e0-b21d-d7eec408612b@group-FCC823D1752E-LeaderElection25
2022-01-02 13:17:49,856 [07c4551c-5eaf-48e0-b21d-d7eec408612b@group-FCC823D1752E-LeaderElection25] INFO  impl.RoleInfo (RoleInfo.java:updateAndGet(130)) - 07c4551c-5eaf-48e0-b21d-d7eec408612b: start 07c4551c-5eaf-48e0-b21d-d7eec408612b@group-FCC823D1752E-FollowerState
2022-01-02 13:17:49,865 [grpc-default-executor-1] INFO  server.RaftServer$Division (RaftServerImpl.java:requestVote(1046)) - 07a6759e-563e-4423-80ed-ce00ebedab03@group-FCC823D1752E: receive requestVote(ELECTION, 666cbc02-cfaa-4937-bb27-8c807157e922, group-FCC823D1752E, 3, (t:0, i:0))
2022-01-02 13:17:49,866 [grpc-default-executor-1] INFO  impl.VoteContext (VoteContext.java:log(48)) - 07a6759e-563e-4423-80ed-ce00ebedab03@group-FCC823D1752E-FOLLOWER: reject ELECTION from 666cbc02-cfaa-4937-bb27-8c807157e922: our priority 1 > candidate's priority 0
2022-01-02 13:17:49,866 [grpc-default-executor-1] INFO  server.RaftServer$Division (RaftServerImpl.java:setRole(290)) - 07a6759e-563e-4423-80ed-ce00ebedab03@group-FCC823D1752E: changes role from  FOLLOWER to FOLLOWER at term 3 for candidate:666cbc02-cfaa-4937-bb27-8c807157e922
2022-01-02 13:17:49,866 [grpc-default-executor-1] INFO  impl.RoleInfo (RoleInfo.java:shutdownFollowerState(108)) - 07a6759e-563e-4423-80ed-ce00ebedab03: shutdown 07a6759e-563e-4423-80ed-ce00ebedab03@group-FCC823D1752E-FollowerState
2022-01-02 13:17:49,866 [grpc-default-executor-1] INFO  impl.RoleInfo (RoleInfo.java:updateAndGet(130)) - 07a6759e-563e-4423-80ed-ce00ebedab03: start 07a6759e-563e-4423-80ed-ce00ebedab03@group-FCC823D1752E-FollowerState
2022-01-02 13:17:49,866 [07a6759e-563e-4423-80ed-ce00ebedab03@group-FCC823D1752E-FollowerState] INFO  impl.FollowerState (FollowerState.java:run(143)) - 07a6759e-563e-4423-80ed-ce00ebedab03@group-FCC823D1752E-FollowerState was interrupted: {}
java.lang.InterruptedException: sleep interrupted
	at java.lang.Thread.sleep(Native Method)
	at java.lang.Thread.sleep(Thread.java:340)
	at java.util.concurrent.TimeUnit.sleep(TimeUnit.java:386)
	at org.apache.ratis.util.TimeDuration.sleep(TimeDuration.java:324)
	at org.apache.ratis.util.TimeDuration.sleep(TimeDuration.java:309)
	at org.apache.ratis.server.impl.FollowerState.run(FollowerState.java:118)
2022-01-02 13:17:49,869 [grpc-default-executor-1] INFO  server.RaftServer$Division (RaftServerImpl.java:requestVote(1078)) - 07a6759e-563e-4423-80ed-ce00ebedab03@group-FCC823D1752E replies to ELECTION vote request: 666cbc02-cfaa-4937-bb27-8c807157e922<-07a6759e-563e-4423-80ed-ce00ebedab03#0:FAIL-t3. Peer's state: 07a6759e-563e-4423-80ed-ce00ebedab03@group-FCC823D1752E:t3, leader=null, voted=null, raftlog=07a6759e-563e-4423-80ed-ce00ebedab03@group-FCC823D1752E-SegmentedRaftLog:OPENED:c-1, conf=-1: [07c4551c-5eaf-48e0-b21d-d7eec408612b|rpc:127.0.0.1:41023|priority:0, 07a6759e-563e-4423-80ed-ce00ebedab03|rpc:127.0.0.1:43531|priority:1, 666cbc02-cfaa-4937-bb27-8c807157e922|rpc:127.0.0.1:45001|priority:0], old=null
2022-01-02 13:17:49,882 [666cbc02-cfaa-4937-bb27-8c807157e922@group-FCC823D1752E-LeaderElection26] INFO  impl.LeaderElection (LeaderElection.java:logAndReturn(89)) - 666cbc02-cfaa-4937-bb27-8c807157e922@group-FCC823D1752E-LeaderElection26: ELECTION REJECTED received 1 response(s) and 0 exception(s):
2022-01-02 13:17:49,882 [666cbc02-cfaa-4937-bb27-8c807157e922@group-FCC823D1752E-LeaderElection26] INFO  impl.LeaderElection (LeaderElection.java:logAndReturn(93)) -   Response 0: 666cbc02-cfaa-4937-bb27-8c807157e922<-07a6759e-563e-4423-80ed-ce00ebedab03#0:FAIL-t3
2022-01-02 13:17:49,882 [666cbc02-cfaa-4937-bb27-8c807157e922@group-FCC823D1752E-LeaderElection26] INFO  impl.LeaderElection (LeaderElection.java:askForVotes(308)) - 666cbc02-cfaa-4937-bb27-8c807157e922@group-FCC823D1752E-LeaderElection26 ELECTION round 0: result REJECTED
2022-01-02 13:17:49,882 [666cbc02-cfaa-4937-bb27-8c807157e922@group-FCC823D1752E-LeaderElection26] INFO  server.RaftServer$Division (RaftServerImpl.java:setRole(290)) - 666cbc02-cfaa-4937-bb27-8c807157e922@group-FCC823D1752E: changes role from CANDIDATE to FOLLOWER at term 3 for REJECTED
2022-01-02 13:17:49,883 [666cbc02-cfaa-4937-bb27-8c807157e922@group-FCC823D1752E-LeaderElection26] INFO  impl.RoleInfo (RoleInfo.java:shutdownLeaderElection(121)) - 666cbc02-cfaa-4937-bb27-8c807157e922: shutdown 666cbc02-cfaa-4937-bb27-8c807157e922@group-FCC823D1752E-LeaderElection26
2022-01-02 13:17:49,883 [666cbc02-cfaa-4937-bb27-8c807157e922@group-FCC823D1752E-LeaderElection26] INFO  impl.RoleInfo (RoleInfo.java:updateAndGet(130)) - 666cbc02-cfaa-4937-bb27-8c807157e922: start 666cbc02-cfaa-4937-bb27-8c807157e922@group-FCC823D1752E-FollowerState
2022-01-02 13:17:49,895 [grpc-default-executor-1] INFO  server.RaftServer$Division (RaftServerImpl.java:requestVote(1046)) - 07c4551c-5eaf-48e0-b21d-d7eec408612b@group-FCC823D1752E: receive requestVote(ELECTION, 666cbc02-cfaa-4937-bb27-8c807157e922, group-FCC823D1752E, 3, (t:0, i:0))
2022-01-02 13:17:49,895 [grpc-default-executor-1] INFO  impl.VoteContext (VoteContext.java:log(48)) - 07c4551c-5eaf-48e0-b21d-d7eec408612b@group-FCC823D1752E-FOLLOWER: reject ELECTION from 666cbc02-cfaa-4937-bb27-8c807157e922: already has voted for 07c4551c-5eaf-48e0-b21d-d7eec408612b at current term 3
2022-01-02 13:17:49,895 [grpc-default-executor-1] INFO  server.RaftServer$Division (RaftServerImpl.java:requestVote(1078)) - 07c4551c-5eaf-48e0-b21d-d7eec408612b@group-FCC823D1752E replies to ELECTION vote request: 666cbc02-cfaa-4937-bb27-8c807157e922<-07c4551c-5eaf-48e0-b21d-d7eec408612b#0:FAIL-t3. Peer's state: 07c4551c-5eaf-48e0-b21d-d7eec408612b@group-FCC823D1752E:t3, leader=null, voted=07c4551c-5eaf-48e0-b21d-d7eec408612b, raftlog=07c4551c-5eaf-48e0-b21d-d7eec408612b@group-FCC823D1752E-SegmentedRaftLog:OPENED:c-1, conf=-1: [07c4551c-5eaf-48e0-b21d-d7eec408612b|rpc:127.0.0.1:41023|dataStream:|priority:0, 07a6759e-563e-4423-80ed-ce00ebedab03|rpc:127.0.0.1:43531|dataStream:|priority:1, 666cbc02-cfaa-4937-bb27-8c807157e922|rpc:127.0.0.1:45001|dataStream:|priority:0], old=null
2022-01-02 13:17:49,952 [Listener at 127.0.0.1/11096] INFO  ozone.MiniOzoneClusterImpl (MiniOzoneClusterImpl.java:lambda$waitForClusterToBeReady$0(235)) - Nodes are ready. Got 3 of 3 DN Heartbeats.
2022-01-02 13:17:49,952 [Listener at 127.0.0.1/11096] INFO  ozone.MiniOzoneClusterImpl (MiniOzoneClusterImpl.java:lambda$waitForClusterToBeReady$0(238)) - Waiting for cluster to exit safe mode
2022-01-02 13:17:49,952 [Listener at 127.0.0.1/11096] INFO  ozone.MiniOzoneClusterImpl (MiniOzoneClusterImpl.java:lambda$waitForClusterToBeReady$0(240)) - SCM became leader
2022-01-02 13:17:50,146 [Datanode State Machine Daemon Thread] ERROR datanode.RunningDatanodeState (RunningDatanodeState.java:computeNextContainerState(199)) - Error in executing end point task.
java.util.concurrent.ExecutionException: java.util.concurrent.TimeoutException
	at java.util.concurrent.FutureTask.report(FutureTask.java:122)
	at java.util.concurrent.FutureTask.get(FutureTask.java:192)
	at org.apache.hadoop.ozone.container.common.states.datanode.RunningDatanodeState.computeNextContainerState(RunningDatanodeState.java:191)
	at org.apache.hadoop.ozone.container.common.states.datanode.RunningDatanodeState.await(RunningDatanodeState.java:231)
	at org.apache.hadoop.ozone.container.common.states.datanode.RunningDatanodeState.await(RunningDatanodeState.java:50)
	at org.apache.hadoop.ozone.container.common.statemachine.StateContext.execute(StateContext.java:633)
	at org.apache.hadoop.ozone.container.common.statemachine.DatanodeStateMachine.start(DatanodeStateMachine.java:280)
	at org.apache.hadoop.ozone.container.common.statemachine.DatanodeStateMachine.lambda$startDaemon$0(DatanodeStateMachine.java:468)
	at java.lang.Thread.run(Thread.java:748)
Caused by: java.util.concurrent.TimeoutException
	at java.util.concurrent.FutureTask.get(FutureTask.java:205)
	at org.apache.hadoop.ozone.container.common.states.datanode.RunningDatanodeState.lambda$execute$0(RunningDatanodeState.java:149)
	at java.util.concurrent.FutureTask.run(FutureTask.java:266)
	at java.util.concurrent.Executors$RunnableAdapter.call(Executors.java:511)
	at java.util.concurrent.FutureTask.run(FutureTask.java:266)
	at java.util.concurrent.ThreadPoolExecutor.runWorker(ThreadPoolExecutor.java:1149)
	at java.util.concurrent.ThreadPoolExecutor$Worker.run(ThreadPoolExecutor.java:624)
	... 1 more
2022-01-02 13:17:50,196 [EndpointStateMachine task thread for /127.0.0.1:15005 - 0 ] INFO  ipc.Client (Client.java:handleConnectionFailure(977)) - Retrying connect to server: localhost/127.0.0.1:15005. Already tried 3 time(s); retry policy is RetryUpToMaximumCountWithFixedSleep(maxRetries=15, sleepTime=1000 MILLISECONDS)
2022-01-02 13:17:50,203 [EndpointStateMachine task thread for /127.0.0.1:14995 - 0 ] INFO  ipc.Client (Client.java:handleConnectionFailure(977)) - Retrying connect to server: localhost/127.0.0.1:14995. Already tried 0 time(s); retry policy is RetryUpToMaximumCountWithFixedSleep(maxRetries=15, sleepTime=1000 MILLISECONDS)
2022-01-02 13:17:50,229 [EndpointStateMachine task thread for /127.0.0.1:14985 - 0 ] INFO  ipc.Client (Client.java:handleConnectionFailure(977)) - Retrying connect to server: localhost/127.0.0.1:14985. Already tried 3 time(s); retry policy is RetryUpToMaximumCountWithFixedSleep(maxRetries=15, sleepTime=1000 MILLISECONDS)
2022-01-02 13:17:50,264 [Datanode State Machine Daemon Thread] ERROR datanode.RunningDatanodeState (RunningDatanodeState.java:computeNextContainerState(199)) - Error in executing end point task.
java.util.concurrent.ExecutionException: java.util.concurrent.TimeoutException
	at java.util.concurrent.FutureTask.report(FutureTask.java:122)
	at java.util.concurrent.FutureTask.get(FutureTask.java:192)
	at org.apache.hadoop.ozone.container.common.states.datanode.RunningDatanodeState.computeNextContainerState(RunningDatanodeState.java:191)
	at org.apache.hadoop.ozone.container.common.states.datanode.RunningDatanodeState.await(RunningDatanodeState.java:231)
	at org.apache.hadoop.ozone.container.common.states.datanode.RunningDatanodeState.await(RunningDatanodeState.java:50)
	at org.apache.hadoop.ozone.container.common.statemachine.StateContext.execute(StateContext.java:633)
	at org.apache.hadoop.ozone.container.common.statemachine.DatanodeStateMachine.start(DatanodeStateMachine.java:280)
	at org.apache.hadoop.ozone.container.common.statemachine.DatanodeStateMachine.lambda$startDaemon$0(DatanodeStateMachine.java:468)
	at java.lang.Thread.run(Thread.java:748)
Caused by: java.util.concurrent.TimeoutException
	at java.util.concurrent.FutureTask.get(FutureTask.java:205)
	at org.apache.hadoop.ozone.container.common.states.datanode.RunningDatanodeState.lambda$execute$0(RunningDatanodeState.java:149)
	at java.util.concurrent.FutureTask.run(FutureTask.java:266)
	at java.util.concurrent.Executors$RunnableAdapter.call(Executors.java:511)
	at java.util.concurrent.FutureTask.run(FutureTask.java:266)
	at java.util.concurrent.ThreadPoolExecutor.runWorker(ThreadPoolExecutor.java:1149)
	at java.util.concurrent.ThreadPoolExecutor$Worker.run(ThreadPoolExecutor.java:624)
	... 1 more
2022-01-02 13:17:50,953 [Listener at 127.0.0.1/11096] INFO  ozone.MiniOzoneClusterImpl (MiniOzoneClusterImpl.java:lambda$waitForClusterToBeReady$0(235)) - Nodes are ready. Got 3 of 3 DN Heartbeats.
2022-01-02 13:17:50,953 [Listener at 127.0.0.1/11096] INFO  ozone.MiniOzoneClusterImpl (MiniOzoneClusterImpl.java:lambda$waitForClusterToBeReady$0(238)) - Waiting for cluster to exit safe mode
2022-01-02 13:17:50,953 [Listener at 127.0.0.1/11096] INFO  ozone.MiniOzoneClusterImpl (MiniOzoneClusterImpl.java:lambda$waitForClusterToBeReady$0(240)) - SCM became leader
2022-01-02 13:17:51,148 [Datanode State Machine Daemon Thread] ERROR datanode.RunningDatanodeState (RunningDatanodeState.java:computeNextContainerState(199)) - Error in executing end point task.
java.util.concurrent.ExecutionException: java.util.concurrent.TimeoutException
	at java.util.concurrent.FutureTask.report(FutureTask.java:122)
	at java.util.concurrent.FutureTask.get(FutureTask.java:192)
	at org.apache.hadoop.ozone.container.common.states.datanode.RunningDatanodeState.computeNextContainerState(RunningDatanodeState.java:191)
	at org.apache.hadoop.ozone.container.common.states.datanode.RunningDatanodeState.await(RunningDatanodeState.java:231)
	at org.apache.hadoop.ozone.container.common.states.datanode.RunningDatanodeState.await(RunningDatanodeState.java:50)
	at org.apache.hadoop.ozone.container.common.statemachine.StateContext.execute(StateContext.java:633)
	at org.apache.hadoop.ozone.container.common.statemachine.DatanodeStateMachine.start(DatanodeStateMachine.java:280)
	at org.apache.hadoop.ozone.container.common.statemachine.DatanodeStateMachine.lambda$startDaemon$0(DatanodeStateMachine.java:468)
	at java.lang.Thread.run(Thread.java:748)
Caused by: java.util.concurrent.TimeoutException
	at java.util.concurrent.FutureTask.get(FutureTask.java:205)
	at org.apache.hadoop.ozone.container.common.states.datanode.RunningDatanodeState.lambda$execute$0(RunningDatanodeState.java:149)
	at java.util.concurrent.FutureTask.run(FutureTask.java:266)
	at java.util.concurrent.Executors$RunnableAdapter.call(Executors.java:511)
	at java.util.concurrent.FutureTask.run(FutureTask.java:266)
	at java.util.concurrent.ThreadPoolExecutor.runWorker(ThreadPoolExecutor.java:1149)
	at java.util.concurrent.ThreadPoolExecutor$Worker.run(ThreadPoolExecutor.java:624)
	... 1 more
2022-01-02 13:17:51,197 [EndpointStateMachine task thread for /127.0.0.1:15005 - 0 ] INFO  ipc.Client (Client.java:handleConnectionFailure(977)) - Retrying connect to server: localhost/127.0.0.1:15005. Already tried 4 time(s); retry policy is RetryUpToMaximumCountWithFixedSleep(maxRetries=15, sleepTime=1000 MILLISECONDS)
2022-01-02 13:17:51,203 [EndpointStateMachine task thread for /127.0.0.1:14995 - 0 ] INFO  ipc.Client (Client.java:handleConnectionFailure(977)) - Retrying connect to server: localhost/127.0.0.1:14995. Already tried 1 time(s); retry policy is RetryUpToMaximumCountWithFixedSleep(maxRetries=15, sleepTime=1000 MILLISECONDS)
2022-01-02 13:17:51,229 [EndpointStateMachine task thread for /127.0.0.1:14985 - 0 ] INFO  ipc.Client (Client.java:handleConnectionFailure(977)) - Retrying connect to server: localhost/127.0.0.1:14985. Already tried 4 time(s); retry policy is RetryUpToMaximumCountWithFixedSleep(maxRetries=15, sleepTime=1000 MILLISECONDS)
2022-01-02 13:17:51,953 [Listener at 127.0.0.1/11096] INFO  ozone.MiniOzoneClusterImpl (MiniOzoneClusterImpl.java:lambda$waitForClusterToBeReady$0(235)) - Nodes are ready. Got 3 of 3 DN Heartbeats.
2022-01-02 13:17:51,954 [Listener at 127.0.0.1/11096] INFO  ozone.MiniOzoneClusterImpl (MiniOzoneClusterImpl.java:lambda$waitForClusterToBeReady$0(238)) - Waiting for cluster to exit safe mode
2022-01-02 13:17:51,954 [Listener at 127.0.0.1/11096] INFO  ozone.MiniOzoneClusterImpl (MiniOzoneClusterImpl.java:lambda$waitForClusterToBeReady$0(240)) - SCM became leader
2022-01-02 13:17:52,197 [EndpointStateMachine task thread for /127.0.0.1:15005 - 0 ] INFO  ipc.Client (Client.java:handleConnectionFailure(977)) - Retrying connect to server: localhost/127.0.0.1:15005. Already tried 5 time(s); retry policy is RetryUpToMaximumCountWithFixedSleep(maxRetries=15, sleepTime=1000 MILLISECONDS)
2022-01-02 13:17:52,203 [EndpointStateMachine task thread for /127.0.0.1:14995 - 0 ] INFO  ipc.Client (Client.java:handleConnectionFailure(977)) - Retrying connect to server: localhost/127.0.0.1:14995. Already tried 2 time(s); retry policy is RetryUpToMaximumCountWithFixedSleep(maxRetries=15, sleepTime=1000 MILLISECONDS)
2022-01-02 13:17:52,229 [EndpointStateMachine task thread for /127.0.0.1:14985 - 0 ] INFO  ipc.Client (Client.java:handleConnectionFailure(977)) - Retrying connect to server: localhost/127.0.0.1:14985. Already tried 5 time(s); retry policy is RetryUpToMaximumCountWithFixedSleep(maxRetries=15, sleepTime=1000 MILLISECONDS)
2022-01-02 13:17:52,269 [Datanode State Machine Daemon Thread] ERROR datanode.RunningDatanodeState (RunningDatanodeState.java:computeNextContainerState(199)) - Error in executing end point task.
java.util.concurrent.ExecutionException: java.util.concurrent.TimeoutException
	at java.util.concurrent.FutureTask.report(FutureTask.java:122)
	at java.util.concurrent.FutureTask.get(FutureTask.java:192)
	at org.apache.hadoop.ozone.container.common.states.datanode.RunningDatanodeState.computeNextContainerState(RunningDatanodeState.java:191)
	at org.apache.hadoop.ozone.container.common.states.datanode.RunningDatanodeState.await(RunningDatanodeState.java:231)
	at org.apache.hadoop.ozone.container.common.states.datanode.RunningDatanodeState.await(RunningDatanodeState.java:50)
	at org.apache.hadoop.ozone.container.common.statemachine.StateContext.execute(StateContext.java:633)
	at org.apache.hadoop.ozone.container.common.statemachine.DatanodeStateMachine.start(DatanodeStateMachine.java:280)
	at org.apache.hadoop.ozone.container.common.statemachine.DatanodeStateMachine.lambda$startDaemon$0(DatanodeStateMachine.java:468)
	at java.lang.Thread.run(Thread.java:748)
Caused by: java.util.concurrent.TimeoutException
	at java.util.concurrent.FutureTask.get(FutureTask.java:205)
	at org.apache.hadoop.ozone.container.common.states.datanode.RunningDatanodeState.lambda$execute$0(RunningDatanodeState.java:149)
	at java.util.concurrent.FutureTask.run(FutureTask.java:266)
	at java.util.concurrent.Executors$RunnableAdapter.call(Executors.java:511)
	at java.util.concurrent.FutureTask.run(FutureTask.java:266)
	at java.util.concurrent.ThreadPoolExecutor.runWorker(ThreadPoolExecutor.java:1149)
	at java.util.concurrent.ThreadPoolExecutor$Worker.run(ThreadPoolExecutor.java:624)
	... 1 more
2022-01-02 13:17:52,954 [Listener at 127.0.0.1/11096] INFO  ozone.MiniOzoneClusterImpl (MiniOzoneClusterImpl.java:lambda$waitForClusterToBeReady$0(235)) - Nodes are ready. Got 3 of 3 DN Heartbeats.
2022-01-02 13:17:52,954 [Listener at 127.0.0.1/11096] INFO  ozone.MiniOzoneClusterImpl (MiniOzoneClusterImpl.java:lambda$waitForClusterToBeReady$0(238)) - Waiting for cluster to exit safe mode
2022-01-02 13:17:52,954 [Listener at 127.0.0.1/11096] INFO  ozone.MiniOzoneClusterImpl (MiniOzoneClusterImpl.java:lambda$waitForClusterToBeReady$0(240)) - SCM became leader
2022-01-02 13:17:53,153 [Datanode State Machine Daemon Thread] ERROR datanode.RunningDatanodeState (RunningDatanodeState.java:computeNextContainerState(199)) - Error in executing end point task.
java.util.concurrent.ExecutionException: java.util.concurrent.TimeoutException
	at java.util.concurrent.FutureTask.report(FutureTask.java:122)
	at java.util.concurrent.FutureTask.get(FutureTask.java:192)
	at org.apache.hadoop.ozone.container.common.states.datanode.RunningDatanodeState.computeNextContainerState(RunningDatanodeState.java:191)
	at org.apache.hadoop.ozone.container.common.states.datanode.RunningDatanodeState.await(RunningDatanodeState.java:231)
	at org.apache.hadoop.ozone.container.common.states.datanode.RunningDatanodeState.await(RunningDatanodeState.java:50)
	at org.apache.hadoop.ozone.container.common.statemachine.StateContext.execute(StateContext.java:633)
	at org.apache.hadoop.ozone.container.common.statemachine.DatanodeStateMachine.start(DatanodeStateMachine.java:280)
	at org.apache.hadoop.ozone.container.common.statemachine.DatanodeStateMachine.lambda$startDaemon$0(DatanodeStateMachine.java:468)
	at java.lang.Thread.run(Thread.java:748)
Caused by: java.util.concurrent.TimeoutException
	at java.util.concurrent.FutureTask.get(FutureTask.java:205)
	at org.apache.hadoop.ozone.container.common.states.datanode.RunningDatanodeState.lambda$execute$0(RunningDatanodeState.java:149)
	at java.util.concurrent.FutureTask.run(FutureTask.java:266)
	at java.util.concurrent.Executors$RunnableAdapter.call(Executors.java:511)
	at java.util.concurrent.FutureTask.run(FutureTask.java:266)
	at java.util.concurrent.ThreadPoolExecutor.runWorker(ThreadPoolExecutor.java:1149)
	at java.util.concurrent.ThreadPoolExecutor$Worker.run(ThreadPoolExecutor.java:624)
	... 1 more
2022-01-02 13:17:53,198 [EndpointStateMachine task thread for /127.0.0.1:15005 - 0 ] INFO  ipc.Client (Client.java:handleConnectionFailure(977)) - Retrying connect to server: localhost/127.0.0.1:15005. Already tried 6 time(s); retry policy is RetryUpToMaximumCountWithFixedSleep(maxRetries=15, sleepTime=1000 MILLISECONDS)
2022-01-02 13:17:53,204 [EndpointStateMachine task thread for /127.0.0.1:14995 - 0 ] INFO  ipc.Client (Client.java:handleConnectionFailure(977)) - Retrying connect to server: localhost/127.0.0.1:14995. Already tried 3 time(s); retry policy is RetryUpToMaximumCountWithFixedSleep(maxRetries=15, sleepTime=1000 MILLISECONDS)
2022-01-02 13:17:53,230 [EndpointStateMachine task thread for /127.0.0.1:14985 - 0 ] INFO  ipc.Client (Client.java:handleConnectionFailure(977)) - Retrying connect to server: localhost/127.0.0.1:14985. Already tried 6 time(s); retry policy is RetryUpToMaximumCountWithFixedSleep(maxRetries=15, sleepTime=1000 MILLISECONDS)
2022-01-02 13:17:53,955 [Listener at 127.0.0.1/11096] INFO  ozone.MiniOzoneClusterImpl (MiniOzoneClusterImpl.java:lambda$waitForClusterToBeReady$0(235)) - Nodes are ready. Got 3 of 3 DN Heartbeats.
2022-01-02 13:17:53,955 [Listener at 127.0.0.1/11096] INFO  ozone.MiniOzoneClusterImpl (MiniOzoneClusterImpl.java:lambda$waitForClusterToBeReady$0(238)) - Waiting for cluster to exit safe mode
2022-01-02 13:17:53,955 [Listener at 127.0.0.1/11096] INFO  ozone.MiniOzoneClusterImpl (MiniOzoneClusterImpl.java:lambda$waitForClusterToBeReady$0(240)) - SCM became leader
2022-01-02 13:17:54,199 [EndpointStateMachine task thread for /127.0.0.1:15005 - 0 ] INFO  ipc.Client (Client.java:handleConnectionFailure(977)) - Retrying connect to server: localhost/127.0.0.1:15005. Already tried 7 time(s); retry policy is RetryUpToMaximumCountWithFixedSleep(maxRetries=15, sleepTime=1000 MILLISECONDS)
2022-01-02 13:17:54,204 [EndpointStateMachine task thread for /127.0.0.1:14995 - 0 ] INFO  ipc.Client (Client.java:handleConnectionFailure(977)) - Retrying connect to server: localhost/127.0.0.1:14995. Already tried 4 time(s); retry policy is RetryUpToMaximumCountWithFixedSleep(maxRetries=15, sleepTime=1000 MILLISECONDS)
2022-01-02 13:17:54,230 [EndpointStateMachine task thread for /127.0.0.1:14985 - 0 ] INFO  ipc.Client (Client.java:handleConnectionFailure(977)) - Retrying connect to server: localhost/127.0.0.1:14985. Already tried 7 time(s); retry policy is RetryUpToMaximumCountWithFixedSleep(maxRetries=15, sleepTime=1000 MILLISECONDS)
2022-01-02 13:17:54,275 [Datanode State Machine Daemon Thread] ERROR datanode.RunningDatanodeState (RunningDatanodeState.java:computeNextContainerState(199)) - Error in executing end point task.
java.util.concurrent.ExecutionException: java.util.concurrent.TimeoutException
	at java.util.concurrent.FutureTask.report(FutureTask.java:122)
	at java.util.concurrent.FutureTask.get(FutureTask.java:192)
	at org.apache.hadoop.ozone.container.common.states.datanode.RunningDatanodeState.computeNextContainerState(RunningDatanodeState.java:191)
	at org.apache.hadoop.ozone.container.common.states.datanode.RunningDatanodeState.await(RunningDatanodeState.java:231)
	at org.apache.hadoop.ozone.container.common.states.datanode.RunningDatanodeState.await(RunningDatanodeState.java:50)
	at org.apache.hadoop.ozone.container.common.statemachine.StateContext.execute(StateContext.java:633)
	at org.apache.hadoop.ozone.container.common.statemachine.DatanodeStateMachine.start(DatanodeStateMachine.java:280)
	at org.apache.hadoop.ozone.container.common.statemachine.DatanodeStateMachine.lambda$startDaemon$0(DatanodeStateMachine.java:468)
	at java.lang.Thread.run(Thread.java:748)
Caused by: java.util.concurrent.TimeoutException
	at java.util.concurrent.FutureTask.get(FutureTask.java:205)
	at org.apache.hadoop.ozone.container.common.states.datanode.RunningDatanodeState.lambda$execute$0(RunningDatanodeState.java:149)
	at java.util.concurrent.FutureTask.run(FutureTask.java:266)
	at java.util.concurrent.Executors$RunnableAdapter.call(Executors.java:511)
	at java.util.concurrent.FutureTask.run(FutureTask.java:266)
	at java.util.concurrent.ThreadPoolExecutor.runWorker(ThreadPoolExecutor.java:1149)
	at java.util.concurrent.ThreadPoolExecutor$Worker.run(ThreadPoolExecutor.java:624)
	... 1 more
2022-01-02 13:17:54,651 [07a6759e-563e-4423-80ed-ce00ebedab03@group-D8195C25E6F5-FollowerState] INFO  impl.FollowerState (FollowerState.java:run(134)) - 07a6759e-563e-4423-80ed-ce00ebedab03@group-D8195C25E6F5-FollowerState: change to CANDIDATE, lastRpcElapsedTime:5038385549ns, electionTimeout:5036ms
2022-01-02 13:17:54,651 [07a6759e-563e-4423-80ed-ce00ebedab03@group-D8195C25E6F5-FollowerState] INFO  impl.RoleInfo (RoleInfo.java:shutdownFollowerState(108)) - 07a6759e-563e-4423-80ed-ce00ebedab03: shutdown 07a6759e-563e-4423-80ed-ce00ebedab03@group-D8195C25E6F5-FollowerState
2022-01-02 13:17:54,651 [07a6759e-563e-4423-80ed-ce00ebedab03@group-D8195C25E6F5-FollowerState] INFO  server.RaftServer$Division (RaftServerImpl.java:setRole(290)) - 07a6759e-563e-4423-80ed-ce00ebedab03@group-D8195C25E6F5: changes role from  FOLLOWER to CANDIDATE at term 3 for changeToCandidate
2022-01-02 13:17:54,651 [07a6759e-563e-4423-80ed-ce00ebedab03@group-D8195C25E6F5-FollowerState] INFO  server.RaftServerConfigKeys (ConfUtils.java:logGet(44)) - raft.server.leaderelection.pre-vote = false (custom)
2022-01-02 13:17:54,651 [07a6759e-563e-4423-80ed-ce00ebedab03@group-D8195C25E6F5-FollowerState] INFO  impl.RoleInfo (RoleInfo.java:updateAndGet(130)) - 07a6759e-563e-4423-80ed-ce00ebedab03: start 07a6759e-563e-4423-80ed-ce00ebedab03@group-D8195C25E6F5-LeaderElection28
2022-01-02 13:17:54,667 [07a6759e-563e-4423-80ed-ce00ebedab03@group-D8195C25E6F5-LeaderElection28] INFO  impl.LeaderElection (LeaderElection.java:askForVotes(306)) - 07a6759e-563e-4423-80ed-ce00ebedab03@group-D8195C25E6F5-LeaderElection28 ELECTION round 0: submit vote requests at term 4 for -1: [07c4551c-5eaf-48e0-b21d-d7eec408612b|rpc:127.0.0.1:41023|priority:0, 07a6759e-563e-4423-80ed-ce00ebedab03|rpc:127.0.0.1:43531|priority:0, 666cbc02-cfaa-4937-bb27-8c807157e922|rpc:127.0.0.1:45001|priority:1], old=null
2022-01-02 13:17:54,684 [grpc-default-executor-1] INFO  server.RaftServer$Division (RaftServerImpl.java:requestVote(1046)) - 07c4551c-5eaf-48e0-b21d-d7eec408612b@group-D8195C25E6F5: receive requestVote(ELECTION, 07a6759e-563e-4423-80ed-ce00ebedab03, group-D8195C25E6F5, 4, (t:0, i:0))
2022-01-02 13:17:54,684 [grpc-default-executor-1] INFO  impl.VoteContext (VoteContext.java:log(48)) - 07c4551c-5eaf-48e0-b21d-d7eec408612b@group-D8195C25E6F5-FOLLOWER: accept ELECTION from 07a6759e-563e-4423-80ed-ce00ebedab03: our priority 0 <= candidate's priority 0
2022-01-02 13:17:54,684 [grpc-default-executor-1] INFO  server.RaftServer$Division (RaftServerImpl.java:setRole(290)) - 07c4551c-5eaf-48e0-b21d-d7eec408612b@group-D8195C25E6F5: changes role from  FOLLOWER to FOLLOWER at term 4 for candidate:07a6759e-563e-4423-80ed-ce00ebedab03
2022-01-02 13:17:54,684 [grpc-default-executor-1] INFO  impl.RoleInfo (RoleInfo.java:shutdownFollowerState(108)) - 07c4551c-5eaf-48e0-b21d-d7eec408612b: shutdown 07c4551c-5eaf-48e0-b21d-d7eec408612b@group-D8195C25E6F5-FollowerState
2022-01-02 13:17:54,684 [grpc-default-executor-1] INFO  impl.RoleInfo (RoleInfo.java:updateAndGet(130)) - 07c4551c-5eaf-48e0-b21d-d7eec408612b: start 07c4551c-5eaf-48e0-b21d-d7eec408612b@group-D8195C25E6F5-FollowerState
2022-01-02 13:17:54,684 [07c4551c-5eaf-48e0-b21d-d7eec408612b@group-D8195C25E6F5-FollowerState] INFO  impl.FollowerState (FollowerState.java:run(143)) - 07c4551c-5eaf-48e0-b21d-d7eec408612b@group-D8195C25E6F5-FollowerState was interrupted: {}
java.lang.InterruptedException: sleep interrupted
	at java.lang.Thread.sleep(Native Method)
	at java.lang.Thread.sleep(Thread.java:340)
	at java.util.concurrent.TimeUnit.sleep(TimeUnit.java:386)
	at org.apache.ratis.util.TimeDuration.sleep(TimeDuration.java:324)
	at org.apache.ratis.util.TimeDuration.sleep(TimeDuration.java:309)
	at org.apache.ratis.server.impl.FollowerState.run(FollowerState.java:118)
2022-01-02 13:17:54,692 [grpc-default-executor-1] INFO  server.RaftServer$Division (RaftServerImpl.java:requestVote(1078)) - 07c4551c-5eaf-48e0-b21d-d7eec408612b@group-D8195C25E6F5 replies to ELECTION vote request: 07a6759e-563e-4423-80ed-ce00ebedab03<-07c4551c-5eaf-48e0-b21d-d7eec408612b#0:OK-t4. Peer's state: 07c4551c-5eaf-48e0-b21d-d7eec408612b@group-D8195C25E6F5:t4, leader=null, voted=07a6759e-563e-4423-80ed-ce00ebedab03, raftlog=07c4551c-5eaf-48e0-b21d-d7eec408612b@group-D8195C25E6F5-SegmentedRaftLog:OPENED:c-1, conf=-1: [07c4551c-5eaf-48e0-b21d-d7eec408612b|rpc:127.0.0.1:41023|dataStream:|priority:0, 07a6759e-563e-4423-80ed-ce00ebedab03|rpc:127.0.0.1:43531|dataStream:|priority:0, 666cbc02-cfaa-4937-bb27-8c807157e922|rpc:127.0.0.1:45001|dataStream:|priority:1], old=null
2022-01-02 13:17:54,695 [grpc-default-executor-1] INFO  server.RaftServer$Division (RaftServerImpl.java:requestVote(1046)) - 666cbc02-cfaa-4937-bb27-8c807157e922@group-D8195C25E6F5: receive requestVote(ELECTION, 07a6759e-563e-4423-80ed-ce00ebedab03, group-D8195C25E6F5, 4, (t:0, i:0))
2022-01-02 13:17:54,696 [grpc-default-executor-1] INFO  impl.VoteContext (VoteContext.java:log(48)) - 666cbc02-cfaa-4937-bb27-8c807157e922@group-D8195C25E6F5-FOLLOWER: reject ELECTION from 07a6759e-563e-4423-80ed-ce00ebedab03: our priority 1 > candidate's priority 0
2022-01-02 13:17:54,696 [grpc-default-executor-1] INFO  server.RaftServer$Division (RaftServerImpl.java:setRole(290)) - 666cbc02-cfaa-4937-bb27-8c807157e922@group-D8195C25E6F5: changes role from  FOLLOWER to FOLLOWER at term 4 for candidate:07a6759e-563e-4423-80ed-ce00ebedab03
2022-01-02 13:17:54,696 [grpc-default-executor-1] INFO  impl.RoleInfo (RoleInfo.java:shutdownFollowerState(108)) - 666cbc02-cfaa-4937-bb27-8c807157e922: shutdown 666cbc02-cfaa-4937-bb27-8c807157e922@group-D8195C25E6F5-FollowerState
2022-01-02 13:17:54,696 [grpc-default-executor-1] INFO  impl.RoleInfo (RoleInfo.java:updateAndGet(130)) - 666cbc02-cfaa-4937-bb27-8c807157e922: start 666cbc02-cfaa-4937-bb27-8c807157e922@group-D8195C25E6F5-FollowerState
2022-01-02 13:17:54,696 [666cbc02-cfaa-4937-bb27-8c807157e922@group-D8195C25E6F5-FollowerState] INFO  impl.FollowerState (FollowerState.java:run(143)) - 666cbc02-cfaa-4937-bb27-8c807157e922@group-D8195C25E6F5-FollowerState was interrupted: {}
java.lang.InterruptedException: sleep interrupted
	at java.lang.Thread.sleep(Native Method)
	at java.lang.Thread.sleep(Thread.java:340)
	at java.util.concurrent.TimeUnit.sleep(TimeUnit.java:386)
	at org.apache.ratis.util.TimeDuration.sleep(TimeDuration.java:324)
	at org.apache.ratis.util.TimeDuration.sleep(TimeDuration.java:309)
	at org.apache.ratis.server.impl.FollowerState.run(FollowerState.java:118)
2022-01-02 13:17:54,697 [grpc-default-executor-1] INFO  server.RaftServer$Division (RaftServerImpl.java:requestVote(1078)) - 666cbc02-cfaa-4937-bb27-8c807157e922@group-D8195C25E6F5 replies to ELECTION vote request: 07a6759e-563e-4423-80ed-ce00ebedab03<-666cbc02-cfaa-4937-bb27-8c807157e922#0:FAIL-t4. Peer's state: 666cbc02-cfaa-4937-bb27-8c807157e922@group-D8195C25E6F5:t4, leader=null, voted=null, raftlog=666cbc02-cfaa-4937-bb27-8c807157e922@group-D8195C25E6F5-SegmentedRaftLog:OPENED:c-1, conf=-1: [07c4551c-5eaf-48e0-b21d-d7eec408612b|rpc:127.0.0.1:41023|dataStream:|priority:0, 07a6759e-563e-4423-80ed-ce00ebedab03|rpc:127.0.0.1:43531|dataStream:|priority:0, 666cbc02-cfaa-4937-bb27-8c807157e922|rpc:127.0.0.1:45001|dataStream:|priority:1], old=null
2022-01-02 13:17:54,707 [07a6759e-563e-4423-80ed-ce00ebedab03@group-D8195C25E6F5-LeaderElection28] INFO  impl.LeaderElection (LeaderElection.java:logAndReturn(89)) - 07a6759e-563e-4423-80ed-ce00ebedab03@group-D8195C25E6F5-LeaderElection28: ELECTION REJECTED received 2 response(s) and 0 exception(s):
2022-01-02 13:17:54,707 [07a6759e-563e-4423-80ed-ce00ebedab03@group-D8195C25E6F5-LeaderElection28] INFO  impl.LeaderElection (LeaderElection.java:logAndReturn(93)) -   Response 0: 07a6759e-563e-4423-80ed-ce00ebedab03<-07c4551c-5eaf-48e0-b21d-d7eec408612b#0:OK-t4
2022-01-02 13:17:54,707 [07a6759e-563e-4423-80ed-ce00ebedab03@group-D8195C25E6F5-LeaderElection28] INFO  impl.LeaderElection (LeaderElection.java:logAndReturn(93)) -   Response 1: 07a6759e-563e-4423-80ed-ce00ebedab03<-666cbc02-cfaa-4937-bb27-8c807157e922#0:FAIL-t4
2022-01-02 13:17:54,707 [07a6759e-563e-4423-80ed-ce00ebedab03@group-D8195C25E6F5-LeaderElection28] INFO  impl.LeaderElection (LeaderElection.java:askForVotes(308)) - 07a6759e-563e-4423-80ed-ce00ebedab03@group-D8195C25E6F5-LeaderElection28 ELECTION round 0: result REJECTED
2022-01-02 13:17:54,708 [07a6759e-563e-4423-80ed-ce00ebedab03@group-D8195C25E6F5-LeaderElection28] INFO  server.RaftServer$Division (RaftServerImpl.java:setRole(290)) - 07a6759e-563e-4423-80ed-ce00ebedab03@group-D8195C25E6F5: changes role from CANDIDATE to FOLLOWER at term 4 for REJECTED
2022-01-02 13:17:54,708 [07a6759e-563e-4423-80ed-ce00ebedab03@group-D8195C25E6F5-LeaderElection28] INFO  impl.RoleInfo (RoleInfo.java:shutdownLeaderElection(121)) - 07a6759e-563e-4423-80ed-ce00ebedab03: shutdown 07a6759e-563e-4423-80ed-ce00ebedab03@group-D8195C25E6F5-LeaderElection28
2022-01-02 13:17:54,708 [07a6759e-563e-4423-80ed-ce00ebedab03@group-D8195C25E6F5-LeaderElection28] INFO  impl.RoleInfo (RoleInfo.java:updateAndGet(130)) - 07a6759e-563e-4423-80ed-ce00ebedab03: start 07a6759e-563e-4423-80ed-ce00ebedab03@group-D8195C25E6F5-FollowerState
2022-01-02 13:17:54,913 [07c4551c-5eaf-48e0-b21d-d7eec408612b@group-FCC823D1752E-FollowerState] INFO  impl.FollowerState (FollowerState.java:run(134)) - 07c4551c-5eaf-48e0-b21d-d7eec408612b@group-FCC823D1752E-FollowerState: change to CANDIDATE, lastRpcElapsedTime:5056938630ns, electionTimeout:5051ms
2022-01-02 13:17:54,913 [07c4551c-5eaf-48e0-b21d-d7eec408612b@group-FCC823D1752E-FollowerState] INFO  impl.RoleInfo (RoleInfo.java:shutdownFollowerState(108)) - 07c4551c-5eaf-48e0-b21d-d7eec408612b: shutdown 07c4551c-5eaf-48e0-b21d-d7eec408612b@group-FCC823D1752E-FollowerState
2022-01-02 13:17:54,913 [07c4551c-5eaf-48e0-b21d-d7eec408612b@group-FCC823D1752E-FollowerState] INFO  server.RaftServer$Division (RaftServerImpl.java:setRole(290)) - 07c4551c-5eaf-48e0-b21d-d7eec408612b@group-FCC823D1752E: changes role from  FOLLOWER to CANDIDATE at term 3 for changeToCandidate
2022-01-02 13:17:54,913 [07c4551c-5eaf-48e0-b21d-d7eec408612b@group-FCC823D1752E-FollowerState] INFO  server.RaftServerConfigKeys (ConfUtils.java:logGet(44)) - raft.server.leaderelection.pre-vote = false (custom)
2022-01-02 13:17:54,913 [07c4551c-5eaf-48e0-b21d-d7eec408612b@group-FCC823D1752E-FollowerState] INFO  impl.RoleInfo (RoleInfo.java:updateAndGet(130)) - 07c4551c-5eaf-48e0-b21d-d7eec408612b: start 07c4551c-5eaf-48e0-b21d-d7eec408612b@group-FCC823D1752E-LeaderElection29
2022-01-02 13:17:54,927 [07c4551c-5eaf-48e0-b21d-d7eec408612b@group-FCC823D1752E-LeaderElection29] INFO  impl.LeaderElection (LeaderElection.java:askForVotes(306)) - 07c4551c-5eaf-48e0-b21d-d7eec408612b@group-FCC823D1752E-LeaderElection29 ELECTION round 0: submit vote requests at term 4 for -1: [07c4551c-5eaf-48e0-b21d-d7eec408612b|rpc:127.0.0.1:41023|dataStream:|priority:0, 07a6759e-563e-4423-80ed-ce00ebedab03|rpc:127.0.0.1:43531|dataStream:|priority:1, 666cbc02-cfaa-4937-bb27-8c807157e922|rpc:127.0.0.1:45001|dataStream:|priority:0], old=null
2022-01-02 13:17:54,939 [666cbc02-cfaa-4937-bb27-8c807157e922@group-FCC823D1752E-FollowerState] INFO  impl.FollowerState (FollowerState.java:run(134)) - 666cbc02-cfaa-4937-bb27-8c807157e922@group-FCC823D1752E-FollowerState: change to CANDIDATE, lastRpcElapsedTime:5056270822ns, electionTimeout:5054ms
2022-01-02 13:17:54,939 [666cbc02-cfaa-4937-bb27-8c807157e922@group-FCC823D1752E-FollowerState] INFO  impl.RoleInfo (RoleInfo.java:shutdownFollowerState(108)) - 666cbc02-cfaa-4937-bb27-8c807157e922: shutdown 666cbc02-cfaa-4937-bb27-8c807157e922@group-FCC823D1752E-FollowerState
2022-01-02 13:17:54,939 [666cbc02-cfaa-4937-bb27-8c807157e922@group-FCC823D1752E-FollowerState] INFO  server.RaftServer$Division (RaftServerImpl.java:setRole(290)) - 666cbc02-cfaa-4937-bb27-8c807157e922@group-FCC823D1752E: changes role from  FOLLOWER to CANDIDATE at term 3 for changeToCandidate
2022-01-02 13:17:54,939 [666cbc02-cfaa-4937-bb27-8c807157e922@group-FCC823D1752E-FollowerState] INFO  server.RaftServerConfigKeys (ConfUtils.java:logGet(44)) - raft.server.leaderelection.pre-vote = false (custom)
2022-01-02 13:17:54,939 [666cbc02-cfaa-4937-bb27-8c807157e922@group-FCC823D1752E-FollowerState] INFO  impl.RoleInfo (RoleInfo.java:updateAndGet(130)) - 666cbc02-cfaa-4937-bb27-8c807157e922: start 666cbc02-cfaa-4937-bb27-8c807157e922@group-FCC823D1752E-LeaderElection30
2022-01-02 13:17:54,942 [grpc-default-executor-1] INFO  server.RaftServer$Division (RaftServerImpl.java:requestVote(1046)) - 07a6759e-563e-4423-80ed-ce00ebedab03@group-FCC823D1752E: receive requestVote(ELECTION, 07c4551c-5eaf-48e0-b21d-d7eec408612b, group-FCC823D1752E, 4, (t:0, i:0))
2022-01-02 13:17:54,942 [grpc-default-executor-1] INFO  impl.VoteContext (VoteContext.java:log(48)) - 07a6759e-563e-4423-80ed-ce00ebedab03@group-FCC823D1752E-FOLLOWER: reject ELECTION from 07c4551c-5eaf-48e0-b21d-d7eec408612b: our priority 1 > candidate's priority 0
2022-01-02 13:17:54,942 [grpc-default-executor-1] INFO  server.RaftServer$Division (RaftServerImpl.java:setRole(290)) - 07a6759e-563e-4423-80ed-ce00ebedab03@group-FCC823D1752E: changes role from  FOLLOWER to FOLLOWER at term 4 for candidate:07c4551c-5eaf-48e0-b21d-d7eec408612b
2022-01-02 13:17:54,942 [grpc-default-executor-1] INFO  impl.RoleInfo (RoleInfo.java:shutdownFollowerState(108)) - 07a6759e-563e-4423-80ed-ce00ebedab03: shutdown 07a6759e-563e-4423-80ed-ce00ebedab03@group-FCC823D1752E-FollowerState
2022-01-02 13:17:54,954 [grpc-default-executor-0] INFO  server.RaftServer$Division (RaftServerImpl.java:requestVote(1046)) - 666cbc02-cfaa-4937-bb27-8c807157e922@group-FCC823D1752E: receive requestVote(ELECTION, 07c4551c-5eaf-48e0-b21d-d7eec408612b, group-FCC823D1752E, 4, (t:0, i:0))
2022-01-02 13:17:54,954 [grpc-default-executor-0] INFO  impl.VoteContext (VoteContext.java:log(48)) - 666cbc02-cfaa-4937-bb27-8c807157e922@group-FCC823D1752E-CANDIDATE: accept ELECTION from 07c4551c-5eaf-48e0-b21d-d7eec408612b: our priority 0 <= candidate's priority 0
2022-01-02 13:17:54,954 [grpc-default-executor-0] INFO  server.RaftServer$Division (RaftServerImpl.java:setRole(290)) - 666cbc02-cfaa-4937-bb27-8c807157e922@group-FCC823D1752E: changes role from CANDIDATE to FOLLOWER at term 4 for candidate:07c4551c-5eaf-48e0-b21d-d7eec408612b
2022-01-02 13:17:54,954 [grpc-default-executor-0] INFO  impl.RoleInfo (RoleInfo.java:shutdownLeaderElection(121)) - 666cbc02-cfaa-4937-bb27-8c807157e922: shutdown 666cbc02-cfaa-4937-bb27-8c807157e922@group-FCC823D1752E-LeaderElection30
2022-01-02 13:17:54,954 [grpc-default-executor-0] INFO  impl.RoleInfo (RoleInfo.java:updateAndGet(130)) - 666cbc02-cfaa-4937-bb27-8c807157e922: start 666cbc02-cfaa-4937-bb27-8c807157e922@group-FCC823D1752E-FollowerState
2022-01-02 13:17:54,955 [Listener at 127.0.0.1/11096] INFO  ozone.MiniOzoneClusterImpl (MiniOzoneClusterImpl.java:lambda$waitForClusterToBeReady$0(235)) - Nodes are ready. Got 3 of 3 DN Heartbeats.
2022-01-02 13:17:54,955 [Listener at 127.0.0.1/11096] INFO  ozone.MiniOzoneClusterImpl (MiniOzoneClusterImpl.java:lambda$waitForClusterToBeReady$0(238)) - Waiting for cluster to exit safe mode
2022-01-02 13:17:54,956 [Listener at 127.0.0.1/11096] INFO  ozone.MiniOzoneClusterImpl (MiniOzoneClusterImpl.java:lambda$waitForClusterToBeReady$0(240)) - SCM became leader
2022-01-02 13:17:54,956 [grpc-default-executor-0] INFO  server.RaftServer$Division (RaftServerImpl.java:requestVote(1078)) - 666cbc02-cfaa-4937-bb27-8c807157e922@group-FCC823D1752E replies to ELECTION vote request: 07c4551c-5eaf-48e0-b21d-d7eec408612b<-666cbc02-cfaa-4937-bb27-8c807157e922#0:OK-t4. Peer's state: 666cbc02-cfaa-4937-bb27-8c807157e922@group-FCC823D1752E:t4, leader=null, voted=07c4551c-5eaf-48e0-b21d-d7eec408612b, raftlog=666cbc02-cfaa-4937-bb27-8c807157e922@group-FCC823D1752E-SegmentedRaftLog:OPENED:c-1, conf=-1: [07c4551c-5eaf-48e0-b21d-d7eec408612b|rpc:127.0.0.1:41023|priority:0, 07a6759e-563e-4423-80ed-ce00ebedab03|rpc:127.0.0.1:43531|priority:1, 666cbc02-cfaa-4937-bb27-8c807157e922|rpc:127.0.0.1:45001|priority:0], old=null
2022-01-02 13:17:54,958 [grpc-default-executor-1] INFO  impl.RoleInfo (RoleInfo.java:updateAndGet(130)) - 07a6759e-563e-4423-80ed-ce00ebedab03: start 07a6759e-563e-4423-80ed-ce00ebedab03@group-FCC823D1752E-FollowerState
2022-01-02 13:17:54,958 [07a6759e-563e-4423-80ed-ce00ebedab03@group-FCC823D1752E-FollowerState] INFO  impl.FollowerState (FollowerState.java:run(143)) - 07a6759e-563e-4423-80ed-ce00ebedab03@group-FCC823D1752E-FollowerState was interrupted: {}
java.lang.InterruptedException: sleep interrupted
	at java.lang.Thread.sleep(Native Method)
	at java.lang.Thread.sleep(Thread.java:340)
	at java.util.concurrent.TimeUnit.sleep(TimeUnit.java:386)
	at org.apache.ratis.util.TimeDuration.sleep(TimeDuration.java:324)
	at org.apache.ratis.util.TimeDuration.sleep(TimeDuration.java:309)
	at org.apache.ratis.server.impl.FollowerState.run(FollowerState.java:118)
2022-01-02 13:17:54,961 [666cbc02-cfaa-4937-bb27-8c807157e922@group-FCC823D1752E-LeaderElection30] INFO  impl.LeaderElection (LeaderElection.java:run(230)) - 666cbc02-cfaa-4937-bb27-8c807157e922@group-FCC823D1752E-LeaderElection30: skip running since this is already CLOSING
2022-01-02 13:17:54,979 [grpc-default-executor-1] INFO  server.RaftServer$Division (RaftServerImpl.java:requestVote(1078)) - 07a6759e-563e-4423-80ed-ce00ebedab03@group-FCC823D1752E replies to ELECTION vote request: 07c4551c-5eaf-48e0-b21d-d7eec408612b<-07a6759e-563e-4423-80ed-ce00ebedab03#0:FAIL-t4. Peer's state: 07a6759e-563e-4423-80ed-ce00ebedab03@group-FCC823D1752E:t4, leader=null, voted=null, raftlog=07a6759e-563e-4423-80ed-ce00ebedab03@group-FCC823D1752E-SegmentedRaftLog:OPENED:c-1, conf=-1: [07c4551c-5eaf-48e0-b21d-d7eec408612b|rpc:127.0.0.1:41023|priority:0, 07a6759e-563e-4423-80ed-ce00ebedab03|rpc:127.0.0.1:43531|priority:1, 666cbc02-cfaa-4937-bb27-8c807157e922|rpc:127.0.0.1:45001|priority:0], old=null
2022-01-02 13:17:54,981 [07c4551c-5eaf-48e0-b21d-d7eec408612b@group-FCC823D1752E-LeaderElection29] INFO  impl.LeaderElection (LeaderElection.java:logAndReturn(89)) - 07c4551c-5eaf-48e0-b21d-d7eec408612b@group-FCC823D1752E-LeaderElection29: ELECTION REJECTED received 2 response(s) and 0 exception(s):
2022-01-02 13:17:54,981 [07c4551c-5eaf-48e0-b21d-d7eec408612b@group-FCC823D1752E-LeaderElection29] INFO  impl.LeaderElection (LeaderElection.java:logAndReturn(93)) -   Response 0: 07c4551c-5eaf-48e0-b21d-d7eec408612b<-07a6759e-563e-4423-80ed-ce00ebedab03#0:FAIL-t4
2022-01-02 13:17:54,981 [07c4551c-5eaf-48e0-b21d-d7eec408612b@group-FCC823D1752E-LeaderElection29] INFO  impl.LeaderElection (LeaderElection.java:logAndReturn(93)) -   Response 1: 07c4551c-5eaf-48e0-b21d-d7eec408612b<-666cbc02-cfaa-4937-bb27-8c807157e922#0:OK-t4
2022-01-02 13:17:54,982 [07c4551c-5eaf-48e0-b21d-d7eec408612b@group-FCC823D1752E-LeaderElection29] INFO  impl.LeaderElection (LeaderElection.java:askForVotes(308)) - 07c4551c-5eaf-48e0-b21d-d7eec408612b@group-FCC823D1752E-LeaderElection29 ELECTION round 0: result REJECTED
2022-01-02 13:17:54,982 [07c4551c-5eaf-48e0-b21d-d7eec408612b@group-FCC823D1752E-LeaderElection29] INFO  server.RaftServer$Division (RaftServerImpl.java:setRole(290)) - 07c4551c-5eaf-48e0-b21d-d7eec408612b@group-FCC823D1752E: changes role from CANDIDATE to FOLLOWER at term 4 for REJECTED
2022-01-02 13:17:54,982 [07c4551c-5eaf-48e0-b21d-d7eec408612b@group-FCC823D1752E-LeaderElection29] INFO  impl.RoleInfo (RoleInfo.java:shutdownLeaderElection(121)) - 07c4551c-5eaf-48e0-b21d-d7eec408612b: shutdown 07c4551c-5eaf-48e0-b21d-d7eec408612b@group-FCC823D1752E-LeaderElection29
2022-01-02 13:17:54,982 [07c4551c-5eaf-48e0-b21d-d7eec408612b@group-FCC823D1752E-LeaderElection29] INFO  impl.RoleInfo (RoleInfo.java:updateAndGet(130)) - 07c4551c-5eaf-48e0-b21d-d7eec408612b: start 07c4551c-5eaf-48e0-b21d-d7eec408612b@group-FCC823D1752E-FollowerState
2022-01-02 13:17:55,199 [EndpointStateMachine task thread for /127.0.0.1:15005 - 0 ] INFO  ipc.Client (Client.java:handleConnectionFailure(977)) - Retrying connect to server: localhost/127.0.0.1:15005. Already tried 8 time(s); retry policy is RetryUpToMaximumCountWithFixedSleep(maxRetries=15, sleepTime=1000 MILLISECONDS)
2022-01-02 13:17:55,205 [EndpointStateMachine task thread for /127.0.0.1:14995 - 0 ] INFO  ipc.Client (Client.java:handleConnectionFailure(977)) - Retrying connect to server: localhost/127.0.0.1:14995. Already tried 5 time(s); retry policy is RetryUpToMaximumCountWithFixedSleep(maxRetries=15, sleepTime=1000 MILLISECONDS)
2022-01-02 13:17:55,230 [EndpointStateMachine task thread for /127.0.0.1:14985 - 0 ] INFO  ipc.Client (Client.java:handleConnectionFailure(977)) - Retrying connect to server: localhost/127.0.0.1:14985. Already tried 8 time(s); retry policy is RetryUpToMaximumCountWithFixedSleep(maxRetries=15, sleepTime=1000 MILLISECONDS)
2022-01-02 13:17:55,717 [Datanode State Machine Daemon Thread] ERROR datanode.RunningDatanodeState (RunningDatanodeState.java:computeNextContainerState(199)) - Error in executing end point task.
java.util.concurrent.ExecutionException: java.util.concurrent.TimeoutException
	at java.util.concurrent.FutureTask.report(FutureTask.java:122)
	at java.util.concurrent.FutureTask.get(FutureTask.java:192)
	at org.apache.hadoop.ozone.container.common.states.datanode.RunningDatanodeState.computeNextContainerState(RunningDatanodeState.java:191)
	at org.apache.hadoop.ozone.container.common.states.datanode.RunningDatanodeState.await(RunningDatanodeState.java:231)
	at org.apache.hadoop.ozone.container.common.states.datanode.RunningDatanodeState.await(RunningDatanodeState.java:50)
	at org.apache.hadoop.ozone.container.common.statemachine.StateContext.execute(StateContext.java:633)
	at org.apache.hadoop.ozone.container.common.statemachine.DatanodeStateMachine.start(DatanodeStateMachine.java:280)
	at org.apache.hadoop.ozone.container.common.statemachine.DatanodeStateMachine.lambda$startDaemon$0(DatanodeStateMachine.java:468)
	at java.lang.Thread.run(Thread.java:748)
Caused by: java.util.concurrent.TimeoutException
	at java.util.concurrent.FutureTask.get(FutureTask.java:205)
	at org.apache.hadoop.ozone.container.common.states.datanode.RunningDatanodeState.lambda$execute$0(RunningDatanodeState.java:149)
	at java.util.concurrent.FutureTask.run(FutureTask.java:266)
	at java.util.concurrent.Executors$RunnableAdapter.call(Executors.java:511)
	at java.util.concurrent.FutureTask.run(FutureTask.java:266)
	at java.util.concurrent.ThreadPoolExecutor.runWorker(ThreadPoolExecutor.java:1149)
	at java.util.concurrent.ThreadPoolExecutor$Worker.run(ThreadPoolExecutor.java:624)
	... 1 more
2022-01-02 13:17:55,956 [Listener at 127.0.0.1/11096] INFO  ozone.MiniOzoneClusterImpl (MiniOzoneClusterImpl.java:lambda$waitForClusterToBeReady$0(235)) - Nodes are ready. Got 3 of 3 DN Heartbeats.
2022-01-02 13:17:55,956 [Listener at 127.0.0.1/11096] INFO  ozone.MiniOzoneClusterImpl (MiniOzoneClusterImpl.java:lambda$waitForClusterToBeReady$0(238)) - Waiting for cluster to exit safe mode
2022-01-02 13:17:55,956 [Listener at 127.0.0.1/11096] INFO  ozone.MiniOzoneClusterImpl (MiniOzoneClusterImpl.java:lambda$waitForClusterToBeReady$0(240)) - SCM became leader
2022-01-02 13:17:56,200 [EndpointStateMachine task thread for /127.0.0.1:15005 - 0 ] INFO  ipc.Client (Client.java:handleConnectionFailure(977)) - Retrying connect to server: localhost/127.0.0.1:15005. Already tried 9 time(s); retry policy is RetryUpToMaximumCountWithFixedSleep(maxRetries=15, sleepTime=1000 MILLISECONDS)
2022-01-02 13:17:56,205 [EndpointStateMachine task thread for /127.0.0.1:14995 - 0 ] INFO  ipc.Client (Client.java:handleConnectionFailure(977)) - Retrying connect to server: localhost/127.0.0.1:14995. Already tried 6 time(s); retry policy is RetryUpToMaximumCountWithFixedSleep(maxRetries=15, sleepTime=1000 MILLISECONDS)
2022-01-02 13:17:56,231 [EndpointStateMachine task thread for /127.0.0.1:14985 - 0 ] INFO  ipc.Client (Client.java:handleConnectionFailure(977)) - Retrying connect to server: localhost/127.0.0.1:14985. Already tried 9 time(s); retry policy is RetryUpToMaximumCountWithFixedSleep(maxRetries=15, sleepTime=1000 MILLISECONDS)
2022-01-02 13:17:56,725 [Datanode State Machine Daemon Thread] ERROR datanode.RunningDatanodeState (RunningDatanodeState.java:computeNextContainerState(199)) - Error in executing end point task.
java.util.concurrent.ExecutionException: java.util.concurrent.TimeoutException
	at java.util.concurrent.FutureTask.report(FutureTask.java:122)
	at java.util.concurrent.FutureTask.get(FutureTask.java:192)
	at org.apache.hadoop.ozone.container.common.states.datanode.RunningDatanodeState.computeNextContainerState(RunningDatanodeState.java:191)
	at org.apache.hadoop.ozone.container.common.states.datanode.RunningDatanodeState.await(RunningDatanodeState.java:231)
	at org.apache.hadoop.ozone.container.common.states.datanode.RunningDatanodeState.await(RunningDatanodeState.java:50)
	at org.apache.hadoop.ozone.container.common.statemachine.StateContext.execute(StateContext.java:633)
	at org.apache.hadoop.ozone.container.common.statemachine.DatanodeStateMachine.start(DatanodeStateMachine.java:280)
	at org.apache.hadoop.ozone.container.common.statemachine.DatanodeStateMachine.lambda$startDaemon$0(DatanodeStateMachine.java:468)
	at java.lang.Thread.run(Thread.java:748)
Caused by: java.util.concurrent.TimeoutException
	at java.util.concurrent.FutureTask.get(FutureTask.java:205)
	at org.apache.hadoop.ozone.container.common.states.datanode.RunningDatanodeState.lambda$execute$0(RunningDatanodeState.java:149)
	at java.util.concurrent.FutureTask.run(FutureTask.java:266)
	at java.util.concurrent.Executors$RunnableAdapter.call(Executors.java:511)
	at java.util.concurrent.FutureTask.run(FutureTask.java:266)
	at java.util.concurrent.ThreadPoolExecutor.runWorker(ThreadPoolExecutor.java:1149)
	at java.util.concurrent.ThreadPoolExecutor$Worker.run(ThreadPoolExecutor.java:624)
	... 1 more
2022-01-02 13:17:56,956 [Listener at 127.0.0.1/11096] INFO  ozone.MiniOzoneClusterImpl (MiniOzoneClusterImpl.java:lambda$waitForClusterToBeReady$0(235)) - Nodes are ready. Got 3 of 3 DN Heartbeats.
2022-01-02 13:17:56,957 [Listener at 127.0.0.1/11096] INFO  ozone.MiniOzoneClusterImpl (MiniOzoneClusterImpl.java:lambda$waitForClusterToBeReady$0(238)) - Waiting for cluster to exit safe mode
2022-01-02 13:17:56,957 [Listener at 127.0.0.1/11096] INFO  ozone.MiniOzoneClusterImpl (MiniOzoneClusterImpl.java:lambda$waitForClusterToBeReady$0(240)) - SCM became leader
2022-01-02 13:17:57,200 [EndpointStateMachine task thread for /127.0.0.1:15005 - 0 ] INFO  ipc.Client (Client.java:handleConnectionFailure(977)) - Retrying connect to server: localhost/127.0.0.1:15005. Already tried 10 time(s); retry policy is RetryUpToMaximumCountWithFixedSleep(maxRetries=15, sleepTime=1000 MILLISECONDS)
2022-01-02 13:17:57,205 [EndpointStateMachine task thread for /127.0.0.1:14995 - 0 ] INFO  ipc.Client (Client.java:handleConnectionFailure(977)) - Retrying connect to server: localhost/127.0.0.1:14995. Already tried 7 time(s); retry policy is RetryUpToMaximumCountWithFixedSleep(maxRetries=15, sleepTime=1000 MILLISECONDS)
2022-01-02 13:17:57,231 [EndpointStateMachine task thread for /127.0.0.1:14985 - 0 ] INFO  ipc.Client (Client.java:handleConnectionFailure(977)) - Retrying connect to server: localhost/127.0.0.1:14985. Already tried 10 time(s); retry policy is RetryUpToMaximumCountWithFixedSleep(maxRetries=15, sleepTime=1000 MILLISECONDS)
2022-01-02 13:17:57,957 [Listener at 127.0.0.1/11096] INFO  ozone.MiniOzoneClusterImpl (MiniOzoneClusterImpl.java:lambda$waitForClusterToBeReady$0(235)) - Nodes are ready. Got 3 of 3 DN Heartbeats.
2022-01-02 13:17:57,957 [Listener at 127.0.0.1/11096] INFO  ozone.MiniOzoneClusterImpl (MiniOzoneClusterImpl.java:lambda$waitForClusterToBeReady$0(238)) - Waiting for cluster to exit safe mode
2022-01-02 13:17:57,957 [Listener at 127.0.0.1/11096] INFO  ozone.MiniOzoneClusterImpl (MiniOzoneClusterImpl.java:lambda$waitForClusterToBeReady$0(240)) - SCM became leader
2022-01-02 13:17:58,201 [EndpointStateMachine task thread for /127.0.0.1:15005 - 0 ] INFO  ipc.Client (Client.java:handleConnectionFailure(977)) - Retrying connect to server: localhost/127.0.0.1:15005. Already tried 11 time(s); retry policy is RetryUpToMaximumCountWithFixedSleep(maxRetries=15, sleepTime=1000 MILLISECONDS)
2022-01-02 13:17:58,206 [EndpointStateMachine task thread for /127.0.0.1:14995 - 0 ] INFO  ipc.Client (Client.java:handleConnectionFailure(977)) - Retrying connect to server: localhost/127.0.0.1:14995. Already tried 8 time(s); retry policy is RetryUpToMaximumCountWithFixedSleep(maxRetries=15, sleepTime=1000 MILLISECONDS)
2022-01-02 13:17:58,231 [EndpointStateMachine task thread for /127.0.0.1:14985 - 0 ] INFO  ipc.Client (Client.java:handleConnectionFailure(977)) - Retrying connect to server: localhost/127.0.0.1:14985. Already tried 11 time(s); retry policy is RetryUpToMaximumCountWithFixedSleep(maxRetries=15, sleepTime=1000 MILLISECONDS)
2022-01-02 13:17:58,277 [Datanode State Machine Daemon Thread] ERROR datanode.RunningDatanodeState (RunningDatanodeState.java:computeNextContainerState(199)) - Error in executing end point task.
java.util.concurrent.ExecutionException: java.util.concurrent.TimeoutException
	at java.util.concurrent.FutureTask.report(FutureTask.java:122)
	at java.util.concurrent.FutureTask.get(FutureTask.java:192)
	at org.apache.hadoop.ozone.container.common.states.datanode.RunningDatanodeState.computeNextContainerState(RunningDatanodeState.java:191)
	at org.apache.hadoop.ozone.container.common.states.datanode.RunningDatanodeState.await(RunningDatanodeState.java:231)
	at org.apache.hadoop.ozone.container.common.states.datanode.RunningDatanodeState.await(RunningDatanodeState.java:50)
	at org.apache.hadoop.ozone.container.common.statemachine.StateContext.execute(StateContext.java:633)
	at org.apache.hadoop.ozone.container.common.statemachine.DatanodeStateMachine.start(DatanodeStateMachine.java:280)
	at org.apache.hadoop.ozone.container.common.statemachine.DatanodeStateMachine.lambda$startDaemon$0(DatanodeStateMachine.java:468)
	at java.lang.Thread.run(Thread.java:748)
Caused by: java.util.concurrent.TimeoutException
	at java.util.concurrent.FutureTask.get(FutureTask.java:205)
	at org.apache.hadoop.ozone.container.common.states.datanode.RunningDatanodeState.lambda$execute$0(RunningDatanodeState.java:149)
	at java.util.concurrent.FutureTask.run(FutureTask.java:266)
	at java.util.concurrent.Executors$RunnableAdapter.call(Executors.java:511)
	at java.util.concurrent.FutureTask.run(FutureTask.java:266)
	at java.util.concurrent.ThreadPoolExecutor.runWorker(ThreadPoolExecutor.java:1149)
	at java.util.concurrent.ThreadPoolExecutor$Worker.run(ThreadPoolExecutor.java:624)
	... 1 more
2022-01-02 13:17:58,958 [Listener at 127.0.0.1/11096] INFO  ozone.MiniOzoneClusterImpl (MiniOzoneClusterImpl.java:lambda$waitForClusterToBeReady$0(235)) - Nodes are ready. Got 3 of 3 DN Heartbeats.
2022-01-02 13:17:58,958 [Listener at 127.0.0.1/11096] INFO  ozone.MiniOzoneClusterImpl (MiniOzoneClusterImpl.java:lambda$waitForClusterToBeReady$0(238)) - Waiting for cluster to exit safe mode
2022-01-02 13:17:58,958 [Listener at 127.0.0.1/11096] INFO  ozone.MiniOzoneClusterImpl (MiniOzoneClusterImpl.java:lambda$waitForClusterToBeReady$0(240)) - SCM became leader
2022-01-02 13:17:59,201 [EndpointStateMachine task thread for /127.0.0.1:15005 - 0 ] INFO  ipc.Client (Client.java:handleConnectionFailure(977)) - Retrying connect to server: localhost/127.0.0.1:15005. Already tried 12 time(s); retry policy is RetryUpToMaximumCountWithFixedSleep(maxRetries=15, sleepTime=1000 MILLISECONDS)
2022-01-02 13:17:59,206 [EndpointStateMachine task thread for /127.0.0.1:14995 - 0 ] INFO  ipc.Client (Client.java:handleConnectionFailure(977)) - Retrying connect to server: localhost/127.0.0.1:14995. Already tried 9 time(s); retry policy is RetryUpToMaximumCountWithFixedSleep(maxRetries=15, sleepTime=1000 MILLISECONDS)
2022-01-02 13:17:59,232 [EndpointStateMachine task thread for /127.0.0.1:14985 - 0 ] INFO  ipc.Client (Client.java:handleConnectionFailure(977)) - Retrying connect to server: localhost/127.0.0.1:14985. Already tried 12 time(s); retry policy is RetryUpToMaximumCountWithFixedSleep(maxRetries=15, sleepTime=1000 MILLISECONDS)
2022-01-02 13:17:59,725 [Datanode State Machine Daemon Thread] ERROR datanode.RunningDatanodeState (RunningDatanodeState.java:computeNextContainerState(199)) - Error in executing end point task.
java.util.concurrent.ExecutionException: java.util.concurrent.TimeoutException
	at java.util.concurrent.FutureTask.report(FutureTask.java:122)
	at java.util.concurrent.FutureTask.get(FutureTask.java:192)
	at org.apache.hadoop.ozone.container.common.states.datanode.RunningDatanodeState.computeNextContainerState(RunningDatanodeState.java:191)
	at org.apache.hadoop.ozone.container.common.states.datanode.RunningDatanodeState.await(RunningDatanodeState.java:231)
	at org.apache.hadoop.ozone.container.common.states.datanode.RunningDatanodeState.await(RunningDatanodeState.java:50)
	at org.apache.hadoop.ozone.container.common.statemachine.StateContext.execute(StateContext.java:633)
	at org.apache.hadoop.ozone.container.common.statemachine.DatanodeStateMachine.start(DatanodeStateMachine.java:280)
	at org.apache.hadoop.ozone.container.common.statemachine.DatanodeStateMachine.lambda$startDaemon$0(DatanodeStateMachine.java:468)
	at java.lang.Thread.run(Thread.java:748)
Caused by: java.util.concurrent.TimeoutException
	at java.util.concurrent.FutureTask.get(FutureTask.java:205)
	at org.apache.hadoop.ozone.container.common.states.datanode.RunningDatanodeState.lambda$execute$0(RunningDatanodeState.java:149)
	at java.util.concurrent.FutureTask.run(FutureTask.java:266)
	at java.util.concurrent.Executors$RunnableAdapter.call(Executors.java:511)
	at java.util.concurrent.FutureTask.run(FutureTask.java:266)
	at java.util.concurrent.ThreadPoolExecutor.runWorker(ThreadPoolExecutor.java:1149)
	at java.util.concurrent.ThreadPoolExecutor$Worker.run(ThreadPoolExecutor.java:624)
	... 1 more
2022-01-02 13:17:59,787 [07a6759e-563e-4423-80ed-ce00ebedab03@group-D8195C25E6F5-FollowerState] INFO  impl.FollowerState (FollowerState.java:run(134)) - 07a6759e-563e-4423-80ed-ce00ebedab03@group-D8195C25E6F5-FollowerState: change to CANDIDATE, lastRpcElapsedTime:5079589279ns, electionTimeout:5078ms
2022-01-02 13:17:59,787 [07a6759e-563e-4423-80ed-ce00ebedab03@group-D8195C25E6F5-FollowerState] INFO  impl.RoleInfo (RoleInfo.java:shutdownFollowerState(108)) - 07a6759e-563e-4423-80ed-ce00ebedab03: shutdown 07a6759e-563e-4423-80ed-ce00ebedab03@group-D8195C25E6F5-FollowerState
2022-01-02 13:17:59,787 [07a6759e-563e-4423-80ed-ce00ebedab03@group-D8195C25E6F5-FollowerState] INFO  server.RaftServer$Division (RaftServerImpl.java:setRole(290)) - 07a6759e-563e-4423-80ed-ce00ebedab03@group-D8195C25E6F5: changes role from  FOLLOWER to CANDIDATE at term 4 for changeToCandidate
2022-01-02 13:17:59,787 [07a6759e-563e-4423-80ed-ce00ebedab03@group-D8195C25E6F5-FollowerState] INFO  server.RaftServerConfigKeys (ConfUtils.java:logGet(44)) - raft.server.leaderelection.pre-vote = false (custom)
2022-01-02 13:17:59,788 [07a6759e-563e-4423-80ed-ce00ebedab03@group-D8195C25E6F5-FollowerState] INFO  impl.RoleInfo (RoleInfo.java:updateAndGet(130)) - 07a6759e-563e-4423-80ed-ce00ebedab03: start 07a6759e-563e-4423-80ed-ce00ebedab03@group-D8195C25E6F5-LeaderElection31
2022-01-02 13:17:59,803 [07a6759e-563e-4423-80ed-ce00ebedab03@group-D8195C25E6F5-LeaderElection31] INFO  impl.LeaderElection (LeaderElection.java:askForVotes(306)) - 07a6759e-563e-4423-80ed-ce00ebedab03@group-D8195C25E6F5-LeaderElection31 ELECTION round 0: submit vote requests at term 5 for -1: [07c4551c-5eaf-48e0-b21d-d7eec408612b|rpc:127.0.0.1:41023|priority:0, 07a6759e-563e-4423-80ed-ce00ebedab03|rpc:127.0.0.1:43531|priority:0, 666cbc02-cfaa-4937-bb27-8c807157e922|rpc:127.0.0.1:45001|priority:1], old=null
2022-01-02 13:17:59,812 [grpc-default-executor-1] INFO  server.RaftServer$Division (RaftServerImpl.java:requestVote(1046)) - 07c4551c-5eaf-48e0-b21d-d7eec408612b@group-D8195C25E6F5: receive requestVote(ELECTION, 07a6759e-563e-4423-80ed-ce00ebedab03, group-D8195C25E6F5, 5, (t:0, i:0))
2022-01-02 13:17:59,812 [grpc-default-executor-1] INFO  impl.VoteContext (VoteContext.java:log(48)) - 07c4551c-5eaf-48e0-b21d-d7eec408612b@group-D8195C25E6F5-FOLLOWER: accept ELECTION from 07a6759e-563e-4423-80ed-ce00ebedab03: our priority 0 <= candidate's priority 0
2022-01-02 13:17:59,812 [grpc-default-executor-1] INFO  server.RaftServer$Division (RaftServerImpl.java:setRole(290)) - 07c4551c-5eaf-48e0-b21d-d7eec408612b@group-D8195C25E6F5: changes role from  FOLLOWER to FOLLOWER at term 5 for candidate:07a6759e-563e-4423-80ed-ce00ebedab03
2022-01-02 13:17:59,812 [grpc-default-executor-1] INFO  impl.RoleInfo (RoleInfo.java:shutdownFollowerState(108)) - 07c4551c-5eaf-48e0-b21d-d7eec408612b: shutdown 07c4551c-5eaf-48e0-b21d-d7eec408612b@group-D8195C25E6F5-FollowerState
2022-01-02 13:17:59,813 [grpc-default-executor-1] INFO  impl.RoleInfo (RoleInfo.java:updateAndGet(130)) - 07c4551c-5eaf-48e0-b21d-d7eec408612b: start 07c4551c-5eaf-48e0-b21d-d7eec408612b@group-D8195C25E6F5-FollowerState
2022-01-02 13:17:59,813 [07c4551c-5eaf-48e0-b21d-d7eec408612b@group-D8195C25E6F5-FollowerState] INFO  impl.FollowerState (FollowerState.java:run(143)) - 07c4551c-5eaf-48e0-b21d-d7eec408612b@group-D8195C25E6F5-FollowerState was interrupted: {}
java.lang.InterruptedException: sleep interrupted
	at java.lang.Thread.sleep(Native Method)
	at java.lang.Thread.sleep(Thread.java:340)
	at java.util.concurrent.TimeUnit.sleep(TimeUnit.java:386)
	at org.apache.ratis.util.TimeDuration.sleep(TimeDuration.java:324)
	at org.apache.ratis.util.TimeDuration.sleep(TimeDuration.java:309)
	at org.apache.ratis.server.impl.FollowerState.run(FollowerState.java:118)
2022-01-02 13:17:59,818 [grpc-default-executor-1] INFO  server.RaftServer$Division (RaftServerImpl.java:requestVote(1078)) - 07c4551c-5eaf-48e0-b21d-d7eec408612b@group-D8195C25E6F5 replies to ELECTION vote request: 07a6759e-563e-4423-80ed-ce00ebedab03<-07c4551c-5eaf-48e0-b21d-d7eec408612b#0:OK-t5. Peer's state: 07c4551c-5eaf-48e0-b21d-d7eec408612b@group-D8195C25E6F5:t5, leader=null, voted=07a6759e-563e-4423-80ed-ce00ebedab03, raftlog=07c4551c-5eaf-48e0-b21d-d7eec408612b@group-D8195C25E6F5-SegmentedRaftLog:OPENED:c-1, conf=-1: [07c4551c-5eaf-48e0-b21d-d7eec408612b|rpc:127.0.0.1:41023|dataStream:|priority:0, 07a6759e-563e-4423-80ed-ce00ebedab03|rpc:127.0.0.1:43531|dataStream:|priority:0, 666cbc02-cfaa-4937-bb27-8c807157e922|rpc:127.0.0.1:45001|dataStream:|priority:1], old=null
2022-01-02 13:17:59,833 [grpc-default-executor-1] INFO  server.RaftServer$Division (RaftServerImpl.java:requestVote(1046)) - 666cbc02-cfaa-4937-bb27-8c807157e922@group-D8195C25E6F5: receive requestVote(ELECTION, 07a6759e-563e-4423-80ed-ce00ebedab03, group-D8195C25E6F5, 5, (t:0, i:0))
2022-01-02 13:17:59,833 [grpc-default-executor-1] INFO  impl.VoteContext (VoteContext.java:log(48)) - 666cbc02-cfaa-4937-bb27-8c807157e922@group-D8195C25E6F5-FOLLOWER: reject ELECTION from 07a6759e-563e-4423-80ed-ce00ebedab03: our priority 1 > candidate's priority 0
2022-01-02 13:17:59,834 [grpc-default-executor-1] INFO  server.RaftServer$Division (RaftServerImpl.java:setRole(290)) - 666cbc02-cfaa-4937-bb27-8c807157e922@group-D8195C25E6F5: changes role from  FOLLOWER to FOLLOWER at term 5 for candidate:07a6759e-563e-4423-80ed-ce00ebedab03
2022-01-02 13:17:59,834 [grpc-default-executor-1] INFO  impl.RoleInfo (RoleInfo.java:shutdownFollowerState(108)) - 666cbc02-cfaa-4937-bb27-8c807157e922: shutdown 666cbc02-cfaa-4937-bb27-8c807157e922@group-D8195C25E6F5-FollowerState
2022-01-02 13:17:59,834 [grpc-default-executor-1] INFO  impl.RoleInfo (RoleInfo.java:updateAndGet(130)) - 666cbc02-cfaa-4937-bb27-8c807157e922: start 666cbc02-cfaa-4937-bb27-8c807157e922@group-D8195C25E6F5-FollowerState
2022-01-02 13:17:59,836 [666cbc02-cfaa-4937-bb27-8c807157e922@group-D8195C25E6F5-FollowerState] INFO  impl.FollowerState (FollowerState.java:run(143)) - 666cbc02-cfaa-4937-bb27-8c807157e922@group-D8195C25E6F5-FollowerState was interrupted: {}
java.lang.InterruptedException: sleep interrupted
	at java.lang.Thread.sleep(Native Method)
	at java.lang.Thread.sleep(Thread.java:340)
	at java.util.concurrent.TimeUnit.sleep(TimeUnit.java:386)
	at org.apache.ratis.util.TimeDuration.sleep(TimeDuration.java:324)
	at org.apache.ratis.util.TimeDuration.sleep(TimeDuration.java:309)
	at org.apache.ratis.server.impl.FollowerState.run(FollowerState.java:118)
2022-01-02 13:17:59,843 [grpc-default-executor-1] INFO  server.RaftServer$Division (RaftServerImpl.java:requestVote(1078)) - 666cbc02-cfaa-4937-bb27-8c807157e922@group-D8195C25E6F5 replies to ELECTION vote request: 07a6759e-563e-4423-80ed-ce00ebedab03<-666cbc02-cfaa-4937-bb27-8c807157e922#0:FAIL-t5. Peer's state: 666cbc02-cfaa-4937-bb27-8c807157e922@group-D8195C25E6F5:t5, leader=null, voted=null, raftlog=666cbc02-cfaa-4937-bb27-8c807157e922@group-D8195C25E6F5-SegmentedRaftLog:OPENED:c-1, conf=-1: [07c4551c-5eaf-48e0-b21d-d7eec408612b|rpc:127.0.0.1:41023|dataStream:|priority:0, 07a6759e-563e-4423-80ed-ce00ebedab03|rpc:127.0.0.1:43531|dataStream:|priority:0, 666cbc02-cfaa-4937-bb27-8c807157e922|rpc:127.0.0.1:45001|dataStream:|priority:1], old=null
2022-01-02 13:17:59,844 [07a6759e-563e-4423-80ed-ce00ebedab03@group-D8195C25E6F5-LeaderElection31] INFO  impl.LeaderElection (LeaderElection.java:logAndReturn(89)) - 07a6759e-563e-4423-80ed-ce00ebedab03@group-D8195C25E6F5-LeaderElection31: ELECTION REJECTED received 2 response(s) and 0 exception(s):
2022-01-02 13:17:59,844 [07a6759e-563e-4423-80ed-ce00ebedab03@group-D8195C25E6F5-LeaderElection31] INFO  impl.LeaderElection (LeaderElection.java:logAndReturn(93)) -   Response 0: 07a6759e-563e-4423-80ed-ce00ebedab03<-07c4551c-5eaf-48e0-b21d-d7eec408612b#0:OK-t5
2022-01-02 13:17:59,844 [07a6759e-563e-4423-80ed-ce00ebedab03@group-D8195C25E6F5-LeaderElection31] INFO  impl.LeaderElection (LeaderElection.java:logAndReturn(93)) -   Response 1: 07a6759e-563e-4423-80ed-ce00ebedab03<-666cbc02-cfaa-4937-bb27-8c807157e922#0:FAIL-t5
2022-01-02 13:17:59,844 [07a6759e-563e-4423-80ed-ce00ebedab03@group-D8195C25E6F5-LeaderElection31] INFO  impl.LeaderElection (LeaderElection.java:askForVotes(308)) - 07a6759e-563e-4423-80ed-ce00ebedab03@group-D8195C25E6F5-LeaderElection31 ELECTION round 0: result REJECTED
2022-01-02 13:17:59,844 [07a6759e-563e-4423-80ed-ce00ebedab03@group-D8195C25E6F5-LeaderElection31] INFO  server.RaftServer$Division (RaftServerImpl.java:setRole(290)) - 07a6759e-563e-4423-80ed-ce00ebedab03@group-D8195C25E6F5: changes role from CANDIDATE to FOLLOWER at term 5 for REJECTED
2022-01-02 13:17:59,844 [07a6759e-563e-4423-80ed-ce00ebedab03@group-D8195C25E6F5-LeaderElection31] INFO  impl.RoleInfo (RoleInfo.java:shutdownLeaderElection(121)) - 07a6759e-563e-4423-80ed-ce00ebedab03: shutdown 07a6759e-563e-4423-80ed-ce00ebedab03@group-D8195C25E6F5-LeaderElection31
2022-01-02 13:17:59,844 [07a6759e-563e-4423-80ed-ce00ebedab03@group-D8195C25E6F5-LeaderElection31] INFO  impl.RoleInfo (RoleInfo.java:updateAndGet(130)) - 07a6759e-563e-4423-80ed-ce00ebedab03: start 07a6759e-563e-4423-80ed-ce00ebedab03@group-D8195C25E6F5-FollowerState
2022-01-02 13:17:59,958 [Listener at 127.0.0.1/11096] INFO  ozone.MiniOzoneClusterImpl (MiniOzoneClusterImpl.java:lambda$waitForClusterToBeReady$0(235)) - Nodes are ready. Got 3 of 3 DN Heartbeats.
2022-01-02 13:17:59,959 [Listener at 127.0.0.1/11096] INFO  ozone.MiniOzoneClusterImpl (MiniOzoneClusterImpl.java:lambda$waitForClusterToBeReady$0(238)) - Waiting for cluster to exit safe mode
2022-01-02 13:17:59,959 [Listener at 127.0.0.1/11096] INFO  ozone.MiniOzoneClusterImpl (MiniOzoneClusterImpl.java:lambda$waitForClusterToBeReady$0(240)) - SCM became leader
2022-01-02 13:18:00,130 [07c4551c-5eaf-48e0-b21d-d7eec408612b@group-FCC823D1752E-FollowerState] INFO  impl.FollowerState (FollowerState.java:run(134)) - 07c4551c-5eaf-48e0-b21d-d7eec408612b@group-FCC823D1752E-FollowerState: change to CANDIDATE, lastRpcElapsedTime:5148183968ns, electionTimeout:5138ms
2022-01-02 13:18:00,130 [07c4551c-5eaf-48e0-b21d-d7eec408612b@group-FCC823D1752E-FollowerState] INFO  impl.RoleInfo (RoleInfo.java:shutdownFollowerState(108)) - 07c4551c-5eaf-48e0-b21d-d7eec408612b: shutdown 07c4551c-5eaf-48e0-b21d-d7eec408612b@group-FCC823D1752E-FollowerState
2022-01-02 13:18:00,130 [07c4551c-5eaf-48e0-b21d-d7eec408612b@group-FCC823D1752E-FollowerState] INFO  server.RaftServer$Division (RaftServerImpl.java:setRole(290)) - 07c4551c-5eaf-48e0-b21d-d7eec408612b@group-FCC823D1752E: changes role from  FOLLOWER to CANDIDATE at term 4 for changeToCandidate
2022-01-02 13:18:00,130 [07c4551c-5eaf-48e0-b21d-d7eec408612b@group-FCC823D1752E-FollowerState] INFO  server.RaftServerConfigKeys (ConfUtils.java:logGet(44)) - raft.server.leaderelection.pre-vote = false (custom)
2022-01-02 13:18:00,130 [07c4551c-5eaf-48e0-b21d-d7eec408612b@group-FCC823D1752E-FollowerState] INFO  impl.RoleInfo (RoleInfo.java:updateAndGet(130)) - 07c4551c-5eaf-48e0-b21d-d7eec408612b: start 07c4551c-5eaf-48e0-b21d-d7eec408612b@group-FCC823D1752E-LeaderElection32
2022-01-02 13:18:00,140 [07c4551c-5eaf-48e0-b21d-d7eec408612b@group-FCC823D1752E-LeaderElection32] INFO  impl.LeaderElection (LeaderElection.java:askForVotes(306)) - 07c4551c-5eaf-48e0-b21d-d7eec408612b@group-FCC823D1752E-LeaderElection32 ELECTION round 0: submit vote requests at term 5 for -1: [07c4551c-5eaf-48e0-b21d-d7eec408612b|rpc:127.0.0.1:41023|dataStream:|priority:0, 07a6759e-563e-4423-80ed-ce00ebedab03|rpc:127.0.0.1:43531|dataStream:|priority:1, 666cbc02-cfaa-4937-bb27-8c807157e922|rpc:127.0.0.1:45001|dataStream:|priority:0], old=null
2022-01-02 13:18:00,150 [grpc-default-executor-1] INFO  server.RaftServer$Division (RaftServerImpl.java:requestVote(1046)) - 07a6759e-563e-4423-80ed-ce00ebedab03@group-FCC823D1752E: receive requestVote(ELECTION, 07c4551c-5eaf-48e0-b21d-d7eec408612b, group-FCC823D1752E, 5, (t:0, i:0))
2022-01-02 13:18:00,150 [grpc-default-executor-1] INFO  impl.VoteContext (VoteContext.java:log(48)) - 07a6759e-563e-4423-80ed-ce00ebedab03@group-FCC823D1752E-FOLLOWER: reject ELECTION from 07c4551c-5eaf-48e0-b21d-d7eec408612b: our priority 1 > candidate's priority 0
2022-01-02 13:18:00,150 [grpc-default-executor-1] INFO  server.RaftServer$Division (RaftServerImpl.java:setRole(290)) - 07a6759e-563e-4423-80ed-ce00ebedab03@group-FCC823D1752E: changes role from  FOLLOWER to FOLLOWER at term 5 for candidate:07c4551c-5eaf-48e0-b21d-d7eec408612b
2022-01-02 13:18:00,150 [grpc-default-executor-1] INFO  impl.RoleInfo (RoleInfo.java:shutdownFollowerState(108)) - 07a6759e-563e-4423-80ed-ce00ebedab03: shutdown 07a6759e-563e-4423-80ed-ce00ebedab03@group-FCC823D1752E-FollowerState
2022-01-02 13:18:00,150 [07a6759e-563e-4423-80ed-ce00ebedab03@group-FCC823D1752E-FollowerState] INFO  impl.FollowerState (FollowerState.java:run(143)) - 07a6759e-563e-4423-80ed-ce00ebedab03@group-FCC823D1752E-FollowerState was interrupted: {}
java.lang.InterruptedException: sleep interrupted
	at java.lang.Thread.sleep(Native Method)
	at java.lang.Thread.sleep(Thread.java:340)
	at java.util.concurrent.TimeUnit.sleep(TimeUnit.java:386)
	at org.apache.ratis.util.TimeDuration.sleep(TimeDuration.java:324)
	at org.apache.ratis.util.TimeDuration.sleep(TimeDuration.java:309)
	at org.apache.ratis.server.impl.FollowerState.run(FollowerState.java:118)
2022-01-02 13:18:00,150 [grpc-default-executor-1] INFO  impl.RoleInfo (RoleInfo.java:updateAndGet(130)) - 07a6759e-563e-4423-80ed-ce00ebedab03: start 07a6759e-563e-4423-80ed-ce00ebedab03@group-FCC823D1752E-FollowerState
2022-01-02 13:18:00,158 [Datanode State Machine Daemon Thread] ERROR datanode.RunningDatanodeState (RunningDatanodeState.java:computeNextContainerState(199)) - Error in executing end point task.
java.util.concurrent.ExecutionException: java.util.concurrent.TimeoutException
	at java.util.concurrent.FutureTask.report(FutureTask.java:122)
	at java.util.concurrent.FutureTask.get(FutureTask.java:192)
	at org.apache.hadoop.ozone.container.common.states.datanode.RunningDatanodeState.computeNextContainerState(RunningDatanodeState.java:191)
	at org.apache.hadoop.ozone.container.common.states.datanode.RunningDatanodeState.await(RunningDatanodeState.java:231)
	at org.apache.hadoop.ozone.container.common.states.datanode.RunningDatanodeState.await(RunningDatanodeState.java:50)
	at org.apache.hadoop.ozone.container.common.statemachine.StateContext.execute(StateContext.java:633)
	at org.apache.hadoop.ozone.container.common.statemachine.DatanodeStateMachine.start(DatanodeStateMachine.java:280)
	at org.apache.hadoop.ozone.container.common.statemachine.DatanodeStateMachine.lambda$startDaemon$0(DatanodeStateMachine.java:468)
	at java.lang.Thread.run(Thread.java:748)
Caused by: java.util.concurrent.TimeoutException
	at java.util.concurrent.FutureTask.get(FutureTask.java:205)
	at org.apache.hadoop.ozone.container.common.states.datanode.RunningDatanodeState.lambda$execute$0(RunningDatanodeState.java:149)
	at java.util.concurrent.FutureTask.run(FutureTask.java:266)
	at java.util.concurrent.Executors$RunnableAdapter.call(Executors.java:511)
	at java.util.concurrent.FutureTask.run(FutureTask.java:266)
	at java.util.concurrent.ThreadPoolExecutor.runWorker(ThreadPoolExecutor.java:1149)
	at java.util.concurrent.ThreadPoolExecutor$Worker.run(ThreadPoolExecutor.java:624)
	... 1 more
2022-01-02 13:18:00,159 [grpc-default-executor-0] INFO  server.RaftServer$Division (RaftServerImpl.java:requestVote(1046)) - 666cbc02-cfaa-4937-bb27-8c807157e922@group-FCC823D1752E: receive requestVote(ELECTION, 07c4551c-5eaf-48e0-b21d-d7eec408612b, group-FCC823D1752E, 5, (t:0, i:0))
2022-01-02 13:18:00,159 [grpc-default-executor-0] INFO  impl.VoteContext (VoteContext.java:log(48)) - 666cbc02-cfaa-4937-bb27-8c807157e922@group-FCC823D1752E-FOLLOWER: accept ELECTION from 07c4551c-5eaf-48e0-b21d-d7eec408612b: our priority 0 <= candidate's priority 0
2022-01-02 13:18:00,159 [grpc-default-executor-0] INFO  server.RaftServer$Division (RaftServerImpl.java:setRole(290)) - 666cbc02-cfaa-4937-bb27-8c807157e922@group-FCC823D1752E: changes role from  FOLLOWER to FOLLOWER at term 5 for candidate:07c4551c-5eaf-48e0-b21d-d7eec408612b
2022-01-02 13:18:00,159 [grpc-default-executor-0] INFO  impl.RoleInfo (RoleInfo.java:shutdownFollowerState(108)) - 666cbc02-cfaa-4937-bb27-8c807157e922: shutdown 666cbc02-cfaa-4937-bb27-8c807157e922@group-FCC823D1752E-FollowerState
2022-01-02 13:18:00,166 [grpc-default-executor-0] INFO  impl.RoleInfo (RoleInfo.java:updateAndGet(130)) - 666cbc02-cfaa-4937-bb27-8c807157e922: start 666cbc02-cfaa-4937-bb27-8c807157e922@group-FCC823D1752E-FollowerState
2022-01-02 13:18:00,166 [666cbc02-cfaa-4937-bb27-8c807157e922@group-FCC823D1752E-FollowerState] INFO  impl.FollowerState (FollowerState.java:run(143)) - 666cbc02-cfaa-4937-bb27-8c807157e922@group-FCC823D1752E-FollowerState was interrupted: {}
java.lang.InterruptedException: sleep interrupted
	at java.lang.Thread.sleep(Native Method)
	at java.lang.Thread.sleep(Thread.java:340)
	at java.util.concurrent.TimeUnit.sleep(TimeUnit.java:386)
	at org.apache.ratis.util.TimeDuration.sleep(TimeDuration.java:324)
	at org.apache.ratis.util.TimeDuration.sleep(TimeDuration.java:309)
	at org.apache.ratis.server.impl.FollowerState.run(FollowerState.java:118)
2022-01-02 13:18:00,170 [grpc-default-executor-1] INFO  server.RaftServer$Division (RaftServerImpl.java:requestVote(1078)) - 07a6759e-563e-4423-80ed-ce00ebedab03@group-FCC823D1752E replies to ELECTION vote request: 07c4551c-5eaf-48e0-b21d-d7eec408612b<-07a6759e-563e-4423-80ed-ce00ebedab03#0:FAIL-t5. Peer's state: 07a6759e-563e-4423-80ed-ce00ebedab03@group-FCC823D1752E:t5, leader=null, voted=null, raftlog=07a6759e-563e-4423-80ed-ce00ebedab03@group-FCC823D1752E-SegmentedRaftLog:OPENED:c-1, conf=-1: [07c4551c-5eaf-48e0-b21d-d7eec408612b|rpc:127.0.0.1:41023|priority:0, 07a6759e-563e-4423-80ed-ce00ebedab03|rpc:127.0.0.1:43531|priority:1, 666cbc02-cfaa-4937-bb27-8c807157e922|rpc:127.0.0.1:45001|priority:0], old=null
2022-01-02 13:18:00,174 [grpc-default-executor-0] INFO  server.RaftServer$Division (RaftServerImpl.java:requestVote(1078)) - 666cbc02-cfaa-4937-bb27-8c807157e922@group-FCC823D1752E replies to ELECTION vote request: 07c4551c-5eaf-48e0-b21d-d7eec408612b<-666cbc02-cfaa-4937-bb27-8c807157e922#0:OK-t5. Peer's state: 666cbc02-cfaa-4937-bb27-8c807157e922@group-FCC823D1752E:t5, leader=null, voted=07c4551c-5eaf-48e0-b21d-d7eec408612b, raftlog=666cbc02-cfaa-4937-bb27-8c807157e922@group-FCC823D1752E-SegmentedRaftLog:OPENED:c-1, conf=-1: [07c4551c-5eaf-48e0-b21d-d7eec408612b|rpc:127.0.0.1:41023|priority:0, 07a6759e-563e-4423-80ed-ce00ebedab03|rpc:127.0.0.1:43531|priority:1, 666cbc02-cfaa-4937-bb27-8c807157e922|rpc:127.0.0.1:45001|priority:0], old=null
2022-01-02 13:18:00,177 [07c4551c-5eaf-48e0-b21d-d7eec408612b@group-FCC823D1752E-LeaderElection32] INFO  impl.LeaderElection (LeaderElection.java:logAndReturn(89)) - 07c4551c-5eaf-48e0-b21d-d7eec408612b@group-FCC823D1752E-LeaderElection32: ELECTION REJECTED received 2 response(s) and 0 exception(s):
2022-01-02 13:18:00,177 [07c4551c-5eaf-48e0-b21d-d7eec408612b@group-FCC823D1752E-LeaderElection32] INFO  impl.LeaderElection (LeaderElection.java:logAndReturn(93)) -   Response 0: 07c4551c-5eaf-48e0-b21d-d7eec408612b<-07a6759e-563e-4423-80ed-ce00ebedab03#0:FAIL-t5
2022-01-02 13:18:00,177 [07c4551c-5eaf-48e0-b21d-d7eec408612b@group-FCC823D1752E-LeaderElection32] INFO  impl.LeaderElection (LeaderElection.java:logAndReturn(93)) -   Response 1: 07c4551c-5eaf-48e0-b21d-d7eec408612b<-666cbc02-cfaa-4937-bb27-8c807157e922#0:OK-t5
2022-01-02 13:18:00,178 [07c4551c-5eaf-48e0-b21d-d7eec408612b@group-FCC823D1752E-LeaderElection32] INFO  impl.LeaderElection (LeaderElection.java:askForVotes(308)) - 07c4551c-5eaf-48e0-b21d-d7eec408612b@group-FCC823D1752E-LeaderElection32 ELECTION round 0: result REJECTED
2022-01-02 13:18:00,178 [07c4551c-5eaf-48e0-b21d-d7eec408612b@group-FCC823D1752E-LeaderElection32] INFO  server.RaftServer$Division (RaftServerImpl.java:setRole(290)) - 07c4551c-5eaf-48e0-b21d-d7eec408612b@group-FCC823D1752E: changes role from CANDIDATE to FOLLOWER at term 5 for REJECTED
2022-01-02 13:18:00,178 [07c4551c-5eaf-48e0-b21d-d7eec408612b@group-FCC823D1752E-LeaderElection32] INFO  impl.RoleInfo (RoleInfo.java:shutdownLeaderElection(121)) - 07c4551c-5eaf-48e0-b21d-d7eec408612b: shutdown 07c4551c-5eaf-48e0-b21d-d7eec408612b@group-FCC823D1752E-LeaderElection32
2022-01-02 13:18:00,178 [07c4551c-5eaf-48e0-b21d-d7eec408612b@group-FCC823D1752E-LeaderElection32] INFO  impl.RoleInfo (RoleInfo.java:updateAndGet(130)) - 07c4551c-5eaf-48e0-b21d-d7eec408612b: start 07c4551c-5eaf-48e0-b21d-d7eec408612b@group-FCC823D1752E-FollowerState
2022-01-02 13:18:00,202 [EndpointStateMachine task thread for /127.0.0.1:15005 - 0 ] INFO  ipc.Client (Client.java:handleConnectionFailure(977)) - Retrying connect to server: localhost/127.0.0.1:15005. Already tried 13 time(s); retry policy is RetryUpToMaximumCountWithFixedSleep(maxRetries=15, sleepTime=1000 MILLISECONDS)
2022-01-02 13:18:00,207 [EndpointStateMachine task thread for /127.0.0.1:14995 - 0 ] INFO  ipc.Client (Client.java:handleConnectionFailure(977)) - Retrying connect to server: localhost/127.0.0.1:14995. Already tried 10 time(s); retry policy is RetryUpToMaximumCountWithFixedSleep(maxRetries=15, sleepTime=1000 MILLISECONDS)
2022-01-02 13:18:00,232 [EndpointStateMachine task thread for /127.0.0.1:14985 - 0 ] INFO  ipc.Client (Client.java:handleConnectionFailure(977)) - Retrying connect to server: localhost/127.0.0.1:14985. Already tried 13 time(s); retry policy is RetryUpToMaximumCountWithFixedSleep(maxRetries=15, sleepTime=1000 MILLISECONDS)
2022-01-02 13:18:00,278 [Datanode State Machine Daemon Thread] ERROR datanode.RunningDatanodeState (RunningDatanodeState.java:computeNextContainerState(199)) - Error in executing end point task.
java.util.concurrent.ExecutionException: java.util.concurrent.TimeoutException
	at java.util.concurrent.FutureTask.report(FutureTask.java:122)
	at java.util.concurrent.FutureTask.get(FutureTask.java:192)
	at org.apache.hadoop.ozone.container.common.states.datanode.RunningDatanodeState.computeNextContainerState(RunningDatanodeState.java:191)
	at org.apache.hadoop.ozone.container.common.states.datanode.RunningDatanodeState.await(RunningDatanodeState.java:231)
	at org.apache.hadoop.ozone.container.common.states.datanode.RunningDatanodeState.await(RunningDatanodeState.java:50)
	at org.apache.hadoop.ozone.container.common.statemachine.StateContext.execute(StateContext.java:633)
	at org.apache.hadoop.ozone.container.common.statemachine.DatanodeStateMachine.start(DatanodeStateMachine.java:280)
	at org.apache.hadoop.ozone.container.common.statemachine.DatanodeStateMachine.lambda$startDaemon$0(DatanodeStateMachine.java:468)
	at java.lang.Thread.run(Thread.java:748)
Caused by: java.util.concurrent.TimeoutException
	at java.util.concurrent.FutureTask.get(FutureTask.java:205)
	at org.apache.hadoop.ozone.container.common.states.datanode.RunningDatanodeState.lambda$execute$0(RunningDatanodeState.java:149)
	at java.util.concurrent.FutureTask.run(FutureTask.java:266)
	at java.util.concurrent.Executors$RunnableAdapter.call(Executors.java:511)
	at java.util.concurrent.FutureTask.run(FutureTask.java:266)
	at java.util.concurrent.ThreadPoolExecutor.runWorker(ThreadPoolExecutor.java:1149)
	at java.util.concurrent.ThreadPoolExecutor$Worker.run(ThreadPoolExecutor.java:624)
	... 1 more
2022-01-02 13:18:00,959 [Listener at 127.0.0.1/11096] INFO  ozone.MiniOzoneClusterImpl (MiniOzoneClusterImpl.java:lambda$waitForClusterToBeReady$0(235)) - Nodes are ready. Got 3 of 3 DN Heartbeats.
2022-01-02 13:18:00,959 [Listener at 127.0.0.1/11096] INFO  ozone.MiniOzoneClusterImpl (MiniOzoneClusterImpl.java:lambda$waitForClusterToBeReady$0(238)) - Waiting for cluster to exit safe mode
2022-01-02 13:18:00,959 [Listener at 127.0.0.1/11096] INFO  ozone.MiniOzoneClusterImpl (MiniOzoneClusterImpl.java:lambda$waitForClusterToBeReady$0(240)) - SCM became leader
2022-01-02 13:18:01,158 [Datanode State Machine Daemon Thread] ERROR datanode.RunningDatanodeState (RunningDatanodeState.java:computeNextContainerState(199)) - Error in executing end point task.
java.util.concurrent.ExecutionException: java.util.concurrent.TimeoutException
	at java.util.concurrent.FutureTask.report(FutureTask.java:122)
	at java.util.concurrent.FutureTask.get(FutureTask.java:192)
	at org.apache.hadoop.ozone.container.common.states.datanode.RunningDatanodeState.computeNextContainerState(RunningDatanodeState.java:191)
	at org.apache.hadoop.ozone.container.common.states.datanode.RunningDatanodeState.await(RunningDatanodeState.java:231)
	at org.apache.hadoop.ozone.container.common.states.datanode.RunningDatanodeState.await(RunningDatanodeState.java:50)
	at org.apache.hadoop.ozone.container.common.statemachine.StateContext.execute(StateContext.java:633)
	at org.apache.hadoop.ozone.container.common.statemachine.DatanodeStateMachine.start(DatanodeStateMachine.java:280)
	at org.apache.hadoop.ozone.container.common.statemachine.DatanodeStateMachine.lambda$startDaemon$0(DatanodeStateMachine.java:468)
	at java.lang.Thread.run(Thread.java:748)
Caused by: java.util.concurrent.TimeoutException
	at java.util.concurrent.FutureTask.get(FutureTask.java:205)
	at org.apache.hadoop.ozone.container.common.states.datanode.RunningDatanodeState.lambda$execute$0(RunningDatanodeState.java:149)
	at java.util.concurrent.FutureTask.run(FutureTask.java:266)
	at java.util.concurrent.Executors$RunnableAdapter.call(Executors.java:511)
	at java.util.concurrent.FutureTask.run(FutureTask.java:266)
	at java.util.concurrent.ThreadPoolExecutor.runWorker(ThreadPoolExecutor.java:1149)
	at java.util.concurrent.ThreadPoolExecutor$Worker.run(ThreadPoolExecutor.java:624)
	... 1 more
2022-01-02 13:18:01,202 [EndpointStateMachine task thread for /127.0.0.1:15005 - 0 ] INFO  ipc.Client (Client.java:handleConnectionFailure(977)) - Retrying connect to server: localhost/127.0.0.1:15005. Already tried 14 time(s); retry policy is RetryUpToMaximumCountWithFixedSleep(maxRetries=15, sleepTime=1000 MILLISECONDS)
2022-01-02 13:18:01,207 [EndpointStateMachine task thread for /127.0.0.1:14995 - 0 ] INFO  ipc.Client (Client.java:handleConnectionFailure(977)) - Retrying connect to server: localhost/127.0.0.1:14995. Already tried 11 time(s); retry policy is RetryUpToMaximumCountWithFixedSleep(maxRetries=15, sleepTime=1000 MILLISECONDS)
2022-01-02 13:18:01,232 [EndpointStateMachine task thread for /127.0.0.1:14985 - 0 ] INFO  ipc.Client (Client.java:handleConnectionFailure(977)) - Retrying connect to server: localhost/127.0.0.1:14985. Already tried 14 time(s); retry policy is RetryUpToMaximumCountWithFixedSleep(maxRetries=15, sleepTime=1000 MILLISECONDS)
2022-01-02 13:18:01,233 [EndpointStateMachine task thread for /127.0.0.1:14985 - 0 ] WARN  statemachine.EndpointStateMachine (EndpointStateMachine.java:logIfNeeded(236)) - Unable to communicate to SCM server at localhost:14985 for past 0 seconds.
java.net.ConnectException: Call From fv-az195-8/10.1.0.22 to localhost:14985 failed on connection exception: java.net.ConnectException: Connection refused; For more details see:  http://wiki.apache.org/hadoop/ConnectionRefused
	at sun.reflect.GeneratedConstructorAccessor43.newInstance(Unknown Source)
	at sun.reflect.DelegatingConstructorAccessorImpl.newInstance(DelegatingConstructorAccessorImpl.java:45)
	at java.lang.reflect.Constructor.newInstance(Constructor.java:423)
	at org.apache.hadoop.net.NetUtils.wrapWithMessage(NetUtils.java:913)
	at org.apache.hadoop.net.NetUtils.wrapException(NetUtils.java:828)
	at org.apache.hadoop.ipc.Client.getRpcResponse(Client.java:1577)
	at org.apache.hadoop.ipc.Client.call(Client.java:1519)
	at org.apache.hadoop.ipc.Client.call(Client.java:1416)
	at org.apache.hadoop.ipc.ProtobufRpcEngine$Invoker.invoke(ProtobufRpcEngine.java:236)
	at org.apache.hadoop.ipc.ProtobufRpcEngine$Invoker.invoke(ProtobufRpcEngine.java:123)
	at com.sun.proxy.$Proxy48.submitRequest(Unknown Source)
	at org.apache.hadoop.ozone.protocolPB.StorageContainerDatanodeProtocolClientSideTranslatorPB.submitRequest(StorageContainerDatanodeProtocolClientSideTranslatorPB.java:117)
	at org.apache.hadoop.ozone.protocolPB.StorageContainerDatanodeProtocolClientSideTranslatorPB.sendHeartbeat(StorageContainerDatanodeProtocolClientSideTranslatorPB.java:149)
	at org.apache.hadoop.ozone.container.common.states.endpoint.HeartbeatEndpointTask.call(HeartbeatEndpointTask.java:179)
	at org.apache.hadoop.ozone.container.common.states.endpoint.HeartbeatEndpointTask.call(HeartbeatEndpointTask.java:82)
	at java.util.concurrent.FutureTask.run(FutureTask.java:266)
	at java.util.concurrent.ThreadPoolExecutor.runWorker(ThreadPoolExecutor.java:1149)
	at java.util.concurrent.ThreadPoolExecutor$Worker.run(ThreadPoolExecutor.java:624)
	at java.lang.Thread.run(Thread.java:748)
Caused by: java.net.ConnectException: Connection refused
	at sun.nio.ch.SocketChannelImpl.checkConnect(Native Method)
	at sun.nio.ch.SocketChannelImpl.finishConnect(SocketChannelImpl.java:716)
	at org.apache.hadoop.net.SocketIOWithTimeout.connect(SocketIOWithTimeout.java:206)
	at org.apache.hadoop.net.NetUtils.connect(NetUtils.java:586)
	at org.apache.hadoop.ipc.Client$Connection.setupConnection(Client.java:701)
	at org.apache.hadoop.ipc.Client$Connection.setupIOstreams(Client.java:822)
	at org.apache.hadoop.ipc.Client$Connection.access$3800(Client.java:414)
	at org.apache.hadoop.ipc.Client.getConnection(Client.java:1647)
	at org.apache.hadoop.ipc.Client.call(Client.java:1463)
	... 12 more
2022-01-02 13:18:01,959 [Listener at 127.0.0.1/11096] INFO  ozone.MiniOzoneClusterImpl (MiniOzoneClusterImpl.java:lambda$waitForClusterToBeReady$0(235)) - Nodes are ready. Got 3 of 3 DN Heartbeats.
2022-01-02 13:18:01,960 [Listener at 127.0.0.1/11096] INFO  ozone.MiniOzoneClusterImpl (MiniOzoneClusterImpl.java:lambda$waitForClusterToBeReady$0(238)) - Waiting for cluster to exit safe mode
2022-01-02 13:18:01,960 [Listener at 127.0.0.1/11096] INFO  ozone.MiniOzoneClusterImpl (MiniOzoneClusterImpl.java:lambda$waitForClusterToBeReady$0(240)) - SCM became leader
2022-01-02 13:18:02,203 [EndpointStateMachine task thread for /127.0.0.1:15005 - 0 ] INFO  ipc.Client (Client.java:handleConnectionFailure(977)) - Retrying connect to server: localhost/127.0.0.1:15005. Already tried 0 time(s); retry policy is RetryUpToMaximumCountWithFixedSleep(maxRetries=15, sleepTime=1000 MILLISECONDS)
2022-01-02 13:18:02,207 [EndpointStateMachine task thread for /127.0.0.1:14995 - 0 ] INFO  ipc.Client (Client.java:handleConnectionFailure(977)) - Retrying connect to server: localhost/127.0.0.1:14995. Already tried 12 time(s); retry policy is RetryUpToMaximumCountWithFixedSleep(maxRetries=15, sleepTime=1000 MILLISECONDS)
2022-01-02 13:18:02,233 [EndpointStateMachine task thread for /127.0.0.1:14985 - 0 ] INFO  ipc.Client (Client.java:handleConnectionFailure(977)) - Retrying connect to server: localhost/127.0.0.1:14985. Already tried 0 time(s); retry policy is RetryUpToMaximumCountWithFixedSleep(maxRetries=15, sleepTime=1000 MILLISECONDS)
2022-01-02 13:18:02,960 [Listener at 127.0.0.1/11096] INFO  ozone.MiniOzoneClusterImpl (MiniOzoneClusterImpl.java:lambda$waitForClusterToBeReady$0(235)) - Nodes are ready. Got 3 of 3 DN Heartbeats.
2022-01-02 13:18:02,960 [Listener at 127.0.0.1/11096] INFO  ozone.MiniOzoneClusterImpl (MiniOzoneClusterImpl.java:lambda$waitForClusterToBeReady$0(238)) - Waiting for cluster to exit safe mode
2022-01-02 13:18:02,960 [Listener at 127.0.0.1/11096] INFO  ozone.MiniOzoneClusterImpl (MiniOzoneClusterImpl.java:lambda$waitForClusterToBeReady$0(240)) - SCM became leader
2022-01-02 13:18:03,159 [Datanode State Machine Daemon Thread] ERROR datanode.RunningDatanodeState (RunningDatanodeState.java:computeNextContainerState(199)) - Error in executing end point task.
java.util.concurrent.ExecutionException: java.util.concurrent.TimeoutException
	at java.util.concurrent.FutureTask.report(FutureTask.java:122)
	at java.util.concurrent.FutureTask.get(FutureTask.java:192)
	at org.apache.hadoop.ozone.container.common.states.datanode.RunningDatanodeState.computeNextContainerState(RunningDatanodeState.java:191)
	at org.apache.hadoop.ozone.container.common.states.datanode.RunningDatanodeState.await(RunningDatanodeState.java:231)
	at org.apache.hadoop.ozone.container.common.states.datanode.RunningDatanodeState.await(RunningDatanodeState.java:50)
	at org.apache.hadoop.ozone.container.common.statemachine.StateContext.execute(StateContext.java:633)
	at org.apache.hadoop.ozone.container.common.statemachine.DatanodeStateMachine.start(DatanodeStateMachine.java:280)
	at org.apache.hadoop.ozone.container.common.statemachine.DatanodeStateMachine.lambda$startDaemon$0(DatanodeStateMachine.java:468)
	at java.lang.Thread.run(Thread.java:748)
Caused by: java.util.concurrent.TimeoutException
	at java.util.concurrent.FutureTask.get(FutureTask.java:205)
	at org.apache.hadoop.ozone.container.common.states.datanode.RunningDatanodeState.lambda$execute$0(RunningDatanodeState.java:149)
	at java.util.concurrent.FutureTask.run(FutureTask.java:266)
	at java.util.concurrent.Executors$RunnableAdapter.call(Executors.java:511)
	at java.util.concurrent.FutureTask.run(FutureTask.java:266)
	at java.util.concurrent.ThreadPoolExecutor.runWorker(ThreadPoolExecutor.java:1149)
	at java.util.concurrent.ThreadPoolExecutor$Worker.run(ThreadPoolExecutor.java:624)
	... 1 more
2022-01-02 13:18:03,204 [EndpointStateMachine task thread for /127.0.0.1:15005 - 0 ] INFO  ipc.Client (Client.java:handleConnectionFailure(977)) - Retrying connect to server: localhost/127.0.0.1:15005. Already tried 1 time(s); retry policy is RetryUpToMaximumCountWithFixedSleep(maxRetries=15, sleepTime=1000 MILLISECONDS)
2022-01-02 13:18:03,208 [EndpointStateMachine task thread for /127.0.0.1:14995 - 0 ] INFO  ipc.Client (Client.java:handleConnectionFailure(977)) - Retrying connect to server: localhost/127.0.0.1:14995. Already tried 13 time(s); retry policy is RetryUpToMaximumCountWithFixedSleep(maxRetries=15, sleepTime=1000 MILLISECONDS)
2022-01-02 13:18:03,234 [EndpointStateMachine task thread for /127.0.0.1:14985 - 0 ] INFO  ipc.Client (Client.java:handleConnectionFailure(977)) - Retrying connect to server: localhost/127.0.0.1:14985. Already tried 1 time(s); retry policy is RetryUpToMaximumCountWithFixedSleep(maxRetries=15, sleepTime=1000 MILLISECONDS)
2022-01-02 13:18:03,726 [Datanode State Machine Daemon Thread] ERROR datanode.RunningDatanodeState (RunningDatanodeState.java:computeNextContainerState(199)) - Error in executing end point task.
java.util.concurrent.ExecutionException: java.util.concurrent.TimeoutException
	at java.util.concurrent.FutureTask.report(FutureTask.java:122)
	at java.util.concurrent.FutureTask.get(FutureTask.java:192)
	at org.apache.hadoop.ozone.container.common.states.datanode.RunningDatanodeState.computeNextContainerState(RunningDatanodeState.java:191)
	at org.apache.hadoop.ozone.container.common.states.datanode.RunningDatanodeState.await(RunningDatanodeState.java:231)
	at org.apache.hadoop.ozone.container.common.states.datanode.RunningDatanodeState.await(RunningDatanodeState.java:50)
	at org.apache.hadoop.ozone.container.common.statemachine.StateContext.execute(StateContext.java:633)
	at org.apache.hadoop.ozone.container.common.statemachine.DatanodeStateMachine.start(DatanodeStateMachine.java:280)
	at org.apache.hadoop.ozone.container.common.statemachine.DatanodeStateMachine.lambda$startDaemon$0(DatanodeStateMachine.java:468)
	at java.lang.Thread.run(Thread.java:748)
Caused by: java.util.concurrent.TimeoutException
	at java.util.concurrent.FutureTask.get(FutureTask.java:205)
	at org.apache.hadoop.ozone.container.common.states.datanode.RunningDatanodeState.lambda$execute$0(RunningDatanodeState.java:149)
	at java.util.concurrent.FutureTask.run(FutureTask.java:266)
	at java.util.concurrent.Executors$RunnableAdapter.call(Executors.java:511)
	at java.util.concurrent.FutureTask.run(FutureTask.java:266)
	at java.util.concurrent.ThreadPoolExecutor.runWorker(ThreadPoolExecutor.java:1149)
	at java.util.concurrent.ThreadPoolExecutor$Worker.run(ThreadPoolExecutor.java:624)
	... 1 more
2022-01-02 13:18:03,961 [Listener at 127.0.0.1/11096] INFO  ozone.MiniOzoneClusterImpl (MiniOzoneClusterImpl.java:lambda$waitForClusterToBeReady$0(235)) - Nodes are ready. Got 3 of 3 DN Heartbeats.
2022-01-02 13:18:03,961 [Listener at 127.0.0.1/11096] INFO  ozone.MiniOzoneClusterImpl (MiniOzoneClusterImpl.java:lambda$waitForClusterToBeReady$0(238)) - Waiting for cluster to exit safe mode
2022-01-02 13:18:03,961 [Listener at 127.0.0.1/11096] INFO  ozone.MiniOzoneClusterImpl (MiniOzoneClusterImpl.java:lambda$waitForClusterToBeReady$0(240)) - SCM became leader
2022-01-02 13:18:04,204 [EndpointStateMachine task thread for /127.0.0.1:15005 - 0 ] INFO  ipc.Client (Client.java:handleConnectionFailure(977)) - Retrying connect to server: localhost/127.0.0.1:15005. Already tried 2 time(s); retry policy is RetryUpToMaximumCountWithFixedSleep(maxRetries=15, sleepTime=1000 MILLISECONDS)
2022-01-02 13:18:04,208 [EndpointStateMachine task thread for /127.0.0.1:14995 - 0 ] INFO  ipc.Client (Client.java:handleConnectionFailure(977)) - Retrying connect to server: localhost/127.0.0.1:14995. Already tried 14 time(s); retry policy is RetryUpToMaximumCountWithFixedSleep(maxRetries=15, sleepTime=1000 MILLISECONDS)
2022-01-02 13:18:04,234 [EndpointStateMachine task thread for /127.0.0.1:14985 - 0 ] INFO  ipc.Client (Client.java:handleConnectionFailure(977)) - Retrying connect to server: localhost/127.0.0.1:14985. Already tried 2 time(s); retry policy is RetryUpToMaximumCountWithFixedSleep(maxRetries=15, sleepTime=1000 MILLISECONDS)
2022-01-02 13:18:04,907 [07a6759e-563e-4423-80ed-ce00ebedab03@group-D8195C25E6F5-FollowerState] INFO  impl.FollowerState (FollowerState.java:run(134)) - 07a6759e-563e-4423-80ed-ce00ebedab03@group-D8195C25E6F5-FollowerState: change to CANDIDATE, lastRpcElapsedTime:5062431312ns, electionTimeout:5057ms
2022-01-02 13:18:04,907 [07a6759e-563e-4423-80ed-ce00ebedab03@group-D8195C25E6F5-FollowerState] INFO  impl.RoleInfo (RoleInfo.java:shutdownFollowerState(108)) - 07a6759e-563e-4423-80ed-ce00ebedab03: shutdown 07a6759e-563e-4423-80ed-ce00ebedab03@group-D8195C25E6F5-FollowerState
2022-01-02 13:18:04,907 [07a6759e-563e-4423-80ed-ce00ebedab03@group-D8195C25E6F5-FollowerState] INFO  server.RaftServer$Division (RaftServerImpl.java:setRole(290)) - 07a6759e-563e-4423-80ed-ce00ebedab03@group-D8195C25E6F5: changes role from  FOLLOWER to CANDIDATE at term 5 for changeToCandidate
2022-01-02 13:18:04,907 [07a6759e-563e-4423-80ed-ce00ebedab03@group-D8195C25E6F5-FollowerState] INFO  server.RaftServerConfigKeys (ConfUtils.java:logGet(44)) - raft.server.leaderelection.pre-vote = false (custom)
2022-01-02 13:18:04,907 [07a6759e-563e-4423-80ed-ce00ebedab03@group-D8195C25E6F5-FollowerState] INFO  impl.RoleInfo (RoleInfo.java:updateAndGet(130)) - 07a6759e-563e-4423-80ed-ce00ebedab03: start 07a6759e-563e-4423-80ed-ce00ebedab03@group-D8195C25E6F5-LeaderElection33
2022-01-02 13:18:04,923 [07a6759e-563e-4423-80ed-ce00ebedab03@group-D8195C25E6F5-LeaderElection33] INFO  impl.LeaderElection (LeaderElection.java:askForVotes(306)) - 07a6759e-563e-4423-80ed-ce00ebedab03@group-D8195C25E6F5-LeaderElection33 ELECTION round 0: submit vote requests at term 6 for -1: [07c4551c-5eaf-48e0-b21d-d7eec408612b|rpc:127.0.0.1:41023|priority:0, 07a6759e-563e-4423-80ed-ce00ebedab03|rpc:127.0.0.1:43531|priority:0, 666cbc02-cfaa-4937-bb27-8c807157e922|rpc:127.0.0.1:45001|priority:1], old=null
2022-01-02 13:18:04,939 [grpc-default-executor-0] INFO  server.RaftServer$Division (RaftServerImpl.java:requestVote(1046)) - 07c4551c-5eaf-48e0-b21d-d7eec408612b@group-D8195C25E6F5: receive requestVote(ELECTION, 07a6759e-563e-4423-80ed-ce00ebedab03, group-D8195C25E6F5, 6, (t:0, i:0))
2022-01-02 13:18:04,939 [grpc-default-executor-0] INFO  impl.VoteContext (VoteContext.java:log(48)) - 07c4551c-5eaf-48e0-b21d-d7eec408612b@group-D8195C25E6F5-FOLLOWER: accept ELECTION from 07a6759e-563e-4423-80ed-ce00ebedab03: our priority 0 <= candidate's priority 0
2022-01-02 13:18:04,939 [grpc-default-executor-0] INFO  server.RaftServer$Division (RaftServerImpl.java:setRole(290)) - 07c4551c-5eaf-48e0-b21d-d7eec408612b@group-D8195C25E6F5: changes role from  FOLLOWER to FOLLOWER at term 6 for candidate:07a6759e-563e-4423-80ed-ce00ebedab03
2022-01-02 13:18:04,939 [grpc-default-executor-0] INFO  impl.RoleInfo (RoleInfo.java:shutdownFollowerState(108)) - 07c4551c-5eaf-48e0-b21d-d7eec408612b: shutdown 07c4551c-5eaf-48e0-b21d-d7eec408612b@group-D8195C25E6F5-FollowerState
2022-01-02 13:18:04,939 [07c4551c-5eaf-48e0-b21d-d7eec408612b@group-D8195C25E6F5-FollowerState] INFO  impl.FollowerState (FollowerState.java:run(143)) - 07c4551c-5eaf-48e0-b21d-d7eec408612b@group-D8195C25E6F5-FollowerState was interrupted: {}
java.lang.InterruptedException: sleep interrupted
	at java.lang.Thread.sleep(Native Method)
	at java.lang.Thread.sleep(Thread.java:340)
	at java.util.concurrent.TimeUnit.sleep(TimeUnit.java:386)
	at org.apache.ratis.util.TimeDuration.sleep(TimeDuration.java:324)
	at org.apache.ratis.util.TimeDuration.sleep(TimeDuration.java:309)
	at org.apache.ratis.server.impl.FollowerState.run(FollowerState.java:118)
2022-01-02 13:18:04,939 [grpc-default-executor-0] INFO  impl.RoleInfo (RoleInfo.java:updateAndGet(130)) - 07c4551c-5eaf-48e0-b21d-d7eec408612b: start 07c4551c-5eaf-48e0-b21d-d7eec408612b@group-D8195C25E6F5-FollowerState
2022-01-02 13:18:04,954 [grpc-default-executor-0] INFO  server.RaftServer$Division (RaftServerImpl.java:requestVote(1078)) - 07c4551c-5eaf-48e0-b21d-d7eec408612b@group-D8195C25E6F5 replies to ELECTION vote request: 07a6759e-563e-4423-80ed-ce00ebedab03<-07c4551c-5eaf-48e0-b21d-d7eec408612b#0:OK-t6. Peer's state: 07c4551c-5eaf-48e0-b21d-d7eec408612b@group-D8195C25E6F5:t6, leader=null, voted=07a6759e-563e-4423-80ed-ce00ebedab03, raftlog=07c4551c-5eaf-48e0-b21d-d7eec408612b@group-D8195C25E6F5-SegmentedRaftLog:OPENED:c-1, conf=-1: [07c4551c-5eaf-48e0-b21d-d7eec408612b|rpc:127.0.0.1:41023|dataStream:|priority:0, 07a6759e-563e-4423-80ed-ce00ebedab03|rpc:127.0.0.1:43531|dataStream:|priority:0, 666cbc02-cfaa-4937-bb27-8c807157e922|rpc:127.0.0.1:45001|dataStream:|priority:1], old=null
2022-01-02 13:18:04,960 [grpc-default-executor-0] INFO  server.RaftServer$Division (RaftServerImpl.java:requestVote(1046)) - 666cbc02-cfaa-4937-bb27-8c807157e922@group-D8195C25E6F5: receive requestVote(ELECTION, 07a6759e-563e-4423-80ed-ce00ebedab03, group-D8195C25E6F5, 6, (t:0, i:0))
2022-01-02 13:18:04,960 [grpc-default-executor-0] INFO  impl.VoteContext (VoteContext.java:log(48)) - 666cbc02-cfaa-4937-bb27-8c807157e922@group-D8195C25E6F5-FOLLOWER: reject ELECTION from 07a6759e-563e-4423-80ed-ce00ebedab03: our priority 1 > candidate's priority 0
2022-01-02 13:18:04,960 [grpc-default-executor-0] INFO  server.RaftServer$Division (RaftServerImpl.java:setRole(290)) - 666cbc02-cfaa-4937-bb27-8c807157e922@group-D8195C25E6F5: changes role from  FOLLOWER to FOLLOWER at term 6 for candidate:07a6759e-563e-4423-80ed-ce00ebedab03
2022-01-02 13:18:04,960 [grpc-default-executor-0] INFO  impl.RoleInfo (RoleInfo.java:shutdownFollowerState(108)) - 666cbc02-cfaa-4937-bb27-8c807157e922: shutdown 666cbc02-cfaa-4937-bb27-8c807157e922@group-D8195C25E6F5-FollowerState
2022-01-02 13:18:04,960 [grpc-default-executor-0] INFO  impl.RoleInfo (RoleInfo.java:updateAndGet(130)) - 666cbc02-cfaa-4937-bb27-8c807157e922: start 666cbc02-cfaa-4937-bb27-8c807157e922@group-D8195C25E6F5-FollowerState
2022-01-02 13:18:04,960 [666cbc02-cfaa-4937-bb27-8c807157e922@group-D8195C25E6F5-FollowerState] INFO  impl.FollowerState (FollowerState.java:run(143)) - 666cbc02-cfaa-4937-bb27-8c807157e922@group-D8195C25E6F5-FollowerState was interrupted: {}
java.lang.InterruptedException: sleep interrupted
	at java.lang.Thread.sleep(Native Method)
	at java.lang.Thread.sleep(Thread.java:340)
	at java.util.concurrent.TimeUnit.sleep(TimeUnit.java:386)
	at org.apache.ratis.util.TimeDuration.sleep(TimeDuration.java:324)
	at org.apache.ratis.util.TimeDuration.sleep(TimeDuration.java:309)
	at org.apache.ratis.server.impl.FollowerState.run(FollowerState.java:118)
2022-01-02 13:18:04,961 [Listener at 127.0.0.1/11096] INFO  ozone.MiniOzoneClusterImpl (MiniOzoneClusterImpl.java:lambda$waitForClusterToBeReady$0(235)) - Nodes are ready. Got 3 of 3 DN Heartbeats.
2022-01-02 13:18:04,962 [Listener at 127.0.0.1/11096] INFO  ozone.MiniOzoneClusterImpl (MiniOzoneClusterImpl.java:lambda$waitForClusterToBeReady$0(238)) - Waiting for cluster to exit safe mode
2022-01-02 13:18:04,962 [Listener at 127.0.0.1/11096] INFO  ozone.MiniOzoneClusterImpl (MiniOzoneClusterImpl.java:lambda$waitForClusterToBeReady$0(240)) - SCM became leader
2022-01-02 13:18:04,971 [grpc-default-executor-0] INFO  server.RaftServer$Division (RaftServerImpl.java:requestVote(1078)) - 666cbc02-cfaa-4937-bb27-8c807157e922@group-D8195C25E6F5 replies to ELECTION vote request: 07a6759e-563e-4423-80ed-ce00ebedab03<-666cbc02-cfaa-4937-bb27-8c807157e922#0:FAIL-t6. Peer's state: 666cbc02-cfaa-4937-bb27-8c807157e922@group-D8195C25E6F5:t6, leader=null, voted=null, raftlog=666cbc02-cfaa-4937-bb27-8c807157e922@group-D8195C25E6F5-SegmentedRaftLog:OPENED:c-1, conf=-1: [07c4551c-5eaf-48e0-b21d-d7eec408612b|rpc:127.0.0.1:41023|dataStream:|priority:0, 07a6759e-563e-4423-80ed-ce00ebedab03|rpc:127.0.0.1:43531|dataStream:|priority:0, 666cbc02-cfaa-4937-bb27-8c807157e922|rpc:127.0.0.1:45001|dataStream:|priority:1], old=null
2022-01-02 13:18:04,972 [07a6759e-563e-4423-80ed-ce00ebedab03@group-D8195C25E6F5-LeaderElection33] INFO  impl.LeaderElection (LeaderElection.java:logAndReturn(89)) - 07a6759e-563e-4423-80ed-ce00ebedab03@group-D8195C25E6F5-LeaderElection33: ELECTION REJECTED received 2 response(s) and 0 exception(s):
2022-01-02 13:18:04,972 [07a6759e-563e-4423-80ed-ce00ebedab03@group-D8195C25E6F5-LeaderElection33] INFO  impl.LeaderElection (LeaderElection.java:logAndReturn(93)) -   Response 0: 07a6759e-563e-4423-80ed-ce00ebedab03<-07c4551c-5eaf-48e0-b21d-d7eec408612b#0:OK-t6
2022-01-02 13:18:04,972 [07a6759e-563e-4423-80ed-ce00ebedab03@group-D8195C25E6F5-LeaderElection33] INFO  impl.LeaderElection (LeaderElection.java:logAndReturn(93)) -   Response 1: 07a6759e-563e-4423-80ed-ce00ebedab03<-666cbc02-cfaa-4937-bb27-8c807157e922#0:FAIL-t6
2022-01-02 13:18:04,972 [07a6759e-563e-4423-80ed-ce00ebedab03@group-D8195C25E6F5-LeaderElection33] INFO  impl.LeaderElection (LeaderElection.java:askForVotes(308)) - 07a6759e-563e-4423-80ed-ce00ebedab03@group-D8195C25E6F5-LeaderElection33 ELECTION round 0: result REJECTED
2022-01-02 13:18:04,972 [07a6759e-563e-4423-80ed-ce00ebedab03@group-D8195C25E6F5-LeaderElection33] INFO  server.RaftServer$Division (RaftServerImpl.java:setRole(290)) - 07a6759e-563e-4423-80ed-ce00ebedab03@group-D8195C25E6F5: changes role from CANDIDATE to FOLLOWER at term 6 for REJECTED
2022-01-02 13:18:04,972 [07a6759e-563e-4423-80ed-ce00ebedab03@group-D8195C25E6F5-LeaderElection33] INFO  impl.RoleInfo (RoleInfo.java:shutdownLeaderElection(121)) - 07a6759e-563e-4423-80ed-ce00ebedab03: shutdown 07a6759e-563e-4423-80ed-ce00ebedab03@group-D8195C25E6F5-LeaderElection33
2022-01-02 13:18:04,972 [07a6759e-563e-4423-80ed-ce00ebedab03@group-D8195C25E6F5-LeaderElection33] INFO  impl.RoleInfo (RoleInfo.java:updateAndGet(130)) - 07a6759e-563e-4423-80ed-ce00ebedab03: start 07a6759e-563e-4423-80ed-ce00ebedab03@group-D8195C25E6F5-FollowerState
2022-01-02 13:18:05,205 [EndpointStateMachine task thread for /127.0.0.1:15005 - 0 ] INFO  ipc.Client (Client.java:handleConnectionFailure(977)) - Retrying connect to server: localhost/127.0.0.1:15005. Already tried 3 time(s); retry policy is RetryUpToMaximumCountWithFixedSleep(maxRetries=15, sleepTime=1000 MILLISECONDS)
2022-01-02 13:18:05,209 [EndpointStateMachine task thread for /127.0.0.1:14995 - 0 ] INFO  ipc.Client (Client.java:handleConnectionFailure(977)) - Retrying connect to server: localhost/127.0.0.1:14995. Already tried 0 time(s); retry policy is RetryUpToMaximumCountWithFixedSleep(maxRetries=15, sleepTime=1000 MILLISECONDS)
2022-01-02 13:18:05,234 [EndpointStateMachine task thread for /127.0.0.1:14985 - 0 ] INFO  ipc.Client (Client.java:handleConnectionFailure(977)) - Retrying connect to server: localhost/127.0.0.1:14985. Already tried 3 time(s); retry policy is RetryUpToMaximumCountWithFixedSleep(maxRetries=15, sleepTime=1000 MILLISECONDS)
2022-01-02 13:18:05,356 [07a6759e-563e-4423-80ed-ce00ebedab03@group-FCC823D1752E-FollowerState] INFO  impl.FollowerState (FollowerState.java:run(134)) - 07a6759e-563e-4423-80ed-ce00ebedab03@group-FCC823D1752E-FollowerState: change to CANDIDATE, lastRpcElapsedTime:5205639356ns, electionTimeout:5183ms
2022-01-02 13:18:05,356 [07a6759e-563e-4423-80ed-ce00ebedab03@group-FCC823D1752E-FollowerState] INFO  impl.RoleInfo (RoleInfo.java:shutdownFollowerState(108)) - 07a6759e-563e-4423-80ed-ce00ebedab03: shutdown 07a6759e-563e-4423-80ed-ce00ebedab03@group-FCC823D1752E-FollowerState
2022-01-02 13:18:05,356 [07a6759e-563e-4423-80ed-ce00ebedab03@group-FCC823D1752E-FollowerState] INFO  server.RaftServer$Division (RaftServerImpl.java:setRole(290)) - 07a6759e-563e-4423-80ed-ce00ebedab03@group-FCC823D1752E: changes role from  FOLLOWER to CANDIDATE at term 5 for changeToCandidate
2022-01-02 13:18:05,356 [07a6759e-563e-4423-80ed-ce00ebedab03@group-FCC823D1752E-FollowerState] INFO  server.RaftServerConfigKeys (ConfUtils.java:logGet(44)) - raft.server.leaderelection.pre-vote = false (custom)
2022-01-02 13:18:05,356 [07a6759e-563e-4423-80ed-ce00ebedab03@group-FCC823D1752E-FollowerState] INFO  impl.RoleInfo (RoleInfo.java:updateAndGet(130)) - 07a6759e-563e-4423-80ed-ce00ebedab03: start 07a6759e-563e-4423-80ed-ce00ebedab03@group-FCC823D1752E-LeaderElection34
2022-01-02 13:18:05,370 [07c4551c-5eaf-48e0-b21d-d7eec408612b@group-FCC823D1752E-FollowerState] INFO  impl.FollowerState (FollowerState.java:run(134)) - 07c4551c-5eaf-48e0-b21d-d7eec408612b@group-FCC823D1752E-FollowerState: change to CANDIDATE, lastRpcElapsedTime:5191941716ns, electionTimeout:5170ms
2022-01-02 13:18:05,370 [07c4551c-5eaf-48e0-b21d-d7eec408612b@group-FCC823D1752E-FollowerState] INFO  impl.RoleInfo (RoleInfo.java:shutdownFollowerState(108)) - 07c4551c-5eaf-48e0-b21d-d7eec408612b: shutdown 07c4551c-5eaf-48e0-b21d-d7eec408612b@group-FCC823D1752E-FollowerState
2022-01-02 13:18:05,370 [07c4551c-5eaf-48e0-b21d-d7eec408612b@group-FCC823D1752E-FollowerState] INFO  server.RaftServer$Division (RaftServerImpl.java:setRole(290)) - 07c4551c-5eaf-48e0-b21d-d7eec408612b@group-FCC823D1752E: changes role from  FOLLOWER to CANDIDATE at term 5 for changeToCandidate
2022-01-02 13:18:05,370 [07c4551c-5eaf-48e0-b21d-d7eec408612b@group-FCC823D1752E-FollowerState] INFO  server.RaftServerConfigKeys (ConfUtils.java:logGet(44)) - raft.server.leaderelection.pre-vote = false (custom)
2022-01-02 13:18:05,370 [07c4551c-5eaf-48e0-b21d-d7eec408612b@group-FCC823D1752E-FollowerState] INFO  impl.RoleInfo (RoleInfo.java:updateAndGet(130)) - 07c4551c-5eaf-48e0-b21d-d7eec408612b: start 07c4551c-5eaf-48e0-b21d-d7eec408612b@group-FCC823D1752E-LeaderElection35
2022-01-02 13:18:05,371 [666cbc02-cfaa-4937-bb27-8c807157e922@group-FCC823D1752E-FollowerState] INFO  impl.FollowerState (FollowerState.java:run(134)) - 666cbc02-cfaa-4937-bb27-8c807157e922@group-FCC823D1752E-FollowerState: change to CANDIDATE, lastRpcElapsedTime:5196159360ns, electionTimeout:5191ms
2022-01-02 13:18:05,371 [666cbc02-cfaa-4937-bb27-8c807157e922@group-FCC823D1752E-FollowerState] INFO  impl.RoleInfo (RoleInfo.java:shutdownFollowerState(108)) - 666cbc02-cfaa-4937-bb27-8c807157e922: shutdown 666cbc02-cfaa-4937-bb27-8c807157e922@group-FCC823D1752E-FollowerState
2022-01-02 13:18:05,371 [666cbc02-cfaa-4937-bb27-8c807157e922@group-FCC823D1752E-FollowerState] INFO  server.RaftServer$Division (RaftServerImpl.java:setRole(290)) - 666cbc02-cfaa-4937-bb27-8c807157e922@group-FCC823D1752E: changes role from  FOLLOWER to CANDIDATE at term 5 for changeToCandidate
2022-01-02 13:18:05,373 [666cbc02-cfaa-4937-bb27-8c807157e922@group-FCC823D1752E-FollowerState] INFO  server.RaftServerConfigKeys (ConfUtils.java:logGet(44)) - raft.server.leaderelection.pre-vote = false (custom)
2022-01-02 13:18:05,377 [666cbc02-cfaa-4937-bb27-8c807157e922@group-FCC823D1752E-FollowerState] INFO  impl.RoleInfo (RoleInfo.java:updateAndGet(130)) - 666cbc02-cfaa-4937-bb27-8c807157e922: start 666cbc02-cfaa-4937-bb27-8c807157e922@group-FCC823D1752E-LeaderElection36
2022-01-02 13:18:05,380 [07a6759e-563e-4423-80ed-ce00ebedab03@group-FCC823D1752E-LeaderElection34] INFO  impl.LeaderElection (LeaderElection.java:askForVotes(306)) - 07a6759e-563e-4423-80ed-ce00ebedab03@group-FCC823D1752E-LeaderElection34 ELECTION round 0: submit vote requests at term 6 for -1: [07c4551c-5eaf-48e0-b21d-d7eec408612b|rpc:127.0.0.1:41023|priority:0, 07a6759e-563e-4423-80ed-ce00ebedab03|rpc:127.0.0.1:43531|priority:1, 666cbc02-cfaa-4937-bb27-8c807157e922|rpc:127.0.0.1:45001|priority:0], old=null
2022-01-02 13:18:05,384 [666cbc02-cfaa-4937-bb27-8c807157e922@group-FCC823D1752E-LeaderElection36] INFO  impl.LeaderElection (LeaderElection.java:askForVotes(306)) - 666cbc02-cfaa-4937-bb27-8c807157e922@group-FCC823D1752E-LeaderElection36 ELECTION round 0: submit vote requests at term 6 for -1: [07c4551c-5eaf-48e0-b21d-d7eec408612b|rpc:127.0.0.1:41023|priority:0, 07a6759e-563e-4423-80ed-ce00ebedab03|rpc:127.0.0.1:43531|priority:1, 666cbc02-cfaa-4937-bb27-8c807157e922|rpc:127.0.0.1:45001|priority:0], old=null
2022-01-02 13:18:05,385 [07c4551c-5eaf-48e0-b21d-d7eec408612b@group-FCC823D1752E-LeaderElection35] INFO  impl.LeaderElection (LeaderElection.java:askForVotes(306)) - 07c4551c-5eaf-48e0-b21d-d7eec408612b@group-FCC823D1752E-LeaderElection35 ELECTION round 0: submit vote requests at term 6 for -1: [07c4551c-5eaf-48e0-b21d-d7eec408612b|rpc:127.0.0.1:41023|dataStream:|priority:0, 07a6759e-563e-4423-80ed-ce00ebedab03|rpc:127.0.0.1:43531|dataStream:|priority:1, 666cbc02-cfaa-4937-bb27-8c807157e922|rpc:127.0.0.1:45001|dataStream:|priority:0], old=null
2022-01-02 13:18:05,407 [grpc-default-executor-1] INFO  server.RaftServer$Division (RaftServerImpl.java:requestVote(1046)) - 666cbc02-cfaa-4937-bb27-8c807157e922@group-FCC823D1752E: receive requestVote(ELECTION, 07a6759e-563e-4423-80ed-ce00ebedab03, group-FCC823D1752E, 6, (t:0, i:0))
2022-01-02 13:18:05,407 [grpc-default-executor-1] INFO  impl.VoteContext (VoteContext.java:log(48)) - 666cbc02-cfaa-4937-bb27-8c807157e922@group-FCC823D1752E-CANDIDATE: reject ELECTION from 07a6759e-563e-4423-80ed-ce00ebedab03: already has voted for 666cbc02-cfaa-4937-bb27-8c807157e922 at current term 6
2022-01-02 13:18:05,407 [grpc-default-executor-1] INFO  server.RaftServer$Division (RaftServerImpl.java:requestVote(1078)) - 666cbc02-cfaa-4937-bb27-8c807157e922@group-FCC823D1752E replies to ELECTION vote request: 07a6759e-563e-4423-80ed-ce00ebedab03<-666cbc02-cfaa-4937-bb27-8c807157e922#0:FAIL-t6. Peer's state: 666cbc02-cfaa-4937-bb27-8c807157e922@group-FCC823D1752E:t6, leader=null, voted=666cbc02-cfaa-4937-bb27-8c807157e922, raftlog=666cbc02-cfaa-4937-bb27-8c807157e922@group-FCC823D1752E-SegmentedRaftLog:OPENED:c-1, conf=-1: [07c4551c-5eaf-48e0-b21d-d7eec408612b|rpc:127.0.0.1:41023|priority:0, 07a6759e-563e-4423-80ed-ce00ebedab03|rpc:127.0.0.1:43531|priority:1, 666cbc02-cfaa-4937-bb27-8c807157e922|rpc:127.0.0.1:45001|priority:0], old=null
2022-01-02 13:18:05,407 [grpc-default-executor-0] INFO  server.RaftServer$Division (RaftServerImpl.java:requestVote(1046)) - 07c4551c-5eaf-48e0-b21d-d7eec408612b@group-FCC823D1752E: receive requestVote(ELECTION, 07a6759e-563e-4423-80ed-ce00ebedab03, group-FCC823D1752E, 6, (t:0, i:0))
2022-01-02 13:18:05,407 [grpc-default-executor-2] INFO  server.RaftServer$Division (RaftServerImpl.java:requestVote(1046)) - 07a6759e-563e-4423-80ed-ce00ebedab03@group-FCC823D1752E: receive requestVote(ELECTION, 07c4551c-5eaf-48e0-b21d-d7eec408612b, group-FCC823D1752E, 6, (t:0, i:0))
2022-01-02 13:18:05,407 [grpc-default-executor-2] INFO  impl.VoteContext (VoteContext.java:log(48)) - 07a6759e-563e-4423-80ed-ce00ebedab03@group-FCC823D1752E-CANDIDATE: reject ELECTION from 07c4551c-5eaf-48e0-b21d-d7eec408612b: already has voted for 07a6759e-563e-4423-80ed-ce00ebedab03 at current term 6
2022-01-02 13:18:05,408 [grpc-default-executor-2] INFO  server.RaftServer$Division (RaftServerImpl.java:requestVote(1078)) - 07a6759e-563e-4423-80ed-ce00ebedab03@group-FCC823D1752E replies to ELECTION vote request: 07c4551c-5eaf-48e0-b21d-d7eec408612b<-07a6759e-563e-4423-80ed-ce00ebedab03#0:FAIL-t6. Peer's state: 07a6759e-563e-4423-80ed-ce00ebedab03@group-FCC823D1752E:t6, leader=null, voted=07a6759e-563e-4423-80ed-ce00ebedab03, raftlog=07a6759e-563e-4423-80ed-ce00ebedab03@group-FCC823D1752E-SegmentedRaftLog:OPENED:c-1, conf=-1: [07c4551c-5eaf-48e0-b21d-d7eec408612b|rpc:127.0.0.1:41023|priority:0, 07a6759e-563e-4423-80ed-ce00ebedab03|rpc:127.0.0.1:43531|priority:1, 666cbc02-cfaa-4937-bb27-8c807157e922|rpc:127.0.0.1:45001|priority:0], old=null
2022-01-02 13:18:05,407 [grpc-default-executor-0] INFO  impl.VoteContext (VoteContext.java:log(48)) - 07c4551c-5eaf-48e0-b21d-d7eec408612b@group-FCC823D1752E-CANDIDATE: reject ELECTION from 07a6759e-563e-4423-80ed-ce00ebedab03: already has voted for 07c4551c-5eaf-48e0-b21d-d7eec408612b at current term 6
2022-01-02 13:18:05,408 [grpc-default-executor-0] INFO  server.RaftServer$Division (RaftServerImpl.java:requestVote(1078)) - 07c4551c-5eaf-48e0-b21d-d7eec408612b@group-FCC823D1752E replies to ELECTION vote request: 07a6759e-563e-4423-80ed-ce00ebedab03<-07c4551c-5eaf-48e0-b21d-d7eec408612b#0:FAIL-t6. Peer's state: 07c4551c-5eaf-48e0-b21d-d7eec408612b@group-FCC823D1752E:t6, leader=null, voted=07c4551c-5eaf-48e0-b21d-d7eec408612b, raftlog=07c4551c-5eaf-48e0-b21d-d7eec408612b@group-FCC823D1752E-SegmentedRaftLog:OPENED:c-1, conf=-1: [07c4551c-5eaf-48e0-b21d-d7eec408612b|rpc:127.0.0.1:41023|dataStream:|priority:0, 07a6759e-563e-4423-80ed-ce00ebedab03|rpc:127.0.0.1:43531|dataStream:|priority:1, 666cbc02-cfaa-4937-bb27-8c807157e922|rpc:127.0.0.1:45001|dataStream:|priority:0], old=null
2022-01-02 13:18:05,413 [07a6759e-563e-4423-80ed-ce00ebedab03@group-FCC823D1752E-LeaderElection34] INFO  impl.LeaderElection (LeaderElection.java:logAndReturn(89)) - 07a6759e-563e-4423-80ed-ce00ebedab03@group-FCC823D1752E-LeaderElection34: ELECTION REJECTED received 2 response(s) and 0 exception(s):
2022-01-02 13:18:05,413 [07a6759e-563e-4423-80ed-ce00ebedab03@group-FCC823D1752E-LeaderElection34] INFO  impl.LeaderElection (LeaderElection.java:logAndReturn(93)) -   Response 0: 07a6759e-563e-4423-80ed-ce00ebedab03<-07c4551c-5eaf-48e0-b21d-d7eec408612b#0:FAIL-t6
2022-01-02 13:18:05,413 [07a6759e-563e-4423-80ed-ce00ebedab03@group-FCC823D1752E-LeaderElection34] INFO  impl.LeaderElection (LeaderElection.java:logAndReturn(93)) -   Response 1: 07a6759e-563e-4423-80ed-ce00ebedab03<-666cbc02-cfaa-4937-bb27-8c807157e922#0:FAIL-t6
2022-01-02 13:18:05,413 [07a6759e-563e-4423-80ed-ce00ebedab03@group-FCC823D1752E-LeaderElection34] INFO  impl.LeaderElection (LeaderElection.java:askForVotes(308)) - 07a6759e-563e-4423-80ed-ce00ebedab03@group-FCC823D1752E-LeaderElection34 ELECTION round 0: result REJECTED
2022-01-02 13:18:05,413 [07a6759e-563e-4423-80ed-ce00ebedab03@group-FCC823D1752E-LeaderElection34] INFO  server.RaftServer$Division (RaftServerImpl.java:setRole(290)) - 07a6759e-563e-4423-80ed-ce00ebedab03@group-FCC823D1752E: changes role from CANDIDATE to FOLLOWER at term 6 for REJECTED
2022-01-02 13:18:05,413 [07a6759e-563e-4423-80ed-ce00ebedab03@group-FCC823D1752E-LeaderElection34] INFO  impl.RoleInfo (RoleInfo.java:shutdownLeaderElection(121)) - 07a6759e-563e-4423-80ed-ce00ebedab03: shutdown 07a6759e-563e-4423-80ed-ce00ebedab03@group-FCC823D1752E-LeaderElection34
2022-01-02 13:18:05,413 [07a6759e-563e-4423-80ed-ce00ebedab03@group-FCC823D1752E-LeaderElection34] INFO  impl.RoleInfo (RoleInfo.java:updateAndGet(130)) - 07a6759e-563e-4423-80ed-ce00ebedab03: start 07a6759e-563e-4423-80ed-ce00ebedab03@group-FCC823D1752E-FollowerState
2022-01-02 13:18:05,422 [grpc-default-executor-0] INFO  server.RaftServer$Division (RaftServerImpl.java:requestVote(1046)) - 07a6759e-563e-4423-80ed-ce00ebedab03@group-FCC823D1752E: receive requestVote(ELECTION, 666cbc02-cfaa-4937-bb27-8c807157e922, group-FCC823D1752E, 6, (t:0, i:0))
2022-01-02 13:18:05,422 [grpc-default-executor-0] INFO  impl.VoteContext (VoteContext.java:log(48)) - 07a6759e-563e-4423-80ed-ce00ebedab03@group-FCC823D1752E-FOLLOWER: reject ELECTION from 666cbc02-cfaa-4937-bb27-8c807157e922: already has voted for 07a6759e-563e-4423-80ed-ce00ebedab03 at current term 6
2022-01-02 13:18:05,422 [grpc-default-executor-0] INFO  server.RaftServer$Division (RaftServerImpl.java:requestVote(1078)) - 07a6759e-563e-4423-80ed-ce00ebedab03@group-FCC823D1752E replies to ELECTION vote request: 666cbc02-cfaa-4937-bb27-8c807157e922<-07a6759e-563e-4423-80ed-ce00ebedab03#0:FAIL-t6. Peer's state: 07a6759e-563e-4423-80ed-ce00ebedab03@group-FCC823D1752E:t6, leader=null, voted=07a6759e-563e-4423-80ed-ce00ebedab03, raftlog=07a6759e-563e-4423-80ed-ce00ebedab03@group-FCC823D1752E-SegmentedRaftLog:OPENED:c-1, conf=-1: [07c4551c-5eaf-48e0-b21d-d7eec408612b|rpc:127.0.0.1:41023|priority:0, 07a6759e-563e-4423-80ed-ce00ebedab03|rpc:127.0.0.1:43531|priority:1, 666cbc02-cfaa-4937-bb27-8c807157e922|rpc:127.0.0.1:45001|priority:0], old=null
2022-01-02 13:18:05,423 [grpc-default-executor-2] INFO  server.RaftServer$Division (RaftServerImpl.java:requestVote(1046)) - 07c4551c-5eaf-48e0-b21d-d7eec408612b@group-FCC823D1752E: receive requestVote(ELECTION, 666cbc02-cfaa-4937-bb27-8c807157e922, group-FCC823D1752E, 6, (t:0, i:0))
2022-01-02 13:18:05,423 [grpc-default-executor-2] INFO  impl.VoteContext (VoteContext.java:log(48)) - 07c4551c-5eaf-48e0-b21d-d7eec408612b@group-FCC823D1752E-CANDIDATE: reject ELECTION from 666cbc02-cfaa-4937-bb27-8c807157e922: already has voted for 07c4551c-5eaf-48e0-b21d-d7eec408612b at current term 6
2022-01-02 13:18:05,423 [grpc-default-executor-2] INFO  server.RaftServer$Division (RaftServerImpl.java:requestVote(1078)) - 07c4551c-5eaf-48e0-b21d-d7eec408612b@group-FCC823D1752E replies to ELECTION vote request: 666cbc02-cfaa-4937-bb27-8c807157e922<-07c4551c-5eaf-48e0-b21d-d7eec408612b#0:FAIL-t6. Peer's state: 07c4551c-5eaf-48e0-b21d-d7eec408612b@group-FCC823D1752E:t6, leader=null, voted=07c4551c-5eaf-48e0-b21d-d7eec408612b, raftlog=07c4551c-5eaf-48e0-b21d-d7eec408612b@group-FCC823D1752E-SegmentedRaftLog:OPENED:c-1, conf=-1: [07c4551c-5eaf-48e0-b21d-d7eec408612b|rpc:127.0.0.1:41023|dataStream:|priority:0, 07a6759e-563e-4423-80ed-ce00ebedab03|rpc:127.0.0.1:43531|dataStream:|priority:1, 666cbc02-cfaa-4937-bb27-8c807157e922|rpc:127.0.0.1:45001|dataStream:|priority:0], old=null
2022-01-02 13:18:05,423 [07c4551c-5eaf-48e0-b21d-d7eec408612b@group-FCC823D1752E-LeaderElection35] INFO  impl.LeaderElection (LeaderElection.java:logAndReturn(89)) - 07c4551c-5eaf-48e0-b21d-d7eec408612b@group-FCC823D1752E-LeaderElection35: ELECTION REJECTED received 1 response(s) and 0 exception(s):
2022-01-02 13:18:05,423 [07c4551c-5eaf-48e0-b21d-d7eec408612b@group-FCC823D1752E-LeaderElection35] INFO  impl.LeaderElection (LeaderElection.java:logAndReturn(93)) -   Response 0: 07c4551c-5eaf-48e0-b21d-d7eec408612b<-07a6759e-563e-4423-80ed-ce00ebedab03#0:FAIL-t6
2022-01-02 13:18:05,423 [07c4551c-5eaf-48e0-b21d-d7eec408612b@group-FCC823D1752E-LeaderElection35] INFO  impl.LeaderElection (LeaderElection.java:askForVotes(308)) - 07c4551c-5eaf-48e0-b21d-d7eec408612b@group-FCC823D1752E-LeaderElection35 ELECTION round 0: result REJECTED
2022-01-02 13:18:05,423 [07c4551c-5eaf-48e0-b21d-d7eec408612b@group-FCC823D1752E-LeaderElection35] INFO  server.RaftServer$Division (RaftServerImpl.java:setRole(290)) - 07c4551c-5eaf-48e0-b21d-d7eec408612b@group-FCC823D1752E: changes role from CANDIDATE to FOLLOWER at term 6 for REJECTED
2022-01-02 13:18:05,423 [07c4551c-5eaf-48e0-b21d-d7eec408612b@group-FCC823D1752E-LeaderElection35] INFO  impl.RoleInfo (RoleInfo.java:shutdownLeaderElection(121)) - 07c4551c-5eaf-48e0-b21d-d7eec408612b: shutdown 07c4551c-5eaf-48e0-b21d-d7eec408612b@group-FCC823D1752E-LeaderElection35
2022-01-02 13:18:05,423 [07c4551c-5eaf-48e0-b21d-d7eec408612b@group-FCC823D1752E-LeaderElection35] INFO  impl.RoleInfo (RoleInfo.java:updateAndGet(130)) - 07c4551c-5eaf-48e0-b21d-d7eec408612b: start 07c4551c-5eaf-48e0-b21d-d7eec408612b@group-FCC823D1752E-FollowerState
2022-01-02 13:18:05,424 [grpc-default-executor-3] INFO  server.RaftServer$Division (RaftServerImpl.java:requestVote(1046)) - 666cbc02-cfaa-4937-bb27-8c807157e922@group-FCC823D1752E: receive requestVote(ELECTION, 07c4551c-5eaf-48e0-b21d-d7eec408612b, group-FCC823D1752E, 6, (t:0, i:0))
2022-01-02 13:18:05,424 [grpc-default-executor-3] INFO  impl.VoteContext (VoteContext.java:log(48)) - 666cbc02-cfaa-4937-bb27-8c807157e922@group-FCC823D1752E-CANDIDATE: reject ELECTION from 07c4551c-5eaf-48e0-b21d-d7eec408612b: already has voted for 666cbc02-cfaa-4937-bb27-8c807157e922 at current term 6
2022-01-02 13:18:05,424 [grpc-default-executor-3] INFO  server.RaftServer$Division (RaftServerImpl.java:requestVote(1078)) - 666cbc02-cfaa-4937-bb27-8c807157e922@group-FCC823D1752E replies to ELECTION vote request: 07c4551c-5eaf-48e0-b21d-d7eec408612b<-666cbc02-cfaa-4937-bb27-8c807157e922#0:FAIL-t6. Peer's state: 666cbc02-cfaa-4937-bb27-8c807157e922@group-FCC823D1752E:t6, leader=null, voted=666cbc02-cfaa-4937-bb27-8c807157e922, raftlog=666cbc02-cfaa-4937-bb27-8c807157e922@group-FCC823D1752E-SegmentedRaftLog:OPENED:c-1, conf=-1: [07c4551c-5eaf-48e0-b21d-d7eec408612b|rpc:127.0.0.1:41023|priority:0, 07a6759e-563e-4423-80ed-ce00ebedab03|rpc:127.0.0.1:43531|priority:1, 666cbc02-cfaa-4937-bb27-8c807157e922|rpc:127.0.0.1:45001|priority:0], old=null
2022-01-02 13:18:05,431 [666cbc02-cfaa-4937-bb27-8c807157e922@group-FCC823D1752E-LeaderElection36] INFO  impl.LeaderElection (LeaderElection.java:logAndReturn(89)) - 666cbc02-cfaa-4937-bb27-8c807157e922@group-FCC823D1752E-LeaderElection36: ELECTION REJECTED received 1 response(s) and 0 exception(s):
2022-01-02 13:18:05,432 [666cbc02-cfaa-4937-bb27-8c807157e922@group-FCC823D1752E-LeaderElection36] INFO  impl.LeaderElection (LeaderElection.java:logAndReturn(93)) -   Response 0: 666cbc02-cfaa-4937-bb27-8c807157e922<-07a6759e-563e-4423-80ed-ce00ebedab03#0:FAIL-t6
2022-01-02 13:18:05,432 [666cbc02-cfaa-4937-bb27-8c807157e922@group-FCC823D1752E-LeaderElection36] INFO  impl.LeaderElection (LeaderElection.java:askForVotes(308)) - 666cbc02-cfaa-4937-bb27-8c807157e922@group-FCC823D1752E-LeaderElection36 ELECTION round 0: result REJECTED
2022-01-02 13:18:05,432 [666cbc02-cfaa-4937-bb27-8c807157e922@group-FCC823D1752E-LeaderElection36] INFO  server.RaftServer$Division (RaftServerImpl.java:setRole(290)) - 666cbc02-cfaa-4937-bb27-8c807157e922@group-FCC823D1752E: changes role from CANDIDATE to FOLLOWER at term 6 for REJECTED
2022-01-02 13:18:05,432 [666cbc02-cfaa-4937-bb27-8c807157e922@group-FCC823D1752E-LeaderElection36] INFO  impl.RoleInfo (RoleInfo.java:shutdownLeaderElection(121)) - 666cbc02-cfaa-4937-bb27-8c807157e922: shutdown 666cbc02-cfaa-4937-bb27-8c807157e922@group-FCC823D1752E-LeaderElection36
2022-01-02 13:18:05,432 [666cbc02-cfaa-4937-bb27-8c807157e922@group-FCC823D1752E-LeaderElection36] INFO  impl.RoleInfo (RoleInfo.java:updateAndGet(130)) - 666cbc02-cfaa-4937-bb27-8c807157e922: start 666cbc02-cfaa-4937-bb27-8c807157e922@group-FCC823D1752E-FollowerState
2022-01-02 13:18:05,962 [Listener at 127.0.0.1/11096] INFO  ozone.MiniOzoneClusterImpl (MiniOzoneClusterImpl.java:lambda$waitForClusterToBeReady$0(235)) - Nodes are ready. Got 3 of 3 DN Heartbeats.
2022-01-02 13:18:05,962 [Listener at 127.0.0.1/11096] INFO  ozone.MiniOzoneClusterImpl (MiniOzoneClusterImpl.java:lambda$waitForClusterToBeReady$0(238)) - Waiting for cluster to exit safe mode
2022-01-02 13:18:05,962 [Listener at 127.0.0.1/11096] INFO  ozone.MiniOzoneClusterImpl (MiniOzoneClusterImpl.java:lambda$waitForClusterToBeReady$0(240)) - SCM became leader
2022-01-02 13:18:06,206 [EndpointStateMachine task thread for /127.0.0.1:15005 - 0 ] INFO  ipc.Client (Client.java:handleConnectionFailure(977)) - Retrying connect to server: localhost/127.0.0.1:15005. Already tried 4 time(s); retry policy is RetryUpToMaximumCountWithFixedSleep(maxRetries=15, sleepTime=1000 MILLISECONDS)
2022-01-02 13:18:06,210 [EndpointStateMachine task thread for /127.0.0.1:14995 - 0 ] INFO  ipc.Client (Client.java:handleConnectionFailure(977)) - Retrying connect to server: localhost/127.0.0.1:14995. Already tried 1 time(s); retry policy is RetryUpToMaximumCountWithFixedSleep(maxRetries=15, sleepTime=1000 MILLISECONDS)
2022-01-02 13:18:06,235 [EndpointStateMachine task thread for /127.0.0.1:14985 - 0 ] INFO  ipc.Client (Client.java:handleConnectionFailure(977)) - Retrying connect to server: localhost/127.0.0.1:14985. Already tried 4 time(s); retry policy is RetryUpToMaximumCountWithFixedSleep(maxRetries=15, sleepTime=1000 MILLISECONDS)
2022-01-02 13:18:06,727 [Datanode State Machine Daemon Thread] ERROR datanode.RunningDatanodeState (RunningDatanodeState.java:computeNextContainerState(199)) - Error in executing end point task.
java.util.concurrent.ExecutionException: java.util.concurrent.TimeoutException
	at java.util.concurrent.FutureTask.report(FutureTask.java:122)
	at java.util.concurrent.FutureTask.get(FutureTask.java:192)
	at org.apache.hadoop.ozone.container.common.states.datanode.RunningDatanodeState.computeNextContainerState(RunningDatanodeState.java:191)
	at org.apache.hadoop.ozone.container.common.states.datanode.RunningDatanodeState.await(RunningDatanodeState.java:231)
	at org.apache.hadoop.ozone.container.common.states.datanode.RunningDatanodeState.await(RunningDatanodeState.java:50)
	at org.apache.hadoop.ozone.container.common.statemachine.StateContext.execute(StateContext.java:633)
	at org.apache.hadoop.ozone.container.common.statemachine.DatanodeStateMachine.start(DatanodeStateMachine.java:280)
	at org.apache.hadoop.ozone.container.common.statemachine.DatanodeStateMachine.lambda$startDaemon$0(DatanodeStateMachine.java:468)
	at java.lang.Thread.run(Thread.java:748)
Caused by: java.util.concurrent.TimeoutException
	at java.util.concurrent.FutureTask.get(FutureTask.java:205)
	at org.apache.hadoop.ozone.container.common.states.datanode.RunningDatanodeState.lambda$execute$0(RunningDatanodeState.java:149)
	at java.util.concurrent.FutureTask.run(FutureTask.java:266)
	at java.util.concurrent.Executors$RunnableAdapter.call(Executors.java:511)
	at java.util.concurrent.FutureTask.run(FutureTask.java:266)
	at java.util.concurrent.ThreadPoolExecutor.runWorker(ThreadPoolExecutor.java:1149)
	at java.util.concurrent.ThreadPoolExecutor$Worker.run(ThreadPoolExecutor.java:624)
	... 1 more
2022-01-02 13:18:06,963 [Listener at 127.0.0.1/11096] INFO  ozone.MiniOzoneClusterImpl (MiniOzoneClusterImpl.java:lambda$waitForClusterToBeReady$0(235)) - Nodes are ready. Got 3 of 3 DN Heartbeats.
2022-01-02 13:18:06,963 [Listener at 127.0.0.1/11096] INFO  ozone.MiniOzoneClusterImpl (MiniOzoneClusterImpl.java:lambda$waitForClusterToBeReady$0(238)) - Waiting for cluster to exit safe mode
2022-01-02 13:18:06,963 [Listener at 127.0.0.1/11096] INFO  ozone.MiniOzoneClusterImpl (MiniOzoneClusterImpl.java:lambda$waitForClusterToBeReady$0(240)) - SCM became leader
2022-01-02 13:18:07,206 [EndpointStateMachine task thread for /127.0.0.1:15005 - 0 ] INFO  ipc.Client (Client.java:handleConnectionFailure(977)) - Retrying connect to server: localhost/127.0.0.1:15005. Already tried 5 time(s); retry policy is RetryUpToMaximumCountWithFixedSleep(maxRetries=15, sleepTime=1000 MILLISECONDS)
2022-01-02 13:18:07,210 [EndpointStateMachine task thread for /127.0.0.1:14995 - 0 ] INFO  ipc.Client (Client.java:handleConnectionFailure(977)) - Retrying connect to server: localhost/127.0.0.1:14995. Already tried 2 time(s); retry policy is RetryUpToMaximumCountWithFixedSleep(maxRetries=15, sleepTime=1000 MILLISECONDS)
2022-01-02 13:18:07,235 [EndpointStateMachine task thread for /127.0.0.1:14985 - 0 ] INFO  ipc.Client (Client.java:handleConnectionFailure(977)) - Retrying connect to server: localhost/127.0.0.1:14985. Already tried 5 time(s); retry policy is RetryUpToMaximumCountWithFixedSleep(maxRetries=15, sleepTime=1000 MILLISECONDS)
2022-01-02 13:18:07,963 [Listener at 127.0.0.1/11096] INFO  ozone.MiniOzoneClusterImpl (MiniOzoneClusterImpl.java:lambda$waitForClusterToBeReady$0(235)) - Nodes are ready. Got 3 of 3 DN Heartbeats.
2022-01-02 13:18:07,963 [Listener at 127.0.0.1/11096] INFO  ozone.MiniOzoneClusterImpl (MiniOzoneClusterImpl.java:lambda$waitForClusterToBeReady$0(238)) - Waiting for cluster to exit safe mode
2022-01-02 13:18:07,963 [Listener at 127.0.0.1/11096] INFO  ozone.MiniOzoneClusterImpl (MiniOzoneClusterImpl.java:lambda$waitForClusterToBeReady$0(240)) - SCM became leader
2022-01-02 13:18:08,207 [EndpointStateMachine task thread for /127.0.0.1:15005 - 0 ] INFO  ipc.Client (Client.java:handleConnectionFailure(977)) - Retrying connect to server: localhost/127.0.0.1:15005. Already tried 6 time(s); retry policy is RetryUpToMaximumCountWithFixedSleep(maxRetries=15, sleepTime=1000 MILLISECONDS)
2022-01-02 13:18:08,210 [EndpointStateMachine task thread for /127.0.0.1:14995 - 0 ] INFO  ipc.Client (Client.java:handleConnectionFailure(977)) - Retrying connect to server: localhost/127.0.0.1:14995. Already tried 3 time(s); retry policy is RetryUpToMaximumCountWithFixedSleep(maxRetries=15, sleepTime=1000 MILLISECONDS)
2022-01-02 13:18:08,235 [EndpointStateMachine task thread for /127.0.0.1:14985 - 0 ] INFO  ipc.Client (Client.java:handleConnectionFailure(977)) - Retrying connect to server: localhost/127.0.0.1:14985. Already tried 6 time(s); retry policy is RetryUpToMaximumCountWithFixedSleep(maxRetries=15, sleepTime=1000 MILLISECONDS)
2022-01-02 13:18:08,964 [Listener at 127.0.0.1/11096] INFO  ozone.MiniOzoneClusterImpl (MiniOzoneClusterImpl.java:lambda$waitForClusterToBeReady$0(235)) - Nodes are ready. Got 3 of 3 DN Heartbeats.
2022-01-02 13:18:08,964 [Listener at 127.0.0.1/11096] INFO  ozone.MiniOzoneClusterImpl (MiniOzoneClusterImpl.java:lambda$waitForClusterToBeReady$0(238)) - Waiting for cluster to exit safe mode
2022-01-02 13:18:08,964 [Listener at 127.0.0.1/11096] INFO  ozone.MiniOzoneClusterImpl (MiniOzoneClusterImpl.java:lambda$waitForClusterToBeReady$0(240)) - SCM became leader
2022-01-02 13:18:09,159 [Datanode State Machine Daemon Thread] ERROR datanode.RunningDatanodeState (RunningDatanodeState.java:computeNextContainerState(199)) - Error in executing end point task.
java.util.concurrent.ExecutionException: java.util.concurrent.TimeoutException
	at java.util.concurrent.FutureTask.report(FutureTask.java:122)
	at java.util.concurrent.FutureTask.get(FutureTask.java:192)
	at org.apache.hadoop.ozone.container.common.states.datanode.RunningDatanodeState.computeNextContainerState(RunningDatanodeState.java:191)
	at org.apache.hadoop.ozone.container.common.states.datanode.RunningDatanodeState.await(RunningDatanodeState.java:231)
	at org.apache.hadoop.ozone.container.common.states.datanode.RunningDatanodeState.await(RunningDatanodeState.java:50)
	at org.apache.hadoop.ozone.container.common.statemachine.StateContext.execute(StateContext.java:633)
	at org.apache.hadoop.ozone.container.common.statemachine.DatanodeStateMachine.start(DatanodeStateMachine.java:280)
	at org.apache.hadoop.ozone.container.common.statemachine.DatanodeStateMachine.lambda$startDaemon$0(DatanodeStateMachine.java:468)
	at java.lang.Thread.run(Thread.java:748)
Caused by: java.util.concurrent.TimeoutException
	at java.util.concurrent.FutureTask.get(FutureTask.java:205)
	at org.apache.hadoop.ozone.container.common.states.datanode.RunningDatanodeState.lambda$execute$0(RunningDatanodeState.java:149)
	at java.util.concurrent.FutureTask.run(FutureTask.java:266)
	at java.util.concurrent.Executors$RunnableAdapter.call(Executors.java:511)
	at java.util.concurrent.FutureTask.run(FutureTask.java:266)
	at java.util.concurrent.ThreadPoolExecutor.runWorker(ThreadPoolExecutor.java:1149)
	at java.util.concurrent.ThreadPoolExecutor$Worker.run(ThreadPoolExecutor.java:624)
	... 1 more
2022-01-02 13:18:09,207 [EndpointStateMachine task thread for /127.0.0.1:15005 - 0 ] INFO  ipc.Client (Client.java:handleConnectionFailure(977)) - Retrying connect to server: localhost/127.0.0.1:15005. Already tried 7 time(s); retry policy is RetryUpToMaximumCountWithFixedSleep(maxRetries=15, sleepTime=1000 MILLISECONDS)
2022-01-02 13:18:09,211 [EndpointStateMachine task thread for /127.0.0.1:14995 - 0 ] INFO  ipc.Client (Client.java:handleConnectionFailure(977)) - Retrying connect to server: localhost/127.0.0.1:14995. Already tried 4 time(s); retry policy is RetryUpToMaximumCountWithFixedSleep(maxRetries=15, sleepTime=1000 MILLISECONDS)
2022-01-02 13:18:09,236 [EndpointStateMachine task thread for /127.0.0.1:14985 - 0 ] INFO  ipc.Client (Client.java:handleConnectionFailure(977)) - Retrying connect to server: localhost/127.0.0.1:14985. Already tried 7 time(s); retry policy is RetryUpToMaximumCountWithFixedSleep(maxRetries=15, sleepTime=1000 MILLISECONDS)
2022-01-02 13:18:09,279 [Datanode State Machine Daemon Thread] ERROR datanode.RunningDatanodeState (RunningDatanodeState.java:computeNextContainerState(199)) - Error in executing end point task.
java.util.concurrent.ExecutionException: java.util.concurrent.TimeoutException
	at java.util.concurrent.FutureTask.report(FutureTask.java:122)
	at java.util.concurrent.FutureTask.get(FutureTask.java:192)
	at org.apache.hadoop.ozone.container.common.states.datanode.RunningDatanodeState.computeNextContainerState(RunningDatanodeState.java:191)
	at org.apache.hadoop.ozone.container.common.states.datanode.RunningDatanodeState.await(RunningDatanodeState.java:231)
	at org.apache.hadoop.ozone.container.common.states.datanode.RunningDatanodeState.await(RunningDatanodeState.java:50)
	at org.apache.hadoop.ozone.container.common.statemachine.StateContext.execute(StateContext.java:633)
	at org.apache.hadoop.ozone.container.common.statemachine.DatanodeStateMachine.start(DatanodeStateMachine.java:280)
	at org.apache.hadoop.ozone.container.common.statemachine.DatanodeStateMachine.lambda$startDaemon$0(DatanodeStateMachine.java:468)
	at java.lang.Thread.run(Thread.java:748)
Caused by: java.util.concurrent.TimeoutException
	at java.util.concurrent.FutureTask.get(FutureTask.java:205)
	at org.apache.hadoop.ozone.container.common.states.datanode.RunningDatanodeState.lambda$execute$0(RunningDatanodeState.java:149)
	at java.util.concurrent.FutureTask.run(FutureTask.java:266)
	at java.util.concurrent.Executors$RunnableAdapter.call(Executors.java:511)
	at java.util.concurrent.FutureTask.run(FutureTask.java:266)
	at java.util.concurrent.ThreadPoolExecutor.runWorker(ThreadPoolExecutor.java:1149)
	at java.util.concurrent.ThreadPoolExecutor$Worker.run(ThreadPoolExecutor.java:624)
	... 1 more
2022-01-02 13:18:09,972 [Listener at 127.0.0.1/11096] INFO  ozone.MiniOzoneClusterImpl (MiniOzoneClusterImpl.java:lambda$waitForClusterToBeReady$0(235)) - Nodes are ready. Got 3 of 3 DN Heartbeats.
2022-01-02 13:18:09,972 [Listener at 127.0.0.1/11096] INFO  ozone.MiniOzoneClusterImpl (MiniOzoneClusterImpl.java:lambda$waitForClusterToBeReady$0(238)) - Waiting for cluster to exit safe mode
2022-01-02 13:18:09,973 [Listener at 127.0.0.1/11096] INFO  ozone.MiniOzoneClusterImpl (MiniOzoneClusterImpl.java:lambda$waitForClusterToBeReady$0(240)) - SCM became leader
2022-01-02 13:18:10,005 [666cbc02-cfaa-4937-bb27-8c807157e922@group-D8195C25E6F5-FollowerState] INFO  impl.FollowerState (FollowerState.java:run(134)) - 666cbc02-cfaa-4937-bb27-8c807157e922@group-D8195C25E6F5-FollowerState: change to CANDIDATE, lastRpcElapsedTime:5045048946ns, electionTimeout:5035ms
2022-01-02 13:18:10,005 [666cbc02-cfaa-4937-bb27-8c807157e922@group-D8195C25E6F5-FollowerState] INFO  impl.RoleInfo (RoleInfo.java:shutdownFollowerState(108)) - 666cbc02-cfaa-4937-bb27-8c807157e922: shutdown 666cbc02-cfaa-4937-bb27-8c807157e922@group-D8195C25E6F5-FollowerState
2022-01-02 13:18:10,005 [666cbc02-cfaa-4937-bb27-8c807157e922@group-D8195C25E6F5-FollowerState] INFO  server.RaftServer$Division (RaftServerImpl.java:setRole(290)) - 666cbc02-cfaa-4937-bb27-8c807157e922@group-D8195C25E6F5: changes role from  FOLLOWER to CANDIDATE at term 6 for changeToCandidate
2022-01-02 13:18:10,005 [666cbc02-cfaa-4937-bb27-8c807157e922@group-D8195C25E6F5-FollowerState] INFO  server.RaftServerConfigKeys (ConfUtils.java:logGet(44)) - raft.server.leaderelection.pre-vote = false (custom)
2022-01-02 13:18:10,005 [666cbc02-cfaa-4937-bb27-8c807157e922@group-D8195C25E6F5-FollowerState] INFO  impl.RoleInfo (RoleInfo.java:updateAndGet(130)) - 666cbc02-cfaa-4937-bb27-8c807157e922: start 666cbc02-cfaa-4937-bb27-8c807157e922@group-D8195C25E6F5-LeaderElection37
2022-01-02 13:18:10,013 [666cbc02-cfaa-4937-bb27-8c807157e922@group-D8195C25E6F5-LeaderElection37] INFO  impl.LeaderElection (LeaderElection.java:askForVotes(306)) - 666cbc02-cfaa-4937-bb27-8c807157e922@group-D8195C25E6F5-LeaderElection37 ELECTION round 0: submit vote requests at term 7 for -1: [07c4551c-5eaf-48e0-b21d-d7eec408612b|rpc:127.0.0.1:41023|dataStream:|priority:0, 07a6759e-563e-4423-80ed-ce00ebedab03|rpc:127.0.0.1:43531|dataStream:|priority:0, 666cbc02-cfaa-4937-bb27-8c807157e922|rpc:127.0.0.1:45001|dataStream:|priority:1], old=null
2022-01-02 13:18:10,022 [grpc-default-executor-3] INFO  server.RaftServer$Division (RaftServerImpl.java:requestVote(1046)) - 07c4551c-5eaf-48e0-b21d-d7eec408612b@group-D8195C25E6F5: receive requestVote(ELECTION, 666cbc02-cfaa-4937-bb27-8c807157e922, group-D8195C25E6F5, 7, (t:0, i:0))
2022-01-02 13:18:10,022 [grpc-default-executor-3] INFO  impl.VoteContext (VoteContext.java:log(48)) - 07c4551c-5eaf-48e0-b21d-d7eec408612b@group-D8195C25E6F5-FOLLOWER: accept ELECTION from 666cbc02-cfaa-4937-bb27-8c807157e922: our priority 0 <= candidate's priority 1
2022-01-02 13:18:10,023 [grpc-default-executor-3] INFO  server.RaftServer$Division (RaftServerImpl.java:setRole(290)) - 07c4551c-5eaf-48e0-b21d-d7eec408612b@group-D8195C25E6F5: changes role from  FOLLOWER to FOLLOWER at term 7 for candidate:666cbc02-cfaa-4937-bb27-8c807157e922
2022-01-02 13:18:10,023 [grpc-default-executor-3] INFO  impl.RoleInfo (RoleInfo.java:shutdownFollowerState(108)) - 07c4551c-5eaf-48e0-b21d-d7eec408612b: shutdown 07c4551c-5eaf-48e0-b21d-d7eec408612b@group-D8195C25E6F5-FollowerState
2022-01-02 13:18:10,023 [grpc-default-executor-3] INFO  impl.RoleInfo (RoleInfo.java:updateAndGet(130)) - 07c4551c-5eaf-48e0-b21d-d7eec408612b: start 07c4551c-5eaf-48e0-b21d-d7eec408612b@group-D8195C25E6F5-FollowerState
2022-01-02 13:18:10,023 [07c4551c-5eaf-48e0-b21d-d7eec408612b@group-D8195C25E6F5-FollowerState] INFO  impl.FollowerState (FollowerState.java:run(143)) - 07c4551c-5eaf-48e0-b21d-d7eec408612b@group-D8195C25E6F5-FollowerState was interrupted: {}
java.lang.InterruptedException: sleep interrupted
	at java.lang.Thread.sleep(Native Method)
	at java.lang.Thread.sleep(Thread.java:340)
	at java.util.concurrent.TimeUnit.sleep(TimeUnit.java:386)
	at org.apache.ratis.util.TimeDuration.sleep(TimeDuration.java:324)
	at org.apache.ratis.util.TimeDuration.sleep(TimeDuration.java:309)
	at org.apache.ratis.server.impl.FollowerState.run(FollowerState.java:118)
2022-01-02 13:18:10,027 [grpc-default-executor-3] INFO  server.RaftServer$Division (RaftServerImpl.java:requestVote(1078)) - 07c4551c-5eaf-48e0-b21d-d7eec408612b@group-D8195C25E6F5 replies to ELECTION vote request: 666cbc02-cfaa-4937-bb27-8c807157e922<-07c4551c-5eaf-48e0-b21d-d7eec408612b#0:OK-t7. Peer's state: 07c4551c-5eaf-48e0-b21d-d7eec408612b@group-D8195C25E6F5:t7, leader=null, voted=666cbc02-cfaa-4937-bb27-8c807157e922, raftlog=07c4551c-5eaf-48e0-b21d-d7eec408612b@group-D8195C25E6F5-SegmentedRaftLog:OPENED:c-1, conf=-1: [07c4551c-5eaf-48e0-b21d-d7eec408612b|rpc:127.0.0.1:41023|dataStream:|priority:0, 07a6759e-563e-4423-80ed-ce00ebedab03|rpc:127.0.0.1:43531|dataStream:|priority:0, 666cbc02-cfaa-4937-bb27-8c807157e922|rpc:127.0.0.1:45001|dataStream:|priority:1], old=null
2022-01-02 13:18:10,027 [07a6759e-563e-4423-80ed-ce00ebedab03@group-D8195C25E6F5-FollowerState] INFO  impl.FollowerState (FollowerState.java:run(134)) - 07a6759e-563e-4423-80ed-ce00ebedab03@group-D8195C25E6F5-FollowerState: change to CANDIDATE, lastRpcElapsedTime:5054466841ns, electionTimeout:5031ms
2022-01-02 13:18:10,027 [07a6759e-563e-4423-80ed-ce00ebedab03@group-D8195C25E6F5-FollowerState] INFO  impl.RoleInfo (RoleInfo.java:shutdownFollowerState(108)) - 07a6759e-563e-4423-80ed-ce00ebedab03: shutdown 07a6759e-563e-4423-80ed-ce00ebedab03@group-D8195C25E6F5-FollowerState
2022-01-02 13:18:10,027 [07a6759e-563e-4423-80ed-ce00ebedab03@group-D8195C25E6F5-FollowerState] INFO  server.RaftServer$Division (RaftServerImpl.java:setRole(290)) - 07a6759e-563e-4423-80ed-ce00ebedab03@group-D8195C25E6F5: changes role from  FOLLOWER to CANDIDATE at term 6 for changeToCandidate
2022-01-02 13:18:10,027 [07a6759e-563e-4423-80ed-ce00ebedab03@group-D8195C25E6F5-FollowerState] INFO  server.RaftServerConfigKeys (ConfUtils.java:logGet(44)) - raft.server.leaderelection.pre-vote = false (custom)
2022-01-02 13:18:10,027 [07a6759e-563e-4423-80ed-ce00ebedab03@group-D8195C25E6F5-FollowerState] INFO  impl.RoleInfo (RoleInfo.java:updateAndGet(130)) - 07a6759e-563e-4423-80ed-ce00ebedab03: start 07a6759e-563e-4423-80ed-ce00ebedab03@group-D8195C25E6F5-LeaderElection38
2022-01-02 13:18:10,032 [666cbc02-cfaa-4937-bb27-8c807157e922@group-D8195C25E6F5-LeaderElection37] INFO  impl.LeaderElection (LeaderElection.java:logAndReturn(89)) - 666cbc02-cfaa-4937-bb27-8c807157e922@group-D8195C25E6F5-LeaderElection37: ELECTION PASSED received 1 response(s) and 0 exception(s):
2022-01-02 13:18:10,032 [666cbc02-cfaa-4937-bb27-8c807157e922@group-D8195C25E6F5-LeaderElection37] INFO  impl.LeaderElection (LeaderElection.java:logAndReturn(93)) -   Response 0: 666cbc02-cfaa-4937-bb27-8c807157e922<-07c4551c-5eaf-48e0-b21d-d7eec408612b#0:OK-t7
2022-01-02 13:18:10,032 [666cbc02-cfaa-4937-bb27-8c807157e922@group-D8195C25E6F5-LeaderElection37] INFO  impl.LeaderElection (LeaderElection.java:askForVotes(308)) - 666cbc02-cfaa-4937-bb27-8c807157e922@group-D8195C25E6F5-LeaderElection37 ELECTION round 0: result PASSED
2022-01-02 13:18:10,032 [666cbc02-cfaa-4937-bb27-8c807157e922@group-D8195C25E6F5-LeaderElection37] INFO  impl.RoleInfo (RoleInfo.java:shutdownLeaderElection(121)) - 666cbc02-cfaa-4937-bb27-8c807157e922: shutdown 666cbc02-cfaa-4937-bb27-8c807157e922@group-D8195C25E6F5-LeaderElection37
2022-01-02 13:18:10,032 [666cbc02-cfaa-4937-bb27-8c807157e922@group-D8195C25E6F5-LeaderElection37] INFO  server.RaftServer$Division (RaftServerImpl.java:setRole(290)) - 666cbc02-cfaa-4937-bb27-8c807157e922@group-D8195C25E6F5: changes role from CANDIDATE to LEADER at term 7 for changeToLeader
2022-01-02 13:18:10,032 [666cbc02-cfaa-4937-bb27-8c807157e922@group-D8195C25E6F5-LeaderElection37] INFO  ratis.XceiverServerRatis (XceiverServerRatis.java:handleLeaderChangedNotification(866)) - Leader change notification received for group: group-D8195C25E6F5 with new leaderId: 666cbc02-cfaa-4937-bb27-8c807157e922
2022-01-02 13:18:10,036 [666cbc02-cfaa-4937-bb27-8c807157e922@group-D8195C25E6F5-LeaderElection37] INFO  server.RaftServer$Division (ServerState.java:setLeader(285)) - 666cbc02-cfaa-4937-bb27-8c807157e922@group-D8195C25E6F5: change Leader from null to 666cbc02-cfaa-4937-bb27-8c807157e922 at term 7 for becomeLeader, leader elected after 35616ms
2022-01-02 13:18:10,036 [666cbc02-cfaa-4937-bb27-8c807157e922@group-D8195C25E6F5-LeaderElection37] INFO  server.RaftServerConfigKeys (ConfUtils.java:logGet(44)) - raft.server.staging.catchup.gap = 1000 (default)
2022-01-02 13:18:10,037 [666cbc02-cfaa-4937-bb27-8c807157e922@group-D8195C25E6F5-LeaderElection37] INFO  server.RaftServerConfigKeys (ConfUtils.java:logGet(44)) - raft.server.write.element-limit = 1024 (custom)
2022-01-02 13:18:10,037 [666cbc02-cfaa-4937-bb27-8c807157e922@group-D8195C25E6F5-LeaderElection37] INFO  server.RaftServerConfigKeys (ConfUtils.java:logGet(44)) - raft.server.write.byte-limit = 1024 M (=1073741824) (custom)
2022-01-02 13:18:10,037 [666cbc02-cfaa-4937-bb27-8c807157e922@group-D8195C25E6F5-LeaderElection37] INFO  server.RaftServerConfigKeys (ConfUtils.java:logGet(44)) - raft.server.watch.timeout = 180s (custom)
2022-01-02 13:18:10,037 [666cbc02-cfaa-4937-bb27-8c807157e922@group-D8195C25E6F5-LeaderElection37] INFO  server.RaftServerConfigKeys (ConfUtils.java:logGet(44)) - raft.server.watch.timeout.denomination = 1s (default)
2022-01-02 13:18:10,037 [666cbc02-cfaa-4937-bb27-8c807157e922@group-D8195C25E6F5-LeaderElection37] INFO  server.RaftServerConfigKeys (ConfUtils.java:logGet(44)) - raft.server.watch.element-limit = 65536 (default)
2022-01-02 13:18:10,037 [666cbc02-cfaa-4937-bb27-8c807157e922@group-D8195C25E6F5-LeaderElection37] INFO  server.RaftServerConfigKeys (ConfUtils.java:logGet(44)) - raft.server.write.element-limit = 1024 (custom)
2022-01-02 13:18:10,039 [666cbc02-cfaa-4937-bb27-8c807157e922@group-D8195C25E6F5-LeaderElection37] INFO  server.RaftServerConfigKeys (ConfUtils.java:logGet(44)) - raft.server.write.follower.gap.ratio.max = -1.0 (default)
2022-01-02 13:18:10,040 [666cbc02-cfaa-4937-bb27-8c807157e922@group-D8195C25E6F5-LeaderElection37] INFO  server.RaftServerConfigKeys (ConfUtils.java:logGet(44)) - raft.server.log.appender.snapshot.chunk.size.max = 16MB (=16777216) (default)
2022-01-02 13:18:10,040 [666cbc02-cfaa-4937-bb27-8c807157e922@group-D8195C25E6F5-LeaderElection37] INFO  server.RaftServerConfigKeys (ConfUtils.java:logGet(44)) - raft.server.log.appender.buffer.byte-limit = 33554432 (custom)
2022-01-02 13:18:10,040 [666cbc02-cfaa-4937-bb27-8c807157e922@group-D8195C25E6F5-LeaderElection37] INFO  server.RaftServerConfigKeys (ConfUtils.java:logGet(44)) - raft.server.log.appender.buffer.element-limit = 1 (custom)
2022-01-02 13:18:10,040 [666cbc02-cfaa-4937-bb27-8c807157e922@group-D8195C25E6F5-LeaderElection37] INFO  grpc.GrpcConfigKeys (ConfUtils.java:logGet(44)) - raft.grpc.server.leader.outstanding.appends.max = 128 (default)
2022-01-02 13:18:10,040 [666cbc02-cfaa-4937-bb27-8c807157e922@group-D8195C25E6F5-LeaderElection37] INFO  server.RaftServerConfigKeys (ConfUtils.java:logGet(44)) - raft.server.rpc.request.timeout = 60s (custom)
2022-01-02 13:18:10,040 [666cbc02-cfaa-4937-bb27-8c807157e922@group-D8195C25E6F5-LeaderElection37] INFO  server.RaftServerConfigKeys (ConfUtils.java:logGet(44)) - raft.server.log.appender.install.snapshot.enabled = false (custom)
2022-01-02 13:18:10,040 [EventQueue-PipelineReportForPipelineReportHandler] INFO  pipeline.PipelineManagerImpl (PipelineManagerImpl.java:openPipeline(291)) - Pipeline Pipeline[ Id: 31dd3078-2fb2-42a8-b0c9-d8195c25e6f5, Nodes: 07c4551c-5eaf-48e0-b21d-d7eec408612b{ip: 127.0.0.1, host: localhost, ports: [REPLICATION=46801, RATIS=41023, RATIS_ADMIN=41023, RATIS_SERVER=41023, STANDALONE=34853], networkLocation: /default-rack, certSerialId: null, persistedOpState: IN_SERVICE, persistedOpStateExpiryEpochSec: 0}666cbc02-cfaa-4937-bb27-8c807157e922{ip: 127.0.0.1, host: localhost, ports: [REPLICATION=39935, RATIS=45001, RATIS_ADMIN=45001, RATIS_SERVER=45001, STANDALONE=45425], networkLocation: /default-rack, certSerialId: null, persistedOpState: IN_SERVICE, persistedOpStateExpiryEpochSec: 0}07a6759e-563e-4423-80ed-ce00ebedab03{ip: 127.0.0.1, host: localhost, ports: [REPLICATION=41835, RATIS=43531, RATIS_ADMIN=43531, RATIS_SERVER=43531, STANDALONE=35375], networkLocation: /default-rack, certSerialId: null, persistedOpState: IN_SERVICE, persistedOpStateExpiryEpochSec: 0}, ReplicationConfig: RATIS/THREE, State:ALLOCATED, leaderId:666cbc02-cfaa-4937-bb27-8c807157e922, CreationTimestamp2022-01-02T13:17:32.010Z[Etc/UTC]] moved to OPEN state
2022-01-02 13:18:10,040 [EventQueue-PipelineReportForPipelineReportHandler] INFO  ha.SCMHAInvocationHandler (SCMHAInvocationHandler.java:invokeRatis(113)) - Invoking method public abstract void org.apache.hadoop.hdds.scm.pipeline.PipelineStateManager.updatePipelineState(org.apache.hadoop.hdds.protocol.proto.HddsProtos$PipelineID,org.apache.hadoop.hdds.protocol.proto.HddsProtos$PipelineState) throws java.io.IOException on target org.apache.hadoop.hdds.scm.ha.SCMRatisServerImpl@5afe652c, cost 248.002us
2022-01-02 13:18:10,040 [EventQueue-OpenPipelineForHealthyPipelineSafeModeRule] INFO  safemode.SCMSafeModeManager (HealthyPipelineSafeModeRule.java:process(124)) - SCM in safe mode. Healthy pipelines reported count is 0, required healthy pipeline reported count is 1
2022-01-02 13:18:10,041 [666cbc02-cfaa-4937-bb27-8c807157e922@group-D8195C25E6F5-LeaderElection37] INFO  server.RaftServerConfigKeys (ConfUtils.java:logGet(44)) - raft.server.log.appender.snapshot.chunk.size.max = 16MB (=16777216) (default)
2022-01-02 13:18:10,041 [666cbc02-cfaa-4937-bb27-8c807157e922@group-D8195C25E6F5-LeaderElection37] INFO  server.RaftServerConfigKeys (ConfUtils.java:logGet(44)) - raft.server.log.appender.buffer.byte-limit = 33554432 (custom)
2022-01-02 13:18:10,041 [666cbc02-cfaa-4937-bb27-8c807157e922@group-D8195C25E6F5-LeaderElection37] INFO  server.RaftServerConfigKeys (ConfUtils.java:logGet(44)) - raft.server.log.appender.buffer.element-limit = 1 (custom)
2022-01-02 13:18:10,041 [666cbc02-cfaa-4937-bb27-8c807157e922@group-D8195C25E6F5-LeaderElection37] INFO  grpc.GrpcConfigKeys (ConfUtils.java:logGet(44)) - raft.grpc.server.leader.outstanding.appends.max = 128 (default)
2022-01-02 13:18:10,041 [666cbc02-cfaa-4937-bb27-8c807157e922@group-D8195C25E6F5-LeaderElection37] INFO  server.RaftServerConfigKeys (ConfUtils.java:logGet(44)) - raft.server.rpc.request.timeout = 60s (custom)
2022-01-02 13:18:10,041 [666cbc02-cfaa-4937-bb27-8c807157e922@group-D8195C25E6F5-LeaderElection37] INFO  server.RaftServerConfigKeys (ConfUtils.java:logGet(44)) - raft.server.log.appender.install.snapshot.enabled = false (custom)
2022-01-02 13:18:10,039 [EventQueue-OpenPipelineForHealthyPipelineSafeModeRule] INFO  safemode.SCMSafeModeManager (HealthyPipelineSafeModeRule.java:process(124)) - SCM in safe mode. Healthy pipelines reported count is 0, required healthy pipeline reported count is 1
2022-01-02 13:18:10,039 [EventQueue-PipelineReportForPipelineReportHandler] INFO  pipeline.PipelineManagerImpl (PipelineManagerImpl.java:openPipeline(291)) - Pipeline Pipeline[ Id: 31dd3078-2fb2-42a8-b0c9-d8195c25e6f5, Nodes: 07c4551c-5eaf-48e0-b21d-d7eec408612b{ip: 127.0.0.1, host: localhost, ports: [REPLICATION=46801, RATIS=41023, RATIS_ADMIN=41023, RATIS_SERVER=41023, STANDALONE=34853], networkLocation: /default-rack, certSerialId: null, persistedOpState: IN_SERVICE, persistedOpStateExpiryEpochSec: 0}666cbc02-cfaa-4937-bb27-8c807157e922{ip: 127.0.0.1, host: localhost, ports: [REPLICATION=39935, RATIS=45001, RATIS_ADMIN=45001, RATIS_SERVER=45001, STANDALONE=45425], networkLocation: /default-rack, certSerialId: null, persistedOpState: IN_SERVICE, persistedOpStateExpiryEpochSec: 0}07a6759e-563e-4423-80ed-ce00ebedab03{ip: 127.0.0.1, host: localhost, ports: [REPLICATION=41835, RATIS=43531, RATIS_ADMIN=43531, RATIS_SERVER=43531, STANDALONE=35375], networkLocation: /default-rack, certSerialId: null, persistedOpState: IN_SERVICE, persistedOpStateExpiryEpochSec: 0}, ReplicationConfig: RATIS/THREE, State:ALLOCATED, leaderId:666cbc02-cfaa-4937-bb27-8c807157e922, CreationTimestamp2022-01-02T13:17:32.010Z[Etc/UTC]] moved to OPEN state
2022-01-02 13:18:10,043 [666cbc02-cfaa-4937-bb27-8c807157e922@group-D8195C25E6F5-LeaderElection37] INFO  impl.RoleInfo (RoleInfo.java:updateAndGet(130)) - 666cbc02-cfaa-4937-bb27-8c807157e922: start 666cbc02-cfaa-4937-bb27-8c807157e922@group-D8195C25E6F5-LeaderStateImpl
2022-01-02 13:18:10,044 [666cbc02-cfaa-4937-bb27-8c807157e922@group-D8195C25E6F5-LeaderElection37] INFO  segmented.SegmentedRaftLogWorker (SegmentedRaftLogWorker.java:startLogSegment(394)) - 666cbc02-cfaa-4937-bb27-8c807157e922@group-D8195C25E6F5-SegmentedRaftLogWorker: Starting segment from index:0
2022-01-02 13:18:10,045 [666cbc02-cfaa-4937-bb27-8c807157e922@group-D8195C25E6F5-SegmentedRaftLogWorker] INFO  segmented.SegmentedRaftLogWorker (SegmentedRaftLogWorker.java:execute(601)) - 666cbc02-cfaa-4937-bb27-8c807157e922@group-D8195C25E6F5-SegmentedRaftLogWorker: created new log segment /home/runner/work/ozone/ozone/hadoop-ozone/integration-test/target/test-dir/MiniOzoneClusterImpl-c1c80f75-2e15-44e6-8b98-5d8eb23efd07/datanode-1/data/ratis/31dd3078-2fb2-42a8-b0c9-d8195c25e6f5/current/log_inprogress_0
2022-01-02 13:18:10,053 [grpc-default-executor-3] INFO  server.RaftServer$Division (RaftServerImpl.java:requestVote(1046)) - 07a6759e-563e-4423-80ed-ce00ebedab03@group-D8195C25E6F5: receive requestVote(ELECTION, 666cbc02-cfaa-4937-bb27-8c807157e922, group-D8195C25E6F5, 7, (t:0, i:0))
2022-01-02 13:18:10,054 [grpc-default-executor-3] INFO  impl.VoteContext (VoteContext.java:log(48)) - 07a6759e-563e-4423-80ed-ce00ebedab03@group-D8195C25E6F5-CANDIDATE: accept ELECTION from 666cbc02-cfaa-4937-bb27-8c807157e922: our priority 0 <= candidate's priority 1
2022-01-02 13:18:10,054 [grpc-default-executor-3] INFO  server.RaftServer$Division (RaftServerImpl.java:setRole(290)) - 07a6759e-563e-4423-80ed-ce00ebedab03@group-D8195C25E6F5: changes role from CANDIDATE to FOLLOWER at term 7 for candidate:666cbc02-cfaa-4937-bb27-8c807157e922
2022-01-02 13:18:10,054 [grpc-default-executor-3] INFO  impl.RoleInfo (RoleInfo.java:shutdownLeaderElection(121)) - 07a6759e-563e-4423-80ed-ce00ebedab03: shutdown 07a6759e-563e-4423-80ed-ce00ebedab03@group-D8195C25E6F5-LeaderElection38
2022-01-02 13:18:10,054 [grpc-default-executor-3] INFO  impl.RoleInfo (RoleInfo.java:updateAndGet(130)) - 07a6759e-563e-4423-80ed-ce00ebedab03: start 07a6759e-563e-4423-80ed-ce00ebedab03@group-D8195C25E6F5-FollowerState
2022-01-02 13:18:10,054 [07a6759e-563e-4423-80ed-ce00ebedab03@group-D8195C25E6F5-LeaderElection38] INFO  impl.LeaderElection (LeaderElection.java:run(230)) - 07a6759e-563e-4423-80ed-ce00ebedab03@group-D8195C25E6F5-LeaderElection38: skip running since this is already CLOSING
2022-01-02 13:18:10,058 [grpc-default-executor-3] INFO  server.RaftServer$Division (RaftServerImpl.java:requestVote(1078)) - 07a6759e-563e-4423-80ed-ce00ebedab03@group-D8195C25E6F5 replies to ELECTION vote request: 666cbc02-cfaa-4937-bb27-8c807157e922<-07a6759e-563e-4423-80ed-ce00ebedab03#0:OK-t7. Peer's state: 07a6759e-563e-4423-80ed-ce00ebedab03@group-D8195C25E6F5:t7, leader=null, voted=666cbc02-cfaa-4937-bb27-8c807157e922, raftlog=07a6759e-563e-4423-80ed-ce00ebedab03@group-D8195C25E6F5-SegmentedRaftLog:OPENED:c-1, conf=-1: [07c4551c-5eaf-48e0-b21d-d7eec408612b|rpc:127.0.0.1:41023|priority:0, 07a6759e-563e-4423-80ed-ce00ebedab03|rpc:127.0.0.1:43531|priority:0, 666cbc02-cfaa-4937-bb27-8c807157e922|rpc:127.0.0.1:45001|priority:1], old=null
2022-01-02 13:18:10,058 [grpc-default-executor-0] INFO  ratis.XceiverServerRatis (XceiverServerRatis.java:handleLeaderChangedNotification(866)) - Leader change notification received for group: group-D8195C25E6F5 with new leaderId: 666cbc02-cfaa-4937-bb27-8c807157e922
2022-01-02 13:18:10,058 [grpc-default-executor-0] INFO  server.RaftServer$Division (ServerState.java:setLeader(285)) - 07a6759e-563e-4423-80ed-ce00ebedab03@group-D8195C25E6F5: change Leader from null to 666cbc02-cfaa-4937-bb27-8c807157e922 at term 7 for appendEntries, leader elected after 35855ms
2022-01-02 13:18:10,066 [666cbc02-cfaa-4937-bb27-8c807157e922@group-D8195C25E6F5-LeaderElection37] INFO  server.RaftServer$Division (ServerState.java:setRaftConf(387)) - 666cbc02-cfaa-4937-bb27-8c807157e922@group-D8195C25E6F5: set configuration 0: [07c4551c-5eaf-48e0-b21d-d7eec408612b|rpc:127.0.0.1:41023|dataStream:|priority:0, 07a6759e-563e-4423-80ed-ce00ebedab03|rpc:127.0.0.1:43531|dataStream:|priority:0, 666cbc02-cfaa-4937-bb27-8c807157e922|rpc:127.0.0.1:45001|dataStream:|priority:1], old=null
2022-01-02 13:18:10,069 [grpc-default-executor-2] INFO  ratis.XceiverServerRatis (XceiverServerRatis.java:handleLeaderChangedNotification(866)) - Leader change notification received for group: group-D8195C25E6F5 with new leaderId: 666cbc02-cfaa-4937-bb27-8c807157e922
2022-01-02 13:18:10,069 [grpc-default-executor-2] INFO  server.RaftServer$Division (ServerState.java:setLeader(285)) - 07c4551c-5eaf-48e0-b21d-d7eec408612b@group-D8195C25E6F5: change Leader from null to 666cbc02-cfaa-4937-bb27-8c807157e922 at term 7 for appendEntries, leader elected after 35758ms
2022-01-02 13:18:10,074 [grpc-default-executor-0] INFO  server.RaftServer$Division (ServerState.java:setRaftConf(387)) - 07a6759e-563e-4423-80ed-ce00ebedab03@group-D8195C25E6F5: set configuration 0: [07c4551c-5eaf-48e0-b21d-d7eec408612b|rpc:127.0.0.1:41023|dataStream:|priority:0, 07a6759e-563e-4423-80ed-ce00ebedab03|rpc:127.0.0.1:43531|dataStream:|priority:0, 666cbc02-cfaa-4937-bb27-8c807157e922|rpc:127.0.0.1:45001|dataStream:|priority:1], old=null
2022-01-02 13:18:10,074 [grpc-default-executor-0] INFO  segmented.SegmentedRaftLogWorker (SegmentedRaftLogWorker.java:startLogSegment(394)) - 07a6759e-563e-4423-80ed-ce00ebedab03@group-D8195C25E6F5-SegmentedRaftLogWorker: Starting segment from index:0
2022-01-02 13:18:10,078 [07a6759e-563e-4423-80ed-ce00ebedab03@group-D8195C25E6F5-SegmentedRaftLogWorker] INFO  segmented.SegmentedRaftLogWorker (SegmentedRaftLogWorker.java:execute(601)) - 07a6759e-563e-4423-80ed-ce00ebedab03@group-D8195C25E6F5-SegmentedRaftLogWorker: created new log segment /home/runner/work/ozone/ozone/hadoop-ozone/integration-test/target/test-dir/MiniOzoneClusterImpl-c1c80f75-2e15-44e6-8b98-5d8eb23efd07/datanode-0/data/ratis/31dd3078-2fb2-42a8-b0c9-d8195c25e6f5/current/log_inprogress_0
2022-01-02 13:18:10,078 [5af0e6f8-e325-4784-8af8-34780179857f@group-5D8EB23EFD07-StateMachineUpdater] INFO  safemode.HealthyPipelineSafeModeRule (HealthyPipelineSafeModeRule.java:initializeRule(152)) - Refreshed total pipeline count is 1, healthy pipeline threshold count is 1
2022-01-02 13:18:10,078 [EventQueue-PipelineReportForPipelineReportHandler] INFO  ha.SCMHAInvocationHandler (SCMHAInvocationHandler.java:invokeRatis(113)) - Invoking method public abstract void org.apache.hadoop.hdds.scm.pipeline.PipelineStateManager.updatePipelineState(org.apache.hadoop.hdds.protocol.proto.HddsProtos$PipelineID,org.apache.hadoop.hdds.protocol.proto.HddsProtos$PipelineState) throws java.io.IOException on target org.apache.hadoop.hdds.scm.ha.SCMRatisServerImpl@3310a7ca, cost 36958.575us
2022-01-02 13:18:10,079 [EventQueue-OpenPipelineForHealthyPipelineSafeModeRule] INFO  safemode.SCMSafeModeManager (HealthyPipelineSafeModeRule.java:process(124)) - SCM in safe mode. Healthy pipelines reported count is 1, required healthy pipeline reported count is 1
2022-01-02 13:18:10,079 [EventQueue-OpenPipelineForHealthyPipelineSafeModeRule] INFO  safemode.SCMSafeModeManager (SCMSafeModeManager.java:validateSafeModeExitRules(204)) - HealthyPipelineSafeModeRule rule is successfully validated
2022-01-02 13:18:10,079 [EventQueue-OpenPipelineForHealthyPipelineSafeModeRule] INFO  safemode.SCMSafeModeManager (SCMSafeModeManager.java:validateSafeModeExitRules(219)) - ScmSafeModeManager, all rules are successfully validated
2022-01-02 13:18:10,079 [EventQueue-OpenPipelineForHealthyPipelineSafeModeRule] INFO  safemode.SCMSafeModeManager (SCMSafeModeManager.java:exitSafeMode(248)) - SCM exiting safe mode.
2022-01-02 13:18:10,079 [EventQueue-OpenPipelineForHealthyPipelineSafeModeRule] WARN  events.EventQueue (EventQueue.java:fireEvent(194)) - No event handler registered for event TypedEvent{payloadType=SafeModeStatus, name='Safe mode status'}
2022-01-02 13:18:10,079 [EventQueue-OpenPipelineForHealthyPipelineSafeModeRule] INFO  ha.SCMContext (SCMContext.java:updateSafeModeStatus(211)) - Update SafeModeStatus from SafeModeStatus{safeModeStatus=true, preCheckPassed=true} to SafeModeStatus{safeModeStatus=false, preCheckPassed=true}.
2022-01-02 13:18:10,079 [EventQueue-OpenPipelineForHealthyPipelineSafeModeRule] INFO  container.ReplicationManager (ReplicationManager.java:notifyStatusChanged(1758)) - Service ReplicationManager transitions to RUNNING.
2022-01-02 13:18:10,081 [grpc-default-executor-2] INFO  server.RaftServer$Division (ServerState.java:setRaftConf(387)) - 07c4551c-5eaf-48e0-b21d-d7eec408612b@group-D8195C25E6F5: set configuration 0: [07c4551c-5eaf-48e0-b21d-d7eec408612b|rpc:127.0.0.1:41023|dataStream:|priority:0, 07a6759e-563e-4423-80ed-ce00ebedab03|rpc:127.0.0.1:43531|dataStream:|priority:0, 666cbc02-cfaa-4937-bb27-8c807157e922|rpc:127.0.0.1:45001|dataStream:|priority:1], old=null
2022-01-02 13:18:10,081 [grpc-default-executor-2] INFO  segmented.SegmentedRaftLogWorker (SegmentedRaftLogWorker.java:startLogSegment(394)) - 07c4551c-5eaf-48e0-b21d-d7eec408612b@group-D8195C25E6F5-SegmentedRaftLogWorker: Starting segment from index:0
2022-01-02 13:18:10,092 [3a1420a4-9adf-490e-ae7f-206b4dea1794@group-5D8EB23EFD07-StateMachineUpdater] INFO  safemode.HealthyPipelineSafeModeRule (HealthyPipelineSafeModeRule.java:initializeRule(152)) - Refreshed total pipeline count is 1, healthy pipeline threshold count is 1
2022-01-02 13:18:10,092 [3a1420a4-9adf-490e-ae7f-206b4dea1794@group-5D8EB23EFD07-StateMachineUpdater] INFO  ha.SCMStateMachine (SCMStateMachine.java:takeSnapshot(297)) - Current Snapshot Index 23, takeSnapshot took 0 ms
2022-01-02 13:18:10,092 [3a1420a4-9adf-490e-ae7f-206b4dea1794@group-5D8EB23EFD07-StateMachineUpdater] INFO  impl.StateMachineUpdater (StateMachineUpdater.java:takeSnapshot(281)) - 3a1420a4-9adf-490e-ae7f-206b4dea1794@group-5D8EB23EFD07-StateMachineUpdater: Took a snapshot at index 23
2022-01-02 13:18:10,092 [3a1420a4-9adf-490e-ae7f-206b4dea1794@group-5D8EB23EFD07-StateMachineUpdater] INFO  impl.StateMachineUpdater (StateMachineUpdater.java:lambda$new$0(89)) - 3a1420a4-9adf-490e-ae7f-206b4dea1794@group-5D8EB23EFD07-StateMachineUpdater: snapshotIndex: updateIncreasingly 18 -> 23
2022-01-02 13:18:10,092 [3a1420a4-9adf-490e-ae7f-206b4dea1794@group-5D8EB23EFD07-StateMachineUpdater] INFO  raftlog.RaftLog (RaftLogBase.java:purge(306)) - 3a1420a4-9adf-490e-ae7f-206b4dea1794@group-5D8EB23EFD07-SegmentedRaftLog: purge 23
2022-01-02 13:18:10,092 [3a1420a4-9adf-490e-ae7f-206b4dea1794@group-5D8EB23EFD07-StateMachineUpdater] INFO  raftlog.RaftLog (RaftLogBase.java:lambda$new$0(53)) - 3a1420a4-9adf-490e-ae7f-206b4dea1794@group-5D8EB23EFD07-SegmentedRaftLog: snapshotIndex: updateIncreasingly 18 -> 23
2022-01-02 13:18:10,093 [3a1420a4-9adf-490e-ae7f-206b4dea1794@group-5D8EB23EFD07-StateMachineUpdater] INFO  raftlog.RaftLog (RaftLogBase.java:lambda$new$0(53)) - 3a1420a4-9adf-490e-ae7f-206b4dea1794@group-5D8EB23EFD07-SegmentedRaftLog: purgeIndex: updateToMax old=18, new=23, updated? true
2022-01-02 13:18:10,099 [07c4551c-5eaf-48e0-b21d-d7eec408612b@group-D8195C25E6F5-SegmentedRaftLogWorker] INFO  segmented.SegmentedRaftLogWorker (SegmentedRaftLogWorker.java:execute(601)) - 07c4551c-5eaf-48e0-b21d-d7eec408612b@group-D8195C25E6F5-SegmentedRaftLogWorker: created new log segment /home/runner/work/ozone/ozone/hadoop-ozone/integration-test/target/test-dir/MiniOzoneClusterImpl-c1c80f75-2e15-44e6-8b98-5d8eb23efd07/datanode-2/data/ratis/31dd3078-2fb2-42a8-b0c9-d8195c25e6f5/current/log_inprogress_0
2022-01-02 13:18:10,208 [EndpointStateMachine task thread for /127.0.0.1:15005 - 0 ] INFO  ipc.Client (Client.java:handleConnectionFailure(977)) - Retrying connect to server: localhost/127.0.0.1:15005. Already tried 8 time(s); retry policy is RetryUpToMaximumCountWithFixedSleep(maxRetries=15, sleepTime=1000 MILLISECONDS)
2022-01-02 13:18:10,211 [EndpointStateMachine task thread for /127.0.0.1:14995 - 0 ] INFO  ipc.Client (Client.java:handleConnectionFailure(977)) - Retrying connect to server: localhost/127.0.0.1:14995. Already tried 5 time(s); retry policy is RetryUpToMaximumCountWithFixedSleep(maxRetries=15, sleepTime=1000 MILLISECONDS)
2022-01-02 13:18:10,236 [EndpointStateMachine task thread for /127.0.0.1:14985 - 0 ] INFO  ipc.Client (Client.java:handleConnectionFailure(977)) - Retrying connect to server: localhost/127.0.0.1:14985. Already tried 8 time(s); retry policy is RetryUpToMaximumCountWithFixedSleep(maxRetries=15, sleepTime=1000 MILLISECONDS)
2022-01-02 13:18:10,436 [07c4551c-5eaf-48e0-b21d-d7eec408612b@group-FCC823D1752E-FollowerState] INFO  impl.FollowerState (FollowerState.java:run(134)) - 07c4551c-5eaf-48e0-b21d-d7eec408612b@group-FCC823D1752E-FollowerState: change to CANDIDATE, lastRpcElapsedTime:5012221196ns, electionTimeout:5011ms
2022-01-02 13:18:10,436 [07c4551c-5eaf-48e0-b21d-d7eec408612b@group-FCC823D1752E-FollowerState] INFO  impl.RoleInfo (RoleInfo.java:shutdownFollowerState(108)) - 07c4551c-5eaf-48e0-b21d-d7eec408612b: shutdown 07c4551c-5eaf-48e0-b21d-d7eec408612b@group-FCC823D1752E-FollowerState
2022-01-02 13:18:10,436 [07c4551c-5eaf-48e0-b21d-d7eec408612b@group-FCC823D1752E-FollowerState] INFO  server.RaftServer$Division (RaftServerImpl.java:setRole(290)) - 07c4551c-5eaf-48e0-b21d-d7eec408612b@group-FCC823D1752E: changes role from  FOLLOWER to CANDIDATE at term 6 for changeToCandidate
2022-01-02 13:18:10,436 [07c4551c-5eaf-48e0-b21d-d7eec408612b@group-FCC823D1752E-FollowerState] INFO  server.RaftServerConfigKeys (ConfUtils.java:logGet(44)) - raft.server.leaderelection.pre-vote = false (custom)
2022-01-02 13:18:10,436 [07c4551c-5eaf-48e0-b21d-d7eec408612b@group-FCC823D1752E-FollowerState] INFO  impl.RoleInfo (RoleInfo.java:updateAndGet(130)) - 07c4551c-5eaf-48e0-b21d-d7eec408612b: start 07c4551c-5eaf-48e0-b21d-d7eec408612b@group-FCC823D1752E-LeaderElection39
2022-01-02 13:18:10,439 [07c4551c-5eaf-48e0-b21d-d7eec408612b@group-FCC823D1752E-LeaderElection39] INFO  impl.LeaderElection (LeaderElection.java:askForVotes(306)) - 07c4551c-5eaf-48e0-b21d-d7eec408612b@group-FCC823D1752E-LeaderElection39 ELECTION round 0: submit vote requests at term 7 for -1: [07c4551c-5eaf-48e0-b21d-d7eec408612b|rpc:127.0.0.1:41023|dataStream:|priority:0, 07a6759e-563e-4423-80ed-ce00ebedab03|rpc:127.0.0.1:43531|dataStream:|priority:1, 666cbc02-cfaa-4937-bb27-8c807157e922|rpc:127.0.0.1:45001|dataStream:|priority:0], old=null
2022-01-02 13:18:10,446 [grpc-default-executor-2] INFO  server.RaftServer$Division (RaftServerImpl.java:requestVote(1046)) - 07a6759e-563e-4423-80ed-ce00ebedab03@group-FCC823D1752E: receive requestVote(ELECTION, 07c4551c-5eaf-48e0-b21d-d7eec408612b, group-FCC823D1752E, 7, (t:0, i:0))
2022-01-02 13:18:10,447 [grpc-default-executor-2] INFO  impl.VoteContext (VoteContext.java:log(48)) - 07a6759e-563e-4423-80ed-ce00ebedab03@group-FCC823D1752E-FOLLOWER: reject ELECTION from 07c4551c-5eaf-48e0-b21d-d7eec408612b: our priority 1 > candidate's priority 0
2022-01-02 13:18:10,447 [grpc-default-executor-2] INFO  server.RaftServer$Division (RaftServerImpl.java:setRole(290)) - 07a6759e-563e-4423-80ed-ce00ebedab03@group-FCC823D1752E: changes role from  FOLLOWER to FOLLOWER at term 7 for candidate:07c4551c-5eaf-48e0-b21d-d7eec408612b
2022-01-02 13:18:10,447 [grpc-default-executor-2] INFO  impl.RoleInfo (RoleInfo.java:shutdownFollowerState(108)) - 07a6759e-563e-4423-80ed-ce00ebedab03: shutdown 07a6759e-563e-4423-80ed-ce00ebedab03@group-FCC823D1752E-FollowerState
2022-01-02 13:18:10,454 [grpc-default-executor-2] INFO  impl.RoleInfo (RoleInfo.java:updateAndGet(130)) - 07a6759e-563e-4423-80ed-ce00ebedab03: start 07a6759e-563e-4423-80ed-ce00ebedab03@group-FCC823D1752E-FollowerState
2022-01-02 13:18:10,454 [07a6759e-563e-4423-80ed-ce00ebedab03@group-FCC823D1752E-FollowerState] INFO  impl.FollowerState (FollowerState.java:run(143)) - 07a6759e-563e-4423-80ed-ce00ebedab03@group-FCC823D1752E-FollowerState was interrupted: {}
java.lang.InterruptedException: sleep interrupted
	at java.lang.Thread.sleep(Native Method)
	at java.lang.Thread.sleep(Thread.java:340)
	at java.util.concurrent.TimeUnit.sleep(TimeUnit.java:386)
	at org.apache.ratis.util.TimeDuration.sleep(TimeDuration.java:324)
	at org.apache.ratis.util.TimeDuration.sleep(TimeDuration.java:309)
	at org.apache.ratis.server.impl.FollowerState.run(FollowerState.java:118)
2022-01-02 13:18:10,458 [grpc-default-executor-0] INFO  server.RaftServer$Division (RaftServerImpl.java:requestVote(1046)) - 666cbc02-cfaa-4937-bb27-8c807157e922@group-FCC823D1752E: receive requestVote(ELECTION, 07c4551c-5eaf-48e0-b21d-d7eec408612b, group-FCC823D1752E, 7, (t:0, i:0))
2022-01-02 13:18:10,458 [grpc-default-executor-0] INFO  impl.VoteContext (VoteContext.java:log(48)) - 666cbc02-cfaa-4937-bb27-8c807157e922@group-FCC823D1752E-FOLLOWER: accept ELECTION from 07c4551c-5eaf-48e0-b21d-d7eec408612b: our priority 0 <= candidate's priority 0
2022-01-02 13:18:10,458 [grpc-default-executor-0] INFO  server.RaftServer$Division (RaftServerImpl.java:setRole(290)) - 666cbc02-cfaa-4937-bb27-8c807157e922@group-FCC823D1752E: changes role from  FOLLOWER to FOLLOWER at term 7 for candidate:07c4551c-5eaf-48e0-b21d-d7eec408612b
2022-01-02 13:18:10,458 [grpc-default-executor-0] INFO  impl.RoleInfo (RoleInfo.java:shutdownFollowerState(108)) - 666cbc02-cfaa-4937-bb27-8c807157e922: shutdown 666cbc02-cfaa-4937-bb27-8c807157e922@group-FCC823D1752E-FollowerState
2022-01-02 13:18:10,458 [666cbc02-cfaa-4937-bb27-8c807157e922@group-FCC823D1752E-FollowerState] INFO  impl.FollowerState (FollowerState.java:run(143)) - 666cbc02-cfaa-4937-bb27-8c807157e922@group-FCC823D1752E-FollowerState was interrupted: {}
java.lang.InterruptedException: sleep interrupted
	at java.lang.Thread.sleep(Native Method)
	at java.lang.Thread.sleep(Thread.java:340)
	at java.util.concurrent.TimeUnit.sleep(TimeUnit.java:386)
	at org.apache.ratis.util.TimeDuration.sleep(TimeDuration.java:324)
	at org.apache.ratis.util.TimeDuration.sleep(TimeDuration.java:309)
	at org.apache.ratis.server.impl.FollowerState.run(FollowerState.java:118)
2022-01-02 13:18:10,459 [grpc-default-executor-0] INFO  impl.RoleInfo (RoleInfo.java:updateAndGet(130)) - 666cbc02-cfaa-4937-bb27-8c807157e922: start 666cbc02-cfaa-4937-bb27-8c807157e922@group-FCC823D1752E-FollowerState
2022-01-02 13:18:10,459 [grpc-default-executor-2] INFO  server.RaftServer$Division (RaftServerImpl.java:requestVote(1078)) - 07a6759e-563e-4423-80ed-ce00ebedab03@group-FCC823D1752E replies to ELECTION vote request: 07c4551c-5eaf-48e0-b21d-d7eec408612b<-07a6759e-563e-4423-80ed-ce00ebedab03#0:FAIL-t7. Peer's state: 07a6759e-563e-4423-80ed-ce00ebedab03@group-FCC823D1752E:t7, leader=null, voted=null, raftlog=07a6759e-563e-4423-80ed-ce00ebedab03@group-FCC823D1752E-SegmentedRaftLog:OPENED:c-1, conf=-1: [07c4551c-5eaf-48e0-b21d-d7eec408612b|rpc:127.0.0.1:41023|priority:0, 07a6759e-563e-4423-80ed-ce00ebedab03|rpc:127.0.0.1:43531|priority:1, 666cbc02-cfaa-4937-bb27-8c807157e922|rpc:127.0.0.1:45001|priority:0], old=null
2022-01-02 13:18:10,470 [07c4551c-5eaf-48e0-b21d-d7eec408612b@group-FCC823D1752E-LeaderElection39] INFO  impl.LeaderElection (LeaderElection.java:logAndReturn(89)) - 07c4551c-5eaf-48e0-b21d-d7eec408612b@group-FCC823D1752E-LeaderElection39: ELECTION REJECTED received 1 response(s) and 0 exception(s):
2022-01-02 13:18:10,470 [07c4551c-5eaf-48e0-b21d-d7eec408612b@group-FCC823D1752E-LeaderElection39] INFO  impl.LeaderElection (LeaderElection.java:logAndReturn(93)) -   Response 0: 07c4551c-5eaf-48e0-b21d-d7eec408612b<-07a6759e-563e-4423-80ed-ce00ebedab03#0:FAIL-t7
2022-01-02 13:18:10,471 [07c4551c-5eaf-48e0-b21d-d7eec408612b@group-FCC823D1752E-LeaderElection39] INFO  impl.LeaderElection (LeaderElection.java:askForVotes(308)) - 07c4551c-5eaf-48e0-b21d-d7eec408612b@group-FCC823D1752E-LeaderElection39 ELECTION round 0: result REJECTED
2022-01-02 13:18:10,471 [07c4551c-5eaf-48e0-b21d-d7eec408612b@group-FCC823D1752E-LeaderElection39] INFO  server.RaftServer$Division (RaftServerImpl.java:setRole(290)) - 07c4551c-5eaf-48e0-b21d-d7eec408612b@group-FCC823D1752E: changes role from CANDIDATE to FOLLOWER at term 7 for REJECTED
2022-01-02 13:18:10,471 [07c4551c-5eaf-48e0-b21d-d7eec408612b@group-FCC823D1752E-LeaderElection39] INFO  impl.RoleInfo (RoleInfo.java:shutdownLeaderElection(121)) - 07c4551c-5eaf-48e0-b21d-d7eec408612b: shutdown 07c4551c-5eaf-48e0-b21d-d7eec408612b@group-FCC823D1752E-LeaderElection39
2022-01-02 13:18:10,471 [07c4551c-5eaf-48e0-b21d-d7eec408612b@group-FCC823D1752E-LeaderElection39] INFO  impl.RoleInfo (RoleInfo.java:updateAndGet(130)) - 07c4551c-5eaf-48e0-b21d-d7eec408612b: start 07c4551c-5eaf-48e0-b21d-d7eec408612b@group-FCC823D1752E-FollowerState
2022-01-02 13:18:10,471 [grpc-default-executor-0] INFO  server.RaftServer$Division (RaftServerImpl.java:requestVote(1078)) - 666cbc02-cfaa-4937-bb27-8c807157e922@group-FCC823D1752E replies to ELECTION vote request: 07c4551c-5eaf-48e0-b21d-d7eec408612b<-666cbc02-cfaa-4937-bb27-8c807157e922#0:OK-t7. Peer's state: 666cbc02-cfaa-4937-bb27-8c807157e922@group-FCC823D1752E:t7, leader=null, voted=07c4551c-5eaf-48e0-b21d-d7eec408612b, raftlog=666cbc02-cfaa-4937-bb27-8c807157e922@group-FCC823D1752E-SegmentedRaftLog:OPENED:c-1, conf=-1: [07c4551c-5eaf-48e0-b21d-d7eec408612b|rpc:127.0.0.1:41023|priority:0, 07a6759e-563e-4423-80ed-ce00ebedab03|rpc:127.0.0.1:43531|priority:1, 666cbc02-cfaa-4937-bb27-8c807157e922|rpc:127.0.0.1:45001|priority:0], old=null
2022-01-02 13:18:10,973 [Listener at 127.0.0.1/11096] INFO  ozone.MiniOzoneClusterImpl (MiniOzoneClusterImpl.java:lambda$waitForClusterToBeReady$0(235)) - Nodes are ready. Got 3 of 3 DN Heartbeats.
2022-01-02 13:18:10,973 [Listener at 127.0.0.1/11096] INFO  ozone.MiniOzoneClusterImpl (MiniOzoneClusterImpl.java:lambda$waitForClusterToBeReady$0(238)) - Cluster exits safe mode
2022-01-02 13:18:10,973 [Listener at 127.0.0.1/11096] INFO  ozone.MiniOzoneClusterImpl (MiniOzoneClusterImpl.java:lambda$waitForClusterToBeReady$0(240)) - SCM became leader
2022-01-02 13:18:10,974 [Listener at 127.0.0.1/11096] INFO  server.StorageContainerManager (StorageContainerManager.java:start(1303)) - StorageContainerLocationProtocol RPC server is listening at /0.0.0.0:14363
2022-01-02 13:18:10,974 [Listener at 127.0.0.1/11096] INFO  ha.SCMRatisServerImpl (SCMRatisServerImpl.java:start(177)) - starting ratis server 0.0.0.0:14360
2022-01-02 13:18:10,974 [Listener at 127.0.0.1/11096] INFO  server.RaftServer$Division (RaftServerImpl.java:start(304)) - 6fa4dbc0-5979-4abd-949d-5f620dcfcc80@group-5D8EB23EFD07: start with initializing state, conf=-1: [], old=null
2022-01-02 13:18:10,974 [Listener at 127.0.0.1/11096] INFO  server.RaftServer$Division (RaftServerImpl.java:setRole(290)) - 6fa4dbc0-5979-4abd-949d-5f620dcfcc80@group-5D8EB23EFD07: changes role from      null to FOLLOWER at term 0 for startInitializing
2022-01-02 13:18:10,975 [Listener at 127.0.0.1/11096] INFO  util.JmxRegister (JmxRegister.java:tryRegister(44)) - Successfully registered JMX Bean with object name Ratis:service=RaftServer,group=group-5D8EB23EFD07,id=6fa4dbc0-5979-4abd-949d-5f620dcfcc80
2022-01-02 13:18:10,975 [Listener at 127.0.0.1/11096] INFO  server.RaftServer (RaftServerProxy.java:lambda$start$5(374)) - 6fa4dbc0-5979-4abd-949d-5f620dcfcc80: start RPC server
2022-01-02 13:18:10,976 [Listener at 127.0.0.1/11096] INFO  server.GrpcService (GrpcService.java:startImpl(253)) - 6fa4dbc0-5979-4abd-949d-5f620dcfcc80: GrpcService started, listening on 14360
2022-01-02 13:18:10,984 [Listener at 127.0.0.1/11096] INFO  ha.SCMNodeInfo (SCMNodeInfo.java:getPort(197)) - ConfigKey ozone.scm.client.address is deprecated, For configuring different ports for each SCM use PortConfigKey ozone.scm.client.port appended with serviceId and nodeId
2022-01-02 13:18:10,984 [Listener at 127.0.0.1/11096] INFO  ha.SCMNodeInfo (SCMNodeInfo.java:getPort(197)) - ConfigKey ozone.scm.block.client.address is deprecated, For configuring different ports for each SCM use PortConfigKey ozone.scm.block.client.port appended with serviceId and nodeId
2022-01-02 13:18:10,984 [Listener at 127.0.0.1/11096] INFO  ha.SCMNodeInfo (SCMNodeInfo.java:getPort(197)) - ConfigKey ozone.scm.datanode.address is deprecated, For configuring different ports for each SCM use PortConfigKey ozone.scm.datanode.port appended with serviceId and nodeId
2022-01-02 13:18:10,984 [Listener at 127.0.0.1/11096] INFO  ha.SCMNodeInfo (SCMNodeInfo.java:getPort(197)) - ConfigKey ozone.scm.client.address is deprecated, For configuring different ports for each SCM use PortConfigKey ozone.scm.client.port appended with serviceId and nodeId
2022-01-02 13:18:10,984 [Listener at 127.0.0.1/11096] INFO  ha.SCMNodeInfo (SCMNodeInfo.java:getPort(197)) - ConfigKey ozone.scm.block.client.address is deprecated, For configuring different ports for each SCM use PortConfigKey ozone.scm.block.client.port appended with serviceId and nodeId
2022-01-02 13:18:10,985 [Listener at 127.0.0.1/11096] INFO  ha.SCMNodeInfo (SCMNodeInfo.java:getPort(197)) - ConfigKey ozone.scm.datanode.address is deprecated, For configuring different ports for each SCM use PortConfigKey ozone.scm.datanode.port appended with serviceId and nodeId
2022-01-02 13:18:10,985 [Listener at 127.0.0.1/11096] INFO  ha.SCMNodeInfo (SCMNodeInfo.java:getPort(197)) - ConfigKey ozone.scm.client.address is deprecated, For configuring different ports for each SCM use PortConfigKey ozone.scm.client.port appended with serviceId and nodeId
2022-01-02 13:18:10,985 [Listener at 127.0.0.1/11096] INFO  ha.SCMNodeInfo (SCMNodeInfo.java:getPort(197)) - ConfigKey ozone.scm.block.client.address is deprecated, For configuring different ports for each SCM use PortConfigKey ozone.scm.block.client.port appended with serviceId and nodeId
2022-01-02 13:18:10,985 [Listener at 127.0.0.1/11096] INFO  ha.SCMNodeInfo (SCMNodeInfo.java:getPort(197)) - ConfigKey ozone.scm.datanode.address is deprecated, For configuring different ports for each SCM use PortConfigKey ozone.scm.datanode.port appended with serviceId and nodeId
2022-01-02 13:18:10,986 [org.apache.ratis.util.JvmPauseMonitor$$Lambda$499/1697441364@968ebd0] INFO  util.JvmPauseMonitor (JvmPauseMonitor.java:run(103)) - JvmPauseMonitor-6fa4dbc0-5979-4abd-949d-5f620dcfcc80: Started
2022-01-02 13:18:10,993 [IPC Server handler 5 on default port 14342] INFO  ha.SCMRatisServerImpl (SCMRatisServerImpl.java:addSCM(291)) - 5af0e6f8-e325-4784-8af8-34780179857f: Submitting SetConfiguration request to Ratis server with new SCM peers list: [5af0e6f8-e325-4784-8af8-34780179857f|rpc:localhost:14340|admin:|client:|dataStream:|priority:0, 3a1420a4-9adf-490e-ae7f-206b4dea1794|rpc:localhost:14350|priority:0, 6fa4dbc0-5979-4abd-949d-5f620dcfcc80|rpc:localhost:14360|priority:0]
2022-01-02 13:18:10,993 [IPC Server handler 5 on default port 14342] INFO  server.RaftServer$Division (RaftServerImpl.java:setConfigurationAsync(974)) - 5af0e6f8-e325-4784-8af8-34780179857f@group-5D8EB23EFD07: receive setConfiguration SetConfigurationRequest:client-A5459ECF0E1B->5af0e6f8-e325-4784-8af8-34780179857f@group-5D8EB23EFD07, cid=10, seq=0, RW, null, peers:[5af0e6f8-e325-4784-8af8-34780179857f|rpc:localhost:14340|admin:|client:|dataStream:|priority:0, 3a1420a4-9adf-490e-ae7f-206b4dea1794|rpc:localhost:14350|priority:0, 6fa4dbc0-5979-4abd-949d-5f620dcfcc80|rpc:localhost:14360|priority:0]
2022-01-02 13:18:10,994 [IPC Server handler 5 on default port 14342] INFO  server.RaftServer$Division (LeaderStateImpl.java:startSetConfiguration(358)) - 5af0e6f8-e325-4784-8af8-34780179857f@group-5D8EB23EFD07-LeaderStateImpl: startSetConfiguration SetConfigurationRequest:client-A5459ECF0E1B->5af0e6f8-e325-4784-8af8-34780179857f@group-5D8EB23EFD07, cid=10, seq=0, RW, null, peers:[5af0e6f8-e325-4784-8af8-34780179857f|rpc:localhost:14340|admin:|client:|dataStream:|priority:0, 3a1420a4-9adf-490e-ae7f-206b4dea1794|rpc:localhost:14350|priority:0, 6fa4dbc0-5979-4abd-949d-5f620dcfcc80|rpc:localhost:14360|priority:0]
2022-01-02 13:18:10,994 [IPC Server handler 5 on default port 14342] INFO  server.RaftServerConfigKeys (ConfUtils.java:logGet(44)) - raft.server.log.appender.snapshot.chunk.size.max = 16MB (=16777216) (default)
2022-01-02 13:18:10,994 [IPC Server handler 5 on default port 14342] INFO  server.RaftServerConfigKeys (ConfUtils.java:logGet(44)) - raft.server.log.appender.buffer.byte-limit = 33554432 (custom)
2022-01-02 13:18:10,994 [IPC Server handler 5 on default port 14342] INFO  server.RaftServerConfigKeys (ConfUtils.java:logGet(44)) - raft.server.log.appender.buffer.element-limit = 1024 (custom)
2022-01-02 13:18:10,995 [IPC Server handler 5 on default port 14342] INFO  grpc.GrpcConfigKeys (ConfUtils.java:logGet(44)) - raft.grpc.server.leader.outstanding.appends.max = 128 (default)
2022-01-02 13:18:10,996 [IPC Server handler 5 on default port 14342] INFO  server.RaftServerConfigKeys (ConfUtils.java:logGet(44)) - raft.server.rpc.request.timeout = 30000ms (custom)
2022-01-02 13:18:10,996 [IPC Server handler 5 on default port 14342] INFO  server.RaftServerConfigKeys (ConfUtils.java:logGet(44)) - raft.server.log.appender.install.snapshot.enabled = false (custom)
2022-01-02 13:18:11,000 [5af0e6f8-e325-4784-8af8-34780179857f@group-5D8EB23EFD07->6fa4dbc0-5979-4abd-949d-5f620dcfcc80-GrpcLogAppender-LogAppenderDaemon] INFO  server.GrpcLogAppender (GrpcLogAppender.java:installSnapshot(550)) - 5af0e6f8-e325-4784-8af8-34780179857f@group-5D8EB23EFD07->6fa4dbc0-5979-4abd-949d-5f620dcfcc80-GrpcLogAppender: followerNextIndex = 0 but logStartIndex = 1, notify follower to install snapshot-(t:2, i:24)
2022-01-02 13:18:11,000 [5af0e6f8-e325-4784-8af8-34780179857f@group-5D8EB23EFD07->6fa4dbc0-5979-4abd-949d-5f620dcfcc80-GrpcLogAppender-LogAppenderDaemon] INFO  server.GrpcLogAppender (GrpcLogAppender.java:installSnapshot(558)) - 5af0e6f8-e325-4784-8af8-34780179857f@group-5D8EB23EFD07->6fa4dbc0-5979-4abd-949d-5f620dcfcc80-GrpcLogAppender: send 5af0e6f8-e325-4784-8af8-34780179857f->6fa4dbc0-5979-4abd-949d-5f620dcfcc80#0-t2,notify:(t:2, i:24)
2022-01-02 13:18:11,006 [grpc-default-executor-0] INFO  server.RaftServer$Division (RaftServerImpl.java:installSnapshot(1332)) - 6fa4dbc0-5979-4abd-949d-5f620dcfcc80@group-5D8EB23EFD07: receive installSnapshot: 5af0e6f8-e325-4784-8af8-34780179857f->6fa4dbc0-5979-4abd-949d-5f620dcfcc80#0-t2,notify:(t:2, i:24)
2022-01-02 13:18:11,007 [grpc-default-executor-0] INFO  ha.SCMStateMachine (SCMStateMachine.java:notifyLeaderChanged(255)) - leader changed, yet current SCM is still follower.
2022-01-02 13:18:11,007 [grpc-default-executor-0] INFO  server.RaftServer$Division (ServerState.java:setLeader(285)) - 6fa4dbc0-5979-4abd-949d-5f620dcfcc80@group-5D8EB23EFD07: change Leader from null to 5af0e6f8-e325-4784-8af8-34780179857f at term 2 for installSnapshot, leader elected after 45211ms
2022-01-02 13:18:11,007 [grpc-default-executor-0] INFO  server.RaftServer$Division (RaftServerImpl.java:notifyStateMachineToInstallSnapshot(1551)) - 6fa4dbc0-5979-4abd-949d-5f620dcfcc80@group-5D8EB23EFD07: Received notification to install snapshot at index 24
2022-01-02 13:18:11,007 [grpc-default-executor-0] INFO  server.RaftServer$Division (RaftServerImpl.java:notifyStateMachineToInstallSnapshot(1582)) - 6fa4dbc0-5979-4abd-949d-5f620dcfcc80@group-5D8EB23EFD07: notifyInstallSnapshot: nextIndex is 0 but the leader's first available index is 24.
2022-01-02 13:18:11,007 [grpc-default-executor-0] INFO  ha.SCMStateMachine (SCMStateMachine.java:notifyInstallSnapshotFromLeader(219)) - Received install snapshot notification from SCM leader: localhost:14340 with term index: (t:2, i:24)
2022-01-02 13:18:11,012 [pool-264-thread-1] INFO  ha.SCMHAManagerImpl (SCMHAManagerImpl.java:getDBCheckpointFromLeader(206)) - Downloading checkpoint from leader SCM scmNode-1 and reloading state from the checkpoint.
2022-01-02 13:18:11,023 [grpc-default-executor-2] INFO  ha.SCMDBCheckpointProvider (SCMDBCheckpointProvider.java:writeDBCheckPointToSream(48)) - Received request to obtain SCM DB checkpoint snapshot
2022-01-02 13:18:11,031 [grpc-default-executor-2] INFO  db.RDBCheckpointManager (RDBCheckpointManager.java:createCheckpoint(86)) - Created checkpoint at /home/runner/work/ozone/ozone/hadoop-ozone/integration-test/target/test-dir/MiniOzoneClusterImpl-c1c80f75-2e15-44e6-8b98-5d8eb23efd07/scmNode-1/db.checkpoints/scm.db_checkpoint_1641129491023 in 8 milliseconds
2022-01-02 13:18:11,046 [grpc-default-executor-2] INFO  ha.SCMGrpcOutputStream (SCMGrpcOutputStream.java:close(111)) - Sent 5784 bytes for cluster c1c80f75-2e15-44e6-8b98-5d8eb23efd07
2022-01-02 13:18:11,046 [grpc-default-executor-2] INFO  ha.SCMDBCheckpointProvider (SCMDBCheckpointProvider.java:writeDBCheckPointToSream(73)) - Time taken to write the checkpoint to response output stream: 15 milliseconds
2022-01-02 13:18:11,046 [grpc-default-executor-2] INFO  db.RocksDBCheckpoint (RocksDBCheckpoint.java:cleanupCheckpoint(78)) - Cleaning up RocksDB checkpoint at /home/runner/work/ozone/ozone/hadoop-ozone/integration-test/target/test-dir/MiniOzoneClusterImpl-c1c80f75-2e15-44e6-8b98-5d8eb23efd07/scmNode-1/db.checkpoints/scm.db_checkpoint_1641129491023
2022-01-02 13:18:11,055 [grpc-default-executor-3] INFO  ha.InterSCMGrpcClient (InterSCMGrpcClient.java:onCompleted(173)) - Checkpoint is downloaded to /home/runner/work/ozone/ozone/hadoop-ozone/integration-test/target/test-dir/MiniOzoneClusterImpl-c1c80f75-2e15-44e6-8b98-5d8eb23efd07/scmNode-3/snapshot/scm.db-scmNode-1-1641129491012.tar.gz
2022-01-02 13:18:11,094 [pool-264-thread-1] INFO  ha.SCMSnapshotProvider (SCMSnapshotProvider.java:getSCMDBSnapshot(131)) - Successfully downloaded latest checkpoint from leader SCM: scmNode-1 path /home/runner/work/ozone/ozone/hadoop-ozone/integration-test/target/test-dir/MiniOzoneClusterImpl-c1c80f75-2e15-44e6-8b98-5d8eb23efd07/scmNode-3/snapshot/scm.db-scmNode-1-1641129491012
2022-01-02 13:18:11,094 [pool-264-thread-1] INFO  ha.SCMHAManagerImpl (SCMHAManagerImpl.java:downloadCheckpointFromLeader(158)) - Downloaded checkpoint from Leader scmNode-1 to the location /home/runner/work/ozone/ozone/hadoop-ozone/integration-test/target/test-dir/MiniOzoneClusterImpl-c1c80f75-2e15-44e6-8b98-5d8eb23efd07/scmNode-3/snapshot/scm.db-scmNode-1-1641129491012
2022-01-02 13:18:11,162 [Datanode State Machine Daemon Thread] ERROR datanode.RunningDatanodeState (RunningDatanodeState.java:computeNextContainerState(199)) - Error in executing end point task.
java.util.concurrent.ExecutionException: java.util.concurrent.TimeoutException
	at java.util.concurrent.FutureTask.report(FutureTask.java:122)
	at java.util.concurrent.FutureTask.get(FutureTask.java:192)
	at org.apache.hadoop.ozone.container.common.states.datanode.RunningDatanodeState.computeNextContainerState(RunningDatanodeState.java:191)
	at org.apache.hadoop.ozone.container.common.states.datanode.RunningDatanodeState.await(RunningDatanodeState.java:231)
	at org.apache.hadoop.ozone.container.common.states.datanode.RunningDatanodeState.await(RunningDatanodeState.java:50)
	at org.apache.hadoop.ozone.container.common.statemachine.StateContext.execute(StateContext.java:633)
	at org.apache.hadoop.ozone.container.common.statemachine.DatanodeStateMachine.start(DatanodeStateMachine.java:280)
	at org.apache.hadoop.ozone.container.common.statemachine.DatanodeStateMachine.lambda$startDaemon$0(DatanodeStateMachine.java:468)
	at java.lang.Thread.run(Thread.java:748)
Caused by: java.util.concurrent.TimeoutException
	at java.util.concurrent.FutureTask.get(FutureTask.java:205)
	at org.apache.hadoop.ozone.container.common.states.datanode.RunningDatanodeState.lambda$execute$0(RunningDatanodeState.java:149)
	at java.util.concurrent.FutureTask.run(FutureTask.java:266)
	at java.util.concurrent.Executors$RunnableAdapter.call(Executors.java:511)
	at java.util.concurrent.FutureTask.run(FutureTask.java:266)
	at java.util.concurrent.ThreadPoolExecutor.runWorker(ThreadPoolExecutor.java:1149)
	at java.util.concurrent.ThreadPoolExecutor$Worker.run(ThreadPoolExecutor.java:624)
	... 1 more
2022-01-02 13:18:11,163 [pool-264-thread-1] INFO  ha.SCMHAManagerImpl (SCMHAManagerImpl.java:verifyCheckpointFromLeader(172)) - Installing checkpoint with SCMTransactionInfo 2#24
2022-01-02 13:18:11,163 [pool-264-thread-1] INFO  server.RaftServer$Division (RaftServerImpl.java:lambda$notifyStateMachineToInstallSnapshot$30(1595)) - 6fa4dbc0-5979-4abd-949d-5f620dcfcc80@group-5D8EB23EFD07: StateMachine successfully installed snapshot index 24. Reloading the StateMachine.
2022-01-02 13:18:11,167 [pool-264-thread-1] INFO  segmented.SegmentedRaftLogWorker (SegmentedRaftLogWorker.java:lambda$new$0(133)) - 6fa4dbc0-5979-4abd-949d-5f620dcfcc80@group-5D8EB23EFD07-SegmentedRaftLogWorker: flushIndex: setUnconditionally -1 -> 24
2022-01-02 13:18:11,167 [pool-264-thread-1] INFO  segmented.SegmentedRaftLogWorker (SegmentedRaftLogWorker.java:lambda$new$0(133)) - 6fa4dbc0-5979-4abd-949d-5f620dcfcc80@group-5D8EB23EFD07-SegmentedRaftLogWorker: safeCacheEvictIndex: setUnconditionally -1 -> 24
2022-01-02 13:18:11,167 [pool-264-thread-1] INFO  raftlog.RaftLog (RaftLogBase.java:lambda$new$0(53)) - 6fa4dbc0-5979-4abd-949d-5f620dcfcc80@group-5D8EB23EFD07-SegmentedRaftLog: snapshotIndex: updateIncreasingly -1 -> 24
2022-01-02 13:18:11,167 [grpc-default-executor-0] INFO  server.RaftServer$Division (RaftServerImpl.java:notifyStateMachineToInstallSnapshot(1638)) - 6fa4dbc0-5979-4abd-949d-5f620dcfcc80@group-5D8EB23EFD07: InstallSnapshot notification result: SNAPSHOT_INSTALLED, at index: 24
2022-01-02 13:18:11,168 [grpc-default-executor-0] INFO  server.RaftServer$Division (RaftServerImpl.java:installSnapshotImpl(1462)) - 6fa4dbc0-5979-4abd-949d-5f620dcfcc80@group-5D8EB23EFD07: set new configuration index: 5
configurationEntry {
  peers {
    id: "5af0e6f8-e325-4784-8af8-34780179857f"
    address: "localhost:14340"
  }
  peers {
    id: "3a1420a4-9adf-490e-ae7f-206b4dea1794"
    address: "localhost:14350"
  }
}
 from snapshot
2022-01-02 13:18:11,168 [grpc-default-executor-0] INFO  server.RaftServer$Division (ServerState.java:setRaftConf(387)) - 6fa4dbc0-5979-4abd-949d-5f620dcfcc80@group-5D8EB23EFD07: set configuration 5: [5af0e6f8-e325-4784-8af8-34780179857f|rpc:localhost:14340|admin:|client:|dataStream:|priority:0, 3a1420a4-9adf-490e-ae7f-206b4dea1794|rpc:localhost:14350|admin:|client:|dataStream:|priority:0], old=null
2022-01-02 13:18:11,168 [grpc-default-executor-0] INFO  server.RaftServer$Division (RaftServerImpl.java:installSnapshot(1343)) - 6fa4dbc0-5979-4abd-949d-5f620dcfcc80@group-5D8EB23EFD07: reply installSnapshot: 5af0e6f8-e325-4784-8af8-34780179857f<-6fa4dbc0-5979-4abd-949d-5f620dcfcc80#0:FAIL-t0,SNAPSHOT_INSTALLED,snapshotIndex=24
2022-01-02 13:18:11,169 [grpc-default-executor-0] INFO  server.GrpcServerProtocolService (GrpcServerProtocolService.java:onCompleted(140)) - 6fa4dbc0-5979-4abd-949d-5f620dcfcc80: Completed INSTALL_SNAPSHOT, lastRequest: 5af0e6f8-e325-4784-8af8-34780179857f->6fa4dbc0-5979-4abd-949d-5f620dcfcc80#0-t2,notify:(t:2, i:24)
2022-01-02 13:18:11,172 [grpc-default-executor-0] INFO  server.GrpcLogAppender (GrpcLogAppender.java:onNext(410)) - 5af0e6f8-e325-4784-8af8-34780179857f@group-5D8EB23EFD07->6fa4dbc0-5979-4abd-949d-5f620dcfcc80-InstallSnapshotResponseHandler: received the first reply 5af0e6f8-e325-4784-8af8-34780179857f<-6fa4dbc0-5979-4abd-949d-5f620dcfcc80#0:FAIL-t0,SNAPSHOT_INSTALLED,snapshotIndex=24
2022-01-02 13:18:11,172 [grpc-default-executor-0] INFO  server.GrpcLogAppender (GrpcLogAppender.java:onNext(450)) - 5af0e6f8-e325-4784-8af8-34780179857f@group-5D8EB23EFD07->6fa4dbc0-5979-4abd-949d-5f620dcfcc80-InstallSnapshotResponseHandler: Follower installed snapshot at index 24
2022-01-02 13:18:11,172 [grpc-default-executor-0] INFO  leader.FollowerInfo (FollowerInfoImpl.java:lambda$new$0(47)) - 5af0e6f8-e325-4784-8af8-34780179857f@group-5D8EB23EFD07->6fa4dbc0-5979-4abd-949d-5f620dcfcc80: snapshotIndex: setUnconditionally 0 -> 24
2022-01-02 13:18:11,173 [grpc-default-executor-0] INFO  leader.FollowerInfo (FollowerInfoImpl.java:lambda$new$0(47)) - 5af0e6f8-e325-4784-8af8-34780179857f@group-5D8EB23EFD07->6fa4dbc0-5979-4abd-949d-5f620dcfcc80: matchIndex: setUnconditionally 0 -> 24
2022-01-02 13:18:11,173 [grpc-default-executor-0] INFO  leader.FollowerInfo (FollowerInfoImpl.java:lambda$new$0(47)) - 5af0e6f8-e325-4784-8af8-34780179857f@group-5D8EB23EFD07->6fa4dbc0-5979-4abd-949d-5f620dcfcc80: nextIndex: setUnconditionally 0 -> 25
2022-01-02 13:18:11,173 [grpc-default-executor-0] INFO  leader.FollowerInfo (FollowerInfoImpl.java:setAttemptedToInstallSnapshot(116)) - Follower 5af0e6f8-e325-4784-8af8-34780179857f@group-5D8EB23EFD07->6fa4dbc0-5979-4abd-949d-5f620dcfcc80 acknowledged installing snapshot
2022-01-02 13:18:11,173 [grpc-default-executor-0] INFO  leader.FollowerInfo (FollowerInfoImpl.java:lambda$new$0(47)) - 5af0e6f8-e325-4784-8af8-34780179857f@group-5D8EB23EFD07->6fa4dbc0-5979-4abd-949d-5f620dcfcc80: nextIndex: updateToMax old=25, new=25, updated? false
2022-01-02 13:18:11,177 [grpc-default-executor-0] INFO  impl.RoleInfo (RoleInfo.java:updateAndGet(130)) - 6fa4dbc0-5979-4abd-949d-5f620dcfcc80: start 6fa4dbc0-5979-4abd-949d-5f620dcfcc80@group-5D8EB23EFD07-FollowerState
2022-01-02 13:18:11,206 [6fa4dbc0-5979-4abd-949d-5f620dcfcc80@group-5D8EB23EFD07-StateMachineUpdater] INFO  ha.SCMHAManagerImpl (SCMHAManagerImpl.java:installCheckpoint(227)) - Installing checkpoint with SCMTransactionInfo 2#24
2022-01-02 13:18:11,209 [EndpointStateMachine task thread for /127.0.0.1:15005 - 0 ] INFO  ipc.Client (Client.java:handleConnectionFailure(977)) - Retrying connect to server: localhost/127.0.0.1:15005. Already tried 9 time(s); retry policy is RetryUpToMaximumCountWithFixedSleep(maxRetries=15, sleepTime=1000 MILLISECONDS)
2022-01-02 13:18:11,210 [6fa4dbc0-5979-4abd-949d-5f620dcfcc80@group-5D8EB23EFD07-StateMachineUpdater] INFO  ha.SCMHAManagerImpl (SCMHAManagerImpl.java:installCheckpoint(266)) - Replaced DB with checkpoint, term: 2, index: 24
2022-01-02 13:18:11,210 [6fa4dbc0-5979-4abd-949d-5f620dcfcc80@group-5D8EB23EFD07-StateMachineUpdater] WARN  utils.HAUtils (HAUtils.java:getMetaDir(342)) - ozone.scm.db.dirs is not configured. We recommend adding this setting. Falling back to ozone.metadata.dirs instead.
2022-01-02 13:18:11,211 [6fa4dbc0-5979-4abd-949d-5f620dcfcc80@group-5D8EB23EFD07-StateMachineUpdater] WARN  db.DBStoreBuilder (DBStoreBuilder.java:applyDBDefinition(145)) - ozone.scm.db.dirs is not configured. We recommend adding this setting. Falling back to ozone.metadata.dirs instead.
2022-01-02 13:18:11,212 [EndpointStateMachine task thread for /127.0.0.1:14995 - 0 ] INFO  ipc.Client (Client.java:handleConnectionFailure(977)) - Retrying connect to server: localhost/127.0.0.1:14995. Already tried 6 time(s); retry policy is RetryUpToMaximumCountWithFixedSleep(maxRetries=15, sleepTime=1000 MILLISECONDS)
2022-01-02 13:18:11,236 [EndpointStateMachine task thread for /127.0.0.1:14985 - 0 ] INFO  ipc.Client (Client.java:handleConnectionFailure(977)) - Retrying connect to server: localhost/127.0.0.1:14985. Already tried 9 time(s); retry policy is RetryUpToMaximumCountWithFixedSleep(maxRetries=15, sleepTime=1000 MILLISECONDS)
2022-01-02 13:18:11,245 [6fa4dbc0-5979-4abd-949d-5f620dcfcc80@group-5D8EB23EFD07-StateMachineUpdater] INFO  ha.SequenceIdGenerator (SequenceIdGenerator.java:reinitialize(166)) - reinitialize SequenceIdGenerator.
2022-01-02 13:18:11,246 [6fa4dbc0-5979-4abd-949d-5f620dcfcc80@group-5D8EB23EFD07-StateMachineUpdater] INFO  ha.SCMHAManagerImpl (SCMHAManagerImpl.java:installCheckpoint(277)) - Reloaded SCM state with Term: 2 and Index: 24
2022-01-02 13:18:11,247 [6fa4dbc0-5979-4abd-949d-5f620dcfcc80@group-5D8EB23EFD07-StateMachineUpdater] INFO  impl.StateMachineUpdater (StateMachineUpdater.java:lambda$new$0(89)) - 6fa4dbc0-5979-4abd-949d-5f620dcfcc80@group-5D8EB23EFD07-StateMachineUpdater: snapshotIndex: setUnconditionally -1 -> 24
2022-01-02 13:18:11,247 [6fa4dbc0-5979-4abd-949d-5f620dcfcc80@group-5D8EB23EFD07-StateMachineUpdater] INFO  impl.StateMachineUpdater (StateMachineUpdater.java:lambda$new$0(89)) - 6fa4dbc0-5979-4abd-949d-5f620dcfcc80@group-5D8EB23EFD07-StateMachineUpdater: appliedIndex: setUnconditionally -1 -> 24
2022-01-02 13:18:12,163 [Datanode State Machine Daemon Thread] ERROR datanode.RunningDatanodeState (RunningDatanodeState.java:computeNextContainerState(199)) - Error in executing end point task.
java.util.concurrent.ExecutionException: java.util.concurrent.TimeoutException
	at java.util.concurrent.FutureTask.report(FutureTask.java:122)
	at java.util.concurrent.FutureTask.get(FutureTask.java:192)
	at org.apache.hadoop.ozone.container.common.states.datanode.RunningDatanodeState.computeNextContainerState(RunningDatanodeState.java:191)
	at org.apache.hadoop.ozone.container.common.states.datanode.RunningDatanodeState.await(RunningDatanodeState.java:231)
	at org.apache.hadoop.ozone.container.common.states.datanode.RunningDatanodeState.await(RunningDatanodeState.java:50)
	at org.apache.hadoop.ozone.container.common.statemachine.StateContext.execute(StateContext.java:633)
	at org.apache.hadoop.ozone.container.common.statemachine.DatanodeStateMachine.start(DatanodeStateMachine.java:280)
	at org.apache.hadoop.ozone.container.common.statemachine.DatanodeStateMachine.lambda$startDaemon$0(DatanodeStateMachine.java:468)
	at java.lang.Thread.run(Thread.java:748)
Caused by: java.util.concurrent.TimeoutException
	at java.util.concurrent.FutureTask.get(FutureTask.java:205)
	at org.apache.hadoop.ozone.container.common.states.datanode.RunningDatanodeState.lambda$execute$0(RunningDatanodeState.java:149)
	at java.util.concurrent.FutureTask.run(FutureTask.java:266)
	at java.util.concurrent.Executors$RunnableAdapter.call(Executors.java:511)
	at java.util.concurrent.FutureTask.run(FutureTask.java:266)
	at java.util.concurrent.ThreadPoolExecutor.runWorker(ThreadPoolExecutor.java:1149)
	at java.util.concurrent.ThreadPoolExecutor$Worker.run(ThreadPoolExecutor.java:624)
	... 1 more
2022-01-02 13:18:12,209 [EndpointStateMachine task thread for /127.0.0.1:15005 - 0 ] INFO  ipc.Client (Client.java:handleConnectionFailure(977)) - Retrying connect to server: localhost/127.0.0.1:15005. Already tried 10 time(s); retry policy is RetryUpToMaximumCountWithFixedSleep(maxRetries=15, sleepTime=1000 MILLISECONDS)
2022-01-02 13:18:12,212 [EndpointStateMachine task thread for /127.0.0.1:14995 - 0 ] INFO  ipc.Client (Client.java:handleConnectionFailure(977)) - Retrying connect to server: localhost/127.0.0.1:14995. Already tried 7 time(s); retry policy is RetryUpToMaximumCountWithFixedSleep(maxRetries=15, sleepTime=1000 MILLISECONDS)
2022-01-02 13:18:12,237 [EndpointStateMachine task thread for /127.0.0.1:14985 - 0 ] INFO  ipc.Client (Client.java:handleConnectionFailure(977)) - Retrying connect to server: localhost/127.0.0.1:14985. Already tried 10 time(s); retry policy is RetryUpToMaximumCountWithFixedSleep(maxRetries=15, sleepTime=1000 MILLISECONDS)
2022-01-02 13:18:13,038 [Datanode State Machine Daemon Thread] ERROR datanode.RunningDatanodeState (RunningDatanodeState.java:computeNextContainerState(199)) - Error in executing end point task.
java.util.concurrent.ExecutionException: java.util.concurrent.TimeoutException
	at java.util.concurrent.FutureTask.report(FutureTask.java:122)
	at java.util.concurrent.FutureTask.get(FutureTask.java:192)
	at org.apache.hadoop.ozone.container.common.states.datanode.RunningDatanodeState.computeNextContainerState(RunningDatanodeState.java:191)
	at org.apache.hadoop.ozone.container.common.states.datanode.RunningDatanodeState.await(RunningDatanodeState.java:231)
	at org.apache.hadoop.ozone.container.common.states.datanode.RunningDatanodeState.await(RunningDatanodeState.java:50)
	at org.apache.hadoop.ozone.container.common.statemachine.StateContext.execute(StateContext.java:633)
	at org.apache.hadoop.ozone.container.common.statemachine.DatanodeStateMachine.start(DatanodeStateMachine.java:280)
	at org.apache.hadoop.ozone.container.common.statemachine.DatanodeStateMachine.lambda$startDaemon$0(DatanodeStateMachine.java:468)
	at java.lang.Thread.run(Thread.java:748)
Caused by: java.util.concurrent.TimeoutException
	at java.util.concurrent.FutureTask.get(FutureTask.java:205)
	at org.apache.hadoop.ozone.container.common.states.datanode.RunningDatanodeState.lambda$execute$0(RunningDatanodeState.java:149)
	at java.util.concurrent.FutureTask.run(FutureTask.java:266)
	at java.util.concurrent.Executors$RunnableAdapter.call(Executors.java:511)
	at java.util.concurrent.FutureTask.run(FutureTask.java:266)
	at java.util.concurrent.ThreadPoolExecutor.runWorker(ThreadPoolExecutor.java:1149)
	at java.util.concurrent.ThreadPoolExecutor$Worker.run(ThreadPoolExecutor.java:624)
	... 1 more
2022-01-02 13:18:13,164 [Datanode State Machine Daemon Thread] ERROR datanode.RunningDatanodeState (RunningDatanodeState.java:computeNextContainerState(199)) - Error in executing end point task.
java.util.concurrent.ExecutionException: java.util.concurrent.TimeoutException
	at java.util.concurrent.FutureTask.report(FutureTask.java:122)
	at java.util.concurrent.FutureTask.get(FutureTask.java:192)
	at org.apache.hadoop.ozone.container.common.states.datanode.RunningDatanodeState.computeNextContainerState(RunningDatanodeState.java:191)
	at org.apache.hadoop.ozone.container.common.states.datanode.RunningDatanodeState.await(RunningDatanodeState.java:231)
	at org.apache.hadoop.ozone.container.common.states.datanode.RunningDatanodeState.await(RunningDatanodeState.java:50)
	at org.apache.hadoop.ozone.container.common.statemachine.StateContext.execute(StateContext.java:633)
	at org.apache.hadoop.ozone.container.common.statemachine.DatanodeStateMachine.start(DatanodeStateMachine.java:280)
	at org.apache.hadoop.ozone.container.common.statemachine.DatanodeStateMachine.lambda$startDaemon$0(DatanodeStateMachine.java:468)
	at java.lang.Thread.run(Thread.java:748)
Caused by: java.util.concurrent.TimeoutException
	at java.util.concurrent.FutureTask.get(FutureTask.java:205)
	at org.apache.hadoop.ozone.container.common.states.datanode.RunningDatanodeState.lambda$execute$0(RunningDatanodeState.java:149)
	at java.util.concurrent.FutureTask.run(FutureTask.java:266)
	at java.util.concurrent.Executors$RunnableAdapter.call(Executors.java:511)
	at java.util.concurrent.FutureTask.run(FutureTask.java:266)
	at java.util.concurrent.ThreadPoolExecutor.runWorker(ThreadPoolExecutor.java:1149)
	at java.util.concurrent.ThreadPoolExecutor$Worker.run(ThreadPoolExecutor.java:624)
	... 1 more
2022-01-02 13:18:13,210 [EndpointStateMachine task thread for /127.0.0.1:15005 - 0 ] INFO  ipc.Client (Client.java:handleConnectionFailure(977)) - Retrying connect to server: localhost/127.0.0.1:15005. Already tried 11 time(s); retry policy is RetryUpToMaximumCountWithFixedSleep(maxRetries=15, sleepTime=1000 MILLISECONDS)
2022-01-02 13:18:13,212 [EndpointStateMachine task thread for /127.0.0.1:14995 - 0 ] INFO  ipc.Client (Client.java:handleConnectionFailure(977)) - Retrying connect to server: localhost/127.0.0.1:14995. Already tried 8 time(s); retry policy is RetryUpToMaximumCountWithFixedSleep(maxRetries=15, sleepTime=1000 MILLISECONDS)
2022-01-02 13:18:13,237 [EndpointStateMachine task thread for /127.0.0.1:14985 - 0 ] INFO  ipc.Client (Client.java:handleConnectionFailure(977)) - Retrying connect to server: localhost/127.0.0.1:14985. Already tried 11 time(s); retry policy is RetryUpToMaximumCountWithFixedSleep(maxRetries=15, sleepTime=1000 MILLISECONDS)
2022-01-02 13:18:14,167 [Datanode State Machine Daemon Thread] ERROR datanode.RunningDatanodeState (RunningDatanodeState.java:computeNextContainerState(199)) - Error in executing end point task.
java.util.concurrent.ExecutionException: java.util.concurrent.TimeoutException
	at java.util.concurrent.FutureTask.report(FutureTask.java:122)
	at java.util.concurrent.FutureTask.get(FutureTask.java:192)
	at org.apache.hadoop.ozone.container.common.states.datanode.RunningDatanodeState.computeNextContainerState(RunningDatanodeState.java:191)
	at org.apache.hadoop.ozone.container.common.states.datanode.RunningDatanodeState.await(RunningDatanodeState.java:231)
	at org.apache.hadoop.ozone.container.common.states.datanode.RunningDatanodeState.await(RunningDatanodeState.java:50)
	at org.apache.hadoop.ozone.container.common.statemachine.StateContext.execute(StateContext.java:633)
	at org.apache.hadoop.ozone.container.common.statemachine.DatanodeStateMachine.start(DatanodeStateMachine.java:280)
	at org.apache.hadoop.ozone.container.common.statemachine.DatanodeStateMachine.lambda$startDaemon$0(DatanodeStateMachine.java:468)
	at java.lang.Thread.run(Thread.java:748)
Caused by: java.util.concurrent.TimeoutException
	at java.util.concurrent.FutureTask.get(FutureTask.java:205)
	at org.apache.hadoop.ozone.container.common.states.datanode.RunningDatanodeState.lambda$execute$0(RunningDatanodeState.java:149)
	at java.util.concurrent.FutureTask.run(FutureTask.java:266)
	at java.util.concurrent.Executors$RunnableAdapter.call(Executors.java:511)
	at java.util.concurrent.FutureTask.run(FutureTask.java:266)
	at java.util.concurrent.ThreadPoolExecutor.runWorker(ThreadPoolExecutor.java:1149)
	at java.util.concurrent.ThreadPoolExecutor$Worker.run(ThreadPoolExecutor.java:624)
	... 1 more
2022-01-02 13:18:14,210 [EndpointStateMachine task thread for /127.0.0.1:15005 - 0 ] INFO  ipc.Client (Client.java:handleConnectionFailure(977)) - Retrying connect to server: localhost/127.0.0.1:15005. Already tried 12 time(s); retry policy is RetryUpToMaximumCountWithFixedSleep(maxRetries=15, sleepTime=1000 MILLISECONDS)
2022-01-02 13:18:14,213 [EndpointStateMachine task thread for /127.0.0.1:14995 - 0 ] INFO  ipc.Client (Client.java:handleConnectionFailure(977)) - Retrying connect to server: localhost/127.0.0.1:14995. Already tried 9 time(s); retry policy is RetryUpToMaximumCountWithFixedSleep(maxRetries=15, sleepTime=1000 MILLISECONDS)
2022-01-02 13:18:14,237 [EndpointStateMachine task thread for /127.0.0.1:14985 - 0 ] INFO  ipc.Client (Client.java:handleConnectionFailure(977)) - Retrying connect to server: localhost/127.0.0.1:14985. Already tried 12 time(s); retry policy is RetryUpToMaximumCountWithFixedSleep(maxRetries=15, sleepTime=1000 MILLISECONDS)
2022-01-02 13:18:15,168 [Datanode State Machine Daemon Thread] ERROR datanode.RunningDatanodeState (RunningDatanodeState.java:computeNextContainerState(199)) - Error in executing end point task.
java.util.concurrent.ExecutionException: java.util.concurrent.TimeoutException
	at java.util.concurrent.FutureTask.report(FutureTask.java:122)
	at java.util.concurrent.FutureTask.get(FutureTask.java:192)
	at org.apache.hadoop.ozone.container.common.states.datanode.RunningDatanodeState.computeNextContainerState(RunningDatanodeState.java:191)
	at org.apache.hadoop.ozone.container.common.states.datanode.RunningDatanodeState.await(RunningDatanodeState.java:231)
	at org.apache.hadoop.ozone.container.common.states.datanode.RunningDatanodeState.await(RunningDatanodeState.java:50)
	at org.apache.hadoop.ozone.container.common.statemachine.StateContext.execute(StateContext.java:633)
	at org.apache.hadoop.ozone.container.common.statemachine.DatanodeStateMachine.start(DatanodeStateMachine.java:280)
	at org.apache.hadoop.ozone.container.common.statemachine.DatanodeStateMachine.lambda$startDaemon$0(DatanodeStateMachine.java:468)
	at java.lang.Thread.run(Thread.java:748)
Caused by: java.util.concurrent.TimeoutException
	at java.util.concurrent.FutureTask.get(FutureTask.java:205)
	at org.apache.hadoop.ozone.container.common.states.datanode.RunningDatanodeState.lambda$execute$0(RunningDatanodeState.java:149)
	at java.util.concurrent.FutureTask.run(FutureTask.java:266)
	at java.util.concurrent.Executors$RunnableAdapter.call(Executors.java:511)
	at java.util.concurrent.FutureTask.run(FutureTask.java:266)
	at java.util.concurrent.ThreadPoolExecutor.runWorker(ThreadPoolExecutor.java:1149)
	at java.util.concurrent.ThreadPoolExecutor$Worker.run(ThreadPoolExecutor.java:624)
	... 1 more
2022-01-02 13:18:15,211 [EndpointStateMachine task thread for /127.0.0.1:15005 - 0 ] INFO  ipc.Client (Client.java:handleConnectionFailure(977)) - Retrying connect to server: localhost/127.0.0.1:15005. Already tried 13 time(s); retry policy is RetryUpToMaximumCountWithFixedSleep(maxRetries=15, sleepTime=1000 MILLISECONDS)
2022-01-02 13:18:15,213 [EndpointStateMachine task thread for /127.0.0.1:14995 - 0 ] INFO  ipc.Client (Client.java:handleConnectionFailure(977)) - Retrying connect to server: localhost/127.0.0.1:14995. Already tried 10 time(s); retry policy is RetryUpToMaximumCountWithFixedSleep(maxRetries=15, sleepTime=1000 MILLISECONDS)
2022-01-02 13:18:15,253 [EndpointStateMachine task thread for /127.0.0.1:14985 - 0 ] INFO  ipc.Client (Client.java:handleConnectionFailure(977)) - Retrying connect to server: localhost/127.0.0.1:14985. Already tried 13 time(s); retry policy is RetryUpToMaximumCountWithFixedSleep(maxRetries=15, sleepTime=1000 MILLISECONDS)
2022-01-02 13:18:15,293 [5af0e6f8-e325-4784-8af8-34780179857f@group-5D8EB23EFD07-LeaderStateImpl] INFO  server.RaftServer$Division (ServerState.java:setRaftConf(387)) - 5af0e6f8-e325-4784-8af8-34780179857f@group-5D8EB23EFD07: set configuration 25: [5af0e6f8-e325-4784-8af8-34780179857f|rpc:localhost:14340|admin:|client:|dataStream:|priority:0, 6fa4dbc0-5979-4abd-949d-5f620dcfcc80|rpc:localhost:14360|priority:0, 3a1420a4-9adf-490e-ae7f-206b4dea1794|rpc:localhost:14350|priority:0], old=[5af0e6f8-e325-4784-8af8-34780179857f|rpc:localhost:14340|admin:|client:|dataStream:|priority:0, 3a1420a4-9adf-490e-ae7f-206b4dea1794|rpc:localhost:14350|priority:0]
2022-01-02 13:18:15,296 [grpc-default-executor-0] INFO  server.RaftServer$Division (ServerState.java:setRaftConf(387)) - 3a1420a4-9adf-490e-ae7f-206b4dea1794@group-5D8EB23EFD07: set configuration 25: [5af0e6f8-e325-4784-8af8-34780179857f|rpc:localhost:14340|admin:|client:|dataStream:|priority:0, 6fa4dbc0-5979-4abd-949d-5f620dcfcc80|rpc:localhost:14360|admin:|client:|dataStream:|priority:0, 3a1420a4-9adf-490e-ae7f-206b4dea1794|rpc:localhost:14350|admin:|client:|dataStream:|priority:0], old=[5af0e6f8-e325-4784-8af8-34780179857f|rpc:localhost:14340|admin:|client:|dataStream:|priority:0, 3a1420a4-9adf-490e-ae7f-206b4dea1794|rpc:localhost:14350|admin:|client:|dataStream:|priority:0]
2022-01-02 13:18:15,298 [grpc-default-executor-2] INFO  server.RaftServer$Division (ServerState.java:setRaftConf(387)) - 6fa4dbc0-5979-4abd-949d-5f620dcfcc80@group-5D8EB23EFD07: set configuration 25: [5af0e6f8-e325-4784-8af8-34780179857f|rpc:localhost:14340|admin:|client:|dataStream:|priority:0, 6fa4dbc0-5979-4abd-949d-5f620dcfcc80|rpc:localhost:14360|admin:|client:|dataStream:|priority:0, 3a1420a4-9adf-490e-ae7f-206b4dea1794|rpc:localhost:14350|admin:|client:|dataStream:|priority:0], old=[5af0e6f8-e325-4784-8af8-34780179857f|rpc:localhost:14340|admin:|client:|dataStream:|priority:0, 3a1420a4-9adf-490e-ae7f-206b4dea1794|rpc:localhost:14350|admin:|client:|dataStream:|priority:0]
2022-01-02 13:18:15,298 [grpc-default-executor-2] INFO  segmented.SegmentedRaftLogWorker (SegmentedRaftLogWorker.java:startLogSegment(394)) - 6fa4dbc0-5979-4abd-949d-5f620dcfcc80@group-5D8EB23EFD07-SegmentedRaftLogWorker: Starting segment from index:25
2022-01-02 13:18:15,308 [6fa4dbc0-5979-4abd-949d-5f620dcfcc80@group-5D8EB23EFD07-SegmentedRaftLogWorker] INFO  segmented.SegmentedRaftLogWorker (SegmentedRaftLogWorker.java:execute(601)) - 6fa4dbc0-5979-4abd-949d-5f620dcfcc80@group-5D8EB23EFD07-SegmentedRaftLogWorker: created new log segment /home/runner/work/ozone/ozone/hadoop-ozone/integration-test/target/test-dir/MiniOzoneClusterImpl-c1c80f75-2e15-44e6-8b98-5d8eb23efd07/scmNode-3/scm-ha/c1c80f75-2e15-44e6-8b98-5d8eb23efd07/current/log_inprogress_25
2022-01-02 13:18:15,316 [5af0e6f8-e325-4784-8af8-34780179857f@group-5D8EB23EFD07-StateMachineUpdater] INFO  ha.SCMStateMachine (SCMStateMachine.java:takeSnapshot(297)) - Current Snapshot Index 25, takeSnapshot took 0 ms
2022-01-02 13:18:15,316 [5af0e6f8-e325-4784-8af8-34780179857f@group-5D8EB23EFD07-StateMachineUpdater] INFO  impl.StateMachineUpdater (StateMachineUpdater.java:takeSnapshot(281)) - 5af0e6f8-e325-4784-8af8-34780179857f@group-5D8EB23EFD07-StateMachineUpdater: Took a snapshot at index 25
2022-01-02 13:18:15,316 [5af0e6f8-e325-4784-8af8-34780179857f@group-5D8EB23EFD07-StateMachineUpdater] INFO  impl.StateMachineUpdater (StateMachineUpdater.java:lambda$new$0(89)) - 5af0e6f8-e325-4784-8af8-34780179857f@group-5D8EB23EFD07-StateMachineUpdater: snapshotIndex: updateIncreasingly 20 -> 25
2022-01-02 13:18:15,316 [5af0e6f8-e325-4784-8af8-34780179857f@group-5D8EB23EFD07-StateMachineUpdater] INFO  raftlog.RaftLog (RaftLogBase.java:purge(306)) - 5af0e6f8-e325-4784-8af8-34780179857f@group-5D8EB23EFD07-SegmentedRaftLog: purge 25
2022-01-02 13:18:15,317 [5af0e6f8-e325-4784-8af8-34780179857f@group-5D8EB23EFD07-StateMachineUpdater] INFO  raftlog.RaftLog (RaftLogBase.java:lambda$new$0(53)) - 5af0e6f8-e325-4784-8af8-34780179857f@group-5D8EB23EFD07-SegmentedRaftLog: snapshotIndex: updateIncreasingly 20 -> 25
2022-01-02 13:18:15,317 [5af0e6f8-e325-4784-8af8-34780179857f@group-5D8EB23EFD07-StateMachineUpdater] INFO  raftlog.RaftLog (RaftLogBase.java:lambda$new$0(53)) - 5af0e6f8-e325-4784-8af8-34780179857f@group-5D8EB23EFD07-SegmentedRaftLog: purgeIndex: updateToMax old=20, new=25, updated? true
2022-01-02 13:18:15,335 [5af0e6f8-e325-4784-8af8-34780179857f@group-5D8EB23EFD07-LeaderStateImpl] INFO  server.RaftServer$Division (ServerState.java:setRaftConf(387)) - 5af0e6f8-e325-4784-8af8-34780179857f@group-5D8EB23EFD07: set configuration 27: [5af0e6f8-e325-4784-8af8-34780179857f|rpc:localhost:14340|admin:|client:|dataStream:|priority:0, 6fa4dbc0-5979-4abd-949d-5f620dcfcc80|rpc:localhost:14360|priority:0, 3a1420a4-9adf-490e-ae7f-206b4dea1794|rpc:localhost:14350|priority:0], old=null
2022-01-02 13:18:15,335 [grpc-default-executor-2] INFO  server.RaftServer$Division (ServerState.java:setRaftConf(387)) - 3a1420a4-9adf-490e-ae7f-206b4dea1794@group-5D8EB23EFD07: set configuration 27: [5af0e6f8-e325-4784-8af8-34780179857f|rpc:localhost:14340|admin:|client:|dataStream:|priority:0, 6fa4dbc0-5979-4abd-949d-5f620dcfcc80|rpc:localhost:14360|admin:|client:|dataStream:|priority:0, 3a1420a4-9adf-490e-ae7f-206b4dea1794|rpc:localhost:14350|admin:|client:|dataStream:|priority:0], old=null
2022-01-02 13:18:15,335 [grpc-default-executor-0] INFO  server.RaftServer$Division (ServerState.java:setRaftConf(387)) - 6fa4dbc0-5979-4abd-949d-5f620dcfcc80@group-5D8EB23EFD07: set configuration 27: [5af0e6f8-e325-4784-8af8-34780179857f|rpc:localhost:14340|admin:|client:|dataStream:|priority:0, 6fa4dbc0-5979-4abd-949d-5f620dcfcc80|rpc:localhost:14360|admin:|client:|dataStream:|priority:0, 3a1420a4-9adf-490e-ae7f-206b4dea1794|rpc:localhost:14350|admin:|client:|dataStream:|priority:0], old=null
2022-01-02 13:18:15,348 [IPC Server handler 5 on default port 14342] INFO  ha.SCMRatisServerImpl (SCMRatisServerImpl.java:addSCM(302)) - Successfully added new SCM: 6fa4dbc0-5979-4abd-949d-5f620dcfcc80.
2022-01-02 13:18:15,350 [Listener at 127.0.0.1/11096] INFO  ha.SCMHAManagerImpl (SCMHAManagerImpl.java:start(116)) - Successfully added SCM scmNode-3 to group group-5D8EB23EFD07:[5af0e6f8-e325-4784-8af8-34780179857f|rpc:localhost:14340|admin:|client:|dataStream:|priority:0, 6fa4dbc0-5979-4abd-949d-5f620dcfcc80|rpc:localhost:14360|admin:|client:|dataStream:|priority:0, 3a1420a4-9adf-490e-ae7f-206b4dea1794|rpc:localhost:14350|admin:|client:|dataStream:|priority:0]
2022-01-02 13:18:15,350 [Listener at 127.0.0.1/11096] INFO  ha.InterSCMGrpcService (InterSCMGrpcProtocolService.java:start(94)) - Starting SCM Grpc Service at port 14364
2022-01-02 13:18:15,351 [Listener at 127.0.0.1/11096] INFO  impl.MetricsSystemImpl (MetricsSystemImpl.java:init(158)) - StorageContainerManager metrics system started (again)
2022-01-02 13:18:15,366 [6fa4dbc0-5979-4abd-949d-5f620dcfcc80@group-5D8EB23EFD07-StateMachineUpdater] INFO  safemode.HealthyPipelineSafeModeRule (HealthyPipelineSafeModeRule.java:initializeRule(152)) - Refreshed total pipeline count is 1, healthy pipeline threshold count is 1
2022-01-02 13:18:15,367 [6fa4dbc0-5979-4abd-949d-5f620dcfcc80@group-5D8EB23EFD07-StateMachineUpdater] INFO  safemode.ContainerSafeModeRule (ContainerSafeModeRule.java:reInitializeRule(177)) - Refreshed one replica container threshold 0, currentThreshold 0
2022-01-02 13:18:15,367 [6fa4dbc0-5979-4abd-949d-5f620dcfcc80@group-5D8EB23EFD07-StateMachineUpdater] INFO  safemode.OneReplicaPipelineSafeModeRule (OneReplicaPipelineSafeModeRule.java:initializeRule(176)) - Refreshed Total pipeline count is 1, pipeline's with at least one datanode reported threshold count is 1
2022-01-02 13:18:15,367 [6fa4dbc0-5979-4abd-949d-5f620dcfcc80@group-5D8EB23EFD07-StateMachineUpdater] INFO  server.SCMDatanodeProtocolServer (SCMDatanodeProtocolServer.java:start(181)) - ScmDatanodeProtocol RPC server for DataNodes is listening at /0.0.0.0:14361
2022-01-02 13:18:15,377 [IPC Server Responder] INFO  ipc.Server (Server.java:run(1507)) - IPC Server Responder: starting
2022-01-02 13:18:15,385 [IPC Server listener on 14361] INFO  ipc.Server (Server.java:run(1344)) - IPC Server listener on 14361: starting
2022-01-02 13:18:15,392 [Listener at 127.0.0.1/11096] INFO  server.SCMClientProtocolServer (SCMClientProtocolServer.java:start(164)) - RPC server for Client  is listening at /0.0.0.0:14363
2022-01-02 13:18:15,399 [IPC Server Responder] INFO  ipc.Server (Server.java:run(1507)) - IPC Server Responder: starting
2022-01-02 13:18:15,410 [IPC Server listener on 14363] INFO  ipc.Server (Server.java:run(1344)) - IPC Server listener on 14363: starting
2022-01-02 13:18:15,454 [Listener at 127.0.0.1/11096] INFO  server.StorageContainerManager (StorageContainerManager.java:start(1318)) - ScmBlockLocationProtocol RPC server is listening at /0.0.0.0:14362
2022-01-02 13:18:15,454 [Listener at 127.0.0.1/11096] INFO  server.SCMBlockProtocolServer (SCMBlockProtocolServer.java:start(151)) - RPC server for Block Protocol is listening at /0.0.0.0:14362
2022-01-02 13:18:15,455 [IPC Server Responder] INFO  ipc.Server (Server.java:run(1507)) - IPC Server Responder: starting
2022-01-02 13:18:15,455 [IPC Server listener on 14362] INFO  ipc.Server (Server.java:run(1344)) - IPC Server listener on 14362: starting
2022-01-02 13:18:15,491 [07a6759e-563e-4423-80ed-ce00ebedab03@group-FCC823D1752E-FollowerState] INFO  impl.FollowerState (FollowerState.java:run(134)) - 07a6759e-563e-4423-80ed-ce00ebedab03@group-FCC823D1752E-FollowerState: change to CANDIDATE, lastRpcElapsedTime:5036714862ns, electionTimeout:5029ms
2022-01-02 13:18:15,491 [07a6759e-563e-4423-80ed-ce00ebedab03@group-FCC823D1752E-FollowerState] INFO  impl.RoleInfo (RoleInfo.java:shutdownFollowerState(108)) - 07a6759e-563e-4423-80ed-ce00ebedab03: shutdown 07a6759e-563e-4423-80ed-ce00ebedab03@group-FCC823D1752E-FollowerState
2022-01-02 13:18:15,491 [07a6759e-563e-4423-80ed-ce00ebedab03@group-FCC823D1752E-FollowerState] INFO  server.RaftServer$Division (RaftServerImpl.java:setRole(290)) - 07a6759e-563e-4423-80ed-ce00ebedab03@group-FCC823D1752E: changes role from  FOLLOWER to CANDIDATE at term 7 for changeToCandidate
2022-01-02 13:18:15,491 [07a6759e-563e-4423-80ed-ce00ebedab03@group-FCC823D1752E-FollowerState] INFO  server.RaftServerConfigKeys (ConfUtils.java:logGet(44)) - raft.server.leaderelection.pre-vote = false (custom)
2022-01-02 13:18:15,491 [07a6759e-563e-4423-80ed-ce00ebedab03@group-FCC823D1752E-FollowerState] INFO  impl.RoleInfo (RoleInfo.java:updateAndGet(130)) - 07a6759e-563e-4423-80ed-ce00ebedab03: start 07a6759e-563e-4423-80ed-ce00ebedab03@group-FCC823D1752E-LeaderElection40
2022-01-02 13:18:15,492 [IPC Server handler 1 on default port 14361] INFO  ipc.Server (Server.java:run(1026)) - IPC Server handler 1 on default port 14361: skipped Call#528 Retry#0 org.apache.hadoop.ozone.protocol.StorageContainerDatanodeProtocol.submitRequest from 127.0.0.1:60398
2022-01-02 13:18:15,492 [IPC Server handler 0 on default port 14361] INFO  ipc.Server (Server.java:run(1026)) - IPC Server handler 0 on default port 14361: skipped Call#251 Retry#0 org.apache.hadoop.ozone.protocol.StorageContainerDatanodeProtocol.submitRequest from 127.0.0.1:60044
2022-01-02 13:18:15,493 [IPC Server handler 2 on default port 14361] INFO  ipc.Server (Server.java:run(1026)) - IPC Server handler 2 on default port 14361: skipped Call#392 Retry#0 org.apache.hadoop.ozone.protocol.StorageContainerDatanodeProtocol.submitRequest from 127.0.0.1:60236
2022-01-02 13:18:15,493 [IPC Server handler 2 on default port 14361] INFO  ipc.Server (Server.java:run(1026)) - IPC Server handler 2 on default port 14361: skipped Call#460 Retry#0 org.apache.hadoop.ozone.protocol.StorageContainerDatanodeProtocol.submitRequest from 127.0.0.1:60320
2022-01-02 13:18:15,493 [IPC Server handler 2 on default port 14361] INFO  ipc.Server (Server.java:run(1026)) - IPC Server handler 2 on default port 14361: skipped Call#275 Retry#0 org.apache.hadoop.ozone.protocol.StorageContainerDatanodeProtocol.submitRequest from 127.0.0.1:60082
2022-01-02 13:18:15,493 [IPC Server handler 2 on default port 14361] INFO  ipc.Server (Server.java:run(1026)) - IPC Server handler 2 on default port 14361: skipped Call#319 Retry#0 org.apache.hadoop.ozone.protocol.StorageContainerDatanodeProtocol.submitRequest from 127.0.0.1:60140
2022-01-02 13:18:15,493 [IPC Server handler 2 on default port 14361] INFO  ipc.Server (Server.java:run(1026)) - IPC Server handler 2 on default port 14361: skipped Call#495 Retry#0 org.apache.hadoop.ozone.protocol.StorageContainerDatanodeProtocol.submitRequest from 127.0.0.1:60358
2022-01-02 13:18:15,493 [IPC Server handler 2 on default port 14361] INFO  ipc.Server (Server.java:run(1026)) - IPC Server handler 2 on default port 14361: skipped Call#254 Retry#0 org.apache.hadoop.ozone.protocol.StorageContainerDatanodeProtocol.submitRequest from 127.0.0.1:60044
2022-01-02 13:18:15,493 [IPC Server handler 2 on default port 14361] INFO  ipc.Server (Server.java:run(1026)) - IPC Server handler 2 on default port 14361: skipped Call#530 Retry#0 org.apache.hadoop.ozone.protocol.StorageContainerDatanodeProtocol.submitRequest from 127.0.0.1:60398
2022-01-02 13:18:15,493 [IPC Server handler 2 on default port 14361] INFO  ipc.Server (Server.java:run(1026)) - IPC Server handler 2 on default port 14361: skipped Call#393 Retry#0 org.apache.hadoop.ozone.protocol.StorageContainerDatanodeProtocol.submitRequest from 127.0.0.1:60236
2022-01-02 13:18:15,493 [IPC Server handler 4 on default port 14361] INFO  ipc.Server (Server.java:run(1026)) - IPC Server handler 4 on default port 14361: skipped Call#426 Retry#0 org.apache.hadoop.ozone.protocol.StorageContainerDatanodeProtocol.submitRequest from 127.0.0.1:60280
2022-01-02 13:18:15,493 [IPC Server handler 4 on default port 14361] INFO  ipc.Server (Server.java:run(1026)) - IPC Server handler 4 on default port 14361: skipped Call#462 Retry#0 org.apache.hadoop.ozone.protocol.StorageContainerDatanodeProtocol.submitRequest from 127.0.0.1:60320
2022-01-02 13:18:15,493 [IPC Server handler 4 on default port 14361] INFO  ipc.Server (Server.java:run(1026)) - IPC Server handler 4 on default port 14361: skipped Call#277 Retry#0 org.apache.hadoop.ozone.protocol.StorageContainerDatanodeProtocol.submitRequest from 127.0.0.1:60082
2022-01-02 13:18:15,493 [IPC Server handler 4 on default port 14361] INFO  ipc.Server (Server.java:run(1026)) - IPC Server handler 4 on default port 14361: skipped Call#320 Retry#0 org.apache.hadoop.ozone.protocol.StorageContainerDatanodeProtocol.submitRequest from 127.0.0.1:60140
2022-01-02 13:18:15,493 [IPC Server handler 4 on default port 14361] INFO  ipc.Server (Server.java:run(1026)) - IPC Server handler 4 on default port 14361: skipped Call#357 Retry#0 org.apache.hadoop.ozone.protocol.StorageContainerDatanodeProtocol.submitRequest from 127.0.0.1:60188
2022-01-02 13:18:15,493 [IPC Server handler 4 on default port 14361] INFO  ipc.Server (Server.java:run(1026)) - IPC Server handler 4 on default port 14361: skipped Call#496 Retry#0 org.apache.hadoop.ozone.protocol.StorageContainerDatanodeProtocol.submitRequest from 127.0.0.1:60358
2022-01-02 13:18:15,493 [IPC Server handler 4 on default port 14361] INFO  ipc.Server (Server.java:run(1026)) - IPC Server handler 4 on default port 14361: skipped Call#257 Retry#0 org.apache.hadoop.ozone.protocol.StorageContainerDatanodeProtocol.submitRequest from 127.0.0.1:60044
2022-01-02 13:18:15,493 [IPC Server handler 4 on default port 14361] INFO  ipc.Server (Server.java:run(1026)) - IPC Server handler 4 on default port 14361: skipped Call#529 Retry#0 org.apache.hadoop.ozone.protocol.StorageContainerDatanodeProtocol.submitRequest from 127.0.0.1:60398
2022-01-02 13:18:15,493 [IPC Server handler 4 on default port 14361] INFO  ipc.Server (Server.java:run(1026)) - IPC Server handler 4 on default port 14361: skipped Call#427 Retry#0 org.apache.hadoop.ozone.protocol.StorageContainerDatanodeProtocol.submitRequest from 127.0.0.1:60280
2022-01-02 13:18:15,493 [IPC Server handler 4 on default port 14361] INFO  ipc.Server (Server.java:run(1026)) - IPC Server handler 4 on default port 14361: skipped Call#394 Retry#0 org.apache.hadoop.ozone.protocol.StorageContainerDatanodeProtocol.submitRequest from 127.0.0.1:60236
2022-01-02 13:18:15,493 [IPC Server handler 5 on default port 14361] INFO  ipc.Server (Server.java:run(1026)) - IPC Server handler 5 on default port 14361: skipped Call#461 Retry#0 org.apache.hadoop.ozone.protocol.StorageContainerDatanodeProtocol.submitRequest from 127.0.0.1:60320
2022-01-02 13:18:15,493 [IPC Server handler 5 on default port 14361] INFO  ipc.Server (Server.java:run(1026)) - IPC Server handler 5 on default port 14361: skipped Call#278 Retry#0 org.apache.hadoop.ozone.protocol.StorageContainerDatanodeProtocol.submitRequest from 127.0.0.1:60082
2022-01-02 13:18:15,493 [IPC Server handler 5 on default port 14361] INFO  ipc.Server (Server.java:run(1026)) - IPC Server handler 5 on default port 14361: skipped Call#321 Retry#0 org.apache.hadoop.ozone.protocol.StorageContainerDatanodeProtocol.submitRequest from 127.0.0.1:60140
2022-01-02 13:18:15,493 [IPC Server handler 5 on default port 14361] INFO  ipc.Server (Server.java:run(1026)) - IPC Server handler 5 on default port 14361: skipped Call#358 Retry#0 org.apache.hadoop.ozone.protocol.StorageContainerDatanodeProtocol.submitRequest from 127.0.0.1:60188
2022-01-02 13:18:15,493 [IPC Server handler 5 on default port 14361] INFO  ipc.Server (Server.java:run(1026)) - IPC Server handler 5 on default port 14361: skipped Call#497 Retry#0 org.apache.hadoop.ozone.protocol.StorageContainerDatanodeProtocol.submitRequest from 127.0.0.1:60358
2022-01-02 13:18:15,492 [IPC Server handler 1 on default port 14361] INFO  ipc.Server (Server.java:run(1026)) - IPC Server handler 1 on default port 14361: skipped Call#425 Retry#0 org.apache.hadoop.ozone.protocol.StorageContainerDatanodeProtocol.submitRequest from 127.0.0.1:60280
2022-01-02 13:18:15,493 [IPC Server handler 3 on default port 14361] INFO  ipc.Server (Server.java:run(1026)) - IPC Server handler 3 on default port 14361: skipped Call#356 Retry#0 org.apache.hadoop.ozone.protocol.StorageContainerDatanodeProtocol.submitRequest from 127.0.0.1:60188
2022-01-02 13:18:15,499 [EndpointStateMachine task thread for /127.0.0.1:14361 - 0 ] INFO  ozoneimpl.OzoneContainer (OzoneContainer.java:start(311)) - Ignore. OzoneContainer already started.
2022-01-02 13:18:15,506 [EndpointStateMachine task thread for /127.0.0.1:14361 - 0 ] INFO  ozoneimpl.OzoneContainer (OzoneContainer.java:start(311)) - Ignore. OzoneContainer already started.
2022-01-02 13:18:15,517 [07a6759e-563e-4423-80ed-ce00ebedab03@group-FCC823D1752E-LeaderElection40] INFO  impl.LeaderElection (LeaderElection.java:askForVotes(306)) - 07a6759e-563e-4423-80ed-ce00ebedab03@group-FCC823D1752E-LeaderElection40 ELECTION round 0: submit vote requests at term 8 for -1: [07c4551c-5eaf-48e0-b21d-d7eec408612b|rpc:127.0.0.1:41023|priority:0, 07a6759e-563e-4423-80ed-ce00ebedab03|rpc:127.0.0.1:43531|priority:1, 666cbc02-cfaa-4937-bb27-8c807157e922|rpc:127.0.0.1:45001|priority:0], old=null
2022-01-02 13:18:15,522 [grpc-default-executor-0] INFO  server.RaftServer$Division (RaftServerImpl.java:requestVote(1046)) - 07c4551c-5eaf-48e0-b21d-d7eec408612b@group-FCC823D1752E: receive requestVote(ELECTION, 07a6759e-563e-4423-80ed-ce00ebedab03, group-FCC823D1752E, 8, (t:0, i:0))
2022-01-02 13:18:15,522 [grpc-default-executor-0] INFO  impl.VoteContext (VoteContext.java:log(48)) - 07c4551c-5eaf-48e0-b21d-d7eec408612b@group-FCC823D1752E-FOLLOWER: accept ELECTION from 07a6759e-563e-4423-80ed-ce00ebedab03: our priority 0 <= candidate's priority 1
2022-01-02 13:18:15,522 [grpc-default-executor-0] INFO  server.RaftServer$Division (RaftServerImpl.java:setRole(290)) - 07c4551c-5eaf-48e0-b21d-d7eec408612b@group-FCC823D1752E: changes role from  FOLLOWER to FOLLOWER at term 8 for candidate:07a6759e-563e-4423-80ed-ce00ebedab03
2022-01-02 13:18:15,522 [grpc-default-executor-0] INFO  impl.RoleInfo (RoleInfo.java:shutdownFollowerState(108)) - 07c4551c-5eaf-48e0-b21d-d7eec408612b: shutdown 07c4551c-5eaf-48e0-b21d-d7eec408612b@group-FCC823D1752E-FollowerState
2022-01-02 13:18:15,528 [07c4551c-5eaf-48e0-b21d-d7eec408612b@group-FCC823D1752E-FollowerState] INFO  impl.FollowerState (FollowerState.java:run(127)) - 07c4551c-5eaf-48e0-b21d-d7eec408612b@group-FCC823D1752E-FollowerState: Stopping now (isRunning? false, isFollower? true)
2022-01-02 13:18:15,529 [EndpointStateMachine task thread for /127.0.0.1:14361 - 0 ] INFO  ozoneimpl.OzoneContainer (OzoneContainer.java:start(311)) - Ignore. OzoneContainer already started.
2022-01-02 13:18:15,529 [org.apache.hadoop.util.JvmPauseMonitor$Monitor@1229de5e] INFO  util.JvmPauseMonitor (JvmPauseMonitor.java:run(188)) - Starting JVM pause monitor
2022-01-02 13:18:15,529 [grpc-default-executor-0] INFO  impl.RoleInfo (RoleInfo.java:updateAndGet(130)) - 07c4551c-5eaf-48e0-b21d-d7eec408612b: start 07c4551c-5eaf-48e0-b21d-d7eec408612b@group-FCC823D1752E-FollowerState
2022-01-02 13:18:15,529 [Listener at 127.0.0.1/11096] INFO  http.BaseHttpServer (BaseHttpServer.java:newHttpServer2BuilderForOzone(209)) - Starting Web-server for scm at: http://0.0.0.0:14358
2022-01-02 13:18:15,529 [Listener at 127.0.0.1/11096] INFO  http.BaseHttpServer (BaseHttpServer.java:<init>(107)) - Hadoop Security Enabled: false Ozone Security Enabled: false Ozone HTTP Security Enabled: false 
2022-01-02 13:18:15,530 [Listener at 127.0.0.1/11096] INFO  server.AuthenticationFilter (AuthenticationFilter.java:constructSecretProvider(240)) - Unable to initialize FileSignerSecretProvider, falling back to use random secrets.
2022-01-02 13:18:15,531 [grpc-default-executor-2] INFO  server.RaftServer$Division (RaftServerImpl.java:requestVote(1046)) - 666cbc02-cfaa-4937-bb27-8c807157e922@group-FCC823D1752E: receive requestVote(ELECTION, 07a6759e-563e-4423-80ed-ce00ebedab03, group-FCC823D1752E, 8, (t:0, i:0))
2022-01-02 13:18:15,532 [grpc-default-executor-2] INFO  impl.VoteContext (VoteContext.java:log(48)) - 666cbc02-cfaa-4937-bb27-8c807157e922@group-FCC823D1752E-FOLLOWER: accept ELECTION from 07a6759e-563e-4423-80ed-ce00ebedab03: our priority 0 <= candidate's priority 1
2022-01-02 13:18:15,532 [grpc-default-executor-2] INFO  server.RaftServer$Division (RaftServerImpl.java:setRole(290)) - 666cbc02-cfaa-4937-bb27-8c807157e922@group-FCC823D1752E: changes role from  FOLLOWER to FOLLOWER at term 8 for candidate:07a6759e-563e-4423-80ed-ce00ebedab03
2022-01-02 13:18:15,532 [grpc-default-executor-2] INFO  impl.RoleInfo (RoleInfo.java:shutdownFollowerState(108)) - 666cbc02-cfaa-4937-bb27-8c807157e922: shutdown 666cbc02-cfaa-4937-bb27-8c807157e922@group-FCC823D1752E-FollowerState
2022-01-02 13:18:15,535 [666cbc02-cfaa-4937-bb27-8c807157e922@group-FCC823D1752E-FollowerState] INFO  impl.FollowerState (FollowerState.java:run(143)) - 666cbc02-cfaa-4937-bb27-8c807157e922@group-FCC823D1752E-FollowerState was interrupted: {}
java.lang.InterruptedException: sleep interrupted
	at java.lang.Thread.sleep(Native Method)
	at java.lang.Thread.sleep(Thread.java:340)
	at java.util.concurrent.TimeUnit.sleep(TimeUnit.java:386)
	at org.apache.ratis.util.TimeDuration.sleep(TimeDuration.java:324)
	at org.apache.ratis.util.TimeDuration.sleep(TimeDuration.java:309)
	at org.apache.ratis.server.impl.FollowerState.run(FollowerState.java:118)
2022-01-02 13:18:15,535 [grpc-default-executor-2] INFO  impl.RoleInfo (RoleInfo.java:updateAndGet(130)) - 666cbc02-cfaa-4937-bb27-8c807157e922: start 666cbc02-cfaa-4937-bb27-8c807157e922@group-FCC823D1752E-FollowerState
2022-01-02 13:18:15,536 [grpc-default-executor-0] INFO  server.RaftServer$Division (RaftServerImpl.java:requestVote(1078)) - 07c4551c-5eaf-48e0-b21d-d7eec408612b@group-FCC823D1752E replies to ELECTION vote request: 07a6759e-563e-4423-80ed-ce00ebedab03<-07c4551c-5eaf-48e0-b21d-d7eec408612b#0:OK-t8. Peer's state: 07c4551c-5eaf-48e0-b21d-d7eec408612b@group-FCC823D1752E:t8, leader=null, voted=07a6759e-563e-4423-80ed-ce00ebedab03, raftlog=07c4551c-5eaf-48e0-b21d-d7eec408612b@group-FCC823D1752E-SegmentedRaftLog:OPENED:c-1, conf=-1: [07c4551c-5eaf-48e0-b21d-d7eec408612b|rpc:127.0.0.1:41023|dataStream:|priority:0, 07a6759e-563e-4423-80ed-ce00ebedab03|rpc:127.0.0.1:43531|dataStream:|priority:1, 666cbc02-cfaa-4937-bb27-8c807157e922|rpc:127.0.0.1:45001|dataStream:|priority:0], old=null
2022-01-02 13:18:15,540 [grpc-default-executor-2] INFO  server.RaftServer$Division (RaftServerImpl.java:requestVote(1078)) - 666cbc02-cfaa-4937-bb27-8c807157e922@group-FCC823D1752E replies to ELECTION vote request: 07a6759e-563e-4423-80ed-ce00ebedab03<-666cbc02-cfaa-4937-bb27-8c807157e922#0:OK-t8. Peer's state: 666cbc02-cfaa-4937-bb27-8c807157e922@group-FCC823D1752E:t8, leader=null, voted=07a6759e-563e-4423-80ed-ce00ebedab03, raftlog=666cbc02-cfaa-4937-bb27-8c807157e922@group-FCC823D1752E-SegmentedRaftLog:OPENED:c-1, conf=-1: [07c4551c-5eaf-48e0-b21d-d7eec408612b|rpc:127.0.0.1:41023|priority:0, 07a6759e-563e-4423-80ed-ce00ebedab03|rpc:127.0.0.1:43531|priority:1, 666cbc02-cfaa-4937-bb27-8c807157e922|rpc:127.0.0.1:45001|priority:0], old=null
2022-01-02 13:18:15,545 [Listener at 127.0.0.1/11096] WARN  http.HttpRequestLog (HttpRequestLog.java:getRequestLog(103)) - Jetty request log can only be enabled using Log4j
2022-01-02 13:18:15,546 [07a6759e-563e-4423-80ed-ce00ebedab03@group-FCC823D1752E-LeaderElection40] INFO  impl.LeaderElection (LeaderElection.java:logAndReturn(89)) - 07a6759e-563e-4423-80ed-ce00ebedab03@group-FCC823D1752E-LeaderElection40: ELECTION PASSED received 1 response(s) and 0 exception(s):
2022-01-02 13:18:15,546 [07a6759e-563e-4423-80ed-ce00ebedab03@group-FCC823D1752E-LeaderElection40] INFO  impl.LeaderElection (LeaderElection.java:logAndReturn(93)) -   Response 0: 07a6759e-563e-4423-80ed-ce00ebedab03<-666cbc02-cfaa-4937-bb27-8c807157e922#0:OK-t8
2022-01-02 13:18:15,546 [07a6759e-563e-4423-80ed-ce00ebedab03@group-FCC823D1752E-LeaderElection40] INFO  impl.LeaderElection (LeaderElection.java:askForVotes(308)) - 07a6759e-563e-4423-80ed-ce00ebedab03@group-FCC823D1752E-LeaderElection40 ELECTION round 0: result PASSED
2022-01-02 13:18:15,546 [07a6759e-563e-4423-80ed-ce00ebedab03@group-FCC823D1752E-LeaderElection40] INFO  impl.RoleInfo (RoleInfo.java:shutdownLeaderElection(121)) - 07a6759e-563e-4423-80ed-ce00ebedab03: shutdown 07a6759e-563e-4423-80ed-ce00ebedab03@group-FCC823D1752E-LeaderElection40
2022-01-02 13:18:15,546 [07a6759e-563e-4423-80ed-ce00ebedab03@group-FCC823D1752E-LeaderElection40] INFO  server.RaftServer$Division (RaftServerImpl.java:setRole(290)) - 07a6759e-563e-4423-80ed-ce00ebedab03@group-FCC823D1752E: changes role from CANDIDATE to LEADER at term 8 for changeToLeader
2022-01-02 13:18:15,546 [07a6759e-563e-4423-80ed-ce00ebedab03@group-FCC823D1752E-LeaderElection40] INFO  ratis.XceiverServerRatis (XceiverServerRatis.java:handleLeaderChangedNotification(866)) - Leader change notification received for group: group-FCC823D1752E with new leaderId: 07a6759e-563e-4423-80ed-ce00ebedab03
2022-01-02 13:18:15,546 [07a6759e-563e-4423-80ed-ce00ebedab03@group-FCC823D1752E-LeaderElection40] INFO  server.RaftServer$Division (ServerState.java:setLeader(285)) - 07a6759e-563e-4423-80ed-ce00ebedab03@group-FCC823D1752E: change Leader from null to 07a6759e-563e-4423-80ed-ce00ebedab03 at term 8 for becomeLeader, leader elected after 41071ms
2022-01-02 13:18:15,546 [07a6759e-563e-4423-80ed-ce00ebedab03@group-FCC823D1752E-LeaderElection40] INFO  server.RaftServerConfigKeys (ConfUtils.java:logGet(44)) - raft.server.staging.catchup.gap = 1000 (default)
2022-01-02 13:18:15,547 [07a6759e-563e-4423-80ed-ce00ebedab03@group-FCC823D1752E-LeaderElection40] INFO  server.RaftServerConfigKeys (ConfUtils.java:logGet(44)) - raft.server.write.element-limit = 1024 (custom)
2022-01-02 13:18:15,547 [07a6759e-563e-4423-80ed-ce00ebedab03@group-FCC823D1752E-LeaderElection40] INFO  server.RaftServerConfigKeys (ConfUtils.java:logGet(44)) - raft.server.write.byte-limit = 1024 M (=1073741824) (custom)
2022-01-02 13:18:15,547 [07a6759e-563e-4423-80ed-ce00ebedab03@group-FCC823D1752E-LeaderElection40] INFO  server.RaftServerConfigKeys (ConfUtils.java:logGet(44)) - raft.server.watch.timeout = 180s (custom)
2022-01-02 13:18:15,547 [07a6759e-563e-4423-80ed-ce00ebedab03@group-FCC823D1752E-LeaderElection40] INFO  server.RaftServerConfigKeys (ConfUtils.java:logGet(44)) - raft.server.watch.timeout.denomination = 1s (default)
2022-01-02 13:18:15,547 [07a6759e-563e-4423-80ed-ce00ebedab03@group-FCC823D1752E-LeaderElection40] INFO  server.RaftServerConfigKeys (ConfUtils.java:logGet(44)) - raft.server.watch.element-limit = 65536 (default)
2022-01-02 13:18:15,547 [07a6759e-563e-4423-80ed-ce00ebedab03@group-FCC823D1752E-LeaderElection40] INFO  server.RaftServerConfigKeys (ConfUtils.java:logGet(44)) - raft.server.write.element-limit = 1024 (custom)
2022-01-02 13:18:15,547 [07a6759e-563e-4423-80ed-ce00ebedab03@group-FCC823D1752E-LeaderElection40] INFO  server.RaftServerConfigKeys (ConfUtils.java:logGet(44)) - raft.server.write.follower.gap.ratio.max = -1.0 (default)
2022-01-02 13:18:15,547 [07a6759e-563e-4423-80ed-ce00ebedab03@group-FCC823D1752E-LeaderElection40] INFO  server.RaftServerConfigKeys (ConfUtils.java:logGet(44)) - raft.server.log.appender.snapshot.chunk.size.max = 16MB (=16777216) (default)
2022-01-02 13:18:15,547 [07a6759e-563e-4423-80ed-ce00ebedab03@group-FCC823D1752E-LeaderElection40] INFO  server.RaftServerConfigKeys (ConfUtils.java:logGet(44)) - raft.server.log.appender.buffer.byte-limit = 33554432 (custom)
2022-01-02 13:18:15,547 [07a6759e-563e-4423-80ed-ce00ebedab03@group-FCC823D1752E-LeaderElection40] INFO  server.RaftServerConfigKeys (ConfUtils.java:logGet(44)) - raft.server.log.appender.buffer.element-limit = 1 (custom)
2022-01-02 13:18:15,547 [07a6759e-563e-4423-80ed-ce00ebedab03@group-FCC823D1752E-LeaderElection40] INFO  grpc.GrpcConfigKeys (ConfUtils.java:logGet(44)) - raft.grpc.server.leader.outstanding.appends.max = 128 (default)
2022-01-02 13:18:15,547 [07a6759e-563e-4423-80ed-ce00ebedab03@group-FCC823D1752E-LeaderElection40] INFO  server.RaftServerConfigKeys (ConfUtils.java:logGet(44)) - raft.server.rpc.request.timeout = 60s (custom)
2022-01-02 13:18:15,547 [07a6759e-563e-4423-80ed-ce00ebedab03@group-FCC823D1752E-LeaderElection40] INFO  server.RaftServerConfigKeys (ConfUtils.java:logGet(44)) - raft.server.log.appender.install.snapshot.enabled = false (custom)
2022-01-02 13:18:15,548 [IPC Server handler 5 on default port 14361] INFO  net.NetworkTopologyImpl (NetworkTopologyImpl.java:add(112)) - Added a new node: /default-rack/07a6759e-563e-4423-80ed-ce00ebedab03
2022-01-02 13:18:15,548 [IPC Server handler 5 on default port 14361] INFO  node.SCMNodeManager (SCMNodeManager.java:register(389)) - Registered Data node : 07a6759e-563e-4423-80ed-ce00ebedab03{ip: 127.0.0.1, host: localhost, ports: [REPLICATION=41835, RATIS=43531, RATIS_ADMIN=43531, RATIS_SERVER=43531, STANDALONE=35375], networkLocation: /default-rack, certSerialId: null, persistedOpState: null, persistedOpStateExpiryEpochSec: 0}
2022-01-02 13:18:15,546 [Listener at 127.0.0.1/11096] INFO  http.HttpServer2 (HttpServer2.java:addGlobalFilter(1030)) - Added global filter 'safety' (class=org.apache.hadoop.hdds.server.http.HttpServer2$QuotingInputFilter)
2022-01-02 13:18:15,554 [Listener at 127.0.0.1/11096] INFO  http.HttpServer2 (HttpServer2.java:addFilter(1006)) - Added filter static_user_filter (class=org.apache.hadoop.http.lib.StaticUserWebFilter$StaticUserFilter) to context scm
2022-01-02 13:18:15,554 [Listener at 127.0.0.1/11096] INFO  http.HttpServer2 (HttpServer2.java:addFilter(1014)) - Added filter static_user_filter (class=org.apache.hadoop.http.lib.StaticUserWebFilter$StaticUserFilter) to context logs
2022-01-02 13:18:15,554 [Listener at 127.0.0.1/11096] INFO  http.HttpServer2 (HttpServer2.java:addFilter(1014)) - Added filter static_user_filter (class=org.apache.hadoop.http.lib.StaticUserWebFilter$StaticUserFilter) to context static
2022-01-02 13:18:15,555 [Listener at 127.0.0.1/11096] INFO  http.HttpServer2 (HttpServer2.java:bindListener(1249)) - Jetty bound to port 14358
2022-01-02 13:18:15,555 [Listener at 127.0.0.1/11096] INFO  server.Server (Server.java:doStart(375)) - jetty-9.4.43.v20210629; built: 2021-06-30T11:07:22.254Z; git: 526006ecfa3af7f1a27ef3a288e2bef7ea9dd7e8; jvm 1.8.0_292-b10
2022-01-02 13:18:15,550 [EventQueue-NodeRegistrationContainerReportForDataNodeSafeModeRule] INFO  safemode.SCMSafeModeManager (DataNodeSafeModeRule.java:process(71)) - SCM in safe mode. 1 DataNodes registered, 3 required.
2022-01-02 13:18:15,548 [07a6759e-563e-4423-80ed-ce00ebedab03@group-FCC823D1752E-LeaderElection40] INFO  server.RaftServerConfigKeys (ConfUtils.java:logGet(44)) - raft.server.log.appender.snapshot.chunk.size.max = 16MB (=16777216) (default)
2022-01-02 13:18:15,556 [07a6759e-563e-4423-80ed-ce00ebedab03@group-FCC823D1752E-LeaderElection40] INFO  server.RaftServerConfigKeys (ConfUtils.java:logGet(44)) - raft.server.log.appender.buffer.byte-limit = 33554432 (custom)
2022-01-02 13:18:15,556 [07a6759e-563e-4423-80ed-ce00ebedab03@group-FCC823D1752E-LeaderElection40] INFO  server.RaftServerConfigKeys (ConfUtils.java:logGet(44)) - raft.server.log.appender.buffer.element-limit = 1 (custom)
2022-01-02 13:18:15,597 [Listener at 127.0.0.1/11096] INFO  server.session (DefaultSessionIdManager.java:doStart(334)) - DefaultSessionIdManager workerName=node0
2022-01-02 13:18:15,597 [Listener at 127.0.0.1/11096] INFO  server.session (DefaultSessionIdManager.java:doStart(339)) - No SessionScavenger set, using defaults
2022-01-02 13:18:15,597 [Listener at 127.0.0.1/11096] INFO  server.session (HouseKeeper.java:startScavenging(132)) - node0 Scavenging every 600000ms
2022-01-02 13:18:15,600 [Listener at 127.0.0.1/11096] INFO  handler.ContextHandler (ContextHandler.java:doStart(915)) - Started o.e.j.s.ServletContextHandler@32ad7ecc{logs,/logs,file:///home/runner/work/ozone/ozone/hadoop-ozone/integration-test/target/log,AVAILABLE}
2022-01-02 13:18:15,600 [Listener at 127.0.0.1/11096] INFO  handler.ContextHandler (ContextHandler.java:doStart(915)) - Started o.e.j.s.ServletContextHandler@7856f5e7{static,/static,file:///home/runner/work/ozone/ozone/hadoop-ozone/integration-test/target/test-classes/webapps/static,AVAILABLE}
2022-01-02 13:18:15,603 [EventQueue-PipelineReportForPipelineReportHandler] INFO  pipeline.PipelineManagerImpl (PipelineManagerImpl.java:openPipeline(291)) - Pipeline Pipeline[ Id: b207d06a-988f-4864-b344-fcc823d1752e, Nodes: 07c4551c-5eaf-48e0-b21d-d7eec408612b{ip: 127.0.0.1, host: localhost, ports: [REPLICATION=46801, RATIS=41023, RATIS_ADMIN=41023, RATIS_SERVER=41023, STANDALONE=34853], networkLocation: /default-rack, certSerialId: null, persistedOpState: IN_SERVICE, persistedOpStateExpiryEpochSec: 0}07a6759e-563e-4423-80ed-ce00ebedab03{ip: 127.0.0.1, host: localhost, ports: [REPLICATION=41835, RATIS=43531, RATIS_ADMIN=43531, RATIS_SERVER=43531, STANDALONE=35375], networkLocation: /default-rack, certSerialId: null, persistedOpState: IN_SERVICE, persistedOpStateExpiryEpochSec: 0}666cbc02-cfaa-4937-bb27-8c807157e922{ip: 127.0.0.1, host: localhost, ports: [REPLICATION=39935, RATIS=45001, RATIS_ADMIN=45001, RATIS_SERVER=45001, STANDALONE=45425], networkLocation: /default-rack, certSerialId: null, persistedOpState: IN_SERVICE, persistedOpStateExpiryEpochSec: 0}, ReplicationConfig: RATIS/THREE, State:ALLOCATED, leaderId:07a6759e-563e-4423-80ed-ce00ebedab03, CreationTimestamp2022-01-02T13:17:32.036Z[Etc/UTC]] moved to OPEN state
2022-01-02 13:18:15,605 [EventQueue-PipelineReportForPipelineReportHandler] INFO  pipeline.PipelineManagerImpl (PipelineManagerImpl.java:openPipeline(291)) - Pipeline Pipeline[ Id: b207d06a-988f-4864-b344-fcc823d1752e, Nodes: 07c4551c-5eaf-48e0-b21d-d7eec408612b{ip: 127.0.0.1, host: localhost, ports: [REPLICATION=46801, RATIS=41023, RATIS_ADMIN=41023, RATIS_SERVER=41023, STANDALONE=34853], networkLocation: /default-rack, certSerialId: null, persistedOpState: IN_SERVICE, persistedOpStateExpiryEpochSec: 0}07a6759e-563e-4423-80ed-ce00ebedab03{ip: 127.0.0.1, host: localhost, ports: [REPLICATION=41835, RATIS=43531, RATIS_ADMIN=43531, RATIS_SERVER=43531, STANDALONE=35375], networkLocation: /default-rack, certSerialId: null, persistedOpState: IN_SERVICE, persistedOpStateExpiryEpochSec: 0}666cbc02-cfaa-4937-bb27-8c807157e922{ip: 127.0.0.1, host: localhost, ports: [REPLICATION=39935, RATIS=45001, RATIS_ADMIN=45001, RATIS_SERVER=45001, STANDALONE=45425], networkLocation: /default-rack, certSerialId: null, persistedOpState: IN_SERVICE, persistedOpStateExpiryEpochSec: 0}, ReplicationConfig: RATIS/THREE, State:ALLOCATED, leaderId:07a6759e-563e-4423-80ed-ce00ebedab03, CreationTimestamp2022-01-02T13:17:32.036Z[Etc/UTC]] moved to OPEN state
2022-01-02 13:18:15,605 [EventQueue-PipelineReportForPipelineReportHandler] INFO  ha.SCMHAInvocationHandler (SCMHAInvocationHandler.java:invokeRatis(113)) - Invoking method public abstract void org.apache.hadoop.hdds.scm.pipeline.PipelineStateManager.updatePipelineState(org.apache.hadoop.hdds.protocol.proto.HddsProtos$PipelineID,org.apache.hadoop.hdds.protocol.proto.HddsProtos$PipelineState) throws java.io.IOException on target org.apache.hadoop.hdds.scm.ha.SCMRatisServerImpl@5afe652c, cost 206.302us
2022-01-02 13:18:15,605 [EventQueue-OpenPipelineForHealthyPipelineSafeModeRule] INFO  safemode.SCMSafeModeManager (HealthyPipelineSafeModeRule.java:process(124)) - SCM in safe mode. Healthy pipelines reported count is 0, required healthy pipeline reported count is 1
2022-01-02 13:18:15,605 [EventQueue-OpenPipelineForHealthyPipelineSafeModeRule] INFO  safemode.SCMSafeModeManager (HealthyPipelineSafeModeRule.java:process(124)) - SCM in safe mode. Healthy pipelines reported count is 1, required healthy pipeline reported count is 1
2022-01-02 13:18:15,605 [EventQueue-OpenPipelineForHealthyPipelineSafeModeRule] INFO  safemode.SCMSafeModeManager (SCMSafeModeManager.java:validateSafeModeExitRules(204)) - HealthyPipelineSafeModeRule rule is successfully validated
2022-01-02 13:18:15,605 [EventQueue-OpenPipelineForHealthyPipelineSafeModeRule] INFO  safemode.SCMSafeModeManager (SCMSafeModeManager.java:validateSafeModeExitRules(219)) - ScmSafeModeManager, all rules are successfully validated
2022-01-02 13:18:15,605 [EventQueue-OpenPipelineForHealthyPipelineSafeModeRule] INFO  safemode.SCMSafeModeManager (SCMSafeModeManager.java:exitSafeMode(248)) - SCM exiting safe mode.
2022-01-02 13:18:15,605 [EventQueue-OpenPipelineForHealthyPipelineSafeModeRule] WARN  events.EventQueue (EventQueue.java:fireEvent(194)) - No event handler registered for event TypedEvent{payloadType=SafeModeStatus, name='Safe mode status'}
2022-01-02 13:18:15,605 [EventQueue-OpenPipelineForHealthyPipelineSafeModeRule] INFO  ha.SCMContext (SCMContext.java:updateSafeModeStatus(211)) - Update SafeModeStatus from SafeModeStatus{safeModeStatus=true, preCheckPassed=true} to SafeModeStatus{safeModeStatus=false, preCheckPassed=true}.
2022-01-02 13:18:15,606 [07a6759e-563e-4423-80ed-ce00ebedab03@group-FCC823D1752E-LeaderElection40] INFO  grpc.GrpcConfigKeys (ConfUtils.java:logGet(44)) - raft.grpc.server.leader.outstanding.appends.max = 128 (default)
2022-01-02 13:18:15,607 [EventQueue-NewNodeForNewNodeHandler] INFO  pipeline.BackgroundPipelineCreator (BackgroundPipelineCreator.java:notifyEventTriggered(279)) - ignore, not leader SCM.
2022-01-02 13:18:15,607 [EventQueue-NodeRegistrationContainerReportForContainerSafeModeRule] INFO  safemode.SCMSafeModeManager (SCMSafeModeManager.java:validateSafeModeExitRules(204)) - ContainerSafeModeRule rule is successfully validated
2022-01-02 13:18:15,607 [EventQueue-PipelineReportForOneReplicaPipelineSafeModeRule] INFO  safemode.SCMSafeModeManager (OneReplicaPipelineSafeModeRule.java:process(120)) - SCM in safe mode. Pipelines with at least one datanode reported count is 1, required at least one datanode reported per pipeline count is 1
2022-01-02 13:18:15,610 [Listener at 127.0.0.1/11096] INFO  handler.ContextHandler (ContextHandler.java:doStart(915)) - Started o.e.j.w.WebAppContext@79fe746d{scm,/,file:///home/runner/work/ozone/ozone/hadoop-ozone/integration-test/target/test-classes/webapps/scm/,AVAILABLE}{file:/home/runner/work/ozone/ozone/hadoop-ozone/integration-test/target/test-classes/webapps/scm}
2022-01-02 13:18:15,616 [EventQueue-PipelineReportForOneReplicaPipelineSafeModeRule] INFO  safemode.SCMSafeModeManager (SCMSafeModeManager.java:validateSafeModeExitRules(204)) - AtleastOneDatanodeReportedRule rule is successfully validated
2022-01-02 13:18:15,616 [Listener at 127.0.0.1/11096] INFO  server.AbstractConnector (AbstractConnector.java:doStart(331)) - Started ServerConnector@9320aed{HTTP/1.1, (http/1.1)}{0.0.0.0:14358}
2022-01-02 13:18:15,616 [Listener at 127.0.0.1/11096] INFO  server.Server (Server.java:doStart(415)) - Started @144864ms
2022-01-02 13:18:15,616 [Listener at 127.0.0.1/11096] WARN  impl.MetricsSystemImpl (MetricsSystemImpl.java:register(279)) - Sink prometheus already exists!
2022-01-02 13:18:15,617 [Listener at 127.0.0.1/11096] INFO  http.BaseHttpServer (BaseHttpServer.java:updateConnectorAddress(329)) - HTTP server of scm listening at http://0.0.0.0:14358
2022-01-02 13:18:15,617 [Listener at 127.0.0.1/11096] INFO  safemode.SCMSafeModeManager (SCMSafeModeManager.java:exitSafeMode(248)) - SCM exiting safe mode.
2022-01-02 13:18:15,617 [Listener at 127.0.0.1/11096] WARN  events.EventQueue (EventQueue.java:fireEvent(194)) - No event handler registered for event TypedEvent{payloadType=SafeModeStatus, name='Safe mode status'}
2022-01-02 13:18:15,617 [Listener at 127.0.0.1/11096] INFO  ha.SCMContext (SCMContext.java:updateSafeModeStatus(211)) - Update SafeModeStatus from SafeModeStatus{safeModeStatus=true, preCheckPassed=false} to SafeModeStatus{safeModeStatus=false, preCheckPassed=true}.
2022-01-02 13:18:15,618 [07a6759e-563e-4423-80ed-ce00ebedab03@group-FCC823D1752E-LeaderElection40] INFO  server.RaftServerConfigKeys (ConfUtils.java:logGet(44)) - raft.server.rpc.request.timeout = 60s (custom)
2022-01-02 13:18:15,618 [07a6759e-563e-4423-80ed-ce00ebedab03@group-FCC823D1752E-LeaderElection40] INFO  server.RaftServerConfigKeys (ConfUtils.java:logGet(44)) - raft.server.log.appender.install.snapshot.enabled = false (custom)
2022-01-02 13:18:15,618 [07a6759e-563e-4423-80ed-ce00ebedab03@group-FCC823D1752E-LeaderElection40] INFO  impl.RoleInfo (RoleInfo.java:updateAndGet(130)) - 07a6759e-563e-4423-80ed-ce00ebedab03: start 07a6759e-563e-4423-80ed-ce00ebedab03@group-FCC823D1752E-LeaderStateImpl
2022-01-02 13:18:15,619 [07a6759e-563e-4423-80ed-ce00ebedab03@group-FCC823D1752E-LeaderElection40] INFO  segmented.SegmentedRaftLogWorker (SegmentedRaftLogWorker.java:startLogSegment(394)) - 07a6759e-563e-4423-80ed-ce00ebedab03@group-FCC823D1752E-SegmentedRaftLogWorker: Starting segment from index:0
2022-01-02 13:18:15,620 [07a6759e-563e-4423-80ed-ce00ebedab03@group-FCC823D1752E-SegmentedRaftLogWorker] INFO  segmented.SegmentedRaftLogWorker (SegmentedRaftLogWorker.java:execute(601)) - 07a6759e-563e-4423-80ed-ce00ebedab03@group-FCC823D1752E-SegmentedRaftLogWorker: created new log segment /home/runner/work/ozone/ozone/hadoop-ozone/integration-test/target/test-dir/MiniOzoneClusterImpl-c1c80f75-2e15-44e6-8b98-5d8eb23efd07/datanode-0/data/ratis/b207d06a-988f-4864-b344-fcc823d1752e/current/log_inprogress_0
2022-01-02 13:18:15,625 [grpc-default-executor-0] INFO  ratis.XceiverServerRatis (XceiverServerRatis.java:handleLeaderChangedNotification(866)) - Leader change notification received for group: group-FCC823D1752E with new leaderId: 07a6759e-563e-4423-80ed-ce00ebedab03
2022-01-02 13:18:15,625 [grpc-default-executor-0] INFO  server.RaftServer$Division (ServerState.java:setLeader(285)) - 666cbc02-cfaa-4937-bb27-8c807157e922@group-FCC823D1752E: change Leader from null to 07a6759e-563e-4423-80ed-ce00ebedab03 at term 8 for appendEntries, leader elected after 41013ms
2022-01-02 13:18:15,627 [07a6759e-563e-4423-80ed-ce00ebedab03@group-FCC823D1752E-LeaderElection40] INFO  server.RaftServer$Division (ServerState.java:setRaftConf(387)) - 07a6759e-563e-4423-80ed-ce00ebedab03@group-FCC823D1752E: set configuration 0: [07c4551c-5eaf-48e0-b21d-d7eec408612b|rpc:127.0.0.1:41023|dataStream:|priority:0, 07a6759e-563e-4423-80ed-ce00ebedab03|rpc:127.0.0.1:43531|dataStream:|priority:1, 666cbc02-cfaa-4937-bb27-8c807157e922|rpc:127.0.0.1:45001|dataStream:|priority:0], old=null
2022-01-02 13:18:15,630 [grpc-default-executor-3] INFO  ratis.XceiverServerRatis (XceiverServerRatis.java:handleLeaderChangedNotification(866)) - Leader change notification received for group: group-FCC823D1752E with new leaderId: 07a6759e-563e-4423-80ed-ce00ebedab03
2022-01-02 13:18:15,630 [grpc-default-executor-3] INFO  server.RaftServer$Division (ServerState.java:setLeader(285)) - 07c4551c-5eaf-48e0-b21d-d7eec408612b@group-FCC823D1752E: change Leader from null to 07a6759e-563e-4423-80ed-ce00ebedab03 at term 8 for appendEntries, leader elected after 41103ms
2022-01-02 13:18:15,632 [Listener at 127.0.0.1/11096] INFO  db.RDBCheckpointManager (RDBCheckpointManager.java:createCheckpoint(86)) - Created checkpoint at /home/runner/work/ozone/ozone/hadoop-ozone/integration-test/target/test-dir/MiniOzoneClusterImpl-c1c80f75-2e15-44e6-8b98-5d8eb23efd07/scmNode-1/db.checkpoints/scm.db_checkpoint_1641129495617 in 15 milliseconds
2022-01-02 13:18:15,643 [grpc-default-executor-0] INFO  server.RaftServer$Division (ServerState.java:setRaftConf(387)) - 666cbc02-cfaa-4937-bb27-8c807157e922@group-FCC823D1752E: set configuration 0: [07c4551c-5eaf-48e0-b21d-d7eec408612b|rpc:127.0.0.1:41023|dataStream:|priority:0, 07a6759e-563e-4423-80ed-ce00ebedab03|rpc:127.0.0.1:43531|dataStream:|priority:1, 666cbc02-cfaa-4937-bb27-8c807157e922|rpc:127.0.0.1:45001|dataStream:|priority:0], old=null
2022-01-02 13:18:15,644 [grpc-default-executor-0] INFO  segmented.SegmentedRaftLogWorker (SegmentedRaftLogWorker.java:startLogSegment(394)) - 666cbc02-cfaa-4937-bb27-8c807157e922@group-FCC823D1752E-SegmentedRaftLogWorker: Starting segment from index:0
2022-01-02 13:18:15,648 [3a1420a4-9adf-490e-ae7f-206b4dea1794@group-5D8EB23EFD07-StateMachineUpdater] INFO  ha.SCMStateMachine (SCMStateMachine.java:takeSnapshot(297)) - Current Snapshot Index 28, takeSnapshot took 0 ms
2022-01-02 13:18:15,648 [3a1420a4-9adf-490e-ae7f-206b4dea1794@group-5D8EB23EFD07-StateMachineUpdater] INFO  impl.StateMachineUpdater (StateMachineUpdater.java:takeSnapshot(281)) - 3a1420a4-9adf-490e-ae7f-206b4dea1794@group-5D8EB23EFD07-StateMachineUpdater: Took a snapshot at index 28
2022-01-02 13:18:15,649 [3a1420a4-9adf-490e-ae7f-206b4dea1794@group-5D8EB23EFD07-StateMachineUpdater] INFO  impl.StateMachineUpdater (StateMachineUpdater.java:lambda$new$0(89)) - 3a1420a4-9adf-490e-ae7f-206b4dea1794@group-5D8EB23EFD07-StateMachineUpdater: snapshotIndex: updateIncreasingly 23 -> 28
2022-01-02 13:18:15,649 [3a1420a4-9adf-490e-ae7f-206b4dea1794@group-5D8EB23EFD07-StateMachineUpdater] INFO  raftlog.RaftLog (RaftLogBase.java:purge(306)) - 3a1420a4-9adf-490e-ae7f-206b4dea1794@group-5D8EB23EFD07-SegmentedRaftLog: purge 28
2022-01-02 13:18:15,649 [3a1420a4-9adf-490e-ae7f-206b4dea1794@group-5D8EB23EFD07-StateMachineUpdater] INFO  raftlog.RaftLog (RaftLogBase.java:lambda$new$0(53)) - 3a1420a4-9adf-490e-ae7f-206b4dea1794@group-5D8EB23EFD07-SegmentedRaftLog: snapshotIndex: updateIncreasingly 23 -> 28
2022-01-02 13:18:15,649 [3a1420a4-9adf-490e-ae7f-206b4dea1794@group-5D8EB23EFD07-StateMachineUpdater] INFO  raftlog.RaftLog (RaftLogBase.java:lambda$new$0(53)) - 3a1420a4-9adf-490e-ae7f-206b4dea1794@group-5D8EB23EFD07-SegmentedRaftLog: purgeIndex: updateToMax old=23, new=28, updated? true
2022-01-02 13:18:15,651 [EventQueue-PipelineReportForPipelineReportHandler] INFO  ha.SCMHAInvocationHandler (SCMHAInvocationHandler.java:invokeRatis(113)) - Invoking method public abstract void org.apache.hadoop.hdds.scm.pipeline.PipelineStateManager.updatePipelineState(org.apache.hadoop.hdds.protocol.proto.HddsProtos$PipelineID,org.apache.hadoop.hdds.protocol.proto.HddsProtos$PipelineState) throws java.io.IOException on target org.apache.hadoop.hdds.scm.ha.SCMRatisServerImpl@3310a7ca, cost 47953.084us
2022-01-02 13:18:15,658 [666cbc02-cfaa-4937-bb27-8c807157e922@group-FCC823D1752E-SegmentedRaftLogWorker] INFO  segmented.SegmentedRaftLogWorker (SegmentedRaftLogWorker.java:execute(601)) - 666cbc02-cfaa-4937-bb27-8c807157e922@group-FCC823D1752E-SegmentedRaftLogWorker: created new log segment /home/runner/work/ozone/ozone/hadoop-ozone/integration-test/target/test-dir/MiniOzoneClusterImpl-c1c80f75-2e15-44e6-8b98-5d8eb23efd07/datanode-1/data/ratis/b207d06a-988f-4864-b344-fcc823d1752e/current/log_inprogress_0
2022-01-02 13:18:15,659 [6fa4dbc0-5979-4abd-949d-5f620dcfcc80@group-5D8EB23EFD07-StateMachineUpdater] ERROR impl.StateMachineUpdater (StateMachineUpdater.java:run(191)) - 6fa4dbc0-5979-4abd-949d-5f620dcfcc80@group-5D8EB23EFD07-StateMachineUpdater caught a Throwable.
java.lang.IllegalStateException: 6fa4dbc0-5979-4abd-949d-5f620dcfcc80: Failed updateLastAppliedTermIndex: newTI = (t:2, i:28) < oldTI = (t:2, i:128)
	at org.apache.ratis.util.Preconditions.assertTrue(Preconditions.java:72)
	at org.apache.ratis.statemachine.impl.BaseStateMachine.updateLastAppliedTermIndex(BaseStateMachine.java:142)
	at org.apache.hadoop.hdds.scm.ha.SCMStateMachine.notifyTermIndexUpdated(SCMStateMachine.java:310)
	at org.apache.ratis.server.impl.RaftServerImpl.applyLogToStateMachine(RaftServerImpl.java:1701)
	at org.apache.ratis.server.impl.StateMachineUpdater.applyLog(StateMachineUpdater.java:234)
	at org.apache.ratis.server.impl.StateMachineUpdater.run(StateMachineUpdater.java:179)
	at java.lang.Thread.run(Thread.java:748)
2022-01-02 13:18:15,659 [6fa4dbc0-5979-4abd-949d-5f620dcfcc80@group-5D8EB23EFD07-StateMachineUpdater] INFO  server.RaftServer$Division (RaftServerImpl.java:lambda$close$4(412)) - 6fa4dbc0-5979-4abd-949d-5f620dcfcc80@group-5D8EB23EFD07: shutdown
2022-01-02 13:18:15,659 [6fa4dbc0-5979-4abd-949d-5f620dcfcc80@group-5D8EB23EFD07-StateMachineUpdater] INFO  util.JmxRegister (JmxRegister.java:unregister(73)) - Successfully un-registered JMX Bean with object name Ratis:service=RaftServer,group=group-5D8EB23EFD07,id=6fa4dbc0-5979-4abd-949d-5f620dcfcc80
2022-01-02 13:18:15,659 [6fa4dbc0-5979-4abd-949d-5f620dcfcc80@group-5D8EB23EFD07-StateMachineUpdater] INFO  impl.RoleInfo (RoleInfo.java:shutdownFollowerState(108)) - 6fa4dbc0-5979-4abd-949d-5f620dcfcc80: shutdown 6fa4dbc0-5979-4abd-949d-5f620dcfcc80@group-5D8EB23EFD07-FollowerState
2022-01-02 13:18:15,670 [grpc-default-executor-3] INFO  server.RaftServer$Division (ServerState.java:setRaftConf(387)) - 07c4551c-5eaf-48e0-b21d-d7eec408612b@group-FCC823D1752E: set configuration 0: [07c4551c-5eaf-48e0-b21d-d7eec408612b|rpc:127.0.0.1:41023|dataStream:|priority:0, 07a6759e-563e-4423-80ed-ce00ebedab03|rpc:127.0.0.1:43531|dataStream:|priority:1, 666cbc02-cfaa-4937-bb27-8c807157e922|rpc:127.0.0.1:45001|dataStream:|priority:0], old=null
2022-01-02 13:18:15,670 [grpc-default-executor-3] INFO  segmented.SegmentedRaftLogWorker (SegmentedRaftLogWorker.java:startLogSegment(394)) - 07c4551c-5eaf-48e0-b21d-d7eec408612b@group-FCC823D1752E-SegmentedRaftLogWorker: Starting segment from index:0
2022-01-02 13:18:15,698 [5af0e6f8-e325-4784-8af8-34780179857f@group-5D8EB23EFD07-StateMachineUpdater] INFO  ha.SCMStateMachine (SCMStateMachine.java:takeSnapshot(297)) - Current Snapshot Index 30, takeSnapshot took 0 ms
2022-01-02 13:18:15,698 [5af0e6f8-e325-4784-8af8-34780179857f@group-5D8EB23EFD07-StateMachineUpdater] INFO  impl.StateMachineUpdater (StateMachineUpdater.java:takeSnapshot(281)) - 5af0e6f8-e325-4784-8af8-34780179857f@group-5D8EB23EFD07-StateMachineUpdater: Took a snapshot at index 30
2022-01-02 13:18:15,698 [5af0e6f8-e325-4784-8af8-34780179857f@group-5D8EB23EFD07-StateMachineUpdater] INFO  impl.StateMachineUpdater (StateMachineUpdater.java:lambda$new$0(89)) - 5af0e6f8-e325-4784-8af8-34780179857f@group-5D8EB23EFD07-StateMachineUpdater: snapshotIndex: updateIncreasingly 25 -> 30
2022-01-02 13:18:15,698 [5af0e6f8-e325-4784-8af8-34780179857f@group-5D8EB23EFD07-StateMachineUpdater] INFO  raftlog.RaftLog (RaftLogBase.java:purge(306)) - 5af0e6f8-e325-4784-8af8-34780179857f@group-5D8EB23EFD07-SegmentedRaftLog: purge 30
2022-01-02 13:18:15,698 [5af0e6f8-e325-4784-8af8-34780179857f@group-5D8EB23EFD07-StateMachineUpdater] INFO  raftlog.RaftLog (RaftLogBase.java:lambda$new$0(53)) - 5af0e6f8-e325-4784-8af8-34780179857f@group-5D8EB23EFD07-SegmentedRaftLog: snapshotIndex: updateIncreasingly 25 -> 30
2022-01-02 13:18:15,698 [5af0e6f8-e325-4784-8af8-34780179857f@group-5D8EB23EFD07-StateMachineUpdater] INFO  raftlog.RaftLog (RaftLogBase.java:lambda$new$0(53)) - 5af0e6f8-e325-4784-8af8-34780179857f@group-5D8EB23EFD07-SegmentedRaftLog: purgeIndex: updateToMax old=25, new=30, updated? true
2022-01-02 13:18:15,698 [6fa4dbc0-5979-4abd-949d-5f620dcfcc80@group-5D8EB23EFD07-StateMachineUpdater] INFO  server.RaftServer$Division (ServerState.java:close(419)) - 6fa4dbc0-5979-4abd-949d-5f620dcfcc80@group-5D8EB23EFD07: closes. applyIndex: 28
2022-01-02 13:18:15,698 [6fa4dbc0-5979-4abd-949d-5f620dcfcc80@group-5D8EB23EFD07-FollowerState] INFO  impl.FollowerState (FollowerState.java:run(143)) - 6fa4dbc0-5979-4abd-949d-5f620dcfcc80@group-5D8EB23EFD07-FollowerState was interrupted: {}
java.lang.InterruptedException: sleep interrupted
	at java.lang.Thread.sleep(Native Method)
	at java.lang.Thread.sleep(Thread.java:340)
	at java.util.concurrent.TimeUnit.sleep(TimeUnit.java:386)
	at org.apache.ratis.util.TimeDuration.sleep(TimeDuration.java:324)
	at org.apache.ratis.util.TimeDuration.sleep(TimeDuration.java:309)
	at org.apache.ratis.server.impl.FollowerState.run(FollowerState.java:118)
2022-01-02 13:18:15,698 [6fa4dbc0-5979-4abd-949d-5f620dcfcc80@group-5D8EB23EFD07-SegmentedRaftLogWorker] INFO  segmented.SegmentedRaftLogWorker (SegmentedRaftLogWorker.java:run(327)) - 6fa4dbc0-5979-4abd-949d-5f620dcfcc80@group-5D8EB23EFD07-SegmentedRaftLogWorker was interrupted, exiting. There are 0 tasks remaining in the queue.
2022-01-02 13:18:15,701 [07c4551c-5eaf-48e0-b21d-d7eec408612b@group-FCC823D1752E-SegmentedRaftLogWorker] INFO  segmented.SegmentedRaftLogWorker (SegmentedRaftLogWorker.java:execute(601)) - 07c4551c-5eaf-48e0-b21d-d7eec408612b@group-FCC823D1752E-SegmentedRaftLogWorker: created new log segment /home/runner/work/ozone/ozone/hadoop-ozone/integration-test/target/test-dir/MiniOzoneClusterImpl-c1c80f75-2e15-44e6-8b98-5d8eb23efd07/datanode-2/data/ratis/b207d06a-988f-4864-b344-fcc823d1752e/current/log_inprogress_0
2022-01-02 13:18:15,701 [6fa4dbc0-5979-4abd-949d-5f620dcfcc80@group-5D8EB23EFD07-StateMachineUpdater] INFO  segmented.SegmentedRaftLogWorker (SegmentedRaftLogWorker.java:close(237)) - 6fa4dbc0-5979-4abd-949d-5f620dcfcc80@group-5D8EB23EFD07-SegmentedRaftLogWorker close()
2022-01-02 13:18:15,743 [Listener at 127.0.0.1/11096] INFO  ha.SCMHAManagerImpl (SCMHAManagerImpl.java:installCheckpoint(227)) - Installing checkpoint with SCMTransactionInfo 2#25
2022-01-02 13:18:15,743 [Listener at 127.0.0.1/11096] WARN  ha.SCMHAManagerImpl (SCMHAManagerImpl.java:installCheckpoint(240)) - Cannot proceed with InstallSnapshot as SCM is at TermIndex (t:2, i:28) and checkpoint has lower TermIndex (t:2, i:25). Reloading old state of SCM.
2022-01-02 13:18:15,748 [Listener at 127.0.0.1/11096] INFO  ozone.MiniOzoneClusterImpl (MiniOzoneClusterImpl.java:shutdown(453)) - Shutting down the Mini Ozone Cluster
2022-01-02 13:18:15,749 [Listener at 127.0.0.1/11096] INFO  ozone.MiniOzoneHAClusterImpl (MiniOzoneHAClusterImpl.java:stop(316)) - Stopping the OzoneManager omNode-1
2022-01-02 13:18:15,749 [Listener at 127.0.0.1/11096] INFO  om.OzoneManager (OzoneManager.java:stop(1893)) - omNode-1[localhost:11096]: Stopping Ozone Manager
2022-01-02 13:18:15,751 [Listener at 127.0.0.1/11096] INFO  ipc.Server (Server.java:stop(3414)) - Stopping server on 11096
2022-01-02 13:18:15,770 [IPC Server Responder] INFO  ipc.Server (Server.java:run(1512)) - Stopping IPC Server Responder
2022-01-02 13:18:15,770 [Listener at 127.0.0.1/11096] INFO  server.RaftServer (RaftServerProxy.java:lambda$close$6(391)) - omNode-1: close
2022-01-02 13:18:15,770 [Listener at 127.0.0.1/11096] INFO  server.RaftServer$Division (RaftServerImpl.java:lambda$close$4(412)) - omNode-1@group-523986131536: shutdown
2022-01-02 13:18:15,770 [Listener at 127.0.0.1/11096] INFO  util.JmxRegister (JmxRegister.java:unregister(73)) - Successfully un-registered JMX Bean with object name Ratis:service=RaftServer,group=group-523986131536,id=omNode-1
2022-01-02 13:18:15,770 [Listener at 127.0.0.1/11096] INFO  impl.RoleInfo (RoleInfo.java:shutdownLeaderState(91)) - omNode-1: shutdown omNode-1@group-523986131536-LeaderStateImpl
2022-01-02 13:18:15,771 [Listener at 127.0.0.1/11096] INFO  impl.PendingRequests (PendingRequests.java:sendNotLeaderResponses(282)) - omNode-1@group-523986131536-PendingRequests: sendNotLeaderResponses
2022-01-02 13:18:15,771 [IPC Server listener on 11096] INFO  ipc.Server (Server.java:run(1376)) - Stopping IPC Server listener on 11096
2022-01-02 13:18:15,771 [Listener at 127.0.0.1/11096] INFO  impl.StateMachineUpdater (StateMachineUpdater.java:stopAndJoin(149)) - omNode-1@group-523986131536-StateMachineUpdater: set stopIndex = 0
2022-01-02 13:18:15,771 [omNode-1@group-523986131536-StateMachineUpdater] INFO  ratis.OzoneManagerStateMachine (OzoneManagerStateMachine.java:takeSnapshot(417)) - Current Snapshot Index (t:1, i:0)
2022-01-02 13:18:15,772 [omNode-1@group-523986131536-StateMachineUpdater] INFO  impl.StateMachineUpdater (StateMachineUpdater.java:takeSnapshot(281)) - omNode-1@group-523986131536-StateMachineUpdater: Took a snapshot at index 0
2022-01-02 13:18:15,772 [omNode-1@group-523986131536-StateMachineUpdater] INFO  impl.StateMachineUpdater (StateMachineUpdater.java:lambda$new$0(89)) - omNode-1@group-523986131536-StateMachineUpdater: snapshotIndex: updateIncreasingly -1 -> 0
2022-01-02 13:18:15,772 [omNode-1@group-523986131536-StateMachineUpdater] INFO  ratis.OzoneManagerStateMachine (OzoneManagerStateMachine.java:close(471)) - StateMachine has shutdown. Shutdown OzoneManager if not already shutdown.
2022-01-02 13:18:15,772 [Listener at 127.0.0.1/11096] INFO  server.RaftServer$Division (ServerState.java:close(419)) - omNode-1@group-523986131536: closes. applyIndex: 0
2022-01-02 13:18:15,772 [omNode-1@group-523986131536-SegmentedRaftLogWorker] INFO  segmented.SegmentedRaftLogWorker (SegmentedRaftLogWorker.java:run(327)) - omNode-1@group-523986131536-SegmentedRaftLogWorker was interrupted, exiting. There are 0 tasks remaining in the queue.
2022-01-02 13:18:15,774 [Listener at 127.0.0.1/11096] INFO  segmented.SegmentedRaftLogWorker (SegmentedRaftLogWorker.java:close(237)) - omNode-1@group-523986131536-SegmentedRaftLogWorker close()
2022-01-02 13:18:15,776 [Listener at 127.0.0.1/11096] INFO  server.GrpcService (GrpcService.java:closeImpl(262)) - omNode-1: shutdown server with port 11100 now
2022-01-02 13:18:15,776 [Listener at 127.0.0.1/11096] INFO  server.GrpcService (GrpcService.java:closeImpl(271)) - omNode-1: shutdown server with port 11100 successfully
2022-01-02 13:18:15,776 [org.apache.ratis.util.JvmPauseMonitor$$Lambda$499/1697441364@64a55f76] INFO  util.JvmPauseMonitor (JvmPauseMonitor.java:run(109)) - JvmPauseMonitor-omNode-1: Stopped
2022-01-02 13:18:15,777 [Listener at 127.0.0.1/11096] INFO  ratis.OzoneManagerDoubleBuffer (OzoneManagerDoubleBuffer.java:stop(437)) - Stopping OMDoubleBuffer flush thread
2022-01-02 13:18:15,777 [OMDoubleBufferFlushThread] INFO  ratis.OzoneManagerDoubleBuffer (OzoneManagerDoubleBuffer.java:flushTransactions(356)) - OMDoubleBuffer flush thread OMDoubleBufferFlushThread is interrupted and will exit. OMDoubleBufferFlushThread
2022-01-02 13:18:15,778 [Listener at 127.0.0.1/11096] INFO  utils.BackgroundService (BackgroundService.java:shutdown(132)) - Shutting down service KeyDeletingService
2022-01-02 13:18:15,778 [Listener at 127.0.0.1/11096] INFO  utils.BackgroundService (BackgroundService.java:shutdown(132)) - Shutting down service DirectoryDeletingService
2022-01-02 13:18:15,779 [Listener at 127.0.0.1/11096] INFO  handler.ContextHandler (ContextHandler.java:doStop(1153)) - Stopped o.e.j.w.WebAppContext@61b85463{ozoneManager,/,null,STOPPED}{file:/home/runner/work/ozone/ozone/hadoop-ozone/integration-test/target/test-classes/webapps/ozoneManager}
2022-01-02 13:18:15,779 [Listener at 127.0.0.1/11096] INFO  server.AbstractConnector (AbstractConnector.java:doStop(381)) - Stopped ServerConnector@10869e92{HTTP/1.1, (http/1.1)}{0.0.0.0:11098}
2022-01-02 13:18:15,779 [Listener at 127.0.0.1/11096] INFO  server.session (HouseKeeper.java:stopScavenging(149)) - node0 Stopped scavenging
2022-01-02 13:18:15,780 [Listener at 127.0.0.1/11096] INFO  handler.ContextHandler (ContextHandler.java:doStop(1153)) - Stopped o.e.j.s.ServletContextHandler@36472c2c{static,/static,file:///home/runner/work/ozone/ozone/hadoop-ozone/integration-test/target/test-classes/webapps/static,STOPPED}
2022-01-02 13:18:15,780 [Listener at 127.0.0.1/11096] INFO  handler.ContextHandler (ContextHandler.java:doStop(1153)) - Stopped o.e.j.s.ServletContextHandler@1312bde4{logs,/logs,file:///home/runner/work/ozone/ozone/hadoop-ozone/integration-test/target/log,STOPPED}
2022-01-02 13:18:15,783 [Listener at 127.0.0.1/11096] INFO  ozone.MiniOzoneHAClusterImpl (MiniOzoneHAClusterImpl.java:stop(324)) - Stopping the StorageContainerManager 5af0e6f8-e325-4784-8af8-34780179857f
2022-01-02 13:18:15,783 [Listener at 127.0.0.1/11096] INFO  server.StorageContainerManager (StorageContainerManager.java:stop(1390)) - Stopping Container Balancer service.
2022-01-02 13:18:15,783 [Listener at 127.0.0.1/11096] INFO  balancer.ContainerBalancer (ContainerBalancer.java:stop(748)) - Container Balancer is not running.
2022-01-02 13:18:15,783 [Listener at 127.0.0.1/11096] INFO  server.StorageContainerManager (StorageContainerManager.java:stop(1397)) - Stopping Replication Manager Service.
2022-01-02 13:18:15,784 [Listener at 127.0.0.1/11096] INFO  container.ReplicationManager (ReplicationManager.java:stop(350)) - Stopping Replication Monitor Thread.
2022-01-02 13:18:15,785 [Listener at 127.0.0.1/11096] INFO  server.StorageContainerManager (StorageContainerManager.java:stop(1404)) - Stopping the Datanode Admin Monitor.
2022-01-02 13:18:15,785 [Listener at 127.0.0.1/11096] INFO  server.StorageContainerManager (StorageContainerManager.java:stop(1411)) - Stopping Lease Manager of the command watchers
2022-01-02 13:18:15,785 [Listener at 127.0.0.1/11096] INFO  server.StorageContainerManager (StorageContainerManager.java:stop(1418)) - Stopping datanode service RPC server
2022-01-02 13:18:15,785 [Listener at 127.0.0.1/11096] INFO  server.SCMDatanodeProtocolServer (SCMDatanodeProtocolServer.java:stop(390)) - Stopping the RPC server for DataNodes
2022-01-02 13:18:15,786 [Listener at 127.0.0.1/11096] INFO  ipc.Server (Server.java:stop(3414)) - Stopping server on 14341
2022-01-02 13:18:15,795 [IPC Server listener on 14341] INFO  ipc.Server (Server.java:run(1376)) - Stopping IPC Server listener on 14341
2022-01-02 13:18:15,803 [IPC Server Responder] INFO  ipc.Server (Server.java:run(1512)) - Stopping IPC Server Responder
2022-01-02 13:18:16,043 [IPC Server handler 6 on default port 14361] INFO  net.NetworkTopologyImpl (NetworkTopologyImpl.java:add(112)) - Added a new node: /default-rack/666cbc02-cfaa-4937-bb27-8c807157e922
2022-01-02 13:18:16,043 [IPC Server handler 6 on default port 14361] INFO  node.SCMNodeManager (SCMNodeManager.java:register(389)) - Registered Data node : 666cbc02-cfaa-4937-bb27-8c807157e922{ip: 127.0.0.1, host: localhost, ports: [REPLICATION=39935, RATIS=45001, RATIS_ADMIN=45001, RATIS_SERVER=45001, STANDALONE=45425], networkLocation: /default-rack, certSerialId: null, persistedOpState: null, persistedOpStateExpiryEpochSec: 0}
2022-01-02 13:18:16,043 [EventQueue-NewNodeForNewNodeHandler] INFO  pipeline.BackgroundPipelineCreator (BackgroundPipelineCreator.java:notifyEventTriggered(279)) - ignore, not leader SCM.
2022-01-02 13:18:16,044 [EndpointStateMachine task thread for /127.0.0.1:14341 - 0 ] WARN  statemachine.EndpointStateMachine (EndpointStateMachine.java:logIfNeeded(236)) - Unable to communicate to SCM server at 127.0.0.1:14341 for past 0 seconds.
java.io.EOFException: End of File Exception between local host is: "fv-az195-8/10.1.0.22"; destination host is: "localhost":14341; : java.io.EOFException; For more details see:  http://wiki.apache.org/hadoop/EOFException
	at sun.reflect.NativeConstructorAccessorImpl.newInstance0(Native Method)
	at sun.reflect.NativeConstructorAccessorImpl.newInstance(NativeConstructorAccessorImpl.java:62)
	at sun.reflect.DelegatingConstructorAccessorImpl.newInstance(DelegatingConstructorAccessorImpl.java:45)
	at java.lang.reflect.Constructor.newInstance(Constructor.java:423)
	at org.apache.hadoop.net.NetUtils.wrapWithMessage(NetUtils.java:913)
	at org.apache.hadoop.net.NetUtils.wrapException(NetUtils.java:862)
	at org.apache.hadoop.ipc.Client.getRpcResponse(Client.java:1577)
	at org.apache.hadoop.ipc.Client.call(Client.java:1519)
	at org.apache.hadoop.ipc.Client.call(Client.java:1416)
	at org.apache.hadoop.ipc.ProtobufRpcEngine$Invoker.invoke(ProtobufRpcEngine.java:236)
	at org.apache.hadoop.ipc.ProtobufRpcEngine$Invoker.invoke(ProtobufRpcEngine.java:123)
	at com.sun.proxy.$Proxy48.submitRequest(Unknown Source)
	at org.apache.hadoop.ozone.protocolPB.StorageContainerDatanodeProtocolClientSideTranslatorPB.submitRequest(StorageContainerDatanodeProtocolClientSideTranslatorPB.java:117)
	at org.apache.hadoop.ozone.protocolPB.StorageContainerDatanodeProtocolClientSideTranslatorPB.sendHeartbeat(StorageContainerDatanodeProtocolClientSideTranslatorPB.java:149)
	at org.apache.hadoop.ozone.container.common.states.endpoint.HeartbeatEndpointTask.call(HeartbeatEndpointTask.java:179)
	at org.apache.hadoop.ozone.container.common.states.endpoint.HeartbeatEndpointTask.call(HeartbeatEndpointTask.java:82)
	at java.util.concurrent.FutureTask.run(FutureTask.java:266)
	at java.util.concurrent.ThreadPoolExecutor.runWorker(ThreadPoolExecutor.java:1149)
	at java.util.concurrent.ThreadPoolExecutor$Worker.run(ThreadPoolExecutor.java:624)
	at java.lang.Thread.run(Thread.java:748)
Caused by: java.io.EOFException
	at java.io.DataInputStream.readInt(DataInputStream.java:392)
	at org.apache.hadoop.ipc.Client$IpcStreams.readResponse(Client.java:1892)
	at org.apache.hadoop.ipc.Client$Connection.receiveRpcResponse(Client.java:1202)
	at org.apache.hadoop.ipc.Client$Connection.run(Client.java:1098)
2022-01-02 13:18:16,173 [IPC Server handler 7 on default port 14361] INFO  net.NetworkTopologyImpl (NetworkTopologyImpl.java:add(112)) - Added a new node: /default-rack/07c4551c-5eaf-48e0-b21d-d7eec408612b
2022-01-02 13:18:16,173 [IPC Server handler 7 on default port 14361] INFO  node.SCMNodeManager (SCMNodeManager.java:register(389)) - Registered Data node : 07c4551c-5eaf-48e0-b21d-d7eec408612b{ip: 127.0.0.1, host: localhost, ports: [REPLICATION=46801, RATIS=41023, RATIS_ADMIN=41023, RATIS_SERVER=41023, STANDALONE=34853], networkLocation: /default-rack, certSerialId: null, persistedOpState: null, persistedOpStateExpiryEpochSec: 0}
2022-01-02 13:18:16,173 [EventQueue-NewNodeForNewNodeHandler] INFO  pipeline.BackgroundPipelineCreator (BackgroundPipelineCreator.java:notifyEventTriggered(279)) - ignore, not leader SCM.
2022-01-02 13:18:16,175 [EventQueue-PipelineReportForPipelineReportHandler] INFO  pipeline.PipelineManagerImpl (PipelineManagerImpl.java:openPipeline(291)) - Pipeline Pipeline[ Id: b207d06a-988f-4864-b344-fcc823d1752e, Nodes: 07c4551c-5eaf-48e0-b21d-d7eec408612b{ip: 127.0.0.1, host: localhost, ports: [REPLICATION=46801, RATIS=41023, RATIS_ADMIN=41023, RATIS_SERVER=41023, STANDALONE=34853], networkLocation: /default-rack, certSerialId: null, persistedOpState: IN_SERVICE, persistedOpStateExpiryEpochSec: 0}07a6759e-563e-4423-80ed-ce00ebedab03{ip: 127.0.0.1, host: localhost, ports: [REPLICATION=41835, RATIS=43531, RATIS_ADMIN=43531, RATIS_SERVER=43531, STANDALONE=35375], networkLocation: /default-rack, certSerialId: null, persistedOpState: IN_SERVICE, persistedOpStateExpiryEpochSec: 0}666cbc02-cfaa-4937-bb27-8c807157e922{ip: 127.0.0.1, host: localhost, ports: [REPLICATION=39935, RATIS=45001, RATIS_ADMIN=45001, RATIS_SERVER=45001, STANDALONE=45425], networkLocation: /default-rack, certSerialId: null, persistedOpState: IN_SERVICE, persistedOpStateExpiryEpochSec: 0}, ReplicationConfig: RATIS/THREE, State:ALLOCATED, leaderId:07a6759e-563e-4423-80ed-ce00ebedab03, CreationTimestamp2022-01-02T13:18:11.246Z[Etc/UTC]] moved to OPEN state
2022-01-02 13:18:16,208 [EventQueue-PipelineReportForPipelineReportHandler] ERROR events.SingleThreadExecutor (SingleThreadExecutor.java:lambda$onMessage$1(88)) - Error on execution message org.apache.hadoop.hdds.scm.server.SCMDatanodeHeartbeatDispatcher$PipelineReportFromDatanode@53ec6d67
java.lang.reflect.UndeclaredThrowableException
	at com.sun.proxy.$Proxy23.updatePipelineState(Unknown Source)
	at org.apache.hadoop.hdds.scm.pipeline.PipelineManagerImpl.openPipeline(PipelineManagerImpl.java:292)
	at org.apache.hadoop.hdds.scm.pipeline.PipelineReportHandler.processPipelineReport(PipelineReportHandler.java:133)
	at org.apache.hadoop.hdds.scm.pipeline.PipelineReportHandler.onMessage(PipelineReportHandler.java:92)
	at org.apache.hadoop.hdds.scm.pipeline.PipelineReportHandler.onMessage(PipelineReportHandler.java:51)
	at org.apache.hadoop.hdds.server.events.SingleThreadExecutor.lambda$onMessage$1(SingleThreadExecutor.java:85)
	at java.util.concurrent.ThreadPoolExecutor.runWorker(ThreadPoolExecutor.java:1149)
	at java.util.concurrent.ThreadPoolExecutor$Worker.run(ThreadPoolExecutor.java:624)
	at java.lang.Thread.run(Thread.java:748)
Caused by: java.util.concurrent.ExecutionException: org.apache.ratis.protocol.exceptions.ServerNotReadyException: 6fa4dbc0-5979-4abd-949d-5f620dcfcc80@group-5D8EB23EFD07 is not in [RUNNING]: current state is CLOSED
	at java.util.concurrent.CompletableFuture.reportGet(CompletableFuture.java:357)
	at java.util.concurrent.CompletableFuture.get(CompletableFuture.java:1928)
	at org.apache.hadoop.hdds.scm.ha.SCMRatisServerImpl.submitRequest(SCMRatisServerImpl.java:223)
	at org.apache.hadoop.hdds.scm.ha.SCMHAInvocationHandler.invokeRatis(SCMHAInvocationHandler.java:110)
	at org.apache.hadoop.hdds.scm.ha.SCMHAInvocationHandler.invoke(SCMHAInvocationHandler.java:67)
	... 9 more
Caused by: org.apache.ratis.protocol.exceptions.ServerNotReadyException: 6fa4dbc0-5979-4abd-949d-5f620dcfcc80@group-5D8EB23EFD07 is not in [RUNNING]: current state is CLOSED
	at org.apache.ratis.server.impl.RaftServerImpl.lambda$assertLifeCycleState$9(RaftServerImpl.java:672)
	at org.apache.ratis.util.LifeCycle.assertCurrentState(LifeCycle.java:253)
	at org.apache.ratis.server.impl.RaftServerImpl.assertLifeCycleState(RaftServerImpl.java:671)
	at org.apache.ratis.server.impl.RaftServerImpl.submitClientRequestAsync(RaftServerImpl.java:748)
	at org.apache.ratis.server.impl.RaftServerProxy.lambda$submitClientRequestAsync$9(RaftServerProxy.java:417)
	at org.apache.ratis.server.impl.RaftServerProxy.lambda$null$7(RaftServerProxy.java:412)
	at org.apache.ratis.util.JavaUtils.callAsUnchecked(JavaUtils.java:115)
	at org.apache.ratis.server.impl.RaftServerProxy.lambda$submitRequest$8(RaftServerProxy.java:412)
	at java.util.concurrent.CompletableFuture.uniComposeStage(CompletableFuture.java:995)
	at java.util.concurrent.CompletableFuture.thenCompose(CompletableFuture.java:2137)
	at org.apache.ratis.server.impl.RaftServerProxy.submitRequest(RaftServerProxy.java:411)
	at org.apache.ratis.server.impl.RaftServerProxy.submitClientRequestAsync(RaftServerProxy.java:417)
	at org.apache.hadoop.hdds.scm.ha.SCMRatisServerImpl.submitRequest(SCMRatisServerImpl.java:222)
	... 11 more
2022-01-02 13:18:16,214 [EndpointStateMachine task thread for /127.0.0.1:14995 - 0 ] INFO  ipc.Client (Client.java:handleConnectionFailure(977)) - Retrying connect to server: localhost/127.0.0.1:14995. Already tried 11 time(s); retry policy is RetryUpToMaximumCountWithFixedSleep(maxRetries=15, sleepTime=1000 MILLISECONDS)
2022-01-02 13:18:16,214 [EndpointStateMachine task thread for /127.0.0.1:15005 - 0 ] INFO  ipc.Client (Client.java:handleConnectionFailure(977)) - Retrying connect to server: localhost/127.0.0.1:15005. Already tried 14 time(s); retry policy is RetryUpToMaximumCountWithFixedSleep(maxRetries=15, sleepTime=1000 MILLISECONDS)
2022-01-02 13:18:16,254 [EndpointStateMachine task thread for /127.0.0.1:14985 - 0 ] INFO  ipc.Client (Client.java:handleConnectionFailure(977)) - Retrying connect to server: localhost/127.0.0.1:14985. Already tried 14 time(s); retry policy is RetryUpToMaximumCountWithFixedSleep(maxRetries=15, sleepTime=1000 MILLISECONDS)
2022-01-02 13:18:16,548 [EventQueue-PipelineReportForPipelineReportHandler] INFO  pipeline.PipelineManagerImpl (PipelineManagerImpl.java:openPipeline(291)) - Pipeline Pipeline[ Id: b207d06a-988f-4864-b344-fcc823d1752e, Nodes: 07c4551c-5eaf-48e0-b21d-d7eec408612b{ip: 127.0.0.1, host: localhost, ports: [REPLICATION=46801, RATIS=41023, RATIS_ADMIN=41023, RATIS_SERVER=41023, STANDALONE=34853], networkLocation: /default-rack, certSerialId: null, persistedOpState: IN_SERVICE, persistedOpStateExpiryEpochSec: 0}07a6759e-563e-4423-80ed-ce00ebedab03{ip: 127.0.0.1, host: localhost, ports: [REPLICATION=41835, RATIS=43531, RATIS_ADMIN=43531, RATIS_SERVER=43531, STANDALONE=35375], networkLocation: /default-rack, certSerialId: null, persistedOpState: IN_SERVICE, persistedOpStateExpiryEpochSec: 0}666cbc02-cfaa-4937-bb27-8c807157e922{ip: 127.0.0.1, host: localhost, ports: [REPLICATION=39935, RATIS=45001, RATIS_ADMIN=45001, RATIS_SERVER=45001, STANDALONE=45425], networkLocation: /default-rack, certSerialId: null, persistedOpState: IN_SERVICE, persistedOpStateExpiryEpochSec: 0}, ReplicationConfig: RATIS/THREE, State:ALLOCATED, leaderId:07a6759e-563e-4423-80ed-ce00ebedab03, CreationTimestamp2022-01-02T13:18:11.246Z[Etc/UTC]] moved to OPEN state
2022-01-02 13:18:16,548 [EventQueue-PipelineReportForPipelineReportHandler] ERROR events.SingleThreadExecutor (SingleThreadExecutor.java:lambda$onMessage$1(88)) - Error on execution message org.apache.hadoop.hdds.scm.server.SCMDatanodeHeartbeatDispatcher$PipelineReportFromDatanode@7b55e46f
java.lang.reflect.UndeclaredThrowableException
	at com.sun.proxy.$Proxy23.updatePipelineState(Unknown Source)
	at org.apache.hadoop.hdds.scm.pipeline.PipelineManagerImpl.openPipeline(PipelineManagerImpl.java:292)
	at org.apache.hadoop.hdds.scm.pipeline.PipelineReportHandler.processPipelineReport(PipelineReportHandler.java:133)
	at org.apache.hadoop.hdds.scm.pipeline.PipelineReportHandler.onMessage(PipelineReportHandler.java:92)
	at org.apache.hadoop.hdds.scm.pipeline.PipelineReportHandler.onMessage(PipelineReportHandler.java:51)
	at org.apache.hadoop.hdds.server.events.SingleThreadExecutor.lambda$onMessage$1(SingleThreadExecutor.java:85)
	at java.util.concurrent.ThreadPoolExecutor.runWorker(ThreadPoolExecutor.java:1149)
	at java.util.concurrent.ThreadPoolExecutor$Worker.run(ThreadPoolExecutor.java:624)
	at java.lang.Thread.run(Thread.java:748)
Caused by: java.util.concurrent.ExecutionException: org.apache.ratis.protocol.exceptions.ServerNotReadyException: 6fa4dbc0-5979-4abd-949d-5f620dcfcc80@group-5D8EB23EFD07 is not in [RUNNING]: current state is CLOSED
	at java.util.concurrent.CompletableFuture.reportGet(CompletableFuture.java:357)
	at java.util.concurrent.CompletableFuture.get(CompletableFuture.java:1928)
	at org.apache.hadoop.hdds.scm.ha.SCMRatisServerImpl.submitRequest(SCMRatisServerImpl.java:223)
	at org.apache.hadoop.hdds.scm.ha.SCMHAInvocationHandler.invokeRatis(SCMHAInvocationHandler.java:110)
	at org.apache.hadoop.hdds.scm.ha.SCMHAInvocationHandler.invoke(SCMHAInvocationHandler.java:67)
	... 9 more
Caused by: org.apache.ratis.protocol.exceptions.ServerNotReadyException: 6fa4dbc0-5979-4abd-949d-5f620dcfcc80@group-5D8EB23EFD07 is not in [RUNNING]: current state is CLOSED
	at org.apache.ratis.server.impl.RaftServerImpl.lambda$assertLifeCycleState$9(RaftServerImpl.java:672)
	at org.apache.ratis.util.LifeCycle.assertCurrentState(LifeCycle.java:253)
	at org.apache.ratis.server.impl.RaftServerImpl.assertLifeCycleState(RaftServerImpl.java:671)
	at org.apache.ratis.server.impl.RaftServerImpl.submitClientRequestAsync(RaftServerImpl.java:748)
	at org.apache.ratis.server.impl.RaftServerProxy.lambda$submitClientRequestAsync$9(RaftServerProxy.java:417)
	at org.apache.ratis.server.impl.RaftServerProxy.lambda$null$7(RaftServerProxy.java:412)
	at org.apache.ratis.util.JavaUtils.callAsUnchecked(JavaUtils.java:115)
	at org.apache.ratis.server.impl.RaftServerProxy.lambda$submitRequest$8(RaftServerProxy.java:412)
	at java.util.concurrent.CompletableFuture.uniComposeStage(CompletableFuture.java:995)
	at java.util.concurrent.CompletableFuture.thenCompose(CompletableFuture.java:2137)
	at org.apache.ratis.server.impl.RaftServerProxy.submitRequest(RaftServerProxy.java:411)
	at org.apache.ratis.server.impl.RaftServerProxy.submitClientRequestAsync(RaftServerProxy.java:417)
	at org.apache.hadoop.hdds.scm.ha.SCMRatisServerImpl.submitRequest(SCMRatisServerImpl.java:222)
	... 11 more
2022-01-02 13:18:17,043 [EventQueue-PipelineReportForPipelineReportHandler] INFO  pipeline.PipelineManagerImpl (PipelineManagerImpl.java:openPipeline(291)) - Pipeline Pipeline[ Id: b207d06a-988f-4864-b344-fcc823d1752e, Nodes: 07c4551c-5eaf-48e0-b21d-d7eec408612b{ip: 127.0.0.1, host: localhost, ports: [REPLICATION=46801, RATIS=41023, RATIS_ADMIN=41023, RATIS_SERVER=41023, STANDALONE=34853], networkLocation: /default-rack, certSerialId: null, persistedOpState: IN_SERVICE, persistedOpStateExpiryEpochSec: 0}07a6759e-563e-4423-80ed-ce00ebedab03{ip: 127.0.0.1, host: localhost, ports: [REPLICATION=41835, RATIS=43531, RATIS_ADMIN=43531, RATIS_SERVER=43531, STANDALONE=35375], networkLocation: /default-rack, certSerialId: null, persistedOpState: IN_SERVICE, persistedOpStateExpiryEpochSec: 0}666cbc02-cfaa-4937-bb27-8c807157e922{ip: 127.0.0.1, host: localhost, ports: [REPLICATION=39935, RATIS=45001, RATIS_ADMIN=45001, RATIS_SERVER=45001, STANDALONE=45425], networkLocation: /default-rack, certSerialId: null, persistedOpState: IN_SERVICE, persistedOpStateExpiryEpochSec: 0}, ReplicationConfig: RATIS/THREE, State:ALLOCATED, leaderId:07a6759e-563e-4423-80ed-ce00ebedab03, CreationTimestamp2022-01-02T13:18:11.246Z[Etc/UTC]] moved to OPEN state
2022-01-02 13:18:17,043 [EventQueue-PipelineReportForPipelineReportHandler] ERROR events.SingleThreadExecutor (SingleThreadExecutor.java:lambda$onMessage$1(88)) - Error on execution message org.apache.hadoop.hdds.scm.server.SCMDatanodeHeartbeatDispatcher$PipelineReportFromDatanode@7cfffdc0
java.lang.reflect.UndeclaredThrowableException
	at com.sun.proxy.$Proxy23.updatePipelineState(Unknown Source)
	at org.apache.hadoop.hdds.scm.pipeline.PipelineManagerImpl.openPipeline(PipelineManagerImpl.java:292)
	at org.apache.hadoop.hdds.scm.pipeline.PipelineReportHandler.processPipelineReport(PipelineReportHandler.java:133)
	at org.apache.hadoop.hdds.scm.pipeline.PipelineReportHandler.onMessage(PipelineReportHandler.java:92)
	at org.apache.hadoop.hdds.scm.pipeline.PipelineReportHandler.onMessage(PipelineReportHandler.java:51)
	at org.apache.hadoop.hdds.server.events.SingleThreadExecutor.lambda$onMessage$1(SingleThreadExecutor.java:85)
	at java.util.concurrent.ThreadPoolExecutor.runWorker(ThreadPoolExecutor.java:1149)
	at java.util.concurrent.ThreadPoolExecutor$Worker.run(ThreadPoolExecutor.java:624)
	at java.lang.Thread.run(Thread.java:748)
Caused by: java.util.concurrent.ExecutionException: org.apache.ratis.protocol.exceptions.ServerNotReadyException: 6fa4dbc0-5979-4abd-949d-5f620dcfcc80@group-5D8EB23EFD07 is not in [RUNNING]: current state is CLOSED
	at java.util.concurrent.CompletableFuture.reportGet(CompletableFuture.java:357)
	at java.util.concurrent.CompletableFuture.get(CompletableFuture.java:1928)
	at org.apache.hadoop.hdds.scm.ha.SCMRatisServerImpl.submitRequest(SCMRatisServerImpl.java:223)
	at org.apache.hadoop.hdds.scm.ha.SCMHAInvocationHandler.invokeRatis(SCMHAInvocationHandler.java:110)
	at org.apache.hadoop.hdds.scm.ha.SCMHAInvocationHandler.invoke(SCMHAInvocationHandler.java:67)
	... 9 more
Caused by: org.apache.ratis.protocol.exceptions.ServerNotReadyException: 6fa4dbc0-5979-4abd-949d-5f620dcfcc80@group-5D8EB23EFD07 is not in [RUNNING]: current state is CLOSED
	at org.apache.ratis.server.impl.RaftServerImpl.lambda$assertLifeCycleState$9(RaftServerImpl.java:672)
	at org.apache.ratis.util.LifeCycle.assertCurrentState(LifeCycle.java:253)
	at org.apache.ratis.server.impl.RaftServerImpl.assertLifeCycleState(RaftServerImpl.java:671)
	at org.apache.ratis.server.impl.RaftServerImpl.submitClientRequestAsync(RaftServerImpl.java:748)
	at org.apache.ratis.server.impl.RaftServerProxy.lambda$submitClientRequestAsync$9(RaftServerProxy.java:417)
	at org.apache.ratis.server.impl.RaftServerProxy.lambda$null$7(RaftServerProxy.java:412)
	at org.apache.ratis.util.JavaUtils.callAsUnchecked(JavaUtils.java:115)
	at org.apache.ratis.server.impl.RaftServerProxy.lambda$submitRequest$8(RaftServerProxy.java:412)
	at java.util.concurrent.CompletableFuture.uniComposeStage(CompletableFuture.java:995)
	at java.util.concurrent.CompletableFuture.thenCompose(CompletableFuture.java:2137)
	at org.apache.ratis.server.impl.RaftServerProxy.submitRequest(RaftServerProxy.java:411)
	at org.apache.ratis.server.impl.RaftServerProxy.submitClientRequestAsync(RaftServerProxy.java:417)
	at org.apache.hadoop.hdds.scm.ha.SCMRatisServerImpl.submitRequest(SCMRatisServerImpl.java:222)
	... 11 more
2022-01-02 13:18:17,170 [EventQueue-PipelineReportForPipelineReportHandler] INFO  pipeline.PipelineManagerImpl (PipelineManagerImpl.java:openPipeline(291)) - Pipeline Pipeline[ Id: b207d06a-988f-4864-b344-fcc823d1752e, Nodes: 07c4551c-5eaf-48e0-b21d-d7eec408612b{ip: 127.0.0.1, host: localhost, ports: [REPLICATION=46801, RATIS=41023, RATIS_ADMIN=41023, RATIS_SERVER=41023, STANDALONE=34853], networkLocation: /default-rack, certSerialId: null, persistedOpState: IN_SERVICE, persistedOpStateExpiryEpochSec: 0}07a6759e-563e-4423-80ed-ce00ebedab03{ip: 127.0.0.1, host: localhost, ports: [REPLICATION=41835, RATIS=43531, RATIS_ADMIN=43531, RATIS_SERVER=43531, STANDALONE=35375], networkLocation: /default-rack, certSerialId: null, persistedOpState: IN_SERVICE, persistedOpStateExpiryEpochSec: 0}666cbc02-cfaa-4937-bb27-8c807157e922{ip: 127.0.0.1, host: localhost, ports: [REPLICATION=39935, RATIS=45001, RATIS_ADMIN=45001, RATIS_SERVER=45001, STANDALONE=45425], networkLocation: /default-rack, certSerialId: null, persistedOpState: IN_SERVICE, persistedOpStateExpiryEpochSec: 0}, ReplicationConfig: RATIS/THREE, State:ALLOCATED, leaderId:07a6759e-563e-4423-80ed-ce00ebedab03, CreationTimestamp2022-01-02T13:18:11.246Z[Etc/UTC]] moved to OPEN state
2022-01-02 13:18:17,171 [EventQueue-PipelineReportForPipelineReportHandler] ERROR events.SingleThreadExecutor (SingleThreadExecutor.java:lambda$onMessage$1(88)) - Error on execution message org.apache.hadoop.hdds.scm.server.SCMDatanodeHeartbeatDispatcher$PipelineReportFromDatanode@3b82f689
java.lang.reflect.UndeclaredThrowableException
	at com.sun.proxy.$Proxy23.updatePipelineState(Unknown Source)
	at org.apache.hadoop.hdds.scm.pipeline.PipelineManagerImpl.openPipeline(PipelineManagerImpl.java:292)
	at org.apache.hadoop.hdds.scm.pipeline.PipelineReportHandler.processPipelineReport(PipelineReportHandler.java:133)
	at org.apache.hadoop.hdds.scm.pipeline.PipelineReportHandler.onMessage(PipelineReportHandler.java:92)
	at org.apache.hadoop.hdds.scm.pipeline.PipelineReportHandler.onMessage(PipelineReportHandler.java:51)
	at org.apache.hadoop.hdds.server.events.SingleThreadExecutor.lambda$onMessage$1(SingleThreadExecutor.java:85)
	at java.util.concurrent.ThreadPoolExecutor.runWorker(ThreadPoolExecutor.java:1149)
	at java.util.concurrent.ThreadPoolExecutor$Worker.run(ThreadPoolExecutor.java:624)
	at java.lang.Thread.run(Thread.java:748)
Caused by: java.util.concurrent.ExecutionException: org.apache.ratis.protocol.exceptions.ServerNotReadyException: 6fa4dbc0-5979-4abd-949d-5f620dcfcc80@group-5D8EB23EFD07 is not in [RUNNING]: current state is CLOSED
	at java.util.concurrent.CompletableFuture.reportGet(CompletableFuture.java:357)
	at java.util.concurrent.CompletableFuture.get(CompletableFuture.java:1928)
	at org.apache.hadoop.hdds.scm.ha.SCMRatisServerImpl.submitRequest(SCMRatisServerImpl.java:223)
	at org.apache.hadoop.hdds.scm.ha.SCMHAInvocationHandler.invokeRatis(SCMHAInvocationHandler.java:110)
	at org.apache.hadoop.hdds.scm.ha.SCMHAInvocationHandler.invoke(SCMHAInvocationHandler.java:67)
	... 9 more
Caused by: org.apache.ratis.protocol.exceptions.ServerNotReadyException: 6fa4dbc0-5979-4abd-949d-5f620dcfcc80@group-5D8EB23EFD07 is not in [RUNNING]: current state is CLOSED
	at org.apache.ratis.server.impl.RaftServerImpl.lambda$assertLifeCycleState$9(RaftServerImpl.java:672)
	at org.apache.ratis.util.LifeCycle.assertCurrentState(LifeCycle.java:253)
	at org.apache.ratis.server.impl.RaftServerImpl.assertLifeCycleState(RaftServerImpl.java:671)
	at org.apache.ratis.server.impl.RaftServerImpl.submitClientRequestAsync(RaftServerImpl.java:748)
	at org.apache.ratis.server.impl.RaftServerProxy.lambda$submitClientRequestAsync$9(RaftServerProxy.java:417)
	at org.apache.ratis.server.impl.RaftServerProxy.lambda$null$7(RaftServerProxy.java:412)
	at org.apache.ratis.util.JavaUtils.callAsUnchecked(JavaUtils.java:115)
	at org.apache.ratis.server.impl.RaftServerProxy.lambda$submitRequest$8(RaftServerProxy.java:412)
	at java.util.concurrent.CompletableFuture.uniComposeStage(CompletableFuture.java:995)
	at java.util.concurrent.CompletableFuture.thenCompose(CompletableFuture.java:2137)
	at org.apache.ratis.server.impl.RaftServerProxy.submitRequest(RaftServerProxy.java:411)
	at org.apache.ratis.server.impl.RaftServerProxy.submitClientRequestAsync(RaftServerProxy.java:417)
	at org.apache.hadoop.hdds.scm.ha.SCMRatisServerImpl.submitRequest(SCMRatisServerImpl.java:222)
	... 11 more
2022-01-02 13:18:17,171 [EndpointStateMachine task thread for /127.0.0.1:14341 - 0 ] INFO  ipc.Client (Client.java:handleConnectionFailure(977)) - Retrying connect to server: localhost/127.0.0.1:14341. Already tried 0 time(s); retry policy is RetryUpToMaximumCountWithFixedSleep(maxRetries=15, sleepTime=1000 MILLISECONDS)
2022-01-02 13:18:17,214 [EndpointStateMachine task thread for /127.0.0.1:14995 - 0 ] INFO  ipc.Client (Client.java:handleConnectionFailure(977)) - Retrying connect to server: localhost/127.0.0.1:14995. Already tried 12 time(s); retry policy is RetryUpToMaximumCountWithFixedSleep(maxRetries=15, sleepTime=1000 MILLISECONDS)
2022-01-02 13:18:17,215 [EndpointStateMachine task thread for /127.0.0.1:15005 - 0 ] INFO  ipc.Client (Client.java:handleConnectionFailure(977)) - Retrying connect to server: localhost/127.0.0.1:15005. Already tried 0 time(s); retry policy is RetryUpToMaximumCountWithFixedSleep(maxRetries=15, sleepTime=1000 MILLISECONDS)
2022-01-02 13:18:17,255 [EndpointStateMachine task thread for /127.0.0.1:14985 - 0 ] INFO  ipc.Client (Client.java:handleConnectionFailure(977)) - Retrying connect to server: localhost/127.0.0.1:14985. Already tried 0 time(s); retry policy is RetryUpToMaximumCountWithFixedSleep(maxRetries=15, sleepTime=1000 MILLISECONDS)
2022-01-02 13:18:17,813 [SCM Heartbeat Processing Thread - 0] WARN  node.NodeStateManager (NodeStateManager.java:scheduleNextHealthCheck(799)) - Current Thread is interrupted, shutting down HB processing thread for Node Manager.
2022-01-02 13:18:17,814 [Listener at 127.0.0.1/11096] INFO  server.StorageContainerManager (StorageContainerManager.java:stop(1426)) - Stopping block service RPC server
2022-01-02 13:18:17,814 [Listener at 127.0.0.1/11096] INFO  server.SCMBlockProtocolServer (SCMBlockProtocolServer.java:stop(160)) - Stopping the RPC server for Block Protocol
2022-01-02 13:18:17,814 [Listener at 127.0.0.1/11096] INFO  ipc.Server (Server.java:stop(3414)) - Stopping server on 14342
2022-01-02 13:18:17,818 [IPC Server listener on 14342] INFO  ipc.Server (Server.java:run(1376)) - Stopping IPC Server listener on 14342
2022-01-02 13:18:17,818 [Listener at 127.0.0.1/11096] INFO  server.StorageContainerManager (StorageContainerManager.java:stop(1433)) - Stopping the StorageContainerLocationProtocol RPC server
2022-01-02 13:18:17,818 [Listener at 127.0.0.1/11096] INFO  server.SCMClientProtocolServer (SCMClientProtocolServer.java:stop(173)) - Stopping the RPC server for Client Protocol
2022-01-02 13:18:17,819 [Listener at 127.0.0.1/11096] INFO  ipc.Server (Server.java:stop(3414)) - Stopping server on 14343
2022-01-02 13:18:17,819 [IPC Server Responder] INFO  ipc.Server (Server.java:run(1512)) - Stopping IPC Server Responder
2022-01-02 13:18:17,829 [IPC Server listener on 14343] INFO  ipc.Server (Server.java:run(1376)) - Stopping IPC Server listener on 14343
2022-01-02 13:18:17,836 [IPC Server Responder] INFO  ipc.Server (Server.java:run(1512)) - Stopping IPC Server Responder
2022-01-02 13:18:17,836 [Listener at 127.0.0.1/11096] INFO  server.StorageContainerManager (StorageContainerManager.java:stop(1440)) - Stopping Storage Container Manager HTTP server.
2022-01-02 13:18:17,837 [Listener at 127.0.0.1/11096] INFO  handler.ContextHandler (ContextHandler.java:doStop(1153)) - Stopped o.e.j.w.WebAppContext@54210bb8{scm,/,null,STOPPED}{file:/home/runner/work/ozone/ozone/hadoop-ozone/integration-test/target/test-classes/webapps/scm}
2022-01-02 13:18:17,838 [Listener at 127.0.0.1/11096] INFO  server.AbstractConnector (AbstractConnector.java:doStop(381)) - Stopped ServerConnector@55f20d7e{HTTP/1.1, (http/1.1)}{0.0.0.0:14338}
2022-01-02 13:18:17,838 [Listener at 127.0.0.1/11096] INFO  server.session (HouseKeeper.java:stopScavenging(149)) - node0 Stopped scavenging
2022-01-02 13:18:17,838 [Listener at 127.0.0.1/11096] INFO  handler.ContextHandler (ContextHandler.java:doStop(1153)) - Stopped o.e.j.s.ServletContextHandler@912e308{static,/static,file:///home/runner/work/ozone/ozone/hadoop-ozone/integration-test/target/test-classes/webapps/static,STOPPED}
2022-01-02 13:18:17,839 [Listener at 127.0.0.1/11096] INFO  handler.ContextHandler (ContextHandler.java:doStop(1153)) - Stopped o.e.j.s.ServletContextHandler@6e860ca5{logs,/logs,file:///home/runner/work/ozone/ozone/hadoop-ozone/integration-test/target/log,STOPPED}
2022-01-02 13:18:17,840 [Listener at 127.0.0.1/11096] INFO  server.StorageContainerManager (StorageContainerManager.java:stop(1451)) - Stopping Block Manager Service.
2022-01-02 13:18:17,840 [Listener at 127.0.0.1/11096] INFO  utils.BackgroundService (BackgroundService.java:shutdown(132)) - Shutting down service SCMBlockDeletingService
2022-01-02 13:18:17,840 [Listener at 127.0.0.1/11096] INFO  utils.BackgroundService (BackgroundService.java:shutdown(132)) - Shutting down service SCMBlockDeletingService
2022-01-02 13:18:17,841 [Listener at 127.0.0.1/11096] INFO  server.StorageContainerManager (StorageContainerManager.java:stop(1478)) - Stopping SCM Event Queue.
2022-01-02 13:18:17,842 [Listener at 127.0.0.1/11096] INFO  server.StorageContainerManager (StorageContainerManager.java:stop(1489)) - Stopping SCM HA services.
2022-01-02 13:18:17,842 [Listener at 127.0.0.1/11096] INFO  ha.SCMRatisServerImpl (SCMRatisServerImpl.java:stop(236)) - stopping ratis server 0.0.0.0:14340
2022-01-02 13:18:17,842 [Listener at 127.0.0.1/11096] INFO  server.RaftServer (RaftServerProxy.java:lambda$close$6(391)) - 5af0e6f8-e325-4784-8af8-34780179857f: close
2022-01-02 13:18:17,842 [Listener at 127.0.0.1/11096] INFO  server.RaftServer$Division (RaftServerImpl.java:lambda$close$4(412)) - 5af0e6f8-e325-4784-8af8-34780179857f@group-5D8EB23EFD07: shutdown
2022-01-02 13:18:17,843 [Listener at 127.0.0.1/11096] INFO  util.JmxRegister (JmxRegister.java:unregister(73)) - Successfully un-registered JMX Bean with object name Ratis:service=RaftServer,group=group-5D8EB23EFD07,id=5af0e6f8-e325-4784-8af8-34780179857f
2022-01-02 13:18:17,843 [Listener at 127.0.0.1/11096] INFO  impl.RoleInfo (RoleInfo.java:shutdownLeaderState(91)) - 5af0e6f8-e325-4784-8af8-34780179857f: shutdown 5af0e6f8-e325-4784-8af8-34780179857f@group-5D8EB23EFD07-LeaderStateImpl
2022-01-02 13:18:17,843 [Listener at 127.0.0.1/11096] INFO  impl.PendingRequests (PendingRequests.java:sendNotLeaderResponses(282)) - 5af0e6f8-e325-4784-8af8-34780179857f@group-5D8EB23EFD07-PendingRequests: sendNotLeaderResponses
2022-01-02 13:18:17,843 [5af0e6f8-e325-4784-8af8-34780179857f@group-5D8EB23EFD07->3a1420a4-9adf-490e-ae7f-206b4dea1794-GrpcLogAppender-LogAppenderDaemon] WARN  server.GrpcLogAppender (GrpcLogAppender.java:mayWait(177)) - 5af0e6f8-e325-4784-8af8-34780179857f@group-5D8EB23EFD07->3a1420a4-9adf-490e-ae7f-206b4dea1794-GrpcLogAppender: Wait interrupted by java.lang.InterruptedException
2022-01-02 13:18:17,843 [5af0e6f8-e325-4784-8af8-34780179857f@group-5D8EB23EFD07->6fa4dbc0-5979-4abd-949d-5f620dcfcc80-GrpcLogAppender-LogAppenderDaemon] WARN  server.GrpcLogAppender (GrpcLogAppender.java:mayWait(177)) - 5af0e6f8-e325-4784-8af8-34780179857f@group-5D8EB23EFD07->6fa4dbc0-5979-4abd-949d-5f620dcfcc80-GrpcLogAppender: Wait interrupted by java.lang.InterruptedException
2022-01-02 13:18:17,844 [grpc-default-executor-3] INFO  server.GrpcServerProtocolService (GrpcServerProtocolService.java:onCompleted(140)) - 6fa4dbc0-5979-4abd-949d-5f620dcfcc80: Completed APPEND_ENTRIES, lastRequest: 5af0e6f8-e325-4784-8af8-34780179857f->6fa4dbc0-5979-4abd-949d-5f620dcfcc80#38-t2,previous=(t:2, i:29),leaderCommit=29,initializing? true,entries: size=1, first=(t:2, i:30), METADATAENTRY(c:29)
2022-01-02 13:18:17,844 [grpc-default-executor-0] INFO  server.GrpcServerProtocolService (GrpcServerProtocolService.java:onCompleted(140)) - 3a1420a4-9adf-490e-ae7f-206b4dea1794: Completed APPEND_ENTRIES, lastRequest: 5af0e6f8-e325-4784-8af8-34780179857f->3a1420a4-9adf-490e-ae7f-206b4dea1794#1182-t2,previous=(t:2, i:29),leaderCommit=29,initializing? true,entries: size=1, first=(t:2, i:30), METADATAENTRY(c:29)
2022-01-02 13:18:17,843 [Listener at 127.0.0.1/11096] INFO  ha.SCMStateMachine (SCMStateMachine.java:notifyNotLeader(190)) - current leader SCM steps down.
2022-01-02 13:18:17,847 [Listener at 127.0.0.1/11096] INFO  ha.SCMContext (SCMContext.java:updateLeaderAndTerm(90)) - update <isLeader,term> from <true,2> to <false,0>
2022-01-02 13:18:17,847 [Listener at 127.0.0.1/11096] INFO  ha.SCMContext (SCMContext.java:updateLeaderAndTerm(97)) - update <isLeaderReady> from <false> to <false>
2022-01-02 13:18:17,849 [Listener at 127.0.0.1/11096] INFO  impl.StateMachineUpdater (StateMachineUpdater.java:stopAndJoin(149)) - 5af0e6f8-e325-4784-8af8-34780179857f@group-5D8EB23EFD07-StateMachineUpdater: set stopIndex = 30
2022-01-02 13:18:17,849 [Listener at 127.0.0.1/11096] INFO  server.RaftServer$Division (ServerState.java:close(419)) - 5af0e6f8-e325-4784-8af8-34780179857f@group-5D8EB23EFD07: closes. applyIndex: 30
2022-01-02 13:18:17,849 [5af0e6f8-e325-4784-8af8-34780179857f@group-5D8EB23EFD07-SegmentedRaftLogWorker] INFO  segmented.SegmentedRaftLogWorker (SegmentedRaftLogWorker.java:run(327)) - 5af0e6f8-e325-4784-8af8-34780179857f@group-5D8EB23EFD07-SegmentedRaftLogWorker was interrupted, exiting. There are 0 tasks remaining in the queue.
2022-01-02 13:18:17,854 [grpc-default-executor-2] INFO  server.GrpcLogAppender (GrpcLogAppender.java:onCompleted(346)) - 5af0e6f8-e325-4784-8af8-34780179857f@group-5D8EB23EFD07->6fa4dbc0-5979-4abd-949d-5f620dcfcc80-AppendLogResponseHandler: follower responses appendEntries COMPLETED
2022-01-02 13:18:17,854 [grpc-default-executor-2] INFO  leader.FollowerInfo (FollowerInfoImpl.java:lambda$new$0(47)) - 5af0e6f8-e325-4784-8af8-34780179857f@group-5D8EB23EFD07->6fa4dbc0-5979-4abd-949d-5f620dcfcc80: nextIndex: updateUnconditionally 31 -> 30
2022-01-02 13:18:17,855 [grpc-default-executor-0] INFO  server.GrpcLogAppender (GrpcLogAppender.java:onCompleted(346)) - 5af0e6f8-e325-4784-8af8-34780179857f@group-5D8EB23EFD07->3a1420a4-9adf-490e-ae7f-206b4dea1794-AppendLogResponseHandler: follower responses appendEntries COMPLETED
2022-01-02 13:18:17,855 [grpc-default-executor-0] INFO  leader.FollowerInfo (FollowerInfoImpl.java:lambda$new$0(47)) - 5af0e6f8-e325-4784-8af8-34780179857f@group-5D8EB23EFD07->3a1420a4-9adf-490e-ae7f-206b4dea1794: nextIndex: updateUnconditionally 31 -> 30
2022-01-02 13:18:17,855 [Listener at 127.0.0.1/11096] INFO  segmented.SegmentedRaftLogWorker (SegmentedRaftLogWorker.java:close(237)) - 5af0e6f8-e325-4784-8af8-34780179857f@group-5D8EB23EFD07-SegmentedRaftLogWorker close()
2022-01-02 13:18:17,856 [Listener at 127.0.0.1/11096] INFO  server.GrpcService (GrpcService.java:closeImpl(262)) - 5af0e6f8-e325-4784-8af8-34780179857f: shutdown server with port 14340 now
2022-01-02 13:18:17,859 [Listener at 127.0.0.1/11096] INFO  server.GrpcService (GrpcService.java:closeImpl(271)) - 5af0e6f8-e325-4784-8af8-34780179857f: shutdown server with port 14340 successfully
2022-01-02 13:18:17,860 [org.apache.ratis.util.JvmPauseMonitor$$Lambda$499/1697441364@71211cd5] INFO  util.JvmPauseMonitor (JvmPauseMonitor.java:run(109)) - JvmPauseMonitor-5af0e6f8-e325-4784-8af8-34780179857f: Stopped
2022-01-02 13:18:17,860 [Listener at 127.0.0.1/11096] INFO  pipeline.BackgroundPipelineCreator (BackgroundPipelineCreator.java:stop(158)) - Stopping RatisPipelineUtilsThread.
2022-01-02 13:18:17,861 [Listener at 127.0.0.1/11096] INFO  server.StorageContainerManager (StorageContainerManager.java:stop(1499)) - Stopping SCM MetadataStore.
2022-01-02 13:18:17,863 [Listener at 127.0.0.1/11096] INFO  impl.MetricsSystemImpl (MetricsSystemImpl.java:stop(210)) - Stopping StorageContainerManager metrics system...
2022-01-02 13:18:17,867 [prometheus] INFO  impl.MetricsSinkAdapter (MetricsSinkAdapter.java:publishMetricsFromQueue(141)) - prometheus thread interrupted.
2022-01-02 13:18:17,868 [Listener at 127.0.0.1/11096] INFO  impl.MetricsSystemImpl (MetricsSystemImpl.java:stop(216)) - StorageContainerManager metrics system stopped.
2022-01-02 13:18:17,868 [Listener at 127.0.0.1/11096] INFO  ozone.MiniOzoneHAClusterImpl (MiniOzoneHAClusterImpl.java:stop(324)) - Stopping the StorageContainerManager 6fa4dbc0-5979-4abd-949d-5f620dcfcc80
2022-01-02 13:18:17,868 [Listener at 127.0.0.1/11096] INFO  server.StorageContainerManager (StorageContainerManager.java:stop(1390)) - Stopping Container Balancer service.
2022-01-02 13:18:17,868 [Listener at 127.0.0.1/11096] INFO  balancer.ContainerBalancer (ContainerBalancer.java:stop(748)) - Container Balancer is not running.
2022-01-02 13:18:17,869 [Listener at 127.0.0.1/11096] INFO  server.StorageContainerManager (StorageContainerManager.java:stop(1397)) - Stopping Replication Manager Service.
2022-01-02 13:18:17,869 [Listener at 127.0.0.1/11096] INFO  container.ReplicationManager (ReplicationManager.java:stop(350)) - Stopping Replication Monitor Thread.
2022-01-02 13:18:17,869 [Listener at 127.0.0.1/11096] INFO  server.StorageContainerManager (StorageContainerManager.java:stop(1404)) - Stopping the Datanode Admin Monitor.
2022-01-02 13:18:17,872 [Listener at 127.0.0.1/11096] INFO  server.StorageContainerManager (StorageContainerManager.java:stop(1411)) - Stopping Lease Manager of the command watchers
2022-01-02 13:18:17,872 [Listener at 127.0.0.1/11096] INFO  server.StorageContainerManager (StorageContainerManager.java:stop(1418)) - Stopping datanode service RPC server
2022-01-02 13:18:17,872 [Listener at 127.0.0.1/11096] INFO  server.SCMDatanodeProtocolServer (SCMDatanodeProtocolServer.java:stop(390)) - Stopping the RPC server for DataNodes
2022-01-02 13:18:17,873 [Listener at 127.0.0.1/11096] INFO  ipc.Server (Server.java:stop(3414)) - Stopping server on 14361
2022-01-02 13:18:17,877 [IPC Server listener on 14361] INFO  ipc.Server (Server.java:run(1376)) - Stopping IPC Server listener on 14361
2022-01-02 13:18:17,885 [IPC Server Responder] INFO  ipc.Server (Server.java:run(1512)) - Stopping IPC Server Responder
2022-01-02 13:18:17,962 [SCM Heartbeat Processing Thread - 0] WARN  node.NodeStateManager (NodeStateManager.java:scheduleNextHealthCheck(799)) - Current Thread is interrupted, shutting down HB processing thread for Node Manager.
2022-01-02 13:18:17,962 [Listener at 127.0.0.1/11096] INFO  server.StorageContainerManager (StorageContainerManager.java:stop(1426)) - Stopping block service RPC server
2022-01-02 13:18:17,962 [Listener at 127.0.0.1/11096] INFO  server.SCMBlockProtocolServer (SCMBlockProtocolServer.java:stop(160)) - Stopping the RPC server for Block Protocol
2022-01-02 13:18:17,962 [Listener at 127.0.0.1/11096] INFO  ipc.Server (Server.java:stop(3414)) - Stopping server on 14362
2022-01-02 13:18:17,967 [Listener at 127.0.0.1/11096] INFO  server.StorageContainerManager (StorageContainerManager.java:stop(1433)) - Stopping the StorageContainerLocationProtocol RPC server
2022-01-02 13:18:17,967 [Listener at 127.0.0.1/11096] INFO  server.SCMClientProtocolServer (SCMClientProtocolServer.java:stop(173)) - Stopping the RPC server for Client Protocol
2022-01-02 13:18:17,967 [Listener at 127.0.0.1/11096] INFO  ipc.Server (Server.java:stop(3414)) - Stopping server on 14363
2022-01-02 13:18:17,967 [IPC Server Responder] INFO  ipc.Server (Server.java:run(1512)) - Stopping IPC Server Responder
2022-01-02 13:18:17,967 [IPC Server listener on 14362] INFO  ipc.Server (Server.java:run(1376)) - Stopping IPC Server listener on 14362
2022-01-02 13:18:17,974 [IPC Server listener on 14363] INFO  ipc.Server (Server.java:run(1376)) - Stopping IPC Server listener on 14363
2022-01-02 13:18:17,977 [Listener at 127.0.0.1/11096] INFO  server.StorageContainerManager (StorageContainerManager.java:stop(1440)) - Stopping Storage Container Manager HTTP server.
2022-01-02 13:18:17,978 [Listener at 127.0.0.1/11096] INFO  handler.ContextHandler (ContextHandler.java:doStop(1153)) - Stopped o.e.j.w.WebAppContext@79fe746d{scm,/,null,STOPPED}{file:/home/runner/work/ozone/ozone/hadoop-ozone/integration-test/target/test-classes/webapps/scm}
2022-01-02 13:18:17,978 [IPC Server Responder] INFO  ipc.Server (Server.java:run(1512)) - Stopping IPC Server Responder
2022-01-02 13:18:17,980 [Listener at 127.0.0.1/11096] INFO  server.AbstractConnector (AbstractConnector.java:doStop(381)) - Stopped ServerConnector@9320aed{HTTP/1.1, (http/1.1)}{0.0.0.0:14358}
2022-01-02 13:18:17,980 [Listener at 127.0.0.1/11096] INFO  server.session (HouseKeeper.java:stopScavenging(149)) - node0 Stopped scavenging
2022-01-02 13:18:17,980 [Listener at 127.0.0.1/11096] INFO  handler.ContextHandler (ContextHandler.java:doStop(1153)) - Stopped o.e.j.s.ServletContextHandler@7856f5e7{static,/static,file:///home/runner/work/ozone/ozone/hadoop-ozone/integration-test/target/test-classes/webapps/static,STOPPED}
2022-01-02 13:18:17,980 [Listener at 127.0.0.1/11096] INFO  handler.ContextHandler (ContextHandler.java:doStop(1153)) - Stopped o.e.j.s.ServletContextHandler@32ad7ecc{logs,/logs,file:///home/runner/work/ozone/ozone/hadoop-ozone/integration-test/target/log,STOPPED}
2022-01-02 13:18:17,982 [Listener at 127.0.0.1/11096] INFO  server.StorageContainerManager (StorageContainerManager.java:stop(1451)) - Stopping Block Manager Service.
2022-01-02 13:18:17,982 [Listener at 127.0.0.1/11096] INFO  utils.BackgroundService (BackgroundService.java:shutdown(132)) - Shutting down service SCMBlockDeletingService
2022-01-02 13:18:17,984 [Listener at 127.0.0.1/11096] INFO  utils.BackgroundService (BackgroundService.java:shutdown(132)) - Shutting down service SCMBlockDeletingService
2022-01-02 13:18:17,988 [Listener at 127.0.0.1/11096] INFO  server.StorageContainerManager (StorageContainerManager.java:stop(1478)) - Stopping SCM Event Queue.
2022-01-02 13:18:17,988 [Listener at 127.0.0.1/11096] INFO  server.StorageContainerManager (StorageContainerManager.java:stop(1489)) - Stopping SCM HA services.
2022-01-02 13:18:17,989 [Listener at 127.0.0.1/11096] INFO  ha.SCMRatisServerImpl (SCMRatisServerImpl.java:stop(236)) - stopping ratis server 0.0.0.0:14360
2022-01-02 13:18:17,989 [Listener at 127.0.0.1/11096] INFO  server.RaftServer (RaftServerProxy.java:lambda$close$6(391)) - 6fa4dbc0-5979-4abd-949d-5f620dcfcc80: close
2022-01-02 13:18:17,989 [Listener at 127.0.0.1/11096] INFO  server.GrpcService (GrpcService.java:closeImpl(262)) - 6fa4dbc0-5979-4abd-949d-5f620dcfcc80: shutdown server with port 14360 now
2022-01-02 13:18:18,001 [Listener at 127.0.0.1/11096] INFO  server.GrpcService (GrpcService.java:closeImpl(271)) - 6fa4dbc0-5979-4abd-949d-5f620dcfcc80: shutdown server with port 14360 successfully
2022-01-02 13:18:18,001 [org.apache.ratis.util.JvmPauseMonitor$$Lambda$499/1697441364@968ebd0] INFO  util.JvmPauseMonitor (JvmPauseMonitor.java:run(109)) - JvmPauseMonitor-6fa4dbc0-5979-4abd-949d-5f620dcfcc80: Stopped
2022-01-02 13:18:18,002 [Listener at 127.0.0.1/11096] INFO  pipeline.BackgroundPipelineCreator (BackgroundPipelineCreator.java:stop(158)) - Stopping RatisPipelineUtilsThread.
2022-01-02 13:18:18,002 [Listener at 127.0.0.1/11096] INFO  server.StorageContainerManager (StorageContainerManager.java:stop(1499)) - Stopping SCM MetadataStore.
2022-01-02 13:18:18,003 [Listener at 127.0.0.1/11096] INFO  impl.MetricsSystemImpl (MetricsSystemImpl.java:stop(205)) - StorageContainerManager metrics system stopped (again)
2022-01-02 13:18:18,003 [Listener at 127.0.0.1/11096] INFO  ozone.MiniOzoneHAClusterImpl (MiniOzoneHAClusterImpl.java:stop(324)) - Stopping the StorageContainerManager 3a1420a4-9adf-490e-ae7f-206b4dea1794
2022-01-02 13:18:18,003 [Listener at 127.0.0.1/11096] INFO  server.StorageContainerManager (StorageContainerManager.java:stop(1390)) - Stopping Container Balancer service.
2022-01-02 13:18:18,003 [Listener at 127.0.0.1/11096] INFO  balancer.ContainerBalancer (ContainerBalancer.java:stop(748)) - Container Balancer is not running.
2022-01-02 13:18:18,003 [Listener at 127.0.0.1/11096] INFO  server.StorageContainerManager (StorageContainerManager.java:stop(1397)) - Stopping Replication Manager Service.
2022-01-02 13:18:18,003 [Listener at 127.0.0.1/11096] INFO  container.ReplicationManager (ReplicationManager.java:stop(350)) - Stopping Replication Monitor Thread.
2022-01-02 13:18:18,004 [Listener at 127.0.0.1/11096] INFO  server.StorageContainerManager (StorageContainerManager.java:stop(1404)) - Stopping the Datanode Admin Monitor.
2022-01-02 13:18:18,004 [Listener at 127.0.0.1/11096] INFO  server.StorageContainerManager (StorageContainerManager.java:stop(1411)) - Stopping Lease Manager of the command watchers
2022-01-02 13:18:18,004 [Listener at 127.0.0.1/11096] INFO  server.StorageContainerManager (StorageContainerManager.java:stop(1418)) - Stopping datanode service RPC server
2022-01-02 13:18:18,004 [Listener at 127.0.0.1/11096] INFO  server.SCMDatanodeProtocolServer (SCMDatanodeProtocolServer.java:stop(390)) - Stopping the RPC server for DataNodes
2022-01-02 13:18:18,004 [Listener at 127.0.0.1/11096] INFO  ipc.Server (Server.java:stop(3414)) - Stopping server on 14351
2022-01-02 13:18:18,010 [IPC Server listener on 14351] INFO  ipc.Server (Server.java:run(1376)) - Stopping IPC Server listener on 14351
2022-01-02 13:18:18,012 [IPC Server Responder] INFO  ipc.Server (Server.java:run(1512)) - Stopping IPC Server Responder
2022-01-02 13:18:18,041 [Datanode State Machine Daemon Thread] ERROR datanode.RunningDatanodeState (RunningDatanodeState.java:computeNextContainerState(199)) - Error in executing end point task.
java.util.concurrent.ExecutionException: java.util.concurrent.TimeoutException
	at java.util.concurrent.FutureTask.report(FutureTask.java:122)
	at java.util.concurrent.FutureTask.get(FutureTask.java:192)
	at org.apache.hadoop.ozone.container.common.states.datanode.RunningDatanodeState.computeNextContainerState(RunningDatanodeState.java:191)
	at org.apache.hadoop.ozone.container.common.states.datanode.RunningDatanodeState.await(RunningDatanodeState.java:231)
	at org.apache.hadoop.ozone.container.common.states.datanode.RunningDatanodeState.await(RunningDatanodeState.java:50)
	at org.apache.hadoop.ozone.container.common.statemachine.StateContext.execute(StateContext.java:633)
	at org.apache.hadoop.ozone.container.common.statemachine.DatanodeStateMachine.start(DatanodeStateMachine.java:280)
	at org.apache.hadoop.ozone.container.common.statemachine.DatanodeStateMachine.lambda$startDaemon$0(DatanodeStateMachine.java:468)
	at java.lang.Thread.run(Thread.java:748)
Caused by: java.util.concurrent.TimeoutException
	at java.util.concurrent.FutureTask.get(FutureTask.java:205)
	at org.apache.hadoop.ozone.container.common.states.datanode.RunningDatanodeState.lambda$execute$0(RunningDatanodeState.java:149)
	at java.util.concurrent.FutureTask.run(FutureTask.java:266)
	at java.util.concurrent.Executors$RunnableAdapter.call(Executors.java:511)
	at java.util.concurrent.FutureTask.run(FutureTask.java:266)
	at java.util.concurrent.ThreadPoolExecutor.runWorker(ThreadPoolExecutor.java:1149)
	at java.util.concurrent.ThreadPoolExecutor$Worker.run(ThreadPoolExecutor.java:624)
	... 1 more
2022-01-02 13:18:18,042 [EndpointStateMachine task thread for /127.0.0.1:14361 - 0 ] WARN  statemachine.EndpointStateMachine (EndpointStateMachine.java:logIfNeeded(236)) - Unable to communicate to SCM server at localhost:14361 for past 0 seconds.
java.io.EOFException: End of File Exception between local host is: "fv-az195-8/10.1.0.22"; destination host is: "localhost":14361; : java.io.EOFException; For more details see:  http://wiki.apache.org/hadoop/EOFException
	at sun.reflect.NativeConstructorAccessorImpl.newInstance0(Native Method)
	at sun.reflect.NativeConstructorAccessorImpl.newInstance(NativeConstructorAccessorImpl.java:62)
	at sun.reflect.DelegatingConstructorAccessorImpl.newInstance(DelegatingConstructorAccessorImpl.java:45)
	at java.lang.reflect.Constructor.newInstance(Constructor.java:423)
	at org.apache.hadoop.net.NetUtils.wrapWithMessage(NetUtils.java:913)
	at org.apache.hadoop.net.NetUtils.wrapException(NetUtils.java:862)
	at org.apache.hadoop.ipc.Client.getRpcResponse(Client.java:1577)
	at org.apache.hadoop.ipc.Client.call(Client.java:1519)
	at org.apache.hadoop.ipc.Client.call(Client.java:1416)
	at org.apache.hadoop.ipc.ProtobufRpcEngine$Invoker.invoke(ProtobufRpcEngine.java:236)
	at org.apache.hadoop.ipc.ProtobufRpcEngine$Invoker.invoke(ProtobufRpcEngine.java:123)
	at com.sun.proxy.$Proxy48.submitRequest(Unknown Source)
	at org.apache.hadoop.ozone.protocolPB.StorageContainerDatanodeProtocolClientSideTranslatorPB.submitRequest(StorageContainerDatanodeProtocolClientSideTranslatorPB.java:117)
	at org.apache.hadoop.ozone.protocolPB.StorageContainerDatanodeProtocolClientSideTranslatorPB.sendHeartbeat(StorageContainerDatanodeProtocolClientSideTranslatorPB.java:149)
	at org.apache.hadoop.ozone.container.common.states.endpoint.HeartbeatEndpointTask.call(HeartbeatEndpointTask.java:179)
	at org.apache.hadoop.ozone.container.common.states.endpoint.HeartbeatEndpointTask.call(HeartbeatEndpointTask.java:82)
	at java.util.concurrent.FutureTask.run(FutureTask.java:266)
	at java.util.concurrent.ThreadPoolExecutor.runWorker(ThreadPoolExecutor.java:1149)
	at java.util.concurrent.ThreadPoolExecutor$Worker.run(ThreadPoolExecutor.java:624)
	at java.lang.Thread.run(Thread.java:748)
Caused by: java.io.EOFException
	at java.io.DataInputStream.readInt(DataInputStream.java:392)
	at org.apache.hadoop.ipc.Client$IpcStreams.readResponse(Client.java:1892)
	at org.apache.hadoop.ipc.Client$Connection.receiveRpcResponse(Client.java:1202)
	at org.apache.hadoop.ipc.Client$Connection.run(Client.java:1098)
2022-01-02 13:18:18,044 [EndpointStateMachine task thread for /127.0.0.1:14351 - 0 ] WARN  statemachine.EndpointStateMachine (EndpointStateMachine.java:logIfNeeded(236)) - Unable to communicate to SCM server at 127.0.0.1:14351 for past 0 seconds.
java.io.EOFException: End of File Exception between local host is: "fv-az195-8/10.1.0.22"; destination host is: "localhost":14351; : java.io.EOFException; For more details see:  http://wiki.apache.org/hadoop/EOFException
	at sun.reflect.NativeConstructorAccessorImpl.newInstance0(Native Method)
	at sun.reflect.NativeConstructorAccessorImpl.newInstance(NativeConstructorAccessorImpl.java:62)
	at sun.reflect.DelegatingConstructorAccessorImpl.newInstance(DelegatingConstructorAccessorImpl.java:45)
	at java.lang.reflect.Constructor.newInstance(Constructor.java:423)
	at org.apache.hadoop.net.NetUtils.wrapWithMessage(NetUtils.java:913)
	at org.apache.hadoop.net.NetUtils.wrapException(NetUtils.java:862)
	at org.apache.hadoop.ipc.Client.getRpcResponse(Client.java:1577)
	at org.apache.hadoop.ipc.Client.call(Client.java:1519)
	at org.apache.hadoop.ipc.Client.call(Client.java:1416)
	at org.apache.hadoop.ipc.ProtobufRpcEngine$Invoker.invoke(ProtobufRpcEngine.java:236)
	at org.apache.hadoop.ipc.ProtobufRpcEngine$Invoker.invoke(ProtobufRpcEngine.java:123)
	at com.sun.proxy.$Proxy48.submitRequest(Unknown Source)
	at org.apache.hadoop.ozone.protocolPB.StorageContainerDatanodeProtocolClientSideTranslatorPB.submitRequest(StorageContainerDatanodeProtocolClientSideTranslatorPB.java:117)
	at org.apache.hadoop.ozone.protocolPB.StorageContainerDatanodeProtocolClientSideTranslatorPB.sendHeartbeat(StorageContainerDatanodeProtocolClientSideTranslatorPB.java:149)
	at org.apache.hadoop.ozone.container.common.states.endpoint.HeartbeatEndpointTask.call(HeartbeatEndpointTask.java:179)
	at org.apache.hadoop.ozone.container.common.states.endpoint.HeartbeatEndpointTask.call(HeartbeatEndpointTask.java:82)
	at java.util.concurrent.FutureTask.run(FutureTask.java:266)
	at java.util.concurrent.ThreadPoolExecutor.runWorker(ThreadPoolExecutor.java:1149)
	at java.util.concurrent.ThreadPoolExecutor$Worker.run(ThreadPoolExecutor.java:624)
	at java.lang.Thread.run(Thread.java:748)
Caused by: java.io.EOFException
	at java.io.DataInputStream.readInt(DataInputStream.java:392)
	at org.apache.hadoop.ipc.Client$IpcStreams.readResponse(Client.java:1892)
	at org.apache.hadoop.ipc.Client$Connection.receiveRpcResponse(Client.java:1202)
	at org.apache.hadoop.ipc.Client$Connection.run(Client.java:1098)
2022-01-02 13:18:18,101 [SCM Heartbeat Processing Thread - 0] WARN  node.NodeStateManager (NodeStateManager.java:scheduleNextHealthCheck(799)) - Current Thread is interrupted, shutting down HB processing thread for Node Manager.
2022-01-02 13:18:18,101 [Listener at 127.0.0.1/11096] INFO  server.StorageContainerManager (StorageContainerManager.java:stop(1426)) - Stopping block service RPC server
2022-01-02 13:18:18,101 [Listener at 127.0.0.1/11096] INFO  server.SCMBlockProtocolServer (SCMBlockProtocolServer.java:stop(160)) - Stopping the RPC server for Block Protocol
2022-01-02 13:18:18,101 [Listener at 127.0.0.1/11096] INFO  ipc.Server (Server.java:stop(3414)) - Stopping server on 14352
2022-01-02 13:18:18,103 [IPC Server listener on 14352] INFO  ipc.Server (Server.java:run(1376)) - Stopping IPC Server listener on 14352
2022-01-02 13:18:18,103 [Listener at 127.0.0.1/11096] INFO  server.StorageContainerManager (StorageContainerManager.java:stop(1433)) - Stopping the StorageContainerLocationProtocol RPC server
2022-01-02 13:18:18,104 [Listener at 127.0.0.1/11096] INFO  server.SCMClientProtocolServer (SCMClientProtocolServer.java:stop(173)) - Stopping the RPC server for Client Protocol
2022-01-02 13:18:18,104 [Listener at 127.0.0.1/11096] INFO  ipc.Server (Server.java:stop(3414)) - Stopping server on 14353
2022-01-02 13:18:18,104 [IPC Server Responder] INFO  ipc.Server (Server.java:run(1512)) - Stopping IPC Server Responder
2022-01-02 13:18:18,109 [IPC Server listener on 14353] INFO  ipc.Server (Server.java:run(1376)) - Stopping IPC Server listener on 14353
2022-01-02 13:18:18,109 [IPC Server Responder] INFO  ipc.Server (Server.java:run(1512)) - Stopping IPC Server Responder
2022-01-02 13:18:18,114 [Listener at 127.0.0.1/11096] INFO  server.StorageContainerManager (StorageContainerManager.java:stop(1440)) - Stopping Storage Container Manager HTTP server.
2022-01-02 13:18:18,115 [Listener at 127.0.0.1/11096] INFO  handler.ContextHandler (ContextHandler.java:doStop(1153)) - Stopped o.e.j.w.WebAppContext@17adeb0{scm,/,null,STOPPED}{file:/home/runner/work/ozone/ozone/hadoop-ozone/integration-test/target/test-classes/webapps/scm}
2022-01-02 13:18:18,115 [Listener at 127.0.0.1/11096] INFO  server.AbstractConnector (AbstractConnector.java:doStop(381)) - Stopped ServerConnector@289bc75c{HTTP/1.1, (http/1.1)}{0.0.0.0:14348}
2022-01-02 13:18:18,115 [Listener at 127.0.0.1/11096] INFO  server.session (HouseKeeper.java:stopScavenging(149)) - node0 Stopped scavenging
2022-01-02 13:18:18,116 [Listener at 127.0.0.1/11096] INFO  handler.ContextHandler (ContextHandler.java:doStop(1153)) - Stopped o.e.j.s.ServletContextHandler@71fcdd48{static,/static,file:///home/runner/work/ozone/ozone/hadoop-ozone/integration-test/target/test-classes/webapps/static,STOPPED}
2022-01-02 13:18:18,116 [Listener at 127.0.0.1/11096] INFO  handler.ContextHandler (ContextHandler.java:doStop(1153)) - Stopped o.e.j.s.ServletContextHandler@5756611d{logs,/logs,file:///home/runner/work/ozone/ozone/hadoop-ozone/integration-test/target/log,STOPPED}
2022-01-02 13:18:18,121 [Listener at 127.0.0.1/11096] INFO  server.StorageContainerManager (StorageContainerManager.java:stop(1451)) - Stopping Block Manager Service.
2022-01-02 13:18:18,121 [Listener at 127.0.0.1/11096] INFO  utils.BackgroundService (BackgroundService.java:shutdown(132)) - Shutting down service SCMBlockDeletingService
2022-01-02 13:18:18,121 [Listener at 127.0.0.1/11096] INFO  utils.BackgroundService (BackgroundService.java:shutdown(132)) - Shutting down service SCMBlockDeletingService
2022-01-02 13:18:18,121 [Listener at 127.0.0.1/11096] INFO  server.StorageContainerManager (StorageContainerManager.java:stop(1478)) - Stopping SCM Event Queue.
2022-01-02 13:18:18,126 [Listener at 127.0.0.1/11096] INFO  server.StorageContainerManager (StorageContainerManager.java:stop(1489)) - Stopping SCM HA services.
2022-01-02 13:18:18,126 [Listener at 127.0.0.1/11096] INFO  ha.SCMRatisServerImpl (SCMRatisServerImpl.java:stop(236)) - stopping ratis server 0.0.0.0:14350
2022-01-02 13:18:18,127 [Listener at 127.0.0.1/11096] INFO  server.RaftServer (RaftServerProxy.java:lambda$close$6(391)) - 3a1420a4-9adf-490e-ae7f-206b4dea1794: close
2022-01-02 13:18:18,127 [Listener at 127.0.0.1/11096] INFO  server.RaftServer$Division (RaftServerImpl.java:lambda$close$4(412)) - 3a1420a4-9adf-490e-ae7f-206b4dea1794@group-5D8EB23EFD07: shutdown
2022-01-02 13:18:18,127 [Listener at 127.0.0.1/11096] INFO  util.JmxRegister (JmxRegister.java:unregister(73)) - Successfully un-registered JMX Bean with object name Ratis:service=RaftServer,group=group-5D8EB23EFD07,id=3a1420a4-9adf-490e-ae7f-206b4dea1794
2022-01-02 13:18:18,127 [Listener at 127.0.0.1/11096] INFO  impl.RoleInfo (RoleInfo.java:shutdownFollowerState(108)) - 3a1420a4-9adf-490e-ae7f-206b4dea1794: shutdown 3a1420a4-9adf-490e-ae7f-206b4dea1794@group-5D8EB23EFD07-FollowerState
2022-01-02 13:18:18,127 [Listener at 127.0.0.1/11096] INFO  impl.StateMachineUpdater (StateMachineUpdater.java:stopAndJoin(149)) - 3a1420a4-9adf-490e-ae7f-206b4dea1794@group-5D8EB23EFD07-StateMachineUpdater: set stopIndex = 29
2022-01-02 13:18:18,127 [3a1420a4-9adf-490e-ae7f-206b4dea1794@group-5D8EB23EFD07-FollowerState] INFO  impl.FollowerState (FollowerState.java:run(143)) - 3a1420a4-9adf-490e-ae7f-206b4dea1794@group-5D8EB23EFD07-FollowerState was interrupted: {}
java.lang.InterruptedException: sleep interrupted
	at java.lang.Thread.sleep(Native Method)
	at java.lang.Thread.sleep(Thread.java:340)
	at java.util.concurrent.TimeUnit.sleep(TimeUnit.java:386)
	at org.apache.ratis.util.TimeDuration.sleep(TimeDuration.java:324)
	at org.apache.ratis.util.TimeDuration.sleep(TimeDuration.java:309)
	at org.apache.ratis.server.impl.FollowerState.run(FollowerState.java:118)
2022-01-02 13:18:18,128 [3a1420a4-9adf-490e-ae7f-206b4dea1794@group-5D8EB23EFD07-StateMachineUpdater] INFO  ha.SCMStateMachine (SCMStateMachine.java:takeSnapshot(297)) - Current Snapshot Index 29, takeSnapshot took 0 ms
2022-01-02 13:18:18,128 [3a1420a4-9adf-490e-ae7f-206b4dea1794@group-5D8EB23EFD07-StateMachineUpdater] INFO  impl.StateMachineUpdater (StateMachineUpdater.java:takeSnapshot(281)) - 3a1420a4-9adf-490e-ae7f-206b4dea1794@group-5D8EB23EFD07-StateMachineUpdater: Took a snapshot at index 29
2022-01-02 13:18:18,128 [3a1420a4-9adf-490e-ae7f-206b4dea1794@group-5D8EB23EFD07-StateMachineUpdater] INFO  impl.StateMachineUpdater (StateMachineUpdater.java:lambda$new$0(89)) - 3a1420a4-9adf-490e-ae7f-206b4dea1794@group-5D8EB23EFD07-StateMachineUpdater: snapshotIndex: updateIncreasingly 28 -> 29
2022-01-02 13:18:18,128 [Listener at 127.0.0.1/11096] INFO  server.RaftServer$Division (ServerState.java:close(419)) - 3a1420a4-9adf-490e-ae7f-206b4dea1794@group-5D8EB23EFD07: closes. applyIndex: 28
2022-01-02 13:18:18,128 [3a1420a4-9adf-490e-ae7f-206b4dea1794@group-5D8EB23EFD07-SegmentedRaftLogWorker] INFO  segmented.SegmentedRaftLogWorker (SegmentedRaftLogWorker.java:run(327)) - 3a1420a4-9adf-490e-ae7f-206b4dea1794@group-5D8EB23EFD07-SegmentedRaftLogWorker was interrupted, exiting. There are 0 tasks remaining in the queue.
2022-01-02 13:18:18,130 [Listener at 127.0.0.1/11096] INFO  segmented.SegmentedRaftLogWorker (SegmentedRaftLogWorker.java:close(237)) - 3a1420a4-9adf-490e-ae7f-206b4dea1794@group-5D8EB23EFD07-SegmentedRaftLogWorker close()
2022-01-02 13:18:18,130 [Listener at 127.0.0.1/11096] INFO  server.GrpcService (GrpcService.java:closeImpl(262)) - 3a1420a4-9adf-490e-ae7f-206b4dea1794: shutdown server with port 14350 now
2022-01-02 13:18:18,133 [Listener at 127.0.0.1/11096] INFO  server.GrpcService (GrpcService.java:closeImpl(271)) - 3a1420a4-9adf-490e-ae7f-206b4dea1794: shutdown server with port 14350 successfully
2022-01-02 13:18:18,137 [org.apache.ratis.util.JvmPauseMonitor$$Lambda$499/1697441364@5e048e65] INFO  util.JvmPauseMonitor (JvmPauseMonitor.java:run(109)) - JvmPauseMonitor-3a1420a4-9adf-490e-ae7f-206b4dea1794: Stopped
2022-01-02 13:18:18,138 [Listener at 127.0.0.1/11096] INFO  pipeline.BackgroundPipelineCreator (BackgroundPipelineCreator.java:stop(158)) - Stopping RatisPipelineUtilsThread.
2022-01-02 13:18:18,138 [Listener at 127.0.0.1/11096] INFO  server.StorageContainerManager (StorageContainerManager.java:stop(1499)) - Stopping SCM MetadataStore.
2022-01-02 13:18:18,139 [Listener at 127.0.0.1/11096] INFO  impl.MetricsSystemImpl (MetricsSystemImpl.java:stop(205)) - StorageContainerManager metrics system stopped (again)
2022-01-02 13:18:18,139 [Listener at 127.0.0.1/11096] INFO  ozone.MiniOzoneClusterImpl (MiniOzoneClusterImpl.java:stop(468)) - Stopping the Mini Ozone Cluster
2022-01-02 13:18:18,139 [Listener at 127.0.0.1/11096] INFO  ozone.MiniOzoneClusterImpl (MiniOzoneClusterImpl.java:stopDatanodes(527)) - Stopping the HddsDatanodes
2022-01-02 13:18:18,171 [EndpointStateMachine task thread for /127.0.0.1:14341 - 0 ] INFO  ipc.Client (Client.java:handleConnectionFailure(977)) - Retrying connect to server: localhost/127.0.0.1:14341. Already tried 1 time(s); retry policy is RetryUpToMaximumCountWithFixedSleep(maxRetries=15, sleepTime=1000 MILLISECONDS)
2022-01-02 13:18:18,214 [EndpointStateMachine task thread for /127.0.0.1:14995 - 0 ] INFO  ipc.Client (Client.java:handleConnectionFailure(977)) - Retrying connect to server: localhost/127.0.0.1:14995. Already tried 13 time(s); retry policy is RetryUpToMaximumCountWithFixedSleep(maxRetries=15, sleepTime=1000 MILLISECONDS)
2022-01-02 13:18:18,215 [EndpointStateMachine task thread for /127.0.0.1:15005 - 0 ] INFO  ipc.Client (Client.java:handleConnectionFailure(977)) - Retrying connect to server: localhost/127.0.0.1:15005. Already tried 1 time(s); retry policy is RetryUpToMaximumCountWithFixedSleep(maxRetries=15, sleepTime=1000 MILLISECONDS)
2022-01-02 13:18:18,255 [EndpointStateMachine task thread for /127.0.0.1:14985 - 0 ] INFO  ipc.Client (Client.java:handleConnectionFailure(977)) - Retrying connect to server: localhost/127.0.0.1:14985. Already tried 1 time(s); retry policy is RetryUpToMaximumCountWithFixedSleep(maxRetries=15, sleepTime=1000 MILLISECONDS)
2022-01-02 13:18:18,546 [Datanode State Machine Daemon Thread] WARN  statemachine.StateContext (StateContext.java:setState(249)) - Ignore disallowed transition from SHUTDOWN to RUNNING
2022-01-02 13:18:19,042 [Datanode State Machine Daemon Thread] ERROR datanode.RunningDatanodeState (RunningDatanodeState.java:computeNextContainerState(199)) - Error in executing end point task.
java.util.concurrent.ExecutionException: java.util.concurrent.TimeoutException
	at java.util.concurrent.FutureTask.report(FutureTask.java:122)
	at java.util.concurrent.FutureTask.get(FutureTask.java:192)
	at org.apache.hadoop.ozone.container.common.states.datanode.RunningDatanodeState.computeNextContainerState(RunningDatanodeState.java:191)
	at org.apache.hadoop.ozone.container.common.states.datanode.RunningDatanodeState.await(RunningDatanodeState.java:231)
	at org.apache.hadoop.ozone.container.common.states.datanode.RunningDatanodeState.await(RunningDatanodeState.java:50)
	at org.apache.hadoop.ozone.container.common.statemachine.StateContext.execute(StateContext.java:633)
	at org.apache.hadoop.ozone.container.common.statemachine.DatanodeStateMachine.start(DatanodeStateMachine.java:280)
	at org.apache.hadoop.ozone.container.common.statemachine.DatanodeStateMachine.lambda$startDaemon$0(DatanodeStateMachine.java:468)
	at java.lang.Thread.run(Thread.java:748)
Caused by: java.util.concurrent.TimeoutException
	at java.util.concurrent.FutureTask.get(FutureTask.java:205)
	at org.apache.hadoop.ozone.container.common.states.datanode.RunningDatanodeState.lambda$execute$0(RunningDatanodeState.java:149)
	at java.util.concurrent.FutureTask.run(FutureTask.java:266)
	at java.util.concurrent.Executors$RunnableAdapter.call(Executors.java:511)
	at java.util.concurrent.FutureTask.run(FutureTask.java:266)
	at java.util.concurrent.ThreadPoolExecutor.runWorker(ThreadPoolExecutor.java:1149)
	at java.util.concurrent.ThreadPoolExecutor$Worker.run(ThreadPoolExecutor.java:624)
	... 1 more
2022-01-02 13:18:19,042 [Datanode State Machine Daemon Thread] WARN  statemachine.StateContext (StateContext.java:setState(249)) - Ignore disallowed transition from SHUTDOWN to RUNNING
2022-01-02 13:18:19,170 [EndpointStateMachine task thread for /127.0.0.1:14351 - 0 ] INFO  ipc.Client (Client.java:handleConnectionFailure(977)) - Retrying connect to server: localhost/127.0.0.1:14351. Already tried 0 time(s); retry policy is RetryUpToMaximumCountWithFixedSleep(maxRetries=15, sleepTime=1000 MILLISECONDS)
2022-01-02 13:18:19,170 [EndpointStateMachine task thread for /127.0.0.1:14361 - 0 ] INFO  ipc.Client (Client.java:handleConnectionFailure(977)) - Retrying connect to server: localhost/127.0.0.1:14361. Already tried 0 time(s); retry policy is RetryUpToMaximumCountWithFixedSleep(maxRetries=15, sleepTime=1000 MILLISECONDS)
2022-01-02 13:18:19,172 [EndpointStateMachine task thread for /127.0.0.1:14341 - 0 ] INFO  ipc.Client (Client.java:handleConnectionFailure(977)) - Retrying connect to server: localhost/127.0.0.1:14341. Already tried 2 time(s); retry policy is RetryUpToMaximumCountWithFixedSleep(maxRetries=15, sleepTime=1000 MILLISECONDS)
2022-01-02 13:18:19,215 [EndpointStateMachine task thread for /127.0.0.1:14995 - 0 ] INFO  ipc.Client (Client.java:handleConnectionFailure(977)) - Retrying connect to server: localhost/127.0.0.1:14995. Already tried 14 time(s); retry policy is RetryUpToMaximumCountWithFixedSleep(maxRetries=15, sleepTime=1000 MILLISECONDS)
2022-01-02 13:18:19,217 [EndpointStateMachine task thread for /127.0.0.1:15005 - 0 ] INFO  ipc.Client (Client.java:handleConnectionFailure(977)) - Retrying connect to server: localhost/127.0.0.1:15005. Already tried 2 time(s); retry policy is RetryUpToMaximumCountWithFixedSleep(maxRetries=15, sleepTime=1000 MILLISECONDS)
2022-01-02 13:18:19,255 [EndpointStateMachine task thread for /127.0.0.1:14985 - 0 ] INFO  ipc.Client (Client.java:handleConnectionFailure(977)) - Retrying connect to server: localhost/127.0.0.1:14985. Already tried 2 time(s); retry policy is RetryUpToMaximumCountWithFixedSleep(maxRetries=15, sleepTime=1000 MILLISECONDS)
2022-01-02 13:18:20,170 [EndpointStateMachine task thread for /127.0.0.1:14351 - 0 ] INFO  ipc.Client (Client.java:handleConnectionFailure(977)) - Retrying connect to server: localhost/127.0.0.1:14351. Already tried 1 time(s); retry policy is RetryUpToMaximumCountWithFixedSleep(maxRetries=15, sleepTime=1000 MILLISECONDS)
2022-01-02 13:18:20,171 [EndpointStateMachine task thread for /127.0.0.1:14361 - 0 ] INFO  ipc.Client (Client.java:handleConnectionFailure(977)) - Retrying connect to server: localhost/127.0.0.1:14361. Already tried 1 time(s); retry policy is RetryUpToMaximumCountWithFixedSleep(maxRetries=15, sleepTime=1000 MILLISECONDS)
2022-01-02 13:18:20,172 [EndpointStateMachine task thread for /127.0.0.1:14341 - 0 ] INFO  ipc.Client (Client.java:handleConnectionFailure(977)) - Retrying connect to server: localhost/127.0.0.1:14341. Already tried 3 time(s); retry policy is RetryUpToMaximumCountWithFixedSleep(maxRetries=15, sleepTime=1000 MILLISECONDS)
2022-01-02 13:18:20,223 [EndpointStateMachine task thread for /127.0.0.1:15005 - 0 ] INFO  ipc.Client (Client.java:handleConnectionFailure(977)) - Retrying connect to server: localhost/127.0.0.1:15005. Already tried 3 time(s); retry policy is RetryUpToMaximumCountWithFixedSleep(maxRetries=15, sleepTime=1000 MILLISECONDS)
2022-01-02 13:18:20,223 [EndpointStateMachine task thread for /127.0.0.1:14995 - 0 ] INFO  ipc.Client (Client.java:handleConnectionFailure(977)) - Retrying connect to server: localhost/127.0.0.1:14995. Already tried 0 time(s); retry policy is RetryUpToMaximumCountWithFixedSleep(maxRetries=15, sleepTime=1000 MILLISECONDS)
2022-01-02 13:18:20,256 [EndpointStateMachine task thread for /127.0.0.1:14985 - 0 ] INFO  ipc.Client (Client.java:handleConnectionFailure(977)) - Retrying connect to server: localhost/127.0.0.1:14985. Already tried 3 time(s); retry policy is RetryUpToMaximumCountWithFixedSleep(maxRetries=15, sleepTime=1000 MILLISECONDS)
2022-01-02 13:18:21,171 [EndpointStateMachine task thread for /127.0.0.1:14351 - 0 ] INFO  ipc.Client (Client.java:handleConnectionFailure(977)) - Retrying connect to server: localhost/127.0.0.1:14351. Already tried 2 time(s); retry policy is RetryUpToMaximumCountWithFixedSleep(maxRetries=15, sleepTime=1000 MILLISECONDS)
2022-01-02 13:18:21,171 [EndpointStateMachine task thread for /127.0.0.1:14361 - 0 ] INFO  ipc.Client (Client.java:handleConnectionFailure(977)) - Retrying connect to server: localhost/127.0.0.1:14361. Already tried 2 time(s); retry policy is RetryUpToMaximumCountWithFixedSleep(maxRetries=15, sleepTime=1000 MILLISECONDS)
2022-01-02 13:18:21,172 [EndpointStateMachine task thread for /127.0.0.1:14341 - 0 ] INFO  ipc.Client (Client.java:handleConnectionFailure(977)) - Retrying connect to server: localhost/127.0.0.1:14341. Already tried 4 time(s); retry policy is RetryUpToMaximumCountWithFixedSleep(maxRetries=15, sleepTime=1000 MILLISECONDS)
2022-01-02 13:18:21,224 [EndpointStateMachine task thread for /127.0.0.1:15005 - 0 ] INFO  ipc.Client (Client.java:handleConnectionFailure(977)) - Retrying connect to server: localhost/127.0.0.1:15005. Already tried 4 time(s); retry policy is RetryUpToMaximumCountWithFixedSleep(maxRetries=15, sleepTime=1000 MILLISECONDS)
2022-01-02 13:18:21,224 [EndpointStateMachine task thread for /127.0.0.1:14995 - 0 ] INFO  ipc.Client (Client.java:handleConnectionFailure(977)) - Retrying connect to server: localhost/127.0.0.1:14995. Already tried 1 time(s); retry policy is RetryUpToMaximumCountWithFixedSleep(maxRetries=15, sleepTime=1000 MILLISECONDS)
2022-01-02 13:18:21,256 [EndpointStateMachine task thread for /127.0.0.1:14985 - 0 ] INFO  ipc.Client (Client.java:handleConnectionFailure(977)) - Retrying connect to server: localhost/127.0.0.1:14985. Already tried 4 time(s); retry policy is RetryUpToMaximumCountWithFixedSleep(maxRetries=15, sleepTime=1000 MILLISECONDS)
2022-01-02 13:18:22,171 [EndpointStateMachine task thread for /127.0.0.1:14351 - 0 ] INFO  ipc.Client (Client.java:handleConnectionFailure(977)) - Retrying connect to server: localhost/127.0.0.1:14351. Already tried 3 time(s); retry policy is RetryUpToMaximumCountWithFixedSleep(maxRetries=15, sleepTime=1000 MILLISECONDS)
2022-01-02 13:18:22,171 [EndpointStateMachine task thread for /127.0.0.1:14361 - 0 ] INFO  ipc.Client (Client.java:handleConnectionFailure(977)) - Retrying connect to server: localhost/127.0.0.1:14361. Already tried 3 time(s); retry policy is RetryUpToMaximumCountWithFixedSleep(maxRetries=15, sleepTime=1000 MILLISECONDS)
2022-01-02 13:18:22,175 [EndpointStateMachine task thread for /127.0.0.1:14341 - 0 ] INFO  ipc.Client (Client.java:handleConnectionFailure(977)) - Retrying connect to server: localhost/127.0.0.1:14341. Already tried 5 time(s); retry policy is RetryUpToMaximumCountWithFixedSleep(maxRetries=15, sleepTime=1000 MILLISECONDS)
2022-01-02 13:18:22,224 [EndpointStateMachine task thread for /127.0.0.1:15005 - 0 ] INFO  ipc.Client (Client.java:handleConnectionFailure(977)) - Retrying connect to server: localhost/127.0.0.1:15005. Already tried 5 time(s); retry policy is RetryUpToMaximumCountWithFixedSleep(maxRetries=15, sleepTime=1000 MILLISECONDS)
2022-01-02 13:18:22,224 [EndpointStateMachine task thread for /127.0.0.1:14995 - 0 ] INFO  ipc.Client (Client.java:handleConnectionFailure(977)) - Retrying connect to server: localhost/127.0.0.1:14995. Already tried 2 time(s); retry policy is RetryUpToMaximumCountWithFixedSleep(maxRetries=15, sleepTime=1000 MILLISECONDS)
2022-01-02 13:18:22,256 [EndpointStateMachine task thread for /127.0.0.1:14985 - 0 ] INFO  ipc.Client (Client.java:handleConnectionFailure(977)) - Retrying connect to server: localhost/127.0.0.1:14985. Already tried 5 time(s); retry policy is RetryUpToMaximumCountWithFixedSleep(maxRetries=15, sleepTime=1000 MILLISECONDS)
2022-01-02 13:18:23,140 [ForkJoinPool.commonPool-worker-1] INFO  ozoneimpl.OzoneContainer (OzoneContainer.java:stop(336)) - Attempting to stop container services.
2022-01-02 13:18:23,140 [Listener at 127.0.0.1/11096] INFO  ozoneimpl.OzoneContainer (OzoneContainer.java:stop(336)) - Attempting to stop container services.
2022-01-02 13:18:23,140 [ForkJoinPool.commonPool-worker-1] INFO  server.RaftServer (RaftServerProxy.java:lambda$close$6(391)) - 07a6759e-563e-4423-80ed-ce00ebedab03: close
2022-01-02 13:18:23,146 [ForkJoinPool.commonPool-worker-1] INFO  server.RaftServer$Division (RaftServerImpl.java:lambda$close$4(412)) - 07a6759e-563e-4423-80ed-ce00ebedab03@group-FCC823D1752E: shutdown
2022-01-02 13:18:23,146 [ForkJoinPool.commonPool-worker-1] INFO  util.JmxRegister (JmxRegister.java:unregister(73)) - Successfully un-registered JMX Bean with object name Ratis:service=RaftServer,group=group-FCC823D1752E,id=07a6759e-563e-4423-80ed-ce00ebedab03
2022-01-02 13:18:23,146 [ForkJoinPool.commonPool-worker-1] INFO  impl.RoleInfo (RoleInfo.java:shutdownLeaderState(91)) - 07a6759e-563e-4423-80ed-ce00ebedab03: shutdown 07a6759e-563e-4423-80ed-ce00ebedab03@group-FCC823D1752E-LeaderStateImpl
2022-01-02 13:18:23,146 [07a6759e-563e-4423-80ed-ce00ebedab03@group-FCC823D1752E->666cbc02-cfaa-4937-bb27-8c807157e922-GrpcLogAppender-LogAppenderDaemon] WARN  server.GrpcLogAppender (GrpcLogAppender.java:mayWait(177)) - 07a6759e-563e-4423-80ed-ce00ebedab03@group-FCC823D1752E->666cbc02-cfaa-4937-bb27-8c807157e922-GrpcLogAppender: Wait interrupted by java.lang.InterruptedException
2022-01-02 13:18:23,142 [Listener at 127.0.0.1/11096] INFO  server.RaftServer (RaftServerProxy.java:lambda$close$6(391)) - 666cbc02-cfaa-4937-bb27-8c807157e922: close
2022-01-02 13:18:23,146 [Listener at 127.0.0.1/11096] INFO  server.RaftServer$Division (RaftServerImpl.java:lambda$close$4(412)) - 666cbc02-cfaa-4937-bb27-8c807157e922@group-5B691C38EC53: shutdown
2022-01-02 13:18:23,147 [Listener at 127.0.0.1/11096] INFO  util.JmxRegister (JmxRegister.java:unregister(73)) - Successfully un-registered JMX Bean with object name Ratis:service=RaftServer,group=group-5B691C38EC53,id=666cbc02-cfaa-4937-bb27-8c807157e922
2022-01-02 13:18:23,147 [Listener at 127.0.0.1/11096] INFO  impl.RoleInfo (RoleInfo.java:shutdownLeaderState(91)) - 666cbc02-cfaa-4937-bb27-8c807157e922: shutdown 666cbc02-cfaa-4937-bb27-8c807157e922@group-5B691C38EC53-LeaderStateImpl
2022-01-02 13:18:23,146 [07a6759e-563e-4423-80ed-ce00ebedab03@group-FCC823D1752E->07c4551c-5eaf-48e0-b21d-d7eec408612b-GrpcLogAppender-LogAppenderDaemon] WARN  server.GrpcLogAppender (GrpcLogAppender.java:mayWait(177)) - 07a6759e-563e-4423-80ed-ce00ebedab03@group-FCC823D1752E->07c4551c-5eaf-48e0-b21d-d7eec408612b-GrpcLogAppender: Wait interrupted by java.lang.InterruptedException
2022-01-02 13:18:23,147 [Listener at 127.0.0.1/11096] INFO  impl.PendingRequests (PendingRequests.java:sendNotLeaderResponses(282)) - 666cbc02-cfaa-4937-bb27-8c807157e922@group-5B691C38EC53-PendingRequests: sendNotLeaderResponses
2022-01-02 13:18:23,147 [grpc-default-executor-0] INFO  server.GrpcServerProtocolService (GrpcServerProtocolService.java:onCompleted(140)) - 07c4551c-5eaf-48e0-b21d-d7eec408612b: Completed APPEND_ENTRIES, lastRequest: 07a6759e-563e-4423-80ed-ce00ebedab03->07c4551c-5eaf-48e0-b21d-d7eec408612b#1-t8,previous=(t:0, i:0),leaderCommit=0,initializing? true,entries: size=1, first=(t:8, i:0), CONFIGURATIONENTRY
2022-01-02 13:18:23,146 [ForkJoinPool.commonPool-worker-1] INFO  impl.PendingRequests (PendingRequests.java:sendNotLeaderResponses(282)) - 07a6759e-563e-4423-80ed-ce00ebedab03@group-FCC823D1752E-PendingRequests: sendNotLeaderResponses
2022-01-02 13:18:23,147 [grpc-default-executor-3] INFO  server.GrpcServerProtocolService (GrpcServerProtocolService.java:onCompleted(140)) - 666cbc02-cfaa-4937-bb27-8c807157e922: Completed APPEND_ENTRIES, lastRequest: 07a6759e-563e-4423-80ed-ce00ebedab03->666cbc02-cfaa-4937-bb27-8c807157e922#1-t8,previous=(t:0, i:0),leaderCommit=-1,initializing? true,entries: size=1, first=(t:8, i:0), CONFIGURATIONENTRY
2022-01-02 13:18:23,149 [grpc-default-executor-2] INFO  server.GrpcLogAppender (GrpcLogAppender.java:onCompleted(346)) - 07a6759e-563e-4423-80ed-ce00ebedab03@group-FCC823D1752E->07c4551c-5eaf-48e0-b21d-d7eec408612b-AppendLogResponseHandler: follower responses appendEntries COMPLETED
2022-01-02 13:18:23,149 [grpc-default-executor-2] INFO  leader.FollowerInfo (FollowerInfoImpl.java:lambda$new$0(47)) - 07a6759e-563e-4423-80ed-ce00ebedab03@group-FCC823D1752E->07c4551c-5eaf-48e0-b21d-d7eec408612b: nextIndex: updateUnconditionally 1 -> 0
2022-01-02 13:18:23,150 [grpc-default-executor-0] INFO  server.GrpcLogAppender (GrpcLogAppender.java:onCompleted(346)) - 07a6759e-563e-4423-80ed-ce00ebedab03@group-FCC823D1752E->666cbc02-cfaa-4937-bb27-8c807157e922-AppendLogResponseHandler: follower responses appendEntries COMPLETED
2022-01-02 13:18:23,150 [grpc-default-executor-0] INFO  leader.FollowerInfo (FollowerInfoImpl.java:lambda$new$0(47)) - 07a6759e-563e-4423-80ed-ce00ebedab03@group-FCC823D1752E->666cbc02-cfaa-4937-bb27-8c807157e922: nextIndex: updateUnconditionally 1 -> 0
2022-01-02 13:18:23,151 [Listener at 127.0.0.1/11096] INFO  impl.StateMachineUpdater (StateMachineUpdater.java:stopAndJoin(149)) - 666cbc02-cfaa-4937-bb27-8c807157e922@group-5B691C38EC53-StateMachineUpdater: set stopIndex = 0
2022-01-02 13:18:23,152 [ForkJoinPool.commonPool-worker-1] INFO  impl.StateMachineUpdater (StateMachineUpdater.java:stopAndJoin(149)) - 07a6759e-563e-4423-80ed-ce00ebedab03@group-FCC823D1752E-StateMachineUpdater: set stopIndex = 0
2022-01-02 13:18:23,152 [666cbc02-cfaa-4937-bb27-8c807157e922@group-5B691C38EC53-StateMachineUpdater] INFO  ratis.ContainerStateMachine (ContainerStateMachine.java:takeSnapshot(299)) - group-5B691C38EC53: Taking a snapshot at:(t:1, i:0) file /home/runner/work/ozone/ozone/hadoop-ozone/integration-test/target/test-dir/MiniOzoneClusterImpl-c1c80f75-2e15-44e6-8b98-5d8eb23efd07/datanode-1/data/ratis/bc23da92-7217-49a3-b3a4-5b691c38ec53/sm/snapshot.1_0
2022-01-02 13:18:23,152 [07a6759e-563e-4423-80ed-ce00ebedab03@group-FCC823D1752E-StateMachineUpdater] INFO  ratis.ContainerStateMachine (ContainerStateMachine.java:takeSnapshot(299)) - group-FCC823D1752E: Taking a snapshot at:(t:8, i:0) file /home/runner/work/ozone/ozone/hadoop-ozone/integration-test/target/test-dir/MiniOzoneClusterImpl-c1c80f75-2e15-44e6-8b98-5d8eb23efd07/datanode-0/data/ratis/b207d06a-988f-4864-b344-fcc823d1752e/sm/snapshot.8_0
2022-01-02 13:18:23,153 [666cbc02-cfaa-4937-bb27-8c807157e922@group-5B691C38EC53-StateMachineUpdater] INFO  ratis.ContainerStateMachine (ContainerStateMachine.java:takeSnapshot(310)) - group-5B691C38EC53: Finished taking a snapshot at:(t:1, i:0) file:/home/runner/work/ozone/ozone/hadoop-ozone/integration-test/target/test-dir/MiniOzoneClusterImpl-c1c80f75-2e15-44e6-8b98-5d8eb23efd07/datanode-1/data/ratis/bc23da92-7217-49a3-b3a4-5b691c38ec53/sm/snapshot.1_0 took: 1 ms
2022-01-02 13:18:23,153 [07a6759e-563e-4423-80ed-ce00ebedab03@group-FCC823D1752E-StateMachineUpdater] INFO  ratis.ContainerStateMachine (ContainerStateMachine.java:takeSnapshot(310)) - group-FCC823D1752E: Finished taking a snapshot at:(t:8, i:0) file:/home/runner/work/ozone/ozone/hadoop-ozone/integration-test/target/test-dir/MiniOzoneClusterImpl-c1c80f75-2e15-44e6-8b98-5d8eb23efd07/datanode-0/data/ratis/b207d06a-988f-4864-b344-fcc823d1752e/sm/snapshot.8_0 took: 1 ms
2022-01-02 13:18:23,153 [666cbc02-cfaa-4937-bb27-8c807157e922@group-5B691C38EC53-StateMachineUpdater] INFO  impl.StateMachineUpdater (StateMachineUpdater.java:takeSnapshot(281)) - 666cbc02-cfaa-4937-bb27-8c807157e922@group-5B691C38EC53-StateMachineUpdater: Took a snapshot at index 0
2022-01-02 13:18:23,153 [666cbc02-cfaa-4937-bb27-8c807157e922@group-5B691C38EC53-StateMachineUpdater] INFO  impl.StateMachineUpdater (StateMachineUpdater.java:lambda$new$0(89)) - 666cbc02-cfaa-4937-bb27-8c807157e922@group-5B691C38EC53-StateMachineUpdater: snapshotIndex: updateIncreasingly -1 -> 0
2022-01-02 13:18:23,154 [07a6759e-563e-4423-80ed-ce00ebedab03@group-FCC823D1752E-StateMachineUpdater] INFO  impl.StateMachineUpdater (StateMachineUpdater.java:takeSnapshot(281)) - 07a6759e-563e-4423-80ed-ce00ebedab03@group-FCC823D1752E-StateMachineUpdater: Took a snapshot at index 0
2022-01-02 13:18:23,154 [07a6759e-563e-4423-80ed-ce00ebedab03@group-FCC823D1752E-StateMachineUpdater] INFO  impl.StateMachineUpdater (StateMachineUpdater.java:lambda$new$0(89)) - 07a6759e-563e-4423-80ed-ce00ebedab03@group-FCC823D1752E-StateMachineUpdater: snapshotIndex: updateIncreasingly -1 -> 0
2022-01-02 13:18:23,154 [Listener at 127.0.0.1/11096] INFO  server.RaftServer$Division (ServerState.java:close(419)) - 666cbc02-cfaa-4937-bb27-8c807157e922@group-5B691C38EC53: closes. applyIndex: 0
2022-01-02 13:18:23,154 [ForkJoinPool.commonPool-worker-1] INFO  server.RaftServer$Division (ServerState.java:close(419)) - 07a6759e-563e-4423-80ed-ce00ebedab03@group-FCC823D1752E: closes. applyIndex: 0
2022-01-02 13:18:23,154 [666cbc02-cfaa-4937-bb27-8c807157e922@group-5B691C38EC53-SegmentedRaftLogWorker] INFO  segmented.SegmentedRaftLogWorker (SegmentedRaftLogWorker.java:run(327)) - 666cbc02-cfaa-4937-bb27-8c807157e922@group-5B691C38EC53-SegmentedRaftLogWorker was interrupted, exiting. There are 0 tasks remaining in the queue.
2022-01-02 13:18:23,154 [07a6759e-563e-4423-80ed-ce00ebedab03@group-FCC823D1752E-SegmentedRaftLogWorker] INFO  segmented.SegmentedRaftLogWorker (SegmentedRaftLogWorker.java:run(327)) - 07a6759e-563e-4423-80ed-ce00ebedab03@group-FCC823D1752E-SegmentedRaftLogWorker was interrupted, exiting. There are 0 tasks remaining in the queue.
2022-01-02 13:18:23,155 [Listener at 127.0.0.1/11096] INFO  segmented.SegmentedRaftLogWorker (SegmentedRaftLogWorker.java:close(237)) - 666cbc02-cfaa-4937-bb27-8c807157e922@group-5B691C38EC53-SegmentedRaftLogWorker close()
2022-01-02 13:18:23,156 [Listener at 127.0.0.1/11096] INFO  server.RaftServer$Division (RaftServerImpl.java:lambda$close$4(412)) - 666cbc02-cfaa-4937-bb27-8c807157e922@group-FCC823D1752E: shutdown
2022-01-02 13:18:23,156 [ForkJoinPool.commonPool-worker-1] INFO  segmented.SegmentedRaftLogWorker (SegmentedRaftLogWorker.java:close(237)) - 07a6759e-563e-4423-80ed-ce00ebedab03@group-FCC823D1752E-SegmentedRaftLogWorker close()
2022-01-02 13:18:23,158 [Listener at 127.0.0.1/11096] INFO  util.JmxRegister (JmxRegister.java:unregister(73)) - Successfully un-registered JMX Bean with object name Ratis:service=RaftServer,group=group-FCC823D1752E,id=666cbc02-cfaa-4937-bb27-8c807157e922
2022-01-02 13:18:23,162 [Listener at 127.0.0.1/11096] INFO  impl.RoleInfo (RoleInfo.java:shutdownFollowerState(108)) - 666cbc02-cfaa-4937-bb27-8c807157e922: shutdown 666cbc02-cfaa-4937-bb27-8c807157e922@group-FCC823D1752E-FollowerState
2022-01-02 13:18:23,162 [Listener at 127.0.0.1/11096] INFO  impl.StateMachineUpdater (StateMachineUpdater.java:stopAndJoin(149)) - 666cbc02-cfaa-4937-bb27-8c807157e922@group-FCC823D1752E-StateMachineUpdater: set stopIndex = 0
2022-01-02 13:18:23,162 [666cbc02-cfaa-4937-bb27-8c807157e922@group-FCC823D1752E-StateMachineUpdater] INFO  ratis.ContainerStateMachine (ContainerStateMachine.java:takeSnapshot(299)) - group-FCC823D1752E: Taking a snapshot at:(t:8, i:0) file /home/runner/work/ozone/ozone/hadoop-ozone/integration-test/target/test-dir/MiniOzoneClusterImpl-c1c80f75-2e15-44e6-8b98-5d8eb23efd07/datanode-1/data/ratis/b207d06a-988f-4864-b344-fcc823d1752e/sm/snapshot.8_0
2022-01-02 13:18:23,161 [ForkJoinPool.commonPool-worker-1] INFO  server.RaftServer$Division (RaftServerImpl.java:lambda$close$4(412)) - 07a6759e-563e-4423-80ed-ce00ebedab03@group-6E4B320A0EB5: shutdown
2022-01-02 13:18:23,162 [666cbc02-cfaa-4937-bb27-8c807157e922@group-FCC823D1752E-FollowerState] INFO  impl.FollowerState (FollowerState.java:run(143)) - 666cbc02-cfaa-4937-bb27-8c807157e922@group-FCC823D1752E-FollowerState was interrupted: {}
java.lang.InterruptedException: sleep interrupted
	at java.lang.Thread.sleep(Native Method)
	at java.lang.Thread.sleep(Thread.java:340)
	at java.util.concurrent.TimeUnit.sleep(TimeUnit.java:386)
	at org.apache.ratis.util.TimeDuration.sleep(TimeDuration.java:324)
	at org.apache.ratis.util.TimeDuration.sleep(TimeDuration.java:309)
	at org.apache.ratis.server.impl.FollowerState.run(FollowerState.java:118)
2022-01-02 13:18:23,162 [ForkJoinPool.commonPool-worker-1] INFO  util.JmxRegister (JmxRegister.java:unregister(73)) - Successfully un-registered JMX Bean with object name Ratis:service=RaftServer,group=group-6E4B320A0EB5,id=07a6759e-563e-4423-80ed-ce00ebedab03
2022-01-02 13:18:23,163 [ForkJoinPool.commonPool-worker-1] INFO  impl.RoleInfo (RoleInfo.java:shutdownLeaderState(91)) - 07a6759e-563e-4423-80ed-ce00ebedab03: shutdown 07a6759e-563e-4423-80ed-ce00ebedab03@group-6E4B320A0EB5-LeaderStateImpl
2022-01-02 13:18:23,163 [ForkJoinPool.commonPool-worker-1] INFO  impl.PendingRequests (PendingRequests.java:sendNotLeaderResponses(282)) - 07a6759e-563e-4423-80ed-ce00ebedab03@group-6E4B320A0EB5-PendingRequests: sendNotLeaderResponses
2022-01-02 13:18:23,163 [ForkJoinPool.commonPool-worker-1] INFO  impl.StateMachineUpdater (StateMachineUpdater.java:stopAndJoin(149)) - 07a6759e-563e-4423-80ed-ce00ebedab03@group-6E4B320A0EB5-StateMachineUpdater: set stopIndex = 0
2022-01-02 13:18:23,163 [666cbc02-cfaa-4937-bb27-8c807157e922@group-FCC823D1752E-StateMachineUpdater] INFO  ratis.ContainerStateMachine (ContainerStateMachine.java:takeSnapshot(310)) - group-FCC823D1752E: Finished taking a snapshot at:(t:8, i:0) file:/home/runner/work/ozone/ozone/hadoop-ozone/integration-test/target/test-dir/MiniOzoneClusterImpl-c1c80f75-2e15-44e6-8b98-5d8eb23efd07/datanode-1/data/ratis/b207d06a-988f-4864-b344-fcc823d1752e/sm/snapshot.8_0 took: 1 ms
2022-01-02 13:18:23,163 [07a6759e-563e-4423-80ed-ce00ebedab03@group-6E4B320A0EB5-StateMachineUpdater] INFO  ratis.ContainerStateMachine (ContainerStateMachine.java:takeSnapshot(299)) - group-6E4B320A0EB5: Taking a snapshot at:(t:1, i:0) file /home/runner/work/ozone/ozone/hadoop-ozone/integration-test/target/test-dir/MiniOzoneClusterImpl-c1c80f75-2e15-44e6-8b98-5d8eb23efd07/datanode-0/data/ratis/b8e42c0e-66a1-4219-86ea-6e4b320a0eb5/sm/snapshot.1_0
2022-01-02 13:18:23,163 [666cbc02-cfaa-4937-bb27-8c807157e922@group-FCC823D1752E-StateMachineUpdater] INFO  impl.StateMachineUpdater (StateMachineUpdater.java:takeSnapshot(281)) - 666cbc02-cfaa-4937-bb27-8c807157e922@group-FCC823D1752E-StateMachineUpdater: Took a snapshot at index 0
2022-01-02 13:18:23,163 [666cbc02-cfaa-4937-bb27-8c807157e922@group-FCC823D1752E-StateMachineUpdater] INFO  impl.StateMachineUpdater (StateMachineUpdater.java:lambda$new$0(89)) - 666cbc02-cfaa-4937-bb27-8c807157e922@group-FCC823D1752E-StateMachineUpdater: snapshotIndex: updateIncreasingly -1 -> 0
2022-01-02 13:18:23,164 [Listener at 127.0.0.1/11096] INFO  server.RaftServer$Division (ServerState.java:close(419)) - 666cbc02-cfaa-4937-bb27-8c807157e922@group-FCC823D1752E: closes. applyIndex: 0
2022-01-02 13:18:23,164 [666cbc02-cfaa-4937-bb27-8c807157e922@group-FCC823D1752E-SegmentedRaftLogWorker] INFO  segmented.SegmentedRaftLogWorker (SegmentedRaftLogWorker.java:run(327)) - 666cbc02-cfaa-4937-bb27-8c807157e922@group-FCC823D1752E-SegmentedRaftLogWorker was interrupted, exiting. There are 0 tasks remaining in the queue.
2022-01-02 13:18:23,164 [Listener at 127.0.0.1/11096] INFO  segmented.SegmentedRaftLogWorker (SegmentedRaftLogWorker.java:close(237)) - 666cbc02-cfaa-4937-bb27-8c807157e922@group-FCC823D1752E-SegmentedRaftLogWorker close()
2022-01-02 13:18:23,165 [Listener at 127.0.0.1/11096] INFO  server.RaftServer$Division (RaftServerImpl.java:lambda$close$4(412)) - 666cbc02-cfaa-4937-bb27-8c807157e922@group-D8195C25E6F5: shutdown
2022-01-02 13:18:23,165 [Listener at 127.0.0.1/11096] INFO  util.JmxRegister (JmxRegister.java:unregister(73)) - Successfully un-registered JMX Bean with object name Ratis:service=RaftServer,group=group-D8195C25E6F5,id=666cbc02-cfaa-4937-bb27-8c807157e922
2022-01-02 13:18:23,165 [Listener at 127.0.0.1/11096] INFO  impl.RoleInfo (RoleInfo.java:shutdownLeaderState(91)) - 666cbc02-cfaa-4937-bb27-8c807157e922: shutdown 666cbc02-cfaa-4937-bb27-8c807157e922@group-D8195C25E6F5-LeaderStateImpl
2022-01-02 13:18:23,166 [Listener at 127.0.0.1/11096] INFO  impl.PendingRequests (PendingRequests.java:sendNotLeaderResponses(282)) - 666cbc02-cfaa-4937-bb27-8c807157e922@group-D8195C25E6F5-PendingRequests: sendNotLeaderResponses
2022-01-02 13:18:23,166 [666cbc02-cfaa-4937-bb27-8c807157e922@group-D8195C25E6F5->07a6759e-563e-4423-80ed-ce00ebedab03-GrpcLogAppender-LogAppenderDaemon] WARN  server.GrpcLogAppender (GrpcLogAppender.java:mayWait(177)) - 666cbc02-cfaa-4937-bb27-8c807157e922@group-D8195C25E6F5->07a6759e-563e-4423-80ed-ce00ebedab03-GrpcLogAppender: Wait interrupted by java.lang.InterruptedException
2022-01-02 13:18:23,167 [grpc-default-executor-3] INFO  server.GrpcServerProtocolService (GrpcServerProtocolService.java:onCompleted(140)) - 07a6759e-563e-4423-80ed-ce00ebedab03: Completed APPEND_ENTRIES, lastRequest: 666cbc02-cfaa-4937-bb27-8c807157e922->07a6759e-563e-4423-80ed-ce00ebedab03#1-t7,previous=(t:0, i:0),leaderCommit=-1,initializing? true,entries: size=1, first=(t:7, i:0), CONFIGURATIONENTRY
2022-01-02 13:18:23,167 [grpc-default-executor-0] INFO  server.GrpcLogAppender (GrpcLogAppender.java:onCompleted(346)) - 666cbc02-cfaa-4937-bb27-8c807157e922@group-D8195C25E6F5->07a6759e-563e-4423-80ed-ce00ebedab03-AppendLogResponseHandler: follower responses appendEntries COMPLETED
2022-01-02 13:18:23,167 [grpc-default-executor-0] INFO  leader.FollowerInfo (FollowerInfoImpl.java:lambda$new$0(47)) - 666cbc02-cfaa-4937-bb27-8c807157e922@group-D8195C25E6F5->07a6759e-563e-4423-80ed-ce00ebedab03: nextIndex: updateUnconditionally 1 -> 0
2022-01-02 13:18:23,168 [666cbc02-cfaa-4937-bb27-8c807157e922@group-D8195C25E6F5->07c4551c-5eaf-48e0-b21d-d7eec408612b-GrpcLogAppender-LogAppenderDaemon] WARN  server.GrpcLogAppender (GrpcLogAppender.java:mayWait(177)) - 666cbc02-cfaa-4937-bb27-8c807157e922@group-D8195C25E6F5->07c4551c-5eaf-48e0-b21d-d7eec408612b-GrpcLogAppender: Wait interrupted by java.lang.InterruptedException
2022-01-02 13:18:23,169 [grpc-default-executor-3] INFO  server.GrpcServerProtocolService (GrpcServerProtocolService.java:onCompleted(140)) - 07c4551c-5eaf-48e0-b21d-d7eec408612b: Completed APPEND_ENTRIES, lastRequest: 666cbc02-cfaa-4937-bb27-8c807157e922->07c4551c-5eaf-48e0-b21d-d7eec408612b#1-t7,previous=(t:0, i:0),leaderCommit=0,initializing? true,entries: size=1, first=(t:7, i:0), CONFIGURATIONENTRY
2022-01-02 13:18:23,170 [grpc-default-executor-0] INFO  server.GrpcLogAppender (GrpcLogAppender.java:onCompleted(346)) - 666cbc02-cfaa-4937-bb27-8c807157e922@group-D8195C25E6F5->07c4551c-5eaf-48e0-b21d-d7eec408612b-AppendLogResponseHandler: follower responses appendEntries COMPLETED
2022-01-02 13:18:23,170 [grpc-default-executor-0] INFO  leader.FollowerInfo (FollowerInfoImpl.java:lambda$new$0(47)) - 666cbc02-cfaa-4937-bb27-8c807157e922@group-D8195C25E6F5->07c4551c-5eaf-48e0-b21d-d7eec408612b: nextIndex: updateUnconditionally 1 -> 0
2022-01-02 13:18:23,172 [EndpointStateMachine task thread for /127.0.0.1:14351 - 0 ] INFO  ipc.Client (Client.java:handleConnectionFailure(977)) - Retrying connect to server: localhost/127.0.0.1:14351. Already tried 4 time(s); retry policy is RetryUpToMaximumCountWithFixedSleep(maxRetries=15, sleepTime=1000 MILLISECONDS)
2022-01-02 13:18:23,172 [EndpointStateMachine task thread for /127.0.0.1:14361 - 0 ] INFO  ipc.Client (Client.java:handleConnectionFailure(977)) - Retrying connect to server: localhost/127.0.0.1:14361. Already tried 4 time(s); retry policy is RetryUpToMaximumCountWithFixedSleep(maxRetries=15, sleepTime=1000 MILLISECONDS)
2022-01-02 13:18:23,172 [666cbc02-cfaa-4937-bb27-8c807157e922@group-D8195C25E6F5-StateMachineUpdater] INFO  ratis.ContainerStateMachine (ContainerStateMachine.java:takeSnapshot(299)) - group-D8195C25E6F5: Taking a snapshot at:(t:7, i:0) file /home/runner/work/ozone/ozone/hadoop-ozone/integration-test/target/test-dir/MiniOzoneClusterImpl-c1c80f75-2e15-44e6-8b98-5d8eb23efd07/datanode-1/data/ratis/31dd3078-2fb2-42a8-b0c9-d8195c25e6f5/sm/snapshot.7_0
2022-01-02 13:18:23,172 [Listener at 127.0.0.1/11096] INFO  impl.StateMachineUpdater (StateMachineUpdater.java:stopAndJoin(149)) - 666cbc02-cfaa-4937-bb27-8c807157e922@group-D8195C25E6F5-StateMachineUpdater: set stopIndex = 0
2022-01-02 13:18:23,173 [07a6759e-563e-4423-80ed-ce00ebedab03@group-6E4B320A0EB5-StateMachineUpdater] INFO  ratis.ContainerStateMachine (ContainerStateMachine.java:takeSnapshot(310)) - group-6E4B320A0EB5: Finished taking a snapshot at:(t:1, i:0) file:/home/runner/work/ozone/ozone/hadoop-ozone/integration-test/target/test-dir/MiniOzoneClusterImpl-c1c80f75-2e15-44e6-8b98-5d8eb23efd07/datanode-0/data/ratis/b8e42c0e-66a1-4219-86ea-6e4b320a0eb5/sm/snapshot.1_0 took: 10 ms
2022-01-02 13:18:23,173 [666cbc02-cfaa-4937-bb27-8c807157e922@group-D8195C25E6F5-StateMachineUpdater] INFO  ratis.ContainerStateMachine (ContainerStateMachine.java:takeSnapshot(310)) - group-D8195C25E6F5: Finished taking a snapshot at:(t:7, i:0) file:/home/runner/work/ozone/ozone/hadoop-ozone/integration-test/target/test-dir/MiniOzoneClusterImpl-c1c80f75-2e15-44e6-8b98-5d8eb23efd07/datanode-1/data/ratis/31dd3078-2fb2-42a8-b0c9-d8195c25e6f5/sm/snapshot.7_0 took: 1 ms
2022-01-02 13:18:23,173 [666cbc02-cfaa-4937-bb27-8c807157e922@group-D8195C25E6F5-StateMachineUpdater] INFO  impl.StateMachineUpdater (StateMachineUpdater.java:takeSnapshot(281)) - 666cbc02-cfaa-4937-bb27-8c807157e922@group-D8195C25E6F5-StateMachineUpdater: Took a snapshot at index 0
2022-01-02 13:18:23,173 [666cbc02-cfaa-4937-bb27-8c807157e922@group-D8195C25E6F5-StateMachineUpdater] INFO  impl.StateMachineUpdater (StateMachineUpdater.java:lambda$new$0(89)) - 666cbc02-cfaa-4937-bb27-8c807157e922@group-D8195C25E6F5-StateMachineUpdater: snapshotIndex: updateIncreasingly -1 -> 0
2022-01-02 13:18:23,173 [07a6759e-563e-4423-80ed-ce00ebedab03@group-6E4B320A0EB5-StateMachineUpdater] INFO  impl.StateMachineUpdater (StateMachineUpdater.java:takeSnapshot(281)) - 07a6759e-563e-4423-80ed-ce00ebedab03@group-6E4B320A0EB5-StateMachineUpdater: Took a snapshot at index 0
2022-01-02 13:18:23,173 [07a6759e-563e-4423-80ed-ce00ebedab03@group-6E4B320A0EB5-StateMachineUpdater] INFO  impl.StateMachineUpdater (StateMachineUpdater.java:lambda$new$0(89)) - 07a6759e-563e-4423-80ed-ce00ebedab03@group-6E4B320A0EB5-StateMachineUpdater: snapshotIndex: updateIncreasingly -1 -> 0
2022-01-02 13:18:23,174 [ForkJoinPool.commonPool-worker-1] INFO  server.RaftServer$Division (ServerState.java:close(419)) - 07a6759e-563e-4423-80ed-ce00ebedab03@group-6E4B320A0EB5: closes. applyIndex: 0
2022-01-02 13:18:23,174 [Listener at 127.0.0.1/11096] INFO  server.RaftServer$Division (ServerState.java:close(419)) - 666cbc02-cfaa-4937-bb27-8c807157e922@group-D8195C25E6F5: closes. applyIndex: 0
2022-01-02 13:18:23,174 [666cbc02-cfaa-4937-bb27-8c807157e922@group-D8195C25E6F5-SegmentedRaftLogWorker] INFO  segmented.SegmentedRaftLogWorker (SegmentedRaftLogWorker.java:run(327)) - 666cbc02-cfaa-4937-bb27-8c807157e922@group-D8195C25E6F5-SegmentedRaftLogWorker was interrupted, exiting. There are 0 tasks remaining in the queue.
2022-01-02 13:18:23,175 [EndpointStateMachine task thread for /127.0.0.1:14341 - 0 ] INFO  ipc.Client (Client.java:handleConnectionFailure(977)) - Retrying connect to server: localhost/127.0.0.1:14341. Already tried 6 time(s); retry policy is RetryUpToMaximumCountWithFixedSleep(maxRetries=15, sleepTime=1000 MILLISECONDS)
2022-01-02 13:18:23,175 [Listener at 127.0.0.1/11096] INFO  segmented.SegmentedRaftLogWorker (SegmentedRaftLogWorker.java:close(237)) - 666cbc02-cfaa-4937-bb27-8c807157e922@group-D8195C25E6F5-SegmentedRaftLogWorker close()
2022-01-02 13:18:23,176 [07a6759e-563e-4423-80ed-ce00ebedab03@group-6E4B320A0EB5-SegmentedRaftLogWorker] INFO  segmented.SegmentedRaftLogWorker (SegmentedRaftLogWorker.java:run(327)) - 07a6759e-563e-4423-80ed-ce00ebedab03@group-6E4B320A0EB5-SegmentedRaftLogWorker was interrupted, exiting. There are 0 tasks remaining in the queue.
2022-01-02 13:18:23,177 [ForkJoinPool.commonPool-worker-1] INFO  segmented.SegmentedRaftLogWorker (SegmentedRaftLogWorker.java:close(237)) - 07a6759e-563e-4423-80ed-ce00ebedab03@group-6E4B320A0EB5-SegmentedRaftLogWorker close()
2022-01-02 13:18:23,178 [Listener at 127.0.0.1/11096] INFO  server.GrpcService (GrpcService.java:closeImpl(262)) - 666cbc02-cfaa-4937-bb27-8c807157e922: shutdown server with port 45001 now
2022-01-02 13:18:23,186 [ForkJoinPool.commonPool-worker-1] INFO  server.RaftServer$Division (RaftServerImpl.java:lambda$close$4(412)) - 07a6759e-563e-4423-80ed-ce00ebedab03@group-D8195C25E6F5: shutdown
2022-01-02 13:18:23,186 [ForkJoinPool.commonPool-worker-1] INFO  util.JmxRegister (JmxRegister.java:unregister(73)) - Successfully un-registered JMX Bean with object name Ratis:service=RaftServer,group=group-D8195C25E6F5,id=07a6759e-563e-4423-80ed-ce00ebedab03
2022-01-02 13:18:23,186 [ForkJoinPool.commonPool-worker-1] INFO  impl.RoleInfo (RoleInfo.java:shutdownFollowerState(108)) - 07a6759e-563e-4423-80ed-ce00ebedab03: shutdown 07a6759e-563e-4423-80ed-ce00ebedab03@group-D8195C25E6F5-FollowerState
2022-01-02 13:18:23,186 [ForkJoinPool.commonPool-worker-1] INFO  impl.StateMachineUpdater (StateMachineUpdater.java:stopAndJoin(149)) - 07a6759e-563e-4423-80ed-ce00ebedab03@group-D8195C25E6F5-StateMachineUpdater: set stopIndex = 0
2022-01-02 13:18:23,186 [07a6759e-563e-4423-80ed-ce00ebedab03@group-D8195C25E6F5-FollowerState] INFO  impl.FollowerState (FollowerState.java:run(143)) - 07a6759e-563e-4423-80ed-ce00ebedab03@group-D8195C25E6F5-FollowerState was interrupted: {}
java.lang.InterruptedException: sleep interrupted
	at java.lang.Thread.sleep(Native Method)
	at java.lang.Thread.sleep(Thread.java:340)
	at java.util.concurrent.TimeUnit.sleep(TimeUnit.java:386)
	at org.apache.ratis.util.TimeDuration.sleep(TimeDuration.java:324)
	at org.apache.ratis.util.TimeDuration.sleep(TimeDuration.java:309)
	at org.apache.ratis.server.impl.FollowerState.run(FollowerState.java:118)
2022-01-02 13:18:23,194 [07a6759e-563e-4423-80ed-ce00ebedab03@group-D8195C25E6F5-StateMachineUpdater] INFO  ratis.ContainerStateMachine (ContainerStateMachine.java:takeSnapshot(299)) - group-D8195C25E6F5: Taking a snapshot at:(t:7, i:0) file /home/runner/work/ozone/ozone/hadoop-ozone/integration-test/target/test-dir/MiniOzoneClusterImpl-c1c80f75-2e15-44e6-8b98-5d8eb23efd07/datanode-0/data/ratis/31dd3078-2fb2-42a8-b0c9-d8195c25e6f5/sm/snapshot.7_0
2022-01-02 13:18:23,195 [07a6759e-563e-4423-80ed-ce00ebedab03@group-D8195C25E6F5-StateMachineUpdater] INFO  ratis.ContainerStateMachine (ContainerStateMachine.java:takeSnapshot(310)) - group-D8195C25E6F5: Finished taking a snapshot at:(t:7, i:0) file:/home/runner/work/ozone/ozone/hadoop-ozone/integration-test/target/test-dir/MiniOzoneClusterImpl-c1c80f75-2e15-44e6-8b98-5d8eb23efd07/datanode-0/data/ratis/31dd3078-2fb2-42a8-b0c9-d8195c25e6f5/sm/snapshot.7_0 took: 1 ms
2022-01-02 13:18:23,195 [07a6759e-563e-4423-80ed-ce00ebedab03@group-D8195C25E6F5-StateMachineUpdater] INFO  impl.StateMachineUpdater (StateMachineUpdater.java:takeSnapshot(281)) - 07a6759e-563e-4423-80ed-ce00ebedab03@group-D8195C25E6F5-StateMachineUpdater: Took a snapshot at index 0
2022-01-02 13:18:23,195 [07a6759e-563e-4423-80ed-ce00ebedab03@group-D8195C25E6F5-StateMachineUpdater] INFO  impl.StateMachineUpdater (StateMachineUpdater.java:lambda$new$0(89)) - 07a6759e-563e-4423-80ed-ce00ebedab03@group-D8195C25E6F5-StateMachineUpdater: snapshotIndex: updateIncreasingly -1 -> 0
2022-01-02 13:18:23,196 [ForkJoinPool.commonPool-worker-1] INFO  server.RaftServer$Division (ServerState.java:close(419)) - 07a6759e-563e-4423-80ed-ce00ebedab03@group-D8195C25E6F5: closes. applyIndex: 0
2022-01-02 13:18:23,198 [07a6759e-563e-4423-80ed-ce00ebedab03@group-D8195C25E6F5-SegmentedRaftLogWorker] INFO  segmented.SegmentedRaftLogWorker (SegmentedRaftLogWorker.java:run(327)) - 07a6759e-563e-4423-80ed-ce00ebedab03@group-D8195C25E6F5-SegmentedRaftLogWorker was interrupted, exiting. There are 0 tasks remaining in the queue.
2022-01-02 13:18:23,198 [Listener at 127.0.0.1/11096] INFO  server.GrpcService (GrpcService.java:closeImpl(271)) - 666cbc02-cfaa-4937-bb27-8c807157e922: shutdown server with port 45001 successfully
2022-01-02 13:18:23,199 [ForkJoinPool.commonPool-worker-1] INFO  segmented.SegmentedRaftLogWorker (SegmentedRaftLogWorker.java:close(237)) - 07a6759e-563e-4423-80ed-ce00ebedab03@group-D8195C25E6F5-SegmentedRaftLogWorker close()
2022-01-02 13:18:23,199 [ForkJoinPool.commonPool-worker-1] INFO  server.GrpcService (GrpcService.java:closeImpl(262)) - 07a6759e-563e-4423-80ed-ce00ebedab03: shutdown server with port 43531 now
2022-01-02 13:18:23,200 [org.apache.ratis.util.JvmPauseMonitor$$Lambda$499/1697441364@1d75feb4] INFO  util.JvmPauseMonitor (JvmPauseMonitor.java:run(109)) - JvmPauseMonitor-666cbc02-cfaa-4937-bb27-8c807157e922: Stopped
2022-01-02 13:18:23,202 [ForkJoinPool.commonPool-worker-1] INFO  server.GrpcService (GrpcService.java:closeImpl(271)) - 07a6759e-563e-4423-80ed-ce00ebedab03: shutdown server with port 43531 successfully
2022-01-02 13:18:23,202 [org.apache.ratis.util.JvmPauseMonitor$$Lambda$499/1697441364@446a48ab] INFO  util.JvmPauseMonitor (JvmPauseMonitor.java:run(109)) - JvmPauseMonitor-07a6759e-563e-4423-80ed-ce00ebedab03: Stopped
2022-01-02 13:18:23,224 [EndpointStateMachine task thread for /127.0.0.1:15005 - 0 ] INFO  ipc.Client (Client.java:handleConnectionFailure(977)) - Retrying connect to server: localhost/127.0.0.1:15005. Already tried 6 time(s); retry policy is RetryUpToMaximumCountWithFixedSleep(maxRetries=15, sleepTime=1000 MILLISECONDS)
2022-01-02 13:18:23,225 [EndpointStateMachine task thread for /127.0.0.1:14995 - 0 ] INFO  ipc.Client (Client.java:handleConnectionFailure(977)) - Retrying connect to server: localhost/127.0.0.1:14995. Already tried 3 time(s); retry policy is RetryUpToMaximumCountWithFixedSleep(maxRetries=15, sleepTime=1000 MILLISECONDS)
2022-01-02 13:18:23,257 [EndpointStateMachine task thread for /127.0.0.1:14985 - 0 ] INFO  ipc.Client (Client.java:handleConnectionFailure(977)) - Retrying connect to server: localhost/127.0.0.1:14985. Already tried 6 time(s); retry policy is RetryUpToMaximumCountWithFixedSleep(maxRetries=15, sleepTime=1000 MILLISECONDS)
2022-01-02 13:18:24,172 [EndpointStateMachine task thread for /127.0.0.1:14351 - 0 ] INFO  ipc.Client (Client.java:handleConnectionFailure(977)) - Retrying connect to server: localhost/127.0.0.1:14351. Already tried 5 time(s); retry policy is RetryUpToMaximumCountWithFixedSleep(maxRetries=15, sleepTime=1000 MILLISECONDS)
2022-01-02 13:18:24,172 [EndpointStateMachine task thread for /127.0.0.1:14361 - 0 ] INFO  ipc.Client (Client.java:handleConnectionFailure(977)) - Retrying connect to server: localhost/127.0.0.1:14361. Already tried 5 time(s); retry policy is RetryUpToMaximumCountWithFixedSleep(maxRetries=15, sleepTime=1000 MILLISECONDS)
2022-01-02 13:18:24,176 [EndpointStateMachine task thread for /127.0.0.1:14341 - 0 ] INFO  ipc.Client (Client.java:handleConnectionFailure(977)) - Retrying connect to server: localhost/127.0.0.1:14341. Already tried 7 time(s); retry policy is RetryUpToMaximumCountWithFixedSleep(maxRetries=15, sleepTime=1000 MILLISECONDS)
2022-01-02 13:18:24,225 [EndpointStateMachine task thread for /127.0.0.1:15005 - 0 ] INFO  ipc.Client (Client.java:handleConnectionFailure(977)) - Retrying connect to server: localhost/127.0.0.1:15005. Already tried 7 time(s); retry policy is RetryUpToMaximumCountWithFixedSleep(maxRetries=15, sleepTime=1000 MILLISECONDS)
2022-01-02 13:18:24,225 [EndpointStateMachine task thread for /127.0.0.1:14995 - 0 ] INFO  ipc.Client (Client.java:handleConnectionFailure(977)) - Retrying connect to server: localhost/127.0.0.1:14995. Already tried 4 time(s); retry policy is RetryUpToMaximumCountWithFixedSleep(maxRetries=15, sleepTime=1000 MILLISECONDS)
2022-01-02 13:18:24,257 [EndpointStateMachine task thread for /127.0.0.1:14985 - 0 ] INFO  ipc.Client (Client.java:handleConnectionFailure(977)) - Retrying connect to server: localhost/127.0.0.1:14985. Already tried 7 time(s); retry policy is RetryUpToMaximumCountWithFixedSleep(maxRetries=15, sleepTime=1000 MILLISECONDS)
2022-01-02 13:18:25,178 [EndpointStateMachine task thread for /127.0.0.1:14341 - 0 ] INFO  ipc.Client (Client.java:handleConnectionFailure(977)) - Retrying connect to server: localhost/127.0.0.1:14341. Already tried 8 time(s); retry policy is RetryUpToMaximumCountWithFixedSleep(maxRetries=15, sleepTime=1000 MILLISECONDS)
2022-01-02 13:18:25,178 [EndpointStateMachine task thread for /127.0.0.1:14351 - 0 ] INFO  ipc.Client (Client.java:handleConnectionFailure(977)) - Retrying connect to server: localhost/127.0.0.1:14351. Already tried 6 time(s); retry policy is RetryUpToMaximumCountWithFixedSleep(maxRetries=15, sleepTime=1000 MILLISECONDS)
2022-01-02 13:18:25,178 [EndpointStateMachine task thread for /127.0.0.1:14361 - 0 ] INFO  ipc.Client (Client.java:handleConnectionFailure(977)) - Retrying connect to server: localhost/127.0.0.1:14361. Already tried 6 time(s); retry policy is RetryUpToMaximumCountWithFixedSleep(maxRetries=15, sleepTime=1000 MILLISECONDS)
2022-01-02 13:18:25,214 [Listener at 127.0.0.1/11096] INFO  utils.BackgroundService (BackgroundService.java:shutdown(132)) - Shutting down service BlockDeletingService
2022-01-02 13:18:25,225 [EndpointStateMachine task thread for /127.0.0.1:14995 - 0 ] INFO  ipc.Client (Client.java:handleConnectionFailure(977)) - Retrying connect to server: localhost/127.0.0.1:14995. Already tried 5 time(s); retry policy is RetryUpToMaximumCountWithFixedSleep(maxRetries=15, sleepTime=1000 MILLISECONDS)
2022-01-02 13:18:25,229 [EndpointStateMachine task thread for /127.0.0.1:15005 - 0 ] INFO  ipc.Client (Client.java:handleConnectionFailure(977)) - Retrying connect to server: localhost/127.0.0.1:15005. Already tried 8 time(s); retry policy is RetryUpToMaximumCountWithFixedSleep(maxRetries=15, sleepTime=1000 MILLISECONDS)
2022-01-02 13:18:25,235 [ForkJoinPool.commonPool-worker-1] INFO  utils.BackgroundService (BackgroundService.java:shutdown(132)) - Shutting down service BlockDeletingService
2022-01-02 13:18:25,257 [EndpointStateMachine task thread for /127.0.0.1:14985 - 0 ] INFO  ipc.Client (Client.java:handleConnectionFailure(977)) - Retrying connect to server: localhost/127.0.0.1:14985. Already tried 8 time(s); retry policy is RetryUpToMaximumCountWithFixedSleep(maxRetries=15, sleepTime=1000 MILLISECONDS)
2022-01-02 13:18:26,178 [EndpointStateMachine task thread for /127.0.0.1:14341 - 0 ] INFO  ipc.Client (Client.java:handleConnectionFailure(977)) - Retrying connect to server: localhost/127.0.0.1:14341. Already tried 9 time(s); retry policy is RetryUpToMaximumCountWithFixedSleep(maxRetries=15, sleepTime=1000 MILLISECONDS)
2022-01-02 13:18:26,179 [EndpointStateMachine task thread for /127.0.0.1:14351 - 0 ] INFO  ipc.Client (Client.java:handleConnectionFailure(977)) - Retrying connect to server: localhost/127.0.0.1:14351. Already tried 7 time(s); retry policy is RetryUpToMaximumCountWithFixedSleep(maxRetries=15, sleepTime=1000 MILLISECONDS)
2022-01-02 13:18:26,179 [EndpointStateMachine task thread for /127.0.0.1:14361 - 0 ] INFO  ipc.Client (Client.java:handleConnectionFailure(977)) - Retrying connect to server: localhost/127.0.0.1:14361. Already tried 7 time(s); retry policy is RetryUpToMaximumCountWithFixedSleep(maxRetries=15, sleepTime=1000 MILLISECONDS)
2022-01-02 13:18:26,226 [EndpointStateMachine task thread for /127.0.0.1:14995 - 0 ] INFO  ipc.Client (Client.java:handleConnectionFailure(977)) - Retrying connect to server: localhost/127.0.0.1:14995. Already tried 6 time(s); retry policy is RetryUpToMaximumCountWithFixedSleep(maxRetries=15, sleepTime=1000 MILLISECONDS)
2022-01-02 13:18:26,233 [EndpointStateMachine task thread for /127.0.0.1:15005 - 0 ] INFO  ipc.Client (Client.java:handleConnectionFailure(977)) - Retrying connect to server: localhost/127.0.0.1:15005. Already tried 9 time(s); retry policy is RetryUpToMaximumCountWithFixedSleep(maxRetries=15, sleepTime=1000 MILLISECONDS)
2022-01-02 13:18:26,257 [EndpointStateMachine task thread for /127.0.0.1:14985 - 0 ] INFO  ipc.Client (Client.java:handleConnectionFailure(977)) - Retrying connect to server: localhost/127.0.0.1:14985. Already tried 9 time(s); retry policy is RetryUpToMaximumCountWithFixedSleep(maxRetries=15, sleepTime=1000 MILLISECONDS)
2022-01-02 13:18:27,179 [EndpointStateMachine task thread for /127.0.0.1:14341 - 0 ] INFO  ipc.Client (Client.java:handleConnectionFailure(977)) - Retrying connect to server: localhost/127.0.0.1:14341. Already tried 10 time(s); retry policy is RetryUpToMaximumCountWithFixedSleep(maxRetries=15, sleepTime=1000 MILLISECONDS)
2022-01-02 13:18:27,180 [EndpointStateMachine task thread for /127.0.0.1:14351 - 0 ] INFO  ipc.Client (Client.java:handleConnectionFailure(977)) - Retrying connect to server: localhost/127.0.0.1:14351. Already tried 8 time(s); retry policy is RetryUpToMaximumCountWithFixedSleep(maxRetries=15, sleepTime=1000 MILLISECONDS)
2022-01-02 13:18:27,180 [EndpointStateMachine task thread for /127.0.0.1:14361 - 0 ] INFO  ipc.Client (Client.java:handleConnectionFailure(977)) - Retrying connect to server: localhost/127.0.0.1:14361. Already tried 8 time(s); retry policy is RetryUpToMaximumCountWithFixedSleep(maxRetries=15, sleepTime=1000 MILLISECONDS)
2022-01-02 13:18:27,226 [EndpointStateMachine task thread for /127.0.0.1:14995 - 0 ] INFO  ipc.Client (Client.java:handleConnectionFailure(977)) - Retrying connect to server: localhost/127.0.0.1:14995. Already tried 7 time(s); retry policy is RetryUpToMaximumCountWithFixedSleep(maxRetries=15, sleepTime=1000 MILLISECONDS)
2022-01-02 13:18:27,234 [EndpointStateMachine task thread for /127.0.0.1:15005 - 0 ] INFO  ipc.Client (Client.java:handleConnectionFailure(977)) - Retrying connect to server: localhost/127.0.0.1:15005. Already tried 10 time(s); retry policy is RetryUpToMaximumCountWithFixedSleep(maxRetries=15, sleepTime=1000 MILLISECONDS)
2022-01-02 13:18:27,258 [EndpointStateMachine task thread for /127.0.0.1:14985 - 0 ] INFO  ipc.Client (Client.java:handleConnectionFailure(977)) - Retrying connect to server: localhost/127.0.0.1:14985. Already tried 10 time(s); retry policy is RetryUpToMaximumCountWithFixedSleep(maxRetries=15, sleepTime=1000 MILLISECONDS)
2022-01-02 13:18:28,180 [EndpointStateMachine task thread for /127.0.0.1:14341 - 0 ] INFO  ipc.Client (Client.java:handleConnectionFailure(977)) - Retrying connect to server: localhost/127.0.0.1:14341. Already tried 11 time(s); retry policy is RetryUpToMaximumCountWithFixedSleep(maxRetries=15, sleepTime=1000 MILLISECONDS)
2022-01-02 13:18:28,180 [EndpointStateMachine task thread for /127.0.0.1:14351 - 0 ] INFO  ipc.Client (Client.java:handleConnectionFailure(977)) - Retrying connect to server: localhost/127.0.0.1:14351. Already tried 9 time(s); retry policy is RetryUpToMaximumCountWithFixedSleep(maxRetries=15, sleepTime=1000 MILLISECONDS)
2022-01-02 13:18:28,180 [EndpointStateMachine task thread for /127.0.0.1:14361 - 0 ] INFO  ipc.Client (Client.java:handleConnectionFailure(977)) - Retrying connect to server: localhost/127.0.0.1:14361. Already tried 9 time(s); retry policy is RetryUpToMaximumCountWithFixedSleep(maxRetries=15, sleepTime=1000 MILLISECONDS)
2022-01-02 13:18:28,227 [EndpointStateMachine task thread for /127.0.0.1:14995 - 0 ] INFO  ipc.Client (Client.java:handleConnectionFailure(977)) - Retrying connect to server: localhost/127.0.0.1:14995. Already tried 8 time(s); retry policy is RetryUpToMaximumCountWithFixedSleep(maxRetries=15, sleepTime=1000 MILLISECONDS)
2022-01-02 13:18:28,234 [EndpointStateMachine task thread for /127.0.0.1:15005 - 0 ] INFO  ipc.Client (Client.java:handleConnectionFailure(977)) - Retrying connect to server: localhost/127.0.0.1:15005. Already tried 11 time(s); retry policy is RetryUpToMaximumCountWithFixedSleep(maxRetries=15, sleepTime=1000 MILLISECONDS)
2022-01-02 13:18:28,234 [Listener at 127.0.0.1/11096] INFO  statemachine.DatanodeStateMachine (DatanodeStateMachine.java:stopDaemon(526)) - Ozone container server stopped.
2022-01-02 13:18:28,235 [Listener at 127.0.0.1/11096] INFO  handler.ContextHandler (ContextHandler.java:doStop(1153)) - Stopped o.e.j.w.WebAppContext@66d43e76{hddsDatanode,/,null,STOPPED}{jar:file:/home/runner/.m2/repository/org/apache/ozone/hdds-container-service/1.3.0-SNAPSHOT/hdds-container-service-1.3.0-SNAPSHOT.jar!/webapps/hddsDatanode}
2022-01-02 13:18:28,236 [Listener at 127.0.0.1/11096] INFO  server.AbstractConnector (AbstractConnector.java:doStop(381)) - Stopped ServerConnector@366558a2{HTTP/1.1, (http/1.1)}{0.0.0.0:0}
2022-01-02 13:18:28,236 [Listener at 127.0.0.1/11096] INFO  server.session (HouseKeeper.java:stopScavenging(149)) - node0 Stopped scavenging
2022-01-02 13:18:28,236 [Listener at 127.0.0.1/11096] INFO  handler.ContextHandler (ContextHandler.java:doStop(1153)) - Stopped o.e.j.s.ServletContextHandler@4d228131{static,/static,jar:file:/home/runner/.m2/repository/org/apache/ozone/hdds-container-service/1.3.0-SNAPSHOT/hdds-container-service-1.3.0-SNAPSHOT.jar!/webapps/static,STOPPED}
2022-01-02 13:18:28,236 [Listener at 127.0.0.1/11096] INFO  handler.ContextHandler (ContextHandler.java:doStop(1153)) - Stopped o.e.j.s.ServletContextHandler@50be06c0{logs,/logs,file:///home/runner/work/ozone/ozone/hadoop-ozone/integration-test/target/log,STOPPED}
2022-01-02 13:18:28,239 [ForkJoinPool.commonPool-worker-1] INFO  statemachine.DatanodeStateMachine (DatanodeStateMachine.java:stopDaemon(526)) - Ozone container server stopped.
2022-01-02 13:18:28,241 [ForkJoinPool.commonPool-worker-1] INFO  handler.ContextHandler (ContextHandler.java:doStop(1153)) - Stopped o.e.j.w.WebAppContext@5dc7cde5{hddsDatanode,/,null,STOPPED}{jar:file:/home/runner/.m2/repository/org/apache/ozone/hdds-container-service/1.3.0-SNAPSHOT/hdds-container-service-1.3.0-SNAPSHOT.jar!/webapps/hddsDatanode}
2022-01-02 13:18:28,241 [ForkJoinPool.commonPool-worker-1] INFO  server.AbstractConnector (AbstractConnector.java:doStop(381)) - Stopped ServerConnector@2413efce{HTTP/1.1, (http/1.1)}{0.0.0.0:0}
2022-01-02 13:18:28,241 [ForkJoinPool.commonPool-worker-1] INFO  server.session (HouseKeeper.java:stopScavenging(149)) - node0 Stopped scavenging
2022-01-02 13:18:28,242 [ForkJoinPool.commonPool-worker-1] INFO  handler.ContextHandler (ContextHandler.java:doStop(1153)) - Stopped o.e.j.s.ServletContextHandler@7c465f15{static,/static,jar:file:/home/runner/.m2/repository/org/apache/ozone/hdds-container-service/1.3.0-SNAPSHOT/hdds-container-service-1.3.0-SNAPSHOT.jar!/webapps/static,STOPPED}
2022-01-02 13:18:28,242 [ForkJoinPool.commonPool-worker-1] INFO  handler.ContextHandler (ContextHandler.java:doStop(1153)) - Stopped o.e.j.s.ServletContextHandler@7b0f4923{logs,/logs,file:///home/runner/work/ozone/ozone/hadoop-ozone/integration-test/target/log,STOPPED}
2022-01-02 13:18:28,258 [EndpointStateMachine task thread for /127.0.0.1:14985 - 0 ] INFO  ipc.Client (Client.java:handleConnectionFailure(977)) - Retrying connect to server: localhost/127.0.0.1:14985. Already tried 11 time(s); retry policy is RetryUpToMaximumCountWithFixedSleep(maxRetries=15, sleepTime=1000 MILLISECONDS)
2022-01-02 13:18:29,179 [Datanode State Machine Daemon Thread] WARN  statemachine.StateContext (StateContext.java:setState(249)) - Ignore disallowed transition from SHUTDOWN to RUNNING
2022-01-02 13:18:29,180 [EndpointStateMachine task thread for /127.0.0.1:14341 - 0 ] INFO  ipc.Client (Client.java:handleConnectionFailure(977)) - Retrying connect to server: localhost/127.0.0.1:14341. Already tried 12 time(s); retry policy is RetryUpToMaximumCountWithFixedSleep(maxRetries=15, sleepTime=1000 MILLISECONDS)
2022-01-02 13:18:29,181 [EndpointStateMachine task thread for /127.0.0.1:14351 - 0 ] INFO  ipc.Client (Client.java:handleConnectionFailure(977)) - Retrying connect to server: localhost/127.0.0.1:14351. Already tried 10 time(s); retry policy is RetryUpToMaximumCountWithFixedSleep(maxRetries=15, sleepTime=1000 MILLISECONDS)
2022-01-02 13:18:29,181 [EndpointStateMachine task thread for /127.0.0.1:14361 - 0 ] INFO  ipc.Client (Client.java:handleConnectionFailure(977)) - Retrying connect to server: localhost/127.0.0.1:14361. Already tried 10 time(s); retry policy is RetryUpToMaximumCountWithFixedSleep(maxRetries=15, sleepTime=1000 MILLISECONDS)
2022-01-02 13:18:29,227 [EndpointStateMachine task thread for /127.0.0.1:14995 - 0 ] INFO  ipc.Client (Client.java:handleConnectionFailure(977)) - Retrying connect to server: localhost/127.0.0.1:14995. Already tried 9 time(s); retry policy is RetryUpToMaximumCountWithFixedSleep(maxRetries=15, sleepTime=1000 MILLISECONDS)
2022-01-02 13:18:29,234 [EndpointStateMachine task thread for /127.0.0.1:15005 - 0 ] INFO  ipc.Client (Client.java:handleConnectionFailure(977)) - Retrying connect to server: localhost/127.0.0.1:15005. Already tried 12 time(s); retry policy is RetryUpToMaximumCountWithFixedSleep(maxRetries=15, sleepTime=1000 MILLISECONDS)
2022-01-02 13:18:29,258 [EndpointStateMachine task thread for /127.0.0.1:14985 - 0 ] INFO  ipc.Client (Client.java:handleConnectionFailure(977)) - Retrying connect to server: localhost/127.0.0.1:14985. Already tried 12 time(s); retry policy is RetryUpToMaximumCountWithFixedSleep(maxRetries=15, sleepTime=1000 MILLISECONDS)
2022-01-02 13:18:30,181 [EndpointStateMachine task thread for /127.0.0.1:14341 - 0 ] INFO  ipc.Client (Client.java:handleConnectionFailure(977)) - Retrying connect to server: localhost/127.0.0.1:14341. Already tried 13 time(s); retry policy is RetryUpToMaximumCountWithFixedSleep(maxRetries=15, sleepTime=1000 MILLISECONDS)
2022-01-02 13:18:30,181 [EndpointStateMachine task thread for /127.0.0.1:14351 - 0 ] INFO  ipc.Client (Client.java:handleConnectionFailure(977)) - Retrying connect to server: localhost/127.0.0.1:14351. Already tried 11 time(s); retry policy is RetryUpToMaximumCountWithFixedSleep(maxRetries=15, sleepTime=1000 MILLISECONDS)
2022-01-02 13:18:30,182 [EndpointStateMachine task thread for /127.0.0.1:14361 - 0 ] INFO  ipc.Client (Client.java:handleConnectionFailure(977)) - Retrying connect to server: localhost/127.0.0.1:14361. Already tried 11 time(s); retry policy is RetryUpToMaximumCountWithFixedSleep(maxRetries=15, sleepTime=1000 MILLISECONDS)
2022-01-02 13:18:30,227 [EndpointStateMachine task thread for /127.0.0.1:14995 - 0 ] INFO  ipc.Client (Client.java:handleConnectionFailure(977)) - Retrying connect to server: localhost/127.0.0.1:14995. Already tried 10 time(s); retry policy is RetryUpToMaximumCountWithFixedSleep(maxRetries=15, sleepTime=1000 MILLISECONDS)
2022-01-02 13:18:30,234 [EndpointStateMachine task thread for /127.0.0.1:15005 - 0 ] INFO  ipc.Client (Client.java:handleConnectionFailure(977)) - Retrying connect to server: localhost/127.0.0.1:15005. Already tried 13 time(s); retry policy is RetryUpToMaximumCountWithFixedSleep(maxRetries=15, sleepTime=1000 MILLISECONDS)
2022-01-02 13:18:30,259 [EndpointStateMachine task thread for /127.0.0.1:14985 - 0 ] INFO  ipc.Client (Client.java:handleConnectionFailure(977)) - Retrying connect to server: localhost/127.0.0.1:14985. Already tried 13 time(s); retry policy is RetryUpToMaximumCountWithFixedSleep(maxRetries=15, sleepTime=1000 MILLISECONDS)
2022-01-02 13:18:30,548 [07c4551c-5eaf-48e0-b21d-d7eec408612b@group-D8195C25E6F5-FollowerState] INFO  impl.FollowerState (FollowerState.java:run(134)) - 07c4551c-5eaf-48e0-b21d-d7eec408612b@group-D8195C25E6F5-FollowerState: change to CANDIDATE, lastRpcElapsedTime:7884124610ns, electionTimeout:5071ms
2022-01-02 13:18:30,548 [07c4551c-5eaf-48e0-b21d-d7eec408612b@group-D8195C25E6F5-FollowerState] INFO  impl.RoleInfo (RoleInfo.java:shutdownFollowerState(108)) - 07c4551c-5eaf-48e0-b21d-d7eec408612b: shutdown 07c4551c-5eaf-48e0-b21d-d7eec408612b@group-D8195C25E6F5-FollowerState
2022-01-02 13:18:30,548 [07c4551c-5eaf-48e0-b21d-d7eec408612b@group-D8195C25E6F5-FollowerState] INFO  server.RaftServer$Division (RaftServerImpl.java:setRole(290)) - 07c4551c-5eaf-48e0-b21d-d7eec408612b@group-D8195C25E6F5: changes role from  FOLLOWER to CANDIDATE at term 7 for changeToCandidate
2022-01-02 13:18:30,549 [07c4551c-5eaf-48e0-b21d-d7eec408612b@group-D8195C25E6F5-FollowerState] INFO  server.RaftServerConfigKeys (ConfUtils.java:logGet(44)) - raft.server.leaderelection.pre-vote = false (custom)
2022-01-02 13:18:30,549 [07c4551c-5eaf-48e0-b21d-d7eec408612b@group-D8195C25E6F5-FollowerState] INFO  impl.RoleInfo (RoleInfo.java:updateAndGet(130)) - 07c4551c-5eaf-48e0-b21d-d7eec408612b: start 07c4551c-5eaf-48e0-b21d-d7eec408612b@group-D8195C25E6F5-LeaderElection41
2022-01-02 13:18:30,552 [07c4551c-5eaf-48e0-b21d-d7eec408612b@group-D8195C25E6F5-LeaderElection41] INFO  server.RaftServer$Division (ServerState.java:setLeader(285)) - 07c4551c-5eaf-48e0-b21d-d7eec408612b@group-D8195C25E6F5: change Leader from 666cbc02-cfaa-4937-bb27-8c807157e922 to null at term 7 for ELECTION
2022-01-02 13:18:30,556 [07c4551c-5eaf-48e0-b21d-d7eec408612b@group-D8195C25E6F5-LeaderElection41] INFO  impl.LeaderElection (LeaderElection.java:askForVotes(306)) - 07c4551c-5eaf-48e0-b21d-d7eec408612b@group-D8195C25E6F5-LeaderElection41 ELECTION round 0: submit vote requests at term 8 for 0: [07c4551c-5eaf-48e0-b21d-d7eec408612b|rpc:127.0.0.1:41023|dataStream:|priority:0, 07a6759e-563e-4423-80ed-ce00ebedab03|rpc:127.0.0.1:43531|dataStream:|priority:0, 666cbc02-cfaa-4937-bb27-8c807157e922|rpc:127.0.0.1:45001|dataStream:|priority:1], old=null
2022-01-02 13:18:30,578 [07c4551c-5eaf-48e0-b21d-d7eec408612b@group-D8195C25E6F5-LeaderElection41] INFO  impl.LeaderElection (LogUtils.java:infoOrTrace(137)) - 07c4551c-5eaf-48e0-b21d-d7eec408612b@group-D8195C25E6F5-LeaderElection41 got exception when requesting votes: java.util.concurrent.ExecutionException: org.apache.ratis.thirdparty.io.grpc.StatusRuntimeException: UNAVAILABLE: io exception
2022-01-02 13:18:30,581 [07c4551c-5eaf-48e0-b21d-d7eec408612b@group-D8195C25E6F5-LeaderElection41] INFO  impl.LeaderElection (LogUtils.java:infoOrTrace(137)) - 07c4551c-5eaf-48e0-b21d-d7eec408612b@group-D8195C25E6F5-LeaderElection41 got exception when requesting votes: java.util.concurrent.ExecutionException: org.apache.ratis.thirdparty.io.grpc.StatusRuntimeException: UNAVAILABLE: io exception
2022-01-02 13:18:30,582 [07c4551c-5eaf-48e0-b21d-d7eec408612b@group-D8195C25E6F5-LeaderElection41] INFO  impl.LeaderElection (LeaderElection.java:logAndReturn(89)) - 07c4551c-5eaf-48e0-b21d-d7eec408612b@group-D8195C25E6F5-LeaderElection41: ELECTION REJECTED received 0 response(s) and 2 exception(s):
2022-01-02 13:18:30,582 [07c4551c-5eaf-48e0-b21d-d7eec408612b@group-D8195C25E6F5-LeaderElection41] INFO  impl.LeaderElection (LogUtils.java:infoOrTrace(137)) -   Exception 0: java.util.concurrent.ExecutionException: org.apache.ratis.thirdparty.io.grpc.StatusRuntimeException: UNAVAILABLE: io exception
2022-01-02 13:18:30,582 [07c4551c-5eaf-48e0-b21d-d7eec408612b@group-D8195C25E6F5-LeaderElection41] INFO  impl.LeaderElection (LogUtils.java:infoOrTrace(137)) -   Exception 1: java.util.concurrent.ExecutionException: org.apache.ratis.thirdparty.io.grpc.StatusRuntimeException: UNAVAILABLE: io exception
2022-01-02 13:18:30,582 [07c4551c-5eaf-48e0-b21d-d7eec408612b@group-D8195C25E6F5-LeaderElection41] INFO  impl.LeaderElection (LeaderElection.java:askForVotes(308)) - 07c4551c-5eaf-48e0-b21d-d7eec408612b@group-D8195C25E6F5-LeaderElection41 ELECTION round 0: result REJECTED
2022-01-02 13:18:30,582 [07c4551c-5eaf-48e0-b21d-d7eec408612b@group-D8195C25E6F5-LeaderElection41] INFO  server.RaftServer$Division (RaftServerImpl.java:setRole(290)) - 07c4551c-5eaf-48e0-b21d-d7eec408612b@group-D8195C25E6F5: changes role from CANDIDATE to FOLLOWER at term 8 for REJECTED
2022-01-02 13:18:30,582 [07c4551c-5eaf-48e0-b21d-d7eec408612b@group-D8195C25E6F5-LeaderElection41] INFO  impl.RoleInfo (RoleInfo.java:shutdownLeaderElection(121)) - 07c4551c-5eaf-48e0-b21d-d7eec408612b: shutdown 07c4551c-5eaf-48e0-b21d-d7eec408612b@group-D8195C25E6F5-LeaderElection41
2022-01-02 13:18:30,582 [07c4551c-5eaf-48e0-b21d-d7eec408612b@group-D8195C25E6F5-LeaderElection41] INFO  impl.RoleInfo (RoleInfo.java:updateAndGet(130)) - 07c4551c-5eaf-48e0-b21d-d7eec408612b: start 07c4551c-5eaf-48e0-b21d-d7eec408612b@group-D8195C25E6F5-FollowerState
2022-01-02 13:18:30,730 [07c4551c-5eaf-48e0-b21d-d7eec408612b@group-FCC823D1752E-FollowerState] INFO  impl.FollowerState (FollowerState.java:run(134)) - 07c4551c-5eaf-48e0-b21d-d7eec408612b@group-FCC823D1752E-FollowerState: change to CANDIDATE, lastRpcElapsedTime:9978441060ns, electionTimeout:5145ms
2022-01-02 13:18:30,730 [07c4551c-5eaf-48e0-b21d-d7eec408612b@group-FCC823D1752E-FollowerState] INFO  impl.RoleInfo (RoleInfo.java:shutdownFollowerState(108)) - 07c4551c-5eaf-48e0-b21d-d7eec408612b: shutdown 07c4551c-5eaf-48e0-b21d-d7eec408612b@group-FCC823D1752E-FollowerState
2022-01-02 13:18:30,731 [07c4551c-5eaf-48e0-b21d-d7eec408612b@group-FCC823D1752E-FollowerState] INFO  server.RaftServer$Division (RaftServerImpl.java:setRole(290)) - 07c4551c-5eaf-48e0-b21d-d7eec408612b@group-FCC823D1752E: changes role from  FOLLOWER to CANDIDATE at term 8 for changeToCandidate
2022-01-02 13:18:30,731 [07c4551c-5eaf-48e0-b21d-d7eec408612b@group-FCC823D1752E-FollowerState] INFO  server.RaftServerConfigKeys (ConfUtils.java:logGet(44)) - raft.server.leaderelection.pre-vote = false (custom)
2022-01-02 13:18:30,731 [07c4551c-5eaf-48e0-b21d-d7eec408612b@group-FCC823D1752E-FollowerState] INFO  impl.RoleInfo (RoleInfo.java:updateAndGet(130)) - 07c4551c-5eaf-48e0-b21d-d7eec408612b: start 07c4551c-5eaf-48e0-b21d-d7eec408612b@group-FCC823D1752E-LeaderElection42
2022-01-02 13:18:30,732 [07c4551c-5eaf-48e0-b21d-d7eec408612b@group-FCC823D1752E-LeaderElection42] INFO  server.RaftServer$Division (ServerState.java:setLeader(285)) - 07c4551c-5eaf-48e0-b21d-d7eec408612b@group-FCC823D1752E: change Leader from 07a6759e-563e-4423-80ed-ce00ebedab03 to null at term 8 for ELECTION
2022-01-02 13:18:30,736 [07c4551c-5eaf-48e0-b21d-d7eec408612b@group-FCC823D1752E-LeaderElection42] INFO  impl.LeaderElection (LeaderElection.java:askForVotes(306)) - 07c4551c-5eaf-48e0-b21d-d7eec408612b@group-FCC823D1752E-LeaderElection42 ELECTION round 0: submit vote requests at term 9 for 0: [07c4551c-5eaf-48e0-b21d-d7eec408612b|rpc:127.0.0.1:41023|dataStream:|priority:0, 07a6759e-563e-4423-80ed-ce00ebedab03|rpc:127.0.0.1:43531|dataStream:|priority:1, 666cbc02-cfaa-4937-bb27-8c807157e922|rpc:127.0.0.1:45001|dataStream:|priority:0], old=null
2022-01-02 13:18:30,742 [07c4551c-5eaf-48e0-b21d-d7eec408612b@group-FCC823D1752E-LeaderElection42] INFO  impl.LeaderElection (LogUtils.java:infoOrTrace(137)) - 07c4551c-5eaf-48e0-b21d-d7eec408612b@group-FCC823D1752E-LeaderElection42 got exception when requesting votes: java.util.concurrent.ExecutionException: org.apache.ratis.thirdparty.io.grpc.StatusRuntimeException: UNAVAILABLE: io exception
2022-01-02 13:18:30,742 [07c4551c-5eaf-48e0-b21d-d7eec408612b@group-FCC823D1752E-LeaderElection42] INFO  impl.LeaderElection (LogUtils.java:infoOrTrace(137)) - 07c4551c-5eaf-48e0-b21d-d7eec408612b@group-FCC823D1752E-LeaderElection42 got exception when requesting votes: java.util.concurrent.ExecutionException: org.apache.ratis.thirdparty.io.grpc.StatusRuntimeException: UNAVAILABLE: io exception
2022-01-02 13:18:30,742 [07c4551c-5eaf-48e0-b21d-d7eec408612b@group-FCC823D1752E-LeaderElection42] INFO  impl.LeaderElection (LeaderElection.java:logAndReturn(89)) - 07c4551c-5eaf-48e0-b21d-d7eec408612b@group-FCC823D1752E-LeaderElection42: ELECTION REJECTED received 0 response(s) and 2 exception(s):
2022-01-02 13:18:30,742 [07c4551c-5eaf-48e0-b21d-d7eec408612b@group-FCC823D1752E-LeaderElection42] INFO  impl.LeaderElection (LogUtils.java:infoOrTrace(137)) -   Exception 0: java.util.concurrent.ExecutionException: org.apache.ratis.thirdparty.io.grpc.StatusRuntimeException: UNAVAILABLE: io exception
2022-01-02 13:18:30,742 [07c4551c-5eaf-48e0-b21d-d7eec408612b@group-FCC823D1752E-LeaderElection42] INFO  impl.LeaderElection (LogUtils.java:infoOrTrace(137)) -   Exception 1: java.util.concurrent.ExecutionException: org.apache.ratis.thirdparty.io.grpc.StatusRuntimeException: UNAVAILABLE: io exception
2022-01-02 13:18:30,742 [07c4551c-5eaf-48e0-b21d-d7eec408612b@group-FCC823D1752E-LeaderElection42] INFO  impl.LeaderElection (LeaderElection.java:askForVotes(308)) - 07c4551c-5eaf-48e0-b21d-d7eec408612b@group-FCC823D1752E-LeaderElection42 ELECTION round 0: result REJECTED
2022-01-02 13:18:30,742 [07c4551c-5eaf-48e0-b21d-d7eec408612b@group-FCC823D1752E-LeaderElection42] INFO  server.RaftServer$Division (RaftServerImpl.java:setRole(290)) - 07c4551c-5eaf-48e0-b21d-d7eec408612b@group-FCC823D1752E: changes role from CANDIDATE to FOLLOWER at term 9 for REJECTED
2022-01-02 13:18:30,742 [07c4551c-5eaf-48e0-b21d-d7eec408612b@group-FCC823D1752E-LeaderElection42] INFO  impl.RoleInfo (RoleInfo.java:shutdownLeaderElection(121)) - 07c4551c-5eaf-48e0-b21d-d7eec408612b: shutdown 07c4551c-5eaf-48e0-b21d-d7eec408612b@group-FCC823D1752E-LeaderElection42
2022-01-02 13:18:30,743 [07c4551c-5eaf-48e0-b21d-d7eec408612b@group-FCC823D1752E-LeaderElection42] INFO  impl.RoleInfo (RoleInfo.java:updateAndGet(130)) - 07c4551c-5eaf-48e0-b21d-d7eec408612b: start 07c4551c-5eaf-48e0-b21d-d7eec408612b@group-FCC823D1752E-FollowerState
2022-01-02 13:18:31,182 [EndpointStateMachine task thread for /127.0.0.1:14351 - 0 ] INFO  ipc.Client (Client.java:handleConnectionFailure(977)) - Retrying connect to server: localhost/127.0.0.1:14351. Already tried 12 time(s); retry policy is RetryUpToMaximumCountWithFixedSleep(maxRetries=15, sleepTime=1000 MILLISECONDS)
2022-01-02 13:18:31,182 [EndpointStateMachine task thread for /127.0.0.1:14361 - 0 ] INFO  ipc.Client (Client.java:handleConnectionFailure(977)) - Retrying connect to server: localhost/127.0.0.1:14361. Already tried 12 time(s); retry policy is RetryUpToMaximumCountWithFixedSleep(maxRetries=15, sleepTime=1000 MILLISECONDS)
2022-01-02 13:18:31,182 [EndpointStateMachine task thread for /127.0.0.1:14341 - 0 ] INFO  ipc.Client (Client.java:handleConnectionFailure(977)) - Retrying connect to server: localhost/127.0.0.1:14341. Already tried 14 time(s); retry policy is RetryUpToMaximumCountWithFixedSleep(maxRetries=15, sleepTime=1000 MILLISECONDS)
2022-01-02 13:18:31,183 [EndpointStateMachine task thread for /127.0.0.1:14341 - 0 ] WARN  statemachine.EndpointStateMachine (EndpointStateMachine.java:logIfNeeded(236)) - Unable to communicate to SCM server at localhost:14341 for past 0 seconds.
java.net.ConnectException: Call From fv-az195-8/10.1.0.22 to localhost:14341 failed on connection exception: java.net.ConnectException: Connection refused; For more details see:  http://wiki.apache.org/hadoop/ConnectionRefused
	at sun.reflect.GeneratedConstructorAccessor43.newInstance(Unknown Source)
	at sun.reflect.DelegatingConstructorAccessorImpl.newInstance(DelegatingConstructorAccessorImpl.java:45)
	at java.lang.reflect.Constructor.newInstance(Constructor.java:423)
	at org.apache.hadoop.net.NetUtils.wrapWithMessage(NetUtils.java:913)
	at org.apache.hadoop.net.NetUtils.wrapException(NetUtils.java:828)
	at org.apache.hadoop.ipc.Client.getRpcResponse(Client.java:1577)
	at org.apache.hadoop.ipc.Client.call(Client.java:1519)
	at org.apache.hadoop.ipc.Client.call(Client.java:1416)
	at org.apache.hadoop.ipc.ProtobufRpcEngine$Invoker.invoke(ProtobufRpcEngine.java:236)
	at org.apache.hadoop.ipc.ProtobufRpcEngine$Invoker.invoke(ProtobufRpcEngine.java:123)
	at com.sun.proxy.$Proxy48.submitRequest(Unknown Source)
	at org.apache.hadoop.ozone.protocolPB.StorageContainerDatanodeProtocolClientSideTranslatorPB.submitRequest(StorageContainerDatanodeProtocolClientSideTranslatorPB.java:117)
	at org.apache.hadoop.ozone.protocolPB.StorageContainerDatanodeProtocolClientSideTranslatorPB.sendHeartbeat(StorageContainerDatanodeProtocolClientSideTranslatorPB.java:149)
	at org.apache.hadoop.ozone.container.common.states.endpoint.HeartbeatEndpointTask.call(HeartbeatEndpointTask.java:179)
	at org.apache.hadoop.ozone.container.common.states.endpoint.HeartbeatEndpointTask.call(HeartbeatEndpointTask.java:82)
	at java.util.concurrent.FutureTask.run(FutureTask.java:266)
	at java.util.concurrent.ThreadPoolExecutor.runWorker(ThreadPoolExecutor.java:1149)
	at java.util.concurrent.ThreadPoolExecutor$Worker.run(ThreadPoolExecutor.java:624)
	at java.lang.Thread.run(Thread.java:748)
Caused by: java.net.ConnectException: Connection refused
	at sun.nio.ch.SocketChannelImpl.checkConnect(Native Method)
	at sun.nio.ch.SocketChannelImpl.finishConnect(SocketChannelImpl.java:716)
	at org.apache.hadoop.net.SocketIOWithTimeout.connect(SocketIOWithTimeout.java:206)
	at org.apache.hadoop.net.NetUtils.connect(NetUtils.java:586)
	at org.apache.hadoop.ipc.Client$Connection.setupConnection(Client.java:701)
	at org.apache.hadoop.ipc.Client$Connection.setupIOstreams(Client.java:822)
	at org.apache.hadoop.ipc.Client$Connection.access$3800(Client.java:414)
	at org.apache.hadoop.ipc.Client.getConnection(Client.java:1647)
	at org.apache.hadoop.ipc.Client.call(Client.java:1463)
	... 12 more
2022-01-02 13:18:31,228 [EndpointStateMachine task thread for /127.0.0.1:14995 - 0 ] INFO  ipc.Client (Client.java:handleConnectionFailure(977)) - Retrying connect to server: localhost/127.0.0.1:14995. Already tried 11 time(s); retry policy is RetryUpToMaximumCountWithFixedSleep(maxRetries=15, sleepTime=1000 MILLISECONDS)
2022-01-02 13:18:31,235 [EndpointStateMachine task thread for /127.0.0.1:15005 - 0 ] INFO  ipc.Client (Client.java:handleConnectionFailure(977)) - Retrying connect to server: localhost/127.0.0.1:15005. Already tried 14 time(s); retry policy is RetryUpToMaximumCountWithFixedSleep(maxRetries=15, sleepTime=1000 MILLISECONDS)
2022-01-02 13:18:31,259 [EndpointStateMachine task thread for /127.0.0.1:14985 - 0 ] INFO  ipc.Client (Client.java:handleConnectionFailure(977)) - Retrying connect to server: localhost/127.0.0.1:14985. Already tried 14 time(s); retry policy is RetryUpToMaximumCountWithFixedSleep(maxRetries=15, sleepTime=1000 MILLISECONDS)
2022-01-02 13:18:32,182 [EndpointStateMachine task thread for /127.0.0.1:14351 - 0 ] INFO  ipc.Client (Client.java:handleConnectionFailure(977)) - Retrying connect to server: localhost/127.0.0.1:14351. Already tried 13 time(s); retry policy is RetryUpToMaximumCountWithFixedSleep(maxRetries=15, sleepTime=1000 MILLISECONDS)
2022-01-02 13:18:32,183 [EndpointStateMachine task thread for /127.0.0.1:14361 - 0 ] INFO  ipc.Client (Client.java:handleConnectionFailure(977)) - Retrying connect to server: localhost/127.0.0.1:14361. Already tried 13 time(s); retry policy is RetryUpToMaximumCountWithFixedSleep(maxRetries=15, sleepTime=1000 MILLISECONDS)
2022-01-02 13:18:32,184 [EndpointStateMachine task thread for /127.0.0.1:14341 - 0 ] INFO  ipc.Client (Client.java:handleConnectionFailure(977)) - Retrying connect to server: localhost/127.0.0.1:14341. Already tried 0 time(s); retry policy is RetryUpToMaximumCountWithFixedSleep(maxRetries=15, sleepTime=1000 MILLISECONDS)
2022-01-02 13:18:32,228 [EndpointStateMachine task thread for /127.0.0.1:14995 - 0 ] INFO  ipc.Client (Client.java:handleConnectionFailure(977)) - Retrying connect to server: localhost/127.0.0.1:14995. Already tried 12 time(s); retry policy is RetryUpToMaximumCountWithFixedSleep(maxRetries=15, sleepTime=1000 MILLISECONDS)
2022-01-02 13:18:32,236 [EndpointStateMachine task thread for /127.0.0.1:15005 - 0 ] INFO  ipc.Client (Client.java:handleConnectionFailure(977)) - Retrying connect to server: localhost/127.0.0.1:15005. Already tried 0 time(s); retry policy is RetryUpToMaximumCountWithFixedSleep(maxRetries=15, sleepTime=1000 MILLISECONDS)
2022-01-02 13:18:32,260 [EndpointStateMachine task thread for /127.0.0.1:14985 - 0 ] INFO  ipc.Client (Client.java:handleConnectionFailure(977)) - Retrying connect to server: localhost/127.0.0.1:14985. Already tried 0 time(s); retry policy is RetryUpToMaximumCountWithFixedSleep(maxRetries=15, sleepTime=1000 MILLISECONDS)
2022-01-02 13:18:33,183 [EndpointStateMachine task thread for /127.0.0.1:14361 - 0 ] INFO  ipc.Client (Client.java:handleConnectionFailure(977)) - Retrying connect to server: localhost/127.0.0.1:14361. Already tried 14 time(s); retry policy is RetryUpToMaximumCountWithFixedSleep(maxRetries=15, sleepTime=1000 MILLISECONDS)
2022-01-02 13:18:33,184 [EndpointStateMachine task thread for /127.0.0.1:14361 - 0 ] WARN  statemachine.EndpointStateMachine (EndpointStateMachine.java:logIfNeeded(236)) - Unable to communicate to SCM server at localhost:14361 for past 0 seconds.
java.net.ConnectException: Call From fv-az195-8/10.1.0.22 to localhost:14361 failed on connection exception: java.net.ConnectException: Connection refused; For more details see:  http://wiki.apache.org/hadoop/ConnectionRefused
	at sun.reflect.GeneratedConstructorAccessor43.newInstance(Unknown Source)
	at sun.reflect.DelegatingConstructorAccessorImpl.newInstance(DelegatingConstructorAccessorImpl.java:45)
	at java.lang.reflect.Constructor.newInstance(Constructor.java:423)
	at org.apache.hadoop.net.NetUtils.wrapWithMessage(NetUtils.java:913)
	at org.apache.hadoop.net.NetUtils.wrapException(NetUtils.java:828)
	at org.apache.hadoop.ipc.Client.getRpcResponse(Client.java:1577)
	at org.apache.hadoop.ipc.Client.call(Client.java:1519)
	at org.apache.hadoop.ipc.Client.call(Client.java:1416)
	at org.apache.hadoop.ipc.ProtobufRpcEngine$Invoker.invoke(ProtobufRpcEngine.java:236)
	at org.apache.hadoop.ipc.ProtobufRpcEngine$Invoker.invoke(ProtobufRpcEngine.java:123)
	at com.sun.proxy.$Proxy48.submitRequest(Unknown Source)
	at org.apache.hadoop.ozone.protocolPB.StorageContainerDatanodeProtocolClientSideTranslatorPB.submitRequest(StorageContainerDatanodeProtocolClientSideTranslatorPB.java:117)
	at org.apache.hadoop.ozone.protocolPB.StorageContainerDatanodeProtocolClientSideTranslatorPB.sendHeartbeat(StorageContainerDatanodeProtocolClientSideTranslatorPB.java:149)
	at org.apache.hadoop.ozone.container.common.states.endpoint.HeartbeatEndpointTask.call(HeartbeatEndpointTask.java:179)
	at org.apache.hadoop.ozone.container.common.states.endpoint.HeartbeatEndpointTask.call(HeartbeatEndpointTask.java:82)
	at java.util.concurrent.FutureTask.run(FutureTask.java:266)
	at java.util.concurrent.ThreadPoolExecutor.runWorker(ThreadPoolExecutor.java:1149)
	at java.util.concurrent.ThreadPoolExecutor$Worker.run(ThreadPoolExecutor.java:624)
	at java.lang.Thread.run(Thread.java:748)
Caused by: java.net.ConnectException: Connection refused
	at sun.nio.ch.SocketChannelImpl.checkConnect(Native Method)
	at sun.nio.ch.SocketChannelImpl.finishConnect(SocketChannelImpl.java:716)
	at org.apache.hadoop.net.SocketIOWithTimeout.connect(SocketIOWithTimeout.java:206)
	at org.apache.hadoop.net.NetUtils.connect(NetUtils.java:586)
	at org.apache.hadoop.ipc.Client$Connection.setupConnection(Client.java:701)
	at org.apache.hadoop.ipc.Client$Connection.setupIOstreams(Client.java:822)
	at org.apache.hadoop.ipc.Client$Connection.access$3800(Client.java:414)
	at org.apache.hadoop.ipc.Client.getConnection(Client.java:1647)
	at org.apache.hadoop.ipc.Client.call(Client.java:1463)
	... 12 more
2022-01-02 13:18:33,185 [EndpointStateMachine task thread for /127.0.0.1:14351 - 0 ] INFO  ipc.Client (Client.java:handleConnectionFailure(977)) - Retrying connect to server: localhost/127.0.0.1:14351. Already tried 14 time(s); retry policy is RetryUpToMaximumCountWithFixedSleep(maxRetries=15, sleepTime=1000 MILLISECONDS)
2022-01-02 13:18:33,185 [EndpointStateMachine task thread for /127.0.0.1:14351 - 0 ] WARN  statemachine.EndpointStateMachine (EndpointStateMachine.java:logIfNeeded(236)) - Unable to communicate to SCM server at localhost:14351 for past 0 seconds.
java.net.ConnectException: Call From fv-az195-8/10.1.0.22 to localhost:14351 failed on connection exception: java.net.ConnectException: Connection refused; For more details see:  http://wiki.apache.org/hadoop/ConnectionRefused
	at sun.reflect.GeneratedConstructorAccessor43.newInstance(Unknown Source)
	at sun.reflect.DelegatingConstructorAccessorImpl.newInstance(DelegatingConstructorAccessorImpl.java:45)
	at java.lang.reflect.Constructor.newInstance(Constructor.java:423)
	at org.apache.hadoop.net.NetUtils.wrapWithMessage(NetUtils.java:913)
	at org.apache.hadoop.net.NetUtils.wrapException(NetUtils.java:828)
	at org.apache.hadoop.ipc.Client.getRpcResponse(Client.java:1577)
	at org.apache.hadoop.ipc.Client.call(Client.java:1519)
	at org.apache.hadoop.ipc.Client.call(Client.java:1416)
	at org.apache.hadoop.ipc.ProtobufRpcEngine$Invoker.invoke(ProtobufRpcEngine.java:236)
	at org.apache.hadoop.ipc.ProtobufRpcEngine$Invoker.invoke(ProtobufRpcEngine.java:123)
	at com.sun.proxy.$Proxy48.submitRequest(Unknown Source)
	at org.apache.hadoop.ozone.protocolPB.StorageContainerDatanodeProtocolClientSideTranslatorPB.submitRequest(StorageContainerDatanodeProtocolClientSideTranslatorPB.java:117)
	at org.apache.hadoop.ozone.protocolPB.StorageContainerDatanodeProtocolClientSideTranslatorPB.sendHeartbeat(StorageContainerDatanodeProtocolClientSideTranslatorPB.java:149)
	at org.apache.hadoop.ozone.container.common.states.endpoint.HeartbeatEndpointTask.call(HeartbeatEndpointTask.java:179)
	at org.apache.hadoop.ozone.container.common.states.endpoint.HeartbeatEndpointTask.call(HeartbeatEndpointTask.java:82)
	at java.util.concurrent.FutureTask.run(FutureTask.java:266)
	at java.util.concurrent.ThreadPoolExecutor.runWorker(ThreadPoolExecutor.java:1149)
	at java.util.concurrent.ThreadPoolExecutor$Worker.run(ThreadPoolExecutor.java:624)
	at java.lang.Thread.run(Thread.java:748)
Caused by: java.net.ConnectException: Connection refused
	at sun.nio.ch.SocketChannelImpl.checkConnect(Native Method)
	at sun.nio.ch.SocketChannelImpl.finishConnect(SocketChannelImpl.java:716)
	at org.apache.hadoop.net.SocketIOWithTimeout.connect(SocketIOWithTimeout.java:206)
	at org.apache.hadoop.net.NetUtils.connect(NetUtils.java:586)
	at org.apache.hadoop.ipc.Client$Connection.setupConnection(Client.java:701)
	at org.apache.hadoop.ipc.Client$Connection.setupIOstreams(Client.java:822)
	at org.apache.hadoop.ipc.Client$Connection.access$3800(Client.java:414)
	at org.apache.hadoop.ipc.Client.getConnection(Client.java:1647)
	at org.apache.hadoop.ipc.Client.call(Client.java:1463)
	... 12 more
2022-01-02 13:18:33,185 [EndpointStateMachine task thread for /127.0.0.1:14341 - 0 ] INFO  ipc.Client (Client.java:handleConnectionFailure(977)) - Retrying connect to server: localhost/127.0.0.1:14341. Already tried 1 time(s); retry policy is RetryUpToMaximumCountWithFixedSleep(maxRetries=15, sleepTime=1000 MILLISECONDS)
2022-01-02 13:18:33,228 [EndpointStateMachine task thread for /127.0.0.1:14995 - 0 ] INFO  ipc.Client (Client.java:handleConnectionFailure(977)) - Retrying connect to server: localhost/127.0.0.1:14995. Already tried 13 time(s); retry policy is RetryUpToMaximumCountWithFixedSleep(maxRetries=15, sleepTime=1000 MILLISECONDS)
2022-01-02 13:18:33,236 [EndpointStateMachine task thread for /127.0.0.1:15005 - 0 ] INFO  ipc.Client (Client.java:handleConnectionFailure(977)) - Retrying connect to server: localhost/127.0.0.1:15005. Already tried 1 time(s); retry policy is RetryUpToMaximumCountWithFixedSleep(maxRetries=15, sleepTime=1000 MILLISECONDS)
2022-01-02 13:18:33,244 [ForkJoinPool.commonPool-worker-1] INFO  ozoneimpl.OzoneContainer (OzoneContainer.java:stop(336)) - Attempting to stop container services.
2022-01-02 13:18:33,245 [ForkJoinPool.commonPool-worker-1] INFO  server.RaftServer (RaftServerProxy.java:lambda$close$6(391)) - 07c4551c-5eaf-48e0-b21d-d7eec408612b: close
2022-01-02 13:18:33,245 [ForkJoinPool.commonPool-worker-1] INFO  server.RaftServer$Division (RaftServerImpl.java:lambda$close$4(412)) - 07c4551c-5eaf-48e0-b21d-d7eec408612b@group-FCC823D1752E: shutdown
2022-01-02 13:18:33,246 [ForkJoinPool.commonPool-worker-1] INFO  util.JmxRegister (JmxRegister.java:unregister(73)) - Successfully un-registered JMX Bean with object name Ratis:service=RaftServer,group=group-FCC823D1752E,id=07c4551c-5eaf-48e0-b21d-d7eec408612b
2022-01-02 13:18:33,246 [ForkJoinPool.commonPool-worker-1] INFO  impl.RoleInfo (RoleInfo.java:shutdownFollowerState(108)) - 07c4551c-5eaf-48e0-b21d-d7eec408612b: shutdown 07c4551c-5eaf-48e0-b21d-d7eec408612b@group-FCC823D1752E-FollowerState
2022-01-02 13:18:33,246 [ForkJoinPool.commonPool-worker-1] INFO  impl.StateMachineUpdater (StateMachineUpdater.java:stopAndJoin(149)) - 07c4551c-5eaf-48e0-b21d-d7eec408612b@group-FCC823D1752E-StateMachineUpdater: set stopIndex = 0
2022-01-02 13:18:33,246 [07c4551c-5eaf-48e0-b21d-d7eec408612b@group-FCC823D1752E-StateMachineUpdater] INFO  ratis.ContainerStateMachine (ContainerStateMachine.java:takeSnapshot(299)) - group-FCC823D1752E: Taking a snapshot at:(t:8, i:0) file /home/runner/work/ozone/ozone/hadoop-ozone/integration-test/target/test-dir/MiniOzoneClusterImpl-c1c80f75-2e15-44e6-8b98-5d8eb23efd07/datanode-2/data/ratis/b207d06a-988f-4864-b344-fcc823d1752e/sm/snapshot.8_0
2022-01-02 13:18:33,246 [07c4551c-5eaf-48e0-b21d-d7eec408612b@group-FCC823D1752E-FollowerState] INFO  impl.FollowerState (FollowerState.java:run(143)) - 07c4551c-5eaf-48e0-b21d-d7eec408612b@group-FCC823D1752E-FollowerState was interrupted: {}
java.lang.InterruptedException: sleep interrupted
	at java.lang.Thread.sleep(Native Method)
	at java.lang.Thread.sleep(Thread.java:340)
	at java.util.concurrent.TimeUnit.sleep(TimeUnit.java:386)
	at org.apache.ratis.util.TimeDuration.sleep(TimeDuration.java:324)
	at org.apache.ratis.util.TimeDuration.sleep(TimeDuration.java:309)
	at org.apache.ratis.server.impl.FollowerState.run(FollowerState.java:118)
2022-01-02 13:18:33,247 [07c4551c-5eaf-48e0-b21d-d7eec408612b@group-FCC823D1752E-StateMachineUpdater] INFO  ratis.ContainerStateMachine (ContainerStateMachine.java:takeSnapshot(310)) - group-FCC823D1752E: Finished taking a snapshot at:(t:8, i:0) file:/home/runner/work/ozone/ozone/hadoop-ozone/integration-test/target/test-dir/MiniOzoneClusterImpl-c1c80f75-2e15-44e6-8b98-5d8eb23efd07/datanode-2/data/ratis/b207d06a-988f-4864-b344-fcc823d1752e/sm/snapshot.8_0 took: 1 ms
2022-01-02 13:18:33,248 [07c4551c-5eaf-48e0-b21d-d7eec408612b@group-FCC823D1752E-StateMachineUpdater] INFO  impl.StateMachineUpdater (StateMachineUpdater.java:takeSnapshot(281)) - 07c4551c-5eaf-48e0-b21d-d7eec408612b@group-FCC823D1752E-StateMachineUpdater: Took a snapshot at index 0
2022-01-02 13:18:33,248 [07c4551c-5eaf-48e0-b21d-d7eec408612b@group-FCC823D1752E-StateMachineUpdater] INFO  impl.StateMachineUpdater (StateMachineUpdater.java:lambda$new$0(89)) - 07c4551c-5eaf-48e0-b21d-d7eec408612b@group-FCC823D1752E-StateMachineUpdater: snapshotIndex: updateIncreasingly -1 -> 0
2022-01-02 13:18:33,253 [ForkJoinPool.commonPool-worker-1] INFO  server.RaftServer$Division (ServerState.java:close(419)) - 07c4551c-5eaf-48e0-b21d-d7eec408612b@group-FCC823D1752E: closes. applyIndex: 0
2022-01-02 13:18:33,253 [07c4551c-5eaf-48e0-b21d-d7eec408612b@group-FCC823D1752E-SegmentedRaftLogWorker] INFO  segmented.SegmentedRaftLogWorker (SegmentedRaftLogWorker.java:run(327)) - 07c4551c-5eaf-48e0-b21d-d7eec408612b@group-FCC823D1752E-SegmentedRaftLogWorker was interrupted, exiting. There are 0 tasks remaining in the queue.
2022-01-02 13:18:33,254 [ForkJoinPool.commonPool-worker-1] INFO  segmented.SegmentedRaftLogWorker (SegmentedRaftLogWorker.java:close(237)) - 07c4551c-5eaf-48e0-b21d-d7eec408612b@group-FCC823D1752E-SegmentedRaftLogWorker close()
2022-01-02 13:18:33,254 [ForkJoinPool.commonPool-worker-1] INFO  server.RaftServer$Division (RaftServerImpl.java:lambda$close$4(412)) - 07c4551c-5eaf-48e0-b21d-d7eec408612b@group-6AA82452E0E3: shutdown
2022-01-02 13:18:33,254 [ForkJoinPool.commonPool-worker-1] INFO  util.JmxRegister (JmxRegister.java:unregister(73)) - Successfully un-registered JMX Bean with object name Ratis:service=RaftServer,group=group-6AA82452E0E3,id=07c4551c-5eaf-48e0-b21d-d7eec408612b
2022-01-02 13:18:33,254 [ForkJoinPool.commonPool-worker-1] INFO  impl.RoleInfo (RoleInfo.java:shutdownLeaderState(91)) - 07c4551c-5eaf-48e0-b21d-d7eec408612b: shutdown 07c4551c-5eaf-48e0-b21d-d7eec408612b@group-6AA82452E0E3-LeaderStateImpl
2022-01-02 13:18:33,254 [ForkJoinPool.commonPool-worker-1] INFO  impl.PendingRequests (PendingRequests.java:sendNotLeaderResponses(282)) - 07c4551c-5eaf-48e0-b21d-d7eec408612b@group-6AA82452E0E3-PendingRequests: sendNotLeaderResponses
2022-01-02 13:18:33,256 [07c4551c-5eaf-48e0-b21d-d7eec408612b@group-6AA82452E0E3-StateMachineUpdater] INFO  ratis.ContainerStateMachine (ContainerStateMachine.java:takeSnapshot(299)) - group-6AA82452E0E3: Taking a snapshot at:(t:1, i:0) file /home/runner/work/ozone/ozone/hadoop-ozone/integration-test/target/test-dir/MiniOzoneClusterImpl-c1c80f75-2e15-44e6-8b98-5d8eb23efd07/datanode-2/data/ratis/727bad7e-590b-43b2-a04d-6aa82452e0e3/sm/snapshot.1_0
2022-01-02 13:18:33,256 [ForkJoinPool.commonPool-worker-1] INFO  impl.StateMachineUpdater (StateMachineUpdater.java:stopAndJoin(149)) - 07c4551c-5eaf-48e0-b21d-d7eec408612b@group-6AA82452E0E3-StateMachineUpdater: set stopIndex = 0
2022-01-02 13:18:33,257 [07c4551c-5eaf-48e0-b21d-d7eec408612b@group-6AA82452E0E3-StateMachineUpdater] INFO  ratis.ContainerStateMachine (ContainerStateMachine.java:takeSnapshot(310)) - group-6AA82452E0E3: Finished taking a snapshot at:(t:1, i:0) file:/home/runner/work/ozone/ozone/hadoop-ozone/integration-test/target/test-dir/MiniOzoneClusterImpl-c1c80f75-2e15-44e6-8b98-5d8eb23efd07/datanode-2/data/ratis/727bad7e-590b-43b2-a04d-6aa82452e0e3/sm/snapshot.1_0 took: 0 ms
2022-01-02 13:18:33,257 [07c4551c-5eaf-48e0-b21d-d7eec408612b@group-6AA82452E0E3-StateMachineUpdater] INFO  impl.StateMachineUpdater (StateMachineUpdater.java:takeSnapshot(281)) - 07c4551c-5eaf-48e0-b21d-d7eec408612b@group-6AA82452E0E3-StateMachineUpdater: Took a snapshot at index 0
2022-01-02 13:18:33,257 [07c4551c-5eaf-48e0-b21d-d7eec408612b@group-6AA82452E0E3-StateMachineUpdater] INFO  impl.StateMachineUpdater (StateMachineUpdater.java:lambda$new$0(89)) - 07c4551c-5eaf-48e0-b21d-d7eec408612b@group-6AA82452E0E3-StateMachineUpdater: snapshotIndex: updateIncreasingly -1 -> 0
2022-01-02 13:18:33,257 [ForkJoinPool.commonPool-worker-1] INFO  server.RaftServer$Division (ServerState.java:close(419)) - 07c4551c-5eaf-48e0-b21d-d7eec408612b@group-6AA82452E0E3: closes. applyIndex: 0
2022-01-02 13:18:33,257 [07c4551c-5eaf-48e0-b21d-d7eec408612b@group-6AA82452E0E3-SegmentedRaftLogWorker] INFO  segmented.SegmentedRaftLogWorker (SegmentedRaftLogWorker.java:run(327)) - 07c4551c-5eaf-48e0-b21d-d7eec408612b@group-6AA82452E0E3-SegmentedRaftLogWorker was interrupted, exiting. There are 0 tasks remaining in the queue.
2022-01-02 13:18:33,257 [ForkJoinPool.commonPool-worker-1] INFO  segmented.SegmentedRaftLogWorker (SegmentedRaftLogWorker.java:close(237)) - 07c4551c-5eaf-48e0-b21d-d7eec408612b@group-6AA82452E0E3-SegmentedRaftLogWorker close()
2022-01-02 13:18:33,258 [ForkJoinPool.commonPool-worker-1] INFO  server.RaftServer$Division (RaftServerImpl.java:lambda$close$4(412)) - 07c4551c-5eaf-48e0-b21d-d7eec408612b@group-D8195C25E6F5: shutdown
2022-01-02 13:18:33,258 [ForkJoinPool.commonPool-worker-1] INFO  util.JmxRegister (JmxRegister.java:unregister(73)) - Successfully un-registered JMX Bean with object name Ratis:service=RaftServer,group=group-D8195C25E6F5,id=07c4551c-5eaf-48e0-b21d-d7eec408612b
2022-01-02 13:18:33,258 [ForkJoinPool.commonPool-worker-1] INFO  impl.RoleInfo (RoleInfo.java:shutdownFollowerState(108)) - 07c4551c-5eaf-48e0-b21d-d7eec408612b: shutdown 07c4551c-5eaf-48e0-b21d-d7eec408612b@group-D8195C25E6F5-FollowerState
2022-01-02 13:18:33,258 [ForkJoinPool.commonPool-worker-1] INFO  impl.StateMachineUpdater (StateMachineUpdater.java:stopAndJoin(149)) - 07c4551c-5eaf-48e0-b21d-d7eec408612b@group-D8195C25E6F5-StateMachineUpdater: set stopIndex = 0
2022-01-02 13:18:33,260 [EndpointStateMachine task thread for /127.0.0.1:14985 - 0 ] INFO  ipc.Client (Client.java:handleConnectionFailure(977)) - Retrying connect to server: localhost/127.0.0.1:14985. Already tried 1 time(s); retry policy is RetryUpToMaximumCountWithFixedSleep(maxRetries=15, sleepTime=1000 MILLISECONDS)
2022-01-02 13:18:33,260 [07c4551c-5eaf-48e0-b21d-d7eec408612b@group-D8195C25E6F5-FollowerState] INFO  impl.FollowerState (FollowerState.java:run(143)) - 07c4551c-5eaf-48e0-b21d-d7eec408612b@group-D8195C25E6F5-FollowerState was interrupted: {}
java.lang.InterruptedException: sleep interrupted
	at java.lang.Thread.sleep(Native Method)
	at java.lang.Thread.sleep(Thread.java:340)
	at java.util.concurrent.TimeUnit.sleep(TimeUnit.java:386)
	at org.apache.ratis.util.TimeDuration.sleep(TimeDuration.java:324)
	at org.apache.ratis.util.TimeDuration.sleep(TimeDuration.java:309)
	at org.apache.ratis.server.impl.FollowerState.run(FollowerState.java:118)
2022-01-02 13:18:33,261 [07c4551c-5eaf-48e0-b21d-d7eec408612b@group-D8195C25E6F5-StateMachineUpdater] INFO  ratis.ContainerStateMachine (ContainerStateMachine.java:takeSnapshot(299)) - group-D8195C25E6F5: Taking a snapshot at:(t:7, i:0) file /home/runner/work/ozone/ozone/hadoop-ozone/integration-test/target/test-dir/MiniOzoneClusterImpl-c1c80f75-2e15-44e6-8b98-5d8eb23efd07/datanode-2/data/ratis/31dd3078-2fb2-42a8-b0c9-d8195c25e6f5/sm/snapshot.7_0
2022-01-02 13:18:33,261 [07c4551c-5eaf-48e0-b21d-d7eec408612b@group-D8195C25E6F5-StateMachineUpdater] INFO  ratis.ContainerStateMachine (ContainerStateMachine.java:takeSnapshot(310)) - group-D8195C25E6F5: Finished taking a snapshot at:(t:7, i:0) file:/home/runner/work/ozone/ozone/hadoop-ozone/integration-test/target/test-dir/MiniOzoneClusterImpl-c1c80f75-2e15-44e6-8b98-5d8eb23efd07/datanode-2/data/ratis/31dd3078-2fb2-42a8-b0c9-d8195c25e6f5/sm/snapshot.7_0 took: 1 ms
2022-01-02 13:18:33,262 [07c4551c-5eaf-48e0-b21d-d7eec408612b@group-D8195C25E6F5-StateMachineUpdater] INFO  impl.StateMachineUpdater (StateMachineUpdater.java:takeSnapshot(281)) - 07c4551c-5eaf-48e0-b21d-d7eec408612b@group-D8195C25E6F5-StateMachineUpdater: Took a snapshot at index 0
2022-01-02 13:18:33,262 [07c4551c-5eaf-48e0-b21d-d7eec408612b@group-D8195C25E6F5-StateMachineUpdater] INFO  impl.StateMachineUpdater (StateMachineUpdater.java:lambda$new$0(89)) - 07c4551c-5eaf-48e0-b21d-d7eec408612b@group-D8195C25E6F5-StateMachineUpdater: snapshotIndex: updateIncreasingly -1 -> 0
2022-01-02 13:18:33,262 [ForkJoinPool.commonPool-worker-1] INFO  server.RaftServer$Division (ServerState.java:close(419)) - 07c4551c-5eaf-48e0-b21d-d7eec408612b@group-D8195C25E6F5: closes. applyIndex: 0
2022-01-02 13:18:33,262 [07c4551c-5eaf-48e0-b21d-d7eec408612b@group-D8195C25E6F5-SegmentedRaftLogWorker] INFO  segmented.SegmentedRaftLogWorker (SegmentedRaftLogWorker.java:run(327)) - 07c4551c-5eaf-48e0-b21d-d7eec408612b@group-D8195C25E6F5-SegmentedRaftLogWorker was interrupted, exiting. There are 0 tasks remaining in the queue.
2022-01-02 13:18:33,262 [ForkJoinPool.commonPool-worker-1] INFO  segmented.SegmentedRaftLogWorker (SegmentedRaftLogWorker.java:close(237)) - 07c4551c-5eaf-48e0-b21d-d7eec408612b@group-D8195C25E6F5-SegmentedRaftLogWorker close()
2022-01-02 13:18:33,262 [ForkJoinPool.commonPool-worker-1] INFO  server.GrpcService (GrpcService.java:closeImpl(262)) - 07c4551c-5eaf-48e0-b21d-d7eec408612b: shutdown server with port 41023 now
2022-01-02 13:18:33,263 [ForkJoinPool.commonPool-worker-1] INFO  server.GrpcService (GrpcService.java:closeImpl(271)) - 07c4551c-5eaf-48e0-b21d-d7eec408612b: shutdown server with port 41023 successfully
2022-01-02 13:18:33,264 [org.apache.ratis.util.JvmPauseMonitor$$Lambda$499/1697441364@3ad5fd7d] INFO  util.JvmPauseMonitor (JvmPauseMonitor.java:run(109)) - JvmPauseMonitor-07c4551c-5eaf-48e0-b21d-d7eec408612b: Stopped
2022-01-02 13:18:34,185 [EndpointStateMachine task thread for /127.0.0.1:14361 - 0 ] INFO  ipc.Client (Client.java:handleConnectionFailure(977)) - Retrying connect to server: localhost/127.0.0.1:14361. Already tried 0 time(s); retry policy is RetryUpToMaximumCountWithFixedSleep(maxRetries=15, sleepTime=1000 MILLISECONDS)
2022-01-02 13:18:34,186 [EndpointStateMachine task thread for /127.0.0.1:14351 - 0 ] INFO  ipc.Client (Client.java:handleConnectionFailure(977)) - Retrying connect to server: localhost/127.0.0.1:14351. Already tried 0 time(s); retry policy is RetryUpToMaximumCountWithFixedSleep(maxRetries=15, sleepTime=1000 MILLISECONDS)
2022-01-02 13:18:34,186 [EndpointStateMachine task thread for /127.0.0.1:14341 - 0 ] INFO  ipc.Client (Client.java:handleConnectionFailure(977)) - Retrying connect to server: localhost/127.0.0.1:14341. Already tried 2 time(s); retry policy is RetryUpToMaximumCountWithFixedSleep(maxRetries=15, sleepTime=1000 MILLISECONDS)
2022-01-02 13:18:34,229 [EndpointStateMachine task thread for /127.0.0.1:14995 - 0 ] INFO  ipc.Client (Client.java:handleConnectionFailure(977)) - Retrying connect to server: localhost/127.0.0.1:14995. Already tried 14 time(s); retry policy is RetryUpToMaximumCountWithFixedSleep(maxRetries=15, sleepTime=1000 MILLISECONDS)
2022-01-02 13:18:34,236 [EndpointStateMachine task thread for /127.0.0.1:15005 - 0 ] INFO  ipc.Client (Client.java:handleConnectionFailure(977)) - Retrying connect to server: localhost/127.0.0.1:15005. Already tried 2 time(s); retry policy is RetryUpToMaximumCountWithFixedSleep(maxRetries=15, sleepTime=1000 MILLISECONDS)
2022-01-02 13:18:34,261 [EndpointStateMachine task thread for /127.0.0.1:14985 - 0 ] INFO  ipc.Client (Client.java:handleConnectionFailure(977)) - Retrying connect to server: localhost/127.0.0.1:14985. Already tried 2 time(s); retry policy is RetryUpToMaximumCountWithFixedSleep(maxRetries=15, sleepTime=1000 MILLISECONDS)
2022-01-02 13:18:35,185 [EndpointStateMachine task thread for /127.0.0.1:14361 - 0 ] INFO  ipc.Client (Client.java:handleConnectionFailure(977)) - Retrying connect to server: localhost/127.0.0.1:14361. Already tried 1 time(s); retry policy is RetryUpToMaximumCountWithFixedSleep(maxRetries=15, sleepTime=1000 MILLISECONDS)
2022-01-02 13:18:35,188 [EndpointStateMachine task thread for /127.0.0.1:14351 - 0 ] INFO  ipc.Client (Client.java:handleConnectionFailure(977)) - Retrying connect to server: localhost/127.0.0.1:14351. Already tried 1 time(s); retry policy is RetryUpToMaximumCountWithFixedSleep(maxRetries=15, sleepTime=1000 MILLISECONDS)
2022-01-02 13:18:35,188 [EndpointStateMachine task thread for /127.0.0.1:14341 - 0 ] INFO  ipc.Client (Client.java:handleConnectionFailure(977)) - Retrying connect to server: localhost/127.0.0.1:14341. Already tried 3 time(s); retry policy is RetryUpToMaximumCountWithFixedSleep(maxRetries=15, sleepTime=1000 MILLISECONDS)
2022-01-02 13:18:35,230 [EndpointStateMachine task thread for /127.0.0.1:14995 - 0 ] INFO  ipc.Client (Client.java:handleConnectionFailure(977)) - Retrying connect to server: localhost/127.0.0.1:14995. Already tried 0 time(s); retry policy is RetryUpToMaximumCountWithFixedSleep(maxRetries=15, sleepTime=1000 MILLISECONDS)
2022-01-02 13:18:35,237 [EndpointStateMachine task thread for /127.0.0.1:15005 - 0 ] INFO  ipc.Client (Client.java:handleConnectionFailure(977)) - Retrying connect to server: localhost/127.0.0.1:15005. Already tried 3 time(s); retry policy is RetryUpToMaximumCountWithFixedSleep(maxRetries=15, sleepTime=1000 MILLISECONDS)
2022-01-02 13:18:35,261 [EndpointStateMachine task thread for /127.0.0.1:14985 - 0 ] INFO  ipc.Client (Client.java:handleConnectionFailure(977)) - Retrying connect to server: localhost/127.0.0.1:14985. Already tried 3 time(s); retry policy is RetryUpToMaximumCountWithFixedSleep(maxRetries=15, sleepTime=1000 MILLISECONDS)
2022-01-02 13:18:35,278 [ForkJoinPool.commonPool-worker-1] INFO  utils.BackgroundService (BackgroundService.java:shutdown(132)) - Shutting down service BlockDeletingService
2022-01-02 13:18:36,186 [EndpointStateMachine task thread for /127.0.0.1:14361 - 0 ] INFO  ipc.Client (Client.java:handleConnectionFailure(977)) - Retrying connect to server: localhost/127.0.0.1:14361. Already tried 2 time(s); retry policy is RetryUpToMaximumCountWithFixedSleep(maxRetries=15, sleepTime=1000 MILLISECONDS)
2022-01-02 13:18:36,188 [EndpointStateMachine task thread for /127.0.0.1:14351 - 0 ] INFO  ipc.Client (Client.java:handleConnectionFailure(977)) - Retrying connect to server: localhost/127.0.0.1:14351. Already tried 2 time(s); retry policy is RetryUpToMaximumCountWithFixedSleep(maxRetries=15, sleepTime=1000 MILLISECONDS)
2022-01-02 13:18:36,188 [EndpointStateMachine task thread for /127.0.0.1:14341 - 0 ] INFO  ipc.Client (Client.java:handleConnectionFailure(977)) - Retrying connect to server: localhost/127.0.0.1:14341. Already tried 4 time(s); retry policy is RetryUpToMaximumCountWithFixedSleep(maxRetries=15, sleepTime=1000 MILLISECONDS)
2022-01-02 13:18:36,230 [EndpointStateMachine task thread for /127.0.0.1:14995 - 0 ] INFO  ipc.Client (Client.java:handleConnectionFailure(977)) - Retrying connect to server: localhost/127.0.0.1:14995. Already tried 1 time(s); retry policy is RetryUpToMaximumCountWithFixedSleep(maxRetries=15, sleepTime=1000 MILLISECONDS)
2022-01-02 13:18:36,237 [EndpointStateMachine task thread for /127.0.0.1:15005 - 0 ] INFO  ipc.Client (Client.java:handleConnectionFailure(977)) - Retrying connect to server: localhost/127.0.0.1:15005. Already tried 4 time(s); retry policy is RetryUpToMaximumCountWithFixedSleep(maxRetries=15, sleepTime=1000 MILLISECONDS)
2022-01-02 13:18:36,262 [EndpointStateMachine task thread for /127.0.0.1:14985 - 0 ] INFO  ipc.Client (Client.java:handleConnectionFailure(977)) - Retrying connect to server: localhost/127.0.0.1:14985. Already tried 4 time(s); retry policy is RetryUpToMaximumCountWithFixedSleep(maxRetries=15, sleepTime=1000 MILLISECONDS)
2022-01-02 13:18:37,187 [EndpointStateMachine task thread for /127.0.0.1:14361 - 0 ] INFO  ipc.Client (Client.java:handleConnectionFailure(977)) - Retrying connect to server: localhost/127.0.0.1:14361. Already tried 3 time(s); retry policy is RetryUpToMaximumCountWithFixedSleep(maxRetries=15, sleepTime=1000 MILLISECONDS)
2022-01-02 13:18:37,188 [EndpointStateMachine task thread for /127.0.0.1:14351 - 0 ] INFO  ipc.Client (Client.java:handleConnectionFailure(977)) - Retrying connect to server: localhost/127.0.0.1:14351. Already tried 3 time(s); retry policy is RetryUpToMaximumCountWithFixedSleep(maxRetries=15, sleepTime=1000 MILLISECONDS)
2022-01-02 13:18:37,189 [EndpointStateMachine task thread for /127.0.0.1:14341 - 0 ] INFO  ipc.Client (Client.java:handleConnectionFailure(977)) - Retrying connect to server: localhost/127.0.0.1:14341. Already tried 5 time(s); retry policy is RetryUpToMaximumCountWithFixedSleep(maxRetries=15, sleepTime=1000 MILLISECONDS)
2022-01-02 13:18:37,230 [EndpointStateMachine task thread for /127.0.0.1:14995 - 0 ] INFO  ipc.Client (Client.java:handleConnectionFailure(977)) - Retrying connect to server: localhost/127.0.0.1:14995. Already tried 2 time(s); retry policy is RetryUpToMaximumCountWithFixedSleep(maxRetries=15, sleepTime=1000 MILLISECONDS)
2022-01-02 13:18:37,242 [EndpointStateMachine task thread for /127.0.0.1:15005 - 0 ] INFO  ipc.Client (Client.java:handleConnectionFailure(977)) - Retrying connect to server: localhost/127.0.0.1:15005. Already tried 5 time(s); retry policy is RetryUpToMaximumCountWithFixedSleep(maxRetries=15, sleepTime=1000 MILLISECONDS)
2022-01-02 13:18:37,262 [EndpointStateMachine task thread for /127.0.0.1:14985 - 0 ] INFO  ipc.Client (Client.java:handleConnectionFailure(977)) - Retrying connect to server: localhost/127.0.0.1:14985. Already tried 5 time(s); retry policy is RetryUpToMaximumCountWithFixedSleep(maxRetries=15, sleepTime=1000 MILLISECONDS)
2022-01-02 13:18:38,188 [EndpointStateMachine task thread for /127.0.0.1:14361 - 0 ] INFO  ipc.Client (Client.java:handleConnectionFailure(977)) - Retrying connect to server: localhost/127.0.0.1:14361. Already tried 4 time(s); retry policy is RetryUpToMaximumCountWithFixedSleep(maxRetries=15, sleepTime=1000 MILLISECONDS)
2022-01-02 13:18:38,189 [EndpointStateMachine task thread for /127.0.0.1:14351 - 0 ] INFO  ipc.Client (Client.java:handleConnectionFailure(977)) - Retrying connect to server: localhost/127.0.0.1:14351. Already tried 4 time(s); retry policy is RetryUpToMaximumCountWithFixedSleep(maxRetries=15, sleepTime=1000 MILLISECONDS)
2022-01-02 13:18:38,189 [EndpointStateMachine task thread for /127.0.0.1:14341 - 0 ] INFO  ipc.Client (Client.java:handleConnectionFailure(977)) - Retrying connect to server: localhost/127.0.0.1:14341. Already tried 6 time(s); retry policy is RetryUpToMaximumCountWithFixedSleep(maxRetries=15, sleepTime=1000 MILLISECONDS)
2022-01-02 13:18:38,231 [EndpointStateMachine task thread for /127.0.0.1:14995 - 0 ] INFO  ipc.Client (Client.java:handleConnectionFailure(977)) - Retrying connect to server: localhost/127.0.0.1:14995. Already tried 3 time(s); retry policy is RetryUpToMaximumCountWithFixedSleep(maxRetries=15, sleepTime=1000 MILLISECONDS)
2022-01-02 13:18:38,242 [EndpointStateMachine task thread for /127.0.0.1:15005 - 0 ] INFO  ipc.Client (Client.java:handleConnectionFailure(977)) - Retrying connect to server: localhost/127.0.0.1:15005. Already tried 6 time(s); retry policy is RetryUpToMaximumCountWithFixedSleep(maxRetries=15, sleepTime=1000 MILLISECONDS)
2022-01-02 13:18:38,262 [EndpointStateMachine task thread for /127.0.0.1:14985 - 0 ] INFO  ipc.Client (Client.java:handleConnectionFailure(977)) - Retrying connect to server: localhost/127.0.0.1:14985. Already tried 6 time(s); retry policy is RetryUpToMaximumCountWithFixedSleep(maxRetries=15, sleepTime=1000 MILLISECONDS)
2022-01-02 13:18:38,282 [ForkJoinPool.commonPool-worker-1] INFO  statemachine.DatanodeStateMachine (DatanodeStateMachine.java:stopDaemon(526)) - Ozone container server stopped.
2022-01-02 13:18:38,284 [ForkJoinPool.commonPool-worker-1] INFO  handler.ContextHandler (ContextHandler.java:doStop(1153)) - Stopped o.e.j.w.WebAppContext@ab02c2d{hddsDatanode,/,null,STOPPED}{jar:file:/home/runner/.m2/repository/org/apache/ozone/hdds-container-service/1.3.0-SNAPSHOT/hdds-container-service-1.3.0-SNAPSHOT.jar!/webapps/hddsDatanode}
2022-01-02 13:18:38,290 [ForkJoinPool.commonPool-worker-1] INFO  server.AbstractConnector (AbstractConnector.java:doStop(381)) - Stopped ServerConnector@2a026426{HTTP/1.1, (http/1.1)}{0.0.0.0:0}
2022-01-02 13:18:38,290 [ForkJoinPool.commonPool-worker-1] INFO  server.session (HouseKeeper.java:stopScavenging(149)) - node0 Stopped scavenging
2022-01-02 13:18:38,294 [ForkJoinPool.commonPool-worker-1] INFO  handler.ContextHandler (ContextHandler.java:doStop(1153)) - Stopped o.e.j.s.ServletContextHandler@2472a75c{static,/static,jar:file:/home/runner/.m2/repository/org/apache/ozone/hdds-container-service/1.3.0-SNAPSHOT/hdds-container-service-1.3.0-SNAPSHOT.jar!/webapps/static,STOPPED}
2022-01-02 13:18:38,294 [ForkJoinPool.commonPool-worker-1] INFO  handler.ContextHandler (ContextHandler.java:doStop(1153)) - Stopped o.e.j.s.ServletContextHandler@20d9f6b8{logs,/logs,file:///home/runner/work/ozone/ozone/hadoop-ozone/integration-test/target/log,STOPPED}
]]></system-out>
  </testcase>
  <testcase name="testInstallCorruptedCheckpointFailure" classname="org.apache.hadoop.ozone.scm.TestSCMInstallSnapshotWithHA" time="63.098"/>
</testsuite>