<?xml version="1.0" encoding="UTF-8"?>
<testsuite xmlns:xsi="http://www.w3.org/2001/XMLSchema-instance" xsi:noNamespaceSchemaLocation="https://maven.apache.org/surefire/maven-surefire-plugin/xsd/surefire-test-report-3.0.xsd" version="3.0" name="org.apache.hadoop.ozone.om.TestOzoneManagerHAMetadataOnly" time="111.345" tests="8" errors="1" skipped="0" failures="0">
  <properties>
    <property name="awt.toolkit" value="sun.awt.X11.XToolkit"/>
    <property name="file.encoding.pkg" value="sun.io"/>
    <property name="java.specification.version" value="1.8"/>
    <property name="sun.cpu.isalist" value=""/>
    <property name="sun.jnu.encoding" value="UTF-8"/>
    <property name="java.class.path" value="/home/runner/work/ozone/ozone/hadoop-ozone/integration-test/target/test-classes:/home/runner/work/ozone/ozone/hadoop-ozone/integration-test/target/classes:/home/runner/.m2/repository/org/apache/ozone/ozone-common/1.3.0-SNAPSHOT/ozone-common-1.3.0-SNAPSHOT.jar:/home/runner/.m2/repository/io/grpc/grpc-netty/1.44.0/grpc-netty-1.44.0.jar:/home/runner/.m2/repository/io/grpc/grpc-core/1.44.0/grpc-core-1.44.0.jar:/home/runner/.m2/repository/com/google/android/annotations/4.1.1.4/annotations-4.1.1.4.jar:/home/runner/.m2/repository/org/codehaus/mojo/animal-sniffer-annotations/1.19/animal-sniffer-annotations-1.19.jar:/home/runner/.m2/repository/com/google/errorprone/error_prone_annotations/2.2.0/error_prone_annotations-2.2.0.jar:/home/runner/.m2/repository/io/perfmark/perfmark-api/0.23.0/perfmark-api-0.23.0.jar:/home/runner/.m2/repository/io/netty/netty-codec-http2/4.1.74.Final/netty-codec-http2-4.1.74.Final.jar:/home/runner/.m2/repository/io/netty/netty-common/4.1.74.Final/netty-common-4.1.74.Final.jar:/home/runner/.m2/repository/io/netty/netty-buffer/4.1.74.Final/netty-buffer-4.1.74.Final.jar:/home/runner/.m2/repository/io/netty/netty-codec-http/4.1.74.Final/netty-codec-http-4.1.74.Final.jar:/home/runner/.m2/repository/io/netty/netty-handler-proxy/4.1.74.Final/netty-handler-proxy-4.1.74.Final.jar:/home/runner/.m2/repository/io/netty/netty-codec-socks/4.1.74.Final/netty-codec-socks-4.1.74.Final.jar:/home/runner/.m2/repository/io/netty/netty-tcnative-boringssl-static/2.0.48.Final/netty-tcnative-boringssl-static-2.0.48.Final.jar:/home/runner/.m2/repository/io/netty/netty-tcnative-classes/2.0.48.Final/netty-tcnative-classes-2.0.48.Final.jar:/home/runner/.m2/repository/io/netty/netty-tcnative/2.0.48.Final/netty-tcnative-2.0.48.Final.jar:/home/runner/.m2/repository/org/apache/commons/commons-compress/1.21/commons-compress-1.21.jar:/home/runner/.m2/repository/org/apache/ozone/hdds-common/1.3.0-SNAPSHOT/hdds-common-1.3.0-SNAPSHOT.jar:/home/runner/.m2/repository/org/apache/ozone/hdds-client/1.3.0-SNAPSHOT/hdds-client-1.3.0-SNAPSHOT.jar:/home/runner/.m2/repository/org/apache/ozone/ozone-interface-client/1.3.0-SNAPSHOT/ozone-interface-client-1.3.0-SNAPSHOT.jar:/home/runner/.m2/repository/org/apache/ozone/hdds-test-utils/1.3.0-SNAPSHOT/hdds-test-utils-1.3.0-SNAPSHOT.jar:/home/runner/.m2/repository/com/google/guava/guava/31.1-jre/guava-31.1-jre.jar:/home/runner/.m2/repository/com/google/guava/failureaccess/1.0.1/failureaccess-1.0.1.jar:/home/runner/.m2/repository/com/google/guava/listenablefuture/9999.0-empty-to-avoid-conflict-with-guava/listenablefuture-9999.0-empty-to-avoid-conflict-with-guava.jar:/home/runner/.m2/repository/com/google/code/findbugs/jsr305/3.0.0/jsr305-3.0.0.jar:/home/runner/.m2/repository/org/checkerframework/checker-qual/3.12.0/checker-qual-3.12.0.jar:/home/runner/.m2/repository/com/google/j2objc/j2objc-annotations/1.3/j2objc-annotations-1.3.jar:/home/runner/.m2/repository/commons-io/commons-io/2.11.0/commons-io-2.11.0.jar:/home/runner/.m2/repository/commons-logging/commons-logging/1.2/commons-logging-1.2.jar:/home/runner/.m2/repository/log4j/log4j/1.2.17/log4j-1.2.17.jar:/home/runner/.m2/repository/org/slf4j/slf4j-api/1.7.30/slf4j-api-1.7.30.jar:/home/runner/.m2/repository/org/apache/ozone/hdds-server-scm/1.3.0-SNAPSHOT/hdds-server-scm-1.3.0-SNAPSHOT.jar:/home/runner/.m2/repository/org/apache/ozone/hdds-container-service/1.3.0-SNAPSHOT/hdds-container-service-1.3.0-SNAPSHOT.jar:/home/runner/.m2/repository/org/apache/ozone/hdds-hadoop-dependency-server/1.3.0-SNAPSHOT/hdds-hadoop-dependency-server-1.3.0-SNAPSHOT.jar:/home/runner/.m2/repository/org/apache/hadoop/hadoop-hdfs/3.3.1/hadoop-hdfs-3.3.1.jar:/home/runner/.m2/repository/org/apache/ozone/hdds-server-framework/1.3.0-SNAPSHOT/hdds-server-framework-1.3.0-SNAPSHOT.jar:/home/runner/.m2/repository/org/apache/ozone/hdds-interface-server/1.3.0-SNAPSHOT/hdds-interface-server-1.3.0-SNAPSHOT.jar:/home/runner/.m2/repository/org/apache/logging/log4j/log4j-core/2.17.1/log4j-core-2.17.1.jar:/home/runner/.m2/repository/com/lmax/disruptor/3.4.2/disruptor-3.4.2.jar:/home/runner/.m2/repository/org/eclipse/jetty/jetty-servlet/9.4.43.v20210629/jetty-servlet-9.4.43.v20210629.jar:/home/runner/.m2/repository/org/eclipse/jetty/jetty-security/9.4.43.v20210629/jetty-security-9.4.43.v20210629.jar:/home/runner/.m2/repository/org/rocksdb/rocksdbjni/7.0.4/rocksdbjni-7.0.4.jar:/home/runner/.m2/repository/io/prometheus/simpleclient_dropwizard/0.7.0/simpleclient_dropwizard-0.7.0.jar:/home/runner/.m2/repository/io/prometheus/simpleclient/0.7.0/simpleclient-0.7.0.jar:/home/runner/.m2/repository/io/prometheus/simpleclient_common/0.7.0/simpleclient_common-0.7.0.jar:/home/runner/.m2/repository/io/dropwizard/metrics/metrics-core/3.2.4/metrics-core-3.2.4.jar:/home/runner/.m2/repository/org/apache/hadoop/hadoop-hdfs-client/3.3.1/hadoop-hdfs-client-3.3.1.jar:/home/runner/.m2/repository/org/bouncycastle/bcprov-jdk15on/1.67/bcprov-jdk15on-1.67.jar:/home/runner/.m2/repository/com/google/protobuf/protobuf-java/2.5.0/protobuf-java-2.5.0.jar:/home/runner/.m2/repository/org/apache/ozone/ozone-manager/1.3.0-SNAPSHOT/ozone-manager-1.3.0-SNAPSHOT.jar:/home/runner/.m2/repository/org/aspectj/aspectjrt/1.9.7/aspectjrt-1.9.7.jar:/home/runner/.m2/repository/org/aspectj/aspectjweaver/1.9.7/aspectjweaver-1.9.7.jar:/home/runner/.m2/repository/org/apache/ozone/hdds-interface-client/1.3.0-SNAPSHOT/hdds-interface-client-1.3.0-SNAPSHOT.jar:/home/runner/.m2/repository/org/apache/hadoop/thirdparty/hadoop-shaded-protobuf_3_7/1.1.1/hadoop-shaded-protobuf_3_7-1.1.1.jar:/home/runner/.m2/repository/org/apache/ozone/ozone-interface-storage/1.3.0-SNAPSHOT/ozone-interface-storage-1.3.0-SNAPSHOT.jar:/home/runner/.m2/repository/org/reflections/reflections/0.9.11/reflections-0.9.11.jar:/home/runner/.m2/repository/org/apache/hadoop/hadoop-minikdc/3.3.1/hadoop-minikdc-3.3.1.jar:/home/runner/.m2/repository/org/apache/kerby/kerb-simplekdc/1.0.1/kerb-simplekdc-1.0.1.jar:/home/runner/.m2/repository/org/apache/kerby/kerb-client/1.0.1/kerb-client-1.0.1.jar:/home/runner/.m2/repository/org/apache/kerby/kerby-config/1.0.1/kerby-config-1.0.1.jar:/home/runner/.m2/repository/org/apache/kerby/kerb-common/1.0.1/kerb-common-1.0.1.jar:/home/runner/.m2/repository/org/apache/kerby/kerb-crypto/1.0.1/kerb-crypto-1.0.1.jar:/home/runner/.m2/repository/org/apache/kerby/kerb-util/1.0.1/kerb-util-1.0.1.jar:/home/runner/.m2/repository/org/apache/kerby/token-provider/1.0.1/token-provider-1.0.1.jar:/home/runner/.m2/repository/org/apache/kerby/kerb-admin/1.0.1/kerb-admin-1.0.1.jar:/home/runner/.m2/repository/org/apache/kerby/kerb-server/1.0.1/kerb-server-1.0.1.jar:/home/runner/.m2/repository/org/apache/kerby/kerb-identity/1.0.1/kerb-identity-1.0.1.jar:/home/runner/.m2/repository/org/apache/kerby/kerby-xdr/1.0.1/kerby-xdr-1.0.1.jar:/home/runner/.m2/repository/org/slf4j/slf4j-log4j12/1.7.30/slf4j-log4j12-1.7.30.jar:/home/runner/.m2/repository/org/apache/ozone/ozone-s3gateway/1.3.0-SNAPSHOT/ozone-s3gateway-1.3.0-SNAPSHOT.jar:/home/runner/.m2/repository/org/javassist/javassist/3.21.0-GA/javassist-3.21.0-GA.jar:/home/runner/.m2/repository/org/jboss/weld/servlet/weld-servlet/2.4.7.Final/weld-servlet-2.4.7.Final.jar:/home/runner/.m2/repository/org/glassfish/jersey/containers/jersey-container-servlet-core/2.33/jersey-container-servlet-core-2.33.jar:/home/runner/.m2/repository/org/glassfish/hk2/external/jakarta.inject/2.6.1/jakarta.inject-2.6.1.jar:/home/runner/.m2/repository/org/glassfish/jersey/core/jersey-common/2.33/jersey-common-2.33.jar:/home/runner/.m2/repository/jakarta/ws/rs/jakarta.ws.rs-api/2.1.6/jakarta.ws.rs-api-2.1.6.jar:/home/runner/.m2/repository/org/glassfish/jersey/ext/cdi/jersey-cdi1x/2.33/jersey-cdi1x-2.33.jar:/home/runner/.m2/repository/org/glassfish/jersey/inject/jersey-hk2/2.33/jersey-hk2-2.33.jar:/home/runner/.m2/repository/org/glassfish/hk2/hk2-locator/2.6.1/hk2-locator-2.6.1.jar:/home/runner/.m2/repository/org/glassfish/jersey/media/jersey-media-jaxb/2.33/jersey-media-jaxb-2.33.jar:/home/runner/.m2/repository/org/glassfish/hk2/osgi-resource-locator/1.0.3/osgi-resource-locator-1.0.3.jar:/home/runner/.m2/repository/org/glassfish/hk2/hk2-api/2.5.0/hk2-api-2.5.0.jar:/home/runner/.m2/repository/org/glassfish/hk2/hk2-utils/2.5.0/hk2-utils-2.5.0.jar:/home/runner/.m2/repository/org/glassfish/hk2/external/aopalliance-repackaged/2.5.0/aopalliance-repackaged-2.5.0.jar:/home/runner/.m2/repository/com/fasterxml/jackson/dataformat/jackson-dataformat-xml/2.13.2/jackson-dataformat-xml-2.13.2.jar:/home/runner/.m2/repository/com/fasterxml/jackson/core/jackson-core/2.13.2/jackson-core-2.13.2.jar:/home/runner/.m2/repository/org/codehaus/woodstox/stax2-api/3.1.4/stax2-api-3.1.4.jar:/home/runner/.m2/repository/com/fasterxml/woodstox/woodstox-core/5.0.3/woodstox-core-5.0.3.jar:/home/runner/.m2/repository/com/fasterxml/jackson/module/jackson-module-jaxb-annotations/2.13.2/jackson-module-jaxb-annotations-2.13.2.jar:/home/runner/.m2/repository/jakarta/xml/bind/jakarta.xml.bind-api/2.3.3/jakarta.xml.bind-api-2.3.3.jar:/home/runner/.m2/repository/jakarta/activation/jakarta.activation-api/1.2.1/jakarta.activation-api-1.2.1.jar:/home/runner/.m2/repository/javax/enterprise/cdi-api/1.2/cdi-api-1.2.jar:/home/runner/.m2/repository/javax/el/javax.el-api/3.0.0/javax.el-api-3.0.0.jar:/home/runner/.m2/repository/javax/interceptor/javax.interceptor-api/1.2/javax.interceptor-api-1.2.jar:/home/runner/.m2/repository/javax/inject/javax.inject/1/javax.inject-1.jar:/home/runner/.m2/repository/javax/xml/bind/jaxb-api/2.3.0/jaxb-api-2.3.0.jar:/home/runner/.m2/repository/org/glassfish/jaxb/jaxb-runtime/2.3.0.1/jaxb-runtime-2.3.0.1.jar:/home/runner/.m2/repository/org/glassfish/jaxb/jaxb-core/2.3.0.1/jaxb-core-2.3.0.1.jar:/home/runner/.m2/repository/org/glassfish/jaxb/txw2/2.3.0.1/txw2-2.3.0.1.jar:/home/runner/.m2/repository/com/sun/istack/istack-commons-runtime/3.0.5/istack-commons-runtime-3.0.5.jar:/home/runner/.m2/repository/org/jvnet/staxex/stax-ex/1.7.8/stax-ex-1.7.8.jar:/home/runner/.m2/repository/com/sun/xml/fastinfoset/FastInfoset/1.2.13/FastInfoset-1.2.13.jar:/home/runner/.m2/repository/javax/activation/activation/1.1.1/activation-1.1.1.jar:/home/runner/.m2/repository/io/grpc/grpc-protobuf/1.44.0/grpc-protobuf-1.44.0.jar:/home/runner/.m2/repository/io/grpc/grpc-api/1.44.0/grpc-api-1.44.0.jar:/home/runner/.m2/repository/io/grpc/grpc-context/1.44.0/grpc-context-1.44.0.jar:/home/runner/.m2/repository/com/google/api/grpc/proto-google-common-protos/2.0.1/proto-google-common-protos-2.0.1.jar:/home/runner/.m2/repository/io/grpc/grpc-protobuf-lite/1.44.0/grpc-protobuf-lite-1.44.0.jar:/home/runner/.m2/repository/io/grpc/grpc-stub/1.44.0/grpc-stub-1.44.0.jar:/home/runner/.m2/repository/io/netty/netty-transport/4.1.74.Final/netty-transport-4.1.74.Final.jar:/home/runner/.m2/repository/io/netty/netty-resolver/4.1.74.Final/netty-resolver-4.1.74.Final.jar:/home/runner/.m2/repository/org/apache/ozone/ozone-csi/1.3.0-SNAPSHOT/ozone-csi-1.3.0-SNAPSHOT.jar:/home/runner/.m2/repository/com/google/protobuf/protobuf-java-util/3.19.2/protobuf-java-util-3.19.2.jar:/home/runner/.m2/repository/com/google/code/gson/gson/2.8.9/gson-2.8.9.jar:/home/runner/.m2/repository/org/apache/ozone/hdds-config/1.3.0-SNAPSHOT/hdds-config-1.3.0-SNAPSHOT.jar:/home/runner/.m2/repository/io/netty/netty-transport-native-epoll/4.1.74.Final/netty-transport-native-epoll-4.1.74.Final-linux-x86_64.jar:/home/runner/.m2/repository/io/netty/netty-transport-classes-epoll/4.1.74.Final/netty-transport-classes-epoll-4.1.74.Final.jar:/home/runner/.m2/repository/io/netty/netty-transport-native-unix-common/4.1.74.Final/netty-transport-native-unix-common-4.1.74.Final.jar:/home/runner/.m2/repository/org/apache/ozone/ozone-recon/1.3.0-SNAPSHOT/ozone-recon-1.3.0-SNAPSHOT.jar:/home/runner/.m2/repository/org/apache/ozone/ozone-reconcodegen/1.3.0-SNAPSHOT/ozone-reconcodegen-1.3.0-SNAPSHOT.jar:/home/runner/.m2/repository/com/google/inject/extensions/guice-multibindings/4.0/guice-multibindings-4.0.jar:/home/runner/.m2/repository/com/google/inject/guice/4.0/guice-4.0.jar:/home/runner/.m2/repository/aopalliance/aopalliance/1.0/aopalliance-1.0.jar:/home/runner/.m2/repository/com/google/inject/extensions/guice-assistedinject/4.0/guice-assistedinject-4.0.jar:/home/runner/.m2/repository/com/google/inject/extensions/guice-servlet/4.0/guice-servlet-4.0.jar:/home/runner/.m2/repository/org/glassfish/jersey/containers/jersey-container-servlet/2.33/jersey-container-servlet-2.33.jar:/home/runner/.m2/repository/org/glassfish/hk2/guice-bridge/2.5.0/guice-bridge-2.5.0.jar:/home/runner/.m2/repository/org/glassfish/jersey/core/jersey-server/2.33/jersey-server-2.33.jar:/home/runner/.m2/repository/org/glassfish/jersey/core/jersey-client/2.33/jersey-client-2.33.jar:/home/runner/.m2/repository/jakarta/annotation/jakarta.annotation-api/1.3.5/jakarta.annotation-api-1.3.5.jar:/home/runner/.m2/repository/jakarta/validation/jakarta.validation-api/2.0.2/jakarta.validation-api-2.0.2.jar:/home/runner/.m2/repository/org/glassfish/jersey/media/jersey-media-json-jackson/2.33/jersey-media-json-jackson-2.33.jar:/home/runner/.m2/repository/org/glassfish/jersey/ext/jersey-entity-filtering/2.33/jersey-entity-filtering-2.33.jar:/home/runner/.m2/repository/org/jooq/jooq/3.11.10/jooq-3.11.10.jar:/home/runner/.m2/repository/org/jooq/jooq-meta/3.11.10/jooq-meta-3.11.10.jar:/home/runner/.m2/repository/org/jooq/jooq-codegen/3.11.10/jooq-codegen-3.11.10.jar:/home/runner/.m2/repository/com/jolbox/bonecp/0.8.0.RELEASE/bonecp-0.8.0.RELEASE.jar:/home/runner/.m2/repository/org/apache/derby/derby/10.14.2.0/derby-10.14.2.0.jar:/home/runner/.m2/repository/org/xerial/sqlite-jdbc/3.25.2/sqlite-jdbc-3.25.2.jar:/home/runner/.m2/repository/org/springframework/spring-jdbc/5.2.20.RELEASE/spring-jdbc-5.2.20.RELEASE.jar:/home/runner/.m2/repository/org/springframework/spring-beans/5.2.20.RELEASE/spring-beans-5.2.20.RELEASE.jar:/home/runner/.m2/repository/org/springframework/spring-core/5.2.20.RELEASE/spring-core-5.2.20.RELEASE.jar:/home/runner/.m2/repository/org/springframework/spring-jcl/5.2.20.RELEASE/spring-jcl-5.2.20.RELEASE.jar:/home/runner/.m2/repository/org/springframework/spring-tx/5.2.20.RELEASE/spring-tx-5.2.20.RELEASE.jar:/home/runner/.m2/repository/org/apache/ozone/ozone-client/1.3.0-SNAPSHOT/ozone-client-1.3.0-SNAPSHOT.jar:/home/runner/.m2/repository/org/apache/ozone/hdds-erasurecode/1.3.0-SNAPSHOT/hdds-erasurecode-1.3.0-SNAPSHOT.jar:/home/runner/.m2/repository/com/github/spotbugs/spotbugs-annotations/3.1.12/spotbugs-annotations-3.1.12.jar:/home/runner/.m2/repository/org/apache/ozone/ozone-filesystem/1.3.0-SNAPSHOT/ozone-filesystem-1.3.0-SNAPSHOT.jar:/home/runner/.m2/repository/org/apache/ozone/ozone-filesystem-common/1.3.0-SNAPSHOT/ozone-filesystem-common-1.3.0-SNAPSHOT.jar:/home/runner/.m2/repository/org/apache/ozone/ozone-tools/1.3.0-SNAPSHOT/ozone-tools-1.3.0-SNAPSHOT.jar:/home/runner/.m2/repository/org/apache/ratis/ratis-tools/2.3.0/ratis-tools-2.3.0.jar:/home/runner/.m2/repository/com/amazonaws/aws-java-sdk-core/1.12.124/aws-java-sdk-core-1.12.124.jar:/home/runner/.m2/repository/org/apache/httpcomponents/httpclient/4.5.13/httpclient-4.5.13.jar:/home/runner/.m2/repository/org/apache/httpcomponents/httpcore/4.4.13/httpcore-4.4.13.jar:/home/runner/.m2/repository/software/amazon/ion/ion-java/1.0.2/ion-java-1.0.2.jar:/home/runner/.m2/repository/com/fasterxml/jackson/dataformat/jackson-dataformat-cbor/2.13.2/jackson-dataformat-cbor-2.13.2.jar:/home/runner/.m2/repository/joda-time/joda-time/2.8.1/joda-time-2.8.1.jar:/home/runner/.m2/repository/com/amazonaws/aws-java-sdk-s3/1.12.124/aws-java-sdk-s3-1.12.124.jar:/home/runner/.m2/repository/com/amazonaws/aws-java-sdk-kms/1.12.124/aws-java-sdk-kms-1.12.124.jar:/home/runner/.m2/repository/com/amazonaws/jmespath-java/1.12.124/jmespath-java-1.12.124.jar:/home/runner/.m2/repository/org/kohsuke/metainf-services/metainf-services/1.8/metainf-services-1.8.jar:/home/runner/.m2/repository/org/apache/ozone/hdds-tools/1.3.0-SNAPSHOT/hdds-tools-1.3.0-SNAPSHOT.jar:/home/runner/.m2/repository/commons-cli/commons-cli/1.2/commons-cli-1.2.jar:/home/runner/.m2/repository/org/apache/commons/commons-lang3/3.7/commons-lang3-3.7.jar:/home/runner/.m2/repository/org/apache/ozone/ozone-manager/1.3.0-SNAPSHOT/ozone-manager-1.3.0-SNAPSHOT-tests.jar:/home/runner/.m2/repository/org/apache/ozone/hdds-common/1.3.0-SNAPSHOT/hdds-common-1.3.0-SNAPSHOT-tests.jar:/home/runner/.m2/repository/org/apache/ozone/hdds-hadoop-dependency-client/1.3.0-SNAPSHOT/hdds-hadoop-dependency-client-1.3.0-SNAPSHOT.jar:/home/runner/.m2/repository/info/picocli/picocli/4.6.1/picocli-4.6.1.jar:/home/runner/.m2/repository/com/fasterxml/jackson/core/jackson-annotations/2.13.2/jackson-annotations-2.13.2.jar:/home/runner/.m2/repository/com/fasterxml/jackson/datatype/jackson-datatype-jsr310/2.13.2/jackson-datatype-jsr310-2.13.2.jar:/home/runner/.m2/repository/javax/annotation/javax.annotation-api/1.2/javax.annotation-api-1.2.jar:/home/runner/.m2/repository/org/apache/ratis/ratis-server/2.3.0/ratis-server-2.3.0.jar:/home/runner/.m2/repository/org/apache/ratis/ratis-client/2.3.0/ratis-client-2.3.0.jar:/home/runner/.m2/repository/org/apache/ratis/ratis-server-api/2.3.0/ratis-server-api-2.3.0.jar:/home/runner/.m2/repository/org/apache/ratis/ratis-metrics/2.3.0/ratis-metrics-2.3.0.jar:/home/runner/.m2/repository/org/apache/ratis/ratis-netty/2.3.0/ratis-netty-2.3.0.jar:/home/runner/.m2/repository/org/apache/ratis/ratis-grpc/2.3.0/ratis-grpc-2.3.0.jar:/home/runner/.m2/repository/org/apache/logging/log4j/log4j-api/2.17.1/log4j-api-2.17.1.jar:/home/runner/.m2/repository/org/apache/commons/commons-pool2/2.6.0/commons-pool2-2.6.0.jar:/home/runner/.m2/repository/org/bouncycastle/bcpkix-jdk15on/1.67/bcpkix-jdk15on-1.67.jar:/home/runner/.m2/repository/commons-validator/commons-validator/1.6/commons-validator-1.6.jar:/home/runner/.m2/repository/commons-beanutils/commons-beanutils/1.9.4/commons-beanutils-1.9.4.jar:/home/runner/.m2/repository/commons-digester/commons-digester/1.8.1/commons-digester-1.8.1.jar:/home/runner/.m2/repository/commons-collections/commons-collections/3.2.2/commons-collections-3.2.2.jar:/home/runner/.m2/repository/io/jaegertracing/jaeger-client/1.6.0/jaeger-client-1.6.0.jar:/home/runner/.m2/repository/io/jaegertracing/jaeger-thrift/1.6.0/jaeger-thrift-1.6.0.jar:/home/runner/.m2/repository/org/apache/thrift/libthrift/0.14.1/libthrift-0.14.1.jar:/home/runner/.m2/repository/com/squareup/okhttp3/okhttp/4.9.0/okhttp-4.9.0.jar:/home/runner/.m2/repository/com/squareup/okio/okio/2.8.0/okio-2.8.0.jar:/home/runner/.m2/repository/io/jaegertracing/jaeger-core/1.6.0/jaeger-core-1.6.0.jar:/home/runner/.m2/repository/io/jaegertracing/jaeger-tracerresolver/1.6.0/jaeger-tracerresolver-1.6.0.jar:/home/runner/.m2/repository/io/opentracing/contrib/opentracing-tracerresolver/0.1.8/opentracing-tracerresolver-0.1.8.jar:/home/runner/.m2/repository/org/jetbrains/kotlin/kotlin-stdlib/1.4.31/kotlin-stdlib-1.4.31.jar:/home/runner/.m2/repository/org/jetbrains/kotlin/kotlin-stdlib-common/1.4.31/kotlin-stdlib-common-1.4.31.jar:/home/runner/.m2/repository/org/jetbrains/annotations/13.0/annotations-13.0.jar:/home/runner/.m2/repository/io/opentracing/opentracing-util/0.33.0/opentracing-util-0.33.0.jar:/home/runner/.m2/repository/io/opentracing/opentracing-api/0.33.0/opentracing-api-0.33.0.jar:/home/runner/.m2/repository/io/opentracing/opentracing-noop/0.33.0/opentracing-noop-0.33.0.jar:/home/runner/.m2/repository/org/yaml/snakeyaml/1.26/snakeyaml-1.26.jar:/home/runner/.m2/repository/org/apache/ozone/hdds-interface-admin/1.3.0-SNAPSHOT/hdds-interface-admin-1.3.0-SNAPSHOT.jar:/home/runner/.m2/repository/junit/junit/4.13.1/junit-4.13.1.jar:/home/runner/.m2/repository/org/hamcrest/hamcrest-core/1.3/hamcrest-core-1.3.jar:/home/runner/.m2/repository/org/junit/jupiter/junit-jupiter-api/5.8.2/junit-jupiter-api-5.8.2.jar:/home/runner/.m2/repository/org/opentest4j/opentest4j/1.2.0/opentest4j-1.2.0.jar:/home/runner/.m2/repository/org/junit/platform/junit-platform-commons/1.8.2/junit-platform-commons-1.8.2.jar:/home/runner/.m2/repository/org/apiguardian/apiguardian-api/1.1.2/apiguardian-api-1.1.2.jar:/home/runner/.m2/repository/org/junit/jupiter/junit-jupiter-params/5.8.2/junit-jupiter-params-5.8.2.jar:/home/runner/.m2/repository/org/junit/jupiter/junit-jupiter-migrationsupport/5.8.2/junit-jupiter-migrationsupport-5.8.2.jar:/home/runner/.m2/repository/org/junit/jupiter/junit-jupiter-engine/5.8.2/junit-jupiter-engine-5.8.2.jar:/home/runner/.m2/repository/org/junit/platform/junit-platform-engine/1.8.2/junit-platform-engine-1.8.2.jar:/home/runner/.m2/repository/org/junit/vintage/junit-vintage-engine/5.8.2/junit-vintage-engine-5.8.2.jar:/home/runner/.m2/repository/org/junit/platform/junit-platform-launcher/1.8.2/junit-platform-launcher-1.8.2.jar:/home/runner/.m2/repository/org/mockito/mockito-core/2.28.2/mockito-core-2.28.2.jar:/home/runner/.m2/repository/net/bytebuddy/byte-buddy/1.9.10/byte-buddy-1.9.10.jar:/home/runner/.m2/repository/net/bytebuddy/byte-buddy-agent/1.9.10/byte-buddy-agent-1.9.10.jar:/home/runner/.m2/repository/org/objenesis/objenesis/1.0/objenesis-1.0.jar:/home/runner/.m2/repository/org/apache/hadoop/hadoop-kms/3.3.1/hadoop-kms-3.3.1.jar:/home/runner/.m2/repository/org/apache/hadoop/hadoop-auth/3.3.1/hadoop-auth-3.3.1.jar:/home/runner/.m2/repository/com/nimbusds/nimbus-jose-jwt/7.9/nimbus-jose-jwt-7.9.jar:/home/runner/.m2/repository/com/github/stephenc/jcip/jcip-annotations/1.0-1/jcip-annotations-1.0-1.jar:/home/runner/.m2/repository/net/minidev/json-smart/2.4.7/json-smart-2.4.7.jar:/home/runner/.m2/repository/net/minidev/accessors-smart/2.4.7/accessors-smart-2.4.7.jar:/home/runner/.m2/repository/org/ow2/asm/asm/5.0.4/asm-5.0.4.jar:/home/runner/.m2/repository/org/apache/zookeeper/zookeeper/3.5.6/zookeeper-3.5.6.jar:/home/runner/.m2/repository/org/apache/zookeeper/zookeeper-jute/3.5.6/zookeeper-jute-3.5.6.jar:/home/runner/.m2/repository/org/apache/yetus/audience-annotations/0.5.0/audience-annotations-0.5.0.jar:/home/runner/.m2/repository/org/apache/curator/curator-framework/4.2.0/curator-framework-4.2.0.jar:/home/runner/.m2/repository/org/apache/hadoop/thirdparty/hadoop-shaded-guava/1.1.1/hadoop-shaded-guava-1.1.1.jar:/home/runner/.m2/repository/com/sun/jersey/jersey-core/1.19/jersey-core-1.19.jar:/home/runner/.m2/repository/javax/ws/rs/jsr311-api/1.1.1/jsr311-api-1.1.1.jar:/home/runner/.m2/repository/com/sun/jersey/jersey-server/1.19/jersey-server-1.19.jar:/home/runner/.m2/repository/javax/servlet/javax.servlet-api/3.1.0/javax.servlet-api-3.1.0.jar:/home/runner/.m2/repository/org/eclipse/jetty/jetty-server/9.4.43.v20210629/jetty-server-9.4.43.v20210629.jar:/home/runner/.m2/repository/org/eclipse/jetty/jetty-http/9.4.43.v20210629/jetty-http-9.4.43.v20210629.jar:/home/runner/.m2/repository/org/eclipse/jetty/jetty-io/9.4.43.v20210629/jetty-io-9.4.43.v20210629.jar:/home/runner/.m2/repository/org/eclipse/jetty/jetty-webapp/9.4.43.v20210629/jetty-webapp-9.4.43.v20210629.jar:/home/runner/.m2/repository/org/eclipse/jetty/jetty-xml/9.4.43.v20210629/jetty-xml-9.4.43.v20210629.jar:/home/runner/.m2/repository/org/apache/hadoop/hadoop-common/3.3.1/hadoop-common-3.3.1.jar:/home/runner/.m2/repository/org/apache/commons/commons-math3/3.1.1/commons-math3-3.1.1.jar:/home/runner/.m2/repository/commons-net/commons-net/3.6/commons-net-3.6.jar:/home/runner/.m2/repository/com/sun/jersey/jersey-servlet/1.19/jersey-servlet-1.19.jar:/home/runner/.m2/repository/com/sun/jersey/jersey-json/1.19/jersey-json-1.19.jar:/home/runner/.m2/repository/org/codehaus/jettison/jettison/1.1/jettison-1.1.jar:/home/runner/.m2/repository/com/sun/xml/bind/jaxb-impl/2.2.3-1/jaxb-impl-2.2.3-1.jar:/home/runner/.m2/repository/org/codehaus/jackson/jackson-jaxrs/1.9.2/jackson-jaxrs-1.9.2.jar:/home/runner/.m2/repository/org/codehaus/jackson/jackson-xc/1.9.2/jackson-xc-1.9.2.jar:/home/runner/.m2/repository/org/apache/commons/commons-configuration2/2.1.1/commons-configuration2-2.1.1.jar:/home/runner/.m2/repository/org/apache/commons/commons-text/1.4/commons-text-1.4.jar:/home/runner/.m2/repository/com/google/re2j/re2j/1.1/re2j-1.1.jar:/home/runner/.m2/repository/com/jcraft/jsch/0.1.54/jsch-0.1.54.jar:/home/runner/.m2/repository/org/apache/curator/curator-client/4.2.0/curator-client-4.2.0.jar:/home/runner/.m2/repository/org/apache/curator/curator-recipes/4.2.0/curator-recipes-4.2.0.jar:/home/runner/.m2/repository/org/apache/kerby/kerb-core/1.0.1/kerb-core-1.0.1.jar:/home/runner/.m2/repository/org/apache/kerby/kerby-pkix/1.0.1/kerby-pkix-1.0.1.jar:/home/runner/.m2/repository/org/apache/kerby/kerby-asn1/1.0.1/kerby-asn1-1.0.1.jar:/home/runner/.m2/repository/org/apache/kerby/kerby-util/1.0.1/kerby-util-1.0.1.jar:/home/runner/.m2/repository/dnsjava/dnsjava/2.1.7/dnsjava-2.1.7.jar:/home/runner/.m2/repository/org/xerial/snappy/snappy-java/1.1.8.2/snappy-java-1.1.8.2.jar:/home/runner/.m2/repository/org/slf4j/jul-to-slf4j/1.7.30/jul-to-slf4j-1.7.30.jar:/home/runner/.m2/repository/org/eclipse/jetty/jetty-util/9.4.43.v20210629/jetty-util-9.4.43.v20210629.jar:/home/runner/.m2/repository/com/fasterxml/jackson/core/jackson-databind/2.13.2.2/jackson-databind-2.13.2.2.jar:/home/runner/.m2/repository/org/apache/hadoop/hadoop-kms/3.3.1/hadoop-kms-3.3.1-tests.jar:/home/runner/.m2/repository/org/apache/ozone/hdds-server-scm/1.3.0-SNAPSHOT/hdds-server-scm-1.3.0-SNAPSHOT-tests.jar:/home/runner/.m2/repository/org/apache/ozone/hdds-container-service/1.3.0-SNAPSHOT/hdds-container-service-1.3.0-SNAPSHOT-tests.jar:/home/runner/.m2/repository/commons-codec/commons-codec/1.11/commons-codec-1.11.jar:/home/runner/.m2/repository/io/netty/netty-codec/4.1.74.Final/netty-codec-4.1.74.Final.jar:/home/runner/.m2/repository/io/netty/netty-handler/4.1.74.Final/netty-handler-4.1.74.Final.jar:/home/runner/.m2/repository/org/apache/ozone/hdds-hadoop-dependency-test/1.3.0-SNAPSHOT/hdds-hadoop-dependency-test-1.3.0-SNAPSHOT.jar:/home/runner/.m2/repository/org/apache/hadoop/hadoop-common/3.3.1/hadoop-common-3.3.1-tests.jar:/home/runner/.m2/repository/org/assertj/assertj-core/3.12.2/assertj-core-3.12.2.jar:/home/runner/.m2/repository/org/apache/hadoop/hadoop-hdfs/3.3.1/hadoop-hdfs-3.3.1-tests.jar:/home/runner/.m2/repository/org/eclipse/jetty/jetty-util-ajax/9.4.43.v20210629/jetty-util-ajax-9.4.43.v20210629.jar:/home/runner/.m2/repository/commons-daemon/commons-daemon/1.0.13/commons-daemon-1.0.13.jar:/home/runner/.m2/repository/io/netty/netty/3.10.6.Final/netty-3.10.6.Final.jar:/home/runner/.m2/repository/io/netty/netty-all/4.1.74.Final/netty-all-4.1.74.Final.jar:/home/runner/.m2/repository/io/netty/netty-codec-dns/4.1.74.Final/netty-codec-dns-4.1.74.Final.jar:/home/runner/.m2/repository/io/netty/netty-codec-haproxy/4.1.74.Final/netty-codec-haproxy-4.1.74.Final.jar:/home/runner/.m2/repository/io/netty/netty-codec-memcache/4.1.74.Final/netty-codec-memcache-4.1.74.Final.jar:/home/runner/.m2/repository/io/netty/netty-codec-mqtt/4.1.74.Final/netty-codec-mqtt-4.1.74.Final.jar:/home/runner/.m2/repository/io/netty/netty-codec-redis/4.1.74.Final/netty-codec-redis-4.1.74.Final.jar:/home/runner/.m2/repository/io/netty/netty-codec-smtp/4.1.74.Final/netty-codec-smtp-4.1.74.Final.jar:/home/runner/.m2/repository/io/netty/netty-codec-stomp/4.1.74.Final/netty-codec-stomp-4.1.74.Final.jar:/home/runner/.m2/repository/io/netty/netty-codec-xml/4.1.74.Final/netty-codec-xml-4.1.74.Final.jar:/home/runner/.m2/repository/io/netty/netty-resolver-dns/4.1.74.Final/netty-resolver-dns-4.1.74.Final.jar:/home/runner/.m2/repository/io/netty/netty-transport-rxtx/4.1.74.Final/netty-transport-rxtx-4.1.74.Final.jar:/home/runner/.m2/repository/io/netty/netty-transport-sctp/4.1.74.Final/netty-transport-sctp-4.1.74.Final.jar:/home/runner/.m2/repository/io/netty/netty-transport-udt/4.1.74.Final/netty-transport-udt-4.1.74.Final.jar:/home/runner/.m2/repository/io/netty/netty-transport-classes-kqueue/4.1.74.Final/netty-transport-classes-kqueue-4.1.74.Final.jar:/home/runner/.m2/repository/io/netty/netty-resolver-dns-classes-macos/4.1.74.Final/netty-resolver-dns-classes-macos-4.1.74.Final.jar:/home/runner/.m2/repository/io/netty/netty-transport-native-epoll/4.1.74.Final/netty-transport-native-epoll-4.1.74.Final-linux-aarch_64.jar:/home/runner/.m2/repository/io/netty/netty-transport-native-kqueue/4.1.74.Final/netty-transport-native-kqueue-4.1.74.Final-osx-x86_64.jar:/home/runner/.m2/repository/io/netty/netty-transport-native-kqueue/4.1.74.Final/netty-transport-native-kqueue-4.1.74.Final-osx-aarch_64.jar:/home/runner/.m2/repository/io/netty/netty-resolver-dns-native-macos/4.1.74.Final/netty-resolver-dns-native-macos-4.1.74.Final-osx-x86_64.jar:/home/runner/.m2/repository/io/netty/netty-resolver-dns-native-macos/4.1.74.Final/netty-resolver-dns-native-macos-4.1.74.Final-osx-aarch_64.jar:/home/runner/.m2/repository/org/apache/htrace/htrace-core4/4.1.0-incubating/htrace-core4-4.1.0-incubating.jar:/home/runner/.m2/repository/org/fusesource/leveldbjni/leveldbjni-all/1.8/leveldbjni-all-1.8.jar:/home/runner/.m2/repository/org/apache/hadoop/hadoop-distcp/3.3.1/hadoop-distcp-3.3.1.jar:/home/runner/.m2/repository/org/apache/hadoop/hadoop-mapreduce-client-jobclient/3.3.1/hadoop-mapreduce-client-jobclient-3.3.1.jar:/home/runner/.m2/repository/org/apache/hadoop/hadoop-mapreduce-client-common/3.3.1/hadoop-mapreduce-client-common-3.3.1.jar:/home/runner/.m2/repository/org/apache/hadoop/hadoop-yarn-common/3.3.1/hadoop-yarn-common-3.3.1.jar:/home/runner/.m2/repository/org/apache/hadoop/hadoop-yarn-api/3.3.1/hadoop-yarn-api-3.3.1.jar:/home/runner/.m2/repository/com/sun/jersey/jersey-client/1.19/jersey-client-1.19.jar:/home/runner/.m2/repository/com/sun/jersey/contribs/jersey-guice/1.19/jersey-guice-1.19.jar:/home/runner/.m2/repository/com/fasterxml/jackson/jaxrs/jackson-jaxrs-json-provider/2.13.2/jackson-jaxrs-json-provider-2.13.2.jar:/home/runner/.m2/repository/com/fasterxml/jackson/jaxrs/jackson-jaxrs-base/2.13.2/jackson-jaxrs-base-2.13.2.jar:/home/runner/.m2/repository/org/apache/hadoop/hadoop-yarn-client/3.3.1/hadoop-yarn-client-3.3.1.jar:/home/runner/.m2/repository/org/eclipse/jetty/websocket/websocket-client/9.4.40.v20210413/websocket-client-9.4.40.v20210413.jar:/home/runner/.m2/repository/org/eclipse/jetty/jetty-client/9.4.40.v20210413/jetty-client-9.4.40.v20210413.jar:/home/runner/.m2/repository/org/eclipse/jetty/websocket/websocket-common/9.4.40.v20210413/websocket-common-9.4.40.v20210413.jar:/home/runner/.m2/repository/org/eclipse/jetty/websocket/websocket-api/9.4.40.v20210413/websocket-api-9.4.40.v20210413.jar:/home/runner/.m2/repository/org/jline/jline/3.9.0/jline-3.9.0.jar:/home/runner/.m2/repository/org/apache/hadoop/hadoop-mapreduce-client-core/3.3.1/hadoop-mapreduce-client-core-3.3.1.jar:/home/runner/.m2/repository/org/apache/avro/avro/1.7.7/avro-1.7.7.jar:/home/runner/.m2/repository/org/codehaus/jackson/jackson-core-asl/1.9.13/jackson-core-asl-1.9.13.jar:/home/runner/.m2/repository/org/codehaus/jackson/jackson-mapper-asl/1.9.13/jackson-mapper-asl-1.9.13.jar:/home/runner/.m2/repository/com/thoughtworks/paranamer/paranamer/2.3/paranamer-2.3.jar:/home/runner/.m2/repository/org/apache/hadoop/hadoop-annotations/3.3.1/hadoop-annotations-3.3.1.jar:/usr/lib/jvm/temurin-8-jdk-amd64/jre/../lib/tools.jar:/home/runner/.m2/repository/org/apache/hadoop/hadoop-distcp/3.3.1/hadoop-distcp-3.3.1-tests.jar:/home/runner/.m2/repository/org/apache/ratis/ratis-common/2.3.0/ratis-common-2.3.0.jar:/home/runner/.m2/repository/org/apache/ratis/ratis-thirdparty-misc/1.0.0/ratis-thirdparty-misc-1.0.0.jar:/home/runner/.m2/repository/org/apache/ratis/ratis-proto/2.3.0/ratis-proto-2.3.0.jar:/home/runner/.m2/repository/org/apache/ozone/ozone-annotation-processing/1.3.0-SNAPSHOT/ozone-annotation-processing-1.3.0-SNAPSHOT.jar:"/>
    <property name="java.vm.vendor" value="Temurin"/>
    <property name="sun.arch.data.model" value="64"/>
    <property name="test.build.dir" value="/home/runner/work/ozone/ozone/hadoop-ozone/integration-test/target/test-dir"/>
    <property name="test.cache.data" value=""/>
    <property name="java.vendor.url" value="https://adoptium.net/"/>
    <property name="user.timezone" value="Etc/UTC"/>
    <property name="java.vm.specification.version" value="1.8"/>
    <property name="os.name" value="Linux"/>
    <property name="test.build.data" value="/home/runner/work/ozone/ozone/hadoop-ozone/integration-test/target/test-dir"/>
    <property name="sun.java.launcher" value="SUN_STANDARD"/>
    <property name="sun.boot.library.path" value="/usr/lib/jvm/temurin-8-jdk-amd64/jre/lib/amd64"/>
    <property name="sun.java.command" value="/home/runner/work/ozone/ozone/hadoop-ozone/integration-test/target/surefire/surefirebooter7213846568204618296.jar /home/runner/work/ozone/ozone/hadoop-ozone/integration-test/target/surefire 2022-05-26T07-54-27_916-jvmRun1 surefire2562333309025670378tmp surefire_99223108232151954202tmp"/>
    <property name="surefire.test.class.path" value="/home/runner/work/ozone/ozone/hadoop-ozone/integration-test/target/test-classes:/home/runner/work/ozone/ozone/hadoop-ozone/integration-test/target/classes:/home/runner/.m2/repository/org/apache/ozone/ozone-common/1.3.0-SNAPSHOT/ozone-common-1.3.0-SNAPSHOT.jar:/home/runner/.m2/repository/io/grpc/grpc-netty/1.44.0/grpc-netty-1.44.0.jar:/home/runner/.m2/repository/io/grpc/grpc-core/1.44.0/grpc-core-1.44.0.jar:/home/runner/.m2/repository/com/google/android/annotations/4.1.1.4/annotations-4.1.1.4.jar:/home/runner/.m2/repository/org/codehaus/mojo/animal-sniffer-annotations/1.19/animal-sniffer-annotations-1.19.jar:/home/runner/.m2/repository/com/google/errorprone/error_prone_annotations/2.2.0/error_prone_annotations-2.2.0.jar:/home/runner/.m2/repository/io/perfmark/perfmark-api/0.23.0/perfmark-api-0.23.0.jar:/home/runner/.m2/repository/io/netty/netty-codec-http2/4.1.74.Final/netty-codec-http2-4.1.74.Final.jar:/home/runner/.m2/repository/io/netty/netty-common/4.1.74.Final/netty-common-4.1.74.Final.jar:/home/runner/.m2/repository/io/netty/netty-buffer/4.1.74.Final/netty-buffer-4.1.74.Final.jar:/home/runner/.m2/repository/io/netty/netty-codec-http/4.1.74.Final/netty-codec-http-4.1.74.Final.jar:/home/runner/.m2/repository/io/netty/netty-handler-proxy/4.1.74.Final/netty-handler-proxy-4.1.74.Final.jar:/home/runner/.m2/repository/io/netty/netty-codec-socks/4.1.74.Final/netty-codec-socks-4.1.74.Final.jar:/home/runner/.m2/repository/io/netty/netty-tcnative-boringssl-static/2.0.48.Final/netty-tcnative-boringssl-static-2.0.48.Final.jar:/home/runner/.m2/repository/io/netty/netty-tcnative-classes/2.0.48.Final/netty-tcnative-classes-2.0.48.Final.jar:/home/runner/.m2/repository/io/netty/netty-tcnative/2.0.48.Final/netty-tcnative-2.0.48.Final.jar:/home/runner/.m2/repository/org/apache/commons/commons-compress/1.21/commons-compress-1.21.jar:/home/runner/.m2/repository/org/apache/ozone/hdds-common/1.3.0-SNAPSHOT/hdds-common-1.3.0-SNAPSHOT.jar:/home/runner/.m2/repository/org/apache/ozone/hdds-client/1.3.0-SNAPSHOT/hdds-client-1.3.0-SNAPSHOT.jar:/home/runner/.m2/repository/org/apache/ozone/ozone-interface-client/1.3.0-SNAPSHOT/ozone-interface-client-1.3.0-SNAPSHOT.jar:/home/runner/.m2/repository/org/apache/ozone/hdds-test-utils/1.3.0-SNAPSHOT/hdds-test-utils-1.3.0-SNAPSHOT.jar:/home/runner/.m2/repository/com/google/guava/guava/31.1-jre/guava-31.1-jre.jar:/home/runner/.m2/repository/com/google/guava/failureaccess/1.0.1/failureaccess-1.0.1.jar:/home/runner/.m2/repository/com/google/guava/listenablefuture/9999.0-empty-to-avoid-conflict-with-guava/listenablefuture-9999.0-empty-to-avoid-conflict-with-guava.jar:/home/runner/.m2/repository/com/google/code/findbugs/jsr305/3.0.0/jsr305-3.0.0.jar:/home/runner/.m2/repository/org/checkerframework/checker-qual/3.12.0/checker-qual-3.12.0.jar:/home/runner/.m2/repository/com/google/j2objc/j2objc-annotations/1.3/j2objc-annotations-1.3.jar:/home/runner/.m2/repository/commons-io/commons-io/2.11.0/commons-io-2.11.0.jar:/home/runner/.m2/repository/commons-logging/commons-logging/1.2/commons-logging-1.2.jar:/home/runner/.m2/repository/log4j/log4j/1.2.17/log4j-1.2.17.jar:/home/runner/.m2/repository/org/slf4j/slf4j-api/1.7.30/slf4j-api-1.7.30.jar:/home/runner/.m2/repository/org/apache/ozone/hdds-server-scm/1.3.0-SNAPSHOT/hdds-server-scm-1.3.0-SNAPSHOT.jar:/home/runner/.m2/repository/org/apache/ozone/hdds-container-service/1.3.0-SNAPSHOT/hdds-container-service-1.3.0-SNAPSHOT.jar:/home/runner/.m2/repository/org/apache/ozone/hdds-hadoop-dependency-server/1.3.0-SNAPSHOT/hdds-hadoop-dependency-server-1.3.0-SNAPSHOT.jar:/home/runner/.m2/repository/org/apache/hadoop/hadoop-hdfs/3.3.1/hadoop-hdfs-3.3.1.jar:/home/runner/.m2/repository/org/apache/ozone/hdds-server-framework/1.3.0-SNAPSHOT/hdds-server-framework-1.3.0-SNAPSHOT.jar:/home/runner/.m2/repository/org/apache/ozone/hdds-interface-server/1.3.0-SNAPSHOT/hdds-interface-server-1.3.0-SNAPSHOT.jar:/home/runner/.m2/repository/org/apache/logging/log4j/log4j-core/2.17.1/log4j-core-2.17.1.jar:/home/runner/.m2/repository/com/lmax/disruptor/3.4.2/disruptor-3.4.2.jar:/home/runner/.m2/repository/org/eclipse/jetty/jetty-servlet/9.4.43.v20210629/jetty-servlet-9.4.43.v20210629.jar:/home/runner/.m2/repository/org/eclipse/jetty/jetty-security/9.4.43.v20210629/jetty-security-9.4.43.v20210629.jar:/home/runner/.m2/repository/org/rocksdb/rocksdbjni/7.0.4/rocksdbjni-7.0.4.jar:/home/runner/.m2/repository/io/prometheus/simpleclient_dropwizard/0.7.0/simpleclient_dropwizard-0.7.0.jar:/home/runner/.m2/repository/io/prometheus/simpleclient/0.7.0/simpleclient-0.7.0.jar:/home/runner/.m2/repository/io/prometheus/simpleclient_common/0.7.0/simpleclient_common-0.7.0.jar:/home/runner/.m2/repository/io/dropwizard/metrics/metrics-core/3.2.4/metrics-core-3.2.4.jar:/home/runner/.m2/repository/org/apache/hadoop/hadoop-hdfs-client/3.3.1/hadoop-hdfs-client-3.3.1.jar:/home/runner/.m2/repository/org/bouncycastle/bcprov-jdk15on/1.67/bcprov-jdk15on-1.67.jar:/home/runner/.m2/repository/com/google/protobuf/protobuf-java/2.5.0/protobuf-java-2.5.0.jar:/home/runner/.m2/repository/org/apache/ozone/ozone-manager/1.3.0-SNAPSHOT/ozone-manager-1.3.0-SNAPSHOT.jar:/home/runner/.m2/repository/org/aspectj/aspectjrt/1.9.7/aspectjrt-1.9.7.jar:/home/runner/.m2/repository/org/aspectj/aspectjweaver/1.9.7/aspectjweaver-1.9.7.jar:/home/runner/.m2/repository/org/apache/ozone/hdds-interface-client/1.3.0-SNAPSHOT/hdds-interface-client-1.3.0-SNAPSHOT.jar:/home/runner/.m2/repository/org/apache/hadoop/thirdparty/hadoop-shaded-protobuf_3_7/1.1.1/hadoop-shaded-protobuf_3_7-1.1.1.jar:/home/runner/.m2/repository/org/apache/ozone/ozone-interface-storage/1.3.0-SNAPSHOT/ozone-interface-storage-1.3.0-SNAPSHOT.jar:/home/runner/.m2/repository/org/reflections/reflections/0.9.11/reflections-0.9.11.jar:/home/runner/.m2/repository/org/apache/hadoop/hadoop-minikdc/3.3.1/hadoop-minikdc-3.3.1.jar:/home/runner/.m2/repository/org/apache/kerby/kerb-simplekdc/1.0.1/kerb-simplekdc-1.0.1.jar:/home/runner/.m2/repository/org/apache/kerby/kerb-client/1.0.1/kerb-client-1.0.1.jar:/home/runner/.m2/repository/org/apache/kerby/kerby-config/1.0.1/kerby-config-1.0.1.jar:/home/runner/.m2/repository/org/apache/kerby/kerb-common/1.0.1/kerb-common-1.0.1.jar:/home/runner/.m2/repository/org/apache/kerby/kerb-crypto/1.0.1/kerb-crypto-1.0.1.jar:/home/runner/.m2/repository/org/apache/kerby/kerb-util/1.0.1/kerb-util-1.0.1.jar:/home/runner/.m2/repository/org/apache/kerby/token-provider/1.0.1/token-provider-1.0.1.jar:/home/runner/.m2/repository/org/apache/kerby/kerb-admin/1.0.1/kerb-admin-1.0.1.jar:/home/runner/.m2/repository/org/apache/kerby/kerb-server/1.0.1/kerb-server-1.0.1.jar:/home/runner/.m2/repository/org/apache/kerby/kerb-identity/1.0.1/kerb-identity-1.0.1.jar:/home/runner/.m2/repository/org/apache/kerby/kerby-xdr/1.0.1/kerby-xdr-1.0.1.jar:/home/runner/.m2/repository/org/slf4j/slf4j-log4j12/1.7.30/slf4j-log4j12-1.7.30.jar:/home/runner/.m2/repository/org/apache/ozone/ozone-s3gateway/1.3.0-SNAPSHOT/ozone-s3gateway-1.3.0-SNAPSHOT.jar:/home/runner/.m2/repository/org/javassist/javassist/3.21.0-GA/javassist-3.21.0-GA.jar:/home/runner/.m2/repository/org/jboss/weld/servlet/weld-servlet/2.4.7.Final/weld-servlet-2.4.7.Final.jar:/home/runner/.m2/repository/org/glassfish/jersey/containers/jersey-container-servlet-core/2.33/jersey-container-servlet-core-2.33.jar:/home/runner/.m2/repository/org/glassfish/hk2/external/jakarta.inject/2.6.1/jakarta.inject-2.6.1.jar:/home/runner/.m2/repository/org/glassfish/jersey/core/jersey-common/2.33/jersey-common-2.33.jar:/home/runner/.m2/repository/jakarta/ws/rs/jakarta.ws.rs-api/2.1.6/jakarta.ws.rs-api-2.1.6.jar:/home/runner/.m2/repository/org/glassfish/jersey/ext/cdi/jersey-cdi1x/2.33/jersey-cdi1x-2.33.jar:/home/runner/.m2/repository/org/glassfish/jersey/inject/jersey-hk2/2.33/jersey-hk2-2.33.jar:/home/runner/.m2/repository/org/glassfish/hk2/hk2-locator/2.6.1/hk2-locator-2.6.1.jar:/home/runner/.m2/repository/org/glassfish/jersey/media/jersey-media-jaxb/2.33/jersey-media-jaxb-2.33.jar:/home/runner/.m2/repository/org/glassfish/hk2/osgi-resource-locator/1.0.3/osgi-resource-locator-1.0.3.jar:/home/runner/.m2/repository/org/glassfish/hk2/hk2-api/2.5.0/hk2-api-2.5.0.jar:/home/runner/.m2/repository/org/glassfish/hk2/hk2-utils/2.5.0/hk2-utils-2.5.0.jar:/home/runner/.m2/repository/org/glassfish/hk2/external/aopalliance-repackaged/2.5.0/aopalliance-repackaged-2.5.0.jar:/home/runner/.m2/repository/com/fasterxml/jackson/dataformat/jackson-dataformat-xml/2.13.2/jackson-dataformat-xml-2.13.2.jar:/home/runner/.m2/repository/com/fasterxml/jackson/core/jackson-core/2.13.2/jackson-core-2.13.2.jar:/home/runner/.m2/repository/org/codehaus/woodstox/stax2-api/3.1.4/stax2-api-3.1.4.jar:/home/runner/.m2/repository/com/fasterxml/woodstox/woodstox-core/5.0.3/woodstox-core-5.0.3.jar:/home/runner/.m2/repository/com/fasterxml/jackson/module/jackson-module-jaxb-annotations/2.13.2/jackson-module-jaxb-annotations-2.13.2.jar:/home/runner/.m2/repository/jakarta/xml/bind/jakarta.xml.bind-api/2.3.3/jakarta.xml.bind-api-2.3.3.jar:/home/runner/.m2/repository/jakarta/activation/jakarta.activation-api/1.2.1/jakarta.activation-api-1.2.1.jar:/home/runner/.m2/repository/javax/enterprise/cdi-api/1.2/cdi-api-1.2.jar:/home/runner/.m2/repository/javax/el/javax.el-api/3.0.0/javax.el-api-3.0.0.jar:/home/runner/.m2/repository/javax/interceptor/javax.interceptor-api/1.2/javax.interceptor-api-1.2.jar:/home/runner/.m2/repository/javax/inject/javax.inject/1/javax.inject-1.jar:/home/runner/.m2/repository/javax/xml/bind/jaxb-api/2.3.0/jaxb-api-2.3.0.jar:/home/runner/.m2/repository/org/glassfish/jaxb/jaxb-runtime/2.3.0.1/jaxb-runtime-2.3.0.1.jar:/home/runner/.m2/repository/org/glassfish/jaxb/jaxb-core/2.3.0.1/jaxb-core-2.3.0.1.jar:/home/runner/.m2/repository/org/glassfish/jaxb/txw2/2.3.0.1/txw2-2.3.0.1.jar:/home/runner/.m2/repository/com/sun/istack/istack-commons-runtime/3.0.5/istack-commons-runtime-3.0.5.jar:/home/runner/.m2/repository/org/jvnet/staxex/stax-ex/1.7.8/stax-ex-1.7.8.jar:/home/runner/.m2/repository/com/sun/xml/fastinfoset/FastInfoset/1.2.13/FastInfoset-1.2.13.jar:/home/runner/.m2/repository/javax/activation/activation/1.1.1/activation-1.1.1.jar:/home/runner/.m2/repository/io/grpc/grpc-protobuf/1.44.0/grpc-protobuf-1.44.0.jar:/home/runner/.m2/repository/io/grpc/grpc-api/1.44.0/grpc-api-1.44.0.jar:/home/runner/.m2/repository/io/grpc/grpc-context/1.44.0/grpc-context-1.44.0.jar:/home/runner/.m2/repository/com/google/api/grpc/proto-google-common-protos/2.0.1/proto-google-common-protos-2.0.1.jar:/home/runner/.m2/repository/io/grpc/grpc-protobuf-lite/1.44.0/grpc-protobuf-lite-1.44.0.jar:/home/runner/.m2/repository/io/grpc/grpc-stub/1.44.0/grpc-stub-1.44.0.jar:/home/runner/.m2/repository/io/netty/netty-transport/4.1.74.Final/netty-transport-4.1.74.Final.jar:/home/runner/.m2/repository/io/netty/netty-resolver/4.1.74.Final/netty-resolver-4.1.74.Final.jar:/home/runner/.m2/repository/org/apache/ozone/ozone-csi/1.3.0-SNAPSHOT/ozone-csi-1.3.0-SNAPSHOT.jar:/home/runner/.m2/repository/com/google/protobuf/protobuf-java-util/3.19.2/protobuf-java-util-3.19.2.jar:/home/runner/.m2/repository/com/google/code/gson/gson/2.8.9/gson-2.8.9.jar:/home/runner/.m2/repository/org/apache/ozone/hdds-config/1.3.0-SNAPSHOT/hdds-config-1.3.0-SNAPSHOT.jar:/home/runner/.m2/repository/io/netty/netty-transport-native-epoll/4.1.74.Final/netty-transport-native-epoll-4.1.74.Final-linux-x86_64.jar:/home/runner/.m2/repository/io/netty/netty-transport-classes-epoll/4.1.74.Final/netty-transport-classes-epoll-4.1.74.Final.jar:/home/runner/.m2/repository/io/netty/netty-transport-native-unix-common/4.1.74.Final/netty-transport-native-unix-common-4.1.74.Final.jar:/home/runner/.m2/repository/org/apache/ozone/ozone-recon/1.3.0-SNAPSHOT/ozone-recon-1.3.0-SNAPSHOT.jar:/home/runner/.m2/repository/org/apache/ozone/ozone-reconcodegen/1.3.0-SNAPSHOT/ozone-reconcodegen-1.3.0-SNAPSHOT.jar:/home/runner/.m2/repository/com/google/inject/extensions/guice-multibindings/4.0/guice-multibindings-4.0.jar:/home/runner/.m2/repository/com/google/inject/guice/4.0/guice-4.0.jar:/home/runner/.m2/repository/aopalliance/aopalliance/1.0/aopalliance-1.0.jar:/home/runner/.m2/repository/com/google/inject/extensions/guice-assistedinject/4.0/guice-assistedinject-4.0.jar:/home/runner/.m2/repository/com/google/inject/extensions/guice-servlet/4.0/guice-servlet-4.0.jar:/home/runner/.m2/repository/org/glassfish/jersey/containers/jersey-container-servlet/2.33/jersey-container-servlet-2.33.jar:/home/runner/.m2/repository/org/glassfish/hk2/guice-bridge/2.5.0/guice-bridge-2.5.0.jar:/home/runner/.m2/repository/org/glassfish/jersey/core/jersey-server/2.33/jersey-server-2.33.jar:/home/runner/.m2/repository/org/glassfish/jersey/core/jersey-client/2.33/jersey-client-2.33.jar:/home/runner/.m2/repository/jakarta/annotation/jakarta.annotation-api/1.3.5/jakarta.annotation-api-1.3.5.jar:/home/runner/.m2/repository/jakarta/validation/jakarta.validation-api/2.0.2/jakarta.validation-api-2.0.2.jar:/home/runner/.m2/repository/org/glassfish/jersey/media/jersey-media-json-jackson/2.33/jersey-media-json-jackson-2.33.jar:/home/runner/.m2/repository/org/glassfish/jersey/ext/jersey-entity-filtering/2.33/jersey-entity-filtering-2.33.jar:/home/runner/.m2/repository/org/jooq/jooq/3.11.10/jooq-3.11.10.jar:/home/runner/.m2/repository/org/jooq/jooq-meta/3.11.10/jooq-meta-3.11.10.jar:/home/runner/.m2/repository/org/jooq/jooq-codegen/3.11.10/jooq-codegen-3.11.10.jar:/home/runner/.m2/repository/com/jolbox/bonecp/0.8.0.RELEASE/bonecp-0.8.0.RELEASE.jar:/home/runner/.m2/repository/org/apache/derby/derby/10.14.2.0/derby-10.14.2.0.jar:/home/runner/.m2/repository/org/xerial/sqlite-jdbc/3.25.2/sqlite-jdbc-3.25.2.jar:/home/runner/.m2/repository/org/springframework/spring-jdbc/5.2.20.RELEASE/spring-jdbc-5.2.20.RELEASE.jar:/home/runner/.m2/repository/org/springframework/spring-beans/5.2.20.RELEASE/spring-beans-5.2.20.RELEASE.jar:/home/runner/.m2/repository/org/springframework/spring-core/5.2.20.RELEASE/spring-core-5.2.20.RELEASE.jar:/home/runner/.m2/repository/org/springframework/spring-jcl/5.2.20.RELEASE/spring-jcl-5.2.20.RELEASE.jar:/home/runner/.m2/repository/org/springframework/spring-tx/5.2.20.RELEASE/spring-tx-5.2.20.RELEASE.jar:/home/runner/.m2/repository/org/apache/ozone/ozone-client/1.3.0-SNAPSHOT/ozone-client-1.3.0-SNAPSHOT.jar:/home/runner/.m2/repository/org/apache/ozone/hdds-erasurecode/1.3.0-SNAPSHOT/hdds-erasurecode-1.3.0-SNAPSHOT.jar:/home/runner/.m2/repository/com/github/spotbugs/spotbugs-annotations/3.1.12/spotbugs-annotations-3.1.12.jar:/home/runner/.m2/repository/org/apache/ozone/ozone-filesystem/1.3.0-SNAPSHOT/ozone-filesystem-1.3.0-SNAPSHOT.jar:/home/runner/.m2/repository/org/apache/ozone/ozone-filesystem-common/1.3.0-SNAPSHOT/ozone-filesystem-common-1.3.0-SNAPSHOT.jar:/home/runner/.m2/repository/org/apache/ozone/ozone-tools/1.3.0-SNAPSHOT/ozone-tools-1.3.0-SNAPSHOT.jar:/home/runner/.m2/repository/org/apache/ratis/ratis-tools/2.3.0/ratis-tools-2.3.0.jar:/home/runner/.m2/repository/com/amazonaws/aws-java-sdk-core/1.12.124/aws-java-sdk-core-1.12.124.jar:/home/runner/.m2/repository/org/apache/httpcomponents/httpclient/4.5.13/httpclient-4.5.13.jar:/home/runner/.m2/repository/org/apache/httpcomponents/httpcore/4.4.13/httpcore-4.4.13.jar:/home/runner/.m2/repository/software/amazon/ion/ion-java/1.0.2/ion-java-1.0.2.jar:/home/runner/.m2/repository/com/fasterxml/jackson/dataformat/jackson-dataformat-cbor/2.13.2/jackson-dataformat-cbor-2.13.2.jar:/home/runner/.m2/repository/joda-time/joda-time/2.8.1/joda-time-2.8.1.jar:/home/runner/.m2/repository/com/amazonaws/aws-java-sdk-s3/1.12.124/aws-java-sdk-s3-1.12.124.jar:/home/runner/.m2/repository/com/amazonaws/aws-java-sdk-kms/1.12.124/aws-java-sdk-kms-1.12.124.jar:/home/runner/.m2/repository/com/amazonaws/jmespath-java/1.12.124/jmespath-java-1.12.124.jar:/home/runner/.m2/repository/org/kohsuke/metainf-services/metainf-services/1.8/metainf-services-1.8.jar:/home/runner/.m2/repository/org/apache/ozone/hdds-tools/1.3.0-SNAPSHOT/hdds-tools-1.3.0-SNAPSHOT.jar:/home/runner/.m2/repository/commons-cli/commons-cli/1.2/commons-cli-1.2.jar:/home/runner/.m2/repository/org/apache/commons/commons-lang3/3.7/commons-lang3-3.7.jar:/home/runner/.m2/repository/org/apache/ozone/ozone-manager/1.3.0-SNAPSHOT/ozone-manager-1.3.0-SNAPSHOT-tests.jar:/home/runner/.m2/repository/org/apache/ozone/hdds-common/1.3.0-SNAPSHOT/hdds-common-1.3.0-SNAPSHOT-tests.jar:/home/runner/.m2/repository/org/apache/ozone/hdds-hadoop-dependency-client/1.3.0-SNAPSHOT/hdds-hadoop-dependency-client-1.3.0-SNAPSHOT.jar:/home/runner/.m2/repository/info/picocli/picocli/4.6.1/picocli-4.6.1.jar:/home/runner/.m2/repository/com/fasterxml/jackson/core/jackson-annotations/2.13.2/jackson-annotations-2.13.2.jar:/home/runner/.m2/repository/com/fasterxml/jackson/datatype/jackson-datatype-jsr310/2.13.2/jackson-datatype-jsr310-2.13.2.jar:/home/runner/.m2/repository/javax/annotation/javax.annotation-api/1.2/javax.annotation-api-1.2.jar:/home/runner/.m2/repository/org/apache/ratis/ratis-server/2.3.0/ratis-server-2.3.0.jar:/home/runner/.m2/repository/org/apache/ratis/ratis-client/2.3.0/ratis-client-2.3.0.jar:/home/runner/.m2/repository/org/apache/ratis/ratis-server-api/2.3.0/ratis-server-api-2.3.0.jar:/home/runner/.m2/repository/org/apache/ratis/ratis-metrics/2.3.0/ratis-metrics-2.3.0.jar:/home/runner/.m2/repository/org/apache/ratis/ratis-netty/2.3.0/ratis-netty-2.3.0.jar:/home/runner/.m2/repository/org/apache/ratis/ratis-grpc/2.3.0/ratis-grpc-2.3.0.jar:/home/runner/.m2/repository/org/apache/logging/log4j/log4j-api/2.17.1/log4j-api-2.17.1.jar:/home/runner/.m2/repository/org/apache/commons/commons-pool2/2.6.0/commons-pool2-2.6.0.jar:/home/runner/.m2/repository/org/bouncycastle/bcpkix-jdk15on/1.67/bcpkix-jdk15on-1.67.jar:/home/runner/.m2/repository/commons-validator/commons-validator/1.6/commons-validator-1.6.jar:/home/runner/.m2/repository/commons-beanutils/commons-beanutils/1.9.4/commons-beanutils-1.9.4.jar:/home/runner/.m2/repository/commons-digester/commons-digester/1.8.1/commons-digester-1.8.1.jar:/home/runner/.m2/repository/commons-collections/commons-collections/3.2.2/commons-collections-3.2.2.jar:/home/runner/.m2/repository/io/jaegertracing/jaeger-client/1.6.0/jaeger-client-1.6.0.jar:/home/runner/.m2/repository/io/jaegertracing/jaeger-thrift/1.6.0/jaeger-thrift-1.6.0.jar:/home/runner/.m2/repository/org/apache/thrift/libthrift/0.14.1/libthrift-0.14.1.jar:/home/runner/.m2/repository/com/squareup/okhttp3/okhttp/4.9.0/okhttp-4.9.0.jar:/home/runner/.m2/repository/com/squareup/okio/okio/2.8.0/okio-2.8.0.jar:/home/runner/.m2/repository/io/jaegertracing/jaeger-core/1.6.0/jaeger-core-1.6.0.jar:/home/runner/.m2/repository/io/jaegertracing/jaeger-tracerresolver/1.6.0/jaeger-tracerresolver-1.6.0.jar:/home/runner/.m2/repository/io/opentracing/contrib/opentracing-tracerresolver/0.1.8/opentracing-tracerresolver-0.1.8.jar:/home/runner/.m2/repository/org/jetbrains/kotlin/kotlin-stdlib/1.4.31/kotlin-stdlib-1.4.31.jar:/home/runner/.m2/repository/org/jetbrains/kotlin/kotlin-stdlib-common/1.4.31/kotlin-stdlib-common-1.4.31.jar:/home/runner/.m2/repository/org/jetbrains/annotations/13.0/annotations-13.0.jar:/home/runner/.m2/repository/io/opentracing/opentracing-util/0.33.0/opentracing-util-0.33.0.jar:/home/runner/.m2/repository/io/opentracing/opentracing-api/0.33.0/opentracing-api-0.33.0.jar:/home/runner/.m2/repository/io/opentracing/opentracing-noop/0.33.0/opentracing-noop-0.33.0.jar:/home/runner/.m2/repository/org/yaml/snakeyaml/1.26/snakeyaml-1.26.jar:/home/runner/.m2/repository/org/apache/ozone/hdds-interface-admin/1.3.0-SNAPSHOT/hdds-interface-admin-1.3.0-SNAPSHOT.jar:/home/runner/.m2/repository/junit/junit/4.13.1/junit-4.13.1.jar:/home/runner/.m2/repository/org/hamcrest/hamcrest-core/1.3/hamcrest-core-1.3.jar:/home/runner/.m2/repository/org/junit/jupiter/junit-jupiter-api/5.8.2/junit-jupiter-api-5.8.2.jar:/home/runner/.m2/repository/org/opentest4j/opentest4j/1.2.0/opentest4j-1.2.0.jar:/home/runner/.m2/repository/org/junit/platform/junit-platform-commons/1.8.2/junit-platform-commons-1.8.2.jar:/home/runner/.m2/repository/org/apiguardian/apiguardian-api/1.1.2/apiguardian-api-1.1.2.jar:/home/runner/.m2/repository/org/junit/jupiter/junit-jupiter-params/5.8.2/junit-jupiter-params-5.8.2.jar:/home/runner/.m2/repository/org/junit/jupiter/junit-jupiter-migrationsupport/5.8.2/junit-jupiter-migrationsupport-5.8.2.jar:/home/runner/.m2/repository/org/junit/jupiter/junit-jupiter-engine/5.8.2/junit-jupiter-engine-5.8.2.jar:/home/runner/.m2/repository/org/junit/platform/junit-platform-engine/1.8.2/junit-platform-engine-1.8.2.jar:/home/runner/.m2/repository/org/junit/vintage/junit-vintage-engine/5.8.2/junit-vintage-engine-5.8.2.jar:/home/runner/.m2/repository/org/junit/platform/junit-platform-launcher/1.8.2/junit-platform-launcher-1.8.2.jar:/home/runner/.m2/repository/org/mockito/mockito-core/2.28.2/mockito-core-2.28.2.jar:/home/runner/.m2/repository/net/bytebuddy/byte-buddy/1.9.10/byte-buddy-1.9.10.jar:/home/runner/.m2/repository/net/bytebuddy/byte-buddy-agent/1.9.10/byte-buddy-agent-1.9.10.jar:/home/runner/.m2/repository/org/objenesis/objenesis/1.0/objenesis-1.0.jar:/home/runner/.m2/repository/org/apache/hadoop/hadoop-kms/3.3.1/hadoop-kms-3.3.1.jar:/home/runner/.m2/repository/org/apache/hadoop/hadoop-auth/3.3.1/hadoop-auth-3.3.1.jar:/home/runner/.m2/repository/com/nimbusds/nimbus-jose-jwt/7.9/nimbus-jose-jwt-7.9.jar:/home/runner/.m2/repository/com/github/stephenc/jcip/jcip-annotations/1.0-1/jcip-annotations-1.0-1.jar:/home/runner/.m2/repository/net/minidev/json-smart/2.4.7/json-smart-2.4.7.jar:/home/runner/.m2/repository/net/minidev/accessors-smart/2.4.7/accessors-smart-2.4.7.jar:/home/runner/.m2/repository/org/ow2/asm/asm/5.0.4/asm-5.0.4.jar:/home/runner/.m2/repository/org/apache/zookeeper/zookeeper/3.5.6/zookeeper-3.5.6.jar:/home/runner/.m2/repository/org/apache/zookeeper/zookeeper-jute/3.5.6/zookeeper-jute-3.5.6.jar:/home/runner/.m2/repository/org/apache/yetus/audience-annotations/0.5.0/audience-annotations-0.5.0.jar:/home/runner/.m2/repository/org/apache/curator/curator-framework/4.2.0/curator-framework-4.2.0.jar:/home/runner/.m2/repository/org/apache/hadoop/thirdparty/hadoop-shaded-guava/1.1.1/hadoop-shaded-guava-1.1.1.jar:/home/runner/.m2/repository/com/sun/jersey/jersey-core/1.19/jersey-core-1.19.jar:/home/runner/.m2/repository/javax/ws/rs/jsr311-api/1.1.1/jsr311-api-1.1.1.jar:/home/runner/.m2/repository/com/sun/jersey/jersey-server/1.19/jersey-server-1.19.jar:/home/runner/.m2/repository/javax/servlet/javax.servlet-api/3.1.0/javax.servlet-api-3.1.0.jar:/home/runner/.m2/repository/org/eclipse/jetty/jetty-server/9.4.43.v20210629/jetty-server-9.4.43.v20210629.jar:/home/runner/.m2/repository/org/eclipse/jetty/jetty-http/9.4.43.v20210629/jetty-http-9.4.43.v20210629.jar:/home/runner/.m2/repository/org/eclipse/jetty/jetty-io/9.4.43.v20210629/jetty-io-9.4.43.v20210629.jar:/home/runner/.m2/repository/org/eclipse/jetty/jetty-webapp/9.4.43.v20210629/jetty-webapp-9.4.43.v20210629.jar:/home/runner/.m2/repository/org/eclipse/jetty/jetty-xml/9.4.43.v20210629/jetty-xml-9.4.43.v20210629.jar:/home/runner/.m2/repository/org/apache/hadoop/hadoop-common/3.3.1/hadoop-common-3.3.1.jar:/home/runner/.m2/repository/org/apache/commons/commons-math3/3.1.1/commons-math3-3.1.1.jar:/home/runner/.m2/repository/commons-net/commons-net/3.6/commons-net-3.6.jar:/home/runner/.m2/repository/com/sun/jersey/jersey-servlet/1.19/jersey-servlet-1.19.jar:/home/runner/.m2/repository/com/sun/jersey/jersey-json/1.19/jersey-json-1.19.jar:/home/runner/.m2/repository/org/codehaus/jettison/jettison/1.1/jettison-1.1.jar:/home/runner/.m2/repository/com/sun/xml/bind/jaxb-impl/2.2.3-1/jaxb-impl-2.2.3-1.jar:/home/runner/.m2/repository/org/codehaus/jackson/jackson-jaxrs/1.9.2/jackson-jaxrs-1.9.2.jar:/home/runner/.m2/repository/org/codehaus/jackson/jackson-xc/1.9.2/jackson-xc-1.9.2.jar:/home/runner/.m2/repository/org/apache/commons/commons-configuration2/2.1.1/commons-configuration2-2.1.1.jar:/home/runner/.m2/repository/org/apache/commons/commons-text/1.4/commons-text-1.4.jar:/home/runner/.m2/repository/com/google/re2j/re2j/1.1/re2j-1.1.jar:/home/runner/.m2/repository/com/jcraft/jsch/0.1.54/jsch-0.1.54.jar:/home/runner/.m2/repository/org/apache/curator/curator-client/4.2.0/curator-client-4.2.0.jar:/home/runner/.m2/repository/org/apache/curator/curator-recipes/4.2.0/curator-recipes-4.2.0.jar:/home/runner/.m2/repository/org/apache/kerby/kerb-core/1.0.1/kerb-core-1.0.1.jar:/home/runner/.m2/repository/org/apache/kerby/kerby-pkix/1.0.1/kerby-pkix-1.0.1.jar:/home/runner/.m2/repository/org/apache/kerby/kerby-asn1/1.0.1/kerby-asn1-1.0.1.jar:/home/runner/.m2/repository/org/apache/kerby/kerby-util/1.0.1/kerby-util-1.0.1.jar:/home/runner/.m2/repository/dnsjava/dnsjava/2.1.7/dnsjava-2.1.7.jar:/home/runner/.m2/repository/org/xerial/snappy/snappy-java/1.1.8.2/snappy-java-1.1.8.2.jar:/home/runner/.m2/repository/org/slf4j/jul-to-slf4j/1.7.30/jul-to-slf4j-1.7.30.jar:/home/runner/.m2/repository/org/eclipse/jetty/jetty-util/9.4.43.v20210629/jetty-util-9.4.43.v20210629.jar:/home/runner/.m2/repository/com/fasterxml/jackson/core/jackson-databind/2.13.2.2/jackson-databind-2.13.2.2.jar:/home/runner/.m2/repository/org/apache/hadoop/hadoop-kms/3.3.1/hadoop-kms-3.3.1-tests.jar:/home/runner/.m2/repository/org/apache/ozone/hdds-server-scm/1.3.0-SNAPSHOT/hdds-server-scm-1.3.0-SNAPSHOT-tests.jar:/home/runner/.m2/repository/org/apache/ozone/hdds-container-service/1.3.0-SNAPSHOT/hdds-container-service-1.3.0-SNAPSHOT-tests.jar:/home/runner/.m2/repository/commons-codec/commons-codec/1.11/commons-codec-1.11.jar:/home/runner/.m2/repository/io/netty/netty-codec/4.1.74.Final/netty-codec-4.1.74.Final.jar:/home/runner/.m2/repository/io/netty/netty-handler/4.1.74.Final/netty-handler-4.1.74.Final.jar:/home/runner/.m2/repository/org/apache/ozone/hdds-hadoop-dependency-test/1.3.0-SNAPSHOT/hdds-hadoop-dependency-test-1.3.0-SNAPSHOT.jar:/home/runner/.m2/repository/org/apache/hadoop/hadoop-common/3.3.1/hadoop-common-3.3.1-tests.jar:/home/runner/.m2/repository/org/assertj/assertj-core/3.12.2/assertj-core-3.12.2.jar:/home/runner/.m2/repository/org/apache/hadoop/hadoop-hdfs/3.3.1/hadoop-hdfs-3.3.1-tests.jar:/home/runner/.m2/repository/org/eclipse/jetty/jetty-util-ajax/9.4.43.v20210629/jetty-util-ajax-9.4.43.v20210629.jar:/home/runner/.m2/repository/commons-daemon/commons-daemon/1.0.13/commons-daemon-1.0.13.jar:/home/runner/.m2/repository/io/netty/netty/3.10.6.Final/netty-3.10.6.Final.jar:/home/runner/.m2/repository/io/netty/netty-all/4.1.74.Final/netty-all-4.1.74.Final.jar:/home/runner/.m2/repository/io/netty/netty-codec-dns/4.1.74.Final/netty-codec-dns-4.1.74.Final.jar:/home/runner/.m2/repository/io/netty/netty-codec-haproxy/4.1.74.Final/netty-codec-haproxy-4.1.74.Final.jar:/home/runner/.m2/repository/io/netty/netty-codec-memcache/4.1.74.Final/netty-codec-memcache-4.1.74.Final.jar:/home/runner/.m2/repository/io/netty/netty-codec-mqtt/4.1.74.Final/netty-codec-mqtt-4.1.74.Final.jar:/home/runner/.m2/repository/io/netty/netty-codec-redis/4.1.74.Final/netty-codec-redis-4.1.74.Final.jar:/home/runner/.m2/repository/io/netty/netty-codec-smtp/4.1.74.Final/netty-codec-smtp-4.1.74.Final.jar:/home/runner/.m2/repository/io/netty/netty-codec-stomp/4.1.74.Final/netty-codec-stomp-4.1.74.Final.jar:/home/runner/.m2/repository/io/netty/netty-codec-xml/4.1.74.Final/netty-codec-xml-4.1.74.Final.jar:/home/runner/.m2/repository/io/netty/netty-resolver-dns/4.1.74.Final/netty-resolver-dns-4.1.74.Final.jar:/home/runner/.m2/repository/io/netty/netty-transport-rxtx/4.1.74.Final/netty-transport-rxtx-4.1.74.Final.jar:/home/runner/.m2/repository/io/netty/netty-transport-sctp/4.1.74.Final/netty-transport-sctp-4.1.74.Final.jar:/home/runner/.m2/repository/io/netty/netty-transport-udt/4.1.74.Final/netty-transport-udt-4.1.74.Final.jar:/home/runner/.m2/repository/io/netty/netty-transport-classes-kqueue/4.1.74.Final/netty-transport-classes-kqueue-4.1.74.Final.jar:/home/runner/.m2/repository/io/netty/netty-resolver-dns-classes-macos/4.1.74.Final/netty-resolver-dns-classes-macos-4.1.74.Final.jar:/home/runner/.m2/repository/io/netty/netty-transport-native-epoll/4.1.74.Final/netty-transport-native-epoll-4.1.74.Final-linux-aarch_64.jar:/home/runner/.m2/repository/io/netty/netty-transport-native-kqueue/4.1.74.Final/netty-transport-native-kqueue-4.1.74.Final-osx-x86_64.jar:/home/runner/.m2/repository/io/netty/netty-transport-native-kqueue/4.1.74.Final/netty-transport-native-kqueue-4.1.74.Final-osx-aarch_64.jar:/home/runner/.m2/repository/io/netty/netty-resolver-dns-native-macos/4.1.74.Final/netty-resolver-dns-native-macos-4.1.74.Final-osx-x86_64.jar:/home/runner/.m2/repository/io/netty/netty-resolver-dns-native-macos/4.1.74.Final/netty-resolver-dns-native-macos-4.1.74.Final-osx-aarch_64.jar:/home/runner/.m2/repository/org/apache/htrace/htrace-core4/4.1.0-incubating/htrace-core4-4.1.0-incubating.jar:/home/runner/.m2/repository/org/fusesource/leveldbjni/leveldbjni-all/1.8/leveldbjni-all-1.8.jar:/home/runner/.m2/repository/org/apache/hadoop/hadoop-distcp/3.3.1/hadoop-distcp-3.3.1.jar:/home/runner/.m2/repository/org/apache/hadoop/hadoop-mapreduce-client-jobclient/3.3.1/hadoop-mapreduce-client-jobclient-3.3.1.jar:/home/runner/.m2/repository/org/apache/hadoop/hadoop-mapreduce-client-common/3.3.1/hadoop-mapreduce-client-common-3.3.1.jar:/home/runner/.m2/repository/org/apache/hadoop/hadoop-yarn-common/3.3.1/hadoop-yarn-common-3.3.1.jar:/home/runner/.m2/repository/org/apache/hadoop/hadoop-yarn-api/3.3.1/hadoop-yarn-api-3.3.1.jar:/home/runner/.m2/repository/com/sun/jersey/jersey-client/1.19/jersey-client-1.19.jar:/home/runner/.m2/repository/com/sun/jersey/contribs/jersey-guice/1.19/jersey-guice-1.19.jar:/home/runner/.m2/repository/com/fasterxml/jackson/jaxrs/jackson-jaxrs-json-provider/2.13.2/jackson-jaxrs-json-provider-2.13.2.jar:/home/runner/.m2/repository/com/fasterxml/jackson/jaxrs/jackson-jaxrs-base/2.13.2/jackson-jaxrs-base-2.13.2.jar:/home/runner/.m2/repository/org/apache/hadoop/hadoop-yarn-client/3.3.1/hadoop-yarn-client-3.3.1.jar:/home/runner/.m2/repository/org/eclipse/jetty/websocket/websocket-client/9.4.40.v20210413/websocket-client-9.4.40.v20210413.jar:/home/runner/.m2/repository/org/eclipse/jetty/jetty-client/9.4.40.v20210413/jetty-client-9.4.40.v20210413.jar:/home/runner/.m2/repository/org/eclipse/jetty/websocket/websocket-common/9.4.40.v20210413/websocket-common-9.4.40.v20210413.jar:/home/runner/.m2/repository/org/eclipse/jetty/websocket/websocket-api/9.4.40.v20210413/websocket-api-9.4.40.v20210413.jar:/home/runner/.m2/repository/org/jline/jline/3.9.0/jline-3.9.0.jar:/home/runner/.m2/repository/org/apache/hadoop/hadoop-mapreduce-client-core/3.3.1/hadoop-mapreduce-client-core-3.3.1.jar:/home/runner/.m2/repository/org/apache/avro/avro/1.7.7/avro-1.7.7.jar:/home/runner/.m2/repository/org/codehaus/jackson/jackson-core-asl/1.9.13/jackson-core-asl-1.9.13.jar:/home/runner/.m2/repository/org/codehaus/jackson/jackson-mapper-asl/1.9.13/jackson-mapper-asl-1.9.13.jar:/home/runner/.m2/repository/com/thoughtworks/paranamer/paranamer/2.3/paranamer-2.3.jar:/home/runner/.m2/repository/org/apache/hadoop/hadoop-annotations/3.3.1/hadoop-annotations-3.3.1.jar:/usr/lib/jvm/temurin-8-jdk-amd64/jre/../lib/tools.jar:/home/runner/.m2/repository/org/apache/hadoop/hadoop-distcp/3.3.1/hadoop-distcp-3.3.1-tests.jar:/home/runner/.m2/repository/org/apache/ratis/ratis-common/2.3.0/ratis-common-2.3.0.jar:/home/runner/.m2/repository/org/apache/ratis/ratis-thirdparty-misc/1.0.0/ratis-thirdparty-misc-1.0.0.jar:/home/runner/.m2/repository/org/apache/ratis/ratis-proto/2.3.0/ratis-proto-2.3.0.jar:/home/runner/.m2/repository/org/apache/ozone/ozone-annotation-processing/1.3.0-SNAPSHOT/ozone-annotation-processing-1.3.0-SNAPSHOT.jar:"/>
    <property name="sun.cpu.endian" value="little"/>
    <property name="user.home" value="/home/runner"/>
    <property name="user.language" value="en"/>
    <property name="java.specification.vendor" value="Oracle Corporation"/>
    <property name="java.home" value="/usr/lib/jvm/temurin-8-jdk-amd64/jre"/>
    <property name="java.security.krb5.conf" value="/home/runner/work/ozone/ozone/hadoop-ozone/integration-test/target/test-classes/krb5.conf"/>
    <property name="basedir" value="/home/runner/work/ozone/ozone/hadoop-ozone/integration-test"/>
    <property name="file.separator" value="/"/>
    <property name="line.separator" value="&#10;"/>
    <property name="java.vm.specification.vendor" value="Oracle Corporation"/>
    <property name="java.specification.name" value="Java Platform API Specification"/>
    <property name="java.awt.graphicsenv" value="sun.awt.X11GraphicsEnvironment"/>
    <property name="skip.installnpx" value="true"/>
    <property name="surefire.real.class.path" value="/home/runner/work/ozone/ozone/hadoop-ozone/integration-test/target/surefire/surefirebooter7213846568204618296.jar:/home/runner/.m2/repository/org/jacoco/org.jacoco.agent/0.8.5/org.jacoco.agent-0.8.5-runtime.jar"/>
    <property name="hadoop.log.dir" value="/home/runner/work/ozone/ozone/hadoop-ozone/integration-test/target/log"/>
    <property name="sun.boot.class.path" value="/usr/lib/jvm/temurin-8-jdk-amd64/jre/lib/resources.jar:/usr/lib/jvm/temurin-8-jdk-amd64/jre/lib/rt.jar:/usr/lib/jvm/temurin-8-jdk-amd64/jre/lib/sunrsasign.jar:/usr/lib/jvm/temurin-8-jdk-amd64/jre/lib/jsse.jar:/usr/lib/jvm/temurin-8-jdk-amd64/jre/lib/jce.jar:/usr/lib/jvm/temurin-8-jdk-amd64/jre/lib/charsets.jar:/usr/lib/jvm/temurin-8-jdk-amd64/jre/lib/jfr.jar:/usr/lib/jvm/temurin-8-jdk-amd64/jre/classes"/>
    <property name="sun.management.compiler" value="HotSpot 64-Bit Tiered Compilers"/>
    <property name="skip.npx" value="true"/>
    <property name="java.runtime.version" value="1.8.0_332-b09"/>
    <property name="java.net.preferIPv4Stack" value="true"/>
    <property name="user.name" value="runner"/>
    <property name="path.separator" value=":"/>
    <property name="java.security.egd" value="file:///dev/urandom"/>
    <property name="os.version" value="5.4.0-1078-azure"/>
    <property name="java.endorsed.dirs" value="/usr/lib/jvm/temurin-8-jdk-amd64/jre/lib/endorsed"/>
    <property name="java.runtime.name" value="OpenJDK Runtime Environment"/>
    <property name="file.encoding" value="UTF-8"/>
    <property name="java.vm.name" value="OpenJDK 64-Bit Server VM"/>
    <property name="test.build.webapps" value=""/>
    <property name="localRepository" value="/home/runner/.m2/repository"/>
    <property name="jetty.git.hash" value="526006ecfa3af7f1a27ef3a288e2bef7ea9dd7e8"/>
    <property name="java.vendor.url.bug" value="https://github.com/adoptium/adoptium-support/issues"/>
    <property name="java.io.tmpdir" value="/tmp"/>
    <property name="require.test.libhadoop" value=""/>
    <property name="java.version" value="1.8.0_332"/>
    <property name="user.dir" value="/home/runner/work/ozone/ozone/hadoop-ozone/integration-test"/>
    <property name="os.arch" value="amd64"/>
    <property name="java.vm.specification.name" value="Java Virtual Machine Specification"/>
    <property name="test.build.classes" value="/home/runner/work/ozone/ozone/hadoop-ozone/integration-test/target/test-classes"/>
    <property name="java.awt.printerjob" value="sun.print.PSPrinterJob"/>
    <property name="sun.os.patch.level" value="unknown"/>
    <property name="hadoop.tmp.dir" value="/home/runner/work/ozone/ozone/hadoop-ozone/integration-test/target/tmp"/>
    <property name="java.library.path" value="/usr/java/packages/lib/amd64:/usr/lib64:/lib64:/lib:/usr/lib"/>
    <property name="java.vm.info" value="mixed mode"/>
    <property name="java.vendor" value="Temurin"/>
    <property name="java.vm.version" value="25.332-b09"/>
    <property name="java.ext.dirs" value="/usr/lib/jvm/temurin-8-jdk-amd64/jre/lib/ext:/usr/java/packages/lib/ext"/>
    <property name="sun.io.unicode.encoding" value="UnicodeLittle"/>
    <property name="java.class.version" value="52.0"/>
  </properties>
  <testcase name="testOMRetryCache" classname="org.apache.hadoop.ozone.om.TestOzoneManagerHAMetadataOnly" time="36.456">
    <system-out><![CDATA[2022-05-26 08:02:19,305 [main] WARN  server.ServerUtils (ServerUtils.java:getScmDbDir(148)) - ozone.scm.db.dirs is not configured. We recommend adding this setting. Falling back to ozone.metadata.dirs instead.
2022-05-26 08:02:19,401 [main] INFO  ha.SCMHANodeDetails (SCMHANodeDetails.java:loadSCMHAConfig(160)) - ServiceID for StorageContainerManager is null
2022-05-26 08:02:19,402 [main] INFO  ha.SCMHANodeDetails (SCMHANodeDetails.java:loadSCMHAConfig(165)) - ozone.scm.default.service.id is not defined, falling back to ozone.scm.service.ids to find serviceID for StorageContainerManager if it is HA enabled cluster
2022-05-26 08:02:19,511 [main] WARN  server.ServerUtils (ServerUtils.java:getScmDbDir(148)) - ozone.scm.db.dirs is not configured. We recommend adding this setting. Falling back to ozone.metadata.dirs instead.
2022-05-26 08:02:19,514 [main] INFO  upgrade.AbstractLayoutVersionManager (AbstractLayoutVersionManager.java:init(79)) - Initializing Layout version manager with metadata layout = ERASURE_CODED_STORAGE_SUPPORT (version = 3), software layout = ERASURE_CODED_STORAGE_SUPPORT (version = 3)
2022-05-26 08:02:19,685 [main] INFO  reflections.Reflections (Reflections.java:scan(232)) - Reflections took 103 ms to scan 7 urls, producing 127 keys and 292 values 
2022-05-26 08:02:20,183 [main] WARN  utils.HAUtils (HAUtils.java:getMetaDir(342)) - ozone.scm.db.dirs is not configured. We recommend adding this setting. Falling back to ozone.metadata.dirs instead.
2022-05-26 08:02:20,303 [main] WARN  db.DBStoreBuilder (DBStoreBuilder.java:applyDBDefinition(145)) - ozone.scm.db.dirs is not configured. We recommend adding this setting. Falling back to ozone.metadata.dirs instead.
2022-05-26 08:02:20,482 [main] INFO  net.NodeSchemaLoader (NodeSchemaLoader.java:loadSchemaFromFile(129)) - Loading schema from [jar:file:/home/runner/.m2/repository/org/apache/ozone/hdds-common/1.3.0-SNAPSHOT/hdds-common-1.3.0-SNAPSHOT.jar!/network-topology-default.xml]
2022-05-26 08:02:20,485 [main] INFO  net.NodeSchemaLoader (NodeSchemaLoader.java:loadSchema(176)) - Loading network topology layer schema file
2022-05-26 08:02:20,529 [main] INFO  metrics.MetricRegistries (MetricRegistriesLoader.java:load(64)) - Loaded MetricRegistries class org.apache.ratis.metrics.impl.MetricRegistriesImpl
2022-05-26 08:02:20,544 [main] INFO  ha.SequenceIdGenerator (SequenceIdGenerator.java:upgradeToSequenceId(347)) - upgrade localId to 109611004723200000
2022-05-26 08:02:20,544 [main] INFO  ha.SequenceIdGenerator (SequenceIdGenerator.java:upgradeToSequenceId(357)) - upgrade delTxnId to 0
2022-05-26 08:02:20,547 [main] INFO  ha.SequenceIdGenerator (SequenceIdGenerator.java:upgradeToSequenceId(374)) - upgrade containerId to 0
2022-05-26 08:02:20,549 [main] INFO  ha.SequenceIdGenerator (SequenceIdGenerator.java:<init>(218)) - Init the HA SequenceIdGenerator.
2022-05-26 08:02:20,586 [main] WARN  server.ServerUtils (ServerUtils.java:sanitizeUserArgs(73)) - ozone.scm.stale.node.interval value = 300000 is larger than max = 100000 based on the key value of ozone.scm.heartbeat.thread.interval, reset to the max value 100000.
2022-05-26 08:02:20,588 [main] WARN  server.ServerUtils (ServerUtils.java:sanitizeUserArgs(73)) - ozone.scm.stale.node.interval value = 300000 is larger than max = 100000 based on the key value of ozone.scm.heartbeat.thread.interval, reset to the max value 100000.
2022-05-26 08:02:20,593 [main] INFO  node.SCMNodeManager (SCMNodeManager.java:<init>(148)) - Entering startup safe mode.
2022-05-26 08:02:20,647 [main] INFO  algorithms.ContainerPlacementPolicyFactory (ContainerPlacementPolicyFactory.java:getPolicyInternal(86)) - Create container placement policy of type org.apache.hadoop.hdds.scm.container.placement.algorithms.SCMContainerPlacementRandom
2022-05-26 08:02:20,655 [main] INFO  pipeline.PipelineStateManagerImpl (PipelineStateManagerImpl.java:initialize(78)) - No pipeline exists in current db
2022-05-26 08:02:20,684 [main] INFO  algorithms.LeaderChoosePolicyFactory (LeaderChoosePolicyFactory.java:getPolicy(57)) - Create leader choose policy of type org.apache.hadoop.hdds.scm.pipeline.leader.choose.algorithms.MinLeaderCountChoosePolicy
2022-05-26 08:02:20,684 [main] INFO  algorithms.ContainerPlacementPolicyFactory (ContainerPlacementPolicyFactory.java:getPolicyInternal(86)) - Create container placement policy of type org.apache.hadoop.hdds.scm.container.placement.algorithms.SCMContainerPlacementRackScatter
2022-05-26 08:02:20,690 [main] INFO  pipeline.BackgroundPipelineCreator (BackgroundPipelineCreator.java:start(125)) - Starting RatisPipelineUtilsThread.
2022-05-26 08:02:20,691 [main] INFO  pipeline.BackgroundPipelineScrubber (BackgroundPipelineScrubber.java:start(126)) - Starting BackgroundPipelineScrubber Service.
2022-05-26 08:02:20,696 [main] INFO  ha.SCMServiceManager (SCMServiceManager.java:register(42)) - Registering service BackgroundPipelineCreator.
2022-05-26 08:02:20,696 [main] INFO  ha.SCMServiceManager (SCMServiceManager.java:register(42)) - Registering service BackgroundPipelineScrubber.
2022-05-26 08:02:20,704 [main] INFO  ExpiredContainerReplicaOpScrubber (BackgroundSCMService.java:start(68)) - Starting ExpiredContainerReplicaOpScrubber Service.
2022-05-26 08:02:20,708 [main] INFO  ha.SCMServiceManager (SCMServiceManager.java:register(42)) - Registering service ExpiredContainerReplicaOpScrubber.
2022-05-26 08:02:20,730 [main] INFO  algorithms.PipelineChoosePolicyFactory (PipelineChoosePolicyFactory.java:createPipelineChoosePolicyFromClass(73)) - Create pipeline choose policy of type org.apache.hadoop.hdds.scm.pipeline.choose.algorithms.RandomPipelineChoosePolicy
2022-05-26 08:02:20,745 [main] INFO  ha.SCMServiceManager (SCMServiceManager.java:register(42)) - Registering service SCMBlockDeletingService.
2022-05-26 08:02:20,781 [main] INFO  ha.SCMServiceManager (SCMServiceManager.java:register(42)) - Registering service ReplicationManager.
2022-05-26 08:02:20,781 [main] INFO  replication.ReplicationManager (ReplicationManager.java:start(179)) - Starting Replication Monitor Thread.
2022-05-26 08:02:20,797 [ReplicationMonitor] INFO  replication.ReplicationManager (ReplicationManager.java:processAll(228)) - Replication Manager is not ready to run until 3000ms after safemode exit
2022-05-26 08:02:20,798 [main] INFO  safemode.ContainerSafeModeRule (ContainerSafeModeRule.java:<init>(89)) - containers with one replica threshold count 0
2022-05-26 08:02:20,800 [main] INFO  safemode.HealthyPipelineSafeModeRule (HealthyPipelineSafeModeRule.java:initializeRule(156)) - Total pipeline count is 0, healthy pipeline threshold count is 1
2022-05-26 08:02:20,802 [main] INFO  safemode.OneReplicaPipelineSafeModeRule (OneReplicaPipelineSafeModeRule.java:initializeRule(180)) - Total pipeline count is 0, pipeline's with at least one datanode reported threshold count is 0
2022-05-26 08:02:21,066 [main] INFO  audit.AuditLogger (AuditLogger.java:refreshDebugCmdSet(120)) - Refresh DebugCmdSet for SCMAudit to [].
2022-05-26 08:02:21,092 [main] INFO  ipc.CallQueueManager (CallQueueManager.java:<init>(90)) - Using callQueue: class java.util.concurrent.LinkedBlockingQueue, queueCapacity: 2000, scheduler: class org.apache.hadoop.ipc.DefaultRpcScheduler, ipcBackoff: false.
2022-05-26 08:02:21,126 [Socket Reader #1 for port 0] INFO  ipc.Server (Server.java:run(1265)) - Starting Socket Reader #1 for port 0
2022-05-26 08:02:21,176 [Listener at 0.0.0.0/45983] INFO  audit.AuditLogger (AuditLogger.java:refreshDebugCmdSet(120)) - Refresh DebugCmdSet for SCMAudit to [].
2022-05-26 08:02:21,180 [Listener at 0.0.0.0/45983] INFO  ipc.CallQueueManager (CallQueueManager.java:<init>(90)) - Using callQueue: class java.util.concurrent.LinkedBlockingQueue, queueCapacity: 2000, scheduler: class org.apache.hadoop.ipc.DefaultRpcScheduler, ipcBackoff: false.
2022-05-26 08:02:21,184 [Socket Reader #1 for port 0] INFO  ipc.Server (Server.java:run(1265)) - Starting Socket Reader #1 for port 0
2022-05-26 08:02:21,213 [Listener at 0.0.0.0/37425] INFO  audit.AuditLogger (AuditLogger.java:refreshDebugCmdSet(120)) - Refresh DebugCmdSet for SCMAudit to [].
2022-05-26 08:02:21,224 [Listener at 0.0.0.0/37425] INFO  ipc.CallQueueManager (CallQueueManager.java:<init>(90)) - Using callQueue: class java.util.concurrent.LinkedBlockingQueue, queueCapacity: 2000, scheduler: class org.apache.hadoop.ipc.DefaultRpcScheduler, ipcBackoff: false.
2022-05-26 08:02:21,225 [Socket Reader #1 for port 0] INFO  ipc.Server (Server.java:run(1265)) - Starting Socket Reader #1 for port 0
2022-05-26 08:02:21,281 [Listener at 0.0.0.0/37095] INFO  server.StorageContainerManager (StorageContainerManager.java:<init>(400)) - 
Container Balancer status:
Key                            Value
Running                        false
Container Balancer Configuration values:
Key                                                Value
Threshold                                          10
Max Datanodes to Involve per Iteration(percent)    20
Max Size to Move per Iteration                     500GB
Max Size Entering Target per Iteration             26GB
Max Size Leaving Source per Iteration              26GB

2022-05-26 08:02:21,282 [Listener at 0.0.0.0/37095] WARN  events.EventQueue (EventQueue.java:fireEvent(194)) - No event handler registered for event TypedEvent{payloadType=SafeModeStatus, name='Safe mode status'}
2022-05-26 08:02:21,282 [Listener at 0.0.0.0/37095] INFO  ha.SCMContext (SCMContext.java:updateSafeModeStatus(211)) - Update SafeModeStatus from SafeModeStatus{safeModeStatus=true, preCheckPassed=false} to SafeModeStatus{safeModeStatus=true, preCheckPassed=false}.
2022-05-26 08:02:21,287 [Listener at 0.0.0.0/37095] INFO  server.StorageContainerManager (StorageContainerManager.java:start(1385)) - StorageContainerLocationProtocol RPC server is listening at /0.0.0.0:37095
2022-05-26 08:02:21,348 [Listener at 0.0.0.0/37095] WARN  impl.MetricsConfig (MetricsConfig.java:loadFirst(136)) - Cannot locate configuration: tried hadoop-metrics2-storagecontainermanager.properties,hadoop-metrics2.properties
2022-05-26 08:02:21,360 [Listener at 0.0.0.0/37095] INFO  impl.MetricsSystemImpl (MetricsSystemImpl.java:startTimer(378)) - Scheduled Metric snapshot period at 10 second(s).
2022-05-26 08:02:21,360 [Listener at 0.0.0.0/37095] INFO  impl.MetricsSystemImpl (MetricsSystemImpl.java:start(191)) - StorageContainerManager metrics system started
2022-05-26 08:02:21,620 [Listener at 0.0.0.0/37095] INFO  server.SCMClientProtocolServer (SCMClientProtocolServer.java:start(169)) - RPC server for Client  is listening at /0.0.0.0:37095
2022-05-26 08:02:21,622 [IPC Server Responder] INFO  ipc.Server (Server.java:run(1507)) - IPC Server Responder: starting
2022-05-26 08:02:21,622 [IPC Server listener on 0] INFO  ipc.Server (Server.java:run(1344)) - IPC Server listener on 0: starting
2022-05-26 08:02:21,625 [Listener at 0.0.0.0/37095] INFO  server.StorageContainerManager (StorageContainerManager.java:start(1400)) - ScmBlockLocationProtocol RPC server is listening at /0.0.0.0:37425
2022-05-26 08:02:21,626 [Listener at 0.0.0.0/37095] INFO  server.SCMBlockProtocolServer (SCMBlockProtocolServer.java:start(151)) - RPC server for Block Protocol is listening at /0.0.0.0:37425
2022-05-26 08:02:21,626 [IPC Server Responder] INFO  ipc.Server (Server.java:run(1507)) - IPC Server Responder: starting
2022-05-26 08:02:21,626 [IPC Server listener on 0] INFO  ipc.Server (Server.java:run(1344)) - IPC Server listener on 0: starting
2022-05-26 08:02:21,637 [Listener at 0.0.0.0/37095] INFO  server.SCMDatanodeProtocolServer (SCMDatanodeProtocolServer.java:start(183)) - ScmDatanodeProtocol RPC server for DataNodes is listening at /0.0.0.0:45983
2022-05-26 08:02:21,638 [IPC Server Responder] INFO  ipc.Server (Server.java:run(1507)) - IPC Server Responder: starting
2022-05-26 08:02:21,639 [IPC Server listener on 0] INFO  ipc.Server (Server.java:run(1344)) - IPC Server listener on 0: starting
2022-05-26 08:02:21,650 [org.apache.hadoop.util.JvmPauseMonitor$Monitor@50b4e7b2] INFO  util.JvmPauseMonitor (JvmPauseMonitor.java:run(188)) - Starting JVM pause monitor
2022-05-26 08:02:21,665 [Listener at 0.0.0.0/37095] INFO  http.BaseHttpServer (BaseHttpServer.java:newHttpServer2BuilderForOzone(209)) - Starting Web-server for scm at: http://0.0.0.0:0
2022-05-26 08:02:21,665 [Listener at 0.0.0.0/37095] INFO  http.BaseHttpServer (BaseHttpServer.java:<init>(107)) - Hadoop Security Enabled: false Ozone Security Enabled: false Ozone HTTP Security Enabled: false 
2022-05-26 08:02:21,687 [Listener at 0.0.0.0/37095] INFO  util.log (Log.java:initialized(170)) - Logging initialized @3627ms to org.eclipse.jetty.util.log.Slf4jLog
2022-05-26 08:02:21,778 [Listener at 0.0.0.0/37095] INFO  server.AuthenticationFilter (AuthenticationFilter.java:constructSecretProvider(240)) - Unable to initialize FileSignerSecretProvider, falling back to use random secrets.
2022-05-26 08:02:21,783 [Listener at 0.0.0.0/37095] WARN  http.HttpRequestLog (HttpRequestLog.java:getRequestLog(103)) - Jetty request log can only be enabled using Log4j
2022-05-26 08:02:21,788 [Listener at 0.0.0.0/37095] INFO  http.HttpServer2 (HttpServer2.java:addGlobalFilter(1030)) - Added global filter 'safety' (class=org.apache.hadoop.hdds.server.http.HttpServer2$QuotingInputFilter)
2022-05-26 08:02:21,790 [Listener at 0.0.0.0/37095] INFO  http.HttpServer2 (HttpServer2.java:addFilter(1006)) - Added filter static_user_filter (class=org.apache.hadoop.http.lib.StaticUserWebFilter$StaticUserFilter) to context scm
2022-05-26 08:02:21,791 [Listener at 0.0.0.0/37095] INFO  http.HttpServer2 (HttpServer2.java:addFilter(1014)) - Added filter static_user_filter (class=org.apache.hadoop.http.lib.StaticUserWebFilter$StaticUserFilter) to context static
2022-05-26 08:02:21,791 [Listener at 0.0.0.0/37095] INFO  http.HttpServer2 (HttpServer2.java:addFilter(1014)) - Added filter static_user_filter (class=org.apache.hadoop.http.lib.StaticUserWebFilter$StaticUserFilter) to context logs
2022-05-26 08:02:21,826 [Listener at 0.0.0.0/37095] INFO  http.HttpServer2 (HttpServer2.java:bindListener(1249)) - Jetty bound to port 45765
2022-05-26 08:02:21,827 [Listener at 0.0.0.0/37095] INFO  server.Server (Server.java:doStart(375)) - jetty-9.4.43.v20210629; built: 2021-06-30T11:07:22.254Z; git: 526006ecfa3af7f1a27ef3a288e2bef7ea9dd7e8; jvm 1.8.0_332-b09
2022-05-26 08:02:21,855 [Listener at 0.0.0.0/37095] INFO  server.session (DefaultSessionIdManager.java:doStart(334)) - DefaultSessionIdManager workerName=node0
2022-05-26 08:02:21,855 [Listener at 0.0.0.0/37095] INFO  server.session (DefaultSessionIdManager.java:doStart(339)) - No SessionScavenger set, using defaults
2022-05-26 08:02:21,856 [Listener at 0.0.0.0/37095] INFO  server.session (HouseKeeper.java:startScavenging(132)) - node0 Scavenging every 660000ms
2022-05-26 08:02:21,867 [Listener at 0.0.0.0/37095] INFO  handler.ContextHandler (ContextHandler.java:doStart(915)) - Started o.e.j.s.ServletContextHandler@4db4431b{logs,/logs,file:///home/runner/work/ozone/ozone/hadoop-ozone/integration-test/target/log,AVAILABLE}
2022-05-26 08:02:21,868 [Listener at 0.0.0.0/37095] INFO  handler.ContextHandler (ContextHandler.java:doStart(915)) - Started o.e.j.s.ServletContextHandler@297454f7{static,/static,file:///home/runner/work/ozone/ozone/hadoop-ozone/integration-test/target/test-classes/webapps/static,AVAILABLE}
2022-05-26 08:02:21,906 [Listener at 0.0.0.0/37095] INFO  handler.ContextHandler (ContextHandler.java:doStart(915)) - Started o.e.j.w.WebAppContext@2c86b0ea{scm,/,file:///home/runner/work/ozone/ozone/hadoop-ozone/integration-test/target/test-classes/webapps/scm/,AVAILABLE}{file:/home/runner/work/ozone/ozone/hadoop-ozone/integration-test/target/test-classes/webapps/scm}
2022-05-26 08:02:21,914 [Listener at 0.0.0.0/37095] INFO  server.AbstractConnector (AbstractConnector.java:doStart(331)) - Started ServerConnector@453439e{HTTP/1.1, (http/1.1)}{0.0.0.0:45765}
2022-05-26 08:02:21,914 [Listener at 0.0.0.0/37095] INFO  server.Server (Server.java:doStart(415)) - Started @3854ms
2022-05-26 08:02:21,916 [Listener at 0.0.0.0/37095] INFO  impl.MetricsSinkAdapter (MetricsSinkAdapter.java:start(204)) - Sink prometheus started
2022-05-26 08:02:21,916 [Listener at 0.0.0.0/37095] INFO  impl.MetricsSystemImpl (MetricsSystemImpl.java:registerSink(305)) - Registered sink prometheus
2022-05-26 08:02:21,917 [Listener at 0.0.0.0/37095] INFO  http.BaseHttpServer (BaseHttpServer.java:updateConnectorAddress(329)) - HTTP server of scm listening at http://0.0.0.0:45765
2022-05-26 08:02:21,965 [Listener at 0.0.0.0/37095] INFO  audit.AuditLogger (AuditLogger.java:refreshDebugCmdSet(120)) - Refresh DebugCmdSet for OMAudit to [].
2022-05-26 08:02:22,041 [Listener at 0.0.0.0/37095] INFO  ha.OMHANodeDetails (OMHANodeDetails.java:loadOMHAConfig(121)) - ServiceID for OzoneManager is om-service-test1
2022-05-26 08:02:22,047 [Listener at 0.0.0.0/37095] INFO  ha.OMHANodeDetails (OMHANodeDetails.java:loadOMHAConfig(201)) - Found matching OM address with OMServiceId: om-service-test1, OMNodeId: omNode-1, RPC Address: localhost:38409 and Ratis port: 40183
2022-05-26 08:02:22,047 [Listener at 0.0.0.0/37095] INFO  ha.OMHANodeDetails (ConfUtils.java:setNodeSpecificConfigs(97)) - Setting configuration key ozone.om.http-address with value of key ozone.om.http-address.om-service-test1.omNode-1: 127.0.0.1:35485
2022-05-26 08:02:22,047 [Listener at 0.0.0.0/37095] INFO  ha.OMHANodeDetails (ConfUtils.java:setNodeSpecificConfigs(97)) - Setting configuration key ozone.om.https-address with value of key ozone.om.https-address.om-service-test1.omNode-1: 127.0.0.1:34803
2022-05-26 08:02:22,047 [Listener at 0.0.0.0/37095] INFO  ha.OMHANodeDetails (ConfUtils.java:setNodeSpecificConfigs(97)) - Setting configuration key ozone.om.address with value of key ozone.om.address.om-service-test1.omNode-1: 127.0.0.1:38409
2022-05-26 08:02:22,048 [Listener at 0.0.0.0/37095] WARN  server.ServerUtils (ServerUtils.java:getDBPath(225)) - ozone.om.db.dirs is not configured. We recommend adding this setting. Falling back to ozone.metadata.dirs instead.
2022-05-26 08:02:22,059 [Listener at 0.0.0.0/37095] INFO  proxy.SCMBlockLocationFailoverProxyProvider (SCMBlockLocationFailoverProxyProvider.java:<init>(114)) - Created block location fail-over proxy with 1 nodes: [nodeId=scmNodeId,nodeAddress=/0.0.0.0:37425]
OM initialization succeeded.Current cluster id for sd=/home/runner/work/ozone/ozone/hadoop-ozone/integration-test/target/test-dir/MiniOzoneClusterImpl-17bb6255-4ab1-443a-98be-5fd7627ecb82/omNode-1/om;cid=17bb6255-4ab1-443a-98be-5fd7627ecb82;layoutVersion=2
2022-05-26 08:02:22,250 [Listener at 0.0.0.0/37095] INFO  ha.OMHANodeDetails (OMHANodeDetails.java:loadOMHAConfig(121)) - ServiceID for OzoneManager is om-service-test1
2022-05-26 08:02:22,250 [Listener at 0.0.0.0/37095] INFO  ha.OMHANodeDetails (OMHANodeDetails.java:loadOMHAConfig(201)) - Found matching OM address with OMServiceId: om-service-test1, OMNodeId: omNode-1, RPC Address: localhost:38409 and Ratis port: 40183
2022-05-26 08:02:22,251 [Listener at 0.0.0.0/37095] INFO  ha.OMHANodeDetails (ConfUtils.java:setNodeSpecificConfigs(97)) - Setting configuration key ozone.om.http-address with value of key ozone.om.http-address.om-service-test1.omNode-1: 127.0.0.1:35485
2022-05-26 08:02:22,251 [Listener at 0.0.0.0/37095] INFO  ha.OMHANodeDetails (ConfUtils.java:setNodeSpecificConfigs(97)) - Setting configuration key ozone.om.https-address with value of key ozone.om.https-address.om-service-test1.omNode-1: 127.0.0.1:34803
2022-05-26 08:02:22,251 [Listener at 0.0.0.0/37095] INFO  ha.OMHANodeDetails (ConfUtils.java:setNodeSpecificConfigs(97)) - Setting configuration key ozone.om.address with value of key ozone.om.address.om-service-test1.omNode-1: 127.0.0.1:38409
2022-05-26 08:02:22,251 [Listener at 0.0.0.0/37095] WARN  server.ServerUtils (ServerUtils.java:getDBPath(225)) - ozone.om.db.dirs is not configured. We recommend adding this setting. Falling back to ozone.metadata.dirs instead.
2022-05-26 08:02:22,253 [Listener at 0.0.0.0/37095] INFO  upgrade.AbstractLayoutVersionManager (AbstractLayoutVersionManager.java:init(79)) - Initializing Layout version manager with metadata layout = BUCKET_LAYOUT_SUPPORT (version = 2), software layout = BUCKET_LAYOUT_SUPPORT (version = 2)
2022-05-26 08:02:22,322 [Listener at 0.0.0.0/37095] INFO  reflections.Reflections (Reflections.java:scan(232)) - Reflections took 65 ms to scan 2 urls, producing 143 keys and 371 values [using 2 cores]
2022-05-26 08:02:22,326 [Listener at 0.0.0.0/37095] INFO  upgrade.OMLayoutVersionManager (OMLayoutVersionManager.java:lambda$0(115)) - Skipping Upgrade Action MockOmUpgradeAction since it has been finalized.
2022-05-26 08:02:22,327 [Listener at 0.0.0.0/37095] WARN  server.ServerUtils (ServerUtils.java:getDBPath(225)) - ozone.om.db.dirs is not configured. We recommend adding this setting. Falling back to ozone.metadata.dirs instead.
2022-05-26 08:02:22,438 [Listener at 0.0.0.0/37095] INFO  proxy.SCMBlockLocationFailoverProxyProvider (SCMBlockLocationFailoverProxyProvider.java:<init>(114)) - Created block location fail-over proxy with 1 nodes: [nodeId=scmNodeId,nodeAddress=/0.0.0.0:37425]
2022-05-26 08:02:22,440 [Listener at 0.0.0.0/37095] INFO  proxy.SCMBlockLocationFailoverProxyProvider (SCMBlockLocationFailoverProxyProvider.java:<init>(114)) - Created block location fail-over proxy with 1 nodes: [nodeId=scmNodeId,nodeAddress=/0.0.0.0:37425]
2022-05-26 08:02:22,469 [Listener at 0.0.0.0/37095] WARN  server.ServerUtils (ServerUtils.java:getDBPath(225)) - ozone.om.db.dirs is not configured. We recommend adding this setting. Falling back to ozone.metadata.dirs instead.
2022-05-26 08:02:22,474 [Listener at 0.0.0.0/37095] INFO  codec.OmKeyInfoCodec (OmKeyInfoCodec.java:<init>(49)) - OmKeyInfoCodec ignorePipeline = true
2022-05-26 08:02:22,475 [Listener at 0.0.0.0/37095] INFO  codec.RepeatedOmKeyInfoCodec (RepeatedOmKeyInfoCodec.java:<init>(41)) - RepeatedOmKeyInfoCodec ignorePipeline = true
2022-05-26 08:02:22,682 [Listener at 0.0.0.0/37095] INFO  om.OzoneManager (OzoneManager.java:addS3GVolumeToDB(3894)) - Created Volume s3v With Owner runner required for S3Gateway operations.
2022-05-26 08:02:22,722 [Listener at 0.0.0.0/37095] WARN  server.ServerUtils (ServerUtils.java:getDefaultRatisDirectory(237)) - Storage directory for Ratis is not configured. It is a good idea to map this to an SSD disk. Falling back to ozone.metadata.dirs
2022-05-26 08:02:22,723 [Listener at 0.0.0.0/37095] WARN  utils.OzoneManagerRatisUtils (OzoneManagerRatisUtils.java:getOMRatisSnapshotDirectory(395)) - ozone.om.ratis.snapshot.dir is not configured. Falling back to ozone.metadata.dirs config
2022-05-26 08:02:22,732 [Listener at 0.0.0.0/37095] INFO  snapshot.OzoneManagerSnapshotProvider (OzoneManagerSnapshotProvider.java:<init>(76)) - Initializing OM Snapshot Provider
2022-05-26 08:02:22,861 [Listener at 0.0.0.0/37095] WARN  server.ServerUtils (ServerUtils.java:getDefaultRatisDirectory(237)) - Storage directory for Ratis is not configured. It is a good idea to map this to an SSD disk. Falling back to ozone.metadata.dirs
2022-05-26 08:02:22,886 [Listener at 0.0.0.0/37095] INFO  ratis.OzoneManagerRatisServer (OzoneManagerRatisServer.java:<init>(159)) - Instantiating OM Ratis server with groupID: om-service-test1 and peers: localhost:40183, localhost:42233, localhost:37413
2022-05-26 08:02:22,893 [Listener at 0.0.0.0/37095] INFO  ratis.OzoneManagerStateMachine (OzoneManagerStateMachine.java:loadSnapshotInfoFromDB(627)) - LastAppliedIndex is set from TransactionInfo from OM DB as (t:0, i:~)
2022-05-26 08:02:22,934 [Listener at 0.0.0.0/37095] INFO  server.RaftServer (ConfUtils.java:logGet(46)) - raft.rpc.type = GRPC (default)
2022-05-26 08:02:23,037 [Listener at 0.0.0.0/37095] INFO  grpc.GrpcFactory (GrpcFactory.java:checkPooledByteBufAllocatorUseCacheForAllThreads(48)) - PERFORMANCE WARNING: useCacheForAllThreads is true that may cause Netty to create a lot garbage objects and, as a result, trigger GC.
	It is recommended to disable useCacheForAllThreads by setting -Dorg.apache.ratis.thirdparty.io.netty.allocator.useCacheForAllThreads=false in command line.
2022-05-26 08:02:23,041 [Listener at 0.0.0.0/37095] INFO  grpc.GrpcConfigKeys (ConfUtils.java:logGet(46)) - raft.grpc.admin.port = -1 (default)
2022-05-26 08:02:23,041 [Listener at 0.0.0.0/37095] INFO  grpc.GrpcConfigKeys (ConfUtils.java:logGet(46)) - raft.grpc.server.port = 40183 (custom)
2022-05-26 08:02:23,042 [Listener at 0.0.0.0/37095] INFO  grpc.GrpcConfigKeys (ConfUtils.java:logGet(46)) - raft.grpc.client.port = -1 (default)
2022-05-26 08:02:23,042 [Listener at 0.0.0.0/37095] INFO  grpc.GrpcConfigKeys (ConfUtils.java:logGet(46)) - raft.grpc.server.port = 40183 (custom)
2022-05-26 08:02:23,042 [Listener at 0.0.0.0/37095] INFO  grpc.GrpcConfigKeys (ConfUtils.java:logGet(46)) - raft.grpc.server.port = 40183 (custom)
2022-05-26 08:02:23,042 [Listener at 0.0.0.0/37095] INFO  server.GrpcService (ConfUtils.java:logGet(46)) - raft.grpc.message.size.max = 33554432 (custom)
2022-05-26 08:02:23,043 [Listener at 0.0.0.0/37095] INFO  server.RaftServerConfigKeys (ConfUtils.java:logGet(46)) - raft.server.log.appender.buffer.byte-limit = 33554432 (custom)
2022-05-26 08:02:23,044 [Listener at 0.0.0.0/37095] INFO  server.GrpcService (ConfUtils.java:logGet(46)) - raft.grpc.flow.control.window = 1MB (=1048576) (default)
2022-05-26 08:02:23,045 [Listener at 0.0.0.0/37095] INFO  server.RaftServerConfigKeys (ConfUtils.java:logGet(46)) - raft.server.rpc.request.timeout = 3000ms (default)
2022-05-26 08:02:23,060 [Listener at 0.0.0.0/37095] INFO  grpc.GrpcConfigKeys (ConfUtils.java:logGet(46)) - raft.grpc.server.async.request.thread.pool.cached = true (default)
2022-05-26 08:02:23,061 [Listener at 0.0.0.0/37095] INFO  grpc.GrpcConfigKeys (ConfUtils.java:logGet(46)) - raft.grpc.server.async.request.thread.pool.size = 32 (default)
2022-05-26 08:02:23,333 [Listener at 0.0.0.0/37095] INFO  impl.DataStreamServerImpl (ConfUtils.java:logGet(46)) - raft.datastream.type = DISABLED (default)
2022-05-26 08:02:23,338 [Listener at 0.0.0.0/37095] INFO  server.RaftServerConfigKeys (ConfUtils.java:logGet(46)) - raft.server.threadpool.proxy.cached = true (default)
2022-05-26 08:02:23,339 [Listener at 0.0.0.0/37095] INFO  server.RaftServerConfigKeys (ConfUtils.java:logGet(46)) - raft.server.threadpool.proxy.size = 0 (default)
2022-05-26 08:02:23,339 [Listener at 0.0.0.0/37095] INFO  server.RaftServerConfigKeys (ConfUtils.java:logGet(46)) - raft.server.rpc.slowness.timeout = 2s (custom)
2022-05-26 08:02:23,339 [Listener at 0.0.0.0/37095] INFO  server.RaftServerConfigKeys (ConfUtils.java:logGet(46)) - raft.server.leaderelection.leader.step-down.wait-time = 10s (default)
2022-05-26 08:02:23,342 [Listener at 0.0.0.0/37095] INFO  server.RaftServerConfigKeys (ConfUtils.java:logGet(46)) - raft.server.storage.dir = [/home/runner/work/ozone/ozone/hadoop-ozone/integration-test/target/test-dir/MiniOzoneClusterImpl-17bb6255-4ab1-443a-98be-5fd7627ecb82/omNode-1/ratis] (custom)
2022-05-26 08:02:23,349 [Listener at 0.0.0.0/37095] INFO  server.RaftServer (RaftServerProxy.java:addNew(96)) - omNode-1: addNew group-523986131536:[omNode-3|rpc:localhost:42233|priority:0, omNode-1|rpc:localhost:40183|priority:0, omNode-2|rpc:localhost:37413|priority:0] returns group-523986131536:java.util.concurrent.CompletableFuture@89537c1[Not completed]
2022-05-26 08:02:23,350 [Listener at 0.0.0.0/37095] INFO  om.OzoneManager (OzoneManager.java:initializeRatisServer(1901)) - OzoneManager Ratis server initialized at port 40183
2022-05-26 08:02:23,361 [Listener at 0.0.0.0/37095] INFO  om.OzoneManager (OzoneManager.java:getRpcServer(1030)) - Creating RPC Server
2022-05-26 08:02:23,390 [pool-51-thread-1] INFO  server.RaftServer$Division (RaftServerImpl.java:<init>(190)) - omNode-1: new RaftServerImpl for group-523986131536:[omNode-3|rpc:localhost:42233|priority:0, omNode-1|rpc:localhost:40183|priority:0, omNode-2|rpc:localhost:37413|priority:0] with OzoneManagerStateMachine:uninitialized
2022-05-26 08:02:23,393 [pool-51-thread-1] INFO  server.RaftServerConfigKeys (ConfUtils.java:logGet(46)) - raft.server.rpc.timeout.min = 1s (custom)
2022-05-26 08:02:23,394 [pool-51-thread-1] INFO  server.RaftServerConfigKeys (ConfUtils.java:logGet(46)) - raft.server.rpc.timeout.max = 1200ms (custom)
2022-05-26 08:02:23,394 [pool-51-thread-1] INFO  server.RaftServerConfigKeys (ConfUtils.java:logGet(46)) - raft.server.rpc.sleep.time = 25ms (default)
2022-05-26 08:02:23,394 [pool-51-thread-1] INFO  server.RaftServerConfigKeys (ConfUtils.java:logGet(46)) - raft.server.rpc.slowness.timeout = 2s (custom)
2022-05-26 08:02:23,394 [pool-51-thread-1] INFO  server.RaftServerConfigKeys (ConfUtils.java:logGet(46)) - raft.server.leaderelection.leader.step-down.wait-time = 10s (default)
2022-05-26 08:02:23,394 [pool-51-thread-1] INFO  server.RaftServerConfigKeys (ConfUtils.java:logGet(46)) - raft.server.sleep.deviation.threshold = 300ms (default)
2022-05-26 08:02:23,410 [pool-51-thread-1] INFO  server.RaftServer$Division (ServerState.java:<init>(107)) - omNode-1@group-523986131536: ConfigurationManager, init=-1: [omNode-3|rpc:localhost:42233|priority:0, omNode-1|rpc:localhost:40183|priority:0, omNode-2|rpc:localhost:37413|priority:0], old=null, confs=<EMPTY_MAP>
2022-05-26 08:02:23,410 [pool-51-thread-1] INFO  server.RaftServerConfigKeys (ConfUtils.java:logGet(46)) - raft.server.storage.dir = [/home/runner/work/ozone/ozone/hadoop-ozone/integration-test/target/test-dir/MiniOzoneClusterImpl-17bb6255-4ab1-443a-98be-5fd7627ecb82/omNode-1/ratis] (custom)
2022-05-26 08:02:23,413 [pool-51-thread-1] INFO  server.RaftServerConfigKeys (ConfUtils.java:logGet(46)) - raft.server.log.corruption.policy = EXCEPTION (default)
2022-05-26 08:02:23,413 [pool-51-thread-1] INFO  server.RaftServerConfigKeys (ConfUtils.java:logGet(46)) - raft.server.storage.free-space.min = 0MB (=0) (default)
2022-05-26 08:02:23,415 [pool-51-thread-1] INFO  storage.RaftStorageDirectory (RaftStorageDirectoryImpl.java:analyzeStorage(135)) - The storage directory /home/runner/work/ozone/ozone/hadoop-ozone/integration-test/target/test-dir/MiniOzoneClusterImpl-17bb6255-4ab1-443a-98be-5fd7627ecb82/omNode-1/ratis/c9bc4cf4-3bc3-3c60-a66b-523986131536 does not exist. Creating ...
2022-05-26 08:02:23,444 [pool-51-thread-1] INFO  storage.RaftStorageDirectory (RaftStorageDirectoryImpl.java:tryLock(230)) - Lock on /home/runner/work/ozone/ozone/hadoop-ozone/integration-test/target/test-dir/MiniOzoneClusterImpl-17bb6255-4ab1-443a-98be-5fd7627ecb82/omNode-1/ratis/c9bc4cf4-3bc3-3c60-a66b-523986131536/in_use.lock acquired by nodename 18146@fv-az35-51
2022-05-26 08:02:23,457 [pool-51-thread-1] INFO  storage.RaftStorage (RaftStorageImpl.java:format(89)) - Storage directory /home/runner/work/ozone/ozone/hadoop-ozone/integration-test/target/test-dir/MiniOzoneClusterImpl-17bb6255-4ab1-443a-98be-5fd7627ecb82/omNode-1/ratis/c9bc4cf4-3bc3-3c60-a66b-523986131536 has been successfully formatted.
2022-05-26 08:02:23,459 [pool-51-thread-1] INFO  server.RaftServerConfigKeys (ConfUtils.java:logGet(46)) - raft.server.notification.no-leader.timeout = 2s (custom)
2022-05-26 08:02:23,461 [pool-51-thread-1] INFO  server.RaftServerConfigKeys (ConfUtils.java:logGet(46)) - raft.server.log.use.memory = false (default)
2022-05-26 08:02:23,488 [pool-51-thread-1] INFO  server.RaftServerConfigKeys (ConfUtils.java:logGet(46)) - raft.server.log.purge.gap = 50 (custom)
2022-05-26 08:02:23,488 [pool-51-thread-1] INFO  server.RaftServerConfigKeys (ConfUtils.java:logGet(46)) - raft.server.log.appender.buffer.byte-limit = 33554432 (custom)
2022-05-26 08:02:23,492 [pool-51-thread-1] INFO  server.RaftServerConfigKeys (ConfUtils.java:logGet(46)) - raft.server.log.statemachine.data.read.timeout = 1000ms (default)
2022-05-26 08:02:23,528 [pool-51-thread-1] INFO  server.RaftServerConfigKeys (ConfUtils.java:logGet(46)) - raft.server.log.segment.size.max = 4194304 (custom)
2022-05-26 08:02:23,557 [pool-51-thread-1] INFO  server.RaftServerConfigKeys (ConfUtils.java:logGet(46)) - raft.server.log.segment.cache.num.max = 2 (custom)
2022-05-26 08:02:23,557 [pool-51-thread-1] INFO  server.RaftServerConfigKeys (ConfUtils.java:logGet(46)) - raft.server.log.segment.cache.size.max = 200MB (=209715200) (default)
2022-05-26 08:02:23,576 [pool-51-thread-1] INFO  segmented.SegmentedRaftLogWorker (SegmentedRaftLogWorker.java:<init>(187)) - new omNode-1@group-523986131536-SegmentedRaftLogWorker for RaftStorageImpl:Storage Directory /home/runner/work/ozone/ozone/hadoop-ozone/integration-test/target/test-dir/MiniOzoneClusterImpl-17bb6255-4ab1-443a-98be-5fd7627ecb82/omNode-1/ratis/c9bc4cf4-3bc3-3c60-a66b-523986131536
2022-05-26 08:02:23,578 [pool-51-thread-1] INFO  server.RaftServerConfigKeys (ConfUtils.java:logGet(46)) - raft.server.log.queue.byte-limit = 64MB (=67108864) (default)
2022-05-26 08:02:23,578 [pool-51-thread-1] INFO  server.RaftServerConfigKeys (ConfUtils.java:logGet(46)) - raft.server.log.queue.element-limit = 4096 (default)
2022-05-26 08:02:23,580 [pool-51-thread-1] INFO  server.RaftServerConfigKeys (ConfUtils.java:logGet(46)) - raft.server.log.segment.size.max = 4194304 (custom)
2022-05-26 08:02:23,580 [pool-51-thread-1] INFO  server.RaftServerConfigKeys (ConfUtils.java:logGet(46)) - raft.server.log.preallocated.size = 4194304 (custom)
2022-05-26 08:02:23,580 [pool-51-thread-1] INFO  server.RaftServerConfigKeys (ConfUtils.java:logGet(46)) - raft.server.log.force.sync.num = 128 (default)
2022-05-26 08:02:23,581 [pool-51-thread-1] INFO  server.RaftServerConfigKeys (ConfUtils.java:logGet(46)) - raft.server.log.statemachine.data.sync = true (default)
2022-05-26 08:02:23,581 [pool-51-thread-1] INFO  server.RaftServerConfigKeys (ConfUtils.java:logGet(46)) - raft.server.log.statemachine.data.sync.timeout = 10s (default)
2022-05-26 08:02:23,581 [pool-51-thread-1] INFO  server.RaftServerConfigKeys (ConfUtils.java:logGet(46)) - raft.server.log.statemachine.data.sync.timeout.retry = -1 (default)
2022-05-26 08:02:23,629 [pool-51-thread-1] INFO  server.RaftServerConfigKeys (ConfUtils.java:logGet(46)) - raft.server.log.write.buffer.size = 64KB (=65536) (default)
2022-05-26 08:02:23,629 [pool-51-thread-1] INFO  server.RaftServerConfigKeys (ConfUtils.java:logGet(46)) - raft.server.log.unsafe-flush.enabled = false (default)
2022-05-26 08:02:23,630 [pool-51-thread-1] INFO  server.RaftServerConfigKeys (ConfUtils.java:logGet(46)) - raft.server.log.statemachine.data.caching.enabled = false (default)
2022-05-26 08:02:23,638 [pool-51-thread-1] INFO  segmented.SegmentedRaftLogWorker (SegmentedRaftLogWorker.java:lambda$new$0(135)) - omNode-1@group-523986131536-SegmentedRaftLogWorker: flushIndex: setUnconditionally 0 -> -1
2022-05-26 08:02:23,639 [pool-51-thread-1] INFO  segmented.SegmentedRaftLogWorker (SegmentedRaftLogWorker.java:lambda$new$0(135)) - omNode-1@group-523986131536-SegmentedRaftLogWorker: safeCacheEvictIndex: setUnconditionally 0 -> -1
2022-05-26 08:02:23,649 [pool-51-thread-1] INFO  server.RaftServerConfigKeys (ConfUtils.java:logGet(46)) - raft.server.snapshot.auto.trigger.enabled = true (custom)
2022-05-26 08:02:23,651 [pool-51-thread-1] INFO  server.RaftServerConfigKeys (ConfUtils.java:logGet(46)) - raft.server.snapshot.auto.trigger.threshold = 50 (custom)
2022-05-26 08:02:23,655 [pool-51-thread-1] INFO  server.RaftServerConfigKeys (ConfUtils.java:logGet(46)) - raft.server.snapshot.retention.file.num = -1 (default)
2022-05-26 08:02:23,657 [pool-51-thread-1] INFO  server.RaftServerConfigKeys (ConfUtils.java:logGet(46)) - raft.server.log.purge.upto.snapshot.index = true (custom)
2022-05-26 08:02:23,658 [pool-51-thread-1] INFO  server.RaftServerConfigKeys (ConfUtils.java:logGet(46)) - raft.server.retrycache.expirytime = 30000ms (custom)
2022-05-26 08:02:23,658 [pool-51-thread-1] INFO  server.RaftServerConfigKeys (ConfUtils.java:logGet(46)) - raft.server.retrycache.statistics.expirytime = 100μs (default)
2022-05-26 08:02:23,766 [pool-51-thread-1] INFO  server.RaftServerConfigKeys (ConfUtils.java:logGet(46)) - raft.server.log.appender.install.snapshot.enabled = false (custom)
2022-05-26 08:02:23,767 [pool-51-thread-1] INFO  server.RaftServerConfigKeys (ConfUtils.java:logGet(46)) - raft.server.threadpool.server.cached = true (default)
2022-05-26 08:02:23,767 [pool-51-thread-1] INFO  server.RaftServerConfigKeys (ConfUtils.java:logGet(46)) - raft.server.threadpool.server.size = 0 (default)
2022-05-26 08:02:23,767 [pool-51-thread-1] INFO  server.RaftServerConfigKeys (ConfUtils.java:logGet(46)) - raft.server.threadpool.client.cached = true (default)
2022-05-26 08:02:23,768 [pool-51-thread-1] INFO  server.RaftServerConfigKeys (ConfUtils.java:logGet(46)) - raft.server.threadpool.client.size = 0 (default)
2022-05-26 08:02:23,894 [Listener at 0.0.0.0/37095] INFO  reflections.Reflections (Reflections.java:scan(232)) - Reflections took 496 ms to scan 19 urls, producing 61 keys and 3747 values [using 2 cores]
2022-05-26 08:02:24,168 [Listener at 0.0.0.0/37095] INFO  ipc.CallQueueManager (CallQueueManager.java:<init>(90)) - Using callQueue: class java.util.concurrent.LinkedBlockingQueue, queueCapacity: 2000, scheduler: class org.apache.hadoop.ipc.DefaultRpcScheduler, ipcBackoff: false.
2022-05-26 08:02:24,172 [Socket Reader #1 for port 38409] INFO  ipc.Server (Server.java:run(1265)) - Starting Socket Reader #1 for port 38409
2022-05-26 08:02:24,206 [Listener at 127.0.0.1/38409] INFO  impl.MetricsSystemImpl (MetricsSystemImpl.java:init(158)) - OzoneManager metrics system started (again)
2022-05-26 08:02:24,219 [Listener at 127.0.0.1/38409] INFO  om.OzoneManager (OzoneManager.java:start(1405)) - OzoneManager RPC server is listening at localhost/127.0.0.1:38409
2022-05-26 08:02:24,219 [Listener at 127.0.0.1/38409] INFO  ratis.OzoneManagerRatisServer (OzoneManagerRatisServer.java:start(554)) - Starting OzoneManagerRatisServer omNode-1 at port 40183
2022-05-26 08:02:24,221 [omNode-1-impl-thread1] INFO  server.RaftServer$Division (RaftServerImpl.java:start(310)) - omNode-1@group-523986131536: start as a follower, conf=-1: [omNode-3|rpc:localhost:42233|priority:0, omNode-1|rpc:localhost:40183|priority:0, omNode-2|rpc:localhost:37413|priority:0], old=null
2022-05-26 08:02:24,221 [omNode-1-impl-thread1] INFO  server.RaftServer$Division (RaftServerImpl.java:setRole(299)) - omNode-1@group-523986131536: changes role from      null to FOLLOWER at term 0 for startAsFollower
2022-05-26 08:02:24,222 [omNode-1-impl-thread1] INFO  impl.RoleInfo (RoleInfo.java:updateAndGet(139)) - omNode-1: start omNode-1@group-523986131536-FollowerState
2022-05-26 08:02:24,224 [omNode-1-impl-thread1] INFO  util.JmxRegister (JmxRegister.java:tryRegister(44)) - Successfully registered JMX Bean with object name Ratis:service=RaftServer,group=group-523986131536,id=omNode-1
2022-05-26 08:02:24,232 [Listener at 127.0.0.1/38409] INFO  server.RaftServer (RaftServerProxy.java:lambda$start$6(382)) - omNode-1: start RPC server
2022-05-26 08:02:24,291 [Listener at 127.0.0.1/38409] INFO  server.GrpcService (GrpcService.java:startImpl(260)) - omNode-1: GrpcService started, listening on 40183
2022-05-26 08:02:24,292 [Listener at 127.0.0.1/38409] INFO  om.OzoneManager (OzoneManager.java:start(1421)) - Version File has different layout version (2) than OM DB (null). That is expected if this OM has never been finalized to a newer layout version.
2022-05-26 08:02:24,294 [org.apache.ratis.util.JvmPauseMonitor$$Lambda$691/456821109@2a1c6186] INFO  util.JvmPauseMonitor (JvmPauseMonitor.java:run(103)) - JvmPauseMonitor-omNode-1: Started
2022-05-26 08:02:24,304 [Listener at 127.0.0.1/38409] INFO  http.BaseHttpServer (BaseHttpServer.java:newHttpServer2BuilderForOzone(209)) - Starting Web-server for ozoneManager at: http://0.0.0.0:35485
2022-05-26 08:02:24,304 [Listener at 127.0.0.1/38409] INFO  http.BaseHttpServer (BaseHttpServer.java:<init>(107)) - Hadoop Security Enabled: false Ozone Security Enabled: false Ozone HTTP Security Enabled: false 
2022-05-26 08:02:24,305 [Listener at 127.0.0.1/38409] INFO  server.AuthenticationFilter (AuthenticationFilter.java:constructSecretProvider(240)) - Unable to initialize FileSignerSecretProvider, falling back to use random secrets.
2022-05-26 08:02:24,312 [Listener at 127.0.0.1/38409] WARN  http.HttpRequestLog (HttpRequestLog.java:getRequestLog(103)) - Jetty request log can only be enabled using Log4j
2022-05-26 08:02:24,313 [Listener at 127.0.0.1/38409] INFO  http.HttpServer2 (HttpServer2.java:addGlobalFilter(1030)) - Added global filter 'safety' (class=org.apache.hadoop.hdds.server.http.HttpServer2$QuotingInputFilter)
2022-05-26 08:02:24,314 [Listener at 127.0.0.1/38409] INFO  http.HttpServer2 (HttpServer2.java:addFilter(1006)) - Added filter static_user_filter (class=org.apache.hadoop.http.lib.StaticUserWebFilter$StaticUserFilter) to context ozoneManager
2022-05-26 08:02:24,314 [Listener at 127.0.0.1/38409] INFO  http.HttpServer2 (HttpServer2.java:addFilter(1014)) - Added filter static_user_filter (class=org.apache.hadoop.http.lib.StaticUserWebFilter$StaticUserFilter) to context static
2022-05-26 08:02:24,314 [Listener at 127.0.0.1/38409] INFO  http.HttpServer2 (HttpServer2.java:addFilter(1014)) - Added filter static_user_filter (class=org.apache.hadoop.http.lib.StaticUserWebFilter$StaticUserFilter) to context logs
2022-05-26 08:02:24,316 [Listener at 127.0.0.1/38409] INFO  http.HttpServer2 (HttpServer2.java:bindListener(1249)) - Jetty bound to port 35485
2022-05-26 08:02:24,316 [Listener at 127.0.0.1/38409] INFO  server.Server (Server.java:doStart(375)) - jetty-9.4.43.v20210629; built: 2021-06-30T11:07:22.254Z; git: 526006ecfa3af7f1a27ef3a288e2bef7ea9dd7e8; jvm 1.8.0_332-b09
2022-05-26 08:02:24,320 [Listener at 127.0.0.1/38409] INFO  server.session (DefaultSessionIdManager.java:doStart(334)) - DefaultSessionIdManager workerName=node0
2022-05-26 08:02:24,321 [Listener at 127.0.0.1/38409] INFO  server.session (DefaultSessionIdManager.java:doStart(339)) - No SessionScavenger set, using defaults
2022-05-26 08:02:24,321 [Listener at 127.0.0.1/38409] INFO  server.session (HouseKeeper.java:startScavenging(132)) - node0 Scavenging every 600000ms
2022-05-26 08:02:24,321 [Listener at 127.0.0.1/38409] INFO  handler.ContextHandler (ContextHandler.java:doStart(915)) - Started o.e.j.s.ServletContextHandler@21e58e9a{logs,/logs,file:///home/runner/work/ozone/ozone/hadoop-ozone/integration-test/target/log,AVAILABLE}
2022-05-26 08:02:24,322 [Listener at 127.0.0.1/38409] INFO  handler.ContextHandler (ContextHandler.java:doStart(915)) - Started o.e.j.s.ServletContextHandler@730b8cfa{static,/static,file:///home/runner/work/ozone/ozone/hadoop-ozone/integration-test/target/test-classes/webapps/static,AVAILABLE}
2022-05-26 08:02:24,325 [Listener at 127.0.0.1/38409] INFO  handler.ContextHandler (ContextHandler.java:doStart(915)) - Started o.e.j.w.WebAppContext@5cb077e3{ozoneManager,/,file:///home/runner/work/ozone/ozone/hadoop-ozone/integration-test/target/test-classes/webapps/ozoneManager/,AVAILABLE}{file:/home/runner/work/ozone/ozone/hadoop-ozone/integration-test/target/test-classes/webapps/ozoneManager}
2022-05-26 08:02:24,331 [Listener at 127.0.0.1/38409] INFO  server.AbstractConnector (AbstractConnector.java:doStart(331)) - Started ServerConnector@3da1191b{HTTP/1.1, (http/1.1)}{0.0.0.0:35485}
2022-05-26 08:02:24,332 [Listener at 127.0.0.1/38409] INFO  server.Server (Server.java:doStart(415)) - Started @6272ms
2022-05-26 08:02:24,332 [Listener at 127.0.0.1/38409] WARN  impl.MetricsSystemImpl (MetricsSystemImpl.java:register(279)) - Sink prometheus already exists!
2022-05-26 08:02:24,332 [Listener at 127.0.0.1/38409] INFO  http.BaseHttpServer (BaseHttpServer.java:updateConnectorAddress(329)) - HTTP server of ozoneManager listening at http://0.0.0.0:35485
2022-05-26 08:02:24,333 [IPC Server Responder] INFO  ipc.Server (Server.java:run(1507)) - IPC Server Responder: starting
2022-05-26 08:02:24,336 [IPC Server listener on 38409] INFO  ipc.Server (Server.java:run(1344)) - IPC Server listener on 38409: starting
2022-05-26 08:02:24,347 [Listener at 127.0.0.1/38409] INFO  om.OzoneManager (OzoneManager.java:startTrashEmptier(1845)) - Trash Interval set to 0. Files deleted won't move to trash
2022-05-26 08:02:24,349 [org.apache.hadoop.util.JvmPauseMonitor$Monitor@6c26a27e] INFO  util.JvmPauseMonitor (JvmPauseMonitor.java:run(188)) - Starting JVM pause monitor
2022-05-26 08:02:24,349 [Listener at 127.0.0.1/38409] INFO  ozone.MiniOzoneHAClusterImpl (MiniOzoneHAClusterImpl.java:createOMService(522)) - Started OzoneManager omNode-1 RPC server at localhost/127.0.0.1:38409
2022-05-26 08:02:24,350 [Listener at 127.0.0.1/38409] INFO  ha.OMHANodeDetails (OMHANodeDetails.java:loadOMHAConfig(121)) - ServiceID for OzoneManager is om-service-test1
2022-05-26 08:02:24,351 [Listener at 127.0.0.1/38409] INFO  ha.OMHANodeDetails (OMHANodeDetails.java:loadOMHAConfig(201)) - Found matching OM address with OMServiceId: om-service-test1, OMNodeId: omNode-2, RPC Address: localhost:38277 and Ratis port: 37413
2022-05-26 08:02:24,351 [Listener at 127.0.0.1/38409] INFO  ha.OMHANodeDetails (ConfUtils.java:setNodeSpecificConfigs(97)) - Setting configuration key ozone.om.http-address with value of key ozone.om.http-address.om-service-test1.omNode-2: 127.0.0.1:45205
2022-05-26 08:02:24,351 [Listener at 127.0.0.1/38409] INFO  ha.OMHANodeDetails (ConfUtils.java:setNodeSpecificConfigs(97)) - Setting configuration key ozone.om.https-address with value of key ozone.om.https-address.om-service-test1.omNode-2: 127.0.0.1:45245
2022-05-26 08:02:24,351 [Listener at 127.0.0.1/38409] INFO  ha.OMHANodeDetails (ConfUtils.java:setNodeSpecificConfigs(97)) - Setting configuration key ozone.om.address with value of key ozone.om.address.om-service-test1.omNode-2: 127.0.0.1:38277
2022-05-26 08:02:24,351 [Listener at 127.0.0.1/38409] WARN  server.ServerUtils (ServerUtils.java:getDBPath(225)) - ozone.om.db.dirs is not configured. We recommend adding this setting. Falling back to ozone.metadata.dirs instead.
2022-05-26 08:02:24,352 [Listener at 127.0.0.1/38409] INFO  proxy.SCMBlockLocationFailoverProxyProvider (SCMBlockLocationFailoverProxyProvider.java:<init>(114)) - Created block location fail-over proxy with 1 nodes: [nodeId=scmNodeId,nodeAddress=/0.0.0.0:37425]
OM initialization succeeded.Current cluster id for sd=/home/runner/work/ozone/ozone/hadoop-ozone/integration-test/target/test-dir/MiniOzoneClusterImpl-17bb6255-4ab1-443a-98be-5fd7627ecb82/omNode-2/om;cid=17bb6255-4ab1-443a-98be-5fd7627ecb82;layoutVersion=2
2022-05-26 08:02:24,367 [Listener at 127.0.0.1/38409] INFO  ha.OMHANodeDetails (OMHANodeDetails.java:loadOMHAConfig(121)) - ServiceID for OzoneManager is om-service-test1
2022-05-26 08:02:24,368 [Listener at 127.0.0.1/38409] INFO  ha.OMHANodeDetails (OMHANodeDetails.java:loadOMHAConfig(201)) - Found matching OM address with OMServiceId: om-service-test1, OMNodeId: omNode-2, RPC Address: localhost:38277 and Ratis port: 37413
2022-05-26 08:02:24,368 [Listener at 127.0.0.1/38409] INFO  ha.OMHANodeDetails (ConfUtils.java:setNodeSpecificConfigs(97)) - Setting configuration key ozone.om.http-address with value of key ozone.om.http-address.om-service-test1.omNode-2: 127.0.0.1:45205
2022-05-26 08:02:24,369 [Listener at 127.0.0.1/38409] INFO  ha.OMHANodeDetails (ConfUtils.java:setNodeSpecificConfigs(97)) - Setting configuration key ozone.om.https-address with value of key ozone.om.https-address.om-service-test1.omNode-2: 127.0.0.1:45245
2022-05-26 08:02:24,369 [Listener at 127.0.0.1/38409] INFO  ha.OMHANodeDetails (ConfUtils.java:setNodeSpecificConfigs(97)) - Setting configuration key ozone.om.address with value of key ozone.om.address.om-service-test1.omNode-2: 127.0.0.1:38277
2022-05-26 08:02:24,369 [Listener at 127.0.0.1/38409] WARN  server.ServerUtils (ServerUtils.java:getDBPath(225)) - ozone.om.db.dirs is not configured. We recommend adding this setting. Falling back to ozone.metadata.dirs instead.
2022-05-26 08:02:24,369 [Listener at 127.0.0.1/38409] INFO  upgrade.AbstractLayoutVersionManager (AbstractLayoutVersionManager.java:init(79)) - Initializing Layout version manager with metadata layout = BUCKET_LAYOUT_SUPPORT (version = 2), software layout = BUCKET_LAYOUT_SUPPORT (version = 2)
2022-05-26 08:02:24,432 [Listener at 127.0.0.1/38409] INFO  reflections.Reflections (Reflections.java:scan(232)) - Reflections took 62 ms to scan 2 urls, producing 143 keys and 371 values [using 2 cores]
2022-05-26 08:02:24,432 [Listener at 127.0.0.1/38409] INFO  upgrade.OMLayoutVersionManager (OMLayoutVersionManager.java:lambda$0(115)) - Skipping Upgrade Action MockOmUpgradeAction since it has been finalized.
2022-05-26 08:02:24,433 [Listener at 127.0.0.1/38409] WARN  server.ServerUtils (ServerUtils.java:getDBPath(225)) - ozone.om.db.dirs is not configured. We recommend adding this setting. Falling back to ozone.metadata.dirs instead.
2022-05-26 08:02:24,433 [Listener at 127.0.0.1/38409] INFO  proxy.SCMBlockLocationFailoverProxyProvider (SCMBlockLocationFailoverProxyProvider.java:<init>(114)) - Created block location fail-over proxy with 1 nodes: [nodeId=scmNodeId,nodeAddress=/0.0.0.0:37425]
2022-05-26 08:02:24,435 [Listener at 127.0.0.1/38409] INFO  proxy.SCMBlockLocationFailoverProxyProvider (SCMBlockLocationFailoverProxyProvider.java:<init>(114)) - Created block location fail-over proxy with 1 nodes: [nodeId=scmNodeId,nodeAddress=/0.0.0.0:37425]
2022-05-26 08:02:24,444 [Listener at 127.0.0.1/38409] WARN  server.ServerUtils (ServerUtils.java:getDBPath(225)) - ozone.om.db.dirs is not configured. We recommend adding this setting. Falling back to ozone.metadata.dirs instead.
2022-05-26 08:02:24,445 [Listener at 127.0.0.1/38409] INFO  codec.OmKeyInfoCodec (OmKeyInfoCodec.java:<init>(49)) - OmKeyInfoCodec ignorePipeline = true
2022-05-26 08:02:24,445 [Listener at 127.0.0.1/38409] INFO  codec.RepeatedOmKeyInfoCodec (RepeatedOmKeyInfoCodec.java:<init>(41)) - RepeatedOmKeyInfoCodec ignorePipeline = true
2022-05-26 08:02:24,570 [Listener at 127.0.0.1/38409] INFO  om.OzoneManager (OzoneManager.java:addS3GVolumeToDB(3894)) - Created Volume s3v With Owner runner required for S3Gateway operations.
2022-05-26 08:02:24,570 [Listener at 127.0.0.1/38409] WARN  server.ServerUtils (ServerUtils.java:getDefaultRatisDirectory(237)) - Storage directory for Ratis is not configured. It is a good idea to map this to an SSD disk. Falling back to ozone.metadata.dirs
2022-05-26 08:02:24,570 [Listener at 127.0.0.1/38409] WARN  utils.OzoneManagerRatisUtils (OzoneManagerRatisUtils.java:getOMRatisSnapshotDirectory(395)) - ozone.om.ratis.snapshot.dir is not configured. Falling back to ozone.metadata.dirs config
2022-05-26 08:02:24,570 [Listener at 127.0.0.1/38409] INFO  snapshot.OzoneManagerSnapshotProvider (OzoneManagerSnapshotProvider.java:<init>(76)) - Initializing OM Snapshot Provider
2022-05-26 08:02:24,571 [Listener at 127.0.0.1/38409] WARN  impl.MetricRegistriesImpl (MetricRegistriesImpl.java:addReporterRegistration(111)) - New reporters are added after registries were created. Some metrics will be missing from the reporter. Please add reporter before adding any new registry.
2022-05-26 08:02:24,572 [Listener at 127.0.0.1/38409] WARN  impl.MetricRegistriesImpl (MetricRegistriesImpl.java:addReporterRegistration(111)) - New reporters are added after registries were created. Some metrics will be missing from the reporter. Please add reporter before adding any new registry.
2022-05-26 08:02:24,572 [Listener at 127.0.0.1/38409] WARN  server.ServerUtils (ServerUtils.java:getDefaultRatisDirectory(237)) - Storage directory for Ratis is not configured. It is a good idea to map this to an SSD disk. Falling back to ozone.metadata.dirs
2022-05-26 08:02:24,573 [Listener at 127.0.0.1/38409] INFO  ratis.OzoneManagerRatisServer (OzoneManagerRatisServer.java:<init>(159)) - Instantiating OM Ratis server with groupID: om-service-test1 and peers: localhost:37413, localhost:42233, localhost:40183
2022-05-26 08:02:24,573 [Listener at 127.0.0.1/38409] INFO  ratis.OzoneManagerStateMachine (OzoneManagerStateMachine.java:loadSnapshotInfoFromDB(627)) - LastAppliedIndex is set from TransactionInfo from OM DB as (t:0, i:~)
2022-05-26 08:02:24,574 [Listener at 127.0.0.1/38409] INFO  server.RaftServer (ConfUtils.java:logGet(46)) - raft.rpc.type = GRPC (default)
2022-05-26 08:02:24,574 [Listener at 127.0.0.1/38409] INFO  grpc.GrpcFactory (GrpcFactory.java:checkPooledByteBufAllocatorUseCacheForAllThreads(48)) - PERFORMANCE WARNING: useCacheForAllThreads is true that may cause Netty to create a lot garbage objects and, as a result, trigger GC.
	It is recommended to disable useCacheForAllThreads by setting -Dorg.apache.ratis.thirdparty.io.netty.allocator.useCacheForAllThreads=false in command line.
2022-05-26 08:02:24,574 [Listener at 127.0.0.1/38409] INFO  grpc.GrpcConfigKeys (ConfUtils.java:logGet(46)) - raft.grpc.admin.port = -1 (default)
2022-05-26 08:02:24,574 [Listener at 127.0.0.1/38409] INFO  grpc.GrpcConfigKeys (ConfUtils.java:logGet(46)) - raft.grpc.server.port = 37413 (custom)
2022-05-26 08:02:24,574 [Listener at 127.0.0.1/38409] INFO  grpc.GrpcConfigKeys (ConfUtils.java:logGet(46)) - raft.grpc.client.port = -1 (default)
2022-05-26 08:02:24,575 [Listener at 127.0.0.1/38409] INFO  grpc.GrpcConfigKeys (ConfUtils.java:logGet(46)) - raft.grpc.server.port = 37413 (custom)
2022-05-26 08:02:24,575 [Listener at 127.0.0.1/38409] INFO  grpc.GrpcConfigKeys (ConfUtils.java:logGet(46)) - raft.grpc.server.port = 37413 (custom)
2022-05-26 08:02:24,575 [Listener at 127.0.0.1/38409] INFO  server.GrpcService (ConfUtils.java:logGet(46)) - raft.grpc.message.size.max = 33554432 (custom)
2022-05-26 08:02:24,575 [Listener at 127.0.0.1/38409] INFO  server.RaftServerConfigKeys (ConfUtils.java:logGet(46)) - raft.server.log.appender.buffer.byte-limit = 33554432 (custom)
2022-05-26 08:02:24,575 [Listener at 127.0.0.1/38409] INFO  server.GrpcService (ConfUtils.java:logGet(46)) - raft.grpc.flow.control.window = 1MB (=1048576) (default)
2022-05-26 08:02:24,575 [Listener at 127.0.0.1/38409] INFO  server.RaftServerConfigKeys (ConfUtils.java:logGet(46)) - raft.server.rpc.request.timeout = 3000ms (default)
2022-05-26 08:02:24,575 [Listener at 127.0.0.1/38409] INFO  grpc.GrpcConfigKeys (ConfUtils.java:logGet(46)) - raft.grpc.server.async.request.thread.pool.cached = true (default)
2022-05-26 08:02:24,575 [Listener at 127.0.0.1/38409] INFO  grpc.GrpcConfigKeys (ConfUtils.java:logGet(46)) - raft.grpc.server.async.request.thread.pool.size = 32 (default)
2022-05-26 08:02:24,577 [Listener at 127.0.0.1/38409] INFO  impl.DataStreamServerImpl (ConfUtils.java:logGet(46)) - raft.datastream.type = DISABLED (default)
2022-05-26 08:02:24,577 [Listener at 127.0.0.1/38409] INFO  server.RaftServerConfigKeys (ConfUtils.java:logGet(46)) - raft.server.threadpool.proxy.cached = true (default)
2022-05-26 08:02:24,577 [Listener at 127.0.0.1/38409] INFO  server.RaftServerConfigKeys (ConfUtils.java:logGet(46)) - raft.server.threadpool.proxy.size = 0 (default)
2022-05-26 08:02:24,577 [Listener at 127.0.0.1/38409] INFO  server.RaftServerConfigKeys (ConfUtils.java:logGet(46)) - raft.server.rpc.slowness.timeout = 2s (custom)
2022-05-26 08:02:24,577 [Listener at 127.0.0.1/38409] INFO  server.RaftServerConfigKeys (ConfUtils.java:logGet(46)) - raft.server.leaderelection.leader.step-down.wait-time = 10s (default)
2022-05-26 08:02:24,578 [Listener at 127.0.0.1/38409] INFO  server.RaftServerConfigKeys (ConfUtils.java:logGet(46)) - raft.server.storage.dir = [/home/runner/work/ozone/ozone/hadoop-ozone/integration-test/target/test-dir/MiniOzoneClusterImpl-17bb6255-4ab1-443a-98be-5fd7627ecb82/omNode-2/ratis] (custom)
2022-05-26 08:02:24,578 [Listener at 127.0.0.1/38409] INFO  server.RaftServer (RaftServerProxy.java:addNew(96)) - omNode-2: addNew group-523986131536:[omNode-3|rpc:localhost:42233|priority:0, omNode-1|rpc:localhost:40183|priority:0, omNode-2|rpc:localhost:37413|priority:0] returns group-523986131536:java.util.concurrent.CompletableFuture@10087ad5[Not completed]
2022-05-26 08:02:24,578 [Listener at 127.0.0.1/38409] INFO  om.OzoneManager (OzoneManager.java:initializeRatisServer(1901)) - OzoneManager Ratis server initialized at port 37413
2022-05-26 08:02:24,580 [Listener at 127.0.0.1/38409] INFO  om.OzoneManager (OzoneManager.java:getRpcServer(1030)) - Creating RPC Server
2022-05-26 08:02:24,581 [pool-75-thread-1] INFO  server.RaftServer$Division (RaftServerImpl.java:<init>(190)) - omNode-2: new RaftServerImpl for group-523986131536:[omNode-3|rpc:localhost:42233|priority:0, omNode-1|rpc:localhost:40183|priority:0, omNode-2|rpc:localhost:37413|priority:0] with OzoneManagerStateMachine:uninitialized
2022-05-26 08:02:24,581 [pool-75-thread-1] INFO  server.RaftServerConfigKeys (ConfUtils.java:logGet(46)) - raft.server.rpc.timeout.min = 1s (custom)
2022-05-26 08:02:24,581 [pool-75-thread-1] INFO  server.RaftServerConfigKeys (ConfUtils.java:logGet(46)) - raft.server.rpc.timeout.max = 1200ms (custom)
2022-05-26 08:02:24,581 [pool-75-thread-1] INFO  server.RaftServerConfigKeys (ConfUtils.java:logGet(46)) - raft.server.rpc.sleep.time = 25ms (default)
2022-05-26 08:02:24,581 [pool-75-thread-1] INFO  server.RaftServerConfigKeys (ConfUtils.java:logGet(46)) - raft.server.rpc.slowness.timeout = 2s (custom)
2022-05-26 08:02:24,581 [pool-75-thread-1] INFO  server.RaftServerConfigKeys (ConfUtils.java:logGet(46)) - raft.server.leaderelection.leader.step-down.wait-time = 10s (default)
2022-05-26 08:02:24,581 [pool-75-thread-1] INFO  server.RaftServerConfigKeys (ConfUtils.java:logGet(46)) - raft.server.sleep.deviation.threshold = 300ms (default)
2022-05-26 08:02:24,581 [pool-75-thread-1] INFO  server.RaftServer$Division (ServerState.java:<init>(107)) - omNode-2@group-523986131536: ConfigurationManager, init=-1: [omNode-3|rpc:localhost:42233|priority:0, omNode-1|rpc:localhost:40183|priority:0, omNode-2|rpc:localhost:37413|priority:0], old=null, confs=<EMPTY_MAP>
2022-05-26 08:02:24,581 [pool-75-thread-1] INFO  server.RaftServerConfigKeys (ConfUtils.java:logGet(46)) - raft.server.storage.dir = [/home/runner/work/ozone/ozone/hadoop-ozone/integration-test/target/test-dir/MiniOzoneClusterImpl-17bb6255-4ab1-443a-98be-5fd7627ecb82/omNode-2/ratis] (custom)
2022-05-26 08:02:24,582 [pool-75-thread-1] INFO  server.RaftServerConfigKeys (ConfUtils.java:logGet(46)) - raft.server.log.corruption.policy = EXCEPTION (default)
2022-05-26 08:02:24,582 [pool-75-thread-1] INFO  server.RaftServerConfigKeys (ConfUtils.java:logGet(46)) - raft.server.storage.free-space.min = 0MB (=0) (default)
2022-05-26 08:02:24,582 [pool-75-thread-1] INFO  storage.RaftStorageDirectory (RaftStorageDirectoryImpl.java:analyzeStorage(135)) - The storage directory /home/runner/work/ozone/ozone/hadoop-ozone/integration-test/target/test-dir/MiniOzoneClusterImpl-17bb6255-4ab1-443a-98be-5fd7627ecb82/omNode-2/ratis/c9bc4cf4-3bc3-3c60-a66b-523986131536 does not exist. Creating ...
2022-05-26 08:02:24,595 [pool-75-thread-1] INFO  storage.RaftStorageDirectory (RaftStorageDirectoryImpl.java:tryLock(230)) - Lock on /home/runner/work/ozone/ozone/hadoop-ozone/integration-test/target/test-dir/MiniOzoneClusterImpl-17bb6255-4ab1-443a-98be-5fd7627ecb82/omNode-2/ratis/c9bc4cf4-3bc3-3c60-a66b-523986131536/in_use.lock acquired by nodename 18146@fv-az35-51
2022-05-26 08:02:24,596 [pool-75-thread-1] INFO  storage.RaftStorage (RaftStorageImpl.java:format(89)) - Storage directory /home/runner/work/ozone/ozone/hadoop-ozone/integration-test/target/test-dir/MiniOzoneClusterImpl-17bb6255-4ab1-443a-98be-5fd7627ecb82/omNode-2/ratis/c9bc4cf4-3bc3-3c60-a66b-523986131536 has been successfully formatted.
2022-05-26 08:02:24,601 [pool-75-thread-1] INFO  server.RaftServerConfigKeys (ConfUtils.java:logGet(46)) - raft.server.notification.no-leader.timeout = 2s (custom)
2022-05-26 08:02:24,601 [pool-75-thread-1] INFO  server.RaftServerConfigKeys (ConfUtils.java:logGet(46)) - raft.server.log.use.memory = false (default)
2022-05-26 08:02:24,601 [pool-75-thread-1] INFO  server.RaftServerConfigKeys (ConfUtils.java:logGet(46)) - raft.server.log.purge.gap = 50 (custom)
2022-05-26 08:02:24,601 [pool-75-thread-1] INFO  server.RaftServerConfigKeys (ConfUtils.java:logGet(46)) - raft.server.log.appender.buffer.byte-limit = 33554432 (custom)
2022-05-26 08:02:24,601 [pool-75-thread-1] INFO  server.RaftServerConfigKeys (ConfUtils.java:logGet(46)) - raft.server.log.statemachine.data.read.timeout = 1000ms (default)
2022-05-26 08:02:24,601 [pool-75-thread-1] INFO  server.RaftServerConfigKeys (ConfUtils.java:logGet(46)) - raft.server.log.segment.size.max = 4194304 (custom)
2022-05-26 08:02:24,602 [pool-75-thread-1] INFO  server.RaftServerConfigKeys (ConfUtils.java:logGet(46)) - raft.server.log.segment.cache.num.max = 2 (custom)
2022-05-26 08:02:24,602 [pool-75-thread-1] INFO  server.RaftServerConfigKeys (ConfUtils.java:logGet(46)) - raft.server.log.segment.cache.size.max = 200MB (=209715200) (default)
2022-05-26 08:02:24,602 [pool-75-thread-1] INFO  segmented.SegmentedRaftLogWorker (SegmentedRaftLogWorker.java:<init>(187)) - new omNode-2@group-523986131536-SegmentedRaftLogWorker for RaftStorageImpl:Storage Directory /home/runner/work/ozone/ozone/hadoop-ozone/integration-test/target/test-dir/MiniOzoneClusterImpl-17bb6255-4ab1-443a-98be-5fd7627ecb82/omNode-2/ratis/c9bc4cf4-3bc3-3c60-a66b-523986131536
2022-05-26 08:02:24,602 [pool-75-thread-1] INFO  server.RaftServerConfigKeys (ConfUtils.java:logGet(46)) - raft.server.log.queue.byte-limit = 64MB (=67108864) (default)
2022-05-26 08:02:24,602 [pool-75-thread-1] INFO  server.RaftServerConfigKeys (ConfUtils.java:logGet(46)) - raft.server.log.queue.element-limit = 4096 (default)
2022-05-26 08:02:24,602 [pool-75-thread-1] INFO  server.RaftServerConfigKeys (ConfUtils.java:logGet(46)) - raft.server.log.segment.size.max = 4194304 (custom)
2022-05-26 08:02:24,602 [pool-75-thread-1] INFO  server.RaftServerConfigKeys (ConfUtils.java:logGet(46)) - raft.server.log.preallocated.size = 4194304 (custom)
2022-05-26 08:02:24,603 [pool-75-thread-1] INFO  server.RaftServerConfigKeys (ConfUtils.java:logGet(46)) - raft.server.log.force.sync.num = 128 (default)
2022-05-26 08:02:24,603 [pool-75-thread-1] INFO  server.RaftServerConfigKeys (ConfUtils.java:logGet(46)) - raft.server.log.statemachine.data.sync = true (default)
2022-05-26 08:02:24,603 [pool-75-thread-1] INFO  server.RaftServerConfigKeys (ConfUtils.java:logGet(46)) - raft.server.log.statemachine.data.sync.timeout = 10s (default)
2022-05-26 08:02:24,603 [pool-75-thread-1] INFO  server.RaftServerConfigKeys (ConfUtils.java:logGet(46)) - raft.server.log.statemachine.data.sync.timeout.retry = -1 (default)
2022-05-26 08:02:24,604 [pool-75-thread-1] INFO  server.RaftServerConfigKeys (ConfUtils.java:logGet(46)) - raft.server.log.write.buffer.size = 64KB (=65536) (default)
2022-05-26 08:02:24,604 [pool-75-thread-1] INFO  server.RaftServerConfigKeys (ConfUtils.java:logGet(46)) - raft.server.log.unsafe-flush.enabled = false (default)
2022-05-26 08:02:24,604 [pool-75-thread-1] INFO  server.RaftServerConfigKeys (ConfUtils.java:logGet(46)) - raft.server.log.statemachine.data.caching.enabled = false (default)
2022-05-26 08:02:24,604 [pool-75-thread-1] INFO  segmented.SegmentedRaftLogWorker (SegmentedRaftLogWorker.java:lambda$new$0(135)) - omNode-2@group-523986131536-SegmentedRaftLogWorker: flushIndex: setUnconditionally 0 -> -1
2022-05-26 08:02:24,604 [pool-75-thread-1] INFO  segmented.SegmentedRaftLogWorker (SegmentedRaftLogWorker.java:lambda$new$0(135)) - omNode-2@group-523986131536-SegmentedRaftLogWorker: safeCacheEvictIndex: setUnconditionally 0 -> -1
2022-05-26 08:02:24,604 [pool-75-thread-1] INFO  server.RaftServerConfigKeys (ConfUtils.java:logGet(46)) - raft.server.snapshot.auto.trigger.enabled = true (custom)
2022-05-26 08:02:24,604 [pool-75-thread-1] INFO  server.RaftServerConfigKeys (ConfUtils.java:logGet(46)) - raft.server.snapshot.auto.trigger.threshold = 50 (custom)
2022-05-26 08:02:24,605 [pool-75-thread-1] INFO  server.RaftServerConfigKeys (ConfUtils.java:logGet(46)) - raft.server.snapshot.retention.file.num = -1 (default)
2022-05-26 08:02:24,605 [pool-75-thread-1] INFO  server.RaftServerConfigKeys (ConfUtils.java:logGet(46)) - raft.server.log.purge.upto.snapshot.index = true (custom)
2022-05-26 08:02:24,605 [pool-75-thread-1] INFO  server.RaftServerConfigKeys (ConfUtils.java:logGet(46)) - raft.server.retrycache.expirytime = 30000ms (custom)
2022-05-26 08:02:24,605 [pool-75-thread-1] INFO  server.RaftServerConfigKeys (ConfUtils.java:logGet(46)) - raft.server.retrycache.statistics.expirytime = 100μs (default)
2022-05-26 08:02:24,606 [pool-75-thread-1] INFO  server.RaftServerConfigKeys (ConfUtils.java:logGet(46)) - raft.server.log.appender.install.snapshot.enabled = false (custom)
2022-05-26 08:02:24,606 [pool-75-thread-1] INFO  server.RaftServerConfigKeys (ConfUtils.java:logGet(46)) - raft.server.threadpool.server.cached = true (default)
2022-05-26 08:02:24,606 [pool-75-thread-1] INFO  server.RaftServerConfigKeys (ConfUtils.java:logGet(46)) - raft.server.threadpool.server.size = 0 (default)
2022-05-26 08:02:24,606 [pool-75-thread-1] INFO  server.RaftServerConfigKeys (ConfUtils.java:logGet(46)) - raft.server.threadpool.client.cached = true (default)
2022-05-26 08:02:24,606 [pool-75-thread-1] INFO  server.RaftServerConfigKeys (ConfUtils.java:logGet(46)) - raft.server.threadpool.client.size = 0 (default)
2022-05-26 08:02:24,940 [Listener at 127.0.0.1/38409] INFO  reflections.Reflections (Reflections.java:scan(232)) - Reflections took 359 ms to scan 19 urls, producing 61 keys and 3747 values [using 2 cores]
2022-05-26 08:02:24,942 [Listener at 127.0.0.1/38409] INFO  ipc.CallQueueManager (CallQueueManager.java:<init>(90)) - Using callQueue: class java.util.concurrent.LinkedBlockingQueue, queueCapacity: 2000, scheduler: class org.apache.hadoop.ipc.DefaultRpcScheduler, ipcBackoff: false.
2022-05-26 08:02:24,948 [Socket Reader #1 for port 38277] INFO  ipc.Server (Server.java:run(1265)) - Starting Socket Reader #1 for port 38277
2022-05-26 08:02:24,971 [Listener at 127.0.0.1/38277] INFO  impl.MetricsSystemImpl (MetricsSystemImpl.java:init(158)) - OzoneManager metrics system started (again)
2022-05-26 08:02:24,982 [Listener at 127.0.0.1/38277] INFO  om.OzoneManager (OzoneManager.java:start(1405)) - OzoneManager RPC server is listening at localhost/127.0.0.1:38277
2022-05-26 08:02:24,982 [Listener at 127.0.0.1/38277] INFO  ratis.OzoneManagerRatisServer (OzoneManagerRatisServer.java:start(554)) - Starting OzoneManagerRatisServer omNode-2 at port 37413
2022-05-26 08:02:24,982 [omNode-2-impl-thread1] INFO  server.RaftServer$Division (RaftServerImpl.java:start(310)) - omNode-2@group-523986131536: start as a follower, conf=-1: [omNode-3|rpc:localhost:42233|priority:0, omNode-1|rpc:localhost:40183|priority:0, omNode-2|rpc:localhost:37413|priority:0], old=null
2022-05-26 08:02:24,982 [omNode-2-impl-thread1] INFO  server.RaftServer$Division (RaftServerImpl.java:setRole(299)) - omNode-2@group-523986131536: changes role from      null to FOLLOWER at term 0 for startAsFollower
2022-05-26 08:02:24,983 [omNode-2-impl-thread1] INFO  impl.RoleInfo (RoleInfo.java:updateAndGet(139)) - omNode-2: start omNode-2@group-523986131536-FollowerState
2022-05-26 08:02:24,983 [omNode-2-impl-thread1] INFO  util.JmxRegister (JmxRegister.java:tryRegister(44)) - Successfully registered JMX Bean with object name Ratis:service=RaftServer,group=group-523986131536,id=omNode-2
2022-05-26 08:02:24,988 [Listener at 127.0.0.1/38277] INFO  server.RaftServer (RaftServerProxy.java:lambda$start$6(382)) - omNode-2: start RPC server
2022-05-26 08:02:24,989 [Listener at 127.0.0.1/38277] INFO  server.GrpcService (GrpcService.java:startImpl(260)) - omNode-2: GrpcService started, listening on 37413
2022-05-26 08:02:24,990 [Listener at 127.0.0.1/38277] INFO  om.OzoneManager (OzoneManager.java:start(1421)) - Version File has different layout version (2) than OM DB (null). That is expected if this OM has never been finalized to a newer layout version.
2022-05-26 08:02:24,990 [org.apache.ratis.util.JvmPauseMonitor$$Lambda$691/456821109@67b1f69] INFO  util.JvmPauseMonitor (JvmPauseMonitor.java:run(103)) - JvmPauseMonitor-omNode-2: Started
2022-05-26 08:02:24,993 [Listener at 127.0.0.1/38277] INFO  http.BaseHttpServer (BaseHttpServer.java:newHttpServer2BuilderForOzone(209)) - Starting Web-server for ozoneManager at: http://0.0.0.0:45205
2022-05-26 08:02:24,993 [Listener at 127.0.0.1/38277] INFO  http.BaseHttpServer (BaseHttpServer.java:<init>(107)) - Hadoop Security Enabled: false Ozone Security Enabled: false Ozone HTTP Security Enabled: false 
2022-05-26 08:02:24,995 [Listener at 127.0.0.1/38277] INFO  server.AuthenticationFilter (AuthenticationFilter.java:constructSecretProvider(240)) - Unable to initialize FileSignerSecretProvider, falling back to use random secrets.
2022-05-26 08:02:24,995 [Listener at 127.0.0.1/38277] WARN  http.HttpRequestLog (HttpRequestLog.java:getRequestLog(103)) - Jetty request log can only be enabled using Log4j
2022-05-26 08:02:24,996 [Listener at 127.0.0.1/38277] INFO  http.HttpServer2 (HttpServer2.java:addGlobalFilter(1030)) - Added global filter 'safety' (class=org.apache.hadoop.hdds.server.http.HttpServer2$QuotingInputFilter)
2022-05-26 08:02:24,997 [Listener at 127.0.0.1/38277] INFO  http.HttpServer2 (HttpServer2.java:addFilter(1006)) - Added filter static_user_filter (class=org.apache.hadoop.http.lib.StaticUserWebFilter$StaticUserFilter) to context ozoneManager
2022-05-26 08:02:24,997 [Listener at 127.0.0.1/38277] INFO  http.HttpServer2 (HttpServer2.java:addFilter(1014)) - Added filter static_user_filter (class=org.apache.hadoop.http.lib.StaticUserWebFilter$StaticUserFilter) to context static
2022-05-26 08:02:24,997 [Listener at 127.0.0.1/38277] INFO  http.HttpServer2 (HttpServer2.java:addFilter(1014)) - Added filter static_user_filter (class=org.apache.hadoop.http.lib.StaticUserWebFilter$StaticUserFilter) to context logs
2022-05-26 08:02:24,998 [Listener at 127.0.0.1/38277] INFO  http.HttpServer2 (HttpServer2.java:bindListener(1249)) - Jetty bound to port 45205
2022-05-26 08:02:24,998 [Listener at 127.0.0.1/38277] INFO  server.Server (Server.java:doStart(375)) - jetty-9.4.43.v20210629; built: 2021-06-30T11:07:22.254Z; git: 526006ecfa3af7f1a27ef3a288e2bef7ea9dd7e8; jvm 1.8.0_332-b09
2022-05-26 08:02:25,003 [Listener at 127.0.0.1/38277] INFO  server.session (DefaultSessionIdManager.java:doStart(334)) - DefaultSessionIdManager workerName=node0
2022-05-26 08:02:25,003 [Listener at 127.0.0.1/38277] INFO  server.session (DefaultSessionIdManager.java:doStart(339)) - No SessionScavenger set, using defaults
2022-05-26 08:02:25,003 [Listener at 127.0.0.1/38277] INFO  server.session (HouseKeeper.java:startScavenging(132)) - node0 Scavenging every 600000ms
2022-05-26 08:02:25,004 [Listener at 127.0.0.1/38277] INFO  handler.ContextHandler (ContextHandler.java:doStart(915)) - Started o.e.j.s.ServletContextHandler@1eea09a4{logs,/logs,file:///home/runner/work/ozone/ozone/hadoop-ozone/integration-test/target/log,AVAILABLE}
2022-05-26 08:02:25,004 [Listener at 127.0.0.1/38277] INFO  handler.ContextHandler (ContextHandler.java:doStart(915)) - Started o.e.j.s.ServletContextHandler@53279691{static,/static,file:///home/runner/work/ozone/ozone/hadoop-ozone/integration-test/target/test-classes/webapps/static,AVAILABLE}
2022-05-26 08:02:25,008 [Listener at 127.0.0.1/38277] INFO  handler.ContextHandler (ContextHandler.java:doStart(915)) - Started o.e.j.w.WebAppContext@6a4899c{ozoneManager,/,file:///home/runner/work/ozone/ozone/hadoop-ozone/integration-test/target/test-classes/webapps/ozoneManager/,AVAILABLE}{file:/home/runner/work/ozone/ozone/hadoop-ozone/integration-test/target/test-classes/webapps/ozoneManager}
2022-05-26 08:02:25,009 [Listener at 127.0.0.1/38277] INFO  server.AbstractConnector (AbstractConnector.java:doStart(331)) - Started ServerConnector@5506ff53{HTTP/1.1, (http/1.1)}{0.0.0.0:45205}
2022-05-26 08:02:25,009 [Listener at 127.0.0.1/38277] INFO  server.Server (Server.java:doStart(415)) - Started @6949ms
2022-05-26 08:02:25,009 [Listener at 127.0.0.1/38277] WARN  impl.MetricsSystemImpl (MetricsSystemImpl.java:register(279)) - Sink prometheus already exists!
2022-05-26 08:02:25,009 [Listener at 127.0.0.1/38277] INFO  http.BaseHttpServer (BaseHttpServer.java:updateConnectorAddress(329)) - HTTP server of ozoneManager listening at http://0.0.0.0:45205
2022-05-26 08:02:25,010 [IPC Server Responder] INFO  ipc.Server (Server.java:run(1507)) - IPC Server Responder: starting
2022-05-26 08:02:25,014 [IPC Server listener on 38277] INFO  ipc.Server (Server.java:run(1344)) - IPC Server listener on 38277: starting
2022-05-26 08:02:25,018 [Listener at 127.0.0.1/38277] INFO  om.OzoneManager (OzoneManager.java:startTrashEmptier(1845)) - Trash Interval set to 0. Files deleted won't move to trash
2022-05-26 08:02:25,018 [Listener at 127.0.0.1/38277] INFO  ozone.MiniOzoneHAClusterImpl (MiniOzoneHAClusterImpl.java:createOMService(522)) - Started OzoneManager omNode-2 RPC server at localhost/127.0.0.1:38277
2022-05-26 08:02:25,018 [org.apache.hadoop.util.JvmPauseMonitor$Monitor@30d0e28e] INFO  util.JvmPauseMonitor (JvmPauseMonitor.java:run(188)) - Starting JVM pause monitor
2022-05-26 08:02:25,019 [Listener at 127.0.0.1/38277] INFO  ha.OMHANodeDetails (OMHANodeDetails.java:loadOMHAConfig(121)) - ServiceID for OzoneManager is om-service-test1
2022-05-26 08:02:25,020 [Listener at 127.0.0.1/38277] INFO  ha.OMHANodeDetails (OMHANodeDetails.java:loadOMHAConfig(201)) - Found matching OM address with OMServiceId: om-service-test1, OMNodeId: omNode-3, RPC Address: localhost:46875 and Ratis port: 42233
2022-05-26 08:02:25,020 [Listener at 127.0.0.1/38277] INFO  ha.OMHANodeDetails (ConfUtils.java:setNodeSpecificConfigs(97)) - Setting configuration key ozone.om.http-address with value of key ozone.om.http-address.om-service-test1.omNode-3: 127.0.0.1:39517
2022-05-26 08:02:25,020 [Listener at 127.0.0.1/38277] INFO  ha.OMHANodeDetails (ConfUtils.java:setNodeSpecificConfigs(97)) - Setting configuration key ozone.om.https-address with value of key ozone.om.https-address.om-service-test1.omNode-3: 127.0.0.1:43307
2022-05-26 08:02:25,021 [Listener at 127.0.0.1/38277] INFO  ha.OMHANodeDetails (ConfUtils.java:setNodeSpecificConfigs(97)) - Setting configuration key ozone.om.address with value of key ozone.om.address.om-service-test1.omNode-3: 127.0.0.1:46875
2022-05-26 08:02:25,021 [Listener at 127.0.0.1/38277] WARN  server.ServerUtils (ServerUtils.java:getDBPath(225)) - ozone.om.db.dirs is not configured. We recommend adding this setting. Falling back to ozone.metadata.dirs instead.
2022-05-26 08:02:25,023 [Listener at 127.0.0.1/38277] INFO  proxy.SCMBlockLocationFailoverProxyProvider (SCMBlockLocationFailoverProxyProvider.java:<init>(114)) - Created block location fail-over proxy with 1 nodes: [nodeId=scmNodeId,nodeAddress=/0.0.0.0:37425]
OM initialization succeeded.Current cluster id for sd=/home/runner/work/ozone/ozone/hadoop-ozone/integration-test/target/test-dir/MiniOzoneClusterImpl-17bb6255-4ab1-443a-98be-5fd7627ecb82/omNode-3/om;cid=17bb6255-4ab1-443a-98be-5fd7627ecb82;layoutVersion=2
2022-05-26 08:02:25,031 [Listener at 127.0.0.1/38277] INFO  ha.OMHANodeDetails (OMHANodeDetails.java:loadOMHAConfig(121)) - ServiceID for OzoneManager is om-service-test1
2022-05-26 08:02:25,032 [Listener at 127.0.0.1/38277] INFO  ha.OMHANodeDetails (OMHANodeDetails.java:loadOMHAConfig(201)) - Found matching OM address with OMServiceId: om-service-test1, OMNodeId: omNode-3, RPC Address: localhost:46875 and Ratis port: 42233
2022-05-26 08:02:25,032 [Listener at 127.0.0.1/38277] INFO  ha.OMHANodeDetails (ConfUtils.java:setNodeSpecificConfigs(97)) - Setting configuration key ozone.om.http-address with value of key ozone.om.http-address.om-service-test1.omNode-3: 127.0.0.1:39517
2022-05-26 08:02:25,032 [Listener at 127.0.0.1/38277] INFO  ha.OMHANodeDetails (ConfUtils.java:setNodeSpecificConfigs(97)) - Setting configuration key ozone.om.https-address with value of key ozone.om.https-address.om-service-test1.omNode-3: 127.0.0.1:43307
2022-05-26 08:02:25,033 [Listener at 127.0.0.1/38277] INFO  ha.OMHANodeDetails (ConfUtils.java:setNodeSpecificConfigs(97)) - Setting configuration key ozone.om.address with value of key ozone.om.address.om-service-test1.omNode-3: 127.0.0.1:46875
2022-05-26 08:02:25,033 [Listener at 127.0.0.1/38277] WARN  server.ServerUtils (ServerUtils.java:getDBPath(225)) - ozone.om.db.dirs is not configured. We recommend adding this setting. Falling back to ozone.metadata.dirs instead.
2022-05-26 08:02:25,034 [Listener at 127.0.0.1/38277] INFO  upgrade.AbstractLayoutVersionManager (AbstractLayoutVersionManager.java:init(79)) - Initializing Layout version manager with metadata layout = BUCKET_LAYOUT_SUPPORT (version = 2), software layout = BUCKET_LAYOUT_SUPPORT (version = 2)
2022-05-26 08:02:25,088 [Listener at 127.0.0.1/38277] INFO  reflections.Reflections (Reflections.java:scan(232)) - Reflections took 53 ms to scan 2 urls, producing 143 keys and 371 values [using 2 cores]
2022-05-26 08:02:25,089 [Listener at 127.0.0.1/38277] INFO  upgrade.OMLayoutVersionManager (OMLayoutVersionManager.java:lambda$0(115)) - Skipping Upgrade Action MockOmUpgradeAction since it has been finalized.
2022-05-26 08:02:25,089 [Listener at 127.0.0.1/38277] WARN  server.ServerUtils (ServerUtils.java:getDBPath(225)) - ozone.om.db.dirs is not configured. We recommend adding this setting. Falling back to ozone.metadata.dirs instead.
2022-05-26 08:02:25,090 [Listener at 127.0.0.1/38277] INFO  proxy.SCMBlockLocationFailoverProxyProvider (SCMBlockLocationFailoverProxyProvider.java:<init>(114)) - Created block location fail-over proxy with 1 nodes: [nodeId=scmNodeId,nodeAddress=/0.0.0.0:37425]
2022-05-26 08:02:25,091 [Listener at 127.0.0.1/38277] INFO  proxy.SCMBlockLocationFailoverProxyProvider (SCMBlockLocationFailoverProxyProvider.java:<init>(114)) - Created block location fail-over proxy with 1 nodes: [nodeId=scmNodeId,nodeAddress=/0.0.0.0:37425]
2022-05-26 08:02:25,101 [Listener at 127.0.0.1/38277] WARN  server.ServerUtils (ServerUtils.java:getDBPath(225)) - ozone.om.db.dirs is not configured. We recommend adding this setting. Falling back to ozone.metadata.dirs instead.
2022-05-26 08:02:25,101 [Listener at 127.0.0.1/38277] INFO  codec.OmKeyInfoCodec (OmKeyInfoCodec.java:<init>(49)) - OmKeyInfoCodec ignorePipeline = true
2022-05-26 08:02:25,101 [Listener at 127.0.0.1/38277] INFO  codec.RepeatedOmKeyInfoCodec (RepeatedOmKeyInfoCodec.java:<init>(41)) - RepeatedOmKeyInfoCodec ignorePipeline = true
2022-05-26 08:02:25,246 [Listener at 127.0.0.1/38277] INFO  om.OzoneManager (OzoneManager.java:addS3GVolumeToDB(3894)) - Created Volume s3v With Owner runner required for S3Gateway operations.
2022-05-26 08:02:25,246 [Listener at 127.0.0.1/38277] WARN  server.ServerUtils (ServerUtils.java:getDefaultRatisDirectory(237)) - Storage directory for Ratis is not configured. It is a good idea to map this to an SSD disk. Falling back to ozone.metadata.dirs
2022-05-26 08:02:25,247 [Listener at 127.0.0.1/38277] WARN  utils.OzoneManagerRatisUtils (OzoneManagerRatisUtils.java:getOMRatisSnapshotDirectory(395)) - ozone.om.ratis.snapshot.dir is not configured. Falling back to ozone.metadata.dirs config
2022-05-26 08:02:25,247 [Listener at 127.0.0.1/38277] INFO  snapshot.OzoneManagerSnapshotProvider (OzoneManagerSnapshotProvider.java:<init>(76)) - Initializing OM Snapshot Provider
2022-05-26 08:02:25,248 [Listener at 127.0.0.1/38277] WARN  impl.MetricRegistriesImpl (MetricRegistriesImpl.java:addReporterRegistration(111)) - New reporters are added after registries were created. Some metrics will be missing from the reporter. Please add reporter before adding any new registry.
2022-05-26 08:02:25,248 [Listener at 127.0.0.1/38277] WARN  impl.MetricRegistriesImpl (MetricRegistriesImpl.java:addReporterRegistration(111)) - New reporters are added after registries were created. Some metrics will be missing from the reporter. Please add reporter before adding any new registry.
2022-05-26 08:02:25,249 [Listener at 127.0.0.1/38277] WARN  server.ServerUtils (ServerUtils.java:getDefaultRatisDirectory(237)) - Storage directory for Ratis is not configured. It is a good idea to map this to an SSD disk. Falling back to ozone.metadata.dirs
2022-05-26 08:02:25,250 [Listener at 127.0.0.1/38277] INFO  ratis.OzoneManagerRatisServer (OzoneManagerRatisServer.java:<init>(159)) - Instantiating OM Ratis server with groupID: om-service-test1 and peers: localhost:42233, localhost:40183, localhost:37413
2022-05-26 08:02:25,250 [Listener at 127.0.0.1/38277] INFO  ratis.OzoneManagerStateMachine (OzoneManagerStateMachine.java:loadSnapshotInfoFromDB(627)) - LastAppliedIndex is set from TransactionInfo from OM DB as (t:0, i:~)
2022-05-26 08:02:25,250 [Listener at 127.0.0.1/38277] INFO  server.RaftServer (ConfUtils.java:logGet(46)) - raft.rpc.type = GRPC (default)
2022-05-26 08:02:25,251 [Listener at 127.0.0.1/38277] INFO  grpc.GrpcFactory (GrpcFactory.java:checkPooledByteBufAllocatorUseCacheForAllThreads(48)) - PERFORMANCE WARNING: useCacheForAllThreads is true that may cause Netty to create a lot garbage objects and, as a result, trigger GC.
	It is recommended to disable useCacheForAllThreads by setting -Dorg.apache.ratis.thirdparty.io.netty.allocator.useCacheForAllThreads=false in command line.
2022-05-26 08:02:25,251 [Listener at 127.0.0.1/38277] INFO  grpc.GrpcConfigKeys (ConfUtils.java:logGet(46)) - raft.grpc.admin.port = -1 (default)
2022-05-26 08:02:25,251 [Listener at 127.0.0.1/38277] INFO  grpc.GrpcConfigKeys (ConfUtils.java:logGet(46)) - raft.grpc.server.port = 42233 (custom)
2022-05-26 08:02:25,251 [Listener at 127.0.0.1/38277] INFO  grpc.GrpcConfigKeys (ConfUtils.java:logGet(46)) - raft.grpc.client.port = -1 (default)
2022-05-26 08:02:25,251 [Listener at 127.0.0.1/38277] INFO  grpc.GrpcConfigKeys (ConfUtils.java:logGet(46)) - raft.grpc.server.port = 42233 (custom)
2022-05-26 08:02:25,252 [Listener at 127.0.0.1/38277] INFO  grpc.GrpcConfigKeys (ConfUtils.java:logGet(46)) - raft.grpc.server.port = 42233 (custom)
2022-05-26 08:02:25,252 [Listener at 127.0.0.1/38277] INFO  server.GrpcService (ConfUtils.java:logGet(46)) - raft.grpc.message.size.max = 33554432 (custom)
2022-05-26 08:02:25,254 [Listener at 127.0.0.1/38277] INFO  server.RaftServerConfigKeys (ConfUtils.java:logGet(46)) - raft.server.log.appender.buffer.byte-limit = 33554432 (custom)
2022-05-26 08:02:25,254 [Listener at 127.0.0.1/38277] INFO  server.GrpcService (ConfUtils.java:logGet(46)) - raft.grpc.flow.control.window = 1MB (=1048576) (default)
2022-05-26 08:02:25,254 [Listener at 127.0.0.1/38277] INFO  server.RaftServerConfigKeys (ConfUtils.java:logGet(46)) - raft.server.rpc.request.timeout = 3000ms (default)
2022-05-26 08:02:25,254 [Listener at 127.0.0.1/38277] INFO  grpc.GrpcConfigKeys (ConfUtils.java:logGet(46)) - raft.grpc.server.async.request.thread.pool.cached = true (default)
2022-05-26 08:02:25,254 [Listener at 127.0.0.1/38277] INFO  grpc.GrpcConfigKeys (ConfUtils.java:logGet(46)) - raft.grpc.server.async.request.thread.pool.size = 32 (default)
2022-05-26 08:02:25,256 [Listener at 127.0.0.1/38277] INFO  impl.DataStreamServerImpl (ConfUtils.java:logGet(46)) - raft.datastream.type = DISABLED (default)
2022-05-26 08:02:25,256 [Listener at 127.0.0.1/38277] INFO  server.RaftServerConfigKeys (ConfUtils.java:logGet(46)) - raft.server.threadpool.proxy.cached = true (default)
2022-05-26 08:02:25,256 [Listener at 127.0.0.1/38277] INFO  server.RaftServerConfigKeys (ConfUtils.java:logGet(46)) - raft.server.threadpool.proxy.size = 0 (default)
2022-05-26 08:02:25,256 [Listener at 127.0.0.1/38277] INFO  server.RaftServerConfigKeys (ConfUtils.java:logGet(46)) - raft.server.rpc.slowness.timeout = 2s (custom)
2022-05-26 08:02:25,256 [Listener at 127.0.0.1/38277] INFO  server.RaftServerConfigKeys (ConfUtils.java:logGet(46)) - raft.server.leaderelection.leader.step-down.wait-time = 10s (default)
2022-05-26 08:02:25,256 [Listener at 127.0.0.1/38277] INFO  server.RaftServerConfigKeys (ConfUtils.java:logGet(46)) - raft.server.storage.dir = [/home/runner/work/ozone/ozone/hadoop-ozone/integration-test/target/test-dir/MiniOzoneClusterImpl-17bb6255-4ab1-443a-98be-5fd7627ecb82/omNode-3/ratis] (custom)
2022-05-26 08:02:25,257 [Listener at 127.0.0.1/38277] INFO  server.RaftServer (RaftServerProxy.java:addNew(96)) - omNode-3: addNew group-523986131536:[omNode-3|rpc:localhost:42233|priority:0, omNode-1|rpc:localhost:40183|priority:0, omNode-2|rpc:localhost:37413|priority:0] returns group-523986131536:java.util.concurrent.CompletableFuture@2f815a12[Not completed]
2022-05-26 08:02:25,257 [Listener at 127.0.0.1/38277] INFO  om.OzoneManager (OzoneManager.java:initializeRatisServer(1901)) - OzoneManager Ratis server initialized at port 42233
2022-05-26 08:02:25,259 [Listener at 127.0.0.1/38277] INFO  om.OzoneManager (OzoneManager.java:getRpcServer(1030)) - Creating RPC Server
2022-05-26 08:02:25,260 [pool-97-thread-1] INFO  server.RaftServer$Division (RaftServerImpl.java:<init>(190)) - omNode-3: new RaftServerImpl for group-523986131536:[omNode-3|rpc:localhost:42233|priority:0, omNode-1|rpc:localhost:40183|priority:0, omNode-2|rpc:localhost:37413|priority:0] with OzoneManagerStateMachine:uninitialized
2022-05-26 08:02:25,260 [pool-97-thread-1] INFO  server.RaftServerConfigKeys (ConfUtils.java:logGet(46)) - raft.server.rpc.timeout.min = 1s (custom)
2022-05-26 08:02:25,260 [pool-97-thread-1] INFO  server.RaftServerConfigKeys (ConfUtils.java:logGet(46)) - raft.server.rpc.timeout.max = 1200ms (custom)
2022-05-26 08:02:25,260 [pool-97-thread-1] INFO  server.RaftServerConfigKeys (ConfUtils.java:logGet(46)) - raft.server.rpc.sleep.time = 25ms (default)
2022-05-26 08:02:25,260 [pool-97-thread-1] INFO  server.RaftServerConfigKeys (ConfUtils.java:logGet(46)) - raft.server.rpc.slowness.timeout = 2s (custom)
2022-05-26 08:02:25,260 [pool-97-thread-1] INFO  server.RaftServerConfigKeys (ConfUtils.java:logGet(46)) - raft.server.leaderelection.leader.step-down.wait-time = 10s (default)
2022-05-26 08:02:25,260 [pool-97-thread-1] INFO  server.RaftServerConfigKeys (ConfUtils.java:logGet(46)) - raft.server.sleep.deviation.threshold = 300ms (default)
2022-05-26 08:02:25,260 [pool-97-thread-1] INFO  server.RaftServer$Division (ServerState.java:<init>(107)) - omNode-3@group-523986131536: ConfigurationManager, init=-1: [omNode-3|rpc:localhost:42233|priority:0, omNode-1|rpc:localhost:40183|priority:0, omNode-2|rpc:localhost:37413|priority:0], old=null, confs=<EMPTY_MAP>
2022-05-26 08:02:25,260 [pool-97-thread-1] INFO  server.RaftServerConfigKeys (ConfUtils.java:logGet(46)) - raft.server.storage.dir = [/home/runner/work/ozone/ozone/hadoop-ozone/integration-test/target/test-dir/MiniOzoneClusterImpl-17bb6255-4ab1-443a-98be-5fd7627ecb82/omNode-3/ratis] (custom)
2022-05-26 08:02:25,261 [pool-97-thread-1] INFO  server.RaftServerConfigKeys (ConfUtils.java:logGet(46)) - raft.server.log.corruption.policy = EXCEPTION (default)
2022-05-26 08:02:25,261 [pool-97-thread-1] INFO  server.RaftServerConfigKeys (ConfUtils.java:logGet(46)) - raft.server.storage.free-space.min = 0MB (=0) (default)
2022-05-26 08:02:25,261 [pool-97-thread-1] INFO  storage.RaftStorageDirectory (RaftStorageDirectoryImpl.java:analyzeStorage(135)) - The storage directory /home/runner/work/ozone/ozone/hadoop-ozone/integration-test/target/test-dir/MiniOzoneClusterImpl-17bb6255-4ab1-443a-98be-5fd7627ecb82/omNode-3/ratis/c9bc4cf4-3bc3-3c60-a66b-523986131536 does not exist. Creating ...
2022-05-26 08:02:25,264 [pool-97-thread-1] INFO  storage.RaftStorageDirectory (RaftStorageDirectoryImpl.java:tryLock(230)) - Lock on /home/runner/work/ozone/ozone/hadoop-ozone/integration-test/target/test-dir/MiniOzoneClusterImpl-17bb6255-4ab1-443a-98be-5fd7627ecb82/omNode-3/ratis/c9bc4cf4-3bc3-3c60-a66b-523986131536/in_use.lock acquired by nodename 18146@fv-az35-51
2022-05-26 08:02:25,266 [pool-97-thread-1] INFO  storage.RaftStorage (RaftStorageImpl.java:format(89)) - Storage directory /home/runner/work/ozone/ozone/hadoop-ozone/integration-test/target/test-dir/MiniOzoneClusterImpl-17bb6255-4ab1-443a-98be-5fd7627ecb82/omNode-3/ratis/c9bc4cf4-3bc3-3c60-a66b-523986131536 has been successfully formatted.
2022-05-26 08:02:25,266 [pool-97-thread-1] INFO  server.RaftServerConfigKeys (ConfUtils.java:logGet(46)) - raft.server.notification.no-leader.timeout = 2s (custom)
2022-05-26 08:02:25,266 [pool-97-thread-1] INFO  server.RaftServerConfigKeys (ConfUtils.java:logGet(46)) - raft.server.log.use.memory = false (default)
2022-05-26 08:02:25,266 [pool-97-thread-1] INFO  server.RaftServerConfigKeys (ConfUtils.java:logGet(46)) - raft.server.log.purge.gap = 50 (custom)
2022-05-26 08:02:25,266 [pool-97-thread-1] INFO  server.RaftServerConfigKeys (ConfUtils.java:logGet(46)) - raft.server.log.appender.buffer.byte-limit = 33554432 (custom)
2022-05-26 08:02:25,266 [pool-97-thread-1] INFO  server.RaftServerConfigKeys (ConfUtils.java:logGet(46)) - raft.server.log.statemachine.data.read.timeout = 1000ms (default)
2022-05-26 08:02:25,267 [pool-97-thread-1] INFO  server.RaftServerConfigKeys (ConfUtils.java:logGet(46)) - raft.server.log.segment.size.max = 4194304 (custom)
2022-05-26 08:02:25,267 [pool-97-thread-1] INFO  server.RaftServerConfigKeys (ConfUtils.java:logGet(46)) - raft.server.log.segment.cache.num.max = 2 (custom)
2022-05-26 08:02:25,267 [pool-97-thread-1] INFO  server.RaftServerConfigKeys (ConfUtils.java:logGet(46)) - raft.server.log.segment.cache.size.max = 200MB (=209715200) (default)
2022-05-26 08:02:25,267 [pool-97-thread-1] INFO  segmented.SegmentedRaftLogWorker (SegmentedRaftLogWorker.java:<init>(187)) - new omNode-3@group-523986131536-SegmentedRaftLogWorker for RaftStorageImpl:Storage Directory /home/runner/work/ozone/ozone/hadoop-ozone/integration-test/target/test-dir/MiniOzoneClusterImpl-17bb6255-4ab1-443a-98be-5fd7627ecb82/omNode-3/ratis/c9bc4cf4-3bc3-3c60-a66b-523986131536
2022-05-26 08:02:25,267 [pool-97-thread-1] INFO  server.RaftServerConfigKeys (ConfUtils.java:logGet(46)) - raft.server.log.queue.byte-limit = 64MB (=67108864) (default)
2022-05-26 08:02:25,267 [pool-97-thread-1] INFO  server.RaftServerConfigKeys (ConfUtils.java:logGet(46)) - raft.server.log.queue.element-limit = 4096 (default)
2022-05-26 08:02:25,267 [pool-97-thread-1] INFO  server.RaftServerConfigKeys (ConfUtils.java:logGet(46)) - raft.server.log.segment.size.max = 4194304 (custom)
2022-05-26 08:02:25,267 [pool-97-thread-1] INFO  server.RaftServerConfigKeys (ConfUtils.java:logGet(46)) - raft.server.log.preallocated.size = 4194304 (custom)
2022-05-26 08:02:25,268 [pool-97-thread-1] INFO  server.RaftServerConfigKeys (ConfUtils.java:logGet(46)) - raft.server.log.force.sync.num = 128 (default)
2022-05-26 08:02:25,268 [pool-97-thread-1] INFO  server.RaftServerConfigKeys (ConfUtils.java:logGet(46)) - raft.server.log.statemachine.data.sync = true (default)
2022-05-26 08:02:25,268 [pool-97-thread-1] INFO  server.RaftServerConfigKeys (ConfUtils.java:logGet(46)) - raft.server.log.statemachine.data.sync.timeout = 10s (default)
2022-05-26 08:02:25,268 [pool-97-thread-1] INFO  server.RaftServerConfigKeys (ConfUtils.java:logGet(46)) - raft.server.log.statemachine.data.sync.timeout.retry = -1 (default)
2022-05-26 08:02:25,277 [pool-97-thread-1] INFO  server.RaftServerConfigKeys (ConfUtils.java:logGet(46)) - raft.server.log.write.buffer.size = 64KB (=65536) (default)
2022-05-26 08:02:25,277 [pool-97-thread-1] INFO  server.RaftServerConfigKeys (ConfUtils.java:logGet(46)) - raft.server.log.unsafe-flush.enabled = false (default)
2022-05-26 08:02:25,277 [pool-97-thread-1] INFO  server.RaftServerConfigKeys (ConfUtils.java:logGet(46)) - raft.server.log.statemachine.data.caching.enabled = false (default)
2022-05-26 08:02:25,284 [pool-97-thread-1] INFO  segmented.SegmentedRaftLogWorker (SegmentedRaftLogWorker.java:lambda$new$0(135)) - omNode-3@group-523986131536-SegmentedRaftLogWorker: flushIndex: setUnconditionally 0 -> -1
2022-05-26 08:02:25,284 [pool-97-thread-1] INFO  segmented.SegmentedRaftLogWorker (SegmentedRaftLogWorker.java:lambda$new$0(135)) - omNode-3@group-523986131536-SegmentedRaftLogWorker: safeCacheEvictIndex: setUnconditionally 0 -> -1
2022-05-26 08:02:25,288 [pool-97-thread-1] INFO  server.RaftServerConfigKeys (ConfUtils.java:logGet(46)) - raft.server.snapshot.auto.trigger.enabled = true (custom)
2022-05-26 08:02:25,288 [pool-97-thread-1] INFO  server.RaftServerConfigKeys (ConfUtils.java:logGet(46)) - raft.server.snapshot.auto.trigger.threshold = 50 (custom)
2022-05-26 08:02:25,288 [pool-97-thread-1] INFO  server.RaftServerConfigKeys (ConfUtils.java:logGet(46)) - raft.server.snapshot.retention.file.num = -1 (default)
2022-05-26 08:02:25,288 [pool-97-thread-1] INFO  server.RaftServerConfigKeys (ConfUtils.java:logGet(46)) - raft.server.log.purge.upto.snapshot.index = true (custom)
2022-05-26 08:02:25,288 [pool-97-thread-1] INFO  server.RaftServerConfigKeys (ConfUtils.java:logGet(46)) - raft.server.retrycache.expirytime = 30000ms (custom)
2022-05-26 08:02:25,288 [pool-97-thread-1] INFO  server.RaftServerConfigKeys (ConfUtils.java:logGet(46)) - raft.server.retrycache.statistics.expirytime = 100μs (default)
2022-05-26 08:02:25,290 [pool-97-thread-1] INFO  server.RaftServerConfigKeys (ConfUtils.java:logGet(46)) - raft.server.log.appender.install.snapshot.enabled = false (custom)
2022-05-26 08:02:25,290 [pool-97-thread-1] INFO  server.RaftServerConfigKeys (ConfUtils.java:logGet(46)) - raft.server.threadpool.server.cached = true (default)
2022-05-26 08:02:25,290 [pool-97-thread-1] INFO  server.RaftServerConfigKeys (ConfUtils.java:logGet(46)) - raft.server.threadpool.server.size = 0 (default)
2022-05-26 08:02:25,290 [pool-97-thread-1] INFO  server.RaftServerConfigKeys (ConfUtils.java:logGet(46)) - raft.server.threadpool.client.cached = true (default)
2022-05-26 08:02:25,290 [pool-97-thread-1] INFO  server.RaftServerConfigKeys (ConfUtils.java:logGet(46)) - raft.server.threadpool.client.size = 0 (default)
2022-05-26 08:02:25,375 [omNode-1@group-523986131536-FollowerState] INFO  impl.FollowerState (FollowerState.java:run(143)) - omNode-1@group-523986131536-FollowerState: change to CANDIDATE, lastRpcElapsedTime:1152888624ns, electionTimeout:1151ms
2022-05-26 08:02:25,376 [omNode-1@group-523986131536-FollowerState] INFO  impl.RoleInfo (RoleInfo.java:shutdownFollowerState(110)) - omNode-1: shutdown omNode-1@group-523986131536-FollowerState
2022-05-26 08:02:25,376 [omNode-1@group-523986131536-FollowerState] INFO  server.RaftServer$Division (RaftServerImpl.java:setRole(299)) - omNode-1@group-523986131536: changes role from  FOLLOWER to CANDIDATE at term 0 for changeToCandidate
2022-05-26 08:02:25,379 [omNode-1@group-523986131536-FollowerState] INFO  server.RaftServerConfigKeys (ConfUtils.java:logGet(46)) - raft.server.leaderelection.pre-vote = false (custom)
2022-05-26 08:02:25,379 [omNode-1@group-523986131536-FollowerState] INFO  impl.RoleInfo (RoleInfo.java:updateAndGet(139)) - omNode-1: start omNode-1@group-523986131536-LeaderElection1
2022-05-26 08:02:25,394 [omNode-1@group-523986131536-LeaderElection1] INFO  impl.LeaderElection (LeaderElection.java:askForVotes(310)) - omNode-1@group-523986131536-LeaderElection1 ELECTION round 0: submit vote requests at term 1 for -1: [omNode-3|rpc:localhost:42233|priority:0, omNode-1|rpc:localhost:40183|priority:0, omNode-2|rpc:localhost:37413|priority:0], old=null
2022-05-26 08:02:25,901 [Listener at 127.0.0.1/38277] INFO  reflections.Reflections (Reflections.java:scan(232)) - Reflections took 641 ms to scan 19 urls, producing 61 keys and 3747 values [using 2 cores]
2022-05-26 08:02:25,903 [Listener at 127.0.0.1/38277] INFO  ipc.CallQueueManager (CallQueueManager.java:<init>(90)) - Using callQueue: class java.util.concurrent.LinkedBlockingQueue, queueCapacity: 2000, scheduler: class org.apache.hadoop.ipc.DefaultRpcScheduler, ipcBackoff: false.
2022-05-26 08:02:25,913 [Socket Reader #1 for port 46875] INFO  ipc.Server (Server.java:run(1265)) - Starting Socket Reader #1 for port 46875
2022-05-26 08:02:25,959 [Listener at 127.0.0.1/46875] INFO  impl.MetricsSystemImpl (MetricsSystemImpl.java:init(158)) - OzoneManager metrics system started (again)
2022-05-26 08:02:25,985 [Listener at 127.0.0.1/46875] INFO  om.OzoneManager (OzoneManager.java:start(1405)) - OzoneManager RPC server is listening at localhost/127.0.0.1:46875
2022-05-26 08:02:25,986 [Listener at 127.0.0.1/46875] INFO  ratis.OzoneManagerRatisServer (OzoneManagerRatisServer.java:start(554)) - Starting OzoneManagerRatisServer omNode-3 at port 42233
2022-05-26 08:02:25,986 [omNode-3-impl-thread1] INFO  server.RaftServer$Division (RaftServerImpl.java:start(310)) - omNode-3@group-523986131536: start as a follower, conf=-1: [omNode-3|rpc:localhost:42233|priority:0, omNode-1|rpc:localhost:40183|priority:0, omNode-2|rpc:localhost:37413|priority:0], old=null
2022-05-26 08:02:25,986 [omNode-3-impl-thread1] INFO  server.RaftServer$Division (RaftServerImpl.java:setRole(299)) - omNode-3@group-523986131536: changes role from      null to FOLLOWER at term 0 for startAsFollower
2022-05-26 08:02:25,986 [omNode-3-impl-thread1] INFO  impl.RoleInfo (RoleInfo.java:updateAndGet(139)) - omNode-3: start omNode-3@group-523986131536-FollowerState
2022-05-26 08:02:26,001 [omNode-3-impl-thread1] INFO  util.JmxRegister (JmxRegister.java:tryRegister(44)) - Successfully registered JMX Bean with object name Ratis:service=RaftServer,group=group-523986131536,id=omNode-3
2022-05-26 08:02:26,005 [Listener at 127.0.0.1/46875] INFO  server.RaftServer (RaftServerProxy.java:lambda$start$6(382)) - omNode-3: start RPC server
2022-05-26 08:02:26,007 [Listener at 127.0.0.1/46875] INFO  server.GrpcService (GrpcService.java:startImpl(260)) - omNode-3: GrpcService started, listening on 42233
2022-05-26 08:02:26,019 [Listener at 127.0.0.1/46875] INFO  om.OzoneManager (OzoneManager.java:start(1421)) - Version File has different layout version (2) than OM DB (null). That is expected if this OM has never been finalized to a newer layout version.
2022-05-26 08:02:26,019 [org.apache.ratis.util.JvmPauseMonitor$$Lambda$691/456821109@77c0457f] INFO  util.JvmPauseMonitor (JvmPauseMonitor.java:run(103)) - JvmPauseMonitor-omNode-3: Started
2022-05-26 08:02:26,041 [Listener at 127.0.0.1/46875] INFO  http.BaseHttpServer (BaseHttpServer.java:newHttpServer2BuilderForOzone(209)) - Starting Web-server for ozoneManager at: http://0.0.0.0:39517
2022-05-26 08:02:26,041 [Listener at 127.0.0.1/46875] INFO  http.BaseHttpServer (BaseHttpServer.java:<init>(107)) - Hadoop Security Enabled: false Ozone Security Enabled: false Ozone HTTP Security Enabled: false 
2022-05-26 08:02:26,042 [Listener at 127.0.0.1/46875] INFO  server.AuthenticationFilter (AuthenticationFilter.java:constructSecretProvider(240)) - Unable to initialize FileSignerSecretProvider, falling back to use random secrets.
2022-05-26 08:02:26,044 [Listener at 127.0.0.1/46875] WARN  http.HttpRequestLog (HttpRequestLog.java:getRequestLog(103)) - Jetty request log can only be enabled using Log4j
2022-05-26 08:02:26,051 [Listener at 127.0.0.1/46875] INFO  http.HttpServer2 (HttpServer2.java:addGlobalFilter(1030)) - Added global filter 'safety' (class=org.apache.hadoop.hdds.server.http.HttpServer2$QuotingInputFilter)
2022-05-26 08:02:26,052 [Listener at 127.0.0.1/46875] INFO  http.HttpServer2 (HttpServer2.java:addFilter(1006)) - Added filter static_user_filter (class=org.apache.hadoop.http.lib.StaticUserWebFilter$StaticUserFilter) to context ozoneManager
2022-05-26 08:02:26,053 [Listener at 127.0.0.1/46875] INFO  http.HttpServer2 (HttpServer2.java:addFilter(1014)) - Added filter static_user_filter (class=org.apache.hadoop.http.lib.StaticUserWebFilter$StaticUserFilter) to context logs
2022-05-26 08:02:26,053 [Listener at 127.0.0.1/46875] INFO  http.HttpServer2 (HttpServer2.java:addFilter(1014)) - Added filter static_user_filter (class=org.apache.hadoop.http.lib.StaticUserWebFilter$StaticUserFilter) to context static
2022-05-26 08:02:26,053 [Listener at 127.0.0.1/46875] INFO  http.HttpServer2 (HttpServer2.java:bindListener(1249)) - Jetty bound to port 39517
2022-05-26 08:02:26,053 [Listener at 127.0.0.1/46875] INFO  server.Server (Server.java:doStart(375)) - jetty-9.4.43.v20210629; built: 2021-06-30T11:07:22.254Z; git: 526006ecfa3af7f1a27ef3a288e2bef7ea9dd7e8; jvm 1.8.0_332-b09
2022-05-26 08:02:26,056 [Listener at 127.0.0.1/46875] INFO  server.session (DefaultSessionIdManager.java:doStart(334)) - DefaultSessionIdManager workerName=node0
2022-05-26 08:02:26,080 [Listener at 127.0.0.1/46875] INFO  server.session (DefaultSessionIdManager.java:doStart(339)) - No SessionScavenger set, using defaults
2022-05-26 08:02:26,081 [Listener at 127.0.0.1/46875] INFO  server.session (HouseKeeper.java:startScavenging(132)) - node0 Scavenging every 660000ms
2022-05-26 08:02:26,092 [Listener at 127.0.0.1/46875] INFO  handler.ContextHandler (ContextHandler.java:doStart(915)) - Started o.e.j.s.ServletContextHandler@7882f2e2{logs,/logs,file:///home/runner/work/ozone/ozone/hadoop-ozone/integration-test/target/log,AVAILABLE}
2022-05-26 08:02:26,093 [Listener at 127.0.0.1/46875] INFO  handler.ContextHandler (ContextHandler.java:doStart(915)) - Started o.e.j.s.ServletContextHandler@1dafe1d2{static,/static,file:///home/runner/work/ozone/ozone/hadoop-ozone/integration-test/target/test-classes/webapps/static,AVAILABLE}
2022-05-26 08:02:26,102 [Listener at 127.0.0.1/46875] INFO  handler.ContextHandler (ContextHandler.java:doStart(915)) - Started o.e.j.w.WebAppContext@98243dc{ozoneManager,/,file:///home/runner/work/ozone/ozone/hadoop-ozone/integration-test/target/test-classes/webapps/ozoneManager/,AVAILABLE}{file:/home/runner/work/ozone/ozone/hadoop-ozone/integration-test/target/test-classes/webapps/ozoneManager}
2022-05-26 08:02:26,104 [Listener at 127.0.0.1/46875] INFO  server.AbstractConnector (AbstractConnector.java:doStart(331)) - Started ServerConnector@68073c8d{HTTP/1.1, (http/1.1)}{0.0.0.0:39517}
2022-05-26 08:02:26,105 [Listener at 127.0.0.1/46875] INFO  server.Server (Server.java:doStart(415)) - Started @8044ms
2022-05-26 08:02:26,105 [Listener at 127.0.0.1/46875] WARN  impl.MetricsSystemImpl (MetricsSystemImpl.java:register(279)) - Sink prometheus already exists!
2022-05-26 08:02:26,115 [Listener at 127.0.0.1/46875] INFO  http.BaseHttpServer (BaseHttpServer.java:updateConnectorAddress(329)) - HTTP server of ozoneManager listening at http://0.0.0.0:39517
2022-05-26 08:02:26,121 [IPC Server Responder] INFO  ipc.Server (Server.java:run(1507)) - IPC Server Responder: starting
2022-05-26 08:02:26,121 [IPC Server listener on 46875] INFO  ipc.Server (Server.java:run(1344)) - IPC Server listener on 46875: starting
2022-05-26 08:02:26,134 [Listener at 127.0.0.1/46875] INFO  om.OzoneManager (OzoneManager.java:startTrashEmptier(1845)) - Trash Interval set to 0. Files deleted won't move to trash
2022-05-26 08:02:26,136 [Listener at 127.0.0.1/46875] INFO  ozone.MiniOzoneHAClusterImpl (MiniOzoneHAClusterImpl.java:createOMService(522)) - Started OzoneManager omNode-3 RPC server at localhost/127.0.0.1:46875
2022-05-26 08:02:26,136 [omNode-2@group-523986131536-FollowerState] INFO  impl.FollowerState (FollowerState.java:run(143)) - omNode-2@group-523986131536-FollowerState: change to CANDIDATE, lastRpcElapsedTime:1152937723ns, electionTimeout:1148ms
2022-05-26 08:02:26,138 [omNode-2@group-523986131536-FollowerState] INFO  impl.RoleInfo (RoleInfo.java:shutdownFollowerState(110)) - omNode-2: shutdown omNode-2@group-523986131536-FollowerState
2022-05-26 08:02:26,138 [omNode-2@group-523986131536-FollowerState] INFO  server.RaftServer$Division (RaftServerImpl.java:setRole(299)) - omNode-2@group-523986131536: changes role from  FOLLOWER to CANDIDATE at term 0 for changeToCandidate
2022-05-26 08:02:26,138 [omNode-2@group-523986131536-FollowerState] INFO  server.RaftServerConfigKeys (ConfUtils.java:logGet(46)) - raft.server.leaderelection.pre-vote = false (custom)
2022-05-26 08:02:26,138 [omNode-2@group-523986131536-FollowerState] INFO  impl.RoleInfo (RoleInfo.java:updateAndGet(139)) - omNode-2: start omNode-2@group-523986131536-LeaderElection2
2022-05-26 08:02:26,140 [org.apache.hadoop.util.JvmPauseMonitor$Monitor@5ec4d81b] INFO  util.JvmPauseMonitor (JvmPauseMonitor.java:run(188)) - Starting JVM pause monitor
2022-05-26 08:02:26,169 [omNode-2@group-523986131536-LeaderElection2] INFO  impl.LeaderElection (LeaderElection.java:askForVotes(310)) - omNode-2@group-523986131536-LeaderElection2 ELECTION round 0: submit vote requests at term 1 for -1: [omNode-3|rpc:localhost:42233|priority:0, omNode-1|rpc:localhost:40183|priority:0, omNode-2|rpc:localhost:37413|priority:0], old=null
2022-05-26 08:02:26,299 [grpc-default-executor-1] INFO  server.RaftServer$Division (RaftServerImpl.java:requestVote(1152)) - omNode-2@group-523986131536: receive requestVote(ELECTION, omNode-1, group-523986131536, 1, (t:0, i:~))
2022-05-26 08:02:26,300 [grpc-default-executor-2] INFO  server.RaftServer$Division (RaftServerImpl.java:requestVote(1152)) - omNode-3@group-523986131536: receive requestVote(ELECTION, omNode-1, group-523986131536, 1, (t:0, i:~))
2022-05-26 08:02:26,299 [grpc-default-executor-0] INFO  server.RaftServer$Division (RaftServerImpl.java:requestVote(1152)) - omNode-3@group-523986131536: receive requestVote(ELECTION, omNode-2, group-523986131536, 1, (t:0, i:~))
2022-05-26 08:02:26,301 [grpc-default-executor-1] INFO  impl.VoteContext (VoteContext.java:log(48)) - omNode-2@group-523986131536-CANDIDATE: reject ELECTION from omNode-1: already has voted for omNode-2 at current term 1
2022-05-26 08:02:26,309 [grpc-default-executor-2] INFO  impl.VoteContext (VoteContext.java:log(48)) - omNode-3@group-523986131536-FOLLOWER: accept ELECTION from omNode-1: our priority 0 <= candidate's priority 0
2022-05-26 08:02:26,310 [grpc-default-executor-2] INFO  server.RaftServer$Division (RaftServerImpl.java:setRole(299)) - omNode-3@group-523986131536: changes role from  FOLLOWER to FOLLOWER at term 1 for candidate:omNode-1
2022-05-26 08:02:26,311 [grpc-default-executor-2] INFO  impl.RoleInfo (RoleInfo.java:shutdownFollowerState(110)) - omNode-3: shutdown omNode-3@group-523986131536-FollowerState
2022-05-26 08:02:26,311 [grpc-default-executor-2] INFO  impl.RoleInfo (RoleInfo.java:updateAndGet(139)) - omNode-3: start omNode-3@group-523986131536-FollowerState
2022-05-26 08:02:26,311 [omNode-3@group-523986131536-FollowerState] INFO  impl.FollowerState (FollowerState.java:run(152)) - omNode-3@group-523986131536-FollowerState was interrupted
2022-05-26 08:02:26,313 [grpc-default-executor-3] INFO  server.RaftServer$Division (RaftServerImpl.java:requestVote(1152)) - omNode-1@group-523986131536: receive requestVote(ELECTION, omNode-2, group-523986131536, 1, (t:0, i:~))
2022-05-26 08:02:26,313 [grpc-default-executor-3] INFO  impl.VoteContext (VoteContext.java:log(48)) - omNode-1@group-523986131536-CANDIDATE: reject ELECTION from omNode-2: already has voted for omNode-1 at current term 1
2022-05-26 08:02:26,314 [grpc-default-executor-3] INFO  server.RaftServer$Division (RaftServerImpl.java:requestVote(1184)) - omNode-1@group-523986131536 replies to ELECTION vote request: omNode-2<-omNode-1#0:FAIL-t1. Peer's state: omNode-1@group-523986131536:t1, leader=null, voted=omNode-1, raftlog=omNode-1@group-523986131536-SegmentedRaftLog:OPENED:c-1, conf=-1: [omNode-3|rpc:localhost:42233|priority:0, omNode-1|rpc:localhost:40183|priority:0, omNode-2|rpc:localhost:37413|priority:0], old=null
2022-05-26 08:02:26,326 [grpc-default-executor-2] INFO  server.RaftServer$Division (RaftServerImpl.java:requestVote(1184)) - omNode-3@group-523986131536 replies to ELECTION vote request: omNode-1<-omNode-3#0:OK-t1. Peer's state: omNode-3@group-523986131536:t1, leader=null, voted=omNode-1, raftlog=omNode-3@group-523986131536-SegmentedRaftLog:OPENED:c-1, conf=-1: [omNode-3|rpc:localhost:42233|priority:0, omNode-1|rpc:localhost:40183|priority:0, omNode-2|rpc:localhost:37413|priority:0], old=null
2022-05-26 08:02:26,326 [grpc-default-executor-0] INFO  impl.VoteContext (VoteContext.java:log(48)) - omNode-3@group-523986131536-FOLLOWER: reject ELECTION from omNode-2: already has voted for omNode-1 at current term 1
2022-05-26 08:02:26,326 [grpc-default-executor-0] INFO  server.RaftServer$Division (RaftServerImpl.java:requestVote(1184)) - omNode-3@group-523986131536 replies to ELECTION vote request: omNode-2<-omNode-3#0:FAIL-t1. Peer's state: omNode-3@group-523986131536:t1, leader=null, voted=omNode-1, raftlog=omNode-3@group-523986131536-SegmentedRaftLog:OPENED:c-1, conf=-1: [omNode-3|rpc:localhost:42233|priority:0, omNode-1|rpc:localhost:40183|priority:0, omNode-2|rpc:localhost:37413|priority:0], old=null
2022-05-26 08:02:26,326 [grpc-default-executor-1] INFO  server.RaftServer$Division (RaftServerImpl.java:requestVote(1184)) - omNode-2@group-523986131536 replies to ELECTION vote request: omNode-1<-omNode-2#0:FAIL-t1. Peer's state: omNode-2@group-523986131536:t1, leader=null, voted=omNode-2, raftlog=omNode-2@group-523986131536-SegmentedRaftLog:OPENED:c-1, conf=-1: [omNode-3|rpc:localhost:42233|priority:0, omNode-1|rpc:localhost:40183|priority:0, omNode-2|rpc:localhost:37413|priority:0], old=null
2022-05-26 08:02:26,349 [omNode-1@group-523986131536-LeaderElection1] INFO  impl.LeaderElection (LeaderElection.java:logAndReturn(90)) - omNode-1@group-523986131536-LeaderElection1: ELECTION PASSED received 1 response(s) and 0 exception(s):
2022-05-26 08:02:26,349 [omNode-2@group-523986131536-LeaderElection2] INFO  impl.LeaderElection (LeaderElection.java:logAndReturn(90)) - omNode-2@group-523986131536-LeaderElection2: ELECTION REJECTED received 2 response(s) and 0 exception(s):
2022-05-26 08:02:26,349 [omNode-1@group-523986131536-LeaderElection1] INFO  impl.LeaderElection (LeaderElection.java:logAndReturn(94)) -   Response 0: omNode-1<-omNode-3#0:OK-t1
2022-05-26 08:02:26,349 [omNode-2@group-523986131536-LeaderElection2] INFO  impl.LeaderElection (LeaderElection.java:logAndReturn(94)) -   Response 0: omNode-2<-omNode-3#0:FAIL-t1
2022-05-26 08:02:26,349 [omNode-1@group-523986131536-LeaderElection1] INFO  impl.LeaderElection (LeaderElection.java:askForVotes(312)) - omNode-1@group-523986131536-LeaderElection1 ELECTION round 0: result PASSED
2022-05-26 08:02:26,350 [omNode-2@group-523986131536-LeaderElection2] INFO  impl.LeaderElection (LeaderElection.java:logAndReturn(94)) -   Response 1: omNode-2<-omNode-1#0:FAIL-t1
2022-05-26 08:02:26,350 [omNode-2@group-523986131536-LeaderElection2] INFO  impl.LeaderElection (LeaderElection.java:askForVotes(312)) - omNode-2@group-523986131536-LeaderElection2 ELECTION round 0: result REJECTED
2022-05-26 08:02:26,354 [omNode-1@group-523986131536-LeaderElection1] INFO  impl.RoleInfo (RoleInfo.java:shutdownLeaderElection(130)) - omNode-1: shutdown omNode-1@group-523986131536-LeaderElection1
2022-05-26 08:02:26,354 [omNode-2@group-523986131536-LeaderElection2] INFO  server.RaftServer$Division (RaftServerImpl.java:setRole(299)) - omNode-2@group-523986131536: changes role from CANDIDATE to FOLLOWER at term 1 for REJECTED
2022-05-26 08:02:26,354 [omNode-2@group-523986131536-LeaderElection2] INFO  impl.RoleInfo (RoleInfo.java:shutdownLeaderElection(130)) - omNode-2: shutdown omNode-2@group-523986131536-LeaderElection2
2022-05-26 08:02:26,354 [omNode-1@group-523986131536-LeaderElection1] INFO  server.RaftServer$Division (RaftServerImpl.java:setRole(299)) - omNode-1@group-523986131536: changes role from CANDIDATE to LEADER at term 1 for changeToLeader
2022-05-26 08:02:26,354 [omNode-2@group-523986131536-LeaderElection2] INFO  impl.RoleInfo (RoleInfo.java:updateAndGet(139)) - omNode-2: start omNode-2@group-523986131536-FollowerState
2022-05-26 08:02:26,354 [omNode-1@group-523986131536-LeaderElection1] INFO  server.RaftServer$Division (ServerState.java:setLeader(287)) - omNode-1@group-523986131536: change Leader from null to omNode-1 at term 1 for becomeLeader, leader elected after 2895ms
2022-05-26 08:02:26,359 [omNode-1@group-523986131536-LeaderElection1] INFO  server.RaftServerConfigKeys (ConfUtils.java:logGet(46)) - raft.server.staging.catchup.gap = 1000 (default)
2022-05-26 08:02:26,374 [omNode-1@group-523986131536-LeaderElection1] INFO  server.RaftServerConfigKeys (ConfUtils.java:logGet(46)) - raft.server.write.element-limit = 4096 (default)
2022-05-26 08:02:26,374 [omNode-1@group-523986131536-LeaderElection1] INFO  server.RaftServerConfigKeys (ConfUtils.java:logGet(46)) - raft.server.write.byte-limit = 64MB (=67108864) (default)
2022-05-26 08:02:26,416 [omNode-1@group-523986131536-LeaderElection1] INFO  server.RaftServerConfigKeys (ConfUtils.java:logGet(46)) - raft.server.watch.timeout = 10s (default)
2022-05-26 08:02:26,416 [omNode-1@group-523986131536-LeaderElection1] INFO  server.RaftServerConfigKeys (ConfUtils.java:logGet(46)) - raft.server.watch.timeout.denomination = 1s (default)
2022-05-26 08:02:26,417 [omNode-1@group-523986131536-LeaderElection1] INFO  server.RaftServerConfigKeys (ConfUtils.java:logGet(46)) - raft.server.watch.element-limit = 65536 (default)
2022-05-26 08:02:26,430 [omNode-1@group-523986131536-LeaderElection1] INFO  server.RaftServerConfigKeys (ConfUtils.java:logGet(46)) - raft.server.write.element-limit = 4096 (default)
2022-05-26 08:02:26,431 [omNode-1@group-523986131536-LeaderElection1] INFO  server.RaftServerConfigKeys (ConfUtils.java:logGet(46)) - raft.server.write.follower.gap.ratio.max = -1.0 (default)
2022-05-26 08:02:26,436 [Listener at 127.0.0.1/46875] WARN  impl.MetricRegistriesImpl (MetricRegistriesImpl.java:addReporterRegistration(111)) - New reporters are added after registries were created. Some metrics will be missing from the reporter. Please add reporter before adding any new registry.
2022-05-26 08:02:26,436 [Listener at 127.0.0.1/46875] WARN  impl.MetricRegistriesImpl (MetricRegistriesImpl.java:addReporterRegistration(111)) - New reporters are added after registries were created. Some metrics will be missing from the reporter. Please add reporter before adding any new registry.
2022-05-26 08:02:26,436 [Listener at 127.0.0.1/46875] INFO  impl.MetricsSystemImpl (MetricsSystemImpl.java:init(158)) - HddsDatanode metrics system started (again)
2022-05-26 08:02:26,450 [omNode-1@group-523986131536-LeaderElection1] INFO  server.RaftServerConfigKeys (ConfUtils.java:logGet(46)) - raft.server.log.appender.snapshot.chunk.size.max = 16MB (=16777216) (default)
2022-05-26 08:02:26,450 [omNode-1@group-523986131536-LeaderElection1] INFO  server.RaftServerConfigKeys (ConfUtils.java:logGet(46)) - raft.server.log.appender.buffer.byte-limit = 33554432 (custom)
2022-05-26 08:02:26,451 [omNode-1@group-523986131536-LeaderElection1] INFO  server.RaftServerConfigKeys (ConfUtils.java:logGet(46)) - raft.server.log.appender.buffer.element-limit = 1024 (custom)
2022-05-26 08:02:26,453 [omNode-1@group-523986131536-LeaderElection1] INFO  grpc.GrpcConfigKeys (ConfUtils.java:logGet(46)) - raft.grpc.server.leader.outstanding.appends.max = 128 (default)
2022-05-26 08:02:26,458 [omNode-1@group-523986131536-LeaderElection1] INFO  server.RaftServerConfigKeys (ConfUtils.java:logGet(46)) - raft.server.rpc.request.timeout = 3000ms (default)
2022-05-26 08:02:26,458 [omNode-1@group-523986131536-LeaderElection1] INFO  server.RaftServerConfigKeys (ConfUtils.java:logGet(46)) - raft.server.log.appender.install.snapshot.enabled = false (custom)
2022-05-26 08:02:26,460 [omNode-1@group-523986131536-LeaderElection1] INFO  server.RaftServerConfigKeys (ConfUtils.java:logGet(46)) - raft.server.log.appender.snapshot.chunk.size.max = 16MB (=16777216) (default)
2022-05-26 08:02:26,460 [omNode-1@group-523986131536-LeaderElection1] INFO  server.RaftServerConfigKeys (ConfUtils.java:logGet(46)) - raft.server.log.appender.buffer.byte-limit = 33554432 (custom)
2022-05-26 08:02:26,460 [omNode-1@group-523986131536-LeaderElection1] INFO  server.RaftServerConfigKeys (ConfUtils.java:logGet(46)) - raft.server.log.appender.buffer.element-limit = 1024 (custom)
2022-05-26 08:02:26,460 [omNode-1@group-523986131536-LeaderElection1] INFO  grpc.GrpcConfigKeys (ConfUtils.java:logGet(46)) - raft.grpc.server.leader.outstanding.appends.max = 128 (default)
2022-05-26 08:02:26,460 [omNode-1@group-523986131536-LeaderElection1] INFO  server.RaftServerConfigKeys (ConfUtils.java:logGet(46)) - raft.server.rpc.request.timeout = 3000ms (default)
2022-05-26 08:02:26,460 [omNode-1@group-523986131536-LeaderElection1] INFO  server.RaftServerConfigKeys (ConfUtils.java:logGet(46)) - raft.server.log.appender.install.snapshot.enabled = false (custom)
2022-05-26 08:02:26,462 [omNode-1@group-523986131536-LeaderElection1] INFO  impl.RoleInfo (RoleInfo.java:updateAndGet(139)) - omNode-1: start omNode-1@group-523986131536-LeaderStateImpl
2022-05-26 08:02:26,467 [Listener at 127.0.0.1/46875] INFO  ozone.HddsDatanodeService (HddsDatanodeService.java:start(236)) - HddsDatanodeService host:fv-az35-51.xim1osirhgvujn4yg5hone0yza.gx.internal.cloudapp.net ip:10.1.0.14
2022-05-26 08:02:26,490 [omNode-1@group-523986131536-LeaderElection1] INFO  segmented.SegmentedRaftLogWorker (SegmentedRaftLogWorker.java:startLogSegment(425)) - omNode-1@group-523986131536-SegmentedRaftLogWorker: Starting segment from index:0
2022-05-26 08:02:26,506 [Listener at 127.0.0.1/46875] INFO  upgrade.AbstractLayoutVersionManager (AbstractLayoutVersionManager.java:init(79)) - Initializing Layout version manager with metadata layout = ERASURE_CODED_STORAGE_SUPPORT (version = 3), software layout = ERASURE_CODED_STORAGE_SUPPORT (version = 3)
2022-05-26 08:02:26,564 [omNode-1@group-523986131536-LeaderElection1] INFO  server.RaftServer$Division (ServerState.java:setRaftConf(393)) - omNode-1@group-523986131536: set configuration 0: [omNode-3|rpc:localhost:42233|admin:|client:|dataStream:|priority:0, omNode-1|rpc:localhost:40183|admin:|client:|dataStream:|priority:0, omNode-2|rpc:localhost:37413|admin:|client:|dataStream:|priority:0], old=null
2022-05-26 08:02:26,605 [Listener at 127.0.0.1/46875] INFO  reflections.Reflections (Reflections.java:scan(232)) - Reflections took 95 ms to scan 7 urls, producing 127 keys and 292 values 
2022-05-26 08:02:26,617 [Listener at 127.0.0.1/46875] INFO  statemachine.DatanodeStateMachine (DatanodeStateMachine.java:getEndPointTaskThreadPoolSize(233)) - Datanode State Machine Task Thread Pool size 2
2022-05-26 08:02:26,641 [omNode-2-server-thread1] INFO  server.RaftServer$Division (ServerState.java:setLeader(287)) - omNode-2@group-523986131536: change Leader from null to omNode-1 at term 1 for appendEntries, leader elected after 2040ms
2022-05-26 08:02:26,642 [omNode-3-server-thread1] INFO  server.RaftServer$Division (ServerState.java:setLeader(287)) - omNode-3@group-523986131536: change Leader from null to omNode-1 at term 1 for appendEntries, leader elected after 1376ms
2022-05-26 08:02:26,672 [omNode-3-server-thread1] INFO  server.RaftServer$Division (ServerState.java:setRaftConf(393)) - omNode-3@group-523986131536: set configuration 0: [omNode-3|rpc:localhost:42233|admin:|client:|dataStream:|priority:0, omNode-1|rpc:localhost:40183|admin:|client:|dataStream:|priority:0, omNode-2|rpc:localhost:37413|admin:|client:|dataStream:|priority:0], old=null
2022-05-26 08:02:26,672 [omNode-3-server-thread1] INFO  segmented.SegmentedRaftLogWorker (SegmentedRaftLogWorker.java:startLogSegment(425)) - omNode-3@group-523986131536-SegmentedRaftLogWorker: Starting segment from index:0
2022-05-26 08:02:26,681 [omNode-2-server-thread2] INFO  server.RaftServer$Division (ServerState.java:setRaftConf(393)) - omNode-2@group-523986131536: set configuration 0: [omNode-3|rpc:localhost:42233|admin:|client:|dataStream:|priority:0, omNode-1|rpc:localhost:40183|admin:|client:|dataStream:|priority:0, omNode-2|rpc:localhost:37413|admin:|client:|dataStream:|priority:0], old=null
2022-05-26 08:02:26,681 [omNode-2-server-thread2] INFO  segmented.SegmentedRaftLogWorker (SegmentedRaftLogWorker.java:startLogSegment(425)) - omNode-2@group-523986131536-SegmentedRaftLogWorker: Starting segment from index:0
2022-05-26 08:02:26,734 [omNode-2@group-523986131536-SegmentedRaftLogWorker] INFO  segmented.SegmentedRaftLogWorker (SegmentedRaftLogWorker.java:execute(629)) - omNode-2@group-523986131536-SegmentedRaftLogWorker: created new log segment /home/runner/work/ozone/ozone/hadoop-ozone/integration-test/target/test-dir/MiniOzoneClusterImpl-17bb6255-4ab1-443a-98be-5fd7627ecb82/omNode-2/ratis/c9bc4cf4-3bc3-3c60-a66b-523986131536/current/log_inprogress_0
2022-05-26 08:02:26,734 [omNode-3@group-523986131536-SegmentedRaftLogWorker] INFO  segmented.SegmentedRaftLogWorker (SegmentedRaftLogWorker.java:execute(629)) - omNode-3@group-523986131536-SegmentedRaftLogWorker: created new log segment /home/runner/work/ozone/ozone/hadoop-ozone/integration-test/target/test-dir/MiniOzoneClusterImpl-17bb6255-4ab1-443a-98be-5fd7627ecb82/omNode-3/ratis/c9bc4cf4-3bc3-3c60-a66b-523986131536/current/log_inprogress_0
2022-05-26 08:02:26,734 [omNode-1@group-523986131536-SegmentedRaftLogWorker] INFO  segmented.SegmentedRaftLogWorker (SegmentedRaftLogWorker.java:execute(629)) - omNode-1@group-523986131536-SegmentedRaftLogWorker: created new log segment /home/runner/work/ozone/ozone/hadoop-ozone/integration-test/target/test-dir/MiniOzoneClusterImpl-17bb6255-4ab1-443a-98be-5fd7627ecb82/omNode-1/ratis/c9bc4cf4-3bc3-3c60-a66b-523986131536/current/log_inprogress_0
2022-05-26 08:02:26,739 [Listener at 127.0.0.1/46875] INFO  volume.HddsVolume (HddsVolume.java:<init>(120)) - Creating HddsVolume: /home/runner/work/ozone/ozone/hadoop-ozone/integration-test/target/test-dir/MiniOzoneClusterImpl-17bb6255-4ab1-443a-98be-5fd7627ecb82/datanode-0/data-0/containers/hdds of storage type : DISK capacity : 9223372036854775807
2022-05-26 08:02:26,743 [Listener at 127.0.0.1/46875] INFO  volume.MutableVolumeSet (MutableVolumeSet.java:initializeVolumeSet(168)) - Added Volume : /home/runner/work/ozone/ozone/hadoop-ozone/integration-test/target/test-dir/MiniOzoneClusterImpl-17bb6255-4ab1-443a-98be-5fd7627ecb82/datanode-0/data-0/containers/hdds to VolumeSet
2022-05-26 08:02:26,744 [Listener at 127.0.0.1/46875] INFO  volume.ThrottledAsyncChecker (ThrottledAsyncChecker.java:schedule(141)) - Scheduling a check for /home/runner/work/ozone/ozone/hadoop-ozone/integration-test/target/test-dir/MiniOzoneClusterImpl-17bb6255-4ab1-443a-98be-5fd7627ecb82/datanode-0/data-0/containers/hdds
2022-05-26 08:02:26,796 [Listener at 127.0.0.1/46875] INFO  volume.StorageVolumeChecker (StorageVolumeChecker.java:checkAllVolumes(202)) - Scheduled health check for volume /home/runner/work/ozone/ozone/hadoop-ozone/integration-test/target/test-dir/MiniOzoneClusterImpl-17bb6255-4ab1-443a-98be-5fd7627ecb82/datanode-0/data-0/containers/hdds
2022-05-26 08:02:26,832 [Listener at 127.0.0.1/46875] INFO  volume.MutableVolumeSet (MutableVolumeSet.java:initializeVolumeSet(168)) - Added Volume : /home/runner/work/ozone/ozone/hadoop-ozone/integration-test/target/test-dir/MiniOzoneClusterImpl-17bb6255-4ab1-443a-98be-5fd7627ecb82/datanode-0/data/ratis to VolumeSet
2022-05-26 08:02:26,832 [Listener at 127.0.0.1/46875] INFO  volume.ThrottledAsyncChecker (ThrottledAsyncChecker.java:schedule(141)) - Scheduling a check for /home/runner/work/ozone/ozone/hadoop-ozone/integration-test/target/test-dir/MiniOzoneClusterImpl-17bb6255-4ab1-443a-98be-5fd7627ecb82/datanode-0/data/ratis
2022-05-26 08:02:26,833 [Listener at 127.0.0.1/46875] INFO  volume.StorageVolumeChecker (StorageVolumeChecker.java:checkAllVolumes(202)) - Scheduled health check for volume /home/runner/work/ozone/ozone/hadoop-ozone/integration-test/target/test-dir/MiniOzoneClusterImpl-17bb6255-4ab1-443a-98be-5fd7627ecb82/datanode-0/data/ratis
2022-05-26 08:02:26,866 [Thread-240] INFO  ozoneimpl.ContainerReader (ContainerReader.java:readVolume(172)) - Finish verifying containers on volume /home/runner/work/ozone/ozone/hadoop-ozone/integration-test/target/test-dir/MiniOzoneClusterImpl-17bb6255-4ab1-443a-98be-5fd7627ecb82/datanode-0/data-0/containers/hdds
2022-05-26 08:02:26,866 [Listener at 127.0.0.1/46875] INFO  ozoneimpl.OzoneContainer (OzoneContainer.java:buildContainerSet(257)) - Build ContainerSet costs 0s
2022-05-26 08:02:26,896 [omNode-1@group-523986131536-StateMachineUpdater] INFO  ratis.OzoneManagerStateMachine (OzoneManagerStateMachine.java:notifyConfigurationChanged(191)) - Received Configuration change notification from Ratis. New Peer list:
[id: "omNode-3"
address: "localhost:42233"
, id: "omNode-1"
address: "localhost:40183"
, id: "omNode-2"
address: "localhost:37413"
]
2022-05-26 08:02:26,914 [Listener at 127.0.0.1/46875] INFO  audit.AuditLogger (AuditLogger.java:refreshDebugCmdSet(120)) - Refresh DebugCmdSet for DNAudit to [].
2022-05-26 08:02:26,937 [Listener at 127.0.0.1/46875] INFO  server.RaftServer (ConfUtils.java:logGet(46)) - raft.rpc.type = GRPC (default)
2022-05-26 08:02:26,938 [Listener at 127.0.0.1/46875] INFO  grpc.GrpcFactory (GrpcFactory.java:checkPooledByteBufAllocatorUseCacheForAllThreads(48)) - PERFORMANCE WARNING: useCacheForAllThreads is true that may cause Netty to create a lot garbage objects and, as a result, trigger GC.
	It is recommended to disable useCacheForAllThreads by setting -Dorg.apache.ratis.thirdparty.io.netty.allocator.useCacheForAllThreads=false in command line.
2022-05-26 08:02:26,938 [Listener at 127.0.0.1/46875] INFO  grpc.GrpcConfigKeys (ConfUtils.java:logGet(46)) - raft.grpc.admin.port = 0 (custom)
2022-05-26 08:02:26,938 [Listener at 127.0.0.1/46875] INFO  grpc.GrpcConfigKeys (ConfUtils.java:logGet(46)) - raft.grpc.client.port = 0 (custom)
2022-05-26 08:02:26,938 [Listener at 127.0.0.1/46875] INFO  grpc.GrpcConfigKeys (ConfUtils.java:logGet(46)) - raft.grpc.server.port = 0 (default)
2022-05-26 08:02:26,938 [Listener at 127.0.0.1/46875] INFO  server.GrpcService (ConfUtils.java:logGet(46)) - raft.grpc.message.size.max = 32MB (=33554432) (custom)
2022-05-26 08:02:26,938 [Listener at 127.0.0.1/46875] INFO  server.RaftServerConfigKeys (ConfUtils.java:logGet(46)) - raft.server.log.appender.buffer.byte-limit = 33554432 (custom)
2022-05-26 08:02:26,938 [Listener at 127.0.0.1/46875] INFO  server.GrpcService (ConfUtils.java:logGet(46)) - raft.grpc.flow.control.window = 5MB (=5242880) (custom)
2022-05-26 08:02:26,938 [Listener at 127.0.0.1/46875] INFO  server.RaftServerConfigKeys (ConfUtils.java:logGet(46)) - raft.server.rpc.request.timeout = 60s (custom)
2022-05-26 08:02:26,938 [Listener at 127.0.0.1/46875] INFO  grpc.GrpcConfigKeys (ConfUtils.java:logGet(46)) - raft.grpc.server.async.request.thread.pool.cached = true (default)
2022-05-26 08:02:26,939 [Listener at 127.0.0.1/46875] INFO  grpc.GrpcConfigKeys (ConfUtils.java:logGet(46)) - raft.grpc.server.async.request.thread.pool.size = 32 (default)
2022-05-26 08:02:26,940 [Listener at 127.0.0.1/46875] INFO  impl.DataStreamServerImpl (ConfUtils.java:logGet(46)) - raft.datastream.type = DISABLED (default)
2022-05-26 08:02:26,940 [Listener at 127.0.0.1/46875] INFO  server.RaftServerConfigKeys (ConfUtils.java:logGet(46)) - raft.server.threadpool.proxy.cached = true (default)
2022-05-26 08:02:26,940 [Listener at 127.0.0.1/46875] INFO  server.RaftServerConfigKeys (ConfUtils.java:logGet(46)) - raft.server.threadpool.proxy.size = 0 (default)
2022-05-26 08:02:26,940 [Listener at 127.0.0.1/46875] INFO  server.RaftServerConfigKeys (ConfUtils.java:logGet(46)) - raft.server.rpc.slowness.timeout = 300s (custom)
2022-05-26 08:02:26,940 [Listener at 127.0.0.1/46875] INFO  server.RaftServerConfigKeys (ConfUtils.java:logGet(46)) - raft.server.leaderelection.leader.step-down.wait-time = 10s (default)
2022-05-26 08:02:26,940 [Listener at 127.0.0.1/46875] INFO  server.RaftServerConfigKeys (ConfUtils.java:logGet(46)) - raft.server.storage.dir = [/home/runner/work/ozone/ozone/hadoop-ozone/integration-test/target/test-dir/MiniOzoneClusterImpl-17bb6255-4ab1-443a-98be-5fd7627ecb82/datanode-0/data/ratis] (custom)
2022-05-26 08:02:26,956 [Listener at 127.0.0.1/46875] INFO  server.XceiverServerGrpc (XceiverServerGrpc.java:<init>(132)) - GrpcServer channel type EpollServerSocketChannel
2022-05-26 08:02:26,995 [Listener at 127.0.0.1/46875] INFO  http.BaseHttpServer (BaseHttpServer.java:newHttpServer2BuilderForOzone(209)) - Starting Web-server for hddsDatanode at: http://0.0.0.0:0
2022-05-26 08:02:26,995 [Listener at 127.0.0.1/46875] INFO  http.BaseHttpServer (BaseHttpServer.java:<init>(107)) - Hadoop Security Enabled: false Ozone Security Enabled: false Ozone HTTP Security Enabled: false 
2022-05-26 08:02:26,996 [Listener at 127.0.0.1/46875] INFO  server.AuthenticationFilter (AuthenticationFilter.java:constructSecretProvider(240)) - Unable to initialize FileSignerSecretProvider, falling back to use random secrets.
2022-05-26 08:02:26,997 [Listener at 127.0.0.1/46875] WARN  http.HttpRequestLog (HttpRequestLog.java:getRequestLog(103)) - Jetty request log can only be enabled using Log4j
2022-05-26 08:02:26,998 [Listener at 127.0.0.1/46875] INFO  http.HttpServer2 (HttpServer2.java:addGlobalFilter(1030)) - Added global filter 'safety' (class=org.apache.hadoop.hdds.server.http.HttpServer2$QuotingInputFilter)
2022-05-26 08:02:26,999 [Listener at 127.0.0.1/46875] INFO  http.HttpServer2 (HttpServer2.java:addFilter(1006)) - Added filter static_user_filter (class=org.apache.hadoop.http.lib.StaticUserWebFilter$StaticUserFilter) to context hddsDatanode
2022-05-26 08:02:26,999 [Listener at 127.0.0.1/46875] INFO  http.HttpServer2 (HttpServer2.java:addFilter(1014)) - Added filter static_user_filter (class=org.apache.hadoop.http.lib.StaticUserWebFilter$StaticUserFilter) to context logs
2022-05-26 08:02:26,999 [Listener at 127.0.0.1/46875] INFO  http.HttpServer2 (HttpServer2.java:addFilter(1014)) - Added filter static_user_filter (class=org.apache.hadoop.http.lib.StaticUserWebFilter$StaticUserFilter) to context static
2022-05-26 08:02:26,999 [Listener at 127.0.0.1/46875] INFO  http.HttpServer2 (HttpServer2.java:bindListener(1249)) - Jetty bound to port 39531
2022-05-26 08:02:27,000 [Listener at 127.0.0.1/46875] INFO  server.Server (Server.java:doStart(375)) - jetty-9.4.43.v20210629; built: 2021-06-30T11:07:22.254Z; git: 526006ecfa3af7f1a27ef3a288e2bef7ea9dd7e8; jvm 1.8.0_332-b09
2022-05-26 08:02:27,002 [Listener at 127.0.0.1/46875] INFO  server.session (DefaultSessionIdManager.java:doStart(334)) - DefaultSessionIdManager workerName=node0
2022-05-26 08:02:27,002 [Listener at 127.0.0.1/46875] INFO  server.session (DefaultSessionIdManager.java:doStart(339)) - No SessionScavenger set, using defaults
2022-05-26 08:02:27,002 [Listener at 127.0.0.1/46875] INFO  server.session (HouseKeeper.java:startScavenging(132)) - node0 Scavenging every 660000ms
2022-05-26 08:02:27,003 [Listener at 127.0.0.1/46875] INFO  handler.ContextHandler (ContextHandler.java:doStart(915)) - Started o.e.j.s.ServletContextHandler@2239cf41{logs,/logs,file:///home/runner/work/ozone/ozone/hadoop-ozone/integration-test/target/log,AVAILABLE}
2022-05-26 08:02:27,004 [Listener at 127.0.0.1/46875] INFO  handler.ContextHandler (ContextHandler.java:doStart(915)) - Started o.e.j.s.ServletContextHandler@13785a05{static,/static,jar:file:/home/runner/.m2/repository/org/apache/ozone/hdds-container-service/1.3.0-SNAPSHOT/hdds-container-service-1.3.0-SNAPSHOT.jar!/webapps/static,AVAILABLE}
2022-05-26 08:02:27,169 [Listener at 127.0.0.1/46875] INFO  handler.ContextHandler (ContextHandler.java:doStart(915)) - Started o.e.j.w.WebAppContext@92d6fc0{hddsDatanode,/,file:///tmp/jetty-0_0_0_0-39531-hdds-container-service-1_3_0-SNAPSHOT_jar-_-any-5746612546067321634/webapp/,AVAILABLE}{jar:file:/home/runner/.m2/repository/org/apache/ozone/hdds-container-service/1.3.0-SNAPSHOT/hdds-container-service-1.3.0-SNAPSHOT.jar!/webapps/hddsDatanode}
2022-05-26 08:02:27,170 [Listener at 127.0.0.1/46875] INFO  server.AbstractConnector (AbstractConnector.java:doStart(331)) - Started ServerConnector@18de437d{HTTP/1.1, (http/1.1)}{0.0.0.0:39531}
2022-05-26 08:02:27,171 [Listener at 127.0.0.1/46875] INFO  server.Server (Server.java:doStart(415)) - Started @9111ms
2022-05-26 08:02:27,171 [Listener at 127.0.0.1/46875] WARN  impl.MetricsSystemImpl (MetricsSystemImpl.java:register(279)) - Sink prometheus already exists!
2022-05-26 08:02:27,171 [Listener at 127.0.0.1/46875] INFO  http.BaseHttpServer (BaseHttpServer.java:updateConnectorAddress(329)) - HTTP server of hddsDatanode listening at http://0.0.0.0:39531
2022-05-26 08:02:27,172 [Datanode State Machine Daemon Thread] INFO  statemachine.DatanodeStateMachine (DatanodeStateMachine.java:lambda$startDaemon$0(481)) - Ozone container server started.
2022-05-26 08:02:27,173 [Listener at 127.0.0.1/46875] WARN  impl.MetricRegistriesImpl (MetricRegistriesImpl.java:addReporterRegistration(111)) - New reporters are added after registries were created. Some metrics will be missing from the reporter. Please add reporter before adding any new registry.
2022-05-26 08:02:27,174 [Listener at 127.0.0.1/46875] WARN  impl.MetricRegistriesImpl (MetricRegistriesImpl.java:addReporterRegistration(111)) - New reporters are added after registries were created. Some metrics will be missing from the reporter. Please add reporter before adding any new registry.
2022-05-26 08:02:27,174 [Listener at 127.0.0.1/46875] INFO  impl.MetricsSystemImpl (MetricsSystemImpl.java:init(158)) - HddsDatanode metrics system started (again)
2022-05-26 08:02:27,225 [org.apache.hadoop.util.JvmPauseMonitor$Monitor@69c19926] INFO  util.JvmPauseMonitor (JvmPauseMonitor.java:run(188)) - Starting JVM pause monitor
2022-05-26 08:02:27,233 [Listener at 127.0.0.1/46875] INFO  ozone.HddsDatanodeService (HddsDatanodeService.java:start(236)) - HddsDatanodeService host:fv-az35-51.xim1osirhgvujn4yg5hone0yza.gx.internal.cloudapp.net ip:10.1.0.14
2022-05-26 08:02:27,253 [omNode-2@group-523986131536-StateMachineUpdater] INFO  ratis.OzoneManagerStateMachine (OzoneManagerStateMachine.java:notifyConfigurationChanged(191)) - Received Configuration change notification from Ratis. New Peer list:
[id: "omNode-3"
address: "localhost:42233"
, id: "omNode-1"
address: "localhost:40183"
, id: "omNode-2"
address: "localhost:37413"
]
2022-05-26 08:02:27,264 [Listener at 127.0.0.1/46875] INFO  upgrade.AbstractLayoutVersionManager (AbstractLayoutVersionManager.java:init(79)) - Initializing Layout version manager with metadata layout = ERASURE_CODED_STORAGE_SUPPORT (version = 3), software layout = ERASURE_CODED_STORAGE_SUPPORT (version = 3)
2022-05-26 08:02:27,273 [omNode-3@group-523986131536-StateMachineUpdater] INFO  ratis.OzoneManagerStateMachine (OzoneManagerStateMachine.java:notifyConfigurationChanged(191)) - Received Configuration change notification from Ratis. New Peer list:
[id: "omNode-3"
address: "localhost:42233"
, id: "omNode-1"
address: "localhost:40183"
, id: "omNode-2"
address: "localhost:37413"
]
2022-05-26 08:02:27,344 [Listener at 127.0.0.1/46875] INFO  reflections.Reflections (Reflections.java:scan(232)) - Reflections took 79 ms to scan 7 urls, producing 127 keys and 292 values 
2022-05-26 08:02:27,348 [Listener at 127.0.0.1/46875] INFO  statemachine.DatanodeStateMachine (DatanodeStateMachine.java:getEndPointTaskThreadPoolSize(233)) - Datanode State Machine Task Thread Pool size 2
2022-05-26 08:02:27,361 [Listener at 127.0.0.1/46875] INFO  volume.HddsVolume (HddsVolume.java:<init>(120)) - Creating HddsVolume: /home/runner/work/ozone/ozone/hadoop-ozone/integration-test/target/test-dir/MiniOzoneClusterImpl-17bb6255-4ab1-443a-98be-5fd7627ecb82/datanode-1/data-0/containers/hdds of storage type : DISK capacity : 9223372036854775807
2022-05-26 08:02:27,361 [Listener at 127.0.0.1/46875] INFO  volume.MutableVolumeSet (MutableVolumeSet.java:initializeVolumeSet(168)) - Added Volume : /home/runner/work/ozone/ozone/hadoop-ozone/integration-test/target/test-dir/MiniOzoneClusterImpl-17bb6255-4ab1-443a-98be-5fd7627ecb82/datanode-1/data-0/containers/hdds to VolumeSet
2022-05-26 08:02:27,361 [Listener at 127.0.0.1/46875] INFO  volume.ThrottledAsyncChecker (ThrottledAsyncChecker.java:schedule(141)) - Scheduling a check for /home/runner/work/ozone/ozone/hadoop-ozone/integration-test/target/test-dir/MiniOzoneClusterImpl-17bb6255-4ab1-443a-98be-5fd7627ecb82/datanode-1/data-0/containers/hdds
2022-05-26 08:02:27,372 [Listener at 127.0.0.1/46875] INFO  volume.StorageVolumeChecker (StorageVolumeChecker.java:checkAllVolumes(202)) - Scheduled health check for volume /home/runner/work/ozone/ozone/hadoop-ozone/integration-test/target/test-dir/MiniOzoneClusterImpl-17bb6255-4ab1-443a-98be-5fd7627ecb82/datanode-1/data-0/containers/hdds
2022-05-26 08:02:27,386 [Listener at 127.0.0.1/46875] INFO  volume.MutableVolumeSet (MutableVolumeSet.java:initializeVolumeSet(168)) - Added Volume : /home/runner/work/ozone/ozone/hadoop-ozone/integration-test/target/test-dir/MiniOzoneClusterImpl-17bb6255-4ab1-443a-98be-5fd7627ecb82/datanode-1/data/ratis to VolumeSet
2022-05-26 08:02:27,386 [Listener at 127.0.0.1/46875] INFO  volume.ThrottledAsyncChecker (ThrottledAsyncChecker.java:schedule(141)) - Scheduling a check for /home/runner/work/ozone/ozone/hadoop-ozone/integration-test/target/test-dir/MiniOzoneClusterImpl-17bb6255-4ab1-443a-98be-5fd7627ecb82/datanode-1/data/ratis
2022-05-26 08:02:27,387 [Listener at 127.0.0.1/46875] INFO  volume.StorageVolumeChecker (StorageVolumeChecker.java:checkAllVolumes(202)) - Scheduled health check for volume /home/runner/work/ozone/ozone/hadoop-ozone/integration-test/target/test-dir/MiniOzoneClusterImpl-17bb6255-4ab1-443a-98be-5fd7627ecb82/datanode-1/data/ratis
2022-05-26 08:02:27,395 [Datanode State Machine Task Thread - 0] INFO  datanode.InitDatanodeState (InitDatanodeState.java:persistContainerDatanodeDetails(138)) - DatanodeDetails is persisted to /home/runner/work/ozone/ozone/hadoop-ozone/integration-test/target/test-dir/MiniOzoneClusterImpl-17bb6255-4ab1-443a-98be-5fd7627ecb82/datanode-0/meta/datanode.id
2022-05-26 08:02:27,402 [Thread-255] INFO  ozoneimpl.ContainerReader (ContainerReader.java:readVolume(172)) - Finish verifying containers on volume /home/runner/work/ozone/ozone/hadoop-ozone/integration-test/target/test-dir/MiniOzoneClusterImpl-17bb6255-4ab1-443a-98be-5fd7627ecb82/datanode-1/data-0/containers/hdds
2022-05-26 08:02:27,403 [Listener at 127.0.0.1/46875] INFO  ozoneimpl.OzoneContainer (OzoneContainer.java:buildContainerSet(257)) - Build ContainerSet costs 0s
2022-05-26 08:02:27,406 [Listener at 127.0.0.1/46875] INFO  server.RaftServer (ConfUtils.java:logGet(46)) - raft.rpc.type = GRPC (default)
2022-05-26 08:02:27,406 [Listener at 127.0.0.1/46875] INFO  grpc.GrpcFactory (GrpcFactory.java:checkPooledByteBufAllocatorUseCacheForAllThreads(48)) - PERFORMANCE WARNING: useCacheForAllThreads is true that may cause Netty to create a lot garbage objects and, as a result, trigger GC.
	It is recommended to disable useCacheForAllThreads by setting -Dorg.apache.ratis.thirdparty.io.netty.allocator.useCacheForAllThreads=false in command line.
2022-05-26 08:02:27,406 [Listener at 127.0.0.1/46875] INFO  grpc.GrpcConfigKeys (ConfUtils.java:logGet(46)) - raft.grpc.admin.port = 0 (custom)
2022-05-26 08:02:27,406 [Listener at 127.0.0.1/46875] INFO  grpc.GrpcConfigKeys (ConfUtils.java:logGet(46)) - raft.grpc.client.port = 0 (custom)
2022-05-26 08:02:27,406 [Listener at 127.0.0.1/46875] INFO  grpc.GrpcConfigKeys (ConfUtils.java:logGet(46)) - raft.grpc.server.port = 0 (default)
2022-05-26 08:02:27,406 [Listener at 127.0.0.1/46875] INFO  server.GrpcService (ConfUtils.java:logGet(46)) - raft.grpc.message.size.max = 32MB (=33554432) (custom)
2022-05-26 08:02:27,406 [Listener at 127.0.0.1/46875] INFO  server.RaftServerConfigKeys (ConfUtils.java:logGet(46)) - raft.server.log.appender.buffer.byte-limit = 33554432 (custom)
2022-05-26 08:02:27,407 [Listener at 127.0.0.1/46875] INFO  server.GrpcService (ConfUtils.java:logGet(46)) - raft.grpc.flow.control.window = 5MB (=5242880) (custom)
2022-05-26 08:02:27,407 [Listener at 127.0.0.1/46875] INFO  server.RaftServerConfigKeys (ConfUtils.java:logGet(46)) - raft.server.rpc.request.timeout = 60s (custom)
2022-05-26 08:02:27,407 [Listener at 127.0.0.1/46875] INFO  grpc.GrpcConfigKeys (ConfUtils.java:logGet(46)) - raft.grpc.server.async.request.thread.pool.cached = true (default)
2022-05-26 08:02:27,407 [Listener at 127.0.0.1/46875] INFO  grpc.GrpcConfigKeys (ConfUtils.java:logGet(46)) - raft.grpc.server.async.request.thread.pool.size = 32 (default)
2022-05-26 08:02:27,408 [Listener at 127.0.0.1/46875] INFO  impl.DataStreamServerImpl (ConfUtils.java:logGet(46)) - raft.datastream.type = DISABLED (default)
2022-05-26 08:02:27,408 [Listener at 127.0.0.1/46875] INFO  server.RaftServerConfigKeys (ConfUtils.java:logGet(46)) - raft.server.threadpool.proxy.cached = true (default)
2022-05-26 08:02:27,408 [Listener at 127.0.0.1/46875] INFO  server.RaftServerConfigKeys (ConfUtils.java:logGet(46)) - raft.server.threadpool.proxy.size = 0 (default)
2022-05-26 08:02:27,408 [Listener at 127.0.0.1/46875] INFO  server.RaftServerConfigKeys (ConfUtils.java:logGet(46)) - raft.server.rpc.slowness.timeout = 300s (custom)
2022-05-26 08:02:27,409 [Listener at 127.0.0.1/46875] INFO  server.RaftServerConfigKeys (ConfUtils.java:logGet(46)) - raft.server.leaderelection.leader.step-down.wait-time = 10s (default)
2022-05-26 08:02:27,409 [Listener at 127.0.0.1/46875] INFO  server.RaftServerConfigKeys (ConfUtils.java:logGet(46)) - raft.server.storage.dir = [/home/runner/work/ozone/ozone/hadoop-ozone/integration-test/target/test-dir/MiniOzoneClusterImpl-17bb6255-4ab1-443a-98be-5fd7627ecb82/datanode-1/data/ratis] (custom)
2022-05-26 08:02:27,410 [Listener at 127.0.0.1/46875] INFO  server.XceiverServerGrpc (XceiverServerGrpc.java:<init>(132)) - GrpcServer channel type EpollServerSocketChannel
2022-05-26 08:02:27,413 [Listener at 127.0.0.1/46875] INFO  http.BaseHttpServer (BaseHttpServer.java:newHttpServer2BuilderForOzone(209)) - Starting Web-server for hddsDatanode at: http://0.0.0.0:0
2022-05-26 08:02:27,413 [Listener at 127.0.0.1/46875] INFO  http.BaseHttpServer (BaseHttpServer.java:<init>(107)) - Hadoop Security Enabled: false Ozone Security Enabled: false Ozone HTTP Security Enabled: false 
2022-05-26 08:02:27,415 [Listener at 127.0.0.1/46875] INFO  server.AuthenticationFilter (AuthenticationFilter.java:constructSecretProvider(240)) - Unable to initialize FileSignerSecretProvider, falling back to use random secrets.
2022-05-26 08:02:27,415 [Listener at 127.0.0.1/46875] WARN  http.HttpRequestLog (HttpRequestLog.java:getRequestLog(103)) - Jetty request log can only be enabled using Log4j
2022-05-26 08:02:27,416 [Listener at 127.0.0.1/46875] INFO  http.HttpServer2 (HttpServer2.java:addGlobalFilter(1030)) - Added global filter 'safety' (class=org.apache.hadoop.hdds.server.http.HttpServer2$QuotingInputFilter)
2022-05-26 08:02:27,417 [Listener at 127.0.0.1/46875] INFO  http.HttpServer2 (HttpServer2.java:addFilter(1006)) - Added filter static_user_filter (class=org.apache.hadoop.http.lib.StaticUserWebFilter$StaticUserFilter) to context hddsDatanode
2022-05-26 08:02:27,417 [Listener at 127.0.0.1/46875] INFO  http.HttpServer2 (HttpServer2.java:addFilter(1014)) - Added filter static_user_filter (class=org.apache.hadoop.http.lib.StaticUserWebFilter$StaticUserFilter) to context logs
2022-05-26 08:02:27,417 [Listener at 127.0.0.1/46875] INFO  http.HttpServer2 (HttpServer2.java:addFilter(1014)) - Added filter static_user_filter (class=org.apache.hadoop.http.lib.StaticUserWebFilter$StaticUserFilter) to context static
2022-05-26 08:02:27,417 [Listener at 127.0.0.1/46875] INFO  http.HttpServer2 (HttpServer2.java:bindListener(1249)) - Jetty bound to port 45469
2022-05-26 08:02:27,417 [Listener at 127.0.0.1/46875] INFO  server.Server (Server.java:doStart(375)) - jetty-9.4.43.v20210629; built: 2021-06-30T11:07:22.254Z; git: 526006ecfa3af7f1a27ef3a288e2bef7ea9dd7e8; jvm 1.8.0_332-b09
2022-05-26 08:02:27,419 [Listener at 127.0.0.1/46875] INFO  server.session (DefaultSessionIdManager.java:doStart(334)) - DefaultSessionIdManager workerName=node0
2022-05-26 08:02:27,419 [Listener at 127.0.0.1/46875] INFO  server.session (DefaultSessionIdManager.java:doStart(339)) - No SessionScavenger set, using defaults
2022-05-26 08:02:27,419 [Listener at 127.0.0.1/46875] INFO  server.session (HouseKeeper.java:startScavenging(132)) - node0 Scavenging every 600000ms
2022-05-26 08:02:27,420 [Listener at 127.0.0.1/46875] INFO  handler.ContextHandler (ContextHandler.java:doStart(915)) - Started o.e.j.s.ServletContextHandler@4f3003f2{logs,/logs,file:///home/runner/work/ozone/ozone/hadoop-ozone/integration-test/target/log,AVAILABLE}
2022-05-26 08:02:27,420 [Listener at 127.0.0.1/46875] INFO  handler.ContextHandler (ContextHandler.java:doStart(915)) - Started o.e.j.s.ServletContextHandler@598ffbc8{static,/static,jar:file:/home/runner/.m2/repository/org/apache/ozone/hdds-container-service/1.3.0-SNAPSHOT/hdds-container-service-1.3.0-SNAPSHOT.jar!/webapps/static,AVAILABLE}
2022-05-26 08:02:27,580 [Listener at 127.0.0.1/46875] INFO  handler.ContextHandler (ContextHandler.java:doStart(915)) - Started o.e.j.w.WebAppContext@121a1a75{hddsDatanode,/,file:///tmp/jetty-0_0_0_0-45469-hdds-container-service-1_3_0-SNAPSHOT_jar-_-any-2794389234197778838/webapp/,AVAILABLE}{jar:file:/home/runner/.m2/repository/org/apache/ozone/hdds-container-service/1.3.0-SNAPSHOT/hdds-container-service-1.3.0-SNAPSHOT.jar!/webapps/hddsDatanode}
2022-05-26 08:02:27,581 [Listener at 127.0.0.1/46875] INFO  server.AbstractConnector (AbstractConnector.java:doStart(331)) - Started ServerConnector@25f7739c{HTTP/1.1, (http/1.1)}{0.0.0.0:45469}
2022-05-26 08:02:27,581 [Listener at 127.0.0.1/46875] INFO  server.Server (Server.java:doStart(415)) - Started @9522ms
2022-05-26 08:02:27,582 [Listener at 127.0.0.1/46875] WARN  impl.MetricsSystemImpl (MetricsSystemImpl.java:register(279)) - Sink prometheus already exists!
2022-05-26 08:02:27,582 [Listener at 127.0.0.1/46875] INFO  http.BaseHttpServer (BaseHttpServer.java:updateConnectorAddress(329)) - HTTP server of hddsDatanode listening at http://0.0.0.0:45469
2022-05-26 08:02:27,583 [Datanode State Machine Daemon Thread] INFO  statemachine.DatanodeStateMachine (DatanodeStateMachine.java:lambda$startDaemon$0(481)) - Ozone container server started.
2022-05-26 08:02:27,583 [Listener at 127.0.0.1/46875] WARN  impl.MetricRegistriesImpl (MetricRegistriesImpl.java:addReporterRegistration(111)) - New reporters are added after registries were created. Some metrics will be missing from the reporter. Please add reporter before adding any new registry.
2022-05-26 08:02:27,584 [Listener at 127.0.0.1/46875] WARN  impl.MetricRegistriesImpl (MetricRegistriesImpl.java:addReporterRegistration(111)) - New reporters are added after registries were created. Some metrics will be missing from the reporter. Please add reporter before adding any new registry.
2022-05-26 08:02:27,584 [Listener at 127.0.0.1/46875] INFO  impl.MetricsSystemImpl (MetricsSystemImpl.java:init(158)) - HddsDatanode metrics system started (again)
2022-05-26 08:02:27,594 [Listener at 127.0.0.1/46875] INFO  ozone.HddsDatanodeService (HddsDatanodeService.java:start(236)) - HddsDatanodeService host:fv-az35-51.xim1osirhgvujn4yg5hone0yza.gx.internal.cloudapp.net ip:10.1.0.14
2022-05-26 08:02:27,595 [org.apache.hadoop.util.JvmPauseMonitor$Monitor@10501a36] INFO  util.JvmPauseMonitor (JvmPauseMonitor.java:run(188)) - Starting JVM pause monitor
2022-05-26 08:02:27,605 [Datanode State Machine Task Thread - 0] INFO  datanode.InitDatanodeState (InitDatanodeState.java:persistContainerDatanodeDetails(138)) - DatanodeDetails is persisted to /home/runner/work/ozone/ozone/hadoop-ozone/integration-test/target/test-dir/MiniOzoneClusterImpl-17bb6255-4ab1-443a-98be-5fd7627ecb82/datanode-1/meta/datanode.id
2022-05-26 08:02:27,620 [Listener at 127.0.0.1/46875] INFO  upgrade.AbstractLayoutVersionManager (AbstractLayoutVersionManager.java:init(79)) - Initializing Layout version manager with metadata layout = ERASURE_CODED_STORAGE_SUPPORT (version = 3), software layout = ERASURE_CODED_STORAGE_SUPPORT (version = 3)
2022-05-26 08:02:27,657 [Listener at 127.0.0.1/46875] INFO  reflections.Reflections (Reflections.java:scan(232)) - Reflections took 36 ms to scan 7 urls, producing 127 keys and 292 values 
2022-05-26 08:02:27,659 [Listener at 127.0.0.1/46875] INFO  statemachine.DatanodeStateMachine (DatanodeStateMachine.java:getEndPointTaskThreadPoolSize(233)) - Datanode State Machine Task Thread Pool size 2
2022-05-26 08:02:27,660 [Listener at 127.0.0.1/46875] INFO  volume.HddsVolume (HddsVolume.java:<init>(120)) - Creating HddsVolume: /home/runner/work/ozone/ozone/hadoop-ozone/integration-test/target/test-dir/MiniOzoneClusterImpl-17bb6255-4ab1-443a-98be-5fd7627ecb82/datanode-2/data-0/containers/hdds of storage type : DISK capacity : 9223372036854775807
2022-05-26 08:02:27,660 [Listener at 127.0.0.1/46875] INFO  volume.MutableVolumeSet (MutableVolumeSet.java:initializeVolumeSet(168)) - Added Volume : /home/runner/work/ozone/ozone/hadoop-ozone/integration-test/target/test-dir/MiniOzoneClusterImpl-17bb6255-4ab1-443a-98be-5fd7627ecb82/datanode-2/data-0/containers/hdds to VolumeSet
2022-05-26 08:02:27,661 [Listener at 127.0.0.1/46875] INFO  volume.ThrottledAsyncChecker (ThrottledAsyncChecker.java:schedule(141)) - Scheduling a check for /home/runner/work/ozone/ozone/hadoop-ozone/integration-test/target/test-dir/MiniOzoneClusterImpl-17bb6255-4ab1-443a-98be-5fd7627ecb82/datanode-2/data-0/containers/hdds
2022-05-26 08:02:27,664 [Listener at 127.0.0.1/46875] INFO  volume.StorageVolumeChecker (StorageVolumeChecker.java:checkAllVolumes(202)) - Scheduled health check for volume /home/runner/work/ozone/ozone/hadoop-ozone/integration-test/target/test-dir/MiniOzoneClusterImpl-17bb6255-4ab1-443a-98be-5fd7627ecb82/datanode-2/data-0/containers/hdds
2022-05-26 08:02:27,673 [Listener at 127.0.0.1/46875] INFO  volume.MutableVolumeSet (MutableVolumeSet.java:initializeVolumeSet(168)) - Added Volume : /home/runner/work/ozone/ozone/hadoop-ozone/integration-test/target/test-dir/MiniOzoneClusterImpl-17bb6255-4ab1-443a-98be-5fd7627ecb82/datanode-2/data/ratis to VolumeSet
2022-05-26 08:02:27,673 [Listener at 127.0.0.1/46875] INFO  volume.ThrottledAsyncChecker (ThrottledAsyncChecker.java:schedule(141)) - Scheduling a check for /home/runner/work/ozone/ozone/hadoop-ozone/integration-test/target/test-dir/MiniOzoneClusterImpl-17bb6255-4ab1-443a-98be-5fd7627ecb82/datanode-2/data/ratis
2022-05-26 08:02:27,674 [Listener at 127.0.0.1/46875] INFO  volume.StorageVolumeChecker (StorageVolumeChecker.java:checkAllVolumes(202)) - Scheduled health check for volume /home/runner/work/ozone/ozone/hadoop-ozone/integration-test/target/test-dir/MiniOzoneClusterImpl-17bb6255-4ab1-443a-98be-5fd7627ecb82/datanode-2/data/ratis
2022-05-26 08:02:27,683 [Thread-268] INFO  ozoneimpl.ContainerReader (ContainerReader.java:readVolume(172)) - Finish verifying containers on volume /home/runner/work/ozone/ozone/hadoop-ozone/integration-test/target/test-dir/MiniOzoneClusterImpl-17bb6255-4ab1-443a-98be-5fd7627ecb82/datanode-2/data-0/containers/hdds
2022-05-26 08:02:27,684 [Listener at 127.0.0.1/46875] INFO  ozoneimpl.OzoneContainer (OzoneContainer.java:buildContainerSet(257)) - Build ContainerSet costs 0s
2022-05-26 08:02:27,686 [Listener at 127.0.0.1/46875] INFO  server.RaftServer (ConfUtils.java:logGet(46)) - raft.rpc.type = GRPC (default)
2022-05-26 08:02:27,686 [Listener at 127.0.0.1/46875] INFO  grpc.GrpcFactory (GrpcFactory.java:checkPooledByteBufAllocatorUseCacheForAllThreads(48)) - PERFORMANCE WARNING: useCacheForAllThreads is true that may cause Netty to create a lot garbage objects and, as a result, trigger GC.
	It is recommended to disable useCacheForAllThreads by setting -Dorg.apache.ratis.thirdparty.io.netty.allocator.useCacheForAllThreads=false in command line.
2022-05-26 08:02:27,686 [Listener at 127.0.0.1/46875] INFO  grpc.GrpcConfigKeys (ConfUtils.java:logGet(46)) - raft.grpc.admin.port = 0 (custom)
2022-05-26 08:02:27,687 [Listener at 127.0.0.1/46875] INFO  grpc.GrpcConfigKeys (ConfUtils.java:logGet(46)) - raft.grpc.client.port = 0 (custom)
2022-05-26 08:02:27,687 [Listener at 127.0.0.1/46875] INFO  grpc.GrpcConfigKeys (ConfUtils.java:logGet(46)) - raft.grpc.server.port = 0 (default)
2022-05-26 08:02:27,687 [Listener at 127.0.0.1/46875] INFO  server.GrpcService (ConfUtils.java:logGet(46)) - raft.grpc.message.size.max = 32MB (=33554432) (custom)
2022-05-26 08:02:27,687 [Listener at 127.0.0.1/46875] INFO  server.RaftServerConfigKeys (ConfUtils.java:logGet(46)) - raft.server.log.appender.buffer.byte-limit = 33554432 (custom)
2022-05-26 08:02:27,687 [Listener at 127.0.0.1/46875] INFO  server.GrpcService (ConfUtils.java:logGet(46)) - raft.grpc.flow.control.window = 5MB (=5242880) (custom)
2022-05-26 08:02:27,687 [Listener at 127.0.0.1/46875] INFO  server.RaftServerConfigKeys (ConfUtils.java:logGet(46)) - raft.server.rpc.request.timeout = 60s (custom)
2022-05-26 08:02:27,687 [Listener at 127.0.0.1/46875] INFO  grpc.GrpcConfigKeys (ConfUtils.java:logGet(46)) - raft.grpc.server.async.request.thread.pool.cached = true (default)
2022-05-26 08:02:27,687 [Listener at 127.0.0.1/46875] INFO  grpc.GrpcConfigKeys (ConfUtils.java:logGet(46)) - raft.grpc.server.async.request.thread.pool.size = 32 (default)
2022-05-26 08:02:27,688 [Listener at 127.0.0.1/46875] INFO  impl.DataStreamServerImpl (ConfUtils.java:logGet(46)) - raft.datastream.type = DISABLED (default)
2022-05-26 08:02:27,689 [Listener at 127.0.0.1/46875] INFO  server.RaftServerConfigKeys (ConfUtils.java:logGet(46)) - raft.server.threadpool.proxy.cached = true (default)
2022-05-26 08:02:27,689 [Listener at 127.0.0.1/46875] INFO  server.RaftServerConfigKeys (ConfUtils.java:logGet(46)) - raft.server.threadpool.proxy.size = 0 (default)
2022-05-26 08:02:27,689 [Listener at 127.0.0.1/46875] INFO  server.RaftServerConfigKeys (ConfUtils.java:logGet(46)) - raft.server.rpc.slowness.timeout = 300s (custom)
2022-05-26 08:02:27,689 [Listener at 127.0.0.1/46875] INFO  server.RaftServerConfigKeys (ConfUtils.java:logGet(46)) - raft.server.leaderelection.leader.step-down.wait-time = 10s (default)
2022-05-26 08:02:27,689 [Listener at 127.0.0.1/46875] INFO  server.RaftServerConfigKeys (ConfUtils.java:logGet(46)) - raft.server.storage.dir = [/home/runner/work/ozone/ozone/hadoop-ozone/integration-test/target/test-dir/MiniOzoneClusterImpl-17bb6255-4ab1-443a-98be-5fd7627ecb82/datanode-2/data/ratis] (custom)
2022-05-26 08:02:27,691 [Listener at 127.0.0.1/46875] INFO  server.XceiverServerGrpc (XceiverServerGrpc.java:<init>(132)) - GrpcServer channel type EpollServerSocketChannel
2022-05-26 08:02:27,695 [Listener at 127.0.0.1/46875] INFO  http.BaseHttpServer (BaseHttpServer.java:newHttpServer2BuilderForOzone(209)) - Starting Web-server for hddsDatanode at: http://0.0.0.0:0
2022-05-26 08:02:27,695 [Listener at 127.0.0.1/46875] INFO  http.BaseHttpServer (BaseHttpServer.java:<init>(107)) - Hadoop Security Enabled: false Ozone Security Enabled: false Ozone HTTP Security Enabled: false 
2022-05-26 08:02:27,696 [Listener at 127.0.0.1/46875] INFO  server.AuthenticationFilter (AuthenticationFilter.java:constructSecretProvider(240)) - Unable to initialize FileSignerSecretProvider, falling back to use random secrets.
2022-05-26 08:02:27,697 [Listener at 127.0.0.1/46875] WARN  http.HttpRequestLog (HttpRequestLog.java:getRequestLog(103)) - Jetty request log can only be enabled using Log4j
2022-05-26 08:02:27,698 [Listener at 127.0.0.1/46875] INFO  http.HttpServer2 (HttpServer2.java:addGlobalFilter(1030)) - Added global filter 'safety' (class=org.apache.hadoop.hdds.server.http.HttpServer2$QuotingInputFilter)
2022-05-26 08:02:27,698 [Listener at 127.0.0.1/46875] INFO  http.HttpServer2 (HttpServer2.java:addFilter(1006)) - Added filter static_user_filter (class=org.apache.hadoop.http.lib.StaticUserWebFilter$StaticUserFilter) to context hddsDatanode
2022-05-26 08:02:27,699 [Listener at 127.0.0.1/46875] INFO  http.HttpServer2 (HttpServer2.java:addFilter(1014)) - Added filter static_user_filter (class=org.apache.hadoop.http.lib.StaticUserWebFilter$StaticUserFilter) to context logs
2022-05-26 08:02:27,699 [Listener at 127.0.0.1/46875] INFO  http.HttpServer2 (HttpServer2.java:addFilter(1014)) - Added filter static_user_filter (class=org.apache.hadoop.http.lib.StaticUserWebFilter$StaticUserFilter) to context static
2022-05-26 08:02:27,699 [Listener at 127.0.0.1/46875] INFO  http.HttpServer2 (HttpServer2.java:bindListener(1249)) - Jetty bound to port 43539
2022-05-26 08:02:27,699 [Listener at 127.0.0.1/46875] INFO  server.Server (Server.java:doStart(375)) - jetty-9.4.43.v20210629; built: 2021-06-30T11:07:22.254Z; git: 526006ecfa3af7f1a27ef3a288e2bef7ea9dd7e8; jvm 1.8.0_332-b09
2022-05-26 08:02:27,703 [Listener at 127.0.0.1/46875] INFO  server.session (DefaultSessionIdManager.java:doStart(334)) - DefaultSessionIdManager workerName=node0
2022-05-26 08:02:27,703 [Listener at 127.0.0.1/46875] INFO  server.session (DefaultSessionIdManager.java:doStart(339)) - No SessionScavenger set, using defaults
2022-05-26 08:02:27,703 [Listener at 127.0.0.1/46875] INFO  server.session (HouseKeeper.java:startScavenging(132)) - node0 Scavenging every 600000ms
2022-05-26 08:02:27,705 [Listener at 127.0.0.1/46875] INFO  handler.ContextHandler (ContextHandler.java:doStart(915)) - Started o.e.j.s.ServletContextHandler@19dfacf7{logs,/logs,file:///home/runner/work/ozone/ozone/hadoop-ozone/integration-test/target/log,AVAILABLE}
2022-05-26 08:02:27,706 [Listener at 127.0.0.1/46875] INFO  handler.ContextHandler (ContextHandler.java:doStart(915)) - Started o.e.j.s.ServletContextHandler@38efa316{static,/static,jar:file:/home/runner/.m2/repository/org/apache/ozone/hdds-container-service/1.3.0-SNAPSHOT/hdds-container-service-1.3.0-SNAPSHOT.jar!/webapps/static,AVAILABLE}
2022-05-26 08:02:27,860 [Listener at 127.0.0.1/46875] INFO  handler.ContextHandler (ContextHandler.java:doStart(915)) - Started o.e.j.w.WebAppContext@6afafefa{hddsDatanode,/,file:///tmp/jetty-0_0_0_0-43539-hdds-container-service-1_3_0-SNAPSHOT_jar-_-any-7678575332896049699/webapp/,AVAILABLE}{jar:file:/home/runner/.m2/repository/org/apache/ozone/hdds-container-service/1.3.0-SNAPSHOT/hdds-container-service-1.3.0-SNAPSHOT.jar!/webapps/hddsDatanode}
2022-05-26 08:02:27,862 [Listener at 127.0.0.1/46875] INFO  server.AbstractConnector (AbstractConnector.java:doStart(331)) - Started ServerConnector@6b9c30af{HTTP/1.1, (http/1.1)}{0.0.0.0:43539}
2022-05-26 08:02:27,862 [Listener at 127.0.0.1/46875] INFO  server.Server (Server.java:doStart(415)) - Started @9802ms
2022-05-26 08:02:27,862 [Listener at 127.0.0.1/46875] WARN  impl.MetricsSystemImpl (MetricsSystemImpl.java:register(279)) - Sink prometheus already exists!
2022-05-26 08:02:27,863 [Listener at 127.0.0.1/46875] INFO  http.BaseHttpServer (BaseHttpServer.java:updateConnectorAddress(329)) - HTTP server of hddsDatanode listening at http://0.0.0.0:43539
2022-05-26 08:02:27,865 [Datanode State Machine Daemon Thread] INFO  statemachine.DatanodeStateMachine (DatanodeStateMachine.java:lambda$startDaemon$0(481)) - Ozone container server started.
2022-05-26 08:02:27,866 [Listener at 127.0.0.1/46875] INFO  ozone.MiniOzoneClusterImpl (MiniOzoneClusterImpl.java:lambda$waitForClusterToBeReady$0(221)) - Waiting for nodes to be ready. Got 0 of 3 DN Heartbeats.
2022-05-26 08:02:27,866 [Listener at 127.0.0.1/46875] INFO  ozone.MiniOzoneClusterImpl (MiniOzoneClusterImpl.java:lambda$waitForClusterToBeReady$0(224)) - Waiting for cluster to exit safe mode
2022-05-26 08:02:27,867 [Listener at 127.0.0.1/46875] INFO  ozone.MiniOzoneClusterImpl (MiniOzoneClusterImpl.java:lambda$waitForClusterToBeReady$0(226)) - SCM became leader
2022-05-26 08:02:27,872 [org.apache.hadoop.util.JvmPauseMonitor$Monitor@4d52897f] INFO  util.JvmPauseMonitor (JvmPauseMonitor.java:run(188)) - Starting JVM pause monitor
2022-05-26 08:02:27,875 [Datanode State Machine Task Thread - 0] INFO  datanode.InitDatanodeState (InitDatanodeState.java:persistContainerDatanodeDetails(138)) - DatanodeDetails is persisted to /home/runner/work/ozone/ozone/hadoop-ozone/integration-test/target/test-dir/MiniOzoneClusterImpl-17bb6255-4ab1-443a-98be-5fd7627ecb82/datanode-2/meta/datanode.id
2022-05-26 08:02:28,867 [Listener at 127.0.0.1/46875] INFO  ozone.MiniOzoneClusterImpl (MiniOzoneClusterImpl.java:lambda$waitForClusterToBeReady$0(221)) - Waiting for nodes to be ready. Got 0 of 3 DN Heartbeats.
2022-05-26 08:02:28,867 [Listener at 127.0.0.1/46875] INFO  ozone.MiniOzoneClusterImpl (MiniOzoneClusterImpl.java:lambda$waitForClusterToBeReady$0(224)) - Waiting for cluster to exit safe mode
2022-05-26 08:02:28,867 [Listener at 127.0.0.1/46875] INFO  ozone.MiniOzoneClusterImpl (MiniOzoneClusterImpl.java:lambda$waitForClusterToBeReady$0(226)) - SCM became leader
2022-05-26 08:02:29,257 [EndpointStateMachine task thread for /0.0.0.0:45983 - 0 ] INFO  ozoneimpl.OzoneContainer (OzoneContainer.java:start(335)) - Attempting to start container services.
2022-05-26 08:02:29,259 [EndpointStateMachine task thread for /0.0.0.0:45983 - 0 ] INFO  ozoneimpl.OzoneContainer (OzoneContainer.java:startContainerScrub(270)) - Background container scanner has been disabled.
2022-05-26 08:02:29,260 [EndpointStateMachine task thread for /0.0.0.0:45983 - 0 ] INFO  replication.ReplicationServer (ReplicationServer.java:start(111)) - ReplicationServer is started using port 33351
2022-05-26 08:02:29,262 [EndpointStateMachine task thread for /0.0.0.0:45983 - 0 ] INFO  ratis.XceiverServerRatis (XceiverServerRatis.java:start(481)) - Starting XceiverServerRatis f9ea974d-ae4d-4aef-b2c3-b9b1efab52be
2022-05-26 08:02:29,263 [EndpointStateMachine task thread for /0.0.0.0:45983 - 0 ] INFO  server.RaftServer (RaftServerProxy.java:lambda$start$6(382)) - f9ea974d-ae4d-4aef-b2c3-b9b1efab52be: start RPC server
2022-05-26 08:02:29,265 [EndpointStateMachine task thread for /0.0.0.0:45983 - 0 ] INFO  server.GrpcService (GrpcService.java:startImpl(260)) - f9ea974d-ae4d-4aef-b2c3-b9b1efab52be: GrpcService started, listening on 44347
2022-05-26 08:02:29,268 [EndpointStateMachine task thread for /0.0.0.0:45983 - 0 ] INFO  ratis.XceiverServerRatis (XceiverServerRatis.java:getRealPort(502)) - XceiverServerRatis f9ea974d-ae4d-4aef-b2c3-b9b1efab52be is started using port 44347 for RATIS
2022-05-26 08:02:29,268 [EndpointStateMachine task thread for /0.0.0.0:45983 - 0 ] INFO  ratis.XceiverServerRatis (XceiverServerRatis.java:getRealPort(502)) - XceiverServerRatis f9ea974d-ae4d-4aef-b2c3-b9b1efab52be is started using port 44347 for RATIS_ADMIN
2022-05-26 08:02:29,268 [EndpointStateMachine task thread for /0.0.0.0:45983 - 0 ] INFO  ratis.XceiverServerRatis (XceiverServerRatis.java:getRealPort(502)) - XceiverServerRatis f9ea974d-ae4d-4aef-b2c3-b9b1efab52be is started using port 44347 for RATIS_SERVER
2022-05-26 08:02:29,268 [org.apache.ratis.util.JvmPauseMonitor$$Lambda$691/456821109@6699d055] INFO  util.JvmPauseMonitor (JvmPauseMonitor.java:run(103)) - JvmPauseMonitor-f9ea974d-ae4d-4aef-b2c3-b9b1efab52be: Started
2022-05-26 08:02:29,270 [EndpointStateMachine task thread for /0.0.0.0:45983 - 0 ] INFO  server.XceiverServerGrpc (XceiverServerGrpc.java:start(180)) - XceiverServerGrpc f9ea974d-ae4d-4aef-b2c3-b9b1efab52be is started using port 44357
2022-05-26 08:02:29,600 [EndpointStateMachine task thread for /0.0.0.0:45983 - 0 ] INFO  ozoneimpl.OzoneContainer (OzoneContainer.java:start(335)) - Attempting to start container services.
2022-05-26 08:02:29,600 [EndpointStateMachine task thread for /0.0.0.0:45983 - 0 ] INFO  ozoneimpl.OzoneContainer (OzoneContainer.java:startContainerScrub(270)) - Background container scanner has been disabled.
2022-05-26 08:02:29,603 [EndpointStateMachine task thread for /0.0.0.0:45983 - 0 ] INFO  replication.ReplicationServer (ReplicationServer.java:start(111)) - ReplicationServer is started using port 33223
2022-05-26 08:02:29,603 [EndpointStateMachine task thread for /0.0.0.0:45983 - 0 ] INFO  ratis.XceiverServerRatis (XceiverServerRatis.java:start(481)) - Starting XceiverServerRatis 5200d88f-cd34-4757-82bd-ce9e6826133e
2022-05-26 08:02:29,605 [EndpointStateMachine task thread for /0.0.0.0:45983 - 0 ] INFO  server.RaftServer (RaftServerProxy.java:lambda$start$6(382)) - 5200d88f-cd34-4757-82bd-ce9e6826133e: start RPC server
2022-05-26 08:02:29,606 [EndpointStateMachine task thread for /0.0.0.0:45983 - 0 ] INFO  server.GrpcService (GrpcService.java:startImpl(260)) - 5200d88f-cd34-4757-82bd-ce9e6826133e: GrpcService started, listening on 38169
2022-05-26 08:02:29,607 [EndpointStateMachine task thread for /0.0.0.0:45983 - 0 ] INFO  ratis.XceiverServerRatis (XceiverServerRatis.java:getRealPort(502)) - XceiverServerRatis 5200d88f-cd34-4757-82bd-ce9e6826133e is started using port 38169 for RATIS
2022-05-26 08:02:29,607 [org.apache.ratis.util.JvmPauseMonitor$$Lambda$691/456821109@11d96468] INFO  util.JvmPauseMonitor (JvmPauseMonitor.java:run(103)) - JvmPauseMonitor-5200d88f-cd34-4757-82bd-ce9e6826133e: Started
2022-05-26 08:02:29,607 [EndpointStateMachine task thread for /0.0.0.0:45983 - 0 ] INFO  ratis.XceiverServerRatis (XceiverServerRatis.java:getRealPort(502)) - XceiverServerRatis 5200d88f-cd34-4757-82bd-ce9e6826133e is started using port 38169 for RATIS_ADMIN
2022-05-26 08:02:29,607 [EndpointStateMachine task thread for /0.0.0.0:45983 - 0 ] INFO  ratis.XceiverServerRatis (XceiverServerRatis.java:getRealPort(502)) - XceiverServerRatis 5200d88f-cd34-4757-82bd-ce9e6826133e is started using port 38169 for RATIS_SERVER
2022-05-26 08:02:29,609 [EndpointStateMachine task thread for /0.0.0.0:45983 - 0 ] INFO  server.XceiverServerGrpc (XceiverServerGrpc.java:start(180)) - XceiverServerGrpc 5200d88f-cd34-4757-82bd-ce9e6826133e is started using port 34933
2022-05-26 08:02:29,868 [Listener at 127.0.0.1/46875] INFO  ozone.MiniOzoneClusterImpl (MiniOzoneClusterImpl.java:lambda$waitForClusterToBeReady$0(221)) - Waiting for nodes to be ready. Got 0 of 3 DN Heartbeats.
2022-05-26 08:02:29,868 [Listener at 127.0.0.1/46875] INFO  ozone.MiniOzoneClusterImpl (MiniOzoneClusterImpl.java:lambda$waitForClusterToBeReady$0(224)) - Waiting for cluster to exit safe mode
2022-05-26 08:02:29,868 [Listener at 127.0.0.1/46875] INFO  ozone.MiniOzoneClusterImpl (MiniOzoneClusterImpl.java:lambda$waitForClusterToBeReady$0(226)) - SCM became leader
2022-05-26 08:02:29,877 [EndpointStateMachine task thread for /0.0.0.0:45983 - 0 ] INFO  ozoneimpl.OzoneContainer (OzoneContainer.java:start(335)) - Attempting to start container services.
2022-05-26 08:02:29,877 [EndpointStateMachine task thread for /0.0.0.0:45983 - 0 ] INFO  ozoneimpl.OzoneContainer (OzoneContainer.java:startContainerScrub(270)) - Background container scanner has been disabled.
2022-05-26 08:02:29,880 [EndpointStateMachine task thread for /0.0.0.0:45983 - 0 ] INFO  replication.ReplicationServer (ReplicationServer.java:start(111)) - ReplicationServer is started using port 42285
2022-05-26 08:02:29,881 [EndpointStateMachine task thread for /0.0.0.0:45983 - 0 ] INFO  ratis.XceiverServerRatis (XceiverServerRatis.java:start(481)) - Starting XceiverServerRatis 92b94f51-580c-417a-a05c-41f2b10b52f6
2022-05-26 08:02:29,882 [EndpointStateMachine task thread for /0.0.0.0:45983 - 0 ] INFO  server.RaftServer (RaftServerProxy.java:lambda$start$6(382)) - 92b94f51-580c-417a-a05c-41f2b10b52f6: start RPC server
2022-05-26 08:02:29,883 [EndpointStateMachine task thread for /0.0.0.0:45983 - 0 ] INFO  server.GrpcService (GrpcService.java:startImpl(260)) - 92b94f51-580c-417a-a05c-41f2b10b52f6: GrpcService started, listening on 33339
2022-05-26 08:02:29,883 [EndpointStateMachine task thread for /0.0.0.0:45983 - 0 ] INFO  ratis.XceiverServerRatis (XceiverServerRatis.java:getRealPort(502)) - XceiverServerRatis 92b94f51-580c-417a-a05c-41f2b10b52f6 is started using port 33339 for RATIS
2022-05-26 08:02:29,883 [org.apache.ratis.util.JvmPauseMonitor$$Lambda$691/456821109@55094ff0] INFO  util.JvmPauseMonitor (JvmPauseMonitor.java:run(103)) - JvmPauseMonitor-92b94f51-580c-417a-a05c-41f2b10b52f6: Started
2022-05-26 08:02:29,883 [EndpointStateMachine task thread for /0.0.0.0:45983 - 0 ] INFO  ratis.XceiverServerRatis (XceiverServerRatis.java:getRealPort(502)) - XceiverServerRatis 92b94f51-580c-417a-a05c-41f2b10b52f6 is started using port 33339 for RATIS_ADMIN
2022-05-26 08:02:29,883 [EndpointStateMachine task thread for /0.0.0.0:45983 - 0 ] INFO  ratis.XceiverServerRatis (XceiverServerRatis.java:getRealPort(502)) - XceiverServerRatis 92b94f51-580c-417a-a05c-41f2b10b52f6 is started using port 33339 for RATIS_SERVER
2022-05-26 08:02:29,889 [EndpointStateMachine task thread for /0.0.0.0:45983 - 0 ] INFO  server.XceiverServerGrpc (XceiverServerGrpc.java:start(180)) - XceiverServerGrpc 92b94f51-580c-417a-a05c-41f2b10b52f6 is started using port 40211
2022-05-26 08:02:30,868 [Listener at 127.0.0.1/46875] INFO  ozone.MiniOzoneClusterImpl (MiniOzoneClusterImpl.java:lambda$waitForClusterToBeReady$0(221)) - Waiting for nodes to be ready. Got 0 of 3 DN Heartbeats.
2022-05-26 08:02:30,869 [Listener at 127.0.0.1/46875] INFO  ozone.MiniOzoneClusterImpl (MiniOzoneClusterImpl.java:lambda$waitForClusterToBeReady$0(224)) - Waiting for cluster to exit safe mode
2022-05-26 08:02:30,869 [Listener at 127.0.0.1/46875] INFO  ozone.MiniOzoneClusterImpl (MiniOzoneClusterImpl.java:lambda$waitForClusterToBeReady$0(226)) - SCM became leader
2022-05-26 08:02:31,230 [IPC Server handler 1 on default port 45983] INFO  net.NetworkTopologyImpl (NetworkTopologyImpl.java:add(112)) - Added a new node: /default-rack/f9ea974d-ae4d-4aef-b2c3-b9b1efab52be
2022-05-26 08:02:31,232 [IPC Server handler 1 on default port 45983] INFO  node.SCMNodeManager (SCMNodeManager.java:register(393)) - Registered Data node : f9ea974d-ae4d-4aef-b2c3-b9b1efab52be{ip: 10.1.0.14, host: fv-az35-51.xim1osirhgvujn4yg5hone0yza.gx.internal.cloudapp.net, ports: [REPLICATION=33351, RATIS=44347, RATIS_ADMIN=44347, RATIS_SERVER=44347, STANDALONE=44357], networkLocation: /default-rack, certSerialId: null, persistedOpState: null, persistedOpStateExpiryEpochSec: 0}
2022-05-26 08:02:31,234 [EventQueue-NewNodeForNewNodeHandler] INFO  pipeline.BackgroundPipelineCreator (BackgroundPipelineCreator.java:notifyEventTriggered(272)) - trigger a one-shot run on RatisPipelineUtilsThread.
2022-05-26 08:02:31,240 [EventQueue-NodeRegistrationContainerReportForDataNodeSafeModeRule] INFO  safemode.SCMSafeModeManager (DataNodeSafeModeRule.java:process(71)) - SCM in safe mode. 1 DataNodes registered, 3 required.
2022-05-26 08:02:31,240 [EventQueue-NodeRegistrationContainerReportForContainerSafeModeRule] INFO  safemode.SCMSafeModeManager (SCMSafeModeManager.java:validateSafeModeExitRules(204)) - ContainerSafeModeRule rule is successfully validated
2022-05-26 08:02:31,244 [RatisPipelineUtilsThread - 0] INFO  pipeline.RatisPipelineProvider (RatisPipelineProvider.java:lambda$create$0(195)) - Sending CreatePipelineCommand for pipeline:PipelineID=387aaecd-3119-405b-8e0e-a5275a0d686b to datanode:f9ea974d-ae4d-4aef-b2c3-b9b1efab52be
2022-05-26 08:02:31,251 [EventQueue-PipelineReportForOneReplicaPipelineSafeModeRule] INFO  safemode.SCMSafeModeManager (SCMSafeModeManager.java:validateSafeModeExitRules(204)) - AtleastOneDatanodeReportedRule rule is successfully validated
2022-05-26 08:02:31,252 [RatisPipelineUtilsThread - 0] INFO  pipeline.PipelineStateManagerImpl (PipelineStateManagerImpl.java:addPipeline(101)) - Created pipeline Pipeline[ Id: 387aaecd-3119-405b-8e0e-a5275a0d686b, Nodes: f9ea974d-ae4d-4aef-b2c3-b9b1efab52be{ip: 10.1.0.14, host: fv-az35-51.xim1osirhgvujn4yg5hone0yza.gx.internal.cloudapp.net, ports: [REPLICATION=33351, RATIS=44347, RATIS_ADMIN=44347, RATIS_SERVER=44347, STANDALONE=44357], networkLocation: /default-rack, certSerialId: null, persistedOpState: IN_SERVICE, persistedOpStateExpiryEpochSec: 0}, ReplicationConfig: RATIS/ONE, State:ALLOCATED, leaderId:, CreationTimestamp2022-05-26T08:02:31.241Z[Etc/UTC]].
2022-05-26 08:02:31,597 [IPC Server handler 2 on default port 45983] INFO  net.NetworkTopologyImpl (NetworkTopologyImpl.java:add(112)) - Added a new node: /default-rack/5200d88f-cd34-4757-82bd-ce9e6826133e
2022-05-26 08:02:31,597 [IPC Server handler 2 on default port 45983] INFO  node.SCMNodeManager (SCMNodeManager.java:register(393)) - Registered Data node : 5200d88f-cd34-4757-82bd-ce9e6826133e{ip: 10.1.0.14, host: fv-az35-51.xim1osirhgvujn4yg5hone0yza.gx.internal.cloudapp.net, ports: [REPLICATION=33223, RATIS=38169, RATIS_ADMIN=38169, RATIS_SERVER=38169, STANDALONE=34933], networkLocation: /default-rack, certSerialId: null, persistedOpState: null, persistedOpStateExpiryEpochSec: 0}
2022-05-26 08:02:31,598 [EventQueue-NewNodeForNewNodeHandler] INFO  pipeline.BackgroundPipelineCreator (BackgroundPipelineCreator.java:notifyEventTriggered(272)) - trigger a one-shot run on RatisPipelineUtilsThread.
2022-05-26 08:02:31,599 [EventQueue-NodeRegistrationContainerReportForDataNodeSafeModeRule] INFO  safemode.SCMSafeModeManager (DataNodeSafeModeRule.java:process(71)) - SCM in safe mode. 2 DataNodes registered, 3 required.
2022-05-26 08:02:31,600 [RatisPipelineUtilsThread - 0] INFO  pipeline.RatisPipelineProvider (RatisPipelineProvider.java:lambda$create$0(195)) - Sending CreatePipelineCommand for pipeline:PipelineID=d56912b7-dbef-444c-bf41-f1106f976adc to datanode:5200d88f-cd34-4757-82bd-ce9e6826133e
2022-05-26 08:02:31,600 [RatisPipelineUtilsThread - 0] INFO  pipeline.PipelineStateManagerImpl (PipelineStateManagerImpl.java:addPipeline(101)) - Created pipeline Pipeline[ Id: d56912b7-dbef-444c-bf41-f1106f976adc, Nodes: 5200d88f-cd34-4757-82bd-ce9e6826133e{ip: 10.1.0.14, host: fv-az35-51.xim1osirhgvujn4yg5hone0yza.gx.internal.cloudapp.net, ports: [REPLICATION=33223, RATIS=38169, RATIS_ADMIN=38169, RATIS_SERVER=38169, STANDALONE=34933], networkLocation: /default-rack, certSerialId: null, persistedOpState: IN_SERVICE, persistedOpStateExpiryEpochSec: 0}, ReplicationConfig: RATIS/ONE, State:ALLOCATED, leaderId:, CreationTimestamp2022-05-26T08:02:31.600Z[Etc/UTC]].
2022-05-26 08:02:31,869 [Listener at 127.0.0.1/46875] INFO  ozone.MiniOzoneClusterImpl (MiniOzoneClusterImpl.java:lambda$waitForClusterToBeReady$0(221)) - Waiting for nodes to be ready. Got 2 of 3 DN Heartbeats.
2022-05-26 08:02:31,870 [Listener at 127.0.0.1/46875] INFO  ozone.MiniOzoneClusterImpl (MiniOzoneClusterImpl.java:lambda$waitForClusterToBeReady$0(224)) - Waiting for cluster to exit safe mode
2022-05-26 08:02:31,870 [Listener at 127.0.0.1/46875] INFO  ozone.MiniOzoneClusterImpl (MiniOzoneClusterImpl.java:lambda$waitForClusterToBeReady$0(226)) - SCM became leader
2022-05-26 08:02:31,876 [IPC Server handler 0 on default port 45983] INFO  net.NetworkTopologyImpl (NetworkTopologyImpl.java:add(112)) - Added a new node: /default-rack/92b94f51-580c-417a-a05c-41f2b10b52f6
2022-05-26 08:02:31,877 [IPC Server handler 0 on default port 45983] INFO  node.SCMNodeManager (SCMNodeManager.java:register(393)) - Registered Data node : 92b94f51-580c-417a-a05c-41f2b10b52f6{ip: 10.1.0.14, host: fv-az35-51.xim1osirhgvujn4yg5hone0yza.gx.internal.cloudapp.net, ports: [REPLICATION=42285, RATIS=33339, RATIS_ADMIN=33339, RATIS_SERVER=33339, STANDALONE=40211], networkLocation: /default-rack, certSerialId: null, persistedOpState: null, persistedOpStateExpiryEpochSec: 0}
2022-05-26 08:02:31,877 [EventQueue-NewNodeForNewNodeHandler] INFO  pipeline.BackgroundPipelineCreator (BackgroundPipelineCreator.java:notifyEventTriggered(272)) - trigger a one-shot run on RatisPipelineUtilsThread.
2022-05-26 08:02:31,877 [RatisPipelineUtilsThread - 0] INFO  pipeline.RatisPipelineProvider (RatisPipelineProvider.java:lambda$create$0(195)) - Sending CreatePipelineCommand for pipeline:PipelineID=655ac37a-56f4-425d-8a11-2cd5bfe92dfc to datanode:92b94f51-580c-417a-a05c-41f2b10b52f6
2022-05-26 08:02:31,877 [EventQueue-NodeRegistrationContainerReportForDataNodeSafeModeRule] INFO  safemode.SCMSafeModeManager (DataNodeSafeModeRule.java:process(71)) - SCM in safe mode. 3 DataNodes registered, 3 required.
2022-05-26 08:02:31,877 [EventQueue-NodeRegistrationContainerReportForDataNodeSafeModeRule] INFO  safemode.SCMSafeModeManager (SCMSafeModeManager.java:validateSafeModeExitRules(204)) - DataNodeSafeModeRule rule is successfully validated
2022-05-26 08:02:31,878 [EventQueue-NodeRegistrationContainerReportForDataNodeSafeModeRule] INFO  safemode.SCMSafeModeManager (SCMSafeModeManager.java:completePreCheck(233)) - All SCM safe mode pre check rules have passed
2022-05-26 08:02:31,878 [EventQueue-NodeRegistrationContainerReportForDataNodeSafeModeRule] WARN  events.EventQueue (EventQueue.java:fireEvent(194)) - No event handler registered for event TypedEvent{payloadType=SafeModeStatus, name='Safe mode status'}
2022-05-26 08:02:31,878 [EventQueue-NodeRegistrationContainerReportForDataNodeSafeModeRule] INFO  ha.SCMContext (SCMContext.java:updateSafeModeStatus(211)) - Update SafeModeStatus from SafeModeStatus{safeModeStatus=true, preCheckPassed=false} to SafeModeStatus{safeModeStatus=true, preCheckPassed=true}.
2022-05-26 08:02:31,878 [EventQueue-NodeRegistrationContainerReportForDataNodeSafeModeRule] INFO  pipeline.BackgroundPipelineCreator (BackgroundPipelineCreator.java:notifyEventTriggered(272)) - trigger a one-shot run on RatisPipelineUtilsThread.
2022-05-26 08:02:31,878 [RatisPipelineUtilsThread - 0] INFO  pipeline.PipelineStateManagerImpl (PipelineStateManagerImpl.java:addPipeline(101)) - Created pipeline Pipeline[ Id: 655ac37a-56f4-425d-8a11-2cd5bfe92dfc, Nodes: 92b94f51-580c-417a-a05c-41f2b10b52f6{ip: 10.1.0.14, host: fv-az35-51.xim1osirhgvujn4yg5hone0yza.gx.internal.cloudapp.net, ports: [REPLICATION=42285, RATIS=33339, RATIS_ADMIN=33339, RATIS_SERVER=33339, STANDALONE=40211], networkLocation: /default-rack, certSerialId: null, persistedOpState: IN_SERVICE, persistedOpStateExpiryEpochSec: 0}, ReplicationConfig: RATIS/ONE, State:ALLOCATED, leaderId:, CreationTimestamp2022-05-26T08:02:31.877Z[Etc/UTC]].
2022-05-26 08:02:31,881 [RatisPipelineUtilsThread - 0] INFO  pipeline.RatisPipelineProvider (RatisPipelineProvider.java:lambda$create$0(195)) - Sending CreatePipelineCommand for pipeline:PipelineID=bbf1a49c-f3a4-4bfa-ab8d-8e9638596a13 to datanode:5200d88f-cd34-4757-82bd-ce9e6826133e
2022-05-26 08:02:31,881 [RatisPipelineUtilsThread - 0] INFO  pipeline.RatisPipelineProvider (RatisPipelineProvider.java:lambda$create$0(195)) - Sending CreatePipelineCommand for pipeline:PipelineID=bbf1a49c-f3a4-4bfa-ab8d-8e9638596a13 to datanode:92b94f51-580c-417a-a05c-41f2b10b52f6
2022-05-26 08:02:31,881 [RatisPipelineUtilsThread - 0] INFO  pipeline.RatisPipelineProvider (RatisPipelineProvider.java:lambda$create$0(195)) - Sending CreatePipelineCommand for pipeline:PipelineID=bbf1a49c-f3a4-4bfa-ab8d-8e9638596a13 to datanode:f9ea974d-ae4d-4aef-b2c3-b9b1efab52be
2022-05-26 08:02:31,882 [RatisPipelineUtilsThread - 0] INFO  pipeline.PipelineStateManagerImpl (PipelineStateManagerImpl.java:addPipeline(101)) - Created pipeline Pipeline[ Id: bbf1a49c-f3a4-4bfa-ab8d-8e9638596a13, Nodes: 5200d88f-cd34-4757-82bd-ce9e6826133e{ip: 10.1.0.14, host: fv-az35-51.xim1osirhgvujn4yg5hone0yza.gx.internal.cloudapp.net, ports: [REPLICATION=33223, RATIS=38169, RATIS_ADMIN=38169, RATIS_SERVER=38169, STANDALONE=34933], networkLocation: /default-rack, certSerialId: null, persistedOpState: IN_SERVICE, persistedOpStateExpiryEpochSec: 0}92b94f51-580c-417a-a05c-41f2b10b52f6{ip: 10.1.0.14, host: fv-az35-51.xim1osirhgvujn4yg5hone0yza.gx.internal.cloudapp.net, ports: [REPLICATION=42285, RATIS=33339, RATIS_ADMIN=33339, RATIS_SERVER=33339, STANDALONE=40211], networkLocation: /default-rack, certSerialId: null, persistedOpState: IN_SERVICE, persistedOpStateExpiryEpochSec: 0}f9ea974d-ae4d-4aef-b2c3-b9b1efab52be{ip: 10.1.0.14, host: fv-az35-51.xim1osirhgvujn4yg5hone0yza.gx.internal.cloudapp.net, ports: [REPLICATION=33351, RATIS=44347, RATIS_ADMIN=44347, RATIS_SERVER=44347, STANDALONE=44357], networkLocation: /default-rack, certSerialId: null, persistedOpState: IN_SERVICE, persistedOpStateExpiryEpochSec: 0}, ReplicationConfig: RATIS/THREE, State:ALLOCATED, leaderId:, CreationTimestamp2022-05-26T08:02:31.881Z[Etc/UTC]].
2022-05-26 08:02:31,883 [RatisPipelineUtilsThread - 0] INFO  pipeline.RatisPipelineProvider (RatisPipelineProvider.java:lambda$create$0(195)) - Sending CreatePipelineCommand for pipeline:PipelineID=a555b6dc-8538-4622-abb1-6039e75bb31b to datanode:92b94f51-580c-417a-a05c-41f2b10b52f6
2022-05-26 08:02:31,883 [RatisPipelineUtilsThread - 0] INFO  pipeline.RatisPipelineProvider (RatisPipelineProvider.java:lambda$create$0(195)) - Sending CreatePipelineCommand for pipeline:PipelineID=a555b6dc-8538-4622-abb1-6039e75bb31b to datanode:5200d88f-cd34-4757-82bd-ce9e6826133e
2022-05-26 08:02:31,883 [RatisPipelineUtilsThread - 0] INFO  pipeline.RatisPipelineProvider (RatisPipelineProvider.java:lambda$create$0(195)) - Sending CreatePipelineCommand for pipeline:PipelineID=a555b6dc-8538-4622-abb1-6039e75bb31b to datanode:f9ea974d-ae4d-4aef-b2c3-b9b1efab52be
2022-05-26 08:02:31,884 [RatisPipelineUtilsThread - 0] INFO  pipeline.PipelineStateManagerImpl (PipelineStateManagerImpl.java:addPipeline(101)) - Created pipeline Pipeline[ Id: a555b6dc-8538-4622-abb1-6039e75bb31b, Nodes: 92b94f51-580c-417a-a05c-41f2b10b52f6{ip: 10.1.0.14, host: fv-az35-51.xim1osirhgvujn4yg5hone0yza.gx.internal.cloudapp.net, ports: [REPLICATION=42285, RATIS=33339, RATIS_ADMIN=33339, RATIS_SERVER=33339, STANDALONE=40211], networkLocation: /default-rack, certSerialId: null, persistedOpState: IN_SERVICE, persistedOpStateExpiryEpochSec: 0}5200d88f-cd34-4757-82bd-ce9e6826133e{ip: 10.1.0.14, host: fv-az35-51.xim1osirhgvujn4yg5hone0yza.gx.internal.cloudapp.net, ports: [REPLICATION=33223, RATIS=38169, RATIS_ADMIN=38169, RATIS_SERVER=38169, STANDALONE=34933], networkLocation: /default-rack, certSerialId: null, persistedOpState: IN_SERVICE, persistedOpStateExpiryEpochSec: 0}f9ea974d-ae4d-4aef-b2c3-b9b1efab52be{ip: 10.1.0.14, host: fv-az35-51.xim1osirhgvujn4yg5hone0yza.gx.internal.cloudapp.net, ports: [REPLICATION=33351, RATIS=44347, RATIS_ADMIN=44347, RATIS_SERVER=44347, STANDALONE=44357], networkLocation: /default-rack, certSerialId: null, persistedOpState: IN_SERVICE, persistedOpStateExpiryEpochSec: 0}, ReplicationConfig: RATIS/THREE, State:ALLOCATED, leaderId:, CreationTimestamp2022-05-26T08:02:31.883Z[Etc/UTC]].
2022-05-26 08:02:31,884 [RatisPipelineUtilsThread - 0] INFO  pipeline.PipelineManagerImpl (PipelineManagerImpl.java:recordMetricsForPipeline(695)) - Pipeline: PipelineID=a555b6dc-8538-4622-abb1-6039e75bb31b contains same datanodes as previous pipelines: PipelineID=bbf1a49c-f3a4-4bfa-ab8d-8e9638596a13 nodeIds: 92b94f51-580c-417a-a05c-41f2b10b52f6, 5200d88f-cd34-4757-82bd-ce9e6826133e, f9ea974d-ae4d-4aef-b2c3-b9b1efab52be
2022-05-26 08:02:32,870 [Listener at 127.0.0.1/46875] INFO  ozone.MiniOzoneClusterImpl (MiniOzoneClusterImpl.java:lambda$waitForClusterToBeReady$0(221)) - Nodes are ready. Got 3 of 3 DN Heartbeats.
2022-05-26 08:02:32,872 [Listener at 127.0.0.1/46875] INFO  ozone.MiniOzoneClusterImpl (MiniOzoneClusterImpl.java:lambda$waitForClusterToBeReady$0(224)) - Waiting for cluster to exit safe mode
2022-05-26 08:02:32,872 [Listener at 127.0.0.1/46875] INFO  ozone.MiniOzoneClusterImpl (MiniOzoneClusterImpl.java:lambda$waitForClusterToBeReady$0(226)) - SCM became leader
2022-05-26 08:02:33,872 [Listener at 127.0.0.1/46875] INFO  ozone.MiniOzoneClusterImpl (MiniOzoneClusterImpl.java:lambda$waitForClusterToBeReady$0(221)) - Nodes are ready. Got 3 of 3 DN Heartbeats.
2022-05-26 08:02:33,873 [Listener at 127.0.0.1/46875] INFO  ozone.MiniOzoneClusterImpl (MiniOzoneClusterImpl.java:lambda$waitForClusterToBeReady$0(224)) - Waiting for cluster to exit safe mode
2022-05-26 08:02:33,873 [Listener at 127.0.0.1/46875] INFO  ozone.MiniOzoneClusterImpl (MiniOzoneClusterImpl.java:lambda$waitForClusterToBeReady$0(226)) - SCM became leader
2022-05-26 08:02:34,213 [Command processor thread] INFO  server.RaftServer (RaftServerProxy.java:addNew(96)) - f9ea974d-ae4d-4aef-b2c3-b9b1efab52be: addNew group-A5275A0D686B:[f9ea974d-ae4d-4aef-b2c3-b9b1efab52be|rpc:10.1.0.14:44347|priority:1] returns group-A5275A0D686B:java.util.concurrent.CompletableFuture@52655fff[Not completed]
2022-05-26 08:02:34,223 [pool-112-thread-1] INFO  server.RaftServer$Division (RaftServerImpl.java:<init>(190)) - f9ea974d-ae4d-4aef-b2c3-b9b1efab52be: new RaftServerImpl for group-A5275A0D686B:[f9ea974d-ae4d-4aef-b2c3-b9b1efab52be|rpc:10.1.0.14:44347|priority:1] with ContainerStateMachine:uninitialized
2022-05-26 08:02:34,223 [pool-112-thread-1] INFO  server.RaftServerConfigKeys (ConfUtils.java:logGet(46)) - raft.server.rpc.timeout.min = 5s (custom)
2022-05-26 08:02:34,223 [pool-112-thread-1] INFO  server.RaftServerConfigKeys (ConfUtils.java:logGet(46)) - raft.server.rpc.timeout.max = 5200ms (custom)
2022-05-26 08:02:34,223 [pool-112-thread-1] INFO  server.RaftServerConfigKeys (ConfUtils.java:logGet(46)) - raft.server.rpc.sleep.time = 25ms (default)
2022-05-26 08:02:34,223 [pool-112-thread-1] INFO  server.RaftServerConfigKeys (ConfUtils.java:logGet(46)) - raft.server.rpc.slowness.timeout = 300s (custom)
2022-05-26 08:02:34,223 [pool-112-thread-1] INFO  server.RaftServerConfigKeys (ConfUtils.java:logGet(46)) - raft.server.leaderelection.leader.step-down.wait-time = 10s (default)
2022-05-26 08:02:34,223 [pool-112-thread-1] INFO  server.RaftServerConfigKeys (ConfUtils.java:logGet(46)) - raft.server.sleep.deviation.threshold = 300ms (default)
2022-05-26 08:02:34,223 [pool-112-thread-1] INFO  server.RaftServer$Division (ServerState.java:<init>(107)) - f9ea974d-ae4d-4aef-b2c3-b9b1efab52be@group-A5275A0D686B: ConfigurationManager, init=-1: [f9ea974d-ae4d-4aef-b2c3-b9b1efab52be|rpc:10.1.0.14:44347|priority:1], old=null, confs=<EMPTY_MAP>
2022-05-26 08:02:34,223 [pool-112-thread-1] INFO  server.RaftServerConfigKeys (ConfUtils.java:logGet(46)) - raft.server.storage.dir = [/home/runner/work/ozone/ozone/hadoop-ozone/integration-test/target/test-dir/MiniOzoneClusterImpl-17bb6255-4ab1-443a-98be-5fd7627ecb82/datanode-0/data/ratis] (custom)
2022-05-26 08:02:34,224 [pool-112-thread-1] INFO  server.RaftServerConfigKeys (ConfUtils.java:logGet(46)) - raft.server.log.corruption.policy = EXCEPTION (default)
2022-05-26 08:02:34,224 [pool-112-thread-1] INFO  server.RaftServerConfigKeys (ConfUtils.java:logGet(46)) - raft.server.storage.free-space.min = 0MB (=0) (default)
2022-05-26 08:02:34,224 [pool-112-thread-1] INFO  storage.RaftStorageDirectory (RaftStorageDirectoryImpl.java:analyzeStorage(135)) - The storage directory /home/runner/work/ozone/ozone/hadoop-ozone/integration-test/target/test-dir/MiniOzoneClusterImpl-17bb6255-4ab1-443a-98be-5fd7627ecb82/datanode-0/data/ratis/387aaecd-3119-405b-8e0e-a5275a0d686b does not exist. Creating ...
2022-05-26 08:02:34,227 [pool-112-thread-1] INFO  storage.RaftStorageDirectory (RaftStorageDirectoryImpl.java:tryLock(230)) - Lock on /home/runner/work/ozone/ozone/hadoop-ozone/integration-test/target/test-dir/MiniOzoneClusterImpl-17bb6255-4ab1-443a-98be-5fd7627ecb82/datanode-0/data/ratis/387aaecd-3119-405b-8e0e-a5275a0d686b/in_use.lock acquired by nodename 18146@fv-az35-51
2022-05-26 08:02:34,228 [pool-112-thread-1] INFO  storage.RaftStorage (RaftStorageImpl.java:format(89)) - Storage directory /home/runner/work/ozone/ozone/hadoop-ozone/integration-test/target/test-dir/MiniOzoneClusterImpl-17bb6255-4ab1-443a-98be-5fd7627ecb82/datanode-0/data/ratis/387aaecd-3119-405b-8e0e-a5275a0d686b has been successfully formatted.
2022-05-26 08:02:34,232 [pool-112-thread-1] INFO  ratis.ContainerStateMachine (ContainerStateMachine.java:loadSnapshot(236)) - group-A5275A0D686B: The snapshot info is null. Setting the last applied indexto:(t:0, i:~)
2022-05-26 08:02:34,232 [pool-112-thread-1] INFO  server.RaftServerConfigKeys (ConfUtils.java:logGet(46)) - raft.server.notification.no-leader.timeout = 300s (custom)
2022-05-26 08:02:34,232 [pool-112-thread-1] INFO  server.RaftServerConfigKeys (ConfUtils.java:logGet(46)) - raft.server.log.use.memory = false (default)
2022-05-26 08:02:34,232 [pool-112-thread-1] INFO  server.RaftServerConfigKeys (ConfUtils.java:logGet(46)) - raft.server.log.purge.gap = 1000000 (custom)
2022-05-26 08:02:34,232 [pool-112-thread-1] INFO  server.RaftServerConfigKeys (ConfUtils.java:logGet(46)) - raft.server.log.appender.buffer.byte-limit = 33554432 (custom)
2022-05-26 08:02:34,232 [pool-112-thread-1] INFO  server.RaftServerConfigKeys (ConfUtils.java:logGet(46)) - raft.server.log.statemachine.data.read.timeout = 1000ms (default)
2022-05-26 08:02:34,233 [pool-112-thread-1] INFO  server.RaftServerConfigKeys (ConfUtils.java:logGet(46)) - raft.server.log.segment.size.max = 1048576 (custom)
2022-05-26 08:02:34,233 [pool-112-thread-1] INFO  server.RaftServerConfigKeys (ConfUtils.java:logGet(46)) - raft.server.log.segment.cache.num.max = 2 (custom)
2022-05-26 08:02:34,233 [pool-112-thread-1] INFO  server.RaftServerConfigKeys (ConfUtils.java:logGet(46)) - raft.server.log.segment.cache.size.max = 200MB (=209715200) (default)
2022-05-26 08:02:34,233 [pool-112-thread-1] INFO  segmented.SegmentedRaftLogWorker (SegmentedRaftLogWorker.java:<init>(187)) - new f9ea974d-ae4d-4aef-b2c3-b9b1efab52be@group-A5275A0D686B-SegmentedRaftLogWorker for RaftStorageImpl:Storage Directory /home/runner/work/ozone/ozone/hadoop-ozone/integration-test/target/test-dir/MiniOzoneClusterImpl-17bb6255-4ab1-443a-98be-5fd7627ecb82/datanode-0/data/ratis/387aaecd-3119-405b-8e0e-a5275a0d686b
2022-05-26 08:02:34,233 [pool-112-thread-1] INFO  server.RaftServerConfigKeys (ConfUtils.java:logGet(46)) - raft.server.log.queue.byte-limit = 4294967296 (custom)
2022-05-26 08:02:34,233 [pool-112-thread-1] INFO  server.RaftServerConfigKeys (ConfUtils.java:logGet(46)) - raft.server.log.queue.element-limit = 1024 (custom)
2022-05-26 08:02:34,233 [pool-112-thread-1] INFO  server.RaftServerConfigKeys (ConfUtils.java:logGet(46)) - raft.server.log.segment.size.max = 1048576 (custom)
2022-05-26 08:02:34,234 [pool-112-thread-1] INFO  server.RaftServerConfigKeys (ConfUtils.java:logGet(46)) - raft.server.log.preallocated.size = 16384 (custom)
2022-05-26 08:02:34,234 [pool-112-thread-1] INFO  server.RaftServerConfigKeys (ConfUtils.java:logGet(46)) - raft.server.log.force.sync.num = 128 (default)
2022-05-26 08:02:34,234 [pool-112-thread-1] INFO  server.RaftServerConfigKeys (ConfUtils.java:logGet(46)) - raft.server.log.statemachine.data.sync = true (default)
2022-05-26 08:02:34,234 [pool-112-thread-1] INFO  server.RaftServerConfigKeys (ConfUtils.java:logGet(46)) - raft.server.log.statemachine.data.sync.timeout = 10s (default)
2022-05-26 08:02:34,234 [pool-112-thread-1] INFO  server.RaftServerConfigKeys (ConfUtils.java:logGet(46)) - raft.server.log.statemachine.data.sync.timeout.retry = -1 (default)
2022-05-26 08:02:34,234 [pool-112-thread-1] INFO  server.RaftServerConfigKeys (ConfUtils.java:logGet(46)) - raft.server.log.write.buffer.size = 1048576 (custom)
2022-05-26 08:02:34,235 [pool-112-thread-1] INFO  server.RaftServerConfigKeys (ConfUtils.java:logGet(46)) - raft.server.log.unsafe-flush.enabled = false (default)
2022-05-26 08:02:34,235 [pool-112-thread-1] INFO  server.RaftServerConfigKeys (ConfUtils.java:logGet(46)) - raft.server.log.statemachine.data.caching.enabled = true (custom)
2022-05-26 08:02:34,235 [pool-112-thread-1] INFO  segmented.SegmentedRaftLogWorker (SegmentedRaftLogWorker.java:lambda$new$0(135)) - f9ea974d-ae4d-4aef-b2c3-b9b1efab52be@group-A5275A0D686B-SegmentedRaftLogWorker: flushIndex: setUnconditionally 0 -> -1
2022-05-26 08:02:34,235 [pool-112-thread-1] INFO  segmented.SegmentedRaftLogWorker (SegmentedRaftLogWorker.java:lambda$new$0(135)) - f9ea974d-ae4d-4aef-b2c3-b9b1efab52be@group-A5275A0D686B-SegmentedRaftLogWorker: safeCacheEvictIndex: setUnconditionally 0 -> -1
2022-05-26 08:02:34,241 [pool-112-thread-1] INFO  server.RaftServerConfigKeys (ConfUtils.java:logGet(46)) - raft.server.snapshot.auto.trigger.enabled = true (custom)
2022-05-26 08:02:34,241 [pool-112-thread-1] INFO  server.RaftServerConfigKeys (ConfUtils.java:logGet(46)) - raft.server.snapshot.auto.trigger.threshold = 10000 (custom)
2022-05-26 08:02:34,241 [pool-112-thread-1] INFO  server.RaftServerConfigKeys (ConfUtils.java:logGet(46)) - raft.server.snapshot.retention.file.num = 5 (custom)
2022-05-26 08:02:34,241 [pool-112-thread-1] INFO  server.RaftServerConfigKeys (ConfUtils.java:logGet(46)) - raft.server.log.purge.upto.snapshot.index = false (default)
2022-05-26 08:02:34,241 [pool-112-thread-1] INFO  server.RaftServerConfigKeys (ConfUtils.java:logGet(46)) - raft.server.retrycache.expirytime = 600000ms (custom)
2022-05-26 08:02:34,241 [pool-112-thread-1] INFO  server.RaftServerConfigKeys (ConfUtils.java:logGet(46)) - raft.server.retrycache.statistics.expirytime = 100μs (default)
2022-05-26 08:02:34,242 [pool-112-thread-1] INFO  server.RaftServerConfigKeys (ConfUtils.java:logGet(46)) - raft.server.log.appender.install.snapshot.enabled = false (custom)
2022-05-26 08:02:34,242 [pool-112-thread-1] INFO  server.RaftServerConfigKeys (ConfUtils.java:logGet(46)) - raft.server.threadpool.server.cached = true (default)
2022-05-26 08:02:34,242 [pool-112-thread-1] INFO  server.RaftServerConfigKeys (ConfUtils.java:logGet(46)) - raft.server.threadpool.server.size = 0 (default)
2022-05-26 08:02:34,242 [pool-112-thread-1] INFO  server.RaftServerConfigKeys (ConfUtils.java:logGet(46)) - raft.server.threadpool.client.cached = true (default)
2022-05-26 08:02:34,242 [pool-112-thread-1] INFO  server.RaftServerConfigKeys (ConfUtils.java:logGet(46)) - raft.server.threadpool.client.size = 0 (default)
2022-05-26 08:02:34,242 [pool-112-thread-1] INFO  server.RaftServer$Division (RaftServerImpl.java:start(310)) - f9ea974d-ae4d-4aef-b2c3-b9b1efab52be@group-A5275A0D686B: start as a follower, conf=-1: [f9ea974d-ae4d-4aef-b2c3-b9b1efab52be|rpc:10.1.0.14:44347|priority:1], old=null
2022-05-26 08:02:34,242 [pool-112-thread-1] INFO  server.RaftServer$Division (RaftServerImpl.java:setRole(299)) - f9ea974d-ae4d-4aef-b2c3-b9b1efab52be@group-A5275A0D686B: changes role from      null to FOLLOWER at term 0 for startAsFollower
2022-05-26 08:02:34,243 [pool-112-thread-1] INFO  impl.RoleInfo (RoleInfo.java:updateAndGet(139)) - f9ea974d-ae4d-4aef-b2c3-b9b1efab52be: start f9ea974d-ae4d-4aef-b2c3-b9b1efab52be@group-A5275A0D686B-FollowerState
2022-05-26 08:02:34,246 [pool-112-thread-1] INFO  util.JmxRegister (JmxRegister.java:tryRegister(44)) - Successfully registered JMX Bean with object name Ratis:service=RaftServer,group=group-A5275A0D686B,id=f9ea974d-ae4d-4aef-b2c3-b9b1efab52be
2022-05-26 08:02:34,247 [EventQueue-PipelineReportForPipelineReportHandler] INFO  pipeline.PipelineManagerImpl (PipelineManagerImpl.java:openPipeline(336)) - Pipeline Pipeline[ Id: 387aaecd-3119-405b-8e0e-a5275a0d686b, Nodes: f9ea974d-ae4d-4aef-b2c3-b9b1efab52be{ip: 10.1.0.14, host: fv-az35-51.xim1osirhgvujn4yg5hone0yza.gx.internal.cloudapp.net, ports: [REPLICATION=33351, RATIS=44347, RATIS_ADMIN=44347, RATIS_SERVER=44347, STANDALONE=44357], networkLocation: /default-rack, certSerialId: null, persistedOpState: IN_SERVICE, persistedOpStateExpiryEpochSec: 0}, ReplicationConfig: RATIS/ONE, State:ALLOCATED, leaderId:f9ea974d-ae4d-4aef-b2c3-b9b1efab52be, CreationTimestamp2022-05-26T08:02:31.241Z[Etc/UTC]] moved to OPEN state
2022-05-26 08:02:34,257 [EventQueue-OpenPipelineForHealthyPipelineSafeModeRule] INFO  safemode.SCMSafeModeManager (HealthyPipelineSafeModeRule.java:process(124)) - SCM in safe mode. Healthy pipelines reported count is 0, required healthy pipeline reported count is 1
2022-05-26 08:02:34,258 [Command processor thread] INFO  ratis.XceiverServerRatis (XceiverServerRatis.java:addGroup(765)) - Created group PipelineID=387aaecd-3119-405b-8e0e-a5275a0d686b
2022-05-26 08:02:34,259 [Command processor thread] INFO  commandhandler.CreatePipelineCommandHandler (CreatePipelineCommandHandler.java:handle(113)) - Created Pipeline RATIS ONE PipelineID=387aaecd-3119-405b-8e0e-a5275a0d686b.
2022-05-26 08:02:34,259 [Command processor thread] INFO  server.RaftServer (RaftServerProxy.java:addNew(96)) - f9ea974d-ae4d-4aef-b2c3-b9b1efab52be: addNew group-8E9638596A13:[f9ea974d-ae4d-4aef-b2c3-b9b1efab52be|rpc:10.1.0.14:44347|priority:1, 5200d88f-cd34-4757-82bd-ce9e6826133e|rpc:10.1.0.14:38169|priority:0, 92b94f51-580c-417a-a05c-41f2b10b52f6|rpc:10.1.0.14:33339|priority:0] returns group-8E9638596A13:java.util.concurrent.CompletableFuture@2b3dab4[Not completed]
2022-05-26 08:02:34,260 [pool-112-thread-1] INFO  server.RaftServer$Division (RaftServerImpl.java:<init>(190)) - f9ea974d-ae4d-4aef-b2c3-b9b1efab52be: new RaftServerImpl for group-8E9638596A13:[f9ea974d-ae4d-4aef-b2c3-b9b1efab52be|rpc:10.1.0.14:44347|priority:1, 5200d88f-cd34-4757-82bd-ce9e6826133e|rpc:10.1.0.14:38169|priority:0, 92b94f51-580c-417a-a05c-41f2b10b52f6|rpc:10.1.0.14:33339|priority:0] with ContainerStateMachine:uninitialized
2022-05-26 08:02:34,260 [pool-112-thread-1] INFO  server.RaftServerConfigKeys (ConfUtils.java:logGet(46)) - raft.server.rpc.timeout.min = 5s (custom)
2022-05-26 08:02:34,260 [pool-112-thread-1] INFO  server.RaftServerConfigKeys (ConfUtils.java:logGet(46)) - raft.server.rpc.timeout.max = 5200ms (custom)
2022-05-26 08:02:34,261 [pool-112-thread-1] INFO  server.RaftServerConfigKeys (ConfUtils.java:logGet(46)) - raft.server.rpc.sleep.time = 25ms (default)
2022-05-26 08:02:34,261 [pool-112-thread-1] INFO  server.RaftServerConfigKeys (ConfUtils.java:logGet(46)) - raft.server.rpc.slowness.timeout = 300s (custom)
2022-05-26 08:02:34,261 [pool-112-thread-1] INFO  server.RaftServerConfigKeys (ConfUtils.java:logGet(46)) - raft.server.leaderelection.leader.step-down.wait-time = 10s (default)
2022-05-26 08:02:34,261 [pool-112-thread-1] INFO  server.RaftServerConfigKeys (ConfUtils.java:logGet(46)) - raft.server.sleep.deviation.threshold = 300ms (default)
2022-05-26 08:02:34,261 [pool-112-thread-1] INFO  server.RaftServer$Division (ServerState.java:<init>(107)) - f9ea974d-ae4d-4aef-b2c3-b9b1efab52be@group-8E9638596A13: ConfigurationManager, init=-1: [f9ea974d-ae4d-4aef-b2c3-b9b1efab52be|rpc:10.1.0.14:44347|priority:1, 5200d88f-cd34-4757-82bd-ce9e6826133e|rpc:10.1.0.14:38169|priority:0, 92b94f51-580c-417a-a05c-41f2b10b52f6|rpc:10.1.0.14:33339|priority:0], old=null, confs=<EMPTY_MAP>
2022-05-26 08:02:34,261 [pool-112-thread-1] INFO  server.RaftServerConfigKeys (ConfUtils.java:logGet(46)) - raft.server.storage.dir = [/home/runner/work/ozone/ozone/hadoop-ozone/integration-test/target/test-dir/MiniOzoneClusterImpl-17bb6255-4ab1-443a-98be-5fd7627ecb82/datanode-0/data/ratis] (custom)
2022-05-26 08:02:34,261 [pool-112-thread-1] INFO  server.RaftServerConfigKeys (ConfUtils.java:logGet(46)) - raft.server.log.corruption.policy = EXCEPTION (default)
2022-05-26 08:02:34,261 [pool-112-thread-1] INFO  server.RaftServerConfigKeys (ConfUtils.java:logGet(46)) - raft.server.storage.free-space.min = 0MB (=0) (default)
2022-05-26 08:02:34,261 [pool-112-thread-1] INFO  storage.RaftStorageDirectory (RaftStorageDirectoryImpl.java:analyzeStorage(135)) - The storage directory /home/runner/work/ozone/ozone/hadoop-ozone/integration-test/target/test-dir/MiniOzoneClusterImpl-17bb6255-4ab1-443a-98be-5fd7627ecb82/datanode-0/data/ratis/bbf1a49c-f3a4-4bfa-ab8d-8e9638596a13 does not exist. Creating ...
2022-05-26 08:02:34,262 [pool-112-thread-1] INFO  storage.RaftStorageDirectory (RaftStorageDirectoryImpl.java:tryLock(230)) - Lock on /home/runner/work/ozone/ozone/hadoop-ozone/integration-test/target/test-dir/MiniOzoneClusterImpl-17bb6255-4ab1-443a-98be-5fd7627ecb82/datanode-0/data/ratis/bbf1a49c-f3a4-4bfa-ab8d-8e9638596a13/in_use.lock acquired by nodename 18146@fv-az35-51
2022-05-26 08:02:34,263 [pool-112-thread-1] INFO  storage.RaftStorage (RaftStorageImpl.java:format(89)) - Storage directory /home/runner/work/ozone/ozone/hadoop-ozone/integration-test/target/test-dir/MiniOzoneClusterImpl-17bb6255-4ab1-443a-98be-5fd7627ecb82/datanode-0/data/ratis/bbf1a49c-f3a4-4bfa-ab8d-8e9638596a13 has been successfully formatted.
2022-05-26 08:02:34,264 [pool-112-thread-1] INFO  ratis.ContainerStateMachine (ContainerStateMachine.java:loadSnapshot(236)) - group-8E9638596A13: The snapshot info is null. Setting the last applied indexto:(t:0, i:~)
2022-05-26 08:02:34,264 [pool-112-thread-1] INFO  server.RaftServerConfigKeys (ConfUtils.java:logGet(46)) - raft.server.notification.no-leader.timeout = 300s (custom)
2022-05-26 08:02:34,265 [pool-112-thread-1] INFO  server.RaftServerConfigKeys (ConfUtils.java:logGet(46)) - raft.server.log.use.memory = false (default)
2022-05-26 08:02:34,265 [pool-112-thread-1] INFO  server.RaftServerConfigKeys (ConfUtils.java:logGet(46)) - raft.server.log.purge.gap = 1000000 (custom)
2022-05-26 08:02:34,265 [pool-112-thread-1] INFO  server.RaftServerConfigKeys (ConfUtils.java:logGet(46)) - raft.server.log.appender.buffer.byte-limit = 33554432 (custom)
2022-05-26 08:02:34,265 [pool-112-thread-1] INFO  server.RaftServerConfigKeys (ConfUtils.java:logGet(46)) - raft.server.log.statemachine.data.read.timeout = 1000ms (default)
2022-05-26 08:02:34,265 [pool-112-thread-1] INFO  server.RaftServerConfigKeys (ConfUtils.java:logGet(46)) - raft.server.log.segment.size.max = 1048576 (custom)
2022-05-26 08:02:34,266 [pool-112-thread-1] INFO  server.RaftServerConfigKeys (ConfUtils.java:logGet(46)) - raft.server.log.segment.cache.num.max = 2 (custom)
2022-05-26 08:02:34,266 [pool-112-thread-1] INFO  server.RaftServerConfigKeys (ConfUtils.java:logGet(46)) - raft.server.log.segment.cache.size.max = 200MB (=209715200) (default)
2022-05-26 08:02:34,266 [pool-112-thread-1] INFO  segmented.SegmentedRaftLogWorker (SegmentedRaftLogWorker.java:<init>(187)) - new f9ea974d-ae4d-4aef-b2c3-b9b1efab52be@group-8E9638596A13-SegmentedRaftLogWorker for RaftStorageImpl:Storage Directory /home/runner/work/ozone/ozone/hadoop-ozone/integration-test/target/test-dir/MiniOzoneClusterImpl-17bb6255-4ab1-443a-98be-5fd7627ecb82/datanode-0/data/ratis/bbf1a49c-f3a4-4bfa-ab8d-8e9638596a13
2022-05-26 08:02:34,266 [pool-112-thread-1] INFO  server.RaftServerConfigKeys (ConfUtils.java:logGet(46)) - raft.server.log.queue.byte-limit = 4294967296 (custom)
2022-05-26 08:02:34,266 [pool-112-thread-1] INFO  server.RaftServerConfigKeys (ConfUtils.java:logGet(46)) - raft.server.log.queue.element-limit = 1024 (custom)
2022-05-26 08:02:34,266 [pool-112-thread-1] INFO  server.RaftServerConfigKeys (ConfUtils.java:logGet(46)) - raft.server.log.segment.size.max = 1048576 (custom)
2022-05-26 08:02:34,266 [pool-112-thread-1] INFO  server.RaftServerConfigKeys (ConfUtils.java:logGet(46)) - raft.server.log.preallocated.size = 16384 (custom)
2022-05-26 08:02:34,266 [pool-112-thread-1] INFO  server.RaftServerConfigKeys (ConfUtils.java:logGet(46)) - raft.server.log.force.sync.num = 128 (default)
2022-05-26 08:02:34,266 [pool-112-thread-1] INFO  server.RaftServerConfigKeys (ConfUtils.java:logGet(46)) - raft.server.log.statemachine.data.sync = true (default)
2022-05-26 08:02:34,266 [pool-112-thread-1] INFO  server.RaftServerConfigKeys (ConfUtils.java:logGet(46)) - raft.server.log.statemachine.data.sync.timeout = 10s (default)
2022-05-26 08:02:34,266 [pool-112-thread-1] INFO  server.RaftServerConfigKeys (ConfUtils.java:logGet(46)) - raft.server.log.statemachine.data.sync.timeout.retry = -1 (default)
2022-05-26 08:02:34,266 [pool-112-thread-1] INFO  server.RaftServerConfigKeys (ConfUtils.java:logGet(46)) - raft.server.log.write.buffer.size = 1048576 (custom)
2022-05-26 08:02:34,267 [EventQueue-OpenPipelineForHealthyPipelineSafeModeRule] INFO  safemode.SCMSafeModeManager (HealthyPipelineSafeModeRule.java:process(124)) - SCM in safe mode. Healthy pipelines reported count is 0, required healthy pipeline reported count is 1
2022-05-26 08:02:34,267 [pool-112-thread-1] INFO  server.RaftServerConfigKeys (ConfUtils.java:logGet(46)) - raft.server.log.unsafe-flush.enabled = false (default)
2022-05-26 08:02:34,267 [pool-112-thread-1] INFO  server.RaftServerConfigKeys (ConfUtils.java:logGet(46)) - raft.server.log.statemachine.data.caching.enabled = true (custom)
2022-05-26 08:02:34,267 [pool-112-thread-1] INFO  segmented.SegmentedRaftLogWorker (SegmentedRaftLogWorker.java:lambda$new$0(135)) - f9ea974d-ae4d-4aef-b2c3-b9b1efab52be@group-8E9638596A13-SegmentedRaftLogWorker: flushIndex: setUnconditionally 0 -> -1
2022-05-26 08:02:34,267 [pool-112-thread-1] INFO  segmented.SegmentedRaftLogWorker (SegmentedRaftLogWorker.java:lambda$new$0(135)) - f9ea974d-ae4d-4aef-b2c3-b9b1efab52be@group-8E9638596A13-SegmentedRaftLogWorker: safeCacheEvictIndex: setUnconditionally 0 -> -1
2022-05-26 08:02:34,272 [pool-112-thread-1] INFO  server.RaftServerConfigKeys (ConfUtils.java:logGet(46)) - raft.server.snapshot.auto.trigger.enabled = true (custom)
2022-05-26 08:02:34,274 [pool-112-thread-1] INFO  server.RaftServerConfigKeys (ConfUtils.java:logGet(46)) - raft.server.snapshot.auto.trigger.threshold = 10000 (custom)
2022-05-26 08:02:34,274 [pool-112-thread-1] INFO  server.RaftServerConfigKeys (ConfUtils.java:logGet(46)) - raft.server.snapshot.retention.file.num = 5 (custom)
2022-05-26 08:02:34,274 [pool-112-thread-1] INFO  server.RaftServerConfigKeys (ConfUtils.java:logGet(46)) - raft.server.log.purge.upto.snapshot.index = false (default)
2022-05-26 08:02:34,274 [pool-112-thread-1] INFO  server.RaftServerConfigKeys (ConfUtils.java:logGet(46)) - raft.server.retrycache.expirytime = 600000ms (custom)
2022-05-26 08:02:34,274 [pool-112-thread-1] INFO  server.RaftServerConfigKeys (ConfUtils.java:logGet(46)) - raft.server.retrycache.statistics.expirytime = 100μs (default)
2022-05-26 08:02:34,276 [pool-112-thread-1] INFO  server.RaftServerConfigKeys (ConfUtils.java:logGet(46)) - raft.server.log.appender.install.snapshot.enabled = false (custom)
2022-05-26 08:02:34,276 [pool-112-thread-1] INFO  server.RaftServerConfigKeys (ConfUtils.java:logGet(46)) - raft.server.threadpool.server.cached = true (default)
2022-05-26 08:02:34,276 [pool-112-thread-1] INFO  server.RaftServerConfigKeys (ConfUtils.java:logGet(46)) - raft.server.threadpool.server.size = 0 (default)
2022-05-26 08:02:34,277 [pool-112-thread-1] INFO  server.RaftServerConfigKeys (ConfUtils.java:logGet(46)) - raft.server.threadpool.client.cached = true (default)
2022-05-26 08:02:34,277 [pool-112-thread-1] INFO  server.RaftServerConfigKeys (ConfUtils.java:logGet(46)) - raft.server.threadpool.client.size = 0 (default)
2022-05-26 08:02:34,277 [pool-112-thread-1] INFO  server.RaftServer$Division (RaftServerImpl.java:start(310)) - f9ea974d-ae4d-4aef-b2c3-b9b1efab52be@group-8E9638596A13: start as a follower, conf=-1: [f9ea974d-ae4d-4aef-b2c3-b9b1efab52be|rpc:10.1.0.14:44347|priority:1, 5200d88f-cd34-4757-82bd-ce9e6826133e|rpc:10.1.0.14:38169|priority:0, 92b94f51-580c-417a-a05c-41f2b10b52f6|rpc:10.1.0.14:33339|priority:0], old=null
2022-05-26 08:02:34,277 [pool-112-thread-1] INFO  server.RaftServer$Division (RaftServerImpl.java:setRole(299)) - f9ea974d-ae4d-4aef-b2c3-b9b1efab52be@group-8E9638596A13: changes role from      null to FOLLOWER at term 0 for startAsFollower
2022-05-26 08:02:34,277 [pool-112-thread-1] INFO  impl.RoleInfo (RoleInfo.java:updateAndGet(139)) - f9ea974d-ae4d-4aef-b2c3-b9b1efab52be: start f9ea974d-ae4d-4aef-b2c3-b9b1efab52be@group-8E9638596A13-FollowerState
2022-05-26 08:02:34,277 [pool-112-thread-1] INFO  util.JmxRegister (JmxRegister.java:tryRegister(44)) - Successfully registered JMX Bean with object name Ratis:service=RaftServer,group=group-8E9638596A13,id=f9ea974d-ae4d-4aef-b2c3-b9b1efab52be
2022-05-26 08:02:34,279 [Command processor thread] INFO  ratis.XceiverServerRatis (XceiverServerRatis.java:addGroup(765)) - Created group PipelineID=bbf1a49c-f3a4-4bfa-ab8d-8e9638596a13
2022-05-26 08:02:34,330 [grpc-default-executor-1] INFO  server.RaftServer (RaftServerProxy.java:addNew(96)) - 5200d88f-cd34-4757-82bd-ce9e6826133e: addNew group-8E9638596A13:[f9ea974d-ae4d-4aef-b2c3-b9b1efab52be|rpc:10.1.0.14:44347|dataStream:|priority:1, 5200d88f-cd34-4757-82bd-ce9e6826133e|rpc:10.1.0.14:38169|dataStream:|priority:0, 92b94f51-580c-417a-a05c-41f2b10b52f6|rpc:10.1.0.14:33339|dataStream:|priority:0] returns group-8E9638596A13:java.util.concurrent.CompletableFuture@263b3bd8[Not completed]
2022-05-26 08:02:34,331 [pool-134-thread-1] INFO  server.RaftServer$Division (RaftServerImpl.java:<init>(190)) - 5200d88f-cd34-4757-82bd-ce9e6826133e: new RaftServerImpl for group-8E9638596A13:[f9ea974d-ae4d-4aef-b2c3-b9b1efab52be|rpc:10.1.0.14:44347|dataStream:|priority:1, 5200d88f-cd34-4757-82bd-ce9e6826133e|rpc:10.1.0.14:38169|dataStream:|priority:0, 92b94f51-580c-417a-a05c-41f2b10b52f6|rpc:10.1.0.14:33339|dataStream:|priority:0] with ContainerStateMachine:uninitialized
2022-05-26 08:02:34,331 [pool-134-thread-1] INFO  server.RaftServerConfigKeys (ConfUtils.java:logGet(46)) - raft.server.rpc.timeout.min = 5s (custom)
2022-05-26 08:02:34,331 [pool-134-thread-1] INFO  server.RaftServerConfigKeys (ConfUtils.java:logGet(46)) - raft.server.rpc.timeout.max = 5200ms (custom)
2022-05-26 08:02:34,331 [pool-134-thread-1] INFO  server.RaftServerConfigKeys (ConfUtils.java:logGet(46)) - raft.server.rpc.sleep.time = 25ms (default)
2022-05-26 08:02:34,331 [pool-134-thread-1] INFO  server.RaftServerConfigKeys (ConfUtils.java:logGet(46)) - raft.server.rpc.slowness.timeout = 300s (custom)
2022-05-26 08:02:34,331 [pool-134-thread-1] INFO  server.RaftServerConfigKeys (ConfUtils.java:logGet(46)) - raft.server.leaderelection.leader.step-down.wait-time = 10s (default)
2022-05-26 08:02:34,331 [pool-134-thread-1] INFO  server.RaftServerConfigKeys (ConfUtils.java:logGet(46)) - raft.server.sleep.deviation.threshold = 300ms (default)
2022-05-26 08:02:34,331 [pool-134-thread-1] INFO  server.RaftServer$Division (ServerState.java:<init>(107)) - 5200d88f-cd34-4757-82bd-ce9e6826133e@group-8E9638596A13: ConfigurationManager, init=-1: [f9ea974d-ae4d-4aef-b2c3-b9b1efab52be|rpc:10.1.0.14:44347|dataStream:|priority:1, 5200d88f-cd34-4757-82bd-ce9e6826133e|rpc:10.1.0.14:38169|dataStream:|priority:0, 92b94f51-580c-417a-a05c-41f2b10b52f6|rpc:10.1.0.14:33339|dataStream:|priority:0], old=null, confs=<EMPTY_MAP>
2022-05-26 08:02:34,331 [pool-134-thread-1] INFO  server.RaftServerConfigKeys (ConfUtils.java:logGet(46)) - raft.server.storage.dir = [/home/runner/work/ozone/ozone/hadoop-ozone/integration-test/target/test-dir/MiniOzoneClusterImpl-17bb6255-4ab1-443a-98be-5fd7627ecb82/datanode-1/data/ratis] (custom)
2022-05-26 08:02:34,332 [pool-134-thread-1] INFO  server.RaftServerConfigKeys (ConfUtils.java:logGet(46)) - raft.server.log.corruption.policy = EXCEPTION (default)
2022-05-26 08:02:34,332 [pool-134-thread-1] INFO  server.RaftServerConfigKeys (ConfUtils.java:logGet(46)) - raft.server.storage.free-space.min = 0MB (=0) (default)
2022-05-26 08:02:34,332 [pool-134-thread-1] INFO  storage.RaftStorageDirectory (RaftStorageDirectoryImpl.java:analyzeStorage(135)) - The storage directory /home/runner/work/ozone/ozone/hadoop-ozone/integration-test/target/test-dir/MiniOzoneClusterImpl-17bb6255-4ab1-443a-98be-5fd7627ecb82/datanode-1/data/ratis/bbf1a49c-f3a4-4bfa-ab8d-8e9638596a13 does not exist. Creating ...
2022-05-26 08:02:34,333 [pool-134-thread-1] INFO  storage.RaftStorageDirectory (RaftStorageDirectoryImpl.java:tryLock(230)) - Lock on /home/runner/work/ozone/ozone/hadoop-ozone/integration-test/target/test-dir/MiniOzoneClusterImpl-17bb6255-4ab1-443a-98be-5fd7627ecb82/datanode-1/data/ratis/bbf1a49c-f3a4-4bfa-ab8d-8e9638596a13/in_use.lock acquired by nodename 18146@fv-az35-51
2022-05-26 08:02:34,334 [pool-134-thread-1] INFO  storage.RaftStorage (RaftStorageImpl.java:format(89)) - Storage directory /home/runner/work/ozone/ozone/hadoop-ozone/integration-test/target/test-dir/MiniOzoneClusterImpl-17bb6255-4ab1-443a-98be-5fd7627ecb82/datanode-1/data/ratis/bbf1a49c-f3a4-4bfa-ab8d-8e9638596a13 has been successfully formatted.
2022-05-26 08:02:34,335 [pool-134-thread-1] INFO  ratis.ContainerStateMachine (ContainerStateMachine.java:loadSnapshot(236)) - group-8E9638596A13: The snapshot info is null. Setting the last applied indexto:(t:0, i:~)
2022-05-26 08:02:34,338 [pool-134-thread-1] INFO  server.RaftServerConfigKeys (ConfUtils.java:logGet(46)) - raft.server.notification.no-leader.timeout = 300s (custom)
2022-05-26 08:02:34,338 [pool-134-thread-1] INFO  server.RaftServerConfigKeys (ConfUtils.java:logGet(46)) - raft.server.log.use.memory = false (default)
2022-05-26 08:02:34,338 [pool-134-thread-1] INFO  server.RaftServerConfigKeys (ConfUtils.java:logGet(46)) - raft.server.log.purge.gap = 1000000 (custom)
2022-05-26 08:02:34,338 [pool-134-thread-1] INFO  server.RaftServerConfigKeys (ConfUtils.java:logGet(46)) - raft.server.log.appender.buffer.byte-limit = 33554432 (custom)
2022-05-26 08:02:34,338 [pool-134-thread-1] INFO  server.RaftServerConfigKeys (ConfUtils.java:logGet(46)) - raft.server.log.statemachine.data.read.timeout = 1000ms (default)
2022-05-26 08:02:34,338 [pool-134-thread-1] INFO  server.RaftServerConfigKeys (ConfUtils.java:logGet(46)) - raft.server.log.segment.size.max = 1048576 (custom)
2022-05-26 08:02:34,339 [pool-134-thread-1] INFO  server.RaftServerConfigKeys (ConfUtils.java:logGet(46)) - raft.server.log.segment.cache.num.max = 2 (custom)
2022-05-26 08:02:34,339 [pool-134-thread-1] INFO  server.RaftServerConfigKeys (ConfUtils.java:logGet(46)) - raft.server.log.segment.cache.size.max = 200MB (=209715200) (default)
2022-05-26 08:02:34,339 [pool-134-thread-1] INFO  segmented.SegmentedRaftLogWorker (SegmentedRaftLogWorker.java:<init>(187)) - new 5200d88f-cd34-4757-82bd-ce9e6826133e@group-8E9638596A13-SegmentedRaftLogWorker for RaftStorageImpl:Storage Directory /home/runner/work/ozone/ozone/hadoop-ozone/integration-test/target/test-dir/MiniOzoneClusterImpl-17bb6255-4ab1-443a-98be-5fd7627ecb82/datanode-1/data/ratis/bbf1a49c-f3a4-4bfa-ab8d-8e9638596a13
2022-05-26 08:02:34,339 [pool-134-thread-1] INFO  server.RaftServerConfigKeys (ConfUtils.java:logGet(46)) - raft.server.log.queue.byte-limit = 4294967296 (custom)
2022-05-26 08:02:34,339 [pool-134-thread-1] INFO  server.RaftServerConfigKeys (ConfUtils.java:logGet(46)) - raft.server.log.queue.element-limit = 1024 (custom)
2022-05-26 08:02:34,339 [pool-134-thread-1] INFO  server.RaftServerConfigKeys (ConfUtils.java:logGet(46)) - raft.server.log.segment.size.max = 1048576 (custom)
2022-05-26 08:02:34,339 [pool-134-thread-1] INFO  server.RaftServerConfigKeys (ConfUtils.java:logGet(46)) - raft.server.log.preallocated.size = 16384 (custom)
2022-05-26 08:02:34,339 [pool-134-thread-1] INFO  server.RaftServerConfigKeys (ConfUtils.java:logGet(46)) - raft.server.log.force.sync.num = 128 (default)
2022-05-26 08:02:34,339 [pool-134-thread-1] INFO  server.RaftServerConfigKeys (ConfUtils.java:logGet(46)) - raft.server.log.statemachine.data.sync = true (default)
2022-05-26 08:02:34,339 [pool-134-thread-1] INFO  server.RaftServerConfigKeys (ConfUtils.java:logGet(46)) - raft.server.log.statemachine.data.sync.timeout = 10s (default)
2022-05-26 08:02:34,339 [pool-134-thread-1] INFO  server.RaftServerConfigKeys (ConfUtils.java:logGet(46)) - raft.server.log.statemachine.data.sync.timeout.retry = -1 (default)
2022-05-26 08:02:34,340 [pool-134-thread-1] INFO  server.RaftServerConfigKeys (ConfUtils.java:logGet(46)) - raft.server.log.write.buffer.size = 1048576 (custom)
2022-05-26 08:02:34,340 [pool-134-thread-1] INFO  server.RaftServerConfigKeys (ConfUtils.java:logGet(46)) - raft.server.log.unsafe-flush.enabled = false (default)
2022-05-26 08:02:34,340 [pool-134-thread-1] INFO  server.RaftServerConfigKeys (ConfUtils.java:logGet(46)) - raft.server.log.statemachine.data.caching.enabled = true (custom)
2022-05-26 08:02:34,341 [pool-134-thread-1] INFO  segmented.SegmentedRaftLogWorker (SegmentedRaftLogWorker.java:lambda$new$0(135)) - 5200d88f-cd34-4757-82bd-ce9e6826133e@group-8E9638596A13-SegmentedRaftLogWorker: flushIndex: setUnconditionally 0 -> -1
2022-05-26 08:02:34,341 [pool-134-thread-1] INFO  segmented.SegmentedRaftLogWorker (SegmentedRaftLogWorker.java:lambda$new$0(135)) - 5200d88f-cd34-4757-82bd-ce9e6826133e@group-8E9638596A13-SegmentedRaftLogWorker: safeCacheEvictIndex: setUnconditionally 0 -> -1
2022-05-26 08:02:34,341 [pool-134-thread-1] INFO  server.RaftServerConfigKeys (ConfUtils.java:logGet(46)) - raft.server.snapshot.auto.trigger.enabled = true (custom)
2022-05-26 08:02:34,341 [pool-134-thread-1] INFO  server.RaftServerConfigKeys (ConfUtils.java:logGet(46)) - raft.server.snapshot.auto.trigger.threshold = 10000 (custom)
2022-05-26 08:02:34,341 [pool-134-thread-1] INFO  server.RaftServerConfigKeys (ConfUtils.java:logGet(46)) - raft.server.snapshot.retention.file.num = 5 (custom)
2022-05-26 08:02:34,341 [pool-134-thread-1] INFO  server.RaftServerConfigKeys (ConfUtils.java:logGet(46)) - raft.server.log.purge.upto.snapshot.index = false (default)
2022-05-26 08:02:34,341 [pool-134-thread-1] INFO  server.RaftServerConfigKeys (ConfUtils.java:logGet(46)) - raft.server.retrycache.expirytime = 600000ms (custom)
2022-05-26 08:02:34,341 [pool-134-thread-1] INFO  server.RaftServerConfigKeys (ConfUtils.java:logGet(46)) - raft.server.retrycache.statistics.expirytime = 100μs (default)
2022-05-26 08:02:34,342 [pool-134-thread-1] INFO  server.RaftServerConfigKeys (ConfUtils.java:logGet(46)) - raft.server.log.appender.install.snapshot.enabled = false (custom)
2022-05-26 08:02:34,342 [pool-134-thread-1] INFO  server.RaftServerConfigKeys (ConfUtils.java:logGet(46)) - raft.server.threadpool.server.cached = true (default)
2022-05-26 08:02:34,342 [pool-134-thread-1] INFO  server.RaftServerConfigKeys (ConfUtils.java:logGet(46)) - raft.server.threadpool.server.size = 0 (default)
2022-05-26 08:02:34,342 [pool-134-thread-1] INFO  server.RaftServerConfigKeys (ConfUtils.java:logGet(46)) - raft.server.threadpool.client.cached = true (default)
2022-05-26 08:02:34,342 [pool-134-thread-1] INFO  server.RaftServerConfigKeys (ConfUtils.java:logGet(46)) - raft.server.threadpool.client.size = 0 (default)
2022-05-26 08:02:34,342 [pool-134-thread-1] INFO  server.RaftServer$Division (RaftServerImpl.java:start(310)) - 5200d88f-cd34-4757-82bd-ce9e6826133e@group-8E9638596A13: start as a follower, conf=-1: [f9ea974d-ae4d-4aef-b2c3-b9b1efab52be|rpc:10.1.0.14:44347|dataStream:|priority:1, 5200d88f-cd34-4757-82bd-ce9e6826133e|rpc:10.1.0.14:38169|dataStream:|priority:0, 92b94f51-580c-417a-a05c-41f2b10b52f6|rpc:10.1.0.14:33339|dataStream:|priority:0], old=null
2022-05-26 08:02:34,342 [pool-134-thread-1] INFO  server.RaftServer$Division (RaftServerImpl.java:setRole(299)) - 5200d88f-cd34-4757-82bd-ce9e6826133e@group-8E9638596A13: changes role from      null to FOLLOWER at term 0 for startAsFollower
2022-05-26 08:02:34,342 [pool-134-thread-1] INFO  impl.RoleInfo (RoleInfo.java:updateAndGet(139)) - 5200d88f-cd34-4757-82bd-ce9e6826133e: start 5200d88f-cd34-4757-82bd-ce9e6826133e@group-8E9638596A13-FollowerState
2022-05-26 08:02:34,347 [pool-134-thread-1] INFO  util.JmxRegister (JmxRegister.java:tryRegister(44)) - Successfully registered JMX Bean with object name Ratis:service=RaftServer,group=group-8E9638596A13,id=5200d88f-cd34-4757-82bd-ce9e6826133e
2022-05-26 08:02:34,398 [grpc-default-executor-1] INFO  server.RaftServer (RaftServerProxy.java:addNew(96)) - 92b94f51-580c-417a-a05c-41f2b10b52f6: addNew group-8E9638596A13:[f9ea974d-ae4d-4aef-b2c3-b9b1efab52be|rpc:10.1.0.14:44347|dataStream:|priority:1, 5200d88f-cd34-4757-82bd-ce9e6826133e|rpc:10.1.0.14:38169|dataStream:|priority:0, 92b94f51-580c-417a-a05c-41f2b10b52f6|rpc:10.1.0.14:33339|dataStream:|priority:0] returns group-8E9638596A13:java.util.concurrent.CompletableFuture@5bcec492[Not completed]
2022-05-26 08:02:34,401 [pool-156-thread-1] INFO  server.RaftServer$Division (RaftServerImpl.java:<init>(190)) - 92b94f51-580c-417a-a05c-41f2b10b52f6: new RaftServerImpl for group-8E9638596A13:[f9ea974d-ae4d-4aef-b2c3-b9b1efab52be|rpc:10.1.0.14:44347|dataStream:|priority:1, 5200d88f-cd34-4757-82bd-ce9e6826133e|rpc:10.1.0.14:38169|dataStream:|priority:0, 92b94f51-580c-417a-a05c-41f2b10b52f6|rpc:10.1.0.14:33339|dataStream:|priority:0] with ContainerStateMachine:uninitialized
2022-05-26 08:02:34,401 [pool-156-thread-1] INFO  server.RaftServerConfigKeys (ConfUtils.java:logGet(46)) - raft.server.rpc.timeout.min = 5s (custom)
2022-05-26 08:02:34,401 [pool-156-thread-1] INFO  server.RaftServerConfigKeys (ConfUtils.java:logGet(46)) - raft.server.rpc.timeout.max = 5200ms (custom)
2022-05-26 08:02:34,401 [pool-156-thread-1] INFO  server.RaftServerConfigKeys (ConfUtils.java:logGet(46)) - raft.server.rpc.sleep.time = 25ms (default)
2022-05-26 08:02:34,401 [pool-156-thread-1] INFO  server.RaftServerConfigKeys (ConfUtils.java:logGet(46)) - raft.server.rpc.slowness.timeout = 300s (custom)
2022-05-26 08:02:34,401 [pool-156-thread-1] INFO  server.RaftServerConfigKeys (ConfUtils.java:logGet(46)) - raft.server.leaderelection.leader.step-down.wait-time = 10s (default)
2022-05-26 08:02:34,401 [pool-156-thread-1] INFO  server.RaftServerConfigKeys (ConfUtils.java:logGet(46)) - raft.server.sleep.deviation.threshold = 300ms (default)
2022-05-26 08:02:34,401 [pool-156-thread-1] INFO  server.RaftServer$Division (ServerState.java:<init>(107)) - 92b94f51-580c-417a-a05c-41f2b10b52f6@group-8E9638596A13: ConfigurationManager, init=-1: [f9ea974d-ae4d-4aef-b2c3-b9b1efab52be|rpc:10.1.0.14:44347|dataStream:|priority:1, 5200d88f-cd34-4757-82bd-ce9e6826133e|rpc:10.1.0.14:38169|dataStream:|priority:0, 92b94f51-580c-417a-a05c-41f2b10b52f6|rpc:10.1.0.14:33339|dataStream:|priority:0], old=null, confs=<EMPTY_MAP>
2022-05-26 08:02:34,401 [pool-156-thread-1] INFO  server.RaftServerConfigKeys (ConfUtils.java:logGet(46)) - raft.server.storage.dir = [/home/runner/work/ozone/ozone/hadoop-ozone/integration-test/target/test-dir/MiniOzoneClusterImpl-17bb6255-4ab1-443a-98be-5fd7627ecb82/datanode-2/data/ratis] (custom)
2022-05-26 08:02:34,402 [pool-156-thread-1] INFO  server.RaftServerConfigKeys (ConfUtils.java:logGet(46)) - raft.server.log.corruption.policy = EXCEPTION (default)
2022-05-26 08:02:34,402 [pool-156-thread-1] INFO  server.RaftServerConfigKeys (ConfUtils.java:logGet(46)) - raft.server.storage.free-space.min = 0MB (=0) (default)
2022-05-26 08:02:34,402 [pool-156-thread-1] INFO  storage.RaftStorageDirectory (RaftStorageDirectoryImpl.java:analyzeStorage(135)) - The storage directory /home/runner/work/ozone/ozone/hadoop-ozone/integration-test/target/test-dir/MiniOzoneClusterImpl-17bb6255-4ab1-443a-98be-5fd7627ecb82/datanode-2/data/ratis/bbf1a49c-f3a4-4bfa-ab8d-8e9638596a13 does not exist. Creating ...
2022-05-26 08:02:34,407 [pool-156-thread-1] INFO  storage.RaftStorageDirectory (RaftStorageDirectoryImpl.java:tryLock(230)) - Lock on /home/runner/work/ozone/ozone/hadoop-ozone/integration-test/target/test-dir/MiniOzoneClusterImpl-17bb6255-4ab1-443a-98be-5fd7627ecb82/datanode-2/data/ratis/bbf1a49c-f3a4-4bfa-ab8d-8e9638596a13/in_use.lock acquired by nodename 18146@fv-az35-51
2022-05-26 08:02:34,408 [pool-156-thread-1] INFO  storage.RaftStorage (RaftStorageImpl.java:format(89)) - Storage directory /home/runner/work/ozone/ozone/hadoop-ozone/integration-test/target/test-dir/MiniOzoneClusterImpl-17bb6255-4ab1-443a-98be-5fd7627ecb82/datanode-2/data/ratis/bbf1a49c-f3a4-4bfa-ab8d-8e9638596a13 has been successfully formatted.
2022-05-26 08:02:34,413 [pool-156-thread-1] INFO  ratis.ContainerStateMachine (ContainerStateMachine.java:loadSnapshot(236)) - group-8E9638596A13: The snapshot info is null. Setting the last applied indexto:(t:0, i:~)
2022-05-26 08:02:34,413 [pool-156-thread-1] INFO  server.RaftServerConfigKeys (ConfUtils.java:logGet(46)) - raft.server.notification.no-leader.timeout = 300s (custom)
2022-05-26 08:02:34,414 [pool-156-thread-1] INFO  server.RaftServerConfigKeys (ConfUtils.java:logGet(46)) - raft.server.log.use.memory = false (default)
2022-05-26 08:02:34,414 [pool-156-thread-1] INFO  server.RaftServerConfigKeys (ConfUtils.java:logGet(46)) - raft.server.log.purge.gap = 1000000 (custom)
2022-05-26 08:02:34,414 [pool-156-thread-1] INFO  server.RaftServerConfigKeys (ConfUtils.java:logGet(46)) - raft.server.log.appender.buffer.byte-limit = 33554432 (custom)
2022-05-26 08:02:34,414 [pool-156-thread-1] INFO  server.RaftServerConfigKeys (ConfUtils.java:logGet(46)) - raft.server.log.statemachine.data.read.timeout = 1000ms (default)
2022-05-26 08:02:34,414 [pool-156-thread-1] INFO  server.RaftServerConfigKeys (ConfUtils.java:logGet(46)) - raft.server.log.segment.size.max = 1048576 (custom)
2022-05-26 08:02:34,414 [pool-156-thread-1] INFO  server.RaftServerConfigKeys (ConfUtils.java:logGet(46)) - raft.server.log.segment.cache.num.max = 2 (custom)
2022-05-26 08:02:34,414 [pool-156-thread-1] INFO  server.RaftServerConfigKeys (ConfUtils.java:logGet(46)) - raft.server.log.segment.cache.size.max = 200MB (=209715200) (default)
2022-05-26 08:02:34,414 [pool-156-thread-1] INFO  segmented.SegmentedRaftLogWorker (SegmentedRaftLogWorker.java:<init>(187)) - new 92b94f51-580c-417a-a05c-41f2b10b52f6@group-8E9638596A13-SegmentedRaftLogWorker for RaftStorageImpl:Storage Directory /home/runner/work/ozone/ozone/hadoop-ozone/integration-test/target/test-dir/MiniOzoneClusterImpl-17bb6255-4ab1-443a-98be-5fd7627ecb82/datanode-2/data/ratis/bbf1a49c-f3a4-4bfa-ab8d-8e9638596a13
2022-05-26 08:02:34,414 [pool-156-thread-1] INFO  server.RaftServerConfigKeys (ConfUtils.java:logGet(46)) - raft.server.log.queue.byte-limit = 4294967296 (custom)
2022-05-26 08:02:34,414 [pool-156-thread-1] INFO  server.RaftServerConfigKeys (ConfUtils.java:logGet(46)) - raft.server.log.queue.element-limit = 1024 (custom)
2022-05-26 08:02:34,414 [pool-156-thread-1] INFO  server.RaftServerConfigKeys (ConfUtils.java:logGet(46)) - raft.server.log.segment.size.max = 1048576 (custom)
2022-05-26 08:02:34,414 [pool-156-thread-1] INFO  server.RaftServerConfigKeys (ConfUtils.java:logGet(46)) - raft.server.log.preallocated.size = 16384 (custom)
2022-05-26 08:02:34,414 [pool-156-thread-1] INFO  server.RaftServerConfigKeys (ConfUtils.java:logGet(46)) - raft.server.log.force.sync.num = 128 (default)
2022-05-26 08:02:34,414 [pool-156-thread-1] INFO  server.RaftServerConfigKeys (ConfUtils.java:logGet(46)) - raft.server.log.statemachine.data.sync = true (default)
2022-05-26 08:02:34,414 [pool-156-thread-1] INFO  server.RaftServerConfigKeys (ConfUtils.java:logGet(46)) - raft.server.log.statemachine.data.sync.timeout = 10s (default)
2022-05-26 08:02:34,415 [pool-156-thread-1] INFO  server.RaftServerConfigKeys (ConfUtils.java:logGet(46)) - raft.server.log.statemachine.data.sync.timeout.retry = -1 (default)
2022-05-26 08:02:34,415 [pool-156-thread-1] INFO  server.RaftServerConfigKeys (ConfUtils.java:logGet(46)) - raft.server.log.write.buffer.size = 1048576 (custom)
2022-05-26 08:02:34,416 [pool-156-thread-1] INFO  server.RaftServerConfigKeys (ConfUtils.java:logGet(46)) - raft.server.log.unsafe-flush.enabled = false (default)
2022-05-26 08:02:34,416 [pool-156-thread-1] INFO  server.RaftServerConfigKeys (ConfUtils.java:logGet(46)) - raft.server.log.statemachine.data.caching.enabled = true (custom)
2022-05-26 08:02:34,416 [pool-156-thread-1] INFO  segmented.SegmentedRaftLogWorker (SegmentedRaftLogWorker.java:lambda$new$0(135)) - 92b94f51-580c-417a-a05c-41f2b10b52f6@group-8E9638596A13-SegmentedRaftLogWorker: flushIndex: setUnconditionally 0 -> -1
2022-05-26 08:02:34,416 [pool-156-thread-1] INFO  segmented.SegmentedRaftLogWorker (SegmentedRaftLogWorker.java:lambda$new$0(135)) - 92b94f51-580c-417a-a05c-41f2b10b52f6@group-8E9638596A13-SegmentedRaftLogWorker: safeCacheEvictIndex: setUnconditionally 0 -> -1
2022-05-26 08:02:34,420 [pool-156-thread-1] INFO  server.RaftServerConfigKeys (ConfUtils.java:logGet(46)) - raft.server.snapshot.auto.trigger.enabled = true (custom)
2022-05-26 08:02:34,420 [pool-156-thread-1] INFO  server.RaftServerConfigKeys (ConfUtils.java:logGet(46)) - raft.server.snapshot.auto.trigger.threshold = 10000 (custom)
2022-05-26 08:02:34,420 [pool-156-thread-1] INFO  server.RaftServerConfigKeys (ConfUtils.java:logGet(46)) - raft.server.snapshot.retention.file.num = 5 (custom)
2022-05-26 08:02:34,420 [pool-156-thread-1] INFO  server.RaftServerConfigKeys (ConfUtils.java:logGet(46)) - raft.server.log.purge.upto.snapshot.index = false (default)
2022-05-26 08:02:34,420 [pool-156-thread-1] INFO  server.RaftServerConfigKeys (ConfUtils.java:logGet(46)) - raft.server.retrycache.expirytime = 600000ms (custom)
2022-05-26 08:02:34,420 [pool-156-thread-1] INFO  server.RaftServerConfigKeys (ConfUtils.java:logGet(46)) - raft.server.retrycache.statistics.expirytime = 100μs (default)
2022-05-26 08:02:34,421 [pool-156-thread-1] INFO  server.RaftServerConfigKeys (ConfUtils.java:logGet(46)) - raft.server.log.appender.install.snapshot.enabled = false (custom)
2022-05-26 08:02:34,421 [pool-156-thread-1] INFO  server.RaftServerConfigKeys (ConfUtils.java:logGet(46)) - raft.server.threadpool.server.cached = true (default)
2022-05-26 08:02:34,421 [pool-156-thread-1] INFO  server.RaftServerConfigKeys (ConfUtils.java:logGet(46)) - raft.server.threadpool.server.size = 0 (default)
2022-05-26 08:02:34,421 [pool-156-thread-1] INFO  server.RaftServerConfigKeys (ConfUtils.java:logGet(46)) - raft.server.threadpool.client.cached = true (default)
2022-05-26 08:02:34,421 [pool-156-thread-1] INFO  server.RaftServerConfigKeys (ConfUtils.java:logGet(46)) - raft.server.threadpool.client.size = 0 (default)
2022-05-26 08:02:34,421 [pool-156-thread-1] INFO  server.RaftServer$Division (RaftServerImpl.java:start(310)) - 92b94f51-580c-417a-a05c-41f2b10b52f6@group-8E9638596A13: start as a follower, conf=-1: [f9ea974d-ae4d-4aef-b2c3-b9b1efab52be|rpc:10.1.0.14:44347|dataStream:|priority:1, 5200d88f-cd34-4757-82bd-ce9e6826133e|rpc:10.1.0.14:38169|dataStream:|priority:0, 92b94f51-580c-417a-a05c-41f2b10b52f6|rpc:10.1.0.14:33339|dataStream:|priority:0], old=null
2022-05-26 08:02:34,421 [pool-156-thread-1] INFO  server.RaftServer$Division (RaftServerImpl.java:setRole(299)) - 92b94f51-580c-417a-a05c-41f2b10b52f6@group-8E9638596A13: changes role from      null to FOLLOWER at term 0 for startAsFollower
2022-05-26 08:02:34,421 [pool-156-thread-1] INFO  impl.RoleInfo (RoleInfo.java:updateAndGet(139)) - 92b94f51-580c-417a-a05c-41f2b10b52f6: start 92b94f51-580c-417a-a05c-41f2b10b52f6@group-8E9638596A13-FollowerState
2022-05-26 08:02:34,422 [pool-156-thread-1] INFO  util.JmxRegister (JmxRegister.java:tryRegister(44)) - Successfully registered JMX Bean with object name Ratis:service=RaftServer,group=group-8E9638596A13,id=92b94f51-580c-417a-a05c-41f2b10b52f6
2022-05-26 08:02:34,426 [Command processor thread] INFO  commandhandler.CreatePipelineCommandHandler (CreatePipelineCommandHandler.java:handle(113)) - Created Pipeline RATIS THREE PipelineID=bbf1a49c-f3a4-4bfa-ab8d-8e9638596a13.
2022-05-26 08:02:34,426 [Command processor thread] INFO  server.RaftServer (RaftServerProxy.java:addNew(96)) - f9ea974d-ae4d-4aef-b2c3-b9b1efab52be: addNew group-6039E75BB31B:[f9ea974d-ae4d-4aef-b2c3-b9b1efab52be|rpc:10.1.0.14:44347|priority:0, 5200d88f-cd34-4757-82bd-ce9e6826133e|rpc:10.1.0.14:38169|priority:1, 92b94f51-580c-417a-a05c-41f2b10b52f6|rpc:10.1.0.14:33339|priority:0] returns group-6039E75BB31B:java.util.concurrent.CompletableFuture@232b2c20[Not completed]
2022-05-26 08:02:34,427 [pool-112-thread-1] INFO  server.RaftServer$Division (RaftServerImpl.java:<init>(190)) - f9ea974d-ae4d-4aef-b2c3-b9b1efab52be: new RaftServerImpl for group-6039E75BB31B:[f9ea974d-ae4d-4aef-b2c3-b9b1efab52be|rpc:10.1.0.14:44347|priority:0, 5200d88f-cd34-4757-82bd-ce9e6826133e|rpc:10.1.0.14:38169|priority:1, 92b94f51-580c-417a-a05c-41f2b10b52f6|rpc:10.1.0.14:33339|priority:0] with ContainerStateMachine:uninitialized
2022-05-26 08:02:34,427 [pool-112-thread-1] INFO  server.RaftServerConfigKeys (ConfUtils.java:logGet(46)) - raft.server.rpc.timeout.min = 5s (custom)
2022-05-26 08:02:34,427 [pool-112-thread-1] INFO  server.RaftServerConfigKeys (ConfUtils.java:logGet(46)) - raft.server.rpc.timeout.max = 5200ms (custom)
2022-05-26 08:02:34,428 [pool-112-thread-1] INFO  server.RaftServerConfigKeys (ConfUtils.java:logGet(46)) - raft.server.rpc.sleep.time = 25ms (default)
2022-05-26 08:02:34,428 [pool-112-thread-1] INFO  server.RaftServerConfigKeys (ConfUtils.java:logGet(46)) - raft.server.rpc.slowness.timeout = 300s (custom)
2022-05-26 08:02:34,428 [pool-112-thread-1] INFO  server.RaftServerConfigKeys (ConfUtils.java:logGet(46)) - raft.server.leaderelection.leader.step-down.wait-time = 10s (default)
2022-05-26 08:02:34,428 [pool-112-thread-1] INFO  server.RaftServerConfigKeys (ConfUtils.java:logGet(46)) - raft.server.sleep.deviation.threshold = 300ms (default)
2022-05-26 08:02:34,428 [pool-112-thread-1] INFO  server.RaftServer$Division (ServerState.java:<init>(107)) - f9ea974d-ae4d-4aef-b2c3-b9b1efab52be@group-6039E75BB31B: ConfigurationManager, init=-1: [f9ea974d-ae4d-4aef-b2c3-b9b1efab52be|rpc:10.1.0.14:44347|priority:0, 5200d88f-cd34-4757-82bd-ce9e6826133e|rpc:10.1.0.14:38169|priority:1, 92b94f51-580c-417a-a05c-41f2b10b52f6|rpc:10.1.0.14:33339|priority:0], old=null, confs=<EMPTY_MAP>
2022-05-26 08:02:34,428 [pool-112-thread-1] INFO  server.RaftServerConfigKeys (ConfUtils.java:logGet(46)) - raft.server.storage.dir = [/home/runner/work/ozone/ozone/hadoop-ozone/integration-test/target/test-dir/MiniOzoneClusterImpl-17bb6255-4ab1-443a-98be-5fd7627ecb82/datanode-0/data/ratis] (custom)
2022-05-26 08:02:34,428 [pool-112-thread-1] INFO  server.RaftServerConfigKeys (ConfUtils.java:logGet(46)) - raft.server.log.corruption.policy = EXCEPTION (default)
2022-05-26 08:02:34,428 [pool-112-thread-1] INFO  server.RaftServerConfigKeys (ConfUtils.java:logGet(46)) - raft.server.storage.free-space.min = 0MB (=0) (default)
2022-05-26 08:02:34,428 [pool-112-thread-1] INFO  storage.RaftStorageDirectory (RaftStorageDirectoryImpl.java:analyzeStorage(135)) - The storage directory /home/runner/work/ozone/ozone/hadoop-ozone/integration-test/target/test-dir/MiniOzoneClusterImpl-17bb6255-4ab1-443a-98be-5fd7627ecb82/datanode-0/data/ratis/a555b6dc-8538-4622-abb1-6039e75bb31b does not exist. Creating ...
2022-05-26 08:02:34,429 [pool-112-thread-1] INFO  storage.RaftStorageDirectory (RaftStorageDirectoryImpl.java:tryLock(230)) - Lock on /home/runner/work/ozone/ozone/hadoop-ozone/integration-test/target/test-dir/MiniOzoneClusterImpl-17bb6255-4ab1-443a-98be-5fd7627ecb82/datanode-0/data/ratis/a555b6dc-8538-4622-abb1-6039e75bb31b/in_use.lock acquired by nodename 18146@fv-az35-51
2022-05-26 08:02:34,431 [pool-112-thread-1] INFO  storage.RaftStorage (RaftStorageImpl.java:format(89)) - Storage directory /home/runner/work/ozone/ozone/hadoop-ozone/integration-test/target/test-dir/MiniOzoneClusterImpl-17bb6255-4ab1-443a-98be-5fd7627ecb82/datanode-0/data/ratis/a555b6dc-8538-4622-abb1-6039e75bb31b has been successfully formatted.
2022-05-26 08:02:34,432 [pool-112-thread-1] INFO  ratis.ContainerStateMachine (ContainerStateMachine.java:loadSnapshot(236)) - group-6039E75BB31B: The snapshot info is null. Setting the last applied indexto:(t:0, i:~)
2022-05-26 08:02:34,432 [pool-112-thread-1] INFO  server.RaftServerConfigKeys (ConfUtils.java:logGet(46)) - raft.server.notification.no-leader.timeout = 300s (custom)
2022-05-26 08:02:34,432 [pool-112-thread-1] INFO  server.RaftServerConfigKeys (ConfUtils.java:logGet(46)) - raft.server.log.use.memory = false (default)
2022-05-26 08:02:34,432 [pool-112-thread-1] INFO  server.RaftServerConfigKeys (ConfUtils.java:logGet(46)) - raft.server.log.purge.gap = 1000000 (custom)
2022-05-26 08:02:34,432 [pool-112-thread-1] INFO  server.RaftServerConfigKeys (ConfUtils.java:logGet(46)) - raft.server.log.appender.buffer.byte-limit = 33554432 (custom)
2022-05-26 08:02:34,432 [pool-112-thread-1] INFO  server.RaftServerConfigKeys (ConfUtils.java:logGet(46)) - raft.server.log.statemachine.data.read.timeout = 1000ms (default)
2022-05-26 08:02:34,432 [pool-112-thread-1] INFO  server.RaftServerConfigKeys (ConfUtils.java:logGet(46)) - raft.server.log.segment.size.max = 1048576 (custom)
2022-05-26 08:02:34,432 [pool-112-thread-1] INFO  server.RaftServerConfigKeys (ConfUtils.java:logGet(46)) - raft.server.log.segment.cache.num.max = 2 (custom)
2022-05-26 08:02:34,434 [pool-112-thread-1] INFO  server.RaftServerConfigKeys (ConfUtils.java:logGet(46)) - raft.server.log.segment.cache.size.max = 200MB (=209715200) (default)
2022-05-26 08:02:34,434 [pool-112-thread-1] INFO  segmented.SegmentedRaftLogWorker (SegmentedRaftLogWorker.java:<init>(187)) - new f9ea974d-ae4d-4aef-b2c3-b9b1efab52be@group-6039E75BB31B-SegmentedRaftLogWorker for RaftStorageImpl:Storage Directory /home/runner/work/ozone/ozone/hadoop-ozone/integration-test/target/test-dir/MiniOzoneClusterImpl-17bb6255-4ab1-443a-98be-5fd7627ecb82/datanode-0/data/ratis/a555b6dc-8538-4622-abb1-6039e75bb31b
2022-05-26 08:02:34,434 [pool-112-thread-1] INFO  server.RaftServerConfigKeys (ConfUtils.java:logGet(46)) - raft.server.log.queue.byte-limit = 4294967296 (custom)
2022-05-26 08:02:34,434 [pool-112-thread-1] INFO  server.RaftServerConfigKeys (ConfUtils.java:logGet(46)) - raft.server.log.queue.element-limit = 1024 (custom)
2022-05-26 08:02:34,434 [pool-112-thread-1] INFO  server.RaftServerConfigKeys (ConfUtils.java:logGet(46)) - raft.server.log.segment.size.max = 1048576 (custom)
2022-05-26 08:02:34,435 [pool-112-thread-1] INFO  server.RaftServerConfigKeys (ConfUtils.java:logGet(46)) - raft.server.log.preallocated.size = 16384 (custom)
2022-05-26 08:02:34,435 [pool-112-thread-1] INFO  server.RaftServerConfigKeys (ConfUtils.java:logGet(46)) - raft.server.log.force.sync.num = 128 (default)
2022-05-26 08:02:34,435 [pool-112-thread-1] INFO  server.RaftServerConfigKeys (ConfUtils.java:logGet(46)) - raft.server.log.statemachine.data.sync = true (default)
2022-05-26 08:02:34,436 [pool-112-thread-1] INFO  server.RaftServerConfigKeys (ConfUtils.java:logGet(46)) - raft.server.log.statemachine.data.sync.timeout = 10s (default)
2022-05-26 08:02:34,436 [pool-112-thread-1] INFO  server.RaftServerConfigKeys (ConfUtils.java:logGet(46)) - raft.server.log.statemachine.data.sync.timeout.retry = -1 (default)
2022-05-26 08:02:34,437 [pool-112-thread-1] INFO  server.RaftServerConfigKeys (ConfUtils.java:logGet(46)) - raft.server.log.write.buffer.size = 1048576 (custom)
2022-05-26 08:02:34,438 [pool-112-thread-1] INFO  server.RaftServerConfigKeys (ConfUtils.java:logGet(46)) - raft.server.log.unsafe-flush.enabled = false (default)
2022-05-26 08:02:34,438 [pool-112-thread-1] INFO  server.RaftServerConfigKeys (ConfUtils.java:logGet(46)) - raft.server.log.statemachine.data.caching.enabled = true (custom)
2022-05-26 08:02:34,438 [EventQueue-OpenPipelineForHealthyPipelineSafeModeRule] INFO  safemode.SCMSafeModeManager (HealthyPipelineSafeModeRule.java:process(124)) - SCM in safe mode. Healthy pipelines reported count is 0, required healthy pipeline reported count is 1
2022-05-26 08:02:34,439 [pool-112-thread-1] INFO  segmented.SegmentedRaftLogWorker (SegmentedRaftLogWorker.java:lambda$new$0(135)) - f9ea974d-ae4d-4aef-b2c3-b9b1efab52be@group-6039E75BB31B-SegmentedRaftLogWorker: flushIndex: setUnconditionally 0 -> -1
2022-05-26 08:02:34,439 [pool-112-thread-1] INFO  segmented.SegmentedRaftLogWorker (SegmentedRaftLogWorker.java:lambda$new$0(135)) - f9ea974d-ae4d-4aef-b2c3-b9b1efab52be@group-6039E75BB31B-SegmentedRaftLogWorker: safeCacheEvictIndex: setUnconditionally 0 -> -1
2022-05-26 08:02:34,439 [pool-112-thread-1] INFO  server.RaftServerConfigKeys (ConfUtils.java:logGet(46)) - raft.server.snapshot.auto.trigger.enabled = true (custom)
2022-05-26 08:02:34,439 [pool-112-thread-1] INFO  server.RaftServerConfigKeys (ConfUtils.java:logGet(46)) - raft.server.snapshot.auto.trigger.threshold = 10000 (custom)
2022-05-26 08:02:34,439 [pool-112-thread-1] INFO  server.RaftServerConfigKeys (ConfUtils.java:logGet(46)) - raft.server.snapshot.retention.file.num = 5 (custom)
2022-05-26 08:02:34,439 [pool-112-thread-1] INFO  server.RaftServerConfigKeys (ConfUtils.java:logGet(46)) - raft.server.log.purge.upto.snapshot.index = false (default)
2022-05-26 08:02:34,439 [pool-112-thread-1] INFO  server.RaftServerConfigKeys (ConfUtils.java:logGet(46)) - raft.server.retrycache.expirytime = 600000ms (custom)
2022-05-26 08:02:34,439 [pool-112-thread-1] INFO  server.RaftServerConfigKeys (ConfUtils.java:logGet(46)) - raft.server.retrycache.statistics.expirytime = 100μs (default)
2022-05-26 08:02:34,440 [pool-112-thread-1] INFO  server.RaftServerConfigKeys (ConfUtils.java:logGet(46)) - raft.server.log.appender.install.snapshot.enabled = false (custom)
2022-05-26 08:02:34,440 [pool-112-thread-1] INFO  server.RaftServerConfigKeys (ConfUtils.java:logGet(46)) - raft.server.threadpool.server.cached = true (default)
2022-05-26 08:02:34,440 [pool-112-thread-1] INFO  server.RaftServerConfigKeys (ConfUtils.java:logGet(46)) - raft.server.threadpool.server.size = 0 (default)
2022-05-26 08:02:34,440 [pool-112-thread-1] INFO  server.RaftServerConfigKeys (ConfUtils.java:logGet(46)) - raft.server.threadpool.client.cached = true (default)
2022-05-26 08:02:34,440 [pool-112-thread-1] INFO  server.RaftServerConfigKeys (ConfUtils.java:logGet(46)) - raft.server.threadpool.client.size = 0 (default)
2022-05-26 08:02:34,440 [pool-112-thread-1] INFO  server.RaftServer$Division (RaftServerImpl.java:start(310)) - f9ea974d-ae4d-4aef-b2c3-b9b1efab52be@group-6039E75BB31B: start as a follower, conf=-1: [f9ea974d-ae4d-4aef-b2c3-b9b1efab52be|rpc:10.1.0.14:44347|priority:0, 5200d88f-cd34-4757-82bd-ce9e6826133e|rpc:10.1.0.14:38169|priority:1, 92b94f51-580c-417a-a05c-41f2b10b52f6|rpc:10.1.0.14:33339|priority:0], old=null
2022-05-26 08:02:34,440 [pool-112-thread-1] INFO  server.RaftServer$Division (RaftServerImpl.java:setRole(299)) - f9ea974d-ae4d-4aef-b2c3-b9b1efab52be@group-6039E75BB31B: changes role from      null to FOLLOWER at term 0 for startAsFollower
2022-05-26 08:02:34,440 [pool-112-thread-1] INFO  impl.RoleInfo (RoleInfo.java:updateAndGet(139)) - f9ea974d-ae4d-4aef-b2c3-b9b1efab52be: start f9ea974d-ae4d-4aef-b2c3-b9b1efab52be@group-6039E75BB31B-FollowerState
2022-05-26 08:02:34,444 [pool-112-thread-1] INFO  util.JmxRegister (JmxRegister.java:tryRegister(44)) - Successfully registered JMX Bean with object name Ratis:service=RaftServer,group=group-6039E75BB31B,id=f9ea974d-ae4d-4aef-b2c3-b9b1efab52be
2022-05-26 08:02:34,448 [Command processor thread] INFO  ratis.XceiverServerRatis (XceiverServerRatis.java:addGroup(765)) - Created group PipelineID=a555b6dc-8538-4622-abb1-6039e75bb31b
2022-05-26 08:02:34,456 [grpc-default-executor-1] INFO  server.RaftServer (RaftServerProxy.java:addNew(96)) - 92b94f51-580c-417a-a05c-41f2b10b52f6: addNew group-6039E75BB31B:[f9ea974d-ae4d-4aef-b2c3-b9b1efab52be|rpc:10.1.0.14:44347|dataStream:|priority:0, 5200d88f-cd34-4757-82bd-ce9e6826133e|rpc:10.1.0.14:38169|dataStream:|priority:1, 92b94f51-580c-417a-a05c-41f2b10b52f6|rpc:10.1.0.14:33339|dataStream:|priority:0] returns group-6039E75BB31B:java.util.concurrent.CompletableFuture@7e6fff4c[Not completed]
2022-05-26 08:02:34,457 [pool-156-thread-1] INFO  server.RaftServer$Division (RaftServerImpl.java:<init>(190)) - 92b94f51-580c-417a-a05c-41f2b10b52f6: new RaftServerImpl for group-6039E75BB31B:[f9ea974d-ae4d-4aef-b2c3-b9b1efab52be|rpc:10.1.0.14:44347|dataStream:|priority:0, 5200d88f-cd34-4757-82bd-ce9e6826133e|rpc:10.1.0.14:38169|dataStream:|priority:1, 92b94f51-580c-417a-a05c-41f2b10b52f6|rpc:10.1.0.14:33339|dataStream:|priority:0] with ContainerStateMachine:uninitialized
2022-05-26 08:02:34,457 [pool-156-thread-1] INFO  server.RaftServerConfigKeys (ConfUtils.java:logGet(46)) - raft.server.rpc.timeout.min = 5s (custom)
2022-05-26 08:02:34,457 [pool-156-thread-1] INFO  server.RaftServerConfigKeys (ConfUtils.java:logGet(46)) - raft.server.rpc.timeout.max = 5200ms (custom)
2022-05-26 08:02:34,457 [pool-156-thread-1] INFO  server.RaftServerConfigKeys (ConfUtils.java:logGet(46)) - raft.server.rpc.sleep.time = 25ms (default)
2022-05-26 08:02:34,457 [pool-156-thread-1] INFO  server.RaftServerConfigKeys (ConfUtils.java:logGet(46)) - raft.server.rpc.slowness.timeout = 300s (custom)
2022-05-26 08:02:34,457 [pool-156-thread-1] INFO  server.RaftServerConfigKeys (ConfUtils.java:logGet(46)) - raft.server.leaderelection.leader.step-down.wait-time = 10s (default)
2022-05-26 08:02:34,457 [pool-156-thread-1] INFO  server.RaftServerConfigKeys (ConfUtils.java:logGet(46)) - raft.server.sleep.deviation.threshold = 300ms (default)
2022-05-26 08:02:34,457 [pool-156-thread-1] INFO  server.RaftServer$Division (ServerState.java:<init>(107)) - 92b94f51-580c-417a-a05c-41f2b10b52f6@group-6039E75BB31B: ConfigurationManager, init=-1: [f9ea974d-ae4d-4aef-b2c3-b9b1efab52be|rpc:10.1.0.14:44347|dataStream:|priority:0, 5200d88f-cd34-4757-82bd-ce9e6826133e|rpc:10.1.0.14:38169|dataStream:|priority:1, 92b94f51-580c-417a-a05c-41f2b10b52f6|rpc:10.1.0.14:33339|dataStream:|priority:0], old=null, confs=<EMPTY_MAP>
2022-05-26 08:02:34,458 [pool-156-thread-1] INFO  server.RaftServerConfigKeys (ConfUtils.java:logGet(46)) - raft.server.storage.dir = [/home/runner/work/ozone/ozone/hadoop-ozone/integration-test/target/test-dir/MiniOzoneClusterImpl-17bb6255-4ab1-443a-98be-5fd7627ecb82/datanode-2/data/ratis] (custom)
2022-05-26 08:02:34,458 [pool-156-thread-1] INFO  server.RaftServerConfigKeys (ConfUtils.java:logGet(46)) - raft.server.log.corruption.policy = EXCEPTION (default)
2022-05-26 08:02:34,458 [pool-156-thread-1] INFO  server.RaftServerConfigKeys (ConfUtils.java:logGet(46)) - raft.server.storage.free-space.min = 0MB (=0) (default)
2022-05-26 08:02:34,458 [pool-156-thread-1] INFO  storage.RaftStorageDirectory (RaftStorageDirectoryImpl.java:analyzeStorage(135)) - The storage directory /home/runner/work/ozone/ozone/hadoop-ozone/integration-test/target/test-dir/MiniOzoneClusterImpl-17bb6255-4ab1-443a-98be-5fd7627ecb82/datanode-2/data/ratis/a555b6dc-8538-4622-abb1-6039e75bb31b does not exist. Creating ...
2022-05-26 08:02:34,459 [pool-156-thread-1] INFO  storage.RaftStorageDirectory (RaftStorageDirectoryImpl.java:tryLock(230)) - Lock on /home/runner/work/ozone/ozone/hadoop-ozone/integration-test/target/test-dir/MiniOzoneClusterImpl-17bb6255-4ab1-443a-98be-5fd7627ecb82/datanode-2/data/ratis/a555b6dc-8538-4622-abb1-6039e75bb31b/in_use.lock acquired by nodename 18146@fv-az35-51
2022-05-26 08:02:34,460 [pool-156-thread-1] INFO  storage.RaftStorage (RaftStorageImpl.java:format(89)) - Storage directory /home/runner/work/ozone/ozone/hadoop-ozone/integration-test/target/test-dir/MiniOzoneClusterImpl-17bb6255-4ab1-443a-98be-5fd7627ecb82/datanode-2/data/ratis/a555b6dc-8538-4622-abb1-6039e75bb31b has been successfully formatted.
2022-05-26 08:02:34,460 [pool-156-thread-1] INFO  ratis.ContainerStateMachine (ContainerStateMachine.java:loadSnapshot(236)) - group-6039E75BB31B: The snapshot info is null. Setting the last applied indexto:(t:0, i:~)
2022-05-26 08:02:34,461 [pool-156-thread-1] INFO  server.RaftServerConfigKeys (ConfUtils.java:logGet(46)) - raft.server.notification.no-leader.timeout = 300s (custom)
2022-05-26 08:02:34,461 [pool-156-thread-1] INFO  server.RaftServerConfigKeys (ConfUtils.java:logGet(46)) - raft.server.log.use.memory = false (default)
2022-05-26 08:02:34,461 [pool-156-thread-1] INFO  server.RaftServerConfigKeys (ConfUtils.java:logGet(46)) - raft.server.log.purge.gap = 1000000 (custom)
2022-05-26 08:02:34,461 [pool-156-thread-1] INFO  server.RaftServerConfigKeys (ConfUtils.java:logGet(46)) - raft.server.log.appender.buffer.byte-limit = 33554432 (custom)
2022-05-26 08:02:34,461 [pool-156-thread-1] INFO  server.RaftServerConfigKeys (ConfUtils.java:logGet(46)) - raft.server.log.statemachine.data.read.timeout = 1000ms (default)
2022-05-26 08:02:34,461 [pool-156-thread-1] INFO  server.RaftServerConfigKeys (ConfUtils.java:logGet(46)) - raft.server.log.segment.size.max = 1048576 (custom)
2022-05-26 08:02:34,461 [pool-156-thread-1] INFO  server.RaftServerConfigKeys (ConfUtils.java:logGet(46)) - raft.server.log.segment.cache.num.max = 2 (custom)
2022-05-26 08:02:34,461 [pool-156-thread-1] INFO  server.RaftServerConfigKeys (ConfUtils.java:logGet(46)) - raft.server.log.segment.cache.size.max = 200MB (=209715200) (default)
2022-05-26 08:02:34,461 [pool-156-thread-1] INFO  segmented.SegmentedRaftLogWorker (SegmentedRaftLogWorker.java:<init>(187)) - new 92b94f51-580c-417a-a05c-41f2b10b52f6@group-6039E75BB31B-SegmentedRaftLogWorker for RaftStorageImpl:Storage Directory /home/runner/work/ozone/ozone/hadoop-ozone/integration-test/target/test-dir/MiniOzoneClusterImpl-17bb6255-4ab1-443a-98be-5fd7627ecb82/datanode-2/data/ratis/a555b6dc-8538-4622-abb1-6039e75bb31b
2022-05-26 08:02:34,461 [pool-156-thread-1] INFO  server.RaftServerConfigKeys (ConfUtils.java:logGet(46)) - raft.server.log.queue.byte-limit = 4294967296 (custom)
2022-05-26 08:02:34,461 [pool-156-thread-1] INFO  server.RaftServerConfigKeys (ConfUtils.java:logGet(46)) - raft.server.log.queue.element-limit = 1024 (custom)
2022-05-26 08:02:34,461 [pool-156-thread-1] INFO  server.RaftServerConfigKeys (ConfUtils.java:logGet(46)) - raft.server.log.segment.size.max = 1048576 (custom)
2022-05-26 08:02:34,461 [pool-156-thread-1] INFO  server.RaftServerConfigKeys (ConfUtils.java:logGet(46)) - raft.server.log.preallocated.size = 16384 (custom)
2022-05-26 08:02:34,461 [pool-156-thread-1] INFO  server.RaftServerConfigKeys (ConfUtils.java:logGet(46)) - raft.server.log.force.sync.num = 128 (default)
2022-05-26 08:02:34,462 [pool-156-thread-1] INFO  server.RaftServerConfigKeys (ConfUtils.java:logGet(46)) - raft.server.log.statemachine.data.sync = true (default)
2022-05-26 08:02:34,462 [pool-156-thread-1] INFO  server.RaftServerConfigKeys (ConfUtils.java:logGet(46)) - raft.server.log.statemachine.data.sync.timeout = 10s (default)
2022-05-26 08:02:34,462 [pool-156-thread-1] INFO  server.RaftServerConfigKeys (ConfUtils.java:logGet(46)) - raft.server.log.statemachine.data.sync.timeout.retry = -1 (default)
2022-05-26 08:02:34,462 [pool-156-thread-1] INFO  server.RaftServerConfigKeys (ConfUtils.java:logGet(46)) - raft.server.log.write.buffer.size = 1048576 (custom)
2022-05-26 08:02:34,463 [pool-156-thread-1] INFO  server.RaftServerConfigKeys (ConfUtils.java:logGet(46)) - raft.server.log.unsafe-flush.enabled = false (default)
2022-05-26 08:02:34,463 [pool-156-thread-1] INFO  server.RaftServerConfigKeys (ConfUtils.java:logGet(46)) - raft.server.log.statemachine.data.caching.enabled = true (custom)
2022-05-26 08:02:34,463 [pool-156-thread-1] INFO  segmented.SegmentedRaftLogWorker (SegmentedRaftLogWorker.java:lambda$new$0(135)) - 92b94f51-580c-417a-a05c-41f2b10b52f6@group-6039E75BB31B-SegmentedRaftLogWorker: flushIndex: setUnconditionally 0 -> -1
2022-05-26 08:02:34,463 [pool-156-thread-1] INFO  segmented.SegmentedRaftLogWorker (SegmentedRaftLogWorker.java:lambda$new$0(135)) - 92b94f51-580c-417a-a05c-41f2b10b52f6@group-6039E75BB31B-SegmentedRaftLogWorker: safeCacheEvictIndex: setUnconditionally 0 -> -1
2022-05-26 08:02:34,463 [pool-156-thread-1] INFO  server.RaftServerConfigKeys (ConfUtils.java:logGet(46)) - raft.server.snapshot.auto.trigger.enabled = true (custom)
2022-05-26 08:02:34,463 [pool-156-thread-1] INFO  server.RaftServerConfigKeys (ConfUtils.java:logGet(46)) - raft.server.snapshot.auto.trigger.threshold = 10000 (custom)
2022-05-26 08:02:34,463 [pool-156-thread-1] INFO  server.RaftServerConfigKeys (ConfUtils.java:logGet(46)) - raft.server.snapshot.retention.file.num = 5 (custom)
2022-05-26 08:02:34,463 [pool-156-thread-1] INFO  server.RaftServerConfigKeys (ConfUtils.java:logGet(46)) - raft.server.log.purge.upto.snapshot.index = false (default)
2022-05-26 08:02:34,463 [pool-156-thread-1] INFO  server.RaftServerConfigKeys (ConfUtils.java:logGet(46)) - raft.server.retrycache.expirytime = 600000ms (custom)
2022-05-26 08:02:34,463 [pool-156-thread-1] INFO  server.RaftServerConfigKeys (ConfUtils.java:logGet(46)) - raft.server.retrycache.statistics.expirytime = 100μs (default)
2022-05-26 08:02:34,472 [pool-156-thread-1] INFO  server.RaftServerConfigKeys (ConfUtils.java:logGet(46)) - raft.server.log.appender.install.snapshot.enabled = false (custom)
2022-05-26 08:02:34,472 [pool-156-thread-1] INFO  server.RaftServerConfigKeys (ConfUtils.java:logGet(46)) - raft.server.threadpool.server.cached = true (default)
2022-05-26 08:02:34,472 [pool-156-thread-1] INFO  server.RaftServerConfigKeys (ConfUtils.java:logGet(46)) - raft.server.threadpool.server.size = 0 (default)
2022-05-26 08:02:34,472 [pool-156-thread-1] INFO  server.RaftServerConfigKeys (ConfUtils.java:logGet(46)) - raft.server.threadpool.client.cached = true (default)
2022-05-26 08:02:34,472 [pool-156-thread-1] INFO  server.RaftServerConfigKeys (ConfUtils.java:logGet(46)) - raft.server.threadpool.client.size = 0 (default)
2022-05-26 08:02:34,472 [pool-156-thread-1] INFO  server.RaftServer$Division (RaftServerImpl.java:start(310)) - 92b94f51-580c-417a-a05c-41f2b10b52f6@group-6039E75BB31B: start as a follower, conf=-1: [f9ea974d-ae4d-4aef-b2c3-b9b1efab52be|rpc:10.1.0.14:44347|dataStream:|priority:0, 5200d88f-cd34-4757-82bd-ce9e6826133e|rpc:10.1.0.14:38169|dataStream:|priority:1, 92b94f51-580c-417a-a05c-41f2b10b52f6|rpc:10.1.0.14:33339|dataStream:|priority:0], old=null
2022-05-26 08:02:34,472 [pool-156-thread-1] INFO  server.RaftServer$Division (RaftServerImpl.java:setRole(299)) - 92b94f51-580c-417a-a05c-41f2b10b52f6@group-6039E75BB31B: changes role from      null to FOLLOWER at term 0 for startAsFollower
2022-05-26 08:02:34,472 [pool-156-thread-1] INFO  impl.RoleInfo (RoleInfo.java:updateAndGet(139)) - 92b94f51-580c-417a-a05c-41f2b10b52f6: start 92b94f51-580c-417a-a05c-41f2b10b52f6@group-6039E75BB31B-FollowerState
2022-05-26 08:02:34,472 [pool-156-thread-1] INFO  util.JmxRegister (JmxRegister.java:tryRegister(44)) - Successfully registered JMX Bean with object name Ratis:service=RaftServer,group=group-6039E75BB31B,id=92b94f51-580c-417a-a05c-41f2b10b52f6
2022-05-26 08:02:34,494 [grpc-default-executor-1] INFO  server.RaftServer (RaftServerProxy.java:addNew(96)) - 5200d88f-cd34-4757-82bd-ce9e6826133e: addNew group-6039E75BB31B:[f9ea974d-ae4d-4aef-b2c3-b9b1efab52be|rpc:10.1.0.14:44347|dataStream:|priority:0, 5200d88f-cd34-4757-82bd-ce9e6826133e|rpc:10.1.0.14:38169|dataStream:|priority:1, 92b94f51-580c-417a-a05c-41f2b10b52f6|rpc:10.1.0.14:33339|dataStream:|priority:0] returns group-6039E75BB31B:java.util.concurrent.CompletableFuture@342bc8f6[Not completed]
2022-05-26 08:02:34,495 [pool-134-thread-1] INFO  server.RaftServer$Division (RaftServerImpl.java:<init>(190)) - 5200d88f-cd34-4757-82bd-ce9e6826133e: new RaftServerImpl for group-6039E75BB31B:[f9ea974d-ae4d-4aef-b2c3-b9b1efab52be|rpc:10.1.0.14:44347|dataStream:|priority:0, 5200d88f-cd34-4757-82bd-ce9e6826133e|rpc:10.1.0.14:38169|dataStream:|priority:1, 92b94f51-580c-417a-a05c-41f2b10b52f6|rpc:10.1.0.14:33339|dataStream:|priority:0] with ContainerStateMachine:uninitialized
2022-05-26 08:02:34,495 [pool-134-thread-1] INFO  server.RaftServerConfigKeys (ConfUtils.java:logGet(46)) - raft.server.rpc.timeout.min = 5s (custom)
2022-05-26 08:02:34,495 [pool-134-thread-1] INFO  server.RaftServerConfigKeys (ConfUtils.java:logGet(46)) - raft.server.rpc.timeout.max = 5200ms (custom)
2022-05-26 08:02:34,495 [pool-134-thread-1] INFO  server.RaftServerConfigKeys (ConfUtils.java:logGet(46)) - raft.server.rpc.sleep.time = 25ms (default)
2022-05-26 08:02:34,495 [pool-134-thread-1] INFO  server.RaftServerConfigKeys (ConfUtils.java:logGet(46)) - raft.server.rpc.slowness.timeout = 300s (custom)
2022-05-26 08:02:34,495 [pool-134-thread-1] INFO  server.RaftServerConfigKeys (ConfUtils.java:logGet(46)) - raft.server.leaderelection.leader.step-down.wait-time = 10s (default)
2022-05-26 08:02:34,495 [pool-134-thread-1] INFO  server.RaftServerConfigKeys (ConfUtils.java:logGet(46)) - raft.server.sleep.deviation.threshold = 300ms (default)
2022-05-26 08:02:34,495 [pool-134-thread-1] INFO  server.RaftServer$Division (ServerState.java:<init>(107)) - 5200d88f-cd34-4757-82bd-ce9e6826133e@group-6039E75BB31B: ConfigurationManager, init=-1: [f9ea974d-ae4d-4aef-b2c3-b9b1efab52be|rpc:10.1.0.14:44347|dataStream:|priority:0, 5200d88f-cd34-4757-82bd-ce9e6826133e|rpc:10.1.0.14:38169|dataStream:|priority:1, 92b94f51-580c-417a-a05c-41f2b10b52f6|rpc:10.1.0.14:33339|dataStream:|priority:0], old=null, confs=<EMPTY_MAP>
2022-05-26 08:02:34,496 [pool-134-thread-1] INFO  server.RaftServerConfigKeys (ConfUtils.java:logGet(46)) - raft.server.storage.dir = [/home/runner/work/ozone/ozone/hadoop-ozone/integration-test/target/test-dir/MiniOzoneClusterImpl-17bb6255-4ab1-443a-98be-5fd7627ecb82/datanode-1/data/ratis] (custom)
2022-05-26 08:02:34,496 [pool-134-thread-1] INFO  server.RaftServerConfigKeys (ConfUtils.java:logGet(46)) - raft.server.log.corruption.policy = EXCEPTION (default)
2022-05-26 08:02:34,496 [pool-134-thread-1] INFO  server.RaftServerConfigKeys (ConfUtils.java:logGet(46)) - raft.server.storage.free-space.min = 0MB (=0) (default)
2022-05-26 08:02:34,496 [pool-134-thread-1] INFO  storage.RaftStorageDirectory (RaftStorageDirectoryImpl.java:analyzeStorage(135)) - The storage directory /home/runner/work/ozone/ozone/hadoop-ozone/integration-test/target/test-dir/MiniOzoneClusterImpl-17bb6255-4ab1-443a-98be-5fd7627ecb82/datanode-1/data/ratis/a555b6dc-8538-4622-abb1-6039e75bb31b does not exist. Creating ...
2022-05-26 08:02:34,497 [pool-134-thread-1] INFO  storage.RaftStorageDirectory (RaftStorageDirectoryImpl.java:tryLock(230)) - Lock on /home/runner/work/ozone/ozone/hadoop-ozone/integration-test/target/test-dir/MiniOzoneClusterImpl-17bb6255-4ab1-443a-98be-5fd7627ecb82/datanode-1/data/ratis/a555b6dc-8538-4622-abb1-6039e75bb31b/in_use.lock acquired by nodename 18146@fv-az35-51
2022-05-26 08:02:34,499 [pool-134-thread-1] INFO  storage.RaftStorage (RaftStorageImpl.java:format(89)) - Storage directory /home/runner/work/ozone/ozone/hadoop-ozone/integration-test/target/test-dir/MiniOzoneClusterImpl-17bb6255-4ab1-443a-98be-5fd7627ecb82/datanode-1/data/ratis/a555b6dc-8538-4622-abb1-6039e75bb31b has been successfully formatted.
2022-05-26 08:02:34,499 [pool-134-thread-1] INFO  ratis.ContainerStateMachine (ContainerStateMachine.java:loadSnapshot(236)) - group-6039E75BB31B: The snapshot info is null. Setting the last applied indexto:(t:0, i:~)
2022-05-26 08:02:34,499 [pool-134-thread-1] INFO  server.RaftServerConfigKeys (ConfUtils.java:logGet(46)) - raft.server.notification.no-leader.timeout = 300s (custom)
2022-05-26 08:02:34,499 [pool-134-thread-1] INFO  server.RaftServerConfigKeys (ConfUtils.java:logGet(46)) - raft.server.log.use.memory = false (default)
2022-05-26 08:02:34,500 [pool-134-thread-1] INFO  server.RaftServerConfigKeys (ConfUtils.java:logGet(46)) - raft.server.log.purge.gap = 1000000 (custom)
2022-05-26 08:02:34,500 [pool-134-thread-1] INFO  server.RaftServerConfigKeys (ConfUtils.java:logGet(46)) - raft.server.log.appender.buffer.byte-limit = 33554432 (custom)
2022-05-26 08:02:34,500 [pool-134-thread-1] INFO  server.RaftServerConfigKeys (ConfUtils.java:logGet(46)) - raft.server.log.statemachine.data.read.timeout = 1000ms (default)
2022-05-26 08:02:34,500 [pool-134-thread-1] INFO  server.RaftServerConfigKeys (ConfUtils.java:logGet(46)) - raft.server.log.segment.size.max = 1048576 (custom)
2022-05-26 08:02:34,500 [pool-134-thread-1] INFO  server.RaftServerConfigKeys (ConfUtils.java:logGet(46)) - raft.server.log.segment.cache.num.max = 2 (custom)
2022-05-26 08:02:34,500 [pool-134-thread-1] INFO  server.RaftServerConfigKeys (ConfUtils.java:logGet(46)) - raft.server.log.segment.cache.size.max = 200MB (=209715200) (default)
2022-05-26 08:02:34,500 [pool-134-thread-1] INFO  segmented.SegmentedRaftLogWorker (SegmentedRaftLogWorker.java:<init>(187)) - new 5200d88f-cd34-4757-82bd-ce9e6826133e@group-6039E75BB31B-SegmentedRaftLogWorker for RaftStorageImpl:Storage Directory /home/runner/work/ozone/ozone/hadoop-ozone/integration-test/target/test-dir/MiniOzoneClusterImpl-17bb6255-4ab1-443a-98be-5fd7627ecb82/datanode-1/data/ratis/a555b6dc-8538-4622-abb1-6039e75bb31b
2022-05-26 08:02:34,500 [pool-134-thread-1] INFO  server.RaftServerConfigKeys (ConfUtils.java:logGet(46)) - raft.server.log.queue.byte-limit = 4294967296 (custom)
2022-05-26 08:02:34,500 [pool-134-thread-1] INFO  server.RaftServerConfigKeys (ConfUtils.java:logGet(46)) - raft.server.log.queue.element-limit = 1024 (custom)
2022-05-26 08:02:34,500 [pool-134-thread-1] INFO  server.RaftServerConfigKeys (ConfUtils.java:logGet(46)) - raft.server.log.segment.size.max = 1048576 (custom)
2022-05-26 08:02:34,500 [pool-134-thread-1] INFO  server.RaftServerConfigKeys (ConfUtils.java:logGet(46)) - raft.server.log.preallocated.size = 16384 (custom)
2022-05-26 08:02:34,500 [pool-134-thread-1] INFO  server.RaftServerConfigKeys (ConfUtils.java:logGet(46)) - raft.server.log.force.sync.num = 128 (default)
2022-05-26 08:02:34,500 [pool-134-thread-1] INFO  server.RaftServerConfigKeys (ConfUtils.java:logGet(46)) - raft.server.log.statemachine.data.sync = true (default)
2022-05-26 08:02:34,501 [pool-134-thread-1] INFO  server.RaftServerConfigKeys (ConfUtils.java:logGet(46)) - raft.server.log.statemachine.data.sync.timeout = 10s (default)
2022-05-26 08:02:34,501 [pool-134-thread-1] INFO  server.RaftServerConfigKeys (ConfUtils.java:logGet(46)) - raft.server.log.statemachine.data.sync.timeout.retry = -1 (default)
2022-05-26 08:02:34,501 [pool-134-thread-1] INFO  server.RaftServerConfigKeys (ConfUtils.java:logGet(46)) - raft.server.log.write.buffer.size = 1048576 (custom)
2022-05-26 08:02:34,502 [pool-134-thread-1] INFO  server.RaftServerConfigKeys (ConfUtils.java:logGet(46)) - raft.server.log.unsafe-flush.enabled = false (default)
2022-05-26 08:02:34,502 [pool-134-thread-1] INFO  server.RaftServerConfigKeys (ConfUtils.java:logGet(46)) - raft.server.log.statemachine.data.caching.enabled = true (custom)
2022-05-26 08:02:34,502 [pool-134-thread-1] INFO  segmented.SegmentedRaftLogWorker (SegmentedRaftLogWorker.java:lambda$new$0(135)) - 5200d88f-cd34-4757-82bd-ce9e6826133e@group-6039E75BB31B-SegmentedRaftLogWorker: flushIndex: setUnconditionally 0 -> -1
2022-05-26 08:02:34,502 [pool-134-thread-1] INFO  segmented.SegmentedRaftLogWorker (SegmentedRaftLogWorker.java:lambda$new$0(135)) - 5200d88f-cd34-4757-82bd-ce9e6826133e@group-6039E75BB31B-SegmentedRaftLogWorker: safeCacheEvictIndex: setUnconditionally 0 -> -1
2022-05-26 08:02:34,504 [pool-134-thread-1] INFO  server.RaftServerConfigKeys (ConfUtils.java:logGet(46)) - raft.server.snapshot.auto.trigger.enabled = true (custom)
2022-05-26 08:02:34,504 [pool-134-thread-1] INFO  server.RaftServerConfigKeys (ConfUtils.java:logGet(46)) - raft.server.snapshot.auto.trigger.threshold = 10000 (custom)
2022-05-26 08:02:34,504 [pool-134-thread-1] INFO  server.RaftServerConfigKeys (ConfUtils.java:logGet(46)) - raft.server.snapshot.retention.file.num = 5 (custom)
2022-05-26 08:02:34,504 [pool-134-thread-1] INFO  server.RaftServerConfigKeys (ConfUtils.java:logGet(46)) - raft.server.log.purge.upto.snapshot.index = false (default)
2022-05-26 08:02:34,504 [pool-134-thread-1] INFO  server.RaftServerConfigKeys (ConfUtils.java:logGet(46)) - raft.server.retrycache.expirytime = 600000ms (custom)
2022-05-26 08:02:34,504 [pool-134-thread-1] INFO  server.RaftServerConfigKeys (ConfUtils.java:logGet(46)) - raft.server.retrycache.statistics.expirytime = 100μs (default)
2022-05-26 08:02:34,505 [pool-134-thread-1] INFO  server.RaftServerConfigKeys (ConfUtils.java:logGet(46)) - raft.server.log.appender.install.snapshot.enabled = false (custom)
2022-05-26 08:02:34,505 [pool-134-thread-1] INFO  server.RaftServerConfigKeys (ConfUtils.java:logGet(46)) - raft.server.threadpool.server.cached = true (default)
2022-05-26 08:02:34,505 [pool-134-thread-1] INFO  server.RaftServerConfigKeys (ConfUtils.java:logGet(46)) - raft.server.threadpool.server.size = 0 (default)
2022-05-26 08:02:34,505 [pool-134-thread-1] INFO  server.RaftServerConfigKeys (ConfUtils.java:logGet(46)) - raft.server.threadpool.client.cached = true (default)
2022-05-26 08:02:34,505 [pool-134-thread-1] INFO  server.RaftServerConfigKeys (ConfUtils.java:logGet(46)) - raft.server.threadpool.client.size = 0 (default)
2022-05-26 08:02:34,505 [pool-134-thread-1] INFO  server.RaftServer$Division (RaftServerImpl.java:start(310)) - 5200d88f-cd34-4757-82bd-ce9e6826133e@group-6039E75BB31B: start as a follower, conf=-1: [f9ea974d-ae4d-4aef-b2c3-b9b1efab52be|rpc:10.1.0.14:44347|dataStream:|priority:0, 5200d88f-cd34-4757-82bd-ce9e6826133e|rpc:10.1.0.14:38169|dataStream:|priority:1, 92b94f51-580c-417a-a05c-41f2b10b52f6|rpc:10.1.0.14:33339|dataStream:|priority:0], old=null
2022-05-26 08:02:34,505 [pool-134-thread-1] INFO  server.RaftServer$Division (RaftServerImpl.java:setRole(299)) - 5200d88f-cd34-4757-82bd-ce9e6826133e@group-6039E75BB31B: changes role from      null to FOLLOWER at term 0 for startAsFollower
2022-05-26 08:02:34,505 [pool-134-thread-1] INFO  impl.RoleInfo (RoleInfo.java:updateAndGet(139)) - 5200d88f-cd34-4757-82bd-ce9e6826133e: start 5200d88f-cd34-4757-82bd-ce9e6826133e@group-6039E75BB31B-FollowerState
2022-05-26 08:02:34,515 [pool-134-thread-1] INFO  util.JmxRegister (JmxRegister.java:tryRegister(44)) - Successfully registered JMX Bean with object name Ratis:service=RaftServer,group=group-6039E75BB31B,id=5200d88f-cd34-4757-82bd-ce9e6826133e
2022-05-26 08:02:34,525 [Command processor thread] INFO  commandhandler.CreatePipelineCommandHandler (CreatePipelineCommandHandler.java:handle(113)) - Created Pipeline RATIS THREE PipelineID=a555b6dc-8538-4622-abb1-6039e75bb31b.
2022-05-26 08:02:34,595 [Command processor thread] INFO  server.RaftServer (RaftServerProxy.java:addNew(96)) - 5200d88f-cd34-4757-82bd-ce9e6826133e: addNew group-F1106F976ADC:[5200d88f-cd34-4757-82bd-ce9e6826133e|rpc:10.1.0.14:38169|priority:1] returns group-F1106F976ADC:java.util.concurrent.CompletableFuture@12969411[Not completed]
2022-05-26 08:02:34,597 [pool-134-thread-1] INFO  server.RaftServer$Division (RaftServerImpl.java:<init>(190)) - 5200d88f-cd34-4757-82bd-ce9e6826133e: new RaftServerImpl for group-F1106F976ADC:[5200d88f-cd34-4757-82bd-ce9e6826133e|rpc:10.1.0.14:38169|priority:1] with ContainerStateMachine:uninitialized
2022-05-26 08:02:34,597 [pool-134-thread-1] INFO  server.RaftServerConfigKeys (ConfUtils.java:logGet(46)) - raft.server.rpc.timeout.min = 5s (custom)
2022-05-26 08:02:34,597 [pool-134-thread-1] INFO  server.RaftServerConfigKeys (ConfUtils.java:logGet(46)) - raft.server.rpc.timeout.max = 5200ms (custom)
2022-05-26 08:02:34,597 [pool-134-thread-1] INFO  server.RaftServerConfigKeys (ConfUtils.java:logGet(46)) - raft.server.rpc.sleep.time = 25ms (default)
2022-05-26 08:02:34,597 [pool-134-thread-1] INFO  server.RaftServerConfigKeys (ConfUtils.java:logGet(46)) - raft.server.rpc.slowness.timeout = 300s (custom)
2022-05-26 08:02:34,597 [pool-134-thread-1] INFO  server.RaftServerConfigKeys (ConfUtils.java:logGet(46)) - raft.server.leaderelection.leader.step-down.wait-time = 10s (default)
2022-05-26 08:02:34,597 [pool-134-thread-1] INFO  server.RaftServerConfigKeys (ConfUtils.java:logGet(46)) - raft.server.sleep.deviation.threshold = 300ms (default)
2022-05-26 08:02:34,597 [pool-134-thread-1] INFO  server.RaftServer$Division (ServerState.java:<init>(107)) - 5200d88f-cd34-4757-82bd-ce9e6826133e@group-F1106F976ADC: ConfigurationManager, init=-1: [5200d88f-cd34-4757-82bd-ce9e6826133e|rpc:10.1.0.14:38169|priority:1], old=null, confs=<EMPTY_MAP>
2022-05-26 08:02:34,597 [pool-134-thread-1] INFO  server.RaftServerConfigKeys (ConfUtils.java:logGet(46)) - raft.server.storage.dir = [/home/runner/work/ozone/ozone/hadoop-ozone/integration-test/target/test-dir/MiniOzoneClusterImpl-17bb6255-4ab1-443a-98be-5fd7627ecb82/datanode-1/data/ratis] (custom)
2022-05-26 08:02:34,597 [pool-134-thread-1] INFO  server.RaftServerConfigKeys (ConfUtils.java:logGet(46)) - raft.server.log.corruption.policy = EXCEPTION (default)
2022-05-26 08:02:34,597 [pool-134-thread-1] INFO  server.RaftServerConfigKeys (ConfUtils.java:logGet(46)) - raft.server.storage.free-space.min = 0MB (=0) (default)
2022-05-26 08:02:34,597 [pool-134-thread-1] INFO  storage.RaftStorageDirectory (RaftStorageDirectoryImpl.java:analyzeStorage(135)) - The storage directory /home/runner/work/ozone/ozone/hadoop-ozone/integration-test/target/test-dir/MiniOzoneClusterImpl-17bb6255-4ab1-443a-98be-5fd7627ecb82/datanode-1/data/ratis/d56912b7-dbef-444c-bf41-f1106f976adc does not exist. Creating ...
2022-05-26 08:02:34,599 [pool-134-thread-1] INFO  storage.RaftStorageDirectory (RaftStorageDirectoryImpl.java:tryLock(230)) - Lock on /home/runner/work/ozone/ozone/hadoop-ozone/integration-test/target/test-dir/MiniOzoneClusterImpl-17bb6255-4ab1-443a-98be-5fd7627ecb82/datanode-1/data/ratis/d56912b7-dbef-444c-bf41-f1106f976adc/in_use.lock acquired by nodename 18146@fv-az35-51
2022-05-26 08:02:34,600 [pool-134-thread-1] INFO  storage.RaftStorage (RaftStorageImpl.java:format(89)) - Storage directory /home/runner/work/ozone/ozone/hadoop-ozone/integration-test/target/test-dir/MiniOzoneClusterImpl-17bb6255-4ab1-443a-98be-5fd7627ecb82/datanode-1/data/ratis/d56912b7-dbef-444c-bf41-f1106f976adc has been successfully formatted.
2022-05-26 08:02:34,600 [pool-134-thread-1] INFO  ratis.ContainerStateMachine (ContainerStateMachine.java:loadSnapshot(236)) - group-F1106F976ADC: The snapshot info is null. Setting the last applied indexto:(t:0, i:~)
2022-05-26 08:02:34,600 [pool-134-thread-1] INFO  server.RaftServerConfigKeys (ConfUtils.java:logGet(46)) - raft.server.notification.no-leader.timeout = 300s (custom)
2022-05-26 08:02:34,600 [pool-134-thread-1] INFO  server.RaftServerConfigKeys (ConfUtils.java:logGet(46)) - raft.server.log.use.memory = false (default)
2022-05-26 08:02:34,600 [pool-134-thread-1] INFO  server.RaftServerConfigKeys (ConfUtils.java:logGet(46)) - raft.server.log.purge.gap = 1000000 (custom)
2022-05-26 08:02:34,600 [pool-134-thread-1] INFO  server.RaftServerConfigKeys (ConfUtils.java:logGet(46)) - raft.server.log.appender.buffer.byte-limit = 33554432 (custom)
2022-05-26 08:02:34,600 [pool-134-thread-1] INFO  server.RaftServerConfigKeys (ConfUtils.java:logGet(46)) - raft.server.log.statemachine.data.read.timeout = 1000ms (default)
2022-05-26 08:02:34,602 [pool-134-thread-1] INFO  server.RaftServerConfigKeys (ConfUtils.java:logGet(46)) - raft.server.log.segment.size.max = 1048576 (custom)
2022-05-26 08:02:34,602 [pool-134-thread-1] INFO  server.RaftServerConfigKeys (ConfUtils.java:logGet(46)) - raft.server.log.segment.cache.num.max = 2 (custom)
2022-05-26 08:02:34,602 [pool-134-thread-1] INFO  server.RaftServerConfigKeys (ConfUtils.java:logGet(46)) - raft.server.log.segment.cache.size.max = 200MB (=209715200) (default)
2022-05-26 08:02:34,602 [pool-134-thread-1] INFO  segmented.SegmentedRaftLogWorker (SegmentedRaftLogWorker.java:<init>(187)) - new 5200d88f-cd34-4757-82bd-ce9e6826133e@group-F1106F976ADC-SegmentedRaftLogWorker for RaftStorageImpl:Storage Directory /home/runner/work/ozone/ozone/hadoop-ozone/integration-test/target/test-dir/MiniOzoneClusterImpl-17bb6255-4ab1-443a-98be-5fd7627ecb82/datanode-1/data/ratis/d56912b7-dbef-444c-bf41-f1106f976adc
2022-05-26 08:02:34,603 [pool-134-thread-1] INFO  server.RaftServerConfigKeys (ConfUtils.java:logGet(46)) - raft.server.log.queue.byte-limit = 4294967296 (custom)
2022-05-26 08:02:34,603 [pool-134-thread-1] INFO  server.RaftServerConfigKeys (ConfUtils.java:logGet(46)) - raft.server.log.queue.element-limit = 1024 (custom)
2022-05-26 08:02:34,603 [pool-134-thread-1] INFO  server.RaftServerConfigKeys (ConfUtils.java:logGet(46)) - raft.server.log.segment.size.max = 1048576 (custom)
2022-05-26 08:02:34,603 [pool-134-thread-1] INFO  server.RaftServerConfigKeys (ConfUtils.java:logGet(46)) - raft.server.log.preallocated.size = 16384 (custom)
2022-05-26 08:02:34,603 [pool-134-thread-1] INFO  server.RaftServerConfigKeys (ConfUtils.java:logGet(46)) - raft.server.log.force.sync.num = 128 (default)
2022-05-26 08:02:34,603 [pool-134-thread-1] INFO  server.RaftServerConfigKeys (ConfUtils.java:logGet(46)) - raft.server.log.statemachine.data.sync = true (default)
2022-05-26 08:02:34,603 [pool-134-thread-1] INFO  server.RaftServerConfigKeys (ConfUtils.java:logGet(46)) - raft.server.log.statemachine.data.sync.timeout = 10s (default)
2022-05-26 08:02:34,603 [pool-134-thread-1] INFO  server.RaftServerConfigKeys (ConfUtils.java:logGet(46)) - raft.server.log.statemachine.data.sync.timeout.retry = -1 (default)
2022-05-26 08:02:34,603 [pool-134-thread-1] INFO  server.RaftServerConfigKeys (ConfUtils.java:logGet(46)) - raft.server.log.write.buffer.size = 1048576 (custom)
2022-05-26 08:02:34,604 [pool-134-thread-1] INFO  server.RaftServerConfigKeys (ConfUtils.java:logGet(46)) - raft.server.log.unsafe-flush.enabled = false (default)
2022-05-26 08:02:34,606 [pool-134-thread-1] INFO  server.RaftServerConfigKeys (ConfUtils.java:logGet(46)) - raft.server.log.statemachine.data.caching.enabled = true (custom)
2022-05-26 08:02:34,606 [EventQueue-PipelineReportForPipelineReportHandler] INFO  pipeline.PipelineManagerImpl (PipelineManagerImpl.java:openPipeline(336)) - Pipeline Pipeline[ Id: d56912b7-dbef-444c-bf41-f1106f976adc, Nodes: 5200d88f-cd34-4757-82bd-ce9e6826133e{ip: 10.1.0.14, host: fv-az35-51.xim1osirhgvujn4yg5hone0yza.gx.internal.cloudapp.net, ports: [REPLICATION=33223, RATIS=38169, RATIS_ADMIN=38169, RATIS_SERVER=38169, STANDALONE=34933], networkLocation: /default-rack, certSerialId: null, persistedOpState: IN_SERVICE, persistedOpStateExpiryEpochSec: 0}, ReplicationConfig: RATIS/ONE, State:ALLOCATED, leaderId:5200d88f-cd34-4757-82bd-ce9e6826133e, CreationTimestamp2022-05-26T08:02:31.600Z[Etc/UTC]] moved to OPEN state
2022-05-26 08:02:34,606 [EventQueue-OpenPipelineForHealthyPipelineSafeModeRule] INFO  safemode.SCMSafeModeManager (HealthyPipelineSafeModeRule.java:process(124)) - SCM in safe mode. Healthy pipelines reported count is 0, required healthy pipeline reported count is 1
2022-05-26 08:02:34,606 [pool-134-thread-1] INFO  segmented.SegmentedRaftLogWorker (SegmentedRaftLogWorker.java:lambda$new$0(135)) - 5200d88f-cd34-4757-82bd-ce9e6826133e@group-F1106F976ADC-SegmentedRaftLogWorker: flushIndex: setUnconditionally 0 -> -1
2022-05-26 08:02:34,607 [pool-134-thread-1] INFO  segmented.SegmentedRaftLogWorker (SegmentedRaftLogWorker.java:lambda$new$0(135)) - 5200d88f-cd34-4757-82bd-ce9e6826133e@group-F1106F976ADC-SegmentedRaftLogWorker: safeCacheEvictIndex: setUnconditionally 0 -> -1
2022-05-26 08:02:34,607 [pool-134-thread-1] INFO  server.RaftServerConfigKeys (ConfUtils.java:logGet(46)) - raft.server.snapshot.auto.trigger.enabled = true (custom)
2022-05-26 08:02:34,607 [pool-134-thread-1] INFO  server.RaftServerConfigKeys (ConfUtils.java:logGet(46)) - raft.server.snapshot.auto.trigger.threshold = 10000 (custom)
2022-05-26 08:02:34,607 [pool-134-thread-1] INFO  server.RaftServerConfigKeys (ConfUtils.java:logGet(46)) - raft.server.snapshot.retention.file.num = 5 (custom)
2022-05-26 08:02:34,607 [pool-134-thread-1] INFO  server.RaftServerConfigKeys (ConfUtils.java:logGet(46)) - raft.server.log.purge.upto.snapshot.index = false (default)
2022-05-26 08:02:34,607 [pool-134-thread-1] INFO  server.RaftServerConfigKeys (ConfUtils.java:logGet(46)) - raft.server.retrycache.expirytime = 600000ms (custom)
2022-05-26 08:02:34,607 [pool-134-thread-1] INFO  server.RaftServerConfigKeys (ConfUtils.java:logGet(46)) - raft.server.retrycache.statistics.expirytime = 100μs (default)
2022-05-26 08:02:34,608 [pool-134-thread-1] INFO  server.RaftServerConfigKeys (ConfUtils.java:logGet(46)) - raft.server.log.appender.install.snapshot.enabled = false (custom)
2022-05-26 08:02:34,608 [pool-134-thread-1] INFO  server.RaftServerConfigKeys (ConfUtils.java:logGet(46)) - raft.server.threadpool.server.cached = true (default)
2022-05-26 08:02:34,608 [pool-134-thread-1] INFO  server.RaftServerConfigKeys (ConfUtils.java:logGet(46)) - raft.server.threadpool.server.size = 0 (default)
2022-05-26 08:02:34,608 [pool-134-thread-1] INFO  server.RaftServerConfigKeys (ConfUtils.java:logGet(46)) - raft.server.threadpool.client.cached = true (default)
2022-05-26 08:02:34,608 [pool-134-thread-1] INFO  server.RaftServerConfigKeys (ConfUtils.java:logGet(46)) - raft.server.threadpool.client.size = 0 (default)
2022-05-26 08:02:34,608 [pool-134-thread-1] INFO  server.RaftServer$Division (RaftServerImpl.java:start(310)) - 5200d88f-cd34-4757-82bd-ce9e6826133e@group-F1106F976ADC: start as a follower, conf=-1: [5200d88f-cd34-4757-82bd-ce9e6826133e|rpc:10.1.0.14:38169|priority:1], old=null
2022-05-26 08:02:34,608 [pool-134-thread-1] INFO  server.RaftServer$Division (RaftServerImpl.java:setRole(299)) - 5200d88f-cd34-4757-82bd-ce9e6826133e@group-F1106F976ADC: changes role from      null to FOLLOWER at term 0 for startAsFollower
2022-05-26 08:02:34,608 [pool-134-thread-1] INFO  impl.RoleInfo (RoleInfo.java:updateAndGet(139)) - 5200d88f-cd34-4757-82bd-ce9e6826133e: start 5200d88f-cd34-4757-82bd-ce9e6826133e@group-F1106F976ADC-FollowerState
2022-05-26 08:02:34,609 [pool-134-thread-1] INFO  util.JmxRegister (JmxRegister.java:tryRegister(44)) - Successfully registered JMX Bean with object name Ratis:service=RaftServer,group=group-F1106F976ADC,id=5200d88f-cd34-4757-82bd-ce9e6826133e
2022-05-26 08:02:34,609 [Command processor thread] INFO  ratis.XceiverServerRatis (XceiverServerRatis.java:addGroup(765)) - Created group PipelineID=d56912b7-dbef-444c-bf41-f1106f976adc
2022-05-26 08:02:34,609 [Command processor thread] INFO  commandhandler.CreatePipelineCommandHandler (CreatePipelineCommandHandler.java:handle(113)) - Created Pipeline RATIS ONE PipelineID=d56912b7-dbef-444c-bf41-f1106f976adc.
2022-05-26 08:02:34,873 [Listener at 127.0.0.1/46875] INFO  ozone.MiniOzoneClusterImpl (MiniOzoneClusterImpl.java:lambda$waitForClusterToBeReady$0(221)) - Nodes are ready. Got 3 of 3 DN Heartbeats.
2022-05-26 08:02:34,874 [Listener at 127.0.0.1/46875] INFO  ozone.MiniOzoneClusterImpl (MiniOzoneClusterImpl.java:lambda$waitForClusterToBeReady$0(224)) - Waiting for cluster to exit safe mode
2022-05-26 08:02:34,874 [Listener at 127.0.0.1/46875] INFO  ozone.MiniOzoneClusterImpl (MiniOzoneClusterImpl.java:lambda$waitForClusterToBeReady$0(226)) - SCM became leader
2022-05-26 08:02:34,874 [Command processor thread] INFO  server.RaftServer (RaftServerProxy.java:addNew(96)) - 92b94f51-580c-417a-a05c-41f2b10b52f6: addNew group-2CD5BFE92DFC:[92b94f51-580c-417a-a05c-41f2b10b52f6|rpc:10.1.0.14:33339|priority:1] returns group-2CD5BFE92DFC:java.util.concurrent.CompletableFuture@5bc5d343[Not completed]
2022-05-26 08:02:34,875 [pool-156-thread-1] INFO  server.RaftServer$Division (RaftServerImpl.java:<init>(190)) - 92b94f51-580c-417a-a05c-41f2b10b52f6: new RaftServerImpl for group-2CD5BFE92DFC:[92b94f51-580c-417a-a05c-41f2b10b52f6|rpc:10.1.0.14:33339|priority:1] with ContainerStateMachine:uninitialized
2022-05-26 08:02:34,876 [pool-156-thread-1] INFO  server.RaftServerConfigKeys (ConfUtils.java:logGet(46)) - raft.server.rpc.timeout.min = 5s (custom)
2022-05-26 08:02:34,876 [pool-156-thread-1] INFO  server.RaftServerConfigKeys (ConfUtils.java:logGet(46)) - raft.server.rpc.timeout.max = 5200ms (custom)
2022-05-26 08:02:34,876 [pool-156-thread-1] INFO  server.RaftServerConfigKeys (ConfUtils.java:logGet(46)) - raft.server.rpc.sleep.time = 25ms (default)
2022-05-26 08:02:34,876 [pool-156-thread-1] INFO  server.RaftServerConfigKeys (ConfUtils.java:logGet(46)) - raft.server.rpc.slowness.timeout = 300s (custom)
2022-05-26 08:02:34,876 [pool-156-thread-1] INFO  server.RaftServerConfigKeys (ConfUtils.java:logGet(46)) - raft.server.leaderelection.leader.step-down.wait-time = 10s (default)
2022-05-26 08:02:34,876 [pool-156-thread-1] INFO  server.RaftServerConfigKeys (ConfUtils.java:logGet(46)) - raft.server.sleep.deviation.threshold = 300ms (default)
2022-05-26 08:02:34,876 [pool-156-thread-1] INFO  server.RaftServer$Division (ServerState.java:<init>(107)) - 92b94f51-580c-417a-a05c-41f2b10b52f6@group-2CD5BFE92DFC: ConfigurationManager, init=-1: [92b94f51-580c-417a-a05c-41f2b10b52f6|rpc:10.1.0.14:33339|priority:1], old=null, confs=<EMPTY_MAP>
2022-05-26 08:02:34,876 [pool-156-thread-1] INFO  server.RaftServerConfigKeys (ConfUtils.java:logGet(46)) - raft.server.storage.dir = [/home/runner/work/ozone/ozone/hadoop-ozone/integration-test/target/test-dir/MiniOzoneClusterImpl-17bb6255-4ab1-443a-98be-5fd7627ecb82/datanode-2/data/ratis] (custom)
2022-05-26 08:02:34,876 [pool-156-thread-1] INFO  server.RaftServerConfigKeys (ConfUtils.java:logGet(46)) - raft.server.log.corruption.policy = EXCEPTION (default)
2022-05-26 08:02:34,876 [pool-156-thread-1] INFO  server.RaftServerConfigKeys (ConfUtils.java:logGet(46)) - raft.server.storage.free-space.min = 0MB (=0) (default)
2022-05-26 08:02:34,876 [pool-156-thread-1] INFO  storage.RaftStorageDirectory (RaftStorageDirectoryImpl.java:analyzeStorage(135)) - The storage directory /home/runner/work/ozone/ozone/hadoop-ozone/integration-test/target/test-dir/MiniOzoneClusterImpl-17bb6255-4ab1-443a-98be-5fd7627ecb82/datanode-2/data/ratis/655ac37a-56f4-425d-8a11-2cd5bfe92dfc does not exist. Creating ...
2022-05-26 08:02:34,878 [pool-156-thread-1] INFO  storage.RaftStorageDirectory (RaftStorageDirectoryImpl.java:tryLock(230)) - Lock on /home/runner/work/ozone/ozone/hadoop-ozone/integration-test/target/test-dir/MiniOzoneClusterImpl-17bb6255-4ab1-443a-98be-5fd7627ecb82/datanode-2/data/ratis/655ac37a-56f4-425d-8a11-2cd5bfe92dfc/in_use.lock acquired by nodename 18146@fv-az35-51
2022-05-26 08:02:34,879 [pool-156-thread-1] INFO  storage.RaftStorage (RaftStorageImpl.java:format(89)) - Storage directory /home/runner/work/ozone/ozone/hadoop-ozone/integration-test/target/test-dir/MiniOzoneClusterImpl-17bb6255-4ab1-443a-98be-5fd7627ecb82/datanode-2/data/ratis/655ac37a-56f4-425d-8a11-2cd5bfe92dfc has been successfully formatted.
2022-05-26 08:02:34,879 [pool-156-thread-1] INFO  ratis.ContainerStateMachine (ContainerStateMachine.java:loadSnapshot(236)) - group-2CD5BFE92DFC: The snapshot info is null. Setting the last applied indexto:(t:0, i:~)
2022-05-26 08:02:34,880 [pool-156-thread-1] INFO  server.RaftServerConfigKeys (ConfUtils.java:logGet(46)) - raft.server.notification.no-leader.timeout = 300s (custom)
2022-05-26 08:02:34,880 [pool-156-thread-1] INFO  server.RaftServerConfigKeys (ConfUtils.java:logGet(46)) - raft.server.log.use.memory = false (default)
2022-05-26 08:02:34,880 [pool-156-thread-1] INFO  server.RaftServerConfigKeys (ConfUtils.java:logGet(46)) - raft.server.log.purge.gap = 1000000 (custom)
2022-05-26 08:02:34,880 [pool-156-thread-1] INFO  server.RaftServerConfigKeys (ConfUtils.java:logGet(46)) - raft.server.log.appender.buffer.byte-limit = 33554432 (custom)
2022-05-26 08:02:34,881 [pool-156-thread-1] INFO  server.RaftServerConfigKeys (ConfUtils.java:logGet(46)) - raft.server.log.statemachine.data.read.timeout = 1000ms (default)
2022-05-26 08:02:34,881 [pool-156-thread-1] INFO  server.RaftServerConfigKeys (ConfUtils.java:logGet(46)) - raft.server.log.segment.size.max = 1048576 (custom)
2022-05-26 08:02:34,881 [pool-156-thread-1] INFO  server.RaftServerConfigKeys (ConfUtils.java:logGet(46)) - raft.server.log.segment.cache.num.max = 2 (custom)
2022-05-26 08:02:34,882 [pool-156-thread-1] INFO  server.RaftServerConfigKeys (ConfUtils.java:logGet(46)) - raft.server.log.segment.cache.size.max = 200MB (=209715200) (default)
2022-05-26 08:02:34,882 [pool-156-thread-1] INFO  segmented.SegmentedRaftLogWorker (SegmentedRaftLogWorker.java:<init>(187)) - new 92b94f51-580c-417a-a05c-41f2b10b52f6@group-2CD5BFE92DFC-SegmentedRaftLogWorker for RaftStorageImpl:Storage Directory /home/runner/work/ozone/ozone/hadoop-ozone/integration-test/target/test-dir/MiniOzoneClusterImpl-17bb6255-4ab1-443a-98be-5fd7627ecb82/datanode-2/data/ratis/655ac37a-56f4-425d-8a11-2cd5bfe92dfc
2022-05-26 08:02:34,883 [EventQueue-PipelineReportForPipelineReportHandler] INFO  pipeline.PipelineManagerImpl (PipelineManagerImpl.java:openPipeline(336)) - Pipeline Pipeline[ Id: 655ac37a-56f4-425d-8a11-2cd5bfe92dfc, Nodes: 92b94f51-580c-417a-a05c-41f2b10b52f6{ip: 10.1.0.14, host: fv-az35-51.xim1osirhgvujn4yg5hone0yza.gx.internal.cloudapp.net, ports: [REPLICATION=42285, RATIS=33339, RATIS_ADMIN=33339, RATIS_SERVER=33339, STANDALONE=40211], networkLocation: /default-rack, certSerialId: null, persistedOpState: IN_SERVICE, persistedOpStateExpiryEpochSec: 0}, ReplicationConfig: RATIS/ONE, State:ALLOCATED, leaderId:92b94f51-580c-417a-a05c-41f2b10b52f6, CreationTimestamp2022-05-26T08:02:31.877Z[Etc/UTC]] moved to OPEN state
2022-05-26 08:02:34,883 [EventQueue-OpenPipelineForHealthyPipelineSafeModeRule] INFO  safemode.SCMSafeModeManager (HealthyPipelineSafeModeRule.java:process(124)) - SCM in safe mode. Healthy pipelines reported count is 0, required healthy pipeline reported count is 1
2022-05-26 08:02:34,884 [pool-156-thread-1] INFO  server.RaftServerConfigKeys (ConfUtils.java:logGet(46)) - raft.server.log.queue.byte-limit = 4294967296 (custom)
2022-05-26 08:02:34,884 [pool-156-thread-1] INFO  server.RaftServerConfigKeys (ConfUtils.java:logGet(46)) - raft.server.log.queue.element-limit = 1024 (custom)
2022-05-26 08:02:34,884 [pool-156-thread-1] INFO  server.RaftServerConfigKeys (ConfUtils.java:logGet(46)) - raft.server.log.segment.size.max = 1048576 (custom)
2022-05-26 08:02:34,884 [pool-156-thread-1] INFO  server.RaftServerConfigKeys (ConfUtils.java:logGet(46)) - raft.server.log.preallocated.size = 16384 (custom)
2022-05-26 08:02:34,884 [pool-156-thread-1] INFO  server.RaftServerConfigKeys (ConfUtils.java:logGet(46)) - raft.server.log.force.sync.num = 128 (default)
2022-05-26 08:02:34,885 [pool-156-thread-1] INFO  server.RaftServerConfigKeys (ConfUtils.java:logGet(46)) - raft.server.log.statemachine.data.sync = true (default)
2022-05-26 08:02:34,885 [pool-156-thread-1] INFO  server.RaftServerConfigKeys (ConfUtils.java:logGet(46)) - raft.server.log.statemachine.data.sync.timeout = 10s (default)
2022-05-26 08:02:34,885 [pool-156-thread-1] INFO  server.RaftServerConfigKeys (ConfUtils.java:logGet(46)) - raft.server.log.statemachine.data.sync.timeout.retry = -1 (default)
2022-05-26 08:02:34,888 [pool-156-thread-1] INFO  server.RaftServerConfigKeys (ConfUtils.java:logGet(46)) - raft.server.log.write.buffer.size = 1048576 (custom)
2022-05-26 08:02:34,889 [pool-156-thread-1] INFO  server.RaftServerConfigKeys (ConfUtils.java:logGet(46)) - raft.server.log.unsafe-flush.enabled = false (default)
2022-05-26 08:02:34,892 [pool-156-thread-1] INFO  server.RaftServerConfigKeys (ConfUtils.java:logGet(46)) - raft.server.log.statemachine.data.caching.enabled = true (custom)
2022-05-26 08:02:34,892 [pool-156-thread-1] INFO  segmented.SegmentedRaftLogWorker (SegmentedRaftLogWorker.java:lambda$new$0(135)) - 92b94f51-580c-417a-a05c-41f2b10b52f6@group-2CD5BFE92DFC-SegmentedRaftLogWorker: flushIndex: setUnconditionally 0 -> -1
2022-05-26 08:02:34,892 [pool-156-thread-1] INFO  segmented.SegmentedRaftLogWorker (SegmentedRaftLogWorker.java:lambda$new$0(135)) - 92b94f51-580c-417a-a05c-41f2b10b52f6@group-2CD5BFE92DFC-SegmentedRaftLogWorker: safeCacheEvictIndex: setUnconditionally 0 -> -1
2022-05-26 08:02:34,892 [pool-156-thread-1] INFO  server.RaftServerConfigKeys (ConfUtils.java:logGet(46)) - raft.server.snapshot.auto.trigger.enabled = true (custom)
2022-05-26 08:02:34,892 [pool-156-thread-1] INFO  server.RaftServerConfigKeys (ConfUtils.java:logGet(46)) - raft.server.snapshot.auto.trigger.threshold = 10000 (custom)
2022-05-26 08:02:34,892 [pool-156-thread-1] INFO  server.RaftServerConfigKeys (ConfUtils.java:logGet(46)) - raft.server.snapshot.retention.file.num = 5 (custom)
2022-05-26 08:02:34,892 [pool-156-thread-1] INFO  server.RaftServerConfigKeys (ConfUtils.java:logGet(46)) - raft.server.log.purge.upto.snapshot.index = false (default)
2022-05-26 08:02:34,892 [pool-156-thread-1] INFO  server.RaftServerConfigKeys (ConfUtils.java:logGet(46)) - raft.server.retrycache.expirytime = 600000ms (custom)
2022-05-26 08:02:34,892 [pool-156-thread-1] INFO  server.RaftServerConfigKeys (ConfUtils.java:logGet(46)) - raft.server.retrycache.statistics.expirytime = 100μs (default)
2022-05-26 08:02:34,893 [pool-156-thread-1] INFO  server.RaftServerConfigKeys (ConfUtils.java:logGet(46)) - raft.server.log.appender.install.snapshot.enabled = false (custom)
2022-05-26 08:02:34,893 [pool-156-thread-1] INFO  server.RaftServerConfigKeys (ConfUtils.java:logGet(46)) - raft.server.threadpool.server.cached = true (default)
2022-05-26 08:02:34,893 [pool-156-thread-1] INFO  server.RaftServerConfigKeys (ConfUtils.java:logGet(46)) - raft.server.threadpool.server.size = 0 (default)
2022-05-26 08:02:34,893 [pool-156-thread-1] INFO  server.RaftServerConfigKeys (ConfUtils.java:logGet(46)) - raft.server.threadpool.client.cached = true (default)
2022-05-26 08:02:34,893 [pool-156-thread-1] INFO  server.RaftServerConfigKeys (ConfUtils.java:logGet(46)) - raft.server.threadpool.client.size = 0 (default)
2022-05-26 08:02:34,893 [pool-156-thread-1] INFO  server.RaftServer$Division (RaftServerImpl.java:start(310)) - 92b94f51-580c-417a-a05c-41f2b10b52f6@group-2CD5BFE92DFC: start as a follower, conf=-1: [92b94f51-580c-417a-a05c-41f2b10b52f6|rpc:10.1.0.14:33339|priority:1], old=null
2022-05-26 08:02:34,893 [pool-156-thread-1] INFO  server.RaftServer$Division (RaftServerImpl.java:setRole(299)) - 92b94f51-580c-417a-a05c-41f2b10b52f6@group-2CD5BFE92DFC: changes role from      null to FOLLOWER at term 0 for startAsFollower
2022-05-26 08:02:34,893 [pool-156-thread-1] INFO  impl.RoleInfo (RoleInfo.java:updateAndGet(139)) - 92b94f51-580c-417a-a05c-41f2b10b52f6: start 92b94f51-580c-417a-a05c-41f2b10b52f6@group-2CD5BFE92DFC-FollowerState
2022-05-26 08:02:34,895 [pool-156-thread-1] INFO  util.JmxRegister (JmxRegister.java:tryRegister(44)) - Successfully registered JMX Bean with object name Ratis:service=RaftServer,group=group-2CD5BFE92DFC,id=92b94f51-580c-417a-a05c-41f2b10b52f6
2022-05-26 08:02:34,896 [Command processor thread] INFO  ratis.XceiverServerRatis (XceiverServerRatis.java:addGroup(765)) - Created group PipelineID=655ac37a-56f4-425d-8a11-2cd5bfe92dfc
2022-05-26 08:02:34,896 [Command processor thread] INFO  commandhandler.CreatePipelineCommandHandler (CreatePipelineCommandHandler.java:handle(113)) - Created Pipeline RATIS ONE PipelineID=655ac37a-56f4-425d-8a11-2cd5bfe92dfc.
2022-05-26 08:02:35,874 [Listener at 127.0.0.1/46875] INFO  ozone.MiniOzoneClusterImpl (MiniOzoneClusterImpl.java:lambda$waitForClusterToBeReady$0(221)) - Nodes are ready. Got 3 of 3 DN Heartbeats.
2022-05-26 08:02:35,875 [Listener at 127.0.0.1/46875] INFO  ozone.MiniOzoneClusterImpl (MiniOzoneClusterImpl.java:lambda$waitForClusterToBeReady$0(224)) - Waiting for cluster to exit safe mode
2022-05-26 08:02:35,875 [Listener at 127.0.0.1/46875] INFO  ozone.MiniOzoneClusterImpl (MiniOzoneClusterImpl.java:lambda$waitForClusterToBeReady$0(226)) - SCM became leader
2022-05-26 08:02:36,875 [Listener at 127.0.0.1/46875] INFO  ozone.MiniOzoneClusterImpl (MiniOzoneClusterImpl.java:lambda$waitForClusterToBeReady$0(221)) - Nodes are ready. Got 3 of 3 DN Heartbeats.
2022-05-26 08:02:36,876 [Listener at 127.0.0.1/46875] INFO  ozone.MiniOzoneClusterImpl (MiniOzoneClusterImpl.java:lambda$waitForClusterToBeReady$0(224)) - Waiting for cluster to exit safe mode
2022-05-26 08:02:36,876 [Listener at 127.0.0.1/46875] INFO  ozone.MiniOzoneClusterImpl (MiniOzoneClusterImpl.java:lambda$waitForClusterToBeReady$0(226)) - SCM became leader
2022-05-26 08:02:37,876 [Listener at 127.0.0.1/46875] INFO  ozone.MiniOzoneClusterImpl (MiniOzoneClusterImpl.java:lambda$waitForClusterToBeReady$0(221)) - Nodes are ready. Got 3 of 3 DN Heartbeats.
2022-05-26 08:02:37,876 [Listener at 127.0.0.1/46875] INFO  ozone.MiniOzoneClusterImpl (MiniOzoneClusterImpl.java:lambda$waitForClusterToBeReady$0(224)) - Waiting for cluster to exit safe mode
2022-05-26 08:02:37,877 [Listener at 127.0.0.1/46875] INFO  ozone.MiniOzoneClusterImpl (MiniOzoneClusterImpl.java:lambda$waitForClusterToBeReady$0(226)) - SCM became leader
2022-05-26 08:02:38,877 [Listener at 127.0.0.1/46875] INFO  ozone.MiniOzoneClusterImpl (MiniOzoneClusterImpl.java:lambda$waitForClusterToBeReady$0(221)) - Nodes are ready. Got 3 of 3 DN Heartbeats.
2022-05-26 08:02:38,877 [Listener at 127.0.0.1/46875] INFO  ozone.MiniOzoneClusterImpl (MiniOzoneClusterImpl.java:lambda$waitForClusterToBeReady$0(224)) - Waiting for cluster to exit safe mode
2022-05-26 08:02:38,877 [Listener at 127.0.0.1/46875] INFO  ozone.MiniOzoneClusterImpl (MiniOzoneClusterImpl.java:lambda$waitForClusterToBeReady$0(226)) - SCM became leader
2022-05-26 08:02:39,302 [f9ea974d-ae4d-4aef-b2c3-b9b1efab52be@group-8E9638596A13-FollowerState] INFO  impl.FollowerState (FollowerState.java:run(143)) - f9ea974d-ae4d-4aef-b2c3-b9b1efab52be@group-8E9638596A13-FollowerState: change to CANDIDATE, lastRpcElapsedTime:5025125906ns, electionTimeout:5023ms
2022-05-26 08:02:39,303 [f9ea974d-ae4d-4aef-b2c3-b9b1efab52be@group-8E9638596A13-FollowerState] INFO  impl.RoleInfo (RoleInfo.java:shutdownFollowerState(110)) - f9ea974d-ae4d-4aef-b2c3-b9b1efab52be: shutdown f9ea974d-ae4d-4aef-b2c3-b9b1efab52be@group-8E9638596A13-FollowerState
2022-05-26 08:02:39,303 [f9ea974d-ae4d-4aef-b2c3-b9b1efab52be@group-8E9638596A13-FollowerState] INFO  server.RaftServer$Division (RaftServerImpl.java:setRole(299)) - f9ea974d-ae4d-4aef-b2c3-b9b1efab52be@group-8E9638596A13: changes role from  FOLLOWER to CANDIDATE at term 0 for changeToCandidate
2022-05-26 08:02:39,303 [f9ea974d-ae4d-4aef-b2c3-b9b1efab52be@group-8E9638596A13-FollowerState] INFO  server.RaftServerConfigKeys (ConfUtils.java:logGet(46)) - raft.server.leaderelection.pre-vote = false (custom)
2022-05-26 08:02:39,303 [f9ea974d-ae4d-4aef-b2c3-b9b1efab52be@group-8E9638596A13-FollowerState] INFO  impl.RoleInfo (RoleInfo.java:updateAndGet(139)) - f9ea974d-ae4d-4aef-b2c3-b9b1efab52be: start f9ea974d-ae4d-4aef-b2c3-b9b1efab52be@group-8E9638596A13-LeaderElection3
2022-05-26 08:02:39,312 [f9ea974d-ae4d-4aef-b2c3-b9b1efab52be@group-8E9638596A13-LeaderElection3] INFO  impl.LeaderElection (LeaderElection.java:askForVotes(310)) - f9ea974d-ae4d-4aef-b2c3-b9b1efab52be@group-8E9638596A13-LeaderElection3 ELECTION round 0: submit vote requests at term 1 for -1: [f9ea974d-ae4d-4aef-b2c3-b9b1efab52be|rpc:10.1.0.14:44347|priority:1, 5200d88f-cd34-4757-82bd-ce9e6826133e|rpc:10.1.0.14:38169|priority:0, 92b94f51-580c-417a-a05c-41f2b10b52f6|rpc:10.1.0.14:33339|priority:0], old=null
2022-05-26 08:02:39,326 [grpc-default-executor-1] INFO  server.RaftServer$Division (RaftServerImpl.java:requestVote(1152)) - 5200d88f-cd34-4757-82bd-ce9e6826133e@group-8E9638596A13: receive requestVote(ELECTION, f9ea974d-ae4d-4aef-b2c3-b9b1efab52be, group-8E9638596A13, 1, (t:0, i:0))
2022-05-26 08:02:39,326 [grpc-default-executor-1] INFO  impl.VoteContext (VoteContext.java:log(48)) - 5200d88f-cd34-4757-82bd-ce9e6826133e@group-8E9638596A13-FOLLOWER: accept ELECTION from f9ea974d-ae4d-4aef-b2c3-b9b1efab52be: our priority 0 <= candidate's priority 1
2022-05-26 08:02:39,326 [grpc-default-executor-1] INFO  server.RaftServer$Division (RaftServerImpl.java:setRole(299)) - 5200d88f-cd34-4757-82bd-ce9e6826133e@group-8E9638596A13: changes role from  FOLLOWER to FOLLOWER at term 1 for candidate:f9ea974d-ae4d-4aef-b2c3-b9b1efab52be
2022-05-26 08:02:39,326 [grpc-default-executor-1] INFO  impl.RoleInfo (RoleInfo.java:shutdownFollowerState(110)) - 5200d88f-cd34-4757-82bd-ce9e6826133e: shutdown 5200d88f-cd34-4757-82bd-ce9e6826133e@group-8E9638596A13-FollowerState
2022-05-26 08:02:39,326 [grpc-default-executor-1] INFO  impl.RoleInfo (RoleInfo.java:updateAndGet(139)) - 5200d88f-cd34-4757-82bd-ce9e6826133e: start 5200d88f-cd34-4757-82bd-ce9e6826133e@group-8E9638596A13-FollowerState
2022-05-26 08:02:39,326 [5200d88f-cd34-4757-82bd-ce9e6826133e@group-8E9638596A13-FollowerState] INFO  impl.FollowerState (FollowerState.java:run(152)) - 5200d88f-cd34-4757-82bd-ce9e6826133e@group-8E9638596A13-FollowerState was interrupted
2022-05-26 08:02:39,332 [grpc-default-executor-3] INFO  server.RaftServer$Division (RaftServerImpl.java:requestVote(1152)) - 92b94f51-580c-417a-a05c-41f2b10b52f6@group-8E9638596A13: receive requestVote(ELECTION, f9ea974d-ae4d-4aef-b2c3-b9b1efab52be, group-8E9638596A13, 1, (t:0, i:0))
2022-05-26 08:02:39,332 [grpc-default-executor-1] INFO  server.RaftServer$Division (RaftServerImpl.java:requestVote(1184)) - 5200d88f-cd34-4757-82bd-ce9e6826133e@group-8E9638596A13 replies to ELECTION vote request: f9ea974d-ae4d-4aef-b2c3-b9b1efab52be<-5200d88f-cd34-4757-82bd-ce9e6826133e#0:OK-t1. Peer's state: 5200d88f-cd34-4757-82bd-ce9e6826133e@group-8E9638596A13:t1, leader=null, voted=f9ea974d-ae4d-4aef-b2c3-b9b1efab52be, raftlog=5200d88f-cd34-4757-82bd-ce9e6826133e@group-8E9638596A13-SegmentedRaftLog:OPENED:c-1, conf=-1: [f9ea974d-ae4d-4aef-b2c3-b9b1efab52be|rpc:10.1.0.14:44347|dataStream:|priority:1, 5200d88f-cd34-4757-82bd-ce9e6826133e|rpc:10.1.0.14:38169|dataStream:|priority:0, 92b94f51-580c-417a-a05c-41f2b10b52f6|rpc:10.1.0.14:33339|dataStream:|priority:0], old=null
2022-05-26 08:02:39,332 [grpc-default-executor-3] INFO  impl.VoteContext (VoteContext.java:log(48)) - 92b94f51-580c-417a-a05c-41f2b10b52f6@group-8E9638596A13-FOLLOWER: accept ELECTION from f9ea974d-ae4d-4aef-b2c3-b9b1efab52be: our priority 0 <= candidate's priority 1
2022-05-26 08:02:39,333 [grpc-default-executor-3] INFO  server.RaftServer$Division (RaftServerImpl.java:setRole(299)) - 92b94f51-580c-417a-a05c-41f2b10b52f6@group-8E9638596A13: changes role from  FOLLOWER to FOLLOWER at term 1 for candidate:f9ea974d-ae4d-4aef-b2c3-b9b1efab52be
2022-05-26 08:02:39,333 [grpc-default-executor-3] INFO  impl.RoleInfo (RoleInfo.java:shutdownFollowerState(110)) - 92b94f51-580c-417a-a05c-41f2b10b52f6: shutdown 92b94f51-580c-417a-a05c-41f2b10b52f6@group-8E9638596A13-FollowerState
2022-05-26 08:02:39,333 [grpc-default-executor-3] INFO  impl.RoleInfo (RoleInfo.java:updateAndGet(139)) - 92b94f51-580c-417a-a05c-41f2b10b52f6: start 92b94f51-580c-417a-a05c-41f2b10b52f6@group-8E9638596A13-FollowerState
2022-05-26 08:02:39,333 [92b94f51-580c-417a-a05c-41f2b10b52f6@group-8E9638596A13-FollowerState] INFO  impl.FollowerState (FollowerState.java:run(152)) - 92b94f51-580c-417a-a05c-41f2b10b52f6@group-8E9638596A13-FollowerState was interrupted
2022-05-26 08:02:39,335 [f9ea974d-ae4d-4aef-b2c3-b9b1efab52be@group-8E9638596A13-LeaderElection3] INFO  impl.LeaderElection (LeaderElection.java:logAndReturn(90)) - f9ea974d-ae4d-4aef-b2c3-b9b1efab52be@group-8E9638596A13-LeaderElection3: ELECTION PASSED received 1 response(s) and 0 exception(s):
2022-05-26 08:02:39,341 [f9ea974d-ae4d-4aef-b2c3-b9b1efab52be@group-8E9638596A13-LeaderElection3] INFO  impl.LeaderElection (LeaderElection.java:logAndReturn(94)) -   Response 0: f9ea974d-ae4d-4aef-b2c3-b9b1efab52be<-5200d88f-cd34-4757-82bd-ce9e6826133e#0:OK-t1
2022-05-26 08:02:39,341 [f9ea974d-ae4d-4aef-b2c3-b9b1efab52be@group-8E9638596A13-LeaderElection3] INFO  impl.LeaderElection (LeaderElection.java:askForVotes(312)) - f9ea974d-ae4d-4aef-b2c3-b9b1efab52be@group-8E9638596A13-LeaderElection3 ELECTION round 0: result PASSED
2022-05-26 08:02:39,341 [f9ea974d-ae4d-4aef-b2c3-b9b1efab52be@group-8E9638596A13-LeaderElection3] INFO  impl.RoleInfo (RoleInfo.java:shutdownLeaderElection(130)) - f9ea974d-ae4d-4aef-b2c3-b9b1efab52be: shutdown f9ea974d-ae4d-4aef-b2c3-b9b1efab52be@group-8E9638596A13-LeaderElection3
2022-05-26 08:02:39,341 [f9ea974d-ae4d-4aef-b2c3-b9b1efab52be@group-8E9638596A13-LeaderElection3] INFO  server.RaftServer$Division (RaftServerImpl.java:setRole(299)) - f9ea974d-ae4d-4aef-b2c3-b9b1efab52be@group-8E9638596A13: changes role from CANDIDATE to LEADER at term 1 for changeToLeader
2022-05-26 08:02:39,342 [f9ea974d-ae4d-4aef-b2c3-b9b1efab52be@group-8E9638596A13-LeaderElection3] INFO  ratis.XceiverServerRatis (XceiverServerRatis.java:handleLeaderChangedNotification(863)) - Leader change notification received for group: group-8E9638596A13 with new leaderId: f9ea974d-ae4d-4aef-b2c3-b9b1efab52be
2022-05-26 08:02:39,342 [f9ea974d-ae4d-4aef-b2c3-b9b1efab52be@group-8E9638596A13-LeaderElection3] INFO  server.RaftServer$Division (ServerState.java:setLeader(287)) - f9ea974d-ae4d-4aef-b2c3-b9b1efab52be@group-8E9638596A13: change Leader from null to f9ea974d-ae4d-4aef-b2c3-b9b1efab52be at term 1 for becomeLeader, leader elected after 5077ms
2022-05-26 08:02:39,342 [f9ea974d-ae4d-4aef-b2c3-b9b1efab52be@group-8E9638596A13-LeaderElection3] INFO  server.RaftServerConfigKeys (ConfUtils.java:logGet(46)) - raft.server.staging.catchup.gap = 1000 (default)
2022-05-26 08:02:39,342 [f9ea974d-ae4d-4aef-b2c3-b9b1efab52be@group-8E9638596A13-LeaderElection3] INFO  server.RaftServerConfigKeys (ConfUtils.java:logGet(46)) - raft.server.write.element-limit = 1024 (custom)
2022-05-26 08:02:39,342 [f9ea974d-ae4d-4aef-b2c3-b9b1efab52be@group-8E9638596A13-LeaderElection3] INFO  server.RaftServerConfigKeys (ConfUtils.java:logGet(46)) - raft.server.write.byte-limit = 1024 M (=1073741824) (custom)
2022-05-26 08:02:39,342 [f9ea974d-ae4d-4aef-b2c3-b9b1efab52be@group-8E9638596A13-LeaderElection3] INFO  server.RaftServerConfigKeys (ConfUtils.java:logGet(46)) - raft.server.watch.timeout = 180s (custom)
2022-05-26 08:02:39,342 [f9ea974d-ae4d-4aef-b2c3-b9b1efab52be@group-8E9638596A13-LeaderElection3] INFO  server.RaftServerConfigKeys (ConfUtils.java:logGet(46)) - raft.server.watch.timeout.denomination = 1s (default)
2022-05-26 08:02:39,342 [f9ea974d-ae4d-4aef-b2c3-b9b1efab52be@group-8E9638596A13-LeaderElection3] INFO  server.RaftServerConfigKeys (ConfUtils.java:logGet(46)) - raft.server.watch.element-limit = 65536 (default)
2022-05-26 08:02:39,341 [grpc-default-executor-3] INFO  server.RaftServer$Division (RaftServerImpl.java:requestVote(1184)) - 92b94f51-580c-417a-a05c-41f2b10b52f6@group-8E9638596A13 replies to ELECTION vote request: f9ea974d-ae4d-4aef-b2c3-b9b1efab52be<-92b94f51-580c-417a-a05c-41f2b10b52f6#0:OK-t1. Peer's state: 92b94f51-580c-417a-a05c-41f2b10b52f6@group-8E9638596A13:t1, leader=null, voted=f9ea974d-ae4d-4aef-b2c3-b9b1efab52be, raftlog=92b94f51-580c-417a-a05c-41f2b10b52f6@group-8E9638596A13-SegmentedRaftLog:OPENED:c-1, conf=-1: [f9ea974d-ae4d-4aef-b2c3-b9b1efab52be|rpc:10.1.0.14:44347|dataStream:|priority:1, 5200d88f-cd34-4757-82bd-ce9e6826133e|rpc:10.1.0.14:38169|dataStream:|priority:0, 92b94f51-580c-417a-a05c-41f2b10b52f6|rpc:10.1.0.14:33339|dataStream:|priority:0], old=null
2022-05-26 08:02:39,344 [f9ea974d-ae4d-4aef-b2c3-b9b1efab52be@group-8E9638596A13-LeaderElection3] INFO  server.RaftServerConfigKeys (ConfUtils.java:logGet(46)) - raft.server.write.element-limit = 1024 (custom)
2022-05-26 08:02:39,345 [f9ea974d-ae4d-4aef-b2c3-b9b1efab52be@group-8E9638596A13-LeaderElection3] INFO  server.RaftServerConfigKeys (ConfUtils.java:logGet(46)) - raft.server.write.follower.gap.ratio.max = -1.0 (default)
2022-05-26 08:02:39,345 [f9ea974d-ae4d-4aef-b2c3-b9b1efab52be@group-8E9638596A13-LeaderElection3] INFO  server.RaftServerConfigKeys (ConfUtils.java:logGet(46)) - raft.server.log.appender.snapshot.chunk.size.max = 16MB (=16777216) (default)
2022-05-26 08:02:39,345 [f9ea974d-ae4d-4aef-b2c3-b9b1efab52be@group-8E9638596A13-LeaderElection3] INFO  server.RaftServerConfigKeys (ConfUtils.java:logGet(46)) - raft.server.log.appender.buffer.byte-limit = 33554432 (custom)
2022-05-26 08:02:39,345 [f9ea974d-ae4d-4aef-b2c3-b9b1efab52be@group-8E9638596A13-LeaderElection3] INFO  server.RaftServerConfigKeys (ConfUtils.java:logGet(46)) - raft.server.log.appender.buffer.element-limit = 1 (custom)
2022-05-26 08:02:39,345 [f9ea974d-ae4d-4aef-b2c3-b9b1efab52be@group-8E9638596A13-LeaderElection3] INFO  grpc.GrpcConfigKeys (ConfUtils.java:logGet(46)) - raft.grpc.server.leader.outstanding.appends.max = 128 (default)
2022-05-26 08:02:39,345 [f9ea974d-ae4d-4aef-b2c3-b9b1efab52be@group-8E9638596A13-LeaderElection3] INFO  server.RaftServerConfigKeys (ConfUtils.java:logGet(46)) - raft.server.rpc.request.timeout = 60s (custom)
2022-05-26 08:02:39,345 [f9ea974d-ae4d-4aef-b2c3-b9b1efab52be@group-8E9638596A13-LeaderElection3] INFO  server.RaftServerConfigKeys (ConfUtils.java:logGet(46)) - raft.server.log.appender.install.snapshot.enabled = false (custom)
2022-05-26 08:02:39,346 [f9ea974d-ae4d-4aef-b2c3-b9b1efab52be@group-8E9638596A13-LeaderElection3] INFO  server.RaftServerConfigKeys (ConfUtils.java:logGet(46)) - raft.server.log.appender.snapshot.chunk.size.max = 16MB (=16777216) (default)
2022-05-26 08:02:39,346 [f9ea974d-ae4d-4aef-b2c3-b9b1efab52be@group-8E9638596A13-LeaderElection3] INFO  server.RaftServerConfigKeys (ConfUtils.java:logGet(46)) - raft.server.log.appender.buffer.byte-limit = 33554432 (custom)
2022-05-26 08:02:39,346 [f9ea974d-ae4d-4aef-b2c3-b9b1efab52be@group-8E9638596A13-LeaderElection3] INFO  server.RaftServerConfigKeys (ConfUtils.java:logGet(46)) - raft.server.log.appender.buffer.element-limit = 1 (custom)
2022-05-26 08:02:39,346 [f9ea974d-ae4d-4aef-b2c3-b9b1efab52be@group-8E9638596A13-LeaderElection3] INFO  grpc.GrpcConfigKeys (ConfUtils.java:logGet(46)) - raft.grpc.server.leader.outstanding.appends.max = 128 (default)
2022-05-26 08:02:39,346 [f9ea974d-ae4d-4aef-b2c3-b9b1efab52be@group-8E9638596A13-LeaderElection3] INFO  server.RaftServerConfigKeys (ConfUtils.java:logGet(46)) - raft.server.rpc.request.timeout = 60s (custom)
2022-05-26 08:02:39,346 [f9ea974d-ae4d-4aef-b2c3-b9b1efab52be@group-8E9638596A13-LeaderElection3] INFO  server.RaftServerConfigKeys (ConfUtils.java:logGet(46)) - raft.server.log.appender.install.snapshot.enabled = false (custom)
2022-05-26 08:02:39,346 [f9ea974d-ae4d-4aef-b2c3-b9b1efab52be@group-8E9638596A13-LeaderElection3] INFO  impl.RoleInfo (RoleInfo.java:updateAndGet(139)) - f9ea974d-ae4d-4aef-b2c3-b9b1efab52be: start f9ea974d-ae4d-4aef-b2c3-b9b1efab52be@group-8E9638596A13-LeaderStateImpl
2022-05-26 08:02:39,347 [f9ea974d-ae4d-4aef-b2c3-b9b1efab52be@group-8E9638596A13-LeaderElection3] INFO  segmented.SegmentedRaftLogWorker (SegmentedRaftLogWorker.java:startLogSegment(425)) - f9ea974d-ae4d-4aef-b2c3-b9b1efab52be@group-8E9638596A13-SegmentedRaftLogWorker: Starting segment from index:0
2022-05-26 08:02:39,349 [f9ea974d-ae4d-4aef-b2c3-b9b1efab52be@group-A5275A0D686B-FollowerState] INFO  impl.FollowerState (FollowerState.java:run(143)) - f9ea974d-ae4d-4aef-b2c3-b9b1efab52be@group-A5275A0D686B-FollowerState: change to CANDIDATE, lastRpcElapsedTime:5106228809ns, electionTimeout:5102ms
2022-05-26 08:02:39,349 [f9ea974d-ae4d-4aef-b2c3-b9b1efab52be@group-8E9638596A13-SegmentedRaftLogWorker] INFO  segmented.SegmentedRaftLogWorker (SegmentedRaftLogWorker.java:execute(629)) - f9ea974d-ae4d-4aef-b2c3-b9b1efab52be@group-8E9638596A13-SegmentedRaftLogWorker: created new log segment /home/runner/work/ozone/ozone/hadoop-ozone/integration-test/target/test-dir/MiniOzoneClusterImpl-17bb6255-4ab1-443a-98be-5fd7627ecb82/datanode-0/data/ratis/bbf1a49c-f3a4-4bfa-ab8d-8e9638596a13/current/log_inprogress_0
2022-05-26 08:02:39,368 [f9ea974d-ae4d-4aef-b2c3-b9b1efab52be@group-A5275A0D686B-FollowerState] INFO  impl.RoleInfo (RoleInfo.java:shutdownFollowerState(110)) - f9ea974d-ae4d-4aef-b2c3-b9b1efab52be: shutdown f9ea974d-ae4d-4aef-b2c3-b9b1efab52be@group-A5275A0D686B-FollowerState
2022-05-26 08:02:39,368 [f9ea974d-ae4d-4aef-b2c3-b9b1efab52be@group-A5275A0D686B-FollowerState] INFO  server.RaftServer$Division (RaftServerImpl.java:setRole(299)) - f9ea974d-ae4d-4aef-b2c3-b9b1efab52be@group-A5275A0D686B: changes role from  FOLLOWER to CANDIDATE at term 0 for changeToCandidate
2022-05-26 08:02:39,368 [f9ea974d-ae4d-4aef-b2c3-b9b1efab52be@group-A5275A0D686B-FollowerState] INFO  server.RaftServerConfigKeys (ConfUtils.java:logGet(46)) - raft.server.leaderelection.pre-vote = false (custom)
2022-05-26 08:02:39,368 [f9ea974d-ae4d-4aef-b2c3-b9b1efab52be@group-A5275A0D686B-FollowerState] INFO  impl.RoleInfo (RoleInfo.java:updateAndGet(139)) - f9ea974d-ae4d-4aef-b2c3-b9b1efab52be: start f9ea974d-ae4d-4aef-b2c3-b9b1efab52be@group-A5275A0D686B-LeaderElection4
2022-05-26 08:02:39,349 [EventQueue-PipelineReportForPipelineReportHandler] INFO  pipeline.PipelineManagerImpl (PipelineManagerImpl.java:openPipeline(336)) - Pipeline Pipeline[ Id: bbf1a49c-f3a4-4bfa-ab8d-8e9638596a13, Nodes: 5200d88f-cd34-4757-82bd-ce9e6826133e{ip: 10.1.0.14, host: fv-az35-51.xim1osirhgvujn4yg5hone0yza.gx.internal.cloudapp.net, ports: [REPLICATION=33223, RATIS=38169, RATIS_ADMIN=38169, RATIS_SERVER=38169, STANDALONE=34933], networkLocation: /default-rack, certSerialId: null, persistedOpState: IN_SERVICE, persistedOpStateExpiryEpochSec: 0}92b94f51-580c-417a-a05c-41f2b10b52f6{ip: 10.1.0.14, host: fv-az35-51.xim1osirhgvujn4yg5hone0yza.gx.internal.cloudapp.net, ports: [REPLICATION=42285, RATIS=33339, RATIS_ADMIN=33339, RATIS_SERVER=33339, STANDALONE=40211], networkLocation: /default-rack, certSerialId: null, persistedOpState: IN_SERVICE, persistedOpStateExpiryEpochSec: 0}f9ea974d-ae4d-4aef-b2c3-b9b1efab52be{ip: 10.1.0.14, host: fv-az35-51.xim1osirhgvujn4yg5hone0yza.gx.internal.cloudapp.net, ports: [REPLICATION=33351, RATIS=44347, RATIS_ADMIN=44347, RATIS_SERVER=44347, STANDALONE=44357], networkLocation: /default-rack, certSerialId: null, persistedOpState: IN_SERVICE, persistedOpStateExpiryEpochSec: 0}, ReplicationConfig: RATIS/THREE, State:ALLOCATED, leaderId:f9ea974d-ae4d-4aef-b2c3-b9b1efab52be, CreationTimestamp2022-05-26T08:02:31.881Z[Etc/UTC]] moved to OPEN state
2022-05-26 08:02:39,369 [EventQueue-OpenPipelineForHealthyPipelineSafeModeRule] INFO  safemode.SCMSafeModeManager (HealthyPipelineSafeModeRule.java:process(124)) - SCM in safe mode. Healthy pipelines reported count is 1, required healthy pipeline reported count is 1
2022-05-26 08:02:39,369 [EventQueue-OpenPipelineForHealthyPipelineSafeModeRule] INFO  safemode.SCMSafeModeManager (SCMSafeModeManager.java:validateSafeModeExitRules(204)) - HealthyPipelineSafeModeRule rule is successfully validated
2022-05-26 08:02:39,369 [EventQueue-OpenPipelineForHealthyPipelineSafeModeRule] INFO  safemode.SCMSafeModeManager (SCMSafeModeManager.java:validateSafeModeExitRules(219)) - ScmSafeModeManager, all rules are successfully validated
2022-05-26 08:02:39,369 [EventQueue-OpenPipelineForHealthyPipelineSafeModeRule] INFO  safemode.SCMSafeModeManager (SCMSafeModeManager.java:exitSafeMode(248)) - SCM exiting safe mode.
2022-05-26 08:02:39,369 [EventQueue-OpenPipelineForHealthyPipelineSafeModeRule] WARN  events.EventQueue (EventQueue.java:fireEvent(194)) - No event handler registered for event TypedEvent{payloadType=SafeModeStatus, name='Safe mode status'}
2022-05-26 08:02:39,369 [EventQueue-OpenPipelineForHealthyPipelineSafeModeRule] INFO  ha.SCMContext (SCMContext.java:updateSafeModeStatus(211)) - Update SafeModeStatus from SafeModeStatus{safeModeStatus=true, preCheckPassed=true} to SafeModeStatus{safeModeStatus=false, preCheckPassed=true}.
2022-05-26 08:02:39,369 [EventQueue-OpenPipelineForHealthyPipelineSafeModeRule] INFO  pipeline.BackgroundPipelineCreator (BackgroundPipelineCreator.java:notifyStatusChanged(251)) - Service BackgroundPipelineCreator transitions to RUNNING.
2022-05-26 08:02:39,369 [EventQueue-OpenPipelineForHealthyPipelineSafeModeRule] INFO  pipeline.BackgroundPipelineScrubber (BackgroundPipelineScrubber.java:notifyStatusChanged(88)) - Service BackgroundPipelineScrubber transitions to RUNNING.
2022-05-26 08:02:39,369 [EventQueue-OpenPipelineForHealthyPipelineSafeModeRule] INFO  ExpiredContainerReplicaOpScrubber (BackgroundSCMService.java:notifyStatusChanged(82)) - Service ExpiredContainerReplicaOpScrubber transitions to RUNNING.
2022-05-26 08:02:39,369 [EventQueue-OpenPipelineForHealthyPipelineSafeModeRule] INFO  replication.ReplicationManager (ReplicationManager.java:notifyStatusChanged(372)) - Service ReplicationManager transitions to RUNNING.
2022-05-26 08:02:39,370 [f9ea974d-ae4d-4aef-b2c3-b9b1efab52be@group-8E9638596A13-LeaderElection3] INFO  server.RaftServer$Division (ServerState.java:setRaftConf(393)) - f9ea974d-ae4d-4aef-b2c3-b9b1efab52be@group-8E9638596A13: set configuration 0: [f9ea974d-ae4d-4aef-b2c3-b9b1efab52be|rpc:10.1.0.14:44347|dataStream:|priority:1, 5200d88f-cd34-4757-82bd-ce9e6826133e|rpc:10.1.0.14:38169|dataStream:|priority:0, 92b94f51-580c-417a-a05c-41f2b10b52f6|rpc:10.1.0.14:33339|dataStream:|priority:0], old=null
2022-05-26 08:02:39,375 [5200d88f-cd34-4757-82bd-ce9e6826133e-server-thread1] INFO  ratis.XceiverServerRatis (XceiverServerRatis.java:handleLeaderChangedNotification(863)) - Leader change notification received for group: group-8E9638596A13 with new leaderId: f9ea974d-ae4d-4aef-b2c3-b9b1efab52be
2022-05-26 08:02:39,376 [5200d88f-cd34-4757-82bd-ce9e6826133e-server-thread1] INFO  server.RaftServer$Division (ServerState.java:setLeader(287)) - 5200d88f-cd34-4757-82bd-ce9e6826133e@group-8E9638596A13: change Leader from null to f9ea974d-ae4d-4aef-b2c3-b9b1efab52be at term 1 for appendEntries, leader elected after 5037ms
2022-05-26 08:02:39,376 [92b94f51-580c-417a-a05c-41f2b10b52f6-server-thread1] INFO  ratis.XceiverServerRatis (XceiverServerRatis.java:handleLeaderChangedNotification(863)) - Leader change notification received for group: group-8E9638596A13 with new leaderId: f9ea974d-ae4d-4aef-b2c3-b9b1efab52be
2022-05-26 08:02:39,377 [92b94f51-580c-417a-a05c-41f2b10b52f6-server-thread1] INFO  server.RaftServer$Division (ServerState.java:setLeader(287)) - 92b94f51-580c-417a-a05c-41f2b10b52f6@group-8E9638596A13: change Leader from null to f9ea974d-ae4d-4aef-b2c3-b9b1efab52be at term 1 for appendEntries, leader elected after 4962ms
2022-05-26 08:02:39,379 [5200d88f-cd34-4757-82bd-ce9e6826133e-server-thread1] INFO  server.RaftServer$Division (ServerState.java:setRaftConf(393)) - 5200d88f-cd34-4757-82bd-ce9e6826133e@group-8E9638596A13: set configuration 0: [f9ea974d-ae4d-4aef-b2c3-b9b1efab52be|rpc:10.1.0.14:44347|dataStream:|priority:1, 5200d88f-cd34-4757-82bd-ce9e6826133e|rpc:10.1.0.14:38169|dataStream:|priority:0, 92b94f51-580c-417a-a05c-41f2b10b52f6|rpc:10.1.0.14:33339|dataStream:|priority:0], old=null
2022-05-26 08:02:39,380 [5200d88f-cd34-4757-82bd-ce9e6826133e-server-thread1] INFO  segmented.SegmentedRaftLogWorker (SegmentedRaftLogWorker.java:startLogSegment(425)) - 5200d88f-cd34-4757-82bd-ce9e6826133e@group-8E9638596A13-SegmentedRaftLogWorker: Starting segment from index:0
2022-05-26 08:02:39,384 [f9ea974d-ae4d-4aef-b2c3-b9b1efab52be@group-A5275A0D686B-LeaderElection4] INFO  impl.LeaderElection (LeaderElection.java:askForVotes(310)) - f9ea974d-ae4d-4aef-b2c3-b9b1efab52be@group-A5275A0D686B-LeaderElection4 ELECTION round 0: submit vote requests at term 1 for -1: [f9ea974d-ae4d-4aef-b2c3-b9b1efab52be|rpc:10.1.0.14:44347|priority:1], old=null
2022-05-26 08:02:39,384 [f9ea974d-ae4d-4aef-b2c3-b9b1efab52be@group-A5275A0D686B-LeaderElection4] INFO  impl.LeaderElection (LeaderElection.java:askForVotes(312)) - f9ea974d-ae4d-4aef-b2c3-b9b1efab52be@group-A5275A0D686B-LeaderElection4 ELECTION round 0: result PASSED (term=1)
2022-05-26 08:02:39,384 [f9ea974d-ae4d-4aef-b2c3-b9b1efab52be@group-A5275A0D686B-LeaderElection4] INFO  impl.RoleInfo (RoleInfo.java:shutdownLeaderElection(130)) - f9ea974d-ae4d-4aef-b2c3-b9b1efab52be: shutdown f9ea974d-ae4d-4aef-b2c3-b9b1efab52be@group-A5275A0D686B-LeaderElection4
2022-05-26 08:02:39,385 [f9ea974d-ae4d-4aef-b2c3-b9b1efab52be@group-A5275A0D686B-LeaderElection4] INFO  server.RaftServer$Division (RaftServerImpl.java:setRole(299)) - f9ea974d-ae4d-4aef-b2c3-b9b1efab52be@group-A5275A0D686B: changes role from CANDIDATE to LEADER at term 1 for changeToLeader
2022-05-26 08:02:39,385 [f9ea974d-ae4d-4aef-b2c3-b9b1efab52be@group-A5275A0D686B-LeaderElection4] INFO  ratis.XceiverServerRatis (XceiverServerRatis.java:handleLeaderChangedNotification(863)) - Leader change notification received for group: group-A5275A0D686B with new leaderId: f9ea974d-ae4d-4aef-b2c3-b9b1efab52be
2022-05-26 08:02:39,385 [f9ea974d-ae4d-4aef-b2c3-b9b1efab52be@group-A5275A0D686B-LeaderElection4] INFO  server.RaftServer$Division (ServerState.java:setLeader(287)) - f9ea974d-ae4d-4aef-b2c3-b9b1efab52be@group-A5275A0D686B: change Leader from null to f9ea974d-ae4d-4aef-b2c3-b9b1efab52be at term 1 for becomeLeader, leader elected after 5152ms
2022-05-26 08:02:39,385 [f9ea974d-ae4d-4aef-b2c3-b9b1efab52be@group-A5275A0D686B-LeaderElection4] INFO  server.RaftServerConfigKeys (ConfUtils.java:logGet(46)) - raft.server.staging.catchup.gap = 1000 (default)
2022-05-26 08:02:39,386 [f9ea974d-ae4d-4aef-b2c3-b9b1efab52be@group-A5275A0D686B-LeaderElection4] INFO  server.RaftServerConfigKeys (ConfUtils.java:logGet(46)) - raft.server.write.element-limit = 1024 (custom)
2022-05-26 08:02:39,386 [f9ea974d-ae4d-4aef-b2c3-b9b1efab52be@group-A5275A0D686B-LeaderElection4] INFO  server.RaftServerConfigKeys (ConfUtils.java:logGet(46)) - raft.server.write.byte-limit = 1024 M (=1073741824) (custom)
2022-05-26 08:02:39,386 [f9ea974d-ae4d-4aef-b2c3-b9b1efab52be@group-A5275A0D686B-LeaderElection4] INFO  server.RaftServerConfigKeys (ConfUtils.java:logGet(46)) - raft.server.watch.timeout = 180s (custom)
2022-05-26 08:02:39,386 [f9ea974d-ae4d-4aef-b2c3-b9b1efab52be@group-A5275A0D686B-LeaderElection4] INFO  server.RaftServerConfigKeys (ConfUtils.java:logGet(46)) - raft.server.watch.timeout.denomination = 1s (default)
2022-05-26 08:02:39,386 [f9ea974d-ae4d-4aef-b2c3-b9b1efab52be@group-A5275A0D686B-LeaderElection4] INFO  server.RaftServerConfigKeys (ConfUtils.java:logGet(46)) - raft.server.watch.element-limit = 65536 (default)
2022-05-26 08:02:39,386 [f9ea974d-ae4d-4aef-b2c3-b9b1efab52be@group-A5275A0D686B-LeaderElection4] INFO  server.RaftServerConfigKeys (ConfUtils.java:logGet(46)) - raft.server.write.element-limit = 1024 (custom)
2022-05-26 08:02:39,386 [f9ea974d-ae4d-4aef-b2c3-b9b1efab52be@group-A5275A0D686B-LeaderElection4] INFO  server.RaftServerConfigKeys (ConfUtils.java:logGet(46)) - raft.server.write.follower.gap.ratio.max = -1.0 (default)
2022-05-26 08:02:39,386 [f9ea974d-ae4d-4aef-b2c3-b9b1efab52be@group-A5275A0D686B-LeaderElection4] INFO  impl.RoleInfo (RoleInfo.java:updateAndGet(139)) - f9ea974d-ae4d-4aef-b2c3-b9b1efab52be: start f9ea974d-ae4d-4aef-b2c3-b9b1efab52be@group-A5275A0D686B-LeaderStateImpl
2022-05-26 08:02:39,386 [f9ea974d-ae4d-4aef-b2c3-b9b1efab52be@group-A5275A0D686B-LeaderElection4] INFO  segmented.SegmentedRaftLogWorker (SegmentedRaftLogWorker.java:startLogSegment(425)) - f9ea974d-ae4d-4aef-b2c3-b9b1efab52be@group-A5275A0D686B-SegmentedRaftLogWorker: Starting segment from index:0
2022-05-26 08:02:39,387 [f9ea974d-ae4d-4aef-b2c3-b9b1efab52be@group-A5275A0D686B-SegmentedRaftLogWorker] INFO  segmented.SegmentedRaftLogWorker (SegmentedRaftLogWorker.java:execute(629)) - f9ea974d-ae4d-4aef-b2c3-b9b1efab52be@group-A5275A0D686B-SegmentedRaftLogWorker: created new log segment /home/runner/work/ozone/ozone/hadoop-ozone/integration-test/target/test-dir/MiniOzoneClusterImpl-17bb6255-4ab1-443a-98be-5fd7627ecb82/datanode-0/data/ratis/387aaecd-3119-405b-8e0e-a5275a0d686b/current/log_inprogress_0
2022-05-26 08:02:39,388 [92b94f51-580c-417a-a05c-41f2b10b52f6-server-thread1] INFO  server.RaftServer$Division (ServerState.java:setRaftConf(393)) - 92b94f51-580c-417a-a05c-41f2b10b52f6@group-8E9638596A13: set configuration 0: [f9ea974d-ae4d-4aef-b2c3-b9b1efab52be|rpc:10.1.0.14:44347|dataStream:|priority:1, 5200d88f-cd34-4757-82bd-ce9e6826133e|rpc:10.1.0.14:38169|dataStream:|priority:0, 92b94f51-580c-417a-a05c-41f2b10b52f6|rpc:10.1.0.14:33339|dataStream:|priority:0], old=null
2022-05-26 08:02:39,388 [92b94f51-580c-417a-a05c-41f2b10b52f6-server-thread1] INFO  segmented.SegmentedRaftLogWorker (SegmentedRaftLogWorker.java:startLogSegment(425)) - 92b94f51-580c-417a-a05c-41f2b10b52f6@group-8E9638596A13-SegmentedRaftLogWorker: Starting segment from index:0
2022-05-26 08:02:39,390 [5200d88f-cd34-4757-82bd-ce9e6826133e@group-8E9638596A13-SegmentedRaftLogWorker] INFO  segmented.SegmentedRaftLogWorker (SegmentedRaftLogWorker.java:execute(629)) - 5200d88f-cd34-4757-82bd-ce9e6826133e@group-8E9638596A13-SegmentedRaftLogWorker: created new log segment /home/runner/work/ozone/ozone/hadoop-ozone/integration-test/target/test-dir/MiniOzoneClusterImpl-17bb6255-4ab1-443a-98be-5fd7627ecb82/datanode-1/data/ratis/bbf1a49c-f3a4-4bfa-ab8d-8e9638596a13/current/log_inprogress_0
2022-05-26 08:02:39,395 [f9ea974d-ae4d-4aef-b2c3-b9b1efab52be@group-A5275A0D686B-LeaderElection4] INFO  server.RaftServer$Division (ServerState.java:setRaftConf(393)) - f9ea974d-ae4d-4aef-b2c3-b9b1efab52be@group-A5275A0D686B: set configuration 0: [f9ea974d-ae4d-4aef-b2c3-b9b1efab52be|rpc:10.1.0.14:44347|dataStream:|priority:1], old=null
2022-05-26 08:02:39,396 [92b94f51-580c-417a-a05c-41f2b10b52f6@group-8E9638596A13-SegmentedRaftLogWorker] INFO  segmented.SegmentedRaftLogWorker (SegmentedRaftLogWorker.java:execute(629)) - 92b94f51-580c-417a-a05c-41f2b10b52f6@group-8E9638596A13-SegmentedRaftLogWorker: created new log segment /home/runner/work/ozone/ozone/hadoop-ozone/integration-test/target/test-dir/MiniOzoneClusterImpl-17bb6255-4ab1-443a-98be-5fd7627ecb82/datanode-2/data/ratis/bbf1a49c-f3a4-4bfa-ab8d-8e9638596a13/current/log_inprogress_0
2022-05-26 08:02:39,559 [f9ea974d-ae4d-4aef-b2c3-b9b1efab52be@group-6039E75BB31B-FollowerState] INFO  impl.FollowerState (FollowerState.java:run(143)) - f9ea974d-ae4d-4aef-b2c3-b9b1efab52be@group-6039E75BB31B-FollowerState: change to CANDIDATE, lastRpcElapsedTime:5118343954ns, electionTimeout:5114ms
2022-05-26 08:02:39,559 [f9ea974d-ae4d-4aef-b2c3-b9b1efab52be@group-6039E75BB31B-FollowerState] INFO  impl.RoleInfo (RoleInfo.java:shutdownFollowerState(110)) - f9ea974d-ae4d-4aef-b2c3-b9b1efab52be: shutdown f9ea974d-ae4d-4aef-b2c3-b9b1efab52be@group-6039E75BB31B-FollowerState
2022-05-26 08:02:39,559 [f9ea974d-ae4d-4aef-b2c3-b9b1efab52be@group-6039E75BB31B-FollowerState] INFO  server.RaftServer$Division (RaftServerImpl.java:setRole(299)) - f9ea974d-ae4d-4aef-b2c3-b9b1efab52be@group-6039E75BB31B: changes role from  FOLLOWER to CANDIDATE at term 0 for changeToCandidate
2022-05-26 08:02:39,559 [f9ea974d-ae4d-4aef-b2c3-b9b1efab52be@group-6039E75BB31B-FollowerState] INFO  server.RaftServerConfigKeys (ConfUtils.java:logGet(46)) - raft.server.leaderelection.pre-vote = false (custom)
2022-05-26 08:02:39,559 [f9ea974d-ae4d-4aef-b2c3-b9b1efab52be@group-6039E75BB31B-FollowerState] INFO  impl.RoleInfo (RoleInfo.java:updateAndGet(139)) - f9ea974d-ae4d-4aef-b2c3-b9b1efab52be: start f9ea974d-ae4d-4aef-b2c3-b9b1efab52be@group-6039E75BB31B-LeaderElection5
2022-05-26 08:02:39,562 [f9ea974d-ae4d-4aef-b2c3-b9b1efab52be@group-6039E75BB31B-LeaderElection5] INFO  impl.LeaderElection (LeaderElection.java:askForVotes(310)) - f9ea974d-ae4d-4aef-b2c3-b9b1efab52be@group-6039E75BB31B-LeaderElection5 ELECTION round 0: submit vote requests at term 1 for -1: [f9ea974d-ae4d-4aef-b2c3-b9b1efab52be|rpc:10.1.0.14:44347|priority:0, 5200d88f-cd34-4757-82bd-ce9e6826133e|rpc:10.1.0.14:38169|priority:1, 92b94f51-580c-417a-a05c-41f2b10b52f6|rpc:10.1.0.14:33339|priority:0], old=null
2022-05-26 08:02:39,566 [grpc-default-executor-0] INFO  server.RaftServer$Division (RaftServerImpl.java:requestVote(1152)) - 92b94f51-580c-417a-a05c-41f2b10b52f6@group-6039E75BB31B: receive requestVote(ELECTION, f9ea974d-ae4d-4aef-b2c3-b9b1efab52be, group-6039E75BB31B, 1, (t:0, i:0))
2022-05-26 08:02:39,566 [grpc-default-executor-0] INFO  impl.VoteContext (VoteContext.java:log(48)) - 92b94f51-580c-417a-a05c-41f2b10b52f6@group-6039E75BB31B-FOLLOWER: accept ELECTION from f9ea974d-ae4d-4aef-b2c3-b9b1efab52be: our priority 0 <= candidate's priority 0
2022-05-26 08:02:39,566 [grpc-default-executor-0] INFO  server.RaftServer$Division (RaftServerImpl.java:setRole(299)) - 92b94f51-580c-417a-a05c-41f2b10b52f6@group-6039E75BB31B: changes role from  FOLLOWER to FOLLOWER at term 1 for candidate:f9ea974d-ae4d-4aef-b2c3-b9b1efab52be
2022-05-26 08:02:39,566 [grpc-default-executor-0] INFO  impl.RoleInfo (RoleInfo.java:shutdownFollowerState(110)) - 92b94f51-580c-417a-a05c-41f2b10b52f6: shutdown 92b94f51-580c-417a-a05c-41f2b10b52f6@group-6039E75BB31B-FollowerState
2022-05-26 08:02:39,566 [grpc-default-executor-0] INFO  impl.RoleInfo (RoleInfo.java:updateAndGet(139)) - 92b94f51-580c-417a-a05c-41f2b10b52f6: start 92b94f51-580c-417a-a05c-41f2b10b52f6@group-6039E75BB31B-FollowerState
2022-05-26 08:02:39,566 [92b94f51-580c-417a-a05c-41f2b10b52f6@group-6039E75BB31B-FollowerState] INFO  impl.FollowerState (FollowerState.java:run(152)) - 92b94f51-580c-417a-a05c-41f2b10b52f6@group-6039E75BB31B-FollowerState was interrupted
2022-05-26 08:02:39,568 [grpc-default-executor-3] INFO  server.RaftServer$Division (RaftServerImpl.java:requestVote(1152)) - 5200d88f-cd34-4757-82bd-ce9e6826133e@group-6039E75BB31B: receive requestVote(ELECTION, f9ea974d-ae4d-4aef-b2c3-b9b1efab52be, group-6039E75BB31B, 1, (t:0, i:0))
2022-05-26 08:02:39,568 [grpc-default-executor-3] INFO  impl.VoteContext (VoteContext.java:log(48)) - 5200d88f-cd34-4757-82bd-ce9e6826133e@group-6039E75BB31B-FOLLOWER: reject ELECTION from f9ea974d-ae4d-4aef-b2c3-b9b1efab52be: our priority 1 > candidate's priority 0
2022-05-26 08:02:39,568 [grpc-default-executor-3] INFO  server.RaftServer$Division (RaftServerImpl.java:setRole(299)) - 5200d88f-cd34-4757-82bd-ce9e6826133e@group-6039E75BB31B: changes role from  FOLLOWER to FOLLOWER at term 1 for candidate:f9ea974d-ae4d-4aef-b2c3-b9b1efab52be
2022-05-26 08:02:39,568 [grpc-default-executor-3] INFO  impl.RoleInfo (RoleInfo.java:shutdownFollowerState(110)) - 5200d88f-cd34-4757-82bd-ce9e6826133e: shutdown 5200d88f-cd34-4757-82bd-ce9e6826133e@group-6039E75BB31B-FollowerState
2022-05-26 08:02:39,568 [grpc-default-executor-3] INFO  impl.RoleInfo (RoleInfo.java:updateAndGet(139)) - 5200d88f-cd34-4757-82bd-ce9e6826133e: start 5200d88f-cd34-4757-82bd-ce9e6826133e@group-6039E75BB31B-FollowerState
2022-05-26 08:02:39,568 [grpc-default-executor-0] INFO  server.RaftServer$Division (RaftServerImpl.java:requestVote(1184)) - 92b94f51-580c-417a-a05c-41f2b10b52f6@group-6039E75BB31B replies to ELECTION vote request: f9ea974d-ae4d-4aef-b2c3-b9b1efab52be<-92b94f51-580c-417a-a05c-41f2b10b52f6#0:OK-t1. Peer's state: 92b94f51-580c-417a-a05c-41f2b10b52f6@group-6039E75BB31B:t1, leader=null, voted=f9ea974d-ae4d-4aef-b2c3-b9b1efab52be, raftlog=92b94f51-580c-417a-a05c-41f2b10b52f6@group-6039E75BB31B-SegmentedRaftLog:OPENED:c-1, conf=-1: [f9ea974d-ae4d-4aef-b2c3-b9b1efab52be|rpc:10.1.0.14:44347|dataStream:|priority:0, 5200d88f-cd34-4757-82bd-ce9e6826133e|rpc:10.1.0.14:38169|dataStream:|priority:1, 92b94f51-580c-417a-a05c-41f2b10b52f6|rpc:10.1.0.14:33339|dataStream:|priority:0], old=null
2022-05-26 08:02:39,568 [5200d88f-cd34-4757-82bd-ce9e6826133e@group-6039E75BB31B-FollowerState] INFO  impl.FollowerState (FollowerState.java:run(152)) - 5200d88f-cd34-4757-82bd-ce9e6826133e@group-6039E75BB31B-FollowerState was interrupted
2022-05-26 08:02:39,577 [grpc-default-executor-3] INFO  server.RaftServer$Division (RaftServerImpl.java:requestVote(1184)) - 5200d88f-cd34-4757-82bd-ce9e6826133e@group-6039E75BB31B replies to ELECTION vote request: f9ea974d-ae4d-4aef-b2c3-b9b1efab52be<-5200d88f-cd34-4757-82bd-ce9e6826133e#0:FAIL-t1. Peer's state: 5200d88f-cd34-4757-82bd-ce9e6826133e@group-6039E75BB31B:t1, leader=null, voted=null, raftlog=5200d88f-cd34-4757-82bd-ce9e6826133e@group-6039E75BB31B-SegmentedRaftLog:OPENED:c-1, conf=-1: [f9ea974d-ae4d-4aef-b2c3-b9b1efab52be|rpc:10.1.0.14:44347|dataStream:|priority:0, 5200d88f-cd34-4757-82bd-ce9e6826133e|rpc:10.1.0.14:38169|dataStream:|priority:1, 92b94f51-580c-417a-a05c-41f2b10b52f6|rpc:10.1.0.14:33339|dataStream:|priority:0], old=null
2022-05-26 08:02:39,578 [f9ea974d-ae4d-4aef-b2c3-b9b1efab52be@group-6039E75BB31B-LeaderElection5] INFO  impl.LeaderElection (LeaderElection.java:logAndReturn(90)) - f9ea974d-ae4d-4aef-b2c3-b9b1efab52be@group-6039E75BB31B-LeaderElection5: ELECTION REJECTED received 2 response(s) and 0 exception(s):
2022-05-26 08:02:39,578 [f9ea974d-ae4d-4aef-b2c3-b9b1efab52be@group-6039E75BB31B-LeaderElection5] INFO  impl.LeaderElection (LeaderElection.java:logAndReturn(94)) -   Response 0: f9ea974d-ae4d-4aef-b2c3-b9b1efab52be<-5200d88f-cd34-4757-82bd-ce9e6826133e#0:FAIL-t1
2022-05-26 08:02:39,578 [f9ea974d-ae4d-4aef-b2c3-b9b1efab52be@group-6039E75BB31B-LeaderElection5] INFO  impl.LeaderElection (LeaderElection.java:logAndReturn(94)) -   Response 1: f9ea974d-ae4d-4aef-b2c3-b9b1efab52be<-92b94f51-580c-417a-a05c-41f2b10b52f6#0:OK-t1
2022-05-26 08:02:39,578 [f9ea974d-ae4d-4aef-b2c3-b9b1efab52be@group-6039E75BB31B-LeaderElection5] INFO  impl.LeaderElection (LeaderElection.java:askForVotes(312)) - f9ea974d-ae4d-4aef-b2c3-b9b1efab52be@group-6039E75BB31B-LeaderElection5 ELECTION round 0: result REJECTED
2022-05-26 08:02:39,578 [f9ea974d-ae4d-4aef-b2c3-b9b1efab52be@group-6039E75BB31B-LeaderElection5] INFO  server.RaftServer$Division (RaftServerImpl.java:setRole(299)) - f9ea974d-ae4d-4aef-b2c3-b9b1efab52be@group-6039E75BB31B: changes role from CANDIDATE to FOLLOWER at term 1 for REJECTED
2022-05-26 08:02:39,578 [f9ea974d-ae4d-4aef-b2c3-b9b1efab52be@group-6039E75BB31B-LeaderElection5] INFO  impl.RoleInfo (RoleInfo.java:shutdownLeaderElection(130)) - f9ea974d-ae4d-4aef-b2c3-b9b1efab52be: shutdown f9ea974d-ae4d-4aef-b2c3-b9b1efab52be@group-6039E75BB31B-LeaderElection5
2022-05-26 08:02:39,578 [f9ea974d-ae4d-4aef-b2c3-b9b1efab52be@group-6039E75BB31B-LeaderElection5] INFO  impl.RoleInfo (RoleInfo.java:updateAndGet(139)) - f9ea974d-ae4d-4aef-b2c3-b9b1efab52be: start f9ea974d-ae4d-4aef-b2c3-b9b1efab52be@group-6039E75BB31B-FollowerState
2022-05-26 08:02:39,747 [5200d88f-cd34-4757-82bd-ce9e6826133e@group-F1106F976ADC-FollowerState] INFO  impl.FollowerState (FollowerState.java:run(143)) - 5200d88f-cd34-4757-82bd-ce9e6826133e@group-F1106F976ADC-FollowerState: change to CANDIDATE, lastRpcElapsedTime:5138481729ns, electionTimeout:5138ms
2022-05-26 08:02:39,748 [5200d88f-cd34-4757-82bd-ce9e6826133e@group-F1106F976ADC-FollowerState] INFO  impl.RoleInfo (RoleInfo.java:shutdownFollowerState(110)) - 5200d88f-cd34-4757-82bd-ce9e6826133e: shutdown 5200d88f-cd34-4757-82bd-ce9e6826133e@group-F1106F976ADC-FollowerState
2022-05-26 08:02:39,748 [5200d88f-cd34-4757-82bd-ce9e6826133e@group-F1106F976ADC-FollowerState] INFO  server.RaftServer$Division (RaftServerImpl.java:setRole(299)) - 5200d88f-cd34-4757-82bd-ce9e6826133e@group-F1106F976ADC: changes role from  FOLLOWER to CANDIDATE at term 0 for changeToCandidate
2022-05-26 08:02:39,748 [5200d88f-cd34-4757-82bd-ce9e6826133e@group-F1106F976ADC-FollowerState] INFO  server.RaftServerConfigKeys (ConfUtils.java:logGet(46)) - raft.server.leaderelection.pre-vote = false (custom)
2022-05-26 08:02:39,748 [5200d88f-cd34-4757-82bd-ce9e6826133e@group-F1106F976ADC-FollowerState] INFO  impl.RoleInfo (RoleInfo.java:updateAndGet(139)) - 5200d88f-cd34-4757-82bd-ce9e6826133e: start 5200d88f-cd34-4757-82bd-ce9e6826133e@group-F1106F976ADC-LeaderElection6
2022-05-26 08:02:39,759 [5200d88f-cd34-4757-82bd-ce9e6826133e@group-F1106F976ADC-LeaderElection6] INFO  impl.LeaderElection (LeaderElection.java:askForVotes(310)) - 5200d88f-cd34-4757-82bd-ce9e6826133e@group-F1106F976ADC-LeaderElection6 ELECTION round 0: submit vote requests at term 1 for -1: [5200d88f-cd34-4757-82bd-ce9e6826133e|rpc:10.1.0.14:38169|priority:1], old=null
2022-05-26 08:02:39,759 [5200d88f-cd34-4757-82bd-ce9e6826133e@group-F1106F976ADC-LeaderElection6] INFO  impl.LeaderElection (LeaderElection.java:askForVotes(312)) - 5200d88f-cd34-4757-82bd-ce9e6826133e@group-F1106F976ADC-LeaderElection6 ELECTION round 0: result PASSED (term=1)
2022-05-26 08:02:39,759 [5200d88f-cd34-4757-82bd-ce9e6826133e@group-F1106F976ADC-LeaderElection6] INFO  impl.RoleInfo (RoleInfo.java:shutdownLeaderElection(130)) - 5200d88f-cd34-4757-82bd-ce9e6826133e: shutdown 5200d88f-cd34-4757-82bd-ce9e6826133e@group-F1106F976ADC-LeaderElection6
2022-05-26 08:02:39,759 [5200d88f-cd34-4757-82bd-ce9e6826133e@group-F1106F976ADC-LeaderElection6] INFO  server.RaftServer$Division (RaftServerImpl.java:setRole(299)) - 5200d88f-cd34-4757-82bd-ce9e6826133e@group-F1106F976ADC: changes role from CANDIDATE to LEADER at term 1 for changeToLeader
2022-05-26 08:02:39,759 [5200d88f-cd34-4757-82bd-ce9e6826133e@group-F1106F976ADC-LeaderElection6] INFO  ratis.XceiverServerRatis (XceiverServerRatis.java:handleLeaderChangedNotification(863)) - Leader change notification received for group: group-F1106F976ADC with new leaderId: 5200d88f-cd34-4757-82bd-ce9e6826133e
2022-05-26 08:02:39,759 [5200d88f-cd34-4757-82bd-ce9e6826133e@group-F1106F976ADC-LeaderElection6] INFO  server.RaftServer$Division (ServerState.java:setLeader(287)) - 5200d88f-cd34-4757-82bd-ce9e6826133e@group-F1106F976ADC: change Leader from null to 5200d88f-cd34-4757-82bd-ce9e6826133e at term 1 for becomeLeader, leader elected after 5158ms
2022-05-26 08:02:39,759 [5200d88f-cd34-4757-82bd-ce9e6826133e@group-F1106F976ADC-LeaderElection6] INFO  server.RaftServerConfigKeys (ConfUtils.java:logGet(46)) - raft.server.staging.catchup.gap = 1000 (default)
2022-05-26 08:02:39,760 [5200d88f-cd34-4757-82bd-ce9e6826133e@group-F1106F976ADC-LeaderElection6] INFO  server.RaftServerConfigKeys (ConfUtils.java:logGet(46)) - raft.server.write.element-limit = 1024 (custom)
2022-05-26 08:02:39,760 [5200d88f-cd34-4757-82bd-ce9e6826133e@group-F1106F976ADC-LeaderElection6] INFO  server.RaftServerConfigKeys (ConfUtils.java:logGet(46)) - raft.server.write.byte-limit = 1024 M (=1073741824) (custom)
2022-05-26 08:02:39,760 [5200d88f-cd34-4757-82bd-ce9e6826133e@group-F1106F976ADC-LeaderElection6] INFO  server.RaftServerConfigKeys (ConfUtils.java:logGet(46)) - raft.server.watch.timeout = 180s (custom)
2022-05-26 08:02:39,760 [5200d88f-cd34-4757-82bd-ce9e6826133e@group-F1106F976ADC-LeaderElection6] INFO  server.RaftServerConfigKeys (ConfUtils.java:logGet(46)) - raft.server.watch.timeout.denomination = 1s (default)
2022-05-26 08:02:39,760 [5200d88f-cd34-4757-82bd-ce9e6826133e@group-F1106F976ADC-LeaderElection6] INFO  server.RaftServerConfigKeys (ConfUtils.java:logGet(46)) - raft.server.watch.element-limit = 65536 (default)
2022-05-26 08:02:39,760 [5200d88f-cd34-4757-82bd-ce9e6826133e@group-F1106F976ADC-LeaderElection6] INFO  server.RaftServerConfigKeys (ConfUtils.java:logGet(46)) - raft.server.write.element-limit = 1024 (custom)
2022-05-26 08:02:39,760 [5200d88f-cd34-4757-82bd-ce9e6826133e@group-F1106F976ADC-LeaderElection6] INFO  server.RaftServerConfigKeys (ConfUtils.java:logGet(46)) - raft.server.write.follower.gap.ratio.max = -1.0 (default)
2022-05-26 08:02:39,760 [5200d88f-cd34-4757-82bd-ce9e6826133e@group-F1106F976ADC-LeaderElection6] INFO  impl.RoleInfo (RoleInfo.java:updateAndGet(139)) - 5200d88f-cd34-4757-82bd-ce9e6826133e: start 5200d88f-cd34-4757-82bd-ce9e6826133e@group-F1106F976ADC-LeaderStateImpl
2022-05-26 08:02:39,760 [5200d88f-cd34-4757-82bd-ce9e6826133e@group-F1106F976ADC-LeaderElection6] INFO  segmented.SegmentedRaftLogWorker (SegmentedRaftLogWorker.java:startLogSegment(425)) - 5200d88f-cd34-4757-82bd-ce9e6826133e@group-F1106F976ADC-SegmentedRaftLogWorker: Starting segment from index:0
2022-05-26 08:02:39,761 [5200d88f-cd34-4757-82bd-ce9e6826133e@group-F1106F976ADC-SegmentedRaftLogWorker] INFO  segmented.SegmentedRaftLogWorker (SegmentedRaftLogWorker.java:execute(629)) - 5200d88f-cd34-4757-82bd-ce9e6826133e@group-F1106F976ADC-SegmentedRaftLogWorker: created new log segment /home/runner/work/ozone/ozone/hadoop-ozone/integration-test/target/test-dir/MiniOzoneClusterImpl-17bb6255-4ab1-443a-98be-5fd7627ecb82/datanode-1/data/ratis/d56912b7-dbef-444c-bf41-f1106f976adc/current/log_inprogress_0
2022-05-26 08:02:39,765 [5200d88f-cd34-4757-82bd-ce9e6826133e@group-F1106F976ADC-LeaderElection6] INFO  server.RaftServer$Division (ServerState.java:setRaftConf(393)) - 5200d88f-cd34-4757-82bd-ce9e6826133e@group-F1106F976ADC: set configuration 0: [5200d88f-cd34-4757-82bd-ce9e6826133e|rpc:10.1.0.14:38169|dataStream:|priority:1], old=null
2022-05-26 08:02:39,878 [Listener at 127.0.0.1/46875] INFO  ozone.MiniOzoneClusterImpl (MiniOzoneClusterImpl.java:lambda$waitForClusterToBeReady$0(221)) - Nodes are ready. Got 3 of 3 DN Heartbeats.
2022-05-26 08:02:39,878 [Listener at 127.0.0.1/46875] INFO  ozone.MiniOzoneClusterImpl (MiniOzoneClusterImpl.java:lambda$waitForClusterToBeReady$0(224)) - Cluster exits safe mode
2022-05-26 08:02:39,878 [Listener at 127.0.0.1/46875] INFO  ozone.MiniOzoneClusterImpl (MiniOzoneClusterImpl.java:lambda$waitForClusterToBeReady$0(226)) - SCM became leader
2022-05-26 08:02:40,046 [92b94f51-580c-417a-a05c-41f2b10b52f6@group-2CD5BFE92DFC-FollowerState] INFO  impl.FollowerState (FollowerState.java:run(143)) - 92b94f51-580c-417a-a05c-41f2b10b52f6@group-2CD5BFE92DFC-FollowerState: change to CANDIDATE, lastRpcElapsedTime:5152145579ns, electionTimeout:5150ms
2022-05-26 08:02:40,046 [92b94f51-580c-417a-a05c-41f2b10b52f6@group-2CD5BFE92DFC-FollowerState] INFO  impl.RoleInfo (RoleInfo.java:shutdownFollowerState(110)) - 92b94f51-580c-417a-a05c-41f2b10b52f6: shutdown 92b94f51-580c-417a-a05c-41f2b10b52f6@group-2CD5BFE92DFC-FollowerState
2022-05-26 08:02:40,046 [92b94f51-580c-417a-a05c-41f2b10b52f6@group-2CD5BFE92DFC-FollowerState] INFO  server.RaftServer$Division (RaftServerImpl.java:setRole(299)) - 92b94f51-580c-417a-a05c-41f2b10b52f6@group-2CD5BFE92DFC: changes role from  FOLLOWER to CANDIDATE at term 0 for changeToCandidate
2022-05-26 08:02:40,046 [92b94f51-580c-417a-a05c-41f2b10b52f6@group-2CD5BFE92DFC-FollowerState] INFO  server.RaftServerConfigKeys (ConfUtils.java:logGet(46)) - raft.server.leaderelection.pre-vote = false (custom)
2022-05-26 08:02:40,046 [92b94f51-580c-417a-a05c-41f2b10b52f6@group-2CD5BFE92DFC-FollowerState] INFO  impl.RoleInfo (RoleInfo.java:updateAndGet(139)) - 92b94f51-580c-417a-a05c-41f2b10b52f6: start 92b94f51-580c-417a-a05c-41f2b10b52f6@group-2CD5BFE92DFC-LeaderElection7
2022-05-26 08:02:40,058 [92b94f51-580c-417a-a05c-41f2b10b52f6@group-2CD5BFE92DFC-LeaderElection7] INFO  impl.LeaderElection (LeaderElection.java:askForVotes(310)) - 92b94f51-580c-417a-a05c-41f2b10b52f6@group-2CD5BFE92DFC-LeaderElection7 ELECTION round 0: submit vote requests at term 1 for -1: [92b94f51-580c-417a-a05c-41f2b10b52f6|rpc:10.1.0.14:33339|priority:1], old=null
2022-05-26 08:02:40,059 [92b94f51-580c-417a-a05c-41f2b10b52f6@group-2CD5BFE92DFC-LeaderElection7] INFO  impl.LeaderElection (LeaderElection.java:askForVotes(312)) - 92b94f51-580c-417a-a05c-41f2b10b52f6@group-2CD5BFE92DFC-LeaderElection7 ELECTION round 0: result PASSED (term=1)
2022-05-26 08:02:40,059 [92b94f51-580c-417a-a05c-41f2b10b52f6@group-2CD5BFE92DFC-LeaderElection7] INFO  impl.RoleInfo (RoleInfo.java:shutdownLeaderElection(130)) - 92b94f51-580c-417a-a05c-41f2b10b52f6: shutdown 92b94f51-580c-417a-a05c-41f2b10b52f6@group-2CD5BFE92DFC-LeaderElection7
2022-05-26 08:02:40,059 [92b94f51-580c-417a-a05c-41f2b10b52f6@group-2CD5BFE92DFC-LeaderElection7] INFO  server.RaftServer$Division (RaftServerImpl.java:setRole(299)) - 92b94f51-580c-417a-a05c-41f2b10b52f6@group-2CD5BFE92DFC: changes role from CANDIDATE to LEADER at term 1 for changeToLeader
2022-05-26 08:02:40,059 [92b94f51-580c-417a-a05c-41f2b10b52f6@group-2CD5BFE92DFC-LeaderElection7] INFO  ratis.XceiverServerRatis (XceiverServerRatis.java:handleLeaderChangedNotification(863)) - Leader change notification received for group: group-2CD5BFE92DFC with new leaderId: 92b94f51-580c-417a-a05c-41f2b10b52f6
2022-05-26 08:02:40,059 [92b94f51-580c-417a-a05c-41f2b10b52f6@group-2CD5BFE92DFC-LeaderElection7] INFO  server.RaftServer$Division (ServerState.java:setLeader(287)) - 92b94f51-580c-417a-a05c-41f2b10b52f6@group-2CD5BFE92DFC: change Leader from null to 92b94f51-580c-417a-a05c-41f2b10b52f6 at term 1 for becomeLeader, leader elected after 5179ms
2022-05-26 08:02:40,059 [92b94f51-580c-417a-a05c-41f2b10b52f6@group-2CD5BFE92DFC-LeaderElection7] INFO  server.RaftServerConfigKeys (ConfUtils.java:logGet(46)) - raft.server.staging.catchup.gap = 1000 (default)
2022-05-26 08:02:40,059 [92b94f51-580c-417a-a05c-41f2b10b52f6@group-2CD5BFE92DFC-LeaderElection7] INFO  server.RaftServerConfigKeys (ConfUtils.java:logGet(46)) - raft.server.write.element-limit = 1024 (custom)
2022-05-26 08:02:40,059 [92b94f51-580c-417a-a05c-41f2b10b52f6@group-2CD5BFE92DFC-LeaderElection7] INFO  server.RaftServerConfigKeys (ConfUtils.java:logGet(46)) - raft.server.write.byte-limit = 1024 M (=1073741824) (custom)
2022-05-26 08:02:40,060 [92b94f51-580c-417a-a05c-41f2b10b52f6@group-2CD5BFE92DFC-LeaderElection7] INFO  server.RaftServerConfigKeys (ConfUtils.java:logGet(46)) - raft.server.watch.timeout = 180s (custom)
2022-05-26 08:02:40,060 [92b94f51-580c-417a-a05c-41f2b10b52f6@group-2CD5BFE92DFC-LeaderElection7] INFO  server.RaftServerConfigKeys (ConfUtils.java:logGet(46)) - raft.server.watch.timeout.denomination = 1s (default)
2022-05-26 08:02:40,060 [92b94f51-580c-417a-a05c-41f2b10b52f6@group-2CD5BFE92DFC-LeaderElection7] INFO  server.RaftServerConfigKeys (ConfUtils.java:logGet(46)) - raft.server.watch.element-limit = 65536 (default)
2022-05-26 08:02:40,060 [92b94f51-580c-417a-a05c-41f2b10b52f6@group-2CD5BFE92DFC-LeaderElection7] INFO  server.RaftServerConfigKeys (ConfUtils.java:logGet(46)) - raft.server.write.element-limit = 1024 (custom)
2022-05-26 08:02:40,060 [92b94f51-580c-417a-a05c-41f2b10b52f6@group-2CD5BFE92DFC-LeaderElection7] INFO  server.RaftServerConfigKeys (ConfUtils.java:logGet(46)) - raft.server.write.follower.gap.ratio.max = -1.0 (default)
2022-05-26 08:02:40,060 [92b94f51-580c-417a-a05c-41f2b10b52f6@group-2CD5BFE92DFC-LeaderElection7] INFO  impl.RoleInfo (RoleInfo.java:updateAndGet(139)) - 92b94f51-580c-417a-a05c-41f2b10b52f6: start 92b94f51-580c-417a-a05c-41f2b10b52f6@group-2CD5BFE92DFC-LeaderStateImpl
2022-05-26 08:02:40,060 [92b94f51-580c-417a-a05c-41f2b10b52f6@group-2CD5BFE92DFC-LeaderElection7] INFO  segmented.SegmentedRaftLogWorker (SegmentedRaftLogWorker.java:startLogSegment(425)) - 92b94f51-580c-417a-a05c-41f2b10b52f6@group-2CD5BFE92DFC-SegmentedRaftLogWorker: Starting segment from index:0
2022-05-26 08:02:40,062 [92b94f51-580c-417a-a05c-41f2b10b52f6@group-2CD5BFE92DFC-SegmentedRaftLogWorker] INFO  segmented.SegmentedRaftLogWorker (SegmentedRaftLogWorker.java:execute(629)) - 92b94f51-580c-417a-a05c-41f2b10b52f6@group-2CD5BFE92DFC-SegmentedRaftLogWorker: created new log segment /home/runner/work/ozone/ozone/hadoop-ozone/integration-test/target/test-dir/MiniOzoneClusterImpl-17bb6255-4ab1-443a-98be-5fd7627ecb82/datanode-2/data/ratis/655ac37a-56f4-425d-8a11-2cd5bfe92dfc/current/log_inprogress_0
2022-05-26 08:02:40,072 [92b94f51-580c-417a-a05c-41f2b10b52f6@group-2CD5BFE92DFC-LeaderElection7] INFO  server.RaftServer$Division (ServerState.java:setRaftConf(393)) - 92b94f51-580c-417a-a05c-41f2b10b52f6@group-2CD5BFE92DFC: set configuration 0: [92b94f51-580c-417a-a05c-41f2b10b52f6|rpc:10.1.0.14:33339|dataStream:|priority:1], old=null
2022-05-26 08:02:40,242 [Listener at 127.0.0.1/46875] INFO  rpc.RpcClient (RpcClient.java:createVolume(457)) - Creating Volume: 2bf1454e-b189-4153-b890-5df84478e076, with runner as owner and space quota set to -1 bytes, counts quota set to -1
2022-05-26 08:02:40,304 [OM StateMachine ApplyTransaction Thread - 0] INFO  volume.OMVolumeCreateRequest (OMVolumeCreateRequest.java:validateAndUpdateCache(195)) - created volume:2bf1454e-b189-4153-b890-5df84478e076 for user:runner
2022-05-26 08:02:40,309 [OM StateMachine ApplyTransaction Thread - 0] INFO  volume.OMVolumeCreateRequest (OMVolumeCreateRequest.java:validateAndUpdateCache(195)) - created volume:2bf1454e-b189-4153-b890-5df84478e076 for user:runner
2022-05-26 08:02:40,308 [OM StateMachine ApplyTransaction Thread - 0] INFO  volume.OMVolumeCreateRequest (OMVolumeCreateRequest.java:validateAndUpdateCache(195)) - created volume:2bf1454e-b189-4153-b890-5df84478e076 for user:runner
2022-05-26 08:02:40,320 [OM StateMachine ApplyTransaction Thread - 0] INFO  volume.OMVolumeCreateRequest (OMVolumeCreateRequest.java:validateAndUpdateCache(195)) - created volume:ecb98505-1757-4c8f-863f-7d98466da17b for user:runner
2022-05-26 08:02:40,331 [OM StateMachine ApplyTransaction Thread - 0] INFO  volume.OMVolumeCreateRequest (OMVolumeCreateRequest.java:validateAndUpdateCache(195)) - created volume:ecb98505-1757-4c8f-863f-7d98466da17b for user:runner
2022-05-26 08:02:40,332 [OM StateMachine ApplyTransaction Thread - 0] INFO  volume.OMVolumeCreateRequest (OMVolumeCreateRequest.java:validateAndUpdateCache(195)) - created volume:ecb98505-1757-4c8f-863f-7d98466da17b for user:runner
2022-05-26 08:02:44,578 [92b94f51-580c-417a-a05c-41f2b10b52f6@group-6039E75BB31B-FollowerState] INFO  impl.FollowerState (FollowerState.java:run(143)) - 92b94f51-580c-417a-a05c-41f2b10b52f6@group-6039E75BB31B-FollowerState: change to CANDIDATE, lastRpcElapsedTime:5009860432ns, electionTimeout:5009ms
2022-05-26 08:02:44,578 [92b94f51-580c-417a-a05c-41f2b10b52f6@group-6039E75BB31B-FollowerState] INFO  impl.RoleInfo (RoleInfo.java:shutdownFollowerState(110)) - 92b94f51-580c-417a-a05c-41f2b10b52f6: shutdown 92b94f51-580c-417a-a05c-41f2b10b52f6@group-6039E75BB31B-FollowerState
2022-05-26 08:02:44,578 [92b94f51-580c-417a-a05c-41f2b10b52f6@group-6039E75BB31B-FollowerState] INFO  server.RaftServer$Division (RaftServerImpl.java:setRole(299)) - 92b94f51-580c-417a-a05c-41f2b10b52f6@group-6039E75BB31B: changes role from  FOLLOWER to CANDIDATE at term 1 for changeToCandidate
2022-05-26 08:02:44,578 [92b94f51-580c-417a-a05c-41f2b10b52f6@group-6039E75BB31B-FollowerState] INFO  server.RaftServerConfigKeys (ConfUtils.java:logGet(46)) - raft.server.leaderelection.pre-vote = false (custom)
2022-05-26 08:02:44,578 [92b94f51-580c-417a-a05c-41f2b10b52f6@group-6039E75BB31B-FollowerState] INFO  impl.RoleInfo (RoleInfo.java:updateAndGet(139)) - 92b94f51-580c-417a-a05c-41f2b10b52f6: start 92b94f51-580c-417a-a05c-41f2b10b52f6@group-6039E75BB31B-LeaderElection8
2022-05-26 08:02:44,581 [92b94f51-580c-417a-a05c-41f2b10b52f6@group-6039E75BB31B-LeaderElection8] INFO  impl.LeaderElection (LeaderElection.java:askForVotes(310)) - 92b94f51-580c-417a-a05c-41f2b10b52f6@group-6039E75BB31B-LeaderElection8 ELECTION round 0: submit vote requests at term 2 for -1: [f9ea974d-ae4d-4aef-b2c3-b9b1efab52be|rpc:10.1.0.14:44347|dataStream:|priority:0, 5200d88f-cd34-4757-82bd-ce9e6826133e|rpc:10.1.0.14:38169|dataStream:|priority:1, 92b94f51-580c-417a-a05c-41f2b10b52f6|rpc:10.1.0.14:33339|dataStream:|priority:0], old=null
2022-05-26 08:02:44,592 [grpc-default-executor-3] INFO  server.RaftServer$Division (RaftServerImpl.java:requestVote(1152)) - 5200d88f-cd34-4757-82bd-ce9e6826133e@group-6039E75BB31B: receive requestVote(ELECTION, 92b94f51-580c-417a-a05c-41f2b10b52f6, group-6039E75BB31B, 2, (t:0, i:0))
2022-05-26 08:02:44,592 [grpc-default-executor-3] INFO  impl.VoteContext (VoteContext.java:log(48)) - 5200d88f-cd34-4757-82bd-ce9e6826133e@group-6039E75BB31B-FOLLOWER: reject ELECTION from 92b94f51-580c-417a-a05c-41f2b10b52f6: our priority 1 > candidate's priority 0
2022-05-26 08:02:44,592 [grpc-default-executor-3] INFO  server.RaftServer$Division (RaftServerImpl.java:setRole(299)) - 5200d88f-cd34-4757-82bd-ce9e6826133e@group-6039E75BB31B: changes role from  FOLLOWER to FOLLOWER at term 2 for candidate:92b94f51-580c-417a-a05c-41f2b10b52f6
2022-05-26 08:02:44,592 [grpc-default-executor-3] INFO  impl.RoleInfo (RoleInfo.java:shutdownFollowerState(110)) - 5200d88f-cd34-4757-82bd-ce9e6826133e: shutdown 5200d88f-cd34-4757-82bd-ce9e6826133e@group-6039E75BB31B-FollowerState
2022-05-26 08:02:44,592 [grpc-default-executor-3] INFO  impl.RoleInfo (RoleInfo.java:updateAndGet(139)) - 5200d88f-cd34-4757-82bd-ce9e6826133e: start 5200d88f-cd34-4757-82bd-ce9e6826133e@group-6039E75BB31B-FollowerState
2022-05-26 08:02:44,593 [5200d88f-cd34-4757-82bd-ce9e6826133e@group-6039E75BB31B-FollowerState] INFO  impl.FollowerState (FollowerState.java:run(152)) - 5200d88f-cd34-4757-82bd-ce9e6826133e@group-6039E75BB31B-FollowerState was interrupted
2022-05-26 08:02:44,595 [grpc-default-executor-3] INFO  server.RaftServer$Division (RaftServerImpl.java:requestVote(1184)) - 5200d88f-cd34-4757-82bd-ce9e6826133e@group-6039E75BB31B replies to ELECTION vote request: 92b94f51-580c-417a-a05c-41f2b10b52f6<-5200d88f-cd34-4757-82bd-ce9e6826133e#0:FAIL-t2. Peer's state: 5200d88f-cd34-4757-82bd-ce9e6826133e@group-6039E75BB31B:t2, leader=null, voted=null, raftlog=5200d88f-cd34-4757-82bd-ce9e6826133e@group-6039E75BB31B-SegmentedRaftLog:OPENED:c-1, conf=-1: [f9ea974d-ae4d-4aef-b2c3-b9b1efab52be|rpc:10.1.0.14:44347|dataStream:|priority:0, 5200d88f-cd34-4757-82bd-ce9e6826133e|rpc:10.1.0.14:38169|dataStream:|priority:1, 92b94f51-580c-417a-a05c-41f2b10b52f6|rpc:10.1.0.14:33339|dataStream:|priority:0], old=null
2022-05-26 08:02:44,596 [92b94f51-580c-417a-a05c-41f2b10b52f6@group-6039E75BB31B-LeaderElection8] INFO  impl.LeaderElection (LeaderElection.java:logAndReturn(90)) - 92b94f51-580c-417a-a05c-41f2b10b52f6@group-6039E75BB31B-LeaderElection8: ELECTION REJECTED received 1 response(s) and 0 exception(s):
2022-05-26 08:02:44,596 [92b94f51-580c-417a-a05c-41f2b10b52f6@group-6039E75BB31B-LeaderElection8] INFO  impl.LeaderElection (LeaderElection.java:logAndReturn(94)) -   Response 0: 92b94f51-580c-417a-a05c-41f2b10b52f6<-5200d88f-cd34-4757-82bd-ce9e6826133e#0:FAIL-t2
2022-05-26 08:02:44,596 [92b94f51-580c-417a-a05c-41f2b10b52f6@group-6039E75BB31B-LeaderElection8] INFO  impl.LeaderElection (LeaderElection.java:askForVotes(312)) - 92b94f51-580c-417a-a05c-41f2b10b52f6@group-6039E75BB31B-LeaderElection8 ELECTION round 0: result REJECTED
2022-05-26 08:02:44,598 [92b94f51-580c-417a-a05c-41f2b10b52f6@group-6039E75BB31B-LeaderElection8] INFO  server.RaftServer$Division (RaftServerImpl.java:setRole(299)) - 92b94f51-580c-417a-a05c-41f2b10b52f6@group-6039E75BB31B: changes role from CANDIDATE to FOLLOWER at term 2 for REJECTED
2022-05-26 08:02:44,598 [92b94f51-580c-417a-a05c-41f2b10b52f6@group-6039E75BB31B-LeaderElection8] INFO  impl.RoleInfo (RoleInfo.java:shutdownLeaderElection(130)) - 92b94f51-580c-417a-a05c-41f2b10b52f6: shutdown 92b94f51-580c-417a-a05c-41f2b10b52f6@group-6039E75BB31B-LeaderElection8
2022-05-26 08:02:44,598 [92b94f51-580c-417a-a05c-41f2b10b52f6@group-6039E75BB31B-LeaderElection8] INFO  impl.RoleInfo (RoleInfo.java:updateAndGet(139)) - 92b94f51-580c-417a-a05c-41f2b10b52f6: start 92b94f51-580c-417a-a05c-41f2b10b52f6@group-6039E75BB31B-FollowerState
2022-05-26 08:02:44,604 [grpc-default-executor-0] INFO  server.RaftServer$Division (RaftServerImpl.java:requestVote(1152)) - f9ea974d-ae4d-4aef-b2c3-b9b1efab52be@group-6039E75BB31B: receive requestVote(ELECTION, 92b94f51-580c-417a-a05c-41f2b10b52f6, group-6039E75BB31B, 2, (t:0, i:0))
2022-05-26 08:02:44,606 [grpc-default-executor-0] INFO  impl.VoteContext (VoteContext.java:log(48)) - f9ea974d-ae4d-4aef-b2c3-b9b1efab52be@group-6039E75BB31B-FOLLOWER: accept ELECTION from 92b94f51-580c-417a-a05c-41f2b10b52f6: our priority 0 <= candidate's priority 0
2022-05-26 08:02:44,606 [grpc-default-executor-0] INFO  server.RaftServer$Division (RaftServerImpl.java:setRole(299)) - f9ea974d-ae4d-4aef-b2c3-b9b1efab52be@group-6039E75BB31B: changes role from  FOLLOWER to FOLLOWER at term 2 for candidate:92b94f51-580c-417a-a05c-41f2b10b52f6
2022-05-26 08:02:44,606 [grpc-default-executor-0] INFO  impl.RoleInfo (RoleInfo.java:shutdownFollowerState(110)) - f9ea974d-ae4d-4aef-b2c3-b9b1efab52be: shutdown f9ea974d-ae4d-4aef-b2c3-b9b1efab52be@group-6039E75BB31B-FollowerState
2022-05-26 08:02:44,606 [grpc-default-executor-0] INFO  impl.RoleInfo (RoleInfo.java:updateAndGet(139)) - f9ea974d-ae4d-4aef-b2c3-b9b1efab52be: start f9ea974d-ae4d-4aef-b2c3-b9b1efab52be@group-6039E75BB31B-FollowerState
2022-05-26 08:02:44,606 [f9ea974d-ae4d-4aef-b2c3-b9b1efab52be@group-6039E75BB31B-FollowerState] INFO  impl.FollowerState (FollowerState.java:run(152)) - f9ea974d-ae4d-4aef-b2c3-b9b1efab52be@group-6039E75BB31B-FollowerState was interrupted
2022-05-26 08:02:44,613 [grpc-default-executor-0] INFO  server.RaftServer$Division (RaftServerImpl.java:requestVote(1184)) - f9ea974d-ae4d-4aef-b2c3-b9b1efab52be@group-6039E75BB31B replies to ELECTION vote request: 92b94f51-580c-417a-a05c-41f2b10b52f6<-f9ea974d-ae4d-4aef-b2c3-b9b1efab52be#0:OK-t2. Peer's state: f9ea974d-ae4d-4aef-b2c3-b9b1efab52be@group-6039E75BB31B:t2, leader=null, voted=92b94f51-580c-417a-a05c-41f2b10b52f6, raftlog=f9ea974d-ae4d-4aef-b2c3-b9b1efab52be@group-6039E75BB31B-SegmentedRaftLog:OPENED:c-1, conf=-1: [f9ea974d-ae4d-4aef-b2c3-b9b1efab52be|rpc:10.1.0.14:44347|priority:0, 5200d88f-cd34-4757-82bd-ce9e6826133e|rpc:10.1.0.14:38169|priority:1, 92b94f51-580c-417a-a05c-41f2b10b52f6|rpc:10.1.0.14:33339|priority:0], old=null
2022-05-26 08:02:49,627 [92b94f51-580c-417a-a05c-41f2b10b52f6@group-6039E75BB31B-FollowerState] INFO  impl.FollowerState (FollowerState.java:run(143)) - 92b94f51-580c-417a-a05c-41f2b10b52f6@group-6039E75BB31B-FollowerState: change to CANDIDATE, lastRpcElapsedTime:5028819687ns, electionTimeout:5020ms
2022-05-26 08:02:49,627 [92b94f51-580c-417a-a05c-41f2b10b52f6@group-6039E75BB31B-FollowerState] INFO  impl.RoleInfo (RoleInfo.java:shutdownFollowerState(110)) - 92b94f51-580c-417a-a05c-41f2b10b52f6: shutdown 92b94f51-580c-417a-a05c-41f2b10b52f6@group-6039E75BB31B-FollowerState
2022-05-26 08:02:49,627 [92b94f51-580c-417a-a05c-41f2b10b52f6@group-6039E75BB31B-FollowerState] INFO  server.RaftServer$Division (RaftServerImpl.java:setRole(299)) - 92b94f51-580c-417a-a05c-41f2b10b52f6@group-6039E75BB31B: changes role from  FOLLOWER to CANDIDATE at term 2 for changeToCandidate
2022-05-26 08:02:49,627 [92b94f51-580c-417a-a05c-41f2b10b52f6@group-6039E75BB31B-FollowerState] INFO  server.RaftServerConfigKeys (ConfUtils.java:logGet(46)) - raft.server.leaderelection.pre-vote = false (custom)
2022-05-26 08:02:49,627 [92b94f51-580c-417a-a05c-41f2b10b52f6@group-6039E75BB31B-FollowerState] INFO  impl.RoleInfo (RoleInfo.java:updateAndGet(139)) - 92b94f51-580c-417a-a05c-41f2b10b52f6: start 92b94f51-580c-417a-a05c-41f2b10b52f6@group-6039E75BB31B-LeaderElection9
2022-05-26 08:02:49,629 [92b94f51-580c-417a-a05c-41f2b10b52f6@group-6039E75BB31B-LeaderElection9] INFO  impl.LeaderElection (LeaderElection.java:askForVotes(310)) - 92b94f51-580c-417a-a05c-41f2b10b52f6@group-6039E75BB31B-LeaderElection9 ELECTION round 0: submit vote requests at term 3 for -1: [f9ea974d-ae4d-4aef-b2c3-b9b1efab52be|rpc:10.1.0.14:44347|dataStream:|priority:0, 5200d88f-cd34-4757-82bd-ce9e6826133e|rpc:10.1.0.14:38169|dataStream:|priority:1, 92b94f51-580c-417a-a05c-41f2b10b52f6|rpc:10.1.0.14:33339|dataStream:|priority:0], old=null
2022-05-26 08:02:49,633 [grpc-default-executor-3] INFO  server.RaftServer$Division (RaftServerImpl.java:requestVote(1152)) - 5200d88f-cd34-4757-82bd-ce9e6826133e@group-6039E75BB31B: receive requestVote(ELECTION, 92b94f51-580c-417a-a05c-41f2b10b52f6, group-6039E75BB31B, 3, (t:0, i:0))
2022-05-26 08:02:49,633 [grpc-default-executor-0] INFO  server.RaftServer$Division (RaftServerImpl.java:requestVote(1152)) - f9ea974d-ae4d-4aef-b2c3-b9b1efab52be@group-6039E75BB31B: receive requestVote(ELECTION, 92b94f51-580c-417a-a05c-41f2b10b52f6, group-6039E75BB31B, 3, (t:0, i:0))
2022-05-26 08:02:49,633 [grpc-default-executor-0] INFO  impl.VoteContext (VoteContext.java:log(48)) - f9ea974d-ae4d-4aef-b2c3-b9b1efab52be@group-6039E75BB31B-FOLLOWER: accept ELECTION from 92b94f51-580c-417a-a05c-41f2b10b52f6: our priority 0 <= candidate's priority 0
2022-05-26 08:02:49,633 [grpc-default-executor-0] INFO  server.RaftServer$Division (RaftServerImpl.java:setRole(299)) - f9ea974d-ae4d-4aef-b2c3-b9b1efab52be@group-6039E75BB31B: changes role from  FOLLOWER to FOLLOWER at term 3 for candidate:92b94f51-580c-417a-a05c-41f2b10b52f6
2022-05-26 08:02:49,633 [grpc-default-executor-0] INFO  impl.RoleInfo (RoleInfo.java:shutdownFollowerState(110)) - f9ea974d-ae4d-4aef-b2c3-b9b1efab52be: shutdown f9ea974d-ae4d-4aef-b2c3-b9b1efab52be@group-6039E75BB31B-FollowerState
2022-05-26 08:02:49,634 [grpc-default-executor-0] INFO  impl.RoleInfo (RoleInfo.java:updateAndGet(139)) - f9ea974d-ae4d-4aef-b2c3-b9b1efab52be: start f9ea974d-ae4d-4aef-b2c3-b9b1efab52be@group-6039E75BB31B-FollowerState
2022-05-26 08:02:49,635 [f9ea974d-ae4d-4aef-b2c3-b9b1efab52be@group-6039E75BB31B-FollowerState] INFO  impl.FollowerState (FollowerState.java:run(152)) - f9ea974d-ae4d-4aef-b2c3-b9b1efab52be@group-6039E75BB31B-FollowerState was interrupted
2022-05-26 08:02:49,633 [grpc-default-executor-3] INFO  impl.VoteContext (VoteContext.java:log(48)) - 5200d88f-cd34-4757-82bd-ce9e6826133e@group-6039E75BB31B-FOLLOWER: reject ELECTION from 92b94f51-580c-417a-a05c-41f2b10b52f6: our priority 1 > candidate's priority 0
2022-05-26 08:02:49,635 [grpc-default-executor-3] INFO  server.RaftServer$Division (RaftServerImpl.java:setRole(299)) - 5200d88f-cd34-4757-82bd-ce9e6826133e@group-6039E75BB31B: changes role from  FOLLOWER to FOLLOWER at term 3 for candidate:92b94f51-580c-417a-a05c-41f2b10b52f6
2022-05-26 08:02:49,635 [grpc-default-executor-3] INFO  impl.RoleInfo (RoleInfo.java:shutdownFollowerState(110)) - 5200d88f-cd34-4757-82bd-ce9e6826133e: shutdown 5200d88f-cd34-4757-82bd-ce9e6826133e@group-6039E75BB31B-FollowerState
2022-05-26 08:02:49,635 [grpc-default-executor-3] INFO  impl.RoleInfo (RoleInfo.java:updateAndGet(139)) - 5200d88f-cd34-4757-82bd-ce9e6826133e: start 5200d88f-cd34-4757-82bd-ce9e6826133e@group-6039E75BB31B-FollowerState
2022-05-26 08:02:49,635 [5200d88f-cd34-4757-82bd-ce9e6826133e@group-6039E75BB31B-FollowerState] INFO  impl.FollowerState (FollowerState.java:run(152)) - 5200d88f-cd34-4757-82bd-ce9e6826133e@group-6039E75BB31B-FollowerState was interrupted
2022-05-26 08:02:49,642 [grpc-default-executor-0] INFO  server.RaftServer$Division (RaftServerImpl.java:requestVote(1184)) - f9ea974d-ae4d-4aef-b2c3-b9b1efab52be@group-6039E75BB31B replies to ELECTION vote request: 92b94f51-580c-417a-a05c-41f2b10b52f6<-f9ea974d-ae4d-4aef-b2c3-b9b1efab52be#0:OK-t3. Peer's state: f9ea974d-ae4d-4aef-b2c3-b9b1efab52be@group-6039E75BB31B:t3, leader=null, voted=92b94f51-580c-417a-a05c-41f2b10b52f6, raftlog=f9ea974d-ae4d-4aef-b2c3-b9b1efab52be@group-6039E75BB31B-SegmentedRaftLog:OPENED:c-1, conf=-1: [f9ea974d-ae4d-4aef-b2c3-b9b1efab52be|rpc:10.1.0.14:44347|priority:0, 5200d88f-cd34-4757-82bd-ce9e6826133e|rpc:10.1.0.14:38169|priority:1, 92b94f51-580c-417a-a05c-41f2b10b52f6|rpc:10.1.0.14:33339|priority:0], old=null
2022-05-26 08:02:49,645 [grpc-default-executor-3] INFO  server.RaftServer$Division (RaftServerImpl.java:requestVote(1184)) - 5200d88f-cd34-4757-82bd-ce9e6826133e@group-6039E75BB31B replies to ELECTION vote request: 92b94f51-580c-417a-a05c-41f2b10b52f6<-5200d88f-cd34-4757-82bd-ce9e6826133e#0:FAIL-t3. Peer's state: 5200d88f-cd34-4757-82bd-ce9e6826133e@group-6039E75BB31B:t3, leader=null, voted=null, raftlog=5200d88f-cd34-4757-82bd-ce9e6826133e@group-6039E75BB31B-SegmentedRaftLog:OPENED:c-1, conf=-1: [f9ea974d-ae4d-4aef-b2c3-b9b1efab52be|rpc:10.1.0.14:44347|dataStream:|priority:0, 5200d88f-cd34-4757-82bd-ce9e6826133e|rpc:10.1.0.14:38169|dataStream:|priority:1, 92b94f51-580c-417a-a05c-41f2b10b52f6|rpc:10.1.0.14:33339|dataStream:|priority:0], old=null
2022-05-26 08:02:49,646 [92b94f51-580c-417a-a05c-41f2b10b52f6@group-6039E75BB31B-LeaderElection9] INFO  impl.LeaderElection (LeaderElection.java:logAndReturn(90)) - 92b94f51-580c-417a-a05c-41f2b10b52f6@group-6039E75BB31B-LeaderElection9: ELECTION REJECTED received 2 response(s) and 0 exception(s):
2022-05-26 08:02:49,646 [92b94f51-580c-417a-a05c-41f2b10b52f6@group-6039E75BB31B-LeaderElection9] INFO  impl.LeaderElection (LeaderElection.java:logAndReturn(94)) -   Response 0: 92b94f51-580c-417a-a05c-41f2b10b52f6<-f9ea974d-ae4d-4aef-b2c3-b9b1efab52be#0:OK-t3
2022-05-26 08:02:49,646 [92b94f51-580c-417a-a05c-41f2b10b52f6@group-6039E75BB31B-LeaderElection9] INFO  impl.LeaderElection (LeaderElection.java:logAndReturn(94)) -   Response 1: 92b94f51-580c-417a-a05c-41f2b10b52f6<-5200d88f-cd34-4757-82bd-ce9e6826133e#0:FAIL-t3
2022-05-26 08:02:49,646 [92b94f51-580c-417a-a05c-41f2b10b52f6@group-6039E75BB31B-LeaderElection9] INFO  impl.LeaderElection (LeaderElection.java:askForVotes(312)) - 92b94f51-580c-417a-a05c-41f2b10b52f6@group-6039E75BB31B-LeaderElection9 ELECTION round 0: result REJECTED
2022-05-26 08:02:49,646 [92b94f51-580c-417a-a05c-41f2b10b52f6@group-6039E75BB31B-LeaderElection9] INFO  server.RaftServer$Division (RaftServerImpl.java:setRole(299)) - 92b94f51-580c-417a-a05c-41f2b10b52f6@group-6039E75BB31B: changes role from CANDIDATE to FOLLOWER at term 3 for REJECTED
2022-05-26 08:02:49,646 [92b94f51-580c-417a-a05c-41f2b10b52f6@group-6039E75BB31B-LeaderElection9] INFO  impl.RoleInfo (RoleInfo.java:shutdownLeaderElection(130)) - 92b94f51-580c-417a-a05c-41f2b10b52f6: shutdown 92b94f51-580c-417a-a05c-41f2b10b52f6@group-6039E75BB31B-LeaderElection9
2022-05-26 08:02:49,647 [92b94f51-580c-417a-a05c-41f2b10b52f6@group-6039E75BB31B-LeaderElection9] INFO  impl.RoleInfo (RoleInfo.java:updateAndGet(139)) - 92b94f51-580c-417a-a05c-41f2b10b52f6: start 92b94f51-580c-417a-a05c-41f2b10b52f6@group-6039E75BB31B-FollowerState
2022-05-26 08:02:54,729 [5200d88f-cd34-4757-82bd-ce9e6826133e@group-6039E75BB31B-FollowerState] INFO  impl.FollowerState (FollowerState.java:run(143)) - 5200d88f-cd34-4757-82bd-ce9e6826133e@group-6039E75BB31B-FollowerState: change to CANDIDATE, lastRpcElapsedTime:5093932516ns, electionTimeout:5085ms
2022-05-26 08:02:54,730 [5200d88f-cd34-4757-82bd-ce9e6826133e@group-6039E75BB31B-FollowerState] INFO  impl.RoleInfo (RoleInfo.java:shutdownFollowerState(110)) - 5200d88f-cd34-4757-82bd-ce9e6826133e: shutdown 5200d88f-cd34-4757-82bd-ce9e6826133e@group-6039E75BB31B-FollowerState
2022-05-26 08:02:54,730 [5200d88f-cd34-4757-82bd-ce9e6826133e@group-6039E75BB31B-FollowerState] INFO  server.RaftServer$Division (RaftServerImpl.java:setRole(299)) - 5200d88f-cd34-4757-82bd-ce9e6826133e@group-6039E75BB31B: changes role from  FOLLOWER to CANDIDATE at term 3 for changeToCandidate
2022-05-26 08:02:54,730 [5200d88f-cd34-4757-82bd-ce9e6826133e@group-6039E75BB31B-FollowerState] INFO  server.RaftServerConfigKeys (ConfUtils.java:logGet(46)) - raft.server.leaderelection.pre-vote = false (custom)
2022-05-26 08:02:54,730 [5200d88f-cd34-4757-82bd-ce9e6826133e@group-6039E75BB31B-FollowerState] INFO  impl.RoleInfo (RoleInfo.java:updateAndGet(139)) - 5200d88f-cd34-4757-82bd-ce9e6826133e: start 5200d88f-cd34-4757-82bd-ce9e6826133e@group-6039E75BB31B-LeaderElection10
2022-05-26 08:02:54,734 [5200d88f-cd34-4757-82bd-ce9e6826133e@group-6039E75BB31B-LeaderElection10] INFO  impl.LeaderElection (LeaderElection.java:askForVotes(310)) - 5200d88f-cd34-4757-82bd-ce9e6826133e@group-6039E75BB31B-LeaderElection10 ELECTION round 0: submit vote requests at term 4 for -1: [f9ea974d-ae4d-4aef-b2c3-b9b1efab52be|rpc:10.1.0.14:44347|dataStream:|priority:0, 5200d88f-cd34-4757-82bd-ce9e6826133e|rpc:10.1.0.14:38169|dataStream:|priority:1, 92b94f51-580c-417a-a05c-41f2b10b52f6|rpc:10.1.0.14:33339|dataStream:|priority:0], old=null
2022-05-26 08:02:54,744 [grpc-default-executor-0] INFO  server.RaftServer$Division (RaftServerImpl.java:requestVote(1152)) - f9ea974d-ae4d-4aef-b2c3-b9b1efab52be@group-6039E75BB31B: receive requestVote(ELECTION, 5200d88f-cd34-4757-82bd-ce9e6826133e, group-6039E75BB31B, 4, (t:0, i:0))
2022-05-26 08:02:54,744 [grpc-default-executor-0] INFO  impl.VoteContext (VoteContext.java:log(48)) - f9ea974d-ae4d-4aef-b2c3-b9b1efab52be@group-6039E75BB31B-FOLLOWER: accept ELECTION from 5200d88f-cd34-4757-82bd-ce9e6826133e: our priority 0 <= candidate's priority 1
2022-05-26 08:02:54,744 [grpc-default-executor-0] INFO  server.RaftServer$Division (RaftServerImpl.java:setRole(299)) - f9ea974d-ae4d-4aef-b2c3-b9b1efab52be@group-6039E75BB31B: changes role from  FOLLOWER to FOLLOWER at term 4 for candidate:5200d88f-cd34-4757-82bd-ce9e6826133e
2022-05-26 08:02:54,744 [grpc-default-executor-0] INFO  impl.RoleInfo (RoleInfo.java:shutdownFollowerState(110)) - f9ea974d-ae4d-4aef-b2c3-b9b1efab52be: shutdown f9ea974d-ae4d-4aef-b2c3-b9b1efab52be@group-6039E75BB31B-FollowerState
2022-05-26 08:02:54,744 [grpc-default-executor-0] INFO  impl.RoleInfo (RoleInfo.java:updateAndGet(139)) - f9ea974d-ae4d-4aef-b2c3-b9b1efab52be: start f9ea974d-ae4d-4aef-b2c3-b9b1efab52be@group-6039E75BB31B-FollowerState
2022-05-26 08:02:54,744 [f9ea974d-ae4d-4aef-b2c3-b9b1efab52be@group-6039E75BB31B-FollowerState] INFO  impl.FollowerState (FollowerState.java:run(152)) - f9ea974d-ae4d-4aef-b2c3-b9b1efab52be@group-6039E75BB31B-FollowerState was interrupted
2022-05-26 08:02:54,751 [grpc-default-executor-0] INFO  server.RaftServer$Division (RaftServerImpl.java:requestVote(1184)) - f9ea974d-ae4d-4aef-b2c3-b9b1efab52be@group-6039E75BB31B replies to ELECTION vote request: 5200d88f-cd34-4757-82bd-ce9e6826133e<-f9ea974d-ae4d-4aef-b2c3-b9b1efab52be#0:OK-t4. Peer's state: f9ea974d-ae4d-4aef-b2c3-b9b1efab52be@group-6039E75BB31B:t4, leader=null, voted=5200d88f-cd34-4757-82bd-ce9e6826133e, raftlog=f9ea974d-ae4d-4aef-b2c3-b9b1efab52be@group-6039E75BB31B-SegmentedRaftLog:OPENED:c-1, conf=-1: [f9ea974d-ae4d-4aef-b2c3-b9b1efab52be|rpc:10.1.0.14:44347|priority:0, 5200d88f-cd34-4757-82bd-ce9e6826133e|rpc:10.1.0.14:38169|priority:1, 92b94f51-580c-417a-a05c-41f2b10b52f6|rpc:10.1.0.14:33339|priority:0], old=null
2022-05-26 08:02:54,753 [5200d88f-cd34-4757-82bd-ce9e6826133e@group-6039E75BB31B-LeaderElection10] INFO  impl.LeaderElection (LeaderElection.java:logAndReturn(90)) - 5200d88f-cd34-4757-82bd-ce9e6826133e@group-6039E75BB31B-LeaderElection10: ELECTION PASSED received 1 response(s) and 0 exception(s):
2022-05-26 08:02:54,753 [5200d88f-cd34-4757-82bd-ce9e6826133e@group-6039E75BB31B-LeaderElection10] INFO  impl.LeaderElection (LeaderElection.java:logAndReturn(94)) -   Response 0: 5200d88f-cd34-4757-82bd-ce9e6826133e<-f9ea974d-ae4d-4aef-b2c3-b9b1efab52be#0:OK-t4
2022-05-26 08:02:54,753 [5200d88f-cd34-4757-82bd-ce9e6826133e@group-6039E75BB31B-LeaderElection10] INFO  impl.LeaderElection (LeaderElection.java:askForVotes(312)) - 5200d88f-cd34-4757-82bd-ce9e6826133e@group-6039E75BB31B-LeaderElection10 ELECTION round 0: result PASSED
2022-05-26 08:02:54,753 [5200d88f-cd34-4757-82bd-ce9e6826133e@group-6039E75BB31B-LeaderElection10] INFO  impl.RoleInfo (RoleInfo.java:shutdownLeaderElection(130)) - 5200d88f-cd34-4757-82bd-ce9e6826133e: shutdown 5200d88f-cd34-4757-82bd-ce9e6826133e@group-6039E75BB31B-LeaderElection10
2022-05-26 08:02:54,753 [5200d88f-cd34-4757-82bd-ce9e6826133e@group-6039E75BB31B-LeaderElection10] INFO  server.RaftServer$Division (RaftServerImpl.java:setRole(299)) - 5200d88f-cd34-4757-82bd-ce9e6826133e@group-6039E75BB31B: changes role from CANDIDATE to LEADER at term 4 for changeToLeader
2022-05-26 08:02:54,753 [5200d88f-cd34-4757-82bd-ce9e6826133e@group-6039E75BB31B-LeaderElection10] INFO  ratis.XceiverServerRatis (XceiverServerRatis.java:handleLeaderChangedNotification(863)) - Leader change notification received for group: group-6039E75BB31B with new leaderId: 5200d88f-cd34-4757-82bd-ce9e6826133e
2022-05-26 08:02:54,753 [5200d88f-cd34-4757-82bd-ce9e6826133e@group-6039E75BB31B-LeaderElection10] INFO  server.RaftServer$Division (ServerState.java:setLeader(287)) - 5200d88f-cd34-4757-82bd-ce9e6826133e@group-6039E75BB31B: change Leader from null to 5200d88f-cd34-4757-82bd-ce9e6826133e at term 4 for becomeLeader, leader elected after 20253ms
2022-05-26 08:02:54,753 [5200d88f-cd34-4757-82bd-ce9e6826133e@group-6039E75BB31B-LeaderElection10] INFO  server.RaftServerConfigKeys (ConfUtils.java:logGet(46)) - raft.server.staging.catchup.gap = 1000 (default)
2022-05-26 08:02:54,753 [5200d88f-cd34-4757-82bd-ce9e6826133e@group-6039E75BB31B-LeaderElection10] INFO  server.RaftServerConfigKeys (ConfUtils.java:logGet(46)) - raft.server.write.element-limit = 1024 (custom)
2022-05-26 08:02:54,753 [5200d88f-cd34-4757-82bd-ce9e6826133e@group-6039E75BB31B-LeaderElection10] INFO  server.RaftServerConfigKeys (ConfUtils.java:logGet(46)) - raft.server.write.byte-limit = 1024 M (=1073741824) (custom)
2022-05-26 08:02:54,755 [EventQueue-PipelineReportForPipelineReportHandler] INFO  pipeline.PipelineManagerImpl (PipelineManagerImpl.java:openPipeline(336)) - Pipeline Pipeline[ Id: a555b6dc-8538-4622-abb1-6039e75bb31b, Nodes: 92b94f51-580c-417a-a05c-41f2b10b52f6{ip: 10.1.0.14, host: fv-az35-51.xim1osirhgvujn4yg5hone0yza.gx.internal.cloudapp.net, ports: [REPLICATION=42285, RATIS=33339, RATIS_ADMIN=33339, RATIS_SERVER=33339, STANDALONE=40211], networkLocation: /default-rack, certSerialId: null, persistedOpState: IN_SERVICE, persistedOpStateExpiryEpochSec: 0}5200d88f-cd34-4757-82bd-ce9e6826133e{ip: 10.1.0.14, host: fv-az35-51.xim1osirhgvujn4yg5hone0yza.gx.internal.cloudapp.net, ports: [REPLICATION=33223, RATIS=38169, RATIS_ADMIN=38169, RATIS_SERVER=38169, STANDALONE=34933], networkLocation: /default-rack, certSerialId: null, persistedOpState: IN_SERVICE, persistedOpStateExpiryEpochSec: 0}f9ea974d-ae4d-4aef-b2c3-b9b1efab52be{ip: 10.1.0.14, host: fv-az35-51.xim1osirhgvujn4yg5hone0yza.gx.internal.cloudapp.net, ports: [REPLICATION=33351, RATIS=44347, RATIS_ADMIN=44347, RATIS_SERVER=44347, STANDALONE=44357], networkLocation: /default-rack, certSerialId: null, persistedOpState: IN_SERVICE, persistedOpStateExpiryEpochSec: 0}, ReplicationConfig: RATIS/THREE, State:ALLOCATED, leaderId:5200d88f-cd34-4757-82bd-ce9e6826133e, CreationTimestamp2022-05-26T08:02:31.883Z[Etc/UTC]] moved to OPEN state
2022-05-26 08:02:54,756 [5200d88f-cd34-4757-82bd-ce9e6826133e@group-6039E75BB31B-LeaderElection10] INFO  server.RaftServerConfigKeys (ConfUtils.java:logGet(46)) - raft.server.watch.timeout = 180s (custom)
2022-05-26 08:02:54,764 [5200d88f-cd34-4757-82bd-ce9e6826133e@group-6039E75BB31B-LeaderElection10] INFO  server.RaftServerConfigKeys (ConfUtils.java:logGet(46)) - raft.server.watch.timeout.denomination = 1s (default)
2022-05-26 08:02:54,764 [5200d88f-cd34-4757-82bd-ce9e6826133e@group-6039E75BB31B-LeaderElection10] INFO  server.RaftServerConfigKeys (ConfUtils.java:logGet(46)) - raft.server.watch.element-limit = 65536 (default)
2022-05-26 08:02:54,764 [5200d88f-cd34-4757-82bd-ce9e6826133e@group-6039E75BB31B-LeaderElection10] INFO  server.RaftServerConfigKeys (ConfUtils.java:logGet(46)) - raft.server.write.element-limit = 1024 (custom)
2022-05-26 08:02:54,764 [5200d88f-cd34-4757-82bd-ce9e6826133e@group-6039E75BB31B-LeaderElection10] INFO  server.RaftServerConfigKeys (ConfUtils.java:logGet(46)) - raft.server.write.follower.gap.ratio.max = -1.0 (default)
2022-05-26 08:02:54,765 [grpc-default-executor-0] INFO  server.RaftServer$Division (RaftServerImpl.java:requestVote(1152)) - 92b94f51-580c-417a-a05c-41f2b10b52f6@group-6039E75BB31B: receive requestVote(ELECTION, 5200d88f-cd34-4757-82bd-ce9e6826133e, group-6039E75BB31B, 4, (t:0, i:0))
2022-05-26 08:02:54,765 [grpc-default-executor-0] INFO  impl.VoteContext (VoteContext.java:log(48)) - 92b94f51-580c-417a-a05c-41f2b10b52f6@group-6039E75BB31B-FOLLOWER: accept ELECTION from 5200d88f-cd34-4757-82bd-ce9e6826133e: our priority 0 <= candidate's priority 1
2022-05-26 08:02:54,765 [grpc-default-executor-0] INFO  server.RaftServer$Division (RaftServerImpl.java:setRole(299)) - 92b94f51-580c-417a-a05c-41f2b10b52f6@group-6039E75BB31B: changes role from  FOLLOWER to FOLLOWER at term 4 for candidate:5200d88f-cd34-4757-82bd-ce9e6826133e
2022-05-26 08:02:54,765 [grpc-default-executor-0] INFO  impl.RoleInfo (RoleInfo.java:shutdownFollowerState(110)) - 92b94f51-580c-417a-a05c-41f2b10b52f6: shutdown 92b94f51-580c-417a-a05c-41f2b10b52f6@group-6039E75BB31B-FollowerState
2022-05-26 08:02:54,765 [grpc-default-executor-0] INFO  impl.RoleInfo (RoleInfo.java:updateAndGet(139)) - 92b94f51-580c-417a-a05c-41f2b10b52f6: start 92b94f51-580c-417a-a05c-41f2b10b52f6@group-6039E75BB31B-FollowerState
2022-05-26 08:02:54,766 [92b94f51-580c-417a-a05c-41f2b10b52f6@group-6039E75BB31B-FollowerState] INFO  impl.FollowerState (FollowerState.java:run(152)) - 92b94f51-580c-417a-a05c-41f2b10b52f6@group-6039E75BB31B-FollowerState was interrupted
2022-05-26 08:02:54,766 [5200d88f-cd34-4757-82bd-ce9e6826133e@group-6039E75BB31B-LeaderElection10] INFO  server.RaftServerConfigKeys (ConfUtils.java:logGet(46)) - raft.server.log.appender.snapshot.chunk.size.max = 16MB (=16777216) (default)
2022-05-26 08:02:54,766 [5200d88f-cd34-4757-82bd-ce9e6826133e@group-6039E75BB31B-LeaderElection10] INFO  server.RaftServerConfigKeys (ConfUtils.java:logGet(46)) - raft.server.log.appender.buffer.byte-limit = 33554432 (custom)
2022-05-26 08:02:54,766 [5200d88f-cd34-4757-82bd-ce9e6826133e@group-6039E75BB31B-LeaderElection10] INFO  server.RaftServerConfigKeys (ConfUtils.java:logGet(46)) - raft.server.log.appender.buffer.element-limit = 1 (custom)
2022-05-26 08:02:54,766 [5200d88f-cd34-4757-82bd-ce9e6826133e@group-6039E75BB31B-LeaderElection10] INFO  grpc.GrpcConfigKeys (ConfUtils.java:logGet(46)) - raft.grpc.server.leader.outstanding.appends.max = 128 (default)
2022-05-26 08:02:54,767 [5200d88f-cd34-4757-82bd-ce9e6826133e@group-6039E75BB31B-LeaderElection10] INFO  server.RaftServerConfigKeys (ConfUtils.java:logGet(46)) - raft.server.rpc.request.timeout = 60s (custom)
2022-05-26 08:02:54,767 [5200d88f-cd34-4757-82bd-ce9e6826133e@group-6039E75BB31B-LeaderElection10] INFO  server.RaftServerConfigKeys (ConfUtils.java:logGet(46)) - raft.server.log.appender.install.snapshot.enabled = false (custom)
2022-05-26 08:02:54,768 [5200d88f-cd34-4757-82bd-ce9e6826133e@group-6039E75BB31B-LeaderElection10] INFO  server.RaftServerConfigKeys (ConfUtils.java:logGet(46)) - raft.server.log.appender.snapshot.chunk.size.max = 16MB (=16777216) (default)
2022-05-26 08:02:54,768 [5200d88f-cd34-4757-82bd-ce9e6826133e@group-6039E75BB31B-LeaderElection10] INFO  server.RaftServerConfigKeys (ConfUtils.java:logGet(46)) - raft.server.log.appender.buffer.byte-limit = 33554432 (custom)
2022-05-26 08:02:54,768 [5200d88f-cd34-4757-82bd-ce9e6826133e@group-6039E75BB31B-LeaderElection10] INFO  server.RaftServerConfigKeys (ConfUtils.java:logGet(46)) - raft.server.log.appender.buffer.element-limit = 1 (custom)
2022-05-26 08:02:54,768 [5200d88f-cd34-4757-82bd-ce9e6826133e@group-6039E75BB31B-LeaderElection10] INFO  grpc.GrpcConfigKeys (ConfUtils.java:logGet(46)) - raft.grpc.server.leader.outstanding.appends.max = 128 (default)
2022-05-26 08:02:54,768 [5200d88f-cd34-4757-82bd-ce9e6826133e@group-6039E75BB31B-LeaderElection10] INFO  server.RaftServerConfigKeys (ConfUtils.java:logGet(46)) - raft.server.rpc.request.timeout = 60s (custom)
2022-05-26 08:02:54,768 [5200d88f-cd34-4757-82bd-ce9e6826133e@group-6039E75BB31B-LeaderElection10] INFO  server.RaftServerConfigKeys (ConfUtils.java:logGet(46)) - raft.server.log.appender.install.snapshot.enabled = false (custom)
2022-05-26 08:02:54,768 [grpc-default-executor-0] INFO  server.RaftServer$Division (RaftServerImpl.java:requestVote(1184)) - 92b94f51-580c-417a-a05c-41f2b10b52f6@group-6039E75BB31B replies to ELECTION vote request: 5200d88f-cd34-4757-82bd-ce9e6826133e<-92b94f51-580c-417a-a05c-41f2b10b52f6#0:OK-t4. Peer's state: 92b94f51-580c-417a-a05c-41f2b10b52f6@group-6039E75BB31B:t4, leader=null, voted=5200d88f-cd34-4757-82bd-ce9e6826133e, raftlog=92b94f51-580c-417a-a05c-41f2b10b52f6@group-6039E75BB31B-SegmentedRaftLog:OPENED:c-1, conf=-1: [f9ea974d-ae4d-4aef-b2c3-b9b1efab52be|rpc:10.1.0.14:44347|dataStream:|priority:0, 5200d88f-cd34-4757-82bd-ce9e6826133e|rpc:10.1.0.14:38169|dataStream:|priority:1, 92b94f51-580c-417a-a05c-41f2b10b52f6|rpc:10.1.0.14:33339|dataStream:|priority:0], old=null
2022-05-26 08:02:54,768 [5200d88f-cd34-4757-82bd-ce9e6826133e@group-6039E75BB31B-LeaderElection10] INFO  impl.RoleInfo (RoleInfo.java:updateAndGet(139)) - 5200d88f-cd34-4757-82bd-ce9e6826133e: start 5200d88f-cd34-4757-82bd-ce9e6826133e@group-6039E75BB31B-LeaderStateImpl
2022-05-26 08:02:54,768 [5200d88f-cd34-4757-82bd-ce9e6826133e@group-6039E75BB31B-LeaderElection10] INFO  segmented.SegmentedRaftLogWorker (SegmentedRaftLogWorker.java:startLogSegment(425)) - 5200d88f-cd34-4757-82bd-ce9e6826133e@group-6039E75BB31B-SegmentedRaftLogWorker: Starting segment from index:0
2022-05-26 08:02:54,770 [5200d88f-cd34-4757-82bd-ce9e6826133e@group-6039E75BB31B-SegmentedRaftLogWorker] INFO  segmented.SegmentedRaftLogWorker (SegmentedRaftLogWorker.java:execute(629)) - 5200d88f-cd34-4757-82bd-ce9e6826133e@group-6039E75BB31B-SegmentedRaftLogWorker: created new log segment /home/runner/work/ozone/ozone/hadoop-ozone/integration-test/target/test-dir/MiniOzoneClusterImpl-17bb6255-4ab1-443a-98be-5fd7627ecb82/datanode-1/data/ratis/a555b6dc-8538-4622-abb1-6039e75bb31b/current/log_inprogress_0
2022-05-26 08:02:54,771 [5200d88f-cd34-4757-82bd-ce9e6826133e@group-6039E75BB31B-LeaderElection10] INFO  server.RaftServer$Division (ServerState.java:setRaftConf(393)) - 5200d88f-cd34-4757-82bd-ce9e6826133e@group-6039E75BB31B: set configuration 0: [f9ea974d-ae4d-4aef-b2c3-b9b1efab52be|rpc:10.1.0.14:44347|dataStream:|priority:0, 5200d88f-cd34-4757-82bd-ce9e6826133e|rpc:10.1.0.14:38169|dataStream:|priority:1, 92b94f51-580c-417a-a05c-41f2b10b52f6|rpc:10.1.0.14:33339|dataStream:|priority:0], old=null
2022-05-26 08:02:54,784 [f9ea974d-ae4d-4aef-b2c3-b9b1efab52be-server-thread1] INFO  ratis.XceiverServerRatis (XceiverServerRatis.java:handleLeaderChangedNotification(863)) - Leader change notification received for group: group-6039E75BB31B with new leaderId: 5200d88f-cd34-4757-82bd-ce9e6826133e
2022-05-26 08:02:54,784 [f9ea974d-ae4d-4aef-b2c3-b9b1efab52be-server-thread1] INFO  server.RaftServer$Division (ServerState.java:setLeader(287)) - f9ea974d-ae4d-4aef-b2c3-b9b1efab52be@group-6039E75BB31B: change Leader from null to 5200d88f-cd34-4757-82bd-ce9e6826133e at term 4 for appendEntries, leader elected after 20352ms
2022-05-26 08:02:54,786 [f9ea974d-ae4d-4aef-b2c3-b9b1efab52be-server-thread1] INFO  server.RaftServer$Division (ServerState.java:setRaftConf(393)) - f9ea974d-ae4d-4aef-b2c3-b9b1efab52be@group-6039E75BB31B: set configuration 0: [f9ea974d-ae4d-4aef-b2c3-b9b1efab52be|rpc:10.1.0.14:44347|dataStream:|priority:0, 5200d88f-cd34-4757-82bd-ce9e6826133e|rpc:10.1.0.14:38169|dataStream:|priority:1, 92b94f51-580c-417a-a05c-41f2b10b52f6|rpc:10.1.0.14:33339|dataStream:|priority:0], old=null
2022-05-26 08:02:54,786 [92b94f51-580c-417a-a05c-41f2b10b52f6-server-thread1] INFO  ratis.XceiverServerRatis (XceiverServerRatis.java:handleLeaderChangedNotification(863)) - Leader change notification received for group: group-6039E75BB31B with new leaderId: 5200d88f-cd34-4757-82bd-ce9e6826133e
2022-05-26 08:02:54,786 [f9ea974d-ae4d-4aef-b2c3-b9b1efab52be-server-thread1] INFO  segmented.SegmentedRaftLogWorker (SegmentedRaftLogWorker.java:startLogSegment(425)) - f9ea974d-ae4d-4aef-b2c3-b9b1efab52be@group-6039E75BB31B-SegmentedRaftLogWorker: Starting segment from index:0
2022-05-26 08:02:54,786 [92b94f51-580c-417a-a05c-41f2b10b52f6-server-thread1] INFO  server.RaftServer$Division (ServerState.java:setLeader(287)) - 92b94f51-580c-417a-a05c-41f2b10b52f6@group-6039E75BB31B: change Leader from null to 5200d88f-cd34-4757-82bd-ce9e6826133e at term 4 for appendEntries, leader elected after 20325ms
2022-05-26 08:02:54,789 [f9ea974d-ae4d-4aef-b2c3-b9b1efab52be@group-6039E75BB31B-SegmentedRaftLogWorker] INFO  segmented.SegmentedRaftLogWorker (SegmentedRaftLogWorker.java:execute(629)) - f9ea974d-ae4d-4aef-b2c3-b9b1efab52be@group-6039E75BB31B-SegmentedRaftLogWorker: created new log segment /home/runner/work/ozone/ozone/hadoop-ozone/integration-test/target/test-dir/MiniOzoneClusterImpl-17bb6255-4ab1-443a-98be-5fd7627ecb82/datanode-0/data/ratis/a555b6dc-8538-4622-abb1-6039e75bb31b/current/log_inprogress_0
2022-05-26 08:02:54,801 [92b94f51-580c-417a-a05c-41f2b10b52f6-server-thread2] INFO  server.RaftServer$Division (ServerState.java:setRaftConf(393)) - 92b94f51-580c-417a-a05c-41f2b10b52f6@group-6039E75BB31B: set configuration 0: [f9ea974d-ae4d-4aef-b2c3-b9b1efab52be|rpc:10.1.0.14:44347|dataStream:|priority:0, 5200d88f-cd34-4757-82bd-ce9e6826133e|rpc:10.1.0.14:38169|dataStream:|priority:1, 92b94f51-580c-417a-a05c-41f2b10b52f6|rpc:10.1.0.14:33339|dataStream:|priority:0], old=null
2022-05-26 08:02:54,801 [92b94f51-580c-417a-a05c-41f2b10b52f6-server-thread2] INFO  segmented.SegmentedRaftLogWorker (SegmentedRaftLogWorker.java:startLogSegment(425)) - 92b94f51-580c-417a-a05c-41f2b10b52f6@group-6039E75BB31B-SegmentedRaftLogWorker: Starting segment from index:0
2022-05-26 08:02:54,802 [92b94f51-580c-417a-a05c-41f2b10b52f6@group-6039E75BB31B-SegmentedRaftLogWorker] INFO  segmented.SegmentedRaftLogWorker (SegmentedRaftLogWorker.java:execute(629)) - 92b94f51-580c-417a-a05c-41f2b10b52f6@group-6039E75BB31B-SegmentedRaftLogWorker: created new log segment /home/runner/work/ozone/ozone/hadoop-ozone/integration-test/target/test-dir/MiniOzoneClusterImpl-17bb6255-4ab1-443a-98be-5fd7627ecb82/datanode-2/data/ratis/a555b6dc-8538-4622-abb1-6039e75bb31b/current/log_inprogress_0
08:03:15.351 [OM StateMachine ApplyTransaction Thread - 0] ERROR OMAudit - user= | ip= | op=CREATE_VOLUME {admin=runner, owner=runner, volume=ecb98505-1757-4c8f-863f-7d98466da17b, creationTime=0, modificationTime=0, quotaInBytes=0, quotaInNamespace=-2, usedNamespace=0, objectID=-9223372036854774528, updateID=5} | ret=FAILURE
org.apache.hadoop.ozone.om.exceptions.OMException: Volume already exists
	at org.apache.hadoop.ozone.om.request.volume.OMVolumeCreateRequest.validateAndUpdateCache(OMVolumeCreateRequest.java:153) ~[ozone-manager-1.3.0-SNAPSHOT.jar:?]
	at org.apache.hadoop.ozone.protocolPB.OzoneManagerRequestHandler.handleWriteRequest(OzoneManagerRequestHandler.java:258) ~[ozone-manager-1.3.0-SNAPSHOT.jar:?]
	at org.apache.hadoop.ozone.om.ratis.OzoneManagerStateMachine.runCommand(OzoneManagerStateMachine.java:524) ~[ozone-manager-1.3.0-SNAPSHOT.jar:?]
	at org.apache.hadoop.ozone.om.ratis.OzoneManagerStateMachine.lambda$1(OzoneManagerStateMachine.java:319) ~[ozone-manager-1.3.0-SNAPSHOT.jar:?]
	at java.util.concurrent.CompletableFuture$AsyncSupply.run(CompletableFuture.java:1604) [?:1.8.0_332]
	at java.util.concurrent.ThreadPoolExecutor.runWorker(ThreadPoolExecutor.java:1149) [?:1.8.0_332]
	at java.util.concurrent.ThreadPoolExecutor$Worker.run(ThreadPoolExecutor.java:624) [?:1.8.0_332]
	at java.lang.Thread.run(Thread.java:750) [?:1.8.0_332]
08:03:15.351 [OM StateMachine ApplyTransaction Thread - 0] ERROR OMAudit - user= | ip= | op=CREATE_VOLUME {admin=runner, owner=runner, volume=ecb98505-1757-4c8f-863f-7d98466da17b, creationTime=0, modificationTime=0, quotaInBytes=0, quotaInNamespace=-2, usedNamespace=0, objectID=-9223372036854774528, updateID=5} | ret=FAILURE
org.apache.hadoop.ozone.om.exceptions.OMException: Volume already exists
	at org.apache.hadoop.ozone.om.request.volume.OMVolumeCreateRequest.validateAndUpdateCache(OMVolumeCreateRequest.java:153) ~[ozone-manager-1.3.0-SNAPSHOT.jar:?]
	at org.apache.hadoop.ozone.protocolPB.OzoneManagerRequestHandler.handleWriteRequest(OzoneManagerRequestHandler.java:258) ~[ozone-manager-1.3.0-SNAPSHOT.jar:?]
	at org.apache.hadoop.ozone.om.ratis.OzoneManagerStateMachine.runCommand(OzoneManagerStateMachine.java:524) ~[ozone-manager-1.3.0-SNAPSHOT.jar:?]
	at org.apache.hadoop.ozone.om.ratis.OzoneManagerStateMachine.lambda$1(OzoneManagerStateMachine.java:319) ~[ozone-manager-1.3.0-SNAPSHOT.jar:?]
	at java.util.concurrent.CompletableFuture$AsyncSupply.run(CompletableFuture.java:1604) [?:1.8.0_332]
	at java.util.concurrent.ThreadPoolExecutor.runWorker(ThreadPoolExecutor.java:1149) [?:1.8.0_332]
	at java.util.concurrent.ThreadPoolExecutor$Worker.run(ThreadPoolExecutor.java:624) [?:1.8.0_332]
	at java.lang.Thread.run(Thread.java:750) [?:1.8.0_332]
08:03:15.354 [OM StateMachine ApplyTransaction Thread - 0] ERROR OMAudit - user= | ip= | op=CREATE_VOLUME {admin=runner, owner=runner, volume=ecb98505-1757-4c8f-863f-7d98466da17b, creationTime=0, modificationTime=0, quotaInBytes=0, quotaInNamespace=-2, usedNamespace=0, objectID=-9223372036854774528, updateID=5} | ret=FAILURE
org.apache.hadoop.ozone.om.exceptions.OMException: Volume already exists
	at org.apache.hadoop.ozone.om.request.volume.OMVolumeCreateRequest.validateAndUpdateCache(OMVolumeCreateRequest.java:153) ~[ozone-manager-1.3.0-SNAPSHOT.jar:?]
	at org.apache.hadoop.ozone.protocolPB.OzoneManagerRequestHandler.handleWriteRequest(OzoneManagerRequestHandler.java:258) ~[ozone-manager-1.3.0-SNAPSHOT.jar:?]
	at org.apache.hadoop.ozone.om.ratis.OzoneManagerStateMachine.runCommand(OzoneManagerStateMachine.java:524) ~[ozone-manager-1.3.0-SNAPSHOT.jar:?]
	at org.apache.hadoop.ozone.om.ratis.OzoneManagerStateMachine.lambda$1(OzoneManagerStateMachine.java:319) ~[ozone-manager-1.3.0-SNAPSHOT.jar:?]
	at java.util.concurrent.CompletableFuture$AsyncSupply.run(CompletableFuture.java:1604) [?:1.8.0_332]
	at java.util.concurrent.ThreadPoolExecutor.runWorker(ThreadPoolExecutor.java:1149) [?:1.8.0_332]
	at java.util.concurrent.ThreadPoolExecutor$Worker.run(ThreadPoolExecutor.java:624) [?:1.8.0_332]
	at java.lang.Thread.run(Thread.java:750) [?:1.8.0_332]
2022-05-26 08:03:15,365 [OM StateMachine ApplyTransaction Thread - 0] ERROR volume.OMVolumeCreateRequest (OMVolumeCreateRequest.java:validateAndUpdateCache(198)) - Volume creation failed for user:runner volume:ecb98505-1757-4c8f-863f-7d98466da17b
VOLUME_ALREADY_EXISTS org.apache.hadoop.ozone.om.exceptions.OMException: Volume already exists
	at org.apache.hadoop.ozone.om.request.volume.OMVolumeCreateRequest.validateAndUpdateCache(OMVolumeCreateRequest.java:153)
	at org.apache.hadoop.ozone.protocolPB.OzoneManagerRequestHandler.handleWriteRequest(OzoneManagerRequestHandler.java:258)
	at org.apache.hadoop.ozone.om.ratis.OzoneManagerStateMachine.runCommand(OzoneManagerStateMachine.java:524)
	at org.apache.hadoop.ozone.om.ratis.OzoneManagerStateMachine.lambda$1(OzoneManagerStateMachine.java:319)
	at java.util.concurrent.CompletableFuture$AsyncSupply.run(CompletableFuture.java:1604)
	at java.util.concurrent.ThreadPoolExecutor.runWorker(ThreadPoolExecutor.java:1149)
	at java.util.concurrent.ThreadPoolExecutor$Worker.run(ThreadPoolExecutor.java:624)
	at java.lang.Thread.run(Thread.java:750)
2022-05-26 08:03:15,365 [OM StateMachine ApplyTransaction Thread - 0] ERROR volume.OMVolumeCreateRequest (OMVolumeCreateRequest.java:validateAndUpdateCache(198)) - Volume creation failed for user:runner volume:ecb98505-1757-4c8f-863f-7d98466da17b
VOLUME_ALREADY_EXISTS org.apache.hadoop.ozone.om.exceptions.OMException: Volume already exists
	at org.apache.hadoop.ozone.om.request.volume.OMVolumeCreateRequest.validateAndUpdateCache(OMVolumeCreateRequest.java:153)
	at org.apache.hadoop.ozone.protocolPB.OzoneManagerRequestHandler.handleWriteRequest(OzoneManagerRequestHandler.java:258)
	at org.apache.hadoop.ozone.om.ratis.OzoneManagerStateMachine.runCommand(OzoneManagerStateMachine.java:524)
	at org.apache.hadoop.ozone.om.ratis.OzoneManagerStateMachine.lambda$1(OzoneManagerStateMachine.java:319)
	at java.util.concurrent.CompletableFuture$AsyncSupply.run(CompletableFuture.java:1604)
	at java.util.concurrent.ThreadPoolExecutor.runWorker(ThreadPoolExecutor.java:1149)
	at java.util.concurrent.ThreadPoolExecutor$Worker.run(ThreadPoolExecutor.java:624)
	at java.lang.Thread.run(Thread.java:750)
2022-05-26 08:03:15,365 [OM StateMachine ApplyTransaction Thread - 0] ERROR volume.OMVolumeCreateRequest (OMVolumeCreateRequest.java:validateAndUpdateCache(198)) - Volume creation failed for user:runner volume:ecb98505-1757-4c8f-863f-7d98466da17b
VOLUME_ALREADY_EXISTS org.apache.hadoop.ozone.om.exceptions.OMException: Volume already exists
	at org.apache.hadoop.ozone.om.request.volume.OMVolumeCreateRequest.validateAndUpdateCache(OMVolumeCreateRequest.java:153)
	at org.apache.hadoop.ozone.protocolPB.OzoneManagerRequestHandler.handleWriteRequest(OzoneManagerRequestHandler.java:258)
	at org.apache.hadoop.ozone.om.ratis.OzoneManagerStateMachine.runCommand(OzoneManagerStateMachine.java:524)
	at org.apache.hadoop.ozone.om.ratis.OzoneManagerStateMachine.lambda$1(OzoneManagerStateMachine.java:319)
	at java.util.concurrent.CompletableFuture$AsyncSupply.run(CompletableFuture.java:1604)
	at java.util.concurrent.ThreadPoolExecutor.runWorker(ThreadPoolExecutor.java:1149)
	at java.util.concurrent.ThreadPoolExecutor$Worker.run(ThreadPoolExecutor.java:624)
	at java.lang.Thread.run(Thread.java:750)
2022-05-26 08:03:15,375 [Listener at 127.0.0.1/46875] INFO  om.OzoneManager (OzoneManager.java:stop(1960)) - omNode-3[localhost:46875]: Stopping Ozone Manager
2022-05-26 08:03:15,376 [Listener at 127.0.0.1/46875] INFO  ipc.Server (Server.java:stop(3414)) - Stopping server on 46875
2022-05-26 08:03:15,387 [IPC Server listener on 46875] INFO  ipc.Server (Server.java:run(1376)) - Stopping IPC Server listener on 46875
2022-05-26 08:03:15,387 [IPC Server Responder] INFO  ipc.Server (Server.java:run(1512)) - Stopping IPC Server Responder
2022-05-26 08:03:15,389 [Listener at 127.0.0.1/46875] INFO  server.RaftServer (RaftServerProxy.java:lambda$close$7(398)) - omNode-3: close
2022-05-26 08:03:15,390 [Listener at 127.0.0.1/46875] INFO  server.RaftServer$Division (RaftServerImpl.java:lambda$close$4(434)) - omNode-3@group-523986131536: shutdown
2022-05-26 08:03:15,390 [Listener at 127.0.0.1/46875] INFO  util.JmxRegister (JmxRegister.java:unregister(73)) - Successfully un-registered JMX Bean with object name Ratis:service=RaftServer,group=group-523986131536,id=omNode-3
2022-05-26 08:03:15,390 [Listener at 127.0.0.1/46875] INFO  impl.RoleInfo (RoleInfo.java:shutdownFollowerState(110)) - omNode-3: shutdown omNode-3@group-523986131536-FollowerState
2022-05-26 08:03:15,391 [omNode-3@group-523986131536-StateMachineUpdater] INFO  ratis.OzoneManagerStateMachine (OzoneManagerStateMachine.java:takeSnapshot(436)) - Current Snapshot Index (t:1, i:5)
2022-05-26 08:03:15,393 [omNode-3@group-523986131536-StateMachineUpdater] INFO  impl.StateMachineUpdater (StateMachineUpdater.java:takeSnapshot(287)) - omNode-3@group-523986131536-StateMachineUpdater: Took a snapshot at index 5
2022-05-26 08:03:15,393 [omNode-3@group-523986131536-StateMachineUpdater] INFO  impl.StateMachineUpdater (StateMachineUpdater.java:lambda$new$0(92)) - omNode-3@group-523986131536-StateMachineUpdater: snapshotIndex: updateIncreasingly -1 -> 5
2022-05-26 08:03:15,393 [omNode-3@group-523986131536-StateMachineUpdater] INFO  ratis.OzoneManagerStateMachine (OzoneManagerStateMachine.java:close(490)) - StateMachine has shutdown. Shutdown OzoneManager if not already shutdown.
2022-05-26 08:03:15,393 [omNode-3@group-523986131536-StateMachineUpdater] INFO  ratis.OzoneManagerDoubleBuffer (OzoneManagerDoubleBuffer.java:stop(465)) - Stopping OMDoubleBuffer flush thread
2022-05-26 08:03:15,393 [Listener at 127.0.0.1/46875] INFO  impl.StateMachineUpdater (StateMachineUpdater.java:stopAndJoin(153)) - omNode-3@group-523986131536-StateMachineUpdater: set stopIndex = 5
2022-05-26 08:03:15,394 [OMDoubleBufferFlushThread] INFO  ratis.OzoneManagerDoubleBuffer (OzoneManagerDoubleBuffer.java:flushTransactions(385)) - OMDoubleBuffer flush thread OMDoubleBufferFlushThread is interrupted and will exit.
2022-05-26 08:03:15,394 [omNode-3@group-523986131536-FollowerState] INFO  impl.FollowerState (FollowerState.java:run(152)) - omNode-3@group-523986131536-FollowerState was interrupted
2022-05-26 08:03:15,396 [Listener at 127.0.0.1/46875] INFO  server.RaftServer$Division (ServerState.java:close(429)) - omNode-3@group-523986131536: closes. applyIndex: 5
2022-05-26 08:03:15,397 [omNode-3@group-523986131536-SegmentedRaftLogWorker] INFO  segmented.SegmentedRaftLogWorker (SegmentedRaftLogWorker.java:run(336)) - omNode-3@group-523986131536-SegmentedRaftLogWorker was interrupted, exiting. There are 0 tasks remaining in the queue.
2022-05-26 08:03:15,398 [Listener at 127.0.0.1/46875] INFO  segmented.SegmentedRaftLogWorker (SegmentedRaftLogWorker.java:close(246)) - omNode-3@group-523986131536-SegmentedRaftLogWorker close()
2022-05-26 08:03:15,400 [Listener at 127.0.0.1/46875] INFO  server.GrpcService (GrpcService.java:closeImpl(269)) - omNode-3: shutdown server with port 42233 now
2022-05-26 08:03:15,412 [grpc-default-executor-1] WARN  server.GrpcServerProtocolService (LogUtils.java:warn(122)) - omNode-3: installSnapshot onError, lastRequest: omNode-1->omNode-3#211-t1,previous=(t:1, i:5),leaderCommit=5,initializing? true,entries: size=1, first=(t:1, i:6), METADATAENTRY(c:5): org.apache.ratis.thirdparty.io.grpc.StatusRuntimeException: CANCELLED: client cancelled
2022-05-26 08:03:15,413 [Listener at 127.0.0.1/46875] INFO  server.GrpcService (GrpcService.java:closeImpl(278)) - omNode-3: shutdown server with port 42233 successfully
2022-05-26 08:03:15,413 [org.apache.ratis.util.JvmPauseMonitor$$Lambda$691/456821109@77c0457f] INFO  util.JvmPauseMonitor (JvmPauseMonitor.java:run(109)) - JvmPauseMonitor-omNode-3: Stopped
2022-05-26 08:03:15,414 [Listener at 127.0.0.1/46875] INFO  ratis.OzoneManagerStateMachine (OzoneManagerStateMachine.java:close(490)) - StateMachine has shutdown. Shutdown OzoneManager if not already shutdown.
2022-05-26 08:03:15,414 [Listener at 127.0.0.1/46875] INFO  ratis.OzoneManagerDoubleBuffer (OzoneManagerDoubleBuffer.java:stop(477)) - OMDoubleBuffer flush thread is not running.
2022-05-26 08:03:15,414 [Listener at 127.0.0.1/46875] INFO  utils.BackgroundService (BackgroundService.java:shutdown(132)) - Shutting down service KeyDeletingService
2022-05-26 08:03:15,414 [Listener at 127.0.0.1/46875] INFO  utils.BackgroundService (BackgroundService.java:shutdown(132)) - Shutting down service DirectoryDeletingService
2022-05-26 08:03:15,416 [Listener at 127.0.0.1/46875] INFO  handler.ContextHandler (ContextHandler.java:doStop(1153)) - Stopped o.e.j.w.WebAppContext@98243dc{ozoneManager,/,null,STOPPED}{file:/home/runner/work/ozone/ozone/hadoop-ozone/integration-test/target/test-classes/webapps/ozoneManager}
2022-05-26 08:03:15,418 [grpc-default-executor-1] WARN  server.GrpcLogAppender (LogUtils.java:warn(122)) - omNode-1@group-523986131536->omNode-3-AppendLogResponseHandler: Failed appendEntries: org.apache.ratis.thirdparty.io.grpc.StatusRuntimeException: CANCELLED: RST_STREAM closed stream. HTTP/2 error code: CANCEL
2022-05-26 08:03:15,420 [grpc-default-executor-1] INFO  leader.FollowerInfo (FollowerInfoImpl.java:lambda$new$0(48)) - omNode-1@group-523986131536->omNode-3: nextIndex: updateUnconditionally 7 -> 6
2022-05-26 08:03:15,420 [Listener at 127.0.0.1/46875] INFO  server.AbstractConnector (AbstractConnector.java:doStop(381)) - Stopped ServerConnector@68073c8d{HTTP/1.1, (http/1.1)}{0.0.0.0:39517}
2022-05-26 08:03:15,422 [Listener at 127.0.0.1/46875] INFO  server.session (HouseKeeper.java:stopScavenging(149)) - node0 Stopped scavenging
2022-05-26 08:03:15,422 [Listener at 127.0.0.1/46875] INFO  handler.ContextHandler (ContextHandler.java:doStop(1153)) - Stopped o.e.j.s.ServletContextHandler@1dafe1d2{static,/static,file:///home/runner/work/ozone/ozone/hadoop-ozone/integration-test/target/test-classes/webapps/static,STOPPED}
2022-05-26 08:03:15,422 [Listener at 127.0.0.1/46875] INFO  handler.ContextHandler (ContextHandler.java:doStop(1153)) - Stopped o.e.j.s.ServletContextHandler@7882f2e2{logs,/logs,file:///home/runner/work/ozone/ozone/hadoop-ozone/integration-test/target/log,STOPPED}
2022-05-26 08:03:15,426 [Listener at 127.0.0.1/46875] INFO  om.OzoneManager (OzoneManager.java:restart(1497)) - OzoneManager RPC server is listening at localhost/127.0.0.1:46875
2022-05-26 08:03:15,426 [Listener at 127.0.0.1/46875] INFO  impl.MetricsSystemImpl (MetricsSystemImpl.java:init(158)) - OzoneManager metrics system started (again)
2022-05-26 08:03:15,438 [grpc-default-executor-3] WARN  server.GrpcLogAppender (LogUtils.java:warn(122)) - omNode-1@group-523986131536->omNode-3-AppendLogResponseHandler: Failed appendEntries: org.apache.ratis.thirdparty.io.grpc.StatusRuntimeException: UNAVAILABLE: io exception
2022-05-26 08:03:15,439 [grpc-default-executor-3] INFO  leader.FollowerInfo (FollowerInfoImpl.java:lambda$new$0(48)) - omNode-1@group-523986131536->omNode-3: nextIndex: updateUnconditionally 7 -> 6
2022-05-26 08:03:15,448 [Listener at 127.0.0.1/46875] WARN  server.ServerUtils (ServerUtils.java:getDBPath(225)) - ozone.om.db.dirs is not configured. We recommend adding this setting. Falling back to ozone.metadata.dirs instead.
2022-05-26 08:03:15,449 [Listener at 127.0.0.1/46875] INFO  codec.OmKeyInfoCodec (OmKeyInfoCodec.java:<init>(49)) - OmKeyInfoCodec ignorePipeline = true
2022-05-26 08:03:15,449 [Listener at 127.0.0.1/46875] INFO  codec.RepeatedOmKeyInfoCodec (RepeatedOmKeyInfoCodec.java:<init>(41)) - RepeatedOmKeyInfoCodec ignorePipeline = true
2022-05-26 08:03:15,505 [Listener at 127.0.0.1/46875] WARN  impl.MetricRegistriesImpl (MetricRegistriesImpl.java:addReporterRegistration(111)) - New reporters are added after registries were created. Some metrics will be missing from the reporter. Please add reporter before adding any new registry.
2022-05-26 08:03:15,505 [Listener at 127.0.0.1/46875] WARN  impl.MetricRegistriesImpl (MetricRegistriesImpl.java:addReporterRegistration(111)) - New reporters are added after registries were created. Some metrics will be missing from the reporter. Please add reporter before adding any new registry.
2022-05-26 08:03:15,505 [Listener at 127.0.0.1/46875] WARN  server.ServerUtils (ServerUtils.java:getDefaultRatisDirectory(237)) - Storage directory for Ratis is not configured. It is a good idea to map this to an SSD disk. Falling back to ozone.metadata.dirs
2022-05-26 08:03:15,506 [Listener at 127.0.0.1/46875] INFO  ratis.OzoneManagerRatisServer (OzoneManagerRatisServer.java:<init>(159)) - Instantiating OM Ratis server with groupID: om-service-test1 and peers: localhost:42233, localhost:40183, localhost:37413
2022-05-26 08:03:15,507 [Listener at 127.0.0.1/46875] INFO  ratis.OzoneManagerStateMachine (OzoneManagerStateMachine.java:loadSnapshotInfoFromDB(627)) - LastAppliedIndex is set from TransactionInfo from OM DB as (t:1, i:5)
2022-05-26 08:03:15,507 [Listener at 127.0.0.1/46875] INFO  server.RaftServer (ConfUtils.java:logGet(46)) - raft.rpc.type = GRPC (default)
2022-05-26 08:03:15,507 [Listener at 127.0.0.1/46875] INFO  grpc.GrpcFactory (GrpcFactory.java:checkPooledByteBufAllocatorUseCacheForAllThreads(48)) - PERFORMANCE WARNING: useCacheForAllThreads is true that may cause Netty to create a lot garbage objects and, as a result, trigger GC.
	It is recommended to disable useCacheForAllThreads by setting -Dorg.apache.ratis.thirdparty.io.netty.allocator.useCacheForAllThreads=false in command line.
2022-05-26 08:03:15,507 [Listener at 127.0.0.1/46875] INFO  grpc.GrpcConfigKeys (ConfUtils.java:logGet(46)) - raft.grpc.admin.port = -1 (default)
2022-05-26 08:03:15,508 [Listener at 127.0.0.1/46875] INFO  grpc.GrpcConfigKeys (ConfUtils.java:logGet(46)) - raft.grpc.server.port = 42233 (custom)
2022-05-26 08:03:15,508 [Listener at 127.0.0.1/46875] INFO  grpc.GrpcConfigKeys (ConfUtils.java:logGet(46)) - raft.grpc.client.port = -1 (default)
2022-05-26 08:03:15,508 [Listener at 127.0.0.1/46875] INFO  grpc.GrpcConfigKeys (ConfUtils.java:logGet(46)) - raft.grpc.server.port = 42233 (custom)
2022-05-26 08:03:15,508 [Listener at 127.0.0.1/46875] INFO  grpc.GrpcConfigKeys (ConfUtils.java:logGet(46)) - raft.grpc.server.port = 42233 (custom)
2022-05-26 08:03:15,508 [Listener at 127.0.0.1/46875] INFO  server.GrpcService (ConfUtils.java:logGet(46)) - raft.grpc.message.size.max = 33554432 (custom)
2022-05-26 08:03:15,508 [Listener at 127.0.0.1/46875] INFO  server.RaftServerConfigKeys (ConfUtils.java:logGet(46)) - raft.server.log.appender.buffer.byte-limit = 33554432 (custom)
2022-05-26 08:03:15,508 [Listener at 127.0.0.1/46875] INFO  server.GrpcService (ConfUtils.java:logGet(46)) - raft.grpc.flow.control.window = 1MB (=1048576) (default)
2022-05-26 08:03:15,508 [Listener at 127.0.0.1/46875] INFO  server.RaftServerConfigKeys (ConfUtils.java:logGet(46)) - raft.server.rpc.request.timeout = 3000ms (default)
2022-05-26 08:03:15,509 [Listener at 127.0.0.1/46875] INFO  grpc.GrpcConfigKeys (ConfUtils.java:logGet(46)) - raft.grpc.server.async.request.thread.pool.cached = true (default)
2022-05-26 08:03:15,509 [Listener at 127.0.0.1/46875] INFO  grpc.GrpcConfigKeys (ConfUtils.java:logGet(46)) - raft.grpc.server.async.request.thread.pool.size = 32 (default)
2022-05-26 08:03:15,510 [Listener at 127.0.0.1/46875] INFO  impl.DataStreamServerImpl (ConfUtils.java:logGet(46)) - raft.datastream.type = DISABLED (default)
2022-05-26 08:03:15,510 [Listener at 127.0.0.1/46875] INFO  server.RaftServerConfigKeys (ConfUtils.java:logGet(46)) - raft.server.threadpool.proxy.cached = true (default)
2022-05-26 08:03:15,510 [Listener at 127.0.0.1/46875] INFO  server.RaftServerConfigKeys (ConfUtils.java:logGet(46)) - raft.server.threadpool.proxy.size = 0 (default)
2022-05-26 08:03:15,510 [Listener at 127.0.0.1/46875] INFO  server.RaftServerConfigKeys (ConfUtils.java:logGet(46)) - raft.server.rpc.slowness.timeout = 2s (custom)
2022-05-26 08:03:15,510 [Listener at 127.0.0.1/46875] INFO  server.RaftServerConfigKeys (ConfUtils.java:logGet(46)) - raft.server.leaderelection.leader.step-down.wait-time = 10s (default)
2022-05-26 08:03:15,511 [Listener at 127.0.0.1/46875] INFO  server.RaftServerConfigKeys (ConfUtils.java:logGet(46)) - raft.server.storage.dir = [/home/runner/work/ozone/ozone/hadoop-ozone/integration-test/target/test-dir/MiniOzoneClusterImpl-17bb6255-4ab1-443a-98be-5fd7627ecb82/omNode-3/ratis] (custom)
2022-05-26 08:03:15,511 [omNode-3-impl-thread1] INFO  server.RaftServer (RaftServerProxy.java:initGroupDir(247)) - omNode-3: found a subdirectory /home/runner/work/ozone/ozone/hadoop-ozone/integration-test/target/test-dir/MiniOzoneClusterImpl-17bb6255-4ab1-443a-98be-5fd7627ecb82/omNode-3/ratis/c9bc4cf4-3bc3-3c60-a66b-523986131536
2022-05-26 08:03:15,511 [Listener at 127.0.0.1/46875] INFO  server.RaftServer (RaftServerProxy.java:addNew(96)) - omNode-3: addNew group-523986131536:[omNode-3|rpc:localhost:42233|priority:0, omNode-1|rpc:localhost:40183|priority:0, omNode-2|rpc:localhost:37413|priority:0] returns group-523986131536:java.util.concurrent.CompletableFuture@32272d0b[Not completed]
2022-05-26 08:03:15,512 [pool-194-thread-1] INFO  server.RaftServer$Division (RaftServerImpl.java:<init>(190)) - omNode-3: new RaftServerImpl for group-523986131536:[omNode-3|rpc:localhost:42233|priority:0, omNode-1|rpc:localhost:40183|priority:0, omNode-2|rpc:localhost:37413|priority:0] with OzoneManagerStateMachine:uninitialized
2022-05-26 08:03:15,512 [Listener at 127.0.0.1/46875] INFO  om.OzoneManager (OzoneManager.java:initializeRatisServer(1901)) - OzoneManager Ratis server initialized at port 42233
2022-05-26 08:03:15,512 [pool-194-thread-1] INFO  server.RaftServerConfigKeys (ConfUtils.java:logGet(46)) - raft.server.rpc.timeout.min = 1s (custom)
2022-05-26 08:03:15,512 [Listener at 127.0.0.1/46875] INFO  ratis.OzoneManagerRatisServer (OzoneManagerRatisServer.java:start(554)) - Starting OzoneManagerRatisServer omNode-3 at port 42233
2022-05-26 08:03:15,512 [pool-194-thread-1] INFO  server.RaftServerConfigKeys (ConfUtils.java:logGet(46)) - raft.server.rpc.timeout.max = 1200ms (custom)
2022-05-26 08:03:15,512 [pool-194-thread-1] INFO  server.RaftServerConfigKeys (ConfUtils.java:logGet(46)) - raft.server.rpc.sleep.time = 25ms (default)
2022-05-26 08:03:15,512 [pool-194-thread-1] INFO  server.RaftServerConfigKeys (ConfUtils.java:logGet(46)) - raft.server.rpc.slowness.timeout = 2s (custom)
2022-05-26 08:03:15,512 [pool-194-thread-1] INFO  server.RaftServerConfigKeys (ConfUtils.java:logGet(46)) - raft.server.leaderelection.leader.step-down.wait-time = 10s (default)
2022-05-26 08:03:15,512 [pool-194-thread-1] INFO  server.RaftServerConfigKeys (ConfUtils.java:logGet(46)) - raft.server.sleep.deviation.threshold = 300ms (default)
2022-05-26 08:03:15,512 [pool-194-thread-1] INFO  server.RaftServer$Division (ServerState.java:<init>(107)) - omNode-3@group-523986131536: ConfigurationManager, init=-1: [omNode-3|rpc:localhost:42233|priority:0, omNode-1|rpc:localhost:40183|priority:0, omNode-2|rpc:localhost:37413|priority:0], old=null, confs=<EMPTY_MAP>
2022-05-26 08:03:15,512 [pool-194-thread-1] INFO  server.RaftServerConfigKeys (ConfUtils.java:logGet(46)) - raft.server.storage.dir = [/home/runner/work/ozone/ozone/hadoop-ozone/integration-test/target/test-dir/MiniOzoneClusterImpl-17bb6255-4ab1-443a-98be-5fd7627ecb82/omNode-3/ratis] (custom)
2022-05-26 08:03:15,512 [pool-194-thread-1] INFO  server.RaftServerConfigKeys (ConfUtils.java:logGet(46)) - raft.server.log.corruption.policy = EXCEPTION (default)
2022-05-26 08:03:15,513 [pool-194-thread-1] INFO  server.RaftServerConfigKeys (ConfUtils.java:logGet(46)) - raft.server.storage.free-space.min = 0MB (=0) (default)
2022-05-26 08:03:15,513 [pool-194-thread-1] INFO  storage.RaftStorageDirectory (RaftStorageDirectoryImpl.java:tryLock(230)) - Lock on /home/runner/work/ozone/ozone/hadoop-ozone/integration-test/target/test-dir/MiniOzoneClusterImpl-17bb6255-4ab1-443a-98be-5fd7627ecb82/omNode-3/ratis/c9bc4cf4-3bc3-3c60-a66b-523986131536/in_use.lock acquired by nodename 18146@fv-az35-51
2022-05-26 08:03:15,514 [pool-194-thread-1] INFO  storage.RaftStorage (RaftStorageImpl.java:analyzeAndRecoverStorage(110)) - Read RaftStorageMetadata{term=1, votedFor=omNode-1} from /home/runner/work/ozone/ozone/hadoop-ozone/integration-test/target/test-dir/MiniOzoneClusterImpl-17bb6255-4ab1-443a-98be-5fd7627ecb82/omNode-3/ratis/c9bc4cf4-3bc3-3c60-a66b-523986131536/current/raft-meta
2022-05-26 08:03:15,518 [pool-194-thread-1] INFO  server.RaftServer$Division (ServerState.java:setRaftConf(393)) - omNode-3@group-523986131536: set configuration 0: [omNode-3|rpc:localhost:42233|admin:|client:|dataStream:|priority:0, omNode-1|rpc:localhost:40183|admin:|client:|dataStream:|priority:0, omNode-2|rpc:localhost:37413|admin:|client:|dataStream:|priority:0], old=null
2022-05-26 08:03:15,518 [pool-194-thread-1] INFO  server.RaftServerConfigKeys (ConfUtils.java:logGet(46)) - raft.server.notification.no-leader.timeout = 2s (custom)
2022-05-26 08:03:15,518 [pool-194-thread-1] INFO  server.RaftServerConfigKeys (ConfUtils.java:logGet(46)) - raft.server.log.use.memory = false (default)
2022-05-26 08:03:15,518 [pool-194-thread-1] INFO  server.RaftServerConfigKeys (ConfUtils.java:logGet(46)) - raft.server.log.purge.gap = 50 (custom)
2022-05-26 08:03:15,518 [pool-194-thread-1] INFO  server.RaftServerConfigKeys (ConfUtils.java:logGet(46)) - raft.server.log.appender.buffer.byte-limit = 33554432 (custom)
2022-05-26 08:03:15,518 [pool-194-thread-1] INFO  server.RaftServerConfigKeys (ConfUtils.java:logGet(46)) - raft.server.log.statemachine.data.read.timeout = 1000ms (default)
2022-05-26 08:03:15,518 [pool-194-thread-1] INFO  server.RaftServerConfigKeys (ConfUtils.java:logGet(46)) - raft.server.log.segment.size.max = 4194304 (custom)
2022-05-26 08:03:15,519 [pool-194-thread-1] INFO  server.RaftServerConfigKeys (ConfUtils.java:logGet(46)) - raft.server.log.segment.cache.num.max = 2 (custom)
2022-05-26 08:03:15,519 [pool-194-thread-1] INFO  server.RaftServerConfigKeys (ConfUtils.java:logGet(46)) - raft.server.log.segment.cache.size.max = 200MB (=209715200) (default)
2022-05-26 08:03:15,519 [pool-194-thread-1] INFO  segmented.SegmentedRaftLogWorker (SegmentedRaftLogWorker.java:<init>(187)) - new omNode-3@group-523986131536-SegmentedRaftLogWorker for RaftStorageImpl:Storage Directory /home/runner/work/ozone/ozone/hadoop-ozone/integration-test/target/test-dir/MiniOzoneClusterImpl-17bb6255-4ab1-443a-98be-5fd7627ecb82/omNode-3/ratis/c9bc4cf4-3bc3-3c60-a66b-523986131536
2022-05-26 08:03:15,519 [pool-194-thread-1] INFO  server.RaftServerConfigKeys (ConfUtils.java:logGet(46)) - raft.server.log.queue.byte-limit = 64MB (=67108864) (default)
2022-05-26 08:03:15,519 [pool-194-thread-1] INFO  server.RaftServerConfigKeys (ConfUtils.java:logGet(46)) - raft.server.log.queue.element-limit = 4096 (default)
2022-05-26 08:03:15,519 [pool-194-thread-1] INFO  server.RaftServerConfigKeys (ConfUtils.java:logGet(46)) - raft.server.log.segment.size.max = 4194304 (custom)
2022-05-26 08:03:15,519 [pool-194-thread-1] INFO  server.RaftServerConfigKeys (ConfUtils.java:logGet(46)) - raft.server.log.preallocated.size = 4194304 (custom)
2022-05-26 08:03:15,519 [pool-194-thread-1] INFO  server.RaftServerConfigKeys (ConfUtils.java:logGet(46)) - raft.server.log.force.sync.num = 128 (default)
2022-05-26 08:03:15,519 [pool-194-thread-1] INFO  server.RaftServerConfigKeys (ConfUtils.java:logGet(46)) - raft.server.log.statemachine.data.sync = true (default)
2022-05-26 08:03:15,519 [pool-194-thread-1] INFO  server.RaftServerConfigKeys (ConfUtils.java:logGet(46)) - raft.server.log.statemachine.data.sync.timeout = 10s (default)
2022-05-26 08:03:15,519 [pool-194-thread-1] INFO  server.RaftServerConfigKeys (ConfUtils.java:logGet(46)) - raft.server.log.statemachine.data.sync.timeout.retry = -1 (default)
2022-05-26 08:03:15,519 [pool-194-thread-1] INFO  server.RaftServerConfigKeys (ConfUtils.java:logGet(46)) - raft.server.log.write.buffer.size = 64KB (=65536) (default)
2022-05-26 08:03:15,520 [pool-194-thread-1] INFO  server.RaftServerConfigKeys (ConfUtils.java:logGet(46)) - raft.server.log.unsafe-flush.enabled = false (default)
2022-05-26 08:03:15,520 [pool-194-thread-1] INFO  server.RaftServerConfigKeys (ConfUtils.java:logGet(46)) - raft.server.log.statemachine.data.caching.enabled = false (default)
2022-05-26 08:03:15,525 [pool-194-thread-1] INFO  server.RaftServer$Division (ServerState.java:setRaftConf(393)) - omNode-3@group-523986131536: set configuration 0: [omNode-3|rpc:localhost:42233|admin:|client:|dataStream:|priority:0, omNode-1|rpc:localhost:40183|admin:|client:|dataStream:|priority:0, omNode-2|rpc:localhost:37413|admin:|client:|dataStream:|priority:0], old=null
2022-05-26 08:03:15,525 [pool-194-thread-1] INFO  segmented.LogSegment (LogSegment.java:loadSegment(173)) - Successfully read 7 entries from segment file /home/runner/work/ozone/ozone/hadoop-ozone/integration-test/target/test-dir/MiniOzoneClusterImpl-17bb6255-4ab1-443a-98be-5fd7627ecb82/omNode-3/ratis/c9bc4cf4-3bc3-3c60-a66b-523986131536/current/log_inprogress_0
2022-05-26 08:03:15,525 [pool-194-thread-1] INFO  segmented.SegmentedRaftLogWorker (SegmentedRaftLogWorker.java:lambda$new$0(135)) - omNode-3@group-523986131536-SegmentedRaftLogWorker: flushIndex: setUnconditionally 0 -> 6
2022-05-26 08:03:15,525 [pool-194-thread-1] INFO  segmented.SegmentedRaftLogWorker (SegmentedRaftLogWorker.java:lambda$new$0(135)) - omNode-3@group-523986131536-SegmentedRaftLogWorker: safeCacheEvictIndex: setUnconditionally 0 -> -1
2022-05-26 08:03:15,526 [pool-194-thread-1] INFO  raftlog.RaftLog (RaftLogBase.java:lambda$new$0(53)) - omNode-3@group-523986131536-SegmentedRaftLog: commitIndex: updateToMax old=5, new=5, updated? false
2022-05-26 08:03:15,526 [pool-194-thread-1] INFO  server.RaftServerConfigKeys (ConfUtils.java:logGet(46)) - raft.server.snapshot.auto.trigger.enabled = true (custom)
2022-05-26 08:03:15,526 [pool-194-thread-1] INFO  server.RaftServerConfigKeys (ConfUtils.java:logGet(46)) - raft.server.snapshot.auto.trigger.threshold = 50 (custom)
2022-05-26 08:03:15,526 [pool-194-thread-1] INFO  server.RaftServerConfigKeys (ConfUtils.java:logGet(46)) - raft.server.snapshot.retention.file.num = -1 (default)
2022-05-26 08:03:15,526 [pool-194-thread-1] INFO  server.RaftServerConfigKeys (ConfUtils.java:logGet(46)) - raft.server.log.purge.upto.snapshot.index = true (custom)
2022-05-26 08:03:15,526 [pool-194-thread-1] INFO  server.RaftServerConfigKeys (ConfUtils.java:logGet(46)) - raft.server.retrycache.expirytime = 30000ms (custom)
2022-05-26 08:03:15,526 [pool-194-thread-1] INFO  server.RaftServerConfigKeys (ConfUtils.java:logGet(46)) - raft.server.retrycache.statistics.expirytime = 100μs (default)
2022-05-26 08:03:15,527 [pool-194-thread-1] INFO  server.RaftServerConfigKeys (ConfUtils.java:logGet(46)) - raft.server.log.appender.install.snapshot.enabled = false (custom)
2022-05-26 08:03:15,527 [pool-194-thread-1] INFO  server.RaftServerConfigKeys (ConfUtils.java:logGet(46)) - raft.server.threadpool.server.cached = true (default)
2022-05-26 08:03:15,527 [pool-194-thread-1] INFO  server.RaftServerConfigKeys (ConfUtils.java:logGet(46)) - raft.server.threadpool.server.size = 0 (default)
2022-05-26 08:03:15,527 [pool-194-thread-1] INFO  server.RaftServerConfigKeys (ConfUtils.java:logGet(46)) - raft.server.threadpool.client.cached = true (default)
2022-05-26 08:03:15,527 [pool-194-thread-1] INFO  server.RaftServerConfigKeys (ConfUtils.java:logGet(46)) - raft.server.threadpool.client.size = 0 (default)
2022-05-26 08:03:15,527 [omNode-3-impl-thread1] INFO  server.RaftServer$Division (RaftServerImpl.java:start(310)) - omNode-3@group-523986131536: start as a follower, conf=0: [omNode-3|rpc:localhost:42233|admin:|client:|dataStream:|priority:0, omNode-1|rpc:localhost:40183|admin:|client:|dataStream:|priority:0, omNode-2|rpc:localhost:37413|admin:|client:|dataStream:|priority:0], old=null
2022-05-26 08:03:15,527 [omNode-3-impl-thread1] INFO  server.RaftServer$Division (RaftServerImpl.java:setRole(299)) - omNode-3@group-523986131536: changes role from      null to FOLLOWER at term 1 for startAsFollower
2022-05-26 08:03:15,527 [omNode-3-impl-thread1] INFO  impl.RoleInfo (RoleInfo.java:updateAndGet(139)) - omNode-3: start omNode-3@group-523986131536-FollowerState
2022-05-26 08:03:15,528 [omNode-3-impl-thread1] INFO  util.JmxRegister (JmxRegister.java:tryRegister(44)) - Successfully registered JMX Bean with object name Ratis:service=RaftServer,group=group-523986131536,id=omNode-3
2022-05-26 08:03:15,529 [Listener at 127.0.0.1/46875] INFO  server.RaftServer (RaftServerProxy.java:lambda$start$6(382)) - omNode-3: start RPC server
2022-05-26 08:03:15,531 [Listener at 127.0.0.1/46875] INFO  server.GrpcService (GrpcService.java:startImpl(260)) - omNode-3: GrpcService started, listening on 42233
2022-05-26 08:03:15,531 [Listener at 127.0.0.1/46875] INFO  om.OzoneManager (OzoneManager.java:getRpcServer(1030)) - Creating RPC Server
2022-05-26 08:03:15,532 [org.apache.ratis.util.JvmPauseMonitor$$Lambda$691/456821109@7c39d86f] INFO  util.JvmPauseMonitor (JvmPauseMonitor.java:run(103)) - JvmPauseMonitor-omNode-3: Started
2022-05-26 08:03:15,809 [Listener at 127.0.0.1/46875] INFO  reflections.Reflections (Reflections.java:scan(232)) - Reflections took 277 ms to scan 19 urls, producing 61 keys and 3747 values [using 2 cores]
2022-05-26 08:03:15,810 [Listener at 127.0.0.1/46875] INFO  ipc.CallQueueManager (CallQueueManager.java:<init>(90)) - Using callQueue: class java.util.concurrent.LinkedBlockingQueue, queueCapacity: 2000, scheduler: class org.apache.hadoop.ipc.DefaultRpcScheduler, ipcBackoff: false.
2022-05-26 08:03:15,811 [Socket Reader #1 for port 46875] INFO  ipc.Server (Server.java:run(1265)) - Starting Socket Reader #1 for port 46875
2022-05-26 08:03:15,817 [Listener at localhost/46875] INFO  http.BaseHttpServer (BaseHttpServer.java:newHttpServer2BuilderForOzone(209)) - Starting Web-server for ozoneManager at: http://0.0.0.0:39517
2022-05-26 08:03:15,818 [Listener at localhost/46875] INFO  http.BaseHttpServer (BaseHttpServer.java:<init>(107)) - Hadoop Security Enabled: false Ozone Security Enabled: false Ozone HTTP Security Enabled: false 
2022-05-26 08:03:15,819 [Listener at localhost/46875] INFO  server.AuthenticationFilter (AuthenticationFilter.java:constructSecretProvider(240)) - Unable to initialize FileSignerSecretProvider, falling back to use random secrets.
2022-05-26 08:03:15,820 [Listener at localhost/46875] WARN  http.HttpRequestLog (HttpRequestLog.java:getRequestLog(103)) - Jetty request log can only be enabled using Log4j
2022-05-26 08:03:15,821 [Listener at localhost/46875] INFO  http.HttpServer2 (HttpServer2.java:addGlobalFilter(1030)) - Added global filter 'safety' (class=org.apache.hadoop.hdds.server.http.HttpServer2$QuotingInputFilter)
2022-05-26 08:03:15,822 [Listener at localhost/46875] INFO  http.HttpServer2 (HttpServer2.java:addFilter(1006)) - Added filter static_user_filter (class=org.apache.hadoop.http.lib.StaticUserWebFilter$StaticUserFilter) to context ozoneManager
2022-05-26 08:03:15,822 [Listener at localhost/46875] INFO  http.HttpServer2 (HttpServer2.java:addFilter(1014)) - Added filter static_user_filter (class=org.apache.hadoop.http.lib.StaticUserWebFilter$StaticUserFilter) to context static
2022-05-26 08:03:15,822 [Listener at localhost/46875] INFO  http.HttpServer2 (HttpServer2.java:addFilter(1014)) - Added filter static_user_filter (class=org.apache.hadoop.http.lib.StaticUserWebFilter$StaticUserFilter) to context logs
2022-05-26 08:03:15,822 [Listener at localhost/46875] INFO  http.HttpServer2 (HttpServer2.java:bindListener(1249)) - Jetty bound to port 39517
2022-05-26 08:03:15,823 [Listener at localhost/46875] INFO  server.Server (Server.java:doStart(375)) - jetty-9.4.43.v20210629; built: 2021-06-30T11:07:22.254Z; git: 526006ecfa3af7f1a27ef3a288e2bef7ea9dd7e8; jvm 1.8.0_332-b09
2022-05-26 08:03:15,824 [Listener at localhost/46875] INFO  server.session (DefaultSessionIdManager.java:doStart(334)) - DefaultSessionIdManager workerName=node0
2022-05-26 08:03:15,824 [Listener at localhost/46875] INFO  server.session (DefaultSessionIdManager.java:doStart(339)) - No SessionScavenger set, using defaults
2022-05-26 08:03:15,824 [Listener at localhost/46875] INFO  server.session (HouseKeeper.java:startScavenging(132)) - node0 Scavenging every 660000ms
2022-05-26 08:03:15,825 [Listener at localhost/46875] INFO  handler.ContextHandler (ContextHandler.java:doStart(915)) - Started o.e.j.s.ServletContextHandler@e44a73a{logs,/logs,file:///home/runner/work/ozone/ozone/hadoop-ozone/integration-test/target/log,AVAILABLE}
2022-05-26 08:03:15,825 [Listener at localhost/46875] INFO  handler.ContextHandler (ContextHandler.java:doStart(915)) - Started o.e.j.s.ServletContextHandler@4c311f1a{static,/static,file:///home/runner/work/ozone/ozone/hadoop-ozone/integration-test/target/test-classes/webapps/static,AVAILABLE}
2022-05-26 08:03:15,830 [Listener at localhost/46875] INFO  handler.ContextHandler (ContextHandler.java:doStart(915)) - Started o.e.j.w.WebAppContext@69d0e894{ozoneManager,/,file:///home/runner/work/ozone/ozone/hadoop-ozone/integration-test/target/test-classes/webapps/ozoneManager/,AVAILABLE}{file:/home/runner/work/ozone/ozone/hadoop-ozone/integration-test/target/test-classes/webapps/ozoneManager}
2022-05-26 08:03:15,835 [Listener at localhost/46875] INFO  server.AbstractConnector (AbstractConnector.java:doStart(331)) - Started ServerConnector@6b569a0f{HTTP/1.1, (http/1.1)}{0.0.0.0:39517}
2022-05-26 08:03:15,835 [Listener at localhost/46875] INFO  server.Server (Server.java:doStart(415)) - Started @57775ms
2022-05-26 08:03:15,835 [Listener at localhost/46875] WARN  impl.MetricsSystemImpl (MetricsSystemImpl.java:register(279)) - Sink prometheus already exists!
2022-05-26 08:03:15,836 [Listener at localhost/46875] INFO  http.BaseHttpServer (BaseHttpServer.java:updateConnectorAddress(329)) - HTTP server of ozoneManager listening at http://0.0.0.0:39517
2022-05-26 08:03:15,837 [IPC Server Responder] INFO  ipc.Server (Server.java:run(1507)) - IPC Server Responder: starting
2022-05-26 08:03:15,841 [IPC Server listener on 46875] INFO  ipc.Server (Server.java:run(1344)) - IPC Server listener on 46875: starting
2022-05-26 08:03:15,850 [Listener at localhost/46875] INFO  om.OzoneManager (OzoneManager.java:startTrashEmptier(1845)) - Trash Interval set to 0. Files deleted won't move to trash
2022-05-26 08:03:15,850 [Listener at localhost/46875] INFO  om.OzoneManager (OzoneManager.java:stop(1960)) - omNode-1[localhost:38409]: Stopping Ozone Manager
2022-05-26 08:03:15,850 [org.apache.hadoop.util.JvmPauseMonitor$Monitor@5cacbbe5] INFO  util.JvmPauseMonitor (JvmPauseMonitor.java:run(188)) - Starting JVM pause monitor
2022-05-26 08:03:15,850 [Listener at localhost/46875] INFO  ipc.Server (Server.java:stop(3414)) - Stopping server on 38409
2022-05-26 08:03:15,856 [grpc-default-executor-3] WARN  server.GrpcLogAppender (LogUtils.java:warn(122)) - omNode-1@group-523986131536->omNode-3-AppendLogResponseHandler: Failed appendEntries: org.apache.ratis.thirdparty.io.grpc.StatusRuntimeException: UNAVAILABLE: io exception
2022-05-26 08:03:15,857 [grpc-default-executor-3] INFO  leader.FollowerInfo (FollowerInfoImpl.java:lambda$new$0(48)) - omNode-1@group-523986131536->omNode-3: nextIndex: updateUnconditionally 7 -> 6
2022-05-26 08:03:15,863 [IPC Server listener on 38409] INFO  ipc.Server (Server.java:run(1376)) - Stopping IPC Server listener on 38409
2022-05-26 08:03:15,865 [IPC Server Responder] INFO  ipc.Server (Server.java:run(1512)) - Stopping IPC Server Responder
2022-05-26 08:03:15,866 [Listener at localhost/46875] INFO  server.RaftServer (RaftServerProxy.java:lambda$close$7(398)) - omNode-1: close
2022-05-26 08:03:15,866 [Listener at localhost/46875] INFO  server.RaftServer$Division (RaftServerImpl.java:lambda$close$4(434)) - omNode-1@group-523986131536: shutdown
2022-05-26 08:03:15,866 [Listener at localhost/46875] INFO  util.JmxRegister (JmxRegister.java:unregister(73)) - Successfully un-registered JMX Bean with object name Ratis:service=RaftServer,group=group-523986131536,id=omNode-1
2022-05-26 08:03:15,866 [Listener at localhost/46875] INFO  impl.RoleInfo (RoleInfo.java:shutdownLeaderState(93)) - omNode-1: shutdown omNode-1@group-523986131536-LeaderStateImpl
2022-05-26 08:03:15,867 [Listener at localhost/46875] INFO  impl.PendingRequests (PendingRequests.java:sendNotLeaderResponses(282)) - omNode-1@group-523986131536-PendingRequests: sendNotLeaderResponses
2022-05-26 08:03:15,867 [omNode-1@group-523986131536->omNode-2-GrpcLogAppender-LogAppenderDaemon] WARN  server.GrpcLogAppender (GrpcLogAppender.java:mayWait(171)) - omNode-1@group-523986131536->omNode-2-GrpcLogAppender: Wait interrupted by java.lang.InterruptedException
2022-05-26 08:03:15,868 [omNode-1@group-523986131536->omNode-3-GrpcLogAppender-LogAppenderDaemon] WARN  server.GrpcLogAppender (GrpcLogAppender.java:mayWait(171)) - omNode-1@group-523986131536->omNode-3-GrpcLogAppender: Wait interrupted by java.lang.InterruptedException
2022-05-26 08:03:15,869 [grpc-default-executor-1] INFO  server.GrpcServerProtocolService (GrpcServerProtocolService.java:onCompleted(140)) - omNode-2: Completed APPEND_ENTRIES, lastRequest: omNode-1->omNode-2#206-t1,previous=(t:1, i:5),leaderCommit=5,initializing? true,entries: size=1, first=(t:1, i:6), METADATAENTRY(c:5)
2022-05-26 08:03:15,870 [grpc-default-executor-0] INFO  server.GrpcLogAppender (GrpcLogAppender.java:onCompleted(339)) - omNode-1@group-523986131536->omNode-2-AppendLogResponseHandler: follower responses appendEntries COMPLETED
2022-05-26 08:03:15,870 [grpc-default-executor-0] INFO  leader.FollowerInfo (FollowerInfoImpl.java:lambda$new$0(48)) - omNode-1@group-523986131536->omNode-2: nextIndex: updateUnconditionally 7 -> 6
2022-05-26 08:03:15,878 [Listener at localhost/46875] INFO  impl.StateMachineUpdater (StateMachineUpdater.java:stopAndJoin(153)) - omNode-1@group-523986131536-StateMachineUpdater: set stopIndex = 6
2022-05-26 08:03:15,878 [omNode-1@group-523986131536-StateMachineUpdater] INFO  ratis.OzoneManagerStateMachine (OzoneManagerStateMachine.java:takeSnapshot(436)) - Current Snapshot Index (t:1, i:6)
2022-05-26 08:03:15,878 [omNode-3-server-thread1] INFO  server.RaftServer$Division (ServerState.java:setLeader(287)) - omNode-3@group-523986131536: change Leader from null to omNode-1 at term 1 for appendEntries, leader elected after 360ms
2022-05-26 08:03:15,878 [omNode-1@group-523986131536-StateMachineUpdater] INFO  impl.StateMachineUpdater (StateMachineUpdater.java:takeSnapshot(287)) - omNode-1@group-523986131536-StateMachineUpdater: Took a snapshot at index 6
2022-05-26 08:03:15,878 [omNode-1@group-523986131536-StateMachineUpdater] INFO  impl.StateMachineUpdater (StateMachineUpdater.java:lambda$new$0(92)) - omNode-1@group-523986131536-StateMachineUpdater: snapshotIndex: updateIncreasingly -1 -> 6
2022-05-26 08:03:15,878 [omNode-1@group-523986131536-StateMachineUpdater] INFO  ratis.OzoneManagerStateMachine (OzoneManagerStateMachine.java:close(490)) - StateMachine has shutdown. Shutdown OzoneManager if not already shutdown.
2022-05-26 08:03:15,878 [omNode-1@group-523986131536-StateMachineUpdater] INFO  ratis.OzoneManagerDoubleBuffer (OzoneManagerDoubleBuffer.java:stop(465)) - Stopping OMDoubleBuffer flush thread
2022-05-26 08:03:15,879 [OMDoubleBufferFlushThread] INFO  ratis.OzoneManagerDoubleBuffer (OzoneManagerDoubleBuffer.java:flushTransactions(385)) - OMDoubleBuffer flush thread OMDoubleBufferFlushThread is interrupted and will exit.
2022-05-26 08:03:15,879 [grpc-default-executor-3] INFO  server.GrpcServerProtocolService (GrpcServerProtocolService.java:onCompleted(140)) - omNode-3: Completed APPEND_ENTRIES, lastRequest: omNode-1->omNode-3#223-t1,previous=(t:1, i:5),leaderCommit=6,initializing? true,entries: size=1, first=(t:1, i:6), METADATAENTRY(c:5)
2022-05-26 08:03:15,881 [grpc-default-executor-1] INFO  server.GrpcLogAppender (GrpcLogAppender.java:onCompleted(339)) - omNode-1@group-523986131536->omNode-3-AppendLogResponseHandler: follower responses appendEntries COMPLETED
2022-05-26 08:03:15,881 [grpc-default-executor-1] INFO  leader.FollowerInfo (FollowerInfoImpl.java:lambda$new$0(48)) - omNode-1@group-523986131536->omNode-3: nextIndex: updateUnconditionally 7 -> 6
2022-05-26 08:03:15,881 [Listener at localhost/46875] INFO  server.RaftServer$Division (ServerState.java:close(429)) - omNode-1@group-523986131536: closes. applyIndex: 6
2022-05-26 08:03:15,882 [omNode-1@group-523986131536-SegmentedRaftLogWorker] INFO  segmented.SegmentedRaftLogWorker (SegmentedRaftLogWorker.java:run(336)) - omNode-1@group-523986131536-SegmentedRaftLogWorker was interrupted, exiting. There are 0 tasks remaining in the queue.
2022-05-26 08:03:15,883 [Listener at localhost/46875] INFO  segmented.SegmentedRaftLogWorker (SegmentedRaftLogWorker.java:close(246)) - omNode-1@group-523986131536-SegmentedRaftLogWorker close()
2022-05-26 08:03:15,884 [Listener at localhost/46875] INFO  server.GrpcService (GrpcService.java:closeImpl(269)) - omNode-1: shutdown server with port 40183 now
2022-05-26 08:03:15,892 [Listener at localhost/46875] INFO  server.GrpcService (GrpcService.java:closeImpl(278)) - omNode-1: shutdown server with port 40183 successfully
2022-05-26 08:03:15,892 [org.apache.ratis.util.JvmPauseMonitor$$Lambda$691/456821109@2a1c6186] INFO  util.JvmPauseMonitor (JvmPauseMonitor.java:run(109)) - JvmPauseMonitor-omNode-1: Stopped
2022-05-26 08:03:15,892 [Listener at localhost/46875] INFO  ratis.OzoneManagerStateMachine (OzoneManagerStateMachine.java:close(490)) - StateMachine has shutdown. Shutdown OzoneManager if not already shutdown.
2022-05-26 08:03:15,892 [Listener at localhost/46875] INFO  ratis.OzoneManagerDoubleBuffer (OzoneManagerDoubleBuffer.java:stop(477)) - OMDoubleBuffer flush thread is not running.
2022-05-26 08:03:15,893 [Listener at localhost/46875] INFO  utils.BackgroundService (BackgroundService.java:shutdown(132)) - Shutting down service KeyDeletingService
2022-05-26 08:03:15,895 [Listener at localhost/46875] INFO  utils.BackgroundService (BackgroundService.java:shutdown(132)) - Shutting down service DirectoryDeletingService
2022-05-26 08:03:15,896 [Listener at localhost/46875] INFO  handler.ContextHandler (ContextHandler.java:doStop(1153)) - Stopped o.e.j.w.WebAppContext@5cb077e3{ozoneManager,/,null,STOPPED}{file:/home/runner/work/ozone/ozone/hadoop-ozone/integration-test/target/test-classes/webapps/ozoneManager}
2022-05-26 08:03:15,896 [Listener at localhost/46875] INFO  server.AbstractConnector (AbstractConnector.java:doStop(381)) - Stopped ServerConnector@3da1191b{HTTP/1.1, (http/1.1)}{0.0.0.0:35485}
2022-05-26 08:03:15,896 [Listener at localhost/46875] INFO  server.session (HouseKeeper.java:stopScavenging(149)) - node0 Stopped scavenging
2022-05-26 08:03:15,896 [Listener at localhost/46875] INFO  handler.ContextHandler (ContextHandler.java:doStop(1153)) - Stopped o.e.j.s.ServletContextHandler@730b8cfa{static,/static,file:///home/runner/work/ozone/ozone/hadoop-ozone/integration-test/target/test-classes/webapps/static,STOPPED}
2022-05-26 08:03:15,897 [Listener at localhost/46875] INFO  handler.ContextHandler (ContextHandler.java:doStop(1153)) - Stopped o.e.j.s.ServletContextHandler@21e58e9a{logs,/logs,file:///home/runner/work/ozone/ozone/hadoop-ozone/integration-test/target/log,STOPPED}
2022-05-26 08:03:15,898 [Listener at localhost/46875] INFO  om.OzoneManager (OzoneManager.java:restart(1497)) - OzoneManager RPC server is listening at localhost/127.0.0.1:38409
2022-05-26 08:03:15,898 [Listener at localhost/46875] INFO  impl.MetricsSystemImpl (MetricsSystemImpl.java:init(158)) - OzoneManager metrics system started (again)
2022-05-26 08:03:15,908 [Listener at localhost/46875] WARN  server.ServerUtils (ServerUtils.java:getDBPath(225)) - ozone.om.db.dirs is not configured. We recommend adding this setting. Falling back to ozone.metadata.dirs instead.
2022-05-26 08:03:15,909 [Listener at localhost/46875] INFO  codec.OmKeyInfoCodec (OmKeyInfoCodec.java:<init>(49)) - OmKeyInfoCodec ignorePipeline = true
2022-05-26 08:03:15,909 [Listener at localhost/46875] INFO  codec.RepeatedOmKeyInfoCodec (RepeatedOmKeyInfoCodec.java:<init>(41)) - RepeatedOmKeyInfoCodec ignorePipeline = true
2022-05-26 08:03:15,939 [Listener at localhost/46875] WARN  impl.MetricRegistriesImpl (MetricRegistriesImpl.java:addReporterRegistration(111)) - New reporters are added after registries were created. Some metrics will be missing from the reporter. Please add reporter before adding any new registry.
2022-05-26 08:03:15,939 [Listener at localhost/46875] WARN  impl.MetricRegistriesImpl (MetricRegistriesImpl.java:addReporterRegistration(111)) - New reporters are added after registries were created. Some metrics will be missing from the reporter. Please add reporter before adding any new registry.
2022-05-26 08:03:15,939 [Listener at localhost/46875] WARN  server.ServerUtils (ServerUtils.java:getDefaultRatisDirectory(237)) - Storage directory for Ratis is not configured. It is a good idea to map this to an SSD disk. Falling back to ozone.metadata.dirs
2022-05-26 08:03:15,941 [Listener at localhost/46875] INFO  ratis.OzoneManagerRatisServer (OzoneManagerRatisServer.java:<init>(159)) - Instantiating OM Ratis server with groupID: om-service-test1 and peers: localhost:40183, localhost:42233, localhost:37413
2022-05-26 08:03:15,941 [Listener at localhost/46875] INFO  ratis.OzoneManagerStateMachine (OzoneManagerStateMachine.java:loadSnapshotInfoFromDB(627)) - LastAppliedIndex is set from TransactionInfo from OM DB as (t:1, i:6)
2022-05-26 08:03:15,941 [Listener at localhost/46875] INFO  server.RaftServer (ConfUtils.java:logGet(46)) - raft.rpc.type = GRPC (default)
2022-05-26 08:03:15,941 [Listener at localhost/46875] INFO  grpc.GrpcFactory (GrpcFactory.java:checkPooledByteBufAllocatorUseCacheForAllThreads(48)) - PERFORMANCE WARNING: useCacheForAllThreads is true that may cause Netty to create a lot garbage objects and, as a result, trigger GC.
	It is recommended to disable useCacheForAllThreads by setting -Dorg.apache.ratis.thirdparty.io.netty.allocator.useCacheForAllThreads=false in command line.
2022-05-26 08:03:15,941 [Listener at localhost/46875] INFO  grpc.GrpcConfigKeys (ConfUtils.java:logGet(46)) - raft.grpc.admin.port = -1 (default)
2022-05-26 08:03:15,942 [Listener at localhost/46875] INFO  grpc.GrpcConfigKeys (ConfUtils.java:logGet(46)) - raft.grpc.server.port = 40183 (custom)
2022-05-26 08:03:15,942 [Listener at localhost/46875] INFO  grpc.GrpcConfigKeys (ConfUtils.java:logGet(46)) - raft.grpc.client.port = -1 (default)
2022-05-26 08:03:15,942 [Listener at localhost/46875] INFO  grpc.GrpcConfigKeys (ConfUtils.java:logGet(46)) - raft.grpc.server.port = 40183 (custom)
2022-05-26 08:03:15,942 [Listener at localhost/46875] INFO  grpc.GrpcConfigKeys (ConfUtils.java:logGet(46)) - raft.grpc.server.port = 40183 (custom)
2022-05-26 08:03:15,942 [Listener at localhost/46875] INFO  server.GrpcService (ConfUtils.java:logGet(46)) - raft.grpc.message.size.max = 33554432 (custom)
2022-05-26 08:03:15,942 [Listener at localhost/46875] INFO  server.RaftServerConfigKeys (ConfUtils.java:logGet(46)) - raft.server.log.appender.buffer.byte-limit = 33554432 (custom)
2022-05-26 08:03:15,942 [Listener at localhost/46875] INFO  server.GrpcService (ConfUtils.java:logGet(46)) - raft.grpc.flow.control.window = 1MB (=1048576) (default)
2022-05-26 08:03:15,942 [Listener at localhost/46875] INFO  server.RaftServerConfigKeys (ConfUtils.java:logGet(46)) - raft.server.rpc.request.timeout = 3000ms (default)
2022-05-26 08:03:15,943 [Listener at localhost/46875] INFO  grpc.GrpcConfigKeys (ConfUtils.java:logGet(46)) - raft.grpc.server.async.request.thread.pool.cached = true (default)
2022-05-26 08:03:15,943 [Listener at localhost/46875] INFO  grpc.GrpcConfigKeys (ConfUtils.java:logGet(46)) - raft.grpc.server.async.request.thread.pool.size = 32 (default)
2022-05-26 08:03:15,944 [Listener at localhost/46875] INFO  impl.DataStreamServerImpl (ConfUtils.java:logGet(46)) - raft.datastream.type = DISABLED (default)
2022-05-26 08:03:15,944 [Listener at localhost/46875] INFO  server.RaftServerConfigKeys (ConfUtils.java:logGet(46)) - raft.server.threadpool.proxy.cached = true (default)
2022-05-26 08:03:15,944 [Listener at localhost/46875] INFO  server.RaftServerConfigKeys (ConfUtils.java:logGet(46)) - raft.server.threadpool.proxy.size = 0 (default)
2022-05-26 08:03:15,944 [Listener at localhost/46875] INFO  server.RaftServerConfigKeys (ConfUtils.java:logGet(46)) - raft.server.rpc.slowness.timeout = 2s (custom)
2022-05-26 08:03:15,944 [Listener at localhost/46875] INFO  server.RaftServerConfigKeys (ConfUtils.java:logGet(46)) - raft.server.leaderelection.leader.step-down.wait-time = 10s (default)
2022-05-26 08:03:15,944 [Listener at localhost/46875] INFO  server.RaftServerConfigKeys (ConfUtils.java:logGet(46)) - raft.server.storage.dir = [/home/runner/work/ozone/ozone/hadoop-ozone/integration-test/target/test-dir/MiniOzoneClusterImpl-17bb6255-4ab1-443a-98be-5fd7627ecb82/omNode-1/ratis] (custom)
2022-05-26 08:03:15,945 [omNode-1-impl-thread1] INFO  server.RaftServer (RaftServerProxy.java:initGroupDir(247)) - omNode-1: found a subdirectory /home/runner/work/ozone/ozone/hadoop-ozone/integration-test/target/test-dir/MiniOzoneClusterImpl-17bb6255-4ab1-443a-98be-5fd7627ecb82/omNode-1/ratis/c9bc4cf4-3bc3-3c60-a66b-523986131536
2022-05-26 08:03:15,945 [Listener at localhost/46875] INFO  server.RaftServer (RaftServerProxy.java:addNew(96)) - omNode-1: addNew group-523986131536:[omNode-3|rpc:localhost:42233|priority:0, omNode-1|rpc:localhost:40183|priority:0, omNode-2|rpc:localhost:37413|priority:0] returns group-523986131536:java.util.concurrent.CompletableFuture@731f4424[Not completed]
2022-05-26 08:03:15,945 [pool-215-thread-1] INFO  server.RaftServer$Division (RaftServerImpl.java:<init>(190)) - omNode-1: new RaftServerImpl for group-523986131536:[omNode-3|rpc:localhost:42233|priority:0, omNode-1|rpc:localhost:40183|priority:0, omNode-2|rpc:localhost:37413|priority:0] with OzoneManagerStateMachine:uninitialized
2022-05-26 08:03:15,945 [Listener at localhost/46875] INFO  om.OzoneManager (OzoneManager.java:initializeRatisServer(1901)) - OzoneManager Ratis server initialized at port 40183
2022-05-26 08:03:15,946 [Listener at localhost/46875] INFO  ratis.OzoneManagerRatisServer (OzoneManagerRatisServer.java:start(554)) - Starting OzoneManagerRatisServer omNode-1 at port 40183
2022-05-26 08:03:15,946 [pool-215-thread-1] INFO  server.RaftServerConfigKeys (ConfUtils.java:logGet(46)) - raft.server.rpc.timeout.min = 1s (custom)
2022-05-26 08:03:15,946 [pool-215-thread-1] INFO  server.RaftServerConfigKeys (ConfUtils.java:logGet(46)) - raft.server.rpc.timeout.max = 1200ms (custom)
2022-05-26 08:03:15,946 [pool-215-thread-1] INFO  server.RaftServerConfigKeys (ConfUtils.java:logGet(46)) - raft.server.rpc.sleep.time = 25ms (default)
2022-05-26 08:03:15,946 [pool-215-thread-1] INFO  server.RaftServerConfigKeys (ConfUtils.java:logGet(46)) - raft.server.rpc.slowness.timeout = 2s (custom)
2022-05-26 08:03:15,946 [pool-215-thread-1] INFO  server.RaftServerConfigKeys (ConfUtils.java:logGet(46)) - raft.server.leaderelection.leader.step-down.wait-time = 10s (default)
2022-05-26 08:03:15,946 [pool-215-thread-1] INFO  server.RaftServerConfigKeys (ConfUtils.java:logGet(46)) - raft.server.sleep.deviation.threshold = 300ms (default)
2022-05-26 08:03:15,946 [pool-215-thread-1] INFO  server.RaftServer$Division (ServerState.java:<init>(107)) - omNode-1@group-523986131536: ConfigurationManager, init=-1: [omNode-3|rpc:localhost:42233|priority:0, omNode-1|rpc:localhost:40183|priority:0, omNode-2|rpc:localhost:37413|priority:0], old=null, confs=<EMPTY_MAP>
2022-05-26 08:03:15,947 [pool-215-thread-1] INFO  server.RaftServerConfigKeys (ConfUtils.java:logGet(46)) - raft.server.storage.dir = [/home/runner/work/ozone/ozone/hadoop-ozone/integration-test/target/test-dir/MiniOzoneClusterImpl-17bb6255-4ab1-443a-98be-5fd7627ecb82/omNode-1/ratis] (custom)
2022-05-26 08:03:15,947 [pool-215-thread-1] INFO  server.RaftServerConfigKeys (ConfUtils.java:logGet(46)) - raft.server.log.corruption.policy = EXCEPTION (default)
2022-05-26 08:03:15,947 [pool-215-thread-1] INFO  server.RaftServerConfigKeys (ConfUtils.java:logGet(46)) - raft.server.storage.free-space.min = 0MB (=0) (default)
2022-05-26 08:03:15,948 [pool-215-thread-1] INFO  storage.RaftStorageDirectory (RaftStorageDirectoryImpl.java:tryLock(230)) - Lock on /home/runner/work/ozone/ozone/hadoop-ozone/integration-test/target/test-dir/MiniOzoneClusterImpl-17bb6255-4ab1-443a-98be-5fd7627ecb82/omNode-1/ratis/c9bc4cf4-3bc3-3c60-a66b-523986131536/in_use.lock acquired by nodename 18146@fv-az35-51
2022-05-26 08:03:15,949 [pool-215-thread-1] INFO  storage.RaftStorage (RaftStorageImpl.java:analyzeAndRecoverStorage(110)) - Read RaftStorageMetadata{term=1, votedFor=omNode-1} from /home/runner/work/ozone/ozone/hadoop-ozone/integration-test/target/test-dir/MiniOzoneClusterImpl-17bb6255-4ab1-443a-98be-5fd7627ecb82/omNode-1/ratis/c9bc4cf4-3bc3-3c60-a66b-523986131536/current/raft-meta
2022-05-26 08:03:15,949 [pool-215-thread-1] INFO  server.RaftServer$Division (ServerState.java:setRaftConf(393)) - omNode-1@group-523986131536: set configuration 0: [omNode-3|rpc:localhost:42233|admin:|client:|dataStream:|priority:0, omNode-1|rpc:localhost:40183|admin:|client:|dataStream:|priority:0, omNode-2|rpc:localhost:37413|admin:|client:|dataStream:|priority:0], old=null
2022-05-26 08:03:15,949 [pool-215-thread-1] INFO  server.RaftServerConfigKeys (ConfUtils.java:logGet(46)) - raft.server.notification.no-leader.timeout = 2s (custom)
2022-05-26 08:03:15,949 [pool-215-thread-1] INFO  server.RaftServerConfigKeys (ConfUtils.java:logGet(46)) - raft.server.log.use.memory = false (default)
2022-05-26 08:03:15,949 [pool-215-thread-1] INFO  server.RaftServerConfigKeys (ConfUtils.java:logGet(46)) - raft.server.log.purge.gap = 50 (custom)
2022-05-26 08:03:15,949 [pool-215-thread-1] INFO  server.RaftServerConfigKeys (ConfUtils.java:logGet(46)) - raft.server.log.appender.buffer.byte-limit = 33554432 (custom)
2022-05-26 08:03:15,949 [pool-215-thread-1] INFO  server.RaftServerConfigKeys (ConfUtils.java:logGet(46)) - raft.server.log.statemachine.data.read.timeout = 1000ms (default)
2022-05-26 08:03:15,949 [pool-215-thread-1] INFO  server.RaftServerConfigKeys (ConfUtils.java:logGet(46)) - raft.server.log.segment.size.max = 4194304 (custom)
2022-05-26 08:03:15,950 [pool-215-thread-1] INFO  server.RaftServerConfigKeys (ConfUtils.java:logGet(46)) - raft.server.log.segment.cache.num.max = 2 (custom)
2022-05-26 08:03:15,950 [pool-215-thread-1] INFO  server.RaftServerConfigKeys (ConfUtils.java:logGet(46)) - raft.server.log.segment.cache.size.max = 200MB (=209715200) (default)
2022-05-26 08:03:15,950 [pool-215-thread-1] INFO  segmented.SegmentedRaftLogWorker (SegmentedRaftLogWorker.java:<init>(187)) - new omNode-1@group-523986131536-SegmentedRaftLogWorker for RaftStorageImpl:Storage Directory /home/runner/work/ozone/ozone/hadoop-ozone/integration-test/target/test-dir/MiniOzoneClusterImpl-17bb6255-4ab1-443a-98be-5fd7627ecb82/omNode-1/ratis/c9bc4cf4-3bc3-3c60-a66b-523986131536
2022-05-26 08:03:15,950 [pool-215-thread-1] INFO  server.RaftServerConfigKeys (ConfUtils.java:logGet(46)) - raft.server.log.queue.byte-limit = 64MB (=67108864) (default)
2022-05-26 08:03:15,950 [pool-215-thread-1] INFO  server.RaftServerConfigKeys (ConfUtils.java:logGet(46)) - raft.server.log.queue.element-limit = 4096 (default)
2022-05-26 08:03:15,950 [pool-215-thread-1] INFO  server.RaftServerConfigKeys (ConfUtils.java:logGet(46)) - raft.server.log.segment.size.max = 4194304 (custom)
2022-05-26 08:03:15,950 [pool-215-thread-1] INFO  server.RaftServerConfigKeys (ConfUtils.java:logGet(46)) - raft.server.log.preallocated.size = 4194304 (custom)
2022-05-26 08:03:15,950 [pool-215-thread-1] INFO  server.RaftServerConfigKeys (ConfUtils.java:logGet(46)) - raft.server.log.force.sync.num = 128 (default)
2022-05-26 08:03:15,950 [pool-215-thread-1] INFO  server.RaftServerConfigKeys (ConfUtils.java:logGet(46)) - raft.server.log.statemachine.data.sync = true (default)
2022-05-26 08:03:15,950 [pool-215-thread-1] INFO  server.RaftServerConfigKeys (ConfUtils.java:logGet(46)) - raft.server.log.statemachine.data.sync.timeout = 10s (default)
2022-05-26 08:03:15,950 [pool-215-thread-1] INFO  server.RaftServerConfigKeys (ConfUtils.java:logGet(46)) - raft.server.log.statemachine.data.sync.timeout.retry = -1 (default)
2022-05-26 08:03:15,950 [pool-215-thread-1] INFO  server.RaftServerConfigKeys (ConfUtils.java:logGet(46)) - raft.server.log.write.buffer.size = 64KB (=65536) (default)
2022-05-26 08:03:15,951 [pool-215-thread-1] INFO  server.RaftServerConfigKeys (ConfUtils.java:logGet(46)) - raft.server.log.unsafe-flush.enabled = false (default)
2022-05-26 08:03:15,951 [pool-215-thread-1] INFO  server.RaftServerConfigKeys (ConfUtils.java:logGet(46)) - raft.server.log.statemachine.data.caching.enabled = false (default)
2022-05-26 08:03:15,951 [pool-215-thread-1] INFO  server.RaftServer$Division (ServerState.java:setRaftConf(393)) - omNode-1@group-523986131536: set configuration 0: [omNode-3|rpc:localhost:42233|admin:|client:|dataStream:|priority:0, omNode-1|rpc:localhost:40183|admin:|client:|dataStream:|priority:0, omNode-2|rpc:localhost:37413|admin:|client:|dataStream:|priority:0], old=null
2022-05-26 08:03:15,951 [pool-215-thread-1] INFO  segmented.LogSegment (LogSegment.java:loadSegment(173)) - Successfully read 7 entries from segment file /home/runner/work/ozone/ozone/hadoop-ozone/integration-test/target/test-dir/MiniOzoneClusterImpl-17bb6255-4ab1-443a-98be-5fd7627ecb82/omNode-1/ratis/c9bc4cf4-3bc3-3c60-a66b-523986131536/current/log_inprogress_0
2022-05-26 08:03:15,953 [pool-215-thread-1] INFO  segmented.SegmentedRaftLogWorker (SegmentedRaftLogWorker.java:lambda$new$0(135)) - omNode-1@group-523986131536-SegmentedRaftLogWorker: flushIndex: setUnconditionally 0 -> 6
2022-05-26 08:03:15,953 [pool-215-thread-1] INFO  segmented.SegmentedRaftLogWorker (SegmentedRaftLogWorker.java:lambda$new$0(135)) - omNode-1@group-523986131536-SegmentedRaftLogWorker: safeCacheEvictIndex: setUnconditionally 0 -> -1
2022-05-26 08:03:15,953 [pool-215-thread-1] INFO  raftlog.RaftLog (RaftLogBase.java:lambda$new$0(53)) - omNode-1@group-523986131536-SegmentedRaftLog: commitIndex: updateToMax old=6, new=5, updated? false
2022-05-26 08:03:15,954 [pool-215-thread-1] INFO  server.RaftServerConfigKeys (ConfUtils.java:logGet(46)) - raft.server.snapshot.auto.trigger.enabled = true (custom)
2022-05-26 08:03:15,954 [pool-215-thread-1] INFO  server.RaftServerConfigKeys (ConfUtils.java:logGet(46)) - raft.server.snapshot.auto.trigger.threshold = 50 (custom)
2022-05-26 08:03:15,954 [pool-215-thread-1] INFO  server.RaftServerConfigKeys (ConfUtils.java:logGet(46)) - raft.server.snapshot.retention.file.num = -1 (default)
2022-05-26 08:03:15,954 [pool-215-thread-1] INFO  server.RaftServerConfigKeys (ConfUtils.java:logGet(46)) - raft.server.log.purge.upto.snapshot.index = true (custom)
2022-05-26 08:03:15,954 [pool-215-thread-1] INFO  server.RaftServerConfigKeys (ConfUtils.java:logGet(46)) - raft.server.retrycache.expirytime = 30000ms (custom)
2022-05-26 08:03:15,954 [pool-215-thread-1] INFO  server.RaftServerConfigKeys (ConfUtils.java:logGet(46)) - raft.server.retrycache.statistics.expirytime = 100μs (default)
2022-05-26 08:03:15,955 [pool-215-thread-1] INFO  server.RaftServerConfigKeys (ConfUtils.java:logGet(46)) - raft.server.log.appender.install.snapshot.enabled = false (custom)
2022-05-26 08:03:15,955 [pool-215-thread-1] INFO  server.RaftServerConfigKeys (ConfUtils.java:logGet(46)) - raft.server.threadpool.server.cached = true (default)
2022-05-26 08:03:15,955 [pool-215-thread-1] INFO  server.RaftServerConfigKeys (ConfUtils.java:logGet(46)) - raft.server.threadpool.server.size = 0 (default)
2022-05-26 08:03:15,955 [pool-215-thread-1] INFO  server.RaftServerConfigKeys (ConfUtils.java:logGet(46)) - raft.server.threadpool.client.cached = true (default)
2022-05-26 08:03:15,955 [pool-215-thread-1] INFO  server.RaftServerConfigKeys (ConfUtils.java:logGet(46)) - raft.server.threadpool.client.size = 0 (default)
2022-05-26 08:03:15,956 [omNode-1-impl-thread1] INFO  server.RaftServer$Division (RaftServerImpl.java:start(310)) - omNode-1@group-523986131536: start as a follower, conf=0: [omNode-3|rpc:localhost:42233|admin:|client:|dataStream:|priority:0, omNode-1|rpc:localhost:40183|admin:|client:|dataStream:|priority:0, omNode-2|rpc:localhost:37413|admin:|client:|dataStream:|priority:0], old=null
2022-05-26 08:03:15,956 [omNode-1-impl-thread1] INFO  server.RaftServer$Division (RaftServerImpl.java:setRole(299)) - omNode-1@group-523986131536: changes role from      null to FOLLOWER at term 1 for startAsFollower
2022-05-26 08:03:15,956 [omNode-1-impl-thread1] INFO  impl.RoleInfo (RoleInfo.java:updateAndGet(139)) - omNode-1: start omNode-1@group-523986131536-FollowerState
2022-05-26 08:03:15,959 [omNode-1-impl-thread1] INFO  util.JmxRegister (JmxRegister.java:tryRegister(44)) - Successfully registered JMX Bean with object name Ratis:service=RaftServer,group=group-523986131536,id=omNode-1
2022-05-26 08:03:15,960 [Listener at localhost/46875] INFO  server.RaftServer (RaftServerProxy.java:lambda$start$6(382)) - omNode-1: start RPC server
2022-05-26 08:03:15,962 [Listener at localhost/46875] INFO  server.GrpcService (GrpcService.java:startImpl(260)) - omNode-1: GrpcService started, listening on 40183
2022-05-26 08:03:15,962 [Listener at localhost/46875] INFO  om.OzoneManager (OzoneManager.java:getRpcServer(1030)) - Creating RPC Server
2022-05-26 08:03:15,962 [org.apache.ratis.util.JvmPauseMonitor$$Lambda$691/456821109@7e5f596f] INFO  util.JvmPauseMonitor (JvmPauseMonitor.java:run(103)) - JvmPauseMonitor-omNode-1: Started
2022-05-26 08:03:16,272 [Listener at localhost/46875] INFO  reflections.Reflections (Reflections.java:scan(232)) - Reflections took 308 ms to scan 19 urls, producing 61 keys and 3747 values [using 2 cores]
2022-05-26 08:03:16,274 [Listener at localhost/46875] INFO  ipc.CallQueueManager (CallQueueManager.java:<init>(90)) - Using callQueue: class java.util.concurrent.LinkedBlockingQueue, queueCapacity: 2000, scheduler: class org.apache.hadoop.ipc.DefaultRpcScheduler, ipcBackoff: false.
2022-05-26 08:03:16,274 [Socket Reader #1 for port 38409] INFO  ipc.Server (Server.java:run(1265)) - Starting Socket Reader #1 for port 38409
2022-05-26 08:03:16,277 [Listener at localhost/38409] INFO  http.BaseHttpServer (BaseHttpServer.java:newHttpServer2BuilderForOzone(209)) - Starting Web-server for ozoneManager at: http://0.0.0.0:35485
2022-05-26 08:03:16,278 [Listener at localhost/38409] INFO  http.BaseHttpServer (BaseHttpServer.java:<init>(107)) - Hadoop Security Enabled: false Ozone Security Enabled: false Ozone HTTP Security Enabled: false 
2022-05-26 08:03:16,279 [Listener at localhost/38409] INFO  server.AuthenticationFilter (AuthenticationFilter.java:constructSecretProvider(240)) - Unable to initialize FileSignerSecretProvider, falling back to use random secrets.
2022-05-26 08:03:16,280 [Listener at localhost/38409] WARN  http.HttpRequestLog (HttpRequestLog.java:getRequestLog(103)) - Jetty request log can only be enabled using Log4j
2022-05-26 08:03:16,280 [Listener at localhost/38409] INFO  http.HttpServer2 (HttpServer2.java:addGlobalFilter(1030)) - Added global filter 'safety' (class=org.apache.hadoop.hdds.server.http.HttpServer2$QuotingInputFilter)
2022-05-26 08:03:16,281 [Listener at localhost/38409] INFO  http.HttpServer2 (HttpServer2.java:addFilter(1006)) - Added filter static_user_filter (class=org.apache.hadoop.http.lib.StaticUserWebFilter$StaticUserFilter) to context ozoneManager
2022-05-26 08:03:16,281 [Listener at localhost/38409] INFO  http.HttpServer2 (HttpServer2.java:addFilter(1014)) - Added filter static_user_filter (class=org.apache.hadoop.http.lib.StaticUserWebFilter$StaticUserFilter) to context logs
2022-05-26 08:03:16,281 [Listener at localhost/38409] INFO  http.HttpServer2 (HttpServer2.java:addFilter(1014)) - Added filter static_user_filter (class=org.apache.hadoop.http.lib.StaticUserWebFilter$StaticUserFilter) to context static
2022-05-26 08:03:16,282 [Listener at localhost/38409] INFO  http.HttpServer2 (HttpServer2.java:bindListener(1249)) - Jetty bound to port 35485
2022-05-26 08:03:16,282 [Listener at localhost/38409] INFO  server.Server (Server.java:doStart(375)) - jetty-9.4.43.v20210629; built: 2021-06-30T11:07:22.254Z; git: 526006ecfa3af7f1a27ef3a288e2bef7ea9dd7e8; jvm 1.8.0_332-b09
2022-05-26 08:03:16,283 [Listener at localhost/38409] INFO  server.session (DefaultSessionIdManager.java:doStart(334)) - DefaultSessionIdManager workerName=node0
2022-05-26 08:03:16,283 [Listener at localhost/38409] INFO  server.session (DefaultSessionIdManager.java:doStart(339)) - No SessionScavenger set, using defaults
2022-05-26 08:03:16,284 [Listener at localhost/38409] INFO  server.session (HouseKeeper.java:startScavenging(132)) - node0 Scavenging every 660000ms
2022-05-26 08:03:16,284 [Listener at localhost/38409] INFO  handler.ContextHandler (ContextHandler.java:doStart(915)) - Started o.e.j.s.ServletContextHandler@2c4386a6{logs,/logs,file:///home/runner/work/ozone/ozone/hadoop-ozone/integration-test/target/log,AVAILABLE}
2022-05-26 08:03:16,285 [Listener at localhost/38409] INFO  handler.ContextHandler (ContextHandler.java:doStart(915)) - Started o.e.j.s.ServletContextHandler@56c70faf{static,/static,file:///home/runner/work/ozone/ozone/hadoop-ozone/integration-test/target/test-classes/webapps/static,AVAILABLE}
2022-05-26 08:03:16,287 [Listener at localhost/38409] INFO  handler.ContextHandler (ContextHandler.java:doStart(915)) - Started o.e.j.w.WebAppContext@77ee057b{ozoneManager,/,file:///home/runner/work/ozone/ozone/hadoop-ozone/integration-test/target/test-classes/webapps/ozoneManager/,AVAILABLE}{file:/home/runner/work/ozone/ozone/hadoop-ozone/integration-test/target/test-classes/webapps/ozoneManager}
2022-05-26 08:03:16,289 [Listener at localhost/38409] INFO  server.AbstractConnector (AbstractConnector.java:doStart(331)) - Started ServerConnector@4151251b{HTTP/1.1, (http/1.1)}{0.0.0.0:35485}
2022-05-26 08:03:16,289 [Listener at localhost/38409] INFO  server.Server (Server.java:doStart(415)) - Started @58229ms
2022-05-26 08:03:16,289 [Listener at localhost/38409] WARN  impl.MetricsSystemImpl (MetricsSystemImpl.java:register(279)) - Sink prometheus already exists!
2022-05-26 08:03:16,289 [Listener at localhost/38409] INFO  http.BaseHttpServer (BaseHttpServer.java:updateConnectorAddress(329)) - HTTP server of ozoneManager listening at http://0.0.0.0:35485
2022-05-26 08:03:16,290 [IPC Server Responder] INFO  ipc.Server (Server.java:run(1507)) - IPC Server Responder: starting
2022-05-26 08:03:16,293 [IPC Server listener on 38409] INFO  ipc.Server (Server.java:run(1344)) - IPC Server listener on 38409: starting
2022-05-26 08:03:16,298 [Listener at localhost/38409] INFO  om.OzoneManager (OzoneManager.java:startTrashEmptier(1845)) - Trash Interval set to 0. Files deleted won't move to trash
2022-05-26 08:03:16,299 [Listener at localhost/38409] INFO  om.OzoneManager (OzoneManager.java:stop(1960)) - omNode-2[localhost:38277]: Stopping Ozone Manager
2022-05-26 08:03:16,299 [Listener at localhost/38409] INFO  ipc.Server (Server.java:stop(3414)) - Stopping server on 38277
2022-05-26 08:03:16,301 [IPC Server Responder] INFO  ipc.Server (Server.java:run(1512)) - Stopping IPC Server Responder
2022-05-26 08:03:16,301 [IPC Server listener on 38277] INFO  ipc.Server (Server.java:run(1376)) - Stopping IPC Server listener on 38277
2022-05-26 08:03:16,301 [Listener at localhost/38409] INFO  server.RaftServer (RaftServerProxy.java:lambda$close$7(398)) - omNode-2: close
2022-05-26 08:03:16,301 [Listener at localhost/38409] INFO  server.RaftServer$Division (RaftServerImpl.java:lambda$close$4(434)) - omNode-2@group-523986131536: shutdown
2022-05-26 08:03:16,302 [org.apache.hadoop.util.JvmPauseMonitor$Monitor@4ae97cd5] INFO  util.JvmPauseMonitor (JvmPauseMonitor.java:run(188)) - Starting JVM pause monitor
2022-05-26 08:03:16,302 [Listener at localhost/38409] INFO  util.JmxRegister (JmxRegister.java:unregister(73)) - Successfully un-registered JMX Bean with object name Ratis:service=RaftServer,group=group-523986131536,id=omNode-2
2022-05-26 08:03:16,302 [Listener at localhost/38409] INFO  impl.RoleInfo (RoleInfo.java:shutdownFollowerState(110)) - omNode-2: shutdown omNode-2@group-523986131536-FollowerState
2022-05-26 08:03:16,302 [Listener at localhost/38409] INFO  impl.StateMachineUpdater (StateMachineUpdater.java:stopAndJoin(153)) - omNode-2@group-523986131536-StateMachineUpdater: set stopIndex = 6
2022-05-26 08:03:16,303 [omNode-2@group-523986131536-StateMachineUpdater] INFO  ratis.OzoneManagerStateMachine (OzoneManagerStateMachine.java:takeSnapshot(436)) - Current Snapshot Index (t:1, i:6)
2022-05-26 08:03:16,303 [omNode-2@group-523986131536-StateMachineUpdater] INFO  impl.StateMachineUpdater (StateMachineUpdater.java:takeSnapshot(287)) - omNode-2@group-523986131536-StateMachineUpdater: Took a snapshot at index 6
2022-05-26 08:03:16,303 [omNode-2@group-523986131536-StateMachineUpdater] INFO  impl.StateMachineUpdater (StateMachineUpdater.java:lambda$new$0(92)) - omNode-2@group-523986131536-StateMachineUpdater: snapshotIndex: updateIncreasingly -1 -> 6
2022-05-26 08:03:16,303 [omNode-2@group-523986131536-StateMachineUpdater] INFO  ratis.OzoneManagerStateMachine (OzoneManagerStateMachine.java:close(490)) - StateMachine has shutdown. Shutdown OzoneManager if not already shutdown.
2022-05-26 08:03:16,303 [omNode-2@group-523986131536-StateMachineUpdater] INFO  ratis.OzoneManagerDoubleBuffer (OzoneManagerDoubleBuffer.java:stop(465)) - Stopping OMDoubleBuffer flush thread
2022-05-26 08:03:16,303 [OMDoubleBufferFlushThread] INFO  ratis.OzoneManagerDoubleBuffer (OzoneManagerDoubleBuffer.java:flushTransactions(385)) - OMDoubleBuffer flush thread OMDoubleBufferFlushThread is interrupted and will exit.
2022-05-26 08:03:16,302 [omNode-2@group-523986131536-FollowerState] INFO  impl.FollowerState (FollowerState.java:run(152)) - omNode-2@group-523986131536-FollowerState was interrupted
2022-05-26 08:03:16,306 [Listener at localhost/38409] INFO  server.RaftServer$Division (ServerState.java:close(429)) - omNode-2@group-523986131536: closes. applyIndex: 6
2022-05-26 08:03:16,306 [omNode-2@group-523986131536-SegmentedRaftLogWorker] INFO  segmented.SegmentedRaftLogWorker (SegmentedRaftLogWorker.java:run(336)) - omNode-2@group-523986131536-SegmentedRaftLogWorker was interrupted, exiting. There are 0 tasks remaining in the queue.
2022-05-26 08:03:16,307 [Listener at localhost/38409] INFO  segmented.SegmentedRaftLogWorker (SegmentedRaftLogWorker.java:close(246)) - omNode-2@group-523986131536-SegmentedRaftLogWorker close()
2022-05-26 08:03:16,308 [Listener at localhost/38409] INFO  server.GrpcService (GrpcService.java:closeImpl(269)) - omNode-2: shutdown server with port 37413 now
2022-05-26 08:03:16,310 [Listener at localhost/38409] INFO  server.GrpcService (GrpcService.java:closeImpl(278)) - omNode-2: shutdown server with port 37413 successfully
2022-05-26 08:03:16,310 [org.apache.ratis.util.JvmPauseMonitor$$Lambda$691/456821109@67b1f69] INFO  util.JvmPauseMonitor (JvmPauseMonitor.java:run(109)) - JvmPauseMonitor-omNode-2: Stopped
2022-05-26 08:03:16,311 [Listener at localhost/38409] INFO  ratis.OzoneManagerStateMachine (OzoneManagerStateMachine.java:close(490)) - StateMachine has shutdown. Shutdown OzoneManager if not already shutdown.
2022-05-26 08:03:16,311 [Listener at localhost/38409] INFO  ratis.OzoneManagerDoubleBuffer (OzoneManagerDoubleBuffer.java:stop(477)) - OMDoubleBuffer flush thread is not running.
2022-05-26 08:03:16,311 [Listener at localhost/38409] INFO  utils.BackgroundService (BackgroundService.java:shutdown(132)) - Shutting down service KeyDeletingService
2022-05-26 08:03:16,311 [Listener at localhost/38409] INFO  utils.BackgroundService (BackgroundService.java:shutdown(132)) - Shutting down service DirectoryDeletingService
2022-05-26 08:03:16,312 [Listener at localhost/38409] INFO  handler.ContextHandler (ContextHandler.java:doStop(1153)) - Stopped o.e.j.w.WebAppContext@6a4899c{ozoneManager,/,null,STOPPED}{file:/home/runner/work/ozone/ozone/hadoop-ozone/integration-test/target/test-classes/webapps/ozoneManager}
2022-05-26 08:03:16,312 [Listener at localhost/38409] INFO  server.AbstractConnector (AbstractConnector.java:doStop(381)) - Stopped ServerConnector@5506ff53{HTTP/1.1, (http/1.1)}{0.0.0.0:45205}
2022-05-26 08:03:16,313 [Listener at localhost/38409] INFO  server.session (HouseKeeper.java:stopScavenging(149)) - node0 Stopped scavenging
2022-05-26 08:03:16,313 [Listener at localhost/38409] INFO  handler.ContextHandler (ContextHandler.java:doStop(1153)) - Stopped o.e.j.s.ServletContextHandler@53279691{static,/static,file:///home/runner/work/ozone/ozone/hadoop-ozone/integration-test/target/test-classes/webapps/static,STOPPED}
2022-05-26 08:03:16,313 [Listener at localhost/38409] INFO  handler.ContextHandler (ContextHandler.java:doStop(1153)) - Stopped o.e.j.s.ServletContextHandler@1eea09a4{logs,/logs,file:///home/runner/work/ozone/ozone/hadoop-ozone/integration-test/target/log,STOPPED}
2022-05-26 08:03:16,314 [Listener at localhost/38409] INFO  om.OzoneManager (OzoneManager.java:restart(1497)) - OzoneManager RPC server is listening at localhost/127.0.0.1:38277
2022-05-26 08:03:16,314 [Listener at localhost/38409] INFO  impl.MetricsSystemImpl (MetricsSystemImpl.java:init(158)) - OzoneManager metrics system started (again)
2022-05-26 08:03:16,329 [Listener at localhost/38409] WARN  server.ServerUtils (ServerUtils.java:getDBPath(225)) - ozone.om.db.dirs is not configured. We recommend adding this setting. Falling back to ozone.metadata.dirs instead.
2022-05-26 08:03:16,330 [Listener at localhost/38409] INFO  codec.OmKeyInfoCodec (OmKeyInfoCodec.java:<init>(49)) - OmKeyInfoCodec ignorePipeline = true
2022-05-26 08:03:16,330 [Listener at localhost/38409] INFO  codec.RepeatedOmKeyInfoCodec (RepeatedOmKeyInfoCodec.java:<init>(41)) - RepeatedOmKeyInfoCodec ignorePipeline = true
2022-05-26 08:03:16,365 [Listener at localhost/38409] WARN  impl.MetricRegistriesImpl (MetricRegistriesImpl.java:addReporterRegistration(111)) - New reporters are added after registries were created. Some metrics will be missing from the reporter. Please add reporter before adding any new registry.
2022-05-26 08:03:16,365 [Listener at localhost/38409] WARN  impl.MetricRegistriesImpl (MetricRegistriesImpl.java:addReporterRegistration(111)) - New reporters are added after registries were created. Some metrics will be missing from the reporter. Please add reporter before adding any new registry.
2022-05-26 08:03:16,365 [Listener at localhost/38409] WARN  server.ServerUtils (ServerUtils.java:getDefaultRatisDirectory(237)) - Storage directory for Ratis is not configured. It is a good idea to map this to an SSD disk. Falling back to ozone.metadata.dirs
2022-05-26 08:03:16,366 [Listener at localhost/38409] INFO  ratis.OzoneManagerRatisServer (OzoneManagerRatisServer.java:<init>(159)) - Instantiating OM Ratis server with groupID: om-service-test1 and peers: localhost:37413, localhost:42233, localhost:40183
2022-05-26 08:03:16,366 [Listener at localhost/38409] INFO  ratis.OzoneManagerStateMachine (OzoneManagerStateMachine.java:loadSnapshotInfoFromDB(627)) - LastAppliedIndex is set from TransactionInfo from OM DB as (t:1, i:6)
2022-05-26 08:03:16,367 [Listener at localhost/38409] INFO  server.RaftServer (ConfUtils.java:logGet(46)) - raft.rpc.type = GRPC (default)
2022-05-26 08:03:16,367 [Listener at localhost/38409] INFO  grpc.GrpcFactory (GrpcFactory.java:checkPooledByteBufAllocatorUseCacheForAllThreads(48)) - PERFORMANCE WARNING: useCacheForAllThreads is true that may cause Netty to create a lot garbage objects and, as a result, trigger GC.
	It is recommended to disable useCacheForAllThreads by setting -Dorg.apache.ratis.thirdparty.io.netty.allocator.useCacheForAllThreads=false in command line.
2022-05-26 08:03:16,367 [Listener at localhost/38409] INFO  grpc.GrpcConfigKeys (ConfUtils.java:logGet(46)) - raft.grpc.admin.port = -1 (default)
2022-05-26 08:03:16,367 [Listener at localhost/38409] INFO  grpc.GrpcConfigKeys (ConfUtils.java:logGet(46)) - raft.grpc.server.port = 37413 (custom)
2022-05-26 08:03:16,367 [Listener at localhost/38409] INFO  grpc.GrpcConfigKeys (ConfUtils.java:logGet(46)) - raft.grpc.client.port = -1 (default)
2022-05-26 08:03:16,368 [Listener at localhost/38409] INFO  grpc.GrpcConfigKeys (ConfUtils.java:logGet(46)) - raft.grpc.server.port = 37413 (custom)
2022-05-26 08:03:16,368 [Listener at localhost/38409] INFO  grpc.GrpcConfigKeys (ConfUtils.java:logGet(46)) - raft.grpc.server.port = 37413 (custom)
2022-05-26 08:03:16,368 [Listener at localhost/38409] INFO  server.GrpcService (ConfUtils.java:logGet(46)) - raft.grpc.message.size.max = 33554432 (custom)
2022-05-26 08:03:16,368 [Listener at localhost/38409] INFO  server.RaftServerConfigKeys (ConfUtils.java:logGet(46)) - raft.server.log.appender.buffer.byte-limit = 33554432 (custom)
2022-05-26 08:03:16,368 [Listener at localhost/38409] INFO  server.GrpcService (ConfUtils.java:logGet(46)) - raft.grpc.flow.control.window = 1MB (=1048576) (default)
2022-05-26 08:03:16,368 [Listener at localhost/38409] INFO  server.RaftServerConfigKeys (ConfUtils.java:logGet(46)) - raft.server.rpc.request.timeout = 3000ms (default)
2022-05-26 08:03:16,368 [Listener at localhost/38409] INFO  grpc.GrpcConfigKeys (ConfUtils.java:logGet(46)) - raft.grpc.server.async.request.thread.pool.cached = true (default)
2022-05-26 08:03:16,368 [Listener at localhost/38409] INFO  grpc.GrpcConfigKeys (ConfUtils.java:logGet(46)) - raft.grpc.server.async.request.thread.pool.size = 32 (default)
2022-05-26 08:03:16,369 [Listener at localhost/38409] INFO  impl.DataStreamServerImpl (ConfUtils.java:logGet(46)) - raft.datastream.type = DISABLED (default)
2022-05-26 08:03:16,370 [Listener at localhost/38409] INFO  server.RaftServerConfigKeys (ConfUtils.java:logGet(46)) - raft.server.threadpool.proxy.cached = true (default)
2022-05-26 08:03:16,370 [Listener at localhost/38409] INFO  server.RaftServerConfigKeys (ConfUtils.java:logGet(46)) - raft.server.threadpool.proxy.size = 0 (default)
2022-05-26 08:03:16,370 [Listener at localhost/38409] INFO  server.RaftServerConfigKeys (ConfUtils.java:logGet(46)) - raft.server.rpc.slowness.timeout = 2s (custom)
2022-05-26 08:03:16,370 [Listener at localhost/38409] INFO  server.RaftServerConfigKeys (ConfUtils.java:logGet(46)) - raft.server.leaderelection.leader.step-down.wait-time = 10s (default)
2022-05-26 08:03:16,370 [Listener at localhost/38409] INFO  server.RaftServerConfigKeys (ConfUtils.java:logGet(46)) - raft.server.storage.dir = [/home/runner/work/ozone/ozone/hadoop-ozone/integration-test/target/test-dir/MiniOzoneClusterImpl-17bb6255-4ab1-443a-98be-5fd7627ecb82/omNode-2/ratis] (custom)
2022-05-26 08:03:16,370 [omNode-2-impl-thread1] INFO  server.RaftServer (RaftServerProxy.java:initGroupDir(247)) - omNode-2: found a subdirectory /home/runner/work/ozone/ozone/hadoop-ozone/integration-test/target/test-dir/MiniOzoneClusterImpl-17bb6255-4ab1-443a-98be-5fd7627ecb82/omNode-2/ratis/c9bc4cf4-3bc3-3c60-a66b-523986131536
2022-05-26 08:03:16,372 [Listener at localhost/38409] INFO  server.RaftServer (RaftServerProxy.java:addNew(96)) - omNode-2: addNew group-523986131536:[omNode-3|rpc:localhost:42233|priority:0, omNode-1|rpc:localhost:40183|priority:0, omNode-2|rpc:localhost:37413|priority:0] returns group-523986131536:java.util.concurrent.CompletableFuture@5f16d90c[Not completed]
2022-05-26 08:03:16,372 [pool-236-thread-1] INFO  server.RaftServer$Division (RaftServerImpl.java:<init>(190)) - omNode-2: new RaftServerImpl for group-523986131536:[omNode-3|rpc:localhost:42233|priority:0, omNode-1|rpc:localhost:40183|priority:0, omNode-2|rpc:localhost:37413|priority:0] with OzoneManagerStateMachine:uninitialized
2022-05-26 08:03:16,372 [Listener at localhost/38409] INFO  om.OzoneManager (OzoneManager.java:initializeRatisServer(1901)) - OzoneManager Ratis server initialized at port 37413
2022-05-26 08:03:16,372 [pool-236-thread-1] INFO  server.RaftServerConfigKeys (ConfUtils.java:logGet(46)) - raft.server.rpc.timeout.min = 1s (custom)
2022-05-26 08:03:16,372 [Listener at localhost/38409] INFO  ratis.OzoneManagerRatisServer (OzoneManagerRatisServer.java:start(554)) - Starting OzoneManagerRatisServer omNode-2 at port 37413
2022-05-26 08:03:16,372 [pool-236-thread-1] INFO  server.RaftServerConfigKeys (ConfUtils.java:logGet(46)) - raft.server.rpc.timeout.max = 1200ms (custom)
2022-05-26 08:03:16,372 [pool-236-thread-1] INFO  server.RaftServerConfigKeys (ConfUtils.java:logGet(46)) - raft.server.rpc.sleep.time = 25ms (default)
2022-05-26 08:03:16,373 [pool-236-thread-1] INFO  server.RaftServerConfigKeys (ConfUtils.java:logGet(46)) - raft.server.rpc.slowness.timeout = 2s (custom)
2022-05-26 08:03:16,373 [pool-236-thread-1] INFO  server.RaftServerConfigKeys (ConfUtils.java:logGet(46)) - raft.server.leaderelection.leader.step-down.wait-time = 10s (default)
2022-05-26 08:03:16,373 [pool-236-thread-1] INFO  server.RaftServerConfigKeys (ConfUtils.java:logGet(46)) - raft.server.sleep.deviation.threshold = 300ms (default)
2022-05-26 08:03:16,373 [pool-236-thread-1] INFO  server.RaftServer$Division (ServerState.java:<init>(107)) - omNode-2@group-523986131536: ConfigurationManager, init=-1: [omNode-3|rpc:localhost:42233|priority:0, omNode-1|rpc:localhost:40183|priority:0, omNode-2|rpc:localhost:37413|priority:0], old=null, confs=<EMPTY_MAP>
2022-05-26 08:03:16,373 [pool-236-thread-1] INFO  server.RaftServerConfigKeys (ConfUtils.java:logGet(46)) - raft.server.storage.dir = [/home/runner/work/ozone/ozone/hadoop-ozone/integration-test/target/test-dir/MiniOzoneClusterImpl-17bb6255-4ab1-443a-98be-5fd7627ecb82/omNode-2/ratis] (custom)
2022-05-26 08:03:16,373 [pool-236-thread-1] INFO  server.RaftServerConfigKeys (ConfUtils.java:logGet(46)) - raft.server.log.corruption.policy = EXCEPTION (default)
2022-05-26 08:03:16,373 [pool-236-thread-1] INFO  server.RaftServerConfigKeys (ConfUtils.java:logGet(46)) - raft.server.storage.free-space.min = 0MB (=0) (default)
2022-05-26 08:03:16,374 [pool-236-thread-1] INFO  storage.RaftStorageDirectory (RaftStorageDirectoryImpl.java:tryLock(230)) - Lock on /home/runner/work/ozone/ozone/hadoop-ozone/integration-test/target/test-dir/MiniOzoneClusterImpl-17bb6255-4ab1-443a-98be-5fd7627ecb82/omNode-2/ratis/c9bc4cf4-3bc3-3c60-a66b-523986131536/in_use.lock acquired by nodename 18146@fv-az35-51
2022-05-26 08:03:16,375 [pool-236-thread-1] INFO  storage.RaftStorage (RaftStorageImpl.java:analyzeAndRecoverStorage(110)) - Read RaftStorageMetadata{term=1, votedFor=omNode-2} from /home/runner/work/ozone/ozone/hadoop-ozone/integration-test/target/test-dir/MiniOzoneClusterImpl-17bb6255-4ab1-443a-98be-5fd7627ecb82/omNode-2/ratis/c9bc4cf4-3bc3-3c60-a66b-523986131536/current/raft-meta
2022-05-26 08:03:16,376 [pool-236-thread-1] INFO  server.RaftServer$Division (ServerState.java:setRaftConf(393)) - omNode-2@group-523986131536: set configuration 0: [omNode-3|rpc:localhost:42233|admin:|client:|dataStream:|priority:0, omNode-1|rpc:localhost:40183|admin:|client:|dataStream:|priority:0, omNode-2|rpc:localhost:37413|admin:|client:|dataStream:|priority:0], old=null
2022-05-26 08:03:16,376 [pool-236-thread-1] INFO  server.RaftServerConfigKeys (ConfUtils.java:logGet(46)) - raft.server.notification.no-leader.timeout = 2s (custom)
2022-05-26 08:03:16,376 [pool-236-thread-1] INFO  server.RaftServerConfigKeys (ConfUtils.java:logGet(46)) - raft.server.log.use.memory = false (default)
2022-05-26 08:03:16,376 [pool-236-thread-1] INFO  server.RaftServerConfigKeys (ConfUtils.java:logGet(46)) - raft.server.log.purge.gap = 50 (custom)
2022-05-26 08:03:16,376 [pool-236-thread-1] INFO  server.RaftServerConfigKeys (ConfUtils.java:logGet(46)) - raft.server.log.appender.buffer.byte-limit = 33554432 (custom)
2022-05-26 08:03:16,376 [pool-236-thread-1] INFO  server.RaftServerConfigKeys (ConfUtils.java:logGet(46)) - raft.server.log.statemachine.data.read.timeout = 1000ms (default)
2022-05-26 08:03:16,377 [pool-236-thread-1] INFO  server.RaftServerConfigKeys (ConfUtils.java:logGet(46)) - raft.server.log.segment.size.max = 4194304 (custom)
2022-05-26 08:03:16,377 [pool-236-thread-1] INFO  server.RaftServerConfigKeys (ConfUtils.java:logGet(46)) - raft.server.log.segment.cache.num.max = 2 (custom)
2022-05-26 08:03:16,378 [pool-236-thread-1] INFO  server.RaftServerConfigKeys (ConfUtils.java:logGet(46)) - raft.server.log.segment.cache.size.max = 200MB (=209715200) (default)
2022-05-26 08:03:16,378 [pool-236-thread-1] INFO  segmented.SegmentedRaftLogWorker (SegmentedRaftLogWorker.java:<init>(187)) - new omNode-2@group-523986131536-SegmentedRaftLogWorker for RaftStorageImpl:Storage Directory /home/runner/work/ozone/ozone/hadoop-ozone/integration-test/target/test-dir/MiniOzoneClusterImpl-17bb6255-4ab1-443a-98be-5fd7627ecb82/omNode-2/ratis/c9bc4cf4-3bc3-3c60-a66b-523986131536
2022-05-26 08:03:16,378 [pool-236-thread-1] INFO  server.RaftServerConfigKeys (ConfUtils.java:logGet(46)) - raft.server.log.queue.byte-limit = 64MB (=67108864) (default)
2022-05-26 08:03:16,378 [pool-236-thread-1] INFO  server.RaftServerConfigKeys (ConfUtils.java:logGet(46)) - raft.server.log.queue.element-limit = 4096 (default)
2022-05-26 08:03:16,378 [pool-236-thread-1] INFO  server.RaftServerConfigKeys (ConfUtils.java:logGet(46)) - raft.server.log.segment.size.max = 4194304 (custom)
2022-05-26 08:03:16,378 [pool-236-thread-1] INFO  server.RaftServerConfigKeys (ConfUtils.java:logGet(46)) - raft.server.log.preallocated.size = 4194304 (custom)
2022-05-26 08:03:16,378 [pool-236-thread-1] INFO  server.RaftServerConfigKeys (ConfUtils.java:logGet(46)) - raft.server.log.force.sync.num = 128 (default)
2022-05-26 08:03:16,378 [pool-236-thread-1] INFO  server.RaftServerConfigKeys (ConfUtils.java:logGet(46)) - raft.server.log.statemachine.data.sync = true (default)
2022-05-26 08:03:16,378 [pool-236-thread-1] INFO  server.RaftServerConfigKeys (ConfUtils.java:logGet(46)) - raft.server.log.statemachine.data.sync.timeout = 10s (default)
2022-05-26 08:03:16,378 [pool-236-thread-1] INFO  server.RaftServerConfigKeys (ConfUtils.java:logGet(46)) - raft.server.log.statemachine.data.sync.timeout.retry = -1 (default)
2022-05-26 08:03:16,379 [pool-236-thread-1] INFO  server.RaftServerConfigKeys (ConfUtils.java:logGet(46)) - raft.server.log.write.buffer.size = 64KB (=65536) (default)
2022-05-26 08:03:16,379 [pool-236-thread-1] INFO  server.RaftServerConfigKeys (ConfUtils.java:logGet(46)) - raft.server.log.unsafe-flush.enabled = false (default)
2022-05-26 08:03:16,379 [pool-236-thread-1] INFO  server.RaftServerConfigKeys (ConfUtils.java:logGet(46)) - raft.server.log.statemachine.data.caching.enabled = false (default)
2022-05-26 08:03:16,379 [pool-236-thread-1] INFO  server.RaftServer$Division (ServerState.java:setRaftConf(393)) - omNode-2@group-523986131536: set configuration 0: [omNode-3|rpc:localhost:42233|admin:|client:|dataStream:|priority:0, omNode-1|rpc:localhost:40183|admin:|client:|dataStream:|priority:0, omNode-2|rpc:localhost:37413|admin:|client:|dataStream:|priority:0], old=null
2022-05-26 08:03:16,380 [pool-236-thread-1] INFO  segmented.LogSegment (LogSegment.java:loadSegment(173)) - Successfully read 7 entries from segment file /home/runner/work/ozone/ozone/hadoop-ozone/integration-test/target/test-dir/MiniOzoneClusterImpl-17bb6255-4ab1-443a-98be-5fd7627ecb82/omNode-2/ratis/c9bc4cf4-3bc3-3c60-a66b-523986131536/current/log_inprogress_0
2022-05-26 08:03:16,380 [pool-236-thread-1] INFO  segmented.SegmentedRaftLogWorker (SegmentedRaftLogWorker.java:lambda$new$0(135)) - omNode-2@group-523986131536-SegmentedRaftLogWorker: flushIndex: setUnconditionally 0 -> 6
2022-05-26 08:03:16,380 [pool-236-thread-1] INFO  segmented.SegmentedRaftLogWorker (SegmentedRaftLogWorker.java:lambda$new$0(135)) - omNode-2@group-523986131536-SegmentedRaftLogWorker: safeCacheEvictIndex: setUnconditionally 0 -> -1
2022-05-26 08:03:16,380 [pool-236-thread-1] INFO  raftlog.RaftLog (RaftLogBase.java:lambda$new$0(53)) - omNode-2@group-523986131536-SegmentedRaftLog: commitIndex: updateToMax old=6, new=5, updated? false
2022-05-26 08:03:16,380 [pool-236-thread-1] INFO  server.RaftServerConfigKeys (ConfUtils.java:logGet(46)) - raft.server.snapshot.auto.trigger.enabled = true (custom)
2022-05-26 08:03:16,380 [pool-236-thread-1] INFO  server.RaftServerConfigKeys (ConfUtils.java:logGet(46)) - raft.server.snapshot.auto.trigger.threshold = 50 (custom)
2022-05-26 08:03:16,380 [pool-236-thread-1] INFO  server.RaftServerConfigKeys (ConfUtils.java:logGet(46)) - raft.server.snapshot.retention.file.num = -1 (default)
2022-05-26 08:03:16,380 [pool-236-thread-1] INFO  server.RaftServerConfigKeys (ConfUtils.java:logGet(46)) - raft.server.log.purge.upto.snapshot.index = true (custom)
2022-05-26 08:03:16,380 [pool-236-thread-1] INFO  server.RaftServerConfigKeys (ConfUtils.java:logGet(46)) - raft.server.retrycache.expirytime = 30000ms (custom)
2022-05-26 08:03:16,380 [pool-236-thread-1] INFO  server.RaftServerConfigKeys (ConfUtils.java:logGet(46)) - raft.server.retrycache.statistics.expirytime = 100μs (default)
2022-05-26 08:03:16,381 [pool-236-thread-1] INFO  server.RaftServerConfigKeys (ConfUtils.java:logGet(46)) - raft.server.log.appender.install.snapshot.enabled = false (custom)
2022-05-26 08:03:16,381 [pool-236-thread-1] INFO  server.RaftServerConfigKeys (ConfUtils.java:logGet(46)) - raft.server.threadpool.server.cached = true (default)
2022-05-26 08:03:16,381 [pool-236-thread-1] INFO  server.RaftServerConfigKeys (ConfUtils.java:logGet(46)) - raft.server.threadpool.server.size = 0 (default)
2022-05-26 08:03:16,381 [pool-236-thread-1] INFO  server.RaftServerConfigKeys (ConfUtils.java:logGet(46)) - raft.server.threadpool.client.cached = true (default)
2022-05-26 08:03:16,381 [pool-236-thread-1] INFO  server.RaftServerConfigKeys (ConfUtils.java:logGet(46)) - raft.server.threadpool.client.size = 0 (default)
2022-05-26 08:03:16,383 [omNode-2-impl-thread1] INFO  server.RaftServer$Division (RaftServerImpl.java:start(310)) - omNode-2@group-523986131536: start as a follower, conf=0: [omNode-3|rpc:localhost:42233|admin:|client:|dataStream:|priority:0, omNode-1|rpc:localhost:40183|admin:|client:|dataStream:|priority:0, omNode-2|rpc:localhost:37413|admin:|client:|dataStream:|priority:0], old=null
2022-05-26 08:03:16,383 [omNode-2-impl-thread1] INFO  server.RaftServer$Division (RaftServerImpl.java:setRole(299)) - omNode-2@group-523986131536: changes role from      null to FOLLOWER at term 1 for startAsFollower
2022-05-26 08:03:16,383 [omNode-2-impl-thread1] INFO  impl.RoleInfo (RoleInfo.java:updateAndGet(139)) - omNode-2: start omNode-2@group-523986131536-FollowerState
2022-05-26 08:03:16,383 [omNode-2-impl-thread1] INFO  util.JmxRegister (JmxRegister.java:tryRegister(44)) - Successfully registered JMX Bean with object name Ratis:service=RaftServer,group=group-523986131536,id=omNode-2
2022-05-26 08:03:16,384 [Listener at localhost/38409] INFO  server.RaftServer (RaftServerProxy.java:lambda$start$6(382)) - omNode-2: start RPC server
2022-05-26 08:03:16,394 [Listener at localhost/38409] INFO  server.GrpcService (GrpcService.java:startImpl(260)) - omNode-2: GrpcService started, listening on 37413
2022-05-26 08:03:16,395 [Listener at localhost/38409] INFO  om.OzoneManager (OzoneManager.java:getRpcServer(1030)) - Creating RPC Server
2022-05-26 08:03:16,396 [org.apache.ratis.util.JvmPauseMonitor$$Lambda$691/456821109@2c79d050] INFO  util.JvmPauseMonitor (JvmPauseMonitor.java:run(103)) - JvmPauseMonitor-omNode-2: Started
2022-05-26 08:03:16,649 [Listener at localhost/38409] INFO  reflections.Reflections (Reflections.java:scan(232)) - Reflections took 253 ms to scan 19 urls, producing 61 keys and 3747 values [using 2 cores]
2022-05-26 08:03:16,652 [Listener at localhost/38409] INFO  ipc.CallQueueManager (CallQueueManager.java:<init>(90)) - Using callQueue: class java.util.concurrent.LinkedBlockingQueue, queueCapacity: 2000, scheduler: class org.apache.hadoop.ipc.DefaultRpcScheduler, ipcBackoff: false.
2022-05-26 08:03:16,652 [Socket Reader #1 for port 38277] INFO  ipc.Server (Server.java:run(1265)) - Starting Socket Reader #1 for port 38277
2022-05-26 08:03:16,655 [Listener at localhost/38277] INFO  http.BaseHttpServer (BaseHttpServer.java:newHttpServer2BuilderForOzone(209)) - Starting Web-server for ozoneManager at: http://0.0.0.0:45205
2022-05-26 08:03:16,655 [Listener at localhost/38277] INFO  http.BaseHttpServer (BaseHttpServer.java:<init>(107)) - Hadoop Security Enabled: false Ozone Security Enabled: false Ozone HTTP Security Enabled: false 
2022-05-26 08:03:16,656 [Listener at localhost/38277] INFO  server.AuthenticationFilter (AuthenticationFilter.java:constructSecretProvider(240)) - Unable to initialize FileSignerSecretProvider, falling back to use random secrets.
2022-05-26 08:03:16,657 [Listener at localhost/38277] WARN  http.HttpRequestLog (HttpRequestLog.java:getRequestLog(103)) - Jetty request log can only be enabled using Log4j
2022-05-26 08:03:16,658 [Listener at localhost/38277] INFO  http.HttpServer2 (HttpServer2.java:addGlobalFilter(1030)) - Added global filter 'safety' (class=org.apache.hadoop.hdds.server.http.HttpServer2$QuotingInputFilter)
2022-05-26 08:03:16,659 [Listener at localhost/38277] INFO  http.HttpServer2 (HttpServer2.java:addFilter(1006)) - Added filter static_user_filter (class=org.apache.hadoop.http.lib.StaticUserWebFilter$StaticUserFilter) to context ozoneManager
2022-05-26 08:03:16,659 [Listener at localhost/38277] INFO  http.HttpServer2 (HttpServer2.java:addFilter(1014)) - Added filter static_user_filter (class=org.apache.hadoop.http.lib.StaticUserWebFilter$StaticUserFilter) to context logs
2022-05-26 08:03:16,659 [Listener at localhost/38277] INFO  http.HttpServer2 (HttpServer2.java:addFilter(1014)) - Added filter static_user_filter (class=org.apache.hadoop.http.lib.StaticUserWebFilter$StaticUserFilter) to context static
2022-05-26 08:03:16,660 [Listener at localhost/38277] INFO  http.HttpServer2 (HttpServer2.java:bindListener(1249)) - Jetty bound to port 45205
2022-05-26 08:03:16,660 [Listener at localhost/38277] INFO  server.Server (Server.java:doStart(375)) - jetty-9.4.43.v20210629; built: 2021-06-30T11:07:22.254Z; git: 526006ecfa3af7f1a27ef3a288e2bef7ea9dd7e8; jvm 1.8.0_332-b09
2022-05-26 08:03:16,661 [Listener at localhost/38277] INFO  server.session (DefaultSessionIdManager.java:doStart(334)) - DefaultSessionIdManager workerName=node0
2022-05-26 08:03:16,662 [Listener at localhost/38277] INFO  server.session (DefaultSessionIdManager.java:doStart(339)) - No SessionScavenger set, using defaults
2022-05-26 08:03:16,662 [Listener at localhost/38277] INFO  server.session (HouseKeeper.java:startScavenging(132)) - node0 Scavenging every 660000ms
2022-05-26 08:03:16,663 [Listener at localhost/38277] INFO  handler.ContextHandler (ContextHandler.java:doStart(915)) - Started o.e.j.s.ServletContextHandler@15407521{logs,/logs,file:///home/runner/work/ozone/ozone/hadoop-ozone/integration-test/target/log,AVAILABLE}
2022-05-26 08:03:16,663 [Listener at localhost/38277] INFO  handler.ContextHandler (ContextHandler.java:doStart(915)) - Started o.e.j.s.ServletContextHandler@7ff61b0f{static,/static,file:///home/runner/work/ozone/ozone/hadoop-ozone/integration-test/target/test-classes/webapps/static,AVAILABLE}
2022-05-26 08:03:16,666 [Listener at localhost/38277] INFO  handler.ContextHandler (ContextHandler.java:doStart(915)) - Started o.e.j.w.WebAppContext@15acb72d{ozoneManager,/,file:///home/runner/work/ozone/ozone/hadoop-ozone/integration-test/target/test-classes/webapps/ozoneManager/,AVAILABLE}{file:/home/runner/work/ozone/ozone/hadoop-ozone/integration-test/target/test-classes/webapps/ozoneManager}
2022-05-26 08:03:16,667 [Listener at localhost/38277] INFO  server.AbstractConnector (AbstractConnector.java:doStart(331)) - Started ServerConnector@5ba0e0b4{HTTP/1.1, (http/1.1)}{0.0.0.0:45205}
2022-05-26 08:03:16,668 [Listener at localhost/38277] INFO  server.Server (Server.java:doStart(415)) - Started @58608ms
2022-05-26 08:03:16,668 [Listener at localhost/38277] WARN  impl.MetricsSystemImpl (MetricsSystemImpl.java:register(279)) - Sink prometheus already exists!
2022-05-26 08:03:16,668 [Listener at localhost/38277] INFO  http.BaseHttpServer (BaseHttpServer.java:updateConnectorAddress(329)) - HTTP server of ozoneManager listening at http://0.0.0.0:45205
2022-05-26 08:03:16,669 [IPC Server Responder] INFO  ipc.Server (Server.java:run(1507)) - IPC Server Responder: starting
2022-05-26 08:03:16,669 [IPC Server listener on 38277] INFO  ipc.Server (Server.java:run(1344)) - IPC Server listener on 38277: starting
2022-05-26 08:03:16,678 [Listener at localhost/38277] INFO  om.OzoneManager (OzoneManager.java:startTrashEmptier(1845)) - Trash Interval set to 0. Files deleted won't move to trash
2022-05-26 08:03:16,679 [org.apache.hadoop.util.JvmPauseMonitor$Monitor@36c64bd8] INFO  util.JvmPauseMonitor (JvmPauseMonitor.java:run(188)) - Starting JVM pause monitor
]]></system-out>
  </testcase>
  <testcase name="testOMRetryProxy" classname="org.apache.hadoop.ozone.om.TestOzoneManagerHAMetadataOnly" time="3.389">
    <system-out><![CDATA[2022-05-26 08:03:16,686 [Listener at localhost/38277] INFO  om.OzoneManager (OzoneManager.java:stop(1960)) - omNode-3[localhost:46875]: Stopping Ozone Manager
2022-05-26 08:03:16,687 [Listener at localhost/38277] INFO  ipc.Server (Server.java:stop(3414)) - Stopping server on 46875
2022-05-26 08:03:16,689 [IPC Server listener on 46875] INFO  ipc.Server (Server.java:run(1376)) - Stopping IPC Server listener on 46875
2022-05-26 08:03:16,689 [IPC Server Responder] INFO  ipc.Server (Server.java:run(1512)) - Stopping IPC Server Responder
2022-05-26 08:03:16,696 [Listener at localhost/38277] INFO  server.RaftServer (RaftServerProxy.java:lambda$close$7(398)) - omNode-3: close
2022-05-26 08:03:16,696 [Listener at localhost/38277] INFO  server.RaftServer$Division (RaftServerImpl.java:lambda$close$4(434)) - omNode-3@group-523986131536: shutdown
2022-05-26 08:03:16,697 [Listener at localhost/38277] INFO  util.JmxRegister (JmxRegister.java:unregister(73)) - Successfully un-registered JMX Bean with object name Ratis:service=RaftServer,group=group-523986131536,id=omNode-3
2022-05-26 08:03:16,697 [Listener at localhost/38277] INFO  impl.RoleInfo (RoleInfo.java:shutdownFollowerState(110)) - omNode-3: shutdown omNode-3@group-523986131536-FollowerState
2022-05-26 08:03:16,697 [omNode-3@group-523986131536-FollowerState] INFO  impl.FollowerState (FollowerState.java:run(152)) - omNode-3@group-523986131536-FollowerState was interrupted
2022-05-26 08:03:16,697 [omNode-3@group-523986131536-StateMachineUpdater] INFO  ratis.OzoneManagerStateMachine (OzoneManagerStateMachine.java:takeSnapshot(436)) - Current Snapshot Index (t:1, i:6)
2022-05-26 08:03:16,698 [omNode-3@group-523986131536-StateMachineUpdater] INFO  impl.StateMachineUpdater (StateMachineUpdater.java:takeSnapshot(287)) - omNode-3@group-523986131536-StateMachineUpdater: Took a snapshot at index 6
2022-05-26 08:03:16,698 [omNode-3@group-523986131536-StateMachineUpdater] INFO  impl.StateMachineUpdater (StateMachineUpdater.java:lambda$new$0(92)) - omNode-3@group-523986131536-StateMachineUpdater: snapshotIndex: updateIncreasingly 5 -> 6
2022-05-26 08:03:16,698 [omNode-3@group-523986131536-StateMachineUpdater] INFO  ratis.OzoneManagerStateMachine (OzoneManagerStateMachine.java:close(490)) - StateMachine has shutdown. Shutdown OzoneManager if not already shutdown.
2022-05-26 08:03:16,698 [omNode-3@group-523986131536-StateMachineUpdater] INFO  ratis.OzoneManagerDoubleBuffer (OzoneManagerDoubleBuffer.java:stop(465)) - Stopping OMDoubleBuffer flush thread
2022-05-26 08:03:16,699 [OMDoubleBufferFlushThread] INFO  ratis.OzoneManagerDoubleBuffer (OzoneManagerDoubleBuffer.java:flushTransactions(385)) - OMDoubleBuffer flush thread OMDoubleBufferFlushThread is interrupted and will exit.
2022-05-26 08:03:16,699 [Listener at localhost/38277] INFO  impl.StateMachineUpdater (StateMachineUpdater.java:stopAndJoin(153)) - omNode-3@group-523986131536-StateMachineUpdater: set stopIndex = 6
2022-05-26 08:03:16,699 [Listener at localhost/38277] INFO  server.RaftServer$Division (ServerState.java:close(429)) - omNode-3@group-523986131536: closes. applyIndex: 6
2022-05-26 08:03:16,699 [omNode-3@group-523986131536-SegmentedRaftLogWorker] INFO  segmented.SegmentedRaftLogWorker (SegmentedRaftLogWorker.java:run(336)) - omNode-3@group-523986131536-SegmentedRaftLogWorker was interrupted, exiting. There are 0 tasks remaining in the queue.
2022-05-26 08:03:16,701 [Listener at localhost/38277] INFO  segmented.SegmentedRaftLogWorker (SegmentedRaftLogWorker.java:close(246)) - omNode-3@group-523986131536-SegmentedRaftLogWorker close()
2022-05-26 08:03:16,709 [Listener at localhost/38277] INFO  server.GrpcService (GrpcService.java:closeImpl(269)) - omNode-3: shutdown server with port 42233 now
2022-05-26 08:03:16,710 [Listener at localhost/38277] INFO  server.GrpcService (GrpcService.java:closeImpl(278)) - omNode-3: shutdown server with port 42233 successfully
2022-05-26 08:03:16,710 [org.apache.ratis.util.JvmPauseMonitor$$Lambda$691/456821109@7c39d86f] INFO  util.JvmPauseMonitor (JvmPauseMonitor.java:run(109)) - JvmPauseMonitor-omNode-3: Stopped
2022-05-26 08:03:16,711 [Listener at localhost/38277] INFO  ratis.OzoneManagerStateMachine (OzoneManagerStateMachine.java:close(490)) - StateMachine has shutdown. Shutdown OzoneManager if not already shutdown.
2022-05-26 08:03:16,711 [Listener at localhost/38277] INFO  ratis.OzoneManagerDoubleBuffer (OzoneManagerDoubleBuffer.java:stop(477)) - OMDoubleBuffer flush thread is not running.
2022-05-26 08:03:16,712 [Listener at localhost/38277] INFO  handler.ContextHandler (ContextHandler.java:doStop(1153)) - Stopped o.e.j.w.WebAppContext@69d0e894{ozoneManager,/,null,STOPPED}{file:/home/runner/work/ozone/ozone/hadoop-ozone/integration-test/target/test-classes/webapps/ozoneManager}
2022-05-26 08:03:16,714 [Listener at localhost/38277] INFO  server.AbstractConnector (AbstractConnector.java:doStop(381)) - Stopped ServerConnector@6b569a0f{HTTP/1.1, (http/1.1)}{0.0.0.0:39517}
2022-05-26 08:03:16,714 [Listener at localhost/38277] INFO  server.session (HouseKeeper.java:stopScavenging(149)) - node0 Stopped scavenging
2022-05-26 08:03:16,715 [Listener at localhost/38277] INFO  handler.ContextHandler (ContextHandler.java:doStop(1153)) - Stopped o.e.j.s.ServletContextHandler@4c311f1a{static,/static,file:///home/runner/work/ozone/ozone/hadoop-ozone/integration-test/target/test-classes/webapps/static,STOPPED}
2022-05-26 08:03:16,715 [Listener at localhost/38277] INFO  handler.ContextHandler (ContextHandler.java:doStop(1153)) - Stopped o.e.j.s.ServletContextHandler@e44a73a{logs,/logs,file:///home/runner/work/ozone/ozone/hadoop-ozone/integration-test/target/log,STOPPED}
2022-05-26 08:03:16,717 [Listener at localhost/38277] INFO  om.OzoneManager (OzoneManager.java:stop(1960)) - omNode-1[localhost:38409]: Stopping Ozone Manager
2022-05-26 08:03:16,717 [Listener at localhost/38277] INFO  ipc.Server (Server.java:stop(3414)) - Stopping server on 38409
2022-05-26 08:03:16,719 [IPC Server listener on 38409] INFO  ipc.Server (Server.java:run(1376)) - Stopping IPC Server listener on 38409
2022-05-26 08:03:16,720 [IPC Server Responder] INFO  ipc.Server (Server.java:run(1512)) - Stopping IPC Server Responder
2022-05-26 08:03:16,720 [Listener at localhost/38277] INFO  server.RaftServer (RaftServerProxy.java:lambda$close$7(398)) - omNode-1: close
2022-05-26 08:03:16,720 [Listener at localhost/38277] INFO  server.RaftServer$Division (RaftServerImpl.java:lambda$close$4(434)) - omNode-1@group-523986131536: shutdown
2022-05-26 08:03:16,720 [Listener at localhost/38277] INFO  util.JmxRegister (JmxRegister.java:unregister(73)) - Successfully un-registered JMX Bean with object name Ratis:service=RaftServer,group=group-523986131536,id=omNode-1
2022-05-26 08:03:16,721 [Listener at localhost/38277] INFO  impl.RoleInfo (RoleInfo.java:shutdownFollowerState(110)) - omNode-1: shutdown omNode-1@group-523986131536-FollowerState
2022-05-26 08:03:16,721 [Listener at localhost/38277] INFO  impl.StateMachineUpdater (StateMachineUpdater.java:stopAndJoin(153)) - omNode-1@group-523986131536-StateMachineUpdater: set stopIndex = 6
2022-05-26 08:03:16,721 [omNode-1@group-523986131536-StateMachineUpdater] INFO  ratis.OzoneManagerStateMachine (OzoneManagerStateMachine.java:close(490)) - StateMachine has shutdown. Shutdown OzoneManager if not already shutdown.
2022-05-26 08:03:16,721 [omNode-1@group-523986131536-StateMachineUpdater] INFO  ratis.OzoneManagerDoubleBuffer (OzoneManagerDoubleBuffer.java:stop(465)) - Stopping OMDoubleBuffer flush thread
2022-05-26 08:03:16,721 [omNode-1@group-523986131536-FollowerState] INFO  impl.FollowerState (FollowerState.java:run(152)) - omNode-1@group-523986131536-FollowerState was interrupted
2022-05-26 08:03:16,721 [OMDoubleBufferFlushThread] INFO  ratis.OzoneManagerDoubleBuffer (OzoneManagerDoubleBuffer.java:flushTransactions(385)) - OMDoubleBuffer flush thread OMDoubleBufferFlushThread is interrupted and will exit.
2022-05-26 08:03:16,721 [Listener at localhost/38277] INFO  server.RaftServer$Division (ServerState.java:close(429)) - omNode-1@group-523986131536: closes. applyIndex: 6
2022-05-26 08:03:16,722 [omNode-1@group-523986131536-SegmentedRaftLogWorker] INFO  segmented.SegmentedRaftLogWorker (SegmentedRaftLogWorker.java:run(336)) - omNode-1@group-523986131536-SegmentedRaftLogWorker was interrupted, exiting. There are 0 tasks remaining in the queue.
2022-05-26 08:03:16,723 [Listener at localhost/38277] INFO  segmented.SegmentedRaftLogWorker (SegmentedRaftLogWorker.java:close(246)) - omNode-1@group-523986131536-SegmentedRaftLogWorker close()
2022-05-26 08:03:16,724 [Listener at localhost/38277] INFO  server.GrpcService (GrpcService.java:closeImpl(269)) - omNode-1: shutdown server with port 40183 now
2022-05-26 08:03:16,725 [Listener at localhost/38277] INFO  server.GrpcService (GrpcService.java:closeImpl(278)) - omNode-1: shutdown server with port 40183 successfully
2022-05-26 08:03:16,725 [org.apache.ratis.util.JvmPauseMonitor$$Lambda$691/456821109@7e5f596f] INFO  util.JvmPauseMonitor (JvmPauseMonitor.java:run(109)) - JvmPauseMonitor-omNode-1: Stopped
2022-05-26 08:03:16,725 [Listener at localhost/38277] INFO  ratis.OzoneManagerStateMachine (OzoneManagerStateMachine.java:close(490)) - StateMachine has shutdown. Shutdown OzoneManager if not already shutdown.
2022-05-26 08:03:16,725 [Listener at localhost/38277] INFO  ratis.OzoneManagerDoubleBuffer (OzoneManagerDoubleBuffer.java:stop(477)) - OMDoubleBuffer flush thread is not running.
2022-05-26 08:03:16,725 [Listener at localhost/38277] INFO  handler.ContextHandler (ContextHandler.java:doStop(1153)) - Stopped o.e.j.w.WebAppContext@77ee057b{ozoneManager,/,null,STOPPED}{file:/home/runner/work/ozone/ozone/hadoop-ozone/integration-test/target/test-classes/webapps/ozoneManager}
2022-05-26 08:03:16,726 [Listener at localhost/38277] INFO  server.AbstractConnector (AbstractConnector.java:doStop(381)) - Stopped ServerConnector@4151251b{HTTP/1.1, (http/1.1)}{0.0.0.0:35485}
2022-05-26 08:03:16,726 [Listener at localhost/38277] INFO  server.session (HouseKeeper.java:stopScavenging(149)) - node0 Stopped scavenging
2022-05-26 08:03:16,726 [Listener at localhost/38277] INFO  handler.ContextHandler (ContextHandler.java:doStop(1153)) - Stopped o.e.j.s.ServletContextHandler@56c70faf{static,/static,file:///home/runner/work/ozone/ozone/hadoop-ozone/integration-test/target/test-classes/webapps/static,STOPPED}
2022-05-26 08:03:16,726 [Listener at localhost/38277] INFO  handler.ContextHandler (ContextHandler.java:doStop(1153)) - Stopped o.e.j.s.ServletContextHandler@2c4386a6{logs,/logs,file:///home/runner/work/ozone/ozone/hadoop-ozone/integration-test/target/log,STOPPED}
2022-05-26 08:03:16,728 [Listener at localhost/38277] INFO  om.OzoneManager (OzoneManager.java:stop(1960)) - omNode-2[localhost:38277]: Stopping Ozone Manager
2022-05-26 08:03:16,728 [Listener at localhost/38277] INFO  ipc.Server (Server.java:stop(3414)) - Stopping server on 38277
2022-05-26 08:03:16,729 [IPC Server listener on 38277] INFO  ipc.Server (Server.java:run(1376)) - Stopping IPC Server listener on 38277
2022-05-26 08:03:16,730 [IPC Server Responder] INFO  ipc.Server (Server.java:run(1512)) - Stopping IPC Server Responder
2022-05-26 08:03:16,730 [Listener at localhost/38277] INFO  server.RaftServer (RaftServerProxy.java:lambda$close$7(398)) - omNode-2: close
2022-05-26 08:03:16,730 [Listener at localhost/38277] INFO  server.RaftServer$Division (RaftServerImpl.java:lambda$close$4(434)) - omNode-2@group-523986131536: shutdown
2022-05-26 08:03:16,731 [Listener at localhost/38277] INFO  util.JmxRegister (JmxRegister.java:unregister(73)) - Successfully un-registered JMX Bean with object name Ratis:service=RaftServer,group=group-523986131536,id=omNode-2
2022-05-26 08:03:16,731 [Listener at localhost/38277] INFO  impl.RoleInfo (RoleInfo.java:shutdownFollowerState(110)) - omNode-2: shutdown omNode-2@group-523986131536-FollowerState
2022-05-26 08:03:16,731 [omNode-2@group-523986131536-StateMachineUpdater] INFO  ratis.OzoneManagerStateMachine (OzoneManagerStateMachine.java:close(490)) - StateMachine has shutdown. Shutdown OzoneManager if not already shutdown.
2022-05-26 08:03:16,731 [omNode-2@group-523986131536-StateMachineUpdater] INFO  ratis.OzoneManagerDoubleBuffer (OzoneManagerDoubleBuffer.java:stop(465)) - Stopping OMDoubleBuffer flush thread
2022-05-26 08:03:16,731 [omNode-2@group-523986131536-FollowerState] INFO  impl.FollowerState (FollowerState.java:run(152)) - omNode-2@group-523986131536-FollowerState was interrupted
2022-05-26 08:03:16,731 [OMDoubleBufferFlushThread] INFO  ratis.OzoneManagerDoubleBuffer (OzoneManagerDoubleBuffer.java:flushTransactions(385)) - OMDoubleBuffer flush thread OMDoubleBufferFlushThread is interrupted and will exit.
2022-05-26 08:03:16,731 [Listener at localhost/38277] INFO  impl.StateMachineUpdater (StateMachineUpdater.java:stopAndJoin(153)) - omNode-2@group-523986131536-StateMachineUpdater: set stopIndex = 6
2022-05-26 08:03:16,732 [Listener at localhost/38277] INFO  server.RaftServer$Division (ServerState.java:close(429)) - omNode-2@group-523986131536: closes. applyIndex: 6
2022-05-26 08:03:16,732 [omNode-2@group-523986131536-SegmentedRaftLogWorker] INFO  segmented.SegmentedRaftLogWorker (SegmentedRaftLogWorker.java:run(336)) - omNode-2@group-523986131536-SegmentedRaftLogWorker was interrupted, exiting. There are 0 tasks remaining in the queue.
2022-05-26 08:03:16,739 [Listener at localhost/38277] INFO  segmented.SegmentedRaftLogWorker (SegmentedRaftLogWorker.java:close(246)) - omNode-2@group-523986131536-SegmentedRaftLogWorker close()
2022-05-26 08:03:16,740 [Listener at localhost/38277] INFO  server.GrpcService (GrpcService.java:closeImpl(269)) - omNode-2: shutdown server with port 37413 now
2022-05-26 08:03:16,741 [Listener at localhost/38277] INFO  server.GrpcService (GrpcService.java:closeImpl(278)) - omNode-2: shutdown server with port 37413 successfully
2022-05-26 08:03:16,741 [org.apache.ratis.util.JvmPauseMonitor$$Lambda$691/456821109@2c79d050] INFO  util.JvmPauseMonitor (JvmPauseMonitor.java:run(109)) - JvmPauseMonitor-omNode-2: Stopped
2022-05-26 08:03:16,741 [Listener at localhost/38277] INFO  ratis.OzoneManagerStateMachine (OzoneManagerStateMachine.java:close(490)) - StateMachine has shutdown. Shutdown OzoneManager if not already shutdown.
2022-05-26 08:03:16,741 [Listener at localhost/38277] INFO  ratis.OzoneManagerDoubleBuffer (OzoneManagerDoubleBuffer.java:stop(477)) - OMDoubleBuffer flush thread is not running.
2022-05-26 08:03:16,742 [Listener at localhost/38277] INFO  handler.ContextHandler (ContextHandler.java:doStop(1153)) - Stopped o.e.j.w.WebAppContext@15acb72d{ozoneManager,/,null,STOPPED}{file:/home/runner/work/ozone/ozone/hadoop-ozone/integration-test/target/test-classes/webapps/ozoneManager}
2022-05-26 08:03:16,742 [Listener at localhost/38277] INFO  server.AbstractConnector (AbstractConnector.java:doStop(381)) - Stopped ServerConnector@5ba0e0b4{HTTP/1.1, (http/1.1)}{0.0.0.0:45205}
2022-05-26 08:03:16,742 [Listener at localhost/38277] INFO  server.session (HouseKeeper.java:stopScavenging(149)) - node0 Stopped scavenging
2022-05-26 08:03:16,742 [Listener at localhost/38277] INFO  handler.ContextHandler (ContextHandler.java:doStop(1153)) - Stopped o.e.j.s.ServletContextHandler@7ff61b0f{static,/static,file:///home/runner/work/ozone/ozone/hadoop-ozone/integration-test/target/test-classes/webapps/static,STOPPED}
2022-05-26 08:03:16,742 [Listener at localhost/38277] INFO  handler.ContextHandler (ContextHandler.java:doStop(1153)) - Stopped o.e.j.s.ServletContextHandler@15407521{logs,/logs,file:///home/runner/work/ozone/ozone/hadoop-ozone/integration-test/target/log,STOPPED}
2022-05-26 08:03:16,757 [Listener at localhost/38277] INFO  rpc.RpcClient (RpcClient.java:createVolume(457)) - Creating Volume: volume54166, with user78980 as owner and space quota set to -1 bytes, counts quota set to -1
2022-05-26 08:03:16,762 [Listener at localhost/38277] INFO  retry.RetryInvocationHandler (RetryInvocationHandler.java:log(411)) - com.google.protobuf.ServiceException: java.net.ConnectException: Call From fv-az35-51/10.1.0.14 to localhost:38409 failed on connection exception: java.net.ConnectException: Connection refused; For more details see:  http://wiki.apache.org/hadoop/ConnectionRefused, while invoking $Proxy54.submitRequest over nodeId=omNode-1,nodeAddress=127.0.0.1:38409. Trying to failover immediately.
2022-05-26 08:03:16,763 [Listener at localhost/38277] INFO  retry.RetryInvocationHandler (RetryInvocationHandler.java:log(411)) - com.google.protobuf.ServiceException: java.net.ConnectException: Call From fv-az35-51/10.1.0.14 to localhost:38277 failed on connection exception: java.net.ConnectException: Connection refused; For more details see:  http://wiki.apache.org/hadoop/ConnectionRefused, while invoking $Proxy54.submitRequest over nodeId=omNode-2,nodeAddress=127.0.0.1:38277 after 1 failover attempts. Trying to failover immediately.
2022-05-26 08:03:16,764 [Listener at localhost/38277] INFO  retry.RetryInvocationHandler (RetryInvocationHandler.java:log(411)) - com.google.protobuf.ServiceException: java.net.ConnectException: Call From fv-az35-51/10.1.0.14 to localhost:46875 failed on connection exception: java.net.ConnectException: Connection refused; For more details see:  http://wiki.apache.org/hadoop/ConnectionRefused, while invoking $Proxy54.submitRequest over nodeId=omNode-3,nodeAddress=127.0.0.1:46875 after 2 failover attempts. Trying to failover after sleeping for 2000ms.
2022-05-26 08:03:18,765 [Listener at localhost/38277] INFO  retry.RetryInvocationHandler (RetryInvocationHandler.java:log(411)) - com.google.protobuf.ServiceException: java.net.ConnectException: Call From fv-az35-51/10.1.0.14 to localhost:38409 failed on connection exception: java.net.ConnectException: Connection refused; For more details see:  http://wiki.apache.org/hadoop/ConnectionRefused, while invoking $Proxy54.submitRequest over nodeId=omNode-1,nodeAddress=127.0.0.1:38409 after 3 failover attempts. Trying to failover immediately.
2022-05-26 08:03:18,766 [Listener at localhost/38277] INFO  retry.RetryInvocationHandler (RetryInvocationHandler.java:log(411)) - com.google.protobuf.ServiceException: java.net.ConnectException: Call From fv-az35-51/10.1.0.14 to localhost:38277 failed on connection exception: java.net.ConnectException: Connection refused; For more details see:  http://wiki.apache.org/hadoop/ConnectionRefused, while invoking $Proxy54.submitRequest over nodeId=omNode-2,nodeAddress=127.0.0.1:38277 after 4 failover attempts. Trying to failover immediately.
2022-05-26 08:03:18,766 [Listener at localhost/38277] ERROR ha.OMFailoverProxyProvider (OMFailoverProxyProvider.java:getRetryAction(294)) - Failed to connect to OMs: [nodeId=omNode-3,nodeAddress=127.0.0.1:46875, nodeId=omNode-1,nodeAddress=127.0.0.1:38409, nodeId=omNode-2,nodeAddress=127.0.0.1:38277]. Attempted 5 failovers.
2022-05-26 08:03:18,768 [Listener at localhost/38277] INFO  om.OzoneManager (OzoneManager.java:stop(1960)) - omNode-3[localhost:46875]: Stopping Ozone Manager
2022-05-26 08:03:18,768 [Listener at localhost/38277] INFO  om.OzoneManager (OzoneManager.java:restart(1497)) - OzoneManager RPC server is listening at localhost/127.0.0.1:46875
2022-05-26 08:03:18,768 [Listener at localhost/38277] INFO  impl.MetricsSystemImpl (MetricsSystemImpl.java:init(158)) - OzoneManager metrics system started (again)
2022-05-26 08:03:18,781 [Listener at localhost/38277] WARN  server.ServerUtils (ServerUtils.java:getDBPath(225)) - ozone.om.db.dirs is not configured. We recommend adding this setting. Falling back to ozone.metadata.dirs instead.
2022-05-26 08:03:18,782 [Listener at localhost/38277] INFO  codec.OmKeyInfoCodec (OmKeyInfoCodec.java:<init>(49)) - OmKeyInfoCodec ignorePipeline = true
2022-05-26 08:03:18,782 [Listener at localhost/38277] INFO  codec.RepeatedOmKeyInfoCodec (RepeatedOmKeyInfoCodec.java:<init>(41)) - RepeatedOmKeyInfoCodec ignorePipeline = true
2022-05-26 08:03:18,816 [Listener at localhost/38277] WARN  impl.MetricRegistriesImpl (MetricRegistriesImpl.java:addReporterRegistration(111)) - New reporters are added after registries were created. Some metrics will be missing from the reporter. Please add reporter before adding any new registry.
2022-05-26 08:03:18,817 [Listener at localhost/38277] WARN  impl.MetricRegistriesImpl (MetricRegistriesImpl.java:addReporterRegistration(111)) - New reporters are added after registries were created. Some metrics will be missing from the reporter. Please add reporter before adding any new registry.
2022-05-26 08:03:18,817 [Listener at localhost/38277] WARN  server.ServerUtils (ServerUtils.java:getDefaultRatisDirectory(237)) - Storage directory for Ratis is not configured. It is a good idea to map this to an SSD disk. Falling back to ozone.metadata.dirs
2022-05-26 08:03:18,818 [Listener at localhost/38277] INFO  ratis.OzoneManagerRatisServer (OzoneManagerRatisServer.java:<init>(159)) - Instantiating OM Ratis server with groupID: om-service-test1 and peers: localhost:42233, localhost:40183, localhost:37413
2022-05-26 08:03:18,818 [Listener at localhost/38277] INFO  ratis.OzoneManagerStateMachine (OzoneManagerStateMachine.java:loadSnapshotInfoFromDB(627)) - LastAppliedIndex is set from TransactionInfo from OM DB as (t:1, i:6)
2022-05-26 08:03:18,819 [Listener at localhost/38277] INFO  server.RaftServer (ConfUtils.java:logGet(46)) - raft.rpc.type = GRPC (default)
2022-05-26 08:03:18,819 [Listener at localhost/38277] INFO  grpc.GrpcFactory (GrpcFactory.java:checkPooledByteBufAllocatorUseCacheForAllThreads(48)) - PERFORMANCE WARNING: useCacheForAllThreads is true that may cause Netty to create a lot garbage objects and, as a result, trigger GC.
	It is recommended to disable useCacheForAllThreads by setting -Dorg.apache.ratis.thirdparty.io.netty.allocator.useCacheForAllThreads=false in command line.
2022-05-26 08:03:18,820 [Listener at localhost/38277] INFO  grpc.GrpcConfigKeys (ConfUtils.java:logGet(46)) - raft.grpc.admin.port = -1 (default)
2022-05-26 08:03:18,820 [Listener at localhost/38277] INFO  grpc.GrpcConfigKeys (ConfUtils.java:logGet(46)) - raft.grpc.server.port = 42233 (custom)
2022-05-26 08:03:18,820 [Listener at localhost/38277] INFO  grpc.GrpcConfigKeys (ConfUtils.java:logGet(46)) - raft.grpc.client.port = -1 (default)
2022-05-26 08:03:18,820 [Listener at localhost/38277] INFO  grpc.GrpcConfigKeys (ConfUtils.java:logGet(46)) - raft.grpc.server.port = 42233 (custom)
2022-05-26 08:03:18,820 [Listener at localhost/38277] INFO  grpc.GrpcConfigKeys (ConfUtils.java:logGet(46)) - raft.grpc.server.port = 42233 (custom)
2022-05-26 08:03:18,820 [Listener at localhost/38277] INFO  server.GrpcService (ConfUtils.java:logGet(46)) - raft.grpc.message.size.max = 33554432 (custom)
2022-05-26 08:03:18,820 [Listener at localhost/38277] INFO  server.RaftServerConfigKeys (ConfUtils.java:logGet(46)) - raft.server.log.appender.buffer.byte-limit = 33554432 (custom)
2022-05-26 08:03:18,820 [Listener at localhost/38277] INFO  server.GrpcService (ConfUtils.java:logGet(46)) - raft.grpc.flow.control.window = 1MB (=1048576) (default)
2022-05-26 08:03:18,821 [Listener at localhost/38277] INFO  server.RaftServerConfigKeys (ConfUtils.java:logGet(46)) - raft.server.rpc.request.timeout = 3000ms (default)
2022-05-26 08:03:18,821 [Listener at localhost/38277] INFO  grpc.GrpcConfigKeys (ConfUtils.java:logGet(46)) - raft.grpc.server.async.request.thread.pool.cached = true (default)
2022-05-26 08:03:18,821 [Listener at localhost/38277] INFO  grpc.GrpcConfigKeys (ConfUtils.java:logGet(46)) - raft.grpc.server.async.request.thread.pool.size = 32 (default)
2022-05-26 08:03:18,822 [Listener at localhost/38277] INFO  impl.DataStreamServerImpl (ConfUtils.java:logGet(46)) - raft.datastream.type = DISABLED (default)
2022-05-26 08:03:18,822 [Listener at localhost/38277] INFO  server.RaftServerConfigKeys (ConfUtils.java:logGet(46)) - raft.server.threadpool.proxy.cached = true (default)
2022-05-26 08:03:18,822 [Listener at localhost/38277] INFO  server.RaftServerConfigKeys (ConfUtils.java:logGet(46)) - raft.server.threadpool.proxy.size = 0 (default)
2022-05-26 08:03:18,822 [Listener at localhost/38277] INFO  server.RaftServerConfigKeys (ConfUtils.java:logGet(46)) - raft.server.rpc.slowness.timeout = 2s (custom)
2022-05-26 08:03:18,823 [Listener at localhost/38277] INFO  server.RaftServerConfigKeys (ConfUtils.java:logGet(46)) - raft.server.leaderelection.leader.step-down.wait-time = 10s (default)
2022-05-26 08:03:18,823 [Listener at localhost/38277] INFO  server.RaftServerConfigKeys (ConfUtils.java:logGet(46)) - raft.server.storage.dir = [/home/runner/work/ozone/ozone/hadoop-ozone/integration-test/target/test-dir/MiniOzoneClusterImpl-17bb6255-4ab1-443a-98be-5fd7627ecb82/omNode-3/ratis] (custom)
2022-05-26 08:03:18,823 [omNode-3-impl-thread1] INFO  server.RaftServer (RaftServerProxy.java:initGroupDir(247)) - omNode-3: found a subdirectory /home/runner/work/ozone/ozone/hadoop-ozone/integration-test/target/test-dir/MiniOzoneClusterImpl-17bb6255-4ab1-443a-98be-5fd7627ecb82/omNode-3/ratis/c9bc4cf4-3bc3-3c60-a66b-523986131536
2022-05-26 08:03:18,828 [Listener at localhost/38277] INFO  server.RaftServer (RaftServerProxy.java:addNew(96)) - omNode-3: addNew group-523986131536:[omNode-3|rpc:localhost:42233|priority:0, omNode-1|rpc:localhost:40183|priority:0, omNode-2|rpc:localhost:37413|priority:0] returns group-523986131536:java.util.concurrent.CompletableFuture@2c1feb95[Not completed]
2022-05-26 08:03:18,828 [pool-257-thread-1] INFO  server.RaftServer$Division (RaftServerImpl.java:<init>(190)) - omNode-3: new RaftServerImpl for group-523986131536:[omNode-3|rpc:localhost:42233|priority:0, omNode-1|rpc:localhost:40183|priority:0, omNode-2|rpc:localhost:37413|priority:0] with OzoneManagerStateMachine:uninitialized
2022-05-26 08:03:18,828 [Listener at localhost/38277] INFO  om.OzoneManager (OzoneManager.java:initializeRatisServer(1901)) - OzoneManager Ratis server initialized at port 42233
2022-05-26 08:03:18,828 [pool-257-thread-1] INFO  server.RaftServerConfigKeys (ConfUtils.java:logGet(46)) - raft.server.rpc.timeout.min = 1s (custom)
2022-05-26 08:03:18,829 [Listener at localhost/38277] INFO  ratis.OzoneManagerRatisServer (OzoneManagerRatisServer.java:start(554)) - Starting OzoneManagerRatisServer omNode-3 at port 42233
2022-05-26 08:03:18,829 [pool-257-thread-1] INFO  server.RaftServerConfigKeys (ConfUtils.java:logGet(46)) - raft.server.rpc.timeout.max = 1200ms (custom)
2022-05-26 08:03:18,829 [pool-257-thread-1] INFO  server.RaftServerConfigKeys (ConfUtils.java:logGet(46)) - raft.server.rpc.sleep.time = 25ms (default)
2022-05-26 08:03:18,829 [pool-257-thread-1] INFO  server.RaftServerConfigKeys (ConfUtils.java:logGet(46)) - raft.server.rpc.slowness.timeout = 2s (custom)
2022-05-26 08:03:18,829 [pool-257-thread-1] INFO  server.RaftServerConfigKeys (ConfUtils.java:logGet(46)) - raft.server.leaderelection.leader.step-down.wait-time = 10s (default)
2022-05-26 08:03:18,829 [pool-257-thread-1] INFO  server.RaftServerConfigKeys (ConfUtils.java:logGet(46)) - raft.server.sleep.deviation.threshold = 300ms (default)
2022-05-26 08:03:18,829 [pool-257-thread-1] INFO  server.RaftServer$Division (ServerState.java:<init>(107)) - omNode-3@group-523986131536: ConfigurationManager, init=-1: [omNode-3|rpc:localhost:42233|priority:0, omNode-1|rpc:localhost:40183|priority:0, omNode-2|rpc:localhost:37413|priority:0], old=null, confs=<EMPTY_MAP>
2022-05-26 08:03:18,829 [pool-257-thread-1] INFO  server.RaftServerConfigKeys (ConfUtils.java:logGet(46)) - raft.server.storage.dir = [/home/runner/work/ozone/ozone/hadoop-ozone/integration-test/target/test-dir/MiniOzoneClusterImpl-17bb6255-4ab1-443a-98be-5fd7627ecb82/omNode-3/ratis] (custom)
2022-05-26 08:03:18,830 [pool-257-thread-1] INFO  server.RaftServerConfigKeys (ConfUtils.java:logGet(46)) - raft.server.log.corruption.policy = EXCEPTION (default)
2022-05-26 08:03:18,830 [pool-257-thread-1] INFO  server.RaftServerConfigKeys (ConfUtils.java:logGet(46)) - raft.server.storage.free-space.min = 0MB (=0) (default)
2022-05-26 08:03:18,831 [pool-257-thread-1] INFO  storage.RaftStorageDirectory (RaftStorageDirectoryImpl.java:tryLock(230)) - Lock on /home/runner/work/ozone/ozone/hadoop-ozone/integration-test/target/test-dir/MiniOzoneClusterImpl-17bb6255-4ab1-443a-98be-5fd7627ecb82/omNode-3/ratis/c9bc4cf4-3bc3-3c60-a66b-523986131536/in_use.lock acquired by nodename 18146@fv-az35-51
2022-05-26 08:03:18,831 [pool-257-thread-1] INFO  storage.RaftStorage (RaftStorageImpl.java:analyzeAndRecoverStorage(110)) - Read RaftStorageMetadata{term=1, votedFor=omNode-1} from /home/runner/work/ozone/ozone/hadoop-ozone/integration-test/target/test-dir/MiniOzoneClusterImpl-17bb6255-4ab1-443a-98be-5fd7627ecb82/omNode-3/ratis/c9bc4cf4-3bc3-3c60-a66b-523986131536/current/raft-meta
2022-05-26 08:03:18,832 [pool-257-thread-1] INFO  server.RaftServer$Division (ServerState.java:setRaftConf(393)) - omNode-3@group-523986131536: set configuration 0: [omNode-3|rpc:localhost:42233|admin:|client:|dataStream:|priority:0, omNode-1|rpc:localhost:40183|admin:|client:|dataStream:|priority:0, omNode-2|rpc:localhost:37413|admin:|client:|dataStream:|priority:0], old=null
2022-05-26 08:03:18,832 [pool-257-thread-1] INFO  server.RaftServerConfigKeys (ConfUtils.java:logGet(46)) - raft.server.notification.no-leader.timeout = 2s (custom)
2022-05-26 08:03:18,832 [pool-257-thread-1] INFO  server.RaftServerConfigKeys (ConfUtils.java:logGet(46)) - raft.server.log.use.memory = false (default)
2022-05-26 08:03:18,832 [pool-257-thread-1] INFO  server.RaftServerConfigKeys (ConfUtils.java:logGet(46)) - raft.server.log.purge.gap = 50 (custom)
2022-05-26 08:03:18,832 [pool-257-thread-1] INFO  server.RaftServerConfigKeys (ConfUtils.java:logGet(46)) - raft.server.log.appender.buffer.byte-limit = 33554432 (custom)
2022-05-26 08:03:18,832 [pool-257-thread-1] INFO  server.RaftServerConfigKeys (ConfUtils.java:logGet(46)) - raft.server.log.statemachine.data.read.timeout = 1000ms (default)
2022-05-26 08:03:18,832 [pool-257-thread-1] INFO  server.RaftServerConfigKeys (ConfUtils.java:logGet(46)) - raft.server.log.segment.size.max = 4194304 (custom)
2022-05-26 08:03:18,833 [pool-257-thread-1] INFO  server.RaftServerConfigKeys (ConfUtils.java:logGet(46)) - raft.server.log.segment.cache.num.max = 2 (custom)
2022-05-26 08:03:18,833 [pool-257-thread-1] INFO  server.RaftServerConfigKeys (ConfUtils.java:logGet(46)) - raft.server.log.segment.cache.size.max = 200MB (=209715200) (default)
2022-05-26 08:03:18,833 [pool-257-thread-1] INFO  segmented.SegmentedRaftLogWorker (SegmentedRaftLogWorker.java:<init>(187)) - new omNode-3@group-523986131536-SegmentedRaftLogWorker for RaftStorageImpl:Storage Directory /home/runner/work/ozone/ozone/hadoop-ozone/integration-test/target/test-dir/MiniOzoneClusterImpl-17bb6255-4ab1-443a-98be-5fd7627ecb82/omNode-3/ratis/c9bc4cf4-3bc3-3c60-a66b-523986131536
2022-05-26 08:03:18,833 [pool-257-thread-1] INFO  server.RaftServerConfigKeys (ConfUtils.java:logGet(46)) - raft.server.log.queue.byte-limit = 64MB (=67108864) (default)
2022-05-26 08:03:18,833 [pool-257-thread-1] INFO  server.RaftServerConfigKeys (ConfUtils.java:logGet(46)) - raft.server.log.queue.element-limit = 4096 (default)
2022-05-26 08:03:18,833 [pool-257-thread-1] INFO  server.RaftServerConfigKeys (ConfUtils.java:logGet(46)) - raft.server.log.segment.size.max = 4194304 (custom)
2022-05-26 08:03:18,833 [pool-257-thread-1] INFO  server.RaftServerConfigKeys (ConfUtils.java:logGet(46)) - raft.server.log.preallocated.size = 4194304 (custom)
2022-05-26 08:03:18,833 [pool-257-thread-1] INFO  server.RaftServerConfigKeys (ConfUtils.java:logGet(46)) - raft.server.log.force.sync.num = 128 (default)
2022-05-26 08:03:18,833 [pool-257-thread-1] INFO  server.RaftServerConfigKeys (ConfUtils.java:logGet(46)) - raft.server.log.statemachine.data.sync = true (default)
2022-05-26 08:03:18,833 [pool-257-thread-1] INFO  server.RaftServerConfigKeys (ConfUtils.java:logGet(46)) - raft.server.log.statemachine.data.sync.timeout = 10s (default)
2022-05-26 08:03:18,833 [pool-257-thread-1] INFO  server.RaftServerConfigKeys (ConfUtils.java:logGet(46)) - raft.server.log.statemachine.data.sync.timeout.retry = -1 (default)
2022-05-26 08:03:18,833 [pool-257-thread-1] INFO  server.RaftServerConfigKeys (ConfUtils.java:logGet(46)) - raft.server.log.write.buffer.size = 64KB (=65536) (default)
2022-05-26 08:03:18,834 [pool-257-thread-1] INFO  server.RaftServerConfigKeys (ConfUtils.java:logGet(46)) - raft.server.log.unsafe-flush.enabled = false (default)
2022-05-26 08:03:18,834 [pool-257-thread-1] INFO  server.RaftServerConfigKeys (ConfUtils.java:logGet(46)) - raft.server.log.statemachine.data.caching.enabled = false (default)
2022-05-26 08:03:18,834 [pool-257-thread-1] INFO  server.RaftServer$Division (ServerState.java:setRaftConf(393)) - omNode-3@group-523986131536: set configuration 0: [omNode-3|rpc:localhost:42233|admin:|client:|dataStream:|priority:0, omNode-1|rpc:localhost:40183|admin:|client:|dataStream:|priority:0, omNode-2|rpc:localhost:37413|admin:|client:|dataStream:|priority:0], old=null
2022-05-26 08:03:18,834 [pool-257-thread-1] INFO  segmented.LogSegment (LogSegment.java:loadSegment(173)) - Successfully read 7 entries from segment file /home/runner/work/ozone/ozone/hadoop-ozone/integration-test/target/test-dir/MiniOzoneClusterImpl-17bb6255-4ab1-443a-98be-5fd7627ecb82/omNode-3/ratis/c9bc4cf4-3bc3-3c60-a66b-523986131536/current/log_inprogress_0
2022-05-26 08:03:18,835 [pool-257-thread-1] INFO  segmented.SegmentedRaftLogWorker (SegmentedRaftLogWorker.java:lambda$new$0(135)) - omNode-3@group-523986131536-SegmentedRaftLogWorker: flushIndex: setUnconditionally 0 -> 6
2022-05-26 08:03:18,835 [pool-257-thread-1] INFO  segmented.SegmentedRaftLogWorker (SegmentedRaftLogWorker.java:lambda$new$0(135)) - omNode-3@group-523986131536-SegmentedRaftLogWorker: safeCacheEvictIndex: setUnconditionally 0 -> -1
2022-05-26 08:03:18,836 [pool-257-thread-1] INFO  raftlog.RaftLog (RaftLogBase.java:lambda$new$0(53)) - omNode-3@group-523986131536-SegmentedRaftLog: commitIndex: updateToMax old=6, new=5, updated? false
2022-05-26 08:03:18,836 [pool-257-thread-1] INFO  server.RaftServerConfigKeys (ConfUtils.java:logGet(46)) - raft.server.snapshot.auto.trigger.enabled = true (custom)
2022-05-26 08:03:18,836 [pool-257-thread-1] INFO  server.RaftServerConfigKeys (ConfUtils.java:logGet(46)) - raft.server.snapshot.auto.trigger.threshold = 50 (custom)
2022-05-26 08:03:18,836 [pool-257-thread-1] INFO  server.RaftServerConfigKeys (ConfUtils.java:logGet(46)) - raft.server.snapshot.retention.file.num = -1 (default)
2022-05-26 08:03:18,836 [pool-257-thread-1] INFO  server.RaftServerConfigKeys (ConfUtils.java:logGet(46)) - raft.server.log.purge.upto.snapshot.index = true (custom)
2022-05-26 08:03:18,836 [pool-257-thread-1] INFO  server.RaftServerConfigKeys (ConfUtils.java:logGet(46)) - raft.server.retrycache.expirytime = 30000ms (custom)
2022-05-26 08:03:18,836 [pool-257-thread-1] INFO  server.RaftServerConfigKeys (ConfUtils.java:logGet(46)) - raft.server.retrycache.statistics.expirytime = 100μs (default)
2022-05-26 08:03:18,837 [pool-257-thread-1] INFO  server.RaftServerConfigKeys (ConfUtils.java:logGet(46)) - raft.server.log.appender.install.snapshot.enabled = false (custom)
2022-05-26 08:03:18,837 [pool-257-thread-1] INFO  server.RaftServerConfigKeys (ConfUtils.java:logGet(46)) - raft.server.threadpool.server.cached = true (default)
2022-05-26 08:03:18,837 [pool-257-thread-1] INFO  server.RaftServerConfigKeys (ConfUtils.java:logGet(46)) - raft.server.threadpool.server.size = 0 (default)
2022-05-26 08:03:18,837 [pool-257-thread-1] INFO  server.RaftServerConfigKeys (ConfUtils.java:logGet(46)) - raft.server.threadpool.client.cached = true (default)
2022-05-26 08:03:18,837 [pool-257-thread-1] INFO  server.RaftServerConfigKeys (ConfUtils.java:logGet(46)) - raft.server.threadpool.client.size = 0 (default)
2022-05-26 08:03:18,837 [omNode-3-impl-thread1] INFO  server.RaftServer$Division (RaftServerImpl.java:start(310)) - omNode-3@group-523986131536: start as a follower, conf=0: [omNode-3|rpc:localhost:42233|admin:|client:|dataStream:|priority:0, omNode-1|rpc:localhost:40183|admin:|client:|dataStream:|priority:0, omNode-2|rpc:localhost:37413|admin:|client:|dataStream:|priority:0], old=null
2022-05-26 08:03:18,837 [omNode-3-impl-thread1] INFO  server.RaftServer$Division (RaftServerImpl.java:setRole(299)) - omNode-3@group-523986131536: changes role from      null to FOLLOWER at term 1 for startAsFollower
2022-05-26 08:03:18,837 [omNode-3-impl-thread1] INFO  impl.RoleInfo (RoleInfo.java:updateAndGet(139)) - omNode-3: start omNode-3@group-523986131536-FollowerState
2022-05-26 08:03:18,840 [omNode-3-impl-thread1] INFO  util.JmxRegister (JmxRegister.java:tryRegister(44)) - Successfully registered JMX Bean with object name Ratis:service=RaftServer,group=group-523986131536,id=omNode-3
2022-05-26 08:03:18,844 [Listener at localhost/38277] INFO  server.RaftServer (RaftServerProxy.java:lambda$start$6(382)) - omNode-3: start RPC server
2022-05-26 08:03:18,846 [Listener at localhost/38277] INFO  server.GrpcService (GrpcService.java:startImpl(260)) - omNode-3: GrpcService started, listening on 42233
2022-05-26 08:03:18,846 [Listener at localhost/38277] INFO  om.OzoneManager (OzoneManager.java:getRpcServer(1030)) - Creating RPC Server
2022-05-26 08:03:18,847 [org.apache.ratis.util.JvmPauseMonitor$$Lambda$691/456821109@3c4e4344] INFO  util.JvmPauseMonitor (JvmPauseMonitor.java:run(103)) - JvmPauseMonitor-omNode-3: Started
2022-05-26 08:03:19,154 [Listener at localhost/38277] INFO  reflections.Reflections (Reflections.java:scan(232)) - Reflections took 307 ms to scan 19 urls, producing 61 keys and 3747 values [using 2 cores]
2022-05-26 08:03:19,155 [Listener at localhost/38277] INFO  ipc.CallQueueManager (CallQueueManager.java:<init>(90)) - Using callQueue: class java.util.concurrent.LinkedBlockingQueue, queueCapacity: 2000, scheduler: class org.apache.hadoop.ipc.DefaultRpcScheduler, ipcBackoff: false.
2022-05-26 08:03:19,156 [Socket Reader #1 for port 46875] INFO  ipc.Server (Server.java:run(1265)) - Starting Socket Reader #1 for port 46875
2022-05-26 08:03:19,158 [Listener at localhost/46875] INFO  http.BaseHttpServer (BaseHttpServer.java:newHttpServer2BuilderForOzone(209)) - Starting Web-server for ozoneManager at: http://0.0.0.0:39517
2022-05-26 08:03:19,159 [Listener at localhost/46875] INFO  http.BaseHttpServer (BaseHttpServer.java:<init>(107)) - Hadoop Security Enabled: false Ozone Security Enabled: false Ozone HTTP Security Enabled: false 
2022-05-26 08:03:19,160 [Listener at localhost/46875] INFO  server.AuthenticationFilter (AuthenticationFilter.java:constructSecretProvider(240)) - Unable to initialize FileSignerSecretProvider, falling back to use random secrets.
2022-05-26 08:03:19,161 [Listener at localhost/46875] WARN  http.HttpRequestLog (HttpRequestLog.java:getRequestLog(103)) - Jetty request log can only be enabled using Log4j
2022-05-26 08:03:19,162 [Listener at localhost/46875] INFO  http.HttpServer2 (HttpServer2.java:addGlobalFilter(1030)) - Added global filter 'safety' (class=org.apache.hadoop.hdds.server.http.HttpServer2$QuotingInputFilter)
2022-05-26 08:03:19,163 [Listener at localhost/46875] INFO  http.HttpServer2 (HttpServer2.java:addFilter(1006)) - Added filter static_user_filter (class=org.apache.hadoop.http.lib.StaticUserWebFilter$StaticUserFilter) to context ozoneManager
2022-05-26 08:03:19,163 [Listener at localhost/46875] INFO  http.HttpServer2 (HttpServer2.java:addFilter(1014)) - Added filter static_user_filter (class=org.apache.hadoop.http.lib.StaticUserWebFilter$StaticUserFilter) to context logs
2022-05-26 08:03:19,163 [Listener at localhost/46875] INFO  http.HttpServer2 (HttpServer2.java:addFilter(1014)) - Added filter static_user_filter (class=org.apache.hadoop.http.lib.StaticUserWebFilter$StaticUserFilter) to context static
2022-05-26 08:03:19,163 [Listener at localhost/46875] INFO  http.HttpServer2 (HttpServer2.java:bindListener(1249)) - Jetty bound to port 39517
2022-05-26 08:03:19,163 [Listener at localhost/46875] INFO  server.Server (Server.java:doStart(375)) - jetty-9.4.43.v20210629; built: 2021-06-30T11:07:22.254Z; git: 526006ecfa3af7f1a27ef3a288e2bef7ea9dd7e8; jvm 1.8.0_332-b09
2022-05-26 08:03:19,165 [Listener at localhost/46875] INFO  server.session (DefaultSessionIdManager.java:doStart(334)) - DefaultSessionIdManager workerName=node0
2022-05-26 08:03:19,165 [Listener at localhost/46875] INFO  server.session (DefaultSessionIdManager.java:doStart(339)) - No SessionScavenger set, using defaults
2022-05-26 08:03:19,165 [Listener at localhost/46875] INFO  server.session (HouseKeeper.java:startScavenging(132)) - node0 Scavenging every 600000ms
2022-05-26 08:03:19,168 [Listener at localhost/46875] INFO  handler.ContextHandler (ContextHandler.java:doStart(915)) - Started o.e.j.s.ServletContextHandler@6d362f40{logs,/logs,file:///home/runner/work/ozone/ozone/hadoop-ozone/integration-test/target/log,AVAILABLE}
2022-05-26 08:03:19,168 [Listener at localhost/46875] INFO  handler.ContextHandler (ContextHandler.java:doStart(915)) - Started o.e.j.s.ServletContextHandler@14b784c0{static,/static,file:///home/runner/work/ozone/ozone/hadoop-ozone/integration-test/target/test-classes/webapps/static,AVAILABLE}
2022-05-26 08:03:19,171 [Listener at localhost/46875] INFO  handler.ContextHandler (ContextHandler.java:doStart(915)) - Started o.e.j.w.WebAppContext@557665b2{ozoneManager,/,file:///home/runner/work/ozone/ozone/hadoop-ozone/integration-test/target/test-classes/webapps/ozoneManager/,AVAILABLE}{file:/home/runner/work/ozone/ozone/hadoop-ozone/integration-test/target/test-classes/webapps/ozoneManager}
2022-05-26 08:03:19,172 [Listener at localhost/46875] INFO  server.AbstractConnector (AbstractConnector.java:doStart(331)) - Started ServerConnector@32291d8e{HTTP/1.1, (http/1.1)}{0.0.0.0:39517}
2022-05-26 08:03:19,172 [Listener at localhost/46875] INFO  server.Server (Server.java:doStart(415)) - Started @61113ms
2022-05-26 08:03:19,172 [Listener at localhost/46875] WARN  impl.MetricsSystemImpl (MetricsSystemImpl.java:register(279)) - Sink prometheus already exists!
2022-05-26 08:03:19,173 [Listener at localhost/46875] INFO  http.BaseHttpServer (BaseHttpServer.java:updateConnectorAddress(329)) - HTTP server of ozoneManager listening at http://0.0.0.0:39517
2022-05-26 08:03:19,176 [IPC Server Responder] INFO  ipc.Server (Server.java:run(1507)) - IPC Server Responder: starting
2022-05-26 08:03:19,176 [IPC Server listener on 46875] INFO  ipc.Server (Server.java:run(1344)) - IPC Server listener on 46875: starting
2022-05-26 08:03:19,185 [Listener at localhost/46875] INFO  om.OzoneManager (OzoneManager.java:startTrashEmptier(1845)) - Trash Interval set to 0. Files deleted won't move to trash
2022-05-26 08:03:19,186 [Listener at localhost/46875] INFO  om.OzoneManager (OzoneManager.java:stop(1960)) - omNode-1[localhost:38409]: Stopping Ozone Manager
2022-05-26 08:03:19,186 [Listener at localhost/46875] INFO  om.OzoneManager (OzoneManager.java:restart(1497)) - OzoneManager RPC server is listening at localhost/127.0.0.1:38409
2022-05-26 08:03:19,187 [Listener at localhost/46875] INFO  impl.MetricsSystemImpl (MetricsSystemImpl.java:init(158)) - OzoneManager metrics system started (again)
2022-05-26 08:03:19,188 [org.apache.hadoop.util.JvmPauseMonitor$Monitor@740ed220] INFO  util.JvmPauseMonitor (JvmPauseMonitor.java:run(188)) - Starting JVM pause monitor
2022-05-26 08:03:19,197 [Listener at localhost/46875] WARN  server.ServerUtils (ServerUtils.java:getDBPath(225)) - ozone.om.db.dirs is not configured. We recommend adding this setting. Falling back to ozone.metadata.dirs instead.
2022-05-26 08:03:19,199 [Listener at localhost/46875] INFO  codec.OmKeyInfoCodec (OmKeyInfoCodec.java:<init>(49)) - OmKeyInfoCodec ignorePipeline = true
2022-05-26 08:03:19,199 [Listener at localhost/46875] INFO  codec.RepeatedOmKeyInfoCodec (RepeatedOmKeyInfoCodec.java:<init>(41)) - RepeatedOmKeyInfoCodec ignorePipeline = true
2022-05-26 08:03:19,234 [Listener at localhost/46875] WARN  impl.MetricRegistriesImpl (MetricRegistriesImpl.java:addReporterRegistration(111)) - New reporters are added after registries were created. Some metrics will be missing from the reporter. Please add reporter before adding any new registry.
2022-05-26 08:03:19,234 [Listener at localhost/46875] WARN  impl.MetricRegistriesImpl (MetricRegistriesImpl.java:addReporterRegistration(111)) - New reporters are added after registries were created. Some metrics will be missing from the reporter. Please add reporter before adding any new registry.
2022-05-26 08:03:19,235 [Listener at localhost/46875] WARN  server.ServerUtils (ServerUtils.java:getDefaultRatisDirectory(237)) - Storage directory for Ratis is not configured. It is a good idea to map this to an SSD disk. Falling back to ozone.metadata.dirs
2022-05-26 08:03:19,236 [Listener at localhost/46875] INFO  ratis.OzoneManagerRatisServer (OzoneManagerRatisServer.java:<init>(159)) - Instantiating OM Ratis server with groupID: om-service-test1 and peers: localhost:40183, localhost:42233, localhost:37413
2022-05-26 08:03:19,236 [Listener at localhost/46875] INFO  ratis.OzoneManagerStateMachine (OzoneManagerStateMachine.java:loadSnapshotInfoFromDB(627)) - LastAppliedIndex is set from TransactionInfo from OM DB as (t:1, i:6)
2022-05-26 08:03:19,236 [Listener at localhost/46875] INFO  server.RaftServer (ConfUtils.java:logGet(46)) - raft.rpc.type = GRPC (default)
2022-05-26 08:03:19,237 [Listener at localhost/46875] INFO  grpc.GrpcFactory (GrpcFactory.java:checkPooledByteBufAllocatorUseCacheForAllThreads(48)) - PERFORMANCE WARNING: useCacheForAllThreads is true that may cause Netty to create a lot garbage objects and, as a result, trigger GC.
	It is recommended to disable useCacheForAllThreads by setting -Dorg.apache.ratis.thirdparty.io.netty.allocator.useCacheForAllThreads=false in command line.
2022-05-26 08:03:19,237 [Listener at localhost/46875] INFO  grpc.GrpcConfigKeys (ConfUtils.java:logGet(46)) - raft.grpc.admin.port = -1 (default)
2022-05-26 08:03:19,237 [Listener at localhost/46875] INFO  grpc.GrpcConfigKeys (ConfUtils.java:logGet(46)) - raft.grpc.server.port = 40183 (custom)
2022-05-26 08:03:19,237 [Listener at localhost/46875] INFO  grpc.GrpcConfigKeys (ConfUtils.java:logGet(46)) - raft.grpc.client.port = -1 (default)
2022-05-26 08:03:19,237 [Listener at localhost/46875] INFO  grpc.GrpcConfigKeys (ConfUtils.java:logGet(46)) - raft.grpc.server.port = 40183 (custom)
2022-05-26 08:03:19,237 [Listener at localhost/46875] INFO  grpc.GrpcConfigKeys (ConfUtils.java:logGet(46)) - raft.grpc.server.port = 40183 (custom)
2022-05-26 08:03:19,237 [Listener at localhost/46875] INFO  server.GrpcService (ConfUtils.java:logGet(46)) - raft.grpc.message.size.max = 33554432 (custom)
2022-05-26 08:03:19,237 [Listener at localhost/46875] INFO  server.RaftServerConfigKeys (ConfUtils.java:logGet(46)) - raft.server.log.appender.buffer.byte-limit = 33554432 (custom)
2022-05-26 08:03:19,237 [Listener at localhost/46875] INFO  server.GrpcService (ConfUtils.java:logGet(46)) - raft.grpc.flow.control.window = 1MB (=1048576) (default)
2022-05-26 08:03:19,238 [Listener at localhost/46875] INFO  server.RaftServerConfigKeys (ConfUtils.java:logGet(46)) - raft.server.rpc.request.timeout = 3000ms (default)
2022-05-26 08:03:19,238 [Listener at localhost/46875] INFO  grpc.GrpcConfigKeys (ConfUtils.java:logGet(46)) - raft.grpc.server.async.request.thread.pool.cached = true (default)
2022-05-26 08:03:19,238 [Listener at localhost/46875] INFO  grpc.GrpcConfigKeys (ConfUtils.java:logGet(46)) - raft.grpc.server.async.request.thread.pool.size = 32 (default)
2022-05-26 08:03:19,239 [Listener at localhost/46875] INFO  impl.DataStreamServerImpl (ConfUtils.java:logGet(46)) - raft.datastream.type = DISABLED (default)
2022-05-26 08:03:19,239 [Listener at localhost/46875] INFO  server.RaftServerConfigKeys (ConfUtils.java:logGet(46)) - raft.server.threadpool.proxy.cached = true (default)
2022-05-26 08:03:19,239 [Listener at localhost/46875] INFO  server.RaftServerConfigKeys (ConfUtils.java:logGet(46)) - raft.server.threadpool.proxy.size = 0 (default)
2022-05-26 08:03:19,240 [Listener at localhost/46875] INFO  server.RaftServerConfigKeys (ConfUtils.java:logGet(46)) - raft.server.rpc.slowness.timeout = 2s (custom)
2022-05-26 08:03:19,240 [Listener at localhost/46875] INFO  server.RaftServerConfigKeys (ConfUtils.java:logGet(46)) - raft.server.leaderelection.leader.step-down.wait-time = 10s (default)
2022-05-26 08:03:19,240 [Listener at localhost/46875] INFO  server.RaftServerConfigKeys (ConfUtils.java:logGet(46)) - raft.server.storage.dir = [/home/runner/work/ozone/ozone/hadoop-ozone/integration-test/target/test-dir/MiniOzoneClusterImpl-17bb6255-4ab1-443a-98be-5fd7627ecb82/omNode-1/ratis] (custom)
2022-05-26 08:03:19,240 [omNode-1-impl-thread1] INFO  server.RaftServer (RaftServerProxy.java:initGroupDir(247)) - omNode-1: found a subdirectory /home/runner/work/ozone/ozone/hadoop-ozone/integration-test/target/test-dir/MiniOzoneClusterImpl-17bb6255-4ab1-443a-98be-5fd7627ecb82/omNode-1/ratis/c9bc4cf4-3bc3-3c60-a66b-523986131536
2022-05-26 08:03:19,241 [Listener at localhost/46875] INFO  server.RaftServer (RaftServerProxy.java:addNew(96)) - omNode-1: addNew group-523986131536:[omNode-3|rpc:localhost:42233|priority:0, omNode-1|rpc:localhost:40183|priority:0, omNode-2|rpc:localhost:37413|priority:0] returns group-523986131536:java.util.concurrent.CompletableFuture@389732e5[Not completed]
2022-05-26 08:03:19,241 [pool-278-thread-1] INFO  server.RaftServer$Division (RaftServerImpl.java:<init>(190)) - omNode-1: new RaftServerImpl for group-523986131536:[omNode-3|rpc:localhost:42233|priority:0, omNode-1|rpc:localhost:40183|priority:0, omNode-2|rpc:localhost:37413|priority:0] with OzoneManagerStateMachine:uninitialized
2022-05-26 08:03:19,241 [Listener at localhost/46875] INFO  om.OzoneManager (OzoneManager.java:initializeRatisServer(1901)) - OzoneManager Ratis server initialized at port 40183
2022-05-26 08:03:19,241 [pool-278-thread-1] INFO  server.RaftServerConfigKeys (ConfUtils.java:logGet(46)) - raft.server.rpc.timeout.min = 1s (custom)
2022-05-26 08:03:19,241 [Listener at localhost/46875] INFO  ratis.OzoneManagerRatisServer (OzoneManagerRatisServer.java:start(554)) - Starting OzoneManagerRatisServer omNode-1 at port 40183
2022-05-26 08:03:19,241 [pool-278-thread-1] INFO  server.RaftServerConfigKeys (ConfUtils.java:logGet(46)) - raft.server.rpc.timeout.max = 1200ms (custom)
2022-05-26 08:03:19,241 [pool-278-thread-1] INFO  server.RaftServerConfigKeys (ConfUtils.java:logGet(46)) - raft.server.rpc.sleep.time = 25ms (default)
2022-05-26 08:03:19,241 [pool-278-thread-1] INFO  server.RaftServerConfigKeys (ConfUtils.java:logGet(46)) - raft.server.rpc.slowness.timeout = 2s (custom)
2022-05-26 08:03:19,241 [pool-278-thread-1] INFO  server.RaftServerConfigKeys (ConfUtils.java:logGet(46)) - raft.server.leaderelection.leader.step-down.wait-time = 10s (default)
2022-05-26 08:03:19,241 [pool-278-thread-1] INFO  server.RaftServerConfigKeys (ConfUtils.java:logGet(46)) - raft.server.sleep.deviation.threshold = 300ms (default)
2022-05-26 08:03:19,241 [pool-278-thread-1] INFO  server.RaftServer$Division (ServerState.java:<init>(107)) - omNode-1@group-523986131536: ConfigurationManager, init=-1: [omNode-3|rpc:localhost:42233|priority:0, omNode-1|rpc:localhost:40183|priority:0, omNode-2|rpc:localhost:37413|priority:0], old=null, confs=<EMPTY_MAP>
2022-05-26 08:03:19,241 [pool-278-thread-1] INFO  server.RaftServerConfigKeys (ConfUtils.java:logGet(46)) - raft.server.storage.dir = [/home/runner/work/ozone/ozone/hadoop-ozone/integration-test/target/test-dir/MiniOzoneClusterImpl-17bb6255-4ab1-443a-98be-5fd7627ecb82/omNode-1/ratis] (custom)
2022-05-26 08:03:19,242 [pool-278-thread-1] INFO  server.RaftServerConfigKeys (ConfUtils.java:logGet(46)) - raft.server.log.corruption.policy = EXCEPTION (default)
2022-05-26 08:03:19,242 [pool-278-thread-1] INFO  server.RaftServerConfigKeys (ConfUtils.java:logGet(46)) - raft.server.storage.free-space.min = 0MB (=0) (default)
2022-05-26 08:03:19,243 [pool-278-thread-1] INFO  storage.RaftStorageDirectory (RaftStorageDirectoryImpl.java:tryLock(230)) - Lock on /home/runner/work/ozone/ozone/hadoop-ozone/integration-test/target/test-dir/MiniOzoneClusterImpl-17bb6255-4ab1-443a-98be-5fd7627ecb82/omNode-1/ratis/c9bc4cf4-3bc3-3c60-a66b-523986131536/in_use.lock acquired by nodename 18146@fv-az35-51
2022-05-26 08:03:19,243 [pool-278-thread-1] INFO  storage.RaftStorage (RaftStorageImpl.java:analyzeAndRecoverStorage(110)) - Read RaftStorageMetadata{term=1, votedFor=omNode-1} from /home/runner/work/ozone/ozone/hadoop-ozone/integration-test/target/test-dir/MiniOzoneClusterImpl-17bb6255-4ab1-443a-98be-5fd7627ecb82/omNode-1/ratis/c9bc4cf4-3bc3-3c60-a66b-523986131536/current/raft-meta
2022-05-26 08:03:19,243 [pool-278-thread-1] INFO  server.RaftServer$Division (ServerState.java:setRaftConf(393)) - omNode-1@group-523986131536: set configuration 0: [omNode-3|rpc:localhost:42233|admin:|client:|dataStream:|priority:0, omNode-1|rpc:localhost:40183|admin:|client:|dataStream:|priority:0, omNode-2|rpc:localhost:37413|admin:|client:|dataStream:|priority:0], old=null
2022-05-26 08:03:19,244 [pool-278-thread-1] INFO  server.RaftServerConfigKeys (ConfUtils.java:logGet(46)) - raft.server.notification.no-leader.timeout = 2s (custom)
2022-05-26 08:03:19,244 [pool-278-thread-1] INFO  server.RaftServerConfigKeys (ConfUtils.java:logGet(46)) - raft.server.log.use.memory = false (default)
2022-05-26 08:03:19,244 [pool-278-thread-1] INFO  server.RaftServerConfigKeys (ConfUtils.java:logGet(46)) - raft.server.log.purge.gap = 50 (custom)
2022-05-26 08:03:19,244 [pool-278-thread-1] INFO  server.RaftServerConfigKeys (ConfUtils.java:logGet(46)) - raft.server.log.appender.buffer.byte-limit = 33554432 (custom)
2022-05-26 08:03:19,244 [pool-278-thread-1] INFO  server.RaftServerConfigKeys (ConfUtils.java:logGet(46)) - raft.server.log.statemachine.data.read.timeout = 1000ms (default)
2022-05-26 08:03:19,244 [pool-278-thread-1] INFO  server.RaftServerConfigKeys (ConfUtils.java:logGet(46)) - raft.server.log.segment.size.max = 4194304 (custom)
2022-05-26 08:03:19,244 [pool-278-thread-1] INFO  server.RaftServerConfigKeys (ConfUtils.java:logGet(46)) - raft.server.log.segment.cache.num.max = 2 (custom)
2022-05-26 08:03:19,244 [pool-278-thread-1] INFO  server.RaftServerConfigKeys (ConfUtils.java:logGet(46)) - raft.server.log.segment.cache.size.max = 200MB (=209715200) (default)
2022-05-26 08:03:19,244 [pool-278-thread-1] INFO  segmented.SegmentedRaftLogWorker (SegmentedRaftLogWorker.java:<init>(187)) - new omNode-1@group-523986131536-SegmentedRaftLogWorker for RaftStorageImpl:Storage Directory /home/runner/work/ozone/ozone/hadoop-ozone/integration-test/target/test-dir/MiniOzoneClusterImpl-17bb6255-4ab1-443a-98be-5fd7627ecb82/omNode-1/ratis/c9bc4cf4-3bc3-3c60-a66b-523986131536
2022-05-26 08:03:19,244 [pool-278-thread-1] INFO  server.RaftServerConfigKeys (ConfUtils.java:logGet(46)) - raft.server.log.queue.byte-limit = 64MB (=67108864) (default)
2022-05-26 08:03:19,244 [pool-278-thread-1] INFO  server.RaftServerConfigKeys (ConfUtils.java:logGet(46)) - raft.server.log.queue.element-limit = 4096 (default)
2022-05-26 08:03:19,245 [pool-278-thread-1] INFO  server.RaftServerConfigKeys (ConfUtils.java:logGet(46)) - raft.server.log.segment.size.max = 4194304 (custom)
2022-05-26 08:03:19,245 [pool-278-thread-1] INFO  server.RaftServerConfigKeys (ConfUtils.java:logGet(46)) - raft.server.log.preallocated.size = 4194304 (custom)
2022-05-26 08:03:19,245 [pool-278-thread-1] INFO  server.RaftServerConfigKeys (ConfUtils.java:logGet(46)) - raft.server.log.force.sync.num = 128 (default)
2022-05-26 08:03:19,245 [pool-278-thread-1] INFO  server.RaftServerConfigKeys (ConfUtils.java:logGet(46)) - raft.server.log.statemachine.data.sync = true (default)
2022-05-26 08:03:19,245 [pool-278-thread-1] INFO  server.RaftServerConfigKeys (ConfUtils.java:logGet(46)) - raft.server.log.statemachine.data.sync.timeout = 10s (default)
2022-05-26 08:03:19,245 [pool-278-thread-1] INFO  server.RaftServerConfigKeys (ConfUtils.java:logGet(46)) - raft.server.log.statemachine.data.sync.timeout.retry = -1 (default)
2022-05-26 08:03:19,245 [pool-278-thread-1] INFO  server.RaftServerConfigKeys (ConfUtils.java:logGet(46)) - raft.server.log.write.buffer.size = 64KB (=65536) (default)
2022-05-26 08:03:19,245 [pool-278-thread-1] INFO  server.RaftServerConfigKeys (ConfUtils.java:logGet(46)) - raft.server.log.unsafe-flush.enabled = false (default)
2022-05-26 08:03:19,246 [pool-278-thread-1] INFO  server.RaftServerConfigKeys (ConfUtils.java:logGet(46)) - raft.server.log.statemachine.data.caching.enabled = false (default)
2022-05-26 08:03:19,246 [pool-278-thread-1] INFO  server.RaftServer$Division (ServerState.java:setRaftConf(393)) - omNode-1@group-523986131536: set configuration 0: [omNode-3|rpc:localhost:42233|admin:|client:|dataStream:|priority:0, omNode-1|rpc:localhost:40183|admin:|client:|dataStream:|priority:0, omNode-2|rpc:localhost:37413|admin:|client:|dataStream:|priority:0], old=null
2022-05-26 08:03:19,247 [pool-278-thread-1] INFO  segmented.LogSegment (LogSegment.java:loadSegment(173)) - Successfully read 7 entries from segment file /home/runner/work/ozone/ozone/hadoop-ozone/integration-test/target/test-dir/MiniOzoneClusterImpl-17bb6255-4ab1-443a-98be-5fd7627ecb82/omNode-1/ratis/c9bc4cf4-3bc3-3c60-a66b-523986131536/current/log_inprogress_0
2022-05-26 08:03:19,247 [pool-278-thread-1] INFO  segmented.SegmentedRaftLogWorker (SegmentedRaftLogWorker.java:lambda$new$0(135)) - omNode-1@group-523986131536-SegmentedRaftLogWorker: flushIndex: setUnconditionally 0 -> 6
2022-05-26 08:03:19,247 [pool-278-thread-1] INFO  segmented.SegmentedRaftLogWorker (SegmentedRaftLogWorker.java:lambda$new$0(135)) - omNode-1@group-523986131536-SegmentedRaftLogWorker: safeCacheEvictIndex: setUnconditionally 0 -> -1
2022-05-26 08:03:19,247 [pool-278-thread-1] INFO  raftlog.RaftLog (RaftLogBase.java:lambda$new$0(53)) - omNode-1@group-523986131536-SegmentedRaftLog: commitIndex: updateToMax old=6, new=5, updated? false
2022-05-26 08:03:19,247 [pool-278-thread-1] INFO  server.RaftServerConfigKeys (ConfUtils.java:logGet(46)) - raft.server.snapshot.auto.trigger.enabled = true (custom)
2022-05-26 08:03:19,247 [pool-278-thread-1] INFO  server.RaftServerConfigKeys (ConfUtils.java:logGet(46)) - raft.server.snapshot.auto.trigger.threshold = 50 (custom)
2022-05-26 08:03:19,247 [pool-278-thread-1] INFO  server.RaftServerConfigKeys (ConfUtils.java:logGet(46)) - raft.server.snapshot.retention.file.num = -1 (default)
2022-05-26 08:03:19,247 [pool-278-thread-1] INFO  server.RaftServerConfigKeys (ConfUtils.java:logGet(46)) - raft.server.log.purge.upto.snapshot.index = true (custom)
2022-05-26 08:03:19,247 [pool-278-thread-1] INFO  server.RaftServerConfigKeys (ConfUtils.java:logGet(46)) - raft.server.retrycache.expirytime = 30000ms (custom)
2022-05-26 08:03:19,247 [pool-278-thread-1] INFO  server.RaftServerConfigKeys (ConfUtils.java:logGet(46)) - raft.server.retrycache.statistics.expirytime = 100μs (default)
2022-05-26 08:03:19,248 [pool-278-thread-1] INFO  server.RaftServerConfigKeys (ConfUtils.java:logGet(46)) - raft.server.log.appender.install.snapshot.enabled = false (custom)
2022-05-26 08:03:19,248 [pool-278-thread-1] INFO  server.RaftServerConfigKeys (ConfUtils.java:logGet(46)) - raft.server.threadpool.server.cached = true (default)
2022-05-26 08:03:19,248 [pool-278-thread-1] INFO  server.RaftServerConfigKeys (ConfUtils.java:logGet(46)) - raft.server.threadpool.server.size = 0 (default)
2022-05-26 08:03:19,248 [pool-278-thread-1] INFO  server.RaftServerConfigKeys (ConfUtils.java:logGet(46)) - raft.server.threadpool.client.cached = true (default)
2022-05-26 08:03:19,248 [pool-278-thread-1] INFO  server.RaftServerConfigKeys (ConfUtils.java:logGet(46)) - raft.server.threadpool.client.size = 0 (default)
2022-05-26 08:03:19,248 [omNode-1-impl-thread1] INFO  server.RaftServer$Division (RaftServerImpl.java:start(310)) - omNode-1@group-523986131536: start as a follower, conf=0: [omNode-3|rpc:localhost:42233|admin:|client:|dataStream:|priority:0, omNode-1|rpc:localhost:40183|admin:|client:|dataStream:|priority:0, omNode-2|rpc:localhost:37413|admin:|client:|dataStream:|priority:0], old=null
2022-05-26 08:03:19,249 [omNode-1-impl-thread1] INFO  server.RaftServer$Division (RaftServerImpl.java:setRole(299)) - omNode-1@group-523986131536: changes role from      null to FOLLOWER at term 1 for startAsFollower
2022-05-26 08:03:19,249 [omNode-1-impl-thread1] INFO  impl.RoleInfo (RoleInfo.java:updateAndGet(139)) - omNode-1: start omNode-1@group-523986131536-FollowerState
2022-05-26 08:03:19,249 [omNode-1-impl-thread1] INFO  util.JmxRegister (JmxRegister.java:tryRegister(44)) - Successfully registered JMX Bean with object name Ratis:service=RaftServer,group=group-523986131536,id=omNode-1
2022-05-26 08:03:19,253 [Listener at localhost/46875] INFO  server.RaftServer (RaftServerProxy.java:lambda$start$6(382)) - omNode-1: start RPC server
2022-05-26 08:03:19,255 [Listener at localhost/46875] INFO  server.GrpcService (GrpcService.java:startImpl(260)) - omNode-1: GrpcService started, listening on 40183
2022-05-26 08:03:19,255 [Listener at localhost/46875] INFO  om.OzoneManager (OzoneManager.java:getRpcServer(1030)) - Creating RPC Server
2022-05-26 08:03:19,255 [org.apache.ratis.util.JvmPauseMonitor$$Lambda$691/456821109@3d411475] INFO  util.JvmPauseMonitor (JvmPauseMonitor.java:run(103)) - JvmPauseMonitor-omNode-1: Started
2022-05-26 08:03:19,524 [Listener at localhost/46875] INFO  reflections.Reflections (Reflections.java:scan(232)) - Reflections took 268 ms to scan 19 urls, producing 61 keys and 3747 values [using 2 cores]
2022-05-26 08:03:19,526 [Listener at localhost/46875] INFO  ipc.CallQueueManager (CallQueueManager.java:<init>(90)) - Using callQueue: class java.util.concurrent.LinkedBlockingQueue, queueCapacity: 2000, scheduler: class org.apache.hadoop.ipc.DefaultRpcScheduler, ipcBackoff: false.
2022-05-26 08:03:19,527 [Socket Reader #1 for port 38409] INFO  ipc.Server (Server.java:run(1265)) - Starting Socket Reader #1 for port 38409
2022-05-26 08:03:19,530 [Listener at localhost/38409] INFO  http.BaseHttpServer (BaseHttpServer.java:newHttpServer2BuilderForOzone(209)) - Starting Web-server for ozoneManager at: http://0.0.0.0:35485
2022-05-26 08:03:19,530 [Listener at localhost/38409] INFO  http.BaseHttpServer (BaseHttpServer.java:<init>(107)) - Hadoop Security Enabled: false Ozone Security Enabled: false Ozone HTTP Security Enabled: false 
2022-05-26 08:03:19,532 [Listener at localhost/38409] INFO  server.AuthenticationFilter (AuthenticationFilter.java:constructSecretProvider(240)) - Unable to initialize FileSignerSecretProvider, falling back to use random secrets.
2022-05-26 08:03:19,532 [Listener at localhost/38409] WARN  http.HttpRequestLog (HttpRequestLog.java:getRequestLog(103)) - Jetty request log can only be enabled using Log4j
2022-05-26 08:03:19,533 [Listener at localhost/38409] INFO  http.HttpServer2 (HttpServer2.java:addGlobalFilter(1030)) - Added global filter 'safety' (class=org.apache.hadoop.hdds.server.http.HttpServer2$QuotingInputFilter)
2022-05-26 08:03:19,534 [Listener at localhost/38409] INFO  http.HttpServer2 (HttpServer2.java:addFilter(1006)) - Added filter static_user_filter (class=org.apache.hadoop.http.lib.StaticUserWebFilter$StaticUserFilter) to context ozoneManager
2022-05-26 08:03:19,534 [Listener at localhost/38409] INFO  http.HttpServer2 (HttpServer2.java:addFilter(1014)) - Added filter static_user_filter (class=org.apache.hadoop.http.lib.StaticUserWebFilter$StaticUserFilter) to context static
2022-05-26 08:03:19,534 [Listener at localhost/38409] INFO  http.HttpServer2 (HttpServer2.java:addFilter(1014)) - Added filter static_user_filter (class=org.apache.hadoop.http.lib.StaticUserWebFilter$StaticUserFilter) to context logs
2022-05-26 08:03:19,534 [Listener at localhost/38409] INFO  http.HttpServer2 (HttpServer2.java:bindListener(1249)) - Jetty bound to port 35485
2022-05-26 08:03:19,534 [Listener at localhost/38409] INFO  server.Server (Server.java:doStart(375)) - jetty-9.4.43.v20210629; built: 2021-06-30T11:07:22.254Z; git: 526006ecfa3af7f1a27ef3a288e2bef7ea9dd7e8; jvm 1.8.0_332-b09
2022-05-26 08:03:19,540 [Listener at localhost/38409] INFO  server.session (DefaultSessionIdManager.java:doStart(334)) - DefaultSessionIdManager workerName=node0
2022-05-26 08:03:19,541 [Listener at localhost/38409] INFO  server.session (DefaultSessionIdManager.java:doStart(339)) - No SessionScavenger set, using defaults
2022-05-26 08:03:19,541 [Listener at localhost/38409] INFO  server.session (HouseKeeper.java:startScavenging(132)) - node0 Scavenging every 600000ms
2022-05-26 08:03:19,541 [Listener at localhost/38409] INFO  handler.ContextHandler (ContextHandler.java:doStart(915)) - Started o.e.j.s.ServletContextHandler@67d1a3af{logs,/logs,file:///home/runner/work/ozone/ozone/hadoop-ozone/integration-test/target/log,AVAILABLE}
2022-05-26 08:03:19,542 [Listener at localhost/38409] INFO  handler.ContextHandler (ContextHandler.java:doStart(915)) - Started o.e.j.s.ServletContextHandler@572d2320{static,/static,file:///home/runner/work/ozone/ozone/hadoop-ozone/integration-test/target/test-classes/webapps/static,AVAILABLE}
2022-05-26 08:03:19,545 [Listener at localhost/38409] INFO  handler.ContextHandler (ContextHandler.java:doStart(915)) - Started o.e.j.w.WebAppContext@7370222b{ozoneManager,/,file:///home/runner/work/ozone/ozone/hadoop-ozone/integration-test/target/test-classes/webapps/ozoneManager/,AVAILABLE}{file:/home/runner/work/ozone/ozone/hadoop-ozone/integration-test/target/test-classes/webapps/ozoneManager}
2022-05-26 08:03:19,547 [Listener at localhost/38409] INFO  server.AbstractConnector (AbstractConnector.java:doStart(331)) - Started ServerConnector@1b08681b{HTTP/1.1, (http/1.1)}{0.0.0.0:35485}
2022-05-26 08:03:19,547 [Listener at localhost/38409] INFO  server.Server (Server.java:doStart(415)) - Started @61487ms
2022-05-26 08:03:19,547 [Listener at localhost/38409] WARN  impl.MetricsSystemImpl (MetricsSystemImpl.java:register(279)) - Sink prometheus already exists!
2022-05-26 08:03:19,547 [Listener at localhost/38409] INFO  http.BaseHttpServer (BaseHttpServer.java:updateConnectorAddress(329)) - HTTP server of ozoneManager listening at http://0.0.0.0:35485
2022-05-26 08:03:19,552 [IPC Server Responder] INFO  ipc.Server (Server.java:run(1507)) - IPC Server Responder: starting
2022-05-26 08:03:19,555 [IPC Server listener on 38409] INFO  ipc.Server (Server.java:run(1344)) - IPC Server listener on 38409: starting
2022-05-26 08:03:19,565 [Listener at localhost/38409] INFO  om.OzoneManager (OzoneManager.java:startTrashEmptier(1845)) - Trash Interval set to 0. Files deleted won't move to trash
2022-05-26 08:03:19,566 [Listener at localhost/38409] INFO  om.OzoneManager (OzoneManager.java:stop(1960)) - omNode-2[localhost:38277]: Stopping Ozone Manager
2022-05-26 08:03:19,566 [org.apache.hadoop.util.JvmPauseMonitor$Monitor@25499cf8] INFO  util.JvmPauseMonitor (JvmPauseMonitor.java:run(188)) - Starting JVM pause monitor
2022-05-26 08:03:19,566 [Listener at localhost/38409] INFO  om.OzoneManager (OzoneManager.java:restart(1497)) - OzoneManager RPC server is listening at localhost/127.0.0.1:38277
2022-05-26 08:03:19,566 [Listener at localhost/38409] INFO  impl.MetricsSystemImpl (MetricsSystemImpl.java:init(158)) - OzoneManager metrics system started (again)
2022-05-26 08:03:19,577 [Listener at localhost/38409] WARN  server.ServerUtils (ServerUtils.java:getDBPath(225)) - ozone.om.db.dirs is not configured. We recommend adding this setting. Falling back to ozone.metadata.dirs instead.
2022-05-26 08:03:19,578 [Listener at localhost/38409] INFO  codec.OmKeyInfoCodec (OmKeyInfoCodec.java:<init>(49)) - OmKeyInfoCodec ignorePipeline = true
2022-05-26 08:03:19,578 [Listener at localhost/38409] INFO  codec.RepeatedOmKeyInfoCodec (RepeatedOmKeyInfoCodec.java:<init>(41)) - RepeatedOmKeyInfoCodec ignorePipeline = true
2022-05-26 08:03:19,611 [Listener at localhost/38409] WARN  impl.MetricRegistriesImpl (MetricRegistriesImpl.java:addReporterRegistration(111)) - New reporters are added after registries were created. Some metrics will be missing from the reporter. Please add reporter before adding any new registry.
2022-05-26 08:03:19,611 [Listener at localhost/38409] WARN  impl.MetricRegistriesImpl (MetricRegistriesImpl.java:addReporterRegistration(111)) - New reporters are added after registries were created. Some metrics will be missing from the reporter. Please add reporter before adding any new registry.
2022-05-26 08:03:19,611 [Listener at localhost/38409] WARN  server.ServerUtils (ServerUtils.java:getDefaultRatisDirectory(237)) - Storage directory for Ratis is not configured. It is a good idea to map this to an SSD disk. Falling back to ozone.metadata.dirs
2022-05-26 08:03:19,612 [Listener at localhost/38409] INFO  ratis.OzoneManagerRatisServer (OzoneManagerRatisServer.java:<init>(159)) - Instantiating OM Ratis server with groupID: om-service-test1 and peers: localhost:37413, localhost:42233, localhost:40183
2022-05-26 08:03:19,612 [Listener at localhost/38409] INFO  ratis.OzoneManagerStateMachine (OzoneManagerStateMachine.java:loadSnapshotInfoFromDB(627)) - LastAppliedIndex is set from TransactionInfo from OM DB as (t:1, i:6)
2022-05-26 08:03:19,612 [Listener at localhost/38409] INFO  server.RaftServer (ConfUtils.java:logGet(46)) - raft.rpc.type = GRPC (default)
2022-05-26 08:03:19,613 [Listener at localhost/38409] INFO  grpc.GrpcFactory (GrpcFactory.java:checkPooledByteBufAllocatorUseCacheForAllThreads(48)) - PERFORMANCE WARNING: useCacheForAllThreads is true that may cause Netty to create a lot garbage objects and, as a result, trigger GC.
	It is recommended to disable useCacheForAllThreads by setting -Dorg.apache.ratis.thirdparty.io.netty.allocator.useCacheForAllThreads=false in command line.
2022-05-26 08:03:19,613 [Listener at localhost/38409] INFO  grpc.GrpcConfigKeys (ConfUtils.java:logGet(46)) - raft.grpc.admin.port = -1 (default)
2022-05-26 08:03:19,613 [Listener at localhost/38409] INFO  grpc.GrpcConfigKeys (ConfUtils.java:logGet(46)) - raft.grpc.server.port = 37413 (custom)
2022-05-26 08:03:19,613 [Listener at localhost/38409] INFO  grpc.GrpcConfigKeys (ConfUtils.java:logGet(46)) - raft.grpc.client.port = -1 (default)
2022-05-26 08:03:19,613 [Listener at localhost/38409] INFO  grpc.GrpcConfigKeys (ConfUtils.java:logGet(46)) - raft.grpc.server.port = 37413 (custom)
2022-05-26 08:03:19,614 [Listener at localhost/38409] INFO  grpc.GrpcConfigKeys (ConfUtils.java:logGet(46)) - raft.grpc.server.port = 37413 (custom)
2022-05-26 08:03:19,614 [Listener at localhost/38409] INFO  server.GrpcService (ConfUtils.java:logGet(46)) - raft.grpc.message.size.max = 33554432 (custom)
2022-05-26 08:03:19,614 [Listener at localhost/38409] INFO  server.RaftServerConfigKeys (ConfUtils.java:logGet(46)) - raft.server.log.appender.buffer.byte-limit = 33554432 (custom)
2022-05-26 08:03:19,614 [Listener at localhost/38409] INFO  server.GrpcService (ConfUtils.java:logGet(46)) - raft.grpc.flow.control.window = 1MB (=1048576) (default)
2022-05-26 08:03:19,614 [Listener at localhost/38409] INFO  server.RaftServerConfigKeys (ConfUtils.java:logGet(46)) - raft.server.rpc.request.timeout = 3000ms (default)
2022-05-26 08:03:19,614 [Listener at localhost/38409] INFO  grpc.GrpcConfigKeys (ConfUtils.java:logGet(46)) - raft.grpc.server.async.request.thread.pool.cached = true (default)
2022-05-26 08:03:19,614 [Listener at localhost/38409] INFO  grpc.GrpcConfigKeys (ConfUtils.java:logGet(46)) - raft.grpc.server.async.request.thread.pool.size = 32 (default)
2022-05-26 08:03:19,615 [Listener at localhost/38409] INFO  impl.DataStreamServerImpl (ConfUtils.java:logGet(46)) - raft.datastream.type = DISABLED (default)
2022-05-26 08:03:19,616 [Listener at localhost/38409] INFO  server.RaftServerConfigKeys (ConfUtils.java:logGet(46)) - raft.server.threadpool.proxy.cached = true (default)
2022-05-26 08:03:19,616 [Listener at localhost/38409] INFO  server.RaftServerConfigKeys (ConfUtils.java:logGet(46)) - raft.server.threadpool.proxy.size = 0 (default)
2022-05-26 08:03:19,616 [Listener at localhost/38409] INFO  server.RaftServerConfigKeys (ConfUtils.java:logGet(46)) - raft.server.rpc.slowness.timeout = 2s (custom)
2022-05-26 08:03:19,616 [Listener at localhost/38409] INFO  server.RaftServerConfigKeys (ConfUtils.java:logGet(46)) - raft.server.leaderelection.leader.step-down.wait-time = 10s (default)
2022-05-26 08:03:19,616 [Listener at localhost/38409] INFO  server.RaftServerConfigKeys (ConfUtils.java:logGet(46)) - raft.server.storage.dir = [/home/runner/work/ozone/ozone/hadoop-ozone/integration-test/target/test-dir/MiniOzoneClusterImpl-17bb6255-4ab1-443a-98be-5fd7627ecb82/omNode-2/ratis] (custom)
2022-05-26 08:03:19,617 [omNode-2-impl-thread1] INFO  server.RaftServer (RaftServerProxy.java:initGroupDir(247)) - omNode-2: found a subdirectory /home/runner/work/ozone/ozone/hadoop-ozone/integration-test/target/test-dir/MiniOzoneClusterImpl-17bb6255-4ab1-443a-98be-5fd7627ecb82/omNode-2/ratis/c9bc4cf4-3bc3-3c60-a66b-523986131536
2022-05-26 08:03:19,617 [Listener at localhost/38409] INFO  server.RaftServer (RaftServerProxy.java:addNew(96)) - omNode-2: addNew group-523986131536:[omNode-3|rpc:localhost:42233|priority:0, omNode-1|rpc:localhost:40183|priority:0, omNode-2|rpc:localhost:37413|priority:0] returns group-523986131536:java.util.concurrent.CompletableFuture@709e3f6a[Not completed]
2022-05-26 08:03:19,617 [pool-299-thread-1] INFO  server.RaftServer$Division (RaftServerImpl.java:<init>(190)) - omNode-2: new RaftServerImpl for group-523986131536:[omNode-3|rpc:localhost:42233|priority:0, omNode-1|rpc:localhost:40183|priority:0, omNode-2|rpc:localhost:37413|priority:0] with OzoneManagerStateMachine:uninitialized
2022-05-26 08:03:19,617 [Listener at localhost/38409] INFO  om.OzoneManager (OzoneManager.java:initializeRatisServer(1901)) - OzoneManager Ratis server initialized at port 37413
2022-05-26 08:03:19,617 [pool-299-thread-1] INFO  server.RaftServerConfigKeys (ConfUtils.java:logGet(46)) - raft.server.rpc.timeout.min = 1s (custom)
2022-05-26 08:03:19,617 [Listener at localhost/38409] INFO  ratis.OzoneManagerRatisServer (OzoneManagerRatisServer.java:start(554)) - Starting OzoneManagerRatisServer omNode-2 at port 37413
2022-05-26 08:03:19,617 [pool-299-thread-1] INFO  server.RaftServerConfigKeys (ConfUtils.java:logGet(46)) - raft.server.rpc.timeout.max = 1200ms (custom)
2022-05-26 08:03:19,617 [pool-299-thread-1] INFO  server.RaftServerConfigKeys (ConfUtils.java:logGet(46)) - raft.server.rpc.sleep.time = 25ms (default)
2022-05-26 08:03:19,617 [pool-299-thread-1] INFO  server.RaftServerConfigKeys (ConfUtils.java:logGet(46)) - raft.server.rpc.slowness.timeout = 2s (custom)
2022-05-26 08:03:19,618 [pool-299-thread-1] INFO  server.RaftServerConfigKeys (ConfUtils.java:logGet(46)) - raft.server.leaderelection.leader.step-down.wait-time = 10s (default)
2022-05-26 08:03:19,618 [pool-299-thread-1] INFO  server.RaftServerConfigKeys (ConfUtils.java:logGet(46)) - raft.server.sleep.deviation.threshold = 300ms (default)
2022-05-26 08:03:19,618 [pool-299-thread-1] INFO  server.RaftServer$Division (ServerState.java:<init>(107)) - omNode-2@group-523986131536: ConfigurationManager, init=-1: [omNode-3|rpc:localhost:42233|priority:0, omNode-1|rpc:localhost:40183|priority:0, omNode-2|rpc:localhost:37413|priority:0], old=null, confs=<EMPTY_MAP>
2022-05-26 08:03:19,618 [pool-299-thread-1] INFO  server.RaftServerConfigKeys (ConfUtils.java:logGet(46)) - raft.server.storage.dir = [/home/runner/work/ozone/ozone/hadoop-ozone/integration-test/target/test-dir/MiniOzoneClusterImpl-17bb6255-4ab1-443a-98be-5fd7627ecb82/omNode-2/ratis] (custom)
2022-05-26 08:03:19,618 [pool-299-thread-1] INFO  server.RaftServerConfigKeys (ConfUtils.java:logGet(46)) - raft.server.log.corruption.policy = EXCEPTION (default)
2022-05-26 08:03:19,618 [pool-299-thread-1] INFO  server.RaftServerConfigKeys (ConfUtils.java:logGet(46)) - raft.server.storage.free-space.min = 0MB (=0) (default)
2022-05-26 08:03:19,619 [pool-299-thread-1] INFO  storage.RaftStorageDirectory (RaftStorageDirectoryImpl.java:tryLock(230)) - Lock on /home/runner/work/ozone/ozone/hadoop-ozone/integration-test/target/test-dir/MiniOzoneClusterImpl-17bb6255-4ab1-443a-98be-5fd7627ecb82/omNode-2/ratis/c9bc4cf4-3bc3-3c60-a66b-523986131536/in_use.lock acquired by nodename 18146@fv-az35-51
2022-05-26 08:03:19,619 [pool-299-thread-1] INFO  storage.RaftStorage (RaftStorageImpl.java:analyzeAndRecoverStorage(110)) - Read RaftStorageMetadata{term=1, votedFor=omNode-2} from /home/runner/work/ozone/ozone/hadoop-ozone/integration-test/target/test-dir/MiniOzoneClusterImpl-17bb6255-4ab1-443a-98be-5fd7627ecb82/omNode-2/ratis/c9bc4cf4-3bc3-3c60-a66b-523986131536/current/raft-meta
2022-05-26 08:03:19,619 [pool-299-thread-1] INFO  server.RaftServer$Division (ServerState.java:setRaftConf(393)) - omNode-2@group-523986131536: set configuration 0: [omNode-3|rpc:localhost:42233|admin:|client:|dataStream:|priority:0, omNode-1|rpc:localhost:40183|admin:|client:|dataStream:|priority:0, omNode-2|rpc:localhost:37413|admin:|client:|dataStream:|priority:0], old=null
2022-05-26 08:03:19,619 [pool-299-thread-1] INFO  server.RaftServerConfigKeys (ConfUtils.java:logGet(46)) - raft.server.notification.no-leader.timeout = 2s (custom)
2022-05-26 08:03:19,619 [pool-299-thread-1] INFO  server.RaftServerConfigKeys (ConfUtils.java:logGet(46)) - raft.server.log.use.memory = false (default)
2022-05-26 08:03:19,619 [pool-299-thread-1] INFO  server.RaftServerConfigKeys (ConfUtils.java:logGet(46)) - raft.server.log.purge.gap = 50 (custom)
2022-05-26 08:03:19,619 [pool-299-thread-1] INFO  server.RaftServerConfigKeys (ConfUtils.java:logGet(46)) - raft.server.log.appender.buffer.byte-limit = 33554432 (custom)
2022-05-26 08:03:19,620 [pool-299-thread-1] INFO  server.RaftServerConfigKeys (ConfUtils.java:logGet(46)) - raft.server.log.statemachine.data.read.timeout = 1000ms (default)
2022-05-26 08:03:19,620 [pool-299-thread-1] INFO  server.RaftServerConfigKeys (ConfUtils.java:logGet(46)) - raft.server.log.segment.size.max = 4194304 (custom)
2022-05-26 08:03:19,620 [pool-299-thread-1] INFO  server.RaftServerConfigKeys (ConfUtils.java:logGet(46)) - raft.server.log.segment.cache.num.max = 2 (custom)
2022-05-26 08:03:19,620 [pool-299-thread-1] INFO  server.RaftServerConfigKeys (ConfUtils.java:logGet(46)) - raft.server.log.segment.cache.size.max = 200MB (=209715200) (default)
2022-05-26 08:03:19,620 [pool-299-thread-1] INFO  segmented.SegmentedRaftLogWorker (SegmentedRaftLogWorker.java:<init>(187)) - new omNode-2@group-523986131536-SegmentedRaftLogWorker for RaftStorageImpl:Storage Directory /home/runner/work/ozone/ozone/hadoop-ozone/integration-test/target/test-dir/MiniOzoneClusterImpl-17bb6255-4ab1-443a-98be-5fd7627ecb82/omNode-2/ratis/c9bc4cf4-3bc3-3c60-a66b-523986131536
2022-05-26 08:03:19,620 [pool-299-thread-1] INFO  server.RaftServerConfigKeys (ConfUtils.java:logGet(46)) - raft.server.log.queue.byte-limit = 64MB (=67108864) (default)
2022-05-26 08:03:19,620 [pool-299-thread-1] INFO  server.RaftServerConfigKeys (ConfUtils.java:logGet(46)) - raft.server.log.queue.element-limit = 4096 (default)
2022-05-26 08:03:19,620 [pool-299-thread-1] INFO  server.RaftServerConfigKeys (ConfUtils.java:logGet(46)) - raft.server.log.segment.size.max = 4194304 (custom)
2022-05-26 08:03:19,620 [pool-299-thread-1] INFO  server.RaftServerConfigKeys (ConfUtils.java:logGet(46)) - raft.server.log.preallocated.size = 4194304 (custom)
2022-05-26 08:03:19,620 [pool-299-thread-1] INFO  server.RaftServerConfigKeys (ConfUtils.java:logGet(46)) - raft.server.log.force.sync.num = 128 (default)
2022-05-26 08:03:19,620 [pool-299-thread-1] INFO  server.RaftServerConfigKeys (ConfUtils.java:logGet(46)) - raft.server.log.statemachine.data.sync = true (default)
2022-05-26 08:03:19,621 [pool-299-thread-1] INFO  server.RaftServerConfigKeys (ConfUtils.java:logGet(46)) - raft.server.log.statemachine.data.sync.timeout = 10s (default)
2022-05-26 08:03:19,621 [pool-299-thread-1] INFO  server.RaftServerConfigKeys (ConfUtils.java:logGet(46)) - raft.server.log.statemachine.data.sync.timeout.retry = -1 (default)
2022-05-26 08:03:19,621 [pool-299-thread-1] INFO  server.RaftServerConfigKeys (ConfUtils.java:logGet(46)) - raft.server.log.write.buffer.size = 64KB (=65536) (default)
2022-05-26 08:03:19,621 [pool-299-thread-1] INFO  server.RaftServerConfigKeys (ConfUtils.java:logGet(46)) - raft.server.log.unsafe-flush.enabled = false (default)
2022-05-26 08:03:19,621 [pool-299-thread-1] INFO  server.RaftServerConfigKeys (ConfUtils.java:logGet(46)) - raft.server.log.statemachine.data.caching.enabled = false (default)
2022-05-26 08:03:19,622 [pool-299-thread-1] INFO  server.RaftServer$Division (ServerState.java:setRaftConf(393)) - omNode-2@group-523986131536: set configuration 0: [omNode-3|rpc:localhost:42233|admin:|client:|dataStream:|priority:0, omNode-1|rpc:localhost:40183|admin:|client:|dataStream:|priority:0, omNode-2|rpc:localhost:37413|admin:|client:|dataStream:|priority:0], old=null
2022-05-26 08:03:19,622 [pool-299-thread-1] INFO  segmented.LogSegment (LogSegment.java:loadSegment(173)) - Successfully read 7 entries from segment file /home/runner/work/ozone/ozone/hadoop-ozone/integration-test/target/test-dir/MiniOzoneClusterImpl-17bb6255-4ab1-443a-98be-5fd7627ecb82/omNode-2/ratis/c9bc4cf4-3bc3-3c60-a66b-523986131536/current/log_inprogress_0
2022-05-26 08:03:19,622 [pool-299-thread-1] INFO  segmented.SegmentedRaftLogWorker (SegmentedRaftLogWorker.java:lambda$new$0(135)) - omNode-2@group-523986131536-SegmentedRaftLogWorker: flushIndex: setUnconditionally 0 -> 6
2022-05-26 08:03:19,623 [pool-299-thread-1] INFO  segmented.SegmentedRaftLogWorker (SegmentedRaftLogWorker.java:lambda$new$0(135)) - omNode-2@group-523986131536-SegmentedRaftLogWorker: safeCacheEvictIndex: setUnconditionally 0 -> -1
2022-05-26 08:03:19,623 [pool-299-thread-1] INFO  raftlog.RaftLog (RaftLogBase.java:lambda$new$0(53)) - omNode-2@group-523986131536-SegmentedRaftLog: commitIndex: updateToMax old=6, new=5, updated? false
2022-05-26 08:03:19,623 [pool-299-thread-1] INFO  server.RaftServerConfigKeys (ConfUtils.java:logGet(46)) - raft.server.snapshot.auto.trigger.enabled = true (custom)
2022-05-26 08:03:19,623 [pool-299-thread-1] INFO  server.RaftServerConfigKeys (ConfUtils.java:logGet(46)) - raft.server.snapshot.auto.trigger.threshold = 50 (custom)
2022-05-26 08:03:19,623 [pool-299-thread-1] INFO  server.RaftServerConfigKeys (ConfUtils.java:logGet(46)) - raft.server.snapshot.retention.file.num = -1 (default)
2022-05-26 08:03:19,623 [pool-299-thread-1] INFO  server.RaftServerConfigKeys (ConfUtils.java:logGet(46)) - raft.server.log.purge.upto.snapshot.index = true (custom)
2022-05-26 08:03:19,623 [pool-299-thread-1] INFO  server.RaftServerConfigKeys (ConfUtils.java:logGet(46)) - raft.server.retrycache.expirytime = 30000ms (custom)
2022-05-26 08:03:19,623 [pool-299-thread-1] INFO  server.RaftServerConfigKeys (ConfUtils.java:logGet(46)) - raft.server.retrycache.statistics.expirytime = 100μs (default)
2022-05-26 08:03:19,624 [pool-299-thread-1] INFO  server.RaftServerConfigKeys (ConfUtils.java:logGet(46)) - raft.server.log.appender.install.snapshot.enabled = false (custom)
2022-05-26 08:03:19,624 [pool-299-thread-1] INFO  server.RaftServerConfigKeys (ConfUtils.java:logGet(46)) - raft.server.threadpool.server.cached = true (default)
2022-05-26 08:03:19,624 [pool-299-thread-1] INFO  server.RaftServerConfigKeys (ConfUtils.java:logGet(46)) - raft.server.threadpool.server.size = 0 (default)
2022-05-26 08:03:19,624 [pool-299-thread-1] INFO  server.RaftServerConfigKeys (ConfUtils.java:logGet(46)) - raft.server.threadpool.client.cached = true (default)
2022-05-26 08:03:19,624 [pool-299-thread-1] INFO  server.RaftServerConfigKeys (ConfUtils.java:logGet(46)) - raft.server.threadpool.client.size = 0 (default)
2022-05-26 08:03:19,624 [omNode-2-impl-thread1] INFO  server.RaftServer$Division (RaftServerImpl.java:start(310)) - omNode-2@group-523986131536: start as a follower, conf=0: [omNode-3|rpc:localhost:42233|admin:|client:|dataStream:|priority:0, omNode-1|rpc:localhost:40183|admin:|client:|dataStream:|priority:0, omNode-2|rpc:localhost:37413|admin:|client:|dataStream:|priority:0], old=null
2022-05-26 08:03:19,624 [omNode-2-impl-thread1] INFO  server.RaftServer$Division (RaftServerImpl.java:setRole(299)) - omNode-2@group-523986131536: changes role from      null to FOLLOWER at term 1 for startAsFollower
2022-05-26 08:03:19,624 [omNode-2-impl-thread1] INFO  impl.RoleInfo (RoleInfo.java:updateAndGet(139)) - omNode-2: start omNode-2@group-523986131536-FollowerState
2022-05-26 08:03:19,625 [omNode-2-impl-thread1] INFO  util.JmxRegister (JmxRegister.java:tryRegister(44)) - Successfully registered JMX Bean with object name Ratis:service=RaftServer,group=group-523986131536,id=omNode-2
2022-05-26 08:03:19,626 [Listener at localhost/38409] INFO  server.RaftServer (RaftServerProxy.java:lambda$start$6(382)) - omNode-2: start RPC server
2022-05-26 08:03:19,630 [Listener at localhost/38409] INFO  server.GrpcService (GrpcService.java:startImpl(260)) - omNode-2: GrpcService started, listening on 37413
2022-05-26 08:03:19,633 [Listener at localhost/38409] INFO  om.OzoneManager (OzoneManager.java:getRpcServer(1030)) - Creating RPC Server
2022-05-26 08:03:19,634 [org.apache.ratis.util.JvmPauseMonitor$$Lambda$691/456821109@6c05ae65] INFO  util.JvmPauseMonitor (JvmPauseMonitor.java:run(103)) - JvmPauseMonitor-omNode-2: Started
2022-05-26 08:03:19,884 [omNode-3@group-523986131536-FollowerState] INFO  impl.FollowerState (FollowerState.java:run(143)) - omNode-3@group-523986131536-FollowerState: change to CANDIDATE, lastRpcElapsedTime:1046980193ns, electionTimeout:1040ms
2022-05-26 08:03:19,885 [omNode-3@group-523986131536-FollowerState] INFO  impl.RoleInfo (RoleInfo.java:shutdownFollowerState(110)) - omNode-3: shutdown omNode-3@group-523986131536-FollowerState
2022-05-26 08:03:19,885 [omNode-3@group-523986131536-FollowerState] INFO  server.RaftServer$Division (RaftServerImpl.java:setRole(299)) - omNode-3@group-523986131536: changes role from  FOLLOWER to CANDIDATE at term 1 for changeToCandidate
2022-05-26 08:03:19,885 [omNode-3@group-523986131536-FollowerState] INFO  server.RaftServerConfigKeys (ConfUtils.java:logGet(46)) - raft.server.leaderelection.pre-vote = false (custom)
2022-05-26 08:03:19,885 [omNode-3@group-523986131536-FollowerState] INFO  impl.RoleInfo (RoleInfo.java:updateAndGet(139)) - omNode-3: start omNode-3@group-523986131536-LeaderElection11
2022-05-26 08:03:19,892 [omNode-3@group-523986131536-LeaderElection11] INFO  impl.LeaderElection (LeaderElection.java:askForVotes(310)) - omNode-3@group-523986131536-LeaderElection11 ELECTION round 0: submit vote requests at term 2 for 0: [omNode-3|rpc:localhost:42233|admin:|client:|dataStream:|priority:0, omNode-1|rpc:localhost:40183|admin:|client:|dataStream:|priority:0, omNode-2|rpc:localhost:37413|admin:|client:|dataStream:|priority:0], old=null
2022-05-26 08:03:19,905 [grpc-default-executor-1] INFO  server.RaftServer$Division (RaftServerImpl.java:requestVote(1152)) - omNode-1@group-523986131536: receive requestVote(ELECTION, omNode-3, group-523986131536, 2, (t:1, i:6))
2022-05-26 08:03:19,905 [grpc-default-executor-1] INFO  impl.VoteContext (VoteContext.java:log(48)) - omNode-1@group-523986131536-FOLLOWER: accept ELECTION from omNode-3: our priority 0 <= candidate's priority 0
2022-05-26 08:03:19,905 [grpc-default-executor-1] INFO  server.RaftServer$Division (RaftServerImpl.java:setRole(299)) - omNode-1@group-523986131536: changes role from  FOLLOWER to FOLLOWER at term 2 for candidate:omNode-3
2022-05-26 08:03:19,906 [grpc-default-executor-1] INFO  impl.RoleInfo (RoleInfo.java:shutdownFollowerState(110)) - omNode-1: shutdown omNode-1@group-523986131536-FollowerState
2022-05-26 08:03:19,906 [grpc-default-executor-1] INFO  impl.RoleInfo (RoleInfo.java:updateAndGet(139)) - omNode-1: start omNode-1@group-523986131536-FollowerState
2022-05-26 08:03:19,906 [omNode-1@group-523986131536-FollowerState] INFO  impl.FollowerState (FollowerState.java:run(152)) - omNode-1@group-523986131536-FollowerState was interrupted
2022-05-26 08:03:19,910 [grpc-default-executor-1] INFO  server.RaftServer$Division (RaftServerImpl.java:requestVote(1184)) - omNode-1@group-523986131536 replies to ELECTION vote request: omNode-3<-omNode-1#0:OK-t2. Peer's state: omNode-1@group-523986131536:t2, leader=null, voted=omNode-3, raftlog=omNode-1@group-523986131536-SegmentedRaftLog:OPENED:c6, conf=0: [omNode-3|rpc:localhost:42233|admin:|client:|dataStream:|priority:0, omNode-1|rpc:localhost:40183|admin:|client:|dataStream:|priority:0, omNode-2|rpc:localhost:37413|admin:|client:|dataStream:|priority:0], old=null
2022-05-26 08:03:19,926 [omNode-3@group-523986131536-LeaderElection11] INFO  impl.LeaderElection (LeaderElection.java:logAndReturn(90)) - omNode-3@group-523986131536-LeaderElection11: ELECTION PASSED received 1 response(s) and 0 exception(s):
2022-05-26 08:03:19,926 [omNode-3@group-523986131536-LeaderElection11] INFO  impl.LeaderElection (LeaderElection.java:logAndReturn(94)) -   Response 0: omNode-3<-omNode-1#0:OK-t2
2022-05-26 08:03:19,926 [omNode-3@group-523986131536-LeaderElection11] INFO  impl.LeaderElection (LeaderElection.java:askForVotes(312)) - omNode-3@group-523986131536-LeaderElection11 ELECTION round 0: result PASSED
2022-05-26 08:03:19,926 [omNode-3@group-523986131536-LeaderElection11] INFO  impl.RoleInfo (RoleInfo.java:shutdownLeaderElection(130)) - omNode-3: shutdown omNode-3@group-523986131536-LeaderElection11
2022-05-26 08:03:19,926 [omNode-3@group-523986131536-LeaderElection11] INFO  server.RaftServer$Division (RaftServerImpl.java:setRole(299)) - omNode-3@group-523986131536: changes role from CANDIDATE to LEADER at term 2 for changeToLeader
2022-05-26 08:03:19,926 [omNode-3@group-523986131536-LeaderElection11] INFO  server.RaftServer$Division (ServerState.java:setLeader(287)) - omNode-3@group-523986131536: change Leader from null to omNode-3 at term 2 for becomeLeader, leader elected after 1094ms
2022-05-26 08:03:19,926 [omNode-3@group-523986131536-LeaderElection11] INFO  server.RaftServerConfigKeys (ConfUtils.java:logGet(46)) - raft.server.staging.catchup.gap = 1000 (default)
2022-05-26 08:03:19,926 [omNode-3@group-523986131536-LeaderElection11] INFO  server.RaftServerConfigKeys (ConfUtils.java:logGet(46)) - raft.server.write.element-limit = 4096 (default)
2022-05-26 08:03:19,926 [omNode-3@group-523986131536-LeaderElection11] INFO  server.RaftServerConfigKeys (ConfUtils.java:logGet(46)) - raft.server.write.byte-limit = 64MB (=67108864) (default)
2022-05-26 08:03:19,926 [omNode-3@group-523986131536-LeaderElection11] INFO  server.RaftServerConfigKeys (ConfUtils.java:logGet(46)) - raft.server.watch.timeout = 10s (default)
2022-05-26 08:03:19,926 [omNode-3@group-523986131536-LeaderElection11] INFO  server.RaftServerConfigKeys (ConfUtils.java:logGet(46)) - raft.server.watch.timeout.denomination = 1s (default)
2022-05-26 08:03:19,926 [omNode-3@group-523986131536-LeaderElection11] INFO  server.RaftServerConfigKeys (ConfUtils.java:logGet(46)) - raft.server.watch.element-limit = 65536 (default)
2022-05-26 08:03:19,926 [omNode-3@group-523986131536-LeaderElection11] INFO  server.RaftServerConfigKeys (ConfUtils.java:logGet(46)) - raft.server.write.element-limit = 4096 (default)
2022-05-26 08:03:19,927 [omNode-3@group-523986131536-LeaderElection11] INFO  server.RaftServerConfigKeys (ConfUtils.java:logGet(46)) - raft.server.write.follower.gap.ratio.max = -1.0 (default)
2022-05-26 08:03:19,929 [omNode-3@group-523986131536-LeaderElection11] INFO  server.RaftServerConfigKeys (ConfUtils.java:logGet(46)) - raft.server.log.appender.snapshot.chunk.size.max = 16MB (=16777216) (default)
2022-05-26 08:03:19,929 [omNode-3@group-523986131536-LeaderElection11] INFO  server.RaftServerConfigKeys (ConfUtils.java:logGet(46)) - raft.server.log.appender.buffer.byte-limit = 33554432 (custom)
2022-05-26 08:03:19,929 [omNode-3@group-523986131536-LeaderElection11] INFO  server.RaftServerConfigKeys (ConfUtils.java:logGet(46)) - raft.server.log.appender.buffer.element-limit = 1024 (custom)
2022-05-26 08:03:19,929 [omNode-3@group-523986131536-LeaderElection11] INFO  grpc.GrpcConfigKeys (ConfUtils.java:logGet(46)) - raft.grpc.server.leader.outstanding.appends.max = 128 (default)
2022-05-26 08:03:19,930 [omNode-3@group-523986131536-LeaderElection11] INFO  server.RaftServerConfigKeys (ConfUtils.java:logGet(46)) - raft.server.rpc.request.timeout = 3000ms (default)
2022-05-26 08:03:19,930 [omNode-3@group-523986131536-LeaderElection11] INFO  server.RaftServerConfigKeys (ConfUtils.java:logGet(46)) - raft.server.log.appender.install.snapshot.enabled = false (custom)
2022-05-26 08:03:19,930 [omNode-3@group-523986131536-LeaderElection11] INFO  server.RaftServerConfigKeys (ConfUtils.java:logGet(46)) - raft.server.log.appender.snapshot.chunk.size.max = 16MB (=16777216) (default)
2022-05-26 08:03:19,930 [omNode-3@group-523986131536-LeaderElection11] INFO  server.RaftServerConfigKeys (ConfUtils.java:logGet(46)) - raft.server.log.appender.buffer.byte-limit = 33554432 (custom)
2022-05-26 08:03:19,930 [omNode-3@group-523986131536-LeaderElection11] INFO  server.RaftServerConfigKeys (ConfUtils.java:logGet(46)) - raft.server.log.appender.buffer.element-limit = 1024 (custom)
2022-05-26 08:03:19,930 [omNode-3@group-523986131536-LeaderElection11] INFO  grpc.GrpcConfigKeys (ConfUtils.java:logGet(46)) - raft.grpc.server.leader.outstanding.appends.max = 128 (default)
2022-05-26 08:03:19,930 [omNode-3@group-523986131536-LeaderElection11] INFO  server.RaftServerConfigKeys (ConfUtils.java:logGet(46)) - raft.server.rpc.request.timeout = 3000ms (default)
2022-05-26 08:03:19,930 [omNode-3@group-523986131536-LeaderElection11] INFO  server.RaftServerConfigKeys (ConfUtils.java:logGet(46)) - raft.server.log.appender.install.snapshot.enabled = false (custom)
2022-05-26 08:03:19,931 [omNode-3@group-523986131536-LeaderElection11] INFO  impl.RoleInfo (RoleInfo.java:updateAndGet(139)) - omNode-3: start omNode-3@group-523986131536-LeaderStateImpl
2022-05-26 08:03:19,931 [omNode-3@group-523986131536-LeaderElection11] INFO  segmented.SegmentedRaftLogWorker (SegmentedRaftLogWorker.java:rollLogSegment(430)) - omNode-3@group-523986131536-SegmentedRaftLogWorker: Rolling segment log-0_6 to index:6
2022-05-26 08:03:19,939 [grpc-default-executor-1] INFO  server.RaftServer$Division (RaftServerImpl.java:requestVote(1152)) - omNode-2@group-523986131536: receive requestVote(ELECTION, omNode-3, group-523986131536, 2, (t:1, i:6))
2022-05-26 08:03:19,948 [grpc-default-executor-1] INFO  impl.VoteContext (VoteContext.java:log(48)) - omNode-2@group-523986131536-FOLLOWER: accept ELECTION from omNode-3: our priority 0 <= candidate's priority 0
2022-05-26 08:03:19,948 [grpc-default-executor-1] INFO  server.RaftServer$Division (RaftServerImpl.java:setRole(299)) - omNode-2@group-523986131536: changes role from  FOLLOWER to FOLLOWER at term 2 for candidate:omNode-3
2022-05-26 08:03:19,949 [grpc-default-executor-1] INFO  impl.RoleInfo (RoleInfo.java:shutdownFollowerState(110)) - omNode-2: shutdown omNode-2@group-523986131536-FollowerState
2022-05-26 08:03:19,949 [omNode-3@group-523986131536-SegmentedRaftLogWorker] INFO  segmented.SegmentedRaftLogWorker (SegmentedRaftLogWorker.java:execute(586)) - omNode-3@group-523986131536-SegmentedRaftLogWorker: Rolled log segment from /home/runner/work/ozone/ozone/hadoop-ozone/integration-test/target/test-dir/MiniOzoneClusterImpl-17bb6255-4ab1-443a-98be-5fd7627ecb82/omNode-3/ratis/c9bc4cf4-3bc3-3c60-a66b-523986131536/current/log_inprogress_0 to /home/runner/work/ozone/ozone/hadoop-ozone/integration-test/target/test-dir/MiniOzoneClusterImpl-17bb6255-4ab1-443a-98be-5fd7627ecb82/omNode-3/ratis/c9bc4cf4-3bc3-3c60-a66b-523986131536/current/log_0-6
2022-05-26 08:03:19,955 [grpc-default-executor-1] INFO  impl.RoleInfo (RoleInfo.java:updateAndGet(139)) - omNode-2: start omNode-2@group-523986131536-FollowerState
2022-05-26 08:03:19,955 [omNode-3@group-523986131536-LeaderElection11] INFO  server.RaftServer$Division (ServerState.java:setRaftConf(393)) - omNode-3@group-523986131536: set configuration 7: [omNode-3|rpc:localhost:42233|admin:|client:|dataStream:|priority:0, omNode-1|rpc:localhost:40183|admin:|client:|dataStream:|priority:0, omNode-2|rpc:localhost:37413|admin:|client:|dataStream:|priority:0], old=null
2022-05-26 08:03:19,959 [omNode-3@group-523986131536-SegmentedRaftLogWorker] INFO  segmented.SegmentedRaftLogWorker (SegmentedRaftLogWorker.java:execute(629)) - omNode-3@group-523986131536-SegmentedRaftLogWorker: created new log segment /home/runner/work/ozone/ozone/hadoop-ozone/integration-test/target/test-dir/MiniOzoneClusterImpl-17bb6255-4ab1-443a-98be-5fd7627ecb82/omNode-3/ratis/c9bc4cf4-3bc3-3c60-a66b-523986131536/current/log_inprogress_7
2022-05-26 08:03:19,955 [omNode-2@group-523986131536-FollowerState] INFO  impl.FollowerState (FollowerState.java:run(152)) - omNode-2@group-523986131536-FollowerState was interrupted
2022-05-26 08:03:19,966 [omNode-1-server-thread1] INFO  server.RaftServer$Division (ServerState.java:setLeader(287)) - omNode-1@group-523986131536: change Leader from null to omNode-3 at term 2 for appendEntries, leader elected after 722ms
2022-05-26 08:03:19,960 [grpc-default-executor-1] INFO  server.RaftServer$Division (RaftServerImpl.java:requestVote(1184)) - omNode-2@group-523986131536 replies to ELECTION vote request: omNode-3<-omNode-2#0:OK-t2. Peer's state: omNode-2@group-523986131536:t2, leader=null, voted=omNode-3, raftlog=omNode-2@group-523986131536-SegmentedRaftLog:OPENED:c6, conf=0: [omNode-3|rpc:localhost:42233|admin:|client:|dataStream:|priority:0, omNode-1|rpc:localhost:40183|admin:|client:|dataStream:|priority:0, omNode-2|rpc:localhost:37413|admin:|client:|dataStream:|priority:0], old=null
2022-05-26 08:03:19,976 [omNode-2-server-thread1] INFO  server.RaftServer$Division (ServerState.java:setLeader(287)) - omNode-2@group-523986131536: change Leader from null to omNode-3 at term 2 for appendEntries, leader elected after 357ms
2022-05-26 08:03:19,984 [omNode-2-server-thread1] INFO  server.RaftServer$Division (ServerState.java:setRaftConf(393)) - omNode-2@group-523986131536: set configuration 7: [omNode-3|rpc:localhost:42233|admin:|client:|dataStream:|priority:0, omNode-1|rpc:localhost:40183|admin:|client:|dataStream:|priority:0, omNode-2|rpc:localhost:37413|admin:|client:|dataStream:|priority:0], old=null
2022-05-26 08:03:19,985 [omNode-2-server-thread1] INFO  segmented.SegmentedRaftLogWorker (SegmentedRaftLogWorker.java:rollLogSegment(430)) - omNode-2@group-523986131536-SegmentedRaftLogWorker: Rolling segment log-0_6 to index:6
2022-05-26 08:03:19,986 [omNode-2@group-523986131536-SegmentedRaftLogWorker] INFO  segmented.SegmentedRaftLogWorker (SegmentedRaftLogWorker.java:execute(586)) - omNode-2@group-523986131536-SegmentedRaftLogWorker: Rolled log segment from /home/runner/work/ozone/ozone/hadoop-ozone/integration-test/target/test-dir/MiniOzoneClusterImpl-17bb6255-4ab1-443a-98be-5fd7627ecb82/omNode-2/ratis/c9bc4cf4-3bc3-3c60-a66b-523986131536/current/log_inprogress_0 to /home/runner/work/ozone/ozone/hadoop-ozone/integration-test/target/test-dir/MiniOzoneClusterImpl-17bb6255-4ab1-443a-98be-5fd7627ecb82/omNode-2/ratis/c9bc4cf4-3bc3-3c60-a66b-523986131536/current/log_0-6
2022-05-26 08:03:19,992 [omNode-1-server-thread2] INFO  server.RaftServer$Division (ServerState.java:setRaftConf(393)) - omNode-1@group-523986131536: set configuration 7: [omNode-3|rpc:localhost:42233|admin:|client:|dataStream:|priority:0, omNode-1|rpc:localhost:40183|admin:|client:|dataStream:|priority:0, omNode-2|rpc:localhost:37413|admin:|client:|dataStream:|priority:0], old=null
2022-05-26 08:03:19,993 [omNode-1-server-thread2] INFO  segmented.SegmentedRaftLogWorker (SegmentedRaftLogWorker.java:rollLogSegment(430)) - omNode-1@group-523986131536-SegmentedRaftLogWorker: Rolling segment log-0_6 to index:6
2022-05-26 08:03:19,994 [omNode-1@group-523986131536-SegmentedRaftLogWorker] INFO  segmented.SegmentedRaftLogWorker (SegmentedRaftLogWorker.java:execute(586)) - omNode-1@group-523986131536-SegmentedRaftLogWorker: Rolled log segment from /home/runner/work/ozone/ozone/hadoop-ozone/integration-test/target/test-dir/MiniOzoneClusterImpl-17bb6255-4ab1-443a-98be-5fd7627ecb82/omNode-1/ratis/c9bc4cf4-3bc3-3c60-a66b-523986131536/current/log_inprogress_0 to /home/runner/work/ozone/ozone/hadoop-ozone/integration-test/target/test-dir/MiniOzoneClusterImpl-17bb6255-4ab1-443a-98be-5fd7627ecb82/omNode-1/ratis/c9bc4cf4-3bc3-3c60-a66b-523986131536/current/log_0-6
2022-05-26 08:03:19,996 [omNode-2@group-523986131536-SegmentedRaftLogWorker] INFO  segmented.SegmentedRaftLogWorker (SegmentedRaftLogWorker.java:execute(629)) - omNode-2@group-523986131536-SegmentedRaftLogWorker: created new log segment /home/runner/work/ozone/ozone/hadoop-ozone/integration-test/target/test-dir/MiniOzoneClusterImpl-17bb6255-4ab1-443a-98be-5fd7627ecb82/omNode-2/ratis/c9bc4cf4-3bc3-3c60-a66b-523986131536/current/log_inprogress_7
2022-05-26 08:03:20,000 [omNode-3@group-523986131536-StateMachineUpdater] INFO  ratis.OzoneManagerStateMachine (OzoneManagerStateMachine.java:notifyConfigurationChanged(191)) - Received Configuration change notification from Ratis. New Peer list:
[id: "omNode-3"
address: "localhost:42233"
, id: "omNode-1"
address: "localhost:40183"
, id: "omNode-2"
address: "localhost:37413"
]
2022-05-26 08:03:20,005 [omNode-1@group-523986131536-SegmentedRaftLogWorker] INFO  segmented.SegmentedRaftLogWorker (SegmentedRaftLogWorker.java:execute(629)) - omNode-1@group-523986131536-SegmentedRaftLogWorker: created new log segment /home/runner/work/ozone/ozone/hadoop-ozone/integration-test/target/test-dir/MiniOzoneClusterImpl-17bb6255-4ab1-443a-98be-5fd7627ecb82/omNode-1/ratis/c9bc4cf4-3bc3-3c60-a66b-523986131536/current/log_inprogress_7
2022-05-26 08:03:20,014 [omNode-2@group-523986131536-StateMachineUpdater] INFO  ratis.OzoneManagerStateMachine (OzoneManagerStateMachine.java:notifyConfigurationChanged(191)) - Received Configuration change notification from Ratis. New Peer list:
[id: "omNode-3"
address: "localhost:42233"
, id: "omNode-1"
address: "localhost:40183"
, id: "omNode-2"
address: "localhost:37413"
]
2022-05-26 08:03:20,015 [omNode-1@group-523986131536-StateMachineUpdater] INFO  ratis.OzoneManagerStateMachine (OzoneManagerStateMachine.java:notifyConfigurationChanged(191)) - Received Configuration change notification from Ratis. New Peer list:
[id: "omNode-3"
address: "localhost:42233"
, id: "omNode-1"
address: "localhost:40183"
, id: "omNode-2"
address: "localhost:37413"
]
2022-05-26 08:03:20,046 [Listener at localhost/38409] INFO  reflections.Reflections (Reflections.java:scan(232)) - Reflections took 412 ms to scan 19 urls, producing 61 keys and 3747 values [using 2 cores]
2022-05-26 08:03:20,047 [Listener at localhost/38409] INFO  ipc.CallQueueManager (CallQueueManager.java:<init>(90)) - Using callQueue: class java.util.concurrent.LinkedBlockingQueue, queueCapacity: 2000, scheduler: class org.apache.hadoop.ipc.DefaultRpcScheduler, ipcBackoff: false.
2022-05-26 08:03:20,048 [Socket Reader #1 for port 38277] INFO  ipc.Server (Server.java:run(1265)) - Starting Socket Reader #1 for port 38277
2022-05-26 08:03:20,050 [Listener at localhost/38277] INFO  http.BaseHttpServer (BaseHttpServer.java:newHttpServer2BuilderForOzone(209)) - Starting Web-server for ozoneManager at: http://0.0.0.0:45205
2022-05-26 08:03:20,051 [Listener at localhost/38277] INFO  http.BaseHttpServer (BaseHttpServer.java:<init>(107)) - Hadoop Security Enabled: false Ozone Security Enabled: false Ozone HTTP Security Enabled: false 
2022-05-26 08:03:20,052 [Listener at localhost/38277] INFO  server.AuthenticationFilter (AuthenticationFilter.java:constructSecretProvider(240)) - Unable to initialize FileSignerSecretProvider, falling back to use random secrets.
2022-05-26 08:03:20,052 [Listener at localhost/38277] WARN  http.HttpRequestLog (HttpRequestLog.java:getRequestLog(103)) - Jetty request log can only be enabled using Log4j
2022-05-26 08:03:20,053 [Listener at localhost/38277] INFO  http.HttpServer2 (HttpServer2.java:addGlobalFilter(1030)) - Added global filter 'safety' (class=org.apache.hadoop.hdds.server.http.HttpServer2$QuotingInputFilter)
2022-05-26 08:03:20,054 [Listener at localhost/38277] INFO  http.HttpServer2 (HttpServer2.java:addFilter(1006)) - Added filter static_user_filter (class=org.apache.hadoop.http.lib.StaticUserWebFilter$StaticUserFilter) to context ozoneManager
2022-05-26 08:03:20,054 [Listener at localhost/38277] INFO  http.HttpServer2 (HttpServer2.java:addFilter(1014)) - Added filter static_user_filter (class=org.apache.hadoop.http.lib.StaticUserWebFilter$StaticUserFilter) to context logs
2022-05-26 08:03:20,054 [Listener at localhost/38277] INFO  http.HttpServer2 (HttpServer2.java:addFilter(1014)) - Added filter static_user_filter (class=org.apache.hadoop.http.lib.StaticUserWebFilter$StaticUserFilter) to context static
2022-05-26 08:03:20,055 [Listener at localhost/38277] INFO  http.HttpServer2 (HttpServer2.java:bindListener(1249)) - Jetty bound to port 45205
2022-05-26 08:03:20,055 [Listener at localhost/38277] INFO  server.Server (Server.java:doStart(375)) - jetty-9.4.43.v20210629; built: 2021-06-30T11:07:22.254Z; git: 526006ecfa3af7f1a27ef3a288e2bef7ea9dd7e8; jvm 1.8.0_332-b09
2022-05-26 08:03:20,056 [Listener at localhost/38277] INFO  server.session (DefaultSessionIdManager.java:doStart(334)) - DefaultSessionIdManager workerName=node0
2022-05-26 08:03:20,057 [Listener at localhost/38277] INFO  server.session (DefaultSessionIdManager.java:doStart(339)) - No SessionScavenger set, using defaults
2022-05-26 08:03:20,057 [Listener at localhost/38277] INFO  server.session (HouseKeeper.java:startScavenging(132)) - node0 Scavenging every 600000ms
2022-05-26 08:03:20,057 [Listener at localhost/38277] INFO  handler.ContextHandler (ContextHandler.java:doStart(915)) - Started o.e.j.s.ServletContextHandler@68ca62bb{logs,/logs,file:///home/runner/work/ozone/ozone/hadoop-ozone/integration-test/target/log,AVAILABLE}
2022-05-26 08:03:20,058 [Listener at localhost/38277] INFO  handler.ContextHandler (ContextHandler.java:doStart(915)) - Started o.e.j.s.ServletContextHandler@336c1e82{static,/static,file:///home/runner/work/ozone/ozone/hadoop-ozone/integration-test/target/test-classes/webapps/static,AVAILABLE}
2022-05-26 08:03:20,061 [Listener at localhost/38277] INFO  handler.ContextHandler (ContextHandler.java:doStart(915)) - Started o.e.j.w.WebAppContext@5b47e4da{ozoneManager,/,file:///home/runner/work/ozone/ozone/hadoop-ozone/integration-test/target/test-classes/webapps/ozoneManager/,AVAILABLE}{file:/home/runner/work/ozone/ozone/hadoop-ozone/integration-test/target/test-classes/webapps/ozoneManager}
2022-05-26 08:03:20,062 [Listener at localhost/38277] INFO  server.AbstractConnector (AbstractConnector.java:doStart(331)) - Started ServerConnector@2c6f2f88{HTTP/1.1, (http/1.1)}{0.0.0.0:45205}
2022-05-26 08:03:20,062 [Listener at localhost/38277] INFO  server.Server (Server.java:doStart(415)) - Started @62002ms
2022-05-26 08:03:20,062 [Listener at localhost/38277] WARN  impl.MetricsSystemImpl (MetricsSystemImpl.java:register(279)) - Sink prometheus already exists!
2022-05-26 08:03:20,063 [Listener at localhost/38277] INFO  http.BaseHttpServer (BaseHttpServer.java:updateConnectorAddress(329)) - HTTP server of ozoneManager listening at http://0.0.0.0:45205
2022-05-26 08:03:20,064 [IPC Server Responder] INFO  ipc.Server (Server.java:run(1507)) - IPC Server Responder: starting
2022-05-26 08:03:20,069 [IPC Server listener on 38277] INFO  ipc.Server (Server.java:run(1344)) - IPC Server listener on 38277: starting
2022-05-26 08:03:20,074 [Listener at localhost/38277] INFO  om.OzoneManager (OzoneManager.java:startTrashEmptier(1845)) - Trash Interval set to 0. Files deleted won't move to trash
2022-05-26 08:03:20,075 [org.apache.hadoop.util.JvmPauseMonitor$Monitor@35edd886] INFO  util.JvmPauseMonitor (JvmPauseMonitor.java:run(188)) - Starting JVM pause monitor
]]></system-out>
  </testcase>
  <testcase name="testOMProxyProviderFailoverToCurrentLeader" classname="org.apache.hadoop.ozone.om.TestOzoneManagerHAMetadataOnly" time="3.337">
    <system-out><![CDATA[2022-05-26 08:03:20,103 [Listener at localhost/38277] INFO  rpc.RpcClient (RpcClient.java:createVolume(457)) - Creating Volume: volume67156, with user46261 as owner and space quota set to -1 bytes, counts quota set to -1
2022-05-26 08:03:20,140 [OM StateMachine ApplyTransaction Thread - 0] INFO  volume.OMVolumeCreateRequest (OMVolumeCreateRequest.java:validateAndUpdateCache(195)) - created volume:volume67156 for user:user46261
2022-05-26 08:03:20,142 [OM StateMachine ApplyTransaction Thread - 0] INFO  volume.OMVolumeCreateRequest (OMVolumeCreateRequest.java:validateAndUpdateCache(195)) - created volume:volume67156 for user:user46261
2022-05-26 08:03:20,143 [OM StateMachine ApplyTransaction Thread - 0] INFO  volume.OMVolumeCreateRequest (OMVolumeCreateRequest.java:validateAndUpdateCache(195)) - created volume:volume67156 for user:user46261
2022-05-26 08:03:20,175 [Listener at localhost/38277] INFO  rpc.RpcClient (RpcClient.java:createVolume(457)) - Creating Volume: volume24520, with user61200 as owner and space quota set to -1 bytes, counts quota set to -1
2022-05-26 08:03:20,183 [OM StateMachine ApplyTransaction Thread - 0] INFO  volume.OMVolumeCreateRequest (OMVolumeCreateRequest.java:validateAndUpdateCache(195)) - created volume:volume24520 for user:user61200
2022-05-26 08:03:20,188 [OM StateMachine ApplyTransaction Thread - 0] INFO  volume.OMVolumeCreateRequest (OMVolumeCreateRequest.java:validateAndUpdateCache(195)) - created volume:volume24520 for user:user61200
2022-05-26 08:03:20,190 [OM StateMachine ApplyTransaction Thread - 0] INFO  volume.OMVolumeCreateRequest (OMVolumeCreateRequest.java:validateAndUpdateCache(195)) - created volume:volume24520 for user:user61200
2022-05-26 08:03:20,201 [Listener at localhost/38277] INFO  rpc.RpcClient (RpcClient.java:createVolume(457)) - Creating Volume: volume83059, with user33605 as owner and space quota set to -1 bytes, counts quota set to -1
2022-05-26 08:03:20,210 [OM StateMachine ApplyTransaction Thread - 0] INFO  volume.OMVolumeCreateRequest (OMVolumeCreateRequest.java:validateAndUpdateCache(195)) - created volume:volume83059 for user:user33605
2022-05-26 08:03:20,213 [OM StateMachine ApplyTransaction Thread - 0] INFO  volume.OMVolumeCreateRequest (OMVolumeCreateRequest.java:validateAndUpdateCache(195)) - created volume:volume83059 for user:user33605
2022-05-26 08:03:20,216 [OM StateMachine ApplyTransaction Thread - 0] INFO  volume.OMVolumeCreateRequest (OMVolumeCreateRequest.java:validateAndUpdateCache(195)) - created volume:volume83059 for user:user33605
2022-05-26 08:03:22,213 [Listener at localhost/38277] INFO  om.OzoneManager (OzoneManager.java:stop(1960)) - omNode-3[localhost:46875]: Stopping Ozone Manager
2022-05-26 08:03:22,214 [Listener at localhost/38277] INFO  ipc.Server (Server.java:stop(3414)) - Stopping server on 46875
2022-05-26 08:03:22,217 [IPC Server Responder] INFO  ipc.Server (Server.java:run(1512)) - Stopping IPC Server Responder
2022-05-26 08:03:22,218 [IPC Server listener on 46875] INFO  ipc.Server (Server.java:run(1376)) - Stopping IPC Server listener on 46875
2022-05-26 08:03:22,218 [Listener at localhost/38277] INFO  server.RaftServer (RaftServerProxy.java:lambda$close$7(398)) - omNode-3: close
2022-05-26 08:03:22,218 [Listener at localhost/38277] INFO  server.RaftServer$Division (RaftServerImpl.java:lambda$close$4(434)) - omNode-3@group-523986131536: shutdown
2022-05-26 08:03:22,218 [Listener at localhost/38277] INFO  util.JmxRegister (JmxRegister.java:unregister(73)) - Successfully un-registered JMX Bean with object name Ratis:service=RaftServer,group=group-523986131536,id=omNode-3
2022-05-26 08:03:22,218 [Listener at localhost/38277] INFO  impl.RoleInfo (RoleInfo.java:shutdownLeaderState(93)) - omNode-3: shutdown omNode-3@group-523986131536-LeaderStateImpl
2022-05-26 08:03:22,219 [Listener at localhost/38277] INFO  impl.PendingRequests (PendingRequests.java:sendNotLeaderResponses(282)) - omNode-3@group-523986131536-PendingRequests: sendNotLeaderResponses
2022-05-26 08:03:22,219 [omNode-3@group-523986131536->omNode-2-GrpcLogAppender-LogAppenderDaemon] WARN  server.GrpcLogAppender (GrpcLogAppender.java:mayWait(171)) - omNode-3@group-523986131536->omNode-2-GrpcLogAppender: Wait interrupted by java.lang.InterruptedException
2022-05-26 08:03:22,220 [Listener at localhost/38277] INFO  impl.StateMachineUpdater (StateMachineUpdater.java:stopAndJoin(153)) - omNode-3@group-523986131536-StateMachineUpdater: set stopIndex = 14
2022-05-26 08:03:22,219 [omNode-3@group-523986131536->omNode-1-GrpcLogAppender-LogAppenderDaemon] WARN  server.GrpcLogAppender (GrpcLogAppender.java:mayWait(171)) - omNode-3@group-523986131536->omNode-1-GrpcLogAppender: Wait interrupted by java.lang.InterruptedException
2022-05-26 08:03:22,220 [omNode-3@group-523986131536-StateMachineUpdater] INFO  ratis.OzoneManagerStateMachine (OzoneManagerStateMachine.java:takeSnapshot(436)) - Current Snapshot Index (t:2, i:14)
2022-05-26 08:03:22,221 [omNode-3@group-523986131536-StateMachineUpdater] INFO  impl.StateMachineUpdater (StateMachineUpdater.java:takeSnapshot(287)) - omNode-3@group-523986131536-StateMachineUpdater: Took a snapshot at index 14
2022-05-26 08:03:22,221 [omNode-3@group-523986131536-StateMachineUpdater] INFO  impl.StateMachineUpdater (StateMachineUpdater.java:lambda$new$0(92)) - omNode-3@group-523986131536-StateMachineUpdater: snapshotIndex: updateIncreasingly 6 -> 14
2022-05-26 08:03:22,221 [omNode-3@group-523986131536-StateMachineUpdater] INFO  ratis.OzoneManagerStateMachine (OzoneManagerStateMachine.java:close(490)) - StateMachine has shutdown. Shutdown OzoneManager if not already shutdown.
2022-05-26 08:03:22,221 [omNode-3@group-523986131536-StateMachineUpdater] INFO  ratis.OzoneManagerDoubleBuffer (OzoneManagerDoubleBuffer.java:stop(465)) - Stopping OMDoubleBuffer flush thread
2022-05-26 08:03:22,220 [grpc-default-executor-0] INFO  server.GrpcServerProtocolService (GrpcServerProtocolService.java:onCompleted(140)) - omNode-2: Completed APPEND_ENTRIES, lastRequest: omNode-3->omNode-2#31-t2,previous=(t:2, i:13),leaderCommit=13,initializing? true,entries: size=1, first=(t:2, i:14), METADATAENTRY(c:13)
2022-05-26 08:03:22,226 [OMDoubleBufferFlushThread] INFO  ratis.OzoneManagerDoubleBuffer (OzoneManagerDoubleBuffer.java:flushTransactions(385)) - OMDoubleBuffer flush thread OMDoubleBufferFlushThread is interrupted and will exit.
2022-05-26 08:03:22,226 [grpc-default-executor-1] INFO  server.GrpcServerProtocolService (GrpcServerProtocolService.java:onCompleted(140)) - omNode-1: Completed APPEND_ENTRIES, lastRequest: omNode-3->omNode-1#34-t2,previous=(t:2, i:13),leaderCommit=13,initializing? true,entries: size=1, first=(t:2, i:14), METADATAENTRY(c:13)
2022-05-26 08:03:22,227 [grpc-default-executor-2] INFO  server.GrpcLogAppender (GrpcLogAppender.java:onCompleted(339)) - omNode-3@group-523986131536->omNode-2-AppendLogResponseHandler: follower responses appendEntries COMPLETED
2022-05-26 08:03:22,227 [grpc-default-executor-3] INFO  server.GrpcLogAppender (GrpcLogAppender.java:onCompleted(339)) - omNode-3@group-523986131536->omNode-1-AppendLogResponseHandler: follower responses appendEntries COMPLETED
2022-05-26 08:03:22,228 [grpc-default-executor-2] INFO  leader.FollowerInfo (FollowerInfoImpl.java:lambda$new$0(48)) - omNode-3@group-523986131536->omNode-2: nextIndex: updateUnconditionally 15 -> 14
2022-05-26 08:03:22,228 [grpc-default-executor-3] INFO  leader.FollowerInfo (FollowerInfoImpl.java:lambda$new$0(48)) - omNode-3@group-523986131536->omNode-1: nextIndex: updateUnconditionally 15 -> 14
2022-05-26 08:03:22,228 [Listener at localhost/38277] INFO  server.RaftServer$Division (ServerState.java:close(429)) - omNode-3@group-523986131536: closes. applyIndex: 14
2022-05-26 08:03:22,232 [omNode-3@group-523986131536-SegmentedRaftLogWorker] INFO  segmented.SegmentedRaftLogWorker (SegmentedRaftLogWorker.java:run(336)) - omNode-3@group-523986131536-SegmentedRaftLogWorker was interrupted, exiting. There are 0 tasks remaining in the queue.
2022-05-26 08:03:22,233 [Listener at localhost/38277] INFO  segmented.SegmentedRaftLogWorker (SegmentedRaftLogWorker.java:close(246)) - omNode-3@group-523986131536-SegmentedRaftLogWorker close()
2022-05-26 08:03:22,235 [Listener at localhost/38277] INFO  server.GrpcService (GrpcService.java:closeImpl(269)) - omNode-3: shutdown server with port 42233 now
2022-05-26 08:03:22,244 [Listener at localhost/38277] INFO  server.GrpcService (GrpcService.java:closeImpl(278)) - omNode-3: shutdown server with port 42233 successfully
2022-05-26 08:03:22,244 [org.apache.ratis.util.JvmPauseMonitor$$Lambda$691/456821109@3c4e4344] INFO  util.JvmPauseMonitor (JvmPauseMonitor.java:run(109)) - JvmPauseMonitor-omNode-3: Stopped
2022-05-26 08:03:22,245 [Listener at localhost/38277] INFO  ratis.OzoneManagerStateMachine (OzoneManagerStateMachine.java:close(490)) - StateMachine has shutdown. Shutdown OzoneManager if not already shutdown.
2022-05-26 08:03:22,245 [Listener at localhost/38277] INFO  ratis.OzoneManagerDoubleBuffer (OzoneManagerDoubleBuffer.java:stop(477)) - OMDoubleBuffer flush thread is not running.
2022-05-26 08:03:22,245 [Listener at localhost/38277] INFO  handler.ContextHandler (ContextHandler.java:doStop(1153)) - Stopped o.e.j.w.WebAppContext@557665b2{ozoneManager,/,null,STOPPED}{file:/home/runner/work/ozone/ozone/hadoop-ozone/integration-test/target/test-classes/webapps/ozoneManager}
2022-05-26 08:03:22,246 [Listener at localhost/38277] INFO  server.AbstractConnector (AbstractConnector.java:doStop(381)) - Stopped ServerConnector@32291d8e{HTTP/1.1, (http/1.1)}{0.0.0.0:39517}
2022-05-26 08:03:22,246 [Listener at localhost/38277] INFO  server.session (HouseKeeper.java:stopScavenging(149)) - node0 Stopped scavenging
2022-05-26 08:03:22,246 [Listener at localhost/38277] INFO  handler.ContextHandler (ContextHandler.java:doStop(1153)) - Stopped o.e.j.s.ServletContextHandler@14b784c0{static,/static,file:///home/runner/work/ozone/ozone/hadoop-ozone/integration-test/target/test-classes/webapps/static,STOPPED}
2022-05-26 08:03:22,246 [Listener at localhost/38277] INFO  handler.ContextHandler (ContextHandler.java:doStop(1153)) - Stopped o.e.j.s.ServletContextHandler@6d362f40{logs,/logs,file:///home/runner/work/ozone/ozone/hadoop-ozone/integration-test/target/log,STOPPED}
2022-05-26 08:03:22,249 [Listener at localhost/38277] INFO  om.OzoneManager (OzoneManager.java:restart(1497)) - OzoneManager RPC server is listening at localhost/127.0.0.1:46875
2022-05-26 08:03:22,249 [Listener at localhost/38277] INFO  impl.MetricsSystemImpl (MetricsSystemImpl.java:init(158)) - OzoneManager metrics system started (again)
2022-05-26 08:03:22,260 [Listener at localhost/38277] WARN  server.ServerUtils (ServerUtils.java:getDBPath(225)) - ozone.om.db.dirs is not configured. We recommend adding this setting. Falling back to ozone.metadata.dirs instead.
2022-05-26 08:03:22,261 [Listener at localhost/38277] INFO  codec.OmKeyInfoCodec (OmKeyInfoCodec.java:<init>(49)) - OmKeyInfoCodec ignorePipeline = true
2022-05-26 08:03:22,261 [Listener at localhost/38277] INFO  codec.RepeatedOmKeyInfoCodec (RepeatedOmKeyInfoCodec.java:<init>(41)) - RepeatedOmKeyInfoCodec ignorePipeline = true
2022-05-26 08:03:22,313 [Listener at localhost/38277] WARN  impl.MetricRegistriesImpl (MetricRegistriesImpl.java:addReporterRegistration(111)) - New reporters are added after registries were created. Some metrics will be missing from the reporter. Please add reporter before adding any new registry.
2022-05-26 08:03:22,313 [Listener at localhost/38277] WARN  impl.MetricRegistriesImpl (MetricRegistriesImpl.java:addReporterRegistration(111)) - New reporters are added after registries were created. Some metrics will be missing from the reporter. Please add reporter before adding any new registry.
2022-05-26 08:03:22,313 [Listener at localhost/38277] WARN  server.ServerUtils (ServerUtils.java:getDefaultRatisDirectory(237)) - Storage directory for Ratis is not configured. It is a good idea to map this to an SSD disk. Falling back to ozone.metadata.dirs
2022-05-26 08:03:22,314 [Listener at localhost/38277] INFO  ratis.OzoneManagerRatisServer (OzoneManagerRatisServer.java:<init>(159)) - Instantiating OM Ratis server with groupID: om-service-test1 and peers: localhost:42233, localhost:40183, localhost:37413
2022-05-26 08:03:22,314 [Listener at localhost/38277] INFO  ratis.OzoneManagerStateMachine (OzoneManagerStateMachine.java:loadSnapshotInfoFromDB(627)) - LastAppliedIndex is set from TransactionInfo from OM DB as (t:2, i:14)
2022-05-26 08:03:22,315 [Listener at localhost/38277] INFO  server.RaftServer (ConfUtils.java:logGet(46)) - raft.rpc.type = GRPC (default)
2022-05-26 08:03:22,315 [Listener at localhost/38277] INFO  grpc.GrpcFactory (GrpcFactory.java:checkPooledByteBufAllocatorUseCacheForAllThreads(48)) - PERFORMANCE WARNING: useCacheForAllThreads is true that may cause Netty to create a lot garbage objects and, as a result, trigger GC.
	It is recommended to disable useCacheForAllThreads by setting -Dorg.apache.ratis.thirdparty.io.netty.allocator.useCacheForAllThreads=false in command line.
2022-05-26 08:03:22,315 [Listener at localhost/38277] INFO  grpc.GrpcConfigKeys (ConfUtils.java:logGet(46)) - raft.grpc.admin.port = -1 (default)
2022-05-26 08:03:22,315 [Listener at localhost/38277] INFO  grpc.GrpcConfigKeys (ConfUtils.java:logGet(46)) - raft.grpc.server.port = 42233 (custom)
2022-05-26 08:03:22,315 [Listener at localhost/38277] INFO  grpc.GrpcConfigKeys (ConfUtils.java:logGet(46)) - raft.grpc.client.port = -1 (default)
2022-05-26 08:03:22,315 [Listener at localhost/38277] INFO  grpc.GrpcConfigKeys (ConfUtils.java:logGet(46)) - raft.grpc.server.port = 42233 (custom)
2022-05-26 08:03:22,315 [Listener at localhost/38277] INFO  grpc.GrpcConfigKeys (ConfUtils.java:logGet(46)) - raft.grpc.server.port = 42233 (custom)
2022-05-26 08:03:22,316 [Listener at localhost/38277] INFO  server.GrpcService (ConfUtils.java:logGet(46)) - raft.grpc.message.size.max = 33554432 (custom)
2022-05-26 08:03:22,316 [Listener at localhost/38277] INFO  server.RaftServerConfigKeys (ConfUtils.java:logGet(46)) - raft.server.log.appender.buffer.byte-limit = 33554432 (custom)
2022-05-26 08:03:22,316 [Listener at localhost/38277] INFO  server.GrpcService (ConfUtils.java:logGet(46)) - raft.grpc.flow.control.window = 1MB (=1048576) (default)
2022-05-26 08:03:22,316 [Listener at localhost/38277] INFO  server.RaftServerConfigKeys (ConfUtils.java:logGet(46)) - raft.server.rpc.request.timeout = 3000ms (default)
2022-05-26 08:03:22,316 [Listener at localhost/38277] INFO  grpc.GrpcConfigKeys (ConfUtils.java:logGet(46)) - raft.grpc.server.async.request.thread.pool.cached = true (default)
2022-05-26 08:03:22,316 [Listener at localhost/38277] INFO  grpc.GrpcConfigKeys (ConfUtils.java:logGet(46)) - raft.grpc.server.async.request.thread.pool.size = 32 (default)
2022-05-26 08:03:22,317 [Listener at localhost/38277] INFO  impl.DataStreamServerImpl (ConfUtils.java:logGet(46)) - raft.datastream.type = DISABLED (default)
2022-05-26 08:03:22,318 [Listener at localhost/38277] INFO  server.RaftServerConfigKeys (ConfUtils.java:logGet(46)) - raft.server.threadpool.proxy.cached = true (default)
2022-05-26 08:03:22,318 [Listener at localhost/38277] INFO  server.RaftServerConfigKeys (ConfUtils.java:logGet(46)) - raft.server.threadpool.proxy.size = 0 (default)
2022-05-26 08:03:22,318 [Listener at localhost/38277] INFO  server.RaftServerConfigKeys (ConfUtils.java:logGet(46)) - raft.server.rpc.slowness.timeout = 2s (custom)
2022-05-26 08:03:22,318 [Listener at localhost/38277] INFO  server.RaftServerConfigKeys (ConfUtils.java:logGet(46)) - raft.server.leaderelection.leader.step-down.wait-time = 10s (default)
2022-05-26 08:03:22,318 [Listener at localhost/38277] INFO  server.RaftServerConfigKeys (ConfUtils.java:logGet(46)) - raft.server.storage.dir = [/home/runner/work/ozone/ozone/hadoop-ozone/integration-test/target/test-dir/MiniOzoneClusterImpl-17bb6255-4ab1-443a-98be-5fd7627ecb82/omNode-3/ratis] (custom)
2022-05-26 08:03:22,319 [omNode-3-impl-thread1] INFO  server.RaftServer (RaftServerProxy.java:initGroupDir(247)) - omNode-3: found a subdirectory /home/runner/work/ozone/ozone/hadoop-ozone/integration-test/target/test-dir/MiniOzoneClusterImpl-17bb6255-4ab1-443a-98be-5fd7627ecb82/omNode-3/ratis/c9bc4cf4-3bc3-3c60-a66b-523986131536
2022-05-26 08:03:22,319 [Listener at localhost/38277] INFO  server.RaftServer (RaftServerProxy.java:addNew(96)) - omNode-3: addNew group-523986131536:[omNode-3|rpc:localhost:42233|priority:0, omNode-1|rpc:localhost:40183|priority:0, omNode-2|rpc:localhost:37413|priority:0] returns group-523986131536:java.util.concurrent.CompletableFuture@2f0d8aa2[Not completed]
2022-05-26 08:03:22,319 [pool-320-thread-1] INFO  server.RaftServer$Division (RaftServerImpl.java:<init>(190)) - omNode-3: new RaftServerImpl for group-523986131536:[omNode-3|rpc:localhost:42233|priority:0, omNode-1|rpc:localhost:40183|priority:0, omNode-2|rpc:localhost:37413|priority:0] with OzoneManagerStateMachine:uninitialized
2022-05-26 08:03:22,319 [Listener at localhost/38277] INFO  om.OzoneManager (OzoneManager.java:initializeRatisServer(1901)) - OzoneManager Ratis server initialized at port 42233
2022-05-26 08:03:22,319 [pool-320-thread-1] INFO  server.RaftServerConfigKeys (ConfUtils.java:logGet(46)) - raft.server.rpc.timeout.min = 1s (custom)
2022-05-26 08:03:22,319 [Listener at localhost/38277] INFO  ratis.OzoneManagerRatisServer (OzoneManagerRatisServer.java:start(554)) - Starting OzoneManagerRatisServer omNode-3 at port 42233
2022-05-26 08:03:22,319 [pool-320-thread-1] INFO  server.RaftServerConfigKeys (ConfUtils.java:logGet(46)) - raft.server.rpc.timeout.max = 1200ms (custom)
2022-05-26 08:03:22,319 [pool-320-thread-1] INFO  server.RaftServerConfigKeys (ConfUtils.java:logGet(46)) - raft.server.rpc.sleep.time = 25ms (default)
2022-05-26 08:03:22,319 [pool-320-thread-1] INFO  server.RaftServerConfigKeys (ConfUtils.java:logGet(46)) - raft.server.rpc.slowness.timeout = 2s (custom)
2022-05-26 08:03:22,320 [pool-320-thread-1] INFO  server.RaftServerConfigKeys (ConfUtils.java:logGet(46)) - raft.server.leaderelection.leader.step-down.wait-time = 10s (default)
2022-05-26 08:03:22,320 [pool-320-thread-1] INFO  server.RaftServerConfigKeys (ConfUtils.java:logGet(46)) - raft.server.sleep.deviation.threshold = 300ms (default)
2022-05-26 08:03:22,320 [pool-320-thread-1] INFO  server.RaftServer$Division (ServerState.java:<init>(107)) - omNode-3@group-523986131536: ConfigurationManager, init=-1: [omNode-3|rpc:localhost:42233|priority:0, omNode-1|rpc:localhost:40183|priority:0, omNode-2|rpc:localhost:37413|priority:0], old=null, confs=<EMPTY_MAP>
2022-05-26 08:03:22,320 [pool-320-thread-1] INFO  server.RaftServerConfigKeys (ConfUtils.java:logGet(46)) - raft.server.storage.dir = [/home/runner/work/ozone/ozone/hadoop-ozone/integration-test/target/test-dir/MiniOzoneClusterImpl-17bb6255-4ab1-443a-98be-5fd7627ecb82/omNode-3/ratis] (custom)
2022-05-26 08:03:22,320 [pool-320-thread-1] INFO  server.RaftServerConfigKeys (ConfUtils.java:logGet(46)) - raft.server.log.corruption.policy = EXCEPTION (default)
2022-05-26 08:03:22,320 [pool-320-thread-1] INFO  server.RaftServerConfigKeys (ConfUtils.java:logGet(46)) - raft.server.storage.free-space.min = 0MB (=0) (default)
2022-05-26 08:03:22,321 [pool-320-thread-1] INFO  storage.RaftStorageDirectory (RaftStorageDirectoryImpl.java:tryLock(230)) - Lock on /home/runner/work/ozone/ozone/hadoop-ozone/integration-test/target/test-dir/MiniOzoneClusterImpl-17bb6255-4ab1-443a-98be-5fd7627ecb82/omNode-3/ratis/c9bc4cf4-3bc3-3c60-a66b-523986131536/in_use.lock acquired by nodename 18146@fv-az35-51
2022-05-26 08:03:22,321 [pool-320-thread-1] INFO  storage.RaftStorage (RaftStorageImpl.java:analyzeAndRecoverStorage(110)) - Read RaftStorageMetadata{term=2, votedFor=omNode-3} from /home/runner/work/ozone/ozone/hadoop-ozone/integration-test/target/test-dir/MiniOzoneClusterImpl-17bb6255-4ab1-443a-98be-5fd7627ecb82/omNode-3/ratis/c9bc4cf4-3bc3-3c60-a66b-523986131536/current/raft-meta
2022-05-26 08:03:22,322 [pool-320-thread-1] INFO  server.RaftServer$Division (ServerState.java:setRaftConf(393)) - omNode-3@group-523986131536: set configuration 7: [omNode-3|rpc:localhost:42233|admin:|client:|dataStream:|priority:0, omNode-1|rpc:localhost:40183|admin:|client:|dataStream:|priority:0, omNode-2|rpc:localhost:37413|admin:|client:|dataStream:|priority:0], old=null
2022-05-26 08:03:22,322 [pool-320-thread-1] INFO  server.RaftServerConfigKeys (ConfUtils.java:logGet(46)) - raft.server.notification.no-leader.timeout = 2s (custom)
2022-05-26 08:03:22,322 [pool-320-thread-1] INFO  server.RaftServerConfigKeys (ConfUtils.java:logGet(46)) - raft.server.log.use.memory = false (default)
2022-05-26 08:03:22,322 [pool-320-thread-1] INFO  server.RaftServerConfigKeys (ConfUtils.java:logGet(46)) - raft.server.log.purge.gap = 50 (custom)
2022-05-26 08:03:22,322 [pool-320-thread-1] INFO  server.RaftServerConfigKeys (ConfUtils.java:logGet(46)) - raft.server.log.appender.buffer.byte-limit = 33554432 (custom)
2022-05-26 08:03:22,322 [pool-320-thread-1] INFO  server.RaftServerConfigKeys (ConfUtils.java:logGet(46)) - raft.server.log.statemachine.data.read.timeout = 1000ms (default)
2022-05-26 08:03:22,322 [pool-320-thread-1] INFO  server.RaftServerConfigKeys (ConfUtils.java:logGet(46)) - raft.server.log.segment.size.max = 4194304 (custom)
2022-05-26 08:03:22,322 [pool-320-thread-1] INFO  server.RaftServerConfigKeys (ConfUtils.java:logGet(46)) - raft.server.log.segment.cache.num.max = 2 (custom)
2022-05-26 08:03:22,322 [pool-320-thread-1] INFO  server.RaftServerConfigKeys (ConfUtils.java:logGet(46)) - raft.server.log.segment.cache.size.max = 200MB (=209715200) (default)
2022-05-26 08:03:22,323 [pool-320-thread-1] INFO  segmented.SegmentedRaftLogWorker (SegmentedRaftLogWorker.java:<init>(187)) - new omNode-3@group-523986131536-SegmentedRaftLogWorker for RaftStorageImpl:Storage Directory /home/runner/work/ozone/ozone/hadoop-ozone/integration-test/target/test-dir/MiniOzoneClusterImpl-17bb6255-4ab1-443a-98be-5fd7627ecb82/omNode-3/ratis/c9bc4cf4-3bc3-3c60-a66b-523986131536
2022-05-26 08:03:22,323 [pool-320-thread-1] INFO  server.RaftServerConfigKeys (ConfUtils.java:logGet(46)) - raft.server.log.queue.byte-limit = 64MB (=67108864) (default)
2022-05-26 08:03:22,323 [pool-320-thread-1] INFO  server.RaftServerConfigKeys (ConfUtils.java:logGet(46)) - raft.server.log.queue.element-limit = 4096 (default)
2022-05-26 08:03:22,323 [pool-320-thread-1] INFO  server.RaftServerConfigKeys (ConfUtils.java:logGet(46)) - raft.server.log.segment.size.max = 4194304 (custom)
2022-05-26 08:03:22,323 [pool-320-thread-1] INFO  server.RaftServerConfigKeys (ConfUtils.java:logGet(46)) - raft.server.log.preallocated.size = 4194304 (custom)
2022-05-26 08:03:22,323 [pool-320-thread-1] INFO  server.RaftServerConfigKeys (ConfUtils.java:logGet(46)) - raft.server.log.force.sync.num = 128 (default)
2022-05-26 08:03:22,323 [pool-320-thread-1] INFO  server.RaftServerConfigKeys (ConfUtils.java:logGet(46)) - raft.server.log.statemachine.data.sync = true (default)
2022-05-26 08:03:22,323 [pool-320-thread-1] INFO  server.RaftServerConfigKeys (ConfUtils.java:logGet(46)) - raft.server.log.statemachine.data.sync.timeout = 10s (default)
2022-05-26 08:03:22,323 [pool-320-thread-1] INFO  server.RaftServerConfigKeys (ConfUtils.java:logGet(46)) - raft.server.log.statemachine.data.sync.timeout.retry = -1 (default)
2022-05-26 08:03:22,324 [pool-320-thread-1] INFO  server.RaftServerConfigKeys (ConfUtils.java:logGet(46)) - raft.server.log.write.buffer.size = 64KB (=65536) (default)
2022-05-26 08:03:22,324 [pool-320-thread-1] INFO  server.RaftServerConfigKeys (ConfUtils.java:logGet(46)) - raft.server.log.unsafe-flush.enabled = false (default)
2022-05-26 08:03:22,324 [pool-320-thread-1] INFO  server.RaftServerConfigKeys (ConfUtils.java:logGet(46)) - raft.server.log.statemachine.data.caching.enabled = false (default)
2022-05-26 08:03:22,325 [pool-320-thread-1] INFO  server.RaftServer$Division (ServerState.java:setRaftConf(393)) - omNode-3@group-523986131536: set configuration 0: [omNode-3|rpc:localhost:42233|admin:|client:|dataStream:|priority:0, omNode-1|rpc:localhost:40183|admin:|client:|dataStream:|priority:0, omNode-2|rpc:localhost:37413|admin:|client:|dataStream:|priority:0], old=null
2022-05-26 08:03:22,326 [pool-320-thread-1] INFO  segmented.LogSegment (LogSegment.java:loadSegment(173)) - Successfully read 7 entries from segment file /home/runner/work/ozone/ozone/hadoop-ozone/integration-test/target/test-dir/MiniOzoneClusterImpl-17bb6255-4ab1-443a-98be-5fd7627ecb82/omNode-3/ratis/c9bc4cf4-3bc3-3c60-a66b-523986131536/current/log_0-6
2022-05-26 08:03:22,326 [pool-320-thread-1] INFO  server.RaftServer$Division (ServerState.java:setRaftConf(393)) - omNode-3@group-523986131536: set configuration 7: [omNode-3|rpc:localhost:42233|admin:|client:|dataStream:|priority:0, omNode-1|rpc:localhost:40183|admin:|client:|dataStream:|priority:0, omNode-2|rpc:localhost:37413|admin:|client:|dataStream:|priority:0], old=null
2022-05-26 08:03:22,326 [pool-320-thread-1] INFO  segmented.LogSegment (LogSegment.java:loadSegment(173)) - Successfully read 8 entries from segment file /home/runner/work/ozone/ozone/hadoop-ozone/integration-test/target/test-dir/MiniOzoneClusterImpl-17bb6255-4ab1-443a-98be-5fd7627ecb82/omNode-3/ratis/c9bc4cf4-3bc3-3c60-a66b-523986131536/current/log_inprogress_7
2022-05-26 08:03:22,327 [pool-320-thread-1] INFO  segmented.SegmentedRaftLogWorker (SegmentedRaftLogWorker.java:lambda$new$0(135)) - omNode-3@group-523986131536-SegmentedRaftLogWorker: flushIndex: setUnconditionally 0 -> 14
2022-05-26 08:03:22,327 [pool-320-thread-1] INFO  segmented.SegmentedRaftLogWorker (SegmentedRaftLogWorker.java:lambda$new$0(135)) - omNode-3@group-523986131536-SegmentedRaftLogWorker: safeCacheEvictIndex: setUnconditionally 0 -> 6
2022-05-26 08:03:22,327 [pool-320-thread-1] INFO  raftlog.RaftLog (RaftLogBase.java:lambda$new$0(53)) - omNode-3@group-523986131536-SegmentedRaftLog: commitIndex: updateToMax old=14, new=13, updated? false
2022-05-26 08:03:22,327 [pool-320-thread-1] INFO  server.RaftServerConfigKeys (ConfUtils.java:logGet(46)) - raft.server.snapshot.auto.trigger.enabled = true (custom)
2022-05-26 08:03:22,327 [pool-320-thread-1] INFO  server.RaftServerConfigKeys (ConfUtils.java:logGet(46)) - raft.server.snapshot.auto.trigger.threshold = 50 (custom)
2022-05-26 08:03:22,327 [pool-320-thread-1] INFO  server.RaftServerConfigKeys (ConfUtils.java:logGet(46)) - raft.server.snapshot.retention.file.num = -1 (default)
2022-05-26 08:03:22,327 [pool-320-thread-1] INFO  server.RaftServerConfigKeys (ConfUtils.java:logGet(46)) - raft.server.log.purge.upto.snapshot.index = true (custom)
2022-05-26 08:03:22,327 [pool-320-thread-1] INFO  server.RaftServerConfigKeys (ConfUtils.java:logGet(46)) - raft.server.retrycache.expirytime = 30000ms (custom)
2022-05-26 08:03:22,327 [pool-320-thread-1] INFO  server.RaftServerConfigKeys (ConfUtils.java:logGet(46)) - raft.server.retrycache.statistics.expirytime = 100μs (default)
2022-05-26 08:03:22,328 [pool-320-thread-1] INFO  server.RaftServerConfigKeys (ConfUtils.java:logGet(46)) - raft.server.log.appender.install.snapshot.enabled = false (custom)
2022-05-26 08:03:22,328 [pool-320-thread-1] INFO  server.RaftServerConfigKeys (ConfUtils.java:logGet(46)) - raft.server.threadpool.server.cached = true (default)
2022-05-26 08:03:22,328 [pool-320-thread-1] INFO  server.RaftServerConfigKeys (ConfUtils.java:logGet(46)) - raft.server.threadpool.server.size = 0 (default)
2022-05-26 08:03:22,328 [pool-320-thread-1] INFO  server.RaftServerConfigKeys (ConfUtils.java:logGet(46)) - raft.server.threadpool.client.cached = true (default)
2022-05-26 08:03:22,328 [pool-320-thread-1] INFO  server.RaftServerConfigKeys (ConfUtils.java:logGet(46)) - raft.server.threadpool.client.size = 0 (default)
2022-05-26 08:03:22,328 [omNode-3-impl-thread1] INFO  server.RaftServer$Division (RaftServerImpl.java:start(310)) - omNode-3@group-523986131536: start as a follower, conf=7: [omNode-3|rpc:localhost:42233|admin:|client:|dataStream:|priority:0, omNode-1|rpc:localhost:40183|admin:|client:|dataStream:|priority:0, omNode-2|rpc:localhost:37413|admin:|client:|dataStream:|priority:0], old=null
2022-05-26 08:03:22,329 [omNode-3-impl-thread1] INFO  server.RaftServer$Division (RaftServerImpl.java:setRole(299)) - omNode-3@group-523986131536: changes role from      null to FOLLOWER at term 2 for startAsFollower
2022-05-26 08:03:22,329 [omNode-3-impl-thread1] INFO  impl.RoleInfo (RoleInfo.java:updateAndGet(139)) - omNode-3: start omNode-3@group-523986131536-FollowerState
2022-05-26 08:03:22,329 [omNode-3-impl-thread1] INFO  util.JmxRegister (JmxRegister.java:tryRegister(44)) - Successfully registered JMX Bean with object name Ratis:service=RaftServer,group=group-523986131536,id=omNode-3
2022-05-26 08:03:22,330 [Listener at localhost/38277] INFO  server.RaftServer (RaftServerProxy.java:lambda$start$6(382)) - omNode-3: start RPC server
2022-05-26 08:03:22,332 [Listener at localhost/38277] INFO  server.GrpcService (GrpcService.java:startImpl(260)) - omNode-3: GrpcService started, listening on 42233
2022-05-26 08:03:22,332 [Listener at localhost/38277] INFO  om.OzoneManager (OzoneManager.java:getRpcServer(1030)) - Creating RPC Server
2022-05-26 08:03:22,332 [org.apache.ratis.util.JvmPauseMonitor$$Lambda$691/456821109@47d52974] INFO  util.JvmPauseMonitor (JvmPauseMonitor.java:run(103)) - JvmPauseMonitor-omNode-3: Started
2022-05-26 08:03:22,628 [Listener at localhost/38277] INFO  reflections.Reflections (Reflections.java:scan(232)) - Reflections took 294 ms to scan 19 urls, producing 61 keys and 3747 values [using 2 cores]
2022-05-26 08:03:22,629 [Listener at localhost/38277] INFO  ipc.CallQueueManager (CallQueueManager.java:<init>(90)) - Using callQueue: class java.util.concurrent.LinkedBlockingQueue, queueCapacity: 2000, scheduler: class org.apache.hadoop.ipc.DefaultRpcScheduler, ipcBackoff: false.
2022-05-26 08:03:22,630 [Socket Reader #1 for port 46875] INFO  ipc.Server (Server.java:run(1265)) - Starting Socket Reader #1 for port 46875
2022-05-26 08:03:22,639 [Listener at localhost/46875] INFO  http.BaseHttpServer (BaseHttpServer.java:newHttpServer2BuilderForOzone(209)) - Starting Web-server for ozoneManager at: http://0.0.0.0:39517
2022-05-26 08:03:22,639 [Listener at localhost/46875] INFO  http.BaseHttpServer (BaseHttpServer.java:<init>(107)) - Hadoop Security Enabled: false Ozone Security Enabled: false Ozone HTTP Security Enabled: false 
2022-05-26 08:03:22,640 [Listener at localhost/46875] INFO  server.AuthenticationFilter (AuthenticationFilter.java:constructSecretProvider(240)) - Unable to initialize FileSignerSecretProvider, falling back to use random secrets.
2022-05-26 08:03:22,640 [Listener at localhost/46875] WARN  http.HttpRequestLog (HttpRequestLog.java:getRequestLog(103)) - Jetty request log can only be enabled using Log4j
2022-05-26 08:03:22,641 [Listener at localhost/46875] INFO  http.HttpServer2 (HttpServer2.java:addGlobalFilter(1030)) - Added global filter 'safety' (class=org.apache.hadoop.hdds.server.http.HttpServer2$QuotingInputFilter)
2022-05-26 08:03:22,642 [Listener at localhost/46875] INFO  http.HttpServer2 (HttpServer2.java:addFilter(1006)) - Added filter static_user_filter (class=org.apache.hadoop.http.lib.StaticUserWebFilter$StaticUserFilter) to context ozoneManager
2022-05-26 08:03:22,642 [Listener at localhost/46875] INFO  http.HttpServer2 (HttpServer2.java:addFilter(1014)) - Added filter static_user_filter (class=org.apache.hadoop.http.lib.StaticUserWebFilter$StaticUserFilter) to context static
2022-05-26 08:03:22,642 [Listener at localhost/46875] INFO  http.HttpServer2 (HttpServer2.java:addFilter(1014)) - Added filter static_user_filter (class=org.apache.hadoop.http.lib.StaticUserWebFilter$StaticUserFilter) to context logs
2022-05-26 08:03:22,643 [Listener at localhost/46875] INFO  http.HttpServer2 (HttpServer2.java:bindListener(1249)) - Jetty bound to port 39517
2022-05-26 08:03:22,643 [Listener at localhost/46875] INFO  server.Server (Server.java:doStart(375)) - jetty-9.4.43.v20210629; built: 2021-06-30T11:07:22.254Z; git: 526006ecfa3af7f1a27ef3a288e2bef7ea9dd7e8; jvm 1.8.0_332-b09
2022-05-26 08:03:22,644 [Listener at localhost/46875] INFO  server.session (DefaultSessionIdManager.java:doStart(334)) - DefaultSessionIdManager workerName=node0
2022-05-26 08:03:22,644 [Listener at localhost/46875] INFO  server.session (DefaultSessionIdManager.java:doStart(339)) - No SessionScavenger set, using defaults
2022-05-26 08:03:22,644 [Listener at localhost/46875] INFO  server.session (HouseKeeper.java:startScavenging(132)) - node0 Scavenging every 660000ms
2022-05-26 08:03:22,645 [Listener at localhost/46875] INFO  handler.ContextHandler (ContextHandler.java:doStart(915)) - Started o.e.j.s.ServletContextHandler@61e2865{logs,/logs,file:///home/runner/work/ozone/ozone/hadoop-ozone/integration-test/target/log,AVAILABLE}
2022-05-26 08:03:22,645 [Listener at localhost/46875] INFO  handler.ContextHandler (ContextHandler.java:doStart(915)) - Started o.e.j.s.ServletContextHandler@3e8df7ca{static,/static,file:///home/runner/work/ozone/ozone/hadoop-ozone/integration-test/target/test-classes/webapps/static,AVAILABLE}
2022-05-26 08:03:22,648 [Listener at localhost/46875] INFO  handler.ContextHandler (ContextHandler.java:doStart(915)) - Started o.e.j.w.WebAppContext@440d2cc8{ozoneManager,/,file:///home/runner/work/ozone/ozone/hadoop-ozone/integration-test/target/test-classes/webapps/ozoneManager/,AVAILABLE}{file:/home/runner/work/ozone/ozone/hadoop-ozone/integration-test/target/test-classes/webapps/ozoneManager}
2022-05-26 08:03:22,649 [Listener at localhost/46875] INFO  server.AbstractConnector (AbstractConnector.java:doStart(331)) - Started ServerConnector@144602ef{HTTP/1.1, (http/1.1)}{0.0.0.0:39517}
2022-05-26 08:03:22,650 [Listener at localhost/46875] INFO  server.Server (Server.java:doStart(415)) - Started @64590ms
2022-05-26 08:03:22,650 [Listener at localhost/46875] WARN  impl.MetricsSystemImpl (MetricsSystemImpl.java:register(279)) - Sink prometheus already exists!
2022-05-26 08:03:22,650 [Listener at localhost/46875] INFO  http.BaseHttpServer (BaseHttpServer.java:updateConnectorAddress(329)) - HTTP server of ozoneManager listening at http://0.0.0.0:39517
2022-05-26 08:03:22,651 [IPC Server Responder] INFO  ipc.Server (Server.java:run(1507)) - IPC Server Responder: starting
2022-05-26 08:03:22,651 [IPC Server listener on 46875] INFO  ipc.Server (Server.java:run(1344)) - IPC Server listener on 46875: starting
2022-05-26 08:03:22,660 [Listener at localhost/46875] INFO  om.OzoneManager (OzoneManager.java:startTrashEmptier(1845)) - Trash Interval set to 0. Files deleted won't move to trash
2022-05-26 08:03:22,660 [Listener at localhost/46875] INFO  om.OzoneManager (OzoneManager.java:stop(1960)) - omNode-1[localhost:38409]: Stopping Ozone Manager
2022-05-26 08:03:22,660 [Listener at localhost/46875] INFO  ipc.Server (Server.java:stop(3414)) - Stopping server on 38409
2022-05-26 08:03:22,664 [org.apache.hadoop.util.JvmPauseMonitor$Monitor@6c927bfe] INFO  util.JvmPauseMonitor (JvmPauseMonitor.java:run(188)) - Starting JVM pause monitor
2022-05-26 08:03:22,665 [IPC Server listener on 38409] INFO  ipc.Server (Server.java:run(1376)) - Stopping IPC Server listener on 38409
2022-05-26 08:03:22,665 [IPC Server Responder] INFO  ipc.Server (Server.java:run(1512)) - Stopping IPC Server Responder
2022-05-26 08:03:22,666 [Listener at localhost/46875] INFO  server.RaftServer (RaftServerProxy.java:lambda$close$7(398)) - omNode-1: close
2022-05-26 08:03:22,666 [Listener at localhost/46875] INFO  server.RaftServer$Division (RaftServerImpl.java:lambda$close$4(434)) - omNode-1@group-523986131536: shutdown
2022-05-26 08:03:22,666 [Listener at localhost/46875] INFO  util.JmxRegister (JmxRegister.java:unregister(73)) - Successfully un-registered JMX Bean with object name Ratis:service=RaftServer,group=group-523986131536,id=omNode-1
2022-05-26 08:03:22,666 [Listener at localhost/46875] INFO  impl.RoleInfo (RoleInfo.java:shutdownFollowerState(110)) - omNode-1: shutdown omNode-1@group-523986131536-FollowerState
2022-05-26 08:03:22,667 [Listener at localhost/46875] INFO  impl.StateMachineUpdater (StateMachineUpdater.java:stopAndJoin(153)) - omNode-1@group-523986131536-StateMachineUpdater: set stopIndex = 14
2022-05-26 08:03:22,667 [omNode-1@group-523986131536-StateMachineUpdater] INFO  ratis.OzoneManagerStateMachine (OzoneManagerStateMachine.java:takeSnapshot(436)) - Current Snapshot Index (t:2, i:14)
2022-05-26 08:03:22,667 [omNode-1@group-523986131536-StateMachineUpdater] INFO  impl.StateMachineUpdater (StateMachineUpdater.java:takeSnapshot(287)) - omNode-1@group-523986131536-StateMachineUpdater: Took a snapshot at index 14
2022-05-26 08:03:22,667 [omNode-1@group-523986131536-StateMachineUpdater] INFO  impl.StateMachineUpdater (StateMachineUpdater.java:lambda$new$0(92)) - omNode-1@group-523986131536-StateMachineUpdater: snapshotIndex: updateIncreasingly 6 -> 14
2022-05-26 08:03:22,667 [omNode-1@group-523986131536-StateMachineUpdater] INFO  ratis.OzoneManagerStateMachine (OzoneManagerStateMachine.java:close(490)) - StateMachine has shutdown. Shutdown OzoneManager if not already shutdown.
2022-05-26 08:03:22,667 [omNode-1@group-523986131536-StateMachineUpdater] INFO  ratis.OzoneManagerDoubleBuffer (OzoneManagerDoubleBuffer.java:stop(465)) - Stopping OMDoubleBuffer flush thread
2022-05-26 08:03:22,667 [omNode-1@group-523986131536-FollowerState] INFO  impl.FollowerState (FollowerState.java:run(152)) - omNode-1@group-523986131536-FollowerState was interrupted
2022-05-26 08:03:22,667 [OMDoubleBufferFlushThread] INFO  ratis.OzoneManagerDoubleBuffer (OzoneManagerDoubleBuffer.java:flushTransactions(385)) - OMDoubleBuffer flush thread OMDoubleBufferFlushThread is interrupted and will exit.
2022-05-26 08:03:22,669 [Listener at localhost/46875] INFO  server.RaftServer$Division (ServerState.java:close(429)) - omNode-1@group-523986131536: closes. applyIndex: 14
2022-05-26 08:03:22,669 [omNode-1@group-523986131536-SegmentedRaftLogWorker] INFO  segmented.SegmentedRaftLogWorker (SegmentedRaftLogWorker.java:run(336)) - omNode-1@group-523986131536-SegmentedRaftLogWorker was interrupted, exiting. There are 0 tasks remaining in the queue.
2022-05-26 08:03:22,670 [Listener at localhost/46875] INFO  segmented.SegmentedRaftLogWorker (SegmentedRaftLogWorker.java:close(246)) - omNode-1@group-523986131536-SegmentedRaftLogWorker close()
2022-05-26 08:03:22,673 [Listener at localhost/46875] INFO  server.GrpcService (GrpcService.java:closeImpl(269)) - omNode-1: shutdown server with port 40183 now
2022-05-26 08:03:22,674 [Listener at localhost/46875] INFO  server.GrpcService (GrpcService.java:closeImpl(278)) - omNode-1: shutdown server with port 40183 successfully
2022-05-26 08:03:22,674 [org.apache.ratis.util.JvmPauseMonitor$$Lambda$691/456821109@3d411475] INFO  util.JvmPauseMonitor (JvmPauseMonitor.java:run(109)) - JvmPauseMonitor-omNode-1: Stopped
2022-05-26 08:03:22,675 [Listener at localhost/46875] INFO  ratis.OzoneManagerStateMachine (OzoneManagerStateMachine.java:close(490)) - StateMachine has shutdown. Shutdown OzoneManager if not already shutdown.
2022-05-26 08:03:22,675 [Listener at localhost/46875] INFO  ratis.OzoneManagerDoubleBuffer (OzoneManagerDoubleBuffer.java:stop(477)) - OMDoubleBuffer flush thread is not running.
2022-05-26 08:03:22,676 [Listener at localhost/46875] INFO  handler.ContextHandler (ContextHandler.java:doStop(1153)) - Stopped o.e.j.w.WebAppContext@7370222b{ozoneManager,/,null,STOPPED}{file:/home/runner/work/ozone/ozone/hadoop-ozone/integration-test/target/test-classes/webapps/ozoneManager}
2022-05-26 08:03:22,676 [Listener at localhost/46875] INFO  server.AbstractConnector (AbstractConnector.java:doStop(381)) - Stopped ServerConnector@1b08681b{HTTP/1.1, (http/1.1)}{0.0.0.0:35485}
2022-05-26 08:03:22,676 [Listener at localhost/46875] INFO  server.session (HouseKeeper.java:stopScavenging(149)) - node0 Stopped scavenging
2022-05-26 08:03:22,677 [Listener at localhost/46875] INFO  handler.ContextHandler (ContextHandler.java:doStop(1153)) - Stopped o.e.j.s.ServletContextHandler@572d2320{static,/static,file:///home/runner/work/ozone/ozone/hadoop-ozone/integration-test/target/test-classes/webapps/static,STOPPED}
2022-05-26 08:03:22,677 [Listener at localhost/46875] INFO  handler.ContextHandler (ContextHandler.java:doStop(1153)) - Stopped o.e.j.s.ServletContextHandler@67d1a3af{logs,/logs,file:///home/runner/work/ozone/ozone/hadoop-ozone/integration-test/target/log,STOPPED}
2022-05-26 08:03:22,681 [Listener at localhost/46875] INFO  om.OzoneManager (OzoneManager.java:restart(1497)) - OzoneManager RPC server is listening at localhost/127.0.0.1:38409
2022-05-26 08:03:22,681 [Listener at localhost/46875] INFO  impl.MetricsSystemImpl (MetricsSystemImpl.java:init(158)) - OzoneManager metrics system started (again)
2022-05-26 08:03:22,691 [Listener at localhost/46875] WARN  server.ServerUtils (ServerUtils.java:getDBPath(225)) - ozone.om.db.dirs is not configured. We recommend adding this setting. Falling back to ozone.metadata.dirs instead.
2022-05-26 08:03:22,692 [Listener at localhost/46875] INFO  codec.OmKeyInfoCodec (OmKeyInfoCodec.java:<init>(49)) - OmKeyInfoCodec ignorePipeline = true
2022-05-26 08:03:22,692 [Listener at localhost/46875] INFO  codec.RepeatedOmKeyInfoCodec (RepeatedOmKeyInfoCodec.java:<init>(41)) - RepeatedOmKeyInfoCodec ignorePipeline = true
2022-05-26 08:03:22,726 [Listener at localhost/46875] WARN  impl.MetricRegistriesImpl (MetricRegistriesImpl.java:addReporterRegistration(111)) - New reporters are added after registries were created. Some metrics will be missing from the reporter. Please add reporter before adding any new registry.
2022-05-26 08:03:22,726 [Listener at localhost/46875] WARN  impl.MetricRegistriesImpl (MetricRegistriesImpl.java:addReporterRegistration(111)) - New reporters are added after registries were created. Some metrics will be missing from the reporter. Please add reporter before adding any new registry.
2022-05-26 08:03:22,726 [Listener at localhost/46875] WARN  server.ServerUtils (ServerUtils.java:getDefaultRatisDirectory(237)) - Storage directory for Ratis is not configured. It is a good idea to map this to an SSD disk. Falling back to ozone.metadata.dirs
2022-05-26 08:03:22,727 [Listener at localhost/46875] INFO  ratis.OzoneManagerRatisServer (OzoneManagerRatisServer.java:<init>(159)) - Instantiating OM Ratis server with groupID: om-service-test1 and peers: localhost:40183, localhost:42233, localhost:37413
2022-05-26 08:03:22,727 [Listener at localhost/46875] INFO  ratis.OzoneManagerStateMachine (OzoneManagerStateMachine.java:loadSnapshotInfoFromDB(627)) - LastAppliedIndex is set from TransactionInfo from OM DB as (t:2, i:14)
2022-05-26 08:03:22,727 [Listener at localhost/46875] INFO  server.RaftServer (ConfUtils.java:logGet(46)) - raft.rpc.type = GRPC (default)
2022-05-26 08:03:22,727 [Listener at localhost/46875] INFO  grpc.GrpcFactory (GrpcFactory.java:checkPooledByteBufAllocatorUseCacheForAllThreads(48)) - PERFORMANCE WARNING: useCacheForAllThreads is true that may cause Netty to create a lot garbage objects and, as a result, trigger GC.
	It is recommended to disable useCacheForAllThreads by setting -Dorg.apache.ratis.thirdparty.io.netty.allocator.useCacheForAllThreads=false in command line.
2022-05-26 08:03:22,728 [Listener at localhost/46875] INFO  grpc.GrpcConfigKeys (ConfUtils.java:logGet(46)) - raft.grpc.admin.port = -1 (default)
2022-05-26 08:03:22,728 [Listener at localhost/46875] INFO  grpc.GrpcConfigKeys (ConfUtils.java:logGet(46)) - raft.grpc.server.port = 40183 (custom)
2022-05-26 08:03:22,728 [Listener at localhost/46875] INFO  grpc.GrpcConfigKeys (ConfUtils.java:logGet(46)) - raft.grpc.client.port = -1 (default)
2022-05-26 08:03:22,728 [Listener at localhost/46875] INFO  grpc.GrpcConfigKeys (ConfUtils.java:logGet(46)) - raft.grpc.server.port = 40183 (custom)
2022-05-26 08:03:22,728 [Listener at localhost/46875] INFO  grpc.GrpcConfigKeys (ConfUtils.java:logGet(46)) - raft.grpc.server.port = 40183 (custom)
2022-05-26 08:03:22,728 [Listener at localhost/46875] INFO  server.GrpcService (ConfUtils.java:logGet(46)) - raft.grpc.message.size.max = 33554432 (custom)
2022-05-26 08:03:22,728 [Listener at localhost/46875] INFO  server.RaftServerConfigKeys (ConfUtils.java:logGet(46)) - raft.server.log.appender.buffer.byte-limit = 33554432 (custom)
2022-05-26 08:03:22,728 [Listener at localhost/46875] INFO  server.GrpcService (ConfUtils.java:logGet(46)) - raft.grpc.flow.control.window = 1MB (=1048576) (default)
2022-05-26 08:03:22,729 [Listener at localhost/46875] INFO  server.RaftServerConfigKeys (ConfUtils.java:logGet(46)) - raft.server.rpc.request.timeout = 3000ms (default)
2022-05-26 08:03:22,729 [Listener at localhost/46875] INFO  grpc.GrpcConfigKeys (ConfUtils.java:logGet(46)) - raft.grpc.server.async.request.thread.pool.cached = true (default)
2022-05-26 08:03:22,729 [Listener at localhost/46875] INFO  grpc.GrpcConfigKeys (ConfUtils.java:logGet(46)) - raft.grpc.server.async.request.thread.pool.size = 32 (default)
2022-05-26 08:03:22,730 [Listener at localhost/46875] INFO  impl.DataStreamServerImpl (ConfUtils.java:logGet(46)) - raft.datastream.type = DISABLED (default)
2022-05-26 08:03:22,730 [Listener at localhost/46875] INFO  server.RaftServerConfigKeys (ConfUtils.java:logGet(46)) - raft.server.threadpool.proxy.cached = true (default)
2022-05-26 08:03:22,730 [Listener at localhost/46875] INFO  server.RaftServerConfigKeys (ConfUtils.java:logGet(46)) - raft.server.threadpool.proxy.size = 0 (default)
2022-05-26 08:03:22,730 [Listener at localhost/46875] INFO  server.RaftServerConfigKeys (ConfUtils.java:logGet(46)) - raft.server.rpc.slowness.timeout = 2s (custom)
2022-05-26 08:03:22,730 [Listener at localhost/46875] INFO  server.RaftServerConfigKeys (ConfUtils.java:logGet(46)) - raft.server.leaderelection.leader.step-down.wait-time = 10s (default)
2022-05-26 08:03:22,731 [Listener at localhost/46875] INFO  server.RaftServerConfigKeys (ConfUtils.java:logGet(46)) - raft.server.storage.dir = [/home/runner/work/ozone/ozone/hadoop-ozone/integration-test/target/test-dir/MiniOzoneClusterImpl-17bb6255-4ab1-443a-98be-5fd7627ecb82/omNode-1/ratis] (custom)
2022-05-26 08:03:22,731 [omNode-1-impl-thread1] INFO  server.RaftServer (RaftServerProxy.java:initGroupDir(247)) - omNode-1: found a subdirectory /home/runner/work/ozone/ozone/hadoop-ozone/integration-test/target/test-dir/MiniOzoneClusterImpl-17bb6255-4ab1-443a-98be-5fd7627ecb82/omNode-1/ratis/c9bc4cf4-3bc3-3c60-a66b-523986131536
2022-05-26 08:03:22,731 [Listener at localhost/46875] INFO  server.RaftServer (RaftServerProxy.java:addNew(96)) - omNode-1: addNew group-523986131536:[omNode-3|rpc:localhost:42233|priority:0, omNode-1|rpc:localhost:40183|priority:0, omNode-2|rpc:localhost:37413|priority:0] returns group-523986131536:java.util.concurrent.CompletableFuture@1dd3e865[Not completed]
2022-05-26 08:03:22,731 [pool-341-thread-1] INFO  server.RaftServer$Division (RaftServerImpl.java:<init>(190)) - omNode-1: new RaftServerImpl for group-523986131536:[omNode-3|rpc:localhost:42233|priority:0, omNode-1|rpc:localhost:40183|priority:0, omNode-2|rpc:localhost:37413|priority:0] with OzoneManagerStateMachine:uninitialized
2022-05-26 08:03:22,731 [Listener at localhost/46875] INFO  om.OzoneManager (OzoneManager.java:initializeRatisServer(1901)) - OzoneManager Ratis server initialized at port 40183
2022-05-26 08:03:22,731 [Listener at localhost/46875] INFO  ratis.OzoneManagerRatisServer (OzoneManagerRatisServer.java:start(554)) - Starting OzoneManagerRatisServer omNode-1 at port 40183
2022-05-26 08:03:22,731 [pool-341-thread-1] INFO  server.RaftServerConfigKeys (ConfUtils.java:logGet(46)) - raft.server.rpc.timeout.min = 1s (custom)
2022-05-26 08:03:22,732 [pool-341-thread-1] INFO  server.RaftServerConfigKeys (ConfUtils.java:logGet(46)) - raft.server.rpc.timeout.max = 1200ms (custom)
2022-05-26 08:03:22,732 [pool-341-thread-1] INFO  server.RaftServerConfigKeys (ConfUtils.java:logGet(46)) - raft.server.rpc.sleep.time = 25ms (default)
2022-05-26 08:03:22,732 [pool-341-thread-1] INFO  server.RaftServerConfigKeys (ConfUtils.java:logGet(46)) - raft.server.rpc.slowness.timeout = 2s (custom)
2022-05-26 08:03:22,732 [pool-341-thread-1] INFO  server.RaftServerConfigKeys (ConfUtils.java:logGet(46)) - raft.server.leaderelection.leader.step-down.wait-time = 10s (default)
2022-05-26 08:03:22,732 [pool-341-thread-1] INFO  server.RaftServerConfigKeys (ConfUtils.java:logGet(46)) - raft.server.sleep.deviation.threshold = 300ms (default)
2022-05-26 08:03:22,732 [pool-341-thread-1] INFO  server.RaftServer$Division (ServerState.java:<init>(107)) - omNode-1@group-523986131536: ConfigurationManager, init=-1: [omNode-3|rpc:localhost:42233|priority:0, omNode-1|rpc:localhost:40183|priority:0, omNode-2|rpc:localhost:37413|priority:0], old=null, confs=<EMPTY_MAP>
2022-05-26 08:03:22,732 [pool-341-thread-1] INFO  server.RaftServerConfigKeys (ConfUtils.java:logGet(46)) - raft.server.storage.dir = [/home/runner/work/ozone/ozone/hadoop-ozone/integration-test/target/test-dir/MiniOzoneClusterImpl-17bb6255-4ab1-443a-98be-5fd7627ecb82/omNode-1/ratis] (custom)
2022-05-26 08:03:22,732 [pool-341-thread-1] INFO  server.RaftServerConfigKeys (ConfUtils.java:logGet(46)) - raft.server.log.corruption.policy = EXCEPTION (default)
2022-05-26 08:03:22,732 [pool-341-thread-1] INFO  server.RaftServerConfigKeys (ConfUtils.java:logGet(46)) - raft.server.storage.free-space.min = 0MB (=0) (default)
2022-05-26 08:03:22,733 [pool-341-thread-1] INFO  storage.RaftStorageDirectory (RaftStorageDirectoryImpl.java:tryLock(230)) - Lock on /home/runner/work/ozone/ozone/hadoop-ozone/integration-test/target/test-dir/MiniOzoneClusterImpl-17bb6255-4ab1-443a-98be-5fd7627ecb82/omNode-1/ratis/c9bc4cf4-3bc3-3c60-a66b-523986131536/in_use.lock acquired by nodename 18146@fv-az35-51
2022-05-26 08:03:22,733 [pool-341-thread-1] INFO  storage.RaftStorage (RaftStorageImpl.java:analyzeAndRecoverStorage(110)) - Read RaftStorageMetadata{term=2, votedFor=omNode-3} from /home/runner/work/ozone/ozone/hadoop-ozone/integration-test/target/test-dir/MiniOzoneClusterImpl-17bb6255-4ab1-443a-98be-5fd7627ecb82/omNode-1/ratis/c9bc4cf4-3bc3-3c60-a66b-523986131536/current/raft-meta
2022-05-26 08:03:22,733 [pool-341-thread-1] INFO  server.RaftServer$Division (ServerState.java:setRaftConf(393)) - omNode-1@group-523986131536: set configuration 7: [omNode-3|rpc:localhost:42233|admin:|client:|dataStream:|priority:0, omNode-1|rpc:localhost:40183|admin:|client:|dataStream:|priority:0, omNode-2|rpc:localhost:37413|admin:|client:|dataStream:|priority:0], old=null
2022-05-26 08:03:22,733 [pool-341-thread-1] INFO  server.RaftServerConfigKeys (ConfUtils.java:logGet(46)) - raft.server.notification.no-leader.timeout = 2s (custom)
2022-05-26 08:03:22,733 [pool-341-thread-1] INFO  server.RaftServerConfigKeys (ConfUtils.java:logGet(46)) - raft.server.log.use.memory = false (default)
2022-05-26 08:03:22,734 [pool-341-thread-1] INFO  server.RaftServerConfigKeys (ConfUtils.java:logGet(46)) - raft.server.log.purge.gap = 50 (custom)
2022-05-26 08:03:22,734 [pool-341-thread-1] INFO  server.RaftServerConfigKeys (ConfUtils.java:logGet(46)) - raft.server.log.appender.buffer.byte-limit = 33554432 (custom)
2022-05-26 08:03:22,734 [pool-341-thread-1] INFO  server.RaftServerConfigKeys (ConfUtils.java:logGet(46)) - raft.server.log.statemachine.data.read.timeout = 1000ms (default)
2022-05-26 08:03:22,734 [pool-341-thread-1] INFO  server.RaftServerConfigKeys (ConfUtils.java:logGet(46)) - raft.server.log.segment.size.max = 4194304 (custom)
2022-05-26 08:03:22,734 [pool-341-thread-1] INFO  server.RaftServerConfigKeys (ConfUtils.java:logGet(46)) - raft.server.log.segment.cache.num.max = 2 (custom)
2022-05-26 08:03:22,734 [pool-341-thread-1] INFO  server.RaftServerConfigKeys (ConfUtils.java:logGet(46)) - raft.server.log.segment.cache.size.max = 200MB (=209715200) (default)
2022-05-26 08:03:22,734 [pool-341-thread-1] INFO  segmented.SegmentedRaftLogWorker (SegmentedRaftLogWorker.java:<init>(187)) - new omNode-1@group-523986131536-SegmentedRaftLogWorker for RaftStorageImpl:Storage Directory /home/runner/work/ozone/ozone/hadoop-ozone/integration-test/target/test-dir/MiniOzoneClusterImpl-17bb6255-4ab1-443a-98be-5fd7627ecb82/omNode-1/ratis/c9bc4cf4-3bc3-3c60-a66b-523986131536
2022-05-26 08:03:22,734 [pool-341-thread-1] INFO  server.RaftServerConfigKeys (ConfUtils.java:logGet(46)) - raft.server.log.queue.byte-limit = 64MB (=67108864) (default)
2022-05-26 08:03:22,734 [pool-341-thread-1] INFO  server.RaftServerConfigKeys (ConfUtils.java:logGet(46)) - raft.server.log.queue.element-limit = 4096 (default)
2022-05-26 08:03:22,734 [pool-341-thread-1] INFO  server.RaftServerConfigKeys (ConfUtils.java:logGet(46)) - raft.server.log.segment.size.max = 4194304 (custom)
2022-05-26 08:03:22,734 [pool-341-thread-1] INFO  server.RaftServerConfigKeys (ConfUtils.java:logGet(46)) - raft.server.log.preallocated.size = 4194304 (custom)
2022-05-26 08:03:22,734 [pool-341-thread-1] INFO  server.RaftServerConfigKeys (ConfUtils.java:logGet(46)) - raft.server.log.force.sync.num = 128 (default)
2022-05-26 08:03:22,735 [pool-341-thread-1] INFO  server.RaftServerConfigKeys (ConfUtils.java:logGet(46)) - raft.server.log.statemachine.data.sync = true (default)
2022-05-26 08:03:22,735 [pool-341-thread-1] INFO  server.RaftServerConfigKeys (ConfUtils.java:logGet(46)) - raft.server.log.statemachine.data.sync.timeout = 10s (default)
2022-05-26 08:03:22,735 [pool-341-thread-1] INFO  server.RaftServerConfigKeys (ConfUtils.java:logGet(46)) - raft.server.log.statemachine.data.sync.timeout.retry = -1 (default)
2022-05-26 08:03:22,735 [pool-341-thread-1] INFO  server.RaftServerConfigKeys (ConfUtils.java:logGet(46)) - raft.server.log.write.buffer.size = 64KB (=65536) (default)
2022-05-26 08:03:22,735 [pool-341-thread-1] INFO  server.RaftServerConfigKeys (ConfUtils.java:logGet(46)) - raft.server.log.unsafe-flush.enabled = false (default)
2022-05-26 08:03:22,735 [pool-341-thread-1] INFO  server.RaftServerConfigKeys (ConfUtils.java:logGet(46)) - raft.server.log.statemachine.data.caching.enabled = false (default)
2022-05-26 08:03:22,736 [pool-341-thread-1] INFO  server.RaftServer$Division (ServerState.java:setRaftConf(393)) - omNode-1@group-523986131536: set configuration 0: [omNode-3|rpc:localhost:42233|admin:|client:|dataStream:|priority:0, omNode-1|rpc:localhost:40183|admin:|client:|dataStream:|priority:0, omNode-2|rpc:localhost:37413|admin:|client:|dataStream:|priority:0], old=null
2022-05-26 08:03:22,736 [pool-341-thread-1] INFO  segmented.LogSegment (LogSegment.java:loadSegment(173)) - Successfully read 7 entries from segment file /home/runner/work/ozone/ozone/hadoop-ozone/integration-test/target/test-dir/MiniOzoneClusterImpl-17bb6255-4ab1-443a-98be-5fd7627ecb82/omNode-1/ratis/c9bc4cf4-3bc3-3c60-a66b-523986131536/current/log_0-6
2022-05-26 08:03:22,737 [pool-341-thread-1] INFO  server.RaftServer$Division (ServerState.java:setRaftConf(393)) - omNode-1@group-523986131536: set configuration 7: [omNode-3|rpc:localhost:42233|admin:|client:|dataStream:|priority:0, omNode-1|rpc:localhost:40183|admin:|client:|dataStream:|priority:0, omNode-2|rpc:localhost:37413|admin:|client:|dataStream:|priority:0], old=null
2022-05-26 08:03:22,737 [pool-341-thread-1] INFO  segmented.LogSegment (LogSegment.java:loadSegment(173)) - Successfully read 8 entries from segment file /home/runner/work/ozone/ozone/hadoop-ozone/integration-test/target/test-dir/MiniOzoneClusterImpl-17bb6255-4ab1-443a-98be-5fd7627ecb82/omNode-1/ratis/c9bc4cf4-3bc3-3c60-a66b-523986131536/current/log_inprogress_7
2022-05-26 08:03:22,737 [pool-341-thread-1] INFO  segmented.SegmentedRaftLogWorker (SegmentedRaftLogWorker.java:lambda$new$0(135)) - omNode-1@group-523986131536-SegmentedRaftLogWorker: flushIndex: setUnconditionally 0 -> 14
2022-05-26 08:03:22,737 [pool-341-thread-1] INFO  segmented.SegmentedRaftLogWorker (SegmentedRaftLogWorker.java:lambda$new$0(135)) - omNode-1@group-523986131536-SegmentedRaftLogWorker: safeCacheEvictIndex: setUnconditionally 0 -> 6
2022-05-26 08:03:22,737 [pool-341-thread-1] INFO  raftlog.RaftLog (RaftLogBase.java:lambda$new$0(53)) - omNode-1@group-523986131536-SegmentedRaftLog: commitIndex: updateToMax old=14, new=13, updated? false
2022-05-26 08:03:22,737 [pool-341-thread-1] INFO  server.RaftServerConfigKeys (ConfUtils.java:logGet(46)) - raft.server.snapshot.auto.trigger.enabled = true (custom)
2022-05-26 08:03:22,737 [pool-341-thread-1] INFO  server.RaftServerConfigKeys (ConfUtils.java:logGet(46)) - raft.server.snapshot.auto.trigger.threshold = 50 (custom)
2022-05-26 08:03:22,737 [pool-341-thread-1] INFO  server.RaftServerConfigKeys (ConfUtils.java:logGet(46)) - raft.server.snapshot.retention.file.num = -1 (default)
2022-05-26 08:03:22,737 [pool-341-thread-1] INFO  server.RaftServerConfigKeys (ConfUtils.java:logGet(46)) - raft.server.log.purge.upto.snapshot.index = true (custom)
2022-05-26 08:03:22,737 [pool-341-thread-1] INFO  server.RaftServerConfigKeys (ConfUtils.java:logGet(46)) - raft.server.retrycache.expirytime = 30000ms (custom)
2022-05-26 08:03:22,737 [pool-341-thread-1] INFO  server.RaftServerConfigKeys (ConfUtils.java:logGet(46)) - raft.server.retrycache.statistics.expirytime = 100μs (default)
2022-05-26 08:03:22,738 [pool-341-thread-1] INFO  server.RaftServerConfigKeys (ConfUtils.java:logGet(46)) - raft.server.log.appender.install.snapshot.enabled = false (custom)
2022-05-26 08:03:22,738 [pool-341-thread-1] INFO  server.RaftServerConfigKeys (ConfUtils.java:logGet(46)) - raft.server.threadpool.server.cached = true (default)
2022-05-26 08:03:22,738 [pool-341-thread-1] INFO  server.RaftServerConfigKeys (ConfUtils.java:logGet(46)) - raft.server.threadpool.server.size = 0 (default)
2022-05-26 08:03:22,738 [pool-341-thread-1] INFO  server.RaftServerConfigKeys (ConfUtils.java:logGet(46)) - raft.server.threadpool.client.cached = true (default)
2022-05-26 08:03:22,738 [pool-341-thread-1] INFO  server.RaftServerConfigKeys (ConfUtils.java:logGet(46)) - raft.server.threadpool.client.size = 0 (default)
2022-05-26 08:03:22,739 [omNode-1-impl-thread1] INFO  server.RaftServer$Division (RaftServerImpl.java:start(310)) - omNode-1@group-523986131536: start as a follower, conf=7: [omNode-3|rpc:localhost:42233|admin:|client:|dataStream:|priority:0, omNode-1|rpc:localhost:40183|admin:|client:|dataStream:|priority:0, omNode-2|rpc:localhost:37413|admin:|client:|dataStream:|priority:0], old=null
2022-05-26 08:03:22,739 [omNode-1-impl-thread1] INFO  server.RaftServer$Division (RaftServerImpl.java:setRole(299)) - omNode-1@group-523986131536: changes role from      null to FOLLOWER at term 2 for startAsFollower
2022-05-26 08:03:22,739 [omNode-1-impl-thread1] INFO  impl.RoleInfo (RoleInfo.java:updateAndGet(139)) - omNode-1: start omNode-1@group-523986131536-FollowerState
2022-05-26 08:03:22,741 [omNode-1-impl-thread1] INFO  util.JmxRegister (JmxRegister.java:tryRegister(44)) - Successfully registered JMX Bean with object name Ratis:service=RaftServer,group=group-523986131536,id=omNode-1
2022-05-26 08:03:22,741 [Listener at localhost/46875] INFO  server.RaftServer (RaftServerProxy.java:lambda$start$6(382)) - omNode-1: start RPC server
2022-05-26 08:03:22,749 [Listener at localhost/46875] INFO  server.GrpcService (GrpcService.java:startImpl(260)) - omNode-1: GrpcService started, listening on 40183
2022-05-26 08:03:22,752 [Listener at localhost/46875] INFO  om.OzoneManager (OzoneManager.java:getRpcServer(1030)) - Creating RPC Server
2022-05-26 08:03:22,753 [org.apache.ratis.util.JvmPauseMonitor$$Lambda$691/456821109@21002025] INFO  util.JvmPauseMonitor (JvmPauseMonitor.java:run(103)) - JvmPauseMonitor-omNode-1: Started
2022-05-26 08:03:22,983 [Listener at localhost/46875] INFO  reflections.Reflections (Reflections.java:scan(232)) - Reflections took 230 ms to scan 19 urls, producing 61 keys and 3747 values [using 2 cores]
2022-05-26 08:03:22,984 [Listener at localhost/46875] INFO  ipc.CallQueueManager (CallQueueManager.java:<init>(90)) - Using callQueue: class java.util.concurrent.LinkedBlockingQueue, queueCapacity: 2000, scheduler: class org.apache.hadoop.ipc.DefaultRpcScheduler, ipcBackoff: false.
2022-05-26 08:03:22,985 [Socket Reader #1 for port 38409] INFO  ipc.Server (Server.java:run(1265)) - Starting Socket Reader #1 for port 38409
2022-05-26 08:03:22,987 [Listener at localhost/38409] INFO  http.BaseHttpServer (BaseHttpServer.java:newHttpServer2BuilderForOzone(209)) - Starting Web-server for ozoneManager at: http://0.0.0.0:35485
2022-05-26 08:03:22,987 [Listener at localhost/38409] INFO  http.BaseHttpServer (BaseHttpServer.java:<init>(107)) - Hadoop Security Enabled: false Ozone Security Enabled: false Ozone HTTP Security Enabled: false 
2022-05-26 08:03:22,988 [Listener at localhost/38409] INFO  server.AuthenticationFilter (AuthenticationFilter.java:constructSecretProvider(240)) - Unable to initialize FileSignerSecretProvider, falling back to use random secrets.
2022-05-26 08:03:22,989 [Listener at localhost/38409] WARN  http.HttpRequestLog (HttpRequestLog.java:getRequestLog(103)) - Jetty request log can only be enabled using Log4j
2022-05-26 08:03:22,990 [Listener at localhost/38409] INFO  http.HttpServer2 (HttpServer2.java:addGlobalFilter(1030)) - Added global filter 'safety' (class=org.apache.hadoop.hdds.server.http.HttpServer2$QuotingInputFilter)
2022-05-26 08:03:22,990 [Listener at localhost/38409] INFO  http.HttpServer2 (HttpServer2.java:addFilter(1006)) - Added filter static_user_filter (class=org.apache.hadoop.http.lib.StaticUserWebFilter$StaticUserFilter) to context ozoneManager
2022-05-26 08:03:22,990 [Listener at localhost/38409] INFO  http.HttpServer2 (HttpServer2.java:addFilter(1014)) - Added filter static_user_filter (class=org.apache.hadoop.http.lib.StaticUserWebFilter$StaticUserFilter) to context logs
2022-05-26 08:03:22,990 [Listener at localhost/38409] INFO  http.HttpServer2 (HttpServer2.java:addFilter(1014)) - Added filter static_user_filter (class=org.apache.hadoop.http.lib.StaticUserWebFilter$StaticUserFilter) to context static
2022-05-26 08:03:22,991 [Listener at localhost/38409] INFO  http.HttpServer2 (HttpServer2.java:bindListener(1249)) - Jetty bound to port 35485
2022-05-26 08:03:22,992 [Listener at localhost/38409] INFO  server.Server (Server.java:doStart(375)) - jetty-9.4.43.v20210629; built: 2021-06-30T11:07:22.254Z; git: 526006ecfa3af7f1a27ef3a288e2bef7ea9dd7e8; jvm 1.8.0_332-b09
2022-05-26 08:03:22,993 [Listener at localhost/38409] INFO  server.session (DefaultSessionIdManager.java:doStart(334)) - DefaultSessionIdManager workerName=node0
2022-05-26 08:03:22,993 [Listener at localhost/38409] INFO  server.session (DefaultSessionIdManager.java:doStart(339)) - No SessionScavenger set, using defaults
2022-05-26 08:03:22,994 [Listener at localhost/38409] INFO  server.session (HouseKeeper.java:startScavenging(132)) - node0 Scavenging every 660000ms
2022-05-26 08:03:22,994 [Listener at localhost/38409] INFO  handler.ContextHandler (ContextHandler.java:doStart(915)) - Started o.e.j.s.ServletContextHandler@6e297f29{logs,/logs,file:///home/runner/work/ozone/ozone/hadoop-ozone/integration-test/target/log,AVAILABLE}
2022-05-26 08:03:22,995 [Listener at localhost/38409] INFO  handler.ContextHandler (ContextHandler.java:doStart(915)) - Started o.e.j.s.ServletContextHandler@152f6cb1{static,/static,file:///home/runner/work/ozone/ozone/hadoop-ozone/integration-test/target/test-classes/webapps/static,AVAILABLE}
2022-05-26 08:03:22,999 [Listener at localhost/38409] INFO  handler.ContextHandler (ContextHandler.java:doStart(915)) - Started o.e.j.w.WebAppContext@403e8cfa{ozoneManager,/,file:///home/runner/work/ozone/ozone/hadoop-ozone/integration-test/target/test-classes/webapps/ozoneManager/,AVAILABLE}{file:/home/runner/work/ozone/ozone/hadoop-ozone/integration-test/target/test-classes/webapps/ozoneManager}
2022-05-26 08:03:23,000 [Listener at localhost/38409] INFO  server.AbstractConnector (AbstractConnector.java:doStart(331)) - Started ServerConnector@2bc7f48d{HTTP/1.1, (http/1.1)}{0.0.0.0:35485}
2022-05-26 08:03:23,000 [Listener at localhost/38409] INFO  server.Server (Server.java:doStart(415)) - Started @64940ms
2022-05-26 08:03:23,000 [Listener at localhost/38409] WARN  impl.MetricsSystemImpl (MetricsSystemImpl.java:register(279)) - Sink prometheus already exists!
2022-05-26 08:03:23,001 [Listener at localhost/38409] INFO  http.BaseHttpServer (BaseHttpServer.java:updateConnectorAddress(329)) - HTTP server of ozoneManager listening at http://0.0.0.0:35485
2022-05-26 08:03:23,003 [IPC Server Responder] INFO  ipc.Server (Server.java:run(1507)) - IPC Server Responder: starting
2022-05-26 08:03:23,004 [IPC Server listener on 38409] INFO  ipc.Server (Server.java:run(1344)) - IPC Server listener on 38409: starting
2022-05-26 08:03:23,010 [Listener at localhost/38409] INFO  om.OzoneManager (OzoneManager.java:startTrashEmptier(1845)) - Trash Interval set to 0. Files deleted won't move to trash
2022-05-26 08:03:23,010 [Listener at localhost/38409] INFO  om.OzoneManager (OzoneManager.java:stop(1960)) - omNode-2[localhost:38277]: Stopping Ozone Manager
2022-05-26 08:03:23,010 [org.apache.hadoop.util.JvmPauseMonitor$Monitor@60aceea5] INFO  util.JvmPauseMonitor (JvmPauseMonitor.java:run(188)) - Starting JVM pause monitor
2022-05-26 08:03:23,010 [Listener at localhost/38409] INFO  ipc.Server (Server.java:stop(3414)) - Stopping server on 38277
2022-05-26 08:03:23,013 [IPC Server listener on 38277] INFO  ipc.Server (Server.java:run(1376)) - Stopping IPC Server listener on 38277
2022-05-26 08:03:23,013 [IPC Server Responder] INFO  ipc.Server (Server.java:run(1512)) - Stopping IPC Server Responder
2022-05-26 08:03:23,014 [Listener at localhost/38409] INFO  server.RaftServer (RaftServerProxy.java:lambda$close$7(398)) - omNode-2: close
2022-05-26 08:03:23,014 [Listener at localhost/38409] INFO  server.RaftServer$Division (RaftServerImpl.java:lambda$close$4(434)) - omNode-2@group-523986131536: shutdown
2022-05-26 08:03:23,014 [Listener at localhost/38409] INFO  util.JmxRegister (JmxRegister.java:unregister(73)) - Successfully un-registered JMX Bean with object name Ratis:service=RaftServer,group=group-523986131536,id=omNode-2
2022-05-26 08:03:23,014 [Listener at localhost/38409] INFO  impl.RoleInfo (RoleInfo.java:shutdownFollowerState(110)) - omNode-2: shutdown omNode-2@group-523986131536-FollowerState
2022-05-26 08:03:23,014 [omNode-2@group-523986131536-StateMachineUpdater] INFO  ratis.OzoneManagerStateMachine (OzoneManagerStateMachine.java:takeSnapshot(436)) - Current Snapshot Index (t:2, i:14)
2022-05-26 08:03:23,015 [omNode-2@group-523986131536-StateMachineUpdater] INFO  impl.StateMachineUpdater (StateMachineUpdater.java:takeSnapshot(287)) - omNode-2@group-523986131536-StateMachineUpdater: Took a snapshot at index 14
2022-05-26 08:03:23,015 [omNode-2@group-523986131536-StateMachineUpdater] INFO  impl.StateMachineUpdater (StateMachineUpdater.java:lambda$new$0(92)) - omNode-2@group-523986131536-StateMachineUpdater: snapshotIndex: updateIncreasingly 6 -> 14
2022-05-26 08:03:23,015 [omNode-2@group-523986131536-StateMachineUpdater] INFO  ratis.OzoneManagerStateMachine (OzoneManagerStateMachine.java:close(490)) - StateMachine has shutdown. Shutdown OzoneManager if not already shutdown.
2022-05-26 08:03:23,015 [omNode-2@group-523986131536-StateMachineUpdater] INFO  ratis.OzoneManagerDoubleBuffer (OzoneManagerDoubleBuffer.java:stop(465)) - Stopping OMDoubleBuffer flush thread
2022-05-26 08:03:23,015 [OMDoubleBufferFlushThread] INFO  ratis.OzoneManagerDoubleBuffer (OzoneManagerDoubleBuffer.java:flushTransactions(385)) - OMDoubleBuffer flush thread OMDoubleBufferFlushThread is interrupted and will exit.
2022-05-26 08:03:23,015 [Listener at localhost/38409] INFO  impl.StateMachineUpdater (StateMachineUpdater.java:stopAndJoin(153)) - omNode-2@group-523986131536-StateMachineUpdater: set stopIndex = 14
2022-05-26 08:03:23,016 [omNode-2@group-523986131536-FollowerState] INFO  impl.FollowerState (FollowerState.java:run(152)) - omNode-2@group-523986131536-FollowerState was interrupted
2022-05-26 08:03:23,017 [Listener at localhost/38409] INFO  server.RaftServer$Division (ServerState.java:close(429)) - omNode-2@group-523986131536: closes. applyIndex: 14
2022-05-26 08:03:23,018 [omNode-2@group-523986131536-SegmentedRaftLogWorker] INFO  segmented.SegmentedRaftLogWorker (SegmentedRaftLogWorker.java:run(336)) - omNode-2@group-523986131536-SegmentedRaftLogWorker was interrupted, exiting. There are 0 tasks remaining in the queue.
2022-05-26 08:03:23,020 [Listener at localhost/38409] INFO  segmented.SegmentedRaftLogWorker (SegmentedRaftLogWorker.java:close(246)) - omNode-2@group-523986131536-SegmentedRaftLogWorker close()
2022-05-26 08:03:23,021 [Listener at localhost/38409] INFO  server.GrpcService (GrpcService.java:closeImpl(269)) - omNode-2: shutdown server with port 37413 now
2022-05-26 08:03:23,022 [Listener at localhost/38409] INFO  server.GrpcService (GrpcService.java:closeImpl(278)) - omNode-2: shutdown server with port 37413 successfully
2022-05-26 08:03:23,023 [org.apache.ratis.util.JvmPauseMonitor$$Lambda$691/456821109@6c05ae65] INFO  util.JvmPauseMonitor (JvmPauseMonitor.java:run(109)) - JvmPauseMonitor-omNode-2: Stopped
2022-05-26 08:03:23,023 [Listener at localhost/38409] INFO  ratis.OzoneManagerStateMachine (OzoneManagerStateMachine.java:close(490)) - StateMachine has shutdown. Shutdown OzoneManager if not already shutdown.
2022-05-26 08:03:23,023 [Listener at localhost/38409] INFO  ratis.OzoneManagerDoubleBuffer (OzoneManagerDoubleBuffer.java:stop(477)) - OMDoubleBuffer flush thread is not running.
2022-05-26 08:03:23,023 [Listener at localhost/38409] INFO  handler.ContextHandler (ContextHandler.java:doStop(1153)) - Stopped o.e.j.w.WebAppContext@5b47e4da{ozoneManager,/,null,STOPPED}{file:/home/runner/work/ozone/ozone/hadoop-ozone/integration-test/target/test-classes/webapps/ozoneManager}
2022-05-26 08:03:23,024 [Listener at localhost/38409] INFO  server.AbstractConnector (AbstractConnector.java:doStop(381)) - Stopped ServerConnector@2c6f2f88{HTTP/1.1, (http/1.1)}{0.0.0.0:45205}
2022-05-26 08:03:23,024 [Listener at localhost/38409] INFO  server.session (HouseKeeper.java:stopScavenging(149)) - node0 Stopped scavenging
2022-05-26 08:03:23,024 [Listener at localhost/38409] INFO  handler.ContextHandler (ContextHandler.java:doStop(1153)) - Stopped o.e.j.s.ServletContextHandler@336c1e82{static,/static,file:///home/runner/work/ozone/ozone/hadoop-ozone/integration-test/target/test-classes/webapps/static,STOPPED}
2022-05-26 08:03:23,024 [Listener at localhost/38409] INFO  handler.ContextHandler (ContextHandler.java:doStop(1153)) - Stopped o.e.j.s.ServletContextHandler@68ca62bb{logs,/logs,file:///home/runner/work/ozone/ozone/hadoop-ozone/integration-test/target/log,STOPPED}
2022-05-26 08:03:23,026 [Listener at localhost/38409] INFO  om.OzoneManager (OzoneManager.java:restart(1497)) - OzoneManager RPC server is listening at localhost/127.0.0.1:38277
2022-05-26 08:03:23,026 [Listener at localhost/38409] INFO  impl.MetricsSystemImpl (MetricsSystemImpl.java:init(158)) - OzoneManager metrics system started (again)
2022-05-26 08:03:23,036 [Listener at localhost/38409] WARN  server.ServerUtils (ServerUtils.java:getDBPath(225)) - ozone.om.db.dirs is not configured. We recommend adding this setting. Falling back to ozone.metadata.dirs instead.
2022-05-26 08:03:23,037 [Listener at localhost/38409] INFO  codec.OmKeyInfoCodec (OmKeyInfoCodec.java:<init>(49)) - OmKeyInfoCodec ignorePipeline = true
2022-05-26 08:03:23,037 [Listener at localhost/38409] INFO  codec.RepeatedOmKeyInfoCodec (RepeatedOmKeyInfoCodec.java:<init>(41)) - RepeatedOmKeyInfoCodec ignorePipeline = true
2022-05-26 08:03:23,066 [Listener at localhost/38409] WARN  impl.MetricRegistriesImpl (MetricRegistriesImpl.java:addReporterRegistration(111)) - New reporters are added after registries were created. Some metrics will be missing from the reporter. Please add reporter before adding any new registry.
2022-05-26 08:03:23,066 [Listener at localhost/38409] WARN  impl.MetricRegistriesImpl (MetricRegistriesImpl.java:addReporterRegistration(111)) - New reporters are added after registries were created. Some metrics will be missing from the reporter. Please add reporter before adding any new registry.
2022-05-26 08:03:23,066 [Listener at localhost/38409] WARN  server.ServerUtils (ServerUtils.java:getDefaultRatisDirectory(237)) - Storage directory for Ratis is not configured. It is a good idea to map this to an SSD disk. Falling back to ozone.metadata.dirs
2022-05-26 08:03:23,068 [Listener at localhost/38409] INFO  ratis.OzoneManagerRatisServer (OzoneManagerRatisServer.java:<init>(159)) - Instantiating OM Ratis server with groupID: om-service-test1 and peers: localhost:37413, localhost:42233, localhost:40183
2022-05-26 08:03:23,068 [Listener at localhost/38409] INFO  ratis.OzoneManagerStateMachine (OzoneManagerStateMachine.java:loadSnapshotInfoFromDB(627)) - LastAppliedIndex is set from TransactionInfo from OM DB as (t:2, i:14)
2022-05-26 08:03:23,068 [Listener at localhost/38409] INFO  server.RaftServer (ConfUtils.java:logGet(46)) - raft.rpc.type = GRPC (default)
2022-05-26 08:03:23,069 [Listener at localhost/38409] INFO  grpc.GrpcFactory (GrpcFactory.java:checkPooledByteBufAllocatorUseCacheForAllThreads(48)) - PERFORMANCE WARNING: useCacheForAllThreads is true that may cause Netty to create a lot garbage objects and, as a result, trigger GC.
	It is recommended to disable useCacheForAllThreads by setting -Dorg.apache.ratis.thirdparty.io.netty.allocator.useCacheForAllThreads=false in command line.
2022-05-26 08:03:23,069 [Listener at localhost/38409] INFO  grpc.GrpcConfigKeys (ConfUtils.java:logGet(46)) - raft.grpc.admin.port = -1 (default)
2022-05-26 08:03:23,069 [Listener at localhost/38409] INFO  grpc.GrpcConfigKeys (ConfUtils.java:logGet(46)) - raft.grpc.server.port = 37413 (custom)
2022-05-26 08:03:23,069 [Listener at localhost/38409] INFO  grpc.GrpcConfigKeys (ConfUtils.java:logGet(46)) - raft.grpc.client.port = -1 (default)
2022-05-26 08:03:23,069 [Listener at localhost/38409] INFO  grpc.GrpcConfigKeys (ConfUtils.java:logGet(46)) - raft.grpc.server.port = 37413 (custom)
2022-05-26 08:03:23,069 [Listener at localhost/38409] INFO  grpc.GrpcConfigKeys (ConfUtils.java:logGet(46)) - raft.grpc.server.port = 37413 (custom)
2022-05-26 08:03:23,069 [Listener at localhost/38409] INFO  server.GrpcService (ConfUtils.java:logGet(46)) - raft.grpc.message.size.max = 33554432 (custom)
2022-05-26 08:03:23,069 [Listener at localhost/38409] INFO  server.RaftServerConfigKeys (ConfUtils.java:logGet(46)) - raft.server.log.appender.buffer.byte-limit = 33554432 (custom)
2022-05-26 08:03:23,070 [Listener at localhost/38409] INFO  server.GrpcService (ConfUtils.java:logGet(46)) - raft.grpc.flow.control.window = 1MB (=1048576) (default)
2022-05-26 08:03:23,070 [Listener at localhost/38409] INFO  server.RaftServerConfigKeys (ConfUtils.java:logGet(46)) - raft.server.rpc.request.timeout = 3000ms (default)
2022-05-26 08:03:23,070 [Listener at localhost/38409] INFO  grpc.GrpcConfigKeys (ConfUtils.java:logGet(46)) - raft.grpc.server.async.request.thread.pool.cached = true (default)
2022-05-26 08:03:23,070 [Listener at localhost/38409] INFO  grpc.GrpcConfigKeys (ConfUtils.java:logGet(46)) - raft.grpc.server.async.request.thread.pool.size = 32 (default)
2022-05-26 08:03:23,071 [Listener at localhost/38409] INFO  impl.DataStreamServerImpl (ConfUtils.java:logGet(46)) - raft.datastream.type = DISABLED (default)
2022-05-26 08:03:23,071 [Listener at localhost/38409] INFO  server.RaftServerConfigKeys (ConfUtils.java:logGet(46)) - raft.server.threadpool.proxy.cached = true (default)
2022-05-26 08:03:23,071 [Listener at localhost/38409] INFO  server.RaftServerConfigKeys (ConfUtils.java:logGet(46)) - raft.server.threadpool.proxy.size = 0 (default)
2022-05-26 08:03:23,071 [Listener at localhost/38409] INFO  server.RaftServerConfigKeys (ConfUtils.java:logGet(46)) - raft.server.rpc.slowness.timeout = 2s (custom)
2022-05-26 08:03:23,072 [Listener at localhost/38409] INFO  server.RaftServerConfigKeys (ConfUtils.java:logGet(46)) - raft.server.leaderelection.leader.step-down.wait-time = 10s (default)
2022-05-26 08:03:23,072 [Listener at localhost/38409] INFO  server.RaftServerConfigKeys (ConfUtils.java:logGet(46)) - raft.server.storage.dir = [/home/runner/work/ozone/ozone/hadoop-ozone/integration-test/target/test-dir/MiniOzoneClusterImpl-17bb6255-4ab1-443a-98be-5fd7627ecb82/omNode-2/ratis] (custom)
2022-05-26 08:03:23,072 [omNode-2-impl-thread1] INFO  server.RaftServer (RaftServerProxy.java:initGroupDir(247)) - omNode-2: found a subdirectory /home/runner/work/ozone/ozone/hadoop-ozone/integration-test/target/test-dir/MiniOzoneClusterImpl-17bb6255-4ab1-443a-98be-5fd7627ecb82/omNode-2/ratis/c9bc4cf4-3bc3-3c60-a66b-523986131536
2022-05-26 08:03:23,073 [Listener at localhost/38409] INFO  server.RaftServer (RaftServerProxy.java:addNew(96)) - omNode-2: addNew group-523986131536:[omNode-3|rpc:localhost:42233|priority:0, omNode-1|rpc:localhost:40183|priority:0, omNode-2|rpc:localhost:37413|priority:0] returns group-523986131536:java.util.concurrent.CompletableFuture@7dcbf7e5[Not completed]
2022-05-26 08:03:23,073 [Listener at localhost/38409] INFO  om.OzoneManager (OzoneManager.java:initializeRatisServer(1901)) - OzoneManager Ratis server initialized at port 37413
2022-05-26 08:03:23,073 [pool-362-thread-1] INFO  server.RaftServer$Division (RaftServerImpl.java:<init>(190)) - omNode-2: new RaftServerImpl for group-523986131536:[omNode-3|rpc:localhost:42233|priority:0, omNode-1|rpc:localhost:40183|priority:0, omNode-2|rpc:localhost:37413|priority:0] with OzoneManagerStateMachine:uninitialized
2022-05-26 08:03:23,073 [Listener at localhost/38409] INFO  ratis.OzoneManagerRatisServer (OzoneManagerRatisServer.java:start(554)) - Starting OzoneManagerRatisServer omNode-2 at port 37413
2022-05-26 08:03:23,073 [pool-362-thread-1] INFO  server.RaftServerConfigKeys (ConfUtils.java:logGet(46)) - raft.server.rpc.timeout.min = 1s (custom)
2022-05-26 08:03:23,073 [pool-362-thread-1] INFO  server.RaftServerConfigKeys (ConfUtils.java:logGet(46)) - raft.server.rpc.timeout.max = 1200ms (custom)
2022-05-26 08:03:23,073 [pool-362-thread-1] INFO  server.RaftServerConfigKeys (ConfUtils.java:logGet(46)) - raft.server.rpc.sleep.time = 25ms (default)
2022-05-26 08:03:23,073 [pool-362-thread-1] INFO  server.RaftServerConfigKeys (ConfUtils.java:logGet(46)) - raft.server.rpc.slowness.timeout = 2s (custom)
2022-05-26 08:03:23,073 [pool-362-thread-1] INFO  server.RaftServerConfigKeys (ConfUtils.java:logGet(46)) - raft.server.leaderelection.leader.step-down.wait-time = 10s (default)
2022-05-26 08:03:23,073 [pool-362-thread-1] INFO  server.RaftServerConfigKeys (ConfUtils.java:logGet(46)) - raft.server.sleep.deviation.threshold = 300ms (default)
2022-05-26 08:03:23,073 [pool-362-thread-1] INFO  server.RaftServer$Division (ServerState.java:<init>(107)) - omNode-2@group-523986131536: ConfigurationManager, init=-1: [omNode-3|rpc:localhost:42233|priority:0, omNode-1|rpc:localhost:40183|priority:0, omNode-2|rpc:localhost:37413|priority:0], old=null, confs=<EMPTY_MAP>
2022-05-26 08:03:23,073 [pool-362-thread-1] INFO  server.RaftServerConfigKeys (ConfUtils.java:logGet(46)) - raft.server.storage.dir = [/home/runner/work/ozone/ozone/hadoop-ozone/integration-test/target/test-dir/MiniOzoneClusterImpl-17bb6255-4ab1-443a-98be-5fd7627ecb82/omNode-2/ratis] (custom)
2022-05-26 08:03:23,073 [pool-362-thread-1] INFO  server.RaftServerConfigKeys (ConfUtils.java:logGet(46)) - raft.server.log.corruption.policy = EXCEPTION (default)
2022-05-26 08:03:23,073 [pool-362-thread-1] INFO  server.RaftServerConfigKeys (ConfUtils.java:logGet(46)) - raft.server.storage.free-space.min = 0MB (=0) (default)
2022-05-26 08:03:23,074 [pool-362-thread-1] INFO  storage.RaftStorageDirectory (RaftStorageDirectoryImpl.java:tryLock(230)) - Lock on /home/runner/work/ozone/ozone/hadoop-ozone/integration-test/target/test-dir/MiniOzoneClusterImpl-17bb6255-4ab1-443a-98be-5fd7627ecb82/omNode-2/ratis/c9bc4cf4-3bc3-3c60-a66b-523986131536/in_use.lock acquired by nodename 18146@fv-az35-51
2022-05-26 08:03:23,075 [pool-362-thread-1] INFO  storage.RaftStorage (RaftStorageImpl.java:analyzeAndRecoverStorage(110)) - Read RaftStorageMetadata{term=2, votedFor=omNode-3} from /home/runner/work/ozone/ozone/hadoop-ozone/integration-test/target/test-dir/MiniOzoneClusterImpl-17bb6255-4ab1-443a-98be-5fd7627ecb82/omNode-2/ratis/c9bc4cf4-3bc3-3c60-a66b-523986131536/current/raft-meta
2022-05-26 08:03:23,076 [pool-362-thread-1] INFO  server.RaftServer$Division (ServerState.java:setRaftConf(393)) - omNode-2@group-523986131536: set configuration 7: [omNode-3|rpc:localhost:42233|admin:|client:|dataStream:|priority:0, omNode-1|rpc:localhost:40183|admin:|client:|dataStream:|priority:0, omNode-2|rpc:localhost:37413|admin:|client:|dataStream:|priority:0], old=null
2022-05-26 08:03:23,076 [pool-362-thread-1] INFO  server.RaftServerConfigKeys (ConfUtils.java:logGet(46)) - raft.server.notification.no-leader.timeout = 2s (custom)
2022-05-26 08:03:23,076 [pool-362-thread-1] INFO  server.RaftServerConfigKeys (ConfUtils.java:logGet(46)) - raft.server.log.use.memory = false (default)
2022-05-26 08:03:23,076 [pool-362-thread-1] INFO  server.RaftServerConfigKeys (ConfUtils.java:logGet(46)) - raft.server.log.purge.gap = 50 (custom)
2022-05-26 08:03:23,076 [pool-362-thread-1] INFO  server.RaftServerConfigKeys (ConfUtils.java:logGet(46)) - raft.server.log.appender.buffer.byte-limit = 33554432 (custom)
2022-05-26 08:03:23,076 [pool-362-thread-1] INFO  server.RaftServerConfigKeys (ConfUtils.java:logGet(46)) - raft.server.log.statemachine.data.read.timeout = 1000ms (default)
2022-05-26 08:03:23,076 [pool-362-thread-1] INFO  server.RaftServerConfigKeys (ConfUtils.java:logGet(46)) - raft.server.log.segment.size.max = 4194304 (custom)
2022-05-26 08:03:23,077 [pool-362-thread-1] INFO  server.RaftServerConfigKeys (ConfUtils.java:logGet(46)) - raft.server.log.segment.cache.num.max = 2 (custom)
2022-05-26 08:03:23,077 [pool-362-thread-1] INFO  server.RaftServerConfigKeys (ConfUtils.java:logGet(46)) - raft.server.log.segment.cache.size.max = 200MB (=209715200) (default)
2022-05-26 08:03:23,077 [pool-362-thread-1] INFO  segmented.SegmentedRaftLogWorker (SegmentedRaftLogWorker.java:<init>(187)) - new omNode-2@group-523986131536-SegmentedRaftLogWorker for RaftStorageImpl:Storage Directory /home/runner/work/ozone/ozone/hadoop-ozone/integration-test/target/test-dir/MiniOzoneClusterImpl-17bb6255-4ab1-443a-98be-5fd7627ecb82/omNode-2/ratis/c9bc4cf4-3bc3-3c60-a66b-523986131536
2022-05-26 08:03:23,077 [pool-362-thread-1] INFO  server.RaftServerConfigKeys (ConfUtils.java:logGet(46)) - raft.server.log.queue.byte-limit = 64MB (=67108864) (default)
2022-05-26 08:03:23,077 [pool-362-thread-1] INFO  server.RaftServerConfigKeys (ConfUtils.java:logGet(46)) - raft.server.log.queue.element-limit = 4096 (default)
2022-05-26 08:03:23,077 [pool-362-thread-1] INFO  server.RaftServerConfigKeys (ConfUtils.java:logGet(46)) - raft.server.log.segment.size.max = 4194304 (custom)
2022-05-26 08:03:23,077 [pool-362-thread-1] INFO  server.RaftServerConfigKeys (ConfUtils.java:logGet(46)) - raft.server.log.preallocated.size = 4194304 (custom)
2022-05-26 08:03:23,077 [pool-362-thread-1] INFO  server.RaftServerConfigKeys (ConfUtils.java:logGet(46)) - raft.server.log.force.sync.num = 128 (default)
2022-05-26 08:03:23,077 [pool-362-thread-1] INFO  server.RaftServerConfigKeys (ConfUtils.java:logGet(46)) - raft.server.log.statemachine.data.sync = true (default)
2022-05-26 08:03:23,077 [pool-362-thread-1] INFO  server.RaftServerConfigKeys (ConfUtils.java:logGet(46)) - raft.server.log.statemachine.data.sync.timeout = 10s (default)
2022-05-26 08:03:23,077 [pool-362-thread-1] INFO  server.RaftServerConfigKeys (ConfUtils.java:logGet(46)) - raft.server.log.statemachine.data.sync.timeout.retry = -1 (default)
2022-05-26 08:03:23,081 [pool-362-thread-1] INFO  server.RaftServerConfigKeys (ConfUtils.java:logGet(46)) - raft.server.log.write.buffer.size = 64KB (=65536) (default)
2022-05-26 08:03:23,081 [pool-362-thread-1] INFO  server.RaftServerConfigKeys (ConfUtils.java:logGet(46)) - raft.server.log.unsafe-flush.enabled = false (default)
2022-05-26 08:03:23,081 [pool-362-thread-1] INFO  server.RaftServerConfigKeys (ConfUtils.java:logGet(46)) - raft.server.log.statemachine.data.caching.enabled = false (default)
2022-05-26 08:03:23,082 [pool-362-thread-1] INFO  server.RaftServer$Division (ServerState.java:setRaftConf(393)) - omNode-2@group-523986131536: set configuration 0: [omNode-3|rpc:localhost:42233|admin:|client:|dataStream:|priority:0, omNode-1|rpc:localhost:40183|admin:|client:|dataStream:|priority:0, omNode-2|rpc:localhost:37413|admin:|client:|dataStream:|priority:0], old=null
2022-05-26 08:03:23,082 [pool-362-thread-1] INFO  segmented.LogSegment (LogSegment.java:loadSegment(173)) - Successfully read 7 entries from segment file /home/runner/work/ozone/ozone/hadoop-ozone/integration-test/target/test-dir/MiniOzoneClusterImpl-17bb6255-4ab1-443a-98be-5fd7627ecb82/omNode-2/ratis/c9bc4cf4-3bc3-3c60-a66b-523986131536/current/log_0-6
2022-05-26 08:03:23,082 [pool-362-thread-1] INFO  server.RaftServer$Division (ServerState.java:setRaftConf(393)) - omNode-2@group-523986131536: set configuration 7: [omNode-3|rpc:localhost:42233|admin:|client:|dataStream:|priority:0, omNode-1|rpc:localhost:40183|admin:|client:|dataStream:|priority:0, omNode-2|rpc:localhost:37413|admin:|client:|dataStream:|priority:0], old=null
2022-05-26 08:03:23,082 [pool-362-thread-1] INFO  segmented.LogSegment (LogSegment.java:loadSegment(173)) - Successfully read 8 entries from segment file /home/runner/work/ozone/ozone/hadoop-ozone/integration-test/target/test-dir/MiniOzoneClusterImpl-17bb6255-4ab1-443a-98be-5fd7627ecb82/omNode-2/ratis/c9bc4cf4-3bc3-3c60-a66b-523986131536/current/log_inprogress_7
2022-05-26 08:03:23,082 [pool-362-thread-1] INFO  segmented.SegmentedRaftLogWorker (SegmentedRaftLogWorker.java:lambda$new$0(135)) - omNode-2@group-523986131536-SegmentedRaftLogWorker: flushIndex: setUnconditionally 0 -> 14
2022-05-26 08:03:23,082 [pool-362-thread-1] INFO  segmented.SegmentedRaftLogWorker (SegmentedRaftLogWorker.java:lambda$new$0(135)) - omNode-2@group-523986131536-SegmentedRaftLogWorker: safeCacheEvictIndex: setUnconditionally 0 -> 6
2022-05-26 08:03:23,088 [pool-362-thread-1] INFO  raftlog.RaftLog (RaftLogBase.java:lambda$new$0(53)) - omNode-2@group-523986131536-SegmentedRaftLog: commitIndex: updateToMax old=14, new=13, updated? false
2022-05-26 08:03:23,088 [pool-362-thread-1] INFO  server.RaftServerConfigKeys (ConfUtils.java:logGet(46)) - raft.server.snapshot.auto.trigger.enabled = true (custom)
2022-05-26 08:03:23,088 [pool-362-thread-1] INFO  server.RaftServerConfigKeys (ConfUtils.java:logGet(46)) - raft.server.snapshot.auto.trigger.threshold = 50 (custom)
2022-05-26 08:03:23,088 [pool-362-thread-1] INFO  server.RaftServerConfigKeys (ConfUtils.java:logGet(46)) - raft.server.snapshot.retention.file.num = -1 (default)
2022-05-26 08:03:23,088 [pool-362-thread-1] INFO  server.RaftServerConfigKeys (ConfUtils.java:logGet(46)) - raft.server.log.purge.upto.snapshot.index = true (custom)
2022-05-26 08:03:23,088 [pool-362-thread-1] INFO  server.RaftServerConfigKeys (ConfUtils.java:logGet(46)) - raft.server.retrycache.expirytime = 30000ms (custom)
2022-05-26 08:03:23,088 [pool-362-thread-1] INFO  server.RaftServerConfigKeys (ConfUtils.java:logGet(46)) - raft.server.retrycache.statistics.expirytime = 100μs (default)
2022-05-26 08:03:23,089 [pool-362-thread-1] INFO  server.RaftServerConfigKeys (ConfUtils.java:logGet(46)) - raft.server.log.appender.install.snapshot.enabled = false (custom)
2022-05-26 08:03:23,089 [pool-362-thread-1] INFO  server.RaftServerConfigKeys (ConfUtils.java:logGet(46)) - raft.server.threadpool.server.cached = true (default)
2022-05-26 08:03:23,089 [pool-362-thread-1] INFO  server.RaftServerConfigKeys (ConfUtils.java:logGet(46)) - raft.server.threadpool.server.size = 0 (default)
2022-05-26 08:03:23,090 [pool-362-thread-1] INFO  server.RaftServerConfigKeys (ConfUtils.java:logGet(46)) - raft.server.threadpool.client.cached = true (default)
2022-05-26 08:03:23,090 [pool-362-thread-1] INFO  server.RaftServerConfigKeys (ConfUtils.java:logGet(46)) - raft.server.threadpool.client.size = 0 (default)
2022-05-26 08:03:23,090 [omNode-2-impl-thread1] INFO  server.RaftServer$Division (RaftServerImpl.java:start(310)) - omNode-2@group-523986131536: start as a follower, conf=7: [omNode-3|rpc:localhost:42233|admin:|client:|dataStream:|priority:0, omNode-1|rpc:localhost:40183|admin:|client:|dataStream:|priority:0, omNode-2|rpc:localhost:37413|admin:|client:|dataStream:|priority:0], old=null
2022-05-26 08:03:23,090 [omNode-2-impl-thread1] INFO  server.RaftServer$Division (RaftServerImpl.java:setRole(299)) - omNode-2@group-523986131536: changes role from      null to FOLLOWER at term 2 for startAsFollower
2022-05-26 08:03:23,090 [omNode-2-impl-thread1] INFO  impl.RoleInfo (RoleInfo.java:updateAndGet(139)) - omNode-2: start omNode-2@group-523986131536-FollowerState
2022-05-26 08:03:23,092 [omNode-2-impl-thread1] INFO  util.JmxRegister (JmxRegister.java:tryRegister(44)) - Successfully registered JMX Bean with object name Ratis:service=RaftServer,group=group-523986131536,id=omNode-2
2022-05-26 08:03:23,093 [Listener at localhost/38409] INFO  server.RaftServer (RaftServerProxy.java:lambda$start$6(382)) - omNode-2: start RPC server
2022-05-26 08:03:23,095 [Listener at localhost/38409] INFO  server.GrpcService (GrpcService.java:startImpl(260)) - omNode-2: GrpcService started, listening on 37413
2022-05-26 08:03:23,095 [Listener at localhost/38409] INFO  om.OzoneManager (OzoneManager.java:getRpcServer(1030)) - Creating RPC Server
2022-05-26 08:03:23,096 [org.apache.ratis.util.JvmPauseMonitor$$Lambda$691/456821109@2ed250fa] INFO  util.JvmPauseMonitor (JvmPauseMonitor.java:run(103)) - JvmPauseMonitor-omNode-2: Started
2022-05-26 08:03:23,371 [Listener at localhost/38409] INFO  reflections.Reflections (Reflections.java:scan(232)) - Reflections took 275 ms to scan 19 urls, producing 61 keys and 3747 values [using 2 cores]
2022-05-26 08:03:23,373 [Listener at localhost/38409] INFO  ipc.CallQueueManager (CallQueueManager.java:<init>(90)) - Using callQueue: class java.util.concurrent.LinkedBlockingQueue, queueCapacity: 2000, scheduler: class org.apache.hadoop.ipc.DefaultRpcScheduler, ipcBackoff: false.
2022-05-26 08:03:23,376 [Listener at localhost/38277] INFO  http.BaseHttpServer (BaseHttpServer.java:newHttpServer2BuilderForOzone(209)) - Starting Web-server for ozoneManager at: http://0.0.0.0:45205
2022-05-26 08:03:23,376 [Listener at localhost/38277] INFO  http.BaseHttpServer (BaseHttpServer.java:<init>(107)) - Hadoop Security Enabled: false Ozone Security Enabled: false Ozone HTTP Security Enabled: false 
2022-05-26 08:03:23,377 [Listener at localhost/38277] INFO  server.AuthenticationFilter (AuthenticationFilter.java:constructSecretProvider(240)) - Unable to initialize FileSignerSecretProvider, falling back to use random secrets.
2022-05-26 08:03:23,378 [Socket Reader #1 for port 38277] INFO  ipc.Server (Server.java:run(1265)) - Starting Socket Reader #1 for port 38277
2022-05-26 08:03:23,380 [Listener at localhost/38277] WARN  http.HttpRequestLog (HttpRequestLog.java:getRequestLog(103)) - Jetty request log can only be enabled using Log4j
2022-05-26 08:03:23,381 [Listener at localhost/38277] INFO  http.HttpServer2 (HttpServer2.java:addGlobalFilter(1030)) - Added global filter 'safety' (class=org.apache.hadoop.hdds.server.http.HttpServer2$QuotingInputFilter)
2022-05-26 08:03:23,382 [Listener at localhost/38277] INFO  http.HttpServer2 (HttpServer2.java:addFilter(1006)) - Added filter static_user_filter (class=org.apache.hadoop.http.lib.StaticUserWebFilter$StaticUserFilter) to context ozoneManager
2022-05-26 08:03:23,382 [Listener at localhost/38277] INFO  http.HttpServer2 (HttpServer2.java:addFilter(1014)) - Added filter static_user_filter (class=org.apache.hadoop.http.lib.StaticUserWebFilter$StaticUserFilter) to context static
2022-05-26 08:03:23,382 [Listener at localhost/38277] INFO  http.HttpServer2 (HttpServer2.java:addFilter(1014)) - Added filter static_user_filter (class=org.apache.hadoop.http.lib.StaticUserWebFilter$StaticUserFilter) to context logs
2022-05-26 08:03:23,382 [Listener at localhost/38277] INFO  http.HttpServer2 (HttpServer2.java:bindListener(1249)) - Jetty bound to port 45205
2022-05-26 08:03:23,383 [Listener at localhost/38277] INFO  server.Server (Server.java:doStart(375)) - jetty-9.4.43.v20210629; built: 2021-06-30T11:07:22.254Z; git: 526006ecfa3af7f1a27ef3a288e2bef7ea9dd7e8; jvm 1.8.0_332-b09
2022-05-26 08:03:23,385 [omNode-3@group-523986131536-FollowerState] INFO  impl.FollowerState (FollowerState.java:run(143)) - omNode-3@group-523986131536-FollowerState: change to CANDIDATE, lastRpcElapsedTime:1056620227ns, electionTimeout:1055ms
2022-05-26 08:03:23,385 [omNode-3@group-523986131536-FollowerState] INFO  impl.RoleInfo (RoleInfo.java:shutdownFollowerState(110)) - omNode-3: shutdown omNode-3@group-523986131536-FollowerState
2022-05-26 08:03:23,386 [omNode-3@group-523986131536-FollowerState] INFO  server.RaftServer$Division (RaftServerImpl.java:setRole(299)) - omNode-3@group-523986131536: changes role from  FOLLOWER to CANDIDATE at term 2 for changeToCandidate
2022-05-26 08:03:23,386 [Listener at localhost/38277] INFO  server.session (DefaultSessionIdManager.java:doStart(334)) - DefaultSessionIdManager workerName=node0
2022-05-26 08:03:23,386 [Listener at localhost/38277] INFO  server.session (DefaultSessionIdManager.java:doStart(339)) - No SessionScavenger set, using defaults
2022-05-26 08:03:23,387 [Listener at localhost/38277] INFO  server.session (HouseKeeper.java:startScavenging(132)) - node0 Scavenging every 660000ms
2022-05-26 08:03:23,388 [Listener at localhost/38277] INFO  handler.ContextHandler (ContextHandler.java:doStart(915)) - Started o.e.j.s.ServletContextHandler@62d288af{logs,/logs,file:///home/runner/work/ozone/ozone/hadoop-ozone/integration-test/target/log,AVAILABLE}
2022-05-26 08:03:23,388 [Listener at localhost/38277] INFO  handler.ContextHandler (ContextHandler.java:doStart(915)) - Started o.e.j.s.ServletContextHandler@5b391bd2{static,/static,file:///home/runner/work/ozone/ozone/hadoop-ozone/integration-test/target/test-classes/webapps/static,AVAILABLE}
2022-05-26 08:03:23,392 [Listener at localhost/38277] INFO  handler.ContextHandler (ContextHandler.java:doStart(915)) - Started o.e.j.w.WebAppContext@2a97559f{ozoneManager,/,file:///home/runner/work/ozone/ozone/hadoop-ozone/integration-test/target/test-classes/webapps/ozoneManager/,AVAILABLE}{file:/home/runner/work/ozone/ozone/hadoop-ozone/integration-test/target/test-classes/webapps/ozoneManager}
2022-05-26 08:03:23,392 [omNode-3@group-523986131536-FollowerState] INFO  server.RaftServerConfigKeys (ConfUtils.java:logGet(46)) - raft.server.leaderelection.pre-vote = false (custom)
2022-05-26 08:03:23,392 [omNode-3@group-523986131536-FollowerState] INFO  impl.RoleInfo (RoleInfo.java:updateAndGet(139)) - omNode-3: start omNode-3@group-523986131536-LeaderElection12
2022-05-26 08:03:23,400 [Listener at localhost/38277] INFO  server.AbstractConnector (AbstractConnector.java:doStart(331)) - Started ServerConnector@2c7ac668{HTTP/1.1, (http/1.1)}{0.0.0.0:45205}
2022-05-26 08:03:23,400 [Listener at localhost/38277] INFO  server.Server (Server.java:doStart(415)) - Started @65340ms
2022-05-26 08:03:23,400 [Listener at localhost/38277] WARN  impl.MetricsSystemImpl (MetricsSystemImpl.java:register(279)) - Sink prometheus already exists!
2022-05-26 08:03:23,401 [Listener at localhost/38277] INFO  http.BaseHttpServer (BaseHttpServer.java:updateConnectorAddress(329)) - HTTP server of ozoneManager listening at http://0.0.0.0:45205
2022-05-26 08:03:23,401 [IPC Server Responder] INFO  ipc.Server (Server.java:run(1507)) - IPC Server Responder: starting
2022-05-26 08:03:23,401 [IPC Server listener on 38277] INFO  ipc.Server (Server.java:run(1344)) - IPC Server listener on 38277: starting
2022-05-26 08:03:23,402 [omNode-3@group-523986131536-LeaderElection12] INFO  impl.LeaderElection (LeaderElection.java:askForVotes(310)) - omNode-3@group-523986131536-LeaderElection12 ELECTION round 0: submit vote requests at term 3 for 7: [omNode-3|rpc:localhost:42233|admin:|client:|dataStream:|priority:0, omNode-1|rpc:localhost:40183|admin:|client:|dataStream:|priority:0, omNode-2|rpc:localhost:37413|admin:|client:|dataStream:|priority:0], old=null
2022-05-26 08:03:23,413 [Listener at localhost/38277] INFO  om.OzoneManager (OzoneManager.java:startTrashEmptier(1845)) - Trash Interval set to 0. Files deleted won't move to trash
]]></system-out>
  </testcase>
  <testcase name="testAllBucketOperations" classname="org.apache.hadoop.ozone.om.TestOzoneManagerHAMetadataOnly" time="3.565">
    <system-out><![CDATA[2022-05-26 08:03:23,425 [org.apache.hadoop.util.JvmPauseMonitor$Monitor@18370c6f] INFO  util.JvmPauseMonitor (JvmPauseMonitor.java:run(188)) - Starting JVM pause monitor
2022-05-26 08:03:23,440 [grpc-default-executor-1] INFO  server.RaftServer$Division (RaftServerImpl.java:requestVote(1152)) - omNode-2@group-523986131536: receive requestVote(ELECTION, omNode-3, group-523986131536, 3, (t:2, i:14))
2022-05-26 08:03:23,441 [grpc-default-executor-1] INFO  impl.VoteContext (VoteContext.java:log(48)) - omNode-2@group-523986131536-FOLLOWER: accept ELECTION from omNode-3: our priority 0 <= candidate's priority 0
2022-05-26 08:03:23,441 [grpc-default-executor-1] INFO  server.RaftServer$Division (RaftServerImpl.java:setRole(299)) - omNode-2@group-523986131536: changes role from  FOLLOWER to FOLLOWER at term 3 for candidate:omNode-3
2022-05-26 08:03:23,441 [grpc-default-executor-1] INFO  impl.RoleInfo (RoleInfo.java:shutdownFollowerState(110)) - omNode-2: shutdown omNode-2@group-523986131536-FollowerState
2022-05-26 08:03:23,441 [grpc-default-executor-1] INFO  impl.RoleInfo (RoleInfo.java:updateAndGet(139)) - omNode-2: start omNode-2@group-523986131536-FollowerState
2022-05-26 08:03:23,441 [omNode-2@group-523986131536-FollowerState] INFO  impl.FollowerState (FollowerState.java:run(152)) - omNode-2@group-523986131536-FollowerState was interrupted
2022-05-26 08:03:23,444 [grpc-default-executor-1] INFO  server.RaftServer$Division (RaftServerImpl.java:requestVote(1184)) - omNode-2@group-523986131536 replies to ELECTION vote request: omNode-3<-omNode-2#0:OK-t3. Peer's state: omNode-2@group-523986131536:t3, leader=null, voted=omNode-3, raftlog=omNode-2@group-523986131536-SegmentedRaftLog:OPENED:c14, conf=7: [omNode-3|rpc:localhost:42233|admin:|client:|dataStream:|priority:0, omNode-1|rpc:localhost:40183|admin:|client:|dataStream:|priority:0, omNode-2|rpc:localhost:37413|admin:|client:|dataStream:|priority:0], old=null
2022-05-26 08:03:23,445 [grpc-default-executor-0] INFO  server.RaftServer$Division (RaftServerImpl.java:requestVote(1152)) - omNode-1@group-523986131536: receive requestVote(ELECTION, omNode-3, group-523986131536, 3, (t:2, i:14))
2022-05-26 08:03:23,445 [grpc-default-executor-0] INFO  impl.VoteContext (VoteContext.java:log(48)) - omNode-1@group-523986131536-FOLLOWER: accept ELECTION from omNode-3: our priority 0 <= candidate's priority 0
2022-05-26 08:03:23,445 [grpc-default-executor-0] INFO  server.RaftServer$Division (RaftServerImpl.java:setRole(299)) - omNode-1@group-523986131536: changes role from  FOLLOWER to FOLLOWER at term 3 for candidate:omNode-3
2022-05-26 08:03:23,445 [grpc-default-executor-0] INFO  impl.RoleInfo (RoleInfo.java:shutdownFollowerState(110)) - omNode-1: shutdown omNode-1@group-523986131536-FollowerState
2022-05-26 08:03:23,445 [grpc-default-executor-0] INFO  impl.RoleInfo (RoleInfo.java:updateAndGet(139)) - omNode-1: start omNode-1@group-523986131536-FollowerState
2022-05-26 08:03:23,445 [omNode-1@group-523986131536-FollowerState] INFO  impl.FollowerState (FollowerState.java:run(152)) - omNode-1@group-523986131536-FollowerState was interrupted
2022-05-26 08:03:23,450 [grpc-default-executor-0] INFO  server.RaftServer$Division (RaftServerImpl.java:requestVote(1184)) - omNode-1@group-523986131536 replies to ELECTION vote request: omNode-3<-omNode-1#0:OK-t3. Peer's state: omNode-1@group-523986131536:t3, leader=null, voted=omNode-3, raftlog=omNode-1@group-523986131536-SegmentedRaftLog:OPENED:c14, conf=7: [omNode-3|rpc:localhost:42233|admin:|client:|dataStream:|priority:0, omNode-1|rpc:localhost:40183|admin:|client:|dataStream:|priority:0, omNode-2|rpc:localhost:37413|admin:|client:|dataStream:|priority:0], old=null
2022-05-26 08:03:23,452 [Listener at localhost/38277] INFO  rpc.RpcClient (RpcClient.java:createVolume(457)) - Creating Volume: volume40658, with user67730 as owner and space quota set to -1 bytes, counts quota set to -1
2022-05-26 08:03:23,449 [omNode-3@group-523986131536-LeaderElection12] INFO  impl.LeaderElection (LeaderElection.java:logAndReturn(90)) - omNode-3@group-523986131536-LeaderElection12: ELECTION PASSED received 1 response(s) and 0 exception(s):
2022-05-26 08:03:23,453 [omNode-3@group-523986131536-LeaderElection12] INFO  impl.LeaderElection (LeaderElection.java:logAndReturn(94)) -   Response 0: omNode-3<-omNode-2#0:OK-t3
2022-05-26 08:03:23,453 [omNode-3@group-523986131536-LeaderElection12] INFO  impl.LeaderElection (LeaderElection.java:askForVotes(312)) - omNode-3@group-523986131536-LeaderElection12 ELECTION round 0: result PASSED
2022-05-26 08:03:23,453 [omNode-3@group-523986131536-LeaderElection12] INFO  impl.RoleInfo (RoleInfo.java:shutdownLeaderElection(130)) - omNode-3: shutdown omNode-3@group-523986131536-LeaderElection12
2022-05-26 08:03:23,453 [omNode-3@group-523986131536-LeaderElection12] INFO  server.RaftServer$Division (RaftServerImpl.java:setRole(299)) - omNode-3@group-523986131536: changes role from CANDIDATE to LEADER at term 3 for changeToLeader
2022-05-26 08:03:23,453 [omNode-3@group-523986131536-LeaderElection12] INFO  server.RaftServer$Division (ServerState.java:setLeader(287)) - omNode-3@group-523986131536: change Leader from null to omNode-3 at term 3 for becomeLeader, leader elected after 1131ms
2022-05-26 08:03:23,453 [omNode-3@group-523986131536-LeaderElection12] INFO  server.RaftServerConfigKeys (ConfUtils.java:logGet(46)) - raft.server.staging.catchup.gap = 1000 (default)
2022-05-26 08:03:23,454 [omNode-3@group-523986131536-LeaderElection12] INFO  server.RaftServerConfigKeys (ConfUtils.java:logGet(46)) - raft.server.write.element-limit = 4096 (default)
2022-05-26 08:03:23,454 [omNode-3@group-523986131536-LeaderElection12] INFO  server.RaftServerConfigKeys (ConfUtils.java:logGet(46)) - raft.server.write.byte-limit = 64MB (=67108864) (default)
2022-05-26 08:03:23,454 [omNode-3@group-523986131536-LeaderElection12] INFO  server.RaftServerConfigKeys (ConfUtils.java:logGet(46)) - raft.server.watch.timeout = 10s (default)
2022-05-26 08:03:23,454 [omNode-3@group-523986131536-LeaderElection12] INFO  server.RaftServerConfigKeys (ConfUtils.java:logGet(46)) - raft.server.watch.timeout.denomination = 1s (default)
2022-05-26 08:03:23,454 [omNode-3@group-523986131536-LeaderElection12] INFO  server.RaftServerConfigKeys (ConfUtils.java:logGet(46)) - raft.server.watch.element-limit = 65536 (default)
2022-05-26 08:03:23,454 [omNode-3@group-523986131536-LeaderElection12] INFO  server.RaftServerConfigKeys (ConfUtils.java:logGet(46)) - raft.server.write.element-limit = 4096 (default)
2022-05-26 08:03:23,454 [omNode-3@group-523986131536-LeaderElection12] INFO  server.RaftServerConfigKeys (ConfUtils.java:logGet(46)) - raft.server.write.follower.gap.ratio.max = -1.0 (default)
2022-05-26 08:03:23,455 [omNode-3@group-523986131536-LeaderElection12] INFO  server.RaftServerConfigKeys (ConfUtils.java:logGet(46)) - raft.server.log.appender.snapshot.chunk.size.max = 16MB (=16777216) (default)
2022-05-26 08:03:23,455 [omNode-3@group-523986131536-LeaderElection12] INFO  server.RaftServerConfigKeys (ConfUtils.java:logGet(46)) - raft.server.log.appender.buffer.byte-limit = 33554432 (custom)
2022-05-26 08:03:23,455 [omNode-3@group-523986131536-LeaderElection12] INFO  server.RaftServerConfigKeys (ConfUtils.java:logGet(46)) - raft.server.log.appender.buffer.element-limit = 1024 (custom)
2022-05-26 08:03:23,455 [omNode-3@group-523986131536-LeaderElection12] INFO  grpc.GrpcConfigKeys (ConfUtils.java:logGet(46)) - raft.grpc.server.leader.outstanding.appends.max = 128 (default)
2022-05-26 08:03:23,455 [omNode-3@group-523986131536-LeaderElection12] INFO  server.RaftServerConfigKeys (ConfUtils.java:logGet(46)) - raft.server.rpc.request.timeout = 3000ms (default)
2022-05-26 08:03:23,455 [omNode-3@group-523986131536-LeaderElection12] INFO  server.RaftServerConfigKeys (ConfUtils.java:logGet(46)) - raft.server.log.appender.install.snapshot.enabled = false (custom)
2022-05-26 08:03:23,460 [Listener at localhost/38277] INFO  retry.RetryInvocationHandler (RetryInvocationHandler.java:log(411)) - com.google.protobuf.ServiceException: java.io.EOFException: End of File Exception between local host is: "fv-az35-51/10.1.0.14"; destination host is: "localhost":46875; : java.io.EOFException; For more details see:  http://wiki.apache.org/hadoop/EOFException, while invoking $Proxy54.submitRequest over nodeId=omNode-3,nodeAddress=127.0.0.1:46875. Trying to failover after sleeping for 2000ms.
2022-05-26 08:03:23,461 [omNode-3@group-523986131536-LeaderElection12] INFO  server.RaftServerConfigKeys (ConfUtils.java:logGet(46)) - raft.server.log.appender.snapshot.chunk.size.max = 16MB (=16777216) (default)
2022-05-26 08:03:23,461 [omNode-3@group-523986131536-LeaderElection12] INFO  server.RaftServerConfigKeys (ConfUtils.java:logGet(46)) - raft.server.log.appender.buffer.byte-limit = 33554432 (custom)
2022-05-26 08:03:23,461 [omNode-3@group-523986131536-LeaderElection12] INFO  server.RaftServerConfigKeys (ConfUtils.java:logGet(46)) - raft.server.log.appender.buffer.element-limit = 1024 (custom)
2022-05-26 08:03:23,461 [omNode-3@group-523986131536-LeaderElection12] INFO  grpc.GrpcConfigKeys (ConfUtils.java:logGet(46)) - raft.grpc.server.leader.outstanding.appends.max = 128 (default)
2022-05-26 08:03:23,461 [omNode-3@group-523986131536-LeaderElection12] INFO  server.RaftServerConfigKeys (ConfUtils.java:logGet(46)) - raft.server.rpc.request.timeout = 3000ms (default)
2022-05-26 08:03:23,461 [omNode-3@group-523986131536-LeaderElection12] INFO  server.RaftServerConfigKeys (ConfUtils.java:logGet(46)) - raft.server.log.appender.install.snapshot.enabled = false (custom)
2022-05-26 08:03:23,461 [omNode-3@group-523986131536-LeaderElection12] INFO  impl.RoleInfo (RoleInfo.java:updateAndGet(139)) - omNode-3: start omNode-3@group-523986131536-LeaderStateImpl
2022-05-26 08:03:23,462 [omNode-3@group-523986131536-LeaderElection12] INFO  segmented.SegmentedRaftLogWorker (SegmentedRaftLogWorker.java:rollLogSegment(430)) - omNode-3@group-523986131536-SegmentedRaftLogWorker: Rolling segment log-7_14 to index:14
2022-05-26 08:03:23,462 [omNode-3@group-523986131536-SegmentedRaftLogWorker] INFO  segmented.SegmentedRaftLogWorker (SegmentedRaftLogWorker.java:execute(586)) - omNode-3@group-523986131536-SegmentedRaftLogWorker: Rolled log segment from /home/runner/work/ozone/ozone/hadoop-ozone/integration-test/target/test-dir/MiniOzoneClusterImpl-17bb6255-4ab1-443a-98be-5fd7627ecb82/omNode-3/ratis/c9bc4cf4-3bc3-3c60-a66b-523986131536/current/log_inprogress_7 to /home/runner/work/ozone/ozone/hadoop-ozone/integration-test/target/test-dir/MiniOzoneClusterImpl-17bb6255-4ab1-443a-98be-5fd7627ecb82/omNode-3/ratis/c9bc4cf4-3bc3-3c60-a66b-523986131536/current/log_7-14
2022-05-26 08:03:23,469 [omNode-3@group-523986131536-LeaderElection12] INFO  server.RaftServer$Division (ServerState.java:setRaftConf(393)) - omNode-3@group-523986131536: set configuration 15: [omNode-3|rpc:localhost:42233|admin:|client:|dataStream:|priority:0, omNode-1|rpc:localhost:40183|admin:|client:|dataStream:|priority:0, omNode-2|rpc:localhost:37413|admin:|client:|dataStream:|priority:0], old=null
2022-05-26 08:03:23,484 [omNode-1-server-thread1] INFO  server.RaftServer$Division (ServerState.java:setLeader(287)) - omNode-1@group-523986131536: change Leader from null to omNode-3 at term 3 for appendEntries, leader elected after 751ms
2022-05-26 08:03:23,484 [omNode-3@group-523986131536-SegmentedRaftLogWorker] INFO  segmented.SegmentedRaftLogWorker (SegmentedRaftLogWorker.java:execute(629)) - omNode-3@group-523986131536-SegmentedRaftLogWorker: created new log segment /home/runner/work/ozone/ozone/hadoop-ozone/integration-test/target/test-dir/MiniOzoneClusterImpl-17bb6255-4ab1-443a-98be-5fd7627ecb82/omNode-3/ratis/c9bc4cf4-3bc3-3c60-a66b-523986131536/current/log_inprogress_15
2022-05-26 08:03:23,488 [omNode-2-server-thread1] INFO  server.RaftServer$Division (ServerState.java:setLeader(287)) - omNode-2@group-523986131536: change Leader from null to omNode-3 at term 3 for appendEntries, leader elected after 412ms
2022-05-26 08:03:23,489 [omNode-1-server-thread1] INFO  server.RaftServer$Division (ServerState.java:setRaftConf(393)) - omNode-1@group-523986131536: set configuration 15: [omNode-3|rpc:localhost:42233|admin:|client:|dataStream:|priority:0, omNode-1|rpc:localhost:40183|admin:|client:|dataStream:|priority:0, omNode-2|rpc:localhost:37413|admin:|client:|dataStream:|priority:0], old=null
2022-05-26 08:03:23,489 [omNode-1-server-thread1] INFO  segmented.SegmentedRaftLogWorker (SegmentedRaftLogWorker.java:rollLogSegment(430)) - omNode-1@group-523986131536-SegmentedRaftLogWorker: Rolling segment log-7_14 to index:14
2022-05-26 08:03:23,492 [omNode-1@group-523986131536-SegmentedRaftLogWorker] INFO  segmented.SegmentedRaftLogWorker (SegmentedRaftLogWorker.java:execute(586)) - omNode-1@group-523986131536-SegmentedRaftLogWorker: Rolled log segment from /home/runner/work/ozone/ozone/hadoop-ozone/integration-test/target/test-dir/MiniOzoneClusterImpl-17bb6255-4ab1-443a-98be-5fd7627ecb82/omNode-1/ratis/c9bc4cf4-3bc3-3c60-a66b-523986131536/current/log_inprogress_7 to /home/runner/work/ozone/ozone/hadoop-ozone/integration-test/target/test-dir/MiniOzoneClusterImpl-17bb6255-4ab1-443a-98be-5fd7627ecb82/omNode-1/ratis/c9bc4cf4-3bc3-3c60-a66b-523986131536/current/log_7-14
2022-05-26 08:03:23,498 [omNode-2-server-thread1] INFO  server.RaftServer$Division (ServerState.java:setRaftConf(393)) - omNode-2@group-523986131536: set configuration 15: [omNode-3|rpc:localhost:42233|admin:|client:|dataStream:|priority:0, omNode-1|rpc:localhost:40183|admin:|client:|dataStream:|priority:0, omNode-2|rpc:localhost:37413|admin:|client:|dataStream:|priority:0], old=null
2022-05-26 08:03:23,498 [omNode-2-server-thread1] INFO  segmented.SegmentedRaftLogWorker (SegmentedRaftLogWorker.java:rollLogSegment(430)) - omNode-2@group-523986131536-SegmentedRaftLogWorker: Rolling segment log-7_14 to index:14
2022-05-26 08:03:23,499 [omNode-2@group-523986131536-SegmentedRaftLogWorker] INFO  segmented.SegmentedRaftLogWorker (SegmentedRaftLogWorker.java:execute(586)) - omNode-2@group-523986131536-SegmentedRaftLogWorker: Rolled log segment from /home/runner/work/ozone/ozone/hadoop-ozone/integration-test/target/test-dir/MiniOzoneClusterImpl-17bb6255-4ab1-443a-98be-5fd7627ecb82/omNode-2/ratis/c9bc4cf4-3bc3-3c60-a66b-523986131536/current/log_inprogress_7 to /home/runner/work/ozone/ozone/hadoop-ozone/integration-test/target/test-dir/MiniOzoneClusterImpl-17bb6255-4ab1-443a-98be-5fd7627ecb82/omNode-2/ratis/c9bc4cf4-3bc3-3c60-a66b-523986131536/current/log_7-14
2022-05-26 08:03:23,505 [omNode-1@group-523986131536-SegmentedRaftLogWorker] INFO  segmented.SegmentedRaftLogWorker (SegmentedRaftLogWorker.java:execute(629)) - omNode-1@group-523986131536-SegmentedRaftLogWorker: created new log segment /home/runner/work/ozone/ozone/hadoop-ozone/integration-test/target/test-dir/MiniOzoneClusterImpl-17bb6255-4ab1-443a-98be-5fd7627ecb82/omNode-1/ratis/c9bc4cf4-3bc3-3c60-a66b-523986131536/current/log_inprogress_15
2022-05-26 08:03:23,508 [omNode-3@group-523986131536-StateMachineUpdater] INFO  ratis.OzoneManagerStateMachine (OzoneManagerStateMachine.java:notifyConfigurationChanged(191)) - Received Configuration change notification from Ratis. New Peer list:
[id: "omNode-3"
address: "localhost:42233"
, id: "omNode-1"
address: "localhost:40183"
, id: "omNode-2"
address: "localhost:37413"
]
2022-05-26 08:03:23,515 [omNode-1@group-523986131536-StateMachineUpdater] INFO  ratis.OzoneManagerStateMachine (OzoneManagerStateMachine.java:notifyConfigurationChanged(191)) - Received Configuration change notification from Ratis. New Peer list:
[id: "omNode-3"
address: "localhost:42233"
, id: "omNode-1"
address: "localhost:40183"
, id: "omNode-2"
address: "localhost:37413"
]
2022-05-26 08:03:23,516 [omNode-2@group-523986131536-SegmentedRaftLogWorker] INFO  segmented.SegmentedRaftLogWorker (SegmentedRaftLogWorker.java:execute(629)) - omNode-2@group-523986131536-SegmentedRaftLogWorker: created new log segment /home/runner/work/ozone/ozone/hadoop-ozone/integration-test/target/test-dir/MiniOzoneClusterImpl-17bb6255-4ab1-443a-98be-5fd7627ecb82/omNode-2/ratis/c9bc4cf4-3bc3-3c60-a66b-523986131536/current/log_inprogress_15
2022-05-26 08:03:23,523 [omNode-2@group-523986131536-StateMachineUpdater] INFO  ratis.OzoneManagerStateMachine (OzoneManagerStateMachine.java:notifyConfigurationChanged(191)) - Received Configuration change notification from Ratis. New Peer list:
[id: "omNode-3"
address: "localhost:42233"
, id: "omNode-1"
address: "localhost:40183"
, id: "omNode-2"
address: "localhost:37413"
]
2022-05-26 08:03:25,469 [Listener at localhost/38277] INFO  retry.RetryInvocationHandler (RetryInvocationHandler.java:log(411)) - com.google.protobuf.ServiceException: org.apache.hadoop.ipc.RemoteException(org.apache.hadoop.ozone.om.exceptions.OMNotLeaderException): OM:omNode-1 is not the leader. Could not determine the leader node.
	at org.apache.hadoop.ozone.om.ratis.utils.OzoneManagerRatisUtils.createNotLeaderException(OzoneManagerRatisUtils.java:425)
	at org.apache.hadoop.ozone.om.ratis.utils.OzoneManagerRatisUtils.checkLeaderStatus(OzoneManagerRatisUtils.java:411)
	at org.apache.hadoop.ozone.protocolPB.OzoneManagerProtocolServerSideTranslatorPB.checkLeaderStatus(OzoneManagerProtocolServerSideTranslatorPB.java:304)
	at org.apache.hadoop.ozone.protocolPB.OzoneManagerProtocolServerSideTranslatorPB.processRequest(OzoneManagerProtocolServerSideTranslatorPB.java:183)
	at org.apache.hadoop.hdds.server.OzoneProtocolMessageDispatcher.processRequest(OzoneProtocolMessageDispatcher.java:87)
	at org.apache.hadoop.ozone.protocolPB.OzoneManagerProtocolServerSideTranslatorPB.submitRequest(OzoneManagerProtocolServerSideTranslatorPB.java:147)
	at org.apache.hadoop.ozone.protocol.proto.OzoneManagerProtocolProtos$OzoneManagerService$2.callBlockingMethod(OzoneManagerProtocolProtos.java)
	at org.apache.hadoop.ipc.ProtobufRpcEngine$Server.processCall(ProtobufRpcEngine.java:466)
	at org.apache.hadoop.ipc.ProtobufRpcEngine2$Server$ProtoBufRpcInvoker.call(ProtobufRpcEngine2.java:574)
	at org.apache.hadoop.ipc.ProtobufRpcEngine2$Server$ProtoBufRpcInvoker.call(ProtobufRpcEngine2.java:552)
	at org.apache.hadoop.ipc.RPC$Server.call(RPC.java:1093)
	at org.apache.hadoop.ipc.Server$RpcCall.run(Server.java:1035)
	at org.apache.hadoop.ipc.Server$RpcCall.run(Server.java:963)
	at java.security.AccessController.doPrivileged(Native Method)
	at javax.security.auth.Subject.doAs(Subject.java:422)
	at org.apache.hadoop.security.UserGroupInformation.doAs(UserGroupInformation.java:1878)
	at org.apache.hadoop.ipc.Server$Handler.run(Server.java:2966)
, while invoking $Proxy54.submitRequest over nodeId=omNode-1,nodeAddress=127.0.0.1:38409 after 1 failover attempts. Trying to failover immediately.
2022-05-26 08:03:25,473 [Listener at localhost/38277] INFO  retry.RetryInvocationHandler (RetryInvocationHandler.java:log(411)) - com.google.protobuf.ServiceException: org.apache.hadoop.ipc.RemoteException(org.apache.hadoop.ozone.om.exceptions.OMNotLeaderException): OM:omNode-2 is not the leader. Could not determine the leader node.
	at org.apache.hadoop.ozone.om.ratis.utils.OzoneManagerRatisUtils.createNotLeaderException(OzoneManagerRatisUtils.java:425)
	at org.apache.hadoop.ozone.om.ratis.utils.OzoneManagerRatisUtils.checkLeaderStatus(OzoneManagerRatisUtils.java:411)
	at org.apache.hadoop.ozone.protocolPB.OzoneManagerProtocolServerSideTranslatorPB.checkLeaderStatus(OzoneManagerProtocolServerSideTranslatorPB.java:304)
	at org.apache.hadoop.ozone.protocolPB.OzoneManagerProtocolServerSideTranslatorPB.processRequest(OzoneManagerProtocolServerSideTranslatorPB.java:183)
	at org.apache.hadoop.hdds.server.OzoneProtocolMessageDispatcher.processRequest(OzoneProtocolMessageDispatcher.java:87)
	at org.apache.hadoop.ozone.protocolPB.OzoneManagerProtocolServerSideTranslatorPB.submitRequest(OzoneManagerProtocolServerSideTranslatorPB.java:147)
	at org.apache.hadoop.ozone.protocol.proto.OzoneManagerProtocolProtos$OzoneManagerService$2.callBlockingMethod(OzoneManagerProtocolProtos.java)
	at org.apache.hadoop.ipc.ProtobufRpcEngine$Server.processCall(ProtobufRpcEngine.java:466)
	at org.apache.hadoop.ipc.ProtobufRpcEngine2$Server$ProtoBufRpcInvoker.call(ProtobufRpcEngine2.java:574)
	at org.apache.hadoop.ipc.ProtobufRpcEngine2$Server$ProtoBufRpcInvoker.call(ProtobufRpcEngine2.java:552)
	at org.apache.hadoop.ipc.RPC$Server.call(RPC.java:1093)
	at org.apache.hadoop.ipc.Server$RpcCall.run(Server.java:1035)
	at org.apache.hadoop.ipc.Server$RpcCall.run(Server.java:963)
	at java.security.AccessController.doPrivileged(Native Method)
	at javax.security.auth.Subject.doAs(Subject.java:422)
	at org.apache.hadoop.security.UserGroupInformation.doAs(UserGroupInformation.java:1878)
	at org.apache.hadoop.ipc.Server$Handler.run(Server.java:2966)
, while invoking $Proxy54.submitRequest over nodeId=omNode-2,nodeAddress=127.0.0.1:38277 after 2 failover attempts. Trying to failover immediately.
2022-05-26 08:03:25,508 [OM StateMachine ApplyTransaction Thread - 0] INFO  volume.OMVolumeCreateRequest (OMVolumeCreateRequest.java:validateAndUpdateCache(195)) - created volume:volume40658 for user:user67730
2022-05-26 08:03:25,514 [OM StateMachine ApplyTransaction Thread - 0] INFO  volume.OMVolumeCreateRequest (OMVolumeCreateRequest.java:validateAndUpdateCache(195)) - created volume:volume40658 for user:user67730
2022-05-26 08:03:25,517 [OM StateMachine ApplyTransaction Thread - 0] INFO  volume.OMVolumeCreateRequest (OMVolumeCreateRequest.java:validateAndUpdateCache(195)) - created volume:volume40658 for user:user67730
2022-05-26 08:03:25,522 [Listener at localhost/38277] INFO  rpc.RpcClient (RpcClient.java:createBucket(646)) - Creating Bucket: volume40658/volume23849, with runner as owner and Versioning true and Storage Type set to DISK and Encryption set to false 
2022-05-26 08:03:25,539 [OM StateMachine ApplyTransaction Thread - 0] INFO  bucket.OMBucketCreateRequest (OMBucketCreateRequest.java:validateAndUpdateCache(258)) - created bucket: volume23849 of layout LEGACY in volume: volume40658
2022-05-26 08:03:25,554 [OM StateMachine ApplyTransaction Thread - 0] INFO  bucket.OMBucketCreateRequest (OMBucketCreateRequest.java:validateAndUpdateCache(258)) - created bucket: volume23849 of layout LEGACY in volume: volume40658
2022-05-26 08:03:25,557 [OM StateMachine ApplyTransaction Thread - 0] INFO  bucket.OMBucketCreateRequest (OMBucketCreateRequest.java:validateAndUpdateCache(258)) - created bucket: volume23849 of layout LEGACY in volume: volume40658
08:03:25.594 [OM StateMachine ApplyTransaction Thread - 0] ERROR OMAudit - user=runner | ip=127.0.0.1 | op=DELETE_BUCKET {volume=volume40658, bucket=volume23849} | ret=FAILURE
org.apache.hadoop.ozone.om.exceptions.OMException: Bucket not found
	at org.apache.hadoop.ozone.om.OzoneManager.getBucketOwner(OzoneManager.java:2432) ~[ozone-manager-1.3.0-SNAPSHOT.jar:?]
	at org.apache.hadoop.ozone.om.OzoneManager.getBucketOwner(OzoneManager.java:2402) ~[ozone-manager-1.3.0-SNAPSHOT.jar:?]
	at org.apache.hadoop.ozone.om.request.OMClientRequest.checkAcls(OMClientRequest.java:205) ~[ozone-manager-1.3.0-SNAPSHOT.jar:?]
	at org.apache.hadoop.ozone.om.request.bucket.OMBucketDeleteRequest.validateAndUpdateCache(OMBucketDeleteRequest.java:108) ~[ozone-manager-1.3.0-SNAPSHOT.jar:?]
	at org.apache.hadoop.ozone.protocolPB.OzoneManagerRequestHandler.handleWriteRequest(OzoneManagerRequestHandler.java:258) ~[ozone-manager-1.3.0-SNAPSHOT.jar:?]
	at org.apache.hadoop.ozone.om.ratis.OzoneManagerStateMachine.runCommand(OzoneManagerStateMachine.java:524) ~[ozone-manager-1.3.0-SNAPSHOT.jar:?]
	at org.apache.hadoop.ozone.om.ratis.OzoneManagerStateMachine.lambda$1(OzoneManagerStateMachine.java:319) ~[ozone-manager-1.3.0-SNAPSHOT.jar:?]
	at java.util.concurrent.CompletableFuture$AsyncSupply.run(CompletableFuture.java:1604) [?:1.8.0_332]
	at java.util.concurrent.ThreadPoolExecutor.runWorker(ThreadPoolExecutor.java:1149) [?:1.8.0_332]
	at java.util.concurrent.ThreadPoolExecutor$Worker.run(ThreadPoolExecutor.java:624) [?:1.8.0_332]
	at java.lang.Thread.run(Thread.java:750) [?:1.8.0_332]
2022-05-26 08:03:25,594 [OM StateMachine ApplyTransaction Thread - 0] ERROR bucket.OMBucketDeleteRequest (OMBucketDeleteRequest.java:validateAndUpdateCache(195)) - Delete bucket failed for bucket:volume23849 in volume:volume40658
BUCKET_NOT_FOUND org.apache.hadoop.ozone.om.exceptions.OMException: Bucket not found
	at org.apache.hadoop.ozone.om.OzoneManager.getBucketOwner(OzoneManager.java:2432)
	at org.apache.hadoop.ozone.om.OzoneManager.getBucketOwner(OzoneManager.java:2402)
	at org.apache.hadoop.ozone.om.request.OMClientRequest.checkAcls(OMClientRequest.java:205)
	at org.apache.hadoop.ozone.om.request.bucket.OMBucketDeleteRequest.validateAndUpdateCache(OMBucketDeleteRequest.java:108)
	at org.apache.hadoop.ozone.protocolPB.OzoneManagerRequestHandler.handleWriteRequest(OzoneManagerRequestHandler.java:258)
	at org.apache.hadoop.ozone.om.ratis.OzoneManagerStateMachine.runCommand(OzoneManagerStateMachine.java:524)
	at org.apache.hadoop.ozone.om.ratis.OzoneManagerStateMachine.lambda$1(OzoneManagerStateMachine.java:319)
	at java.util.concurrent.CompletableFuture$AsyncSupply.run(CompletableFuture.java:1604)
	at java.util.concurrent.ThreadPoolExecutor.runWorker(ThreadPoolExecutor.java:1149)
	at java.util.concurrent.ThreadPoolExecutor$Worker.run(ThreadPoolExecutor.java:624)
	at java.lang.Thread.run(Thread.java:750)
2022-05-26 08:03:25,595 [Listener at localhost/38277] INFO  om.OzoneManager (OzoneManager.java:stop(1960)) - omNode-3[localhost:46875]: Stopping Ozone Manager
2022-05-26 08:03:25,595 [Listener at localhost/38277] INFO  ipc.Server (Server.java:stop(3414)) - Stopping server on 46875
2022-05-26 08:03:25,600 [IPC Server Responder] INFO  ipc.Server (Server.java:run(1512)) - Stopping IPC Server Responder
2022-05-26 08:03:25,600 [IPC Server listener on 46875] INFO  ipc.Server (Server.java:run(1376)) - Stopping IPC Server listener on 46875
2022-05-26 08:03:25,602 [Listener at localhost/38277] INFO  server.RaftServer (RaftServerProxy.java:lambda$close$7(398)) - omNode-3: close
2022-05-26 08:03:25,602 [Listener at localhost/38277] INFO  server.RaftServer$Division (RaftServerImpl.java:lambda$close$4(434)) - omNode-3@group-523986131536: shutdown
2022-05-26 08:03:25,602 [Listener at localhost/38277] INFO  util.JmxRegister (JmxRegister.java:unregister(73)) - Successfully un-registered JMX Bean with object name Ratis:service=RaftServer,group=group-523986131536,id=omNode-3
2022-05-26 08:03:25,602 [Listener at localhost/38277] INFO  impl.RoleInfo (RoleInfo.java:shutdownLeaderState(93)) - omNode-3: shutdown omNode-3@group-523986131536-LeaderStateImpl
2022-05-26 08:03:25,603 [Listener at localhost/38277] INFO  impl.PendingRequests (PendingRequests.java:sendNotLeaderResponses(282)) - omNode-3@group-523986131536-PendingRequests: sendNotLeaderResponses
2022-05-26 08:03:25,604 [Listener at localhost/38277] INFO  impl.StateMachineUpdater (StateMachineUpdater.java:stopAndJoin(153)) - omNode-3@group-523986131536-StateMachineUpdater: set stopIndex = 25
08:03:25.604 [OM StateMachine ApplyTransaction Thread - 0] ERROR OMAudit - user=runner | ip=127.0.0.1 | op=DELETE_BUCKET {volume=volume40658, bucket=volume23849} | ret=FAILURE
org.apache.hadoop.ozone.om.exceptions.OMException: Bucket not found
	at org.apache.hadoop.ozone.om.OzoneManager.getBucketOwner(OzoneManager.java:2432) ~[ozone-manager-1.3.0-SNAPSHOT.jar:?]
	at org.apache.hadoop.ozone.om.OzoneManager.getBucketOwner(OzoneManager.java:2402) ~[ozone-manager-1.3.0-SNAPSHOT.jar:?]
	at org.apache.hadoop.ozone.om.request.OMClientRequest.checkAcls(OMClientRequest.java:205) ~[ozone-manager-1.3.0-SNAPSHOT.jar:?]
	at org.apache.hadoop.ozone.om.request.bucket.OMBucketDeleteRequest.validateAndUpdateCache(OMBucketDeleteRequest.java:108) ~[ozone-manager-1.3.0-SNAPSHOT.jar:?]
	at org.apache.hadoop.ozone.protocolPB.OzoneManagerRequestHandler.handleWriteRequest(OzoneManagerRequestHandler.java:258) ~[ozone-manager-1.3.0-SNAPSHOT.jar:?]
	at org.apache.hadoop.ozone.om.ratis.OzoneManagerStateMachine.runCommand(OzoneManagerStateMachine.java:524) ~[ozone-manager-1.3.0-SNAPSHOT.jar:?]
	at org.apache.hadoop.ozone.om.ratis.OzoneManagerStateMachine.lambda$1(OzoneManagerStateMachine.java:319) ~[ozone-manager-1.3.0-SNAPSHOT.jar:?]
	at java.util.concurrent.CompletableFuture$AsyncSupply.run(CompletableFuture.java:1604) [?:1.8.0_332]
	at java.util.concurrent.ThreadPoolExecutor.runWorker(ThreadPoolExecutor.java:1149) [?:1.8.0_332]
	at java.util.concurrent.ThreadPoolExecutor$Worker.run(ThreadPoolExecutor.java:624) [?:1.8.0_332]
	at java.lang.Thread.run(Thread.java:750) [?:1.8.0_332]
2022-05-26 08:03:25,605 [omNode-3@group-523986131536-StateMachineUpdater] INFO  ratis.OzoneManagerStateMachine (OzoneManagerStateMachine.java:takeSnapshot(436)) - Current Snapshot Index (t:3, i:25)
2022-05-26 08:03:25,605 [omNode-3@group-523986131536-StateMachineUpdater] INFO  impl.StateMachineUpdater (StateMachineUpdater.java:takeSnapshot(287)) - omNode-3@group-523986131536-StateMachineUpdater: Took a snapshot at index 25
2022-05-26 08:03:25,605 [omNode-3@group-523986131536-StateMachineUpdater] INFO  impl.StateMachineUpdater (StateMachineUpdater.java:lambda$new$0(92)) - omNode-3@group-523986131536-StateMachineUpdater: snapshotIndex: updateIncreasingly 14 -> 25
2022-05-26 08:03:25,606 [omNode-3@group-523986131536-StateMachineUpdater] INFO  ratis.OzoneManagerStateMachine (OzoneManagerStateMachine.java:close(490)) - StateMachine has shutdown. Shutdown OzoneManager if not already shutdown.
2022-05-26 08:03:25,606 [omNode-3@group-523986131536-StateMachineUpdater] INFO  ratis.OzoneManagerDoubleBuffer (OzoneManagerDoubleBuffer.java:stop(465)) - Stopping OMDoubleBuffer flush thread
2022-05-26 08:03:25,605 [omNode-3@group-523986131536->omNode-1-GrpcLogAppender-LogAppenderDaemon] WARN  server.GrpcLogAppender (GrpcLogAppender.java:mayWait(171)) - omNode-3@group-523986131536->omNode-1-GrpcLogAppender: Wait interrupted by java.lang.InterruptedException
2022-05-26 08:03:25,605 [omNode-3@group-523986131536->omNode-2-GrpcLogAppender-LogAppenderDaemon] WARN  server.GrpcLogAppender (GrpcLogAppender.java:mayWait(171)) - omNode-3@group-523986131536->omNode-2-GrpcLogAppender: Wait interrupted by java.lang.InterruptedException
2022-05-26 08:03:25,605 [OM StateMachine ApplyTransaction Thread - 0] ERROR bucket.OMBucketDeleteRequest (OMBucketDeleteRequest.java:validateAndUpdateCache(195)) - Delete bucket failed for bucket:volume23849 in volume:volume40658
BUCKET_NOT_FOUND org.apache.hadoop.ozone.om.exceptions.OMException: Bucket not found
	at org.apache.hadoop.ozone.om.OzoneManager.getBucketOwner(OzoneManager.java:2432)
	at org.apache.hadoop.ozone.om.OzoneManager.getBucketOwner(OzoneManager.java:2402)
	at org.apache.hadoop.ozone.om.request.OMClientRequest.checkAcls(OMClientRequest.java:205)
	at org.apache.hadoop.ozone.om.request.bucket.OMBucketDeleteRequest.validateAndUpdateCache(OMBucketDeleteRequest.java:108)
	at org.apache.hadoop.ozone.protocolPB.OzoneManagerRequestHandler.handleWriteRequest(OzoneManagerRequestHandler.java:258)
	at org.apache.hadoop.ozone.om.ratis.OzoneManagerStateMachine.runCommand(OzoneManagerStateMachine.java:524)
	at org.apache.hadoop.ozone.om.ratis.OzoneManagerStateMachine.lambda$1(OzoneManagerStateMachine.java:319)
	at java.util.concurrent.CompletableFuture$AsyncSupply.run(CompletableFuture.java:1604)
	at java.util.concurrent.ThreadPoolExecutor.runWorker(ThreadPoolExecutor.java:1149)
	at java.util.concurrent.ThreadPoolExecutor$Worker.run(ThreadPoolExecutor.java:624)
	at java.lang.Thread.run(Thread.java:750)
2022-05-26 08:03:25,606 [OMDoubleBufferFlushThread] INFO  ratis.OzoneManagerDoubleBuffer (OzoneManagerDoubleBuffer.java:flushTransactions(385)) - OMDoubleBuffer flush thread OMDoubleBufferFlushThread is interrupted and will exit.
2022-05-26 08:03:25,609 [grpc-default-executor-0] INFO  server.GrpcServerProtocolService (GrpcServerProtocolService.java:onCompleted(140)) - omNode-1: Completed APPEND_ENTRIES, lastRequest: omNode-3->omNode-1#79-t3,previous=(t:3, i:25),leaderCommit=25,initializing? true,entries: size=1, first=(t:3, i:26), METADATAENTRY(c:25)
2022-05-26 08:03:25,610 [grpc-default-executor-1] INFO  server.GrpcLogAppender (GrpcLogAppender.java:onCompleted(339)) - omNode-3@group-523986131536->omNode-1-AppendLogResponseHandler: follower responses appendEntries COMPLETED
2022-05-26 08:03:25,610 [grpc-default-executor-3] INFO  server.GrpcServerProtocolService (GrpcServerProtocolService.java:onCompleted(140)) - omNode-2: Completed APPEND_ENTRIES, lastRequest: omNode-3->omNode-2#87-t3,previous=(t:3, i:25),leaderCommit=25,initializing? true,entries: size=1, first=(t:3, i:26), METADATAENTRY(c:25)
2022-05-26 08:03:25,610 [grpc-default-executor-1] INFO  leader.FollowerInfo (FollowerInfoImpl.java:lambda$new$0(48)) - omNode-3@group-523986131536->omNode-1: nextIndex: updateUnconditionally 27 -> 26
2022-05-26 08:03:25,610 [grpc-default-executor-1] INFO  server.GrpcLogAppender (GrpcLogAppender.java:onCompleted(339)) - omNode-3@group-523986131536->omNode-2-AppendLogResponseHandler: follower responses appendEntries COMPLETED
2022-05-26 08:03:25,610 [Listener at localhost/38277] INFO  server.RaftServer$Division (ServerState.java:close(429)) - omNode-3@group-523986131536: closes. applyIndex: 25
2022-05-26 08:03:25,610 [grpc-default-executor-1] INFO  leader.FollowerInfo (FollowerInfoImpl.java:lambda$new$0(48)) - omNode-3@group-523986131536->omNode-2: nextIndex: updateUnconditionally 27 -> 26
2022-05-26 08:03:25,611 [omNode-3@group-523986131536-SegmentedRaftLogWorker] INFO  segmented.SegmentedRaftLogWorker (SegmentedRaftLogWorker.java:run(336)) - omNode-3@group-523986131536-SegmentedRaftLogWorker was interrupted, exiting. There are 0 tasks remaining in the queue.
2022-05-26 08:03:25,614 [Listener at localhost/38277] INFO  segmented.SegmentedRaftLogWorker (SegmentedRaftLogWorker.java:close(246)) - omNode-3@group-523986131536-SegmentedRaftLogWorker close()
2022-05-26 08:03:25,617 [Listener at localhost/38277] INFO  server.GrpcService (GrpcService.java:closeImpl(269)) - omNode-3: shutdown server with port 42233 now
08:03:25.617 [OM StateMachine ApplyTransaction Thread - 0] ERROR OMAudit - user=runner | ip=127.0.0.1 | op=DELETE_BUCKET {volume=volume40658, bucket=volume23849} | ret=FAILURE
org.apache.hadoop.ozone.om.exceptions.OMException: Bucket not found
	at org.apache.hadoop.ozone.om.OzoneManager.getBucketOwner(OzoneManager.java:2432) ~[ozone-manager-1.3.0-SNAPSHOT.jar:?]
	at org.apache.hadoop.ozone.om.OzoneManager.getBucketOwner(OzoneManager.java:2402) ~[ozone-manager-1.3.0-SNAPSHOT.jar:?]
	at org.apache.hadoop.ozone.om.request.OMClientRequest.checkAcls(OMClientRequest.java:205) ~[ozone-manager-1.3.0-SNAPSHOT.jar:?]
	at org.apache.hadoop.ozone.om.request.bucket.OMBucketDeleteRequest.validateAndUpdateCache(OMBucketDeleteRequest.java:108) ~[ozone-manager-1.3.0-SNAPSHOT.jar:?]
	at org.apache.hadoop.ozone.protocolPB.OzoneManagerRequestHandler.handleWriteRequest(OzoneManagerRequestHandler.java:258) ~[ozone-manager-1.3.0-SNAPSHOT.jar:?]
	at org.apache.hadoop.ozone.om.ratis.OzoneManagerStateMachine.runCommand(OzoneManagerStateMachine.java:524) ~[ozone-manager-1.3.0-SNAPSHOT.jar:?]
	at org.apache.hadoop.ozone.om.ratis.OzoneManagerStateMachine.lambda$1(OzoneManagerStateMachine.java:319) ~[ozone-manager-1.3.0-SNAPSHOT.jar:?]
	at java.util.concurrent.CompletableFuture$AsyncSupply.run(CompletableFuture.java:1604) [?:1.8.0_332]
	at java.util.concurrent.ThreadPoolExecutor.runWorker(ThreadPoolExecutor.java:1149) [?:1.8.0_332]
	at java.util.concurrent.ThreadPoolExecutor$Worker.run(ThreadPoolExecutor.java:624) [?:1.8.0_332]
	at java.lang.Thread.run(Thread.java:750) [?:1.8.0_332]
2022-05-26 08:03:25,618 [OM StateMachine ApplyTransaction Thread - 0] ERROR bucket.OMBucketDeleteRequest (OMBucketDeleteRequest.java:validateAndUpdateCache(195)) - Delete bucket failed for bucket:volume23849 in volume:volume40658
BUCKET_NOT_FOUND org.apache.hadoop.ozone.om.exceptions.OMException: Bucket not found
	at org.apache.hadoop.ozone.om.OzoneManager.getBucketOwner(OzoneManager.java:2432)
	at org.apache.hadoop.ozone.om.OzoneManager.getBucketOwner(OzoneManager.java:2402)
	at org.apache.hadoop.ozone.om.request.OMClientRequest.checkAcls(OMClientRequest.java:205)
	at org.apache.hadoop.ozone.om.request.bucket.OMBucketDeleteRequest.validateAndUpdateCache(OMBucketDeleteRequest.java:108)
	at org.apache.hadoop.ozone.protocolPB.OzoneManagerRequestHandler.handleWriteRequest(OzoneManagerRequestHandler.java:258)
	at org.apache.hadoop.ozone.om.ratis.OzoneManagerStateMachine.runCommand(OzoneManagerStateMachine.java:524)
	at org.apache.hadoop.ozone.om.ratis.OzoneManagerStateMachine.lambda$1(OzoneManagerStateMachine.java:319)
	at java.util.concurrent.CompletableFuture$AsyncSupply.run(CompletableFuture.java:1604)
	at java.util.concurrent.ThreadPoolExecutor.runWorker(ThreadPoolExecutor.java:1149)
	at java.util.concurrent.ThreadPoolExecutor$Worker.run(ThreadPoolExecutor.java:624)
	at java.lang.Thread.run(Thread.java:750)
2022-05-26 08:03:25,628 [Listener at localhost/38277] INFO  server.GrpcService (GrpcService.java:closeImpl(278)) - omNode-3: shutdown server with port 42233 successfully
2022-05-26 08:03:25,629 [org.apache.ratis.util.JvmPauseMonitor$$Lambda$691/456821109@47d52974] INFO  util.JvmPauseMonitor (JvmPauseMonitor.java:run(109)) - JvmPauseMonitor-omNode-3: Stopped
2022-05-26 08:03:25,629 [Listener at localhost/38277] INFO  ratis.OzoneManagerStateMachine (OzoneManagerStateMachine.java:close(490)) - StateMachine has shutdown. Shutdown OzoneManager if not already shutdown.
2022-05-26 08:03:25,629 [Listener at localhost/38277] INFO  ratis.OzoneManagerDoubleBuffer (OzoneManagerDoubleBuffer.java:stop(477)) - OMDoubleBuffer flush thread is not running.
2022-05-26 08:03:25,629 [Listener at localhost/38277] INFO  handler.ContextHandler (ContextHandler.java:doStop(1153)) - Stopped o.e.j.w.WebAppContext@440d2cc8{ozoneManager,/,null,STOPPED}{file:/home/runner/work/ozone/ozone/hadoop-ozone/integration-test/target/test-classes/webapps/ozoneManager}
2022-05-26 08:03:25,630 [Listener at localhost/38277] INFO  server.AbstractConnector (AbstractConnector.java:doStop(381)) - Stopped ServerConnector@144602ef{HTTP/1.1, (http/1.1)}{0.0.0.0:39517}
2022-05-26 08:03:25,630 [Listener at localhost/38277] INFO  server.session (HouseKeeper.java:stopScavenging(149)) - node0 Stopped scavenging
2022-05-26 08:03:25,630 [Listener at localhost/38277] INFO  handler.ContextHandler (ContextHandler.java:doStop(1153)) - Stopped o.e.j.s.ServletContextHandler@3e8df7ca{static,/static,file:///home/runner/work/ozone/ozone/hadoop-ozone/integration-test/target/test-classes/webapps/static,STOPPED}
2022-05-26 08:03:25,630 [Listener at localhost/38277] INFO  handler.ContextHandler (ContextHandler.java:doStop(1153)) - Stopped o.e.j.s.ServletContextHandler@61e2865{logs,/logs,file:///home/runner/work/ozone/ozone/hadoop-ozone/integration-test/target/log,STOPPED}
2022-05-26 08:03:25,635 [Listener at localhost/38277] INFO  om.OzoneManager (OzoneManager.java:restart(1497)) - OzoneManager RPC server is listening at localhost/127.0.0.1:46875
2022-05-26 08:03:25,635 [Listener at localhost/38277] INFO  impl.MetricsSystemImpl (MetricsSystemImpl.java:init(158)) - OzoneManager metrics system started (again)
2022-05-26 08:03:25,650 [Listener at localhost/38277] WARN  server.ServerUtils (ServerUtils.java:getDBPath(225)) - ozone.om.db.dirs is not configured. We recommend adding this setting. Falling back to ozone.metadata.dirs instead.
2022-05-26 08:03:25,652 [Listener at localhost/38277] INFO  codec.OmKeyInfoCodec (OmKeyInfoCodec.java:<init>(49)) - OmKeyInfoCodec ignorePipeline = true
2022-05-26 08:03:25,652 [Listener at localhost/38277] INFO  codec.RepeatedOmKeyInfoCodec (RepeatedOmKeyInfoCodec.java:<init>(41)) - RepeatedOmKeyInfoCodec ignorePipeline = true
2022-05-26 08:03:25,700 [Listener at localhost/38277] WARN  impl.MetricRegistriesImpl (MetricRegistriesImpl.java:addReporterRegistration(111)) - New reporters are added after registries were created. Some metrics will be missing from the reporter. Please add reporter before adding any new registry.
2022-05-26 08:03:25,700 [Listener at localhost/38277] WARN  impl.MetricRegistriesImpl (MetricRegistriesImpl.java:addReporterRegistration(111)) - New reporters are added after registries were created. Some metrics will be missing from the reporter. Please add reporter before adding any new registry.
2022-05-26 08:03:25,700 [Listener at localhost/38277] WARN  server.ServerUtils (ServerUtils.java:getDefaultRatisDirectory(237)) - Storage directory for Ratis is not configured. It is a good idea to map this to an SSD disk. Falling back to ozone.metadata.dirs
2022-05-26 08:03:25,701 [Listener at localhost/38277] INFO  ratis.OzoneManagerRatisServer (OzoneManagerRatisServer.java:<init>(159)) - Instantiating OM Ratis server with groupID: om-service-test1 and peers: localhost:42233, localhost:40183, localhost:37413
2022-05-26 08:03:25,702 [Listener at localhost/38277] INFO  ratis.OzoneManagerStateMachine (OzoneManagerStateMachine.java:loadSnapshotInfoFromDB(627)) - LastAppliedIndex is set from TransactionInfo from OM DB as (t:3, i:25)
2022-05-26 08:03:25,708 [Listener at localhost/38277] INFO  server.RaftServer (ConfUtils.java:logGet(46)) - raft.rpc.type = GRPC (default)
2022-05-26 08:03:25,708 [Listener at localhost/38277] INFO  grpc.GrpcFactory (GrpcFactory.java:checkPooledByteBufAllocatorUseCacheForAllThreads(48)) - PERFORMANCE WARNING: useCacheForAllThreads is true that may cause Netty to create a lot garbage objects and, as a result, trigger GC.
	It is recommended to disable useCacheForAllThreads by setting -Dorg.apache.ratis.thirdparty.io.netty.allocator.useCacheForAllThreads=false in command line.
2022-05-26 08:03:25,708 [Listener at localhost/38277] INFO  grpc.GrpcConfigKeys (ConfUtils.java:logGet(46)) - raft.grpc.admin.port = -1 (default)
2022-05-26 08:03:25,708 [Listener at localhost/38277] INFO  grpc.GrpcConfigKeys (ConfUtils.java:logGet(46)) - raft.grpc.server.port = 42233 (custom)
2022-05-26 08:03:25,708 [Listener at localhost/38277] INFO  grpc.GrpcConfigKeys (ConfUtils.java:logGet(46)) - raft.grpc.client.port = -1 (default)
2022-05-26 08:03:25,708 [Listener at localhost/38277] INFO  grpc.GrpcConfigKeys (ConfUtils.java:logGet(46)) - raft.grpc.server.port = 42233 (custom)
2022-05-26 08:03:25,709 [Listener at localhost/38277] INFO  grpc.GrpcConfigKeys (ConfUtils.java:logGet(46)) - raft.grpc.server.port = 42233 (custom)
2022-05-26 08:03:25,709 [Listener at localhost/38277] INFO  server.GrpcService (ConfUtils.java:logGet(46)) - raft.grpc.message.size.max = 33554432 (custom)
2022-05-26 08:03:25,709 [Listener at localhost/38277] INFO  server.RaftServerConfigKeys (ConfUtils.java:logGet(46)) - raft.server.log.appender.buffer.byte-limit = 33554432 (custom)
2022-05-26 08:03:25,710 [Listener at localhost/38277] INFO  server.GrpcService (ConfUtils.java:logGet(46)) - raft.grpc.flow.control.window = 1MB (=1048576) (default)
2022-05-26 08:03:25,710 [Listener at localhost/38277] INFO  server.RaftServerConfigKeys (ConfUtils.java:logGet(46)) - raft.server.rpc.request.timeout = 3000ms (default)
2022-05-26 08:03:25,710 [Listener at localhost/38277] INFO  grpc.GrpcConfigKeys (ConfUtils.java:logGet(46)) - raft.grpc.server.async.request.thread.pool.cached = true (default)
2022-05-26 08:03:25,713 [Listener at localhost/38277] INFO  grpc.GrpcConfigKeys (ConfUtils.java:logGet(46)) - raft.grpc.server.async.request.thread.pool.size = 32 (default)
2022-05-26 08:03:25,714 [Listener at localhost/38277] INFO  impl.DataStreamServerImpl (ConfUtils.java:logGet(46)) - raft.datastream.type = DISABLED (default)
2022-05-26 08:03:25,714 [Listener at localhost/38277] INFO  server.RaftServerConfigKeys (ConfUtils.java:logGet(46)) - raft.server.threadpool.proxy.cached = true (default)
2022-05-26 08:03:25,715 [Listener at localhost/38277] INFO  server.RaftServerConfigKeys (ConfUtils.java:logGet(46)) - raft.server.threadpool.proxy.size = 0 (default)
2022-05-26 08:03:25,715 [Listener at localhost/38277] INFO  server.RaftServerConfigKeys (ConfUtils.java:logGet(46)) - raft.server.rpc.slowness.timeout = 2s (custom)
2022-05-26 08:03:25,715 [Listener at localhost/38277] INFO  server.RaftServerConfigKeys (ConfUtils.java:logGet(46)) - raft.server.leaderelection.leader.step-down.wait-time = 10s (default)
2022-05-26 08:03:25,715 [Listener at localhost/38277] INFO  server.RaftServerConfigKeys (ConfUtils.java:logGet(46)) - raft.server.storage.dir = [/home/runner/work/ozone/ozone/hadoop-ozone/integration-test/target/test-dir/MiniOzoneClusterImpl-17bb6255-4ab1-443a-98be-5fd7627ecb82/omNode-3/ratis] (custom)
2022-05-26 08:03:25,715 [omNode-3-impl-thread1] INFO  server.RaftServer (RaftServerProxy.java:initGroupDir(247)) - omNode-3: found a subdirectory /home/runner/work/ozone/ozone/hadoop-ozone/integration-test/target/test-dir/MiniOzoneClusterImpl-17bb6255-4ab1-443a-98be-5fd7627ecb82/omNode-3/ratis/c9bc4cf4-3bc3-3c60-a66b-523986131536
2022-05-26 08:03:25,716 [Listener at localhost/38277] INFO  server.RaftServer (RaftServerProxy.java:addNew(96)) - omNode-3: addNew group-523986131536:[omNode-3|rpc:localhost:42233|priority:0, omNode-1|rpc:localhost:40183|priority:0, omNode-2|rpc:localhost:37413|priority:0] returns group-523986131536:java.util.concurrent.CompletableFuture@4fdf322f[Not completed]
2022-05-26 08:03:25,716 [Listener at localhost/38277] INFO  om.OzoneManager (OzoneManager.java:initializeRatisServer(1901)) - OzoneManager Ratis server initialized at port 42233
2022-05-26 08:03:25,716 [Listener at localhost/38277] INFO  ratis.OzoneManagerRatisServer (OzoneManagerRatisServer.java:start(554)) - Starting OzoneManagerRatisServer omNode-3 at port 42233
2022-05-26 08:03:25,716 [pool-383-thread-1] INFO  server.RaftServer$Division (RaftServerImpl.java:<init>(190)) - omNode-3: new RaftServerImpl for group-523986131536:[omNode-3|rpc:localhost:42233|priority:0, omNode-1|rpc:localhost:40183|priority:0, omNode-2|rpc:localhost:37413|priority:0] with OzoneManagerStateMachine:uninitialized
2022-05-26 08:03:25,716 [pool-383-thread-1] INFO  server.RaftServerConfigKeys (ConfUtils.java:logGet(46)) - raft.server.rpc.timeout.min = 1s (custom)
2022-05-26 08:03:25,716 [pool-383-thread-1] INFO  server.RaftServerConfigKeys (ConfUtils.java:logGet(46)) - raft.server.rpc.timeout.max = 1200ms (custom)
2022-05-26 08:03:25,716 [pool-383-thread-1] INFO  server.RaftServerConfigKeys (ConfUtils.java:logGet(46)) - raft.server.rpc.sleep.time = 25ms (default)
2022-05-26 08:03:25,716 [pool-383-thread-1] INFO  server.RaftServerConfigKeys (ConfUtils.java:logGet(46)) - raft.server.rpc.slowness.timeout = 2s (custom)
2022-05-26 08:03:25,716 [pool-383-thread-1] INFO  server.RaftServerConfigKeys (ConfUtils.java:logGet(46)) - raft.server.leaderelection.leader.step-down.wait-time = 10s (default)
2022-05-26 08:03:25,716 [pool-383-thread-1] INFO  server.RaftServerConfigKeys (ConfUtils.java:logGet(46)) - raft.server.sleep.deviation.threshold = 300ms (default)
2022-05-26 08:03:25,716 [pool-383-thread-1] INFO  server.RaftServer$Division (ServerState.java:<init>(107)) - omNode-3@group-523986131536: ConfigurationManager, init=-1: [omNode-3|rpc:localhost:42233|priority:0, omNode-1|rpc:localhost:40183|priority:0, omNode-2|rpc:localhost:37413|priority:0], old=null, confs=<EMPTY_MAP>
2022-05-26 08:03:25,717 [pool-383-thread-1] INFO  server.RaftServerConfigKeys (ConfUtils.java:logGet(46)) - raft.server.storage.dir = [/home/runner/work/ozone/ozone/hadoop-ozone/integration-test/target/test-dir/MiniOzoneClusterImpl-17bb6255-4ab1-443a-98be-5fd7627ecb82/omNode-3/ratis] (custom)
2022-05-26 08:03:25,717 [pool-383-thread-1] INFO  server.RaftServerConfigKeys (ConfUtils.java:logGet(46)) - raft.server.log.corruption.policy = EXCEPTION (default)
2022-05-26 08:03:25,717 [pool-383-thread-1] INFO  server.RaftServerConfigKeys (ConfUtils.java:logGet(46)) - raft.server.storage.free-space.min = 0MB (=0) (default)
2022-05-26 08:03:25,718 [pool-383-thread-1] INFO  storage.RaftStorageDirectory (RaftStorageDirectoryImpl.java:tryLock(230)) - Lock on /home/runner/work/ozone/ozone/hadoop-ozone/integration-test/target/test-dir/MiniOzoneClusterImpl-17bb6255-4ab1-443a-98be-5fd7627ecb82/omNode-3/ratis/c9bc4cf4-3bc3-3c60-a66b-523986131536/in_use.lock acquired by nodename 18146@fv-az35-51
2022-05-26 08:03:25,719 [pool-383-thread-1] INFO  storage.RaftStorage (RaftStorageImpl.java:analyzeAndRecoverStorage(110)) - Read RaftStorageMetadata{term=3, votedFor=omNode-3} from /home/runner/work/ozone/ozone/hadoop-ozone/integration-test/target/test-dir/MiniOzoneClusterImpl-17bb6255-4ab1-443a-98be-5fd7627ecb82/omNode-3/ratis/c9bc4cf4-3bc3-3c60-a66b-523986131536/current/raft-meta
2022-05-26 08:03:25,719 [pool-383-thread-1] INFO  server.RaftServer$Division (ServerState.java:setRaftConf(393)) - omNode-3@group-523986131536: set configuration 15: [omNode-3|rpc:localhost:42233|admin:|client:|dataStream:|priority:0, omNode-1|rpc:localhost:40183|admin:|client:|dataStream:|priority:0, omNode-2|rpc:localhost:37413|admin:|client:|dataStream:|priority:0], old=null
2022-05-26 08:03:25,719 [pool-383-thread-1] INFO  server.RaftServerConfigKeys (ConfUtils.java:logGet(46)) - raft.server.notification.no-leader.timeout = 2s (custom)
2022-05-26 08:03:25,719 [pool-383-thread-1] INFO  server.RaftServerConfigKeys (ConfUtils.java:logGet(46)) - raft.server.log.use.memory = false (default)
2022-05-26 08:03:25,719 [pool-383-thread-1] INFO  server.RaftServerConfigKeys (ConfUtils.java:logGet(46)) - raft.server.log.purge.gap = 50 (custom)
2022-05-26 08:03:25,719 [pool-383-thread-1] INFO  server.RaftServerConfigKeys (ConfUtils.java:logGet(46)) - raft.server.log.appender.buffer.byte-limit = 33554432 (custom)
2022-05-26 08:03:25,719 [pool-383-thread-1] INFO  server.RaftServerConfigKeys (ConfUtils.java:logGet(46)) - raft.server.log.statemachine.data.read.timeout = 1000ms (default)
2022-05-26 08:03:25,722 [pool-383-thread-1] INFO  server.RaftServerConfigKeys (ConfUtils.java:logGet(46)) - raft.server.log.segment.size.max = 4194304 (custom)
2022-05-26 08:03:25,722 [pool-383-thread-1] INFO  server.RaftServerConfigKeys (ConfUtils.java:logGet(46)) - raft.server.log.segment.cache.num.max = 2 (custom)
2022-05-26 08:03:25,722 [pool-383-thread-1] INFO  server.RaftServerConfigKeys (ConfUtils.java:logGet(46)) - raft.server.log.segment.cache.size.max = 200MB (=209715200) (default)
2022-05-26 08:03:25,722 [pool-383-thread-1] INFO  segmented.SegmentedRaftLogWorker (SegmentedRaftLogWorker.java:<init>(187)) - new omNode-3@group-523986131536-SegmentedRaftLogWorker for RaftStorageImpl:Storage Directory /home/runner/work/ozone/ozone/hadoop-ozone/integration-test/target/test-dir/MiniOzoneClusterImpl-17bb6255-4ab1-443a-98be-5fd7627ecb82/omNode-3/ratis/c9bc4cf4-3bc3-3c60-a66b-523986131536
2022-05-26 08:03:25,722 [pool-383-thread-1] INFO  server.RaftServerConfigKeys (ConfUtils.java:logGet(46)) - raft.server.log.queue.byte-limit = 64MB (=67108864) (default)
2022-05-26 08:03:25,722 [pool-383-thread-1] INFO  server.RaftServerConfigKeys (ConfUtils.java:logGet(46)) - raft.server.log.queue.element-limit = 4096 (default)
2022-05-26 08:03:25,722 [pool-383-thread-1] INFO  server.RaftServerConfigKeys (ConfUtils.java:logGet(46)) - raft.server.log.segment.size.max = 4194304 (custom)
2022-05-26 08:03:25,723 [pool-383-thread-1] INFO  server.RaftServerConfigKeys (ConfUtils.java:logGet(46)) - raft.server.log.preallocated.size = 4194304 (custom)
2022-05-26 08:03:25,723 [pool-383-thread-1] INFO  server.RaftServerConfigKeys (ConfUtils.java:logGet(46)) - raft.server.log.force.sync.num = 128 (default)
2022-05-26 08:03:25,723 [pool-383-thread-1] INFO  server.RaftServerConfigKeys (ConfUtils.java:logGet(46)) - raft.server.log.statemachine.data.sync = true (default)
2022-05-26 08:03:25,723 [pool-383-thread-1] INFO  server.RaftServerConfigKeys (ConfUtils.java:logGet(46)) - raft.server.log.statemachine.data.sync.timeout = 10s (default)
2022-05-26 08:03:25,723 [pool-383-thread-1] INFO  server.RaftServerConfigKeys (ConfUtils.java:logGet(46)) - raft.server.log.statemachine.data.sync.timeout.retry = -1 (default)
2022-05-26 08:03:25,724 [pool-383-thread-1] INFO  server.RaftServerConfigKeys (ConfUtils.java:logGet(46)) - raft.server.log.write.buffer.size = 64KB (=65536) (default)
2022-05-26 08:03:25,724 [pool-383-thread-1] INFO  server.RaftServerConfigKeys (ConfUtils.java:logGet(46)) - raft.server.log.unsafe-flush.enabled = false (default)
2022-05-26 08:03:25,724 [pool-383-thread-1] INFO  server.RaftServerConfigKeys (ConfUtils.java:logGet(46)) - raft.server.log.statemachine.data.caching.enabled = false (default)
2022-05-26 08:03:25,725 [pool-383-thread-1] INFO  server.RaftServer$Division (ServerState.java:setRaftConf(393)) - omNode-3@group-523986131536: set configuration 0: [omNode-3|rpc:localhost:42233|admin:|client:|dataStream:|priority:0, omNode-1|rpc:localhost:40183|admin:|client:|dataStream:|priority:0, omNode-2|rpc:localhost:37413|admin:|client:|dataStream:|priority:0], old=null
2022-05-26 08:03:25,725 [pool-383-thread-1] INFO  segmented.LogSegment (LogSegment.java:loadSegment(173)) - Successfully read 7 entries from segment file /home/runner/work/ozone/ozone/hadoop-ozone/integration-test/target/test-dir/MiniOzoneClusterImpl-17bb6255-4ab1-443a-98be-5fd7627ecb82/omNode-3/ratis/c9bc4cf4-3bc3-3c60-a66b-523986131536/current/log_0-6
2022-05-26 08:03:25,725 [pool-383-thread-1] INFO  server.RaftServer$Division (ServerState.java:setRaftConf(393)) - omNode-3@group-523986131536: set configuration 7: [omNode-3|rpc:localhost:42233|admin:|client:|dataStream:|priority:0, omNode-1|rpc:localhost:40183|admin:|client:|dataStream:|priority:0, omNode-2|rpc:localhost:37413|admin:|client:|dataStream:|priority:0], old=null
2022-05-26 08:03:25,727 [pool-383-thread-1] INFO  segmented.LogSegment (LogSegment.java:loadSegment(173)) - Successfully read 8 entries from segment file /home/runner/work/ozone/ozone/hadoop-ozone/integration-test/target/test-dir/MiniOzoneClusterImpl-17bb6255-4ab1-443a-98be-5fd7627ecb82/omNode-3/ratis/c9bc4cf4-3bc3-3c60-a66b-523986131536/current/log_7-14
2022-05-26 08:03:25,727 [pool-383-thread-1] INFO  server.RaftServer$Division (ServerState.java:setRaftConf(393)) - omNode-3@group-523986131536: set configuration 15: [omNode-3|rpc:localhost:42233|admin:|client:|dataStream:|priority:0, omNode-1|rpc:localhost:40183|admin:|client:|dataStream:|priority:0, omNode-2|rpc:localhost:37413|admin:|client:|dataStream:|priority:0], old=null
2022-05-26 08:03:25,728 [pool-383-thread-1] INFO  segmented.LogSegment (LogSegment.java:loadSegment(173)) - Successfully read 12 entries from segment file /home/runner/work/ozone/ozone/hadoop-ozone/integration-test/target/test-dir/MiniOzoneClusterImpl-17bb6255-4ab1-443a-98be-5fd7627ecb82/omNode-3/ratis/c9bc4cf4-3bc3-3c60-a66b-523986131536/current/log_inprogress_15
2022-05-26 08:03:25,728 [pool-383-thread-1] INFO  segmented.SegmentedRaftLogWorker (SegmentedRaftLogWorker.java:lambda$new$0(135)) - omNode-3@group-523986131536-SegmentedRaftLogWorker: flushIndex: setUnconditionally 0 -> 26
2022-05-26 08:03:25,728 [pool-383-thread-1] INFO  segmented.SegmentedRaftLogWorker (SegmentedRaftLogWorker.java:lambda$new$0(135)) - omNode-3@group-523986131536-SegmentedRaftLogWorker: safeCacheEvictIndex: setUnconditionally 0 -> 14
2022-05-26 08:03:25,728 [pool-383-thread-1] INFO  raftlog.RaftLog (RaftLogBase.java:lambda$new$0(53)) - omNode-3@group-523986131536-SegmentedRaftLog: commitIndex: updateToMax old=25, new=25, updated? false
2022-05-26 08:03:25,729 [pool-383-thread-1] INFO  server.RaftServerConfigKeys (ConfUtils.java:logGet(46)) - raft.server.snapshot.auto.trigger.enabled = true (custom)
2022-05-26 08:03:25,729 [pool-383-thread-1] INFO  server.RaftServerConfigKeys (ConfUtils.java:logGet(46)) - raft.server.snapshot.auto.trigger.threshold = 50 (custom)
2022-05-26 08:03:25,729 [pool-383-thread-1] INFO  server.RaftServerConfigKeys (ConfUtils.java:logGet(46)) - raft.server.snapshot.retention.file.num = -1 (default)
2022-05-26 08:03:25,729 [pool-383-thread-1] INFO  server.RaftServerConfigKeys (ConfUtils.java:logGet(46)) - raft.server.log.purge.upto.snapshot.index = true (custom)
2022-05-26 08:03:25,729 [pool-383-thread-1] INFO  server.RaftServerConfigKeys (ConfUtils.java:logGet(46)) - raft.server.retrycache.expirytime = 30000ms (custom)
2022-05-26 08:03:25,729 [pool-383-thread-1] INFO  server.RaftServerConfigKeys (ConfUtils.java:logGet(46)) - raft.server.retrycache.statistics.expirytime = 100μs (default)
2022-05-26 08:03:25,730 [pool-383-thread-1] INFO  server.RaftServerConfigKeys (ConfUtils.java:logGet(46)) - raft.server.log.appender.install.snapshot.enabled = false (custom)
2022-05-26 08:03:25,730 [pool-383-thread-1] INFO  server.RaftServerConfigKeys (ConfUtils.java:logGet(46)) - raft.server.threadpool.server.cached = true (default)
2022-05-26 08:03:25,730 [pool-383-thread-1] INFO  server.RaftServerConfigKeys (ConfUtils.java:logGet(46)) - raft.server.threadpool.server.size = 0 (default)
2022-05-26 08:03:25,730 [pool-383-thread-1] INFO  server.RaftServerConfigKeys (ConfUtils.java:logGet(46)) - raft.server.threadpool.client.cached = true (default)
2022-05-26 08:03:25,730 [pool-383-thread-1] INFO  server.RaftServerConfigKeys (ConfUtils.java:logGet(46)) - raft.server.threadpool.client.size = 0 (default)
2022-05-26 08:03:25,730 [omNode-3-impl-thread1] INFO  server.RaftServer$Division (RaftServerImpl.java:start(310)) - omNode-3@group-523986131536: start as a follower, conf=15: [omNode-3|rpc:localhost:42233|admin:|client:|dataStream:|priority:0, omNode-1|rpc:localhost:40183|admin:|client:|dataStream:|priority:0, omNode-2|rpc:localhost:37413|admin:|client:|dataStream:|priority:0], old=null
2022-05-26 08:03:25,730 [omNode-3-impl-thread1] INFO  server.RaftServer$Division (RaftServerImpl.java:setRole(299)) - omNode-3@group-523986131536: changes role from      null to FOLLOWER at term 3 for startAsFollower
2022-05-26 08:03:25,730 [omNode-3-impl-thread1] INFO  impl.RoleInfo (RoleInfo.java:updateAndGet(139)) - omNode-3: start omNode-3@group-523986131536-FollowerState
2022-05-26 08:03:25,730 [omNode-3-impl-thread1] INFO  util.JmxRegister (JmxRegister.java:tryRegister(44)) - Successfully registered JMX Bean with object name Ratis:service=RaftServer,group=group-523986131536,id=omNode-3
2022-05-26 08:03:25,738 [Listener at localhost/38277] INFO  server.RaftServer (RaftServerProxy.java:lambda$start$6(382)) - omNode-3: start RPC server
2022-05-26 08:03:25,747 [Listener at localhost/38277] INFO  server.GrpcService (GrpcService.java:startImpl(260)) - omNode-3: GrpcService started, listening on 42233
2022-05-26 08:03:25,750 [Listener at localhost/38277] INFO  om.OzoneManager (OzoneManager.java:getRpcServer(1030)) - Creating RPC Server
2022-05-26 08:03:25,752 [org.apache.ratis.util.JvmPauseMonitor$$Lambda$691/456821109@7f6c983b] INFO  util.JvmPauseMonitor (JvmPauseMonitor.java:run(103)) - JvmPauseMonitor-omNode-3: Started
2022-05-26 08:03:26,088 [Listener at localhost/38277] INFO  reflections.Reflections (Reflections.java:scan(232)) - Reflections took 337 ms to scan 19 urls, producing 61 keys and 3747 values [using 2 cores]
2022-05-26 08:03:26,090 [Listener at localhost/38277] INFO  ipc.CallQueueManager (CallQueueManager.java:<init>(90)) - Using callQueue: class java.util.concurrent.LinkedBlockingQueue, queueCapacity: 2000, scheduler: class org.apache.hadoop.ipc.DefaultRpcScheduler, ipcBackoff: false.
2022-05-26 08:03:26,090 [Socket Reader #1 for port 46875] INFO  ipc.Server (Server.java:run(1265)) - Starting Socket Reader #1 for port 46875
2022-05-26 08:03:26,093 [Listener at localhost/46875] INFO  http.BaseHttpServer (BaseHttpServer.java:newHttpServer2BuilderForOzone(209)) - Starting Web-server for ozoneManager at: http://0.0.0.0:39517
2022-05-26 08:03:26,093 [Listener at localhost/46875] INFO  http.BaseHttpServer (BaseHttpServer.java:<init>(107)) - Hadoop Security Enabled: false Ozone Security Enabled: false Ozone HTTP Security Enabled: false 
2022-05-26 08:03:26,094 [Listener at localhost/46875] INFO  server.AuthenticationFilter (AuthenticationFilter.java:constructSecretProvider(240)) - Unable to initialize FileSignerSecretProvider, falling back to use random secrets.
2022-05-26 08:03:26,095 [Listener at localhost/46875] WARN  http.HttpRequestLog (HttpRequestLog.java:getRequestLog(103)) - Jetty request log can only be enabled using Log4j
2022-05-26 08:03:26,096 [Listener at localhost/46875] INFO  http.HttpServer2 (HttpServer2.java:addGlobalFilter(1030)) - Added global filter 'safety' (class=org.apache.hadoop.hdds.server.http.HttpServer2$QuotingInputFilter)
2022-05-26 08:03:26,096 [Listener at localhost/46875] INFO  http.HttpServer2 (HttpServer2.java:addFilter(1006)) - Added filter static_user_filter (class=org.apache.hadoop.http.lib.StaticUserWebFilter$StaticUserFilter) to context ozoneManager
2022-05-26 08:03:26,097 [Listener at localhost/46875] INFO  http.HttpServer2 (HttpServer2.java:addFilter(1014)) - Added filter static_user_filter (class=org.apache.hadoop.http.lib.StaticUserWebFilter$StaticUserFilter) to context logs
2022-05-26 08:03:26,097 [Listener at localhost/46875] INFO  http.HttpServer2 (HttpServer2.java:addFilter(1014)) - Added filter static_user_filter (class=org.apache.hadoop.http.lib.StaticUserWebFilter$StaticUserFilter) to context static
2022-05-26 08:03:26,097 [Listener at localhost/46875] INFO  http.HttpServer2 (HttpServer2.java:bindListener(1249)) - Jetty bound to port 39517
2022-05-26 08:03:26,097 [Listener at localhost/46875] INFO  server.Server (Server.java:doStart(375)) - jetty-9.4.43.v20210629; built: 2021-06-30T11:07:22.254Z; git: 526006ecfa3af7f1a27ef3a288e2bef7ea9dd7e8; jvm 1.8.0_332-b09
2022-05-26 08:03:26,098 [Listener at localhost/46875] INFO  server.session (DefaultSessionIdManager.java:doStart(334)) - DefaultSessionIdManager workerName=node0
2022-05-26 08:03:26,099 [Listener at localhost/46875] INFO  server.session (DefaultSessionIdManager.java:doStart(339)) - No SessionScavenger set, using defaults
2022-05-26 08:03:26,099 [Listener at localhost/46875] INFO  server.session (HouseKeeper.java:startScavenging(132)) - node0 Scavenging every 600000ms
2022-05-26 08:03:26,099 [Listener at localhost/46875] INFO  handler.ContextHandler (ContextHandler.java:doStart(915)) - Started o.e.j.s.ServletContextHandler@1b6b925e{logs,/logs,file:///home/runner/work/ozone/ozone/hadoop-ozone/integration-test/target/log,AVAILABLE}
2022-05-26 08:03:26,100 [Listener at localhost/46875] INFO  handler.ContextHandler (ContextHandler.java:doStart(915)) - Started o.e.j.s.ServletContextHandler@4fe3872c{static,/static,file:///home/runner/work/ozone/ozone/hadoop-ozone/integration-test/target/test-classes/webapps/static,AVAILABLE}
2022-05-26 08:03:26,103 [Listener at localhost/46875] INFO  handler.ContextHandler (ContextHandler.java:doStart(915)) - Started o.e.j.w.WebAppContext@2aa19591{ozoneManager,/,file:///home/runner/work/ozone/ozone/hadoop-ozone/integration-test/target/test-classes/webapps/ozoneManager/,AVAILABLE}{file:/home/runner/work/ozone/ozone/hadoop-ozone/integration-test/target/test-classes/webapps/ozoneManager}
2022-05-26 08:03:26,104 [Listener at localhost/46875] INFO  server.AbstractConnector (AbstractConnector.java:doStart(331)) - Started ServerConnector@72445f6c{HTTP/1.1, (http/1.1)}{0.0.0.0:39517}
2022-05-26 08:03:26,104 [Listener at localhost/46875] INFO  server.Server (Server.java:doStart(415)) - Started @68044ms
2022-05-26 08:03:26,104 [Listener at localhost/46875] WARN  impl.MetricsSystemImpl (MetricsSystemImpl.java:register(279)) - Sink prometheus already exists!
2022-05-26 08:03:26,105 [Listener at localhost/46875] INFO  http.BaseHttpServer (BaseHttpServer.java:updateConnectorAddress(329)) - HTTP server of ozoneManager listening at http://0.0.0.0:39517
2022-05-26 08:03:26,105 [IPC Server Responder] INFO  ipc.Server (Server.java:run(1507)) - IPC Server Responder: starting
2022-05-26 08:03:26,105 [IPC Server listener on 46875] INFO  ipc.Server (Server.java:run(1344)) - IPC Server listener on 46875: starting
2022-05-26 08:03:26,116 [Listener at localhost/46875] INFO  om.OzoneManager (OzoneManager.java:startTrashEmptier(1845)) - Trash Interval set to 0. Files deleted won't move to trash
2022-05-26 08:03:26,121 [Listener at localhost/46875] INFO  om.OzoneManager (OzoneManager.java:stop(1960)) - omNode-1[localhost:38409]: Stopping Ozone Manager
2022-05-26 08:03:26,121 [Listener at localhost/46875] INFO  ipc.Server (Server.java:stop(3414)) - Stopping server on 38409
2022-05-26 08:03:26,122 [org.apache.hadoop.util.JvmPauseMonitor$Monitor@3b9c1452] INFO  util.JvmPauseMonitor (JvmPauseMonitor.java:run(188)) - Starting JVM pause monitor
2022-05-26 08:03:26,123 [IPC Server Responder] INFO  ipc.Server (Server.java:run(1512)) - Stopping IPC Server Responder
2022-05-26 08:03:26,123 [IPC Server listener on 38409] INFO  ipc.Server (Server.java:run(1376)) - Stopping IPC Server listener on 38409
2022-05-26 08:03:26,123 [Listener at localhost/46875] INFO  server.RaftServer (RaftServerProxy.java:lambda$close$7(398)) - omNode-1: close
2022-05-26 08:03:26,123 [Listener at localhost/46875] INFO  server.RaftServer$Division (RaftServerImpl.java:lambda$close$4(434)) - omNode-1@group-523986131536: shutdown
2022-05-26 08:03:26,123 [Listener at localhost/46875] INFO  util.JmxRegister (JmxRegister.java:unregister(73)) - Successfully un-registered JMX Bean with object name Ratis:service=RaftServer,group=group-523986131536,id=omNode-1
2022-05-26 08:03:26,123 [Listener at localhost/46875] INFO  impl.RoleInfo (RoleInfo.java:shutdownFollowerState(110)) - omNode-1: shutdown omNode-1@group-523986131536-FollowerState
2022-05-26 08:03:26,124 [Listener at localhost/46875] INFO  impl.StateMachineUpdater (StateMachineUpdater.java:stopAndJoin(153)) - omNode-1@group-523986131536-StateMachineUpdater: set stopIndex = 25
2022-05-26 08:03:26,124 [omNode-1@group-523986131536-StateMachineUpdater] INFO  ratis.OzoneManagerStateMachine (OzoneManagerStateMachine.java:takeSnapshot(436)) - Current Snapshot Index (t:3, i:25)
2022-05-26 08:03:26,124 [omNode-1@group-523986131536-FollowerState] INFO  impl.FollowerState (FollowerState.java:run(152)) - omNode-1@group-523986131536-FollowerState was interrupted
2022-05-26 08:03:26,124 [omNode-1@group-523986131536-StateMachineUpdater] INFO  impl.StateMachineUpdater (StateMachineUpdater.java:takeSnapshot(287)) - omNode-1@group-523986131536-StateMachineUpdater: Took a snapshot at index 25
2022-05-26 08:03:26,124 [omNode-1@group-523986131536-StateMachineUpdater] INFO  impl.StateMachineUpdater (StateMachineUpdater.java:lambda$new$0(92)) - omNode-1@group-523986131536-StateMachineUpdater: snapshotIndex: updateIncreasingly 14 -> 25
2022-05-26 08:03:26,124 [omNode-1@group-523986131536-StateMachineUpdater] INFO  ratis.OzoneManagerStateMachine (OzoneManagerStateMachine.java:close(490)) - StateMachine has shutdown. Shutdown OzoneManager if not already shutdown.
2022-05-26 08:03:26,124 [omNode-1@group-523986131536-StateMachineUpdater] INFO  ratis.OzoneManagerDoubleBuffer (OzoneManagerDoubleBuffer.java:stop(465)) - Stopping OMDoubleBuffer flush thread
2022-05-26 08:03:26,124 [OMDoubleBufferFlushThread] INFO  ratis.OzoneManagerDoubleBuffer (OzoneManagerDoubleBuffer.java:flushTransactions(385)) - OMDoubleBuffer flush thread OMDoubleBufferFlushThread is interrupted and will exit.
2022-05-26 08:03:26,125 [Listener at localhost/46875] INFO  server.RaftServer$Division (ServerState.java:close(429)) - omNode-1@group-523986131536: closes. applyIndex: 25
2022-05-26 08:03:26,125 [omNode-1@group-523986131536-SegmentedRaftLogWorker] INFO  segmented.SegmentedRaftLogWorker (SegmentedRaftLogWorker.java:run(336)) - omNode-1@group-523986131536-SegmentedRaftLogWorker was interrupted, exiting. There are 0 tasks remaining in the queue.
2022-05-26 08:03:26,126 [Listener at localhost/46875] INFO  segmented.SegmentedRaftLogWorker (SegmentedRaftLogWorker.java:close(246)) - omNode-1@group-523986131536-SegmentedRaftLogWorker close()
2022-05-26 08:03:26,127 [Listener at localhost/46875] INFO  server.GrpcService (GrpcService.java:closeImpl(269)) - omNode-1: shutdown server with port 40183 now
2022-05-26 08:03:26,129 [Listener at localhost/46875] INFO  server.GrpcService (GrpcService.java:closeImpl(278)) - omNode-1: shutdown server with port 40183 successfully
2022-05-26 08:03:26,129 [org.apache.ratis.util.JvmPauseMonitor$$Lambda$691/456821109@21002025] INFO  util.JvmPauseMonitor (JvmPauseMonitor.java:run(109)) - JvmPauseMonitor-omNode-1: Stopped
2022-05-26 08:03:26,129 [Listener at localhost/46875] INFO  ratis.OzoneManagerStateMachine (OzoneManagerStateMachine.java:close(490)) - StateMachine has shutdown. Shutdown OzoneManager if not already shutdown.
2022-05-26 08:03:26,129 [Listener at localhost/46875] INFO  ratis.OzoneManagerDoubleBuffer (OzoneManagerDoubleBuffer.java:stop(477)) - OMDoubleBuffer flush thread is not running.
2022-05-26 08:03:26,130 [Listener at localhost/46875] INFO  handler.ContextHandler (ContextHandler.java:doStop(1153)) - Stopped o.e.j.w.WebAppContext@403e8cfa{ozoneManager,/,null,STOPPED}{file:/home/runner/work/ozone/ozone/hadoop-ozone/integration-test/target/test-classes/webapps/ozoneManager}
2022-05-26 08:03:26,130 [Listener at localhost/46875] INFO  server.AbstractConnector (AbstractConnector.java:doStop(381)) - Stopped ServerConnector@2bc7f48d{HTTP/1.1, (http/1.1)}{0.0.0.0:35485}
2022-05-26 08:03:26,130 [Listener at localhost/46875] INFO  server.session (HouseKeeper.java:stopScavenging(149)) - node0 Stopped scavenging
2022-05-26 08:03:26,131 [Listener at localhost/46875] INFO  handler.ContextHandler (ContextHandler.java:doStop(1153)) - Stopped o.e.j.s.ServletContextHandler@152f6cb1{static,/static,file:///home/runner/work/ozone/ozone/hadoop-ozone/integration-test/target/test-classes/webapps/static,STOPPED}
2022-05-26 08:03:26,131 [Listener at localhost/46875] INFO  handler.ContextHandler (ContextHandler.java:doStop(1153)) - Stopped o.e.j.s.ServletContextHandler@6e297f29{logs,/logs,file:///home/runner/work/ozone/ozone/hadoop-ozone/integration-test/target/log,STOPPED}
2022-05-26 08:03:26,133 [Listener at localhost/46875] INFO  om.OzoneManager (OzoneManager.java:restart(1497)) - OzoneManager RPC server is listening at localhost/127.0.0.1:38409
2022-05-26 08:03:26,133 [Listener at localhost/46875] INFO  impl.MetricsSystemImpl (MetricsSystemImpl.java:init(158)) - OzoneManager metrics system started (again)
2022-05-26 08:03:26,143 [Listener at localhost/46875] WARN  server.ServerUtils (ServerUtils.java:getDBPath(225)) - ozone.om.db.dirs is not configured. We recommend adding this setting. Falling back to ozone.metadata.dirs instead.
2022-05-26 08:03:26,144 [Listener at localhost/46875] INFO  codec.OmKeyInfoCodec (OmKeyInfoCodec.java:<init>(49)) - OmKeyInfoCodec ignorePipeline = true
2022-05-26 08:03:26,144 [Listener at localhost/46875] INFO  codec.RepeatedOmKeyInfoCodec (RepeatedOmKeyInfoCodec.java:<init>(41)) - RepeatedOmKeyInfoCodec ignorePipeline = true
2022-05-26 08:03:26,186 [Listener at localhost/46875] WARN  impl.MetricRegistriesImpl (MetricRegistriesImpl.java:addReporterRegistration(111)) - New reporters are added after registries were created. Some metrics will be missing from the reporter. Please add reporter before adding any new registry.
2022-05-26 08:03:26,186 [Listener at localhost/46875] WARN  impl.MetricRegistriesImpl (MetricRegistriesImpl.java:addReporterRegistration(111)) - New reporters are added after registries were created. Some metrics will be missing from the reporter. Please add reporter before adding any new registry.
2022-05-26 08:03:26,186 [Listener at localhost/46875] WARN  server.ServerUtils (ServerUtils.java:getDefaultRatisDirectory(237)) - Storage directory for Ratis is not configured. It is a good idea to map this to an SSD disk. Falling back to ozone.metadata.dirs
2022-05-26 08:03:26,187 [Listener at localhost/46875] INFO  ratis.OzoneManagerRatisServer (OzoneManagerRatisServer.java:<init>(159)) - Instantiating OM Ratis server with groupID: om-service-test1 and peers: localhost:40183, localhost:42233, localhost:37413
2022-05-26 08:03:26,187 [Listener at localhost/46875] INFO  ratis.OzoneManagerStateMachine (OzoneManagerStateMachine.java:loadSnapshotInfoFromDB(627)) - LastAppliedIndex is set from TransactionInfo from OM DB as (t:3, i:25)
2022-05-26 08:03:26,189 [Listener at localhost/46875] INFO  server.RaftServer (ConfUtils.java:logGet(46)) - raft.rpc.type = GRPC (default)
2022-05-26 08:03:26,190 [Listener at localhost/46875] INFO  grpc.GrpcFactory (GrpcFactory.java:checkPooledByteBufAllocatorUseCacheForAllThreads(48)) - PERFORMANCE WARNING: useCacheForAllThreads is true that may cause Netty to create a lot garbage objects and, as a result, trigger GC.
	It is recommended to disable useCacheForAllThreads by setting -Dorg.apache.ratis.thirdparty.io.netty.allocator.useCacheForAllThreads=false in command line.
2022-05-26 08:03:26,190 [Listener at localhost/46875] INFO  grpc.GrpcConfigKeys (ConfUtils.java:logGet(46)) - raft.grpc.admin.port = -1 (default)
2022-05-26 08:03:26,190 [Listener at localhost/46875] INFO  grpc.GrpcConfigKeys (ConfUtils.java:logGet(46)) - raft.grpc.server.port = 40183 (custom)
2022-05-26 08:03:26,190 [Listener at localhost/46875] INFO  grpc.GrpcConfigKeys (ConfUtils.java:logGet(46)) - raft.grpc.client.port = -1 (default)
2022-05-26 08:03:26,190 [Listener at localhost/46875] INFO  grpc.GrpcConfigKeys (ConfUtils.java:logGet(46)) - raft.grpc.server.port = 40183 (custom)
2022-05-26 08:03:26,190 [Listener at localhost/46875] INFO  grpc.GrpcConfigKeys (ConfUtils.java:logGet(46)) - raft.grpc.server.port = 40183 (custom)
2022-05-26 08:03:26,190 [Listener at localhost/46875] INFO  server.GrpcService (ConfUtils.java:logGet(46)) - raft.grpc.message.size.max = 33554432 (custom)
2022-05-26 08:03:26,190 [Listener at localhost/46875] INFO  server.RaftServerConfigKeys (ConfUtils.java:logGet(46)) - raft.server.log.appender.buffer.byte-limit = 33554432 (custom)
2022-05-26 08:03:26,190 [Listener at localhost/46875] INFO  server.GrpcService (ConfUtils.java:logGet(46)) - raft.grpc.flow.control.window = 1MB (=1048576) (default)
2022-05-26 08:03:26,191 [Listener at localhost/46875] INFO  server.RaftServerConfigKeys (ConfUtils.java:logGet(46)) - raft.server.rpc.request.timeout = 3000ms (default)
2022-05-26 08:03:26,191 [Listener at localhost/46875] INFO  grpc.GrpcConfigKeys (ConfUtils.java:logGet(46)) - raft.grpc.server.async.request.thread.pool.cached = true (default)
2022-05-26 08:03:26,191 [Listener at localhost/46875] INFO  grpc.GrpcConfigKeys (ConfUtils.java:logGet(46)) - raft.grpc.server.async.request.thread.pool.size = 32 (default)
2022-05-26 08:03:26,192 [Listener at localhost/46875] INFO  impl.DataStreamServerImpl (ConfUtils.java:logGet(46)) - raft.datastream.type = DISABLED (default)
2022-05-26 08:03:26,192 [Listener at localhost/46875] INFO  server.RaftServerConfigKeys (ConfUtils.java:logGet(46)) - raft.server.threadpool.proxy.cached = true (default)
2022-05-26 08:03:26,192 [Listener at localhost/46875] INFO  server.RaftServerConfigKeys (ConfUtils.java:logGet(46)) - raft.server.threadpool.proxy.size = 0 (default)
2022-05-26 08:03:26,193 [Listener at localhost/46875] INFO  server.RaftServerConfigKeys (ConfUtils.java:logGet(46)) - raft.server.rpc.slowness.timeout = 2s (custom)
2022-05-26 08:03:26,193 [Listener at localhost/46875] INFO  server.RaftServerConfigKeys (ConfUtils.java:logGet(46)) - raft.server.leaderelection.leader.step-down.wait-time = 10s (default)
2022-05-26 08:03:26,193 [Listener at localhost/46875] INFO  server.RaftServerConfigKeys (ConfUtils.java:logGet(46)) - raft.server.storage.dir = [/home/runner/work/ozone/ozone/hadoop-ozone/integration-test/target/test-dir/MiniOzoneClusterImpl-17bb6255-4ab1-443a-98be-5fd7627ecb82/omNode-1/ratis] (custom)
2022-05-26 08:03:26,194 [omNode-1-impl-thread1] INFO  server.RaftServer (RaftServerProxy.java:initGroupDir(247)) - omNode-1: found a subdirectory /home/runner/work/ozone/ozone/hadoop-ozone/integration-test/target/test-dir/MiniOzoneClusterImpl-17bb6255-4ab1-443a-98be-5fd7627ecb82/omNode-1/ratis/c9bc4cf4-3bc3-3c60-a66b-523986131536
2022-05-26 08:03:26,194 [Listener at localhost/46875] INFO  server.RaftServer (RaftServerProxy.java:addNew(96)) - omNode-1: addNew group-523986131536:[omNode-3|rpc:localhost:42233|priority:0, omNode-1|rpc:localhost:40183|priority:0, omNode-2|rpc:localhost:37413|priority:0] returns group-523986131536:java.util.concurrent.CompletableFuture@4ecdd8e6[Not completed]
2022-05-26 08:03:26,194 [Listener at localhost/46875] INFO  om.OzoneManager (OzoneManager.java:initializeRatisServer(1901)) - OzoneManager Ratis server initialized at port 40183
2022-05-26 08:03:26,195 [Listener at localhost/46875] INFO  ratis.OzoneManagerRatisServer (OzoneManagerRatisServer.java:start(554)) - Starting OzoneManagerRatisServer omNode-1 at port 40183
2022-05-26 08:03:26,195 [pool-404-thread-1] INFO  server.RaftServer$Division (RaftServerImpl.java:<init>(190)) - omNode-1: new RaftServerImpl for group-523986131536:[omNode-3|rpc:localhost:42233|priority:0, omNode-1|rpc:localhost:40183|priority:0, omNode-2|rpc:localhost:37413|priority:0] with OzoneManagerStateMachine:uninitialized
2022-05-26 08:03:26,195 [pool-404-thread-1] INFO  server.RaftServerConfigKeys (ConfUtils.java:logGet(46)) - raft.server.rpc.timeout.min = 1s (custom)
2022-05-26 08:03:26,195 [pool-404-thread-1] INFO  server.RaftServerConfigKeys (ConfUtils.java:logGet(46)) - raft.server.rpc.timeout.max = 1200ms (custom)
2022-05-26 08:03:26,195 [pool-404-thread-1] INFO  server.RaftServerConfigKeys (ConfUtils.java:logGet(46)) - raft.server.rpc.sleep.time = 25ms (default)
2022-05-26 08:03:26,195 [pool-404-thread-1] INFO  server.RaftServerConfigKeys (ConfUtils.java:logGet(46)) - raft.server.rpc.slowness.timeout = 2s (custom)
2022-05-26 08:03:26,195 [pool-404-thread-1] INFO  server.RaftServerConfigKeys (ConfUtils.java:logGet(46)) - raft.server.leaderelection.leader.step-down.wait-time = 10s (default)
2022-05-26 08:03:26,195 [pool-404-thread-1] INFO  server.RaftServerConfigKeys (ConfUtils.java:logGet(46)) - raft.server.sleep.deviation.threshold = 300ms (default)
2022-05-26 08:03:26,195 [pool-404-thread-1] INFO  server.RaftServer$Division (ServerState.java:<init>(107)) - omNode-1@group-523986131536: ConfigurationManager, init=-1: [omNode-3|rpc:localhost:42233|priority:0, omNode-1|rpc:localhost:40183|priority:0, omNode-2|rpc:localhost:37413|priority:0], old=null, confs=<EMPTY_MAP>
2022-05-26 08:03:26,195 [pool-404-thread-1] INFO  server.RaftServerConfigKeys (ConfUtils.java:logGet(46)) - raft.server.storage.dir = [/home/runner/work/ozone/ozone/hadoop-ozone/integration-test/target/test-dir/MiniOzoneClusterImpl-17bb6255-4ab1-443a-98be-5fd7627ecb82/omNode-1/ratis] (custom)
2022-05-26 08:03:26,195 [pool-404-thread-1] INFO  server.RaftServerConfigKeys (ConfUtils.java:logGet(46)) - raft.server.log.corruption.policy = EXCEPTION (default)
2022-05-26 08:03:26,195 [pool-404-thread-1] INFO  server.RaftServerConfigKeys (ConfUtils.java:logGet(46)) - raft.server.storage.free-space.min = 0MB (=0) (default)
2022-05-26 08:03:26,196 [pool-404-thread-1] INFO  storage.RaftStorageDirectory (RaftStorageDirectoryImpl.java:tryLock(230)) - Lock on /home/runner/work/ozone/ozone/hadoop-ozone/integration-test/target/test-dir/MiniOzoneClusterImpl-17bb6255-4ab1-443a-98be-5fd7627ecb82/omNode-1/ratis/c9bc4cf4-3bc3-3c60-a66b-523986131536/in_use.lock acquired by nodename 18146@fv-az35-51
2022-05-26 08:03:26,196 [pool-404-thread-1] INFO  storage.RaftStorage (RaftStorageImpl.java:analyzeAndRecoverStorage(110)) - Read RaftStorageMetadata{term=3, votedFor=omNode-3} from /home/runner/work/ozone/ozone/hadoop-ozone/integration-test/target/test-dir/MiniOzoneClusterImpl-17bb6255-4ab1-443a-98be-5fd7627ecb82/omNode-1/ratis/c9bc4cf4-3bc3-3c60-a66b-523986131536/current/raft-meta
2022-05-26 08:03:26,197 [pool-404-thread-1] INFO  server.RaftServer$Division (ServerState.java:setRaftConf(393)) - omNode-1@group-523986131536: set configuration 15: [omNode-3|rpc:localhost:42233|admin:|client:|dataStream:|priority:0, omNode-1|rpc:localhost:40183|admin:|client:|dataStream:|priority:0, omNode-2|rpc:localhost:37413|admin:|client:|dataStream:|priority:0], old=null
2022-05-26 08:03:26,197 [pool-404-thread-1] INFO  server.RaftServerConfigKeys (ConfUtils.java:logGet(46)) - raft.server.notification.no-leader.timeout = 2s (custom)
2022-05-26 08:03:26,197 [pool-404-thread-1] INFO  server.RaftServerConfigKeys (ConfUtils.java:logGet(46)) - raft.server.log.use.memory = false (default)
2022-05-26 08:03:26,197 [pool-404-thread-1] INFO  server.RaftServerConfigKeys (ConfUtils.java:logGet(46)) - raft.server.log.purge.gap = 50 (custom)
2022-05-26 08:03:26,197 [pool-404-thread-1] INFO  server.RaftServerConfigKeys (ConfUtils.java:logGet(46)) - raft.server.log.appender.buffer.byte-limit = 33554432 (custom)
2022-05-26 08:03:26,197 [pool-404-thread-1] INFO  server.RaftServerConfigKeys (ConfUtils.java:logGet(46)) - raft.server.log.statemachine.data.read.timeout = 1000ms (default)
2022-05-26 08:03:26,197 [pool-404-thread-1] INFO  server.RaftServerConfigKeys (ConfUtils.java:logGet(46)) - raft.server.log.segment.size.max = 4194304 (custom)
2022-05-26 08:03:26,198 [pool-404-thread-1] INFO  server.RaftServerConfigKeys (ConfUtils.java:logGet(46)) - raft.server.log.segment.cache.num.max = 2 (custom)
2022-05-26 08:03:26,198 [pool-404-thread-1] INFO  server.RaftServerConfigKeys (ConfUtils.java:logGet(46)) - raft.server.log.segment.cache.size.max = 200MB (=209715200) (default)
2022-05-26 08:03:26,198 [pool-404-thread-1] INFO  segmented.SegmentedRaftLogWorker (SegmentedRaftLogWorker.java:<init>(187)) - new omNode-1@group-523986131536-SegmentedRaftLogWorker for RaftStorageImpl:Storage Directory /home/runner/work/ozone/ozone/hadoop-ozone/integration-test/target/test-dir/MiniOzoneClusterImpl-17bb6255-4ab1-443a-98be-5fd7627ecb82/omNode-1/ratis/c9bc4cf4-3bc3-3c60-a66b-523986131536
2022-05-26 08:03:26,198 [pool-404-thread-1] INFO  server.RaftServerConfigKeys (ConfUtils.java:logGet(46)) - raft.server.log.queue.byte-limit = 64MB (=67108864) (default)
2022-05-26 08:03:26,198 [pool-404-thread-1] INFO  server.RaftServerConfigKeys (ConfUtils.java:logGet(46)) - raft.server.log.queue.element-limit = 4096 (default)
2022-05-26 08:03:26,198 [pool-404-thread-1] INFO  server.RaftServerConfigKeys (ConfUtils.java:logGet(46)) - raft.server.log.segment.size.max = 4194304 (custom)
2022-05-26 08:03:26,198 [pool-404-thread-1] INFO  server.RaftServerConfigKeys (ConfUtils.java:logGet(46)) - raft.server.log.preallocated.size = 4194304 (custom)
2022-05-26 08:03:26,198 [pool-404-thread-1] INFO  server.RaftServerConfigKeys (ConfUtils.java:logGet(46)) - raft.server.log.force.sync.num = 128 (default)
2022-05-26 08:03:26,198 [pool-404-thread-1] INFO  server.RaftServerConfigKeys (ConfUtils.java:logGet(46)) - raft.server.log.statemachine.data.sync = true (default)
2022-05-26 08:03:26,198 [pool-404-thread-1] INFO  server.RaftServerConfigKeys (ConfUtils.java:logGet(46)) - raft.server.log.statemachine.data.sync.timeout = 10s (default)
2022-05-26 08:03:26,199 [pool-404-thread-1] INFO  server.RaftServerConfigKeys (ConfUtils.java:logGet(46)) - raft.server.log.statemachine.data.sync.timeout.retry = -1 (default)
2022-05-26 08:03:26,199 [pool-404-thread-1] INFO  server.RaftServerConfigKeys (ConfUtils.java:logGet(46)) - raft.server.log.write.buffer.size = 64KB (=65536) (default)
2022-05-26 08:03:26,199 [pool-404-thread-1] INFO  server.RaftServerConfigKeys (ConfUtils.java:logGet(46)) - raft.server.log.unsafe-flush.enabled = false (default)
2022-05-26 08:03:26,200 [pool-404-thread-1] INFO  server.RaftServerConfigKeys (ConfUtils.java:logGet(46)) - raft.server.log.statemachine.data.caching.enabled = false (default)
2022-05-26 08:03:26,200 [pool-404-thread-1] INFO  server.RaftServer$Division (ServerState.java:setRaftConf(393)) - omNode-1@group-523986131536: set configuration 0: [omNode-3|rpc:localhost:42233|admin:|client:|dataStream:|priority:0, omNode-1|rpc:localhost:40183|admin:|client:|dataStream:|priority:0, omNode-2|rpc:localhost:37413|admin:|client:|dataStream:|priority:0], old=null
2022-05-26 08:03:26,203 [pool-404-thread-1] INFO  segmented.LogSegment (LogSegment.java:loadSegment(173)) - Successfully read 7 entries from segment file /home/runner/work/ozone/ozone/hadoop-ozone/integration-test/target/test-dir/MiniOzoneClusterImpl-17bb6255-4ab1-443a-98be-5fd7627ecb82/omNode-1/ratis/c9bc4cf4-3bc3-3c60-a66b-523986131536/current/log_0-6
2022-05-26 08:03:26,203 [pool-404-thread-1] INFO  server.RaftServer$Division (ServerState.java:setRaftConf(393)) - omNode-1@group-523986131536: set configuration 7: [omNode-3|rpc:localhost:42233|admin:|client:|dataStream:|priority:0, omNode-1|rpc:localhost:40183|admin:|client:|dataStream:|priority:0, omNode-2|rpc:localhost:37413|admin:|client:|dataStream:|priority:0], old=null
2022-05-26 08:03:26,203 [pool-404-thread-1] INFO  segmented.LogSegment (LogSegment.java:loadSegment(173)) - Successfully read 8 entries from segment file /home/runner/work/ozone/ozone/hadoop-ozone/integration-test/target/test-dir/MiniOzoneClusterImpl-17bb6255-4ab1-443a-98be-5fd7627ecb82/omNode-1/ratis/c9bc4cf4-3bc3-3c60-a66b-523986131536/current/log_7-14
2022-05-26 08:03:26,204 [pool-404-thread-1] INFO  server.RaftServer$Division (ServerState.java:setRaftConf(393)) - omNode-1@group-523986131536: set configuration 15: [omNode-3|rpc:localhost:42233|admin:|client:|dataStream:|priority:0, omNode-1|rpc:localhost:40183|admin:|client:|dataStream:|priority:0, omNode-2|rpc:localhost:37413|admin:|client:|dataStream:|priority:0], old=null
2022-05-26 08:03:26,204 [pool-404-thread-1] INFO  segmented.LogSegment (LogSegment.java:loadSegment(173)) - Successfully read 12 entries from segment file /home/runner/work/ozone/ozone/hadoop-ozone/integration-test/target/test-dir/MiniOzoneClusterImpl-17bb6255-4ab1-443a-98be-5fd7627ecb82/omNode-1/ratis/c9bc4cf4-3bc3-3c60-a66b-523986131536/current/log_inprogress_15
2022-05-26 08:03:26,204 [pool-404-thread-1] INFO  segmented.SegmentedRaftLogWorker (SegmentedRaftLogWorker.java:lambda$new$0(135)) - omNode-1@group-523986131536-SegmentedRaftLogWorker: flushIndex: setUnconditionally 0 -> 26
2022-05-26 08:03:26,204 [pool-404-thread-1] INFO  segmented.SegmentedRaftLogWorker (SegmentedRaftLogWorker.java:lambda$new$0(135)) - omNode-1@group-523986131536-SegmentedRaftLogWorker: safeCacheEvictIndex: setUnconditionally 0 -> 14
2022-05-26 08:03:26,208 [pool-404-thread-1] INFO  raftlog.RaftLog (RaftLogBase.java:lambda$new$0(53)) - omNode-1@group-523986131536-SegmentedRaftLog: commitIndex: updateToMax old=25, new=25, updated? false
2022-05-26 08:03:26,208 [pool-404-thread-1] INFO  server.RaftServerConfigKeys (ConfUtils.java:logGet(46)) - raft.server.snapshot.auto.trigger.enabled = true (custom)
2022-05-26 08:03:26,208 [pool-404-thread-1] INFO  server.RaftServerConfigKeys (ConfUtils.java:logGet(46)) - raft.server.snapshot.auto.trigger.threshold = 50 (custom)
2022-05-26 08:03:26,208 [pool-404-thread-1] INFO  server.RaftServerConfigKeys (ConfUtils.java:logGet(46)) - raft.server.snapshot.retention.file.num = -1 (default)
2022-05-26 08:03:26,208 [pool-404-thread-1] INFO  server.RaftServerConfigKeys (ConfUtils.java:logGet(46)) - raft.server.log.purge.upto.snapshot.index = true (custom)
2022-05-26 08:03:26,208 [pool-404-thread-1] INFO  server.RaftServerConfigKeys (ConfUtils.java:logGet(46)) - raft.server.retrycache.expirytime = 30000ms (custom)
2022-05-26 08:03:26,208 [pool-404-thread-1] INFO  server.RaftServerConfigKeys (ConfUtils.java:logGet(46)) - raft.server.retrycache.statistics.expirytime = 100μs (default)
2022-05-26 08:03:26,209 [pool-404-thread-1] INFO  server.RaftServerConfigKeys (ConfUtils.java:logGet(46)) - raft.server.log.appender.install.snapshot.enabled = false (custom)
2022-05-26 08:03:26,209 [pool-404-thread-1] INFO  server.RaftServerConfigKeys (ConfUtils.java:logGet(46)) - raft.server.threadpool.server.cached = true (default)
2022-05-26 08:03:26,209 [pool-404-thread-1] INFO  server.RaftServerConfigKeys (ConfUtils.java:logGet(46)) - raft.server.threadpool.server.size = 0 (default)
2022-05-26 08:03:26,209 [pool-404-thread-1] INFO  server.RaftServerConfigKeys (ConfUtils.java:logGet(46)) - raft.server.threadpool.client.cached = true (default)
2022-05-26 08:03:26,209 [pool-404-thread-1] INFO  server.RaftServerConfigKeys (ConfUtils.java:logGet(46)) - raft.server.threadpool.client.size = 0 (default)
2022-05-26 08:03:26,209 [omNode-1-impl-thread1] INFO  server.RaftServer$Division (RaftServerImpl.java:start(310)) - omNode-1@group-523986131536: start as a follower, conf=15: [omNode-3|rpc:localhost:42233|admin:|client:|dataStream:|priority:0, omNode-1|rpc:localhost:40183|admin:|client:|dataStream:|priority:0, omNode-2|rpc:localhost:37413|admin:|client:|dataStream:|priority:0], old=null
2022-05-26 08:03:26,209 [omNode-1-impl-thread1] INFO  server.RaftServer$Division (RaftServerImpl.java:setRole(299)) - omNode-1@group-523986131536: changes role from      null to FOLLOWER at term 3 for startAsFollower
2022-05-26 08:03:26,210 [omNode-1-impl-thread1] INFO  impl.RoleInfo (RoleInfo.java:updateAndGet(139)) - omNode-1: start omNode-1@group-523986131536-FollowerState
2022-05-26 08:03:26,210 [omNode-1-impl-thread1] INFO  util.JmxRegister (JmxRegister.java:tryRegister(44)) - Successfully registered JMX Bean with object name Ratis:service=RaftServer,group=group-523986131536,id=omNode-1
2022-05-26 08:03:26,211 [Listener at localhost/46875] INFO  server.RaftServer (RaftServerProxy.java:lambda$start$6(382)) - omNode-1: start RPC server
2022-05-26 08:03:26,213 [Listener at localhost/46875] INFO  server.GrpcService (GrpcService.java:startImpl(260)) - omNode-1: GrpcService started, listening on 40183
2022-05-26 08:03:26,216 [Listener at localhost/46875] INFO  om.OzoneManager (OzoneManager.java:getRpcServer(1030)) - Creating RPC Server
2022-05-26 08:03:26,217 [org.apache.ratis.util.JvmPauseMonitor$$Lambda$691/456821109@13bd7c56] INFO  util.JvmPauseMonitor (JvmPauseMonitor.java:run(103)) - JvmPauseMonitor-omNode-1: Started
2022-05-26 08:03:26,511 [Listener at localhost/46875] INFO  reflections.Reflections (Reflections.java:scan(232)) - Reflections took 294 ms to scan 19 urls, producing 61 keys and 3747 values [using 2 cores]
2022-05-26 08:03:26,512 [Listener at localhost/46875] INFO  ipc.CallQueueManager (CallQueueManager.java:<init>(90)) - Using callQueue: class java.util.concurrent.LinkedBlockingQueue, queueCapacity: 2000, scheduler: class org.apache.hadoop.ipc.DefaultRpcScheduler, ipcBackoff: false.
2022-05-26 08:03:26,517 [Listener at localhost/38409] INFO  http.BaseHttpServer (BaseHttpServer.java:newHttpServer2BuilderForOzone(209)) - Starting Web-server for ozoneManager at: http://0.0.0.0:35485
2022-05-26 08:03:26,518 [Listener at localhost/38409] INFO  http.BaseHttpServer (BaseHttpServer.java:<init>(107)) - Hadoop Security Enabled: false Ozone Security Enabled: false Ozone HTTP Security Enabled: false 
2022-05-26 08:03:26,518 [Listener at localhost/38409] INFO  server.AuthenticationFilter (AuthenticationFilter.java:constructSecretProvider(240)) - Unable to initialize FileSignerSecretProvider, falling back to use random secrets.
2022-05-26 08:03:26,519 [Socket Reader #1 for port 38409] INFO  ipc.Server (Server.java:run(1265)) - Starting Socket Reader #1 for port 38409
2022-05-26 08:03:26,519 [Listener at localhost/38409] WARN  http.HttpRequestLog (HttpRequestLog.java:getRequestLog(103)) - Jetty request log can only be enabled using Log4j
2022-05-26 08:03:26,523 [Listener at localhost/38409] INFO  http.HttpServer2 (HttpServer2.java:addGlobalFilter(1030)) - Added global filter 'safety' (class=org.apache.hadoop.hdds.server.http.HttpServer2$QuotingInputFilter)
2022-05-26 08:03:26,524 [Listener at localhost/38409] INFO  http.HttpServer2 (HttpServer2.java:addFilter(1006)) - Added filter static_user_filter (class=org.apache.hadoop.http.lib.StaticUserWebFilter$StaticUserFilter) to context ozoneManager
2022-05-26 08:03:26,524 [Listener at localhost/38409] INFO  http.HttpServer2 (HttpServer2.java:addFilter(1014)) - Added filter static_user_filter (class=org.apache.hadoop.http.lib.StaticUserWebFilter$StaticUserFilter) to context static
2022-05-26 08:03:26,524 [Listener at localhost/38409] INFO  http.HttpServer2 (HttpServer2.java:addFilter(1014)) - Added filter static_user_filter (class=org.apache.hadoop.http.lib.StaticUserWebFilter$StaticUserFilter) to context logs
2022-05-26 08:03:26,525 [Listener at localhost/38409] INFO  http.HttpServer2 (HttpServer2.java:bindListener(1249)) - Jetty bound to port 35485
2022-05-26 08:03:26,525 [Listener at localhost/38409] INFO  server.Server (Server.java:doStart(375)) - jetty-9.4.43.v20210629; built: 2021-06-30T11:07:22.254Z; git: 526006ecfa3af7f1a27ef3a288e2bef7ea9dd7e8; jvm 1.8.0_332-b09
2022-05-26 08:03:26,527 [Listener at localhost/38409] INFO  server.session (DefaultSessionIdManager.java:doStart(334)) - DefaultSessionIdManager workerName=node0
2022-05-26 08:03:26,528 [Listener at localhost/38409] INFO  server.session (DefaultSessionIdManager.java:doStart(339)) - No SessionScavenger set, using defaults
2022-05-26 08:03:26,528 [Listener at localhost/38409] INFO  server.session (HouseKeeper.java:startScavenging(132)) - node0 Scavenging every 660000ms
2022-05-26 08:03:26,528 [Listener at localhost/38409] INFO  handler.ContextHandler (ContextHandler.java:doStart(915)) - Started o.e.j.s.ServletContextHandler@5c457873{logs,/logs,file:///home/runner/work/ozone/ozone/hadoop-ozone/integration-test/target/log,AVAILABLE}
2022-05-26 08:03:26,529 [Listener at localhost/38409] INFO  handler.ContextHandler (ContextHandler.java:doStart(915)) - Started o.e.j.s.ServletContextHandler@66b545a5{static,/static,file:///home/runner/work/ozone/ozone/hadoop-ozone/integration-test/target/test-classes/webapps/static,AVAILABLE}
2022-05-26 08:03:26,531 [Listener at localhost/38409] INFO  handler.ContextHandler (ContextHandler.java:doStart(915)) - Started o.e.j.w.WebAppContext@5d1e33e5{ozoneManager,/,file:///home/runner/work/ozone/ozone/hadoop-ozone/integration-test/target/test-classes/webapps/ozoneManager/,AVAILABLE}{file:/home/runner/work/ozone/ozone/hadoop-ozone/integration-test/target/test-classes/webapps/ozoneManager}
2022-05-26 08:03:26,532 [Listener at localhost/38409] INFO  server.AbstractConnector (AbstractConnector.java:doStart(331)) - Started ServerConnector@2ae85f78{HTTP/1.1, (http/1.1)}{0.0.0.0:35485}
2022-05-26 08:03:26,533 [Listener at localhost/38409] INFO  server.Server (Server.java:doStart(415)) - Started @68473ms
2022-05-26 08:03:26,533 [Listener at localhost/38409] WARN  impl.MetricsSystemImpl (MetricsSystemImpl.java:register(279)) - Sink prometheus already exists!
2022-05-26 08:03:26,533 [Listener at localhost/38409] INFO  http.BaseHttpServer (BaseHttpServer.java:updateConnectorAddress(329)) - HTTP server of ozoneManager listening at http://0.0.0.0:35485
2022-05-26 08:03:26,536 [IPC Server Responder] INFO  ipc.Server (Server.java:run(1507)) - IPC Server Responder: starting
2022-05-26 08:03:26,536 [IPC Server listener on 38409] INFO  ipc.Server (Server.java:run(1344)) - IPC Server listener on 38409: starting
2022-05-26 08:03:26,543 [Listener at localhost/38409] INFO  om.OzoneManager (OzoneManager.java:startTrashEmptier(1845)) - Trash Interval set to 0. Files deleted won't move to trash
2022-05-26 08:03:26,543 [Listener at localhost/38409] INFO  om.OzoneManager (OzoneManager.java:stop(1960)) - omNode-2[localhost:38277]: Stopping Ozone Manager
2022-05-26 08:03:26,543 [org.apache.hadoop.util.JvmPauseMonitor$Monitor@504eab5f] INFO  util.JvmPauseMonitor (JvmPauseMonitor.java:run(188)) - Starting JVM pause monitor
2022-05-26 08:03:26,543 [Listener at localhost/38409] INFO  ipc.Server (Server.java:stop(3414)) - Stopping server on 38277
2022-05-26 08:03:26,545 [IPC Server Responder] INFO  ipc.Server (Server.java:run(1512)) - Stopping IPC Server Responder
2022-05-26 08:03:26,545 [Listener at localhost/38409] INFO  server.RaftServer (RaftServerProxy.java:lambda$close$7(398)) - omNode-2: close
2022-05-26 08:03:26,545 [IPC Server listener on 38277] INFO  ipc.Server (Server.java:run(1376)) - Stopping IPC Server listener on 38277
2022-05-26 08:03:26,545 [Listener at localhost/38409] INFO  server.RaftServer$Division (RaftServerImpl.java:lambda$close$4(434)) - omNode-2@group-523986131536: shutdown
2022-05-26 08:03:26,545 [Listener at localhost/38409] INFO  util.JmxRegister (JmxRegister.java:unregister(73)) - Successfully un-registered JMX Bean with object name Ratis:service=RaftServer,group=group-523986131536,id=omNode-2
2022-05-26 08:03:26,546 [Listener at localhost/38409] INFO  impl.RoleInfo (RoleInfo.java:shutdownFollowerState(110)) - omNode-2: shutdown omNode-2@group-523986131536-FollowerState
2022-05-26 08:03:26,546 [Listener at localhost/38409] INFO  impl.StateMachineUpdater (StateMachineUpdater.java:stopAndJoin(153)) - omNode-2@group-523986131536-StateMachineUpdater: set stopIndex = 25
2022-05-26 08:03:26,546 [omNode-2@group-523986131536-FollowerState] INFO  impl.FollowerState (FollowerState.java:run(152)) - omNode-2@group-523986131536-FollowerState was interrupted
2022-05-26 08:03:26,547 [omNode-2@group-523986131536-StateMachineUpdater] INFO  ratis.OzoneManagerStateMachine (OzoneManagerStateMachine.java:takeSnapshot(436)) - Current Snapshot Index (t:3, i:25)
2022-05-26 08:03:26,547 [omNode-2@group-523986131536-StateMachineUpdater] INFO  impl.StateMachineUpdater (StateMachineUpdater.java:takeSnapshot(287)) - omNode-2@group-523986131536-StateMachineUpdater: Took a snapshot at index 25
2022-05-26 08:03:26,547 [omNode-2@group-523986131536-StateMachineUpdater] INFO  impl.StateMachineUpdater (StateMachineUpdater.java:lambda$new$0(92)) - omNode-2@group-523986131536-StateMachineUpdater: snapshotIndex: updateIncreasingly 14 -> 25
2022-05-26 08:03:26,547 [omNode-2@group-523986131536-StateMachineUpdater] INFO  ratis.OzoneManagerStateMachine (OzoneManagerStateMachine.java:close(490)) - StateMachine has shutdown. Shutdown OzoneManager if not already shutdown.
2022-05-26 08:03:26,547 [omNode-2@group-523986131536-StateMachineUpdater] INFO  ratis.OzoneManagerDoubleBuffer (OzoneManagerDoubleBuffer.java:stop(465)) - Stopping OMDoubleBuffer flush thread
2022-05-26 08:03:26,547 [OMDoubleBufferFlushThread] INFO  ratis.OzoneManagerDoubleBuffer (OzoneManagerDoubleBuffer.java:flushTransactions(385)) - OMDoubleBuffer flush thread OMDoubleBufferFlushThread is interrupted and will exit.
2022-05-26 08:03:26,548 [Listener at localhost/38409] INFO  server.RaftServer$Division (ServerState.java:close(429)) - omNode-2@group-523986131536: closes. applyIndex: 25
2022-05-26 08:03:26,548 [omNode-2@group-523986131536-SegmentedRaftLogWorker] INFO  segmented.SegmentedRaftLogWorker (SegmentedRaftLogWorker.java:run(336)) - omNode-2@group-523986131536-SegmentedRaftLogWorker was interrupted, exiting. There are 0 tasks remaining in the queue.
2022-05-26 08:03:26,549 [Listener at localhost/38409] INFO  segmented.SegmentedRaftLogWorker (SegmentedRaftLogWorker.java:close(246)) - omNode-2@group-523986131536-SegmentedRaftLogWorker close()
2022-05-26 08:03:26,550 [Listener at localhost/38409] INFO  server.GrpcService (GrpcService.java:closeImpl(269)) - omNode-2: shutdown server with port 37413 now
2022-05-26 08:03:26,551 [Listener at localhost/38409] INFO  server.GrpcService (GrpcService.java:closeImpl(278)) - omNode-2: shutdown server with port 37413 successfully
2022-05-26 08:03:26,551 [org.apache.ratis.util.JvmPauseMonitor$$Lambda$691/456821109@2ed250fa] INFO  util.JvmPauseMonitor (JvmPauseMonitor.java:run(109)) - JvmPauseMonitor-omNode-2: Stopped
2022-05-26 08:03:26,551 [Listener at localhost/38409] INFO  ratis.OzoneManagerStateMachine (OzoneManagerStateMachine.java:close(490)) - StateMachine has shutdown. Shutdown OzoneManager if not already shutdown.
2022-05-26 08:03:26,551 [Listener at localhost/38409] INFO  ratis.OzoneManagerDoubleBuffer (OzoneManagerDoubleBuffer.java:stop(477)) - OMDoubleBuffer flush thread is not running.
2022-05-26 08:03:26,552 [Listener at localhost/38409] INFO  handler.ContextHandler (ContextHandler.java:doStop(1153)) - Stopped o.e.j.w.WebAppContext@2a97559f{ozoneManager,/,null,STOPPED}{file:/home/runner/work/ozone/ozone/hadoop-ozone/integration-test/target/test-classes/webapps/ozoneManager}
2022-05-26 08:03:26,553 [Listener at localhost/38409] INFO  server.AbstractConnector (AbstractConnector.java:doStop(381)) - Stopped ServerConnector@2c7ac668{HTTP/1.1, (http/1.1)}{0.0.0.0:45205}
2022-05-26 08:03:26,553 [Listener at localhost/38409] INFO  server.session (HouseKeeper.java:stopScavenging(149)) - node0 Stopped scavenging
2022-05-26 08:03:26,553 [Listener at localhost/38409] INFO  handler.ContextHandler (ContextHandler.java:doStop(1153)) - Stopped o.e.j.s.ServletContextHandler@5b391bd2{static,/static,file:///home/runner/work/ozone/ozone/hadoop-ozone/integration-test/target/test-classes/webapps/static,STOPPED}
2022-05-26 08:03:26,553 [Listener at localhost/38409] INFO  handler.ContextHandler (ContextHandler.java:doStop(1153)) - Stopped o.e.j.s.ServletContextHandler@62d288af{logs,/logs,file:///home/runner/work/ozone/ozone/hadoop-ozone/integration-test/target/log,STOPPED}
2022-05-26 08:03:26,554 [Listener at localhost/38409] INFO  om.OzoneManager (OzoneManager.java:restart(1497)) - OzoneManager RPC server is listening at localhost/127.0.0.1:38277
2022-05-26 08:03:26,555 [Listener at localhost/38409] INFO  impl.MetricsSystemImpl (MetricsSystemImpl.java:init(158)) - OzoneManager metrics system started (again)
2022-05-26 08:03:26,564 [Listener at localhost/38409] WARN  server.ServerUtils (ServerUtils.java:getDBPath(225)) - ozone.om.db.dirs is not configured. We recommend adding this setting. Falling back to ozone.metadata.dirs instead.
2022-05-26 08:03:26,565 [Listener at localhost/38409] INFO  codec.OmKeyInfoCodec (OmKeyInfoCodec.java:<init>(49)) - OmKeyInfoCodec ignorePipeline = true
2022-05-26 08:03:26,566 [Listener at localhost/38409] INFO  codec.RepeatedOmKeyInfoCodec (RepeatedOmKeyInfoCodec.java:<init>(41)) - RepeatedOmKeyInfoCodec ignorePipeline = true
2022-05-26 08:03:26,598 [Listener at localhost/38409] WARN  impl.MetricRegistriesImpl (MetricRegistriesImpl.java:addReporterRegistration(111)) - New reporters are added after registries were created. Some metrics will be missing from the reporter. Please add reporter before adding any new registry.
2022-05-26 08:03:26,599 [Listener at localhost/38409] WARN  impl.MetricRegistriesImpl (MetricRegistriesImpl.java:addReporterRegistration(111)) - New reporters are added after registries were created. Some metrics will be missing from the reporter. Please add reporter before adding any new registry.
2022-05-26 08:03:26,599 [Listener at localhost/38409] WARN  server.ServerUtils (ServerUtils.java:getDefaultRatisDirectory(237)) - Storage directory for Ratis is not configured. It is a good idea to map this to an SSD disk. Falling back to ozone.metadata.dirs
2022-05-26 08:03:26,600 [Listener at localhost/38409] INFO  ratis.OzoneManagerRatisServer (OzoneManagerRatisServer.java:<init>(159)) - Instantiating OM Ratis server with groupID: om-service-test1 and peers: localhost:37413, localhost:42233, localhost:40183
2022-05-26 08:03:26,600 [Listener at localhost/38409] INFO  ratis.OzoneManagerStateMachine (OzoneManagerStateMachine.java:loadSnapshotInfoFromDB(627)) - LastAppliedIndex is set from TransactionInfo from OM DB as (t:3, i:25)
2022-05-26 08:03:26,600 [Listener at localhost/38409] INFO  server.RaftServer (ConfUtils.java:logGet(46)) - raft.rpc.type = GRPC (default)
2022-05-26 08:03:26,600 [Listener at localhost/38409] INFO  grpc.GrpcFactory (GrpcFactory.java:checkPooledByteBufAllocatorUseCacheForAllThreads(48)) - PERFORMANCE WARNING: useCacheForAllThreads is true that may cause Netty to create a lot garbage objects and, as a result, trigger GC.
	It is recommended to disable useCacheForAllThreads by setting -Dorg.apache.ratis.thirdparty.io.netty.allocator.useCacheForAllThreads=false in command line.
2022-05-26 08:03:26,600 [Listener at localhost/38409] INFO  grpc.GrpcConfigKeys (ConfUtils.java:logGet(46)) - raft.grpc.admin.port = -1 (default)
2022-05-26 08:03:26,601 [Listener at localhost/38409] INFO  grpc.GrpcConfigKeys (ConfUtils.java:logGet(46)) - raft.grpc.server.port = 37413 (custom)
2022-05-26 08:03:26,601 [Listener at localhost/38409] INFO  grpc.GrpcConfigKeys (ConfUtils.java:logGet(46)) - raft.grpc.client.port = -1 (default)
2022-05-26 08:03:26,601 [Listener at localhost/38409] INFO  grpc.GrpcConfigKeys (ConfUtils.java:logGet(46)) - raft.grpc.server.port = 37413 (custom)
2022-05-26 08:03:26,601 [Listener at localhost/38409] INFO  grpc.GrpcConfigKeys (ConfUtils.java:logGet(46)) - raft.grpc.server.port = 37413 (custom)
2022-05-26 08:03:26,601 [Listener at localhost/38409] INFO  server.GrpcService (ConfUtils.java:logGet(46)) - raft.grpc.message.size.max = 33554432 (custom)
2022-05-26 08:03:26,601 [Listener at localhost/38409] INFO  server.RaftServerConfigKeys (ConfUtils.java:logGet(46)) - raft.server.log.appender.buffer.byte-limit = 33554432 (custom)
2022-05-26 08:03:26,601 [Listener at localhost/38409] INFO  server.GrpcService (ConfUtils.java:logGet(46)) - raft.grpc.flow.control.window = 1MB (=1048576) (default)
2022-05-26 08:03:26,601 [Listener at localhost/38409] INFO  server.RaftServerConfigKeys (ConfUtils.java:logGet(46)) - raft.server.rpc.request.timeout = 3000ms (default)
2022-05-26 08:03:26,602 [Listener at localhost/38409] INFO  grpc.GrpcConfigKeys (ConfUtils.java:logGet(46)) - raft.grpc.server.async.request.thread.pool.cached = true (default)
2022-05-26 08:03:26,602 [Listener at localhost/38409] INFO  grpc.GrpcConfigKeys (ConfUtils.java:logGet(46)) - raft.grpc.server.async.request.thread.pool.size = 32 (default)
2022-05-26 08:03:26,603 [Listener at localhost/38409] INFO  impl.DataStreamServerImpl (ConfUtils.java:logGet(46)) - raft.datastream.type = DISABLED (default)
2022-05-26 08:03:26,603 [Listener at localhost/38409] INFO  server.RaftServerConfigKeys (ConfUtils.java:logGet(46)) - raft.server.threadpool.proxy.cached = true (default)
2022-05-26 08:03:26,603 [Listener at localhost/38409] INFO  server.RaftServerConfigKeys (ConfUtils.java:logGet(46)) - raft.server.threadpool.proxy.size = 0 (default)
2022-05-26 08:03:26,603 [Listener at localhost/38409] INFO  server.RaftServerConfigKeys (ConfUtils.java:logGet(46)) - raft.server.rpc.slowness.timeout = 2s (custom)
2022-05-26 08:03:26,603 [Listener at localhost/38409] INFO  server.RaftServerConfigKeys (ConfUtils.java:logGet(46)) - raft.server.leaderelection.leader.step-down.wait-time = 10s (default)
2022-05-26 08:03:26,603 [Listener at localhost/38409] INFO  server.RaftServerConfigKeys (ConfUtils.java:logGet(46)) - raft.server.storage.dir = [/home/runner/work/ozone/ozone/hadoop-ozone/integration-test/target/test-dir/MiniOzoneClusterImpl-17bb6255-4ab1-443a-98be-5fd7627ecb82/omNode-2/ratis] (custom)
2022-05-26 08:03:26,604 [omNode-2-impl-thread1] INFO  server.RaftServer (RaftServerProxy.java:initGroupDir(247)) - omNode-2: found a subdirectory /home/runner/work/ozone/ozone/hadoop-ozone/integration-test/target/test-dir/MiniOzoneClusterImpl-17bb6255-4ab1-443a-98be-5fd7627ecb82/omNode-2/ratis/c9bc4cf4-3bc3-3c60-a66b-523986131536
2022-05-26 08:03:26,604 [Listener at localhost/38409] INFO  server.RaftServer (RaftServerProxy.java:addNew(96)) - omNode-2: addNew group-523986131536:[omNode-3|rpc:localhost:42233|priority:0, omNode-1|rpc:localhost:40183|priority:0, omNode-2|rpc:localhost:37413|priority:0] returns group-523986131536:java.util.concurrent.CompletableFuture@622bdfdc[Not completed]
2022-05-26 08:03:26,604 [Listener at localhost/38409] INFO  om.OzoneManager (OzoneManager.java:initializeRatisServer(1901)) - OzoneManager Ratis server initialized at port 37413
2022-05-26 08:03:26,604 [Listener at localhost/38409] INFO  ratis.OzoneManagerRatisServer (OzoneManagerRatisServer.java:start(554)) - Starting OzoneManagerRatisServer omNode-2 at port 37413
2022-05-26 08:03:26,605 [pool-425-thread-1] INFO  server.RaftServer$Division (RaftServerImpl.java:<init>(190)) - omNode-2: new RaftServerImpl for group-523986131536:[omNode-3|rpc:localhost:42233|priority:0, omNode-1|rpc:localhost:40183|priority:0, omNode-2|rpc:localhost:37413|priority:0] with OzoneManagerStateMachine:uninitialized
2022-05-26 08:03:26,605 [pool-425-thread-1] INFO  server.RaftServerConfigKeys (ConfUtils.java:logGet(46)) - raft.server.rpc.timeout.min = 1s (custom)
2022-05-26 08:03:26,605 [pool-425-thread-1] INFO  server.RaftServerConfigKeys (ConfUtils.java:logGet(46)) - raft.server.rpc.timeout.max = 1200ms (custom)
2022-05-26 08:03:26,605 [pool-425-thread-1] INFO  server.RaftServerConfigKeys (ConfUtils.java:logGet(46)) - raft.server.rpc.sleep.time = 25ms (default)
2022-05-26 08:03:26,605 [pool-425-thread-1] INFO  server.RaftServerConfigKeys (ConfUtils.java:logGet(46)) - raft.server.rpc.slowness.timeout = 2s (custom)
2022-05-26 08:03:26,605 [pool-425-thread-1] INFO  server.RaftServerConfigKeys (ConfUtils.java:logGet(46)) - raft.server.leaderelection.leader.step-down.wait-time = 10s (default)
2022-05-26 08:03:26,605 [pool-425-thread-1] INFO  server.RaftServerConfigKeys (ConfUtils.java:logGet(46)) - raft.server.sleep.deviation.threshold = 300ms (default)
2022-05-26 08:03:26,605 [pool-425-thread-1] INFO  server.RaftServer$Division (ServerState.java:<init>(107)) - omNode-2@group-523986131536: ConfigurationManager, init=-1: [omNode-3|rpc:localhost:42233|priority:0, omNode-1|rpc:localhost:40183|priority:0, omNode-2|rpc:localhost:37413|priority:0], old=null, confs=<EMPTY_MAP>
2022-05-26 08:03:26,605 [pool-425-thread-1] INFO  server.RaftServerConfigKeys (ConfUtils.java:logGet(46)) - raft.server.storage.dir = [/home/runner/work/ozone/ozone/hadoop-ozone/integration-test/target/test-dir/MiniOzoneClusterImpl-17bb6255-4ab1-443a-98be-5fd7627ecb82/omNode-2/ratis] (custom)
2022-05-26 08:03:26,605 [pool-425-thread-1] INFO  server.RaftServerConfigKeys (ConfUtils.java:logGet(46)) - raft.server.log.corruption.policy = EXCEPTION (default)
2022-05-26 08:03:26,605 [pool-425-thread-1] INFO  server.RaftServerConfigKeys (ConfUtils.java:logGet(46)) - raft.server.storage.free-space.min = 0MB (=0) (default)
2022-05-26 08:03:26,606 [pool-425-thread-1] INFO  storage.RaftStorageDirectory (RaftStorageDirectoryImpl.java:tryLock(230)) - Lock on /home/runner/work/ozone/ozone/hadoop-ozone/integration-test/target/test-dir/MiniOzoneClusterImpl-17bb6255-4ab1-443a-98be-5fd7627ecb82/omNode-2/ratis/c9bc4cf4-3bc3-3c60-a66b-523986131536/in_use.lock acquired by nodename 18146@fv-az35-51
2022-05-26 08:03:26,606 [pool-425-thread-1] INFO  storage.RaftStorage (RaftStorageImpl.java:analyzeAndRecoverStorage(110)) - Read RaftStorageMetadata{term=3, votedFor=omNode-3} from /home/runner/work/ozone/ozone/hadoop-ozone/integration-test/target/test-dir/MiniOzoneClusterImpl-17bb6255-4ab1-443a-98be-5fd7627ecb82/omNode-2/ratis/c9bc4cf4-3bc3-3c60-a66b-523986131536/current/raft-meta
2022-05-26 08:03:26,607 [pool-425-thread-1] INFO  server.RaftServer$Division (ServerState.java:setRaftConf(393)) - omNode-2@group-523986131536: set configuration 15: [omNode-3|rpc:localhost:42233|admin:|client:|dataStream:|priority:0, omNode-1|rpc:localhost:40183|admin:|client:|dataStream:|priority:0, omNode-2|rpc:localhost:37413|admin:|client:|dataStream:|priority:0], old=null
2022-05-26 08:03:26,607 [pool-425-thread-1] INFO  server.RaftServerConfigKeys (ConfUtils.java:logGet(46)) - raft.server.notification.no-leader.timeout = 2s (custom)
2022-05-26 08:03:26,607 [pool-425-thread-1] INFO  server.RaftServerConfigKeys (ConfUtils.java:logGet(46)) - raft.server.log.use.memory = false (default)
2022-05-26 08:03:26,607 [pool-425-thread-1] INFO  server.RaftServerConfigKeys (ConfUtils.java:logGet(46)) - raft.server.log.purge.gap = 50 (custom)
2022-05-26 08:03:26,607 [pool-425-thread-1] INFO  server.RaftServerConfigKeys (ConfUtils.java:logGet(46)) - raft.server.log.appender.buffer.byte-limit = 33554432 (custom)
2022-05-26 08:03:26,607 [pool-425-thread-1] INFO  server.RaftServerConfigKeys (ConfUtils.java:logGet(46)) - raft.server.log.statemachine.data.read.timeout = 1000ms (default)
2022-05-26 08:03:26,607 [pool-425-thread-1] INFO  server.RaftServerConfigKeys (ConfUtils.java:logGet(46)) - raft.server.log.segment.size.max = 4194304 (custom)
2022-05-26 08:03:26,608 [pool-425-thread-1] INFO  server.RaftServerConfigKeys (ConfUtils.java:logGet(46)) - raft.server.log.segment.cache.num.max = 2 (custom)
2022-05-26 08:03:26,608 [pool-425-thread-1] INFO  server.RaftServerConfigKeys (ConfUtils.java:logGet(46)) - raft.server.log.segment.cache.size.max = 200MB (=209715200) (default)
2022-05-26 08:03:26,608 [pool-425-thread-1] INFO  segmented.SegmentedRaftLogWorker (SegmentedRaftLogWorker.java:<init>(187)) - new omNode-2@group-523986131536-SegmentedRaftLogWorker for RaftStorageImpl:Storage Directory /home/runner/work/ozone/ozone/hadoop-ozone/integration-test/target/test-dir/MiniOzoneClusterImpl-17bb6255-4ab1-443a-98be-5fd7627ecb82/omNode-2/ratis/c9bc4cf4-3bc3-3c60-a66b-523986131536
2022-05-26 08:03:26,608 [pool-425-thread-1] INFO  server.RaftServerConfigKeys (ConfUtils.java:logGet(46)) - raft.server.log.queue.byte-limit = 64MB (=67108864) (default)
2022-05-26 08:03:26,608 [pool-425-thread-1] INFO  server.RaftServerConfigKeys (ConfUtils.java:logGet(46)) - raft.server.log.queue.element-limit = 4096 (default)
2022-05-26 08:03:26,608 [pool-425-thread-1] INFO  server.RaftServerConfigKeys (ConfUtils.java:logGet(46)) - raft.server.log.segment.size.max = 4194304 (custom)
2022-05-26 08:03:26,608 [pool-425-thread-1] INFO  server.RaftServerConfigKeys (ConfUtils.java:logGet(46)) - raft.server.log.preallocated.size = 4194304 (custom)
2022-05-26 08:03:26,608 [pool-425-thread-1] INFO  server.RaftServerConfigKeys (ConfUtils.java:logGet(46)) - raft.server.log.force.sync.num = 128 (default)
2022-05-26 08:03:26,608 [pool-425-thread-1] INFO  server.RaftServerConfigKeys (ConfUtils.java:logGet(46)) - raft.server.log.statemachine.data.sync = true (default)
2022-05-26 08:03:26,608 [pool-425-thread-1] INFO  server.RaftServerConfigKeys (ConfUtils.java:logGet(46)) - raft.server.log.statemachine.data.sync.timeout = 10s (default)
2022-05-26 08:03:26,608 [pool-425-thread-1] INFO  server.RaftServerConfigKeys (ConfUtils.java:logGet(46)) - raft.server.log.statemachine.data.sync.timeout.retry = -1 (default)
2022-05-26 08:03:26,609 [pool-425-thread-1] INFO  server.RaftServerConfigKeys (ConfUtils.java:logGet(46)) - raft.server.log.write.buffer.size = 64KB (=65536) (default)
2022-05-26 08:03:26,609 [pool-425-thread-1] INFO  server.RaftServerConfigKeys (ConfUtils.java:logGet(46)) - raft.server.log.unsafe-flush.enabled = false (default)
2022-05-26 08:03:26,609 [pool-425-thread-1] INFO  server.RaftServerConfigKeys (ConfUtils.java:logGet(46)) - raft.server.log.statemachine.data.caching.enabled = false (default)
2022-05-26 08:03:26,610 [pool-425-thread-1] INFO  server.RaftServer$Division (ServerState.java:setRaftConf(393)) - omNode-2@group-523986131536: set configuration 0: [omNode-3|rpc:localhost:42233|admin:|client:|dataStream:|priority:0, omNode-1|rpc:localhost:40183|admin:|client:|dataStream:|priority:0, omNode-2|rpc:localhost:37413|admin:|client:|dataStream:|priority:0], old=null
2022-05-26 08:03:26,610 [pool-425-thread-1] INFO  segmented.LogSegment (LogSegment.java:loadSegment(173)) - Successfully read 7 entries from segment file /home/runner/work/ozone/ozone/hadoop-ozone/integration-test/target/test-dir/MiniOzoneClusterImpl-17bb6255-4ab1-443a-98be-5fd7627ecb82/omNode-2/ratis/c9bc4cf4-3bc3-3c60-a66b-523986131536/current/log_0-6
2022-05-26 08:03:26,610 [pool-425-thread-1] INFO  server.RaftServer$Division (ServerState.java:setRaftConf(393)) - omNode-2@group-523986131536: set configuration 7: [omNode-3|rpc:localhost:42233|admin:|client:|dataStream:|priority:0, omNode-1|rpc:localhost:40183|admin:|client:|dataStream:|priority:0, omNode-2|rpc:localhost:37413|admin:|client:|dataStream:|priority:0], old=null
2022-05-26 08:03:26,611 [pool-425-thread-1] INFO  segmented.LogSegment (LogSegment.java:loadSegment(173)) - Successfully read 8 entries from segment file /home/runner/work/ozone/ozone/hadoop-ozone/integration-test/target/test-dir/MiniOzoneClusterImpl-17bb6255-4ab1-443a-98be-5fd7627ecb82/omNode-2/ratis/c9bc4cf4-3bc3-3c60-a66b-523986131536/current/log_7-14
2022-05-26 08:03:26,611 [pool-425-thread-1] INFO  server.RaftServer$Division (ServerState.java:setRaftConf(393)) - omNode-2@group-523986131536: set configuration 15: [omNode-3|rpc:localhost:42233|admin:|client:|dataStream:|priority:0, omNode-1|rpc:localhost:40183|admin:|client:|dataStream:|priority:0, omNode-2|rpc:localhost:37413|admin:|client:|dataStream:|priority:0], old=null
2022-05-26 08:03:26,611 [pool-425-thread-1] INFO  segmented.LogSegment (LogSegment.java:loadSegment(173)) - Successfully read 12 entries from segment file /home/runner/work/ozone/ozone/hadoop-ozone/integration-test/target/test-dir/MiniOzoneClusterImpl-17bb6255-4ab1-443a-98be-5fd7627ecb82/omNode-2/ratis/c9bc4cf4-3bc3-3c60-a66b-523986131536/current/log_inprogress_15
2022-05-26 08:03:26,611 [pool-425-thread-1] INFO  segmented.SegmentedRaftLogWorker (SegmentedRaftLogWorker.java:lambda$new$0(135)) - omNode-2@group-523986131536-SegmentedRaftLogWorker: flushIndex: setUnconditionally 0 -> 26
2022-05-26 08:03:26,611 [pool-425-thread-1] INFO  segmented.SegmentedRaftLogWorker (SegmentedRaftLogWorker.java:lambda$new$0(135)) - omNode-2@group-523986131536-SegmentedRaftLogWorker: safeCacheEvictIndex: setUnconditionally 0 -> 14
2022-05-26 08:03:26,611 [pool-425-thread-1] INFO  raftlog.RaftLog (RaftLogBase.java:lambda$new$0(53)) - omNode-2@group-523986131536-SegmentedRaftLog: commitIndex: updateToMax old=25, new=25, updated? false
2022-05-26 08:03:26,612 [pool-425-thread-1] INFO  server.RaftServerConfigKeys (ConfUtils.java:logGet(46)) - raft.server.snapshot.auto.trigger.enabled = true (custom)
2022-05-26 08:03:26,612 [pool-425-thread-1] INFO  server.RaftServerConfigKeys (ConfUtils.java:logGet(46)) - raft.server.snapshot.auto.trigger.threshold = 50 (custom)
2022-05-26 08:03:26,612 [pool-425-thread-1] INFO  server.RaftServerConfigKeys (ConfUtils.java:logGet(46)) - raft.server.snapshot.retention.file.num = -1 (default)
2022-05-26 08:03:26,612 [pool-425-thread-1] INFO  server.RaftServerConfigKeys (ConfUtils.java:logGet(46)) - raft.server.log.purge.upto.snapshot.index = true (custom)
2022-05-26 08:03:26,612 [pool-425-thread-1] INFO  server.RaftServerConfigKeys (ConfUtils.java:logGet(46)) - raft.server.retrycache.expirytime = 30000ms (custom)
2022-05-26 08:03:26,612 [pool-425-thread-1] INFO  server.RaftServerConfigKeys (ConfUtils.java:logGet(46)) - raft.server.retrycache.statistics.expirytime = 100μs (default)
2022-05-26 08:03:26,613 [pool-425-thread-1] INFO  server.RaftServerConfigKeys (ConfUtils.java:logGet(46)) - raft.server.log.appender.install.snapshot.enabled = false (custom)
2022-05-26 08:03:26,613 [pool-425-thread-1] INFO  server.RaftServerConfigKeys (ConfUtils.java:logGet(46)) - raft.server.threadpool.server.cached = true (default)
2022-05-26 08:03:26,613 [pool-425-thread-1] INFO  server.RaftServerConfigKeys (ConfUtils.java:logGet(46)) - raft.server.threadpool.server.size = 0 (default)
2022-05-26 08:03:26,613 [pool-425-thread-1] INFO  server.RaftServerConfigKeys (ConfUtils.java:logGet(46)) - raft.server.threadpool.client.cached = true (default)
2022-05-26 08:03:26,613 [pool-425-thread-1] INFO  server.RaftServerConfigKeys (ConfUtils.java:logGet(46)) - raft.server.threadpool.client.size = 0 (default)
2022-05-26 08:03:26,613 [omNode-2-impl-thread1] INFO  server.RaftServer$Division (RaftServerImpl.java:start(310)) - omNode-2@group-523986131536: start as a follower, conf=15: [omNode-3|rpc:localhost:42233|admin:|client:|dataStream:|priority:0, omNode-1|rpc:localhost:40183|admin:|client:|dataStream:|priority:0, omNode-2|rpc:localhost:37413|admin:|client:|dataStream:|priority:0], old=null
2022-05-26 08:03:26,613 [omNode-2-impl-thread1] INFO  server.RaftServer$Division (RaftServerImpl.java:setRole(299)) - omNode-2@group-523986131536: changes role from      null to FOLLOWER at term 3 for startAsFollower
2022-05-26 08:03:26,613 [omNode-2-impl-thread1] INFO  impl.RoleInfo (RoleInfo.java:updateAndGet(139)) - omNode-2: start omNode-2@group-523986131536-FollowerState
2022-05-26 08:03:26,614 [omNode-2-impl-thread1] INFO  util.JmxRegister (JmxRegister.java:tryRegister(44)) - Successfully registered JMX Bean with object name Ratis:service=RaftServer,group=group-523986131536,id=omNode-2
2022-05-26 08:03:26,617 [Listener at localhost/38409] INFO  server.RaftServer (RaftServerProxy.java:lambda$start$6(382)) - omNode-2: start RPC server
2022-05-26 08:03:26,622 [Listener at localhost/38409] INFO  server.GrpcService (GrpcService.java:startImpl(260)) - omNode-2: GrpcService started, listening on 37413
2022-05-26 08:03:26,622 [Listener at localhost/38409] INFO  om.OzoneManager (OzoneManager.java:getRpcServer(1030)) - Creating RPC Server
2022-05-26 08:03:26,622 [org.apache.ratis.util.JvmPauseMonitor$$Lambda$691/456821109@996ed93] INFO  util.JvmPauseMonitor (JvmPauseMonitor.java:run(103)) - JvmPauseMonitor-omNode-2: Started
2022-05-26 08:03:26,846 [omNode-3@group-523986131536-FollowerState] INFO  impl.FollowerState (FollowerState.java:run(143)) - omNode-3@group-523986131536-FollowerState: change to CANDIDATE, lastRpcElapsedTime:1115609945ns, electionTimeout:1106ms
2022-05-26 08:03:26,846 [omNode-3@group-523986131536-FollowerState] INFO  impl.RoleInfo (RoleInfo.java:shutdownFollowerState(110)) - omNode-3: shutdown omNode-3@group-523986131536-FollowerState
2022-05-26 08:03:26,846 [omNode-3@group-523986131536-FollowerState] INFO  server.RaftServer$Division (RaftServerImpl.java:setRole(299)) - omNode-3@group-523986131536: changes role from  FOLLOWER to CANDIDATE at term 3 for changeToCandidate
2022-05-26 08:03:26,846 [omNode-3@group-523986131536-FollowerState] INFO  server.RaftServerConfigKeys (ConfUtils.java:logGet(46)) - raft.server.leaderelection.pre-vote = false (custom)
2022-05-26 08:03:26,846 [omNode-3@group-523986131536-FollowerState] INFO  impl.RoleInfo (RoleInfo.java:updateAndGet(139)) - omNode-3: start omNode-3@group-523986131536-LeaderElection13
2022-05-26 08:03:26,852 [omNode-3@group-523986131536-LeaderElection13] INFO  impl.LeaderElection (LeaderElection.java:askForVotes(310)) - omNode-3@group-523986131536-LeaderElection13 ELECTION round 0: submit vote requests at term 4 for 15: [omNode-3|rpc:localhost:42233|admin:|client:|dataStream:|priority:0, omNode-1|rpc:localhost:40183|admin:|client:|dataStream:|priority:0, omNode-2|rpc:localhost:37413|admin:|client:|dataStream:|priority:0], old=null
2022-05-26 08:03:26,863 [grpc-default-executor-3] INFO  server.RaftServer$Division (RaftServerImpl.java:requestVote(1152)) - omNode-1@group-523986131536: receive requestVote(ELECTION, omNode-3, group-523986131536, 4, (t:3, i:26))
2022-05-26 08:03:26,863 [grpc-default-executor-3] INFO  impl.VoteContext (VoteContext.java:log(48)) - omNode-1@group-523986131536-FOLLOWER: accept ELECTION from omNode-3: our priority 0 <= candidate's priority 0
2022-05-26 08:03:26,863 [grpc-default-executor-3] INFO  server.RaftServer$Division (RaftServerImpl.java:setRole(299)) - omNode-1@group-523986131536: changes role from  FOLLOWER to FOLLOWER at term 4 for candidate:omNode-3
2022-05-26 08:03:26,863 [grpc-default-executor-3] INFO  impl.RoleInfo (RoleInfo.java:shutdownFollowerState(110)) - omNode-1: shutdown omNode-1@group-523986131536-FollowerState
2022-05-26 08:03:26,863 [grpc-default-executor-3] INFO  impl.RoleInfo (RoleInfo.java:updateAndGet(139)) - omNode-1: start omNode-1@group-523986131536-FollowerState
2022-05-26 08:03:26,863 [omNode-1@group-523986131536-FollowerState] INFO  impl.FollowerState (FollowerState.java:run(152)) - omNode-1@group-523986131536-FollowerState was interrupted
2022-05-26 08:03:26,869 [grpc-default-executor-3] INFO  server.RaftServer$Division (RaftServerImpl.java:requestVote(1184)) - omNode-1@group-523986131536 replies to ELECTION vote request: omNode-3<-omNode-1#0:OK-t4. Peer's state: omNode-1@group-523986131536:t4, leader=null, voted=omNode-3, raftlog=omNode-1@group-523986131536-SegmentedRaftLog:OPENED:c25, conf=15: [omNode-3|rpc:localhost:42233|admin:|client:|dataStream:|priority:0, omNode-1|rpc:localhost:40183|admin:|client:|dataStream:|priority:0, omNode-2|rpc:localhost:37413|admin:|client:|dataStream:|priority:0], old=null
2022-05-26 08:03:26,870 [omNode-3@group-523986131536-LeaderElection13] INFO  impl.LeaderElection (LeaderElection.java:logAndReturn(90)) - omNode-3@group-523986131536-LeaderElection13: ELECTION PASSED received 1 response(s) and 0 exception(s):
2022-05-26 08:03:26,871 [omNode-3@group-523986131536-LeaderElection13] INFO  impl.LeaderElection (LeaderElection.java:logAndReturn(94)) -   Response 0: omNode-3<-omNode-1#0:OK-t4
2022-05-26 08:03:26,871 [omNode-3@group-523986131536-LeaderElection13] INFO  impl.LeaderElection (LeaderElection.java:askForVotes(312)) - omNode-3@group-523986131536-LeaderElection13 ELECTION round 0: result PASSED
2022-05-26 08:03:26,871 [omNode-3@group-523986131536-LeaderElection13] INFO  impl.RoleInfo (RoleInfo.java:shutdownLeaderElection(130)) - omNode-3: shutdown omNode-3@group-523986131536-LeaderElection13
2022-05-26 08:03:26,871 [omNode-3@group-523986131536-LeaderElection13] INFO  server.RaftServer$Division (RaftServerImpl.java:setRole(299)) - omNode-3@group-523986131536: changes role from CANDIDATE to LEADER at term 4 for changeToLeader
2022-05-26 08:03:26,871 [omNode-3@group-523986131536-LeaderElection13] INFO  server.RaftServer$Division (ServerState.java:setLeader(287)) - omNode-3@group-523986131536: change Leader from null to omNode-3 at term 4 for becomeLeader, leader elected after 1151ms
2022-05-26 08:03:26,871 [omNode-3@group-523986131536-LeaderElection13] INFO  server.RaftServerConfigKeys (ConfUtils.java:logGet(46)) - raft.server.staging.catchup.gap = 1000 (default)
2022-05-26 08:03:26,871 [omNode-3@group-523986131536-LeaderElection13] INFO  server.RaftServerConfigKeys (ConfUtils.java:logGet(46)) - raft.server.write.element-limit = 4096 (default)
2022-05-26 08:03:26,871 [omNode-3@group-523986131536-LeaderElection13] INFO  server.RaftServerConfigKeys (ConfUtils.java:logGet(46)) - raft.server.write.byte-limit = 64MB (=67108864) (default)
2022-05-26 08:03:26,871 [omNode-3@group-523986131536-LeaderElection13] INFO  server.RaftServerConfigKeys (ConfUtils.java:logGet(46)) - raft.server.watch.timeout = 10s (default)
2022-05-26 08:03:26,871 [omNode-3@group-523986131536-LeaderElection13] INFO  server.RaftServerConfigKeys (ConfUtils.java:logGet(46)) - raft.server.watch.timeout.denomination = 1s (default)
2022-05-26 08:03:26,871 [omNode-3@group-523986131536-LeaderElection13] INFO  server.RaftServerConfigKeys (ConfUtils.java:logGet(46)) - raft.server.watch.element-limit = 65536 (default)
2022-05-26 08:03:26,871 [omNode-3@group-523986131536-LeaderElection13] INFO  server.RaftServerConfigKeys (ConfUtils.java:logGet(46)) - raft.server.write.element-limit = 4096 (default)
2022-05-26 08:03:26,872 [omNode-3@group-523986131536-LeaderElection13] INFO  server.RaftServerConfigKeys (ConfUtils.java:logGet(46)) - raft.server.write.follower.gap.ratio.max = -1.0 (default)
2022-05-26 08:03:26,872 [omNode-3@group-523986131536-LeaderElection13] INFO  server.RaftServerConfigKeys (ConfUtils.java:logGet(46)) - raft.server.log.appender.snapshot.chunk.size.max = 16MB (=16777216) (default)
2022-05-26 08:03:26,872 [omNode-3@group-523986131536-LeaderElection13] INFO  server.RaftServerConfigKeys (ConfUtils.java:logGet(46)) - raft.server.log.appender.buffer.byte-limit = 33554432 (custom)
2022-05-26 08:03:26,872 [omNode-3@group-523986131536-LeaderElection13] INFO  server.RaftServerConfigKeys (ConfUtils.java:logGet(46)) - raft.server.log.appender.buffer.element-limit = 1024 (custom)
2022-05-26 08:03:26,872 [omNode-3@group-523986131536-LeaderElection13] INFO  grpc.GrpcConfigKeys (ConfUtils.java:logGet(46)) - raft.grpc.server.leader.outstanding.appends.max = 128 (default)
2022-05-26 08:03:26,872 [omNode-3@group-523986131536-LeaderElection13] INFO  server.RaftServerConfigKeys (ConfUtils.java:logGet(46)) - raft.server.rpc.request.timeout = 3000ms (default)
2022-05-26 08:03:26,872 [omNode-3@group-523986131536-LeaderElection13] INFO  server.RaftServerConfigKeys (ConfUtils.java:logGet(46)) - raft.server.log.appender.install.snapshot.enabled = false (custom)
2022-05-26 08:03:26,873 [omNode-3@group-523986131536-LeaderElection13] INFO  server.RaftServerConfigKeys (ConfUtils.java:logGet(46)) - raft.server.log.appender.snapshot.chunk.size.max = 16MB (=16777216) (default)
2022-05-26 08:03:26,873 [omNode-3@group-523986131536-LeaderElection13] INFO  server.RaftServerConfigKeys (ConfUtils.java:logGet(46)) - raft.server.log.appender.buffer.byte-limit = 33554432 (custom)
2022-05-26 08:03:26,873 [omNode-3@group-523986131536-LeaderElection13] INFO  server.RaftServerConfigKeys (ConfUtils.java:logGet(46)) - raft.server.log.appender.buffer.element-limit = 1024 (custom)
2022-05-26 08:03:26,873 [omNode-3@group-523986131536-LeaderElection13] INFO  grpc.GrpcConfigKeys (ConfUtils.java:logGet(46)) - raft.grpc.server.leader.outstanding.appends.max = 128 (default)
2022-05-26 08:03:26,873 [omNode-3@group-523986131536-LeaderElection13] INFO  server.RaftServerConfigKeys (ConfUtils.java:logGet(46)) - raft.server.rpc.request.timeout = 3000ms (default)
2022-05-26 08:03:26,874 [omNode-3@group-523986131536-LeaderElection13] INFO  server.RaftServerConfigKeys (ConfUtils.java:logGet(46)) - raft.server.log.appender.install.snapshot.enabled = false (custom)
2022-05-26 08:03:26,874 [omNode-3@group-523986131536-LeaderElection13] INFO  impl.RoleInfo (RoleInfo.java:updateAndGet(139)) - omNode-3: start omNode-3@group-523986131536-LeaderStateImpl
2022-05-26 08:03:26,874 [omNode-3@group-523986131536-LeaderElection13] INFO  segmented.SegmentedRaftLogWorker (SegmentedRaftLogWorker.java:rollLogSegment(430)) - omNode-3@group-523986131536-SegmentedRaftLogWorker: Rolling segment log-15_26 to index:26
2022-05-26 08:03:26,895 [grpc-default-executor-3] INFO  server.RaftServer$Division (RaftServerImpl.java:requestVote(1152)) - omNode-2@group-523986131536: receive requestVote(ELECTION, omNode-3, group-523986131536, 4, (t:3, i:26))
2022-05-26 08:03:26,896 [Listener at localhost/38409] INFO  reflections.Reflections (Reflections.java:scan(232)) - Reflections took 270 ms to scan 19 urls, producing 61 keys and 3747 values [using 2 cores]
2022-05-26 08:03:26,895 [omNode-3@group-523986131536-SegmentedRaftLogWorker] INFO  segmented.SegmentedRaftLogWorker (SegmentedRaftLogWorker.java:execute(586)) - omNode-3@group-523986131536-SegmentedRaftLogWorker: Rolled log segment from /home/runner/work/ozone/ozone/hadoop-ozone/integration-test/target/test-dir/MiniOzoneClusterImpl-17bb6255-4ab1-443a-98be-5fd7627ecb82/omNode-3/ratis/c9bc4cf4-3bc3-3c60-a66b-523986131536/current/log_inprogress_15 to /home/runner/work/ozone/ozone/hadoop-ozone/integration-test/target/test-dir/MiniOzoneClusterImpl-17bb6255-4ab1-443a-98be-5fd7627ecb82/omNode-3/ratis/c9bc4cf4-3bc3-3c60-a66b-523986131536/current/log_15-26
2022-05-26 08:03:26,902 [omNode-3@group-523986131536-LeaderElection13] INFO  server.RaftServer$Division (ServerState.java:setRaftConf(393)) - omNode-3@group-523986131536: set configuration 27: [omNode-3|rpc:localhost:42233|admin:|client:|dataStream:|priority:0, omNode-1|rpc:localhost:40183|admin:|client:|dataStream:|priority:0, omNode-2|rpc:localhost:37413|admin:|client:|dataStream:|priority:0], old=null
2022-05-26 08:03:26,902 [grpc-default-executor-3] INFO  impl.VoteContext (VoteContext.java:log(48)) - omNode-2@group-523986131536-FOLLOWER: accept ELECTION from omNode-3: our priority 0 <= candidate's priority 0
2022-05-26 08:03:26,904 [grpc-default-executor-3] INFO  server.RaftServer$Division (RaftServerImpl.java:setRole(299)) - omNode-2@group-523986131536: changes role from  FOLLOWER to FOLLOWER at term 4 for candidate:omNode-3
2022-05-26 08:03:26,904 [grpc-default-executor-3] INFO  impl.RoleInfo (RoleInfo.java:shutdownFollowerState(110)) - omNode-2: shutdown omNode-2@group-523986131536-FollowerState
2022-05-26 08:03:26,904 [grpc-default-executor-3] INFO  impl.RoleInfo (RoleInfo.java:updateAndGet(139)) - omNode-2: start omNode-2@group-523986131536-FollowerState
2022-05-26 08:03:26,904 [omNode-2@group-523986131536-FollowerState] INFO  impl.FollowerState (FollowerState.java:run(152)) - omNode-2@group-523986131536-FollowerState was interrupted
2022-05-26 08:03:26,904 [Listener at localhost/38409] INFO  ipc.CallQueueManager (CallQueueManager.java:<init>(90)) - Using callQueue: class java.util.concurrent.LinkedBlockingQueue, queueCapacity: 2000, scheduler: class org.apache.hadoop.ipc.DefaultRpcScheduler, ipcBackoff: false.
2022-05-26 08:03:26,914 [Socket Reader #1 for port 38277] INFO  ipc.Server (Server.java:run(1265)) - Starting Socket Reader #1 for port 38277
2022-05-26 08:03:26,917 [grpc-default-executor-3] INFO  server.RaftServer$Division (RaftServerImpl.java:requestVote(1184)) - omNode-2@group-523986131536 replies to ELECTION vote request: omNode-3<-omNode-2#0:OK-t4. Peer's state: omNode-2@group-523986131536:t4, leader=null, voted=omNode-3, raftlog=omNode-2@group-523986131536-SegmentedRaftLog:OPENED:c25, conf=15: [omNode-3|rpc:localhost:42233|admin:|client:|dataStream:|priority:0, omNode-1|rpc:localhost:40183|admin:|client:|dataStream:|priority:0, omNode-2|rpc:localhost:37413|admin:|client:|dataStream:|priority:0], old=null
2022-05-26 08:03:26,925 [Listener at localhost/38277] INFO  http.BaseHttpServer (BaseHttpServer.java:newHttpServer2BuilderForOzone(209)) - Starting Web-server for ozoneManager at: http://0.0.0.0:45205
2022-05-26 08:03:26,925 [Listener at localhost/38277] INFO  http.BaseHttpServer (BaseHttpServer.java:<init>(107)) - Hadoop Security Enabled: false Ozone Security Enabled: false Ozone HTTP Security Enabled: false 
2022-05-26 08:03:26,926 [Listener at localhost/38277] INFO  server.AuthenticationFilter (AuthenticationFilter.java:constructSecretProvider(240)) - Unable to initialize FileSignerSecretProvider, falling back to use random secrets.
2022-05-26 08:03:26,930 [Listener at localhost/38277] WARN  http.HttpRequestLog (HttpRequestLog.java:getRequestLog(103)) - Jetty request log can only be enabled using Log4j
2022-05-26 08:03:26,931 [Listener at localhost/38277] INFO  http.HttpServer2 (HttpServer2.java:addGlobalFilter(1030)) - Added global filter 'safety' (class=org.apache.hadoop.hdds.server.http.HttpServer2$QuotingInputFilter)
2022-05-26 08:03:26,937 [Listener at localhost/38277] INFO  http.HttpServer2 (HttpServer2.java:addFilter(1006)) - Added filter static_user_filter (class=org.apache.hadoop.http.lib.StaticUserWebFilter$StaticUserFilter) to context ozoneManager
2022-05-26 08:03:26,938 [Listener at localhost/38277] INFO  http.HttpServer2 (HttpServer2.java:addFilter(1014)) - Added filter static_user_filter (class=org.apache.hadoop.http.lib.StaticUserWebFilter$StaticUserFilter) to context static
2022-05-26 08:03:26,938 [Listener at localhost/38277] INFO  http.HttpServer2 (HttpServer2.java:addFilter(1014)) - Added filter static_user_filter (class=org.apache.hadoop.http.lib.StaticUserWebFilter$StaticUserFilter) to context logs
2022-05-26 08:03:26,938 [omNode-3@group-523986131536-SegmentedRaftLogWorker] INFO  segmented.SegmentedRaftLogWorker (SegmentedRaftLogWorker.java:execute(629)) - omNode-3@group-523986131536-SegmentedRaftLogWorker: created new log segment /home/runner/work/ozone/ozone/hadoop-ozone/integration-test/target/test-dir/MiniOzoneClusterImpl-17bb6255-4ab1-443a-98be-5fd7627ecb82/omNode-3/ratis/c9bc4cf4-3bc3-3c60-a66b-523986131536/current/log_inprogress_27
2022-05-26 08:03:26,940 [omNode-1-server-thread1] INFO  server.RaftServer$Division (ServerState.java:setLeader(287)) - omNode-1@group-523986131536: change Leader from null to omNode-3 at term 4 for appendEntries, leader elected after 742ms
2022-05-26 08:03:26,938 [Listener at localhost/38277] INFO  http.HttpServer2 (HttpServer2.java:bindListener(1249)) - Jetty bound to port 45205
2022-05-26 08:03:26,942 [Listener at localhost/38277] INFO  server.Server (Server.java:doStart(375)) - jetty-9.4.43.v20210629; built: 2021-06-30T11:07:22.254Z; git: 526006ecfa3af7f1a27ef3a288e2bef7ea9dd7e8; jvm 1.8.0_332-b09
2022-05-26 08:03:26,942 [omNode-2-server-thread1] INFO  server.RaftServer$Division (ServerState.java:setLeader(287)) - omNode-2@group-523986131536: change Leader from null to omNode-3 at term 4 for appendEntries, leader elected after 334ms
2022-05-26 08:03:26,944 [omNode-1-server-thread1] INFO  server.RaftServer$Division (ServerState.java:setRaftConf(393)) - omNode-1@group-523986131536: set configuration 27: [omNode-3|rpc:localhost:42233|admin:|client:|dataStream:|priority:0, omNode-1|rpc:localhost:40183|admin:|client:|dataStream:|priority:0, omNode-2|rpc:localhost:37413|admin:|client:|dataStream:|priority:0], old=null
2022-05-26 08:03:26,945 [omNode-1-server-thread1] INFO  segmented.SegmentedRaftLogWorker (SegmentedRaftLogWorker.java:rollLogSegment(430)) - omNode-1@group-523986131536-SegmentedRaftLogWorker: Rolling segment log-15_26 to index:26
2022-05-26 08:03:26,946 [omNode-1@group-523986131536-SegmentedRaftLogWorker] INFO  segmented.SegmentedRaftLogWorker (SegmentedRaftLogWorker.java:execute(586)) - omNode-1@group-523986131536-SegmentedRaftLogWorker: Rolled log segment from /home/runner/work/ozone/ozone/hadoop-ozone/integration-test/target/test-dir/MiniOzoneClusterImpl-17bb6255-4ab1-443a-98be-5fd7627ecb82/omNode-1/ratis/c9bc4cf4-3bc3-3c60-a66b-523986131536/current/log_inprogress_15 to /home/runner/work/ozone/ozone/hadoop-ozone/integration-test/target/test-dir/MiniOzoneClusterImpl-17bb6255-4ab1-443a-98be-5fd7627ecb82/omNode-1/ratis/c9bc4cf4-3bc3-3c60-a66b-523986131536/current/log_15-26
2022-05-26 08:03:26,946 [omNode-2-server-thread1] INFO  server.RaftServer$Division (ServerState.java:setRaftConf(393)) - omNode-2@group-523986131536: set configuration 27: [omNode-3|rpc:localhost:42233|admin:|client:|dataStream:|priority:0, omNode-1|rpc:localhost:40183|admin:|client:|dataStream:|priority:0, omNode-2|rpc:localhost:37413|admin:|client:|dataStream:|priority:0], old=null
2022-05-26 08:03:26,946 [omNode-2-server-thread1] INFO  segmented.SegmentedRaftLogWorker (SegmentedRaftLogWorker.java:rollLogSegment(430)) - omNode-2@group-523986131536-SegmentedRaftLogWorker: Rolling segment log-15_26 to index:26
2022-05-26 08:03:26,952 [Listener at localhost/38277] INFO  server.session (DefaultSessionIdManager.java:doStart(334)) - DefaultSessionIdManager workerName=node0
2022-05-26 08:03:26,953 [Listener at localhost/38277] INFO  server.session (DefaultSessionIdManager.java:doStart(339)) - No SessionScavenger set, using defaults
2022-05-26 08:03:26,953 [Listener at localhost/38277] INFO  server.session (HouseKeeper.java:startScavenging(132)) - node0 Scavenging every 600000ms
2022-05-26 08:03:26,954 [omNode-2@group-523986131536-SegmentedRaftLogWorker] INFO  segmented.SegmentedRaftLogWorker (SegmentedRaftLogWorker.java:execute(586)) - omNode-2@group-523986131536-SegmentedRaftLogWorker: Rolled log segment from /home/runner/work/ozone/ozone/hadoop-ozone/integration-test/target/test-dir/MiniOzoneClusterImpl-17bb6255-4ab1-443a-98be-5fd7627ecb82/omNode-2/ratis/c9bc4cf4-3bc3-3c60-a66b-523986131536/current/log_inprogress_15 to /home/runner/work/ozone/ozone/hadoop-ozone/integration-test/target/test-dir/MiniOzoneClusterImpl-17bb6255-4ab1-443a-98be-5fd7627ecb82/omNode-2/ratis/c9bc4cf4-3bc3-3c60-a66b-523986131536/current/log_15-26
2022-05-26 08:03:26,959 [Listener at localhost/38277] INFO  handler.ContextHandler (ContextHandler.java:doStart(915)) - Started o.e.j.s.ServletContextHandler@23fdc732{logs,/logs,file:///home/runner/work/ozone/ozone/hadoop-ozone/integration-test/target/log,AVAILABLE}
2022-05-26 08:03:26,960 [Listener at localhost/38277] INFO  handler.ContextHandler (ContextHandler.java:doStart(915)) - Started o.e.j.s.ServletContextHandler@5d2b5b6c{static,/static,file:///home/runner/work/ozone/ozone/hadoop-ozone/integration-test/target/test-classes/webapps/static,AVAILABLE}
2022-05-26 08:03:26,962 [Listener at localhost/38277] INFO  handler.ContextHandler (ContextHandler.java:doStart(915)) - Started o.e.j.w.WebAppContext@e10da5f{ozoneManager,/,file:///home/runner/work/ozone/ozone/hadoop-ozone/integration-test/target/test-classes/webapps/ozoneManager/,AVAILABLE}{file:/home/runner/work/ozone/ozone/hadoop-ozone/integration-test/target/test-classes/webapps/ozoneManager}
2022-05-26 08:03:26,964 [omNode-1@group-523986131536-SegmentedRaftLogWorker] INFO  segmented.SegmentedRaftLogWorker (SegmentedRaftLogWorker.java:execute(629)) - omNode-1@group-523986131536-SegmentedRaftLogWorker: created new log segment /home/runner/work/ozone/ozone/hadoop-ozone/integration-test/target/test-dir/MiniOzoneClusterImpl-17bb6255-4ab1-443a-98be-5fd7627ecb82/omNode-1/ratis/c9bc4cf4-3bc3-3c60-a66b-523986131536/current/log_inprogress_27
2022-05-26 08:03:26,966 [omNode-2@group-523986131536-SegmentedRaftLogWorker] INFO  segmented.SegmentedRaftLogWorker (SegmentedRaftLogWorker.java:execute(629)) - omNode-2@group-523986131536-SegmentedRaftLogWorker: created new log segment /home/runner/work/ozone/ozone/hadoop-ozone/integration-test/target/test-dir/MiniOzoneClusterImpl-17bb6255-4ab1-443a-98be-5fd7627ecb82/omNode-2/ratis/c9bc4cf4-3bc3-3c60-a66b-523986131536/current/log_inprogress_27
2022-05-26 08:03:26,974 [Listener at localhost/38277] INFO  server.AbstractConnector (AbstractConnector.java:doStart(331)) - Started ServerConnector@6be03f17{HTTP/1.1, (http/1.1)}{0.0.0.0:45205}
2022-05-26 08:03:26,974 [Listener at localhost/38277] INFO  server.Server (Server.java:doStart(415)) - Started @68915ms
2022-05-26 08:03:26,975 [Listener at localhost/38277] WARN  impl.MetricsSystemImpl (MetricsSystemImpl.java:register(279)) - Sink prometheus already exists!
2022-05-26 08:03:26,975 [Listener at localhost/38277] INFO  http.BaseHttpServer (BaseHttpServer.java:updateConnectorAddress(329)) - HTTP server of ozoneManager listening at http://0.0.0.0:45205
2022-05-26 08:03:26,978 [IPC Server Responder] INFO  ipc.Server (Server.java:run(1507)) - IPC Server Responder: starting
2022-05-26 08:03:26,978 [IPC Server listener on 38277] INFO  ipc.Server (Server.java:run(1344)) - IPC Server listener on 38277: starting
2022-05-26 08:03:26,979 [omNode-3@group-523986131536-StateMachineUpdater] INFO  ratis.OzoneManagerStateMachine (OzoneManagerStateMachine.java:notifyConfigurationChanged(191)) - Received Configuration change notification from Ratis. New Peer list:
[id: "omNode-3"
address: "localhost:42233"
, id: "omNode-1"
address: "localhost:40183"
, id: "omNode-2"
address: "localhost:37413"
]
2022-05-26 08:03:26,980 [Listener at localhost/38277] INFO  om.OzoneManager (OzoneManager.java:startTrashEmptier(1845)) - Trash Interval set to 0. Files deleted won't move to trash
]]></system-out>
  </testcase>
  <testcase name="testOMProxyProviderFailoverOnConnectionFailure" classname="org.apache.hadoop.ozone.om.TestOzoneManagerHAMetadataOnly" time="15.405">
    <system-out><![CDATA[2022-05-26 08:03:26,988 [omNode-2@group-523986131536-StateMachineUpdater] INFO  ratis.OzoneManagerStateMachine (OzoneManagerStateMachine.java:notifyConfigurationChanged(191)) - Received Configuration change notification from Ratis. New Peer list:
[id: "omNode-3"
address: "localhost:42233"
, id: "omNode-1"
address: "localhost:40183"
, id: "omNode-2"
address: "localhost:37413"
]
2022-05-26 08:03:26,989 [org.apache.hadoop.util.JvmPauseMonitor$Monitor@21de8770] INFO  util.JvmPauseMonitor (JvmPauseMonitor.java:run(188)) - Starting JVM pause monitor
2022-05-26 08:03:26,990 [omNode-1@group-523986131536-StateMachineUpdater] INFO  ratis.OzoneManagerStateMachine (OzoneManagerStateMachine.java:notifyConfigurationChanged(191)) - Received Configuration change notification from Ratis. New Peer list:
[id: "omNode-3"
address: "localhost:42233"
, id: "omNode-1"
address: "localhost:40183"
, id: "omNode-2"
address: "localhost:37413"
]
2022-05-26 08:03:27,004 [Listener at localhost/38277] INFO  rpc.RpcClient (RpcClient.java:createVolume(457)) - Creating Volume: volume54134, with user45104 as owner and space quota set to -1 bytes, counts quota set to -1
2022-05-26 08:03:27,006 [Listener at localhost/38277] INFO  retry.RetryInvocationHandler (RetryInvocationHandler.java:log(411)) - com.google.protobuf.ServiceException: java.io.EOFException: End of File Exception between local host is: "fv-az35-51/10.1.0.14"; destination host is: "localhost":46875; : java.io.EOFException; For more details see:  http://wiki.apache.org/hadoop/EOFException, while invoking $Proxy54.submitRequest over nodeId=omNode-3,nodeAddress=127.0.0.1:46875. Trying to failover after sleeping for 2000ms.
2022-05-26 08:03:29,007 [Listener at localhost/38277] INFO  retry.RetryInvocationHandler (RetryInvocationHandler.java:log(411)) - com.google.protobuf.ServiceException: java.io.EOFException: End of File Exception between local host is: "fv-az35-51/10.1.0.14"; destination host is: "localhost":38409; : java.io.EOFException; For more details see:  http://wiki.apache.org/hadoop/EOFException, while invoking $Proxy54.submitRequest over nodeId=omNode-1,nodeAddress=127.0.0.1:38409 after 1 failover attempts. Trying to failover immediately.
2022-05-26 08:03:29,009 [Listener at localhost/38277] INFO  retry.RetryInvocationHandler (RetryInvocationHandler.java:log(411)) - com.google.protobuf.ServiceException: java.io.EOFException: End of File Exception between local host is: "fv-az35-51/10.1.0.14"; destination host is: "localhost":38277; : java.io.EOFException; For more details see:  http://wiki.apache.org/hadoop/EOFException, while invoking $Proxy54.submitRequest over nodeId=omNode-2,nodeAddress=127.0.0.1:38277 after 2 failover attempts. Trying to failover immediately.
2022-05-26 08:03:29,035 [OM StateMachine ApplyTransaction Thread - 0] INFO  volume.OMVolumeCreateRequest (OMVolumeCreateRequest.java:validateAndUpdateCache(195)) - created volume:volume54134 for user:user45104
2022-05-26 08:03:29,045 [OM StateMachine ApplyTransaction Thread - 0] INFO  volume.OMVolumeCreateRequest (OMVolumeCreateRequest.java:validateAndUpdateCache(195)) - created volume:volume54134 for user:user45104
2022-05-26 08:03:29,056 [OM StateMachine ApplyTransaction Thread - 0] INFO  volume.OMVolumeCreateRequest (OMVolumeCreateRequest.java:validateAndUpdateCache(195)) - created volume:volume54134 for user:user45104
2022-05-26 08:03:29,059 [Listener at localhost/38277] INFO  om.OzoneManager (OzoneManager.java:stop(1960)) - omNode-3[localhost:46875]: Stopping Ozone Manager
2022-05-26 08:03:29,059 [Listener at localhost/38277] INFO  ipc.Server (Server.java:stop(3414)) - Stopping server on 46875
2022-05-26 08:03:29,061 [IPC Server listener on 46875] INFO  ipc.Server (Server.java:run(1376)) - Stopping IPC Server listener on 46875
2022-05-26 08:03:29,061 [IPC Server Responder] INFO  ipc.Server (Server.java:run(1512)) - Stopping IPC Server Responder
2022-05-26 08:03:29,062 [Listener at localhost/38277] INFO  server.RaftServer (RaftServerProxy.java:lambda$close$7(398)) - omNode-3: close
2022-05-26 08:03:29,062 [Listener at localhost/38277] INFO  server.RaftServer$Division (RaftServerImpl.java:lambda$close$4(434)) - omNode-3@group-523986131536: shutdown
2022-05-26 08:03:29,062 [Listener at localhost/38277] INFO  util.JmxRegister (JmxRegister.java:unregister(73)) - Successfully un-registered JMX Bean with object name Ratis:service=RaftServer,group=group-523986131536,id=omNode-3
2022-05-26 08:03:29,062 [Listener at localhost/38277] INFO  impl.RoleInfo (RoleInfo.java:shutdownLeaderState(93)) - omNode-3: shutdown omNode-3@group-523986131536-LeaderStateImpl
2022-05-26 08:03:29,062 [Listener at localhost/38277] INFO  impl.PendingRequests (PendingRequests.java:sendNotLeaderResponses(282)) - omNode-3@group-523986131536-PendingRequests: sendNotLeaderResponses
2022-05-26 08:03:29,063 [omNode-3@group-523986131536->omNode-1-GrpcLogAppender-LogAppenderDaemon] WARN  server.GrpcLogAppender (GrpcLogAppender.java:mayWait(171)) - omNode-3@group-523986131536->omNode-1-GrpcLogAppender: Wait interrupted by java.lang.InterruptedException
2022-05-26 08:03:29,063 [omNode-3@group-523986131536->omNode-2-GrpcLogAppender-LogAppenderDaemon] WARN  server.GrpcLogAppender (GrpcLogAppender.java:mayWait(171)) - omNode-3@group-523986131536->omNode-2-GrpcLogAppender: Wait interrupted by java.lang.InterruptedException
2022-05-26 08:03:29,064 [grpc-default-executor-2] INFO  server.GrpcServerProtocolService (GrpcServerProtocolService.java:onCompleted(140)) - omNode-2: Completed APPEND_ENTRIES, lastRequest: omNode-3->omNode-2#59-t4,previous=(t:4, i:29),leaderCommit=29,initializing? true,entries: size=1, first=(t:4, i:30), METADATAENTRY(c:29)
2022-05-26 08:03:29,064 [grpc-default-executor-3] INFO  server.GrpcServerProtocolService (GrpcServerProtocolService.java:onCompleted(140)) - omNode-1: Completed APPEND_ENTRIES, lastRequest: omNode-3->omNode-1#61-t4,previous=(t:4, i:29),leaderCommit=29,initializing? true,entries: size=1, first=(t:4, i:30), METADATAENTRY(c:29)
2022-05-26 08:03:29,065 [grpc-default-executor-2] INFO  server.GrpcLogAppender (GrpcLogAppender.java:onCompleted(339)) - omNode-3@group-523986131536->omNode-2-AppendLogResponseHandler: follower responses appendEntries COMPLETED
2022-05-26 08:03:29,065 [grpc-default-executor-2] INFO  leader.FollowerInfo (FollowerInfoImpl.java:lambda$new$0(48)) - omNode-3@group-523986131536->omNode-2: nextIndex: updateUnconditionally 31 -> 30
2022-05-26 08:03:29,069 [Listener at localhost/38277] INFO  impl.StateMachineUpdater (StateMachineUpdater.java:stopAndJoin(153)) - omNode-3@group-523986131536-StateMachineUpdater: set stopIndex = 30
2022-05-26 08:03:29,069 [grpc-default-executor-2] INFO  server.GrpcLogAppender (GrpcLogAppender.java:onCompleted(339)) - omNode-3@group-523986131536->omNode-1-AppendLogResponseHandler: follower responses appendEntries COMPLETED
2022-05-26 08:03:29,070 [grpc-default-executor-2] INFO  leader.FollowerInfo (FollowerInfoImpl.java:lambda$new$0(48)) - omNode-3@group-523986131536->omNode-1: nextIndex: updateUnconditionally 31 -> 30
2022-05-26 08:03:29,070 [omNode-3@group-523986131536-StateMachineUpdater] INFO  ratis.OzoneManagerStateMachine (OzoneManagerStateMachine.java:takeSnapshot(436)) - Current Snapshot Index (t:4, i:30)
2022-05-26 08:03:29,070 [omNode-3@group-523986131536-StateMachineUpdater] INFO  impl.StateMachineUpdater (StateMachineUpdater.java:takeSnapshot(287)) - omNode-3@group-523986131536-StateMachineUpdater: Took a snapshot at index 30
2022-05-26 08:03:29,070 [omNode-3@group-523986131536-StateMachineUpdater] INFO  impl.StateMachineUpdater (StateMachineUpdater.java:lambda$new$0(92)) - omNode-3@group-523986131536-StateMachineUpdater: snapshotIndex: updateIncreasingly 25 -> 30
2022-05-26 08:03:29,070 [omNode-3@group-523986131536-StateMachineUpdater] INFO  ratis.OzoneManagerStateMachine (OzoneManagerStateMachine.java:close(490)) - StateMachine has shutdown. Shutdown OzoneManager if not already shutdown.
2022-05-26 08:03:29,070 [omNode-3@group-523986131536-StateMachineUpdater] INFO  ratis.OzoneManagerDoubleBuffer (OzoneManagerDoubleBuffer.java:stop(465)) - Stopping OMDoubleBuffer flush thread
2022-05-26 08:03:29,070 [OMDoubleBufferFlushThread] INFO  ratis.OzoneManagerDoubleBuffer (OzoneManagerDoubleBuffer.java:flushTransactions(385)) - OMDoubleBuffer flush thread OMDoubleBufferFlushThread is interrupted and will exit.
2022-05-26 08:03:29,071 [Listener at localhost/38277] INFO  server.RaftServer$Division (ServerState.java:close(429)) - omNode-3@group-523986131536: closes. applyIndex: 30
2022-05-26 08:03:29,071 [omNode-3@group-523986131536-SegmentedRaftLogWorker] INFO  segmented.SegmentedRaftLogWorker (SegmentedRaftLogWorker.java:run(336)) - omNode-3@group-523986131536-SegmentedRaftLogWorker was interrupted, exiting. There are 0 tasks remaining in the queue.
2022-05-26 08:03:29,073 [Listener at localhost/38277] INFO  segmented.SegmentedRaftLogWorker (SegmentedRaftLogWorker.java:close(246)) - omNode-3@group-523986131536-SegmentedRaftLogWorker close()
2022-05-26 08:03:29,074 [Listener at localhost/38277] INFO  server.GrpcService (GrpcService.java:closeImpl(269)) - omNode-3: shutdown server with port 42233 now
2022-05-26 08:03:29,087 [Listener at localhost/38277] INFO  server.GrpcService (GrpcService.java:closeImpl(278)) - omNode-3: shutdown server with port 42233 successfully
2022-05-26 08:03:29,088 [org.apache.ratis.util.JvmPauseMonitor$$Lambda$691/456821109@7f6c983b] INFO  util.JvmPauseMonitor (JvmPauseMonitor.java:run(109)) - JvmPauseMonitor-omNode-3: Stopped
2022-05-26 08:03:29,089 [Listener at localhost/38277] INFO  ratis.OzoneManagerStateMachine (OzoneManagerStateMachine.java:close(490)) - StateMachine has shutdown. Shutdown OzoneManager if not already shutdown.
2022-05-26 08:03:29,089 [Listener at localhost/38277] INFO  ratis.OzoneManagerDoubleBuffer (OzoneManagerDoubleBuffer.java:stop(477)) - OMDoubleBuffer flush thread is not running.
2022-05-26 08:03:29,089 [Listener at localhost/38277] INFO  handler.ContextHandler (ContextHandler.java:doStop(1153)) - Stopped o.e.j.w.WebAppContext@2aa19591{ozoneManager,/,null,STOPPED}{file:/home/runner/work/ozone/ozone/hadoop-ozone/integration-test/target/test-classes/webapps/ozoneManager}
2022-05-26 08:03:29,090 [Listener at localhost/38277] INFO  server.AbstractConnector (AbstractConnector.java:doStop(381)) - Stopped ServerConnector@72445f6c{HTTP/1.1, (http/1.1)}{0.0.0.0:39517}
2022-05-26 08:03:29,090 [Listener at localhost/38277] INFO  server.session (HouseKeeper.java:stopScavenging(149)) - node0 Stopped scavenging
2022-05-26 08:03:29,090 [Listener at localhost/38277] INFO  handler.ContextHandler (ContextHandler.java:doStop(1153)) - Stopped o.e.j.s.ServletContextHandler@4fe3872c{static,/static,file:///home/runner/work/ozone/ozone/hadoop-ozone/integration-test/target/test-classes/webapps/static,STOPPED}
2022-05-26 08:03:29,090 [Listener at localhost/38277] INFO  handler.ContextHandler (ContextHandler.java:doStop(1153)) - Stopped o.e.j.s.ServletContextHandler@1b6b925e{logs,/logs,file:///home/runner/work/ozone/ozone/hadoop-ozone/integration-test/target/log,STOPPED}
2022-05-26 08:03:31,083 [omNode-1@group-523986131536-FollowerState] INFO  impl.FollowerState (FollowerState.java:run(143)) - omNode-1@group-523986131536-FollowerState: change to CANDIDATE, lastRpcElapsedTime:2050807316ns, electionTimeout:1034ms
2022-05-26 08:03:31,084 [omNode-1@group-523986131536-FollowerState] INFO  impl.RoleInfo (RoleInfo.java:shutdownFollowerState(110)) - omNode-1: shutdown omNode-1@group-523986131536-FollowerState
2022-05-26 08:03:31,084 [omNode-1@group-523986131536-FollowerState] INFO  server.RaftServer$Division (RaftServerImpl.java:setRole(299)) - omNode-1@group-523986131536: changes role from  FOLLOWER to CANDIDATE at term 4 for changeToCandidate
2022-05-26 08:03:31,084 [omNode-1@group-523986131536-FollowerState] INFO  server.RaftServerConfigKeys (ConfUtils.java:logGet(46)) - raft.server.leaderelection.pre-vote = false (custom)
2022-05-26 08:03:31,084 [omNode-1@group-523986131536-FollowerState] INFO  impl.RoleInfo (RoleInfo.java:updateAndGet(139)) - omNode-1: start omNode-1@group-523986131536-LeaderElection14
2022-05-26 08:03:31,088 [omNode-1@group-523986131536-LeaderElection14] INFO  server.RaftServer$Division (ServerState.java:setLeader(287)) - omNode-1@group-523986131536: change Leader from omNode-3 to null at term 4 for ELECTION
2022-05-26 08:03:31,091 [omNode-1@group-523986131536-LeaderElection14] INFO  impl.LeaderElection (LeaderElection.java:askForVotes(310)) - omNode-1@group-523986131536-LeaderElection14 ELECTION round 0: submit vote requests at term 5 for 27: [omNode-3|rpc:localhost:42233|admin:|client:|dataStream:|priority:0, omNode-1|rpc:localhost:40183|admin:|client:|dataStream:|priority:0, omNode-2|rpc:localhost:37413|admin:|client:|dataStream:|priority:0], old=null
2022-05-26 08:03:31,102 [grpc-default-executor-3] INFO  server.RaftServer$Division (RaftServerImpl.java:requestVote(1152)) - omNode-2@group-523986131536: receive requestVote(ELECTION, omNode-1, group-523986131536, 5, (t:4, i:30))
2022-05-26 08:03:31,102 [grpc-default-executor-3] INFO  impl.VoteContext (VoteContext.java:log(48)) - omNode-2@group-523986131536-FOLLOWER: accept ELECTION from omNode-1: our priority 0 <= candidate's priority 0
2022-05-26 08:03:31,102 [grpc-default-executor-3] INFO  server.RaftServer$Division (ServerState.java:setLeader(287)) - omNode-2@group-523986131536: change Leader from omNode-3 to null at term 5 for updateCurrentTerm
2022-05-26 08:03:31,102 [grpc-default-executor-3] INFO  server.RaftServer$Division (RaftServerImpl.java:setRole(299)) - omNode-2@group-523986131536: changes role from  FOLLOWER to FOLLOWER at term 5 for candidate:omNode-1
2022-05-26 08:03:31,102 [grpc-default-executor-3] INFO  impl.RoleInfo (RoleInfo.java:shutdownFollowerState(110)) - omNode-2: shutdown omNode-2@group-523986131536-FollowerState
2022-05-26 08:03:31,102 [grpc-default-executor-3] INFO  impl.RoleInfo (RoleInfo.java:updateAndGet(139)) - omNode-2: start omNode-2@group-523986131536-FollowerState
2022-05-26 08:03:31,104 [omNode-2@group-523986131536-FollowerState] INFO  impl.FollowerState (FollowerState.java:run(152)) - omNode-2@group-523986131536-FollowerState was interrupted
2022-05-26 08:03:31,105 [grpc-default-executor-3] INFO  server.RaftServer$Division (RaftServerImpl.java:requestVote(1184)) - omNode-2@group-523986131536 replies to ELECTION vote request: omNode-1<-omNode-2#0:OK-t5. Peer's state: omNode-2@group-523986131536:t5, leader=null, voted=omNode-1, raftlog=omNode-2@group-523986131536-SegmentedRaftLog:OPENED:c29, conf=27: [omNode-3|rpc:localhost:42233|admin:|client:|dataStream:|priority:0, omNode-1|rpc:localhost:40183|admin:|client:|dataStream:|priority:0, omNode-2|rpc:localhost:37413|admin:|client:|dataStream:|priority:0], old=null
2022-05-26 08:03:31,109 [omNode-1@group-523986131536-LeaderElection14] INFO  impl.LeaderElection (LogUtils.java:infoOrTrace(137)) - omNode-1@group-523986131536-LeaderElection14 got exception when requesting votes: java.util.concurrent.ExecutionException: org.apache.ratis.thirdparty.io.grpc.StatusRuntimeException: UNAVAILABLE: io exception
2022-05-26 08:03:31,110 [omNode-1@group-523986131536-LeaderElection14] INFO  impl.LeaderElection (LeaderElection.java:logAndReturn(90)) - omNode-1@group-523986131536-LeaderElection14: ELECTION PASSED received 1 response(s) and 1 exception(s):
2022-05-26 08:03:31,110 [omNode-1@group-523986131536-LeaderElection14] INFO  impl.LeaderElection (LeaderElection.java:logAndReturn(94)) -   Response 0: omNode-1<-omNode-2#0:OK-t5
2022-05-26 08:03:31,110 [omNode-1@group-523986131536-LeaderElection14] INFO  impl.LeaderElection (LogUtils.java:infoOrTrace(137)) -   Exception 1: java.util.concurrent.ExecutionException: org.apache.ratis.thirdparty.io.grpc.StatusRuntimeException: UNAVAILABLE: io exception
2022-05-26 08:03:31,110 [omNode-1@group-523986131536-LeaderElection14] INFO  impl.LeaderElection (LeaderElection.java:askForVotes(312)) - omNode-1@group-523986131536-LeaderElection14 ELECTION round 0: result PASSED
2022-05-26 08:03:31,110 [omNode-1@group-523986131536-LeaderElection14] INFO  impl.RoleInfo (RoleInfo.java:shutdownLeaderElection(130)) - omNode-1: shutdown omNode-1@group-523986131536-LeaderElection14
2022-05-26 08:03:31,110 [omNode-1@group-523986131536-LeaderElection14] INFO  server.RaftServer$Division (RaftServerImpl.java:setRole(299)) - omNode-1@group-523986131536: changes role from CANDIDATE to LEADER at term 5 for changeToLeader
2022-05-26 08:03:31,110 [omNode-1@group-523986131536-LeaderElection14] INFO  server.RaftServer$Division (ServerState.java:setLeader(287)) - omNode-1@group-523986131536: change Leader from null to omNode-1 at term 5 for becomeLeader, leader elected after 21ms
2022-05-26 08:03:31,110 [omNode-1@group-523986131536-LeaderElection14] INFO  server.RaftServerConfigKeys (ConfUtils.java:logGet(46)) - raft.server.staging.catchup.gap = 1000 (default)
2022-05-26 08:03:31,110 [omNode-1@group-523986131536-LeaderElection14] INFO  server.RaftServerConfigKeys (ConfUtils.java:logGet(46)) - raft.server.write.element-limit = 4096 (default)
2022-05-26 08:03:31,110 [omNode-1@group-523986131536-LeaderElection14] INFO  server.RaftServerConfigKeys (ConfUtils.java:logGet(46)) - raft.server.write.byte-limit = 64MB (=67108864) (default)
2022-05-26 08:03:31,111 [omNode-1@group-523986131536-LeaderElection14] INFO  server.RaftServerConfigKeys (ConfUtils.java:logGet(46)) - raft.server.watch.timeout = 10s (default)
2022-05-26 08:03:31,111 [omNode-1@group-523986131536-LeaderElection14] INFO  server.RaftServerConfigKeys (ConfUtils.java:logGet(46)) - raft.server.watch.timeout.denomination = 1s (default)
2022-05-26 08:03:31,111 [omNode-1@group-523986131536-LeaderElection14] INFO  server.RaftServerConfigKeys (ConfUtils.java:logGet(46)) - raft.server.watch.element-limit = 65536 (default)
2022-05-26 08:03:31,111 [omNode-1@group-523986131536-LeaderElection14] INFO  server.RaftServerConfigKeys (ConfUtils.java:logGet(46)) - raft.server.write.element-limit = 4096 (default)
2022-05-26 08:03:31,111 [omNode-1@group-523986131536-LeaderElection14] INFO  server.RaftServerConfigKeys (ConfUtils.java:logGet(46)) - raft.server.write.follower.gap.ratio.max = -1.0 (default)
2022-05-26 08:03:31,111 [omNode-1@group-523986131536-LeaderElection14] INFO  server.RaftServerConfigKeys (ConfUtils.java:logGet(46)) - raft.server.log.appender.snapshot.chunk.size.max = 16MB (=16777216) (default)
2022-05-26 08:03:31,111 [omNode-1@group-523986131536-LeaderElection14] INFO  server.RaftServerConfigKeys (ConfUtils.java:logGet(46)) - raft.server.log.appender.buffer.byte-limit = 33554432 (custom)
2022-05-26 08:03:31,111 [omNode-1@group-523986131536-LeaderElection14] INFO  server.RaftServerConfigKeys (ConfUtils.java:logGet(46)) - raft.server.log.appender.buffer.element-limit = 1024 (custom)
2022-05-26 08:03:31,111 [omNode-1@group-523986131536-LeaderElection14] INFO  grpc.GrpcConfigKeys (ConfUtils.java:logGet(46)) - raft.grpc.server.leader.outstanding.appends.max = 128 (default)
2022-05-26 08:03:31,111 [omNode-1@group-523986131536-LeaderElection14] INFO  server.RaftServerConfigKeys (ConfUtils.java:logGet(46)) - raft.server.rpc.request.timeout = 3000ms (default)
2022-05-26 08:03:31,111 [omNode-1@group-523986131536-LeaderElection14] INFO  server.RaftServerConfigKeys (ConfUtils.java:logGet(46)) - raft.server.log.appender.install.snapshot.enabled = false (custom)
2022-05-26 08:03:31,112 [omNode-1@group-523986131536-LeaderElection14] INFO  server.RaftServerConfigKeys (ConfUtils.java:logGet(46)) - raft.server.log.appender.snapshot.chunk.size.max = 16MB (=16777216) (default)
2022-05-26 08:03:31,112 [omNode-1@group-523986131536-LeaderElection14] INFO  server.RaftServerConfigKeys (ConfUtils.java:logGet(46)) - raft.server.log.appender.buffer.byte-limit = 33554432 (custom)
2022-05-26 08:03:31,112 [omNode-1@group-523986131536-LeaderElection14] INFO  server.RaftServerConfigKeys (ConfUtils.java:logGet(46)) - raft.server.log.appender.buffer.element-limit = 1024 (custom)
2022-05-26 08:03:31,112 [omNode-1@group-523986131536-LeaderElection14] INFO  grpc.GrpcConfigKeys (ConfUtils.java:logGet(46)) - raft.grpc.server.leader.outstanding.appends.max = 128 (default)
2022-05-26 08:03:31,112 [omNode-1@group-523986131536-LeaderElection14] INFO  server.RaftServerConfigKeys (ConfUtils.java:logGet(46)) - raft.server.rpc.request.timeout = 3000ms (default)
2022-05-26 08:03:31,113 [omNode-1@group-523986131536-LeaderElection14] INFO  server.RaftServerConfigKeys (ConfUtils.java:logGet(46)) - raft.server.log.appender.install.snapshot.enabled = false (custom)
2022-05-26 08:03:31,113 [omNode-1@group-523986131536-LeaderElection14] INFO  impl.RoleInfo (RoleInfo.java:updateAndGet(139)) - omNode-1: start omNode-1@group-523986131536-LeaderStateImpl
2022-05-26 08:03:31,113 [omNode-1@group-523986131536-LeaderElection14] INFO  segmented.SegmentedRaftLogWorker (SegmentedRaftLogWorker.java:rollLogSegment(430)) - omNode-1@group-523986131536-SegmentedRaftLogWorker: Rolling segment log-27_30 to index:30
2022-05-26 08:03:31,114 [omNode-1@group-523986131536-SegmentedRaftLogWorker] INFO  segmented.SegmentedRaftLogWorker (SegmentedRaftLogWorker.java:execute(586)) - omNode-1@group-523986131536-SegmentedRaftLogWorker: Rolled log segment from /home/runner/work/ozone/ozone/hadoop-ozone/integration-test/target/test-dir/MiniOzoneClusterImpl-17bb6255-4ab1-443a-98be-5fd7627ecb82/omNode-1/ratis/c9bc4cf4-3bc3-3c60-a66b-523986131536/current/log_inprogress_27 to /home/runner/work/ozone/ozone/hadoop-ozone/integration-test/target/test-dir/MiniOzoneClusterImpl-17bb6255-4ab1-443a-98be-5fd7627ecb82/omNode-1/ratis/c9bc4cf4-3bc3-3c60-a66b-523986131536/current/log_27-30
2022-05-26 08:03:31,124 [omNode-1@group-523986131536-LeaderElection14] INFO  server.RaftServer$Division (ServerState.java:setRaftConf(393)) - omNode-1@group-523986131536: set configuration 31: [omNode-3|rpc:localhost:42233|admin:|client:|dataStream:|priority:0, omNode-1|rpc:localhost:40183|admin:|client:|dataStream:|priority:0, omNode-2|rpc:localhost:37413|admin:|client:|dataStream:|priority:0], old=null
2022-05-26 08:03:31,121 [grpc-default-executor-3] WARN  server.GrpcLogAppender (LogUtils.java:warn(122)) - omNode-1@group-523986131536->omNode-3-AppendLogResponseHandler: Failed appendEntries: org.apache.ratis.thirdparty.io.grpc.StatusRuntimeException: UNAVAILABLE: io exception
2022-05-26 08:03:31,129 [grpc-default-executor-3] WARN  server.GrpcLogAppender (GrpcLogAppender.java:resetClient(111)) - omNode-1@group-523986131536->omNode-3-GrpcLogAppender: Leader has not got in touch with Follower omNode-1@group-523986131536->omNode-3(c-1,m0,n32, attendVote=true, lastRpcSendTime=8, lastRpcResponseTime=1218) yet, just keep nextIndex unchanged and retry.
2022-05-26 08:03:31,132 [omNode-2-server-thread1] INFO  server.RaftServer$Division (ServerState.java:setLeader(287)) - omNode-2@group-523986131536: change Leader from null to omNode-1 at term 5 for appendEntries, leader elected after 29ms
2022-05-26 08:03:31,133 [omNode-2-server-thread1] INFO  server.RaftServer$Division (ServerState.java:setRaftConf(393)) - omNode-2@group-523986131536: set configuration 31: [omNode-3|rpc:localhost:42233|admin:|client:|dataStream:|priority:0, omNode-1|rpc:localhost:40183|admin:|client:|dataStream:|priority:0, omNode-2|rpc:localhost:37413|admin:|client:|dataStream:|priority:0], old=null
2022-05-26 08:03:31,133 [omNode-2-server-thread1] INFO  segmented.SegmentedRaftLogWorker (SegmentedRaftLogWorker.java:rollLogSegment(430)) - omNode-2@group-523986131536-SegmentedRaftLogWorker: Rolling segment log-27_30 to index:30
2022-05-26 08:03:31,133 [omNode-2@group-523986131536-SegmentedRaftLogWorker] INFO  segmented.SegmentedRaftLogWorker (SegmentedRaftLogWorker.java:execute(586)) - omNode-2@group-523986131536-SegmentedRaftLogWorker: Rolled log segment from /home/runner/work/ozone/ozone/hadoop-ozone/integration-test/target/test-dir/MiniOzoneClusterImpl-17bb6255-4ab1-443a-98be-5fd7627ecb82/omNode-2/ratis/c9bc4cf4-3bc3-3c60-a66b-523986131536/current/log_inprogress_27 to /home/runner/work/ozone/ozone/hadoop-ozone/integration-test/target/test-dir/MiniOzoneClusterImpl-17bb6255-4ab1-443a-98be-5fd7627ecb82/omNode-2/ratis/c9bc4cf4-3bc3-3c60-a66b-523986131536/current/log_27-30
2022-05-26 08:03:31,136 [omNode-1@group-523986131536-SegmentedRaftLogWorker] INFO  segmented.SegmentedRaftLogWorker (SegmentedRaftLogWorker.java:execute(629)) - omNode-1@group-523986131536-SegmentedRaftLogWorker: created new log segment /home/runner/work/ozone/ozone/hadoop-ozone/integration-test/target/test-dir/MiniOzoneClusterImpl-17bb6255-4ab1-443a-98be-5fd7627ecb82/omNode-1/ratis/c9bc4cf4-3bc3-3c60-a66b-523986131536/current/log_inprogress_31
2022-05-26 08:03:31,148 [omNode-2@group-523986131536-SegmentedRaftLogWorker] INFO  segmented.SegmentedRaftLogWorker (SegmentedRaftLogWorker.java:execute(629)) - omNode-2@group-523986131536-SegmentedRaftLogWorker: created new log segment /home/runner/work/ozone/ozone/hadoop-ozone/integration-test/target/test-dir/MiniOzoneClusterImpl-17bb6255-4ab1-443a-98be-5fd7627ecb82/omNode-2/ratis/c9bc4cf4-3bc3-3c60-a66b-523986131536/current/log_inprogress_31
2022-05-26 08:03:31,166 [omNode-1@group-523986131536-StateMachineUpdater] INFO  ratis.OzoneManagerStateMachine (OzoneManagerStateMachine.java:notifyConfigurationChanged(191)) - Received Configuration change notification from Ratis. New Peer list:
[id: "omNode-3"
address: "localhost:42233"
, id: "omNode-1"
address: "localhost:40183"
, id: "omNode-2"
address: "localhost:37413"
]
2022-05-26 08:03:31,167 [grpc-default-executor-3] WARN  server.GrpcLogAppender (LogUtils.java:warn(122)) - omNode-1@group-523986131536->omNode-3-AppendLogResponseHandler: Failed appendEntries: org.apache.ratis.thirdparty.io.grpc.StatusRuntimeException: UNAVAILABLE: io exception
2022-05-26 08:03:31,167 [grpc-default-executor-3] WARN  server.GrpcLogAppender (GrpcLogAppender.java:resetClient(111)) - omNode-1@group-523986131536->omNode-3-GrpcLogAppender: Leader has not got in touch with Follower omNode-1@group-523986131536->omNode-3(c-1,m0,n33, attendVote=true, lastRpcSendTime=46, lastRpcResponseTime=1256) yet, just keep nextIndex unchanged and retry.
2022-05-26 08:03:31,177 [omNode-2@group-523986131536-StateMachineUpdater] INFO  ratis.OzoneManagerStateMachine (OzoneManagerStateMachine.java:notifyConfigurationChanged(191)) - Received Configuration change notification from Ratis. New Peer list:
[id: "omNode-3"
address: "localhost:42233"
, id: "omNode-1"
address: "localhost:40183"
, id: "omNode-2"
address: "localhost:37413"
]
2022-05-26 08:03:31,374 [grpc-default-executor-3] WARN  server.GrpcLogAppender (LogUtils.java:warn(122)) - omNode-1@group-523986131536->omNode-3-AppendLogResponseHandler: Failed appendEntries: org.apache.ratis.thirdparty.io.grpc.StatusRuntimeException: UNAVAILABLE: io exception
2022-05-26 08:03:31,375 [grpc-default-executor-3] WARN  server.GrpcLogAppender (GrpcLogAppender.java:resetClient(111)) - omNode-1@group-523986131536->omNode-3-GrpcLogAppender: Leader has not got in touch with Follower omNode-1@group-523986131536->omNode-3(c-1,m0,n33, attendVote=true, lastRpcSendTime=3, lastRpcResponseTime=1464) yet, just keep nextIndex unchanged and retry.
2022-05-26 08:03:31,622 [grpc-default-executor-3] WARN  server.GrpcLogAppender (LogUtils.java:warn(122)) - omNode-1@group-523986131536->omNode-3-AppendLogResponseHandler: Failed appendEntries: org.apache.ratis.thirdparty.io.grpc.StatusRuntimeException: UNAVAILABLE: io exception
2022-05-26 08:03:31,623 [grpc-default-executor-3] WARN  server.GrpcLogAppender (GrpcLogAppender.java:resetClient(111)) - omNode-1@group-523986131536->omNode-3-GrpcLogAppender: Leader has not got in touch with Follower omNode-1@group-523986131536->omNode-3(c-1,m0,n33, attendVote=true, lastRpcSendTime=0, lastRpcResponseTime=1712) yet, just keep nextIndex unchanged and retry.
2022-05-26 08:03:31,872 [grpc-default-executor-3] WARN  server.GrpcLogAppender (LogUtils.java:warn(122)) - omNode-1@group-523986131536->omNode-3-AppendLogResponseHandler: Failed appendEntries: org.apache.ratis.thirdparty.io.grpc.StatusRuntimeException: UNAVAILABLE: io exception
2022-05-26 08:03:31,873 [grpc-default-executor-3] WARN  server.GrpcLogAppender (GrpcLogAppender.java:resetClient(111)) - omNode-1@group-523986131536->omNode-3-GrpcLogAppender: Leader has not got in touch with Follower omNode-1@group-523986131536->omNode-3(c-1,m0,n33, attendVote=true, lastRpcSendTime=0, lastRpcResponseTime=1962) yet, just keep nextIndex unchanged and retry.
2022-05-26 08:03:32,122 [grpc-default-executor-3] WARN  server.GrpcLogAppender (LogUtils.java:warn(122)) - omNode-1@group-523986131536->omNode-3-AppendLogResponseHandler: Failed appendEntries: org.apache.ratis.thirdparty.io.grpc.StatusRuntimeException: UNAVAILABLE: io exception
2022-05-26 08:03:32,123 [grpc-default-executor-3] WARN  server.GrpcLogAppender (GrpcLogAppender.java:resetClient(111)) - omNode-1@group-523986131536->omNode-3-GrpcLogAppender: Leader has not got in touch with Follower omNode-1@group-523986131536->omNode-3(c-1,m0,n33, attendVote=true, lastRpcSendTime=0, lastRpcResponseTime=2212) yet, just keep nextIndex unchanged and retry.
2022-05-26 08:03:32,373 [grpc-default-executor-2] WARN  server.GrpcLogAppender (LogUtils.java:warn(122)) - omNode-1@group-523986131536->omNode-3-AppendLogResponseHandler: Failed appendEntries: org.apache.ratis.thirdparty.io.grpc.StatusRuntimeException: UNAVAILABLE: io exception
2022-05-26 08:03:32,374 [grpc-default-executor-2] WARN  server.GrpcLogAppender (GrpcLogAppender.java:resetClient(111)) - omNode-1@group-523986131536->omNode-3-GrpcLogAppender: Leader has not got in touch with Follower omNode-1@group-523986131536->omNode-3(c-1,m0,n33, attendVote=true, lastRpcSendTime=0, lastRpcResponseTime=2462) yet, just keep nextIndex unchanged and retry.
2022-05-26 08:03:32,623 [grpc-default-executor-2] WARN  server.GrpcLogAppender (LogUtils.java:warn(122)) - omNode-1@group-523986131536->omNode-3-AppendLogResponseHandler: Failed appendEntries: org.apache.ratis.thirdparty.io.grpc.StatusRuntimeException: UNAVAILABLE: io exception
2022-05-26 08:03:32,624 [grpc-default-executor-2] WARN  server.GrpcLogAppender (GrpcLogAppender.java:resetClient(111)) - omNode-1@group-523986131536->omNode-3-GrpcLogAppender: Leader has not got in touch with Follower omNode-1@group-523986131536->omNode-3(c-1,m0,n33, attendVote=true, lastRpcSendTime=251, lastRpcResponseTime=2713) yet, just keep nextIndex unchanged and retry.
2022-05-26 08:03:32,874 [grpc-default-executor-2] WARN  server.GrpcLogAppender (LogUtils.java:warn(122)) - omNode-1@group-523986131536->omNode-3-AppendLogResponseHandler: Failed appendEntries: org.apache.ratis.thirdparty.io.grpc.StatusRuntimeException: UNAVAILABLE: io exception
2022-05-26 08:03:32,875 [grpc-default-executor-2] WARN  server.GrpcLogAppender (GrpcLogAppender.java:resetClient(111)) - omNode-1@group-523986131536->omNode-3-GrpcLogAppender: Leader has not got in touch with Follower omNode-1@group-523986131536->omNode-3(c-1,m0,n33, attendVote=true, lastRpcSendTime=0, lastRpcResponseTime=2964) yet, just keep nextIndex unchanged and retry.
2022-05-26 08:03:33,125 [grpc-default-executor-2] WARN  server.GrpcLogAppender (LogUtils.java:warn(122)) - omNode-1@group-523986131536->omNode-3-AppendLogResponseHandler: Failed appendEntries: org.apache.ratis.thirdparty.io.grpc.StatusRuntimeException: UNAVAILABLE: io exception
2022-05-26 08:03:33,126 [grpc-default-executor-2] WARN  server.GrpcLogAppender (GrpcLogAppender.java:resetClient(111)) - omNode-1@group-523986131536->omNode-3-GrpcLogAppender: Leader has not got in touch with Follower omNode-1@group-523986131536->omNode-3(c-1,m0,n33, attendVote=true, lastRpcSendTime=0, lastRpcResponseTime=3214) yet, just keep nextIndex unchanged and retry.
2022-05-26 08:03:33,375 [grpc-default-executor-2] WARN  server.GrpcLogAppender (LogUtils.java:warn(122)) - omNode-1@group-523986131536->omNode-3-AppendLogResponseHandler: Failed appendEntries: org.apache.ratis.thirdparty.io.grpc.StatusRuntimeException: UNAVAILABLE: io exception
2022-05-26 08:03:33,376 [grpc-default-executor-2] WARN  server.GrpcLogAppender (GrpcLogAppender.java:resetClient(111)) - omNode-1@group-523986131536->omNode-3-GrpcLogAppender: Leader has not got in touch with Follower omNode-1@group-523986131536->omNode-3(c-1,m0,n33, attendVote=true, lastRpcSendTime=0, lastRpcResponseTime=3464) yet, just keep nextIndex unchanged and retry.
2022-05-26 08:03:33,625 [grpc-default-executor-2] WARN  server.GrpcLogAppender (LogUtils.java:warn(122)) - omNode-1@group-523986131536->omNode-3-AppendLogResponseHandler: Failed appendEntries: org.apache.ratis.thirdparty.io.grpc.StatusRuntimeException: UNAVAILABLE: io exception
2022-05-26 08:03:33,626 [grpc-default-executor-2] WARN  server.GrpcLogAppender (GrpcLogAppender.java:resetClient(111)) - omNode-1@group-523986131536->omNode-3-GrpcLogAppender: Leader has not got in touch with Follower omNode-1@group-523986131536->omNode-3(c-1,m0,n33, attendVote=true, lastRpcSendTime=0, lastRpcResponseTime=3715) yet, just keep nextIndex unchanged and retry.
2022-05-26 08:03:33,876 [grpc-default-executor-2] WARN  server.GrpcLogAppender (LogUtils.java:warn(122)) - omNode-1@group-523986131536->omNode-3-AppendLogResponseHandler: Failed appendEntries: org.apache.ratis.thirdparty.io.grpc.StatusRuntimeException: UNAVAILABLE: io exception
2022-05-26 08:03:33,876 [grpc-default-executor-2] WARN  server.GrpcLogAppender (GrpcLogAppender.java:resetClient(111)) - omNode-1@group-523986131536->omNode-3-GrpcLogAppender: Leader has not got in touch with Follower omNode-1@group-523986131536->omNode-3(c-1,m0,n33, attendVote=true, lastRpcSendTime=0, lastRpcResponseTime=3965) yet, just keep nextIndex unchanged and retry.
2022-05-26 08:03:34,126 [grpc-default-executor-2] WARN  server.GrpcLogAppender (LogUtils.java:warn(122)) - omNode-1@group-523986131536->omNode-3-AppendLogResponseHandler: Failed appendEntries: org.apache.ratis.thirdparty.io.grpc.StatusRuntimeException: UNAVAILABLE: io exception
2022-05-26 08:03:34,127 [grpc-default-executor-2] WARN  server.GrpcLogAppender (GrpcLogAppender.java:resetClient(111)) - omNode-1@group-523986131536->omNode-3-GrpcLogAppender: Leader has not got in touch with Follower omNode-1@group-523986131536->omNode-3(c-1,m0,n33, attendVote=true, lastRpcSendTime=0, lastRpcResponseTime=4215) yet, just keep nextIndex unchanged and retry.
2022-05-26 08:03:34,376 [grpc-default-executor-2] WARN  server.GrpcLogAppender (LogUtils.java:warn(122)) - omNode-1@group-523986131536->omNode-3-AppendLogResponseHandler: Failed appendEntries: org.apache.ratis.thirdparty.io.grpc.StatusRuntimeException: UNAVAILABLE: io exception
2022-05-26 08:03:34,377 [grpc-default-executor-2] WARN  server.GrpcLogAppender (GrpcLogAppender.java:resetClient(111)) - omNode-1@group-523986131536->omNode-3-GrpcLogAppender: Leader has not got in touch with Follower omNode-1@group-523986131536->omNode-3(c-1,m0,n33, attendVote=true, lastRpcSendTime=0, lastRpcResponseTime=4466) yet, just keep nextIndex unchanged and retry.
2022-05-26 08:03:34,627 [grpc-default-executor-2] WARN  server.GrpcLogAppender (LogUtils.java:warn(122)) - omNode-1@group-523986131536->omNode-3-AppendLogResponseHandler: Failed appendEntries: org.apache.ratis.thirdparty.io.grpc.StatusRuntimeException: UNAVAILABLE: io exception
2022-05-26 08:03:34,627 [grpc-default-executor-2] WARN  server.GrpcLogAppender (GrpcLogAppender.java:resetClient(111)) - omNode-1@group-523986131536->omNode-3-GrpcLogAppender: Leader has not got in touch with Follower omNode-1@group-523986131536->omNode-3(c-1,m0,n33, attendVote=true, lastRpcSendTime=0, lastRpcResponseTime=4716) yet, just keep nextIndex unchanged and retry.
2022-05-26 08:03:34,877 [grpc-default-executor-2] WARN  server.GrpcLogAppender (LogUtils.java:warn(122)) - omNode-1@group-523986131536->omNode-3-AppendLogResponseHandler: Failed appendEntries: org.apache.ratis.thirdparty.io.grpc.StatusRuntimeException: UNAVAILABLE: io exception
2022-05-26 08:03:34,877 [grpc-default-executor-2] WARN  server.GrpcLogAppender (GrpcLogAppender.java:resetClient(111)) - omNode-1@group-523986131536->omNode-3-GrpcLogAppender: Leader has not got in touch with Follower omNode-1@group-523986131536->omNode-3(c-1,m0,n33, attendVote=true, lastRpcSendTime=0, lastRpcResponseTime=4966) yet, just keep nextIndex unchanged and retry.
2022-05-26 08:03:35,127 [grpc-default-executor-2] WARN  server.GrpcLogAppender (LogUtils.java:warn(122)) - omNode-1@group-523986131536->omNode-3-AppendLogResponseHandler: Failed appendEntries: org.apache.ratis.thirdparty.io.grpc.StatusRuntimeException: UNAVAILABLE: io exception
2022-05-26 08:03:35,128 [grpc-default-executor-2] WARN  server.GrpcLogAppender (GrpcLogAppender.java:resetClient(111)) - omNode-1@group-523986131536->omNode-3-GrpcLogAppender: Leader has not got in touch with Follower omNode-1@group-523986131536->omNode-3(c-1,m0,n33, attendVote=true, lastRpcSendTime=0, lastRpcResponseTime=5217) yet, just keep nextIndex unchanged and retry.
2022-05-26 08:03:35,377 [grpc-default-executor-2] WARN  server.GrpcLogAppender (LogUtils.java:warn(122)) - omNode-1@group-523986131536->omNode-3-AppendLogResponseHandler: Failed appendEntries: org.apache.ratis.thirdparty.io.grpc.StatusRuntimeException: UNAVAILABLE: io exception
2022-05-26 08:03:35,378 [grpc-default-executor-2] WARN  server.GrpcLogAppender (GrpcLogAppender.java:resetClient(111)) - omNode-1@group-523986131536->omNode-3-GrpcLogAppender: Leader has not got in touch with Follower omNode-1@group-523986131536->omNode-3(c-1,m0,n33, attendVote=true, lastRpcSendTime=0, lastRpcResponseTime=5467) yet, just keep nextIndex unchanged and retry.
2022-05-26 08:03:35,628 [grpc-default-executor-2] WARN  server.GrpcLogAppender (LogUtils.java:warn(122)) - omNode-1@group-523986131536->omNode-3-AppendLogResponseHandler: Failed appendEntries: org.apache.ratis.thirdparty.io.grpc.StatusRuntimeException: UNAVAILABLE: io exception
2022-05-26 08:03:35,628 [grpc-default-executor-2] WARN  server.GrpcLogAppender (GrpcLogAppender.java:resetClient(111)) - omNode-1@group-523986131536->omNode-3-GrpcLogAppender: Leader has not got in touch with Follower omNode-1@group-523986131536->omNode-3(c-1,m0,n33, attendVote=true, lastRpcSendTime=0, lastRpcResponseTime=5717) yet, just keep nextIndex unchanged and retry.
2022-05-26 08:03:35,878 [grpc-default-executor-2] WARN  server.GrpcLogAppender (LogUtils.java:warn(122)) - omNode-1@group-523986131536->omNode-3-AppendLogResponseHandler: Failed appendEntries: org.apache.ratis.thirdparty.io.grpc.StatusRuntimeException: UNAVAILABLE: io exception
2022-05-26 08:03:35,879 [grpc-default-executor-2] WARN  server.GrpcLogAppender (GrpcLogAppender.java:resetClient(111)) - omNode-1@group-523986131536->omNode-3-GrpcLogAppender: Leader has not got in touch with Follower omNode-1@group-523986131536->omNode-3(c-1,m0,n33, attendVote=true, lastRpcSendTime=0, lastRpcResponseTime=5967) yet, just keep nextIndex unchanged and retry.
2022-05-26 08:03:36,128 [grpc-default-executor-2] WARN  server.GrpcLogAppender (LogUtils.java:warn(122)) - omNode-1@group-523986131536->omNode-3-AppendLogResponseHandler: Failed appendEntries: org.apache.ratis.thirdparty.io.grpc.StatusRuntimeException: UNAVAILABLE: io exception
2022-05-26 08:03:36,129 [grpc-default-executor-2] WARN  server.GrpcLogAppender (GrpcLogAppender.java:resetClient(111)) - omNode-1@group-523986131536->omNode-3-GrpcLogAppender: Leader has not got in touch with Follower omNode-1@group-523986131536->omNode-3(c-1,m0,n33, attendVote=true, lastRpcSendTime=0, lastRpcResponseTime=6218) yet, just keep nextIndex unchanged and retry.
2022-05-26 08:03:36,378 [grpc-default-executor-2] WARN  server.GrpcLogAppender (LogUtils.java:warn(122)) - omNode-1@group-523986131536->omNode-3-AppendLogResponseHandler: Failed appendEntries: org.apache.ratis.thirdparty.io.grpc.StatusRuntimeException: UNAVAILABLE: io exception
2022-05-26 08:03:36,379 [grpc-default-executor-2] WARN  server.GrpcLogAppender (GrpcLogAppender.java:resetClient(111)) - omNode-1@group-523986131536->omNode-3-GrpcLogAppender: Leader has not got in touch with Follower omNode-1@group-523986131536->omNode-3(c-1,m0,n33, attendVote=true, lastRpcSendTime=0, lastRpcResponseTime=6468) yet, just keep nextIndex unchanged and retry.
2022-05-26 08:03:36,629 [grpc-default-executor-2] WARN  server.GrpcLogAppender (LogUtils.java:warn(122)) - omNode-1@group-523986131536->omNode-3-AppendLogResponseHandler: Failed appendEntries: org.apache.ratis.thirdparty.io.grpc.StatusRuntimeException: UNAVAILABLE: io exception
2022-05-26 08:03:36,629 [grpc-default-executor-2] WARN  server.GrpcLogAppender (GrpcLogAppender.java:resetClient(111)) - omNode-1@group-523986131536->omNode-3-GrpcLogAppender: Leader has not got in touch with Follower omNode-1@group-523986131536->omNode-3(c-1,m0,n33, attendVote=true, lastRpcSendTime=0, lastRpcResponseTime=6718) yet, just keep nextIndex unchanged and retry.
2022-05-26 08:03:36,879 [grpc-default-executor-2] WARN  server.GrpcLogAppender (LogUtils.java:warn(122)) - omNode-1@group-523986131536->omNode-3-AppendLogResponseHandler: Failed appendEntries: org.apache.ratis.thirdparty.io.grpc.StatusRuntimeException: UNAVAILABLE: io exception
2022-05-26 08:03:36,880 [grpc-default-executor-2] WARN  server.GrpcLogAppender (GrpcLogAppender.java:resetClient(111)) - omNode-1@group-523986131536->omNode-3-GrpcLogAppender: Leader has not got in touch with Follower omNode-1@group-523986131536->omNode-3(c-1,m0,n33, attendVote=true, lastRpcSendTime=0, lastRpcResponseTime=6968) yet, just keep nextIndex unchanged and retry.
2022-05-26 08:03:37,103 [Listener at localhost/38277] INFO  rpc.RpcClient (RpcClient.java:createVolume(457)) - Creating Volume: volume13742, with user00840 as owner and space quota set to -1 bytes, counts quota set to -1
2022-05-26 08:03:37,106 [Listener at localhost/38277] INFO  retry.RetryInvocationHandler (RetryInvocationHandler.java:log(411)) - com.google.protobuf.ServiceException: java.io.EOFException: End of File Exception between local host is: "fv-az35-51/10.1.0.14"; destination host is: "localhost":46875; : java.io.EOFException; For more details see:  http://wiki.apache.org/hadoop/EOFException, while invoking $Proxy54.submitRequest over nodeId=omNode-3,nodeAddress=127.0.0.1:46875. Trying to failover after sleeping for 2000ms.
2022-05-26 08:03:37,129 [grpc-default-executor-2] WARN  server.GrpcLogAppender (LogUtils.java:warn(122)) - omNode-1@group-523986131536->omNode-3-AppendLogResponseHandler: Failed appendEntries: org.apache.ratis.thirdparty.io.grpc.StatusRuntimeException: UNAVAILABLE: io exception
2022-05-26 08:03:37,130 [grpc-default-executor-2] WARN  server.GrpcLogAppender (GrpcLogAppender.java:resetClient(111)) - omNode-1@group-523986131536->omNode-3-GrpcLogAppender: Leader has not got in touch with Follower omNode-1@group-523986131536->omNode-3(c-1,m0,n33, attendVote=true, lastRpcSendTime=0, lastRpcResponseTime=7219) yet, just keep nextIndex unchanged and retry.
2022-05-26 08:03:37,379 [grpc-default-executor-2] WARN  server.GrpcLogAppender (LogUtils.java:warn(122)) - omNode-1@group-523986131536->omNode-3-AppendLogResponseHandler: Failed appendEntries: org.apache.ratis.thirdparty.io.grpc.StatusRuntimeException: UNAVAILABLE: io exception
2022-05-26 08:03:37,380 [grpc-default-executor-2] WARN  server.GrpcLogAppender (GrpcLogAppender.java:resetClient(111)) - omNode-1@group-523986131536->omNode-3-GrpcLogAppender: Leader has not got in touch with Follower omNode-1@group-523986131536->omNode-3(c-1,m0,n33, attendVote=true, lastRpcSendTime=0, lastRpcResponseTime=7469) yet, just keep nextIndex unchanged and retry.
2022-05-26 08:03:37,630 [grpc-default-executor-2] WARN  server.GrpcLogAppender (LogUtils.java:warn(122)) - omNode-1@group-523986131536->omNode-3-AppendLogResponseHandler: Failed appendEntries: org.apache.ratis.thirdparty.io.grpc.StatusRuntimeException: UNAVAILABLE: io exception
2022-05-26 08:03:37,631 [grpc-default-executor-2] WARN  server.GrpcLogAppender (GrpcLogAppender.java:resetClient(111)) - omNode-1@group-523986131536->omNode-3-GrpcLogAppender: Leader has not got in touch with Follower omNode-1@group-523986131536->omNode-3(c-1,m0,n33, attendVote=true, lastRpcSendTime=0, lastRpcResponseTime=7720) yet, just keep nextIndex unchanged and retry.
2022-05-26 08:03:37,880 [grpc-default-executor-2] WARN  server.GrpcLogAppender (LogUtils.java:warn(122)) - omNode-1@group-523986131536->omNode-3-AppendLogResponseHandler: Failed appendEntries: org.apache.ratis.thirdparty.io.grpc.StatusRuntimeException: UNAVAILABLE: io exception
2022-05-26 08:03:37,881 [grpc-default-executor-2] WARN  server.GrpcLogAppender (GrpcLogAppender.java:resetClient(111)) - omNode-1@group-523986131536->omNode-3-GrpcLogAppender: Leader has not got in touch with Follower omNode-1@group-523986131536->omNode-3(c-1,m0,n33, attendVote=true, lastRpcSendTime=0, lastRpcResponseTime=7970) yet, just keep nextIndex unchanged and retry.
2022-05-26 08:03:38,131 [grpc-default-executor-2] WARN  server.GrpcLogAppender (LogUtils.java:warn(122)) - omNode-1@group-523986131536->omNode-3-AppendLogResponseHandler: Failed appendEntries: org.apache.ratis.thirdparty.io.grpc.StatusRuntimeException: UNAVAILABLE: io exception
2022-05-26 08:03:38,131 [grpc-default-executor-2] WARN  server.GrpcLogAppender (GrpcLogAppender.java:resetClient(111)) - omNode-1@group-523986131536->omNode-3-GrpcLogAppender: Leader has not got in touch with Follower omNode-1@group-523986131536->omNode-3(c-1,m0,n33, attendVote=true, lastRpcSendTime=0, lastRpcResponseTime=8220) yet, just keep nextIndex unchanged and retry.
2022-05-26 08:03:38,381 [grpc-default-executor-2] WARN  server.GrpcLogAppender (LogUtils.java:warn(122)) - omNode-1@group-523986131536->omNode-3-AppendLogResponseHandler: Failed appendEntries: org.apache.ratis.thirdparty.io.grpc.StatusRuntimeException: UNAVAILABLE: io exception
2022-05-26 08:03:38,383 [grpc-default-executor-2] WARN  server.GrpcLogAppender (GrpcLogAppender.java:resetClient(111)) - omNode-1@group-523986131536->omNode-3-GrpcLogAppender: Leader has not got in touch with Follower omNode-1@group-523986131536->omNode-3(c-1,m0,n33, attendVote=true, lastRpcSendTime=0, lastRpcResponseTime=8471) yet, just keep nextIndex unchanged and retry.
2022-05-26 08:03:38,632 [grpc-default-executor-2] WARN  server.GrpcLogAppender (LogUtils.java:warn(122)) - omNode-1@group-523986131536->omNode-3-AppendLogResponseHandler: Failed appendEntries: org.apache.ratis.thirdparty.io.grpc.StatusRuntimeException: UNAVAILABLE: io exception
2022-05-26 08:03:38,633 [grpc-default-executor-2] WARN  server.GrpcLogAppender (GrpcLogAppender.java:resetClient(111)) - omNode-1@group-523986131536->omNode-3-GrpcLogAppender: Leader has not got in touch with Follower omNode-1@group-523986131536->omNode-3(c-1,m0,n33, attendVote=true, lastRpcSendTime=0, lastRpcResponseTime=8722) yet, just keep nextIndex unchanged and retry.
2022-05-26 08:03:38,883 [grpc-default-executor-2] WARN  server.GrpcLogAppender (LogUtils.java:warn(122)) - omNode-1@group-523986131536->omNode-3-AppendLogResponseHandler: Failed appendEntries: org.apache.ratis.thirdparty.io.grpc.StatusRuntimeException: UNAVAILABLE: io exception
2022-05-26 08:03:38,883 [grpc-default-executor-2] WARN  server.GrpcLogAppender (GrpcLogAppender.java:resetClient(111)) - omNode-1@group-523986131536->omNode-3-GrpcLogAppender: Leader has not got in touch with Follower omNode-1@group-523986131536->omNode-3(c-1,m0,n33, attendVote=true, lastRpcSendTime=0, lastRpcResponseTime=8972) yet, just keep nextIndex unchanged and retry.
2022-05-26 08:03:39,118 [grpc-default-executor-3] WARN  server.GrpcLogAppender (LogUtils.java:warn(122)) - omNode-1@group-523986131536->omNode-3-AppendLogResponseHandler: Failed appendEntries: org.apache.ratis.thirdparty.io.grpc.StatusRuntimeException: UNAVAILABLE: io exception
2022-05-26 08:03:39,119 [grpc-default-executor-3] WARN  server.GrpcLogAppender (GrpcLogAppender.java:resetClient(111)) - omNode-1@group-523986131536->omNode-3-GrpcLogAppender: Leader has not got in touch with Follower omNode-1@group-523986131536->omNode-3(c-1,m0,n34, attendVote=true, lastRpcSendTime=1, lastRpcResponseTime=9208) yet, just keep nextIndex unchanged and retry.
2022-05-26 08:03:39,123 [OM StateMachine ApplyTransaction Thread - 0] INFO  volume.OMVolumeCreateRequest (OMVolumeCreateRequest.java:validateAndUpdateCache(195)) - created volume:volume13742 for user:user00840
2022-05-26 08:03:39,124 [grpc-default-executor-2] WARN  server.GrpcLogAppender (LogUtils.java:warn(122)) - omNode-1@group-523986131536->omNode-3-AppendLogResponseHandler: Failed appendEntries: org.apache.ratis.thirdparty.io.grpc.StatusRuntimeException: UNAVAILABLE: io exception
2022-05-26 08:03:39,124 [grpc-default-executor-2] WARN  server.GrpcLogAppender (GrpcLogAppender.java:resetClient(111)) - omNode-1@group-523986131536->omNode-3-GrpcLogAppender: Leader has not got in touch with Follower omNode-1@group-523986131536->omNode-3(c-1,m0,n35, attendVote=true, lastRpcSendTime=0, lastRpcResponseTime=9213) yet, just keep nextIndex unchanged and retry.
2022-05-26 08:03:39,133 [grpc-default-executor-2] WARN  server.GrpcLogAppender (LogUtils.java:warn(122)) - omNode-1@group-523986131536->omNode-3-AppendLogResponseHandler: Failed appendEntries: org.apache.ratis.thirdparty.io.grpc.StatusRuntimeException: UNAVAILABLE: io exception
GrpcLogAppender.java:resetClient(111)) - omNode-1@group-523986131536->omNode-3-GrpcLogAppender: Leader has not got in touch with Follower omNode-1@group-523986131536->omNode-3(c-1,m0,n35, attendVote=true, lastRpcSendTime=0, lastRpcResponseTime=9223) yet, just keep nextIndex unchanged and retry.
2022-05-26 08:03:39,134 [OM StateMachine ApplyTransaction Thread - 0] INFO  volume.OMVolumeCreateRequest (OMVolumeCreateRequest.java:validateAndUpdateCache(195)) - created volume:volume13742 for user:user00840
2022-05-26 08:03:39,383 [grpc-default-executor-2] WARN  server.GrpcLogAppender (LogUtils.java:warn(122)) - omNode-1@group-523986131536->omNode-3-AppendLogResponseHandler: Failed appendEntries: org.apache.ratis.thirdparty.io.grpc.StatusRuntimeException: UNAVAILABLE: io exception
2022-05-26 08:03:39,384 [grpc-default-executor-2] WARN  server.GrpcLogAppender (GrpcLogAppender.java:resetClient(111)) - omNode-1@group-523986131536->omNode-3-GrpcLogAppender: Leader has not got in touch with Follower omNode-1@group-523986131536->omNode-3(c-1,m0,n35, attendVote=true, lastRpcSendTime=0, lastRpcResponseTime=9473) yet, just keep nextIndex unchanged and retry.
2022-05-26 08:03:39,634 [grpc-default-executor-2] WARN  server.GrpcLogAppender (LogUtils.java:warn(122)) - omNode-1@group-523986131536->omNode-3-AppendLogResponseHandler: Failed appendEntries: org.apache.ratis.thirdparty.io.grpc.StatusRuntimeException: UNAVAILABLE: io exception
2022-05-26 08:03:39,634 [grpc-default-executor-2] WARN  server.GrpcLogAppender (GrpcLogAppender.java:resetClient(111)) - omNode-1@group-523986131536->omNode-3-GrpcLogAppender: Leader has not got in touch with Follower omNode-1@group-523986131536->omNode-3(c-1,m0,n35, attendVote=true, lastRpcSendTime=0, lastRpcResponseTime=9723) yet, just keep nextIndex unchanged and retry.
2022-05-26 08:03:39,884 [grpc-default-executor-3] WARN  server.GrpcLogAppender (LogUtils.java:warn(122)) - omNode-1@group-523986131536->omNode-3-AppendLogResponseHandler: Failed appendEntries: org.apache.ratis.thirdparty.io.grpc.StatusRuntimeException: UNAVAILABLE: io exception
2022-05-26 08:03:39,885 [grpc-default-executor-3] WARN  server.GrpcLogAppender (GrpcLogAppender.java:resetClient(111)) - omNode-1@group-523986131536->omNode-3-GrpcLogAppender: Leader has not got in touch with Follower omNode-1@group-523986131536->omNode-3(c-1,m0,n35, attendVote=true, lastRpcSendTime=0, lastRpcResponseTime=9973) yet, just keep nextIndex unchanged and retry.
2022-05-26 08:03:40,134 [grpc-default-executor-3] WARN  server.GrpcLogAppender (LogUtils.java:warn(122)) - omNode-1@group-523986131536->omNode-3-AppendLogResponseHandler: Failed appendEntries: org.apache.ratis.thirdparty.io.grpc.StatusRuntimeException: UNAVAILABLE: io exception
2022-05-26 08:03:40,135 [grpc-default-executor-3] WARN  server.GrpcLogAppender (GrpcLogAppender.java:resetClient(111)) - omNode-1@group-523986131536->omNode-3-GrpcLogAppender: Leader has not got in touch with Follower omNode-1@group-523986131536->omNode-3(c-1,m0,n35, attendVote=true, lastRpcSendTime=0, lastRpcResponseTime=10224) yet, just keep nextIndex unchanged and retry.
2022-05-26 08:03:40,385 [grpc-default-executor-3] WARN  server.GrpcLogAppender (LogUtils.java:warn(122)) - omNode-1@group-523986131536->omNode-3-AppendLogResponseHandler: Failed appendEntries: org.apache.ratis.thirdparty.io.grpc.StatusRuntimeException: UNAVAILABLE: io exception
2022-05-26 08:03:40,385 [grpc-default-executor-3] WARN  server.GrpcLogAppender (GrpcLogAppender.java:resetClient(111)) - omNode-1@group-523986131536->omNode-3-GrpcLogAppender: Leader has not got in touch with Follower omNode-1@group-523986131536->omNode-3(c-1,m0,n35, attendVote=true, lastRpcSendTime=0, lastRpcResponseTime=10474) yet, just keep nextIndex unchanged and retry.
2022-05-26 08:03:40,635 [grpc-default-executor-3] WARN  server.GrpcLogAppender (LogUtils.java:warn(122)) - omNode-1@group-523986131536->omNode-3-AppendLogResponseHandler: Failed appendEntries: org.apache.ratis.thirdparty.io.grpc.StatusRuntimeException: UNAVAILABLE: io exception
2022-05-26 08:03:40,636 [grpc-default-executor-3] WARN  server.GrpcLogAppender (GrpcLogAppender.java:resetClient(111)) - omNode-1@group-523986131536->omNode-3-GrpcLogAppender: Leader has not got in touch with Follower omNode-1@group-523986131536->omNode-3(c-1,m0,n35, attendVote=true, lastRpcSendTime=0, lastRpcResponseTime=10724) yet, just keep nextIndex unchanged and retry.
2022-05-26 08:03:40,885 [grpc-default-executor-3] WARN  server.GrpcLogAppender (LogUtils.java:warn(122)) - omNode-1@group-523986131536->omNode-3-AppendLogResponseHandler: Failed appendEntries: org.apache.ratis.thirdparty.io.grpc.StatusRuntimeException: UNAVAILABLE: io exception
2022-05-26 08:03:40,886 [grpc-default-executor-3] WARN  server.GrpcLogAppender (GrpcLogAppender.java:resetClient(111)) - omNode-1@group-523986131536->omNode-3-GrpcLogAppender: Leader has not got in touch with Follower omNode-1@group-523986131536->omNode-3(c-1,m0,n35, attendVote=true, lastRpcSendTime=0, lastRpcResponseTime=10975) yet, just keep nextIndex unchanged and retry.
2022-05-26 08:03:41,135 [grpc-default-executor-3] WARN  server.GrpcLogAppender (LogUtils.java:warn(122)) - omNode-1@group-523986131536->omNode-3-AppendLogResponseHandler: Failed appendEntries: org.apache.ratis.thirdparty.io.grpc.StatusRuntimeException: UNAVAILABLE: io exception
2022-05-26 08:03:41,136 [grpc-default-executor-3] WARN  server.GrpcLogAppender (GrpcLogAppender.java:resetClient(111)) - omNode-1@group-523986131536->omNode-3-GrpcLogAppender: Leader has not got in touch with Follower omNode-1@group-523986131536->omNode-3(c-1,m0,n35, attendVote=true, lastRpcSendTime=0, lastRpcResponseTime=11225) yet, just keep nextIndex unchanged and retry.
2022-05-26 08:03:41,140 [Listener at localhost/38277] INFO  om.OzoneManager (OzoneManager.java:stop(1960)) - omNode-3[localhost:46875]: Stopping Ozone Manager
2022-05-26 08:03:41,141 [Listener at localhost/38277] INFO  om.OzoneManager (OzoneManager.java:restart(1497)) - OzoneManager RPC server is listening at localhost/127.0.0.1:46875
2022-05-26 08:03:41,141 [Listener at localhost/38277] INFO  impl.MetricsSystemImpl (MetricsSystemImpl.java:init(158)) - OzoneManager metrics system started (again)
2022-05-26 08:03:41,152 [Listener at localhost/38277] WARN  server.ServerUtils (ServerUtils.java:getDBPath(225)) - ozone.om.db.dirs is not configured. We recommend adding this setting. Falling back to ozone.metadata.dirs instead.
2022-05-26 08:03:41,153 [Listener at localhost/38277] INFO  codec.OmKeyInfoCodec (OmKeyInfoCodec.java:<init>(49)) - OmKeyInfoCodec ignorePipeline = true
2022-05-26 08:03:41,153 [Listener at localhost/38277] INFO  codec.RepeatedOmKeyInfoCodec (RepeatedOmKeyInfoCodec.java:<init>(41)) - RepeatedOmKeyInfoCodec ignorePipeline = true
2022-05-26 08:03:41,187 [Listener at localhost/38277] WARN  impl.MetricRegistriesImpl (MetricRegistriesImpl.java:addReporterRegistration(111)) - New reporters are added after registries were created. Some metrics will be missing from the reporter. Please add reporter before adding any new registry.
2022-05-26 08:03:41,187 [Listener at localhost/38277] WARN  impl.MetricRegistriesImpl (MetricRegistriesImpl.java:addReporterRegistration(111)) - New reporters are added after registries were created. Some metrics will be missing from the reporter. Please add reporter before adding any new registry.
2022-05-26 08:03:41,188 [Listener at localhost/38277] WARN  server.ServerUtils (ServerUtils.java:getDefaultRatisDirectory(237)) - Storage directory for Ratis is not configured. It is a good idea to map this to an SSD disk. Falling back to ozone.metadata.dirs
2022-05-26 08:03:41,189 [Listener at localhost/38277] INFO  ratis.OzoneManagerRatisServer (OzoneManagerRatisServer.java:<init>(159)) - Instantiating OM Ratis server with groupID: om-service-test1 and peers: localhost:42233, localhost:40183, localhost:37413
2022-05-26 08:03:41,189 [Listener at localhost/38277] INFO  ratis.OzoneManagerStateMachine (OzoneManagerStateMachine.java:loadSnapshotInfoFromDB(627)) - LastAppliedIndex is set from TransactionInfo from OM DB as (t:4, i:30)
2022-05-26 08:03:41,196 [Listener at localhost/38277] INFO  server.RaftServer (ConfUtils.java:logGet(46)) - raft.rpc.type = GRPC (default)
2022-05-26 08:03:41,196 [Listener at localhost/38277] INFO  grpc.GrpcFactory (GrpcFactory.java:checkPooledByteBufAllocatorUseCacheForAllThreads(48)) - PERFORMANCE WARNING: useCacheForAllThreads is true that may cause Netty to create a lot garbage objects and, as a result, trigger GC.
	It is recommended to disable useCacheForAllThreads by setting -Dorg.apache.ratis.thirdparty.io.netty.allocator.useCacheForAllThreads=false in command line.
2022-05-26 08:03:41,196 [Listener at localhost/38277] INFO  grpc.GrpcConfigKeys (ConfUtils.java:logGet(46)) - raft.grpc.admin.port = -1 (default)
2022-05-26 08:03:41,196 [Listener at localhost/38277] INFO  grpc.GrpcConfigKeys (ConfUtils.java:logGet(46)) - raft.grpc.server.port = 42233 (custom)
2022-05-26 08:03:41,197 [Listener at localhost/38277] INFO  grpc.GrpcConfigKeys (ConfUtils.java:logGet(46)) - raft.grpc.client.port = -1 (default)
2022-05-26 08:03:41,197 [Listener at localhost/38277] INFO  grpc.GrpcConfigKeys (ConfUtils.java:logGet(46)) - raft.grpc.server.port = 42233 (custom)
2022-05-26 08:03:41,197 [Listener at localhost/38277] INFO  grpc.GrpcConfigKeys (ConfUtils.java:logGet(46)) - raft.grpc.server.port = 42233 (custom)
2022-05-26 08:03:41,197 [Listener at localhost/38277] INFO  server.GrpcService (ConfUtils.java:logGet(46)) - raft.grpc.message.size.max = 33554432 (custom)
2022-05-26 08:03:41,197 [Listener at localhost/38277] INFO  server.RaftServerConfigKeys (ConfUtils.java:logGet(46)) - raft.server.log.appender.buffer.byte-limit = 33554432 (custom)
2022-05-26 08:03:41,197 [Listener at localhost/38277] INFO  server.GrpcService (ConfUtils.java:logGet(46)) - raft.grpc.flow.control.window = 1MB (=1048576) (default)
2022-05-26 08:03:41,197 [Listener at localhost/38277] INFO  server.RaftServerConfigKeys (ConfUtils.java:logGet(46)) - raft.server.rpc.request.timeout = 3000ms (default)
2022-05-26 08:03:41,197 [Listener at localhost/38277] INFO  grpc.GrpcConfigKeys (ConfUtils.java:logGet(46)) - raft.grpc.server.async.request.thread.pool.cached = true (default)
2022-05-26 08:03:41,197 [Listener at localhost/38277] INFO  grpc.GrpcConfigKeys (ConfUtils.java:logGet(46)) - raft.grpc.server.async.request.thread.pool.size = 32 (default)
2022-05-26 08:03:41,198 [Listener at localhost/38277] INFO  impl.DataStreamServerImpl (ConfUtils.java:logGet(46)) - raft.datastream.type = DISABLED (default)
2022-05-26 08:03:41,199 [Listener at localhost/38277] INFO  server.RaftServerConfigKeys (ConfUtils.java:logGet(46)) - raft.server.threadpool.proxy.cached = true (default)
2022-05-26 08:03:41,199 [Listener at localhost/38277] INFO  server.RaftServerConfigKeys (ConfUtils.java:logGet(46)) - raft.server.threadpool.proxy.size = 0 (default)
2022-05-26 08:03:41,199 [Listener at localhost/38277] INFO  server.RaftServerConfigKeys (ConfUtils.java:logGet(46)) - raft.server.rpc.slowness.timeout = 2s (custom)
2022-05-26 08:03:41,199 [Listener at localhost/38277] INFO  server.RaftServerConfigKeys (ConfUtils.java:logGet(46)) - raft.server.leaderelection.leader.step-down.wait-time = 10s (default)
2022-05-26 08:03:41,199 [Listener at localhost/38277] INFO  server.RaftServerConfigKeys (ConfUtils.java:logGet(46)) - raft.server.storage.dir = [/home/runner/work/ozone/ozone/hadoop-ozone/integration-test/target/test-dir/MiniOzoneClusterImpl-17bb6255-4ab1-443a-98be-5fd7627ecb82/omNode-3/ratis] (custom)
2022-05-26 08:03:41,200 [omNode-3-impl-thread1] INFO  server.RaftServer (RaftServerProxy.java:initGroupDir(247)) - omNode-3: found a subdirectory /home/runner/work/ozone/ozone/hadoop-ozone/integration-test/target/test-dir/MiniOzoneClusterImpl-17bb6255-4ab1-443a-98be-5fd7627ecb82/omNode-3/ratis/c9bc4cf4-3bc3-3c60-a66b-523986131536
2022-05-26 08:03:41,200 [Listener at localhost/38277] INFO  server.RaftServer (RaftServerProxy.java:addNew(96)) - omNode-3: addNew group-523986131536:[omNode-3|rpc:localhost:42233|priority:0, omNode-1|rpc:localhost:40183|priority:0, omNode-2|rpc:localhost:37413|priority:0] returns group-523986131536:java.util.concurrent.CompletableFuture@16955bd0[Not completed]
2022-05-26 08:03:41,200 [Listener at localhost/38277] INFO  om.OzoneManager (OzoneManager.java:initializeRatisServer(1901)) - OzoneManager Ratis server initialized at port 42233
2022-05-26 08:03:41,200 [Listener at localhost/38277] INFO  ratis.OzoneManagerRatisServer (OzoneManagerRatisServer.java:start(554)) - Starting OzoneManagerRatisServer omNode-3 at port 42233
2022-05-26 08:03:41,200 [pool-446-thread-1] INFO  server.RaftServer$Division (RaftServerImpl.java:<init>(190)) - omNode-3: new RaftServerImpl for group-523986131536:[omNode-3|rpc:localhost:42233|priority:0, omNode-1|rpc:localhost:40183|priority:0, omNode-2|rpc:localhost:37413|priority:0] with OzoneManagerStateMachine:uninitialized
2022-05-26 08:03:41,200 [pool-446-thread-1] INFO  server.RaftServerConfigKeys (ConfUtils.java:logGet(46)) - raft.server.rpc.timeout.min = 1s (custom)
2022-05-26 08:03:41,200 [pool-446-thread-1] INFO  server.RaftServerConfigKeys (ConfUtils.java:logGet(46)) - raft.server.rpc.timeout.max = 1200ms (custom)
2022-05-26 08:03:41,200 [pool-446-thread-1] INFO  server.RaftServerConfigKeys (ConfUtils.java:logGet(46)) - raft.server.rpc.sleep.time = 25ms (default)
2022-05-26 08:03:41,200 [pool-446-thread-1] INFO  server.RaftServerConfigKeys (ConfUtils.java:logGet(46)) - raft.server.rpc.slowness.timeout = 2s (custom)
2022-05-26 08:03:41,200 [pool-446-thread-1] INFO  server.RaftServerConfigKeys (ConfUtils.java:logGet(46)) - raft.server.leaderelection.leader.step-down.wait-time = 10s (default)
2022-05-26 08:03:41,201 [pool-446-thread-1] INFO  server.RaftServerConfigKeys (ConfUtils.java:logGet(46)) - raft.server.sleep.deviation.threshold = 300ms (default)
2022-05-26 08:03:41,201 [pool-446-thread-1] INFO  server.RaftServer$Division (ServerState.java:<init>(107)) - omNode-3@group-523986131536: ConfigurationManager, init=-1: [omNode-3|rpc:localhost:42233|priority:0, omNode-1|rpc:localhost:40183|priority:0, omNode-2|rpc:localhost:37413|priority:0], old=null, confs=<EMPTY_MAP>
2022-05-26 08:03:41,201 [pool-446-thread-1] INFO  server.RaftServerConfigKeys (ConfUtils.java:logGet(46)) - raft.server.storage.dir = [/home/runner/work/ozone/ozone/hadoop-ozone/integration-test/target/test-dir/MiniOzoneClusterImpl-17bb6255-4ab1-443a-98be-5fd7627ecb82/omNode-3/ratis] (custom)
2022-05-26 08:03:41,201 [pool-446-thread-1] INFO  server.RaftServerConfigKeys (ConfUtils.java:logGet(46)) - raft.server.log.corruption.policy = EXCEPTION (default)
2022-05-26 08:03:41,201 [pool-446-thread-1] INFO  server.RaftServerConfigKeys (ConfUtils.java:logGet(46)) - raft.server.storage.free-space.min = 0MB (=0) (default)
2022-05-26 08:03:41,202 [pool-446-thread-1] INFO  storage.RaftStorageDirectory (RaftStorageDirectoryImpl.java:tryLock(230)) - Lock on /home/runner/work/ozone/ozone/hadoop-ozone/integration-test/target/test-dir/MiniOzoneClusterImpl-17bb6255-4ab1-443a-98be-5fd7627ecb82/omNode-3/ratis/c9bc4cf4-3bc3-3c60-a66b-523986131536/in_use.lock acquired by nodename 18146@fv-az35-51
2022-05-26 08:03:41,202 [pool-446-thread-1] INFO  storage.RaftStorage (RaftStorageImpl.java:analyzeAndRecoverStorage(110)) - Read RaftStorageMetadata{term=4, votedFor=omNode-3} from /home/runner/work/ozone/ozone/hadoop-ozone/integration-test/target/test-dir/MiniOzoneClusterImpl-17bb6255-4ab1-443a-98be-5fd7627ecb82/omNode-3/ratis/c9bc4cf4-3bc3-3c60-a66b-523986131536/current/raft-meta
2022-05-26 08:03:41,202 [pool-446-thread-1] INFO  server.RaftServer$Division (ServerState.java:setRaftConf(393)) - omNode-3@group-523986131536: set configuration 27: [omNode-3|rpc:localhost:42233|admin:|client:|dataStream:|priority:0, omNode-1|rpc:localhost:40183|admin:|client:|dataStream:|priority:0, omNode-2|rpc:localhost:37413|admin:|client:|dataStream:|priority:0], old=null
2022-05-26 08:03:41,202 [pool-446-thread-1] INFO  server.RaftServerConfigKeys (ConfUtils.java:logGet(46)) - raft.server.notification.no-leader.timeout = 2s (custom)
2022-05-26 08:03:41,202 [pool-446-thread-1] INFO  server.RaftServerConfigKeys (ConfUtils.java:logGet(46)) - raft.server.log.use.memory = false (default)
2022-05-26 08:03:41,202 [pool-446-thread-1] INFO  server.RaftServerConfigKeys (ConfUtils.java:logGet(46)) - raft.server.log.purge.gap = 50 (custom)
2022-05-26 08:03:41,202 [pool-446-thread-1] INFO  server.RaftServerConfigKeys (ConfUtils.java:logGet(46)) - raft.server.log.appender.buffer.byte-limit = 33554432 (custom)
2022-05-26 08:03:41,202 [pool-446-thread-1] INFO  server.RaftServerConfigKeys (ConfUtils.java:logGet(46)) - raft.server.log.statemachine.data.read.timeout = 1000ms (default)
2022-05-26 08:03:41,202 [pool-446-thread-1] INFO  server.RaftServerConfigKeys (ConfUtils.java:logGet(46)) - raft.server.log.segment.size.max = 4194304 (custom)
2022-05-26 08:03:41,203 [pool-446-thread-1] INFO  server.RaftServerConfigKeys (ConfUtils.java:logGet(46)) - raft.server.log.segment.cache.num.max = 2 (custom)
2022-05-26 08:03:41,203 [pool-446-thread-1] INFO  server.RaftServerConfigKeys (ConfUtils.java:logGet(46)) - raft.server.log.segment.cache.size.max = 200MB (=209715200) (default)
2022-05-26 08:03:41,203 [pool-446-thread-1] INFO  segmented.SegmentedRaftLogWorker (SegmentedRaftLogWorker.java:<init>(187)) - new omNode-3@group-523986131536-SegmentedRaftLogWorker for RaftStorageImpl:Storage Directory /home/runner/work/ozone/ozone/hadoop-ozone/integration-test/target/test-dir/MiniOzoneClusterImpl-17bb6255-4ab1-443a-98be-5fd7627ecb82/omNode-3/ratis/c9bc4cf4-3bc3-3c60-a66b-523986131536
2022-05-26 08:03:41,203 [pool-446-thread-1] INFO  server.RaftServerConfigKeys (ConfUtils.java:logGet(46)) - raft.server.log.queue.byte-limit = 64MB (=67108864) (default)
2022-05-26 08:03:41,203 [pool-446-thread-1] INFO  server.RaftServerConfigKeys (ConfUtils.java:logGet(46)) - raft.server.log.queue.element-limit = 4096 (default)
2022-05-26 08:03:41,203 [pool-446-thread-1] INFO  server.RaftServerConfigKeys (ConfUtils.java:logGet(46)) - raft.server.log.segment.size.max = 4194304 (custom)
2022-05-26 08:03:41,203 [pool-446-thread-1] INFO  server.RaftServerConfigKeys (ConfUtils.java:logGet(46)) - raft.server.log.preallocated.size = 4194304 (custom)
2022-05-26 08:03:41,203 [pool-446-thread-1] INFO  server.RaftServerConfigKeys (ConfUtils.java:logGet(46)) - raft.server.log.force.sync.num = 128 (default)
2022-05-26 08:03:41,203 [pool-446-thread-1] INFO  server.RaftServerConfigKeys (ConfUtils.java:logGet(46)) - raft.server.log.statemachine.data.sync = true (default)
2022-05-26 08:03:41,203 [pool-446-thread-1] INFO  server.RaftServerConfigKeys (ConfUtils.java:logGet(46)) - raft.server.log.statemachine.data.sync.timeout = 10s (default)
2022-05-26 08:03:41,203 [pool-446-thread-1] INFO  server.RaftServerConfigKeys (ConfUtils.java:logGet(46)) - raft.server.log.statemachine.data.sync.timeout.retry = -1 (default)
2022-05-26 08:03:41,204 [pool-446-thread-1] INFO  server.RaftServerConfigKeys (ConfUtils.java:logGet(46)) - raft.server.log.write.buffer.size = 64KB (=65536) (default)
2022-05-26 08:03:41,204 [pool-446-thread-1] INFO  server.RaftServerConfigKeys (ConfUtils.java:logGet(46)) - raft.server.log.unsafe-flush.enabled = false (default)
2022-05-26 08:03:41,204 [pool-446-thread-1] INFO  server.RaftServerConfigKeys (ConfUtils.java:logGet(46)) - raft.server.log.statemachine.data.caching.enabled = false (default)
2022-05-26 08:03:41,204 [pool-446-thread-1] INFO  server.RaftServer$Division (ServerState.java:setRaftConf(393)) - omNode-3@group-523986131536: set configuration 0: [omNode-3|rpc:localhost:42233|admin:|client:|dataStream:|priority:0, omNode-1|rpc:localhost:40183|admin:|client:|dataStream:|priority:0, omNode-2|rpc:localhost:37413|admin:|client:|dataStream:|priority:0], old=null
2022-05-26 08:03:41,205 [pool-446-thread-1] INFO  segmented.LogSegment (LogSegment.java:loadSegment(173)) - Successfully read 7 entries from segment file /home/runner/work/ozone/ozone/hadoop-ozone/integration-test/target/test-dir/MiniOzoneClusterImpl-17bb6255-4ab1-443a-98be-5fd7627ecb82/omNode-3/ratis/c9bc4cf4-3bc3-3c60-a66b-523986131536/current/log_0-6
2022-05-26 08:03:41,205 [pool-446-thread-1] INFO  server.RaftServer$Division (ServerState.java:setRaftConf(393)) - omNode-3@group-523986131536: set configuration 7: [omNode-3|rpc:localhost:42233|admin:|client:|dataStream:|priority:0, omNode-1|rpc:localhost:40183|admin:|client:|dataStream:|priority:0, omNode-2|rpc:localhost:37413|admin:|client:|dataStream:|priority:0], old=null
2022-05-26 08:03:41,205 [pool-446-thread-1] INFO  segmented.LogSegment (LogSegment.java:loadSegment(173)) - Successfully read 8 entries from segment file /home/runner/work/ozone/ozone/hadoop-ozone/integration-test/target/test-dir/MiniOzoneClusterImpl-17bb6255-4ab1-443a-98be-5fd7627ecb82/omNode-3/ratis/c9bc4cf4-3bc3-3c60-a66b-523986131536/current/log_7-14
2022-05-26 08:03:41,205 [pool-446-thread-1] INFO  server.RaftServer$Division (ServerState.java:setRaftConf(393)) - omNode-3@group-523986131536: set configuration 15: [omNode-3|rpc:localhost:42233|admin:|client:|dataStream:|priority:0, omNode-1|rpc:localhost:40183|admin:|client:|dataStream:|priority:0, omNode-2|rpc:localhost:37413|admin:|client:|dataStream:|priority:0], old=null
2022-05-26 08:03:41,206 [pool-446-thread-1] INFO  segmented.LogSegment (LogSegment.java:loadSegment(173)) - Successfully read 12 entries from segment file /home/runner/work/ozone/ozone/hadoop-ozone/integration-test/target/test-dir/MiniOzoneClusterImpl-17bb6255-4ab1-443a-98be-5fd7627ecb82/omNode-3/ratis/c9bc4cf4-3bc3-3c60-a66b-523986131536/current/log_15-26
2022-05-26 08:03:41,206 [pool-446-thread-1] INFO  server.RaftServer$Division (ServerState.java:setRaftConf(393)) - omNode-3@group-523986131536: set configuration 27: [omNode-3|rpc:localhost:42233|admin:|client:|dataStream:|priority:0, omNode-1|rpc:localhost:40183|admin:|client:|dataStream:|priority:0, omNode-2|rpc:localhost:37413|admin:|client:|dataStream:|priority:0], old=null
2022-05-26 08:03:41,206 [pool-446-thread-1] INFO  segmented.LogSegment (LogSegment.java:loadSegment(173)) - Successfully read 4 entries from segment file /home/runner/work/ozone/ozone/hadoop-ozone/integration-test/target/test-dir/MiniOzoneClusterImpl-17bb6255-4ab1-443a-98be-5fd7627ecb82/omNode-3/ratis/c9bc4cf4-3bc3-3c60-a66b-523986131536/current/log_inprogress_27
2022-05-26 08:03:41,206 [pool-446-thread-1] INFO  segmented.SegmentedRaftLogWorker (SegmentedRaftLogWorker.java:lambda$new$0(135)) - omNode-3@group-523986131536-SegmentedRaftLogWorker: flushIndex: setUnconditionally 0 -> 30
2022-05-26 08:03:41,206 [pool-446-thread-1] INFO  segmented.SegmentedRaftLogWorker (SegmentedRaftLogWorker.java:lambda$new$0(135)) - omNode-3@group-523986131536-SegmentedRaftLogWorker: safeCacheEvictIndex: setUnconditionally 0 -> 26
2022-05-26 08:03:41,206 [pool-446-thread-1] INFO  raftlog.RaftLog (RaftLogBase.java:lambda$new$0(53)) - omNode-3@group-523986131536-SegmentedRaftLog: commitIndex: updateToMax old=30, new=29, updated? false
2022-05-26 08:03:41,206 [pool-446-thread-1] INFO  server.RaftServerConfigKeys (ConfUtils.java:logGet(46)) - raft.server.snapshot.auto.trigger.enabled = true (custom)
2022-05-26 08:03:41,206 [pool-446-thread-1] INFO  server.RaftServerConfigKeys (ConfUtils.java:logGet(46)) - raft.server.snapshot.auto.trigger.threshold = 50 (custom)
2022-05-26 08:03:41,206 [pool-446-thread-1] INFO  server.RaftServerConfigKeys (ConfUtils.java:logGet(46)) - raft.server.snapshot.retention.file.num = -1 (default)
2022-05-26 08:03:41,206 [pool-446-thread-1] INFO  server.RaftServerConfigKeys (ConfUtils.java:logGet(46)) - raft.server.log.purge.upto.snapshot.index = true (custom)
2022-05-26 08:03:41,206 [pool-446-thread-1] INFO  server.RaftServerConfigKeys (ConfUtils.java:logGet(46)) - raft.server.retrycache.expirytime = 30000ms (custom)
2022-05-26 08:03:41,206 [pool-446-thread-1] INFO  server.RaftServerConfigKeys (ConfUtils.java:logGet(46)) - raft.server.retrycache.statistics.expirytime = 100μs (default)
2022-05-26 08:03:41,207 [pool-446-thread-1] INFO  server.RaftServerConfigKeys (ConfUtils.java:logGet(46)) - raft.server.log.appender.install.snapshot.enabled = false (custom)
2022-05-26 08:03:41,207 [pool-446-thread-1] INFO  server.RaftServerConfigKeys (ConfUtils.java:logGet(46)) - raft.server.threadpool.server.cached = true (default)
2022-05-26 08:03:41,207 [pool-446-thread-1] INFO  server.RaftServerConfigKeys (ConfUtils.java:logGet(46)) - raft.server.threadpool.server.size = 0 (default)
2022-05-26 08:03:41,207 [pool-446-thread-1] INFO  server.RaftServerConfigKeys (ConfUtils.java:logGet(46)) - raft.server.threadpool.client.cached = true (default)
2022-05-26 08:03:41,207 [pool-446-thread-1] INFO  server.RaftServerConfigKeys (ConfUtils.java:logGet(46)) - raft.server.threadpool.client.size = 0 (default)
2022-05-26 08:03:41,208 [omNode-3-impl-thread1] INFO  server.RaftServer$Division (RaftServerImpl.java:start(310)) - omNode-3@group-523986131536: start as a follower, conf=27: [omNode-3|rpc:localhost:42233|admin:|client:|dataStream:|priority:0, omNode-1|rpc:localhost:40183|admin:|client:|dataStream:|priority:0, omNode-2|rpc:localhost:37413|admin:|client:|dataStream:|priority:0], old=null
2022-05-26 08:03:41,208 [omNode-3-impl-thread1] INFO  server.RaftServer$Division (RaftServerImpl.java:setRole(299)) - omNode-3@group-523986131536: changes role from      null to FOLLOWER at term 4 for startAsFollower
2022-05-26 08:03:41,208 [omNode-3-impl-thread1] INFO  impl.RoleInfo (RoleInfo.java:updateAndGet(139)) - omNode-3: start omNode-3@group-523986131536-FollowerState
2022-05-26 08:03:41,216 [omNode-3-impl-thread1] INFO  util.JmxRegister (JmxRegister.java:tryRegister(44)) - Successfully registered JMX Bean with object name Ratis:service=RaftServer,group=group-523986131536,id=omNode-3
2022-05-26 08:03:41,223 [Listener at localhost/38277] INFO  server.RaftServer (RaftServerProxy.java:lambda$start$6(382)) - omNode-3: start RPC server
2022-05-26 08:03:41,224 [Listener at localhost/38277] INFO  server.GrpcService (GrpcService.java:startImpl(260)) - omNode-3: GrpcService started, listening on 42233
2022-05-26 08:03:41,225 [Listener at localhost/38277] INFO  om.OzoneManager (OzoneManager.java:getRpcServer(1030)) - Creating RPC Server
2022-05-26 08:03:41,228 [org.apache.ratis.util.JvmPauseMonitor$$Lambda$691/456821109@63b440bd] INFO  util.JvmPauseMonitor (JvmPauseMonitor.java:run(103)) - JvmPauseMonitor-omNode-3: Started
2022-05-26 08:03:41,386 [grpc-default-executor-3] WARN  server.GrpcLogAppender (LogUtils.java:warn(122)) - omNode-1@group-523986131536->omNode-3-AppendLogResponseHandler: Failed appendEntries: org.apache.ratis.thirdparty.io.grpc.StatusRuntimeException: UNAVAILABLE: io exception
2022-05-26 08:03:41,386 [grpc-default-executor-3] WARN  server.GrpcLogAppender (GrpcLogAppender.java:resetClient(111)) - omNode-1@group-523986131536->omNode-3-GrpcLogAppender: Leader has not got in touch with Follower omNode-1@group-523986131536->omNode-3(c-1,m0,n35, attendVote=true, lastRpcSendTime=0, lastRpcResponseTime=11475) yet, just keep nextIndex unchanged and retry.
2022-05-26 08:03:41,569 [Listener at localhost/38277] INFO  reflections.Reflections (Reflections.java:scan(232)) - Reflections took 343 ms to scan 19 urls, producing 61 keys and 3747 values [using 2 cores]
2022-05-26 08:03:41,570 [Listener at localhost/38277] INFO  ipc.CallQueueManager (CallQueueManager.java:<init>(90)) - Using callQueue: class java.util.concurrent.LinkedBlockingQueue, queueCapacity: 2000, scheduler: class org.apache.hadoop.ipc.DefaultRpcScheduler, ipcBackoff: false.
2022-05-26 08:03:41,570 [Socket Reader #1 for port 46875] INFO  ipc.Server (Server.java:run(1265)) - Starting Socket Reader #1 for port 46875
2022-05-26 08:03:41,573 [Listener at localhost/46875] INFO  http.BaseHttpServer (BaseHttpServer.java:newHttpServer2BuilderForOzone(209)) - Starting Web-server for ozoneManager at: http://0.0.0.0:39517
2022-05-26 08:03:41,573 [Listener at localhost/46875] INFO  http.BaseHttpServer (BaseHttpServer.java:<init>(107)) - Hadoop Security Enabled: false Ozone Security Enabled: false Ozone HTTP Security Enabled: false 
2022-05-26 08:03:41,574 [Listener at localhost/46875] INFO  server.AuthenticationFilter (AuthenticationFilter.java:constructSecretProvider(240)) - Unable to initialize FileSignerSecretProvider, falling back to use random secrets.
2022-05-26 08:03:41,574 [Listener at localhost/46875] WARN  http.HttpRequestLog (HttpRequestLog.java:getRequestLog(103)) - Jetty request log can only be enabled using Log4j
2022-05-26 08:03:41,575 [Listener at localhost/46875] INFO  http.HttpServer2 (HttpServer2.java:addGlobalFilter(1030)) - Added global filter 'safety' (class=org.apache.hadoop.hdds.server.http.HttpServer2$QuotingInputFilter)
2022-05-26 08:03:41,576 [Listener at localhost/46875] INFO  http.HttpServer2 (HttpServer2.java:addFilter(1006)) - Added filter static_user_filter (class=org.apache.hadoop.http.lib.StaticUserWebFilter$StaticUserFilter) to context ozoneManager
2022-05-26 08:03:41,576 [Listener at localhost/46875] INFO  http.HttpServer2 (HttpServer2.java:addFilter(1014)) - Added filter static_user_filter (class=org.apache.hadoop.http.lib.StaticUserWebFilter$StaticUserFilter) to context static
2022-05-26 08:03:41,576 [Listener at localhost/46875] INFO  http.HttpServer2 (HttpServer2.java:addFilter(1014)) - Added filter static_user_filter (class=org.apache.hadoop.http.lib.StaticUserWebFilter$StaticUserFilter) to context logs
2022-05-26 08:03:41,576 [Listener at localhost/46875] INFO  http.HttpServer2 (HttpServer2.java:bindListener(1249)) - Jetty bound to port 39517
2022-05-26 08:03:41,577 [Listener at localhost/46875] INFO  server.Server (Server.java:doStart(375)) - jetty-9.4.43.v20210629; built: 2021-06-30T11:07:22.254Z; git: 526006ecfa3af7f1a27ef3a288e2bef7ea9dd7e8; jvm 1.8.0_332-b09
2022-05-26 08:03:41,578 [Listener at localhost/46875] INFO  server.session (DefaultSessionIdManager.java:doStart(334)) - DefaultSessionIdManager workerName=node0
2022-05-26 08:03:41,578 [Listener at localhost/46875] INFO  server.session (DefaultSessionIdManager.java:doStart(339)) - No SessionScavenger set, using defaults
2022-05-26 08:03:41,578 [Listener at localhost/46875] INFO  server.session (HouseKeeper.java:startScavenging(132)) - node0 Scavenging every 660000ms
2022-05-26 08:03:41,579 [Listener at localhost/46875] INFO  handler.ContextHandler (ContextHandler.java:doStart(915)) - Started o.e.j.s.ServletContextHandler@2556003d{logs,/logs,file:///home/runner/work/ozone/ozone/hadoop-ozone/integration-test/target/log,AVAILABLE}
2022-05-26 08:03:41,579 [Listener at localhost/46875] INFO  handler.ContextHandler (ContextHandler.java:doStart(915)) - Started o.e.j.s.ServletContextHandler@644d442a{static,/static,file:///home/runner/work/ozone/ozone/hadoop-ozone/integration-test/target/test-classes/webapps/static,AVAILABLE}
2022-05-26 08:03:41,581 [Listener at localhost/46875] INFO  handler.ContextHandler (ContextHandler.java:doStart(915)) - Started o.e.j.w.WebAppContext@25e7a411{ozoneManager,/,file:///home/runner/work/ozone/ozone/hadoop-ozone/integration-test/target/test-classes/webapps/ozoneManager/,AVAILABLE}{file:/home/runner/work/ozone/ozone/hadoop-ozone/integration-test/target/test-classes/webapps/ozoneManager}
2022-05-26 08:03:41,585 [Listener at localhost/46875] INFO  server.AbstractConnector (AbstractConnector.java:doStart(331)) - Started ServerConnector@7779243b{HTTP/1.1, (http/1.1)}{0.0.0.0:39517}
2022-05-26 08:03:41,585 [Listener at localhost/46875] INFO  server.Server (Server.java:doStart(415)) - Started @83525ms
2022-05-26 08:03:41,585 [Listener at localhost/46875] WARN  impl.MetricsSystemImpl (MetricsSystemImpl.java:register(279)) - Sink prometheus already exists!
2022-05-26 08:03:41,586 [Listener at localhost/46875] INFO  http.BaseHttpServer (BaseHttpServer.java:updateConnectorAddress(329)) - HTTP server of ozoneManager listening at http://0.0.0.0:39517
2022-05-26 08:03:41,586 [IPC Server Responder] INFO  ipc.Server (Server.java:run(1507)) - IPC Server Responder: starting
2022-05-26 08:03:41,586 [IPC Server listener on 46875] INFO  ipc.Server (Server.java:run(1344)) - IPC Server listener on 46875: starting
2022-05-26 08:03:41,587 [Listener at localhost/46875] INFO  om.OzoneManager (OzoneManager.java:startTrashEmptier(1845)) - Trash Interval set to 0. Files deleted won't move to trash
2022-05-26 08:03:41,588 [Listener at localhost/46875] INFO  om.OzoneManager (OzoneManager.java:stop(1960)) - omNode-1[localhost:38409]: Stopping Ozone Manager
2022-05-26 08:03:41,588 [Listener at localhost/46875] INFO  ipc.Server (Server.java:stop(3414)) - Stopping server on 38409
2022-05-26 08:03:41,593 [org.apache.hadoop.util.JvmPauseMonitor$Monitor@601d0bc8] INFO  util.JvmPauseMonitor (JvmPauseMonitor.java:run(188)) - Starting JVM pause monitor
2022-05-26 08:03:41,593 [IPC Server Responder] INFO  ipc.Server (Server.java:run(1512)) - Stopping IPC Server Responder
2022-05-26 08:03:41,593 [Listener at localhost/46875] INFO  server.RaftServer (RaftServerProxy.java:lambda$close$7(398)) - omNode-1: close
2022-05-26 08:03:41,594 [Listener at localhost/46875] INFO  server.RaftServer$Division (RaftServerImpl.java:lambda$close$4(434)) - omNode-1@group-523986131536: shutdown
2022-05-26 08:03:41,594 [Listener at localhost/46875] INFO  util.JmxRegister (JmxRegister.java:unregister(73)) - Successfully un-registered JMX Bean with object name Ratis:service=RaftServer,group=group-523986131536,id=omNode-1
2022-05-26 08:03:41,594 [Listener at localhost/46875] INFO  impl.RoleInfo (RoleInfo.java:shutdownLeaderState(93)) - omNode-1: shutdown omNode-1@group-523986131536-LeaderStateImpl
2022-05-26 08:03:41,594 [Listener at localhost/46875] INFO  impl.PendingRequests (PendingRequests.java:sendNotLeaderResponses(282)) - omNode-1@group-523986131536-PendingRequests: sendNotLeaderResponses
2022-05-26 08:03:41,595 [Listener at localhost/46875] INFO  impl.StateMachineUpdater (StateMachineUpdater.java:stopAndJoin(153)) - omNode-1@group-523986131536-StateMachineUpdater: set stopIndex = 34
2022-05-26 08:03:41,596 [omNode-1@group-523986131536-StateMachineUpdater] INFO  ratis.OzoneManagerStateMachine (OzoneManagerStateMachine.java:takeSnapshot(436)) - Current Snapshot Index (t:5, i:34)
2022-05-26 08:03:41,596 [omNode-1@group-523986131536->omNode-2-GrpcLogAppender-LogAppenderDaemon] WARN  server.GrpcLogAppender (GrpcLogAppender.java:mayWait(171)) - omNode-1@group-523986131536->omNode-2-GrpcLogAppender: Wait interrupted by java.lang.InterruptedException
2022-05-26 08:03:41,596 [omNode-1@group-523986131536-StateMachineUpdater] INFO  impl.StateMachineUpdater (StateMachineUpdater.java:takeSnapshot(287)) - omNode-1@group-523986131536-StateMachineUpdater: Took a snapshot at index 34
2022-05-26 08:03:41,596 [omNode-1@group-523986131536-StateMachineUpdater] INFO  impl.StateMachineUpdater (StateMachineUpdater.java:lambda$new$0(92)) - omNode-1@group-523986131536-StateMachineUpdater: snapshotIndex: updateIncreasingly 25 -> 34
2022-05-26 08:03:41,596 [omNode-1@group-523986131536-StateMachineUpdater] INFO  ratis.OzoneManagerStateMachine (OzoneManagerStateMachine.java:close(490)) - StateMachine has shutdown. Shutdown OzoneManager if not already shutdown.
2022-05-26 08:03:41,596 [omNode-1@group-523986131536-StateMachineUpdater] INFO  ratis.OzoneManagerDoubleBuffer (OzoneManagerDoubleBuffer.java:stop(465)) - Stopping OMDoubleBuffer flush thread
2022-05-26 08:03:41,599 [IPC Server listener on 38409] INFO  ipc.Server (Server.java:run(1376)) - Stopping IPC Server listener on 38409
2022-05-26 08:03:41,600 [grpc-default-executor-3] INFO  server.GrpcServerProtocolService (GrpcServerProtocolService.java:onCompleted(140)) - omNode-2: Completed APPEND_ENTRIES, lastRequest: omNode-1->omNode-2#69-t5,previous=(t:5, i:33),leaderCommit=33,initializing? true,entries: size=1, first=(t:5, i:34), METADATAENTRY(c:33)
2022-05-26 08:03:41,600 [OMDoubleBufferFlushThread] INFO  ratis.OzoneManagerDoubleBuffer (OzoneManagerDoubleBuffer.java:flushTransactions(385)) - OMDoubleBuffer flush thread OMDoubleBufferFlushThread is interrupted and will exit.
2022-05-26 08:03:41,601 [grpc-default-executor-2] INFO  server.GrpcLogAppender (GrpcLogAppender.java:onCompleted(339)) - omNode-1@group-523986131536->omNode-2-AppendLogResponseHandler: follower responses appendEntries COMPLETED
2022-05-26 08:03:41,601 [grpc-default-executor-2] INFO  leader.FollowerInfo (FollowerInfoImpl.java:lambda$new$0(48)) - omNode-1@group-523986131536->omNode-2: nextIndex: updateUnconditionally 35 -> 34
2022-05-26 08:03:41,601 [Listener at localhost/46875] INFO  server.RaftServer$Division (ServerState.java:close(429)) - omNode-1@group-523986131536: closes. applyIndex: 34
2022-05-26 08:03:41,601 [omNode-1@group-523986131536-SegmentedRaftLogWorker] INFO  segmented.SegmentedRaftLogWorker (SegmentedRaftLogWorker.java:run(336)) - omNode-1@group-523986131536-SegmentedRaftLogWorker was interrupted, exiting. There are 0 tasks remaining in the queue.
2022-05-26 08:03:41,602 [Listener at localhost/46875] INFO  segmented.SegmentedRaftLogWorker (SegmentedRaftLogWorker.java:close(246)) - omNode-1@group-523986131536-SegmentedRaftLogWorker close()
2022-05-26 08:03:41,603 [Listener at localhost/46875] INFO  server.GrpcService (GrpcService.java:closeImpl(269)) - omNode-1: shutdown server with port 40183 now
2022-05-26 08:03:41,610 [Listener at localhost/46875] INFO  server.GrpcService (GrpcService.java:closeImpl(278)) - omNode-1: shutdown server with port 40183 successfully
2022-05-26 08:03:41,610 [org.apache.ratis.util.JvmPauseMonitor$$Lambda$691/456821109@13bd7c56] INFO  util.JvmPauseMonitor (JvmPauseMonitor.java:run(109)) - JvmPauseMonitor-omNode-1: Stopped
2022-05-26 08:03:41,610 [Listener at localhost/46875] INFO  ratis.OzoneManagerStateMachine (OzoneManagerStateMachine.java:close(490)) - StateMachine has shutdown. Shutdown OzoneManager if not already shutdown.
2022-05-26 08:03:41,611 [Listener at localhost/46875] INFO  ratis.OzoneManagerDoubleBuffer (OzoneManagerDoubleBuffer.java:stop(477)) - OMDoubleBuffer flush thread is not running.
2022-05-26 08:03:41,611 [Listener at localhost/46875] INFO  handler.ContextHandler (ContextHandler.java:doStop(1153)) - Stopped o.e.j.w.WebAppContext@5d1e33e5{ozoneManager,/,null,STOPPED}{file:/home/runner/work/ozone/ozone/hadoop-ozone/integration-test/target/test-classes/webapps/ozoneManager}
2022-05-26 08:03:41,611 [Listener at localhost/46875] INFO  server.AbstractConnector (AbstractConnector.java:doStop(381)) - Stopped ServerConnector@2ae85f78{HTTP/1.1, (http/1.1)}{0.0.0.0:35485}
2022-05-26 08:03:41,612 [Listener at localhost/46875] INFO  server.session (HouseKeeper.java:stopScavenging(149)) - node0 Stopped scavenging
2022-05-26 08:03:41,612 [Listener at localhost/46875] INFO  handler.ContextHandler (ContextHandler.java:doStop(1153)) - Stopped o.e.j.s.ServletContextHandler@66b545a5{static,/static,file:///home/runner/work/ozone/ozone/hadoop-ozone/integration-test/target/test-classes/webapps/static,STOPPED}
2022-05-26 08:03:41,612 [Listener at localhost/46875] INFO  handler.ContextHandler (ContextHandler.java:doStop(1153)) - Stopped o.e.j.s.ServletContextHandler@5c457873{logs,/logs,file:///home/runner/work/ozone/ozone/hadoop-ozone/integration-test/target/log,STOPPED}
2022-05-26 08:03:41,614 [Listener at localhost/46875] INFO  om.OzoneManager (OzoneManager.java:restart(1497)) - OzoneManager RPC server is listening at localhost/127.0.0.1:38409
2022-05-26 08:03:41,614 [Listener at localhost/46875] INFO  impl.MetricsSystemImpl (MetricsSystemImpl.java:init(158)) - OzoneManager metrics system started (again)
2022-05-26 08:03:41,624 [Listener at localhost/46875] WARN  server.ServerUtils (ServerUtils.java:getDBPath(225)) - ozone.om.db.dirs is not configured. We recommend adding this setting. Falling back to ozone.metadata.dirs instead.
2022-05-26 08:03:41,624 [Listener at localhost/46875] INFO  codec.OmKeyInfoCodec (OmKeyInfoCodec.java:<init>(49)) - OmKeyInfoCodec ignorePipeline = true
2022-05-26 08:03:41,625 [Listener at localhost/46875] INFO  codec.RepeatedOmKeyInfoCodec (RepeatedOmKeyInfoCodec.java:<init>(41)) - RepeatedOmKeyInfoCodec ignorePipeline = true
2022-05-26 08:03:41,652 [Listener at localhost/46875] WARN  impl.MetricRegistriesImpl (MetricRegistriesImpl.java:addReporterRegistration(111)) - New reporters are added after registries were created. Some metrics will be missing from the reporter. Please add reporter before adding any new registry.
2022-05-26 08:03:41,653 [Listener at localhost/46875] WARN  impl.MetricRegistriesImpl (MetricRegistriesImpl.java:addReporterRegistration(111)) - New reporters are added after registries were created. Some metrics will be missing from the reporter. Please add reporter before adding any new registry.
2022-05-26 08:03:41,653 [Listener at localhost/46875] WARN  server.ServerUtils (ServerUtils.java:getDefaultRatisDirectory(237)) - Storage directory for Ratis is not configured. It is a good idea to map this to an SSD disk. Falling back to ozone.metadata.dirs
2022-05-26 08:03:41,654 [Listener at localhost/46875] INFO  ratis.OzoneManagerRatisServer (OzoneManagerRatisServer.java:<init>(159)) - Instantiating OM Ratis server with groupID: om-service-test1 and peers: localhost:40183, localhost:42233, localhost:37413
2022-05-26 08:03:41,654 [Listener at localhost/46875] INFO  ratis.OzoneManagerStateMachine (OzoneManagerStateMachine.java:loadSnapshotInfoFromDB(627)) - LastAppliedIndex is set from TransactionInfo from OM DB as (t:5, i:34)
2022-05-26 08:03:41,654 [Listener at localhost/46875] INFO  server.RaftServer (ConfUtils.java:logGet(46)) - raft.rpc.type = GRPC (default)
2022-05-26 08:03:41,654 [Listener at localhost/46875] INFO  grpc.GrpcFactory (GrpcFactory.java:checkPooledByteBufAllocatorUseCacheForAllThreads(48)) - PERFORMANCE WARNING: useCacheForAllThreads is true that may cause Netty to create a lot garbage objects and, as a result, trigger GC.
	It is recommended to disable useCacheForAllThreads by setting -Dorg.apache.ratis.thirdparty.io.netty.allocator.useCacheForAllThreads=false in command line.
2022-05-26 08:03:41,654 [Listener at localhost/46875] INFO  grpc.GrpcConfigKeys (ConfUtils.java:logGet(46)) - raft.grpc.admin.port = -1 (default)
2022-05-26 08:03:41,655 [Listener at localhost/46875] INFO  grpc.GrpcConfigKeys (ConfUtils.java:logGet(46)) - raft.grpc.server.port = 40183 (custom)
2022-05-26 08:03:41,655 [Listener at localhost/46875] INFO  grpc.GrpcConfigKeys (ConfUtils.java:logGet(46)) - raft.grpc.client.port = -1 (default)
2022-05-26 08:03:41,655 [Listener at localhost/46875] INFO  grpc.GrpcConfigKeys (ConfUtils.java:logGet(46)) - raft.grpc.server.port = 40183 (custom)
2022-05-26 08:03:41,655 [Listener at localhost/46875] INFO  grpc.GrpcConfigKeys (ConfUtils.java:logGet(46)) - raft.grpc.server.port = 40183 (custom)
2022-05-26 08:03:41,655 [Listener at localhost/46875] INFO  server.GrpcService (ConfUtils.java:logGet(46)) - raft.grpc.message.size.max = 33554432 (custom)
2022-05-26 08:03:41,655 [Listener at localhost/46875] INFO  server.RaftServerConfigKeys (ConfUtils.java:logGet(46)) - raft.server.log.appender.buffer.byte-limit = 33554432 (custom)
2022-05-26 08:03:41,655 [Listener at localhost/46875] INFO  server.GrpcService (ConfUtils.java:logGet(46)) - raft.grpc.flow.control.window = 1MB (=1048576) (default)
2022-05-26 08:03:41,655 [Listener at localhost/46875] INFO  server.RaftServerConfigKeys (ConfUtils.java:logGet(46)) - raft.server.rpc.request.timeout = 3000ms (default)
2022-05-26 08:03:41,655 [Listener at localhost/46875] INFO  grpc.GrpcConfigKeys (ConfUtils.java:logGet(46)) - raft.grpc.server.async.request.thread.pool.cached = true (default)
2022-05-26 08:03:41,655 [Listener at localhost/46875] INFO  grpc.GrpcConfigKeys (ConfUtils.java:logGet(46)) - raft.grpc.server.async.request.thread.pool.size = 32 (default)
2022-05-26 08:03:41,657 [Listener at localhost/46875] INFO  impl.DataStreamServerImpl (ConfUtils.java:logGet(46)) - raft.datastream.type = DISABLED (default)
2022-05-26 08:03:41,657 [Listener at localhost/46875] INFO  server.RaftServerConfigKeys (ConfUtils.java:logGet(46)) - raft.server.threadpool.proxy.cached = true (default)
2022-05-26 08:03:41,657 [Listener at localhost/46875] INFO  server.RaftServerConfigKeys (ConfUtils.java:logGet(46)) - raft.server.threadpool.proxy.size = 0 (default)
2022-05-26 08:03:41,657 [Listener at localhost/46875] INFO  server.RaftServerConfigKeys (ConfUtils.java:logGet(46)) - raft.server.rpc.slowness.timeout = 2s (custom)
2022-05-26 08:03:41,657 [Listener at localhost/46875] INFO  server.RaftServerConfigKeys (ConfUtils.java:logGet(46)) - raft.server.leaderelection.leader.step-down.wait-time = 10s (default)
2022-05-26 08:03:41,657 [Listener at localhost/46875] INFO  server.RaftServerConfigKeys (ConfUtils.java:logGet(46)) - raft.server.storage.dir = [/home/runner/work/ozone/ozone/hadoop-ozone/integration-test/target/test-dir/MiniOzoneClusterImpl-17bb6255-4ab1-443a-98be-5fd7627ecb82/omNode-1/ratis] (custom)
2022-05-26 08:03:41,664 [omNode-1-impl-thread1] INFO  server.RaftServer (RaftServerProxy.java:initGroupDir(247)) - omNode-1: found a subdirectory /home/runner/work/ozone/ozone/hadoop-ozone/integration-test/target/test-dir/MiniOzoneClusterImpl-17bb6255-4ab1-443a-98be-5fd7627ecb82/omNode-1/ratis/c9bc4cf4-3bc3-3c60-a66b-523986131536
2022-05-26 08:03:41,664 [Listener at localhost/46875] INFO  server.RaftServer (RaftServerProxy.java:addNew(96)) - omNode-1: addNew group-523986131536:[omNode-3|rpc:localhost:42233|priority:0, omNode-1|rpc:localhost:40183|priority:0, omNode-2|rpc:localhost:37413|priority:0] returns group-523986131536:java.util.concurrent.CompletableFuture@2c125700[Not completed]
2022-05-26 08:03:41,664 [Listener at localhost/46875] INFO  om.OzoneManager (OzoneManager.java:initializeRatisServer(1901)) - OzoneManager Ratis server initialized at port 40183
2022-05-26 08:03:41,665 [Listener at localhost/46875] INFO  ratis.OzoneManagerRatisServer (OzoneManagerRatisServer.java:start(554)) - Starting OzoneManagerRatisServer omNode-1 at port 40183
2022-05-26 08:03:41,665 [pool-467-thread-1] INFO  server.RaftServer$Division (RaftServerImpl.java:<init>(190)) - omNode-1: new RaftServerImpl for group-523986131536:[omNode-3|rpc:localhost:42233|priority:0, omNode-1|rpc:localhost:40183|priority:0, omNode-2|rpc:localhost:37413|priority:0] with OzoneManagerStateMachine:uninitialized
2022-05-26 08:03:41,665 [pool-467-thread-1] INFO  server.RaftServerConfigKeys (ConfUtils.java:logGet(46)) - raft.server.rpc.timeout.min = 1s (custom)
2022-05-26 08:03:41,665 [pool-467-thread-1] INFO  server.RaftServerConfigKeys (ConfUtils.java:logGet(46)) - raft.server.rpc.timeout.max = 1200ms (custom)
2022-05-26 08:03:41,665 [pool-467-thread-1] INFO  server.RaftServerConfigKeys (ConfUtils.java:logGet(46)) - raft.server.rpc.sleep.time = 25ms (default)
2022-05-26 08:03:41,665 [pool-467-thread-1] INFO  server.RaftServerConfigKeys (ConfUtils.java:logGet(46)) - raft.server.rpc.slowness.timeout = 2s (custom)
2022-05-26 08:03:41,665 [pool-467-thread-1] INFO  server.RaftServerConfigKeys (ConfUtils.java:logGet(46)) - raft.server.leaderelection.leader.step-down.wait-time = 10s (default)
2022-05-26 08:03:41,665 [pool-467-thread-1] INFO  server.RaftServerConfigKeys (ConfUtils.java:logGet(46)) - raft.server.sleep.deviation.threshold = 300ms (default)
2022-05-26 08:03:41,665 [pool-467-thread-1] INFO  server.RaftServer$Division (ServerState.java:<init>(107)) - omNode-1@group-523986131536: ConfigurationManager, init=-1: [omNode-3|rpc:localhost:42233|priority:0, omNode-1|rpc:localhost:40183|priority:0, omNode-2|rpc:localhost:37413|priority:0], old=null, confs=<EMPTY_MAP>
2022-05-26 08:03:41,665 [pool-467-thread-1] INFO  server.RaftServerConfigKeys (ConfUtils.java:logGet(46)) - raft.server.storage.dir = [/home/runner/work/ozone/ozone/hadoop-ozone/integration-test/target/test-dir/MiniOzoneClusterImpl-17bb6255-4ab1-443a-98be-5fd7627ecb82/omNode-1/ratis] (custom)
2022-05-26 08:03:41,665 [pool-467-thread-1] INFO  server.RaftServerConfigKeys (ConfUtils.java:logGet(46)) - raft.server.log.corruption.policy = EXCEPTION (default)
2022-05-26 08:03:41,665 [pool-467-thread-1] INFO  server.RaftServerConfigKeys (ConfUtils.java:logGet(46)) - raft.server.storage.free-space.min = 0MB (=0) (default)
2022-05-26 08:03:41,666 [pool-467-thread-1] INFO  storage.RaftStorageDirectory (RaftStorageDirectoryImpl.java:tryLock(230)) - Lock on /home/runner/work/ozone/ozone/hadoop-ozone/integration-test/target/test-dir/MiniOzoneClusterImpl-17bb6255-4ab1-443a-98be-5fd7627ecb82/omNode-1/ratis/c9bc4cf4-3bc3-3c60-a66b-523986131536/in_use.lock acquired by nodename 18146@fv-az35-51
2022-05-26 08:03:41,667 [pool-467-thread-1] INFO  storage.RaftStorage (RaftStorageImpl.java:analyzeAndRecoverStorage(110)) - Read RaftStorageMetadata{term=5, votedFor=omNode-1} from /home/runner/work/ozone/ozone/hadoop-ozone/integration-test/target/test-dir/MiniOzoneClusterImpl-17bb6255-4ab1-443a-98be-5fd7627ecb82/omNode-1/ratis/c9bc4cf4-3bc3-3c60-a66b-523986131536/current/raft-meta
2022-05-26 08:03:41,667 [pool-467-thread-1] INFO  server.RaftServer$Division (ServerState.java:setRaftConf(393)) - omNode-1@group-523986131536: set configuration 31: [omNode-3|rpc:localhost:42233|admin:|client:|dataStream:|priority:0, omNode-1|rpc:localhost:40183|admin:|client:|dataStream:|priority:0, omNode-2|rpc:localhost:37413|admin:|client:|dataStream:|priority:0], old=null
2022-05-26 08:03:41,667 [pool-467-thread-1] INFO  server.RaftServerConfigKeys (ConfUtils.java:logGet(46)) - raft.server.notification.no-leader.timeout = 2s (custom)
2022-05-26 08:03:41,667 [pool-467-thread-1] INFO  server.RaftServerConfigKeys (ConfUtils.java:logGet(46)) - raft.server.log.use.memory = false (default)
2022-05-26 08:03:41,667 [pool-467-thread-1] INFO  server.RaftServerConfigKeys (ConfUtils.java:logGet(46)) - raft.server.log.purge.gap = 50 (custom)
2022-05-26 08:03:41,667 [pool-467-thread-1] INFO  server.RaftServerConfigKeys (ConfUtils.java:logGet(46)) - raft.server.log.appender.buffer.byte-limit = 33554432 (custom)
2022-05-26 08:03:41,667 [pool-467-thread-1] INFO  server.RaftServerConfigKeys (ConfUtils.java:logGet(46)) - raft.server.log.statemachine.data.read.timeout = 1000ms (default)
2022-05-26 08:03:41,667 [pool-467-thread-1] INFO  server.RaftServerConfigKeys (ConfUtils.java:logGet(46)) - raft.server.log.segment.size.max = 4194304 (custom)
2022-05-26 08:03:41,668 [pool-467-thread-1] INFO  server.RaftServerConfigKeys (ConfUtils.java:logGet(46)) - raft.server.log.segment.cache.num.max = 2 (custom)
2022-05-26 08:03:41,668 [pool-467-thread-1] INFO  server.RaftServerConfigKeys (ConfUtils.java:logGet(46)) - raft.server.log.segment.cache.size.max = 200MB (=209715200) (default)
2022-05-26 08:03:41,668 [pool-467-thread-1] INFO  segmented.SegmentedRaftLogWorker (SegmentedRaftLogWorker.java:<init>(187)) - new omNode-1@group-523986131536-SegmentedRaftLogWorker for RaftStorageImpl:Storage Directory /home/runner/work/ozone/ozone/hadoop-ozone/integration-test/target/test-dir/MiniOzoneClusterImpl-17bb6255-4ab1-443a-98be-5fd7627ecb82/omNode-1/ratis/c9bc4cf4-3bc3-3c60-a66b-523986131536
2022-05-26 08:03:41,668 [pool-467-thread-1] INFO  server.RaftServerConfigKeys (ConfUtils.java:logGet(46)) - raft.server.log.queue.byte-limit = 64MB (=67108864) (default)
2022-05-26 08:03:41,668 [pool-467-thread-1] INFO  server.RaftServerConfigKeys (ConfUtils.java:logGet(46)) - raft.server.log.queue.element-limit = 4096 (default)
2022-05-26 08:03:41,668 [pool-467-thread-1] INFO  server.RaftServerConfigKeys (ConfUtils.java:logGet(46)) - raft.server.log.segment.size.max = 4194304 (custom)
2022-05-26 08:03:41,668 [pool-467-thread-1] INFO  server.RaftServerConfigKeys (ConfUtils.java:logGet(46)) - raft.server.log.preallocated.size = 4194304 (custom)
2022-05-26 08:03:41,668 [pool-467-thread-1] INFO  server.RaftServerConfigKeys (ConfUtils.java:logGet(46)) - raft.server.log.force.sync.num = 128 (default)
2022-05-26 08:03:41,668 [pool-467-thread-1] INFO  server.RaftServerConfigKeys (ConfUtils.java:logGet(46)) - raft.server.log.statemachine.data.sync = true (default)
2022-05-26 08:03:41,668 [pool-467-thread-1] INFO  server.RaftServerConfigKeys (ConfUtils.java:logGet(46)) - raft.server.log.statemachine.data.sync.timeout = 10s (default)
2022-05-26 08:03:41,668 [pool-467-thread-1] INFO  server.RaftServerConfigKeys (ConfUtils.java:logGet(46)) - raft.server.log.statemachine.data.sync.timeout.retry = -1 (default)
2022-05-26 08:03:41,669 [pool-467-thread-1] INFO  server.RaftServerConfigKeys (ConfUtils.java:logGet(46)) - raft.server.log.write.buffer.size = 64KB (=65536) (default)
2022-05-26 08:03:41,669 [pool-467-thread-1] INFO  server.RaftServerConfigKeys (ConfUtils.java:logGet(46)) - raft.server.log.unsafe-flush.enabled = false (default)
2022-05-26 08:03:41,669 [pool-467-thread-1] INFO  server.RaftServerConfigKeys (ConfUtils.java:logGet(46)) - raft.server.log.statemachine.data.caching.enabled = false (default)
2022-05-26 08:03:41,670 [pool-467-thread-1] INFO  server.RaftServer$Division (ServerState.java:setRaftConf(393)) - omNode-1@group-523986131536: set configuration 0: [omNode-3|rpc:localhost:42233|admin:|client:|dataStream:|priority:0, omNode-1|rpc:localhost:40183|admin:|client:|dataStream:|priority:0, omNode-2|rpc:localhost:37413|admin:|client:|dataStream:|priority:0], old=null
2022-05-26 08:03:41,670 [pool-467-thread-1] INFO  segmented.LogSegment (LogSegment.java:loadSegment(173)) - Successfully read 7 entries from segment file /home/runner/work/ozone/ozone/hadoop-ozone/integration-test/target/test-dir/MiniOzoneClusterImpl-17bb6255-4ab1-443a-98be-5fd7627ecb82/omNode-1/ratis/c9bc4cf4-3bc3-3c60-a66b-523986131536/current/log_0-6
2022-05-26 08:03:41,670 [pool-467-thread-1] INFO  server.RaftServer$Division (ServerState.java:setRaftConf(393)) - omNode-1@group-523986131536: set configuration 7: [omNode-3|rpc:localhost:42233|admin:|client:|dataStream:|priority:0, omNode-1|rpc:localhost:40183|admin:|client:|dataStream:|priority:0, omNode-2|rpc:localhost:37413|admin:|client:|dataStream:|priority:0], old=null
2022-05-26 08:03:41,670 [pool-467-thread-1] INFO  segmented.LogSegment (LogSegment.java:loadSegment(173)) - Successfully read 8 entries from segment file /home/runner/work/ozone/ozone/hadoop-ozone/integration-test/target/test-dir/MiniOzoneClusterImpl-17bb6255-4ab1-443a-98be-5fd7627ecb82/omNode-1/ratis/c9bc4cf4-3bc3-3c60-a66b-523986131536/current/log_7-14
2022-05-26 08:03:41,670 [pool-467-thread-1] INFO  server.RaftServer$Division (ServerState.java:setRaftConf(393)) - omNode-1@group-523986131536: set configuration 15: [omNode-3|rpc:localhost:42233|admin:|client:|dataStream:|priority:0, omNode-1|rpc:localhost:40183|admin:|client:|dataStream:|priority:0, omNode-2|rpc:localhost:37413|admin:|client:|dataStream:|priority:0], old=null
2022-05-26 08:03:41,671 [pool-467-thread-1] INFO  segmented.LogSegment (LogSegment.java:loadSegment(173)) - Successfully read 12 entries from segment file /home/runner/work/ozone/ozone/hadoop-ozone/integration-test/target/test-dir/MiniOzoneClusterImpl-17bb6255-4ab1-443a-98be-5fd7627ecb82/omNode-1/ratis/c9bc4cf4-3bc3-3c60-a66b-523986131536/current/log_15-26
2022-05-26 08:03:41,671 [pool-467-thread-1] INFO  server.RaftServer$Division (ServerState.java:setRaftConf(393)) - omNode-1@group-523986131536: set configuration 27: [omNode-3|rpc:localhost:42233|admin:|client:|dataStream:|priority:0, omNode-1|rpc:localhost:40183|admin:|client:|dataStream:|priority:0, omNode-2|rpc:localhost:37413|admin:|client:|dataStream:|priority:0], old=null
2022-05-26 08:03:41,671 [pool-467-thread-1] INFO  segmented.LogSegment (LogSegment.java:loadSegment(173)) - Successfully read 4 entries from segment file /home/runner/work/ozone/ozone/hadoop-ozone/integration-test/target/test-dir/MiniOzoneClusterImpl-17bb6255-4ab1-443a-98be-5fd7627ecb82/omNode-1/ratis/c9bc4cf4-3bc3-3c60-a66b-523986131536/current/log_27-30
2022-05-26 08:03:41,671 [pool-467-thread-1] INFO  server.RaftServer$Division (ServerState.java:setRaftConf(393)) - omNode-1@group-523986131536: set configuration 31: [omNode-3|rpc:localhost:42233|admin:|client:|dataStream:|priority:0, omNode-1|rpc:localhost:40183|admin:|client:|dataStream:|priority:0, omNode-2|rpc:localhost:37413|admin:|client:|dataStream:|priority:0], old=null
2022-05-26 08:03:41,671 [pool-467-thread-1] INFO  segmented.LogSegment (LogSegment.java:loadSegment(173)) - Successfully read 4 entries from segment file /home/runner/work/ozone/ozone/hadoop-ozone/integration-test/target/test-dir/MiniOzoneClusterImpl-17bb6255-4ab1-443a-98be-5fd7627ecb82/omNode-1/ratis/c9bc4cf4-3bc3-3c60-a66b-523986131536/current/log_inprogress_31
2022-05-26 08:03:41,671 [pool-467-thread-1] INFO  segmented.SegmentedRaftLogWorker (SegmentedRaftLogWorker.java:lambda$new$0(135)) - omNode-1@group-523986131536-SegmentedRaftLogWorker: flushIndex: setUnconditionally 0 -> 34
2022-05-26 08:03:41,671 [pool-467-thread-1] INFO  segmented.SegmentedRaftLogWorker (SegmentedRaftLogWorker.java:lambda$new$0(135)) - omNode-1@group-523986131536-SegmentedRaftLogWorker: safeCacheEvictIndex: setUnconditionally 0 -> 30
2022-05-26 08:03:41,673 [pool-467-thread-1] INFO  raftlog.RaftLog (RaftLogBase.java:lambda$new$0(53)) - omNode-1@group-523986131536-SegmentedRaftLog: commitIndex: updateToMax old=34, new=33, updated? false
2022-05-26 08:03:41,673 [pool-467-thread-1] INFO  server.RaftServerConfigKeys (ConfUtils.java:logGet(46)) - raft.server.snapshot.auto.trigger.enabled = true (custom)
2022-05-26 08:03:41,673 [pool-467-thread-1] INFO  server.RaftServerConfigKeys (ConfUtils.java:logGet(46)) - raft.server.snapshot.auto.trigger.threshold = 50 (custom)
2022-05-26 08:03:41,673 [pool-467-thread-1] INFO  server.RaftServerConfigKeys (ConfUtils.java:logGet(46)) - raft.server.snapshot.retention.file.num = -1 (default)
2022-05-26 08:03:41,673 [pool-467-thread-1] INFO  server.RaftServerConfigKeys (ConfUtils.java:logGet(46)) - raft.server.log.purge.upto.snapshot.index = true (custom)
2022-05-26 08:03:41,673 [pool-467-thread-1] INFO  server.RaftServerConfigKeys (ConfUtils.java:logGet(46)) - raft.server.retrycache.expirytime = 30000ms (custom)
2022-05-26 08:03:41,673 [pool-467-thread-1] INFO  server.RaftServerConfigKeys (ConfUtils.java:logGet(46)) - raft.server.retrycache.statistics.expirytime = 100μs (default)
2022-05-26 08:03:41,677 [pool-467-thread-1] INFO  server.RaftServerConfigKeys (ConfUtils.java:logGet(46)) - raft.server.log.appender.install.snapshot.enabled = false (custom)
2022-05-26 08:03:41,677 [pool-467-thread-1] INFO  server.RaftServerConfigKeys (ConfUtils.java:logGet(46)) - raft.server.threadpool.server.cached = true (default)
2022-05-26 08:03:41,677 [pool-467-thread-1] INFO  server.RaftServerConfigKeys (ConfUtils.java:logGet(46)) - raft.server.threadpool.server.size = 0 (default)
2022-05-26 08:03:41,677 [pool-467-thread-1] INFO  server.RaftServerConfigKeys (ConfUtils.java:logGet(46)) - raft.server.threadpool.client.cached = true (default)
2022-05-26 08:03:41,677 [pool-467-thread-1] INFO  server.RaftServerConfigKeys (ConfUtils.java:logGet(46)) - raft.server.threadpool.client.size = 0 (default)
2022-05-26 08:03:41,677 [omNode-1-impl-thread1] INFO  server.RaftServer$Division (RaftServerImpl.java:start(310)) - omNode-1@group-523986131536: start as a follower, conf=31: [omNode-3|rpc:localhost:42233|admin:|client:|dataStream:|priority:0, omNode-1|rpc:localhost:40183|admin:|client:|dataStream:|priority:0, omNode-2|rpc:localhost:37413|admin:|client:|dataStream:|priority:0], old=null
2022-05-26 08:03:41,677 [omNode-1-impl-thread1] INFO  server.RaftServer$Division (RaftServerImpl.java:setRole(299)) - omNode-1@group-523986131536: changes role from      null to FOLLOWER at term 5 for startAsFollower
2022-05-26 08:03:41,677 [omNode-1-impl-thread1] INFO  impl.RoleInfo (RoleInfo.java:updateAndGet(139)) - omNode-1: start omNode-1@group-523986131536-FollowerState
2022-05-26 08:03:41,678 [omNode-1-impl-thread1] INFO  util.JmxRegister (JmxRegister.java:tryRegister(44)) - Successfully registered JMX Bean with object name Ratis:service=RaftServer,group=group-523986131536,id=omNode-1
2022-05-26 08:03:41,682 [Listener at localhost/46875] INFO  server.RaftServer (RaftServerProxy.java:lambda$start$6(382)) - omNode-1: start RPC server
2022-05-26 08:03:41,685 [Listener at localhost/46875] INFO  server.GrpcService (GrpcService.java:startImpl(260)) - omNode-1: GrpcService started, listening on 40183
2022-05-26 08:03:41,692 [Listener at localhost/46875] INFO  om.OzoneManager (OzoneManager.java:getRpcServer(1030)) - Creating RPC Server
2022-05-26 08:03:41,693 [org.apache.ratis.util.JvmPauseMonitor$$Lambda$691/456821109@51eade15] INFO  util.JvmPauseMonitor (JvmPauseMonitor.java:run(103)) - JvmPauseMonitor-omNode-1: Started
2022-05-26 08:03:41,950 [Listener at localhost/46875] INFO  reflections.Reflections (Reflections.java:scan(232)) - Reflections took 258 ms to scan 19 urls, producing 61 keys and 3747 values [using 2 cores]
2022-05-26 08:03:41,951 [Listener at localhost/46875] INFO  ipc.CallQueueManager (CallQueueManager.java:<init>(90)) - Using callQueue: class java.util.concurrent.LinkedBlockingQueue, queueCapacity: 2000, scheduler: class org.apache.hadoop.ipc.DefaultRpcScheduler, ipcBackoff: false.
2022-05-26 08:03:41,952 [Socket Reader #1 for port 38409] INFO  ipc.Server (Server.java:run(1265)) - Starting Socket Reader #1 for port 38409
2022-05-26 08:03:41,960 [Listener at localhost/38409] INFO  http.BaseHttpServer (BaseHttpServer.java:newHttpServer2BuilderForOzone(209)) - Starting Web-server for ozoneManager at: http://0.0.0.0:35485
2022-05-26 08:03:41,960 [Listener at localhost/38409] INFO  http.BaseHttpServer (BaseHttpServer.java:<init>(107)) - Hadoop Security Enabled: false Ozone Security Enabled: false Ozone HTTP Security Enabled: false 
2022-05-26 08:03:41,962 [Listener at localhost/38409] INFO  server.AuthenticationFilter (AuthenticationFilter.java:constructSecretProvider(240)) - Unable to initialize FileSignerSecretProvider, falling back to use random secrets.
2022-05-26 08:03:41,963 [Listener at localhost/38409] WARN  http.HttpRequestLog (HttpRequestLog.java:getRequestLog(103)) - Jetty request log can only be enabled using Log4j
2022-05-26 08:03:41,963 [Listener at localhost/38409] INFO  http.HttpServer2 (HttpServer2.java:addGlobalFilter(1030)) - Added global filter 'safety' (class=org.apache.hadoop.hdds.server.http.HttpServer2$QuotingInputFilter)
2022-05-26 08:03:41,964 [Listener at localhost/38409] INFO  http.HttpServer2 (HttpServer2.java:addFilter(1006)) - Added filter static_user_filter (class=org.apache.hadoop.http.lib.StaticUserWebFilter$StaticUserFilter) to context ozoneManager
2022-05-26 08:03:41,964 [Listener at localhost/38409] INFO  http.HttpServer2 (HttpServer2.java:addFilter(1014)) - Added filter static_user_filter (class=org.apache.hadoop.http.lib.StaticUserWebFilter$StaticUserFilter) to context static
2022-05-26 08:03:41,964 [Listener at localhost/38409] INFO  http.HttpServer2 (HttpServer2.java:addFilter(1014)) - Added filter static_user_filter (class=org.apache.hadoop.http.lib.StaticUserWebFilter$StaticUserFilter) to context logs
2022-05-26 08:03:41,965 [Listener at localhost/38409] INFO  http.HttpServer2 (HttpServer2.java:bindListener(1249)) - Jetty bound to port 35485
2022-05-26 08:03:41,965 [Listener at localhost/38409] INFO  server.Server (Server.java:doStart(375)) - jetty-9.4.43.v20210629; built: 2021-06-30T11:07:22.254Z; git: 526006ecfa3af7f1a27ef3a288e2bef7ea9dd7e8; jvm 1.8.0_332-b09
2022-05-26 08:03:41,966 [Listener at localhost/38409] INFO  server.session (DefaultSessionIdManager.java:doStart(334)) - DefaultSessionIdManager workerName=node0
2022-05-26 08:03:41,966 [Listener at localhost/38409] INFO  server.session (DefaultSessionIdManager.java:doStart(339)) - No SessionScavenger set, using defaults
2022-05-26 08:03:41,967 [Listener at localhost/38409] INFO  server.session (HouseKeeper.java:startScavenging(132)) - node0 Scavenging every 660000ms
2022-05-26 08:03:41,968 [Listener at localhost/38409] INFO  handler.ContextHandler (ContextHandler.java:doStart(915)) - Started o.e.j.s.ServletContextHandler@391dff72{logs,/logs,file:///home/runner/work/ozone/ozone/hadoop-ozone/integration-test/target/log,AVAILABLE}
2022-05-26 08:03:41,968 [Listener at localhost/38409] INFO  handler.ContextHandler (ContextHandler.java:doStart(915)) - Started o.e.j.s.ServletContextHandler@3b36f8b0{static,/static,file:///home/runner/work/ozone/ozone/hadoop-ozone/integration-test/target/test-classes/webapps/static,AVAILABLE}
2022-05-26 08:03:41,971 [Listener at localhost/38409] INFO  handler.ContextHandler (ContextHandler.java:doStart(915)) - Started o.e.j.w.WebAppContext@f4c287{ozoneManager,/,file:///home/runner/work/ozone/ozone/hadoop-ozone/integration-test/target/test-classes/webapps/ozoneManager/,AVAILABLE}{file:/home/runner/work/ozone/ozone/hadoop-ozone/integration-test/target/test-classes/webapps/ozoneManager}
2022-05-26 08:03:41,973 [Listener at localhost/38409] INFO  server.AbstractConnector (AbstractConnector.java:doStart(331)) - Started ServerConnector@7ef5b1a7{HTTP/1.1, (http/1.1)}{0.0.0.0:35485}
2022-05-26 08:03:41,973 [Listener at localhost/38409] INFO  server.Server (Server.java:doStart(415)) - Started @83913ms
2022-05-26 08:03:41,973 [Listener at localhost/38409] WARN  impl.MetricsSystemImpl (MetricsSystemImpl.java:register(279)) - Sink prometheus already exists!
2022-05-26 08:03:41,974 [Listener at localhost/38409] INFO  http.BaseHttpServer (BaseHttpServer.java:updateConnectorAddress(329)) - HTTP server of ozoneManager listening at http://0.0.0.0:35485
2022-05-26 08:03:41,976 [IPC Server Responder] INFO  ipc.Server (Server.java:run(1507)) - IPC Server Responder: starting
2022-05-26 08:03:41,980 [IPC Server listener on 38409] INFO  ipc.Server (Server.java:run(1344)) - IPC Server listener on 38409: starting
2022-05-26 08:03:41,985 [Listener at localhost/38409] INFO  om.OzoneManager (OzoneManager.java:startTrashEmptier(1845)) - Trash Interval set to 0. Files deleted won't move to trash
2022-05-26 08:03:41,985 [Listener at localhost/38409] INFO  om.OzoneManager (OzoneManager.java:stop(1960)) - omNode-2[localhost:38277]: Stopping Ozone Manager
2022-05-26 08:03:41,985 [Listener at localhost/38409] INFO  ipc.Server (Server.java:stop(3414)) - Stopping server on 38277
2022-05-26 08:03:41,990 [IPC Server Responder] INFO  ipc.Server (Server.java:run(1512)) - Stopping IPC Server Responder
2022-05-26 08:03:41,990 [Listener at localhost/38409] INFO  server.RaftServer (RaftServerProxy.java:lambda$close$7(398)) - omNode-2: close
2022-05-26 08:03:41,991 [Listener at localhost/38409] INFO  server.RaftServer$Division (RaftServerImpl.java:lambda$close$4(434)) - omNode-2@group-523986131536: shutdown
2022-05-26 08:03:41,991 [Listener at localhost/38409] INFO  util.JmxRegister (JmxRegister.java:unregister(73)) - Successfully un-registered JMX Bean with object name Ratis:service=RaftServer,group=group-523986131536,id=omNode-2
2022-05-26 08:03:41,991 [Listener at localhost/38409] INFO  impl.RoleInfo (RoleInfo.java:shutdownFollowerState(110)) - omNode-2: shutdown omNode-2@group-523986131536-FollowerState
2022-05-26 08:03:41,991 [Listener at localhost/38409] INFO  impl.StateMachineUpdater (StateMachineUpdater.java:stopAndJoin(153)) - omNode-2@group-523986131536-StateMachineUpdater: set stopIndex = 34
2022-05-26 08:03:41,991 [org.apache.hadoop.util.JvmPauseMonitor$Monitor@60157e9c] INFO  util.JvmPauseMonitor (JvmPauseMonitor.java:run(188)) - Starting JVM pause monitor
2022-05-26 08:03:41,992 [omNode-2@group-523986131536-FollowerState] INFO  impl.FollowerState (FollowerState.java:run(152)) - omNode-2@group-523986131536-FollowerState was interrupted
2022-05-26 08:03:41,993 [omNode-2@group-523986131536-StateMachineUpdater] INFO  ratis.OzoneManagerStateMachine (OzoneManagerStateMachine.java:takeSnapshot(436)) - Current Snapshot Index (t:5, i:34)
2022-05-26 08:03:41,993 [omNode-2@group-523986131536-StateMachineUpdater] INFO  impl.StateMachineUpdater (StateMachineUpdater.java:takeSnapshot(287)) - omNode-2@group-523986131536-StateMachineUpdater: Took a snapshot at index 34
2022-05-26 08:03:41,993 [omNode-2@group-523986131536-StateMachineUpdater] INFO  impl.StateMachineUpdater (StateMachineUpdater.java:lambda$new$0(92)) - omNode-2@group-523986131536-StateMachineUpdater: snapshotIndex: updateIncreasingly 25 -> 34
2022-05-26 08:03:41,993 [omNode-2@group-523986131536-StateMachineUpdater] INFO  ratis.OzoneManagerStateMachine (OzoneManagerStateMachine.java:close(490)) - StateMachine has shutdown. Shutdown OzoneManager if not already shutdown.
2022-05-26 08:03:41,993 [omNode-2@group-523986131536-StateMachineUpdater] INFO  ratis.OzoneManagerDoubleBuffer (OzoneManagerDoubleBuffer.java:stop(465)) - Stopping OMDoubleBuffer flush thread
2022-05-26 08:03:41,993 [OMDoubleBufferFlushThread] INFO  ratis.OzoneManagerDoubleBuffer (OzoneManagerDoubleBuffer.java:flushTransactions(385)) - OMDoubleBuffer flush thread OMDoubleBufferFlushThread is interrupted and will exit.
2022-05-26 08:03:41,994 [IPC Server listener on 38277] INFO  ipc.Server (Server.java:run(1376)) - Stopping IPC Server listener on 38277
2022-05-26 08:03:41,995 [Listener at localhost/38409] INFO  server.RaftServer$Division (ServerState.java:close(429)) - omNode-2@group-523986131536: closes. applyIndex: 34
2022-05-26 08:03:41,995 [omNode-2@group-523986131536-SegmentedRaftLogWorker] INFO  segmented.SegmentedRaftLogWorker (SegmentedRaftLogWorker.java:run(336)) - omNode-2@group-523986131536-SegmentedRaftLogWorker was interrupted, exiting. There are 0 tasks remaining in the queue.
2022-05-26 08:03:41,996 [Listener at localhost/38409] INFO  segmented.SegmentedRaftLogWorker (SegmentedRaftLogWorker.java:close(246)) - omNode-2@group-523986131536-SegmentedRaftLogWorker close()
2022-05-26 08:03:41,997 [Listener at localhost/38409] INFO  server.GrpcService (GrpcService.java:closeImpl(269)) - omNode-2: shutdown server with port 37413 now
2022-05-26 08:03:41,998 [Listener at localhost/38409] INFO  server.GrpcService (GrpcService.java:closeImpl(278)) - omNode-2: shutdown server with port 37413 successfully
2022-05-26 08:03:41,998 [org.apache.ratis.util.JvmPauseMonitor$$Lambda$691/456821109@996ed93] INFO  util.JvmPauseMonitor (JvmPauseMonitor.java:run(109)) - JvmPauseMonitor-omNode-2: Stopped
2022-05-26 08:03:41,998 [Listener at localhost/38409] INFO  ratis.OzoneManagerStateMachine (OzoneManagerStateMachine.java:close(490)) - StateMachine has shutdown. Shutdown OzoneManager if not already shutdown.
2022-05-26 08:03:41,998 [Listener at localhost/38409] INFO  ratis.OzoneManagerDoubleBuffer (OzoneManagerDoubleBuffer.java:stop(477)) - OMDoubleBuffer flush thread is not running.
2022-05-26 08:03:41,999 [Listener at localhost/38409] INFO  handler.ContextHandler (ContextHandler.java:doStop(1153)) - Stopped o.e.j.w.WebAppContext@e10da5f{ozoneManager,/,null,STOPPED}{file:/home/runner/work/ozone/ozone/hadoop-ozone/integration-test/target/test-classes/webapps/ozoneManager}
2022-05-26 08:03:41,999 [Listener at localhost/38409] INFO  server.AbstractConnector (AbstractConnector.java:doStop(381)) - Stopped ServerConnector@6be03f17{HTTP/1.1, (http/1.1)}{0.0.0.0:45205}
2022-05-26 08:03:41,999 [Listener at localhost/38409] INFO  server.session (HouseKeeper.java:stopScavenging(149)) - node0 Stopped scavenging
2022-05-26 08:03:41,999 [Listener at localhost/38409] INFO  handler.ContextHandler (ContextHandler.java:doStop(1153)) - Stopped o.e.j.s.ServletContextHandler@5d2b5b6c{static,/static,file:///home/runner/work/ozone/ozone/hadoop-ozone/integration-test/target/test-classes/webapps/static,STOPPED}
2022-05-26 08:03:42,000 [Listener at localhost/38409] INFO  handler.ContextHandler (ContextHandler.java:doStop(1153)) - Stopped o.e.j.s.ServletContextHandler@23fdc732{logs,/logs,file:///home/runner/work/ozone/ozone/hadoop-ozone/integration-test/target/log,STOPPED}
2022-05-26 08:03:42,002 [Listener at localhost/38409] INFO  om.OzoneManager (OzoneManager.java:restart(1497)) - OzoneManager RPC server is listening at localhost/127.0.0.1:38277
2022-05-26 08:03:42,002 [Listener at localhost/38409] INFO  impl.MetricsSystemImpl (MetricsSystemImpl.java:init(158)) - OzoneManager metrics system started (again)
2022-05-26 08:03:42,013 [Listener at localhost/38409] WARN  server.ServerUtils (ServerUtils.java:getDBPath(225)) - ozone.om.db.dirs is not configured. We recommend adding this setting. Falling back to ozone.metadata.dirs instead.
2022-05-26 08:03:42,014 [Listener at localhost/38409] INFO  codec.OmKeyInfoCodec (OmKeyInfoCodec.java:<init>(49)) - OmKeyInfoCodec ignorePipeline = true
2022-05-26 08:03:42,014 [Listener at localhost/38409] INFO  codec.RepeatedOmKeyInfoCodec (RepeatedOmKeyInfoCodec.java:<init>(41)) - RepeatedOmKeyInfoCodec ignorePipeline = true
2022-05-26 08:03:42,042 [Listener at localhost/38409] WARN  impl.MetricRegistriesImpl (MetricRegistriesImpl.java:addReporterRegistration(111)) - New reporters are added after registries were created. Some metrics will be missing from the reporter. Please add reporter before adding any new registry.
2022-05-26 08:03:42,042 [Listener at localhost/38409] WARN  impl.MetricRegistriesImpl (MetricRegistriesImpl.java:addReporterRegistration(111)) - New reporters are added after registries were created. Some metrics will be missing from the reporter. Please add reporter before adding any new registry.
2022-05-26 08:03:42,043 [Listener at localhost/38409] WARN  server.ServerUtils (ServerUtils.java:getDefaultRatisDirectory(237)) - Storage directory for Ratis is not configured. It is a good idea to map this to an SSD disk. Falling back to ozone.metadata.dirs
2022-05-26 08:03:42,043 [Listener at localhost/38409] INFO  ratis.OzoneManagerRatisServer (OzoneManagerRatisServer.java:<init>(159)) - Instantiating OM Ratis server with groupID: om-service-test1 and peers: localhost:37413, localhost:42233, localhost:40183
2022-05-26 08:03:42,044 [Listener at localhost/38409] INFO  ratis.OzoneManagerStateMachine (OzoneManagerStateMachine.java:loadSnapshotInfoFromDB(627)) - LastAppliedIndex is set from TransactionInfo from OM DB as (t:5, i:34)
2022-05-26 08:03:42,048 [Listener at localhost/38409] INFO  server.RaftServer (ConfUtils.java:logGet(46)) - raft.rpc.type = GRPC (default)
2022-05-26 08:03:42,048 [Listener at localhost/38409] INFO  grpc.GrpcFactory (GrpcFactory.java:checkPooledByteBufAllocatorUseCacheForAllThreads(48)) - PERFORMANCE WARNING: useCacheForAllThreads is true that may cause Netty to create a lot garbage objects and, as a result, trigger GC.
	It is recommended to disable useCacheForAllThreads by setting -Dorg.apache.ratis.thirdparty.io.netty.allocator.useCacheForAllThreads=false in command line.
2022-05-26 08:03:42,048 [Listener at localhost/38409] INFO  grpc.GrpcConfigKeys (ConfUtils.java:logGet(46)) - raft.grpc.admin.port = -1 (default)
2022-05-26 08:03:42,048 [Listener at localhost/38409] INFO  grpc.GrpcConfigKeys (ConfUtils.java:logGet(46)) - raft.grpc.server.port = 37413 (custom)
2022-05-26 08:03:42,049 [Listener at localhost/38409] INFO  grpc.GrpcConfigKeys (ConfUtils.java:logGet(46)) - raft.grpc.client.port = -1 (default)
2022-05-26 08:03:42,049 [Listener at localhost/38409] INFO  grpc.GrpcConfigKeys (ConfUtils.java:logGet(46)) - raft.grpc.server.port = 37413 (custom)
2022-05-26 08:03:42,049 [Listener at localhost/38409] INFO  grpc.GrpcConfigKeys (ConfUtils.java:logGet(46)) - raft.grpc.server.port = 37413 (custom)
2022-05-26 08:03:42,049 [Listener at localhost/38409] INFO  server.GrpcService (ConfUtils.java:logGet(46)) - raft.grpc.message.size.max = 33554432 (custom)
2022-05-26 08:03:42,049 [Listener at localhost/38409] INFO  server.RaftServerConfigKeys (ConfUtils.java:logGet(46)) - raft.server.log.appender.buffer.byte-limit = 33554432 (custom)
2022-05-26 08:03:42,049 [Listener at localhost/38409] INFO  server.GrpcService (ConfUtils.java:logGet(46)) - raft.grpc.flow.control.window = 1MB (=1048576) (default)
2022-05-26 08:03:42,049 [Listener at localhost/38409] INFO  server.RaftServerConfigKeys (ConfUtils.java:logGet(46)) - raft.server.rpc.request.timeout = 3000ms (default)
2022-05-26 08:03:42,049 [Listener at localhost/38409] INFO  grpc.GrpcConfigKeys (ConfUtils.java:logGet(46)) - raft.grpc.server.async.request.thread.pool.cached = true (default)
2022-05-26 08:03:42,049 [Listener at localhost/38409] INFO  grpc.GrpcConfigKeys (ConfUtils.java:logGet(46)) - raft.grpc.server.async.request.thread.pool.size = 32 (default)
2022-05-26 08:03:42,051 [Listener at localhost/38409] INFO  impl.DataStreamServerImpl (ConfUtils.java:logGet(46)) - raft.datastream.type = DISABLED (default)
2022-05-26 08:03:42,051 [Listener at localhost/38409] INFO  server.RaftServerConfigKeys (ConfUtils.java:logGet(46)) - raft.server.threadpool.proxy.cached = true (default)
2022-05-26 08:03:42,051 [Listener at localhost/38409] INFO  server.RaftServerConfigKeys (ConfUtils.java:logGet(46)) - raft.server.threadpool.proxy.size = 0 (default)
2022-05-26 08:03:42,051 [Listener at localhost/38409] INFO  server.RaftServerConfigKeys (ConfUtils.java:logGet(46)) - raft.server.rpc.slowness.timeout = 2s (custom)
2022-05-26 08:03:42,051 [Listener at localhost/38409] INFO  server.RaftServerConfigKeys (ConfUtils.java:logGet(46)) - raft.server.leaderelection.leader.step-down.wait-time = 10s (default)
2022-05-26 08:03:42,051 [Listener at localhost/38409] INFO  server.RaftServerConfigKeys (ConfUtils.java:logGet(46)) - raft.server.storage.dir = [/home/runner/work/ozone/ozone/hadoop-ozone/integration-test/target/test-dir/MiniOzoneClusterImpl-17bb6255-4ab1-443a-98be-5fd7627ecb82/omNode-2/ratis] (custom)
2022-05-26 08:03:42,057 [omNode-2-impl-thread1] INFO  server.RaftServer (RaftServerProxy.java:initGroupDir(247)) - omNode-2: found a subdirectory /home/runner/work/ozone/ozone/hadoop-ozone/integration-test/target/test-dir/MiniOzoneClusterImpl-17bb6255-4ab1-443a-98be-5fd7627ecb82/omNode-2/ratis/c9bc4cf4-3bc3-3c60-a66b-523986131536
2022-05-26 08:03:42,057 [Listener at localhost/38409] INFO  server.RaftServer (RaftServerProxy.java:addNew(96)) - omNode-2: addNew group-523986131536:[omNode-3|rpc:localhost:42233|priority:0, omNode-1|rpc:localhost:40183|priority:0, omNode-2|rpc:localhost:37413|priority:0] returns group-523986131536:java.util.concurrent.CompletableFuture@18dcf1b9[Not completed]
2022-05-26 08:03:42,057 [Listener at localhost/38409] INFO  om.OzoneManager (OzoneManager.java:initializeRatisServer(1901)) - OzoneManager Ratis server initialized at port 37413
2022-05-26 08:03:42,057 [Listener at localhost/38409] INFO  ratis.OzoneManagerRatisServer (OzoneManagerRatisServer.java:start(554)) - Starting OzoneManagerRatisServer omNode-2 at port 37413
2022-05-26 08:03:42,058 [pool-488-thread-1] INFO  server.RaftServer$Division (RaftServerImpl.java:<init>(190)) - omNode-2: new RaftServerImpl for group-523986131536:[omNode-3|rpc:localhost:42233|priority:0, omNode-1|rpc:localhost:40183|priority:0, omNode-2|rpc:localhost:37413|priority:0] with OzoneManagerStateMachine:uninitialized
2022-05-26 08:03:42,058 [pool-488-thread-1] INFO  server.RaftServerConfigKeys (ConfUtils.java:logGet(46)) - raft.server.rpc.timeout.min = 1s (custom)
2022-05-26 08:03:42,058 [pool-488-thread-1] INFO  server.RaftServerConfigKeys (ConfUtils.java:logGet(46)) - raft.server.rpc.timeout.max = 1200ms (custom)
2022-05-26 08:03:42,058 [pool-488-thread-1] INFO  server.RaftServerConfigKeys (ConfUtils.java:logGet(46)) - raft.server.rpc.sleep.time = 25ms (default)
2022-05-26 08:03:42,058 [pool-488-thread-1] INFO  server.RaftServerConfigKeys (ConfUtils.java:logGet(46)) - raft.server.rpc.slowness.timeout = 2s (custom)
2022-05-26 08:03:42,058 [pool-488-thread-1] INFO  server.RaftServerConfigKeys (ConfUtils.java:logGet(46)) - raft.server.leaderelection.leader.step-down.wait-time = 10s (default)
2022-05-26 08:03:42,058 [pool-488-thread-1] INFO  server.RaftServerConfigKeys (ConfUtils.java:logGet(46)) - raft.server.sleep.deviation.threshold = 300ms (default)
2022-05-26 08:03:42,058 [pool-488-thread-1] INFO  server.RaftServer$Division (ServerState.java:<init>(107)) - omNode-2@group-523986131536: ConfigurationManager, init=-1: [omNode-3|rpc:localhost:42233|priority:0, omNode-1|rpc:localhost:40183|priority:0, omNode-2|rpc:localhost:37413|priority:0], old=null, confs=<EMPTY_MAP>
2022-05-26 08:03:42,058 [pool-488-thread-1] INFO  server.RaftServerConfigKeys (ConfUtils.java:logGet(46)) - raft.server.storage.dir = [/home/runner/work/ozone/ozone/hadoop-ozone/integration-test/target/test-dir/MiniOzoneClusterImpl-17bb6255-4ab1-443a-98be-5fd7627ecb82/omNode-2/ratis] (custom)
2022-05-26 08:03:42,058 [pool-488-thread-1] INFO  server.RaftServerConfigKeys (ConfUtils.java:logGet(46)) - raft.server.log.corruption.policy = EXCEPTION (default)
2022-05-26 08:03:42,058 [pool-488-thread-1] INFO  server.RaftServerConfigKeys (ConfUtils.java:logGet(46)) - raft.server.storage.free-space.min = 0MB (=0) (default)
2022-05-26 08:03:42,059 [pool-488-thread-1] INFO  storage.RaftStorageDirectory (RaftStorageDirectoryImpl.java:tryLock(230)) - Lock on /home/runner/work/ozone/ozone/hadoop-ozone/integration-test/target/test-dir/MiniOzoneClusterImpl-17bb6255-4ab1-443a-98be-5fd7627ecb82/omNode-2/ratis/c9bc4cf4-3bc3-3c60-a66b-523986131536/in_use.lock acquired by nodename 18146@fv-az35-51
2022-05-26 08:03:42,059 [pool-488-thread-1] INFO  storage.RaftStorage (RaftStorageImpl.java:analyzeAndRecoverStorage(110)) - Read RaftStorageMetadata{term=5, votedFor=omNode-1} from /home/runner/work/ozone/ozone/hadoop-ozone/integration-test/target/test-dir/MiniOzoneClusterImpl-17bb6255-4ab1-443a-98be-5fd7627ecb82/omNode-2/ratis/c9bc4cf4-3bc3-3c60-a66b-523986131536/current/raft-meta
2022-05-26 08:03:42,060 [pool-488-thread-1] INFO  server.RaftServer$Division (ServerState.java:setRaftConf(393)) - omNode-2@group-523986131536: set configuration 31: [omNode-3|rpc:localhost:42233|admin:|client:|dataStream:|priority:0, omNode-1|rpc:localhost:40183|admin:|client:|dataStream:|priority:0, omNode-2|rpc:localhost:37413|admin:|client:|dataStream:|priority:0], old=null
2022-05-26 08:03:42,060 [pool-488-thread-1] INFO  server.RaftServerConfigKeys (ConfUtils.java:logGet(46)) - raft.server.notification.no-leader.timeout = 2s (custom)
2022-05-26 08:03:42,060 [pool-488-thread-1] INFO  server.RaftServerConfigKeys (ConfUtils.java:logGet(46)) - raft.server.log.use.memory = false (default)
2022-05-26 08:03:42,060 [pool-488-thread-1] INFO  server.RaftServerConfigKeys (ConfUtils.java:logGet(46)) - raft.server.log.purge.gap = 50 (custom)
2022-05-26 08:03:42,060 [pool-488-thread-1] INFO  server.RaftServerConfigKeys (ConfUtils.java:logGet(46)) - raft.server.log.appender.buffer.byte-limit = 33554432 (custom)
2022-05-26 08:03:42,060 [pool-488-thread-1] INFO  server.RaftServerConfigKeys (ConfUtils.java:logGet(46)) - raft.server.log.statemachine.data.read.timeout = 1000ms (default)
2022-05-26 08:03:42,060 [pool-488-thread-1] INFO  server.RaftServerConfigKeys (ConfUtils.java:logGet(46)) - raft.server.log.segment.size.max = 4194304 (custom)
2022-05-26 08:03:42,060 [pool-488-thread-1] INFO  server.RaftServerConfigKeys (ConfUtils.java:logGet(46)) - raft.server.log.segment.cache.num.max = 2 (custom)
2022-05-26 08:03:42,061 [pool-488-thread-1] INFO  server.RaftServerConfigKeys (ConfUtils.java:logGet(46)) - raft.server.log.segment.cache.size.max = 200MB (=209715200) (default)
2022-05-26 08:03:42,061 [pool-488-thread-1] INFO  segmented.SegmentedRaftLogWorker (SegmentedRaftLogWorker.java:<init>(187)) - new omNode-2@group-523986131536-SegmentedRaftLogWorker for RaftStorageImpl:Storage Directory /home/runner/work/ozone/ozone/hadoop-ozone/integration-test/target/test-dir/MiniOzoneClusterImpl-17bb6255-4ab1-443a-98be-5fd7627ecb82/omNode-2/ratis/c9bc4cf4-3bc3-3c60-a66b-523986131536
2022-05-26 08:03:42,061 [pool-488-thread-1] INFO  server.RaftServerConfigKeys (ConfUtils.java:logGet(46)) - raft.server.log.queue.byte-limit = 64MB (=67108864) (default)
2022-05-26 08:03:42,061 [pool-488-thread-1] INFO  server.RaftServerConfigKeys (ConfUtils.java:logGet(46)) - raft.server.log.queue.element-limit = 4096 (default)
2022-05-26 08:03:42,061 [pool-488-thread-1] INFO  server.RaftServerConfigKeys (ConfUtils.java:logGet(46)) - raft.server.log.segment.size.max = 4194304 (custom)
2022-05-26 08:03:42,061 [pool-488-thread-1] INFO  server.RaftServerConfigKeys (ConfUtils.java:logGet(46)) - raft.server.log.preallocated.size = 4194304 (custom)
2022-05-26 08:03:42,061 [pool-488-thread-1] INFO  server.RaftServerConfigKeys (ConfUtils.java:logGet(46)) - raft.server.log.force.sync.num = 128 (default)
2022-05-26 08:03:42,061 [pool-488-thread-1] INFO  server.RaftServerConfigKeys (ConfUtils.java:logGet(46)) - raft.server.log.statemachine.data.sync = true (default)
2022-05-26 08:03:42,061 [pool-488-thread-1] INFO  server.RaftServerConfigKeys (ConfUtils.java:logGet(46)) - raft.server.log.statemachine.data.sync.timeout = 10s (default)
2022-05-26 08:03:42,061 [pool-488-thread-1] INFO  server.RaftServerConfigKeys (ConfUtils.java:logGet(46)) - raft.server.log.statemachine.data.sync.timeout.retry = -1 (default)
2022-05-26 08:03:42,061 [pool-488-thread-1] INFO  server.RaftServerConfigKeys (ConfUtils.java:logGet(46)) - raft.server.log.write.buffer.size = 64KB (=65536) (default)
2022-05-26 08:03:42,061 [pool-488-thread-1] INFO  server.RaftServerConfigKeys (ConfUtils.java:logGet(46)) - raft.server.log.unsafe-flush.enabled = false (default)
2022-05-26 08:03:42,061 [pool-488-thread-1] INFO  server.RaftServerConfigKeys (ConfUtils.java:logGet(46)) - raft.server.log.statemachine.data.caching.enabled = false (default)
2022-05-26 08:03:42,063 [pool-488-thread-1] INFO  server.RaftServer$Division (ServerState.java:setRaftConf(393)) - omNode-2@group-523986131536: set configuration 0: [omNode-3|rpc:localhost:42233|admin:|client:|dataStream:|priority:0, omNode-1|rpc:localhost:40183|admin:|client:|dataStream:|priority:0, omNode-2|rpc:localhost:37413|admin:|client:|dataStream:|priority:0], old=null
2022-05-26 08:03:42,063 [pool-488-thread-1] INFO  segmented.LogSegment (LogSegment.java:loadSegment(173)) - Successfully read 7 entries from segment file /home/runner/work/ozone/ozone/hadoop-ozone/integration-test/target/test-dir/MiniOzoneClusterImpl-17bb6255-4ab1-443a-98be-5fd7627ecb82/omNode-2/ratis/c9bc4cf4-3bc3-3c60-a66b-523986131536/current/log_0-6
2022-05-26 08:03:42,064 [pool-488-thread-1] INFO  server.RaftServer$Division (ServerState.java:setRaftConf(393)) - omNode-2@group-523986131536: set configuration 7: [omNode-3|rpc:localhost:42233|admin:|client:|dataStream:|priority:0, omNode-1|rpc:localhost:40183|admin:|client:|dataStream:|priority:0, omNode-2|rpc:localhost:37413|admin:|client:|dataStream:|priority:0], old=null
2022-05-26 08:03:42,064 [pool-488-thread-1] INFO  segmented.LogSegment (LogSegment.java:loadSegment(173)) - Successfully read 8 entries from segment file /home/runner/work/ozone/ozone/hadoop-ozone/integration-test/target/test-dir/MiniOzoneClusterImpl-17bb6255-4ab1-443a-98be-5fd7627ecb82/omNode-2/ratis/c9bc4cf4-3bc3-3c60-a66b-523986131536/current/log_7-14
2022-05-26 08:03:42,064 [pool-488-thread-1] INFO  server.RaftServer$Division (ServerState.java:setRaftConf(393)) - omNode-2@group-523986131536: set configuration 15: [omNode-3|rpc:localhost:42233|admin:|client:|dataStream:|priority:0, omNode-1|rpc:localhost:40183|admin:|client:|dataStream:|priority:0, omNode-2|rpc:localhost:37413|admin:|client:|dataStream:|priority:0], old=null
2022-05-26 08:03:42,066 [pool-488-thread-1] INFO  segmented.LogSegment (LogSegment.java:loadSegment(173)) - Successfully read 12 entries from segment file /home/runner/work/ozone/ozone/hadoop-ozone/integration-test/target/test-dir/MiniOzoneClusterImpl-17bb6255-4ab1-443a-98be-5fd7627ecb82/omNode-2/ratis/c9bc4cf4-3bc3-3c60-a66b-523986131536/current/log_15-26
2022-05-26 08:03:42,067 [pool-488-thread-1] INFO  server.RaftServer$Division (ServerState.java:setRaftConf(393)) - omNode-2@group-523986131536: set configuration 27: [omNode-3|rpc:localhost:42233|admin:|client:|dataStream:|priority:0, omNode-1|rpc:localhost:40183|admin:|client:|dataStream:|priority:0, omNode-2|rpc:localhost:37413|admin:|client:|dataStream:|priority:0], old=null
2022-05-26 08:03:42,067 [pool-488-thread-1] INFO  segmented.LogSegment (LogSegment.java:loadSegment(173)) - Successfully read 4 entries from segment file /home/runner/work/ozone/ozone/hadoop-ozone/integration-test/target/test-dir/MiniOzoneClusterImpl-17bb6255-4ab1-443a-98be-5fd7627ecb82/omNode-2/ratis/c9bc4cf4-3bc3-3c60-a66b-523986131536/current/log_27-30
2022-05-26 08:03:42,067 [pool-488-thread-1] INFO  server.RaftServer$Division (ServerState.java:setRaftConf(393)) - omNode-2@group-523986131536: set configuration 31: [omNode-3|rpc:localhost:42233|admin:|client:|dataStream:|priority:0, omNode-1|rpc:localhost:40183|admin:|client:|dataStream:|priority:0, omNode-2|rpc:localhost:37413|admin:|client:|dataStream:|priority:0], old=null
2022-05-26 08:03:42,067 [pool-488-thread-1] INFO  segmented.LogSegment (LogSegment.java:loadSegment(173)) - Successfully read 4 entries from segment file /home/runner/work/ozone/ozone/hadoop-ozone/integration-test/target/test-dir/MiniOzoneClusterImpl-17bb6255-4ab1-443a-98be-5fd7627ecb82/omNode-2/ratis/c9bc4cf4-3bc3-3c60-a66b-523986131536/current/log_inprogress_31
2022-05-26 08:03:42,067 [pool-488-thread-1] INFO  segmented.SegmentedRaftLogWorker (SegmentedRaftLogWorker.java:lambda$new$0(135)) - omNode-2@group-523986131536-SegmentedRaftLogWorker: flushIndex: setUnconditionally 0 -> 34
2022-05-26 08:03:42,067 [pool-488-thread-1] INFO  segmented.SegmentedRaftLogWorker (SegmentedRaftLogWorker.java:lambda$new$0(135)) - omNode-2@group-523986131536-SegmentedRaftLogWorker: safeCacheEvictIndex: setUnconditionally 0 -> 30
2022-05-26 08:03:42,067 [pool-488-thread-1] INFO  raftlog.RaftLog (RaftLogBase.java:lambda$new$0(53)) - omNode-2@group-523986131536-SegmentedRaftLog: commitIndex: updateToMax old=34, new=33, updated? false
2022-05-26 08:03:42,067 [pool-488-thread-1] INFO  server.RaftServerConfigKeys (ConfUtils.java:logGet(46)) - raft.server.snapshot.auto.trigger.enabled = true (custom)
2022-05-26 08:03:42,067 [pool-488-thread-1] INFO  server.RaftServerConfigKeys (ConfUtils.java:logGet(46)) - raft.server.snapshot.auto.trigger.threshold = 50 (custom)
2022-05-26 08:03:42,067 [pool-488-thread-1] INFO  server.RaftServerConfigKeys (ConfUtils.java:logGet(46)) - raft.server.snapshot.retention.file.num = -1 (default)
2022-05-26 08:03:42,067 [pool-488-thread-1] INFO  server.RaftServerConfigKeys (ConfUtils.java:logGet(46)) - raft.server.log.purge.upto.snapshot.index = true (custom)
2022-05-26 08:03:42,068 [pool-488-thread-1] INFO  server.RaftServerConfigKeys (ConfUtils.java:logGet(46)) - raft.server.retrycache.expirytime = 30000ms (custom)
2022-05-26 08:03:42,068 [pool-488-thread-1] INFO  server.RaftServerConfigKeys (ConfUtils.java:logGet(46)) - raft.server.retrycache.statistics.expirytime = 100μs (default)
2022-05-26 08:03:42,068 [pool-488-thread-1] INFO  server.RaftServerConfigKeys (ConfUtils.java:logGet(46)) - raft.server.log.appender.install.snapshot.enabled = false (custom)
2022-05-26 08:03:42,069 [pool-488-thread-1] INFO  server.RaftServerConfigKeys (ConfUtils.java:logGet(46)) - raft.server.threadpool.server.cached = true (default)
2022-05-26 08:03:42,069 [pool-488-thread-1] INFO  server.RaftServerConfigKeys (ConfUtils.java:logGet(46)) - raft.server.threadpool.server.size = 0 (default)
2022-05-26 08:03:42,069 [pool-488-thread-1] INFO  server.RaftServerConfigKeys (ConfUtils.java:logGet(46)) - raft.server.threadpool.client.cached = true (default)
2022-05-26 08:03:42,069 [pool-488-thread-1] INFO  server.RaftServerConfigKeys (ConfUtils.java:logGet(46)) - raft.server.threadpool.client.size = 0 (default)
2022-05-26 08:03:42,069 [omNode-2-impl-thread1] INFO  server.RaftServer$Division (RaftServerImpl.java:start(310)) - omNode-2@group-523986131536: start as a follower, conf=31: [omNode-3|rpc:localhost:42233|admin:|client:|dataStream:|priority:0, omNode-1|rpc:localhost:40183|admin:|client:|dataStream:|priority:0, omNode-2|rpc:localhost:37413|admin:|client:|dataStream:|priority:0], old=null
2022-05-26 08:03:42,069 [omNode-2-impl-thread1] INFO  server.RaftServer$Division (RaftServerImpl.java:setRole(299)) - omNode-2@group-523986131536: changes role from      null to FOLLOWER at term 5 for startAsFollower
2022-05-26 08:03:42,069 [omNode-2-impl-thread1] INFO  impl.RoleInfo (RoleInfo.java:updateAndGet(139)) - omNode-2: start omNode-2@group-523986131536-FollowerState
2022-05-26 08:03:42,075 [omNode-2-impl-thread1] INFO  util.JmxRegister (JmxRegister.java:tryRegister(44)) - Successfully registered JMX Bean with object name Ratis:service=RaftServer,group=group-523986131536,id=omNode-2
2022-05-26 08:03:42,083 [Listener at localhost/38409] INFO  server.RaftServer (RaftServerProxy.java:lambda$start$6(382)) - omNode-2: start RPC server
2022-05-26 08:03:42,085 [Listener at localhost/38409] INFO  server.GrpcService (GrpcService.java:startImpl(260)) - omNode-2: GrpcService started, listening on 37413
2022-05-26 08:03:42,085 [Listener at localhost/38409] INFO  om.OzoneManager (OzoneManager.java:getRpcServer(1030)) - Creating RPC Server
2022-05-26 08:03:42,085 [org.apache.ratis.util.JvmPauseMonitor$$Lambda$691/456821109@425a2a7b] INFO  util.JvmPauseMonitor (JvmPauseMonitor.java:run(103)) - JvmPauseMonitor-omNode-2: Started
2022-05-26 08:03:42,341 [Listener at localhost/38409] INFO  reflections.Reflections (Reflections.java:scan(232)) - Reflections took 254 ms to scan 19 urls, producing 61 keys and 3747 values [using 2 cores]
2022-05-26 08:03:42,342 [Listener at localhost/38409] INFO  ipc.CallQueueManager (CallQueueManager.java:<init>(90)) - Using callQueue: class java.util.concurrent.LinkedBlockingQueue, queueCapacity: 2000, scheduler: class org.apache.hadoop.ipc.DefaultRpcScheduler, ipcBackoff: false.
2022-05-26 08:03:42,343 [Socket Reader #1 for port 38277] INFO  ipc.Server (Server.java:run(1265)) - Starting Socket Reader #1 for port 38277
2022-05-26 08:03:42,348 [Listener at localhost/38277] INFO  http.BaseHttpServer (BaseHttpServer.java:newHttpServer2BuilderForOzone(209)) - Starting Web-server for ozoneManager at: http://0.0.0.0:45205
2022-05-26 08:03:42,348 [Listener at localhost/38277] INFO  http.BaseHttpServer (BaseHttpServer.java:<init>(107)) - Hadoop Security Enabled: false Ozone Security Enabled: false Ozone HTTP Security Enabled: false 
2022-05-26 08:03:42,349 [Listener at localhost/38277] INFO  server.AuthenticationFilter (AuthenticationFilter.java:constructSecretProvider(240)) - Unable to initialize FileSignerSecretProvider, falling back to use random secrets.
2022-05-26 08:03:42,349 [Listener at localhost/38277] WARN  http.HttpRequestLog (HttpRequestLog.java:getRequestLog(103)) - Jetty request log can only be enabled using Log4j
2022-05-26 08:03:42,350 [Listener at localhost/38277] INFO  http.HttpServer2 (HttpServer2.java:addGlobalFilter(1030)) - Added global filter 'safety' (class=org.apache.hadoop.hdds.server.http.HttpServer2$QuotingInputFilter)
2022-05-26 08:03:42,351 [Listener at localhost/38277] INFO  http.HttpServer2 (HttpServer2.java:addFilter(1006)) - Added filter static_user_filter (class=org.apache.hadoop.http.lib.StaticUserWebFilter$StaticUserFilter) to context ozoneManager
2022-05-26 08:03:42,351 [Listener at localhost/38277] INFO  http.HttpServer2 (HttpServer2.java:addFilter(1014)) - Added filter static_user_filter (class=org.apache.hadoop.http.lib.StaticUserWebFilter$StaticUserFilter) to context logs
2022-05-26 08:03:42,351 [Listener at localhost/38277] INFO  http.HttpServer2 (HttpServer2.java:addFilter(1014)) - Added filter static_user_filter (class=org.apache.hadoop.http.lib.StaticUserWebFilter$StaticUserFilter) to context static
2022-05-26 08:03:42,351 [Listener at localhost/38277] INFO  http.HttpServer2 (HttpServer2.java:bindListener(1249)) - Jetty bound to port 45205
2022-05-26 08:03:42,351 [Listener at localhost/38277] INFO  server.Server (Server.java:doStart(375)) - jetty-9.4.43.v20210629; built: 2021-06-30T11:07:22.254Z; git: 526006ecfa3af7f1a27ef3a288e2bef7ea9dd7e8; jvm 1.8.0_332-b09
2022-05-26 08:03:42,355 [Listener at localhost/38277] INFO  server.session (DefaultSessionIdManager.java:doStart(334)) - DefaultSessionIdManager workerName=node0
2022-05-26 08:03:42,355 [Listener at localhost/38277] INFO  server.session (DefaultSessionIdManager.java:doStart(339)) - No SessionScavenger set, using defaults
2022-05-26 08:03:42,355 [Listener at localhost/38277] INFO  server.session (HouseKeeper.java:startScavenging(132)) - node0 Scavenging every 600000ms
2022-05-26 08:03:42,356 [Listener at localhost/38277] INFO  handler.ContextHandler (ContextHandler.java:doStart(915)) - Started o.e.j.s.ServletContextHandler@7f96d82e{logs,/logs,file:///home/runner/work/ozone/ozone/hadoop-ozone/integration-test/target/log,AVAILABLE}
2022-05-26 08:03:42,356 [Listener at localhost/38277] INFO  handler.ContextHandler (ContextHandler.java:doStart(915)) - Started o.e.j.s.ServletContextHandler@2ed0e7c9{static,/static,file:///home/runner/work/ozone/ozone/hadoop-ozone/integration-test/target/test-classes/webapps/static,AVAILABLE}
2022-05-26 08:03:42,358 [Listener at localhost/38277] INFO  handler.ContextHandler (ContextHandler.java:doStart(915)) - Started o.e.j.w.WebAppContext@7eecccfb{ozoneManager,/,file:///home/runner/work/ozone/ozone/hadoop-ozone/integration-test/target/test-classes/webapps/ozoneManager/,AVAILABLE}{file:/home/runner/work/ozone/ozone/hadoop-ozone/integration-test/target/test-classes/webapps/ozoneManager}
2022-05-26 08:03:42,361 [Listener at localhost/38277] INFO  server.AbstractConnector (AbstractConnector.java:doStart(331)) - Started ServerConnector@35b1df36{HTTP/1.1, (http/1.1)}{0.0.0.0:45205}
2022-05-26 08:03:42,362 [Listener at localhost/38277] INFO  server.Server (Server.java:doStart(415)) - Started @84302ms
2022-05-26 08:03:42,362 [Listener at localhost/38277] WARN  impl.MetricsSystemImpl (MetricsSystemImpl.java:register(279)) - Sink prometheus already exists!
2022-05-26 08:03:42,364 [Listener at localhost/38277] INFO  http.BaseHttpServer (BaseHttpServer.java:updateConnectorAddress(329)) - HTTP server of ozoneManager listening at http://0.0.0.0:45205
2022-05-26 08:03:42,364 [IPC Server Responder] INFO  ipc.Server (Server.java:run(1507)) - IPC Server Responder: starting
2022-05-26 08:03:42,368 [IPC Server listener on 38277] INFO  ipc.Server (Server.java:run(1344)) - IPC Server listener on 38277: starting
2022-05-26 08:03:42,384 [Listener at localhost/38277] INFO  om.OzoneManager (OzoneManager.java:startTrashEmptier(1845)) - Trash Interval set to 0. Files deleted won't move to trash
2022-05-26 08:03:42,385 [omNode-3@group-523986131536-FollowerState] INFO  impl.FollowerState (FollowerState.java:run(143)) - omNode-3@group-523986131536-FollowerState: change to CANDIDATE, lastRpcElapsedTime:1177394767ns, electionTimeout:1169ms
2022-05-26 08:03:42,385 [omNode-3@group-523986131536-FollowerState] INFO  impl.RoleInfo (RoleInfo.java:shutdownFollowerState(110)) - omNode-3: shutdown omNode-3@group-523986131536-FollowerState
2022-05-26 08:03:42,385 [omNode-3@group-523986131536-FollowerState] INFO  server.RaftServer$Division (RaftServerImpl.java:setRole(299)) - omNode-3@group-523986131536: changes role from  FOLLOWER to CANDIDATE at term 4 for changeToCandidate
]]></system-out>
  </testcase>
  <testcase name="testJMXMetrics" classname="org.apache.hadoop.ozone.om.TestOzoneManagerHAMetadataOnly" time="1.104">
    <system-out><![CDATA[2022-05-26 08:03:42,388 [omNode-3@group-523986131536-FollowerState] INFO  server.RaftServerConfigKeys (ConfUtils.java:logGet(46)) - raft.server.leaderelection.pre-vote = false (custom)
2022-05-26 08:03:42,388 [omNode-3@group-523986131536-FollowerState] INFO  impl.RoleInfo (RoleInfo.java:updateAndGet(139)) - omNode-3: start omNode-3@group-523986131536-LeaderElection15
2022-05-26 08:03:42,388 [org.apache.hadoop.util.JvmPauseMonitor$Monitor@3e871f3] INFO  util.JvmPauseMonitor (JvmPauseMonitor.java:run(188)) - Starting JVM pause monitor
2022-05-26 08:03:42,389 [Listener at localhost/38277] INFO  om.OzoneManager (OzoneManager.java:stop(1960)) - omNode-3[localhost:46875]: Stopping Ozone Manager
2022-05-26 08:03:42,389 [Listener at localhost/38277] INFO  ipc.Server (Server.java:stop(3414)) - Stopping server on 46875
2022-05-26 08:03:42,392 [IPC Server listener on 46875] INFO  ipc.Server (Server.java:run(1376)) - Stopping IPC Server listener on 46875
2022-05-26 08:03:42,393 [IPC Server Responder] INFO  ipc.Server (Server.java:run(1512)) - Stopping IPC Server Responder
2022-05-26 08:03:42,394 [Listener at localhost/38277] INFO  server.RaftServer (RaftServerProxy.java:lambda$close$7(398)) - omNode-3: close
2022-05-26 08:03:42,394 [Listener at localhost/38277] INFO  server.RaftServer$Division (RaftServerImpl.java:lambda$close$4(434)) - omNode-3@group-523986131536: shutdown
2022-05-26 08:03:42,394 [Listener at localhost/38277] INFO  util.JmxRegister (JmxRegister.java:unregister(73)) - Successfully un-registered JMX Bean with object name Ratis:service=RaftServer,group=group-523986131536,id=omNode-3
2022-05-26 08:03:42,394 [Listener at localhost/38277] INFO  impl.RoleInfo (RoleInfo.java:shutdownLeaderElection(130)) - omNode-3: shutdown omNode-3@group-523986131536-LeaderElection15
2022-05-26 08:03:42,394 [Listener at localhost/38277] INFO  impl.StateMachineUpdater (StateMachineUpdater.java:stopAndJoin(153)) - omNode-3@group-523986131536-StateMachineUpdater: set stopIndex = 30
2022-05-26 08:03:42,394 [omNode-3@group-523986131536-StateMachineUpdater] INFO  ratis.OzoneManagerStateMachine (OzoneManagerStateMachine.java:close(490)) - StateMachine has shutdown. Shutdown OzoneManager if not already shutdown.
2022-05-26 08:03:42,394 [omNode-3@group-523986131536-StateMachineUpdater] INFO  ratis.OzoneManagerDoubleBuffer (OzoneManagerDoubleBuffer.java:stop(465)) - Stopping OMDoubleBuffer flush thread
2022-05-26 08:03:42,396 [OMDoubleBufferFlushThread] INFO  ratis.OzoneManagerDoubleBuffer (OzoneManagerDoubleBuffer.java:flushTransactions(385)) - OMDoubleBuffer flush thread OMDoubleBufferFlushThread is interrupted and will exit.
2022-05-26 08:03:42,396 [omNode-3@group-523986131536-LeaderElection15] INFO  impl.LeaderElection (LeaderElection.java:askForVotes(310)) - omNode-3@group-523986131536-LeaderElection15 ELECTION round 0: submit vote requests at term 5 for 27: [omNode-3|rpc:localhost:42233|admin:|client:|dataStream:|priority:0, omNode-1|rpc:localhost:40183|admin:|client:|dataStream:|priority:0, omNode-2|rpc:localhost:37413|admin:|client:|dataStream:|priority:0], old=null
2022-05-26 08:03:42,396 [Listener at localhost/38277] INFO  server.RaftServer$Division (ServerState.java:close(429)) - omNode-3@group-523986131536: closes. applyIndex: 30
2022-05-26 08:03:42,404 [omNode-3@group-523986131536-SegmentedRaftLogWorker] INFO  segmented.SegmentedRaftLogWorker (SegmentedRaftLogWorker.java:run(336)) - omNode-3@group-523986131536-SegmentedRaftLogWorker was interrupted, exiting. There are 0 tasks remaining in the queue.
2022-05-26 08:03:42,409 [Listener at localhost/38277] INFO  segmented.SegmentedRaftLogWorker (SegmentedRaftLogWorker.java:close(246)) - omNode-3@group-523986131536-SegmentedRaftLogWorker close()
2022-05-26 08:03:42,411 [Listener at localhost/38277] INFO  server.GrpcService (GrpcService.java:closeImpl(269)) - omNode-3: shutdown server with port 42233 now
2022-05-26 08:03:42,413 [grpc-default-executor-3] INFO  server.RaftServer$Division (RaftServerImpl.java:requestVote(1152)) - omNode-1@group-523986131536: receive requestVote(ELECTION, omNode-3, group-523986131536, 5, (t:4, i:30))
2022-05-26 08:03:42,413 [grpc-default-executor-3] INFO  impl.VoteContext (VoteContext.java:log(48)) - omNode-1@group-523986131536-FOLLOWER: reject ELECTION from omNode-3: already has voted for omNode-1 at current term 5
2022-05-26 08:03:42,413 [grpc-default-executor-3] INFO  server.RaftServer$Division (RaftServerImpl.java:requestVote(1184)) - omNode-1@group-523986131536 replies to ELECTION vote request: omNode-3<-omNode-1#0:FAIL-t5. Peer's state: omNode-1@group-523986131536:t5, leader=null, voted=omNode-1, raftlog=omNode-1@group-523986131536-SegmentedRaftLog:OPENED:c34, conf=31: [omNode-3|rpc:localhost:42233|admin:|client:|dataStream:|priority:0, omNode-1|rpc:localhost:40183|admin:|client:|dataStream:|priority:0, omNode-2|rpc:localhost:37413|admin:|client:|dataStream:|priority:0], old=null
2022-05-26 08:03:42,416 [omNode-3@group-523986131536-LeaderElection15] INFO  impl.LeaderElection (LeaderElection.java:logAndReturn(90)) - omNode-3@group-523986131536-LeaderElection15: ELECTION REJECTED received 0 response(s) and 0 exception(s):
2022-05-26 08:03:42,416 [omNode-3@group-523986131536-LeaderElection15] INFO  impl.LeaderElection (LeaderElection.java:askForVotes(312)) - omNode-3@group-523986131536-LeaderElection15 ELECTION round 0: result REJECTED
2022-05-26 08:03:42,421 [grpc-default-executor-3] INFO  server.RaftServer$Division (RaftServerImpl.java:requestVote(1152)) - omNode-2@group-523986131536: receive requestVote(ELECTION, omNode-3, group-523986131536, 5, (t:4, i:30))
2022-05-26 08:03:42,422 [grpc-default-executor-3] INFO  impl.VoteContext (VoteContext.java:log(48)) - omNode-2@group-523986131536-FOLLOWER: reject ELECTION from omNode-3: already has voted for omNode-1 at current term 5
2022-05-26 08:03:42,422 [grpc-default-executor-3] INFO  server.RaftServer$Division (RaftServerImpl.java:requestVote(1184)) - omNode-2@group-523986131536 replies to ELECTION vote request: omNode-3<-omNode-2#0:FAIL-t5. Peer's state: omNode-2@group-523986131536:t5, leader=null, voted=omNode-1, raftlog=omNode-2@group-523986131536-SegmentedRaftLog:OPENED:c34, conf=31: [omNode-3|rpc:localhost:42233|admin:|client:|dataStream:|priority:0, omNode-1|rpc:localhost:40183|admin:|client:|dataStream:|priority:0, omNode-2|rpc:localhost:37413|admin:|client:|dataStream:|priority:0], old=null
2022-05-26 08:03:42,423 [Listener at localhost/38277] INFO  server.GrpcService (GrpcService.java:closeImpl(278)) - omNode-3: shutdown server with port 42233 successfully
2022-05-26 08:03:42,424 [org.apache.ratis.util.JvmPauseMonitor$$Lambda$691/456821109@63b440bd] INFO  util.JvmPauseMonitor (JvmPauseMonitor.java:run(109)) - JvmPauseMonitor-omNode-3: Stopped
2022-05-26 08:03:42,426 [Listener at localhost/38277] INFO  ratis.OzoneManagerStateMachine (OzoneManagerStateMachine.java:close(490)) - StateMachine has shutdown. Shutdown OzoneManager if not already shutdown.
2022-05-26 08:03:42,426 [Listener at localhost/38277] INFO  ratis.OzoneManagerDoubleBuffer (OzoneManagerDoubleBuffer.java:stop(477)) - OMDoubleBuffer flush thread is not running.
2022-05-26 08:03:42,427 [Listener at localhost/38277] INFO  handler.ContextHandler (ContextHandler.java:doStop(1153)) - Stopped o.e.j.w.WebAppContext@25e7a411{ozoneManager,/,null,STOPPED}{file:/home/runner/work/ozone/ozone/hadoop-ozone/integration-test/target/test-classes/webapps/ozoneManager}
2022-05-26 08:03:42,427 [Listener at localhost/38277] INFO  server.AbstractConnector (AbstractConnector.java:doStop(381)) - Stopped ServerConnector@7779243b{HTTP/1.1, (http/1.1)}{0.0.0.0:39517}
2022-05-26 08:03:42,427 [Listener at localhost/38277] INFO  server.session (HouseKeeper.java:stopScavenging(149)) - node0 Stopped scavenging
2022-05-26 08:03:42,427 [Listener at localhost/38277] INFO  handler.ContextHandler (ContextHandler.java:doStop(1153)) - Stopped o.e.j.s.ServletContextHandler@644d442a{static,/static,file:///home/runner/work/ozone/ozone/hadoop-ozone/integration-test/target/test-classes/webapps/static,STOPPED}
2022-05-26 08:03:42,427 [Listener at localhost/38277] INFO  handler.ContextHandler (ContextHandler.java:doStop(1153)) - Stopped o.e.j.s.ServletContextHandler@2556003d{logs,/logs,file:///home/runner/work/ozone/ozone/hadoop-ozone/integration-test/target/log,STOPPED}
2022-05-26 08:03:42,429 [Listener at localhost/38277] INFO  om.OzoneManager (OzoneManager.java:restart(1497)) - OzoneManager RPC server is listening at localhost/127.0.0.1:46875
2022-05-26 08:03:42,429 [Listener at localhost/38277] INFO  impl.MetricsSystemImpl (MetricsSystemImpl.java:init(158)) - OzoneManager metrics system started (again)
2022-05-26 08:03:42,439 [Listener at localhost/38277] WARN  server.ServerUtils (ServerUtils.java:getDBPath(225)) - ozone.om.db.dirs is not configured. We recommend adding this setting. Falling back to ozone.metadata.dirs instead.
2022-05-26 08:03:42,440 [Listener at localhost/38277] INFO  codec.OmKeyInfoCodec (OmKeyInfoCodec.java:<init>(49)) - OmKeyInfoCodec ignorePipeline = true
2022-05-26 08:03:42,440 [Listener at localhost/38277] INFO  codec.RepeatedOmKeyInfoCodec (RepeatedOmKeyInfoCodec.java:<init>(41)) - RepeatedOmKeyInfoCodec ignorePipeline = true
2022-05-26 08:03:42,474 [Listener at localhost/38277] WARN  impl.MetricRegistriesImpl (MetricRegistriesImpl.java:addReporterRegistration(111)) - New reporters are added after registries were created. Some metrics will be missing from the reporter. Please add reporter before adding any new registry.
2022-05-26 08:03:42,475 [Listener at localhost/38277] WARN  impl.MetricRegistriesImpl (MetricRegistriesImpl.java:addReporterRegistration(111)) - New reporters are added after registries were created. Some metrics will be missing from the reporter. Please add reporter before adding any new registry.
2022-05-26 08:03:42,475 [Listener at localhost/38277] WARN  server.ServerUtils (ServerUtils.java:getDefaultRatisDirectory(237)) - Storage directory for Ratis is not configured. It is a good idea to map this to an SSD disk. Falling back to ozone.metadata.dirs
2022-05-26 08:03:42,475 [Listener at localhost/38277] INFO  ratis.OzoneManagerRatisServer (OzoneManagerRatisServer.java:<init>(159)) - Instantiating OM Ratis server with groupID: om-service-test1 and peers: localhost:42233, localhost:40183, localhost:37413
2022-05-26 08:03:42,476 [Listener at localhost/38277] INFO  ratis.OzoneManagerStateMachine (OzoneManagerStateMachine.java:loadSnapshotInfoFromDB(627)) - LastAppliedIndex is set from TransactionInfo from OM DB as (t:4, i:30)
2022-05-26 08:03:42,476 [Listener at localhost/38277] INFO  server.RaftServer (ConfUtils.java:logGet(46)) - raft.rpc.type = GRPC (default)
2022-05-26 08:03:42,476 [Listener at localhost/38277] INFO  grpc.GrpcFactory (GrpcFactory.java:checkPooledByteBufAllocatorUseCacheForAllThreads(48)) - PERFORMANCE WARNING: useCacheForAllThreads is true that may cause Netty to create a lot garbage objects and, as a result, trigger GC.
	It is recommended to disable useCacheForAllThreads by setting -Dorg.apache.ratis.thirdparty.io.netty.allocator.useCacheForAllThreads=false in command line.
2022-05-26 08:03:42,476 [Listener at localhost/38277] INFO  grpc.GrpcConfigKeys (ConfUtils.java:logGet(46)) - raft.grpc.admin.port = -1 (default)
2022-05-26 08:03:42,476 [Listener at localhost/38277] INFO  grpc.GrpcConfigKeys (ConfUtils.java:logGet(46)) - raft.grpc.server.port = 42233 (custom)
2022-05-26 08:03:42,476 [Listener at localhost/38277] INFO  grpc.GrpcConfigKeys (ConfUtils.java:logGet(46)) - raft.grpc.client.port = -1 (default)
2022-05-26 08:03:42,477 [Listener at localhost/38277] INFO  grpc.GrpcConfigKeys (ConfUtils.java:logGet(46)) - raft.grpc.server.port = 42233 (custom)
2022-05-26 08:03:42,477 [Listener at localhost/38277] INFO  grpc.GrpcConfigKeys (ConfUtils.java:logGet(46)) - raft.grpc.server.port = 42233 (custom)
2022-05-26 08:03:42,477 [Listener at localhost/38277] INFO  server.GrpcService (ConfUtils.java:logGet(46)) - raft.grpc.message.size.max = 33554432 (custom)
2022-05-26 08:03:42,477 [Listener at localhost/38277] INFO  server.RaftServerConfigKeys (ConfUtils.java:logGet(46)) - raft.server.log.appender.buffer.byte-limit = 33554432 (custom)
2022-05-26 08:03:42,477 [Listener at localhost/38277] INFO  server.GrpcService (ConfUtils.java:logGet(46)) - raft.grpc.flow.control.window = 1MB (=1048576) (default)
2022-05-26 08:03:42,477 [Listener at localhost/38277] INFO  server.RaftServerConfigKeys (ConfUtils.java:logGet(46)) - raft.server.rpc.request.timeout = 3000ms (default)
2022-05-26 08:03:42,477 [Listener at localhost/38277] INFO  grpc.GrpcConfigKeys (ConfUtils.java:logGet(46)) - raft.grpc.server.async.request.thread.pool.cached = true (default)
2022-05-26 08:03:42,477 [Listener at localhost/38277] INFO  grpc.GrpcConfigKeys (ConfUtils.java:logGet(46)) - raft.grpc.server.async.request.thread.pool.size = 32 (default)
2022-05-26 08:03:42,478 [Listener at localhost/38277] INFO  impl.DataStreamServerImpl (ConfUtils.java:logGet(46)) - raft.datastream.type = DISABLED (default)
2022-05-26 08:03:42,478 [Listener at localhost/38277] INFO  server.RaftServerConfigKeys (ConfUtils.java:logGet(46)) - raft.server.threadpool.proxy.cached = true (default)
2022-05-26 08:03:42,478 [Listener at localhost/38277] INFO  server.RaftServerConfigKeys (ConfUtils.java:logGet(46)) - raft.server.threadpool.proxy.size = 0 (default)
2022-05-26 08:03:42,479 [Listener at localhost/38277] INFO  server.RaftServerConfigKeys (ConfUtils.java:logGet(46)) - raft.server.rpc.slowness.timeout = 2s (custom)
2022-05-26 08:03:42,479 [Listener at localhost/38277] INFO  server.RaftServerConfigKeys (ConfUtils.java:logGet(46)) - raft.server.leaderelection.leader.step-down.wait-time = 10s (default)
2022-05-26 08:03:42,479 [Listener at localhost/38277] INFO  server.RaftServerConfigKeys (ConfUtils.java:logGet(46)) - raft.server.storage.dir = [/home/runner/work/ozone/ozone/hadoop-ozone/integration-test/target/test-dir/MiniOzoneClusterImpl-17bb6255-4ab1-443a-98be-5fd7627ecb82/omNode-3/ratis] (custom)
2022-05-26 08:03:42,479 [omNode-3-impl-thread1] INFO  server.RaftServer (RaftServerProxy.java:initGroupDir(247)) - omNode-3: found a subdirectory /home/runner/work/ozone/ozone/hadoop-ozone/integration-test/target/test-dir/MiniOzoneClusterImpl-17bb6255-4ab1-443a-98be-5fd7627ecb82/omNode-3/ratis/c9bc4cf4-3bc3-3c60-a66b-523986131536
2022-05-26 08:03:42,479 [Listener at localhost/38277] INFO  server.RaftServer (RaftServerProxy.java:addNew(96)) - omNode-3: addNew group-523986131536:[omNode-3|rpc:localhost:42233|priority:0, omNode-1|rpc:localhost:40183|priority:0, omNode-2|rpc:localhost:37413|priority:0] returns group-523986131536:java.util.concurrent.CompletableFuture@1a8626b[Not completed]
2022-05-26 08:03:42,479 [pool-509-thread-1] INFO  server.RaftServer$Division (RaftServerImpl.java:<init>(190)) - omNode-3: new RaftServerImpl for group-523986131536:[omNode-3|rpc:localhost:42233|priority:0, omNode-1|rpc:localhost:40183|priority:0, omNode-2|rpc:localhost:37413|priority:0] with OzoneManagerStateMachine:uninitialized
2022-05-26 08:03:42,479 [Listener at localhost/38277] INFO  om.OzoneManager (OzoneManager.java:initializeRatisServer(1901)) - OzoneManager Ratis server initialized at port 42233
2022-05-26 08:03:42,480 [pool-509-thread-1] INFO  server.RaftServerConfigKeys (ConfUtils.java:logGet(46)) - raft.server.rpc.timeout.min = 1s (custom)
2022-05-26 08:03:42,480 [Listener at localhost/38277] INFO  ratis.OzoneManagerRatisServer (OzoneManagerRatisServer.java:start(554)) - Starting OzoneManagerRatisServer omNode-3 at port 42233
2022-05-26 08:03:42,480 [pool-509-thread-1] INFO  server.RaftServerConfigKeys (ConfUtils.java:logGet(46)) - raft.server.rpc.timeout.max = 1200ms (custom)
2022-05-26 08:03:42,480 [pool-509-thread-1] INFO  server.RaftServerConfigKeys (ConfUtils.java:logGet(46)) - raft.server.rpc.sleep.time = 25ms (default)
2022-05-26 08:03:42,480 [pool-509-thread-1] INFO  server.RaftServerConfigKeys (ConfUtils.java:logGet(46)) - raft.server.rpc.slowness.timeout = 2s (custom)
2022-05-26 08:03:42,480 [pool-509-thread-1] INFO  server.RaftServerConfigKeys (ConfUtils.java:logGet(46)) - raft.server.leaderelection.leader.step-down.wait-time = 10s (default)
2022-05-26 08:03:42,480 [pool-509-thread-1] INFO  server.RaftServerConfigKeys (ConfUtils.java:logGet(46)) - raft.server.sleep.deviation.threshold = 300ms (default)
2022-05-26 08:03:42,480 [pool-509-thread-1] INFO  server.RaftServer$Division (ServerState.java:<init>(107)) - omNode-3@group-523986131536: ConfigurationManager, init=-1: [omNode-3|rpc:localhost:42233|priority:0, omNode-1|rpc:localhost:40183|priority:0, omNode-2|rpc:localhost:37413|priority:0], old=null, confs=<EMPTY_MAP>
2022-05-26 08:03:42,480 [pool-509-thread-1] INFO  server.RaftServerConfigKeys (ConfUtils.java:logGet(46)) - raft.server.storage.dir = [/home/runner/work/ozone/ozone/hadoop-ozone/integration-test/target/test-dir/MiniOzoneClusterImpl-17bb6255-4ab1-443a-98be-5fd7627ecb82/omNode-3/ratis] (custom)
2022-05-26 08:03:42,480 [pool-509-thread-1] INFO  server.RaftServerConfigKeys (ConfUtils.java:logGet(46)) - raft.server.log.corruption.policy = EXCEPTION (default)
2022-05-26 08:03:42,480 [pool-509-thread-1] INFO  server.RaftServerConfigKeys (ConfUtils.java:logGet(46)) - raft.server.storage.free-space.min = 0MB (=0) (default)
2022-05-26 08:03:42,481 [pool-509-thread-1] INFO  storage.RaftStorageDirectory (RaftStorageDirectoryImpl.java:tryLock(230)) - Lock on /home/runner/work/ozone/ozone/hadoop-ozone/integration-test/target/test-dir/MiniOzoneClusterImpl-17bb6255-4ab1-443a-98be-5fd7627ecb82/omNode-3/ratis/c9bc4cf4-3bc3-3c60-a66b-523986131536/in_use.lock acquired by nodename 18146@fv-az35-51
2022-05-26 08:03:42,482 [pool-509-thread-1] INFO  storage.RaftStorage (RaftStorageImpl.java:analyzeAndRecoverStorage(110)) - Read RaftStorageMetadata{term=5, votedFor=omNode-3} from /home/runner/work/ozone/ozone/hadoop-ozone/integration-test/target/test-dir/MiniOzoneClusterImpl-17bb6255-4ab1-443a-98be-5fd7627ecb82/omNode-3/ratis/c9bc4cf4-3bc3-3c60-a66b-523986131536/current/raft-meta
2022-05-26 08:03:42,482 [pool-509-thread-1] INFO  server.RaftServer$Division (ServerState.java:setRaftConf(393)) - omNode-3@group-523986131536: set configuration 27: [omNode-3|rpc:localhost:42233|admin:|client:|dataStream:|priority:0, omNode-1|rpc:localhost:40183|admin:|client:|dataStream:|priority:0, omNode-2|rpc:localhost:37413|admin:|client:|dataStream:|priority:0], old=null
2022-05-26 08:03:42,482 [pool-509-thread-1] INFO  server.RaftServerConfigKeys (ConfUtils.java:logGet(46)) - raft.server.notification.no-leader.timeout = 2s (custom)
2022-05-26 08:03:42,482 [pool-509-thread-1] INFO  server.RaftServerConfigKeys (ConfUtils.java:logGet(46)) - raft.server.log.use.memory = false (default)
2022-05-26 08:03:42,482 [pool-509-thread-1] INFO  server.RaftServerConfigKeys (ConfUtils.java:logGet(46)) - raft.server.log.purge.gap = 50 (custom)
2022-05-26 08:03:42,482 [pool-509-thread-1] INFO  server.RaftServerConfigKeys (ConfUtils.java:logGet(46)) - raft.server.log.appender.buffer.byte-limit = 33554432 (custom)
2022-05-26 08:03:42,482 [pool-509-thread-1] INFO  server.RaftServerConfigKeys (ConfUtils.java:logGet(46)) - raft.server.log.statemachine.data.read.timeout = 1000ms (default)
2022-05-26 08:03:42,482 [pool-509-thread-1] INFO  server.RaftServerConfigKeys (ConfUtils.java:logGet(46)) - raft.server.log.segment.size.max = 4194304 (custom)
2022-05-26 08:03:42,483 [pool-509-thread-1] INFO  server.RaftServerConfigKeys (ConfUtils.java:logGet(46)) - raft.server.log.segment.cache.num.max = 2 (custom)
2022-05-26 08:03:42,483 [pool-509-thread-1] INFO  server.RaftServerConfigKeys (ConfUtils.java:logGet(46)) - raft.server.log.segment.cache.size.max = 200MB (=209715200) (default)
2022-05-26 08:03:42,483 [pool-509-thread-1] INFO  segmented.SegmentedRaftLogWorker (SegmentedRaftLogWorker.java:<init>(187)) - new omNode-3@group-523986131536-SegmentedRaftLogWorker for RaftStorageImpl:Storage Directory /home/runner/work/ozone/ozone/hadoop-ozone/integration-test/target/test-dir/MiniOzoneClusterImpl-17bb6255-4ab1-443a-98be-5fd7627ecb82/omNode-3/ratis/c9bc4cf4-3bc3-3c60-a66b-523986131536
2022-05-26 08:03:42,483 [pool-509-thread-1] INFO  server.RaftServerConfigKeys (ConfUtils.java:logGet(46)) - raft.server.log.queue.byte-limit = 64MB (=67108864) (default)
2022-05-26 08:03:42,483 [pool-509-thread-1] INFO  server.RaftServerConfigKeys (ConfUtils.java:logGet(46)) - raft.server.log.queue.element-limit = 4096 (default)
2022-05-26 08:03:42,483 [pool-509-thread-1] INFO  server.RaftServerConfigKeys (ConfUtils.java:logGet(46)) - raft.server.log.segment.size.max = 4194304 (custom)
2022-05-26 08:03:42,483 [pool-509-thread-1] INFO  server.RaftServerConfigKeys (ConfUtils.java:logGet(46)) - raft.server.log.preallocated.size = 4194304 (custom)
2022-05-26 08:03:42,483 [pool-509-thread-1] INFO  server.RaftServerConfigKeys (ConfUtils.java:logGet(46)) - raft.server.log.force.sync.num = 128 (default)
2022-05-26 08:03:42,483 [pool-509-thread-1] INFO  server.RaftServerConfigKeys (ConfUtils.java:logGet(46)) - raft.server.log.statemachine.data.sync = true (default)
2022-05-26 08:03:42,483 [pool-509-thread-1] INFO  server.RaftServerConfigKeys (ConfUtils.java:logGet(46)) - raft.server.log.statemachine.data.sync.timeout = 10s (default)
2022-05-26 08:03:42,483 [pool-509-thread-1] INFO  server.RaftServerConfigKeys (ConfUtils.java:logGet(46)) - raft.server.log.statemachine.data.sync.timeout.retry = -1 (default)
2022-05-26 08:03:42,484 [pool-509-thread-1] INFO  server.RaftServerConfigKeys (ConfUtils.java:logGet(46)) - raft.server.log.write.buffer.size = 64KB (=65536) (default)
2022-05-26 08:03:42,484 [pool-509-thread-1] INFO  server.RaftServerConfigKeys (ConfUtils.java:logGet(46)) - raft.server.log.unsafe-flush.enabled = false (default)
2022-05-26 08:03:42,484 [pool-509-thread-1] INFO  server.RaftServerConfigKeys (ConfUtils.java:logGet(46)) - raft.server.log.statemachine.data.caching.enabled = false (default)
2022-05-26 08:03:42,485 [pool-509-thread-1] INFO  server.RaftServer$Division (ServerState.java:setRaftConf(393)) - omNode-3@group-523986131536: set configuration 0: [omNode-3|rpc:localhost:42233|admin:|client:|dataStream:|priority:0, omNode-1|rpc:localhost:40183|admin:|client:|dataStream:|priority:0, omNode-2|rpc:localhost:37413|admin:|client:|dataStream:|priority:0], old=null
2022-05-26 08:03:42,485 [pool-509-thread-1] INFO  segmented.LogSegment (LogSegment.java:loadSegment(173)) - Successfully read 7 entries from segment file /home/runner/work/ozone/ozone/hadoop-ozone/integration-test/target/test-dir/MiniOzoneClusterImpl-17bb6255-4ab1-443a-98be-5fd7627ecb82/omNode-3/ratis/c9bc4cf4-3bc3-3c60-a66b-523986131536/current/log_0-6
2022-05-26 08:03:42,485 [pool-509-thread-1] INFO  server.RaftServer$Division (ServerState.java:setRaftConf(393)) - omNode-3@group-523986131536: set configuration 7: [omNode-3|rpc:localhost:42233|admin:|client:|dataStream:|priority:0, omNode-1|rpc:localhost:40183|admin:|client:|dataStream:|priority:0, omNode-2|rpc:localhost:37413|admin:|client:|dataStream:|priority:0], old=null
2022-05-26 08:03:42,485 [pool-509-thread-1] INFO  segmented.LogSegment (LogSegment.java:loadSegment(173)) - Successfully read 8 entries from segment file /home/runner/work/ozone/ozone/hadoop-ozone/integration-test/target/test-dir/MiniOzoneClusterImpl-17bb6255-4ab1-443a-98be-5fd7627ecb82/omNode-3/ratis/c9bc4cf4-3bc3-3c60-a66b-523986131536/current/log_7-14
2022-05-26 08:03:42,485 [pool-509-thread-1] INFO  server.RaftServer$Division (ServerState.java:setRaftConf(393)) - omNode-3@group-523986131536: set configuration 15: [omNode-3|rpc:localhost:42233|admin:|client:|dataStream:|priority:0, omNode-1|rpc:localhost:40183|admin:|client:|dataStream:|priority:0, omNode-2|rpc:localhost:37413|admin:|client:|dataStream:|priority:0], old=null
2022-05-26 08:03:42,485 [pool-509-thread-1] INFO  segmented.LogSegment (LogSegment.java:loadSegment(173)) - Successfully read 12 entries from segment file /home/runner/work/ozone/ozone/hadoop-ozone/integration-test/target/test-dir/MiniOzoneClusterImpl-17bb6255-4ab1-443a-98be-5fd7627ecb82/omNode-3/ratis/c9bc4cf4-3bc3-3c60-a66b-523986131536/current/log_15-26
2022-05-26 08:03:42,486 [pool-509-thread-1] INFO  server.RaftServer$Division (ServerState.java:setRaftConf(393)) - omNode-3@group-523986131536: set configuration 27: [omNode-3|rpc:localhost:42233|admin:|client:|dataStream:|priority:0, omNode-1|rpc:localhost:40183|admin:|client:|dataStream:|priority:0, omNode-2|rpc:localhost:37413|admin:|client:|dataStream:|priority:0], old=null
2022-05-26 08:03:42,486 [pool-509-thread-1] INFO  segmented.LogSegment (LogSegment.java:loadSegment(173)) - Successfully read 4 entries from segment file /home/runner/work/ozone/ozone/hadoop-ozone/integration-test/target/test-dir/MiniOzoneClusterImpl-17bb6255-4ab1-443a-98be-5fd7627ecb82/omNode-3/ratis/c9bc4cf4-3bc3-3c60-a66b-523986131536/current/log_inprogress_27
2022-05-26 08:03:42,486 [pool-509-thread-1] INFO  segmented.SegmentedRaftLogWorker (SegmentedRaftLogWorker.java:lambda$new$0(135)) - omNode-3@group-523986131536-SegmentedRaftLogWorker: flushIndex: setUnconditionally 0 -> 30
2022-05-26 08:03:42,486 [pool-509-thread-1] INFO  segmented.SegmentedRaftLogWorker (SegmentedRaftLogWorker.java:lambda$new$0(135)) - omNode-3@group-523986131536-SegmentedRaftLogWorker: safeCacheEvictIndex: setUnconditionally 0 -> 26
2022-05-26 08:03:42,486 [pool-509-thread-1] INFO  raftlog.RaftLog (RaftLogBase.java:lambda$new$0(53)) - omNode-3@group-523986131536-SegmentedRaftLog: commitIndex: updateToMax old=30, new=29, updated? false
2022-05-26 08:03:42,486 [pool-509-thread-1] INFO  server.RaftServerConfigKeys (ConfUtils.java:logGet(46)) - raft.server.snapshot.auto.trigger.enabled = true (custom)
2022-05-26 08:03:42,486 [pool-509-thread-1] INFO  server.RaftServerConfigKeys (ConfUtils.java:logGet(46)) - raft.server.snapshot.auto.trigger.threshold = 50 (custom)
2022-05-26 08:03:42,486 [pool-509-thread-1] INFO  server.RaftServerConfigKeys (ConfUtils.java:logGet(46)) - raft.server.snapshot.retention.file.num = -1 (default)
2022-05-26 08:03:42,486 [pool-509-thread-1] INFO  server.RaftServerConfigKeys (ConfUtils.java:logGet(46)) - raft.server.log.purge.upto.snapshot.index = true (custom)
2022-05-26 08:03:42,486 [pool-509-thread-1] INFO  server.RaftServerConfigKeys (ConfUtils.java:logGet(46)) - raft.server.retrycache.expirytime = 30000ms (custom)
2022-05-26 08:03:42,486 [pool-509-thread-1] INFO  server.RaftServerConfigKeys (ConfUtils.java:logGet(46)) - raft.server.retrycache.statistics.expirytime = 100μs (default)
2022-05-26 08:03:42,487 [pool-509-thread-1] INFO  server.RaftServerConfigKeys (ConfUtils.java:logGet(46)) - raft.server.log.appender.install.snapshot.enabled = false (custom)
2022-05-26 08:03:42,487 [pool-509-thread-1] INFO  server.RaftServerConfigKeys (ConfUtils.java:logGet(46)) - raft.server.threadpool.server.cached = true (default)
2022-05-26 08:03:42,487 [pool-509-thread-1] INFO  server.RaftServerConfigKeys (ConfUtils.java:logGet(46)) - raft.server.threadpool.server.size = 0 (default)
2022-05-26 08:03:42,487 [pool-509-thread-1] INFO  server.RaftServerConfigKeys (ConfUtils.java:logGet(46)) - raft.server.threadpool.client.cached = true (default)
2022-05-26 08:03:42,487 [pool-509-thread-1] INFO  server.RaftServerConfigKeys (ConfUtils.java:logGet(46)) - raft.server.threadpool.client.size = 0 (default)
2022-05-26 08:03:42,487 [omNode-3-impl-thread1] INFO  server.RaftServer$Division (RaftServerImpl.java:start(310)) - omNode-3@group-523986131536: start as a follower, conf=27: [omNode-3|rpc:localhost:42233|admin:|client:|dataStream:|priority:0, omNode-1|rpc:localhost:40183|admin:|client:|dataStream:|priority:0, omNode-2|rpc:localhost:37413|admin:|client:|dataStream:|priority:0], old=null
2022-05-26 08:03:42,487 [omNode-3-impl-thread1] INFO  server.RaftServer$Division (RaftServerImpl.java:setRole(299)) - omNode-3@group-523986131536: changes role from      null to FOLLOWER at term 5 for startAsFollower
2022-05-26 08:03:42,487 [omNode-3-impl-thread1] INFO  impl.RoleInfo (RoleInfo.java:updateAndGet(139)) - omNode-3: start omNode-3@group-523986131536-FollowerState
2022-05-26 08:03:42,488 [omNode-3-impl-thread1] INFO  util.JmxRegister (JmxRegister.java:tryRegister(44)) - Successfully registered JMX Bean with object name Ratis:service=RaftServer,group=group-523986131536,id=omNode-3
2022-05-26 08:03:42,489 [Listener at localhost/38277] INFO  server.RaftServer (RaftServerProxy.java:lambda$start$6(382)) - omNode-3: start RPC server
2022-05-26 08:03:42,491 [Listener at localhost/38277] INFO  server.GrpcService (GrpcService.java:startImpl(260)) - omNode-3: GrpcService started, listening on 42233
2022-05-26 08:03:42,491 [Listener at localhost/38277] INFO  om.OzoneManager (OzoneManager.java:getRpcServer(1030)) - Creating RPC Server
2022-05-26 08:03:42,491 [org.apache.ratis.util.JvmPauseMonitor$$Lambda$691/456821109@716ccf44] INFO  util.JvmPauseMonitor (JvmPauseMonitor.java:run(103)) - JvmPauseMonitor-omNode-3: Started
2022-05-26 08:03:42,738 [Listener at localhost/38277] INFO  reflections.Reflections (Reflections.java:scan(232)) - Reflections took 246 ms to scan 19 urls, producing 61 keys and 3747 values [using 2 cores]
2022-05-26 08:03:42,740 [Listener at localhost/38277] INFO  ipc.CallQueueManager (CallQueueManager.java:<init>(90)) - Using callQueue: class java.util.concurrent.LinkedBlockingQueue, queueCapacity: 2000, scheduler: class org.apache.hadoop.ipc.DefaultRpcScheduler, ipcBackoff: false.
2022-05-26 08:03:42,741 [Socket Reader #1 for port 46875] INFO  ipc.Server (Server.java:run(1265)) - Starting Socket Reader #1 for port 46875
2022-05-26 08:03:42,743 [Listener at localhost/46875] INFO  http.BaseHttpServer (BaseHttpServer.java:newHttpServer2BuilderForOzone(209)) - Starting Web-server for ozoneManager at: http://0.0.0.0:39517
2022-05-26 08:03:42,743 [Listener at localhost/46875] INFO  http.BaseHttpServer (BaseHttpServer.java:<init>(107)) - Hadoop Security Enabled: false Ozone Security Enabled: false Ozone HTTP Security Enabled: false 
2022-05-26 08:03:42,744 [Listener at localhost/46875] INFO  server.AuthenticationFilter (AuthenticationFilter.java:constructSecretProvider(240)) - Unable to initialize FileSignerSecretProvider, falling back to use random secrets.
2022-05-26 08:03:42,744 [Listener at localhost/46875] WARN  http.HttpRequestLog (HttpRequestLog.java:getRequestLog(103)) - Jetty request log can only be enabled using Log4j
2022-05-26 08:03:42,745 [Listener at localhost/46875] INFO  http.HttpServer2 (HttpServer2.java:addGlobalFilter(1030)) - Added global filter 'safety' (class=org.apache.hadoop.hdds.server.http.HttpServer2$QuotingInputFilter)
2022-05-26 08:03:42,745 [Listener at localhost/46875] INFO  http.HttpServer2 (HttpServer2.java:addFilter(1006)) - Added filter static_user_filter (class=org.apache.hadoop.http.lib.StaticUserWebFilter$StaticUserFilter) to context ozoneManager
2022-05-26 08:03:42,746 [Listener at localhost/46875] INFO  http.HttpServer2 (HttpServer2.java:addFilter(1014)) - Added filter static_user_filter (class=org.apache.hadoop.http.lib.StaticUserWebFilter$StaticUserFilter) to context logs
2022-05-26 08:03:42,746 [Listener at localhost/46875] INFO  http.HttpServer2 (HttpServer2.java:addFilter(1014)) - Added filter static_user_filter (class=org.apache.hadoop.http.lib.StaticUserWebFilter$StaticUserFilter) to context static
2022-05-26 08:03:42,746 [Listener at localhost/46875] INFO  http.HttpServer2 (HttpServer2.java:bindListener(1249)) - Jetty bound to port 39517
2022-05-26 08:03:42,746 [Listener at localhost/46875] INFO  server.Server (Server.java:doStart(375)) - jetty-9.4.43.v20210629; built: 2021-06-30T11:07:22.254Z; git: 526006ecfa3af7f1a27ef3a288e2bef7ea9dd7e8; jvm 1.8.0_332-b09
2022-05-26 08:03:42,747 [Listener at localhost/46875] INFO  server.session (DefaultSessionIdManager.java:doStart(334)) - DefaultSessionIdManager workerName=node0
2022-05-26 08:03:42,747 [Listener at localhost/46875] INFO  server.session (DefaultSessionIdManager.java:doStart(339)) - No SessionScavenger set, using defaults
2022-05-26 08:03:42,748 [Listener at localhost/46875] INFO  server.session (HouseKeeper.java:startScavenging(132)) - node0 Scavenging every 660000ms
2022-05-26 08:03:42,752 [Listener at localhost/46875] INFO  handler.ContextHandler (ContextHandler.java:doStart(915)) - Started o.e.j.s.ServletContextHandler@53d01be{logs,/logs,file:///home/runner/work/ozone/ozone/hadoop-ozone/integration-test/target/log,AVAILABLE}
2022-05-26 08:03:42,752 [Listener at localhost/46875] INFO  handler.ContextHandler (ContextHandler.java:doStart(915)) - Started o.e.j.s.ServletContextHandler@2e9d1b66{static,/static,file:///home/runner/work/ozone/ozone/hadoop-ozone/integration-test/target/test-classes/webapps/static,AVAILABLE}
2022-05-26 08:03:42,755 [Listener at localhost/46875] INFO  handler.ContextHandler (ContextHandler.java:doStart(915)) - Started o.e.j.w.WebAppContext@37aa9b89{ozoneManager,/,file:///home/runner/work/ozone/ozone/hadoop-ozone/integration-test/target/test-classes/webapps/ozoneManager/,AVAILABLE}{file:/home/runner/work/ozone/ozone/hadoop-ozone/integration-test/target/test-classes/webapps/ozoneManager}
2022-05-26 08:03:42,756 [Listener at localhost/46875] INFO  server.AbstractConnector (AbstractConnector.java:doStart(331)) - Started ServerConnector@6f272319{HTTP/1.1, (http/1.1)}{0.0.0.0:39517}
2022-05-26 08:03:42,756 [Listener at localhost/46875] INFO  server.Server (Server.java:doStart(415)) - Started @84696ms
2022-05-26 08:03:42,756 [Listener at localhost/46875] WARN  impl.MetricsSystemImpl (MetricsSystemImpl.java:register(279)) - Sink prometheus already exists!
2022-05-26 08:03:42,757 [Listener at localhost/46875] INFO  http.BaseHttpServer (BaseHttpServer.java:updateConnectorAddress(329)) - HTTP server of ozoneManager listening at http://0.0.0.0:39517
2022-05-26 08:03:42,757 [IPC Server Responder] INFO  ipc.Server (Server.java:run(1507)) - IPC Server Responder: starting
2022-05-26 08:03:42,757 [IPC Server listener on 46875] INFO  ipc.Server (Server.java:run(1344)) - IPC Server listener on 46875: starting
2022-05-26 08:03:42,769 [Listener at localhost/46875] INFO  om.OzoneManager (OzoneManager.java:startTrashEmptier(1845)) - Trash Interval set to 0. Files deleted won't move to trash
2022-05-26 08:03:42,769 [Listener at localhost/46875] INFO  om.OzoneManager (OzoneManager.java:stop(1960)) - omNode-1[localhost:38409]: Stopping Ozone Manager
2022-05-26 08:03:42,769 [org.apache.hadoop.util.JvmPauseMonitor$Monitor@3152985e] INFO  util.JvmPauseMonitor (JvmPauseMonitor.java:run(188)) - Starting JVM pause monitor
2022-05-26 08:03:42,769 [Listener at localhost/46875] INFO  ipc.Server (Server.java:stop(3414)) - Stopping server on 38409
2022-05-26 08:03:42,774 [IPC Server Responder] INFO  ipc.Server (Server.java:run(1512)) - Stopping IPC Server Responder
2022-05-26 08:03:42,774 [IPC Server listener on 38409] INFO  ipc.Server (Server.java:run(1376)) - Stopping IPC Server listener on 38409
2022-05-26 08:03:42,775 [Listener at localhost/46875] INFO  server.RaftServer (RaftServerProxy.java:lambda$close$7(398)) - omNode-1: close
2022-05-26 08:03:42,775 [Listener at localhost/46875] INFO  server.RaftServer$Division (RaftServerImpl.java:lambda$close$4(434)) - omNode-1@group-523986131536: shutdown
2022-05-26 08:03:42,775 [Listener at localhost/46875] INFO  util.JmxRegister (JmxRegister.java:unregister(73)) - Successfully un-registered JMX Bean with object name Ratis:service=RaftServer,group=group-523986131536,id=omNode-1
2022-05-26 08:03:42,775 [Listener at localhost/46875] INFO  impl.RoleInfo (RoleInfo.java:shutdownFollowerState(110)) - omNode-1: shutdown omNode-1@group-523986131536-FollowerState
2022-05-26 08:03:42,775 [Listener at localhost/46875] INFO  impl.StateMachineUpdater (StateMachineUpdater.java:stopAndJoin(153)) - omNode-1@group-523986131536-StateMachineUpdater: set stopIndex = 34
2022-05-26 08:03:42,775 [omNode-1@group-523986131536-FollowerState] INFO  impl.FollowerState (FollowerState.java:run(152)) - omNode-1@group-523986131536-FollowerState was interrupted
2022-05-26 08:03:42,776 [omNode-1@group-523986131536-StateMachineUpdater] INFO  ratis.OzoneManagerStateMachine (OzoneManagerStateMachine.java:close(490)) - StateMachine has shutdown. Shutdown OzoneManager if not already shutdown.
2022-05-26 08:03:42,776 [omNode-1@group-523986131536-StateMachineUpdater] INFO  ratis.OzoneManagerDoubleBuffer (OzoneManagerDoubleBuffer.java:stop(465)) - Stopping OMDoubleBuffer flush thread
2022-05-26 08:03:42,776 [OMDoubleBufferFlushThread] INFO  ratis.OzoneManagerDoubleBuffer (OzoneManagerDoubleBuffer.java:flushTransactions(385)) - OMDoubleBuffer flush thread OMDoubleBufferFlushThread is interrupted and will exit.
2022-05-26 08:03:42,777 [Listener at localhost/46875] INFO  server.RaftServer$Division (ServerState.java:close(429)) - omNode-1@group-523986131536: closes. applyIndex: 34
2022-05-26 08:03:42,777 [omNode-1@group-523986131536-SegmentedRaftLogWorker] INFO  segmented.SegmentedRaftLogWorker (SegmentedRaftLogWorker.java:run(336)) - omNode-1@group-523986131536-SegmentedRaftLogWorker was interrupted, exiting. There are 0 tasks remaining in the queue.
2022-05-26 08:03:42,780 [Listener at localhost/46875] INFO  segmented.SegmentedRaftLogWorker (SegmentedRaftLogWorker.java:close(246)) - omNode-1@group-523986131536-SegmentedRaftLogWorker close()
2022-05-26 08:03:42,780 [Listener at localhost/46875] INFO  server.GrpcService (GrpcService.java:closeImpl(269)) - omNode-1: shutdown server with port 40183 now
2022-05-26 08:03:42,782 [Listener at localhost/46875] INFO  server.GrpcService (GrpcService.java:closeImpl(278)) - omNode-1: shutdown server with port 40183 successfully
2022-05-26 08:03:42,783 [org.apache.ratis.util.JvmPauseMonitor$$Lambda$691/456821109@51eade15] INFO  util.JvmPauseMonitor (JvmPauseMonitor.java:run(109)) - JvmPauseMonitor-omNode-1: Stopped
2022-05-26 08:03:42,783 [Listener at localhost/46875] INFO  ratis.OzoneManagerStateMachine (OzoneManagerStateMachine.java:close(490)) - StateMachine has shutdown. Shutdown OzoneManager if not already shutdown.
2022-05-26 08:03:42,783 [Listener at localhost/46875] INFO  ratis.OzoneManagerDoubleBuffer (OzoneManagerDoubleBuffer.java:stop(477)) - OMDoubleBuffer flush thread is not running.
2022-05-26 08:03:42,783 [Listener at localhost/46875] INFO  handler.ContextHandler (ContextHandler.java:doStop(1153)) - Stopped o.e.j.w.WebAppContext@f4c287{ozoneManager,/,null,STOPPED}{file:/home/runner/work/ozone/ozone/hadoop-ozone/integration-test/target/test-classes/webapps/ozoneManager}
2022-05-26 08:03:42,784 [Listener at localhost/46875] INFO  server.AbstractConnector (AbstractConnector.java:doStop(381)) - Stopped ServerConnector@7ef5b1a7{HTTP/1.1, (http/1.1)}{0.0.0.0:35485}
2022-05-26 08:03:42,784 [Listener at localhost/46875] INFO  server.session (HouseKeeper.java:stopScavenging(149)) - node0 Stopped scavenging
2022-05-26 08:03:42,785 [Listener at localhost/46875] INFO  handler.ContextHandler (ContextHandler.java:doStop(1153)) - Stopped o.e.j.s.ServletContextHandler@3b36f8b0{static,/static,file:///home/runner/work/ozone/ozone/hadoop-ozone/integration-test/target/test-classes/webapps/static,STOPPED}
2022-05-26 08:03:42,785 [Listener at localhost/46875] INFO  handler.ContextHandler (ContextHandler.java:doStop(1153)) - Stopped o.e.j.s.ServletContextHandler@391dff72{logs,/logs,file:///home/runner/work/ozone/ozone/hadoop-ozone/integration-test/target/log,STOPPED}
2022-05-26 08:03:42,786 [Listener at localhost/46875] INFO  om.OzoneManager (OzoneManager.java:restart(1497)) - OzoneManager RPC server is listening at localhost/127.0.0.1:38409
2022-05-26 08:03:42,786 [Listener at localhost/46875] INFO  impl.MetricsSystemImpl (MetricsSystemImpl.java:init(158)) - OzoneManager metrics system started (again)
2022-05-26 08:03:42,798 [Listener at localhost/46875] WARN  server.ServerUtils (ServerUtils.java:getDBPath(225)) - ozone.om.db.dirs is not configured. We recommend adding this setting. Falling back to ozone.metadata.dirs instead.
2022-05-26 08:03:42,799 [Listener at localhost/46875] INFO  codec.OmKeyInfoCodec (OmKeyInfoCodec.java:<init>(49)) - OmKeyInfoCodec ignorePipeline = true
2022-05-26 08:03:42,799 [Listener at localhost/46875] INFO  codec.RepeatedOmKeyInfoCodec (RepeatedOmKeyInfoCodec.java:<init>(41)) - RepeatedOmKeyInfoCodec ignorePipeline = true
2022-05-26 08:03:42,826 [Listener at localhost/46875] WARN  impl.MetricRegistriesImpl (MetricRegistriesImpl.java:addReporterRegistration(111)) - New reporters are added after registries were created. Some metrics will be missing from the reporter. Please add reporter before adding any new registry.
2022-05-26 08:03:42,827 [Listener at localhost/46875] WARN  impl.MetricRegistriesImpl (MetricRegistriesImpl.java:addReporterRegistration(111)) - New reporters are added after registries were created. Some metrics will be missing from the reporter. Please add reporter before adding any new registry.
2022-05-26 08:03:42,828 [Listener at localhost/46875] WARN  server.ServerUtils (ServerUtils.java:getDefaultRatisDirectory(237)) - Storage directory for Ratis is not configured. It is a good idea to map this to an SSD disk. Falling back to ozone.metadata.dirs
2022-05-26 08:03:42,830 [Listener at localhost/46875] INFO  ratis.OzoneManagerRatisServer (OzoneManagerRatisServer.java:<init>(159)) - Instantiating OM Ratis server with groupID: om-service-test1 and peers: localhost:40183, localhost:42233, localhost:37413
2022-05-26 08:03:42,830 [Listener at localhost/46875] INFO  ratis.OzoneManagerStateMachine (OzoneManagerStateMachine.java:loadSnapshotInfoFromDB(627)) - LastAppliedIndex is set from TransactionInfo from OM DB as (t:5, i:34)
2022-05-26 08:03:42,830 [Listener at localhost/46875] INFO  server.RaftServer (ConfUtils.java:logGet(46)) - raft.rpc.type = GRPC (default)
2022-05-26 08:03:42,832 [Listener at localhost/46875] INFO  grpc.GrpcFactory (GrpcFactory.java:checkPooledByteBufAllocatorUseCacheForAllThreads(48)) - PERFORMANCE WARNING: useCacheForAllThreads is true that may cause Netty to create a lot garbage objects and, as a result, trigger GC.
	It is recommended to disable useCacheForAllThreads by setting -Dorg.apache.ratis.thirdparty.io.netty.allocator.useCacheForAllThreads=false in command line.
2022-05-26 08:03:42,832 [Listener at localhost/46875] INFO  grpc.GrpcConfigKeys (ConfUtils.java:logGet(46)) - raft.grpc.admin.port = -1 (default)
2022-05-26 08:03:42,832 [Listener at localhost/46875] INFO  grpc.GrpcConfigKeys (ConfUtils.java:logGet(46)) - raft.grpc.server.port = 40183 (custom)
2022-05-26 08:03:42,832 [Listener at localhost/46875] INFO  grpc.GrpcConfigKeys (ConfUtils.java:logGet(46)) - raft.grpc.client.port = -1 (default)
2022-05-26 08:03:42,832 [Listener at localhost/46875] INFO  grpc.GrpcConfigKeys (ConfUtils.java:logGet(46)) - raft.grpc.server.port = 40183 (custom)
2022-05-26 08:03:42,833 [Listener at localhost/46875] INFO  grpc.GrpcConfigKeys (ConfUtils.java:logGet(46)) - raft.grpc.server.port = 40183 (custom)
2022-05-26 08:03:42,833 [Listener at localhost/46875] INFO  server.GrpcService (ConfUtils.java:logGet(46)) - raft.grpc.message.size.max = 33554432 (custom)
2022-05-26 08:03:42,833 [Listener at localhost/46875] INFO  server.RaftServerConfigKeys (ConfUtils.java:logGet(46)) - raft.server.log.appender.buffer.byte-limit = 33554432 (custom)
2022-05-26 08:03:42,833 [Listener at localhost/46875] INFO  server.GrpcService (ConfUtils.java:logGet(46)) - raft.grpc.flow.control.window = 1MB (=1048576) (default)
2022-05-26 08:03:42,833 [Listener at localhost/46875] INFO  server.RaftServerConfigKeys (ConfUtils.java:logGet(46)) - raft.server.rpc.request.timeout = 3000ms (default)
2022-05-26 08:03:42,833 [Listener at localhost/46875] INFO  grpc.GrpcConfigKeys (ConfUtils.java:logGet(46)) - raft.grpc.server.async.request.thread.pool.cached = true (default)
2022-05-26 08:03:42,833 [Listener at localhost/46875] INFO  grpc.GrpcConfigKeys (ConfUtils.java:logGet(46)) - raft.grpc.server.async.request.thread.pool.size = 32 (default)
2022-05-26 08:03:42,834 [Listener at localhost/46875] INFO  impl.DataStreamServerImpl (ConfUtils.java:logGet(46)) - raft.datastream.type = DISABLED (default)
2022-05-26 08:03:42,834 [Listener at localhost/46875] INFO  server.RaftServerConfigKeys (ConfUtils.java:logGet(46)) - raft.server.threadpool.proxy.cached = true (default)
2022-05-26 08:03:42,834 [Listener at localhost/46875] INFO  server.RaftServerConfigKeys (ConfUtils.java:logGet(46)) - raft.server.threadpool.proxy.size = 0 (default)
2022-05-26 08:03:42,835 [Listener at localhost/46875] INFO  server.RaftServerConfigKeys (ConfUtils.java:logGet(46)) - raft.server.rpc.slowness.timeout = 2s (custom)
2022-05-26 08:03:42,835 [Listener at localhost/46875] INFO  server.RaftServerConfigKeys (ConfUtils.java:logGet(46)) - raft.server.leaderelection.leader.step-down.wait-time = 10s (default)
2022-05-26 08:03:42,835 [Listener at localhost/46875] INFO  server.RaftServerConfigKeys (ConfUtils.java:logGet(46)) - raft.server.storage.dir = [/home/runner/work/ozone/ozone/hadoop-ozone/integration-test/target/test-dir/MiniOzoneClusterImpl-17bb6255-4ab1-443a-98be-5fd7627ecb82/omNode-1/ratis] (custom)
2022-05-26 08:03:42,835 [omNode-1-impl-thread1] INFO  server.RaftServer (RaftServerProxy.java:initGroupDir(247)) - omNode-1: found a subdirectory /home/runner/work/ozone/ozone/hadoop-ozone/integration-test/target/test-dir/MiniOzoneClusterImpl-17bb6255-4ab1-443a-98be-5fd7627ecb82/omNode-1/ratis/c9bc4cf4-3bc3-3c60-a66b-523986131536
2022-05-26 08:03:42,835 [Listener at localhost/46875] INFO  server.RaftServer (RaftServerProxy.java:addNew(96)) - omNode-1: addNew group-523986131536:[omNode-3|rpc:localhost:42233|priority:0, omNode-1|rpc:localhost:40183|priority:0, omNode-2|rpc:localhost:37413|priority:0] returns group-523986131536:java.util.concurrent.CompletableFuture@23a354a1[Not completed]
2022-05-26 08:03:42,835 [pool-530-thread-1] INFO  server.RaftServer$Division (RaftServerImpl.java:<init>(190)) - omNode-1: new RaftServerImpl for group-523986131536:[omNode-3|rpc:localhost:42233|priority:0, omNode-1|rpc:localhost:40183|priority:0, omNode-2|rpc:localhost:37413|priority:0] with OzoneManagerStateMachine:uninitialized
2022-05-26 08:03:42,835 [Listener at localhost/46875] INFO  om.OzoneManager (OzoneManager.java:initializeRatisServer(1901)) - OzoneManager Ratis server initialized at port 40183
2022-05-26 08:03:42,836 [pool-530-thread-1] INFO  server.RaftServerConfigKeys (ConfUtils.java:logGet(46)) - raft.server.rpc.timeout.min = 1s (custom)
2022-05-26 08:03:42,836 [Listener at localhost/46875] INFO  ratis.OzoneManagerRatisServer (OzoneManagerRatisServer.java:start(554)) - Starting OzoneManagerRatisServer omNode-1 at port 40183
2022-05-26 08:03:42,836 [pool-530-thread-1] INFO  server.RaftServerConfigKeys (ConfUtils.java:logGet(46)) - raft.server.rpc.timeout.max = 1200ms (custom)
2022-05-26 08:03:42,836 [pool-530-thread-1] INFO  server.RaftServerConfigKeys (ConfUtils.java:logGet(46)) - raft.server.rpc.sleep.time = 25ms (default)
2022-05-26 08:03:42,836 [pool-530-thread-1] INFO  server.RaftServerConfigKeys (ConfUtils.java:logGet(46)) - raft.server.rpc.slowness.timeout = 2s (custom)
2022-05-26 08:03:42,836 [pool-530-thread-1] INFO  server.RaftServerConfigKeys (ConfUtils.java:logGet(46)) - raft.server.leaderelection.leader.step-down.wait-time = 10s (default)
2022-05-26 08:03:42,836 [pool-530-thread-1] INFO  server.RaftServerConfigKeys (ConfUtils.java:logGet(46)) - raft.server.sleep.deviation.threshold = 300ms (default)
2022-05-26 08:03:42,836 [pool-530-thread-1] INFO  server.RaftServer$Division (ServerState.java:<init>(107)) - omNode-1@group-523986131536: ConfigurationManager, init=-1: [omNode-3|rpc:localhost:42233|priority:0, omNode-1|rpc:localhost:40183|priority:0, omNode-2|rpc:localhost:37413|priority:0], old=null, confs=<EMPTY_MAP>
2022-05-26 08:03:42,836 [pool-530-thread-1] INFO  server.RaftServerConfigKeys (ConfUtils.java:logGet(46)) - raft.server.storage.dir = [/home/runner/work/ozone/ozone/hadoop-ozone/integration-test/target/test-dir/MiniOzoneClusterImpl-17bb6255-4ab1-443a-98be-5fd7627ecb82/omNode-1/ratis] (custom)
2022-05-26 08:03:42,836 [pool-530-thread-1] INFO  server.RaftServerConfigKeys (ConfUtils.java:logGet(46)) - raft.server.log.corruption.policy = EXCEPTION (default)
2022-05-26 08:03:42,836 [pool-530-thread-1] INFO  server.RaftServerConfigKeys (ConfUtils.java:logGet(46)) - raft.server.storage.free-space.min = 0MB (=0) (default)
2022-05-26 08:03:42,838 [pool-530-thread-1] INFO  storage.RaftStorageDirectory (RaftStorageDirectoryImpl.java:tryLock(230)) - Lock on /home/runner/work/ozone/ozone/hadoop-ozone/integration-test/target/test-dir/MiniOzoneClusterImpl-17bb6255-4ab1-443a-98be-5fd7627ecb82/omNode-1/ratis/c9bc4cf4-3bc3-3c60-a66b-523986131536/in_use.lock acquired by nodename 18146@fv-az35-51
2022-05-26 08:03:42,838 [pool-530-thread-1] INFO  storage.RaftStorage (RaftStorageImpl.java:analyzeAndRecoverStorage(110)) - Read RaftStorageMetadata{term=5, votedFor=omNode-1} from /home/runner/work/ozone/ozone/hadoop-ozone/integration-test/target/test-dir/MiniOzoneClusterImpl-17bb6255-4ab1-443a-98be-5fd7627ecb82/omNode-1/ratis/c9bc4cf4-3bc3-3c60-a66b-523986131536/current/raft-meta
2022-05-26 08:03:42,838 [pool-530-thread-1] INFO  server.RaftServer$Division (ServerState.java:setRaftConf(393)) - omNode-1@group-523986131536: set configuration 31: [omNode-3|rpc:localhost:42233|admin:|client:|dataStream:|priority:0, omNode-1|rpc:localhost:40183|admin:|client:|dataStream:|priority:0, omNode-2|rpc:localhost:37413|admin:|client:|dataStream:|priority:0], old=null
2022-05-26 08:03:42,838 [pool-530-thread-1] INFO  server.RaftServerConfigKeys (ConfUtils.java:logGet(46)) - raft.server.notification.no-leader.timeout = 2s (custom)
2022-05-26 08:03:42,838 [pool-530-thread-1] INFO  server.RaftServerConfigKeys (ConfUtils.java:logGet(46)) - raft.server.log.use.memory = false (default)
2022-05-26 08:03:42,838 [pool-530-thread-1] INFO  server.RaftServerConfigKeys (ConfUtils.java:logGet(46)) - raft.server.log.purge.gap = 50 (custom)
2022-05-26 08:03:42,838 [pool-530-thread-1] INFO  server.RaftServerConfigKeys (ConfUtils.java:logGet(46)) - raft.server.log.appender.buffer.byte-limit = 33554432 (custom)
2022-05-26 08:03:42,839 [pool-530-thread-1] INFO  server.RaftServerConfigKeys (ConfUtils.java:logGet(46)) - raft.server.log.statemachine.data.read.timeout = 1000ms (default)
2022-05-26 08:03:42,839 [pool-530-thread-1] INFO  server.RaftServerConfigKeys (ConfUtils.java:logGet(46)) - raft.server.log.segment.size.max = 4194304 (custom)
2022-05-26 08:03:42,839 [pool-530-thread-1] INFO  server.RaftServerConfigKeys (ConfUtils.java:logGet(46)) - raft.server.log.segment.cache.num.max = 2 (custom)
2022-05-26 08:03:42,839 [pool-530-thread-1] INFO  server.RaftServerConfigKeys (ConfUtils.java:logGet(46)) - raft.server.log.segment.cache.size.max = 200MB (=209715200) (default)
2022-05-26 08:03:42,839 [pool-530-thread-1] INFO  segmented.SegmentedRaftLogWorker (SegmentedRaftLogWorker.java:<init>(187)) - new omNode-1@group-523986131536-SegmentedRaftLogWorker for RaftStorageImpl:Storage Directory /home/runner/work/ozone/ozone/hadoop-ozone/integration-test/target/test-dir/MiniOzoneClusterImpl-17bb6255-4ab1-443a-98be-5fd7627ecb82/omNode-1/ratis/c9bc4cf4-3bc3-3c60-a66b-523986131536
2022-05-26 08:03:42,839 [pool-530-thread-1] INFO  server.RaftServerConfigKeys (ConfUtils.java:logGet(46)) - raft.server.log.queue.byte-limit = 64MB (=67108864) (default)
2022-05-26 08:03:42,839 [pool-530-thread-1] INFO  server.RaftServerConfigKeys (ConfUtils.java:logGet(46)) - raft.server.log.queue.element-limit = 4096 (default)
2022-05-26 08:03:42,839 [pool-530-thread-1] INFO  server.RaftServerConfigKeys (ConfUtils.java:logGet(46)) - raft.server.log.segment.size.max = 4194304 (custom)
2022-05-26 08:03:42,839 [pool-530-thread-1] INFO  server.RaftServerConfigKeys (ConfUtils.java:logGet(46)) - raft.server.log.preallocated.size = 4194304 (custom)
2022-05-26 08:03:42,839 [pool-530-thread-1] INFO  server.RaftServerConfigKeys (ConfUtils.java:logGet(46)) - raft.server.log.force.sync.num = 128 (default)
2022-05-26 08:03:42,839 [pool-530-thread-1] INFO  server.RaftServerConfigKeys (ConfUtils.java:logGet(46)) - raft.server.log.statemachine.data.sync = true (default)
2022-05-26 08:03:42,839 [pool-530-thread-1] INFO  server.RaftServerConfigKeys (ConfUtils.java:logGet(46)) - raft.server.log.statemachine.data.sync.timeout = 10s (default)
2022-05-26 08:03:42,839 [pool-530-thread-1] INFO  server.RaftServerConfigKeys (ConfUtils.java:logGet(46)) - raft.server.log.statemachine.data.sync.timeout.retry = -1 (default)
2022-05-26 08:03:42,840 [pool-530-thread-1] INFO  server.RaftServerConfigKeys (ConfUtils.java:logGet(46)) - raft.server.log.write.buffer.size = 64KB (=65536) (default)
2022-05-26 08:03:42,840 [pool-530-thread-1] INFO  server.RaftServerConfigKeys (ConfUtils.java:logGet(46)) - raft.server.log.unsafe-flush.enabled = false (default)
2022-05-26 08:03:42,840 [pool-530-thread-1] INFO  server.RaftServerConfigKeys (ConfUtils.java:logGet(46)) - raft.server.log.statemachine.data.caching.enabled = false (default)
2022-05-26 08:03:42,841 [pool-530-thread-1] INFO  server.RaftServer$Division (ServerState.java:setRaftConf(393)) - omNode-1@group-523986131536: set configuration 0: [omNode-3|rpc:localhost:42233|admin:|client:|dataStream:|priority:0, omNode-1|rpc:localhost:40183|admin:|client:|dataStream:|priority:0, omNode-2|rpc:localhost:37413|admin:|client:|dataStream:|priority:0], old=null
2022-05-26 08:03:42,841 [pool-530-thread-1] INFO  segmented.LogSegment (LogSegment.java:loadSegment(173)) - Successfully read 7 entries from segment file /home/runner/work/ozone/ozone/hadoop-ozone/integration-test/target/test-dir/MiniOzoneClusterImpl-17bb6255-4ab1-443a-98be-5fd7627ecb82/omNode-1/ratis/c9bc4cf4-3bc3-3c60-a66b-523986131536/current/log_0-6
2022-05-26 08:03:42,841 [pool-530-thread-1] INFO  server.RaftServer$Division (ServerState.java:setRaftConf(393)) - omNode-1@group-523986131536: set configuration 7: [omNode-3|rpc:localhost:42233|admin:|client:|dataStream:|priority:0, omNode-1|rpc:localhost:40183|admin:|client:|dataStream:|priority:0, omNode-2|rpc:localhost:37413|admin:|client:|dataStream:|priority:0], old=null
2022-05-26 08:03:42,843 [pool-530-thread-1] INFO  segmented.LogSegment (LogSegment.java:loadSegment(173)) - Successfully read 8 entries from segment file /home/runner/work/ozone/ozone/hadoop-ozone/integration-test/target/test-dir/MiniOzoneClusterImpl-17bb6255-4ab1-443a-98be-5fd7627ecb82/omNode-1/ratis/c9bc4cf4-3bc3-3c60-a66b-523986131536/current/log_7-14
2022-05-26 08:03:42,843 [pool-530-thread-1] INFO  server.RaftServer$Division (ServerState.java:setRaftConf(393)) - omNode-1@group-523986131536: set configuration 15: [omNode-3|rpc:localhost:42233|admin:|client:|dataStream:|priority:0, omNode-1|rpc:localhost:40183|admin:|client:|dataStream:|priority:0, omNode-2|rpc:localhost:37413|admin:|client:|dataStream:|priority:0], old=null
2022-05-26 08:03:42,843 [pool-530-thread-1] INFO  segmented.LogSegment (LogSegment.java:loadSegment(173)) - Successfully read 12 entries from segment file /home/runner/work/ozone/ozone/hadoop-ozone/integration-test/target/test-dir/MiniOzoneClusterImpl-17bb6255-4ab1-443a-98be-5fd7627ecb82/omNode-1/ratis/c9bc4cf4-3bc3-3c60-a66b-523986131536/current/log_15-26
2022-05-26 08:03:42,843 [pool-530-thread-1] INFO  server.RaftServer$Division (ServerState.java:setRaftConf(393)) - omNode-1@group-523986131536: set configuration 27: [omNode-3|rpc:localhost:42233|admin:|client:|dataStream:|priority:0, omNode-1|rpc:localhost:40183|admin:|client:|dataStream:|priority:0, omNode-2|rpc:localhost:37413|admin:|client:|dataStream:|priority:0], old=null
2022-05-26 08:03:42,843 [pool-530-thread-1] INFO  segmented.LogSegment (LogSegment.java:loadSegment(173)) - Successfully read 4 entries from segment file /home/runner/work/ozone/ozone/hadoop-ozone/integration-test/target/test-dir/MiniOzoneClusterImpl-17bb6255-4ab1-443a-98be-5fd7627ecb82/omNode-1/ratis/c9bc4cf4-3bc3-3c60-a66b-523986131536/current/log_27-30
2022-05-26 08:03:42,844 [pool-530-thread-1] INFO  server.RaftServer$Division (ServerState.java:setRaftConf(393)) - omNode-1@group-523986131536: set configuration 31: [omNode-3|rpc:localhost:42233|admin:|client:|dataStream:|priority:0, omNode-1|rpc:localhost:40183|admin:|client:|dataStream:|priority:0, omNode-2|rpc:localhost:37413|admin:|client:|dataStream:|priority:0], old=null
2022-05-26 08:03:42,844 [pool-530-thread-1] INFO  segmented.LogSegment (LogSegment.java:loadSegment(173)) - Successfully read 4 entries from segment file /home/runner/work/ozone/ozone/hadoop-ozone/integration-test/target/test-dir/MiniOzoneClusterImpl-17bb6255-4ab1-443a-98be-5fd7627ecb82/omNode-1/ratis/c9bc4cf4-3bc3-3c60-a66b-523986131536/current/log_inprogress_31
2022-05-26 08:03:42,844 [pool-530-thread-1] INFO  segmented.SegmentedRaftLogWorker (SegmentedRaftLogWorker.java:lambda$new$0(135)) - omNode-1@group-523986131536-SegmentedRaftLogWorker: flushIndex: setUnconditionally 0 -> 34
2022-05-26 08:03:42,844 [pool-530-thread-1] INFO  segmented.SegmentedRaftLogWorker (SegmentedRaftLogWorker.java:lambda$new$0(135)) - omNode-1@group-523986131536-SegmentedRaftLogWorker: safeCacheEvictIndex: setUnconditionally 0 -> 30
2022-05-26 08:03:42,847 [pool-530-thread-1] INFO  raftlog.RaftLog (RaftLogBase.java:lambda$new$0(53)) - omNode-1@group-523986131536-SegmentedRaftLog: commitIndex: updateToMax old=34, new=33, updated? false
2022-05-26 08:03:42,847 [pool-530-thread-1] INFO  server.RaftServerConfigKeys (ConfUtils.java:logGet(46)) - raft.server.snapshot.auto.trigger.enabled = true (custom)
2022-05-26 08:03:42,847 [pool-530-thread-1] INFO  server.RaftServerConfigKeys (ConfUtils.java:logGet(46)) - raft.server.snapshot.auto.trigger.threshold = 50 (custom)
2022-05-26 08:03:42,847 [pool-530-thread-1] INFO  server.RaftServerConfigKeys (ConfUtils.java:logGet(46)) - raft.server.snapshot.retention.file.num = -1 (default)
2022-05-26 08:03:42,847 [pool-530-thread-1] INFO  server.RaftServerConfigKeys (ConfUtils.java:logGet(46)) - raft.server.log.purge.upto.snapshot.index = true (custom)
2022-05-26 08:03:42,847 [pool-530-thread-1] INFO  server.RaftServerConfigKeys (ConfUtils.java:logGet(46)) - raft.server.retrycache.expirytime = 30000ms (custom)
2022-05-26 08:03:42,847 [pool-530-thread-1] INFO  server.RaftServerConfigKeys (ConfUtils.java:logGet(46)) - raft.server.retrycache.statistics.expirytime = 100μs (default)
2022-05-26 08:03:42,848 [pool-530-thread-1] INFO  server.RaftServerConfigKeys (ConfUtils.java:logGet(46)) - raft.server.log.appender.install.snapshot.enabled = false (custom)
2022-05-26 08:03:42,848 [pool-530-thread-1] INFO  server.RaftServerConfigKeys (ConfUtils.java:logGet(46)) - raft.server.threadpool.server.cached = true (default)
2022-05-26 08:03:42,848 [pool-530-thread-1] INFO  server.RaftServerConfigKeys (ConfUtils.java:logGet(46)) - raft.server.threadpool.server.size = 0 (default)
2022-05-26 08:03:42,848 [pool-530-thread-1] INFO  server.RaftServerConfigKeys (ConfUtils.java:logGet(46)) - raft.server.threadpool.client.cached = true (default)
2022-05-26 08:03:42,848 [pool-530-thread-1] INFO  server.RaftServerConfigKeys (ConfUtils.java:logGet(46)) - raft.server.threadpool.client.size = 0 (default)
2022-05-26 08:03:42,848 [omNode-1-impl-thread1] INFO  server.RaftServer$Division (RaftServerImpl.java:start(310)) - omNode-1@group-523986131536: start as a follower, conf=31: [omNode-3|rpc:localhost:42233|admin:|client:|dataStream:|priority:0, omNode-1|rpc:localhost:40183|admin:|client:|dataStream:|priority:0, omNode-2|rpc:localhost:37413|admin:|client:|dataStream:|priority:0], old=null
2022-05-26 08:03:42,848 [omNode-1-impl-thread1] INFO  server.RaftServer$Division (RaftServerImpl.java:setRole(299)) - omNode-1@group-523986131536: changes role from      null to FOLLOWER at term 5 for startAsFollower
2022-05-26 08:03:42,848 [omNode-1-impl-thread1] INFO  impl.RoleInfo (RoleInfo.java:updateAndGet(139)) - omNode-1: start omNode-1@group-523986131536-FollowerState
2022-05-26 08:03:42,848 [omNode-1-impl-thread1] INFO  util.JmxRegister (JmxRegister.java:tryRegister(44)) - Successfully registered JMX Bean with object name Ratis:service=RaftServer,group=group-523986131536,id=omNode-1
2022-05-26 08:03:42,852 [Listener at localhost/46875] INFO  server.RaftServer (RaftServerProxy.java:lambda$start$6(382)) - omNode-1: start RPC server
2022-05-26 08:03:42,856 [Listener at localhost/46875] INFO  server.GrpcService (GrpcService.java:startImpl(260)) - omNode-1: GrpcService started, listening on 40183
2022-05-26 08:03:42,860 [Listener at localhost/46875] INFO  om.OzoneManager (OzoneManager.java:getRpcServer(1030)) - Creating RPC Server
2022-05-26 08:03:42,861 [org.apache.ratis.util.JvmPauseMonitor$$Lambda$691/456821109@65113eab] INFO  util.JvmPauseMonitor (JvmPauseMonitor.java:run(103)) - JvmPauseMonitor-omNode-1: Started
2022-05-26 08:03:43,092 [Listener at localhost/46875] INFO  reflections.Reflections (Reflections.java:scan(232)) - Reflections took 231 ms to scan 19 urls, producing 61 keys and 3747 values [using 2 cores]
2022-05-26 08:03:43,094 [Listener at localhost/46875] INFO  ipc.CallQueueManager (CallQueueManager.java:<init>(90)) - Using callQueue: class java.util.concurrent.LinkedBlockingQueue, queueCapacity: 2000, scheduler: class org.apache.hadoop.ipc.DefaultRpcScheduler, ipcBackoff: false.
2022-05-26 08:03:43,094 [Socket Reader #1 for port 38409] INFO  ipc.Server (Server.java:run(1265)) - Starting Socket Reader #1 for port 38409
2022-05-26 08:03:43,098 [Listener at localhost/38409] INFO  http.BaseHttpServer (BaseHttpServer.java:newHttpServer2BuilderForOzone(209)) - Starting Web-server for ozoneManager at: http://0.0.0.0:35485
2022-05-26 08:03:43,098 [Listener at localhost/38409] INFO  http.BaseHttpServer (BaseHttpServer.java:<init>(107)) - Hadoop Security Enabled: false Ozone Security Enabled: false Ozone HTTP Security Enabled: false 
2022-05-26 08:03:43,099 [Listener at localhost/38409] INFO  server.AuthenticationFilter (AuthenticationFilter.java:constructSecretProvider(240)) - Unable to initialize FileSignerSecretProvider, falling back to use random secrets.
2022-05-26 08:03:43,099 [Listener at localhost/38409] WARN  http.HttpRequestLog (HttpRequestLog.java:getRequestLog(103)) - Jetty request log can only be enabled using Log4j
2022-05-26 08:03:43,100 [Listener at localhost/38409] INFO  http.HttpServer2 (HttpServer2.java:addGlobalFilter(1030)) - Added global filter 'safety' (class=org.apache.hadoop.hdds.server.http.HttpServer2$QuotingInputFilter)
2022-05-26 08:03:43,101 [Listener at localhost/38409] INFO  http.HttpServer2 (HttpServer2.java:addFilter(1006)) - Added filter static_user_filter (class=org.apache.hadoop.http.lib.StaticUserWebFilter$StaticUserFilter) to context ozoneManager
2022-05-26 08:03:43,101 [Listener at localhost/38409] INFO  http.HttpServer2 (HttpServer2.java:addFilter(1014)) - Added filter static_user_filter (class=org.apache.hadoop.http.lib.StaticUserWebFilter$StaticUserFilter) to context static
2022-05-26 08:03:43,101 [Listener at localhost/38409] INFO  http.HttpServer2 (HttpServer2.java:addFilter(1014)) - Added filter static_user_filter (class=org.apache.hadoop.http.lib.StaticUserWebFilter$StaticUserFilter) to context logs
2022-05-26 08:03:43,102 [Listener at localhost/38409] INFO  http.HttpServer2 (HttpServer2.java:bindListener(1249)) - Jetty bound to port 35485
2022-05-26 08:03:43,102 [Listener at localhost/38409] INFO  server.Server (Server.java:doStart(375)) - jetty-9.4.43.v20210629; built: 2021-06-30T11:07:22.254Z; git: 526006ecfa3af7f1a27ef3a288e2bef7ea9dd7e8; jvm 1.8.0_332-b09
2022-05-26 08:03:43,103 [Listener at localhost/38409] INFO  server.session (DefaultSessionIdManager.java:doStart(334)) - DefaultSessionIdManager workerName=node0
2022-05-26 08:03:43,103 [Listener at localhost/38409] INFO  server.session (DefaultSessionIdManager.java:doStart(339)) - No SessionScavenger set, using defaults
2022-05-26 08:03:43,103 [Listener at localhost/38409] INFO  server.session (HouseKeeper.java:startScavenging(132)) - node0 Scavenging every 600000ms
2022-05-26 08:03:43,104 [Listener at localhost/38409] INFO  handler.ContextHandler (ContextHandler.java:doStart(915)) - Started o.e.j.s.ServletContextHandler@20789365{logs,/logs,file:///home/runner/work/ozone/ozone/hadoop-ozone/integration-test/target/log,AVAILABLE}
2022-05-26 08:03:43,104 [Listener at localhost/38409] INFO  handler.ContextHandler (ContextHandler.java:doStart(915)) - Started o.e.j.s.ServletContextHandler@37347be1{static,/static,file:///home/runner/work/ozone/ozone/hadoop-ozone/integration-test/target/test-classes/webapps/static,AVAILABLE}
2022-05-26 08:03:43,106 [Listener at localhost/38409] INFO  handler.ContextHandler (ContextHandler.java:doStart(915)) - Started o.e.j.w.WebAppContext@15317dc9{ozoneManager,/,file:///home/runner/work/ozone/ozone/hadoop-ozone/integration-test/target/test-classes/webapps/ozoneManager/,AVAILABLE}{file:/home/runner/work/ozone/ozone/hadoop-ozone/integration-test/target/test-classes/webapps/ozoneManager}
2022-05-26 08:03:43,108 [Listener at localhost/38409] INFO  server.AbstractConnector (AbstractConnector.java:doStart(331)) - Started ServerConnector@183c30f1{HTTP/1.1, (http/1.1)}{0.0.0.0:35485}
2022-05-26 08:03:43,108 [Listener at localhost/38409] INFO  server.Server (Server.java:doStart(415)) - Started @85048ms
2022-05-26 08:03:43,108 [Listener at localhost/38409] WARN  impl.MetricsSystemImpl (MetricsSystemImpl.java:register(279)) - Sink prometheus already exists!
2022-05-26 08:03:43,108 [Listener at localhost/38409] INFO  http.BaseHttpServer (BaseHttpServer.java:updateConnectorAddress(329)) - HTTP server of ozoneManager listening at http://0.0.0.0:35485
2022-05-26 08:03:43,109 [IPC Server Responder] INFO  ipc.Server (Server.java:run(1507)) - IPC Server Responder: starting
2022-05-26 08:03:43,110 [IPC Server listener on 38409] INFO  ipc.Server (Server.java:run(1344)) - IPC Server listener on 38409: starting
2022-05-26 08:03:43,120 [Listener at localhost/38409] INFO  om.OzoneManager (OzoneManager.java:startTrashEmptier(1845)) - Trash Interval set to 0. Files deleted won't move to trash
2022-05-26 08:03:43,124 [Listener at localhost/38409] INFO  om.OzoneManager (OzoneManager.java:stop(1960)) - omNode-2[localhost:38277]: Stopping Ozone Manager
2022-05-26 08:03:43,124 [Listener at localhost/38409] INFO  ipc.Server (Server.java:stop(3414)) - Stopping server on 38277
2022-05-26 08:03:43,125 [org.apache.hadoop.util.JvmPauseMonitor$Monitor@6e0d9d4a] INFO  util.JvmPauseMonitor (JvmPauseMonitor.java:run(188)) - Starting JVM pause monitor
2022-05-26 08:03:43,126 [IPC Server listener on 38277] INFO  ipc.Server (Server.java:run(1376)) - Stopping IPC Server listener on 38277
2022-05-26 08:03:43,126 [IPC Server Responder] INFO  ipc.Server (Server.java:run(1512)) - Stopping IPC Server Responder
2022-05-26 08:03:43,127 [Listener at localhost/38409] INFO  server.RaftServer (RaftServerProxy.java:lambda$close$7(398)) - omNode-2: close
2022-05-26 08:03:43,127 [Listener at localhost/38409] INFO  server.RaftServer$Division (RaftServerImpl.java:lambda$close$4(434)) - omNode-2@group-523986131536: shutdown
2022-05-26 08:03:43,127 [Listener at localhost/38409] INFO  util.JmxRegister (JmxRegister.java:unregister(73)) - Successfully un-registered JMX Bean with object name Ratis:service=RaftServer,group=group-523986131536,id=omNode-2
2022-05-26 08:03:43,127 [Listener at localhost/38409] INFO  impl.RoleInfo (RoleInfo.java:shutdownFollowerState(110)) - omNode-2: shutdown omNode-2@group-523986131536-FollowerState
2022-05-26 08:03:43,127 [Listener at localhost/38409] INFO  impl.StateMachineUpdater (StateMachineUpdater.java:stopAndJoin(153)) - omNode-2@group-523986131536-StateMachineUpdater: set stopIndex = 34
2022-05-26 08:03:43,127 [omNode-2@group-523986131536-FollowerState] INFO  impl.FollowerState (FollowerState.java:run(152)) - omNode-2@group-523986131536-FollowerState was interrupted
2022-05-26 08:03:43,127 [omNode-2@group-523986131536-StateMachineUpdater] INFO  ratis.OzoneManagerStateMachine (OzoneManagerStateMachine.java:close(490)) - StateMachine has shutdown. Shutdown OzoneManager if not already shutdown.
2022-05-26 08:03:43,128 [omNode-2@group-523986131536-StateMachineUpdater] INFO  ratis.OzoneManagerDoubleBuffer (OzoneManagerDoubleBuffer.java:stop(465)) - Stopping OMDoubleBuffer flush thread
2022-05-26 08:03:43,128 [OMDoubleBufferFlushThread] INFO  ratis.OzoneManagerDoubleBuffer (OzoneManagerDoubleBuffer.java:flushTransactions(385)) - OMDoubleBuffer flush thread OMDoubleBufferFlushThread is interrupted and will exit.
2022-05-26 08:03:43,128 [Listener at localhost/38409] INFO  server.RaftServer$Division (ServerState.java:close(429)) - omNode-2@group-523986131536: closes. applyIndex: 34
2022-05-26 08:03:43,128 [omNode-2@group-523986131536-SegmentedRaftLogWorker] INFO  segmented.SegmentedRaftLogWorker (SegmentedRaftLogWorker.java:run(336)) - omNode-2@group-523986131536-SegmentedRaftLogWorker was interrupted, exiting. There are 0 tasks remaining in the queue.
2022-05-26 08:03:43,129 [Listener at localhost/38409] INFO  segmented.SegmentedRaftLogWorker (SegmentedRaftLogWorker.java:close(246)) - omNode-2@group-523986131536-SegmentedRaftLogWorker close()
2022-05-26 08:03:43,130 [Listener at localhost/38409] INFO  server.GrpcService (GrpcService.java:closeImpl(269)) - omNode-2: shutdown server with port 37413 now
2022-05-26 08:03:43,131 [Listener at localhost/38409] INFO  server.GrpcService (GrpcService.java:closeImpl(278)) - omNode-2: shutdown server with port 37413 successfully
2022-05-26 08:03:43,131 [org.apache.ratis.util.JvmPauseMonitor$$Lambda$691/456821109@425a2a7b] INFO  util.JvmPauseMonitor (JvmPauseMonitor.java:run(109)) - JvmPauseMonitor-omNode-2: Stopped
2022-05-26 08:03:43,132 [Listener at localhost/38409] INFO  ratis.OzoneManagerStateMachine (OzoneManagerStateMachine.java:close(490)) - StateMachine has shutdown. Shutdown OzoneManager if not already shutdown.
2022-05-26 08:03:43,132 [Listener at localhost/38409] INFO  ratis.OzoneManagerDoubleBuffer (OzoneManagerDoubleBuffer.java:stop(477)) - OMDoubleBuffer flush thread is not running.
2022-05-26 08:03:43,132 [Listener at localhost/38409] INFO  handler.ContextHandler (ContextHandler.java:doStop(1153)) - Stopped o.e.j.w.WebAppContext@7eecccfb{ozoneManager,/,null,STOPPED}{file:/home/runner/work/ozone/ozone/hadoop-ozone/integration-test/target/test-classes/webapps/ozoneManager}
2022-05-26 08:03:43,133 [Listener at localhost/38409] INFO  server.AbstractConnector (AbstractConnector.java:doStop(381)) - Stopped ServerConnector@35b1df36{HTTP/1.1, (http/1.1)}{0.0.0.0:45205}
2022-05-26 08:03:43,133 [Listener at localhost/38409] INFO  server.session (HouseKeeper.java:stopScavenging(149)) - node0 Stopped scavenging
2022-05-26 08:03:43,133 [Listener at localhost/38409] INFO  handler.ContextHandler (ContextHandler.java:doStop(1153)) - Stopped o.e.j.s.ServletContextHandler@2ed0e7c9{static,/static,file:///home/runner/work/ozone/ozone/hadoop-ozone/integration-test/target/test-classes/webapps/static,STOPPED}
2022-05-26 08:03:43,133 [Listener at localhost/38409] INFO  handler.ContextHandler (ContextHandler.java:doStop(1153)) - Stopped o.e.j.s.ServletContextHandler@7f96d82e{logs,/logs,file:///home/runner/work/ozone/ozone/hadoop-ozone/integration-test/target/log,STOPPED}
2022-05-26 08:03:43,135 [Listener at localhost/38409] INFO  om.OzoneManager (OzoneManager.java:restart(1497)) - OzoneManager RPC server is listening at localhost/127.0.0.1:38277
2022-05-26 08:03:43,135 [Listener at localhost/38409] INFO  impl.MetricsSystemImpl (MetricsSystemImpl.java:init(158)) - OzoneManager metrics system started (again)
2022-05-26 08:03:43,146 [Listener at localhost/38409] WARN  server.ServerUtils (ServerUtils.java:getDBPath(225)) - ozone.om.db.dirs is not configured. We recommend adding this setting. Falling back to ozone.metadata.dirs instead.
2022-05-26 08:03:43,147 [Listener at localhost/38409] INFO  codec.OmKeyInfoCodec (OmKeyInfoCodec.java:<init>(49)) - OmKeyInfoCodec ignorePipeline = true
2022-05-26 08:03:43,147 [Listener at localhost/38409] INFO  codec.RepeatedOmKeyInfoCodec (RepeatedOmKeyInfoCodec.java:<init>(41)) - RepeatedOmKeyInfoCodec ignorePipeline = true
2022-05-26 08:03:43,181 [Listener at localhost/38409] WARN  impl.MetricRegistriesImpl (MetricRegistriesImpl.java:addReporterRegistration(111)) - New reporters are added after registries were created. Some metrics will be missing from the reporter. Please add reporter before adding any new registry.
2022-05-26 08:03:43,181 [Listener at localhost/38409] WARN  impl.MetricRegistriesImpl (MetricRegistriesImpl.java:addReporterRegistration(111)) - New reporters are added after registries were created. Some metrics will be missing from the reporter. Please add reporter before adding any new registry.
2022-05-26 08:03:43,181 [Listener at localhost/38409] WARN  server.ServerUtils (ServerUtils.java:getDefaultRatisDirectory(237)) - Storage directory for Ratis is not configured. It is a good idea to map this to an SSD disk. Falling back to ozone.metadata.dirs
2022-05-26 08:03:43,181 [Listener at localhost/38409] INFO  ratis.OzoneManagerRatisServer (OzoneManagerRatisServer.java:<init>(159)) - Instantiating OM Ratis server with groupID: om-service-test1 and peers: localhost:37413, localhost:42233, localhost:40183
2022-05-26 08:03:43,182 [Listener at localhost/38409] INFO  ratis.OzoneManagerStateMachine (OzoneManagerStateMachine.java:loadSnapshotInfoFromDB(627)) - LastAppliedIndex is set from TransactionInfo from OM DB as (t:5, i:34)
2022-05-26 08:03:43,182 [Listener at localhost/38409] INFO  server.RaftServer (ConfUtils.java:logGet(46)) - raft.rpc.type = GRPC (default)
2022-05-26 08:03:43,182 [Listener at localhost/38409] INFO  grpc.GrpcFactory (GrpcFactory.java:checkPooledByteBufAllocatorUseCacheForAllThreads(48)) - PERFORMANCE WARNING: useCacheForAllThreads is true that may cause Netty to create a lot garbage objects and, as a result, trigger GC.
	It is recommended to disable useCacheForAllThreads by setting -Dorg.apache.ratis.thirdparty.io.netty.allocator.useCacheForAllThreads=false in command line.
2022-05-26 08:03:43,182 [Listener at localhost/38409] INFO  grpc.GrpcConfigKeys (ConfUtils.java:logGet(46)) - raft.grpc.admin.port = -1 (default)
2022-05-26 08:03:43,182 [Listener at localhost/38409] INFO  grpc.GrpcConfigKeys (ConfUtils.java:logGet(46)) - raft.grpc.server.port = 37413 (custom)
2022-05-26 08:03:43,182 [Listener at localhost/38409] INFO  grpc.GrpcConfigKeys (ConfUtils.java:logGet(46)) - raft.grpc.client.port = -1 (default)
2022-05-26 08:03:43,183 [Listener at localhost/38409] INFO  grpc.GrpcConfigKeys (ConfUtils.java:logGet(46)) - raft.grpc.server.port = 37413 (custom)
2022-05-26 08:03:43,183 [Listener at localhost/38409] INFO  grpc.GrpcConfigKeys (ConfUtils.java:logGet(46)) - raft.grpc.server.port = 37413 (custom)
2022-05-26 08:03:43,183 [Listener at localhost/38409] INFO  server.GrpcService (ConfUtils.java:logGet(46)) - raft.grpc.message.size.max = 33554432 (custom)
2022-05-26 08:03:43,183 [Listener at localhost/38409] INFO  server.RaftServerConfigKeys (ConfUtils.java:logGet(46)) - raft.server.log.appender.buffer.byte-limit = 33554432 (custom)
2022-05-26 08:03:43,183 [Listener at localhost/38409] INFO  server.GrpcService (ConfUtils.java:logGet(46)) - raft.grpc.flow.control.window = 1MB (=1048576) (default)
2022-05-26 08:03:43,183 [Listener at localhost/38409] INFO  server.RaftServerConfigKeys (ConfUtils.java:logGet(46)) - raft.server.rpc.request.timeout = 3000ms (default)
2022-05-26 08:03:43,183 [Listener at localhost/38409] INFO  grpc.GrpcConfigKeys (ConfUtils.java:logGet(46)) - raft.grpc.server.async.request.thread.pool.cached = true (default)
2022-05-26 08:03:43,183 [Listener at localhost/38409] INFO  grpc.GrpcConfigKeys (ConfUtils.java:logGet(46)) - raft.grpc.server.async.request.thread.pool.size = 32 (default)
2022-05-26 08:03:43,184 [Listener at localhost/38409] INFO  impl.DataStreamServerImpl (ConfUtils.java:logGet(46)) - raft.datastream.type = DISABLED (default)
2022-05-26 08:03:43,184 [Listener at localhost/38409] INFO  server.RaftServerConfigKeys (ConfUtils.java:logGet(46)) - raft.server.threadpool.proxy.cached = true (default)
2022-05-26 08:03:43,185 [Listener at localhost/38409] INFO  server.RaftServerConfigKeys (ConfUtils.java:logGet(46)) - raft.server.threadpool.proxy.size = 0 (default)
2022-05-26 08:03:43,185 [Listener at localhost/38409] INFO  server.RaftServerConfigKeys (ConfUtils.java:logGet(46)) - raft.server.rpc.slowness.timeout = 2s (custom)
2022-05-26 08:03:43,185 [Listener at localhost/38409] INFO  server.RaftServerConfigKeys (ConfUtils.java:logGet(46)) - raft.server.leaderelection.leader.step-down.wait-time = 10s (default)
2022-05-26 08:03:43,185 [Listener at localhost/38409] INFO  server.RaftServerConfigKeys (ConfUtils.java:logGet(46)) - raft.server.storage.dir = [/home/runner/work/ozone/ozone/hadoop-ozone/integration-test/target/test-dir/MiniOzoneClusterImpl-17bb6255-4ab1-443a-98be-5fd7627ecb82/omNode-2/ratis] (custom)
2022-05-26 08:03:43,185 [omNode-2-impl-thread1] INFO  server.RaftServer (RaftServerProxy.java:initGroupDir(247)) - omNode-2: found a subdirectory /home/runner/work/ozone/ozone/hadoop-ozone/integration-test/target/test-dir/MiniOzoneClusterImpl-17bb6255-4ab1-443a-98be-5fd7627ecb82/omNode-2/ratis/c9bc4cf4-3bc3-3c60-a66b-523986131536
2022-05-26 08:03:43,185 [Listener at localhost/38409] INFO  server.RaftServer (RaftServerProxy.java:addNew(96)) - omNode-2: addNew group-523986131536:[omNode-3|rpc:localhost:42233|priority:0, omNode-1|rpc:localhost:40183|priority:0, omNode-2|rpc:localhost:37413|priority:0] returns group-523986131536:java.util.concurrent.CompletableFuture@51aa4484[Not completed]
2022-05-26 08:03:43,186 [pool-551-thread-1] INFO  server.RaftServer$Division (RaftServerImpl.java:<init>(190)) - omNode-2: new RaftServerImpl for group-523986131536:[omNode-3|rpc:localhost:42233|priority:0, omNode-1|rpc:localhost:40183|priority:0, omNode-2|rpc:localhost:37413|priority:0] with OzoneManagerStateMachine:uninitialized
2022-05-26 08:03:43,186 [Listener at localhost/38409] INFO  om.OzoneManager (OzoneManager.java:initializeRatisServer(1901)) - OzoneManager Ratis server initialized at port 37413
2022-05-26 08:03:43,186 [pool-551-thread-1] INFO  server.RaftServerConfigKeys (ConfUtils.java:logGet(46)) - raft.server.rpc.timeout.min = 1s (custom)
2022-05-26 08:03:43,186 [Listener at localhost/38409] INFO  ratis.OzoneManagerRatisServer (OzoneManagerRatisServer.java:start(554)) - Starting OzoneManagerRatisServer omNode-2 at port 37413
2022-05-26 08:03:43,187 [pool-551-thread-1] INFO  server.RaftServerConfigKeys (ConfUtils.java:logGet(46)) - raft.server.rpc.timeout.max = 1200ms (custom)
2022-05-26 08:03:43,187 [pool-551-thread-1] INFO  server.RaftServerConfigKeys (ConfUtils.java:logGet(46)) - raft.server.rpc.sleep.time = 25ms (default)
2022-05-26 08:03:43,187 [pool-551-thread-1] INFO  server.RaftServerConfigKeys (ConfUtils.java:logGet(46)) - raft.server.rpc.slowness.timeout = 2s (custom)
2022-05-26 08:03:43,187 [pool-551-thread-1] INFO  server.RaftServerConfigKeys (ConfUtils.java:logGet(46)) - raft.server.leaderelection.leader.step-down.wait-time = 10s (default)
2022-05-26 08:03:43,187 [pool-551-thread-1] INFO  server.RaftServerConfigKeys (ConfUtils.java:logGet(46)) - raft.server.sleep.deviation.threshold = 300ms (default)
2022-05-26 08:03:43,187 [pool-551-thread-1] INFO  server.RaftServer$Division (ServerState.java:<init>(107)) - omNode-2@group-523986131536: ConfigurationManager, init=-1: [omNode-3|rpc:localhost:42233|priority:0, omNode-1|rpc:localhost:40183|priority:0, omNode-2|rpc:localhost:37413|priority:0], old=null, confs=<EMPTY_MAP>
2022-05-26 08:03:43,187 [pool-551-thread-1] INFO  server.RaftServerConfigKeys (ConfUtils.java:logGet(46)) - raft.server.storage.dir = [/home/runner/work/ozone/ozone/hadoop-ozone/integration-test/target/test-dir/MiniOzoneClusterImpl-17bb6255-4ab1-443a-98be-5fd7627ecb82/omNode-2/ratis] (custom)
2022-05-26 08:03:43,187 [pool-551-thread-1] INFO  server.RaftServerConfigKeys (ConfUtils.java:logGet(46)) - raft.server.log.corruption.policy = EXCEPTION (default)
2022-05-26 08:03:43,187 [pool-551-thread-1] INFO  server.RaftServerConfigKeys (ConfUtils.java:logGet(46)) - raft.server.storage.free-space.min = 0MB (=0) (default)
2022-05-26 08:03:43,189 [pool-551-thread-1] INFO  storage.RaftStorageDirectory (RaftStorageDirectoryImpl.java:tryLock(230)) - Lock on /home/runner/work/ozone/ozone/hadoop-ozone/integration-test/target/test-dir/MiniOzoneClusterImpl-17bb6255-4ab1-443a-98be-5fd7627ecb82/omNode-2/ratis/c9bc4cf4-3bc3-3c60-a66b-523986131536/in_use.lock acquired by nodename 18146@fv-az35-51
2022-05-26 08:03:43,190 [pool-551-thread-1] INFO  storage.RaftStorage (RaftStorageImpl.java:analyzeAndRecoverStorage(110)) - Read RaftStorageMetadata{term=5, votedFor=omNode-1} from /home/runner/work/ozone/ozone/hadoop-ozone/integration-test/target/test-dir/MiniOzoneClusterImpl-17bb6255-4ab1-443a-98be-5fd7627ecb82/omNode-2/ratis/c9bc4cf4-3bc3-3c60-a66b-523986131536/current/raft-meta
2022-05-26 08:03:43,190 [pool-551-thread-1] INFO  server.RaftServer$Division (ServerState.java:setRaftConf(393)) - omNode-2@group-523986131536: set configuration 31: [omNode-3|rpc:localhost:42233|admin:|client:|dataStream:|priority:0, omNode-1|rpc:localhost:40183|admin:|client:|dataStream:|priority:0, omNode-2|rpc:localhost:37413|admin:|client:|dataStream:|priority:0], old=null
2022-05-26 08:03:43,192 [pool-551-thread-1] INFO  server.RaftServerConfigKeys (ConfUtils.java:logGet(46)) - raft.server.notification.no-leader.timeout = 2s (custom)
2022-05-26 08:03:43,192 [pool-551-thread-1] INFO  server.RaftServerConfigKeys (ConfUtils.java:logGet(46)) - raft.server.log.use.memory = false (default)
2022-05-26 08:03:43,192 [pool-551-thread-1] INFO  server.RaftServerConfigKeys (ConfUtils.java:logGet(46)) - raft.server.log.purge.gap = 50 (custom)
2022-05-26 08:03:43,192 [pool-551-thread-1] INFO  server.RaftServerConfigKeys (ConfUtils.java:logGet(46)) - raft.server.log.appender.buffer.byte-limit = 33554432 (custom)
2022-05-26 08:03:43,192 [pool-551-thread-1] INFO  server.RaftServerConfigKeys (ConfUtils.java:logGet(46)) - raft.server.log.statemachine.data.read.timeout = 1000ms (default)
2022-05-26 08:03:43,192 [pool-551-thread-1] INFO  server.RaftServerConfigKeys (ConfUtils.java:logGet(46)) - raft.server.log.segment.size.max = 4194304 (custom)
2022-05-26 08:03:43,193 [pool-551-thread-1] INFO  server.RaftServerConfigKeys (ConfUtils.java:logGet(46)) - raft.server.log.segment.cache.num.max = 2 (custom)
2022-05-26 08:03:43,193 [pool-551-thread-1] INFO  server.RaftServerConfigKeys (ConfUtils.java:logGet(46)) - raft.server.log.segment.cache.size.max = 200MB (=209715200) (default)
2022-05-26 08:03:43,193 [pool-551-thread-1] INFO  segmented.SegmentedRaftLogWorker (SegmentedRaftLogWorker.java:<init>(187)) - new omNode-2@group-523986131536-SegmentedRaftLogWorker for RaftStorageImpl:Storage Directory /home/runner/work/ozone/ozone/hadoop-ozone/integration-test/target/test-dir/MiniOzoneClusterImpl-17bb6255-4ab1-443a-98be-5fd7627ecb82/omNode-2/ratis/c9bc4cf4-3bc3-3c60-a66b-523986131536
2022-05-26 08:03:43,193 [pool-551-thread-1] INFO  server.RaftServerConfigKeys (ConfUtils.java:logGet(46)) - raft.server.log.queue.byte-limit = 64MB (=67108864) (default)
2022-05-26 08:03:43,193 [pool-551-thread-1] INFO  server.RaftServerConfigKeys (ConfUtils.java:logGet(46)) - raft.server.log.queue.element-limit = 4096 (default)
2022-05-26 08:03:43,193 [pool-551-thread-1] INFO  server.RaftServerConfigKeys (ConfUtils.java:logGet(46)) - raft.server.log.segment.size.max = 4194304 (custom)
2022-05-26 08:03:43,193 [pool-551-thread-1] INFO  server.RaftServerConfigKeys (ConfUtils.java:logGet(46)) - raft.server.log.preallocated.size = 4194304 (custom)
2022-05-26 08:03:43,193 [pool-551-thread-1] INFO  server.RaftServerConfigKeys (ConfUtils.java:logGet(46)) - raft.server.log.force.sync.num = 128 (default)
2022-05-26 08:03:43,193 [pool-551-thread-1] INFO  server.RaftServerConfigKeys (ConfUtils.java:logGet(46)) - raft.server.log.statemachine.data.sync = true (default)
2022-05-26 08:03:43,193 [pool-551-thread-1] INFO  server.RaftServerConfigKeys (ConfUtils.java:logGet(46)) - raft.server.log.statemachine.data.sync.timeout = 10s (default)
2022-05-26 08:03:43,193 [pool-551-thread-1] INFO  server.RaftServerConfigKeys (ConfUtils.java:logGet(46)) - raft.server.log.statemachine.data.sync.timeout.retry = -1 (default)
2022-05-26 08:03:43,194 [pool-551-thread-1] INFO  server.RaftServerConfigKeys (ConfUtils.java:logGet(46)) - raft.server.log.write.buffer.size = 64KB (=65536) (default)
2022-05-26 08:03:43,194 [pool-551-thread-1] INFO  server.RaftServerConfigKeys (ConfUtils.java:logGet(46)) - raft.server.log.unsafe-flush.enabled = false (default)
2022-05-26 08:03:43,194 [pool-551-thread-1] INFO  server.RaftServerConfigKeys (ConfUtils.java:logGet(46)) - raft.server.log.statemachine.data.caching.enabled = false (default)
2022-05-26 08:03:43,194 [pool-551-thread-1] INFO  server.RaftServer$Division (ServerState.java:setRaftConf(393)) - omNode-2@group-523986131536: set configuration 0: [omNode-3|rpc:localhost:42233|admin:|client:|dataStream:|priority:0, omNode-1|rpc:localhost:40183|admin:|client:|dataStream:|priority:0, omNode-2|rpc:localhost:37413|admin:|client:|dataStream:|priority:0], old=null
2022-05-26 08:03:43,195 [pool-551-thread-1] INFO  segmented.LogSegment (LogSegment.java:loadSegment(173)) - Successfully read 7 entries from segment file /home/runner/work/ozone/ozone/hadoop-ozone/integration-test/target/test-dir/MiniOzoneClusterImpl-17bb6255-4ab1-443a-98be-5fd7627ecb82/omNode-2/ratis/c9bc4cf4-3bc3-3c60-a66b-523986131536/current/log_0-6
2022-05-26 08:03:43,195 [pool-551-thread-1] INFO  server.RaftServer$Division (ServerState.java:setRaftConf(393)) - omNode-2@group-523986131536: set configuration 7: [omNode-3|rpc:localhost:42233|admin:|client:|dataStream:|priority:0, omNode-1|rpc:localhost:40183|admin:|client:|dataStream:|priority:0, omNode-2|rpc:localhost:37413|admin:|client:|dataStream:|priority:0], old=null
2022-05-26 08:03:43,195 [pool-551-thread-1] INFO  segmented.LogSegment (LogSegment.java:loadSegment(173)) - Successfully read 8 entries from segment file /home/runner/work/ozone/ozone/hadoop-ozone/integration-test/target/test-dir/MiniOzoneClusterImpl-17bb6255-4ab1-443a-98be-5fd7627ecb82/omNode-2/ratis/c9bc4cf4-3bc3-3c60-a66b-523986131536/current/log_7-14
2022-05-26 08:03:43,195 [pool-551-thread-1] INFO  server.RaftServer$Division (ServerState.java:setRaftConf(393)) - omNode-2@group-523986131536: set configuration 15: [omNode-3|rpc:localhost:42233|admin:|client:|dataStream:|priority:0, omNode-1|rpc:localhost:40183|admin:|client:|dataStream:|priority:0, omNode-2|rpc:localhost:37413|admin:|client:|dataStream:|priority:0], old=null
2022-05-26 08:03:43,196 [pool-551-thread-1] INFO  segmented.LogSegment (LogSegment.java:loadSegment(173)) - Successfully read 12 entries from segment file /home/runner/work/ozone/ozone/hadoop-ozone/integration-test/target/test-dir/MiniOzoneClusterImpl-17bb6255-4ab1-443a-98be-5fd7627ecb82/omNode-2/ratis/c9bc4cf4-3bc3-3c60-a66b-523986131536/current/log_15-26
2022-05-26 08:03:43,196 [pool-551-thread-1] INFO  server.RaftServer$Division (ServerState.java:setRaftConf(393)) - omNode-2@group-523986131536: set configuration 27: [omNode-3|rpc:localhost:42233|admin:|client:|dataStream:|priority:0, omNode-1|rpc:localhost:40183|admin:|client:|dataStream:|priority:0, omNode-2|rpc:localhost:37413|admin:|client:|dataStream:|priority:0], old=null
2022-05-26 08:03:43,196 [pool-551-thread-1] INFO  segmented.LogSegment (LogSegment.java:loadSegment(173)) - Successfully read 4 entries from segment file /home/runner/work/ozone/ozone/hadoop-ozone/integration-test/target/test-dir/MiniOzoneClusterImpl-17bb6255-4ab1-443a-98be-5fd7627ecb82/omNode-2/ratis/c9bc4cf4-3bc3-3c60-a66b-523986131536/current/log_27-30
2022-05-26 08:03:43,196 [pool-551-thread-1] INFO  server.RaftServer$Division (ServerState.java:setRaftConf(393)) - omNode-2@group-523986131536: set configuration 31: [omNode-3|rpc:localhost:42233|admin:|client:|dataStream:|priority:0, omNode-1|rpc:localhost:40183|admin:|client:|dataStream:|priority:0, omNode-2|rpc:localhost:37413|admin:|client:|dataStream:|priority:0], old=null
2022-05-26 08:03:43,196 [pool-551-thread-1] INFO  segmented.LogSegment (LogSegment.java:loadSegment(173)) - Successfully read 4 entries from segment file /home/runner/work/ozone/ozone/hadoop-ozone/integration-test/target/test-dir/MiniOzoneClusterImpl-17bb6255-4ab1-443a-98be-5fd7627ecb82/omNode-2/ratis/c9bc4cf4-3bc3-3c60-a66b-523986131536/current/log_inprogress_31
2022-05-26 08:03:43,196 [pool-551-thread-1] INFO  segmented.SegmentedRaftLogWorker (SegmentedRaftLogWorker.java:lambda$new$0(135)) - omNode-2@group-523986131536-SegmentedRaftLogWorker: flushIndex: setUnconditionally 0 -> 34
2022-05-26 08:03:43,196 [pool-551-thread-1] INFO  segmented.SegmentedRaftLogWorker (SegmentedRaftLogWorker.java:lambda$new$0(135)) - omNode-2@group-523986131536-SegmentedRaftLogWorker: safeCacheEvictIndex: setUnconditionally 0 -> 30
2022-05-26 08:03:43,202 [pool-551-thread-1] INFO  raftlog.RaftLog (RaftLogBase.java:lambda$new$0(53)) - omNode-2@group-523986131536-SegmentedRaftLog: commitIndex: updateToMax old=34, new=33, updated? false
2022-05-26 08:03:43,203 [pool-551-thread-1] INFO  server.RaftServerConfigKeys (ConfUtils.java:logGet(46)) - raft.server.snapshot.auto.trigger.enabled = true (custom)
2022-05-26 08:03:43,203 [pool-551-thread-1] INFO  server.RaftServerConfigKeys (ConfUtils.java:logGet(46)) - raft.server.snapshot.auto.trigger.threshold = 50 (custom)
2022-05-26 08:03:43,203 [pool-551-thread-1] INFO  server.RaftServerConfigKeys (ConfUtils.java:logGet(46)) - raft.server.snapshot.retention.file.num = -1 (default)
2022-05-26 08:03:43,203 [pool-551-thread-1] INFO  server.RaftServerConfigKeys (ConfUtils.java:logGet(46)) - raft.server.log.purge.upto.snapshot.index = true (custom)
2022-05-26 08:03:43,203 [pool-551-thread-1] INFO  server.RaftServerConfigKeys (ConfUtils.java:logGet(46)) - raft.server.retrycache.expirytime = 30000ms (custom)
2022-05-26 08:03:43,203 [pool-551-thread-1] INFO  server.RaftServerConfigKeys (ConfUtils.java:logGet(46)) - raft.server.retrycache.statistics.expirytime = 100μs (default)
2022-05-26 08:03:43,204 [pool-551-thread-1] INFO  server.RaftServerConfigKeys (ConfUtils.java:logGet(46)) - raft.server.log.appender.install.snapshot.enabled = false (custom)
2022-05-26 08:03:43,204 [pool-551-thread-1] INFO  server.RaftServerConfigKeys (ConfUtils.java:logGet(46)) - raft.server.threadpool.server.cached = true (default)
2022-05-26 08:03:43,204 [pool-551-thread-1] INFO  server.RaftServerConfigKeys (ConfUtils.java:logGet(46)) - raft.server.threadpool.server.size = 0 (default)
2022-05-26 08:03:43,204 [pool-551-thread-1] INFO  server.RaftServerConfigKeys (ConfUtils.java:logGet(46)) - raft.server.threadpool.client.cached = true (default)
2022-05-26 08:03:43,204 [pool-551-thread-1] INFO  server.RaftServerConfigKeys (ConfUtils.java:logGet(46)) - raft.server.threadpool.client.size = 0 (default)
2022-05-26 08:03:43,204 [omNode-2-impl-thread1] INFO  server.RaftServer$Division (RaftServerImpl.java:start(310)) - omNode-2@group-523986131536: start as a follower, conf=31: [omNode-3|rpc:localhost:42233|admin:|client:|dataStream:|priority:0, omNode-1|rpc:localhost:40183|admin:|client:|dataStream:|priority:0, omNode-2|rpc:localhost:37413|admin:|client:|dataStream:|priority:0], old=null
2022-05-26 08:03:43,204 [omNode-2-impl-thread1] INFO  server.RaftServer$Division (RaftServerImpl.java:setRole(299)) - omNode-2@group-523986131536: changes role from      null to FOLLOWER at term 5 for startAsFollower
2022-05-26 08:03:43,204 [omNode-2-impl-thread1] INFO  impl.RoleInfo (RoleInfo.java:updateAndGet(139)) - omNode-2: start omNode-2@group-523986131536-FollowerState
2022-05-26 08:03:43,204 [omNode-2-impl-thread1] INFO  util.JmxRegister (JmxRegister.java:tryRegister(44)) - Successfully registered JMX Bean with object name Ratis:service=RaftServer,group=group-523986131536,id=omNode-2
2022-05-26 08:03:43,206 [Listener at localhost/38409] INFO  server.RaftServer (RaftServerProxy.java:lambda$start$6(382)) - omNode-2: start RPC server
2022-05-26 08:03:43,208 [Listener at localhost/38409] INFO  server.GrpcService (GrpcService.java:startImpl(260)) - omNode-2: GrpcService started, listening on 37413
2022-05-26 08:03:43,208 [Listener at localhost/38409] INFO  om.OzoneManager (OzoneManager.java:getRpcServer(1030)) - Creating RPC Server
2022-05-26 08:03:43,208 [org.apache.ratis.util.JvmPauseMonitor$$Lambda$691/456821109@cdf857d] INFO  util.JvmPauseMonitor (JvmPauseMonitor.java:run(103)) - JvmPauseMonitor-omNode-2: Started
2022-05-26 08:03:43,463 [Listener at localhost/38409] INFO  reflections.Reflections (Reflections.java:scan(232)) - Reflections took 254 ms to scan 19 urls, producing 61 keys and 3747 values [using 2 cores]
2022-05-26 08:03:43,464 [Listener at localhost/38409] INFO  ipc.CallQueueManager (CallQueueManager.java:<init>(90)) - Using callQueue: class java.util.concurrent.LinkedBlockingQueue, queueCapacity: 2000, scheduler: class org.apache.hadoop.ipc.DefaultRpcScheduler, ipcBackoff: false.
2022-05-26 08:03:43,465 [Socket Reader #1 for port 38277] INFO  ipc.Server (Server.java:run(1265)) - Starting Socket Reader #1 for port 38277
2022-05-26 08:03:43,468 [Listener at localhost/38277] INFO  http.BaseHttpServer (BaseHttpServer.java:newHttpServer2BuilderForOzone(209)) - Starting Web-server for ozoneManager at: http://0.0.0.0:45205
2022-05-26 08:03:43,468 [Listener at localhost/38277] INFO  http.BaseHttpServer (BaseHttpServer.java:<init>(107)) - Hadoop Security Enabled: false Ozone Security Enabled: false Ozone HTTP Security Enabled: false 
2022-05-26 08:03:43,469 [Listener at localhost/38277] INFO  server.AuthenticationFilter (AuthenticationFilter.java:constructSecretProvider(240)) - Unable to initialize FileSignerSecretProvider, falling back to use random secrets.
2022-05-26 08:03:43,469 [Listener at localhost/38277] WARN  http.HttpRequestLog (HttpRequestLog.java:getRequestLog(103)) - Jetty request log can only be enabled using Log4j
2022-05-26 08:03:43,470 [Listener at localhost/38277] INFO  http.HttpServer2 (HttpServer2.java:addGlobalFilter(1030)) - Added global filter 'safety' (class=org.apache.hadoop.hdds.server.http.HttpServer2$QuotingInputFilter)
2022-05-26 08:03:43,470 [Listener at localhost/38277] INFO  http.HttpServer2 (HttpServer2.java:addFilter(1006)) - Added filter static_user_filter (class=org.apache.hadoop.http.lib.StaticUserWebFilter$StaticUserFilter) to context ozoneManager
2022-05-26 08:03:43,471 [Listener at localhost/38277] INFO  http.HttpServer2 (HttpServer2.java:addFilter(1014)) - Added filter static_user_filter (class=org.apache.hadoop.http.lib.StaticUserWebFilter$StaticUserFilter) to context logs
2022-05-26 08:03:43,471 [Listener at localhost/38277] INFO  http.HttpServer2 (HttpServer2.java:addFilter(1014)) - Added filter static_user_filter (class=org.apache.hadoop.http.lib.StaticUserWebFilter$StaticUserFilter) to context static
2022-05-26 08:03:43,471 [Listener at localhost/38277] INFO  http.HttpServer2 (HttpServer2.java:bindListener(1249)) - Jetty bound to port 45205
2022-05-26 08:03:43,471 [Listener at localhost/38277] INFO  server.Server (Server.java:doStart(375)) - jetty-9.4.43.v20210629; built: 2021-06-30T11:07:22.254Z; git: 526006ecfa3af7f1a27ef3a288e2bef7ea9dd7e8; jvm 1.8.0_332-b09
2022-05-26 08:03:43,472 [Listener at localhost/38277] INFO  server.session (DefaultSessionIdManager.java:doStart(334)) - DefaultSessionIdManager workerName=node0
2022-05-26 08:03:43,472 [Listener at localhost/38277] INFO  server.session (DefaultSessionIdManager.java:doStart(339)) - No SessionScavenger set, using defaults
2022-05-26 08:03:43,473 [Listener at localhost/38277] INFO  server.session (HouseKeeper.java:startScavenging(132)) - node0 Scavenging every 600000ms
2022-05-26 08:03:43,473 [Listener at localhost/38277] INFO  handler.ContextHandler (ContextHandler.java:doStart(915)) - Started o.e.j.s.ServletContextHandler@3634bc73{logs,/logs,file:///home/runner/work/ozone/ozone/hadoop-ozone/integration-test/target/log,AVAILABLE}
2022-05-26 08:03:43,474 [Listener at localhost/38277] INFO  handler.ContextHandler (ContextHandler.java:doStart(915)) - Started o.e.j.s.ServletContextHandler@645d2377{static,/static,file:///home/runner/work/ozone/ozone/hadoop-ozone/integration-test/target/test-classes/webapps/static,AVAILABLE}
2022-05-26 08:03:43,476 [Listener at localhost/38277] INFO  handler.ContextHandler (ContextHandler.java:doStart(915)) - Started o.e.j.w.WebAppContext@50202c94{ozoneManager,/,file:///home/runner/work/ozone/ozone/hadoop-ozone/integration-test/target/test-classes/webapps/ozoneManager/,AVAILABLE}{file:/home/runner/work/ozone/ozone/hadoop-ozone/integration-test/target/test-classes/webapps/ozoneManager}
2022-05-26 08:03:43,477 [Listener at localhost/38277] INFO  server.AbstractConnector (AbstractConnector.java:doStart(331)) - Started ServerConnector@6c0eeeaf{HTTP/1.1, (http/1.1)}{0.0.0.0:45205}
2022-05-26 08:03:43,477 [Listener at localhost/38277] INFO  server.Server (Server.java:doStart(415)) - Started @85417ms
2022-05-26 08:03:43,477 [Listener at localhost/38277] WARN  impl.MetricsSystemImpl (MetricsSystemImpl.java:register(279)) - Sink prometheus already exists!
2022-05-26 08:03:43,477 [Listener at localhost/38277] INFO  http.BaseHttpServer (BaseHttpServer.java:updateConnectorAddress(329)) - HTTP server of ozoneManager listening at http://0.0.0.0:45205
2022-05-26 08:03:43,478 [IPC Server Responder] INFO  ipc.Server (Server.java:run(1507)) - IPC Server Responder: starting
2022-05-26 08:03:43,480 [IPC Server listener on 38277] INFO  ipc.Server (Server.java:run(1344)) - IPC Server listener on 38277: starting
2022-05-26 08:03:43,489 [Listener at localhost/38277] INFO  om.OzoneManager (OzoneManager.java:startTrashEmptier(1845)) - Trash Interval set to 0. Files deleted won't move to trash
2022-05-26 08:03:43,490 [org.apache.hadoop.util.JvmPauseMonitor$Monitor@2e270ae8] INFO  util.JvmPauseMonitor (JvmPauseMonitor.java:run(188)) - Starting JVM pause monitor
]]></system-out>
  </testcase>
  <testcase name="testAllVolumeOperations" classname="org.apache.hadoop.ozone.om.TestOzoneManagerHAMetadataOnly" time="3.299">
    <error type="java.io.IOException"><![CDATA[java.io.IOException: Could not determine or connect to OM Leader.
	at org.apache.hadoop.ozone.om.protocolPB.Hadoop3OmTransport.submitRequest(Hadoop3OmTransport.java:97)
	at org.apache.hadoop.ozone.om.protocolPB.OzoneManagerProtocolClientSideTranslatorPB.submitRequest(OzoneManagerProtocolClientSideTranslatorPB.java:256)
	at org.apache.hadoop.ozone.om.protocolPB.OzoneManagerProtocolClientSideTranslatorPB.createVolume(OzoneManagerProtocolClientSideTranslatorPB.java:278)
	at org.apache.hadoop.ozone.client.rpc.RpcClient.createVolume(RpcClient.java:461)
	at org.apache.hadoop.ozone.client.ObjectStore.createVolume(ObjectStore.java:106)
	at org.apache.hadoop.ozone.om.TestOzoneManagerHAMetadataOnly.createAndCheckVolume(TestOzoneManagerHAMetadataOnly.java:86)
	at org.apache.hadoop.ozone.om.TestOzoneManagerHAMetadataOnly.testAllVolumeOperations(TestOzoneManagerHAMetadataOnly.java:102)
	at sun.reflect.NativeMethodAccessorImpl.invoke0(Native Method)
	at sun.reflect.NativeMethodAccessorImpl.invoke(NativeMethodAccessorImpl.java:62)
	at sun.reflect.DelegatingMethodAccessorImpl.invoke(DelegatingMethodAccessorImpl.java:43)
	at java.lang.reflect.Method.invoke(Method.java:498)
	at org.junit.platform.commons.util.ReflectionUtils.invokeMethod(ReflectionUtils.java:725)
	at org.junit.jupiter.engine.execution.MethodInvocation.proceed(MethodInvocation.java:60)
	at org.junit.jupiter.engine.execution.InvocationInterceptorChain$ValidatingInvocation.proceed(InvocationInterceptorChain.java:131)
	at org.junit.jupiter.engine.extension.TimeoutInvocation.proceed(TimeoutInvocation.java:46)
	at org.junit.jupiter.engine.extension.TimeoutExtension.intercept(TimeoutExtension.java:149)
	at org.junit.jupiter.engine.extension.TimeoutExtension.interceptTestableMethod(TimeoutExtension.java:140)
	at org.junit.jupiter.engine.extension.TimeoutExtension.interceptTestMethod(TimeoutExtension.java:84)
	at org.junit.jupiter.engine.execution.ExecutableInvoker$ReflectiveInterceptorCall.lambda$ofVoidMethod$0(ExecutableInvoker.java:115)
	at org.junit.jupiter.engine.execution.ExecutableInvoker.lambda$invoke$0(ExecutableInvoker.java:105)
	at org.junit.jupiter.engine.execution.InvocationInterceptorChain$InterceptedInvocation.proceed(InvocationInterceptorChain.java:106)
	at org.junit.jupiter.engine.execution.InvocationInterceptorChain.proceed(InvocationInterceptorChain.java:64)
	at org.junit.jupiter.engine.execution.InvocationInterceptorChain.chainAndInvoke(InvocationInterceptorChain.java:45)
	at org.junit.jupiter.engine.execution.InvocationInterceptorChain.invoke(InvocationInterceptorChain.java:37)
	at org.junit.jupiter.engine.execution.ExecutableInvoker.invoke(ExecutableInvoker.java:104)
	at org.junit.jupiter.engine.execution.ExecutableInvoker.invoke(ExecutableInvoker.java:98)
	at org.junit.jupiter.engine.descriptor.TestMethodTestDescriptor.lambda$invokeTestMethod$7(TestMethodTestDescriptor.java:214)
	at org.junit.platform.engine.support.hierarchical.ThrowableCollector.execute(ThrowableCollector.java:73)
	at org.junit.jupiter.engine.descriptor.TestMethodTestDescriptor.invokeTestMethod(TestMethodTestDescriptor.java:210)
	at org.junit.jupiter.engine.descriptor.TestMethodTestDescriptor.execute(TestMethodTestDescriptor.java:135)
	at org.junit.jupiter.engine.descriptor.TestMethodTestDescriptor.execute(TestMethodTestDescriptor.java:66)
	at org.junit.platform.engine.support.hierarchical.NodeTestTask.lambda$executeRecursively$6(NodeTestTask.java:151)
	at org.junit.platform.engine.support.hierarchical.ThrowableCollector.execute(ThrowableCollector.java:73)
	at org.junit.platform.engine.support.hierarchical.NodeTestTask.lambda$executeRecursively$8(NodeTestTask.java:141)
	at org.junit.platform.engine.support.hierarchical.Node.around(Node.java:137)
	at org.junit.platform.engine.support.hierarchical.NodeTestTask.lambda$executeRecursively$9(NodeTestTask.java:139)
	at org.junit.platform.engine.support.hierarchical.ThrowableCollector.execute(ThrowableCollector.java:73)
	at org.junit.platform.engine.support.hierarchical.NodeTestTask.executeRecursively(NodeTestTask.java:138)
	at org.junit.platform.engine.support.hierarchical.NodeTestTask.execute(NodeTestTask.java:95)
	at java.util.ArrayList.forEach(ArrayList.java:1259)
	at org.junit.platform.engine.support.hierarchical.SameThreadHierarchicalTestExecutorService.invokeAll(SameThreadHierarchicalTestExecutorService.java:41)
	at org.junit.platform.engine.support.hierarchical.NodeTestTask.lambda$executeRecursively$6(NodeTestTask.java:155)
	at org.junit.platform.engine.support.hierarchical.ThrowableCollector.execute(ThrowableCollector.java:73)
	at org.junit.platform.engine.support.hierarchical.NodeTestTask.lambda$executeRecursively$8(NodeTestTask.java:141)
	at org.junit.platform.engine.support.hierarchical.Node.around(Node.java:137)
	at org.junit.platform.engine.support.hierarchical.NodeTestTask.lambda$executeRecursively$9(NodeTestTask.java:139)
	at org.junit.platform.engine.support.hierarchical.ThrowableCollector.execute(ThrowableCollector.java:73)
	at org.junit.platform.engine.support.hierarchical.NodeTestTask.executeRecursively(NodeTestTask.java:138)
	at org.junit.platform.engine.support.hierarchical.NodeTestTask.execute(NodeTestTask.java:95)
	at java.util.ArrayList.forEach(ArrayList.java:1259)
	at org.junit.platform.engine.support.hierarchical.SameThreadHierarchicalTestExecutorService.invokeAll(SameThreadHierarchicalTestExecutorService.java:41)
	at org.junit.platform.engine.support.hierarchical.NodeTestTask.lambda$executeRecursively$6(NodeTestTask.java:155)
	at org.junit.platform.engine.support.hierarchical.ThrowableCollector.execute(ThrowableCollector.java:73)
	at org.junit.platform.engine.support.hierarchical.NodeTestTask.lambda$executeRecursively$8(NodeTestTask.java:141)
	at org.junit.platform.engine.support.hierarchical.Node.around(Node.java:137)
	at org.junit.platform.engine.support.hierarchical.NodeTestTask.lambda$executeRecursively$9(NodeTestTask.java:139)
	at org.junit.platform.engine.support.hierarchical.ThrowableCollector.execute(ThrowableCollector.java:73)
	at org.junit.platform.engine.support.hierarchical.NodeTestTask.executeRecursively(NodeTestTask.java:138)
	at org.junit.platform.engine.support.hierarchical.NodeTestTask.execute(NodeTestTask.java:95)
	at org.junit.platform.engine.support.hierarchical.SameThreadHierarchicalTestExecutorService.submit(SameThreadHierarchicalTestExecutorService.java:35)
	at org.junit.platform.engine.support.hierarchical.HierarchicalTestExecutor.execute(HierarchicalTestExecutor.java:57)
	at org.junit.platform.engine.support.hierarchical.HierarchicalTestEngine.execute(HierarchicalTestEngine.java:54)
	at org.junit.platform.launcher.core.EngineExecutionOrchestrator.execute(EngineExecutionOrchestrator.java:107)
	at org.junit.platform.launcher.core.EngineExecutionOrchestrator.execute(EngineExecutionOrchestrator.java:88)
	at org.junit.platform.launcher.core.EngineExecutionOrchestrator.lambda$execute$0(EngineExecutionOrchestrator.java:54)
	at org.junit.platform.launcher.core.EngineExecutionOrchestrator.withInterceptedStreams(EngineExecutionOrchestrator.java:67)
	at org.junit.platform.launcher.core.EngineExecutionOrchestrator.execute(EngineExecutionOrchestrator.java:52)
	at org.junit.platform.launcher.core.DefaultLauncher.execute(DefaultLauncher.java:114)
	at org.junit.platform.launcher.core.DefaultLauncher.execute(DefaultLauncher.java:86)
	at org.junit.platform.launcher.core.DefaultLauncherSession$DelegatingLauncher.execute(DefaultLauncherSession.java:86)
	at org.junit.platform.launcher.core.SessionPerRequestLauncher.execute(SessionPerRequestLauncher.java:53)
	at org.apache.maven.surefire.junitplatform.JUnitPlatformProvider.execute(JUnitPlatformProvider.java:188)
	at org.apache.maven.surefire.junitplatform.JUnitPlatformProvider.invokeAllTests(JUnitPlatformProvider.java:154)
	at org.apache.maven.surefire.junitplatform.JUnitPlatformProvider.invoke(JUnitPlatformProvider.java:124)
	at org.apache.maven.surefire.booter.ForkedBooter.runSuitesInProcess(ForkedBooter.java:428)
	at org.apache.maven.surefire.booter.ForkedBooter.execute(ForkedBooter.java:162)
	at org.apache.maven.surefire.booter.ForkedBooter.run(ForkedBooter.java:562)
	at org.apache.maven.surefire.booter.ForkedBooter.main(ForkedBooter.java:548)
]]></error>
    <system-out><![CDATA[2022-05-26 08:03:43,501 [Listener at localhost/38277] INFO  rpc.RpcClient (RpcClient.java:createVolume(457)) - Creating Volume: volume27591, with user50117 as owner and space quota set to -1 bytes, counts quota set to -1
2022-05-26 08:03:43,502 [Listener at localhost/38277] INFO  retry.RetryInvocationHandler (RetryInvocationHandler.java:log(411)) - com.google.protobuf.ServiceException: java.io.EOFException: End of File Exception between local host is: "fv-az35-51/10.1.0.14"; destination host is: "localhost":38409; : java.io.EOFException; For more details see:  http://wiki.apache.org/hadoop/EOFException, while invoking $Proxy54.submitRequest over nodeId=omNode-1,nodeAddress=127.0.0.1:38409. Trying to failover immediately.
2022-05-26 08:03:43,513 [Listener at localhost/38277] INFO  retry.RetryInvocationHandler (RetryInvocationHandler.java:log(411)) - com.google.protobuf.ServiceException: org.apache.hadoop.ipc.RemoteException(org.apache.hadoop.ozone.om.exceptions.OMNotLeaderException): OM:omNode-2 is not the leader. Could not determine the leader node.
	at org.apache.hadoop.ozone.om.ratis.utils.OzoneManagerRatisUtils.createNotLeaderException(OzoneManagerRatisUtils.java:425)
	at org.apache.hadoop.ozone.om.ratis.utils.OzoneManagerRatisUtils.checkLeaderStatus(OzoneManagerRatisUtils.java:411)
	at org.apache.hadoop.ozone.protocolPB.OzoneManagerProtocolServerSideTranslatorPB.checkLeaderStatus(OzoneManagerProtocolServerSideTranslatorPB.java:304)
	at org.apache.hadoop.ozone.protocolPB.OzoneManagerProtocolServerSideTranslatorPB.processRequest(OzoneManagerProtocolServerSideTranslatorPB.java:183)
	at org.apache.hadoop.hdds.server.OzoneProtocolMessageDispatcher.processRequest(OzoneProtocolMessageDispatcher.java:87)
	at org.apache.hadoop.ozone.protocolPB.OzoneManagerProtocolServerSideTranslatorPB.submitRequest(OzoneManagerProtocolServerSideTranslatorPB.java:147)
	at org.apache.hadoop.ozone.protocol.proto.OzoneManagerProtocolProtos$OzoneManagerService$2.callBlockingMethod(OzoneManagerProtocolProtos.java)
	at org.apache.hadoop.ipc.ProtobufRpcEngine$Server.processCall(ProtobufRpcEngine.java:466)
	at org.apache.hadoop.ipc.ProtobufRpcEngine2$Server$ProtoBufRpcInvoker.call(ProtobufRpcEngine2.java:574)
	at org.apache.hadoop.ipc.ProtobufRpcEngine2$Server$ProtoBufRpcInvoker.call(ProtobufRpcEngine2.java:552)
	at org.apache.hadoop.ipc.RPC$Server.call(RPC.java:1093)
	at org.apache.hadoop.ipc.Server$RpcCall.run(Server.java:1035)
	at org.apache.hadoop.ipc.Server$RpcCall.run(Server.java:963)
	at java.security.AccessController.doPrivileged(Native Method)
	at javax.security.auth.Subject.doAs(Subject.java:422)
	at org.apache.hadoop.security.UserGroupInformation.doAs(UserGroupInformation.java:1878)
	at org.apache.hadoop.ipc.Server$Handler.run(Server.java:2966)
, while invoking $Proxy54.submitRequest over nodeId=omNode-2,nodeAddress=127.0.0.1:38277 after 1 failover attempts. Trying to failover immediately.
2022-05-26 08:03:43,518 [Listener at localhost/38277] INFO  retry.RetryInvocationHandler (RetryInvocationHandler.java:log(411)) - com.google.protobuf.ServiceException: org.apache.hadoop.ipc.RemoteException(org.apache.hadoop.ozone.om.exceptions.OMNotLeaderException): OM:omNode-3 is not the leader. Could not determine the leader node.
	at org.apache.hadoop.ozone.om.ratis.utils.OzoneManagerRatisUtils.createNotLeaderException(OzoneManagerRatisUtils.java:425)
	at org.apache.hadoop.ozone.om.ratis.utils.OzoneManagerRatisUtils.checkLeaderStatus(OzoneManagerRatisUtils.java:411)
	at org.apache.hadoop.ozone.protocolPB.OzoneManagerProtocolServerSideTranslatorPB.checkLeaderStatus(OzoneManagerProtocolServerSideTranslatorPB.java:304)
	at org.apache.hadoop.ozone.protocolPB.OzoneManagerProtocolServerSideTranslatorPB.processRequest(OzoneManagerProtocolServerSideTranslatorPB.java:183)
	at org.apache.hadoop.hdds.server.OzoneProtocolMessageDispatcher.processRequest(OzoneProtocolMessageDispatcher.java:87)
	at org.apache.hadoop.ozone.protocolPB.OzoneManagerProtocolServerSideTranslatorPB.submitRequest(OzoneManagerProtocolServerSideTranslatorPB.java:147)
	at org.apache.hadoop.ozone.protocol.proto.OzoneManagerProtocolProtos$OzoneManagerService$2.callBlockingMethod(OzoneManagerProtocolProtos.java)
	at org.apache.hadoop.ipc.ProtobufRpcEngine$Server.processCall(ProtobufRpcEngine.java:466)
	at org.apache.hadoop.ipc.ProtobufRpcEngine2$Server$ProtoBufRpcInvoker.call(ProtobufRpcEngine2.java:574)
	at org.apache.hadoop.ipc.ProtobufRpcEngine2$Server$ProtoBufRpcInvoker.call(ProtobufRpcEngine2.java:552)
	at org.apache.hadoop.ipc.RPC$Server.call(RPC.java:1093)
	at org.apache.hadoop.ipc.Server$RpcCall.run(Server.java:1035)
	at org.apache.hadoop.ipc.Server$RpcCall.run(Server.java:963)
	at java.security.AccessController.doPrivileged(Native Method)
	at javax.security.auth.Subject.doAs(Subject.java:422)
	at org.apache.hadoop.security.UserGroupInformation.doAs(UserGroupInformation.java:1878)
	at org.apache.hadoop.ipc.Server$Handler.run(Server.java:2966)
, while invoking $Proxy54.submitRequest over nodeId=omNode-3,nodeAddress=127.0.0.1:46875 after 2 failover attempts. Trying to failover after sleeping for 2000ms.
2022-05-26 08:03:43,617 [omNode-3@group-523986131536-FollowerState] INFO  impl.FollowerState (FollowerState.java:run(143)) - omNode-3@group-523986131536-FollowerState: change to CANDIDATE, lastRpcElapsedTime:1129540189ns, electionTimeout:1129ms
2022-05-26 08:03:43,618 [omNode-3@group-523986131536-FollowerState] INFO  impl.RoleInfo (RoleInfo.java:shutdownFollowerState(110)) - omNode-3: shutdown omNode-3@group-523986131536-FollowerState
2022-05-26 08:03:43,618 [omNode-3@group-523986131536-FollowerState] INFO  server.RaftServer$Division (RaftServerImpl.java:setRole(299)) - omNode-3@group-523986131536: changes role from  FOLLOWER to CANDIDATE at term 5 for changeToCandidate
2022-05-26 08:03:43,618 [omNode-3@group-523986131536-FollowerState] INFO  server.RaftServerConfigKeys (ConfUtils.java:logGet(46)) - raft.server.leaderelection.pre-vote = false (custom)
2022-05-26 08:03:43,618 [omNode-3@group-523986131536-FollowerState] INFO  impl.RoleInfo (RoleInfo.java:updateAndGet(139)) - omNode-3: start omNode-3@group-523986131536-LeaderElection16
2022-05-26 08:03:43,622 [omNode-3@group-523986131536-LeaderElection16] INFO  impl.LeaderElection (LeaderElection.java:askForVotes(310)) - omNode-3@group-523986131536-LeaderElection16 ELECTION round 0: submit vote requests at term 6 for 27: [omNode-3|rpc:localhost:42233|admin:|client:|dataStream:|priority:0, omNode-1|rpc:localhost:40183|admin:|client:|dataStream:|priority:0, omNode-2|rpc:localhost:37413|admin:|client:|dataStream:|priority:0], old=null
2022-05-26 08:03:43,629 [grpc-default-executor-2] INFO  server.RaftServer$Division (RaftServerImpl.java:requestVote(1152)) - omNode-2@group-523986131536: receive requestVote(ELECTION, omNode-3, group-523986131536, 6, (t:4, i:30))
2022-05-26 08:03:43,630 [grpc-default-executor-2] INFO  impl.VoteContext (VoteContext.java:log(48)) - omNode-2@group-523986131536-FOLLOWER: reject ELECTION from omNode-3: our last entry (t:5, i:34) > candidate's last entry (t:4, i:30)
2022-05-26 08:03:43,630 [grpc-default-executor-2] INFO  server.RaftServer$Division (RaftServerImpl.java:setRole(299)) - omNode-2@group-523986131536: changes role from  FOLLOWER to FOLLOWER at term 6 for candidate:omNode-3
2022-05-26 08:03:43,630 [grpc-default-executor-2] INFO  impl.RoleInfo (RoleInfo.java:shutdownFollowerState(110)) - omNode-2: shutdown omNode-2@group-523986131536-FollowerState
2022-05-26 08:03:43,630 [grpc-default-executor-2] INFO  impl.RoleInfo (RoleInfo.java:updateAndGet(139)) - omNode-2: start omNode-2@group-523986131536-FollowerState
2022-05-26 08:03:43,630 [omNode-2@group-523986131536-FollowerState] INFO  impl.FollowerState (FollowerState.java:run(152)) - omNode-2@group-523986131536-FollowerState was interrupted
2022-05-26 08:03:43,630 [grpc-default-executor-3] INFO  server.RaftServer$Division (RaftServerImpl.java:requestVote(1152)) - omNode-1@group-523986131536: receive requestVote(ELECTION, omNode-3, group-523986131536, 6, (t:4, i:30))
2022-05-26 08:03:43,631 [grpc-default-executor-3] INFO  impl.VoteContext (VoteContext.java:log(48)) - omNode-1@group-523986131536-FOLLOWER: reject ELECTION from omNode-3: our last entry (t:5, i:34) > candidate's last entry (t:4, i:30)
2022-05-26 08:03:43,631 [grpc-default-executor-3] INFO  server.RaftServer$Division (RaftServerImpl.java:setRole(299)) - omNode-1@group-523986131536: changes role from  FOLLOWER to FOLLOWER at term 6 for candidate:omNode-3
2022-05-26 08:03:43,631 [grpc-default-executor-3] INFO  impl.RoleInfo (RoleInfo.java:shutdownFollowerState(110)) - omNode-1: shutdown omNode-1@group-523986131536-FollowerState
2022-05-26 08:03:43,631 [grpc-default-executor-3] INFO  impl.RoleInfo (RoleInfo.java:updateAndGet(139)) - omNode-1: start omNode-1@group-523986131536-FollowerState
2022-05-26 08:03:43,631 [omNode-1@group-523986131536-FollowerState] INFO  impl.FollowerState (FollowerState.java:run(152)) - omNode-1@group-523986131536-FollowerState was interrupted
2022-05-26 08:03:43,633 [grpc-default-executor-2] INFO  server.RaftServer$Division (RaftServerImpl.java:requestVote(1184)) - omNode-2@group-523986131536 replies to ELECTION vote request: omNode-3<-omNode-2#0:FAIL-t6. Peer's state: omNode-2@group-523986131536:t6, leader=null, voted=null, raftlog=omNode-2@group-523986131536-SegmentedRaftLog:OPENED:c34, conf=31: [omNode-3|rpc:localhost:42233|admin:|client:|dataStream:|priority:0, omNode-1|rpc:localhost:40183|admin:|client:|dataStream:|priority:0, omNode-2|rpc:localhost:37413|admin:|client:|dataStream:|priority:0], old=null
2022-05-26 08:03:43,633 [grpc-default-executor-3] INFO  server.RaftServer$Division (RaftServerImpl.java:requestVote(1184)) - omNode-1@group-523986131536 replies to ELECTION vote request: omNode-3<-omNode-1#0:FAIL-t6. Peer's state: omNode-1@group-523986131536:t6, leader=null, voted=null, raftlog=omNode-1@group-523986131536-SegmentedRaftLog:OPENED:c34, conf=31: [omNode-3|rpc:localhost:42233|admin:|client:|dataStream:|priority:0, omNode-1|rpc:localhost:40183|admin:|client:|dataStream:|priority:0, omNode-2|rpc:localhost:37413|admin:|client:|dataStream:|priority:0], old=null
2022-05-26 08:03:43,636 [omNode-3@group-523986131536-LeaderElection16] INFO  impl.LeaderElection (LeaderElection.java:logAndReturn(90)) - omNode-3@group-523986131536-LeaderElection16: ELECTION REJECTED received 2 response(s) and 0 exception(s):
2022-05-26 08:03:43,636 [omNode-3@group-523986131536-LeaderElection16] INFO  impl.LeaderElection (LeaderElection.java:logAndReturn(94)) -   Response 0: omNode-3<-omNode-1#0:FAIL-t6
2022-05-26 08:03:43,636 [omNode-3@group-523986131536-LeaderElection16] INFO  impl.LeaderElection (LeaderElection.java:logAndReturn(94)) -   Response 1: omNode-3<-omNode-2#0:FAIL-t6
2022-05-26 08:03:43,636 [omNode-3@group-523986131536-LeaderElection16] INFO  impl.LeaderElection (LeaderElection.java:askForVotes(312)) - omNode-3@group-523986131536-LeaderElection16 ELECTION round 0: result REJECTED
2022-05-26 08:03:43,637 [omNode-3@group-523986131536-LeaderElection16] INFO  server.RaftServer$Division (RaftServerImpl.java:setRole(299)) - omNode-3@group-523986131536: changes role from CANDIDATE to FOLLOWER at term 6 for REJECTED
2022-05-26 08:03:43,637 [omNode-3@group-523986131536-LeaderElection16] INFO  impl.RoleInfo (RoleInfo.java:shutdownLeaderElection(130)) - omNode-3: shutdown omNode-3@group-523986131536-LeaderElection16
2022-05-26 08:03:43,637 [omNode-3@group-523986131536-LeaderElection16] INFO  impl.RoleInfo (RoleInfo.java:updateAndGet(139)) - omNode-3: start omNode-3@group-523986131536-FollowerState
2022-05-26 08:03:44,728 [omNode-3@group-523986131536-FollowerState] INFO  impl.FollowerState (FollowerState.java:run(143)) - omNode-3@group-523986131536-FollowerState: change to CANDIDATE, lastRpcElapsedTime:1091302247ns, electionTimeout:1087ms
2022-05-26 08:03:44,729 [omNode-3@group-523986131536-FollowerState] INFO  impl.RoleInfo (RoleInfo.java:shutdownFollowerState(110)) - omNode-3: shutdown omNode-3@group-523986131536-FollowerState
2022-05-26 08:03:44,729 [omNode-3@group-523986131536-FollowerState] INFO  server.RaftServer$Division (RaftServerImpl.java:setRole(299)) - omNode-3@group-523986131536: changes role from  FOLLOWER to CANDIDATE at term 6 for changeToCandidate
2022-05-26 08:03:44,733 [omNode-3@group-523986131536-FollowerState] INFO  server.RaftServerConfigKeys (ConfUtils.java:logGet(46)) - raft.server.leaderelection.pre-vote = false (custom)
2022-05-26 08:03:44,733 [omNode-3@group-523986131536-FollowerState] INFO  impl.RoleInfo (RoleInfo.java:updateAndGet(139)) - omNode-3: start omNode-3@group-523986131536-LeaderElection17
2022-05-26 08:03:44,735 [omNode-3@group-523986131536-LeaderElection17] INFO  impl.LeaderElection (LeaderElection.java:askForVotes(310)) - omNode-3@group-523986131536-LeaderElection17 ELECTION round 0: submit vote requests at term 7 for 27: [omNode-3|rpc:localhost:42233|admin:|client:|dataStream:|priority:0, omNode-1|rpc:localhost:40183|admin:|client:|dataStream:|priority:0, omNode-2|rpc:localhost:37413|admin:|client:|dataStream:|priority:0], old=null
2022-05-26 08:03:44,738 [grpc-default-executor-3] INFO  server.RaftServer$Division (RaftServerImpl.java:requestVote(1152)) - omNode-1@group-523986131536: receive requestVote(ELECTION, omNode-3, group-523986131536, 7, (t:4, i:30))
2022-05-26 08:03:44,738 [grpc-default-executor-3] INFO  impl.VoteContext (VoteContext.java:log(48)) - omNode-1@group-523986131536-FOLLOWER: reject ELECTION from omNode-3: our last entry (t:5, i:34) > candidate's last entry (t:4, i:30)
2022-05-26 08:03:44,738 [grpc-default-executor-3] INFO  server.RaftServer$Division (RaftServerImpl.java:setRole(299)) - omNode-1@group-523986131536: changes role from  FOLLOWER to FOLLOWER at term 7 for candidate:omNode-3
2022-05-26 08:03:44,738 [grpc-default-executor-3] INFO  impl.RoleInfo (RoleInfo.java:shutdownFollowerState(110)) - omNode-1: shutdown omNode-1@group-523986131536-FollowerState
2022-05-26 08:03:44,738 [grpc-default-executor-3] INFO  impl.RoleInfo (RoleInfo.java:updateAndGet(139)) - omNode-1: start omNode-1@group-523986131536-FollowerState
2022-05-26 08:03:44,738 [omNode-1@group-523986131536-FollowerState] INFO  impl.FollowerState (FollowerState.java:run(152)) - omNode-1@group-523986131536-FollowerState was interrupted
2022-05-26 08:03:44,739 [grpc-default-executor-2] INFO  server.RaftServer$Division (RaftServerImpl.java:requestVote(1152)) - omNode-2@group-523986131536: receive requestVote(ELECTION, omNode-3, group-523986131536, 7, (t:4, i:30))
2022-05-26 08:03:44,739 [grpc-default-executor-2] INFO  impl.VoteContext (VoteContext.java:log(48)) - omNode-2@group-523986131536-FOLLOWER: reject ELECTION from omNode-3: our last entry (t:5, i:34) > candidate's last entry (t:4, i:30)
2022-05-26 08:03:44,739 [grpc-default-executor-2] INFO  server.RaftServer$Division (RaftServerImpl.java:setRole(299)) - omNode-2@group-523986131536: changes role from  FOLLOWER to FOLLOWER at term 7 for candidate:omNode-3
2022-05-26 08:03:44,739 [grpc-default-executor-2] INFO  impl.RoleInfo (RoleInfo.java:shutdownFollowerState(110)) - omNode-2: shutdown omNode-2@group-523986131536-FollowerState
2022-05-26 08:03:44,739 [grpc-default-executor-2] INFO  impl.RoleInfo (RoleInfo.java:updateAndGet(139)) - omNode-2: start omNode-2@group-523986131536-FollowerState
2022-05-26 08:03:44,739 [omNode-2@group-523986131536-FollowerState] INFO  impl.FollowerState (FollowerState.java:run(152)) - omNode-2@group-523986131536-FollowerState was interrupted
2022-05-26 08:03:44,740 [grpc-default-executor-3] INFO  server.RaftServer$Division (RaftServerImpl.java:requestVote(1184)) - omNode-1@group-523986131536 replies to ELECTION vote request: omNode-3<-omNode-1#0:FAIL-t7. Peer's state: omNode-1@group-523986131536:t7, leader=null, voted=null, raftlog=omNode-1@group-523986131536-SegmentedRaftLog:OPENED:c34, conf=31: [omNode-3|rpc:localhost:42233|admin:|client:|dataStream:|priority:0, omNode-1|rpc:localhost:40183|admin:|client:|dataStream:|priority:0, omNode-2|rpc:localhost:37413|admin:|client:|dataStream:|priority:0], old=null
2022-05-26 08:03:44,741 [grpc-default-executor-2] INFO  server.RaftServer$Division (RaftServerImpl.java:requestVote(1184)) - omNode-2@group-523986131536 replies to ELECTION vote request: omNode-3<-omNode-2#0:FAIL-t7. Peer's state: omNode-2@group-523986131536:t7, leader=null, voted=null, raftlog=omNode-2@group-523986131536-SegmentedRaftLog:OPENED:c34, conf=31: [omNode-3|rpc:localhost:42233|admin:|client:|dataStream:|priority:0, omNode-1|rpc:localhost:40183|admin:|client:|dataStream:|priority:0, omNode-2|rpc:localhost:37413|admin:|client:|dataStream:|priority:0], old=null
2022-05-26 08:03:44,742 [omNode-3@group-523986131536-LeaderElection17] INFO  impl.LeaderElection (LeaderElection.java:logAndReturn(90)) - omNode-3@group-523986131536-LeaderElection17: ELECTION REJECTED received 2 response(s) and 0 exception(s):
2022-05-26 08:03:44,746 [omNode-3@group-523986131536-LeaderElection17] INFO  impl.LeaderElection (LeaderElection.java:logAndReturn(94)) -   Response 0: omNode-3<-omNode-1#0:FAIL-t7
2022-05-26 08:03:44,746 [omNode-3@group-523986131536-LeaderElection17] INFO  impl.LeaderElection (LeaderElection.java:logAndReturn(94)) -   Response 1: omNode-3<-omNode-2#0:FAIL-t7
2022-05-26 08:03:44,746 [omNode-3@group-523986131536-LeaderElection17] INFO  impl.LeaderElection (LeaderElection.java:askForVotes(312)) - omNode-3@group-523986131536-LeaderElection17 ELECTION round 0: result REJECTED
2022-05-26 08:03:44,746 [omNode-3@group-523986131536-LeaderElection17] INFO  server.RaftServer$Division (RaftServerImpl.java:setRole(299)) - omNode-3@group-523986131536: changes role from CANDIDATE to FOLLOWER at term 7 for REJECTED
2022-05-26 08:03:44,746 [omNode-3@group-523986131536-LeaderElection17] INFO  impl.RoleInfo (RoleInfo.java:shutdownLeaderElection(130)) - omNode-3: shutdown omNode-3@group-523986131536-LeaderElection17
2022-05-26 08:03:44,746 [omNode-3@group-523986131536-LeaderElection17] INFO  impl.RoleInfo (RoleInfo.java:updateAndGet(139)) - omNode-3: start omNode-3@group-523986131536-FollowerState
2022-05-26 08:03:45,526 [Listener at localhost/38277] INFO  retry.RetryInvocationHandler (RetryInvocationHandler.java:log(411)) - com.google.protobuf.ServiceException: org.apache.hadoop.ipc.RemoteException(org.apache.hadoop.ozone.om.exceptions.OMNotLeaderException): OM:omNode-1 is not the leader. Could not determine the leader node.
	at org.apache.hadoop.ozone.om.ratis.utils.OzoneManagerRatisUtils.createNotLeaderException(OzoneManagerRatisUtils.java:425)
	at org.apache.hadoop.ozone.om.ratis.utils.OzoneManagerRatisUtils.checkLeaderStatus(OzoneManagerRatisUtils.java:411)
	at org.apache.hadoop.ozone.protocolPB.OzoneManagerProtocolServerSideTranslatorPB.checkLeaderStatus(OzoneManagerProtocolServerSideTranslatorPB.java:304)
	at org.apache.hadoop.ozone.protocolPB.OzoneManagerProtocolServerSideTranslatorPB.processRequest(OzoneManagerProtocolServerSideTranslatorPB.java:183)
	at org.apache.hadoop.hdds.server.OzoneProtocolMessageDispatcher.processRequest(OzoneProtocolMessageDispatcher.java:87)
	at org.apache.hadoop.ozone.protocolPB.OzoneManagerProtocolServerSideTranslatorPB.submitRequest(OzoneManagerProtocolServerSideTranslatorPB.java:147)
	at org.apache.hadoop.ozone.protocol.proto.OzoneManagerProtocolProtos$OzoneManagerService$2.callBlockingMethod(OzoneManagerProtocolProtos.java)
	at org.apache.hadoop.ipc.ProtobufRpcEngine$Server.processCall(ProtobufRpcEngine.java:466)
	at org.apache.hadoop.ipc.ProtobufRpcEngine2$Server$ProtoBufRpcInvoker.call(ProtobufRpcEngine2.java:574)
	at org.apache.hadoop.ipc.ProtobufRpcEngine2$Server$ProtoBufRpcInvoker.call(ProtobufRpcEngine2.java:552)
	at org.apache.hadoop.ipc.RPC$Server.call(RPC.java:1093)
	at org.apache.hadoop.ipc.Server$RpcCall.run(Server.java:1035)
	at org.apache.hadoop.ipc.Server$RpcCall.run(Server.java:963)
	at java.security.AccessController.doPrivileged(Native Method)
	at javax.security.auth.Subject.doAs(Subject.java:422)
	at org.apache.hadoop.security.UserGroupInformation.doAs(UserGroupInformation.java:1878)
	at org.apache.hadoop.ipc.Server$Handler.run(Server.java:2966)
, while invoking $Proxy54.submitRequest over nodeId=omNode-1,nodeAddress=127.0.0.1:38409 after 3 failover attempts. Trying to failover immediately.
2022-05-26 08:03:45,531 [Listener at localhost/38277] INFO  retry.RetryInvocationHandler (RetryInvocationHandler.java:log(411)) - com.google.protobuf.ServiceException: org.apache.hadoop.ipc.RemoteException(org.apache.hadoop.ozone.om.exceptions.OMNotLeaderException): OM:omNode-2 is not the leader. Could not determine the leader node.
	at org.apache.hadoop.ozone.om.ratis.utils.OzoneManagerRatisUtils.createNotLeaderException(OzoneManagerRatisUtils.java:425)
	at org.apache.hadoop.ozone.om.ratis.utils.OzoneManagerRatisUtils.checkLeaderStatus(OzoneManagerRatisUtils.java:411)
	at org.apache.hadoop.ozone.protocolPB.OzoneManagerProtocolServerSideTranslatorPB.checkLeaderStatus(OzoneManagerProtocolServerSideTranslatorPB.java:304)
	at org.apache.hadoop.ozone.protocolPB.OzoneManagerProtocolServerSideTranslatorPB.processRequest(OzoneManagerProtocolServerSideTranslatorPB.java:183)
	at org.apache.hadoop.hdds.server.OzoneProtocolMessageDispatcher.processRequest(OzoneProtocolMessageDispatcher.java:87)
	at org.apache.hadoop.ozone.protocolPB.OzoneManagerProtocolServerSideTranslatorPB.submitRequest(OzoneManagerProtocolServerSideTranslatorPB.java:147)
	at org.apache.hadoop.ozone.protocol.proto.OzoneManagerProtocolProtos$OzoneManagerService$2.callBlockingMethod(OzoneManagerProtocolProtos.java)
	at org.apache.hadoop.ipc.ProtobufRpcEngine$Server.processCall(ProtobufRpcEngine.java:466)
	at org.apache.hadoop.ipc.ProtobufRpcEngine2$Server$ProtoBufRpcInvoker.call(ProtobufRpcEngine2.java:574)
	at org.apache.hadoop.ipc.ProtobufRpcEngine2$Server$ProtoBufRpcInvoker.call(ProtobufRpcEngine2.java:552)
	at org.apache.hadoop.ipc.RPC$Server.call(RPC.java:1093)
	at org.apache.hadoop.ipc.Server$RpcCall.run(Server.java:1035)
	at org.apache.hadoop.ipc.Server$RpcCall.run(Server.java:963)
	at java.security.AccessController.doPrivileged(Native Method)
	at javax.security.auth.Subject.doAs(Subject.java:422)
	at org.apache.hadoop.security.UserGroupInformation.doAs(UserGroupInformation.java:1878)
	at org.apache.hadoop.ipc.Server$Handler.run(Server.java:2966)
, while invoking $Proxy54.submitRequest over nodeId=omNode-2,nodeAddress=127.0.0.1:38277 after 4 failover attempts. Trying to failover immediately.
2022-05-26 08:03:45,534 [Listener at localhost/38277] ERROR ha.OMFailoverProxyProvider (OMFailoverProxyProvider.java:getRetryAction(294)) - Failed to connect to OMs: [nodeId=omNode-3,nodeAddress=127.0.0.1:46875, nodeId=omNode-1,nodeAddress=127.0.0.1:38409, nodeId=omNode-2,nodeAddress=127.0.0.1:38277]. Attempted 5 failovers.
2022-05-26 08:03:45,537 [Listener at localhost/38277] INFO  om.OzoneManager (OzoneManager.java:stop(1960)) - omNode-3[localhost:46875]: Stopping Ozone Manager
2022-05-26 08:03:45,537 [Listener at localhost/38277] INFO  ipc.Server (Server.java:stop(3414)) - Stopping server on 46875
2022-05-26 08:03:45,538 [IPC Server listener on 46875] INFO  ipc.Server (Server.java:run(1376)) - Stopping IPC Server listener on 46875
2022-05-26 08:03:45,539 [IPC Server Responder] INFO  ipc.Server (Server.java:run(1512)) - Stopping IPC Server Responder
2022-05-26 08:03:45,539 [Listener at localhost/38277] INFO  server.RaftServer (RaftServerProxy.java:lambda$close$7(398)) - omNode-3: close
2022-05-26 08:03:45,540 [Listener at localhost/38277] INFO  server.RaftServer$Division (RaftServerImpl.java:lambda$close$4(434)) - omNode-3@group-523986131536: shutdown
2022-05-26 08:03:45,540 [Listener at localhost/38277] INFO  util.JmxRegister (JmxRegister.java:unregister(73)) - Successfully un-registered JMX Bean with object name Ratis:service=RaftServer,group=group-523986131536,id=omNode-3
2022-05-26 08:03:45,540 [Listener at localhost/38277] INFO  impl.RoleInfo (RoleInfo.java:shutdownFollowerState(110)) - omNode-3: shutdown omNode-3@group-523986131536-FollowerState
2022-05-26 08:03:45,540 [Listener at localhost/38277] INFO  impl.StateMachineUpdater (StateMachineUpdater.java:stopAndJoin(153)) - omNode-3@group-523986131536-StateMachineUpdater: set stopIndex = 30
2022-05-26 08:03:45,540 [omNode-3@group-523986131536-StateMachineUpdater] INFO  ratis.OzoneManagerStateMachine (OzoneManagerStateMachine.java:close(490)) - StateMachine has shutdown. Shutdown OzoneManager if not already shutdown.
2022-05-26 08:03:45,540 [omNode-3@group-523986131536-StateMachineUpdater] INFO  ratis.OzoneManagerDoubleBuffer (OzoneManagerDoubleBuffer.java:stop(465)) - Stopping OMDoubleBuffer flush thread
2022-05-26 08:03:45,540 [omNode-3@group-523986131536-FollowerState] INFO  impl.FollowerState (FollowerState.java:run(152)) - omNode-3@group-523986131536-FollowerState was interrupted
2022-05-26 08:03:45,540 [OMDoubleBufferFlushThread] INFO  ratis.OzoneManagerDoubleBuffer (OzoneManagerDoubleBuffer.java:flushTransactions(385)) - OMDoubleBuffer flush thread OMDoubleBufferFlushThread is interrupted and will exit.
2022-05-26 08:03:45,541 [Listener at localhost/38277] INFO  server.RaftServer$Division (ServerState.java:close(429)) - omNode-3@group-523986131536: closes. applyIndex: 30
2022-05-26 08:03:45,541 [omNode-3@group-523986131536-SegmentedRaftLogWorker] INFO  segmented.SegmentedRaftLogWorker (SegmentedRaftLogWorker.java:run(336)) - omNode-3@group-523986131536-SegmentedRaftLogWorker was interrupted, exiting. There are 0 tasks remaining in the queue.
2022-05-26 08:03:45,541 [Listener at localhost/38277] INFO  segmented.SegmentedRaftLogWorker (SegmentedRaftLogWorker.java:close(246)) - omNode-3@group-523986131536-SegmentedRaftLogWorker close()
2022-05-26 08:03:45,542 [Listener at localhost/38277] INFO  server.GrpcService (GrpcService.java:closeImpl(269)) - omNode-3: shutdown server with port 42233 now
2022-05-26 08:03:45,548 [Listener at localhost/38277] INFO  server.GrpcService (GrpcService.java:closeImpl(278)) - omNode-3: shutdown server with port 42233 successfully
2022-05-26 08:03:45,548 [org.apache.ratis.util.JvmPauseMonitor$$Lambda$691/456821109@716ccf44] INFO  util.JvmPauseMonitor (JvmPauseMonitor.java:run(109)) - JvmPauseMonitor-omNode-3: Stopped
2022-05-26 08:03:45,548 [Listener at localhost/38277] INFO  ratis.OzoneManagerStateMachine (OzoneManagerStateMachine.java:close(490)) - StateMachine has shutdown. Shutdown OzoneManager if not already shutdown.
2022-05-26 08:03:45,549 [Listener at localhost/38277] INFO  ratis.OzoneManagerDoubleBuffer (OzoneManagerDoubleBuffer.java:stop(477)) - OMDoubleBuffer flush thread is not running.
2022-05-26 08:03:45,549 [Listener at localhost/38277] INFO  handler.ContextHandler (ContextHandler.java:doStop(1153)) - Stopped o.e.j.w.WebAppContext@37aa9b89{ozoneManager,/,null,STOPPED}{file:/home/runner/work/ozone/ozone/hadoop-ozone/integration-test/target/test-classes/webapps/ozoneManager}
2022-05-26 08:03:45,550 [Listener at localhost/38277] INFO  server.AbstractConnector (AbstractConnector.java:doStop(381)) - Stopped ServerConnector@6f272319{HTTP/1.1, (http/1.1)}{0.0.0.0:39517}
2022-05-26 08:03:45,550 [Listener at localhost/38277] INFO  server.session (HouseKeeper.java:stopScavenging(149)) - node0 Stopped scavenging
2022-05-26 08:03:45,550 [Listener at localhost/38277] INFO  handler.ContextHandler (ContextHandler.java:doStop(1153)) - Stopped o.e.j.s.ServletContextHandler@2e9d1b66{static,/static,file:///home/runner/work/ozone/ozone/hadoop-ozone/integration-test/target/test-classes/webapps/static,STOPPED}
2022-05-26 08:03:45,550 [Listener at localhost/38277] INFO  handler.ContextHandler (ContextHandler.java:doStop(1153)) - Stopped o.e.j.s.ServletContextHandler@53d01be{logs,/logs,file:///home/runner/work/ozone/ozone/hadoop-ozone/integration-test/target/log,STOPPED}
2022-05-26 08:03:45,552 [Listener at localhost/38277] INFO  om.OzoneManager (OzoneManager.java:restart(1497)) - OzoneManager RPC server is listening at localhost/127.0.0.1:46875
2022-05-26 08:03:45,552 [Listener at localhost/38277] INFO  impl.MetricsSystemImpl (MetricsSystemImpl.java:init(158)) - OzoneManager metrics system started (again)
2022-05-26 08:03:45,563 [Listener at localhost/38277] WARN  server.ServerUtils (ServerUtils.java:getDBPath(225)) - ozone.om.db.dirs is not configured. We recommend adding this setting. Falling back to ozone.metadata.dirs instead.
2022-05-26 08:03:45,564 [Listener at localhost/38277] INFO  codec.OmKeyInfoCodec (OmKeyInfoCodec.java:<init>(49)) - OmKeyInfoCodec ignorePipeline = true
2022-05-26 08:03:45,564 [Listener at localhost/38277] INFO  codec.RepeatedOmKeyInfoCodec (RepeatedOmKeyInfoCodec.java:<init>(41)) - RepeatedOmKeyInfoCodec ignorePipeline = true
2022-05-26 08:03:45,594 [Listener at localhost/38277] WARN  impl.MetricRegistriesImpl (MetricRegistriesImpl.java:addReporterRegistration(111)) - New reporters are added after registries were created. Some metrics will be missing from the reporter. Please add reporter before adding any new registry.
2022-05-26 08:03:45,594 [Listener at localhost/38277] WARN  impl.MetricRegistriesImpl (MetricRegistriesImpl.java:addReporterRegistration(111)) - New reporters are added after registries were created. Some metrics will be missing from the reporter. Please add reporter before adding any new registry.
2022-05-26 08:03:45,594 [Listener at localhost/38277] WARN  server.ServerUtils (ServerUtils.java:getDefaultRatisDirectory(237)) - Storage directory for Ratis is not configured. It is a good idea to map this to an SSD disk. Falling back to ozone.metadata.dirs
2022-05-26 08:03:45,595 [Listener at localhost/38277] INFO  ratis.OzoneManagerRatisServer (OzoneManagerRatisServer.java:<init>(159)) - Instantiating OM Ratis server with groupID: om-service-test1 and peers: localhost:42233, localhost:40183, localhost:37413
2022-05-26 08:03:45,595 [Listener at localhost/38277] INFO  ratis.OzoneManagerStateMachine (OzoneManagerStateMachine.java:loadSnapshotInfoFromDB(627)) - LastAppliedIndex is set from TransactionInfo from OM DB as (t:4, i:30)
2022-05-26 08:03:45,596 [Listener at localhost/38277] INFO  server.RaftServer (ConfUtils.java:logGet(46)) - raft.rpc.type = GRPC (default)
2022-05-26 08:03:45,596 [Listener at localhost/38277] INFO  grpc.GrpcFactory (GrpcFactory.java:checkPooledByteBufAllocatorUseCacheForAllThreads(48)) - PERFORMANCE WARNING: useCacheForAllThreads is true that may cause Netty to create a lot garbage objects and, as a result, trigger GC.
	It is recommended to disable useCacheForAllThreads by setting -Dorg.apache.ratis.thirdparty.io.netty.allocator.useCacheForAllThreads=false in command line.
2022-05-26 08:03:45,596 [Listener at localhost/38277] INFO  grpc.GrpcConfigKeys (ConfUtils.java:logGet(46)) - raft.grpc.admin.port = -1 (default)
2022-05-26 08:03:45,596 [Listener at localhost/38277] INFO  grpc.GrpcConfigKeys (ConfUtils.java:logGet(46)) - raft.grpc.server.port = 42233 (custom)
2022-05-26 08:03:45,596 [Listener at localhost/38277] INFO  grpc.GrpcConfigKeys (ConfUtils.java:logGet(46)) - raft.grpc.client.port = -1 (default)
2022-05-26 08:03:45,596 [Listener at localhost/38277] INFO  grpc.GrpcConfigKeys (ConfUtils.java:logGet(46)) - raft.grpc.server.port = 42233 (custom)
2022-05-26 08:03:45,596 [Listener at localhost/38277] INFO  grpc.GrpcConfigKeys (ConfUtils.java:logGet(46)) - raft.grpc.server.port = 42233 (custom)
2022-05-26 08:03:45,596 [Listener at localhost/38277] INFO  server.GrpcService (ConfUtils.java:logGet(46)) - raft.grpc.message.size.max = 33554432 (custom)
2022-05-26 08:03:45,597 [Listener at localhost/38277] INFO  server.RaftServerConfigKeys (ConfUtils.java:logGet(46)) - raft.server.log.appender.buffer.byte-limit = 33554432 (custom)
2022-05-26 08:03:45,597 [Listener at localhost/38277] INFO  server.GrpcService (ConfUtils.java:logGet(46)) - raft.grpc.flow.control.window = 1MB (=1048576) (default)
2022-05-26 08:03:45,597 [Listener at localhost/38277] INFO  server.RaftServerConfigKeys (ConfUtils.java:logGet(46)) - raft.server.rpc.request.timeout = 3000ms (default)
2022-05-26 08:03:45,597 [Listener at localhost/38277] INFO  grpc.GrpcConfigKeys (ConfUtils.java:logGet(46)) - raft.grpc.server.async.request.thread.pool.cached = true (default)
2022-05-26 08:03:45,597 [Listener at localhost/38277] INFO  grpc.GrpcConfigKeys (ConfUtils.java:logGet(46)) - raft.grpc.server.async.request.thread.pool.size = 32 (default)
2022-05-26 08:03:45,598 [Listener at localhost/38277] INFO  impl.DataStreamServerImpl (ConfUtils.java:logGet(46)) - raft.datastream.type = DISABLED (default)
2022-05-26 08:03:45,598 [Listener at localhost/38277] INFO  server.RaftServerConfigKeys (ConfUtils.java:logGet(46)) - raft.server.threadpool.proxy.cached = true (default)
2022-05-26 08:03:45,598 [Listener at localhost/38277] INFO  server.RaftServerConfigKeys (ConfUtils.java:logGet(46)) - raft.server.threadpool.proxy.size = 0 (default)
2022-05-26 08:03:45,598 [Listener at localhost/38277] INFO  server.RaftServerConfigKeys (ConfUtils.java:logGet(46)) - raft.server.rpc.slowness.timeout = 2s (custom)
2022-05-26 08:03:45,598 [Listener at localhost/38277] INFO  server.RaftServerConfigKeys (ConfUtils.java:logGet(46)) - raft.server.leaderelection.leader.step-down.wait-time = 10s (default)
2022-05-26 08:03:45,599 [Listener at localhost/38277] INFO  server.RaftServerConfigKeys (ConfUtils.java:logGet(46)) - raft.server.storage.dir = [/home/runner/work/ozone/ozone/hadoop-ozone/integration-test/target/test-dir/MiniOzoneClusterImpl-17bb6255-4ab1-443a-98be-5fd7627ecb82/omNode-3/ratis] (custom)
2022-05-26 08:03:45,599 [omNode-3-impl-thread1] INFO  server.RaftServer (RaftServerProxy.java:initGroupDir(247)) - omNode-3: found a subdirectory /home/runner/work/ozone/ozone/hadoop-ozone/integration-test/target/test-dir/MiniOzoneClusterImpl-17bb6255-4ab1-443a-98be-5fd7627ecb82/omNode-3/ratis/c9bc4cf4-3bc3-3c60-a66b-523986131536
2022-05-26 08:03:45,599 [Listener at localhost/38277] INFO  server.RaftServer (RaftServerProxy.java:addNew(96)) - omNode-3: addNew group-523986131536:[omNode-3|rpc:localhost:42233|priority:0, omNode-1|rpc:localhost:40183|priority:0, omNode-2|rpc:localhost:37413|priority:0] returns group-523986131536:java.util.concurrent.CompletableFuture@3c616237[Not completed]
2022-05-26 08:03:45,599 [pool-572-thread-1] INFO  server.RaftServer$Division (RaftServerImpl.java:<init>(190)) - omNode-3: new RaftServerImpl for group-523986131536:[omNode-3|rpc:localhost:42233|priority:0, omNode-1|rpc:localhost:40183|priority:0, omNode-2|rpc:localhost:37413|priority:0] with OzoneManagerStateMachine:uninitialized
2022-05-26 08:03:45,599 [Listener at localhost/38277] INFO  om.OzoneManager (OzoneManager.java:initializeRatisServer(1901)) - OzoneManager Ratis server initialized at port 42233
2022-05-26 08:03:45,599 [pool-572-thread-1] INFO  server.RaftServerConfigKeys (ConfUtils.java:logGet(46)) - raft.server.rpc.timeout.min = 1s (custom)
2022-05-26 08:03:45,599 [Listener at localhost/38277] INFO  ratis.OzoneManagerRatisServer (OzoneManagerRatisServer.java:start(554)) - Starting OzoneManagerRatisServer omNode-3 at port 42233
2022-05-26 08:03:45,599 [pool-572-thread-1] INFO  server.RaftServerConfigKeys (ConfUtils.java:logGet(46)) - raft.server.rpc.timeout.max = 1200ms (custom)
2022-05-26 08:03:45,600 [pool-572-thread-1] INFO  server.RaftServerConfigKeys (ConfUtils.java:logGet(46)) - raft.server.rpc.sleep.time = 25ms (default)
2022-05-26 08:03:45,600 [pool-572-thread-1] INFO  server.RaftServerConfigKeys (ConfUtils.java:logGet(46)) - raft.server.rpc.slowness.timeout = 2s (custom)
2022-05-26 08:03:45,600 [pool-572-thread-1] INFO  server.RaftServerConfigKeys (ConfUtils.java:logGet(46)) - raft.server.leaderelection.leader.step-down.wait-time = 10s (default)
2022-05-26 08:03:45,600 [pool-572-thread-1] INFO  server.RaftServerConfigKeys (ConfUtils.java:logGet(46)) - raft.server.sleep.deviation.threshold = 300ms (default)
2022-05-26 08:03:45,600 [pool-572-thread-1] INFO  server.RaftServer$Division (ServerState.java:<init>(107)) - omNode-3@group-523986131536: ConfigurationManager, init=-1: [omNode-3|rpc:localhost:42233|priority:0, omNode-1|rpc:localhost:40183|priority:0, omNode-2|rpc:localhost:37413|priority:0], old=null, confs=<EMPTY_MAP>
2022-05-26 08:03:45,600 [pool-572-thread-1] INFO  server.RaftServerConfigKeys (ConfUtils.java:logGet(46)) - raft.server.storage.dir = [/home/runner/work/ozone/ozone/hadoop-ozone/integration-test/target/test-dir/MiniOzoneClusterImpl-17bb6255-4ab1-443a-98be-5fd7627ecb82/omNode-3/ratis] (custom)
2022-05-26 08:03:45,600 [pool-572-thread-1] INFO  server.RaftServerConfigKeys (ConfUtils.java:logGet(46)) - raft.server.log.corruption.policy = EXCEPTION (default)
2022-05-26 08:03:45,600 [pool-572-thread-1] INFO  server.RaftServerConfigKeys (ConfUtils.java:logGet(46)) - raft.server.storage.free-space.min = 0MB (=0) (default)
2022-05-26 08:03:45,601 [pool-572-thread-1] INFO  storage.RaftStorageDirectory (RaftStorageDirectoryImpl.java:tryLock(230)) - Lock on /home/runner/work/ozone/ozone/hadoop-ozone/integration-test/target/test-dir/MiniOzoneClusterImpl-17bb6255-4ab1-443a-98be-5fd7627ecb82/omNode-3/ratis/c9bc4cf4-3bc3-3c60-a66b-523986131536/in_use.lock acquired by nodename 18146@fv-az35-51
2022-05-26 08:03:45,602 [pool-572-thread-1] INFO  storage.RaftStorage (RaftStorageImpl.java:analyzeAndRecoverStorage(110)) - Read RaftStorageMetadata{term=7, votedFor=omNode-3} from /home/runner/work/ozone/ozone/hadoop-ozone/integration-test/target/test-dir/MiniOzoneClusterImpl-17bb6255-4ab1-443a-98be-5fd7627ecb82/omNode-3/ratis/c9bc4cf4-3bc3-3c60-a66b-523986131536/current/raft-meta
2022-05-26 08:03:45,602 [pool-572-thread-1] INFO  server.RaftServer$Division (ServerState.java:setRaftConf(393)) - omNode-3@group-523986131536: set configuration 27: [omNode-3|rpc:localhost:42233|admin:|client:|dataStream:|priority:0, omNode-1|rpc:localhost:40183|admin:|client:|dataStream:|priority:0, omNode-2|rpc:localhost:37413|admin:|client:|dataStream:|priority:0], old=null
2022-05-26 08:03:45,602 [pool-572-thread-1] INFO  server.RaftServerConfigKeys (ConfUtils.java:logGet(46)) - raft.server.notification.no-leader.timeout = 2s (custom)
2022-05-26 08:03:45,602 [pool-572-thread-1] INFO  server.RaftServerConfigKeys (ConfUtils.java:logGet(46)) - raft.server.log.use.memory = false (default)
2022-05-26 08:03:45,602 [pool-572-thread-1] INFO  server.RaftServerConfigKeys (ConfUtils.java:logGet(46)) - raft.server.log.purge.gap = 50 (custom)
2022-05-26 08:03:45,602 [pool-572-thread-1] INFO  server.RaftServerConfigKeys (ConfUtils.java:logGet(46)) - raft.server.log.appender.buffer.byte-limit = 33554432 (custom)
2022-05-26 08:03:45,602 [pool-572-thread-1] INFO  server.RaftServerConfigKeys (ConfUtils.java:logGet(46)) - raft.server.log.statemachine.data.read.timeout = 1000ms (default)
2022-05-26 08:03:45,602 [pool-572-thread-1] INFO  server.RaftServerConfigKeys (ConfUtils.java:logGet(46)) - raft.server.log.segment.size.max = 4194304 (custom)
2022-05-26 08:03:45,603 [pool-572-thread-1] INFO  server.RaftServerConfigKeys (ConfUtils.java:logGet(46)) - raft.server.log.segment.cache.num.max = 2 (custom)
2022-05-26 08:03:45,603 [pool-572-thread-1] INFO  server.RaftServerConfigKeys (ConfUtils.java:logGet(46)) - raft.server.log.segment.cache.size.max = 200MB (=209715200) (default)
2022-05-26 08:03:45,603 [pool-572-thread-1] INFO  segmented.SegmentedRaftLogWorker (SegmentedRaftLogWorker.java:<init>(187)) - new omNode-3@group-523986131536-SegmentedRaftLogWorker for RaftStorageImpl:Storage Directory /home/runner/work/ozone/ozone/hadoop-ozone/integration-test/target/test-dir/MiniOzoneClusterImpl-17bb6255-4ab1-443a-98be-5fd7627ecb82/omNode-3/ratis/c9bc4cf4-3bc3-3c60-a66b-523986131536
2022-05-26 08:03:45,603 [pool-572-thread-1] INFO  server.RaftServerConfigKeys (ConfUtils.java:logGet(46)) - raft.server.log.queue.byte-limit = 64MB (=67108864) (default)
2022-05-26 08:03:45,603 [pool-572-thread-1] INFO  server.RaftServerConfigKeys (ConfUtils.java:logGet(46)) - raft.server.log.queue.element-limit = 4096 (default)
2022-05-26 08:03:45,603 [pool-572-thread-1] INFO  server.RaftServerConfigKeys (ConfUtils.java:logGet(46)) - raft.server.log.segment.size.max = 4194304 (custom)
2022-05-26 08:03:45,603 [pool-572-thread-1] INFO  server.RaftServerConfigKeys (ConfUtils.java:logGet(46)) - raft.server.log.preallocated.size = 4194304 (custom)
2022-05-26 08:03:45,603 [pool-572-thread-1] INFO  server.RaftServerConfigKeys (ConfUtils.java:logGet(46)) - raft.server.log.force.sync.num = 128 (default)
2022-05-26 08:03:45,603 [pool-572-thread-1] INFO  server.RaftServerConfigKeys (ConfUtils.java:logGet(46)) - raft.server.log.statemachine.data.sync = true (default)
2022-05-26 08:03:45,603 [pool-572-thread-1] INFO  server.RaftServerConfigKeys (ConfUtils.java:logGet(46)) - raft.server.log.statemachine.data.sync.timeout = 10s (default)
2022-05-26 08:03:45,603 [pool-572-thread-1] INFO  server.RaftServerConfigKeys (ConfUtils.java:logGet(46)) - raft.server.log.statemachine.data.sync.timeout.retry = -1 (default)
2022-05-26 08:03:45,604 [pool-572-thread-1] INFO  server.RaftServerConfigKeys (ConfUtils.java:logGet(46)) - raft.server.log.write.buffer.size = 64KB (=65536) (default)
2022-05-26 08:03:45,604 [pool-572-thread-1] INFO  server.RaftServerConfigKeys (ConfUtils.java:logGet(46)) - raft.server.log.unsafe-flush.enabled = false (default)
2022-05-26 08:03:45,604 [pool-572-thread-1] INFO  server.RaftServerConfigKeys (ConfUtils.java:logGet(46)) - raft.server.log.statemachine.data.caching.enabled = false (default)
2022-05-26 08:03:45,605 [pool-572-thread-1] INFO  server.RaftServer$Division (ServerState.java:setRaftConf(393)) - omNode-3@group-523986131536: set configuration 0: [omNode-3|rpc:localhost:42233|admin:|client:|dataStream:|priority:0, omNode-1|rpc:localhost:40183|admin:|client:|dataStream:|priority:0, omNode-2|rpc:localhost:37413|admin:|client:|dataStream:|priority:0], old=null
2022-05-26 08:03:45,605 [pool-572-thread-1] INFO  segmented.LogSegment (LogSegment.java:loadSegment(173)) - Successfully read 7 entries from segment file /home/runner/work/ozone/ozone/hadoop-ozone/integration-test/target/test-dir/MiniOzoneClusterImpl-17bb6255-4ab1-443a-98be-5fd7627ecb82/omNode-3/ratis/c9bc4cf4-3bc3-3c60-a66b-523986131536/current/log_0-6
2022-05-26 08:03:45,605 [pool-572-thread-1] INFO  server.RaftServer$Division (ServerState.java:setRaftConf(393)) - omNode-3@group-523986131536: set configuration 7: [omNode-3|rpc:localhost:42233|admin:|client:|dataStream:|priority:0, omNode-1|rpc:localhost:40183|admin:|client:|dataStream:|priority:0, omNode-2|rpc:localhost:37413|admin:|client:|dataStream:|priority:0], old=null
2022-05-26 08:03:45,605 [pool-572-thread-1] INFO  segmented.LogSegment (LogSegment.java:loadSegment(173)) - Successfully read 8 entries from segment file /home/runner/work/ozone/ozone/hadoop-ozone/integration-test/target/test-dir/MiniOzoneClusterImpl-17bb6255-4ab1-443a-98be-5fd7627ecb82/omNode-3/ratis/c9bc4cf4-3bc3-3c60-a66b-523986131536/current/log_7-14
2022-05-26 08:03:45,606 [pool-572-thread-1] INFO  server.RaftServer$Division (ServerState.java:setRaftConf(393)) - omNode-3@group-523986131536: set configuration 15: [omNode-3|rpc:localhost:42233|admin:|client:|dataStream:|priority:0, omNode-1|rpc:localhost:40183|admin:|client:|dataStream:|priority:0, omNode-2|rpc:localhost:37413|admin:|client:|dataStream:|priority:0], old=null
2022-05-26 08:03:45,606 [pool-572-thread-1] INFO  segmented.LogSegment (LogSegment.java:loadSegment(173)) - Successfully read 12 entries from segment file /home/runner/work/ozone/ozone/hadoop-ozone/integration-test/target/test-dir/MiniOzoneClusterImpl-17bb6255-4ab1-443a-98be-5fd7627ecb82/omNode-3/ratis/c9bc4cf4-3bc3-3c60-a66b-523986131536/current/log_15-26
2022-05-26 08:03:45,606 [pool-572-thread-1] INFO  server.RaftServer$Division (ServerState.java:setRaftConf(393)) - omNode-3@group-523986131536: set configuration 27: [omNode-3|rpc:localhost:42233|admin:|client:|dataStream:|priority:0, omNode-1|rpc:localhost:40183|admin:|client:|dataStream:|priority:0, omNode-2|rpc:localhost:37413|admin:|client:|dataStream:|priority:0], old=null
2022-05-26 08:03:45,606 [pool-572-thread-1] INFO  segmented.LogSegment (LogSegment.java:loadSegment(173)) - Successfully read 4 entries from segment file /home/runner/work/ozone/ozone/hadoop-ozone/integration-test/target/test-dir/MiniOzoneClusterImpl-17bb6255-4ab1-443a-98be-5fd7627ecb82/omNode-3/ratis/c9bc4cf4-3bc3-3c60-a66b-523986131536/current/log_inprogress_27
2022-05-26 08:03:45,606 [pool-572-thread-1] INFO  segmented.SegmentedRaftLogWorker (SegmentedRaftLogWorker.java:lambda$new$0(135)) - omNode-3@group-523986131536-SegmentedRaftLogWorker: flushIndex: setUnconditionally 0 -> 30
2022-05-26 08:03:45,606 [pool-572-thread-1] INFO  segmented.SegmentedRaftLogWorker (SegmentedRaftLogWorker.java:lambda$new$0(135)) - omNode-3@group-523986131536-SegmentedRaftLogWorker: safeCacheEvictIndex: setUnconditionally 0 -> 26
2022-05-26 08:03:45,607 [pool-572-thread-1] INFO  raftlog.RaftLog (RaftLogBase.java:lambda$new$0(53)) - omNode-3@group-523986131536-SegmentedRaftLog: commitIndex: updateToMax old=30, new=29, updated? false
2022-05-26 08:03:45,607 [pool-572-thread-1] INFO  server.RaftServerConfigKeys (ConfUtils.java:logGet(46)) - raft.server.snapshot.auto.trigger.enabled = true (custom)
2022-05-26 08:03:45,607 [pool-572-thread-1] INFO  server.RaftServerConfigKeys (ConfUtils.java:logGet(46)) - raft.server.snapshot.auto.trigger.threshold = 50 (custom)
2022-05-26 08:03:45,607 [pool-572-thread-1] INFO  server.RaftServerConfigKeys (ConfUtils.java:logGet(46)) - raft.server.snapshot.retention.file.num = -1 (default)
2022-05-26 08:03:45,607 [pool-572-thread-1] INFO  server.RaftServerConfigKeys (ConfUtils.java:logGet(46)) - raft.server.log.purge.upto.snapshot.index = true (custom)
2022-05-26 08:03:45,607 [pool-572-thread-1] INFO  server.RaftServerConfigKeys (ConfUtils.java:logGet(46)) - raft.server.retrycache.expirytime = 30000ms (custom)
2022-05-26 08:03:45,607 [pool-572-thread-1] INFO  server.RaftServerConfigKeys (ConfUtils.java:logGet(46)) - raft.server.retrycache.statistics.expirytime = 100μs (default)
2022-05-26 08:03:45,608 [pool-572-thread-1] INFO  server.RaftServerConfigKeys (ConfUtils.java:logGet(46)) - raft.server.log.appender.install.snapshot.enabled = false (custom)
2022-05-26 08:03:45,608 [pool-572-thread-1] INFO  server.RaftServerConfigKeys (ConfUtils.java:logGet(46)) - raft.server.threadpool.server.cached = true (default)
2022-05-26 08:03:45,608 [pool-572-thread-1] INFO  server.RaftServerConfigKeys (ConfUtils.java:logGet(46)) - raft.server.threadpool.server.size = 0 (default)
2022-05-26 08:03:45,608 [pool-572-thread-1] INFO  server.RaftServerConfigKeys (ConfUtils.java:logGet(46)) - raft.server.threadpool.client.cached = true (default)
2022-05-26 08:03:45,608 [pool-572-thread-1] INFO  server.RaftServerConfigKeys (ConfUtils.java:logGet(46)) - raft.server.threadpool.client.size = 0 (default)
2022-05-26 08:03:45,610 [omNode-3-impl-thread1] INFO  server.RaftServer$Division (RaftServerImpl.java:start(310)) - omNode-3@group-523986131536: start as a follower, conf=27: [omNode-3|rpc:localhost:42233|admin:|client:|dataStream:|priority:0, omNode-1|rpc:localhost:40183|admin:|client:|dataStream:|priority:0, omNode-2|rpc:localhost:37413|admin:|client:|dataStream:|priority:0], old=null
2022-05-26 08:03:45,610 [omNode-3-impl-thread1] INFO  server.RaftServer$Division (RaftServerImpl.java:setRole(299)) - omNode-3@group-523986131536: changes role from      null to FOLLOWER at term 7 for startAsFollower
2022-05-26 08:03:45,610 [omNode-3-impl-thread1] INFO  impl.RoleInfo (RoleInfo.java:updateAndGet(139)) - omNode-3: start omNode-3@group-523986131536-FollowerState
2022-05-26 08:03:45,611 [omNode-3-impl-thread1] INFO  util.JmxRegister (JmxRegister.java:tryRegister(44)) - Successfully registered JMX Bean with object name Ratis:service=RaftServer,group=group-523986131536,id=omNode-3
2022-05-26 08:03:45,611 [Listener at localhost/38277] INFO  server.RaftServer (RaftServerProxy.java:lambda$start$6(382)) - omNode-3: start RPC server
2022-05-26 08:03:45,613 [Listener at localhost/38277] INFO  server.GrpcService (GrpcService.java:startImpl(260)) - omNode-3: GrpcService started, listening on 42233
2022-05-26 08:03:45,613 [Listener at localhost/38277] INFO  om.OzoneManager (OzoneManager.java:getRpcServer(1030)) - Creating RPC Server
2022-05-26 08:03:45,613 [org.apache.ratis.util.JvmPauseMonitor$$Lambda$691/456821109@c0d547e] INFO  util.JvmPauseMonitor (JvmPauseMonitor.java:run(103)) - JvmPauseMonitor-omNode-3: Started
2022-05-26 08:03:45,793 [omNode-2@group-523986131536-FollowerState] INFO  impl.FollowerState (FollowerState.java:run(143)) - omNode-2@group-523986131536-FollowerState: change to CANDIDATE, lastRpcElapsedTime:1053377806ns, electionTimeout:1051ms
2022-05-26 08:03:45,793 [omNode-2@group-523986131536-FollowerState] INFO  impl.RoleInfo (RoleInfo.java:shutdownFollowerState(110)) - omNode-2: shutdown omNode-2@group-523986131536-FollowerState
2022-05-26 08:03:45,793 [omNode-2@group-523986131536-FollowerState] INFO  server.RaftServer$Division (RaftServerImpl.java:setRole(299)) - omNode-2@group-523986131536: changes role from  FOLLOWER to CANDIDATE at term 7 for changeToCandidate
2022-05-26 08:03:45,793 [omNode-2@group-523986131536-FollowerState] INFO  server.RaftServerConfigKeys (ConfUtils.java:logGet(46)) - raft.server.leaderelection.pre-vote = false (custom)
2022-05-26 08:03:45,793 [omNode-2@group-523986131536-FollowerState] INFO  impl.RoleInfo (RoleInfo.java:updateAndGet(139)) - omNode-2: start omNode-2@group-523986131536-LeaderElection18
2022-05-26 08:03:45,800 [omNode-2@group-523986131536-LeaderElection18] INFO  impl.LeaderElection (LeaderElection.java:askForVotes(310)) - omNode-2@group-523986131536-LeaderElection18 ELECTION round 0: submit vote requests at term 8 for 31: [omNode-3|rpc:localhost:42233|admin:|client:|dataStream:|priority:0, omNode-1|rpc:localhost:40183|admin:|client:|dataStream:|priority:0, omNode-2|rpc:localhost:37413|admin:|client:|dataStream:|priority:0], old=null
2022-05-26 08:03:45,820 [grpc-default-executor-2] INFO  server.RaftServer$Division (RaftServerImpl.java:requestVote(1152)) - omNode-3@group-523986131536: receive requestVote(ELECTION, omNode-2, group-523986131536, 8, (t:5, i:34))
2022-05-26 08:03:45,821 [grpc-default-executor-2] INFO  impl.VoteContext (VoteContext.java:log(48)) - omNode-3@group-523986131536-FOLLOWER: accept ELECTION from omNode-2: our last entry (t:4, i:30) < candidate's last entry (t:5, i:34)
2022-05-26 08:03:45,821 [grpc-default-executor-2] INFO  server.RaftServer$Division (RaftServerImpl.java:setRole(299)) - omNode-3@group-523986131536: changes role from  FOLLOWER to FOLLOWER at term 8 for candidate:omNode-2
2022-05-26 08:03:45,821 [grpc-default-executor-2] INFO  impl.RoleInfo (RoleInfo.java:shutdownFollowerState(110)) - omNode-3: shutdown omNode-3@group-523986131536-FollowerState
2022-05-26 08:03:45,821 [grpc-default-executor-2] INFO  impl.RoleInfo (RoleInfo.java:updateAndGet(139)) - omNode-3: start omNode-3@group-523986131536-FollowerState
2022-05-26 08:03:45,821 [omNode-3@group-523986131536-FollowerState] INFO  impl.FollowerState (FollowerState.java:run(152)) - omNode-3@group-523986131536-FollowerState was interrupted
2022-05-26 08:03:45,823 [grpc-default-executor-2] INFO  server.RaftServer$Division (RaftServerImpl.java:requestVote(1184)) - omNode-3@group-523986131536 replies to ELECTION vote request: omNode-2<-omNode-3#0:OK-t8. Peer's state: omNode-3@group-523986131536:t8, leader=null, voted=omNode-2, raftlog=omNode-3@group-523986131536-SegmentedRaftLog:OPENED:c30, conf=27: [omNode-3|rpc:localhost:42233|admin:|client:|dataStream:|priority:0, omNode-1|rpc:localhost:40183|admin:|client:|dataStream:|priority:0, omNode-2|rpc:localhost:37413|admin:|client:|dataStream:|priority:0], old=null
2022-05-26 08:03:45,831 [omNode-2@group-523986131536-LeaderElection18] INFO  impl.LeaderElection (LeaderElection.java:logAndReturn(90)) - omNode-2@group-523986131536-LeaderElection18: ELECTION PASSED received 1 response(s) and 0 exception(s):
2022-05-26 08:03:45,831 [omNode-2@group-523986131536-LeaderElection18] INFO  impl.LeaderElection (LeaderElection.java:logAndReturn(94)) -   Response 0: omNode-2<-omNode-3#0:OK-t8
2022-05-26 08:03:45,831 [omNode-2@group-523986131536-LeaderElection18] INFO  impl.LeaderElection (LeaderElection.java:askForVotes(312)) - omNode-2@group-523986131536-LeaderElection18 ELECTION round 0: result PASSED
2022-05-26 08:03:45,831 [omNode-2@group-523986131536-LeaderElection18] INFO  impl.RoleInfo (RoleInfo.java:shutdownLeaderElection(130)) - omNode-2: shutdown omNode-2@group-523986131536-LeaderElection18
2022-05-26 08:03:45,831 [omNode-2@group-523986131536-LeaderElection18] INFO  server.RaftServer$Division (RaftServerImpl.java:setRole(299)) - omNode-2@group-523986131536: changes role from CANDIDATE to LEADER at term 8 for changeToLeader
2022-05-26 08:03:45,832 [omNode-2@group-523986131536-LeaderElection18] INFO  server.RaftServer$Division (ServerState.java:setLeader(287)) - omNode-2@group-523986131536: change Leader from null to omNode-2 at term 8 for becomeLeader, leader elected after 2639ms
2022-05-26 08:03:45,832 [omNode-2@group-523986131536-LeaderElection18] INFO  server.RaftServerConfigKeys (ConfUtils.java:logGet(46)) - raft.server.staging.catchup.gap = 1000 (default)
2022-05-26 08:03:45,832 [omNode-2@group-523986131536-LeaderElection18] INFO  server.RaftServerConfigKeys (ConfUtils.java:logGet(46)) - raft.server.write.element-limit = 4096 (default)
2022-05-26 08:03:45,832 [omNode-2@group-523986131536-LeaderElection18] INFO  server.RaftServerConfigKeys (ConfUtils.java:logGet(46)) - raft.server.write.byte-limit = 64MB (=67108864) (default)
2022-05-26 08:03:45,832 [omNode-2@group-523986131536-LeaderElection18] INFO  server.RaftServerConfigKeys (ConfUtils.java:logGet(46)) - raft.server.watch.timeout = 10s (default)
2022-05-26 08:03:45,832 [omNode-2@group-523986131536-LeaderElection18] INFO  server.RaftServerConfigKeys (ConfUtils.java:logGet(46)) - raft.server.watch.timeout.denomination = 1s (default)
2022-05-26 08:03:45,832 [omNode-2@group-523986131536-LeaderElection18] INFO  server.RaftServerConfigKeys (ConfUtils.java:logGet(46)) - raft.server.watch.element-limit = 65536 (default)
2022-05-26 08:03:45,832 [omNode-2@group-523986131536-LeaderElection18] INFO  server.RaftServerConfigKeys (ConfUtils.java:logGet(46)) - raft.server.write.element-limit = 4096 (default)
2022-05-26 08:03:45,832 [omNode-2@group-523986131536-LeaderElection18] INFO  server.RaftServerConfigKeys (ConfUtils.java:logGet(46)) - raft.server.write.follower.gap.ratio.max = -1.0 (default)
2022-05-26 08:03:45,833 [omNode-2@group-523986131536-LeaderElection18] INFO  server.RaftServerConfigKeys (ConfUtils.java:logGet(46)) - raft.server.log.appender.snapshot.chunk.size.max = 16MB (=16777216) (default)
2022-05-26 08:03:45,833 [omNode-2@group-523986131536-LeaderElection18] INFO  server.RaftServerConfigKeys (ConfUtils.java:logGet(46)) - raft.server.log.appender.buffer.byte-limit = 33554432 (custom)
2022-05-26 08:03:45,833 [omNode-2@group-523986131536-LeaderElection18] INFO  server.RaftServerConfigKeys (ConfUtils.java:logGet(46)) - raft.server.log.appender.buffer.element-limit = 1024 (custom)
2022-05-26 08:03:45,833 [omNode-2@group-523986131536-LeaderElection18] INFO  grpc.GrpcConfigKeys (ConfUtils.java:logGet(46)) - raft.grpc.server.leader.outstanding.appends.max = 128 (default)
2022-05-26 08:03:45,833 [omNode-2@group-523986131536-LeaderElection18] INFO  server.RaftServerConfigKeys (ConfUtils.java:logGet(46)) - raft.server.rpc.request.timeout = 3000ms (default)
2022-05-26 08:03:45,833 [omNode-2@group-523986131536-LeaderElection18] INFO  server.RaftServerConfigKeys (ConfUtils.java:logGet(46)) - raft.server.log.appender.install.snapshot.enabled = false (custom)
2022-05-26 08:03:45,834 [omNode-2@group-523986131536-LeaderElection18] INFO  server.RaftServerConfigKeys (ConfUtils.java:logGet(46)) - raft.server.log.appender.snapshot.chunk.size.max = 16MB (=16777216) (default)
2022-05-26 08:03:45,834 [omNode-2@group-523986131536-LeaderElection18] INFO  server.RaftServerConfigKeys (ConfUtils.java:logGet(46)) - raft.server.log.appender.buffer.byte-limit = 33554432 (custom)
2022-05-26 08:03:45,834 [omNode-2@group-523986131536-LeaderElection18] INFO  server.RaftServerConfigKeys (ConfUtils.java:logGet(46)) - raft.server.log.appender.buffer.element-limit = 1024 (custom)
2022-05-26 08:03:45,834 [omNode-2@group-523986131536-LeaderElection18] INFO  grpc.GrpcConfigKeys (ConfUtils.java:logGet(46)) - raft.grpc.server.leader.outstanding.appends.max = 128 (default)
2022-05-26 08:03:45,834 [omNode-2@group-523986131536-LeaderElection18] INFO  server.RaftServerConfigKeys (ConfUtils.java:logGet(46)) - raft.server.rpc.request.timeout = 3000ms (default)
2022-05-26 08:03:45,834 [omNode-2@group-523986131536-LeaderElection18] INFO  server.RaftServerConfigKeys (ConfUtils.java:logGet(46)) - raft.server.log.appender.install.snapshot.enabled = false (custom)
2022-05-26 08:03:45,834 [omNode-2@group-523986131536-LeaderElection18] INFO  impl.RoleInfo (RoleInfo.java:updateAndGet(139)) - omNode-2: start omNode-2@group-523986131536-LeaderStateImpl
2022-05-26 08:03:45,835 [grpc-default-executor-3] INFO  server.RaftServer$Division (RaftServerImpl.java:requestVote(1152)) - omNode-1@group-523986131536: receive requestVote(ELECTION, omNode-2, group-523986131536, 8, (t:5, i:34))
2022-05-26 08:03:45,835 [grpc-default-executor-3] INFO  impl.VoteContext (VoteContext.java:log(48)) - omNode-1@group-523986131536-FOLLOWER: accept ELECTION from omNode-2: our priority 0 <= candidate's priority 0
2022-05-26 08:03:45,835 [grpc-default-executor-3] INFO  server.RaftServer$Division (RaftServerImpl.java:setRole(299)) - omNode-1@group-523986131536: changes role from  FOLLOWER to FOLLOWER at term 8 for candidate:omNode-2
2022-05-26 08:03:45,835 [grpc-default-executor-3] INFO  impl.RoleInfo (RoleInfo.java:shutdownFollowerState(110)) - omNode-1: shutdown omNode-1@group-523986131536-FollowerState
2022-05-26 08:03:45,835 [grpc-default-executor-3] INFO  impl.RoleInfo (RoleInfo.java:updateAndGet(139)) - omNode-1: start omNode-1@group-523986131536-FollowerState
2022-05-26 08:03:45,835 [omNode-1@group-523986131536-FollowerState] INFO  impl.FollowerState (FollowerState.java:run(152)) - omNode-1@group-523986131536-FollowerState was interrupted
2022-05-26 08:03:45,835 [omNode-2@group-523986131536-LeaderElection18] INFO  segmented.SegmentedRaftLogWorker (SegmentedRaftLogWorker.java:rollLogSegment(430)) - omNode-2@group-523986131536-SegmentedRaftLogWorker: Rolling segment log-31_34 to index:34
2022-05-26 08:03:45,878 [omNode-2@group-523986131536-SegmentedRaftLogWorker] INFO  segmented.SegmentedRaftLogWorker (SegmentedRaftLogWorker.java:execute(586)) - omNode-2@group-523986131536-SegmentedRaftLogWorker: Rolled log segment from /home/runner/work/ozone/ozone/hadoop-ozone/integration-test/target/test-dir/MiniOzoneClusterImpl-17bb6255-4ab1-443a-98be-5fd7627ecb82/omNode-2/ratis/c9bc4cf4-3bc3-3c60-a66b-523986131536/current/log_inprogress_31 to /home/runner/work/ozone/ozone/hadoop-ozone/integration-test/target/test-dir/MiniOzoneClusterImpl-17bb6255-4ab1-443a-98be-5fd7627ecb82/omNode-2/ratis/c9bc4cf4-3bc3-3c60-a66b-523986131536/current/log_31-34
2022-05-26 08:03:45,882 [grpc-default-executor-3] INFO  server.RaftServer$Division (RaftServerImpl.java:requestVote(1184)) - omNode-1@group-523986131536 replies to ELECTION vote request: omNode-2<-omNode-1#0:OK-t8. Peer's state: omNode-1@group-523986131536:t8, leader=null, voted=omNode-2, raftlog=omNode-1@group-523986131536-SegmentedRaftLog:OPENED:c34, conf=31: [omNode-3|rpc:localhost:42233|admin:|client:|dataStream:|priority:0, omNode-1|rpc:localhost:40183|admin:|client:|dataStream:|priority:0, omNode-2|rpc:localhost:37413|admin:|client:|dataStream:|priority:0], old=null
2022-05-26 08:03:45,887 [omNode-2@group-523986131536-LeaderElection18] INFO  server.RaftServer$Division (ServerState.java:setRaftConf(393)) - omNode-2@group-523986131536: set configuration 35: [omNode-3|rpc:localhost:42233|admin:|client:|dataStream:|priority:0, omNode-1|rpc:localhost:40183|admin:|client:|dataStream:|priority:0, omNode-2|rpc:localhost:37413|admin:|client:|dataStream:|priority:0], old=null
2022-05-26 08:03:45,893 [omNode-2@group-523986131536-SegmentedRaftLogWorker] INFO  segmented.SegmentedRaftLogWorker (SegmentedRaftLogWorker.java:execute(629)) - omNode-2@group-523986131536-SegmentedRaftLogWorker: created new log segment /home/runner/work/ozone/ozone/hadoop-ozone/integration-test/target/test-dir/MiniOzoneClusterImpl-17bb6255-4ab1-443a-98be-5fd7627ecb82/omNode-2/ratis/c9bc4cf4-3bc3-3c60-a66b-523986131536/current/log_inprogress_35
2022-05-26 08:03:45,896 [omNode-3-server-thread1] INFO  server.RaftServer$Division (ServerState.java:setLeader(287)) - omNode-3@group-523986131536: change Leader from null to omNode-2 at term 8 for appendEntries, leader elected after 294ms
2022-05-26 08:03:45,897 [omNode-3-server-thread1] INFO  server.RaftServer$Division (RaftServerImpl.java:checkInconsistentAppendEntries(1424)) - omNode-3@group-523986131536: Failed appendEntries as previous log entry ((t:5, i:34)) is not found
2022-05-26 08:03:45,897 [omNode-3-server-thread1] INFO  server.RaftServer$Division (RaftServerImpl.java:checkInconsistentAppendEntries(1394)) - omNode-3@group-523986131536: inconsistency entries. Reply:omNode-2<-omNode-3#0:FAIL-t8,INCONSISTENCY,nextIndex=31,followerCommit=30
2022-05-26 08:03:45,898 [grpc-default-executor-2] INFO  leader.FollowerInfo (FollowerInfoImpl.java:lambda$new$0(48)) - omNode-2@group-523986131536->omNode-3: nextIndex: updateUnconditionally 36 -> 31
2022-05-26 08:03:45,899 [omNode-1-server-thread1] INFO  server.RaftServer$Division (ServerState.java:setLeader(287)) - omNode-1@group-523986131536: change Leader from null to omNode-2 at term 8 for appendEntries, leader elected after 3061ms
2022-05-26 08:03:45,904 [omNode-3-server-thread1] INFO  server.RaftServer$Division (RaftServerImpl.java:checkInconsistentAppendEntries(1424)) - omNode-3@group-523986131536: Failed appendEntries as previous log entry ((t:5, i:34)) is not found
2022-05-26 08:03:45,905 [omNode-3-server-thread1] INFO  server.RaftServer$Division (RaftServerImpl.java:checkInconsistentAppendEntries(1394)) - omNode-3@group-523986131536: inconsistency entries. Reply:omNode-2<-omNode-3#1:FAIL-t8,INCONSISTENCY,nextIndex=31,followerCommit=30
2022-05-26 08:03:45,905 [omNode-1-server-thread1] INFO  server.RaftServer$Division (ServerState.java:setRaftConf(393)) - omNode-1@group-523986131536: set configuration 35: [omNode-3|rpc:localhost:42233|admin:|client:|dataStream:|priority:0, omNode-1|rpc:localhost:40183|admin:|client:|dataStream:|priority:0, omNode-2|rpc:localhost:37413|admin:|client:|dataStream:|priority:0], old=null
2022-05-26 08:03:45,905 [omNode-1-server-thread1] INFO  segmented.SegmentedRaftLogWorker (SegmentedRaftLogWorker.java:rollLogSegment(430)) - omNode-1@group-523986131536-SegmentedRaftLogWorker: Rolling segment log-31_34 to index:34
2022-05-26 08:03:45,905 [grpc-default-executor-2] INFO  leader.FollowerInfo (FollowerInfoImpl.java:lambda$new$0(48)) - omNode-2@group-523986131536->omNode-3: nextIndex: updateUnconditionally 36 -> 31
2022-05-26 08:03:45,905 [omNode-1@group-523986131536-SegmentedRaftLogWorker] INFO  segmented.SegmentedRaftLogWorker (SegmentedRaftLogWorker.java:execute(586)) - omNode-1@group-523986131536-SegmentedRaftLogWorker: Rolled log segment from /home/runner/work/ozone/ozone/hadoop-ozone/integration-test/target/test-dir/MiniOzoneClusterImpl-17bb6255-4ab1-443a-98be-5fd7627ecb82/omNode-1/ratis/c9bc4cf4-3bc3-3c60-a66b-523986131536/current/log_inprogress_31 to /home/runner/work/ozone/ozone/hadoop-ozone/integration-test/target/test-dir/MiniOzoneClusterImpl-17bb6255-4ab1-443a-98be-5fd7627ecb82/omNode-1/ratis/c9bc4cf4-3bc3-3c60-a66b-523986131536/current/log_31-34
2022-05-26 08:03:45,906 [omNode-3-server-thread1] INFO  server.RaftServer$Division (ServerState.java:setRaftConf(393)) - omNode-3@group-523986131536: set configuration 31: [omNode-3|rpc:localhost:42233|admin:|client:|dataStream:|priority:0, omNode-1|rpc:localhost:40183|admin:|client:|dataStream:|priority:0, omNode-2|rpc:localhost:37413|admin:|client:|dataStream:|priority:0], old=null
2022-05-26 08:03:45,908 [omNode-3-server-thread1] INFO  server.RaftServer$Division (ServerState.java:setRaftConf(393)) - omNode-3@group-523986131536: set configuration 35: [omNode-3|rpc:localhost:42233|admin:|client:|dataStream:|priority:0, omNode-1|rpc:localhost:40183|admin:|client:|dataStream:|priority:0, omNode-2|rpc:localhost:37413|admin:|client:|dataStream:|priority:0], old=null
2022-05-26 08:03:45,908 [omNode-3-server-thread1] INFO  segmented.SegmentedRaftLogWorker (SegmentedRaftLogWorker.java:rollLogSegment(430)) - omNode-3@group-523986131536-SegmentedRaftLogWorker: Rolling segment log-27_30 to index:30
2022-05-26 08:03:45,909 [omNode-3-server-thread1] INFO  segmented.SegmentedRaftLogWorker (SegmentedRaftLogWorker.java:rollLogSegment(430)) - omNode-3@group-523986131536-SegmentedRaftLogWorker: Rolling segment log-31_34 to index:34
2022-05-26 08:03:45,909 [omNode-3@group-523986131536-SegmentedRaftLogWorker] INFO  segmented.SegmentedRaftLogWorker (SegmentedRaftLogWorker.java:execute(586)) - omNode-3@group-523986131536-SegmentedRaftLogWorker: Rolled log segment from /home/runner/work/ozone/ozone/hadoop-ozone/integration-test/target/test-dir/MiniOzoneClusterImpl-17bb6255-4ab1-443a-98be-5fd7627ecb82/omNode-3/ratis/c9bc4cf4-3bc3-3c60-a66b-523986131536/current/log_inprogress_27 to /home/runner/work/ozone/ozone/hadoop-ozone/integration-test/target/test-dir/MiniOzoneClusterImpl-17bb6255-4ab1-443a-98be-5fd7627ecb82/omNode-3/ratis/c9bc4cf4-3bc3-3c60-a66b-523986131536/current/log_27-30
2022-05-26 08:03:45,913 [omNode-3-server-thread1] INFO  server.RaftServer$Division (ServerState.java:setRaftConf(393)) - omNode-3@group-523986131536: set configuration 31: [omNode-3|rpc:localhost:42233|admin:|client:|dataStream:|priority:0, omNode-1|rpc:localhost:40183|admin:|client:|dataStream:|priority:0, omNode-2|rpc:localhost:37413|admin:|client:|dataStream:|priority:0], old=null
2022-05-26 08:03:45,913 [omNode-3-server-thread1] INFO  server.RaftServer$Division (ServerState.java:setRaftConf(393)) - omNode-3@group-523986131536: set configuration 35: [omNode-3|rpc:localhost:42233|admin:|client:|dataStream:|priority:0, omNode-1|rpc:localhost:40183|admin:|client:|dataStream:|priority:0, omNode-2|rpc:localhost:37413|admin:|client:|dataStream:|priority:0], old=null
2022-05-26 08:03:45,923 [omNode-3@group-523986131536-SegmentedRaftLogWorker] INFO  segmented.SegmentedRaftLogWorker (SegmentedRaftLogWorker.java:execute(629)) - omNode-3@group-523986131536-SegmentedRaftLogWorker: created new log segment /home/runner/work/ozone/ozone/hadoop-ozone/integration-test/target/test-dir/MiniOzoneClusterImpl-17bb6255-4ab1-443a-98be-5fd7627ecb82/omNode-3/ratis/c9bc4cf4-3bc3-3c60-a66b-523986131536/current/log_inprogress_31
2022-05-26 08:03:45,924 [omNode-1@group-523986131536-SegmentedRaftLogWorker] INFO  segmented.SegmentedRaftLogWorker (SegmentedRaftLogWorker.java:execute(629)) - omNode-1@group-523986131536-SegmentedRaftLogWorker: created new log segment /home/runner/work/ozone/ozone/hadoop-ozone/integration-test/target/test-dir/MiniOzoneClusterImpl-17bb6255-4ab1-443a-98be-5fd7627ecb82/omNode-1/ratis/c9bc4cf4-3bc3-3c60-a66b-523986131536/current/log_inprogress_35
2022-05-26 08:03:45,925 [omNode-3@group-523986131536-SegmentedRaftLogWorker] INFO  segmented.SegmentedRaftLogWorker (SegmentedRaftLogWorker.java:execute(586)) - omNode-3@group-523986131536-SegmentedRaftLogWorker: Rolled log segment from /home/runner/work/ozone/ozone/hadoop-ozone/integration-test/target/test-dir/MiniOzoneClusterImpl-17bb6255-4ab1-443a-98be-5fd7627ecb82/omNode-3/ratis/c9bc4cf4-3bc3-3c60-a66b-523986131536/current/log_inprogress_31 to /home/runner/work/ozone/ozone/hadoop-ozone/integration-test/target/test-dir/MiniOzoneClusterImpl-17bb6255-4ab1-443a-98be-5fd7627ecb82/omNode-3/ratis/c9bc4cf4-3bc3-3c60-a66b-523986131536/current/log_31-34
2022-05-26 08:03:45,929 [omNode-2@group-523986131536-StateMachineUpdater] INFO  ratis.OzoneManagerStateMachine (OzoneManagerStateMachine.java:notifyConfigurationChanged(191)) - Received Configuration change notification from Ratis. New Peer list:
[id: "omNode-3"
address: "localhost:42233"
, id: "omNode-1"
address: "localhost:40183"
, id: "omNode-2"
address: "localhost:37413"
]
2022-05-26 08:03:45,935 [omNode-1@group-523986131536-StateMachineUpdater] INFO  ratis.OzoneManagerStateMachine (OzoneManagerStateMachine.java:notifyConfigurationChanged(191)) - Received Configuration change notification from Ratis. New Peer list:
[id: "omNode-3"
address: "localhost:42233"
, id: "omNode-1"
address: "localhost:40183"
, id: "omNode-2"
address: "localhost:37413"
]
2022-05-26 08:03:45,936 [omNode-3@group-523986131536-SegmentedRaftLogWorker] INFO  segmented.SegmentedRaftLogWorker (SegmentedRaftLogWorker.java:execute(629)) - omNode-3@group-523986131536-SegmentedRaftLogWorker: created new log segment /home/runner/work/ozone/ozone/hadoop-ozone/integration-test/target/test-dir/MiniOzoneClusterImpl-17bb6255-4ab1-443a-98be-5fd7627ecb82/omNode-3/ratis/c9bc4cf4-3bc3-3c60-a66b-523986131536/current/log_inprogress_35
2022-05-26 08:03:45,937 [omNode-3@group-523986131536-StateMachineUpdater] INFO  ratis.OzoneManagerStateMachine (OzoneManagerStateMachine.java:notifyConfigurationChanged(191)) - Received Configuration change notification from Ratis. New Peer list:
[id: "omNode-3"
address: "localhost:42233"
, id: "omNode-1"
address: "localhost:40183"
, id: "omNode-2"
address: "localhost:37413"
]
2022-05-26 08:03:45,940 [Listener at localhost/38277] INFO  reflections.Reflections (Reflections.java:scan(232)) - Reflections took 323 ms to scan 19 urls, producing 61 keys and 3747 values [using 2 cores]
2022-05-26 08:03:45,941 [Listener at localhost/38277] INFO  ipc.CallQueueManager (CallQueueManager.java:<init>(90)) - Using callQueue: class java.util.concurrent.LinkedBlockingQueue, queueCapacity: 2000, scheduler: class org.apache.hadoop.ipc.DefaultRpcScheduler, ipcBackoff: false.
2022-05-26 08:03:45,942 [Socket Reader #1 for port 46875] INFO  ipc.Server (Server.java:run(1265)) - Starting Socket Reader #1 for port 46875
2022-05-26 08:03:45,943 [OM StateMachine ApplyTransaction Thread - 0] INFO  volume.OMVolumeCreateRequest (OMVolumeCreateRequest.java:validateAndUpdateCache(195)) - created volume:volume13742 for user:user00840
2022-05-26 08:03:45,944 [omNode-3@group-523986131536-StateMachineUpdater] INFO  ratis.OzoneManagerStateMachine (OzoneManagerStateMachine.java:notifyConfigurationChanged(191)) - Received Configuration change notification from Ratis. New Peer list:
[id: "omNode-3"
address: "localhost:42233"
, id: "omNode-1"
address: "localhost:40183"
, id: "omNode-2"
address: "localhost:37413"
]
2022-05-26 08:03:45,952 [Listener at localhost/46875] INFO  http.BaseHttpServer (BaseHttpServer.java:newHttpServer2BuilderForOzone(209)) - Starting Web-server for ozoneManager at: http://0.0.0.0:39517
2022-05-26 08:03:45,953 [Listener at localhost/46875] INFO  http.BaseHttpServer (BaseHttpServer.java:<init>(107)) - Hadoop Security Enabled: false Ozone Security Enabled: false Ozone HTTP Security Enabled: false 
2022-05-26 08:03:45,953 [Listener at localhost/46875] INFO  server.AuthenticationFilter (AuthenticationFilter.java:constructSecretProvider(240)) - Unable to initialize FileSignerSecretProvider, falling back to use random secrets.
2022-05-26 08:03:45,954 [Listener at localhost/46875] WARN  http.HttpRequestLog (HttpRequestLog.java:getRequestLog(103)) - Jetty request log can only be enabled using Log4j
2022-05-26 08:03:45,954 [Listener at localhost/46875] INFO  http.HttpServer2 (HttpServer2.java:addGlobalFilter(1030)) - Added global filter 'safety' (class=org.apache.hadoop.hdds.server.http.HttpServer2$QuotingInputFilter)
2022-05-26 08:03:45,955 [Listener at localhost/46875] INFO  http.HttpServer2 (HttpServer2.java:addFilter(1006)) - Added filter static_user_filter (class=org.apache.hadoop.http.lib.StaticUserWebFilter$StaticUserFilter) to context ozoneManager
2022-05-26 08:03:45,955 [Listener at localhost/46875] INFO  http.HttpServer2 (HttpServer2.java:addFilter(1014)) - Added filter static_user_filter (class=org.apache.hadoop.http.lib.StaticUserWebFilter$StaticUserFilter) to context logs
2022-05-26 08:03:45,955 [Listener at localhost/46875] INFO  http.HttpServer2 (HttpServer2.java:addFilter(1014)) - Added filter static_user_filter (class=org.apache.hadoop.http.lib.StaticUserWebFilter$StaticUserFilter) to context static
2022-05-26 08:03:45,956 [Listener at localhost/46875] INFO  http.HttpServer2 (HttpServer2.java:bindListener(1249)) - Jetty bound to port 39517
2022-05-26 08:03:45,956 [Listener at localhost/46875] INFO  server.Server (Server.java:doStart(375)) - jetty-9.4.43.v20210629; built: 2021-06-30T11:07:22.254Z; git: 526006ecfa3af7f1a27ef3a288e2bef7ea9dd7e8; jvm 1.8.0_332-b09
2022-05-26 08:03:45,963 [Listener at localhost/46875] INFO  server.session (DefaultSessionIdManager.java:doStart(334)) - DefaultSessionIdManager workerName=node0
2022-05-26 08:03:45,963 [Listener at localhost/46875] INFO  server.session (DefaultSessionIdManager.java:doStart(339)) - No SessionScavenger set, using defaults
2022-05-26 08:03:45,963 [Listener at localhost/46875] INFO  server.session (HouseKeeper.java:startScavenging(132)) - node0 Scavenging every 600000ms
2022-05-26 08:03:45,964 [Listener at localhost/46875] INFO  handler.ContextHandler (ContextHandler.java:doStart(915)) - Started o.e.j.s.ServletContextHandler@7eaca92e{logs,/logs,file:///home/runner/work/ozone/ozone/hadoop-ozone/integration-test/target/log,AVAILABLE}
2022-05-26 08:03:45,964 [Listener at localhost/46875] INFO  handler.ContextHandler (ContextHandler.java:doStart(915)) - Started o.e.j.s.ServletContextHandler@2c01fcbc{static,/static,file:///home/runner/work/ozone/ozone/hadoop-ozone/integration-test/target/test-classes/webapps/static,AVAILABLE}
2022-05-26 08:03:45,967 [Listener at localhost/46875] INFO  handler.ContextHandler (ContextHandler.java:doStart(915)) - Started o.e.j.w.WebAppContext@5c0d967e{ozoneManager,/,file:///home/runner/work/ozone/ozone/hadoop-ozone/integration-test/target/test-classes/webapps/ozoneManager/,AVAILABLE}{file:/home/runner/work/ozone/ozone/hadoop-ozone/integration-test/target/test-classes/webapps/ozoneManager}
2022-05-26 08:03:45,968 [Listener at localhost/46875] INFO  server.AbstractConnector (AbstractConnector.java:doStart(331)) - Started ServerConnector@250f839{HTTP/1.1, (http/1.1)}{0.0.0.0:39517}
2022-05-26 08:03:45,969 [Listener at localhost/46875] INFO  server.Server (Server.java:doStart(415)) - Started @87909ms
2022-05-26 08:03:45,969 [Listener at localhost/46875] WARN  impl.MetricsSystemImpl (MetricsSystemImpl.java:register(279)) - Sink prometheus already exists!
2022-05-26 08:03:45,969 [Listener at localhost/46875] INFO  http.BaseHttpServer (BaseHttpServer.java:updateConnectorAddress(329)) - HTTP server of ozoneManager listening at http://0.0.0.0:39517
2022-05-26 08:03:45,970 [IPC Server Responder] INFO  ipc.Server (Server.java:run(1507)) - IPC Server Responder: starting
2022-05-26 08:03:45,970 [IPC Server listener on 46875] INFO  ipc.Server (Server.java:run(1344)) - IPC Server listener on 46875: starting
2022-05-26 08:03:45,973 [Listener at localhost/46875] INFO  om.OzoneManager (OzoneManager.java:startTrashEmptier(1845)) - Trash Interval set to 0. Files deleted won't move to trash
2022-05-26 08:03:45,974 [Listener at localhost/46875] INFO  om.OzoneManager (OzoneManager.java:stop(1960)) - omNode-1[localhost:38409]: Stopping Ozone Manager
2022-05-26 08:03:45,974 [org.apache.hadoop.util.JvmPauseMonitor$Monitor@43adbe93] INFO  util.JvmPauseMonitor (JvmPauseMonitor.java:run(188)) - Starting JVM pause monitor
2022-05-26 08:03:45,974 [Listener at localhost/46875] INFO  ipc.Server (Server.java:stop(3414)) - Stopping server on 38409
2022-05-26 08:03:45,977 [IPC Server listener on 38409] INFO  ipc.Server (Server.java:run(1376)) - Stopping IPC Server listener on 38409
2022-05-26 08:03:45,979 [IPC Server Responder] INFO  ipc.Server (Server.java:run(1512)) - Stopping IPC Server Responder
2022-05-26 08:03:45,980 [Listener at localhost/46875] INFO  server.RaftServer (RaftServerProxy.java:lambda$close$7(398)) - omNode-1: close
2022-05-26 08:03:45,980 [Listener at localhost/46875] INFO  server.RaftServer$Division (RaftServerImpl.java:lambda$close$4(434)) - omNode-1@group-523986131536: shutdown
2022-05-26 08:03:45,981 [Listener at localhost/46875] INFO  util.JmxRegister (JmxRegister.java:unregister(73)) - Successfully un-registered JMX Bean with object name Ratis:service=RaftServer,group=group-523986131536,id=omNode-1
2022-05-26 08:03:45,981 [Listener at localhost/46875] INFO  impl.RoleInfo (RoleInfo.java:shutdownFollowerState(110)) - omNode-1: shutdown omNode-1@group-523986131536-FollowerState
2022-05-26 08:03:45,981 [omNode-1@group-523986131536-StateMachineUpdater] INFO  ratis.OzoneManagerStateMachine (OzoneManagerStateMachine.java:takeSnapshot(436)) - Current Snapshot Index (t:8, i:35)
2022-05-26 08:03:45,981 [omNode-1@group-523986131536-FollowerState] INFO  impl.FollowerState (FollowerState.java:run(152)) - omNode-1@group-523986131536-FollowerState was interrupted
2022-05-26 08:03:45,982 [Listener at localhost/46875] INFO  impl.StateMachineUpdater (StateMachineUpdater.java:stopAndJoin(153)) - omNode-1@group-523986131536-StateMachineUpdater: set stopIndex = 35
2022-05-26 08:03:45,982 [omNode-1@group-523986131536-StateMachineUpdater] INFO  impl.StateMachineUpdater (StateMachineUpdater.java:takeSnapshot(287)) - omNode-1@group-523986131536-StateMachineUpdater: Took a snapshot at index 35
2022-05-26 08:03:45,982 [omNode-1@group-523986131536-StateMachineUpdater] INFO  impl.StateMachineUpdater (StateMachineUpdater.java:lambda$new$0(92)) - omNode-1@group-523986131536-StateMachineUpdater: snapshotIndex: updateIncreasingly 34 -> 35
2022-05-26 08:03:45,982 [omNode-1@group-523986131536-StateMachineUpdater] INFO  ratis.OzoneManagerStateMachine (OzoneManagerStateMachine.java:close(490)) - StateMachine has shutdown. Shutdown OzoneManager if not already shutdown.
2022-05-26 08:03:45,982 [omNode-1@group-523986131536-StateMachineUpdater] INFO  ratis.OzoneManagerDoubleBuffer (OzoneManagerDoubleBuffer.java:stop(465)) - Stopping OMDoubleBuffer flush thread
2022-05-26 08:03:45,982 [OMDoubleBufferFlushThread] INFO  ratis.OzoneManagerDoubleBuffer (OzoneManagerDoubleBuffer.java:flushTransactions(385)) - OMDoubleBuffer flush thread OMDoubleBufferFlushThread is interrupted and will exit.
2022-05-26 08:03:45,982 [Listener at localhost/46875] INFO  server.RaftServer$Division (ServerState.java:close(429)) - omNode-1@group-523986131536: closes. applyIndex: 35
2022-05-26 08:03:45,982 [omNode-1@group-523986131536-SegmentedRaftLogWorker] INFO  segmented.SegmentedRaftLogWorker (SegmentedRaftLogWorker.java:run(336)) - omNode-1@group-523986131536-SegmentedRaftLogWorker was interrupted, exiting. There are 0 tasks remaining in the queue.
2022-05-26 08:03:45,983 [Listener at localhost/46875] INFO  segmented.SegmentedRaftLogWorker (SegmentedRaftLogWorker.java:close(246)) - omNode-1@group-523986131536-SegmentedRaftLogWorker close()
2022-05-26 08:03:45,985 [Listener at localhost/46875] INFO  server.GrpcService (GrpcService.java:closeImpl(269)) - omNode-1: shutdown server with port 40183 now
2022-05-26 08:03:45,986 [Listener at localhost/46875] INFO  server.GrpcService (GrpcService.java:closeImpl(278)) - omNode-1: shutdown server with port 40183 successfully
2022-05-26 08:03:45,986 [org.apache.ratis.util.JvmPauseMonitor$$Lambda$691/456821109@65113eab] INFO  util.JvmPauseMonitor (JvmPauseMonitor.java:run(109)) - JvmPauseMonitor-omNode-1: Stopped
2022-05-26 08:03:45,986 [Listener at localhost/46875] INFO  ratis.OzoneManagerStateMachine (OzoneManagerStateMachine.java:close(490)) - StateMachine has shutdown. Shutdown OzoneManager if not already shutdown.
2022-05-26 08:03:45,987 [grpc-default-executor-1] WARN  server.GrpcServerProtocolService (LogUtils.java:warn(122)) - omNode-1: installSnapshot onError, lastRequest: omNode-2->omNode-1#2-t8,previous=(t:8, i:35),leaderCommit=35,initializing? true,entries: size=1, first=(t:8, i:36), METADATAENTRY(c:35): org.apache.ratis.thirdparty.io.grpc.StatusRuntimeException: CANCELLED: client cancelled
2022-05-26 08:03:45,987 [Listener at localhost/46875] INFO  ratis.OzoneManagerDoubleBuffer (OzoneManagerDoubleBuffer.java:stop(477)) - OMDoubleBuffer flush thread is not running.
2022-05-26 08:03:45,987 [grpc-default-executor-2] WARN  server.GrpcLogAppender (LogUtils.java:warn(122)) - omNode-2@group-523986131536->omNode-1-AppendLogResponseHandler: Failed appendEntries: org.apache.ratis.thirdparty.io.grpc.StatusRuntimeException: CANCELLED: RST_STREAM closed stream. HTTP/2 error code: CANCEL
2022-05-26 08:03:45,987 [grpc-default-executor-2] INFO  leader.FollowerInfo (FollowerInfoImpl.java:lambda$new$0(48)) - omNode-2@group-523986131536->omNode-1: nextIndex: updateUnconditionally 37 -> 36
2022-05-26 08:03:45,987 [Listener at localhost/46875] INFO  handler.ContextHandler (ContextHandler.java:doStop(1153)) - Stopped o.e.j.w.WebAppContext@15317dc9{ozoneManager,/,null,STOPPED}{file:/home/runner/work/ozone/ozone/hadoop-ozone/integration-test/target/test-classes/webapps/ozoneManager}
2022-05-26 08:03:45,988 [Listener at localhost/46875] INFO  server.AbstractConnector (AbstractConnector.java:doStop(381)) - Stopped ServerConnector@183c30f1{HTTP/1.1, (http/1.1)}{0.0.0.0:35485}
2022-05-26 08:03:45,988 [Listener at localhost/46875] INFO  server.session (HouseKeeper.java:stopScavenging(149)) - node0 Stopped scavenging
2022-05-26 08:03:45,988 [Listener at localhost/46875] INFO  handler.ContextHandler (ContextHandler.java:doStop(1153)) - Stopped o.e.j.s.ServletContextHandler@37347be1{static,/static,file:///home/runner/work/ozone/ozone/hadoop-ozone/integration-test/target/test-classes/webapps/static,STOPPED}
2022-05-26 08:03:45,988 [Listener at localhost/46875] INFO  handler.ContextHandler (ContextHandler.java:doStop(1153)) - Stopped o.e.j.s.ServletContextHandler@20789365{logs,/logs,file:///home/runner/work/ozone/ozone/hadoop-ozone/integration-test/target/log,STOPPED}
2022-05-26 08:03:45,991 [Listener at localhost/46875] INFO  om.OzoneManager (OzoneManager.java:restart(1497)) - OzoneManager RPC server is listening at localhost/127.0.0.1:38409
2022-05-26 08:03:45,991 [Listener at localhost/46875] INFO  impl.MetricsSystemImpl (MetricsSystemImpl.java:init(158)) - OzoneManager metrics system started (again)
2022-05-26 08:03:45,996 [grpc-default-executor-2] WARN  server.GrpcLogAppender (LogUtils.java:warn(122)) - omNode-2@group-523986131536->omNode-1-AppendLogResponseHandler: Failed appendEntries: org.apache.ratis.thirdparty.io.grpc.StatusRuntimeException: UNAVAILABLE: io exception
2022-05-26 08:03:45,996 [grpc-default-executor-2] INFO  leader.FollowerInfo (FollowerInfoImpl.java:lambda$new$0(48)) - omNode-2@group-523986131536->omNode-1: nextIndex: updateUnconditionally 37 -> 36
2022-05-26 08:03:46,003 [Listener at localhost/46875] WARN  server.ServerUtils (ServerUtils.java:getDBPath(225)) - ozone.om.db.dirs is not configured. We recommend adding this setting. Falling back to ozone.metadata.dirs instead.
2022-05-26 08:03:46,004 [Listener at localhost/46875] INFO  codec.OmKeyInfoCodec (OmKeyInfoCodec.java:<init>(49)) - OmKeyInfoCodec ignorePipeline = true
2022-05-26 08:03:46,004 [Listener at localhost/46875] INFO  codec.RepeatedOmKeyInfoCodec (RepeatedOmKeyInfoCodec.java:<init>(41)) - RepeatedOmKeyInfoCodec ignorePipeline = true
2022-05-26 08:03:46,038 [Listener at localhost/46875] WARN  impl.MetricRegistriesImpl (MetricRegistriesImpl.java:addReporterRegistration(111)) - New reporters are added after registries were created. Some metrics will be missing from the reporter. Please add reporter before adding any new registry.
2022-05-26 08:03:46,038 [Listener at localhost/46875] WARN  impl.MetricRegistriesImpl (MetricRegistriesImpl.java:addReporterRegistration(111)) - New reporters are added after registries were created. Some metrics will be missing from the reporter. Please add reporter before adding any new registry.
2022-05-26 08:03:46,038 [Listener at localhost/46875] WARN  server.ServerUtils (ServerUtils.java:getDefaultRatisDirectory(237)) - Storage directory for Ratis is not configured. It is a good idea to map this to an SSD disk. Falling back to ozone.metadata.dirs
2022-05-26 08:03:46,039 [Listener at localhost/46875] INFO  ratis.OzoneManagerRatisServer (OzoneManagerRatisServer.java:<init>(159)) - Instantiating OM Ratis server with groupID: om-service-test1 and peers: localhost:40183, localhost:42233, localhost:37413
2022-05-26 08:03:46,039 [Listener at localhost/46875] INFO  ratis.OzoneManagerStateMachine (OzoneManagerStateMachine.java:loadSnapshotInfoFromDB(627)) - LastAppliedIndex is set from TransactionInfo from OM DB as (t:8, i:35)
2022-05-26 08:03:46,046 [Listener at localhost/46875] INFO  server.RaftServer (ConfUtils.java:logGet(46)) - raft.rpc.type = GRPC (default)
2022-05-26 08:03:46,046 [Listener at localhost/46875] INFO  grpc.GrpcFactory (GrpcFactory.java:checkPooledByteBufAllocatorUseCacheForAllThreads(48)) - PERFORMANCE WARNING: useCacheForAllThreads is true that may cause Netty to create a lot garbage objects and, as a result, trigger GC.
	It is recommended to disable useCacheForAllThreads by setting -Dorg.apache.ratis.thirdparty.io.netty.allocator.useCacheForAllThreads=false in command line.
2022-05-26 08:03:46,046 [Listener at localhost/46875] INFO  grpc.GrpcConfigKeys (ConfUtils.java:logGet(46)) - raft.grpc.admin.port = -1 (default)
2022-05-26 08:03:46,046 [Listener at localhost/46875] INFO  grpc.GrpcConfigKeys (ConfUtils.java:logGet(46)) - raft.grpc.server.port = 40183 (custom)
2022-05-26 08:03:46,046 [Listener at localhost/46875] INFO  grpc.GrpcConfigKeys (ConfUtils.java:logGet(46)) - raft.grpc.client.port = -1 (default)
2022-05-26 08:03:46,047 [Listener at localhost/46875] INFO  grpc.GrpcConfigKeys (ConfUtils.java:logGet(46)) - raft.grpc.server.port = 40183 (custom)
2022-05-26 08:03:46,047 [Listener at localhost/46875] INFO  grpc.GrpcConfigKeys (ConfUtils.java:logGet(46)) - raft.grpc.server.port = 40183 (custom)
2022-05-26 08:03:46,047 [Listener at localhost/46875] INFO  server.GrpcService (ConfUtils.java:logGet(46)) - raft.grpc.message.size.max = 33554432 (custom)
2022-05-26 08:03:46,047 [Listener at localhost/46875] INFO  server.RaftServerConfigKeys (ConfUtils.java:logGet(46)) - raft.server.log.appender.buffer.byte-limit = 33554432 (custom)
2022-05-26 08:03:46,047 [Listener at localhost/46875] INFO  server.GrpcService (ConfUtils.java:logGet(46)) - raft.grpc.flow.control.window = 1MB (=1048576) (default)
2022-05-26 08:03:46,047 [Listener at localhost/46875] INFO  server.RaftServerConfigKeys (ConfUtils.java:logGet(46)) - raft.server.rpc.request.timeout = 3000ms (default)
2022-05-26 08:03:46,047 [Listener at localhost/46875] INFO  grpc.GrpcConfigKeys (ConfUtils.java:logGet(46)) - raft.grpc.server.async.request.thread.pool.cached = true (default)
2022-05-26 08:03:46,047 [Listener at localhost/46875] INFO  grpc.GrpcConfigKeys (ConfUtils.java:logGet(46)) - raft.grpc.server.async.request.thread.pool.size = 32 (default)
2022-05-26 08:03:46,048 [Listener at localhost/46875] INFO  impl.DataStreamServerImpl (ConfUtils.java:logGet(46)) - raft.datastream.type = DISABLED (default)
2022-05-26 08:03:46,049 [Listener at localhost/46875] INFO  server.RaftServerConfigKeys (ConfUtils.java:logGet(46)) - raft.server.threadpool.proxy.cached = true (default)
2022-05-26 08:03:46,049 [Listener at localhost/46875] INFO  server.RaftServerConfigKeys (ConfUtils.java:logGet(46)) - raft.server.threadpool.proxy.size = 0 (default)
2022-05-26 08:03:46,049 [Listener at localhost/46875] INFO  server.RaftServerConfigKeys (ConfUtils.java:logGet(46)) - raft.server.rpc.slowness.timeout = 2s (custom)
2022-05-26 08:03:46,049 [Listener at localhost/46875] INFO  server.RaftServerConfigKeys (ConfUtils.java:logGet(46)) - raft.server.leaderelection.leader.step-down.wait-time = 10s (default)
2022-05-26 08:03:46,049 [Listener at localhost/46875] INFO  server.RaftServerConfigKeys (ConfUtils.java:logGet(46)) - raft.server.storage.dir = [/home/runner/work/ozone/ozone/hadoop-ozone/integration-test/target/test-dir/MiniOzoneClusterImpl-17bb6255-4ab1-443a-98be-5fd7627ecb82/omNode-1/ratis] (custom)
2022-05-26 08:03:46,049 [omNode-1-impl-thread1] INFO  server.RaftServer (RaftServerProxy.java:initGroupDir(247)) - omNode-1: found a subdirectory /home/runner/work/ozone/ozone/hadoop-ozone/integration-test/target/test-dir/MiniOzoneClusterImpl-17bb6255-4ab1-443a-98be-5fd7627ecb82/omNode-1/ratis/c9bc4cf4-3bc3-3c60-a66b-523986131536
2022-05-26 08:03:46,050 [Listener at localhost/46875] INFO  server.RaftServer (RaftServerProxy.java:addNew(96)) - omNode-1: addNew group-523986131536:[omNode-3|rpc:localhost:42233|priority:0, omNode-1|rpc:localhost:40183|priority:0, omNode-2|rpc:localhost:37413|priority:0] returns group-523986131536:java.util.concurrent.CompletableFuture@425531c9[Not completed]
2022-05-26 08:03:46,050 [Listener at localhost/46875] INFO  om.OzoneManager (OzoneManager.java:initializeRatisServer(1901)) - OzoneManager Ratis server initialized at port 40183
2022-05-26 08:03:46,050 [pool-593-thread-1] INFO  server.RaftServer$Division (RaftServerImpl.java:<init>(190)) - omNode-1: new RaftServerImpl for group-523986131536:[omNode-3|rpc:localhost:42233|priority:0, omNode-1|rpc:localhost:40183|priority:0, omNode-2|rpc:localhost:37413|priority:0] with OzoneManagerStateMachine:uninitialized
2022-05-26 08:03:46,050 [Listener at localhost/46875] INFO  ratis.OzoneManagerRatisServer (OzoneManagerRatisServer.java:start(554)) - Starting OzoneManagerRatisServer omNode-1 at port 40183
2022-05-26 08:03:46,050 [pool-593-thread-1] INFO  server.RaftServerConfigKeys (ConfUtils.java:logGet(46)) - raft.server.rpc.timeout.min = 1s (custom)
2022-05-26 08:03:46,050 [pool-593-thread-1] INFO  server.RaftServerConfigKeys (ConfUtils.java:logGet(46)) - raft.server.rpc.timeout.max = 1200ms (custom)
2022-05-26 08:03:46,050 [pool-593-thread-1] INFO  server.RaftServerConfigKeys (ConfUtils.java:logGet(46)) - raft.server.rpc.sleep.time = 25ms (default)
2022-05-26 08:03:46,050 [pool-593-thread-1] INFO  server.RaftServerConfigKeys (ConfUtils.java:logGet(46)) - raft.server.rpc.slowness.timeout = 2s (custom)
2022-05-26 08:03:46,050 [pool-593-thread-1] INFO  server.RaftServerConfigKeys (ConfUtils.java:logGet(46)) - raft.server.leaderelection.leader.step-down.wait-time = 10s (default)
2022-05-26 08:03:46,050 [pool-593-thread-1] INFO  server.RaftServerConfigKeys (ConfUtils.java:logGet(46)) - raft.server.sleep.deviation.threshold = 300ms (default)
2022-05-26 08:03:46,050 [pool-593-thread-1] INFO  server.RaftServer$Division (ServerState.java:<init>(107)) - omNode-1@group-523986131536: ConfigurationManager, init=-1: [omNode-3|rpc:localhost:42233|priority:0, omNode-1|rpc:localhost:40183|priority:0, omNode-2|rpc:localhost:37413|priority:0], old=null, confs=<EMPTY_MAP>
2022-05-26 08:03:46,050 [pool-593-thread-1] INFO  server.RaftServerConfigKeys (ConfUtils.java:logGet(46)) - raft.server.storage.dir = [/home/runner/work/ozone/ozone/hadoop-ozone/integration-test/target/test-dir/MiniOzoneClusterImpl-17bb6255-4ab1-443a-98be-5fd7627ecb82/omNode-1/ratis] (custom)
2022-05-26 08:03:46,051 [pool-593-thread-1] INFO  server.RaftServerConfigKeys (ConfUtils.java:logGet(46)) - raft.server.log.corruption.policy = EXCEPTION (default)
2022-05-26 08:03:46,051 [pool-593-thread-1] INFO  server.RaftServerConfigKeys (ConfUtils.java:logGet(46)) - raft.server.storage.free-space.min = 0MB (=0) (default)
2022-05-26 08:03:46,052 [pool-593-thread-1] INFO  storage.RaftStorageDirectory (RaftStorageDirectoryImpl.java:tryLock(230)) - Lock on /home/runner/work/ozone/ozone/hadoop-ozone/integration-test/target/test-dir/MiniOzoneClusterImpl-17bb6255-4ab1-443a-98be-5fd7627ecb82/omNode-1/ratis/c9bc4cf4-3bc3-3c60-a66b-523986131536/in_use.lock acquired by nodename 18146@fv-az35-51
2022-05-26 08:03:46,052 [pool-593-thread-1] INFO  storage.RaftStorage (RaftStorageImpl.java:analyzeAndRecoverStorage(110)) - Read RaftStorageMetadata{term=8, votedFor=omNode-2} from /home/runner/work/ozone/ozone/hadoop-ozone/integration-test/target/test-dir/MiniOzoneClusterImpl-17bb6255-4ab1-443a-98be-5fd7627ecb82/omNode-1/ratis/c9bc4cf4-3bc3-3c60-a66b-523986131536/current/raft-meta
2022-05-26 08:03:46,052 [pool-593-thread-1] INFO  server.RaftServer$Division (ServerState.java:setRaftConf(393)) - omNode-1@group-523986131536: set configuration 35: [omNode-3|rpc:localhost:42233|admin:|client:|dataStream:|priority:0, omNode-1|rpc:localhost:40183|admin:|client:|dataStream:|priority:0, omNode-2|rpc:localhost:37413|admin:|client:|dataStream:|priority:0], old=null
2022-05-26 08:03:46,052 [pool-593-thread-1] INFO  server.RaftServerConfigKeys (ConfUtils.java:logGet(46)) - raft.server.notification.no-leader.timeout = 2s (custom)
2022-05-26 08:03:46,052 [pool-593-thread-1] INFO  server.RaftServerConfigKeys (ConfUtils.java:logGet(46)) - raft.server.log.use.memory = false (default)
2022-05-26 08:03:46,052 [pool-593-thread-1] INFO  server.RaftServerConfigKeys (ConfUtils.java:logGet(46)) - raft.server.log.purge.gap = 50 (custom)
2022-05-26 08:03:46,052 [pool-593-thread-1] INFO  server.RaftServerConfigKeys (ConfUtils.java:logGet(46)) - raft.server.log.appender.buffer.byte-limit = 33554432 (custom)
2022-05-26 08:03:46,052 [pool-593-thread-1] INFO  server.RaftServerConfigKeys (ConfUtils.java:logGet(46)) - raft.server.log.statemachine.data.read.timeout = 1000ms (default)
2022-05-26 08:03:46,053 [pool-593-thread-1] INFO  server.RaftServerConfigKeys (ConfUtils.java:logGet(46)) - raft.server.log.segment.size.max = 4194304 (custom)
2022-05-26 08:03:46,053 [pool-593-thread-1] INFO  server.RaftServerConfigKeys (ConfUtils.java:logGet(46)) - raft.server.log.segment.cache.num.max = 2 (custom)
2022-05-26 08:03:46,053 [pool-593-thread-1] INFO  server.RaftServerConfigKeys (ConfUtils.java:logGet(46)) - raft.server.log.segment.cache.size.max = 200MB (=209715200) (default)
2022-05-26 08:03:46,053 [pool-593-thread-1] INFO  segmented.SegmentedRaftLogWorker (SegmentedRaftLogWorker.java:<init>(187)) - new omNode-1@group-523986131536-SegmentedRaftLogWorker for RaftStorageImpl:Storage Directory /home/runner/work/ozone/ozone/hadoop-ozone/integration-test/target/test-dir/MiniOzoneClusterImpl-17bb6255-4ab1-443a-98be-5fd7627ecb82/omNode-1/ratis/c9bc4cf4-3bc3-3c60-a66b-523986131536
2022-05-26 08:03:46,053 [pool-593-thread-1] INFO  server.RaftServerConfigKeys (ConfUtils.java:logGet(46)) - raft.server.log.queue.byte-limit = 64MB (=67108864) (default)
2022-05-26 08:03:46,053 [pool-593-thread-1] INFO  server.RaftServerConfigKeys (ConfUtils.java:logGet(46)) - raft.server.log.queue.element-limit = 4096 (default)
2022-05-26 08:03:46,053 [pool-593-thread-1] INFO  server.RaftServerConfigKeys (ConfUtils.java:logGet(46)) - raft.server.log.segment.size.max = 4194304 (custom)
2022-05-26 08:03:46,053 [pool-593-thread-1] INFO  server.RaftServerConfigKeys (ConfUtils.java:logGet(46)) - raft.server.log.preallocated.size = 4194304 (custom)
2022-05-26 08:03:46,053 [pool-593-thread-1] INFO  server.RaftServerConfigKeys (ConfUtils.java:logGet(46)) - raft.server.log.force.sync.num = 128 (default)
2022-05-26 08:03:46,053 [pool-593-thread-1] INFO  server.RaftServerConfigKeys (ConfUtils.java:logGet(46)) - raft.server.log.statemachine.data.sync = true (default)
2022-05-26 08:03:46,053 [pool-593-thread-1] INFO  server.RaftServerConfigKeys (ConfUtils.java:logGet(46)) - raft.server.log.statemachine.data.sync.timeout = 10s (default)
2022-05-26 08:03:46,053 [pool-593-thread-1] INFO  server.RaftServerConfigKeys (ConfUtils.java:logGet(46)) - raft.server.log.statemachine.data.sync.timeout.retry = -1 (default)
2022-05-26 08:03:46,054 [pool-593-thread-1] INFO  server.RaftServerConfigKeys (ConfUtils.java:logGet(46)) - raft.server.log.write.buffer.size = 64KB (=65536) (default)
2022-05-26 08:03:46,054 [pool-593-thread-1] INFO  server.RaftServerConfigKeys (ConfUtils.java:logGet(46)) - raft.server.log.unsafe-flush.enabled = false (default)
2022-05-26 08:03:46,054 [pool-593-thread-1] INFO  server.RaftServerConfigKeys (ConfUtils.java:logGet(46)) - raft.server.log.statemachine.data.caching.enabled = false (default)
2022-05-26 08:03:46,055 [pool-593-thread-1] INFO  server.RaftServer$Division (ServerState.java:setRaftConf(393)) - omNode-1@group-523986131536: set configuration 0: [omNode-3|rpc:localhost:42233|admin:|client:|dataStream:|priority:0, omNode-1|rpc:localhost:40183|admin:|client:|dataStream:|priority:0, omNode-2|rpc:localhost:37413|admin:|client:|dataStream:|priority:0], old=null
2022-05-26 08:03:46,055 [pool-593-thread-1] INFO  segmented.LogSegment (LogSegment.java:loadSegment(173)) - Successfully read 7 entries from segment file /home/runner/work/ozone/ozone/hadoop-ozone/integration-test/target/test-dir/MiniOzoneClusterImpl-17bb6255-4ab1-443a-98be-5fd7627ecb82/omNode-1/ratis/c9bc4cf4-3bc3-3c60-a66b-523986131536/current/log_0-6
2022-05-26 08:03:46,055 [pool-593-thread-1] INFO  server.RaftServer$Division (ServerState.java:setRaftConf(393)) - omNode-1@group-523986131536: set configuration 7: [omNode-3|rpc:localhost:42233|admin:|client:|dataStream:|priority:0, omNode-1|rpc:localhost:40183|admin:|client:|dataStream:|priority:0, omNode-2|rpc:localhost:37413|admin:|client:|dataStream:|priority:0], old=null
2022-05-26 08:03:46,055 [pool-593-thread-1] INFO  segmented.LogSegment (LogSegment.java:loadSegment(173)) - Successfully read 8 entries from segment file /home/runner/work/ozone/ozone/hadoop-ozone/integration-test/target/test-dir/MiniOzoneClusterImpl-17bb6255-4ab1-443a-98be-5fd7627ecb82/omNode-1/ratis/c9bc4cf4-3bc3-3c60-a66b-523986131536/current/log_7-14
2022-05-26 08:03:46,055 [pool-593-thread-1] INFO  server.RaftServer$Division (ServerState.java:setRaftConf(393)) - omNode-1@group-523986131536: set configuration 15: [omNode-3|rpc:localhost:42233|admin:|client:|dataStream:|priority:0, omNode-1|rpc:localhost:40183|admin:|client:|dataStream:|priority:0, omNode-2|rpc:localhost:37413|admin:|client:|dataStream:|priority:0], old=null
2022-05-26 08:03:46,056 [pool-593-thread-1] INFO  segmented.LogSegment (LogSegment.java:loadSegment(173)) - Successfully read 12 entries from segment file /home/runner/work/ozone/ozone/hadoop-ozone/integration-test/target/test-dir/MiniOzoneClusterImpl-17bb6255-4ab1-443a-98be-5fd7627ecb82/omNode-1/ratis/c9bc4cf4-3bc3-3c60-a66b-523986131536/current/log_15-26
2022-05-26 08:03:46,056 [pool-593-thread-1] INFO  server.RaftServer$Division (ServerState.java:setRaftConf(393)) - omNode-1@group-523986131536: set configuration 27: [omNode-3|rpc:localhost:42233|admin:|client:|dataStream:|priority:0, omNode-1|rpc:localhost:40183|admin:|client:|dataStream:|priority:0, omNode-2|rpc:localhost:37413|admin:|client:|dataStream:|priority:0], old=null
2022-05-26 08:03:46,056 [pool-593-thread-1] INFO  segmented.LogSegment (LogSegment.java:loadSegment(173)) - Successfully read 4 entries from segment file /home/runner/work/ozone/ozone/hadoop-ozone/integration-test/target/test-dir/MiniOzoneClusterImpl-17bb6255-4ab1-443a-98be-5fd7627ecb82/omNode-1/ratis/c9bc4cf4-3bc3-3c60-a66b-523986131536/current/log_27-30
2022-05-26 08:03:46,056 [pool-593-thread-1] INFO  server.RaftServer$Division (ServerState.java:setRaftConf(393)) - omNode-1@group-523986131536: set configuration 31: [omNode-3|rpc:localhost:42233|admin:|client:|dataStream:|priority:0, omNode-1|rpc:localhost:40183|admin:|client:|dataStream:|priority:0, omNode-2|rpc:localhost:37413|admin:|client:|dataStream:|priority:0], old=null
2022-05-26 08:03:46,056 [pool-593-thread-1] INFO  segmented.LogSegment (LogSegment.java:loadSegment(173)) - Successfully read 4 entries from segment file /home/runner/work/ozone/ozone/hadoop-ozone/integration-test/target/test-dir/MiniOzoneClusterImpl-17bb6255-4ab1-443a-98be-5fd7627ecb82/omNode-1/ratis/c9bc4cf4-3bc3-3c60-a66b-523986131536/current/log_31-34
2022-05-26 08:03:46,056 [pool-593-thread-1] INFO  server.RaftServer$Division (ServerState.java:setRaftConf(393)) - omNode-1@group-523986131536: set configuration 35: [omNode-3|rpc:localhost:42233|admin:|client:|dataStream:|priority:0, omNode-1|rpc:localhost:40183|admin:|client:|dataStream:|priority:0, omNode-2|rpc:localhost:37413|admin:|client:|dataStream:|priority:0], old=null
2022-05-26 08:03:46,057 [pool-593-thread-1] INFO  segmented.LogSegment (LogSegment.java:loadSegment(173)) - Successfully read 2 entries from segment file /home/runner/work/ozone/ozone/hadoop-ozone/integration-test/target/test-dir/MiniOzoneClusterImpl-17bb6255-4ab1-443a-98be-5fd7627ecb82/omNode-1/ratis/c9bc4cf4-3bc3-3c60-a66b-523986131536/current/log_inprogress_35
2022-05-26 08:03:46,057 [pool-593-thread-1] INFO  segmented.SegmentedRaftLogWorker (SegmentedRaftLogWorker.java:lambda$new$0(135)) - omNode-1@group-523986131536-SegmentedRaftLogWorker: flushIndex: setUnconditionally 0 -> 36
2022-05-26 08:03:46,057 [pool-593-thread-1] INFO  segmented.SegmentedRaftLogWorker (SegmentedRaftLogWorker.java:lambda$new$0(135)) - omNode-1@group-523986131536-SegmentedRaftLogWorker: safeCacheEvictIndex: setUnconditionally 0 -> 34
2022-05-26 08:03:46,057 [pool-593-thread-1] INFO  raftlog.RaftLog (RaftLogBase.java:lambda$new$0(53)) - omNode-1@group-523986131536-SegmentedRaftLog: commitIndex: updateToMax old=35, new=35, updated? false
2022-05-26 08:03:46,057 [pool-593-thread-1] INFO  server.RaftServerConfigKeys (ConfUtils.java:logGet(46)) - raft.server.snapshot.auto.trigger.enabled = true (custom)
2022-05-26 08:03:46,057 [pool-593-thread-1] INFO  server.RaftServerConfigKeys (ConfUtils.java:logGet(46)) - raft.server.snapshot.auto.trigger.threshold = 50 (custom)
2022-05-26 08:03:46,057 [pool-593-thread-1] INFO  server.RaftServerConfigKeys (ConfUtils.java:logGet(46)) - raft.server.snapshot.retention.file.num = -1 (default)
2022-05-26 08:03:46,057 [pool-593-thread-1] INFO  server.RaftServerConfigKeys (ConfUtils.java:logGet(46)) - raft.server.log.purge.upto.snapshot.index = true (custom)
2022-05-26 08:03:46,057 [pool-593-thread-1] INFO  server.RaftServerConfigKeys (ConfUtils.java:logGet(46)) - raft.server.retrycache.expirytime = 30000ms (custom)
2022-05-26 08:03:46,057 [pool-593-thread-1] INFO  server.RaftServerConfigKeys (ConfUtils.java:logGet(46)) - raft.server.retrycache.statistics.expirytime = 100μs (default)
2022-05-26 08:03:46,058 [pool-593-thread-1] INFO  server.RaftServerConfigKeys (ConfUtils.java:logGet(46)) - raft.server.log.appender.install.snapshot.enabled = false (custom)
2022-05-26 08:03:46,058 [pool-593-thread-1] INFO  server.RaftServerConfigKeys (ConfUtils.java:logGet(46)) - raft.server.threadpool.server.cached = true (default)
2022-05-26 08:03:46,058 [pool-593-thread-1] INFO  server.RaftServerConfigKeys (ConfUtils.java:logGet(46)) - raft.server.threadpool.server.size = 0 (default)
2022-05-26 08:03:46,058 [pool-593-thread-1] INFO  server.RaftServerConfigKeys (ConfUtils.java:logGet(46)) - raft.server.threadpool.client.cached = true (default)
2022-05-26 08:03:46,058 [pool-593-thread-1] INFO  server.RaftServerConfigKeys (ConfUtils.java:logGet(46)) - raft.server.threadpool.client.size = 0 (default)
2022-05-26 08:03:46,058 [omNode-1-impl-thread1] INFO  server.RaftServer$Division (RaftServerImpl.java:start(310)) - omNode-1@group-523986131536: start as a follower, conf=35: [omNode-3|rpc:localhost:42233|admin:|client:|dataStream:|priority:0, omNode-1|rpc:localhost:40183|admin:|client:|dataStream:|priority:0, omNode-2|rpc:localhost:37413|admin:|client:|dataStream:|priority:0], old=null
2022-05-26 08:03:46,058 [omNode-1-impl-thread1] INFO  server.RaftServer$Division (RaftServerImpl.java:setRole(299)) - omNode-1@group-523986131536: changes role from      null to FOLLOWER at term 8 for startAsFollower
2022-05-26 08:03:46,058 [omNode-1-impl-thread1] INFO  impl.RoleInfo (RoleInfo.java:updateAndGet(139)) - omNode-1: start omNode-1@group-523986131536-FollowerState
2022-05-26 08:03:46,059 [omNode-1-impl-thread1] INFO  util.JmxRegister (JmxRegister.java:tryRegister(44)) - Successfully registered JMX Bean with object name Ratis:service=RaftServer,group=group-523986131536,id=omNode-1
2022-05-26 08:03:46,059 [Listener at localhost/46875] INFO  server.RaftServer (RaftServerProxy.java:lambda$start$6(382)) - omNode-1: start RPC server
2022-05-26 08:03:46,062 [Listener at localhost/46875] INFO  server.GrpcService (GrpcService.java:startImpl(260)) - omNode-1: GrpcService started, listening on 40183
2022-05-26 08:03:46,063 [Listener at localhost/46875] INFO  om.OzoneManager (OzoneManager.java:getRpcServer(1030)) - Creating RPC Server
2022-05-26 08:03:46,063 [org.apache.ratis.util.JvmPauseMonitor$$Lambda$691/456821109@74061bd1] INFO  util.JvmPauseMonitor (JvmPauseMonitor.java:run(103)) - JvmPauseMonitor-omNode-1: Started
2022-05-26 08:03:46,311 [Listener at localhost/46875] INFO  reflections.Reflections (Reflections.java:scan(232)) - Reflections took 248 ms to scan 19 urls, producing 61 keys and 3747 values [using 2 cores]
2022-05-26 08:03:46,312 [Listener at localhost/46875] INFO  ipc.CallQueueManager (CallQueueManager.java:<init>(90)) - Using callQueue: class java.util.concurrent.LinkedBlockingQueue, queueCapacity: 2000, scheduler: class org.apache.hadoop.ipc.DefaultRpcScheduler, ipcBackoff: false.
2022-05-26 08:03:46,313 [Socket Reader #1 for port 38409] INFO  ipc.Server (Server.java:run(1265)) - Starting Socket Reader #1 for port 38409
2022-05-26 08:03:46,315 [Listener at localhost/38409] INFO  http.BaseHttpServer (BaseHttpServer.java:newHttpServer2BuilderForOzone(209)) - Starting Web-server for ozoneManager at: http://0.0.0.0:35485
2022-05-26 08:03:46,316 [Listener at localhost/38409] INFO  http.BaseHttpServer (BaseHttpServer.java:<init>(107)) - Hadoop Security Enabled: false Ozone Security Enabled: false Ozone HTTP Security Enabled: false 
2022-05-26 08:03:46,317 [Listener at localhost/38409] INFO  server.AuthenticationFilter (AuthenticationFilter.java:constructSecretProvider(240)) - Unable to initialize FileSignerSecretProvider, falling back to use random secrets.
2022-05-26 08:03:46,317 [Listener at localhost/38409] WARN  http.HttpRequestLog (HttpRequestLog.java:getRequestLog(103)) - Jetty request log can only be enabled using Log4j
2022-05-26 08:03:46,318 [Listener at localhost/38409] INFO  http.HttpServer2 (HttpServer2.java:addGlobalFilter(1030)) - Added global filter 'safety' (class=org.apache.hadoop.hdds.server.http.HttpServer2$QuotingInputFilter)
2022-05-26 08:03:46,318 [Listener at localhost/38409] INFO  http.HttpServer2 (HttpServer2.java:addFilter(1006)) - Added filter static_user_filter (class=org.apache.hadoop.http.lib.StaticUserWebFilter$StaticUserFilter) to context ozoneManager
2022-05-26 08:03:46,319 [Listener at localhost/38409] INFO  http.HttpServer2 (HttpServer2.java:addFilter(1014)) - Added filter static_user_filter (class=org.apache.hadoop.http.lib.StaticUserWebFilter$StaticUserFilter) to context logs
2022-05-26 08:03:46,319 [Listener at localhost/38409] INFO  http.HttpServer2 (HttpServer2.java:addFilter(1014)) - Added filter static_user_filter (class=org.apache.hadoop.http.lib.StaticUserWebFilter$StaticUserFilter) to context static
2022-05-26 08:03:46,319 [Listener at localhost/38409] INFO  http.HttpServer2 (HttpServer2.java:bindListener(1249)) - Jetty bound to port 35485
2022-05-26 08:03:46,319 [Listener at localhost/38409] INFO  server.Server (Server.java:doStart(375)) - jetty-9.4.43.v20210629; built: 2021-06-30T11:07:22.254Z; git: 526006ecfa3af7f1a27ef3a288e2bef7ea9dd7e8; jvm 1.8.0_332-b09
2022-05-26 08:03:46,320 [Listener at localhost/38409] INFO  server.session (DefaultSessionIdManager.java:doStart(334)) - DefaultSessionIdManager workerName=node0
2022-05-26 08:03:46,320 [Listener at localhost/38409] INFO  server.session (DefaultSessionIdManager.java:doStart(339)) - No SessionScavenger set, using defaults
2022-05-26 08:03:46,321 [Listener at localhost/38409] INFO  server.session (HouseKeeper.java:startScavenging(132)) - node0 Scavenging every 600000ms
2022-05-26 08:03:46,321 [Listener at localhost/38409] INFO  handler.ContextHandler (ContextHandler.java:doStart(915)) - Started o.e.j.s.ServletContextHandler@1c645e05{logs,/logs,file:///home/runner/work/ozone/ozone/hadoop-ozone/integration-test/target/log,AVAILABLE}
2022-05-26 08:03:46,321 [Listener at localhost/38409] INFO  handler.ContextHandler (ContextHandler.java:doStart(915)) - Started o.e.j.s.ServletContextHandler@b55152c{static,/static,file:///home/runner/work/ozone/ozone/hadoop-ozone/integration-test/target/test-classes/webapps/static,AVAILABLE}
2022-05-26 08:03:46,324 [Listener at localhost/38409] INFO  handler.ContextHandler (ContextHandler.java:doStart(915)) - Started o.e.j.w.WebAppContext@6d7e0845{ozoneManager,/,file:///home/runner/work/ozone/ozone/hadoop-ozone/integration-test/target/test-classes/webapps/ozoneManager/,AVAILABLE}{file:/home/runner/work/ozone/ozone/hadoop-ozone/integration-test/target/test-classes/webapps/ozoneManager}
2022-05-26 08:03:46,325 [Listener at localhost/38409] INFO  server.AbstractConnector (AbstractConnector.java:doStart(331)) - Started ServerConnector@1fb8b4d8{HTTP/1.1, (http/1.1)}{0.0.0.0:35485}
2022-05-26 08:03:46,325 [Listener at localhost/38409] INFO  server.Server (Server.java:doStart(415)) - Started @88265ms
2022-05-26 08:03:46,325 [Listener at localhost/38409] WARN  impl.MetricsSystemImpl (MetricsSystemImpl.java:register(279)) - Sink prometheus already exists!
2022-05-26 08:03:46,326 [Listener at localhost/38409] INFO  http.BaseHttpServer (BaseHttpServer.java:updateConnectorAddress(329)) - HTTP server of ozoneManager listening at http://0.0.0.0:35485
2022-05-26 08:03:46,326 [IPC Server Responder] INFO  ipc.Server (Server.java:run(1507)) - IPC Server Responder: starting
2022-05-26 08:03:46,328 [IPC Server listener on 38409] INFO  ipc.Server (Server.java:run(1344)) - IPC Server listener on 38409: starting
2022-05-26 08:03:46,337 [Listener at localhost/38409] INFO  om.OzoneManager (OzoneManager.java:startTrashEmptier(1845)) - Trash Interval set to 0. Files deleted won't move to trash
2022-05-26 08:03:46,337 [Listener at localhost/38409] INFO  om.OzoneManager (OzoneManager.java:stop(1960)) - omNode-2[localhost:38277]: Stopping Ozone Manager
2022-05-26 08:03:46,337 [org.apache.hadoop.util.JvmPauseMonitor$Monitor@6ce32ec2] INFO  util.JvmPauseMonitor (JvmPauseMonitor.java:run(188)) - Starting JVM pause monitor
2022-05-26 08:03:46,338 [Listener at localhost/38409] INFO  ipc.Server (Server.java:stop(3414)) - Stopping server on 38277
2022-05-26 08:03:46,342 [IPC Server listener on 38277] INFO  ipc.Server (Server.java:run(1376)) - Stopping IPC Server listener on 38277
2022-05-26 08:03:46,342 [IPC Server Responder] INFO  ipc.Server (Server.java:run(1512)) - Stopping IPC Server Responder
2022-05-26 08:03:46,343 [Listener at localhost/38409] INFO  server.RaftServer (RaftServerProxy.java:lambda$close$7(398)) - omNode-2: close
2022-05-26 08:03:46,343 [Listener at localhost/38409] INFO  server.RaftServer$Division (RaftServerImpl.java:lambda$close$4(434)) - omNode-2@group-523986131536: shutdown
2022-05-26 08:03:46,343 [Listener at localhost/38409] INFO  util.JmxRegister (JmxRegister.java:unregister(73)) - Successfully un-registered JMX Bean with object name Ratis:service=RaftServer,group=group-523986131536,id=omNode-2
2022-05-26 08:03:46,343 [Listener at localhost/38409] INFO  impl.RoleInfo (RoleInfo.java:shutdownLeaderState(93)) - omNode-2: shutdown omNode-2@group-523986131536-LeaderStateImpl
2022-05-26 08:03:46,344 [omNode-2@group-523986131536->omNode-3-GrpcLogAppender-LogAppenderDaemon] WARN  server.GrpcLogAppender (GrpcLogAppender.java:mayWait(171)) - omNode-2@group-523986131536->omNode-3-GrpcLogAppender: Wait interrupted by java.lang.InterruptedException
2022-05-26 08:03:46,344 [Listener at localhost/38409] INFO  impl.PendingRequests (PendingRequests.java:sendNotLeaderResponses(282)) - omNode-2@group-523986131536-PendingRequests: sendNotLeaderResponses
2022-05-26 08:03:46,344 [omNode-2@group-523986131536->omNode-1-GrpcLogAppender-LogAppenderDaemon] WARN  server.GrpcLogAppender (GrpcLogAppender.java:mayWait(171)) - omNode-2@group-523986131536->omNode-1-GrpcLogAppender: Wait interrupted by java.lang.InterruptedException
2022-05-26 08:03:46,346 [grpc-default-executor-2] INFO  server.GrpcServerProtocolService (GrpcServerProtocolService.java:onCompleted(140)) - omNode-3: Completed APPEND_ENTRIES, lastRequest: omNode-2->omNode-3#6-t8,previous=(t:8, i:35),leaderCommit=35,initializing? true,entries: size=1, first=(t:8, i:36), METADATAENTRY(c:35)
2022-05-26 08:03:46,348 [omNode-2@group-523986131536-StateMachineUpdater] INFO  ratis.OzoneManagerStateMachine (OzoneManagerStateMachine.java:takeSnapshot(436)) - Current Snapshot Index (t:8, i:36)
2022-05-26 08:03:46,348 [grpc-default-executor-3] INFO  server.GrpcLogAppender (GrpcLogAppender.java:onCompleted(339)) - omNode-2@group-523986131536->omNode-3-AppendLogResponseHandler: follower responses appendEntries COMPLETED
2022-05-26 08:03:46,348 [omNode-2@group-523986131536-StateMachineUpdater] INFO  impl.StateMachineUpdater (StateMachineUpdater.java:takeSnapshot(287)) - omNode-2@group-523986131536-StateMachineUpdater: Took a snapshot at index 36
2022-05-26 08:03:46,348 [grpc-default-executor-3] INFO  leader.FollowerInfo (FollowerInfoImpl.java:lambda$new$0(48)) - omNode-2@group-523986131536->omNode-3: nextIndex: updateUnconditionally 37 -> 36
2022-05-26 08:03:46,349 [Listener at localhost/38409] INFO  impl.StateMachineUpdater (StateMachineUpdater.java:stopAndJoin(153)) - omNode-2@group-523986131536-StateMachineUpdater: set stopIndex = 36
2022-05-26 08:03:46,349 [omNode-2@group-523986131536-StateMachineUpdater] INFO  impl.StateMachineUpdater (StateMachineUpdater.java:lambda$new$0(92)) - omNode-2@group-523986131536-StateMachineUpdater: snapshotIndex: updateIncreasingly 34 -> 36
2022-05-26 08:03:46,349 [omNode-2@group-523986131536-StateMachineUpdater] INFO  ratis.OzoneManagerStateMachine (OzoneManagerStateMachine.java:close(490)) - StateMachine has shutdown. Shutdown OzoneManager if not already shutdown.
2022-05-26 08:03:46,349 [omNode-2@group-523986131536-StateMachineUpdater] INFO  ratis.OzoneManagerDoubleBuffer (OzoneManagerDoubleBuffer.java:stop(465)) - Stopping OMDoubleBuffer flush thread
2022-05-26 08:03:46,349 [OMDoubleBufferFlushThread] INFO  ratis.OzoneManagerDoubleBuffer (OzoneManagerDoubleBuffer.java:flushTransactions(385)) - OMDoubleBuffer flush thread OMDoubleBufferFlushThread is interrupted and will exit.
2022-05-26 08:03:46,349 [Listener at localhost/38409] INFO  server.RaftServer$Division (ServerState.java:close(429)) - omNode-2@group-523986131536: closes. applyIndex: 36
2022-05-26 08:03:46,350 [omNode-2@group-523986131536-SegmentedRaftLogWorker] INFO  segmented.SegmentedRaftLogWorker (SegmentedRaftLogWorker.java:run(336)) - omNode-2@group-523986131536-SegmentedRaftLogWorker was interrupted, exiting. There are 0 tasks remaining in the queue.
2022-05-26 08:03:46,350 [Listener at localhost/38409] INFO  segmented.SegmentedRaftLogWorker (SegmentedRaftLogWorker.java:close(246)) - omNode-2@group-523986131536-SegmentedRaftLogWorker close()
2022-05-26 08:03:46,351 [Listener at localhost/38409] INFO  server.GrpcService (GrpcService.java:closeImpl(269)) - omNode-2: shutdown server with port 37413 now
2022-05-26 08:03:46,353 [Listener at localhost/38409] INFO  server.GrpcService (GrpcService.java:closeImpl(278)) - omNode-2: shutdown server with port 37413 successfully
2022-05-26 08:03:46,353 [org.apache.ratis.util.JvmPauseMonitor$$Lambda$691/456821109@cdf857d] INFO  util.JvmPauseMonitor (JvmPauseMonitor.java:run(109)) - JvmPauseMonitor-omNode-2: Stopped
2022-05-26 08:03:46,354 [Listener at localhost/38409] INFO  ratis.OzoneManagerStateMachine (OzoneManagerStateMachine.java:close(490)) - StateMachine has shutdown. Shutdown OzoneManager if not already shutdown.
2022-05-26 08:03:46,354 [Listener at localhost/38409] INFO  ratis.OzoneManagerDoubleBuffer (OzoneManagerDoubleBuffer.java:stop(477)) - OMDoubleBuffer flush thread is not running.
2022-05-26 08:03:46,354 [Listener at localhost/38409] INFO  handler.ContextHandler (ContextHandler.java:doStop(1153)) - Stopped o.e.j.w.WebAppContext@50202c94{ozoneManager,/,null,STOPPED}{file:/home/runner/work/ozone/ozone/hadoop-ozone/integration-test/target/test-classes/webapps/ozoneManager}
2022-05-26 08:03:46,354 [Listener at localhost/38409] INFO  server.AbstractConnector (AbstractConnector.java:doStop(381)) - Stopped ServerConnector@6c0eeeaf{HTTP/1.1, (http/1.1)}{0.0.0.0:45205}
2022-05-26 08:03:46,355 [Listener at localhost/38409] INFO  server.session (HouseKeeper.java:stopScavenging(149)) - node0 Stopped scavenging
2022-05-26 08:03:46,355 [Listener at localhost/38409] INFO  handler.ContextHandler (ContextHandler.java:doStop(1153)) - Stopped o.e.j.s.ServletContextHandler@645d2377{static,/static,file:///home/runner/work/ozone/ozone/hadoop-ozone/integration-test/target/test-classes/webapps/static,STOPPED}
2022-05-26 08:03:46,355 [Listener at localhost/38409] INFO  handler.ContextHandler (ContextHandler.java:doStop(1153)) - Stopped o.e.j.s.ServletContextHandler@3634bc73{logs,/logs,file:///home/runner/work/ozone/ozone/hadoop-ozone/integration-test/target/log,STOPPED}
2022-05-26 08:03:46,356 [Listener at localhost/38409] INFO  om.OzoneManager (OzoneManager.java:restart(1497)) - OzoneManager RPC server is listening at localhost/127.0.0.1:38277
2022-05-26 08:03:46,357 [Listener at localhost/38409] INFO  impl.MetricsSystemImpl (MetricsSystemImpl.java:init(158)) - OzoneManager metrics system started (again)
2022-05-26 08:03:46,368 [Listener at localhost/38409] WARN  server.ServerUtils (ServerUtils.java:getDBPath(225)) - ozone.om.db.dirs is not configured. We recommend adding this setting. Falling back to ozone.metadata.dirs instead.
2022-05-26 08:03:46,368 [Listener at localhost/38409] INFO  codec.OmKeyInfoCodec (OmKeyInfoCodec.java:<init>(49)) - OmKeyInfoCodec ignorePipeline = true
2022-05-26 08:03:46,369 [Listener at localhost/38409] INFO  codec.RepeatedOmKeyInfoCodec (RepeatedOmKeyInfoCodec.java:<init>(41)) - RepeatedOmKeyInfoCodec ignorePipeline = true
2022-05-26 08:03:46,413 [Listener at localhost/38409] WARN  impl.MetricRegistriesImpl (MetricRegistriesImpl.java:addReporterRegistration(111)) - New reporters are added after registries were created. Some metrics will be missing from the reporter. Please add reporter before adding any new registry.
2022-05-26 08:03:46,413 [Listener at localhost/38409] WARN  impl.MetricRegistriesImpl (MetricRegistriesImpl.java:addReporterRegistration(111)) - New reporters are added after registries were created. Some metrics will be missing from the reporter. Please add reporter before adding any new registry.
2022-05-26 08:03:46,413 [Listener at localhost/38409] WARN  server.ServerUtils (ServerUtils.java:getDefaultRatisDirectory(237)) - Storage directory for Ratis is not configured. It is a good idea to map this to an SSD disk. Falling back to ozone.metadata.dirs
2022-05-26 08:03:46,414 [Listener at localhost/38409] INFO  ratis.OzoneManagerRatisServer (OzoneManagerRatisServer.java:<init>(159)) - Instantiating OM Ratis server with groupID: om-service-test1 and peers: localhost:37413, localhost:42233, localhost:40183
2022-05-26 08:03:46,414 [Listener at localhost/38409] INFO  ratis.OzoneManagerStateMachine (OzoneManagerStateMachine.java:loadSnapshotInfoFromDB(627)) - LastAppliedIndex is set from TransactionInfo from OM DB as (t:8, i:36)
2022-05-26 08:03:46,414 [Listener at localhost/38409] INFO  server.RaftServer (ConfUtils.java:logGet(46)) - raft.rpc.type = GRPC (default)
2022-05-26 08:03:46,414 [Listener at localhost/38409] INFO  grpc.GrpcFactory (GrpcFactory.java:checkPooledByteBufAllocatorUseCacheForAllThreads(48)) - PERFORMANCE WARNING: useCacheForAllThreads is true that may cause Netty to create a lot garbage objects and, as a result, trigger GC.
	It is recommended to disable useCacheForAllThreads by setting -Dorg.apache.ratis.thirdparty.io.netty.allocator.useCacheForAllThreads=false in command line.
2022-05-26 08:03:46,415 [Listener at localhost/38409] INFO  grpc.GrpcConfigKeys (ConfUtils.java:logGet(46)) - raft.grpc.admin.port = -1 (default)
2022-05-26 08:03:46,415 [Listener at localhost/38409] INFO  grpc.GrpcConfigKeys (ConfUtils.java:logGet(46)) - raft.grpc.server.port = 37413 (custom)
2022-05-26 08:03:46,415 [Listener at localhost/38409] INFO  grpc.GrpcConfigKeys (ConfUtils.java:logGet(46)) - raft.grpc.client.port = -1 (default)
2022-05-26 08:03:46,415 [Listener at localhost/38409] INFO  grpc.GrpcConfigKeys (ConfUtils.java:logGet(46)) - raft.grpc.server.port = 37413 (custom)
2022-05-26 08:03:46,415 [Listener at localhost/38409] INFO  grpc.GrpcConfigKeys (ConfUtils.java:logGet(46)) - raft.grpc.server.port = 37413 (custom)
2022-05-26 08:03:46,415 [Listener at localhost/38409] INFO  server.GrpcService (ConfUtils.java:logGet(46)) - raft.grpc.message.size.max = 33554432 (custom)
2022-05-26 08:03:46,415 [Listener at localhost/38409] INFO  server.RaftServerConfigKeys (ConfUtils.java:logGet(46)) - raft.server.log.appender.buffer.byte-limit = 33554432 (custom)
2022-05-26 08:03:46,415 [Listener at localhost/38409] INFO  server.GrpcService (ConfUtils.java:logGet(46)) - raft.grpc.flow.control.window = 1MB (=1048576) (default)
2022-05-26 08:03:46,415 [Listener at localhost/38409] INFO  server.RaftServerConfigKeys (ConfUtils.java:logGet(46)) - raft.server.rpc.request.timeout = 3000ms (default)
2022-05-26 08:03:46,416 [Listener at localhost/38409] INFO  grpc.GrpcConfigKeys (ConfUtils.java:logGet(46)) - raft.grpc.server.async.request.thread.pool.cached = true (default)
2022-05-26 08:03:46,416 [Listener at localhost/38409] INFO  grpc.GrpcConfigKeys (ConfUtils.java:logGet(46)) - raft.grpc.server.async.request.thread.pool.size = 32 (default)
2022-05-26 08:03:46,417 [Listener at localhost/38409] INFO  impl.DataStreamServerImpl (ConfUtils.java:logGet(46)) - raft.datastream.type = DISABLED (default)
2022-05-26 08:03:46,417 [Listener at localhost/38409] INFO  server.RaftServerConfigKeys (ConfUtils.java:logGet(46)) - raft.server.threadpool.proxy.cached = true (default)
2022-05-26 08:03:46,417 [Listener at localhost/38409] INFO  server.RaftServerConfigKeys (ConfUtils.java:logGet(46)) - raft.server.threadpool.proxy.size = 0 (default)
2022-05-26 08:03:46,417 [Listener at localhost/38409] INFO  server.RaftServerConfigKeys (ConfUtils.java:logGet(46)) - raft.server.rpc.slowness.timeout = 2s (custom)
2022-05-26 08:03:46,417 [Listener at localhost/38409] INFO  server.RaftServerConfigKeys (ConfUtils.java:logGet(46)) - raft.server.leaderelection.leader.step-down.wait-time = 10s (default)
2022-05-26 08:03:46,418 [Listener at localhost/38409] INFO  server.RaftServerConfigKeys (ConfUtils.java:logGet(46)) - raft.server.storage.dir = [/home/runner/work/ozone/ozone/hadoop-ozone/integration-test/target/test-dir/MiniOzoneClusterImpl-17bb6255-4ab1-443a-98be-5fd7627ecb82/omNode-2/ratis] (custom)
2022-05-26 08:03:46,418 [omNode-2-impl-thread1] INFO  server.RaftServer (RaftServerProxy.java:initGroupDir(247)) - omNode-2: found a subdirectory /home/runner/work/ozone/ozone/hadoop-ozone/integration-test/target/test-dir/MiniOzoneClusterImpl-17bb6255-4ab1-443a-98be-5fd7627ecb82/omNode-2/ratis/c9bc4cf4-3bc3-3c60-a66b-523986131536
2022-05-26 08:03:46,418 [Listener at localhost/38409] INFO  server.RaftServer (RaftServerProxy.java:addNew(96)) - omNode-2: addNew group-523986131536:[omNode-3|rpc:localhost:42233|priority:0, omNode-1|rpc:localhost:40183|priority:0, omNode-2|rpc:localhost:37413|priority:0] returns group-523986131536:java.util.concurrent.CompletableFuture@53acdc6e[Not completed]
2022-05-26 08:03:46,418 [Listener at localhost/38409] INFO  om.OzoneManager (OzoneManager.java:initializeRatisServer(1901)) - OzoneManager Ratis server initialized at port 37413
2022-05-26 08:03:46,419 [Listener at localhost/38409] INFO  ratis.OzoneManagerRatisServer (OzoneManagerRatisServer.java:start(554)) - Starting OzoneManagerRatisServer omNode-2 at port 37413
2022-05-26 08:03:46,419 [pool-614-thread-1] INFO  server.RaftServer$Division (RaftServerImpl.java:<init>(190)) - omNode-2: new RaftServerImpl for group-523986131536:[omNode-3|rpc:localhost:42233|priority:0, omNode-1|rpc:localhost:40183|priority:0, omNode-2|rpc:localhost:37413|priority:0] with OzoneManagerStateMachine:uninitialized
2022-05-26 08:03:46,419 [pool-614-thread-1] INFO  server.RaftServerConfigKeys (ConfUtils.java:logGet(46)) - raft.server.rpc.timeout.min = 1s (custom)
2022-05-26 08:03:46,419 [pool-614-thread-1] INFO  server.RaftServerConfigKeys (ConfUtils.java:logGet(46)) - raft.server.rpc.timeout.max = 1200ms (custom)
2022-05-26 08:03:46,419 [pool-614-thread-1] INFO  server.RaftServerConfigKeys (ConfUtils.java:logGet(46)) - raft.server.rpc.sleep.time = 25ms (default)
2022-05-26 08:03:46,419 [pool-614-thread-1] INFO  server.RaftServerConfigKeys (ConfUtils.java:logGet(46)) - raft.server.rpc.slowness.timeout = 2s (custom)
2022-05-26 08:03:46,419 [pool-614-thread-1] INFO  server.RaftServerConfigKeys (ConfUtils.java:logGet(46)) - raft.server.leaderelection.leader.step-down.wait-time = 10s (default)
2022-05-26 08:03:46,419 [pool-614-thread-1] INFO  server.RaftServerConfigKeys (ConfUtils.java:logGet(46)) - raft.server.sleep.deviation.threshold = 300ms (default)
2022-05-26 08:03:46,419 [pool-614-thread-1] INFO  server.RaftServer$Division (ServerState.java:<init>(107)) - omNode-2@group-523986131536: ConfigurationManager, init=-1: [omNode-3|rpc:localhost:42233|priority:0, omNode-1|rpc:localhost:40183|priority:0, omNode-2|rpc:localhost:37413|priority:0], old=null, confs=<EMPTY_MAP>
2022-05-26 08:03:46,419 [pool-614-thread-1] INFO  server.RaftServerConfigKeys (ConfUtils.java:logGet(46)) - raft.server.storage.dir = [/home/runner/work/ozone/ozone/hadoop-ozone/integration-test/target/test-dir/MiniOzoneClusterImpl-17bb6255-4ab1-443a-98be-5fd7627ecb82/omNode-2/ratis] (custom)
2022-05-26 08:03:46,419 [pool-614-thread-1] INFO  server.RaftServerConfigKeys (ConfUtils.java:logGet(46)) - raft.server.log.corruption.policy = EXCEPTION (default)
2022-05-26 08:03:46,419 [pool-614-thread-1] INFO  server.RaftServerConfigKeys (ConfUtils.java:logGet(46)) - raft.server.storage.free-space.min = 0MB (=0) (default)
2022-05-26 08:03:46,421 [pool-614-thread-1] INFO  storage.RaftStorageDirectory (RaftStorageDirectoryImpl.java:tryLock(230)) - Lock on /home/runner/work/ozone/ozone/hadoop-ozone/integration-test/target/test-dir/MiniOzoneClusterImpl-17bb6255-4ab1-443a-98be-5fd7627ecb82/omNode-2/ratis/c9bc4cf4-3bc3-3c60-a66b-523986131536/in_use.lock acquired by nodename 18146@fv-az35-51
2022-05-26 08:03:46,421 [pool-614-thread-1] INFO  storage.RaftStorage (RaftStorageImpl.java:analyzeAndRecoverStorage(110)) - Read RaftStorageMetadata{term=8, votedFor=omNode-2} from /home/runner/work/ozone/ozone/hadoop-ozone/integration-test/target/test-dir/MiniOzoneClusterImpl-17bb6255-4ab1-443a-98be-5fd7627ecb82/omNode-2/ratis/c9bc4cf4-3bc3-3c60-a66b-523986131536/current/raft-meta
2022-05-26 08:03:46,421 [pool-614-thread-1] INFO  server.RaftServer$Division (ServerState.java:setRaftConf(393)) - omNode-2@group-523986131536: set configuration 35: [omNode-3|rpc:localhost:42233|admin:|client:|dataStream:|priority:0, omNode-1|rpc:localhost:40183|admin:|client:|dataStream:|priority:0, omNode-2|rpc:localhost:37413|admin:|client:|dataStream:|priority:0], old=null
2022-05-26 08:03:46,422 [pool-614-thread-1] INFO  server.RaftServerConfigKeys (ConfUtils.java:logGet(46)) - raft.server.notification.no-leader.timeout = 2s (custom)
2022-05-26 08:03:46,422 [pool-614-thread-1] INFO  server.RaftServerConfigKeys (ConfUtils.java:logGet(46)) - raft.server.log.use.memory = false (default)
2022-05-26 08:03:46,422 [pool-614-thread-1] INFO  server.RaftServerConfigKeys (ConfUtils.java:logGet(46)) - raft.server.log.purge.gap = 50 (custom)
2022-05-26 08:03:46,422 [pool-614-thread-1] INFO  server.RaftServerConfigKeys (ConfUtils.java:logGet(46)) - raft.server.log.appender.buffer.byte-limit = 33554432 (custom)
2022-05-26 08:03:46,422 [pool-614-thread-1] INFO  server.RaftServerConfigKeys (ConfUtils.java:logGet(46)) - raft.server.log.statemachine.data.read.timeout = 1000ms (default)
2022-05-26 08:03:46,422 [pool-614-thread-1] INFO  server.RaftServerConfigKeys (ConfUtils.java:logGet(46)) - raft.server.log.segment.size.max = 4194304 (custom)
2022-05-26 08:03:46,422 [pool-614-thread-1] INFO  server.RaftServerConfigKeys (ConfUtils.java:logGet(46)) - raft.server.log.segment.cache.num.max = 2 (custom)
2022-05-26 08:03:46,422 [pool-614-thread-1] INFO  server.RaftServerConfigKeys (ConfUtils.java:logGet(46)) - raft.server.log.segment.cache.size.max = 200MB (=209715200) (default)
2022-05-26 08:03:46,423 [pool-614-thread-1] INFO  segmented.SegmentedRaftLogWorker (SegmentedRaftLogWorker.java:<init>(187)) - new omNode-2@group-523986131536-SegmentedRaftLogWorker for RaftStorageImpl:Storage Directory /home/runner/work/ozone/ozone/hadoop-ozone/integration-test/target/test-dir/MiniOzoneClusterImpl-17bb6255-4ab1-443a-98be-5fd7627ecb82/omNode-2/ratis/c9bc4cf4-3bc3-3c60-a66b-523986131536
2022-05-26 08:03:46,423 [pool-614-thread-1] INFO  server.RaftServerConfigKeys (ConfUtils.java:logGet(46)) - raft.server.log.queue.byte-limit = 64MB (=67108864) (default)
2022-05-26 08:03:46,423 [pool-614-thread-1] INFO  server.RaftServerConfigKeys (ConfUtils.java:logGet(46)) - raft.server.log.queue.element-limit = 4096 (default)
2022-05-26 08:03:46,423 [pool-614-thread-1] INFO  server.RaftServerConfigKeys (ConfUtils.java:logGet(46)) - raft.server.log.segment.size.max = 4194304 (custom)
2022-05-26 08:03:46,423 [pool-614-thread-1] INFO  server.RaftServerConfigKeys (ConfUtils.java:logGet(46)) - raft.server.log.preallocated.size = 4194304 (custom)
2022-05-26 08:03:46,423 [pool-614-thread-1] INFO  server.RaftServerConfigKeys (ConfUtils.java:logGet(46)) - raft.server.log.force.sync.num = 128 (default)
2022-05-26 08:03:46,423 [pool-614-thread-1] INFO  server.RaftServerConfigKeys (ConfUtils.java:logGet(46)) - raft.server.log.statemachine.data.sync = true (default)
2022-05-26 08:03:46,423 [pool-614-thread-1] INFO  server.RaftServerConfigKeys (ConfUtils.java:logGet(46)) - raft.server.log.statemachine.data.sync.timeout = 10s (default)
2022-05-26 08:03:46,423 [pool-614-thread-1] INFO  server.RaftServerConfigKeys (ConfUtils.java:logGet(46)) - raft.server.log.statemachine.data.sync.timeout.retry = -1 (default)
2022-05-26 08:03:46,424 [pool-614-thread-1] INFO  server.RaftServerConfigKeys (ConfUtils.java:logGet(46)) - raft.server.log.write.buffer.size = 64KB (=65536) (default)
2022-05-26 08:03:46,424 [pool-614-thread-1] INFO  server.RaftServerConfigKeys (ConfUtils.java:logGet(46)) - raft.server.log.unsafe-flush.enabled = false (default)
2022-05-26 08:03:46,424 [pool-614-thread-1] INFO  server.RaftServerConfigKeys (ConfUtils.java:logGet(46)) - raft.server.log.statemachine.data.caching.enabled = false (default)
2022-05-26 08:03:46,425 [pool-614-thread-1] INFO  server.RaftServer$Division (ServerState.java:setRaftConf(393)) - omNode-2@group-523986131536: set configuration 0: [omNode-3|rpc:localhost:42233|admin:|client:|dataStream:|priority:0, omNode-1|rpc:localhost:40183|admin:|client:|dataStream:|priority:0, omNode-2|rpc:localhost:37413|admin:|client:|dataStream:|priority:0], old=null
2022-05-26 08:03:46,425 [pool-614-thread-1] INFO  segmented.LogSegment (LogSegment.java:loadSegment(173)) - Successfully read 7 entries from segment file /home/runner/work/ozone/ozone/hadoop-ozone/integration-test/target/test-dir/MiniOzoneClusterImpl-17bb6255-4ab1-443a-98be-5fd7627ecb82/omNode-2/ratis/c9bc4cf4-3bc3-3c60-a66b-523986131536/current/log_0-6
2022-05-26 08:03:46,425 [pool-614-thread-1] INFO  server.RaftServer$Division (ServerState.java:setRaftConf(393)) - omNode-2@group-523986131536: set configuration 7: [omNode-3|rpc:localhost:42233|admin:|client:|dataStream:|priority:0, omNode-1|rpc:localhost:40183|admin:|client:|dataStream:|priority:0, omNode-2|rpc:localhost:37413|admin:|client:|dataStream:|priority:0], old=null
2022-05-26 08:03:46,425 [pool-614-thread-1] INFO  segmented.LogSegment (LogSegment.java:loadSegment(173)) - Successfully read 8 entries from segment file /home/runner/work/ozone/ozone/hadoop-ozone/integration-test/target/test-dir/MiniOzoneClusterImpl-17bb6255-4ab1-443a-98be-5fd7627ecb82/omNode-2/ratis/c9bc4cf4-3bc3-3c60-a66b-523986131536/current/log_7-14
2022-05-26 08:03:46,425 [pool-614-thread-1] INFO  server.RaftServer$Division (ServerState.java:setRaftConf(393)) - omNode-2@group-523986131536: set configuration 15: [omNode-3|rpc:localhost:42233|admin:|client:|dataStream:|priority:0, omNode-1|rpc:localhost:40183|admin:|client:|dataStream:|priority:0, omNode-2|rpc:localhost:37413|admin:|client:|dataStream:|priority:0], old=null
2022-05-26 08:03:46,426 [pool-614-thread-1] INFO  segmented.LogSegment (LogSegment.java:loadSegment(173)) - Successfully read 12 entries from segment file /home/runner/work/ozone/ozone/hadoop-ozone/integration-test/target/test-dir/MiniOzoneClusterImpl-17bb6255-4ab1-443a-98be-5fd7627ecb82/omNode-2/ratis/c9bc4cf4-3bc3-3c60-a66b-523986131536/current/log_15-26
2022-05-26 08:03:46,426 [pool-614-thread-1] INFO  server.RaftServer$Division (ServerState.java:setRaftConf(393)) - omNode-2@group-523986131536: set configuration 27: [omNode-3|rpc:localhost:42233|admin:|client:|dataStream:|priority:0, omNode-1|rpc:localhost:40183|admin:|client:|dataStream:|priority:0, omNode-2|rpc:localhost:37413|admin:|client:|dataStream:|priority:0], old=null
2022-05-26 08:03:46,426 [pool-614-thread-1] INFO  segmented.LogSegment (LogSegment.java:loadSegment(173)) - Successfully read 4 entries from segment file /home/runner/work/ozone/ozone/hadoop-ozone/integration-test/target/test-dir/MiniOzoneClusterImpl-17bb6255-4ab1-443a-98be-5fd7627ecb82/omNode-2/ratis/c9bc4cf4-3bc3-3c60-a66b-523986131536/current/log_27-30
2022-05-26 08:03:46,426 [pool-614-thread-1] INFO  server.RaftServer$Division (ServerState.java:setRaftConf(393)) - omNode-2@group-523986131536: set configuration 31: [omNode-3|rpc:localhost:42233|admin:|client:|dataStream:|priority:0, omNode-1|rpc:localhost:40183|admin:|client:|dataStream:|priority:0, omNode-2|rpc:localhost:37413|admin:|client:|dataStream:|priority:0], old=null
2022-05-26 08:03:46,426 [pool-614-thread-1] INFO  segmented.LogSegment (LogSegment.java:loadSegment(173)) - Successfully read 4 entries from segment file /home/runner/work/ozone/ozone/hadoop-ozone/integration-test/target/test-dir/MiniOzoneClusterImpl-17bb6255-4ab1-443a-98be-5fd7627ecb82/omNode-2/ratis/c9bc4cf4-3bc3-3c60-a66b-523986131536/current/log_31-34
2022-05-26 08:03:46,426 [pool-614-thread-1] INFO  server.RaftServer$Division (ServerState.java:setRaftConf(393)) - omNode-2@group-523986131536: set configuration 35: [omNode-3|rpc:localhost:42233|admin:|client:|dataStream:|priority:0, omNode-1|rpc:localhost:40183|admin:|client:|dataStream:|priority:0, omNode-2|rpc:localhost:37413|admin:|client:|dataStream:|priority:0], old=null
2022-05-26 08:03:46,426 [pool-614-thread-1] INFO  segmented.LogSegment (LogSegment.java:loadSegment(173)) - Successfully read 2 entries from segment file /home/runner/work/ozone/ozone/hadoop-ozone/integration-test/target/test-dir/MiniOzoneClusterImpl-17bb6255-4ab1-443a-98be-5fd7627ecb82/omNode-2/ratis/c9bc4cf4-3bc3-3c60-a66b-523986131536/current/log_inprogress_35
2022-05-26 08:03:46,427 [pool-614-thread-1] INFO  segmented.SegmentedRaftLogWorker (SegmentedRaftLogWorker.java:lambda$new$0(135)) - omNode-2@group-523986131536-SegmentedRaftLogWorker: flushIndex: setUnconditionally 0 -> 36
2022-05-26 08:03:46,427 [pool-614-thread-1] INFO  segmented.SegmentedRaftLogWorker (SegmentedRaftLogWorker.java:lambda$new$0(135)) - omNode-2@group-523986131536-SegmentedRaftLogWorker: safeCacheEvictIndex: setUnconditionally 0 -> 34
2022-05-26 08:03:46,428 [pool-614-thread-1] INFO  raftlog.RaftLog (RaftLogBase.java:lambda$new$0(53)) - omNode-2@group-523986131536-SegmentedRaftLog: commitIndex: updateToMax old=36, new=35, updated? false
2022-05-26 08:03:46,428 [pool-614-thread-1] INFO  server.RaftServerConfigKeys (ConfUtils.java:logGet(46)) - raft.server.snapshot.auto.trigger.enabled = true (custom)
2022-05-26 08:03:46,428 [pool-614-thread-1] INFO  server.RaftServerConfigKeys (ConfUtils.java:logGet(46)) - raft.server.snapshot.auto.trigger.threshold = 50 (custom)
2022-05-26 08:03:46,428 [pool-614-thread-1] INFO  server.RaftServerConfigKeys (ConfUtils.java:logGet(46)) - raft.server.snapshot.retention.file.num = -1 (default)
2022-05-26 08:03:46,428 [pool-614-thread-1] INFO  server.RaftServerConfigKeys (ConfUtils.java:logGet(46)) - raft.server.log.purge.upto.snapshot.index = true (custom)
2022-05-26 08:03:46,428 [pool-614-thread-1] INFO  server.RaftServerConfigKeys (ConfUtils.java:logGet(46)) - raft.server.retrycache.expirytime = 30000ms (custom)
2022-05-26 08:03:46,428 [pool-614-thread-1] INFO  server.RaftServerConfigKeys (ConfUtils.java:logGet(46)) - raft.server.retrycache.statistics.expirytime = 100μs (default)
2022-05-26 08:03:46,430 [pool-614-thread-1] INFO  server.RaftServerConfigKeys (ConfUtils.java:logGet(46)) - raft.server.log.appender.install.snapshot.enabled = false (custom)
2022-05-26 08:03:46,430 [pool-614-thread-1] INFO  server.RaftServerConfigKeys (ConfUtils.java:logGet(46)) - raft.server.threadpool.server.cached = true (default)
2022-05-26 08:03:46,430 [pool-614-thread-1] INFO  server.RaftServerConfigKeys (ConfUtils.java:logGet(46)) - raft.server.threadpool.server.size = 0 (default)
2022-05-26 08:03:46,430 [pool-614-thread-1] INFO  server.RaftServerConfigKeys (ConfUtils.java:logGet(46)) - raft.server.threadpool.client.cached = true (default)
2022-05-26 08:03:46,430 [pool-614-thread-1] INFO  server.RaftServerConfigKeys (ConfUtils.java:logGet(46)) - raft.server.threadpool.client.size = 0 (default)
2022-05-26 08:03:46,430 [omNode-2-impl-thread1] INFO  server.RaftServer$Division (RaftServerImpl.java:start(310)) - omNode-2@group-523986131536: start as a follower, conf=35: [omNode-3|rpc:localhost:42233|admin:|client:|dataStream:|priority:0, omNode-1|rpc:localhost:40183|admin:|client:|dataStream:|priority:0, omNode-2|rpc:localhost:37413|admin:|client:|dataStream:|priority:0], old=null
2022-05-26 08:03:46,430 [omNode-2-impl-thread1] INFO  server.RaftServer$Division (RaftServerImpl.java:setRole(299)) - omNode-2@group-523986131536: changes role from      null to FOLLOWER at term 8 for startAsFollower
2022-05-26 08:03:46,430 [omNode-2-impl-thread1] INFO  impl.RoleInfo (RoleInfo.java:updateAndGet(139)) - omNode-2: start omNode-2@group-523986131536-FollowerState
2022-05-26 08:03:46,434 [omNode-2-impl-thread1] INFO  util.JmxRegister (JmxRegister.java:tryRegister(44)) - Successfully registered JMX Bean with object name Ratis:service=RaftServer,group=group-523986131536,id=omNode-2
2022-05-26 08:03:46,435 [Listener at localhost/38409] INFO  server.RaftServer (RaftServerProxy.java:lambda$start$6(382)) - omNode-2: start RPC server
2022-05-26 08:03:46,436 [Listener at localhost/38409] INFO  server.GrpcService (GrpcService.java:startImpl(260)) - omNode-2: GrpcService started, listening on 37413
2022-05-26 08:03:46,440 [Listener at localhost/38409] INFO  om.OzoneManager (OzoneManager.java:getRpcServer(1030)) - Creating RPC Server
2022-05-26 08:03:46,441 [org.apache.ratis.util.JvmPauseMonitor$$Lambda$691/456821109@3d860a6d] INFO  util.JvmPauseMonitor (JvmPauseMonitor.java:run(103)) - JvmPauseMonitor-omNode-2: Started
2022-05-26 08:03:46,755 [Listener at localhost/38409] INFO  reflections.Reflections (Reflections.java:scan(232)) - Reflections took 314 ms to scan 19 urls, producing 61 keys and 3747 values [using 2 cores]
2022-05-26 08:03:46,757 [Listener at localhost/38409] INFO  ipc.CallQueueManager (CallQueueManager.java:<init>(90)) - Using callQueue: class java.util.concurrent.LinkedBlockingQueue, queueCapacity: 2000, scheduler: class org.apache.hadoop.ipc.DefaultRpcScheduler, ipcBackoff: false.
2022-05-26 08:03:46,757 [Socket Reader #1 for port 38277] INFO  ipc.Server (Server.java:run(1265)) - Starting Socket Reader #1 for port 38277
2022-05-26 08:03:46,760 [Listener at localhost/38277] INFO  http.BaseHttpServer (BaseHttpServer.java:newHttpServer2BuilderForOzone(209)) - Starting Web-server for ozoneManager at: http://0.0.0.0:45205
2022-05-26 08:03:46,760 [Listener at localhost/38277] INFO  http.BaseHttpServer (BaseHttpServer.java:<init>(107)) - Hadoop Security Enabled: false Ozone Security Enabled: false Ozone HTTP Security Enabled: false 
2022-05-26 08:03:46,761 [Listener at localhost/38277] INFO  server.AuthenticationFilter (AuthenticationFilter.java:constructSecretProvider(240)) - Unable to initialize FileSignerSecretProvider, falling back to use random secrets.
2022-05-26 08:03:46,761 [Listener at localhost/38277] WARN  http.HttpRequestLog (HttpRequestLog.java:getRequestLog(103)) - Jetty request log can only be enabled using Log4j
2022-05-26 08:03:46,762 [Listener at localhost/38277] INFO  http.HttpServer2 (HttpServer2.java:addGlobalFilter(1030)) - Added global filter 'safety' (class=org.apache.hadoop.hdds.server.http.HttpServer2$QuotingInputFilter)
2022-05-26 08:03:46,763 [Listener at localhost/38277] INFO  http.HttpServer2 (HttpServer2.java:addFilter(1006)) - Added filter static_user_filter (class=org.apache.hadoop.http.lib.StaticUserWebFilter$StaticUserFilter) to context ozoneManager
2022-05-26 08:03:46,763 [Listener at localhost/38277] INFO  http.HttpServer2 (HttpServer2.java:addFilter(1014)) - Added filter static_user_filter (class=org.apache.hadoop.http.lib.StaticUserWebFilter$StaticUserFilter) to context logs
2022-05-26 08:03:46,763 [Listener at localhost/38277] INFO  http.HttpServer2 (HttpServer2.java:addFilter(1014)) - Added filter static_user_filter (class=org.apache.hadoop.http.lib.StaticUserWebFilter$StaticUserFilter) to context static
2022-05-26 08:03:46,763 [Listener at localhost/38277] INFO  http.HttpServer2 (HttpServer2.java:bindListener(1249)) - Jetty bound to port 45205
2022-05-26 08:03:46,763 [Listener at localhost/38277] INFO  server.Server (Server.java:doStart(375)) - jetty-9.4.43.v20210629; built: 2021-06-30T11:07:22.254Z; git: 526006ecfa3af7f1a27ef3a288e2bef7ea9dd7e8; jvm 1.8.0_332-b09
2022-05-26 08:03:46,766 [Listener at localhost/38277] INFO  server.session (DefaultSessionIdManager.java:doStart(334)) - DefaultSessionIdManager workerName=node0
2022-05-26 08:03:46,766 [Listener at localhost/38277] INFO  server.session (DefaultSessionIdManager.java:doStart(339)) - No SessionScavenger set, using defaults
2022-05-26 08:03:46,766 [Listener at localhost/38277] INFO  server.session (HouseKeeper.java:startScavenging(132)) - node0 Scavenging every 660000ms
2022-05-26 08:03:46,767 [Listener at localhost/38277] INFO  handler.ContextHandler (ContextHandler.java:doStart(915)) - Started o.e.j.s.ServletContextHandler@2f024c1{logs,/logs,file:///home/runner/work/ozone/ozone/hadoop-ozone/integration-test/target/log,AVAILABLE}
2022-05-26 08:03:46,768 [Listener at localhost/38277] INFO  handler.ContextHandler (ContextHandler.java:doStart(915)) - Started o.e.j.s.ServletContextHandler@17a7842f{static,/static,file:///home/runner/work/ozone/ozone/hadoop-ozone/integration-test/target/test-classes/webapps/static,AVAILABLE}
2022-05-26 08:03:46,770 [Listener at localhost/38277] INFO  handler.ContextHandler (ContextHandler.java:doStart(915)) - Started o.e.j.w.WebAppContext@79000d1a{ozoneManager,/,file:///home/runner/work/ozone/ozone/hadoop-ozone/integration-test/target/test-classes/webapps/ozoneManager/,AVAILABLE}{file:/home/runner/work/ozone/ozone/hadoop-ozone/integration-test/target/test-classes/webapps/ozoneManager}
2022-05-26 08:03:46,771 [Listener at localhost/38277] INFO  server.AbstractConnector (AbstractConnector.java:doStart(331)) - Started ServerConnector@73e3e7da{HTTP/1.1, (http/1.1)}{0.0.0.0:45205}
2022-05-26 08:03:46,771 [Listener at localhost/38277] INFO  server.Server (Server.java:doStart(415)) - Started @88712ms
2022-05-26 08:03:46,771 [Listener at localhost/38277] WARN  impl.MetricsSystemImpl (MetricsSystemImpl.java:register(279)) - Sink prometheus already exists!
2022-05-26 08:03:46,772 [Listener at localhost/38277] INFO  http.BaseHttpServer (BaseHttpServer.java:updateConnectorAddress(329)) - HTTP server of ozoneManager listening at http://0.0.0.0:45205
2022-05-26 08:03:46,772 [IPC Server Responder] INFO  ipc.Server (Server.java:run(1507)) - IPC Server Responder: starting
2022-05-26 08:03:46,780 [IPC Server listener on 38277] INFO  ipc.Server (Server.java:run(1344)) - IPC Server listener on 38277: starting
2022-05-26 08:03:46,788 [Listener at localhost/38277] INFO  om.OzoneManager (OzoneManager.java:startTrashEmptier(1845)) - Trash Interval set to 0. Files deleted won't move to trash
]]></system-out>
  </testcase>
  <testcase name="testOMProxyProviderInitialization" classname="org.apache.hadoop.ozone.om.TestOzoneManagerHAMetadataOnly" time="3.22">
    <system-out><![CDATA[2022-05-26 08:03:46,795 [org.apache.hadoop.util.JvmPauseMonitor$Monitor@9405aad] INFO  util.JvmPauseMonitor (JvmPauseMonitor.java:run(188)) - Starting JVM pause monitor
2022-05-26 08:03:46,807 [Listener at localhost/38277] INFO  retry.RetryInvocationHandler (RetryInvocationHandler.java:log(411)) - com.google.protobuf.ServiceException: org.apache.hadoop.ipc.RemoteException(org.apache.hadoop.ozone.om.exceptions.OMNotLeaderException): OM:omNode-2 is not the leader. Could not determine the leader node.
	at org.apache.hadoop.ozone.protocolPB.OzoneManagerProtocolServerSideTranslatorPB.createNotLeaderException(OzoneManagerProtocolServerSideTranslatorPB.java:236)
	at org.apache.hadoop.ozone.protocolPB.OzoneManagerProtocolServerSideTranslatorPB.createLeaderErrorException(OzoneManagerProtocolServerSideTranslatorPB.java:223)
	at org.apache.hadoop.ozone.protocolPB.OzoneManagerProtocolServerSideTranslatorPB.submitReadRequestToOM(OzoneManagerProtocolServerSideTranslatorPB.java:216)
	at org.apache.hadoop.ozone.protocolPB.OzoneManagerProtocolServerSideTranslatorPB.processRequest(OzoneManagerProtocolServerSideTranslatorPB.java:175)
	at org.apache.hadoop.hdds.server.OzoneProtocolMessageDispatcher.processRequest(OzoneProtocolMessageDispatcher.java:87)
	at org.apache.hadoop.ozone.protocolPB.OzoneManagerProtocolServerSideTranslatorPB.submitRequest(OzoneManagerProtocolServerSideTranslatorPB.java:147)
	at org.apache.hadoop.ozone.protocol.proto.OzoneManagerProtocolProtos$OzoneManagerService$2.callBlockingMethod(OzoneManagerProtocolProtos.java)
	at org.apache.hadoop.ipc.ProtobufRpcEngine$Server.processCall(ProtobufRpcEngine.java:466)
	at org.apache.hadoop.ipc.ProtobufRpcEngine2$Server$ProtoBufRpcInvoker.call(ProtobufRpcEngine2.java:574)
	at org.apache.hadoop.ipc.ProtobufRpcEngine2$Server$ProtoBufRpcInvoker.call(ProtobufRpcEngine2.java:552)
	at org.apache.hadoop.ipc.RPC$Server.call(RPC.java:1093)
	at org.apache.hadoop.ipc.Server$RpcCall.run(Server.java:1035)
	at org.apache.hadoop.ipc.Server$RpcCall.run(Server.java:963)
	at java.security.AccessController.doPrivileged(Native Method)
	at javax.security.auth.Subject.doAs(Subject.java:422)
	at org.apache.hadoop.security.UserGroupInformation.doAs(UserGroupInformation.java:1878)
	at org.apache.hadoop.ipc.Server$Handler.run(Server.java:2966)
, while invoking $Proxy54.submitRequest over nodeId=omNode-2,nodeAddress=127.0.0.1:38277 after 1 failover attempts. Trying to failover immediately.
2022-05-26 08:03:46,813 [Listener at localhost/38277] INFO  retry.RetryInvocationHandler (RetryInvocationHandler.java:log(411)) - com.google.protobuf.ServiceException: org.apache.hadoop.ipc.RemoteException(org.apache.hadoop.ozone.om.exceptions.OMNotLeaderException): OM:omNode-3 is not the leader. Could not determine the leader node.
	at org.apache.hadoop.ozone.protocolPB.OzoneManagerProtocolServerSideTranslatorPB.createNotLeaderException(OzoneManagerProtocolServerSideTranslatorPB.java:236)
	at org.apache.hadoop.ozone.protocolPB.OzoneManagerProtocolServerSideTranslatorPB.createLeaderErrorException(OzoneManagerProtocolServerSideTranslatorPB.java:223)
	at org.apache.hadoop.ozone.protocolPB.OzoneManagerProtocolServerSideTranslatorPB.submitReadRequestToOM(OzoneManagerProtocolServerSideTranslatorPB.java:216)
	at org.apache.hadoop.ozone.protocolPB.OzoneManagerProtocolServerSideTranslatorPB.processRequest(OzoneManagerProtocolServerSideTranslatorPB.java:175)
	at org.apache.hadoop.hdds.server.OzoneProtocolMessageDispatcher.processRequest(OzoneProtocolMessageDispatcher.java:87)
	at org.apache.hadoop.ozone.protocolPB.OzoneManagerProtocolServerSideTranslatorPB.submitRequest(OzoneManagerProtocolServerSideTranslatorPB.java:147)
	at org.apache.hadoop.ozone.protocol.proto.OzoneManagerProtocolProtos$OzoneManagerService$2.callBlockingMethod(OzoneManagerProtocolProtos.java)
	at org.apache.hadoop.ipc.ProtobufRpcEngine$Server.processCall(ProtobufRpcEngine.java:466)
	at org.apache.hadoop.ipc.ProtobufRpcEngine2$Server$ProtoBufRpcInvoker.call(ProtobufRpcEngine2.java:574)
	at org.apache.hadoop.ipc.ProtobufRpcEngine2$Server$ProtoBufRpcInvoker.call(ProtobufRpcEngine2.java:552)
	at org.apache.hadoop.ipc.RPC$Server.call(RPC.java:1093)
	at org.apache.hadoop.ipc.Server$RpcCall.run(Server.java:1035)
	at org.apache.hadoop.ipc.Server$RpcCall.run(Server.java:963)
	at java.security.AccessController.doPrivileged(Native Method)
	at javax.security.auth.Subject.doAs(Subject.java:422)
	at org.apache.hadoop.security.UserGroupInformation.doAs(UserGroupInformation.java:1878)
	at org.apache.hadoop.ipc.Server$Handler.run(Server.java:2966)
, while invoking $Proxy54.submitRequest over nodeId=omNode-3,nodeAddress=127.0.0.1:46875 after 2 failover attempts. Trying to failover after sleeping for 2000ms.
2022-05-26 08:03:47,245 [omNode-1@group-523986131536-FollowerState] INFO  impl.FollowerState (FollowerState.java:run(143)) - omNode-1@group-523986131536-FollowerState: change to CANDIDATE, lastRpcElapsedTime:1186456398ns, electionTimeout:1186ms
2022-05-26 08:03:47,245 [omNode-1@group-523986131536-FollowerState] INFO  impl.RoleInfo (RoleInfo.java:shutdownFollowerState(110)) - omNode-1: shutdown omNode-1@group-523986131536-FollowerState
2022-05-26 08:03:47,245 [omNode-1@group-523986131536-FollowerState] INFO  server.RaftServer$Division (RaftServerImpl.java:setRole(299)) - omNode-1@group-523986131536: changes role from  FOLLOWER to CANDIDATE at term 8 for changeToCandidate
2022-05-26 08:03:47,246 [omNode-1@group-523986131536-FollowerState] INFO  server.RaftServerConfigKeys (ConfUtils.java:logGet(46)) - raft.server.leaderelection.pre-vote = false (custom)
2022-05-26 08:03:47,246 [omNode-1@group-523986131536-FollowerState] INFO  impl.RoleInfo (RoleInfo.java:updateAndGet(139)) - omNode-1: start omNode-1@group-523986131536-LeaderElection19
2022-05-26 08:03:47,249 [omNode-1@group-523986131536-LeaderElection19] INFO  impl.LeaderElection (LeaderElection.java:askForVotes(310)) - omNode-1@group-523986131536-LeaderElection19 ELECTION round 0: submit vote requests at term 9 for 35: [omNode-3|rpc:localhost:42233|admin:|client:|dataStream:|priority:0, omNode-1|rpc:localhost:40183|admin:|client:|dataStream:|priority:0, omNode-2|rpc:localhost:37413|admin:|client:|dataStream:|priority:0], old=null
2022-05-26 08:03:47,267 [grpc-default-executor-2] INFO  server.RaftServer$Division (RaftServerImpl.java:requestVote(1152)) - omNode-2@group-523986131536: receive requestVote(ELECTION, omNode-1, group-523986131536, 9, (t:8, i:36))
2022-05-26 08:03:47,267 [grpc-default-executor-2] INFO  impl.VoteContext (VoteContext.java:log(48)) - omNode-2@group-523986131536-FOLLOWER: accept ELECTION from omNode-1: our priority 0 <= candidate's priority 0
2022-05-26 08:03:47,267 [grpc-default-executor-2] INFO  server.RaftServer$Division (RaftServerImpl.java:setRole(299)) - omNode-2@group-523986131536: changes role from  FOLLOWER to FOLLOWER at term 9 for candidate:omNode-1
2022-05-26 08:03:47,267 [grpc-default-executor-2] INFO  impl.RoleInfo (RoleInfo.java:shutdownFollowerState(110)) - omNode-2: shutdown omNode-2@group-523986131536-FollowerState
2022-05-26 08:03:47,267 [grpc-default-executor-2] INFO  impl.RoleInfo (RoleInfo.java:updateAndGet(139)) - omNode-2: start omNode-2@group-523986131536-FollowerState
2022-05-26 08:03:47,267 [omNode-2@group-523986131536-FollowerState] INFO  impl.FollowerState (FollowerState.java:run(152)) - omNode-2@group-523986131536-FollowerState was interrupted
2022-05-26 08:03:47,268 [grpc-default-executor-3] INFO  server.RaftServer$Division (RaftServerImpl.java:requestVote(1152)) - omNode-3@group-523986131536: receive requestVote(ELECTION, omNode-1, group-523986131536, 9, (t:8, i:36))
2022-05-26 08:03:47,268 [grpc-default-executor-3] INFO  impl.VoteContext (VoteContext.java:log(48)) - omNode-3@group-523986131536-FOLLOWER: accept ELECTION from omNode-1: our priority 0 <= candidate's priority 0
2022-05-26 08:03:47,269 [grpc-default-executor-3] INFO  server.RaftServer$Division (ServerState.java:setLeader(287)) - omNode-3@group-523986131536: change Leader from omNode-2 to null at term 9 for updateCurrentTerm
2022-05-26 08:03:47,269 [grpc-default-executor-3] INFO  server.RaftServer$Division (RaftServerImpl.java:setRole(299)) - omNode-3@group-523986131536: changes role from  FOLLOWER to FOLLOWER at term 9 for candidate:omNode-1
2022-05-26 08:03:47,269 [grpc-default-executor-2] INFO  server.RaftServer$Division (RaftServerImpl.java:requestVote(1184)) - omNode-2@group-523986131536 replies to ELECTION vote request: omNode-1<-omNode-2#0:OK-t9. Peer's state: omNode-2@group-523986131536:t9, leader=null, voted=omNode-1, raftlog=omNode-2@group-523986131536-SegmentedRaftLog:OPENED:c36, conf=35: [omNode-3|rpc:localhost:42233|admin:|client:|dataStream:|priority:0, omNode-1|rpc:localhost:40183|admin:|client:|dataStream:|priority:0, omNode-2|rpc:localhost:37413|admin:|client:|dataStream:|priority:0], old=null
2022-05-26 08:03:47,270 [omNode-1@group-523986131536-LeaderElection19] INFO  impl.LeaderElection (LeaderElection.java:logAndReturn(90)) - omNode-1@group-523986131536-LeaderElection19: ELECTION PASSED received 1 response(s) and 0 exception(s):
2022-05-26 08:03:47,270 [omNode-1@group-523986131536-LeaderElection19] INFO  impl.LeaderElection (LeaderElection.java:logAndReturn(94)) -   Response 0: omNode-1<-omNode-2#0:OK-t9
2022-05-26 08:03:47,270 [omNode-1@group-523986131536-LeaderElection19] INFO  impl.LeaderElection (LeaderElection.java:askForVotes(312)) - omNode-1@group-523986131536-LeaderElection19 ELECTION round 0: result PASSED
2022-05-26 08:03:47,270 [omNode-1@group-523986131536-LeaderElection19] INFO  impl.RoleInfo (RoleInfo.java:shutdownLeaderElection(130)) - omNode-1: shutdown omNode-1@group-523986131536-LeaderElection19
2022-05-26 08:03:47,270 [omNode-1@group-523986131536-LeaderElection19] INFO  server.RaftServer$Division (RaftServerImpl.java:setRole(299)) - omNode-1@group-523986131536: changes role from CANDIDATE to LEADER at term 9 for changeToLeader
2022-05-26 08:03:47,270 [omNode-1@group-523986131536-LeaderElection19] INFO  server.RaftServer$Division (ServerState.java:setLeader(287)) - omNode-1@group-523986131536: change Leader from null to omNode-1 at term 9 for becomeLeader, leader elected after 1217ms
2022-05-26 08:03:47,269 [grpc-default-executor-3] INFO  impl.RoleInfo (RoleInfo.java:shutdownFollowerState(110)) - omNode-3: shutdown omNode-3@group-523986131536-FollowerState
2022-05-26 08:03:47,270 [omNode-1@group-523986131536-LeaderElection19] INFO  server.RaftServerConfigKeys (ConfUtils.java:logGet(46)) - raft.server.staging.catchup.gap = 1000 (default)
2022-05-26 08:03:47,270 [grpc-default-executor-3] INFO  impl.RoleInfo (RoleInfo.java:updateAndGet(139)) - omNode-3: start omNode-3@group-523986131536-FollowerState
2022-05-26 08:03:47,270 [omNode-3@group-523986131536-FollowerState] INFO  impl.FollowerState (FollowerState.java:run(152)) - omNode-3@group-523986131536-FollowerState was interrupted
2022-05-26 08:03:47,270 [omNode-1@group-523986131536-LeaderElection19] INFO  server.RaftServerConfigKeys (ConfUtils.java:logGet(46)) - raft.server.write.element-limit = 4096 (default)
2022-05-26 08:03:47,270 [omNode-1@group-523986131536-LeaderElection19] INFO  server.RaftServerConfigKeys (ConfUtils.java:logGet(46)) - raft.server.write.byte-limit = 64MB (=67108864) (default)
2022-05-26 08:03:47,270 [omNode-1@group-523986131536-LeaderElection19] INFO  server.RaftServerConfigKeys (ConfUtils.java:logGet(46)) - raft.server.watch.timeout = 10s (default)
2022-05-26 08:03:47,270 [omNode-1@group-523986131536-LeaderElection19] INFO  server.RaftServerConfigKeys (ConfUtils.java:logGet(46)) - raft.server.watch.timeout.denomination = 1s (default)
2022-05-26 08:03:47,271 [omNode-1@group-523986131536-LeaderElection19] INFO  server.RaftServerConfigKeys (ConfUtils.java:logGet(46)) - raft.server.watch.element-limit = 65536 (default)
2022-05-26 08:03:47,277 [omNode-1@group-523986131536-LeaderElection19] INFO  server.RaftServerConfigKeys (ConfUtils.java:logGet(46)) - raft.server.write.element-limit = 4096 (default)
2022-05-26 08:03:47,277 [omNode-1@group-523986131536-LeaderElection19] INFO  server.RaftServerConfigKeys (ConfUtils.java:logGet(46)) - raft.server.write.follower.gap.ratio.max = -1.0 (default)
2022-05-26 08:03:47,277 [omNode-1@group-523986131536-LeaderElection19] INFO  server.RaftServerConfigKeys (ConfUtils.java:logGet(46)) - raft.server.log.appender.snapshot.chunk.size.max = 16MB (=16777216) (default)
2022-05-26 08:03:47,277 [omNode-1@group-523986131536-LeaderElection19] INFO  server.RaftServerConfigKeys (ConfUtils.java:logGet(46)) - raft.server.log.appender.buffer.byte-limit = 33554432 (custom)
2022-05-26 08:03:47,277 [omNode-1@group-523986131536-LeaderElection19] INFO  server.RaftServerConfigKeys (ConfUtils.java:logGet(46)) - raft.server.log.appender.buffer.element-limit = 1024 (custom)
2022-05-26 08:03:47,277 [omNode-1@group-523986131536-LeaderElection19] INFO  grpc.GrpcConfigKeys (ConfUtils.java:logGet(46)) - raft.grpc.server.leader.outstanding.appends.max = 128 (default)
2022-05-26 08:03:47,278 [omNode-1@group-523986131536-LeaderElection19] INFO  server.RaftServerConfigKeys (ConfUtils.java:logGet(46)) - raft.server.rpc.request.timeout = 3000ms (default)
2022-05-26 08:03:47,278 [omNode-1@group-523986131536-LeaderElection19] INFO  server.RaftServerConfigKeys (ConfUtils.java:logGet(46)) - raft.server.log.appender.install.snapshot.enabled = false (custom)
2022-05-26 08:03:47,278 [omNode-1@group-523986131536-LeaderElection19] INFO  server.RaftServerConfigKeys (ConfUtils.java:logGet(46)) - raft.server.log.appender.snapshot.chunk.size.max = 16MB (=16777216) (default)
2022-05-26 08:03:47,279 [omNode-1@group-523986131536-LeaderElection19] INFO  server.RaftServerConfigKeys (ConfUtils.java:logGet(46)) - raft.server.log.appender.buffer.byte-limit = 33554432 (custom)
2022-05-26 08:03:47,279 [omNode-1@group-523986131536-LeaderElection19] INFO  server.RaftServerConfigKeys (ConfUtils.java:logGet(46)) - raft.server.log.appender.buffer.element-limit = 1024 (custom)
2022-05-26 08:03:47,279 [omNode-1@group-523986131536-LeaderElection19] INFO  grpc.GrpcConfigKeys (ConfUtils.java:logGet(46)) - raft.grpc.server.leader.outstanding.appends.max = 128 (default)
2022-05-26 08:03:47,279 [omNode-1@group-523986131536-LeaderElection19] INFO  server.RaftServerConfigKeys (ConfUtils.java:logGet(46)) - raft.server.rpc.request.timeout = 3000ms (default)
2022-05-26 08:03:47,279 [omNode-1@group-523986131536-LeaderElection19] INFO  server.RaftServerConfigKeys (ConfUtils.java:logGet(46)) - raft.server.log.appender.install.snapshot.enabled = false (custom)
2022-05-26 08:03:47,279 [omNode-1@group-523986131536-LeaderElection19] INFO  impl.RoleInfo (RoleInfo.java:updateAndGet(139)) - omNode-1: start omNode-1@group-523986131536-LeaderStateImpl
2022-05-26 08:03:47,279 [omNode-1@group-523986131536-LeaderElection19] INFO  segmented.SegmentedRaftLogWorker (SegmentedRaftLogWorker.java:rollLogSegment(430)) - omNode-1@group-523986131536-SegmentedRaftLogWorker: Rolling segment log-35_36 to index:36
2022-05-26 08:03:47,280 [omNode-1@group-523986131536-SegmentedRaftLogWorker] INFO  segmented.SegmentedRaftLogWorker (SegmentedRaftLogWorker.java:execute(586)) - omNode-1@group-523986131536-SegmentedRaftLogWorker: Rolled log segment from /home/runner/work/ozone/ozone/hadoop-ozone/integration-test/target/test-dir/MiniOzoneClusterImpl-17bb6255-4ab1-443a-98be-5fd7627ecb82/omNode-1/ratis/c9bc4cf4-3bc3-3c60-a66b-523986131536/current/log_inprogress_35 to /home/runner/work/ozone/ozone/hadoop-ozone/integration-test/target/test-dir/MiniOzoneClusterImpl-17bb6255-4ab1-443a-98be-5fd7627ecb82/omNode-1/ratis/c9bc4cf4-3bc3-3c60-a66b-523986131536/current/log_35-36
2022-05-26 08:03:47,280 [grpc-default-executor-3] INFO  server.RaftServer$Division (RaftServerImpl.java:requestVote(1184)) - omNode-3@group-523986131536 replies to ELECTION vote request: omNode-1<-omNode-3#0:OK-t9. Peer's state: omNode-3@group-523986131536:t9, leader=null, voted=omNode-1, raftlog=omNode-3@group-523986131536-SegmentedRaftLog:OPENED:c35, conf=35: [omNode-3|rpc:localhost:42233|admin:|client:|dataStream:|priority:0, omNode-1|rpc:localhost:40183|admin:|client:|dataStream:|priority:0, omNode-2|rpc:localhost:37413|admin:|client:|dataStream:|priority:0], old=null
2022-05-26 08:03:47,284 [omNode-1@group-523986131536-LeaderElection19] INFO  server.RaftServer$Division (ServerState.java:setRaftConf(393)) - omNode-1@group-523986131536: set configuration 37: [omNode-3|rpc:localhost:42233|admin:|client:|dataStream:|priority:0, omNode-1|rpc:localhost:40183|admin:|client:|dataStream:|priority:0, omNode-2|rpc:localhost:37413|admin:|client:|dataStream:|priority:0], old=null
2022-05-26 08:03:47,288 [omNode-3-server-thread1] INFO  server.RaftServer$Division (ServerState.java:setLeader(287)) - omNode-3@group-523986131536: change Leader from null to omNode-1 at term 9 for appendEntries, leader elected after 19ms
2022-05-26 08:03:47,290 [omNode-2-server-thread1] INFO  server.RaftServer$Division (ServerState.java:setLeader(287)) - omNode-2@group-523986131536: change Leader from null to omNode-1 at term 9 for appendEntries, leader elected after 868ms
2022-05-26 08:03:47,290 [omNode-1@group-523986131536-SegmentedRaftLogWorker] INFO  segmented.SegmentedRaftLogWorker (SegmentedRaftLogWorker.java:execute(629)) - omNode-1@group-523986131536-SegmentedRaftLogWorker: created new log segment /home/runner/work/ozone/ozone/hadoop-ozone/integration-test/target/test-dir/MiniOzoneClusterImpl-17bb6255-4ab1-443a-98be-5fd7627ecb82/omNode-1/ratis/c9bc4cf4-3bc3-3c60-a66b-523986131536/current/log_inprogress_37
2022-05-26 08:03:47,290 [omNode-3-server-thread1] INFO  server.RaftServer$Division (ServerState.java:setRaftConf(393)) - omNode-3@group-523986131536: set configuration 37: [omNode-3|rpc:localhost:42233|admin:|client:|dataStream:|priority:0, omNode-1|rpc:localhost:40183|admin:|client:|dataStream:|priority:0, omNode-2|rpc:localhost:37413|admin:|client:|dataStream:|priority:0], old=null
2022-05-26 08:03:47,291 [omNode-3-server-thread1] INFO  segmented.SegmentedRaftLogWorker (SegmentedRaftLogWorker.java:rollLogSegment(430)) - omNode-3@group-523986131536-SegmentedRaftLogWorker: Rolling segment log-35_36 to index:36
2022-05-26 08:03:47,291 [omNode-3@group-523986131536-SegmentedRaftLogWorker] INFO  segmented.SegmentedRaftLogWorker (SegmentedRaftLogWorker.java:execute(586)) - omNode-3@group-523986131536-SegmentedRaftLogWorker: Rolled log segment from /home/runner/work/ozone/ozone/hadoop-ozone/integration-test/target/test-dir/MiniOzoneClusterImpl-17bb6255-4ab1-443a-98be-5fd7627ecb82/omNode-3/ratis/c9bc4cf4-3bc3-3c60-a66b-523986131536/current/log_inprogress_35 to /home/runner/work/ozone/ozone/hadoop-ozone/integration-test/target/test-dir/MiniOzoneClusterImpl-17bb6255-4ab1-443a-98be-5fd7627ecb82/omNode-3/ratis/c9bc4cf4-3bc3-3c60-a66b-523986131536/current/log_35-36
2022-05-26 08:03:47,300 [omNode-2-server-thread1] INFO  server.RaftServer$Division (ServerState.java:setRaftConf(393)) - omNode-2@group-523986131536: set configuration 37: [omNode-3|rpc:localhost:42233|admin:|client:|dataStream:|priority:0, omNode-1|rpc:localhost:40183|admin:|client:|dataStream:|priority:0, omNode-2|rpc:localhost:37413|admin:|client:|dataStream:|priority:0], old=null
2022-05-26 08:03:47,301 [omNode-2-server-thread1] INFO  segmented.SegmentedRaftLogWorker (SegmentedRaftLogWorker.java:rollLogSegment(430)) - omNode-2@group-523986131536-SegmentedRaftLogWorker: Rolling segment log-35_36 to index:36
2022-05-26 08:03:47,301 [omNode-2@group-523986131536-SegmentedRaftLogWorker] INFO  segmented.SegmentedRaftLogWorker (SegmentedRaftLogWorker.java:execute(586)) - omNode-2@group-523986131536-SegmentedRaftLogWorker: Rolled log segment from /home/runner/work/ozone/ozone/hadoop-ozone/integration-test/target/test-dir/MiniOzoneClusterImpl-17bb6255-4ab1-443a-98be-5fd7627ecb82/omNode-2/ratis/c9bc4cf4-3bc3-3c60-a66b-523986131536/current/log_inprogress_35 to /home/runner/work/ozone/ozone/hadoop-ozone/integration-test/target/test-dir/MiniOzoneClusterImpl-17bb6255-4ab1-443a-98be-5fd7627ecb82/omNode-2/ratis/c9bc4cf4-3bc3-3c60-a66b-523986131536/current/log_35-36
2022-05-26 08:03:47,301 [omNode-3@group-523986131536-SegmentedRaftLogWorker] INFO  segmented.SegmentedRaftLogWorker (SegmentedRaftLogWorker.java:execute(629)) - omNode-3@group-523986131536-SegmentedRaftLogWorker: created new log segment /home/runner/work/ozone/ozone/hadoop-ozone/integration-test/target/test-dir/MiniOzoneClusterImpl-17bb6255-4ab1-443a-98be-5fd7627ecb82/omNode-3/ratis/c9bc4cf4-3bc3-3c60-a66b-523986131536/current/log_inprogress_37
2022-05-26 08:03:47,304 [omNode-1@group-523986131536-StateMachineUpdater] INFO  ratis.OzoneManagerStateMachine (OzoneManagerStateMachine.java:notifyConfigurationChanged(191)) - Received Configuration change notification from Ratis. New Peer list:
[id: "omNode-3"
address: "localhost:42233"
, id: "omNode-1"
address: "localhost:40183"
, id: "omNode-2"
address: "localhost:37413"
]
2022-05-26 08:03:47,307 [omNode-3@group-523986131536-StateMachineUpdater] INFO  ratis.OzoneManagerStateMachine (OzoneManagerStateMachine.java:notifyConfigurationChanged(191)) - Received Configuration change notification from Ratis. New Peer list:
[id: "omNode-3"
address: "localhost:42233"
, id: "omNode-1"
address: "localhost:40183"
, id: "omNode-2"
address: "localhost:37413"
]
2022-05-26 08:03:47,313 [omNode-2@group-523986131536-SegmentedRaftLogWorker] INFO  segmented.SegmentedRaftLogWorker (SegmentedRaftLogWorker.java:execute(629)) - omNode-2@group-523986131536-SegmentedRaftLogWorker: created new log segment /home/runner/work/ozone/ozone/hadoop-ozone/integration-test/target/test-dir/MiniOzoneClusterImpl-17bb6255-4ab1-443a-98be-5fd7627ecb82/omNode-2/ratis/c9bc4cf4-3bc3-3c60-a66b-523986131536/current/log_inprogress_37
2022-05-26 08:03:47,317 [omNode-2@group-523986131536-StateMachineUpdater] INFO  ratis.OzoneManagerStateMachine (OzoneManagerStateMachine.java:notifyConfigurationChanged(191)) - Received Configuration change notification from Ratis. New Peer list:
[id: "omNode-3"
address: "localhost:42233"
, id: "omNode-1"
address: "localhost:40183"
, id: "omNode-2"
address: "localhost:37413"
]
2022-05-26 08:03:48,817 [Listener at localhost/38277] INFO  om.OzoneManager (OzoneManager.java:stop(1960)) - omNode-3[localhost:46875]: Stopping Ozone Manager
2022-05-26 08:03:48,817 [Listener at localhost/38277] INFO  ipc.Server (Server.java:stop(3414)) - Stopping server on 46875
2022-05-26 08:03:48,821 [IPC Server listener on 46875] INFO  ipc.Server (Server.java:run(1376)) - Stopping IPC Server listener on 46875
2022-05-26 08:03:48,821 [IPC Server Responder] INFO  ipc.Server (Server.java:run(1512)) - Stopping IPC Server Responder
2022-05-26 08:03:48,821 [Listener at localhost/38277] INFO  server.RaftServer (RaftServerProxy.java:lambda$close$7(398)) - omNode-3: close
2022-05-26 08:03:48,821 [Listener at localhost/38277] INFO  server.RaftServer$Division (RaftServerImpl.java:lambda$close$4(434)) - omNode-3@group-523986131536: shutdown
2022-05-26 08:03:48,821 [Listener at localhost/38277] INFO  util.JmxRegister (JmxRegister.java:unregister(73)) - Successfully un-registered JMX Bean with object name Ratis:service=RaftServer,group=group-523986131536,id=omNode-3
2022-05-26 08:03:48,822 [Listener at localhost/38277] INFO  impl.RoleInfo (RoleInfo.java:shutdownFollowerState(110)) - omNode-3: shutdown omNode-3@group-523986131536-FollowerState
2022-05-26 08:03:48,822 [Listener at localhost/38277] INFO  impl.StateMachineUpdater (StateMachineUpdater.java:stopAndJoin(153)) - omNode-3@group-523986131536-StateMachineUpdater: set stopIndex = 38
2022-05-26 08:03:48,822 [omNode-3@group-523986131536-FollowerState] INFO  impl.FollowerState (FollowerState.java:run(152)) - omNode-3@group-523986131536-FollowerState was interrupted
2022-05-26 08:03:48,822 [omNode-3@group-523986131536-StateMachineUpdater] INFO  ratis.OzoneManagerStateMachine (OzoneManagerStateMachine.java:takeSnapshot(436)) - Current Snapshot Index (t:9, i:38)
2022-05-26 08:03:48,822 [omNode-3@group-523986131536-StateMachineUpdater] INFO  impl.StateMachineUpdater (StateMachineUpdater.java:takeSnapshot(287)) - omNode-3@group-523986131536-StateMachineUpdater: Took a snapshot at index 38
2022-05-26 08:03:48,822 [omNode-3@group-523986131536-StateMachineUpdater] INFO  impl.StateMachineUpdater (StateMachineUpdater.java:lambda$new$0(92)) - omNode-3@group-523986131536-StateMachineUpdater: snapshotIndex: updateIncreasingly 30 -> 38
2022-05-26 08:03:48,822 [omNode-3@group-523986131536-StateMachineUpdater] INFO  ratis.OzoneManagerStateMachine (OzoneManagerStateMachine.java:close(490)) - StateMachine has shutdown. Shutdown OzoneManager if not already shutdown.
2022-05-26 08:03:48,822 [omNode-3@group-523986131536-StateMachineUpdater] INFO  ratis.OzoneManagerDoubleBuffer (OzoneManagerDoubleBuffer.java:stop(465)) - Stopping OMDoubleBuffer flush thread
2022-05-26 08:03:48,822 [OMDoubleBufferFlushThread] INFO  ratis.OzoneManagerDoubleBuffer (OzoneManagerDoubleBuffer.java:flushTransactions(385)) - OMDoubleBuffer flush thread OMDoubleBufferFlushThread is interrupted and will exit.
2022-05-26 08:03:48,825 [Listener at localhost/38277] INFO  server.RaftServer$Division (ServerState.java:close(429)) - omNode-3@group-523986131536: closes. applyIndex: 38
2022-05-26 08:03:48,825 [omNode-3@group-523986131536-SegmentedRaftLogWorker] INFO  segmented.SegmentedRaftLogWorker (SegmentedRaftLogWorker.java:run(336)) - omNode-3@group-523986131536-SegmentedRaftLogWorker was interrupted, exiting. There are 0 tasks remaining in the queue.
2022-05-26 08:03:48,825 [Listener at localhost/38277] INFO  segmented.SegmentedRaftLogWorker (SegmentedRaftLogWorker.java:close(246)) - omNode-3@group-523986131536-SegmentedRaftLogWorker close()
2022-05-26 08:03:48,826 [Listener at localhost/38277] INFO  server.GrpcService (GrpcService.java:closeImpl(269)) - omNode-3: shutdown server with port 42233 now
2022-05-26 08:03:48,829 [grpc-default-executor-2] WARN  server.GrpcServerProtocolService (LogUtils.java:warn(122)) - omNode-3: installSnapshot onError, lastRequest: omNode-1->omNode-3#3-t9,previous=(t:9, i:37),leaderCommit=37,initializing? true,entries: size=1, first=(t:9, i:38), METADATAENTRY(c:37): org.apache.ratis.thirdparty.io.grpc.StatusRuntimeException: CANCELLED: client cancelled
2022-05-26 08:03:48,829 [grpc-default-executor-3] WARN  server.GrpcLogAppender (LogUtils.java:warn(122)) - omNode-1@group-523986131536->omNode-3-AppendLogResponseHandler: Failed appendEntries: org.apache.ratis.thirdparty.io.grpc.StatusRuntimeException: CANCELLED: RST_STREAM closed stream. HTTP/2 error code: CANCEL
2022-05-26 08:03:48,829 [grpc-default-executor-3] INFO  leader.FollowerInfo (FollowerInfoImpl.java:lambda$new$0(48)) - omNode-1@group-523986131536->omNode-3: nextIndex: updateUnconditionally 39 -> 38
2022-05-26 08:03:48,831 [Listener at localhost/38277] INFO  server.GrpcService (GrpcService.java:closeImpl(278)) - omNode-3: shutdown server with port 42233 successfully
2022-05-26 08:03:48,831 [org.apache.ratis.util.JvmPauseMonitor$$Lambda$691/456821109@c0d547e] INFO  util.JvmPauseMonitor (JvmPauseMonitor.java:run(109)) - JvmPauseMonitor-omNode-3: Stopped
2022-05-26 08:03:48,832 [Listener at localhost/38277] INFO  ratis.OzoneManagerStateMachine (OzoneManagerStateMachine.java:close(490)) - StateMachine has shutdown. Shutdown OzoneManager if not already shutdown.
2022-05-26 08:03:48,832 [Listener at localhost/38277] INFO  ratis.OzoneManagerDoubleBuffer (OzoneManagerDoubleBuffer.java:stop(477)) - OMDoubleBuffer flush thread is not running.
2022-05-26 08:03:48,833 [Listener at localhost/38277] INFO  handler.ContextHandler (ContextHandler.java:doStop(1153)) - Stopped o.e.j.w.WebAppContext@5c0d967e{ozoneManager,/,null,STOPPED}{file:/home/runner/work/ozone/ozone/hadoop-ozone/integration-test/target/test-classes/webapps/ozoneManager}
2022-05-26 08:03:48,833 [Listener at localhost/38277] INFO  server.AbstractConnector (AbstractConnector.java:doStop(381)) - Stopped ServerConnector@250f839{HTTP/1.1, (http/1.1)}{0.0.0.0:39517}
2022-05-26 08:03:48,833 [Listener at localhost/38277] INFO  server.session (HouseKeeper.java:stopScavenging(149)) - node0 Stopped scavenging
2022-05-26 08:03:48,833 [Listener at localhost/38277] INFO  handler.ContextHandler (ContextHandler.java:doStop(1153)) - Stopped o.e.j.s.ServletContextHandler@2c01fcbc{static,/static,file:///home/runner/work/ozone/ozone/hadoop-ozone/integration-test/target/test-classes/webapps/static,STOPPED}
2022-05-26 08:03:48,834 [Listener at localhost/38277] INFO  handler.ContextHandler (ContextHandler.java:doStop(1153)) - Stopped o.e.j.s.ServletContextHandler@7eaca92e{logs,/logs,file:///home/runner/work/ozone/ozone/hadoop-ozone/integration-test/target/log,STOPPED}
2022-05-26 08:03:48,835 [Listener at localhost/38277] INFO  om.OzoneManager (OzoneManager.java:restart(1497)) - OzoneManager RPC server is listening at localhost/127.0.0.1:46875
2022-05-26 08:03:48,835 [Listener at localhost/38277] INFO  impl.MetricsSystemImpl (MetricsSystemImpl.java:init(158)) - OzoneManager metrics system started (again)
2022-05-26 08:03:48,836 [grpc-default-executor-3] WARN  server.GrpcLogAppender (LogUtils.java:warn(122)) - omNode-1@group-523986131536->omNode-3-AppendLogResponseHandler: Failed appendEntries: org.apache.ratis.thirdparty.io.grpc.StatusRuntimeException: UNAVAILABLE: io exception
2022-05-26 08:03:48,836 [grpc-default-executor-3] INFO  leader.FollowerInfo (FollowerInfoImpl.java:lambda$new$0(48)) - omNode-1@group-523986131536->omNode-3: nextIndex: updateUnconditionally 39 -> 38
2022-05-26 08:03:48,846 [Listener at localhost/38277] WARN  server.ServerUtils (ServerUtils.java:getDBPath(225)) - ozone.om.db.dirs is not configured. We recommend adding this setting. Falling back to ozone.metadata.dirs instead.
2022-05-26 08:03:48,847 [Listener at localhost/38277] INFO  codec.OmKeyInfoCodec (OmKeyInfoCodec.java:<init>(49)) - OmKeyInfoCodec ignorePipeline = true
2022-05-26 08:03:48,847 [Listener at localhost/38277] INFO  codec.RepeatedOmKeyInfoCodec (RepeatedOmKeyInfoCodec.java:<init>(41)) - RepeatedOmKeyInfoCodec ignorePipeline = true
2022-05-26 08:03:48,883 [Listener at localhost/38277] WARN  impl.MetricRegistriesImpl (MetricRegistriesImpl.java:addReporterRegistration(111)) - New reporters are added after registries were created. Some metrics will be missing from the reporter. Please add reporter before adding any new registry.
2022-05-26 08:03:48,884 [Listener at localhost/38277] WARN  impl.MetricRegistriesImpl (MetricRegistriesImpl.java:addReporterRegistration(111)) - New reporters are added after registries were created. Some metrics will be missing from the reporter. Please add reporter before adding any new registry.
2022-05-26 08:03:48,884 [Listener at localhost/38277] WARN  server.ServerUtils (ServerUtils.java:getDefaultRatisDirectory(237)) - Storage directory for Ratis is not configured. It is a good idea to map this to an SSD disk. Falling back to ozone.metadata.dirs
2022-05-26 08:03:48,884 [Listener at localhost/38277] INFO  ratis.OzoneManagerRatisServer (OzoneManagerRatisServer.java:<init>(159)) - Instantiating OM Ratis server with groupID: om-service-test1 and peers: localhost:42233, localhost:40183, localhost:37413
2022-05-26 08:03:48,885 [Listener at localhost/38277] INFO  ratis.OzoneManagerStateMachine (OzoneManagerStateMachine.java:loadSnapshotInfoFromDB(627)) - LastAppliedIndex is set from TransactionInfo from OM DB as (t:9, i:38)
2022-05-26 08:03:48,885 [Listener at localhost/38277] INFO  server.RaftServer (ConfUtils.java:logGet(46)) - raft.rpc.type = GRPC (default)
2022-05-26 08:03:48,885 [Listener at localhost/38277] INFO  grpc.GrpcFactory (GrpcFactory.java:checkPooledByteBufAllocatorUseCacheForAllThreads(48)) - PERFORMANCE WARNING: useCacheForAllThreads is true that may cause Netty to create a lot garbage objects and, as a result, trigger GC.
	It is recommended to disable useCacheForAllThreads by setting -Dorg.apache.ratis.thirdparty.io.netty.allocator.useCacheForAllThreads=false in command line.
2022-05-26 08:03:48,886 [Listener at localhost/38277] INFO  grpc.GrpcConfigKeys (ConfUtils.java:logGet(46)) - raft.grpc.admin.port = -1 (default)
2022-05-26 08:03:48,886 [Listener at localhost/38277] INFO  grpc.GrpcConfigKeys (ConfUtils.java:logGet(46)) - raft.grpc.server.port = 42233 (custom)
2022-05-26 08:03:48,886 [Listener at localhost/38277] INFO  grpc.GrpcConfigKeys (ConfUtils.java:logGet(46)) - raft.grpc.client.port = -1 (default)
2022-05-26 08:03:48,886 [Listener at localhost/38277] INFO  grpc.GrpcConfigKeys (ConfUtils.java:logGet(46)) - raft.grpc.server.port = 42233 (custom)
2022-05-26 08:03:48,886 [Listener at localhost/38277] INFO  grpc.GrpcConfigKeys (ConfUtils.java:logGet(46)) - raft.grpc.server.port = 42233 (custom)
2022-05-26 08:03:48,886 [Listener at localhost/38277] INFO  server.GrpcService (ConfUtils.java:logGet(46)) - raft.grpc.message.size.max = 33554432 (custom)
2022-05-26 08:03:48,886 [Listener at localhost/38277] INFO  server.RaftServerConfigKeys (ConfUtils.java:logGet(46)) - raft.server.log.appender.buffer.byte-limit = 33554432 (custom)
2022-05-26 08:03:48,886 [Listener at localhost/38277] INFO  server.GrpcService (ConfUtils.java:logGet(46)) - raft.grpc.flow.control.window = 1MB (=1048576) (default)
2022-05-26 08:03:48,887 [Listener at localhost/38277] INFO  server.RaftServerConfigKeys (ConfUtils.java:logGet(46)) - raft.server.rpc.request.timeout = 3000ms (default)
2022-05-26 08:03:48,887 [Listener at localhost/38277] INFO  grpc.GrpcConfigKeys (ConfUtils.java:logGet(46)) - raft.grpc.server.async.request.thread.pool.cached = true (default)
2022-05-26 08:03:48,887 [Listener at localhost/38277] INFO  grpc.GrpcConfigKeys (ConfUtils.java:logGet(46)) - raft.grpc.server.async.request.thread.pool.size = 32 (default)
2022-05-26 08:03:48,888 [Listener at localhost/38277] INFO  impl.DataStreamServerImpl (ConfUtils.java:logGet(46)) - raft.datastream.type = DISABLED (default)
2022-05-26 08:03:48,888 [Listener at localhost/38277] INFO  server.RaftServerConfigKeys (ConfUtils.java:logGet(46)) - raft.server.threadpool.proxy.cached = true (default)
2022-05-26 08:03:48,888 [Listener at localhost/38277] INFO  server.RaftServerConfigKeys (ConfUtils.java:logGet(46)) - raft.server.threadpool.proxy.size = 0 (default)
2022-05-26 08:03:48,888 [Listener at localhost/38277] INFO  server.RaftServerConfigKeys (ConfUtils.java:logGet(46)) - raft.server.rpc.slowness.timeout = 2s (custom)
2022-05-26 08:03:48,888 [Listener at localhost/38277] INFO  server.RaftServerConfigKeys (ConfUtils.java:logGet(46)) - raft.server.leaderelection.leader.step-down.wait-time = 10s (default)
2022-05-26 08:03:48,889 [Listener at localhost/38277] INFO  server.RaftServerConfigKeys (ConfUtils.java:logGet(46)) - raft.server.storage.dir = [/home/runner/work/ozone/ozone/hadoop-ozone/integration-test/target/test-dir/MiniOzoneClusterImpl-17bb6255-4ab1-443a-98be-5fd7627ecb82/omNode-3/ratis] (custom)
2022-05-26 08:03:48,889 [omNode-3-impl-thread1] INFO  server.RaftServer (RaftServerProxy.java:initGroupDir(247)) - omNode-3: found a subdirectory /home/runner/work/ozone/ozone/hadoop-ozone/integration-test/target/test-dir/MiniOzoneClusterImpl-17bb6255-4ab1-443a-98be-5fd7627ecb82/omNode-3/ratis/c9bc4cf4-3bc3-3c60-a66b-523986131536
2022-05-26 08:03:48,890 [Listener at localhost/38277] INFO  server.RaftServer (RaftServerProxy.java:addNew(96)) - omNode-3: addNew group-523986131536:[omNode-3|rpc:localhost:42233|priority:0, omNode-1|rpc:localhost:40183|priority:0, omNode-2|rpc:localhost:37413|priority:0] returns group-523986131536:java.util.concurrent.CompletableFuture@140baf33[Not completed]
2022-05-26 08:03:48,890 [Listener at localhost/38277] INFO  om.OzoneManager (OzoneManager.java:initializeRatisServer(1901)) - OzoneManager Ratis server initialized at port 42233
2022-05-26 08:03:48,890 [pool-635-thread-1] INFO  server.RaftServer$Division (RaftServerImpl.java:<init>(190)) - omNode-3: new RaftServerImpl for group-523986131536:[omNode-3|rpc:localhost:42233|priority:0, omNode-1|rpc:localhost:40183|priority:0, omNode-2|rpc:localhost:37413|priority:0] with OzoneManagerStateMachine:uninitialized
2022-05-26 08:03:48,890 [Listener at localhost/38277] INFO  ratis.OzoneManagerRatisServer (OzoneManagerRatisServer.java:start(554)) - Starting OzoneManagerRatisServer omNode-3 at port 42233
2022-05-26 08:03:48,891 [pool-635-thread-1] INFO  server.RaftServerConfigKeys (ConfUtils.java:logGet(46)) - raft.server.rpc.timeout.min = 1s (custom)
2022-05-26 08:03:48,892 [pool-635-thread-1] INFO  server.RaftServerConfigKeys (ConfUtils.java:logGet(46)) - raft.server.rpc.timeout.max = 1200ms (custom)
2022-05-26 08:03:48,894 [pool-635-thread-1] INFO  server.RaftServerConfigKeys (ConfUtils.java:logGet(46)) - raft.server.rpc.sleep.time = 25ms (default)
2022-05-26 08:03:48,895 [pool-635-thread-1] INFO  server.RaftServerConfigKeys (ConfUtils.java:logGet(46)) - raft.server.rpc.slowness.timeout = 2s (custom)
2022-05-26 08:03:48,895 [pool-635-thread-1] INFO  server.RaftServerConfigKeys (ConfUtils.java:logGet(46)) - raft.server.leaderelection.leader.step-down.wait-time = 10s (default)
2022-05-26 08:03:48,896 [pool-635-thread-1] INFO  server.RaftServerConfigKeys (ConfUtils.java:logGet(46)) - raft.server.sleep.deviation.threshold = 300ms (default)
2022-05-26 08:03:48,896 [pool-635-thread-1] INFO  server.RaftServer$Division (ServerState.java:<init>(107)) - omNode-3@group-523986131536: ConfigurationManager, init=-1: [omNode-3|rpc:localhost:42233|priority:0, omNode-1|rpc:localhost:40183|priority:0, omNode-2|rpc:localhost:37413|priority:0], old=null, confs=<EMPTY_MAP>
2022-05-26 08:03:48,896 [pool-635-thread-1] INFO  server.RaftServerConfigKeys (ConfUtils.java:logGet(46)) - raft.server.storage.dir = [/home/runner/work/ozone/ozone/hadoop-ozone/integration-test/target/test-dir/MiniOzoneClusterImpl-17bb6255-4ab1-443a-98be-5fd7627ecb82/omNode-3/ratis] (custom)
2022-05-26 08:03:48,896 [pool-635-thread-1] INFO  server.RaftServerConfigKeys (ConfUtils.java:logGet(46)) - raft.server.log.corruption.policy = EXCEPTION (default)
2022-05-26 08:03:48,896 [pool-635-thread-1] INFO  server.RaftServerConfigKeys (ConfUtils.java:logGet(46)) - raft.server.storage.free-space.min = 0MB (=0) (default)
2022-05-26 08:03:48,897 [pool-635-thread-1] INFO  storage.RaftStorageDirectory (RaftStorageDirectoryImpl.java:tryLock(230)) - Lock on /home/runner/work/ozone/ozone/hadoop-ozone/integration-test/target/test-dir/MiniOzoneClusterImpl-17bb6255-4ab1-443a-98be-5fd7627ecb82/omNode-3/ratis/c9bc4cf4-3bc3-3c60-a66b-523986131536/in_use.lock acquired by nodename 18146@fv-az35-51
2022-05-26 08:03:48,897 [pool-635-thread-1] INFO  storage.RaftStorage (RaftStorageImpl.java:analyzeAndRecoverStorage(110)) - Read RaftStorageMetadata{term=9, votedFor=omNode-1} from /home/runner/work/ozone/ozone/hadoop-ozone/integration-test/target/test-dir/MiniOzoneClusterImpl-17bb6255-4ab1-443a-98be-5fd7627ecb82/omNode-3/ratis/c9bc4cf4-3bc3-3c60-a66b-523986131536/current/raft-meta
2022-05-26 08:03:48,898 [pool-635-thread-1] INFO  server.RaftServer$Division (ServerState.java:setRaftConf(393)) - omNode-3@group-523986131536: set configuration 37: [omNode-3|rpc:localhost:42233|admin:|client:|dataStream:|priority:0, omNode-1|rpc:localhost:40183|admin:|client:|dataStream:|priority:0, omNode-2|rpc:localhost:37413|admin:|client:|dataStream:|priority:0], old=null
2022-05-26 08:03:48,898 [pool-635-thread-1] INFO  server.RaftServerConfigKeys (ConfUtils.java:logGet(46)) - raft.server.notification.no-leader.timeout = 2s (custom)
2022-05-26 08:03:48,899 [pool-635-thread-1] INFO  server.RaftServerConfigKeys (ConfUtils.java:logGet(46)) - raft.server.log.use.memory = false (default)
2022-05-26 08:03:48,899 [pool-635-thread-1] INFO  server.RaftServerConfigKeys (ConfUtils.java:logGet(46)) - raft.server.log.purge.gap = 50 (custom)
2022-05-26 08:03:48,899 [pool-635-thread-1] INFO  server.RaftServerConfigKeys (ConfUtils.java:logGet(46)) - raft.server.log.appender.buffer.byte-limit = 33554432 (custom)
2022-05-26 08:03:48,899 [pool-635-thread-1] INFO  server.RaftServerConfigKeys (ConfUtils.java:logGet(46)) - raft.server.log.statemachine.data.read.timeout = 1000ms (default)
2022-05-26 08:03:48,899 [pool-635-thread-1] INFO  server.RaftServerConfigKeys (ConfUtils.java:logGet(46)) - raft.server.log.segment.size.max = 4194304 (custom)
2022-05-26 08:03:48,899 [pool-635-thread-1] INFO  server.RaftServerConfigKeys (ConfUtils.java:logGet(46)) - raft.server.log.segment.cache.num.max = 2 (custom)
2022-05-26 08:03:48,899 [pool-635-thread-1] INFO  server.RaftServerConfigKeys (ConfUtils.java:logGet(46)) - raft.server.log.segment.cache.size.max = 200MB (=209715200) (default)
2022-05-26 08:03:48,899 [pool-635-thread-1] INFO  segmented.SegmentedRaftLogWorker (SegmentedRaftLogWorker.java:<init>(187)) - new omNode-3@group-523986131536-SegmentedRaftLogWorker for RaftStorageImpl:Storage Directory /home/runner/work/ozone/ozone/hadoop-ozone/integration-test/target/test-dir/MiniOzoneClusterImpl-17bb6255-4ab1-443a-98be-5fd7627ecb82/omNode-3/ratis/c9bc4cf4-3bc3-3c60-a66b-523986131536
2022-05-26 08:03:48,899 [pool-635-thread-1] INFO  server.RaftServerConfigKeys (ConfUtils.java:logGet(46)) - raft.server.log.queue.byte-limit = 64MB (=67108864) (default)
2022-05-26 08:03:48,899 [pool-635-thread-1] INFO  server.RaftServerConfigKeys (ConfUtils.java:logGet(46)) - raft.server.log.queue.element-limit = 4096 (default)
2022-05-26 08:03:48,900 [pool-635-thread-1] INFO  server.RaftServerConfigKeys (ConfUtils.java:logGet(46)) - raft.server.log.segment.size.max = 4194304 (custom)
2022-05-26 08:03:48,900 [pool-635-thread-1] INFO  server.RaftServerConfigKeys (ConfUtils.java:logGet(46)) - raft.server.log.preallocated.size = 4194304 (custom)
2022-05-26 08:03:48,900 [pool-635-thread-1] INFO  server.RaftServerConfigKeys (ConfUtils.java:logGet(46)) - raft.server.log.force.sync.num = 128 (default)
2022-05-26 08:03:48,900 [pool-635-thread-1] INFO  server.RaftServerConfigKeys (ConfUtils.java:logGet(46)) - raft.server.log.statemachine.data.sync = true (default)
2022-05-26 08:03:48,900 [pool-635-thread-1] INFO  server.RaftServerConfigKeys (ConfUtils.java:logGet(46)) - raft.server.log.statemachine.data.sync.timeout = 10s (default)
2022-05-26 08:03:48,900 [pool-635-thread-1] INFO  server.RaftServerConfigKeys (ConfUtils.java:logGet(46)) - raft.server.log.statemachine.data.sync.timeout.retry = -1 (default)
2022-05-26 08:03:48,905 [pool-635-thread-1] INFO  server.RaftServerConfigKeys (ConfUtils.java:logGet(46)) - raft.server.log.write.buffer.size = 64KB (=65536) (default)
2022-05-26 08:03:48,905 [pool-635-thread-1] INFO  server.RaftServerConfigKeys (ConfUtils.java:logGet(46)) - raft.server.log.unsafe-flush.enabled = false (default)
2022-05-26 08:03:48,905 [pool-635-thread-1] INFO  server.RaftServerConfigKeys (ConfUtils.java:logGet(46)) - raft.server.log.statemachine.data.caching.enabled = false (default)
2022-05-26 08:03:48,906 [pool-635-thread-1] INFO  server.RaftServer$Division (ServerState.java:setRaftConf(393)) - omNode-3@group-523986131536: set configuration 0: [omNode-3|rpc:localhost:42233|admin:|client:|dataStream:|priority:0, omNode-1|rpc:localhost:40183|admin:|client:|dataStream:|priority:0, omNode-2|rpc:localhost:37413|admin:|client:|dataStream:|priority:0], old=null
2022-05-26 08:03:48,906 [pool-635-thread-1] INFO  segmented.LogSegment (LogSegment.java:loadSegment(173)) - Successfully read 7 entries from segment file /home/runner/work/ozone/ozone/hadoop-ozone/integration-test/target/test-dir/MiniOzoneClusterImpl-17bb6255-4ab1-443a-98be-5fd7627ecb82/omNode-3/ratis/c9bc4cf4-3bc3-3c60-a66b-523986131536/current/log_0-6
2022-05-26 08:03:48,906 [pool-635-thread-1] INFO  server.RaftServer$Division (ServerState.java:setRaftConf(393)) - omNode-3@group-523986131536: set configuration 7: [omNode-3|rpc:localhost:42233|admin:|client:|dataStream:|priority:0, omNode-1|rpc:localhost:40183|admin:|client:|dataStream:|priority:0, omNode-2|rpc:localhost:37413|admin:|client:|dataStream:|priority:0], old=null
2022-05-26 08:03:48,907 [pool-635-thread-1] INFO  segmented.LogSegment (LogSegment.java:loadSegment(173)) - Successfully read 8 entries from segment file /home/runner/work/ozone/ozone/hadoop-ozone/integration-test/target/test-dir/MiniOzoneClusterImpl-17bb6255-4ab1-443a-98be-5fd7627ecb82/omNode-3/ratis/c9bc4cf4-3bc3-3c60-a66b-523986131536/current/log_7-14
2022-05-26 08:03:48,907 [pool-635-thread-1] INFO  server.RaftServer$Division (ServerState.java:setRaftConf(393)) - omNode-3@group-523986131536: set configuration 15: [omNode-3|rpc:localhost:42233|admin:|client:|dataStream:|priority:0, omNode-1|rpc:localhost:40183|admin:|client:|dataStream:|priority:0, omNode-2|rpc:localhost:37413|admin:|client:|dataStream:|priority:0], old=null
2022-05-26 08:03:48,907 [pool-635-thread-1] INFO  segmented.LogSegment (LogSegment.java:loadSegment(173)) - Successfully read 12 entries from segment file /home/runner/work/ozone/ozone/hadoop-ozone/integration-test/target/test-dir/MiniOzoneClusterImpl-17bb6255-4ab1-443a-98be-5fd7627ecb82/omNode-3/ratis/c9bc4cf4-3bc3-3c60-a66b-523986131536/current/log_15-26
2022-05-26 08:03:48,907 [pool-635-thread-1] INFO  server.RaftServer$Division (ServerState.java:setRaftConf(393)) - omNode-3@group-523986131536: set configuration 27: [omNode-3|rpc:localhost:42233|admin:|client:|dataStream:|priority:0, omNode-1|rpc:localhost:40183|admin:|client:|dataStream:|priority:0, omNode-2|rpc:localhost:37413|admin:|client:|dataStream:|priority:0], old=null
2022-05-26 08:03:48,907 [pool-635-thread-1] INFO  segmented.LogSegment (LogSegment.java:loadSegment(173)) - Successfully read 4 entries from segment file /home/runner/work/ozone/ozone/hadoop-ozone/integration-test/target/test-dir/MiniOzoneClusterImpl-17bb6255-4ab1-443a-98be-5fd7627ecb82/omNode-3/ratis/c9bc4cf4-3bc3-3c60-a66b-523986131536/current/log_27-30
2022-05-26 08:03:48,907 [pool-635-thread-1] INFO  server.RaftServer$Division (ServerState.java:setRaftConf(393)) - omNode-3@group-523986131536: set configuration 31: [omNode-3|rpc:localhost:42233|admin:|client:|dataStream:|priority:0, omNode-1|rpc:localhost:40183|admin:|client:|dataStream:|priority:0, omNode-2|rpc:localhost:37413|admin:|client:|dataStream:|priority:0], old=null
2022-05-26 08:03:48,907 [pool-635-thread-1] INFO  segmented.LogSegment (LogSegment.java:loadSegment(173)) - Successfully read 4 entries from segment file /home/runner/work/ozone/ozone/hadoop-ozone/integration-test/target/test-dir/MiniOzoneClusterImpl-17bb6255-4ab1-443a-98be-5fd7627ecb82/omNode-3/ratis/c9bc4cf4-3bc3-3c60-a66b-523986131536/current/log_31-34
2022-05-26 08:03:48,908 [pool-635-thread-1] INFO  server.RaftServer$Division (ServerState.java:setRaftConf(393)) - omNode-3@group-523986131536: set configuration 35: [omNode-3|rpc:localhost:42233|admin:|client:|dataStream:|priority:0, omNode-1|rpc:localhost:40183|admin:|client:|dataStream:|priority:0, omNode-2|rpc:localhost:37413|admin:|client:|dataStream:|priority:0], old=null
2022-05-26 08:03:48,908 [pool-635-thread-1] INFO  segmented.LogSegment (LogSegment.java:loadSegment(173)) - Successfully read 2 entries from segment file /home/runner/work/ozone/ozone/hadoop-ozone/integration-test/target/test-dir/MiniOzoneClusterImpl-17bb6255-4ab1-443a-98be-5fd7627ecb82/omNode-3/ratis/c9bc4cf4-3bc3-3c60-a66b-523986131536/current/log_35-36
2022-05-26 08:03:48,908 [pool-635-thread-1] INFO  server.RaftServer$Division (ServerState.java:setRaftConf(393)) - omNode-3@group-523986131536: set configuration 37: [omNode-3|rpc:localhost:42233|admin:|client:|dataStream:|priority:0, omNode-1|rpc:localhost:40183|admin:|client:|dataStream:|priority:0, omNode-2|rpc:localhost:37413|admin:|client:|dataStream:|priority:0], old=null
2022-05-26 08:03:48,908 [pool-635-thread-1] INFO  segmented.LogSegment (LogSegment.java:loadSegment(173)) - Successfully read 2 entries from segment file /home/runner/work/ozone/ozone/hadoop-ozone/integration-test/target/test-dir/MiniOzoneClusterImpl-17bb6255-4ab1-443a-98be-5fd7627ecb82/omNode-3/ratis/c9bc4cf4-3bc3-3c60-a66b-523986131536/current/log_inprogress_37
2022-05-26 08:03:48,908 [pool-635-thread-1] INFO  segmented.SegmentedRaftLogWorker (SegmentedRaftLogWorker.java:lambda$new$0(135)) - omNode-3@group-523986131536-SegmentedRaftLogWorker: flushIndex: setUnconditionally 0 -> 38
2022-05-26 08:03:48,908 [pool-635-thread-1] INFO  segmented.SegmentedRaftLogWorker (SegmentedRaftLogWorker.java:lambda$new$0(135)) - omNode-3@group-523986131536-SegmentedRaftLogWorker: safeCacheEvictIndex: setUnconditionally 0 -> 36
2022-05-26 08:03:48,908 [pool-635-thread-1] INFO  raftlog.RaftLog (RaftLogBase.java:lambda$new$0(53)) - omNode-3@group-523986131536-SegmentedRaftLog: commitIndex: updateToMax old=38, new=37, updated? false
2022-05-26 08:03:48,908 [pool-635-thread-1] INFO  server.RaftServerConfigKeys (ConfUtils.java:logGet(46)) - raft.server.snapshot.auto.trigger.enabled = true (custom)
2022-05-26 08:03:48,908 [pool-635-thread-1] INFO  server.RaftServerConfigKeys (ConfUtils.java:logGet(46)) - raft.server.snapshot.auto.trigger.threshold = 50 (custom)
2022-05-26 08:03:48,908 [pool-635-thread-1] INFO  server.RaftServerConfigKeys (ConfUtils.java:logGet(46)) - raft.server.snapshot.retention.file.num = -1 (default)
2022-05-26 08:03:48,908 [pool-635-thread-1] INFO  server.RaftServerConfigKeys (ConfUtils.java:logGet(46)) - raft.server.log.purge.upto.snapshot.index = true (custom)
2022-05-26 08:03:48,908 [pool-635-thread-1] INFO  server.RaftServerConfigKeys (ConfUtils.java:logGet(46)) - raft.server.retrycache.expirytime = 30000ms (custom)
2022-05-26 08:03:48,909 [pool-635-thread-1] INFO  server.RaftServerConfigKeys (ConfUtils.java:logGet(46)) - raft.server.retrycache.statistics.expirytime = 100μs (default)
2022-05-26 08:03:48,910 [pool-635-thread-1] INFO  server.RaftServerConfigKeys (ConfUtils.java:logGet(46)) - raft.server.log.appender.install.snapshot.enabled = false (custom)
2022-05-26 08:03:48,910 [pool-635-thread-1] INFO  server.RaftServerConfigKeys (ConfUtils.java:logGet(46)) - raft.server.threadpool.server.cached = true (default)
2022-05-26 08:03:48,910 [pool-635-thread-1] INFO  server.RaftServerConfigKeys (ConfUtils.java:logGet(46)) - raft.server.threadpool.server.size = 0 (default)
2022-05-26 08:03:48,910 [pool-635-thread-1] INFO  server.RaftServerConfigKeys (ConfUtils.java:logGet(46)) - raft.server.threadpool.client.cached = true (default)
2022-05-26 08:03:48,910 [pool-635-thread-1] INFO  server.RaftServerConfigKeys (ConfUtils.java:logGet(46)) - raft.server.threadpool.client.size = 0 (default)
2022-05-26 08:03:48,911 [omNode-3-impl-thread1] INFO  server.RaftServer$Division (RaftServerImpl.java:start(310)) - omNode-3@group-523986131536: start as a follower, conf=37: [omNode-3|rpc:localhost:42233|admin:|client:|dataStream:|priority:0, omNode-1|rpc:localhost:40183|admin:|client:|dataStream:|priority:0, omNode-2|rpc:localhost:37413|admin:|client:|dataStream:|priority:0], old=null
2022-05-26 08:03:48,911 [omNode-3-impl-thread1] INFO  server.RaftServer$Division (RaftServerImpl.java:setRole(299)) - omNode-3@group-523986131536: changes role from      null to FOLLOWER at term 9 for startAsFollower
2022-05-26 08:03:48,911 [omNode-3-impl-thread1] INFO  impl.RoleInfo (RoleInfo.java:updateAndGet(139)) - omNode-3: start omNode-3@group-523986131536-FollowerState
2022-05-26 08:03:48,911 [omNode-3-impl-thread1] INFO  util.JmxRegister (JmxRegister.java:tryRegister(44)) - Successfully registered JMX Bean with object name Ratis:service=RaftServer,group=group-523986131536,id=omNode-3
2022-05-26 08:03:48,912 [Listener at localhost/38277] INFO  server.RaftServer (RaftServerProxy.java:lambda$start$6(382)) - omNode-3: start RPC server
2022-05-26 08:03:48,913 [Listener at localhost/38277] INFO  server.GrpcService (GrpcService.java:startImpl(260)) - omNode-3: GrpcService started, listening on 42233
2022-05-26 08:03:48,913 [Listener at localhost/38277] INFO  om.OzoneManager (OzoneManager.java:getRpcServer(1030)) - Creating RPC Server
2022-05-26 08:03:48,920 [org.apache.ratis.util.JvmPauseMonitor$$Lambda$691/456821109@1a7b43a1] INFO  util.JvmPauseMonitor (JvmPauseMonitor.java:run(103)) - JvmPauseMonitor-omNode-3: Started
2022-05-26 08:03:49,203 [Listener at localhost/38277] INFO  reflections.Reflections (Reflections.java:scan(232)) - Reflections took 289 ms to scan 19 urls, producing 61 keys and 3747 values [using 2 cores]
2022-05-26 08:03:49,204 [Listener at localhost/38277] INFO  ipc.CallQueueManager (CallQueueManager.java:<init>(90)) - Using callQueue: class java.util.concurrent.LinkedBlockingQueue, queueCapacity: 2000, scheduler: class org.apache.hadoop.ipc.DefaultRpcScheduler, ipcBackoff: false.
2022-05-26 08:03:49,205 [Socket Reader #1 for port 46875] INFO  ipc.Server (Server.java:run(1265)) - Starting Socket Reader #1 for port 46875
2022-05-26 08:03:49,208 [Listener at localhost/46875] INFO  http.BaseHttpServer (BaseHttpServer.java:newHttpServer2BuilderForOzone(209)) - Starting Web-server for ozoneManager at: http://0.0.0.0:39517
2022-05-26 08:03:49,208 [Listener at localhost/46875] INFO  http.BaseHttpServer (BaseHttpServer.java:<init>(107)) - Hadoop Security Enabled: false Ozone Security Enabled: false Ozone HTTP Security Enabled: false 
2022-05-26 08:03:49,209 [Listener at localhost/46875] INFO  server.AuthenticationFilter (AuthenticationFilter.java:constructSecretProvider(240)) - Unable to initialize FileSignerSecretProvider, falling back to use random secrets.
2022-05-26 08:03:49,209 [Listener at localhost/46875] WARN  http.HttpRequestLog (HttpRequestLog.java:getRequestLog(103)) - Jetty request log can only be enabled using Log4j
2022-05-26 08:03:49,210 [Listener at localhost/46875] INFO  http.HttpServer2 (HttpServer2.java:addGlobalFilter(1030)) - Added global filter 'safety' (class=org.apache.hadoop.hdds.server.http.HttpServer2$QuotingInputFilter)
2022-05-26 08:03:49,210 [Listener at localhost/46875] INFO  http.HttpServer2 (HttpServer2.java:addFilter(1006)) - Added filter static_user_filter (class=org.apache.hadoop.http.lib.StaticUserWebFilter$StaticUserFilter) to context ozoneManager
2022-05-26 08:03:49,210 [Listener at localhost/46875] INFO  http.HttpServer2 (HttpServer2.java:addFilter(1014)) - Added filter static_user_filter (class=org.apache.hadoop.http.lib.StaticUserWebFilter$StaticUserFilter) to context logs
2022-05-26 08:03:49,210 [Listener at localhost/46875] INFO  http.HttpServer2 (HttpServer2.java:addFilter(1014)) - Added filter static_user_filter (class=org.apache.hadoop.http.lib.StaticUserWebFilter$StaticUserFilter) to context static
2022-05-26 08:03:49,211 [Listener at localhost/46875] INFO  http.HttpServer2 (HttpServer2.java:bindListener(1249)) - Jetty bound to port 39517
2022-05-26 08:03:49,211 [Listener at localhost/46875] INFO  server.Server (Server.java:doStart(375)) - jetty-9.4.43.v20210629; built: 2021-06-30T11:07:22.254Z; git: 526006ecfa3af7f1a27ef3a288e2bef7ea9dd7e8; jvm 1.8.0_332-b09
2022-05-26 08:03:49,212 [Listener at localhost/46875] INFO  server.session (DefaultSessionIdManager.java:doStart(334)) - DefaultSessionIdManager workerName=node0
2022-05-26 08:03:49,212 [Listener at localhost/46875] INFO  server.session (DefaultSessionIdManager.java:doStart(339)) - No SessionScavenger set, using defaults
2022-05-26 08:03:49,213 [Listener at localhost/46875] INFO  server.session (HouseKeeper.java:startScavenging(132)) - node0 Scavenging every 660000ms
2022-05-26 08:03:49,213 [Listener at localhost/46875] INFO  handler.ContextHandler (ContextHandler.java:doStart(915)) - Started o.e.j.s.ServletContextHandler@21a07a02{logs,/logs,file:///home/runner/work/ozone/ozone/hadoop-ozone/integration-test/target/log,AVAILABLE}
2022-05-26 08:03:49,213 [Listener at localhost/46875] INFO  handler.ContextHandler (ContextHandler.java:doStart(915)) - Started o.e.j.s.ServletContextHandler@2e1cee53{static,/static,file:///home/runner/work/ozone/ozone/hadoop-ozone/integration-test/target/test-classes/webapps/static,AVAILABLE}
2022-05-26 08:03:49,216 [Listener at localhost/46875] INFO  handler.ContextHandler (ContextHandler.java:doStart(915)) - Started o.e.j.w.WebAppContext@7ce3092e{ozoneManager,/,file:///home/runner/work/ozone/ozone/hadoop-ozone/integration-test/target/test-classes/webapps/ozoneManager/,AVAILABLE}{file:/home/runner/work/ozone/ozone/hadoop-ozone/integration-test/target/test-classes/webapps/ozoneManager}
2022-05-26 08:03:49,217 [Listener at localhost/46875] INFO  server.AbstractConnector (AbstractConnector.java:doStart(331)) - Started ServerConnector@26dec287{HTTP/1.1, (http/1.1)}{0.0.0.0:39517}
2022-05-26 08:03:49,217 [Listener at localhost/46875] INFO  server.Server (Server.java:doStart(415)) - Started @91157ms
2022-05-26 08:03:49,217 [Listener at localhost/46875] WARN  impl.MetricsSystemImpl (MetricsSystemImpl.java:register(279)) - Sink prometheus already exists!
2022-05-26 08:03:49,218 [Listener at localhost/46875] INFO  http.BaseHttpServer (BaseHttpServer.java:updateConnectorAddress(329)) - HTTP server of ozoneManager listening at http://0.0.0.0:39517
2022-05-26 08:03:49,218 [IPC Server Responder] INFO  ipc.Server (Server.java:run(1507)) - IPC Server Responder: starting
2022-05-26 08:03:49,225 [IPC Server listener on 46875] INFO  ipc.Server (Server.java:run(1344)) - IPC Server listener on 46875: starting
2022-05-26 08:03:49,227 [Listener at localhost/46875] INFO  om.OzoneManager (OzoneManager.java:startTrashEmptier(1845)) - Trash Interval set to 0. Files deleted won't move to trash
2022-05-26 08:03:49,227 [Listener at localhost/46875] INFO  om.OzoneManager (OzoneManager.java:stop(1960)) - omNode-1[localhost:38409]: Stopping Ozone Manager
2022-05-26 08:03:49,227 [org.apache.hadoop.util.JvmPauseMonitor$Monitor@19cac930] INFO  util.JvmPauseMonitor (JvmPauseMonitor.java:run(188)) - Starting JVM pause monitor
2022-05-26 08:03:49,227 [Listener at localhost/46875] INFO  ipc.Server (Server.java:stop(3414)) - Stopping server on 38409
2022-05-26 08:03:49,230 [IPC Server Responder] INFO  ipc.Server (Server.java:run(1512)) - Stopping IPC Server Responder
2022-05-26 08:03:49,230 [IPC Server listener on 38409] INFO  ipc.Server (Server.java:run(1376)) - Stopping IPC Server listener on 38409
2022-05-26 08:03:49,231 [Listener at localhost/46875] INFO  server.RaftServer (RaftServerProxy.java:lambda$close$7(398)) - omNode-1: close
2022-05-26 08:03:49,231 [Listener at localhost/46875] INFO  server.RaftServer$Division (RaftServerImpl.java:lambda$close$4(434)) - omNode-1@group-523986131536: shutdown
2022-05-26 08:03:49,231 [Listener at localhost/46875] INFO  util.JmxRegister (JmxRegister.java:unregister(73)) - Successfully un-registered JMX Bean with object name Ratis:service=RaftServer,group=group-523986131536,id=omNode-1
2022-05-26 08:03:49,231 [Listener at localhost/46875] INFO  impl.RoleInfo (RoleInfo.java:shutdownLeaderState(93)) - omNode-1: shutdown omNode-1@group-523986131536-LeaderStateImpl
2022-05-26 08:03:49,231 [omNode-1@group-523986131536->omNode-3-GrpcLogAppender-LogAppenderDaemon] WARN  server.GrpcLogAppender (GrpcLogAppender.java:mayWait(171)) - omNode-1@group-523986131536->omNode-3-GrpcLogAppender: Wait interrupted by java.lang.InterruptedException
2022-05-26 08:03:49,231 [Listener at localhost/46875] INFO  impl.PendingRequests (PendingRequests.java:sendNotLeaderResponses(282)) - omNode-1@group-523986131536-PendingRequests: sendNotLeaderResponses
2022-05-26 08:03:49,232 [omNode-1@group-523986131536->omNode-2-GrpcLogAppender-LogAppenderDaemon] WARN  server.GrpcLogAppender (GrpcLogAppender.java:mayWait(171)) - omNode-1@group-523986131536->omNode-2-GrpcLogAppender: Wait interrupted by java.lang.InterruptedException
2022-05-26 08:03:49,232 [grpc-default-executor-3] INFO  server.GrpcServerProtocolService (GrpcServerProtocolService.java:onCompleted(140)) - omNode-2: Completed APPEND_ENTRIES, lastRequest: omNode-1->omNode-2#2-t9,previous=(t:9, i:37),leaderCommit=38,initializing? true,entries: size=1, first=(t:9, i:38), METADATAENTRY(c:37)
2022-05-26 08:03:49,233 [omNode-1@group-523986131536-StateMachineUpdater] INFO  ratis.OzoneManagerStateMachine (OzoneManagerStateMachine.java:takeSnapshot(436)) - Current Snapshot Index (t:9, i:38)
2022-05-26 08:03:49,233 [grpc-default-executor-2] INFO  server.GrpcLogAppender (GrpcLogAppender.java:onCompleted(339)) - omNode-1@group-523986131536->omNode-2-AppendLogResponseHandler: follower responses appendEntries COMPLETED
2022-05-26 08:03:49,233 [omNode-1@group-523986131536-StateMachineUpdater] INFO  impl.StateMachineUpdater (StateMachineUpdater.java:takeSnapshot(287)) - omNode-1@group-523986131536-StateMachineUpdater: Took a snapshot at index 38
2022-05-26 08:03:49,233 [grpc-default-executor-2] INFO  leader.FollowerInfo (FollowerInfoImpl.java:lambda$new$0(48)) - omNode-1@group-523986131536->omNode-2: nextIndex: updateUnconditionally 39 -> 38
2022-05-26 08:03:49,233 [omNode-1@group-523986131536-StateMachineUpdater] INFO  impl.StateMachineUpdater (StateMachineUpdater.java:lambda$new$0(92)) - omNode-1@group-523986131536-StateMachineUpdater: snapshotIndex: updateIncreasingly 35 -> 38
2022-05-26 08:03:49,234 [omNode-1@group-523986131536-StateMachineUpdater] INFO  ratis.OzoneManagerStateMachine (OzoneManagerStateMachine.java:close(490)) - StateMachine has shutdown. Shutdown OzoneManager if not already shutdown.
2022-05-26 08:03:49,234 [omNode-1@group-523986131536-StateMachineUpdater] INFO  ratis.OzoneManagerDoubleBuffer (OzoneManagerDoubleBuffer.java:stop(465)) - Stopping OMDoubleBuffer flush thread
2022-05-26 08:03:49,234 [Listener at localhost/46875] INFO  impl.StateMachineUpdater (StateMachineUpdater.java:stopAndJoin(153)) - omNode-1@group-523986131536-StateMachineUpdater: set stopIndex = 38
2022-05-26 08:03:49,234 [OMDoubleBufferFlushThread] INFO  ratis.OzoneManagerDoubleBuffer (OzoneManagerDoubleBuffer.java:flushTransactions(385)) - OMDoubleBuffer flush thread OMDoubleBufferFlushThread is interrupted and will exit.
2022-05-26 08:03:49,234 [Listener at localhost/46875] INFO  server.RaftServer$Division (ServerState.java:close(429)) - omNode-1@group-523986131536: closes. applyIndex: 38
2022-05-26 08:03:49,235 [omNode-1@group-523986131536-SegmentedRaftLogWorker] INFO  segmented.SegmentedRaftLogWorker (SegmentedRaftLogWorker.java:run(336)) - omNode-1@group-523986131536-SegmentedRaftLogWorker was interrupted, exiting. There are 0 tasks remaining in the queue.
2022-05-26 08:03:49,235 [Listener at localhost/46875] INFO  segmented.SegmentedRaftLogWorker (SegmentedRaftLogWorker.java:close(246)) - omNode-1@group-523986131536-SegmentedRaftLogWorker close()
2022-05-26 08:03:49,236 [Listener at localhost/46875] INFO  server.GrpcService (GrpcService.java:closeImpl(269)) - omNode-1: shutdown server with port 40183 now
2022-05-26 08:03:49,239 [Listener at localhost/46875] INFO  server.GrpcService (GrpcService.java:closeImpl(278)) - omNode-1: shutdown server with port 40183 successfully
2022-05-26 08:03:49,240 [org.apache.ratis.util.JvmPauseMonitor$$Lambda$691/456821109@74061bd1] INFO  util.JvmPauseMonitor (JvmPauseMonitor.java:run(109)) - JvmPauseMonitor-omNode-1: Stopped
2022-05-26 08:03:49,240 [Listener at localhost/46875] INFO  ratis.OzoneManagerStateMachine (OzoneManagerStateMachine.java:close(490)) - StateMachine has shutdown. Shutdown OzoneManager if not already shutdown.
2022-05-26 08:03:49,240 [Listener at localhost/46875] INFO  ratis.OzoneManagerDoubleBuffer (OzoneManagerDoubleBuffer.java:stop(477)) - OMDoubleBuffer flush thread is not running.
2022-05-26 08:03:49,240 [Listener at localhost/46875] INFO  handler.ContextHandler (ContextHandler.java:doStop(1153)) - Stopped o.e.j.w.WebAppContext@6d7e0845{ozoneManager,/,null,STOPPED}{file:/home/runner/work/ozone/ozone/hadoop-ozone/integration-test/target/test-classes/webapps/ozoneManager}
2022-05-26 08:03:49,241 [Listener at localhost/46875] INFO  server.AbstractConnector (AbstractConnector.java:doStop(381)) - Stopped ServerConnector@1fb8b4d8{HTTP/1.1, (http/1.1)}{0.0.0.0:35485}
2022-05-26 08:03:49,241 [Listener at localhost/46875] INFO  server.session (HouseKeeper.java:stopScavenging(149)) - node0 Stopped scavenging
2022-05-26 08:03:49,241 [Listener at localhost/46875] INFO  handler.ContextHandler (ContextHandler.java:doStop(1153)) - Stopped o.e.j.s.ServletContextHandler@b55152c{static,/static,file:///home/runner/work/ozone/ozone/hadoop-ozone/integration-test/target/test-classes/webapps/static,STOPPED}
2022-05-26 08:03:49,241 [Listener at localhost/46875] INFO  handler.ContextHandler (ContextHandler.java:doStop(1153)) - Stopped o.e.j.s.ServletContextHandler@1c645e05{logs,/logs,file:///home/runner/work/ozone/ozone/hadoop-ozone/integration-test/target/log,STOPPED}
2022-05-26 08:03:49,243 [Listener at localhost/46875] INFO  om.OzoneManager (OzoneManager.java:restart(1497)) - OzoneManager RPC server is listening at localhost/127.0.0.1:38409
2022-05-26 08:03:49,243 [Listener at localhost/46875] INFO  impl.MetricsSystemImpl (MetricsSystemImpl.java:init(158)) - OzoneManager metrics system started (again)
2022-05-26 08:03:49,253 [Listener at localhost/46875] WARN  server.ServerUtils (ServerUtils.java:getDBPath(225)) - ozone.om.db.dirs is not configured. We recommend adding this setting. Falling back to ozone.metadata.dirs instead.
2022-05-26 08:03:49,254 [Listener at localhost/46875] INFO  codec.OmKeyInfoCodec (OmKeyInfoCodec.java:<init>(49)) - OmKeyInfoCodec ignorePipeline = true
2022-05-26 08:03:49,254 [Listener at localhost/46875] INFO  codec.RepeatedOmKeyInfoCodec (RepeatedOmKeyInfoCodec.java:<init>(41)) - RepeatedOmKeyInfoCodec ignorePipeline = true
2022-05-26 08:03:49,291 [Listener at localhost/46875] WARN  impl.MetricRegistriesImpl (MetricRegistriesImpl.java:addReporterRegistration(111)) - New reporters are added after registries were created. Some metrics will be missing from the reporter. Please add reporter before adding any new registry.
2022-05-26 08:03:49,291 [Listener at localhost/46875] WARN  impl.MetricRegistriesImpl (MetricRegistriesImpl.java:addReporterRegistration(111)) - New reporters are added after registries were created. Some metrics will be missing from the reporter. Please add reporter before adding any new registry.
2022-05-26 08:03:49,291 [Listener at localhost/46875] WARN  server.ServerUtils (ServerUtils.java:getDefaultRatisDirectory(237)) - Storage directory for Ratis is not configured. It is a good idea to map this to an SSD disk. Falling back to ozone.metadata.dirs
2022-05-26 08:03:49,292 [Listener at localhost/46875] INFO  ratis.OzoneManagerRatisServer (OzoneManagerRatisServer.java:<init>(159)) - Instantiating OM Ratis server with groupID: om-service-test1 and peers: localhost:40183, localhost:42233, localhost:37413
2022-05-26 08:03:49,292 [Listener at localhost/46875] INFO  ratis.OzoneManagerStateMachine (OzoneManagerStateMachine.java:loadSnapshotInfoFromDB(627)) - LastAppliedIndex is set from TransactionInfo from OM DB as (t:9, i:38)
2022-05-26 08:03:49,292 [Listener at localhost/46875] INFO  server.RaftServer (ConfUtils.java:logGet(46)) - raft.rpc.type = GRPC (default)
2022-05-26 08:03:49,292 [Listener at localhost/46875] INFO  grpc.GrpcFactory (GrpcFactory.java:checkPooledByteBufAllocatorUseCacheForAllThreads(48)) - PERFORMANCE WARNING: useCacheForAllThreads is true that may cause Netty to create a lot garbage objects and, as a result, trigger GC.
	It is recommended to disable useCacheForAllThreads by setting -Dorg.apache.ratis.thirdparty.io.netty.allocator.useCacheForAllThreads=false in command line.
2022-05-26 08:03:49,293 [Listener at localhost/46875] INFO  grpc.GrpcConfigKeys (ConfUtils.java:logGet(46)) - raft.grpc.admin.port = -1 (default)
2022-05-26 08:03:49,293 [Listener at localhost/46875] INFO  grpc.GrpcConfigKeys (ConfUtils.java:logGet(46)) - raft.grpc.server.port = 40183 (custom)
2022-05-26 08:03:49,293 [Listener at localhost/46875] INFO  grpc.GrpcConfigKeys (ConfUtils.java:logGet(46)) - raft.grpc.client.port = -1 (default)
2022-05-26 08:03:49,293 [Listener at localhost/46875] INFO  grpc.GrpcConfigKeys (ConfUtils.java:logGet(46)) - raft.grpc.server.port = 40183 (custom)
2022-05-26 08:03:49,293 [Listener at localhost/46875] INFO  grpc.GrpcConfigKeys (ConfUtils.java:logGet(46)) - raft.grpc.server.port = 40183 (custom)
2022-05-26 08:03:49,293 [Listener at localhost/46875] INFO  server.GrpcService (ConfUtils.java:logGet(46)) - raft.grpc.message.size.max = 33554432 (custom)
2022-05-26 08:03:49,293 [Listener at localhost/46875] INFO  server.RaftServerConfigKeys (ConfUtils.java:logGet(46)) - raft.server.log.appender.buffer.byte-limit = 33554432 (custom)
2022-05-26 08:03:49,293 [Listener at localhost/46875] INFO  server.GrpcService (ConfUtils.java:logGet(46)) - raft.grpc.flow.control.window = 1MB (=1048576) (default)
2022-05-26 08:03:49,293 [Listener at localhost/46875] INFO  server.RaftServerConfigKeys (ConfUtils.java:logGet(46)) - raft.server.rpc.request.timeout = 3000ms (default)
2022-05-26 08:03:49,293 [Listener at localhost/46875] INFO  grpc.GrpcConfigKeys (ConfUtils.java:logGet(46)) - raft.grpc.server.async.request.thread.pool.cached = true (default)
2022-05-26 08:03:49,294 [Listener at localhost/46875] INFO  grpc.GrpcConfigKeys (ConfUtils.java:logGet(46)) - raft.grpc.server.async.request.thread.pool.size = 32 (default)
2022-05-26 08:03:49,295 [Listener at localhost/46875] INFO  impl.DataStreamServerImpl (ConfUtils.java:logGet(46)) - raft.datastream.type = DISABLED (default)
2022-05-26 08:03:49,295 [Listener at localhost/46875] INFO  server.RaftServerConfigKeys (ConfUtils.java:logGet(46)) - raft.server.threadpool.proxy.cached = true (default)
2022-05-26 08:03:49,295 [Listener at localhost/46875] INFO  server.RaftServerConfigKeys (ConfUtils.java:logGet(46)) - raft.server.threadpool.proxy.size = 0 (default)
2022-05-26 08:03:49,295 [Listener at localhost/46875] INFO  server.RaftServerConfigKeys (ConfUtils.java:logGet(46)) - raft.server.rpc.slowness.timeout = 2s (custom)
2022-05-26 08:03:49,295 [Listener at localhost/46875] INFO  server.RaftServerConfigKeys (ConfUtils.java:logGet(46)) - raft.server.leaderelection.leader.step-down.wait-time = 10s (default)
2022-05-26 08:03:49,295 [Listener at localhost/46875] INFO  server.RaftServerConfigKeys (ConfUtils.java:logGet(46)) - raft.server.storage.dir = [/home/runner/work/ozone/ozone/hadoop-ozone/integration-test/target/test-dir/MiniOzoneClusterImpl-17bb6255-4ab1-443a-98be-5fd7627ecb82/omNode-1/ratis] (custom)
2022-05-26 08:03:49,296 [omNode-1-impl-thread1] INFO  server.RaftServer (RaftServerProxy.java:initGroupDir(247)) - omNode-1: found a subdirectory /home/runner/work/ozone/ozone/hadoop-ozone/integration-test/target/test-dir/MiniOzoneClusterImpl-17bb6255-4ab1-443a-98be-5fd7627ecb82/omNode-1/ratis/c9bc4cf4-3bc3-3c60-a66b-523986131536
2022-05-26 08:03:49,296 [Listener at localhost/46875] INFO  server.RaftServer (RaftServerProxy.java:addNew(96)) - omNode-1: addNew group-523986131536:[omNode-3|rpc:localhost:42233|priority:0, omNode-1|rpc:localhost:40183|priority:0, omNode-2|rpc:localhost:37413|priority:0] returns group-523986131536:java.util.concurrent.CompletableFuture@6f301c90[Not completed]
2022-05-26 08:03:49,296 [Listener at localhost/46875] INFO  om.OzoneManager (OzoneManager.java:initializeRatisServer(1901)) - OzoneManager Ratis server initialized at port 40183
2022-05-26 08:03:49,297 [Listener at localhost/46875] INFO  ratis.OzoneManagerRatisServer (OzoneManagerRatisServer.java:start(554)) - Starting OzoneManagerRatisServer omNode-1 at port 40183
2022-05-26 08:03:49,297 [pool-656-thread-1] INFO  server.RaftServer$Division (RaftServerImpl.java:<init>(190)) - omNode-1: new RaftServerImpl for group-523986131536:[omNode-3|rpc:localhost:42233|priority:0, omNode-1|rpc:localhost:40183|priority:0, omNode-2|rpc:localhost:37413|priority:0] with OzoneManagerStateMachine:uninitialized
2022-05-26 08:03:49,297 [pool-656-thread-1] INFO  server.RaftServerConfigKeys (ConfUtils.java:logGet(46)) - raft.server.rpc.timeout.min = 1s (custom)
2022-05-26 08:03:49,297 [pool-656-thread-1] INFO  server.RaftServerConfigKeys (ConfUtils.java:logGet(46)) - raft.server.rpc.timeout.max = 1200ms (custom)
2022-05-26 08:03:49,297 [pool-656-thread-1] INFO  server.RaftServerConfigKeys (ConfUtils.java:logGet(46)) - raft.server.rpc.sleep.time = 25ms (default)
2022-05-26 08:03:49,297 [pool-656-thread-1] INFO  server.RaftServerConfigKeys (ConfUtils.java:logGet(46)) - raft.server.rpc.slowness.timeout = 2s (custom)
2022-05-26 08:03:49,297 [pool-656-thread-1] INFO  server.RaftServerConfigKeys (ConfUtils.java:logGet(46)) - raft.server.leaderelection.leader.step-down.wait-time = 10s (default)
2022-05-26 08:03:49,297 [pool-656-thread-1] INFO  server.RaftServerConfigKeys (ConfUtils.java:logGet(46)) - raft.server.sleep.deviation.threshold = 300ms (default)
2022-05-26 08:03:49,297 [pool-656-thread-1] INFO  server.RaftServer$Division (ServerState.java:<init>(107)) - omNode-1@group-523986131536: ConfigurationManager, init=-1: [omNode-3|rpc:localhost:42233|priority:0, omNode-1|rpc:localhost:40183|priority:0, omNode-2|rpc:localhost:37413|priority:0], old=null, confs=<EMPTY_MAP>
2022-05-26 08:03:49,297 [pool-656-thread-1] INFO  server.RaftServerConfigKeys (ConfUtils.java:logGet(46)) - raft.server.storage.dir = [/home/runner/work/ozone/ozone/hadoop-ozone/integration-test/target/test-dir/MiniOzoneClusterImpl-17bb6255-4ab1-443a-98be-5fd7627ecb82/omNode-1/ratis] (custom)
2022-05-26 08:03:49,297 [pool-656-thread-1] INFO  server.RaftServerConfigKeys (ConfUtils.java:logGet(46)) - raft.server.log.corruption.policy = EXCEPTION (default)
2022-05-26 08:03:49,297 [pool-656-thread-1] INFO  server.RaftServerConfigKeys (ConfUtils.java:logGet(46)) - raft.server.storage.free-space.min = 0MB (=0) (default)
2022-05-26 08:03:49,298 [pool-656-thread-1] INFO  storage.RaftStorageDirectory (RaftStorageDirectoryImpl.java:tryLock(230)) - Lock on /home/runner/work/ozone/ozone/hadoop-ozone/integration-test/target/test-dir/MiniOzoneClusterImpl-17bb6255-4ab1-443a-98be-5fd7627ecb82/omNode-1/ratis/c9bc4cf4-3bc3-3c60-a66b-523986131536/in_use.lock acquired by nodename 18146@fv-az35-51
2022-05-26 08:03:49,298 [pool-656-thread-1] INFO  storage.RaftStorage (RaftStorageImpl.java:analyzeAndRecoverStorage(110)) - Read RaftStorageMetadata{term=9, votedFor=omNode-1} from /home/runner/work/ozone/ozone/hadoop-ozone/integration-test/target/test-dir/MiniOzoneClusterImpl-17bb6255-4ab1-443a-98be-5fd7627ecb82/omNode-1/ratis/c9bc4cf4-3bc3-3c60-a66b-523986131536/current/raft-meta
2022-05-26 08:03:49,299 [pool-656-thread-1] INFO  server.RaftServer$Division (ServerState.java:setRaftConf(393)) - omNode-1@group-523986131536: set configuration 37: [omNode-3|rpc:localhost:42233|admin:|client:|dataStream:|priority:0, omNode-1|rpc:localhost:40183|admin:|client:|dataStream:|priority:0, omNode-2|rpc:localhost:37413|admin:|client:|dataStream:|priority:0], old=null
2022-05-26 08:03:49,299 [pool-656-thread-1] INFO  server.RaftServerConfigKeys (ConfUtils.java:logGet(46)) - raft.server.notification.no-leader.timeout = 2s (custom)
2022-05-26 08:03:49,299 [pool-656-thread-1] INFO  server.RaftServerConfigKeys (ConfUtils.java:logGet(46)) - raft.server.log.use.memory = false (default)
2022-05-26 08:03:49,299 [pool-656-thread-1] INFO  server.RaftServerConfigKeys (ConfUtils.java:logGet(46)) - raft.server.log.purge.gap = 50 (custom)
2022-05-26 08:03:49,299 [pool-656-thread-1] INFO  server.RaftServerConfigKeys (ConfUtils.java:logGet(46)) - raft.server.log.appender.buffer.byte-limit = 33554432 (custom)
2022-05-26 08:03:49,299 [pool-656-thread-1] INFO  server.RaftServerConfigKeys (ConfUtils.java:logGet(46)) - raft.server.log.statemachine.data.read.timeout = 1000ms (default)
2022-05-26 08:03:49,299 [pool-656-thread-1] INFO  server.RaftServerConfigKeys (ConfUtils.java:logGet(46)) - raft.server.log.segment.size.max = 4194304 (custom)
2022-05-26 08:03:49,299 [pool-656-thread-1] INFO  server.RaftServerConfigKeys (ConfUtils.java:logGet(46)) - raft.server.log.segment.cache.num.max = 2 (custom)
2022-05-26 08:03:49,299 [pool-656-thread-1] INFO  server.RaftServerConfigKeys (ConfUtils.java:logGet(46)) - raft.server.log.segment.cache.size.max = 200MB (=209715200) (default)
2022-05-26 08:03:49,300 [pool-656-thread-1] INFO  segmented.SegmentedRaftLogWorker (SegmentedRaftLogWorker.java:<init>(187)) - new omNode-1@group-523986131536-SegmentedRaftLogWorker for RaftStorageImpl:Storage Directory /home/runner/work/ozone/ozone/hadoop-ozone/integration-test/target/test-dir/MiniOzoneClusterImpl-17bb6255-4ab1-443a-98be-5fd7627ecb82/omNode-1/ratis/c9bc4cf4-3bc3-3c60-a66b-523986131536
2022-05-26 08:03:49,300 [pool-656-thread-1] INFO  server.RaftServerConfigKeys (ConfUtils.java:logGet(46)) - raft.server.log.queue.byte-limit = 64MB (=67108864) (default)
2022-05-26 08:03:49,300 [pool-656-thread-1] INFO  server.RaftServerConfigKeys (ConfUtils.java:logGet(46)) - raft.server.log.queue.element-limit = 4096 (default)
2022-05-26 08:03:49,300 [pool-656-thread-1] INFO  server.RaftServerConfigKeys (ConfUtils.java:logGet(46)) - raft.server.log.segment.size.max = 4194304 (custom)
2022-05-26 08:03:49,300 [pool-656-thread-1] INFO  server.RaftServerConfigKeys (ConfUtils.java:logGet(46)) - raft.server.log.preallocated.size = 4194304 (custom)
2022-05-26 08:03:49,300 [pool-656-thread-1] INFO  server.RaftServerConfigKeys (ConfUtils.java:logGet(46)) - raft.server.log.force.sync.num = 128 (default)
2022-05-26 08:03:49,300 [pool-656-thread-1] INFO  server.RaftServerConfigKeys (ConfUtils.java:logGet(46)) - raft.server.log.statemachine.data.sync = true (default)
2022-05-26 08:03:49,300 [pool-656-thread-1] INFO  server.RaftServerConfigKeys (ConfUtils.java:logGet(46)) - raft.server.log.statemachine.data.sync.timeout = 10s (default)
2022-05-26 08:03:49,300 [pool-656-thread-1] INFO  server.RaftServerConfigKeys (ConfUtils.java:logGet(46)) - raft.server.log.statemachine.data.sync.timeout.retry = -1 (default)
2022-05-26 08:03:49,301 [pool-656-thread-1] INFO  server.RaftServerConfigKeys (ConfUtils.java:logGet(46)) - raft.server.log.write.buffer.size = 64KB (=65536) (default)
2022-05-26 08:03:49,301 [pool-656-thread-1] INFO  server.RaftServerConfigKeys (ConfUtils.java:logGet(46)) - raft.server.log.unsafe-flush.enabled = false (default)
2022-05-26 08:03:49,301 [pool-656-thread-1] INFO  server.RaftServerConfigKeys (ConfUtils.java:logGet(46)) - raft.server.log.statemachine.data.caching.enabled = false (default)
2022-05-26 08:03:49,301 [pool-656-thread-1] INFO  server.RaftServer$Division (ServerState.java:setRaftConf(393)) - omNode-1@group-523986131536: set configuration 0: [omNode-3|rpc:localhost:42233|admin:|client:|dataStream:|priority:0, omNode-1|rpc:localhost:40183|admin:|client:|dataStream:|priority:0, omNode-2|rpc:localhost:37413|admin:|client:|dataStream:|priority:0], old=null
2022-05-26 08:03:49,302 [pool-656-thread-1] INFO  segmented.LogSegment (LogSegment.java:loadSegment(173)) - Successfully read 7 entries from segment file /home/runner/work/ozone/ozone/hadoop-ozone/integration-test/target/test-dir/MiniOzoneClusterImpl-17bb6255-4ab1-443a-98be-5fd7627ecb82/omNode-1/ratis/c9bc4cf4-3bc3-3c60-a66b-523986131536/current/log_0-6
2022-05-26 08:03:49,302 [pool-656-thread-1] INFO  server.RaftServer$Division (ServerState.java:setRaftConf(393)) - omNode-1@group-523986131536: set configuration 7: [omNode-3|rpc:localhost:42233|admin:|client:|dataStream:|priority:0, omNode-1|rpc:localhost:40183|admin:|client:|dataStream:|priority:0, omNode-2|rpc:localhost:37413|admin:|client:|dataStream:|priority:0], old=null
2022-05-26 08:03:49,302 [pool-656-thread-1] INFO  segmented.LogSegment (LogSegment.java:loadSegment(173)) - Successfully read 8 entries from segment file /home/runner/work/ozone/ozone/hadoop-ozone/integration-test/target/test-dir/MiniOzoneClusterImpl-17bb6255-4ab1-443a-98be-5fd7627ecb82/omNode-1/ratis/c9bc4cf4-3bc3-3c60-a66b-523986131536/current/log_7-14
2022-05-26 08:03:49,302 [pool-656-thread-1] INFO  server.RaftServer$Division (ServerState.java:setRaftConf(393)) - omNode-1@group-523986131536: set configuration 15: [omNode-3|rpc:localhost:42233|admin:|client:|dataStream:|priority:0, omNode-1|rpc:localhost:40183|admin:|client:|dataStream:|priority:0, omNode-2|rpc:localhost:37413|admin:|client:|dataStream:|priority:0], old=null
2022-05-26 08:03:49,302 [pool-656-thread-1] INFO  segmented.LogSegment (LogSegment.java:loadSegment(173)) - Successfully read 12 entries from segment file /home/runner/work/ozone/ozone/hadoop-ozone/integration-test/target/test-dir/MiniOzoneClusterImpl-17bb6255-4ab1-443a-98be-5fd7627ecb82/omNode-1/ratis/c9bc4cf4-3bc3-3c60-a66b-523986131536/current/log_15-26
2022-05-26 08:03:49,302 [pool-656-thread-1] INFO  server.RaftServer$Division (ServerState.java:setRaftConf(393)) - omNode-1@group-523986131536: set configuration 27: [omNode-3|rpc:localhost:42233|admin:|client:|dataStream:|priority:0, omNode-1|rpc:localhost:40183|admin:|client:|dataStream:|priority:0, omNode-2|rpc:localhost:37413|admin:|client:|dataStream:|priority:0], old=null
2022-05-26 08:03:49,303 [pool-656-thread-1] INFO  segmented.LogSegment (LogSegment.java:loadSegment(173)) - Successfully read 4 entries from segment file /home/runner/work/ozone/ozone/hadoop-ozone/integration-test/target/test-dir/MiniOzoneClusterImpl-17bb6255-4ab1-443a-98be-5fd7627ecb82/omNode-1/ratis/c9bc4cf4-3bc3-3c60-a66b-523986131536/current/log_27-30
2022-05-26 08:03:49,303 [pool-656-thread-1] INFO  server.RaftServer$Division (ServerState.java:setRaftConf(393)) - omNode-1@group-523986131536: set configuration 31: [omNode-3|rpc:localhost:42233|admin:|client:|dataStream:|priority:0, omNode-1|rpc:localhost:40183|admin:|client:|dataStream:|priority:0, omNode-2|rpc:localhost:37413|admin:|client:|dataStream:|priority:0], old=null
2022-05-26 08:03:49,303 [pool-656-thread-1] INFO  segmented.LogSegment (LogSegment.java:loadSegment(173)) - Successfully read 4 entries from segment file /home/runner/work/ozone/ozone/hadoop-ozone/integration-test/target/test-dir/MiniOzoneClusterImpl-17bb6255-4ab1-443a-98be-5fd7627ecb82/omNode-1/ratis/c9bc4cf4-3bc3-3c60-a66b-523986131536/current/log_31-34
2022-05-26 08:03:49,303 [pool-656-thread-1] INFO  server.RaftServer$Division (ServerState.java:setRaftConf(393)) - omNode-1@group-523986131536: set configuration 35: [omNode-3|rpc:localhost:42233|admin:|client:|dataStream:|priority:0, omNode-1|rpc:localhost:40183|admin:|client:|dataStream:|priority:0, omNode-2|rpc:localhost:37413|admin:|client:|dataStream:|priority:0], old=null
2022-05-26 08:03:49,303 [pool-656-thread-1] INFO  segmented.LogSegment (LogSegment.java:loadSegment(173)) - Successfully read 2 entries from segment file /home/runner/work/ozone/ozone/hadoop-ozone/integration-test/target/test-dir/MiniOzoneClusterImpl-17bb6255-4ab1-443a-98be-5fd7627ecb82/omNode-1/ratis/c9bc4cf4-3bc3-3c60-a66b-523986131536/current/log_35-36
2022-05-26 08:03:49,303 [pool-656-thread-1] INFO  server.RaftServer$Division (ServerState.java:setRaftConf(393)) - omNode-1@group-523986131536: set configuration 37: [omNode-3|rpc:localhost:42233|admin:|client:|dataStream:|priority:0, omNode-1|rpc:localhost:40183|admin:|client:|dataStream:|priority:0, omNode-2|rpc:localhost:37413|admin:|client:|dataStream:|priority:0], old=null
2022-05-26 08:03:49,303 [pool-656-thread-1] INFO  segmented.LogSegment (LogSegment.java:loadSegment(173)) - Successfully read 2 entries from segment file /home/runner/work/ozone/ozone/hadoop-ozone/integration-test/target/test-dir/MiniOzoneClusterImpl-17bb6255-4ab1-443a-98be-5fd7627ecb82/omNode-1/ratis/c9bc4cf4-3bc3-3c60-a66b-523986131536/current/log_inprogress_37
2022-05-26 08:03:49,306 [pool-656-thread-1] INFO  segmented.SegmentedRaftLogWorker (SegmentedRaftLogWorker.java:lambda$new$0(135)) - omNode-1@group-523986131536-SegmentedRaftLogWorker: flushIndex: setUnconditionally 0 -> 38
2022-05-26 08:03:49,306 [pool-656-thread-1] INFO  segmented.SegmentedRaftLogWorker (SegmentedRaftLogWorker.java:lambda$new$0(135)) - omNode-1@group-523986131536-SegmentedRaftLogWorker: safeCacheEvictIndex: setUnconditionally 0 -> 36
2022-05-26 08:03:49,306 [pool-656-thread-1] INFO  raftlog.RaftLog (RaftLogBase.java:lambda$new$0(53)) - omNode-1@group-523986131536-SegmentedRaftLog: commitIndex: updateToMax old=38, new=37, updated? false
2022-05-26 08:03:49,306 [pool-656-thread-1] INFO  server.RaftServerConfigKeys (ConfUtils.java:logGet(46)) - raft.server.snapshot.auto.trigger.enabled = true (custom)
2022-05-26 08:03:49,306 [pool-656-thread-1] INFO  server.RaftServerConfigKeys (ConfUtils.java:logGet(46)) - raft.server.snapshot.auto.trigger.threshold = 50 (custom)
2022-05-26 08:03:49,306 [pool-656-thread-1] INFO  server.RaftServerConfigKeys (ConfUtils.java:logGet(46)) - raft.server.snapshot.retention.file.num = -1 (default)
2022-05-26 08:03:49,306 [pool-656-thread-1] INFO  server.RaftServerConfigKeys (ConfUtils.java:logGet(46)) - raft.server.log.purge.upto.snapshot.index = true (custom)
2022-05-26 08:03:49,306 [pool-656-thread-1] INFO  server.RaftServerConfigKeys (ConfUtils.java:logGet(46)) - raft.server.retrycache.expirytime = 30000ms (custom)
2022-05-26 08:03:49,306 [pool-656-thread-1] INFO  server.RaftServerConfigKeys (ConfUtils.java:logGet(46)) - raft.server.retrycache.statistics.expirytime = 100μs (default)
2022-05-26 08:03:49,307 [pool-656-thread-1] INFO  server.RaftServerConfigKeys (ConfUtils.java:logGet(46)) - raft.server.log.appender.install.snapshot.enabled = false (custom)
2022-05-26 08:03:49,307 [pool-656-thread-1] INFO  server.RaftServerConfigKeys (ConfUtils.java:logGet(46)) - raft.server.threadpool.server.cached = true (default)
2022-05-26 08:03:49,307 [pool-656-thread-1] INFO  server.RaftServerConfigKeys (ConfUtils.java:logGet(46)) - raft.server.threadpool.server.size = 0 (default)
2022-05-26 08:03:49,307 [pool-656-thread-1] INFO  server.RaftServerConfigKeys (ConfUtils.java:logGet(46)) - raft.server.threadpool.client.cached = true (default)
2022-05-26 08:03:49,307 [pool-656-thread-1] INFO  server.RaftServerConfigKeys (ConfUtils.java:logGet(46)) - raft.server.threadpool.client.size = 0 (default)
2022-05-26 08:03:49,307 [omNode-1-impl-thread1] INFO  server.RaftServer$Division (RaftServerImpl.java:start(310)) - omNode-1@group-523986131536: start as a follower, conf=37: [omNode-3|rpc:localhost:42233|admin:|client:|dataStream:|priority:0, omNode-1|rpc:localhost:40183|admin:|client:|dataStream:|priority:0, omNode-2|rpc:localhost:37413|admin:|client:|dataStream:|priority:0], old=null
2022-05-26 08:03:49,307 [omNode-1-impl-thread1] INFO  server.RaftServer$Division (RaftServerImpl.java:setRole(299)) - omNode-1@group-523986131536: changes role from      null to FOLLOWER at term 9 for startAsFollower
2022-05-26 08:03:49,308 [omNode-1-impl-thread1] INFO  impl.RoleInfo (RoleInfo.java:updateAndGet(139)) - omNode-1: start omNode-1@group-523986131536-FollowerState
2022-05-26 08:03:49,308 [omNode-1-impl-thread1] INFO  util.JmxRegister (JmxRegister.java:tryRegister(44)) - Successfully registered JMX Bean with object name Ratis:service=RaftServer,group=group-523986131536,id=omNode-1
2022-05-26 08:03:49,308 [Listener at localhost/46875] INFO  server.RaftServer (RaftServerProxy.java:lambda$start$6(382)) - omNode-1: start RPC server
2022-05-26 08:03:49,310 [Listener at localhost/46875] INFO  server.GrpcService (GrpcService.java:startImpl(260)) - omNode-1: GrpcService started, listening on 40183
2022-05-26 08:03:49,310 [Listener at localhost/46875] INFO  om.OzoneManager (OzoneManager.java:getRpcServer(1030)) - Creating RPC Server
2022-05-26 08:03:49,310 [org.apache.ratis.util.JvmPauseMonitor$$Lambda$691/456821109@343561ae] INFO  util.JvmPauseMonitor (JvmPauseMonitor.java:run(103)) - JvmPauseMonitor-omNode-1: Started
2022-05-26 08:03:49,587 [Listener at localhost/46875] INFO  reflections.Reflections (Reflections.java:scan(232)) - Reflections took 276 ms to scan 19 urls, producing 61 keys and 3747 values [using 2 cores]
2022-05-26 08:03:49,588 [Listener at localhost/46875] INFO  ipc.CallQueueManager (CallQueueManager.java:<init>(90)) - Using callQueue: class java.util.concurrent.LinkedBlockingQueue, queueCapacity: 2000, scheduler: class org.apache.hadoop.ipc.DefaultRpcScheduler, ipcBackoff: false.
2022-05-26 08:03:49,591 [Socket Reader #1 for port 38409] INFO  ipc.Server (Server.java:run(1265)) - Starting Socket Reader #1 for port 38409
2022-05-26 08:03:49,597 [Listener at localhost/38409] INFO  http.BaseHttpServer (BaseHttpServer.java:newHttpServer2BuilderForOzone(209)) - Starting Web-server for ozoneManager at: http://0.0.0.0:35485
2022-05-26 08:03:49,597 [Listener at localhost/38409] INFO  http.BaseHttpServer (BaseHttpServer.java:<init>(107)) - Hadoop Security Enabled: false Ozone Security Enabled: false Ozone HTTP Security Enabled: false 
2022-05-26 08:03:49,598 [Listener at localhost/38409] INFO  server.AuthenticationFilter (AuthenticationFilter.java:constructSecretProvider(240)) - Unable to initialize FileSignerSecretProvider, falling back to use random secrets.
2022-05-26 08:03:49,598 [Listener at localhost/38409] WARN  http.HttpRequestLog (HttpRequestLog.java:getRequestLog(103)) - Jetty request log can only be enabled using Log4j
2022-05-26 08:03:49,599 [Listener at localhost/38409] INFO  http.HttpServer2 (HttpServer2.java:addGlobalFilter(1030)) - Added global filter 'safety' (class=org.apache.hadoop.hdds.server.http.HttpServer2$QuotingInputFilter)
2022-05-26 08:03:49,599 [Listener at localhost/38409] INFO  http.HttpServer2 (HttpServer2.java:addFilter(1006)) - Added filter static_user_filter (class=org.apache.hadoop.http.lib.StaticUserWebFilter$StaticUserFilter) to context ozoneManager
2022-05-26 08:03:49,599 [Listener at localhost/38409] INFO  http.HttpServer2 (HttpServer2.java:addFilter(1014)) - Added filter static_user_filter (class=org.apache.hadoop.http.lib.StaticUserWebFilter$StaticUserFilter) to context static
2022-05-26 08:03:49,600 [Listener at localhost/38409] INFO  http.HttpServer2 (HttpServer2.java:addFilter(1014)) - Added filter static_user_filter (class=org.apache.hadoop.http.lib.StaticUserWebFilter$StaticUserFilter) to context logs
2022-05-26 08:03:49,600 [Listener at localhost/38409] INFO  http.HttpServer2 (HttpServer2.java:bindListener(1249)) - Jetty bound to port 35485
2022-05-26 08:03:49,600 [Listener at localhost/38409] INFO  server.Server (Server.java:doStart(375)) - jetty-9.4.43.v20210629; built: 2021-06-30T11:07:22.254Z; git: 526006ecfa3af7f1a27ef3a288e2bef7ea9dd7e8; jvm 1.8.0_332-b09
2022-05-26 08:03:49,601 [Listener at localhost/38409] INFO  server.session (DefaultSessionIdManager.java:doStart(334)) - DefaultSessionIdManager workerName=node0
2022-05-26 08:03:49,601 [Listener at localhost/38409] INFO  server.session (DefaultSessionIdManager.java:doStart(339)) - No SessionScavenger set, using defaults
2022-05-26 08:03:49,601 [Listener at localhost/38409] INFO  server.session (HouseKeeper.java:startScavenging(132)) - node0 Scavenging every 600000ms
2022-05-26 08:03:49,602 [Listener at localhost/38409] INFO  handler.ContextHandler (ContextHandler.java:doStart(915)) - Started o.e.j.s.ServletContextHandler@7049e176{logs,/logs,file:///home/runner/work/ozone/ozone/hadoop-ozone/integration-test/target/log,AVAILABLE}
2022-05-26 08:03:49,602 [Listener at localhost/38409] INFO  handler.ContextHandler (ContextHandler.java:doStart(915)) - Started o.e.j.s.ServletContextHandler@2b41dca7{static,/static,file:///home/runner/work/ozone/ozone/hadoop-ozone/integration-test/target/test-classes/webapps/static,AVAILABLE}
2022-05-26 08:03:49,604 [Listener at localhost/38409] INFO  handler.ContextHandler (ContextHandler.java:doStart(915)) - Started o.e.j.w.WebAppContext@788fdf40{ozoneManager,/,file:///home/runner/work/ozone/ozone/hadoop-ozone/integration-test/target/test-classes/webapps/ozoneManager/,AVAILABLE}{file:/home/runner/work/ozone/ozone/hadoop-ozone/integration-test/target/test-classes/webapps/ozoneManager}
2022-05-26 08:03:49,605 [Listener at localhost/38409] INFO  server.AbstractConnector (AbstractConnector.java:doStart(331)) - Started ServerConnector@3e12f767{HTTP/1.1, (http/1.1)}{0.0.0.0:35485}
2022-05-26 08:03:49,605 [Listener at localhost/38409] INFO  server.Server (Server.java:doStart(415)) - Started @91545ms
2022-05-26 08:03:49,605 [Listener at localhost/38409] WARN  impl.MetricsSystemImpl (MetricsSystemImpl.java:register(279)) - Sink prometheus already exists!
2022-05-26 08:03:49,606 [Listener at localhost/38409] INFO  http.BaseHttpServer (BaseHttpServer.java:updateConnectorAddress(329)) - HTTP server of ozoneManager listening at http://0.0.0.0:35485
2022-05-26 08:03:49,606 [IPC Server Responder] INFO  ipc.Server (Server.java:run(1507)) - IPC Server Responder: starting
2022-05-26 08:03:49,608 [IPC Server listener on 38409] INFO  ipc.Server (Server.java:run(1344)) - IPC Server listener on 38409: starting
2022-05-26 08:03:49,617 [Listener at localhost/38409] INFO  om.OzoneManager (OzoneManager.java:startTrashEmptier(1845)) - Trash Interval set to 0. Files deleted won't move to trash
2022-05-26 08:03:49,617 [Listener at localhost/38409] INFO  om.OzoneManager (OzoneManager.java:stop(1960)) - omNode-2[localhost:38277]: Stopping Ozone Manager
2022-05-26 08:03:49,617 [org.apache.hadoop.util.JvmPauseMonitor$Monitor@55ba52cc] INFO  util.JvmPauseMonitor (JvmPauseMonitor.java:run(188)) - Starting JVM pause monitor
2022-05-26 08:03:49,618 [Listener at localhost/38409] INFO  ipc.Server (Server.java:stop(3414)) - Stopping server on 38277
2022-05-26 08:03:49,619 [IPC Server listener on 38277] INFO  ipc.Server (Server.java:run(1376)) - Stopping IPC Server listener on 38277
2022-05-26 08:03:49,619 [IPC Server Responder] INFO  ipc.Server (Server.java:run(1512)) - Stopping IPC Server Responder
2022-05-26 08:03:49,619 [Listener at localhost/38409] INFO  server.RaftServer (RaftServerProxy.java:lambda$close$7(398)) - omNode-2: close
2022-05-26 08:03:49,620 [Listener at localhost/38409] INFO  server.RaftServer$Division (RaftServerImpl.java:lambda$close$4(434)) - omNode-2@group-523986131536: shutdown
2022-05-26 08:03:49,620 [Listener at localhost/38409] INFO  util.JmxRegister (JmxRegister.java:unregister(73)) - Successfully un-registered JMX Bean with object name Ratis:service=RaftServer,group=group-523986131536,id=omNode-2
2022-05-26 08:03:49,620 [Listener at localhost/38409] INFO  impl.RoleInfo (RoleInfo.java:shutdownFollowerState(110)) - omNode-2: shutdown omNode-2@group-523986131536-FollowerState
2022-05-26 08:03:49,620 [Listener at localhost/38409] INFO  impl.StateMachineUpdater (StateMachineUpdater.java:stopAndJoin(153)) - omNode-2@group-523986131536-StateMachineUpdater: set stopIndex = 38
2022-05-26 08:03:49,620 [omNode-2@group-523986131536-StateMachineUpdater] INFO  ratis.OzoneManagerStateMachine (OzoneManagerStateMachine.java:takeSnapshot(436)) - Current Snapshot Index (t:9, i:38)
2022-05-26 08:03:49,621 [omNode-2@group-523986131536-StateMachineUpdater] INFO  impl.StateMachineUpdater (StateMachineUpdater.java:takeSnapshot(287)) - omNode-2@group-523986131536-StateMachineUpdater: Took a snapshot at index 38
2022-05-26 08:03:49,621 [omNode-2@group-523986131536-StateMachineUpdater] INFO  impl.StateMachineUpdater (StateMachineUpdater.java:lambda$new$0(92)) - omNode-2@group-523986131536-StateMachineUpdater: snapshotIndex: updateIncreasingly 36 -> 38
2022-05-26 08:03:49,621 [omNode-2@group-523986131536-StateMachineUpdater] INFO  ratis.OzoneManagerStateMachine (OzoneManagerStateMachine.java:close(490)) - StateMachine has shutdown. Shutdown OzoneManager if not already shutdown.
2022-05-26 08:03:49,621 [omNode-2@group-523986131536-StateMachineUpdater] INFO  ratis.OzoneManagerDoubleBuffer (OzoneManagerDoubleBuffer.java:stop(465)) - Stopping OMDoubleBuffer flush thread
2022-05-26 08:03:49,620 [omNode-2@group-523986131536-FollowerState] INFO  impl.FollowerState (FollowerState.java:run(152)) - omNode-2@group-523986131536-FollowerState was interrupted
2022-05-26 08:03:49,621 [OMDoubleBufferFlushThread] INFO  ratis.OzoneManagerDoubleBuffer (OzoneManagerDoubleBuffer.java:flushTransactions(385)) - OMDoubleBuffer flush thread OMDoubleBufferFlushThread is interrupted and will exit.
2022-05-26 08:03:49,621 [Listener at localhost/38409] INFO  server.RaftServer$Division (ServerState.java:close(429)) - omNode-2@group-523986131536: closes. applyIndex: 38
2022-05-26 08:03:49,622 [omNode-2@group-523986131536-SegmentedRaftLogWorker] INFO  segmented.SegmentedRaftLogWorker (SegmentedRaftLogWorker.java:run(336)) - omNode-2@group-523986131536-SegmentedRaftLogWorker was interrupted, exiting. There are 0 tasks remaining in the queue.
2022-05-26 08:03:49,622 [Listener at localhost/38409] INFO  segmented.SegmentedRaftLogWorker (SegmentedRaftLogWorker.java:close(246)) - omNode-2@group-523986131536-SegmentedRaftLogWorker close()
2022-05-26 08:03:49,623 [Listener at localhost/38409] INFO  server.GrpcService (GrpcService.java:closeImpl(269)) - omNode-2: shutdown server with port 37413 now
2022-05-26 08:03:49,624 [Listener at localhost/38409] INFO  server.GrpcService (GrpcService.java:closeImpl(278)) - omNode-2: shutdown server with port 37413 successfully
2022-05-26 08:03:49,624 [org.apache.ratis.util.JvmPauseMonitor$$Lambda$691/456821109@3d860a6d] INFO  util.JvmPauseMonitor (JvmPauseMonitor.java:run(109)) - JvmPauseMonitor-omNode-2: Stopped
2022-05-26 08:03:49,624 [Listener at localhost/38409] INFO  ratis.OzoneManagerStateMachine (OzoneManagerStateMachine.java:close(490)) - StateMachine has shutdown. Shutdown OzoneManager if not already shutdown.
2022-05-26 08:03:49,624 [Listener at localhost/38409] INFO  ratis.OzoneManagerDoubleBuffer (OzoneManagerDoubleBuffer.java:stop(477)) - OMDoubleBuffer flush thread is not running.
2022-05-26 08:03:49,625 [Listener at localhost/38409] INFO  handler.ContextHandler (ContextHandler.java:doStop(1153)) - Stopped o.e.j.w.WebAppContext@79000d1a{ozoneManager,/,null,STOPPED}{file:/home/runner/work/ozone/ozone/hadoop-ozone/integration-test/target/test-classes/webapps/ozoneManager}
2022-05-26 08:03:49,625 [Listener at localhost/38409] INFO  server.AbstractConnector (AbstractConnector.java:doStop(381)) - Stopped ServerConnector@73e3e7da{HTTP/1.1, (http/1.1)}{0.0.0.0:45205}
2022-05-26 08:03:49,625 [Listener at localhost/38409] INFO  server.session (HouseKeeper.java:stopScavenging(149)) - node0 Stopped scavenging
2022-05-26 08:03:49,626 [Listener at localhost/38409] INFO  handler.ContextHandler (ContextHandler.java:doStop(1153)) - Stopped o.e.j.s.ServletContextHandler@17a7842f{static,/static,file:///home/runner/work/ozone/ozone/hadoop-ozone/integration-test/target/test-classes/webapps/static,STOPPED}
2022-05-26 08:03:49,626 [Listener at localhost/38409] INFO  handler.ContextHandler (ContextHandler.java:doStop(1153)) - Stopped o.e.j.s.ServletContextHandler@2f024c1{logs,/logs,file:///home/runner/work/ozone/ozone/hadoop-ozone/integration-test/target/log,STOPPED}
2022-05-26 08:03:49,627 [Listener at localhost/38409] INFO  om.OzoneManager (OzoneManager.java:restart(1497)) - OzoneManager RPC server is listening at localhost/127.0.0.1:38277
2022-05-26 08:03:49,627 [Listener at localhost/38409] INFO  impl.MetricsSystemImpl (MetricsSystemImpl.java:init(158)) - OzoneManager metrics system started (again)
2022-05-26 08:03:49,639 [Listener at localhost/38409] WARN  server.ServerUtils (ServerUtils.java:getDBPath(225)) - ozone.om.db.dirs is not configured. We recommend adding this setting. Falling back to ozone.metadata.dirs instead.
2022-05-26 08:03:49,640 [Listener at localhost/38409] INFO  codec.OmKeyInfoCodec (OmKeyInfoCodec.java:<init>(49)) - OmKeyInfoCodec ignorePipeline = true
2022-05-26 08:03:49,640 [Listener at localhost/38409] INFO  codec.RepeatedOmKeyInfoCodec (RepeatedOmKeyInfoCodec.java:<init>(41)) - RepeatedOmKeyInfoCodec ignorePipeline = true
2022-05-26 08:03:49,676 [Listener at localhost/38409] WARN  impl.MetricRegistriesImpl (MetricRegistriesImpl.java:addReporterRegistration(111)) - New reporters are added after registries were created. Some metrics will be missing from the reporter. Please add reporter before adding any new registry.
2022-05-26 08:03:49,676 [Listener at localhost/38409] WARN  impl.MetricRegistriesImpl (MetricRegistriesImpl.java:addReporterRegistration(111)) - New reporters are added after registries were created. Some metrics will be missing from the reporter. Please add reporter before adding any new registry.
2022-05-26 08:03:49,676 [Listener at localhost/38409] WARN  server.ServerUtils (ServerUtils.java:getDefaultRatisDirectory(237)) - Storage directory for Ratis is not configured. It is a good idea to map this to an SSD disk. Falling back to ozone.metadata.dirs
2022-05-26 08:03:49,677 [Listener at localhost/38409] INFO  ratis.OzoneManagerRatisServer (OzoneManagerRatisServer.java:<init>(159)) - Instantiating OM Ratis server with groupID: om-service-test1 and peers: localhost:37413, localhost:42233, localhost:40183
2022-05-26 08:03:49,677 [Listener at localhost/38409] INFO  ratis.OzoneManagerStateMachine (OzoneManagerStateMachine.java:loadSnapshotInfoFromDB(627)) - LastAppliedIndex is set from TransactionInfo from OM DB as (t:9, i:38)
2022-05-26 08:03:49,677 [Listener at localhost/38409] INFO  server.RaftServer (ConfUtils.java:logGet(46)) - raft.rpc.type = GRPC (default)
2022-05-26 08:03:49,678 [Listener at localhost/38409] INFO  grpc.GrpcFactory (GrpcFactory.java:checkPooledByteBufAllocatorUseCacheForAllThreads(48)) - PERFORMANCE WARNING: useCacheForAllThreads is true that may cause Netty to create a lot garbage objects and, as a result, trigger GC.
	It is recommended to disable useCacheForAllThreads by setting -Dorg.apache.ratis.thirdparty.io.netty.allocator.useCacheForAllThreads=false in command line.
2022-05-26 08:03:49,678 [Listener at localhost/38409] INFO  grpc.GrpcConfigKeys (ConfUtils.java:logGet(46)) - raft.grpc.admin.port = -1 (default)
2022-05-26 08:03:49,678 [Listener at localhost/38409] INFO  grpc.GrpcConfigKeys (ConfUtils.java:logGet(46)) - raft.grpc.server.port = 37413 (custom)
2022-05-26 08:03:49,678 [Listener at localhost/38409] INFO  grpc.GrpcConfigKeys (ConfUtils.java:logGet(46)) - raft.grpc.client.port = -1 (default)
2022-05-26 08:03:49,678 [Listener at localhost/38409] INFO  grpc.GrpcConfigKeys (ConfUtils.java:logGet(46)) - raft.grpc.server.port = 37413 (custom)
2022-05-26 08:03:49,678 [Listener at localhost/38409] INFO  grpc.GrpcConfigKeys (ConfUtils.java:logGet(46)) - raft.grpc.server.port = 37413 (custom)
2022-05-26 08:03:49,678 [Listener at localhost/38409] INFO  server.GrpcService (ConfUtils.java:logGet(46)) - raft.grpc.message.size.max = 33554432 (custom)
2022-05-26 08:03:49,678 [Listener at localhost/38409] INFO  server.RaftServerConfigKeys (ConfUtils.java:logGet(46)) - raft.server.log.appender.buffer.byte-limit = 33554432 (custom)
2022-05-26 08:03:49,678 [Listener at localhost/38409] INFO  server.GrpcService (ConfUtils.java:logGet(46)) - raft.grpc.flow.control.window = 1MB (=1048576) (default)
2022-05-26 08:03:49,679 [Listener at localhost/38409] INFO  server.RaftServerConfigKeys (ConfUtils.java:logGet(46)) - raft.server.rpc.request.timeout = 3000ms (default)
2022-05-26 08:03:49,679 [Listener at localhost/38409] INFO  grpc.GrpcConfigKeys (ConfUtils.java:logGet(46)) - raft.grpc.server.async.request.thread.pool.cached = true (default)
2022-05-26 08:03:49,679 [Listener at localhost/38409] INFO  grpc.GrpcConfigKeys (ConfUtils.java:logGet(46)) - raft.grpc.server.async.request.thread.pool.size = 32 (default)
2022-05-26 08:03:49,680 [Listener at localhost/38409] INFO  impl.DataStreamServerImpl (ConfUtils.java:logGet(46)) - raft.datastream.type = DISABLED (default)
2022-05-26 08:03:49,680 [Listener at localhost/38409] INFO  server.RaftServerConfigKeys (ConfUtils.java:logGet(46)) - raft.server.threadpool.proxy.cached = true (default)
2022-05-26 08:03:49,680 [Listener at localhost/38409] INFO  server.RaftServerConfigKeys (ConfUtils.java:logGet(46)) - raft.server.threadpool.proxy.size = 0 (default)
2022-05-26 08:03:49,680 [Listener at localhost/38409] INFO  server.RaftServerConfigKeys (ConfUtils.java:logGet(46)) - raft.server.rpc.slowness.timeout = 2s (custom)
2022-05-26 08:03:49,680 [Listener at localhost/38409] INFO  server.RaftServerConfigKeys (ConfUtils.java:logGet(46)) - raft.server.leaderelection.leader.step-down.wait-time = 10s (default)
2022-05-26 08:03:49,681 [Listener at localhost/38409] INFO  server.RaftServerConfigKeys (ConfUtils.java:logGet(46)) - raft.server.storage.dir = [/home/runner/work/ozone/ozone/hadoop-ozone/integration-test/target/test-dir/MiniOzoneClusterImpl-17bb6255-4ab1-443a-98be-5fd7627ecb82/omNode-2/ratis] (custom)
2022-05-26 08:03:49,681 [omNode-2-impl-thread1] INFO  server.RaftServer (RaftServerProxy.java:initGroupDir(247)) - omNode-2: found a subdirectory /home/runner/work/ozone/ozone/hadoop-ozone/integration-test/target/test-dir/MiniOzoneClusterImpl-17bb6255-4ab1-443a-98be-5fd7627ecb82/omNode-2/ratis/c9bc4cf4-3bc3-3c60-a66b-523986131536
2022-05-26 08:03:49,681 [Listener at localhost/38409] INFO  server.RaftServer (RaftServerProxy.java:addNew(96)) - omNode-2: addNew group-523986131536:[omNode-3|rpc:localhost:42233|priority:0, omNode-1|rpc:localhost:40183|priority:0, omNode-2|rpc:localhost:37413|priority:0] returns group-523986131536:java.util.concurrent.CompletableFuture@4e690bc9[Not completed]
2022-05-26 08:03:49,681 [pool-677-thread-1] INFO  server.RaftServer$Division (RaftServerImpl.java:<init>(190)) - omNode-2: new RaftServerImpl for group-523986131536:[omNode-3|rpc:localhost:42233|priority:0, omNode-1|rpc:localhost:40183|priority:0, omNode-2|rpc:localhost:37413|priority:0] with OzoneManagerStateMachine:uninitialized
2022-05-26 08:03:49,681 [Listener at localhost/38409] INFO  om.OzoneManager (OzoneManager.java:initializeRatisServer(1901)) - OzoneManager Ratis server initialized at port 37413
2022-05-26 08:03:49,681 [pool-677-thread-1] INFO  server.RaftServerConfigKeys (ConfUtils.java:logGet(46)) - raft.server.rpc.timeout.min = 1s (custom)
2022-05-26 08:03:49,681 [Listener at localhost/38409] INFO  ratis.OzoneManagerRatisServer (OzoneManagerRatisServer.java:start(554)) - Starting OzoneManagerRatisServer omNode-2 at port 37413
2022-05-26 08:03:49,682 [pool-677-thread-1] INFO  server.RaftServerConfigKeys (ConfUtils.java:logGet(46)) - raft.server.rpc.timeout.max = 1200ms (custom)
2022-05-26 08:03:49,682 [pool-677-thread-1] INFO  server.RaftServerConfigKeys (ConfUtils.java:logGet(46)) - raft.server.rpc.sleep.time = 25ms (default)
2022-05-26 08:03:49,682 [pool-677-thread-1] INFO  server.RaftServerConfigKeys (ConfUtils.java:logGet(46)) - raft.server.rpc.slowness.timeout = 2s (custom)
2022-05-26 08:03:49,682 [pool-677-thread-1] INFO  server.RaftServerConfigKeys (ConfUtils.java:logGet(46)) - raft.server.leaderelection.leader.step-down.wait-time = 10s (default)
2022-05-26 08:03:49,682 [pool-677-thread-1] INFO  server.RaftServerConfigKeys (ConfUtils.java:logGet(46)) - raft.server.sleep.deviation.threshold = 300ms (default)
2022-05-26 08:03:49,682 [pool-677-thread-1] INFO  server.RaftServer$Division (ServerState.java:<init>(107)) - omNode-2@group-523986131536: ConfigurationManager, init=-1: [omNode-3|rpc:localhost:42233|priority:0, omNode-1|rpc:localhost:40183|priority:0, omNode-2|rpc:localhost:37413|priority:0], old=null, confs=<EMPTY_MAP>
2022-05-26 08:03:49,682 [pool-677-thread-1] INFO  server.RaftServerConfigKeys (ConfUtils.java:logGet(46)) - raft.server.storage.dir = [/home/runner/work/ozone/ozone/hadoop-ozone/integration-test/target/test-dir/MiniOzoneClusterImpl-17bb6255-4ab1-443a-98be-5fd7627ecb82/omNode-2/ratis] (custom)
2022-05-26 08:03:49,682 [pool-677-thread-1] INFO  server.RaftServerConfigKeys (ConfUtils.java:logGet(46)) - raft.server.log.corruption.policy = EXCEPTION (default)
2022-05-26 08:03:49,682 [pool-677-thread-1] INFO  server.RaftServerConfigKeys (ConfUtils.java:logGet(46)) - raft.server.storage.free-space.min = 0MB (=0) (default)
2022-05-26 08:03:49,683 [pool-677-thread-1] INFO  storage.RaftStorageDirectory (RaftStorageDirectoryImpl.java:tryLock(230)) - Lock on /home/runner/work/ozone/ozone/hadoop-ozone/integration-test/target/test-dir/MiniOzoneClusterImpl-17bb6255-4ab1-443a-98be-5fd7627ecb82/omNode-2/ratis/c9bc4cf4-3bc3-3c60-a66b-523986131536/in_use.lock acquired by nodename 18146@fv-az35-51
2022-05-26 08:03:49,683 [pool-677-thread-1] INFO  storage.RaftStorage (RaftStorageImpl.java:analyzeAndRecoverStorage(110)) - Read RaftStorageMetadata{term=9, votedFor=omNode-1} from /home/runner/work/ozone/ozone/hadoop-ozone/integration-test/target/test-dir/MiniOzoneClusterImpl-17bb6255-4ab1-443a-98be-5fd7627ecb82/omNode-2/ratis/c9bc4cf4-3bc3-3c60-a66b-523986131536/current/raft-meta
2022-05-26 08:03:49,683 [pool-677-thread-1] INFO  server.RaftServer$Division (ServerState.java:setRaftConf(393)) - omNode-2@group-523986131536: set configuration 37: [omNode-3|rpc:localhost:42233|admin:|client:|dataStream:|priority:0, omNode-1|rpc:localhost:40183|admin:|client:|dataStream:|priority:0, omNode-2|rpc:localhost:37413|admin:|client:|dataStream:|priority:0], old=null
2022-05-26 08:03:49,683 [pool-677-thread-1] INFO  server.RaftServerConfigKeys (ConfUtils.java:logGet(46)) - raft.server.notification.no-leader.timeout = 2s (custom)
2022-05-26 08:03:49,683 [pool-677-thread-1] INFO  server.RaftServerConfigKeys (ConfUtils.java:logGet(46)) - raft.server.log.use.memory = false (default)
2022-05-26 08:03:49,684 [pool-677-thread-1] INFO  server.RaftServerConfigKeys (ConfUtils.java:logGet(46)) - raft.server.log.purge.gap = 50 (custom)
2022-05-26 08:03:49,684 [pool-677-thread-1] INFO  server.RaftServerConfigKeys (ConfUtils.java:logGet(46)) - raft.server.log.appender.buffer.byte-limit = 33554432 (custom)
2022-05-26 08:03:49,684 [pool-677-thread-1] INFO  server.RaftServerConfigKeys (ConfUtils.java:logGet(46)) - raft.server.log.statemachine.data.read.timeout = 1000ms (default)
2022-05-26 08:03:49,684 [pool-677-thread-1] INFO  server.RaftServerConfigKeys (ConfUtils.java:logGet(46)) - raft.server.log.segment.size.max = 4194304 (custom)
2022-05-26 08:03:49,684 [pool-677-thread-1] INFO  server.RaftServerConfigKeys (ConfUtils.java:logGet(46)) - raft.server.log.segment.cache.num.max = 2 (custom)
2022-05-26 08:03:49,684 [pool-677-thread-1] INFO  server.RaftServerConfigKeys (ConfUtils.java:logGet(46)) - raft.server.log.segment.cache.size.max = 200MB (=209715200) (default)
2022-05-26 08:03:49,684 [pool-677-thread-1] INFO  segmented.SegmentedRaftLogWorker (SegmentedRaftLogWorker.java:<init>(187)) - new omNode-2@group-523986131536-SegmentedRaftLogWorker for RaftStorageImpl:Storage Directory /home/runner/work/ozone/ozone/hadoop-ozone/integration-test/target/test-dir/MiniOzoneClusterImpl-17bb6255-4ab1-443a-98be-5fd7627ecb82/omNode-2/ratis/c9bc4cf4-3bc3-3c60-a66b-523986131536
2022-05-26 08:03:49,684 [pool-677-thread-1] INFO  server.RaftServerConfigKeys (ConfUtils.java:logGet(46)) - raft.server.log.queue.byte-limit = 64MB (=67108864) (default)
2022-05-26 08:03:49,684 [pool-677-thread-1] INFO  server.RaftServerConfigKeys (ConfUtils.java:logGet(46)) - raft.server.log.queue.element-limit = 4096 (default)
2022-05-26 08:03:49,684 [pool-677-thread-1] INFO  server.RaftServerConfigKeys (ConfUtils.java:logGet(46)) - raft.server.log.segment.size.max = 4194304 (custom)
2022-05-26 08:03:49,684 [pool-677-thread-1] INFO  server.RaftServerConfigKeys (ConfUtils.java:logGet(46)) - raft.server.log.preallocated.size = 4194304 (custom)
2022-05-26 08:03:49,684 [pool-677-thread-1] INFO  server.RaftServerConfigKeys (ConfUtils.java:logGet(46)) - raft.server.log.force.sync.num = 128 (default)
2022-05-26 08:03:49,685 [pool-677-thread-1] INFO  server.RaftServerConfigKeys (ConfUtils.java:logGet(46)) - raft.server.log.statemachine.data.sync = true (default)
2022-05-26 08:03:49,685 [pool-677-thread-1] INFO  server.RaftServerConfigKeys (ConfUtils.java:logGet(46)) - raft.server.log.statemachine.data.sync.timeout = 10s (default)
2022-05-26 08:03:49,685 [pool-677-thread-1] INFO  server.RaftServerConfigKeys (ConfUtils.java:logGet(46)) - raft.server.log.statemachine.data.sync.timeout.retry = -1 (default)
2022-05-26 08:03:49,686 [pool-677-thread-1] INFO  server.RaftServerConfigKeys (ConfUtils.java:logGet(46)) - raft.server.log.write.buffer.size = 64KB (=65536) (default)
2022-05-26 08:03:49,686 [pool-677-thread-1] INFO  server.RaftServerConfigKeys (ConfUtils.java:logGet(46)) - raft.server.log.unsafe-flush.enabled = false (default)
2022-05-26 08:03:49,686 [pool-677-thread-1] INFO  server.RaftServerConfigKeys (ConfUtils.java:logGet(46)) - raft.server.log.statemachine.data.caching.enabled = false (default)
2022-05-26 08:03:49,687 [pool-677-thread-1] INFO  server.RaftServer$Division (ServerState.java:setRaftConf(393)) - omNode-2@group-523986131536: set configuration 0: [omNode-3|rpc:localhost:42233|admin:|client:|dataStream:|priority:0, omNode-1|rpc:localhost:40183|admin:|client:|dataStream:|priority:0, omNode-2|rpc:localhost:37413|admin:|client:|dataStream:|priority:0], old=null
2022-05-26 08:03:49,687 [pool-677-thread-1] INFO  segmented.LogSegment (LogSegment.java:loadSegment(173)) - Successfully read 7 entries from segment file /home/runner/work/ozone/ozone/hadoop-ozone/integration-test/target/test-dir/MiniOzoneClusterImpl-17bb6255-4ab1-443a-98be-5fd7627ecb82/omNode-2/ratis/c9bc4cf4-3bc3-3c60-a66b-523986131536/current/log_0-6
2022-05-26 08:03:49,687 [pool-677-thread-1] INFO  server.RaftServer$Division (ServerState.java:setRaftConf(393)) - omNode-2@group-523986131536: set configuration 7: [omNode-3|rpc:localhost:42233|admin:|client:|dataStream:|priority:0, omNode-1|rpc:localhost:40183|admin:|client:|dataStream:|priority:0, omNode-2|rpc:localhost:37413|admin:|client:|dataStream:|priority:0], old=null
2022-05-26 08:03:49,687 [pool-677-thread-1] INFO  segmented.LogSegment (LogSegment.java:loadSegment(173)) - Successfully read 8 entries from segment file /home/runner/work/ozone/ozone/hadoop-ozone/integration-test/target/test-dir/MiniOzoneClusterImpl-17bb6255-4ab1-443a-98be-5fd7627ecb82/omNode-2/ratis/c9bc4cf4-3bc3-3c60-a66b-523986131536/current/log_7-14
2022-05-26 08:03:49,687 [pool-677-thread-1] INFO  server.RaftServer$Division (ServerState.java:setRaftConf(393)) - omNode-2@group-523986131536: set configuration 15: [omNode-3|rpc:localhost:42233|admin:|client:|dataStream:|priority:0, omNode-1|rpc:localhost:40183|admin:|client:|dataStream:|priority:0, omNode-2|rpc:localhost:37413|admin:|client:|dataStream:|priority:0], old=null
2022-05-26 08:03:49,687 [pool-677-thread-1] INFO  segmented.LogSegment (LogSegment.java:loadSegment(173)) - Successfully read 12 entries from segment file /home/runner/work/ozone/ozone/hadoop-ozone/integration-test/target/test-dir/MiniOzoneClusterImpl-17bb6255-4ab1-443a-98be-5fd7627ecb82/omNode-2/ratis/c9bc4cf4-3bc3-3c60-a66b-523986131536/current/log_15-26
2022-05-26 08:03:49,688 [pool-677-thread-1] INFO  server.RaftServer$Division (ServerState.java:setRaftConf(393)) - omNode-2@group-523986131536: set configuration 27: [omNode-3|rpc:localhost:42233|admin:|client:|dataStream:|priority:0, omNode-1|rpc:localhost:40183|admin:|client:|dataStream:|priority:0, omNode-2|rpc:localhost:37413|admin:|client:|dataStream:|priority:0], old=null
2022-05-26 08:03:49,688 [pool-677-thread-1] INFO  segmented.LogSegment (LogSegment.java:loadSegment(173)) - Successfully read 4 entries from segment file /home/runner/work/ozone/ozone/hadoop-ozone/integration-test/target/test-dir/MiniOzoneClusterImpl-17bb6255-4ab1-443a-98be-5fd7627ecb82/omNode-2/ratis/c9bc4cf4-3bc3-3c60-a66b-523986131536/current/log_27-30
2022-05-26 08:03:49,688 [pool-677-thread-1] INFO  server.RaftServer$Division (ServerState.java:setRaftConf(393)) - omNode-2@group-523986131536: set configuration 31: [omNode-3|rpc:localhost:42233|admin:|client:|dataStream:|priority:0, omNode-1|rpc:localhost:40183|admin:|client:|dataStream:|priority:0, omNode-2|rpc:localhost:37413|admin:|client:|dataStream:|priority:0], old=null
2022-05-26 08:03:49,688 [pool-677-thread-1] INFO  segmented.LogSegment (LogSegment.java:loadSegment(173)) - Successfully read 4 entries from segment file /home/runner/work/ozone/ozone/hadoop-ozone/integration-test/target/test-dir/MiniOzoneClusterImpl-17bb6255-4ab1-443a-98be-5fd7627ecb82/omNode-2/ratis/c9bc4cf4-3bc3-3c60-a66b-523986131536/current/log_31-34
2022-05-26 08:03:49,688 [pool-677-thread-1] INFO  server.RaftServer$Division (ServerState.java:setRaftConf(393)) - omNode-2@group-523986131536: set configuration 35: [omNode-3|rpc:localhost:42233|admin:|client:|dataStream:|priority:0, omNode-1|rpc:localhost:40183|admin:|client:|dataStream:|priority:0, omNode-2|rpc:localhost:37413|admin:|client:|dataStream:|priority:0], old=null
2022-05-26 08:03:49,688 [pool-677-thread-1] INFO  segmented.LogSegment (LogSegment.java:loadSegment(173)) - Successfully read 2 entries from segment file /home/runner/work/ozone/ozone/hadoop-ozone/integration-test/target/test-dir/MiniOzoneClusterImpl-17bb6255-4ab1-443a-98be-5fd7627ecb82/omNode-2/ratis/c9bc4cf4-3bc3-3c60-a66b-523986131536/current/log_35-36
2022-05-26 08:03:49,688 [pool-677-thread-1] INFO  server.RaftServer$Division (ServerState.java:setRaftConf(393)) - omNode-2@group-523986131536: set configuration 37: [omNode-3|rpc:localhost:42233|admin:|client:|dataStream:|priority:0, omNode-1|rpc:localhost:40183|admin:|client:|dataStream:|priority:0, omNode-2|rpc:localhost:37413|admin:|client:|dataStream:|priority:0], old=null
2022-05-26 08:03:49,688 [pool-677-thread-1] INFO  segmented.LogSegment (LogSegment.java:loadSegment(173)) - Successfully read 2 entries from segment file /home/runner/work/ozone/ozone/hadoop-ozone/integration-test/target/test-dir/MiniOzoneClusterImpl-17bb6255-4ab1-443a-98be-5fd7627ecb82/omNode-2/ratis/c9bc4cf4-3bc3-3c60-a66b-523986131536/current/log_inprogress_37
2022-05-26 08:03:49,688 [pool-677-thread-1] INFO  segmented.SegmentedRaftLogWorker (SegmentedRaftLogWorker.java:lambda$new$0(135)) - omNode-2@group-523986131536-SegmentedRaftLogWorker: flushIndex: setUnconditionally 0 -> 38
2022-05-26 08:03:49,688 [pool-677-thread-1] INFO  segmented.SegmentedRaftLogWorker (SegmentedRaftLogWorker.java:lambda$new$0(135)) - omNode-2@group-523986131536-SegmentedRaftLogWorker: safeCacheEvictIndex: setUnconditionally 0 -> 36
2022-05-26 08:03:49,689 [pool-677-thread-1] INFO  raftlog.RaftLog (RaftLogBase.java:lambda$new$0(53)) - omNode-2@group-523986131536-SegmentedRaftLog: commitIndex: updateToMax old=38, new=37, updated? false
2022-05-26 08:03:49,689 [pool-677-thread-1] INFO  server.RaftServerConfigKeys (ConfUtils.java:logGet(46)) - raft.server.snapshot.auto.trigger.enabled = true (custom)
2022-05-26 08:03:49,689 [pool-677-thread-1] INFO  server.RaftServerConfigKeys (ConfUtils.java:logGet(46)) - raft.server.snapshot.auto.trigger.threshold = 50 (custom)
2022-05-26 08:03:49,689 [pool-677-thread-1] INFO  server.RaftServerConfigKeys (ConfUtils.java:logGet(46)) - raft.server.snapshot.retention.file.num = -1 (default)
2022-05-26 08:03:49,689 [pool-677-thread-1] INFO  server.RaftServerConfigKeys (ConfUtils.java:logGet(46)) - raft.server.log.purge.upto.snapshot.index = true (custom)
2022-05-26 08:03:49,689 [pool-677-thread-1] INFO  server.RaftServerConfigKeys (ConfUtils.java:logGet(46)) - raft.server.retrycache.expirytime = 30000ms (custom)
2022-05-26 08:03:49,689 [pool-677-thread-1] INFO  server.RaftServerConfigKeys (ConfUtils.java:logGet(46)) - raft.server.retrycache.statistics.expirytime = 100μs (default)
2022-05-26 08:03:49,690 [pool-677-thread-1] INFO  server.RaftServerConfigKeys (ConfUtils.java:logGet(46)) - raft.server.log.appender.install.snapshot.enabled = false (custom)
2022-05-26 08:03:49,690 [pool-677-thread-1] INFO  server.RaftServerConfigKeys (ConfUtils.java:logGet(46)) - raft.server.threadpool.server.cached = true (default)
2022-05-26 08:03:49,690 [pool-677-thread-1] INFO  server.RaftServerConfigKeys (ConfUtils.java:logGet(46)) - raft.server.threadpool.server.size = 0 (default)
2022-05-26 08:03:49,690 [pool-677-thread-1] INFO  server.RaftServerConfigKeys (ConfUtils.java:logGet(46)) - raft.server.threadpool.client.cached = true (default)
2022-05-26 08:03:49,690 [pool-677-thread-1] INFO  server.RaftServerConfigKeys (ConfUtils.java:logGet(46)) - raft.server.threadpool.client.size = 0 (default)
2022-05-26 08:03:49,692 [omNode-2-impl-thread1] INFO  server.RaftServer$Division (RaftServerImpl.java:start(310)) - omNode-2@group-523986131536: start as a follower, conf=37: [omNode-3|rpc:localhost:42233|admin:|client:|dataStream:|priority:0, omNode-1|rpc:localhost:40183|admin:|client:|dataStream:|priority:0, omNode-2|rpc:localhost:37413|admin:|client:|dataStream:|priority:0], old=null
2022-05-26 08:03:49,692 [omNode-2-impl-thread1] INFO  server.RaftServer$Division (RaftServerImpl.java:setRole(299)) - omNode-2@group-523986131536: changes role from      null to FOLLOWER at term 9 for startAsFollower
2022-05-26 08:03:49,692 [omNode-2-impl-thread1] INFO  impl.RoleInfo (RoleInfo.java:updateAndGet(139)) - omNode-2: start omNode-2@group-523986131536-FollowerState
2022-05-26 08:03:49,692 [omNode-2-impl-thread1] INFO  util.JmxRegister (JmxRegister.java:tryRegister(44)) - Successfully registered JMX Bean with object name Ratis:service=RaftServer,group=group-523986131536,id=omNode-2
2022-05-26 08:03:49,693 [Listener at localhost/38409] INFO  server.RaftServer (RaftServerProxy.java:lambda$start$6(382)) - omNode-2: start RPC server
2022-05-26 08:03:49,696 [Listener at localhost/38409] INFO  server.GrpcService (GrpcService.java:startImpl(260)) - omNode-2: GrpcService started, listening on 37413
2022-05-26 08:03:49,697 [Listener at localhost/38409] INFO  om.OzoneManager (OzoneManager.java:getRpcServer(1030)) - Creating RPC Server
2022-05-26 08:03:49,697 [org.apache.ratis.util.JvmPauseMonitor$$Lambda$691/456821109@73343438] INFO  util.JvmPauseMonitor (JvmPauseMonitor.java:run(103)) - JvmPauseMonitor-omNode-2: Started
2022-05-26 08:03:49,982 [Listener at localhost/38409] INFO  reflections.Reflections (Reflections.java:scan(232)) - Reflections took 285 ms to scan 19 urls, producing 61 keys and 3747 values [using 2 cores]
2022-05-26 08:03:49,984 [Listener at localhost/38409] INFO  ipc.CallQueueManager (CallQueueManager.java:<init>(90)) - Using callQueue: class java.util.concurrent.LinkedBlockingQueue, queueCapacity: 2000, scheduler: class org.apache.hadoop.ipc.DefaultRpcScheduler, ipcBackoff: false.
2022-05-26 08:03:49,984 [Socket Reader #1 for port 38277] INFO  ipc.Server (Server.java:run(1265)) - Starting Socket Reader #1 for port 38277
2022-05-26 08:03:49,989 [Listener at localhost/38277] INFO  http.BaseHttpServer (BaseHttpServer.java:newHttpServer2BuilderForOzone(209)) - Starting Web-server for ozoneManager at: http://0.0.0.0:45205
2022-05-26 08:03:49,989 [Listener at localhost/38277] INFO  http.BaseHttpServer (BaseHttpServer.java:<init>(107)) - Hadoop Security Enabled: false Ozone Security Enabled: false Ozone HTTP Security Enabled: false 
2022-05-26 08:03:49,990 [Listener at localhost/38277] INFO  server.AuthenticationFilter (AuthenticationFilter.java:constructSecretProvider(240)) - Unable to initialize FileSignerSecretProvider, falling back to use random secrets.
2022-05-26 08:03:49,990 [Listener at localhost/38277] WARN  http.HttpRequestLog (HttpRequestLog.java:getRequestLog(103)) - Jetty request log can only be enabled using Log4j
2022-05-26 08:03:49,991 [Listener at localhost/38277] INFO  http.HttpServer2 (HttpServer2.java:addGlobalFilter(1030)) - Added global filter 'safety' (class=org.apache.hadoop.hdds.server.http.HttpServer2$QuotingInputFilter)
2022-05-26 08:03:49,992 [Listener at localhost/38277] INFO  http.HttpServer2 (HttpServer2.java:addFilter(1006)) - Added filter static_user_filter (class=org.apache.hadoop.http.lib.StaticUserWebFilter$StaticUserFilter) to context ozoneManager
2022-05-26 08:03:49,992 [Listener at localhost/38277] INFO  http.HttpServer2 (HttpServer2.java:addFilter(1014)) - Added filter static_user_filter (class=org.apache.hadoop.http.lib.StaticUserWebFilter$StaticUserFilter) to context static
2022-05-26 08:03:49,992 [Listener at localhost/38277] INFO  http.HttpServer2 (HttpServer2.java:addFilter(1014)) - Added filter static_user_filter (class=org.apache.hadoop.http.lib.StaticUserWebFilter$StaticUserFilter) to context logs
2022-05-26 08:03:49,992 [Listener at localhost/38277] INFO  http.HttpServer2 (HttpServer2.java:bindListener(1249)) - Jetty bound to port 45205
2022-05-26 08:03:49,992 [Listener at localhost/38277] INFO  server.Server (Server.java:doStart(375)) - jetty-9.4.43.v20210629; built: 2021-06-30T11:07:22.254Z; git: 526006ecfa3af7f1a27ef3a288e2bef7ea9dd7e8; jvm 1.8.0_332-b09
2022-05-26 08:03:49,996 [Listener at localhost/38277] INFO  server.session (DefaultSessionIdManager.java:doStart(334)) - DefaultSessionIdManager workerName=node0
2022-05-26 08:03:49,996 [Listener at localhost/38277] INFO  server.session (DefaultSessionIdManager.java:doStart(339)) - No SessionScavenger set, using defaults
2022-05-26 08:03:49,996 [Listener at localhost/38277] INFO  server.session (HouseKeeper.java:startScavenging(132)) - node0 Scavenging every 660000ms
2022-05-26 08:03:49,996 [Listener at localhost/38277] INFO  handler.ContextHandler (ContextHandler.java:doStart(915)) - Started o.e.j.s.ServletContextHandler@67a4a5b0{logs,/logs,file:///home/runner/work/ozone/ozone/hadoop-ozone/integration-test/target/log,AVAILABLE}
2022-05-26 08:03:49,997 [Listener at localhost/38277] INFO  handler.ContextHandler (ContextHandler.java:doStart(915)) - Started o.e.j.s.ServletContextHandler@6ca590e6{static,/static,file:///home/runner/work/ozone/ozone/hadoop-ozone/integration-test/target/test-classes/webapps/static,AVAILABLE}
2022-05-26 08:03:50,001 [Listener at localhost/38277] INFO  handler.ContextHandler (ContextHandler.java:doStart(915)) - Started o.e.j.w.WebAppContext@1d8aab12{ozoneManager,/,file:///home/runner/work/ozone/ozone/hadoop-ozone/integration-test/target/test-classes/webapps/ozoneManager/,AVAILABLE}{file:/home/runner/work/ozone/ozone/hadoop-ozone/integration-test/target/test-classes/webapps/ozoneManager}
2022-05-26 08:03:50,005 [Listener at localhost/38277] INFO  server.AbstractConnector (AbstractConnector.java:doStart(331)) - Started ServerConnector@33665e66{HTTP/1.1, (http/1.1)}{0.0.0.0:45205}
2022-05-26 08:03:50,005 [Listener at localhost/38277] INFO  server.Server (Server.java:doStart(415)) - Started @91945ms
2022-05-26 08:03:50,005 [Listener at localhost/38277] WARN  impl.MetricsSystemImpl (MetricsSystemImpl.java:register(279)) - Sink prometheus already exists!
2022-05-26 08:03:50,005 [Listener at localhost/38277] INFO  http.BaseHttpServer (BaseHttpServer.java:updateConnectorAddress(329)) - HTTP server of ozoneManager listening at http://0.0.0.0:45205
2022-05-26 08:03:50,006 [IPC Server Responder] INFO  ipc.Server (Server.java:run(1507)) - IPC Server Responder: starting
2022-05-26 08:03:50,009 [IPC Server listener on 38277] INFO  ipc.Server (Server.java:run(1344)) - IPC Server listener on 38277: starting
2022-05-26 08:03:50,013 [Listener at localhost/38277] INFO  om.OzoneManager (OzoneManager.java:startTrashEmptier(1845)) - Trash Interval set to 0. Files deleted won't move to trash
2022-05-26 08:03:50,014 [org.apache.hadoop.util.JvmPauseMonitor$Monitor@58bc1e1f] INFO  util.JvmPauseMonitor (JvmPauseMonitor.java:run(188)) - Starting JVM pause monitor
]]></system-out>
  </testcase>
</testsuite>