<?xml version="1.0" encoding="UTF-8"?>
<testsuite xmlns:xsi="http://www.w3.org/2001/XMLSchema-instance" xsi:noNamespaceSchemaLocation="https://maven.apache.org/surefire/maven-surefire-plugin/xsd/surefire-test-report-3.0.xsd" version="3.0" name="org.apache.hadoop.fs.ozone.contract.ITestOzoneContractCreate" time="51.191" tests="32" errors="1" skipped="4" failures="0">
  <properties>
    <property name="awt.toolkit" value="sun.awt.X11.XToolkit"/>
    <property name="file.encoding.pkg" value="sun.io"/>
    <property name="java.specification.version" value="1.8"/>
    <property name="sun.cpu.isalist" value=""/>
    <property name="sun.jnu.encoding" value="UTF-8"/>
    <property name="java.class.path" value="/home/runner/work/ozone/ozone/hadoop-ozone/integration-test/target/test-classes:/home/runner/work/ozone/ozone/hadoop-ozone/integration-test/target/classes:/home/runner/.m2/repository/org/apache/ozone/ozone-common/1.4.0-SNAPSHOT/ozone-common-1.4.0-SNAPSHOT.jar:/home/runner/.m2/repository/io/grpc/grpc-netty/1.51.1/grpc-netty-1.51.1.jar:/home/runner/.m2/repository/io/grpc/grpc-core/1.51.1/grpc-core-1.51.1.jar:/home/runner/.m2/repository/com/google/android/annotations/4.1.1.4/annotations-4.1.1.4.jar:/home/runner/.m2/repository/org/codehaus/mojo/animal-sniffer-annotations/1.21/animal-sniffer-annotations-1.21.jar:/home/runner/.m2/repository/com/google/errorprone/error_prone_annotations/2.2.0/error_prone_annotations-2.2.0.jar:/home/runner/.m2/repository/io/perfmark/perfmark-api/0.25.0/perfmark-api-0.25.0.jar:/home/runner/.m2/repository/io/netty/netty-codec-http2/4.1.94.Final/netty-codec-http2-4.1.94.Final.jar:/home/runner/.m2/repository/io/netty/netty-common/4.1.94.Final/netty-common-4.1.94.Final.jar:/home/runner/.m2/repository/io/netty/netty-buffer/4.1.94.Final/netty-buffer-4.1.94.Final.jar:/home/runner/.m2/repository/io/netty/netty-codec-http/4.1.94.Final/netty-codec-http-4.1.94.Final.jar:/home/runner/.m2/repository/io/netty/netty-handler-proxy/4.1.94.Final/netty-handler-proxy-4.1.94.Final.jar:/home/runner/.m2/repository/io/netty/netty-codec-socks/4.1.94.Final/netty-codec-socks-4.1.94.Final.jar:/home/runner/.m2/repository/io/netty/netty-tcnative-boringssl-static/2.0.61.Final/netty-tcnative-boringssl-static-2.0.61.Final.jar:/home/runner/.m2/repository/io/netty/netty-tcnative-classes/2.0.61.Final/netty-tcnative-classes-2.0.61.Final.jar:/home/runner/.m2/repository/io/netty/netty-tcnative-boringssl-static/2.0.61.Final/netty-tcnative-boringssl-static-2.0.61.Final-linux-x86_64.jar:/home/runner/.m2/repository/io/netty/netty-tcnative-boringssl-static/2.0.61.Final/netty-tcnative-boringssl-static-2.0.61.Final-linux-aarch_64.jar:/home/runner/.m2/repository/io/netty/netty-tcnative-boringssl-static/2.0.61.Final/netty-tcnative-boringssl-static-2.0.61.Final-osx-x86_64.jar:/home/runner/.m2/repository/io/netty/netty-tcnative-boringssl-static/2.0.61.Final/netty-tcnative-boringssl-static-2.0.61.Final-osx-aarch_64.jar:/home/runner/.m2/repository/io/netty/netty-tcnative-boringssl-static/2.0.61.Final/netty-tcnative-boringssl-static-2.0.61.Final-windows-x86_64.jar:/home/runner/.m2/repository/org/apache/commons/commons-compress/1.21/commons-compress-1.21.jar:/home/runner/.m2/repository/org/apache/ozone/hdds-common/1.4.0-SNAPSHOT/hdds-common-1.4.0-SNAPSHOT.jar:/home/runner/.m2/repository/org/apache/ozone/hdds-client/1.4.0-SNAPSHOT/hdds-client-1.4.0-SNAPSHOT.jar:/home/runner/.m2/repository/org/apache/ozone/ozone-interface-client/1.4.0-SNAPSHOT/ozone-interface-client-1.4.0-SNAPSHOT.jar:/home/runner/.m2/repository/org/apache/hadoop/hadoop-hdfs-client/3.3.6/hadoop-hdfs-client-3.3.6.jar:/home/runner/.m2/repository/com/squareup/okhttp3/okhttp/4.9.3/okhttp-4.9.3.jar:/home/runner/.m2/repository/com/squareup/okio/okio/3.4.0/okio-3.4.0.jar:/home/runner/.m2/repository/com/squareup/okio/okio-jvm/3.4.0/okio-jvm-3.4.0.jar:/home/runner/.m2/repository/org/jetbrains/kotlin/kotlin-stdlib-jdk8/1.8.0/kotlin-stdlib-jdk8-1.8.0.jar:/home/runner/.m2/repository/org/jetbrains/kotlin/kotlin-stdlib-jdk7/1.8.0/kotlin-stdlib-jdk7-1.8.0.jar:/home/runner/.m2/repository/org/jetbrains/kotlin/kotlin-stdlib-common/1.6.21/kotlin-stdlib-common-1.6.21.jar:/home/runner/.m2/repository/org/apache/ozone/hdds-test-utils/1.4.0-SNAPSHOT/hdds-test-utils-1.4.0-SNAPSHOT.jar:/home/runner/.m2/repository/com/google/guava/guava/32.0.0-jre/guava-32.0.0-jre.jar:/home/runner/.m2/repository/com/google/guava/failureaccess/1.0.1/failureaccess-1.0.1.jar:/home/runner/.m2/repository/com/google/guava/listenablefuture/9999.0-empty-to-avoid-conflict-with-guava/listenablefuture-9999.0-empty-to-avoid-conflict-with-guava.jar:/home/runner/.m2/repository/com/google/code/findbugs/jsr305/3.0.0/jsr305-3.0.0.jar:/home/runner/.m2/repository/org/checkerframework/checker-qual/3.33.0/checker-qual-3.33.0.jar:/home/runner/.m2/repository/com/google/j2objc/j2objc-annotations/2.8/j2objc-annotations-2.8.jar:/home/runner/.m2/repository/commons-io/commons-io/2.11.0/commons-io-2.11.0.jar:/home/runner/.m2/repository/commons-logging/commons-logging/1.2/commons-logging-1.2.jar:/home/runner/.m2/repository/ch/qos/reload4j/reload4j/1.2.22/reload4j-1.2.22.jar:/home/runner/.m2/repository/org/slf4j/slf4j-api/1.7.36/slf4j-api-1.7.36.jar:/home/runner/.m2/repository/org/apache/logging/log4j/log4j-api/2.17.1/log4j-api-2.17.1.jar:/home/runner/.m2/repository/org/apache/ozone/hdds-server-scm/1.4.0-SNAPSHOT/hdds-server-scm-1.4.0-SNAPSHOT.jar:/home/runner/.m2/repository/org/apache/ozone/hdds-container-service/1.4.0-SNAPSHOT/hdds-container-service-1.4.0-SNAPSHOT.jar:/home/runner/.m2/repository/org/apache/ozone/hdds-hadoop-dependency-server/1.4.0-SNAPSHOT/hdds-hadoop-dependency-server-1.4.0-SNAPSHOT.jar:/home/runner/.m2/repository/org/apache/hadoop/hadoop-hdfs/3.3.6/hadoop-hdfs-3.3.6.jar:/home/runner/.m2/repository/commons-daemon/commons-daemon/1.0.13/commons-daemon-1.0.13.jar:/home/runner/.m2/repository/org/apache/ozone/hdds-server-framework/1.4.0-SNAPSHOT/hdds-server-framework-1.4.0-SNAPSHOT.jar:/home/runner/.m2/repository/io/dropwizard/metrics/metrics-core/3.2.4/metrics-core-3.2.4.jar:/home/runner/.m2/repository/org/apache/commons/commons-text/1.10.0/commons-text-1.10.0.jar:/home/runner/.m2/repository/org/bouncycastle/bcprov-jdk15on/1.67/bcprov-jdk15on-1.67.jar:/home/runner/.m2/repository/com/google/protobuf/protobuf-java/2.5.0/protobuf-java-2.5.0.jar:/home/runner/.m2/repository/org/apache/ozone/hdds-server-framework/1.4.0-SNAPSHOT/hdds-server-framework-1.4.0-SNAPSHOT-tests.jar:/home/runner/.m2/repository/org/apache/ozone/hdds-interface-server/1.4.0-SNAPSHOT/hdds-interface-server-1.4.0-SNAPSHOT.jar:/home/runner/.m2/repository/org/apache/ozone/hdds-interface-admin/1.4.0-SNAPSHOT/hdds-interface-admin-1.4.0-SNAPSHOT.jar:/home/runner/.m2/repository/org/apache/ozone/hdds-managed-rocksdb/1.4.0-SNAPSHOT/hdds-managed-rocksdb-1.4.0-SNAPSHOT.jar:/home/runner/.m2/repository/org/rocksdb/rocksdbjni/7.7.3/rocksdbjni-7.7.3.jar:/home/runner/.m2/repository/org/slf4j/slf4j-reload4j/1.7.36/slf4j-reload4j-1.7.36.jar:/home/runner/.m2/repository/org/apache/commons/commons-configuration2/2.1.1/commons-configuration2-2.1.1.jar:/home/runner/.m2/repository/commons-fileupload/commons-fileupload/1.5/commons-fileupload-1.5.jar:/home/runner/.m2/repository/org/apache/logging/log4j/log4j-core/2.17.1/log4j-core-2.17.1.jar:/home/runner/.m2/repository/com/lmax/disruptor/3.4.2/disruptor-3.4.2.jar:/home/runner/.m2/repository/org/eclipse/jetty/jetty-util/9.4.51.v20230217/jetty-util-9.4.51.v20230217.jar:/home/runner/.m2/repository/org/eclipse/jetty/jetty-server/9.4.51.v20230217/jetty-server-9.4.51.v20230217.jar:/home/runner/.m2/repository/org/eclipse/jetty/jetty-http/9.4.51.v20230217/jetty-http-9.4.51.v20230217.jar:/home/runner/.m2/repository/org/eclipse/jetty/jetty-io/9.4.51.v20230217/jetty-io-9.4.51.v20230217.jar:/home/runner/.m2/repository/org/eclipse/jetty/jetty-servlet/9.4.51.v20230217/jetty-servlet-9.4.51.v20230217.jar:/home/runner/.m2/repository/org/eclipse/jetty/jetty-security/9.4.51.v20230217/jetty-security-9.4.51.v20230217.jar:/home/runner/.m2/repository/org/eclipse/jetty/jetty-util-ajax/9.4.51.v20230217/jetty-util-ajax-9.4.51.v20230217.jar:/home/runner/.m2/repository/org/eclipse/jetty/jetty-webapp/9.4.51.v20230217/jetty-webapp-9.4.51.v20230217.jar:/home/runner/.m2/repository/org/eclipse/jetty/jetty-xml/9.4.51.v20230217/jetty-xml-9.4.51.v20230217.jar:/home/runner/.m2/repository/org/apache/ratis/ratis-server/2.5.1/ratis-server-2.5.1.jar:/home/runner/.m2/repository/org/apache/ratis/ratis-thirdparty-misc/1.0.4/ratis-thirdparty-misc-1.0.4.jar:/home/runner/.m2/repository/org/apache/ratis/ratis-proto/2.5.1/ratis-proto-2.5.1.jar:/home/runner/.m2/repository/org/apache/ratis/ratis-common/2.5.1/ratis-common-2.5.1.jar:/home/runner/.m2/repository/org/apache/ratis/ratis-client/2.5.1/ratis-client-2.5.1.jar:/home/runner/.m2/repository/org/apache/ratis/ratis-server-api/2.5.1/ratis-server-api-2.5.1.jar:/home/runner/.m2/repository/org/apache/ratis/ratis-metrics/2.5.1/ratis-metrics-2.5.1.jar:/home/runner/.m2/repository/io/prometheus/simpleclient_dropwizard/0.7.0/simpleclient_dropwizard-0.7.0.jar:/home/runner/.m2/repository/io/prometheus/simpleclient/0.7.0/simpleclient-0.7.0.jar:/home/runner/.m2/repository/io/prometheus/simpleclient_common/0.7.0/simpleclient_common-0.7.0.jar:/home/runner/.m2/repository/com/fasterxml/jackson/datatype/jackson-datatype-jsr310/2.13.4/jackson-datatype-jsr310-2.13.4.jar:/home/runner/.m2/repository/com/fasterxml/jackson/core/jackson-core/2.13.4/jackson-core-2.13.4.jar:/home/runner/.m2/repository/com/github/spotbugs/spotbugs-annotations/3.1.12/spotbugs-annotations-3.1.12.jar:/home/runner/.m2/repository/org/apache/ozone/rocksdb-checkpoint-differ/1.4.0-SNAPSHOT/rocksdb-checkpoint-differ-1.4.0-SNAPSHOT.jar:/home/runner/.m2/repository/org/jgrapht/jgrapht-core/1.0.1/jgrapht-core-1.0.1.jar:/home/runner/.m2/repository/org/jgrapht/jgrapht-ext/1.0.1/jgrapht-ext-1.0.1.jar:/home/runner/.m2/repository/org/tinyjee/jgraphx/jgraphx/2.0.0.1/jgraphx-2.0.0.1.jar:/home/runner/.m2/repository/jgraph/jgraph/5.13.0.0/jgraph-5.13.0.0.jar:/home/runner/.m2/repository/org/antlr/antlr4-runtime/4.5.3/antlr4-runtime-4.5.3.jar:/home/runner/.m2/repository/org/awaitility/awaitility/4.2.0/awaitility-4.2.0.jar:/home/runner/.m2/repository/org/hamcrest/hamcrest/2.1/hamcrest-2.1.jar:/home/runner/.m2/repository/org/apache/ozone/ozone-manager/1.4.0-SNAPSHOT/ozone-manager-1.4.0-SNAPSHOT.jar:/home/runner/.m2/repository/org/aspectj/aspectjrt/1.9.7/aspectjrt-1.9.7.jar:/home/runner/.m2/repository/org/aspectj/aspectjweaver/1.9.7/aspectjweaver-1.9.7.jar:/home/runner/.m2/repository/org/apache/ozone/hdds-interface-client/1.4.0-SNAPSHOT/hdds-interface-client-1.4.0-SNAPSHOT.jar:/home/runner/.m2/repository/org/apache/hadoop/thirdparty/hadoop-shaded-protobuf_3_7/1.1.1/hadoop-shaded-protobuf_3_7-1.1.1.jar:/home/runner/.m2/repository/org/apache/ozone/ozone-interface-storage/1.4.0-SNAPSHOT/ozone-interface-storage-1.4.0-SNAPSHOT.jar:/home/runner/.m2/repository/org/reflections/reflections/0.9.11/reflections-0.9.11.jar:/home/runner/.m2/repository/com/sun/jersey/jersey-client/1.19/jersey-client-1.19.jar:/home/runner/.m2/repository/org/codehaus/jackson/jackson-core-asl/1.9.13/jackson-core-asl-1.9.13.jar:/home/runner/.m2/repository/org/codehaus/jackson/jackson-mapper-asl/1.9.13/jackson-mapper-asl-1.9.13.jar:/home/runner/.m2/repository/org/codehaus/jackson/jackson-jaxrs/1.9.13/jackson-jaxrs-1.9.13.jar:/home/runner/.m2/repository/org/apache/ranger/ranger-intg/2.3.0/ranger-intg-2.3.0.jar:/home/runner/.m2/repository/org/apache/ranger/ranger-plugins-common/2.3.0/ranger-plugins-common-2.3.0.jar:/home/runner/.m2/repository/commons-lang/commons-lang/2.6/commons-lang-2.6.jar:/home/runner/.m2/repository/org/apache/ranger/ranger-plugins-cred/2.3.0/ranger-plugins-cred-2.3.0.jar:/home/runner/.m2/repository/org/apache/ranger/ranger-plugins-audit/2.3.0/ranger-plugins-audit-2.3.0.jar:/home/runner/.m2/repository/org/eclipse/jetty/jetty-client/9.4.51.v20230217/jetty-client-9.4.51.v20230217.jar:/home/runner/.m2/repository/org/apache/httpcomponents/httpmime/4.5.6/httpmime-4.5.6.jar:/home/runner/.m2/repository/org/apache/httpcomponents/httpcore-nio/4.4.13/httpcore-nio-4.4.13.jar:/home/runner/.m2/repository/org/apache/httpcomponents/httpasyncclient/4.1.3/httpasyncclient-4.1.3.jar:/home/runner/.m2/repository/com/carrotsearch/hppc/0.8.0/hppc-0.8.0.jar:/home/runner/.m2/repository/org/apache/orc/orc-core/1.5.8/orc-core-1.5.8.jar:/home/runner/.m2/repository/net/java/dev/jna/jna/5.2.0/jna-5.2.0.jar:/home/runner/.m2/repository/net/java/dev/jna/jna-platform/5.2.0/jna-platform-5.2.0.jar:/home/runner/.m2/repository/com/kstruct/gethostname4j/0.0.2/gethostname4j-0.0.2.jar:/home/runner/.m2/repository/org/apache/ranger/ranger-plugin-classloader/2.3.0/ranger-plugin-classloader-2.3.0.jar:/home/runner/.m2/repository/org/apache/ozone/hdds-rocks-native/1.4.0-SNAPSHOT/hdds-rocks-native-1.4.0-SNAPSHOT.jar:/home/runner/.m2/repository/org/apache/hadoop/hadoop-minikdc/3.3.6/hadoop-minikdc-3.3.6.jar:/home/runner/.m2/repository/org/apache/kerby/kerb-simplekdc/1.0.1/kerb-simplekdc-1.0.1.jar:/home/runner/.m2/repository/org/apache/kerby/kerb-client/1.0.1/kerb-client-1.0.1.jar:/home/runner/.m2/repository/org/apache/kerby/kerby-config/1.0.1/kerby-config-1.0.1.jar:/home/runner/.m2/repository/org/apache/kerby/kerb-common/1.0.1/kerb-common-1.0.1.jar:/home/runner/.m2/repository/org/apache/kerby/kerb-crypto/1.0.1/kerb-crypto-1.0.1.jar:/home/runner/.m2/repository/org/apache/kerby/kerb-util/1.0.1/kerb-util-1.0.1.jar:/home/runner/.m2/repository/org/apache/kerby/token-provider/1.0.1/token-provider-1.0.1.jar:/home/runner/.m2/repository/org/apache/kerby/kerb-admin/1.0.1/kerb-admin-1.0.1.jar:/home/runner/.m2/repository/org/apache/kerby/kerb-server/1.0.1/kerb-server-1.0.1.jar:/home/runner/.m2/repository/org/apache/kerby/kerb-identity/1.0.1/kerb-identity-1.0.1.jar:/home/runner/.m2/repository/org/apache/kerby/kerby-xdr/1.0.1/kerby-xdr-1.0.1.jar:/home/runner/.m2/repository/org/apache/ozone/ozone-s3gateway/1.4.0-SNAPSHOT/ozone-s3gateway-1.4.0-SNAPSHOT.jar:/home/runner/.m2/repository/org/javassist/javassist/3.21.0-GA/javassist-3.21.0-GA.jar:/home/runner/.m2/repository/org/jboss/weld/servlet/weld-servlet-shaded/3.1.9.Final/weld-servlet-shaded-3.1.9.Final.jar:/home/runner/.m2/repository/org/glassfish/jersey/containers/jersey-container-servlet-core/2.34/jersey-container-servlet-core-2.34.jar:/home/runner/.m2/repository/org/glassfish/hk2/external/jakarta.inject/2.6.1/jakarta.inject-2.6.1.jar:/home/runner/.m2/repository/org/glassfish/jersey/core/jersey-common/2.34/jersey-common-2.34.jar:/home/runner/.m2/repository/jakarta/ws/rs/jakarta.ws.rs-api/2.1.6/jakarta.ws.rs-api-2.1.6.jar:/home/runner/.m2/repository/org/glassfish/jersey/ext/cdi/jersey-cdi1x/2.34/jersey-cdi1x-2.34.jar:/home/runner/.m2/repository/org/glassfish/jersey/inject/jersey-hk2/2.34/jersey-hk2-2.34.jar:/home/runner/.m2/repository/org/glassfish/hk2/hk2-locator/2.6.1/hk2-locator-2.6.1.jar:/home/runner/.m2/repository/org/glassfish/jersey/media/jersey-media-jaxb/2.34/jersey-media-jaxb-2.34.jar:/home/runner/.m2/repository/org/glassfish/hk2/osgi-resource-locator/1.0.3/osgi-resource-locator-1.0.3.jar:/home/runner/.m2/repository/org/glassfish/hk2/hk2-api/2.5.0/hk2-api-2.5.0.jar:/home/runner/.m2/repository/org/glassfish/hk2/hk2-utils/2.5.0/hk2-utils-2.5.0.jar:/home/runner/.m2/repository/org/glassfish/hk2/external/aopalliance-repackaged/2.5.0/aopalliance-repackaged-2.5.0.jar:/home/runner/.m2/repository/com/fasterxml/jackson/dataformat/jackson-dataformat-xml/2.13.4/jackson-dataformat-xml-2.13.4.jar:/home/runner/.m2/repository/org/codehaus/woodstox/stax2-api/4.2.1/stax2-api-4.2.1.jar:/home/runner/.m2/repository/com/fasterxml/woodstox/woodstox-core/5.4.0/woodstox-core-5.4.0.jar:/home/runner/.m2/repository/com/fasterxml/jackson/module/jackson-module-jaxb-annotations/2.13.4/jackson-module-jaxb-annotations-2.13.4.jar:/home/runner/.m2/repository/jakarta/xml/bind/jakarta.xml.bind-api/2.3.3/jakarta.xml.bind-api-2.3.3.jar:/home/runner/.m2/repository/jakarta/activation/jakarta.activation-api/1.2.2/jakarta.activation-api-1.2.2.jar:/home/runner/.m2/repository/javax/enterprise/cdi-api/2.0/cdi-api-2.0.jar:/home/runner/.m2/repository/javax/el/javax.el-api/3.0.0/javax.el-api-3.0.0.jar:/home/runner/.m2/repository/javax/interceptor/javax.interceptor-api/1.2/javax.interceptor-api-1.2.jar:/home/runner/.m2/repository/javax/inject/javax.inject/1/javax.inject-1.jar:/home/runner/.m2/repository/javax/xml/bind/jaxb-api/2.3.0/jaxb-api-2.3.0.jar:/home/runner/.m2/repository/org/glassfish/jaxb/jaxb-runtime/2.3.0.1/jaxb-runtime-2.3.0.1.jar:/home/runner/.m2/repository/org/glassfish/jaxb/jaxb-core/2.3.0.1/jaxb-core-2.3.0.1.jar:/home/runner/.m2/repository/org/glassfish/jaxb/txw2/2.3.0.1/txw2-2.3.0.1.jar:/home/runner/.m2/repository/com/sun/istack/istack-commons-runtime/3.0.5/istack-commons-runtime-3.0.5.jar:/home/runner/.m2/repository/org/jvnet/staxex/stax-ex/1.7.8/stax-ex-1.7.8.jar:/home/runner/.m2/repository/com/sun/xml/fastinfoset/FastInfoset/1.2.13/FastInfoset-1.2.13.jar:/home/runner/.m2/repository/javax/activation/activation/1.1.1/activation-1.1.1.jar:/home/runner/.m2/repository/io/grpc/grpc-protobuf/1.51.1/grpc-protobuf-1.51.1.jar:/home/runner/.m2/repository/com/google/api/grpc/proto-google-common-protos/2.9.0/proto-google-common-protos-2.9.0.jar:/home/runner/.m2/repository/io/grpc/grpc-protobuf-lite/1.51.1/grpc-protobuf-lite-1.51.1.jar:/home/runner/.m2/repository/io/grpc/grpc-stub/1.51.1/grpc-stub-1.51.1.jar:/home/runner/.m2/repository/io/netty/netty-transport/4.1.94.Final/netty-transport-4.1.94.Final.jar:/home/runner/.m2/repository/io/netty/netty-resolver/4.1.94.Final/netty-resolver-4.1.94.Final.jar:/home/runner/.m2/repository/org/apache/ozone/ozone-csi/1.4.0-SNAPSHOT/ozone-csi-1.4.0-SNAPSHOT.jar:/home/runner/.m2/repository/com/google/protobuf/protobuf-java-util/3.19.6/protobuf-java-util-3.19.6.jar:/home/runner/.m2/repository/com/google/code/gson/gson/2.9.0/gson-2.9.0.jar:/home/runner/.m2/repository/org/apache/ozone/hdds-config/1.4.0-SNAPSHOT/hdds-config-1.4.0-SNAPSHOT.jar:/home/runner/.m2/repository/io/netty/netty-transport-native-epoll/4.1.94.Final/netty-transport-native-epoll-4.1.94.Final-linux-x86_64.jar:/home/runner/.m2/repository/io/netty/netty-transport-classes-epoll/4.1.94.Final/netty-transport-classes-epoll-4.1.94.Final.jar:/home/runner/.m2/repository/io/netty/netty-transport-native-unix-common/4.1.94.Final/netty-transport-native-unix-common-4.1.94.Final.jar:/home/runner/.m2/repository/org/apache/ozone/ozone-recon/1.4.0-SNAPSHOT/ozone-recon-1.4.0-SNAPSHOT.jar:/home/runner/.m2/repository/org/apache/ozone/ozone-reconcodegen/1.4.0-SNAPSHOT/ozone-reconcodegen-1.4.0-SNAPSHOT.jar:/home/runner/.m2/repository/com/google/inject/guice/5.1.0/guice-5.1.0.jar:/home/runner/.m2/repository/aopalliance/aopalliance/1.0/aopalliance-1.0.jar:/home/runner/.m2/repository/com/google/inject/extensions/guice-assistedinject/5.1.0/guice-assistedinject-5.1.0.jar:/home/runner/.m2/repository/com/google/inject/extensions/guice-servlet/5.1.0/guice-servlet-5.1.0.jar:/home/runner/.m2/repository/org/glassfish/jersey/containers/jersey-container-servlet/2.34/jersey-container-servlet-2.34.jar:/home/runner/.m2/repository/org/glassfish/hk2/guice-bridge/2.5.0/guice-bridge-2.5.0.jar:/home/runner/.m2/repository/org/glassfish/jersey/core/jersey-server/2.34/jersey-server-2.34.jar:/home/runner/.m2/repository/org/glassfish/jersey/core/jersey-client/2.34/jersey-client-2.34.jar:/home/runner/.m2/repository/jakarta/annotation/jakarta.annotation-api/1.3.5/jakarta.annotation-api-1.3.5.jar:/home/runner/.m2/repository/jakarta/validation/jakarta.validation-api/2.0.2/jakarta.validation-api-2.0.2.jar:/home/runner/.m2/repository/org/glassfish/jersey/media/jersey-media-json-jackson/2.34/jersey-media-json-jackson-2.34.jar:/home/runner/.m2/repository/org/glassfish/jersey/ext/jersey-entity-filtering/2.34/jersey-entity-filtering-2.34.jar:/home/runner/.m2/repository/org/jooq/jooq/3.11.10/jooq-3.11.10.jar:/home/runner/.m2/repository/org/jooq/jooq-meta/3.11.10/jooq-meta-3.11.10.jar:/home/runner/.m2/repository/org/jooq/jooq-codegen/3.11.10/jooq-codegen-3.11.10.jar:/home/runner/.m2/repository/com/jolbox/bonecp/0.8.0.RELEASE/bonecp-0.8.0.RELEASE.jar:/home/runner/.m2/repository/org/apache/derby/derby/10.14.2.0/derby-10.14.2.0.jar:/home/runner/.m2/repository/org/xerial/sqlite-jdbc/3.41.2.2/sqlite-jdbc-3.41.2.2.jar:/home/runner/.m2/repository/org/springframework/spring-jdbc/5.3.27/spring-jdbc-5.3.27.jar:/home/runner/.m2/repository/org/springframework/spring-beans/5.3.27/spring-beans-5.3.27.jar:/home/runner/.m2/repository/org/springframework/spring-core/5.3.27/spring-core-5.3.27.jar:/home/runner/.m2/repository/org/springframework/spring-tx/5.3.27/spring-tx-5.3.27.jar:/home/runner/.m2/repository/org/apache/ozone/ozone-client/1.4.0-SNAPSHOT/ozone-client-1.4.0-SNAPSHOT.jar:/home/runner/.m2/repository/org/apache/ozone/hdds-erasurecode/1.4.0-SNAPSHOT/hdds-erasurecode-1.4.0-SNAPSHOT.jar:/home/runner/.m2/repository/org/apache/ozone/ozone-filesystem/1.4.0-SNAPSHOT/ozone-filesystem-1.4.0-SNAPSHOT.jar:/home/runner/.m2/repository/org/apache/ozone/ozone-filesystem-common/1.4.0-SNAPSHOT/ozone-filesystem-common-1.4.0-SNAPSHOT.jar:/home/runner/.m2/repository/org/apache/ozone/ozone-tools/1.4.0-SNAPSHOT/ozone-tools-1.4.0-SNAPSHOT.jar:/home/runner/.m2/repository/com/amazonaws/aws-java-sdk-core/1.12.261/aws-java-sdk-core-1.12.261.jar:/home/runner/.m2/repository/org/apache/httpcomponents/httpclient/4.5.13/httpclient-4.5.13.jar:/home/runner/.m2/repository/org/apache/httpcomponents/httpcore/4.4.13/httpcore-4.4.13.jar:/home/runner/.m2/repository/software/amazon/ion/ion-java/1.0.2/ion-java-1.0.2.jar:/home/runner/.m2/repository/com/fasterxml/jackson/dataformat/jackson-dataformat-cbor/2.13.4/jackson-dataformat-cbor-2.13.4.jar:/home/runner/.m2/repository/joda-time/joda-time/2.10.6/joda-time-2.10.6.jar:/home/runner/.m2/repository/com/amazonaws/aws-java-sdk-s3/1.12.261/aws-java-sdk-s3-1.12.261.jar:/home/runner/.m2/repository/com/amazonaws/aws-java-sdk-kms/1.12.261/aws-java-sdk-kms-1.12.261.jar:/home/runner/.m2/repository/com/amazonaws/jmespath-java/1.12.261/jmespath-java-1.12.261.jar:/home/runner/.m2/repository/org/kohsuke/metainf-services/metainf-services/1.8/metainf-services-1.8.jar:/home/runner/.m2/repository/org/apache/ozone/hdds-tools/1.4.0-SNAPSHOT/hdds-tools-1.4.0-SNAPSHOT.jar:/home/runner/.m2/repository/org/apache/ratis/ratis-tools/2.5.1/ratis-tools-2.5.1.jar:/home/runner/.m2/repository/commons-cli/commons-cli/1.2/commons-cli-1.2.jar:/home/runner/.m2/repository/org/apache/commons/commons-lang3/3.7/commons-lang3-3.7.jar:/home/runner/.m2/repository/org/apache/ozone/ozone-manager/1.4.0-SNAPSHOT/ozone-manager-1.4.0-SNAPSHOT-tests.jar:/home/runner/.m2/repository/org/apache/ozone/hdds-common/1.4.0-SNAPSHOT/hdds-common-1.4.0-SNAPSHOT-tests.jar:/home/runner/.m2/repository/org/apache/ozone/hdds-hadoop-dependency-client/1.4.0-SNAPSHOT/hdds-hadoop-dependency-client-1.4.0-SNAPSHOT.jar:/home/runner/.m2/repository/info/picocli/picocli/4.6.1/picocli-4.6.1.jar:/home/runner/.m2/repository/com/fasterxml/jackson/core/jackson-annotations/2.13.4/jackson-annotations-2.13.4.jar:/home/runner/.m2/repository/org/apache/ozone/hdds-annotation-processing/1.4.0-SNAPSHOT/hdds-annotation-processing-1.4.0-SNAPSHOT.jar:/home/runner/.m2/repository/javax/annotation/javax.annotation-api/1.2/javax.annotation-api-1.2.jar:/home/runner/.m2/repository/org/apache/ratis/ratis-netty/2.5.1/ratis-netty-2.5.1.jar:/home/runner/.m2/repository/org/apache/ratis/ratis-grpc/2.5.1/ratis-grpc-2.5.1.jar:/home/runner/.m2/repository/org/apache/commons/commons-pool2/2.6.0/commons-pool2-2.6.0.jar:/home/runner/.m2/repository/org/bouncycastle/bcpkix-jdk15on/1.67/bcpkix-jdk15on-1.67.jar:/home/runner/.m2/repository/commons-validator/commons-validator/1.6/commons-validator-1.6.jar:/home/runner/.m2/repository/commons-beanutils/commons-beanutils/1.9.4/commons-beanutils-1.9.4.jar:/home/runner/.m2/repository/commons-digester/commons-digester/1.8.1/commons-digester-1.8.1.jar:/home/runner/.m2/repository/commons-collections/commons-collections/3.2.2/commons-collections-3.2.2.jar:/home/runner/.m2/repository/io/jaegertracing/jaeger-client/1.6.0/jaeger-client-1.6.0.jar:/home/runner/.m2/repository/io/jaegertracing/jaeger-thrift/1.6.0/jaeger-thrift-1.6.0.jar:/home/runner/.m2/repository/org/apache/thrift/libthrift/0.14.1/libthrift-0.14.1.jar:/home/runner/.m2/repository/io/jaegertracing/jaeger-core/1.6.0/jaeger-core-1.6.0.jar:/home/runner/.m2/repository/io/jaegertracing/jaeger-tracerresolver/1.6.0/jaeger-tracerresolver-1.6.0.jar:/home/runner/.m2/repository/io/opentracing/contrib/opentracing-tracerresolver/0.1.8/opentracing-tracerresolver-0.1.8.jar:/home/runner/.m2/repository/org/jetbrains/kotlin/kotlin-stdlib/1.6.21/kotlin-stdlib-1.6.21.jar:/home/runner/.m2/repository/org/jetbrains/annotations/13.0/annotations-13.0.jar:/home/runner/.m2/repository/io/opentracing/opentracing-util/0.33.0/opentracing-util-0.33.0.jar:/home/runner/.m2/repository/io/opentracing/opentracing-api/0.33.0/opentracing-api-0.33.0.jar:/home/runner/.m2/repository/io/opentracing/opentracing-noop/0.33.0/opentracing-noop-0.33.0.jar:/home/runner/.m2/repository/org/yaml/snakeyaml/2.0/snakeyaml-2.0.jar:/home/runner/.m2/repository/io/grpc/grpc-api/1.51.1/grpc-api-1.51.1.jar:/home/runner/.m2/repository/io/grpc/grpc-context/1.51.1/grpc-context-1.51.1.jar:/home/runner/.m2/repository/junit/junit/4.13.1/junit-4.13.1.jar:/home/runner/.m2/repository/org/hamcrest/hamcrest-core/1.3/hamcrest-core-1.3.jar:/home/runner/.m2/repository/org/junit/jupiter/junit-jupiter-api/5.8.2/junit-jupiter-api-5.8.2.jar:/home/runner/.m2/repository/org/opentest4j/opentest4j/1.2.0/opentest4j-1.2.0.jar:/home/runner/.m2/repository/org/junit/platform/junit-platform-commons/1.8.2/junit-platform-commons-1.8.2.jar:/home/runner/.m2/repository/org/apiguardian/apiguardian-api/1.1.2/apiguardian-api-1.1.2.jar:/home/runner/.m2/repository/org/junit/jupiter/junit-jupiter-params/5.8.2/junit-jupiter-params-5.8.2.jar:/home/runner/.m2/repository/org/junit/jupiter/junit-jupiter-migrationsupport/5.8.2/junit-jupiter-migrationsupport-5.8.2.jar:/home/runner/.m2/repository/org/junit/jupiter/junit-jupiter-engine/5.8.2/junit-jupiter-engine-5.8.2.jar:/home/runner/.m2/repository/org/junit/platform/junit-platform-engine/1.8.2/junit-platform-engine-1.8.2.jar:/home/runner/.m2/repository/org/junit/vintage/junit-vintage-engine/5.8.2/junit-vintage-engine-5.8.2.jar:/home/runner/.m2/repository/org/junit/platform/junit-platform-launcher/1.8.2/junit-platform-launcher-1.8.2.jar:/home/runner/.m2/repository/org/mockito/mockito-core/3.5.9/mockito-core-3.5.9.jar:/home/runner/.m2/repository/net/bytebuddy/byte-buddy/1.10.13/byte-buddy-1.10.13.jar:/home/runner/.m2/repository/net/bytebuddy/byte-buddy-agent/1.10.13/byte-buddy-agent-1.10.13.jar:/home/runner/.m2/repository/org/objenesis/objenesis/1.0/objenesis-1.0.jar:/home/runner/.m2/repository/org/apache/hadoop/hadoop-kms/3.3.6/hadoop-kms-3.3.6.jar:/home/runner/.m2/repository/org/apache/hadoop/hadoop-auth/3.3.6/hadoop-auth-3.3.6.jar:/home/runner/.m2/repository/com/nimbusds/nimbus-jose-jwt/9.8.1/nimbus-jose-jwt-9.8.1.jar:/home/runner/.m2/repository/com/github/stephenc/jcip/jcip-annotations/1.0-1/jcip-annotations-1.0-1.jar:/home/runner/.m2/repository/org/apache/zookeeper/zookeeper/3.5.6/zookeeper-3.5.6.jar:/home/runner/.m2/repository/org/apache/zookeeper/zookeeper-jute/3.5.6/zookeeper-jute-3.5.6.jar:/home/runner/.m2/repository/org/apache/yetus/audience-annotations/0.5.0/audience-annotations-0.5.0.jar:/home/runner/.m2/repository/org/apache/curator/curator-framework/4.2.0/curator-framework-4.2.0.jar:/home/runner/.m2/repository/org/apache/hadoop/thirdparty/hadoop-shaded-guava/1.1.1/hadoop-shaded-guava-1.1.1.jar:/home/runner/.m2/repository/com/sun/jersey/jersey-core/1.19/jersey-core-1.19.jar:/home/runner/.m2/repository/javax/ws/rs/jsr311-api/1.1.1/jsr311-api-1.1.1.jar:/home/runner/.m2/repository/com/sun/jersey/jersey-server/1.19/jersey-server-1.19.jar:/home/runner/.m2/repository/javax/servlet/javax.servlet-api/3.1.0/javax.servlet-api-3.1.0.jar:/home/runner/.m2/repository/org/apache/hadoop/hadoop-common/3.3.6/hadoop-common-3.3.6.jar:/home/runner/.m2/repository/org/apache/commons/commons-math3/3.1.1/commons-math3-3.1.1.jar:/home/runner/.m2/repository/commons-net/commons-net/3.9.0/commons-net-3.9.0.jar:/home/runner/.m2/repository/com/sun/jersey/jersey-servlet/1.19/jersey-servlet-1.19.jar:/home/runner/.m2/repository/com/github/pjfanning/jersey-json/1.20/jersey-json-1.20.jar:/home/runner/.m2/repository/org/codehaus/jettison/jettison/1.1/jettison-1.1.jar:/home/runner/.m2/repository/com/sun/xml/bind/jaxb-impl/2.2.3-1/jaxb-impl-2.2.3-1.jar:/home/runner/.m2/repository/com/google/re2j/re2j/1.1/re2j-1.1.jar:/home/runner/.m2/repository/com/jcraft/jsch/0.1.54/jsch-0.1.54.jar:/home/runner/.m2/repository/org/apache/curator/curator-client/4.2.0/curator-client-4.2.0.jar:/home/runner/.m2/repository/org/apache/curator/curator-recipes/5.2.0/curator-recipes-5.2.0.jar:/home/runner/.m2/repository/org/apache/kerby/kerb-core/1.0.1/kerb-core-1.0.1.jar:/home/runner/.m2/repository/org/apache/kerby/kerby-pkix/1.0.1/kerby-pkix-1.0.1.jar:/home/runner/.m2/repository/org/apache/kerby/kerby-asn1/1.0.1/kerby-asn1-1.0.1.jar:/home/runner/.m2/repository/org/apache/kerby/kerby-util/1.0.1/kerby-util-1.0.1.jar:/home/runner/.m2/repository/dnsjava/dnsjava/2.1.7/dnsjava-2.1.7.jar:/home/runner/.m2/repository/org/xerial/snappy/snappy-java/1.1.8.2/snappy-java-1.1.8.2.jar:/home/runner/.m2/repository/com/fasterxml/jackson/core/jackson-databind/2.13.4.2/jackson-databind-2.13.4.2.jar:/home/runner/.m2/repository/org/apache/hadoop/hadoop-kms/3.3.6/hadoop-kms-3.3.6-tests.jar:/home/runner/.m2/repository/org/apache/ozone/hdds-server-scm/1.4.0-SNAPSHOT/hdds-server-scm-1.4.0-SNAPSHOT-tests.jar:/home/runner/.m2/repository/org/apache/ozone/hdds-container-service/1.4.0-SNAPSHOT/hdds-container-service-1.4.0-SNAPSHOT-tests.jar:/home/runner/.m2/repository/com/github/luben/zstd-jni/1.5.2-5/zstd-jni-1.5.2-5.jar:/home/runner/.m2/repository/commons-codec/commons-codec/1.15/commons-codec-1.15.jar:/home/runner/.m2/repository/io/netty/netty-codec/4.1.94.Final/netty-codec-4.1.94.Final.jar:/home/runner/.m2/repository/io/netty/netty-handler/4.1.94.Final/netty-handler-4.1.94.Final.jar:/home/runner/.m2/repository/org/apache/ozone/hdds-hadoop-dependency-test/1.4.0-SNAPSHOT/hdds-hadoop-dependency-test-1.4.0-SNAPSHOT.jar:/home/runner/.m2/repository/org/apache/hadoop/hadoop-common/3.3.6/hadoop-common-3.3.6-tests.jar:/home/runner/.m2/repository/org/apache/hadoop/hadoop-hdfs/3.3.6/hadoop-hdfs-3.3.6-tests.jar:/home/runner/.m2/repository/org/assertj/assertj-core/3.12.2/assertj-core-3.12.2.jar:/home/runner/.m2/repository/org/apache/hadoop/hadoop-distcp/3.3.6/hadoop-distcp-3.3.6.jar:/home/runner/.m2/repository/org/apache/hadoop/hadoop-mapreduce-client-jobclient/3.3.6/hadoop-mapreduce-client-jobclient-3.3.6.jar:/home/runner/.m2/repository/org/apache/hadoop/hadoop-mapreduce-client-common/3.3.6/hadoop-mapreduce-client-common-3.3.6.jar:/home/runner/.m2/repository/org/apache/hadoop/hadoop-yarn-common/3.3.6/hadoop-yarn-common-3.3.6.jar:/home/runner/.m2/repository/org/apache/hadoop/hadoop-yarn-api/3.3.6/hadoop-yarn-api-3.3.6.jar:/home/runner/.m2/repository/com/sun/jersey/contribs/jersey-guice/1.19/jersey-guice-1.19.jar:/home/runner/.m2/repository/com/fasterxml/jackson/jaxrs/jackson-jaxrs-json-provider/2.13.4/jackson-jaxrs-json-provider-2.13.4.jar:/home/runner/.m2/repository/com/fasterxml/jackson/jaxrs/jackson-jaxrs-base/2.13.4/jackson-jaxrs-base-2.13.4.jar:/home/runner/.m2/repository/org/apache/hadoop/hadoop-yarn-client/3.3.6/hadoop-yarn-client-3.3.6.jar:/home/runner/.m2/repository/org/eclipse/jetty/websocket/websocket-client/9.4.51.v20230217/websocket-client-9.4.51.v20230217.jar:/home/runner/.m2/repository/org/eclipse/jetty/websocket/websocket-common/9.4.51.v20230217/websocket-common-9.4.51.v20230217.jar:/home/runner/.m2/repository/org/eclipse/jetty/websocket/websocket-api/9.4.51.v20230217/websocket-api-9.4.51.v20230217.jar:/home/runner/.m2/repository/org/jline/jline/3.9.0/jline-3.9.0.jar:/home/runner/.m2/repository/org/apache/hadoop/hadoop-mapreduce-client-core/3.3.6/hadoop-mapreduce-client-core-3.3.6.jar:/home/runner/.m2/repository/org/apache/avro/avro/1.7.7/avro-1.7.7.jar:/home/runner/.m2/repository/com/thoughtworks/paranamer/paranamer/2.3/paranamer-2.3.jar:/home/runner/.m2/repository/org/apache/hadoop/hadoop-annotations/3.3.6/hadoop-annotations-3.3.6.jar:/usr/lib/jvm/temurin-8-jdk-amd64/jre/../lib/tools.jar:/home/runner/.m2/repository/io/netty/netty/3.10.6.Final/netty-3.10.6.Final.jar:/home/runner/.m2/repository/org/apache/hadoop/hadoop-distcp/3.3.6/hadoop-distcp-3.3.6-tests.jar:/home/runner/.m2/repository/org/slf4j/jul-to-slf4j/1.7.36/jul-to-slf4j-1.7.36.jar:"/>
    <property name="java.vm.vendor" value="Temurin"/>
    <property name="sun.arch.data.model" value="64"/>
    <property name="test.build.dir" value="/home/runner/work/ozone/ozone/hadoop-ozone/integration-test/target/test-dir"/>
    <property name="test.cache.data" value=""/>
    <property name="java.vendor.url" value="https://adoptium.net/"/>
    <property name="user.timezone" value="Etc/UTC"/>
    <property name="java.vm.specification.version" value="1.8"/>
    <property name="os.name" value="Linux"/>
    <property name="test.build.data" value="/home/runner/work/ozone/ozone/hadoop-ozone/integration-test/target/test-dir"/>
    <property name="sun.java.launcher" value="SUN_STANDARD"/>
    <property name="sun.boot.library.path" value="/usr/lib/jvm/temurin-8-jdk-amd64/jre/lib/amd64"/>
    <property name="sun.java.command" value="/home/runner/work/ozone/ozone/hadoop-ozone/integration-test/target/surefire/surefirebooter589196280664565939.jar /home/runner/work/ozone/ozone/hadoop-ozone/integration-test/target/surefire 2023-08-31T10-14-17_796-jvmRun1 surefire8199426389236477045tmp surefire_163811177266293674136tmp"/>
    <property name="native.lib.tmp.dir" value="/tmp"/>
    <property name="surefire.test.class.path" value="/home/runner/work/ozone/ozone/hadoop-ozone/integration-test/target/test-classes:/home/runner/work/ozone/ozone/hadoop-ozone/integration-test/target/classes:/home/runner/.m2/repository/org/apache/ozone/ozone-common/1.4.0-SNAPSHOT/ozone-common-1.4.0-SNAPSHOT.jar:/home/runner/.m2/repository/io/grpc/grpc-netty/1.51.1/grpc-netty-1.51.1.jar:/home/runner/.m2/repository/io/grpc/grpc-core/1.51.1/grpc-core-1.51.1.jar:/home/runner/.m2/repository/com/google/android/annotations/4.1.1.4/annotations-4.1.1.4.jar:/home/runner/.m2/repository/org/codehaus/mojo/animal-sniffer-annotations/1.21/animal-sniffer-annotations-1.21.jar:/home/runner/.m2/repository/com/google/errorprone/error_prone_annotations/2.2.0/error_prone_annotations-2.2.0.jar:/home/runner/.m2/repository/io/perfmark/perfmark-api/0.25.0/perfmark-api-0.25.0.jar:/home/runner/.m2/repository/io/netty/netty-codec-http2/4.1.94.Final/netty-codec-http2-4.1.94.Final.jar:/home/runner/.m2/repository/io/netty/netty-common/4.1.94.Final/netty-common-4.1.94.Final.jar:/home/runner/.m2/repository/io/netty/netty-buffer/4.1.94.Final/netty-buffer-4.1.94.Final.jar:/home/runner/.m2/repository/io/netty/netty-codec-http/4.1.94.Final/netty-codec-http-4.1.94.Final.jar:/home/runner/.m2/repository/io/netty/netty-handler-proxy/4.1.94.Final/netty-handler-proxy-4.1.94.Final.jar:/home/runner/.m2/repository/io/netty/netty-codec-socks/4.1.94.Final/netty-codec-socks-4.1.94.Final.jar:/home/runner/.m2/repository/io/netty/netty-tcnative-boringssl-static/2.0.61.Final/netty-tcnative-boringssl-static-2.0.61.Final.jar:/home/runner/.m2/repository/io/netty/netty-tcnative-classes/2.0.61.Final/netty-tcnative-classes-2.0.61.Final.jar:/home/runner/.m2/repository/io/netty/netty-tcnative-boringssl-static/2.0.61.Final/netty-tcnative-boringssl-static-2.0.61.Final-linux-x86_64.jar:/home/runner/.m2/repository/io/netty/netty-tcnative-boringssl-static/2.0.61.Final/netty-tcnative-boringssl-static-2.0.61.Final-linux-aarch_64.jar:/home/runner/.m2/repository/io/netty/netty-tcnative-boringssl-static/2.0.61.Final/netty-tcnative-boringssl-static-2.0.61.Final-osx-x86_64.jar:/home/runner/.m2/repository/io/netty/netty-tcnative-boringssl-static/2.0.61.Final/netty-tcnative-boringssl-static-2.0.61.Final-osx-aarch_64.jar:/home/runner/.m2/repository/io/netty/netty-tcnative-boringssl-static/2.0.61.Final/netty-tcnative-boringssl-static-2.0.61.Final-windows-x86_64.jar:/home/runner/.m2/repository/org/apache/commons/commons-compress/1.21/commons-compress-1.21.jar:/home/runner/.m2/repository/org/apache/ozone/hdds-common/1.4.0-SNAPSHOT/hdds-common-1.4.0-SNAPSHOT.jar:/home/runner/.m2/repository/org/apache/ozone/hdds-client/1.4.0-SNAPSHOT/hdds-client-1.4.0-SNAPSHOT.jar:/home/runner/.m2/repository/org/apache/ozone/ozone-interface-client/1.4.0-SNAPSHOT/ozone-interface-client-1.4.0-SNAPSHOT.jar:/home/runner/.m2/repository/org/apache/hadoop/hadoop-hdfs-client/3.3.6/hadoop-hdfs-client-3.3.6.jar:/home/runner/.m2/repository/com/squareup/okhttp3/okhttp/4.9.3/okhttp-4.9.3.jar:/home/runner/.m2/repository/com/squareup/okio/okio/3.4.0/okio-3.4.0.jar:/home/runner/.m2/repository/com/squareup/okio/okio-jvm/3.4.0/okio-jvm-3.4.0.jar:/home/runner/.m2/repository/org/jetbrains/kotlin/kotlin-stdlib-jdk8/1.8.0/kotlin-stdlib-jdk8-1.8.0.jar:/home/runner/.m2/repository/org/jetbrains/kotlin/kotlin-stdlib-jdk7/1.8.0/kotlin-stdlib-jdk7-1.8.0.jar:/home/runner/.m2/repository/org/jetbrains/kotlin/kotlin-stdlib-common/1.6.21/kotlin-stdlib-common-1.6.21.jar:/home/runner/.m2/repository/org/apache/ozone/hdds-test-utils/1.4.0-SNAPSHOT/hdds-test-utils-1.4.0-SNAPSHOT.jar:/home/runner/.m2/repository/com/google/guava/guava/32.0.0-jre/guava-32.0.0-jre.jar:/home/runner/.m2/repository/com/google/guava/failureaccess/1.0.1/failureaccess-1.0.1.jar:/home/runner/.m2/repository/com/google/guava/listenablefuture/9999.0-empty-to-avoid-conflict-with-guava/listenablefuture-9999.0-empty-to-avoid-conflict-with-guava.jar:/home/runner/.m2/repository/com/google/code/findbugs/jsr305/3.0.0/jsr305-3.0.0.jar:/home/runner/.m2/repository/org/checkerframework/checker-qual/3.33.0/checker-qual-3.33.0.jar:/home/runner/.m2/repository/com/google/j2objc/j2objc-annotations/2.8/j2objc-annotations-2.8.jar:/home/runner/.m2/repository/commons-io/commons-io/2.11.0/commons-io-2.11.0.jar:/home/runner/.m2/repository/commons-logging/commons-logging/1.2/commons-logging-1.2.jar:/home/runner/.m2/repository/ch/qos/reload4j/reload4j/1.2.22/reload4j-1.2.22.jar:/home/runner/.m2/repository/org/slf4j/slf4j-api/1.7.36/slf4j-api-1.7.36.jar:/home/runner/.m2/repository/org/apache/logging/log4j/log4j-api/2.17.1/log4j-api-2.17.1.jar:/home/runner/.m2/repository/org/apache/ozone/hdds-server-scm/1.4.0-SNAPSHOT/hdds-server-scm-1.4.0-SNAPSHOT.jar:/home/runner/.m2/repository/org/apache/ozone/hdds-container-service/1.4.0-SNAPSHOT/hdds-container-service-1.4.0-SNAPSHOT.jar:/home/runner/.m2/repository/org/apache/ozone/hdds-hadoop-dependency-server/1.4.0-SNAPSHOT/hdds-hadoop-dependency-server-1.4.0-SNAPSHOT.jar:/home/runner/.m2/repository/org/apache/hadoop/hadoop-hdfs/3.3.6/hadoop-hdfs-3.3.6.jar:/home/runner/.m2/repository/commons-daemon/commons-daemon/1.0.13/commons-daemon-1.0.13.jar:/home/runner/.m2/repository/org/apache/ozone/hdds-server-framework/1.4.0-SNAPSHOT/hdds-server-framework-1.4.0-SNAPSHOT.jar:/home/runner/.m2/repository/io/dropwizard/metrics/metrics-core/3.2.4/metrics-core-3.2.4.jar:/home/runner/.m2/repository/org/apache/commons/commons-text/1.10.0/commons-text-1.10.0.jar:/home/runner/.m2/repository/org/bouncycastle/bcprov-jdk15on/1.67/bcprov-jdk15on-1.67.jar:/home/runner/.m2/repository/com/google/protobuf/protobuf-java/2.5.0/protobuf-java-2.5.0.jar:/home/runner/.m2/repository/org/apache/ozone/hdds-server-framework/1.4.0-SNAPSHOT/hdds-server-framework-1.4.0-SNAPSHOT-tests.jar:/home/runner/.m2/repository/org/apache/ozone/hdds-interface-server/1.4.0-SNAPSHOT/hdds-interface-server-1.4.0-SNAPSHOT.jar:/home/runner/.m2/repository/org/apache/ozone/hdds-interface-admin/1.4.0-SNAPSHOT/hdds-interface-admin-1.4.0-SNAPSHOT.jar:/home/runner/.m2/repository/org/apache/ozone/hdds-managed-rocksdb/1.4.0-SNAPSHOT/hdds-managed-rocksdb-1.4.0-SNAPSHOT.jar:/home/runner/.m2/repository/org/rocksdb/rocksdbjni/7.7.3/rocksdbjni-7.7.3.jar:/home/runner/.m2/repository/org/slf4j/slf4j-reload4j/1.7.36/slf4j-reload4j-1.7.36.jar:/home/runner/.m2/repository/org/apache/commons/commons-configuration2/2.1.1/commons-configuration2-2.1.1.jar:/home/runner/.m2/repository/commons-fileupload/commons-fileupload/1.5/commons-fileupload-1.5.jar:/home/runner/.m2/repository/org/apache/logging/log4j/log4j-core/2.17.1/log4j-core-2.17.1.jar:/home/runner/.m2/repository/com/lmax/disruptor/3.4.2/disruptor-3.4.2.jar:/home/runner/.m2/repository/org/eclipse/jetty/jetty-util/9.4.51.v20230217/jetty-util-9.4.51.v20230217.jar:/home/runner/.m2/repository/org/eclipse/jetty/jetty-server/9.4.51.v20230217/jetty-server-9.4.51.v20230217.jar:/home/runner/.m2/repository/org/eclipse/jetty/jetty-http/9.4.51.v20230217/jetty-http-9.4.51.v20230217.jar:/home/runner/.m2/repository/org/eclipse/jetty/jetty-io/9.4.51.v20230217/jetty-io-9.4.51.v20230217.jar:/home/runner/.m2/repository/org/eclipse/jetty/jetty-servlet/9.4.51.v20230217/jetty-servlet-9.4.51.v20230217.jar:/home/runner/.m2/repository/org/eclipse/jetty/jetty-security/9.4.51.v20230217/jetty-security-9.4.51.v20230217.jar:/home/runner/.m2/repository/org/eclipse/jetty/jetty-util-ajax/9.4.51.v20230217/jetty-util-ajax-9.4.51.v20230217.jar:/home/runner/.m2/repository/org/eclipse/jetty/jetty-webapp/9.4.51.v20230217/jetty-webapp-9.4.51.v20230217.jar:/home/runner/.m2/repository/org/eclipse/jetty/jetty-xml/9.4.51.v20230217/jetty-xml-9.4.51.v20230217.jar:/home/runner/.m2/repository/org/apache/ratis/ratis-server/2.5.1/ratis-server-2.5.1.jar:/home/runner/.m2/repository/org/apache/ratis/ratis-thirdparty-misc/1.0.4/ratis-thirdparty-misc-1.0.4.jar:/home/runner/.m2/repository/org/apache/ratis/ratis-proto/2.5.1/ratis-proto-2.5.1.jar:/home/runner/.m2/repository/org/apache/ratis/ratis-common/2.5.1/ratis-common-2.5.1.jar:/home/runner/.m2/repository/org/apache/ratis/ratis-client/2.5.1/ratis-client-2.5.1.jar:/home/runner/.m2/repository/org/apache/ratis/ratis-server-api/2.5.1/ratis-server-api-2.5.1.jar:/home/runner/.m2/repository/org/apache/ratis/ratis-metrics/2.5.1/ratis-metrics-2.5.1.jar:/home/runner/.m2/repository/io/prometheus/simpleclient_dropwizard/0.7.0/simpleclient_dropwizard-0.7.0.jar:/home/runner/.m2/repository/io/prometheus/simpleclient/0.7.0/simpleclient-0.7.0.jar:/home/runner/.m2/repository/io/prometheus/simpleclient_common/0.7.0/simpleclient_common-0.7.0.jar:/home/runner/.m2/repository/com/fasterxml/jackson/datatype/jackson-datatype-jsr310/2.13.4/jackson-datatype-jsr310-2.13.4.jar:/home/runner/.m2/repository/com/fasterxml/jackson/core/jackson-core/2.13.4/jackson-core-2.13.4.jar:/home/runner/.m2/repository/com/github/spotbugs/spotbugs-annotations/3.1.12/spotbugs-annotations-3.1.12.jar:/home/runner/.m2/repository/org/apache/ozone/rocksdb-checkpoint-differ/1.4.0-SNAPSHOT/rocksdb-checkpoint-differ-1.4.0-SNAPSHOT.jar:/home/runner/.m2/repository/org/jgrapht/jgrapht-core/1.0.1/jgrapht-core-1.0.1.jar:/home/runner/.m2/repository/org/jgrapht/jgrapht-ext/1.0.1/jgrapht-ext-1.0.1.jar:/home/runner/.m2/repository/org/tinyjee/jgraphx/jgraphx/2.0.0.1/jgraphx-2.0.0.1.jar:/home/runner/.m2/repository/jgraph/jgraph/5.13.0.0/jgraph-5.13.0.0.jar:/home/runner/.m2/repository/org/antlr/antlr4-runtime/4.5.3/antlr4-runtime-4.5.3.jar:/home/runner/.m2/repository/org/awaitility/awaitility/4.2.0/awaitility-4.2.0.jar:/home/runner/.m2/repository/org/hamcrest/hamcrest/2.1/hamcrest-2.1.jar:/home/runner/.m2/repository/org/apache/ozone/ozone-manager/1.4.0-SNAPSHOT/ozone-manager-1.4.0-SNAPSHOT.jar:/home/runner/.m2/repository/org/aspectj/aspectjrt/1.9.7/aspectjrt-1.9.7.jar:/home/runner/.m2/repository/org/aspectj/aspectjweaver/1.9.7/aspectjweaver-1.9.7.jar:/home/runner/.m2/repository/org/apache/ozone/hdds-interface-client/1.4.0-SNAPSHOT/hdds-interface-client-1.4.0-SNAPSHOT.jar:/home/runner/.m2/repository/org/apache/hadoop/thirdparty/hadoop-shaded-protobuf_3_7/1.1.1/hadoop-shaded-protobuf_3_7-1.1.1.jar:/home/runner/.m2/repository/org/apache/ozone/ozone-interface-storage/1.4.0-SNAPSHOT/ozone-interface-storage-1.4.0-SNAPSHOT.jar:/home/runner/.m2/repository/org/reflections/reflections/0.9.11/reflections-0.9.11.jar:/home/runner/.m2/repository/com/sun/jersey/jersey-client/1.19/jersey-client-1.19.jar:/home/runner/.m2/repository/org/codehaus/jackson/jackson-core-asl/1.9.13/jackson-core-asl-1.9.13.jar:/home/runner/.m2/repository/org/codehaus/jackson/jackson-mapper-asl/1.9.13/jackson-mapper-asl-1.9.13.jar:/home/runner/.m2/repository/org/codehaus/jackson/jackson-jaxrs/1.9.13/jackson-jaxrs-1.9.13.jar:/home/runner/.m2/repository/org/apache/ranger/ranger-intg/2.3.0/ranger-intg-2.3.0.jar:/home/runner/.m2/repository/org/apache/ranger/ranger-plugins-common/2.3.0/ranger-plugins-common-2.3.0.jar:/home/runner/.m2/repository/commons-lang/commons-lang/2.6/commons-lang-2.6.jar:/home/runner/.m2/repository/org/apache/ranger/ranger-plugins-cred/2.3.0/ranger-plugins-cred-2.3.0.jar:/home/runner/.m2/repository/org/apache/ranger/ranger-plugins-audit/2.3.0/ranger-plugins-audit-2.3.0.jar:/home/runner/.m2/repository/org/eclipse/jetty/jetty-client/9.4.51.v20230217/jetty-client-9.4.51.v20230217.jar:/home/runner/.m2/repository/org/apache/httpcomponents/httpmime/4.5.6/httpmime-4.5.6.jar:/home/runner/.m2/repository/org/apache/httpcomponents/httpcore-nio/4.4.13/httpcore-nio-4.4.13.jar:/home/runner/.m2/repository/org/apache/httpcomponents/httpasyncclient/4.1.3/httpasyncclient-4.1.3.jar:/home/runner/.m2/repository/com/carrotsearch/hppc/0.8.0/hppc-0.8.0.jar:/home/runner/.m2/repository/org/apache/orc/orc-core/1.5.8/orc-core-1.5.8.jar:/home/runner/.m2/repository/net/java/dev/jna/jna/5.2.0/jna-5.2.0.jar:/home/runner/.m2/repository/net/java/dev/jna/jna-platform/5.2.0/jna-platform-5.2.0.jar:/home/runner/.m2/repository/com/kstruct/gethostname4j/0.0.2/gethostname4j-0.0.2.jar:/home/runner/.m2/repository/org/apache/ranger/ranger-plugin-classloader/2.3.0/ranger-plugin-classloader-2.3.0.jar:/home/runner/.m2/repository/org/apache/ozone/hdds-rocks-native/1.4.0-SNAPSHOT/hdds-rocks-native-1.4.0-SNAPSHOT.jar:/home/runner/.m2/repository/org/apache/hadoop/hadoop-minikdc/3.3.6/hadoop-minikdc-3.3.6.jar:/home/runner/.m2/repository/org/apache/kerby/kerb-simplekdc/1.0.1/kerb-simplekdc-1.0.1.jar:/home/runner/.m2/repository/org/apache/kerby/kerb-client/1.0.1/kerb-client-1.0.1.jar:/home/runner/.m2/repository/org/apache/kerby/kerby-config/1.0.1/kerby-config-1.0.1.jar:/home/runner/.m2/repository/org/apache/kerby/kerb-common/1.0.1/kerb-common-1.0.1.jar:/home/runner/.m2/repository/org/apache/kerby/kerb-crypto/1.0.1/kerb-crypto-1.0.1.jar:/home/runner/.m2/repository/org/apache/kerby/kerb-util/1.0.1/kerb-util-1.0.1.jar:/home/runner/.m2/repository/org/apache/kerby/token-provider/1.0.1/token-provider-1.0.1.jar:/home/runner/.m2/repository/org/apache/kerby/kerb-admin/1.0.1/kerb-admin-1.0.1.jar:/home/runner/.m2/repository/org/apache/kerby/kerb-server/1.0.1/kerb-server-1.0.1.jar:/home/runner/.m2/repository/org/apache/kerby/kerb-identity/1.0.1/kerb-identity-1.0.1.jar:/home/runner/.m2/repository/org/apache/kerby/kerby-xdr/1.0.1/kerby-xdr-1.0.1.jar:/home/runner/.m2/repository/org/apache/ozone/ozone-s3gateway/1.4.0-SNAPSHOT/ozone-s3gateway-1.4.0-SNAPSHOT.jar:/home/runner/.m2/repository/org/javassist/javassist/3.21.0-GA/javassist-3.21.0-GA.jar:/home/runner/.m2/repository/org/jboss/weld/servlet/weld-servlet-shaded/3.1.9.Final/weld-servlet-shaded-3.1.9.Final.jar:/home/runner/.m2/repository/org/glassfish/jersey/containers/jersey-container-servlet-core/2.34/jersey-container-servlet-core-2.34.jar:/home/runner/.m2/repository/org/glassfish/hk2/external/jakarta.inject/2.6.1/jakarta.inject-2.6.1.jar:/home/runner/.m2/repository/org/glassfish/jersey/core/jersey-common/2.34/jersey-common-2.34.jar:/home/runner/.m2/repository/jakarta/ws/rs/jakarta.ws.rs-api/2.1.6/jakarta.ws.rs-api-2.1.6.jar:/home/runner/.m2/repository/org/glassfish/jersey/ext/cdi/jersey-cdi1x/2.34/jersey-cdi1x-2.34.jar:/home/runner/.m2/repository/org/glassfish/jersey/inject/jersey-hk2/2.34/jersey-hk2-2.34.jar:/home/runner/.m2/repository/org/glassfish/hk2/hk2-locator/2.6.1/hk2-locator-2.6.1.jar:/home/runner/.m2/repository/org/glassfish/jersey/media/jersey-media-jaxb/2.34/jersey-media-jaxb-2.34.jar:/home/runner/.m2/repository/org/glassfish/hk2/osgi-resource-locator/1.0.3/osgi-resource-locator-1.0.3.jar:/home/runner/.m2/repository/org/glassfish/hk2/hk2-api/2.5.0/hk2-api-2.5.0.jar:/home/runner/.m2/repository/org/glassfish/hk2/hk2-utils/2.5.0/hk2-utils-2.5.0.jar:/home/runner/.m2/repository/org/glassfish/hk2/external/aopalliance-repackaged/2.5.0/aopalliance-repackaged-2.5.0.jar:/home/runner/.m2/repository/com/fasterxml/jackson/dataformat/jackson-dataformat-xml/2.13.4/jackson-dataformat-xml-2.13.4.jar:/home/runner/.m2/repository/org/codehaus/woodstox/stax2-api/4.2.1/stax2-api-4.2.1.jar:/home/runner/.m2/repository/com/fasterxml/woodstox/woodstox-core/5.4.0/woodstox-core-5.4.0.jar:/home/runner/.m2/repository/com/fasterxml/jackson/module/jackson-module-jaxb-annotations/2.13.4/jackson-module-jaxb-annotations-2.13.4.jar:/home/runner/.m2/repository/jakarta/xml/bind/jakarta.xml.bind-api/2.3.3/jakarta.xml.bind-api-2.3.3.jar:/home/runner/.m2/repository/jakarta/activation/jakarta.activation-api/1.2.2/jakarta.activation-api-1.2.2.jar:/home/runner/.m2/repository/javax/enterprise/cdi-api/2.0/cdi-api-2.0.jar:/home/runner/.m2/repository/javax/el/javax.el-api/3.0.0/javax.el-api-3.0.0.jar:/home/runner/.m2/repository/javax/interceptor/javax.interceptor-api/1.2/javax.interceptor-api-1.2.jar:/home/runner/.m2/repository/javax/inject/javax.inject/1/javax.inject-1.jar:/home/runner/.m2/repository/javax/xml/bind/jaxb-api/2.3.0/jaxb-api-2.3.0.jar:/home/runner/.m2/repository/org/glassfish/jaxb/jaxb-runtime/2.3.0.1/jaxb-runtime-2.3.0.1.jar:/home/runner/.m2/repository/org/glassfish/jaxb/jaxb-core/2.3.0.1/jaxb-core-2.3.0.1.jar:/home/runner/.m2/repository/org/glassfish/jaxb/txw2/2.3.0.1/txw2-2.3.0.1.jar:/home/runner/.m2/repository/com/sun/istack/istack-commons-runtime/3.0.5/istack-commons-runtime-3.0.5.jar:/home/runner/.m2/repository/org/jvnet/staxex/stax-ex/1.7.8/stax-ex-1.7.8.jar:/home/runner/.m2/repository/com/sun/xml/fastinfoset/FastInfoset/1.2.13/FastInfoset-1.2.13.jar:/home/runner/.m2/repository/javax/activation/activation/1.1.1/activation-1.1.1.jar:/home/runner/.m2/repository/io/grpc/grpc-protobuf/1.51.1/grpc-protobuf-1.51.1.jar:/home/runner/.m2/repository/com/google/api/grpc/proto-google-common-protos/2.9.0/proto-google-common-protos-2.9.0.jar:/home/runner/.m2/repository/io/grpc/grpc-protobuf-lite/1.51.1/grpc-protobuf-lite-1.51.1.jar:/home/runner/.m2/repository/io/grpc/grpc-stub/1.51.1/grpc-stub-1.51.1.jar:/home/runner/.m2/repository/io/netty/netty-transport/4.1.94.Final/netty-transport-4.1.94.Final.jar:/home/runner/.m2/repository/io/netty/netty-resolver/4.1.94.Final/netty-resolver-4.1.94.Final.jar:/home/runner/.m2/repository/org/apache/ozone/ozone-csi/1.4.0-SNAPSHOT/ozone-csi-1.4.0-SNAPSHOT.jar:/home/runner/.m2/repository/com/google/protobuf/protobuf-java-util/3.19.6/protobuf-java-util-3.19.6.jar:/home/runner/.m2/repository/com/google/code/gson/gson/2.9.0/gson-2.9.0.jar:/home/runner/.m2/repository/org/apache/ozone/hdds-config/1.4.0-SNAPSHOT/hdds-config-1.4.0-SNAPSHOT.jar:/home/runner/.m2/repository/io/netty/netty-transport-native-epoll/4.1.94.Final/netty-transport-native-epoll-4.1.94.Final-linux-x86_64.jar:/home/runner/.m2/repository/io/netty/netty-transport-classes-epoll/4.1.94.Final/netty-transport-classes-epoll-4.1.94.Final.jar:/home/runner/.m2/repository/io/netty/netty-transport-native-unix-common/4.1.94.Final/netty-transport-native-unix-common-4.1.94.Final.jar:/home/runner/.m2/repository/org/apache/ozone/ozone-recon/1.4.0-SNAPSHOT/ozone-recon-1.4.0-SNAPSHOT.jar:/home/runner/.m2/repository/org/apache/ozone/ozone-reconcodegen/1.4.0-SNAPSHOT/ozone-reconcodegen-1.4.0-SNAPSHOT.jar:/home/runner/.m2/repository/com/google/inject/guice/5.1.0/guice-5.1.0.jar:/home/runner/.m2/repository/aopalliance/aopalliance/1.0/aopalliance-1.0.jar:/home/runner/.m2/repository/com/google/inject/extensions/guice-assistedinject/5.1.0/guice-assistedinject-5.1.0.jar:/home/runner/.m2/repository/com/google/inject/extensions/guice-servlet/5.1.0/guice-servlet-5.1.0.jar:/home/runner/.m2/repository/org/glassfish/jersey/containers/jersey-container-servlet/2.34/jersey-container-servlet-2.34.jar:/home/runner/.m2/repository/org/glassfish/hk2/guice-bridge/2.5.0/guice-bridge-2.5.0.jar:/home/runner/.m2/repository/org/glassfish/jersey/core/jersey-server/2.34/jersey-server-2.34.jar:/home/runner/.m2/repository/org/glassfish/jersey/core/jersey-client/2.34/jersey-client-2.34.jar:/home/runner/.m2/repository/jakarta/annotation/jakarta.annotation-api/1.3.5/jakarta.annotation-api-1.3.5.jar:/home/runner/.m2/repository/jakarta/validation/jakarta.validation-api/2.0.2/jakarta.validation-api-2.0.2.jar:/home/runner/.m2/repository/org/glassfish/jersey/media/jersey-media-json-jackson/2.34/jersey-media-json-jackson-2.34.jar:/home/runner/.m2/repository/org/glassfish/jersey/ext/jersey-entity-filtering/2.34/jersey-entity-filtering-2.34.jar:/home/runner/.m2/repository/org/jooq/jooq/3.11.10/jooq-3.11.10.jar:/home/runner/.m2/repository/org/jooq/jooq-meta/3.11.10/jooq-meta-3.11.10.jar:/home/runner/.m2/repository/org/jooq/jooq-codegen/3.11.10/jooq-codegen-3.11.10.jar:/home/runner/.m2/repository/com/jolbox/bonecp/0.8.0.RELEASE/bonecp-0.8.0.RELEASE.jar:/home/runner/.m2/repository/org/apache/derby/derby/10.14.2.0/derby-10.14.2.0.jar:/home/runner/.m2/repository/org/xerial/sqlite-jdbc/3.41.2.2/sqlite-jdbc-3.41.2.2.jar:/home/runner/.m2/repository/org/springframework/spring-jdbc/5.3.27/spring-jdbc-5.3.27.jar:/home/runner/.m2/repository/org/springframework/spring-beans/5.3.27/spring-beans-5.3.27.jar:/home/runner/.m2/repository/org/springframework/spring-core/5.3.27/spring-core-5.3.27.jar:/home/runner/.m2/repository/org/springframework/spring-tx/5.3.27/spring-tx-5.3.27.jar:/home/runner/.m2/repository/org/apache/ozone/ozone-client/1.4.0-SNAPSHOT/ozone-client-1.4.0-SNAPSHOT.jar:/home/runner/.m2/repository/org/apache/ozone/hdds-erasurecode/1.4.0-SNAPSHOT/hdds-erasurecode-1.4.0-SNAPSHOT.jar:/home/runner/.m2/repository/org/apache/ozone/ozone-filesystem/1.4.0-SNAPSHOT/ozone-filesystem-1.4.0-SNAPSHOT.jar:/home/runner/.m2/repository/org/apache/ozone/ozone-filesystem-common/1.4.0-SNAPSHOT/ozone-filesystem-common-1.4.0-SNAPSHOT.jar:/home/runner/.m2/repository/org/apache/ozone/ozone-tools/1.4.0-SNAPSHOT/ozone-tools-1.4.0-SNAPSHOT.jar:/home/runner/.m2/repository/com/amazonaws/aws-java-sdk-core/1.12.261/aws-java-sdk-core-1.12.261.jar:/home/runner/.m2/repository/org/apache/httpcomponents/httpclient/4.5.13/httpclient-4.5.13.jar:/home/runner/.m2/repository/org/apache/httpcomponents/httpcore/4.4.13/httpcore-4.4.13.jar:/home/runner/.m2/repository/software/amazon/ion/ion-java/1.0.2/ion-java-1.0.2.jar:/home/runner/.m2/repository/com/fasterxml/jackson/dataformat/jackson-dataformat-cbor/2.13.4/jackson-dataformat-cbor-2.13.4.jar:/home/runner/.m2/repository/joda-time/joda-time/2.10.6/joda-time-2.10.6.jar:/home/runner/.m2/repository/com/amazonaws/aws-java-sdk-s3/1.12.261/aws-java-sdk-s3-1.12.261.jar:/home/runner/.m2/repository/com/amazonaws/aws-java-sdk-kms/1.12.261/aws-java-sdk-kms-1.12.261.jar:/home/runner/.m2/repository/com/amazonaws/jmespath-java/1.12.261/jmespath-java-1.12.261.jar:/home/runner/.m2/repository/org/kohsuke/metainf-services/metainf-services/1.8/metainf-services-1.8.jar:/home/runner/.m2/repository/org/apache/ozone/hdds-tools/1.4.0-SNAPSHOT/hdds-tools-1.4.0-SNAPSHOT.jar:/home/runner/.m2/repository/org/apache/ratis/ratis-tools/2.5.1/ratis-tools-2.5.1.jar:/home/runner/.m2/repository/commons-cli/commons-cli/1.2/commons-cli-1.2.jar:/home/runner/.m2/repository/org/apache/commons/commons-lang3/3.7/commons-lang3-3.7.jar:/home/runner/.m2/repository/org/apache/ozone/ozone-manager/1.4.0-SNAPSHOT/ozone-manager-1.4.0-SNAPSHOT-tests.jar:/home/runner/.m2/repository/org/apache/ozone/hdds-common/1.4.0-SNAPSHOT/hdds-common-1.4.0-SNAPSHOT-tests.jar:/home/runner/.m2/repository/org/apache/ozone/hdds-hadoop-dependency-client/1.4.0-SNAPSHOT/hdds-hadoop-dependency-client-1.4.0-SNAPSHOT.jar:/home/runner/.m2/repository/info/picocli/picocli/4.6.1/picocli-4.6.1.jar:/home/runner/.m2/repository/com/fasterxml/jackson/core/jackson-annotations/2.13.4/jackson-annotations-2.13.4.jar:/home/runner/.m2/repository/org/apache/ozone/hdds-annotation-processing/1.4.0-SNAPSHOT/hdds-annotation-processing-1.4.0-SNAPSHOT.jar:/home/runner/.m2/repository/javax/annotation/javax.annotation-api/1.2/javax.annotation-api-1.2.jar:/home/runner/.m2/repository/org/apache/ratis/ratis-netty/2.5.1/ratis-netty-2.5.1.jar:/home/runner/.m2/repository/org/apache/ratis/ratis-grpc/2.5.1/ratis-grpc-2.5.1.jar:/home/runner/.m2/repository/org/apache/commons/commons-pool2/2.6.0/commons-pool2-2.6.0.jar:/home/runner/.m2/repository/org/bouncycastle/bcpkix-jdk15on/1.67/bcpkix-jdk15on-1.67.jar:/home/runner/.m2/repository/commons-validator/commons-validator/1.6/commons-validator-1.6.jar:/home/runner/.m2/repository/commons-beanutils/commons-beanutils/1.9.4/commons-beanutils-1.9.4.jar:/home/runner/.m2/repository/commons-digester/commons-digester/1.8.1/commons-digester-1.8.1.jar:/home/runner/.m2/repository/commons-collections/commons-collections/3.2.2/commons-collections-3.2.2.jar:/home/runner/.m2/repository/io/jaegertracing/jaeger-client/1.6.0/jaeger-client-1.6.0.jar:/home/runner/.m2/repository/io/jaegertracing/jaeger-thrift/1.6.0/jaeger-thrift-1.6.0.jar:/home/runner/.m2/repository/org/apache/thrift/libthrift/0.14.1/libthrift-0.14.1.jar:/home/runner/.m2/repository/io/jaegertracing/jaeger-core/1.6.0/jaeger-core-1.6.0.jar:/home/runner/.m2/repository/io/jaegertracing/jaeger-tracerresolver/1.6.0/jaeger-tracerresolver-1.6.0.jar:/home/runner/.m2/repository/io/opentracing/contrib/opentracing-tracerresolver/0.1.8/opentracing-tracerresolver-0.1.8.jar:/home/runner/.m2/repository/org/jetbrains/kotlin/kotlin-stdlib/1.6.21/kotlin-stdlib-1.6.21.jar:/home/runner/.m2/repository/org/jetbrains/annotations/13.0/annotations-13.0.jar:/home/runner/.m2/repository/io/opentracing/opentracing-util/0.33.0/opentracing-util-0.33.0.jar:/home/runner/.m2/repository/io/opentracing/opentracing-api/0.33.0/opentracing-api-0.33.0.jar:/home/runner/.m2/repository/io/opentracing/opentracing-noop/0.33.0/opentracing-noop-0.33.0.jar:/home/runner/.m2/repository/org/yaml/snakeyaml/2.0/snakeyaml-2.0.jar:/home/runner/.m2/repository/io/grpc/grpc-api/1.51.1/grpc-api-1.51.1.jar:/home/runner/.m2/repository/io/grpc/grpc-context/1.51.1/grpc-context-1.51.1.jar:/home/runner/.m2/repository/junit/junit/4.13.1/junit-4.13.1.jar:/home/runner/.m2/repository/org/hamcrest/hamcrest-core/1.3/hamcrest-core-1.3.jar:/home/runner/.m2/repository/org/junit/jupiter/junit-jupiter-api/5.8.2/junit-jupiter-api-5.8.2.jar:/home/runner/.m2/repository/org/opentest4j/opentest4j/1.2.0/opentest4j-1.2.0.jar:/home/runner/.m2/repository/org/junit/platform/junit-platform-commons/1.8.2/junit-platform-commons-1.8.2.jar:/home/runner/.m2/repository/org/apiguardian/apiguardian-api/1.1.2/apiguardian-api-1.1.2.jar:/home/runner/.m2/repository/org/junit/jupiter/junit-jupiter-params/5.8.2/junit-jupiter-params-5.8.2.jar:/home/runner/.m2/repository/org/junit/jupiter/junit-jupiter-migrationsupport/5.8.2/junit-jupiter-migrationsupport-5.8.2.jar:/home/runner/.m2/repository/org/junit/jupiter/junit-jupiter-engine/5.8.2/junit-jupiter-engine-5.8.2.jar:/home/runner/.m2/repository/org/junit/platform/junit-platform-engine/1.8.2/junit-platform-engine-1.8.2.jar:/home/runner/.m2/repository/org/junit/vintage/junit-vintage-engine/5.8.2/junit-vintage-engine-5.8.2.jar:/home/runner/.m2/repository/org/junit/platform/junit-platform-launcher/1.8.2/junit-platform-launcher-1.8.2.jar:/home/runner/.m2/repository/org/mockito/mockito-core/3.5.9/mockito-core-3.5.9.jar:/home/runner/.m2/repository/net/bytebuddy/byte-buddy/1.10.13/byte-buddy-1.10.13.jar:/home/runner/.m2/repository/net/bytebuddy/byte-buddy-agent/1.10.13/byte-buddy-agent-1.10.13.jar:/home/runner/.m2/repository/org/objenesis/objenesis/1.0/objenesis-1.0.jar:/home/runner/.m2/repository/org/apache/hadoop/hadoop-kms/3.3.6/hadoop-kms-3.3.6.jar:/home/runner/.m2/repository/org/apache/hadoop/hadoop-auth/3.3.6/hadoop-auth-3.3.6.jar:/home/runner/.m2/repository/com/nimbusds/nimbus-jose-jwt/9.8.1/nimbus-jose-jwt-9.8.1.jar:/home/runner/.m2/repository/com/github/stephenc/jcip/jcip-annotations/1.0-1/jcip-annotations-1.0-1.jar:/home/runner/.m2/repository/org/apache/zookeeper/zookeeper/3.5.6/zookeeper-3.5.6.jar:/home/runner/.m2/repository/org/apache/zookeeper/zookeeper-jute/3.5.6/zookeeper-jute-3.5.6.jar:/home/runner/.m2/repository/org/apache/yetus/audience-annotations/0.5.0/audience-annotations-0.5.0.jar:/home/runner/.m2/repository/org/apache/curator/curator-framework/4.2.0/curator-framework-4.2.0.jar:/home/runner/.m2/repository/org/apache/hadoop/thirdparty/hadoop-shaded-guava/1.1.1/hadoop-shaded-guava-1.1.1.jar:/home/runner/.m2/repository/com/sun/jersey/jersey-core/1.19/jersey-core-1.19.jar:/home/runner/.m2/repository/javax/ws/rs/jsr311-api/1.1.1/jsr311-api-1.1.1.jar:/home/runner/.m2/repository/com/sun/jersey/jersey-server/1.19/jersey-server-1.19.jar:/home/runner/.m2/repository/javax/servlet/javax.servlet-api/3.1.0/javax.servlet-api-3.1.0.jar:/home/runner/.m2/repository/org/apache/hadoop/hadoop-common/3.3.6/hadoop-common-3.3.6.jar:/home/runner/.m2/repository/org/apache/commons/commons-math3/3.1.1/commons-math3-3.1.1.jar:/home/runner/.m2/repository/commons-net/commons-net/3.9.0/commons-net-3.9.0.jar:/home/runner/.m2/repository/com/sun/jersey/jersey-servlet/1.19/jersey-servlet-1.19.jar:/home/runner/.m2/repository/com/github/pjfanning/jersey-json/1.20/jersey-json-1.20.jar:/home/runner/.m2/repository/org/codehaus/jettison/jettison/1.1/jettison-1.1.jar:/home/runner/.m2/repository/com/sun/xml/bind/jaxb-impl/2.2.3-1/jaxb-impl-2.2.3-1.jar:/home/runner/.m2/repository/com/google/re2j/re2j/1.1/re2j-1.1.jar:/home/runner/.m2/repository/com/jcraft/jsch/0.1.54/jsch-0.1.54.jar:/home/runner/.m2/repository/org/apache/curator/curator-client/4.2.0/curator-client-4.2.0.jar:/home/runner/.m2/repository/org/apache/curator/curator-recipes/5.2.0/curator-recipes-5.2.0.jar:/home/runner/.m2/repository/org/apache/kerby/kerb-core/1.0.1/kerb-core-1.0.1.jar:/home/runner/.m2/repository/org/apache/kerby/kerby-pkix/1.0.1/kerby-pkix-1.0.1.jar:/home/runner/.m2/repository/org/apache/kerby/kerby-asn1/1.0.1/kerby-asn1-1.0.1.jar:/home/runner/.m2/repository/org/apache/kerby/kerby-util/1.0.1/kerby-util-1.0.1.jar:/home/runner/.m2/repository/dnsjava/dnsjava/2.1.7/dnsjava-2.1.7.jar:/home/runner/.m2/repository/org/xerial/snappy/snappy-java/1.1.8.2/snappy-java-1.1.8.2.jar:/home/runner/.m2/repository/com/fasterxml/jackson/core/jackson-databind/2.13.4.2/jackson-databind-2.13.4.2.jar:/home/runner/.m2/repository/org/apache/hadoop/hadoop-kms/3.3.6/hadoop-kms-3.3.6-tests.jar:/home/runner/.m2/repository/org/apache/ozone/hdds-server-scm/1.4.0-SNAPSHOT/hdds-server-scm-1.4.0-SNAPSHOT-tests.jar:/home/runner/.m2/repository/org/apache/ozone/hdds-container-service/1.4.0-SNAPSHOT/hdds-container-service-1.4.0-SNAPSHOT-tests.jar:/home/runner/.m2/repository/com/github/luben/zstd-jni/1.5.2-5/zstd-jni-1.5.2-5.jar:/home/runner/.m2/repository/commons-codec/commons-codec/1.15/commons-codec-1.15.jar:/home/runner/.m2/repository/io/netty/netty-codec/4.1.94.Final/netty-codec-4.1.94.Final.jar:/home/runner/.m2/repository/io/netty/netty-handler/4.1.94.Final/netty-handler-4.1.94.Final.jar:/home/runner/.m2/repository/org/apache/ozone/hdds-hadoop-dependency-test/1.4.0-SNAPSHOT/hdds-hadoop-dependency-test-1.4.0-SNAPSHOT.jar:/home/runner/.m2/repository/org/apache/hadoop/hadoop-common/3.3.6/hadoop-common-3.3.6-tests.jar:/home/runner/.m2/repository/org/apache/hadoop/hadoop-hdfs/3.3.6/hadoop-hdfs-3.3.6-tests.jar:/home/runner/.m2/repository/org/assertj/assertj-core/3.12.2/assertj-core-3.12.2.jar:/home/runner/.m2/repository/org/apache/hadoop/hadoop-distcp/3.3.6/hadoop-distcp-3.3.6.jar:/home/runner/.m2/repository/org/apache/hadoop/hadoop-mapreduce-client-jobclient/3.3.6/hadoop-mapreduce-client-jobclient-3.3.6.jar:/home/runner/.m2/repository/org/apache/hadoop/hadoop-mapreduce-client-common/3.3.6/hadoop-mapreduce-client-common-3.3.6.jar:/home/runner/.m2/repository/org/apache/hadoop/hadoop-yarn-common/3.3.6/hadoop-yarn-common-3.3.6.jar:/home/runner/.m2/repository/org/apache/hadoop/hadoop-yarn-api/3.3.6/hadoop-yarn-api-3.3.6.jar:/home/runner/.m2/repository/com/sun/jersey/contribs/jersey-guice/1.19/jersey-guice-1.19.jar:/home/runner/.m2/repository/com/fasterxml/jackson/jaxrs/jackson-jaxrs-json-provider/2.13.4/jackson-jaxrs-json-provider-2.13.4.jar:/home/runner/.m2/repository/com/fasterxml/jackson/jaxrs/jackson-jaxrs-base/2.13.4/jackson-jaxrs-base-2.13.4.jar:/home/runner/.m2/repository/org/apache/hadoop/hadoop-yarn-client/3.3.6/hadoop-yarn-client-3.3.6.jar:/home/runner/.m2/repository/org/eclipse/jetty/websocket/websocket-client/9.4.51.v20230217/websocket-client-9.4.51.v20230217.jar:/home/runner/.m2/repository/org/eclipse/jetty/websocket/websocket-common/9.4.51.v20230217/websocket-common-9.4.51.v20230217.jar:/home/runner/.m2/repository/org/eclipse/jetty/websocket/websocket-api/9.4.51.v20230217/websocket-api-9.4.51.v20230217.jar:/home/runner/.m2/repository/org/jline/jline/3.9.0/jline-3.9.0.jar:/home/runner/.m2/repository/org/apache/hadoop/hadoop-mapreduce-client-core/3.3.6/hadoop-mapreduce-client-core-3.3.6.jar:/home/runner/.m2/repository/org/apache/avro/avro/1.7.7/avro-1.7.7.jar:/home/runner/.m2/repository/com/thoughtworks/paranamer/paranamer/2.3/paranamer-2.3.jar:/home/runner/.m2/repository/org/apache/hadoop/hadoop-annotations/3.3.6/hadoop-annotations-3.3.6.jar:/usr/lib/jvm/temurin-8-jdk-amd64/jre/../lib/tools.jar:/home/runner/.m2/repository/io/netty/netty/3.10.6.Final/netty-3.10.6.Final.jar:/home/runner/.m2/repository/org/apache/hadoop/hadoop-distcp/3.3.6/hadoop-distcp-3.3.6-tests.jar:/home/runner/.m2/repository/org/slf4j/jul-to-slf4j/1.7.36/jul-to-slf4j-1.7.36.jar:"/>
    <property name="sun.cpu.endian" value="little"/>
    <property name="user.home" value="/home/runner"/>
    <property name="user.language" value="en"/>
    <property name="java.specification.vendor" value="Oracle Corporation"/>
    <property name="java.home" value="/usr/lib/jvm/temurin-8-jdk-amd64/jre"/>
    <property name="java.security.krb5.conf" value="/home/runner/work/ozone/ozone/hadoop-ozone/integration-test/target/test-classes/krb5.conf"/>
    <property name="basedir" value="/home/runner/work/ozone/ozone/hadoop-ozone/integration-test"/>
    <property name="file.separator" value="/"/>
    <property name="line.separator" value="&#10;"/>
    <property name="java.vm.specification.vendor" value="Oracle Corporation"/>
    <property name="java.specification.name" value="Java Platform API Specification"/>
    <property name="java.awt.graphicsenv" value="sun.awt.X11GraphicsEnvironment"/>
    <property name="skip.installnpx" value="true"/>
    <property name="surefire.real.class.path" value="/home/runner/work/ozone/ozone/hadoop-ozone/integration-test/target/surefire/surefirebooter589196280664565939.jar:/home/runner/.m2/repository/org/jacoco/org.jacoco.agent/0.8.5/org.jacoco.agent-0.8.5-runtime.jar"/>
    <property name="hadoop.log.dir" value="/home/runner/work/ozone/ozone/hadoop-ozone/integration-test/target/log"/>
    <property name="sun.boot.class.path" value="/usr/lib/jvm/temurin-8-jdk-amd64/jre/lib/resources.jar:/usr/lib/jvm/temurin-8-jdk-amd64/jre/lib/rt.jar:/usr/lib/jvm/temurin-8-jdk-amd64/jre/lib/sunrsasign.jar:/usr/lib/jvm/temurin-8-jdk-amd64/jre/lib/jsse.jar:/usr/lib/jvm/temurin-8-jdk-amd64/jre/lib/jce.jar:/usr/lib/jvm/temurin-8-jdk-amd64/jre/lib/charsets.jar:/usr/lib/jvm/temurin-8-jdk-amd64/jre/lib/jfr.jar:/usr/lib/jvm/temurin-8-jdk-amd64/jre/classes"/>
    <property name="sun.management.compiler" value="HotSpot 64-Bit Tiered Compilers"/>
    <property name="skip.npx" value="true"/>
    <property name="java.runtime.version" value="1.8.0_382-b05"/>
    <property name="java.net.preferIPv4Stack" value="true"/>
    <property name="user.name" value="runner"/>
    <property name="path.separator" value=":"/>
    <property name="java.security.egd" value="file:///dev/urandom"/>
    <property name="os.version" value="5.15.0-1042-azure"/>
    <property name="java.endorsed.dirs" value="/usr/lib/jvm/temurin-8-jdk-amd64/jre/lib/endorsed"/>
    <property name="java.runtime.name" value="OpenJDK Runtime Environment"/>
    <property name="file.encoding" value="UTF-8"/>
    <property name="java.vm.name" value="OpenJDK 64-Bit Server VM"/>
    <property name="test.build.webapps" value=""/>
    <property name="localRepository" value="/home/runner/.m2/repository"/>
    <property name="jetty.git.hash" value="b45c405e4544384de066f814ed42ae3dceacdd49"/>
    <property name="java.vendor.url.bug" value="https://github.com/adoptium/adoptium-support/issues"/>
    <property name="java.io.tmpdir" value="/tmp"/>
    <property name="require.test.libhadoop" value=""/>
    <property name="java.version" value="1.8.0_382"/>
    <property name="user.dir" value="/home/runner/work/ozone/ozone/hadoop-ozone/integration-test"/>
    <property name="os.arch" value="amd64"/>
    <property name="java.vm.specification.name" value="Java Virtual Machine Specification"/>
    <property name="test.build.classes" value="/home/runner/work/ozone/ozone/hadoop-ozone/integration-test/target/test-classes"/>
    <property name="java.awt.printerjob" value="sun.print.PSPrinterJob"/>
    <property name="sun.os.patch.level" value="unknown"/>
    <property name="org.apache.ratis.thirdparty.io.netty.allocator.useCacheForAllThreads" value="false"/>
    <property name="hadoop.tmp.dir" value="/home/runner/work/ozone/ozone/hadoop-ozone/integration-test/target/tmp"/>
    <property name="java.library.path" value="/usr/java/packages/lib/amd64:/usr/lib64:/lib64:/lib:/usr/lib"/>
    <property name="java.vm.info" value="mixed mode"/>
    <property name="java.vendor" value="Temurin"/>
    <property name="java.vm.version" value="25.382-b05"/>
    <property name="java.specification.maintenance.version" value="5"/>
    <property name="java.ext.dirs" value="/usr/lib/jvm/temurin-8-jdk-amd64/jre/lib/ext:/usr/java/packages/lib/ext"/>
    <property name="sun.io.unicode.encoding" value="UnicodeLittle"/>
    <property name="java.class.version" value="52.0"/>
  </properties>
  <testcase name="testOverwriteNonEmptyDirectory" classname="ITestOzoneContractCreate" time="1.222">
    <system-out><![CDATA[2023-08-31 10:24:09,814 [JUnit] WARN  server.ServerUtils (ServerUtils.java:getScmDbDir(155)) - ozone.scm.db.dirs is not configured. We recommend adding this setting. Falling back to ozone.metadata.dirs instead.
2023-08-31 10:24:09,984 [JUnit] INFO  reflections.Reflections (Reflections.java:scan(232)) - Reflections took 121 ms to scan 7 urls, producing 161 keys and 379 values 
2023-08-31 10:24:10,123 [JUnit] WARN  server.ServerUtils (ServerUtils.java:getScmDbDir(155)) - ozone.scm.db.dirs is not configured. We recommend adding this setting. Falling back to ozone.metadata.dirs instead.
2023-08-31 10:24:10,126 [JUnit] INFO  ha.SCMHANodeDetails (SCMHANodeDetails.java:loadSCMHAConfig(210)) - ServiceID for StorageContainerManager is null
2023-08-31 10:24:10,133 [JUnit] WARN  ha.SCMHANodeDetails (SCMHANodeDetails.java:validateSCMHAConfig(183)) - Invalid config ozone.scm.ratis.enable. The config was not specified, but the default value true conflicts with the expected config value false. Falling back to the expected value. Current State of SCM: SCM is running in Non-HA without Ratis Ratis SCM -> Non Ratis SCM or Non HA SCM -> HA SCM is not supported
2023-08-31 10:24:10,134 [JUnit] INFO  ha.SCMHANodeDetails (SCMHANodeDetails.java:loadSCMHAConfig(215)) - ozone.scm.default.service.id is not defined, falling back to ozone.scm.service.ids to find serviceID for StorageContainerManager if it is HA enabled cluster
2023-08-31 10:24:10,789 [JUnit] WARN  utils.HAUtils (HAUtils.java:getMetaDir(339)) - ozone.scm.db.dirs is not configured. We recommend adding this setting. Falling back to ozone.metadata.dirs instead.
2023-08-31 10:24:10,935 [JUnit] WARN  db.DBStoreBuilder (DBStoreBuilder.java:applyDBDefinition(166)) - ozone.scm.db.dirs is not configured. We recommend adding this setting. Falling back to ozone.metadata.dirs instead.
2023-08-31 10:24:11,137 [JUnit] INFO  net.NodeSchemaLoader (NodeSchemaLoader.java:loadSchemaFromFile(129)) - Loading schema from [jar:file:/home/runner/.m2/repository/org/apache/ozone/hdds-common/1.4.0-SNAPSHOT/hdds-common-1.4.0-SNAPSHOT.jar!/network-topology-default.xml]
2023-08-31 10:24:11,139 [JUnit] INFO  net.NodeSchemaLoader (NodeSchemaLoader.java:loadSchema(176)) - Loading network topology layer schema file
2023-08-31 10:24:11,180 [JUnit] INFO  metrics.MetricRegistries (MetricRegistriesLoader.java:load(64)) - Loaded MetricRegistries class org.apache.ratis.metrics.impl.MetricRegistriesImpl
2023-08-31 10:24:11,192 [JUnit] INFO  upgrade.AbstractLayoutVersionManager (AbstractLayoutVersionManager.java:init(83)) - Initializing Layout version manager with metadata layout = HADOOP_PRC_PORTS_IN_DATANODEDETAILS (version = 7), software layout = HADOOP_PRC_PORTS_IN_DATANODEDETAILS (version = 7)
2023-08-31 10:24:11,383 [JUnit] INFO  ha.SequenceIdGenerator (SequenceIdGenerator.java:upgradeToSequenceId(365)) - upgrade localId to 111677748019200000
2023-08-31 10:24:11,384 [JUnit] INFO  ha.SequenceIdGenerator (SequenceIdGenerator.java:upgradeToSequenceId(375)) - upgrade delTxnId to 0
2023-08-31 10:24:11,396 [JUnit] INFO  ha.SequenceIdGenerator (SequenceIdGenerator.java:upgradeToSequenceId(392)) - upgrade containerId to 0
2023-08-31 10:24:11,399 [JUnit] INFO  ha.SequenceIdGenerator (SequenceIdGenerator.java:upgradeToSequenceId(428)) - upgrade rootCertificateId to 1
2023-08-31 10:24:11,401 [JUnit] INFO  ha.SequenceIdGenerator (SequenceIdGenerator.java:<init>(236)) - Init the HA SequenceIdGenerator.
2023-08-31 10:24:11,449 [JUnit] WARN  server.ServerUtils (ServerUtils.java:sanitizeUserArgs(80)) - ozone.scm.stale.node.interval value = 300000 is larger than max = 100000 based on the key value of ozone.scm.heartbeat.thread.interval, reset to the max value 100000.
2023-08-31 10:24:11,449 [JUnit] WARN  server.ServerUtils (ServerUtils.java:sanitizeUserArgs(80)) - ozone.scm.stale.node.interval value = 300000 is larger than max = 100000 based on the key value of ozone.scm.heartbeat.thread.interval, reset to the max value 100000.
2023-08-31 10:24:11,457 [JUnit] INFO  node.SCMNodeManager (SCMNodeManager.java:<init>(157)) - Entering startup safe mode.
2023-08-31 10:24:11,473 [JUnit] INFO  algorithms.ContainerPlacementPolicyFactory (ContainerPlacementPolicyFactory.java:getPolicyInternal(86)) - Create container placement policy of type org.apache.hadoop.hdds.scm.container.placement.algorithms.SCMContainerPlacementRackAware
2023-08-31 10:24:11,477 [JUnit] INFO  algorithms.ContainerPlacementPolicyFactory (ContainerPlacementPolicyFactory.java:getPolicyInternal(86)) - Create container placement policy of type org.apache.hadoop.hdds.scm.container.placement.algorithms.SCMContainerPlacementRackScatter
2023-08-31 10:24:11,486 [JUnit] INFO  pipeline.PipelineStateManagerImpl (PipelineStateManagerImpl.java:initialize(78)) - No pipeline exists in current db
2023-08-31 10:24:11,501 [JUnit] INFO  algorithms.LeaderChoosePolicyFactory (LeaderChoosePolicyFactory.java:getPolicy(57)) - Create leader choose policy of type org.apache.hadoop.hdds.scm.pipeline.leader.choose.algorithms.MinLeaderCountChoosePolicy
2023-08-31 10:24:11,501 [JUnit] INFO  algorithms.ContainerPlacementPolicyFactory (ContainerPlacementPolicyFactory.java:getPolicyInternal(86)) - Create container placement policy of type org.apache.hadoop.hdds.scm.container.placement.algorithms.SCMContainerPlacementRackScatter
2023-08-31 10:24:11,508 [JUnit] INFO  ha.SCMServiceManager (SCMServiceManager.java:register(42)) - Registering service BackgroundPipelineCreator.
2023-08-31 10:24:11,508 [JUnit] INFO  pipeline.BackgroundPipelineCreator (BackgroundPipelineCreator.java:start(124)) - Starting RatisPipelineUtilsThread.
2023-08-31 10:24:11,511 [JUnit] INFO  BackgroundPipelineScrubber (BackgroundSCMService.java:start(68)) - Starting BackgroundPipelineScrubber Service.
2023-08-31 10:24:11,512 [JUnit] INFO  ha.SCMServiceManager (SCMServiceManager.java:register(42)) - Registering service BackgroundPipelineScrubber.
2023-08-31 10:24:11,518 [JUnit] INFO  ExpiredContainerReplicaOpScrubber (BackgroundSCMService.java:start(68)) - Starting ExpiredContainerReplicaOpScrubber Service.
2023-08-31 10:24:11,519 [JUnit] INFO  ha.SCMServiceManager (SCMServiceManager.java:register(42)) - Registering service ExpiredContainerReplicaOpScrubber.
2023-08-31 10:24:11,548 [JUnit] INFO  algorithms.PipelineChoosePolicyFactory (PipelineChoosePolicyFactory.java:createPipelineChoosePolicyFromClass(78)) - Create pipeline choose policy of type org.apache.hadoop.hdds.scm.pipeline.choose.algorithms.RandomPipelineChoosePolicy
2023-08-31 10:24:11,549 [JUnit] INFO  algorithms.PipelineChoosePolicyFactory (PipelineChoosePolicyFactory.java:createPipelineChoosePolicyFromClass(78)) - Create pipeline choose policy of type org.apache.hadoop.hdds.scm.pipeline.choose.algorithms.RandomPipelineChoosePolicy
2023-08-31 10:24:11,569 [JUnit] INFO  ha.SCMServiceManager (SCMServiceManager.java:register(42)) - Registering service SCMBlockDeletingService.
2023-08-31 10:24:11,624 [JUnit] INFO  replication.ReplicationManager (ReplicationManager.java:start(291)) - Starting Replication Monitor Thread.
2023-08-31 10:24:11,625 [JUnit] INFO  ha.SCMServiceManager (SCMServiceManager.java:register(42)) - Registering service ReplicationManager.
2023-08-31 10:24:11,630 [ReplicationMonitor] INFO  replication.ReplicationManager (ReplicationManager.java:processAll(365)) - Replication Manager is not ready to run until 3000ms after safemode exit
2023-08-31 10:24:11,634 [JUnit] INFO  safemode.ContainerSafeModeRule (ContainerSafeModeRule.java:<init>(90)) - containers with one replica threshold count 0
2023-08-31 10:24:11,638 [JUnit] INFO  safemode.HealthyPipelineSafeModeRule (HealthyPipelineSafeModeRule.java:initializeRule(169)) - Total pipeline count is 0, healthy pipeline threshold count is 1
2023-08-31 10:24:11,639 [JUnit] INFO  safemode.OneReplicaPipelineSafeModeRule (OneReplicaPipelineSafeModeRule.java:initializeRule(180)) - Total pipeline count is 0, pipeline's with at least one datanode reported threshold count is 0
2023-08-31 10:24:11,683 [JUnit] INFO  server.StorageContainerManager (StorageContainerManager.java:<init>(425)) - SCM start with adminUsers: [runner]
2023-08-31 10:24:12,005 [JUnit] INFO  audit.AuditLogger (AuditLogger.java:refreshDebugCmdSet(126)) - Refresh DebugCmdSet for SCMAudit to [].
2023-08-31 10:24:12,033 [JUnit] INFO  ipc.CallQueueManager (CallQueueManager.java:<init>(90)) - Using callQueue: class java.util.concurrent.LinkedBlockingQueue, queueCapacity: 2000, scheduler: class org.apache.hadoop.ipc.DefaultRpcScheduler, ipcBackoff: false.
2023-08-31 10:24:12,064 [JUnit] INFO  ipc.Server (Server.java:<init>(1287)) - Listener at 0.0.0.0:15002
2023-08-31 10:24:12,068 [Socket Reader #1 for port 15002] INFO  ipc.Server (Server.java:run(1323)) - Starting Socket Reader #1 for port 15002
2023-08-31 10:24:12,120 [JUnit] INFO  audit.AuditLogger (AuditLogger.java:refreshDebugCmdSet(126)) - Refresh DebugCmdSet for SCMAudit to [].
2023-08-31 10:24:12,124 [JUnit] INFO  ipc.CallQueueManager (CallQueueManager.java:<init>(90)) - Using callQueue: class java.util.concurrent.LinkedBlockingQueue, queueCapacity: 2000, scheduler: class org.apache.hadoop.ipc.DefaultRpcScheduler, ipcBackoff: false.
2023-08-31 10:24:12,125 [JUnit] INFO  ipc.Server (Server.java:<init>(1287)) - Listener at 0.0.0.0:15001
2023-08-31 10:24:12,125 [Socket Reader #1 for port 15001] INFO  ipc.Server (Server.java:run(1323)) - Starting Socket Reader #1 for port 15001
2023-08-31 10:24:12,157 [JUnit] INFO  audit.AuditLogger (AuditLogger.java:refreshDebugCmdSet(126)) - Refresh DebugCmdSet for SCMAudit to [].
2023-08-31 10:24:12,166 [JUnit] INFO  ipc.CallQueueManager (CallQueueManager.java:<init>(90)) - Using callQueue: class java.util.concurrent.LinkedBlockingQueue, queueCapacity: 2000, scheduler: class org.apache.hadoop.ipc.DefaultRpcScheduler, ipcBackoff: false.
2023-08-31 10:24:12,167 [JUnit] INFO  ipc.Server (Server.java:<init>(1287)) - Listener at 0.0.0.0:15000
2023-08-31 10:24:12,167 [Socket Reader #1 for port 15000] INFO  ipc.Server (Server.java:run(1323)) - Starting Socket Reader #1 for port 15000
2023-08-31 10:24:12,225 [JUnit] INFO  ha.SCMServiceManager (SCMServiceManager.java:register(42)) - Registering service ContainerBalancer.
2023-08-31 10:24:12,225 [JUnit] INFO  server.StorageContainerManager (StorageContainerManager.java:<init>(438)) - 
Container Balancer status:
Key                            Value
Running                        false
Container Balancer Configuration values:
Key                                                Value
Threshold                                          10
Max Datanodes to Involve per Iteration(percent)    20
Max Size to Move per Iteration                     500GB
Max Size Entering Target per Iteration             26GB
Max Size Leaving Source per Iteration              26GB

2023-08-31 10:24:12,225 [JUnit] INFO  ha.SCMContext (SCMContext.java:updateSafeModeStatus(228)) - Update SafeModeStatus from SafeModeStatus{safeModeStatus=true, preCheckPassed=false} to SafeModeStatus{safeModeStatus=true, preCheckPassed=false}.
2023-08-31 10:24:12,228 [JUnit] INFO  server.StorageContainerManager (StorageContainerManager.java:start(1483)) - StorageContainerLocationProtocol RPC server is listening at /0.0.0.0:15000
2023-08-31 10:24:12,277 [JUnit] WARN  impl.MetricsConfig (MetricsConfig.java:loadFirst(136)) - Cannot locate configuration: tried hadoop-metrics2-storagecontainermanager.properties,hadoop-metrics2.properties
2023-08-31 10:24:12,287 [JUnit] INFO  impl.MetricsSystemImpl (MetricsSystemImpl.java:startTimer(378)) - Scheduled Metric snapshot period at 10 second(s).
2023-08-31 10:24:12,287 [JUnit] INFO  impl.MetricsSystemImpl (MetricsSystemImpl.java:start(191)) - StorageContainerManager metrics system started
2023-08-31 10:24:12,507 [JUnit] INFO  server.SCMClientProtocolServer (SCMClientProtocolServer.java:start(201)) - RPC server for Client  is listening at /0.0.0.0:15000
2023-08-31 10:24:12,512 [IPC Server Responder] INFO  ipc.Server (Server.java:run(1562)) - IPC Server Responder: starting
2023-08-31 10:24:12,513 [IPC Server listener on 15000] INFO  ipc.Server (Server.java:run(1402)) - IPC Server listener on 15000: starting
2023-08-31 10:24:12,518 [JUnit] INFO  server.StorageContainerManager (StorageContainerManager.java:start(1496)) - ScmBlockLocationProtocol RPC server is listening at /0.0.0.0:15001
2023-08-31 10:24:12,519 [JUnit] INFO  server.SCMBlockProtocolServer (SCMBlockProtocolServer.java:start(152)) - RPC server for Block Protocol is listening at /0.0.0.0:15001
2023-08-31 10:24:12,525 [JUnit] INFO  server.SCMDatanodeProtocolServer (SCMDatanodeProtocolServer.java:start(193)) - ScmDatanodeProtocol RPC server for DataNodes is listening at /0.0.0.0:15002
2023-08-31 10:24:12,541 [IPC Server listener on 15002] INFO  ipc.Server (Server.java:run(1402)) - IPC Server listener on 15002: starting
2023-08-31 10:24:12,541 [IPC Server Responder] INFO  ipc.Server (Server.java:run(1562)) - IPC Server Responder: starting
2023-08-31 10:24:12,541 [IPC Server listener on 15001] INFO  ipc.Server (Server.java:run(1402)) - IPC Server listener on 15001: starting
2023-08-31 10:24:12,541 [IPC Server Responder] INFO  ipc.Server (Server.java:run(1562)) - IPC Server Responder: starting
2023-08-31 10:24:12,546 [JvmPauseMonitor0] INFO  util.JvmPauseMonitor (JvmPauseMonitor.java:run(103)) - JvmPauseMonitor-ef36492e-227d-44a7-b371-16d4b215a821: Started
2023-08-31 10:24:12,554 [JUnit] INFO  http.BaseHttpServer (BaseHttpServer.java:newHttpServer2BuilderForOzone(223)) - Starting Web-server for scm at: http://0.0.0.0:15003
2023-08-31 10:24:12,554 [JUnit] INFO  http.BaseHttpServer (BaseHttpServer.java:<init>(110)) - Hadoop Security Enabled: false Ozone Security Enabled: false Ozone HTTP Security Enabled: false 
2023-08-31 10:24:12,576 [JUnit] INFO  util.log (Log.java:initialized(170)) - Logging initialized @4152ms to org.eclipse.jetty.util.log.Slf4jLog
2023-08-31 10:24:12,656 [JUnit] WARN  server.AuthenticationFilter (AuthenticationFilter.java:constructSecretProvider(240)) - Unable to initialize FileSignerSecretProvider, falling back to use random secrets. Reason: Could not read signature secret file: /home/runner/hadoop-http-auth-signature-secret
2023-08-31 10:24:12,661 [JUnit] INFO  http.HttpRequestLog (HttpRequestLog.java:getRequestLog(86)) - Http request log for http.requests.scm is not defined
2023-08-31 10:24:12,668 [JUnit] INFO  http.HttpServer2 (HttpServer2.java:addGlobalFilter(1031)) - Added global filter 'safety' (class=org.apache.hadoop.hdds.server.http.HttpServer2$QuotingInputFilter)
2023-08-31 10:24:12,670 [JUnit] INFO  http.HttpServer2 (HttpServer2.java:addFilter(1007)) - Added filter static_user_filter (class=org.apache.hadoop.http.lib.StaticUserWebFilter$StaticUserFilter) to context scm
2023-08-31 10:24:12,670 [JUnit] INFO  http.HttpServer2 (HttpServer2.java:addFilter(1015)) - Added filter static_user_filter (class=org.apache.hadoop.http.lib.StaticUserWebFilter$StaticUserFilter) to context static
2023-08-31 10:24:12,671 [JUnit] INFO  http.HttpServer2 (HttpServer2.java:addFilter(1015)) - Added filter static_user_filter (class=org.apache.hadoop.http.lib.StaticUserWebFilter$StaticUserFilter) to context logs
2023-08-31 10:24:12,708 [JUnit] INFO  http.BaseHttpServer (BaseHttpServer.java:<init>(189)) - HTTP server of scm uses base directory /home/runner/work/ozone/ozone/hadoop-ozone/integration-test/target/test-dir/MiniOzoneClusterImpl-40ccb4ce-9e5f-48d9-b45c-9251314ec7cc/ozone-meta/webserver
2023-08-31 10:24:12,709 [JUnit] INFO  http.HttpServer2 (HttpServer2.java:bindListener(1231)) - Jetty bound to port 15003
2023-08-31 10:24:12,711 [JUnit] INFO  server.Server (Server.java:doStart(375)) - jetty-9.4.51.v20230217; built: 2023-02-17T08:19:37.309Z; git: b45c405e4544384de066f814ed42ae3dceacdd49; jvm 1.8.0_382-b05
2023-08-31 10:24:12,737 [JUnit] INFO  server.session (DefaultSessionIdManager.java:doStart(334)) - DefaultSessionIdManager workerName=node0
2023-08-31 10:24:12,737 [JUnit] INFO  server.session (DefaultSessionIdManager.java:doStart(339)) - No SessionScavenger set, using defaults
2023-08-31 10:24:12,738 [JUnit] INFO  server.session (HouseKeeper.java:startScavenging(132)) - node0 Scavenging every 600000ms
2023-08-31 10:24:12,751 [JUnit] INFO  handler.ContextHandler (ContextHandler.java:doStart(921)) - Started o.e.j.s.ServletContextHandler@6557dcea{logs,/logs,file:///home/runner/work/ozone/ozone/hadoop-ozone/integration-test/target/log,AVAILABLE}
2023-08-31 10:24:12,751 [JUnit] INFO  handler.ContextHandler (ContextHandler.java:doStart(921)) - Started o.e.j.s.ServletContextHandler@75f316df{static,/static,file:///home/runner/work/ozone/ozone/hadoop-ozone/integration-test/target/test-classes/webapps/static,AVAILABLE}
2023-08-31 10:24:12,794 [JUnit] INFO  handler.ContextHandler (ContextHandler.java:doStart(921)) - Started o.e.j.w.WebAppContext@37596b44{scm,/,file:///home/runner/work/ozone/ozone/hadoop-ozone/integration-test/target/test-classes/webapps/scm/,AVAILABLE}{file:/home/runner/work/ozone/ozone/hadoop-ozone/integration-test/target/test-classes/webapps/scm}
2023-08-31 10:24:12,801 [JUnit] INFO  server.AbstractConnector (AbstractConnector.java:doStart(333)) - Started ServerConnector@3fecdd00{HTTP/1.1, (http/1.1)}{0.0.0.0:15003}
2023-08-31 10:24:12,805 [JUnit] INFO  server.Server (Server.java:doStart(415)) - Started @4379ms
2023-08-31 10:24:12,808 [JUnit] INFO  impl.MetricsSinkAdapter (MetricsSinkAdapter.java:start(204)) - Sink prometheus started
2023-08-31 10:24:12,808 [JUnit] INFO  impl.MetricsSystemImpl (MetricsSystemImpl.java:registerSink(305)) - Registered sink prometheus
2023-08-31 10:24:12,809 [JUnit] INFO  http.BaseHttpServer (BaseHttpServer.java:updateConnectorAddress(354)) - HTTP server of scm listening at http://0.0.0.0:15003
2023-08-31 10:24:12,813 [JUnit] WARN  server.ServerUtils (ServerUtils.java:getDBPath(311)) - ozone.om.db.dirs is not configured. We recommend adding this setting. Falling back to ozone.metadata.dirs instead.
2023-08-31 10:24:12,886 [JUnit] INFO  audit.AuditLogger (AuditLogger.java:refreshDebugCmdSet(126)) - Refresh DebugCmdSet for OMAudit to [].
2023-08-31 10:24:12,965 [JUnit] INFO  ha.OMHANodeDetails (OMHANodeDetails.java:loadOMHAConfig(115)) - ozone.om.internal.service.id is not defined, falling back to ozone.om.service.ids to find serviceID for OzoneManager if it is HA enabled cluster
2023-08-31 10:24:12,972 [JUnit] INFO  ha.OMHANodeDetails (OMHANodeDetails.java:loadOMHAConfig(226)) - Configuration does not have ozone.om.address set. Falling back to the default OM address /127.0.0.1:15004
2023-08-31 10:24:12,972 [JUnit] INFO  ha.OMHANodeDetails (OMHANodeDetails.java:getOMNodeDetailsForNonHA(254)) - OM Service ID is not set. Setting it to the default ID: omServiceIdDefault
2023-08-31 10:24:12,972 [JUnit] INFO  ha.OMHANodeDetails (OMHANodeDetails.java:getOMNodeDetailsForNonHA(261)) - OM Node ID is not set. Setting it to the default ID: om1
2023-08-31 10:24:12,977 [JUnit] WARN  server.ServerUtils (ServerUtils.java:getDBPath(311)) - ozone.om.db.dirs is not configured. We recommend adding this setting. Falling back to ozone.metadata.dirs instead.
2023-08-31 10:24:12,981 [JUnit] INFO  upgrade.AbstractLayoutVersionManager (AbstractLayoutVersionManager.java:init(83)) - Initializing Layout version manager with metadata layout = QUOTA (version = 6), software layout = QUOTA (version = 6)
2023-08-31 10:24:13,074 [JUnit] INFO  reflections.Reflections (Reflections.java:scan(232)) - Reflections took 91 ms to scan 2 urls, producing 188 keys and 512 values [using 2 cores]
2023-08-31 10:24:13,082 [JUnit] INFO  upgrade.OMLayoutVersionManager (OMLayoutVersionManager.java:lambda$0(115)) - Skipping Upgrade Action MockOmUpgradeAction since it has been finalized.
2023-08-31 10:24:13,083 [JUnit] INFO  upgrade.OMLayoutVersionManager (OMLayoutVersionManager.java:lambda$0(115)) - Skipping Upgrade Action QuotaRepairUpgradeAction since it has been finalized.
2023-08-31 10:24:13,086 [JUnit] WARN  server.ServerUtils (ServerUtils.java:getDBPath(311)) - ozone.om.db.dirs is not configured. We recommend adding this setting. Falling back to ozone.metadata.dirs instead.
2023-08-31 10:24:13,269 [JUnit] INFO  proxy.SCMBlockLocationFailoverProxyProvider (SCMBlockLocationFailoverProxyProvider.java:<init>(114)) - Created block location fail-over proxy with 1 nodes: [nodeId=scmNodeId,nodeAddress=/0.0.0.0:15001]
2023-08-31 10:24:13,302 [JUnit] INFO  proxy.SCMBlockLocationFailoverProxyProvider (SCMBlockLocationFailoverProxyProvider.java:<init>(114)) - Created block location fail-over proxy with 1 nodes: [nodeId=scmNodeId,nodeAddress=/0.0.0.0:15001]
2023-08-31 10:24:13,505 [JUnit] INFO  om.OzoneManager (OzoneManager.java:<init>(665)) - OM start with adminUsers: [runner]
2023-08-31 10:24:13,529 [JUnit] WARN  server.ServerUtils (ServerUtils.java:getDBPath(311)) - ozone.om.db.dirs is not configured. We recommend adding this setting. Falling back to ozone.metadata.dirs instead.
2023-08-31 10:24:13,554 [JUnit] INFO  helpers.OmKeyInfo (OmKeyInfo.java:getCodec(71)) - OmKeyInfo.getCodec ignorePipeline = true
2023-08-31 10:24:13,798 [JUnit] INFO  om.OzoneManager (OzoneManager.java:instantiateServices(794)) - S3 Multi-Tenancy is disabled
2023-08-31 10:24:13,830 [JUnit] INFO  om.OmSnapshotManager (OmSnapshotManager.java:<init>(175)) - Ozone filesystem snapshot feature is enabled.
2023-08-31 10:24:13,838 [JUnit] WARN  server.ServerUtils (ServerUtils.java:getDBPath(311)) - ozone.om.snapshot.diff.db.dir is not configured. We recommend adding this setting. Falling back to ozone.metadata.dirs instead.
2023-08-31 10:24:13,877 [JUnit] INFO  utils.NativeLibraryLoader (NativeLibraryLoader.java:loadLibrary(105)) - Loading Library: ozone_rocksdb_tools
2023-08-31 10:24:13,878 [JUnit] INFO  snapshot.SnapshotDiffManager (SnapshotDiffManager.java:closeExecutorService(1720)) - Shutting down executorService: 'SstDumpToolExecutor'
2023-08-31 10:24:13,940 [JUnit] INFO  om.OzoneManager (OzoneManager.java:addS3GVolumeToDB(4301)) - Created Volume s3v With Owner runner required for S3Gateway operations.
2023-08-31 10:24:14,010 [JUnit] WARN  server.ServerUtils (ServerUtils.java:getDefaultRatisDirectory(323)) - Storage directory for Ratis is not configured. It is a good idea to map this to an SSD disk. Falling back to ozone.metadata.dirs
2023-08-31 10:24:14,011 [JUnit] WARN  utils.OzoneManagerRatisUtils (OzoneManagerRatisUtils.java:getOMRatisSnapshotDirectory(461)) - ozone.om.ratis.snapshot.dir is not configured. Falling back to ozone.metadata.dirs config
2023-08-31 10:24:14,024 [JUnit] WARN  server.ServerUtils (ServerUtils.java:getDefaultRatisDirectory(323)) - Storage directory for Ratis is not configured. It is a good idea to map this to an SSD disk. Falling back to ozone.metadata.dirs
2023-08-31 10:24:14,045 [JUnit] INFO  ratis.OzoneManagerRatisServer (OzoneManagerRatisServer.java:<init>(163)) - Instantiating OM Ratis server with groupID: omServiceIdDefault and peers: localhost:15007
2023-08-31 10:24:14,053 [JUnit] INFO  ratis.OzoneManagerStateMachine (OzoneManagerStateMachine.java:loadSnapshotInfoFromDB(687)) - LastAppliedIndex is set from TransactionInfo from OM DB as (t:0, i:~)
2023-08-31 10:24:14,104 [JUnit] INFO  server.RaftServer (ConfUtils.java:logGet(46)) - raft.rpc.type = GRPC (default)
2023-08-31 10:24:14,112 [JUnit] INFO  grpc.GrpcConfigKeys (ConfUtils.java:logFallback(53)) - raft.grpc.admin.host = null (fallback to raft.grpc.server.host)
2023-08-31 10:24:14,113 [JUnit] INFO  grpc.GrpcConfigKeys (ConfUtils.java:logFallback(53)) - raft.grpc.admin.port = 15007 (fallback to raft.grpc.server.port)
2023-08-31 10:24:14,113 [JUnit] INFO  grpc.GrpcConfigKeys (ConfUtils.java:logFallback(53)) - raft.grpc.client.host = null (fallback to raft.grpc.server.host)
2023-08-31 10:24:14,114 [JUnit] INFO  grpc.GrpcConfigKeys (ConfUtils.java:logFallback(53)) - raft.grpc.client.port = 15007 (fallback to raft.grpc.server.port)
2023-08-31 10:24:14,114 [JUnit] INFO  grpc.GrpcConfigKeys (ConfUtils.java:logGet(46)) - raft.grpc.server.host = null (default)
2023-08-31 10:24:14,114 [JUnit] INFO  grpc.GrpcConfigKeys (ConfUtils.java:logGet(46)) - raft.grpc.server.port = 15007 (custom)
2023-08-31 10:24:14,115 [JUnit] INFO  server.GrpcService (ConfUtils.java:logGet(46)) - raft.grpc.message.size.max = 33554432 (custom)
2023-08-31 10:24:14,116 [JUnit] INFO  server.RaftServerConfigKeys (ConfUtils.java:logGet(46)) - raft.server.log.appender.buffer.byte-limit = 33554432 (custom)
2023-08-31 10:24:14,116 [JUnit] INFO  server.GrpcService (ConfUtils.java:logGet(46)) - raft.grpc.flow.control.window = 1MB (=1048576) (default)
2023-08-31 10:24:14,117 [JUnit] INFO  server.RaftServerConfigKeys (ConfUtils.java:logGet(46)) - raft.server.rpc.request.timeout = 3000ms (default)
2023-08-31 10:24:14,126 [JUnit] INFO  grpc.GrpcConfigKeys (ConfUtils.java:logGet(46)) - raft.grpc.server.heartbeat.channel = true (default)
2023-08-31 10:24:14,129 [JUnit] INFO  grpc.GrpcConfigKeys (ConfUtils.java:logGet(46)) - raft.grpc.server.async.request.thread.pool.cached = true (default)
2023-08-31 10:24:14,129 [JUnit] INFO  grpc.GrpcConfigKeys (ConfUtils.java:logGet(46)) - raft.grpc.server.async.request.thread.pool.size = 32 (default)
2023-08-31 10:24:14,305 [JUnit] INFO  impl.DataStreamServerImpl (ConfUtils.java:logGet(46)) - raft.datastream.type = DISABLED (default)
2023-08-31 10:24:14,308 [JUnit] INFO  server.RaftServerConfigKeys (ConfUtils.java:logGet(46)) - raft.server.threadpool.proxy.cached = true (default)
2023-08-31 10:24:14,308 [JUnit] INFO  server.RaftServerConfigKeys (ConfUtils.java:logGet(46)) - raft.server.threadpool.proxy.size = 0 (default)
2023-08-31 10:24:14,308 [JUnit] INFO  server.RaftServerConfigKeys (ConfUtils.java:logGet(46)) - raft.server.rpc.slowness.timeout = 120s (custom)
2023-08-31 10:24:14,308 [JUnit] INFO  server.RaftServerConfigKeys (ConfUtils.java:logGet(46)) - raft.server.leaderelection.leader.step-down.wait-time = 10s (default)
2023-08-31 10:24:14,310 [JUnit] INFO  server.RaftServerConfigKeys (ConfUtils.java:logGet(46)) - raft.server.storage.dir = [/home/runner/work/ozone/ozone/hadoop-ozone/integration-test/target/test-dir/MiniOzoneClusterImpl-40ccb4ce-9e5f-48d9-b45c-9251314ec7cc/ozone-meta/ratis] (custom)
2023-08-31 10:24:14,320 [JUnit] INFO  server.RaftServer (RaftServerProxy.java:addNew(98)) - om1: addNew group-C5BA1605619E:[om1|rpc:localhost:15007|priority:0|startupRole:FOLLOWER] returns group-C5BA1605619E:java.util.concurrent.CompletableFuture@fc7308[Not completed]
2023-08-31 10:24:14,320 [JUnit] INFO  om.OzoneManager (OzoneManager.java:initializeRatisServer(2145)) - OzoneManager Ratis server initialized at port 15007
2023-08-31 10:24:14,324 [JUnit] INFO  om.OzoneManager (OzoneManager.java:getRpcServer(1196)) - Creating RPC Server
2023-08-31 10:24:14,340 [om1-groupManagement] INFO  server.RaftServer$Division (RaftServerImpl.java:<init>(198)) - om1: new RaftServerImpl for group-C5BA1605619E:[om1|rpc:localhost:15007|priority:0|startupRole:FOLLOWER] with OzoneManagerStateMachine:uninitialized
2023-08-31 10:24:14,342 [om1-groupManagement] INFO  server.RaftServerConfigKeys (ConfUtils.java:logGet(46)) - raft.server.rpc.timeout.min = 1s (custom)
2023-08-31 10:24:14,343 [om1-groupManagement] INFO  server.RaftServerConfigKeys (ConfUtils.java:logGet(46)) - raft.server.rpc.timeout.max = 1200ms (custom)
2023-08-31 10:24:14,344 [om1-groupManagement] INFO  server.RaftServerConfigKeys (ConfUtils.java:logGet(46)) - raft.server.rpc.sleep.time = 25ms (default)
2023-08-31 10:24:14,344 [om1-groupManagement] INFO  server.RaftServerConfigKeys (ConfUtils.java:logGet(46)) - raft.server.rpc.slowness.timeout = 120s (custom)
2023-08-31 10:24:14,344 [om1-groupManagement] INFO  server.RaftServerConfigKeys (ConfUtils.java:logGet(46)) - raft.server.leaderelection.leader.step-down.wait-time = 10s (default)
2023-08-31 10:24:14,344 [om1-groupManagement] INFO  server.RaftServerConfigKeys (ConfUtils.java:logGet(46)) - raft.server.sleep.deviation.threshold = 300ms (default)
2023-08-31 10:24:14,469 [om1-groupManagement] INFO  server.RaftServer$Division (ServerState.java:<init>(120)) - om1@group-C5BA1605619E: ConfigurationManager, init=-1: peers:[om1|rpc:localhost:15007|priority:0|startupRole:FOLLOWER]|listeners:[], old=null, confs=<EMPTY_MAP>
2023-08-31 10:24:14,470 [om1-groupManagement] INFO  server.RaftServerConfigKeys (ConfUtils.java:logGet(46)) - raft.server.storage.dir = [/home/runner/work/ozone/ozone/hadoop-ozone/integration-test/target/test-dir/MiniOzoneClusterImpl-40ccb4ce-9e5f-48d9-b45c-9251314ec7cc/ozone-meta/ratis] (custom)
2023-08-31 10:24:14,479 [om1-groupManagement] INFO  server.RaftServerConfigKeys (ConfUtils.java:logGet(46)) - raft.server.log.corruption.policy = EXCEPTION (default)
2023-08-31 10:24:14,480 [om1-groupManagement] INFO  server.RaftServerConfigKeys (ConfUtils.java:logGet(46)) - raft.server.storage.free-space.min = 0MB (=0) (default)
2023-08-31 10:24:14,492 [om1-groupManagement] INFO  server.RaftServerConfigKeys (ConfUtils.java:logGet(46)) - raft.server.notification.no-leader.timeout = 120s (custom)
2023-08-31 10:24:14,499 [om1-groupManagement] INFO  server.RaftServerConfigKeys (ConfUtils.java:logGet(46)) - raft.server.read.timeout = 10s (default)
2023-08-31 10:24:14,506 [om1-groupManagement] INFO  server.RaftServerConfigKeys (ConfUtils.java:logGet(46)) - raft.server.retrycache.expirytime = 300s (custom)
2023-08-31 10:24:14,506 [om1-groupManagement] INFO  server.RaftServerConfigKeys (ConfUtils.java:logGet(46)) - raft.server.retrycache.statistics.expirytime = 100μs (default)
2023-08-31 10:24:14,550 [om1-groupManagement] INFO  server.RaftServerConfigKeys (ConfUtils.java:logGet(46)) - raft.server.read.option = DEFAULT (default)
2023-08-31 10:24:14,569 [om1-groupManagement] INFO  server.RaftServerConfigKeys (ConfUtils.java:logGet(46)) - raft.server.rpc.request.timeout = 3000ms (default)
2023-08-31 10:24:14,571 [om1-groupManagement] INFO  server.RaftServerConfigKeys (ConfUtils.java:logGet(46)) - raft.server.log.appender.install.snapshot.enabled = false (custom)
2023-08-31 10:24:14,572 [om1-groupManagement] INFO  server.RaftServerConfigKeys (ConfUtils.java:logGet(46)) - raft.server.threadpool.server.cached = true (default)
2023-08-31 10:24:14,572 [om1-groupManagement] INFO  server.RaftServerConfigKeys (ConfUtils.java:logGet(46)) - raft.server.threadpool.server.size = 0 (default)
2023-08-31 10:24:14,572 [om1-groupManagement] INFO  server.RaftServerConfigKeys (ConfUtils.java:logGet(46)) - raft.server.threadpool.client.cached = true (default)
2023-08-31 10:24:14,573 [om1-groupManagement] INFO  server.RaftServerConfigKeys (ConfUtils.java:logGet(46)) - raft.server.threadpool.client.size = 0 (default)
2023-08-31 10:24:15,330 [JUnit] INFO  reflections.Reflections (Reflections.java:scan(232)) - Reflections took 814 ms to scan 19 urls, producing 70 keys and 5672 values [using 2 cores]
2023-08-31 10:24:15,488 [JUnit] INFO  ipc.CallQueueManager (CallQueueManager.java:<init>(90)) - Using callQueue: class java.util.concurrent.LinkedBlockingQueue, queueCapacity: 2000, scheduler: class org.apache.hadoop.ipc.DefaultRpcScheduler, ipcBackoff: false.
2023-08-31 10:24:15,488 [JUnit] INFO  ipc.Server (Server.java:<init>(1287)) - Listener at 127.0.0.1:15004
2023-08-31 10:24:15,489 [Socket Reader #1 for port 15004] INFO  ipc.Server (Server.java:run(1323)) - Starting Socket Reader #1 for port 15004
2023-08-31 10:24:15,522 [JUnit] INFO  impl.MetricsSystemImpl (MetricsSystemImpl.java:init(158)) - OzoneManager metrics system started (again)
2023-08-31 10:24:15,535 [JUnit] INFO  om.OzoneManager (OzoneManager.java:start(1630)) - OzoneManager RPC server is listening at localhost/127.0.0.1:15004
2023-08-31 10:24:15,535 [JUnit] INFO  ratis.OzoneManagerRatisServer (OzoneManagerRatisServer.java:start(558)) - Starting OzoneManagerRatisServer om1 at port 15007
2023-08-31 10:24:15,537 [om1-impl-thread1] INFO  storage.RaftStorageDirectory (RaftStorageDirectoryImpl.java:analyzeStorage(137)) - The storage directory /home/runner/work/ozone/ozone/hadoop-ozone/integration-test/target/test-dir/MiniOzoneClusterImpl-40ccb4ce-9e5f-48d9-b45c-9251314ec7cc/ozone-meta/ratis/bf265839-605b-3f16-9796-c5ba1605619e does not exist. Creating ...
2023-08-31 10:24:15,541 [om1-impl-thread1] INFO  storage.RaftStorageDirectory (RaftStorageDirectoryImpl.java:tryLock(231)) - Lock on /home/runner/work/ozone/ozone/hadoop-ozone/integration-test/target/test-dir/MiniOzoneClusterImpl-40ccb4ce-9e5f-48d9-b45c-9251314ec7cc/ozone-meta/ratis/bf265839-605b-3f16-9796-c5ba1605619e/in_use.lock acquired by nodename 34453@fv-az304-998
2023-08-31 10:24:15,546 [om1-impl-thread1] INFO  storage.RaftStorage (RaftStorageImpl.java:format(96)) - Storage directory /home/runner/work/ozone/ozone/hadoop-ozone/integration-test/target/test-dir/MiniOzoneClusterImpl-40ccb4ce-9e5f-48d9-b45c-9251314ec7cc/ozone-meta/ratis/bf265839-605b-3f16-9796-c5ba1605619e has been successfully formatted.
2023-08-31 10:24:15,548 [om1-impl-thread1] INFO  server.RaftServerConfigKeys (ConfUtils.java:logGet(46)) - raft.server.log.use.memory = false (default)
2023-08-31 10:24:15,554 [om1-impl-thread1] INFO  server.RaftServerConfigKeys (ConfUtils.java:logGet(46)) - raft.server.log.purge.gap = 1000000 (custom)
2023-08-31 10:24:15,554 [om1-impl-thread1] INFO  server.RaftServerConfigKeys (ConfUtils.java:logGet(46)) - raft.server.log.appender.buffer.byte-limit = 33554432 (custom)
2023-08-31 10:24:15,555 [om1-impl-thread1] INFO  server.RaftServerConfigKeys (ConfUtils.java:logGet(46)) - raft.server.log.statemachine.data.read.timeout = 1000ms (default)
2023-08-31 10:24:15,556 [om1-impl-thread1] INFO  server.RaftServerConfigKeys (ConfUtils.java:logGet(46)) - raft.server.log.purge.preservation.log.num = 0 (default)
2023-08-31 10:24:15,558 [om1-impl-thread1] INFO  server.RaftServerConfigKeys (ConfUtils.java:logGet(46)) - raft.server.log.segment.size.max = 4194304 (custom)
2023-08-31 10:24:15,564 [om1-impl-thread1] INFO  server.RaftServerConfigKeys (ConfUtils.java:logGet(46)) - raft.server.log.segment.cache.num.max = 2 (custom)
2023-08-31 10:24:15,565 [om1-impl-thread1] INFO  server.RaftServerConfigKeys (ConfUtils.java:logGet(46)) - raft.server.log.segment.cache.size.max = 200MB (=209715200) (default)
2023-08-31 10:24:15,565 [om1-impl-thread1] INFO  server.RaftServerConfigKeys (ConfUtils.java:logGet(46)) - raft.server.log.appender.buffer.byte-limit = 33554432 (custom)
2023-08-31 10:24:15,569 [om1-impl-thread1] INFO  segmented.SegmentedRaftLogWorker (SegmentedRaftLogWorker.java:<init>(188)) - new om1@group-C5BA1605619E-SegmentedRaftLogWorker for RaftStorageImpl:Storage Directory /home/runner/work/ozone/ozone/hadoop-ozone/integration-test/target/test-dir/MiniOzoneClusterImpl-40ccb4ce-9e5f-48d9-b45c-9251314ec7cc/ozone-meta/ratis/bf265839-605b-3f16-9796-c5ba1605619e
2023-08-31 10:24:15,570 [om1-impl-thread1] INFO  server.RaftServerConfigKeys (ConfUtils.java:logGet(46)) - raft.server.log.queue.byte-limit = 64MB (=67108864) (default)
2023-08-31 10:24:15,570 [om1-impl-thread1] INFO  server.RaftServerConfigKeys (ConfUtils.java:logGet(46)) - raft.server.log.queue.element-limit = 4096 (default)
2023-08-31 10:24:15,572 [om1-impl-thread1] INFO  server.RaftServerConfigKeys (ConfUtils.java:logGet(46)) - raft.server.log.segment.size.max = 4194304 (custom)
2023-08-31 10:24:15,572 [om1-impl-thread1] INFO  server.RaftServerConfigKeys (ConfUtils.java:logGet(46)) - raft.server.log.preallocated.size = 4194304 (custom)
2023-08-31 10:24:15,573 [om1-impl-thread1] INFO  server.RaftServerConfigKeys (ConfUtils.java:logGet(46)) - raft.server.log.force.sync.num = 128 (default)
2023-08-31 10:24:15,574 [om1-impl-thread1] INFO  server.RaftServerConfigKeys (ConfUtils.java:logGet(46)) - raft.server.log.statemachine.data.sync = true (default)
2023-08-31 10:24:15,574 [om1-impl-thread1] INFO  server.RaftServerConfigKeys (ConfUtils.java:logGet(46)) - raft.server.log.statemachine.data.sync.timeout = 10s (default)
2023-08-31 10:24:15,575 [om1-impl-thread1] INFO  server.RaftServerConfigKeys (ConfUtils.java:logGet(46)) - raft.server.log.statemachine.data.sync.timeout.retry = -1 (default)
2023-08-31 10:24:15,582 [om1-impl-thread1] INFO  server.RaftServerConfigKeys (ConfUtils.java:logGet(46)) - raft.server.log.write.buffer.size = 64KB (=65536) (default)
2023-08-31 10:24:15,582 [om1-impl-thread1] INFO  server.RaftServerConfigKeys (ConfUtils.java:logGet(46)) - raft.server.log.appender.buffer.byte-limit = 33554432 (custom)
2023-08-31 10:24:15,608 [om1-impl-thread1] INFO  server.RaftServerConfigKeys (ConfUtils.java:logGet(46)) - raft.server.log.unsafe-flush.enabled = false (default)
2023-08-31 10:24:15,609 [om1-impl-thread1] INFO  server.RaftServerConfigKeys (ConfUtils.java:logGet(46)) - raft.server.log.async-flush.enabled = false (default)
2023-08-31 10:24:15,609 [om1-impl-thread1] INFO  server.RaftServerConfigKeys (ConfUtils.java:logGet(46)) - raft.server.log.statemachine.data.caching.enabled = false (default)
2023-08-31 10:24:15,619 [om1-impl-thread1] INFO  segmented.SegmentedRaftLogWorker (SegmentedRaftLogWorker.java:lambda$new$0(135)) - om1@group-C5BA1605619E-SegmentedRaftLogWorker: flushIndex: setUnconditionally 0 -> -1
2023-08-31 10:24:15,619 [om1-impl-thread1] INFO  segmented.SegmentedRaftLogWorker (SegmentedRaftLogWorker.java:lambda$new$0(135)) - om1@group-C5BA1605619E-SegmentedRaftLogWorker: safeCacheEvictIndex: setUnconditionally 0 -> -1
2023-08-31 10:24:15,624 [om1-impl-thread1] INFO  server.RaftServer$Division (RaftServerImpl.java:start(342)) - om1@group-C5BA1605619E: start as a follower, conf=-1: peers:[om1|rpc:localhost:15007|priority:0|startupRole:FOLLOWER]|listeners:[], old=null
2023-08-31 10:24:15,625 [om1-impl-thread1] INFO  server.RaftServer$Division (RaftServerImpl.java:setRole(329)) - om1@group-C5BA1605619E: changes role from      null to FOLLOWER at term 0 for startAsFollower
2023-08-31 10:24:15,626 [om1-impl-thread1] INFO  impl.RoleInfo (RoleInfo.java:updateAndGet(139)) - om1: start om1@group-C5BA1605619E-FollowerState
2023-08-31 10:24:15,626 [om1@group-C5BA1605619E-FollowerState] INFO  server.RaftServerConfigKeys (ConfUtils.java:logFallback(53)) - raft.server.rpc.first-election.timeout.min = 1s (fallback to raft.server.rpc.timeout.min)
2023-08-31 10:24:15,626 [om1@group-C5BA1605619E-FollowerState] INFO  server.RaftServerConfigKeys (ConfUtils.java:logFallback(53)) - raft.server.rpc.first-election.timeout.max = 1200ms (fallback to raft.server.rpc.timeout.max)
2023-08-31 10:24:15,628 [om1-impl-thread1] INFO  util.JmxRegister (JmxRegister.java:tryRegister(44)) - Successfully registered JMX Bean with object name Ratis:service=RaftServer,group=group-C5BA1605619E,id=om1
2023-08-31 10:24:15,630 [om1-impl-thread1] INFO  server.RaftServerConfigKeys (ConfUtils.java:logGet(46)) - raft.server.snapshot.auto.trigger.enabled = true (custom)
2023-08-31 10:24:15,630 [om1-impl-thread1] INFO  server.RaftServerConfigKeys (ConfUtils.java:logGet(46)) - raft.server.snapshot.auto.trigger.threshold = 400000 (default)
2023-08-31 10:24:15,631 [om1-impl-thread1] INFO  server.RaftServerConfigKeys (ConfUtils.java:logGet(46)) - raft.server.snapshot.retention.file.num = -1 (default)
2023-08-31 10:24:15,631 [om1-impl-thread1] INFO  server.RaftServerConfigKeys (ConfUtils.java:logGet(46)) - raft.server.log.purge.upto.snapshot.index = true (custom)
2023-08-31 10:24:15,639 [JUnit] INFO  server.RaftServer (RaftServerProxy.java:startImpl(400)) - om1: start RPC server
2023-08-31 10:24:15,679 [JUnit] INFO  server.GrpcService (GrpcService.java:startImpl(302)) - om1: GrpcService started, listening on 15007
2023-08-31 10:24:15,684 [JUnit] INFO  om.OzoneManager (OzoneManager.java:start(1646)) - Version File has different layout version (6) than OM DB (null). That is expected if this OM has never been finalized to a newer layout version.
2023-08-31 10:24:15,688 [JvmPauseMonitor1] INFO  util.JvmPauseMonitor (JvmPauseMonitor.java:run(103)) - JvmPauseMonitor-om1: Started
2023-08-31 10:24:15,712 [JUnit] INFO  http.BaseHttpServer (BaseHttpServer.java:newHttpServer2BuilderForOzone(223)) - Starting Web-server for ozoneManager at: http://0.0.0.0:15005
2023-08-31 10:24:15,712 [JUnit] INFO  http.BaseHttpServer (BaseHttpServer.java:<init>(110)) - Hadoop Security Enabled: false Ozone Security Enabled: false Ozone HTTP Security Enabled: false 
2023-08-31 10:24:15,713 [JUnit] WARN  server.AuthenticationFilter (AuthenticationFilter.java:constructSecretProvider(240)) - Unable to initialize FileSignerSecretProvider, falling back to use random secrets. Reason: Could not read signature secret file: /home/runner/hadoop-http-auth-signature-secret
2023-08-31 10:24:15,717 [JUnit] INFO  http.HttpRequestLog (HttpRequestLog.java:getRequestLog(86)) - Http request log for http.requests.ozoneManager is not defined
2023-08-31 10:24:15,719 [JUnit] INFO  http.HttpServer2 (HttpServer2.java:addGlobalFilter(1031)) - Added global filter 'safety' (class=org.apache.hadoop.hdds.server.http.HttpServer2$QuotingInputFilter)
2023-08-31 10:24:15,720 [JUnit] INFO  http.HttpServer2 (HttpServer2.java:addFilter(1007)) - Added filter static_user_filter (class=org.apache.hadoop.http.lib.StaticUserWebFilter$StaticUserFilter) to context ozoneManager
2023-08-31 10:24:15,720 [JUnit] INFO  http.HttpServer2 (HttpServer2.java:addFilter(1015)) - Added filter static_user_filter (class=org.apache.hadoop.http.lib.StaticUserWebFilter$StaticUserFilter) to context logs
2023-08-31 10:24:15,720 [JUnit] INFO  http.HttpServer2 (HttpServer2.java:addFilter(1015)) - Added filter static_user_filter (class=org.apache.hadoop.http.lib.StaticUserWebFilter$StaticUserFilter) to context static
2023-08-31 10:24:15,721 [JUnit] INFO  http.BaseHttpServer (BaseHttpServer.java:<init>(189)) - HTTP server of ozoneManager uses base directory /home/runner/work/ozone/ozone/hadoop-ozone/integration-test/target/test-dir/MiniOzoneClusterImpl-40ccb4ce-9e5f-48d9-b45c-9251314ec7cc/ozone-meta/webserver
2023-08-31 10:24:15,725 [JUnit] INFO  http.HttpServer2 (HttpServer2.java:bindListener(1231)) - Jetty bound to port 15005
2023-08-31 10:24:15,725 [JUnit] INFO  server.Server (Server.java:doStart(375)) - jetty-9.4.51.v20230217; built: 2023-02-17T08:19:37.309Z; git: b45c405e4544384de066f814ed42ae3dceacdd49; jvm 1.8.0_382-b05
2023-08-31 10:24:15,729 [JUnit] INFO  server.session (DefaultSessionIdManager.java:doStart(334)) - DefaultSessionIdManager workerName=node0
2023-08-31 10:24:15,730 [JUnit] INFO  server.session (DefaultSessionIdManager.java:doStart(339)) - No SessionScavenger set, using defaults
2023-08-31 10:24:15,730 [JUnit] INFO  server.session (HouseKeeper.java:startScavenging(132)) - node0 Scavenging every 660000ms
2023-08-31 10:24:15,730 [JUnit] INFO  handler.ContextHandler (ContextHandler.java:doStart(921)) - Started o.e.j.s.ServletContextHandler@525b5f28{logs,/logs,file:///home/runner/work/ozone/ozone/hadoop-ozone/integration-test/target/log,AVAILABLE}
2023-08-31 10:24:15,731 [JUnit] INFO  handler.ContextHandler (ContextHandler.java:doStart(921)) - Started o.e.j.s.ServletContextHandler@da79d11{static,/static,file:///home/runner/work/ozone/ozone/hadoop-ozone/integration-test/target/test-classes/webapps/static,AVAILABLE}
2023-08-31 10:24:15,734 [JUnit] INFO  handler.ContextHandler (ContextHandler.java:doStart(921)) - Started o.e.j.w.WebAppContext@428ebfde{ozoneManager,/,file:///home/runner/work/ozone/ozone/hadoop-ozone/integration-test/target/test-classes/webapps/ozoneManager/,AVAILABLE}{file:/home/runner/work/ozone/ozone/hadoop-ozone/integration-test/target/test-classes/webapps/ozoneManager}
2023-08-31 10:24:15,735 [JUnit] INFO  server.AbstractConnector (AbstractConnector.java:doStart(333)) - Started ServerConnector@4872efad{HTTP/1.1, (http/1.1)}{0.0.0.0:15005}
2023-08-31 10:24:15,735 [JUnit] INFO  server.Server (Server.java:doStart(415)) - Started @7311ms
2023-08-31 10:24:15,736 [JUnit] WARN  impl.MetricsSystemImpl (MetricsSystemImpl.java:register(279)) - Sink prometheus already exists!
2023-08-31 10:24:15,736 [JUnit] INFO  http.BaseHttpServer (BaseHttpServer.java:updateConnectorAddress(354)) - HTTP server of ozoneManager listening at http://0.0.0.0:15005
2023-08-31 10:24:15,736 [IPC Server Responder] INFO  ipc.Server (Server.java:run(1562)) - IPC Server Responder: starting
2023-08-31 10:24:15,737 [IPC Server listener on 15004] INFO  ipc.Server (Server.java:run(1402)) - IPC Server listener on 15004: starting
2023-08-31 10:24:15,739 [JUnit] INFO  om.OzoneManager (OzoneManager.java:startTrashEmptier(2098)) - Trash Interval set to 0. Files deleted won't move to trash
2023-08-31 10:24:15,879 [JUnit] WARN  impl.MetricRegistriesImpl (MetricRegistriesImpl.java:addReporterRegistration(111)) - New reporters are added after registries were created. Some metrics will be missing from the reporter. Please add reporter before adding any new registry.
2023-08-31 10:24:15,879 [JUnit] WARN  impl.MetricRegistriesImpl (MetricRegistriesImpl.java:addReporterRegistration(111)) - New reporters are added after registries were created. Some metrics will be missing from the reporter. Please add reporter before adding any new registry.
2023-08-31 10:24:15,879 [JUnit] INFO  impl.MetricsSystemImpl (MetricsSystemImpl.java:init(158)) - HddsDatanode metrics system started (again)
2023-08-31 10:24:15,905 [JUnit] INFO  ozone.HddsDatanodeService (HddsDatanodeService.java:start(237)) - HddsDatanodeService host:fv-az304-998.1xzdsl11evde5oaqfphatm1hpa.cx.internal.cloudapp.net ip:10.1.0.16
2023-08-31 10:24:15,940 [JUnit] INFO  upgrade.AbstractLayoutVersionManager (AbstractLayoutVersionManager.java:init(83)) - Initializing Layout version manager with metadata layout = HADOOP_PRC_PORTS_IN_DATANODEDETAILS (version = 7), software layout = HADOOP_PRC_PORTS_IN_DATANODEDETAILS (version = 7)
2023-08-31 10:24:15,944 [JUnit] INFO  statemachine.DatanodeStateMachine (DatanodeStateMachine.java:getEndPointTaskThreadPoolSize(282)) - Datanode State Machine Task Thread Pool size 2
2023-08-31 10:24:16,011 [JUnit] INFO  volume.HddsVolume (HddsVolume.java:<init>(126)) - Creating HddsVolume: /home/runner/work/ozone/ozone/hadoop-ozone/integration-test/target/test-dir/MiniOzoneClusterImpl-40ccb4ce-9e5f-48d9-b45c-9251314ec7cc/datanode-0/data-0/containers/hdds of storage type : DISK capacity : 9223372036854775807
2023-08-31 10:24:16,014 [JUnit] INFO  volume.MutableVolumeSet (MutableVolumeSet.java:initializeVolumeSet(173)) - Added Volume : /home/runner/work/ozone/ozone/hadoop-ozone/integration-test/target/test-dir/MiniOzoneClusterImpl-40ccb4ce-9e5f-48d9-b45c-9251314ec7cc/datanode-0/data-0/containers/hdds to VolumeSet
2023-08-31 10:24:16,022 [JUnit] INFO  volume.MutableVolumeSet (MutableVolumeSet.java:initializeVolumeSet(173)) - Added Volume : /home/runner/work/ozone/ozone/hadoop-ozone/integration-test/target/test-dir/MiniOzoneClusterImpl-40ccb4ce-9e5f-48d9-b45c-9251314ec7cc/datanode-0/data/ratis to VolumeSet
2023-08-31 10:24:16,037 [Thread-140] INFO  ozoneimpl.ContainerReader (ContainerReader.java:readVolume(177)) - Finish verifying containers on volume /home/runner/work/ozone/ozone/hadoop-ozone/integration-test/target/test-dir/MiniOzoneClusterImpl-40ccb4ce-9e5f-48d9-b45c-9251314ec7cc/datanode-0/data-0/containers/hdds
2023-08-31 10:24:16,037 [JUnit] INFO  ozoneimpl.OzoneContainer (OzoneContainer.java:buildContainerSet(314)) - Build ContainerSet costs 0s
2023-08-31 10:24:16,085 [JUnit] INFO  audit.AuditLogger (AuditLogger.java:refreshDebugCmdSet(126)) - Refresh DebugCmdSet for DNAudit to [].
2023-08-31 10:24:16,110 [JUnit] INFO  server.RaftServer (ConfUtils.java:logGet(46)) - raft.rpc.type = GRPC (default)
2023-08-31 10:24:16,111 [JUnit] INFO  grpc.GrpcConfigKeys (ConfUtils.java:logFallback(53)) - raft.grpc.admin.host = null (fallback to raft.grpc.server.host)
2023-08-31 10:24:16,111 [JUnit] INFO  grpc.GrpcConfigKeys (ConfUtils.java:logGet(46)) - raft.grpc.admin.port = 15013 (custom)
2023-08-31 10:24:16,111 [JUnit] INFO  grpc.GrpcConfigKeys (ConfUtils.java:logFallback(53)) - raft.grpc.client.host = null (fallback to raft.grpc.server.host)
2023-08-31 10:24:16,111 [JUnit] INFO  grpc.GrpcConfigKeys (ConfUtils.java:logGet(46)) - raft.grpc.client.port = 15012 (custom)
2023-08-31 10:24:16,111 [JUnit] INFO  grpc.GrpcConfigKeys (ConfUtils.java:logGet(46)) - raft.grpc.server.host = null (default)
2023-08-31 10:24:16,112 [JUnit] INFO  grpc.GrpcConfigKeys (ConfUtils.java:logGet(46)) - raft.grpc.server.port = 15014 (custom)
2023-08-31 10:24:16,112 [JUnit] INFO  server.GrpcService (ConfUtils.java:logGet(46)) - raft.grpc.message.size.max = 32MB (=33554432) (custom)
2023-08-31 10:24:16,112 [JUnit] INFO  server.RaftServerConfigKeys (ConfUtils.java:logGet(46)) - raft.server.log.appender.buffer.byte-limit = 33554432 (custom)
2023-08-31 10:24:16,112 [JUnit] INFO  server.GrpcService (ConfUtils.java:logGet(46)) - raft.grpc.flow.control.window = 5MB (=5242880) (custom)
2023-08-31 10:24:16,112 [JUnit] INFO  server.RaftServerConfigKeys (ConfUtils.java:logGet(46)) - raft.server.rpc.request.timeout = 3000ms (default)
2023-08-31 10:24:16,112 [JUnit] INFO  grpc.GrpcConfigKeys (ConfUtils.java:logGet(46)) - raft.grpc.server.heartbeat.channel = true (default)
2023-08-31 10:24:16,112 [JUnit] INFO  grpc.GrpcConfigKeys (ConfUtils.java:logGet(46)) - raft.grpc.server.async.request.thread.pool.cached = true (default)
2023-08-31 10:24:16,112 [JUnit] INFO  grpc.GrpcConfigKeys (ConfUtils.java:logGet(46)) - raft.grpc.server.async.request.thread.pool.size = 32 (default)
2023-08-31 10:24:16,115 [JUnit] INFO  impl.DataStreamServerImpl (ConfUtils.java:logGet(46)) - raft.datastream.type = NETTY (custom)
2023-08-31 10:24:16,123 [JUnit] INFO  server.RaftServerConfigKeys (ConfUtils.java:logGet(46)) - raft.server.data-stream.async.request.thread.pool.cached = false (default)
2023-08-31 10:24:16,124 [JUnit] INFO  server.RaftServerConfigKeys (ConfUtils.java:logGet(46)) - raft.server.data-stream.async.request.thread.pool.size = 20 (custom)
2023-08-31 10:24:16,125 [JUnit] INFO  server.RaftServerConfigKeys (ConfUtils.java:logGet(46)) - raft.server.data-stream.async.write.thread.pool.size = 16 (default)
2023-08-31 10:24:16,125 [JUnit] INFO  server.RaftServerConfigKeys (ConfUtils.java:logGet(46)) - raft.server.data-stream.client.pool.size = 10 (default)
2023-08-31 10:24:16,128 [JUnit] INFO  netty.NettyConfigKeys$DataStream (ConfUtils.java:logGet(46)) - raft.netty.dataStream.server.use-epoll = false (default)
2023-08-31 10:24:16,129 [JUnit] INFO  netty.NettyConfigKeys$DataStream (ConfUtils.java:logGet(46)) - raft.netty.dataStream.server.boss-group.size = 0 (default)
2023-08-31 10:24:16,135 [JUnit] INFO  netty.NettyConfigKeys$DataStream (ConfUtils.java:logGet(46)) - raft.netty.dataStream.server.worker-group.size = 0 (default)
2023-08-31 10:24:16,148 [JUnit] INFO  netty.NettyConfigKeys$DataStream (ConfUtils.java:logGet(46)) - raft.netty.dataStream.server.tls.conf = null (default)
2023-08-31 10:24:16,149 [JUnit] INFO  netty.NettyConfigKeys$DataStream (ConfUtils.java:logGet(46)) - raft.netty.dataStream.host = null (default)
2023-08-31 10:24:16,149 [JUnit] INFO  netty.NettyConfigKeys$DataStream (ConfUtils.java:logGet(46)) - raft.netty.dataStream.port = 15015 (custom)
2023-08-31 10:24:16,158 [JUnit] INFO  server.RaftServerConfigKeys (ConfUtils.java:logGet(46)) - raft.server.threadpool.proxy.cached = true (default)
2023-08-31 10:24:16,158 [JUnit] INFO  server.RaftServerConfigKeys (ConfUtils.java:logGet(46)) - raft.server.threadpool.proxy.size = 0 (default)
2023-08-31 10:24:16,158 [JUnit] INFO  server.RaftServerConfigKeys (ConfUtils.java:logGet(46)) - raft.server.rpc.slowness.timeout = 300000ms (custom)
2023-08-31 10:24:16,158 [JUnit] INFO  server.RaftServerConfigKeys (ConfUtils.java:logGet(46)) - raft.server.leaderelection.leader.step-down.wait-time = 10s (default)
2023-08-31 10:24:16,158 [JUnit] INFO  server.RaftServerConfigKeys (ConfUtils.java:logGet(46)) - raft.server.storage.dir = [/home/runner/work/ozone/ozone/hadoop-ozone/integration-test/target/test-dir/MiniOzoneClusterImpl-40ccb4ce-9e5f-48d9-b45c-9251314ec7cc/datanode-0/data/ratis] (custom)
2023-08-31 10:24:16,159 [1e7dfa45-1203-43e6-a103-23c323d0a6d5-impl-thread1] INFO  server.RaftServer (RaftServerProxy.java:initGroupDir(258)) - 1e7dfa45-1203-43e6-a103-23c323d0a6d5: found a subdirectory /home/runner/work/ozone/ozone/hadoop-ozone/integration-test/target/test-dir/MiniOzoneClusterImpl-40ccb4ce-9e5f-48d9-b45c-9251314ec7cc/datanode-0/data/ratis/tmp
2023-08-31 10:24:16,160 [1e7dfa45-1203-43e6-a103-23c323d0a6d5-impl-thread1] INFO  server.RaftServer (RaftServerProxy.java:initGroupDir(263)) - 1e7dfa45-1203-43e6-a103-23c323d0a6d5: The directory /home/runner/work/ozone/ozone/hadoop-ozone/integration-test/target/test-dir/MiniOzoneClusterImpl-40ccb4ce-9e5f-48d9-b45c-9251314ec7cc/datanode-0/data/ratis/tmp is not a group directory; ignoring it. 
2023-08-31 10:24:16,164 [JUnit] INFO  replication.ReplicationServer (ReplicationServer.java:<init>(81)) - Initializing replication server with thread count = 10
2023-08-31 10:24:16,178 [1e7dfa45-1203-43e6-a103-23c323d0a6d5-NettyServerStreamRpc-bossGroup--thread1] INFO  logging.LoggingHandler (AbstractInternalLogger.java:log(148)) - [id: 0x62ca255f] REGISTERED
2023-08-31 10:24:16,179 [1e7dfa45-1203-43e6-a103-23c323d0a6d5-NettyServerStreamRpc-bossGroup--thread1] INFO  logging.LoggingHandler (AbstractInternalLogger.java:log(148)) - [id: 0x62ca255f] BIND: 0.0.0.0/0.0.0.0:15015
2023-08-31 10:24:16,180 [1e7dfa45-1203-43e6-a103-23c323d0a6d5-NettyServerStreamRpc-bossGroup--thread1] INFO  logging.LoggingHandler (AbstractInternalLogger.java:log(148)) - [id: 0x62ca255f, L:/0:0:0:0:0:0:0:0:15015] ACTIVE
2023-08-31 10:24:16,187 [JUnit] INFO  server.XceiverServerGrpc (XceiverServerGrpc.java:<init>(132)) - GrpcServer channel type EpollServerSocketChannel
2023-08-31 10:24:16,230 [JUnit] INFO  replication.ReplicationSupervisor (ReplicationSupervisor.java:build(155)) - Initializing replication supervisor with thread count = 10
2023-08-31 10:24:16,231 [JUnit] INFO  replication.ReplicationSupervisor (ReplicationSupervisor.java:nodeStateUpdated(307)) - Node state updated to IN_SERVICE, scaling executor pool size to 10
2023-08-31 10:24:16,278 [JUnit] INFO  http.BaseHttpServer (BaseHttpServer.java:newHttpServer2BuilderForOzone(223)) - Starting Web-server for hddsDatanode at: http://0.0.0.0:15009
2023-08-31 10:24:16,279 [JUnit] INFO  http.BaseHttpServer (BaseHttpServer.java:<init>(110)) - Hadoop Security Enabled: false Ozone Security Enabled: false Ozone HTTP Security Enabled: false 
2023-08-31 10:24:16,281 [JUnit] WARN  server.AuthenticationFilter (AuthenticationFilter.java:constructSecretProvider(240)) - Unable to initialize FileSignerSecretProvider, falling back to use random secrets. Reason: Could not read signature secret file: /home/runner/hadoop-http-auth-signature-secret
2023-08-31 10:24:16,284 [JUnit] INFO  http.HttpRequestLog (HttpRequestLog.java:getRequestLog(86)) - Http request log for http.requests.hddsDatanode is not defined
2023-08-31 10:24:16,286 [JUnit] INFO  http.HttpServer2 (HttpServer2.java:addGlobalFilter(1031)) - Added global filter 'safety' (class=org.apache.hadoop.hdds.server.http.HttpServer2$QuotingInputFilter)
2023-08-31 10:24:16,287 [JUnit] INFO  http.HttpServer2 (HttpServer2.java:addFilter(1007)) - Added filter static_user_filter (class=org.apache.hadoop.http.lib.StaticUserWebFilter$StaticUserFilter) to context hddsDatanode
2023-08-31 10:24:16,287 [JUnit] INFO  http.HttpServer2 (HttpServer2.java:addFilter(1015)) - Added filter static_user_filter (class=org.apache.hadoop.http.lib.StaticUserWebFilter$StaticUserFilter) to context static
2023-08-31 10:24:16,288 [JUnit] INFO  http.HttpServer2 (HttpServer2.java:addFilter(1015)) - Added filter static_user_filter (class=org.apache.hadoop.http.lib.StaticUserWebFilter$StaticUserFilter) to context logs
2023-08-31 10:24:16,292 [JUnit] INFO  http.BaseHttpServer (BaseHttpServer.java:<init>(189)) - HTTP server of hddsDatanode uses base directory /home/runner/work/ozone/ozone/hadoop-ozone/integration-test/target/test-dir/MiniOzoneClusterImpl-40ccb4ce-9e5f-48d9-b45c-9251314ec7cc/datanode-0/meta/webserver
2023-08-31 10:24:16,292 [JUnit] INFO  http.HttpServer2 (HttpServer2.java:bindListener(1231)) - Jetty bound to port 15009
2023-08-31 10:24:16,292 [JUnit] INFO  server.Server (Server.java:doStart(375)) - jetty-9.4.51.v20230217; built: 2023-02-17T08:19:37.309Z; git: b45c405e4544384de066f814ed42ae3dceacdd49; jvm 1.8.0_382-b05
2023-08-31 10:24:16,300 [JUnit] INFO  server.session (DefaultSessionIdManager.java:doStart(334)) - DefaultSessionIdManager workerName=node0
2023-08-31 10:24:16,300 [JUnit] INFO  server.session (DefaultSessionIdManager.java:doStart(339)) - No SessionScavenger set, using defaults
2023-08-31 10:24:16,300 [JUnit] INFO  server.session (HouseKeeper.java:startScavenging(132)) - node0 Scavenging every 660000ms
2023-08-31 10:24:16,301 [JUnit] INFO  handler.ContextHandler (ContextHandler.java:doStart(921)) - Started o.e.j.s.ServletContextHandler@3baf972e{logs,/logs,file:///home/runner/work/ozone/ozone/hadoop-ozone/integration-test/target/log,AVAILABLE}
2023-08-31 10:24:16,301 [JUnit] INFO  handler.ContextHandler (ContextHandler.java:doStart(921)) - Started o.e.j.s.ServletContextHandler@42ed2c5d{static,/static,jar:file:/home/runner/.m2/repository/org/apache/ozone/hdds-container-service/1.4.0-SNAPSHOT/hdds-container-service-1.4.0-SNAPSHOT.jar!/webapps/static,AVAILABLE}
2023-08-31 10:24:16,538 [JUnit] INFO  handler.ContextHandler (ContextHandler.java:doStart(921)) - Started o.e.j.w.WebAppContext@543ff21e{hddsDatanode,/,file:///home/runner/work/ozone/ozone/hadoop-ozone/integration-test/target/test-dir/MiniOzoneClusterImpl-40ccb4ce-9e5f-48d9-b45c-9251314ec7cc/datanode-0/meta/webserver/jetty-0_0_0_0-15009-hdds-container-service-1_4_0-SNAPSHOT_jar-_-any-5148704682266329440/webapp/,AVAILABLE}{jar:file:/home/runner/.m2/repository/org/apache/ozone/hdds-container-service/1.4.0-SNAPSHOT/hdds-container-service-1.4.0-SNAPSHOT.jar!/webapps/hddsDatanode}
2023-08-31 10:24:16,539 [JUnit] INFO  server.AbstractConnector (AbstractConnector.java:doStart(333)) - Started ServerConnector@3124e9b9{HTTP/1.1, (http/1.1)}{0.0.0.0:15009}
2023-08-31 10:24:16,540 [JUnit] INFO  server.Server (Server.java:doStart(415)) - Started @8116ms
2023-08-31 10:24:16,540 [JUnit] WARN  impl.MetricsSystemImpl (MetricsSystemImpl.java:register(279)) - Sink prometheus already exists!
2023-08-31 10:24:16,540 [JUnit] INFO  http.BaseHttpServer (BaseHttpServer.java:updateConnectorAddress(354)) - HTTP server of hddsDatanode listening at http://0.0.0.0:15009
2023-08-31 10:24:16,544 [JUnit] INFO  ipc.CallQueueManager (CallQueueManager.java:<init>(90)) - Using callQueue: class java.util.concurrent.LinkedBlockingQueue, queueCapacity: 100, scheduler: class org.apache.hadoop.ipc.DefaultRpcScheduler, ipcBackoff: false.
2023-08-31 10:24:16,545 [JUnit] INFO  ipc.Server (Server.java:<init>(1287)) - Listener at 0.0.0.0:15010
2023-08-31 10:24:16,545 [Socket Reader #1 for port 15010] INFO  ipc.Server (Server.java:run(1323)) - Starting Socket Reader #1 for port 15010
2023-08-31 10:24:16,547 [JUnit] INFO  ozone.HddsDatanodeService (HddsDatanodeService.java:start(315)) - Datanode start with admins: [runner]
2023-08-31 10:24:16,549 [JUnit] INFO  ozone.HddsDatanodeClientProtocolServer (HddsDatanodeClientProtocolServer.java:start(72)) - RPC server for Client /0.0.0.0:15010
2023-08-31 10:24:16,549 [IPC Server Responder] INFO  ipc.Server (Server.java:run(1562)) - IPC Server Responder: starting
2023-08-31 10:24:16,550 [IPC Server listener on 15010] INFO  ipc.Server (Server.java:run(1402)) - IPC Server listener on 15010: starting
2023-08-31 10:24:16,552 [JUnit] WARN  impl.MetricRegistriesImpl (MetricRegistriesImpl.java:addReporterRegistration(111)) - New reporters are added after registries were created. Some metrics will be missing from the reporter. Please add reporter before adding any new registry.
2023-08-31 10:24:16,552 [JUnit] WARN  impl.MetricRegistriesImpl (MetricRegistriesImpl.java:addReporterRegistration(111)) - New reporters are added after registries were created. Some metrics will be missing from the reporter. Please add reporter before adding any new registry.
2023-08-31 10:24:16,552 [JUnit] INFO  impl.MetricsSystemImpl (MetricsSystemImpl.java:init(158)) - HddsDatanode metrics system started (again)
2023-08-31 10:24:16,551 [Datanode State Machine Daemon Thread] INFO  statemachine.DatanodeStateMachine (DatanodeStateMachine.java:lambda$startDaemon$0(538)) - Ozone container server started.
2023-08-31 10:24:16,569 [JUnit] INFO  ozone.HddsDatanodeService (HddsDatanodeService.java:start(237)) - HddsDatanodeService host:fv-az304-998.1xzdsl11evde5oaqfphatm1hpa.cx.internal.cloudapp.net ip:10.1.0.16
2023-08-31 10:24:16,595 [JUnit] INFO  upgrade.AbstractLayoutVersionManager (AbstractLayoutVersionManager.java:init(83)) - Initializing Layout version manager with metadata layout = HADOOP_PRC_PORTS_IN_DATANODEDETAILS (version = 7), software layout = HADOOP_PRC_PORTS_IN_DATANODEDETAILS (version = 7)
2023-08-31 10:24:16,596 [JUnit] INFO  statemachine.DatanodeStateMachine (DatanodeStateMachine.java:getEndPointTaskThreadPoolSize(282)) - Datanode State Machine Task Thread Pool size 2
2023-08-31 10:24:16,606 [JUnit] INFO  volume.HddsVolume (HddsVolume.java:<init>(126)) - Creating HddsVolume: /home/runner/work/ozone/ozone/hadoop-ozone/integration-test/target/test-dir/MiniOzoneClusterImpl-40ccb4ce-9e5f-48d9-b45c-9251314ec7cc/datanode-1/data-0/containers/hdds of storage type : DISK capacity : 9223372036854775807
2023-08-31 10:24:16,608 [JUnit] INFO  volume.MutableVolumeSet (MutableVolumeSet.java:initializeVolumeSet(173)) - Added Volume : /home/runner/work/ozone/ozone/hadoop-ozone/integration-test/target/test-dir/MiniOzoneClusterImpl-40ccb4ce-9e5f-48d9-b45c-9251314ec7cc/datanode-1/data-0/containers/hdds to VolumeSet
2023-08-31 10:24:16,611 [JUnit] INFO  volume.MutableVolumeSet (MutableVolumeSet.java:initializeVolumeSet(173)) - Added Volume : /home/runner/work/ozone/ozone/hadoop-ozone/integration-test/target/test-dir/MiniOzoneClusterImpl-40ccb4ce-9e5f-48d9-b45c-9251314ec7cc/datanode-1/data/ratis to VolumeSet
2023-08-31 10:24:16,615 [Thread-157] INFO  ozoneimpl.ContainerReader (ContainerReader.java:readVolume(177)) - Finish verifying containers on volume /home/runner/work/ozone/ozone/hadoop-ozone/integration-test/target/test-dir/MiniOzoneClusterImpl-40ccb4ce-9e5f-48d9-b45c-9251314ec7cc/datanode-1/data-0/containers/hdds
2023-08-31 10:24:16,616 [JUnit] INFO  ozoneimpl.OzoneContainer (OzoneContainer.java:buildContainerSet(314)) - Build ContainerSet costs 0s
2023-08-31 10:24:16,623 [JUnit] INFO  server.RaftServer (ConfUtils.java:logGet(46)) - raft.rpc.type = GRPC (default)
2023-08-31 10:24:16,623 [JUnit] INFO  grpc.GrpcConfigKeys (ConfUtils.java:logFallback(53)) - raft.grpc.admin.host = null (fallback to raft.grpc.server.host)
2023-08-31 10:24:16,623 [JUnit] INFO  grpc.GrpcConfigKeys (ConfUtils.java:logGet(46)) - raft.grpc.admin.port = 15022 (custom)
2023-08-31 10:24:16,623 [JUnit] INFO  grpc.GrpcConfigKeys (ConfUtils.java:logFallback(53)) - raft.grpc.client.host = null (fallback to raft.grpc.server.host)
2023-08-31 10:24:16,623 [JUnit] INFO  grpc.GrpcConfigKeys (ConfUtils.java:logGet(46)) - raft.grpc.client.port = 15021 (custom)
2023-08-31 10:24:16,623 [JUnit] INFO  grpc.GrpcConfigKeys (ConfUtils.java:logGet(46)) - raft.grpc.server.host = null (default)
2023-08-31 10:24:16,623 [JUnit] INFO  grpc.GrpcConfigKeys (ConfUtils.java:logGet(46)) - raft.grpc.server.port = 15023 (custom)
2023-08-31 10:24:16,623 [JUnit] INFO  server.GrpcService (ConfUtils.java:logGet(46)) - raft.grpc.message.size.max = 32MB (=33554432) (custom)
2023-08-31 10:24:16,625 [JUnit] INFO  server.RaftServerConfigKeys (ConfUtils.java:logGet(46)) - raft.server.log.appender.buffer.byte-limit = 33554432 (custom)
2023-08-31 10:24:16,625 [JUnit] INFO  server.GrpcService (ConfUtils.java:logGet(46)) - raft.grpc.flow.control.window = 5MB (=5242880) (custom)
2023-08-31 10:24:16,625 [JUnit] INFO  server.RaftServerConfigKeys (ConfUtils.java:logGet(46)) - raft.server.rpc.request.timeout = 3000ms (default)
2023-08-31 10:24:16,625 [JUnit] INFO  grpc.GrpcConfigKeys (ConfUtils.java:logGet(46)) - raft.grpc.server.heartbeat.channel = true (default)
2023-08-31 10:24:16,625 [JUnit] INFO  grpc.GrpcConfigKeys (ConfUtils.java:logGet(46)) - raft.grpc.server.async.request.thread.pool.cached = true (default)
2023-08-31 10:24:16,625 [JUnit] INFO  grpc.GrpcConfigKeys (ConfUtils.java:logGet(46)) - raft.grpc.server.async.request.thread.pool.size = 32 (default)
2023-08-31 10:24:16,629 [JUnit] INFO  impl.DataStreamServerImpl (ConfUtils.java:logGet(46)) - raft.datastream.type = NETTY (custom)
2023-08-31 10:24:16,630 [JUnit] INFO  server.RaftServerConfigKeys (ConfUtils.java:logGet(46)) - raft.server.data-stream.async.request.thread.pool.cached = false (default)
2023-08-31 10:24:16,630 [JUnit] INFO  server.RaftServerConfigKeys (ConfUtils.java:logGet(46)) - raft.server.data-stream.async.request.thread.pool.size = 20 (custom)
2023-08-31 10:24:16,630 [JUnit] INFO  server.RaftServerConfigKeys (ConfUtils.java:logGet(46)) - raft.server.data-stream.async.write.thread.pool.size = 16 (default)
2023-08-31 10:24:16,630 [JUnit] INFO  server.RaftServerConfigKeys (ConfUtils.java:logGet(46)) - raft.server.data-stream.client.pool.size = 10 (default)
2023-08-31 10:24:16,630 [JUnit] INFO  netty.NettyConfigKeys$DataStream (ConfUtils.java:logGet(46)) - raft.netty.dataStream.server.use-epoll = false (default)
2023-08-31 10:24:16,631 [JUnit] INFO  netty.NettyConfigKeys$DataStream (ConfUtils.java:logGet(46)) - raft.netty.dataStream.server.boss-group.size = 0 (default)
2023-08-31 10:24:16,631 [JUnit] INFO  netty.NettyConfigKeys$DataStream (ConfUtils.java:logGet(46)) - raft.netty.dataStream.server.worker-group.size = 0 (default)
2023-08-31 10:24:16,632 [JUnit] INFO  netty.NettyConfigKeys$DataStream (ConfUtils.java:logGet(46)) - raft.netty.dataStream.server.tls.conf = null (default)
2023-08-31 10:24:16,632 [JUnit] INFO  netty.NettyConfigKeys$DataStream (ConfUtils.java:logGet(46)) - raft.netty.dataStream.host = null (default)
2023-08-31 10:24:16,632 [JUnit] INFO  netty.NettyConfigKeys$DataStream (ConfUtils.java:logGet(46)) - raft.netty.dataStream.port = 15024 (custom)
2023-08-31 10:24:16,633 [JUnit] INFO  server.RaftServerConfigKeys (ConfUtils.java:logGet(46)) - raft.server.threadpool.proxy.cached = true (default)
2023-08-31 10:24:16,634 [JUnit] INFO  server.RaftServerConfigKeys (ConfUtils.java:logGet(46)) - raft.server.threadpool.proxy.size = 0 (default)
2023-08-31 10:24:16,634 [JUnit] INFO  server.RaftServerConfigKeys (ConfUtils.java:logGet(46)) - raft.server.rpc.slowness.timeout = 300000ms (custom)
2023-08-31 10:24:16,634 [JUnit] INFO  server.RaftServerConfigKeys (ConfUtils.java:logGet(46)) - raft.server.leaderelection.leader.step-down.wait-time = 10s (default)
2023-08-31 10:24:16,634 [JUnit] INFO  server.RaftServerConfigKeys (ConfUtils.java:logGet(46)) - raft.server.storage.dir = [/home/runner/work/ozone/ozone/hadoop-ozone/integration-test/target/test-dir/MiniOzoneClusterImpl-40ccb4ce-9e5f-48d9-b45c-9251314ec7cc/datanode-1/data/ratis] (custom)
2023-08-31 10:24:16,640 [faefdaa5-b95f-414d-83d1-b299fbae73bf-NettyServerStreamRpc-bossGroup--thread1] INFO  logging.LoggingHandler (AbstractInternalLogger.java:log(148)) - [id: 0x52c03e4f] REGISTERED
2023-08-31 10:24:16,641 [faefdaa5-b95f-414d-83d1-b299fbae73bf-NettyServerStreamRpc-bossGroup--thread1] INFO  logging.LoggingHandler (AbstractInternalLogger.java:log(148)) - [id: 0x52c03e4f] BIND: 0.0.0.0/0.0.0.0:15024
2023-08-31 10:24:16,641 [faefdaa5-b95f-414d-83d1-b299fbae73bf-NettyServerStreamRpc-bossGroup--thread1] INFO  logging.LoggingHandler (AbstractInternalLogger.java:log(148)) - [id: 0x52c03e4f, L:/0:0:0:0:0:0:0:0:15024] ACTIVE
2023-08-31 10:24:16,641 [faefdaa5-b95f-414d-83d1-b299fbae73bf-impl-thread1] INFO  server.RaftServer (RaftServerProxy.java:initGroupDir(258)) - faefdaa5-b95f-414d-83d1-b299fbae73bf: found a subdirectory /home/runner/work/ozone/ozone/hadoop-ozone/integration-test/target/test-dir/MiniOzoneClusterImpl-40ccb4ce-9e5f-48d9-b45c-9251314ec7cc/datanode-1/data/ratis/tmp
2023-08-31 10:24:16,641 [faefdaa5-b95f-414d-83d1-b299fbae73bf-impl-thread1] INFO  server.RaftServer (RaftServerProxy.java:initGroupDir(263)) - faefdaa5-b95f-414d-83d1-b299fbae73bf: The directory /home/runner/work/ozone/ozone/hadoop-ozone/integration-test/target/test-dir/MiniOzoneClusterImpl-40ccb4ce-9e5f-48d9-b45c-9251314ec7cc/datanode-1/data/ratis/tmp is not a group directory; ignoring it. 
2023-08-31 10:24:16,641 [JUnit] INFO  replication.ReplicationServer (ReplicationServer.java:<init>(81)) - Initializing replication server with thread count = 10
2023-08-31 10:24:16,642 [JUnit] INFO  server.XceiverServerGrpc (XceiverServerGrpc.java:<init>(132)) - GrpcServer channel type EpollServerSocketChannel
2023-08-31 10:24:16,647 [JUnit] INFO  replication.ReplicationSupervisor (ReplicationSupervisor.java:build(155)) - Initializing replication supervisor with thread count = 10
2023-08-31 10:24:16,647 [JUnit] INFO  replication.ReplicationSupervisor (ReplicationSupervisor.java:nodeStateUpdated(307)) - Node state updated to IN_SERVICE, scaling executor pool size to 10
2023-08-31 10:24:16,652 [JUnit] INFO  http.BaseHttpServer (BaseHttpServer.java:newHttpServer2BuilderForOzone(223)) - Starting Web-server for hddsDatanode at: http://0.0.0.0:15018
2023-08-31 10:24:16,652 [JUnit] INFO  http.BaseHttpServer (BaseHttpServer.java:<init>(110)) - Hadoop Security Enabled: false Ozone Security Enabled: false Ozone HTTP Security Enabled: false 
2023-08-31 10:24:16,653 [JUnit] WARN  server.AuthenticationFilter (AuthenticationFilter.java:constructSecretProvider(240)) - Unable to initialize FileSignerSecretProvider, falling back to use random secrets. Reason: Could not read signature secret file: /home/runner/hadoop-http-auth-signature-secret
2023-08-31 10:24:16,654 [JUnit] INFO  http.HttpRequestLog (HttpRequestLog.java:getRequestLog(86)) - Http request log for http.requests.hddsDatanode is not defined
2023-08-31 10:24:16,655 [JUnit] INFO  http.HttpServer2 (HttpServer2.java:addGlobalFilter(1031)) - Added global filter 'safety' (class=org.apache.hadoop.hdds.server.http.HttpServer2$QuotingInputFilter)
2023-08-31 10:24:16,656 [JUnit] INFO  http.HttpServer2 (HttpServer2.java:addFilter(1007)) - Added filter static_user_filter (class=org.apache.hadoop.http.lib.StaticUserWebFilter$StaticUserFilter) to context hddsDatanode
2023-08-31 10:24:16,656 [JUnit] INFO  http.HttpServer2 (HttpServer2.java:addFilter(1015)) - Added filter static_user_filter (class=org.apache.hadoop.http.lib.StaticUserWebFilter$StaticUserFilter) to context logs
2023-08-31 10:24:16,656 [JUnit] INFO  http.HttpServer2 (HttpServer2.java:addFilter(1015)) - Added filter static_user_filter (class=org.apache.hadoop.http.lib.StaticUserWebFilter$StaticUserFilter) to context static
2023-08-31 10:24:16,657 [JUnit] INFO  http.BaseHttpServer (BaseHttpServer.java:<init>(189)) - HTTP server of hddsDatanode uses base directory /home/runner/work/ozone/ozone/hadoop-ozone/integration-test/target/test-dir/MiniOzoneClusterImpl-40ccb4ce-9e5f-48d9-b45c-9251314ec7cc/datanode-1/meta/webserver
2023-08-31 10:24:16,657 [JUnit] INFO  http.HttpServer2 (HttpServer2.java:bindListener(1231)) - Jetty bound to port 15018
2023-08-31 10:24:16,657 [JUnit] INFO  server.Server (Server.java:doStart(375)) - jetty-9.4.51.v20230217; built: 2023-02-17T08:19:37.309Z; git: b45c405e4544384de066f814ed42ae3dceacdd49; jvm 1.8.0_382-b05
2023-08-31 10:24:16,681 [JUnit] INFO  server.session (DefaultSessionIdManager.java:doStart(334)) - DefaultSessionIdManager workerName=node0
2023-08-31 10:24:16,682 [JUnit] INFO  server.session (DefaultSessionIdManager.java:doStart(339)) - No SessionScavenger set, using defaults
2023-08-31 10:24:16,682 [JUnit] INFO  server.session (HouseKeeper.java:startScavenging(132)) - node0 Scavenging every 660000ms
2023-08-31 10:24:16,685 [JUnit] INFO  handler.ContextHandler (ContextHandler.java:doStart(921)) - Started o.e.j.s.ServletContextHandler@4dcaab6b{logs,/logs,file:///home/runner/work/ozone/ozone/hadoop-ozone/integration-test/target/log,AVAILABLE}
2023-08-31 10:24:16,685 [JUnit] INFO  handler.ContextHandler (ContextHandler.java:doStart(921)) - Started o.e.j.s.ServletContextHandler@4009d97f{static,/static,jar:file:/home/runner/.m2/repository/org/apache/ozone/hdds-container-service/1.4.0-SNAPSHOT/hdds-container-service-1.4.0-SNAPSHOT.jar!/webapps/static,AVAILABLE}
2023-08-31 10:24:16,721 [Datanode State Machine Task Thread - 0] INFO  datanode.InitDatanodeState (InitDatanodeState.java:persistContainerDatanodeDetails(138)) - DatanodeDetails is persisted to /home/runner/work/ozone/ozone/hadoop-ozone/integration-test/target/test-dir/MiniOzoneClusterImpl-40ccb4ce-9e5f-48d9-b45c-9251314ec7cc/datanode-0/meta/datanode.id
2023-08-31 10:24:16,807 [om1@group-C5BA1605619E-FollowerState] INFO  impl.FollowerState (FollowerState.java:run(143)) - om1@group-C5BA1605619E-FollowerState: change to CANDIDATE, lastRpcElapsedTime:1181824084ns, electionTimeout:1180ms
2023-08-31 10:24:16,808 [om1@group-C5BA1605619E-FollowerState] INFO  impl.RoleInfo (RoleInfo.java:shutdownFollowerState(110)) - om1: shutdown om1@group-C5BA1605619E-FollowerState
2023-08-31 10:24:16,809 [om1@group-C5BA1605619E-FollowerState] INFO  server.RaftServer$Division (RaftServerImpl.java:setRole(329)) - om1@group-C5BA1605619E: changes role from  FOLLOWER to CANDIDATE at term 0 for changeToCandidate
2023-08-31 10:24:16,812 [om1@group-C5BA1605619E-FollowerState] INFO  server.RaftServerConfigKeys (ConfUtils.java:logGet(46)) - raft.server.leaderelection.pre-vote = true (default)
2023-08-31 10:24:16,812 [om1@group-C5BA1605619E-FollowerState] INFO  impl.RoleInfo (RoleInfo.java:updateAndGet(139)) - om1: start om1@group-C5BA1605619E-LeaderElection1
2023-08-31 10:24:16,820 [om1@group-C5BA1605619E-LeaderElection1] INFO  impl.LeaderElection (LeaderElection.java:askForVotes(321)) - om1@group-C5BA1605619E-LeaderElection1 PRE_VOTE round 0: submit vote requests at term 0 for -1: peers:[om1|rpc:localhost:15007|priority:0|startupRole:FOLLOWER]|listeners:[], old=null
2023-08-31 10:24:16,821 [om1@group-C5BA1605619E-LeaderElection1] INFO  impl.LeaderElection (LeaderElection.java:askForVotes(323)) - om1@group-C5BA1605619E-LeaderElection1 PRE_VOTE round 0: result PASSED (term=0)
2023-08-31 10:24:16,824 [om1@group-C5BA1605619E-LeaderElection1] INFO  impl.LeaderElection (LeaderElection.java:askForVotes(321)) - om1@group-C5BA1605619E-LeaderElection1 ELECTION round 0: submit vote requests at term 1 for -1: peers:[om1|rpc:localhost:15007|priority:0|startupRole:FOLLOWER]|listeners:[], old=null
2023-08-31 10:24:16,825 [om1@group-C5BA1605619E-LeaderElection1] INFO  impl.LeaderElection (LeaderElection.java:askForVotes(323)) - om1@group-C5BA1605619E-LeaderElection1 ELECTION round 0: result PASSED (term=1)
2023-08-31 10:24:16,825 [om1@group-C5BA1605619E-LeaderElection1] INFO  impl.RoleInfo (RoleInfo.java:shutdownLeaderElection(130)) - om1: shutdown om1@group-C5BA1605619E-LeaderElection1
2023-08-31 10:24:16,825 [om1@group-C5BA1605619E-LeaderElection1] INFO  server.RaftServer$Division (RaftServerImpl.java:setRole(329)) - om1@group-C5BA1605619E: changes role from CANDIDATE to LEADER at term 1 for changeToLeader
2023-08-31 10:24:16,827 [om1@group-C5BA1605619E-LeaderElection1] INFO  server.RaftServer$Division (ServerState.java:setLeader(317)) - om1@group-C5BA1605619E: change Leader from null to om1 at term 1 for becomeLeader, leader elected after 2333ms
2023-08-31 10:24:16,834 [om1@group-C5BA1605619E-LeaderElection1] INFO  server.RaftServerConfigKeys (ConfUtils.java:logGet(46)) - raft.server.staging.catchup.gap = 1000 (default)
2023-08-31 10:24:16,841 [om1@group-C5BA1605619E-LeaderElection1] INFO  server.RaftServerConfigKeys (ConfUtils.java:logGet(46)) - raft.server.write.element-limit = 4096 (default)
2023-08-31 10:24:16,841 [om1@group-C5BA1605619E-LeaderElection1] INFO  server.RaftServerConfigKeys (ConfUtils.java:logGet(46)) - raft.server.write.byte-limit = 64MB (=67108864) (default)
2023-08-31 10:24:16,845 [om1@group-C5BA1605619E-LeaderElection1] INFO  server.RaftServerConfigKeys (ConfUtils.java:logGet(46)) - raft.server.watch.timeout = 10s (default)
2023-08-31 10:24:16,845 [om1@group-C5BA1605619E-LeaderElection1] INFO  server.RaftServerConfigKeys (ConfUtils.java:logGet(46)) - raft.server.watch.timeout.denomination = 1s (default)
2023-08-31 10:24:16,846 [om1@group-C5BA1605619E-LeaderElection1] INFO  server.RaftServerConfigKeys (ConfUtils.java:logGet(46)) - raft.server.watch.element-limit = 65536 (default)
2023-08-31 10:24:16,850 [om1@group-C5BA1605619E-LeaderElection1] INFO  server.RaftServerConfigKeys (ConfUtils.java:logGet(46)) - raft.server.write.element-limit = 4096 (default)
2023-08-31 10:24:16,859 [om1@group-C5BA1605619E-LeaderElection1] INFO  server.RaftServerConfigKeys (ConfUtils.java:logGet(46)) - raft.server.write.follower.gap.ratio.max = -1.0 (default)
2023-08-31 10:24:16,862 [om1@group-C5BA1605619E-LeaderElection1] INFO  impl.RoleInfo (RoleInfo.java:updateAndGet(139)) - om1: start om1@group-C5BA1605619E-LeaderStateImpl
2023-08-31 10:24:16,906 [om1@group-C5BA1605619E-LeaderElection1] INFO  segmented.SegmentedRaftLogWorker (SegmentedRaftLogWorker.java:startLogSegment(447)) - om1@group-C5BA1605619E-SegmentedRaftLogWorker: Starting segment from index:0
2023-08-31 10:24:16,925 [JUnit] INFO  handler.ContextHandler (ContextHandler.java:doStart(921)) - Started o.e.j.w.WebAppContext@6ed61f9e{hddsDatanode,/,file:///home/runner/work/ozone/ozone/hadoop-ozone/integration-test/target/test-dir/MiniOzoneClusterImpl-40ccb4ce-9e5f-48d9-b45c-9251314ec7cc/datanode-1/meta/webserver/jetty-0_0_0_0-15018-hdds-container-service-1_4_0-SNAPSHOT_jar-_-any-909045623395573642/webapp/,AVAILABLE}{jar:file:/home/runner/.m2/repository/org/apache/ozone/hdds-container-service/1.4.0-SNAPSHOT/hdds-container-service-1.4.0-SNAPSHOT.jar!/webapps/hddsDatanode}
2023-08-31 10:24:16,927 [JUnit] INFO  server.AbstractConnector (AbstractConnector.java:doStart(333)) - Started ServerConnector@7467b8ee{HTTP/1.1, (http/1.1)}{0.0.0.0:15018}
2023-08-31 10:24:16,928 [JUnit] INFO  server.Server (Server.java:doStart(415)) - Started @8504ms
2023-08-31 10:24:16,928 [JUnit] WARN  impl.MetricsSystemImpl (MetricsSystemImpl.java:register(279)) - Sink prometheus already exists!
2023-08-31 10:24:16,928 [JUnit] INFO  http.BaseHttpServer (BaseHttpServer.java:updateConnectorAddress(354)) - HTTP server of hddsDatanode listening at http://0.0.0.0:15018
2023-08-31 10:24:16,929 [JUnit] INFO  ipc.CallQueueManager (CallQueueManager.java:<init>(90)) - Using callQueue: class java.util.concurrent.LinkedBlockingQueue, queueCapacity: 100, scheduler: class org.apache.hadoop.ipc.DefaultRpcScheduler, ipcBackoff: false.
2023-08-31 10:24:16,929 [JUnit] INFO  ipc.Server (Server.java:<init>(1287)) - Listener at 0.0.0.0:15019
2023-08-31 10:24:16,931 [Socket Reader #1 for port 15019] INFO  ipc.Server (Server.java:run(1323)) - Starting Socket Reader #1 for port 15019
2023-08-31 10:24:16,942 [JUnit] INFO  ozone.HddsDatanodeService (HddsDatanodeService.java:start(315)) - Datanode start with admins: [runner]
2023-08-31 10:24:16,943 [JUnit] INFO  ozone.HddsDatanodeClientProtocolServer (HddsDatanodeClientProtocolServer.java:start(72)) - RPC server for Client /0.0.0.0:15019
2023-08-31 10:24:16,947 [IPC Server Responder] INFO  ipc.Server (Server.java:run(1562)) - IPC Server Responder: starting
2023-08-31 10:24:16,955 [IPC Server listener on 15019] INFO  ipc.Server (Server.java:run(1402)) - IPC Server listener on 15019: starting
2023-08-31 10:24:16,957 [JUnit] WARN  impl.MetricRegistriesImpl (MetricRegistriesImpl.java:addReporterRegistration(111)) - New reporters are added after registries were created. Some metrics will be missing from the reporter. Please add reporter before adding any new registry.
2023-08-31 10:24:16,957 [JUnit] WARN  impl.MetricRegistriesImpl (MetricRegistriesImpl.java:addReporterRegistration(111)) - New reporters are added after registries were created. Some metrics will be missing from the reporter. Please add reporter before adding any new registry.
2023-08-31 10:24:16,957 [JUnit] INFO  impl.MetricsSystemImpl (MetricsSystemImpl.java:init(158)) - HddsDatanode metrics system started (again)
2023-08-31 10:24:16,968 [om1@group-C5BA1605619E-LeaderElection1] INFO  server.RaftServer$Division (ServerState.java:setRaftConf(434)) - om1@group-C5BA1605619E: set configuration 0: peers:[om1|rpc:localhost:15007|admin:|client:|dataStream:|priority:0|startupRole:FOLLOWER]|listeners:[], old=null
2023-08-31 10:24:16,968 [Datanode State Machine Daemon Thread] INFO  statemachine.DatanodeStateMachine (DatanodeStateMachine.java:lambda$startDaemon$0(538)) - Ozone container server started.
2023-08-31 10:24:16,984 [JUnit] INFO  ozone.HddsDatanodeService (HddsDatanodeService.java:start(237)) - HddsDatanodeService host:fv-az304-998.1xzdsl11evde5oaqfphatm1hpa.cx.internal.cloudapp.net ip:10.1.0.16
2023-08-31 10:24:17,001 [Datanode State Machine Task Thread - 0] INFO  datanode.InitDatanodeState (InitDatanodeState.java:persistContainerDatanodeDetails(138)) - DatanodeDetails is persisted to /home/runner/work/ozone/ozone/hadoop-ozone/integration-test/target/test-dir/MiniOzoneClusterImpl-40ccb4ce-9e5f-48d9-b45c-9251314ec7cc/datanode-1/meta/datanode.id
2023-08-31 10:24:17,010 [JUnit] INFO  upgrade.AbstractLayoutVersionManager (AbstractLayoutVersionManager.java:init(83)) - Initializing Layout version manager with metadata layout = HADOOP_PRC_PORTS_IN_DATANODEDETAILS (version = 7), software layout = HADOOP_PRC_PORTS_IN_DATANODEDETAILS (version = 7)
2023-08-31 10:24:17,012 [JUnit] INFO  statemachine.DatanodeStateMachine (DatanodeStateMachine.java:getEndPointTaskThreadPoolSize(282)) - Datanode State Machine Task Thread Pool size 2
2023-08-31 10:24:17,032 [JUnit] INFO  volume.HddsVolume (HddsVolume.java:<init>(126)) - Creating HddsVolume: /home/runner/work/ozone/ozone/hadoop-ozone/integration-test/target/test-dir/MiniOzoneClusterImpl-40ccb4ce-9e5f-48d9-b45c-9251314ec7cc/datanode-2/data-0/containers/hdds of storage type : DISK capacity : 9223372036854775807
2023-08-31 10:24:17,032 [JUnit] INFO  volume.MutableVolumeSet (MutableVolumeSet.java:initializeVolumeSet(173)) - Added Volume : /home/runner/work/ozone/ozone/hadoop-ozone/integration-test/target/test-dir/MiniOzoneClusterImpl-40ccb4ce-9e5f-48d9-b45c-9251314ec7cc/datanode-2/data-0/containers/hdds to VolumeSet
2023-08-31 10:24:17,036 [JUnit] INFO  volume.MutableVolumeSet (MutableVolumeSet.java:initializeVolumeSet(173)) - Added Volume : /home/runner/work/ozone/ozone/hadoop-ozone/integration-test/target/test-dir/MiniOzoneClusterImpl-40ccb4ce-9e5f-48d9-b45c-9251314ec7cc/datanode-2/data/ratis to VolumeSet
2023-08-31 10:24:17,043 [Thread-176] INFO  ozoneimpl.ContainerReader (ContainerReader.java:readVolume(177)) - Finish verifying containers on volume /home/runner/work/ozone/ozone/hadoop-ozone/integration-test/target/test-dir/MiniOzoneClusterImpl-40ccb4ce-9e5f-48d9-b45c-9251314ec7cc/datanode-2/data-0/containers/hdds
2023-08-31 10:24:17,043 [JUnit] INFO  ozoneimpl.OzoneContainer (OzoneContainer.java:buildContainerSet(314)) - Build ContainerSet costs 0s
2023-08-31 10:24:17,047 [JUnit] INFO  server.RaftServer (ConfUtils.java:logGet(46)) - raft.rpc.type = GRPC (default)
2023-08-31 10:24:17,049 [JUnit] INFO  grpc.GrpcConfigKeys (ConfUtils.java:logFallback(53)) - raft.grpc.admin.host = null (fallback to raft.grpc.server.host)
2023-08-31 10:24:17,050 [JUnit] INFO  grpc.GrpcConfigKeys (ConfUtils.java:logGet(46)) - raft.grpc.admin.port = 15031 (custom)
2023-08-31 10:24:17,050 [om1@group-C5BA1605619E-SegmentedRaftLogWorker] INFO  segmented.SegmentedRaftLogWorker (SegmentedRaftLogWorker.java:execute(651)) - om1@group-C5BA1605619E-SegmentedRaftLogWorker: created new log segment /home/runner/work/ozone/ozone/hadoop-ozone/integration-test/target/test-dir/MiniOzoneClusterImpl-40ccb4ce-9e5f-48d9-b45c-9251314ec7cc/ozone-meta/ratis/bf265839-605b-3f16-9796-c5ba1605619e/current/log_inprogress_0
2023-08-31 10:24:17,050 [JUnit] INFO  grpc.GrpcConfigKeys (ConfUtils.java:logFallback(53)) - raft.grpc.client.host = null (fallback to raft.grpc.server.host)
2023-08-31 10:24:17,050 [JUnit] INFO  grpc.GrpcConfigKeys (ConfUtils.java:logGet(46)) - raft.grpc.client.port = 15030 (custom)
2023-08-31 10:24:17,050 [JUnit] INFO  grpc.GrpcConfigKeys (ConfUtils.java:logGet(46)) - raft.grpc.server.host = null (default)
2023-08-31 10:24:17,050 [JUnit] INFO  grpc.GrpcConfigKeys (ConfUtils.java:logGet(46)) - raft.grpc.server.port = 15032 (custom)
2023-08-31 10:24:17,050 [JUnit] INFO  server.GrpcService (ConfUtils.java:logGet(46)) - raft.grpc.message.size.max = 32MB (=33554432) (custom)
2023-08-31 10:24:17,052 [JUnit] INFO  server.RaftServerConfigKeys (ConfUtils.java:logGet(46)) - raft.server.log.appender.buffer.byte-limit = 33554432 (custom)
2023-08-31 10:24:17,052 [JUnit] INFO  server.GrpcService (ConfUtils.java:logGet(46)) - raft.grpc.flow.control.window = 5MB (=5242880) (custom)
2023-08-31 10:24:17,052 [JUnit] INFO  server.RaftServerConfigKeys (ConfUtils.java:logGet(46)) - raft.server.rpc.request.timeout = 3000ms (default)
2023-08-31 10:24:17,052 [JUnit] INFO  grpc.GrpcConfigKeys (ConfUtils.java:logGet(46)) - raft.grpc.server.heartbeat.channel = true (default)
2023-08-31 10:24:17,053 [JUnit] INFO  grpc.GrpcConfigKeys (ConfUtils.java:logGet(46)) - raft.grpc.server.async.request.thread.pool.cached = true (default)
2023-08-31 10:24:17,053 [JUnit] INFO  grpc.GrpcConfigKeys (ConfUtils.java:logGet(46)) - raft.grpc.server.async.request.thread.pool.size = 32 (default)
2023-08-31 10:24:17,067 [JUnit] INFO  impl.DataStreamServerImpl (ConfUtils.java:logGet(46)) - raft.datastream.type = NETTY (custom)
2023-08-31 10:24:17,073 [JUnit] INFO  server.RaftServerConfigKeys (ConfUtils.java:logGet(46)) - raft.server.data-stream.async.request.thread.pool.cached = false (default)
2023-08-31 10:24:17,073 [JUnit] INFO  server.RaftServerConfigKeys (ConfUtils.java:logGet(46)) - raft.server.data-stream.async.request.thread.pool.size = 20 (custom)
2023-08-31 10:24:17,074 [JUnit] INFO  server.RaftServerConfigKeys (ConfUtils.java:logGet(46)) - raft.server.data-stream.async.write.thread.pool.size = 16 (default)
2023-08-31 10:24:17,074 [JUnit] INFO  server.RaftServerConfigKeys (ConfUtils.java:logGet(46)) - raft.server.data-stream.client.pool.size = 10 (default)
2023-08-31 10:24:17,074 [JUnit] INFO  netty.NettyConfigKeys$DataStream (ConfUtils.java:logGet(46)) - raft.netty.dataStream.server.use-epoll = false (default)
2023-08-31 10:24:17,074 [JUnit] INFO  netty.NettyConfigKeys$DataStream (ConfUtils.java:logGet(46)) - raft.netty.dataStream.server.boss-group.size = 0 (default)
2023-08-31 10:24:17,074 [JUnit] INFO  netty.NettyConfigKeys$DataStream (ConfUtils.java:logGet(46)) - raft.netty.dataStream.server.worker-group.size = 0 (default)
2023-08-31 10:24:17,076 [JUnit] INFO  netty.NettyConfigKeys$DataStream (ConfUtils.java:logGet(46)) - raft.netty.dataStream.server.tls.conf = null (default)
2023-08-31 10:24:17,076 [JUnit] INFO  netty.NettyConfigKeys$DataStream (ConfUtils.java:logGet(46)) - raft.netty.dataStream.host = null (default)
2023-08-31 10:24:17,076 [JUnit] INFO  netty.NettyConfigKeys$DataStream (ConfUtils.java:logGet(46)) - raft.netty.dataStream.port = 15033 (custom)
2023-08-31 10:24:17,081 [JUnit] INFO  server.RaftServerConfigKeys (ConfUtils.java:logGet(46)) - raft.server.threadpool.proxy.cached = true (default)
2023-08-31 10:24:17,081 [JUnit] INFO  server.RaftServerConfigKeys (ConfUtils.java:logGet(46)) - raft.server.threadpool.proxy.size = 0 (default)
2023-08-31 10:24:17,081 [JUnit] INFO  server.RaftServerConfigKeys (ConfUtils.java:logGet(46)) - raft.server.rpc.slowness.timeout = 300000ms (custom)
2023-08-31 10:24:17,082 [JUnit] INFO  server.RaftServerConfigKeys (ConfUtils.java:logGet(46)) - raft.server.leaderelection.leader.step-down.wait-time = 10s (default)
2023-08-31 10:24:17,082 [JUnit] INFO  server.RaftServerConfigKeys (ConfUtils.java:logGet(46)) - raft.server.storage.dir = [/home/runner/work/ozone/ozone/hadoop-ozone/integration-test/target/test-dir/MiniOzoneClusterImpl-40ccb4ce-9e5f-48d9-b45c-9251314ec7cc/datanode-2/data/ratis] (custom)
2023-08-31 10:24:17,092 [d1449997-f54f-4a59-bd40-37f2c04f767d-NettyServerStreamRpc-bossGroup--thread1] INFO  logging.LoggingHandler (AbstractInternalLogger.java:log(148)) - [id: 0x6f72deff] REGISTERED
2023-08-31 10:24:17,092 [d1449997-f54f-4a59-bd40-37f2c04f767d-NettyServerStreamRpc-bossGroup--thread1] INFO  logging.LoggingHandler (AbstractInternalLogger.java:log(148)) - [id: 0x6f72deff] BIND: 0.0.0.0/0.0.0.0:15033
2023-08-31 10:24:17,092 [d1449997-f54f-4a59-bd40-37f2c04f767d-NettyServerStreamRpc-bossGroup--thread1] INFO  logging.LoggingHandler (AbstractInternalLogger.java:log(148)) - [id: 0x6f72deff, L:/0:0:0:0:0:0:0:0:15033] ACTIVE
2023-08-31 10:24:17,094 [d1449997-f54f-4a59-bd40-37f2c04f767d-impl-thread1] INFO  server.RaftServer (RaftServerProxy.java:initGroupDir(258)) - d1449997-f54f-4a59-bd40-37f2c04f767d: found a subdirectory /home/runner/work/ozone/ozone/hadoop-ozone/integration-test/target/test-dir/MiniOzoneClusterImpl-40ccb4ce-9e5f-48d9-b45c-9251314ec7cc/datanode-2/data/ratis/tmp
2023-08-31 10:24:17,094 [d1449997-f54f-4a59-bd40-37f2c04f767d-impl-thread1] INFO  server.RaftServer (RaftServerProxy.java:initGroupDir(263)) - d1449997-f54f-4a59-bd40-37f2c04f767d: The directory /home/runner/work/ozone/ozone/hadoop-ozone/integration-test/target/test-dir/MiniOzoneClusterImpl-40ccb4ce-9e5f-48d9-b45c-9251314ec7cc/datanode-2/data/ratis/tmp is not a group directory; ignoring it. 
2023-08-31 10:24:17,095 [JUnit] INFO  replication.ReplicationServer (ReplicationServer.java:<init>(81)) - Initializing replication server with thread count = 10
2023-08-31 10:24:17,096 [JUnit] INFO  server.XceiverServerGrpc (XceiverServerGrpc.java:<init>(132)) - GrpcServer channel type EpollServerSocketChannel
2023-08-31 10:24:17,098 [JUnit] INFO  replication.ReplicationSupervisor (ReplicationSupervisor.java:build(155)) - Initializing replication supervisor with thread count = 10
2023-08-31 10:24:17,098 [JUnit] INFO  replication.ReplicationSupervisor (ReplicationSupervisor.java:nodeStateUpdated(307)) - Node state updated to IN_SERVICE, scaling executor pool size to 10
2023-08-31 10:24:17,107 [JUnit] INFO  http.BaseHttpServer (BaseHttpServer.java:newHttpServer2BuilderForOzone(223)) - Starting Web-server for hddsDatanode at: http://0.0.0.0:15027
2023-08-31 10:24:17,107 [JUnit] INFO  http.BaseHttpServer (BaseHttpServer.java:<init>(110)) - Hadoop Security Enabled: false Ozone Security Enabled: false Ozone HTTP Security Enabled: false 
2023-08-31 10:24:17,108 [JUnit] WARN  server.AuthenticationFilter (AuthenticationFilter.java:constructSecretProvider(240)) - Unable to initialize FileSignerSecretProvider, falling back to use random secrets. Reason: Could not read signature secret file: /home/runner/hadoop-http-auth-signature-secret
2023-08-31 10:24:17,109 [JUnit] INFO  http.HttpRequestLog (HttpRequestLog.java:getRequestLog(86)) - Http request log for http.requests.hddsDatanode is not defined
2023-08-31 10:24:17,111 [JUnit] INFO  http.HttpServer2 (HttpServer2.java:addGlobalFilter(1031)) - Added global filter 'safety' (class=org.apache.hadoop.hdds.server.http.HttpServer2$QuotingInputFilter)
2023-08-31 10:24:17,112 [JUnit] INFO  http.HttpServer2 (HttpServer2.java:addFilter(1007)) - Added filter static_user_filter (class=org.apache.hadoop.http.lib.StaticUserWebFilter$StaticUserFilter) to context hddsDatanode
2023-08-31 10:24:17,112 [JUnit] INFO  http.HttpServer2 (HttpServer2.java:addFilter(1015)) - Added filter static_user_filter (class=org.apache.hadoop.http.lib.StaticUserWebFilter$StaticUserFilter) to context static
2023-08-31 10:24:17,112 [JUnit] INFO  http.HttpServer2 (HttpServer2.java:addFilter(1015)) - Added filter static_user_filter (class=org.apache.hadoop.http.lib.StaticUserWebFilter$StaticUserFilter) to context logs
2023-08-31 10:24:17,113 [JUnit] INFO  http.BaseHttpServer (BaseHttpServer.java:<init>(189)) - HTTP server of hddsDatanode uses base directory /home/runner/work/ozone/ozone/hadoop-ozone/integration-test/target/test-dir/MiniOzoneClusterImpl-40ccb4ce-9e5f-48d9-b45c-9251314ec7cc/datanode-2/meta/webserver
2023-08-31 10:24:17,114 [JUnit] INFO  http.HttpServer2 (HttpServer2.java:bindListener(1231)) - Jetty bound to port 15027
2023-08-31 10:24:17,114 [JUnit] INFO  server.Server (Server.java:doStart(375)) - jetty-9.4.51.v20230217; built: 2023-02-17T08:19:37.309Z; git: b45c405e4544384de066f814ed42ae3dceacdd49; jvm 1.8.0_382-b05
2023-08-31 10:24:17,121 [JUnit] INFO  server.session (DefaultSessionIdManager.java:doStart(334)) - DefaultSessionIdManager workerName=node0
2023-08-31 10:24:17,121 [JUnit] INFO  server.session (DefaultSessionIdManager.java:doStart(339)) - No SessionScavenger set, using defaults
2023-08-31 10:24:17,121 [JUnit] INFO  server.session (HouseKeeper.java:startScavenging(132)) - node0 Scavenging every 600000ms
2023-08-31 10:24:17,122 [JUnit] INFO  handler.ContextHandler (ContextHandler.java:doStart(921)) - Started o.e.j.s.ServletContextHandler@30d64921{logs,/logs,file:///home/runner/work/ozone/ozone/hadoop-ozone/integration-test/target/log,AVAILABLE}
2023-08-31 10:24:17,122 [JUnit] INFO  handler.ContextHandler (ContextHandler.java:doStart(921)) - Started o.e.j.s.ServletContextHandler@68d74371{static,/static,jar:file:/home/runner/.m2/repository/org/apache/ozone/hdds-container-service/1.4.0-SNAPSHOT/hdds-container-service-1.4.0-SNAPSHOT.jar!/webapps/static,AVAILABLE}
2023-08-31 10:24:17,264 [om1@group-C5BA1605619E-StateMachineUpdater] INFO  ratis.OzoneManagerStateMachine (OzoneManagerStateMachine.java:notifyConfigurationChanged(202)) - Received Configuration change notification from Ratis. New Peer list:
[id: "om1"
address: "localhost:15007"
startupRole: FOLLOWER
]
2023-08-31 10:24:17,374 [JUnit] INFO  handler.ContextHandler (ContextHandler.java:doStart(921)) - Started o.e.j.w.WebAppContext@6fa43cbf{hddsDatanode,/,file:///home/runner/work/ozone/ozone/hadoop-ozone/integration-test/target/test-dir/MiniOzoneClusterImpl-40ccb4ce-9e5f-48d9-b45c-9251314ec7cc/datanode-2/meta/webserver/jetty-0_0_0_0-15027-hdds-container-service-1_4_0-SNAPSHOT_jar-_-any-3406039763558983950/webapp/,AVAILABLE}{jar:file:/home/runner/.m2/repository/org/apache/ozone/hdds-container-service/1.4.0-SNAPSHOT/hdds-container-service-1.4.0-SNAPSHOT.jar!/webapps/hddsDatanode}
2023-08-31 10:24:17,376 [JUnit] INFO  server.AbstractConnector (AbstractConnector.java:doStart(333)) - Started ServerConnector@658e055b{HTTP/1.1, (http/1.1)}{0.0.0.0:15027}
2023-08-31 10:24:17,377 [JUnit] INFO  server.Server (Server.java:doStart(415)) - Started @8953ms
2023-08-31 10:24:17,377 [JUnit] WARN  impl.MetricsSystemImpl (MetricsSystemImpl.java:register(279)) - Sink prometheus already exists!
2023-08-31 10:24:17,377 [JUnit] INFO  http.BaseHttpServer (BaseHttpServer.java:updateConnectorAddress(354)) - HTTP server of hddsDatanode listening at http://0.0.0.0:15027
2023-08-31 10:24:17,378 [JUnit] INFO  ipc.CallQueueManager (CallQueueManager.java:<init>(90)) - Using callQueue: class java.util.concurrent.LinkedBlockingQueue, queueCapacity: 100, scheduler: class org.apache.hadoop.ipc.DefaultRpcScheduler, ipcBackoff: false.
2023-08-31 10:24:17,379 [JUnit] INFO  ipc.Server (Server.java:<init>(1287)) - Listener at 0.0.0.0:15028
2023-08-31 10:24:17,379 [Socket Reader #1 for port 15028] INFO  ipc.Server (Server.java:run(1323)) - Starting Socket Reader #1 for port 15028
2023-08-31 10:24:17,387 [JUnit] INFO  ozone.HddsDatanodeService (HddsDatanodeService.java:start(315)) - Datanode start with admins: [runner]
2023-08-31 10:24:17,387 [JUnit] INFO  ozone.HddsDatanodeClientProtocolServer (HddsDatanodeClientProtocolServer.java:start(72)) - RPC server for Client /0.0.0.0:15028
2023-08-31 10:24:17,388 [IPC Server Responder] INFO  ipc.Server (Server.java:run(1562)) - IPC Server Responder: starting
2023-08-31 10:24:17,392 [Datanode State Machine Daemon Thread] INFO  statemachine.DatanodeStateMachine (DatanodeStateMachine.java:lambda$startDaemon$0(538)) - Ozone container server started.
2023-08-31 10:24:17,392 [IPC Server listener on 15028] INFO  ipc.Server (Server.java:run(1402)) - IPC Server listener on 15028: starting
2023-08-31 10:24:17,393 [JUnit] WARN  impl.MetricRegistriesImpl (MetricRegistriesImpl.java:addReporterRegistration(111)) - New reporters are added after registries were created. Some metrics will be missing from the reporter. Please add reporter before adding any new registry.
2023-08-31 10:24:17,394 [JUnit] WARN  impl.MetricRegistriesImpl (MetricRegistriesImpl.java:addReporterRegistration(111)) - New reporters are added after registries were created. Some metrics will be missing from the reporter. Please add reporter before adding any new registry.
2023-08-31 10:24:17,394 [JUnit] INFO  impl.MetricsSystemImpl (MetricsSystemImpl.java:init(158)) - HddsDatanode metrics system started (again)
2023-08-31 10:24:17,397 [Datanode State Machine Task Thread - 0] INFO  datanode.InitDatanodeState (InitDatanodeState.java:persistContainerDatanodeDetails(138)) - DatanodeDetails is persisted to /home/runner/work/ozone/ozone/hadoop-ozone/integration-test/target/test-dir/MiniOzoneClusterImpl-40ccb4ce-9e5f-48d9-b45c-9251314ec7cc/datanode-2/meta/datanode.id
2023-08-31 10:24:17,412 [JUnit] INFO  ozone.HddsDatanodeService (HddsDatanodeService.java:start(237)) - HddsDatanodeService host:fv-az304-998.1xzdsl11evde5oaqfphatm1hpa.cx.internal.cloudapp.net ip:10.1.0.16
2023-08-31 10:24:17,432 [JUnit] INFO  upgrade.AbstractLayoutVersionManager (AbstractLayoutVersionManager.java:init(83)) - Initializing Layout version manager with metadata layout = HADOOP_PRC_PORTS_IN_DATANODEDETAILS (version = 7), software layout = HADOOP_PRC_PORTS_IN_DATANODEDETAILS (version = 7)
2023-08-31 10:24:17,434 [JUnit] INFO  statemachine.DatanodeStateMachine (DatanodeStateMachine.java:getEndPointTaskThreadPoolSize(282)) - Datanode State Machine Task Thread Pool size 2
2023-08-31 10:24:17,446 [JUnit] INFO  volume.HddsVolume (HddsVolume.java:<init>(126)) - Creating HddsVolume: /home/runner/work/ozone/ozone/hadoop-ozone/integration-test/target/test-dir/MiniOzoneClusterImpl-40ccb4ce-9e5f-48d9-b45c-9251314ec7cc/datanode-3/data-0/containers/hdds of storage type : DISK capacity : 9223372036854775807
2023-08-31 10:24:17,446 [JUnit] INFO  volume.MutableVolumeSet (MutableVolumeSet.java:initializeVolumeSet(173)) - Added Volume : /home/runner/work/ozone/ozone/hadoop-ozone/integration-test/target/test-dir/MiniOzoneClusterImpl-40ccb4ce-9e5f-48d9-b45c-9251314ec7cc/datanode-3/data-0/containers/hdds to VolumeSet
2023-08-31 10:24:17,449 [JUnit] INFO  volume.MutableVolumeSet (MutableVolumeSet.java:initializeVolumeSet(173)) - Added Volume : /home/runner/work/ozone/ozone/hadoop-ozone/integration-test/target/test-dir/MiniOzoneClusterImpl-40ccb4ce-9e5f-48d9-b45c-9251314ec7cc/datanode-3/data/ratis to VolumeSet
2023-08-31 10:24:17,451 [Thread-193] INFO  ozoneimpl.ContainerReader (ContainerReader.java:readVolume(177)) - Finish verifying containers on volume /home/runner/work/ozone/ozone/hadoop-ozone/integration-test/target/test-dir/MiniOzoneClusterImpl-40ccb4ce-9e5f-48d9-b45c-9251314ec7cc/datanode-3/data-0/containers/hdds
2023-08-31 10:24:17,452 [JUnit] INFO  ozoneimpl.OzoneContainer (OzoneContainer.java:buildContainerSet(314)) - Build ContainerSet costs 0s
2023-08-31 10:24:17,458 [JUnit] INFO  server.RaftServer (ConfUtils.java:logGet(46)) - raft.rpc.type = GRPC (default)
2023-08-31 10:24:17,458 [JUnit] INFO  grpc.GrpcConfigKeys (ConfUtils.java:logFallback(53)) - raft.grpc.admin.host = null (fallback to raft.grpc.server.host)
2023-08-31 10:24:17,459 [JUnit] INFO  grpc.GrpcConfigKeys (ConfUtils.java:logGet(46)) - raft.grpc.admin.port = 15040 (custom)
2023-08-31 10:24:17,459 [JUnit] INFO  grpc.GrpcConfigKeys (ConfUtils.java:logFallback(53)) - raft.grpc.client.host = null (fallback to raft.grpc.server.host)
2023-08-31 10:24:17,459 [JUnit] INFO  grpc.GrpcConfigKeys (ConfUtils.java:logGet(46)) - raft.grpc.client.port = 15039 (custom)
2023-08-31 10:24:17,459 [JUnit] INFO  grpc.GrpcConfigKeys (ConfUtils.java:logGet(46)) - raft.grpc.server.host = null (default)
2023-08-31 10:24:17,459 [JUnit] INFO  grpc.GrpcConfigKeys (ConfUtils.java:logGet(46)) - raft.grpc.server.port = 15041 (custom)
2023-08-31 10:24:17,459 [JUnit] INFO  server.GrpcService (ConfUtils.java:logGet(46)) - raft.grpc.message.size.max = 32MB (=33554432) (custom)
2023-08-31 10:24:17,459 [JUnit] INFO  server.RaftServerConfigKeys (ConfUtils.java:logGet(46)) - raft.server.log.appender.buffer.byte-limit = 33554432 (custom)
2023-08-31 10:24:17,459 [JUnit] INFO  server.GrpcService (ConfUtils.java:logGet(46)) - raft.grpc.flow.control.window = 5MB (=5242880) (custom)
2023-08-31 10:24:17,460 [JUnit] INFO  server.RaftServerConfigKeys (ConfUtils.java:logGet(46)) - raft.server.rpc.request.timeout = 3000ms (default)
2023-08-31 10:24:17,460 [JUnit] INFO  grpc.GrpcConfigKeys (ConfUtils.java:logGet(46)) - raft.grpc.server.heartbeat.channel = true (default)
2023-08-31 10:24:17,460 [JUnit] INFO  grpc.GrpcConfigKeys (ConfUtils.java:logGet(46)) - raft.grpc.server.async.request.thread.pool.cached = true (default)
2023-08-31 10:24:17,460 [JUnit] INFO  grpc.GrpcConfigKeys (ConfUtils.java:logGet(46)) - raft.grpc.server.async.request.thread.pool.size = 32 (default)
2023-08-31 10:24:17,462 [JUnit] INFO  impl.DataStreamServerImpl (ConfUtils.java:logGet(46)) - raft.datastream.type = NETTY (custom)
2023-08-31 10:24:17,462 [JUnit] INFO  server.RaftServerConfigKeys (ConfUtils.java:logGet(46)) - raft.server.data-stream.async.request.thread.pool.cached = false (default)
2023-08-31 10:24:17,462 [JUnit] INFO  server.RaftServerConfigKeys (ConfUtils.java:logGet(46)) - raft.server.data-stream.async.request.thread.pool.size = 20 (custom)
2023-08-31 10:24:17,462 [JUnit] INFO  server.RaftServerConfigKeys (ConfUtils.java:logGet(46)) - raft.server.data-stream.async.write.thread.pool.size = 16 (default)
2023-08-31 10:24:17,463 [JUnit] INFO  server.RaftServerConfigKeys (ConfUtils.java:logGet(46)) - raft.server.data-stream.client.pool.size = 10 (default)
2023-08-31 10:24:17,463 [JUnit] INFO  netty.NettyConfigKeys$DataStream (ConfUtils.java:logGet(46)) - raft.netty.dataStream.server.use-epoll = false (default)
2023-08-31 10:24:17,463 [JUnit] INFO  netty.NettyConfigKeys$DataStream (ConfUtils.java:logGet(46)) - raft.netty.dataStream.server.boss-group.size = 0 (default)
2023-08-31 10:24:17,463 [JUnit] INFO  netty.NettyConfigKeys$DataStream (ConfUtils.java:logGet(46)) - raft.netty.dataStream.server.worker-group.size = 0 (default)
2023-08-31 10:24:17,464 [JUnit] INFO  netty.NettyConfigKeys$DataStream (ConfUtils.java:logGet(46)) - raft.netty.dataStream.server.tls.conf = null (default)
2023-08-31 10:24:17,464 [JUnit] INFO  netty.NettyConfigKeys$DataStream (ConfUtils.java:logGet(46)) - raft.netty.dataStream.host = null (default)
2023-08-31 10:24:17,464 [JUnit] INFO  netty.NettyConfigKeys$DataStream (ConfUtils.java:logGet(46)) - raft.netty.dataStream.port = 15042 (custom)
2023-08-31 10:24:17,467 [JUnit] INFO  server.RaftServerConfigKeys (ConfUtils.java:logGet(46)) - raft.server.threadpool.proxy.cached = true (default)
2023-08-31 10:24:17,467 [JUnit] INFO  server.RaftServerConfigKeys (ConfUtils.java:logGet(46)) - raft.server.threadpool.proxy.size = 0 (default)
2023-08-31 10:24:17,467 [JUnit] INFO  server.RaftServerConfigKeys (ConfUtils.java:logGet(46)) - raft.server.rpc.slowness.timeout = 300000ms (custom)
2023-08-31 10:24:17,467 [JUnit] INFO  server.RaftServerConfigKeys (ConfUtils.java:logGet(46)) - raft.server.leaderelection.leader.step-down.wait-time = 10s (default)
2023-08-31 10:24:17,467 [JUnit] INFO  server.RaftServerConfigKeys (ConfUtils.java:logGet(46)) - raft.server.storage.dir = [/home/runner/work/ozone/ozone/hadoop-ozone/integration-test/target/test-dir/MiniOzoneClusterImpl-40ccb4ce-9e5f-48d9-b45c-9251314ec7cc/datanode-3/data/ratis] (custom)
2023-08-31 10:24:17,472 [b9af389b-3390-4a10-9bb5-d38911605174-NettyServerStreamRpc-bossGroup--thread1] INFO  logging.LoggingHandler (AbstractInternalLogger.java:log(148)) - [id: 0x52a47342] REGISTERED
2023-08-31 10:24:17,472 [b9af389b-3390-4a10-9bb5-d38911605174-impl-thread1] INFO  server.RaftServer (RaftServerProxy.java:initGroupDir(258)) - b9af389b-3390-4a10-9bb5-d38911605174: found a subdirectory /home/runner/work/ozone/ozone/hadoop-ozone/integration-test/target/test-dir/MiniOzoneClusterImpl-40ccb4ce-9e5f-48d9-b45c-9251314ec7cc/datanode-3/data/ratis/tmp
2023-08-31 10:24:17,472 [b9af389b-3390-4a10-9bb5-d38911605174-impl-thread1] INFO  server.RaftServer (RaftServerProxy.java:initGroupDir(263)) - b9af389b-3390-4a10-9bb5-d38911605174: The directory /home/runner/work/ozone/ozone/hadoop-ozone/integration-test/target/test-dir/MiniOzoneClusterImpl-40ccb4ce-9e5f-48d9-b45c-9251314ec7cc/datanode-3/data/ratis/tmp is not a group directory; ignoring it. 
2023-08-31 10:24:17,472 [b9af389b-3390-4a10-9bb5-d38911605174-NettyServerStreamRpc-bossGroup--thread1] INFO  logging.LoggingHandler (AbstractInternalLogger.java:log(148)) - [id: 0x52a47342] BIND: 0.0.0.0/0.0.0.0:15042
2023-08-31 10:24:17,473 [b9af389b-3390-4a10-9bb5-d38911605174-NettyServerStreamRpc-bossGroup--thread1] INFO  logging.LoggingHandler (AbstractInternalLogger.java:log(148)) - [id: 0x52a47342, L:/0:0:0:0:0:0:0:0:15042] ACTIVE
2023-08-31 10:24:17,473 [JUnit] INFO  replication.ReplicationServer (ReplicationServer.java:<init>(81)) - Initializing replication server with thread count = 10
2023-08-31 10:24:17,474 [JUnit] INFO  server.XceiverServerGrpc (XceiverServerGrpc.java:<init>(132)) - GrpcServer channel type EpollServerSocketChannel
2023-08-31 10:24:17,476 [JUnit] INFO  replication.ReplicationSupervisor (ReplicationSupervisor.java:build(155)) - Initializing replication supervisor with thread count = 10
2023-08-31 10:24:17,477 [JUnit] INFO  replication.ReplicationSupervisor (ReplicationSupervisor.java:nodeStateUpdated(307)) - Node state updated to IN_SERVICE, scaling executor pool size to 10
2023-08-31 10:24:17,482 [JUnit] INFO  http.BaseHttpServer (BaseHttpServer.java:newHttpServer2BuilderForOzone(223)) - Starting Web-server for hddsDatanode at: http://0.0.0.0:15036
2023-08-31 10:24:17,482 [JUnit] INFO  http.BaseHttpServer (BaseHttpServer.java:<init>(110)) - Hadoop Security Enabled: false Ozone Security Enabled: false Ozone HTTP Security Enabled: false 
2023-08-31 10:24:17,483 [JUnit] WARN  server.AuthenticationFilter (AuthenticationFilter.java:constructSecretProvider(240)) - Unable to initialize FileSignerSecretProvider, falling back to use random secrets. Reason: Could not read signature secret file: /home/runner/hadoop-http-auth-signature-secret
2023-08-31 10:24:17,484 [JUnit] INFO  http.HttpRequestLog (HttpRequestLog.java:getRequestLog(86)) - Http request log for http.requests.hddsDatanode is not defined
2023-08-31 10:24:17,487 [JUnit] INFO  http.HttpServer2 (HttpServer2.java:addGlobalFilter(1031)) - Added global filter 'safety' (class=org.apache.hadoop.hdds.server.http.HttpServer2$QuotingInputFilter)
2023-08-31 10:24:17,488 [JUnit] INFO  http.HttpServer2 (HttpServer2.java:addFilter(1007)) - Added filter static_user_filter (class=org.apache.hadoop.http.lib.StaticUserWebFilter$StaticUserFilter) to context hddsDatanode
2023-08-31 10:24:17,488 [JUnit] INFO  http.HttpServer2 (HttpServer2.java:addFilter(1015)) - Added filter static_user_filter (class=org.apache.hadoop.http.lib.StaticUserWebFilter$StaticUserFilter) to context logs
2023-08-31 10:24:17,488 [JUnit] INFO  http.HttpServer2 (HttpServer2.java:addFilter(1015)) - Added filter static_user_filter (class=org.apache.hadoop.http.lib.StaticUserWebFilter$StaticUserFilter) to context static
2023-08-31 10:24:17,490 [JUnit] INFO  http.BaseHttpServer (BaseHttpServer.java:<init>(189)) - HTTP server of hddsDatanode uses base directory /home/runner/work/ozone/ozone/hadoop-ozone/integration-test/target/test-dir/MiniOzoneClusterImpl-40ccb4ce-9e5f-48d9-b45c-9251314ec7cc/datanode-3/meta/webserver
2023-08-31 10:24:17,490 [JUnit] INFO  http.HttpServer2 (HttpServer2.java:bindListener(1231)) - Jetty bound to port 15036
2023-08-31 10:24:17,491 [JUnit] INFO  server.Server (Server.java:doStart(375)) - jetty-9.4.51.v20230217; built: 2023-02-17T08:19:37.309Z; git: b45c405e4544384de066f814ed42ae3dceacdd49; jvm 1.8.0_382-b05
2023-08-31 10:24:17,494 [JUnit] INFO  server.session (DefaultSessionIdManager.java:doStart(334)) - DefaultSessionIdManager workerName=node0
2023-08-31 10:24:17,494 [JUnit] INFO  server.session (DefaultSessionIdManager.java:doStart(339)) - No SessionScavenger set, using defaults
2023-08-31 10:24:17,494 [JUnit] INFO  server.session (HouseKeeper.java:startScavenging(132)) - node0 Scavenging every 660000ms
2023-08-31 10:24:17,495 [JUnit] INFO  handler.ContextHandler (ContextHandler.java:doStart(921)) - Started o.e.j.s.ServletContextHandler@104770aa{logs,/logs,file:///home/runner/work/ozone/ozone/hadoop-ozone/integration-test/target/log,AVAILABLE}
2023-08-31 10:24:17,495 [JUnit] INFO  handler.ContextHandler (ContextHandler.java:doStart(921)) - Started o.e.j.s.ServletContextHandler@7eba01f5{static,/static,jar:file:/home/runner/.m2/repository/org/apache/ozone/hdds-container-service/1.4.0-SNAPSHOT/hdds-container-service-1.4.0-SNAPSHOT.jar!/webapps/static,AVAILABLE}
2023-08-31 10:24:17,699 [JUnit] INFO  handler.ContextHandler (ContextHandler.java:doStart(921)) - Started o.e.j.w.WebAppContext@1141ce2a{hddsDatanode,/,file:///home/runner/work/ozone/ozone/hadoop-ozone/integration-test/target/test-dir/MiniOzoneClusterImpl-40ccb4ce-9e5f-48d9-b45c-9251314ec7cc/datanode-3/meta/webserver/jetty-0_0_0_0-15036-hdds-container-service-1_4_0-SNAPSHOT_jar-_-any-7801926561002112618/webapp/,AVAILABLE}{jar:file:/home/runner/.m2/repository/org/apache/ozone/hdds-container-service/1.4.0-SNAPSHOT/hdds-container-service-1.4.0-SNAPSHOT.jar!/webapps/hddsDatanode}
2023-08-31 10:24:17,700 [JUnit] INFO  server.AbstractConnector (AbstractConnector.java:doStart(333)) - Started ServerConnector@723b62e2{HTTP/1.1, (http/1.1)}{0.0.0.0:15036}
2023-08-31 10:24:17,700 [JUnit] INFO  server.Server (Server.java:doStart(415)) - Started @9276ms
2023-08-31 10:24:17,700 [JUnit] WARN  impl.MetricsSystemImpl (MetricsSystemImpl.java:register(279)) - Sink prometheus already exists!
2023-08-31 10:24:17,701 [JUnit] INFO  http.BaseHttpServer (BaseHttpServer.java:updateConnectorAddress(354)) - HTTP server of hddsDatanode listening at http://0.0.0.0:15036
2023-08-31 10:24:17,701 [JUnit] INFO  ipc.CallQueueManager (CallQueueManager.java:<init>(90)) - Using callQueue: class java.util.concurrent.LinkedBlockingQueue, queueCapacity: 100, scheduler: class org.apache.hadoop.ipc.DefaultRpcScheduler, ipcBackoff: false.
2023-08-31 10:24:17,701 [JUnit] INFO  ipc.Server (Server.java:<init>(1287)) - Listener at 0.0.0.0:15037
2023-08-31 10:24:17,702 [Socket Reader #1 for port 15037] INFO  ipc.Server (Server.java:run(1323)) - Starting Socket Reader #1 for port 15037
2023-08-31 10:24:17,709 [JUnit] INFO  ozone.HddsDatanodeService (HddsDatanodeService.java:start(315)) - Datanode start with admins: [runner]
2023-08-31 10:24:17,709 [JUnit] INFO  ozone.HddsDatanodeClientProtocolServer (HddsDatanodeClientProtocolServer.java:start(72)) - RPC server for Client /0.0.0.0:15037
2023-08-31 10:24:17,709 [IPC Server Responder] INFO  ipc.Server (Server.java:run(1562)) - IPC Server Responder: starting
2023-08-31 10:24:17,710 [Datanode State Machine Daemon Thread] INFO  statemachine.DatanodeStateMachine (DatanodeStateMachine.java:lambda$startDaemon$0(538)) - Ozone container server started.
2023-08-31 10:24:17,711 [JUnit] WARN  impl.MetricRegistriesImpl (MetricRegistriesImpl.java:addReporterRegistration(111)) - New reporters are added after registries were created. Some metrics will be missing from the reporter. Please add reporter before adding any new registry.
2023-08-31 10:24:17,711 [JUnit] WARN  impl.MetricRegistriesImpl (MetricRegistriesImpl.java:addReporterRegistration(111)) - New reporters are added after registries were created. Some metrics will be missing from the reporter. Please add reporter before adding any new registry.
2023-08-31 10:24:17,711 [JUnit] INFO  impl.MetricsSystemImpl (MetricsSystemImpl.java:init(158)) - HddsDatanode metrics system started (again)
2023-08-31 10:24:17,715 [IPC Server listener on 15037] INFO  ipc.Server (Server.java:run(1402)) - IPC Server listener on 15037: starting
2023-08-31 10:24:17,722 [JUnit] INFO  ozone.HddsDatanodeService (HddsDatanodeService.java:start(237)) - HddsDatanodeService host:fv-az304-998.1xzdsl11evde5oaqfphatm1hpa.cx.internal.cloudapp.net ip:10.1.0.16
2023-08-31 10:24:17,732 [Datanode State Machine Task Thread - 0] INFO  datanode.InitDatanodeState (InitDatanodeState.java:persistContainerDatanodeDetails(138)) - DatanodeDetails is persisted to /home/runner/work/ozone/ozone/hadoop-ozone/integration-test/target/test-dir/MiniOzoneClusterImpl-40ccb4ce-9e5f-48d9-b45c-9251314ec7cc/datanode-3/meta/datanode.id
2023-08-31 10:24:17,742 [JUnit] INFO  upgrade.AbstractLayoutVersionManager (AbstractLayoutVersionManager.java:init(83)) - Initializing Layout version manager with metadata layout = HADOOP_PRC_PORTS_IN_DATANODEDETAILS (version = 7), software layout = HADOOP_PRC_PORTS_IN_DATANODEDETAILS (version = 7)
2023-08-31 10:24:17,742 [JUnit] INFO  statemachine.DatanodeStateMachine (DatanodeStateMachine.java:getEndPointTaskThreadPoolSize(282)) - Datanode State Machine Task Thread Pool size 2
2023-08-31 10:24:17,745 [JUnit] INFO  volume.HddsVolume (HddsVolume.java:<init>(126)) - Creating HddsVolume: /home/runner/work/ozone/ozone/hadoop-ozone/integration-test/target/test-dir/MiniOzoneClusterImpl-40ccb4ce-9e5f-48d9-b45c-9251314ec7cc/datanode-4/data-0/containers/hdds of storage type : DISK capacity : 9223372036854775807
2023-08-31 10:24:17,745 [JUnit] INFO  volume.MutableVolumeSet (MutableVolumeSet.java:initializeVolumeSet(173)) - Added Volume : /home/runner/work/ozone/ozone/hadoop-ozone/integration-test/target/test-dir/MiniOzoneClusterImpl-40ccb4ce-9e5f-48d9-b45c-9251314ec7cc/datanode-4/data-0/containers/hdds to VolumeSet
2023-08-31 10:24:17,747 [JUnit] INFO  volume.MutableVolumeSet (MutableVolumeSet.java:initializeVolumeSet(173)) - Added Volume : /home/runner/work/ozone/ozone/hadoop-ozone/integration-test/target/test-dir/MiniOzoneClusterImpl-40ccb4ce-9e5f-48d9-b45c-9251314ec7cc/datanode-4/data/ratis to VolumeSet
2023-08-31 10:24:17,748 [Thread-210] INFO  ozoneimpl.ContainerReader (ContainerReader.java:readVolume(177)) - Finish verifying containers on volume /home/runner/work/ozone/ozone/hadoop-ozone/integration-test/target/test-dir/MiniOzoneClusterImpl-40ccb4ce-9e5f-48d9-b45c-9251314ec7cc/datanode-4/data-0/containers/hdds
2023-08-31 10:24:17,748 [JUnit] INFO  ozoneimpl.OzoneContainer (OzoneContainer.java:buildContainerSet(314)) - Build ContainerSet costs 0s
2023-08-31 10:24:17,751 [JUnit] INFO  server.RaftServer (ConfUtils.java:logGet(46)) - raft.rpc.type = GRPC (default)
2023-08-31 10:24:17,751 [JUnit] INFO  grpc.GrpcConfigKeys (ConfUtils.java:logFallback(53)) - raft.grpc.admin.host = null (fallback to raft.grpc.server.host)
2023-08-31 10:24:17,751 [JUnit] INFO  grpc.GrpcConfigKeys (ConfUtils.java:logGet(46)) - raft.grpc.admin.port = 15049 (custom)
2023-08-31 10:24:17,751 [JUnit] INFO  grpc.GrpcConfigKeys (ConfUtils.java:logFallback(53)) - raft.grpc.client.host = null (fallback to raft.grpc.server.host)
2023-08-31 10:24:17,751 [JUnit] INFO  grpc.GrpcConfigKeys (ConfUtils.java:logGet(46)) - raft.grpc.client.port = 15048 (custom)
2023-08-31 10:24:17,751 [JUnit] INFO  grpc.GrpcConfigKeys (ConfUtils.java:logGet(46)) - raft.grpc.server.host = null (default)
2023-08-31 10:24:17,752 [JUnit] INFO  grpc.GrpcConfigKeys (ConfUtils.java:logGet(46)) - raft.grpc.server.port = 15050 (custom)
2023-08-31 10:24:17,752 [JUnit] INFO  server.GrpcService (ConfUtils.java:logGet(46)) - raft.grpc.message.size.max = 32MB (=33554432) (custom)
2023-08-31 10:24:17,752 [JUnit] INFO  server.RaftServerConfigKeys (ConfUtils.java:logGet(46)) - raft.server.log.appender.buffer.byte-limit = 33554432 (custom)
2023-08-31 10:24:17,752 [JUnit] INFO  server.GrpcService (ConfUtils.java:logGet(46)) - raft.grpc.flow.control.window = 5MB (=5242880) (custom)
2023-08-31 10:24:17,752 [JUnit] INFO  server.RaftServerConfigKeys (ConfUtils.java:logGet(46)) - raft.server.rpc.request.timeout = 3000ms (default)
2023-08-31 10:24:17,752 [JUnit] INFO  grpc.GrpcConfigKeys (ConfUtils.java:logGet(46)) - raft.grpc.server.heartbeat.channel = true (default)
2023-08-31 10:24:17,752 [JUnit] INFO  grpc.GrpcConfigKeys (ConfUtils.java:logGet(46)) - raft.grpc.server.async.request.thread.pool.cached = true (default)
2023-08-31 10:24:17,752 [JUnit] INFO  grpc.GrpcConfigKeys (ConfUtils.java:logGet(46)) - raft.grpc.server.async.request.thread.pool.size = 32 (default)
2023-08-31 10:24:17,755 [JUnit] INFO  impl.DataStreamServerImpl (ConfUtils.java:logGet(46)) - raft.datastream.type = NETTY (custom)
2023-08-31 10:24:17,756 [JUnit] INFO  server.RaftServerConfigKeys (ConfUtils.java:logGet(46)) - raft.server.data-stream.async.request.thread.pool.cached = false (default)
2023-08-31 10:24:17,756 [JUnit] INFO  server.RaftServerConfigKeys (ConfUtils.java:logGet(46)) - raft.server.data-stream.async.request.thread.pool.size = 20 (custom)
2023-08-31 10:24:17,756 [JUnit] INFO  server.RaftServerConfigKeys (ConfUtils.java:logGet(46)) - raft.server.data-stream.async.write.thread.pool.size = 16 (default)
2023-08-31 10:24:17,756 [JUnit] INFO  server.RaftServerConfigKeys (ConfUtils.java:logGet(46)) - raft.server.data-stream.client.pool.size = 10 (default)
2023-08-31 10:24:17,756 [JUnit] INFO  netty.NettyConfigKeys$DataStream (ConfUtils.java:logGet(46)) - raft.netty.dataStream.server.use-epoll = false (default)
2023-08-31 10:24:17,756 [JUnit] INFO  netty.NettyConfigKeys$DataStream (ConfUtils.java:logGet(46)) - raft.netty.dataStream.server.boss-group.size = 0 (default)
2023-08-31 10:24:17,756 [JUnit] INFO  netty.NettyConfigKeys$DataStream (ConfUtils.java:logGet(46)) - raft.netty.dataStream.server.worker-group.size = 0 (default)
2023-08-31 10:24:17,757 [JUnit] INFO  netty.NettyConfigKeys$DataStream (ConfUtils.java:logGet(46)) - raft.netty.dataStream.server.tls.conf = null (default)
2023-08-31 10:24:17,757 [JUnit] INFO  netty.NettyConfigKeys$DataStream (ConfUtils.java:logGet(46)) - raft.netty.dataStream.host = null (default)
2023-08-31 10:24:17,757 [JUnit] INFO  netty.NettyConfigKeys$DataStream (ConfUtils.java:logGet(46)) - raft.netty.dataStream.port = 15051 (custom)
2023-08-31 10:24:17,757 [JUnit] INFO  server.RaftServerConfigKeys (ConfUtils.java:logGet(46)) - raft.server.threadpool.proxy.cached = true (default)
2023-08-31 10:24:17,757 [JUnit] INFO  server.RaftServerConfigKeys (ConfUtils.java:logGet(46)) - raft.server.threadpool.proxy.size = 0 (default)
2023-08-31 10:24:17,758 [JUnit] INFO  server.RaftServerConfigKeys (ConfUtils.java:logGet(46)) - raft.server.rpc.slowness.timeout = 300000ms (custom)
2023-08-31 10:24:17,758 [JUnit] INFO  server.RaftServerConfigKeys (ConfUtils.java:logGet(46)) - raft.server.leaderelection.leader.step-down.wait-time = 10s (default)
2023-08-31 10:24:17,758 [JUnit] INFO  server.RaftServerConfigKeys (ConfUtils.java:logGet(46)) - raft.server.storage.dir = [/home/runner/work/ozone/ozone/hadoop-ozone/integration-test/target/test-dir/MiniOzoneClusterImpl-40ccb4ce-9e5f-48d9-b45c-9251314ec7cc/datanode-4/data/ratis] (custom)
2023-08-31 10:24:17,760 [8aeac973-d988-4477-a868-52c3b0be344f-NettyServerStreamRpc-bossGroup--thread1] INFO  logging.LoggingHandler (AbstractInternalLogger.java:log(148)) - [id: 0xe042bdad] REGISTERED
2023-08-31 10:24:17,760 [8aeac973-d988-4477-a868-52c3b0be344f-NettyServerStreamRpc-bossGroup--thread1] INFO  logging.LoggingHandler (AbstractInternalLogger.java:log(148)) - [id: 0xe042bdad] BIND: 0.0.0.0/0.0.0.0:15051
2023-08-31 10:24:17,761 [8aeac973-d988-4477-a868-52c3b0be344f-NettyServerStreamRpc-bossGroup--thread1] INFO  logging.LoggingHandler (AbstractInternalLogger.java:log(148)) - [id: 0xe042bdad, L:/0:0:0:0:0:0:0:0:15051] ACTIVE
2023-08-31 10:24:17,762 [8aeac973-d988-4477-a868-52c3b0be344f-impl-thread1] INFO  server.RaftServer (RaftServerProxy.java:initGroupDir(258)) - 8aeac973-d988-4477-a868-52c3b0be344f: found a subdirectory /home/runner/work/ozone/ozone/hadoop-ozone/integration-test/target/test-dir/MiniOzoneClusterImpl-40ccb4ce-9e5f-48d9-b45c-9251314ec7cc/datanode-4/data/ratis/tmp
2023-08-31 10:24:17,762 [8aeac973-d988-4477-a868-52c3b0be344f-impl-thread1] INFO  server.RaftServer (RaftServerProxy.java:initGroupDir(263)) - 8aeac973-d988-4477-a868-52c3b0be344f: The directory /home/runner/work/ozone/ozone/hadoop-ozone/integration-test/target/test-dir/MiniOzoneClusterImpl-40ccb4ce-9e5f-48d9-b45c-9251314ec7cc/datanode-4/data/ratis/tmp is not a group directory; ignoring it. 
2023-08-31 10:24:17,762 [JUnit] INFO  replication.ReplicationServer (ReplicationServer.java:<init>(81)) - Initializing replication server with thread count = 10
2023-08-31 10:24:17,763 [JUnit] INFO  server.XceiverServerGrpc (XceiverServerGrpc.java:<init>(132)) - GrpcServer channel type EpollServerSocketChannel
2023-08-31 10:24:17,765 [JUnit] INFO  replication.ReplicationSupervisor (ReplicationSupervisor.java:build(155)) - Initializing replication supervisor with thread count = 10
2023-08-31 10:24:17,765 [JUnit] INFO  replication.ReplicationSupervisor (ReplicationSupervisor.java:nodeStateUpdated(307)) - Node state updated to IN_SERVICE, scaling executor pool size to 10
2023-08-31 10:24:17,767 [JUnit] INFO  http.BaseHttpServer (BaseHttpServer.java:newHttpServer2BuilderForOzone(223)) - Starting Web-server for hddsDatanode at: http://0.0.0.0:15045
2023-08-31 10:24:17,768 [JUnit] INFO  http.BaseHttpServer (BaseHttpServer.java:<init>(110)) - Hadoop Security Enabled: false Ozone Security Enabled: false Ozone HTTP Security Enabled: false 
2023-08-31 10:24:17,769 [JUnit] WARN  server.AuthenticationFilter (AuthenticationFilter.java:constructSecretProvider(240)) - Unable to initialize FileSignerSecretProvider, falling back to use random secrets. Reason: Could not read signature secret file: /home/runner/hadoop-http-auth-signature-secret
2023-08-31 10:24:17,769 [JUnit] INFO  http.HttpRequestLog (HttpRequestLog.java:getRequestLog(86)) - Http request log for http.requests.hddsDatanode is not defined
2023-08-31 10:24:17,771 [JUnit] INFO  http.HttpServer2 (HttpServer2.java:addGlobalFilter(1031)) - Added global filter 'safety' (class=org.apache.hadoop.hdds.server.http.HttpServer2$QuotingInputFilter)
2023-08-31 10:24:17,771 [JUnit] INFO  http.HttpServer2 (HttpServer2.java:addFilter(1007)) - Added filter static_user_filter (class=org.apache.hadoop.http.lib.StaticUserWebFilter$StaticUserFilter) to context hddsDatanode
2023-08-31 10:24:17,772 [JUnit] INFO  http.HttpServer2 (HttpServer2.java:addFilter(1015)) - Added filter static_user_filter (class=org.apache.hadoop.http.lib.StaticUserWebFilter$StaticUserFilter) to context logs
2023-08-31 10:24:17,772 [JUnit] INFO  http.HttpServer2 (HttpServer2.java:addFilter(1015)) - Added filter static_user_filter (class=org.apache.hadoop.http.lib.StaticUserWebFilter$StaticUserFilter) to context static
2023-08-31 10:24:17,772 [JUnit] INFO  http.BaseHttpServer (BaseHttpServer.java:<init>(189)) - HTTP server of hddsDatanode uses base directory /home/runner/work/ozone/ozone/hadoop-ozone/integration-test/target/test-dir/MiniOzoneClusterImpl-40ccb4ce-9e5f-48d9-b45c-9251314ec7cc/datanode-4/meta/webserver
2023-08-31 10:24:17,772 [JUnit] INFO  http.HttpServer2 (HttpServer2.java:bindListener(1231)) - Jetty bound to port 15045
2023-08-31 10:24:17,773 [JUnit] INFO  server.Server (Server.java:doStart(375)) - jetty-9.4.51.v20230217; built: 2023-02-17T08:19:37.309Z; git: b45c405e4544384de066f814ed42ae3dceacdd49; jvm 1.8.0_382-b05
2023-08-31 10:24:17,774 [JUnit] INFO  server.session (DefaultSessionIdManager.java:doStart(334)) - DefaultSessionIdManager workerName=node0
2023-08-31 10:24:17,774 [JUnit] INFO  server.session (DefaultSessionIdManager.java:doStart(339)) - No SessionScavenger set, using defaults
2023-08-31 10:24:17,774 [JUnit] INFO  server.session (HouseKeeper.java:startScavenging(132)) - node0 Scavenging every 660000ms
2023-08-31 10:24:17,775 [JUnit] INFO  handler.ContextHandler (ContextHandler.java:doStart(921)) - Started o.e.j.s.ServletContextHandler@faef38e{logs,/logs,file:///home/runner/work/ozone/ozone/hadoop-ozone/integration-test/target/log,AVAILABLE}
2023-08-31 10:24:17,775 [JUnit] INFO  handler.ContextHandler (ContextHandler.java:doStart(921)) - Started o.e.j.s.ServletContextHandler@57e7a218{static,/static,jar:file:/home/runner/.m2/repository/org/apache/ozone/hdds-container-service/1.4.0-SNAPSHOT/hdds-container-service-1.4.0-SNAPSHOT.jar!/webapps/static,AVAILABLE}
2023-08-31 10:24:17,985 [JUnit] INFO  handler.ContextHandler (ContextHandler.java:doStart(921)) - Started o.e.j.w.WebAppContext@377433d2{hddsDatanode,/,file:///home/runner/work/ozone/ozone/hadoop-ozone/integration-test/target/test-dir/MiniOzoneClusterImpl-40ccb4ce-9e5f-48d9-b45c-9251314ec7cc/datanode-4/meta/webserver/jetty-0_0_0_0-15045-hdds-container-service-1_4_0-SNAPSHOT_jar-_-any-5637037505788679757/webapp/,AVAILABLE}{jar:file:/home/runner/.m2/repository/org/apache/ozone/hdds-container-service/1.4.0-SNAPSHOT/hdds-container-service-1.4.0-SNAPSHOT.jar!/webapps/hddsDatanode}
2023-08-31 10:24:17,986 [JUnit] INFO  server.AbstractConnector (AbstractConnector.java:doStart(333)) - Started ServerConnector@23f13b32{HTTP/1.1, (http/1.1)}{0.0.0.0:15045}
2023-08-31 10:24:17,986 [JUnit] INFO  server.Server (Server.java:doStart(415)) - Started @9562ms
2023-08-31 10:24:17,986 [JUnit] WARN  impl.MetricsSystemImpl (MetricsSystemImpl.java:register(279)) - Sink prometheus already exists!
2023-08-31 10:24:17,987 [JUnit] INFO  http.BaseHttpServer (BaseHttpServer.java:updateConnectorAddress(354)) - HTTP server of hddsDatanode listening at http://0.0.0.0:15045
2023-08-31 10:24:17,991 [JUnit] INFO  ipc.CallQueueManager (CallQueueManager.java:<init>(90)) - Using callQueue: class java.util.concurrent.LinkedBlockingQueue, queueCapacity: 100, scheduler: class org.apache.hadoop.ipc.DefaultRpcScheduler, ipcBackoff: false.
2023-08-31 10:24:17,991 [JUnit] INFO  ipc.Server (Server.java:<init>(1287)) - Listener at 0.0.0.0:15046
2023-08-31 10:24:17,992 [Socket Reader #1 for port 15046] INFO  ipc.Server (Server.java:run(1323)) - Starting Socket Reader #1 for port 15046
2023-08-31 10:24:17,995 [JUnit] INFO  ozone.HddsDatanodeService (HddsDatanodeService.java:start(315)) - Datanode start with admins: [runner]
2023-08-31 10:24:18,001 [JUnit] INFO  ozone.HddsDatanodeClientProtocolServer (HddsDatanodeClientProtocolServer.java:start(72)) - RPC server for Client /0.0.0.0:15046
2023-08-31 10:24:18,002 [IPC Server Responder] INFO  ipc.Server (Server.java:run(1562)) - IPC Server Responder: starting
2023-08-31 10:24:18,002 [IPC Server listener on 15046] INFO  ipc.Server (Server.java:run(1402)) - IPC Server listener on 15046: starting
2023-08-31 10:24:18,003 [JUnit] INFO  ozone.MiniOzoneClusterImpl (MiniOzoneClusterImpl.java:lambda$waitForClusterToBeReady$0(224)) - Waiting for nodes to be ready. Got 0 of 5 DN Heartbeats.
2023-08-31 10:24:18,003 [JUnit] INFO  ozone.MiniOzoneClusterImpl (MiniOzoneClusterImpl.java:lambda$waitForClusterToBeReady$0(227)) - Waiting for cluster to exit safe mode
2023-08-31 10:24:18,003 [JUnit] INFO  ozone.MiniOzoneClusterImpl (MiniOzoneClusterImpl.java:lambda$waitForClusterToBeReady$0(229)) - SCM became leader
2023-08-31 10:24:18,005 [Datanode State Machine Daemon Thread] INFO  statemachine.DatanodeStateMachine (DatanodeStateMachine.java:lambda$startDaemon$0(538)) - Ozone container server started.
2023-08-31 10:24:18,010 [Datanode State Machine Task Thread - 0] INFO  datanode.InitDatanodeState (InitDatanodeState.java:persistContainerDatanodeDetails(138)) - DatanodeDetails is persisted to /home/runner/work/ozone/ozone/hadoop-ozone/integration-test/target/test-dir/MiniOzoneClusterImpl-40ccb4ce-9e5f-48d9-b45c-9251314ec7cc/datanode-4/meta/datanode.id
2023-08-31 10:24:18,673 [EndpointStateMachine task thread for /0.0.0.0:15002 - 0 ] INFO  utils.DatanodeStoreCache (DatanodeStoreCache.java:addDB(66)) - Added db /home/runner/work/ozone/ozone/hadoop-ozone/integration-test/target/test-dir/MiniOzoneClusterImpl-40ccb4ce-9e5f-48d9-b45c-9251314ec7cc/datanode-0/data-0/containers/hdds/40ccb4ce-9e5f-48d9-b45c-9251314ec7cc/DS-fdd8a1c3-bdb8-4ae8-b9a2-a0b4ece492ba/container.db to cache
2023-08-31 10:24:18,673 [EndpointStateMachine task thread for /0.0.0.0:15002 - 0 ] INFO  volume.HddsVolume (HddsVolume.java:createDbStore(422)) - SchemaV3 db is created and loaded at /home/runner/work/ozone/ozone/hadoop-ozone/integration-test/target/test-dir/MiniOzoneClusterImpl-40ccb4ce-9e5f-48d9-b45c-9251314ec7cc/datanode-0/data-0/containers/hdds/40ccb4ce-9e5f-48d9-b45c-9251314ec7cc/DS-fdd8a1c3-bdb8-4ae8-b9a2-a0b4ece492ba/container.db for volume DS-fdd8a1c3-bdb8-4ae8-b9a2-a0b4ece492ba
2023-08-31 10:24:18,675 [EndpointStateMachine task thread for /0.0.0.0:15002 - 0 ] INFO  volume.ThrottledAsyncChecker (ThrottledAsyncChecker.java:schedule(141)) - Scheduling a check for /home/runner/work/ozone/ozone/hadoop-ozone/integration-test/target/test-dir/MiniOzoneClusterImpl-40ccb4ce-9e5f-48d9-b45c-9251314ec7cc/datanode-0/data-0/containers/hdds
2023-08-31 10:24:18,692 [EndpointStateMachine task thread for /0.0.0.0:15002 - 0 ] INFO  volume.StorageVolumeChecker (StorageVolumeChecker.java:checkAllVolumes(213)) - Scheduled health check for volume /home/runner/work/ozone/ozone/hadoop-ozone/integration-test/target/test-dir/MiniOzoneClusterImpl-40ccb4ce-9e5f-48d9-b45c-9251314ec7cc/datanode-0/data-0/containers/hdds
2023-08-31 10:24:18,697 [EndpointStateMachine task thread for /0.0.0.0:15002 - 0 ] INFO  volume.ThrottledAsyncChecker (ThrottledAsyncChecker.java:schedule(141)) - Scheduling a check for /home/runner/work/ozone/ozone/hadoop-ozone/integration-test/target/test-dir/MiniOzoneClusterImpl-40ccb4ce-9e5f-48d9-b45c-9251314ec7cc/datanode-0/data/ratis
2023-08-31 10:24:18,697 [EndpointStateMachine task thread for /0.0.0.0:15002 - 0 ] INFO  volume.StorageVolumeChecker (StorageVolumeChecker.java:checkAllVolumes(213)) - Scheduled health check for volume /home/runner/work/ozone/ozone/hadoop-ozone/integration-test/target/test-dir/MiniOzoneClusterImpl-40ccb4ce-9e5f-48d9-b45c-9251314ec7cc/datanode-0/data/ratis
2023-08-31 10:24:18,698 [EndpointStateMachine task thread for /0.0.0.0:15002 - 0 ] INFO  ozoneimpl.OzoneContainer (OzoneContainer.java:start(429)) - Attempting to start container services.
2023-08-31 10:24:18,700 [EndpointStateMachine task thread for /0.0.0.0:15002 - 0 ] INFO  ozoneimpl.OzoneContainer (OzoneContainer.java:startContainerScrub(325)) - Scheduled background container scanners and the on-demand container scanner have been disabled.
2023-08-31 10:24:18,701 [EndpointStateMachine task thread for /0.0.0.0:15002 - 0 ] INFO  replication.ReplicationServer (ReplicationServer.java:start(130)) - ReplicationServer is started using port 15016
2023-08-31 10:24:18,701 [EndpointStateMachine task thread for /0.0.0.0:15002 - 0 ] INFO  ratis.XceiverServerRatis (XceiverServerRatis.java:start(517)) - Starting XceiverServerRatis 1e7dfa45-1203-43e6-a103-23c323d0a6d5
2023-08-31 10:24:18,702 [EndpointStateMachine task thread for /0.0.0.0:15002 - 0 ] INFO  server.RaftServer (RaftServerProxy.java:startImpl(400)) - 1e7dfa45-1203-43e6-a103-23c323d0a6d5: start RPC server
2023-08-31 10:24:18,704 [EndpointStateMachine task thread for /0.0.0.0:15002 - 0 ] INFO  server.GrpcService (GrpcService.java:startImpl(302)) - 1e7dfa45-1203-43e6-a103-23c323d0a6d5: GrpcService started, listening on 15012
2023-08-31 10:24:18,707 [EndpointStateMachine task thread for /0.0.0.0:15002 - 0 ] INFO  server.GrpcService (GrpcService.java:startImpl(302)) - 1e7dfa45-1203-43e6-a103-23c323d0a6d5: GrpcService started, listening on 15014
2023-08-31 10:24:18,708 [EndpointStateMachine task thread for /0.0.0.0:15002 - 0 ] INFO  server.GrpcService (GrpcService.java:startImpl(302)) - 1e7dfa45-1203-43e6-a103-23c323d0a6d5: GrpcService started, listening on 15013
2023-08-31 10:24:18,711 [EndpointStateMachine task thread for /0.0.0.0:15002 - 0 ] INFO  ratis.XceiverServerRatis (XceiverServerRatis.java:getRealPort(543)) - XceiverServerRatis 1e7dfa45-1203-43e6-a103-23c323d0a6d5 is started using port 15012 for RATIS
2023-08-31 10:24:18,711 [EndpointStateMachine task thread for /0.0.0.0:15002 - 0 ] INFO  ratis.XceiverServerRatis (XceiverServerRatis.java:getRealPort(543)) - XceiverServerRatis 1e7dfa45-1203-43e6-a103-23c323d0a6d5 is started using port 15013 for RATIS_ADMIN
2023-08-31 10:24:18,711 [EndpointStateMachine task thread for /0.0.0.0:15002 - 0 ] INFO  ratis.XceiverServerRatis (XceiverServerRatis.java:getRealPort(543)) - XceiverServerRatis 1e7dfa45-1203-43e6-a103-23c323d0a6d5 is started using port 15014 for RATIS_SERVER
2023-08-31 10:24:18,712 [EndpointStateMachine task thread for /0.0.0.0:15002 - 0 ] INFO  ratis.XceiverServerRatis (XceiverServerRatis.java:getRealPort(543)) - XceiverServerRatis 1e7dfa45-1203-43e6-a103-23c323d0a6d5 is started using port 15015 for RATIS_DATASTREAM
2023-08-31 10:24:18,712 [JvmPauseMonitor2] INFO  util.JvmPauseMonitor (JvmPauseMonitor.java:run(103)) - JvmPauseMonitor-1e7dfa45-1203-43e6-a103-23c323d0a6d5: Started
2023-08-31 10:24:18,720 [BlockDeletingService#0] INFO  interfaces.ContainerDeletionChoosingPolicyTemplate (ContainerDeletionChoosingPolicyTemplate.java:chooseContainerForBlockDeletion(85)) - Chosen 0/5000 blocks from 0 candidate containers.
2023-08-31 10:24:19,003 [JUnit] INFO  ozone.MiniOzoneClusterImpl (MiniOzoneClusterImpl.java:lambda$waitForClusterToBeReady$0(224)) - Waiting for nodes to be ready. Got 0 of 5 DN Heartbeats.
2023-08-31 10:24:19,003 [JUnit] INFO  ozone.MiniOzoneClusterImpl (MiniOzoneClusterImpl.java:lambda$waitForClusterToBeReady$0(227)) - Waiting for cluster to exit safe mode
2023-08-31 10:24:19,004 [JUnit] INFO  ozone.MiniOzoneClusterImpl (MiniOzoneClusterImpl.java:lambda$waitForClusterToBeReady$0(229)) - SCM became leader
2023-08-31 10:24:19,013 [EndpointStateMachine task thread for /0.0.0.0:15002 - 0 ] INFO  utils.DatanodeStoreCache (DatanodeStoreCache.java:addDB(66)) - Added db /home/runner/work/ozone/ozone/hadoop-ozone/integration-test/target/test-dir/MiniOzoneClusterImpl-40ccb4ce-9e5f-48d9-b45c-9251314ec7cc/datanode-1/data-0/containers/hdds/40ccb4ce-9e5f-48d9-b45c-9251314ec7cc/DS-76319134-185a-4aed-b719-8720ddb92020/container.db to cache
2023-08-31 10:24:19,013 [EndpointStateMachine task thread for /0.0.0.0:15002 - 0 ] INFO  volume.HddsVolume (HddsVolume.java:createDbStore(422)) - SchemaV3 db is created and loaded at /home/runner/work/ozone/ozone/hadoop-ozone/integration-test/target/test-dir/MiniOzoneClusterImpl-40ccb4ce-9e5f-48d9-b45c-9251314ec7cc/datanode-1/data-0/containers/hdds/40ccb4ce-9e5f-48d9-b45c-9251314ec7cc/DS-76319134-185a-4aed-b719-8720ddb92020/container.db for volume DS-76319134-185a-4aed-b719-8720ddb92020
2023-08-31 10:24:19,016 [EndpointStateMachine task thread for /0.0.0.0:15002 - 0 ] INFO  volume.ThrottledAsyncChecker (ThrottledAsyncChecker.java:schedule(141)) - Scheduling a check for /home/runner/work/ozone/ozone/hadoop-ozone/integration-test/target/test-dir/MiniOzoneClusterImpl-40ccb4ce-9e5f-48d9-b45c-9251314ec7cc/datanode-1/data-0/containers/hdds
2023-08-31 10:24:19,017 [EndpointStateMachine task thread for /0.0.0.0:15002 - 0 ] INFO  volume.StorageVolumeChecker (StorageVolumeChecker.java:checkAllVolumes(213)) - Scheduled health check for volume /home/runner/work/ozone/ozone/hadoop-ozone/integration-test/target/test-dir/MiniOzoneClusterImpl-40ccb4ce-9e5f-48d9-b45c-9251314ec7cc/datanode-1/data-0/containers/hdds
2023-08-31 10:24:19,018 [EndpointStateMachine task thread for /0.0.0.0:15002 - 0 ] INFO  volume.ThrottledAsyncChecker (ThrottledAsyncChecker.java:schedule(141)) - Scheduling a check for /home/runner/work/ozone/ozone/hadoop-ozone/integration-test/target/test-dir/MiniOzoneClusterImpl-40ccb4ce-9e5f-48d9-b45c-9251314ec7cc/datanode-1/data/ratis
2023-08-31 10:24:19,018 [EndpointStateMachine task thread for /0.0.0.0:15002 - 0 ] INFO  volume.StorageVolumeChecker (StorageVolumeChecker.java:checkAllVolumes(213)) - Scheduled health check for volume /home/runner/work/ozone/ozone/hadoop-ozone/integration-test/target/test-dir/MiniOzoneClusterImpl-40ccb4ce-9e5f-48d9-b45c-9251314ec7cc/datanode-1/data/ratis
2023-08-31 10:24:19,019 [EndpointStateMachine task thread for /0.0.0.0:15002 - 0 ] INFO  ozoneimpl.OzoneContainer (OzoneContainer.java:start(429)) - Attempting to start container services.
2023-08-31 10:24:19,019 [EndpointStateMachine task thread for /0.0.0.0:15002 - 0 ] INFO  ozoneimpl.OzoneContainer (OzoneContainer.java:startContainerScrub(325)) - Scheduled background container scanners and the on-demand container scanner have been disabled.
2023-08-31 10:24:19,020 [EndpointStateMachine task thread for /0.0.0.0:15002 - 0 ] INFO  replication.ReplicationServer (ReplicationServer.java:start(130)) - ReplicationServer is started using port 15025
2023-08-31 10:24:19,020 [EndpointStateMachine task thread for /0.0.0.0:15002 - 0 ] INFO  ratis.XceiverServerRatis (XceiverServerRatis.java:start(517)) - Starting XceiverServerRatis faefdaa5-b95f-414d-83d1-b299fbae73bf
2023-08-31 10:24:19,027 [EndpointStateMachine task thread for /0.0.0.0:15002 - 0 ] INFO  server.RaftServer (RaftServerProxy.java:startImpl(400)) - faefdaa5-b95f-414d-83d1-b299fbae73bf: start RPC server
2023-08-31 10:24:19,029 [EndpointStateMachine task thread for /0.0.0.0:15002 - 0 ] INFO  server.GrpcService (GrpcService.java:startImpl(302)) - faefdaa5-b95f-414d-83d1-b299fbae73bf: GrpcService started, listening on 15021
2023-08-31 10:24:19,030 [EndpointStateMachine task thread for /0.0.0.0:15002 - 0 ] INFO  server.GrpcService (GrpcService.java:startImpl(302)) - faefdaa5-b95f-414d-83d1-b299fbae73bf: GrpcService started, listening on 15023
2023-08-31 10:24:19,031 [EndpointStateMachine task thread for /0.0.0.0:15002 - 0 ] INFO  server.GrpcService (GrpcService.java:startImpl(302)) - faefdaa5-b95f-414d-83d1-b299fbae73bf: GrpcService started, listening on 15022
2023-08-31 10:24:19,032 [EndpointStateMachine task thread for /0.0.0.0:15002 - 0 ] INFO  ratis.XceiverServerRatis (XceiverServerRatis.java:getRealPort(543)) - XceiverServerRatis faefdaa5-b95f-414d-83d1-b299fbae73bf is started using port 15021 for RATIS
2023-08-31 10:24:19,032 [JvmPauseMonitor3] INFO  util.JvmPauseMonitor (JvmPauseMonitor.java:run(103)) - JvmPauseMonitor-faefdaa5-b95f-414d-83d1-b299fbae73bf: Started
2023-08-31 10:24:19,032 [EndpointStateMachine task thread for /0.0.0.0:15002 - 0 ] INFO  ratis.XceiverServerRatis (XceiverServerRatis.java:getRealPort(543)) - XceiverServerRatis faefdaa5-b95f-414d-83d1-b299fbae73bf is started using port 15022 for RATIS_ADMIN
2023-08-31 10:24:19,032 [EndpointStateMachine task thread for /0.0.0.0:15002 - 0 ] INFO  ratis.XceiverServerRatis (XceiverServerRatis.java:getRealPort(543)) - XceiverServerRatis faefdaa5-b95f-414d-83d1-b299fbae73bf is started using port 15023 for RATIS_SERVER
2023-08-31 10:24:19,032 [EndpointStateMachine task thread for /0.0.0.0:15002 - 0 ] INFO  ratis.XceiverServerRatis (XceiverServerRatis.java:getRealPort(543)) - XceiverServerRatis faefdaa5-b95f-414d-83d1-b299fbae73bf is started using port 15024 for RATIS_DATASTREAM
2023-08-31 10:24:19,038 [BlockDeletingService#0] INFO  interfaces.ContainerDeletionChoosingPolicyTemplate (ContainerDeletionChoosingPolicyTemplate.java:chooseContainerForBlockDeletion(85)) - Chosen 0/5000 blocks from 0 candidate containers.
2023-08-31 10:24:19,427 [EndpointStateMachine task thread for /0.0.0.0:15002 - 0 ] INFO  utils.DatanodeStoreCache (DatanodeStoreCache.java:addDB(66)) - Added db /home/runner/work/ozone/ozone/hadoop-ozone/integration-test/target/test-dir/MiniOzoneClusterImpl-40ccb4ce-9e5f-48d9-b45c-9251314ec7cc/datanode-2/data-0/containers/hdds/40ccb4ce-9e5f-48d9-b45c-9251314ec7cc/DS-fd15f641-5eb7-4459-9c07-2d2f9b92c84e/container.db to cache
2023-08-31 10:24:19,428 [EndpointStateMachine task thread for /0.0.0.0:15002 - 0 ] INFO  volume.HddsVolume (HddsVolume.java:createDbStore(422)) - SchemaV3 db is created and loaded at /home/runner/work/ozone/ozone/hadoop-ozone/integration-test/target/test-dir/MiniOzoneClusterImpl-40ccb4ce-9e5f-48d9-b45c-9251314ec7cc/datanode-2/data-0/containers/hdds/40ccb4ce-9e5f-48d9-b45c-9251314ec7cc/DS-fd15f641-5eb7-4459-9c07-2d2f9b92c84e/container.db for volume DS-fd15f641-5eb7-4459-9c07-2d2f9b92c84e
2023-08-31 10:24:19,428 [EndpointStateMachine task thread for /0.0.0.0:15002 - 0 ] INFO  volume.ThrottledAsyncChecker (ThrottledAsyncChecker.java:schedule(141)) - Scheduling a check for /home/runner/work/ozone/ozone/hadoop-ozone/integration-test/target/test-dir/MiniOzoneClusterImpl-40ccb4ce-9e5f-48d9-b45c-9251314ec7cc/datanode-2/data-0/containers/hdds
2023-08-31 10:24:19,441 [EndpointStateMachine task thread for /0.0.0.0:15002 - 0 ] INFO  volume.StorageVolumeChecker (StorageVolumeChecker.java:checkAllVolumes(213)) - Scheduled health check for volume /home/runner/work/ozone/ozone/hadoop-ozone/integration-test/target/test-dir/MiniOzoneClusterImpl-40ccb4ce-9e5f-48d9-b45c-9251314ec7cc/datanode-2/data-0/containers/hdds
2023-08-31 10:24:19,442 [EndpointStateMachine task thread for /0.0.0.0:15002 - 0 ] INFO  volume.ThrottledAsyncChecker (ThrottledAsyncChecker.java:schedule(141)) - Scheduling a check for /home/runner/work/ozone/ozone/hadoop-ozone/integration-test/target/test-dir/MiniOzoneClusterImpl-40ccb4ce-9e5f-48d9-b45c-9251314ec7cc/datanode-2/data/ratis
2023-08-31 10:24:19,442 [EndpointStateMachine task thread for /0.0.0.0:15002 - 0 ] INFO  volume.StorageVolumeChecker (StorageVolumeChecker.java:checkAllVolumes(213)) - Scheduled health check for volume /home/runner/work/ozone/ozone/hadoop-ozone/integration-test/target/test-dir/MiniOzoneClusterImpl-40ccb4ce-9e5f-48d9-b45c-9251314ec7cc/datanode-2/data/ratis
2023-08-31 10:24:19,443 [EndpointStateMachine task thread for /0.0.0.0:15002 - 0 ] INFO  ozoneimpl.OzoneContainer (OzoneContainer.java:start(429)) - Attempting to start container services.
2023-08-31 10:24:19,444 [EndpointStateMachine task thread for /0.0.0.0:15002 - 0 ] INFO  ozoneimpl.OzoneContainer (OzoneContainer.java:startContainerScrub(325)) - Scheduled background container scanners and the on-demand container scanner have been disabled.
2023-08-31 10:24:19,446 [EndpointStateMachine task thread for /0.0.0.0:15002 - 0 ] INFO  replication.ReplicationServer (ReplicationServer.java:start(130)) - ReplicationServer is started using port 15034
2023-08-31 10:24:19,446 [EndpointStateMachine task thread for /0.0.0.0:15002 - 0 ] INFO  ratis.XceiverServerRatis (XceiverServerRatis.java:start(517)) - Starting XceiverServerRatis d1449997-f54f-4a59-bd40-37f2c04f767d
2023-08-31 10:24:19,451 [EndpointStateMachine task thread for /0.0.0.0:15002 - 0 ] INFO  server.RaftServer (RaftServerProxy.java:startImpl(400)) - d1449997-f54f-4a59-bd40-37f2c04f767d: start RPC server
2023-08-31 10:24:19,453 [EndpointStateMachine task thread for /0.0.0.0:15002 - 0 ] INFO  server.GrpcService (GrpcService.java:startImpl(302)) - d1449997-f54f-4a59-bd40-37f2c04f767d: GrpcService started, listening on 15030
2023-08-31 10:24:19,454 [EndpointStateMachine task thread for /0.0.0.0:15002 - 0 ] INFO  server.GrpcService (GrpcService.java:startImpl(302)) - d1449997-f54f-4a59-bd40-37f2c04f767d: GrpcService started, listening on 15032
2023-08-31 10:24:19,455 [EndpointStateMachine task thread for /0.0.0.0:15002 - 0 ] INFO  server.GrpcService (GrpcService.java:startImpl(302)) - d1449997-f54f-4a59-bd40-37f2c04f767d: GrpcService started, listening on 15031
2023-08-31 10:24:19,455 [EndpointStateMachine task thread for /0.0.0.0:15002 - 0 ] INFO  ratis.XceiverServerRatis (XceiverServerRatis.java:getRealPort(543)) - XceiverServerRatis d1449997-f54f-4a59-bd40-37f2c04f767d is started using port 15030 for RATIS
2023-08-31 10:24:19,455 [EndpointStateMachine task thread for /0.0.0.0:15002 - 0 ] INFO  ratis.XceiverServerRatis (XceiverServerRatis.java:getRealPort(543)) - XceiverServerRatis d1449997-f54f-4a59-bd40-37f2c04f767d is started using port 15031 for RATIS_ADMIN
2023-08-31 10:24:19,455 [JvmPauseMonitor4] INFO  util.JvmPauseMonitor (JvmPauseMonitor.java:run(103)) - JvmPauseMonitor-d1449997-f54f-4a59-bd40-37f2c04f767d: Started
2023-08-31 10:24:19,455 [EndpointStateMachine task thread for /0.0.0.0:15002 - 0 ] INFO  ratis.XceiverServerRatis (XceiverServerRatis.java:getRealPort(543)) - XceiverServerRatis d1449997-f54f-4a59-bd40-37f2c04f767d is started using port 15032 for RATIS_SERVER
2023-08-31 10:24:19,455 [EndpointStateMachine task thread for /0.0.0.0:15002 - 0 ] INFO  ratis.XceiverServerRatis (XceiverServerRatis.java:getRealPort(543)) - XceiverServerRatis d1449997-f54f-4a59-bd40-37f2c04f767d is started using port 15033 for RATIS_DATASTREAM
2023-08-31 10:24:19,470 [BlockDeletingService#0] INFO  interfaces.ContainerDeletionChoosingPolicyTemplate (ContainerDeletionChoosingPolicyTemplate.java:chooseContainerForBlockDeletion(85)) - Chosen 0/5000 blocks from 0 candidate containers.
2023-08-31 10:24:19,753 [EndpointStateMachine task thread for /0.0.0.0:15002 - 0 ] INFO  utils.DatanodeStoreCache (DatanodeStoreCache.java:addDB(66)) - Added db /home/runner/work/ozone/ozone/hadoop-ozone/integration-test/target/test-dir/MiniOzoneClusterImpl-40ccb4ce-9e5f-48d9-b45c-9251314ec7cc/datanode-3/data-0/containers/hdds/40ccb4ce-9e5f-48d9-b45c-9251314ec7cc/DS-75f72929-64d2-4b39-974b-dc5c02e38da0/container.db to cache
2023-08-31 10:24:19,753 [EndpointStateMachine task thread for /0.0.0.0:15002 - 0 ] INFO  volume.HddsVolume (HddsVolume.java:createDbStore(422)) - SchemaV3 db is created and loaded at /home/runner/work/ozone/ozone/hadoop-ozone/integration-test/target/test-dir/MiniOzoneClusterImpl-40ccb4ce-9e5f-48d9-b45c-9251314ec7cc/datanode-3/data-0/containers/hdds/40ccb4ce-9e5f-48d9-b45c-9251314ec7cc/DS-75f72929-64d2-4b39-974b-dc5c02e38da0/container.db for volume DS-75f72929-64d2-4b39-974b-dc5c02e38da0
2023-08-31 10:24:19,753 [EndpointStateMachine task thread for /0.0.0.0:15002 - 0 ] INFO  volume.ThrottledAsyncChecker (ThrottledAsyncChecker.java:schedule(141)) - Scheduling a check for /home/runner/work/ozone/ozone/hadoop-ozone/integration-test/target/test-dir/MiniOzoneClusterImpl-40ccb4ce-9e5f-48d9-b45c-9251314ec7cc/datanode-3/data-0/containers/hdds
2023-08-31 10:24:19,759 [EndpointStateMachine task thread for /0.0.0.0:15002 - 0 ] INFO  volume.StorageVolumeChecker (StorageVolumeChecker.java:checkAllVolumes(213)) - Scheduled health check for volume /home/runner/work/ozone/ozone/hadoop-ozone/integration-test/target/test-dir/MiniOzoneClusterImpl-40ccb4ce-9e5f-48d9-b45c-9251314ec7cc/datanode-3/data-0/containers/hdds
2023-08-31 10:24:19,761 [EndpointStateMachine task thread for /0.0.0.0:15002 - 0 ] INFO  volume.ThrottledAsyncChecker (ThrottledAsyncChecker.java:schedule(141)) - Scheduling a check for /home/runner/work/ozone/ozone/hadoop-ozone/integration-test/target/test-dir/MiniOzoneClusterImpl-40ccb4ce-9e5f-48d9-b45c-9251314ec7cc/datanode-3/data/ratis
2023-08-31 10:24:19,761 [EndpointStateMachine task thread for /0.0.0.0:15002 - 0 ] INFO  volume.StorageVolumeChecker (StorageVolumeChecker.java:checkAllVolumes(213)) - Scheduled health check for volume /home/runner/work/ozone/ozone/hadoop-ozone/integration-test/target/test-dir/MiniOzoneClusterImpl-40ccb4ce-9e5f-48d9-b45c-9251314ec7cc/datanode-3/data/ratis
2023-08-31 10:24:19,762 [EndpointStateMachine task thread for /0.0.0.0:15002 - 0 ] INFO  ozoneimpl.OzoneContainer (OzoneContainer.java:start(429)) - Attempting to start container services.
2023-08-31 10:24:19,762 [EndpointStateMachine task thread for /0.0.0.0:15002 - 0 ] INFO  ozoneimpl.OzoneContainer (OzoneContainer.java:startContainerScrub(325)) - Scheduled background container scanners and the on-demand container scanner have been disabled.
2023-08-31 10:24:19,764 [EndpointStateMachine task thread for /0.0.0.0:15002 - 0 ] INFO  replication.ReplicationServer (ReplicationServer.java:start(130)) - ReplicationServer is started using port 15043
2023-08-31 10:24:19,764 [EndpointStateMachine task thread for /0.0.0.0:15002 - 0 ] INFO  ratis.XceiverServerRatis (XceiverServerRatis.java:start(517)) - Starting XceiverServerRatis b9af389b-3390-4a10-9bb5-d38911605174
2023-08-31 10:24:19,764 [EndpointStateMachine task thread for /0.0.0.0:15002 - 0 ] INFO  server.RaftServer (RaftServerProxy.java:startImpl(400)) - b9af389b-3390-4a10-9bb5-d38911605174: start RPC server
2023-08-31 10:24:19,768 [EndpointStateMachine task thread for /0.0.0.0:15002 - 0 ] INFO  server.GrpcService (GrpcService.java:startImpl(302)) - b9af389b-3390-4a10-9bb5-d38911605174: GrpcService started, listening on 15039
2023-08-31 10:24:19,769 [EndpointStateMachine task thread for /0.0.0.0:15002 - 0 ] INFO  server.GrpcService (GrpcService.java:startImpl(302)) - b9af389b-3390-4a10-9bb5-d38911605174: GrpcService started, listening on 15041
2023-08-31 10:24:19,772 [EndpointStateMachine task thread for /0.0.0.0:15002 - 0 ] INFO  server.GrpcService (GrpcService.java:startImpl(302)) - b9af389b-3390-4a10-9bb5-d38911605174: GrpcService started, listening on 15040
2023-08-31 10:24:19,773 [EndpointStateMachine task thread for /0.0.0.0:15002 - 0 ] INFO  ratis.XceiverServerRatis (XceiverServerRatis.java:getRealPort(543)) - XceiverServerRatis b9af389b-3390-4a10-9bb5-d38911605174 is started using port 15039 for RATIS
2023-08-31 10:24:19,773 [EndpointStateMachine task thread for /0.0.0.0:15002 - 0 ] INFO  ratis.XceiverServerRatis (XceiverServerRatis.java:getRealPort(543)) - XceiverServerRatis b9af389b-3390-4a10-9bb5-d38911605174 is started using port 15040 for RATIS_ADMIN
2023-08-31 10:24:19,773 [EndpointStateMachine task thread for /0.0.0.0:15002 - 0 ] INFO  ratis.XceiverServerRatis (XceiverServerRatis.java:getRealPort(543)) - XceiverServerRatis b9af389b-3390-4a10-9bb5-d38911605174 is started using port 15041 for RATIS_SERVER
2023-08-31 10:24:19,773 [EndpointStateMachine task thread for /0.0.0.0:15002 - 0 ] INFO  ratis.XceiverServerRatis (XceiverServerRatis.java:getRealPort(543)) - XceiverServerRatis b9af389b-3390-4a10-9bb5-d38911605174 is started using port 15042 for RATIS_DATASTREAM
2023-08-31 10:24:19,779 [JvmPauseMonitor5] INFO  util.JvmPauseMonitor (JvmPauseMonitor.java:run(103)) - JvmPauseMonitor-b9af389b-3390-4a10-9bb5-d38911605174: Started
2023-08-31 10:24:19,781 [BlockDeletingService#0] INFO  interfaces.ContainerDeletionChoosingPolicyTemplate (ContainerDeletionChoosingPolicyTemplate.java:chooseContainerForBlockDeletion(85)) - Chosen 0/5000 blocks from 0 candidate containers.
2023-08-31 10:24:20,004 [JUnit] INFO  ozone.MiniOzoneClusterImpl (MiniOzoneClusterImpl.java:lambda$waitForClusterToBeReady$0(224)) - Waiting for nodes to be ready. Got 0 of 5 DN Heartbeats.
2023-08-31 10:24:20,004 [JUnit] INFO  ozone.MiniOzoneClusterImpl (MiniOzoneClusterImpl.java:lambda$waitForClusterToBeReady$0(227)) - Waiting for cluster to exit safe mode
2023-08-31 10:24:20,004 [JUnit] INFO  ozone.MiniOzoneClusterImpl (MiniOzoneClusterImpl.java:lambda$waitForClusterToBeReady$0(229)) - SCM became leader
2023-08-31 10:24:20,034 [EndpointStateMachine task thread for /0.0.0.0:15002 - 0 ] INFO  utils.DatanodeStoreCache (DatanodeStoreCache.java:addDB(66)) - Added db /home/runner/work/ozone/ozone/hadoop-ozone/integration-test/target/test-dir/MiniOzoneClusterImpl-40ccb4ce-9e5f-48d9-b45c-9251314ec7cc/datanode-4/data-0/containers/hdds/40ccb4ce-9e5f-48d9-b45c-9251314ec7cc/DS-a32e4078-9449-476c-af68-afe17b065fbf/container.db to cache
2023-08-31 10:24:20,034 [EndpointStateMachine task thread for /0.0.0.0:15002 - 0 ] INFO  volume.HddsVolume (HddsVolume.java:createDbStore(422)) - SchemaV3 db is created and loaded at /home/runner/work/ozone/ozone/hadoop-ozone/integration-test/target/test-dir/MiniOzoneClusterImpl-40ccb4ce-9e5f-48d9-b45c-9251314ec7cc/datanode-4/data-0/containers/hdds/40ccb4ce-9e5f-48d9-b45c-9251314ec7cc/DS-a32e4078-9449-476c-af68-afe17b065fbf/container.db for volume DS-a32e4078-9449-476c-af68-afe17b065fbf
2023-08-31 10:24:20,034 [EndpointStateMachine task thread for /0.0.0.0:15002 - 0 ] INFO  volume.ThrottledAsyncChecker (ThrottledAsyncChecker.java:schedule(141)) - Scheduling a check for /home/runner/work/ozone/ozone/hadoop-ozone/integration-test/target/test-dir/MiniOzoneClusterImpl-40ccb4ce-9e5f-48d9-b45c-9251314ec7cc/datanode-4/data-0/containers/hdds
2023-08-31 10:24:20,035 [EndpointStateMachine task thread for /0.0.0.0:15002 - 0 ] INFO  volume.StorageVolumeChecker (StorageVolumeChecker.java:checkAllVolumes(213)) - Scheduled health check for volume /home/runner/work/ozone/ozone/hadoop-ozone/integration-test/target/test-dir/MiniOzoneClusterImpl-40ccb4ce-9e5f-48d9-b45c-9251314ec7cc/datanode-4/data-0/containers/hdds
2023-08-31 10:24:20,037 [EndpointStateMachine task thread for /0.0.0.0:15002 - 0 ] INFO  volume.ThrottledAsyncChecker (ThrottledAsyncChecker.java:schedule(141)) - Scheduling a check for /home/runner/work/ozone/ozone/hadoop-ozone/integration-test/target/test-dir/MiniOzoneClusterImpl-40ccb4ce-9e5f-48d9-b45c-9251314ec7cc/datanode-4/data/ratis
2023-08-31 10:24:20,038 [EndpointStateMachine task thread for /0.0.0.0:15002 - 0 ] INFO  volume.StorageVolumeChecker (StorageVolumeChecker.java:checkAllVolumes(213)) - Scheduled health check for volume /home/runner/work/ozone/ozone/hadoop-ozone/integration-test/target/test-dir/MiniOzoneClusterImpl-40ccb4ce-9e5f-48d9-b45c-9251314ec7cc/datanode-4/data/ratis
2023-08-31 10:24:20,039 [EndpointStateMachine task thread for /0.0.0.0:15002 - 0 ] INFO  ozoneimpl.OzoneContainer (OzoneContainer.java:start(429)) - Attempting to start container services.
2023-08-31 10:24:20,039 [EndpointStateMachine task thread for /0.0.0.0:15002 - 0 ] INFO  ozoneimpl.OzoneContainer (OzoneContainer.java:startContainerScrub(325)) - Scheduled background container scanners and the on-demand container scanner have been disabled.
2023-08-31 10:24:20,041 [EndpointStateMachine task thread for /0.0.0.0:15002 - 0 ] INFO  replication.ReplicationServer (ReplicationServer.java:start(130)) - ReplicationServer is started using port 15052
2023-08-31 10:24:20,041 [EndpointStateMachine task thread for /0.0.0.0:15002 - 0 ] INFO  ratis.XceiverServerRatis (XceiverServerRatis.java:start(517)) - Starting XceiverServerRatis 8aeac973-d988-4477-a868-52c3b0be344f
2023-08-31 10:24:20,041 [EndpointStateMachine task thread for /0.0.0.0:15002 - 0 ] INFO  server.RaftServer (RaftServerProxy.java:startImpl(400)) - 8aeac973-d988-4477-a868-52c3b0be344f: start RPC server
2023-08-31 10:24:20,042 [EndpointStateMachine task thread for /0.0.0.0:15002 - 0 ] INFO  server.GrpcService (GrpcService.java:startImpl(302)) - 8aeac973-d988-4477-a868-52c3b0be344f: GrpcService started, listening on 15048
2023-08-31 10:24:20,044 [EndpointStateMachine task thread for /0.0.0.0:15002 - 0 ] INFO  server.GrpcService (GrpcService.java:startImpl(302)) - 8aeac973-d988-4477-a868-52c3b0be344f: GrpcService started, listening on 15050
2023-08-31 10:24:20,045 [EndpointStateMachine task thread for /0.0.0.0:15002 - 0 ] INFO  server.GrpcService (GrpcService.java:startImpl(302)) - 8aeac973-d988-4477-a868-52c3b0be344f: GrpcService started, listening on 15049
2023-08-31 10:24:20,047 [EndpointStateMachine task thread for /0.0.0.0:15002 - 0 ] INFO  ratis.XceiverServerRatis (XceiverServerRatis.java:getRealPort(543)) - XceiverServerRatis 8aeac973-d988-4477-a868-52c3b0be344f is started using port 15048 for RATIS
2023-08-31 10:24:20,047 [EndpointStateMachine task thread for /0.0.0.0:15002 - 0 ] INFO  ratis.XceiverServerRatis (XceiverServerRatis.java:getRealPort(543)) - XceiverServerRatis 8aeac973-d988-4477-a868-52c3b0be344f is started using port 15049 for RATIS_ADMIN
2023-08-31 10:24:20,047 [EndpointStateMachine task thread for /0.0.0.0:15002 - 0 ] INFO  ratis.XceiverServerRatis (XceiverServerRatis.java:getRealPort(543)) - XceiverServerRatis 8aeac973-d988-4477-a868-52c3b0be344f is started using port 15050 for RATIS_SERVER
2023-08-31 10:24:20,047 [EndpointStateMachine task thread for /0.0.0.0:15002 - 0 ] INFO  ratis.XceiverServerRatis (XceiverServerRatis.java:getRealPort(543)) - XceiverServerRatis 8aeac973-d988-4477-a868-52c3b0be344f is started using port 15051 for RATIS_DATASTREAM
2023-08-31 10:24:20,048 [JvmPauseMonitor6] INFO  util.JvmPauseMonitor (JvmPauseMonitor.java:run(103)) - JvmPauseMonitor-8aeac973-d988-4477-a868-52c3b0be344f: Started
2023-08-31 10:24:20,053 [BlockDeletingService#0] INFO  interfaces.ContainerDeletionChoosingPolicyTemplate (ContainerDeletionChoosingPolicyTemplate.java:chooseContainerForBlockDeletion(85)) - Chosen 0/5000 blocks from 0 candidate containers.
2023-08-31 10:24:20,601 [IPC Server handler 17 on default port 15002] INFO  net.NetworkTopologyImpl (NetworkTopologyImpl.java:add(112)) - Added a new node: /default-rack/1e7dfa45-1203-43e6-a103-23c323d0a6d5
2023-08-31 10:24:20,603 [IPC Server handler 17 on default port 15002] INFO  node.SCMNodeManager (SCMNodeManager.java:register(405)) - Registered Data node : 1e7dfa45-1203-43e6-a103-23c323d0a6d5{ip: 10.1.0.16, host: fv-az304-998.1xzdsl11evde5oaqfphatm1hpa.cx.internal.cloudapp.net, ports: [HTTP=15009, CLIENT_RPC=15010, REPLICATION=15016, RATIS=15012, RATIS_ADMIN=15013, RATIS_SERVER=15014, RATIS_DATASTREAM=15015, STANDALONE=15011], networkLocation: /default-rack, certSerialId: null, persistedOpState: null, persistedOpStateExpiryEpochSec: 0}
2023-08-31 10:24:20,606 [EventQueue-NewNodeForNewNodeHandler] INFO  pipeline.BackgroundPipelineCreator (BackgroundPipelineCreator.java:notifyEventTriggered(277)) - trigger a one-shot run on RatisPipelineUtilsThread.
2023-08-31 10:24:20,607 [EventQueue-NodeRegistrationContainerReportForContainerSafeModeRule] INFO  safemode.SCMSafeModeManager (SCMSafeModeManager.java:validateSafeModeExitRules(200)) - ContainerSafeModeRule rule is successfully validated
2023-08-31 10:24:20,607 [EventQueue-NodeRegistrationContainerReportForDataNodeSafeModeRule] INFO  safemode.SCMSafeModeManager (DataNodeSafeModeRule.java:process(71)) - SCM in safe mode. 1 DataNodes registered, 3 required.
2023-08-31 10:24:20,611 [EventQueue-PipelineReportForOneReplicaPipelineSafeModeRule] INFO  safemode.SCMSafeModeManager (SCMSafeModeManager.java:validateSafeModeExitRules(200)) - AtleastOneDatanodeReportedRule rule is successfully validated
2023-08-31 10:24:20,615 [RatisPipelineUtilsThread - 0] INFO  pipeline.RatisPipelineProvider (RatisPipelineProvider.java:lambda$create$0(206)) - Sending CreatePipelineCommand for pipeline:PipelineID=4e3cfdcf-7352-4177-8f6b-7a527c6a9fad to datanode:1e7dfa45-1203-43e6-a103-23c323d0a6d5
2023-08-31 10:24:20,627 [RatisPipelineUtilsThread - 0] INFO  pipeline.BackgroundPipelineCreator (BackgroundPipelineCreator.java:createPipelines(233)) - Created new pipeline Pipeline[ Id: 4e3cfdcf-7352-4177-8f6b-7a527c6a9fad, Nodes: 1e7dfa45-1203-43e6-a103-23c323d0a6d5(fv-az304-998.1xzdsl11evde5oaqfphatm1hpa.cx.internal.cloudapp.net/10.1.0.16), ReplicationConfig: RATIS/ONE, State:ALLOCATED, leaderId:, CreationTimestamp2023-08-31T10:24:20.614Z[Etc/UTC]]
2023-08-31 10:24:20,979 [IPC Server handler 16 on default port 15002] INFO  net.NetworkTopologyImpl (NetworkTopologyImpl.java:add(112)) - Added a new node: /default-rack/faefdaa5-b95f-414d-83d1-b299fbae73bf
2023-08-31 10:24:20,979 [IPC Server handler 16 on default port 15002] INFO  node.SCMNodeManager (SCMNodeManager.java:register(405)) - Registered Data node : faefdaa5-b95f-414d-83d1-b299fbae73bf{ip: 10.1.0.16, host: fv-az304-998.1xzdsl11evde5oaqfphatm1hpa.cx.internal.cloudapp.net, ports: [HTTP=15018, CLIENT_RPC=15019, REPLICATION=15025, RATIS=15021, RATIS_ADMIN=15022, RATIS_SERVER=15023, RATIS_DATASTREAM=15024, STANDALONE=15020], networkLocation: /default-rack, certSerialId: null, persistedOpState: null, persistedOpStateExpiryEpochSec: 0}
2023-08-31 10:24:20,980 [EventQueue-NodeRegistrationContainerReportForDataNodeSafeModeRule] INFO  safemode.SCMSafeModeManager (DataNodeSafeModeRule.java:process(71)) - SCM in safe mode. 2 DataNodes registered, 3 required.
2023-08-31 10:24:20,980 [EventQueue-NewNodeForNewNodeHandler] INFO  pipeline.BackgroundPipelineCreator (BackgroundPipelineCreator.java:notifyEventTriggered(277)) - trigger a one-shot run on RatisPipelineUtilsThread.
2023-08-31 10:24:20,982 [RatisPipelineUtilsThread - 0] INFO  pipeline.RatisPipelineProvider (RatisPipelineProvider.java:lambda$create$0(206)) - Sending CreatePipelineCommand for pipeline:PipelineID=ceb4425b-8dd4-480b-acc6-4072766c9a6d to datanode:faefdaa5-b95f-414d-83d1-b299fbae73bf
2023-08-31 10:24:20,984 [RatisPipelineUtilsThread - 0] INFO  pipeline.BackgroundPipelineCreator (BackgroundPipelineCreator.java:createPipelines(233)) - Created new pipeline Pipeline[ Id: ceb4425b-8dd4-480b-acc6-4072766c9a6d, Nodes: faefdaa5-b95f-414d-83d1-b299fbae73bf(fv-az304-998.1xzdsl11evde5oaqfphatm1hpa.cx.internal.cloudapp.net/10.1.0.16), ReplicationConfig: RATIS/ONE, State:ALLOCATED, leaderId:, CreationTimestamp2023-08-31T10:24:20.982Z[Etc/UTC]]
2023-08-31 10:24:21,004 [JUnit] INFO  ozone.MiniOzoneClusterImpl (MiniOzoneClusterImpl.java:lambda$waitForClusterToBeReady$0(224)) - Waiting for nodes to be ready. Got 2 of 5 DN Heartbeats.
2023-08-31 10:24:21,004 [JUnit] INFO  ozone.MiniOzoneClusterImpl (MiniOzoneClusterImpl.java:lambda$waitForClusterToBeReady$0(227)) - Waiting for cluster to exit safe mode
2023-08-31 10:24:21,004 [JUnit] INFO  ozone.MiniOzoneClusterImpl (MiniOzoneClusterImpl.java:lambda$waitForClusterToBeReady$0(229)) - SCM became leader
2023-08-31 10:24:21,397 [IPC Server handler 15 on default port 15002] INFO  net.NetworkTopologyImpl (NetworkTopologyImpl.java:add(112)) - Added a new node: /default-rack/d1449997-f54f-4a59-bd40-37f2c04f767d
2023-08-31 10:24:21,397 [IPC Server handler 15 on default port 15002] INFO  node.SCMNodeManager (SCMNodeManager.java:register(405)) - Registered Data node : d1449997-f54f-4a59-bd40-37f2c04f767d{ip: 10.1.0.16, host: fv-az304-998.1xzdsl11evde5oaqfphatm1hpa.cx.internal.cloudapp.net, ports: [HTTP=15027, CLIENT_RPC=15028, REPLICATION=15034, RATIS=15030, RATIS_ADMIN=15031, RATIS_SERVER=15032, RATIS_DATASTREAM=15033, STANDALONE=15029], networkLocation: /default-rack, certSerialId: null, persistedOpState: null, persistedOpStateExpiryEpochSec: 0}
2023-08-31 10:24:21,397 [EventQueue-NewNodeForNewNodeHandler] INFO  pipeline.BackgroundPipelineCreator (BackgroundPipelineCreator.java:notifyEventTriggered(277)) - trigger a one-shot run on RatisPipelineUtilsThread.
2023-08-31 10:24:21,398 [EventQueue-NodeRegistrationContainerReportForDataNodeSafeModeRule] INFO  safemode.SCMSafeModeManager (DataNodeSafeModeRule.java:process(71)) - SCM in safe mode. 3 DataNodes registered, 3 required.
2023-08-31 10:24:21,398 [EventQueue-NodeRegistrationContainerReportForDataNodeSafeModeRule] INFO  safemode.SCMSafeModeManager (SCMSafeModeManager.java:validateSafeModeExitRules(200)) - DataNodeSafeModeRule rule is successfully validated
2023-08-31 10:24:21,398 [EventQueue-NodeRegistrationContainerReportForDataNodeSafeModeRule] INFO  safemode.SCMSafeModeManager (SCMSafeModeManager.java:completePreCheck(229)) - All SCM safe mode pre check rules have passed
2023-08-31 10:24:21,398 [EventQueue-NodeRegistrationContainerReportForDataNodeSafeModeRule] INFO  ha.SCMContext (SCMContext.java:updateSafeModeStatus(228)) - Update SafeModeStatus from SafeModeStatus{safeModeStatus=true, preCheckPassed=false} to SafeModeStatus{safeModeStatus=true, preCheckPassed=true}.
2023-08-31 10:24:21,398 [EventQueue-NodeRegistrationContainerReportForDataNodeSafeModeRule] INFO  pipeline.BackgroundPipelineCreator (BackgroundPipelineCreator.java:notifyEventTriggered(277)) - trigger a one-shot run on RatisPipelineUtilsThread.
2023-08-31 10:24:21,399 [RatisPipelineUtilsThread - 0] INFO  pipeline.RatisPipelineProvider (RatisPipelineProvider.java:lambda$create$0(206)) - Sending CreatePipelineCommand for pipeline:PipelineID=41cb957b-1920-4244-8078-c4528ca7dbfc to datanode:d1449997-f54f-4a59-bd40-37f2c04f767d
2023-08-31 10:24:21,400 [RatisPipelineUtilsThread - 0] INFO  pipeline.BackgroundPipelineCreator (BackgroundPipelineCreator.java:createPipelines(233)) - Created new pipeline Pipeline[ Id: 41cb957b-1920-4244-8078-c4528ca7dbfc, Nodes: d1449997-f54f-4a59-bd40-37f2c04f767d(fv-az304-998.1xzdsl11evde5oaqfphatm1hpa.cx.internal.cloudapp.net/10.1.0.16), ReplicationConfig: RATIS/ONE, State:ALLOCATED, leaderId:, CreationTimestamp2023-08-31T10:24:21.399Z[Etc/UTC]]
2023-08-31 10:24:21,403 [RatisPipelineUtilsThread - 0] INFO  pipeline.RatisPipelineProvider (RatisPipelineProvider.java:lambda$create$0(206)) - Sending CreatePipelineCommand for pipeline:PipelineID=9812e624-c75b-4104-b510-f61243b0ed7e to datanode:faefdaa5-b95f-414d-83d1-b299fbae73bf
2023-08-31 10:24:21,403 [RatisPipelineUtilsThread - 0] INFO  pipeline.RatisPipelineProvider (RatisPipelineProvider.java:lambda$create$0(206)) - Sending CreatePipelineCommand for pipeline:PipelineID=9812e624-c75b-4104-b510-f61243b0ed7e to datanode:1e7dfa45-1203-43e6-a103-23c323d0a6d5
2023-08-31 10:24:21,403 [RatisPipelineUtilsThread - 0] INFO  pipeline.RatisPipelineProvider (RatisPipelineProvider.java:lambda$create$0(206)) - Sending CreatePipelineCommand for pipeline:PipelineID=9812e624-c75b-4104-b510-f61243b0ed7e to datanode:d1449997-f54f-4a59-bd40-37f2c04f767d
2023-08-31 10:24:21,404 [RatisPipelineUtilsThread - 0] INFO  pipeline.BackgroundPipelineCreator (BackgroundPipelineCreator.java:createPipelines(233)) - Created new pipeline Pipeline[ Id: 9812e624-c75b-4104-b510-f61243b0ed7e, Nodes: faefdaa5-b95f-414d-83d1-b299fbae73bf(fv-az304-998.1xzdsl11evde5oaqfphatm1hpa.cx.internal.cloudapp.net/10.1.0.16)1e7dfa45-1203-43e6-a103-23c323d0a6d5(fv-az304-998.1xzdsl11evde5oaqfphatm1hpa.cx.internal.cloudapp.net/10.1.0.16)d1449997-f54f-4a59-bd40-37f2c04f767d(fv-az304-998.1xzdsl11evde5oaqfphatm1hpa.cx.internal.cloudapp.net/10.1.0.16), ReplicationConfig: RATIS/THREE, State:ALLOCATED, leaderId:, CreationTimestamp2023-08-31T10:24:21.403Z[Etc/UTC]]
2023-08-31 10:24:21,405 [RatisPipelineUtilsThread - 0] INFO  pipeline.RatisPipelineProvider (RatisPipelineProvider.java:lambda$create$0(206)) - Sending CreatePipelineCommand for pipeline:PipelineID=f0ccd0f7-c47b-4664-a6dd-c4fd867aaeb2 to datanode:faefdaa5-b95f-414d-83d1-b299fbae73bf
2023-08-31 10:24:21,405 [RatisPipelineUtilsThread - 0] INFO  pipeline.RatisPipelineProvider (RatisPipelineProvider.java:lambda$create$0(206)) - Sending CreatePipelineCommand for pipeline:PipelineID=f0ccd0f7-c47b-4664-a6dd-c4fd867aaeb2 to datanode:1e7dfa45-1203-43e6-a103-23c323d0a6d5
2023-08-31 10:24:21,405 [RatisPipelineUtilsThread - 0] INFO  pipeline.RatisPipelineProvider (RatisPipelineProvider.java:lambda$create$0(206)) - Sending CreatePipelineCommand for pipeline:PipelineID=f0ccd0f7-c47b-4664-a6dd-c4fd867aaeb2 to datanode:d1449997-f54f-4a59-bd40-37f2c04f767d
2023-08-31 10:24:21,406 [RatisPipelineUtilsThread - 0] INFO  pipeline.PipelineManagerImpl (PipelineManagerImpl.java:recordMetricsForPipeline(914)) - Pipeline: PipelineID=f0ccd0f7-c47b-4664-a6dd-c4fd867aaeb2 contains same datanodes as previous pipelines: PipelineID=9812e624-c75b-4104-b510-f61243b0ed7e nodeIds: faefdaa5-b95f-414d-83d1-b299fbae73bf, 1e7dfa45-1203-43e6-a103-23c323d0a6d5, d1449997-f54f-4a59-bd40-37f2c04f767d
2023-08-31 10:24:21,406 [RatisPipelineUtilsThread - 0] INFO  pipeline.BackgroundPipelineCreator (BackgroundPipelineCreator.java:createPipelines(233)) - Created new pipeline Pipeline[ Id: f0ccd0f7-c47b-4664-a6dd-c4fd867aaeb2, Nodes: faefdaa5-b95f-414d-83d1-b299fbae73bf(fv-az304-998.1xzdsl11evde5oaqfphatm1hpa.cx.internal.cloudapp.net/10.1.0.16)1e7dfa45-1203-43e6-a103-23c323d0a6d5(fv-az304-998.1xzdsl11evde5oaqfphatm1hpa.cx.internal.cloudapp.net/10.1.0.16)d1449997-f54f-4a59-bd40-37f2c04f767d(fv-az304-998.1xzdsl11evde5oaqfphatm1hpa.cx.internal.cloudapp.net/10.1.0.16), ReplicationConfig: RATIS/THREE, State:ALLOCATED, leaderId:, CreationTimestamp2023-08-31T10:24:21.405Z[Etc/UTC]]
2023-08-31 10:24:21,728 [IPC Server handler 18 on default port 15002] INFO  net.NetworkTopologyImpl (NetworkTopologyImpl.java:add(112)) - Added a new node: /default-rack/b9af389b-3390-4a10-9bb5-d38911605174
2023-08-31 10:24:21,729 [IPC Server handler 18 on default port 15002] INFO  node.SCMNodeManager (SCMNodeManager.java:register(405)) - Registered Data node : b9af389b-3390-4a10-9bb5-d38911605174{ip: 10.1.0.16, host: fv-az304-998.1xzdsl11evde5oaqfphatm1hpa.cx.internal.cloudapp.net, ports: [HTTP=15036, CLIENT_RPC=15037, REPLICATION=15043, RATIS=15039, RATIS_ADMIN=15040, RATIS_SERVER=15041, RATIS_DATASTREAM=15042, STANDALONE=15038], networkLocation: /default-rack, certSerialId: null, persistedOpState: null, persistedOpStateExpiryEpochSec: 0}
2023-08-31 10:24:21,729 [EventQueue-NewNodeForNewNodeHandler] INFO  pipeline.BackgroundPipelineCreator (BackgroundPipelineCreator.java:notifyEventTriggered(277)) - trigger a one-shot run on RatisPipelineUtilsThread.
2023-08-31 10:24:21,730 [RatisPipelineUtilsThread - 0] INFO  pipeline.RatisPipelineProvider (RatisPipelineProvider.java:lambda$create$0(206)) - Sending CreatePipelineCommand for pipeline:PipelineID=a6a68664-62e1-4b7c-8048-a64fdfdcbb42 to datanode:b9af389b-3390-4a10-9bb5-d38911605174
2023-08-31 10:24:21,732 [RatisPipelineUtilsThread - 0] INFO  pipeline.BackgroundPipelineCreator (BackgroundPipelineCreator.java:createPipelines(233)) - Created new pipeline Pipeline[ Id: a6a68664-62e1-4b7c-8048-a64fdfdcbb42, Nodes: b9af389b-3390-4a10-9bb5-d38911605174(fv-az304-998.1xzdsl11evde5oaqfphatm1hpa.cx.internal.cloudapp.net/10.1.0.16), ReplicationConfig: RATIS/ONE, State:ALLOCATED, leaderId:, CreationTimestamp2023-08-31T10:24:21.730Z[Etc/UTC]]
2023-08-31 10:24:22,005 [JUnit] INFO  ozone.MiniOzoneClusterImpl (MiniOzoneClusterImpl.java:lambda$waitForClusterToBeReady$0(224)) - Waiting for nodes to be ready. Got 4 of 5 DN Heartbeats.
2023-08-31 10:24:22,005 [JUnit] INFO  ozone.MiniOzoneClusterImpl (MiniOzoneClusterImpl.java:lambda$waitForClusterToBeReady$0(227)) - Waiting for cluster to exit safe mode
2023-08-31 10:24:22,005 [JUnit] INFO  ozone.MiniOzoneClusterImpl (MiniOzoneClusterImpl.java:lambda$waitForClusterToBeReady$0(229)) - SCM became leader
2023-08-31 10:24:22,008 [IPC Server handler 15 on default port 15002] INFO  net.NetworkTopologyImpl (NetworkTopologyImpl.java:add(112)) - Added a new node: /default-rack/8aeac973-d988-4477-a868-52c3b0be344f
2023-08-31 10:24:22,008 [IPC Server handler 15 on default port 15002] INFO  node.SCMNodeManager (SCMNodeManager.java:register(405)) - Registered Data node : 8aeac973-d988-4477-a868-52c3b0be344f{ip: 10.1.0.16, host: fv-az304-998.1xzdsl11evde5oaqfphatm1hpa.cx.internal.cloudapp.net, ports: [HTTP=15045, CLIENT_RPC=15046, REPLICATION=15052, RATIS=15048, RATIS_ADMIN=15049, RATIS_SERVER=15050, RATIS_DATASTREAM=15051, STANDALONE=15047], networkLocation: /default-rack, certSerialId: null, persistedOpState: null, persistedOpStateExpiryEpochSec: 0}
2023-08-31 10:24:22,008 [EventQueue-NewNodeForNewNodeHandler] INFO  pipeline.BackgroundPipelineCreator (BackgroundPipelineCreator.java:notifyEventTriggered(277)) - trigger a one-shot run on RatisPipelineUtilsThread.
2023-08-31 10:24:22,009 [RatisPipelineUtilsThread - 0] INFO  pipeline.RatisPipelineProvider (RatisPipelineProvider.java:lambda$create$0(206)) - Sending CreatePipelineCommand for pipeline:PipelineID=83c4afe8-7a9f-4693-a480-066749dcee18 to datanode:8aeac973-d988-4477-a868-52c3b0be344f
2023-08-31 10:24:22,011 [RatisPipelineUtilsThread - 0] INFO  pipeline.BackgroundPipelineCreator (BackgroundPipelineCreator.java:createPipelines(233)) - Created new pipeline Pipeline[ Id: 83c4afe8-7a9f-4693-a480-066749dcee18, Nodes: 8aeac973-d988-4477-a868-52c3b0be344f(fv-az304-998.1xzdsl11evde5oaqfphatm1hpa.cx.internal.cloudapp.net/10.1.0.16), ReplicationConfig: RATIS/ONE, State:ALLOCATED, leaderId:, CreationTimestamp2023-08-31T10:24:22.009Z[Etc/UTC]]
2023-08-31 10:24:23,005 [JUnit] INFO  ozone.MiniOzoneClusterImpl (MiniOzoneClusterImpl.java:lambda$waitForClusterToBeReady$0(224)) - Nodes are ready. Got 5 of 5 DN Heartbeats.
2023-08-31 10:24:23,005 [JUnit] INFO  ozone.MiniOzoneClusterImpl (MiniOzoneClusterImpl.java:lambda$waitForClusterToBeReady$0(227)) - Waiting for cluster to exit safe mode
2023-08-31 10:24:23,005 [JUnit] INFO  ozone.MiniOzoneClusterImpl (MiniOzoneClusterImpl.java:lambda$waitForClusterToBeReady$0(229)) - SCM became leader
2023-08-31 10:24:23,600 [PipelineCommandHandlerThread-0] INFO  server.RaftServer (RaftServerProxy.java:addNew(98)) - 1e7dfa45-1203-43e6-a103-23c323d0a6d5: addNew group-7A527C6A9FAD:[1e7dfa45-1203-43e6-a103-23c323d0a6d5|rpc:10.1.0.16:15014|admin:10.1.0.16:15013|client:10.1.0.16:15012|dataStream:10.1.0.16:15015|priority:1|startupRole:FOLLOWER] returns group-7A527C6A9FAD:java.util.concurrent.CompletableFuture@3f419c7e[Not completed]
2023-08-31 10:24:23,610 [1e7dfa45-1203-43e6-a103-23c323d0a6d5-groupManagement] INFO  server.RaftServer$Division (RaftServerImpl.java:<init>(198)) - 1e7dfa45-1203-43e6-a103-23c323d0a6d5: new RaftServerImpl for group-7A527C6A9FAD:[1e7dfa45-1203-43e6-a103-23c323d0a6d5|rpc:10.1.0.16:15014|admin:10.1.0.16:15013|client:10.1.0.16:15012|dataStream:10.1.0.16:15015|priority:1|startupRole:FOLLOWER] with ContainerStateMachine:uninitialized
2023-08-31 10:24:23,610 [1e7dfa45-1203-43e6-a103-23c323d0a6d5-groupManagement] INFO  server.RaftServerConfigKeys (ConfUtils.java:logGet(46)) - raft.server.rpc.timeout.min = 5s (custom)
2023-08-31 10:24:23,610 [1e7dfa45-1203-43e6-a103-23c323d0a6d5-groupManagement] INFO  server.RaftServerConfigKeys (ConfUtils.java:logGet(46)) - raft.server.rpc.timeout.max = 5200ms (custom)
2023-08-31 10:24:23,610 [1e7dfa45-1203-43e6-a103-23c323d0a6d5-groupManagement] INFO  server.RaftServerConfigKeys (ConfUtils.java:logGet(46)) - raft.server.rpc.sleep.time = 25ms (default)
2023-08-31 10:24:23,610 [1e7dfa45-1203-43e6-a103-23c323d0a6d5-groupManagement] INFO  server.RaftServerConfigKeys (ConfUtils.java:logGet(46)) - raft.server.rpc.slowness.timeout = 300000ms (custom)
2023-08-31 10:24:23,610 [1e7dfa45-1203-43e6-a103-23c323d0a6d5-groupManagement] INFO  server.RaftServerConfigKeys (ConfUtils.java:logGet(46)) - raft.server.leaderelection.leader.step-down.wait-time = 10s (default)
2023-08-31 10:24:23,610 [1e7dfa45-1203-43e6-a103-23c323d0a6d5-groupManagement] INFO  server.RaftServerConfigKeys (ConfUtils.java:logGet(46)) - raft.server.sleep.deviation.threshold = 300ms (default)
2023-08-31 10:24:23,610 [1e7dfa45-1203-43e6-a103-23c323d0a6d5-groupManagement] INFO  server.RaftServer$Division (ServerState.java:<init>(120)) - 1e7dfa45-1203-43e6-a103-23c323d0a6d5@group-7A527C6A9FAD: ConfigurationManager, init=-1: peers:[1e7dfa45-1203-43e6-a103-23c323d0a6d5|rpc:10.1.0.16:15014|admin:10.1.0.16:15013|client:10.1.0.16:15012|dataStream:10.1.0.16:15015|priority:1|startupRole:FOLLOWER]|listeners:[], old=null, confs=<EMPTY_MAP>
2023-08-31 10:24:23,610 [1e7dfa45-1203-43e6-a103-23c323d0a6d5-groupManagement] INFO  server.RaftServerConfigKeys (ConfUtils.java:logGet(46)) - raft.server.storage.dir = [/home/runner/work/ozone/ozone/hadoop-ozone/integration-test/target/test-dir/MiniOzoneClusterImpl-40ccb4ce-9e5f-48d9-b45c-9251314ec7cc/datanode-0/data/ratis] (custom)
2023-08-31 10:24:23,610 [1e7dfa45-1203-43e6-a103-23c323d0a6d5-groupManagement] INFO  server.RaftServerConfigKeys (ConfUtils.java:logGet(46)) - raft.server.log.corruption.policy = EXCEPTION (default)
2023-08-31 10:24:23,610 [1e7dfa45-1203-43e6-a103-23c323d0a6d5-groupManagement] INFO  server.RaftServerConfigKeys (ConfUtils.java:logGet(46)) - raft.server.storage.free-space.min = 0MB (=0) (default)
2023-08-31 10:24:23,611 [1e7dfa45-1203-43e6-a103-23c323d0a6d5-groupManagement] INFO  server.RaftServerConfigKeys (ConfUtils.java:logGet(46)) - raft.server.notification.no-leader.timeout = 300000ms (custom)
2023-08-31 10:24:23,611 [1e7dfa45-1203-43e6-a103-23c323d0a6d5-groupManagement] INFO  server.RaftServerConfigKeys (ConfUtils.java:logGet(46)) - raft.server.read.timeout = 10s (default)
2023-08-31 10:24:23,611 [1e7dfa45-1203-43e6-a103-23c323d0a6d5-groupManagement] INFO  server.RaftServerConfigKeys (ConfUtils.java:logGet(46)) - raft.server.retrycache.expirytime = 600000ms (custom)
2023-08-31 10:24:23,611 [1e7dfa45-1203-43e6-a103-23c323d0a6d5-groupManagement] INFO  server.RaftServerConfigKeys (ConfUtils.java:logGet(46)) - raft.server.retrycache.statistics.expirytime = 100μs (default)
2023-08-31 10:24:23,611 [1e7dfa45-1203-43e6-a103-23c323d0a6d5-groupManagement] INFO  server.RaftServerConfigKeys (ConfUtils.java:logGet(46)) - raft.server.read.option = DEFAULT (default)
2023-08-31 10:24:23,613 [1e7dfa45-1203-43e6-a103-23c323d0a6d5-groupManagement] INFO  server.RaftServerConfigKeys (ConfUtils.java:logGet(46)) - raft.server.rpc.request.timeout = 3000ms (default)
2023-08-31 10:24:23,613 [1e7dfa45-1203-43e6-a103-23c323d0a6d5-groupManagement] INFO  server.RaftServerConfigKeys (ConfUtils.java:logGet(46)) - raft.server.log.appender.install.snapshot.enabled = false (custom)
2023-08-31 10:24:23,613 [1e7dfa45-1203-43e6-a103-23c323d0a6d5-groupManagement] INFO  server.RaftServerConfigKeys (ConfUtils.java:logGet(46)) - raft.server.threadpool.server.cached = true (default)
2023-08-31 10:24:23,613 [1e7dfa45-1203-43e6-a103-23c323d0a6d5-groupManagement] INFO  server.RaftServerConfigKeys (ConfUtils.java:logGet(46)) - raft.server.threadpool.server.size = 0 (default)
2023-08-31 10:24:23,613 [1e7dfa45-1203-43e6-a103-23c323d0a6d5-groupManagement] INFO  server.RaftServerConfigKeys (ConfUtils.java:logGet(46)) - raft.server.threadpool.client.cached = true (default)
2023-08-31 10:24:23,613 [1e7dfa45-1203-43e6-a103-23c323d0a6d5-groupManagement] INFO  server.RaftServerConfigKeys (ConfUtils.java:logGet(46)) - raft.server.threadpool.client.size = 0 (default)
2023-08-31 10:24:23,613 [1e7dfa45-1203-43e6-a103-23c323d0a6d5-groupManagement] INFO  storage.RaftStorageDirectory (RaftStorageDirectoryImpl.java:analyzeStorage(137)) - The storage directory /home/runner/work/ozone/ozone/hadoop-ozone/integration-test/target/test-dir/MiniOzoneClusterImpl-40ccb4ce-9e5f-48d9-b45c-9251314ec7cc/datanode-0/data/ratis/4e3cfdcf-7352-4177-8f6b-7a527c6a9fad does not exist. Creating ...
2023-08-31 10:24:23,615 [1e7dfa45-1203-43e6-a103-23c323d0a6d5-groupManagement] INFO  storage.RaftStorageDirectory (RaftStorageDirectoryImpl.java:tryLock(231)) - Lock on /home/runner/work/ozone/ozone/hadoop-ozone/integration-test/target/test-dir/MiniOzoneClusterImpl-40ccb4ce-9e5f-48d9-b45c-9251314ec7cc/datanode-0/data/ratis/4e3cfdcf-7352-4177-8f6b-7a527c6a9fad/in_use.lock acquired by nodename 34453@fv-az304-998
2023-08-31 10:24:23,618 [1e7dfa45-1203-43e6-a103-23c323d0a6d5-groupManagement] INFO  storage.RaftStorage (RaftStorageImpl.java:format(96)) - Storage directory /home/runner/work/ozone/ozone/hadoop-ozone/integration-test/target/test-dir/MiniOzoneClusterImpl-40ccb4ce-9e5f-48d9-b45c-9251314ec7cc/datanode-0/data/ratis/4e3cfdcf-7352-4177-8f6b-7a527c6a9fad has been successfully formatted.
2023-08-31 10:24:23,624 [1e7dfa45-1203-43e6-a103-23c323d0a6d5-groupManagement] INFO  ratis.ContainerStateMachine (ContainerStateMachine.java:loadSnapshot(262)) - group-7A527C6A9FAD: The snapshot info is null. Setting the last applied indexto:(t:0, i:~)
2023-08-31 10:24:23,624 [1e7dfa45-1203-43e6-a103-23c323d0a6d5-groupManagement] INFO  server.RaftServerConfigKeys (ConfUtils.java:logGet(46)) - raft.server.log.use.memory = false (default)
2023-08-31 10:24:23,624 [1e7dfa45-1203-43e6-a103-23c323d0a6d5-groupManagement] INFO  server.RaftServerConfigKeys (ConfUtils.java:logGet(46)) - raft.server.log.purge.gap = 1000000 (custom)
2023-08-31 10:24:23,624 [1e7dfa45-1203-43e6-a103-23c323d0a6d5-groupManagement] INFO  server.RaftServerConfigKeys (ConfUtils.java:logGet(46)) - raft.server.log.appender.buffer.byte-limit = 33554432 (custom)
2023-08-31 10:24:23,624 [1e7dfa45-1203-43e6-a103-23c323d0a6d5-groupManagement] INFO  server.RaftServerConfigKeys (ConfUtils.java:logGet(46)) - raft.server.log.statemachine.data.read.timeout = 1000ms (default)
2023-08-31 10:24:23,624 [1e7dfa45-1203-43e6-a103-23c323d0a6d5-groupManagement] INFO  server.RaftServerConfigKeys (ConfUtils.java:logGet(46)) - raft.server.log.purge.preservation.log.num = 0 (default)
2023-08-31 10:24:23,631 [1e7dfa45-1203-43e6-a103-23c323d0a6d5-groupManagement] INFO  server.RaftServerConfigKeys (ConfUtils.java:logGet(46)) - raft.server.log.segment.size.max = 1048576 (custom)
2023-08-31 10:24:23,632 [1e7dfa45-1203-43e6-a103-23c323d0a6d5-groupManagement] INFO  server.RaftServerConfigKeys (ConfUtils.java:logGet(46)) - raft.server.log.segment.cache.num.max = 2 (custom)
2023-08-31 10:24:23,632 [1e7dfa45-1203-43e6-a103-23c323d0a6d5-groupManagement] INFO  server.RaftServerConfigKeys (ConfUtils.java:logGet(46)) - raft.server.log.segment.cache.size.max = 200MB (=209715200) (default)
2023-08-31 10:24:23,632 [1e7dfa45-1203-43e6-a103-23c323d0a6d5-groupManagement] INFO  server.RaftServerConfigKeys (ConfUtils.java:logGet(46)) - raft.server.log.appender.buffer.byte-limit = 33554432 (custom)
2023-08-31 10:24:23,632 [1e7dfa45-1203-43e6-a103-23c323d0a6d5-groupManagement] INFO  segmented.SegmentedRaftLogWorker (SegmentedRaftLogWorker.java:<init>(188)) - new 1e7dfa45-1203-43e6-a103-23c323d0a6d5@group-7A527C6A9FAD-SegmentedRaftLogWorker for RaftStorageImpl:Storage Directory /home/runner/work/ozone/ozone/hadoop-ozone/integration-test/target/test-dir/MiniOzoneClusterImpl-40ccb4ce-9e5f-48d9-b45c-9251314ec7cc/datanode-0/data/ratis/4e3cfdcf-7352-4177-8f6b-7a527c6a9fad
2023-08-31 10:24:23,632 [1e7dfa45-1203-43e6-a103-23c323d0a6d5-groupManagement] INFO  server.RaftServerConfigKeys (ConfUtils.java:logGet(46)) - raft.server.log.queue.byte-limit = 4294967296 (custom)
2023-08-31 10:24:23,632 [1e7dfa45-1203-43e6-a103-23c323d0a6d5-groupManagement] INFO  server.RaftServerConfigKeys (ConfUtils.java:logGet(46)) - raft.server.log.queue.element-limit = 1024 (custom)
2023-08-31 10:24:23,632 [1e7dfa45-1203-43e6-a103-23c323d0a6d5-groupManagement] INFO  server.RaftServerConfigKeys (ConfUtils.java:logGet(46)) - raft.server.log.segment.size.max = 1048576 (custom)
2023-08-31 10:24:23,632 [1e7dfa45-1203-43e6-a103-23c323d0a6d5-groupManagement] INFO  server.RaftServerConfigKeys (ConfUtils.java:logGet(46)) - raft.server.log.preallocated.size = 16384 (custom)
2023-08-31 10:24:23,632 [1e7dfa45-1203-43e6-a103-23c323d0a6d5-groupManagement] INFO  server.RaftServerConfigKeys (ConfUtils.java:logGet(46)) - raft.server.log.force.sync.num = 128 (default)
2023-08-31 10:24:23,633 [1e7dfa45-1203-43e6-a103-23c323d0a6d5-groupManagement] INFO  server.RaftServerConfigKeys (ConfUtils.java:logGet(46)) - raft.server.log.statemachine.data.sync = true (default)
2023-08-31 10:24:23,633 [1e7dfa45-1203-43e6-a103-23c323d0a6d5-groupManagement] INFO  server.RaftServerConfigKeys (ConfUtils.java:logGet(46)) - raft.server.log.statemachine.data.sync.timeout = 10s (default)
2023-08-31 10:24:23,633 [1e7dfa45-1203-43e6-a103-23c323d0a6d5-groupManagement] INFO  server.RaftServerConfigKeys (ConfUtils.java:logGet(46)) - raft.server.log.statemachine.data.sync.timeout.retry = -1 (default)
2023-08-31 10:24:23,634 [1e7dfa45-1203-43e6-a103-23c323d0a6d5-groupManagement] INFO  server.RaftServerConfigKeys (ConfUtils.java:logGet(46)) - raft.server.log.write.buffer.size = 1048576 (custom)
2023-08-31 10:24:23,635 [1e7dfa45-1203-43e6-a103-23c323d0a6d5-groupManagement] INFO  server.RaftServerConfigKeys (ConfUtils.java:logGet(46)) - raft.server.log.appender.buffer.byte-limit = 33554432 (custom)
2023-08-31 10:24:23,637 [1e7dfa45-1203-43e6-a103-23c323d0a6d5-groupManagement] INFO  server.RaftServerConfigKeys (ConfUtils.java:logGet(46)) - raft.server.log.unsafe-flush.enabled = false (default)
2023-08-31 10:24:23,637 [1e7dfa45-1203-43e6-a103-23c323d0a6d5-groupManagement] INFO  server.RaftServerConfigKeys (ConfUtils.java:logGet(46)) - raft.server.log.async-flush.enabled = false (default)
2023-08-31 10:24:23,637 [1e7dfa45-1203-43e6-a103-23c323d0a6d5-groupManagement] INFO  server.RaftServerConfigKeys (ConfUtils.java:logGet(46)) - raft.server.log.statemachine.data.caching.enabled = true (custom)
2023-08-31 10:24:23,638 [1e7dfa45-1203-43e6-a103-23c323d0a6d5-groupManagement] INFO  segmented.SegmentedRaftLogWorker (SegmentedRaftLogWorker.java:lambda$new$0(135)) - 1e7dfa45-1203-43e6-a103-23c323d0a6d5@group-7A527C6A9FAD-SegmentedRaftLogWorker: flushIndex: setUnconditionally 0 -> -1
2023-08-31 10:24:23,638 [1e7dfa45-1203-43e6-a103-23c323d0a6d5-groupManagement] INFO  segmented.SegmentedRaftLogWorker (SegmentedRaftLogWorker.java:lambda$new$0(135)) - 1e7dfa45-1203-43e6-a103-23c323d0a6d5@group-7A527C6A9FAD-SegmentedRaftLogWorker: safeCacheEvictIndex: setUnconditionally 0 -> -1
2023-08-31 10:24:23,645 [EventQueue-PipelineReportForPipelineReportHandler] INFO  pipeline.PipelineReportHandler (PipelineReportHandler.java:processPipelineReport(136)) - Opened pipeline PipelineID=4e3cfdcf-7352-4177-8f6b-7a527c6a9fad
2023-08-31 10:24:23,646 [1e7dfa45-1203-43e6-a103-23c323d0a6d5-groupManagement] INFO  server.RaftServer$Division (RaftServerImpl.java:start(342)) - 1e7dfa45-1203-43e6-a103-23c323d0a6d5@group-7A527C6A9FAD: start as a follower, conf=-1: peers:[1e7dfa45-1203-43e6-a103-23c323d0a6d5|rpc:10.1.0.16:15014|admin:10.1.0.16:15013|client:10.1.0.16:15012|dataStream:10.1.0.16:15015|priority:1|startupRole:FOLLOWER]|listeners:[], old=null
2023-08-31 10:24:23,646 [1e7dfa45-1203-43e6-a103-23c323d0a6d5-groupManagement] INFO  server.RaftServer$Division (RaftServerImpl.java:setRole(329)) - 1e7dfa45-1203-43e6-a103-23c323d0a6d5@group-7A527C6A9FAD: changes role from      null to FOLLOWER at term 0 for startAsFollower
2023-08-31 10:24:23,646 [1e7dfa45-1203-43e6-a103-23c323d0a6d5-groupManagement] INFO  impl.RoleInfo (RoleInfo.java:updateAndGet(139)) - 1e7dfa45-1203-43e6-a103-23c323d0a6d5: start 1e7dfa45-1203-43e6-a103-23c323d0a6d5@group-7A527C6A9FAD-FollowerState
2023-08-31 10:24:23,647 [EventQueue-OpenPipelineForHealthyPipelineSafeModeRule] INFO  safemode.SCMSafeModeManager (HealthyPipelineSafeModeRule.java:process(137)) - SCM in safe mode. Healthy pipelines reported count is 0, required healthy pipeline reported count is 1
2023-08-31 10:24:23,647 [1e7dfa45-1203-43e6-a103-23c323d0a6d5-groupManagement] INFO  util.JmxRegister (JmxRegister.java:tryRegister(44)) - Successfully registered JMX Bean with object name Ratis:service=RaftServer,group=group-7A527C6A9FAD,id=1e7dfa45-1203-43e6-a103-23c323d0a6d5
2023-08-31 10:24:23,647 [1e7dfa45-1203-43e6-a103-23c323d0a6d5-groupManagement] INFO  server.RaftServerConfigKeys (ConfUtils.java:logGet(46)) - raft.server.snapshot.auto.trigger.enabled = true (custom)
2023-08-31 10:24:23,647 [1e7dfa45-1203-43e6-a103-23c323d0a6d5-groupManagement] INFO  server.RaftServerConfigKeys (ConfUtils.java:logGet(46)) - raft.server.snapshot.auto.trigger.threshold = 10000 (custom)
2023-08-31 10:24:23,647 [1e7dfa45-1203-43e6-a103-23c323d0a6d5-groupManagement] INFO  server.RaftServerConfigKeys (ConfUtils.java:logGet(46)) - raft.server.snapshot.retention.file.num = 5 (custom)
2023-08-31 10:24:23,647 [1e7dfa45-1203-43e6-a103-23c323d0a6d5-groupManagement] INFO  server.RaftServerConfigKeys (ConfUtils.java:logGet(46)) - raft.server.log.purge.upto.snapshot.index = false (default)
2023-08-31 10:24:23,649 [1e7dfa45-1203-43e6-a103-23c323d0a6d5@group-7A527C6A9FAD-FollowerState] INFO  server.RaftServerConfigKeys (ConfUtils.java:logFallback(53)) - raft.server.rpc.first-election.timeout.min = 5s (fallback to raft.server.rpc.timeout.min)
2023-08-31 10:24:23,649 [1e7dfa45-1203-43e6-a103-23c323d0a6d5@group-7A527C6A9FAD-FollowerState] INFO  server.RaftServerConfigKeys (ConfUtils.java:logFallback(53)) - raft.server.rpc.first-election.timeout.max = 5200ms (fallback to raft.server.rpc.timeout.max)
2023-08-31 10:24:23,654 [PipelineCommandHandlerThread-0] INFO  ratis.XceiverServerRatis (XceiverServerRatis.java:addGroup(804)) - Created group PipelineID=4e3cfdcf-7352-4177-8f6b-7a527c6a9fad
2023-08-31 10:24:23,655 [PipelineCommandHandlerThread-0] INFO  commandhandler.CreatePipelineCommandHandler (CreatePipelineCommandHandler.java:lambda$handle$2(124)) - Created Pipeline RATIS ONE PipelineID=4e3cfdcf-7352-4177-8f6b-7a527c6a9fad.
2023-08-31 10:24:23,655 [PipelineCommandHandlerThread-0] INFO  server.RaftServer (RaftServerProxy.java:addNew(98)) - 1e7dfa45-1203-43e6-a103-23c323d0a6d5: addNew group-F61243B0ED7E:[1e7dfa45-1203-43e6-a103-23c323d0a6d5|rpc:10.1.0.16:15014|admin:10.1.0.16:15013|client:10.1.0.16:15012|dataStream:10.1.0.16:15015|priority:0|startupRole:FOLLOWER, faefdaa5-b95f-414d-83d1-b299fbae73bf|rpc:10.1.0.16:15023|admin:10.1.0.16:15022|client:10.1.0.16:15021|dataStream:10.1.0.16:15024|priority:1|startupRole:FOLLOWER, d1449997-f54f-4a59-bd40-37f2c04f767d|rpc:10.1.0.16:15032|admin:10.1.0.16:15031|client:10.1.0.16:15030|dataStream:10.1.0.16:15033|priority:0|startupRole:FOLLOWER] returns group-F61243B0ED7E:java.util.concurrent.CompletableFuture@592099e[Not completed]
2023-08-31 10:24:23,659 [1e7dfa45-1203-43e6-a103-23c323d0a6d5-groupManagement] INFO  server.RaftServer$Division (RaftServerImpl.java:<init>(198)) - 1e7dfa45-1203-43e6-a103-23c323d0a6d5: new RaftServerImpl for group-F61243B0ED7E:[1e7dfa45-1203-43e6-a103-23c323d0a6d5|rpc:10.1.0.16:15014|admin:10.1.0.16:15013|client:10.1.0.16:15012|dataStream:10.1.0.16:15015|priority:0|startupRole:FOLLOWER, faefdaa5-b95f-414d-83d1-b299fbae73bf|rpc:10.1.0.16:15023|admin:10.1.0.16:15022|client:10.1.0.16:15021|dataStream:10.1.0.16:15024|priority:1|startupRole:FOLLOWER, d1449997-f54f-4a59-bd40-37f2c04f767d|rpc:10.1.0.16:15032|admin:10.1.0.16:15031|client:10.1.0.16:15030|dataStream:10.1.0.16:15033|priority:0|startupRole:FOLLOWER] with ContainerStateMachine:uninitialized
2023-08-31 10:24:23,659 [1e7dfa45-1203-43e6-a103-23c323d0a6d5-groupManagement] INFO  server.RaftServerConfigKeys (ConfUtils.java:logGet(46)) - raft.server.rpc.timeout.min = 5s (custom)
2023-08-31 10:24:23,659 [1e7dfa45-1203-43e6-a103-23c323d0a6d5-groupManagement] INFO  server.RaftServerConfigKeys (ConfUtils.java:logGet(46)) - raft.server.rpc.timeout.max = 5200ms (custom)
2023-08-31 10:24:23,659 [1e7dfa45-1203-43e6-a103-23c323d0a6d5-groupManagement] INFO  server.RaftServerConfigKeys (ConfUtils.java:logGet(46)) - raft.server.rpc.sleep.time = 25ms (default)
2023-08-31 10:24:23,659 [1e7dfa45-1203-43e6-a103-23c323d0a6d5-groupManagement] INFO  server.RaftServerConfigKeys (ConfUtils.java:logGet(46)) - raft.server.rpc.slowness.timeout = 300000ms (custom)
2023-08-31 10:24:23,660 [1e7dfa45-1203-43e6-a103-23c323d0a6d5-groupManagement] INFO  server.RaftServerConfigKeys (ConfUtils.java:logGet(46)) - raft.server.leaderelection.leader.step-down.wait-time = 10s (default)
2023-08-31 10:24:23,660 [1e7dfa45-1203-43e6-a103-23c323d0a6d5-groupManagement] INFO  server.RaftServerConfigKeys (ConfUtils.java:logGet(46)) - raft.server.sleep.deviation.threshold = 300ms (default)
2023-08-31 10:24:23,660 [1e7dfa45-1203-43e6-a103-23c323d0a6d5-groupManagement] INFO  server.RaftServer$Division (ServerState.java:<init>(120)) - 1e7dfa45-1203-43e6-a103-23c323d0a6d5@group-F61243B0ED7E: ConfigurationManager, init=-1: peers:[1e7dfa45-1203-43e6-a103-23c323d0a6d5|rpc:10.1.0.16:15014|admin:10.1.0.16:15013|client:10.1.0.16:15012|dataStream:10.1.0.16:15015|priority:0|startupRole:FOLLOWER, faefdaa5-b95f-414d-83d1-b299fbae73bf|rpc:10.1.0.16:15023|admin:10.1.0.16:15022|client:10.1.0.16:15021|dataStream:10.1.0.16:15024|priority:1|startupRole:FOLLOWER, d1449997-f54f-4a59-bd40-37f2c04f767d|rpc:10.1.0.16:15032|admin:10.1.0.16:15031|client:10.1.0.16:15030|dataStream:10.1.0.16:15033|priority:0|startupRole:FOLLOWER]|listeners:[], old=null, confs=<EMPTY_MAP>
2023-08-31 10:24:23,660 [1e7dfa45-1203-43e6-a103-23c323d0a6d5-groupManagement] INFO  server.RaftServerConfigKeys (ConfUtils.java:logGet(46)) - raft.server.storage.dir = [/home/runner/work/ozone/ozone/hadoop-ozone/integration-test/target/test-dir/MiniOzoneClusterImpl-40ccb4ce-9e5f-48d9-b45c-9251314ec7cc/datanode-0/data/ratis] (custom)
2023-08-31 10:24:23,660 [1e7dfa45-1203-43e6-a103-23c323d0a6d5-groupManagement] INFO  server.RaftServerConfigKeys (ConfUtils.java:logGet(46)) - raft.server.log.corruption.policy = EXCEPTION (default)
2023-08-31 10:24:23,660 [1e7dfa45-1203-43e6-a103-23c323d0a6d5-groupManagement] INFO  server.RaftServerConfigKeys (ConfUtils.java:logGet(46)) - raft.server.storage.free-space.min = 0MB (=0) (default)
2023-08-31 10:24:23,661 [1e7dfa45-1203-43e6-a103-23c323d0a6d5-groupManagement] INFO  server.RaftServerConfigKeys (ConfUtils.java:logGet(46)) - raft.server.notification.no-leader.timeout = 300000ms (custom)
2023-08-31 10:24:23,661 [1e7dfa45-1203-43e6-a103-23c323d0a6d5-groupManagement] INFO  server.RaftServerConfigKeys (ConfUtils.java:logGet(46)) - raft.server.read.timeout = 10s (default)
2023-08-31 10:24:23,661 [1e7dfa45-1203-43e6-a103-23c323d0a6d5-groupManagement] INFO  server.RaftServerConfigKeys (ConfUtils.java:logGet(46)) - raft.server.retrycache.expirytime = 600000ms (custom)
2023-08-31 10:24:23,661 [1e7dfa45-1203-43e6-a103-23c323d0a6d5-groupManagement] INFO  server.RaftServerConfigKeys (ConfUtils.java:logGet(46)) - raft.server.retrycache.statistics.expirytime = 100μs (default)
2023-08-31 10:24:23,661 [1e7dfa45-1203-43e6-a103-23c323d0a6d5-groupManagement] INFO  server.RaftServerConfigKeys (ConfUtils.java:logGet(46)) - raft.server.read.option = DEFAULT (default)
2023-08-31 10:24:23,669 [1e7dfa45-1203-43e6-a103-23c323d0a6d5-groupManagement] INFO  server.RaftServerConfigKeys (ConfUtils.java:logGet(46)) - raft.server.rpc.request.timeout = 3000ms (default)
2023-08-31 10:24:23,669 [1e7dfa45-1203-43e6-a103-23c323d0a6d5-groupManagement] INFO  server.RaftServerConfigKeys (ConfUtils.java:logGet(46)) - raft.server.log.appender.install.snapshot.enabled = false (custom)
2023-08-31 10:24:23,669 [1e7dfa45-1203-43e6-a103-23c323d0a6d5-groupManagement] INFO  server.RaftServerConfigKeys (ConfUtils.java:logGet(46)) - raft.server.threadpool.server.cached = true (default)
2023-08-31 10:24:23,669 [1e7dfa45-1203-43e6-a103-23c323d0a6d5-groupManagement] INFO  server.RaftServerConfigKeys (ConfUtils.java:logGet(46)) - raft.server.threadpool.server.size = 0 (default)
2023-08-31 10:24:23,669 [1e7dfa45-1203-43e6-a103-23c323d0a6d5-groupManagement] INFO  server.RaftServerConfigKeys (ConfUtils.java:logGet(46)) - raft.server.threadpool.client.cached = true (default)
2023-08-31 10:24:23,669 [1e7dfa45-1203-43e6-a103-23c323d0a6d5-groupManagement] INFO  server.RaftServerConfigKeys (ConfUtils.java:logGet(46)) - raft.server.threadpool.client.size = 0 (default)
2023-08-31 10:24:23,670 [1e7dfa45-1203-43e6-a103-23c323d0a6d5-groupManagement] INFO  storage.RaftStorageDirectory (RaftStorageDirectoryImpl.java:analyzeStorage(137)) - The storage directory /home/runner/work/ozone/ozone/hadoop-ozone/integration-test/target/test-dir/MiniOzoneClusterImpl-40ccb4ce-9e5f-48d9-b45c-9251314ec7cc/datanode-0/data/ratis/9812e624-c75b-4104-b510-f61243b0ed7e does not exist. Creating ...
2023-08-31 10:24:23,671 [1e7dfa45-1203-43e6-a103-23c323d0a6d5-groupManagement] INFO  storage.RaftStorageDirectory (RaftStorageDirectoryImpl.java:tryLock(231)) - Lock on /home/runner/work/ozone/ozone/hadoop-ozone/integration-test/target/test-dir/MiniOzoneClusterImpl-40ccb4ce-9e5f-48d9-b45c-9251314ec7cc/datanode-0/data/ratis/9812e624-c75b-4104-b510-f61243b0ed7e/in_use.lock acquired by nodename 34453@fv-az304-998
2023-08-31 10:24:23,672 [1e7dfa45-1203-43e6-a103-23c323d0a6d5-groupManagement] INFO  storage.RaftStorage (RaftStorageImpl.java:format(96)) - Storage directory /home/runner/work/ozone/ozone/hadoop-ozone/integration-test/target/test-dir/MiniOzoneClusterImpl-40ccb4ce-9e5f-48d9-b45c-9251314ec7cc/datanode-0/data/ratis/9812e624-c75b-4104-b510-f61243b0ed7e has been successfully formatted.
2023-08-31 10:24:23,672 [1e7dfa45-1203-43e6-a103-23c323d0a6d5-groupManagement] INFO  ratis.ContainerStateMachine (ContainerStateMachine.java:loadSnapshot(262)) - group-F61243B0ED7E: The snapshot info is null. Setting the last applied indexto:(t:0, i:~)
2023-08-31 10:24:23,672 [1e7dfa45-1203-43e6-a103-23c323d0a6d5-groupManagement] INFO  server.RaftServerConfigKeys (ConfUtils.java:logGet(46)) - raft.server.log.use.memory = false (default)
2023-08-31 10:24:23,673 [1e7dfa45-1203-43e6-a103-23c323d0a6d5-groupManagement] INFO  server.RaftServerConfigKeys (ConfUtils.java:logGet(46)) - raft.server.log.purge.gap = 1000000 (custom)
2023-08-31 10:24:23,674 [EventQueue-OpenPipelineForHealthyPipelineSafeModeRule] INFO  safemode.SCMSafeModeManager (HealthyPipelineSafeModeRule.java:process(137)) - SCM in safe mode. Healthy pipelines reported count is 0, required healthy pipeline reported count is 1
2023-08-31 10:24:23,676 [1e7dfa45-1203-43e6-a103-23c323d0a6d5-groupManagement] INFO  server.RaftServerConfigKeys (ConfUtils.java:logGet(46)) - raft.server.log.appender.buffer.byte-limit = 33554432 (custom)
2023-08-31 10:24:23,676 [1e7dfa45-1203-43e6-a103-23c323d0a6d5-groupManagement] INFO  server.RaftServerConfigKeys (ConfUtils.java:logGet(46)) - raft.server.log.statemachine.data.read.timeout = 1000ms (default)
2023-08-31 10:24:23,676 [1e7dfa45-1203-43e6-a103-23c323d0a6d5-groupManagement] INFO  server.RaftServerConfigKeys (ConfUtils.java:logGet(46)) - raft.server.log.purge.preservation.log.num = 0 (default)
2023-08-31 10:24:23,676 [1e7dfa45-1203-43e6-a103-23c323d0a6d5-groupManagement] INFO  server.RaftServerConfigKeys (ConfUtils.java:logGet(46)) - raft.server.log.segment.size.max = 1048576 (custom)
2023-08-31 10:24:23,677 [1e7dfa45-1203-43e6-a103-23c323d0a6d5-groupManagement] INFO  server.RaftServerConfigKeys (ConfUtils.java:logGet(46)) - raft.server.log.segment.cache.num.max = 2 (custom)
2023-08-31 10:24:23,678 [1e7dfa45-1203-43e6-a103-23c323d0a6d5-groupManagement] INFO  server.RaftServerConfigKeys (ConfUtils.java:logGet(46)) - raft.server.log.segment.cache.size.max = 200MB (=209715200) (default)
2023-08-31 10:24:23,678 [1e7dfa45-1203-43e6-a103-23c323d0a6d5-groupManagement] INFO  server.RaftServerConfigKeys (ConfUtils.java:logGet(46)) - raft.server.log.appender.buffer.byte-limit = 33554432 (custom)
2023-08-31 10:24:23,678 [1e7dfa45-1203-43e6-a103-23c323d0a6d5-groupManagement] INFO  segmented.SegmentedRaftLogWorker (SegmentedRaftLogWorker.java:<init>(188)) - new 1e7dfa45-1203-43e6-a103-23c323d0a6d5@group-F61243B0ED7E-SegmentedRaftLogWorker for RaftStorageImpl:Storage Directory /home/runner/work/ozone/ozone/hadoop-ozone/integration-test/target/test-dir/MiniOzoneClusterImpl-40ccb4ce-9e5f-48d9-b45c-9251314ec7cc/datanode-0/data/ratis/9812e624-c75b-4104-b510-f61243b0ed7e
2023-08-31 10:24:23,678 [1e7dfa45-1203-43e6-a103-23c323d0a6d5-groupManagement] INFO  server.RaftServerConfigKeys (ConfUtils.java:logGet(46)) - raft.server.log.queue.byte-limit = 4294967296 (custom)
2023-08-31 10:24:23,678 [1e7dfa45-1203-43e6-a103-23c323d0a6d5-groupManagement] INFO  server.RaftServerConfigKeys (ConfUtils.java:logGet(46)) - raft.server.log.queue.element-limit = 1024 (custom)
2023-08-31 10:24:23,678 [1e7dfa45-1203-43e6-a103-23c323d0a6d5-groupManagement] INFO  server.RaftServerConfigKeys (ConfUtils.java:logGet(46)) - raft.server.log.segment.size.max = 1048576 (custom)
2023-08-31 10:24:23,678 [1e7dfa45-1203-43e6-a103-23c323d0a6d5-groupManagement] INFO  server.RaftServerConfigKeys (ConfUtils.java:logGet(46)) - raft.server.log.preallocated.size = 16384 (custom)
2023-08-31 10:24:23,678 [1e7dfa45-1203-43e6-a103-23c323d0a6d5-groupManagement] INFO  server.RaftServerConfigKeys (ConfUtils.java:logGet(46)) - raft.server.log.force.sync.num = 128 (default)
2023-08-31 10:24:23,678 [1e7dfa45-1203-43e6-a103-23c323d0a6d5-groupManagement] INFO  server.RaftServerConfigKeys (ConfUtils.java:logGet(46)) - raft.server.log.statemachine.data.sync = true (default)
2023-08-31 10:24:23,678 [1e7dfa45-1203-43e6-a103-23c323d0a6d5-groupManagement] INFO  server.RaftServerConfigKeys (ConfUtils.java:logGet(46)) - raft.server.log.statemachine.data.sync.timeout = 10s (default)
2023-08-31 10:24:23,679 [1e7dfa45-1203-43e6-a103-23c323d0a6d5-groupManagement] INFO  server.RaftServerConfigKeys (ConfUtils.java:logGet(46)) - raft.server.log.statemachine.data.sync.timeout.retry = -1 (default)
2023-08-31 10:24:23,682 [1e7dfa45-1203-43e6-a103-23c323d0a6d5-groupManagement] INFO  server.RaftServerConfigKeys (ConfUtils.java:logGet(46)) - raft.server.log.write.buffer.size = 1048576 (custom)
2023-08-31 10:24:23,685 [1e7dfa45-1203-43e6-a103-23c323d0a6d5-groupManagement] INFO  server.RaftServerConfigKeys (ConfUtils.java:logGet(46)) - raft.server.log.appender.buffer.byte-limit = 33554432 (custom)
2023-08-31 10:24:23,690 [1e7dfa45-1203-43e6-a103-23c323d0a6d5-groupManagement] INFO  server.RaftServerConfigKeys (ConfUtils.java:logGet(46)) - raft.server.log.unsafe-flush.enabled = false (default)
2023-08-31 10:24:23,691 [1e7dfa45-1203-43e6-a103-23c323d0a6d5-groupManagement] INFO  server.RaftServerConfigKeys (ConfUtils.java:logGet(46)) - raft.server.log.async-flush.enabled = false (default)
2023-08-31 10:24:23,691 [1e7dfa45-1203-43e6-a103-23c323d0a6d5-groupManagement] INFO  server.RaftServerConfigKeys (ConfUtils.java:logGet(46)) - raft.server.log.statemachine.data.caching.enabled = true (custom)
2023-08-31 10:24:23,692 [1e7dfa45-1203-43e6-a103-23c323d0a6d5-groupManagement] INFO  segmented.SegmentedRaftLogWorker (SegmentedRaftLogWorker.java:lambda$new$0(135)) - 1e7dfa45-1203-43e6-a103-23c323d0a6d5@group-F61243B0ED7E-SegmentedRaftLogWorker: flushIndex: setUnconditionally 0 -> -1
2023-08-31 10:24:23,692 [1e7dfa45-1203-43e6-a103-23c323d0a6d5-groupManagement] INFO  segmented.SegmentedRaftLogWorker (SegmentedRaftLogWorker.java:lambda$new$0(135)) - 1e7dfa45-1203-43e6-a103-23c323d0a6d5@group-F61243B0ED7E-SegmentedRaftLogWorker: safeCacheEvictIndex: setUnconditionally 0 -> -1
2023-08-31 10:24:23,695 [1e7dfa45-1203-43e6-a103-23c323d0a6d5-groupManagement] INFO  server.RaftServer$Division (RaftServerImpl.java:start(342)) - 1e7dfa45-1203-43e6-a103-23c323d0a6d5@group-F61243B0ED7E: start as a follower, conf=-1: peers:[1e7dfa45-1203-43e6-a103-23c323d0a6d5|rpc:10.1.0.16:15014|admin:10.1.0.16:15013|client:10.1.0.16:15012|dataStream:10.1.0.16:15015|priority:0|startupRole:FOLLOWER, faefdaa5-b95f-414d-83d1-b299fbae73bf|rpc:10.1.0.16:15023|admin:10.1.0.16:15022|client:10.1.0.16:15021|dataStream:10.1.0.16:15024|priority:1|startupRole:FOLLOWER, d1449997-f54f-4a59-bd40-37f2c04f767d|rpc:10.1.0.16:15032|admin:10.1.0.16:15031|client:10.1.0.16:15030|dataStream:10.1.0.16:15033|priority:0|startupRole:FOLLOWER]|listeners:[], old=null
2023-08-31 10:24:23,695 [1e7dfa45-1203-43e6-a103-23c323d0a6d5-groupManagement] INFO  server.RaftServer$Division (RaftServerImpl.java:setRole(329)) - 1e7dfa45-1203-43e6-a103-23c323d0a6d5@group-F61243B0ED7E: changes role from      null to FOLLOWER at term 0 for startAsFollower
2023-08-31 10:24:23,696 [1e7dfa45-1203-43e6-a103-23c323d0a6d5-groupManagement] INFO  impl.RoleInfo (RoleInfo.java:updateAndGet(139)) - 1e7dfa45-1203-43e6-a103-23c323d0a6d5: start 1e7dfa45-1203-43e6-a103-23c323d0a6d5@group-F61243B0ED7E-FollowerState
2023-08-31 10:24:23,699 [1e7dfa45-1203-43e6-a103-23c323d0a6d5-groupManagement] INFO  util.JmxRegister (JmxRegister.java:tryRegister(44)) - Successfully registered JMX Bean with object name Ratis:service=RaftServer,group=group-F61243B0ED7E,id=1e7dfa45-1203-43e6-a103-23c323d0a6d5
2023-08-31 10:24:23,700 [1e7dfa45-1203-43e6-a103-23c323d0a6d5-groupManagement] INFO  server.RaftServerConfigKeys (ConfUtils.java:logGet(46)) - raft.server.snapshot.auto.trigger.enabled = true (custom)
2023-08-31 10:24:23,700 [1e7dfa45-1203-43e6-a103-23c323d0a6d5-groupManagement] INFO  server.RaftServerConfigKeys (ConfUtils.java:logGet(46)) - raft.server.snapshot.auto.trigger.threshold = 10000 (custom)
2023-08-31 10:24:23,700 [1e7dfa45-1203-43e6-a103-23c323d0a6d5-groupManagement] INFO  server.RaftServerConfigKeys (ConfUtils.java:logGet(46)) - raft.server.snapshot.retention.file.num = 5 (custom)
2023-08-31 10:24:23,700 [1e7dfa45-1203-43e6-a103-23c323d0a6d5-groupManagement] INFO  server.RaftServerConfigKeys (ConfUtils.java:logGet(46)) - raft.server.log.purge.upto.snapshot.index = false (default)
2023-08-31 10:24:23,702 [1e7dfa45-1203-43e6-a103-23c323d0a6d5@group-F61243B0ED7E-FollowerState] INFO  server.RaftServerConfigKeys (ConfUtils.java:logFallback(53)) - raft.server.rpc.first-election.timeout.min = 5s (fallback to raft.server.rpc.timeout.min)
2023-08-31 10:24:23,704 [1e7dfa45-1203-43e6-a103-23c323d0a6d5@group-F61243B0ED7E-FollowerState] INFO  server.RaftServerConfigKeys (ConfUtils.java:logFallback(53)) - raft.server.rpc.first-election.timeout.max = 5200ms (fallback to raft.server.rpc.timeout.max)
2023-08-31 10:24:23,704 [PipelineCommandHandlerThread-0] INFO  ratis.XceiverServerRatis (XceiverServerRatis.java:addGroup(804)) - Created group PipelineID=9812e624-c75b-4104-b510-f61243b0ed7e
2023-08-31 10:24:24,049 [JUnit] INFO  ozone.MiniOzoneClusterImpl (MiniOzoneClusterImpl.java:lambda$waitForClusterToBeReady$0(224)) - Nodes are ready. Got 5 of 5 DN Heartbeats.
2023-08-31 10:24:24,050 [JUnit] INFO  ozone.MiniOzoneClusterImpl (MiniOzoneClusterImpl.java:lambda$waitForClusterToBeReady$0(227)) - Waiting for cluster to exit safe mode
2023-08-31 10:24:24,050 [JUnit] INFO  ozone.MiniOzoneClusterImpl (MiniOzoneClusterImpl.java:lambda$waitForClusterToBeReady$0(229)) - SCM became leader
2023-08-31 10:24:24,068 [PipelineCommandHandlerThread-0] INFO  server.RaftServer (RaftServerProxy.java:addNew(98)) - faefdaa5-b95f-414d-83d1-b299fbae73bf: addNew group-4072766C9A6D:[faefdaa5-b95f-414d-83d1-b299fbae73bf|rpc:10.1.0.16:15023|admin:10.1.0.16:15022|client:10.1.0.16:15021|dataStream:10.1.0.16:15024|priority:1|startupRole:FOLLOWER] returns group-4072766C9A6D:java.util.concurrent.CompletableFuture@409032d2[Not completed]
2023-08-31 10:24:24,070 [faefdaa5-b95f-414d-83d1-b299fbae73bf-groupManagement] INFO  server.RaftServer$Division (RaftServerImpl.java:<init>(198)) - faefdaa5-b95f-414d-83d1-b299fbae73bf: new RaftServerImpl for group-4072766C9A6D:[faefdaa5-b95f-414d-83d1-b299fbae73bf|rpc:10.1.0.16:15023|admin:10.1.0.16:15022|client:10.1.0.16:15021|dataStream:10.1.0.16:15024|priority:1|startupRole:FOLLOWER] with ContainerStateMachine:uninitialized
2023-08-31 10:24:24,070 [faefdaa5-b95f-414d-83d1-b299fbae73bf-groupManagement] INFO  server.RaftServerConfigKeys (ConfUtils.java:logGet(46)) - raft.server.rpc.timeout.min = 5s (custom)
2023-08-31 10:24:24,070 [faefdaa5-b95f-414d-83d1-b299fbae73bf-groupManagement] INFO  server.RaftServerConfigKeys (ConfUtils.java:logGet(46)) - raft.server.rpc.timeout.max = 5200ms (custom)
2023-08-31 10:24:24,070 [faefdaa5-b95f-414d-83d1-b299fbae73bf-groupManagement] INFO  server.RaftServerConfigKeys (ConfUtils.java:logGet(46)) - raft.server.rpc.sleep.time = 25ms (default)
2023-08-31 10:24:24,070 [faefdaa5-b95f-414d-83d1-b299fbae73bf-groupManagement] INFO  server.RaftServerConfigKeys (ConfUtils.java:logGet(46)) - raft.server.rpc.slowness.timeout = 300000ms (custom)
2023-08-31 10:24:24,070 [faefdaa5-b95f-414d-83d1-b299fbae73bf-groupManagement] INFO  server.RaftServerConfigKeys (ConfUtils.java:logGet(46)) - raft.server.leaderelection.leader.step-down.wait-time = 10s (default)
2023-08-31 10:24:24,070 [faefdaa5-b95f-414d-83d1-b299fbae73bf-groupManagement] INFO  server.RaftServerConfigKeys (ConfUtils.java:logGet(46)) - raft.server.sleep.deviation.threshold = 300ms (default)
2023-08-31 10:24:24,070 [faefdaa5-b95f-414d-83d1-b299fbae73bf-groupManagement] INFO  server.RaftServer$Division (ServerState.java:<init>(120)) - faefdaa5-b95f-414d-83d1-b299fbae73bf@group-4072766C9A6D: ConfigurationManager, init=-1: peers:[faefdaa5-b95f-414d-83d1-b299fbae73bf|rpc:10.1.0.16:15023|admin:10.1.0.16:15022|client:10.1.0.16:15021|dataStream:10.1.0.16:15024|priority:1|startupRole:FOLLOWER]|listeners:[], old=null, confs=<EMPTY_MAP>
2023-08-31 10:24:24,070 [faefdaa5-b95f-414d-83d1-b299fbae73bf-groupManagement] INFO  server.RaftServerConfigKeys (ConfUtils.java:logGet(46)) - raft.server.storage.dir = [/home/runner/work/ozone/ozone/hadoop-ozone/integration-test/target/test-dir/MiniOzoneClusterImpl-40ccb4ce-9e5f-48d9-b45c-9251314ec7cc/datanode-1/data/ratis] (custom)
2023-08-31 10:24:24,071 [faefdaa5-b95f-414d-83d1-b299fbae73bf-groupManagement] INFO  server.RaftServerConfigKeys (ConfUtils.java:logGet(46)) - raft.server.log.corruption.policy = EXCEPTION (default)
2023-08-31 10:24:24,071 [faefdaa5-b95f-414d-83d1-b299fbae73bf-groupManagement] INFO  server.RaftServerConfigKeys (ConfUtils.java:logGet(46)) - raft.server.storage.free-space.min = 0MB (=0) (default)
2023-08-31 10:24:24,071 [faefdaa5-b95f-414d-83d1-b299fbae73bf-groupManagement] INFO  server.RaftServerConfigKeys (ConfUtils.java:logGet(46)) - raft.server.notification.no-leader.timeout = 300000ms (custom)
2023-08-31 10:24:24,071 [faefdaa5-b95f-414d-83d1-b299fbae73bf-groupManagement] INFO  server.RaftServerConfigKeys (ConfUtils.java:logGet(46)) - raft.server.read.timeout = 10s (default)
2023-08-31 10:24:24,071 [faefdaa5-b95f-414d-83d1-b299fbae73bf-groupManagement] INFO  server.RaftServerConfigKeys (ConfUtils.java:logGet(46)) - raft.server.retrycache.expirytime = 600000ms (custom)
2023-08-31 10:24:24,071 [faefdaa5-b95f-414d-83d1-b299fbae73bf-groupManagement] INFO  server.RaftServerConfigKeys (ConfUtils.java:logGet(46)) - raft.server.retrycache.statistics.expirytime = 100μs (default)
2023-08-31 10:24:24,071 [faefdaa5-b95f-414d-83d1-b299fbae73bf-groupManagement] INFO  server.RaftServerConfigKeys (ConfUtils.java:logGet(46)) - raft.server.read.option = DEFAULT (default)
2023-08-31 10:24:24,073 [faefdaa5-b95f-414d-83d1-b299fbae73bf-groupManagement] INFO  server.RaftServerConfigKeys (ConfUtils.java:logGet(46)) - raft.server.rpc.request.timeout = 3000ms (default)
2023-08-31 10:24:24,073 [faefdaa5-b95f-414d-83d1-b299fbae73bf-groupManagement] INFO  server.RaftServerConfigKeys (ConfUtils.java:logGet(46)) - raft.server.log.appender.install.snapshot.enabled = false (custom)
2023-08-31 10:24:24,073 [faefdaa5-b95f-414d-83d1-b299fbae73bf-groupManagement] INFO  server.RaftServerConfigKeys (ConfUtils.java:logGet(46)) - raft.server.threadpool.server.cached = true (default)
2023-08-31 10:24:24,073 [faefdaa5-b95f-414d-83d1-b299fbae73bf-groupManagement] INFO  server.RaftServerConfigKeys (ConfUtils.java:logGet(46)) - raft.server.threadpool.server.size = 0 (default)
2023-08-31 10:24:24,073 [faefdaa5-b95f-414d-83d1-b299fbae73bf-groupManagement] INFO  server.RaftServerConfigKeys (ConfUtils.java:logGet(46)) - raft.server.threadpool.client.cached = true (default)
2023-08-31 10:24:24,073 [faefdaa5-b95f-414d-83d1-b299fbae73bf-groupManagement] INFO  server.RaftServerConfigKeys (ConfUtils.java:logGet(46)) - raft.server.threadpool.client.size = 0 (default)
2023-08-31 10:24:24,073 [faefdaa5-b95f-414d-83d1-b299fbae73bf-groupManagement] INFO  storage.RaftStorageDirectory (RaftStorageDirectoryImpl.java:analyzeStorage(137)) - The storage directory /home/runner/work/ozone/ozone/hadoop-ozone/integration-test/target/test-dir/MiniOzoneClusterImpl-40ccb4ce-9e5f-48d9-b45c-9251314ec7cc/datanode-1/data/ratis/ceb4425b-8dd4-480b-acc6-4072766c9a6d does not exist. Creating ...
2023-08-31 10:24:24,074 [faefdaa5-b95f-414d-83d1-b299fbae73bf-groupManagement] INFO  storage.RaftStorageDirectory (RaftStorageDirectoryImpl.java:tryLock(231)) - Lock on /home/runner/work/ozone/ozone/hadoop-ozone/integration-test/target/test-dir/MiniOzoneClusterImpl-40ccb4ce-9e5f-48d9-b45c-9251314ec7cc/datanode-1/data/ratis/ceb4425b-8dd4-480b-acc6-4072766c9a6d/in_use.lock acquired by nodename 34453@fv-az304-998
2023-08-31 10:24:24,075 [faefdaa5-b95f-414d-83d1-b299fbae73bf-groupManagement] INFO  storage.RaftStorage (RaftStorageImpl.java:format(96)) - Storage directory /home/runner/work/ozone/ozone/hadoop-ozone/integration-test/target/test-dir/MiniOzoneClusterImpl-40ccb4ce-9e5f-48d9-b45c-9251314ec7cc/datanode-1/data/ratis/ceb4425b-8dd4-480b-acc6-4072766c9a6d has been successfully formatted.
2023-08-31 10:24:24,078 [faefdaa5-b95f-414d-83d1-b299fbae73bf-groupManagement] INFO  ratis.ContainerStateMachine (ContainerStateMachine.java:loadSnapshot(262)) - group-4072766C9A6D: The snapshot info is null. Setting the last applied indexto:(t:0, i:~)
2023-08-31 10:24:24,078 [faefdaa5-b95f-414d-83d1-b299fbae73bf-groupManagement] INFO  server.RaftServerConfigKeys (ConfUtils.java:logGet(46)) - raft.server.log.use.memory = false (default)
2023-08-31 10:24:24,078 [faefdaa5-b95f-414d-83d1-b299fbae73bf-groupManagement] INFO  server.RaftServerConfigKeys (ConfUtils.java:logGet(46)) - raft.server.log.purge.gap = 1000000 (custom)
2023-08-31 10:24:24,078 [faefdaa5-b95f-414d-83d1-b299fbae73bf-groupManagement] INFO  server.RaftServerConfigKeys (ConfUtils.java:logGet(46)) - raft.server.log.appender.buffer.byte-limit = 33554432 (custom)
2023-08-31 10:24:24,078 [faefdaa5-b95f-414d-83d1-b299fbae73bf-groupManagement] INFO  server.RaftServerConfigKeys (ConfUtils.java:logGet(46)) - raft.server.log.statemachine.data.read.timeout = 1000ms (default)
2023-08-31 10:24:24,078 [faefdaa5-b95f-414d-83d1-b299fbae73bf-groupManagement] INFO  server.RaftServerConfigKeys (ConfUtils.java:logGet(46)) - raft.server.log.purge.preservation.log.num = 0 (default)
2023-08-31 10:24:24,083 [EventQueue-PipelineReportForPipelineReportHandler] INFO  pipeline.PipelineReportHandler (PipelineReportHandler.java:processPipelineReport(136)) - Opened pipeline PipelineID=ceb4425b-8dd4-480b-acc6-4072766c9a6d
2023-08-31 10:24:24,083 [EventQueue-OpenPipelineForHealthyPipelineSafeModeRule] INFO  safemode.SCMSafeModeManager (HealthyPipelineSafeModeRule.java:process(137)) - SCM in safe mode. Healthy pipelines reported count is 0, required healthy pipeline reported count is 1
2023-08-31 10:24:24,084 [faefdaa5-b95f-414d-83d1-b299fbae73bf-groupManagement] INFO  server.RaftServerConfigKeys (ConfUtils.java:logGet(46)) - raft.server.log.segment.size.max = 1048576 (custom)
2023-08-31 10:24:24,087 [faefdaa5-b95f-414d-83d1-b299fbae73bf-groupManagement] INFO  server.RaftServerConfigKeys (ConfUtils.java:logGet(46)) - raft.server.log.segment.cache.num.max = 2 (custom)
2023-08-31 10:24:24,087 [faefdaa5-b95f-414d-83d1-b299fbae73bf-groupManagement] INFO  server.RaftServerConfigKeys (ConfUtils.java:logGet(46)) - raft.server.log.segment.cache.size.max = 200MB (=209715200) (default)
2023-08-31 10:24:24,088 [faefdaa5-b95f-414d-83d1-b299fbae73bf-groupManagement] INFO  server.RaftServerConfigKeys (ConfUtils.java:logGet(46)) - raft.server.log.appender.buffer.byte-limit = 33554432 (custom)
2023-08-31 10:24:24,088 [faefdaa5-b95f-414d-83d1-b299fbae73bf-groupManagement] INFO  segmented.SegmentedRaftLogWorker (SegmentedRaftLogWorker.java:<init>(188)) - new faefdaa5-b95f-414d-83d1-b299fbae73bf@group-4072766C9A6D-SegmentedRaftLogWorker for RaftStorageImpl:Storage Directory /home/runner/work/ozone/ozone/hadoop-ozone/integration-test/target/test-dir/MiniOzoneClusterImpl-40ccb4ce-9e5f-48d9-b45c-9251314ec7cc/datanode-1/data/ratis/ceb4425b-8dd4-480b-acc6-4072766c9a6d
2023-08-31 10:24:24,088 [faefdaa5-b95f-414d-83d1-b299fbae73bf-groupManagement] INFO  server.RaftServerConfigKeys (ConfUtils.java:logGet(46)) - raft.server.log.queue.byte-limit = 4294967296 (custom)
2023-08-31 10:24:24,089 [faefdaa5-b95f-414d-83d1-b299fbae73bf-groupManagement] INFO  server.RaftServerConfigKeys (ConfUtils.java:logGet(46)) - raft.server.log.queue.element-limit = 1024 (custom)
2023-08-31 10:24:24,089 [faefdaa5-b95f-414d-83d1-b299fbae73bf-groupManagement] INFO  server.RaftServerConfigKeys (ConfUtils.java:logGet(46)) - raft.server.log.segment.size.max = 1048576 (custom)
2023-08-31 10:24:24,089 [faefdaa5-b95f-414d-83d1-b299fbae73bf-groupManagement] INFO  server.RaftServerConfigKeys (ConfUtils.java:logGet(46)) - raft.server.log.preallocated.size = 16384 (custom)
2023-08-31 10:24:24,089 [faefdaa5-b95f-414d-83d1-b299fbae73bf-groupManagement] INFO  server.RaftServerConfigKeys (ConfUtils.java:logGet(46)) - raft.server.log.force.sync.num = 128 (default)
2023-08-31 10:24:24,089 [faefdaa5-b95f-414d-83d1-b299fbae73bf-groupManagement] INFO  server.RaftServerConfigKeys (ConfUtils.java:logGet(46)) - raft.server.log.statemachine.data.sync = true (default)
2023-08-31 10:24:24,089 [faefdaa5-b95f-414d-83d1-b299fbae73bf-groupManagement] INFO  server.RaftServerConfigKeys (ConfUtils.java:logGet(46)) - raft.server.log.statemachine.data.sync.timeout = 10s (default)
2023-08-31 10:24:24,089 [faefdaa5-b95f-414d-83d1-b299fbae73bf-groupManagement] INFO  server.RaftServerConfigKeys (ConfUtils.java:logGet(46)) - raft.server.log.statemachine.data.sync.timeout.retry = -1 (default)
2023-08-31 10:24:24,091 [faefdaa5-b95f-414d-83d1-b299fbae73bf-groupManagement] INFO  server.RaftServerConfigKeys (ConfUtils.java:logGet(46)) - raft.server.log.write.buffer.size = 1048576 (custom)
2023-08-31 10:24:24,093 [faefdaa5-b95f-414d-83d1-b299fbae73bf-groupManagement] INFO  server.RaftServerConfigKeys (ConfUtils.java:logGet(46)) - raft.server.log.appender.buffer.byte-limit = 33554432 (custom)
2023-08-31 10:24:24,098 [faefdaa5-b95f-414d-83d1-b299fbae73bf-groupManagement] INFO  server.RaftServerConfigKeys (ConfUtils.java:logGet(46)) - raft.server.log.unsafe-flush.enabled = false (default)
2023-08-31 10:24:24,098 [faefdaa5-b95f-414d-83d1-b299fbae73bf-groupManagement] INFO  server.RaftServerConfigKeys (ConfUtils.java:logGet(46)) - raft.server.log.async-flush.enabled = false (default)
2023-08-31 10:24:24,099 [faefdaa5-b95f-414d-83d1-b299fbae73bf-groupManagement] INFO  server.RaftServerConfigKeys (ConfUtils.java:logGet(46)) - raft.server.log.statemachine.data.caching.enabled = true (custom)
2023-08-31 10:24:24,099 [faefdaa5-b95f-414d-83d1-b299fbae73bf-groupManagement] INFO  segmented.SegmentedRaftLogWorker (SegmentedRaftLogWorker.java:lambda$new$0(135)) - faefdaa5-b95f-414d-83d1-b299fbae73bf@group-4072766C9A6D-SegmentedRaftLogWorker: flushIndex: setUnconditionally 0 -> -1
2023-08-31 10:24:24,099 [faefdaa5-b95f-414d-83d1-b299fbae73bf-groupManagement] INFO  segmented.SegmentedRaftLogWorker (SegmentedRaftLogWorker.java:lambda$new$0(135)) - faefdaa5-b95f-414d-83d1-b299fbae73bf@group-4072766C9A6D-SegmentedRaftLogWorker: safeCacheEvictIndex: setUnconditionally 0 -> -1
2023-08-31 10:24:24,099 [faefdaa5-b95f-414d-83d1-b299fbae73bf-groupManagement] INFO  server.RaftServer$Division (RaftServerImpl.java:start(342)) - faefdaa5-b95f-414d-83d1-b299fbae73bf@group-4072766C9A6D: start as a follower, conf=-1: peers:[faefdaa5-b95f-414d-83d1-b299fbae73bf|rpc:10.1.0.16:15023|admin:10.1.0.16:15022|client:10.1.0.16:15021|dataStream:10.1.0.16:15024|priority:1|startupRole:FOLLOWER]|listeners:[], old=null
2023-08-31 10:24:24,099 [faefdaa5-b95f-414d-83d1-b299fbae73bf-groupManagement] INFO  server.RaftServer$Division (RaftServerImpl.java:setRole(329)) - faefdaa5-b95f-414d-83d1-b299fbae73bf@group-4072766C9A6D: changes role from      null to FOLLOWER at term 0 for startAsFollower
2023-08-31 10:24:24,099 [faefdaa5-b95f-414d-83d1-b299fbae73bf-groupManagement] INFO  impl.RoleInfo (RoleInfo.java:updateAndGet(139)) - faefdaa5-b95f-414d-83d1-b299fbae73bf: start faefdaa5-b95f-414d-83d1-b299fbae73bf@group-4072766C9A6D-FollowerState
2023-08-31 10:24:24,100 [faefdaa5-b95f-414d-83d1-b299fbae73bf-groupManagement] INFO  util.JmxRegister (JmxRegister.java:tryRegister(44)) - Successfully registered JMX Bean with object name Ratis:service=RaftServer,group=group-4072766C9A6D,id=faefdaa5-b95f-414d-83d1-b299fbae73bf
2023-08-31 10:24:24,104 [faefdaa5-b95f-414d-83d1-b299fbae73bf-groupManagement] INFO  server.RaftServerConfigKeys (ConfUtils.java:logGet(46)) - raft.server.snapshot.auto.trigger.enabled = true (custom)
2023-08-31 10:24:24,104 [faefdaa5-b95f-414d-83d1-b299fbae73bf-groupManagement] INFO  server.RaftServerConfigKeys (ConfUtils.java:logGet(46)) - raft.server.snapshot.auto.trigger.threshold = 10000 (custom)
2023-08-31 10:24:24,104 [faefdaa5-b95f-414d-83d1-b299fbae73bf-groupManagement] INFO  server.RaftServerConfigKeys (ConfUtils.java:logGet(46)) - raft.server.snapshot.retention.file.num = 5 (custom)
2023-08-31 10:24:24,104 [faefdaa5-b95f-414d-83d1-b299fbae73bf-groupManagement] INFO  server.RaftServerConfigKeys (ConfUtils.java:logGet(46)) - raft.server.log.purge.upto.snapshot.index = false (default)
2023-08-31 10:24:24,107 [PipelineCommandHandlerThread-0] INFO  ratis.XceiverServerRatis (XceiverServerRatis.java:addGroup(804)) - Created group PipelineID=ceb4425b-8dd4-480b-acc6-4072766c9a6d
2023-08-31 10:24:24,107 [faefdaa5-b95f-414d-83d1-b299fbae73bf@group-4072766C9A6D-FollowerState] INFO  server.RaftServerConfigKeys (ConfUtils.java:logFallback(53)) - raft.server.rpc.first-election.timeout.min = 5s (fallback to raft.server.rpc.timeout.min)
2023-08-31 10:24:24,107 [faefdaa5-b95f-414d-83d1-b299fbae73bf@group-4072766C9A6D-FollowerState] INFO  server.RaftServerConfigKeys (ConfUtils.java:logFallback(53)) - raft.server.rpc.first-election.timeout.max = 5200ms (fallback to raft.server.rpc.timeout.max)
2023-08-31 10:24:24,107 [PipelineCommandHandlerThread-0] INFO  commandhandler.CreatePipelineCommandHandler (CreatePipelineCommandHandler.java:lambda$handle$2(124)) - Created Pipeline RATIS ONE PipelineID=ceb4425b-8dd4-480b-acc6-4072766c9a6d.
2023-08-31 10:24:24,108 [PipelineCommandHandlerThread-0] INFO  server.RaftServer (RaftServerProxy.java:addNew(98)) - faefdaa5-b95f-414d-83d1-b299fbae73bf: addNew group-F61243B0ED7E:[1e7dfa45-1203-43e6-a103-23c323d0a6d5|rpc:10.1.0.16:15014|admin:10.1.0.16:15013|client:10.1.0.16:15012|dataStream:10.1.0.16:15015|priority:0|startupRole:FOLLOWER, faefdaa5-b95f-414d-83d1-b299fbae73bf|rpc:10.1.0.16:15023|admin:10.1.0.16:15022|client:10.1.0.16:15021|dataStream:10.1.0.16:15024|priority:1|startupRole:FOLLOWER, d1449997-f54f-4a59-bd40-37f2c04f767d|rpc:10.1.0.16:15032|admin:10.1.0.16:15031|client:10.1.0.16:15030|dataStream:10.1.0.16:15033|priority:0|startupRole:FOLLOWER] returns group-F61243B0ED7E:java.util.concurrent.CompletableFuture@44afae18[Not completed]
2023-08-31 10:24:24,109 [faefdaa5-b95f-414d-83d1-b299fbae73bf-groupManagement] INFO  server.RaftServer$Division (RaftServerImpl.java:<init>(198)) - faefdaa5-b95f-414d-83d1-b299fbae73bf: new RaftServerImpl for group-F61243B0ED7E:[1e7dfa45-1203-43e6-a103-23c323d0a6d5|rpc:10.1.0.16:15014|admin:10.1.0.16:15013|client:10.1.0.16:15012|dataStream:10.1.0.16:15015|priority:0|startupRole:FOLLOWER, faefdaa5-b95f-414d-83d1-b299fbae73bf|rpc:10.1.0.16:15023|admin:10.1.0.16:15022|client:10.1.0.16:15021|dataStream:10.1.0.16:15024|priority:1|startupRole:FOLLOWER, d1449997-f54f-4a59-bd40-37f2c04f767d|rpc:10.1.0.16:15032|admin:10.1.0.16:15031|client:10.1.0.16:15030|dataStream:10.1.0.16:15033|priority:0|startupRole:FOLLOWER] with ContainerStateMachine:uninitialized
2023-08-31 10:24:24,110 [faefdaa5-b95f-414d-83d1-b299fbae73bf-groupManagement] INFO  server.RaftServerConfigKeys (ConfUtils.java:logGet(46)) - raft.server.rpc.timeout.min = 5s (custom)
2023-08-31 10:24:24,110 [faefdaa5-b95f-414d-83d1-b299fbae73bf-groupManagement] INFO  server.RaftServerConfigKeys (ConfUtils.java:logGet(46)) - raft.server.rpc.timeout.max = 5200ms (custom)
2023-08-31 10:24:24,110 [faefdaa5-b95f-414d-83d1-b299fbae73bf-groupManagement] INFO  server.RaftServerConfigKeys (ConfUtils.java:logGet(46)) - raft.server.rpc.sleep.time = 25ms (default)
2023-08-31 10:24:24,110 [faefdaa5-b95f-414d-83d1-b299fbae73bf-groupManagement] INFO  server.RaftServerConfigKeys (ConfUtils.java:logGet(46)) - raft.server.rpc.slowness.timeout = 300000ms (custom)
2023-08-31 10:24:24,110 [faefdaa5-b95f-414d-83d1-b299fbae73bf-groupManagement] INFO  server.RaftServerConfigKeys (ConfUtils.java:logGet(46)) - raft.server.leaderelection.leader.step-down.wait-time = 10s (default)
2023-08-31 10:24:24,110 [faefdaa5-b95f-414d-83d1-b299fbae73bf-groupManagement] INFO  server.RaftServerConfigKeys (ConfUtils.java:logGet(46)) - raft.server.sleep.deviation.threshold = 300ms (default)
2023-08-31 10:24:24,110 [faefdaa5-b95f-414d-83d1-b299fbae73bf-groupManagement] INFO  server.RaftServer$Division (ServerState.java:<init>(120)) - faefdaa5-b95f-414d-83d1-b299fbae73bf@group-F61243B0ED7E: ConfigurationManager, init=-1: peers:[1e7dfa45-1203-43e6-a103-23c323d0a6d5|rpc:10.1.0.16:15014|admin:10.1.0.16:15013|client:10.1.0.16:15012|dataStream:10.1.0.16:15015|priority:0|startupRole:FOLLOWER, faefdaa5-b95f-414d-83d1-b299fbae73bf|rpc:10.1.0.16:15023|admin:10.1.0.16:15022|client:10.1.0.16:15021|dataStream:10.1.0.16:15024|priority:1|startupRole:FOLLOWER, d1449997-f54f-4a59-bd40-37f2c04f767d|rpc:10.1.0.16:15032|admin:10.1.0.16:15031|client:10.1.0.16:15030|dataStream:10.1.0.16:15033|priority:0|startupRole:FOLLOWER]|listeners:[], old=null, confs=<EMPTY_MAP>
2023-08-31 10:24:24,110 [faefdaa5-b95f-414d-83d1-b299fbae73bf-groupManagement] INFO  server.RaftServerConfigKeys (ConfUtils.java:logGet(46)) - raft.server.storage.dir = [/home/runner/work/ozone/ozone/hadoop-ozone/integration-test/target/test-dir/MiniOzoneClusterImpl-40ccb4ce-9e5f-48d9-b45c-9251314ec7cc/datanode-1/data/ratis] (custom)
2023-08-31 10:24:24,110 [faefdaa5-b95f-414d-83d1-b299fbae73bf-groupManagement] INFO  server.RaftServerConfigKeys (ConfUtils.java:logGet(46)) - raft.server.log.corruption.policy = EXCEPTION (default)
2023-08-31 10:24:24,110 [faefdaa5-b95f-414d-83d1-b299fbae73bf-groupManagement] INFO  server.RaftServerConfigKeys (ConfUtils.java:logGet(46)) - raft.server.storage.free-space.min = 0MB (=0) (default)
2023-08-31 10:24:24,110 [faefdaa5-b95f-414d-83d1-b299fbae73bf-groupManagement] INFO  server.RaftServerConfigKeys (ConfUtils.java:logGet(46)) - raft.server.notification.no-leader.timeout = 300000ms (custom)
2023-08-31 10:24:24,110 [faefdaa5-b95f-414d-83d1-b299fbae73bf-groupManagement] INFO  server.RaftServerConfigKeys (ConfUtils.java:logGet(46)) - raft.server.read.timeout = 10s (default)
2023-08-31 10:24:24,110 [faefdaa5-b95f-414d-83d1-b299fbae73bf-groupManagement] INFO  server.RaftServerConfigKeys (ConfUtils.java:logGet(46)) - raft.server.retrycache.expirytime = 600000ms (custom)
2023-08-31 10:24:24,110 [faefdaa5-b95f-414d-83d1-b299fbae73bf-groupManagement] INFO  server.RaftServerConfigKeys (ConfUtils.java:logGet(46)) - raft.server.retrycache.statistics.expirytime = 100μs (default)
2023-08-31 10:24:24,110 [faefdaa5-b95f-414d-83d1-b299fbae73bf-groupManagement] INFO  server.RaftServerConfigKeys (ConfUtils.java:logGet(46)) - raft.server.read.option = DEFAULT (default)
2023-08-31 10:24:24,113 [faefdaa5-b95f-414d-83d1-b299fbae73bf-groupManagement] INFO  server.RaftServerConfigKeys (ConfUtils.java:logGet(46)) - raft.server.rpc.request.timeout = 3000ms (default)
2023-08-31 10:24:24,113 [faefdaa5-b95f-414d-83d1-b299fbae73bf-groupManagement] INFO  server.RaftServerConfigKeys (ConfUtils.java:logGet(46)) - raft.server.log.appender.install.snapshot.enabled = false (custom)
2023-08-31 10:24:24,113 [faefdaa5-b95f-414d-83d1-b299fbae73bf-groupManagement] INFO  server.RaftServerConfigKeys (ConfUtils.java:logGet(46)) - raft.server.threadpool.server.cached = true (default)
2023-08-31 10:24:24,113 [faefdaa5-b95f-414d-83d1-b299fbae73bf-groupManagement] INFO  server.RaftServerConfigKeys (ConfUtils.java:logGet(46)) - raft.server.threadpool.server.size = 0 (default)
2023-08-31 10:24:24,113 [faefdaa5-b95f-414d-83d1-b299fbae73bf-groupManagement] INFO  server.RaftServerConfigKeys (ConfUtils.java:logGet(46)) - raft.server.threadpool.client.cached = true (default)
2023-08-31 10:24:24,113 [faefdaa5-b95f-414d-83d1-b299fbae73bf-groupManagement] INFO  server.RaftServerConfigKeys (ConfUtils.java:logGet(46)) - raft.server.threadpool.client.size = 0 (default)
2023-08-31 10:24:24,113 [faefdaa5-b95f-414d-83d1-b299fbae73bf-groupManagement] INFO  storage.RaftStorageDirectory (RaftStorageDirectoryImpl.java:analyzeStorage(137)) - The storage directory /home/runner/work/ozone/ozone/hadoop-ozone/integration-test/target/test-dir/MiniOzoneClusterImpl-40ccb4ce-9e5f-48d9-b45c-9251314ec7cc/datanode-1/data/ratis/9812e624-c75b-4104-b510-f61243b0ed7e does not exist. Creating ...
2023-08-31 10:24:24,116 [faefdaa5-b95f-414d-83d1-b299fbae73bf-groupManagement] INFO  storage.RaftStorageDirectory (RaftStorageDirectoryImpl.java:tryLock(231)) - Lock on /home/runner/work/ozone/ozone/hadoop-ozone/integration-test/target/test-dir/MiniOzoneClusterImpl-40ccb4ce-9e5f-48d9-b45c-9251314ec7cc/datanode-1/data/ratis/9812e624-c75b-4104-b510-f61243b0ed7e/in_use.lock acquired by nodename 34453@fv-az304-998
2023-08-31 10:24:24,117 [faefdaa5-b95f-414d-83d1-b299fbae73bf-groupManagement] INFO  storage.RaftStorage (RaftStorageImpl.java:format(96)) - Storage directory /home/runner/work/ozone/ozone/hadoop-ozone/integration-test/target/test-dir/MiniOzoneClusterImpl-40ccb4ce-9e5f-48d9-b45c-9251314ec7cc/datanode-1/data/ratis/9812e624-c75b-4104-b510-f61243b0ed7e has been successfully formatted.
2023-08-31 10:24:24,117 [faefdaa5-b95f-414d-83d1-b299fbae73bf-groupManagement] INFO  ratis.ContainerStateMachine (ContainerStateMachine.java:loadSnapshot(262)) - group-F61243B0ED7E: The snapshot info is null. Setting the last applied indexto:(t:0, i:~)
2023-08-31 10:24:24,117 [faefdaa5-b95f-414d-83d1-b299fbae73bf-groupManagement] INFO  server.RaftServerConfigKeys (ConfUtils.java:logGet(46)) - raft.server.log.use.memory = false (default)
2023-08-31 10:24:24,117 [faefdaa5-b95f-414d-83d1-b299fbae73bf-groupManagement] INFO  server.RaftServerConfigKeys (ConfUtils.java:logGet(46)) - raft.server.log.purge.gap = 1000000 (custom)
2023-08-31 10:24:24,117 [faefdaa5-b95f-414d-83d1-b299fbae73bf-groupManagement] INFO  server.RaftServerConfigKeys (ConfUtils.java:logGet(46)) - raft.server.log.appender.buffer.byte-limit = 33554432 (custom)
2023-08-31 10:24:24,117 [faefdaa5-b95f-414d-83d1-b299fbae73bf-groupManagement] INFO  server.RaftServerConfigKeys (ConfUtils.java:logGet(46)) - raft.server.log.statemachine.data.read.timeout = 1000ms (default)
2023-08-31 10:24:24,117 [faefdaa5-b95f-414d-83d1-b299fbae73bf-groupManagement] INFO  server.RaftServerConfigKeys (ConfUtils.java:logGet(46)) - raft.server.log.purge.preservation.log.num = 0 (default)
2023-08-31 10:24:24,118 [faefdaa5-b95f-414d-83d1-b299fbae73bf-groupManagement] INFO  server.RaftServerConfigKeys (ConfUtils.java:logGet(46)) - raft.server.log.segment.size.max = 1048576 (custom)
2023-08-31 10:24:24,118 [faefdaa5-b95f-414d-83d1-b299fbae73bf-groupManagement] INFO  server.RaftServerConfigKeys (ConfUtils.java:logGet(46)) - raft.server.log.segment.cache.num.max = 2 (custom)
2023-08-31 10:24:24,118 [faefdaa5-b95f-414d-83d1-b299fbae73bf-groupManagement] INFO  server.RaftServerConfigKeys (ConfUtils.java:logGet(46)) - raft.server.log.segment.cache.size.max = 200MB (=209715200) (default)
2023-08-31 10:24:24,118 [faefdaa5-b95f-414d-83d1-b299fbae73bf-groupManagement] INFO  server.RaftServerConfigKeys (ConfUtils.java:logGet(46)) - raft.server.log.appender.buffer.byte-limit = 33554432 (custom)
2023-08-31 10:24:24,118 [faefdaa5-b95f-414d-83d1-b299fbae73bf-groupManagement] INFO  segmented.SegmentedRaftLogWorker (SegmentedRaftLogWorker.java:<init>(188)) - new faefdaa5-b95f-414d-83d1-b299fbae73bf@group-F61243B0ED7E-SegmentedRaftLogWorker for RaftStorageImpl:Storage Directory /home/runner/work/ozone/ozone/hadoop-ozone/integration-test/target/test-dir/MiniOzoneClusterImpl-40ccb4ce-9e5f-48d9-b45c-9251314ec7cc/datanode-1/data/ratis/9812e624-c75b-4104-b510-f61243b0ed7e
2023-08-31 10:24:24,118 [faefdaa5-b95f-414d-83d1-b299fbae73bf-groupManagement] INFO  server.RaftServerConfigKeys (ConfUtils.java:logGet(46)) - raft.server.log.queue.byte-limit = 4294967296 (custom)
2023-08-31 10:24:24,118 [faefdaa5-b95f-414d-83d1-b299fbae73bf-groupManagement] INFO  server.RaftServerConfigKeys (ConfUtils.java:logGet(46)) - raft.server.log.queue.element-limit = 1024 (custom)
2023-08-31 10:24:24,118 [faefdaa5-b95f-414d-83d1-b299fbae73bf-groupManagement] INFO  server.RaftServerConfigKeys (ConfUtils.java:logGet(46)) - raft.server.log.segment.size.max = 1048576 (custom)
2023-08-31 10:24:24,118 [faefdaa5-b95f-414d-83d1-b299fbae73bf-groupManagement] INFO  server.RaftServerConfigKeys (ConfUtils.java:logGet(46)) - raft.server.log.preallocated.size = 16384 (custom)
2023-08-31 10:24:24,118 [faefdaa5-b95f-414d-83d1-b299fbae73bf-groupManagement] INFO  server.RaftServerConfigKeys (ConfUtils.java:logGet(46)) - raft.server.log.force.sync.num = 128 (default)
2023-08-31 10:24:24,118 [faefdaa5-b95f-414d-83d1-b299fbae73bf-groupManagement] INFO  server.RaftServerConfigKeys (ConfUtils.java:logGet(46)) - raft.server.log.statemachine.data.sync = true (default)
2023-08-31 10:24:24,118 [faefdaa5-b95f-414d-83d1-b299fbae73bf-groupManagement] INFO  server.RaftServerConfigKeys (ConfUtils.java:logGet(46)) - raft.server.log.statemachine.data.sync.timeout = 10s (default)
2023-08-31 10:24:24,118 [faefdaa5-b95f-414d-83d1-b299fbae73bf-groupManagement] INFO  server.RaftServerConfigKeys (ConfUtils.java:logGet(46)) - raft.server.log.statemachine.data.sync.timeout.retry = -1 (default)
2023-08-31 10:24:24,119 [faefdaa5-b95f-414d-83d1-b299fbae73bf-groupManagement] INFO  server.RaftServerConfigKeys (ConfUtils.java:logGet(46)) - raft.server.log.write.buffer.size = 1048576 (custom)
2023-08-31 10:24:24,125 [faefdaa5-b95f-414d-83d1-b299fbae73bf-groupManagement] INFO  server.RaftServerConfigKeys (ConfUtils.java:logGet(46)) - raft.server.log.appender.buffer.byte-limit = 33554432 (custom)
2023-08-31 10:24:24,125 [EventQueue-OpenPipelineForHealthyPipelineSafeModeRule] INFO  safemode.SCMSafeModeManager (HealthyPipelineSafeModeRule.java:process(137)) - SCM in safe mode. Healthy pipelines reported count is 0, required healthy pipeline reported count is 1
2023-08-31 10:24:24,129 [faefdaa5-b95f-414d-83d1-b299fbae73bf-groupManagement] INFO  server.RaftServerConfigKeys (ConfUtils.java:logGet(46)) - raft.server.log.unsafe-flush.enabled = false (default)
2023-08-31 10:24:24,129 [faefdaa5-b95f-414d-83d1-b299fbae73bf-groupManagement] INFO  server.RaftServerConfigKeys (ConfUtils.java:logGet(46)) - raft.server.log.async-flush.enabled = false (default)
2023-08-31 10:24:24,129 [faefdaa5-b95f-414d-83d1-b299fbae73bf-groupManagement] INFO  server.RaftServerConfigKeys (ConfUtils.java:logGet(46)) - raft.server.log.statemachine.data.caching.enabled = true (custom)
2023-08-31 10:24:24,129 [faefdaa5-b95f-414d-83d1-b299fbae73bf-groupManagement] INFO  segmented.SegmentedRaftLogWorker (SegmentedRaftLogWorker.java:lambda$new$0(135)) - faefdaa5-b95f-414d-83d1-b299fbae73bf@group-F61243B0ED7E-SegmentedRaftLogWorker: flushIndex: setUnconditionally 0 -> -1
2023-08-31 10:24:24,129 [faefdaa5-b95f-414d-83d1-b299fbae73bf-groupManagement] INFO  segmented.SegmentedRaftLogWorker (SegmentedRaftLogWorker.java:lambda$new$0(135)) - faefdaa5-b95f-414d-83d1-b299fbae73bf@group-F61243B0ED7E-SegmentedRaftLogWorker: safeCacheEvictIndex: setUnconditionally 0 -> -1
2023-08-31 10:24:24,129 [faefdaa5-b95f-414d-83d1-b299fbae73bf-groupManagement] INFO  server.RaftServer$Division (RaftServerImpl.java:start(342)) - faefdaa5-b95f-414d-83d1-b299fbae73bf@group-F61243B0ED7E: start as a follower, conf=-1: peers:[1e7dfa45-1203-43e6-a103-23c323d0a6d5|rpc:10.1.0.16:15014|admin:10.1.0.16:15013|client:10.1.0.16:15012|dataStream:10.1.0.16:15015|priority:0|startupRole:FOLLOWER, faefdaa5-b95f-414d-83d1-b299fbae73bf|rpc:10.1.0.16:15023|admin:10.1.0.16:15022|client:10.1.0.16:15021|dataStream:10.1.0.16:15024|priority:1|startupRole:FOLLOWER, d1449997-f54f-4a59-bd40-37f2c04f767d|rpc:10.1.0.16:15032|admin:10.1.0.16:15031|client:10.1.0.16:15030|dataStream:10.1.0.16:15033|priority:0|startupRole:FOLLOWER]|listeners:[], old=null
2023-08-31 10:24:24,129 [faefdaa5-b95f-414d-83d1-b299fbae73bf-groupManagement] INFO  server.RaftServer$Division (RaftServerImpl.java:setRole(329)) - faefdaa5-b95f-414d-83d1-b299fbae73bf@group-F61243B0ED7E: changes role from      null to FOLLOWER at term 0 for startAsFollower
2023-08-31 10:24:24,130 [faefdaa5-b95f-414d-83d1-b299fbae73bf-groupManagement] INFO  impl.RoleInfo (RoleInfo.java:updateAndGet(139)) - faefdaa5-b95f-414d-83d1-b299fbae73bf: start faefdaa5-b95f-414d-83d1-b299fbae73bf@group-F61243B0ED7E-FollowerState
2023-08-31 10:24:24,130 [faefdaa5-b95f-414d-83d1-b299fbae73bf-groupManagement] INFO  util.JmxRegister (JmxRegister.java:tryRegister(44)) - Successfully registered JMX Bean with object name Ratis:service=RaftServer,group=group-F61243B0ED7E,id=faefdaa5-b95f-414d-83d1-b299fbae73bf
2023-08-31 10:24:24,130 [faefdaa5-b95f-414d-83d1-b299fbae73bf-groupManagement] INFO  server.RaftServerConfigKeys (ConfUtils.java:logGet(46)) - raft.server.snapshot.auto.trigger.enabled = true (custom)
2023-08-31 10:24:24,130 [faefdaa5-b95f-414d-83d1-b299fbae73bf-groupManagement] INFO  server.RaftServerConfigKeys (ConfUtils.java:logGet(46)) - raft.server.snapshot.auto.trigger.threshold = 10000 (custom)
2023-08-31 10:24:24,130 [faefdaa5-b95f-414d-83d1-b299fbae73bf-groupManagement] INFO  server.RaftServerConfigKeys (ConfUtils.java:logGet(46)) - raft.server.snapshot.retention.file.num = 5 (custom)
2023-08-31 10:24:24,130 [faefdaa5-b95f-414d-83d1-b299fbae73bf-groupManagement] INFO  server.RaftServerConfigKeys (ConfUtils.java:logGet(46)) - raft.server.log.purge.upto.snapshot.index = false (default)
2023-08-31 10:24:24,130 [faefdaa5-b95f-414d-83d1-b299fbae73bf@group-F61243B0ED7E-FollowerState] INFO  server.RaftServerConfigKeys (ConfUtils.java:logFallback(53)) - raft.server.rpc.first-election.timeout.min = 5s (fallback to raft.server.rpc.timeout.min)
2023-08-31 10:24:24,132 [PipelineCommandHandlerThread-0] INFO  ratis.XceiverServerRatis (XceiverServerRatis.java:addGroup(804)) - Created group PipelineID=9812e624-c75b-4104-b510-f61243b0ed7e
2023-08-31 10:24:24,138 [faefdaa5-b95f-414d-83d1-b299fbae73bf@group-F61243B0ED7E-FollowerState] INFO  server.RaftServerConfigKeys (ConfUtils.java:logFallback(53)) - raft.server.rpc.first-election.timeout.max = 5200ms (fallback to raft.server.rpc.timeout.max)
2023-08-31 10:24:24,363 [grpc-default-executor-0] INFO  server.RaftServer (RaftServerProxy.java:addNew(98)) - d1449997-f54f-4a59-bd40-37f2c04f767d: addNew group-F61243B0ED7E:[1e7dfa45-1203-43e6-a103-23c323d0a6d5|rpc:10.1.0.16:15014|admin:10.1.0.16:15013|client:10.1.0.16:15012|dataStream:10.1.0.16:15015|priority:0|startupRole:FOLLOWER, faefdaa5-b95f-414d-83d1-b299fbae73bf|rpc:10.1.0.16:15023|admin:10.1.0.16:15022|client:10.1.0.16:15021|dataStream:10.1.0.16:15024|priority:1|startupRole:FOLLOWER, d1449997-f54f-4a59-bd40-37f2c04f767d|rpc:10.1.0.16:15032|admin:10.1.0.16:15031|client:10.1.0.16:15030|dataStream:10.1.0.16:15033|priority:0|startupRole:FOLLOWER] returns group-F61243B0ED7E:java.util.concurrent.CompletableFuture@58b651a4[Not completed]
2023-08-31 10:24:24,383 [d1449997-f54f-4a59-bd40-37f2c04f767d-groupManagement] INFO  server.RaftServer$Division (RaftServerImpl.java:<init>(198)) - d1449997-f54f-4a59-bd40-37f2c04f767d: new RaftServerImpl for group-F61243B0ED7E:[1e7dfa45-1203-43e6-a103-23c323d0a6d5|rpc:10.1.0.16:15014|admin:10.1.0.16:15013|client:10.1.0.16:15012|dataStream:10.1.0.16:15015|priority:0|startupRole:FOLLOWER, faefdaa5-b95f-414d-83d1-b299fbae73bf|rpc:10.1.0.16:15023|admin:10.1.0.16:15022|client:10.1.0.16:15021|dataStream:10.1.0.16:15024|priority:1|startupRole:FOLLOWER, d1449997-f54f-4a59-bd40-37f2c04f767d|rpc:10.1.0.16:15032|admin:10.1.0.16:15031|client:10.1.0.16:15030|dataStream:10.1.0.16:15033|priority:0|startupRole:FOLLOWER] with ContainerStateMachine:uninitialized
2023-08-31 10:24:24,383 [d1449997-f54f-4a59-bd40-37f2c04f767d-groupManagement] INFO  server.RaftServerConfigKeys (ConfUtils.java:logGet(46)) - raft.server.rpc.timeout.min = 5s (custom)
2023-08-31 10:24:24,383 [d1449997-f54f-4a59-bd40-37f2c04f767d-groupManagement] INFO  server.RaftServerConfigKeys (ConfUtils.java:logGet(46)) - raft.server.rpc.timeout.max = 5200ms (custom)
2023-08-31 10:24:24,383 [d1449997-f54f-4a59-bd40-37f2c04f767d-groupManagement] INFO  server.RaftServerConfigKeys (ConfUtils.java:logGet(46)) - raft.server.rpc.sleep.time = 25ms (default)
2023-08-31 10:24:24,383 [d1449997-f54f-4a59-bd40-37f2c04f767d-groupManagement] INFO  server.RaftServerConfigKeys (ConfUtils.java:logGet(46)) - raft.server.rpc.slowness.timeout = 300000ms (custom)
2023-08-31 10:24:24,383 [d1449997-f54f-4a59-bd40-37f2c04f767d-groupManagement] INFO  server.RaftServerConfigKeys (ConfUtils.java:logGet(46)) - raft.server.leaderelection.leader.step-down.wait-time = 10s (default)
2023-08-31 10:24:24,383 [d1449997-f54f-4a59-bd40-37f2c04f767d-groupManagement] INFO  server.RaftServerConfigKeys (ConfUtils.java:logGet(46)) - raft.server.sleep.deviation.threshold = 300ms (default)
2023-08-31 10:24:24,384 [d1449997-f54f-4a59-bd40-37f2c04f767d-groupManagement] INFO  server.RaftServer$Division (ServerState.java:<init>(120)) - d1449997-f54f-4a59-bd40-37f2c04f767d@group-F61243B0ED7E: ConfigurationManager, init=-1: peers:[1e7dfa45-1203-43e6-a103-23c323d0a6d5|rpc:10.1.0.16:15014|admin:10.1.0.16:15013|client:10.1.0.16:15012|dataStream:10.1.0.16:15015|priority:0|startupRole:FOLLOWER, faefdaa5-b95f-414d-83d1-b299fbae73bf|rpc:10.1.0.16:15023|admin:10.1.0.16:15022|client:10.1.0.16:15021|dataStream:10.1.0.16:15024|priority:1|startupRole:FOLLOWER, d1449997-f54f-4a59-bd40-37f2c04f767d|rpc:10.1.0.16:15032|admin:10.1.0.16:15031|client:10.1.0.16:15030|dataStream:10.1.0.16:15033|priority:0|startupRole:FOLLOWER]|listeners:[], old=null, confs=<EMPTY_MAP>
2023-08-31 10:24:24,384 [d1449997-f54f-4a59-bd40-37f2c04f767d-groupManagement] INFO  server.RaftServerConfigKeys (ConfUtils.java:logGet(46)) - raft.server.storage.dir = [/home/runner/work/ozone/ozone/hadoop-ozone/integration-test/target/test-dir/MiniOzoneClusterImpl-40ccb4ce-9e5f-48d9-b45c-9251314ec7cc/datanode-2/data/ratis] (custom)
2023-08-31 10:24:24,384 [d1449997-f54f-4a59-bd40-37f2c04f767d-groupManagement] INFO  server.RaftServerConfigKeys (ConfUtils.java:logGet(46)) - raft.server.log.corruption.policy = EXCEPTION (default)
2023-08-31 10:24:24,384 [d1449997-f54f-4a59-bd40-37f2c04f767d-groupManagement] INFO  server.RaftServerConfigKeys (ConfUtils.java:logGet(46)) - raft.server.storage.free-space.min = 0MB (=0) (default)
2023-08-31 10:24:24,384 [d1449997-f54f-4a59-bd40-37f2c04f767d-groupManagement] INFO  server.RaftServerConfigKeys (ConfUtils.java:logGet(46)) - raft.server.notification.no-leader.timeout = 300000ms (custom)
2023-08-31 10:24:24,384 [d1449997-f54f-4a59-bd40-37f2c04f767d-groupManagement] INFO  server.RaftServerConfigKeys (ConfUtils.java:logGet(46)) - raft.server.read.timeout = 10s (default)
2023-08-31 10:24:24,384 [d1449997-f54f-4a59-bd40-37f2c04f767d-groupManagement] INFO  server.RaftServerConfigKeys (ConfUtils.java:logGet(46)) - raft.server.retrycache.expirytime = 600000ms (custom)
2023-08-31 10:24:24,384 [d1449997-f54f-4a59-bd40-37f2c04f767d-groupManagement] INFO  server.RaftServerConfigKeys (ConfUtils.java:logGet(46)) - raft.server.retrycache.statistics.expirytime = 100μs (default)
2023-08-31 10:24:24,384 [d1449997-f54f-4a59-bd40-37f2c04f767d-groupManagement] INFO  server.RaftServerConfigKeys (ConfUtils.java:logGet(46)) - raft.server.read.option = DEFAULT (default)
2023-08-31 10:24:24,388 [d1449997-f54f-4a59-bd40-37f2c04f767d-groupManagement] INFO  server.RaftServerConfigKeys (ConfUtils.java:logGet(46)) - raft.server.rpc.request.timeout = 3000ms (default)
2023-08-31 10:24:24,388 [d1449997-f54f-4a59-bd40-37f2c04f767d-groupManagement] INFO  server.RaftServerConfigKeys (ConfUtils.java:logGet(46)) - raft.server.log.appender.install.snapshot.enabled = false (custom)
2023-08-31 10:24:24,388 [d1449997-f54f-4a59-bd40-37f2c04f767d-groupManagement] INFO  server.RaftServerConfigKeys (ConfUtils.java:logGet(46)) - raft.server.threadpool.server.cached = true (default)
2023-08-31 10:24:24,388 [d1449997-f54f-4a59-bd40-37f2c04f767d-groupManagement] INFO  server.RaftServerConfigKeys (ConfUtils.java:logGet(46)) - raft.server.threadpool.server.size = 0 (default)
2023-08-31 10:24:24,388 [d1449997-f54f-4a59-bd40-37f2c04f767d-groupManagement] INFO  server.RaftServerConfigKeys (ConfUtils.java:logGet(46)) - raft.server.threadpool.client.cached = true (default)
2023-08-31 10:24:24,388 [d1449997-f54f-4a59-bd40-37f2c04f767d-groupManagement] INFO  server.RaftServerConfigKeys (ConfUtils.java:logGet(46)) - raft.server.threadpool.client.size = 0 (default)
2023-08-31 10:24:24,388 [d1449997-f54f-4a59-bd40-37f2c04f767d-groupManagement] INFO  storage.RaftStorageDirectory (RaftStorageDirectoryImpl.java:analyzeStorage(137)) - The storage directory /home/runner/work/ozone/ozone/hadoop-ozone/integration-test/target/test-dir/MiniOzoneClusterImpl-40ccb4ce-9e5f-48d9-b45c-9251314ec7cc/datanode-2/data/ratis/9812e624-c75b-4104-b510-f61243b0ed7e does not exist. Creating ...
2023-08-31 10:24:24,389 [d1449997-f54f-4a59-bd40-37f2c04f767d-groupManagement] INFO  storage.RaftStorageDirectory (RaftStorageDirectoryImpl.java:tryLock(231)) - Lock on /home/runner/work/ozone/ozone/hadoop-ozone/integration-test/target/test-dir/MiniOzoneClusterImpl-40ccb4ce-9e5f-48d9-b45c-9251314ec7cc/datanode-2/data/ratis/9812e624-c75b-4104-b510-f61243b0ed7e/in_use.lock acquired by nodename 34453@fv-az304-998
2023-08-31 10:24:24,390 [d1449997-f54f-4a59-bd40-37f2c04f767d-groupManagement] INFO  storage.RaftStorage (RaftStorageImpl.java:format(96)) - Storage directory /home/runner/work/ozone/ozone/hadoop-ozone/integration-test/target/test-dir/MiniOzoneClusterImpl-40ccb4ce-9e5f-48d9-b45c-9251314ec7cc/datanode-2/data/ratis/9812e624-c75b-4104-b510-f61243b0ed7e has been successfully formatted.
2023-08-31 10:24:24,391 [PipelineCommandHandlerThread-0] INFO  commandhandler.CreatePipelineCommandHandler (CreatePipelineCommandHandler.java:lambda$handle$2(124)) - Created Pipeline RATIS THREE PipelineID=9812e624-c75b-4104-b510-f61243b0ed7e.
2023-08-31 10:24:24,393 [PipelineCommandHandlerThread-0] INFO  server.RaftServer (RaftServerProxy.java:addNew(98)) - 1e7dfa45-1203-43e6-a103-23c323d0a6d5: addNew group-C4FD867AAEB2:[1e7dfa45-1203-43e6-a103-23c323d0a6d5|rpc:10.1.0.16:15014|admin:10.1.0.16:15013|client:10.1.0.16:15012|dataStream:10.1.0.16:15015|priority:0|startupRole:FOLLOWER, faefdaa5-b95f-414d-83d1-b299fbae73bf|rpc:10.1.0.16:15023|admin:10.1.0.16:15022|client:10.1.0.16:15021|dataStream:10.1.0.16:15024|priority:0|startupRole:FOLLOWER, d1449997-f54f-4a59-bd40-37f2c04f767d|rpc:10.1.0.16:15032|admin:10.1.0.16:15031|client:10.1.0.16:15030|dataStream:10.1.0.16:15033|priority:1|startupRole:FOLLOWER] returns group-C4FD867AAEB2:java.util.concurrent.CompletableFuture@21987fa6[Not completed]
2023-08-31 10:24:24,393 [1e7dfa45-1203-43e6-a103-23c323d0a6d5-groupManagement] INFO  server.RaftServer$Division (RaftServerImpl.java:<init>(198)) - 1e7dfa45-1203-43e6-a103-23c323d0a6d5: new RaftServerImpl for group-C4FD867AAEB2:[1e7dfa45-1203-43e6-a103-23c323d0a6d5|rpc:10.1.0.16:15014|admin:10.1.0.16:15013|client:10.1.0.16:15012|dataStream:10.1.0.16:15015|priority:0|startupRole:FOLLOWER, faefdaa5-b95f-414d-83d1-b299fbae73bf|rpc:10.1.0.16:15023|admin:10.1.0.16:15022|client:10.1.0.16:15021|dataStream:10.1.0.16:15024|priority:0|startupRole:FOLLOWER, d1449997-f54f-4a59-bd40-37f2c04f767d|rpc:10.1.0.16:15032|admin:10.1.0.16:15031|client:10.1.0.16:15030|dataStream:10.1.0.16:15033|priority:1|startupRole:FOLLOWER] with ContainerStateMachine:uninitialized
2023-08-31 10:24:24,394 [1e7dfa45-1203-43e6-a103-23c323d0a6d5-groupManagement] INFO  server.RaftServerConfigKeys (ConfUtils.java:logGet(46)) - raft.server.rpc.timeout.min = 5s (custom)
2023-08-31 10:24:24,394 [1e7dfa45-1203-43e6-a103-23c323d0a6d5-groupManagement] INFO  server.RaftServerConfigKeys (ConfUtils.java:logGet(46)) - raft.server.rpc.timeout.max = 5200ms (custom)
2023-08-31 10:24:24,394 [1e7dfa45-1203-43e6-a103-23c323d0a6d5-groupManagement] INFO  server.RaftServerConfigKeys (ConfUtils.java:logGet(46)) - raft.server.rpc.sleep.time = 25ms (default)
2023-08-31 10:24:24,394 [1e7dfa45-1203-43e6-a103-23c323d0a6d5-groupManagement] INFO  server.RaftServerConfigKeys (ConfUtils.java:logGet(46)) - raft.server.rpc.slowness.timeout = 300000ms (custom)
2023-08-31 10:24:24,394 [1e7dfa45-1203-43e6-a103-23c323d0a6d5-groupManagement] INFO  server.RaftServerConfigKeys (ConfUtils.java:logGet(46)) - raft.server.leaderelection.leader.step-down.wait-time = 10s (default)
2023-08-31 10:24:24,394 [1e7dfa45-1203-43e6-a103-23c323d0a6d5-groupManagement] INFO  server.RaftServerConfigKeys (ConfUtils.java:logGet(46)) - raft.server.sleep.deviation.threshold = 300ms (default)
2023-08-31 10:24:24,394 [1e7dfa45-1203-43e6-a103-23c323d0a6d5-groupManagement] INFO  server.RaftServer$Division (ServerState.java:<init>(120)) - 1e7dfa45-1203-43e6-a103-23c323d0a6d5@group-C4FD867AAEB2: ConfigurationManager, init=-1: peers:[1e7dfa45-1203-43e6-a103-23c323d0a6d5|rpc:10.1.0.16:15014|admin:10.1.0.16:15013|client:10.1.0.16:15012|dataStream:10.1.0.16:15015|priority:0|startupRole:FOLLOWER, faefdaa5-b95f-414d-83d1-b299fbae73bf|rpc:10.1.0.16:15023|admin:10.1.0.16:15022|client:10.1.0.16:15021|dataStream:10.1.0.16:15024|priority:0|startupRole:FOLLOWER, d1449997-f54f-4a59-bd40-37f2c04f767d|rpc:10.1.0.16:15032|admin:10.1.0.16:15031|client:10.1.0.16:15030|dataStream:10.1.0.16:15033|priority:1|startupRole:FOLLOWER]|listeners:[], old=null, confs=<EMPTY_MAP>
2023-08-31 10:24:24,394 [1e7dfa45-1203-43e6-a103-23c323d0a6d5-groupManagement] INFO  server.RaftServerConfigKeys (ConfUtils.java:logGet(46)) - raft.server.storage.dir = [/home/runner/work/ozone/ozone/hadoop-ozone/integration-test/target/test-dir/MiniOzoneClusterImpl-40ccb4ce-9e5f-48d9-b45c-9251314ec7cc/datanode-0/data/ratis] (custom)
2023-08-31 10:24:24,394 [1e7dfa45-1203-43e6-a103-23c323d0a6d5-groupManagement] INFO  server.RaftServerConfigKeys (ConfUtils.java:logGet(46)) - raft.server.log.corruption.policy = EXCEPTION (default)
2023-08-31 10:24:24,394 [1e7dfa45-1203-43e6-a103-23c323d0a6d5-groupManagement] INFO  server.RaftServerConfigKeys (ConfUtils.java:logGet(46)) - raft.server.storage.free-space.min = 0MB (=0) (default)
2023-08-31 10:24:24,394 [1e7dfa45-1203-43e6-a103-23c323d0a6d5-groupManagement] INFO  server.RaftServerConfigKeys (ConfUtils.java:logGet(46)) - raft.server.notification.no-leader.timeout = 300000ms (custom)
2023-08-31 10:24:24,394 [1e7dfa45-1203-43e6-a103-23c323d0a6d5-groupManagement] INFO  server.RaftServerConfigKeys (ConfUtils.java:logGet(46)) - raft.server.read.timeout = 10s (default)
2023-08-31 10:24:24,394 [1e7dfa45-1203-43e6-a103-23c323d0a6d5-groupManagement] INFO  server.RaftServerConfigKeys (ConfUtils.java:logGet(46)) - raft.server.retrycache.expirytime = 600000ms (custom)
2023-08-31 10:24:24,394 [1e7dfa45-1203-43e6-a103-23c323d0a6d5-groupManagement] INFO  server.RaftServerConfigKeys (ConfUtils.java:logGet(46)) - raft.server.retrycache.statistics.expirytime = 100μs (default)
2023-08-31 10:24:24,394 [1e7dfa45-1203-43e6-a103-23c323d0a6d5-groupManagement] INFO  server.RaftServerConfigKeys (ConfUtils.java:logGet(46)) - raft.server.read.option = DEFAULT (default)
2023-08-31 10:24:24,396 [PipelineCommandHandlerThread-0] INFO  server.RaftServer (RaftServerProxy.java:addNew(98)) - d1449997-f54f-4a59-bd40-37f2c04f767d: addNew group-C4528CA7DBFC:[d1449997-f54f-4a59-bd40-37f2c04f767d|rpc:10.1.0.16:15032|admin:10.1.0.16:15031|client:10.1.0.16:15030|dataStream:10.1.0.16:15033|priority:1|startupRole:FOLLOWER] returns group-C4528CA7DBFC:java.util.concurrent.CompletableFuture@705f7af6[Not completed]
2023-08-31 10:24:24,397 [d1449997-f54f-4a59-bd40-37f2c04f767d-groupManagement] INFO  ratis.ContainerStateMachine (ContainerStateMachine.java:loadSnapshot(262)) - group-F61243B0ED7E: The snapshot info is null. Setting the last applied indexto:(t:0, i:~)
2023-08-31 10:24:24,399 [d1449997-f54f-4a59-bd40-37f2c04f767d-groupManagement] INFO  server.RaftServerConfigKeys (ConfUtils.java:logGet(46)) - raft.server.log.use.memory = false (default)
2023-08-31 10:24:24,399 [d1449997-f54f-4a59-bd40-37f2c04f767d-groupManagement] INFO  server.RaftServerConfigKeys (ConfUtils.java:logGet(46)) - raft.server.log.purge.gap = 1000000 (custom)
2023-08-31 10:24:24,400 [d1449997-f54f-4a59-bd40-37f2c04f767d-groupManagement] INFO  server.RaftServerConfigKeys (ConfUtils.java:logGet(46)) - raft.server.log.appender.buffer.byte-limit = 33554432 (custom)
2023-08-31 10:24:24,400 [d1449997-f54f-4a59-bd40-37f2c04f767d-groupManagement] INFO  server.RaftServerConfigKeys (ConfUtils.java:logGet(46)) - raft.server.log.statemachine.data.read.timeout = 1000ms (default)
2023-08-31 10:24:24,398 [1e7dfa45-1203-43e6-a103-23c323d0a6d5-groupManagement] INFO  server.RaftServerConfigKeys (ConfUtils.java:logGet(46)) - raft.server.rpc.request.timeout = 3000ms (default)
2023-08-31 10:24:24,400 [1e7dfa45-1203-43e6-a103-23c323d0a6d5-groupManagement] INFO  server.RaftServerConfigKeys (ConfUtils.java:logGet(46)) - raft.server.log.appender.install.snapshot.enabled = false (custom)
2023-08-31 10:24:24,400 [1e7dfa45-1203-43e6-a103-23c323d0a6d5-groupManagement] INFO  server.RaftServerConfigKeys (ConfUtils.java:logGet(46)) - raft.server.threadpool.server.cached = true (default)
2023-08-31 10:24:24,400 [1e7dfa45-1203-43e6-a103-23c323d0a6d5-groupManagement] INFO  server.RaftServerConfigKeys (ConfUtils.java:logGet(46)) - raft.server.threadpool.server.size = 0 (default)
2023-08-31 10:24:24,400 [1e7dfa45-1203-43e6-a103-23c323d0a6d5-groupManagement] INFO  server.RaftServerConfigKeys (ConfUtils.java:logGet(46)) - raft.server.threadpool.client.cached = true (default)
2023-08-31 10:24:24,400 [d1449997-f54f-4a59-bd40-37f2c04f767d-groupManagement] INFO  server.RaftServerConfigKeys (ConfUtils.java:logGet(46)) - raft.server.log.purge.preservation.log.num = 0 (default)
2023-08-31 10:24:24,401 [d1449997-f54f-4a59-bd40-37f2c04f767d-groupManagement] INFO  server.RaftServerConfigKeys (ConfUtils.java:logGet(46)) - raft.server.log.segment.size.max = 1048576 (custom)
2023-08-31 10:24:24,401 [d1449997-f54f-4a59-bd40-37f2c04f767d-groupManagement] INFO  server.RaftServerConfigKeys (ConfUtils.java:logGet(46)) - raft.server.log.segment.cache.num.max = 2 (custom)
2023-08-31 10:24:24,401 [d1449997-f54f-4a59-bd40-37f2c04f767d-groupManagement] INFO  server.RaftServerConfigKeys (ConfUtils.java:logGet(46)) - raft.server.log.segment.cache.size.max = 200MB (=209715200) (default)
2023-08-31 10:24:24,401 [d1449997-f54f-4a59-bd40-37f2c04f767d-groupManagement] INFO  server.RaftServerConfigKeys (ConfUtils.java:logGet(46)) - raft.server.log.appender.buffer.byte-limit = 33554432 (custom)
2023-08-31 10:24:24,401 [d1449997-f54f-4a59-bd40-37f2c04f767d-groupManagement] INFO  segmented.SegmentedRaftLogWorker (SegmentedRaftLogWorker.java:<init>(188)) - new d1449997-f54f-4a59-bd40-37f2c04f767d@group-F61243B0ED7E-SegmentedRaftLogWorker for RaftStorageImpl:Storage Directory /home/runner/work/ozone/ozone/hadoop-ozone/integration-test/target/test-dir/MiniOzoneClusterImpl-40ccb4ce-9e5f-48d9-b45c-9251314ec7cc/datanode-2/data/ratis/9812e624-c75b-4104-b510-f61243b0ed7e
2023-08-31 10:24:24,401 [d1449997-f54f-4a59-bd40-37f2c04f767d-groupManagement] INFO  server.RaftServerConfigKeys (ConfUtils.java:logGet(46)) - raft.server.log.queue.byte-limit = 4294967296 (custom)
2023-08-31 10:24:24,401 [d1449997-f54f-4a59-bd40-37f2c04f767d-groupManagement] INFO  server.RaftServerConfigKeys (ConfUtils.java:logGet(46)) - raft.server.log.queue.element-limit = 1024 (custom)
2023-08-31 10:24:24,401 [d1449997-f54f-4a59-bd40-37f2c04f767d-groupManagement] INFO  server.RaftServerConfigKeys (ConfUtils.java:logGet(46)) - raft.server.log.segment.size.max = 1048576 (custom)
2023-08-31 10:24:24,401 [d1449997-f54f-4a59-bd40-37f2c04f767d-groupManagement] INFO  server.RaftServerConfigKeys (ConfUtils.java:logGet(46)) - raft.server.log.preallocated.size = 16384 (custom)
2023-08-31 10:24:24,401 [d1449997-f54f-4a59-bd40-37f2c04f767d-groupManagement] INFO  server.RaftServerConfigKeys (ConfUtils.java:logGet(46)) - raft.server.log.force.sync.num = 128 (default)
2023-08-31 10:24:24,402 [d1449997-f54f-4a59-bd40-37f2c04f767d-groupManagement] INFO  server.RaftServerConfigKeys (ConfUtils.java:logGet(46)) - raft.server.log.statemachine.data.sync = true (default)
2023-08-31 10:24:24,402 [d1449997-f54f-4a59-bd40-37f2c04f767d-groupManagement] INFO  server.RaftServerConfigKeys (ConfUtils.java:logGet(46)) - raft.server.log.statemachine.data.sync.timeout = 10s (default)
2023-08-31 10:24:24,402 [d1449997-f54f-4a59-bd40-37f2c04f767d-groupManagement] INFO  server.RaftServerConfigKeys (ConfUtils.java:logGet(46)) - raft.server.log.statemachine.data.sync.timeout.retry = -1 (default)
2023-08-31 10:24:24,400 [1e7dfa45-1203-43e6-a103-23c323d0a6d5-groupManagement] INFO  server.RaftServerConfigKeys (ConfUtils.java:logGet(46)) - raft.server.threadpool.client.size = 0 (default)
2023-08-31 10:24:24,402 [d1449997-f54f-4a59-bd40-37f2c04f767d-groupManagement] INFO  server.RaftServerConfigKeys (ConfUtils.java:logGet(46)) - raft.server.log.write.buffer.size = 1048576 (custom)
2023-08-31 10:24:24,403 [d1449997-f54f-4a59-bd40-37f2c04f767d-groupManagement] INFO  server.RaftServerConfigKeys (ConfUtils.java:logGet(46)) - raft.server.log.appender.buffer.byte-limit = 33554432 (custom)
2023-08-31 10:24:24,402 [1e7dfa45-1203-43e6-a103-23c323d0a6d5-groupManagement] INFO  storage.RaftStorageDirectory (RaftStorageDirectoryImpl.java:analyzeStorage(137)) - The storage directory /home/runner/work/ozone/ozone/hadoop-ozone/integration-test/target/test-dir/MiniOzoneClusterImpl-40ccb4ce-9e5f-48d9-b45c-9251314ec7cc/datanode-0/data/ratis/f0ccd0f7-c47b-4664-a6dd-c4fd867aaeb2 does not exist. Creating ...
2023-08-31 10:24:24,405 [1e7dfa45-1203-43e6-a103-23c323d0a6d5-groupManagement] INFO  storage.RaftStorageDirectory (RaftStorageDirectoryImpl.java:tryLock(231)) - Lock on /home/runner/work/ozone/ozone/hadoop-ozone/integration-test/target/test-dir/MiniOzoneClusterImpl-40ccb4ce-9e5f-48d9-b45c-9251314ec7cc/datanode-0/data/ratis/f0ccd0f7-c47b-4664-a6dd-c4fd867aaeb2/in_use.lock acquired by nodename 34453@fv-az304-998
2023-08-31 10:24:24,406 [1e7dfa45-1203-43e6-a103-23c323d0a6d5-groupManagement] INFO  storage.RaftStorage (RaftStorageImpl.java:format(96)) - Storage directory /home/runner/work/ozone/ozone/hadoop-ozone/integration-test/target/test-dir/MiniOzoneClusterImpl-40ccb4ce-9e5f-48d9-b45c-9251314ec7cc/datanode-0/data/ratis/f0ccd0f7-c47b-4664-a6dd-c4fd867aaeb2 has been successfully formatted.
2023-08-31 10:24:24,406 [1e7dfa45-1203-43e6-a103-23c323d0a6d5-groupManagement] INFO  ratis.ContainerStateMachine (ContainerStateMachine.java:loadSnapshot(262)) - group-C4FD867AAEB2: The snapshot info is null. Setting the last applied indexto:(t:0, i:~)
2023-08-31 10:24:24,406 [1e7dfa45-1203-43e6-a103-23c323d0a6d5-groupManagement] INFO  server.RaftServerConfigKeys (ConfUtils.java:logGet(46)) - raft.server.log.use.memory = false (default)
2023-08-31 10:24:24,406 [1e7dfa45-1203-43e6-a103-23c323d0a6d5-groupManagement] INFO  server.RaftServerConfigKeys (ConfUtils.java:logGet(46)) - raft.server.log.purge.gap = 1000000 (custom)
2023-08-31 10:24:24,406 [1e7dfa45-1203-43e6-a103-23c323d0a6d5-groupManagement] INFO  server.RaftServerConfigKeys (ConfUtils.java:logGet(46)) - raft.server.log.appender.buffer.byte-limit = 33554432 (custom)
2023-08-31 10:24:24,406 [1e7dfa45-1203-43e6-a103-23c323d0a6d5-groupManagement] INFO  server.RaftServerConfigKeys (ConfUtils.java:logGet(46)) - raft.server.log.statemachine.data.read.timeout = 1000ms (default)
2023-08-31 10:24:24,406 [1e7dfa45-1203-43e6-a103-23c323d0a6d5-groupManagement] INFO  server.RaftServerConfigKeys (ConfUtils.java:logGet(46)) - raft.server.log.purge.preservation.log.num = 0 (default)
2023-08-31 10:24:24,406 [1e7dfa45-1203-43e6-a103-23c323d0a6d5-groupManagement] INFO  server.RaftServerConfigKeys (ConfUtils.java:logGet(46)) - raft.server.log.segment.size.max = 1048576 (custom)
2023-08-31 10:24:24,408 [EventQueue-OpenPipelineForHealthyPipelineSafeModeRule] INFO  safemode.SCMSafeModeManager (HealthyPipelineSafeModeRule.java:process(137)) - SCM in safe mode. Healthy pipelines reported count is 0, required healthy pipeline reported count is 1
2023-08-31 10:24:24,409 [1e7dfa45-1203-43e6-a103-23c323d0a6d5-groupManagement] INFO  server.RaftServerConfigKeys (ConfUtils.java:logGet(46)) - raft.server.log.segment.cache.num.max = 2 (custom)
2023-08-31 10:24:24,409 [1e7dfa45-1203-43e6-a103-23c323d0a6d5-groupManagement] INFO  server.RaftServerConfigKeys (ConfUtils.java:logGet(46)) - raft.server.log.segment.cache.size.max = 200MB (=209715200) (default)
2023-08-31 10:24:24,409 [1e7dfa45-1203-43e6-a103-23c323d0a6d5-groupManagement] INFO  server.RaftServerConfigKeys (ConfUtils.java:logGet(46)) - raft.server.log.appender.buffer.byte-limit = 33554432 (custom)
2023-08-31 10:24:24,409 [1e7dfa45-1203-43e6-a103-23c323d0a6d5-groupManagement] INFO  segmented.SegmentedRaftLogWorker (SegmentedRaftLogWorker.java:<init>(188)) - new 1e7dfa45-1203-43e6-a103-23c323d0a6d5@group-C4FD867AAEB2-SegmentedRaftLogWorker for RaftStorageImpl:Storage Directory /home/runner/work/ozone/ozone/hadoop-ozone/integration-test/target/test-dir/MiniOzoneClusterImpl-40ccb4ce-9e5f-48d9-b45c-9251314ec7cc/datanode-0/data/ratis/f0ccd0f7-c47b-4664-a6dd-c4fd867aaeb2
2023-08-31 10:24:24,409 [1e7dfa45-1203-43e6-a103-23c323d0a6d5-groupManagement] INFO  server.RaftServerConfigKeys (ConfUtils.java:logGet(46)) - raft.server.log.queue.byte-limit = 4294967296 (custom)
2023-08-31 10:24:24,409 [1e7dfa45-1203-43e6-a103-23c323d0a6d5-groupManagement] INFO  server.RaftServerConfigKeys (ConfUtils.java:logGet(46)) - raft.server.log.queue.element-limit = 1024 (custom)
2023-08-31 10:24:24,409 [1e7dfa45-1203-43e6-a103-23c323d0a6d5-groupManagement] INFO  server.RaftServerConfigKeys (ConfUtils.java:logGet(46)) - raft.server.log.segment.size.max = 1048576 (custom)
2023-08-31 10:24:24,409 [1e7dfa45-1203-43e6-a103-23c323d0a6d5-groupManagement] INFO  server.RaftServerConfigKeys (ConfUtils.java:logGet(46)) - raft.server.log.preallocated.size = 16384 (custom)
2023-08-31 10:24:24,409 [1e7dfa45-1203-43e6-a103-23c323d0a6d5-groupManagement] INFO  server.RaftServerConfigKeys (ConfUtils.java:logGet(46)) - raft.server.log.force.sync.num = 128 (default)
2023-08-31 10:24:24,409 [1e7dfa45-1203-43e6-a103-23c323d0a6d5-groupManagement] INFO  server.RaftServerConfigKeys (ConfUtils.java:logGet(46)) - raft.server.log.statemachine.data.sync = true (default)
2023-08-31 10:24:24,409 [1e7dfa45-1203-43e6-a103-23c323d0a6d5-groupManagement] INFO  server.RaftServerConfigKeys (ConfUtils.java:logGet(46)) - raft.server.log.statemachine.data.sync.timeout = 10s (default)
2023-08-31 10:24:24,409 [1e7dfa45-1203-43e6-a103-23c323d0a6d5-groupManagement] INFO  server.RaftServerConfigKeys (ConfUtils.java:logGet(46)) - raft.server.log.statemachine.data.sync.timeout.retry = -1 (default)
2023-08-31 10:24:24,410 [d1449997-f54f-4a59-bd40-37f2c04f767d-groupManagement] INFO  server.RaftServerConfigKeys (ConfUtils.java:logGet(46)) - raft.server.log.unsafe-flush.enabled = false (default)
2023-08-31 10:24:24,410 [1e7dfa45-1203-43e6-a103-23c323d0a6d5-groupManagement] INFO  server.RaftServerConfigKeys (ConfUtils.java:logGet(46)) - raft.server.log.write.buffer.size = 1048576 (custom)
2023-08-31 10:24:24,411 [1e7dfa45-1203-43e6-a103-23c323d0a6d5-groupManagement] INFO  server.RaftServerConfigKeys (ConfUtils.java:logGet(46)) - raft.server.log.appender.buffer.byte-limit = 33554432 (custom)
2023-08-31 10:24:24,410 [d1449997-f54f-4a59-bd40-37f2c04f767d-groupManagement] INFO  server.RaftServerConfigKeys (ConfUtils.java:logGet(46)) - raft.server.log.async-flush.enabled = false (default)
2023-08-31 10:24:24,412 [d1449997-f54f-4a59-bd40-37f2c04f767d-groupManagement] INFO  server.RaftServerConfigKeys (ConfUtils.java:logGet(46)) - raft.server.log.statemachine.data.caching.enabled = true (custom)
2023-08-31 10:24:24,412 [d1449997-f54f-4a59-bd40-37f2c04f767d-groupManagement] INFO  segmented.SegmentedRaftLogWorker (SegmentedRaftLogWorker.java:lambda$new$0(135)) - d1449997-f54f-4a59-bd40-37f2c04f767d@group-F61243B0ED7E-SegmentedRaftLogWorker: flushIndex: setUnconditionally 0 -> -1
2023-08-31 10:24:24,412 [d1449997-f54f-4a59-bd40-37f2c04f767d-groupManagement] INFO  segmented.SegmentedRaftLogWorker (SegmentedRaftLogWorker.java:lambda$new$0(135)) - d1449997-f54f-4a59-bd40-37f2c04f767d@group-F61243B0ED7E-SegmentedRaftLogWorker: safeCacheEvictIndex: setUnconditionally 0 -> -1
2023-08-31 10:24:24,414 [d1449997-f54f-4a59-bd40-37f2c04f767d-groupManagement] INFO  server.RaftServer$Division (RaftServerImpl.java:start(342)) - d1449997-f54f-4a59-bd40-37f2c04f767d@group-F61243B0ED7E: start as a follower, conf=-1: peers:[1e7dfa45-1203-43e6-a103-23c323d0a6d5|rpc:10.1.0.16:15014|admin:10.1.0.16:15013|client:10.1.0.16:15012|dataStream:10.1.0.16:15015|priority:0|startupRole:FOLLOWER, faefdaa5-b95f-414d-83d1-b299fbae73bf|rpc:10.1.0.16:15023|admin:10.1.0.16:15022|client:10.1.0.16:15021|dataStream:10.1.0.16:15024|priority:1|startupRole:FOLLOWER, d1449997-f54f-4a59-bd40-37f2c04f767d|rpc:10.1.0.16:15032|admin:10.1.0.16:15031|client:10.1.0.16:15030|dataStream:10.1.0.16:15033|priority:0|startupRole:FOLLOWER]|listeners:[], old=null
2023-08-31 10:24:24,414 [d1449997-f54f-4a59-bd40-37f2c04f767d-groupManagement] INFO  server.RaftServer$Division (RaftServerImpl.java:setRole(329)) - d1449997-f54f-4a59-bd40-37f2c04f767d@group-F61243B0ED7E: changes role from      null to FOLLOWER at term 0 for startAsFollower
2023-08-31 10:24:24,414 [d1449997-f54f-4a59-bd40-37f2c04f767d-groupManagement] INFO  impl.RoleInfo (RoleInfo.java:updateAndGet(139)) - d1449997-f54f-4a59-bd40-37f2c04f767d: start d1449997-f54f-4a59-bd40-37f2c04f767d@group-F61243B0ED7E-FollowerState
2023-08-31 10:24:24,415 [d1449997-f54f-4a59-bd40-37f2c04f767d-groupManagement] INFO  util.JmxRegister (JmxRegister.java:tryRegister(44)) - Successfully registered JMX Bean with object name Ratis:service=RaftServer,group=group-F61243B0ED7E,id=d1449997-f54f-4a59-bd40-37f2c04f767d
2023-08-31 10:24:24,415 [d1449997-f54f-4a59-bd40-37f2c04f767d-groupManagement] INFO  server.RaftServerConfigKeys (ConfUtils.java:logGet(46)) - raft.server.snapshot.auto.trigger.enabled = true (custom)
2023-08-31 10:24:24,416 [d1449997-f54f-4a59-bd40-37f2c04f767d-groupManagement] INFO  server.RaftServerConfigKeys (ConfUtils.java:logGet(46)) - raft.server.snapshot.auto.trigger.threshold = 10000 (custom)
2023-08-31 10:24:24,416 [d1449997-f54f-4a59-bd40-37f2c04f767d-groupManagement] INFO  server.RaftServerConfigKeys (ConfUtils.java:logGet(46)) - raft.server.snapshot.retention.file.num = 5 (custom)
2023-08-31 10:24:24,416 [d1449997-f54f-4a59-bd40-37f2c04f767d-groupManagement] INFO  server.RaftServerConfigKeys (ConfUtils.java:logGet(46)) - raft.server.log.purge.upto.snapshot.index = false (default)
2023-08-31 10:24:24,417 [d1449997-f54f-4a59-bd40-37f2c04f767d@group-F61243B0ED7E-FollowerState] INFO  server.RaftServerConfigKeys (ConfUtils.java:logFallback(53)) - raft.server.rpc.first-election.timeout.min = 5s (fallback to raft.server.rpc.timeout.min)
2023-08-31 10:24:24,420 [d1449997-f54f-4a59-bd40-37f2c04f767d@group-F61243B0ED7E-FollowerState] INFO  server.RaftServerConfigKeys (ConfUtils.java:logFallback(53)) - raft.server.rpc.first-election.timeout.max = 5200ms (fallback to raft.server.rpc.timeout.max)
2023-08-31 10:24:24,418 [1e7dfa45-1203-43e6-a103-23c323d0a6d5-groupManagement] INFO  server.RaftServerConfigKeys (ConfUtils.java:logGet(46)) - raft.server.log.unsafe-flush.enabled = false (default)
2023-08-31 10:24:24,420 [1e7dfa45-1203-43e6-a103-23c323d0a6d5-groupManagement] INFO  server.RaftServerConfigKeys (ConfUtils.java:logGet(46)) - raft.server.log.async-flush.enabled = false (default)
2023-08-31 10:24:24,420 [1e7dfa45-1203-43e6-a103-23c323d0a6d5-groupManagement] INFO  server.RaftServerConfigKeys (ConfUtils.java:logGet(46)) - raft.server.log.statemachine.data.caching.enabled = true (custom)
2023-08-31 10:24:24,420 [1e7dfa45-1203-43e6-a103-23c323d0a6d5-groupManagement] INFO  segmented.SegmentedRaftLogWorker (SegmentedRaftLogWorker.java:lambda$new$0(135)) - 1e7dfa45-1203-43e6-a103-23c323d0a6d5@group-C4FD867AAEB2-SegmentedRaftLogWorker: flushIndex: setUnconditionally 0 -> -1
2023-08-31 10:24:24,420 [1e7dfa45-1203-43e6-a103-23c323d0a6d5-groupManagement] INFO  segmented.SegmentedRaftLogWorker (SegmentedRaftLogWorker.java:lambda$new$0(135)) - 1e7dfa45-1203-43e6-a103-23c323d0a6d5@group-C4FD867AAEB2-SegmentedRaftLogWorker: safeCacheEvictIndex: setUnconditionally 0 -> -1
2023-08-31 10:24:24,421 [d1449997-f54f-4a59-bd40-37f2c04f767d-groupManagement] INFO  server.RaftServer$Division (RaftServerImpl.java:<init>(198)) - d1449997-f54f-4a59-bd40-37f2c04f767d: new RaftServerImpl for group-C4528CA7DBFC:[d1449997-f54f-4a59-bd40-37f2c04f767d|rpc:10.1.0.16:15032|admin:10.1.0.16:15031|client:10.1.0.16:15030|dataStream:10.1.0.16:15033|priority:1|startupRole:FOLLOWER] with ContainerStateMachine:uninitialized
2023-08-31 10:24:24,421 [d1449997-f54f-4a59-bd40-37f2c04f767d-groupManagement] INFO  server.RaftServerConfigKeys (ConfUtils.java:logGet(46)) - raft.server.rpc.timeout.min = 5s (custom)
2023-08-31 10:24:24,422 [d1449997-f54f-4a59-bd40-37f2c04f767d-groupManagement] INFO  server.RaftServerConfigKeys (ConfUtils.java:logGet(46)) - raft.server.rpc.timeout.max = 5200ms (custom)
2023-08-31 10:24:24,422 [d1449997-f54f-4a59-bd40-37f2c04f767d-groupManagement] INFO  server.RaftServerConfigKeys (ConfUtils.java:logGet(46)) - raft.server.rpc.sleep.time = 25ms (default)
2023-08-31 10:24:24,422 [d1449997-f54f-4a59-bd40-37f2c04f767d-groupManagement] INFO  server.RaftServerConfigKeys (ConfUtils.java:logGet(46)) - raft.server.rpc.slowness.timeout = 300000ms (custom)
2023-08-31 10:24:24,422 [d1449997-f54f-4a59-bd40-37f2c04f767d-groupManagement] INFO  server.RaftServerConfigKeys (ConfUtils.java:logGet(46)) - raft.server.leaderelection.leader.step-down.wait-time = 10s (default)
2023-08-31 10:24:24,422 [d1449997-f54f-4a59-bd40-37f2c04f767d-groupManagement] INFO  server.RaftServerConfigKeys (ConfUtils.java:logGet(46)) - raft.server.sleep.deviation.threshold = 300ms (default)
2023-08-31 10:24:24,422 [d1449997-f54f-4a59-bd40-37f2c04f767d-groupManagement] INFO  server.RaftServer$Division (ServerState.java:<init>(120)) - d1449997-f54f-4a59-bd40-37f2c04f767d@group-C4528CA7DBFC: ConfigurationManager, init=-1: peers:[d1449997-f54f-4a59-bd40-37f2c04f767d|rpc:10.1.0.16:15032|admin:10.1.0.16:15031|client:10.1.0.16:15030|dataStream:10.1.0.16:15033|priority:1|startupRole:FOLLOWER]|listeners:[], old=null, confs=<EMPTY_MAP>
2023-08-31 10:24:24,422 [d1449997-f54f-4a59-bd40-37f2c04f767d-groupManagement] INFO  server.RaftServerConfigKeys (ConfUtils.java:logGet(46)) - raft.server.storage.dir = [/home/runner/work/ozone/ozone/hadoop-ozone/integration-test/target/test-dir/MiniOzoneClusterImpl-40ccb4ce-9e5f-48d9-b45c-9251314ec7cc/datanode-2/data/ratis] (custom)
2023-08-31 10:24:24,422 [d1449997-f54f-4a59-bd40-37f2c04f767d-groupManagement] INFO  server.RaftServerConfigKeys (ConfUtils.java:logGet(46)) - raft.server.log.corruption.policy = EXCEPTION (default)
2023-08-31 10:24:24,422 [d1449997-f54f-4a59-bd40-37f2c04f767d-groupManagement] INFO  server.RaftServerConfigKeys (ConfUtils.java:logGet(46)) - raft.server.storage.free-space.min = 0MB (=0) (default)
2023-08-31 10:24:24,422 [d1449997-f54f-4a59-bd40-37f2c04f767d-groupManagement] INFO  server.RaftServerConfigKeys (ConfUtils.java:logGet(46)) - raft.server.notification.no-leader.timeout = 300000ms (custom)
2023-08-31 10:24:24,422 [d1449997-f54f-4a59-bd40-37f2c04f767d-groupManagement] INFO  server.RaftServerConfigKeys (ConfUtils.java:logGet(46)) - raft.server.read.timeout = 10s (default)
2023-08-31 10:24:24,422 [d1449997-f54f-4a59-bd40-37f2c04f767d-groupManagement] INFO  server.RaftServerConfigKeys (ConfUtils.java:logGet(46)) - raft.server.retrycache.expirytime = 600000ms (custom)
2023-08-31 10:24:24,422 [d1449997-f54f-4a59-bd40-37f2c04f767d-groupManagement] INFO  server.RaftServerConfigKeys (ConfUtils.java:logGet(46)) - raft.server.retrycache.statistics.expirytime = 100μs (default)
2023-08-31 10:24:24,422 [d1449997-f54f-4a59-bd40-37f2c04f767d-groupManagement] INFO  server.RaftServerConfigKeys (ConfUtils.java:logGet(46)) - raft.server.read.option = DEFAULT (default)
2023-08-31 10:24:24,423 [d1449997-f54f-4a59-bd40-37f2c04f767d-groupManagement] INFO  server.RaftServerConfigKeys (ConfUtils.java:logGet(46)) - raft.server.rpc.request.timeout = 3000ms (default)
2023-08-31 10:24:24,423 [d1449997-f54f-4a59-bd40-37f2c04f767d-groupManagement] INFO  server.RaftServerConfigKeys (ConfUtils.java:logGet(46)) - raft.server.log.appender.install.snapshot.enabled = false (custom)
2023-08-31 10:24:24,423 [d1449997-f54f-4a59-bd40-37f2c04f767d-groupManagement] INFO  server.RaftServerConfigKeys (ConfUtils.java:logGet(46)) - raft.server.threadpool.server.cached = true (default)
2023-08-31 10:24:24,424 [d1449997-f54f-4a59-bd40-37f2c04f767d-groupManagement] INFO  server.RaftServerConfigKeys (ConfUtils.java:logGet(46)) - raft.server.threadpool.server.size = 0 (default)
2023-08-31 10:24:24,424 [d1449997-f54f-4a59-bd40-37f2c04f767d-groupManagement] INFO  server.RaftServerConfigKeys (ConfUtils.java:logGet(46)) - raft.server.threadpool.client.cached = true (default)
2023-08-31 10:24:24,424 [d1449997-f54f-4a59-bd40-37f2c04f767d-groupManagement] INFO  server.RaftServerConfigKeys (ConfUtils.java:logGet(46)) - raft.server.threadpool.client.size = 0 (default)
2023-08-31 10:24:24,424 [d1449997-f54f-4a59-bd40-37f2c04f767d-groupManagement] INFO  storage.RaftStorageDirectory (RaftStorageDirectoryImpl.java:analyzeStorage(137)) - The storage directory /home/runner/work/ozone/ozone/hadoop-ozone/integration-test/target/test-dir/MiniOzoneClusterImpl-40ccb4ce-9e5f-48d9-b45c-9251314ec7cc/datanode-2/data/ratis/41cb957b-1920-4244-8078-c4528ca7dbfc does not exist. Creating ...
2023-08-31 10:24:24,425 [d1449997-f54f-4a59-bd40-37f2c04f767d-groupManagement] INFO  storage.RaftStorageDirectory (RaftStorageDirectoryImpl.java:tryLock(231)) - Lock on /home/runner/work/ozone/ozone/hadoop-ozone/integration-test/target/test-dir/MiniOzoneClusterImpl-40ccb4ce-9e5f-48d9-b45c-9251314ec7cc/datanode-2/data/ratis/41cb957b-1920-4244-8078-c4528ca7dbfc/in_use.lock acquired by nodename 34453@fv-az304-998
2023-08-31 10:24:24,427 [d1449997-f54f-4a59-bd40-37f2c04f767d-groupManagement] INFO  storage.RaftStorage (RaftStorageImpl.java:format(96)) - Storage directory /home/runner/work/ozone/ozone/hadoop-ozone/integration-test/target/test-dir/MiniOzoneClusterImpl-40ccb4ce-9e5f-48d9-b45c-9251314ec7cc/datanode-2/data/ratis/41cb957b-1920-4244-8078-c4528ca7dbfc has been successfully formatted.
2023-08-31 10:24:24,428 [1e7dfa45-1203-43e6-a103-23c323d0a6d5-groupManagement] INFO  server.RaftServer$Division (RaftServerImpl.java:start(342)) - 1e7dfa45-1203-43e6-a103-23c323d0a6d5@group-C4FD867AAEB2: start as a follower, conf=-1: peers:[1e7dfa45-1203-43e6-a103-23c323d0a6d5|rpc:10.1.0.16:15014|admin:10.1.0.16:15013|client:10.1.0.16:15012|dataStream:10.1.0.16:15015|priority:0|startupRole:FOLLOWER, faefdaa5-b95f-414d-83d1-b299fbae73bf|rpc:10.1.0.16:15023|admin:10.1.0.16:15022|client:10.1.0.16:15021|dataStream:10.1.0.16:15024|priority:0|startupRole:FOLLOWER, d1449997-f54f-4a59-bd40-37f2c04f767d|rpc:10.1.0.16:15032|admin:10.1.0.16:15031|client:10.1.0.16:15030|dataStream:10.1.0.16:15033|priority:1|startupRole:FOLLOWER]|listeners:[], old=null
2023-08-31 10:24:24,429 [1e7dfa45-1203-43e6-a103-23c323d0a6d5-groupManagement] INFO  server.RaftServer$Division (RaftServerImpl.java:setRole(329)) - 1e7dfa45-1203-43e6-a103-23c323d0a6d5@group-C4FD867AAEB2: changes role from      null to FOLLOWER at term 0 for startAsFollower
2023-08-31 10:24:24,429 [1e7dfa45-1203-43e6-a103-23c323d0a6d5-groupManagement] INFO  impl.RoleInfo (RoleInfo.java:updateAndGet(139)) - 1e7dfa45-1203-43e6-a103-23c323d0a6d5: start 1e7dfa45-1203-43e6-a103-23c323d0a6d5@group-C4FD867AAEB2-FollowerState
2023-08-31 10:24:24,429 [1e7dfa45-1203-43e6-a103-23c323d0a6d5-groupManagement] INFO  util.JmxRegister (JmxRegister.java:tryRegister(44)) - Successfully registered JMX Bean with object name Ratis:service=RaftServer,group=group-C4FD867AAEB2,id=1e7dfa45-1203-43e6-a103-23c323d0a6d5
2023-08-31 10:24:24,429 [1e7dfa45-1203-43e6-a103-23c323d0a6d5-groupManagement] INFO  server.RaftServerConfigKeys (ConfUtils.java:logGet(46)) - raft.server.snapshot.auto.trigger.enabled = true (custom)
2023-08-31 10:24:24,429 [1e7dfa45-1203-43e6-a103-23c323d0a6d5-groupManagement] INFO  server.RaftServerConfigKeys (ConfUtils.java:logGet(46)) - raft.server.snapshot.auto.trigger.threshold = 10000 (custom)
2023-08-31 10:24:24,429 [1e7dfa45-1203-43e6-a103-23c323d0a6d5-groupManagement] INFO  server.RaftServerConfigKeys (ConfUtils.java:logGet(46)) - raft.server.snapshot.retention.file.num = 5 (custom)
2023-08-31 10:24:24,429 [1e7dfa45-1203-43e6-a103-23c323d0a6d5-groupManagement] INFO  server.RaftServerConfigKeys (ConfUtils.java:logGet(46)) - raft.server.log.purge.upto.snapshot.index = false (default)
2023-08-31 10:24:24,434 [1e7dfa45-1203-43e6-a103-23c323d0a6d5@group-C4FD867AAEB2-FollowerState] INFO  server.RaftServerConfigKeys (ConfUtils.java:logFallback(53)) - raft.server.rpc.first-election.timeout.min = 5s (fallback to raft.server.rpc.timeout.min)
2023-08-31 10:24:24,435 [PipelineCommandHandlerThread-0] INFO  ratis.XceiverServerRatis (XceiverServerRatis.java:addGroup(804)) - Created group PipelineID=f0ccd0f7-c47b-4664-a6dd-c4fd867aaeb2
2023-08-31 10:24:24,441 [d1449997-f54f-4a59-bd40-37f2c04f767d-groupManagement] INFO  ratis.ContainerStateMachine (ContainerStateMachine.java:loadSnapshot(262)) - group-C4528CA7DBFC: The snapshot info is null. Setting the last applied indexto:(t:0, i:~)
2023-08-31 10:24:24,441 [d1449997-f54f-4a59-bd40-37f2c04f767d-groupManagement] INFO  server.RaftServerConfigKeys (ConfUtils.java:logGet(46)) - raft.server.log.use.memory = false (default)
2023-08-31 10:24:24,442 [d1449997-f54f-4a59-bd40-37f2c04f767d-groupManagement] INFO  server.RaftServerConfigKeys (ConfUtils.java:logGet(46)) - raft.server.log.purge.gap = 1000000 (custom)
2023-08-31 10:24:24,442 [d1449997-f54f-4a59-bd40-37f2c04f767d-groupManagement] INFO  server.RaftServerConfigKeys (ConfUtils.java:logGet(46)) - raft.server.log.appender.buffer.byte-limit = 33554432 (custom)
2023-08-31 10:24:24,442 [d1449997-f54f-4a59-bd40-37f2c04f767d-groupManagement] INFO  server.RaftServerConfigKeys (ConfUtils.java:logGet(46)) - raft.server.log.statemachine.data.read.timeout = 1000ms (default)
2023-08-31 10:24:24,442 [d1449997-f54f-4a59-bd40-37f2c04f767d-groupManagement] INFO  server.RaftServerConfigKeys (ConfUtils.java:logGet(46)) - raft.server.log.purge.preservation.log.num = 0 (default)
2023-08-31 10:24:24,442 [d1449997-f54f-4a59-bd40-37f2c04f767d-groupManagement] INFO  server.RaftServerConfigKeys (ConfUtils.java:logGet(46)) - raft.server.log.segment.size.max = 1048576 (custom)
2023-08-31 10:24:24,442 [d1449997-f54f-4a59-bd40-37f2c04f767d-groupManagement] INFO  server.RaftServerConfigKeys (ConfUtils.java:logGet(46)) - raft.server.log.segment.cache.num.max = 2 (custom)
2023-08-31 10:24:24,442 [d1449997-f54f-4a59-bd40-37f2c04f767d-groupManagement] INFO  server.RaftServerConfigKeys (ConfUtils.java:logGet(46)) - raft.server.log.segment.cache.size.max = 200MB (=209715200) (default)
2023-08-31 10:24:24,442 [d1449997-f54f-4a59-bd40-37f2c04f767d-groupManagement] INFO  server.RaftServerConfigKeys (ConfUtils.java:logGet(46)) - raft.server.log.appender.buffer.byte-limit = 33554432 (custom)
2023-08-31 10:24:24,442 [d1449997-f54f-4a59-bd40-37f2c04f767d-groupManagement] INFO  segmented.SegmentedRaftLogWorker (SegmentedRaftLogWorker.java:<init>(188)) - new d1449997-f54f-4a59-bd40-37f2c04f767d@group-C4528CA7DBFC-SegmentedRaftLogWorker for RaftStorageImpl:Storage Directory /home/runner/work/ozone/ozone/hadoop-ozone/integration-test/target/test-dir/MiniOzoneClusterImpl-40ccb4ce-9e5f-48d9-b45c-9251314ec7cc/datanode-2/data/ratis/41cb957b-1920-4244-8078-c4528ca7dbfc
2023-08-31 10:24:24,442 [d1449997-f54f-4a59-bd40-37f2c04f767d-groupManagement] INFO  server.RaftServerConfigKeys (ConfUtils.java:logGet(46)) - raft.server.log.queue.byte-limit = 4294967296 (custom)
2023-08-31 10:24:24,442 [d1449997-f54f-4a59-bd40-37f2c04f767d-groupManagement] INFO  server.RaftServerConfigKeys (ConfUtils.java:logGet(46)) - raft.server.log.queue.element-limit = 1024 (custom)
2023-08-31 10:24:24,442 [d1449997-f54f-4a59-bd40-37f2c04f767d-groupManagement] INFO  server.RaftServerConfigKeys (ConfUtils.java:logGet(46)) - raft.server.log.segment.size.max = 1048576 (custom)
2023-08-31 10:24:24,442 [d1449997-f54f-4a59-bd40-37f2c04f767d-groupManagement] INFO  server.RaftServerConfigKeys (ConfUtils.java:logGet(46)) - raft.server.log.preallocated.size = 16384 (custom)
2023-08-31 10:24:24,442 [d1449997-f54f-4a59-bd40-37f2c04f767d-groupManagement] INFO  server.RaftServerConfigKeys (ConfUtils.java:logGet(46)) - raft.server.log.force.sync.num = 128 (default)
2023-08-31 10:24:24,442 [d1449997-f54f-4a59-bd40-37f2c04f767d-groupManagement] INFO  server.RaftServerConfigKeys (ConfUtils.java:logGet(46)) - raft.server.log.statemachine.data.sync = true (default)
2023-08-31 10:24:24,443 [d1449997-f54f-4a59-bd40-37f2c04f767d-groupManagement] INFO  server.RaftServerConfigKeys (ConfUtils.java:logGet(46)) - raft.server.log.statemachine.data.sync.timeout = 10s (default)
2023-08-31 10:24:24,443 [d1449997-f54f-4a59-bd40-37f2c04f767d-groupManagement] INFO  server.RaftServerConfigKeys (ConfUtils.java:logGet(46)) - raft.server.log.statemachine.data.sync.timeout.retry = -1 (default)
2023-08-31 10:24:24,443 [d1449997-f54f-4a59-bd40-37f2c04f767d-groupManagement] INFO  server.RaftServerConfigKeys (ConfUtils.java:logGet(46)) - raft.server.log.write.buffer.size = 1048576 (custom)
2023-08-31 10:24:24,444 [d1449997-f54f-4a59-bd40-37f2c04f767d-groupManagement] INFO  server.RaftServerConfigKeys (ConfUtils.java:logGet(46)) - raft.server.log.appender.buffer.byte-limit = 33554432 (custom)
2023-08-31 10:24:24,441 [1e7dfa45-1203-43e6-a103-23c323d0a6d5@group-C4FD867AAEB2-FollowerState] INFO  server.RaftServerConfigKeys (ConfUtils.java:logFallback(53)) - raft.server.rpc.first-election.timeout.max = 5200ms (fallback to raft.server.rpc.timeout.max)
2023-08-31 10:24:24,451 [d1449997-f54f-4a59-bd40-37f2c04f767d-groupManagement] INFO  server.RaftServerConfigKeys (ConfUtils.java:logGet(46)) - raft.server.log.unsafe-flush.enabled = false (default)
2023-08-31 10:24:24,451 [d1449997-f54f-4a59-bd40-37f2c04f767d-groupManagement] INFO  server.RaftServerConfigKeys (ConfUtils.java:logGet(46)) - raft.server.log.async-flush.enabled = false (default)
2023-08-31 10:24:24,451 [d1449997-f54f-4a59-bd40-37f2c04f767d-groupManagement] INFO  server.RaftServerConfigKeys (ConfUtils.java:logGet(46)) - raft.server.log.statemachine.data.caching.enabled = true (custom)
2023-08-31 10:24:24,451 [d1449997-f54f-4a59-bd40-37f2c04f767d-groupManagement] INFO  segmented.SegmentedRaftLogWorker (SegmentedRaftLogWorker.java:lambda$new$0(135)) - d1449997-f54f-4a59-bd40-37f2c04f767d@group-C4528CA7DBFC-SegmentedRaftLogWorker: flushIndex: setUnconditionally 0 -> -1
2023-08-31 10:24:24,453 [d1449997-f54f-4a59-bd40-37f2c04f767d-groupManagement] INFO  segmented.SegmentedRaftLogWorker (SegmentedRaftLogWorker.java:lambda$new$0(135)) - d1449997-f54f-4a59-bd40-37f2c04f767d@group-C4528CA7DBFC-SegmentedRaftLogWorker: safeCacheEvictIndex: setUnconditionally 0 -> -1
2023-08-31 10:24:24,454 [EventQueue-PipelineReportForPipelineReportHandler] INFO  pipeline.PipelineReportHandler (PipelineReportHandler.java:processPipelineReport(136)) - Opened pipeline PipelineID=41cb957b-1920-4244-8078-c4528ca7dbfc
2023-08-31 10:24:24,454 [EventQueue-OpenPipelineForHealthyPipelineSafeModeRule] INFO  safemode.SCMSafeModeManager (HealthyPipelineSafeModeRule.java:process(137)) - SCM in safe mode. Healthy pipelines reported count is 0, required healthy pipeline reported count is 1
2023-08-31 10:24:24,455 [d1449997-f54f-4a59-bd40-37f2c04f767d-groupManagement] INFO  server.RaftServer$Division (RaftServerImpl.java:start(342)) - d1449997-f54f-4a59-bd40-37f2c04f767d@group-C4528CA7DBFC: start as a follower, conf=-1: peers:[d1449997-f54f-4a59-bd40-37f2c04f767d|rpc:10.1.0.16:15032|admin:10.1.0.16:15031|client:10.1.0.16:15030|dataStream:10.1.0.16:15033|priority:1|startupRole:FOLLOWER]|listeners:[], old=null
2023-08-31 10:24:24,455 [d1449997-f54f-4a59-bd40-37f2c04f767d-groupManagement] INFO  server.RaftServer$Division (RaftServerImpl.java:setRole(329)) - d1449997-f54f-4a59-bd40-37f2c04f767d@group-C4528CA7DBFC: changes role from      null to FOLLOWER at term 0 for startAsFollower
2023-08-31 10:24:24,455 [d1449997-f54f-4a59-bd40-37f2c04f767d-groupManagement] INFO  impl.RoleInfo (RoleInfo.java:updateAndGet(139)) - d1449997-f54f-4a59-bd40-37f2c04f767d: start d1449997-f54f-4a59-bd40-37f2c04f767d@group-C4528CA7DBFC-FollowerState
2023-08-31 10:24:24,463 [d1449997-f54f-4a59-bd40-37f2c04f767d-groupManagement] INFO  util.JmxRegister (JmxRegister.java:tryRegister(44)) - Successfully registered JMX Bean with object name Ratis:service=RaftServer,group=group-C4528CA7DBFC,id=d1449997-f54f-4a59-bd40-37f2c04f767d
2023-08-31 10:24:24,463 [d1449997-f54f-4a59-bd40-37f2c04f767d-groupManagement] INFO  server.RaftServerConfigKeys (ConfUtils.java:logGet(46)) - raft.server.snapshot.auto.trigger.enabled = true (custom)
2023-08-31 10:24:24,463 [d1449997-f54f-4a59-bd40-37f2c04f767d-groupManagement] INFO  server.RaftServerConfigKeys (ConfUtils.java:logGet(46)) - raft.server.snapshot.auto.trigger.threshold = 10000 (custom)
2023-08-31 10:24:24,463 [d1449997-f54f-4a59-bd40-37f2c04f767d-groupManagement] INFO  server.RaftServerConfigKeys (ConfUtils.java:logGet(46)) - raft.server.snapshot.retention.file.num = 5 (custom)
2023-08-31 10:24:24,463 [d1449997-f54f-4a59-bd40-37f2c04f767d-groupManagement] INFO  server.RaftServerConfigKeys (ConfUtils.java:logGet(46)) - raft.server.log.purge.upto.snapshot.index = false (default)
2023-08-31 10:24:24,464 [d1449997-f54f-4a59-bd40-37f2c04f767d@group-C4528CA7DBFC-FollowerState] INFO  server.RaftServerConfigKeys (ConfUtils.java:logFallback(53)) - raft.server.rpc.first-election.timeout.min = 5s (fallback to raft.server.rpc.timeout.min)
2023-08-31 10:24:24,464 [d1449997-f54f-4a59-bd40-37f2c04f767d@group-C4528CA7DBFC-FollowerState] INFO  server.RaftServerConfigKeys (ConfUtils.java:logFallback(53)) - raft.server.rpc.first-election.timeout.max = 5200ms (fallback to raft.server.rpc.timeout.max)
2023-08-31 10:24:24,464 [PipelineCommandHandlerThread-0] INFO  ratis.XceiverServerRatis (XceiverServerRatis.java:addGroup(804)) - Created group PipelineID=41cb957b-1920-4244-8078-c4528ca7dbfc
2023-08-31 10:24:24,464 [PipelineCommandHandlerThread-0] INFO  commandhandler.CreatePipelineCommandHandler (CreatePipelineCommandHandler.java:lambda$handle$2(124)) - Created Pipeline RATIS ONE PipelineID=41cb957b-1920-4244-8078-c4528ca7dbfc.
2023-08-31 10:24:24,476 [PipelineCommandHandlerThread-0] INFO  server.RaftServer (RaftServerProxy.java:addNew(98)) - d1449997-f54f-4a59-bd40-37f2c04f767d: addNew group-C4FD867AAEB2:[1e7dfa45-1203-43e6-a103-23c323d0a6d5|rpc:10.1.0.16:15014|admin:10.1.0.16:15013|client:10.1.0.16:15012|dataStream:10.1.0.16:15015|priority:0|startupRole:FOLLOWER, faefdaa5-b95f-414d-83d1-b299fbae73bf|rpc:10.1.0.16:15023|admin:10.1.0.16:15022|client:10.1.0.16:15021|dataStream:10.1.0.16:15024|priority:0|startupRole:FOLLOWER, d1449997-f54f-4a59-bd40-37f2c04f767d|rpc:10.1.0.16:15032|admin:10.1.0.16:15031|client:10.1.0.16:15030|dataStream:10.1.0.16:15033|priority:1|startupRole:FOLLOWER] returns group-C4FD867AAEB2:java.util.concurrent.CompletableFuture@7e989a8d[Not completed]
2023-08-31 10:24:24,482 [d1449997-f54f-4a59-bd40-37f2c04f767d-groupManagement] INFO  server.RaftServer$Division (RaftServerImpl.java:<init>(198)) - d1449997-f54f-4a59-bd40-37f2c04f767d: new RaftServerImpl for group-C4FD867AAEB2:[1e7dfa45-1203-43e6-a103-23c323d0a6d5|rpc:10.1.0.16:15014|admin:10.1.0.16:15013|client:10.1.0.16:15012|dataStream:10.1.0.16:15015|priority:0|startupRole:FOLLOWER, faefdaa5-b95f-414d-83d1-b299fbae73bf|rpc:10.1.0.16:15023|admin:10.1.0.16:15022|client:10.1.0.16:15021|dataStream:10.1.0.16:15024|priority:0|startupRole:FOLLOWER, d1449997-f54f-4a59-bd40-37f2c04f767d|rpc:10.1.0.16:15032|admin:10.1.0.16:15031|client:10.1.0.16:15030|dataStream:10.1.0.16:15033|priority:1|startupRole:FOLLOWER] with ContainerStateMachine:uninitialized
2023-08-31 10:24:24,482 [d1449997-f54f-4a59-bd40-37f2c04f767d-groupManagement] INFO  server.RaftServerConfigKeys (ConfUtils.java:logGet(46)) - raft.server.rpc.timeout.min = 5s (custom)
2023-08-31 10:24:24,483 [d1449997-f54f-4a59-bd40-37f2c04f767d-groupManagement] INFO  server.RaftServerConfigKeys (ConfUtils.java:logGet(46)) - raft.server.rpc.timeout.max = 5200ms (custom)
2023-08-31 10:24:24,483 [d1449997-f54f-4a59-bd40-37f2c04f767d-groupManagement] INFO  server.RaftServerConfigKeys (ConfUtils.java:logGet(46)) - raft.server.rpc.sleep.time = 25ms (default)
2023-08-31 10:24:24,483 [d1449997-f54f-4a59-bd40-37f2c04f767d-groupManagement] INFO  server.RaftServerConfigKeys (ConfUtils.java:logGet(46)) - raft.server.rpc.slowness.timeout = 300000ms (custom)
2023-08-31 10:24:24,483 [d1449997-f54f-4a59-bd40-37f2c04f767d-groupManagement] INFO  server.RaftServerConfigKeys (ConfUtils.java:logGet(46)) - raft.server.leaderelection.leader.step-down.wait-time = 10s (default)
2023-08-31 10:24:24,483 [d1449997-f54f-4a59-bd40-37f2c04f767d-groupManagement] INFO  server.RaftServerConfigKeys (ConfUtils.java:logGet(46)) - raft.server.sleep.deviation.threshold = 300ms (default)
2023-08-31 10:24:24,483 [d1449997-f54f-4a59-bd40-37f2c04f767d-groupManagement] INFO  server.RaftServer$Division (ServerState.java:<init>(120)) - d1449997-f54f-4a59-bd40-37f2c04f767d@group-C4FD867AAEB2: ConfigurationManager, init=-1: peers:[1e7dfa45-1203-43e6-a103-23c323d0a6d5|rpc:10.1.0.16:15014|admin:10.1.0.16:15013|client:10.1.0.16:15012|dataStream:10.1.0.16:15015|priority:0|startupRole:FOLLOWER, faefdaa5-b95f-414d-83d1-b299fbae73bf|rpc:10.1.0.16:15023|admin:10.1.0.16:15022|client:10.1.0.16:15021|dataStream:10.1.0.16:15024|priority:0|startupRole:FOLLOWER, d1449997-f54f-4a59-bd40-37f2c04f767d|rpc:10.1.0.16:15032|admin:10.1.0.16:15031|client:10.1.0.16:15030|dataStream:10.1.0.16:15033|priority:1|startupRole:FOLLOWER]|listeners:[], old=null, confs=<EMPTY_MAP>
2023-08-31 10:24:24,483 [d1449997-f54f-4a59-bd40-37f2c04f767d-groupManagement] INFO  server.RaftServerConfigKeys (ConfUtils.java:logGet(46)) - raft.server.storage.dir = [/home/runner/work/ozone/ozone/hadoop-ozone/integration-test/target/test-dir/MiniOzoneClusterImpl-40ccb4ce-9e5f-48d9-b45c-9251314ec7cc/datanode-2/data/ratis] (custom)
2023-08-31 10:24:24,483 [d1449997-f54f-4a59-bd40-37f2c04f767d-groupManagement] INFO  server.RaftServerConfigKeys (ConfUtils.java:logGet(46)) - raft.server.log.corruption.policy = EXCEPTION (default)
2023-08-31 10:24:24,483 [d1449997-f54f-4a59-bd40-37f2c04f767d-groupManagement] INFO  server.RaftServerConfigKeys (ConfUtils.java:logGet(46)) - raft.server.storage.free-space.min = 0MB (=0) (default)
2023-08-31 10:24:24,483 [d1449997-f54f-4a59-bd40-37f2c04f767d-groupManagement] INFO  server.RaftServerConfigKeys (ConfUtils.java:logGet(46)) - raft.server.notification.no-leader.timeout = 300000ms (custom)
2023-08-31 10:24:24,483 [d1449997-f54f-4a59-bd40-37f2c04f767d-groupManagement] INFO  server.RaftServerConfigKeys (ConfUtils.java:logGet(46)) - raft.server.read.timeout = 10s (default)
2023-08-31 10:24:24,483 [d1449997-f54f-4a59-bd40-37f2c04f767d-groupManagement] INFO  server.RaftServerConfigKeys (ConfUtils.java:logGet(46)) - raft.server.retrycache.expirytime = 600000ms (custom)
2023-08-31 10:24:24,483 [d1449997-f54f-4a59-bd40-37f2c04f767d-groupManagement] INFO  server.RaftServerConfigKeys (ConfUtils.java:logGet(46)) - raft.server.retrycache.statistics.expirytime = 100μs (default)
2023-08-31 10:24:24,483 [d1449997-f54f-4a59-bd40-37f2c04f767d-groupManagement] INFO  server.RaftServerConfigKeys (ConfUtils.java:logGet(46)) - raft.server.read.option = DEFAULT (default)
2023-08-31 10:24:24,485 [grpc-default-executor-1] INFO  server.RaftServer (RaftServerProxy.java:addNew(98)) - faefdaa5-b95f-414d-83d1-b299fbae73bf: addNew group-C4FD867AAEB2:[1e7dfa45-1203-43e6-a103-23c323d0a6d5|rpc:10.1.0.16:15014|admin:10.1.0.16:15013|client:10.1.0.16:15012|dataStream:10.1.0.16:15015|priority:0|startupRole:FOLLOWER, faefdaa5-b95f-414d-83d1-b299fbae73bf|rpc:10.1.0.16:15023|admin:10.1.0.16:15022|client:10.1.0.16:15021|dataStream:10.1.0.16:15024|priority:0|startupRole:FOLLOWER, d1449997-f54f-4a59-bd40-37f2c04f767d|rpc:10.1.0.16:15032|admin:10.1.0.16:15031|client:10.1.0.16:15030|dataStream:10.1.0.16:15033|priority:1|startupRole:FOLLOWER] returns group-C4FD867AAEB2:java.util.concurrent.CompletableFuture@65ce3a82[Not completed]
2023-08-31 10:24:24,486 [PipelineCommandHandlerThread-0] INFO  commandhandler.CreatePipelineCommandHandler (CreatePipelineCommandHandler.java:lambda$handle$2(124)) - Created Pipeline RATIS THREE PipelineID=9812e624-c75b-4104-b510-f61243b0ed7e.
2023-08-31 10:24:24,486 [faefdaa5-b95f-414d-83d1-b299fbae73bf-groupManagement] INFO  server.RaftServer$Division (RaftServerImpl.java:<init>(198)) - faefdaa5-b95f-414d-83d1-b299fbae73bf: new RaftServerImpl for group-C4FD867AAEB2:[1e7dfa45-1203-43e6-a103-23c323d0a6d5|rpc:10.1.0.16:15014|admin:10.1.0.16:15013|client:10.1.0.16:15012|dataStream:10.1.0.16:15015|priority:0|startupRole:FOLLOWER, faefdaa5-b95f-414d-83d1-b299fbae73bf|rpc:10.1.0.16:15023|admin:10.1.0.16:15022|client:10.1.0.16:15021|dataStream:10.1.0.16:15024|priority:0|startupRole:FOLLOWER, d1449997-f54f-4a59-bd40-37f2c04f767d|rpc:10.1.0.16:15032|admin:10.1.0.16:15031|client:10.1.0.16:15030|dataStream:10.1.0.16:15033|priority:1|startupRole:FOLLOWER] with ContainerStateMachine:uninitialized
2023-08-31 10:24:24,485 [d1449997-f54f-4a59-bd40-37f2c04f767d-groupManagement] INFO  server.RaftServerConfigKeys (ConfUtils.java:logGet(46)) - raft.server.rpc.request.timeout = 3000ms (default)
2023-08-31 10:24:24,487 [faefdaa5-b95f-414d-83d1-b299fbae73bf-groupManagement] INFO  server.RaftServerConfigKeys (ConfUtils.java:logGet(46)) - raft.server.rpc.timeout.min = 5s (custom)
2023-08-31 10:24:24,488 [faefdaa5-b95f-414d-83d1-b299fbae73bf-groupManagement] INFO  server.RaftServerConfigKeys (ConfUtils.java:logGet(46)) - raft.server.rpc.timeout.max = 5200ms (custom)
2023-08-31 10:24:24,488 [faefdaa5-b95f-414d-83d1-b299fbae73bf-groupManagement] INFO  server.RaftServerConfigKeys (ConfUtils.java:logGet(46)) - raft.server.rpc.sleep.time = 25ms (default)
2023-08-31 10:24:24,488 [faefdaa5-b95f-414d-83d1-b299fbae73bf-groupManagement] INFO  server.RaftServerConfigKeys (ConfUtils.java:logGet(46)) - raft.server.rpc.slowness.timeout = 300000ms (custom)
2023-08-31 10:24:24,488 [faefdaa5-b95f-414d-83d1-b299fbae73bf-groupManagement] INFO  server.RaftServerConfigKeys (ConfUtils.java:logGet(46)) - raft.server.leaderelection.leader.step-down.wait-time = 10s (default)
2023-08-31 10:24:24,488 [faefdaa5-b95f-414d-83d1-b299fbae73bf-groupManagement] INFO  server.RaftServerConfigKeys (ConfUtils.java:logGet(46)) - raft.server.sleep.deviation.threshold = 300ms (default)
2023-08-31 10:24:24,488 [faefdaa5-b95f-414d-83d1-b299fbae73bf-groupManagement] INFO  server.RaftServer$Division (ServerState.java:<init>(120)) - faefdaa5-b95f-414d-83d1-b299fbae73bf@group-C4FD867AAEB2: ConfigurationManager, init=-1: peers:[1e7dfa45-1203-43e6-a103-23c323d0a6d5|rpc:10.1.0.16:15014|admin:10.1.0.16:15013|client:10.1.0.16:15012|dataStream:10.1.0.16:15015|priority:0|startupRole:FOLLOWER, faefdaa5-b95f-414d-83d1-b299fbae73bf|rpc:10.1.0.16:15023|admin:10.1.0.16:15022|client:10.1.0.16:15021|dataStream:10.1.0.16:15024|priority:0|startupRole:FOLLOWER, d1449997-f54f-4a59-bd40-37f2c04f767d|rpc:10.1.0.16:15032|admin:10.1.0.16:15031|client:10.1.0.16:15030|dataStream:10.1.0.16:15033|priority:1|startupRole:FOLLOWER]|listeners:[], old=null, confs=<EMPTY_MAP>
2023-08-31 10:24:24,488 [faefdaa5-b95f-414d-83d1-b299fbae73bf-groupManagement] INFO  server.RaftServerConfigKeys (ConfUtils.java:logGet(46)) - raft.server.storage.dir = [/home/runner/work/ozone/ozone/hadoop-ozone/integration-test/target/test-dir/MiniOzoneClusterImpl-40ccb4ce-9e5f-48d9-b45c-9251314ec7cc/datanode-1/data/ratis] (custom)
2023-08-31 10:24:24,488 [faefdaa5-b95f-414d-83d1-b299fbae73bf-groupManagement] INFO  server.RaftServerConfigKeys (ConfUtils.java:logGet(46)) - raft.server.log.corruption.policy = EXCEPTION (default)
2023-08-31 10:24:24,488 [faefdaa5-b95f-414d-83d1-b299fbae73bf-groupManagement] INFO  server.RaftServerConfigKeys (ConfUtils.java:logGet(46)) - raft.server.storage.free-space.min = 0MB (=0) (default)
2023-08-31 10:24:24,488 [faefdaa5-b95f-414d-83d1-b299fbae73bf-groupManagement] INFO  server.RaftServerConfigKeys (ConfUtils.java:logGet(46)) - raft.server.notification.no-leader.timeout = 300000ms (custom)
2023-08-31 10:24:24,488 [faefdaa5-b95f-414d-83d1-b299fbae73bf-groupManagement] INFO  server.RaftServerConfigKeys (ConfUtils.java:logGet(46)) - raft.server.read.timeout = 10s (default)
2023-08-31 10:24:24,488 [faefdaa5-b95f-414d-83d1-b299fbae73bf-groupManagement] INFO  server.RaftServerConfigKeys (ConfUtils.java:logGet(46)) - raft.server.retrycache.expirytime = 600000ms (custom)
2023-08-31 10:24:24,488 [faefdaa5-b95f-414d-83d1-b299fbae73bf-groupManagement] INFO  server.RaftServerConfigKeys (ConfUtils.java:logGet(46)) - raft.server.retrycache.statistics.expirytime = 100μs (default)
2023-08-31 10:24:24,488 [faefdaa5-b95f-414d-83d1-b299fbae73bf-groupManagement] INFO  server.RaftServerConfigKeys (ConfUtils.java:logGet(46)) - raft.server.read.option = DEFAULT (default)
2023-08-31 10:24:24,487 [d1449997-f54f-4a59-bd40-37f2c04f767d-groupManagement] INFO  server.RaftServerConfigKeys (ConfUtils.java:logGet(46)) - raft.server.log.appender.install.snapshot.enabled = false (custom)
2023-08-31 10:24:24,489 [faefdaa5-b95f-414d-83d1-b299fbae73bf-groupManagement] INFO  server.RaftServerConfigKeys (ConfUtils.java:logGet(46)) - raft.server.rpc.request.timeout = 3000ms (default)
2023-08-31 10:24:24,490 [d1449997-f54f-4a59-bd40-37f2c04f767d-groupManagement] INFO  server.RaftServerConfigKeys (ConfUtils.java:logGet(46)) - raft.server.threadpool.server.cached = true (default)
2023-08-31 10:24:24,490 [faefdaa5-b95f-414d-83d1-b299fbae73bf-groupManagement] INFO  server.RaftServerConfigKeys (ConfUtils.java:logGet(46)) - raft.server.log.appender.install.snapshot.enabled = false (custom)
2023-08-31 10:24:24,490 [d1449997-f54f-4a59-bd40-37f2c04f767d-groupManagement] INFO  server.RaftServerConfigKeys (ConfUtils.java:logGet(46)) - raft.server.threadpool.server.size = 0 (default)
2023-08-31 10:24:24,490 [faefdaa5-b95f-414d-83d1-b299fbae73bf-groupManagement] INFO  server.RaftServerConfigKeys (ConfUtils.java:logGet(46)) - raft.server.threadpool.server.cached = true (default)
2023-08-31 10:24:24,490 [d1449997-f54f-4a59-bd40-37f2c04f767d-groupManagement] INFO  server.RaftServerConfigKeys (ConfUtils.java:logGet(46)) - raft.server.threadpool.client.cached = true (default)
2023-08-31 10:24:24,490 [faefdaa5-b95f-414d-83d1-b299fbae73bf-groupManagement] INFO  server.RaftServerConfigKeys (ConfUtils.java:logGet(46)) - raft.server.threadpool.server.size = 0 (default)
2023-08-31 10:24:24,490 [d1449997-f54f-4a59-bd40-37f2c04f767d-groupManagement] INFO  server.RaftServerConfigKeys (ConfUtils.java:logGet(46)) - raft.server.threadpool.client.size = 0 (default)
2023-08-31 10:24:24,490 [faefdaa5-b95f-414d-83d1-b299fbae73bf-groupManagement] INFO  server.RaftServerConfigKeys (ConfUtils.java:logGet(46)) - raft.server.threadpool.client.cached = true (default)
2023-08-31 10:24:24,490 [faefdaa5-b95f-414d-83d1-b299fbae73bf-groupManagement] INFO  server.RaftServerConfigKeys (ConfUtils.java:logGet(46)) - raft.server.threadpool.client.size = 0 (default)
2023-08-31 10:24:24,490 [d1449997-f54f-4a59-bd40-37f2c04f767d-groupManagement] INFO  storage.RaftStorageDirectory (RaftStorageDirectoryImpl.java:analyzeStorage(137)) - The storage directory /home/runner/work/ozone/ozone/hadoop-ozone/integration-test/target/test-dir/MiniOzoneClusterImpl-40ccb4ce-9e5f-48d9-b45c-9251314ec7cc/datanode-2/data/ratis/f0ccd0f7-c47b-4664-a6dd-c4fd867aaeb2 does not exist. Creating ...
2023-08-31 10:24:24,490 [faefdaa5-b95f-414d-83d1-b299fbae73bf-groupManagement] INFO  storage.RaftStorageDirectory (RaftStorageDirectoryImpl.java:analyzeStorage(137)) - The storage directory /home/runner/work/ozone/ozone/hadoop-ozone/integration-test/target/test-dir/MiniOzoneClusterImpl-40ccb4ce-9e5f-48d9-b45c-9251314ec7cc/datanode-1/data/ratis/f0ccd0f7-c47b-4664-a6dd-c4fd867aaeb2 does not exist. Creating ...
2023-08-31 10:24:24,491 [d1449997-f54f-4a59-bd40-37f2c04f767d-groupManagement] INFO  storage.RaftStorageDirectory (RaftStorageDirectoryImpl.java:tryLock(231)) - Lock on /home/runner/work/ozone/ozone/hadoop-ozone/integration-test/target/test-dir/MiniOzoneClusterImpl-40ccb4ce-9e5f-48d9-b45c-9251314ec7cc/datanode-2/data/ratis/f0ccd0f7-c47b-4664-a6dd-c4fd867aaeb2/in_use.lock acquired by nodename 34453@fv-az304-998
2023-08-31 10:24:24,491 [faefdaa5-b95f-414d-83d1-b299fbae73bf-groupManagement] INFO  storage.RaftStorageDirectory (RaftStorageDirectoryImpl.java:tryLock(231)) - Lock on /home/runner/work/ozone/ozone/hadoop-ozone/integration-test/target/test-dir/MiniOzoneClusterImpl-40ccb4ce-9e5f-48d9-b45c-9251314ec7cc/datanode-1/data/ratis/f0ccd0f7-c47b-4664-a6dd-c4fd867aaeb2/in_use.lock acquired by nodename 34453@fv-az304-998
2023-08-31 10:24:24,492 [faefdaa5-b95f-414d-83d1-b299fbae73bf-groupManagement] INFO  storage.RaftStorage (RaftStorageImpl.java:format(96)) - Storage directory /home/runner/work/ozone/ozone/hadoop-ozone/integration-test/target/test-dir/MiniOzoneClusterImpl-40ccb4ce-9e5f-48d9-b45c-9251314ec7cc/datanode-1/data/ratis/f0ccd0f7-c47b-4664-a6dd-c4fd867aaeb2 has been successfully formatted.
2023-08-31 10:24:24,493 [d1449997-f54f-4a59-bd40-37f2c04f767d-groupManagement] INFO  storage.RaftStorage (RaftStorageImpl.java:format(96)) - Storage directory /home/runner/work/ozone/ozone/hadoop-ozone/integration-test/target/test-dir/MiniOzoneClusterImpl-40ccb4ce-9e5f-48d9-b45c-9251314ec7cc/datanode-2/data/ratis/f0ccd0f7-c47b-4664-a6dd-c4fd867aaeb2 has been successfully formatted.
2023-08-31 10:24:24,493 [faefdaa5-b95f-414d-83d1-b299fbae73bf-groupManagement] INFO  ratis.ContainerStateMachine (ContainerStateMachine.java:loadSnapshot(262)) - group-C4FD867AAEB2: The snapshot info is null. Setting the last applied indexto:(t:0, i:~)
2023-08-31 10:24:24,493 [faefdaa5-b95f-414d-83d1-b299fbae73bf-groupManagement] INFO  server.RaftServerConfigKeys (ConfUtils.java:logGet(46)) - raft.server.log.use.memory = false (default)
2023-08-31 10:24:24,494 [faefdaa5-b95f-414d-83d1-b299fbae73bf-groupManagement] INFO  server.RaftServerConfigKeys (ConfUtils.java:logGet(46)) - raft.server.log.purge.gap = 1000000 (custom)
2023-08-31 10:24:24,494 [d1449997-f54f-4a59-bd40-37f2c04f767d-groupManagement] INFO  ratis.ContainerStateMachine (ContainerStateMachine.java:loadSnapshot(262)) - group-C4FD867AAEB2: The snapshot info is null. Setting the last applied indexto:(t:0, i:~)
2023-08-31 10:24:24,494 [d1449997-f54f-4a59-bd40-37f2c04f767d-groupManagement] INFO  server.RaftServerConfigKeys (ConfUtils.java:logGet(46)) - raft.server.log.use.memory = false (default)
2023-08-31 10:24:24,495 [d1449997-f54f-4a59-bd40-37f2c04f767d-groupManagement] INFO  server.RaftServerConfigKeys (ConfUtils.java:logGet(46)) - raft.server.log.purge.gap = 1000000 (custom)
2023-08-31 10:24:24,495 [faefdaa5-b95f-414d-83d1-b299fbae73bf-groupManagement] INFO  server.RaftServerConfigKeys (ConfUtils.java:logGet(46)) - raft.server.log.appender.buffer.byte-limit = 33554432 (custom)
2023-08-31 10:24:24,496 [faefdaa5-b95f-414d-83d1-b299fbae73bf-groupManagement] INFO  server.RaftServerConfigKeys (ConfUtils.java:logGet(46)) - raft.server.log.statemachine.data.read.timeout = 1000ms (default)
2023-08-31 10:24:24,496 [faefdaa5-b95f-414d-83d1-b299fbae73bf-groupManagement] INFO  server.RaftServerConfigKeys (ConfUtils.java:logGet(46)) - raft.server.log.purge.preservation.log.num = 0 (default)
2023-08-31 10:24:24,496 [faefdaa5-b95f-414d-83d1-b299fbae73bf-groupManagement] INFO  server.RaftServerConfigKeys (ConfUtils.java:logGet(46)) - raft.server.log.segment.size.max = 1048576 (custom)
2023-08-31 10:24:24,496 [faefdaa5-b95f-414d-83d1-b299fbae73bf-groupManagement] INFO  server.RaftServerConfigKeys (ConfUtils.java:logGet(46)) - raft.server.log.segment.cache.num.max = 2 (custom)
2023-08-31 10:24:24,496 [faefdaa5-b95f-414d-83d1-b299fbae73bf-groupManagement] INFO  server.RaftServerConfigKeys (ConfUtils.java:logGet(46)) - raft.server.log.segment.cache.size.max = 200MB (=209715200) (default)
2023-08-31 10:24:24,496 [faefdaa5-b95f-414d-83d1-b299fbae73bf-groupManagement] INFO  server.RaftServerConfigKeys (ConfUtils.java:logGet(46)) - raft.server.log.appender.buffer.byte-limit = 33554432 (custom)
2023-08-31 10:24:24,496 [faefdaa5-b95f-414d-83d1-b299fbae73bf-groupManagement] INFO  segmented.SegmentedRaftLogWorker (SegmentedRaftLogWorker.java:<init>(188)) - new faefdaa5-b95f-414d-83d1-b299fbae73bf@group-C4FD867AAEB2-SegmentedRaftLogWorker for RaftStorageImpl:Storage Directory /home/runner/work/ozone/ozone/hadoop-ozone/integration-test/target/test-dir/MiniOzoneClusterImpl-40ccb4ce-9e5f-48d9-b45c-9251314ec7cc/datanode-1/data/ratis/f0ccd0f7-c47b-4664-a6dd-c4fd867aaeb2
2023-08-31 10:24:24,496 [faefdaa5-b95f-414d-83d1-b299fbae73bf-groupManagement] INFO  server.RaftServerConfigKeys (ConfUtils.java:logGet(46)) - raft.server.log.queue.byte-limit = 4294967296 (custom)
2023-08-31 10:24:24,497 [faefdaa5-b95f-414d-83d1-b299fbae73bf-groupManagement] INFO  server.RaftServerConfigKeys (ConfUtils.java:logGet(46)) - raft.server.log.queue.element-limit = 1024 (custom)
2023-08-31 10:24:24,497 [faefdaa5-b95f-414d-83d1-b299fbae73bf-groupManagement] INFO  server.RaftServerConfigKeys (ConfUtils.java:logGet(46)) - raft.server.log.segment.size.max = 1048576 (custom)
2023-08-31 10:24:24,497 [faefdaa5-b95f-414d-83d1-b299fbae73bf-groupManagement] INFO  server.RaftServerConfigKeys (ConfUtils.java:logGet(46)) - raft.server.log.preallocated.size = 16384 (custom)
2023-08-31 10:24:24,497 [faefdaa5-b95f-414d-83d1-b299fbae73bf-groupManagement] INFO  server.RaftServerConfigKeys (ConfUtils.java:logGet(46)) - raft.server.log.force.sync.num = 128 (default)
2023-08-31 10:24:24,497 [faefdaa5-b95f-414d-83d1-b299fbae73bf-groupManagement] INFO  server.RaftServerConfigKeys (ConfUtils.java:logGet(46)) - raft.server.log.statemachine.data.sync = true (default)
2023-08-31 10:24:24,497 [faefdaa5-b95f-414d-83d1-b299fbae73bf-groupManagement] INFO  server.RaftServerConfigKeys (ConfUtils.java:logGet(46)) - raft.server.log.statemachine.data.sync.timeout = 10s (default)
2023-08-31 10:24:24,497 [faefdaa5-b95f-414d-83d1-b299fbae73bf-groupManagement] INFO  server.RaftServerConfigKeys (ConfUtils.java:logGet(46)) - raft.server.log.statemachine.data.sync.timeout.retry = -1 (default)
2023-08-31 10:24:24,495 [d1449997-f54f-4a59-bd40-37f2c04f767d-groupManagement] INFO  server.RaftServerConfigKeys (ConfUtils.java:logGet(46)) - raft.server.log.appender.buffer.byte-limit = 33554432 (custom)
2023-08-31 10:24:24,498 [faefdaa5-b95f-414d-83d1-b299fbae73bf-groupManagement] INFO  server.RaftServerConfigKeys (ConfUtils.java:logGet(46)) - raft.server.log.write.buffer.size = 1048576 (custom)
2023-08-31 10:24:24,498 [d1449997-f54f-4a59-bd40-37f2c04f767d-groupManagement] INFO  server.RaftServerConfigKeys (ConfUtils.java:logGet(46)) - raft.server.log.statemachine.data.read.timeout = 1000ms (default)
2023-08-31 10:24:24,497 [EventQueue-OpenPipelineForHealthyPipelineSafeModeRule] INFO  safemode.SCMSafeModeManager (HealthyPipelineSafeModeRule.java:process(137)) - SCM in safe mode. Healthy pipelines reported count is 0, required healthy pipeline reported count is 1
2023-08-31 10:24:24,498 [d1449997-f54f-4a59-bd40-37f2c04f767d-groupManagement] INFO  server.RaftServerConfigKeys (ConfUtils.java:logGet(46)) - raft.server.log.purge.preservation.log.num = 0 (default)
2023-08-31 10:24:24,498 [d1449997-f54f-4a59-bd40-37f2c04f767d-groupManagement] INFO  server.RaftServerConfigKeys (ConfUtils.java:logGet(46)) - raft.server.log.segment.size.max = 1048576 (custom)
2023-08-31 10:24:24,498 [d1449997-f54f-4a59-bd40-37f2c04f767d-groupManagement] INFO  server.RaftServerConfigKeys (ConfUtils.java:logGet(46)) - raft.server.log.segment.cache.num.max = 2 (custom)
2023-08-31 10:24:24,498 [d1449997-f54f-4a59-bd40-37f2c04f767d-groupManagement] INFO  server.RaftServerConfigKeys (ConfUtils.java:logGet(46)) - raft.server.log.segment.cache.size.max = 200MB (=209715200) (default)
2023-08-31 10:24:24,498 [faefdaa5-b95f-414d-83d1-b299fbae73bf-groupManagement] INFO  server.RaftServerConfigKeys (ConfUtils.java:logGet(46)) - raft.server.log.appender.buffer.byte-limit = 33554432 (custom)
2023-08-31 10:24:24,498 [d1449997-f54f-4a59-bd40-37f2c04f767d-groupManagement] INFO  server.RaftServerConfigKeys (ConfUtils.java:logGet(46)) - raft.server.log.appender.buffer.byte-limit = 33554432 (custom)
2023-08-31 10:24:24,499 [d1449997-f54f-4a59-bd40-37f2c04f767d-groupManagement] INFO  segmented.SegmentedRaftLogWorker (SegmentedRaftLogWorker.java:<init>(188)) - new d1449997-f54f-4a59-bd40-37f2c04f767d@group-C4FD867AAEB2-SegmentedRaftLogWorker for RaftStorageImpl:Storage Directory /home/runner/work/ozone/ozone/hadoop-ozone/integration-test/target/test-dir/MiniOzoneClusterImpl-40ccb4ce-9e5f-48d9-b45c-9251314ec7cc/datanode-2/data/ratis/f0ccd0f7-c47b-4664-a6dd-c4fd867aaeb2
2023-08-31 10:24:24,499 [d1449997-f54f-4a59-bd40-37f2c04f767d-groupManagement] INFO  server.RaftServerConfigKeys (ConfUtils.java:logGet(46)) - raft.server.log.queue.byte-limit = 4294967296 (custom)
2023-08-31 10:24:24,499 [d1449997-f54f-4a59-bd40-37f2c04f767d-groupManagement] INFO  server.RaftServerConfigKeys (ConfUtils.java:logGet(46)) - raft.server.log.queue.element-limit = 1024 (custom)
2023-08-31 10:24:24,499 [d1449997-f54f-4a59-bd40-37f2c04f767d-groupManagement] INFO  server.RaftServerConfigKeys (ConfUtils.java:logGet(46)) - raft.server.log.segment.size.max = 1048576 (custom)
2023-08-31 10:24:24,499 [d1449997-f54f-4a59-bd40-37f2c04f767d-groupManagement] INFO  server.RaftServerConfigKeys (ConfUtils.java:logGet(46)) - raft.server.log.preallocated.size = 16384 (custom)
2023-08-31 10:24:24,499 [d1449997-f54f-4a59-bd40-37f2c04f767d-groupManagement] INFO  server.RaftServerConfigKeys (ConfUtils.java:logGet(46)) - raft.server.log.force.sync.num = 128 (default)
2023-08-31 10:24:24,499 [d1449997-f54f-4a59-bd40-37f2c04f767d-groupManagement] INFO  server.RaftServerConfigKeys (ConfUtils.java:logGet(46)) - raft.server.log.statemachine.data.sync = true (default)
2023-08-31 10:24:24,502 [d1449997-f54f-4a59-bd40-37f2c04f767d-groupManagement] INFO  server.RaftServerConfigKeys (ConfUtils.java:logGet(46)) - raft.server.log.statemachine.data.sync.timeout = 10s (default)
2023-08-31 10:24:24,502 [d1449997-f54f-4a59-bd40-37f2c04f767d-groupManagement] INFO  server.RaftServerConfigKeys (ConfUtils.java:logGet(46)) - raft.server.log.statemachine.data.sync.timeout.retry = -1 (default)
2023-08-31 10:24:24,502 [EventQueue-OpenPipelineForHealthyPipelineSafeModeRule] INFO  safemode.SCMSafeModeManager (HealthyPipelineSafeModeRule.java:process(137)) - SCM in safe mode. Healthy pipelines reported count is 0, required healthy pipeline reported count is 1
2023-08-31 10:24:24,502 [faefdaa5-b95f-414d-83d1-b299fbae73bf-groupManagement] INFO  server.RaftServerConfigKeys (ConfUtils.java:logGet(46)) - raft.server.log.unsafe-flush.enabled = false (default)
2023-08-31 10:24:24,503 [faefdaa5-b95f-414d-83d1-b299fbae73bf-groupManagement] INFO  server.RaftServerConfigKeys (ConfUtils.java:logGet(46)) - raft.server.log.async-flush.enabled = false (default)
2023-08-31 10:24:24,503 [faefdaa5-b95f-414d-83d1-b299fbae73bf-groupManagement] INFO  server.RaftServerConfigKeys (ConfUtils.java:logGet(46)) - raft.server.log.statemachine.data.caching.enabled = true (custom)
2023-08-31 10:24:24,503 [d1449997-f54f-4a59-bd40-37f2c04f767d-groupManagement] INFO  server.RaftServerConfigKeys (ConfUtils.java:logGet(46)) - raft.server.log.write.buffer.size = 1048576 (custom)
2023-08-31 10:24:24,503 [faefdaa5-b95f-414d-83d1-b299fbae73bf-groupManagement] INFO  segmented.SegmentedRaftLogWorker (SegmentedRaftLogWorker.java:lambda$new$0(135)) - faefdaa5-b95f-414d-83d1-b299fbae73bf@group-C4FD867AAEB2-SegmentedRaftLogWorker: flushIndex: setUnconditionally 0 -> -1
2023-08-31 10:24:24,503 [faefdaa5-b95f-414d-83d1-b299fbae73bf-groupManagement] INFO  segmented.SegmentedRaftLogWorker (SegmentedRaftLogWorker.java:lambda$new$0(135)) - faefdaa5-b95f-414d-83d1-b299fbae73bf@group-C4FD867AAEB2-SegmentedRaftLogWorker: safeCacheEvictIndex: setUnconditionally 0 -> -1
2023-08-31 10:24:24,503 [faefdaa5-b95f-414d-83d1-b299fbae73bf-groupManagement] INFO  server.RaftServer$Division (RaftServerImpl.java:start(342)) - faefdaa5-b95f-414d-83d1-b299fbae73bf@group-C4FD867AAEB2: start as a follower, conf=-1: peers:[1e7dfa45-1203-43e6-a103-23c323d0a6d5|rpc:10.1.0.16:15014|admin:10.1.0.16:15013|client:10.1.0.16:15012|dataStream:10.1.0.16:15015|priority:0|startupRole:FOLLOWER, faefdaa5-b95f-414d-83d1-b299fbae73bf|rpc:10.1.0.16:15023|admin:10.1.0.16:15022|client:10.1.0.16:15021|dataStream:10.1.0.16:15024|priority:0|startupRole:FOLLOWER, d1449997-f54f-4a59-bd40-37f2c04f767d|rpc:10.1.0.16:15032|admin:10.1.0.16:15031|client:10.1.0.16:15030|dataStream:10.1.0.16:15033|priority:1|startupRole:FOLLOWER]|listeners:[], old=null
2023-08-31 10:24:24,503 [faefdaa5-b95f-414d-83d1-b299fbae73bf-groupManagement] INFO  server.RaftServer$Division (RaftServerImpl.java:setRole(329)) - faefdaa5-b95f-414d-83d1-b299fbae73bf@group-C4FD867AAEB2: changes role from      null to FOLLOWER at term 0 for startAsFollower
2023-08-31 10:24:24,503 [faefdaa5-b95f-414d-83d1-b299fbae73bf-groupManagement] INFO  impl.RoleInfo (RoleInfo.java:updateAndGet(139)) - faefdaa5-b95f-414d-83d1-b299fbae73bf: start faefdaa5-b95f-414d-83d1-b299fbae73bf@group-C4FD867AAEB2-FollowerState
2023-08-31 10:24:24,504 [d1449997-f54f-4a59-bd40-37f2c04f767d-groupManagement] INFO  server.RaftServerConfigKeys (ConfUtils.java:logGet(46)) - raft.server.log.appender.buffer.byte-limit = 33554432 (custom)
2023-08-31 10:24:24,507 [faefdaa5-b95f-414d-83d1-b299fbae73bf@group-C4FD867AAEB2-FollowerState] INFO  server.RaftServerConfigKeys (ConfUtils.java:logFallback(53)) - raft.server.rpc.first-election.timeout.min = 5s (fallback to raft.server.rpc.timeout.min)
2023-08-31 10:24:24,507 [faefdaa5-b95f-414d-83d1-b299fbae73bf-groupManagement] INFO  util.JmxRegister (JmxRegister.java:tryRegister(44)) - Successfully registered JMX Bean with object name Ratis:service=RaftServer,group=group-C4FD867AAEB2,id=faefdaa5-b95f-414d-83d1-b299fbae73bf
2023-08-31 10:24:24,509 [faefdaa5-b95f-414d-83d1-b299fbae73bf-groupManagement] INFO  server.RaftServerConfigKeys (ConfUtils.java:logGet(46)) - raft.server.snapshot.auto.trigger.enabled = true (custom)
2023-08-31 10:24:24,509 [faefdaa5-b95f-414d-83d1-b299fbae73bf-groupManagement] INFO  server.RaftServerConfigKeys (ConfUtils.java:logGet(46)) - raft.server.snapshot.auto.trigger.threshold = 10000 (custom)
2023-08-31 10:24:24,509 [faefdaa5-b95f-414d-83d1-b299fbae73bf-groupManagement] INFO  server.RaftServerConfigKeys (ConfUtils.java:logGet(46)) - raft.server.snapshot.retention.file.num = 5 (custom)
2023-08-31 10:24:24,509 [faefdaa5-b95f-414d-83d1-b299fbae73bf-groupManagement] INFO  server.RaftServerConfigKeys (ConfUtils.java:logGet(46)) - raft.server.log.purge.upto.snapshot.index = false (default)
2023-08-31 10:24:24,509 [faefdaa5-b95f-414d-83d1-b299fbae73bf@group-C4FD867AAEB2-FollowerState] INFO  server.RaftServerConfigKeys (ConfUtils.java:logFallback(53)) - raft.server.rpc.first-election.timeout.max = 5200ms (fallback to raft.server.rpc.timeout.max)
2023-08-31 10:24:24,513 [d1449997-f54f-4a59-bd40-37f2c04f767d-groupManagement] INFO  server.RaftServerConfigKeys (ConfUtils.java:logGet(46)) - raft.server.log.unsafe-flush.enabled = false (default)
2023-08-31 10:24:24,513 [d1449997-f54f-4a59-bd40-37f2c04f767d-groupManagement] INFO  server.RaftServerConfigKeys (ConfUtils.java:logGet(46)) - raft.server.log.async-flush.enabled = false (default)
2023-08-31 10:24:24,513 [d1449997-f54f-4a59-bd40-37f2c04f767d-groupManagement] INFO  server.RaftServerConfigKeys (ConfUtils.java:logGet(46)) - raft.server.log.statemachine.data.caching.enabled = true (custom)
2023-08-31 10:24:24,513 [d1449997-f54f-4a59-bd40-37f2c04f767d-groupManagement] INFO  segmented.SegmentedRaftLogWorker (SegmentedRaftLogWorker.java:lambda$new$0(135)) - d1449997-f54f-4a59-bd40-37f2c04f767d@group-C4FD867AAEB2-SegmentedRaftLogWorker: flushIndex: setUnconditionally 0 -> -1
2023-08-31 10:24:24,513 [d1449997-f54f-4a59-bd40-37f2c04f767d-groupManagement] INFO  segmented.SegmentedRaftLogWorker (SegmentedRaftLogWorker.java:lambda$new$0(135)) - d1449997-f54f-4a59-bd40-37f2c04f767d@group-C4FD867AAEB2-SegmentedRaftLogWorker: safeCacheEvictIndex: setUnconditionally 0 -> -1
2023-08-31 10:24:24,519 [d1449997-f54f-4a59-bd40-37f2c04f767d-groupManagement] INFO  server.RaftServer$Division (RaftServerImpl.java:start(342)) - d1449997-f54f-4a59-bd40-37f2c04f767d@group-C4FD867AAEB2: start as a follower, conf=-1: peers:[1e7dfa45-1203-43e6-a103-23c323d0a6d5|rpc:10.1.0.16:15014|admin:10.1.0.16:15013|client:10.1.0.16:15012|dataStream:10.1.0.16:15015|priority:0|startupRole:FOLLOWER, faefdaa5-b95f-414d-83d1-b299fbae73bf|rpc:10.1.0.16:15023|admin:10.1.0.16:15022|client:10.1.0.16:15021|dataStream:10.1.0.16:15024|priority:0|startupRole:FOLLOWER, d1449997-f54f-4a59-bd40-37f2c04f767d|rpc:10.1.0.16:15032|admin:10.1.0.16:15031|client:10.1.0.16:15030|dataStream:10.1.0.16:15033|priority:1|startupRole:FOLLOWER]|listeners:[], old=null
2023-08-31 10:24:24,519 [d1449997-f54f-4a59-bd40-37f2c04f767d-groupManagement] INFO  server.RaftServer$Division (RaftServerImpl.java:setRole(329)) - d1449997-f54f-4a59-bd40-37f2c04f767d@group-C4FD867AAEB2: changes role from      null to FOLLOWER at term 0 for startAsFollower
2023-08-31 10:24:24,519 [d1449997-f54f-4a59-bd40-37f2c04f767d-groupManagement] INFO  impl.RoleInfo (RoleInfo.java:updateAndGet(139)) - d1449997-f54f-4a59-bd40-37f2c04f767d: start d1449997-f54f-4a59-bd40-37f2c04f767d@group-C4FD867AAEB2-FollowerState
2023-08-31 10:24:24,519 [d1449997-f54f-4a59-bd40-37f2c04f767d-groupManagement] INFO  util.JmxRegister (JmxRegister.java:tryRegister(44)) - Successfully registered JMX Bean with object name Ratis:service=RaftServer,group=group-C4FD867AAEB2,id=d1449997-f54f-4a59-bd40-37f2c04f767d
2023-08-31 10:24:24,519 [d1449997-f54f-4a59-bd40-37f2c04f767d-groupManagement] INFO  server.RaftServerConfigKeys (ConfUtils.java:logGet(46)) - raft.server.snapshot.auto.trigger.enabled = true (custom)
2023-08-31 10:24:24,519 [d1449997-f54f-4a59-bd40-37f2c04f767d-groupManagement] INFO  server.RaftServerConfigKeys (ConfUtils.java:logGet(46)) - raft.server.snapshot.auto.trigger.threshold = 10000 (custom)
2023-08-31 10:24:24,519 [d1449997-f54f-4a59-bd40-37f2c04f767d-groupManagement] INFO  server.RaftServerConfigKeys (ConfUtils.java:logGet(46)) - raft.server.snapshot.retention.file.num = 5 (custom)
2023-08-31 10:24:24,519 [d1449997-f54f-4a59-bd40-37f2c04f767d-groupManagement] INFO  server.RaftServerConfigKeys (ConfUtils.java:logGet(46)) - raft.server.log.purge.upto.snapshot.index = false (default)
2023-08-31 10:24:24,520 [d1449997-f54f-4a59-bd40-37f2c04f767d@group-C4FD867AAEB2-FollowerState] INFO  server.RaftServerConfigKeys (ConfUtils.java:logFallback(53)) - raft.server.rpc.first-election.timeout.min = 5s (fallback to raft.server.rpc.timeout.min)
2023-08-31 10:24:24,520 [PipelineCommandHandlerThread-0] INFO  ratis.XceiverServerRatis (XceiverServerRatis.java:addGroup(804)) - Created group PipelineID=f0ccd0f7-c47b-4664-a6dd-c4fd867aaeb2
2023-08-31 10:24:24,530 [d1449997-f54f-4a59-bd40-37f2c04f767d@group-C4FD867AAEB2-FollowerState] INFO  server.RaftServerConfigKeys (ConfUtils.java:logFallback(53)) - raft.server.rpc.first-election.timeout.max = 5200ms (fallback to raft.server.rpc.timeout.max)
2023-08-31 10:24:24,599 [PipelineCommandHandlerThread-0] INFO  commandhandler.CreatePipelineCommandHandler (CreatePipelineCommandHandler.java:lambda$handle$2(124)) - Created Pipeline RATIS THREE PipelineID=f0ccd0f7-c47b-4664-a6dd-c4fd867aaeb2.
2023-08-31 10:24:24,606 [PipelineCommandHandlerThread-0] INFO  commandhandler.CreatePipelineCommandHandler (CreatePipelineCommandHandler.java:lambda$handle$2(124)) - Created Pipeline RATIS THREE PipelineID=f0ccd0f7-c47b-4664-a6dd-c4fd867aaeb2.
2023-08-31 10:24:24,727 [PipelineCommandHandlerThread-0] INFO  server.RaftServer (RaftServerProxy.java:addNew(98)) - b9af389b-3390-4a10-9bb5-d38911605174: addNew group-A64FDFDCBB42:[b9af389b-3390-4a10-9bb5-d38911605174|rpc:10.1.0.16:15041|admin:10.1.0.16:15040|client:10.1.0.16:15039|dataStream:10.1.0.16:15042|priority:1|startupRole:FOLLOWER] returns group-A64FDFDCBB42:java.util.concurrent.CompletableFuture@36055809[Not completed]
2023-08-31 10:24:24,734 [b9af389b-3390-4a10-9bb5-d38911605174-groupManagement] INFO  server.RaftServer$Division (RaftServerImpl.java:<init>(198)) - b9af389b-3390-4a10-9bb5-d38911605174: new RaftServerImpl for group-A64FDFDCBB42:[b9af389b-3390-4a10-9bb5-d38911605174|rpc:10.1.0.16:15041|admin:10.1.0.16:15040|client:10.1.0.16:15039|dataStream:10.1.0.16:15042|priority:1|startupRole:FOLLOWER] with ContainerStateMachine:uninitialized
2023-08-31 10:24:24,735 [b9af389b-3390-4a10-9bb5-d38911605174-groupManagement] INFO  server.RaftServerConfigKeys (ConfUtils.java:logGet(46)) - raft.server.rpc.timeout.min = 5s (custom)
2023-08-31 10:24:24,735 [b9af389b-3390-4a10-9bb5-d38911605174-groupManagement] INFO  server.RaftServerConfigKeys (ConfUtils.java:logGet(46)) - raft.server.rpc.timeout.max = 5200ms (custom)
2023-08-31 10:24:24,735 [b9af389b-3390-4a10-9bb5-d38911605174-groupManagement] INFO  server.RaftServerConfigKeys (ConfUtils.java:logGet(46)) - raft.server.rpc.sleep.time = 25ms (default)
2023-08-31 10:24:24,735 [b9af389b-3390-4a10-9bb5-d38911605174-groupManagement] INFO  server.RaftServerConfigKeys (ConfUtils.java:logGet(46)) - raft.server.rpc.slowness.timeout = 300000ms (custom)
2023-08-31 10:24:24,735 [b9af389b-3390-4a10-9bb5-d38911605174-groupManagement] INFO  server.RaftServerConfigKeys (ConfUtils.java:logGet(46)) - raft.server.leaderelection.leader.step-down.wait-time = 10s (default)
2023-08-31 10:24:24,735 [b9af389b-3390-4a10-9bb5-d38911605174-groupManagement] INFO  server.RaftServerConfigKeys (ConfUtils.java:logGet(46)) - raft.server.sleep.deviation.threshold = 300ms (default)
2023-08-31 10:24:24,735 [b9af389b-3390-4a10-9bb5-d38911605174-groupManagement] INFO  server.RaftServer$Division (ServerState.java:<init>(120)) - b9af389b-3390-4a10-9bb5-d38911605174@group-A64FDFDCBB42: ConfigurationManager, init=-1: peers:[b9af389b-3390-4a10-9bb5-d38911605174|rpc:10.1.0.16:15041|admin:10.1.0.16:15040|client:10.1.0.16:15039|dataStream:10.1.0.16:15042|priority:1|startupRole:FOLLOWER]|listeners:[], old=null, confs=<EMPTY_MAP>
2023-08-31 10:24:24,735 [b9af389b-3390-4a10-9bb5-d38911605174-groupManagement] INFO  server.RaftServerConfigKeys (ConfUtils.java:logGet(46)) - raft.server.storage.dir = [/home/runner/work/ozone/ozone/hadoop-ozone/integration-test/target/test-dir/MiniOzoneClusterImpl-40ccb4ce-9e5f-48d9-b45c-9251314ec7cc/datanode-3/data/ratis] (custom)
2023-08-31 10:24:24,735 [b9af389b-3390-4a10-9bb5-d38911605174-groupManagement] INFO  server.RaftServerConfigKeys (ConfUtils.java:logGet(46)) - raft.server.log.corruption.policy = EXCEPTION (default)
2023-08-31 10:24:24,735 [b9af389b-3390-4a10-9bb5-d38911605174-groupManagement] INFO  server.RaftServerConfigKeys (ConfUtils.java:logGet(46)) - raft.server.storage.free-space.min = 0MB (=0) (default)
2023-08-31 10:24:24,736 [b9af389b-3390-4a10-9bb5-d38911605174-groupManagement] INFO  server.RaftServerConfigKeys (ConfUtils.java:logGet(46)) - raft.server.notification.no-leader.timeout = 300000ms (custom)
2023-08-31 10:24:24,737 [b9af389b-3390-4a10-9bb5-d38911605174-groupManagement] INFO  server.RaftServerConfigKeys (ConfUtils.java:logGet(46)) - raft.server.read.timeout = 10s (default)
2023-08-31 10:24:24,737 [b9af389b-3390-4a10-9bb5-d38911605174-groupManagement] INFO  server.RaftServerConfigKeys (ConfUtils.java:logGet(46)) - raft.server.retrycache.expirytime = 600000ms (custom)
2023-08-31 10:24:24,737 [b9af389b-3390-4a10-9bb5-d38911605174-groupManagement] INFO  server.RaftServerConfigKeys (ConfUtils.java:logGet(46)) - raft.server.retrycache.statistics.expirytime = 100μs (default)
2023-08-31 10:24:24,737 [b9af389b-3390-4a10-9bb5-d38911605174-groupManagement] INFO  server.RaftServerConfigKeys (ConfUtils.java:logGet(46)) - raft.server.read.option = DEFAULT (default)
2023-08-31 10:24:24,740 [b9af389b-3390-4a10-9bb5-d38911605174-groupManagement] INFO  server.RaftServerConfigKeys (ConfUtils.java:logGet(46)) - raft.server.rpc.request.timeout = 3000ms (default)
2023-08-31 10:24:24,740 [b9af389b-3390-4a10-9bb5-d38911605174-groupManagement] INFO  server.RaftServerConfigKeys (ConfUtils.java:logGet(46)) - raft.server.log.appender.install.snapshot.enabled = false (custom)
2023-08-31 10:24:24,740 [b9af389b-3390-4a10-9bb5-d38911605174-groupManagement] INFO  server.RaftServerConfigKeys (ConfUtils.java:logGet(46)) - raft.server.threadpool.server.cached = true (default)
2023-08-31 10:24:24,740 [b9af389b-3390-4a10-9bb5-d38911605174-groupManagement] INFO  server.RaftServerConfigKeys (ConfUtils.java:logGet(46)) - raft.server.threadpool.server.size = 0 (default)
2023-08-31 10:24:24,740 [b9af389b-3390-4a10-9bb5-d38911605174-groupManagement] INFO  server.RaftServerConfigKeys (ConfUtils.java:logGet(46)) - raft.server.threadpool.client.cached = true (default)
2023-08-31 10:24:24,740 [b9af389b-3390-4a10-9bb5-d38911605174-groupManagement] INFO  server.RaftServerConfigKeys (ConfUtils.java:logGet(46)) - raft.server.threadpool.client.size = 0 (default)
2023-08-31 10:24:24,740 [b9af389b-3390-4a10-9bb5-d38911605174-groupManagement] INFO  storage.RaftStorageDirectory (RaftStorageDirectoryImpl.java:analyzeStorage(137)) - The storage directory /home/runner/work/ozone/ozone/hadoop-ozone/integration-test/target/test-dir/MiniOzoneClusterImpl-40ccb4ce-9e5f-48d9-b45c-9251314ec7cc/datanode-3/data/ratis/a6a68664-62e1-4b7c-8048-a64fdfdcbb42 does not exist. Creating ...
2023-08-31 10:24:24,741 [b9af389b-3390-4a10-9bb5-d38911605174-groupManagement] INFO  storage.RaftStorageDirectory (RaftStorageDirectoryImpl.java:tryLock(231)) - Lock on /home/runner/work/ozone/ozone/hadoop-ozone/integration-test/target/test-dir/MiniOzoneClusterImpl-40ccb4ce-9e5f-48d9-b45c-9251314ec7cc/datanode-3/data/ratis/a6a68664-62e1-4b7c-8048-a64fdfdcbb42/in_use.lock acquired by nodename 34453@fv-az304-998
2023-08-31 10:24:24,743 [b9af389b-3390-4a10-9bb5-d38911605174-groupManagement] INFO  storage.RaftStorage (RaftStorageImpl.java:format(96)) - Storage directory /home/runner/work/ozone/ozone/hadoop-ozone/integration-test/target/test-dir/MiniOzoneClusterImpl-40ccb4ce-9e5f-48d9-b45c-9251314ec7cc/datanode-3/data/ratis/a6a68664-62e1-4b7c-8048-a64fdfdcbb42 has been successfully formatted.
2023-08-31 10:24:24,744 [b9af389b-3390-4a10-9bb5-d38911605174-groupManagement] INFO  ratis.ContainerStateMachine (ContainerStateMachine.java:loadSnapshot(262)) - group-A64FDFDCBB42: The snapshot info is null. Setting the last applied indexto:(t:0, i:~)
2023-08-31 10:24:24,744 [b9af389b-3390-4a10-9bb5-d38911605174-groupManagement] INFO  server.RaftServerConfigKeys (ConfUtils.java:logGet(46)) - raft.server.log.use.memory = false (default)
2023-08-31 10:24:24,744 [b9af389b-3390-4a10-9bb5-d38911605174-groupManagement] INFO  server.RaftServerConfigKeys (ConfUtils.java:logGet(46)) - raft.server.log.purge.gap = 1000000 (custom)
2023-08-31 10:24:24,744 [b9af389b-3390-4a10-9bb5-d38911605174-groupManagement] INFO  server.RaftServerConfigKeys (ConfUtils.java:logGet(46)) - raft.server.log.appender.buffer.byte-limit = 33554432 (custom)
2023-08-31 10:24:24,744 [b9af389b-3390-4a10-9bb5-d38911605174-groupManagement] INFO  server.RaftServerConfigKeys (ConfUtils.java:logGet(46)) - raft.server.log.statemachine.data.read.timeout = 1000ms (default)
2023-08-31 10:24:24,744 [b9af389b-3390-4a10-9bb5-d38911605174-groupManagement] INFO  server.RaftServerConfigKeys (ConfUtils.java:logGet(46)) - raft.server.log.purge.preservation.log.num = 0 (default)
2023-08-31 10:24:24,745 [b9af389b-3390-4a10-9bb5-d38911605174-groupManagement] INFO  server.RaftServerConfigKeys (ConfUtils.java:logGet(46)) - raft.server.log.segment.size.max = 1048576 (custom)
2023-08-31 10:24:24,746 [b9af389b-3390-4a10-9bb5-d38911605174-groupManagement] INFO  server.RaftServerConfigKeys (ConfUtils.java:logGet(46)) - raft.server.log.segment.cache.num.max = 2 (custom)
2023-08-31 10:24:24,746 [b9af389b-3390-4a10-9bb5-d38911605174-groupManagement] INFO  server.RaftServerConfigKeys (ConfUtils.java:logGet(46)) - raft.server.log.segment.cache.size.max = 200MB (=209715200) (default)
2023-08-31 10:24:24,746 [b9af389b-3390-4a10-9bb5-d38911605174-groupManagement] INFO  server.RaftServerConfigKeys (ConfUtils.java:logGet(46)) - raft.server.log.appender.buffer.byte-limit = 33554432 (custom)
2023-08-31 10:24:24,746 [b9af389b-3390-4a10-9bb5-d38911605174-groupManagement] INFO  segmented.SegmentedRaftLogWorker (SegmentedRaftLogWorker.java:<init>(188)) - new b9af389b-3390-4a10-9bb5-d38911605174@group-A64FDFDCBB42-SegmentedRaftLogWorker for RaftStorageImpl:Storage Directory /home/runner/work/ozone/ozone/hadoop-ozone/integration-test/target/test-dir/MiniOzoneClusterImpl-40ccb4ce-9e5f-48d9-b45c-9251314ec7cc/datanode-3/data/ratis/a6a68664-62e1-4b7c-8048-a64fdfdcbb42
2023-08-31 10:24:24,746 [b9af389b-3390-4a10-9bb5-d38911605174-groupManagement] INFO  server.RaftServerConfigKeys (ConfUtils.java:logGet(46)) - raft.server.log.queue.byte-limit = 4294967296 (custom)
2023-08-31 10:24:24,746 [b9af389b-3390-4a10-9bb5-d38911605174-groupManagement] INFO  server.RaftServerConfigKeys (ConfUtils.java:logGet(46)) - raft.server.log.queue.element-limit = 1024 (custom)
2023-08-31 10:24:24,746 [b9af389b-3390-4a10-9bb5-d38911605174-groupManagement] INFO  server.RaftServerConfigKeys (ConfUtils.java:logGet(46)) - raft.server.log.segment.size.max = 1048576 (custom)
2023-08-31 10:24:24,746 [b9af389b-3390-4a10-9bb5-d38911605174-groupManagement] INFO  server.RaftServerConfigKeys (ConfUtils.java:logGet(46)) - raft.server.log.preallocated.size = 16384 (custom)
2023-08-31 10:24:24,746 [b9af389b-3390-4a10-9bb5-d38911605174-groupManagement] INFO  server.RaftServerConfigKeys (ConfUtils.java:logGet(46)) - raft.server.log.force.sync.num = 128 (default)
2023-08-31 10:24:24,746 [b9af389b-3390-4a10-9bb5-d38911605174-groupManagement] INFO  server.RaftServerConfigKeys (ConfUtils.java:logGet(46)) - raft.server.log.statemachine.data.sync = true (default)
2023-08-31 10:24:24,746 [b9af389b-3390-4a10-9bb5-d38911605174-groupManagement] INFO  server.RaftServerConfigKeys (ConfUtils.java:logGet(46)) - raft.server.log.statemachine.data.sync.timeout = 10s (default)
2023-08-31 10:24:24,746 [b9af389b-3390-4a10-9bb5-d38911605174-groupManagement] INFO  server.RaftServerConfigKeys (ConfUtils.java:logGet(46)) - raft.server.log.statemachine.data.sync.timeout.retry = -1 (default)
2023-08-31 10:24:24,746 [EventQueue-PipelineReportForPipelineReportHandler] INFO  pipeline.PipelineReportHandler (PipelineReportHandler.java:processPipelineReport(136)) - Opened pipeline PipelineID=a6a68664-62e1-4b7c-8048-a64fdfdcbb42
2023-08-31 10:24:24,747 [b9af389b-3390-4a10-9bb5-d38911605174-groupManagement] INFO  server.RaftServerConfigKeys (ConfUtils.java:logGet(46)) - raft.server.log.write.buffer.size = 1048576 (custom)
2023-08-31 10:24:24,747 [b9af389b-3390-4a10-9bb5-d38911605174-groupManagement] INFO  server.RaftServerConfigKeys (ConfUtils.java:logGet(46)) - raft.server.log.appender.buffer.byte-limit = 33554432 (custom)
2023-08-31 10:24:24,748 [EventQueue-OpenPipelineForHealthyPipelineSafeModeRule] INFO  safemode.SCMSafeModeManager (HealthyPipelineSafeModeRule.java:process(137)) - SCM in safe mode. Healthy pipelines reported count is 0, required healthy pipeline reported count is 1
2023-08-31 10:24:24,750 [b9af389b-3390-4a10-9bb5-d38911605174-groupManagement] INFO  server.RaftServerConfigKeys (ConfUtils.java:logGet(46)) - raft.server.log.unsafe-flush.enabled = false (default)
2023-08-31 10:24:24,750 [b9af389b-3390-4a10-9bb5-d38911605174-groupManagement] INFO  server.RaftServerConfigKeys (ConfUtils.java:logGet(46)) - raft.server.log.async-flush.enabled = false (default)
2023-08-31 10:24:24,750 [b9af389b-3390-4a10-9bb5-d38911605174-groupManagement] INFO  server.RaftServerConfigKeys (ConfUtils.java:logGet(46)) - raft.server.log.statemachine.data.caching.enabled = true (custom)
2023-08-31 10:24:24,751 [b9af389b-3390-4a10-9bb5-d38911605174-groupManagement] INFO  segmented.SegmentedRaftLogWorker (SegmentedRaftLogWorker.java:lambda$new$0(135)) - b9af389b-3390-4a10-9bb5-d38911605174@group-A64FDFDCBB42-SegmentedRaftLogWorker: flushIndex: setUnconditionally 0 -> -1
2023-08-31 10:24:24,751 [b9af389b-3390-4a10-9bb5-d38911605174-groupManagement] INFO  segmented.SegmentedRaftLogWorker (SegmentedRaftLogWorker.java:lambda$new$0(135)) - b9af389b-3390-4a10-9bb5-d38911605174@group-A64FDFDCBB42-SegmentedRaftLogWorker: safeCacheEvictIndex: setUnconditionally 0 -> -1
2023-08-31 10:24:24,751 [b9af389b-3390-4a10-9bb5-d38911605174-groupManagement] INFO  server.RaftServer$Division (RaftServerImpl.java:start(342)) - b9af389b-3390-4a10-9bb5-d38911605174@group-A64FDFDCBB42: start as a follower, conf=-1: peers:[b9af389b-3390-4a10-9bb5-d38911605174|rpc:10.1.0.16:15041|admin:10.1.0.16:15040|client:10.1.0.16:15039|dataStream:10.1.0.16:15042|priority:1|startupRole:FOLLOWER]|listeners:[], old=null
2023-08-31 10:24:24,751 [b9af389b-3390-4a10-9bb5-d38911605174-groupManagement] INFO  server.RaftServer$Division (RaftServerImpl.java:setRole(329)) - b9af389b-3390-4a10-9bb5-d38911605174@group-A64FDFDCBB42: changes role from      null to FOLLOWER at term 0 for startAsFollower
2023-08-31 10:24:24,751 [b9af389b-3390-4a10-9bb5-d38911605174-groupManagement] INFO  impl.RoleInfo (RoleInfo.java:updateAndGet(139)) - b9af389b-3390-4a10-9bb5-d38911605174: start b9af389b-3390-4a10-9bb5-d38911605174@group-A64FDFDCBB42-FollowerState
2023-08-31 10:24:24,751 [b9af389b-3390-4a10-9bb5-d38911605174@group-A64FDFDCBB42-FollowerState] INFO  server.RaftServerConfigKeys (ConfUtils.java:logFallback(53)) - raft.server.rpc.first-election.timeout.min = 5s (fallback to raft.server.rpc.timeout.min)
2023-08-31 10:24:24,751 [b9af389b-3390-4a10-9bb5-d38911605174-groupManagement] INFO  util.JmxRegister (JmxRegister.java:tryRegister(44)) - Successfully registered JMX Bean with object name Ratis:service=RaftServer,group=group-A64FDFDCBB42,id=b9af389b-3390-4a10-9bb5-d38911605174
2023-08-31 10:24:24,751 [b9af389b-3390-4a10-9bb5-d38911605174@group-A64FDFDCBB42-FollowerState] INFO  server.RaftServerConfigKeys (ConfUtils.java:logFallback(53)) - raft.server.rpc.first-election.timeout.max = 5200ms (fallback to raft.server.rpc.timeout.max)
2023-08-31 10:24:24,751 [b9af389b-3390-4a10-9bb5-d38911605174-groupManagement] INFO  server.RaftServerConfigKeys (ConfUtils.java:logGet(46)) - raft.server.snapshot.auto.trigger.enabled = true (custom)
2023-08-31 10:24:24,751 [b9af389b-3390-4a10-9bb5-d38911605174-groupManagement] INFO  server.RaftServerConfigKeys (ConfUtils.java:logGet(46)) - raft.server.snapshot.auto.trigger.threshold = 10000 (custom)
2023-08-31 10:24:24,751 [b9af389b-3390-4a10-9bb5-d38911605174-groupManagement] INFO  server.RaftServerConfigKeys (ConfUtils.java:logGet(46)) - raft.server.snapshot.retention.file.num = 5 (custom)
2023-08-31 10:24:24,752 [b9af389b-3390-4a10-9bb5-d38911605174-groupManagement] INFO  server.RaftServerConfigKeys (ConfUtils.java:logGet(46)) - raft.server.log.purge.upto.snapshot.index = false (default)
2023-08-31 10:24:24,752 [PipelineCommandHandlerThread-0] INFO  ratis.XceiverServerRatis (XceiverServerRatis.java:addGroup(804)) - Created group PipelineID=a6a68664-62e1-4b7c-8048-a64fdfdcbb42
2023-08-31 10:24:24,752 [PipelineCommandHandlerThread-0] INFO  commandhandler.CreatePipelineCommandHandler (CreatePipelineCommandHandler.java:lambda$handle$2(124)) - Created Pipeline RATIS ONE PipelineID=a6a68664-62e1-4b7c-8048-a64fdfdcbb42.
2023-08-31 10:24:25,007 [PipelineCommandHandlerThread-0] INFO  server.RaftServer (RaftServerProxy.java:addNew(98)) - 8aeac973-d988-4477-a868-52c3b0be344f: addNew group-066749DCEE18:[8aeac973-d988-4477-a868-52c3b0be344f|rpc:10.1.0.16:15050|admin:10.1.0.16:15049|client:10.1.0.16:15048|dataStream:10.1.0.16:15051|priority:1|startupRole:FOLLOWER] returns group-066749DCEE18:java.util.concurrent.CompletableFuture@40b20e18[Not completed]
2023-08-31 10:24:25,008 [8aeac973-d988-4477-a868-52c3b0be344f-groupManagement] INFO  server.RaftServer$Division (RaftServerImpl.java:<init>(198)) - 8aeac973-d988-4477-a868-52c3b0be344f: new RaftServerImpl for group-066749DCEE18:[8aeac973-d988-4477-a868-52c3b0be344f|rpc:10.1.0.16:15050|admin:10.1.0.16:15049|client:10.1.0.16:15048|dataStream:10.1.0.16:15051|priority:1|startupRole:FOLLOWER] with ContainerStateMachine:uninitialized
2023-08-31 10:24:25,009 [8aeac973-d988-4477-a868-52c3b0be344f-groupManagement] INFO  server.RaftServerConfigKeys (ConfUtils.java:logGet(46)) - raft.server.rpc.timeout.min = 5s (custom)
2023-08-31 10:24:25,009 [8aeac973-d988-4477-a868-52c3b0be344f-groupManagement] INFO  server.RaftServerConfigKeys (ConfUtils.java:logGet(46)) - raft.server.rpc.timeout.max = 5200ms (custom)
2023-08-31 10:24:25,009 [8aeac973-d988-4477-a868-52c3b0be344f-groupManagement] INFO  server.RaftServerConfigKeys (ConfUtils.java:logGet(46)) - raft.server.rpc.sleep.time = 25ms (default)
2023-08-31 10:24:25,009 [8aeac973-d988-4477-a868-52c3b0be344f-groupManagement] INFO  server.RaftServerConfigKeys (ConfUtils.java:logGet(46)) - raft.server.rpc.slowness.timeout = 300000ms (custom)
2023-08-31 10:24:25,009 [8aeac973-d988-4477-a868-52c3b0be344f-groupManagement] INFO  server.RaftServerConfigKeys (ConfUtils.java:logGet(46)) - raft.server.leaderelection.leader.step-down.wait-time = 10s (default)
2023-08-31 10:24:25,009 [8aeac973-d988-4477-a868-52c3b0be344f-groupManagement] INFO  server.RaftServerConfigKeys (ConfUtils.java:logGet(46)) - raft.server.sleep.deviation.threshold = 300ms (default)
2023-08-31 10:24:25,009 [8aeac973-d988-4477-a868-52c3b0be344f-groupManagement] INFO  server.RaftServer$Division (ServerState.java:<init>(120)) - 8aeac973-d988-4477-a868-52c3b0be344f@group-066749DCEE18: ConfigurationManager, init=-1: peers:[8aeac973-d988-4477-a868-52c3b0be344f|rpc:10.1.0.16:15050|admin:10.1.0.16:15049|client:10.1.0.16:15048|dataStream:10.1.0.16:15051|priority:1|startupRole:FOLLOWER]|listeners:[], old=null, confs=<EMPTY_MAP>
2023-08-31 10:24:25,009 [8aeac973-d988-4477-a868-52c3b0be344f-groupManagement] INFO  server.RaftServerConfigKeys (ConfUtils.java:logGet(46)) - raft.server.storage.dir = [/home/runner/work/ozone/ozone/hadoop-ozone/integration-test/target/test-dir/MiniOzoneClusterImpl-40ccb4ce-9e5f-48d9-b45c-9251314ec7cc/datanode-4/data/ratis] (custom)
2023-08-31 10:24:25,009 [8aeac973-d988-4477-a868-52c3b0be344f-groupManagement] INFO  server.RaftServerConfigKeys (ConfUtils.java:logGet(46)) - raft.server.log.corruption.policy = EXCEPTION (default)
2023-08-31 10:24:25,009 [8aeac973-d988-4477-a868-52c3b0be344f-groupManagement] INFO  server.RaftServerConfigKeys (ConfUtils.java:logGet(46)) - raft.server.storage.free-space.min = 0MB (=0) (default)
2023-08-31 10:24:25,009 [8aeac973-d988-4477-a868-52c3b0be344f-groupManagement] INFO  server.RaftServerConfigKeys (ConfUtils.java:logGet(46)) - raft.server.notification.no-leader.timeout = 300000ms (custom)
2023-08-31 10:24:25,009 [8aeac973-d988-4477-a868-52c3b0be344f-groupManagement] INFO  server.RaftServerConfigKeys (ConfUtils.java:logGet(46)) - raft.server.read.timeout = 10s (default)
2023-08-31 10:24:25,009 [8aeac973-d988-4477-a868-52c3b0be344f-groupManagement] INFO  server.RaftServerConfigKeys (ConfUtils.java:logGet(46)) - raft.server.retrycache.expirytime = 600000ms (custom)
2023-08-31 10:24:25,009 [8aeac973-d988-4477-a868-52c3b0be344f-groupManagement] INFO  server.RaftServerConfigKeys (ConfUtils.java:logGet(46)) - raft.server.retrycache.statistics.expirytime = 100μs (default)
2023-08-31 10:24:25,010 [8aeac973-d988-4477-a868-52c3b0be344f-groupManagement] INFO  server.RaftServerConfigKeys (ConfUtils.java:logGet(46)) - raft.server.read.option = DEFAULT (default)
2023-08-31 10:24:25,011 [8aeac973-d988-4477-a868-52c3b0be344f-groupManagement] INFO  server.RaftServerConfigKeys (ConfUtils.java:logGet(46)) - raft.server.rpc.request.timeout = 3000ms (default)
2023-08-31 10:24:25,011 [8aeac973-d988-4477-a868-52c3b0be344f-groupManagement] INFO  server.RaftServerConfigKeys (ConfUtils.java:logGet(46)) - raft.server.log.appender.install.snapshot.enabled = false (custom)
2023-08-31 10:24:25,011 [8aeac973-d988-4477-a868-52c3b0be344f-groupManagement] INFO  server.RaftServerConfigKeys (ConfUtils.java:logGet(46)) - raft.server.threadpool.server.cached = true (default)
2023-08-31 10:24:25,011 [8aeac973-d988-4477-a868-52c3b0be344f-groupManagement] INFO  server.RaftServerConfigKeys (ConfUtils.java:logGet(46)) - raft.server.threadpool.server.size = 0 (default)
2023-08-31 10:24:25,011 [8aeac973-d988-4477-a868-52c3b0be344f-groupManagement] INFO  server.RaftServerConfigKeys (ConfUtils.java:logGet(46)) - raft.server.threadpool.client.cached = true (default)
2023-08-31 10:24:25,011 [8aeac973-d988-4477-a868-52c3b0be344f-groupManagement] INFO  server.RaftServerConfigKeys (ConfUtils.java:logGet(46)) - raft.server.threadpool.client.size = 0 (default)
2023-08-31 10:24:25,012 [8aeac973-d988-4477-a868-52c3b0be344f-groupManagement] INFO  storage.RaftStorageDirectory (RaftStorageDirectoryImpl.java:analyzeStorage(137)) - The storage directory /home/runner/work/ozone/ozone/hadoop-ozone/integration-test/target/test-dir/MiniOzoneClusterImpl-40ccb4ce-9e5f-48d9-b45c-9251314ec7cc/datanode-4/data/ratis/83c4afe8-7a9f-4693-a480-066749dcee18 does not exist. Creating ...
2023-08-31 10:24:25,012 [8aeac973-d988-4477-a868-52c3b0be344f-groupManagement] INFO  storage.RaftStorageDirectory (RaftStorageDirectoryImpl.java:tryLock(231)) - Lock on /home/runner/work/ozone/ozone/hadoop-ozone/integration-test/target/test-dir/MiniOzoneClusterImpl-40ccb4ce-9e5f-48d9-b45c-9251314ec7cc/datanode-4/data/ratis/83c4afe8-7a9f-4693-a480-066749dcee18/in_use.lock acquired by nodename 34453@fv-az304-998
2023-08-31 10:24:25,013 [8aeac973-d988-4477-a868-52c3b0be344f-groupManagement] INFO  storage.RaftStorage (RaftStorageImpl.java:format(96)) - Storage directory /home/runner/work/ozone/ozone/hadoop-ozone/integration-test/target/test-dir/MiniOzoneClusterImpl-40ccb4ce-9e5f-48d9-b45c-9251314ec7cc/datanode-4/data/ratis/83c4afe8-7a9f-4693-a480-066749dcee18 has been successfully formatted.
2023-08-31 10:24:25,016 [8aeac973-d988-4477-a868-52c3b0be344f-groupManagement] INFO  ratis.ContainerStateMachine (ContainerStateMachine.java:loadSnapshot(262)) - group-066749DCEE18: The snapshot info is null. Setting the last applied indexto:(t:0, i:~)
2023-08-31 10:24:25,016 [8aeac973-d988-4477-a868-52c3b0be344f-groupManagement] INFO  server.RaftServerConfigKeys (ConfUtils.java:logGet(46)) - raft.server.log.use.memory = false (default)
2023-08-31 10:24:25,018 [EventQueue-PipelineReportForPipelineReportHandler] INFO  pipeline.PipelineReportHandler (PipelineReportHandler.java:processPipelineReport(136)) - Opened pipeline PipelineID=83c4afe8-7a9f-4693-a480-066749dcee18
2023-08-31 10:24:25,018 [EventQueue-OpenPipelineForHealthyPipelineSafeModeRule] INFO  safemode.SCMSafeModeManager (HealthyPipelineSafeModeRule.java:process(137)) - SCM in safe mode. Healthy pipelines reported count is 0, required healthy pipeline reported count is 1
2023-08-31 10:24:25,019 [8aeac973-d988-4477-a868-52c3b0be344f-groupManagement] INFO  server.RaftServerConfigKeys (ConfUtils.java:logGet(46)) - raft.server.log.purge.gap = 1000000 (custom)
2023-08-31 10:24:25,019 [8aeac973-d988-4477-a868-52c3b0be344f-groupManagement] INFO  server.RaftServerConfigKeys (ConfUtils.java:logGet(46)) - raft.server.log.appender.buffer.byte-limit = 33554432 (custom)
2023-08-31 10:24:25,019 [8aeac973-d988-4477-a868-52c3b0be344f-groupManagement] INFO  server.RaftServerConfigKeys (ConfUtils.java:logGet(46)) - raft.server.log.statemachine.data.read.timeout = 1000ms (default)
2023-08-31 10:24:25,019 [8aeac973-d988-4477-a868-52c3b0be344f-groupManagement] INFO  server.RaftServerConfigKeys (ConfUtils.java:logGet(46)) - raft.server.log.purge.preservation.log.num = 0 (default)
2023-08-31 10:24:25,020 [8aeac973-d988-4477-a868-52c3b0be344f-groupManagement] INFO  server.RaftServerConfigKeys (ConfUtils.java:logGet(46)) - raft.server.log.segment.size.max = 1048576 (custom)
2023-08-31 10:24:25,021 [8aeac973-d988-4477-a868-52c3b0be344f-groupManagement] INFO  server.RaftServerConfigKeys (ConfUtils.java:logGet(46)) - raft.server.log.segment.cache.num.max = 2 (custom)
2023-08-31 10:24:25,021 [8aeac973-d988-4477-a868-52c3b0be344f-groupManagement] INFO  server.RaftServerConfigKeys (ConfUtils.java:logGet(46)) - raft.server.log.segment.cache.size.max = 200MB (=209715200) (default)
2023-08-31 10:24:25,021 [8aeac973-d988-4477-a868-52c3b0be344f-groupManagement] INFO  server.RaftServerConfigKeys (ConfUtils.java:logGet(46)) - raft.server.log.appender.buffer.byte-limit = 33554432 (custom)
2023-08-31 10:24:25,021 [8aeac973-d988-4477-a868-52c3b0be344f-groupManagement] INFO  segmented.SegmentedRaftLogWorker (SegmentedRaftLogWorker.java:<init>(188)) - new 8aeac973-d988-4477-a868-52c3b0be344f@group-066749DCEE18-SegmentedRaftLogWorker for RaftStorageImpl:Storage Directory /home/runner/work/ozone/ozone/hadoop-ozone/integration-test/target/test-dir/MiniOzoneClusterImpl-40ccb4ce-9e5f-48d9-b45c-9251314ec7cc/datanode-4/data/ratis/83c4afe8-7a9f-4693-a480-066749dcee18
2023-08-31 10:24:25,021 [8aeac973-d988-4477-a868-52c3b0be344f-groupManagement] INFO  server.RaftServerConfigKeys (ConfUtils.java:logGet(46)) - raft.server.log.queue.byte-limit = 4294967296 (custom)
2023-08-31 10:24:25,021 [8aeac973-d988-4477-a868-52c3b0be344f-groupManagement] INFO  server.RaftServerConfigKeys (ConfUtils.java:logGet(46)) - raft.server.log.queue.element-limit = 1024 (custom)
2023-08-31 10:24:25,022 [8aeac973-d988-4477-a868-52c3b0be344f-groupManagement] INFO  server.RaftServerConfigKeys (ConfUtils.java:logGet(46)) - raft.server.log.segment.size.max = 1048576 (custom)
2023-08-31 10:24:25,022 [8aeac973-d988-4477-a868-52c3b0be344f-groupManagement] INFO  server.RaftServerConfigKeys (ConfUtils.java:logGet(46)) - raft.server.log.preallocated.size = 16384 (custom)
2023-08-31 10:24:25,022 [8aeac973-d988-4477-a868-52c3b0be344f-groupManagement] INFO  server.RaftServerConfigKeys (ConfUtils.java:logGet(46)) - raft.server.log.force.sync.num = 128 (default)
2023-08-31 10:24:25,022 [8aeac973-d988-4477-a868-52c3b0be344f-groupManagement] INFO  server.RaftServerConfigKeys (ConfUtils.java:logGet(46)) - raft.server.log.statemachine.data.sync = true (default)
2023-08-31 10:24:25,022 [8aeac973-d988-4477-a868-52c3b0be344f-groupManagement] INFO  server.RaftServerConfigKeys (ConfUtils.java:logGet(46)) - raft.server.log.statemachine.data.sync.timeout = 10s (default)
2023-08-31 10:24:25,022 [8aeac973-d988-4477-a868-52c3b0be344f-groupManagement] INFO  server.RaftServerConfigKeys (ConfUtils.java:logGet(46)) - raft.server.log.statemachine.data.sync.timeout.retry = -1 (default)
2023-08-31 10:24:25,023 [8aeac973-d988-4477-a868-52c3b0be344f-groupManagement] INFO  server.RaftServerConfigKeys (ConfUtils.java:logGet(46)) - raft.server.log.write.buffer.size = 1048576 (custom)
2023-08-31 10:24:25,023 [8aeac973-d988-4477-a868-52c3b0be344f-groupManagement] INFO  server.RaftServerConfigKeys (ConfUtils.java:logGet(46)) - raft.server.log.appender.buffer.byte-limit = 33554432 (custom)
2023-08-31 10:24:25,288 [JUnit] INFO  ozone.MiniOzoneClusterImpl (MiniOzoneClusterImpl.java:lambda$waitForClusterToBeReady$0(224)) - Nodes are ready. Got 5 of 5 DN Heartbeats.
2023-08-31 10:24:25,288 [JUnit] INFO  ozone.MiniOzoneClusterImpl (MiniOzoneClusterImpl.java:lambda$waitForClusterToBeReady$0(227)) - Waiting for cluster to exit safe mode
2023-08-31 10:24:25,288 [JvmPauseMonitor0] WARN  util.JvmPauseMonitor (JvmPauseMonitor.java:detectPause(124)) - JvmPauseMonitor-ef36492e-227d-44a7-b371-16d4b215a821: Detected pause in JVM or host machine approximately 0.231s with 0.264s GC time.
GC pool 'PS MarkSweep' had collection(s): count=1 time=211ms
GC pool 'PS Scavenge' had collection(s): count=1 time=53ms
2023-08-31 10:24:25,289 [JvmPauseMonitor3] WARN  util.JvmPauseMonitor (JvmPauseMonitor.java:detectPause(124)) - JvmPauseMonitor-faefdaa5-b95f-414d-83d1-b299fbae73bf: Detected pause in JVM or host machine approximately 0.241s with 0.264s GC time.
GC pool 'PS MarkSweep' had collection(s): count=1 time=211ms
GC pool 'PS Scavenge' had collection(s): count=1 time=53ms
2023-08-31 10:24:25,289 [JvmPauseMonitor6] WARN  util.JvmPauseMonitor (JvmPauseMonitor.java:detectPause(124)) - JvmPauseMonitor-8aeac973-d988-4477-a868-52c3b0be344f: Detected pause in JVM or host machine approximately 0.237s with 0.264s GC time.
GC pool 'PS MarkSweep' had collection(s): count=1 time=211ms
GC pool 'PS Scavenge' had collection(s): count=1 time=53ms
2023-08-31 10:24:25,288 [JUnit] INFO  ozone.MiniOzoneClusterImpl (MiniOzoneClusterImpl.java:lambda$waitForClusterToBeReady$0(229)) - SCM became leader
2023-08-31 10:24:25,289 [JvmPauseMonitor4] WARN  util.JvmPauseMonitor (JvmPauseMonitor.java:detectPause(124)) - JvmPauseMonitor-d1449997-f54f-4a59-bd40-37f2c04f767d: Detected pause in JVM or host machine approximately 0.235s with 0.264s GC time.
GC pool 'PS MarkSweep' had collection(s): count=1 time=211ms
GC pool 'PS Scavenge' had collection(s): count=1 time=53ms
2023-08-31 10:24:25,292 [8aeac973-d988-4477-a868-52c3b0be344f-groupManagement] INFO  server.RaftServerConfigKeys (ConfUtils.java:logGet(46)) - raft.server.log.unsafe-flush.enabled = false (default)
2023-08-31 10:24:25,292 [8aeac973-d988-4477-a868-52c3b0be344f-groupManagement] INFO  server.RaftServerConfigKeys (ConfUtils.java:logGet(46)) - raft.server.log.async-flush.enabled = false (default)
2023-08-31 10:24:25,292 [8aeac973-d988-4477-a868-52c3b0be344f-groupManagement] INFO  server.RaftServerConfigKeys (ConfUtils.java:logGet(46)) - raft.server.log.statemachine.data.caching.enabled = true (custom)
2023-08-31 10:24:25,292 [8aeac973-d988-4477-a868-52c3b0be344f-groupManagement] INFO  segmented.SegmentedRaftLogWorker (SegmentedRaftLogWorker.java:lambda$new$0(135)) - 8aeac973-d988-4477-a868-52c3b0be344f@group-066749DCEE18-SegmentedRaftLogWorker: flushIndex: setUnconditionally 0 -> -1
2023-08-31 10:24:25,292 [8aeac973-d988-4477-a868-52c3b0be344f-groupManagement] INFO  segmented.SegmentedRaftLogWorker (SegmentedRaftLogWorker.java:lambda$new$0(135)) - 8aeac973-d988-4477-a868-52c3b0be344f@group-066749DCEE18-SegmentedRaftLogWorker: safeCacheEvictIndex: setUnconditionally 0 -> -1
2023-08-31 10:24:25,293 [8aeac973-d988-4477-a868-52c3b0be344f-groupManagement] INFO  server.RaftServer$Division (RaftServerImpl.java:start(342)) - 8aeac973-d988-4477-a868-52c3b0be344f@group-066749DCEE18: start as a follower, conf=-1: peers:[8aeac973-d988-4477-a868-52c3b0be344f|rpc:10.1.0.16:15050|admin:10.1.0.16:15049|client:10.1.0.16:15048|dataStream:10.1.0.16:15051|priority:1|startupRole:FOLLOWER]|listeners:[], old=null
2023-08-31 10:24:25,293 [8aeac973-d988-4477-a868-52c3b0be344f-groupManagement] INFO  server.RaftServer$Division (RaftServerImpl.java:setRole(329)) - 8aeac973-d988-4477-a868-52c3b0be344f@group-066749DCEE18: changes role from      null to FOLLOWER at term 0 for startAsFollower
2023-08-31 10:24:25,293 [8aeac973-d988-4477-a868-52c3b0be344f-groupManagement] INFO  impl.RoleInfo (RoleInfo.java:updateAndGet(139)) - 8aeac973-d988-4477-a868-52c3b0be344f: start 8aeac973-d988-4477-a868-52c3b0be344f@group-066749DCEE18-FollowerState
2023-08-31 10:24:25,294 [8aeac973-d988-4477-a868-52c3b0be344f-groupManagement] INFO  util.JmxRegister (JmxRegister.java:tryRegister(44)) - Successfully registered JMX Bean with object name Ratis:service=RaftServer,group=group-066749DCEE18,id=8aeac973-d988-4477-a868-52c3b0be344f
2023-08-31 10:24:25,294 [8aeac973-d988-4477-a868-52c3b0be344f-groupManagement] INFO  server.RaftServerConfigKeys (ConfUtils.java:logGet(46)) - raft.server.snapshot.auto.trigger.enabled = true (custom)
2023-08-31 10:24:25,294 [8aeac973-d988-4477-a868-52c3b0be344f-groupManagement] INFO  server.RaftServerConfigKeys (ConfUtils.java:logGet(46)) - raft.server.snapshot.auto.trigger.threshold = 10000 (custom)
2023-08-31 10:24:25,294 [8aeac973-d988-4477-a868-52c3b0be344f-groupManagement] INFO  server.RaftServerConfigKeys (ConfUtils.java:logGet(46)) - raft.server.snapshot.retention.file.num = 5 (custom)
2023-08-31 10:24:25,294 [8aeac973-d988-4477-a868-52c3b0be344f-groupManagement] INFO  server.RaftServerConfigKeys (ConfUtils.java:logGet(46)) - raft.server.log.purge.upto.snapshot.index = false (default)
2023-08-31 10:24:25,295 [8aeac973-d988-4477-a868-52c3b0be344f@group-066749DCEE18-FollowerState] INFO  server.RaftServerConfigKeys (ConfUtils.java:logFallback(53)) - raft.server.rpc.first-election.timeout.min = 5s (fallback to raft.server.rpc.timeout.min)
2023-08-31 10:24:25,295 [8aeac973-d988-4477-a868-52c3b0be344f@group-066749DCEE18-FollowerState] INFO  server.RaftServerConfigKeys (ConfUtils.java:logFallback(53)) - raft.server.rpc.first-election.timeout.max = 5200ms (fallback to raft.server.rpc.timeout.max)
2023-08-31 10:24:25,308 [PipelineCommandHandlerThread-0] INFO  ratis.XceiverServerRatis (XceiverServerRatis.java:addGroup(804)) - Created group PipelineID=83c4afe8-7a9f-4693-a480-066749dcee18
2023-08-31 10:24:25,308 [PipelineCommandHandlerThread-0] INFO  commandhandler.CreatePipelineCommandHandler (CreatePipelineCommandHandler.java:lambda$handle$2(124)) - Created Pipeline RATIS ONE PipelineID=83c4afe8-7a9f-4693-a480-066749dcee18.
2023-08-31 10:24:26,289 [JUnit] INFO  ozone.MiniOzoneClusterImpl (MiniOzoneClusterImpl.java:lambda$waitForClusterToBeReady$0(224)) - Nodes are ready. Got 5 of 5 DN Heartbeats.
2023-08-31 10:24:26,289 [JUnit] INFO  ozone.MiniOzoneClusterImpl (MiniOzoneClusterImpl.java:lambda$waitForClusterToBeReady$0(227)) - Waiting for cluster to exit safe mode
2023-08-31 10:24:26,289 [JUnit] INFO  ozone.MiniOzoneClusterImpl (MiniOzoneClusterImpl.java:lambda$waitForClusterToBeReady$0(229)) - SCM became leader
2023-08-31 10:24:27,289 [JUnit] INFO  ozone.MiniOzoneClusterImpl (MiniOzoneClusterImpl.java:lambda$waitForClusterToBeReady$0(224)) - Nodes are ready. Got 5 of 5 DN Heartbeats.
2023-08-31 10:24:27,290 [JUnit] INFO  ozone.MiniOzoneClusterImpl (MiniOzoneClusterImpl.java:lambda$waitForClusterToBeReady$0(227)) - Waiting for cluster to exit safe mode
2023-08-31 10:24:27,290 [JUnit] INFO  ozone.MiniOzoneClusterImpl (MiniOzoneClusterImpl.java:lambda$waitForClusterToBeReady$0(229)) - SCM became leader
2023-08-31 10:24:28,290 [JUnit] INFO  ozone.MiniOzoneClusterImpl (MiniOzoneClusterImpl.java:lambda$waitForClusterToBeReady$0(224)) - Nodes are ready. Got 5 of 5 DN Heartbeats.
2023-08-31 10:24:28,290 [JUnit] INFO  ozone.MiniOzoneClusterImpl (MiniOzoneClusterImpl.java:lambda$waitForClusterToBeReady$0(227)) - Waiting for cluster to exit safe mode
2023-08-31 10:24:28,290 [JUnit] INFO  ozone.MiniOzoneClusterImpl (MiniOzoneClusterImpl.java:lambda$waitForClusterToBeReady$0(229)) - SCM became leader
2023-08-31 10:24:28,796 [1e7dfa45-1203-43e6-a103-23c323d0a6d5@group-F61243B0ED7E-FollowerState] INFO  impl.FollowerState (FollowerState.java:run(143)) - 1e7dfa45-1203-43e6-a103-23c323d0a6d5@group-F61243B0ED7E-FollowerState: change to CANDIDATE, lastRpcElapsedTime:5100804606ns, electionTimeout:5085ms
2023-08-31 10:24:28,797 [1e7dfa45-1203-43e6-a103-23c323d0a6d5@group-F61243B0ED7E-FollowerState] INFO  impl.RoleInfo (RoleInfo.java:shutdownFollowerState(110)) - 1e7dfa45-1203-43e6-a103-23c323d0a6d5: shutdown 1e7dfa45-1203-43e6-a103-23c323d0a6d5@group-F61243B0ED7E-FollowerState
2023-08-31 10:24:28,797 [1e7dfa45-1203-43e6-a103-23c323d0a6d5@group-F61243B0ED7E-FollowerState] INFO  server.RaftServer$Division (RaftServerImpl.java:setRole(329)) - 1e7dfa45-1203-43e6-a103-23c323d0a6d5@group-F61243B0ED7E: changes role from  FOLLOWER to CANDIDATE at term 0 for changeToCandidate
2023-08-31 10:24:28,797 [1e7dfa45-1203-43e6-a103-23c323d0a6d5@group-F61243B0ED7E-FollowerState] INFO  server.RaftServerConfigKeys (ConfUtils.java:logGet(46)) - raft.server.leaderelection.pre-vote = true (default)
2023-08-31 10:24:28,797 [1e7dfa45-1203-43e6-a103-23c323d0a6d5@group-F61243B0ED7E-FollowerState] INFO  impl.RoleInfo (RoleInfo.java:updateAndGet(139)) - 1e7dfa45-1203-43e6-a103-23c323d0a6d5: start 1e7dfa45-1203-43e6-a103-23c323d0a6d5@group-F61243B0ED7E-LeaderElection2
2023-08-31 10:24:28,800 [1e7dfa45-1203-43e6-a103-23c323d0a6d5@group-F61243B0ED7E-LeaderElection2] INFO  impl.LeaderElection (LeaderElection.java:askForVotes(321)) - 1e7dfa45-1203-43e6-a103-23c323d0a6d5@group-F61243B0ED7E-LeaderElection2 PRE_VOTE round 0: submit vote requests at term 0 for -1: peers:[1e7dfa45-1203-43e6-a103-23c323d0a6d5|rpc:10.1.0.16:15014|admin:10.1.0.16:15013|client:10.1.0.16:15012|dataStream:10.1.0.16:15015|priority:0|startupRole:FOLLOWER, faefdaa5-b95f-414d-83d1-b299fbae73bf|rpc:10.1.0.16:15023|admin:10.1.0.16:15022|client:10.1.0.16:15021|dataStream:10.1.0.16:15024|priority:1|startupRole:FOLLOWER, d1449997-f54f-4a59-bd40-37f2c04f767d|rpc:10.1.0.16:15032|admin:10.1.0.16:15031|client:10.1.0.16:15030|dataStream:10.1.0.16:15033|priority:0|startupRole:FOLLOWER]|listeners:[], old=null
2023-08-31 10:24:28,805 [1e7dfa45-1203-43e6-a103-23c323d0a6d5@group-F61243B0ED7E-LeaderElection2] INFO  server.RaftServerConfigKeys (ConfUtils.java:logFallback(53)) - raft.server.rpc.first-election.timeout.min = 5s (fallback to raft.server.rpc.timeout.min)
2023-08-31 10:24:28,805 [1e7dfa45-1203-43e6-a103-23c323d0a6d5@group-F61243B0ED7E-LeaderElection2] INFO  server.RaftServerConfigKeys (ConfUtils.java:logFallback(53)) - raft.server.rpc.first-election.timeout.max = 5200ms (fallback to raft.server.rpc.timeout.max)
2023-08-31 10:24:28,807 [1e7dfa45-1203-43e6-a103-23c323d0a6d5@group-F61243B0ED7E-LeaderElection2-1] INFO  server.GrpcServerProtocolClient (GrpcServerProtocolClient.java:<init>(65)) - Build channel for faefdaa5-b95f-414d-83d1-b299fbae73bf
2023-08-31 10:24:28,811 [1e7dfa45-1203-43e6-a103-23c323d0a6d5@group-F61243B0ED7E-LeaderElection2-2] INFO  server.GrpcServerProtocolClient (GrpcServerProtocolClient.java:<init>(65)) - Build channel for d1449997-f54f-4a59-bd40-37f2c04f767d
2023-08-31 10:24:28,826 [grpc-default-executor-0] INFO  server.RaftServer$Division (RaftServerImpl.java:requestVote(1302)) - faefdaa5-b95f-414d-83d1-b299fbae73bf@group-F61243B0ED7E: receive requestVote(PRE_VOTE, 1e7dfa45-1203-43e6-a103-23c323d0a6d5, group-F61243B0ED7E, 0, (t:0, i:0))
2023-08-31 10:24:28,828 [grpc-default-executor-0] INFO  impl.VoteContext (VoteContext.java:log(49)) - faefdaa5-b95f-414d-83d1-b299fbae73bf@group-F61243B0ED7E-FOLLOWER: reject PRE_VOTE from 1e7dfa45-1203-43e6-a103-23c323d0a6d5: our priority 1 > candidate's priority 0
2023-08-31 10:24:28,830 [grpc-default-executor-0] INFO  server.RaftServer$Division (RaftServerImpl.java:requestVote(1335)) - faefdaa5-b95f-414d-83d1-b299fbae73bf@group-F61243B0ED7E replies to PRE_VOTE vote request: 1e7dfa45-1203-43e6-a103-23c323d0a6d5<-faefdaa5-b95f-414d-83d1-b299fbae73bf#0:FAIL-t0. Peer's state: faefdaa5-b95f-414d-83d1-b299fbae73bf@group-F61243B0ED7E:t0, leader=null, voted=, raftlog=Memoized:faefdaa5-b95f-414d-83d1-b299fbae73bf@group-F61243B0ED7E-SegmentedRaftLog:OPENED:c-1, conf=-1: peers:[1e7dfa45-1203-43e6-a103-23c323d0a6d5|rpc:10.1.0.16:15014|admin:10.1.0.16:15013|client:10.1.0.16:15012|dataStream:10.1.0.16:15015|priority:0|startupRole:FOLLOWER, faefdaa5-b95f-414d-83d1-b299fbae73bf|rpc:10.1.0.16:15023|admin:10.1.0.16:15022|client:10.1.0.16:15021|dataStream:10.1.0.16:15024|priority:1|startupRole:FOLLOWER, d1449997-f54f-4a59-bd40-37f2c04f767d|rpc:10.1.0.16:15032|admin:10.1.0.16:15031|client:10.1.0.16:15030|dataStream:10.1.0.16:15033|priority:0|startupRole:FOLLOWER]|listeners:[], old=null
2023-08-31 10:24:28,830 [1e7dfa45-1203-43e6-a103-23c323d0a6d5@group-7A527C6A9FAD-FollowerState] INFO  impl.FollowerState (FollowerState.java:run(143)) - 1e7dfa45-1203-43e6-a103-23c323d0a6d5@group-7A527C6A9FAD-FollowerState: change to CANDIDATE, lastRpcElapsedTime:5183749222ns, electionTimeout:5181ms
2023-08-31 10:24:28,831 [grpc-default-executor-1] INFO  server.RaftServer$Division (RaftServerImpl.java:requestVote(1302)) - d1449997-f54f-4a59-bd40-37f2c04f767d@group-F61243B0ED7E: receive requestVote(PRE_VOTE, 1e7dfa45-1203-43e6-a103-23c323d0a6d5, group-F61243B0ED7E, 0, (t:0, i:0))
2023-08-31 10:24:28,831 [1e7dfa45-1203-43e6-a103-23c323d0a6d5@group-7A527C6A9FAD-FollowerState] INFO  impl.RoleInfo (RoleInfo.java:shutdownFollowerState(110)) - 1e7dfa45-1203-43e6-a103-23c323d0a6d5: shutdown 1e7dfa45-1203-43e6-a103-23c323d0a6d5@group-7A527C6A9FAD-FollowerState
2023-08-31 10:24:28,832 [1e7dfa45-1203-43e6-a103-23c323d0a6d5@group-7A527C6A9FAD-FollowerState] INFO  server.RaftServer$Division (RaftServerImpl.java:setRole(329)) - 1e7dfa45-1203-43e6-a103-23c323d0a6d5@group-7A527C6A9FAD: changes role from  FOLLOWER to CANDIDATE at term 0 for changeToCandidate
2023-08-31 10:24:28,832 [grpc-default-executor-1] INFO  impl.VoteContext (VoteContext.java:log(49)) - d1449997-f54f-4a59-bd40-37f2c04f767d@group-F61243B0ED7E-FOLLOWER: accept PRE_VOTE from 1e7dfa45-1203-43e6-a103-23c323d0a6d5: our priority 0 <= candidate's priority 0
2023-08-31 10:24:28,835 [grpc-default-executor-1] INFO  server.RaftServer$Division (RaftServerImpl.java:requestVote(1335)) - d1449997-f54f-4a59-bd40-37f2c04f767d@group-F61243B0ED7E replies to PRE_VOTE vote request: 1e7dfa45-1203-43e6-a103-23c323d0a6d5<-d1449997-f54f-4a59-bd40-37f2c04f767d#0:OK-t0. Peer's state: d1449997-f54f-4a59-bd40-37f2c04f767d@group-F61243B0ED7E:t0, leader=null, voted=, raftlog=Memoized:d1449997-f54f-4a59-bd40-37f2c04f767d@group-F61243B0ED7E-SegmentedRaftLog:OPENED:c-1, conf=-1: peers:[1e7dfa45-1203-43e6-a103-23c323d0a6d5|rpc:10.1.0.16:15014|admin:10.1.0.16:15013|client:10.1.0.16:15012|dataStream:10.1.0.16:15015|priority:0|startupRole:FOLLOWER, faefdaa5-b95f-414d-83d1-b299fbae73bf|rpc:10.1.0.16:15023|admin:10.1.0.16:15022|client:10.1.0.16:15021|dataStream:10.1.0.16:15024|priority:1|startupRole:FOLLOWER, d1449997-f54f-4a59-bd40-37f2c04f767d|rpc:10.1.0.16:15032|admin:10.1.0.16:15031|client:10.1.0.16:15030|dataStream:10.1.0.16:15033|priority:0|startupRole:FOLLOWER]|listeners:[], old=null
2023-08-31 10:24:28,835 [1e7dfa45-1203-43e6-a103-23c323d0a6d5@group-7A527C6A9FAD-FollowerState] INFO  server.RaftServerConfigKeys (ConfUtils.java:logGet(46)) - raft.server.leaderelection.pre-vote = true (default)
2023-08-31 10:24:28,835 [1e7dfa45-1203-43e6-a103-23c323d0a6d5@group-7A527C6A9FAD-FollowerState] INFO  impl.RoleInfo (RoleInfo.java:updateAndGet(139)) - 1e7dfa45-1203-43e6-a103-23c323d0a6d5: start 1e7dfa45-1203-43e6-a103-23c323d0a6d5@group-7A527C6A9FAD-LeaderElection3
2023-08-31 10:24:28,837 [1e7dfa45-1203-43e6-a103-23c323d0a6d5@group-F61243B0ED7E-LeaderElection2] INFO  impl.LeaderElection (LeaderElection.java:logAndReturn(90)) - 1e7dfa45-1203-43e6-a103-23c323d0a6d5@group-F61243B0ED7E-LeaderElection2: PRE_VOTE REJECTED received 2 response(s) and 0 exception(s):
2023-08-31 10:24:28,838 [1e7dfa45-1203-43e6-a103-23c323d0a6d5@group-F61243B0ED7E-LeaderElection2] INFO  impl.LeaderElection (LeaderElection.java:logAndReturn(94)) -   Response 0: 1e7dfa45-1203-43e6-a103-23c323d0a6d5<-faefdaa5-b95f-414d-83d1-b299fbae73bf#0:FAIL-t0
2023-08-31 10:24:28,838 [1e7dfa45-1203-43e6-a103-23c323d0a6d5@group-F61243B0ED7E-LeaderElection2] INFO  impl.LeaderElection (LeaderElection.java:logAndReturn(94)) -   Response 1: 1e7dfa45-1203-43e6-a103-23c323d0a6d5<-d1449997-f54f-4a59-bd40-37f2c04f767d#0:OK-t0
2023-08-31 10:24:28,838 [1e7dfa45-1203-43e6-a103-23c323d0a6d5@group-F61243B0ED7E-LeaderElection2] INFO  impl.LeaderElection (LeaderElection.java:askForVotes(323)) - 1e7dfa45-1203-43e6-a103-23c323d0a6d5@group-F61243B0ED7E-LeaderElection2 PRE_VOTE round 0: result REJECTED
2023-08-31 10:24:28,838 [1e7dfa45-1203-43e6-a103-23c323d0a6d5@group-F61243B0ED7E-LeaderElection2] INFO  server.RaftServer$Division (RaftServerImpl.java:setRole(329)) - 1e7dfa45-1203-43e6-a103-23c323d0a6d5@group-F61243B0ED7E: changes role from CANDIDATE to FOLLOWER at term 0 for REJECTED
2023-08-31 10:24:28,838 [1e7dfa45-1203-43e6-a103-23c323d0a6d5@group-F61243B0ED7E-LeaderElection2] INFO  impl.RoleInfo (RoleInfo.java:shutdownLeaderElection(130)) - 1e7dfa45-1203-43e6-a103-23c323d0a6d5: shutdown 1e7dfa45-1203-43e6-a103-23c323d0a6d5@group-F61243B0ED7E-LeaderElection2
2023-08-31 10:24:28,839 [1e7dfa45-1203-43e6-a103-23c323d0a6d5@group-F61243B0ED7E-LeaderElection2] INFO  impl.RoleInfo (RoleInfo.java:updateAndGet(139)) - 1e7dfa45-1203-43e6-a103-23c323d0a6d5: start 1e7dfa45-1203-43e6-a103-23c323d0a6d5@group-F61243B0ED7E-FollowerState
2023-08-31 10:24:28,836 [1e7dfa45-1203-43e6-a103-23c323d0a6d5@group-7A527C6A9FAD-LeaderElection3] INFO  impl.LeaderElection (LeaderElection.java:askForVotes(321)) - 1e7dfa45-1203-43e6-a103-23c323d0a6d5@group-7A527C6A9FAD-LeaderElection3 PRE_VOTE round 0: submit vote requests at term 0 for -1: peers:[1e7dfa45-1203-43e6-a103-23c323d0a6d5|rpc:10.1.0.16:15014|admin:10.1.0.16:15013|client:10.1.0.16:15012|dataStream:10.1.0.16:15015|priority:1|startupRole:FOLLOWER]|listeners:[], old=null
2023-08-31 10:24:28,839 [1e7dfa45-1203-43e6-a103-23c323d0a6d5@group-7A527C6A9FAD-LeaderElection3] INFO  impl.LeaderElection (LeaderElection.java:askForVotes(323)) - 1e7dfa45-1203-43e6-a103-23c323d0a6d5@group-7A527C6A9FAD-LeaderElection3 PRE_VOTE round 0: result PASSED (term=0)
2023-08-31 10:24:28,845 [1e7dfa45-1203-43e6-a103-23c323d0a6d5@group-7A527C6A9FAD-LeaderElection3] INFO  impl.LeaderElection (LeaderElection.java:askForVotes(321)) - 1e7dfa45-1203-43e6-a103-23c323d0a6d5@group-7A527C6A9FAD-LeaderElection3 ELECTION round 0: submit vote requests at term 1 for -1: peers:[1e7dfa45-1203-43e6-a103-23c323d0a6d5|rpc:10.1.0.16:15014|admin:10.1.0.16:15013|client:10.1.0.16:15012|dataStream:10.1.0.16:15015|priority:1|startupRole:FOLLOWER]|listeners:[], old=null
2023-08-31 10:24:28,845 [1e7dfa45-1203-43e6-a103-23c323d0a6d5@group-7A527C6A9FAD-LeaderElection3] INFO  impl.LeaderElection (LeaderElection.java:askForVotes(323)) - 1e7dfa45-1203-43e6-a103-23c323d0a6d5@group-7A527C6A9FAD-LeaderElection3 ELECTION round 0: result PASSED (term=1)
2023-08-31 10:24:28,845 [1e7dfa45-1203-43e6-a103-23c323d0a6d5@group-7A527C6A9FAD-LeaderElection3] INFO  impl.RoleInfo (RoleInfo.java:shutdownLeaderElection(130)) - 1e7dfa45-1203-43e6-a103-23c323d0a6d5: shutdown 1e7dfa45-1203-43e6-a103-23c323d0a6d5@group-7A527C6A9FAD-LeaderElection3
2023-08-31 10:24:28,845 [1e7dfa45-1203-43e6-a103-23c323d0a6d5@group-7A527C6A9FAD-LeaderElection3] INFO  server.RaftServer$Division (RaftServerImpl.java:setRole(329)) - 1e7dfa45-1203-43e6-a103-23c323d0a6d5@group-7A527C6A9FAD: changes role from CANDIDATE to LEADER at term 1 for changeToLeader
2023-08-31 10:24:28,845 [1e7dfa45-1203-43e6-a103-23c323d0a6d5@group-7A527C6A9FAD-LeaderElection3] INFO  ratis.XceiverServerRatis (XceiverServerRatis.java:handleLeaderChangedNotification(902)) - Leader change notification received for group: group-7A527C6A9FAD with new leaderId: 1e7dfa45-1203-43e6-a103-23c323d0a6d5
2023-08-31 10:24:28,846 [1e7dfa45-1203-43e6-a103-23c323d0a6d5@group-7A527C6A9FAD-LeaderElection3] INFO  server.RaftServer$Division (ServerState.java:setLeader(317)) - 1e7dfa45-1203-43e6-a103-23c323d0a6d5@group-7A527C6A9FAD: change Leader from null to 1e7dfa45-1203-43e6-a103-23c323d0a6d5 at term 1 for becomeLeader, leader elected after 5234ms
2023-08-31 10:24:28,846 [1e7dfa45-1203-43e6-a103-23c323d0a6d5@group-7A527C6A9FAD-LeaderElection3] INFO  server.RaftServerConfigKeys (ConfUtils.java:logGet(46)) - raft.server.staging.catchup.gap = 1000 (default)
2023-08-31 10:24:28,846 [1e7dfa45-1203-43e6-a103-23c323d0a6d5@group-7A527C6A9FAD-LeaderElection3] INFO  server.RaftServerConfigKeys (ConfUtils.java:logGet(46)) - raft.server.write.element-limit = 1024 (custom)
2023-08-31 10:24:28,846 [1e7dfa45-1203-43e6-a103-23c323d0a6d5@group-7A527C6A9FAD-LeaderElection3] INFO  server.RaftServerConfigKeys (ConfUtils.java:logGet(46)) - raft.server.write.byte-limit = 1024 M (=1073741824) (custom)
2023-08-31 10:24:28,846 [1e7dfa45-1203-43e6-a103-23c323d0a6d5@group-7A527C6A9FAD-LeaderElection3] INFO  server.RaftServerConfigKeys (ConfUtils.java:logGet(46)) - raft.server.watch.timeout = 10000ms (default)
2023-08-31 10:24:28,846 [1e7dfa45-1203-43e6-a103-23c323d0a6d5@group-7A527C6A9FAD-LeaderElection3] INFO  server.RaftServerConfigKeys (ConfUtils.java:logGet(46)) - raft.server.watch.timeout.denomination = 1s (default)
2023-08-31 10:24:28,846 [1e7dfa45-1203-43e6-a103-23c323d0a6d5@group-7A527C6A9FAD-LeaderElection3] INFO  server.RaftServerConfigKeys (ConfUtils.java:logGet(46)) - raft.server.watch.element-limit = 65536 (default)
2023-08-31 10:24:28,846 [1e7dfa45-1203-43e6-a103-23c323d0a6d5@group-7A527C6A9FAD-LeaderElection3] INFO  server.RaftServerConfigKeys (ConfUtils.java:logGet(46)) - raft.server.write.element-limit = 1024 (custom)
2023-08-31 10:24:28,846 [1e7dfa45-1203-43e6-a103-23c323d0a6d5@group-7A527C6A9FAD-LeaderElection3] INFO  server.RaftServerConfigKeys (ConfUtils.java:logGet(46)) - raft.server.write.follower.gap.ratio.max = -1.0 (default)
2023-08-31 10:24:28,846 [1e7dfa45-1203-43e6-a103-23c323d0a6d5@group-7A527C6A9FAD-LeaderElection3] INFO  impl.RoleInfo (RoleInfo.java:updateAndGet(139)) - 1e7dfa45-1203-43e6-a103-23c323d0a6d5: start 1e7dfa45-1203-43e6-a103-23c323d0a6d5@group-7A527C6A9FAD-LeaderStateImpl
2023-08-31 10:24:28,847 [1e7dfa45-1203-43e6-a103-23c323d0a6d5@group-7A527C6A9FAD-LeaderElection3] INFO  segmented.SegmentedRaftLogWorker (SegmentedRaftLogWorker.java:startLogSegment(447)) - 1e7dfa45-1203-43e6-a103-23c323d0a6d5@group-7A527C6A9FAD-SegmentedRaftLogWorker: Starting segment from index:0
2023-08-31 10:24:28,847 [EventQueue-OpenPipelineForHealthyPipelineSafeModeRule] INFO  safemode.SCMSafeModeManager (HealthyPipelineSafeModeRule.java:process(137)) - SCM in safe mode. Healthy pipelines reported count is 0, required healthy pipeline reported count is 1
2023-08-31 10:24:28,848 [1e7dfa45-1203-43e6-a103-23c323d0a6d5@group-7A527C6A9FAD-SegmentedRaftLogWorker] INFO  segmented.SegmentedRaftLogWorker (SegmentedRaftLogWorker.java:execute(651)) - 1e7dfa45-1203-43e6-a103-23c323d0a6d5@group-7A527C6A9FAD-SegmentedRaftLogWorker: created new log segment /home/runner/work/ozone/ozone/hadoop-ozone/integration-test/target/test-dir/MiniOzoneClusterImpl-40ccb4ce-9e5f-48d9-b45c-9251314ec7cc/datanode-0/data/ratis/4e3cfdcf-7352-4177-8f6b-7a527c6a9fad/current/log_inprogress_0
2023-08-31 10:24:28,856 [1e7dfa45-1203-43e6-a103-23c323d0a6d5@group-7A527C6A9FAD-LeaderElection3] INFO  server.RaftServer$Division (ServerState.java:setRaftConf(434)) - 1e7dfa45-1203-43e6-a103-23c323d0a6d5@group-7A527C6A9FAD: set configuration 0: peers:[1e7dfa45-1203-43e6-a103-23c323d0a6d5|rpc:10.1.0.16:15014|admin:10.1.0.16:15013|client:10.1.0.16:15012|dataStream:10.1.0.16:15015|priority:1|startupRole:FOLLOWER]|listeners:[], old=null
2023-08-31 10:24:29,173 [faefdaa5-b95f-414d-83d1-b299fbae73bf@group-4072766C9A6D-FollowerState] INFO  impl.FollowerState (FollowerState.java:run(143)) - faefdaa5-b95f-414d-83d1-b299fbae73bf@group-4072766C9A6D-FollowerState: change to CANDIDATE, lastRpcElapsedTime:5073332302ns, electionTimeout:5065ms
2023-08-31 10:24:29,173 [faefdaa5-b95f-414d-83d1-b299fbae73bf@group-4072766C9A6D-FollowerState] INFO  impl.RoleInfo (RoleInfo.java:shutdownFollowerState(110)) - faefdaa5-b95f-414d-83d1-b299fbae73bf: shutdown faefdaa5-b95f-414d-83d1-b299fbae73bf@group-4072766C9A6D-FollowerState
2023-08-31 10:24:29,173 [faefdaa5-b95f-414d-83d1-b299fbae73bf@group-4072766C9A6D-FollowerState] INFO  server.RaftServer$Division (RaftServerImpl.java:setRole(329)) - faefdaa5-b95f-414d-83d1-b299fbae73bf@group-4072766C9A6D: changes role from  FOLLOWER to CANDIDATE at term 0 for changeToCandidate
2023-08-31 10:24:29,174 [faefdaa5-b95f-414d-83d1-b299fbae73bf@group-4072766C9A6D-FollowerState] INFO  server.RaftServerConfigKeys (ConfUtils.java:logGet(46)) - raft.server.leaderelection.pre-vote = true (default)
2023-08-31 10:24:29,174 [faefdaa5-b95f-414d-83d1-b299fbae73bf@group-4072766C9A6D-FollowerState] INFO  impl.RoleInfo (RoleInfo.java:updateAndGet(139)) - faefdaa5-b95f-414d-83d1-b299fbae73bf: start faefdaa5-b95f-414d-83d1-b299fbae73bf@group-4072766C9A6D-LeaderElection4
2023-08-31 10:24:29,176 [faefdaa5-b95f-414d-83d1-b299fbae73bf@group-4072766C9A6D-LeaderElection4] INFO  impl.LeaderElection (LeaderElection.java:askForVotes(321)) - faefdaa5-b95f-414d-83d1-b299fbae73bf@group-4072766C9A6D-LeaderElection4 PRE_VOTE round 0: submit vote requests at term 0 for -1: peers:[faefdaa5-b95f-414d-83d1-b299fbae73bf|rpc:10.1.0.16:15023|admin:10.1.0.16:15022|client:10.1.0.16:15021|dataStream:10.1.0.16:15024|priority:1|startupRole:FOLLOWER]|listeners:[], old=null
2023-08-31 10:24:29,176 [faefdaa5-b95f-414d-83d1-b299fbae73bf@group-4072766C9A6D-LeaderElection4] INFO  impl.LeaderElection (LeaderElection.java:askForVotes(323)) - faefdaa5-b95f-414d-83d1-b299fbae73bf@group-4072766C9A6D-LeaderElection4 PRE_VOTE round 0: result PASSED (term=0)
2023-08-31 10:24:29,177 [faefdaa5-b95f-414d-83d1-b299fbae73bf@group-4072766C9A6D-LeaderElection4] INFO  impl.LeaderElection (LeaderElection.java:askForVotes(321)) - faefdaa5-b95f-414d-83d1-b299fbae73bf@group-4072766C9A6D-LeaderElection4 ELECTION round 0: submit vote requests at term 1 for -1: peers:[faefdaa5-b95f-414d-83d1-b299fbae73bf|rpc:10.1.0.16:15023|admin:10.1.0.16:15022|client:10.1.0.16:15021|dataStream:10.1.0.16:15024|priority:1|startupRole:FOLLOWER]|listeners:[], old=null
2023-08-31 10:24:29,177 [faefdaa5-b95f-414d-83d1-b299fbae73bf@group-4072766C9A6D-LeaderElection4] INFO  impl.LeaderElection (LeaderElection.java:askForVotes(323)) - faefdaa5-b95f-414d-83d1-b299fbae73bf@group-4072766C9A6D-LeaderElection4 ELECTION round 0: result PASSED (term=1)
2023-08-31 10:24:29,178 [faefdaa5-b95f-414d-83d1-b299fbae73bf@group-4072766C9A6D-LeaderElection4] INFO  impl.RoleInfo (RoleInfo.java:shutdownLeaderElection(130)) - faefdaa5-b95f-414d-83d1-b299fbae73bf: shutdown faefdaa5-b95f-414d-83d1-b299fbae73bf@group-4072766C9A6D-LeaderElection4
2023-08-31 10:24:29,178 [faefdaa5-b95f-414d-83d1-b299fbae73bf@group-4072766C9A6D-LeaderElection4] INFO  server.RaftServer$Division (RaftServerImpl.java:setRole(329)) - faefdaa5-b95f-414d-83d1-b299fbae73bf@group-4072766C9A6D: changes role from CANDIDATE to LEADER at term 1 for changeToLeader
2023-08-31 10:24:29,178 [faefdaa5-b95f-414d-83d1-b299fbae73bf@group-4072766C9A6D-LeaderElection4] INFO  ratis.XceiverServerRatis (XceiverServerRatis.java:handleLeaderChangedNotification(902)) - Leader change notification received for group: group-4072766C9A6D with new leaderId: faefdaa5-b95f-414d-83d1-b299fbae73bf
2023-08-31 10:24:29,178 [faefdaa5-b95f-414d-83d1-b299fbae73bf@group-4072766C9A6D-LeaderElection4] INFO  server.RaftServer$Division (ServerState.java:setLeader(317)) - faefdaa5-b95f-414d-83d1-b299fbae73bf@group-4072766C9A6D: change Leader from null to faefdaa5-b95f-414d-83d1-b299fbae73bf at term 1 for becomeLeader, leader elected after 5106ms
2023-08-31 10:24:29,178 [faefdaa5-b95f-414d-83d1-b299fbae73bf@group-4072766C9A6D-LeaderElection4] INFO  server.RaftServerConfigKeys (ConfUtils.java:logGet(46)) - raft.server.staging.catchup.gap = 1000 (default)
2023-08-31 10:24:29,178 [faefdaa5-b95f-414d-83d1-b299fbae73bf@group-4072766C9A6D-LeaderElection4] INFO  server.RaftServerConfigKeys (ConfUtils.java:logGet(46)) - raft.server.write.element-limit = 1024 (custom)
2023-08-31 10:24:29,178 [faefdaa5-b95f-414d-83d1-b299fbae73bf@group-4072766C9A6D-LeaderElection4] INFO  server.RaftServerConfigKeys (ConfUtils.java:logGet(46)) - raft.server.write.byte-limit = 1024 M (=1073741824) (custom)
2023-08-31 10:24:29,179 [faefdaa5-b95f-414d-83d1-b299fbae73bf@group-4072766C9A6D-LeaderElection4] INFO  server.RaftServerConfigKeys (ConfUtils.java:logGet(46)) - raft.server.watch.timeout = 10000ms (default)
2023-08-31 10:24:29,179 [EventQueue-OpenPipelineForHealthyPipelineSafeModeRule] INFO  safemode.SCMSafeModeManager (HealthyPipelineSafeModeRule.java:process(137)) - SCM in safe mode. Healthy pipelines reported count is 0, required healthy pipeline reported count is 1
2023-08-31 10:24:29,180 [faefdaa5-b95f-414d-83d1-b299fbae73bf@group-4072766C9A6D-LeaderElection4] INFO  server.RaftServerConfigKeys (ConfUtils.java:logGet(46)) - raft.server.watch.timeout.denomination = 1s (default)
2023-08-31 10:24:29,180 [faefdaa5-b95f-414d-83d1-b299fbae73bf@group-4072766C9A6D-LeaderElection4] INFO  server.RaftServerConfigKeys (ConfUtils.java:logGet(46)) - raft.server.watch.element-limit = 65536 (default)
2023-08-31 10:24:29,180 [faefdaa5-b95f-414d-83d1-b299fbae73bf@group-4072766C9A6D-LeaderElection4] INFO  server.RaftServerConfigKeys (ConfUtils.java:logGet(46)) - raft.server.write.element-limit = 1024 (custom)
2023-08-31 10:24:29,180 [faefdaa5-b95f-414d-83d1-b299fbae73bf@group-4072766C9A6D-LeaderElection4] INFO  server.RaftServerConfigKeys (ConfUtils.java:logGet(46)) - raft.server.write.follower.gap.ratio.max = -1.0 (default)
2023-08-31 10:24:29,180 [faefdaa5-b95f-414d-83d1-b299fbae73bf@group-4072766C9A6D-LeaderElection4] INFO  impl.RoleInfo (RoleInfo.java:updateAndGet(139)) - faefdaa5-b95f-414d-83d1-b299fbae73bf: start faefdaa5-b95f-414d-83d1-b299fbae73bf@group-4072766C9A6D-LeaderStateImpl
2023-08-31 10:24:29,180 [faefdaa5-b95f-414d-83d1-b299fbae73bf@group-4072766C9A6D-LeaderElection4] INFO  segmented.SegmentedRaftLogWorker (SegmentedRaftLogWorker.java:startLogSegment(447)) - faefdaa5-b95f-414d-83d1-b299fbae73bf@group-4072766C9A6D-SegmentedRaftLogWorker: Starting segment from index:0
2023-08-31 10:24:29,184 [faefdaa5-b95f-414d-83d1-b299fbae73bf@group-4072766C9A6D-LeaderElection4] INFO  server.RaftServer$Division (ServerState.java:setRaftConf(434)) - faefdaa5-b95f-414d-83d1-b299fbae73bf@group-4072766C9A6D: set configuration 0: peers:[faefdaa5-b95f-414d-83d1-b299fbae73bf|rpc:10.1.0.16:15023|admin:10.1.0.16:15022|client:10.1.0.16:15021|dataStream:10.1.0.16:15024|priority:1|startupRole:FOLLOWER]|listeners:[], old=null
2023-08-31 10:24:29,184 [faefdaa5-b95f-414d-83d1-b299fbae73bf@group-4072766C9A6D-SegmentedRaftLogWorker] INFO  segmented.SegmentedRaftLogWorker (SegmentedRaftLogWorker.java:execute(651)) - faefdaa5-b95f-414d-83d1-b299fbae73bf@group-4072766C9A6D-SegmentedRaftLogWorker: created new log segment /home/runner/work/ozone/ozone/hadoop-ozone/integration-test/target/test-dir/MiniOzoneClusterImpl-40ccb4ce-9e5f-48d9-b45c-9251314ec7cc/datanode-1/data/ratis/ceb4425b-8dd4-480b-acc6-4072766c9a6d/current/log_inprogress_0
2023-08-31 10:24:29,290 [JUnit] INFO  ozone.MiniOzoneClusterImpl (MiniOzoneClusterImpl.java:lambda$waitForClusterToBeReady$0(224)) - Nodes are ready. Got 5 of 5 DN Heartbeats.
2023-08-31 10:24:29,290 [JUnit] INFO  ozone.MiniOzoneClusterImpl (MiniOzoneClusterImpl.java:lambda$waitForClusterToBeReady$0(227)) - Waiting for cluster to exit safe mode
2023-08-31 10:24:29,291 [JUnit] INFO  ozone.MiniOzoneClusterImpl (MiniOzoneClusterImpl.java:lambda$waitForClusterToBeReady$0(229)) - SCM became leader
2023-08-31 10:24:29,301 [faefdaa5-b95f-414d-83d1-b299fbae73bf@group-F61243B0ED7E-FollowerState] INFO  impl.FollowerState (FollowerState.java:run(143)) - faefdaa5-b95f-414d-83d1-b299fbae73bf@group-F61243B0ED7E-FollowerState: change to CANDIDATE, lastRpcElapsedTime:5171034774ns, electionTimeout:5157ms
2023-08-31 10:24:29,301 [faefdaa5-b95f-414d-83d1-b299fbae73bf@group-F61243B0ED7E-FollowerState] INFO  impl.RoleInfo (RoleInfo.java:shutdownFollowerState(110)) - faefdaa5-b95f-414d-83d1-b299fbae73bf: shutdown faefdaa5-b95f-414d-83d1-b299fbae73bf@group-F61243B0ED7E-FollowerState
2023-08-31 10:24:29,301 [faefdaa5-b95f-414d-83d1-b299fbae73bf@group-F61243B0ED7E-FollowerState] INFO  server.RaftServer$Division (RaftServerImpl.java:setRole(329)) - faefdaa5-b95f-414d-83d1-b299fbae73bf@group-F61243B0ED7E: changes role from  FOLLOWER to CANDIDATE at term 0 for changeToCandidate
2023-08-31 10:24:29,302 [faefdaa5-b95f-414d-83d1-b299fbae73bf@group-F61243B0ED7E-FollowerState] INFO  server.RaftServerConfigKeys (ConfUtils.java:logGet(46)) - raft.server.leaderelection.pre-vote = true (default)
2023-08-31 10:24:29,302 [faefdaa5-b95f-414d-83d1-b299fbae73bf@group-F61243B0ED7E-FollowerState] INFO  impl.RoleInfo (RoleInfo.java:updateAndGet(139)) - faefdaa5-b95f-414d-83d1-b299fbae73bf: start faefdaa5-b95f-414d-83d1-b299fbae73bf@group-F61243B0ED7E-LeaderElection5
2023-08-31 10:24:29,305 [faefdaa5-b95f-414d-83d1-b299fbae73bf@group-F61243B0ED7E-LeaderElection5] INFO  impl.LeaderElection (LeaderElection.java:askForVotes(321)) - faefdaa5-b95f-414d-83d1-b299fbae73bf@group-F61243B0ED7E-LeaderElection5 PRE_VOTE round 0: submit vote requests at term 0 for -1: peers:[1e7dfa45-1203-43e6-a103-23c323d0a6d5|rpc:10.1.0.16:15014|admin:10.1.0.16:15013|client:10.1.0.16:15012|dataStream:10.1.0.16:15015|priority:0|startupRole:FOLLOWER, faefdaa5-b95f-414d-83d1-b299fbae73bf|rpc:10.1.0.16:15023|admin:10.1.0.16:15022|client:10.1.0.16:15021|dataStream:10.1.0.16:15024|priority:1|startupRole:FOLLOWER, d1449997-f54f-4a59-bd40-37f2c04f767d|rpc:10.1.0.16:15032|admin:10.1.0.16:15031|client:10.1.0.16:15030|dataStream:10.1.0.16:15033|priority:0|startupRole:FOLLOWER]|listeners:[], old=null
2023-08-31 10:24:29,306 [faefdaa5-b95f-414d-83d1-b299fbae73bf@group-F61243B0ED7E-LeaderElection5-1] INFO  server.GrpcServerProtocolClient (GrpcServerProtocolClient.java:<init>(65)) - Build channel for 1e7dfa45-1203-43e6-a103-23c323d0a6d5
2023-08-31 10:24:29,307 [faefdaa5-b95f-414d-83d1-b299fbae73bf@group-F61243B0ED7E-LeaderElection5] INFO  server.RaftServerConfigKeys (ConfUtils.java:logFallback(53)) - raft.server.rpc.first-election.timeout.min = 5s (fallback to raft.server.rpc.timeout.min)
2023-08-31 10:24:29,311 [faefdaa5-b95f-414d-83d1-b299fbae73bf@group-F61243B0ED7E-LeaderElection5-2] INFO  server.GrpcServerProtocolClient (GrpcServerProtocolClient.java:<init>(65)) - Build channel for d1449997-f54f-4a59-bd40-37f2c04f767d
2023-08-31 10:24:29,311 [faefdaa5-b95f-414d-83d1-b299fbae73bf@group-F61243B0ED7E-LeaderElection5] INFO  server.RaftServerConfigKeys (ConfUtils.java:logFallback(53)) - raft.server.rpc.first-election.timeout.max = 5200ms (fallback to raft.server.rpc.timeout.max)
2023-08-31 10:24:29,324 [grpc-default-executor-1] INFO  server.RaftServer$Division (RaftServerImpl.java:requestVote(1302)) - 1e7dfa45-1203-43e6-a103-23c323d0a6d5@group-F61243B0ED7E: receive requestVote(PRE_VOTE, faefdaa5-b95f-414d-83d1-b299fbae73bf, group-F61243B0ED7E, 0, (t:0, i:0))
2023-08-31 10:24:29,325 [grpc-default-executor-1] INFO  impl.VoteContext (VoteContext.java:log(49)) - 1e7dfa45-1203-43e6-a103-23c323d0a6d5@group-F61243B0ED7E-FOLLOWER: accept PRE_VOTE from faefdaa5-b95f-414d-83d1-b299fbae73bf: our priority 0 <= candidate's priority 1
2023-08-31 10:24:29,325 [grpc-default-executor-1] INFO  server.RaftServer$Division (RaftServerImpl.java:requestVote(1335)) - 1e7dfa45-1203-43e6-a103-23c323d0a6d5@group-F61243B0ED7E replies to PRE_VOTE vote request: faefdaa5-b95f-414d-83d1-b299fbae73bf<-1e7dfa45-1203-43e6-a103-23c323d0a6d5#0:OK-t0. Peer's state: 1e7dfa45-1203-43e6-a103-23c323d0a6d5@group-F61243B0ED7E:t0, leader=null, voted=, raftlog=Memoized:1e7dfa45-1203-43e6-a103-23c323d0a6d5@group-F61243B0ED7E-SegmentedRaftLog:OPENED:c-1, conf=-1: peers:[1e7dfa45-1203-43e6-a103-23c323d0a6d5|rpc:10.1.0.16:15014|admin:10.1.0.16:15013|client:10.1.0.16:15012|dataStream:10.1.0.16:15015|priority:0|startupRole:FOLLOWER, faefdaa5-b95f-414d-83d1-b299fbae73bf|rpc:10.1.0.16:15023|admin:10.1.0.16:15022|client:10.1.0.16:15021|dataStream:10.1.0.16:15024|priority:1|startupRole:FOLLOWER, d1449997-f54f-4a59-bd40-37f2c04f767d|rpc:10.1.0.16:15032|admin:10.1.0.16:15031|client:10.1.0.16:15030|dataStream:10.1.0.16:15033|priority:0|startupRole:FOLLOWER]|listeners:[], old=null
2023-08-31 10:24:29,327 [faefdaa5-b95f-414d-83d1-b299fbae73bf@group-F61243B0ED7E-LeaderElection5] INFO  impl.LeaderElection (LeaderElection.java:logAndReturn(90)) - faefdaa5-b95f-414d-83d1-b299fbae73bf@group-F61243B0ED7E-LeaderElection5: PRE_VOTE PASSED received 1 response(s) and 0 exception(s):
2023-08-31 10:24:29,327 [faefdaa5-b95f-414d-83d1-b299fbae73bf@group-F61243B0ED7E-LeaderElection5] INFO  impl.LeaderElection (LeaderElection.java:logAndReturn(94)) -   Response 0: faefdaa5-b95f-414d-83d1-b299fbae73bf<-1e7dfa45-1203-43e6-a103-23c323d0a6d5#0:OK-t0
2023-08-31 10:24:29,327 [faefdaa5-b95f-414d-83d1-b299fbae73bf@group-F61243B0ED7E-LeaderElection5] INFO  impl.LeaderElection (LeaderElection.java:askForVotes(323)) - faefdaa5-b95f-414d-83d1-b299fbae73bf@group-F61243B0ED7E-LeaderElection5 PRE_VOTE round 0: result PASSED
2023-08-31 10:24:29,329 [faefdaa5-b95f-414d-83d1-b299fbae73bf@group-F61243B0ED7E-LeaderElection5] INFO  impl.LeaderElection (LeaderElection.java:askForVotes(321)) - faefdaa5-b95f-414d-83d1-b299fbae73bf@group-F61243B0ED7E-LeaderElection5 ELECTION round 0: submit vote requests at term 1 for -1: peers:[1e7dfa45-1203-43e6-a103-23c323d0a6d5|rpc:10.1.0.16:15014|admin:10.1.0.16:15013|client:10.1.0.16:15012|dataStream:10.1.0.16:15015|priority:0|startupRole:FOLLOWER, faefdaa5-b95f-414d-83d1-b299fbae73bf|rpc:10.1.0.16:15023|admin:10.1.0.16:15022|client:10.1.0.16:15021|dataStream:10.1.0.16:15024|priority:1|startupRole:FOLLOWER, d1449997-f54f-4a59-bd40-37f2c04f767d|rpc:10.1.0.16:15032|admin:10.1.0.16:15031|client:10.1.0.16:15030|dataStream:10.1.0.16:15033|priority:0|startupRole:FOLLOWER]|listeners:[], old=null
2023-08-31 10:24:29,329 [grpc-default-executor-1] INFO  server.RaftServer$Division (RaftServerImpl.java:requestVote(1302)) - d1449997-f54f-4a59-bd40-37f2c04f767d@group-F61243B0ED7E: receive requestVote(PRE_VOTE, faefdaa5-b95f-414d-83d1-b299fbae73bf, group-F61243B0ED7E, 0, (t:0, i:0))
2023-08-31 10:24:29,330 [grpc-default-executor-1] INFO  impl.VoteContext (VoteContext.java:log(49)) - d1449997-f54f-4a59-bd40-37f2c04f767d@group-F61243B0ED7E-FOLLOWER: accept PRE_VOTE from faefdaa5-b95f-414d-83d1-b299fbae73bf: our priority 0 <= candidate's priority 1
2023-08-31 10:24:29,330 [grpc-default-executor-1] INFO  server.RaftServer$Division (RaftServerImpl.java:requestVote(1335)) - d1449997-f54f-4a59-bd40-37f2c04f767d@group-F61243B0ED7E replies to PRE_VOTE vote request: faefdaa5-b95f-414d-83d1-b299fbae73bf<-d1449997-f54f-4a59-bd40-37f2c04f767d#0:OK-t0. Peer's state: d1449997-f54f-4a59-bd40-37f2c04f767d@group-F61243B0ED7E:t0, leader=null, voted=, raftlog=Memoized:d1449997-f54f-4a59-bd40-37f2c04f767d@group-F61243B0ED7E-SegmentedRaftLog:OPENED:c-1, conf=-1: peers:[1e7dfa45-1203-43e6-a103-23c323d0a6d5|rpc:10.1.0.16:15014|admin:10.1.0.16:15013|client:10.1.0.16:15012|dataStream:10.1.0.16:15015|priority:0|startupRole:FOLLOWER, faefdaa5-b95f-414d-83d1-b299fbae73bf|rpc:10.1.0.16:15023|admin:10.1.0.16:15022|client:10.1.0.16:15021|dataStream:10.1.0.16:15024|priority:1|startupRole:FOLLOWER, d1449997-f54f-4a59-bd40-37f2c04f767d|rpc:10.1.0.16:15032|admin:10.1.0.16:15031|client:10.1.0.16:15030|dataStream:10.1.0.16:15033|priority:0|startupRole:FOLLOWER]|listeners:[], old=null
2023-08-31 10:24:29,333 [faefdaa5-b95f-414d-83d1-b299fbae73bf@group-F61243B0ED7E-LeaderElection5] INFO  server.RaftServerConfigKeys (ConfUtils.java:logFallback(53)) - raft.server.rpc.first-election.timeout.min = 5s (fallback to raft.server.rpc.timeout.min)
2023-08-31 10:24:29,335 [faefdaa5-b95f-414d-83d1-b299fbae73bf@group-F61243B0ED7E-LeaderElection5] INFO  server.RaftServerConfigKeys (ConfUtils.java:logFallback(53)) - raft.server.rpc.first-election.timeout.max = 5200ms (fallback to raft.server.rpc.timeout.max)
2023-08-31 10:24:29,335 [grpc-default-executor-1] INFO  server.RaftServer$Division (RaftServerImpl.java:requestVote(1302)) - 1e7dfa45-1203-43e6-a103-23c323d0a6d5@group-F61243B0ED7E: receive requestVote(ELECTION, faefdaa5-b95f-414d-83d1-b299fbae73bf, group-F61243B0ED7E, 1, (t:0, i:0))
2023-08-31 10:24:29,335 [grpc-default-executor-1] INFO  impl.VoteContext (VoteContext.java:log(49)) - 1e7dfa45-1203-43e6-a103-23c323d0a6d5@group-F61243B0ED7E-FOLLOWER: accept ELECTION from faefdaa5-b95f-414d-83d1-b299fbae73bf: our priority 0 <= candidate's priority 1
2023-08-31 10:24:29,336 [grpc-default-executor-1] INFO  server.RaftServer$Division (RaftServerImpl.java:setRole(329)) - 1e7dfa45-1203-43e6-a103-23c323d0a6d5@group-F61243B0ED7E: changes role from  FOLLOWER to FOLLOWER at term 1 for candidate:faefdaa5-b95f-414d-83d1-b299fbae73bf
2023-08-31 10:24:29,336 [grpc-default-executor-1] INFO  impl.RoleInfo (RoleInfo.java:shutdownFollowerState(110)) - 1e7dfa45-1203-43e6-a103-23c323d0a6d5: shutdown 1e7dfa45-1203-43e6-a103-23c323d0a6d5@group-F61243B0ED7E-FollowerState
2023-08-31 10:24:29,336 [grpc-default-executor-1] INFO  impl.RoleInfo (RoleInfo.java:updateAndGet(139)) - 1e7dfa45-1203-43e6-a103-23c323d0a6d5: start 1e7dfa45-1203-43e6-a103-23c323d0a6d5@group-F61243B0ED7E-FollowerState
2023-08-31 10:24:29,336 [1e7dfa45-1203-43e6-a103-23c323d0a6d5@group-F61243B0ED7E-FollowerState] INFO  impl.FollowerState (FollowerState.java:run(152)) - 1e7dfa45-1203-43e6-a103-23c323d0a6d5@group-F61243B0ED7E-FollowerState was interrupted
2023-08-31 10:24:29,338 [grpc-default-executor-1] INFO  server.RaftServer$Division (RaftServerImpl.java:requestVote(1335)) - 1e7dfa45-1203-43e6-a103-23c323d0a6d5@group-F61243B0ED7E replies to ELECTION vote request: faefdaa5-b95f-414d-83d1-b299fbae73bf<-1e7dfa45-1203-43e6-a103-23c323d0a6d5#0:OK-t1. Peer's state: 1e7dfa45-1203-43e6-a103-23c323d0a6d5@group-F61243B0ED7E:t1, leader=null, voted=faefdaa5-b95f-414d-83d1-b299fbae73bf, raftlog=Memoized:1e7dfa45-1203-43e6-a103-23c323d0a6d5@group-F61243B0ED7E-SegmentedRaftLog:OPENED:c-1, conf=-1: peers:[1e7dfa45-1203-43e6-a103-23c323d0a6d5|rpc:10.1.0.16:15014|admin:10.1.0.16:15013|client:10.1.0.16:15012|dataStream:10.1.0.16:15015|priority:0|startupRole:FOLLOWER, faefdaa5-b95f-414d-83d1-b299fbae73bf|rpc:10.1.0.16:15023|admin:10.1.0.16:15022|client:10.1.0.16:15021|dataStream:10.1.0.16:15024|priority:1|startupRole:FOLLOWER, d1449997-f54f-4a59-bd40-37f2c04f767d|rpc:10.1.0.16:15032|admin:10.1.0.16:15031|client:10.1.0.16:15030|dataStream:10.1.0.16:15033|priority:0|startupRole:FOLLOWER]|listeners:[], old=null
2023-08-31 10:24:29,340 [grpc-default-executor-1] INFO  server.RaftServer$Division (RaftServerImpl.java:requestVote(1302)) - d1449997-f54f-4a59-bd40-37f2c04f767d@group-F61243B0ED7E: receive requestVote(ELECTION, faefdaa5-b95f-414d-83d1-b299fbae73bf, group-F61243B0ED7E, 1, (t:0, i:0))
2023-08-31 10:24:29,340 [grpc-default-executor-1] INFO  impl.VoteContext (VoteContext.java:log(49)) - d1449997-f54f-4a59-bd40-37f2c04f767d@group-F61243B0ED7E-FOLLOWER: accept ELECTION from faefdaa5-b95f-414d-83d1-b299fbae73bf: our priority 0 <= candidate's priority 1
2023-08-31 10:24:29,340 [grpc-default-executor-1] INFO  server.RaftServer$Division (RaftServerImpl.java:setRole(329)) - d1449997-f54f-4a59-bd40-37f2c04f767d@group-F61243B0ED7E: changes role from  FOLLOWER to FOLLOWER at term 1 for candidate:faefdaa5-b95f-414d-83d1-b299fbae73bf
2023-08-31 10:24:29,340 [grpc-default-executor-1] INFO  impl.RoleInfo (RoleInfo.java:shutdownFollowerState(110)) - d1449997-f54f-4a59-bd40-37f2c04f767d: shutdown d1449997-f54f-4a59-bd40-37f2c04f767d@group-F61243B0ED7E-FollowerState
2023-08-31 10:24:29,340 [grpc-default-executor-1] INFO  impl.RoleInfo (RoleInfo.java:updateAndGet(139)) - d1449997-f54f-4a59-bd40-37f2c04f767d: start d1449997-f54f-4a59-bd40-37f2c04f767d@group-F61243B0ED7E-FollowerState
2023-08-31 10:24:29,341 [d1449997-f54f-4a59-bd40-37f2c04f767d@group-F61243B0ED7E-FollowerState] INFO  impl.FollowerState (FollowerState.java:run(152)) - d1449997-f54f-4a59-bd40-37f2c04f767d@group-F61243B0ED7E-FollowerState was interrupted
2023-08-31 10:24:29,342 [grpc-default-executor-1] INFO  server.RaftServer$Division (RaftServerImpl.java:requestVote(1335)) - d1449997-f54f-4a59-bd40-37f2c04f767d@group-F61243B0ED7E replies to ELECTION vote request: faefdaa5-b95f-414d-83d1-b299fbae73bf<-d1449997-f54f-4a59-bd40-37f2c04f767d#0:OK-t1. Peer's state: d1449997-f54f-4a59-bd40-37f2c04f767d@group-F61243B0ED7E:t1, leader=null, voted=faefdaa5-b95f-414d-83d1-b299fbae73bf, raftlog=Memoized:d1449997-f54f-4a59-bd40-37f2c04f767d@group-F61243B0ED7E-SegmentedRaftLog:OPENED:c-1, conf=-1: peers:[1e7dfa45-1203-43e6-a103-23c323d0a6d5|rpc:10.1.0.16:15014|admin:10.1.0.16:15013|client:10.1.0.16:15012|dataStream:10.1.0.16:15015|priority:0|startupRole:FOLLOWER, faefdaa5-b95f-414d-83d1-b299fbae73bf|rpc:10.1.0.16:15023|admin:10.1.0.16:15022|client:10.1.0.16:15021|dataStream:10.1.0.16:15024|priority:1|startupRole:FOLLOWER, d1449997-f54f-4a59-bd40-37f2c04f767d|rpc:10.1.0.16:15032|admin:10.1.0.16:15031|client:10.1.0.16:15030|dataStream:10.1.0.16:15033|priority:0|startupRole:FOLLOWER]|listeners:[], old=null
2023-08-31 10:24:29,342 [faefdaa5-b95f-414d-83d1-b299fbae73bf@group-F61243B0ED7E-LeaderElection5] INFO  impl.LeaderElection (LeaderElection.java:logAndReturn(90)) - faefdaa5-b95f-414d-83d1-b299fbae73bf@group-F61243B0ED7E-LeaderElection5: ELECTION PASSED received 1 response(s) and 0 exception(s):
2023-08-31 10:24:29,344 [faefdaa5-b95f-414d-83d1-b299fbae73bf@group-F61243B0ED7E-LeaderElection5] INFO  impl.LeaderElection (LeaderElection.java:logAndReturn(94)) -   Response 0: faefdaa5-b95f-414d-83d1-b299fbae73bf<-1e7dfa45-1203-43e6-a103-23c323d0a6d5#0:OK-t1
2023-08-31 10:24:29,344 [faefdaa5-b95f-414d-83d1-b299fbae73bf@group-F61243B0ED7E-LeaderElection5] INFO  impl.LeaderElection (LeaderElection.java:askForVotes(323)) - faefdaa5-b95f-414d-83d1-b299fbae73bf@group-F61243B0ED7E-LeaderElection5 ELECTION round 0: result PASSED
2023-08-31 10:24:29,344 [faefdaa5-b95f-414d-83d1-b299fbae73bf@group-F61243B0ED7E-LeaderElection5] INFO  impl.RoleInfo (RoleInfo.java:shutdownLeaderElection(130)) - faefdaa5-b95f-414d-83d1-b299fbae73bf: shutdown faefdaa5-b95f-414d-83d1-b299fbae73bf@group-F61243B0ED7E-LeaderElection5
2023-08-31 10:24:29,344 [faefdaa5-b95f-414d-83d1-b299fbae73bf@group-F61243B0ED7E-LeaderElection5] INFO  server.RaftServer$Division (RaftServerImpl.java:setRole(329)) - faefdaa5-b95f-414d-83d1-b299fbae73bf@group-F61243B0ED7E: changes role from CANDIDATE to LEADER at term 1 for changeToLeader
2023-08-31 10:24:29,344 [faefdaa5-b95f-414d-83d1-b299fbae73bf@group-F61243B0ED7E-LeaderElection5] INFO  ratis.XceiverServerRatis (XceiverServerRatis.java:handleLeaderChangedNotification(902)) - Leader change notification received for group: group-F61243B0ED7E with new leaderId: faefdaa5-b95f-414d-83d1-b299fbae73bf
2023-08-31 10:24:29,345 [faefdaa5-b95f-414d-83d1-b299fbae73bf@group-F61243B0ED7E-LeaderElection5] INFO  server.RaftServer$Division (ServerState.java:setLeader(317)) - faefdaa5-b95f-414d-83d1-b299fbae73bf@group-F61243B0ED7E: change Leader from null to faefdaa5-b95f-414d-83d1-b299fbae73bf at term 1 for becomeLeader, leader elected after 5234ms
2023-08-31 10:24:29,345 [faefdaa5-b95f-414d-83d1-b299fbae73bf@group-F61243B0ED7E-LeaderElection5] INFO  server.RaftServerConfigKeys (ConfUtils.java:logGet(46)) - raft.server.staging.catchup.gap = 1000 (default)
2023-08-31 10:24:29,345 [faefdaa5-b95f-414d-83d1-b299fbae73bf@group-F61243B0ED7E-LeaderElection5] INFO  server.RaftServerConfigKeys (ConfUtils.java:logGet(46)) - raft.server.write.element-limit = 1024 (custom)
2023-08-31 10:24:29,345 [faefdaa5-b95f-414d-83d1-b299fbae73bf@group-F61243B0ED7E-LeaderElection5] INFO  server.RaftServerConfigKeys (ConfUtils.java:logGet(46)) - raft.server.write.byte-limit = 1024 M (=1073741824) (custom)
2023-08-31 10:24:29,345 [faefdaa5-b95f-414d-83d1-b299fbae73bf@group-F61243B0ED7E-LeaderElection5] INFO  server.RaftServerConfigKeys (ConfUtils.java:logGet(46)) - raft.server.watch.timeout = 10000ms (default)
2023-08-31 10:24:29,345 [faefdaa5-b95f-414d-83d1-b299fbae73bf@group-F61243B0ED7E-LeaderElection5] INFO  server.RaftServerConfigKeys (ConfUtils.java:logGet(46)) - raft.server.watch.timeout.denomination = 1s (default)
2023-08-31 10:24:29,345 [faefdaa5-b95f-414d-83d1-b299fbae73bf@group-F61243B0ED7E-LeaderElection5] INFO  server.RaftServerConfigKeys (ConfUtils.java:logGet(46)) - raft.server.watch.element-limit = 65536 (default)
2023-08-31 10:24:29,345 [faefdaa5-b95f-414d-83d1-b299fbae73bf@group-F61243B0ED7E-LeaderElection5] INFO  server.RaftServerConfigKeys (ConfUtils.java:logGet(46)) - raft.server.write.element-limit = 1024 (custom)
2023-08-31 10:24:29,345 [faefdaa5-b95f-414d-83d1-b299fbae73bf@group-F61243B0ED7E-LeaderElection5] INFO  server.RaftServerConfigKeys (ConfUtils.java:logGet(46)) - raft.server.write.follower.gap.ratio.max = -1.0 (default)
2023-08-31 10:24:29,349 [EventQueue-PipelineReportForPipelineReportHandler] INFO  pipeline.PipelineReportHandler (PipelineReportHandler.java:processPipelineReport(136)) - Opened pipeline PipelineID=9812e624-c75b-4104-b510-f61243b0ed7e
2023-08-31 10:24:29,349 [EventQueue-OpenPipelineForHealthyPipelineSafeModeRule] INFO  safemode.SCMSafeModeManager (HealthyPipelineSafeModeRule.java:process(137)) - SCM in safe mode. Healthy pipelines reported count is 0, required healthy pipeline reported count is 1
2023-08-31 10:24:29,359 [EventQueue-OpenPipelineForHealthyPipelineSafeModeRule] INFO  safemode.SCMSafeModeManager (HealthyPipelineSafeModeRule.java:process(137)) - SCM in safe mode. Healthy pipelines reported count is 1, required healthy pipeline reported count is 1
2023-08-31 10:24:29,359 [EventQueue-OpenPipelineForHealthyPipelineSafeModeRule] INFO  safemode.SCMSafeModeManager (SCMSafeModeManager.java:validateSafeModeExitRules(200)) - HealthyPipelineSafeModeRule rule is successfully validated
2023-08-31 10:24:29,359 [EventQueue-OpenPipelineForHealthyPipelineSafeModeRule] INFO  safemode.SCMSafeModeManager (SCMSafeModeManager.java:validateSafeModeExitRules(215)) - ScmSafeModeManager, all rules are successfully validated
2023-08-31 10:24:29,359 [EventQueue-OpenPipelineForHealthyPipelineSafeModeRule] INFO  safemode.SCMSafeModeManager (SCMSafeModeManager.java:exitSafeMode(244)) - SCM exiting safe mode.
2023-08-31 10:24:29,359 [EventQueue-OpenPipelineForHealthyPipelineSafeModeRule] INFO  ha.SCMContext (SCMContext.java:updateSafeModeStatus(228)) - Update SafeModeStatus from SafeModeStatus{safeModeStatus=true, preCheckPassed=true} to SafeModeStatus{safeModeStatus=false, preCheckPassed=true}.
2023-08-31 10:24:29,359 [EventQueue-OpenPipelineForHealthyPipelineSafeModeRule] INFO  pipeline.BackgroundPipelineCreator (BackgroundPipelineCreator.java:notifyStatusChanged(255)) - Service BackgroundPipelineCreator transitions to RUNNING.
2023-08-31 10:24:29,359 [EventQueue-OpenPipelineForHealthyPipelineSafeModeRule] INFO  BackgroundPipelineScrubber (BackgroundSCMService.java:notifyStatusChanged(82)) - Service BackgroundPipelineScrubber transitions to RUNNING.
2023-08-31 10:24:29,359 [EventQueue-OpenPipelineForHealthyPipelineSafeModeRule] INFO  ExpiredContainerReplicaOpScrubber (BackgroundSCMService.java:notifyStatusChanged(82)) - Service ExpiredContainerReplicaOpScrubber transitions to RUNNING.
2023-08-31 10:24:29,359 [EventQueue-OpenPipelineForHealthyPipelineSafeModeRule] INFO  replication.ReplicationManager (ReplicationManager.java:notifyStatusChanged(1370)) - Service ReplicationManager transitions to RUNNING.
2023-08-31 10:24:29,363 [EventQueue-OpenPipelineForHealthyPipelineSafeModeRule] WARN  balancer.ContainerBalancer (ContainerBalancer.java:shouldRun(134)) - Could not find persisted configuration for ContainerBalancer when checking if ContainerBalancer should run. ContainerBalancer should not run now.
2023-08-31 10:24:29,369 [faefdaa5-b95f-414d-83d1-b299fbae73bf@group-F61243B0ED7E-LeaderElection5] INFO  server.RaftServerConfigKeys (ConfUtils.java:logGet(46)) - raft.server.log.appender.snapshot.chunk.size.max = 16MB (=16777216) (default)
2023-08-31 10:24:29,369 [faefdaa5-b95f-414d-83d1-b299fbae73bf@group-F61243B0ED7E-LeaderElection5] INFO  server.RaftServerConfigKeys (ConfUtils.java:logGet(46)) - raft.server.log.appender.buffer.byte-limit = 33554432 (custom)
2023-08-31 10:24:29,369 [faefdaa5-b95f-414d-83d1-b299fbae73bf@group-F61243B0ED7E-LeaderElection5] INFO  server.RaftServerConfigKeys (ConfUtils.java:logGet(46)) - raft.server.log.appender.buffer.element-limit = 1 (custom)
2023-08-31 10:24:29,373 [faefdaa5-b95f-414d-83d1-b299fbae73bf@group-F61243B0ED7E-LeaderElection5] INFO  server.RaftServerConfigKeys (ConfUtils.java:logGet(46)) - raft.server.log.appender.wait-time.min = 10ms (default)
2023-08-31 10:24:29,374 [faefdaa5-b95f-414d-83d1-b299fbae73bf@group-F61243B0ED7E-LeaderElection5] INFO  grpc.GrpcConfigKeys (ConfUtils.java:logGet(46)) - raft.grpc.server.leader.outstanding.appends.max = 128 (default)
2023-08-31 10:24:29,374 [faefdaa5-b95f-414d-83d1-b299fbae73bf@group-F61243B0ED7E-LeaderElection5] INFO  server.RaftServerConfigKeys (ConfUtils.java:logGet(46)) - raft.server.rpc.request.timeout = 3000ms (default)
2023-08-31 10:24:29,374 [faefdaa5-b95f-414d-83d1-b299fbae73bf@group-F61243B0ED7E-LeaderElection5] INFO  grpc.GrpcConfigKeys (ConfUtils.java:logGet(46)) - raft.grpc.server.install_snapshot.request.element-limit = 8 (default)
2023-08-31 10:24:29,374 [faefdaa5-b95f-414d-83d1-b299fbae73bf@group-F61243B0ED7E-LeaderElection5] INFO  grpc.GrpcConfigKeys (ConfUtils.java:logGet(46)) - raft.grpc.server.install_snapshot.request.timeout = 3000ms (default)
2023-08-31 10:24:29,374 [faefdaa5-b95f-414d-83d1-b299fbae73bf@group-F61243B0ED7E-LeaderElection5] INFO  server.RaftServerConfigKeys (ConfUtils.java:logGet(46)) - raft.server.log.appender.install.snapshot.enabled = false (custom)
2023-08-31 10:24:29,374 [faefdaa5-b95f-414d-83d1-b299fbae73bf@group-F61243B0ED7E-LeaderElection5] INFO  grpc.GrpcConfigKeys (ConfUtils.java:logGet(46)) - raft.grpc.server.heartbeat.channel = true (default)
2023-08-31 10:24:29,376 [faefdaa5-b95f-414d-83d1-b299fbae73bf@group-F61243B0ED7E-LeaderElection5] INFO  server.RaftServerConfigKeys (ConfUtils.java:logGet(46)) - raft.server.log.appender.snapshot.chunk.size.max = 16MB (=16777216) (default)
2023-08-31 10:24:29,376 [faefdaa5-b95f-414d-83d1-b299fbae73bf@group-F61243B0ED7E-LeaderElection5] INFO  server.RaftServerConfigKeys (ConfUtils.java:logGet(46)) - raft.server.log.appender.buffer.byte-limit = 33554432 (custom)
2023-08-31 10:24:29,376 [faefdaa5-b95f-414d-83d1-b299fbae73bf@group-F61243B0ED7E-LeaderElection5] INFO  server.RaftServerConfigKeys (ConfUtils.java:logGet(46)) - raft.server.log.appender.buffer.element-limit = 1 (custom)
2023-08-31 10:24:29,376 [faefdaa5-b95f-414d-83d1-b299fbae73bf@group-F61243B0ED7E-LeaderElection5] INFO  server.RaftServerConfigKeys (ConfUtils.java:logGet(46)) - raft.server.log.appender.wait-time.min = 10ms (default)
2023-08-31 10:24:29,376 [faefdaa5-b95f-414d-83d1-b299fbae73bf@group-F61243B0ED7E-LeaderElection5] INFO  grpc.GrpcConfigKeys (ConfUtils.java:logGet(46)) - raft.grpc.server.leader.outstanding.appends.max = 128 (default)
2023-08-31 10:24:29,376 [faefdaa5-b95f-414d-83d1-b299fbae73bf@group-F61243B0ED7E-LeaderElection5] INFO  server.RaftServerConfigKeys (ConfUtils.java:logGet(46)) - raft.server.rpc.request.timeout = 3000ms (default)
2023-08-31 10:24:29,377 [faefdaa5-b95f-414d-83d1-b299fbae73bf@group-F61243B0ED7E-LeaderElection5] INFO  grpc.GrpcConfigKeys (ConfUtils.java:logGet(46)) - raft.grpc.server.install_snapshot.request.element-limit = 8 (default)
2023-08-31 10:24:29,377 [faefdaa5-b95f-414d-83d1-b299fbae73bf@group-F61243B0ED7E-LeaderElection5] INFO  grpc.GrpcConfigKeys (ConfUtils.java:logGet(46)) - raft.grpc.server.install_snapshot.request.timeout = 3000ms (default)
2023-08-31 10:24:29,377 [faefdaa5-b95f-414d-83d1-b299fbae73bf@group-F61243B0ED7E-LeaderElection5] INFO  server.RaftServerConfigKeys (ConfUtils.java:logGet(46)) - raft.server.log.appender.install.snapshot.enabled = false (custom)
2023-08-31 10:24:29,377 [faefdaa5-b95f-414d-83d1-b299fbae73bf@group-F61243B0ED7E-LeaderElection5] INFO  grpc.GrpcConfigKeys (ConfUtils.java:logGet(46)) - raft.grpc.server.heartbeat.channel = true (default)
2023-08-31 10:24:29,377 [faefdaa5-b95f-414d-83d1-b299fbae73bf@group-F61243B0ED7E-LeaderElection5] INFO  impl.RoleInfo (RoleInfo.java:updateAndGet(139)) - faefdaa5-b95f-414d-83d1-b299fbae73bf: start faefdaa5-b95f-414d-83d1-b299fbae73bf@group-F61243B0ED7E-LeaderStateImpl
2023-08-31 10:24:29,378 [faefdaa5-b95f-414d-83d1-b299fbae73bf@group-F61243B0ED7E-LeaderElection5] INFO  segmented.SegmentedRaftLogWorker (SegmentedRaftLogWorker.java:startLogSegment(447)) - faefdaa5-b95f-414d-83d1-b299fbae73bf@group-F61243B0ED7E-SegmentedRaftLogWorker: Starting segment from index:0
2023-08-31 10:24:29,379 [faefdaa5-b95f-414d-83d1-b299fbae73bf@group-F61243B0ED7E-SegmentedRaftLogWorker] INFO  segmented.SegmentedRaftLogWorker (SegmentedRaftLogWorker.java:execute(651)) - faefdaa5-b95f-414d-83d1-b299fbae73bf@group-F61243B0ED7E-SegmentedRaftLogWorker: created new log segment /home/runner/work/ozone/ozone/hadoop-ozone/integration-test/target/test-dir/MiniOzoneClusterImpl-40ccb4ce-9e5f-48d9-b45c-9251314ec7cc/datanode-1/data/ratis/9812e624-c75b-4104-b510-f61243b0ed7e/current/log_inprogress_0
2023-08-31 10:24:29,396 [faefdaa5-b95f-414d-83d1-b299fbae73bf@group-F61243B0ED7E-LeaderElection5] INFO  server.RaftServer$Division (ServerState.java:setRaftConf(434)) - faefdaa5-b95f-414d-83d1-b299fbae73bf@group-F61243B0ED7E: set configuration 0: peers:[1e7dfa45-1203-43e6-a103-23c323d0a6d5|rpc:10.1.0.16:15014|admin:10.1.0.16:15013|client:10.1.0.16:15012|dataStream:10.1.0.16:15015|priority:0|startupRole:FOLLOWER, faefdaa5-b95f-414d-83d1-b299fbae73bf|rpc:10.1.0.16:15023|admin:10.1.0.16:15022|client:10.1.0.16:15021|dataStream:10.1.0.16:15024|priority:1|startupRole:FOLLOWER, d1449997-f54f-4a59-bd40-37f2c04f767d|rpc:10.1.0.16:15032|admin:10.1.0.16:15031|client:10.1.0.16:15030|dataStream:10.1.0.16:15033|priority:0|startupRole:FOLLOWER]|listeners:[], old=null
2023-08-31 10:24:29,446 [d1449997-f54f-4a59-bd40-37f2c04f767d-server-thread2] INFO  ratis.XceiverServerRatis (XceiverServerRatis.java:handleLeaderChangedNotification(902)) - Leader change notification received for group: group-F61243B0ED7E with new leaderId: faefdaa5-b95f-414d-83d1-b299fbae73bf
2023-08-31 10:24:29,446 [d1449997-f54f-4a59-bd40-37f2c04f767d-server-thread2] INFO  server.RaftServer$Division (ServerState.java:setLeader(317)) - d1449997-f54f-4a59-bd40-37f2c04f767d@group-F61243B0ED7E: change Leader from null to faefdaa5-b95f-414d-83d1-b299fbae73bf at term 1 for appendEntries, leader elected after 5062ms
2023-08-31 10:24:29,448 [d1449997-f54f-4a59-bd40-37f2c04f767d-server-thread2] INFO  server.RaftServer$Division (ServerState.java:setRaftConf(434)) - d1449997-f54f-4a59-bd40-37f2c04f767d@group-F61243B0ED7E: set configuration 0: peers:[1e7dfa45-1203-43e6-a103-23c323d0a6d5|rpc:10.1.0.16:15014|admin:10.1.0.16:15013|client:10.1.0.16:15012|dataStream:10.1.0.16:15015|priority:0|startupRole:FOLLOWER, faefdaa5-b95f-414d-83d1-b299fbae73bf|rpc:10.1.0.16:15023|admin:10.1.0.16:15022|client:10.1.0.16:15021|dataStream:10.1.0.16:15024|priority:1|startupRole:FOLLOWER, d1449997-f54f-4a59-bd40-37f2c04f767d|rpc:10.1.0.16:15032|admin:10.1.0.16:15031|client:10.1.0.16:15030|dataStream:10.1.0.16:15033|priority:0|startupRole:FOLLOWER]|listeners:[], old=null
2023-08-31 10:24:29,448 [d1449997-f54f-4a59-bd40-37f2c04f767d-server-thread2] INFO  segmented.SegmentedRaftLogWorker (SegmentedRaftLogWorker.java:startLogSegment(447)) - d1449997-f54f-4a59-bd40-37f2c04f767d@group-F61243B0ED7E-SegmentedRaftLogWorker: Starting segment from index:0
2023-08-31 10:24:29,456 [d1449997-f54f-4a59-bd40-37f2c04f767d@group-F61243B0ED7E-SegmentedRaftLogWorker] INFO  segmented.SegmentedRaftLogWorker (SegmentedRaftLogWorker.java:execute(651)) - d1449997-f54f-4a59-bd40-37f2c04f767d@group-F61243B0ED7E-SegmentedRaftLogWorker: created new log segment /home/runner/work/ozone/ozone/hadoop-ozone/integration-test/target/test-dir/MiniOzoneClusterImpl-40ccb4ce-9e5f-48d9-b45c-9251314ec7cc/datanode-2/data/ratis/9812e624-c75b-4104-b510-f61243b0ed7e/current/log_inprogress_0
2023-08-31 10:24:29,456 [1e7dfa45-1203-43e6-a103-23c323d0a6d5-server-thread1] INFO  ratis.XceiverServerRatis (XceiverServerRatis.java:handleLeaderChangedNotification(902)) - Leader change notification received for group: group-F61243B0ED7E with new leaderId: faefdaa5-b95f-414d-83d1-b299fbae73bf
2023-08-31 10:24:29,463 [1e7dfa45-1203-43e6-a103-23c323d0a6d5-server-thread1] INFO  server.RaftServer$Division (ServerState.java:setLeader(317)) - 1e7dfa45-1203-43e6-a103-23c323d0a6d5@group-F61243B0ED7E: change Leader from null to faefdaa5-b95f-414d-83d1-b299fbae73bf at term 1 for appendEntries, leader elected after 5795ms
2023-08-31 10:24:29,464 [1e7dfa45-1203-43e6-a103-23c323d0a6d5-server-thread1] INFO  server.RaftServer$Division (ServerState.java:setRaftConf(434)) - 1e7dfa45-1203-43e6-a103-23c323d0a6d5@group-F61243B0ED7E: set configuration 0: peers:[1e7dfa45-1203-43e6-a103-23c323d0a6d5|rpc:10.1.0.16:15014|admin:10.1.0.16:15013|client:10.1.0.16:15012|dataStream:10.1.0.16:15015|priority:0|startupRole:FOLLOWER, faefdaa5-b95f-414d-83d1-b299fbae73bf|rpc:10.1.0.16:15023|admin:10.1.0.16:15022|client:10.1.0.16:15021|dataStream:10.1.0.16:15024|priority:1|startupRole:FOLLOWER, d1449997-f54f-4a59-bd40-37f2c04f767d|rpc:10.1.0.16:15032|admin:10.1.0.16:15031|client:10.1.0.16:15030|dataStream:10.1.0.16:15033|priority:0|startupRole:FOLLOWER]|listeners:[], old=null
2023-08-31 10:24:29,464 [1e7dfa45-1203-43e6-a103-23c323d0a6d5-server-thread1] INFO  segmented.SegmentedRaftLogWorker (SegmentedRaftLogWorker.java:startLogSegment(447)) - 1e7dfa45-1203-43e6-a103-23c323d0a6d5@group-F61243B0ED7E-SegmentedRaftLogWorker: Starting segment from index:0
2023-08-31 10:24:29,465 [1e7dfa45-1203-43e6-a103-23c323d0a6d5@group-F61243B0ED7E-SegmentedRaftLogWorker] INFO  segmented.SegmentedRaftLogWorker (SegmentedRaftLogWorker.java:execute(651)) - 1e7dfa45-1203-43e6-a103-23c323d0a6d5@group-F61243B0ED7E-SegmentedRaftLogWorker: created new log segment /home/runner/work/ozone/ozone/hadoop-ozone/integration-test/target/test-dir/MiniOzoneClusterImpl-40ccb4ce-9e5f-48d9-b45c-9251314ec7cc/datanode-0/data/ratis/9812e624-c75b-4104-b510-f61243b0ed7e/current/log_inprogress_0
2023-08-31 10:24:29,541 [d1449997-f54f-4a59-bd40-37f2c04f767d@group-C4528CA7DBFC-FollowerState] INFO  impl.FollowerState (FollowerState.java:run(143)) - d1449997-f54f-4a59-bd40-37f2c04f767d@group-C4528CA7DBFC-FollowerState: change to CANDIDATE, lastRpcElapsedTime:5085785950ns, electionTimeout:5077ms
2023-08-31 10:24:29,541 [d1449997-f54f-4a59-bd40-37f2c04f767d@group-C4528CA7DBFC-FollowerState] INFO  impl.RoleInfo (RoleInfo.java:shutdownFollowerState(110)) - d1449997-f54f-4a59-bd40-37f2c04f767d: shutdown d1449997-f54f-4a59-bd40-37f2c04f767d@group-C4528CA7DBFC-FollowerState
2023-08-31 10:24:29,542 [d1449997-f54f-4a59-bd40-37f2c04f767d@group-C4528CA7DBFC-FollowerState] INFO  server.RaftServer$Division (RaftServerImpl.java:setRole(329)) - d1449997-f54f-4a59-bd40-37f2c04f767d@group-C4528CA7DBFC: changes role from  FOLLOWER to CANDIDATE at term 0 for changeToCandidate
2023-08-31 10:24:29,542 [d1449997-f54f-4a59-bd40-37f2c04f767d@group-C4528CA7DBFC-FollowerState] INFO  server.RaftServerConfigKeys (ConfUtils.java:logGet(46)) - raft.server.leaderelection.pre-vote = true (default)
2023-08-31 10:24:29,542 [d1449997-f54f-4a59-bd40-37f2c04f767d@group-C4528CA7DBFC-FollowerState] INFO  impl.RoleInfo (RoleInfo.java:updateAndGet(139)) - d1449997-f54f-4a59-bd40-37f2c04f767d: start d1449997-f54f-4a59-bd40-37f2c04f767d@group-C4528CA7DBFC-LeaderElection6
2023-08-31 10:24:29,546 [d1449997-f54f-4a59-bd40-37f2c04f767d@group-C4528CA7DBFC-LeaderElection6] INFO  impl.LeaderElection (LeaderElection.java:askForVotes(321)) - d1449997-f54f-4a59-bd40-37f2c04f767d@group-C4528CA7DBFC-LeaderElection6 PRE_VOTE round 0: submit vote requests at term 0 for -1: peers:[d1449997-f54f-4a59-bd40-37f2c04f767d|rpc:10.1.0.16:15032|admin:10.1.0.16:15031|client:10.1.0.16:15030|dataStream:10.1.0.16:15033|priority:1|startupRole:FOLLOWER]|listeners:[], old=null
2023-08-31 10:24:29,546 [d1449997-f54f-4a59-bd40-37f2c04f767d@group-C4528CA7DBFC-LeaderElection6] INFO  impl.LeaderElection (LeaderElection.java:askForVotes(323)) - d1449997-f54f-4a59-bd40-37f2c04f767d@group-C4528CA7DBFC-LeaderElection6 PRE_VOTE round 0: result PASSED (term=0)
2023-08-31 10:24:29,547 [d1449997-f54f-4a59-bd40-37f2c04f767d@group-C4528CA7DBFC-LeaderElection6] INFO  impl.LeaderElection (LeaderElection.java:askForVotes(321)) - d1449997-f54f-4a59-bd40-37f2c04f767d@group-C4528CA7DBFC-LeaderElection6 ELECTION round 0: submit vote requests at term 1 for -1: peers:[d1449997-f54f-4a59-bd40-37f2c04f767d|rpc:10.1.0.16:15032|admin:10.1.0.16:15031|client:10.1.0.16:15030|dataStream:10.1.0.16:15033|priority:1|startupRole:FOLLOWER]|listeners:[], old=null
2023-08-31 10:24:29,547 [d1449997-f54f-4a59-bd40-37f2c04f767d@group-C4528CA7DBFC-LeaderElection6] INFO  impl.LeaderElection (LeaderElection.java:askForVotes(323)) - d1449997-f54f-4a59-bd40-37f2c04f767d@group-C4528CA7DBFC-LeaderElection6 ELECTION round 0: result PASSED (term=1)
2023-08-31 10:24:29,547 [d1449997-f54f-4a59-bd40-37f2c04f767d@group-C4528CA7DBFC-LeaderElection6] INFO  impl.RoleInfo (RoleInfo.java:shutdownLeaderElection(130)) - d1449997-f54f-4a59-bd40-37f2c04f767d: shutdown d1449997-f54f-4a59-bd40-37f2c04f767d@group-C4528CA7DBFC-LeaderElection6
2023-08-31 10:24:29,547 [d1449997-f54f-4a59-bd40-37f2c04f767d@group-C4528CA7DBFC-LeaderElection6] INFO  server.RaftServer$Division (RaftServerImpl.java:setRole(329)) - d1449997-f54f-4a59-bd40-37f2c04f767d@group-C4528CA7DBFC: changes role from CANDIDATE to LEADER at term 1 for changeToLeader
2023-08-31 10:24:29,547 [d1449997-f54f-4a59-bd40-37f2c04f767d@group-C4528CA7DBFC-LeaderElection6] INFO  ratis.XceiverServerRatis (XceiverServerRatis.java:handleLeaderChangedNotification(902)) - Leader change notification received for group: group-C4528CA7DBFC with new leaderId: d1449997-f54f-4a59-bd40-37f2c04f767d
2023-08-31 10:24:29,547 [d1449997-f54f-4a59-bd40-37f2c04f767d@group-C4528CA7DBFC-LeaderElection6] INFO  server.RaftServer$Division (ServerState.java:setLeader(317)) - d1449997-f54f-4a59-bd40-37f2c04f767d@group-C4528CA7DBFC: change Leader from null to d1449997-f54f-4a59-bd40-37f2c04f767d at term 1 for becomeLeader, leader elected after 5124ms
2023-08-31 10:24:29,547 [d1449997-f54f-4a59-bd40-37f2c04f767d@group-C4528CA7DBFC-LeaderElection6] INFO  server.RaftServerConfigKeys (ConfUtils.java:logGet(46)) - raft.server.staging.catchup.gap = 1000 (default)
2023-08-31 10:24:29,550 [d1449997-f54f-4a59-bd40-37f2c04f767d@group-C4528CA7DBFC-LeaderElection6] INFO  server.RaftServerConfigKeys (ConfUtils.java:logGet(46)) - raft.server.write.element-limit = 1024 (custom)
2023-08-31 10:24:29,550 [d1449997-f54f-4a59-bd40-37f2c04f767d@group-C4528CA7DBFC-LeaderElection6] INFO  server.RaftServerConfigKeys (ConfUtils.java:logGet(46)) - raft.server.write.byte-limit = 1024 M (=1073741824) (custom)
2023-08-31 10:24:29,551 [d1449997-f54f-4a59-bd40-37f2c04f767d@group-C4528CA7DBFC-LeaderElection6] INFO  server.RaftServerConfigKeys (ConfUtils.java:logGet(46)) - raft.server.watch.timeout = 10000ms (default)
2023-08-31 10:24:29,551 [d1449997-f54f-4a59-bd40-37f2c04f767d@group-C4528CA7DBFC-LeaderElection6] INFO  server.RaftServerConfigKeys (ConfUtils.java:logGet(46)) - raft.server.watch.timeout.denomination = 1s (default)
2023-08-31 10:24:29,551 [d1449997-f54f-4a59-bd40-37f2c04f767d@group-C4528CA7DBFC-LeaderElection6] INFO  server.RaftServerConfigKeys (ConfUtils.java:logGet(46)) - raft.server.watch.element-limit = 65536 (default)
2023-08-31 10:24:29,551 [d1449997-f54f-4a59-bd40-37f2c04f767d@group-C4528CA7DBFC-LeaderElection6] INFO  server.RaftServerConfigKeys (ConfUtils.java:logGet(46)) - raft.server.write.element-limit = 1024 (custom)
2023-08-31 10:24:29,551 [d1449997-f54f-4a59-bd40-37f2c04f767d@group-C4528CA7DBFC-LeaderElection6] INFO  server.RaftServerConfigKeys (ConfUtils.java:logGet(46)) - raft.server.write.follower.gap.ratio.max = -1.0 (default)
2023-08-31 10:24:29,551 [d1449997-f54f-4a59-bd40-37f2c04f767d@group-C4528CA7DBFC-LeaderElection6] INFO  impl.RoleInfo (RoleInfo.java:updateAndGet(139)) - d1449997-f54f-4a59-bd40-37f2c04f767d: start d1449997-f54f-4a59-bd40-37f2c04f767d@group-C4528CA7DBFC-LeaderStateImpl
2023-08-31 10:24:29,551 [d1449997-f54f-4a59-bd40-37f2c04f767d@group-C4528CA7DBFC-LeaderElection6] INFO  segmented.SegmentedRaftLogWorker (SegmentedRaftLogWorker.java:startLogSegment(447)) - d1449997-f54f-4a59-bd40-37f2c04f767d@group-C4528CA7DBFC-SegmentedRaftLogWorker: Starting segment from index:0
2023-08-31 10:24:29,556 [d1449997-f54f-4a59-bd40-37f2c04f767d@group-C4528CA7DBFC-LeaderElection6] INFO  server.RaftServer$Division (ServerState.java:setRaftConf(434)) - d1449997-f54f-4a59-bd40-37f2c04f767d@group-C4528CA7DBFC: set configuration 0: peers:[d1449997-f54f-4a59-bd40-37f2c04f767d|rpc:10.1.0.16:15032|admin:10.1.0.16:15031|client:10.1.0.16:15030|dataStream:10.1.0.16:15033|priority:1|startupRole:FOLLOWER]|listeners:[], old=null
2023-08-31 10:24:29,558 [d1449997-f54f-4a59-bd40-37f2c04f767d@group-C4528CA7DBFC-SegmentedRaftLogWorker] INFO  segmented.SegmentedRaftLogWorker (SegmentedRaftLogWorker.java:execute(651)) - d1449997-f54f-4a59-bd40-37f2c04f767d@group-C4528CA7DBFC-SegmentedRaftLogWorker: created new log segment /home/runner/work/ozone/ozone/hadoop-ozone/integration-test/target/test-dir/MiniOzoneClusterImpl-40ccb4ce-9e5f-48d9-b45c-9251314ec7cc/datanode-2/data/ratis/41cb957b-1920-4244-8078-c4528ca7dbfc/current/log_inprogress_0
2023-08-31 10:24:29,592 [d1449997-f54f-4a59-bd40-37f2c04f767d@group-C4FD867AAEB2-FollowerState] INFO  impl.FollowerState (FollowerState.java:run(143)) - d1449997-f54f-4a59-bd40-37f2c04f767d@group-C4FD867AAEB2-FollowerState: change to CANDIDATE, lastRpcElapsedTime:5072612400ns, electionTimeout:5061ms
2023-08-31 10:24:29,592 [d1449997-f54f-4a59-bd40-37f2c04f767d@group-C4FD867AAEB2-FollowerState] INFO  impl.RoleInfo (RoleInfo.java:shutdownFollowerState(110)) - d1449997-f54f-4a59-bd40-37f2c04f767d: shutdown d1449997-f54f-4a59-bd40-37f2c04f767d@group-C4FD867AAEB2-FollowerState
2023-08-31 10:24:29,592 [d1449997-f54f-4a59-bd40-37f2c04f767d@group-C4FD867AAEB2-FollowerState] INFO  server.RaftServer$Division (RaftServerImpl.java:setRole(329)) - d1449997-f54f-4a59-bd40-37f2c04f767d@group-C4FD867AAEB2: changes role from  FOLLOWER to CANDIDATE at term 0 for changeToCandidate
2023-08-31 10:24:29,592 [d1449997-f54f-4a59-bd40-37f2c04f767d@group-C4FD867AAEB2-FollowerState] INFO  server.RaftServerConfigKeys (ConfUtils.java:logGet(46)) - raft.server.leaderelection.pre-vote = true (default)
2023-08-31 10:24:29,592 [d1449997-f54f-4a59-bd40-37f2c04f767d@group-C4FD867AAEB2-FollowerState] INFO  impl.RoleInfo (RoleInfo.java:updateAndGet(139)) - d1449997-f54f-4a59-bd40-37f2c04f767d: start d1449997-f54f-4a59-bd40-37f2c04f767d@group-C4FD867AAEB2-LeaderElection7
2023-08-31 10:24:29,594 [d1449997-f54f-4a59-bd40-37f2c04f767d@group-C4FD867AAEB2-LeaderElection7] INFO  impl.LeaderElection (LeaderElection.java:askForVotes(321)) - d1449997-f54f-4a59-bd40-37f2c04f767d@group-C4FD867AAEB2-LeaderElection7 PRE_VOTE round 0: submit vote requests at term 0 for -1: peers:[1e7dfa45-1203-43e6-a103-23c323d0a6d5|rpc:10.1.0.16:15014|admin:10.1.0.16:15013|client:10.1.0.16:15012|dataStream:10.1.0.16:15015|priority:0|startupRole:FOLLOWER, faefdaa5-b95f-414d-83d1-b299fbae73bf|rpc:10.1.0.16:15023|admin:10.1.0.16:15022|client:10.1.0.16:15021|dataStream:10.1.0.16:15024|priority:0|startupRole:FOLLOWER, d1449997-f54f-4a59-bd40-37f2c04f767d|rpc:10.1.0.16:15032|admin:10.1.0.16:15031|client:10.1.0.16:15030|dataStream:10.1.0.16:15033|priority:1|startupRole:FOLLOWER]|listeners:[], old=null
2023-08-31 10:24:29,594 [d1449997-f54f-4a59-bd40-37f2c04f767d@group-C4FD867AAEB2-LeaderElection7-1] INFO  server.GrpcServerProtocolClient (GrpcServerProtocolClient.java:<init>(65)) - Build channel for 1e7dfa45-1203-43e6-a103-23c323d0a6d5
2023-08-31 10:24:29,595 [d1449997-f54f-4a59-bd40-37f2c04f767d@group-C4FD867AAEB2-LeaderElection7] INFO  server.RaftServerConfigKeys (ConfUtils.java:logFallback(53)) - raft.server.rpc.first-election.timeout.min = 5s (fallback to raft.server.rpc.timeout.min)
2023-08-31 10:24:29,600 [d1449997-f54f-4a59-bd40-37f2c04f767d@group-C4FD867AAEB2-LeaderElection7] INFO  server.RaftServerConfigKeys (ConfUtils.java:logFallback(53)) - raft.server.rpc.first-election.timeout.max = 5200ms (fallback to raft.server.rpc.timeout.max)
2023-08-31 10:24:29,600 [d1449997-f54f-4a59-bd40-37f2c04f767d@group-C4FD867AAEB2-LeaderElection7-2] INFO  server.GrpcServerProtocolClient (GrpcServerProtocolClient.java:<init>(65)) - Build channel for faefdaa5-b95f-414d-83d1-b299fbae73bf
2023-08-31 10:24:29,611 [grpc-default-executor-1] INFO  server.RaftServer$Division (RaftServerImpl.java:requestVote(1302)) - 1e7dfa45-1203-43e6-a103-23c323d0a6d5@group-C4FD867AAEB2: receive requestVote(PRE_VOTE, d1449997-f54f-4a59-bd40-37f2c04f767d, group-C4FD867AAEB2, 0, (t:0, i:0))
2023-08-31 10:24:29,612 [grpc-default-executor-1] INFO  impl.VoteContext (VoteContext.java:log(49)) - 1e7dfa45-1203-43e6-a103-23c323d0a6d5@group-C4FD867AAEB2-FOLLOWER: accept PRE_VOTE from d1449997-f54f-4a59-bd40-37f2c04f767d: our priority 0 <= candidate's priority 1
2023-08-31 10:24:29,612 [grpc-default-executor-1] INFO  server.RaftServer$Division (RaftServerImpl.java:requestVote(1335)) - 1e7dfa45-1203-43e6-a103-23c323d0a6d5@group-C4FD867AAEB2 replies to PRE_VOTE vote request: d1449997-f54f-4a59-bd40-37f2c04f767d<-1e7dfa45-1203-43e6-a103-23c323d0a6d5#0:OK-t0. Peer's state: 1e7dfa45-1203-43e6-a103-23c323d0a6d5@group-C4FD867AAEB2:t0, leader=null, voted=, raftlog=Memoized:1e7dfa45-1203-43e6-a103-23c323d0a6d5@group-C4FD867AAEB2-SegmentedRaftLog:OPENED:c-1, conf=-1: peers:[1e7dfa45-1203-43e6-a103-23c323d0a6d5|rpc:10.1.0.16:15014|admin:10.1.0.16:15013|client:10.1.0.16:15012|dataStream:10.1.0.16:15015|priority:0|startupRole:FOLLOWER, faefdaa5-b95f-414d-83d1-b299fbae73bf|rpc:10.1.0.16:15023|admin:10.1.0.16:15022|client:10.1.0.16:15021|dataStream:10.1.0.16:15024|priority:0|startupRole:FOLLOWER, d1449997-f54f-4a59-bd40-37f2c04f767d|rpc:10.1.0.16:15032|admin:10.1.0.16:15031|client:10.1.0.16:15030|dataStream:10.1.0.16:15033|priority:1|startupRole:FOLLOWER]|listeners:[], old=null
2023-08-31 10:24:29,614 [d1449997-f54f-4a59-bd40-37f2c04f767d@group-C4FD867AAEB2-LeaderElection7] INFO  impl.LeaderElection (LeaderElection.java:logAndReturn(90)) - d1449997-f54f-4a59-bd40-37f2c04f767d@group-C4FD867AAEB2-LeaderElection7: PRE_VOTE PASSED received 1 response(s) and 0 exception(s):
2023-08-31 10:24:29,614 [d1449997-f54f-4a59-bd40-37f2c04f767d@group-C4FD867AAEB2-LeaderElection7] INFO  impl.LeaderElection (LeaderElection.java:logAndReturn(94)) -   Response 0: d1449997-f54f-4a59-bd40-37f2c04f767d<-1e7dfa45-1203-43e6-a103-23c323d0a6d5#0:OK-t0
2023-08-31 10:24:29,614 [d1449997-f54f-4a59-bd40-37f2c04f767d@group-C4FD867AAEB2-LeaderElection7] INFO  impl.LeaderElection (LeaderElection.java:askForVotes(323)) - d1449997-f54f-4a59-bd40-37f2c04f767d@group-C4FD867AAEB2-LeaderElection7 PRE_VOTE round 0: result PASSED
2023-08-31 10:24:29,615 [d1449997-f54f-4a59-bd40-37f2c04f767d@group-C4FD867AAEB2-LeaderElection7] INFO  impl.LeaderElection (LeaderElection.java:askForVotes(321)) - d1449997-f54f-4a59-bd40-37f2c04f767d@group-C4FD867AAEB2-LeaderElection7 ELECTION round 0: submit vote requests at term 1 for -1: peers:[1e7dfa45-1203-43e6-a103-23c323d0a6d5|rpc:10.1.0.16:15014|admin:10.1.0.16:15013|client:10.1.0.16:15012|dataStream:10.1.0.16:15015|priority:0|startupRole:FOLLOWER, faefdaa5-b95f-414d-83d1-b299fbae73bf|rpc:10.1.0.16:15023|admin:10.1.0.16:15022|client:10.1.0.16:15021|dataStream:10.1.0.16:15024|priority:0|startupRole:FOLLOWER, d1449997-f54f-4a59-bd40-37f2c04f767d|rpc:10.1.0.16:15032|admin:10.1.0.16:15031|client:10.1.0.16:15030|dataStream:10.1.0.16:15033|priority:1|startupRole:FOLLOWER]|listeners:[], old=null
2023-08-31 10:24:29,616 [d1449997-f54f-4a59-bd40-37f2c04f767d@group-C4FD867AAEB2-LeaderElection7] INFO  server.RaftServerConfigKeys (ConfUtils.java:logFallback(53)) - raft.server.rpc.first-election.timeout.min = 5s (fallback to raft.server.rpc.timeout.min)
2023-08-31 10:24:29,617 [d1449997-f54f-4a59-bd40-37f2c04f767d@group-C4FD867AAEB2-LeaderElection7] INFO  server.RaftServerConfigKeys (ConfUtils.java:logFallback(53)) - raft.server.rpc.first-election.timeout.max = 5200ms (fallback to raft.server.rpc.timeout.max)
2023-08-31 10:24:29,620 [1e7dfa45-1203-43e6-a103-23c323d0a6d5@group-C4FD867AAEB2-FollowerState] INFO  server.RaftServerConfigKeys (ConfUtils.java:logFallback(53)) - raft.server.rpc.first-election.timeout.min = 5s (fallback to raft.server.rpc.timeout.min)
2023-08-31 10:24:29,624 [grpc-default-executor-1] INFO  server.RaftServer$Division (RaftServerImpl.java:requestVote(1302)) - faefdaa5-b95f-414d-83d1-b299fbae73bf@group-C4FD867AAEB2: receive requestVote(PRE_VOTE, d1449997-f54f-4a59-bd40-37f2c04f767d, group-C4FD867AAEB2, 0, (t:0, i:0))
2023-08-31 10:24:29,625 [grpc-default-executor-1] INFO  impl.VoteContext (VoteContext.java:log(49)) - faefdaa5-b95f-414d-83d1-b299fbae73bf@group-C4FD867AAEB2-FOLLOWER: accept PRE_VOTE from d1449997-f54f-4a59-bd40-37f2c04f767d: our priority 0 <= candidate's priority 1
2023-08-31 10:24:29,625 [grpc-default-executor-1] INFO  server.RaftServer$Division (RaftServerImpl.java:requestVote(1335)) - faefdaa5-b95f-414d-83d1-b299fbae73bf@group-C4FD867AAEB2 replies to PRE_VOTE vote request: d1449997-f54f-4a59-bd40-37f2c04f767d<-faefdaa5-b95f-414d-83d1-b299fbae73bf#0:OK-t0. Peer's state: faefdaa5-b95f-414d-83d1-b299fbae73bf@group-C4FD867AAEB2:t0, leader=null, voted=, raftlog=Memoized:faefdaa5-b95f-414d-83d1-b299fbae73bf@group-C4FD867AAEB2-SegmentedRaftLog:OPENED:c-1, conf=-1: peers:[1e7dfa45-1203-43e6-a103-23c323d0a6d5|rpc:10.1.0.16:15014|admin:10.1.0.16:15013|client:10.1.0.16:15012|dataStream:10.1.0.16:15015|priority:0|startupRole:FOLLOWER, faefdaa5-b95f-414d-83d1-b299fbae73bf|rpc:10.1.0.16:15023|admin:10.1.0.16:15022|client:10.1.0.16:15021|dataStream:10.1.0.16:15024|priority:0|startupRole:FOLLOWER, d1449997-f54f-4a59-bd40-37f2c04f767d|rpc:10.1.0.16:15032|admin:10.1.0.16:15031|client:10.1.0.16:15030|dataStream:10.1.0.16:15033|priority:1|startupRole:FOLLOWER]|listeners:[], old=null
2023-08-31 10:24:29,622 [grpc-default-executor-2] INFO  server.RaftServer$Division (RaftServerImpl.java:requestVote(1302)) - 1e7dfa45-1203-43e6-a103-23c323d0a6d5@group-C4FD867AAEB2: receive requestVote(ELECTION, d1449997-f54f-4a59-bd40-37f2c04f767d, group-C4FD867AAEB2, 1, (t:0, i:0))
2023-08-31 10:24:29,625 [grpc-default-executor-2] INFO  impl.VoteContext (VoteContext.java:log(49)) - 1e7dfa45-1203-43e6-a103-23c323d0a6d5@group-C4FD867AAEB2-FOLLOWER: accept ELECTION from d1449997-f54f-4a59-bd40-37f2c04f767d: our priority 0 <= candidate's priority 1
2023-08-31 10:24:29,625 [grpc-default-executor-2] INFO  server.RaftServer$Division (RaftServerImpl.java:setRole(329)) - 1e7dfa45-1203-43e6-a103-23c323d0a6d5@group-C4FD867AAEB2: changes role from  FOLLOWER to FOLLOWER at term 1 for candidate:d1449997-f54f-4a59-bd40-37f2c04f767d
2023-08-31 10:24:29,626 [grpc-default-executor-2] INFO  impl.RoleInfo (RoleInfo.java:shutdownFollowerState(110)) - 1e7dfa45-1203-43e6-a103-23c323d0a6d5: shutdown 1e7dfa45-1203-43e6-a103-23c323d0a6d5@group-C4FD867AAEB2-FollowerState
2023-08-31 10:24:29,621 [grpc-default-executor-0] INFO  server.RaftServer$Division (RaftServerImpl.java:requestVote(1302)) - faefdaa5-b95f-414d-83d1-b299fbae73bf@group-C4FD867AAEB2: receive requestVote(ELECTION, d1449997-f54f-4a59-bd40-37f2c04f767d, group-C4FD867AAEB2, 1, (t:0, i:0))
2023-08-31 10:24:29,625 [1e7dfa45-1203-43e6-a103-23c323d0a6d5@group-C4FD867AAEB2-FollowerState] INFO  server.RaftServerConfigKeys (ConfUtils.java:logFallback(53)) - raft.server.rpc.first-election.timeout.max = 5200ms (fallback to raft.server.rpc.timeout.max)
2023-08-31 10:24:29,628 [grpc-default-executor-2] INFO  impl.RoleInfo (RoleInfo.java:updateAndGet(139)) - 1e7dfa45-1203-43e6-a103-23c323d0a6d5: start 1e7dfa45-1203-43e6-a103-23c323d0a6d5@group-C4FD867AAEB2-FollowerState
2023-08-31 10:24:29,628 [grpc-default-executor-0] INFO  impl.VoteContext (VoteContext.java:log(49)) - faefdaa5-b95f-414d-83d1-b299fbae73bf@group-C4FD867AAEB2-FOLLOWER: accept ELECTION from d1449997-f54f-4a59-bd40-37f2c04f767d: our priority 0 <= candidate's priority 1
2023-08-31 10:24:29,628 [grpc-default-executor-0] INFO  server.RaftServer$Division (RaftServerImpl.java:setRole(329)) - faefdaa5-b95f-414d-83d1-b299fbae73bf@group-C4FD867AAEB2: changes role from  FOLLOWER to FOLLOWER at term 1 for candidate:d1449997-f54f-4a59-bd40-37f2c04f767d
2023-08-31 10:24:29,628 [grpc-default-executor-0] INFO  impl.RoleInfo (RoleInfo.java:shutdownFollowerState(110)) - faefdaa5-b95f-414d-83d1-b299fbae73bf: shutdown faefdaa5-b95f-414d-83d1-b299fbae73bf@group-C4FD867AAEB2-FollowerState
2023-08-31 10:24:29,631 [faefdaa5-b95f-414d-83d1-b299fbae73bf@group-C4FD867AAEB2-FollowerState] INFO  impl.FollowerState (FollowerState.java:run(152)) - faefdaa5-b95f-414d-83d1-b299fbae73bf@group-C4FD867AAEB2-FollowerState was interrupted
2023-08-31 10:24:29,632 [grpc-default-executor-2] INFO  server.RaftServer$Division (RaftServerImpl.java:requestVote(1335)) - 1e7dfa45-1203-43e6-a103-23c323d0a6d5@group-C4FD867AAEB2 replies to ELECTION vote request: d1449997-f54f-4a59-bd40-37f2c04f767d<-1e7dfa45-1203-43e6-a103-23c323d0a6d5#0:OK-t1. Peer's state: 1e7dfa45-1203-43e6-a103-23c323d0a6d5@group-C4FD867AAEB2:t1, leader=null, voted=d1449997-f54f-4a59-bd40-37f2c04f767d, raftlog=Memoized:1e7dfa45-1203-43e6-a103-23c323d0a6d5@group-C4FD867AAEB2-SegmentedRaftLog:OPENED:c-1, conf=-1: peers:[1e7dfa45-1203-43e6-a103-23c323d0a6d5|rpc:10.1.0.16:15014|admin:10.1.0.16:15013|client:10.1.0.16:15012|dataStream:10.1.0.16:15015|priority:0|startupRole:FOLLOWER, faefdaa5-b95f-414d-83d1-b299fbae73bf|rpc:10.1.0.16:15023|admin:10.1.0.16:15022|client:10.1.0.16:15021|dataStream:10.1.0.16:15024|priority:0|startupRole:FOLLOWER, d1449997-f54f-4a59-bd40-37f2c04f767d|rpc:10.1.0.16:15032|admin:10.1.0.16:15031|client:10.1.0.16:15030|dataStream:10.1.0.16:15033|priority:1|startupRole:FOLLOWER]|listeners:[], old=null
2023-08-31 10:24:29,633 [d1449997-f54f-4a59-bd40-37f2c04f767d@group-C4FD867AAEB2-LeaderElection7] INFO  impl.LeaderElection (LeaderElection.java:logAndReturn(90)) - d1449997-f54f-4a59-bd40-37f2c04f767d@group-C4FD867AAEB2-LeaderElection7: ELECTION PASSED received 1 response(s) and 0 exception(s):
2023-08-31 10:24:29,633 [d1449997-f54f-4a59-bd40-37f2c04f767d@group-C4FD867AAEB2-LeaderElection7] INFO  impl.LeaderElection (LeaderElection.java:logAndReturn(94)) -   Response 0: d1449997-f54f-4a59-bd40-37f2c04f767d<-1e7dfa45-1203-43e6-a103-23c323d0a6d5#0:OK-t1
2023-08-31 10:24:29,633 [d1449997-f54f-4a59-bd40-37f2c04f767d@group-C4FD867AAEB2-LeaderElection7] INFO  impl.LeaderElection (LeaderElection.java:askForVotes(323)) - d1449997-f54f-4a59-bd40-37f2c04f767d@group-C4FD867AAEB2-LeaderElection7 ELECTION round 0: result PASSED
2023-08-31 10:24:29,633 [d1449997-f54f-4a59-bd40-37f2c04f767d@group-C4FD867AAEB2-LeaderElection7] INFO  impl.RoleInfo (RoleInfo.java:shutdownLeaderElection(130)) - d1449997-f54f-4a59-bd40-37f2c04f767d: shutdown d1449997-f54f-4a59-bd40-37f2c04f767d@group-C4FD867AAEB2-LeaderElection7
2023-08-31 10:24:29,633 [d1449997-f54f-4a59-bd40-37f2c04f767d@group-C4FD867AAEB2-LeaderElection7] INFO  server.RaftServer$Division (RaftServerImpl.java:setRole(329)) - d1449997-f54f-4a59-bd40-37f2c04f767d@group-C4FD867AAEB2: changes role from CANDIDATE to LEADER at term 1 for changeToLeader
2023-08-31 10:24:29,633 [d1449997-f54f-4a59-bd40-37f2c04f767d@group-C4FD867AAEB2-LeaderElection7] INFO  ratis.XceiverServerRatis (XceiverServerRatis.java:handleLeaderChangedNotification(902)) - Leader change notification received for group: group-C4FD867AAEB2 with new leaderId: d1449997-f54f-4a59-bd40-37f2c04f767d
2023-08-31 10:24:29,633 [d1449997-f54f-4a59-bd40-37f2c04f767d@group-C4FD867AAEB2-LeaderElection7] INFO  server.RaftServer$Division (ServerState.java:setLeader(317)) - d1449997-f54f-4a59-bd40-37f2c04f767d@group-C4FD867AAEB2: change Leader from null to d1449997-f54f-4a59-bd40-37f2c04f767d at term 1 for becomeLeader, leader elected after 5149ms
2023-08-31 10:24:29,633 [d1449997-f54f-4a59-bd40-37f2c04f767d@group-C4FD867AAEB2-LeaderElection7] INFO  server.RaftServerConfigKeys (ConfUtils.java:logGet(46)) - raft.server.staging.catchup.gap = 1000 (default)
2023-08-31 10:24:29,634 [d1449997-f54f-4a59-bd40-37f2c04f767d@group-C4FD867AAEB2-LeaderElection7] INFO  server.RaftServerConfigKeys (ConfUtils.java:logGet(46)) - raft.server.write.element-limit = 1024 (custom)
2023-08-31 10:24:29,634 [d1449997-f54f-4a59-bd40-37f2c04f767d@group-C4FD867AAEB2-LeaderElection7] INFO  server.RaftServerConfigKeys (ConfUtils.java:logGet(46)) - raft.server.write.byte-limit = 1024 M (=1073741824) (custom)
2023-08-31 10:24:29,634 [d1449997-f54f-4a59-bd40-37f2c04f767d@group-C4FD867AAEB2-LeaderElection7] INFO  server.RaftServerConfigKeys (ConfUtils.java:logGet(46)) - raft.server.watch.timeout = 10000ms (default)
2023-08-31 10:24:29,634 [d1449997-f54f-4a59-bd40-37f2c04f767d@group-C4FD867AAEB2-LeaderElection7] INFO  server.RaftServerConfigKeys (ConfUtils.java:logGet(46)) - raft.server.watch.timeout.denomination = 1s (default)
2023-08-31 10:24:29,634 [d1449997-f54f-4a59-bd40-37f2c04f767d@group-C4FD867AAEB2-LeaderElection7] INFO  server.RaftServerConfigKeys (ConfUtils.java:logGet(46)) - raft.server.watch.element-limit = 65536 (default)
2023-08-31 10:24:29,634 [d1449997-f54f-4a59-bd40-37f2c04f767d@group-C4FD867AAEB2-LeaderElection7] INFO  server.RaftServerConfigKeys (ConfUtils.java:logGet(46)) - raft.server.write.element-limit = 1024 (custom)
2023-08-31 10:24:29,634 [d1449997-f54f-4a59-bd40-37f2c04f767d@group-C4FD867AAEB2-LeaderElection7] INFO  server.RaftServerConfigKeys (ConfUtils.java:logGet(46)) - raft.server.write.follower.gap.ratio.max = -1.0 (default)
2023-08-31 10:24:29,635 [d1449997-f54f-4a59-bd40-37f2c04f767d@group-C4FD867AAEB2-LeaderElection7] INFO  server.RaftServerConfigKeys (ConfUtils.java:logGet(46)) - raft.server.log.appender.snapshot.chunk.size.max = 16MB (=16777216) (default)
2023-08-31 10:24:29,635 [d1449997-f54f-4a59-bd40-37f2c04f767d@group-C4FD867AAEB2-LeaderElection7] INFO  server.RaftServerConfigKeys (ConfUtils.java:logGet(46)) - raft.server.log.appender.buffer.byte-limit = 33554432 (custom)
2023-08-31 10:24:29,635 [d1449997-f54f-4a59-bd40-37f2c04f767d@group-C4FD867AAEB2-LeaderElection7] INFO  server.RaftServerConfigKeys (ConfUtils.java:logGet(46)) - raft.server.log.appender.buffer.element-limit = 1 (custom)
2023-08-31 10:24:29,635 [d1449997-f54f-4a59-bd40-37f2c04f767d@group-C4FD867AAEB2-LeaderElection7] INFO  server.RaftServerConfigKeys (ConfUtils.java:logGet(46)) - raft.server.log.appender.wait-time.min = 10ms (default)
2023-08-31 10:24:29,637 [EventQueue-PipelineReportForPipelineReportHandler] INFO  pipeline.PipelineReportHandler (PipelineReportHandler.java:processPipelineReport(136)) - Opened pipeline PipelineID=f0ccd0f7-c47b-4664-a6dd-c4fd867aaeb2
2023-08-31 10:24:29,637 [grpc-default-executor-0] INFO  impl.RoleInfo (RoleInfo.java:updateAndGet(139)) - faefdaa5-b95f-414d-83d1-b299fbae73bf: start faefdaa5-b95f-414d-83d1-b299fbae73bf@group-C4FD867AAEB2-FollowerState
2023-08-31 10:24:29,635 [d1449997-f54f-4a59-bd40-37f2c04f767d@group-C4FD867AAEB2-LeaderElection7] INFO  grpc.GrpcConfigKeys (ConfUtils.java:logGet(46)) - raft.grpc.server.leader.outstanding.appends.max = 128 (default)
2023-08-31 10:24:29,644 [d1449997-f54f-4a59-bd40-37f2c04f767d@group-C4FD867AAEB2-LeaderElection7] INFO  server.RaftServerConfigKeys (ConfUtils.java:logGet(46)) - raft.server.rpc.request.timeout = 3000ms (default)
2023-08-31 10:24:29,644 [d1449997-f54f-4a59-bd40-37f2c04f767d@group-C4FD867AAEB2-LeaderElection7] INFO  grpc.GrpcConfigKeys (ConfUtils.java:logGet(46)) - raft.grpc.server.install_snapshot.request.element-limit = 8 (default)
2023-08-31 10:24:29,644 [d1449997-f54f-4a59-bd40-37f2c04f767d@group-C4FD867AAEB2-LeaderElection7] INFO  grpc.GrpcConfigKeys (ConfUtils.java:logGet(46)) - raft.grpc.server.install_snapshot.request.timeout = 3000ms (default)
2023-08-31 10:24:29,644 [d1449997-f54f-4a59-bd40-37f2c04f767d@group-C4FD867AAEB2-LeaderElection7] INFO  server.RaftServerConfigKeys (ConfUtils.java:logGet(46)) - raft.server.log.appender.install.snapshot.enabled = false (custom)
2023-08-31 10:24:29,644 [d1449997-f54f-4a59-bd40-37f2c04f767d@group-C4FD867AAEB2-LeaderElection7] INFO  grpc.GrpcConfigKeys (ConfUtils.java:logGet(46)) - raft.grpc.server.heartbeat.channel = true (default)
2023-08-31 10:24:29,645 [d1449997-f54f-4a59-bd40-37f2c04f767d@group-C4FD867AAEB2-LeaderElection7] INFO  server.RaftServerConfigKeys (ConfUtils.java:logGet(46)) - raft.server.log.appender.snapshot.chunk.size.max = 16MB (=16777216) (default)
2023-08-31 10:24:29,645 [d1449997-f54f-4a59-bd40-37f2c04f767d@group-C4FD867AAEB2-LeaderElection7] INFO  server.RaftServerConfigKeys (ConfUtils.java:logGet(46)) - raft.server.log.appender.buffer.byte-limit = 33554432 (custom)
2023-08-31 10:24:29,645 [d1449997-f54f-4a59-bd40-37f2c04f767d@group-C4FD867AAEB2-LeaderElection7] INFO  server.RaftServerConfigKeys (ConfUtils.java:logGet(46)) - raft.server.log.appender.buffer.element-limit = 1 (custom)
2023-08-31 10:24:29,645 [d1449997-f54f-4a59-bd40-37f2c04f767d@group-C4FD867AAEB2-LeaderElection7] INFO  server.RaftServerConfigKeys (ConfUtils.java:logGet(46)) - raft.server.log.appender.wait-time.min = 10ms (default)
2023-08-31 10:24:29,645 [d1449997-f54f-4a59-bd40-37f2c04f767d@group-C4FD867AAEB2-LeaderElection7] INFO  grpc.GrpcConfigKeys (ConfUtils.java:logGet(46)) - raft.grpc.server.leader.outstanding.appends.max = 128 (default)
2023-08-31 10:24:29,645 [d1449997-f54f-4a59-bd40-37f2c04f767d@group-C4FD867AAEB2-LeaderElection7] INFO  server.RaftServerConfigKeys (ConfUtils.java:logGet(46)) - raft.server.rpc.request.timeout = 3000ms (default)
2023-08-31 10:24:29,645 [d1449997-f54f-4a59-bd40-37f2c04f767d@group-C4FD867AAEB2-LeaderElection7] INFO  grpc.GrpcConfigKeys (ConfUtils.java:logGet(46)) - raft.grpc.server.install_snapshot.request.element-limit = 8 (default)
2023-08-31 10:24:29,645 [d1449997-f54f-4a59-bd40-37f2c04f767d@group-C4FD867AAEB2-LeaderElection7] INFO  grpc.GrpcConfigKeys (ConfUtils.java:logGet(46)) - raft.grpc.server.install_snapshot.request.timeout = 3000ms (default)
2023-08-31 10:24:29,645 [d1449997-f54f-4a59-bd40-37f2c04f767d@group-C4FD867AAEB2-LeaderElection7] INFO  server.RaftServerConfigKeys (ConfUtils.java:logGet(46)) - raft.server.log.appender.install.snapshot.enabled = false (custom)
2023-08-31 10:24:29,645 [d1449997-f54f-4a59-bd40-37f2c04f767d@group-C4FD867AAEB2-LeaderElection7] INFO  grpc.GrpcConfigKeys (ConfUtils.java:logGet(46)) - raft.grpc.server.heartbeat.channel = true (default)
2023-08-31 10:24:29,645 [d1449997-f54f-4a59-bd40-37f2c04f767d@group-C4FD867AAEB2-LeaderElection7] INFO  impl.RoleInfo (RoleInfo.java:updateAndGet(139)) - d1449997-f54f-4a59-bd40-37f2c04f767d: start d1449997-f54f-4a59-bd40-37f2c04f767d@group-C4FD867AAEB2-LeaderStateImpl
2023-08-31 10:24:29,645 [d1449997-f54f-4a59-bd40-37f2c04f767d@group-C4FD867AAEB2-LeaderElection7] INFO  segmented.SegmentedRaftLogWorker (SegmentedRaftLogWorker.java:startLogSegment(447)) - d1449997-f54f-4a59-bd40-37f2c04f767d@group-C4FD867AAEB2-SegmentedRaftLogWorker: Starting segment from index:0
2023-08-31 10:24:29,646 [d1449997-f54f-4a59-bd40-37f2c04f767d@group-C4FD867AAEB2-SegmentedRaftLogWorker] INFO  segmented.SegmentedRaftLogWorker (SegmentedRaftLogWorker.java:execute(651)) - d1449997-f54f-4a59-bd40-37f2c04f767d@group-C4FD867AAEB2-SegmentedRaftLogWorker: created new log segment /home/runner/work/ozone/ozone/hadoop-ozone/integration-test/target/test-dir/MiniOzoneClusterImpl-40ccb4ce-9e5f-48d9-b45c-9251314ec7cc/datanode-2/data/ratis/f0ccd0f7-c47b-4664-a6dd-c4fd867aaeb2/current/log_inprogress_0
2023-08-31 10:24:29,649 [grpc-default-executor-0] INFO  server.RaftServer$Division (RaftServerImpl.java:requestVote(1335)) - faefdaa5-b95f-414d-83d1-b299fbae73bf@group-C4FD867AAEB2 replies to ELECTION vote request: d1449997-f54f-4a59-bd40-37f2c04f767d<-faefdaa5-b95f-414d-83d1-b299fbae73bf#0:OK-t1. Peer's state: faefdaa5-b95f-414d-83d1-b299fbae73bf@group-C4FD867AAEB2:t1, leader=null, voted=d1449997-f54f-4a59-bd40-37f2c04f767d, raftlog=Memoized:faefdaa5-b95f-414d-83d1-b299fbae73bf@group-C4FD867AAEB2-SegmentedRaftLog:OPENED:c-1, conf=-1: peers:[1e7dfa45-1203-43e6-a103-23c323d0a6d5|rpc:10.1.0.16:15014|admin:10.1.0.16:15013|client:10.1.0.16:15012|dataStream:10.1.0.16:15015|priority:0|startupRole:FOLLOWER, faefdaa5-b95f-414d-83d1-b299fbae73bf|rpc:10.1.0.16:15023|admin:10.1.0.16:15022|client:10.1.0.16:15021|dataStream:10.1.0.16:15024|priority:0|startupRole:FOLLOWER, d1449997-f54f-4a59-bd40-37f2c04f767d|rpc:10.1.0.16:15032|admin:10.1.0.16:15031|client:10.1.0.16:15030|dataStream:10.1.0.16:15033|priority:1|startupRole:FOLLOWER]|listeners:[], old=null
2023-08-31 10:24:29,660 [d1449997-f54f-4a59-bd40-37f2c04f767d@group-C4FD867AAEB2-LeaderElection7] INFO  server.RaftServer$Division (ServerState.java:setRaftConf(434)) - d1449997-f54f-4a59-bd40-37f2c04f767d@group-C4FD867AAEB2: set configuration 0: peers:[1e7dfa45-1203-43e6-a103-23c323d0a6d5|rpc:10.1.0.16:15014|admin:10.1.0.16:15013|client:10.1.0.16:15012|dataStream:10.1.0.16:15015|priority:0|startupRole:FOLLOWER, faefdaa5-b95f-414d-83d1-b299fbae73bf|rpc:10.1.0.16:15023|admin:10.1.0.16:15022|client:10.1.0.16:15021|dataStream:10.1.0.16:15024|priority:0|startupRole:FOLLOWER, d1449997-f54f-4a59-bd40-37f2c04f767d|rpc:10.1.0.16:15032|admin:10.1.0.16:15031|client:10.1.0.16:15030|dataStream:10.1.0.16:15033|priority:1|startupRole:FOLLOWER]|listeners:[], old=null
2023-08-31 10:24:29,669 [1e7dfa45-1203-43e6-a103-23c323d0a6d5-server-thread1] INFO  ratis.XceiverServerRatis (XceiverServerRatis.java:handleLeaderChangedNotification(902)) - Leader change notification received for group: group-C4FD867AAEB2 with new leaderId: d1449997-f54f-4a59-bd40-37f2c04f767d
2023-08-31 10:24:29,669 [1e7dfa45-1203-43e6-a103-23c323d0a6d5-server-thread1] INFO  server.RaftServer$Division (ServerState.java:setLeader(317)) - 1e7dfa45-1203-43e6-a103-23c323d0a6d5@group-C4FD867AAEB2: change Leader from null to d1449997-f54f-4a59-bd40-37f2c04f767d at term 1 for appendEntries, leader elected after 5274ms
2023-08-31 10:24:29,674 [1e7dfa45-1203-43e6-a103-23c323d0a6d5-server-thread2] INFO  server.RaftServer$Division (ServerState.java:setRaftConf(434)) - 1e7dfa45-1203-43e6-a103-23c323d0a6d5@group-C4FD867AAEB2: set configuration 0: peers:[1e7dfa45-1203-43e6-a103-23c323d0a6d5|rpc:10.1.0.16:15014|admin:10.1.0.16:15013|client:10.1.0.16:15012|dataStream:10.1.0.16:15015|priority:0|startupRole:FOLLOWER, faefdaa5-b95f-414d-83d1-b299fbae73bf|rpc:10.1.0.16:15023|admin:10.1.0.16:15022|client:10.1.0.16:15021|dataStream:10.1.0.16:15024|priority:0|startupRole:FOLLOWER, d1449997-f54f-4a59-bd40-37f2c04f767d|rpc:10.1.0.16:15032|admin:10.1.0.16:15031|client:10.1.0.16:15030|dataStream:10.1.0.16:15033|priority:1|startupRole:FOLLOWER]|listeners:[], old=null
2023-08-31 10:24:29,674 [1e7dfa45-1203-43e6-a103-23c323d0a6d5-server-thread2] INFO  segmented.SegmentedRaftLogWorker (SegmentedRaftLogWorker.java:startLogSegment(447)) - 1e7dfa45-1203-43e6-a103-23c323d0a6d5@group-C4FD867AAEB2-SegmentedRaftLogWorker: Starting segment from index:0
2023-08-31 10:24:29,679 [1e7dfa45-1203-43e6-a103-23c323d0a6d5@group-C4FD867AAEB2-SegmentedRaftLogWorker] INFO  segmented.SegmentedRaftLogWorker (SegmentedRaftLogWorker.java:execute(651)) - 1e7dfa45-1203-43e6-a103-23c323d0a6d5@group-C4FD867AAEB2-SegmentedRaftLogWorker: created new log segment /home/runner/work/ozone/ozone/hadoop-ozone/integration-test/target/test-dir/MiniOzoneClusterImpl-40ccb4ce-9e5f-48d9-b45c-9251314ec7cc/datanode-0/data/ratis/f0ccd0f7-c47b-4664-a6dd-c4fd867aaeb2/current/log_inprogress_0
2023-08-31 10:24:29,684 [faefdaa5-b95f-414d-83d1-b299fbae73bf-server-thread1] INFO  ratis.XceiverServerRatis (XceiverServerRatis.java:handleLeaderChangedNotification(902)) - Leader change notification received for group: group-C4FD867AAEB2 with new leaderId: d1449997-f54f-4a59-bd40-37f2c04f767d
2023-08-31 10:24:29,684 [faefdaa5-b95f-414d-83d1-b299fbae73bf-server-thread1] INFO  server.RaftServer$Division (ServerState.java:setLeader(317)) - faefdaa5-b95f-414d-83d1-b299fbae73bf@group-C4FD867AAEB2: change Leader from null to d1449997-f54f-4a59-bd40-37f2c04f767d at term 1 for appendEntries, leader elected after 5195ms
2023-08-31 10:24:29,699 [faefdaa5-b95f-414d-83d1-b299fbae73bf-server-thread1] INFO  server.RaftServer$Division (ServerState.java:setRaftConf(434)) - faefdaa5-b95f-414d-83d1-b299fbae73bf@group-C4FD867AAEB2: set configuration 0: peers:[1e7dfa45-1203-43e6-a103-23c323d0a6d5|rpc:10.1.0.16:15014|admin:10.1.0.16:15013|client:10.1.0.16:15012|dataStream:10.1.0.16:15015|priority:0|startupRole:FOLLOWER, faefdaa5-b95f-414d-83d1-b299fbae73bf|rpc:10.1.0.16:15023|admin:10.1.0.16:15022|client:10.1.0.16:15021|dataStream:10.1.0.16:15024|priority:0|startupRole:FOLLOWER, d1449997-f54f-4a59-bd40-37f2c04f767d|rpc:10.1.0.16:15032|admin:10.1.0.16:15031|client:10.1.0.16:15030|dataStream:10.1.0.16:15033|priority:1|startupRole:FOLLOWER]|listeners:[], old=null
2023-08-31 10:24:29,700 [faefdaa5-b95f-414d-83d1-b299fbae73bf-server-thread1] INFO  segmented.SegmentedRaftLogWorker (SegmentedRaftLogWorker.java:startLogSegment(447)) - faefdaa5-b95f-414d-83d1-b299fbae73bf@group-C4FD867AAEB2-SegmentedRaftLogWorker: Starting segment from index:0
2023-08-31 10:24:29,702 [faefdaa5-b95f-414d-83d1-b299fbae73bf@group-C4FD867AAEB2-SegmentedRaftLogWorker] INFO  segmented.SegmentedRaftLogWorker (SegmentedRaftLogWorker.java:execute(651)) - faefdaa5-b95f-414d-83d1-b299fbae73bf@group-C4FD867AAEB2-SegmentedRaftLogWorker: created new log segment /home/runner/work/ozone/ozone/hadoop-ozone/integration-test/target/test-dir/MiniOzoneClusterImpl-40ccb4ce-9e5f-48d9-b45c-9251314ec7cc/datanode-1/data/ratis/f0ccd0f7-c47b-4664-a6dd-c4fd867aaeb2/current/log_inprogress_0
2023-08-31 10:24:29,759 [b9af389b-3390-4a10-9bb5-d38911605174@group-A64FDFDCBB42-FollowerState] INFO  impl.FollowerState (FollowerState.java:run(143)) - b9af389b-3390-4a10-9bb5-d38911605174@group-A64FDFDCBB42-FollowerState: change to CANDIDATE, lastRpcElapsedTime:5007506152ns, electionTimeout:5007ms
2023-08-31 10:24:29,759 [b9af389b-3390-4a10-9bb5-d38911605174@group-A64FDFDCBB42-FollowerState] INFO  impl.RoleInfo (RoleInfo.java:shutdownFollowerState(110)) - b9af389b-3390-4a10-9bb5-d38911605174: shutdown b9af389b-3390-4a10-9bb5-d38911605174@group-A64FDFDCBB42-FollowerState
2023-08-31 10:24:29,759 [b9af389b-3390-4a10-9bb5-d38911605174@group-A64FDFDCBB42-FollowerState] INFO  server.RaftServer$Division (RaftServerImpl.java:setRole(329)) - b9af389b-3390-4a10-9bb5-d38911605174@group-A64FDFDCBB42: changes role from  FOLLOWER to CANDIDATE at term 0 for changeToCandidate
2023-08-31 10:24:29,759 [b9af389b-3390-4a10-9bb5-d38911605174@group-A64FDFDCBB42-FollowerState] INFO  server.RaftServerConfigKeys (ConfUtils.java:logGet(46)) - raft.server.leaderelection.pre-vote = true (default)
2023-08-31 10:24:29,759 [b9af389b-3390-4a10-9bb5-d38911605174@group-A64FDFDCBB42-FollowerState] INFO  impl.RoleInfo (RoleInfo.java:updateAndGet(139)) - b9af389b-3390-4a10-9bb5-d38911605174: start b9af389b-3390-4a10-9bb5-d38911605174@group-A64FDFDCBB42-LeaderElection8
2023-08-31 10:24:29,761 [b9af389b-3390-4a10-9bb5-d38911605174@group-A64FDFDCBB42-LeaderElection8] INFO  impl.LeaderElection (LeaderElection.java:askForVotes(321)) - b9af389b-3390-4a10-9bb5-d38911605174@group-A64FDFDCBB42-LeaderElection8 PRE_VOTE round 0: submit vote requests at term 0 for -1: peers:[b9af389b-3390-4a10-9bb5-d38911605174|rpc:10.1.0.16:15041|admin:10.1.0.16:15040|client:10.1.0.16:15039|dataStream:10.1.0.16:15042|priority:1|startupRole:FOLLOWER]|listeners:[], old=null
2023-08-31 10:24:29,761 [b9af389b-3390-4a10-9bb5-d38911605174@group-A64FDFDCBB42-LeaderElection8] INFO  impl.LeaderElection (LeaderElection.java:askForVotes(323)) - b9af389b-3390-4a10-9bb5-d38911605174@group-A64FDFDCBB42-LeaderElection8 PRE_VOTE round 0: result PASSED (term=0)
2023-08-31 10:24:29,762 [b9af389b-3390-4a10-9bb5-d38911605174@group-A64FDFDCBB42-LeaderElection8] INFO  impl.LeaderElection (LeaderElection.java:askForVotes(321)) - b9af389b-3390-4a10-9bb5-d38911605174@group-A64FDFDCBB42-LeaderElection8 ELECTION round 0: submit vote requests at term 1 for -1: peers:[b9af389b-3390-4a10-9bb5-d38911605174|rpc:10.1.0.16:15041|admin:10.1.0.16:15040|client:10.1.0.16:15039|dataStream:10.1.0.16:15042|priority:1|startupRole:FOLLOWER]|listeners:[], old=null
2023-08-31 10:24:29,762 [b9af389b-3390-4a10-9bb5-d38911605174@group-A64FDFDCBB42-LeaderElection8] INFO  impl.LeaderElection (LeaderElection.java:askForVotes(323)) - b9af389b-3390-4a10-9bb5-d38911605174@group-A64FDFDCBB42-LeaderElection8 ELECTION round 0: result PASSED (term=1)
2023-08-31 10:24:29,762 [b9af389b-3390-4a10-9bb5-d38911605174@group-A64FDFDCBB42-LeaderElection8] INFO  impl.RoleInfo (RoleInfo.java:shutdownLeaderElection(130)) - b9af389b-3390-4a10-9bb5-d38911605174: shutdown b9af389b-3390-4a10-9bb5-d38911605174@group-A64FDFDCBB42-LeaderElection8
2023-08-31 10:24:29,762 [b9af389b-3390-4a10-9bb5-d38911605174@group-A64FDFDCBB42-LeaderElection8] INFO  server.RaftServer$Division (RaftServerImpl.java:setRole(329)) - b9af389b-3390-4a10-9bb5-d38911605174@group-A64FDFDCBB42: changes role from CANDIDATE to LEADER at term 1 for changeToLeader
2023-08-31 10:24:29,762 [b9af389b-3390-4a10-9bb5-d38911605174@group-A64FDFDCBB42-LeaderElection8] INFO  ratis.XceiverServerRatis (XceiverServerRatis.java:handleLeaderChangedNotification(902)) - Leader change notification received for group: group-A64FDFDCBB42 with new leaderId: b9af389b-3390-4a10-9bb5-d38911605174
2023-08-31 10:24:29,763 [b9af389b-3390-4a10-9bb5-d38911605174@group-A64FDFDCBB42-LeaderElection8] INFO  server.RaftServer$Division (ServerState.java:setLeader(317)) - b9af389b-3390-4a10-9bb5-d38911605174@group-A64FDFDCBB42: change Leader from null to b9af389b-3390-4a10-9bb5-d38911605174 at term 1 for becomeLeader, leader elected after 5025ms
2023-08-31 10:24:29,763 [b9af389b-3390-4a10-9bb5-d38911605174@group-A64FDFDCBB42-LeaderElection8] INFO  server.RaftServerConfigKeys (ConfUtils.java:logGet(46)) - raft.server.staging.catchup.gap = 1000 (default)
2023-08-31 10:24:29,763 [b9af389b-3390-4a10-9bb5-d38911605174@group-A64FDFDCBB42-LeaderElection8] INFO  server.RaftServerConfigKeys (ConfUtils.java:logGet(46)) - raft.server.write.element-limit = 1024 (custom)
2023-08-31 10:24:29,763 [b9af389b-3390-4a10-9bb5-d38911605174@group-A64FDFDCBB42-LeaderElection8] INFO  server.RaftServerConfigKeys (ConfUtils.java:logGet(46)) - raft.server.write.byte-limit = 1024 M (=1073741824) (custom)
2023-08-31 10:24:29,764 [b9af389b-3390-4a10-9bb5-d38911605174@group-A64FDFDCBB42-LeaderElection8] INFO  server.RaftServerConfigKeys (ConfUtils.java:logGet(46)) - raft.server.watch.timeout = 10000ms (default)
2023-08-31 10:24:29,764 [b9af389b-3390-4a10-9bb5-d38911605174@group-A64FDFDCBB42-LeaderElection8] INFO  server.RaftServerConfigKeys (ConfUtils.java:logGet(46)) - raft.server.watch.timeout.denomination = 1s (default)
2023-08-31 10:24:29,764 [b9af389b-3390-4a10-9bb5-d38911605174@group-A64FDFDCBB42-LeaderElection8] INFO  server.RaftServerConfigKeys (ConfUtils.java:logGet(46)) - raft.server.watch.element-limit = 65536 (default)
2023-08-31 10:24:29,764 [b9af389b-3390-4a10-9bb5-d38911605174@group-A64FDFDCBB42-LeaderElection8] INFO  server.RaftServerConfigKeys (ConfUtils.java:logGet(46)) - raft.server.write.element-limit = 1024 (custom)
2023-08-31 10:24:29,764 [b9af389b-3390-4a10-9bb5-d38911605174@group-A64FDFDCBB42-LeaderElection8] INFO  server.RaftServerConfigKeys (ConfUtils.java:logGet(46)) - raft.server.write.follower.gap.ratio.max = -1.0 (default)
2023-08-31 10:24:29,764 [b9af389b-3390-4a10-9bb5-d38911605174@group-A64FDFDCBB42-LeaderElection8] INFO  impl.RoleInfo (RoleInfo.java:updateAndGet(139)) - b9af389b-3390-4a10-9bb5-d38911605174: start b9af389b-3390-4a10-9bb5-d38911605174@group-A64FDFDCBB42-LeaderStateImpl
2023-08-31 10:24:29,764 [b9af389b-3390-4a10-9bb5-d38911605174@group-A64FDFDCBB42-LeaderElection8] INFO  segmented.SegmentedRaftLogWorker (SegmentedRaftLogWorker.java:startLogSegment(447)) - b9af389b-3390-4a10-9bb5-d38911605174@group-A64FDFDCBB42-SegmentedRaftLogWorker: Starting segment from index:0
2023-08-31 10:24:29,766 [b9af389b-3390-4a10-9bb5-d38911605174@group-A64FDFDCBB42-SegmentedRaftLogWorker] INFO  segmented.SegmentedRaftLogWorker (SegmentedRaftLogWorker.java:execute(651)) - b9af389b-3390-4a10-9bb5-d38911605174@group-A64FDFDCBB42-SegmentedRaftLogWorker: created new log segment /home/runner/work/ozone/ozone/hadoop-ozone/integration-test/target/test-dir/MiniOzoneClusterImpl-40ccb4ce-9e5f-48d9-b45c-9251314ec7cc/datanode-3/data/ratis/a6a68664-62e1-4b7c-8048-a64fdfdcbb42/current/log_inprogress_0
2023-08-31 10:24:29,766 [b9af389b-3390-4a10-9bb5-d38911605174@group-A64FDFDCBB42-LeaderElection8] INFO  server.RaftServer$Division (ServerState.java:setRaftConf(434)) - b9af389b-3390-4a10-9bb5-d38911605174@group-A64FDFDCBB42: set configuration 0: peers:[b9af389b-3390-4a10-9bb5-d38911605174|rpc:10.1.0.16:15041|admin:10.1.0.16:15040|client:10.1.0.16:15039|dataStream:10.1.0.16:15042|priority:1|startupRole:FOLLOWER]|listeners:[], old=null
2023-08-31 10:24:30,291 [JUnit] INFO  ozone.MiniOzoneClusterImpl (MiniOzoneClusterImpl.java:lambda$waitForClusterToBeReady$0(224)) - Nodes are ready. Got 5 of 5 DN Heartbeats.
2023-08-31 10:24:30,291 [JUnit] INFO  ozone.MiniOzoneClusterImpl (MiniOzoneClusterImpl.java:lambda$waitForClusterToBeReady$0(227)) - Cluster exits safe mode
2023-08-31 10:24:30,291 [JUnit] INFO  ozone.MiniOzoneClusterImpl (MiniOzoneClusterImpl.java:lambda$waitForClusterToBeReady$0(229)) - SCM became leader
2023-08-31 10:24:30,413 [8aeac973-d988-4477-a868-52c3b0be344f@group-066749DCEE18-FollowerState] INFO  impl.FollowerState (FollowerState.java:run(143)) - 8aeac973-d988-4477-a868-52c3b0be344f@group-066749DCEE18-FollowerState: change to CANDIDATE, lastRpcElapsedTime:5119633179ns, electionTimeout:5118ms
2023-08-31 10:24:30,413 [8aeac973-d988-4477-a868-52c3b0be344f@group-066749DCEE18-FollowerState] INFO  impl.RoleInfo (RoleInfo.java:shutdownFollowerState(110)) - 8aeac973-d988-4477-a868-52c3b0be344f: shutdown 8aeac973-d988-4477-a868-52c3b0be344f@group-066749DCEE18-FollowerState
2023-08-31 10:24:30,413 [8aeac973-d988-4477-a868-52c3b0be344f@group-066749DCEE18-FollowerState] INFO  server.RaftServer$Division (RaftServerImpl.java:setRole(329)) - 8aeac973-d988-4477-a868-52c3b0be344f@group-066749DCEE18: changes role from  FOLLOWER to CANDIDATE at term 0 for changeToCandidate
2023-08-31 10:24:30,414 [8aeac973-d988-4477-a868-52c3b0be344f@group-066749DCEE18-FollowerState] INFO  server.RaftServerConfigKeys (ConfUtils.java:logGet(46)) - raft.server.leaderelection.pre-vote = true (default)
2023-08-31 10:24:30,414 [8aeac973-d988-4477-a868-52c3b0be344f@group-066749DCEE18-FollowerState] INFO  impl.RoleInfo (RoleInfo.java:updateAndGet(139)) - 8aeac973-d988-4477-a868-52c3b0be344f: start 8aeac973-d988-4477-a868-52c3b0be344f@group-066749DCEE18-LeaderElection9
2023-08-31 10:24:30,420 [8aeac973-d988-4477-a868-52c3b0be344f@group-066749DCEE18-LeaderElection9] INFO  impl.LeaderElection (LeaderElection.java:askForVotes(321)) - 8aeac973-d988-4477-a868-52c3b0be344f@group-066749DCEE18-LeaderElection9 PRE_VOTE round 0: submit vote requests at term 0 for -1: peers:[8aeac973-d988-4477-a868-52c3b0be344f|rpc:10.1.0.16:15050|admin:10.1.0.16:15049|client:10.1.0.16:15048|dataStream:10.1.0.16:15051|priority:1|startupRole:FOLLOWER]|listeners:[], old=null
2023-08-31 10:24:30,421 [8aeac973-d988-4477-a868-52c3b0be344f@group-066749DCEE18-LeaderElection9] INFO  impl.LeaderElection (LeaderElection.java:askForVotes(323)) - 8aeac973-d988-4477-a868-52c3b0be344f@group-066749DCEE18-LeaderElection9 PRE_VOTE round 0: result PASSED (term=0)
2023-08-31 10:24:30,424 [8aeac973-d988-4477-a868-52c3b0be344f@group-066749DCEE18-LeaderElection9] INFO  impl.LeaderElection (LeaderElection.java:askForVotes(321)) - 8aeac973-d988-4477-a868-52c3b0be344f@group-066749DCEE18-LeaderElection9 ELECTION round 0: submit vote requests at term 1 for -1: peers:[8aeac973-d988-4477-a868-52c3b0be344f|rpc:10.1.0.16:15050|admin:10.1.0.16:15049|client:10.1.0.16:15048|dataStream:10.1.0.16:15051|priority:1|startupRole:FOLLOWER]|listeners:[], old=null
2023-08-31 10:24:30,424 [8aeac973-d988-4477-a868-52c3b0be344f@group-066749DCEE18-LeaderElection9] INFO  impl.LeaderElection (LeaderElection.java:askForVotes(323)) - 8aeac973-d988-4477-a868-52c3b0be344f@group-066749DCEE18-LeaderElection9 ELECTION round 0: result PASSED (term=1)
2023-08-31 10:24:30,424 [8aeac973-d988-4477-a868-52c3b0be344f@group-066749DCEE18-LeaderElection9] INFO  impl.RoleInfo (RoleInfo.java:shutdownLeaderElection(130)) - 8aeac973-d988-4477-a868-52c3b0be344f: shutdown 8aeac973-d988-4477-a868-52c3b0be344f@group-066749DCEE18-LeaderElection9
2023-08-31 10:24:30,424 [8aeac973-d988-4477-a868-52c3b0be344f@group-066749DCEE18-LeaderElection9] INFO  server.RaftServer$Division (RaftServerImpl.java:setRole(329)) - 8aeac973-d988-4477-a868-52c3b0be344f@group-066749DCEE18: changes role from CANDIDATE to LEADER at term 1 for changeToLeader
2023-08-31 10:24:30,424 [8aeac973-d988-4477-a868-52c3b0be344f@group-066749DCEE18-LeaderElection9] INFO  ratis.XceiverServerRatis (XceiverServerRatis.java:handleLeaderChangedNotification(902)) - Leader change notification received for group: group-066749DCEE18 with new leaderId: 8aeac973-d988-4477-a868-52c3b0be344f
2023-08-31 10:24:30,426 [8aeac973-d988-4477-a868-52c3b0be344f@group-066749DCEE18-LeaderElection9] INFO  server.RaftServer$Division (ServerState.java:setLeader(317)) - 8aeac973-d988-4477-a868-52c3b0be344f@group-066749DCEE18: change Leader from null to 8aeac973-d988-4477-a868-52c3b0be344f at term 1 for becomeLeader, leader elected after 5414ms
2023-08-31 10:24:30,426 [8aeac973-d988-4477-a868-52c3b0be344f@group-066749DCEE18-LeaderElection9] INFO  server.RaftServerConfigKeys (ConfUtils.java:logGet(46)) - raft.server.staging.catchup.gap = 1000 (default)
2023-08-31 10:24:30,426 [8aeac973-d988-4477-a868-52c3b0be344f@group-066749DCEE18-LeaderElection9] INFO  server.RaftServerConfigKeys (ConfUtils.java:logGet(46)) - raft.server.write.element-limit = 1024 (custom)
2023-08-31 10:24:30,426 [8aeac973-d988-4477-a868-52c3b0be344f@group-066749DCEE18-LeaderElection9] INFO  server.RaftServerConfigKeys (ConfUtils.java:logGet(46)) - raft.server.write.byte-limit = 1024 M (=1073741824) (custom)
2023-08-31 10:24:30,426 [8aeac973-d988-4477-a868-52c3b0be344f@group-066749DCEE18-LeaderElection9] INFO  server.RaftServerConfigKeys (ConfUtils.java:logGet(46)) - raft.server.watch.timeout = 10000ms (default)
2023-08-31 10:24:30,427 [8aeac973-d988-4477-a868-52c3b0be344f@group-066749DCEE18-LeaderElection9] INFO  server.RaftServerConfigKeys (ConfUtils.java:logGet(46)) - raft.server.watch.timeout.denomination = 1s (default)
2023-08-31 10:24:30,427 [8aeac973-d988-4477-a868-52c3b0be344f@group-066749DCEE18-LeaderElection9] INFO  server.RaftServerConfigKeys (ConfUtils.java:logGet(46)) - raft.server.watch.element-limit = 65536 (default)
2023-08-31 10:24:30,427 [8aeac973-d988-4477-a868-52c3b0be344f@group-066749DCEE18-LeaderElection9] INFO  server.RaftServerConfigKeys (ConfUtils.java:logGet(46)) - raft.server.write.element-limit = 1024 (custom)
2023-08-31 10:24:30,428 [8aeac973-d988-4477-a868-52c3b0be344f@group-066749DCEE18-LeaderElection9] INFO  server.RaftServerConfigKeys (ConfUtils.java:logGet(46)) - raft.server.write.follower.gap.ratio.max = -1.0 (default)
2023-08-31 10:24:30,428 [8aeac973-d988-4477-a868-52c3b0be344f@group-066749DCEE18-LeaderElection9] INFO  impl.RoleInfo (RoleInfo.java:updateAndGet(139)) - 8aeac973-d988-4477-a868-52c3b0be344f: start 8aeac973-d988-4477-a868-52c3b0be344f@group-066749DCEE18-LeaderStateImpl
2023-08-31 10:24:30,428 [8aeac973-d988-4477-a868-52c3b0be344f@group-066749DCEE18-LeaderElection9] INFO  segmented.SegmentedRaftLogWorker (SegmentedRaftLogWorker.java:startLogSegment(447)) - 8aeac973-d988-4477-a868-52c3b0be344f@group-066749DCEE18-SegmentedRaftLogWorker: Starting segment from index:0
2023-08-31 10:24:30,429 [8aeac973-d988-4477-a868-52c3b0be344f@group-066749DCEE18-SegmentedRaftLogWorker] INFO  segmented.SegmentedRaftLogWorker (SegmentedRaftLogWorker.java:execute(651)) - 8aeac973-d988-4477-a868-52c3b0be344f@group-066749DCEE18-SegmentedRaftLogWorker: created new log segment /home/runner/work/ozone/ozone/hadoop-ozone/integration-test/target/test-dir/MiniOzoneClusterImpl-40ccb4ce-9e5f-48d9-b45c-9251314ec7cc/datanode-4/data/ratis/83c4afe8-7a9f-4693-a480-066749dcee18/current/log_inprogress_0
2023-08-31 10:24:30,434 [8aeac973-d988-4477-a868-52c3b0be344f@group-066749DCEE18-LeaderElection9] INFO  server.RaftServer$Division (ServerState.java:setRaftConf(434)) - 8aeac973-d988-4477-a868-52c3b0be344f@group-066749DCEE18: set configuration 0: peers:[8aeac973-d988-4477-a868-52c3b0be344f|rpc:10.1.0.16:15050|admin:10.1.0.16:15049|client:10.1.0.16:15048|dataStream:10.1.0.16:15051|priority:1|startupRole:FOLLOWER]|listeners:[], old=null
2023-08-31 10:24:30,759 [setup] INFO  rpc.RpcClient (RpcClient.java:createVolume(461)) - Creating Volume: volume66885, with user95358 as owner and space quota set to -1 bytes, counts quota set to -1
2023-08-31 10:24:30,802 [OM StateMachine ApplyTransaction Thread - 0] INFO  volume.OMVolumeCreateRequest (OMVolumeCreateRequest.java:validateAndUpdateCache(196)) - created volume:volume66885 for user:user95358
2023-08-31 10:24:30,824 [setup] INFO  rpc.RpcClient (RpcClient.java:createBucket(688)) - Creating Bucket: volume66885/bucket92584, with bucket layout LEGACY, runner as owner, Versioning false, Storage Type set to DISK and Encryption set to false, Replication Type set to server-side default replication type, Namespace Quota set to -1, Space Quota set to -1 
2023-08-31 10:24:30,847 [OM StateMachine ApplyTransaction Thread - 0] INFO  bucket.OMBucketCreateRequest (OMBucketCreateRequest.java:validateAndUpdateCache(270)) - created bucket: bucket92584 of layout LEGACY in volume: volume66885
2023-08-31 10:24:31,019 [setup] INFO  contract.AbstractFSContractTestBase (AbstractFSContractTestBase.java:setup(194)) - Test filesystem = o3fs://bucket92584.volume66885 implemented by OzoneFileSystem{URI=o3fs://bucket92584.volume66885, workingDir=o3fs://bucket92584.volume66885/user/runner, userName=runner, statistics=0 bytes read, 0 bytes written, 0 read ops, 0 large read ops, 0 write ops}
2023-08-31 10:24:31,059 [JUnit-testOverwriteNonEmptyDirectory[0]] INFO  contract.AbstractFSContractTestBase (AbstractFSContractTestBase.java:describe(278)) - verify trying to create a file over a non-empty dir fails, use builder API=false
2023-08-31 10:24:31,112 [IPC Server handler 19 on default port 15001] INFO  ha.SequenceIdGenerator (SequenceIdGenerator.java:getNextId(140)) - Allocate a batch for containerId, change lastId from 0 to 1000.
2023-08-31 10:24:31,119 [IPC Server handler 19 on default port 15001] WARN  ha.SequenceIdGenerator (SequenceIdGenerator.java:allocateBatch(253)) - Failed to allocate a batch for localId, expected lastId is 0, actual lastId is 111677748019200000.
2023-08-31 10:24:31,120 [IPC Server handler 19 on default port 15001] INFO  ha.SequenceIdGenerator (SequenceIdGenerator.java:getNextId(140)) - Allocate a batch for localId, change lastId from 111677748019200000 to 111677748019201000.
2023-08-31 10:24:31,178 [JUnit-testOverwriteNonEmptyDirectory[0]] INFO  impl.MetricsSystemImpl (MetricsSystemImpl.java:init(158)) - XceiverClientMetrics metrics system started (again)
2023-08-31 10:24:31,178 [JUnit-testOverwriteNonEmptyDirectory[0]] INFO  lib.Interns (Interns.java:removeEldestEntry(50)) - Metrics intern cache overflow at 2011 for MetricsSystem={MetricsSystem=MetricsInfoImpl{name=MetricsSystem, description=MetricsSystem}, MetricsSystem record=MetricsInfoImpl{name=MetricsSystem, description=MetricsSystem record}}
10:24:31.644 [OM StateMachine ApplyTransaction Thread - 0] ERROR OMAudit - user=runner | ip=127.0.0.1 | op=CREATE_FILE {volume=volume66885, bucket=bucket92584, key=test/testOverwriteNonEmptyDirectory, dataSize=4194304, replicationType=RATIS, replicationFactor=ONE} | ret=FAILURE
org.apache.hadoop.ozone.om.exceptions.OMException: Can not write to directory: test/testOverwriteNonEmptyDirectory
	at org.apache.hadoop.ozone.om.request.file.OMFileCreateRequest.checkDirectoryResult(OMFileCreateRequest.java:363) ~[ozone-manager-1.4.0-SNAPSHOT.jar:?]
	at org.apache.hadoop.ozone.om.request.file.OMFileCreateRequest.validateAndUpdateCache(OMFileCreateRequest.java:237) ~[ozone-manager-1.4.0-SNAPSHOT.jar:?]
	at org.apache.hadoop.ozone.protocolPB.OzoneManagerRequestHandler.handleWriteRequest(OzoneManagerRequestHandler.java:375) ~[ozone-manager-1.4.0-SNAPSHOT.jar:?]
	at org.apache.hadoop.ozone.om.ratis.OzoneManagerStateMachine.runCommand(OzoneManagerStateMachine.java:568) ~[ozone-manager-1.4.0-SNAPSHOT.jar:?]
	at org.apache.hadoop.ozone.om.ratis.OzoneManagerStateMachine.lambda$1(OzoneManagerStateMachine.java:359) ~[ozone-manager-1.4.0-SNAPSHOT.jar:?]
	at java.util.concurrent.CompletableFuture$AsyncSupply.run(CompletableFuture.java:1604) [?:1.8.0_382]
	at java.util.concurrent.ThreadPoolExecutor.runWorker(ThreadPoolExecutor.java:1149) [?:1.8.0_382]
	at java.util.concurrent.ThreadPoolExecutor$Worker.run(ThreadPoolExecutor.java:624) [?:1.8.0_382]
	at java.lang.Thread.run(Thread.java:750) [?:1.8.0_382]
2023-08-31 10:24:31,655 [OM StateMachine ApplyTransaction Thread - 0] ERROR file.OMFileCreateRequest (OMFileCreateRequest.java:validateAndUpdateCache(336)) - File create failed. Volume:volume66885, Bucket:bucket92584, Keytest/testOverwriteNonEmptyDirectory.
NOT_A_FILE org.apache.hadoop.ozone.om.exceptions.OMException: Can not write to directory: test/testOverwriteNonEmptyDirectory
	at org.apache.hadoop.ozone.om.request.file.OMFileCreateRequest.checkDirectoryResult(OMFileCreateRequest.java:363)
	at org.apache.hadoop.ozone.om.request.file.OMFileCreateRequest.validateAndUpdateCache(OMFileCreateRequest.java:237)
	at org.apache.hadoop.ozone.protocolPB.OzoneManagerRequestHandler.handleWriteRequest(OzoneManagerRequestHandler.java:375)
	at org.apache.hadoop.ozone.om.ratis.OzoneManagerStateMachine.runCommand(OzoneManagerStateMachine.java:568)
	at org.apache.hadoop.ozone.om.ratis.OzoneManagerStateMachine.lambda$1(OzoneManagerStateMachine.java:359)
	at java.util.concurrent.CompletableFuture$AsyncSupply.run(CompletableFuture.java:1604)
	at java.util.concurrent.ThreadPoolExecutor.runWorker(ThreadPoolExecutor.java:1149)
	at java.util.concurrent.ThreadPoolExecutor$Worker.run(ThreadPoolExecutor.java:624)
	at java.lang.Thread.run(Thread.java:750)
2023-08-31 10:24:31,809 [JUnit-testOverwriteNonEmptyDirectory[0]] INFO  contract.AbstractFSContractTestBase (AbstractFSContractTestBase.java:describe(278)) - verify trying to create a file over a non-empty dir fails, use builder API=true
10:24:31.908 [OM StateMachine ApplyTransaction Thread - 0] ERROR OMAudit - user=runner | ip=127.0.0.1 | op=CREATE_FILE {volume=volume66885, bucket=bucket92584, key=test/testOverwriteNonEmptyDirectory, dataSize=4194304, replicationType=RATIS, replicationFactor=ONE} | ret=FAILURE
org.apache.hadoop.ozone.om.exceptions.OMException: Can not write to directory: test/testOverwriteNonEmptyDirectory
	at org.apache.hadoop.ozone.om.request.file.OMFileCreateRequest.checkDirectoryResult(OMFileCreateRequest.java:363) ~[ozone-manager-1.4.0-SNAPSHOT.jar:?]
	at org.apache.hadoop.ozone.om.request.file.OMFileCreateRequest.validateAndUpdateCache(OMFileCreateRequest.java:237) ~[ozone-manager-1.4.0-SNAPSHOT.jar:?]
	at org.apache.hadoop.ozone.protocolPB.OzoneManagerRequestHandler.handleWriteRequest(OzoneManagerRequestHandler.java:375) ~[ozone-manager-1.4.0-SNAPSHOT.jar:?]
	at org.apache.hadoop.ozone.om.ratis.OzoneManagerStateMachine.runCommand(OzoneManagerStateMachine.java:568) ~[ozone-manager-1.4.0-SNAPSHOT.jar:?]
	at org.apache.hadoop.ozone.om.ratis.OzoneManagerStateMachine.lambda$1(OzoneManagerStateMachine.java:359) ~[ozone-manager-1.4.0-SNAPSHOT.jar:?]
	at java.util.concurrent.CompletableFuture$AsyncSupply.run(CompletableFuture.java:1604) [?:1.8.0_382]
	at java.util.concurrent.ThreadPoolExecutor.runWorker(ThreadPoolExecutor.java:1149) [?:1.8.0_382]
	at java.util.concurrent.ThreadPoolExecutor$Worker.run(ThreadPoolExecutor.java:624) [?:1.8.0_382]
	at java.lang.Thread.run(Thread.java:750) [?:1.8.0_382]
2023-08-31 10:24:31,908 [OM StateMachine ApplyTransaction Thread - 0] ERROR file.OMFileCreateRequest (OMFileCreateRequest.java:validateAndUpdateCache(336)) - File create failed. Volume:volume66885, Bucket:bucket92584, Keytest/testOverwriteNonEmptyDirectory.
NOT_A_FILE org.apache.hadoop.ozone.om.exceptions.OMException: Can not write to directory: test/testOverwriteNonEmptyDirectory
	at org.apache.hadoop.ozone.om.request.file.OMFileCreateRequest.checkDirectoryResult(OMFileCreateRequest.java:363)
	at org.apache.hadoop.ozone.om.request.file.OMFileCreateRequest.validateAndUpdateCache(OMFileCreateRequest.java:237)
	at org.apache.hadoop.ozone.protocolPB.OzoneManagerRequestHandler.handleWriteRequest(OzoneManagerRequestHandler.java:375)
	at org.apache.hadoop.ozone.om.ratis.OzoneManagerStateMachine.runCommand(OzoneManagerStateMachine.java:568)
	at org.apache.hadoop.ozone.om.ratis.OzoneManagerStateMachine.lambda$1(OzoneManagerStateMachine.java:359)
	at java.util.concurrent.CompletableFuture$AsyncSupply.run(CompletableFuture.java:1604)
	at java.util.concurrent.ThreadPoolExecutor.runWorker(ThreadPoolExecutor.java:1149)
	at java.util.concurrent.ThreadPoolExecutor$Worker.run(ThreadPoolExecutor.java:624)
	at java.lang.Thread.run(Thread.java:750)
]]></system-out>
  </testcase>
  <testcase name="testOverwriteNonEmptyDirectory" classname="ITestOzoneContractCreate" time="0.333">
    <system-out><![CDATA[2023-08-31 10:24:34,809 [JUnit] INFO  ozone.MiniOzoneClusterImpl (MiniOzoneClusterImpl.java:shutdown(443)) - Shutting down the Mini Ozone Cluster
2023-08-31 10:24:34,809 [JUnit] INFO  ozone.MiniOzoneClusterImpl (MiniOzoneClusterImpl.java:stop(460)) - Stopping the Mini Ozone Cluster
2023-08-31 10:24:34,809 [JUnit] INFO  ozone.MiniOzoneClusterImpl (MiniOzoneClusterImpl.java:stopOM(551)) - Stopping the OzoneManager
2023-08-31 10:24:34,809 [JUnit] INFO  om.OzoneManager (OzoneManager.java:stop(2204)) - om1[localhost:15004]: Stopping Ozone Manager
2023-08-31 10:24:34,810 [JUnit] INFO  ipc.Server (Server.java:stop(3523)) - Stopping server on 15004
2023-08-31 10:24:34,815 [IPC Server listener on 15004] INFO  ipc.Server (Server.java:run(1434)) - Stopping IPC Server listener on 15004
2023-08-31 10:24:34,815 [IPC Server Responder] INFO  ipc.Server (Server.java:run(1567)) - Stopping IPC Server Responder
2023-08-31 10:24:34,817 [1e7dfa45-1203-43e6-a103-23c323d0a6d5@group-C4FD867AAEB2-FollowerState] INFO  impl.FollowerState (FollowerState.java:shouldRun(117)) - 1e7dfa45-1203-43e6-a103-23c323d0a6d5@group-C4FD867AAEB2-FollowerState: Stopping now (isRunning? false, role = FOLLOWER)
2023-08-31 10:24:34,817 [JUnit] INFO  server.RaftServer (RaftServerProxy.java:lambda$close$6(416)) - om1: close
2023-08-31 10:24:34,818 [JUnit] INFO  server.GrpcService (GrpcService.java:closeImpl(311)) - om1: shutdown server GrpcServerProtocolService now
2023-08-31 10:24:34,818 [om1-impl-thread1] INFO  server.RaftServer$Division (RaftServerImpl.java:lambda$close$4(466)) - om1@group-C5BA1605619E: shutdown
2023-08-31 10:24:34,818 [om1-impl-thread1] INFO  util.JmxRegister (JmxRegister.java:unregister(73)) - Successfully un-registered JMX Bean with object name Ratis:service=RaftServer,group=group-C5BA1605619E,id=om1
2023-08-31 10:24:34,818 [om1-impl-thread1] INFO  impl.RoleInfo (RoleInfo.java:shutdownLeaderState(93)) - om1: shutdown om1@group-C5BA1605619E-LeaderStateImpl
2023-08-31 10:24:34,818 [om1-impl-thread1] INFO  impl.PendingRequests (PendingRequests.java:sendNotLeaderResponses(289)) - om1@group-C5BA1605619E-PendingRequests: sendNotLeaderResponses
2023-08-31 10:24:34,824 [JUnit] INFO  server.GrpcService (GrpcService.java:closeImpl(320)) - om1: shutdown server GrpcServerProtocolService successfully
2023-08-31 10:24:34,826 [om1-impl-thread1] INFO  impl.StateMachineUpdater (StateMachineUpdater.java:stopAndJoin(155)) - om1@group-C5BA1605619E-StateMachineUpdater: set stopIndex = 246
2023-08-31 10:24:34,829 [om1@group-C5BA1605619E-StateMachineUpdater] INFO  ratis.OzoneManagerStateMachine (OzoneManagerStateMachine.java:takeSnapshot(480)) - Current Snapshot Index (t:1, i:246)
2023-08-31 10:24:34,851 [om1@group-C5BA1605619E-StateMachineUpdater] INFO  impl.StateMachineUpdater (StateMachineUpdater.java:takeSnapshot(291)) - om1@group-C5BA1605619E-StateMachineUpdater: Took a snapshot at index 246
2023-08-31 10:24:34,852 [om1@group-C5BA1605619E-StateMachineUpdater] INFO  impl.StateMachineUpdater (StateMachineUpdater.java:lambda$new$0(97)) - om1@group-C5BA1605619E-StateMachineUpdater: snapshotIndex: updateIncreasingly -1 -> 246
2023-08-31 10:24:34,852 [om1@group-C5BA1605619E-StateMachineUpdater] INFO  ratis.OzoneManagerStateMachine (OzoneManagerStateMachine.java:close(534)) - StateMachine has shutdown. Shutdown OzoneManager if not already shutdown.
2023-08-31 10:24:34,852 [om1@group-C5BA1605619E-StateMachineUpdater] INFO  ratis.OzoneManagerDoubleBuffer (OzoneManagerDoubleBuffer.java:stopDaemon(551)) - Stopping OMDoubleBuffer flush thread
2023-08-31 10:24:34,852 [OMDoubleBufferFlushThread] INFO  ratis.OzoneManagerDoubleBuffer (OzoneManagerDoubleBuffer.java:canFlush(638)) - OMDoubleBuffer flush thread OMDoubleBufferFlushThread is interrupted and will exit.
2023-08-31 10:24:34,854 [om1-impl-thread1] INFO  server.RaftServer$Division (ServerState.java:close(472)) - om1@group-C5BA1605619E: closes. applyIndex: 246
2023-08-31 10:24:35,807 [om1-impl-thread1] INFO  segmented.SegmentedRaftLogWorker (SegmentedRaftLogWorker.java:close(252)) - om1@group-C5BA1605619E-SegmentedRaftLogWorker close()
2023-08-31 10:24:35,808 [JvmPauseMonitor1] INFO  util.JvmPauseMonitor (JvmPauseMonitor.java:run(109)) - JvmPauseMonitor-om1: Stopped
2023-08-31 10:24:35,808 [JUnit] INFO  ratis.OzoneManagerStateMachine (OzoneManagerStateMachine.java:close(534)) - StateMachine has shutdown. Shutdown OzoneManager if not already shutdown.
2023-08-31 10:24:35,808 [JUnit] INFO  ratis.OzoneManagerDoubleBuffer (OzoneManagerDoubleBuffer.java:stopDaemon(560)) - OMDoubleBuffer flush thread is not running.
2023-08-31 10:24:35,809 [JUnit] INFO  utils.BackgroundService (BackgroundService.java:shutdown(141)) - Shutting down service KeyDeletingService
2023-08-31 10:24:35,809 [JUnit] INFO  utils.BackgroundService (BackgroundService.java:shutdown(141)) - Shutting down service KeyDeletingService
2023-08-31 10:24:35,810 [JUnit] INFO  utils.BackgroundService (BackgroundService.java:shutdown(141)) - Shutting down service OpenKeyCleanupService
2023-08-31 10:24:35,810 [JUnit] INFO  utils.BackgroundService (BackgroundService.java:shutdown(141)) - Shutting down service SstFilteringService
2023-08-31 10:24:35,810 [JUnit] INFO  utils.BackgroundService (BackgroundService.java:shutdown(141)) - Shutting down service SnapshotDeletingService
2023-08-31 10:24:35,812 [JUnit] INFO  handler.ContextHandler (ContextHandler.java:doStop(1159)) - Stopped o.e.j.w.WebAppContext@428ebfde{ozoneManager,/,null,STOPPED}{file:/home/runner/work/ozone/ozone/hadoop-ozone/integration-test/target/test-classes/webapps/ozoneManager}
2023-08-31 10:24:35,814 [JUnit] INFO  server.AbstractConnector (AbstractConnector.java:doStop(383)) - Stopped ServerConnector@4872efad{HTTP/1.1, (http/1.1)}{0.0.0.0:15005}
2023-08-31 10:24:35,814 [JUnit] INFO  server.session (HouseKeeper.java:stopScavenging(149)) - node0 Stopped scavenging
2023-08-31 10:24:35,815 [JUnit] INFO  handler.ContextHandler (ContextHandler.java:doStop(1159)) - Stopped o.e.j.s.ServletContextHandler@da79d11{static,/static,file:///home/runner/work/ozone/ozone/hadoop-ozone/integration-test/target/test-classes/webapps/static,STOPPED}
2023-08-31 10:24:35,815 [JUnit] INFO  handler.ContextHandler (ContextHandler.java:doStop(1159)) - Stopped o.e.j.s.ServletContextHandler@525b5f28{logs,/logs,file:///home/runner/work/ozone/ozone/hadoop-ozone/integration-test/target/log,STOPPED}
2023-08-31 10:24:35,817 [JUnit] INFO  rocksdiff.RocksDBCheckpointDiffer (RocksDBCheckpointDiffer.java:close(340)) - Shutting down CompactionDagPruningService.
2023-08-31 10:24:35,821 [JUnit] INFO  snapshot.SnapshotDiffManager (SnapshotDiffManager.java:closeExecutorService(1720)) - Shutting down executorService: 'SnapDiffExecutor'
2023-08-31 10:24:35,821 [JUnit] INFO  snapshot.SnapshotDiffManager (SnapshotDiffManager.java:closeExecutorService(1720)) - Shutting down executorService: 'SstDumpToolExecutor'
2023-08-31 10:24:35,821 [JUnit] INFO  utils.BackgroundService (BackgroundService.java:shutdown(141)) - Shutting down service SnapshotDiffCleanupService
2023-08-31 10:24:35,822 [JUnit] INFO  ozone.MiniOzoneClusterImpl (MiniOzoneClusterImpl.java:stopDatanodes(528)) - Stopping the HddsDatanodes
2023-08-31 10:24:35,830 [ForkJoinPool.commonPool-worker-1] INFO  ozoneimpl.OzoneContainer (OzoneContainer.java:stop(451)) - Attempting to stop container services.
2023-08-31 10:24:35,830 [JUnit] INFO  ozoneimpl.OzoneContainer (OzoneContainer.java:stop(451)) - Attempting to stop container services.
2023-08-31 10:24:35,838 [JUnit] INFO  server.RaftServer (RaftServerProxy.java:lambda$close$6(416)) - d1449997-f54f-4a59-bd40-37f2c04f767d: close
2023-08-31 10:24:35,838 [ForkJoinPool.commonPool-worker-1] INFO  server.RaftServer (RaftServerProxy.java:lambda$close$6(416)) - faefdaa5-b95f-414d-83d1-b299fbae73bf: close
2023-08-31 10:24:35,839 [d1449997-f54f-4a59-bd40-37f2c04f767d-impl-thread1] INFO  server.RaftServer$Division (RaftServerImpl.java:lambda$close$4(466)) - d1449997-f54f-4a59-bd40-37f2c04f767d@group-F61243B0ED7E: shutdown
2023-08-31 10:24:35,840 [d1449997-f54f-4a59-bd40-37f2c04f767d-impl-thread2] INFO  server.RaftServer$Division (RaftServerImpl.java:lambda$close$4(466)) - d1449997-f54f-4a59-bd40-37f2c04f767d@group-C4528CA7DBFC: shutdown
2023-08-31 10:24:35,840 [d1449997-f54f-4a59-bd40-37f2c04f767d-impl-thread1] INFO  util.JmxRegister (JmxRegister.java:unregister(73)) - Successfully un-registered JMX Bean with object name Ratis:service=RaftServer,group=group-F61243B0ED7E,id=d1449997-f54f-4a59-bd40-37f2c04f767d
2023-08-31 10:24:35,840 [d1449997-f54f-4a59-bd40-37f2c04f767d-impl-thread2] INFO  util.JmxRegister (JmxRegister.java:unregister(73)) - Successfully un-registered JMX Bean with object name Ratis:service=RaftServer,group=group-C4528CA7DBFC,id=d1449997-f54f-4a59-bd40-37f2c04f767d
2023-08-31 10:24:35,840 [d1449997-f54f-4a59-bd40-37f2c04f767d-impl-thread1] INFO  impl.RoleInfo (RoleInfo.java:shutdownFollowerState(110)) - d1449997-f54f-4a59-bd40-37f2c04f767d: shutdown d1449997-f54f-4a59-bd40-37f2c04f767d@group-F61243B0ED7E-FollowerState
2023-08-31 10:24:35,840 [d1449997-f54f-4a59-bd40-37f2c04f767d-impl-thread2] INFO  impl.RoleInfo (RoleInfo.java:shutdownLeaderState(93)) - d1449997-f54f-4a59-bd40-37f2c04f767d: shutdown d1449997-f54f-4a59-bd40-37f2c04f767d@group-C4528CA7DBFC-LeaderStateImpl
2023-08-31 10:24:35,840 [d1449997-f54f-4a59-bd40-37f2c04f767d-impl-thread2] INFO  impl.PendingRequests (PendingRequests.java:sendNotLeaderResponses(289)) - d1449997-f54f-4a59-bd40-37f2c04f767d@group-C4528CA7DBFC-PendingRequests: sendNotLeaderResponses
2023-08-31 10:24:35,844 [d1449997-f54f-4a59-bd40-37f2c04f767d@group-F61243B0ED7E-FollowerState] INFO  impl.FollowerState (FollowerState.java:run(152)) - d1449997-f54f-4a59-bd40-37f2c04f767d@group-F61243B0ED7E-FollowerState was interrupted
2023-08-31 10:24:35,844 [d1449997-f54f-4a59-bd40-37f2c04f767d-impl-thread1] INFO  impl.StateMachineUpdater (StateMachineUpdater.java:stopAndJoin(155)) - d1449997-f54f-4a59-bd40-37f2c04f767d@group-F61243B0ED7E-StateMachineUpdater: set stopIndex = 0
2023-08-31 10:24:35,845 [faefdaa5-b95f-414d-83d1-b299fbae73bf-impl-thread1] INFO  server.RaftServer$Division (RaftServerImpl.java:lambda$close$4(466)) - faefdaa5-b95f-414d-83d1-b299fbae73bf@group-4072766C9A6D: shutdown
2023-08-31 10:24:35,845 [faefdaa5-b95f-414d-83d1-b299fbae73bf-impl-thread2] INFO  server.RaftServer$Division (RaftServerImpl.java:lambda$close$4(466)) - faefdaa5-b95f-414d-83d1-b299fbae73bf@group-F61243B0ED7E: shutdown
2023-08-31 10:24:35,845 [d1449997-f54f-4a59-bd40-37f2c04f767d-impl-thread3] INFO  server.RaftServer$Division (RaftServerImpl.java:lambda$close$4(466)) - d1449997-f54f-4a59-bd40-37f2c04f767d@group-C4FD867AAEB2: shutdown
2023-08-31 10:24:35,844 [JUnit] INFO  server.GrpcService (GrpcService.java:closeImpl(311)) - d1449997-f54f-4a59-bd40-37f2c04f767d: shutdown server org.apache.ratis.grpc.server.GrpcClientProtocolService now
2023-08-31 10:24:35,845 [ForkJoinPool.commonPool-worker-1] INFO  server.GrpcService (GrpcService.java:closeImpl(311)) - faefdaa5-b95f-414d-83d1-b299fbae73bf: shutdown server org.apache.ratis.grpc.server.GrpcClientProtocolService now
2023-08-31 10:24:35,852 [grpc-default-executor-1] WARN  server.GrpcClientProtocolService (LogUtils.java:warn(122)) - 4-OrderedRequestStreamObserver4: onError: org.apache.ratis.thirdparty.io.grpc.StatusRuntimeException: CANCELLED: client cancelled
2023-08-31 10:24:35,856 [grpc-default-executor-1] WARN  server.GrpcClientProtocolService (LogUtils.java:warn(122)) - 1-OrderedRequestStreamObserver1: onError: org.apache.ratis.thirdparty.io.grpc.StatusRuntimeException: CANCELLED: client cancelled
2023-08-31 10:24:35,857 [faefdaa5-b95f-414d-83d1-b299fbae73bf-impl-thread3] INFO  server.RaftServer$Division (RaftServerImpl.java:lambda$close$4(466)) - faefdaa5-b95f-414d-83d1-b299fbae73bf@group-C4FD867AAEB2: shutdown
2023-08-31 10:24:35,861 [Thread-527] INFO  server.GrpcServerProtocolClient (GrpcServerProtocolClient.java:close(103)) - 1e7dfa45-1203-43e6-a103-23c323d0a6d5 Close channels
2023-08-31 10:24:35,861 [Thread-528] INFO  server.GrpcServerProtocolClient (GrpcServerProtocolClient.java:close(103)) - faefdaa5-b95f-414d-83d1-b299fbae73bf Close channels
2023-08-31 10:24:35,856 [grpc-default-executor-2] WARN  server.GrpcClientProtocolService (LogUtils.java:warn(122)) - 2-OrderedRequestStreamObserver2: onError: org.apache.ratis.thirdparty.io.grpc.StatusRuntimeException: CANCELLED: client cancelled
2023-08-31 10:24:35,861 [Thread-530] INFO  server.GrpcServerProtocolClient (GrpcServerProtocolClient.java:close(103)) - 1e7dfa45-1203-43e6-a103-23c323d0a6d5 Close channels
2023-08-31 10:24:35,861 [Thread-532] INFO  server.GrpcServerProtocolClient (GrpcServerProtocolClient.java:close(103)) - d1449997-f54f-4a59-bd40-37f2c04f767d Close channels
2023-08-31 10:24:35,862 [grpc-default-executor-1] WARN  server.GrpcClientProtocolService (LogUtils.java:warn(122)) - 0-OrderedRequestStreamObserver0: onError: org.apache.ratis.thirdparty.io.grpc.StatusRuntimeException: CANCELLED: client cancelled
2023-08-31 10:24:35,863 [grpc-default-executor-4] WARN  server.GrpcClientProtocolService (LogUtils.java:warn(122)) - 2-OrderedRequestStreamObserver2: onError: org.apache.ratis.thirdparty.io.grpc.StatusRuntimeException: CANCELLED: client cancelled
2023-08-31 10:24:35,863 [faefdaa5-b95f-414d-83d1-b299fbae73bf-impl-thread1] INFO  util.JmxRegister (JmxRegister.java:unregister(73)) - Successfully un-registered JMX Bean with object name Ratis:service=RaftServer,group=group-4072766C9A6D,id=faefdaa5-b95f-414d-83d1-b299fbae73bf
2023-08-31 10:24:35,863 [faefdaa5-b95f-414d-83d1-b299fbae73bf-impl-thread1] INFO  impl.RoleInfo (RoleInfo.java:shutdownLeaderState(93)) - faefdaa5-b95f-414d-83d1-b299fbae73bf: shutdown faefdaa5-b95f-414d-83d1-b299fbae73bf@group-4072766C9A6D-LeaderStateImpl
2023-08-31 10:24:35,863 [faefdaa5-b95f-414d-83d1-b299fbae73bf-impl-thread1] INFO  impl.PendingRequests (PendingRequests.java:sendNotLeaderResponses(289)) - faefdaa5-b95f-414d-83d1-b299fbae73bf@group-4072766C9A6D-PendingRequests: sendNotLeaderResponses
2023-08-31 10:24:35,867 [d1449997-f54f-4a59-bd40-37f2c04f767d-impl-thread3] INFO  util.JmxRegister (JmxRegister.java:unregister(73)) - Successfully un-registered JMX Bean with object name Ratis:service=RaftServer,group=group-C4FD867AAEB2,id=d1449997-f54f-4a59-bd40-37f2c04f767d
2023-08-31 10:24:35,867 [d1449997-f54f-4a59-bd40-37f2c04f767d-impl-thread3] INFO  impl.RoleInfo (RoleInfo.java:shutdownLeaderState(93)) - d1449997-f54f-4a59-bd40-37f2c04f767d: shutdown d1449997-f54f-4a59-bd40-37f2c04f767d@group-C4FD867AAEB2-LeaderStateImpl
2023-08-31 10:24:35,867 [d1449997-f54f-4a59-bd40-37f2c04f767d-impl-thread3] INFO  impl.PendingRequests (PendingRequests.java:sendNotLeaderResponses(289)) - d1449997-f54f-4a59-bd40-37f2c04f767d@group-C4FD867AAEB2-PendingRequests: sendNotLeaderResponses
2023-08-31 10:24:35,868 [d1449997-f54f-4a59-bd40-37f2c04f767d@group-C4FD867AAEB2->1e7dfa45-1203-43e6-a103-23c323d0a6d5-GrpcLogAppender-LogAppenderDaemon] WARN  server.GrpcLogAppender (GrpcLogAppender.java:mayWait(199)) - d1449997-f54f-4a59-bd40-37f2c04f767d@group-C4FD867AAEB2->1e7dfa45-1203-43e6-a103-23c323d0a6d5-GrpcLogAppender: Wait interrupted by java.lang.InterruptedException
2023-08-31 10:24:35,869 [faefdaa5-b95f-414d-83d1-b299fbae73bf-impl-thread2] INFO  util.JmxRegister (JmxRegister.java:unregister(73)) - Successfully un-registered JMX Bean with object name Ratis:service=RaftServer,group=group-F61243B0ED7E,id=faefdaa5-b95f-414d-83d1-b299fbae73bf
2023-08-31 10:24:35,869 [faefdaa5-b95f-414d-83d1-b299fbae73bf-impl-thread2] INFO  impl.RoleInfo (RoleInfo.java:shutdownLeaderState(93)) - faefdaa5-b95f-414d-83d1-b299fbae73bf: shutdown faefdaa5-b95f-414d-83d1-b299fbae73bf@group-F61243B0ED7E-LeaderStateImpl
2023-08-31 10:24:35,869 [faefdaa5-b95f-414d-83d1-b299fbae73bf-impl-thread2] INFO  impl.PendingRequests (PendingRequests.java:sendNotLeaderResponses(289)) - faefdaa5-b95f-414d-83d1-b299fbae73bf@group-F61243B0ED7E-PendingRequests: sendNotLeaderResponses
2023-08-31 10:24:35,869 [grpc-default-executor-3] WARN  server.GrpcClientProtocolService (LogUtils.java:warn(122)) - 1-UnorderedRequestStreamObserver1: onError: org.apache.ratis.thirdparty.io.grpc.StatusRuntimeException: CANCELLED: client cancelled
2023-08-31 10:24:35,869 [faefdaa5-b95f-414d-83d1-b299fbae73bf-impl-thread3] INFO  util.JmxRegister (JmxRegister.java:unregister(73)) - Successfully un-registered JMX Bean with object name Ratis:service=RaftServer,group=group-C4FD867AAEB2,id=faefdaa5-b95f-414d-83d1-b299fbae73bf
2023-08-31 10:24:35,871 [faefdaa5-b95f-414d-83d1-b299fbae73bf-impl-thread3] INFO  impl.RoleInfo (RoleInfo.java:shutdownFollowerState(110)) - faefdaa5-b95f-414d-83d1-b299fbae73bf: shutdown faefdaa5-b95f-414d-83d1-b299fbae73bf@group-C4FD867AAEB2-FollowerState
2023-08-31 10:24:35,871 [faefdaa5-b95f-414d-83d1-b299fbae73bf-impl-thread3] INFO  impl.StateMachineUpdater (StateMachineUpdater.java:stopAndJoin(155)) - faefdaa5-b95f-414d-83d1-b299fbae73bf@group-C4FD867AAEB2-StateMachineUpdater: set stopIndex = 18
2023-08-31 10:24:35,871 [faefdaa5-b95f-414d-83d1-b299fbae73bf@group-C4FD867AAEB2-FollowerState] INFO  impl.FollowerState (FollowerState.java:run(152)) - faefdaa5-b95f-414d-83d1-b299fbae73bf@group-C4FD867AAEB2-FollowerState was interrupted
2023-08-31 10:24:35,869 [faefdaa5-b95f-414d-83d1-b299fbae73bf@group-F61243B0ED7E->d1449997-f54f-4a59-bd40-37f2c04f767d-GrpcLogAppender-LogAppenderDaemon] WARN  server.GrpcLogAppender (GrpcLogAppender.java:mayWait(199)) - faefdaa5-b95f-414d-83d1-b299fbae73bf@group-F61243B0ED7E->d1449997-f54f-4a59-bd40-37f2c04f767d-GrpcLogAppender: Wait interrupted by java.lang.InterruptedException
2023-08-31 10:24:35,869 [faefdaa5-b95f-414d-83d1-b299fbae73bf@group-F61243B0ED7E->1e7dfa45-1203-43e6-a103-23c323d0a6d5-GrpcLogAppender-LogAppenderDaemon] WARN  server.GrpcLogAppender (GrpcLogAppender.java:mayWait(199)) - faefdaa5-b95f-414d-83d1-b299fbae73bf@group-F61243B0ED7E->1e7dfa45-1203-43e6-a103-23c323d0a6d5-GrpcLogAppender: Wait interrupted by java.lang.InterruptedException
2023-08-31 10:24:35,877 [grpc-default-executor-4] WARN  server.GrpcClientProtocolService (LogUtils.java:warn(122)) - 3-OrderedRequestStreamObserver3: onError: org.apache.ratis.thirdparty.io.grpc.StatusRuntimeException: CANCELLED: client cancelled
2023-08-31 10:24:35,869 [d1449997-f54f-4a59-bd40-37f2c04f767d@group-C4FD867AAEB2->faefdaa5-b95f-414d-83d1-b299fbae73bf-GrpcLogAppender-LogAppenderDaemon] WARN  server.GrpcLogAppender (GrpcLogAppender.java:mayWait(199)) - d1449997-f54f-4a59-bd40-37f2c04f767d@group-C4FD867AAEB2->faefdaa5-b95f-414d-83d1-b299fbae73bf-GrpcLogAppender: Wait interrupted by java.lang.InterruptedException
2023-08-31 10:24:35,876 [d1449997-f54f-4a59-bd40-37f2c04f767d@group-F61243B0ED7E-StateMachineUpdater] INFO  ratis.ContainerStateMachine (ContainerStateMachine.java:takeSnapshot(330)) - group-F61243B0ED7E: Taking a snapshot at:(t:1, i:0) file /home/runner/work/ozone/ozone/hadoop-ozone/integration-test/target/test-dir/MiniOzoneClusterImpl-40ccb4ce-9e5f-48d9-b45c-9251314ec7cc/datanode-2/data/ratis/9812e624-c75b-4104-b510-f61243b0ed7e/sm/snapshot.1_0
2023-08-31 10:24:35,876 [grpc-default-executor-1] INFO  server.GrpcServerProtocolService (GrpcServerProtocolService.java:onCompleted(155)) - 1e7dfa45-1203-43e6-a103-23c323d0a6d5: Completed APPEND_ENTRIES, lastRequest: null
2023-08-31 10:24:35,879 [grpc-default-executor-1] INFO  server.GrpcServerProtocolService (GrpcServerProtocolService.java:lambda$onCompleted$5(157)) - 1e7dfa45-1203-43e6-a103-23c323d0a6d5: Completed APPEND_ENTRIES, lastReply: serverReply {
  requestorId: "d1449997-f54f-4a59-bd40-37f2c04f767d"
  replyId: "1e7dfa45-1203-43e6-a103-23c323d0a6d5"
  raftGroupId {
    id: "\360\314\320\367\304{Fd\246\335\304\375\206z\256\262"
  }
  callId: 38
  success: true
}
term: 1
nextIndex: 19
followerCommit: 18
matchIndex: 18446744073709551615
isHearbeat: true

2023-08-31 10:24:35,880 [grpc-default-executor-0] WARN  server.GrpcClientProtocolService (LogUtils.java:warn(122)) - 3-OrderedRequestStreamObserver3: onError: org.apache.ratis.thirdparty.io.grpc.StatusRuntimeException: CANCELLED: client cancelled
2023-08-31 10:24:35,887 [faefdaa5-b95f-414d-83d1-b299fbae73bf@group-C4FD867AAEB2-StateMachineUpdater] INFO  ratis.ContainerStateMachine (ContainerStateMachine.java:takeSnapshot(330)) - group-C4FD867AAEB2: Taking a snapshot at:(t:1, i:18) file /home/runner/work/ozone/ozone/hadoop-ozone/integration-test/target/test-dir/MiniOzoneClusterImpl-40ccb4ce-9e5f-48d9-b45c-9251314ec7cc/datanode-1/data/ratis/f0ccd0f7-c47b-4664-a6dd-c4fd867aaeb2/sm/snapshot.1_18
2023-08-31 10:24:35,889 [d1449997-f54f-4a59-bd40-37f2c04f767d-impl-thread3] INFO  impl.StateMachineUpdater (StateMachineUpdater.java:stopAndJoin(155)) - d1449997-f54f-4a59-bd40-37f2c04f767d@group-C4FD867AAEB2-StateMachineUpdater: set stopIndex = 18
2023-08-31 10:24:35,889 [faefdaa5-b95f-414d-83d1-b299fbae73bf-impl-thread2] INFO  impl.StateMachineUpdater (StateMachineUpdater.java:stopAndJoin(155)) - faefdaa5-b95f-414d-83d1-b299fbae73bf@group-F61243B0ED7E-StateMachineUpdater: set stopIndex = 0
2023-08-31 10:24:35,889 [d1449997-f54f-4a59-bd40-37f2c04f767d-impl-thread2] INFO  impl.StateMachineUpdater (StateMachineUpdater.java:stopAndJoin(155)) - d1449997-f54f-4a59-bd40-37f2c04f767d@group-C4528CA7DBFC-StateMachineUpdater: set stopIndex = 7
2023-08-31 10:24:35,889 [faefdaa5-b95f-414d-83d1-b299fbae73bf-impl-thread1] INFO  impl.StateMachineUpdater (StateMachineUpdater.java:stopAndJoin(155)) - faefdaa5-b95f-414d-83d1-b299fbae73bf@group-4072766C9A6D-StateMachineUpdater: set stopIndex = 13
2023-08-31 10:24:35,889 [d1449997-f54f-4a59-bd40-37f2c04f767d@group-C4FD867AAEB2-StateMachineUpdater] INFO  ratis.ContainerStateMachine (ContainerStateMachine.java:takeSnapshot(330)) - group-C4FD867AAEB2: Taking a snapshot at:(t:1, i:18) file /home/runner/work/ozone/ozone/hadoop-ozone/integration-test/target/test-dir/MiniOzoneClusterImpl-40ccb4ce-9e5f-48d9-b45c-9251314ec7cc/datanode-2/data/ratis/f0ccd0f7-c47b-4664-a6dd-c4fd867aaeb2/sm/snapshot.1_18
2023-08-31 10:24:35,889 [faefdaa5-b95f-414d-83d1-b299fbae73bf@group-F61243B0ED7E-StateMachineUpdater] INFO  ratis.ContainerStateMachine (ContainerStateMachine.java:takeSnapshot(330)) - group-F61243B0ED7E: Taking a snapshot at:(t:1, i:0) file /home/runner/work/ozone/ozone/hadoop-ozone/integration-test/target/test-dir/MiniOzoneClusterImpl-40ccb4ce-9e5f-48d9-b45c-9251314ec7cc/datanode-1/data/ratis/9812e624-c75b-4104-b510-f61243b0ed7e/sm/snapshot.1_0
2023-08-31 10:24:35,890 [d1449997-f54f-4a59-bd40-37f2c04f767d@group-C4528CA7DBFC-StateMachineUpdater] INFO  ratis.ContainerStateMachine (ContainerStateMachine.java:takeSnapshot(330)) - group-C4528CA7DBFC: Taking a snapshot at:(t:1, i:7) file /home/runner/work/ozone/ozone/hadoop-ozone/integration-test/target/test-dir/MiniOzoneClusterImpl-40ccb4ce-9e5f-48d9-b45c-9251314ec7cc/datanode-2/data/ratis/41cb957b-1920-4244-8078-c4528ca7dbfc/sm/snapshot.1_7
2023-08-31 10:24:35,890 [faefdaa5-b95f-414d-83d1-b299fbae73bf@group-4072766C9A6D-StateMachineUpdater] INFO  ratis.ContainerStateMachine (ContainerStateMachine.java:takeSnapshot(330)) - group-4072766C9A6D: Taking a snapshot at:(t:1, i:13) file /home/runner/work/ozone/ozone/hadoop-ozone/integration-test/target/test-dir/MiniOzoneClusterImpl-40ccb4ce-9e5f-48d9-b45c-9251314ec7cc/datanode-1/data/ratis/ceb4425b-8dd4-480b-acc6-4072766c9a6d/sm/snapshot.1_13
2023-08-31 10:24:35,890 [grpc-default-executor-5] INFO  server.GrpcServerProtocolService (GrpcServerProtocolService.java:onCompleted(155)) - faefdaa5-b95f-414d-83d1-b299fbae73bf: Completed APPEND_ENTRIES, lastRequest: d1449997-f54f-4a59-bd40-37f2c04f767d->faefdaa5-b95f-414d-83d1-b299fbae73bf#34-t1,previous=(t:1, i:17),leaderCommit=17,initializing? true,entries: size=1, first=(t:1, i:18), METADATAENTRY(c:17)
2023-08-31 10:24:35,896 [grpc-default-executor-5] INFO  server.GrpcServerProtocolService (GrpcServerProtocolService.java:lambda$onCompleted$5(157)) - faefdaa5-b95f-414d-83d1-b299fbae73bf: Completed APPEND_ENTRIES, lastReply: null
2023-08-31 10:24:35,898 [grpc-default-executor-2] WARN  server.GrpcClientProtocolService (LogUtils.java:warn(122)) - 0-OrderedRequestStreamObserver0: onError: org.apache.ratis.thirdparty.io.grpc.StatusRuntimeException: CANCELLED: client cancelled
2023-08-31 10:24:35,899 [d1449997-f54f-4a59-bd40-37f2c04f767d@group-F61243B0ED7E-StateMachineUpdater] INFO  ratis.ContainerStateMachine (ContainerStateMachine.java:takeSnapshot(341)) - group-F61243B0ED7E: Finished taking a snapshot at:(t:1, i:0) file:/home/runner/work/ozone/ozone/hadoop-ozone/integration-test/target/test-dir/MiniOzoneClusterImpl-40ccb4ce-9e5f-48d9-b45c-9251314ec7cc/datanode-2/data/ratis/9812e624-c75b-4104-b510-f61243b0ed7e/sm/snapshot.1_0 took: 23 ms
2023-08-31 10:24:35,900 [d1449997-f54f-4a59-bd40-37f2c04f767d@group-F61243B0ED7E-StateMachineUpdater] INFO  impl.StateMachineUpdater (StateMachineUpdater.java:takeSnapshot(291)) - d1449997-f54f-4a59-bd40-37f2c04f767d@group-F61243B0ED7E-StateMachineUpdater: Took a snapshot at index 0
2023-08-31 10:24:35,900 [faefdaa5-b95f-414d-83d1-b299fbae73bf@group-F61243B0ED7E-StateMachineUpdater] INFO  ratis.ContainerStateMachine (ContainerStateMachine.java:takeSnapshot(341)) - group-F61243B0ED7E: Finished taking a snapshot at:(t:1, i:0) file:/home/runner/work/ozone/ozone/hadoop-ozone/integration-test/target/test-dir/MiniOzoneClusterImpl-40ccb4ce-9e5f-48d9-b45c-9251314ec7cc/datanode-1/data/ratis/9812e624-c75b-4104-b510-f61243b0ed7e/sm/snapshot.1_0 took: 11 ms
2023-08-31 10:24:35,901 [faefdaa5-b95f-414d-83d1-b299fbae73bf@group-F61243B0ED7E-StateMachineUpdater] INFO  impl.StateMachineUpdater (StateMachineUpdater.java:takeSnapshot(291)) - faefdaa5-b95f-414d-83d1-b299fbae73bf@group-F61243B0ED7E-StateMachineUpdater: Took a snapshot at index 0
2023-08-31 10:24:35,901 [faefdaa5-b95f-414d-83d1-b299fbae73bf@group-F61243B0ED7E-StateMachineUpdater] INFO  impl.StateMachineUpdater (StateMachineUpdater.java:lambda$new$0(97)) - faefdaa5-b95f-414d-83d1-b299fbae73bf@group-F61243B0ED7E-StateMachineUpdater: snapshotIndex: updateIncreasingly -1 -> 0
2023-08-31 10:24:35,901 [d1449997-f54f-4a59-bd40-37f2c04f767d@group-C4528CA7DBFC-StateMachineUpdater] INFO  ratis.ContainerStateMachine (ContainerStateMachine.java:takeSnapshot(341)) - group-C4528CA7DBFC: Finished taking a snapshot at:(t:1, i:7) file:/home/runner/work/ozone/ozone/hadoop-ozone/integration-test/target/test-dir/MiniOzoneClusterImpl-40ccb4ce-9e5f-48d9-b45c-9251314ec7cc/datanode-2/data/ratis/41cb957b-1920-4244-8078-c4528ca7dbfc/sm/snapshot.1_7 took: 12 ms
2023-08-31 10:24:35,901 [d1449997-f54f-4a59-bd40-37f2c04f767d@group-C4528CA7DBFC-StateMachineUpdater] INFO  impl.StateMachineUpdater (StateMachineUpdater.java:takeSnapshot(291)) - d1449997-f54f-4a59-bd40-37f2c04f767d@group-C4528CA7DBFC-StateMachineUpdater: Took a snapshot at index 7
2023-08-31 10:24:35,901 [grpc-default-executor-0] INFO  server.GrpcServerProtocolService (GrpcServerProtocolService.java:onCompleted(155)) - faefdaa5-b95f-414d-83d1-b299fbae73bf: Completed APPEND_ENTRIES, lastRequest: null
2023-08-31 10:24:35,901 [faefdaa5-b95f-414d-83d1-b299fbae73bf@group-4072766C9A6D-StateMachineUpdater] INFO  ratis.ContainerStateMachine (ContainerStateMachine.java:takeSnapshot(341)) - group-4072766C9A6D: Finished taking a snapshot at:(t:1, i:13) file:/home/runner/work/ozone/ozone/hadoop-ozone/integration-test/target/test-dir/MiniOzoneClusterImpl-40ccb4ce-9e5f-48d9-b45c-9251314ec7cc/datanode-1/data/ratis/ceb4425b-8dd4-480b-acc6-4072766c9a6d/sm/snapshot.1_13 took: 12 ms
2023-08-31 10:24:35,902 [faefdaa5-b95f-414d-83d1-b299fbae73bf@group-4072766C9A6D-StateMachineUpdater] INFO  impl.StateMachineUpdater (StateMachineUpdater.java:takeSnapshot(291)) - faefdaa5-b95f-414d-83d1-b299fbae73bf@group-4072766C9A6D-StateMachineUpdater: Took a snapshot at index 13
2023-08-31 10:24:35,902 [faefdaa5-b95f-414d-83d1-b299fbae73bf@group-4072766C9A6D-StateMachineUpdater] INFO  impl.StateMachineUpdater (StateMachineUpdater.java:lambda$new$0(97)) - faefdaa5-b95f-414d-83d1-b299fbae73bf@group-4072766C9A6D-StateMachineUpdater: snapshotIndex: updateIncreasingly -1 -> 13
2023-08-31 10:24:35,902 [grpc-default-executor-0] INFO  server.GrpcServerProtocolService (GrpcServerProtocolService.java:lambda$onCompleted$5(157)) - faefdaa5-b95f-414d-83d1-b299fbae73bf: Completed APPEND_ENTRIES, lastReply: serverReply {
  requestorId: "d1449997-f54f-4a59-bd40-37f2c04f767d"
  replyId: "faefdaa5-b95f-414d-83d1-b299fbae73bf"
  raftGroupId {
    id: "\360\314\320\367\304{Fd\246\335\304\375\206z\256\262"
  }
  callId: 37
  success: true
}
term: 1
nextIndex: 19
followerCommit: 18
matchIndex: 18446744073709551615
isHearbeat: true

2023-08-31 10:24:35,902 [grpc-default-executor-4] INFO  server.GrpcServerProtocolService (GrpcServerProtocolService.java:onCompleted(155)) - 1e7dfa45-1203-43e6-a103-23c323d0a6d5: Completed APPEND_ENTRIES, lastRequest: null
2023-08-31 10:24:35,902 [grpc-default-executor-4] INFO  server.GrpcServerProtocolService (GrpcServerProtocolService.java:lambda$onCompleted$5(157)) - 1e7dfa45-1203-43e6-a103-23c323d0a6d5: Completed APPEND_ENTRIES, lastReply: serverReply {
  requestorId: "faefdaa5-b95f-414d-83d1-b299fbae73bf"
  replyId: "1e7dfa45-1203-43e6-a103-23c323d0a6d5"
  raftGroupId {
    id: "\230\022\346$\307[A\004\265\020\366\022C\260\355~"
  }
  callId: 6
  success: true
}
term: 1
nextIndex: 1
matchIndex: 18446744073709551615
isHearbeat: true

2023-08-31 10:24:35,902 [grpc-default-executor-1] INFO  server.GrpcServerProtocolService (GrpcServerProtocolService.java:onCompleted(155)) - d1449997-f54f-4a59-bd40-37f2c04f767d: Completed APPEND_ENTRIES, lastRequest: null
2023-08-31 10:24:35,902 [grpc-default-executor-1] INFO  server.GrpcServerProtocolService (GrpcServerProtocolService.java:lambda$onCompleted$5(157)) - d1449997-f54f-4a59-bd40-37f2c04f767d: Completed APPEND_ENTRIES, lastReply: serverReply {
  requestorId: "faefdaa5-b95f-414d-83d1-b299fbae73bf"
  replyId: "d1449997-f54f-4a59-bd40-37f2c04f767d"
  raftGroupId {
    id: "\230\022\346$\307[A\004\265\020\366\022C\260\355~"
  }
  callId: 6
  success: true
}
term: 1
nextIndex: 1
matchIndex: 18446744073709551615
isHearbeat: true

2023-08-31 10:24:35,902 [faefdaa5-b95f-414d-83d1-b299fbae73bf@group-C4FD867AAEB2-StateMachineUpdater] INFO  ratis.ContainerStateMachine (ContainerStateMachine.java:takeSnapshot(341)) - group-C4FD867AAEB2: Finished taking a snapshot at:(t:1, i:18) file:/home/runner/work/ozone/ozone/hadoop-ozone/integration-test/target/test-dir/MiniOzoneClusterImpl-40ccb4ce-9e5f-48d9-b45c-9251314ec7cc/datanode-1/data/ratis/f0ccd0f7-c47b-4664-a6dd-c4fd867aaeb2/sm/snapshot.1_18 took: 15 ms
2023-08-31 10:24:35,902 [grpc-default-executor-3] INFO  server.GrpcLogAppender (GrpcLogAppender.java:onCompleted(428)) - d1449997-f54f-4a59-bd40-37f2c04f767d@group-C4FD867AAEB2->1e7dfa45-1203-43e6-a103-23c323d0a6d5-AppendLogResponseHandler: follower responses appendEntries COMPLETED
2023-08-31 10:24:35,902 [faefdaa5-b95f-414d-83d1-b299fbae73bf@group-C4FD867AAEB2-StateMachineUpdater] INFO  impl.StateMachineUpdater (StateMachineUpdater.java:takeSnapshot(291)) - faefdaa5-b95f-414d-83d1-b299fbae73bf@group-C4FD867AAEB2-StateMachineUpdater: Took a snapshot at index 18
2023-08-31 10:24:35,902 [faefdaa5-b95f-414d-83d1-b299fbae73bf@group-C4FD867AAEB2-StateMachineUpdater] INFO  impl.StateMachineUpdater (StateMachineUpdater.java:lambda$new$0(97)) - faefdaa5-b95f-414d-83d1-b299fbae73bf@group-C4FD867AAEB2-StateMachineUpdater: snapshotIndex: updateIncreasingly -1 -> 18
2023-08-31 10:24:35,900 [d1449997-f54f-4a59-bd40-37f2c04f767d@group-F61243B0ED7E-StateMachineUpdater] INFO  impl.StateMachineUpdater (StateMachineUpdater.java:lambda$new$0(97)) - d1449997-f54f-4a59-bd40-37f2c04f767d@group-F61243B0ED7E-StateMachineUpdater: snapshotIndex: updateIncreasingly -1 -> 0
2023-08-31 10:24:35,903 [d1449997-f54f-4a59-bd40-37f2c04f767d@group-C4FD867AAEB2-StateMachineUpdater] INFO  ratis.ContainerStateMachine (ContainerStateMachine.java:takeSnapshot(341)) - group-C4FD867AAEB2: Finished taking a snapshot at:(t:1, i:18) file:/home/runner/work/ozone/ozone/hadoop-ozone/integration-test/target/test-dir/MiniOzoneClusterImpl-40ccb4ce-9e5f-48d9-b45c-9251314ec7cc/datanode-2/data/ratis/f0ccd0f7-c47b-4664-a6dd-c4fd867aaeb2/sm/snapshot.1_18 took: 13 ms
2023-08-31 10:24:35,901 [d1449997-f54f-4a59-bd40-37f2c04f767d@group-C4528CA7DBFC-StateMachineUpdater] INFO  impl.StateMachineUpdater (StateMachineUpdater.java:lambda$new$0(97)) - d1449997-f54f-4a59-bd40-37f2c04f767d@group-C4528CA7DBFC-StateMachineUpdater: snapshotIndex: updateIncreasingly -1 -> 7
2023-08-31 10:24:35,903 [d1449997-f54f-4a59-bd40-37f2c04f767d@group-C4FD867AAEB2-StateMachineUpdater] INFO  impl.StateMachineUpdater (StateMachineUpdater.java:takeSnapshot(291)) - d1449997-f54f-4a59-bd40-37f2c04f767d@group-C4FD867AAEB2-StateMachineUpdater: Took a snapshot at index 18
2023-08-31 10:24:35,903 [d1449997-f54f-4a59-bd40-37f2c04f767d@group-C4FD867AAEB2-StateMachineUpdater] INFO  impl.StateMachineUpdater (StateMachineUpdater.java:lambda$new$0(97)) - d1449997-f54f-4a59-bd40-37f2c04f767d@group-C4FD867AAEB2-StateMachineUpdater: snapshotIndex: updateIncreasingly -1 -> 18
2023-08-31 10:24:35,908 [faefdaa5-b95f-414d-83d1-b299fbae73bf-impl-thread3] INFO  server.RaftServer$Division (ServerState.java:close(472)) - faefdaa5-b95f-414d-83d1-b299fbae73bf@group-C4FD867AAEB2: closes. applyIndex: 18
2023-08-31 10:24:35,908 [grpc-default-executor-1] INFO  server.GrpcServerProtocolService (GrpcServerProtocolService.java:onCompleted(155)) - d1449997-f54f-4a59-bd40-37f2c04f767d: Completed APPEND_ENTRIES, lastRequest: faefdaa5-b95f-414d-83d1-b299fbae73bf->d1449997-f54f-4a59-bd40-37f2c04f767d#1-t1,previous=(t:0, i:0),leaderCommit=-1,initializing? true,entries: size=1, first=(t:1, i:0), CONFIGURATIONENTRY(current:id: "1e7dfa45-1203-43e6-a103-23c323d0a6d5"
address: "10.1.0.16:15014"
dataStreamAddress: "10.1.0.16:15015"
clientAddress: "10.1.0.16:15012"
adminAddress: "10.1.0.16:15013"
startupRole: FOLLOWER
,id: "faefdaa5-b95f-414d-83d1-b299fbae73bf"
address: "10.1.0.16:15023"
priority: 1
dataStreamAddress: "10.1.0.16:15024"
clientAddress: "10.1.0.16:15021"
adminAddress: "10.1.0.16:15022"
startupRole: FOLLOWER
,id: "d1449997-f54f-4a59-bd40-37f2c04f767d"
address: "10.1.0.16:15032"
dataStreamAddress: "10.1.0.16:15033"
clientAddress: "10.1.0.16:15030"
adminAddress: "10.1.0.16:15031"
startupRole: FOLLOWER
, old:)
2023-08-31 10:24:35,908 [grpc-default-executor-1] INFO  server.GrpcServerProtocolService (GrpcServerProtocolService.java:lambda$onCompleted$5(157)) - d1449997-f54f-4a59-bd40-37f2c04f767d: Completed APPEND_ENTRIES, lastReply: null
2023-08-31 10:24:35,908 [faefdaa5-b95f-414d-83d1-b299fbae73bf-impl-thread2] INFO  server.RaftServer$Division (ServerState.java:close(472)) - faefdaa5-b95f-414d-83d1-b299fbae73bf@group-F61243B0ED7E: closes. applyIndex: 0
2023-08-31 10:24:35,908 [grpc-default-executor-4] INFO  server.GrpcServerProtocolService (GrpcServerProtocolService.java:onCompleted(155)) - 1e7dfa45-1203-43e6-a103-23c323d0a6d5: Completed APPEND_ENTRIES, lastRequest: d1449997-f54f-4a59-bd40-37f2c04f767d->1e7dfa45-1203-43e6-a103-23c323d0a6d5#34-t1,previous=(t:1, i:17),leaderCommit=17,initializing? true,entries: size=1, first=(t:1, i:18), METADATAENTRY(c:17)
2023-08-31 10:24:35,909 [grpc-default-executor-4] INFO  server.GrpcServerProtocolService (GrpcServerProtocolService.java:lambda$onCompleted$5(157)) - 1e7dfa45-1203-43e6-a103-23c323d0a6d5: Completed APPEND_ENTRIES, lastReply: null
2023-08-31 10:24:35,909 [d1449997-f54f-4a59-bd40-37f2c04f767d-impl-thread1] INFO  server.RaftServer$Division (ServerState.java:close(472)) - d1449997-f54f-4a59-bd40-37f2c04f767d@group-F61243B0ED7E: closes. applyIndex: 0
2023-08-31 10:24:35,910 [ForkJoinPool.commonPool-worker-0] INFO  ozoneimpl.OzoneContainer (OzoneContainer.java:stop(451)) - Attempting to stop container services.
2023-08-31 10:24:35,911 [grpc-default-executor-3] WARN  server.GrpcLogAppender (GrpcLogAppender.java:resetClient(137)) - d1449997-f54f-4a59-bd40-37f2c04f767d@group-C4FD867AAEB2->1e7dfa45-1203-43e6-a103-23c323d0a6d5-GrpcLogAppender: Failed to getClient for 1e7dfa45-1203-43e6-a103-23c323d0a6d5
org.apache.ratis.protocol.exceptions.AlreadyClosedException: d1449997-f54f-4a59-bd40-37f2c04f767d is already CLOSED
	at org.apache.ratis.util.PeerProxyMap$PeerAndProxy.getProxy(PeerProxyMap.java:61)
	at org.apache.ratis.util.PeerProxyMap.getProxy(PeerProxyMap.java:115)
	at org.apache.ratis.grpc.server.GrpcLogAppender.getClient(GrpcLogAppender.java:112)
	at org.apache.ratis.grpc.server.GrpcLogAppender.resetClient(GrpcLogAppender.java:117)
	at org.apache.ratis.grpc.server.GrpcLogAppender.access$500(GrpcLogAppender.java:56)
	at org.apache.ratis.grpc.server.GrpcLogAppender$AppendLogResponseHandler.onCompleted(GrpcLogAppender.java:429)
	at org.apache.ratis.thirdparty.io.grpc.stub.ClientCalls$StreamObserverToCallListenerAdapter.onClose(ClientCalls.java:485)
	at org.apache.ratis.thirdparty.io.grpc.internal.ClientCallImpl.closeObserver(ClientCallImpl.java:563)
	at org.apache.ratis.thirdparty.io.grpc.internal.ClientCallImpl.access$300(ClientCallImpl.java:70)
	at org.apache.ratis.thirdparty.io.grpc.internal.ClientCallImpl$ClientStreamListenerImpl$1StreamClosed.runInternal(ClientCallImpl.java:744)
	at org.apache.ratis.thirdparty.io.grpc.internal.ClientCallImpl$ClientStreamListenerImpl$1StreamClosed.runInContext(ClientCallImpl.java:723)
	at org.apache.ratis.thirdparty.io.grpc.internal.ContextRunnable.run(ContextRunnable.java:37)
	at org.apache.ratis.thirdparty.io.grpc.internal.SerializingExecutor.run(SerializingExecutor.java:133)
	at java.util.concurrent.ThreadPoolExecutor.runWorker(ThreadPoolExecutor.java:1149)
	at java.util.concurrent.ThreadPoolExecutor$Worker.run(ThreadPoolExecutor.java:624)
	at java.lang.Thread.run(Thread.java:750)
2023-08-31 10:24:35,911 [grpc-default-executor-6] INFO  server.GrpcServerProtocolService (GrpcServerProtocolService.java:onCompleted(155)) - 1e7dfa45-1203-43e6-a103-23c323d0a6d5: Completed APPEND_ENTRIES, lastRequest: faefdaa5-b95f-414d-83d1-b299fbae73bf->1e7dfa45-1203-43e6-a103-23c323d0a6d5#1-t1,previous=(t:0, i:0),leaderCommit=-1,initializing? true,entries: size=1, first=(t:1, i:0), CONFIGURATIONENTRY(current:id: "1e7dfa45-1203-43e6-a103-23c323d0a6d5"
address: "10.1.0.16:15014"
dataStreamAddress: "10.1.0.16:15015"
clientAddress: "10.1.0.16:15012"
adminAddress: "10.1.0.16:15013"
startupRole: FOLLOWER
,id: "faefdaa5-b95f-414d-83d1-b299fbae73bf"
address: "10.1.0.16:15023"
priority: 1
dataStreamAddress: "10.1.0.16:15024"
clientAddress: "10.1.0.16:15021"
adminAddress: "10.1.0.16:15022"
startupRole: FOLLOWER
,id: "d1449997-f54f-4a59-bd40-37f2c04f767d"
address: "10.1.0.16:15032"
dataStreamAddress: "10.1.0.16:15033"
clientAddress: "10.1.0.16:15030"
adminAddress: "10.1.0.16:15031"
startupRole: FOLLOWER
, old:)
2023-08-31 10:24:35,912 [grpc-default-executor-6] INFO  server.GrpcServerProtocolService (GrpcServerProtocolService.java:lambda$onCompleted$5(157)) - 1e7dfa45-1203-43e6-a103-23c323d0a6d5: Completed APPEND_ENTRIES, lastReply: null
2023-08-31 10:24:35,913 [grpc-default-executor-3] INFO  server.GrpcLogAppender (GrpcLogAppender.java:onCompleted(428)) - faefdaa5-b95f-414d-83d1-b299fbae73bf@group-F61243B0ED7E->1e7dfa45-1203-43e6-a103-23c323d0a6d5-AppendLogResponseHandler: follower responses appendEntries COMPLETED
2023-08-31 10:24:35,913 [grpc-default-executor-3] WARN  server.GrpcLogAppender (GrpcLogAppender.java:resetClient(137)) - faefdaa5-b95f-414d-83d1-b299fbae73bf@group-F61243B0ED7E->1e7dfa45-1203-43e6-a103-23c323d0a6d5-GrpcLogAppender: Failed to getClient for 1e7dfa45-1203-43e6-a103-23c323d0a6d5
org.apache.ratis.protocol.exceptions.AlreadyClosedException: faefdaa5-b95f-414d-83d1-b299fbae73bf is already CLOSED
	at org.apache.ratis.util.PeerProxyMap$PeerAndProxy.getProxy(PeerProxyMap.java:61)
	at org.apache.ratis.util.PeerProxyMap.getProxy(PeerProxyMap.java:115)
	at org.apache.ratis.grpc.server.GrpcLogAppender.getClient(GrpcLogAppender.java:112)
	at org.apache.ratis.grpc.server.GrpcLogAppender.resetClient(GrpcLogAppender.java:117)
	at org.apache.ratis.grpc.server.GrpcLogAppender.access$500(GrpcLogAppender.java:56)
	at org.apache.ratis.grpc.server.GrpcLogAppender$AppendLogResponseHandler.onCompleted(GrpcLogAppender.java:429)
	at org.apache.ratis.thirdparty.io.grpc.stub.ClientCalls$StreamObserverToCallListenerAdapter.onClose(ClientCalls.java:485)
	at org.apache.ratis.thirdparty.io.grpc.internal.ClientCallImpl.closeObserver(ClientCallImpl.java:563)
	at org.apache.ratis.thirdparty.io.grpc.internal.ClientCallImpl.access$300(ClientCallImpl.java:70)
	at org.apache.ratis.thirdparty.io.grpc.internal.ClientCallImpl$ClientStreamListenerImpl$1StreamClosed.runInternal(ClientCallImpl.java:744)
	at org.apache.ratis.thirdparty.io.grpc.internal.ClientCallImpl$ClientStreamListenerImpl$1StreamClosed.runInContext(ClientCallImpl.java:723)
	at org.apache.ratis.thirdparty.io.grpc.internal.ContextRunnable.run(ContextRunnable.java:37)
	at org.apache.ratis.thirdparty.io.grpc.internal.SerializingExecutor.run(SerializingExecutor.java:133)
	at java.util.concurrent.ThreadPoolExecutor.runWorker(ThreadPoolExecutor.java:1149)
	at java.util.concurrent.ThreadPoolExecutor$Worker.run(ThreadPoolExecutor.java:624)
	at java.lang.Thread.run(Thread.java:750)
2023-08-31 10:24:35,913 [grpc-default-executor-5] INFO  server.GrpcLogAppender (GrpcLogAppender.java:onCompleted(428)) - faefdaa5-b95f-414d-83d1-b299fbae73bf@group-F61243B0ED7E->d1449997-f54f-4a59-bd40-37f2c04f767d-AppendLogResponseHandler: follower responses appendEntries COMPLETED
2023-08-31 10:24:35,913 [grpc-default-executor-5] WARN  server.GrpcLogAppender (GrpcLogAppender.java:resetClient(137)) - faefdaa5-b95f-414d-83d1-b299fbae73bf@group-F61243B0ED7E->d1449997-f54f-4a59-bd40-37f2c04f767d-GrpcLogAppender: Failed to getClient for d1449997-f54f-4a59-bd40-37f2c04f767d
org.apache.ratis.protocol.exceptions.AlreadyClosedException: faefdaa5-b95f-414d-83d1-b299fbae73bf is already CLOSED
	at org.apache.ratis.util.PeerProxyMap$PeerAndProxy.getProxy(PeerProxyMap.java:61)
	at org.apache.ratis.util.PeerProxyMap.getProxy(PeerProxyMap.java:115)
	at org.apache.ratis.grpc.server.GrpcLogAppender.getClient(GrpcLogAppender.java:112)
	at org.apache.ratis.grpc.server.GrpcLogAppender.resetClient(GrpcLogAppender.java:117)
	at org.apache.ratis.grpc.server.GrpcLogAppender.access$500(GrpcLogAppender.java:56)
	at org.apache.ratis.grpc.server.GrpcLogAppender$AppendLogResponseHandler.onCompleted(GrpcLogAppender.java:429)
	at org.apache.ratis.thirdparty.io.grpc.stub.ClientCalls$StreamObserverToCallListenerAdapter.onClose(ClientCalls.java:485)
	at org.apache.ratis.thirdparty.io.grpc.internal.ClientCallImpl.closeObserver(ClientCallImpl.java:563)
	at org.apache.ratis.thirdparty.io.grpc.internal.ClientCallImpl.access$300(ClientCallImpl.java:70)
	at org.apache.ratis.thirdparty.io.grpc.internal.ClientCallImpl$ClientStreamListenerImpl$1StreamClosed.runInternal(ClientCallImpl.java:744)
	at org.apache.ratis.thirdparty.io.grpc.internal.ClientCallImpl$ClientStreamListenerImpl$1StreamClosed.runInContext(ClientCallImpl.java:723)
	at org.apache.ratis.thirdparty.io.grpc.internal.ContextRunnable.run(ContextRunnable.java:37)
	at org.apache.ratis.thirdparty.io.grpc.internal.SerializingExecutor.run(SerializingExecutor.java:133)
	at java.util.concurrent.ThreadPoolExecutor.runWorker(ThreadPoolExecutor.java:1149)
	at java.util.concurrent.ThreadPoolExecutor$Worker.run(ThreadPoolExecutor.java:624)
	at java.lang.Thread.run(Thread.java:750)
2023-08-31 10:24:35,915 [d1449997-f54f-4a59-bd40-37f2c04f767d-impl-thread2] INFO  server.RaftServer$Division (ServerState.java:close(472)) - d1449997-f54f-4a59-bd40-37f2c04f767d@group-C4528CA7DBFC: closes. applyIndex: 7
2023-08-31 10:24:35,916 [faefdaa5-b95f-414d-83d1-b299fbae73bf-impl-thread1] INFO  server.RaftServer$Division (ServerState.java:close(472)) - faefdaa5-b95f-414d-83d1-b299fbae73bf@group-4072766C9A6D: closes. applyIndex: 13
2023-08-31 10:24:35,916 [d1449997-f54f-4a59-bd40-37f2c04f767d-impl-thread3] INFO  server.RaftServer$Division (ServerState.java:close(472)) - d1449997-f54f-4a59-bd40-37f2c04f767d@group-C4FD867AAEB2: closes. applyIndex: 18
2023-08-31 10:24:35,916 [ForkJoinPool.commonPool-worker-0] INFO  server.RaftServer (RaftServerProxy.java:lambda$close$6(416)) - 8aeac973-d988-4477-a868-52c3b0be344f: close
2023-08-31 10:24:35,916 [ForkJoinPool.commonPool-worker-0] INFO  server.GrpcService (GrpcService.java:closeImpl(311)) - 8aeac973-d988-4477-a868-52c3b0be344f: shutdown server org.apache.ratis.grpc.server.GrpcClientProtocolService now
2023-08-31 10:24:35,916 [8aeac973-d988-4477-a868-52c3b0be344f-impl-thread1] INFO  server.RaftServer$Division (RaftServerImpl.java:lambda$close$4(466)) - 8aeac973-d988-4477-a868-52c3b0be344f@group-066749DCEE18: shutdown
2023-08-31 10:24:35,916 [8aeac973-d988-4477-a868-52c3b0be344f-impl-thread1] INFO  util.JmxRegister (JmxRegister.java:unregister(73)) - Successfully un-registered JMX Bean with object name Ratis:service=RaftServer,group=group-066749DCEE18,id=8aeac973-d988-4477-a868-52c3b0be344f
2023-08-31 10:24:35,916 [8aeac973-d988-4477-a868-52c3b0be344f-impl-thread1] INFO  impl.RoleInfo (RoleInfo.java:shutdownLeaderState(93)) - 8aeac973-d988-4477-a868-52c3b0be344f: shutdown 8aeac973-d988-4477-a868-52c3b0be344f@group-066749DCEE18-LeaderStateImpl
2023-08-31 10:24:35,916 [8aeac973-d988-4477-a868-52c3b0be344f-impl-thread1] INFO  impl.PendingRequests (PendingRequests.java:sendNotLeaderResponses(289)) - 8aeac973-d988-4477-a868-52c3b0be344f@group-066749DCEE18-PendingRequests: sendNotLeaderResponses
2023-08-31 10:24:35,917 [grpc-default-executor-3] WARN  server.GrpcClientProtocolService (LogUtils.java:warn(122)) - 0-OrderedRequestStreamObserver0: onError: org.apache.ratis.thirdparty.io.grpc.StatusRuntimeException: CANCELLED: client cancelled
2023-08-31 10:24:35,918 [grpc-default-executor-8] INFO  server.GrpcLogAppender (GrpcLogAppender.java:onCompleted(428)) - d1449997-f54f-4a59-bd40-37f2c04f767d@group-C4FD867AAEB2->faefdaa5-b95f-414d-83d1-b299fbae73bf-AppendLogResponseHandler: follower responses appendEntries COMPLETED
2023-08-31 10:24:35,918 [grpc-default-executor-8] WARN  server.GrpcLogAppender (GrpcLogAppender.java:resetClient(137)) - d1449997-f54f-4a59-bd40-37f2c04f767d@group-C4FD867AAEB2->faefdaa5-b95f-414d-83d1-b299fbae73bf-GrpcLogAppender: Failed to getClient for faefdaa5-b95f-414d-83d1-b299fbae73bf
org.apache.ratis.protocol.exceptions.AlreadyClosedException: d1449997-f54f-4a59-bd40-37f2c04f767d is already CLOSED
	at org.apache.ratis.util.PeerProxyMap$PeerAndProxy.getProxy(PeerProxyMap.java:61)
	at org.apache.ratis.util.PeerProxyMap.getProxy(PeerProxyMap.java:115)
	at org.apache.ratis.grpc.server.GrpcLogAppender.getClient(GrpcLogAppender.java:112)
	at org.apache.ratis.grpc.server.GrpcLogAppender.resetClient(GrpcLogAppender.java:117)
	at org.apache.ratis.grpc.server.GrpcLogAppender.access$500(GrpcLogAppender.java:56)
	at org.apache.ratis.grpc.server.GrpcLogAppender$AppendLogResponseHandler.onCompleted(GrpcLogAppender.java:429)
	at org.apache.ratis.thirdparty.io.grpc.stub.ClientCalls$StreamObserverToCallListenerAdapter.onClose(ClientCalls.java:485)
	at org.apache.ratis.thirdparty.io.grpc.internal.ClientCallImpl.closeObserver(ClientCallImpl.java:563)
	at org.apache.ratis.thirdparty.io.grpc.internal.ClientCallImpl.access$300(ClientCallImpl.java:70)
	at org.apache.ratis.thirdparty.io.grpc.internal.ClientCallImpl$ClientStreamListenerImpl$1StreamClosed.runInternal(ClientCallImpl.java:744)
	at org.apache.ratis.thirdparty.io.grpc.internal.ClientCallImpl$ClientStreamListenerImpl$1StreamClosed.runInContext(ClientCallImpl.java:723)
	at org.apache.ratis.thirdparty.io.grpc.internal.ContextRunnable.run(ContextRunnable.java:37)
	at org.apache.ratis.thirdparty.io.grpc.internal.SerializingExecutor.run(SerializingExecutor.java:133)
	at java.util.concurrent.ThreadPoolExecutor.runWorker(ThreadPoolExecutor.java:1149)
	at java.util.concurrent.ThreadPoolExecutor$Worker.run(ThreadPoolExecutor.java:624)
	at java.lang.Thread.run(Thread.java:750)
2023-08-31 10:24:35,921 [grpc-default-executor-4] INFO  server.GrpcLogAppender (GrpcLogAppender.java:onCompleted(428)) - faefdaa5-b95f-414d-83d1-b299fbae73bf@group-F61243B0ED7E->1e7dfa45-1203-43e6-a103-23c323d0a6d5-AppendLogResponseHandler: follower responses appendEntries COMPLETED
2023-08-31 10:24:35,921 [grpc-default-executor-4] WARN  server.GrpcLogAppender (GrpcLogAppender.java:resetClient(137)) - faefdaa5-b95f-414d-83d1-b299fbae73bf@group-F61243B0ED7E->1e7dfa45-1203-43e6-a103-23c323d0a6d5-GrpcLogAppender: Failed to getClient for 1e7dfa45-1203-43e6-a103-23c323d0a6d5
org.apache.ratis.protocol.exceptions.AlreadyClosedException: faefdaa5-b95f-414d-83d1-b299fbae73bf is already CLOSED
	at org.apache.ratis.util.PeerProxyMap$PeerAndProxy.getProxy(PeerProxyMap.java:61)
	at org.apache.ratis.util.PeerProxyMap.getProxy(PeerProxyMap.java:115)
	at org.apache.ratis.grpc.server.GrpcLogAppender.getClient(GrpcLogAppender.java:112)
	at org.apache.ratis.grpc.server.GrpcLogAppender.resetClient(GrpcLogAppender.java:117)
	at org.apache.ratis.grpc.server.GrpcLogAppender.access$500(GrpcLogAppender.java:56)
	at org.apache.ratis.grpc.server.GrpcLogAppender$AppendLogResponseHandler.onCompleted(GrpcLogAppender.java:429)
	at org.apache.ratis.thirdparty.io.grpc.stub.ClientCalls$StreamObserverToCallListenerAdapter.onClose(ClientCalls.java:485)
	at org.apache.ratis.thirdparty.io.grpc.internal.DelayedClientCall$DelayedListener$3.run(DelayedClientCall.java:471)
	at org.apache.ratis.thirdparty.io.grpc.internal.DelayedClientCall$DelayedListener.delayOrExecute(DelayedClientCall.java:435)
	at org.apache.ratis.thirdparty.io.grpc.internal.DelayedClientCall$DelayedListener.onClose(DelayedClientCall.java:468)
	at org.apache.ratis.thirdparty.io.grpc.internal.ClientCallImpl.closeObserver(ClientCallImpl.java:563)
	at org.apache.ratis.thirdparty.io.grpc.internal.ClientCallImpl.access$300(ClientCallImpl.java:70)
	at org.apache.ratis.thirdparty.io.grpc.internal.ClientCallImpl$ClientStreamListenerImpl$1StreamClosed.runInternal(ClientCallImpl.java:744)
	at org.apache.ratis.thirdparty.io.grpc.internal.ClientCallImpl$ClientStreamListenerImpl$1StreamClosed.runInContext(ClientCallImpl.java:723)
	at org.apache.ratis.thirdparty.io.grpc.internal.ContextRunnable.run(ContextRunnable.java:37)
	at org.apache.ratis.thirdparty.io.grpc.internal.SerializingExecutor.run(SerializingExecutor.java:133)
	at java.util.concurrent.ThreadPoolExecutor.runWorker(ThreadPoolExecutor.java:1149)
	at java.util.concurrent.ThreadPoolExecutor$Worker.run(ThreadPoolExecutor.java:624)
	at java.lang.Thread.run(Thread.java:750)
2023-08-31 10:24:35,921 [grpc-default-executor-6] INFO  server.GrpcLogAppender (GrpcLogAppender.java:onCompleted(428)) - faefdaa5-b95f-414d-83d1-b299fbae73bf@group-F61243B0ED7E->d1449997-f54f-4a59-bd40-37f2c04f767d-AppendLogResponseHandler: follower responses appendEntries COMPLETED
2023-08-31 10:24:35,921 [grpc-default-executor-6] WARN  server.GrpcLogAppender (GrpcLogAppender.java:resetClient(137)) - faefdaa5-b95f-414d-83d1-b299fbae73bf@group-F61243B0ED7E->d1449997-f54f-4a59-bd40-37f2c04f767d-GrpcLogAppender: Failed to getClient for d1449997-f54f-4a59-bd40-37f2c04f767d
org.apache.ratis.protocol.exceptions.AlreadyClosedException: faefdaa5-b95f-414d-83d1-b299fbae73bf is already CLOSED
	at org.apache.ratis.util.PeerProxyMap$PeerAndProxy.getProxy(PeerProxyMap.java:61)
	at org.apache.ratis.util.PeerProxyMap.getProxy(PeerProxyMap.java:115)
	at org.apache.ratis.grpc.server.GrpcLogAppender.getClient(GrpcLogAppender.java:112)
	at org.apache.ratis.grpc.server.GrpcLogAppender.resetClient(GrpcLogAppender.java:117)
	at org.apache.ratis.grpc.server.GrpcLogAppender.access$500(GrpcLogAppender.java:56)
	at org.apache.ratis.grpc.server.GrpcLogAppender$AppendLogResponseHandler.onCompleted(GrpcLogAppender.java:429)
	at org.apache.ratis.thirdparty.io.grpc.stub.ClientCalls$StreamObserverToCallListenerAdapter.onClose(ClientCalls.java:485)
	at org.apache.ratis.thirdparty.io.grpc.internal.DelayedClientCall$DelayedListener$3.run(DelayedClientCall.java:471)
	at org.apache.ratis.thirdparty.io.grpc.internal.DelayedClientCall$DelayedListener.delayOrExecute(DelayedClientCall.java:435)
	at org.apache.ratis.thirdparty.io.grpc.internal.DelayedClientCall$DelayedListener.onClose(DelayedClientCall.java:468)
	at org.apache.ratis.thirdparty.io.grpc.internal.ClientCallImpl.closeObserver(ClientCallImpl.java:563)
	at org.apache.ratis.thirdparty.io.grpc.internal.ClientCallImpl.access$300(ClientCallImpl.java:70)
	at org.apache.ratis.thirdparty.io.grpc.internal.ClientCallImpl$ClientStreamListenerImpl$1StreamClosed.runInternal(ClientCallImpl.java:744)
	at org.apache.ratis.thirdparty.io.grpc.internal.ClientCallImpl$ClientStreamListenerImpl$1StreamClosed.runInContext(ClientCallImpl.java:723)
	at org.apache.ratis.thirdparty.io.grpc.internal.ContextRunnable.run(ContextRunnable.java:37)
	at org.apache.ratis.thirdparty.io.grpc.internal.SerializingExecutor.run(SerializingExecutor.java:133)
	at java.util.concurrent.ThreadPoolExecutor.runWorker(ThreadPoolExecutor.java:1149)
	at java.util.concurrent.ThreadPoolExecutor$Worker.run(ThreadPoolExecutor.java:624)
	at java.lang.Thread.run(Thread.java:750)
2023-08-31 10:24:35,921 [grpc-default-executor-1] INFO  server.GrpcLogAppender (GrpcLogAppender.java:onCompleted(428)) - d1449997-f54f-4a59-bd40-37f2c04f767d@group-C4FD867AAEB2->faefdaa5-b95f-414d-83d1-b299fbae73bf-AppendLogResponseHandler: follower responses appendEntries COMPLETED
2023-08-31 10:24:35,921 [grpc-default-executor-1] WARN  server.GrpcLogAppender (GrpcLogAppender.java:resetClient(137)) - d1449997-f54f-4a59-bd40-37f2c04f767d@group-C4FD867AAEB2->faefdaa5-b95f-414d-83d1-b299fbae73bf-GrpcLogAppender: Failed to getClient for faefdaa5-b95f-414d-83d1-b299fbae73bf
org.apache.ratis.protocol.exceptions.AlreadyClosedException: d1449997-f54f-4a59-bd40-37f2c04f767d is already CLOSED
	at org.apache.ratis.util.PeerProxyMap$PeerAndProxy.getProxy(PeerProxyMap.java:61)
	at org.apache.ratis.util.PeerProxyMap.getProxy(PeerProxyMap.java:115)
	at org.apache.ratis.grpc.server.GrpcLogAppender.getClient(GrpcLogAppender.java:112)
	at org.apache.ratis.grpc.server.GrpcLogAppender.resetClient(GrpcLogAppender.java:117)
	at org.apache.ratis.grpc.server.GrpcLogAppender.access$500(GrpcLogAppender.java:56)
	at org.apache.ratis.grpc.server.GrpcLogAppender$AppendLogResponseHandler.onCompleted(GrpcLogAppender.java:429)
	at org.apache.ratis.thirdparty.io.grpc.stub.ClientCalls$StreamObserverToCallListenerAdapter.onClose(ClientCalls.java:485)
	at org.apache.ratis.thirdparty.io.grpc.internal.DelayedClientCall$DelayedListener$3.run(DelayedClientCall.java:471)
	at org.apache.ratis.thirdparty.io.grpc.internal.DelayedClientCall$DelayedListener.delayOrExecute(DelayedClientCall.java:435)
	at org.apache.ratis.thirdparty.io.grpc.internal.DelayedClientCall$DelayedListener.onClose(DelayedClientCall.java:468)
	at org.apache.ratis.thirdparty.io.grpc.internal.ClientCallImpl.closeObserver(ClientCallImpl.java:563)
	at org.apache.ratis.thirdparty.io.grpc.internal.ClientCallImpl.access$300(ClientCallImpl.java:70)
	at org.apache.ratis.thirdparty.io.grpc.internal.ClientCallImpl$ClientStreamListenerImpl$1StreamClosed.runInternal(ClientCallImpl.java:744)
	at org.apache.ratis.thirdparty.io.grpc.internal.ClientCallImpl$ClientStreamListenerImpl$1StreamClosed.runInContext(ClientCallImpl.java:723)
	at org.apache.ratis.thirdparty.io.grpc.internal.ContextRunnable.run(ContextRunnable.java:37)
	at org.apache.ratis.thirdparty.io.grpc.internal.SerializingExecutor.run(SerializingExecutor.java:133)
	at java.util.concurrent.ThreadPoolExecutor.runWorker(ThreadPoolExecutor.java:1149)
	at java.util.concurrent.ThreadPoolExecutor$Worker.run(ThreadPoolExecutor.java:624)
	at java.lang.Thread.run(Thread.java:750)
2023-08-31 10:24:35,924 [ForkJoinPool.commonPool-worker-0] INFO  server.GrpcService (GrpcService.java:closeImpl(320)) - 8aeac973-d988-4477-a868-52c3b0be344f: shutdown server org.apache.ratis.grpc.server.GrpcClientProtocolService successfully
2023-08-31 10:24:35,924 [ForkJoinPool.commonPool-worker-0] INFO  server.GrpcService (GrpcService.java:closeImpl(311)) - 8aeac973-d988-4477-a868-52c3b0be344f: shutdown server GrpcServerProtocolService now
2023-08-31 10:24:35,924 [grpc-default-executor-1] WARN  server.GrpcClientProtocolService (LogUtils.java:warn(122)) - 1-OrderedRequestStreamObserver1: onError: org.apache.ratis.thirdparty.io.grpc.StatusRuntimeException: CANCELLED: client cancelled
2023-08-31 10:24:35,927 [8aeac973-d988-4477-a868-52c3b0be344f-impl-thread1] INFO  impl.StateMachineUpdater (StateMachineUpdater.java:stopAndJoin(155)) - 8aeac973-d988-4477-a868-52c3b0be344f@group-066749DCEE18-StateMachineUpdater: set stopIndex = 11
2023-08-31 10:24:35,927 [8aeac973-d988-4477-a868-52c3b0be344f@group-066749DCEE18-StateMachineUpdater] INFO  ratis.ContainerStateMachine (ContainerStateMachine.java:takeSnapshot(330)) - group-066749DCEE18: Taking a snapshot at:(t:1, i:11) file /home/runner/work/ozone/ozone/hadoop-ozone/integration-test/target/test-dir/MiniOzoneClusterImpl-40ccb4ce-9e5f-48d9-b45c-9251314ec7cc/datanode-4/data/ratis/83c4afe8-7a9f-4693-a480-066749dcee18/sm/snapshot.1_11
2023-08-31 10:24:35,928 [grpc-default-executor-3] INFO  server.GrpcLogAppender (GrpcLogAppender.java:onCompleted(428)) - d1449997-f54f-4a59-bd40-37f2c04f767d@group-C4FD867AAEB2->1e7dfa45-1203-43e6-a103-23c323d0a6d5-AppendLogResponseHandler: follower responses appendEntries COMPLETED
2023-08-31 10:24:35,928 [grpc-default-executor-3] WARN  server.GrpcLogAppender (GrpcLogAppender.java:resetClient(137)) - d1449997-f54f-4a59-bd40-37f2c04f767d@group-C4FD867AAEB2->1e7dfa45-1203-43e6-a103-23c323d0a6d5-GrpcLogAppender: Failed to getClient for 1e7dfa45-1203-43e6-a103-23c323d0a6d5
org.apache.ratis.protocol.exceptions.AlreadyClosedException: d1449997-f54f-4a59-bd40-37f2c04f767d is already CLOSED
	at org.apache.ratis.util.PeerProxyMap$PeerAndProxy.getProxy(PeerProxyMap.java:61)
	at org.apache.ratis.util.PeerProxyMap.getProxy(PeerProxyMap.java:115)
	at org.apache.ratis.grpc.server.GrpcLogAppender.getClient(GrpcLogAppender.java:112)
	at org.apache.ratis.grpc.server.GrpcLogAppender.resetClient(GrpcLogAppender.java:117)
	at org.apache.ratis.grpc.server.GrpcLogAppender.access$500(GrpcLogAppender.java:56)
	at org.apache.ratis.grpc.server.GrpcLogAppender$AppendLogResponseHandler.onCompleted(GrpcLogAppender.java:429)
	at org.apache.ratis.thirdparty.io.grpc.stub.ClientCalls$StreamObserverToCallListenerAdapter.onClose(ClientCalls.java:485)
	at org.apache.ratis.thirdparty.io.grpc.internal.ClientCallImpl.closeObserver(ClientCallImpl.java:563)
	at org.apache.ratis.thirdparty.io.grpc.internal.ClientCallImpl.access$300(ClientCallImpl.java:70)
	at org.apache.ratis.thirdparty.io.grpc.internal.ClientCallImpl$ClientStreamListenerImpl$1StreamClosed.runInternal(ClientCallImpl.java:744)
	at org.apache.ratis.thirdparty.io.grpc.internal.ClientCallImpl$ClientStreamListenerImpl$1StreamClosed.runInContext(ClientCallImpl.java:723)
	at org.apache.ratis.thirdparty.io.grpc.internal.ContextRunnable.run(ContextRunnable.java:37)
	at org.apache.ratis.thirdparty.io.grpc.internal.SerializingExecutor.run(SerializingExecutor.java:133)
	at java.util.concurrent.ThreadPoolExecutor.runWorker(ThreadPoolExecutor.java:1149)
	at java.util.concurrent.ThreadPoolExecutor$Worker.run(ThreadPoolExecutor.java:624)
	at java.lang.Thread.run(Thread.java:750)
2023-08-31 10:24:35,930 [8aeac973-d988-4477-a868-52c3b0be344f@group-066749DCEE18-StateMachineUpdater] INFO  ratis.ContainerStateMachine (ContainerStateMachine.java:takeSnapshot(341)) - group-066749DCEE18: Finished taking a snapshot at:(t:1, i:11) file:/home/runner/work/ozone/ozone/hadoop-ozone/integration-test/target/test-dir/MiniOzoneClusterImpl-40ccb4ce-9e5f-48d9-b45c-9251314ec7cc/datanode-4/data/ratis/83c4afe8-7a9f-4693-a480-066749dcee18/sm/snapshot.1_11 took: 3 ms
2023-08-31 10:24:35,929 [JUnit] INFO  server.GrpcService (GrpcService.java:closeImpl(320)) - d1449997-f54f-4a59-bd40-37f2c04f767d: shutdown server org.apache.ratis.grpc.server.GrpcClientProtocolService successfully
2023-08-31 10:24:35,932 [8aeac973-d988-4477-a868-52c3b0be344f@group-066749DCEE18-StateMachineUpdater] INFO  impl.StateMachineUpdater (StateMachineUpdater.java:takeSnapshot(291)) - 8aeac973-d988-4477-a868-52c3b0be344f@group-066749DCEE18-StateMachineUpdater: Took a snapshot at index 11
2023-08-31 10:24:35,933 [JUnit] INFO  server.GrpcService (GrpcService.java:closeImpl(311)) - d1449997-f54f-4a59-bd40-37f2c04f767d: shutdown server GrpcServerProtocolService now
2023-08-31 10:24:35,928 [ForkJoinPool.commonPool-worker-1] INFO  server.GrpcService (GrpcService.java:closeImpl(320)) - faefdaa5-b95f-414d-83d1-b299fbae73bf: shutdown server org.apache.ratis.grpc.server.GrpcClientProtocolService successfully
2023-08-31 10:24:35,933 [8aeac973-d988-4477-a868-52c3b0be344f@group-066749DCEE18-StateMachineUpdater] INFO  impl.StateMachineUpdater (StateMachineUpdater.java:lambda$new$0(97)) - 8aeac973-d988-4477-a868-52c3b0be344f@group-066749DCEE18-StateMachineUpdater: snapshotIndex: updateIncreasingly -1 -> 11
2023-08-31 10:24:35,933 [ForkJoinPool.commonPool-worker-1] INFO  server.GrpcService (GrpcService.java:closeImpl(311)) - faefdaa5-b95f-414d-83d1-b299fbae73bf: shutdown server GrpcServerProtocolService now
2023-08-31 10:24:35,933 [8aeac973-d988-4477-a868-52c3b0be344f-impl-thread1] INFO  server.RaftServer$Division (ServerState.java:close(472)) - 8aeac973-d988-4477-a868-52c3b0be344f@group-066749DCEE18: closes. applyIndex: 11
2023-08-31 10:24:35,935 [ForkJoinPool.commonPool-worker-0] INFO  server.GrpcService (GrpcService.java:closeImpl(320)) - 8aeac973-d988-4477-a868-52c3b0be344f: shutdown server GrpcServerProtocolService successfully
2023-08-31 10:24:35,935 [ForkJoinPool.commonPool-worker-0] INFO  server.GrpcService (GrpcService.java:closeImpl(311)) - 8aeac973-d988-4477-a868-52c3b0be344f: shutdown server org.apache.ratis.grpc.server.GrpcAdminProtocolService now
2023-08-31 10:24:35,938 [ForkJoinPool.commonPool-worker-2] INFO  ozoneimpl.OzoneContainer (OzoneContainer.java:stop(451)) - Attempting to stop container services.
2023-08-31 10:24:35,938 [ForkJoinPool.commonPool-worker-2] INFO  server.RaftServer (RaftServerProxy.java:lambda$close$6(416)) - b9af389b-3390-4a10-9bb5-d38911605174: close
2023-08-31 10:24:35,938 [ForkJoinPool.commonPool-worker-2] INFO  server.GrpcService (GrpcService.java:closeImpl(311)) - b9af389b-3390-4a10-9bb5-d38911605174: shutdown server org.apache.ratis.grpc.server.GrpcClientProtocolService now
2023-08-31 10:24:35,938 [b9af389b-3390-4a10-9bb5-d38911605174-impl-thread1] INFO  server.RaftServer$Division (RaftServerImpl.java:lambda$close$4(466)) - b9af389b-3390-4a10-9bb5-d38911605174@group-A64FDFDCBB42: shutdown
2023-08-31 10:24:35,938 [b9af389b-3390-4a10-9bb5-d38911605174-impl-thread1] INFO  util.JmxRegister (JmxRegister.java:unregister(73)) - Successfully un-registered JMX Bean with object name Ratis:service=RaftServer,group=group-A64FDFDCBB42,id=b9af389b-3390-4a10-9bb5-d38911605174
2023-08-31 10:24:35,938 [b9af389b-3390-4a10-9bb5-d38911605174-impl-thread1] INFO  impl.RoleInfo (RoleInfo.java:shutdownLeaderState(93)) - b9af389b-3390-4a10-9bb5-d38911605174: shutdown b9af389b-3390-4a10-9bb5-d38911605174@group-A64FDFDCBB42-LeaderStateImpl
2023-08-31 10:24:35,938 [b9af389b-3390-4a10-9bb5-d38911605174-impl-thread1] INFO  impl.PendingRequests (PendingRequests.java:sendNotLeaderResponses(289)) - b9af389b-3390-4a10-9bb5-d38911605174@group-A64FDFDCBB42-PendingRequests: sendNotLeaderResponses
2023-08-31 10:24:35,940 [grpc-default-executor-1] WARN  server.GrpcClientProtocolService (LogUtils.java:warn(122)) - 1-OrderedRequestStreamObserver1: onError: org.apache.ratis.thirdparty.io.grpc.StatusRuntimeException: CANCELLED: client cancelled
2023-08-31 10:24:35,940 [grpc-default-executor-7] WARN  server.GrpcClientProtocolService (LogUtils.java:warn(122)) - 0-OrderedRequestStreamObserver0: onError: org.apache.ratis.thirdparty.io.grpc.StatusRuntimeException: CANCELLED: client cancelled
2023-08-31 10:24:35,941 [grpc-default-executor-4] WARN  server.GrpcClientProtocolService (LogUtils.java:warn(122)) - 2-OrderedRequestStreamObserver2: onError: org.apache.ratis.thirdparty.io.grpc.StatusRuntimeException: CANCELLED: client cancelled
2023-08-31 10:24:35,944 [JUnit] INFO  server.GrpcService (GrpcService.java:closeImpl(320)) - d1449997-f54f-4a59-bd40-37f2c04f767d: shutdown server GrpcServerProtocolService successfully
2023-08-31 10:24:35,944 [ForkJoinPool.commonPool-worker-1] INFO  server.GrpcService (GrpcService.java:closeImpl(320)) - faefdaa5-b95f-414d-83d1-b299fbae73bf: shutdown server GrpcServerProtocolService successfully
2023-08-31 10:24:35,944 [ForkJoinPool.commonPool-worker-1] INFO  server.GrpcService (GrpcService.java:closeImpl(311)) - faefdaa5-b95f-414d-83d1-b299fbae73bf: shutdown server org.apache.ratis.grpc.server.GrpcAdminProtocolService now
2023-08-31 10:24:35,944 [JUnit] INFO  server.GrpcService (GrpcService.java:closeImpl(311)) - d1449997-f54f-4a59-bd40-37f2c04f767d: shutdown server org.apache.ratis.grpc.server.GrpcAdminProtocolService now
2023-08-31 10:24:35,944 [ForkJoinPool.commonPool-worker-0] INFO  server.GrpcService (GrpcService.java:closeImpl(320)) - 8aeac973-d988-4477-a868-52c3b0be344f: shutdown server org.apache.ratis.grpc.server.GrpcAdminProtocolService successfully
2023-08-31 10:24:35,944 [b9af389b-3390-4a10-9bb5-d38911605174-impl-thread1] INFO  impl.StateMachineUpdater (StateMachineUpdater.java:stopAndJoin(155)) - b9af389b-3390-4a10-9bb5-d38911605174@group-A64FDFDCBB42-StateMachineUpdater: set stopIndex = 11
2023-08-31 10:24:35,945 [b9af389b-3390-4a10-9bb5-d38911605174@group-A64FDFDCBB42-StateMachineUpdater] INFO  ratis.ContainerStateMachine (ContainerStateMachine.java:takeSnapshot(330)) - group-A64FDFDCBB42: Taking a snapshot at:(t:1, i:11) file /home/runner/work/ozone/ozone/hadoop-ozone/integration-test/target/test-dir/MiniOzoneClusterImpl-40ccb4ce-9e5f-48d9-b45c-9251314ec7cc/datanode-3/data/ratis/a6a68664-62e1-4b7c-8048-a64fdfdcbb42/sm/snapshot.1_11
2023-08-31 10:24:35,945 [8aeac973-d988-4477-a868-52c3b0be344f-NettyServerStreamRpc-bossGroup--thread1] INFO  logging.LoggingHandler (AbstractInternalLogger.java:log(148)) - [id: 0xe042bdad, L:/0:0:0:0:0:0:0:0:15051] CLOSE
2023-08-31 10:24:35,946 [b9af389b-3390-4a10-9bb5-d38911605174@group-A64FDFDCBB42-StateMachineUpdater] INFO  ratis.ContainerStateMachine (ContainerStateMachine.java:takeSnapshot(341)) - group-A64FDFDCBB42: Finished taking a snapshot at:(t:1, i:11) file:/home/runner/work/ozone/ozone/hadoop-ozone/integration-test/target/test-dir/MiniOzoneClusterImpl-40ccb4ce-9e5f-48d9-b45c-9251314ec7cc/datanode-3/data/ratis/a6a68664-62e1-4b7c-8048-a64fdfdcbb42/sm/snapshot.1_11 took: 1 ms
2023-08-31 10:24:35,946 [b9af389b-3390-4a10-9bb5-d38911605174@group-A64FDFDCBB42-StateMachineUpdater] INFO  impl.StateMachineUpdater (StateMachineUpdater.java:takeSnapshot(291)) - b9af389b-3390-4a10-9bb5-d38911605174@group-A64FDFDCBB42-StateMachineUpdater: Took a snapshot at index 11
2023-08-31 10:24:35,946 [b9af389b-3390-4a10-9bb5-d38911605174@group-A64FDFDCBB42-StateMachineUpdater] INFO  impl.StateMachineUpdater (StateMachineUpdater.java:lambda$new$0(97)) - b9af389b-3390-4a10-9bb5-d38911605174@group-A64FDFDCBB42-StateMachineUpdater: snapshotIndex: updateIncreasingly -1 -> 11
2023-08-31 10:24:35,949 [ForkJoinPool.commonPool-worker-3] INFO  ozoneimpl.OzoneContainer (OzoneContainer.java:stop(451)) - Attempting to stop container services.
2023-08-31 10:24:35,949 [ForkJoinPool.commonPool-worker-3] INFO  server.RaftServer (RaftServerProxy.java:lambda$close$6(416)) - 1e7dfa45-1203-43e6-a103-23c323d0a6d5: close
2023-08-31 10:24:35,949 [1e7dfa45-1203-43e6-a103-23c323d0a6d5-impl-thread1] INFO  server.RaftServer$Division (RaftServerImpl.java:lambda$close$4(466)) - 1e7dfa45-1203-43e6-a103-23c323d0a6d5@group-F61243B0ED7E: shutdown
2023-08-31 10:24:35,950 [1e7dfa45-1203-43e6-a103-23c323d0a6d5-impl-thread1] INFO  util.JmxRegister (JmxRegister.java:unregister(73)) - Successfully un-registered JMX Bean with object name Ratis:service=RaftServer,group=group-F61243B0ED7E,id=1e7dfa45-1203-43e6-a103-23c323d0a6d5
2023-08-31 10:24:35,950 [1e7dfa45-1203-43e6-a103-23c323d0a6d5-impl-thread1] INFO  impl.RoleInfo (RoleInfo.java:shutdownFollowerState(110)) - 1e7dfa45-1203-43e6-a103-23c323d0a6d5: shutdown 1e7dfa45-1203-43e6-a103-23c323d0a6d5@group-F61243B0ED7E-FollowerState
2023-08-31 10:24:35,951 [ForkJoinPool.commonPool-worker-2] INFO  server.GrpcService (GrpcService.java:closeImpl(320)) - b9af389b-3390-4a10-9bb5-d38911605174: shutdown server org.apache.ratis.grpc.server.GrpcClientProtocolService successfully
2023-08-31 10:24:35,951 [ForkJoinPool.commonPool-worker-2] INFO  server.GrpcService (GrpcService.java:closeImpl(311)) - b9af389b-3390-4a10-9bb5-d38911605174: shutdown server GrpcServerProtocolService now
2023-08-31 10:24:35,951 [1e7dfa45-1203-43e6-a103-23c323d0a6d5-impl-thread2] INFO  server.RaftServer$Division (RaftServerImpl.java:lambda$close$4(466)) - 1e7dfa45-1203-43e6-a103-23c323d0a6d5@group-7A527C6A9FAD: shutdown
2023-08-31 10:24:35,951 [JUnit] INFO  server.GrpcService (GrpcService.java:closeImpl(320)) - d1449997-f54f-4a59-bd40-37f2c04f767d: shutdown server org.apache.ratis.grpc.server.GrpcAdminProtocolService successfully
2023-08-31 10:24:35,952 [1e7dfa45-1203-43e6-a103-23c323d0a6d5-impl-thread2] INFO  util.JmxRegister (JmxRegister.java:unregister(73)) - Successfully un-registered JMX Bean with object name Ratis:service=RaftServer,group=group-7A527C6A9FAD,id=1e7dfa45-1203-43e6-a103-23c323d0a6d5
2023-08-31 10:24:35,952 [1e7dfa45-1203-43e6-a103-23c323d0a6d5-impl-thread2] INFO  impl.RoleInfo (RoleInfo.java:shutdownLeaderState(93)) - 1e7dfa45-1203-43e6-a103-23c323d0a6d5: shutdown 1e7dfa45-1203-43e6-a103-23c323d0a6d5@group-7A527C6A9FAD-LeaderStateImpl
2023-08-31 10:24:35,952 [1e7dfa45-1203-43e6-a103-23c323d0a6d5-impl-thread2] INFO  impl.PendingRequests (PendingRequests.java:sendNotLeaderResponses(289)) - 1e7dfa45-1203-43e6-a103-23c323d0a6d5@group-7A527C6A9FAD-PendingRequests: sendNotLeaderResponses
2023-08-31 10:24:35,955 [ForkJoinPool.commonPool-worker-3] INFO  server.GrpcService (GrpcService.java:closeImpl(311)) - 1e7dfa45-1203-43e6-a103-23c323d0a6d5: shutdown server org.apache.ratis.grpc.server.GrpcClientProtocolService now
2023-08-31 10:24:35,956 [8aeac973-d988-4477-a868-52c3b0be344f-NettyServerStreamRpc-bossGroup--thread1] INFO  logging.LoggingHandler (AbstractInternalLogger.java:log(148)) - [id: 0xe042bdad, L:/0:0:0:0:0:0:0:0:15051] INACTIVE
2023-08-31 10:24:35,956 [8aeac973-d988-4477-a868-52c3b0be344f-NettyServerStreamRpc-bossGroup--thread1] INFO  logging.LoggingHandler (AbstractInternalLogger.java:log(148)) - [id: 0xe042bdad, L:/0:0:0:0:0:0:0:0:15051] UNREGISTERED
2023-08-31 10:24:35,956 [b9af389b-3390-4a10-9bb5-d38911605174-impl-thread1] INFO  server.RaftServer$Division (ServerState.java:close(472)) - b9af389b-3390-4a10-9bb5-d38911605174@group-A64FDFDCBB42: closes. applyIndex: 11
2023-08-31 10:24:35,957 [grpc-default-executor-3] WARN  server.GrpcClientProtocolService (LogUtils.java:warn(122)) - 2-OrderedRequestStreamObserver2: onError: org.apache.ratis.thirdparty.io.grpc.StatusRuntimeException: CANCELLED: client cancelled
2023-08-31 10:24:35,957 [grpc-default-executor-6] WARN  server.GrpcClientProtocolService (LogUtils.java:warn(122)) - 1-OrderedRequestStreamObserver1: onError: org.apache.ratis.thirdparty.io.grpc.StatusRuntimeException: CANCELLED: client cancelled
2023-08-31 10:24:35,958 [grpc-default-executor-1] WARN  server.GrpcClientProtocolService (LogUtils.java:warn(122)) - 0-OrderedRequestStreamObserver0: onError: org.apache.ratis.thirdparty.io.grpc.StatusRuntimeException: CANCELLED: client cancelled
2023-08-31 10:24:35,959 [1e7dfa45-1203-43e6-a103-23c323d0a6d5-impl-thread3] INFO  server.RaftServer$Division (RaftServerImpl.java:lambda$close$4(466)) - 1e7dfa45-1203-43e6-a103-23c323d0a6d5@group-C4FD867AAEB2: shutdown
2023-08-31 10:24:35,959 [1e7dfa45-1203-43e6-a103-23c323d0a6d5-impl-thread3] INFO  util.JmxRegister (JmxRegister.java:unregister(73)) - Successfully un-registered JMX Bean with object name Ratis:service=RaftServer,group=group-C4FD867AAEB2,id=1e7dfa45-1203-43e6-a103-23c323d0a6d5
2023-08-31 10:24:35,959 [1e7dfa45-1203-43e6-a103-23c323d0a6d5-impl-thread3] INFO  impl.RoleInfo (RoleInfo.java:shutdownFollowerState(110)) - 1e7dfa45-1203-43e6-a103-23c323d0a6d5: shutdown 1e7dfa45-1203-43e6-a103-23c323d0a6d5@group-C4FD867AAEB2-FollowerState
2023-08-31 10:24:35,966 [1e7dfa45-1203-43e6-a103-23c323d0a6d5-impl-thread3] INFO  impl.StateMachineUpdater (StateMachineUpdater.java:stopAndJoin(155)) - 1e7dfa45-1203-43e6-a103-23c323d0a6d5@group-C4FD867AAEB2-StateMachineUpdater: set stopIndex = 18
2023-08-31 10:24:35,966 [1e7dfa45-1203-43e6-a103-23c323d0a6d5@group-C4FD867AAEB2-FollowerState] INFO  impl.FollowerState (FollowerState.java:run(152)) - 1e7dfa45-1203-43e6-a103-23c323d0a6d5@group-C4FD867AAEB2-FollowerState was interrupted
2023-08-31 10:24:35,966 [1e7dfa45-1203-43e6-a103-23c323d0a6d5@group-C4FD867AAEB2-StateMachineUpdater] INFO  ratis.ContainerStateMachine (ContainerStateMachine.java:takeSnapshot(330)) - group-C4FD867AAEB2: Taking a snapshot at:(t:1, i:18) file /home/runner/work/ozone/ozone/hadoop-ozone/integration-test/target/test-dir/MiniOzoneClusterImpl-40ccb4ce-9e5f-48d9-b45c-9251314ec7cc/datanode-0/data/ratis/f0ccd0f7-c47b-4664-a6dd-c4fd867aaeb2/sm/snapshot.1_18
2023-08-31 10:24:35,966 [1e7dfa45-1203-43e6-a103-23c323d0a6d5@group-C4FD867AAEB2-StateMachineUpdater] INFO  ratis.ContainerStateMachine (ContainerStateMachine.java:takeSnapshot(341)) - group-C4FD867AAEB2: Finished taking a snapshot at:(t:1, i:18) file:/home/runner/work/ozone/ozone/hadoop-ozone/integration-test/target/test-dir/MiniOzoneClusterImpl-40ccb4ce-9e5f-48d9-b45c-9251314ec7cc/datanode-0/data/ratis/f0ccd0f7-c47b-4664-a6dd-c4fd867aaeb2/sm/snapshot.1_18 took: 1 ms
2023-08-31 10:24:35,967 [1e7dfa45-1203-43e6-a103-23c323d0a6d5@group-C4FD867AAEB2-StateMachineUpdater] INFO  impl.StateMachineUpdater (StateMachineUpdater.java:takeSnapshot(291)) - 1e7dfa45-1203-43e6-a103-23c323d0a6d5@group-C4FD867AAEB2-StateMachineUpdater: Took a snapshot at index 18
2023-08-31 10:24:35,967 [1e7dfa45-1203-43e6-a103-23c323d0a6d5@group-C4FD867AAEB2-StateMachineUpdater] INFO  impl.StateMachineUpdater (StateMachineUpdater.java:lambda$new$0(97)) - 1e7dfa45-1203-43e6-a103-23c323d0a6d5@group-C4FD867AAEB2-StateMachineUpdater: snapshotIndex: updateIncreasingly -1 -> 18
2023-08-31 10:24:35,976 [1e7dfa45-1203-43e6-a103-23c323d0a6d5-impl-thread2] INFO  impl.StateMachineUpdater (StateMachineUpdater.java:stopAndJoin(155)) - 1e7dfa45-1203-43e6-a103-23c323d0a6d5@group-7A527C6A9FAD-StateMachineUpdater: set stopIndex = 10
2023-08-31 10:24:35,976 [1e7dfa45-1203-43e6-a103-23c323d0a6d5@group-7A527C6A9FAD-StateMachineUpdater] INFO  ratis.ContainerStateMachine (ContainerStateMachine.java:takeSnapshot(330)) - group-7A527C6A9FAD: Taking a snapshot at:(t:1, i:10) file /home/runner/work/ozone/ozone/hadoop-ozone/integration-test/target/test-dir/MiniOzoneClusterImpl-40ccb4ce-9e5f-48d9-b45c-9251314ec7cc/datanode-0/data/ratis/4e3cfdcf-7352-4177-8f6b-7a527c6a9fad/sm/snapshot.1_10
2023-08-31 10:24:35,976 [d1449997-f54f-4a59-bd40-37f2c04f767d-NettyServerStreamRpc-bossGroup--thread1] INFO  logging.LoggingHandler (AbstractInternalLogger.java:log(148)) - [id: 0x6f72deff, L:/0:0:0:0:0:0:0:0:15033] CLOSE
2023-08-31 10:24:35,977 [d1449997-f54f-4a59-bd40-37f2c04f767d-NettyServerStreamRpc-bossGroup--thread1] INFO  logging.LoggingHandler (AbstractInternalLogger.java:log(148)) - [id: 0x6f72deff, L:/0:0:0:0:0:0:0:0:15033] INACTIVE
2023-08-31 10:24:35,977 [d1449997-f54f-4a59-bd40-37f2c04f767d-NettyServerStreamRpc-bossGroup--thread1] INFO  logging.LoggingHandler (AbstractInternalLogger.java:log(148)) - [id: 0x6f72deff, L:/0:0:0:0:0:0:0:0:15033] UNREGISTERED
2023-08-31 10:24:35,977 [1e7dfa45-1203-43e6-a103-23c323d0a6d5-impl-thread1] INFO  impl.StateMachineUpdater (StateMachineUpdater.java:stopAndJoin(155)) - 1e7dfa45-1203-43e6-a103-23c323d0a6d5@group-F61243B0ED7E-StateMachineUpdater: set stopIndex = 0
2023-08-31 10:24:35,977 [1e7dfa45-1203-43e6-a103-23c323d0a6d5@group-F61243B0ED7E-FollowerState] INFO  impl.FollowerState (FollowerState.java:run(152)) - 1e7dfa45-1203-43e6-a103-23c323d0a6d5@group-F61243B0ED7E-FollowerState was interrupted
2023-08-31 10:24:35,977 [1e7dfa45-1203-43e6-a103-23c323d0a6d5@group-F61243B0ED7E-StateMachineUpdater] INFO  ratis.ContainerStateMachine (ContainerStateMachine.java:takeSnapshot(330)) - group-F61243B0ED7E: Taking a snapshot at:(t:1, i:0) file /home/runner/work/ozone/ozone/hadoop-ozone/integration-test/target/test-dir/MiniOzoneClusterImpl-40ccb4ce-9e5f-48d9-b45c-9251314ec7cc/datanode-0/data/ratis/9812e624-c75b-4104-b510-f61243b0ed7e/sm/snapshot.1_0
2023-08-31 10:24:35,977 [1e7dfa45-1203-43e6-a103-23c323d0a6d5@group-7A527C6A9FAD-StateMachineUpdater] INFO  ratis.ContainerStateMachine (ContainerStateMachine.java:takeSnapshot(341)) - group-7A527C6A9FAD: Finished taking a snapshot at:(t:1, i:10) file:/home/runner/work/ozone/ozone/hadoop-ozone/integration-test/target/test-dir/MiniOzoneClusterImpl-40ccb4ce-9e5f-48d9-b45c-9251314ec7cc/datanode-0/data/ratis/4e3cfdcf-7352-4177-8f6b-7a527c6a9fad/sm/snapshot.1_10 took: 1 ms
2023-08-31 10:24:35,978 [1e7dfa45-1203-43e6-a103-23c323d0a6d5@group-7A527C6A9FAD-StateMachineUpdater] INFO  impl.StateMachineUpdater (StateMachineUpdater.java:takeSnapshot(291)) - 1e7dfa45-1203-43e6-a103-23c323d0a6d5@group-7A527C6A9FAD-StateMachineUpdater: Took a snapshot at index 10
2023-08-31 10:24:35,978 [1e7dfa45-1203-43e6-a103-23c323d0a6d5@group-7A527C6A9FAD-StateMachineUpdater] INFO  impl.StateMachineUpdater (StateMachineUpdater.java:lambda$new$0(97)) - 1e7dfa45-1203-43e6-a103-23c323d0a6d5@group-7A527C6A9FAD-StateMachineUpdater: snapshotIndex: updateIncreasingly -1 -> 10
2023-08-31 10:24:35,978 [1e7dfa45-1203-43e6-a103-23c323d0a6d5@group-F61243B0ED7E-StateMachineUpdater] INFO  ratis.ContainerStateMachine (ContainerStateMachine.java:takeSnapshot(341)) - group-F61243B0ED7E: Finished taking a snapshot at:(t:1, i:0) file:/home/runner/work/ozone/ozone/hadoop-ozone/integration-test/target/test-dir/MiniOzoneClusterImpl-40ccb4ce-9e5f-48d9-b45c-9251314ec7cc/datanode-0/data/ratis/9812e624-c75b-4104-b510-f61243b0ed7e/sm/snapshot.1_0 took: 1 ms
2023-08-31 10:24:35,978 [1e7dfa45-1203-43e6-a103-23c323d0a6d5@group-F61243B0ED7E-StateMachineUpdater] INFO  impl.StateMachineUpdater (StateMachineUpdater.java:takeSnapshot(291)) - 1e7dfa45-1203-43e6-a103-23c323d0a6d5@group-F61243B0ED7E-StateMachineUpdater: Took a snapshot at index 0
2023-08-31 10:24:35,978 [1e7dfa45-1203-43e6-a103-23c323d0a6d5@group-F61243B0ED7E-StateMachineUpdater] INFO  impl.StateMachineUpdater (StateMachineUpdater.java:lambda$new$0(97)) - 1e7dfa45-1203-43e6-a103-23c323d0a6d5@group-F61243B0ED7E-StateMachineUpdater: snapshotIndex: updateIncreasingly -1 -> 0
2023-08-31 10:24:35,979 [1e7dfa45-1203-43e6-a103-23c323d0a6d5-impl-thread2] INFO  server.RaftServer$Division (ServerState.java:close(472)) - 1e7dfa45-1203-43e6-a103-23c323d0a6d5@group-7A527C6A9FAD: closes. applyIndex: 10
2023-08-31 10:24:35,988 [Thread-559] INFO  server.GrpcServerProtocolClient (GrpcServerProtocolClient.java:close(103)) - faefdaa5-b95f-414d-83d1-b299fbae73bf Close channels
2023-08-31 10:24:35,988 [1e7dfa45-1203-43e6-a103-23c323d0a6d5-impl-thread1] INFO  server.RaftServer$Division (ServerState.java:close(472)) - 1e7dfa45-1203-43e6-a103-23c323d0a6d5@group-F61243B0ED7E: closes. applyIndex: 0
2023-08-31 10:24:35,988 [Thread-560] INFO  server.GrpcServerProtocolClient (GrpcServerProtocolClient.java:close(103)) - d1449997-f54f-4a59-bd40-37f2c04f767d Close channels
2023-08-31 10:24:35,986 [ForkJoinPool.commonPool-worker-1] INFO  server.GrpcService (GrpcService.java:closeImpl(320)) - faefdaa5-b95f-414d-83d1-b299fbae73bf: shutdown server org.apache.ratis.grpc.server.GrpcAdminProtocolService successfully
2023-08-31 10:24:35,980 [ForkJoinPool.commonPool-worker-2] INFO  server.GrpcService (GrpcService.java:closeImpl(320)) - b9af389b-3390-4a10-9bb5-d38911605174: shutdown server GrpcServerProtocolService successfully
2023-08-31 10:24:35,989 [ForkJoinPool.commonPool-worker-2] INFO  server.GrpcService (GrpcService.java:closeImpl(311)) - b9af389b-3390-4a10-9bb5-d38911605174: shutdown server org.apache.ratis.grpc.server.GrpcAdminProtocolService now
2023-08-31 10:24:35,989 [1e7dfa45-1203-43e6-a103-23c323d0a6d5-impl-thread3] INFO  server.RaftServer$Division (ServerState.java:close(472)) - 1e7dfa45-1203-43e6-a103-23c323d0a6d5@group-C4FD867AAEB2: closes. applyIndex: 18
2023-08-31 10:24:35,991 [ForkJoinPool.commonPool-worker-3] INFO  server.GrpcService (GrpcService.java:closeImpl(320)) - 1e7dfa45-1203-43e6-a103-23c323d0a6d5: shutdown server org.apache.ratis.grpc.server.GrpcClientProtocolService successfully
2023-08-31 10:24:35,991 [ForkJoinPool.commonPool-worker-3] INFO  server.GrpcService (GrpcService.java:closeImpl(311)) - 1e7dfa45-1203-43e6-a103-23c323d0a6d5: shutdown server GrpcServerProtocolService now
2023-08-31 10:24:35,993 [faefdaa5-b95f-414d-83d1-b299fbae73bf-NettyServerStreamRpc-bossGroup--thread1] INFO  logging.LoggingHandler (AbstractInternalLogger.java:log(148)) - [id: 0x52c03e4f, L:/0:0:0:0:0:0:0:0:15024] CLOSE
2023-08-31 10:24:35,993 [faefdaa5-b95f-414d-83d1-b299fbae73bf-NettyServerStreamRpc-bossGroup--thread1] INFO  logging.LoggingHandler (AbstractInternalLogger.java:log(148)) - [id: 0x52c03e4f, L:/0:0:0:0:0:0:0:0:15024] INACTIVE
2023-08-31 10:24:35,993 [faefdaa5-b95f-414d-83d1-b299fbae73bf-NettyServerStreamRpc-bossGroup--thread1] INFO  logging.LoggingHandler (AbstractInternalLogger.java:log(148)) - [id: 0x52c03e4f, L:/0:0:0:0:0:0:0:0:15024] UNREGISTERED
2023-08-31 10:24:36,004 [ForkJoinPool.commonPool-worker-2] INFO  server.GrpcService (GrpcService.java:closeImpl(320)) - b9af389b-3390-4a10-9bb5-d38911605174: shutdown server org.apache.ratis.grpc.server.GrpcAdminProtocolService successfully
2023-08-31 10:24:36,012 [ForkJoinPool.commonPool-worker-3] INFO  server.GrpcService (GrpcService.java:closeImpl(320)) - 1e7dfa45-1203-43e6-a103-23c323d0a6d5: shutdown server GrpcServerProtocolService successfully
2023-08-31 10:24:36,012 [b9af389b-3390-4a10-9bb5-d38911605174-NettyServerStreamRpc-bossGroup--thread1] INFO  logging.LoggingHandler (AbstractInternalLogger.java:log(148)) - [id: 0x52a47342, L:/0:0:0:0:0:0:0:0:15042] CLOSE
2023-08-31 10:24:36,012 [ForkJoinPool.commonPool-worker-3] INFO  server.GrpcService (GrpcService.java:closeImpl(311)) - 1e7dfa45-1203-43e6-a103-23c323d0a6d5: shutdown server org.apache.ratis.grpc.server.GrpcAdminProtocolService now
2023-08-31 10:24:36,012 [b9af389b-3390-4a10-9bb5-d38911605174-NettyServerStreamRpc-bossGroup--thread1] INFO  logging.LoggingHandler (AbstractInternalLogger.java:log(148)) - [id: 0x52a47342, L:/0:0:0:0:0:0:0:0:15042] INACTIVE
2023-08-31 10:24:36,012 [b9af389b-3390-4a10-9bb5-d38911605174-NettyServerStreamRpc-bossGroup--thread1] INFO  logging.LoggingHandler (AbstractInternalLogger.java:log(148)) - [id: 0x52a47342, L:/0:0:0:0:0:0:0:0:15042] UNREGISTERED
2023-08-31 10:24:36,024 [ForkJoinPool.commonPool-worker-3] INFO  server.GrpcService (GrpcService.java:closeImpl(320)) - 1e7dfa45-1203-43e6-a103-23c323d0a6d5: shutdown server org.apache.ratis.grpc.server.GrpcAdminProtocolService successfully
2023-08-31 10:24:36,028 [1e7dfa45-1203-43e6-a103-23c323d0a6d5-NettyServerStreamRpc-bossGroup--thread1] INFO  logging.LoggingHandler (AbstractInternalLogger.java:log(148)) - [id: 0x62ca255f, L:/0:0:0:0:0:0:0:0:15015] CLOSE
2023-08-31 10:24:36,029 [1e7dfa45-1203-43e6-a103-23c323d0a6d5-NettyServerStreamRpc-bossGroup--thread1] INFO  logging.LoggingHandler (AbstractInternalLogger.java:log(148)) - [id: 0x62ca255f, L:/0:0:0:0:0:0:0:0:15015] INACTIVE
2023-08-31 10:24:36,029 [1e7dfa45-1203-43e6-a103-23c323d0a6d5-NettyServerStreamRpc-bossGroup--thread1] INFO  logging.LoggingHandler (AbstractInternalLogger.java:log(148)) - [id: 0x62ca255f, L:/0:0:0:0:0:0:0:0:15015] UNREGISTERED
2023-08-31 10:24:36,319 [1e7dfa45-1203-43e6-a103-23c323d0a6d5-impl-thread2] INFO  segmented.SegmentedRaftLogWorker (SegmentedRaftLogWorker.java:close(252)) - 1e7dfa45-1203-43e6-a103-23c323d0a6d5@group-7A527C6A9FAD-SegmentedRaftLogWorker close()
2023-08-31 10:24:36,381 [faefdaa5-b95f-414d-83d1-b299fbae73bf-impl-thread2] INFO  segmented.SegmentedRaftLogWorker (SegmentedRaftLogWorker.java:close(252)) - faefdaa5-b95f-414d-83d1-b299fbae73bf@group-F61243B0ED7E-SegmentedRaftLogWorker close()
2023-08-31 10:24:36,383 [8aeac973-d988-4477-a868-52c3b0be344f-impl-thread1] INFO  segmented.SegmentedRaftLogWorker (SegmentedRaftLogWorker.java:close(252)) - 8aeac973-d988-4477-a868-52c3b0be344f@group-066749DCEE18-SegmentedRaftLogWorker close()
2023-08-31 10:24:36,383 [JvmPauseMonitor6] INFO  util.JvmPauseMonitor (JvmPauseMonitor.java:run(109)) - JvmPauseMonitor-8aeac973-d988-4477-a868-52c3b0be344f: Stopped
2023-08-31 10:24:36,463 [d1449997-f54f-4a59-bd40-37f2c04f767d-impl-thread1] INFO  segmented.SegmentedRaftLogWorker (SegmentedRaftLogWorker.java:close(252)) - d1449997-f54f-4a59-bd40-37f2c04f767d@group-F61243B0ED7E-SegmentedRaftLogWorker close()
2023-08-31 10:24:36,469 [1e7dfa45-1203-43e6-a103-23c323d0a6d5-impl-thread1] INFO  segmented.SegmentedRaftLogWorker (SegmentedRaftLogWorker.java:close(252)) - 1e7dfa45-1203-43e6-a103-23c323d0a6d5@group-F61243B0ED7E-SegmentedRaftLogWorker close()
2023-08-31 10:24:36,546 [d1449997-f54f-4a59-bd40-37f2c04f767d-impl-thread2] INFO  segmented.SegmentedRaftLogWorker (SegmentedRaftLogWorker.java:close(252)) - d1449997-f54f-4a59-bd40-37f2c04f767d@group-C4528CA7DBFC-SegmentedRaftLogWorker close()
2023-08-31 10:24:36,560 [d1449997-f54f-4a59-bd40-37f2c04f767d-impl-thread3] INFO  segmented.SegmentedRaftLogWorker (SegmentedRaftLogWorker.java:close(252)) - d1449997-f54f-4a59-bd40-37f2c04f767d@group-C4FD867AAEB2-SegmentedRaftLogWorker close()
2023-08-31 10:24:36,561 [JvmPauseMonitor4] INFO  util.JvmPauseMonitor (JvmPauseMonitor.java:run(109)) - JvmPauseMonitor-d1449997-f54f-4a59-bd40-37f2c04f767d: Stopped
2023-08-31 10:24:36,569 [1e7dfa45-1203-43e6-a103-23c323d0a6d5-impl-thread3] INFO  segmented.SegmentedRaftLogWorker (SegmentedRaftLogWorker.java:close(252)) - 1e7dfa45-1203-43e6-a103-23c323d0a6d5@group-C4FD867AAEB2-SegmentedRaftLogWorker close()
2023-08-31 10:24:36,570 [JvmPauseMonitor2] INFO  util.JvmPauseMonitor (JvmPauseMonitor.java:run(109)) - JvmPauseMonitor-1e7dfa45-1203-43e6-a103-23c323d0a6d5: Stopped
2023-08-31 10:24:36,572 [faefdaa5-b95f-414d-83d1-b299fbae73bf-impl-thread3] INFO  segmented.SegmentedRaftLogWorker (SegmentedRaftLogWorker.java:close(252)) - faefdaa5-b95f-414d-83d1-b299fbae73bf@group-C4FD867AAEB2-SegmentedRaftLogWorker close()
2023-08-31 10:24:36,615 [faefdaa5-b95f-414d-83d1-b299fbae73bf-impl-thread1] INFO  segmented.SegmentedRaftLogWorker (SegmentedRaftLogWorker.java:close(252)) - faefdaa5-b95f-414d-83d1-b299fbae73bf@group-4072766C9A6D-SegmentedRaftLogWorker close()
2023-08-31 10:24:36,616 [JvmPauseMonitor3] INFO  util.JvmPauseMonitor (JvmPauseMonitor.java:run(109)) - JvmPauseMonitor-faefdaa5-b95f-414d-83d1-b299fbae73bf: Stopped
2023-08-31 10:24:36,773 [b9af389b-3390-4a10-9bb5-d38911605174-impl-thread1] INFO  segmented.SegmentedRaftLogWorker (SegmentedRaftLogWorker.java:close(252)) - b9af389b-3390-4a10-9bb5-d38911605174@group-A64FDFDCBB42-SegmentedRaftLogWorker close()
2023-08-31 10:24:36,774 [JvmPauseMonitor5] INFO  util.JvmPauseMonitor (JvmPauseMonitor.java:run(109)) - JvmPauseMonitor-b9af389b-3390-4a10-9bb5-d38911605174: Stopped
2023-08-31 10:24:38,403 [ForkJoinPool.commonPool-worker-0] INFO  utils.DatanodeStoreCache (DatanodeStoreCache.java:shutdownCache(110)) - Skip clearing cache in mini cluster mode. Entries left: [/home/runner/work/ozone/ozone/hadoop-ozone/integration-test/target/test-dir/MiniOzoneClusterImpl-40ccb4ce-9e5f-48d9-b45c-9251314ec7cc/datanode-0/data-0/containers/hdds/40ccb4ce-9e5f-48d9-b45c-9251314ec7cc/DS-fdd8a1c3-bdb8-4ae8-b9a2-a0b4ece492ba/container.db, /home/runner/work/ozone/ozone/hadoop-ozone/integration-test/target/test-dir/MiniOzoneClusterImpl-40ccb4ce-9e5f-48d9-b45c-9251314ec7cc/datanode-1/data-0/containers/hdds/40ccb4ce-9e5f-48d9-b45c-9251314ec7cc/DS-76319134-185a-4aed-b719-8720ddb92020/container.db, /home/runner/work/ozone/ozone/hadoop-ozone/integration-test/target/test-dir/MiniOzoneClusterImpl-40ccb4ce-9e5f-48d9-b45c-9251314ec7cc/datanode-2/data-0/containers/hdds/40ccb4ce-9e5f-48d9-b45c-9251314ec7cc/DS-fd15f641-5eb7-4459-9c07-2d2f9b92c84e/container.db, /home/runner/work/ozone/ozone/hadoop-ozone/integration-test/target/test-dir/MiniOzoneClusterImpl-40ccb4ce-9e5f-48d9-b45c-9251314ec7cc/datanode-3/data-0/containers/hdds/40ccb4ce-9e5f-48d9-b45c-9251314ec7cc/DS-75f72929-64d2-4b39-974b-dc5c02e38da0/container.db, /home/runner/work/ozone/ozone/hadoop-ozone/integration-test/target/test-dir/MiniOzoneClusterImpl-40ccb4ce-9e5f-48d9-b45c-9251314ec7cc/datanode-4/data-0/containers/hdds/40ccb4ce-9e5f-48d9-b45c-9251314ec7cc/DS-a32e4078-9449-476c-af68-afe17b065fbf/container.db]
2023-08-31 10:24:38,406 [ForkJoinPool.commonPool-worker-0] INFO  utils.DatanodeStoreCache (DatanodeStoreCache.java:removeDB(104)) - Removed db /home/runner/work/ozone/ozone/hadoop-ozone/integration-test/target/test-dir/MiniOzoneClusterImpl-40ccb4ce-9e5f-48d9-b45c-9251314ec7cc/datanode-4/data-0/containers/hdds/40ccb4ce-9e5f-48d9-b45c-9251314ec7cc/DS-a32e4078-9449-476c-af68-afe17b065fbf/container.db from cache
2023-08-31 10:24:38,407 [ForkJoinPool.commonPool-worker-0] INFO  volume.HddsVolume (HddsVolume.java:closeDbStore(453)) - SchemaV3 db is stopped at /home/runner/work/ozone/ozone/hadoop-ozone/integration-test/target/test-dir/MiniOzoneClusterImpl-40ccb4ce-9e5f-48d9-b45c-9251314ec7cc/datanode-4/data-0/containers/hdds/40ccb4ce-9e5f-48d9-b45c-9251314ec7cc/DS-a32e4078-9449-476c-af68-afe17b065fbf/container.db for volume DS-a32e4078-9449-476c-af68-afe17b065fbf
2023-08-31 10:24:38,407 [ForkJoinPool.commonPool-worker-0] INFO  utils.BackgroundService (BackgroundService.java:shutdown(141)) - Shutting down service BlockDeletingService
2023-08-31 10:24:38,407 [ForkJoinPool.commonPool-worker-0] INFO  utils.BackgroundService (BackgroundService.java:shutdown(141)) - Shutting down service StaleRecoveringContainerScrubbingService
2023-08-31 10:24:38,410 [ForkJoinPool.commonPool-worker-0] INFO  statemachine.DatanodeStateMachine (DatanodeStateMachine.java:stopDaemon(620)) - Ozone container server stopped.
2023-08-31 10:24:38,424 [ForkJoinPool.commonPool-worker-0] INFO  handler.ContextHandler (ContextHandler.java:doStop(1159)) - Stopped o.e.j.w.WebAppContext@377433d2{hddsDatanode,/,null,STOPPED}{jar:file:/home/runner/.m2/repository/org/apache/ozone/hdds-container-service/1.4.0-SNAPSHOT/hdds-container-service-1.4.0-SNAPSHOT.jar!/webapps/hddsDatanode}
2023-08-31 10:24:38,424 [ForkJoinPool.commonPool-worker-0] INFO  server.AbstractConnector (AbstractConnector.java:doStop(383)) - Stopped ServerConnector@23f13b32{HTTP/1.1, (http/1.1)}{0.0.0.0:15045}
2023-08-31 10:24:38,424 [ForkJoinPool.commonPool-worker-0] INFO  server.session (HouseKeeper.java:stopScavenging(149)) - node0 Stopped scavenging
2023-08-31 10:24:38,425 [ForkJoinPool.commonPool-worker-0] INFO  handler.ContextHandler (ContextHandler.java:doStop(1159)) - Stopped o.e.j.s.ServletContextHandler@57e7a218{static,/static,jar:file:/home/runner/.m2/repository/org/apache/ozone/hdds-container-service/1.4.0-SNAPSHOT/hdds-container-service-1.4.0-SNAPSHOT.jar!/webapps/static,STOPPED}
2023-08-31 10:24:38,426 [ForkJoinPool.commonPool-worker-0] INFO  handler.ContextHandler (ContextHandler.java:doStop(1159)) - Stopped o.e.j.s.ServletContextHandler@faef38e{logs,/logs,file:///home/runner/work/ozone/ozone/hadoop-ozone/integration-test/target/log,STOPPED}
2023-08-31 10:24:38,426 [ForkJoinPool.commonPool-worker-0] INFO  ozone.HddsDatanodeClientProtocolServer (HddsDatanodeClientProtocolServer.java:stop(78)) - Stopping the RPC server for Client Protocol
2023-08-31 10:24:38,427 [ForkJoinPool.commonPool-worker-0] INFO  ipc.Server (Server.java:stop(3523)) - Stopping server on 15046
2023-08-31 10:24:38,432 [IPC Server listener on 15046] INFO  ipc.Server (Server.java:run(1434)) - Stopping IPC Server listener on 15046
2023-08-31 10:24:38,432 [IPC Server Responder] INFO  ipc.Server (Server.java:run(1567)) - Stopping IPC Server Responder
2023-08-31 10:24:38,567 [JUnit] INFO  utils.DatanodeStoreCache (DatanodeStoreCache.java:shutdownCache(110)) - Skip clearing cache in mini cluster mode. Entries left: [/home/runner/work/ozone/ozone/hadoop-ozone/integration-test/target/test-dir/MiniOzoneClusterImpl-40ccb4ce-9e5f-48d9-b45c-9251314ec7cc/datanode-0/data-0/containers/hdds/40ccb4ce-9e5f-48d9-b45c-9251314ec7cc/DS-fdd8a1c3-bdb8-4ae8-b9a2-a0b4ece492ba/container.db, /home/runner/work/ozone/ozone/hadoop-ozone/integration-test/target/test-dir/MiniOzoneClusterImpl-40ccb4ce-9e5f-48d9-b45c-9251314ec7cc/datanode-1/data-0/containers/hdds/40ccb4ce-9e5f-48d9-b45c-9251314ec7cc/DS-76319134-185a-4aed-b719-8720ddb92020/container.db, /home/runner/work/ozone/ozone/hadoop-ozone/integration-test/target/test-dir/MiniOzoneClusterImpl-40ccb4ce-9e5f-48d9-b45c-9251314ec7cc/datanode-2/data-0/containers/hdds/40ccb4ce-9e5f-48d9-b45c-9251314ec7cc/DS-fd15f641-5eb7-4459-9c07-2d2f9b92c84e/container.db, /home/runner/work/ozone/ozone/hadoop-ozone/integration-test/target/test-dir/MiniOzoneClusterImpl-40ccb4ce-9e5f-48d9-b45c-9251314ec7cc/datanode-3/data-0/containers/hdds/40ccb4ce-9e5f-48d9-b45c-9251314ec7cc/DS-75f72929-64d2-4b39-974b-dc5c02e38da0/container.db]
2023-08-31 10:24:38,570 [JUnit] INFO  utils.DatanodeStoreCache (DatanodeStoreCache.java:removeDB(104)) - Removed db /home/runner/work/ozone/ozone/hadoop-ozone/integration-test/target/test-dir/MiniOzoneClusterImpl-40ccb4ce-9e5f-48d9-b45c-9251314ec7cc/datanode-2/data-0/containers/hdds/40ccb4ce-9e5f-48d9-b45c-9251314ec7cc/DS-fd15f641-5eb7-4459-9c07-2d2f9b92c84e/container.db from cache
2023-08-31 10:24:38,570 [JUnit] INFO  volume.HddsVolume (HddsVolume.java:closeDbStore(453)) - SchemaV3 db is stopped at /home/runner/work/ozone/ozone/hadoop-ozone/integration-test/target/test-dir/MiniOzoneClusterImpl-40ccb4ce-9e5f-48d9-b45c-9251314ec7cc/datanode-2/data-0/containers/hdds/40ccb4ce-9e5f-48d9-b45c-9251314ec7cc/DS-fd15f641-5eb7-4459-9c07-2d2f9b92c84e/container.db for volume DS-fd15f641-5eb7-4459-9c07-2d2f9b92c84e
2023-08-31 10:24:38,570 [JUnit] INFO  utils.BackgroundService (BackgroundService.java:shutdown(141)) - Shutting down service BlockDeletingService
2023-08-31 10:24:38,571 [JUnit] INFO  utils.BackgroundService (BackgroundService.java:shutdown(141)) - Shutting down service StaleRecoveringContainerScrubbingService
2023-08-31 10:24:38,571 [JUnit] INFO  statemachine.DatanodeStateMachine (DatanodeStateMachine.java:stopDaemon(620)) - Ozone container server stopped.
2023-08-31 10:24:38,577 [ForkJoinPool.commonPool-worker-3] INFO  utils.DatanodeStoreCache (DatanodeStoreCache.java:shutdownCache(110)) - Skip clearing cache in mini cluster mode. Entries left: [/home/runner/work/ozone/ozone/hadoop-ozone/integration-test/target/test-dir/MiniOzoneClusterImpl-40ccb4ce-9e5f-48d9-b45c-9251314ec7cc/datanode-0/data-0/containers/hdds/40ccb4ce-9e5f-48d9-b45c-9251314ec7cc/DS-fdd8a1c3-bdb8-4ae8-b9a2-a0b4ece492ba/container.db, /home/runner/work/ozone/ozone/hadoop-ozone/integration-test/target/test-dir/MiniOzoneClusterImpl-40ccb4ce-9e5f-48d9-b45c-9251314ec7cc/datanode-1/data-0/containers/hdds/40ccb4ce-9e5f-48d9-b45c-9251314ec7cc/DS-76319134-185a-4aed-b719-8720ddb92020/container.db, /home/runner/work/ozone/ozone/hadoop-ozone/integration-test/target/test-dir/MiniOzoneClusterImpl-40ccb4ce-9e5f-48d9-b45c-9251314ec7cc/datanode-3/data-0/containers/hdds/40ccb4ce-9e5f-48d9-b45c-9251314ec7cc/DS-75f72929-64d2-4b39-974b-dc5c02e38da0/container.db]
2023-08-31 10:24:38,581 [ForkJoinPool.commonPool-worker-3] INFO  utils.DatanodeStoreCache (DatanodeStoreCache.java:removeDB(104)) - Removed db /home/runner/work/ozone/ozone/hadoop-ozone/integration-test/target/test-dir/MiniOzoneClusterImpl-40ccb4ce-9e5f-48d9-b45c-9251314ec7cc/datanode-0/data-0/containers/hdds/40ccb4ce-9e5f-48d9-b45c-9251314ec7cc/DS-fdd8a1c3-bdb8-4ae8-b9a2-a0b4ece492ba/container.db from cache
2023-08-31 10:24:38,581 [ForkJoinPool.commonPool-worker-3] INFO  volume.HddsVolume (HddsVolume.java:closeDbStore(453)) - SchemaV3 db is stopped at /home/runner/work/ozone/ozone/hadoop-ozone/integration-test/target/test-dir/MiniOzoneClusterImpl-40ccb4ce-9e5f-48d9-b45c-9251314ec7cc/datanode-0/data-0/containers/hdds/40ccb4ce-9e5f-48d9-b45c-9251314ec7cc/DS-fdd8a1c3-bdb8-4ae8-b9a2-a0b4ece492ba/container.db for volume DS-fdd8a1c3-bdb8-4ae8-b9a2-a0b4ece492ba
2023-08-31 10:24:38,581 [ForkJoinPool.commonPool-worker-3] INFO  utils.BackgroundService (BackgroundService.java:shutdown(141)) - Shutting down service BlockDeletingService
2023-08-31 10:24:38,581 [ForkJoinPool.commonPool-worker-3] INFO  utils.BackgroundService (BackgroundService.java:shutdown(141)) - Shutting down service StaleRecoveringContainerScrubbingService
2023-08-31 10:24:38,583 [ForkJoinPool.commonPool-worker-3] INFO  statemachine.DatanodeStateMachine (DatanodeStateMachine.java:stopDaemon(620)) - Ozone container server stopped.
2023-08-31 10:24:38,588 [JUnit] INFO  handler.ContextHandler (ContextHandler.java:doStop(1159)) - Stopped o.e.j.w.WebAppContext@6fa43cbf{hddsDatanode,/,null,STOPPED}{jar:file:/home/runner/.m2/repository/org/apache/ozone/hdds-container-service/1.4.0-SNAPSHOT/hdds-container-service-1.4.0-SNAPSHOT.jar!/webapps/hddsDatanode}
2023-08-31 10:24:38,589 [JUnit] INFO  server.AbstractConnector (AbstractConnector.java:doStop(383)) - Stopped ServerConnector@658e055b{HTTP/1.1, (http/1.1)}{0.0.0.0:15027}
2023-08-31 10:24:38,589 [JUnit] INFO  server.session (HouseKeeper.java:stopScavenging(149)) - node0 Stopped scavenging
2023-08-31 10:24:38,589 [JUnit] INFO  handler.ContextHandler (ContextHandler.java:doStop(1159)) - Stopped o.e.j.s.ServletContextHandler@68d74371{static,/static,jar:file:/home/runner/.m2/repository/org/apache/ozone/hdds-container-service/1.4.0-SNAPSHOT/hdds-container-service-1.4.0-SNAPSHOT.jar!/webapps/static,STOPPED}
2023-08-31 10:24:38,589 [JUnit] INFO  handler.ContextHandler (ContextHandler.java:doStop(1159)) - Stopped o.e.j.s.ServletContextHandler@30d64921{logs,/logs,file:///home/runner/work/ozone/ozone/hadoop-ozone/integration-test/target/log,STOPPED}
2023-08-31 10:24:38,590 [JUnit] INFO  ozone.HddsDatanodeClientProtocolServer (HddsDatanodeClientProtocolServer.java:stop(78)) - Stopping the RPC server for Client Protocol
2023-08-31 10:24:38,590 [JUnit] INFO  ipc.Server (Server.java:stop(3523)) - Stopping server on 15028
2023-08-31 10:24:38,591 [IPC Server Responder] INFO  ipc.Server (Server.java:run(1567)) - Stopping IPC Server Responder
2023-08-31 10:24:38,591 [IPC Server listener on 15028] INFO  ipc.Server (Server.java:run(1434)) - Stopping IPC Server listener on 15028
2023-08-31 10:24:38,594 [ForkJoinPool.commonPool-worker-3] INFO  handler.ContextHandler (ContextHandler.java:doStop(1159)) - Stopped o.e.j.w.WebAppContext@543ff21e{hddsDatanode,/,null,STOPPED}{jar:file:/home/runner/.m2/repository/org/apache/ozone/hdds-container-service/1.4.0-SNAPSHOT/hdds-container-service-1.4.0-SNAPSHOT.jar!/webapps/hddsDatanode}
2023-08-31 10:24:38,595 [ForkJoinPool.commonPool-worker-3] INFO  server.AbstractConnector (AbstractConnector.java:doStop(383)) - Stopped ServerConnector@3124e9b9{HTTP/1.1, (http/1.1)}{0.0.0.0:15009}
2023-08-31 10:24:38,595 [ForkJoinPool.commonPool-worker-3] INFO  server.session (HouseKeeper.java:stopScavenging(149)) - node0 Stopped scavenging
2023-08-31 10:24:38,595 [ForkJoinPool.commonPool-worker-3] INFO  handler.ContextHandler (ContextHandler.java:doStop(1159)) - Stopped o.e.j.s.ServletContextHandler@42ed2c5d{static,/static,jar:file:/home/runner/.m2/repository/org/apache/ozone/hdds-container-service/1.4.0-SNAPSHOT/hdds-container-service-1.4.0-SNAPSHOT.jar!/webapps/static,STOPPED}
2023-08-31 10:24:38,596 [ForkJoinPool.commonPool-worker-3] INFO  handler.ContextHandler (ContextHandler.java:doStop(1159)) - Stopped o.e.j.s.ServletContextHandler@3baf972e{logs,/logs,file:///home/runner/work/ozone/ozone/hadoop-ozone/integration-test/target/log,STOPPED}
2023-08-31 10:24:38,598 [ForkJoinPool.commonPool-worker-3] INFO  ozone.HddsDatanodeClientProtocolServer (HddsDatanodeClientProtocolServer.java:stop(78)) - Stopping the RPC server for Client Protocol
2023-08-31 10:24:38,598 [ForkJoinPool.commonPool-worker-3] INFO  ipc.Server (Server.java:stop(3523)) - Stopping server on 15010
2023-08-31 10:24:38,598 [IPC Server listener on 15010] INFO  ipc.Server (Server.java:run(1434)) - Stopping IPC Server listener on 15010
2023-08-31 10:24:38,599 [IPC Server Responder] INFO  ipc.Server (Server.java:run(1567)) - Stopping IPC Server Responder
2023-08-31 10:24:38,621 [ForkJoinPool.commonPool-worker-1] INFO  utils.DatanodeStoreCache (DatanodeStoreCache.java:shutdownCache(110)) - Skip clearing cache in mini cluster mode. Entries left: [/home/runner/work/ozone/ozone/hadoop-ozone/integration-test/target/test-dir/MiniOzoneClusterImpl-40ccb4ce-9e5f-48d9-b45c-9251314ec7cc/datanode-1/data-0/containers/hdds/40ccb4ce-9e5f-48d9-b45c-9251314ec7cc/DS-76319134-185a-4aed-b719-8720ddb92020/container.db, /home/runner/work/ozone/ozone/hadoop-ozone/integration-test/target/test-dir/MiniOzoneClusterImpl-40ccb4ce-9e5f-48d9-b45c-9251314ec7cc/datanode-3/data-0/containers/hdds/40ccb4ce-9e5f-48d9-b45c-9251314ec7cc/DS-75f72929-64d2-4b39-974b-dc5c02e38da0/container.db]
2023-08-31 10:24:38,623 [ForkJoinPool.commonPool-worker-1] INFO  utils.DatanodeStoreCache (DatanodeStoreCache.java:removeDB(104)) - Removed db /home/runner/work/ozone/ozone/hadoop-ozone/integration-test/target/test-dir/MiniOzoneClusterImpl-40ccb4ce-9e5f-48d9-b45c-9251314ec7cc/datanode-1/data-0/containers/hdds/40ccb4ce-9e5f-48d9-b45c-9251314ec7cc/DS-76319134-185a-4aed-b719-8720ddb92020/container.db from cache
2023-08-31 10:24:38,623 [ForkJoinPool.commonPool-worker-1] INFO  volume.HddsVolume (HddsVolume.java:closeDbStore(453)) - SchemaV3 db is stopped at /home/runner/work/ozone/ozone/hadoop-ozone/integration-test/target/test-dir/MiniOzoneClusterImpl-40ccb4ce-9e5f-48d9-b45c-9251314ec7cc/datanode-1/data-0/containers/hdds/40ccb4ce-9e5f-48d9-b45c-9251314ec7cc/DS-76319134-185a-4aed-b719-8720ddb92020/container.db for volume DS-76319134-185a-4aed-b719-8720ddb92020
2023-08-31 10:24:38,623 [ForkJoinPool.commonPool-worker-1] INFO  utils.BackgroundService (BackgroundService.java:shutdown(141)) - Shutting down service BlockDeletingService
2023-08-31 10:24:38,624 [ForkJoinPool.commonPool-worker-1] INFO  utils.BackgroundService (BackgroundService.java:shutdown(141)) - Shutting down service StaleRecoveringContainerScrubbingService
2023-08-31 10:24:38,624 [ForkJoinPool.commonPool-worker-1] INFO  statemachine.DatanodeStateMachine (DatanodeStateMachine.java:stopDaemon(620)) - Ozone container server stopped.
2023-08-31 10:24:38,634 [ForkJoinPool.commonPool-worker-1] INFO  handler.ContextHandler (ContextHandler.java:doStop(1159)) - Stopped o.e.j.w.WebAppContext@6ed61f9e{hddsDatanode,/,null,STOPPED}{jar:file:/home/runner/.m2/repository/org/apache/ozone/hdds-container-service/1.4.0-SNAPSHOT/hdds-container-service-1.4.0-SNAPSHOT.jar!/webapps/hddsDatanode}
2023-08-31 10:24:38,634 [ForkJoinPool.commonPool-worker-1] INFO  server.AbstractConnector (AbstractConnector.java:doStop(383)) - Stopped ServerConnector@7467b8ee{HTTP/1.1, (http/1.1)}{0.0.0.0:15018}
2023-08-31 10:24:38,634 [ForkJoinPool.commonPool-worker-1] INFO  server.session (HouseKeeper.java:stopScavenging(149)) - node0 Stopped scavenging
2023-08-31 10:24:38,635 [ForkJoinPool.commonPool-worker-1] INFO  handler.ContextHandler (ContextHandler.java:doStop(1159)) - Stopped o.e.j.s.ServletContextHandler@4009d97f{static,/static,jar:file:/home/runner/.m2/repository/org/apache/ozone/hdds-container-service/1.4.0-SNAPSHOT/hdds-container-service-1.4.0-SNAPSHOT.jar!/webapps/static,STOPPED}
2023-08-31 10:24:38,635 [ForkJoinPool.commonPool-worker-1] INFO  handler.ContextHandler (ContextHandler.java:doStop(1159)) - Stopped o.e.j.s.ServletContextHandler@4dcaab6b{logs,/logs,file:///home/runner/work/ozone/ozone/hadoop-ozone/integration-test/target/log,STOPPED}
2023-08-31 10:24:38,636 [ForkJoinPool.commonPool-worker-1] INFO  ozone.HddsDatanodeClientProtocolServer (HddsDatanodeClientProtocolServer.java:stop(78)) - Stopping the RPC server for Client Protocol
2023-08-31 10:24:38,637 [ForkJoinPool.commonPool-worker-1] INFO  ipc.Server (Server.java:stop(3523)) - Stopping server on 15019
2023-08-31 10:24:38,637 [IPC Server listener on 15019] INFO  ipc.Server (Server.java:run(1434)) - Stopping IPC Server listener on 15019
2023-08-31 10:24:38,640 [IPC Server Responder] INFO  ipc.Server (Server.java:run(1567)) - Stopping IPC Server Responder
2023-08-31 10:24:38,778 [ForkJoinPool.commonPool-worker-2] INFO  utils.DatanodeStoreCache (DatanodeStoreCache.java:shutdownCache(110)) - Skip clearing cache in mini cluster mode. Entries left: [/home/runner/work/ozone/ozone/hadoop-ozone/integration-test/target/test-dir/MiniOzoneClusterImpl-40ccb4ce-9e5f-48d9-b45c-9251314ec7cc/datanode-3/data-0/containers/hdds/40ccb4ce-9e5f-48d9-b45c-9251314ec7cc/DS-75f72929-64d2-4b39-974b-dc5c02e38da0/container.db]
2023-08-31 10:24:38,780 [ForkJoinPool.commonPool-worker-2] INFO  utils.DatanodeStoreCache (DatanodeStoreCache.java:removeDB(104)) - Removed db /home/runner/work/ozone/ozone/hadoop-ozone/integration-test/target/test-dir/MiniOzoneClusterImpl-40ccb4ce-9e5f-48d9-b45c-9251314ec7cc/datanode-3/data-0/containers/hdds/40ccb4ce-9e5f-48d9-b45c-9251314ec7cc/DS-75f72929-64d2-4b39-974b-dc5c02e38da0/container.db from cache
2023-08-31 10:24:38,780 [ForkJoinPool.commonPool-worker-2] INFO  volume.HddsVolume (HddsVolume.java:closeDbStore(453)) - SchemaV3 db is stopped at /home/runner/work/ozone/ozone/hadoop-ozone/integration-test/target/test-dir/MiniOzoneClusterImpl-40ccb4ce-9e5f-48d9-b45c-9251314ec7cc/datanode-3/data-0/containers/hdds/40ccb4ce-9e5f-48d9-b45c-9251314ec7cc/DS-75f72929-64d2-4b39-974b-dc5c02e38da0/container.db for volume DS-75f72929-64d2-4b39-974b-dc5c02e38da0
2023-08-31 10:24:38,780 [ForkJoinPool.commonPool-worker-2] INFO  utils.BackgroundService (BackgroundService.java:shutdown(141)) - Shutting down service BlockDeletingService
2023-08-31 10:24:38,781 [ForkJoinPool.commonPool-worker-2] INFO  utils.BackgroundService (BackgroundService.java:shutdown(141)) - Shutting down service StaleRecoveringContainerScrubbingService
2023-08-31 10:24:38,781 [ForkJoinPool.commonPool-worker-2] INFO  statemachine.DatanodeStateMachine (DatanodeStateMachine.java:stopDaemon(620)) - Ozone container server stopped.
2023-08-31 10:24:38,794 [ForkJoinPool.commonPool-worker-2] INFO  handler.ContextHandler (ContextHandler.java:doStop(1159)) - Stopped o.e.j.w.WebAppContext@1141ce2a{hddsDatanode,/,null,STOPPED}{jar:file:/home/runner/.m2/repository/org/apache/ozone/hdds-container-service/1.4.0-SNAPSHOT/hdds-container-service-1.4.0-SNAPSHOT.jar!/webapps/hddsDatanode}
2023-08-31 10:24:38,795 [ForkJoinPool.commonPool-worker-2] INFO  server.AbstractConnector (AbstractConnector.java:doStop(383)) - Stopped ServerConnector@723b62e2{HTTP/1.1, (http/1.1)}{0.0.0.0:15036}
2023-08-31 10:24:38,795 [ForkJoinPool.commonPool-worker-2] INFO  server.session (HouseKeeper.java:stopScavenging(149)) - node0 Stopped scavenging
2023-08-31 10:24:38,795 [ForkJoinPool.commonPool-worker-2] INFO  handler.ContextHandler (ContextHandler.java:doStop(1159)) - Stopped o.e.j.s.ServletContextHandler@7eba01f5{static,/static,jar:file:/home/runner/.m2/repository/org/apache/ozone/hdds-container-service/1.4.0-SNAPSHOT/hdds-container-service-1.4.0-SNAPSHOT.jar!/webapps/static,STOPPED}
2023-08-31 10:24:38,796 [ForkJoinPool.commonPool-worker-2] INFO  handler.ContextHandler (ContextHandler.java:doStop(1159)) - Stopped o.e.j.s.ServletContextHandler@104770aa{logs,/logs,file:///home/runner/work/ozone/ozone/hadoop-ozone/integration-test/target/log,STOPPED}
2023-08-31 10:24:38,797 [ForkJoinPool.commonPool-worker-2] INFO  ozone.HddsDatanodeClientProtocolServer (HddsDatanodeClientProtocolServer.java:stop(78)) - Stopping the RPC server for Client Protocol
2023-08-31 10:24:38,797 [ForkJoinPool.commonPool-worker-2] INFO  ipc.Server (Server.java:stop(3523)) - Stopping server on 15037
2023-08-31 10:24:38,797 [IPC Server listener on 15037] INFO  ipc.Server (Server.java:run(1434)) - Stopping IPC Server listener on 15037
2023-08-31 10:24:38,800 [IPC Server Responder] INFO  ipc.Server (Server.java:run(1567)) - Stopping IPC Server Responder
2023-08-31 10:24:38,802 [JUnit] INFO  ozone.MiniOzoneClusterImpl (MiniOzoneClusterImpl.java:stopSCM(543)) - Stopping the StorageContainerManager
2023-08-31 10:24:38,802 [JUnit] INFO  server.StorageContainerManager (StorageContainerManager.java:stop(1591)) - Container Balancer is not running.
2023-08-31 10:24:38,802 [JUnit] INFO  server.StorageContainerManager (StorageContainerManager.java:stopReplicationManager(1724)) - Stopping Replication Manager Service.
2023-08-31 10:24:38,802 [JUnit] INFO  replication.ReplicationManager (ReplicationManager.java:stop(323)) - Stopping Replication Monitor Thread.
2023-08-31 10:24:38,802 [JUnit] INFO  server.StorageContainerManager (StorageContainerManager.java:stop(1600)) - Stopping the Datanode Admin Monitor.
2023-08-31 10:24:38,802 [Under Replicated Processor] WARN  replication.UnhealthyReplicationProcessor (UnhealthyReplicationProcessor.java:run(180)) - Under Replicated Processor interrupted. Exiting...
2023-08-31 10:24:38,803 [JUnit] INFO  server.StorageContainerManager (StorageContainerManager.java:stop(1607)) - Stopping datanode service RPC server
2023-08-31 10:24:38,803 [JUnit] INFO  server.SCMDatanodeProtocolServer (SCMDatanodeProtocolServer.java:stop(424)) - Stopping the RPC server for DataNodes
2023-08-31 10:24:38,803 [Over Replicated Processor] WARN  replication.UnhealthyReplicationProcessor (UnhealthyReplicationProcessor.java:run(180)) - Over Replicated Processor interrupted. Exiting...
2023-08-31 10:24:38,803 [JUnit] INFO  ipc.Server (Server.java:stop(3523)) - Stopping server on 15002
2023-08-31 10:24:38,803 [ReplicationMonitor] INFO  replication.ReplicationManager (ReplicationManager.java:run(921)) - Replication Monitor Thread is stopped
2023-08-31 10:24:38,804 [IPC Server Responder] INFO  ipc.Server (Server.java:run(1567)) - Stopping IPC Server Responder
2023-08-31 10:24:38,804 [IPC Server listener on 15002] INFO  ipc.Server (Server.java:run(1434)) - Stopping IPC Server listener on 15002
2023-08-31 10:24:38,826 [SCM Heartbeat Processing Thread - 0] WARN  node.NodeStateManager (NodeStateManager.java:scheduleNextHealthCheck(874)) - Current Thread is interrupted, shutting down HB processing thread for Node Manager.
2023-08-31 10:24:38,826 [JUnit] INFO  server.StorageContainerManager (StorageContainerManager.java:stop(1615)) - Stopping block service RPC server
2023-08-31 10:24:38,826 [JUnit] INFO  server.SCMBlockProtocolServer (SCMBlockProtocolServer.java:stop(161)) - Stopping the RPC server for Block Protocol
2023-08-31 10:24:38,826 [JUnit] INFO  ipc.Server (Server.java:stop(3523)) - Stopping server on 15001
2023-08-31 10:24:38,828 [IPC Server listener on 15001] INFO  ipc.Server (Server.java:run(1434)) - Stopping IPC Server listener on 15001
2023-08-31 10:24:38,828 [IPC Server Responder] INFO  ipc.Server (Server.java:run(1567)) - Stopping IPC Server Responder
2023-08-31 10:24:38,829 [JUnit] INFO  server.StorageContainerManager (StorageContainerManager.java:stop(1622)) - Stopping the StorageContainerLocationProtocol RPC server
2023-08-31 10:24:38,829 [JUnit] INFO  server.SCMClientProtocolServer (SCMClientProtocolServer.java:stop(210)) - Stopping the RPC server for Client Protocol
2023-08-31 10:24:38,829 [JUnit] INFO  ipc.Server (Server.java:stop(3523)) - Stopping server on 15000
2023-08-31 10:24:38,830 [IPC Server listener on 15000] INFO  ipc.Server (Server.java:run(1434)) - Stopping IPC Server listener on 15000
2023-08-31 10:24:38,830 [JUnit] INFO  server.StorageContainerManager (StorageContainerManager.java:stop(1629)) - Stopping Storage Container Manager HTTP server.
2023-08-31 10:24:38,830 [IPC Server Responder] INFO  ipc.Server (Server.java:run(1567)) - Stopping IPC Server Responder
2023-08-31 10:24:38,831 [JUnit] INFO  handler.ContextHandler (ContextHandler.java:doStop(1159)) - Stopped o.e.j.w.WebAppContext@37596b44{scm,/,null,STOPPED}{file:/home/runner/work/ozone/ozone/hadoop-ozone/integration-test/target/test-classes/webapps/scm}
2023-08-31 10:24:38,832 [JUnit] INFO  server.AbstractConnector (AbstractConnector.java:doStop(383)) - Stopped ServerConnector@3fecdd00{HTTP/1.1, (http/1.1)}{0.0.0.0:15003}
2023-08-31 10:24:38,832 [JUnit] INFO  server.session (HouseKeeper.java:stopScavenging(149)) - node0 Stopped scavenging
2023-08-31 10:24:38,832 [JUnit] INFO  handler.ContextHandler (ContextHandler.java:doStop(1159)) - Stopped o.e.j.s.ServletContextHandler@75f316df{static,/static,file:///home/runner/work/ozone/ozone/hadoop-ozone/integration-test/target/test-classes/webapps/static,STOPPED}
2023-08-31 10:24:38,832 [JUnit] INFO  handler.ContextHandler (ContextHandler.java:doStop(1159)) - Stopped o.e.j.s.ServletContextHandler@6557dcea{logs,/logs,file:///home/runner/work/ozone/ozone/hadoop-ozone/integration-test/target/log,STOPPED}
2023-08-31 10:24:38,833 [JUnit] INFO  server.StorageContainerManager (StorageContainerManager.java:stop(1637)) - Stopping SCM LayoutVersionManager Service.
2023-08-31 10:24:38,833 [JUnit] INFO  server.StorageContainerManager (StorageContainerManager.java:stop(1649)) - Stopping Block Manager Service.
2023-08-31 10:24:38,833 [JUnit] INFO  utils.BackgroundService (BackgroundService.java:shutdown(141)) - Shutting down service SCMBlockDeletingService
2023-08-31 10:24:38,833 [JUnit] INFO  utils.BackgroundService (BackgroundService.java:shutdown(141)) - Shutting down service SCMBlockDeletingService
2023-08-31 10:24:38,833 [JUnit] INFO  server.StorageContainerManager (StorageContainerManager.java:stop(1669)) - Stopping SCM Event Queue.
2023-08-31 10:24:38,835 [JvmPauseMonitor0] INFO  util.JvmPauseMonitor (JvmPauseMonitor.java:run(109)) - JvmPauseMonitor-ef36492e-227d-44a7-b371-16d4b215a821: Stopped
2023-08-31 10:24:38,836 [JUnit] INFO  server.StorageContainerManager (StorageContainerManager.java:stop(1680)) - Stopping SCM HA services.
2023-08-31 10:24:38,836 [JUnit] INFO  pipeline.BackgroundPipelineCreator (BackgroundPipelineCreator.java:stop(149)) - Stopping RatisPipelineUtilsThread.
2023-08-31 10:24:38,836 [RatisPipelineUtilsThread - 0] WARN  pipeline.BackgroundPipelineCreator (BackgroundPipelineCreator.java:run(180)) - RatisPipelineUtilsThread is interrupted.
2023-08-31 10:24:38,836 [BackgroundPipelineScrubberThread] WARN  BackgroundPipelineScrubber (BackgroundSCMService.java:run(115)) - BackgroundPipelineScrubber is interrupted, exit
2023-08-31 10:24:38,836 [JUnit] INFO  BackgroundPipelineScrubber (BackgroundSCMService.java:stop(131)) - Stopping BackgroundPipelineScrubber Service.
2023-08-31 10:24:38,837 [JUnit] INFO  impl.MetricsSystemImpl (MetricsSystemImpl.java:stop(210)) - Stopping XceiverClientMetrics metrics system...
2023-08-31 10:24:38,838 [prometheus] INFO  impl.MetricsSinkAdapter (MetricsSinkAdapter.java:publishMetricsFromQueue(141)) - prometheus thread interrupted.
2023-08-31 10:24:38,838 [JUnit] INFO  impl.MetricsSystemImpl (MetricsSystemImpl.java:stop(216)) - XceiverClientMetrics metrics system stopped.
2023-08-31 10:24:38,838 [JUnit] WARN  pipeline.BackgroundPipelineCreator (BackgroundPipelineCreator.java:stop(145)) - RatisPipelineUtilsThread is not running, just ignore.
2023-08-31 10:24:38,838 [JUnit] INFO  BackgroundPipelineScrubber (BackgroundSCMService.java:stop(126)) - BackgroundPipelineScrubber Service is not running, skip stop.
2023-08-31 10:24:38,839 [ExpiredContainerReplicaOpScrubberThread] WARN  ExpiredContainerReplicaOpScrubber (BackgroundSCMService.java:run(115)) - ExpiredContainerReplicaOpScrubber is interrupted, exit
2023-08-31 10:24:38,839 [JUnit] INFO  ExpiredContainerReplicaOpScrubber (BackgroundSCMService.java:stop(131)) - Stopping ExpiredContainerReplicaOpScrubber Service.
2023-08-31 10:24:38,839 [JUnit] INFO  utils.BackgroundService (BackgroundService.java:shutdown(141)) - Shutting down service SCMBlockDeletingService
2023-08-31 10:24:38,839 [JUnit] INFO  replication.ReplicationManager (ReplicationManager.java:stop(333)) - Replication Monitor Thread is not running.
2023-08-31 10:24:38,839 [JUnit] WARN  balancer.ContainerBalancer (ContainerBalancer.java:stop(326)) - Cannot stop Container Balancer because it's not running or stopping
2023-08-31 10:24:38,839 [JUnit] INFO  server.StorageContainerManager (StorageContainerManager.java:stop(1715)) - Stopping SCM MetadataStore.
2023-08-31 10:24:38,843 [Lease Manager-LeaseManager#LeaseMonitor] WARN  lease.LeaseManager (LeaseManager.java:run(272)) - Lease manager is interrupted. Shutting down...
java.lang.InterruptedException
	at java.util.concurrent.locks.AbstractQueuedSynchronizer.doAcquireSharedNanos(AbstractQueuedSynchronizer.java:1039)
	at java.util.concurrent.locks.AbstractQueuedSynchronizer.tryAcquireSharedNanos(AbstractQueuedSynchronizer.java:1328)
	at java.util.concurrent.Semaphore.tryAcquire(Semaphore.java:409)
	at org.apache.hadoop.ozone.lease.LeaseManager$LeaseMonitor.run(LeaseManager.java:270)
	at java.lang.Thread.run(Thread.java:750)
2023-08-31 10:24:38,914 [JUnit] WARN  server.ServerUtils (ServerUtils.java:getScmDbDir(155)) - ozone.scm.db.dirs is not configured. We recommend adding this setting. Falling back to ozone.metadata.dirs instead.
2023-08-31 10:24:38,918 [JUnit] WARN  server.ServerUtils (ServerUtils.java:getScmDbDir(155)) - ozone.scm.db.dirs is not configured. We recommend adding this setting. Falling back to ozone.metadata.dirs instead.
2023-08-31 10:24:38,918 [JUnit] INFO  ha.SCMHANodeDetails (SCMHANodeDetails.java:loadSCMHAConfig(210)) - ServiceID for StorageContainerManager is null
2023-08-31 10:24:38,918 [JUnit] INFO  ha.SCMHANodeDetails (SCMHANodeDetails.java:loadSCMHAConfig(215)) - ozone.scm.default.service.id is not defined, falling back to ozone.scm.service.ids to find serviceID for StorageContainerManager if it is HA enabled cluster
2023-08-31 10:24:38,919 [JUnit] WARN  utils.HAUtils (HAUtils.java:getMetaDir(339)) - ozone.scm.db.dirs is not configured. We recommend adding this setting. Falling back to ozone.metadata.dirs instead.
2023-08-31 10:24:38,919 [JUnit] WARN  db.DBStoreBuilder (DBStoreBuilder.java:applyDBDefinition(166)) - ozone.scm.db.dirs is not configured. We recommend adding this setting. Falling back to ozone.metadata.dirs instead.
2023-08-31 10:24:39,004 [JUnit] INFO  net.NodeSchemaLoader (NodeSchemaLoader.java:loadSchemaFromFile(129)) - Loading schema from [jar:file:/home/runner/.m2/repository/org/apache/ozone/hdds-common/1.4.0-SNAPSHOT/hdds-common-1.4.0-SNAPSHOT.jar!/network-topology-default.xml]
2023-08-31 10:24:39,004 [JUnit] INFO  net.NodeSchemaLoader (NodeSchemaLoader.java:loadSchema(176)) - Loading network topology layer schema file
2023-08-31 10:24:39,008 [JUnit] INFO  upgrade.AbstractLayoutVersionManager (AbstractLayoutVersionManager.java:init(83)) - Initializing Layout version manager with metadata layout = HADOOP_PRC_PORTS_IN_DATANODEDETAILS (version = 7), software layout = HADOOP_PRC_PORTS_IN_DATANODEDETAILS (version = 7)
2023-08-31 10:24:39,009 [JUnit] INFO  ha.SequenceIdGenerator (SequenceIdGenerator.java:upgradeToSequenceId(365)) - upgrade localId to 111677748019200000
2023-08-31 10:24:39,010 [JUnit] INFO  ha.SequenceIdGenerator (SequenceIdGenerator.java:upgradeToSequenceId(375)) - upgrade delTxnId to 0
2023-08-31 10:24:39,010 [JUnit] INFO  ha.SequenceIdGenerator (SequenceIdGenerator.java:upgradeToSequenceId(392)) - upgrade containerId to 0
2023-08-31 10:24:39,011 [JUnit] INFO  ha.SequenceIdGenerator (SequenceIdGenerator.java:upgradeToSequenceId(428)) - upgrade rootCertificateId to 1
2023-08-31 10:24:39,011 [JUnit] INFO  ha.SequenceIdGenerator (SequenceIdGenerator.java:<init>(236)) - Init the HA SequenceIdGenerator.
2023-08-31 10:24:39,012 [JUnit] WARN  server.ServerUtils (ServerUtils.java:sanitizeUserArgs(80)) - ozone.scm.stale.node.interval value = 300000 is larger than max = 100000 based on the key value of ozone.scm.heartbeat.thread.interval, reset to the max value 100000.
2023-08-31 10:24:39,012 [JUnit] WARN  server.ServerUtils (ServerUtils.java:sanitizeUserArgs(80)) - ozone.scm.stale.node.interval value = 300000 is larger than max = 100000 based on the key value of ozone.scm.heartbeat.thread.interval, reset to the max value 100000.
2023-08-31 10:24:39,012 [JUnit] INFO  node.SCMNodeManager (SCMNodeManager.java:<init>(157)) - Entering startup safe mode.
2023-08-31 10:24:39,013 [JUnit] INFO  algorithms.ContainerPlacementPolicyFactory (ContainerPlacementPolicyFactory.java:getPolicyInternal(86)) - Create container placement policy of type org.apache.hadoop.hdds.scm.container.placement.algorithms.SCMContainerPlacementRackAware
2023-08-31 10:24:39,013 [JUnit] INFO  algorithms.ContainerPlacementPolicyFactory (ContainerPlacementPolicyFactory.java:getPolicyInternal(86)) - Create container placement policy of type org.apache.hadoop.hdds.scm.container.placement.algorithms.SCMContainerPlacementRackScatter
2023-08-31 10:24:39,013 [JUnit] INFO  pipeline.PipelineStateManagerImpl (PipelineStateManagerImpl.java:initialize(78)) - No pipeline exists in current db
2023-08-31 10:24:39,013 [JUnit] INFO  algorithms.LeaderChoosePolicyFactory (LeaderChoosePolicyFactory.java:getPolicy(57)) - Create leader choose policy of type org.apache.hadoop.hdds.scm.pipeline.leader.choose.algorithms.MinLeaderCountChoosePolicy
2023-08-31 10:24:39,013 [JUnit] INFO  algorithms.ContainerPlacementPolicyFactory (ContainerPlacementPolicyFactory.java:getPolicyInternal(86)) - Create container placement policy of type org.apache.hadoop.hdds.scm.container.placement.algorithms.SCMContainerPlacementRackScatter
2023-08-31 10:24:39,014 [JUnit] INFO  ha.SCMServiceManager (SCMServiceManager.java:register(42)) - Registering service BackgroundPipelineCreator.
2023-08-31 10:24:39,014 [JUnit] INFO  pipeline.BackgroundPipelineCreator (BackgroundPipelineCreator.java:start(124)) - Starting RatisPipelineUtilsThread.
2023-08-31 10:24:39,014 [JUnit] INFO  BackgroundPipelineScrubber (BackgroundSCMService.java:start(68)) - Starting BackgroundPipelineScrubber Service.
2023-08-31 10:24:39,015 [JUnit] INFO  ha.SCMServiceManager (SCMServiceManager.java:register(42)) - Registering service BackgroundPipelineScrubber.
2023-08-31 10:24:39,015 [JUnit] INFO  ExpiredContainerReplicaOpScrubber (BackgroundSCMService.java:start(68)) - Starting ExpiredContainerReplicaOpScrubber Service.
2023-08-31 10:24:39,015 [JUnit] INFO  ha.SCMServiceManager (SCMServiceManager.java:register(42)) - Registering service ExpiredContainerReplicaOpScrubber.
2023-08-31 10:24:39,016 [JUnit] INFO  algorithms.PipelineChoosePolicyFactory (PipelineChoosePolicyFactory.java:createPipelineChoosePolicyFromClass(78)) - Create pipeline choose policy of type org.apache.hadoop.hdds.scm.pipeline.choose.algorithms.RandomPipelineChoosePolicy
2023-08-31 10:24:39,016 [JUnit] INFO  algorithms.PipelineChoosePolicyFactory (PipelineChoosePolicyFactory.java:createPipelineChoosePolicyFromClass(78)) - Create pipeline choose policy of type org.apache.hadoop.hdds.scm.pipeline.choose.algorithms.RandomPipelineChoosePolicy
2023-08-31 10:24:39,016 [JUnit] INFO  ha.SCMServiceManager (SCMServiceManager.java:register(42)) - Registering service SCMBlockDeletingService.
2023-08-31 10:24:39,017 [JUnit] INFO  replication.ReplicationManager (ReplicationManager.java:start(291)) - Starting Replication Monitor Thread.
2023-08-31 10:24:39,017 [JUnit] INFO  ha.SCMServiceManager (SCMServiceManager.java:register(42)) - Registering service ReplicationManager.
2023-08-31 10:24:39,018 [JUnit] INFO  safemode.ContainerSafeModeRule (ContainerSafeModeRule.java:<init>(90)) - containers with one replica threshold count 0
2023-08-31 10:24:39,018 [JUnit] INFO  safemode.HealthyPipelineSafeModeRule (HealthyPipelineSafeModeRule.java:initializeRule(169)) - Total pipeline count is 0, healthy pipeline threshold count is 1
2023-08-31 10:24:39,018 [JUnit] INFO  safemode.OneReplicaPipelineSafeModeRule (OneReplicaPipelineSafeModeRule.java:initializeRule(180)) - Total pipeline count is 0, pipeline's with at least one datanode reported threshold count is 0
2023-08-31 10:24:39,019 [JUnit] INFO  server.StorageContainerManager (StorageContainerManager.java:<init>(425)) - SCM start with adminUsers: [runner]
2023-08-31 10:24:39,019 [JUnit] INFO  ipc.CallQueueManager (CallQueueManager.java:<init>(90)) - Using callQueue: class java.util.concurrent.LinkedBlockingQueue, queueCapacity: 2000, scheduler: class org.apache.hadoop.ipc.DefaultRpcScheduler, ipcBackoff: false.
2023-08-31 10:24:39,019 [JUnit] INFO  ipc.Server (Server.java:<init>(1287)) - Listener at 0.0.0.0:15055
2023-08-31 10:24:39,021 [ReplicationMonitor] INFO  replication.ReplicationManager (ReplicationManager.java:processAll(365)) - Replication Manager is not ready to run until 3000ms after safemode exit
2023-08-31 10:24:39,022 [Socket Reader #1 for port 15055] INFO  ipc.Server (Server.java:run(1323)) - Starting Socket Reader #1 for port 15055
2023-08-31 10:24:39,024 [JUnit] INFO  ipc.CallQueueManager (CallQueueManager.java:<init>(90)) - Using callQueue: class java.util.concurrent.LinkedBlockingQueue, queueCapacity: 2000, scheduler: class org.apache.hadoop.ipc.DefaultRpcScheduler, ipcBackoff: false.
2023-08-31 10:24:39,024 [JUnit] INFO  ipc.Server (Server.java:<init>(1287)) - Listener at 0.0.0.0:15054
2023-08-31 10:24:39,025 [Socket Reader #1 for port 15054] INFO  ipc.Server (Server.java:run(1323)) - Starting Socket Reader #1 for port 15054
2023-08-31 10:24:39,025 [JUnit] INFO  ipc.CallQueueManager (CallQueueManager.java:<init>(90)) - Using callQueue: class java.util.concurrent.LinkedBlockingQueue, queueCapacity: 2000, scheduler: class org.apache.hadoop.ipc.DefaultRpcScheduler, ipcBackoff: false.
2023-08-31 10:24:39,026 [JUnit] INFO  ipc.Server (Server.java:<init>(1287)) - Listener at 0.0.0.0:15053
2023-08-31 10:24:39,032 [Socket Reader #1 for port 15053] INFO  ipc.Server (Server.java:run(1323)) - Starting Socket Reader #1 for port 15053
2023-08-31 10:24:39,039 [JUnit] INFO  ha.SCMServiceManager (SCMServiceManager.java:register(42)) - Registering service ContainerBalancer.
2023-08-31 10:24:39,039 [JUnit] INFO  server.StorageContainerManager (StorageContainerManager.java:<init>(438)) - 
Container Balancer status:
Key                            Value
Running                        false
Container Balancer Configuration values:
Key                                                Value
Threshold                                          10
Max Datanodes to Involve per Iteration(percent)    20
Max Size to Move per Iteration                     500GB
Max Size Entering Target per Iteration             26GB
Max Size Leaving Source per Iteration              26GB

2023-08-31 10:24:39,039 [JUnit] INFO  ha.SCMContext (SCMContext.java:updateSafeModeStatus(228)) - Update SafeModeStatus from SafeModeStatus{safeModeStatus=true, preCheckPassed=false} to SafeModeStatus{safeModeStatus=true, preCheckPassed=false}.
2023-08-31 10:24:39,039 [JUnit] INFO  server.StorageContainerManager (StorageContainerManager.java:start(1483)) - StorageContainerLocationProtocol RPC server is listening at /0.0.0.0:15053
2023-08-31 10:24:39,040 [JUnit] WARN  impl.MetricsConfig (MetricsConfig.java:loadFirst(136)) - Cannot locate configuration: tried hadoop-metrics2-storagecontainermanager.properties,hadoop-metrics2.properties
2023-08-31 10:24:39,042 [JUnit] INFO  impl.MetricsSystemImpl (MetricsSystemImpl.java:startTimer(378)) - Scheduled Metric snapshot period at 10 second(s).
2023-08-31 10:24:39,042 [JUnit] INFO  impl.MetricsSystemImpl (MetricsSystemImpl.java:start(191)) - StorageContainerManager metrics system started
2023-08-31 10:24:39,047 [JUnit] INFO  impl.MetricsSinkAdapter (MetricsSinkAdapter.java:start(204)) - Sink prometheus started
2023-08-31 10:24:39,047 [JUnit] INFO  impl.MetricsSystemImpl (MetricsSystemImpl.java:registerSink(305)) - Registered sink prometheus
2023-08-31 10:24:39,073 [JUnit] INFO  server.SCMClientProtocolServer (SCMClientProtocolServer.java:start(201)) - RPC server for Client  is listening at /0.0.0.0:15053
2023-08-31 10:24:39,074 [IPC Server Responder] INFO  ipc.Server (Server.java:run(1562)) - IPC Server Responder: starting
2023-08-31 10:24:39,076 [IPC Server listener on 15053] INFO  ipc.Server (Server.java:run(1402)) - IPC Server listener on 15053: starting
2023-08-31 10:24:39,078 [JUnit] INFO  server.StorageContainerManager (StorageContainerManager.java:start(1496)) - ScmBlockLocationProtocol RPC server is listening at /0.0.0.0:15054
2023-08-31 10:24:39,079 [JUnit] INFO  server.SCMBlockProtocolServer (SCMBlockProtocolServer.java:start(152)) - RPC server for Block Protocol is listening at /0.0.0.0:15054
2023-08-31 10:24:39,079 [IPC Server Responder] INFO  ipc.Server (Server.java:run(1562)) - IPC Server Responder: starting
2023-08-31 10:24:39,079 [IPC Server listener on 15054] INFO  ipc.Server (Server.java:run(1402)) - IPC Server listener on 15054: starting
2023-08-31 10:24:39,081 [JUnit] INFO  server.SCMDatanodeProtocolServer (SCMDatanodeProtocolServer.java:start(193)) - ScmDatanodeProtocol RPC server for DataNodes is listening at /0.0.0.0:15055
2023-08-31 10:24:39,082 [IPC Server Responder] INFO  ipc.Server (Server.java:run(1562)) - IPC Server Responder: starting
2023-08-31 10:24:39,082 [IPC Server listener on 15055] INFO  ipc.Server (Server.java:run(1402)) - IPC Server listener on 15055: starting
2023-08-31 10:24:39,085 [JvmPauseMonitor7] INFO  util.JvmPauseMonitor (JvmPauseMonitor.java:run(103)) - JvmPauseMonitor-bf340ccf-d917-4769-b0aa-ab31493cfc77: Started
2023-08-31 10:24:39,086 [JUnit] INFO  http.BaseHttpServer (BaseHttpServer.java:newHttpServer2BuilderForOzone(223)) - Starting Web-server for scm at: http://0.0.0.0:15056
2023-08-31 10:24:39,086 [JUnit] INFO  http.BaseHttpServer (BaseHttpServer.java:<init>(110)) - Hadoop Security Enabled: false Ozone Security Enabled: false Ozone HTTP Security Enabled: false 
2023-08-31 10:24:39,087 [JUnit] WARN  server.AuthenticationFilter (AuthenticationFilter.java:constructSecretProvider(240)) - Unable to initialize FileSignerSecretProvider, falling back to use random secrets. Reason: Could not read signature secret file: /home/runner/hadoop-http-auth-signature-secret
2023-08-31 10:24:39,088 [JUnit] INFO  http.HttpRequestLog (HttpRequestLog.java:getRequestLog(86)) - Http request log for http.requests.scm is not defined
2023-08-31 10:24:39,089 [JUnit] INFO  http.HttpServer2 (HttpServer2.java:addGlobalFilter(1031)) - Added global filter 'safety' (class=org.apache.hadoop.hdds.server.http.HttpServer2$QuotingInputFilter)
2023-08-31 10:24:39,090 [JUnit] INFO  http.HttpServer2 (HttpServer2.java:addFilter(1007)) - Added filter static_user_filter (class=org.apache.hadoop.http.lib.StaticUserWebFilter$StaticUserFilter) to context scm
2023-08-31 10:24:39,090 [JUnit] INFO  http.HttpServer2 (HttpServer2.java:addFilter(1015)) - Added filter static_user_filter (class=org.apache.hadoop.http.lib.StaticUserWebFilter$StaticUserFilter) to context logs
2023-08-31 10:24:39,090 [JUnit] INFO  http.HttpServer2 (HttpServer2.java:addFilter(1015)) - Added filter static_user_filter (class=org.apache.hadoop.http.lib.StaticUserWebFilter$StaticUserFilter) to context static
2023-08-31 10:24:39,091 [JUnit] INFO  http.BaseHttpServer (BaseHttpServer.java:<init>(189)) - HTTP server of scm uses base directory /home/runner/work/ozone/ozone/hadoop-ozone/integration-test/target/test-dir/MiniOzoneClusterImpl-3562ddc4-ebd0-49e0-a6e7-0f6459768660/ozone-meta/webserver
2023-08-31 10:24:39,091 [JUnit] INFO  http.HttpServer2 (HttpServer2.java:bindListener(1231)) - Jetty bound to port 15056
2023-08-31 10:24:39,091 [JUnit] INFO  server.Server (Server.java:doStart(375)) - jetty-9.4.51.v20230217; built: 2023-02-17T08:19:37.309Z; git: b45c405e4544384de066f814ed42ae3dceacdd49; jvm 1.8.0_382-b05
2023-08-31 10:24:39,094 [JUnit] INFO  server.session (DefaultSessionIdManager.java:doStart(334)) - DefaultSessionIdManager workerName=node0
2023-08-31 10:24:39,094 [JUnit] INFO  server.session (DefaultSessionIdManager.java:doStart(339)) - No SessionScavenger set, using defaults
2023-08-31 10:24:39,094 [JUnit] INFO  server.session (HouseKeeper.java:startScavenging(132)) - node0 Scavenging every 660000ms
2023-08-31 10:24:39,095 [JUnit] INFO  handler.ContextHandler (ContextHandler.java:doStart(921)) - Started o.e.j.s.ServletContextHandler@1bc271aa{logs,/logs,file:///home/runner/work/ozone/ozone/hadoop-ozone/integration-test/target/log,AVAILABLE}
2023-08-31 10:24:39,096 [JUnit] INFO  handler.ContextHandler (ContextHandler.java:doStart(921)) - Started o.e.j.s.ServletContextHandler@21cdceb2{static,/static,file:///home/runner/work/ozone/ozone/hadoop-ozone/integration-test/target/test-classes/webapps/static,AVAILABLE}
2023-08-31 10:24:39,099 [JUnit] INFO  handler.ContextHandler (ContextHandler.java:doStart(921)) - Started o.e.j.w.WebAppContext@6d18bbb8{scm,/,file:///home/runner/work/ozone/ozone/hadoop-ozone/integration-test/target/test-classes/webapps/scm/,AVAILABLE}{file:/home/runner/work/ozone/ozone/hadoop-ozone/integration-test/target/test-classes/webapps/scm}
2023-08-31 10:24:39,101 [JUnit] INFO  server.AbstractConnector (AbstractConnector.java:doStart(333)) - Started ServerConnector@78753f6f{HTTP/1.1, (http/1.1)}{0.0.0.0:15056}
2023-08-31 10:24:39,101 [JUnit] INFO  server.Server (Server.java:doStart(415)) - Started @30677ms
2023-08-31 10:24:39,101 [JUnit] WARN  impl.MetricsSystemImpl (MetricsSystemImpl.java:register(279)) - Sink prometheus already exists!
2023-08-31 10:24:39,102 [JUnit] INFO  http.BaseHttpServer (BaseHttpServer.java:updateConnectorAddress(354)) - HTTP server of scm listening at http://0.0.0.0:15056
2023-08-31 10:24:39,102 [JUnit] WARN  server.ServerUtils (ServerUtils.java:getDBPath(311)) - ozone.om.db.dirs is not configured. We recommend adding this setting. Falling back to ozone.metadata.dirs instead.
2023-08-31 10:24:39,104 [JUnit] INFO  ha.OMHANodeDetails (OMHANodeDetails.java:loadOMHAConfig(115)) - ozone.om.internal.service.id is not defined, falling back to ozone.om.service.ids to find serviceID for OzoneManager if it is HA enabled cluster
2023-08-31 10:24:39,104 [JUnit] INFO  ha.OMHANodeDetails (OMHANodeDetails.java:loadOMHAConfig(226)) - Configuration does not have ozone.om.address set. Falling back to the default OM address /127.0.0.1:15057
2023-08-31 10:24:39,104 [JUnit] INFO  ha.OMHANodeDetails (OMHANodeDetails.java:getOMNodeDetailsForNonHA(254)) - OM Service ID is not set. Setting it to the default ID: omServiceIdDefault
2023-08-31 10:24:39,104 [JUnit] INFO  ha.OMHANodeDetails (OMHANodeDetails.java:getOMNodeDetailsForNonHA(261)) - OM Node ID is not set. Setting it to the default ID: om1
2023-08-31 10:24:39,104 [JUnit] WARN  server.ServerUtils (ServerUtils.java:getDBPath(311)) - ozone.om.db.dirs is not configured. We recommend adding this setting. Falling back to ozone.metadata.dirs instead.
2023-08-31 10:24:39,105 [JUnit] INFO  upgrade.AbstractLayoutVersionManager (AbstractLayoutVersionManager.java:init(83)) - Initializing Layout version manager with metadata layout = QUOTA (version = 6), software layout = QUOTA (version = 6)
2023-08-31 10:24:39,226 [JUnit] INFO  reflections.Reflections (Reflections.java:scan(232)) - Reflections took 120 ms to scan 2 urls, producing 188 keys and 512 values [using 2 cores]
2023-08-31 10:24:39,226 [JUnit] INFO  upgrade.OMLayoutVersionManager (OMLayoutVersionManager.java:lambda$0(115)) - Skipping Upgrade Action MockOmUpgradeAction since it has been finalized.
2023-08-31 10:24:39,226 [JUnit] INFO  upgrade.OMLayoutVersionManager (OMLayoutVersionManager.java:lambda$0(115)) - Skipping Upgrade Action QuotaRepairUpgradeAction since it has been finalized.
2023-08-31 10:24:39,227 [JUnit] WARN  server.ServerUtils (ServerUtils.java:getDBPath(311)) - ozone.om.db.dirs is not configured. We recommend adding this setting. Falling back to ozone.metadata.dirs instead.
2023-08-31 10:24:39,227 [JUnit] INFO  proxy.SCMBlockLocationFailoverProxyProvider (SCMBlockLocationFailoverProxyProvider.java:<init>(114)) - Created block location fail-over proxy with 1 nodes: [nodeId=scmNodeId,nodeAddress=/0.0.0.0:15054]
2023-08-31 10:24:39,228 [JUnit] INFO  proxy.SCMBlockLocationFailoverProxyProvider (SCMBlockLocationFailoverProxyProvider.java:<init>(114)) - Created block location fail-over proxy with 1 nodes: [nodeId=scmNodeId,nodeAddress=/0.0.0.0:15054]
2023-08-31 10:24:39,235 [JUnit] INFO  om.OzoneManager (OzoneManager.java:<init>(665)) - OM start with adminUsers: [runner]
2023-08-31 10:24:39,236 [JUnit] WARN  server.ServerUtils (ServerUtils.java:getDBPath(311)) - ozone.om.db.dirs is not configured. We recommend adding this setting. Falling back to ozone.metadata.dirs instead.
2023-08-31 10:24:39,237 [JUnit] INFO  helpers.OmKeyInfo (OmKeyInfo.java:getCodec(71)) - OmKeyInfo.getCodec ignorePipeline = true
2023-08-31 10:24:39,411 [JUnit] INFO  om.OzoneManager (OzoneManager.java:instantiateServices(794)) - S3 Multi-Tenancy is disabled
2023-08-31 10:24:39,412 [JUnit] INFO  om.OmSnapshotManager (OmSnapshotManager.java:<init>(175)) - Ozone filesystem snapshot feature is enabled.
2023-08-31 10:24:39,412 [JUnit] WARN  server.ServerUtils (ServerUtils.java:getDBPath(311)) - ozone.om.snapshot.diff.db.dir is not configured. We recommend adding this setting. Falling back to ozone.metadata.dirs instead.
2023-08-31 10:24:39,433 [JUnit] INFO  snapshot.SnapshotDiffManager (SnapshotDiffManager.java:closeExecutorService(1720)) - Shutting down executorService: 'SstDumpToolExecutor'
2023-08-31 10:24:39,434 [JUnit] INFO  om.OzoneManager (OzoneManager.java:addS3GVolumeToDB(4301)) - Created Volume s3v With Owner runner required for S3Gateway operations.
2023-08-31 10:24:39,435 [JUnit] WARN  server.ServerUtils (ServerUtils.java:getDefaultRatisDirectory(323)) - Storage directory for Ratis is not configured. It is a good idea to map this to an SSD disk. Falling back to ozone.metadata.dirs
2023-08-31 10:24:39,435 [JUnit] WARN  utils.OzoneManagerRatisUtils (OzoneManagerRatisUtils.java:getOMRatisSnapshotDirectory(461)) - ozone.om.ratis.snapshot.dir is not configured. Falling back to ozone.metadata.dirs config
2023-08-31 10:24:39,435 [JUnit] WARN  server.ServerUtils (ServerUtils.java:getDefaultRatisDirectory(323)) - Storage directory for Ratis is not configured. It is a good idea to map this to an SSD disk. Falling back to ozone.metadata.dirs
2023-08-31 10:24:39,437 [JUnit] INFO  ratis.OzoneManagerRatisServer (OzoneManagerRatisServer.java:<init>(163)) - Instantiating OM Ratis server with groupID: omServiceIdDefault and peers: localhost:15060
2023-08-31 10:24:39,438 [JUnit] INFO  ratis.OzoneManagerStateMachine (OzoneManagerStateMachine.java:loadSnapshotInfoFromDB(687)) - LastAppliedIndex is set from TransactionInfo from OM DB as (t:0, i:~)
2023-08-31 10:24:39,439 [JUnit] INFO  server.RaftServer (ConfUtils.java:logGet(46)) - raft.rpc.type = GRPC (default)
2023-08-31 10:24:39,440 [JUnit] INFO  grpc.GrpcConfigKeys (ConfUtils.java:logFallback(53)) - raft.grpc.admin.host = null (fallback to raft.grpc.server.host)
2023-08-31 10:24:39,440 [JUnit] INFO  grpc.GrpcConfigKeys (ConfUtils.java:logFallback(53)) - raft.grpc.admin.port = 15060 (fallback to raft.grpc.server.port)
2023-08-31 10:24:39,440 [JUnit] INFO  grpc.GrpcConfigKeys (ConfUtils.java:logFallback(53)) - raft.grpc.client.host = null (fallback to raft.grpc.server.host)
2023-08-31 10:24:39,440 [JUnit] INFO  grpc.GrpcConfigKeys (ConfUtils.java:logFallback(53)) - raft.grpc.client.port = 15060 (fallback to raft.grpc.server.port)
2023-08-31 10:24:39,440 [JUnit] INFO  grpc.GrpcConfigKeys (ConfUtils.java:logGet(46)) - raft.grpc.server.host = null (default)
2023-08-31 10:24:39,440 [JUnit] INFO  grpc.GrpcConfigKeys (ConfUtils.java:logGet(46)) - raft.grpc.server.port = 15060 (custom)
2023-08-31 10:24:39,440 [JUnit] INFO  server.GrpcService (ConfUtils.java:logGet(46)) - raft.grpc.message.size.max = 33554432 (custom)
2023-08-31 10:24:39,440 [JUnit] INFO  server.RaftServerConfigKeys (ConfUtils.java:logGet(46)) - raft.server.log.appender.buffer.byte-limit = 33554432 (custom)
2023-08-31 10:24:39,440 [JUnit] INFO  server.GrpcService (ConfUtils.java:logGet(46)) - raft.grpc.flow.control.window = 1MB (=1048576) (default)
2023-08-31 10:24:39,440 [JUnit] INFO  server.RaftServerConfigKeys (ConfUtils.java:logGet(46)) - raft.server.rpc.request.timeout = 3000ms (default)
2023-08-31 10:24:39,440 [JUnit] INFO  grpc.GrpcConfigKeys (ConfUtils.java:logGet(46)) - raft.grpc.server.heartbeat.channel = true (default)
2023-08-31 10:24:39,441 [JUnit] INFO  grpc.GrpcConfigKeys (ConfUtils.java:logGet(46)) - raft.grpc.server.async.request.thread.pool.cached = true (default)
2023-08-31 10:24:39,441 [JUnit] INFO  grpc.GrpcConfigKeys (ConfUtils.java:logGet(46)) - raft.grpc.server.async.request.thread.pool.size = 32 (default)
2023-08-31 10:24:39,442 [JUnit] INFO  impl.DataStreamServerImpl (ConfUtils.java:logGet(46)) - raft.datastream.type = DISABLED (default)
2023-08-31 10:24:39,442 [JUnit] INFO  server.RaftServerConfigKeys (ConfUtils.java:logGet(46)) - raft.server.threadpool.proxy.cached = true (default)
2023-08-31 10:24:39,442 [JUnit] INFO  server.RaftServerConfigKeys (ConfUtils.java:logGet(46)) - raft.server.threadpool.proxy.size = 0 (default)
2023-08-31 10:24:39,442 [JUnit] INFO  server.RaftServerConfigKeys (ConfUtils.java:logGet(46)) - raft.server.rpc.slowness.timeout = 120s (custom)
2023-08-31 10:24:39,442 [JUnit] INFO  server.RaftServerConfigKeys (ConfUtils.java:logGet(46)) - raft.server.leaderelection.leader.step-down.wait-time = 10s (default)
2023-08-31 10:24:39,442 [JUnit] INFO  server.RaftServerConfigKeys (ConfUtils.java:logGet(46)) - raft.server.storage.dir = [/home/runner/work/ozone/ozone/hadoop-ozone/integration-test/target/test-dir/MiniOzoneClusterImpl-3562ddc4-ebd0-49e0-a6e7-0f6459768660/ozone-meta/ratis] (custom)
2023-08-31 10:24:39,447 [JUnit] INFO  server.RaftServer (RaftServerProxy.java:addNew(98)) - om1: addNew group-C5BA1605619E:[om1|rpc:localhost:15060|priority:0|startupRole:FOLLOWER] returns group-C5BA1605619E:java.util.concurrent.CompletableFuture@1618f087[Not completed]
2023-08-31 10:24:39,447 [JUnit] INFO  om.OzoneManager (OzoneManager.java:initializeRatisServer(2145)) - OzoneManager Ratis server initialized at port 15060
2023-08-31 10:24:39,448 [JUnit] INFO  om.OzoneManager (OzoneManager.java:getRpcServer(1196)) - Creating RPC Server
2023-08-31 10:24:39,449 [om1-groupManagement] INFO  server.RaftServer$Division (RaftServerImpl.java:<init>(198)) - om1: new RaftServerImpl for group-C5BA1605619E:[om1|rpc:localhost:15060|priority:0|startupRole:FOLLOWER] with OzoneManagerStateMachine:uninitialized
2023-08-31 10:24:39,449 [om1-groupManagement] INFO  server.RaftServerConfigKeys (ConfUtils.java:logGet(46)) - raft.server.rpc.timeout.min = 1s (custom)
2023-08-31 10:24:39,449 [om1-groupManagement] INFO  server.RaftServerConfigKeys (ConfUtils.java:logGet(46)) - raft.server.rpc.timeout.max = 1200ms (custom)
2023-08-31 10:24:39,449 [om1-groupManagement] INFO  server.RaftServerConfigKeys (ConfUtils.java:logGet(46)) - raft.server.rpc.sleep.time = 25ms (default)
2023-08-31 10:24:39,450 [om1-groupManagement] INFO  server.RaftServerConfigKeys (ConfUtils.java:logGet(46)) - raft.server.rpc.slowness.timeout = 120s (custom)
2023-08-31 10:24:39,450 [om1-groupManagement] INFO  server.RaftServerConfigKeys (ConfUtils.java:logGet(46)) - raft.server.leaderelection.leader.step-down.wait-time = 10s (default)
2023-08-31 10:24:39,450 [om1-groupManagement] INFO  server.RaftServerConfigKeys (ConfUtils.java:logGet(46)) - raft.server.sleep.deviation.threshold = 300ms (default)
2023-08-31 10:24:39,450 [om1-groupManagement] INFO  server.RaftServer$Division (ServerState.java:<init>(120)) - om1@group-C5BA1605619E: ConfigurationManager, init=-1: peers:[om1|rpc:localhost:15060|priority:0|startupRole:FOLLOWER]|listeners:[], old=null, confs=<EMPTY_MAP>
2023-08-31 10:24:39,450 [om1-groupManagement] INFO  server.RaftServerConfigKeys (ConfUtils.java:logGet(46)) - raft.server.storage.dir = [/home/runner/work/ozone/ozone/hadoop-ozone/integration-test/target/test-dir/MiniOzoneClusterImpl-3562ddc4-ebd0-49e0-a6e7-0f6459768660/ozone-meta/ratis] (custom)
2023-08-31 10:24:39,450 [om1-groupManagement] INFO  server.RaftServerConfigKeys (ConfUtils.java:logGet(46)) - raft.server.log.corruption.policy = EXCEPTION (default)
2023-08-31 10:24:39,450 [om1-groupManagement] INFO  server.RaftServerConfigKeys (ConfUtils.java:logGet(46)) - raft.server.storage.free-space.min = 0MB (=0) (default)
2023-08-31 10:24:39,450 [om1-groupManagement] INFO  server.RaftServerConfigKeys (ConfUtils.java:logGet(46)) - raft.server.notification.no-leader.timeout = 120s (custom)
2023-08-31 10:24:39,450 [om1-groupManagement] INFO  server.RaftServerConfigKeys (ConfUtils.java:logGet(46)) - raft.server.read.timeout = 10s (default)
2023-08-31 10:24:39,450 [om1-groupManagement] INFO  server.RaftServerConfigKeys (ConfUtils.java:logGet(46)) - raft.server.retrycache.expirytime = 300s (custom)
2023-08-31 10:24:39,450 [om1-groupManagement] INFO  server.RaftServerConfigKeys (ConfUtils.java:logGet(46)) - raft.server.retrycache.statistics.expirytime = 100μs (default)
2023-08-31 10:24:39,451 [om1-groupManagement] INFO  server.RaftServerConfigKeys (ConfUtils.java:logGet(46)) - raft.server.read.option = DEFAULT (default)
2023-08-31 10:24:39,451 [om1-groupManagement] INFO  server.RaftServerConfigKeys (ConfUtils.java:logGet(46)) - raft.server.rpc.request.timeout = 3000ms (default)
2023-08-31 10:24:39,451 [om1-groupManagement] INFO  server.RaftServerConfigKeys (ConfUtils.java:logGet(46)) - raft.server.log.appender.install.snapshot.enabled = false (custom)
2023-08-31 10:24:39,451 [om1-groupManagement] INFO  server.RaftServerConfigKeys (ConfUtils.java:logGet(46)) - raft.server.threadpool.server.cached = true (default)
2023-08-31 10:24:39,451 [om1-groupManagement] INFO  server.RaftServerConfigKeys (ConfUtils.java:logGet(46)) - raft.server.threadpool.server.size = 0 (default)
2023-08-31 10:24:39,452 [om1-groupManagement] INFO  server.RaftServerConfigKeys (ConfUtils.java:logGet(46)) - raft.server.threadpool.client.cached = true (default)
2023-08-31 10:24:39,452 [om1-groupManagement] INFO  server.RaftServerConfigKeys (ConfUtils.java:logGet(46)) - raft.server.threadpool.client.size = 0 (default)
2023-08-31 10:24:40,046 [JUnit] INFO  reflections.Reflections (Reflections.java:scan(232)) - Reflections took 598 ms to scan 19 urls, producing 70 keys and 5672 values [using 2 cores]
2023-08-31 10:24:40,047 [JUnit] INFO  ipc.CallQueueManager (CallQueueManager.java:<init>(90)) - Using callQueue: class java.util.concurrent.LinkedBlockingQueue, queueCapacity: 2000, scheduler: class org.apache.hadoop.ipc.DefaultRpcScheduler, ipcBackoff: false.
2023-08-31 10:24:40,048 [JUnit] INFO  ipc.Server (Server.java:<init>(1287)) - Listener at 127.0.0.1:15057
2023-08-31 10:24:40,048 [Socket Reader #1 for port 15057] INFO  ipc.Server (Server.java:run(1323)) - Starting Socket Reader #1 for port 15057
2023-08-31 10:24:40,072 [JUnit] INFO  impl.MetricsSystemImpl (MetricsSystemImpl.java:init(158)) - OzoneManager metrics system started (again)
2023-08-31 10:24:40,083 [JUnit] INFO  om.OzoneManager (OzoneManager.java:start(1630)) - OzoneManager RPC server is listening at localhost/127.0.0.1:15057
2023-08-31 10:24:40,083 [JUnit] INFO  ratis.OzoneManagerRatisServer (OzoneManagerRatisServer.java:start(558)) - Starting OzoneManagerRatisServer om1 at port 15060
2023-08-31 10:24:40,083 [om1-impl-thread1] INFO  storage.RaftStorageDirectory (RaftStorageDirectoryImpl.java:analyzeStorage(137)) - The storage directory /home/runner/work/ozone/ozone/hadoop-ozone/integration-test/target/test-dir/MiniOzoneClusterImpl-3562ddc4-ebd0-49e0-a6e7-0f6459768660/ozone-meta/ratis/bf265839-605b-3f16-9796-c5ba1605619e does not exist. Creating ...
2023-08-31 10:24:40,085 [om1-impl-thread1] INFO  storage.RaftStorageDirectory (RaftStorageDirectoryImpl.java:tryLock(231)) - Lock on /home/runner/work/ozone/ozone/hadoop-ozone/integration-test/target/test-dir/MiniOzoneClusterImpl-3562ddc4-ebd0-49e0-a6e7-0f6459768660/ozone-meta/ratis/bf265839-605b-3f16-9796-c5ba1605619e/in_use.lock acquired by nodename 34453@fv-az304-998
2023-08-31 10:24:40,086 [om1-impl-thread1] INFO  storage.RaftStorage (RaftStorageImpl.java:format(96)) - Storage directory /home/runner/work/ozone/ozone/hadoop-ozone/integration-test/target/test-dir/MiniOzoneClusterImpl-3562ddc4-ebd0-49e0-a6e7-0f6459768660/ozone-meta/ratis/bf265839-605b-3f16-9796-c5ba1605619e has been successfully formatted.
2023-08-31 10:24:40,086 [om1-impl-thread1] INFO  server.RaftServerConfigKeys (ConfUtils.java:logGet(46)) - raft.server.log.use.memory = false (default)
2023-08-31 10:24:40,086 [om1-impl-thread1] INFO  server.RaftServerConfigKeys (ConfUtils.java:logGet(46)) - raft.server.log.purge.gap = 1000000 (custom)
2023-08-31 10:24:40,086 [om1-impl-thread1] INFO  server.RaftServerConfigKeys (ConfUtils.java:logGet(46)) - raft.server.log.appender.buffer.byte-limit = 33554432 (custom)
2023-08-31 10:24:40,086 [om1-impl-thread1] INFO  server.RaftServerConfigKeys (ConfUtils.java:logGet(46)) - raft.server.log.statemachine.data.read.timeout = 1000ms (default)
2023-08-31 10:24:40,086 [om1-impl-thread1] INFO  server.RaftServerConfigKeys (ConfUtils.java:logGet(46)) - raft.server.log.purge.preservation.log.num = 0 (default)
2023-08-31 10:24:40,086 [om1-impl-thread1] INFO  server.RaftServerConfigKeys (ConfUtils.java:logGet(46)) - raft.server.log.segment.size.max = 4194304 (custom)
2023-08-31 10:24:40,086 [om1-impl-thread1] INFO  server.RaftServerConfigKeys (ConfUtils.java:logGet(46)) - raft.server.log.segment.cache.num.max = 2 (custom)
2023-08-31 10:24:40,086 [om1-impl-thread1] INFO  server.RaftServerConfigKeys (ConfUtils.java:logGet(46)) - raft.server.log.segment.cache.size.max = 200MB (=209715200) (default)
2023-08-31 10:24:40,086 [om1-impl-thread1] INFO  server.RaftServerConfigKeys (ConfUtils.java:logGet(46)) - raft.server.log.appender.buffer.byte-limit = 33554432 (custom)
2023-08-31 10:24:40,087 [om1-impl-thread1] INFO  segmented.SegmentedRaftLogWorker (SegmentedRaftLogWorker.java:<init>(188)) - new om1@group-C5BA1605619E-SegmentedRaftLogWorker for RaftStorageImpl:Storage Directory /home/runner/work/ozone/ozone/hadoop-ozone/integration-test/target/test-dir/MiniOzoneClusterImpl-3562ddc4-ebd0-49e0-a6e7-0f6459768660/ozone-meta/ratis/bf265839-605b-3f16-9796-c5ba1605619e
2023-08-31 10:24:40,087 [om1-impl-thread1] INFO  server.RaftServerConfigKeys (ConfUtils.java:logGet(46)) - raft.server.log.queue.byte-limit = 64MB (=67108864) (default)
2023-08-31 10:24:40,087 [om1-impl-thread1] INFO  server.RaftServerConfigKeys (ConfUtils.java:logGet(46)) - raft.server.log.queue.element-limit = 4096 (default)
2023-08-31 10:24:40,087 [om1-impl-thread1] INFO  server.RaftServerConfigKeys (ConfUtils.java:logGet(46)) - raft.server.log.segment.size.max = 4194304 (custom)
2023-08-31 10:24:40,087 [om1-impl-thread1] INFO  server.RaftServerConfigKeys (ConfUtils.java:logGet(46)) - raft.server.log.preallocated.size = 4194304 (custom)
2023-08-31 10:24:40,087 [om1-impl-thread1] INFO  server.RaftServerConfigKeys (ConfUtils.java:logGet(46)) - raft.server.log.force.sync.num = 128 (default)
2023-08-31 10:24:40,087 [om1-impl-thread1] INFO  server.RaftServerConfigKeys (ConfUtils.java:logGet(46)) - raft.server.log.statemachine.data.sync = true (default)
2023-08-31 10:24:40,087 [om1-impl-thread1] INFO  server.RaftServerConfigKeys (ConfUtils.java:logGet(46)) - raft.server.log.statemachine.data.sync.timeout = 10s (default)
2023-08-31 10:24:40,087 [om1-impl-thread1] INFO  server.RaftServerConfigKeys (ConfUtils.java:logGet(46)) - raft.server.log.statemachine.data.sync.timeout.retry = -1 (default)
2023-08-31 10:24:40,087 [om1-impl-thread1] INFO  server.RaftServerConfigKeys (ConfUtils.java:logGet(46)) - raft.server.log.write.buffer.size = 64KB (=65536) (default)
2023-08-31 10:24:40,087 [om1-impl-thread1] INFO  server.RaftServerConfigKeys (ConfUtils.java:logGet(46)) - raft.server.log.appender.buffer.byte-limit = 33554432 (custom)
2023-08-31 10:24:40,090 [om1-impl-thread1] INFO  server.RaftServerConfigKeys (ConfUtils.java:logGet(46)) - raft.server.log.unsafe-flush.enabled = false (default)
2023-08-31 10:24:40,090 [om1-impl-thread1] INFO  server.RaftServerConfigKeys (ConfUtils.java:logGet(46)) - raft.server.log.async-flush.enabled = false (default)
2023-08-31 10:24:40,091 [om1-impl-thread1] INFO  server.RaftServerConfigKeys (ConfUtils.java:logGet(46)) - raft.server.log.statemachine.data.caching.enabled = false (default)
2023-08-31 10:24:40,091 [om1-impl-thread1] INFO  segmented.SegmentedRaftLogWorker (SegmentedRaftLogWorker.java:lambda$new$0(135)) - om1@group-C5BA1605619E-SegmentedRaftLogWorker: flushIndex: setUnconditionally 0 -> -1
2023-08-31 10:24:40,091 [om1-impl-thread1] INFO  segmented.SegmentedRaftLogWorker (SegmentedRaftLogWorker.java:lambda$new$0(135)) - om1@group-C5BA1605619E-SegmentedRaftLogWorker: safeCacheEvictIndex: setUnconditionally 0 -> -1
2023-08-31 10:24:40,091 [om1-impl-thread1] INFO  server.RaftServer$Division (RaftServerImpl.java:start(342)) - om1@group-C5BA1605619E: start as a follower, conf=-1: peers:[om1|rpc:localhost:15060|priority:0|startupRole:FOLLOWER]|listeners:[], old=null
2023-08-31 10:24:40,091 [om1-impl-thread1] INFO  server.RaftServer$Division (RaftServerImpl.java:setRole(329)) - om1@group-C5BA1605619E: changes role from      null to FOLLOWER at term 0 for startAsFollower
2023-08-31 10:24:40,091 [om1-impl-thread1] INFO  impl.RoleInfo (RoleInfo.java:updateAndGet(139)) - om1: start om1@group-C5BA1605619E-FollowerState
2023-08-31 10:24:40,095 [om1-impl-thread1] INFO  util.JmxRegister (JmxRegister.java:tryRegister(44)) - Successfully registered JMX Bean with object name Ratis:service=RaftServer,group=group-C5BA1605619E,id=om1
2023-08-31 10:24:40,095 [om1-impl-thread1] INFO  server.RaftServerConfigKeys (ConfUtils.java:logGet(46)) - raft.server.snapshot.auto.trigger.enabled = true (custom)
2023-08-31 10:24:40,095 [om1-impl-thread1] INFO  server.RaftServerConfigKeys (ConfUtils.java:logGet(46)) - raft.server.snapshot.auto.trigger.threshold = 400000 (default)
2023-08-31 10:24:40,095 [om1-impl-thread1] INFO  server.RaftServerConfigKeys (ConfUtils.java:logGet(46)) - raft.server.snapshot.retention.file.num = -1 (default)
2023-08-31 10:24:40,095 [om1-impl-thread1] INFO  server.RaftServerConfigKeys (ConfUtils.java:logGet(46)) - raft.server.log.purge.upto.snapshot.index = true (custom)
2023-08-31 10:24:40,096 [om1@group-C5BA1605619E-FollowerState] INFO  server.RaftServerConfigKeys (ConfUtils.java:logFallback(53)) - raft.server.rpc.first-election.timeout.min = 1s (fallback to raft.server.rpc.timeout.min)
2023-08-31 10:24:40,096 [om1@group-C5BA1605619E-FollowerState] INFO  server.RaftServerConfigKeys (ConfUtils.java:logFallback(53)) - raft.server.rpc.first-election.timeout.max = 1200ms (fallback to raft.server.rpc.timeout.max)
2023-08-31 10:24:40,096 [JUnit] INFO  server.RaftServer (RaftServerProxy.java:startImpl(400)) - om1: start RPC server
2023-08-31 10:24:40,097 [JUnit] INFO  server.GrpcService (GrpcService.java:startImpl(302)) - om1: GrpcService started, listening on 15060
2023-08-31 10:24:40,099 [JUnit] INFO  om.OzoneManager (OzoneManager.java:start(1646)) - Version File has different layout version (6) than OM DB (null). That is expected if this OM has never been finalized to a newer layout version.
2023-08-31 10:24:40,100 [JvmPauseMonitor8] INFO  util.JvmPauseMonitor (JvmPauseMonitor.java:run(103)) - JvmPauseMonitor-om1: Started
2023-08-31 10:24:40,103 [JUnit] INFO  http.BaseHttpServer (BaseHttpServer.java:newHttpServer2BuilderForOzone(223)) - Starting Web-server for ozoneManager at: http://0.0.0.0:15058
2023-08-31 10:24:40,103 [JUnit] INFO  http.BaseHttpServer (BaseHttpServer.java:<init>(110)) - Hadoop Security Enabled: false Ozone Security Enabled: false Ozone HTTP Security Enabled: false 
2023-08-31 10:24:40,104 [JUnit] WARN  server.AuthenticationFilter (AuthenticationFilter.java:constructSecretProvider(240)) - Unable to initialize FileSignerSecretProvider, falling back to use random secrets. Reason: Could not read signature secret file: /home/runner/hadoop-http-auth-signature-secret
2023-08-31 10:24:40,107 [JUnit] INFO  http.HttpRequestLog (HttpRequestLog.java:getRequestLog(86)) - Http request log for http.requests.ozoneManager is not defined
2023-08-31 10:24:40,109 [JUnit] INFO  http.HttpServer2 (HttpServer2.java:addGlobalFilter(1031)) - Added global filter 'safety' (class=org.apache.hadoop.hdds.server.http.HttpServer2$QuotingInputFilter)
2023-08-31 10:24:40,109 [JUnit] INFO  http.HttpServer2 (HttpServer2.java:addFilter(1007)) - Added filter static_user_filter (class=org.apache.hadoop.http.lib.StaticUserWebFilter$StaticUserFilter) to context ozoneManager
2023-08-31 10:24:40,109 [JUnit] INFO  http.HttpServer2 (HttpServer2.java:addFilter(1015)) - Added filter static_user_filter (class=org.apache.hadoop.http.lib.StaticUserWebFilter$StaticUserFilter) to context logs
2023-08-31 10:24:40,109 [JUnit] INFO  http.HttpServer2 (HttpServer2.java:addFilter(1015)) - Added filter static_user_filter (class=org.apache.hadoop.http.lib.StaticUserWebFilter$StaticUserFilter) to context static
2023-08-31 10:24:40,110 [JUnit] INFO  http.BaseHttpServer (BaseHttpServer.java:<init>(189)) - HTTP server of ozoneManager uses base directory /home/runner/work/ozone/ozone/hadoop-ozone/integration-test/target/test-dir/MiniOzoneClusterImpl-3562ddc4-ebd0-49e0-a6e7-0f6459768660/ozone-meta/webserver
2023-08-31 10:24:40,110 [JUnit] INFO  http.HttpServer2 (HttpServer2.java:bindListener(1231)) - Jetty bound to port 15058
2023-08-31 10:24:40,110 [JUnit] INFO  server.Server (Server.java:doStart(375)) - jetty-9.4.51.v20230217; built: 2023-02-17T08:19:37.309Z; git: b45c405e4544384de066f814ed42ae3dceacdd49; jvm 1.8.0_382-b05
2023-08-31 10:24:40,111 [JUnit] INFO  server.session (DefaultSessionIdManager.java:doStart(334)) - DefaultSessionIdManager workerName=node0
2023-08-31 10:24:40,112 [JUnit] INFO  server.session (DefaultSessionIdManager.java:doStart(339)) - No SessionScavenger set, using defaults
2023-08-31 10:24:40,112 [JUnit] INFO  server.session (HouseKeeper.java:startScavenging(132)) - node0 Scavenging every 660000ms
2023-08-31 10:24:40,112 [JUnit] INFO  handler.ContextHandler (ContextHandler.java:doStart(921)) - Started o.e.j.s.ServletContextHandler@4e1ec8d7{logs,/logs,file:///home/runner/work/ozone/ozone/hadoop-ozone/integration-test/target/log,AVAILABLE}
2023-08-31 10:24:40,113 [JUnit] INFO  handler.ContextHandler (ContextHandler.java:doStart(921)) - Started o.e.j.s.ServletContextHandler@309fcb06{static,/static,file:///home/runner/work/ozone/ozone/hadoop-ozone/integration-test/target/test-classes/webapps/static,AVAILABLE}
2023-08-31 10:24:40,116 [JUnit] INFO  handler.ContextHandler (ContextHandler.java:doStart(921)) - Started o.e.j.w.WebAppContext@56fcc9fd{ozoneManager,/,file:///home/runner/work/ozone/ozone/hadoop-ozone/integration-test/target/test-classes/webapps/ozoneManager/,AVAILABLE}{file:/home/runner/work/ozone/ozone/hadoop-ozone/integration-test/target/test-classes/webapps/ozoneManager}
2023-08-31 10:24:40,121 [JUnit] INFO  server.AbstractConnector (AbstractConnector.java:doStart(333)) - Started ServerConnector@1d1062b9{HTTP/1.1, (http/1.1)}{0.0.0.0:15058}
2023-08-31 10:24:40,121 [JUnit] INFO  server.Server (Server.java:doStart(415)) - Started @31697ms
2023-08-31 10:24:40,121 [JUnit] WARN  impl.MetricsSystemImpl (MetricsSystemImpl.java:register(279)) - Sink prometheus already exists!
2023-08-31 10:24:40,122 [JUnit] INFO  http.BaseHttpServer (BaseHttpServer.java:updateConnectorAddress(354)) - HTTP server of ozoneManager listening at http://0.0.0.0:15058
2023-08-31 10:24:40,122 [IPC Server Responder] INFO  ipc.Server (Server.java:run(1562)) - IPC Server Responder: starting
2023-08-31 10:24:40,122 [IPC Server listener on 15057] INFO  ipc.Server (Server.java:run(1402)) - IPC Server listener on 15057: starting
2023-08-31 10:24:40,126 [JUnit] INFO  om.OzoneManager (OzoneManager.java:startTrashEmptier(2098)) - Trash Interval set to 0. Files deleted won't move to trash
2023-08-31 10:24:40,144 [JUnit] WARN  impl.MetricRegistriesImpl (MetricRegistriesImpl.java:addReporterRegistration(111)) - New reporters are added after registries were created. Some metrics will be missing from the reporter. Please add reporter before adding any new registry.
2023-08-31 10:24:40,144 [JUnit] WARN  impl.MetricRegistriesImpl (MetricRegistriesImpl.java:addReporterRegistration(111)) - New reporters are added after registries were created. Some metrics will be missing from the reporter. Please add reporter before adding any new registry.
2023-08-31 10:24:40,144 [JUnit] INFO  impl.MetricsSystemImpl (MetricsSystemImpl.java:init(158)) - HddsDatanode metrics system started (again)
2023-08-31 10:24:40,156 [JUnit] INFO  ozone.HddsDatanodeService (HddsDatanodeService.java:start(237)) - HddsDatanodeService host:fv-az304-998.1xzdsl11evde5oaqfphatm1hpa.cx.internal.cloudapp.net ip:10.1.0.16
2023-08-31 10:24:40,183 [JUnit] INFO  upgrade.AbstractLayoutVersionManager (AbstractLayoutVersionManager.java:init(83)) - Initializing Layout version manager with metadata layout = HADOOP_PRC_PORTS_IN_DATANODEDETAILS (version = 7), software layout = HADOOP_PRC_PORTS_IN_DATANODEDETAILS (version = 7)
2023-08-31 10:24:40,184 [JUnit] INFO  statemachine.DatanodeStateMachine (DatanodeStateMachine.java:getEndPointTaskThreadPoolSize(282)) - Datanode State Machine Task Thread Pool size 2
2023-08-31 10:24:40,192 [JUnit] INFO  volume.HddsVolume (HddsVolume.java:<init>(126)) - Creating HddsVolume: /home/runner/work/ozone/ozone/hadoop-ozone/integration-test/target/test-dir/MiniOzoneClusterImpl-3562ddc4-ebd0-49e0-a6e7-0f6459768660/datanode-0/data-0/containers/hdds of storage type : DISK capacity : 9223372036854775807
2023-08-31 10:24:40,192 [JUnit] INFO  volume.MutableVolumeSet (MutableVolumeSet.java:initializeVolumeSet(173)) - Added Volume : /home/runner/work/ozone/ozone/hadoop-ozone/integration-test/target/test-dir/MiniOzoneClusterImpl-3562ddc4-ebd0-49e0-a6e7-0f6459768660/datanode-0/data-0/containers/hdds to VolumeSet
2023-08-31 10:24:40,193 [JUnit] INFO  volume.MutableVolumeSet (MutableVolumeSet.java:initializeVolumeSet(173)) - Added Volume : /home/runner/work/ozone/ozone/hadoop-ozone/integration-test/target/test-dir/MiniOzoneClusterImpl-3562ddc4-ebd0-49e0-a6e7-0f6459768660/datanode-0/data/ratis to VolumeSet
2023-08-31 10:24:40,194 [Thread-791] INFO  ozoneimpl.ContainerReader (ContainerReader.java:readVolume(177)) - Finish verifying containers on volume /home/runner/work/ozone/ozone/hadoop-ozone/integration-test/target/test-dir/MiniOzoneClusterImpl-3562ddc4-ebd0-49e0-a6e7-0f6459768660/datanode-0/data-0/containers/hdds
2023-08-31 10:24:40,194 [JUnit] INFO  ozoneimpl.OzoneContainer (OzoneContainer.java:buildContainerSet(314)) - Build ContainerSet costs 0s
2023-08-31 10:24:40,198 [JUnit] INFO  server.RaftServer (ConfUtils.java:logGet(46)) - raft.rpc.type = GRPC (default)
2023-08-31 10:24:40,198 [JUnit] INFO  grpc.GrpcConfigKeys (ConfUtils.java:logFallback(53)) - raft.grpc.admin.host = null (fallback to raft.grpc.server.host)
2023-08-31 10:24:40,199 [JUnit] INFO  grpc.GrpcConfigKeys (ConfUtils.java:logGet(46)) - raft.grpc.admin.port = 15066 (custom)
2023-08-31 10:24:40,199 [JUnit] INFO  grpc.GrpcConfigKeys (ConfUtils.java:logFallback(53)) - raft.grpc.client.host = null (fallback to raft.grpc.server.host)
2023-08-31 10:24:40,199 [JUnit] INFO  grpc.GrpcConfigKeys (ConfUtils.java:logGet(46)) - raft.grpc.client.port = 15065 (custom)
2023-08-31 10:24:40,200 [JUnit] INFO  grpc.GrpcConfigKeys (ConfUtils.java:logGet(46)) - raft.grpc.server.host = null (default)
2023-08-31 10:24:40,200 [JUnit] INFO  grpc.GrpcConfigKeys (ConfUtils.java:logGet(46)) - raft.grpc.server.port = 15067 (custom)
2023-08-31 10:24:40,200 [JUnit] INFO  server.GrpcService (ConfUtils.java:logGet(46)) - raft.grpc.message.size.max = 32MB (=33554432) (custom)
2023-08-31 10:24:40,200 [JUnit] INFO  server.RaftServerConfigKeys (ConfUtils.java:logGet(46)) - raft.server.log.appender.buffer.byte-limit = 33554432 (custom)
2023-08-31 10:24:40,200 [JUnit] INFO  server.GrpcService (ConfUtils.java:logGet(46)) - raft.grpc.flow.control.window = 5MB (=5242880) (custom)
2023-08-31 10:24:40,200 [JUnit] INFO  server.RaftServerConfigKeys (ConfUtils.java:logGet(46)) - raft.server.rpc.request.timeout = 3000ms (default)
2023-08-31 10:24:40,200 [JUnit] INFO  grpc.GrpcConfigKeys (ConfUtils.java:logGet(46)) - raft.grpc.server.heartbeat.channel = true (default)
2023-08-31 10:24:40,200 [JUnit] INFO  grpc.GrpcConfigKeys (ConfUtils.java:logGet(46)) - raft.grpc.server.async.request.thread.pool.cached = true (default)
2023-08-31 10:24:40,200 [JUnit] INFO  grpc.GrpcConfigKeys (ConfUtils.java:logGet(46)) - raft.grpc.server.async.request.thread.pool.size = 32 (default)
2023-08-31 10:24:40,203 [JUnit] INFO  impl.DataStreamServerImpl (ConfUtils.java:logGet(46)) - raft.datastream.type = NETTY (custom)
2023-08-31 10:24:40,203 [JUnit] INFO  server.RaftServerConfigKeys (ConfUtils.java:logGet(46)) - raft.server.data-stream.async.request.thread.pool.cached = false (default)
2023-08-31 10:24:40,203 [JUnit] INFO  server.RaftServerConfigKeys (ConfUtils.java:logGet(46)) - raft.server.data-stream.async.request.thread.pool.size = 20 (custom)
2023-08-31 10:24:40,203 [JUnit] INFO  server.RaftServerConfigKeys (ConfUtils.java:logGet(46)) - raft.server.data-stream.async.write.thread.pool.size = 16 (default)
2023-08-31 10:24:40,203 [JUnit] INFO  server.RaftServerConfigKeys (ConfUtils.java:logGet(46)) - raft.server.data-stream.client.pool.size = 10 (default)
2023-08-31 10:24:40,206 [JUnit] INFO  netty.NettyConfigKeys$DataStream (ConfUtils.java:logGet(46)) - raft.netty.dataStream.server.use-epoll = false (default)
2023-08-31 10:24:40,206 [JUnit] INFO  netty.NettyConfigKeys$DataStream (ConfUtils.java:logGet(46)) - raft.netty.dataStream.server.boss-group.size = 0 (default)
2023-08-31 10:24:40,206 [JUnit] INFO  netty.NettyConfigKeys$DataStream (ConfUtils.java:logGet(46)) - raft.netty.dataStream.server.worker-group.size = 0 (default)
2023-08-31 10:24:40,206 [JUnit] INFO  netty.NettyConfigKeys$DataStream (ConfUtils.java:logGet(46)) - raft.netty.dataStream.server.tls.conf = null (default)
2023-08-31 10:24:40,206 [JUnit] INFO  netty.NettyConfigKeys$DataStream (ConfUtils.java:logGet(46)) - raft.netty.dataStream.host = null (default)
2023-08-31 10:24:40,206 [JUnit] INFO  netty.NettyConfigKeys$DataStream (ConfUtils.java:logGet(46)) - raft.netty.dataStream.port = 15068 (custom)
2023-08-31 10:24:40,207 [JUnit] INFO  server.RaftServerConfigKeys (ConfUtils.java:logGet(46)) - raft.server.threadpool.proxy.cached = true (default)
2023-08-31 10:24:40,207 [JUnit] INFO  server.RaftServerConfigKeys (ConfUtils.java:logGet(46)) - raft.server.threadpool.proxy.size = 0 (default)
2023-08-31 10:24:40,208 [JUnit] INFO  server.RaftServerConfigKeys (ConfUtils.java:logGet(46)) - raft.server.rpc.slowness.timeout = 300000ms (custom)
2023-08-31 10:24:40,208 [JUnit] INFO  server.RaftServerConfigKeys (ConfUtils.java:logGet(46)) - raft.server.leaderelection.leader.step-down.wait-time = 10s (default)
2023-08-31 10:24:40,208 [JUnit] INFO  server.RaftServerConfigKeys (ConfUtils.java:logGet(46)) - raft.server.storage.dir = [/home/runner/work/ozone/ozone/hadoop-ozone/integration-test/target/test-dir/MiniOzoneClusterImpl-3562ddc4-ebd0-49e0-a6e7-0f6459768660/datanode-0/data/ratis] (custom)
2023-08-31 10:24:40,209 [48880804-25a4-4bd1-b25e-a62c627e68dd-NettyServerStreamRpc-bossGroup--thread1] INFO  logging.LoggingHandler (AbstractInternalLogger.java:log(148)) - [id: 0xb8ed8e82] REGISTERED
2023-08-31 10:24:40,209 [48880804-25a4-4bd1-b25e-a62c627e68dd-NettyServerStreamRpc-bossGroup--thread1] INFO  logging.LoggingHandler (AbstractInternalLogger.java:log(148)) - [id: 0xb8ed8e82] BIND: 0.0.0.0/0.0.0.0:15068
2023-08-31 10:24:40,209 [48880804-25a4-4bd1-b25e-a62c627e68dd-NettyServerStreamRpc-bossGroup--thread1] INFO  logging.LoggingHandler (AbstractInternalLogger.java:log(148)) - [id: 0xb8ed8e82, L:/0:0:0:0:0:0:0:0:15068] ACTIVE
2023-08-31 10:24:40,211 [48880804-25a4-4bd1-b25e-a62c627e68dd-impl-thread1] INFO  server.RaftServer (RaftServerProxy.java:initGroupDir(258)) - 48880804-25a4-4bd1-b25e-a62c627e68dd: found a subdirectory /home/runner/work/ozone/ozone/hadoop-ozone/integration-test/target/test-dir/MiniOzoneClusterImpl-3562ddc4-ebd0-49e0-a6e7-0f6459768660/datanode-0/data/ratis/tmp
2023-08-31 10:24:40,211 [48880804-25a4-4bd1-b25e-a62c627e68dd-impl-thread1] INFO  server.RaftServer (RaftServerProxy.java:initGroupDir(263)) - 48880804-25a4-4bd1-b25e-a62c627e68dd: The directory /home/runner/work/ozone/ozone/hadoop-ozone/integration-test/target/test-dir/MiniOzoneClusterImpl-3562ddc4-ebd0-49e0-a6e7-0f6459768660/datanode-0/data/ratis/tmp is not a group directory; ignoring it. 
2023-08-31 10:24:40,211 [JUnit] INFO  replication.ReplicationServer (ReplicationServer.java:<init>(81)) - Initializing replication server with thread count = 10
2023-08-31 10:24:40,212 [JUnit] INFO  server.XceiverServerGrpc (XceiverServerGrpc.java:<init>(132)) - GrpcServer channel type EpollServerSocketChannel
2023-08-31 10:24:40,213 [JUnit] INFO  replication.ReplicationSupervisor (ReplicationSupervisor.java:build(155)) - Initializing replication supervisor with thread count = 10
2023-08-31 10:24:40,213 [JUnit] INFO  replication.ReplicationSupervisor (ReplicationSupervisor.java:nodeStateUpdated(307)) - Node state updated to IN_SERVICE, scaling executor pool size to 10
2023-08-31 10:24:40,218 [JUnit] INFO  http.BaseHttpServer (BaseHttpServer.java:newHttpServer2BuilderForOzone(223)) - Starting Web-server for hddsDatanode at: http://0.0.0.0:15062
2023-08-31 10:24:40,218 [JUnit] INFO  http.BaseHttpServer (BaseHttpServer.java:<init>(110)) - Hadoop Security Enabled: false Ozone Security Enabled: false Ozone HTTP Security Enabled: false 
2023-08-31 10:24:40,219 [JUnit] WARN  server.AuthenticationFilter (AuthenticationFilter.java:constructSecretProvider(240)) - Unable to initialize FileSignerSecretProvider, falling back to use random secrets. Reason: Could not read signature secret file: /home/runner/hadoop-http-auth-signature-secret
2023-08-31 10:24:40,219 [JUnit] INFO  http.HttpRequestLog (HttpRequestLog.java:getRequestLog(86)) - Http request log for http.requests.hddsDatanode is not defined
2023-08-31 10:24:40,221 [JUnit] INFO  http.HttpServer2 (HttpServer2.java:addGlobalFilter(1031)) - Added global filter 'safety' (class=org.apache.hadoop.hdds.server.http.HttpServer2$QuotingInputFilter)
2023-08-31 10:24:40,221 [JUnit] INFO  http.HttpServer2 (HttpServer2.java:addFilter(1007)) - Added filter static_user_filter (class=org.apache.hadoop.http.lib.StaticUserWebFilter$StaticUserFilter) to context hddsDatanode
2023-08-31 10:24:40,221 [JUnit] INFO  http.HttpServer2 (HttpServer2.java:addFilter(1015)) - Added filter static_user_filter (class=org.apache.hadoop.http.lib.StaticUserWebFilter$StaticUserFilter) to context logs
2023-08-31 10:24:40,221 [JUnit] INFO  http.HttpServer2 (HttpServer2.java:addFilter(1015)) - Added filter static_user_filter (class=org.apache.hadoop.http.lib.StaticUserWebFilter$StaticUserFilter) to context static
2023-08-31 10:24:40,222 [JUnit] INFO  http.BaseHttpServer (BaseHttpServer.java:<init>(189)) - HTTP server of hddsDatanode uses base directory /home/runner/work/ozone/ozone/hadoop-ozone/integration-test/target/test-dir/MiniOzoneClusterImpl-3562ddc4-ebd0-49e0-a6e7-0f6459768660/datanode-0/meta/webserver
2023-08-31 10:24:40,222 [JUnit] INFO  http.HttpServer2 (HttpServer2.java:bindListener(1231)) - Jetty bound to port 15062
2023-08-31 10:24:40,222 [JUnit] INFO  server.Server (Server.java:doStart(375)) - jetty-9.4.51.v20230217; built: 2023-02-17T08:19:37.309Z; git: b45c405e4544384de066f814ed42ae3dceacdd49; jvm 1.8.0_382-b05
2023-08-31 10:24:40,226 [JUnit] INFO  server.session (DefaultSessionIdManager.java:doStart(334)) - DefaultSessionIdManager workerName=node0
2023-08-31 10:24:40,226 [JUnit] INFO  server.session (DefaultSessionIdManager.java:doStart(339)) - No SessionScavenger set, using defaults
2023-08-31 10:24:40,227 [JUnit] INFO  server.session (HouseKeeper.java:startScavenging(132)) - node0 Scavenging every 600000ms
2023-08-31 10:24:40,227 [JUnit] INFO  handler.ContextHandler (ContextHandler.java:doStart(921)) - Started o.e.j.s.ServletContextHandler@5cd2d738{logs,/logs,file:///home/runner/work/ozone/ozone/hadoop-ozone/integration-test/target/log,AVAILABLE}
2023-08-31 10:24:40,228 [JUnit] INFO  handler.ContextHandler (ContextHandler.java:doStart(921)) - Started o.e.j.s.ServletContextHandler@3e386977{static,/static,jar:file:/home/runner/.m2/repository/org/apache/ozone/hdds-container-service/1.4.0-SNAPSHOT/hdds-container-service-1.4.0-SNAPSHOT.jar!/webapps/static,AVAILABLE}
2023-08-31 10:24:40,441 [JUnit] INFO  handler.ContextHandler (ContextHandler.java:doStart(921)) - Started o.e.j.w.WebAppContext@4baddfbf{hddsDatanode,/,file:///home/runner/work/ozone/ozone/hadoop-ozone/integration-test/target/test-dir/MiniOzoneClusterImpl-3562ddc4-ebd0-49e0-a6e7-0f6459768660/datanode-0/meta/webserver/jetty-0_0_0_0-15062-hdds-container-service-1_4_0-SNAPSHOT_jar-_-any-3333812900630263816/webapp/,AVAILABLE}{jar:file:/home/runner/.m2/repository/org/apache/ozone/hdds-container-service/1.4.0-SNAPSHOT/hdds-container-service-1.4.0-SNAPSHOT.jar!/webapps/hddsDatanode}
2023-08-31 10:24:40,443 [JUnit] INFO  server.AbstractConnector (AbstractConnector.java:doStart(333)) - Started ServerConnector@41b62549{HTTP/1.1, (http/1.1)}{0.0.0.0:15062}
2023-08-31 10:24:40,443 [JUnit] INFO  server.Server (Server.java:doStart(415)) - Started @32019ms
2023-08-31 10:24:40,443 [JUnit] WARN  impl.MetricsSystemImpl (MetricsSystemImpl.java:register(279)) - Sink prometheus already exists!
2023-08-31 10:24:40,444 [JUnit] INFO  http.BaseHttpServer (BaseHttpServer.java:updateConnectorAddress(354)) - HTTP server of hddsDatanode listening at http://0.0.0.0:15062
2023-08-31 10:24:40,445 [JUnit] INFO  ipc.CallQueueManager (CallQueueManager.java:<init>(90)) - Using callQueue: class java.util.concurrent.LinkedBlockingQueue, queueCapacity: 100, scheduler: class org.apache.hadoop.ipc.DefaultRpcScheduler, ipcBackoff: false.
2023-08-31 10:24:40,445 [JUnit] INFO  ipc.Server (Server.java:<init>(1287)) - Listener at 0.0.0.0:15063
2023-08-31 10:24:40,445 [Socket Reader #1 for port 15063] INFO  ipc.Server (Server.java:run(1323)) - Starting Socket Reader #1 for port 15063
2023-08-31 10:24:40,451 [JUnit] INFO  ozone.HddsDatanodeService (HddsDatanodeService.java:start(315)) - Datanode start with admins: [runner]
2023-08-31 10:24:40,452 [JUnit] INFO  ozone.HddsDatanodeClientProtocolServer (HddsDatanodeClientProtocolServer.java:start(72)) - RPC server for Client /0.0.0.0:15063
2023-08-31 10:24:40,455 [IPC Server Responder] INFO  ipc.Server (Server.java:run(1562)) - IPC Server Responder: starting
2023-08-31 10:24:40,457 [IPC Server listener on 15063] INFO  ipc.Server (Server.java:run(1402)) - IPC Server listener on 15063: starting
2023-08-31 10:24:40,458 [JUnit] WARN  impl.MetricRegistriesImpl (MetricRegistriesImpl.java:addReporterRegistration(111)) - New reporters are added after registries were created. Some metrics will be missing from the reporter. Please add reporter before adding any new registry.
2023-08-31 10:24:40,458 [JUnit] WARN  impl.MetricRegistriesImpl (MetricRegistriesImpl.java:addReporterRegistration(111)) - New reporters are added after registries were created. Some metrics will be missing from the reporter. Please add reporter before adding any new registry.
2023-08-31 10:24:40,458 [JUnit] INFO  impl.MetricsSystemImpl (MetricsSystemImpl.java:init(158)) - HddsDatanode metrics system started (again)
2023-08-31 10:24:40,465 [Datanode State Machine Daemon Thread] INFO  statemachine.DatanodeStateMachine (DatanodeStateMachine.java:lambda$startDaemon$0(538)) - Ozone container server started.
2023-08-31 10:24:40,471 [JUnit] INFO  ozone.HddsDatanodeService (HddsDatanodeService.java:start(237)) - HddsDatanodeService host:fv-az304-998.1xzdsl11evde5oaqfphatm1hpa.cx.internal.cloudapp.net ip:10.1.0.16
2023-08-31 10:24:40,488 [Datanode State Machine Task Thread - 0] INFO  datanode.InitDatanodeState (InitDatanodeState.java:persistContainerDatanodeDetails(138)) - DatanodeDetails is persisted to /home/runner/work/ozone/ozone/hadoop-ozone/integration-test/target/test-dir/MiniOzoneClusterImpl-3562ddc4-ebd0-49e0-a6e7-0f6459768660/datanode-0/meta/datanode.id
2023-08-31 10:24:40,493 [JUnit] INFO  upgrade.AbstractLayoutVersionManager (AbstractLayoutVersionManager.java:init(83)) - Initializing Layout version manager with metadata layout = HADOOP_PRC_PORTS_IN_DATANODEDETAILS (version = 7), software layout = HADOOP_PRC_PORTS_IN_DATANODEDETAILS (version = 7)
2023-08-31 10:24:40,493 [JUnit] INFO  statemachine.DatanodeStateMachine (DatanodeStateMachine.java:getEndPointTaskThreadPoolSize(282)) - Datanode State Machine Task Thread Pool size 2
2023-08-31 10:24:40,497 [JUnit] INFO  volume.HddsVolume (HddsVolume.java:<init>(126)) - Creating HddsVolume: /home/runner/work/ozone/ozone/hadoop-ozone/integration-test/target/test-dir/MiniOzoneClusterImpl-3562ddc4-ebd0-49e0-a6e7-0f6459768660/datanode-1/data-0/containers/hdds of storage type : DISK capacity : 9223372036854775807
2023-08-31 10:24:40,497 [JUnit] INFO  volume.MutableVolumeSet (MutableVolumeSet.java:initializeVolumeSet(173)) - Added Volume : /home/runner/work/ozone/ozone/hadoop-ozone/integration-test/target/test-dir/MiniOzoneClusterImpl-3562ddc4-ebd0-49e0-a6e7-0f6459768660/datanode-1/data-0/containers/hdds to VolumeSet
2023-08-31 10:24:40,499 [JUnit] INFO  volume.MutableVolumeSet (MutableVolumeSet.java:initializeVolumeSet(173)) - Added Volume : /home/runner/work/ozone/ozone/hadoop-ozone/integration-test/target/test-dir/MiniOzoneClusterImpl-3562ddc4-ebd0-49e0-a6e7-0f6459768660/datanode-1/data/ratis to VolumeSet
2023-08-31 10:24:40,500 [Thread-808] INFO  ozoneimpl.ContainerReader (ContainerReader.java:readVolume(177)) - Finish verifying containers on volume /home/runner/work/ozone/ozone/hadoop-ozone/integration-test/target/test-dir/MiniOzoneClusterImpl-3562ddc4-ebd0-49e0-a6e7-0f6459768660/datanode-1/data-0/containers/hdds
2023-08-31 10:24:40,500 [JUnit] INFO  ozoneimpl.OzoneContainer (OzoneContainer.java:buildContainerSet(314)) - Build ContainerSet costs 0s
2023-08-31 10:24:40,502 [JUnit] INFO  server.RaftServer (ConfUtils.java:logGet(46)) - raft.rpc.type = GRPC (default)
2023-08-31 10:24:40,502 [JUnit] INFO  grpc.GrpcConfigKeys (ConfUtils.java:logFallback(53)) - raft.grpc.admin.host = null (fallback to raft.grpc.server.host)
2023-08-31 10:24:40,502 [JUnit] INFO  grpc.GrpcConfigKeys (ConfUtils.java:logGet(46)) - raft.grpc.admin.port = 15075 (custom)
2023-08-31 10:24:40,502 [JUnit] INFO  grpc.GrpcConfigKeys (ConfUtils.java:logFallback(53)) - raft.grpc.client.host = null (fallback to raft.grpc.server.host)
2023-08-31 10:24:40,502 [JUnit] INFO  grpc.GrpcConfigKeys (ConfUtils.java:logGet(46)) - raft.grpc.client.port = 15074 (custom)
2023-08-31 10:24:40,502 [JUnit] INFO  grpc.GrpcConfigKeys (ConfUtils.java:logGet(46)) - raft.grpc.server.host = null (default)
2023-08-31 10:24:40,502 [JUnit] INFO  grpc.GrpcConfigKeys (ConfUtils.java:logGet(46)) - raft.grpc.server.port = 15076 (custom)
2023-08-31 10:24:40,502 [JUnit] INFO  server.GrpcService (ConfUtils.java:logGet(46)) - raft.grpc.message.size.max = 32MB (=33554432) (custom)
2023-08-31 10:24:40,502 [JUnit] INFO  server.RaftServerConfigKeys (ConfUtils.java:logGet(46)) - raft.server.log.appender.buffer.byte-limit = 33554432 (custom)
2023-08-31 10:24:40,503 [JUnit] INFO  server.GrpcService (ConfUtils.java:logGet(46)) - raft.grpc.flow.control.window = 5MB (=5242880) (custom)
2023-08-31 10:24:40,503 [JUnit] INFO  server.RaftServerConfigKeys (ConfUtils.java:logGet(46)) - raft.server.rpc.request.timeout = 3000ms (default)
2023-08-31 10:24:40,503 [JUnit] INFO  grpc.GrpcConfigKeys (ConfUtils.java:logGet(46)) - raft.grpc.server.heartbeat.channel = true (default)
2023-08-31 10:24:40,503 [JUnit] INFO  grpc.GrpcConfigKeys (ConfUtils.java:logGet(46)) - raft.grpc.server.async.request.thread.pool.cached = true (default)
2023-08-31 10:24:40,503 [JUnit] INFO  grpc.GrpcConfigKeys (ConfUtils.java:logGet(46)) - raft.grpc.server.async.request.thread.pool.size = 32 (default)
2023-08-31 10:24:40,507 [JUnit] INFO  impl.DataStreamServerImpl (ConfUtils.java:logGet(46)) - raft.datastream.type = NETTY (custom)
2023-08-31 10:24:40,507 [JUnit] INFO  server.RaftServerConfigKeys (ConfUtils.java:logGet(46)) - raft.server.data-stream.async.request.thread.pool.cached = false (default)
2023-08-31 10:24:40,508 [JUnit] INFO  server.RaftServerConfigKeys (ConfUtils.java:logGet(46)) - raft.server.data-stream.async.request.thread.pool.size = 20 (custom)
2023-08-31 10:24:40,508 [JUnit] INFO  server.RaftServerConfigKeys (ConfUtils.java:logGet(46)) - raft.server.data-stream.async.write.thread.pool.size = 16 (default)
2023-08-31 10:24:40,508 [JUnit] INFO  server.RaftServerConfigKeys (ConfUtils.java:logGet(46)) - raft.server.data-stream.client.pool.size = 10 (default)
2023-08-31 10:24:40,508 [JUnit] INFO  netty.NettyConfigKeys$DataStream (ConfUtils.java:logGet(46)) - raft.netty.dataStream.server.use-epoll = false (default)
2023-08-31 10:24:40,508 [JUnit] INFO  netty.NettyConfigKeys$DataStream (ConfUtils.java:logGet(46)) - raft.netty.dataStream.server.boss-group.size = 0 (default)
2023-08-31 10:24:40,508 [JUnit] INFO  netty.NettyConfigKeys$DataStream (ConfUtils.java:logGet(46)) - raft.netty.dataStream.server.worker-group.size = 0 (default)
2023-08-31 10:24:40,509 [JUnit] INFO  netty.NettyConfigKeys$DataStream (ConfUtils.java:logGet(46)) - raft.netty.dataStream.server.tls.conf = null (default)
2023-08-31 10:24:40,509 [JUnit] INFO  netty.NettyConfigKeys$DataStream (ConfUtils.java:logGet(46)) - raft.netty.dataStream.host = null (default)
2023-08-31 10:24:40,509 [JUnit] INFO  netty.NettyConfigKeys$DataStream (ConfUtils.java:logGet(46)) - raft.netty.dataStream.port = 15077 (custom)
2023-08-31 10:24:40,511 [JUnit] INFO  server.RaftServerConfigKeys (ConfUtils.java:logGet(46)) - raft.server.threadpool.proxy.cached = true (default)
2023-08-31 10:24:40,511 [JUnit] INFO  server.RaftServerConfigKeys (ConfUtils.java:logGet(46)) - raft.server.threadpool.proxy.size = 0 (default)
2023-08-31 10:24:40,511 [JUnit] INFO  server.RaftServerConfigKeys (ConfUtils.java:logGet(46)) - raft.server.rpc.slowness.timeout = 300000ms (custom)
2023-08-31 10:24:40,512 [JUnit] INFO  server.RaftServerConfigKeys (ConfUtils.java:logGet(46)) - raft.server.leaderelection.leader.step-down.wait-time = 10s (default)
2023-08-31 10:24:40,512 [JUnit] INFO  server.RaftServerConfigKeys (ConfUtils.java:logGet(46)) - raft.server.storage.dir = [/home/runner/work/ozone/ozone/hadoop-ozone/integration-test/target/test-dir/MiniOzoneClusterImpl-3562ddc4-ebd0-49e0-a6e7-0f6459768660/datanode-1/data/ratis] (custom)
2023-08-31 10:24:40,512 [cdef5c6f-8bd8-48a8-8760-99c7043342d4-NettyServerStreamRpc-bossGroup--thread1] INFO  logging.LoggingHandler (AbstractInternalLogger.java:log(148)) - [id: 0xf54ead32] REGISTERED
2023-08-31 10:24:40,512 [cdef5c6f-8bd8-48a8-8760-99c7043342d4-NettyServerStreamRpc-bossGroup--thread1] INFO  logging.LoggingHandler (AbstractInternalLogger.java:log(148)) - [id: 0xf54ead32] BIND: 0.0.0.0/0.0.0.0:15077
2023-08-31 10:24:40,512 [cdef5c6f-8bd8-48a8-8760-99c7043342d4-NettyServerStreamRpc-bossGroup--thread1] INFO  logging.LoggingHandler (AbstractInternalLogger.java:log(148)) - [id: 0xf54ead32, L:/0:0:0:0:0:0:0:0:15077] ACTIVE
2023-08-31 10:24:40,515 [cdef5c6f-8bd8-48a8-8760-99c7043342d4-impl-thread1] INFO  server.RaftServer (RaftServerProxy.java:initGroupDir(258)) - cdef5c6f-8bd8-48a8-8760-99c7043342d4: found a subdirectory /home/runner/work/ozone/ozone/hadoop-ozone/integration-test/target/test-dir/MiniOzoneClusterImpl-3562ddc4-ebd0-49e0-a6e7-0f6459768660/datanode-1/data/ratis/tmp
2023-08-31 10:24:40,515 [cdef5c6f-8bd8-48a8-8760-99c7043342d4-impl-thread1] INFO  server.RaftServer (RaftServerProxy.java:initGroupDir(263)) - cdef5c6f-8bd8-48a8-8760-99c7043342d4: The directory /home/runner/work/ozone/ozone/hadoop-ozone/integration-test/target/test-dir/MiniOzoneClusterImpl-3562ddc4-ebd0-49e0-a6e7-0f6459768660/datanode-1/data/ratis/tmp is not a group directory; ignoring it. 
2023-08-31 10:24:40,516 [JUnit] INFO  replication.ReplicationServer (ReplicationServer.java:<init>(81)) - Initializing replication server with thread count = 10
2023-08-31 10:24:40,516 [JUnit] INFO  server.XceiverServerGrpc (XceiverServerGrpc.java:<init>(132)) - GrpcServer channel type EpollServerSocketChannel
2023-08-31 10:24:40,521 [JUnit] INFO  replication.ReplicationSupervisor (ReplicationSupervisor.java:build(155)) - Initializing replication supervisor with thread count = 10
2023-08-31 10:24:40,522 [JUnit] INFO  replication.ReplicationSupervisor (ReplicationSupervisor.java:nodeStateUpdated(307)) - Node state updated to IN_SERVICE, scaling executor pool size to 10
2023-08-31 10:24:40,524 [JUnit] INFO  http.BaseHttpServer (BaseHttpServer.java:newHttpServer2BuilderForOzone(223)) - Starting Web-server for hddsDatanode at: http://0.0.0.0:15071
2023-08-31 10:24:40,524 [JUnit] INFO  http.BaseHttpServer (BaseHttpServer.java:<init>(110)) - Hadoop Security Enabled: false Ozone Security Enabled: false Ozone HTTP Security Enabled: false 
2023-08-31 10:24:40,525 [JUnit] WARN  server.AuthenticationFilter (AuthenticationFilter.java:constructSecretProvider(240)) - Unable to initialize FileSignerSecretProvider, falling back to use random secrets. Reason: Could not read signature secret file: /home/runner/hadoop-http-auth-signature-secret
2023-08-31 10:24:40,527 [JUnit] INFO  http.HttpRequestLog (HttpRequestLog.java:getRequestLog(86)) - Http request log for http.requests.hddsDatanode is not defined
2023-08-31 10:24:40,529 [JUnit] INFO  http.HttpServer2 (HttpServer2.java:addGlobalFilter(1031)) - Added global filter 'safety' (class=org.apache.hadoop.hdds.server.http.HttpServer2$QuotingInputFilter)
2023-08-31 10:24:40,530 [JUnit] INFO  http.HttpServer2 (HttpServer2.java:addFilter(1007)) - Added filter static_user_filter (class=org.apache.hadoop.http.lib.StaticUserWebFilter$StaticUserFilter) to context hddsDatanode
2023-08-31 10:24:40,530 [JUnit] INFO  http.HttpServer2 (HttpServer2.java:addFilter(1015)) - Added filter static_user_filter (class=org.apache.hadoop.http.lib.StaticUserWebFilter$StaticUserFilter) to context static
2023-08-31 10:24:40,530 [JUnit] INFO  http.HttpServer2 (HttpServer2.java:addFilter(1015)) - Added filter static_user_filter (class=org.apache.hadoop.http.lib.StaticUserWebFilter$StaticUserFilter) to context logs
2023-08-31 10:24:40,531 [JUnit] INFO  http.BaseHttpServer (BaseHttpServer.java:<init>(189)) - HTTP server of hddsDatanode uses base directory /home/runner/work/ozone/ozone/hadoop-ozone/integration-test/target/test-dir/MiniOzoneClusterImpl-3562ddc4-ebd0-49e0-a6e7-0f6459768660/datanode-1/meta/webserver
2023-08-31 10:24:40,531 [JUnit] INFO  http.HttpServer2 (HttpServer2.java:bindListener(1231)) - Jetty bound to port 15071
2023-08-31 10:24:40,532 [JUnit] INFO  server.Server (Server.java:doStart(375)) - jetty-9.4.51.v20230217; built: 2023-02-17T08:19:37.309Z; git: b45c405e4544384de066f814ed42ae3dceacdd49; jvm 1.8.0_382-b05
2023-08-31 10:24:40,554 [JUnit] INFO  server.session (DefaultSessionIdManager.java:doStart(334)) - DefaultSessionIdManager workerName=node0
2023-08-31 10:24:40,554 [JUnit] INFO  server.session (DefaultSessionIdManager.java:doStart(339)) - No SessionScavenger set, using defaults
2023-08-31 10:24:40,554 [JUnit] INFO  server.session (HouseKeeper.java:startScavenging(132)) - node0 Scavenging every 660000ms
2023-08-31 10:24:40,556 [JUnit] INFO  handler.ContextHandler (ContextHandler.java:doStart(921)) - Started o.e.j.s.ServletContextHandler@22fcd4d7{logs,/logs,file:///home/runner/work/ozone/ozone/hadoop-ozone/integration-test/target/log,AVAILABLE}
2023-08-31 10:24:40,557 [JUnit] INFO  handler.ContextHandler (ContextHandler.java:doStart(921)) - Started o.e.j.s.ServletContextHandler@78f7f351{static,/static,jar:file:/home/runner/.m2/repository/org/apache/ozone/hdds-container-service/1.4.0-SNAPSHOT/hdds-container-service-1.4.0-SNAPSHOT.jar!/webapps/static,AVAILABLE}
2023-08-31 10:24:40,760 [JUnit] INFO  handler.ContextHandler (ContextHandler.java:doStart(921)) - Started o.e.j.w.WebAppContext@29b99c50{hddsDatanode,/,file:///home/runner/work/ozone/ozone/hadoop-ozone/integration-test/target/test-dir/MiniOzoneClusterImpl-3562ddc4-ebd0-49e0-a6e7-0f6459768660/datanode-1/meta/webserver/jetty-0_0_0_0-15071-hdds-container-service-1_4_0-SNAPSHOT_jar-_-any-7521445322572308761/webapp/,AVAILABLE}{jar:file:/home/runner/.m2/repository/org/apache/ozone/hdds-container-service/1.4.0-SNAPSHOT/hdds-container-service-1.4.0-SNAPSHOT.jar!/webapps/hddsDatanode}
2023-08-31 10:24:40,761 [JUnit] INFO  server.AbstractConnector (AbstractConnector.java:doStart(333)) - Started ServerConnector@5e6239d3{HTTP/1.1, (http/1.1)}{0.0.0.0:15071}
2023-08-31 10:24:40,762 [JUnit] INFO  server.Server (Server.java:doStart(415)) - Started @32338ms
2023-08-31 10:24:40,762 [JUnit] WARN  impl.MetricsSystemImpl (MetricsSystemImpl.java:register(279)) - Sink prometheus already exists!
2023-08-31 10:24:40,762 [JUnit] INFO  http.BaseHttpServer (BaseHttpServer.java:updateConnectorAddress(354)) - HTTP server of hddsDatanode listening at http://0.0.0.0:15071
2023-08-31 10:24:40,763 [JUnit] INFO  ipc.CallQueueManager (CallQueueManager.java:<init>(90)) - Using callQueue: class java.util.concurrent.LinkedBlockingQueue, queueCapacity: 100, scheduler: class org.apache.hadoop.ipc.DefaultRpcScheduler, ipcBackoff: false.
2023-08-31 10:24:40,763 [JUnit] INFO  ipc.Server (Server.java:<init>(1287)) - Listener at 0.0.0.0:15072
2023-08-31 10:24:40,763 [Socket Reader #1 for port 15072] INFO  ipc.Server (Server.java:run(1323)) - Starting Socket Reader #1 for port 15072
2023-08-31 10:24:40,766 [JUnit] INFO  ozone.HddsDatanodeService (HddsDatanodeService.java:start(315)) - Datanode start with admins: [runner]
2023-08-31 10:24:40,766 [JUnit] INFO  ozone.HddsDatanodeClientProtocolServer (HddsDatanodeClientProtocolServer.java:start(72)) - RPC server for Client /0.0.0.0:15072
2023-08-31 10:24:40,766 [IPC Server Responder] INFO  ipc.Server (Server.java:run(1562)) - IPC Server Responder: starting
2023-08-31 10:24:40,767 [JUnit] WARN  impl.MetricRegistriesImpl (MetricRegistriesImpl.java:addReporterRegistration(111)) - New reporters are added after registries were created. Some metrics will be missing from the reporter. Please add reporter before adding any new registry.
2023-08-31 10:24:40,767 [JUnit] WARN  impl.MetricRegistriesImpl (MetricRegistriesImpl.java:addReporterRegistration(111)) - New reporters are added after registries were created. Some metrics will be missing from the reporter. Please add reporter before adding any new registry.
2023-08-31 10:24:40,767 [JUnit] INFO  impl.MetricsSystemImpl (MetricsSystemImpl.java:init(158)) - HddsDatanode metrics system started (again)
2023-08-31 10:24:40,771 [IPC Server listener on 15072] INFO  ipc.Server (Server.java:run(1402)) - IPC Server listener on 15072: starting
2023-08-31 10:24:40,771 [Datanode State Machine Daemon Thread] INFO  statemachine.DatanodeStateMachine (DatanodeStateMachine.java:lambda$startDaemon$0(538)) - Ozone container server started.
2023-08-31 10:24:40,779 [JUnit] INFO  ozone.HddsDatanodeService (HddsDatanodeService.java:start(237)) - HddsDatanodeService host:fv-az304-998.1xzdsl11evde5oaqfphatm1hpa.cx.internal.cloudapp.net ip:10.1.0.16
2023-08-31 10:24:40,784 [Datanode State Machine Task Thread - 0] INFO  datanode.InitDatanodeState (InitDatanodeState.java:persistContainerDatanodeDetails(138)) - DatanodeDetails is persisted to /home/runner/work/ozone/ozone/hadoop-ozone/integration-test/target/test-dir/MiniOzoneClusterImpl-3562ddc4-ebd0-49e0-a6e7-0f6459768660/datanode-1/meta/datanode.id
2023-08-31 10:24:40,794 [JUnit] INFO  upgrade.AbstractLayoutVersionManager (AbstractLayoutVersionManager.java:init(83)) - Initializing Layout version manager with metadata layout = HADOOP_PRC_PORTS_IN_DATANODEDETAILS (version = 7), software layout = HADOOP_PRC_PORTS_IN_DATANODEDETAILS (version = 7)
2023-08-31 10:24:40,794 [JUnit] INFO  statemachine.DatanodeStateMachine (DatanodeStateMachine.java:getEndPointTaskThreadPoolSize(282)) - Datanode State Machine Task Thread Pool size 2
2023-08-31 10:24:40,796 [JUnit] INFO  volume.HddsVolume (HddsVolume.java:<init>(126)) - Creating HddsVolume: /home/runner/work/ozone/ozone/hadoop-ozone/integration-test/target/test-dir/MiniOzoneClusterImpl-3562ddc4-ebd0-49e0-a6e7-0f6459768660/datanode-2/data-0/containers/hdds of storage type : DISK capacity : 9223372036854775807
2023-08-31 10:24:40,796 [JUnit] INFO  volume.MutableVolumeSet (MutableVolumeSet.java:initializeVolumeSet(173)) - Added Volume : /home/runner/work/ozone/ozone/hadoop-ozone/integration-test/target/test-dir/MiniOzoneClusterImpl-3562ddc4-ebd0-49e0-a6e7-0f6459768660/datanode-2/data-0/containers/hdds to VolumeSet
2023-08-31 10:24:40,797 [JUnit] INFO  volume.MutableVolumeSet (MutableVolumeSet.java:initializeVolumeSet(173)) - Added Volume : /home/runner/work/ozone/ozone/hadoop-ozone/integration-test/target/test-dir/MiniOzoneClusterImpl-3562ddc4-ebd0-49e0-a6e7-0f6459768660/datanode-2/data/ratis to VolumeSet
2023-08-31 10:24:40,797 [Thread-825] INFO  ozoneimpl.ContainerReader (ContainerReader.java:readVolume(177)) - Finish verifying containers on volume /home/runner/work/ozone/ozone/hadoop-ozone/integration-test/target/test-dir/MiniOzoneClusterImpl-3562ddc4-ebd0-49e0-a6e7-0f6459768660/datanode-2/data-0/containers/hdds
2023-08-31 10:24:40,797 [JUnit] INFO  ozoneimpl.OzoneContainer (OzoneContainer.java:buildContainerSet(314)) - Build ContainerSet costs 0s
2023-08-31 10:24:40,799 [JUnit] INFO  server.RaftServer (ConfUtils.java:logGet(46)) - raft.rpc.type = GRPC (default)
2023-08-31 10:24:40,799 [JUnit] INFO  grpc.GrpcConfigKeys (ConfUtils.java:logFallback(53)) - raft.grpc.admin.host = null (fallback to raft.grpc.server.host)
2023-08-31 10:24:40,799 [JUnit] INFO  grpc.GrpcConfigKeys (ConfUtils.java:logGet(46)) - raft.grpc.admin.port = 15084 (custom)
2023-08-31 10:24:40,799 [JUnit] INFO  grpc.GrpcConfigKeys (ConfUtils.java:logFallback(53)) - raft.grpc.client.host = null (fallback to raft.grpc.server.host)
2023-08-31 10:24:40,799 [JUnit] INFO  grpc.GrpcConfigKeys (ConfUtils.java:logGet(46)) - raft.grpc.client.port = 15083 (custom)
2023-08-31 10:24:40,800 [JUnit] INFO  grpc.GrpcConfigKeys (ConfUtils.java:logGet(46)) - raft.grpc.server.host = null (default)
2023-08-31 10:24:40,800 [JUnit] INFO  grpc.GrpcConfigKeys (ConfUtils.java:logGet(46)) - raft.grpc.server.port = 15085 (custom)
2023-08-31 10:24:40,800 [JUnit] INFO  server.GrpcService (ConfUtils.java:logGet(46)) - raft.grpc.message.size.max = 32MB (=33554432) (custom)
2023-08-31 10:24:40,800 [JUnit] INFO  server.RaftServerConfigKeys (ConfUtils.java:logGet(46)) - raft.server.log.appender.buffer.byte-limit = 33554432 (custom)
2023-08-31 10:24:40,800 [JUnit] INFO  server.GrpcService (ConfUtils.java:logGet(46)) - raft.grpc.flow.control.window = 5MB (=5242880) (custom)
2023-08-31 10:24:40,800 [JUnit] INFO  server.RaftServerConfigKeys (ConfUtils.java:logGet(46)) - raft.server.rpc.request.timeout = 3000ms (default)
2023-08-31 10:24:40,800 [JUnit] INFO  grpc.GrpcConfigKeys (ConfUtils.java:logGet(46)) - raft.grpc.server.heartbeat.channel = true (default)
2023-08-31 10:24:40,800 [JUnit] INFO  grpc.GrpcConfigKeys (ConfUtils.java:logGet(46)) - raft.grpc.server.async.request.thread.pool.cached = true (default)
2023-08-31 10:24:40,800 [JUnit] INFO  grpc.GrpcConfigKeys (ConfUtils.java:logGet(46)) - raft.grpc.server.async.request.thread.pool.size = 32 (default)
2023-08-31 10:24:40,802 [JUnit] INFO  impl.DataStreamServerImpl (ConfUtils.java:logGet(46)) - raft.datastream.type = NETTY (custom)
2023-08-31 10:24:40,802 [JUnit] INFO  server.RaftServerConfigKeys (ConfUtils.java:logGet(46)) - raft.server.data-stream.async.request.thread.pool.cached = false (default)
2023-08-31 10:24:40,802 [JUnit] INFO  server.RaftServerConfigKeys (ConfUtils.java:logGet(46)) - raft.server.data-stream.async.request.thread.pool.size = 20 (custom)
2023-08-31 10:24:40,802 [JUnit] INFO  server.RaftServerConfigKeys (ConfUtils.java:logGet(46)) - raft.server.data-stream.async.write.thread.pool.size = 16 (default)
2023-08-31 10:24:40,803 [JUnit] INFO  server.RaftServerConfigKeys (ConfUtils.java:logGet(46)) - raft.server.data-stream.client.pool.size = 10 (default)
2023-08-31 10:24:40,803 [JUnit] INFO  netty.NettyConfigKeys$DataStream (ConfUtils.java:logGet(46)) - raft.netty.dataStream.server.use-epoll = false (default)
2023-08-31 10:24:40,803 [JUnit] INFO  netty.NettyConfigKeys$DataStream (ConfUtils.java:logGet(46)) - raft.netty.dataStream.server.boss-group.size = 0 (default)
2023-08-31 10:24:40,803 [JUnit] INFO  netty.NettyConfigKeys$DataStream (ConfUtils.java:logGet(46)) - raft.netty.dataStream.server.worker-group.size = 0 (default)
2023-08-31 10:24:40,803 [JUnit] INFO  netty.NettyConfigKeys$DataStream (ConfUtils.java:logGet(46)) - raft.netty.dataStream.server.tls.conf = null (default)
2023-08-31 10:24:40,803 [JUnit] INFO  netty.NettyConfigKeys$DataStream (ConfUtils.java:logGet(46)) - raft.netty.dataStream.host = null (default)
2023-08-31 10:24:40,806 [JUnit] INFO  netty.NettyConfigKeys$DataStream (ConfUtils.java:logGet(46)) - raft.netty.dataStream.port = 15086 (custom)
2023-08-31 10:24:40,806 [JUnit] INFO  server.RaftServerConfigKeys (ConfUtils.java:logGet(46)) - raft.server.threadpool.proxy.cached = true (default)
2023-08-31 10:24:40,806 [JUnit] INFO  server.RaftServerConfigKeys (ConfUtils.java:logGet(46)) - raft.server.threadpool.proxy.size = 0 (default)
2023-08-31 10:24:40,807 [JUnit] INFO  server.RaftServerConfigKeys (ConfUtils.java:logGet(46)) - raft.server.rpc.slowness.timeout = 300000ms (custom)
2023-08-31 10:24:40,807 [JUnit] INFO  server.RaftServerConfigKeys (ConfUtils.java:logGet(46)) - raft.server.leaderelection.leader.step-down.wait-time = 10s (default)
2023-08-31 10:24:40,807 [JUnit] INFO  server.RaftServerConfigKeys (ConfUtils.java:logGet(46)) - raft.server.storage.dir = [/home/runner/work/ozone/ozone/hadoop-ozone/integration-test/target/test-dir/MiniOzoneClusterImpl-3562ddc4-ebd0-49e0-a6e7-0f6459768660/datanode-2/data/ratis] (custom)
2023-08-31 10:24:40,807 [f7581748-7872-49ff-9c70-19e178dd57a8-NettyServerStreamRpc-bossGroup--thread1] INFO  logging.LoggingHandler (AbstractInternalLogger.java:log(148)) - [id: 0x581298d5] REGISTERED
2023-08-31 10:24:40,807 [f7581748-7872-49ff-9c70-19e178dd57a8-NettyServerStreamRpc-bossGroup--thread1] INFO  logging.LoggingHandler (AbstractInternalLogger.java:log(148)) - [id: 0x581298d5] BIND: 0.0.0.0/0.0.0.0:15086
2023-08-31 10:24:40,807 [f7581748-7872-49ff-9c70-19e178dd57a8-NettyServerStreamRpc-bossGroup--thread1] INFO  logging.LoggingHandler (AbstractInternalLogger.java:log(148)) - [id: 0x581298d5, L:/0:0:0:0:0:0:0:0:15086] ACTIVE
2023-08-31 10:24:40,811 [f7581748-7872-49ff-9c70-19e178dd57a8-impl-thread1] INFO  server.RaftServer (RaftServerProxy.java:initGroupDir(258)) - f7581748-7872-49ff-9c70-19e178dd57a8: found a subdirectory /home/runner/work/ozone/ozone/hadoop-ozone/integration-test/target/test-dir/MiniOzoneClusterImpl-3562ddc4-ebd0-49e0-a6e7-0f6459768660/datanode-2/data/ratis/tmp
2023-08-31 10:24:40,811 [f7581748-7872-49ff-9c70-19e178dd57a8-impl-thread1] INFO  server.RaftServer (RaftServerProxy.java:initGroupDir(263)) - f7581748-7872-49ff-9c70-19e178dd57a8: The directory /home/runner/work/ozone/ozone/hadoop-ozone/integration-test/target/test-dir/MiniOzoneClusterImpl-3562ddc4-ebd0-49e0-a6e7-0f6459768660/datanode-2/data/ratis/tmp is not a group directory; ignoring it. 
2023-08-31 10:24:40,812 [JUnit] INFO  replication.ReplicationServer (ReplicationServer.java:<init>(81)) - Initializing replication server with thread count = 10
2023-08-31 10:24:40,813 [JUnit] INFO  server.XceiverServerGrpc (XceiverServerGrpc.java:<init>(132)) - GrpcServer channel type EpollServerSocketChannel
2023-08-31 10:24:40,814 [JUnit] INFO  replication.ReplicationSupervisor (ReplicationSupervisor.java:build(155)) - Initializing replication supervisor with thread count = 10
2023-08-31 10:24:40,814 [JUnit] INFO  replication.ReplicationSupervisor (ReplicationSupervisor.java:nodeStateUpdated(307)) - Node state updated to IN_SERVICE, scaling executor pool size to 10
2023-08-31 10:24:40,815 [JUnit] INFO  http.BaseHttpServer (BaseHttpServer.java:newHttpServer2BuilderForOzone(223)) - Starting Web-server for hddsDatanode at: http://0.0.0.0:15080
2023-08-31 10:24:40,816 [JUnit] INFO  http.BaseHttpServer (BaseHttpServer.java:<init>(110)) - Hadoop Security Enabled: false Ozone Security Enabled: false Ozone HTTP Security Enabled: false 
2023-08-31 10:24:40,817 [JUnit] WARN  server.AuthenticationFilter (AuthenticationFilter.java:constructSecretProvider(240)) - Unable to initialize FileSignerSecretProvider, falling back to use random secrets. Reason: Could not read signature secret file: /home/runner/hadoop-http-auth-signature-secret
2023-08-31 10:24:40,817 [JUnit] INFO  http.HttpRequestLog (HttpRequestLog.java:getRequestLog(86)) - Http request log for http.requests.hddsDatanode is not defined
2023-08-31 10:24:40,819 [JUnit] INFO  http.HttpServer2 (HttpServer2.java:addGlobalFilter(1031)) - Added global filter 'safety' (class=org.apache.hadoop.hdds.server.http.HttpServer2$QuotingInputFilter)
2023-08-31 10:24:40,819 [JUnit] INFO  http.HttpServer2 (HttpServer2.java:addFilter(1007)) - Added filter static_user_filter (class=org.apache.hadoop.http.lib.StaticUserWebFilter$StaticUserFilter) to context hddsDatanode
2023-08-31 10:24:40,820 [JUnit] INFO  http.HttpServer2 (HttpServer2.java:addFilter(1015)) - Added filter static_user_filter (class=org.apache.hadoop.http.lib.StaticUserWebFilter$StaticUserFilter) to context static
2023-08-31 10:24:40,820 [JUnit] INFO  http.HttpServer2 (HttpServer2.java:addFilter(1015)) - Added filter static_user_filter (class=org.apache.hadoop.http.lib.StaticUserWebFilter$StaticUserFilter) to context logs
2023-08-31 10:24:40,821 [JUnit] INFO  http.BaseHttpServer (BaseHttpServer.java:<init>(189)) - HTTP server of hddsDatanode uses base directory /home/runner/work/ozone/ozone/hadoop-ozone/integration-test/target/test-dir/MiniOzoneClusterImpl-3562ddc4-ebd0-49e0-a6e7-0f6459768660/datanode-2/meta/webserver
2023-08-31 10:24:40,821 [JUnit] INFO  http.HttpServer2 (HttpServer2.java:bindListener(1231)) - Jetty bound to port 15080
2023-08-31 10:24:40,821 [JUnit] INFO  server.Server (Server.java:doStart(375)) - jetty-9.4.51.v20230217; built: 2023-02-17T08:19:37.309Z; git: b45c405e4544384de066f814ed42ae3dceacdd49; jvm 1.8.0_382-b05
2023-08-31 10:24:40,825 [JUnit] INFO  server.session (DefaultSessionIdManager.java:doStart(334)) - DefaultSessionIdManager workerName=node0
2023-08-31 10:24:40,825 [JUnit] INFO  server.session (DefaultSessionIdManager.java:doStart(339)) - No SessionScavenger set, using defaults
2023-08-31 10:24:40,825 [JUnit] INFO  server.session (HouseKeeper.java:startScavenging(132)) - node0 Scavenging every 600000ms
2023-08-31 10:24:40,825 [JUnit] INFO  handler.ContextHandler (ContextHandler.java:doStart(921)) - Started o.e.j.s.ServletContextHandler@182d1c03{logs,/logs,file:///home/runner/work/ozone/ozone/hadoop-ozone/integration-test/target/log,AVAILABLE}
2023-08-31 10:24:40,826 [JUnit] INFO  handler.ContextHandler (ContextHandler.java:doStart(921)) - Started o.e.j.s.ServletContextHandler@23aeacdf{static,/static,jar:file:/home/runner/.m2/repository/org/apache/ozone/hdds-container-service/1.4.0-SNAPSHOT/hdds-container-service-1.4.0-SNAPSHOT.jar!/webapps/static,AVAILABLE}
2023-08-31 10:24:41,031 [JUnit] INFO  handler.ContextHandler (ContextHandler.java:doStart(921)) - Started o.e.j.w.WebAppContext@6a97c028{hddsDatanode,/,file:///home/runner/work/ozone/ozone/hadoop-ozone/integration-test/target/test-dir/MiniOzoneClusterImpl-3562ddc4-ebd0-49e0-a6e7-0f6459768660/datanode-2/meta/webserver/jetty-0_0_0_0-15080-hdds-container-service-1_4_0-SNAPSHOT_jar-_-any-3870894099829839563/webapp/,AVAILABLE}{jar:file:/home/runner/.m2/repository/org/apache/ozone/hdds-container-service/1.4.0-SNAPSHOT/hdds-container-service-1.4.0-SNAPSHOT.jar!/webapps/hddsDatanode}
2023-08-31 10:24:41,032 [JUnit] INFO  server.AbstractConnector (AbstractConnector.java:doStart(333)) - Started ServerConnector@498785eb{HTTP/1.1, (http/1.1)}{0.0.0.0:15080}
2023-08-31 10:24:41,032 [JUnit] INFO  server.Server (Server.java:doStart(415)) - Started @32608ms
2023-08-31 10:24:41,032 [JUnit] WARN  impl.MetricsSystemImpl (MetricsSystemImpl.java:register(279)) - Sink prometheus already exists!
2023-08-31 10:24:41,033 [JUnit] INFO  http.BaseHttpServer (BaseHttpServer.java:updateConnectorAddress(354)) - HTTP server of hddsDatanode listening at http://0.0.0.0:15080
2023-08-31 10:24:41,035 [JUnit] INFO  ipc.CallQueueManager (CallQueueManager.java:<init>(90)) - Using callQueue: class java.util.concurrent.LinkedBlockingQueue, queueCapacity: 100, scheduler: class org.apache.hadoop.ipc.DefaultRpcScheduler, ipcBackoff: false.
2023-08-31 10:24:41,035 [JUnit] INFO  ipc.Server (Server.java:<init>(1287)) - Listener at 0.0.0.0:15081
2023-08-31 10:24:41,036 [Socket Reader #1 for port 15081] INFO  ipc.Server (Server.java:run(1323)) - Starting Socket Reader #1 for port 15081
2023-08-31 10:24:41,039 [JUnit] INFO  ozone.HddsDatanodeService (HddsDatanodeService.java:start(315)) - Datanode start with admins: [runner]
2023-08-31 10:24:41,039 [JUnit] INFO  ozone.HddsDatanodeClientProtocolServer (HddsDatanodeClientProtocolServer.java:start(72)) - RPC server for Client /0.0.0.0:15081
2023-08-31 10:24:41,040 [IPC Server Responder] INFO  ipc.Server (Server.java:run(1562)) - IPC Server Responder: starting
2023-08-31 10:24:41,040 [IPC Server listener on 15081] INFO  ipc.Server (Server.java:run(1402)) - IPC Server listener on 15081: starting
2023-08-31 10:24:41,041 [JUnit] WARN  impl.MetricRegistriesImpl (MetricRegistriesImpl.java:addReporterRegistration(111)) - New reporters are added after registries were created. Some metrics will be missing from the reporter. Please add reporter before adding any new registry.
2023-08-31 10:24:41,041 [JUnit] WARN  impl.MetricRegistriesImpl (MetricRegistriesImpl.java:addReporterRegistration(111)) - New reporters are added after registries were created. Some metrics will be missing from the reporter. Please add reporter before adding any new registry.
2023-08-31 10:24:41,041 [JUnit] INFO  impl.MetricsSystemImpl (MetricsSystemImpl.java:init(158)) - HddsDatanode metrics system started (again)
2023-08-31 10:24:41,048 [Datanode State Machine Daemon Thread] INFO  statemachine.DatanodeStateMachine (DatanodeStateMachine.java:lambda$startDaemon$0(538)) - Ozone container server started.
2023-08-31 10:24:41,057 [Datanode State Machine Task Thread - 0] INFO  datanode.InitDatanodeState (InitDatanodeState.java:persistContainerDatanodeDetails(138)) - DatanodeDetails is persisted to /home/runner/work/ozone/ozone/hadoop-ozone/integration-test/target/test-dir/MiniOzoneClusterImpl-3562ddc4-ebd0-49e0-a6e7-0f6459768660/datanode-2/meta/datanode.id
2023-08-31 10:24:41,061 [JUnit] INFO  ozone.HddsDatanodeService (HddsDatanodeService.java:start(237)) - HddsDatanodeService host:fv-az304-998.1xzdsl11evde5oaqfphatm1hpa.cx.internal.cloudapp.net ip:10.1.0.16
2023-08-31 10:24:41,086 [JUnit] INFO  upgrade.AbstractLayoutVersionManager (AbstractLayoutVersionManager.java:init(83)) - Initializing Layout version manager with metadata layout = HADOOP_PRC_PORTS_IN_DATANODEDETAILS (version = 7), software layout = HADOOP_PRC_PORTS_IN_DATANODEDETAILS (version = 7)
2023-08-31 10:24:41,088 [JUnit] INFO  statemachine.DatanodeStateMachine (DatanodeStateMachine.java:getEndPointTaskThreadPoolSize(282)) - Datanode State Machine Task Thread Pool size 2
2023-08-31 10:24:41,089 [JUnit] INFO  volume.HddsVolume (HddsVolume.java:<init>(126)) - Creating HddsVolume: /home/runner/work/ozone/ozone/hadoop-ozone/integration-test/target/test-dir/MiniOzoneClusterImpl-3562ddc4-ebd0-49e0-a6e7-0f6459768660/datanode-3/data-0/containers/hdds of storage type : DISK capacity : 9223372036854775807
2023-08-31 10:24:41,089 [JUnit] INFO  volume.MutableVolumeSet (MutableVolumeSet.java:initializeVolumeSet(173)) - Added Volume : /home/runner/work/ozone/ozone/hadoop-ozone/integration-test/target/test-dir/MiniOzoneClusterImpl-3562ddc4-ebd0-49e0-a6e7-0f6459768660/datanode-3/data-0/containers/hdds to VolumeSet
2023-08-31 10:24:41,092 [JUnit] INFO  volume.MutableVolumeSet (MutableVolumeSet.java:initializeVolumeSet(173)) - Added Volume : /home/runner/work/ozone/ozone/hadoop-ozone/integration-test/target/test-dir/MiniOzoneClusterImpl-3562ddc4-ebd0-49e0-a6e7-0f6459768660/datanode-3/data/ratis to VolumeSet
2023-08-31 10:24:41,093 [Thread-842] INFO  ozoneimpl.ContainerReader (ContainerReader.java:readVolume(177)) - Finish verifying containers on volume /home/runner/work/ozone/ozone/hadoop-ozone/integration-test/target/test-dir/MiniOzoneClusterImpl-3562ddc4-ebd0-49e0-a6e7-0f6459768660/datanode-3/data-0/containers/hdds
2023-08-31 10:24:41,093 [JUnit] INFO  ozoneimpl.OzoneContainer (OzoneContainer.java:buildContainerSet(314)) - Build ContainerSet costs 0s
2023-08-31 10:24:41,097 [JUnit] INFO  server.RaftServer (ConfUtils.java:logGet(46)) - raft.rpc.type = GRPC (default)
2023-08-31 10:24:41,097 [JUnit] INFO  grpc.GrpcConfigKeys (ConfUtils.java:logFallback(53)) - raft.grpc.admin.host = null (fallback to raft.grpc.server.host)
2023-08-31 10:24:41,097 [JUnit] INFO  grpc.GrpcConfigKeys (ConfUtils.java:logGet(46)) - raft.grpc.admin.port = 15093 (custom)
2023-08-31 10:24:41,097 [JUnit] INFO  grpc.GrpcConfigKeys (ConfUtils.java:logFallback(53)) - raft.grpc.client.host = null (fallback to raft.grpc.server.host)
2023-08-31 10:24:41,097 [JUnit] INFO  grpc.GrpcConfigKeys (ConfUtils.java:logGet(46)) - raft.grpc.client.port = 15092 (custom)
2023-08-31 10:24:41,097 [JUnit] INFO  grpc.GrpcConfigKeys (ConfUtils.java:logGet(46)) - raft.grpc.server.host = null (default)
2023-08-31 10:24:41,097 [JUnit] INFO  grpc.GrpcConfigKeys (ConfUtils.java:logGet(46)) - raft.grpc.server.port = 15094 (custom)
2023-08-31 10:24:41,098 [JUnit] INFO  server.GrpcService (ConfUtils.java:logGet(46)) - raft.grpc.message.size.max = 32MB (=33554432) (custom)
2023-08-31 10:24:41,098 [JUnit] INFO  server.RaftServerConfigKeys (ConfUtils.java:logGet(46)) - raft.server.log.appender.buffer.byte-limit = 33554432 (custom)
2023-08-31 10:24:41,098 [JUnit] INFO  server.GrpcService (ConfUtils.java:logGet(46)) - raft.grpc.flow.control.window = 5MB (=5242880) (custom)
2023-08-31 10:24:41,098 [JUnit] INFO  server.RaftServerConfigKeys (ConfUtils.java:logGet(46)) - raft.server.rpc.request.timeout = 3000ms (default)
2023-08-31 10:24:41,098 [JUnit] INFO  grpc.GrpcConfigKeys (ConfUtils.java:logGet(46)) - raft.grpc.server.heartbeat.channel = true (default)
2023-08-31 10:24:41,098 [JUnit] INFO  grpc.GrpcConfigKeys (ConfUtils.java:logGet(46)) - raft.grpc.server.async.request.thread.pool.cached = true (default)
2023-08-31 10:24:41,098 [JUnit] INFO  grpc.GrpcConfigKeys (ConfUtils.java:logGet(46)) - raft.grpc.server.async.request.thread.pool.size = 32 (default)
2023-08-31 10:24:41,101 [JUnit] INFO  impl.DataStreamServerImpl (ConfUtils.java:logGet(46)) - raft.datastream.type = NETTY (custom)
2023-08-31 10:24:41,106 [JUnit] INFO  server.RaftServerConfigKeys (ConfUtils.java:logGet(46)) - raft.server.data-stream.async.request.thread.pool.cached = false (default)
2023-08-31 10:24:41,106 [JUnit] INFO  server.RaftServerConfigKeys (ConfUtils.java:logGet(46)) - raft.server.data-stream.async.request.thread.pool.size = 20 (custom)
2023-08-31 10:24:41,107 [JUnit] INFO  server.RaftServerConfigKeys (ConfUtils.java:logGet(46)) - raft.server.data-stream.async.write.thread.pool.size = 16 (default)
2023-08-31 10:24:41,107 [JUnit] INFO  server.RaftServerConfigKeys (ConfUtils.java:logGet(46)) - raft.server.data-stream.client.pool.size = 10 (default)
2023-08-31 10:24:41,107 [JUnit] INFO  netty.NettyConfigKeys$DataStream (ConfUtils.java:logGet(46)) - raft.netty.dataStream.server.use-epoll = false (default)
2023-08-31 10:24:41,107 [JUnit] INFO  netty.NettyConfigKeys$DataStream (ConfUtils.java:logGet(46)) - raft.netty.dataStream.server.boss-group.size = 0 (default)
2023-08-31 10:24:41,107 [JUnit] INFO  netty.NettyConfigKeys$DataStream (ConfUtils.java:logGet(46)) - raft.netty.dataStream.server.worker-group.size = 0 (default)
2023-08-31 10:24:41,108 [JUnit] INFO  netty.NettyConfigKeys$DataStream (ConfUtils.java:logGet(46)) - raft.netty.dataStream.server.tls.conf = null (default)
2023-08-31 10:24:41,108 [JUnit] INFO  netty.NettyConfigKeys$DataStream (ConfUtils.java:logGet(46)) - raft.netty.dataStream.host = null (default)
2023-08-31 10:24:41,108 [JUnit] INFO  netty.NettyConfigKeys$DataStream (ConfUtils.java:logGet(46)) - raft.netty.dataStream.port = 15095 (custom)
2023-08-31 10:24:41,108 [JUnit] INFO  server.RaftServerConfigKeys (ConfUtils.java:logGet(46)) - raft.server.threadpool.proxy.cached = true (default)
2023-08-31 10:24:41,108 [JUnit] INFO  server.RaftServerConfigKeys (ConfUtils.java:logGet(46)) - raft.server.threadpool.proxy.size = 0 (default)
2023-08-31 10:24:41,108 [JUnit] INFO  server.RaftServerConfigKeys (ConfUtils.java:logGet(46)) - raft.server.rpc.slowness.timeout = 300000ms (custom)
2023-08-31 10:24:41,108 [JUnit] INFO  server.RaftServerConfigKeys (ConfUtils.java:logGet(46)) - raft.server.leaderelection.leader.step-down.wait-time = 10s (default)
2023-08-31 10:24:41,108 [JUnit] INFO  server.RaftServerConfigKeys (ConfUtils.java:logGet(46)) - raft.server.storage.dir = [/home/runner/work/ozone/ozone/hadoop-ozone/integration-test/target/test-dir/MiniOzoneClusterImpl-3562ddc4-ebd0-49e0-a6e7-0f6459768660/datanode-3/data/ratis] (custom)
2023-08-31 10:24:41,109 [f9ec4456-8805-4637-8ac6-a0d87dd7d848-NettyServerStreamRpc-bossGroup--thread1] INFO  logging.LoggingHandler (AbstractInternalLogger.java:log(148)) - [id: 0x711864cc] REGISTERED
2023-08-31 10:24:41,109 [f9ec4456-8805-4637-8ac6-a0d87dd7d848-NettyServerStreamRpc-bossGroup--thread1] INFO  logging.LoggingHandler (AbstractInternalLogger.java:log(148)) - [id: 0x711864cc] BIND: 0.0.0.0/0.0.0.0:15095
2023-08-31 10:24:41,109 [f9ec4456-8805-4637-8ac6-a0d87dd7d848-NettyServerStreamRpc-bossGroup--thread1] INFO  logging.LoggingHandler (AbstractInternalLogger.java:log(148)) - [id: 0x711864cc, L:/0:0:0:0:0:0:0:0:15095] ACTIVE
2023-08-31 10:24:41,109 [f9ec4456-8805-4637-8ac6-a0d87dd7d848-impl-thread1] INFO  server.RaftServer (RaftServerProxy.java:initGroupDir(258)) - f9ec4456-8805-4637-8ac6-a0d87dd7d848: found a subdirectory /home/runner/work/ozone/ozone/hadoop-ozone/integration-test/target/test-dir/MiniOzoneClusterImpl-3562ddc4-ebd0-49e0-a6e7-0f6459768660/datanode-3/data/ratis/tmp
2023-08-31 10:24:41,109 [f9ec4456-8805-4637-8ac6-a0d87dd7d848-impl-thread1] INFO  server.RaftServer (RaftServerProxy.java:initGroupDir(263)) - f9ec4456-8805-4637-8ac6-a0d87dd7d848: The directory /home/runner/work/ozone/ozone/hadoop-ozone/integration-test/target/test-dir/MiniOzoneClusterImpl-3562ddc4-ebd0-49e0-a6e7-0f6459768660/datanode-3/data/ratis/tmp is not a group directory; ignoring it. 
2023-08-31 10:24:41,110 [JUnit] INFO  replication.ReplicationServer (ReplicationServer.java:<init>(81)) - Initializing replication server with thread count = 10
2023-08-31 10:24:41,111 [JUnit] INFO  server.XceiverServerGrpc (XceiverServerGrpc.java:<init>(132)) - GrpcServer channel type EpollServerSocketChannel
2023-08-31 10:24:41,113 [JUnit] INFO  replication.ReplicationSupervisor (ReplicationSupervisor.java:build(155)) - Initializing replication supervisor with thread count = 10
2023-08-31 10:24:41,113 [JUnit] INFO  replication.ReplicationSupervisor (ReplicationSupervisor.java:nodeStateUpdated(307)) - Node state updated to IN_SERVICE, scaling executor pool size to 10
2023-08-31 10:24:41,115 [JUnit] INFO  http.BaseHttpServer (BaseHttpServer.java:newHttpServer2BuilderForOzone(223)) - Starting Web-server for hddsDatanode at: http://0.0.0.0:15089
2023-08-31 10:24:41,115 [JUnit] INFO  http.BaseHttpServer (BaseHttpServer.java:<init>(110)) - Hadoop Security Enabled: false Ozone Security Enabled: false Ozone HTTP Security Enabled: false 
2023-08-31 10:24:41,116 [JUnit] WARN  server.AuthenticationFilter (AuthenticationFilter.java:constructSecretProvider(240)) - Unable to initialize FileSignerSecretProvider, falling back to use random secrets. Reason: Could not read signature secret file: /home/runner/hadoop-http-auth-signature-secret
2023-08-31 10:24:41,117 [JUnit] INFO  http.HttpRequestLog (HttpRequestLog.java:getRequestLog(86)) - Http request log for http.requests.hddsDatanode is not defined
2023-08-31 10:24:41,118 [JUnit] INFO  http.HttpServer2 (HttpServer2.java:addGlobalFilter(1031)) - Added global filter 'safety' (class=org.apache.hadoop.hdds.server.http.HttpServer2$QuotingInputFilter)
2023-08-31 10:24:41,118 [JUnit] INFO  http.HttpServer2 (HttpServer2.java:addFilter(1007)) - Added filter static_user_filter (class=org.apache.hadoop.http.lib.StaticUserWebFilter$StaticUserFilter) to context hddsDatanode
2023-08-31 10:24:41,119 [JUnit] INFO  http.HttpServer2 (HttpServer2.java:addFilter(1015)) - Added filter static_user_filter (class=org.apache.hadoop.http.lib.StaticUserWebFilter$StaticUserFilter) to context static
2023-08-31 10:24:41,119 [JUnit] INFO  http.HttpServer2 (HttpServer2.java:addFilter(1015)) - Added filter static_user_filter (class=org.apache.hadoop.http.lib.StaticUserWebFilter$StaticUserFilter) to context logs
2023-08-31 10:24:41,120 [JUnit] INFO  http.BaseHttpServer (BaseHttpServer.java:<init>(189)) - HTTP server of hddsDatanode uses base directory /home/runner/work/ozone/ozone/hadoop-ozone/integration-test/target/test-dir/MiniOzoneClusterImpl-3562ddc4-ebd0-49e0-a6e7-0f6459768660/datanode-3/meta/webserver
2023-08-31 10:24:41,120 [JUnit] INFO  http.HttpServer2 (HttpServer2.java:bindListener(1231)) - Jetty bound to port 15089
2023-08-31 10:24:41,120 [JUnit] INFO  server.Server (Server.java:doStart(375)) - jetty-9.4.51.v20230217; built: 2023-02-17T08:19:37.309Z; git: b45c405e4544384de066f814ed42ae3dceacdd49; jvm 1.8.0_382-b05
2023-08-31 10:24:41,122 [JUnit] INFO  server.session (DefaultSessionIdManager.java:doStart(334)) - DefaultSessionIdManager workerName=node0
2023-08-31 10:24:41,122 [JUnit] INFO  server.session (DefaultSessionIdManager.java:doStart(339)) - No SessionScavenger set, using defaults
2023-08-31 10:24:41,122 [JUnit] INFO  server.session (HouseKeeper.java:startScavenging(132)) - node0 Scavenging every 660000ms
2023-08-31 10:24:41,123 [JUnit] INFO  handler.ContextHandler (ContextHandler.java:doStart(921)) - Started o.e.j.s.ServletContextHandler@acf5d76{logs,/logs,file:///home/runner/work/ozone/ozone/hadoop-ozone/integration-test/target/log,AVAILABLE}
2023-08-31 10:24:41,123 [JUnit] INFO  handler.ContextHandler (ContextHandler.java:doStart(921)) - Started o.e.j.s.ServletContextHandler@64d9ee11{static,/static,jar:file:/home/runner/.m2/repository/org/apache/ozone/hdds-container-service/1.4.0-SNAPSHOT/hdds-container-service-1.4.0-SNAPSHOT.jar!/webapps/static,AVAILABLE}
2023-08-31 10:24:41,258 [om1@group-C5BA1605619E-FollowerState] INFO  impl.FollowerState (FollowerState.java:run(143)) - om1@group-C5BA1605619E-FollowerState: change to CANDIDATE, lastRpcElapsedTime:1166917645ns, electionTimeout:1162ms
2023-08-31 10:24:41,258 [om1@group-C5BA1605619E-FollowerState] INFO  impl.RoleInfo (RoleInfo.java:shutdownFollowerState(110)) - om1: shutdown om1@group-C5BA1605619E-FollowerState
2023-08-31 10:24:41,258 [om1@group-C5BA1605619E-FollowerState] INFO  server.RaftServer$Division (RaftServerImpl.java:setRole(329)) - om1@group-C5BA1605619E: changes role from  FOLLOWER to CANDIDATE at term 0 for changeToCandidate
2023-08-31 10:24:41,258 [om1@group-C5BA1605619E-FollowerState] INFO  server.RaftServerConfigKeys (ConfUtils.java:logGet(46)) - raft.server.leaderelection.pre-vote = true (default)
2023-08-31 10:24:41,258 [om1@group-C5BA1605619E-FollowerState] INFO  impl.RoleInfo (RoleInfo.java:updateAndGet(139)) - om1: start om1@group-C5BA1605619E-LeaderElection10
2023-08-31 10:24:41,261 [om1@group-C5BA1605619E-LeaderElection10] INFO  impl.LeaderElection (LeaderElection.java:askForVotes(321)) - om1@group-C5BA1605619E-LeaderElection10 PRE_VOTE round 0: submit vote requests at term 0 for -1: peers:[om1|rpc:localhost:15060|priority:0|startupRole:FOLLOWER]|listeners:[], old=null
2023-08-31 10:24:41,262 [om1@group-C5BA1605619E-LeaderElection10] INFO  impl.LeaderElection (LeaderElection.java:askForVotes(323)) - om1@group-C5BA1605619E-LeaderElection10 PRE_VOTE round 0: result PASSED (term=0)
2023-08-31 10:24:41,263 [om1@group-C5BA1605619E-LeaderElection10] INFO  impl.LeaderElection (LeaderElection.java:askForVotes(321)) - om1@group-C5BA1605619E-LeaderElection10 ELECTION round 0: submit vote requests at term 1 for -1: peers:[om1|rpc:localhost:15060|priority:0|startupRole:FOLLOWER]|listeners:[], old=null
2023-08-31 10:24:41,263 [om1@group-C5BA1605619E-LeaderElection10] INFO  impl.LeaderElection (LeaderElection.java:askForVotes(323)) - om1@group-C5BA1605619E-LeaderElection10 ELECTION round 0: result PASSED (term=1)
2023-08-31 10:24:41,263 [om1@group-C5BA1605619E-LeaderElection10] INFO  impl.RoleInfo (RoleInfo.java:shutdownLeaderElection(130)) - om1: shutdown om1@group-C5BA1605619E-LeaderElection10
2023-08-31 10:24:41,263 [om1@group-C5BA1605619E-LeaderElection10] INFO  server.RaftServer$Division (RaftServerImpl.java:setRole(329)) - om1@group-C5BA1605619E: changes role from CANDIDATE to LEADER at term 1 for changeToLeader
2023-08-31 10:24:41,263 [om1@group-C5BA1605619E-LeaderElection10] INFO  server.RaftServer$Division (ServerState.java:setLeader(317)) - om1@group-C5BA1605619E: change Leader from null to om1 at term 1 for becomeLeader, leader elected after 1813ms
2023-08-31 10:24:41,264 [om1@group-C5BA1605619E-LeaderElection10] INFO  server.RaftServerConfigKeys (ConfUtils.java:logGet(46)) - raft.server.staging.catchup.gap = 1000 (default)
2023-08-31 10:24:41,267 [om1@group-C5BA1605619E-LeaderElection10] INFO  server.RaftServerConfigKeys (ConfUtils.java:logGet(46)) - raft.server.write.element-limit = 4096 (default)
2023-08-31 10:24:41,267 [om1@group-C5BA1605619E-LeaderElection10] INFO  server.RaftServerConfigKeys (ConfUtils.java:logGet(46)) - raft.server.write.byte-limit = 64MB (=67108864) (default)
2023-08-31 10:24:41,267 [om1@group-C5BA1605619E-LeaderElection10] INFO  server.RaftServerConfigKeys (ConfUtils.java:logGet(46)) - raft.server.watch.timeout = 10s (default)
2023-08-31 10:24:41,267 [om1@group-C5BA1605619E-LeaderElection10] INFO  server.RaftServerConfigKeys (ConfUtils.java:logGet(46)) - raft.server.watch.timeout.denomination = 1s (default)
2023-08-31 10:24:41,267 [om1@group-C5BA1605619E-LeaderElection10] INFO  server.RaftServerConfigKeys (ConfUtils.java:logGet(46)) - raft.server.watch.element-limit = 65536 (default)
2023-08-31 10:24:41,267 [om1@group-C5BA1605619E-LeaderElection10] INFO  server.RaftServerConfigKeys (ConfUtils.java:logGet(46)) - raft.server.write.element-limit = 4096 (default)
2023-08-31 10:24:41,268 [om1@group-C5BA1605619E-LeaderElection10] INFO  server.RaftServerConfigKeys (ConfUtils.java:logGet(46)) - raft.server.write.follower.gap.ratio.max = -1.0 (default)
2023-08-31 10:24:41,268 [om1@group-C5BA1605619E-LeaderElection10] INFO  impl.RoleInfo (RoleInfo.java:updateAndGet(139)) - om1: start om1@group-C5BA1605619E-LeaderStateImpl
2023-08-31 10:24:41,268 [om1@group-C5BA1605619E-LeaderElection10] INFO  segmented.SegmentedRaftLogWorker (SegmentedRaftLogWorker.java:startLogSegment(447)) - om1@group-C5BA1605619E-SegmentedRaftLogWorker: Starting segment from index:0
2023-08-31 10:24:41,276 [om1@group-C5BA1605619E-LeaderElection10] INFO  server.RaftServer$Division (ServerState.java:setRaftConf(434)) - om1@group-C5BA1605619E: set configuration 0: peers:[om1|rpc:localhost:15060|admin:|client:|dataStream:|priority:0|startupRole:FOLLOWER]|listeners:[], old=null
2023-08-31 10:24:41,277 [om1@group-C5BA1605619E-SegmentedRaftLogWorker] INFO  segmented.SegmentedRaftLogWorker (SegmentedRaftLogWorker.java:execute(651)) - om1@group-C5BA1605619E-SegmentedRaftLogWorker: created new log segment /home/runner/work/ozone/ozone/hadoop-ozone/integration-test/target/test-dir/MiniOzoneClusterImpl-3562ddc4-ebd0-49e0-a6e7-0f6459768660/ozone-meta/ratis/bf265839-605b-3f16-9796-c5ba1605619e/current/log_inprogress_0
2023-08-31 10:24:41,279 [om1@group-C5BA1605619E-StateMachineUpdater] INFO  ratis.OzoneManagerStateMachine (OzoneManagerStateMachine.java:notifyConfigurationChanged(202)) - Received Configuration change notification from Ratis. New Peer list:
[id: "om1"
address: "localhost:15060"
startupRole: FOLLOWER
]
2023-08-31 10:24:41,338 [JUnit] INFO  handler.ContextHandler (ContextHandler.java:doStart(921)) - Started o.e.j.w.WebAppContext@108bac3c{hddsDatanode,/,file:///home/runner/work/ozone/ozone/hadoop-ozone/integration-test/target/test-dir/MiniOzoneClusterImpl-3562ddc4-ebd0-49e0-a6e7-0f6459768660/datanode-3/meta/webserver/jetty-0_0_0_0-15089-hdds-container-service-1_4_0-SNAPSHOT_jar-_-any-4873105275029152348/webapp/,AVAILABLE}{jar:file:/home/runner/.m2/repository/org/apache/ozone/hdds-container-service/1.4.0-SNAPSHOT/hdds-container-service-1.4.0-SNAPSHOT.jar!/webapps/hddsDatanode}
2023-08-31 10:24:41,340 [JUnit] INFO  server.AbstractConnector (AbstractConnector.java:doStart(333)) - Started ServerConnector@251e231{HTTP/1.1, (http/1.1)}{0.0.0.0:15089}
2023-08-31 10:24:41,340 [JUnit] INFO  server.Server (Server.java:doStart(415)) - Started @32916ms
2023-08-31 10:24:41,340 [JUnit] WARN  impl.MetricsSystemImpl (MetricsSystemImpl.java:register(279)) - Sink prometheus already exists!
2023-08-31 10:24:41,340 [JUnit] INFO  http.BaseHttpServer (BaseHttpServer.java:updateConnectorAddress(354)) - HTTP server of hddsDatanode listening at http://0.0.0.0:15089
2023-08-31 10:24:41,341 [JUnit] INFO  ipc.CallQueueManager (CallQueueManager.java:<init>(90)) - Using callQueue: class java.util.concurrent.LinkedBlockingQueue, queueCapacity: 100, scheduler: class org.apache.hadoop.ipc.DefaultRpcScheduler, ipcBackoff: false.
2023-08-31 10:24:41,341 [JUnit] INFO  ipc.Server (Server.java:<init>(1287)) - Listener at 0.0.0.0:15090
2023-08-31 10:24:41,341 [Socket Reader #1 for port 15090] INFO  ipc.Server (Server.java:run(1323)) - Starting Socket Reader #1 for port 15090
2023-08-31 10:24:41,351 [JUnit] INFO  ozone.HddsDatanodeService (HddsDatanodeService.java:start(315)) - Datanode start with admins: [runner]
2023-08-31 10:24:41,352 [JUnit] INFO  ozone.HddsDatanodeClientProtocolServer (HddsDatanodeClientProtocolServer.java:start(72)) - RPC server for Client /0.0.0.0:15090
2023-08-31 10:24:41,352 [IPC Server Responder] INFO  ipc.Server (Server.java:run(1562)) - IPC Server Responder: starting
2023-08-31 10:24:41,352 [IPC Server listener on 15090] INFO  ipc.Server (Server.java:run(1402)) - IPC Server listener on 15090: starting
2023-08-31 10:24:41,352 [JUnit] WARN  impl.MetricRegistriesImpl (MetricRegistriesImpl.java:addReporterRegistration(111)) - New reporters are added after registries were created. Some metrics will be missing from the reporter. Please add reporter before adding any new registry.
2023-08-31 10:24:41,352 [JUnit] WARN  impl.MetricRegistriesImpl (MetricRegistriesImpl.java:addReporterRegistration(111)) - New reporters are added after registries were created. Some metrics will be missing from the reporter. Please add reporter before adding any new registry.
2023-08-31 10:24:41,352 [JUnit] INFO  impl.MetricsSystemImpl (MetricsSystemImpl.java:init(158)) - HddsDatanode metrics system started (again)
2023-08-31 10:24:41,355 [Datanode State Machine Daemon Thread] INFO  statemachine.DatanodeStateMachine (DatanodeStateMachine.java:lambda$startDaemon$0(538)) - Ozone container server started.
2023-08-31 10:24:41,365 [JUnit] INFO  ozone.HddsDatanodeService (HddsDatanodeService.java:start(237)) - HddsDatanodeService host:fv-az304-998.1xzdsl11evde5oaqfphatm1hpa.cx.internal.cloudapp.net ip:10.1.0.16
2023-08-31 10:24:41,370 [Datanode State Machine Task Thread - 0] INFO  datanode.InitDatanodeState (InitDatanodeState.java:persistContainerDatanodeDetails(138)) - DatanodeDetails is persisted to /home/runner/work/ozone/ozone/hadoop-ozone/integration-test/target/test-dir/MiniOzoneClusterImpl-3562ddc4-ebd0-49e0-a6e7-0f6459768660/datanode-3/meta/datanode.id
2023-08-31 10:24:41,389 [JUnit] INFO  upgrade.AbstractLayoutVersionManager (AbstractLayoutVersionManager.java:init(83)) - Initializing Layout version manager with metadata layout = HADOOP_PRC_PORTS_IN_DATANODEDETAILS (version = 7), software layout = HADOOP_PRC_PORTS_IN_DATANODEDETAILS (version = 7)
2023-08-31 10:24:41,389 [JUnit] INFO  statemachine.DatanodeStateMachine (DatanodeStateMachine.java:getEndPointTaskThreadPoolSize(282)) - Datanode State Machine Task Thread Pool size 2
2023-08-31 10:24:41,391 [JUnit] INFO  volume.HddsVolume (HddsVolume.java:<init>(126)) - Creating HddsVolume: /home/runner/work/ozone/ozone/hadoop-ozone/integration-test/target/test-dir/MiniOzoneClusterImpl-3562ddc4-ebd0-49e0-a6e7-0f6459768660/datanode-4/data-0/containers/hdds of storage type : DISK capacity : 9223372036854775807
2023-08-31 10:24:41,391 [JUnit] INFO  volume.MutableVolumeSet (MutableVolumeSet.java:initializeVolumeSet(173)) - Added Volume : /home/runner/work/ozone/ozone/hadoop-ozone/integration-test/target/test-dir/MiniOzoneClusterImpl-3562ddc4-ebd0-49e0-a6e7-0f6459768660/datanode-4/data-0/containers/hdds to VolumeSet
2023-08-31 10:24:41,391 [JUnit] INFO  volume.MutableVolumeSet (MutableVolumeSet.java:initializeVolumeSet(173)) - Added Volume : /home/runner/work/ozone/ozone/hadoop-ozone/integration-test/target/test-dir/MiniOzoneClusterImpl-3562ddc4-ebd0-49e0-a6e7-0f6459768660/datanode-4/data/ratis to VolumeSet
2023-08-31 10:24:41,392 [Thread-861] INFO  ozoneimpl.ContainerReader (ContainerReader.java:readVolume(177)) - Finish verifying containers on volume /home/runner/work/ozone/ozone/hadoop-ozone/integration-test/target/test-dir/MiniOzoneClusterImpl-3562ddc4-ebd0-49e0-a6e7-0f6459768660/datanode-4/data-0/containers/hdds
2023-08-31 10:24:41,392 [JUnit] INFO  ozoneimpl.OzoneContainer (OzoneContainer.java:buildContainerSet(314)) - Build ContainerSet costs 0s
2023-08-31 10:24:41,394 [JUnit] INFO  server.RaftServer (ConfUtils.java:logGet(46)) - raft.rpc.type = GRPC (default)
2023-08-31 10:24:41,394 [JUnit] INFO  grpc.GrpcConfigKeys (ConfUtils.java:logFallback(53)) - raft.grpc.admin.host = null (fallback to raft.grpc.server.host)
2023-08-31 10:24:41,394 [JUnit] INFO  grpc.GrpcConfigKeys (ConfUtils.java:logGet(46)) - raft.grpc.admin.port = 15102 (custom)
2023-08-31 10:24:41,394 [JUnit] INFO  grpc.GrpcConfigKeys (ConfUtils.java:logFallback(53)) - raft.grpc.client.host = null (fallback to raft.grpc.server.host)
2023-08-31 10:24:41,394 [JUnit] INFO  grpc.GrpcConfigKeys (ConfUtils.java:logGet(46)) - raft.grpc.client.port = 15101 (custom)
2023-08-31 10:24:41,394 [JUnit] INFO  grpc.GrpcConfigKeys (ConfUtils.java:logGet(46)) - raft.grpc.server.host = null (default)
2023-08-31 10:24:41,394 [JUnit] INFO  grpc.GrpcConfigKeys (ConfUtils.java:logGet(46)) - raft.grpc.server.port = 15103 (custom)
2023-08-31 10:24:41,395 [JUnit] INFO  server.GrpcService (ConfUtils.java:logGet(46)) - raft.grpc.message.size.max = 32MB (=33554432) (custom)
2023-08-31 10:24:41,395 [JUnit] INFO  server.RaftServerConfigKeys (ConfUtils.java:logGet(46)) - raft.server.log.appender.buffer.byte-limit = 33554432 (custom)
2023-08-31 10:24:41,395 [JUnit] INFO  server.GrpcService (ConfUtils.java:logGet(46)) - raft.grpc.flow.control.window = 5MB (=5242880) (custom)
2023-08-31 10:24:41,395 [JUnit] INFO  server.RaftServerConfigKeys (ConfUtils.java:logGet(46)) - raft.server.rpc.request.timeout = 3000ms (default)
2023-08-31 10:24:41,395 [JUnit] INFO  grpc.GrpcConfigKeys (ConfUtils.java:logGet(46)) - raft.grpc.server.heartbeat.channel = true (default)
2023-08-31 10:24:41,395 [JUnit] INFO  grpc.GrpcConfigKeys (ConfUtils.java:logGet(46)) - raft.grpc.server.async.request.thread.pool.cached = true (default)
2023-08-31 10:24:41,395 [JUnit] INFO  grpc.GrpcConfigKeys (ConfUtils.java:logGet(46)) - raft.grpc.server.async.request.thread.pool.size = 32 (default)
2023-08-31 10:24:41,397 [JUnit] INFO  impl.DataStreamServerImpl (ConfUtils.java:logGet(46)) - raft.datastream.type = NETTY (custom)
2023-08-31 10:24:41,397 [JUnit] INFO  server.RaftServerConfigKeys (ConfUtils.java:logGet(46)) - raft.server.data-stream.async.request.thread.pool.cached = false (default)
2023-08-31 10:24:41,398 [JUnit] INFO  server.RaftServerConfigKeys (ConfUtils.java:logGet(46)) - raft.server.data-stream.async.request.thread.pool.size = 20 (custom)
2023-08-31 10:24:41,398 [JUnit] INFO  server.RaftServerConfigKeys (ConfUtils.java:logGet(46)) - raft.server.data-stream.async.write.thread.pool.size = 16 (default)
2023-08-31 10:24:41,398 [JUnit] INFO  server.RaftServerConfigKeys (ConfUtils.java:logGet(46)) - raft.server.data-stream.client.pool.size = 10 (default)
2023-08-31 10:24:41,398 [JUnit] INFO  netty.NettyConfigKeys$DataStream (ConfUtils.java:logGet(46)) - raft.netty.dataStream.server.use-epoll = false (default)
2023-08-31 10:24:41,398 [JUnit] INFO  netty.NettyConfigKeys$DataStream (ConfUtils.java:logGet(46)) - raft.netty.dataStream.server.boss-group.size = 0 (default)
2023-08-31 10:24:41,398 [JUnit] INFO  netty.NettyConfigKeys$DataStream (ConfUtils.java:logGet(46)) - raft.netty.dataStream.server.worker-group.size = 0 (default)
2023-08-31 10:24:41,398 [JUnit] INFO  netty.NettyConfigKeys$DataStream (ConfUtils.java:logGet(46)) - raft.netty.dataStream.server.tls.conf = null (default)
2023-08-31 10:24:41,399 [JUnit] INFO  netty.NettyConfigKeys$DataStream (ConfUtils.java:logGet(46)) - raft.netty.dataStream.host = null (default)
2023-08-31 10:24:41,399 [JUnit] INFO  netty.NettyConfigKeys$DataStream (ConfUtils.java:logGet(46)) - raft.netty.dataStream.port = 15104 (custom)
2023-08-31 10:24:41,399 [JUnit] INFO  server.RaftServerConfigKeys (ConfUtils.java:logGet(46)) - raft.server.threadpool.proxy.cached = true (default)
2023-08-31 10:24:41,399 [JUnit] INFO  server.RaftServerConfigKeys (ConfUtils.java:logGet(46)) - raft.server.threadpool.proxy.size = 0 (default)
2023-08-31 10:24:41,399 [JUnit] INFO  server.RaftServerConfigKeys (ConfUtils.java:logGet(46)) - raft.server.rpc.slowness.timeout = 300000ms (custom)
2023-08-31 10:24:41,399 [JUnit] INFO  server.RaftServerConfigKeys (ConfUtils.java:logGet(46)) - raft.server.leaderelection.leader.step-down.wait-time = 10s (default)
2023-08-31 10:24:41,399 [JUnit] INFO  server.RaftServerConfigKeys (ConfUtils.java:logGet(46)) - raft.server.storage.dir = [/home/runner/work/ozone/ozone/hadoop-ozone/integration-test/target/test-dir/MiniOzoneClusterImpl-3562ddc4-ebd0-49e0-a6e7-0f6459768660/datanode-4/data/ratis] (custom)
2023-08-31 10:24:41,400 [f14f4923-dfb7-4b2f-b4a8-676f2d05982b-NettyServerStreamRpc-bossGroup--thread1] INFO  logging.LoggingHandler (AbstractInternalLogger.java:log(148)) - [id: 0x54e75ce2] REGISTERED
2023-08-31 10:24:41,400 [f14f4923-dfb7-4b2f-b4a8-676f2d05982b-NettyServerStreamRpc-bossGroup--thread1] INFO  logging.LoggingHandler (AbstractInternalLogger.java:log(148)) - [id: 0x54e75ce2] BIND: 0.0.0.0/0.0.0.0:15104
2023-08-31 10:24:41,400 [f14f4923-dfb7-4b2f-b4a8-676f2d05982b-NettyServerStreamRpc-bossGroup--thread1] INFO  logging.LoggingHandler (AbstractInternalLogger.java:log(148)) - [id: 0x54e75ce2, L:/0:0:0:0:0:0:0:0:15104] ACTIVE
2023-08-31 10:24:41,403 [f14f4923-dfb7-4b2f-b4a8-676f2d05982b-impl-thread1] INFO  server.RaftServer (RaftServerProxy.java:initGroupDir(258)) - f14f4923-dfb7-4b2f-b4a8-676f2d05982b: found a subdirectory /home/runner/work/ozone/ozone/hadoop-ozone/integration-test/target/test-dir/MiniOzoneClusterImpl-3562ddc4-ebd0-49e0-a6e7-0f6459768660/datanode-4/data/ratis/tmp
2023-08-31 10:24:41,404 [f14f4923-dfb7-4b2f-b4a8-676f2d05982b-impl-thread1] INFO  server.RaftServer (RaftServerProxy.java:initGroupDir(263)) - f14f4923-dfb7-4b2f-b4a8-676f2d05982b: The directory /home/runner/work/ozone/ozone/hadoop-ozone/integration-test/target/test-dir/MiniOzoneClusterImpl-3562ddc4-ebd0-49e0-a6e7-0f6459768660/datanode-4/data/ratis/tmp is not a group directory; ignoring it. 
2023-08-31 10:24:41,404 [JUnit] INFO  replication.ReplicationServer (ReplicationServer.java:<init>(81)) - Initializing replication server with thread count = 10
2023-08-31 10:24:41,405 [JUnit] INFO  server.XceiverServerGrpc (XceiverServerGrpc.java:<init>(132)) - GrpcServer channel type EpollServerSocketChannel
2023-08-31 10:24:41,406 [JUnit] INFO  replication.ReplicationSupervisor (ReplicationSupervisor.java:build(155)) - Initializing replication supervisor with thread count = 10
2023-08-31 10:24:41,406 [JUnit] INFO  replication.ReplicationSupervisor (ReplicationSupervisor.java:nodeStateUpdated(307)) - Node state updated to IN_SERVICE, scaling executor pool size to 10
2023-08-31 10:24:41,411 [JUnit] INFO  http.BaseHttpServer (BaseHttpServer.java:newHttpServer2BuilderForOzone(223)) - Starting Web-server for hddsDatanode at: http://0.0.0.0:15098
2023-08-31 10:24:41,411 [JUnit] INFO  http.BaseHttpServer (BaseHttpServer.java:<init>(110)) - Hadoop Security Enabled: false Ozone Security Enabled: false Ozone HTTP Security Enabled: false 
2023-08-31 10:24:41,412 [JUnit] WARN  server.AuthenticationFilter (AuthenticationFilter.java:constructSecretProvider(240)) - Unable to initialize FileSignerSecretProvider, falling back to use random secrets. Reason: Could not read signature secret file: /home/runner/hadoop-http-auth-signature-secret
2023-08-31 10:24:41,412 [JUnit] INFO  http.HttpRequestLog (HttpRequestLog.java:getRequestLog(86)) - Http request log for http.requests.hddsDatanode is not defined
2023-08-31 10:24:41,413 [JUnit] INFO  http.HttpServer2 (HttpServer2.java:addGlobalFilter(1031)) - Added global filter 'safety' (class=org.apache.hadoop.hdds.server.http.HttpServer2$QuotingInputFilter)
2023-08-31 10:24:41,414 [JUnit] INFO  http.HttpServer2 (HttpServer2.java:addFilter(1007)) - Added filter static_user_filter (class=org.apache.hadoop.http.lib.StaticUserWebFilter$StaticUserFilter) to context hddsDatanode
2023-08-31 10:24:41,414 [JUnit] INFO  http.HttpServer2 (HttpServer2.java:addFilter(1015)) - Added filter static_user_filter (class=org.apache.hadoop.http.lib.StaticUserWebFilter$StaticUserFilter) to context static
2023-08-31 10:24:41,414 [JUnit] INFO  http.HttpServer2 (HttpServer2.java:addFilter(1015)) - Added filter static_user_filter (class=org.apache.hadoop.http.lib.StaticUserWebFilter$StaticUserFilter) to context logs
2023-08-31 10:24:41,415 [JUnit] INFO  http.BaseHttpServer (BaseHttpServer.java:<init>(189)) - HTTP server of hddsDatanode uses base directory /home/runner/work/ozone/ozone/hadoop-ozone/integration-test/target/test-dir/MiniOzoneClusterImpl-3562ddc4-ebd0-49e0-a6e7-0f6459768660/datanode-4/meta/webserver
2023-08-31 10:24:41,415 [JUnit] INFO  http.HttpServer2 (HttpServer2.java:bindListener(1231)) - Jetty bound to port 15098
2023-08-31 10:24:41,415 [JUnit] INFO  server.Server (Server.java:doStart(375)) - jetty-9.4.51.v20230217; built: 2023-02-17T08:19:37.309Z; git: b45c405e4544384de066f814ed42ae3dceacdd49; jvm 1.8.0_382-b05
2023-08-31 10:24:41,417 [JUnit] INFO  server.session (DefaultSessionIdManager.java:doStart(334)) - DefaultSessionIdManager workerName=node0
2023-08-31 10:24:41,417 [JUnit] INFO  server.session (DefaultSessionIdManager.java:doStart(339)) - No SessionScavenger set, using defaults
2023-08-31 10:24:41,417 [JUnit] INFO  server.session (HouseKeeper.java:startScavenging(132)) - node0 Scavenging every 600000ms
2023-08-31 10:24:41,418 [JUnit] INFO  handler.ContextHandler (ContextHandler.java:doStart(921)) - Started o.e.j.s.ServletContextHandler@11c3d400{logs,/logs,file:///home/runner/work/ozone/ozone/hadoop-ozone/integration-test/target/log,AVAILABLE}
2023-08-31 10:24:41,418 [JUnit] INFO  handler.ContextHandler (ContextHandler.java:doStart(921)) - Started o.e.j.s.ServletContextHandler@490e8b4e{static,/static,jar:file:/home/runner/.m2/repository/org/apache/ozone/hdds-container-service/1.4.0-SNAPSHOT/hdds-container-service-1.4.0-SNAPSHOT.jar!/webapps/static,AVAILABLE}
2023-08-31 10:24:41,620 [JUnit] INFO  handler.ContextHandler (ContextHandler.java:doStart(921)) - Started o.e.j.w.WebAppContext@14f96a7c{hddsDatanode,/,file:///home/runner/work/ozone/ozone/hadoop-ozone/integration-test/target/test-dir/MiniOzoneClusterImpl-3562ddc4-ebd0-49e0-a6e7-0f6459768660/datanode-4/meta/webserver/jetty-0_0_0_0-15098-hdds-container-service-1_4_0-SNAPSHOT_jar-_-any-579249275629171931/webapp/,AVAILABLE}{jar:file:/home/runner/.m2/repository/org/apache/ozone/hdds-container-service/1.4.0-SNAPSHOT/hdds-container-service-1.4.0-SNAPSHOT.jar!/webapps/hddsDatanode}
2023-08-31 10:24:41,622 [JUnit] INFO  server.AbstractConnector (AbstractConnector.java:doStart(333)) - Started ServerConnector@47222fcd{HTTP/1.1, (http/1.1)}{0.0.0.0:15098}
2023-08-31 10:24:41,622 [JUnit] INFO  server.Server (Server.java:doStart(415)) - Started @33198ms
2023-08-31 10:24:41,622 [JUnit] WARN  impl.MetricsSystemImpl (MetricsSystemImpl.java:register(279)) - Sink prometheus already exists!
2023-08-31 10:24:41,622 [JUnit] INFO  http.BaseHttpServer (BaseHttpServer.java:updateConnectorAddress(354)) - HTTP server of hddsDatanode listening at http://0.0.0.0:15098
2023-08-31 10:24:41,623 [JUnit] INFO  ipc.CallQueueManager (CallQueueManager.java:<init>(90)) - Using callQueue: class java.util.concurrent.LinkedBlockingQueue, queueCapacity: 100, scheduler: class org.apache.hadoop.ipc.DefaultRpcScheduler, ipcBackoff: false.
2023-08-31 10:24:41,623 [JUnit] INFO  ipc.Server (Server.java:<init>(1287)) - Listener at 0.0.0.0:15099
2023-08-31 10:24:41,627 [Socket Reader #1 for port 15099] INFO  ipc.Server (Server.java:run(1323)) - Starting Socket Reader #1 for port 15099
2023-08-31 10:24:41,629 [JUnit] INFO  ozone.HddsDatanodeService (HddsDatanodeService.java:start(315)) - Datanode start with admins: [runner]
2023-08-31 10:24:41,629 [JUnit] INFO  ozone.HddsDatanodeClientProtocolServer (HddsDatanodeClientProtocolServer.java:start(72)) - RPC server for Client /0.0.0.0:15099
2023-08-31 10:24:41,629 [IPC Server Responder] INFO  ipc.Server (Server.java:run(1562)) - IPC Server Responder: starting
2023-08-31 10:24:41,629 [IPC Server listener on 15099] INFO  ipc.Server (Server.java:run(1402)) - IPC Server listener on 15099: starting
2023-08-31 10:24:41,632 [JUnit] INFO  ozone.MiniOzoneClusterImpl (MiniOzoneClusterImpl.java:lambda$waitForClusterToBeReady$0(224)) - Waiting for nodes to be ready. Got 0 of 5 DN Heartbeats.
2023-08-31 10:24:41,632 [JUnit] INFO  ozone.MiniOzoneClusterImpl (MiniOzoneClusterImpl.java:lambda$waitForClusterToBeReady$0(227)) - Waiting for cluster to exit safe mode
2023-08-31 10:24:41,633 [JUnit] INFO  ozone.MiniOzoneClusterImpl (MiniOzoneClusterImpl.java:lambda$waitForClusterToBeReady$0(229)) - SCM became leader
2023-08-31 10:24:41,633 [Datanode State Machine Daemon Thread] INFO  statemachine.DatanodeStateMachine (DatanodeStateMachine.java:lambda$startDaemon$0(538)) - Ozone container server started.
2023-08-31 10:24:41,636 [Datanode State Machine Task Thread - 0] INFO  datanode.InitDatanodeState (InitDatanodeState.java:persistContainerDatanodeDetails(138)) - DatanodeDetails is persisted to /home/runner/work/ozone/ozone/hadoop-ozone/integration-test/target/test-dir/MiniOzoneClusterImpl-3562ddc4-ebd0-49e0-a6e7-0f6459768660/datanode-4/meta/datanode.id
2023-08-31 10:24:42,513 [EndpointStateMachine task thread for /0.0.0.0:15055 - 0 ] INFO  utils.DatanodeStoreCache (DatanodeStoreCache.java:addDB(66)) - Added db /home/runner/work/ozone/ozone/hadoop-ozone/integration-test/target/test-dir/MiniOzoneClusterImpl-3562ddc4-ebd0-49e0-a6e7-0f6459768660/datanode-0/data-0/containers/hdds/3562ddc4-ebd0-49e0-a6e7-0f6459768660/DS-b25eb619-586c-4132-9702-48b3e9e36342/container.db to cache
2023-08-31 10:24:42,514 [EndpointStateMachine task thread for /0.0.0.0:15055 - 0 ] INFO  volume.HddsVolume (HddsVolume.java:createDbStore(422)) - SchemaV3 db is created and loaded at /home/runner/work/ozone/ozone/hadoop-ozone/integration-test/target/test-dir/MiniOzoneClusterImpl-3562ddc4-ebd0-49e0-a6e7-0f6459768660/datanode-0/data-0/containers/hdds/3562ddc4-ebd0-49e0-a6e7-0f6459768660/DS-b25eb619-586c-4132-9702-48b3e9e36342/container.db for volume DS-b25eb619-586c-4132-9702-48b3e9e36342
2023-08-31 10:24:42,523 [EndpointStateMachine task thread for /0.0.0.0:15055 - 0 ] INFO  volume.ThrottledAsyncChecker (ThrottledAsyncChecker.java:schedule(141)) - Scheduling a check for /home/runner/work/ozone/ozone/hadoop-ozone/integration-test/target/test-dir/MiniOzoneClusterImpl-3562ddc4-ebd0-49e0-a6e7-0f6459768660/datanode-0/data-0/containers/hdds
2023-08-31 10:24:42,523 [EndpointStateMachine task thread for /0.0.0.0:15055 - 0 ] INFO  volume.StorageVolumeChecker (StorageVolumeChecker.java:checkAllVolumes(213)) - Scheduled health check for volume /home/runner/work/ozone/ozone/hadoop-ozone/integration-test/target/test-dir/MiniOzoneClusterImpl-3562ddc4-ebd0-49e0-a6e7-0f6459768660/datanode-0/data-0/containers/hdds
2023-08-31 10:24:42,526 [EndpointStateMachine task thread for /0.0.0.0:15055 - 0 ] INFO  volume.ThrottledAsyncChecker (ThrottledAsyncChecker.java:schedule(141)) - Scheduling a check for /home/runner/work/ozone/ozone/hadoop-ozone/integration-test/target/test-dir/MiniOzoneClusterImpl-3562ddc4-ebd0-49e0-a6e7-0f6459768660/datanode-0/data/ratis
2023-08-31 10:24:42,526 [EndpointStateMachine task thread for /0.0.0.0:15055 - 0 ] INFO  volume.StorageVolumeChecker (StorageVolumeChecker.java:checkAllVolumes(213)) - Scheduled health check for volume /home/runner/work/ozone/ozone/hadoop-ozone/integration-test/target/test-dir/MiniOzoneClusterImpl-3562ddc4-ebd0-49e0-a6e7-0f6459768660/datanode-0/data/ratis
2023-08-31 10:24:42,527 [EndpointStateMachine task thread for /0.0.0.0:15055 - 0 ] INFO  ozoneimpl.OzoneContainer (OzoneContainer.java:start(429)) - Attempting to start container services.
2023-08-31 10:24:42,527 [EndpointStateMachine task thread for /0.0.0.0:15055 - 0 ] INFO  ozoneimpl.OzoneContainer (OzoneContainer.java:startContainerScrub(325)) - Scheduled background container scanners and the on-demand container scanner have been disabled.
2023-08-31 10:24:42,529 [EndpointStateMachine task thread for /0.0.0.0:15055 - 0 ] INFO  replication.ReplicationServer (ReplicationServer.java:start(130)) - ReplicationServer is started using port 15069
2023-08-31 10:24:42,529 [EndpointStateMachine task thread for /0.0.0.0:15055 - 0 ] INFO  ratis.XceiverServerRatis (XceiverServerRatis.java:start(517)) - Starting XceiverServerRatis 48880804-25a4-4bd1-b25e-a62c627e68dd
2023-08-31 10:24:42,530 [EndpointStateMachine task thread for /0.0.0.0:15055 - 0 ] INFO  server.RaftServer (RaftServerProxy.java:startImpl(400)) - 48880804-25a4-4bd1-b25e-a62c627e68dd: start RPC server
2023-08-31 10:24:42,531 [EndpointStateMachine task thread for /0.0.0.0:15055 - 0 ] INFO  server.GrpcService (GrpcService.java:startImpl(302)) - 48880804-25a4-4bd1-b25e-a62c627e68dd: GrpcService started, listening on 15065
2023-08-31 10:24:42,531 [EndpointStateMachine task thread for /0.0.0.0:15055 - 0 ] INFO  server.GrpcService (GrpcService.java:startImpl(302)) - 48880804-25a4-4bd1-b25e-a62c627e68dd: GrpcService started, listening on 15067
2023-08-31 10:24:42,532 [EndpointStateMachine task thread for /0.0.0.0:15055 - 0 ] INFO  server.GrpcService (GrpcService.java:startImpl(302)) - 48880804-25a4-4bd1-b25e-a62c627e68dd: GrpcService started, listening on 15066
2023-08-31 10:24:42,532 [EndpointStateMachine task thread for /0.0.0.0:15055 - 0 ] INFO  ratis.XceiverServerRatis (XceiverServerRatis.java:getRealPort(543)) - XceiverServerRatis 48880804-25a4-4bd1-b25e-a62c627e68dd is started using port 15065 for RATIS
2023-08-31 10:24:42,532 [EndpointStateMachine task thread for /0.0.0.0:15055 - 0 ] INFO  ratis.XceiverServerRatis (XceiverServerRatis.java:getRealPort(543)) - XceiverServerRatis 48880804-25a4-4bd1-b25e-a62c627e68dd is started using port 15066 for RATIS_ADMIN
2023-08-31 10:24:42,532 [JvmPauseMonitor9] INFO  util.JvmPauseMonitor (JvmPauseMonitor.java:run(103)) - JvmPauseMonitor-48880804-25a4-4bd1-b25e-a62c627e68dd: Started
2023-08-31 10:24:42,532 [EndpointStateMachine task thread for /0.0.0.0:15055 - 0 ] INFO  ratis.XceiverServerRatis (XceiverServerRatis.java:getRealPort(543)) - XceiverServerRatis 48880804-25a4-4bd1-b25e-a62c627e68dd is started using port 15067 for RATIS_SERVER
2023-08-31 10:24:42,532 [EndpointStateMachine task thread for /0.0.0.0:15055 - 0 ] INFO  ratis.XceiverServerRatis (XceiverServerRatis.java:getRealPort(543)) - XceiverServerRatis 48880804-25a4-4bd1-b25e-a62c627e68dd is started using port 15068 for RATIS_DATASTREAM
2023-08-31 10:24:42,534 [BlockDeletingService#0] INFO  interfaces.ContainerDeletionChoosingPolicyTemplate (ContainerDeletionChoosingPolicyTemplate.java:chooseContainerForBlockDeletion(85)) - Chosen 0/5000 blocks from 0 candidate containers.
2023-08-31 10:24:42,633 [JUnit] INFO  ozone.MiniOzoneClusterImpl (MiniOzoneClusterImpl.java:lambda$waitForClusterToBeReady$0(224)) - Waiting for nodes to be ready. Got 0 of 5 DN Heartbeats.
2023-08-31 10:24:42,633 [JUnit] INFO  ozone.MiniOzoneClusterImpl (MiniOzoneClusterImpl.java:lambda$waitForClusterToBeReady$0(227)) - Waiting for cluster to exit safe mode
2023-08-31 10:24:42,633 [JUnit] INFO  ozone.MiniOzoneClusterImpl (MiniOzoneClusterImpl.java:lambda$waitForClusterToBeReady$0(229)) - SCM became leader
2023-08-31 10:24:42,807 [EndpointStateMachine task thread for /0.0.0.0:15055 - 0 ] INFO  utils.DatanodeStoreCache (DatanodeStoreCache.java:addDB(66)) - Added db /home/runner/work/ozone/ozone/hadoop-ozone/integration-test/target/test-dir/MiniOzoneClusterImpl-3562ddc4-ebd0-49e0-a6e7-0f6459768660/datanode-1/data-0/containers/hdds/3562ddc4-ebd0-49e0-a6e7-0f6459768660/DS-634ed22d-d352-4931-a3d4-9faf6fea405e/container.db to cache
2023-08-31 10:24:42,807 [EndpointStateMachine task thread for /0.0.0.0:15055 - 0 ] INFO  volume.HddsVolume (HddsVolume.java:createDbStore(422)) - SchemaV3 db is created and loaded at /home/runner/work/ozone/ozone/hadoop-ozone/integration-test/target/test-dir/MiniOzoneClusterImpl-3562ddc4-ebd0-49e0-a6e7-0f6459768660/datanode-1/data-0/containers/hdds/3562ddc4-ebd0-49e0-a6e7-0f6459768660/DS-634ed22d-d352-4931-a3d4-9faf6fea405e/container.db for volume DS-634ed22d-d352-4931-a3d4-9faf6fea405e
2023-08-31 10:24:42,808 [EndpointStateMachine task thread for /0.0.0.0:15055 - 0 ] INFO  volume.ThrottledAsyncChecker (ThrottledAsyncChecker.java:schedule(141)) - Scheduling a check for /home/runner/work/ozone/ozone/hadoop-ozone/integration-test/target/test-dir/MiniOzoneClusterImpl-3562ddc4-ebd0-49e0-a6e7-0f6459768660/datanode-1/data-0/containers/hdds
2023-08-31 10:24:42,808 [EndpointStateMachine task thread for /0.0.0.0:15055 - 0 ] INFO  volume.StorageVolumeChecker (StorageVolumeChecker.java:checkAllVolumes(213)) - Scheduled health check for volume /home/runner/work/ozone/ozone/hadoop-ozone/integration-test/target/test-dir/MiniOzoneClusterImpl-3562ddc4-ebd0-49e0-a6e7-0f6459768660/datanode-1/data-0/containers/hdds
2023-08-31 10:24:42,811 [EndpointStateMachine task thread for /0.0.0.0:15055 - 0 ] INFO  volume.ThrottledAsyncChecker (ThrottledAsyncChecker.java:schedule(141)) - Scheduling a check for /home/runner/work/ozone/ozone/hadoop-ozone/integration-test/target/test-dir/MiniOzoneClusterImpl-3562ddc4-ebd0-49e0-a6e7-0f6459768660/datanode-1/data/ratis
2023-08-31 10:24:42,811 [EndpointStateMachine task thread for /0.0.0.0:15055 - 0 ] INFO  volume.StorageVolumeChecker (StorageVolumeChecker.java:checkAllVolumes(213)) - Scheduled health check for volume /home/runner/work/ozone/ozone/hadoop-ozone/integration-test/target/test-dir/MiniOzoneClusterImpl-3562ddc4-ebd0-49e0-a6e7-0f6459768660/datanode-1/data/ratis
2023-08-31 10:24:42,811 [EndpointStateMachine task thread for /0.0.0.0:15055 - 0 ] INFO  ozoneimpl.OzoneContainer (OzoneContainer.java:start(429)) - Attempting to start container services.
2023-08-31 10:24:42,811 [EndpointStateMachine task thread for /0.0.0.0:15055 - 0 ] INFO  ozoneimpl.OzoneContainer (OzoneContainer.java:startContainerScrub(325)) - Scheduled background container scanners and the on-demand container scanner have been disabled.
2023-08-31 10:24:42,812 [EndpointStateMachine task thread for /0.0.0.0:15055 - 0 ] INFO  replication.ReplicationServer (ReplicationServer.java:start(130)) - ReplicationServer is started using port 15078
2023-08-31 10:24:42,812 [EndpointStateMachine task thread for /0.0.0.0:15055 - 0 ] INFO  ratis.XceiverServerRatis (XceiverServerRatis.java:start(517)) - Starting XceiverServerRatis cdef5c6f-8bd8-48a8-8760-99c7043342d4
2023-08-31 10:24:42,813 [EndpointStateMachine task thread for /0.0.0.0:15055 - 0 ] INFO  server.RaftServer (RaftServerProxy.java:startImpl(400)) - cdef5c6f-8bd8-48a8-8760-99c7043342d4: start RPC server
2023-08-31 10:24:42,814 [EndpointStateMachine task thread for /0.0.0.0:15055 - 0 ] INFO  server.GrpcService (GrpcService.java:startImpl(302)) - cdef5c6f-8bd8-48a8-8760-99c7043342d4: GrpcService started, listening on 15074
2023-08-31 10:24:42,816 [EndpointStateMachine task thread for /0.0.0.0:15055 - 0 ] INFO  server.GrpcService (GrpcService.java:startImpl(302)) - cdef5c6f-8bd8-48a8-8760-99c7043342d4: GrpcService started, listening on 15076
2023-08-31 10:24:42,817 [EndpointStateMachine task thread for /0.0.0.0:15055 - 0 ] INFO  server.GrpcService (GrpcService.java:startImpl(302)) - cdef5c6f-8bd8-48a8-8760-99c7043342d4: GrpcService started, listening on 15075
2023-08-31 10:24:42,819 [EndpointStateMachine task thread for /0.0.0.0:15055 - 0 ] INFO  ratis.XceiverServerRatis (XceiverServerRatis.java:getRealPort(543)) - XceiverServerRatis cdef5c6f-8bd8-48a8-8760-99c7043342d4 is started using port 15074 for RATIS
2023-08-31 10:24:42,819 [EndpointStateMachine task thread for /0.0.0.0:15055 - 0 ] INFO  ratis.XceiverServerRatis (XceiverServerRatis.java:getRealPort(543)) - XceiverServerRatis cdef5c6f-8bd8-48a8-8760-99c7043342d4 is started using port 15075 for RATIS_ADMIN
2023-08-31 10:24:42,819 [EndpointStateMachine task thread for /0.0.0.0:15055 - 0 ] INFO  ratis.XceiverServerRatis (XceiverServerRatis.java:getRealPort(543)) - XceiverServerRatis cdef5c6f-8bd8-48a8-8760-99c7043342d4 is started using port 15076 for RATIS_SERVER
2023-08-31 10:24:42,819 [EndpointStateMachine task thread for /0.0.0.0:15055 - 0 ] INFO  ratis.XceiverServerRatis (XceiverServerRatis.java:getRealPort(543)) - XceiverServerRatis cdef5c6f-8bd8-48a8-8760-99c7043342d4 is started using port 15077 for RATIS_DATASTREAM
2023-08-31 10:24:42,820 [JvmPauseMonitor10] INFO  util.JvmPauseMonitor (JvmPauseMonitor.java:run(103)) - JvmPauseMonitor-cdef5c6f-8bd8-48a8-8760-99c7043342d4: Started
2023-08-31 10:24:42,822 [BlockDeletingService#0] INFO  interfaces.ContainerDeletionChoosingPolicyTemplate (ContainerDeletionChoosingPolicyTemplate.java:chooseContainerForBlockDeletion(85)) - Chosen 0/5000 blocks from 0 candidate containers.
2023-08-31 10:24:43,083 [EndpointStateMachine task thread for /0.0.0.0:15055 - 0 ] INFO  utils.DatanodeStoreCache (DatanodeStoreCache.java:addDB(66)) - Added db /home/runner/work/ozone/ozone/hadoop-ozone/integration-test/target/test-dir/MiniOzoneClusterImpl-3562ddc4-ebd0-49e0-a6e7-0f6459768660/datanode-2/data-0/containers/hdds/3562ddc4-ebd0-49e0-a6e7-0f6459768660/DS-b0ce9e32-591d-47d9-85d1-ebc180162692/container.db to cache
2023-08-31 10:24:43,083 [EndpointStateMachine task thread for /0.0.0.0:15055 - 0 ] INFO  volume.HddsVolume (HddsVolume.java:createDbStore(422)) - SchemaV3 db is created and loaded at /home/runner/work/ozone/ozone/hadoop-ozone/integration-test/target/test-dir/MiniOzoneClusterImpl-3562ddc4-ebd0-49e0-a6e7-0f6459768660/datanode-2/data-0/containers/hdds/3562ddc4-ebd0-49e0-a6e7-0f6459768660/DS-b0ce9e32-591d-47d9-85d1-ebc180162692/container.db for volume DS-b0ce9e32-591d-47d9-85d1-ebc180162692
2023-08-31 10:24:43,084 [EndpointStateMachine task thread for /0.0.0.0:15055 - 0 ] INFO  volume.ThrottledAsyncChecker (ThrottledAsyncChecker.java:schedule(141)) - Scheduling a check for /home/runner/work/ozone/ozone/hadoop-ozone/integration-test/target/test-dir/MiniOzoneClusterImpl-3562ddc4-ebd0-49e0-a6e7-0f6459768660/datanode-2/data-0/containers/hdds
2023-08-31 10:24:43,085 [EndpointStateMachine task thread for /0.0.0.0:15055 - 0 ] INFO  volume.StorageVolumeChecker (StorageVolumeChecker.java:checkAllVolumes(213)) - Scheduled health check for volume /home/runner/work/ozone/ozone/hadoop-ozone/integration-test/target/test-dir/MiniOzoneClusterImpl-3562ddc4-ebd0-49e0-a6e7-0f6459768660/datanode-2/data-0/containers/hdds
2023-08-31 10:24:43,086 [EndpointStateMachine task thread for /0.0.0.0:15055 - 0 ] INFO  volume.ThrottledAsyncChecker (ThrottledAsyncChecker.java:schedule(141)) - Scheduling a check for /home/runner/work/ozone/ozone/hadoop-ozone/integration-test/target/test-dir/MiniOzoneClusterImpl-3562ddc4-ebd0-49e0-a6e7-0f6459768660/datanode-2/data/ratis
2023-08-31 10:24:43,086 [EndpointStateMachine task thread for /0.0.0.0:15055 - 0 ] INFO  volume.StorageVolumeChecker (StorageVolumeChecker.java:checkAllVolumes(213)) - Scheduled health check for volume /home/runner/work/ozone/ozone/hadoop-ozone/integration-test/target/test-dir/MiniOzoneClusterImpl-3562ddc4-ebd0-49e0-a6e7-0f6459768660/datanode-2/data/ratis
2023-08-31 10:24:43,088 [EndpointStateMachine task thread for /0.0.0.0:15055 - 0 ] INFO  ozoneimpl.OzoneContainer (OzoneContainer.java:start(429)) - Attempting to start container services.
2023-08-31 10:24:43,088 [EndpointStateMachine task thread for /0.0.0.0:15055 - 0 ] INFO  ozoneimpl.OzoneContainer (OzoneContainer.java:startContainerScrub(325)) - Scheduled background container scanners and the on-demand container scanner have been disabled.
2023-08-31 10:24:43,089 [EndpointStateMachine task thread for /0.0.0.0:15055 - 0 ] INFO  replication.ReplicationServer (ReplicationServer.java:start(130)) - ReplicationServer is started using port 15087
2023-08-31 10:24:43,089 [EndpointStateMachine task thread for /0.0.0.0:15055 - 0 ] INFO  ratis.XceiverServerRatis (XceiverServerRatis.java:start(517)) - Starting XceiverServerRatis f7581748-7872-49ff-9c70-19e178dd57a8
2023-08-31 10:24:43,090 [EndpointStateMachine task thread for /0.0.0.0:15055 - 0 ] INFO  server.RaftServer (RaftServerProxy.java:startImpl(400)) - f7581748-7872-49ff-9c70-19e178dd57a8: start RPC server
2023-08-31 10:24:43,091 [EndpointStateMachine task thread for /0.0.0.0:15055 - 0 ] INFO  server.GrpcService (GrpcService.java:startImpl(302)) - f7581748-7872-49ff-9c70-19e178dd57a8: GrpcService started, listening on 15083
2023-08-31 10:24:43,093 [EndpointStateMachine task thread for /0.0.0.0:15055 - 0 ] INFO  server.GrpcService (GrpcService.java:startImpl(302)) - f7581748-7872-49ff-9c70-19e178dd57a8: GrpcService started, listening on 15085
2023-08-31 10:24:43,093 [EndpointStateMachine task thread for /0.0.0.0:15055 - 0 ] INFO  server.GrpcService (GrpcService.java:startImpl(302)) - f7581748-7872-49ff-9c70-19e178dd57a8: GrpcService started, listening on 15084
2023-08-31 10:24:43,093 [EndpointStateMachine task thread for /0.0.0.0:15055 - 0 ] INFO  ratis.XceiverServerRatis (XceiverServerRatis.java:getRealPort(543)) - XceiverServerRatis f7581748-7872-49ff-9c70-19e178dd57a8 is started using port 15083 for RATIS
2023-08-31 10:24:43,094 [EndpointStateMachine task thread for /0.0.0.0:15055 - 0 ] INFO  ratis.XceiverServerRatis (XceiverServerRatis.java:getRealPort(543)) - XceiverServerRatis f7581748-7872-49ff-9c70-19e178dd57a8 is started using port 15084 for RATIS_ADMIN
2023-08-31 10:24:43,094 [JvmPauseMonitor11] INFO  util.JvmPauseMonitor (JvmPauseMonitor.java:run(103)) - JvmPauseMonitor-f7581748-7872-49ff-9c70-19e178dd57a8: Started
2023-08-31 10:24:43,094 [EndpointStateMachine task thread for /0.0.0.0:15055 - 0 ] INFO  ratis.XceiverServerRatis (XceiverServerRatis.java:getRealPort(543)) - XceiverServerRatis f7581748-7872-49ff-9c70-19e178dd57a8 is started using port 15085 for RATIS_SERVER
2023-08-31 10:24:43,094 [EndpointStateMachine task thread for /0.0.0.0:15055 - 0 ] INFO  ratis.XceiverServerRatis (XceiverServerRatis.java:getRealPort(543)) - XceiverServerRatis f7581748-7872-49ff-9c70-19e178dd57a8 is started using port 15086 for RATIS_DATASTREAM
2023-08-31 10:24:43,095 [BlockDeletingService#0] INFO  interfaces.ContainerDeletionChoosingPolicyTemplate (ContainerDeletionChoosingPolicyTemplate.java:chooseContainerForBlockDeletion(85)) - Chosen 0/5000 blocks from 0 candidate containers.
2023-08-31 10:24:43,393 [EndpointStateMachine task thread for /0.0.0.0:15055 - 0 ] INFO  utils.DatanodeStoreCache (DatanodeStoreCache.java:addDB(66)) - Added db /home/runner/work/ozone/ozone/hadoop-ozone/integration-test/target/test-dir/MiniOzoneClusterImpl-3562ddc4-ebd0-49e0-a6e7-0f6459768660/datanode-3/data-0/containers/hdds/3562ddc4-ebd0-49e0-a6e7-0f6459768660/DS-70669660-0230-48ac-b8dc-1e4cb077cceb/container.db to cache
2023-08-31 10:24:43,393 [EndpointStateMachine task thread for /0.0.0.0:15055 - 0 ] INFO  volume.HddsVolume (HddsVolume.java:createDbStore(422)) - SchemaV3 db is created and loaded at /home/runner/work/ozone/ozone/hadoop-ozone/integration-test/target/test-dir/MiniOzoneClusterImpl-3562ddc4-ebd0-49e0-a6e7-0f6459768660/datanode-3/data-0/containers/hdds/3562ddc4-ebd0-49e0-a6e7-0f6459768660/DS-70669660-0230-48ac-b8dc-1e4cb077cceb/container.db for volume DS-70669660-0230-48ac-b8dc-1e4cb077cceb
2023-08-31 10:24:43,394 [EndpointStateMachine task thread for /0.0.0.0:15055 - 0 ] INFO  volume.ThrottledAsyncChecker (ThrottledAsyncChecker.java:schedule(141)) - Scheduling a check for /home/runner/work/ozone/ozone/hadoop-ozone/integration-test/target/test-dir/MiniOzoneClusterImpl-3562ddc4-ebd0-49e0-a6e7-0f6459768660/datanode-3/data-0/containers/hdds
2023-08-31 10:24:43,394 [EndpointStateMachine task thread for /0.0.0.0:15055 - 0 ] INFO  volume.StorageVolumeChecker (StorageVolumeChecker.java:checkAllVolumes(213)) - Scheduled health check for volume /home/runner/work/ozone/ozone/hadoop-ozone/integration-test/target/test-dir/MiniOzoneClusterImpl-3562ddc4-ebd0-49e0-a6e7-0f6459768660/datanode-3/data-0/containers/hdds
2023-08-31 10:24:43,396 [EndpointStateMachine task thread for /0.0.0.0:15055 - 0 ] INFO  volume.ThrottledAsyncChecker (ThrottledAsyncChecker.java:schedule(141)) - Scheduling a check for /home/runner/work/ozone/ozone/hadoop-ozone/integration-test/target/test-dir/MiniOzoneClusterImpl-3562ddc4-ebd0-49e0-a6e7-0f6459768660/datanode-3/data/ratis
2023-08-31 10:24:43,399 [EndpointStateMachine task thread for /0.0.0.0:15055 - 0 ] INFO  volume.StorageVolumeChecker (StorageVolumeChecker.java:checkAllVolumes(213)) - Scheduled health check for volume /home/runner/work/ozone/ozone/hadoop-ozone/integration-test/target/test-dir/MiniOzoneClusterImpl-3562ddc4-ebd0-49e0-a6e7-0f6459768660/datanode-3/data/ratis
2023-08-31 10:24:43,401 [EndpointStateMachine task thread for /0.0.0.0:15055 - 0 ] INFO  ozoneimpl.OzoneContainer (OzoneContainer.java:start(429)) - Attempting to start container services.
2023-08-31 10:24:43,401 [EndpointStateMachine task thread for /0.0.0.0:15055 - 0 ] INFO  ozoneimpl.OzoneContainer (OzoneContainer.java:startContainerScrub(325)) - Scheduled background container scanners and the on-demand container scanner have been disabled.
2023-08-31 10:24:43,401 [EndpointStateMachine task thread for /0.0.0.0:15055 - 0 ] INFO  replication.ReplicationServer (ReplicationServer.java:start(130)) - ReplicationServer is started using port 15096
2023-08-31 10:24:43,401 [EndpointStateMachine task thread for /0.0.0.0:15055 - 0 ] INFO  ratis.XceiverServerRatis (XceiverServerRatis.java:start(517)) - Starting XceiverServerRatis f9ec4456-8805-4637-8ac6-a0d87dd7d848
2023-08-31 10:24:43,402 [EndpointStateMachine task thread for /0.0.0.0:15055 - 0 ] INFO  server.RaftServer (RaftServerProxy.java:startImpl(400)) - f9ec4456-8805-4637-8ac6-a0d87dd7d848: start RPC server
2023-08-31 10:24:43,402 [EndpointStateMachine task thread for /0.0.0.0:15055 - 0 ] INFO  server.GrpcService (GrpcService.java:startImpl(302)) - f9ec4456-8805-4637-8ac6-a0d87dd7d848: GrpcService started, listening on 15092
2023-08-31 10:24:43,403 [EndpointStateMachine task thread for /0.0.0.0:15055 - 0 ] INFO  server.GrpcService (GrpcService.java:startImpl(302)) - f9ec4456-8805-4637-8ac6-a0d87dd7d848: GrpcService started, listening on 15094
2023-08-31 10:24:43,403 [EndpointStateMachine task thread for /0.0.0.0:15055 - 0 ] INFO  server.GrpcService (GrpcService.java:startImpl(302)) - f9ec4456-8805-4637-8ac6-a0d87dd7d848: GrpcService started, listening on 15093
2023-08-31 10:24:43,403 [EndpointStateMachine task thread for /0.0.0.0:15055 - 0 ] INFO  ratis.XceiverServerRatis (XceiverServerRatis.java:getRealPort(543)) - XceiverServerRatis f9ec4456-8805-4637-8ac6-a0d87dd7d848 is started using port 15092 for RATIS
2023-08-31 10:24:43,403 [EndpointStateMachine task thread for /0.0.0.0:15055 - 0 ] INFO  ratis.XceiverServerRatis (XceiverServerRatis.java:getRealPort(543)) - XceiverServerRatis f9ec4456-8805-4637-8ac6-a0d87dd7d848 is started using port 15093 for RATIS_ADMIN
2023-08-31 10:24:43,403 [EndpointStateMachine task thread for /0.0.0.0:15055 - 0 ] INFO  ratis.XceiverServerRatis (XceiverServerRatis.java:getRealPort(543)) - XceiverServerRatis f9ec4456-8805-4637-8ac6-a0d87dd7d848 is started using port 15094 for RATIS_SERVER
2023-08-31 10:24:43,403 [EndpointStateMachine task thread for /0.0.0.0:15055 - 0 ] INFO  ratis.XceiverServerRatis (XceiverServerRatis.java:getRealPort(543)) - XceiverServerRatis f9ec4456-8805-4637-8ac6-a0d87dd7d848 is started using port 15095 for RATIS_DATASTREAM
2023-08-31 10:24:43,403 [JvmPauseMonitor12] INFO  util.JvmPauseMonitor (JvmPauseMonitor.java:run(103)) - JvmPauseMonitor-f9ec4456-8805-4637-8ac6-a0d87dd7d848: Started
2023-08-31 10:24:43,410 [BlockDeletingService#0] INFO  interfaces.ContainerDeletionChoosingPolicyTemplate (ContainerDeletionChoosingPolicyTemplate.java:chooseContainerForBlockDeletion(85)) - Chosen 0/5000 blocks from 0 candidate containers.
2023-08-31 10:24:43,633 [JUnit] INFO  ozone.MiniOzoneClusterImpl (MiniOzoneClusterImpl.java:lambda$waitForClusterToBeReady$0(224)) - Waiting for nodes to be ready. Got 0 of 5 DN Heartbeats.
2023-08-31 10:24:43,633 [JUnit] INFO  ozone.MiniOzoneClusterImpl (MiniOzoneClusterImpl.java:lambda$waitForClusterToBeReady$0(227)) - Waiting for cluster to exit safe mode
2023-08-31 10:24:43,633 [JUnit] INFO  ozone.MiniOzoneClusterImpl (MiniOzoneClusterImpl.java:lambda$waitForClusterToBeReady$0(229)) - SCM became leader
2023-08-31 10:24:43,662 [EndpointStateMachine task thread for /0.0.0.0:15055 - 0 ] INFO  utils.DatanodeStoreCache (DatanodeStoreCache.java:addDB(66)) - Added db /home/runner/work/ozone/ozone/hadoop-ozone/integration-test/target/test-dir/MiniOzoneClusterImpl-3562ddc4-ebd0-49e0-a6e7-0f6459768660/datanode-4/data-0/containers/hdds/3562ddc4-ebd0-49e0-a6e7-0f6459768660/DS-7e9292a6-5b90-4a89-840f-c4331f8cf37a/container.db to cache
2023-08-31 10:24:43,662 [EndpointStateMachine task thread for /0.0.0.0:15055 - 0 ] INFO  volume.HddsVolume (HddsVolume.java:createDbStore(422)) - SchemaV3 db is created and loaded at /home/runner/work/ozone/ozone/hadoop-ozone/integration-test/target/test-dir/MiniOzoneClusterImpl-3562ddc4-ebd0-49e0-a6e7-0f6459768660/datanode-4/data-0/containers/hdds/3562ddc4-ebd0-49e0-a6e7-0f6459768660/DS-7e9292a6-5b90-4a89-840f-c4331f8cf37a/container.db for volume DS-7e9292a6-5b90-4a89-840f-c4331f8cf37a
2023-08-31 10:24:43,663 [EndpointStateMachine task thread for /0.0.0.0:15055 - 0 ] INFO  volume.ThrottledAsyncChecker (ThrottledAsyncChecker.java:schedule(141)) - Scheduling a check for /home/runner/work/ozone/ozone/hadoop-ozone/integration-test/target/test-dir/MiniOzoneClusterImpl-3562ddc4-ebd0-49e0-a6e7-0f6459768660/datanode-4/data-0/containers/hdds
2023-08-31 10:24:43,663 [EndpointStateMachine task thread for /0.0.0.0:15055 - 0 ] INFO  volume.StorageVolumeChecker (StorageVolumeChecker.java:checkAllVolumes(213)) - Scheduled health check for volume /home/runner/work/ozone/ozone/hadoop-ozone/integration-test/target/test-dir/MiniOzoneClusterImpl-3562ddc4-ebd0-49e0-a6e7-0f6459768660/datanode-4/data-0/containers/hdds
2023-08-31 10:24:43,665 [EndpointStateMachine task thread for /0.0.0.0:15055 - 0 ] INFO  volume.ThrottledAsyncChecker (ThrottledAsyncChecker.java:schedule(141)) - Scheduling a check for /home/runner/work/ozone/ozone/hadoop-ozone/integration-test/target/test-dir/MiniOzoneClusterImpl-3562ddc4-ebd0-49e0-a6e7-0f6459768660/datanode-4/data/ratis
2023-08-31 10:24:43,665 [EndpointStateMachine task thread for /0.0.0.0:15055 - 0 ] INFO  volume.StorageVolumeChecker (StorageVolumeChecker.java:checkAllVolumes(213)) - Scheduled health check for volume /home/runner/work/ozone/ozone/hadoop-ozone/integration-test/target/test-dir/MiniOzoneClusterImpl-3562ddc4-ebd0-49e0-a6e7-0f6459768660/datanode-4/data/ratis
2023-08-31 10:24:43,666 [EndpointStateMachine task thread for /0.0.0.0:15055 - 0 ] INFO  ozoneimpl.OzoneContainer (OzoneContainer.java:start(429)) - Attempting to start container services.
2023-08-31 10:24:43,666 [EndpointStateMachine task thread for /0.0.0.0:15055 - 0 ] INFO  ozoneimpl.OzoneContainer (OzoneContainer.java:startContainerScrub(325)) - Scheduled background container scanners and the on-demand container scanner have been disabled.
2023-08-31 10:24:43,667 [EndpointStateMachine task thread for /0.0.0.0:15055 - 0 ] INFO  replication.ReplicationServer (ReplicationServer.java:start(130)) - ReplicationServer is started using port 15105
2023-08-31 10:24:43,667 [EndpointStateMachine task thread for /0.0.0.0:15055 - 0 ] INFO  ratis.XceiverServerRatis (XceiverServerRatis.java:start(517)) - Starting XceiverServerRatis f14f4923-dfb7-4b2f-b4a8-676f2d05982b
2023-08-31 10:24:43,667 [EndpointStateMachine task thread for /0.0.0.0:15055 - 0 ] INFO  server.RaftServer (RaftServerProxy.java:startImpl(400)) - f14f4923-dfb7-4b2f-b4a8-676f2d05982b: start RPC server
2023-08-31 10:24:43,667 [EndpointStateMachine task thread for /0.0.0.0:15055 - 0 ] INFO  server.GrpcService (GrpcService.java:startImpl(302)) - f14f4923-dfb7-4b2f-b4a8-676f2d05982b: GrpcService started, listening on 15101
2023-08-31 10:24:43,668 [EndpointStateMachine task thread for /0.0.0.0:15055 - 0 ] INFO  server.GrpcService (GrpcService.java:startImpl(302)) - f14f4923-dfb7-4b2f-b4a8-676f2d05982b: GrpcService started, listening on 15103
2023-08-31 10:24:43,668 [EndpointStateMachine task thread for /0.0.0.0:15055 - 0 ] INFO  server.GrpcService (GrpcService.java:startImpl(302)) - f14f4923-dfb7-4b2f-b4a8-676f2d05982b: GrpcService started, listening on 15102
2023-08-31 10:24:43,669 [EndpointStateMachine task thread for /0.0.0.0:15055 - 0 ] INFO  ratis.XceiverServerRatis (XceiverServerRatis.java:getRealPort(543)) - XceiverServerRatis f14f4923-dfb7-4b2f-b4a8-676f2d05982b is started using port 15101 for RATIS
2023-08-31 10:24:43,669 [JvmPauseMonitor13] INFO  util.JvmPauseMonitor (JvmPauseMonitor.java:run(103)) - JvmPauseMonitor-f14f4923-dfb7-4b2f-b4a8-676f2d05982b: Started
2023-08-31 10:24:43,669 [EndpointStateMachine task thread for /0.0.0.0:15055 - 0 ] INFO  ratis.XceiverServerRatis (XceiverServerRatis.java:getRealPort(543)) - XceiverServerRatis f14f4923-dfb7-4b2f-b4a8-676f2d05982b is started using port 15102 for RATIS_ADMIN
2023-08-31 10:24:43,669 [EndpointStateMachine task thread for /0.0.0.0:15055 - 0 ] INFO  ratis.XceiverServerRatis (XceiverServerRatis.java:getRealPort(543)) - XceiverServerRatis f14f4923-dfb7-4b2f-b4a8-676f2d05982b is started using port 15103 for RATIS_SERVER
2023-08-31 10:24:43,669 [EndpointStateMachine task thread for /0.0.0.0:15055 - 0 ] INFO  ratis.XceiverServerRatis (XceiverServerRatis.java:getRealPort(543)) - XceiverServerRatis f14f4923-dfb7-4b2f-b4a8-676f2d05982b is started using port 15104 for RATIS_DATASTREAM
2023-08-31 10:24:43,670 [BlockDeletingService#0] INFO  interfaces.ContainerDeletionChoosingPolicyTemplate (ContainerDeletionChoosingPolicyTemplate.java:chooseContainerForBlockDeletion(85)) - Chosen 0/5000 blocks from 0 candidate containers.
2023-08-31 10:24:44,480 [IPC Server handler 1 on default port 15055] INFO  net.NetworkTopologyImpl (NetworkTopologyImpl.java:add(112)) - Added a new node: /default-rack/48880804-25a4-4bd1-b25e-a62c627e68dd
2023-08-31 10:24:44,480 [IPC Server handler 1 on default port 15055] INFO  node.SCMNodeManager (SCMNodeManager.java:register(405)) - Registered Data node : 48880804-25a4-4bd1-b25e-a62c627e68dd{ip: 10.1.0.16, host: fv-az304-998.1xzdsl11evde5oaqfphatm1hpa.cx.internal.cloudapp.net, ports: [HTTP=15062, CLIENT_RPC=15063, REPLICATION=15069, RATIS=15065, RATIS_ADMIN=15066, RATIS_SERVER=15067, RATIS_DATASTREAM=15068, STANDALONE=15064], networkLocation: /default-rack, certSerialId: null, persistedOpState: null, persistedOpStateExpiryEpochSec: 0}
2023-08-31 10:24:44,484 [EventQueue-NodeRegistrationContainerReportForContainerSafeModeRule] INFO  safemode.SCMSafeModeManager (SCMSafeModeManager.java:validateSafeModeExitRules(200)) - ContainerSafeModeRule rule is successfully validated
2023-08-31 10:24:44,484 [EventQueue-NodeRegistrationContainerReportForDataNodeSafeModeRule] INFO  safemode.SCMSafeModeManager (DataNodeSafeModeRule.java:process(71)) - SCM in safe mode. 1 DataNodes registered, 3 required.
2023-08-31 10:24:44,488 [EventQueue-PipelineReportForOneReplicaPipelineSafeModeRule] INFO  safemode.SCMSafeModeManager (SCMSafeModeManager.java:validateSafeModeExitRules(200)) - AtleastOneDatanodeReportedRule rule is successfully validated
2023-08-31 10:24:44,488 [EventQueue-NewNodeForNewNodeHandler] INFO  pipeline.BackgroundPipelineCreator (BackgroundPipelineCreator.java:notifyEventTriggered(277)) - trigger a one-shot run on RatisPipelineUtilsThread.
2023-08-31 10:24:44,488 [RatisPipelineUtilsThread - 0] INFO  pipeline.RatisPipelineProvider (RatisPipelineProvider.java:lambda$create$0(206)) - Sending CreatePipelineCommand for pipeline:PipelineID=9c1ce057-ec12-4c4b-b863-8b4bd068acc0 to datanode:48880804-25a4-4bd1-b25e-a62c627e68dd
2023-08-31 10:24:44,489 [RatisPipelineUtilsThread - 0] INFO  pipeline.BackgroundPipelineCreator (BackgroundPipelineCreator.java:createPipelines(233)) - Created new pipeline Pipeline[ Id: 9c1ce057-ec12-4c4b-b863-8b4bd068acc0, Nodes: 48880804-25a4-4bd1-b25e-a62c627e68dd(fv-az304-998.1xzdsl11evde5oaqfphatm1hpa.cx.internal.cloudapp.net/10.1.0.16), ReplicationConfig: RATIS/ONE, State:ALLOCATED, leaderId:, CreationTimestamp2023-08-31T10:24:44.488Z[Etc/UTC]]
2023-08-31 10:24:44,633 [JUnit] INFO  ozone.MiniOzoneClusterImpl (MiniOzoneClusterImpl.java:lambda$waitForClusterToBeReady$0(224)) - Waiting for nodes to be ready. Got 1 of 5 DN Heartbeats.
2023-08-31 10:24:44,634 [JUnit] INFO  ozone.MiniOzoneClusterImpl (MiniOzoneClusterImpl.java:lambda$waitForClusterToBeReady$0(227)) - Waiting for cluster to exit safe mode
2023-08-31 10:24:44,634 [JUnit] INFO  ozone.MiniOzoneClusterImpl (MiniOzoneClusterImpl.java:lambda$waitForClusterToBeReady$0(229)) - SCM became leader
2023-08-31 10:24:44,781 [IPC Server handler 2 on default port 15055] INFO  net.NetworkTopologyImpl (NetworkTopologyImpl.java:add(112)) - Added a new node: /default-rack/cdef5c6f-8bd8-48a8-8760-99c7043342d4
2023-08-31 10:24:44,781 [IPC Server handler 2 on default port 15055] INFO  node.SCMNodeManager (SCMNodeManager.java:register(405)) - Registered Data node : cdef5c6f-8bd8-48a8-8760-99c7043342d4{ip: 10.1.0.16, host: fv-az304-998.1xzdsl11evde5oaqfphatm1hpa.cx.internal.cloudapp.net, ports: [HTTP=15071, CLIENT_RPC=15072, REPLICATION=15078, RATIS=15074, RATIS_ADMIN=15075, RATIS_SERVER=15076, RATIS_DATASTREAM=15077, STANDALONE=15073], networkLocation: /default-rack, certSerialId: null, persistedOpState: null, persistedOpStateExpiryEpochSec: 0}
2023-08-31 10:24:44,781 [EventQueue-NewNodeForNewNodeHandler] INFO  pipeline.BackgroundPipelineCreator (BackgroundPipelineCreator.java:notifyEventTriggered(277)) - trigger a one-shot run on RatisPipelineUtilsThread.
2023-08-31 10:24:44,782 [RatisPipelineUtilsThread - 0] INFO  pipeline.RatisPipelineProvider (RatisPipelineProvider.java:lambda$create$0(206)) - Sending CreatePipelineCommand for pipeline:PipelineID=dde60be3-81de-454c-afd6-8d32b71c82d8 to datanode:cdef5c6f-8bd8-48a8-8760-99c7043342d4
2023-08-31 10:24:44,783 [RatisPipelineUtilsThread - 0] INFO  pipeline.BackgroundPipelineCreator (BackgroundPipelineCreator.java:createPipelines(233)) - Created new pipeline Pipeline[ Id: dde60be3-81de-454c-afd6-8d32b71c82d8, Nodes: cdef5c6f-8bd8-48a8-8760-99c7043342d4(fv-az304-998.1xzdsl11evde5oaqfphatm1hpa.cx.internal.cloudapp.net/10.1.0.16), ReplicationConfig: RATIS/ONE, State:ALLOCATED, leaderId:, CreationTimestamp2023-08-31T10:24:44.782Z[Etc/UTC]]
2023-08-31 10:24:44,783 [EventQueue-NodeRegistrationContainerReportForDataNodeSafeModeRule] INFO  safemode.SCMSafeModeManager (DataNodeSafeModeRule.java:process(71)) - SCM in safe mode. 2 DataNodes registered, 3 required.
2023-08-31 10:24:45,056 [IPC Server handler 3 on default port 15055] INFO  net.NetworkTopologyImpl (NetworkTopologyImpl.java:add(112)) - Added a new node: /default-rack/f7581748-7872-49ff-9c70-19e178dd57a8
2023-08-31 10:24:45,056 [IPC Server handler 3 on default port 15055] INFO  node.SCMNodeManager (SCMNodeManager.java:register(405)) - Registered Data node : f7581748-7872-49ff-9c70-19e178dd57a8{ip: 10.1.0.16, host: fv-az304-998.1xzdsl11evde5oaqfphatm1hpa.cx.internal.cloudapp.net, ports: [HTTP=15080, CLIENT_RPC=15081, REPLICATION=15087, RATIS=15083, RATIS_ADMIN=15084, RATIS_SERVER=15085, RATIS_DATASTREAM=15086, STANDALONE=15082], networkLocation: /default-rack, certSerialId: null, persistedOpState: null, persistedOpStateExpiryEpochSec: 0}
2023-08-31 10:24:45,057 [EventQueue-NewNodeForNewNodeHandler] INFO  pipeline.BackgroundPipelineCreator (BackgroundPipelineCreator.java:notifyEventTriggered(277)) - trigger a one-shot run on RatisPipelineUtilsThread.
2023-08-31 10:24:45,058 [EventQueue-NodeRegistrationContainerReportForDataNodeSafeModeRule] INFO  safemode.SCMSafeModeManager (DataNodeSafeModeRule.java:process(71)) - SCM in safe mode. 3 DataNodes registered, 3 required.
2023-08-31 10:24:45,058 [EventQueue-NodeRegistrationContainerReportForDataNodeSafeModeRule] INFO  safemode.SCMSafeModeManager (SCMSafeModeManager.java:validateSafeModeExitRules(200)) - DataNodeSafeModeRule rule is successfully validated
2023-08-31 10:24:45,058 [EventQueue-NodeRegistrationContainerReportForDataNodeSafeModeRule] INFO  safemode.SCMSafeModeManager (SCMSafeModeManager.java:completePreCheck(229)) - All SCM safe mode pre check rules have passed
2023-08-31 10:24:45,058 [RatisPipelineUtilsThread - 0] INFO  pipeline.RatisPipelineProvider (RatisPipelineProvider.java:lambda$create$0(206)) - Sending CreatePipelineCommand for pipeline:PipelineID=8ff0ea16-12ad-475e-902e-60ed1a6a26f8 to datanode:f7581748-7872-49ff-9c70-19e178dd57a8
2023-08-31 10:24:45,058 [EventQueue-NodeRegistrationContainerReportForDataNodeSafeModeRule] INFO  ha.SCMContext (SCMContext.java:updateSafeModeStatus(228)) - Update SafeModeStatus from SafeModeStatus{safeModeStatus=true, preCheckPassed=false} to SafeModeStatus{safeModeStatus=true, preCheckPassed=true}.
2023-08-31 10:24:45,059 [EventQueue-NodeRegistrationContainerReportForDataNodeSafeModeRule] INFO  pipeline.BackgroundPipelineCreator (BackgroundPipelineCreator.java:notifyEventTriggered(277)) - trigger a one-shot run on RatisPipelineUtilsThread.
2023-08-31 10:24:45,059 [RatisPipelineUtilsThread - 0] INFO  pipeline.BackgroundPipelineCreator (BackgroundPipelineCreator.java:createPipelines(233)) - Created new pipeline Pipeline[ Id: 8ff0ea16-12ad-475e-902e-60ed1a6a26f8, Nodes: f7581748-7872-49ff-9c70-19e178dd57a8(fv-az304-998.1xzdsl11evde5oaqfphatm1hpa.cx.internal.cloudapp.net/10.1.0.16), ReplicationConfig: RATIS/ONE, State:ALLOCATED, leaderId:, CreationTimestamp2023-08-31T10:24:45.058Z[Etc/UTC]]
2023-08-31 10:24:45,060 [RatisPipelineUtilsThread - 0] INFO  pipeline.RatisPipelineProvider (RatisPipelineProvider.java:lambda$create$0(206)) - Sending CreatePipelineCommand for pipeline:PipelineID=a910f1b8-cda3-4f66-a2fd-68314965fa9f to datanode:cdef5c6f-8bd8-48a8-8760-99c7043342d4
2023-08-31 10:24:45,060 [RatisPipelineUtilsThread - 0] INFO  pipeline.RatisPipelineProvider (RatisPipelineProvider.java:lambda$create$0(206)) - Sending CreatePipelineCommand for pipeline:PipelineID=a910f1b8-cda3-4f66-a2fd-68314965fa9f to datanode:f7581748-7872-49ff-9c70-19e178dd57a8
2023-08-31 10:24:45,060 [RatisPipelineUtilsThread - 0] INFO  pipeline.RatisPipelineProvider (RatisPipelineProvider.java:lambda$create$0(206)) - Sending CreatePipelineCommand for pipeline:PipelineID=a910f1b8-cda3-4f66-a2fd-68314965fa9f to datanode:48880804-25a4-4bd1-b25e-a62c627e68dd
2023-08-31 10:24:45,060 [RatisPipelineUtilsThread - 0] INFO  pipeline.BackgroundPipelineCreator (BackgroundPipelineCreator.java:createPipelines(233)) - Created new pipeline Pipeline[ Id: a910f1b8-cda3-4f66-a2fd-68314965fa9f, Nodes: cdef5c6f-8bd8-48a8-8760-99c7043342d4(fv-az304-998.1xzdsl11evde5oaqfphatm1hpa.cx.internal.cloudapp.net/10.1.0.16)f7581748-7872-49ff-9c70-19e178dd57a8(fv-az304-998.1xzdsl11evde5oaqfphatm1hpa.cx.internal.cloudapp.net/10.1.0.16)48880804-25a4-4bd1-b25e-a62c627e68dd(fv-az304-998.1xzdsl11evde5oaqfphatm1hpa.cx.internal.cloudapp.net/10.1.0.16), ReplicationConfig: RATIS/THREE, State:ALLOCATED, leaderId:, CreationTimestamp2023-08-31T10:24:45.060Z[Etc/UTC]]
2023-08-31 10:24:45,061 [RatisPipelineUtilsThread - 0] INFO  pipeline.RatisPipelineProvider (RatisPipelineProvider.java:lambda$create$0(206)) - Sending CreatePipelineCommand for pipeline:PipelineID=62bb4b80-9280-4fcd-aa01-540638c6bc82 to datanode:cdef5c6f-8bd8-48a8-8760-99c7043342d4
2023-08-31 10:24:45,061 [RatisPipelineUtilsThread - 0] INFO  pipeline.RatisPipelineProvider (RatisPipelineProvider.java:lambda$create$0(206)) - Sending CreatePipelineCommand for pipeline:PipelineID=62bb4b80-9280-4fcd-aa01-540638c6bc82 to datanode:f7581748-7872-49ff-9c70-19e178dd57a8
2023-08-31 10:24:45,061 [RatisPipelineUtilsThread - 0] INFO  pipeline.RatisPipelineProvider (RatisPipelineProvider.java:lambda$create$0(206)) - Sending CreatePipelineCommand for pipeline:PipelineID=62bb4b80-9280-4fcd-aa01-540638c6bc82 to datanode:48880804-25a4-4bd1-b25e-a62c627e68dd
2023-08-31 10:24:45,062 [RatisPipelineUtilsThread - 0] INFO  pipeline.PipelineManagerImpl (PipelineManagerImpl.java:recordMetricsForPipeline(914)) - Pipeline: PipelineID=62bb4b80-9280-4fcd-aa01-540638c6bc82 contains same datanodes as previous pipelines: PipelineID=a910f1b8-cda3-4f66-a2fd-68314965fa9f nodeIds: cdef5c6f-8bd8-48a8-8760-99c7043342d4, f7581748-7872-49ff-9c70-19e178dd57a8, 48880804-25a4-4bd1-b25e-a62c627e68dd
2023-08-31 10:24:45,062 [RatisPipelineUtilsThread - 0] INFO  pipeline.BackgroundPipelineCreator (BackgroundPipelineCreator.java:createPipelines(233)) - Created new pipeline Pipeline[ Id: 62bb4b80-9280-4fcd-aa01-540638c6bc82, Nodes: cdef5c6f-8bd8-48a8-8760-99c7043342d4(fv-az304-998.1xzdsl11evde5oaqfphatm1hpa.cx.internal.cloudapp.net/10.1.0.16)f7581748-7872-49ff-9c70-19e178dd57a8(fv-az304-998.1xzdsl11evde5oaqfphatm1hpa.cx.internal.cloudapp.net/10.1.0.16)48880804-25a4-4bd1-b25e-a62c627e68dd(fv-az304-998.1xzdsl11evde5oaqfphatm1hpa.cx.internal.cloudapp.net/10.1.0.16), ReplicationConfig: RATIS/THREE, State:ALLOCATED, leaderId:, CreationTimestamp2023-08-31T10:24:45.061Z[Etc/UTC]]
2023-08-31 10:24:45,368 [IPC Server handler 0 on default port 15055] INFO  net.NetworkTopologyImpl (NetworkTopologyImpl.java:add(112)) - Added a new node: /default-rack/f9ec4456-8805-4637-8ac6-a0d87dd7d848
2023-08-31 10:24:45,368 [IPC Server handler 0 on default port 15055] INFO  node.SCMNodeManager (SCMNodeManager.java:register(405)) - Registered Data node : f9ec4456-8805-4637-8ac6-a0d87dd7d848{ip: 10.1.0.16, host: fv-az304-998.1xzdsl11evde5oaqfphatm1hpa.cx.internal.cloudapp.net, ports: [HTTP=15089, CLIENT_RPC=15090, REPLICATION=15096, RATIS=15092, RATIS_ADMIN=15093, RATIS_SERVER=15094, RATIS_DATASTREAM=15095, STANDALONE=15091], networkLocation: /default-rack, certSerialId: null, persistedOpState: null, persistedOpStateExpiryEpochSec: 0}
2023-08-31 10:24:45,369 [EventQueue-NewNodeForNewNodeHandler] INFO  pipeline.BackgroundPipelineCreator (BackgroundPipelineCreator.java:notifyEventTriggered(277)) - trigger a one-shot run on RatisPipelineUtilsThread.
2023-08-31 10:24:45,370 [RatisPipelineUtilsThread - 0] INFO  pipeline.RatisPipelineProvider (RatisPipelineProvider.java:lambda$create$0(206)) - Sending CreatePipelineCommand for pipeline:PipelineID=6280c600-9979-4296-a230-664f394aba92 to datanode:f9ec4456-8805-4637-8ac6-a0d87dd7d848
2023-08-31 10:24:45,371 [RatisPipelineUtilsThread - 0] INFO  pipeline.BackgroundPipelineCreator (BackgroundPipelineCreator.java:createPipelines(233)) - Created new pipeline Pipeline[ Id: 6280c600-9979-4296-a230-664f394aba92, Nodes: f9ec4456-8805-4637-8ac6-a0d87dd7d848(fv-az304-998.1xzdsl11evde5oaqfphatm1hpa.cx.internal.cloudapp.net/10.1.0.16), ReplicationConfig: RATIS/ONE, State:ALLOCATED, leaderId:, CreationTimestamp2023-08-31T10:24:45.370Z[Etc/UTC]]
2023-08-31 10:24:45,634 [JUnit] INFO  ozone.MiniOzoneClusterImpl (MiniOzoneClusterImpl.java:lambda$waitForClusterToBeReady$0(224)) - Waiting for nodes to be ready. Got 4 of 5 DN Heartbeats.
2023-08-31 10:24:45,634 [JUnit] INFO  ozone.MiniOzoneClusterImpl (MiniOzoneClusterImpl.java:lambda$waitForClusterToBeReady$0(227)) - Waiting for cluster to exit safe mode
2023-08-31 10:24:45,634 [JUnit] INFO  ozone.MiniOzoneClusterImpl (MiniOzoneClusterImpl.java:lambda$waitForClusterToBeReady$0(229)) - SCM became leader
2023-08-31 10:24:45,636 [IPC Server handler 2 on default port 15055] INFO  net.NetworkTopologyImpl (NetworkTopologyImpl.java:add(112)) - Added a new node: /default-rack/f14f4923-dfb7-4b2f-b4a8-676f2d05982b
2023-08-31 10:24:45,636 [IPC Server handler 2 on default port 15055] INFO  node.SCMNodeManager (SCMNodeManager.java:register(405)) - Registered Data node : f14f4923-dfb7-4b2f-b4a8-676f2d05982b{ip: 10.1.0.16, host: fv-az304-998.1xzdsl11evde5oaqfphatm1hpa.cx.internal.cloudapp.net, ports: [HTTP=15098, CLIENT_RPC=15099, REPLICATION=15105, RATIS=15101, RATIS_ADMIN=15102, RATIS_SERVER=15103, RATIS_DATASTREAM=15104, STANDALONE=15100], networkLocation: /default-rack, certSerialId: null, persistedOpState: null, persistedOpStateExpiryEpochSec: 0}
2023-08-31 10:24:45,636 [EventQueue-NewNodeForNewNodeHandler] INFO  pipeline.BackgroundPipelineCreator (BackgroundPipelineCreator.java:notifyEventTriggered(277)) - trigger a one-shot run on RatisPipelineUtilsThread.
2023-08-31 10:24:45,637 [RatisPipelineUtilsThread - 0] INFO  pipeline.RatisPipelineProvider (RatisPipelineProvider.java:lambda$create$0(206)) - Sending CreatePipelineCommand for pipeline:PipelineID=6665902e-e264-43cb-89d0-afaa66eb155e to datanode:f14f4923-dfb7-4b2f-b4a8-676f2d05982b
2023-08-31 10:24:45,637 [RatisPipelineUtilsThread - 0] INFO  pipeline.BackgroundPipelineCreator (BackgroundPipelineCreator.java:createPipelines(233)) - Created new pipeline Pipeline[ Id: 6665902e-e264-43cb-89d0-afaa66eb155e, Nodes: f14f4923-dfb7-4b2f-b4a8-676f2d05982b(fv-az304-998.1xzdsl11evde5oaqfphatm1hpa.cx.internal.cloudapp.net/10.1.0.16), ReplicationConfig: RATIS/ONE, State:ALLOCATED, leaderId:, CreationTimestamp2023-08-31T10:24:45.637Z[Etc/UTC]]
2023-08-31 10:24:46,634 [JUnit] INFO  ozone.MiniOzoneClusterImpl (MiniOzoneClusterImpl.java:lambda$waitForClusterToBeReady$0(224)) - Nodes are ready. Got 5 of 5 DN Heartbeats.
2023-08-31 10:24:46,635 [JUnit] INFO  ozone.MiniOzoneClusterImpl (MiniOzoneClusterImpl.java:lambda$waitForClusterToBeReady$0(227)) - Waiting for cluster to exit safe mode
2023-08-31 10:24:46,635 [JUnit] INFO  ozone.MiniOzoneClusterImpl (MiniOzoneClusterImpl.java:lambda$waitForClusterToBeReady$0(229)) - SCM became leader
2023-08-31 10:24:47,482 [PipelineCommandHandlerThread-0] INFO  server.RaftServer (RaftServerProxy.java:addNew(98)) - 48880804-25a4-4bd1-b25e-a62c627e68dd: addNew group-8B4BD068ACC0:[48880804-25a4-4bd1-b25e-a62c627e68dd|rpc:10.1.0.16:15067|admin:10.1.0.16:15066|client:10.1.0.16:15065|dataStream:10.1.0.16:15068|priority:1|startupRole:FOLLOWER] returns group-8B4BD068ACC0:java.util.concurrent.CompletableFuture@1f26cab0[Not completed]
2023-08-31 10:24:47,483 [48880804-25a4-4bd1-b25e-a62c627e68dd-groupManagement] INFO  server.RaftServer$Division (RaftServerImpl.java:<init>(198)) - 48880804-25a4-4bd1-b25e-a62c627e68dd: new RaftServerImpl for group-8B4BD068ACC0:[48880804-25a4-4bd1-b25e-a62c627e68dd|rpc:10.1.0.16:15067|admin:10.1.0.16:15066|client:10.1.0.16:15065|dataStream:10.1.0.16:15068|priority:1|startupRole:FOLLOWER] with ContainerStateMachine:uninitialized
2023-08-31 10:24:47,485 [48880804-25a4-4bd1-b25e-a62c627e68dd-groupManagement] INFO  server.RaftServerConfigKeys (ConfUtils.java:logGet(46)) - raft.server.rpc.timeout.min = 5s (custom)
2023-08-31 10:24:47,485 [48880804-25a4-4bd1-b25e-a62c627e68dd-groupManagement] INFO  server.RaftServerConfigKeys (ConfUtils.java:logGet(46)) - raft.server.rpc.timeout.max = 5200ms (custom)
2023-08-31 10:24:47,485 [48880804-25a4-4bd1-b25e-a62c627e68dd-groupManagement] INFO  server.RaftServerConfigKeys (ConfUtils.java:logGet(46)) - raft.server.rpc.sleep.time = 25ms (default)
2023-08-31 10:24:47,485 [48880804-25a4-4bd1-b25e-a62c627e68dd-groupManagement] INFO  server.RaftServerConfigKeys (ConfUtils.java:logGet(46)) - raft.server.rpc.slowness.timeout = 300000ms (custom)
2023-08-31 10:24:47,485 [48880804-25a4-4bd1-b25e-a62c627e68dd-groupManagement] INFO  server.RaftServerConfigKeys (ConfUtils.java:logGet(46)) - raft.server.leaderelection.leader.step-down.wait-time = 10s (default)
2023-08-31 10:24:47,485 [48880804-25a4-4bd1-b25e-a62c627e68dd-groupManagement] INFO  server.RaftServerConfigKeys (ConfUtils.java:logGet(46)) - raft.server.sleep.deviation.threshold = 300ms (default)
2023-08-31 10:24:47,485 [48880804-25a4-4bd1-b25e-a62c627e68dd-groupManagement] INFO  server.RaftServer$Division (ServerState.java:<init>(120)) - 48880804-25a4-4bd1-b25e-a62c627e68dd@group-8B4BD068ACC0: ConfigurationManager, init=-1: peers:[48880804-25a4-4bd1-b25e-a62c627e68dd|rpc:10.1.0.16:15067|admin:10.1.0.16:15066|client:10.1.0.16:15065|dataStream:10.1.0.16:15068|priority:1|startupRole:FOLLOWER]|listeners:[], old=null, confs=<EMPTY_MAP>
2023-08-31 10:24:47,485 [48880804-25a4-4bd1-b25e-a62c627e68dd-groupManagement] INFO  server.RaftServerConfigKeys (ConfUtils.java:logGet(46)) - raft.server.storage.dir = [/home/runner/work/ozone/ozone/hadoop-ozone/integration-test/target/test-dir/MiniOzoneClusterImpl-3562ddc4-ebd0-49e0-a6e7-0f6459768660/datanode-0/data/ratis] (custom)
2023-08-31 10:24:47,486 [48880804-25a4-4bd1-b25e-a62c627e68dd-groupManagement] INFO  server.RaftServerConfigKeys (ConfUtils.java:logGet(46)) - raft.server.log.corruption.policy = EXCEPTION (default)
2023-08-31 10:24:47,486 [48880804-25a4-4bd1-b25e-a62c627e68dd-groupManagement] INFO  server.RaftServerConfigKeys (ConfUtils.java:logGet(46)) - raft.server.storage.free-space.min = 0MB (=0) (default)
2023-08-31 10:24:47,486 [48880804-25a4-4bd1-b25e-a62c627e68dd-groupManagement] INFO  server.RaftServerConfigKeys (ConfUtils.java:logGet(46)) - raft.server.notification.no-leader.timeout = 300000ms (custom)
2023-08-31 10:24:47,486 [48880804-25a4-4bd1-b25e-a62c627e68dd-groupManagement] INFO  server.RaftServerConfigKeys (ConfUtils.java:logGet(46)) - raft.server.read.timeout = 10s (default)
2023-08-31 10:24:47,486 [48880804-25a4-4bd1-b25e-a62c627e68dd-groupManagement] INFO  server.RaftServerConfigKeys (ConfUtils.java:logGet(46)) - raft.server.retrycache.expirytime = 600000ms (custom)
2023-08-31 10:24:47,486 [48880804-25a4-4bd1-b25e-a62c627e68dd-groupManagement] INFO  server.RaftServerConfigKeys (ConfUtils.java:logGet(46)) - raft.server.retrycache.statistics.expirytime = 100μs (default)
2023-08-31 10:24:47,486 [48880804-25a4-4bd1-b25e-a62c627e68dd-groupManagement] INFO  server.RaftServerConfigKeys (ConfUtils.java:logGet(46)) - raft.server.read.option = DEFAULT (default)
2023-08-31 10:24:47,487 [48880804-25a4-4bd1-b25e-a62c627e68dd-groupManagement] INFO  server.RaftServerConfigKeys (ConfUtils.java:logGet(46)) - raft.server.rpc.request.timeout = 3000ms (default)
2023-08-31 10:24:47,487 [48880804-25a4-4bd1-b25e-a62c627e68dd-groupManagement] INFO  server.RaftServerConfigKeys (ConfUtils.java:logGet(46)) - raft.server.log.appender.install.snapshot.enabled = false (custom)
2023-08-31 10:24:47,487 [48880804-25a4-4bd1-b25e-a62c627e68dd-groupManagement] INFO  server.RaftServerConfigKeys (ConfUtils.java:logGet(46)) - raft.server.threadpool.server.cached = true (default)
2023-08-31 10:24:47,487 [48880804-25a4-4bd1-b25e-a62c627e68dd-groupManagement] INFO  server.RaftServerConfigKeys (ConfUtils.java:logGet(46)) - raft.server.threadpool.server.size = 0 (default)
2023-08-31 10:24:47,487 [48880804-25a4-4bd1-b25e-a62c627e68dd-groupManagement] INFO  server.RaftServerConfigKeys (ConfUtils.java:logGet(46)) - raft.server.threadpool.client.cached = true (default)
2023-08-31 10:24:47,487 [48880804-25a4-4bd1-b25e-a62c627e68dd-groupManagement] INFO  server.RaftServerConfigKeys (ConfUtils.java:logGet(46)) - raft.server.threadpool.client.size = 0 (default)
2023-08-31 10:24:47,487 [48880804-25a4-4bd1-b25e-a62c627e68dd-groupManagement] INFO  storage.RaftStorageDirectory (RaftStorageDirectoryImpl.java:analyzeStorage(137)) - The storage directory /home/runner/work/ozone/ozone/hadoop-ozone/integration-test/target/test-dir/MiniOzoneClusterImpl-3562ddc4-ebd0-49e0-a6e7-0f6459768660/datanode-0/data/ratis/9c1ce057-ec12-4c4b-b863-8b4bd068acc0 does not exist. Creating ...
2023-08-31 10:24:47,488 [48880804-25a4-4bd1-b25e-a62c627e68dd-groupManagement] INFO  storage.RaftStorageDirectory (RaftStorageDirectoryImpl.java:tryLock(231)) - Lock on /home/runner/work/ozone/ozone/hadoop-ozone/integration-test/target/test-dir/MiniOzoneClusterImpl-3562ddc4-ebd0-49e0-a6e7-0f6459768660/datanode-0/data/ratis/9c1ce057-ec12-4c4b-b863-8b4bd068acc0/in_use.lock acquired by nodename 34453@fv-az304-998
2023-08-31 10:24:47,489 [48880804-25a4-4bd1-b25e-a62c627e68dd-groupManagement] INFO  storage.RaftStorage (RaftStorageImpl.java:format(96)) - Storage directory /home/runner/work/ozone/ozone/hadoop-ozone/integration-test/target/test-dir/MiniOzoneClusterImpl-3562ddc4-ebd0-49e0-a6e7-0f6459768660/datanode-0/data/ratis/9c1ce057-ec12-4c4b-b863-8b4bd068acc0 has been successfully formatted.
2023-08-31 10:24:47,490 [48880804-25a4-4bd1-b25e-a62c627e68dd-groupManagement] INFO  ratis.ContainerStateMachine (ContainerStateMachine.java:loadSnapshot(262)) - group-8B4BD068ACC0: The snapshot info is null. Setting the last applied indexto:(t:0, i:~)
2023-08-31 10:24:47,490 [48880804-25a4-4bd1-b25e-a62c627e68dd-groupManagement] INFO  server.RaftServerConfigKeys (ConfUtils.java:logGet(46)) - raft.server.log.use.memory = false (default)
2023-08-31 10:24:47,490 [48880804-25a4-4bd1-b25e-a62c627e68dd-groupManagement] INFO  server.RaftServerConfigKeys (ConfUtils.java:logGet(46)) - raft.server.log.purge.gap = 1000000 (custom)
2023-08-31 10:24:47,490 [48880804-25a4-4bd1-b25e-a62c627e68dd-groupManagement] INFO  server.RaftServerConfigKeys (ConfUtils.java:logGet(46)) - raft.server.log.appender.buffer.byte-limit = 33554432 (custom)
2023-08-31 10:24:47,491 [48880804-25a4-4bd1-b25e-a62c627e68dd-groupManagement] INFO  server.RaftServerConfigKeys (ConfUtils.java:logGet(46)) - raft.server.log.statemachine.data.read.timeout = 1000ms (default)
2023-08-31 10:24:47,491 [48880804-25a4-4bd1-b25e-a62c627e68dd-groupManagement] INFO  server.RaftServerConfigKeys (ConfUtils.java:logGet(46)) - raft.server.log.purge.preservation.log.num = 0 (default)
2023-08-31 10:24:47,491 [48880804-25a4-4bd1-b25e-a62c627e68dd-groupManagement] INFO  server.RaftServerConfigKeys (ConfUtils.java:logGet(46)) - raft.server.log.segment.size.max = 1048576 (custom)
2023-08-31 10:24:47,492 [48880804-25a4-4bd1-b25e-a62c627e68dd-groupManagement] INFO  server.RaftServerConfigKeys (ConfUtils.java:logGet(46)) - raft.server.log.segment.cache.num.max = 2 (custom)
2023-08-31 10:24:47,492 [EventQueue-PipelineReportForPipelineReportHandler] INFO  pipeline.PipelineReportHandler (PipelineReportHandler.java:processPipelineReport(136)) - Opened pipeline PipelineID=9c1ce057-ec12-4c4b-b863-8b4bd068acc0
2023-08-31 10:24:47,492 [48880804-25a4-4bd1-b25e-a62c627e68dd-groupManagement] INFO  server.RaftServerConfigKeys (ConfUtils.java:logGet(46)) - raft.server.log.segment.cache.size.max = 200MB (=209715200) (default)
2023-08-31 10:24:47,492 [48880804-25a4-4bd1-b25e-a62c627e68dd-groupManagement] INFO  server.RaftServerConfigKeys (ConfUtils.java:logGet(46)) - raft.server.log.appender.buffer.byte-limit = 33554432 (custom)
2023-08-31 10:24:47,492 [48880804-25a4-4bd1-b25e-a62c627e68dd-groupManagement] INFO  segmented.SegmentedRaftLogWorker (SegmentedRaftLogWorker.java:<init>(188)) - new 48880804-25a4-4bd1-b25e-a62c627e68dd@group-8B4BD068ACC0-SegmentedRaftLogWorker for RaftStorageImpl:Storage Directory /home/runner/work/ozone/ozone/hadoop-ozone/integration-test/target/test-dir/MiniOzoneClusterImpl-3562ddc4-ebd0-49e0-a6e7-0f6459768660/datanode-0/data/ratis/9c1ce057-ec12-4c4b-b863-8b4bd068acc0
2023-08-31 10:24:47,492 [48880804-25a4-4bd1-b25e-a62c627e68dd-groupManagement] INFO  server.RaftServerConfigKeys (ConfUtils.java:logGet(46)) - raft.server.log.queue.byte-limit = 4294967296 (custom)
2023-08-31 10:24:47,492 [48880804-25a4-4bd1-b25e-a62c627e68dd-groupManagement] INFO  server.RaftServerConfigKeys (ConfUtils.java:logGet(46)) - raft.server.log.queue.element-limit = 1024 (custom)
2023-08-31 10:24:47,492 [48880804-25a4-4bd1-b25e-a62c627e68dd-groupManagement] INFO  server.RaftServerConfigKeys (ConfUtils.java:logGet(46)) - raft.server.log.segment.size.max = 1048576 (custom)
2023-08-31 10:24:47,492 [48880804-25a4-4bd1-b25e-a62c627e68dd-groupManagement] INFO  server.RaftServerConfigKeys (ConfUtils.java:logGet(46)) - raft.server.log.preallocated.size = 16384 (custom)
2023-08-31 10:24:47,493 [48880804-25a4-4bd1-b25e-a62c627e68dd-groupManagement] INFO  server.RaftServerConfigKeys (ConfUtils.java:logGet(46)) - raft.server.log.force.sync.num = 128 (default)
2023-08-31 10:24:47,493 [48880804-25a4-4bd1-b25e-a62c627e68dd-groupManagement] INFO  server.RaftServerConfigKeys (ConfUtils.java:logGet(46)) - raft.server.log.statemachine.data.sync = true (default)
2023-08-31 10:24:47,493 [48880804-25a4-4bd1-b25e-a62c627e68dd-groupManagement] INFO  server.RaftServerConfigKeys (ConfUtils.java:logGet(46)) - raft.server.log.statemachine.data.sync.timeout = 10s (default)
2023-08-31 10:24:47,493 [48880804-25a4-4bd1-b25e-a62c627e68dd-groupManagement] INFO  server.RaftServerConfigKeys (ConfUtils.java:logGet(46)) - raft.server.log.statemachine.data.sync.timeout.retry = -1 (default)
2023-08-31 10:24:47,493 [48880804-25a4-4bd1-b25e-a62c627e68dd-groupManagement] INFO  server.RaftServerConfigKeys (ConfUtils.java:logGet(46)) - raft.server.log.write.buffer.size = 1048576 (custom)
2023-08-31 10:24:47,494 [48880804-25a4-4bd1-b25e-a62c627e68dd-groupManagement] INFO  server.RaftServerConfigKeys (ConfUtils.java:logGet(46)) - raft.server.log.appender.buffer.byte-limit = 33554432 (custom)
2023-08-31 10:24:47,497 [48880804-25a4-4bd1-b25e-a62c627e68dd-groupManagement] INFO  server.RaftServerConfigKeys (ConfUtils.java:logGet(46)) - raft.server.log.unsafe-flush.enabled = false (default)
2023-08-31 10:24:47,498 [EventQueue-OpenPipelineForHealthyPipelineSafeModeRule] INFO  safemode.SCMSafeModeManager (HealthyPipelineSafeModeRule.java:process(137)) - SCM in safe mode. Healthy pipelines reported count is 0, required healthy pipeline reported count is 1
2023-08-31 10:24:47,498 [48880804-25a4-4bd1-b25e-a62c627e68dd-groupManagement] INFO  server.RaftServerConfigKeys (ConfUtils.java:logGet(46)) - raft.server.log.async-flush.enabled = false (default)
2023-08-31 10:24:47,498 [48880804-25a4-4bd1-b25e-a62c627e68dd-groupManagement] INFO  server.RaftServerConfigKeys (ConfUtils.java:logGet(46)) - raft.server.log.statemachine.data.caching.enabled = true (custom)
2023-08-31 10:24:47,498 [48880804-25a4-4bd1-b25e-a62c627e68dd-groupManagement] INFO  segmented.SegmentedRaftLogWorker (SegmentedRaftLogWorker.java:lambda$new$0(135)) - 48880804-25a4-4bd1-b25e-a62c627e68dd@group-8B4BD068ACC0-SegmentedRaftLogWorker: flushIndex: setUnconditionally 0 -> -1
2023-08-31 10:24:47,498 [48880804-25a4-4bd1-b25e-a62c627e68dd-groupManagement] INFO  segmented.SegmentedRaftLogWorker (SegmentedRaftLogWorker.java:lambda$new$0(135)) - 48880804-25a4-4bd1-b25e-a62c627e68dd@group-8B4BD068ACC0-SegmentedRaftLogWorker: safeCacheEvictIndex: setUnconditionally 0 -> -1
2023-08-31 10:24:47,498 [48880804-25a4-4bd1-b25e-a62c627e68dd-groupManagement] INFO  server.RaftServer$Division (RaftServerImpl.java:start(342)) - 48880804-25a4-4bd1-b25e-a62c627e68dd@group-8B4BD068ACC0: start as a follower, conf=-1: peers:[48880804-25a4-4bd1-b25e-a62c627e68dd|rpc:10.1.0.16:15067|admin:10.1.0.16:15066|client:10.1.0.16:15065|dataStream:10.1.0.16:15068|priority:1|startupRole:FOLLOWER]|listeners:[], old=null
2023-08-31 10:24:47,498 [48880804-25a4-4bd1-b25e-a62c627e68dd-groupManagement] INFO  server.RaftServer$Division (RaftServerImpl.java:setRole(329)) - 48880804-25a4-4bd1-b25e-a62c627e68dd@group-8B4BD068ACC0: changes role from      null to FOLLOWER at term 0 for startAsFollower
2023-08-31 10:24:47,498 [48880804-25a4-4bd1-b25e-a62c627e68dd-groupManagement] INFO  impl.RoleInfo (RoleInfo.java:updateAndGet(139)) - 48880804-25a4-4bd1-b25e-a62c627e68dd: start 48880804-25a4-4bd1-b25e-a62c627e68dd@group-8B4BD068ACC0-FollowerState
2023-08-31 10:24:47,503 [48880804-25a4-4bd1-b25e-a62c627e68dd-groupManagement] INFO  util.JmxRegister (JmxRegister.java:tryRegister(44)) - Successfully registered JMX Bean with object name Ratis:service=RaftServer,group=group-8B4BD068ACC0,id=48880804-25a4-4bd1-b25e-a62c627e68dd
2023-08-31 10:24:47,503 [48880804-25a4-4bd1-b25e-a62c627e68dd-groupManagement] INFO  server.RaftServerConfigKeys (ConfUtils.java:logGet(46)) - raft.server.snapshot.auto.trigger.enabled = true (custom)
2023-08-31 10:24:47,503 [48880804-25a4-4bd1-b25e-a62c627e68dd@group-8B4BD068ACC0-FollowerState] INFO  server.RaftServerConfigKeys (ConfUtils.java:logFallback(53)) - raft.server.rpc.first-election.timeout.min = 5s (fallback to raft.server.rpc.timeout.min)
2023-08-31 10:24:47,503 [48880804-25a4-4bd1-b25e-a62c627e68dd-groupManagement] INFO  server.RaftServerConfigKeys (ConfUtils.java:logGet(46)) - raft.server.snapshot.auto.trigger.threshold = 10000 (custom)
2023-08-31 10:24:47,504 [48880804-25a4-4bd1-b25e-a62c627e68dd@group-8B4BD068ACC0-FollowerState] INFO  server.RaftServerConfigKeys (ConfUtils.java:logFallback(53)) - raft.server.rpc.first-election.timeout.max = 5200ms (fallback to raft.server.rpc.timeout.max)
2023-08-31 10:24:47,504 [48880804-25a4-4bd1-b25e-a62c627e68dd-groupManagement] INFO  server.RaftServerConfigKeys (ConfUtils.java:logGet(46)) - raft.server.snapshot.retention.file.num = 5 (custom)
2023-08-31 10:24:47,504 [48880804-25a4-4bd1-b25e-a62c627e68dd-groupManagement] INFO  server.RaftServerConfigKeys (ConfUtils.java:logGet(46)) - raft.server.log.purge.upto.snapshot.index = false (default)
2023-08-31 10:24:47,504 [PipelineCommandHandlerThread-0] INFO  ratis.XceiverServerRatis (XceiverServerRatis.java:addGroup(804)) - Created group PipelineID=9c1ce057-ec12-4c4b-b863-8b4bd068acc0
2023-08-31 10:24:47,504 [PipelineCommandHandlerThread-0] INFO  commandhandler.CreatePipelineCommandHandler (CreatePipelineCommandHandler.java:lambda$handle$2(124)) - Created Pipeline RATIS ONE PipelineID=9c1ce057-ec12-4c4b-b863-8b4bd068acc0.
2023-08-31 10:24:47,504 [PipelineCommandHandlerThread-0] INFO  server.RaftServer (RaftServerProxy.java:addNew(98)) - 48880804-25a4-4bd1-b25e-a62c627e68dd: addNew group-68314965FA9F:[cdef5c6f-8bd8-48a8-8760-99c7043342d4|rpc:10.1.0.16:15076|admin:10.1.0.16:15075|client:10.1.0.16:15074|dataStream:10.1.0.16:15077|priority:1|startupRole:FOLLOWER, f7581748-7872-49ff-9c70-19e178dd57a8|rpc:10.1.0.16:15085|admin:10.1.0.16:15084|client:10.1.0.16:15083|dataStream:10.1.0.16:15086|priority:0|startupRole:FOLLOWER, 48880804-25a4-4bd1-b25e-a62c627e68dd|rpc:10.1.0.16:15067|admin:10.1.0.16:15066|client:10.1.0.16:15065|dataStream:10.1.0.16:15068|priority:0|startupRole:FOLLOWER] returns group-68314965FA9F:java.util.concurrent.CompletableFuture@1b194d8c[Not completed]
2023-08-31 10:24:47,505 [48880804-25a4-4bd1-b25e-a62c627e68dd-groupManagement] INFO  server.RaftServer$Division (RaftServerImpl.java:<init>(198)) - 48880804-25a4-4bd1-b25e-a62c627e68dd: new RaftServerImpl for group-68314965FA9F:[cdef5c6f-8bd8-48a8-8760-99c7043342d4|rpc:10.1.0.16:15076|admin:10.1.0.16:15075|client:10.1.0.16:15074|dataStream:10.1.0.16:15077|priority:1|startupRole:FOLLOWER, f7581748-7872-49ff-9c70-19e178dd57a8|rpc:10.1.0.16:15085|admin:10.1.0.16:15084|client:10.1.0.16:15083|dataStream:10.1.0.16:15086|priority:0|startupRole:FOLLOWER, 48880804-25a4-4bd1-b25e-a62c627e68dd|rpc:10.1.0.16:15067|admin:10.1.0.16:15066|client:10.1.0.16:15065|dataStream:10.1.0.16:15068|priority:0|startupRole:FOLLOWER] with ContainerStateMachine:uninitialized
2023-08-31 10:24:47,505 [48880804-25a4-4bd1-b25e-a62c627e68dd-groupManagement] INFO  server.RaftServerConfigKeys (ConfUtils.java:logGet(46)) - raft.server.rpc.timeout.min = 5s (custom)
2023-08-31 10:24:47,505 [48880804-25a4-4bd1-b25e-a62c627e68dd-groupManagement] INFO  server.RaftServerConfigKeys (ConfUtils.java:logGet(46)) - raft.server.rpc.timeout.max = 5200ms (custom)
2023-08-31 10:24:47,505 [48880804-25a4-4bd1-b25e-a62c627e68dd-groupManagement] INFO  server.RaftServerConfigKeys (ConfUtils.java:logGet(46)) - raft.server.rpc.sleep.time = 25ms (default)
2023-08-31 10:24:47,505 [48880804-25a4-4bd1-b25e-a62c627e68dd-groupManagement] INFO  server.RaftServerConfigKeys (ConfUtils.java:logGet(46)) - raft.server.rpc.slowness.timeout = 300000ms (custom)
2023-08-31 10:24:47,506 [48880804-25a4-4bd1-b25e-a62c627e68dd-groupManagement] INFO  server.RaftServerConfigKeys (ConfUtils.java:logGet(46)) - raft.server.leaderelection.leader.step-down.wait-time = 10s (default)
2023-08-31 10:24:47,506 [48880804-25a4-4bd1-b25e-a62c627e68dd-groupManagement] INFO  server.RaftServerConfigKeys (ConfUtils.java:logGet(46)) - raft.server.sleep.deviation.threshold = 300ms (default)
2023-08-31 10:24:47,506 [48880804-25a4-4bd1-b25e-a62c627e68dd-groupManagement] INFO  server.RaftServer$Division (ServerState.java:<init>(120)) - 48880804-25a4-4bd1-b25e-a62c627e68dd@group-68314965FA9F: ConfigurationManager, init=-1: peers:[cdef5c6f-8bd8-48a8-8760-99c7043342d4|rpc:10.1.0.16:15076|admin:10.1.0.16:15075|client:10.1.0.16:15074|dataStream:10.1.0.16:15077|priority:1|startupRole:FOLLOWER, f7581748-7872-49ff-9c70-19e178dd57a8|rpc:10.1.0.16:15085|admin:10.1.0.16:15084|client:10.1.0.16:15083|dataStream:10.1.0.16:15086|priority:0|startupRole:FOLLOWER, 48880804-25a4-4bd1-b25e-a62c627e68dd|rpc:10.1.0.16:15067|admin:10.1.0.16:15066|client:10.1.0.16:15065|dataStream:10.1.0.16:15068|priority:0|startupRole:FOLLOWER]|listeners:[], old=null, confs=<EMPTY_MAP>
2023-08-31 10:24:47,506 [48880804-25a4-4bd1-b25e-a62c627e68dd-groupManagement] INFO  server.RaftServerConfigKeys (ConfUtils.java:logGet(46)) - raft.server.storage.dir = [/home/runner/work/ozone/ozone/hadoop-ozone/integration-test/target/test-dir/MiniOzoneClusterImpl-3562ddc4-ebd0-49e0-a6e7-0f6459768660/datanode-0/data/ratis] (custom)
2023-08-31 10:24:47,506 [48880804-25a4-4bd1-b25e-a62c627e68dd-groupManagement] INFO  server.RaftServerConfigKeys (ConfUtils.java:logGet(46)) - raft.server.log.corruption.policy = EXCEPTION (default)
2023-08-31 10:24:47,506 [48880804-25a4-4bd1-b25e-a62c627e68dd-groupManagement] INFO  server.RaftServerConfigKeys (ConfUtils.java:logGet(46)) - raft.server.storage.free-space.min = 0MB (=0) (default)
2023-08-31 10:24:47,506 [48880804-25a4-4bd1-b25e-a62c627e68dd-groupManagement] INFO  server.RaftServerConfigKeys (ConfUtils.java:logGet(46)) - raft.server.notification.no-leader.timeout = 300000ms (custom)
2023-08-31 10:24:47,506 [48880804-25a4-4bd1-b25e-a62c627e68dd-groupManagement] INFO  server.RaftServerConfigKeys (ConfUtils.java:logGet(46)) - raft.server.read.timeout = 10s (default)
2023-08-31 10:24:47,506 [48880804-25a4-4bd1-b25e-a62c627e68dd-groupManagement] INFO  server.RaftServerConfigKeys (ConfUtils.java:logGet(46)) - raft.server.retrycache.expirytime = 600000ms (custom)
2023-08-31 10:24:47,506 [48880804-25a4-4bd1-b25e-a62c627e68dd-groupManagement] INFO  server.RaftServerConfigKeys (ConfUtils.java:logGet(46)) - raft.server.retrycache.statistics.expirytime = 100μs (default)
2023-08-31 10:24:47,506 [48880804-25a4-4bd1-b25e-a62c627e68dd-groupManagement] INFO  server.RaftServerConfigKeys (ConfUtils.java:logGet(46)) - raft.server.read.option = DEFAULT (default)
2023-08-31 10:24:47,507 [48880804-25a4-4bd1-b25e-a62c627e68dd-groupManagement] INFO  server.RaftServerConfigKeys (ConfUtils.java:logGet(46)) - raft.server.rpc.request.timeout = 3000ms (default)
2023-08-31 10:24:47,507 [48880804-25a4-4bd1-b25e-a62c627e68dd-groupManagement] INFO  server.RaftServerConfigKeys (ConfUtils.java:logGet(46)) - raft.server.log.appender.install.snapshot.enabled = false (custom)
2023-08-31 10:24:47,507 [48880804-25a4-4bd1-b25e-a62c627e68dd-groupManagement] INFO  server.RaftServerConfigKeys (ConfUtils.java:logGet(46)) - raft.server.threadpool.server.cached = true (default)
2023-08-31 10:24:47,507 [48880804-25a4-4bd1-b25e-a62c627e68dd-groupManagement] INFO  server.RaftServerConfigKeys (ConfUtils.java:logGet(46)) - raft.server.threadpool.server.size = 0 (default)
2023-08-31 10:24:47,507 [48880804-25a4-4bd1-b25e-a62c627e68dd-groupManagement] INFO  server.RaftServerConfigKeys (ConfUtils.java:logGet(46)) - raft.server.threadpool.client.cached = true (default)
2023-08-31 10:24:47,507 [48880804-25a4-4bd1-b25e-a62c627e68dd-groupManagement] INFO  server.RaftServerConfigKeys (ConfUtils.java:logGet(46)) - raft.server.threadpool.client.size = 0 (default)
2023-08-31 10:24:47,507 [48880804-25a4-4bd1-b25e-a62c627e68dd-groupManagement] INFO  storage.RaftStorageDirectory (RaftStorageDirectoryImpl.java:analyzeStorage(137)) - The storage directory /home/runner/work/ozone/ozone/hadoop-ozone/integration-test/target/test-dir/MiniOzoneClusterImpl-3562ddc4-ebd0-49e0-a6e7-0f6459768660/datanode-0/data/ratis/a910f1b8-cda3-4f66-a2fd-68314965fa9f does not exist. Creating ...
2023-08-31 10:24:47,508 [48880804-25a4-4bd1-b25e-a62c627e68dd-groupManagement] INFO  storage.RaftStorageDirectory (RaftStorageDirectoryImpl.java:tryLock(231)) - Lock on /home/runner/work/ozone/ozone/hadoop-ozone/integration-test/target/test-dir/MiniOzoneClusterImpl-3562ddc4-ebd0-49e0-a6e7-0f6459768660/datanode-0/data/ratis/a910f1b8-cda3-4f66-a2fd-68314965fa9f/in_use.lock acquired by nodename 34453@fv-az304-998
2023-08-31 10:24:47,509 [48880804-25a4-4bd1-b25e-a62c627e68dd-groupManagement] INFO  storage.RaftStorage (RaftStorageImpl.java:format(96)) - Storage directory /home/runner/work/ozone/ozone/hadoop-ozone/integration-test/target/test-dir/MiniOzoneClusterImpl-3562ddc4-ebd0-49e0-a6e7-0f6459768660/datanode-0/data/ratis/a910f1b8-cda3-4f66-a2fd-68314965fa9f has been successfully formatted.
2023-08-31 10:24:47,509 [48880804-25a4-4bd1-b25e-a62c627e68dd-groupManagement] INFO  ratis.ContainerStateMachine (ContainerStateMachine.java:loadSnapshot(262)) - group-68314965FA9F: The snapshot info is null. Setting the last applied indexto:(t:0, i:~)
2023-08-31 10:24:47,509 [48880804-25a4-4bd1-b25e-a62c627e68dd-groupManagement] INFO  server.RaftServerConfigKeys (ConfUtils.java:logGet(46)) - raft.server.log.use.memory = false (default)
2023-08-31 10:24:47,509 [48880804-25a4-4bd1-b25e-a62c627e68dd-groupManagement] INFO  server.RaftServerConfigKeys (ConfUtils.java:logGet(46)) - raft.server.log.purge.gap = 1000000 (custom)
2023-08-31 10:24:47,509 [48880804-25a4-4bd1-b25e-a62c627e68dd-groupManagement] INFO  server.RaftServerConfigKeys (ConfUtils.java:logGet(46)) - raft.server.log.appender.buffer.byte-limit = 33554432 (custom)
2023-08-31 10:24:47,509 [48880804-25a4-4bd1-b25e-a62c627e68dd-groupManagement] INFO  server.RaftServerConfigKeys (ConfUtils.java:logGet(46)) - raft.server.log.statemachine.data.read.timeout = 1000ms (default)
2023-08-31 10:24:47,509 [48880804-25a4-4bd1-b25e-a62c627e68dd-groupManagement] INFO  server.RaftServerConfigKeys (ConfUtils.java:logGet(46)) - raft.server.log.purge.preservation.log.num = 0 (default)
2023-08-31 10:24:47,510 [48880804-25a4-4bd1-b25e-a62c627e68dd-groupManagement] INFO  server.RaftServerConfigKeys (ConfUtils.java:logGet(46)) - raft.server.log.segment.size.max = 1048576 (custom)
2023-08-31 10:24:47,510 [48880804-25a4-4bd1-b25e-a62c627e68dd-groupManagement] INFO  server.RaftServerConfigKeys (ConfUtils.java:logGet(46)) - raft.server.log.segment.cache.num.max = 2 (custom)
2023-08-31 10:24:47,510 [48880804-25a4-4bd1-b25e-a62c627e68dd-groupManagement] INFO  server.RaftServerConfigKeys (ConfUtils.java:logGet(46)) - raft.server.log.segment.cache.size.max = 200MB (=209715200) (default)
2023-08-31 10:24:47,510 [48880804-25a4-4bd1-b25e-a62c627e68dd-groupManagement] INFO  server.RaftServerConfigKeys (ConfUtils.java:logGet(46)) - raft.server.log.appender.buffer.byte-limit = 33554432 (custom)
2023-08-31 10:24:47,510 [48880804-25a4-4bd1-b25e-a62c627e68dd-groupManagement] INFO  segmented.SegmentedRaftLogWorker (SegmentedRaftLogWorker.java:<init>(188)) - new 48880804-25a4-4bd1-b25e-a62c627e68dd@group-68314965FA9F-SegmentedRaftLogWorker for RaftStorageImpl:Storage Directory /home/runner/work/ozone/ozone/hadoop-ozone/integration-test/target/test-dir/MiniOzoneClusterImpl-3562ddc4-ebd0-49e0-a6e7-0f6459768660/datanode-0/data/ratis/a910f1b8-cda3-4f66-a2fd-68314965fa9f
2023-08-31 10:24:47,510 [48880804-25a4-4bd1-b25e-a62c627e68dd-groupManagement] INFO  server.RaftServerConfigKeys (ConfUtils.java:logGet(46)) - raft.server.log.queue.byte-limit = 4294967296 (custom)
2023-08-31 10:24:47,510 [48880804-25a4-4bd1-b25e-a62c627e68dd-groupManagement] INFO  server.RaftServerConfigKeys (ConfUtils.java:logGet(46)) - raft.server.log.queue.element-limit = 1024 (custom)
2023-08-31 10:24:47,510 [48880804-25a4-4bd1-b25e-a62c627e68dd-groupManagement] INFO  server.RaftServerConfigKeys (ConfUtils.java:logGet(46)) - raft.server.log.segment.size.max = 1048576 (custom)
2023-08-31 10:24:47,510 [48880804-25a4-4bd1-b25e-a62c627e68dd-groupManagement] INFO  server.RaftServerConfigKeys (ConfUtils.java:logGet(46)) - raft.server.log.preallocated.size = 16384 (custom)
2023-08-31 10:24:47,510 [48880804-25a4-4bd1-b25e-a62c627e68dd-groupManagement] INFO  server.RaftServerConfigKeys (ConfUtils.java:logGet(46)) - raft.server.log.force.sync.num = 128 (default)
2023-08-31 10:24:47,510 [48880804-25a4-4bd1-b25e-a62c627e68dd-groupManagement] INFO  server.RaftServerConfigKeys (ConfUtils.java:logGet(46)) - raft.server.log.statemachine.data.sync = true (default)
2023-08-31 10:24:47,510 [48880804-25a4-4bd1-b25e-a62c627e68dd-groupManagement] INFO  server.RaftServerConfigKeys (ConfUtils.java:logGet(46)) - raft.server.log.statemachine.data.sync.timeout = 10s (default)
2023-08-31 10:24:47,510 [48880804-25a4-4bd1-b25e-a62c627e68dd-groupManagement] INFO  server.RaftServerConfigKeys (ConfUtils.java:logGet(46)) - raft.server.log.statemachine.data.sync.timeout.retry = -1 (default)
2023-08-31 10:24:47,511 [EventQueue-OpenPipelineForHealthyPipelineSafeModeRule] INFO  safemode.SCMSafeModeManager (HealthyPipelineSafeModeRule.java:process(137)) - SCM in safe mode. Healthy pipelines reported count is 0, required healthy pipeline reported count is 1
2023-08-31 10:24:47,511 [48880804-25a4-4bd1-b25e-a62c627e68dd-groupManagement] INFO  server.RaftServerConfigKeys (ConfUtils.java:logGet(46)) - raft.server.log.write.buffer.size = 1048576 (custom)
2023-08-31 10:24:47,512 [48880804-25a4-4bd1-b25e-a62c627e68dd-groupManagement] INFO  server.RaftServerConfigKeys (ConfUtils.java:logGet(46)) - raft.server.log.appender.buffer.byte-limit = 33554432 (custom)
2023-08-31 10:24:47,518 [48880804-25a4-4bd1-b25e-a62c627e68dd-groupManagement] INFO  server.RaftServerConfigKeys (ConfUtils.java:logGet(46)) - raft.server.log.unsafe-flush.enabled = false (default)
2023-08-31 10:24:47,518 [48880804-25a4-4bd1-b25e-a62c627e68dd-groupManagement] INFO  server.RaftServerConfigKeys (ConfUtils.java:logGet(46)) - raft.server.log.async-flush.enabled = false (default)
2023-08-31 10:24:47,519 [48880804-25a4-4bd1-b25e-a62c627e68dd-groupManagement] INFO  server.RaftServerConfigKeys (ConfUtils.java:logGet(46)) - raft.server.log.statemachine.data.caching.enabled = true (custom)
2023-08-31 10:24:47,519 [48880804-25a4-4bd1-b25e-a62c627e68dd-groupManagement] INFO  segmented.SegmentedRaftLogWorker (SegmentedRaftLogWorker.java:lambda$new$0(135)) - 48880804-25a4-4bd1-b25e-a62c627e68dd@group-68314965FA9F-SegmentedRaftLogWorker: flushIndex: setUnconditionally 0 -> -1
2023-08-31 10:24:47,519 [48880804-25a4-4bd1-b25e-a62c627e68dd-groupManagement] INFO  segmented.SegmentedRaftLogWorker (SegmentedRaftLogWorker.java:lambda$new$0(135)) - 48880804-25a4-4bd1-b25e-a62c627e68dd@group-68314965FA9F-SegmentedRaftLogWorker: safeCacheEvictIndex: setUnconditionally 0 -> -1
2023-08-31 10:24:47,519 [48880804-25a4-4bd1-b25e-a62c627e68dd-groupManagement] INFO  server.RaftServer$Division (RaftServerImpl.java:start(342)) - 48880804-25a4-4bd1-b25e-a62c627e68dd@group-68314965FA9F: start as a follower, conf=-1: peers:[cdef5c6f-8bd8-48a8-8760-99c7043342d4|rpc:10.1.0.16:15076|admin:10.1.0.16:15075|client:10.1.0.16:15074|dataStream:10.1.0.16:15077|priority:1|startupRole:FOLLOWER, f7581748-7872-49ff-9c70-19e178dd57a8|rpc:10.1.0.16:15085|admin:10.1.0.16:15084|client:10.1.0.16:15083|dataStream:10.1.0.16:15086|priority:0|startupRole:FOLLOWER, 48880804-25a4-4bd1-b25e-a62c627e68dd|rpc:10.1.0.16:15067|admin:10.1.0.16:15066|client:10.1.0.16:15065|dataStream:10.1.0.16:15068|priority:0|startupRole:FOLLOWER]|listeners:[], old=null
2023-08-31 10:24:47,519 [48880804-25a4-4bd1-b25e-a62c627e68dd-groupManagement] INFO  server.RaftServer$Division (RaftServerImpl.java:setRole(329)) - 48880804-25a4-4bd1-b25e-a62c627e68dd@group-68314965FA9F: changes role from      null to FOLLOWER at term 0 for startAsFollower
2023-08-31 10:24:47,519 [48880804-25a4-4bd1-b25e-a62c627e68dd-groupManagement] INFO  impl.RoleInfo (RoleInfo.java:updateAndGet(139)) - 48880804-25a4-4bd1-b25e-a62c627e68dd: start 48880804-25a4-4bd1-b25e-a62c627e68dd@group-68314965FA9F-FollowerState
2023-08-31 10:24:47,524 [48880804-25a4-4bd1-b25e-a62c627e68dd-groupManagement] INFO  util.JmxRegister (JmxRegister.java:tryRegister(44)) - Successfully registered JMX Bean with object name Ratis:service=RaftServer,group=group-68314965FA9F,id=48880804-25a4-4bd1-b25e-a62c627e68dd
2023-08-31 10:24:47,524 [48880804-25a4-4bd1-b25e-a62c627e68dd-groupManagement] INFO  server.RaftServerConfigKeys (ConfUtils.java:logGet(46)) - raft.server.snapshot.auto.trigger.enabled = true (custom)
2023-08-31 10:24:47,524 [48880804-25a4-4bd1-b25e-a62c627e68dd-groupManagement] INFO  server.RaftServerConfigKeys (ConfUtils.java:logGet(46)) - raft.server.snapshot.auto.trigger.threshold = 10000 (custom)
2023-08-31 10:24:47,524 [48880804-25a4-4bd1-b25e-a62c627e68dd-groupManagement] INFO  server.RaftServerConfigKeys (ConfUtils.java:logGet(46)) - raft.server.snapshot.retention.file.num = 5 (custom)
2023-08-31 10:24:47,524 [48880804-25a4-4bd1-b25e-a62c627e68dd-groupManagement] INFO  server.RaftServerConfigKeys (ConfUtils.java:logGet(46)) - raft.server.log.purge.upto.snapshot.index = false (default)
2023-08-31 10:24:47,525 [48880804-25a4-4bd1-b25e-a62c627e68dd@group-68314965FA9F-FollowerState] INFO  server.RaftServerConfigKeys (ConfUtils.java:logFallback(53)) - raft.server.rpc.first-election.timeout.min = 5s (fallback to raft.server.rpc.timeout.min)
2023-08-31 10:24:47,525 [48880804-25a4-4bd1-b25e-a62c627e68dd@group-68314965FA9F-FollowerState] INFO  server.RaftServerConfigKeys (ConfUtils.java:logFallback(53)) - raft.server.rpc.first-election.timeout.max = 5200ms (fallback to raft.server.rpc.timeout.max)
2023-08-31 10:24:47,526 [PipelineCommandHandlerThread-0] INFO  ratis.XceiverServerRatis (XceiverServerRatis.java:addGroup(804)) - Created group PipelineID=a910f1b8-cda3-4f66-a2fd-68314965fa9f
2023-08-31 10:24:47,535 [grpc-default-executor-4] INFO  server.RaftServer (RaftServerProxy.java:addNew(98)) - cdef5c6f-8bd8-48a8-8760-99c7043342d4: addNew group-68314965FA9F:[cdef5c6f-8bd8-48a8-8760-99c7043342d4|rpc:10.1.0.16:15076|admin:10.1.0.16:15075|client:10.1.0.16:15074|dataStream:10.1.0.16:15077|priority:1|startupRole:FOLLOWER, f7581748-7872-49ff-9c70-19e178dd57a8|rpc:10.1.0.16:15085|admin:10.1.0.16:15084|client:10.1.0.16:15083|dataStream:10.1.0.16:15086|priority:0|startupRole:FOLLOWER, 48880804-25a4-4bd1-b25e-a62c627e68dd|rpc:10.1.0.16:15067|admin:10.1.0.16:15066|client:10.1.0.16:15065|dataStream:10.1.0.16:15068|priority:0|startupRole:FOLLOWER] returns group-68314965FA9F:java.util.concurrent.CompletableFuture@3ca4d066[Not completed]
2023-08-31 10:24:47,538 [cdef5c6f-8bd8-48a8-8760-99c7043342d4-groupManagement] INFO  server.RaftServer$Division (RaftServerImpl.java:<init>(198)) - cdef5c6f-8bd8-48a8-8760-99c7043342d4: new RaftServerImpl for group-68314965FA9F:[cdef5c6f-8bd8-48a8-8760-99c7043342d4|rpc:10.1.0.16:15076|admin:10.1.0.16:15075|client:10.1.0.16:15074|dataStream:10.1.0.16:15077|priority:1|startupRole:FOLLOWER, f7581748-7872-49ff-9c70-19e178dd57a8|rpc:10.1.0.16:15085|admin:10.1.0.16:15084|client:10.1.0.16:15083|dataStream:10.1.0.16:15086|priority:0|startupRole:FOLLOWER, 48880804-25a4-4bd1-b25e-a62c627e68dd|rpc:10.1.0.16:15067|admin:10.1.0.16:15066|client:10.1.0.16:15065|dataStream:10.1.0.16:15068|priority:0|startupRole:FOLLOWER] with ContainerStateMachine:uninitialized
2023-08-31 10:24:47,538 [cdef5c6f-8bd8-48a8-8760-99c7043342d4-groupManagement] INFO  server.RaftServerConfigKeys (ConfUtils.java:logGet(46)) - raft.server.rpc.timeout.min = 5s (custom)
2023-08-31 10:24:47,538 [cdef5c6f-8bd8-48a8-8760-99c7043342d4-groupManagement] INFO  server.RaftServerConfigKeys (ConfUtils.java:logGet(46)) - raft.server.rpc.timeout.max = 5200ms (custom)
2023-08-31 10:24:47,538 [cdef5c6f-8bd8-48a8-8760-99c7043342d4-groupManagement] INFO  server.RaftServerConfigKeys (ConfUtils.java:logGet(46)) - raft.server.rpc.sleep.time = 25ms (default)
2023-08-31 10:24:47,538 [cdef5c6f-8bd8-48a8-8760-99c7043342d4-groupManagement] INFO  server.RaftServerConfigKeys (ConfUtils.java:logGet(46)) - raft.server.rpc.slowness.timeout = 300000ms (custom)
2023-08-31 10:24:47,538 [cdef5c6f-8bd8-48a8-8760-99c7043342d4-groupManagement] INFO  server.RaftServerConfigKeys (ConfUtils.java:logGet(46)) - raft.server.leaderelection.leader.step-down.wait-time = 10s (default)
2023-08-31 10:24:47,538 [cdef5c6f-8bd8-48a8-8760-99c7043342d4-groupManagement] INFO  server.RaftServerConfigKeys (ConfUtils.java:logGet(46)) - raft.server.sleep.deviation.threshold = 300ms (default)
2023-08-31 10:24:47,539 [cdef5c6f-8bd8-48a8-8760-99c7043342d4-groupManagement] INFO  server.RaftServer$Division (ServerState.java:<init>(120)) - cdef5c6f-8bd8-48a8-8760-99c7043342d4@group-68314965FA9F: ConfigurationManager, init=-1: peers:[cdef5c6f-8bd8-48a8-8760-99c7043342d4|rpc:10.1.0.16:15076|admin:10.1.0.16:15075|client:10.1.0.16:15074|dataStream:10.1.0.16:15077|priority:1|startupRole:FOLLOWER, f7581748-7872-49ff-9c70-19e178dd57a8|rpc:10.1.0.16:15085|admin:10.1.0.16:15084|client:10.1.0.16:15083|dataStream:10.1.0.16:15086|priority:0|startupRole:FOLLOWER, 48880804-25a4-4bd1-b25e-a62c627e68dd|rpc:10.1.0.16:15067|admin:10.1.0.16:15066|client:10.1.0.16:15065|dataStream:10.1.0.16:15068|priority:0|startupRole:FOLLOWER]|listeners:[], old=null, confs=<EMPTY_MAP>
2023-08-31 10:24:47,539 [cdef5c6f-8bd8-48a8-8760-99c7043342d4-groupManagement] INFO  server.RaftServerConfigKeys (ConfUtils.java:logGet(46)) - raft.server.storage.dir = [/home/runner/work/ozone/ozone/hadoop-ozone/integration-test/target/test-dir/MiniOzoneClusterImpl-3562ddc4-ebd0-49e0-a6e7-0f6459768660/datanode-1/data/ratis] (custom)
2023-08-31 10:24:47,539 [cdef5c6f-8bd8-48a8-8760-99c7043342d4-groupManagement] INFO  server.RaftServerConfigKeys (ConfUtils.java:logGet(46)) - raft.server.log.corruption.policy = EXCEPTION (default)
2023-08-31 10:24:47,539 [cdef5c6f-8bd8-48a8-8760-99c7043342d4-groupManagement] INFO  server.RaftServerConfigKeys (ConfUtils.java:logGet(46)) - raft.server.storage.free-space.min = 0MB (=0) (default)
2023-08-31 10:24:47,540 [cdef5c6f-8bd8-48a8-8760-99c7043342d4-groupManagement] INFO  server.RaftServerConfigKeys (ConfUtils.java:logGet(46)) - raft.server.notification.no-leader.timeout = 300000ms (custom)
2023-08-31 10:24:47,540 [cdef5c6f-8bd8-48a8-8760-99c7043342d4-groupManagement] INFO  server.RaftServerConfigKeys (ConfUtils.java:logGet(46)) - raft.server.read.timeout = 10s (default)
2023-08-31 10:24:47,540 [cdef5c6f-8bd8-48a8-8760-99c7043342d4-groupManagement] INFO  server.RaftServerConfigKeys (ConfUtils.java:logGet(46)) - raft.server.retrycache.expirytime = 600000ms (custom)
2023-08-31 10:24:47,540 [cdef5c6f-8bd8-48a8-8760-99c7043342d4-groupManagement] INFO  server.RaftServerConfigKeys (ConfUtils.java:logGet(46)) - raft.server.retrycache.statistics.expirytime = 100μs (default)
2023-08-31 10:24:47,540 [cdef5c6f-8bd8-48a8-8760-99c7043342d4-groupManagement] INFO  server.RaftServerConfigKeys (ConfUtils.java:logGet(46)) - raft.server.read.option = DEFAULT (default)
2023-08-31 10:24:47,541 [cdef5c6f-8bd8-48a8-8760-99c7043342d4-groupManagement] INFO  server.RaftServerConfigKeys (ConfUtils.java:logGet(46)) - raft.server.rpc.request.timeout = 3000ms (default)
2023-08-31 10:24:47,541 [cdef5c6f-8bd8-48a8-8760-99c7043342d4-groupManagement] INFO  server.RaftServerConfigKeys (ConfUtils.java:logGet(46)) - raft.server.log.appender.install.snapshot.enabled = false (custom)
2023-08-31 10:24:47,541 [cdef5c6f-8bd8-48a8-8760-99c7043342d4-groupManagement] INFO  server.RaftServerConfigKeys (ConfUtils.java:logGet(46)) - raft.server.threadpool.server.cached = true (default)
2023-08-31 10:24:47,541 [cdef5c6f-8bd8-48a8-8760-99c7043342d4-groupManagement] INFO  server.RaftServerConfigKeys (ConfUtils.java:logGet(46)) - raft.server.threadpool.server.size = 0 (default)
2023-08-31 10:24:47,541 [cdef5c6f-8bd8-48a8-8760-99c7043342d4-groupManagement] INFO  server.RaftServerConfigKeys (ConfUtils.java:logGet(46)) - raft.server.threadpool.client.cached = true (default)
2023-08-31 10:24:47,541 [cdef5c6f-8bd8-48a8-8760-99c7043342d4-groupManagement] INFO  server.RaftServerConfigKeys (ConfUtils.java:logGet(46)) - raft.server.threadpool.client.size = 0 (default)
2023-08-31 10:24:47,541 [cdef5c6f-8bd8-48a8-8760-99c7043342d4-groupManagement] INFO  storage.RaftStorageDirectory (RaftStorageDirectoryImpl.java:analyzeStorage(137)) - The storage directory /home/runner/work/ozone/ozone/hadoop-ozone/integration-test/target/test-dir/MiniOzoneClusterImpl-3562ddc4-ebd0-49e0-a6e7-0f6459768660/datanode-1/data/ratis/a910f1b8-cda3-4f66-a2fd-68314965fa9f does not exist. Creating ...
2023-08-31 10:24:47,542 [cdef5c6f-8bd8-48a8-8760-99c7043342d4-groupManagement] INFO  storage.RaftStorageDirectory (RaftStorageDirectoryImpl.java:tryLock(231)) - Lock on /home/runner/work/ozone/ozone/hadoop-ozone/integration-test/target/test-dir/MiniOzoneClusterImpl-3562ddc4-ebd0-49e0-a6e7-0f6459768660/datanode-1/data/ratis/a910f1b8-cda3-4f66-a2fd-68314965fa9f/in_use.lock acquired by nodename 34453@fv-az304-998
2023-08-31 10:24:47,543 [cdef5c6f-8bd8-48a8-8760-99c7043342d4-groupManagement] INFO  storage.RaftStorage (RaftStorageImpl.java:format(96)) - Storage directory /home/runner/work/ozone/ozone/hadoop-ozone/integration-test/target/test-dir/MiniOzoneClusterImpl-3562ddc4-ebd0-49e0-a6e7-0f6459768660/datanode-1/data/ratis/a910f1b8-cda3-4f66-a2fd-68314965fa9f has been successfully formatted.
2023-08-31 10:24:47,544 [cdef5c6f-8bd8-48a8-8760-99c7043342d4-groupManagement] INFO  ratis.ContainerStateMachine (ContainerStateMachine.java:loadSnapshot(262)) - group-68314965FA9F: The snapshot info is null. Setting the last applied indexto:(t:0, i:~)
2023-08-31 10:24:47,544 [cdef5c6f-8bd8-48a8-8760-99c7043342d4-groupManagement] INFO  server.RaftServerConfigKeys (ConfUtils.java:logGet(46)) - raft.server.log.use.memory = false (default)
2023-08-31 10:24:47,544 [cdef5c6f-8bd8-48a8-8760-99c7043342d4-groupManagement] INFO  server.RaftServerConfigKeys (ConfUtils.java:logGet(46)) - raft.server.log.purge.gap = 1000000 (custom)
2023-08-31 10:24:47,544 [cdef5c6f-8bd8-48a8-8760-99c7043342d4-groupManagement] INFO  server.RaftServerConfigKeys (ConfUtils.java:logGet(46)) - raft.server.log.appender.buffer.byte-limit = 33554432 (custom)
2023-08-31 10:24:47,544 [cdef5c6f-8bd8-48a8-8760-99c7043342d4-groupManagement] INFO  server.RaftServerConfigKeys (ConfUtils.java:logGet(46)) - raft.server.log.statemachine.data.read.timeout = 1000ms (default)
2023-08-31 10:24:47,544 [cdef5c6f-8bd8-48a8-8760-99c7043342d4-groupManagement] INFO  server.RaftServerConfigKeys (ConfUtils.java:logGet(46)) - raft.server.log.purge.preservation.log.num = 0 (default)
2023-08-31 10:24:47,544 [cdef5c6f-8bd8-48a8-8760-99c7043342d4-groupManagement] INFO  server.RaftServerConfigKeys (ConfUtils.java:logGet(46)) - raft.server.log.segment.size.max = 1048576 (custom)
2023-08-31 10:24:47,545 [cdef5c6f-8bd8-48a8-8760-99c7043342d4-groupManagement] INFO  server.RaftServerConfigKeys (ConfUtils.java:logGet(46)) - raft.server.log.segment.cache.num.max = 2 (custom)
2023-08-31 10:24:47,545 [cdef5c6f-8bd8-48a8-8760-99c7043342d4-groupManagement] INFO  server.RaftServerConfigKeys (ConfUtils.java:logGet(46)) - raft.server.log.segment.cache.size.max = 200MB (=209715200) (default)
2023-08-31 10:24:47,545 [cdef5c6f-8bd8-48a8-8760-99c7043342d4-groupManagement] INFO  server.RaftServerConfigKeys (ConfUtils.java:logGet(46)) - raft.server.log.appender.buffer.byte-limit = 33554432 (custom)
2023-08-31 10:24:47,545 [cdef5c6f-8bd8-48a8-8760-99c7043342d4-groupManagement] INFO  segmented.SegmentedRaftLogWorker (SegmentedRaftLogWorker.java:<init>(188)) - new cdef5c6f-8bd8-48a8-8760-99c7043342d4@group-68314965FA9F-SegmentedRaftLogWorker for RaftStorageImpl:Storage Directory /home/runner/work/ozone/ozone/hadoop-ozone/integration-test/target/test-dir/MiniOzoneClusterImpl-3562ddc4-ebd0-49e0-a6e7-0f6459768660/datanode-1/data/ratis/a910f1b8-cda3-4f66-a2fd-68314965fa9f
2023-08-31 10:24:47,545 [cdef5c6f-8bd8-48a8-8760-99c7043342d4-groupManagement] INFO  server.RaftServerConfigKeys (ConfUtils.java:logGet(46)) - raft.server.log.queue.byte-limit = 4294967296 (custom)
2023-08-31 10:24:47,547 [cdef5c6f-8bd8-48a8-8760-99c7043342d4-groupManagement] INFO  server.RaftServerConfigKeys (ConfUtils.java:logGet(46)) - raft.server.log.queue.element-limit = 1024 (custom)
2023-08-31 10:24:47,547 [cdef5c6f-8bd8-48a8-8760-99c7043342d4-groupManagement] INFO  server.RaftServerConfigKeys (ConfUtils.java:logGet(46)) - raft.server.log.segment.size.max = 1048576 (custom)
2023-08-31 10:24:47,549 [cdef5c6f-8bd8-48a8-8760-99c7043342d4-groupManagement] INFO  server.RaftServerConfigKeys (ConfUtils.java:logGet(46)) - raft.server.log.preallocated.size = 16384 (custom)
2023-08-31 10:24:47,549 [cdef5c6f-8bd8-48a8-8760-99c7043342d4-groupManagement] INFO  server.RaftServerConfigKeys (ConfUtils.java:logGet(46)) - raft.server.log.force.sync.num = 128 (default)
2023-08-31 10:24:47,549 [cdef5c6f-8bd8-48a8-8760-99c7043342d4-groupManagement] INFO  server.RaftServerConfigKeys (ConfUtils.java:logGet(46)) - raft.server.log.statemachine.data.sync = true (default)
2023-08-31 10:24:47,550 [cdef5c6f-8bd8-48a8-8760-99c7043342d4-groupManagement] INFO  server.RaftServerConfigKeys (ConfUtils.java:logGet(46)) - raft.server.log.statemachine.data.sync.timeout = 10s (default)
2023-08-31 10:24:47,550 [cdef5c6f-8bd8-48a8-8760-99c7043342d4-groupManagement] INFO  server.RaftServerConfigKeys (ConfUtils.java:logGet(46)) - raft.server.log.statemachine.data.sync.timeout.retry = -1 (default)
2023-08-31 10:24:47,550 [cdef5c6f-8bd8-48a8-8760-99c7043342d4-groupManagement] INFO  server.RaftServerConfigKeys (ConfUtils.java:logGet(46)) - raft.server.log.write.buffer.size = 1048576 (custom)
2023-08-31 10:24:47,551 [cdef5c6f-8bd8-48a8-8760-99c7043342d4-groupManagement] INFO  server.RaftServerConfigKeys (ConfUtils.java:logGet(46)) - raft.server.log.appender.buffer.byte-limit = 33554432 (custom)
2023-08-31 10:24:47,559 [cdef5c6f-8bd8-48a8-8760-99c7043342d4-groupManagement] INFO  server.RaftServerConfigKeys (ConfUtils.java:logGet(46)) - raft.server.log.unsafe-flush.enabled = false (default)
2023-08-31 10:24:47,559 [cdef5c6f-8bd8-48a8-8760-99c7043342d4-groupManagement] INFO  server.RaftServerConfigKeys (ConfUtils.java:logGet(46)) - raft.server.log.async-flush.enabled = false (default)
2023-08-31 10:24:47,559 [cdef5c6f-8bd8-48a8-8760-99c7043342d4-groupManagement] INFO  server.RaftServerConfigKeys (ConfUtils.java:logGet(46)) - raft.server.log.statemachine.data.caching.enabled = true (custom)
2023-08-31 10:24:47,559 [cdef5c6f-8bd8-48a8-8760-99c7043342d4-groupManagement] INFO  segmented.SegmentedRaftLogWorker (SegmentedRaftLogWorker.java:lambda$new$0(135)) - cdef5c6f-8bd8-48a8-8760-99c7043342d4@group-68314965FA9F-SegmentedRaftLogWorker: flushIndex: setUnconditionally 0 -> -1
2023-08-31 10:24:47,559 [cdef5c6f-8bd8-48a8-8760-99c7043342d4-groupManagement] INFO  segmented.SegmentedRaftLogWorker (SegmentedRaftLogWorker.java:lambda$new$0(135)) - cdef5c6f-8bd8-48a8-8760-99c7043342d4@group-68314965FA9F-SegmentedRaftLogWorker: safeCacheEvictIndex: setUnconditionally 0 -> -1
2023-08-31 10:24:47,559 [cdef5c6f-8bd8-48a8-8760-99c7043342d4-groupManagement] INFO  server.RaftServer$Division (RaftServerImpl.java:start(342)) - cdef5c6f-8bd8-48a8-8760-99c7043342d4@group-68314965FA9F: start as a follower, conf=-1: peers:[cdef5c6f-8bd8-48a8-8760-99c7043342d4|rpc:10.1.0.16:15076|admin:10.1.0.16:15075|client:10.1.0.16:15074|dataStream:10.1.0.16:15077|priority:1|startupRole:FOLLOWER, f7581748-7872-49ff-9c70-19e178dd57a8|rpc:10.1.0.16:15085|admin:10.1.0.16:15084|client:10.1.0.16:15083|dataStream:10.1.0.16:15086|priority:0|startupRole:FOLLOWER, 48880804-25a4-4bd1-b25e-a62c627e68dd|rpc:10.1.0.16:15067|admin:10.1.0.16:15066|client:10.1.0.16:15065|dataStream:10.1.0.16:15068|priority:0|startupRole:FOLLOWER]|listeners:[], old=null
2023-08-31 10:24:47,559 [cdef5c6f-8bd8-48a8-8760-99c7043342d4-groupManagement] INFO  server.RaftServer$Division (RaftServerImpl.java:setRole(329)) - cdef5c6f-8bd8-48a8-8760-99c7043342d4@group-68314965FA9F: changes role from      null to FOLLOWER at term 0 for startAsFollower
2023-08-31 10:24:47,559 [cdef5c6f-8bd8-48a8-8760-99c7043342d4-groupManagement] INFO  impl.RoleInfo (RoleInfo.java:updateAndGet(139)) - cdef5c6f-8bd8-48a8-8760-99c7043342d4: start cdef5c6f-8bd8-48a8-8760-99c7043342d4@group-68314965FA9F-FollowerState
2023-08-31 10:24:47,560 [cdef5c6f-8bd8-48a8-8760-99c7043342d4-groupManagement] INFO  util.JmxRegister (JmxRegister.java:tryRegister(44)) - Successfully registered JMX Bean with object name Ratis:service=RaftServer,group=group-68314965FA9F,id=cdef5c6f-8bd8-48a8-8760-99c7043342d4
2023-08-31 10:24:47,560 [cdef5c6f-8bd8-48a8-8760-99c7043342d4@group-68314965FA9F-FollowerState] INFO  server.RaftServerConfigKeys (ConfUtils.java:logFallback(53)) - raft.server.rpc.first-election.timeout.min = 5s (fallback to raft.server.rpc.timeout.min)
2023-08-31 10:24:47,560 [cdef5c6f-8bd8-48a8-8760-99c7043342d4-groupManagement] INFO  server.RaftServerConfigKeys (ConfUtils.java:logGet(46)) - raft.server.snapshot.auto.trigger.enabled = true (custom)
2023-08-31 10:24:47,560 [cdef5c6f-8bd8-48a8-8760-99c7043342d4@group-68314965FA9F-FollowerState] INFO  server.RaftServerConfigKeys (ConfUtils.java:logFallback(53)) - raft.server.rpc.first-election.timeout.max = 5200ms (fallback to raft.server.rpc.timeout.max)
2023-08-31 10:24:47,560 [cdef5c6f-8bd8-48a8-8760-99c7043342d4-groupManagement] INFO  server.RaftServerConfigKeys (ConfUtils.java:logGet(46)) - raft.server.snapshot.auto.trigger.threshold = 10000 (custom)
2023-08-31 10:24:47,560 [cdef5c6f-8bd8-48a8-8760-99c7043342d4-groupManagement] INFO  server.RaftServerConfigKeys (ConfUtils.java:logGet(46)) - raft.server.snapshot.retention.file.num = 5 (custom)
2023-08-31 10:24:47,560 [cdef5c6f-8bd8-48a8-8760-99c7043342d4-groupManagement] INFO  server.RaftServerConfigKeys (ConfUtils.java:logGet(46)) - raft.server.log.purge.upto.snapshot.index = false (default)
2023-08-31 10:24:47,577 [grpc-default-executor-4] INFO  server.RaftServer (RaftServerProxy.java:addNew(98)) - f7581748-7872-49ff-9c70-19e178dd57a8: addNew group-68314965FA9F:[cdef5c6f-8bd8-48a8-8760-99c7043342d4|rpc:10.1.0.16:15076|admin:10.1.0.16:15075|client:10.1.0.16:15074|dataStream:10.1.0.16:15077|priority:1|startupRole:FOLLOWER, f7581748-7872-49ff-9c70-19e178dd57a8|rpc:10.1.0.16:15085|admin:10.1.0.16:15084|client:10.1.0.16:15083|dataStream:10.1.0.16:15086|priority:0|startupRole:FOLLOWER, 48880804-25a4-4bd1-b25e-a62c627e68dd|rpc:10.1.0.16:15067|admin:10.1.0.16:15066|client:10.1.0.16:15065|dataStream:10.1.0.16:15068|priority:0|startupRole:FOLLOWER] returns group-68314965FA9F:java.util.concurrent.CompletableFuture@2f1d517e[Not completed]
2023-08-31 10:24:47,578 [f7581748-7872-49ff-9c70-19e178dd57a8-groupManagement] INFO  server.RaftServer$Division (RaftServerImpl.java:<init>(198)) - f7581748-7872-49ff-9c70-19e178dd57a8: new RaftServerImpl for group-68314965FA9F:[cdef5c6f-8bd8-48a8-8760-99c7043342d4|rpc:10.1.0.16:15076|admin:10.1.0.16:15075|client:10.1.0.16:15074|dataStream:10.1.0.16:15077|priority:1|startupRole:FOLLOWER, f7581748-7872-49ff-9c70-19e178dd57a8|rpc:10.1.0.16:15085|admin:10.1.0.16:15084|client:10.1.0.16:15083|dataStream:10.1.0.16:15086|priority:0|startupRole:FOLLOWER, 48880804-25a4-4bd1-b25e-a62c627e68dd|rpc:10.1.0.16:15067|admin:10.1.0.16:15066|client:10.1.0.16:15065|dataStream:10.1.0.16:15068|priority:0|startupRole:FOLLOWER] with ContainerStateMachine:uninitialized
2023-08-31 10:24:47,578 [f7581748-7872-49ff-9c70-19e178dd57a8-groupManagement] INFO  server.RaftServerConfigKeys (ConfUtils.java:logGet(46)) - raft.server.rpc.timeout.min = 5s (custom)
2023-08-31 10:24:47,578 [f7581748-7872-49ff-9c70-19e178dd57a8-groupManagement] INFO  server.RaftServerConfigKeys (ConfUtils.java:logGet(46)) - raft.server.rpc.timeout.max = 5200ms (custom)
2023-08-31 10:24:47,578 [f7581748-7872-49ff-9c70-19e178dd57a8-groupManagement] INFO  server.RaftServerConfigKeys (ConfUtils.java:logGet(46)) - raft.server.rpc.sleep.time = 25ms (default)
2023-08-31 10:24:47,578 [f7581748-7872-49ff-9c70-19e178dd57a8-groupManagement] INFO  server.RaftServerConfigKeys (ConfUtils.java:logGet(46)) - raft.server.rpc.slowness.timeout = 300000ms (custom)
2023-08-31 10:24:47,578 [f7581748-7872-49ff-9c70-19e178dd57a8-groupManagement] INFO  server.RaftServerConfigKeys (ConfUtils.java:logGet(46)) - raft.server.leaderelection.leader.step-down.wait-time = 10s (default)
2023-08-31 10:24:47,578 [f7581748-7872-49ff-9c70-19e178dd57a8-groupManagement] INFO  server.RaftServerConfigKeys (ConfUtils.java:logGet(46)) - raft.server.sleep.deviation.threshold = 300ms (default)
2023-08-31 10:24:47,579 [f7581748-7872-49ff-9c70-19e178dd57a8-groupManagement] INFO  server.RaftServer$Division (ServerState.java:<init>(120)) - f7581748-7872-49ff-9c70-19e178dd57a8@group-68314965FA9F: ConfigurationManager, init=-1: peers:[cdef5c6f-8bd8-48a8-8760-99c7043342d4|rpc:10.1.0.16:15076|admin:10.1.0.16:15075|client:10.1.0.16:15074|dataStream:10.1.0.16:15077|priority:1|startupRole:FOLLOWER, f7581748-7872-49ff-9c70-19e178dd57a8|rpc:10.1.0.16:15085|admin:10.1.0.16:15084|client:10.1.0.16:15083|dataStream:10.1.0.16:15086|priority:0|startupRole:FOLLOWER, 48880804-25a4-4bd1-b25e-a62c627e68dd|rpc:10.1.0.16:15067|admin:10.1.0.16:15066|client:10.1.0.16:15065|dataStream:10.1.0.16:15068|priority:0|startupRole:FOLLOWER]|listeners:[], old=null, confs=<EMPTY_MAP>
2023-08-31 10:24:47,579 [f7581748-7872-49ff-9c70-19e178dd57a8-groupManagement] INFO  server.RaftServerConfigKeys (ConfUtils.java:logGet(46)) - raft.server.storage.dir = [/home/runner/work/ozone/ozone/hadoop-ozone/integration-test/target/test-dir/MiniOzoneClusterImpl-3562ddc4-ebd0-49e0-a6e7-0f6459768660/datanode-2/data/ratis] (custom)
2023-08-31 10:24:47,579 [f7581748-7872-49ff-9c70-19e178dd57a8-groupManagement] INFO  server.RaftServerConfigKeys (ConfUtils.java:logGet(46)) - raft.server.log.corruption.policy = EXCEPTION (default)
2023-08-31 10:24:47,579 [f7581748-7872-49ff-9c70-19e178dd57a8-groupManagement] INFO  server.RaftServerConfigKeys (ConfUtils.java:logGet(46)) - raft.server.storage.free-space.min = 0MB (=0) (default)
2023-08-31 10:24:47,579 [f7581748-7872-49ff-9c70-19e178dd57a8-groupManagement] INFO  server.RaftServerConfigKeys (ConfUtils.java:logGet(46)) - raft.server.notification.no-leader.timeout = 300000ms (custom)
2023-08-31 10:24:47,579 [f7581748-7872-49ff-9c70-19e178dd57a8-groupManagement] INFO  server.RaftServerConfigKeys (ConfUtils.java:logGet(46)) - raft.server.read.timeout = 10s (default)
2023-08-31 10:24:47,579 [f7581748-7872-49ff-9c70-19e178dd57a8-groupManagement] INFO  server.RaftServerConfigKeys (ConfUtils.java:logGet(46)) - raft.server.retrycache.expirytime = 600000ms (custom)
2023-08-31 10:24:47,579 [f7581748-7872-49ff-9c70-19e178dd57a8-groupManagement] INFO  server.RaftServerConfigKeys (ConfUtils.java:logGet(46)) - raft.server.retrycache.statistics.expirytime = 100μs (default)
2023-08-31 10:24:47,579 [f7581748-7872-49ff-9c70-19e178dd57a8-groupManagement] INFO  server.RaftServerConfigKeys (ConfUtils.java:logGet(46)) - raft.server.read.option = DEFAULT (default)
2023-08-31 10:24:47,584 [f7581748-7872-49ff-9c70-19e178dd57a8-groupManagement] INFO  server.RaftServerConfigKeys (ConfUtils.java:logGet(46)) - raft.server.rpc.request.timeout = 3000ms (default)
2023-08-31 10:24:47,584 [f7581748-7872-49ff-9c70-19e178dd57a8-groupManagement] INFO  server.RaftServerConfigKeys (ConfUtils.java:logGet(46)) - raft.server.log.appender.install.snapshot.enabled = false (custom)
2023-08-31 10:24:47,584 [f7581748-7872-49ff-9c70-19e178dd57a8-groupManagement] INFO  server.RaftServerConfigKeys (ConfUtils.java:logGet(46)) - raft.server.threadpool.server.cached = true (default)
2023-08-31 10:24:47,584 [f7581748-7872-49ff-9c70-19e178dd57a8-groupManagement] INFO  server.RaftServerConfigKeys (ConfUtils.java:logGet(46)) - raft.server.threadpool.server.size = 0 (default)
2023-08-31 10:24:47,584 [f7581748-7872-49ff-9c70-19e178dd57a8-groupManagement] INFO  server.RaftServerConfigKeys (ConfUtils.java:logGet(46)) - raft.server.threadpool.client.cached = true (default)
2023-08-31 10:24:47,584 [f7581748-7872-49ff-9c70-19e178dd57a8-groupManagement] INFO  server.RaftServerConfigKeys (ConfUtils.java:logGet(46)) - raft.server.threadpool.client.size = 0 (default)
2023-08-31 10:24:47,584 [f7581748-7872-49ff-9c70-19e178dd57a8-groupManagement] INFO  storage.RaftStorageDirectory (RaftStorageDirectoryImpl.java:analyzeStorage(137)) - The storage directory /home/runner/work/ozone/ozone/hadoop-ozone/integration-test/target/test-dir/MiniOzoneClusterImpl-3562ddc4-ebd0-49e0-a6e7-0f6459768660/datanode-2/data/ratis/a910f1b8-cda3-4f66-a2fd-68314965fa9f does not exist. Creating ...
2023-08-31 10:24:47,585 [f7581748-7872-49ff-9c70-19e178dd57a8-groupManagement] INFO  storage.RaftStorageDirectory (RaftStorageDirectoryImpl.java:tryLock(231)) - Lock on /home/runner/work/ozone/ozone/hadoop-ozone/integration-test/target/test-dir/MiniOzoneClusterImpl-3562ddc4-ebd0-49e0-a6e7-0f6459768660/datanode-2/data/ratis/a910f1b8-cda3-4f66-a2fd-68314965fa9f/in_use.lock acquired by nodename 34453@fv-az304-998
2023-08-31 10:24:47,586 [f7581748-7872-49ff-9c70-19e178dd57a8-groupManagement] INFO  storage.RaftStorage (RaftStorageImpl.java:format(96)) - Storage directory /home/runner/work/ozone/ozone/hadoop-ozone/integration-test/target/test-dir/MiniOzoneClusterImpl-3562ddc4-ebd0-49e0-a6e7-0f6459768660/datanode-2/data/ratis/a910f1b8-cda3-4f66-a2fd-68314965fa9f has been successfully formatted.
2023-08-31 10:24:47,587 [f7581748-7872-49ff-9c70-19e178dd57a8-groupManagement] INFO  ratis.ContainerStateMachine (ContainerStateMachine.java:loadSnapshot(262)) - group-68314965FA9F: The snapshot info is null. Setting the last applied indexto:(t:0, i:~)
2023-08-31 10:24:47,587 [f7581748-7872-49ff-9c70-19e178dd57a8-groupManagement] INFO  server.RaftServerConfigKeys (ConfUtils.java:logGet(46)) - raft.server.log.use.memory = false (default)
2023-08-31 10:24:47,588 [f7581748-7872-49ff-9c70-19e178dd57a8-groupManagement] INFO  server.RaftServerConfigKeys (ConfUtils.java:logGet(46)) - raft.server.log.purge.gap = 1000000 (custom)
2023-08-31 10:24:47,588 [f7581748-7872-49ff-9c70-19e178dd57a8-groupManagement] INFO  server.RaftServerConfigKeys (ConfUtils.java:logGet(46)) - raft.server.log.appender.buffer.byte-limit = 33554432 (custom)
2023-08-31 10:24:47,588 [f7581748-7872-49ff-9c70-19e178dd57a8-groupManagement] INFO  server.RaftServerConfigKeys (ConfUtils.java:logGet(46)) - raft.server.log.statemachine.data.read.timeout = 1000ms (default)
2023-08-31 10:24:47,588 [f7581748-7872-49ff-9c70-19e178dd57a8-groupManagement] INFO  server.RaftServerConfigKeys (ConfUtils.java:logGet(46)) - raft.server.log.purge.preservation.log.num = 0 (default)
2023-08-31 10:24:47,588 [f7581748-7872-49ff-9c70-19e178dd57a8-groupManagement] INFO  server.RaftServerConfigKeys (ConfUtils.java:logGet(46)) - raft.server.log.segment.size.max = 1048576 (custom)
2023-08-31 10:24:47,588 [f7581748-7872-49ff-9c70-19e178dd57a8-groupManagement] INFO  server.RaftServerConfigKeys (ConfUtils.java:logGet(46)) - raft.server.log.segment.cache.num.max = 2 (custom)
2023-08-31 10:24:47,588 [f7581748-7872-49ff-9c70-19e178dd57a8-groupManagement] INFO  server.RaftServerConfigKeys (ConfUtils.java:logGet(46)) - raft.server.log.segment.cache.size.max = 200MB (=209715200) (default)
2023-08-31 10:24:47,588 [f7581748-7872-49ff-9c70-19e178dd57a8-groupManagement] INFO  server.RaftServerConfigKeys (ConfUtils.java:logGet(46)) - raft.server.log.appender.buffer.byte-limit = 33554432 (custom)
2023-08-31 10:24:47,588 [f7581748-7872-49ff-9c70-19e178dd57a8-groupManagement] INFO  segmented.SegmentedRaftLogWorker (SegmentedRaftLogWorker.java:<init>(188)) - new f7581748-7872-49ff-9c70-19e178dd57a8@group-68314965FA9F-SegmentedRaftLogWorker for RaftStorageImpl:Storage Directory /home/runner/work/ozone/ozone/hadoop-ozone/integration-test/target/test-dir/MiniOzoneClusterImpl-3562ddc4-ebd0-49e0-a6e7-0f6459768660/datanode-2/data/ratis/a910f1b8-cda3-4f66-a2fd-68314965fa9f
2023-08-31 10:24:47,589 [f7581748-7872-49ff-9c70-19e178dd57a8-groupManagement] INFO  server.RaftServerConfigKeys (ConfUtils.java:logGet(46)) - raft.server.log.queue.byte-limit = 4294967296 (custom)
2023-08-31 10:24:47,589 [f7581748-7872-49ff-9c70-19e178dd57a8-groupManagement] INFO  server.RaftServerConfigKeys (ConfUtils.java:logGet(46)) - raft.server.log.queue.element-limit = 1024 (custom)
2023-08-31 10:24:47,589 [f7581748-7872-49ff-9c70-19e178dd57a8-groupManagement] INFO  server.RaftServerConfigKeys (ConfUtils.java:logGet(46)) - raft.server.log.segment.size.max = 1048576 (custom)
2023-08-31 10:24:47,589 [f7581748-7872-49ff-9c70-19e178dd57a8-groupManagement] INFO  server.RaftServerConfigKeys (ConfUtils.java:logGet(46)) - raft.server.log.preallocated.size = 16384 (custom)
2023-08-31 10:24:47,589 [f7581748-7872-49ff-9c70-19e178dd57a8-groupManagement] INFO  server.RaftServerConfigKeys (ConfUtils.java:logGet(46)) - raft.server.log.force.sync.num = 128 (default)
2023-08-31 10:24:47,589 [f7581748-7872-49ff-9c70-19e178dd57a8-groupManagement] INFO  server.RaftServerConfigKeys (ConfUtils.java:logGet(46)) - raft.server.log.statemachine.data.sync = true (default)
2023-08-31 10:24:47,589 [f7581748-7872-49ff-9c70-19e178dd57a8-groupManagement] INFO  server.RaftServerConfigKeys (ConfUtils.java:logGet(46)) - raft.server.log.statemachine.data.sync.timeout = 10s (default)
2023-08-31 10:24:47,589 [f7581748-7872-49ff-9c70-19e178dd57a8-groupManagement] INFO  server.RaftServerConfigKeys (ConfUtils.java:logGet(46)) - raft.server.log.statemachine.data.sync.timeout.retry = -1 (default)
2023-08-31 10:24:47,589 [f7581748-7872-49ff-9c70-19e178dd57a8-groupManagement] INFO  server.RaftServerConfigKeys (ConfUtils.java:logGet(46)) - raft.server.log.write.buffer.size = 1048576 (custom)
2023-08-31 10:24:47,590 [f7581748-7872-49ff-9c70-19e178dd57a8-groupManagement] INFO  server.RaftServerConfigKeys (ConfUtils.java:logGet(46)) - raft.server.log.appender.buffer.byte-limit = 33554432 (custom)
2023-08-31 10:24:47,598 [f7581748-7872-49ff-9c70-19e178dd57a8-groupManagement] INFO  server.RaftServerConfigKeys (ConfUtils.java:logGet(46)) - raft.server.log.unsafe-flush.enabled = false (default)
2023-08-31 10:24:47,598 [f7581748-7872-49ff-9c70-19e178dd57a8-groupManagement] INFO  server.RaftServerConfigKeys (ConfUtils.java:logGet(46)) - raft.server.log.async-flush.enabled = false (default)
2023-08-31 10:24:47,599 [f7581748-7872-49ff-9c70-19e178dd57a8-groupManagement] INFO  server.RaftServerConfigKeys (ConfUtils.java:logGet(46)) - raft.server.log.statemachine.data.caching.enabled = true (custom)
2023-08-31 10:24:47,599 [f7581748-7872-49ff-9c70-19e178dd57a8-groupManagement] INFO  segmented.SegmentedRaftLogWorker (SegmentedRaftLogWorker.java:lambda$new$0(135)) - f7581748-7872-49ff-9c70-19e178dd57a8@group-68314965FA9F-SegmentedRaftLogWorker: flushIndex: setUnconditionally 0 -> -1
2023-08-31 10:24:47,599 [f7581748-7872-49ff-9c70-19e178dd57a8-groupManagement] INFO  segmented.SegmentedRaftLogWorker (SegmentedRaftLogWorker.java:lambda$new$0(135)) - f7581748-7872-49ff-9c70-19e178dd57a8@group-68314965FA9F-SegmentedRaftLogWorker: safeCacheEvictIndex: setUnconditionally 0 -> -1
2023-08-31 10:24:47,599 [f7581748-7872-49ff-9c70-19e178dd57a8-groupManagement] INFO  server.RaftServer$Division (RaftServerImpl.java:start(342)) - f7581748-7872-49ff-9c70-19e178dd57a8@group-68314965FA9F: start as a follower, conf=-1: peers:[cdef5c6f-8bd8-48a8-8760-99c7043342d4|rpc:10.1.0.16:15076|admin:10.1.0.16:15075|client:10.1.0.16:15074|dataStream:10.1.0.16:15077|priority:1|startupRole:FOLLOWER, f7581748-7872-49ff-9c70-19e178dd57a8|rpc:10.1.0.16:15085|admin:10.1.0.16:15084|client:10.1.0.16:15083|dataStream:10.1.0.16:15086|priority:0|startupRole:FOLLOWER, 48880804-25a4-4bd1-b25e-a62c627e68dd|rpc:10.1.0.16:15067|admin:10.1.0.16:15066|client:10.1.0.16:15065|dataStream:10.1.0.16:15068|priority:0|startupRole:FOLLOWER]|listeners:[], old=null
2023-08-31 10:24:47,599 [f7581748-7872-49ff-9c70-19e178dd57a8-groupManagement] INFO  server.RaftServer$Division (RaftServerImpl.java:setRole(329)) - f7581748-7872-49ff-9c70-19e178dd57a8@group-68314965FA9F: changes role from      null to FOLLOWER at term 0 for startAsFollower
2023-08-31 10:24:47,599 [f7581748-7872-49ff-9c70-19e178dd57a8-groupManagement] INFO  impl.RoleInfo (RoleInfo.java:updateAndGet(139)) - f7581748-7872-49ff-9c70-19e178dd57a8: start f7581748-7872-49ff-9c70-19e178dd57a8@group-68314965FA9F-FollowerState
2023-08-31 10:24:47,603 [f7581748-7872-49ff-9c70-19e178dd57a8-groupManagement] INFO  util.JmxRegister (JmxRegister.java:tryRegister(44)) - Successfully registered JMX Bean with object name Ratis:service=RaftServer,group=group-68314965FA9F,id=f7581748-7872-49ff-9c70-19e178dd57a8
2023-08-31 10:24:47,603 [f7581748-7872-49ff-9c70-19e178dd57a8-groupManagement] INFO  server.RaftServerConfigKeys (ConfUtils.java:logGet(46)) - raft.server.snapshot.auto.trigger.enabled = true (custom)
2023-08-31 10:24:47,604 [f7581748-7872-49ff-9c70-19e178dd57a8-groupManagement] INFO  server.RaftServerConfigKeys (ConfUtils.java:logGet(46)) - raft.server.snapshot.auto.trigger.threshold = 10000 (custom)
2023-08-31 10:24:47,604 [f7581748-7872-49ff-9c70-19e178dd57a8-groupManagement] INFO  server.RaftServerConfigKeys (ConfUtils.java:logGet(46)) - raft.server.snapshot.retention.file.num = 5 (custom)
2023-08-31 10:24:47,604 [f7581748-7872-49ff-9c70-19e178dd57a8-groupManagement] INFO  server.RaftServerConfigKeys (ConfUtils.java:logGet(46)) - raft.server.log.purge.upto.snapshot.index = false (default)
2023-08-31 10:24:47,604 [f7581748-7872-49ff-9c70-19e178dd57a8@group-68314965FA9F-FollowerState] INFO  server.RaftServerConfigKeys (ConfUtils.java:logFallback(53)) - raft.server.rpc.first-election.timeout.min = 5s (fallback to raft.server.rpc.timeout.min)
2023-08-31 10:24:47,604 [f7581748-7872-49ff-9c70-19e178dd57a8@group-68314965FA9F-FollowerState] INFO  server.RaftServerConfigKeys (ConfUtils.java:logFallback(53)) - raft.server.rpc.first-election.timeout.max = 5200ms (fallback to raft.server.rpc.timeout.max)
2023-08-31 10:24:47,614 [PipelineCommandHandlerThread-0] INFO  commandhandler.CreatePipelineCommandHandler (CreatePipelineCommandHandler.java:lambda$handle$2(124)) - Created Pipeline RATIS THREE PipelineID=a910f1b8-cda3-4f66-a2fd-68314965fa9f.
2023-08-31 10:24:47,615 [PipelineCommandHandlerThread-0] INFO  server.RaftServer (RaftServerProxy.java:addNew(98)) - 48880804-25a4-4bd1-b25e-a62c627e68dd: addNew group-540638C6BC82:[cdef5c6f-8bd8-48a8-8760-99c7043342d4|rpc:10.1.0.16:15076|admin:10.1.0.16:15075|client:10.1.0.16:15074|dataStream:10.1.0.16:15077|priority:0|startupRole:FOLLOWER, f7581748-7872-49ff-9c70-19e178dd57a8|rpc:10.1.0.16:15085|admin:10.1.0.16:15084|client:10.1.0.16:15083|dataStream:10.1.0.16:15086|priority:0|startupRole:FOLLOWER, 48880804-25a4-4bd1-b25e-a62c627e68dd|rpc:10.1.0.16:15067|admin:10.1.0.16:15066|client:10.1.0.16:15065|dataStream:10.1.0.16:15068|priority:1|startupRole:FOLLOWER] returns group-540638C6BC82:java.util.concurrent.CompletableFuture@12f7dd51[Not completed]
2023-08-31 10:24:47,615 [48880804-25a4-4bd1-b25e-a62c627e68dd-groupManagement] INFO  server.RaftServer$Division (RaftServerImpl.java:<init>(198)) - 48880804-25a4-4bd1-b25e-a62c627e68dd: new RaftServerImpl for group-540638C6BC82:[cdef5c6f-8bd8-48a8-8760-99c7043342d4|rpc:10.1.0.16:15076|admin:10.1.0.16:15075|client:10.1.0.16:15074|dataStream:10.1.0.16:15077|priority:0|startupRole:FOLLOWER, f7581748-7872-49ff-9c70-19e178dd57a8|rpc:10.1.0.16:15085|admin:10.1.0.16:15084|client:10.1.0.16:15083|dataStream:10.1.0.16:15086|priority:0|startupRole:FOLLOWER, 48880804-25a4-4bd1-b25e-a62c627e68dd|rpc:10.1.0.16:15067|admin:10.1.0.16:15066|client:10.1.0.16:15065|dataStream:10.1.0.16:15068|priority:1|startupRole:FOLLOWER] with ContainerStateMachine:uninitialized
2023-08-31 10:24:47,616 [48880804-25a4-4bd1-b25e-a62c627e68dd-groupManagement] INFO  server.RaftServerConfigKeys (ConfUtils.java:logGet(46)) - raft.server.rpc.timeout.min = 5s (custom)
2023-08-31 10:24:47,616 [48880804-25a4-4bd1-b25e-a62c627e68dd-groupManagement] INFO  server.RaftServerConfigKeys (ConfUtils.java:logGet(46)) - raft.server.rpc.timeout.max = 5200ms (custom)
2023-08-31 10:24:47,616 [48880804-25a4-4bd1-b25e-a62c627e68dd-groupManagement] INFO  server.RaftServerConfigKeys (ConfUtils.java:logGet(46)) - raft.server.rpc.sleep.time = 25ms (default)
2023-08-31 10:24:47,616 [48880804-25a4-4bd1-b25e-a62c627e68dd-groupManagement] INFO  server.RaftServerConfigKeys (ConfUtils.java:logGet(46)) - raft.server.rpc.slowness.timeout = 300000ms (custom)
2023-08-31 10:24:47,616 [48880804-25a4-4bd1-b25e-a62c627e68dd-groupManagement] INFO  server.RaftServerConfigKeys (ConfUtils.java:logGet(46)) - raft.server.leaderelection.leader.step-down.wait-time = 10s (default)
2023-08-31 10:24:47,616 [48880804-25a4-4bd1-b25e-a62c627e68dd-groupManagement] INFO  server.RaftServerConfigKeys (ConfUtils.java:logGet(46)) - raft.server.sleep.deviation.threshold = 300ms (default)
2023-08-31 10:24:47,616 [48880804-25a4-4bd1-b25e-a62c627e68dd-groupManagement] INFO  server.RaftServer$Division (ServerState.java:<init>(120)) - 48880804-25a4-4bd1-b25e-a62c627e68dd@group-540638C6BC82: ConfigurationManager, init=-1: peers:[cdef5c6f-8bd8-48a8-8760-99c7043342d4|rpc:10.1.0.16:15076|admin:10.1.0.16:15075|client:10.1.0.16:15074|dataStream:10.1.0.16:15077|priority:0|startupRole:FOLLOWER, f7581748-7872-49ff-9c70-19e178dd57a8|rpc:10.1.0.16:15085|admin:10.1.0.16:15084|client:10.1.0.16:15083|dataStream:10.1.0.16:15086|priority:0|startupRole:FOLLOWER, 48880804-25a4-4bd1-b25e-a62c627e68dd|rpc:10.1.0.16:15067|admin:10.1.0.16:15066|client:10.1.0.16:15065|dataStream:10.1.0.16:15068|priority:1|startupRole:FOLLOWER]|listeners:[], old=null, confs=<EMPTY_MAP>
2023-08-31 10:24:47,616 [48880804-25a4-4bd1-b25e-a62c627e68dd-groupManagement] INFO  server.RaftServerConfigKeys (ConfUtils.java:logGet(46)) - raft.server.storage.dir = [/home/runner/work/ozone/ozone/hadoop-ozone/integration-test/target/test-dir/MiniOzoneClusterImpl-3562ddc4-ebd0-49e0-a6e7-0f6459768660/datanode-0/data/ratis] (custom)
2023-08-31 10:24:47,616 [48880804-25a4-4bd1-b25e-a62c627e68dd-groupManagement] INFO  server.RaftServerConfigKeys (ConfUtils.java:logGet(46)) - raft.server.log.corruption.policy = EXCEPTION (default)
2023-08-31 10:24:47,616 [48880804-25a4-4bd1-b25e-a62c627e68dd-groupManagement] INFO  server.RaftServerConfigKeys (ConfUtils.java:logGet(46)) - raft.server.storage.free-space.min = 0MB (=0) (default)
2023-08-31 10:24:47,616 [48880804-25a4-4bd1-b25e-a62c627e68dd-groupManagement] INFO  server.RaftServerConfigKeys (ConfUtils.java:logGet(46)) - raft.server.notification.no-leader.timeout = 300000ms (custom)
2023-08-31 10:24:47,616 [48880804-25a4-4bd1-b25e-a62c627e68dd-groupManagement] INFO  server.RaftServerConfigKeys (ConfUtils.java:logGet(46)) - raft.server.read.timeout = 10s (default)
2023-08-31 10:24:47,616 [48880804-25a4-4bd1-b25e-a62c627e68dd-groupManagement] INFO  server.RaftServerConfigKeys (ConfUtils.java:logGet(46)) - raft.server.retrycache.expirytime = 600000ms (custom)
2023-08-31 10:24:47,616 [48880804-25a4-4bd1-b25e-a62c627e68dd-groupManagement] INFO  server.RaftServerConfigKeys (ConfUtils.java:logGet(46)) - raft.server.retrycache.statistics.expirytime = 100μs (default)
2023-08-31 10:24:47,616 [48880804-25a4-4bd1-b25e-a62c627e68dd-groupManagement] INFO  server.RaftServerConfigKeys (ConfUtils.java:logGet(46)) - raft.server.read.option = DEFAULT (default)
2023-08-31 10:24:47,617 [48880804-25a4-4bd1-b25e-a62c627e68dd-groupManagement] INFO  server.RaftServerConfigKeys (ConfUtils.java:logGet(46)) - raft.server.rpc.request.timeout = 3000ms (default)
2023-08-31 10:24:47,617 [48880804-25a4-4bd1-b25e-a62c627e68dd-groupManagement] INFO  server.RaftServerConfigKeys (ConfUtils.java:logGet(46)) - raft.server.log.appender.install.snapshot.enabled = false (custom)
2023-08-31 10:24:47,617 [48880804-25a4-4bd1-b25e-a62c627e68dd-groupManagement] INFO  server.RaftServerConfigKeys (ConfUtils.java:logGet(46)) - raft.server.threadpool.server.cached = true (default)
2023-08-31 10:24:47,617 [48880804-25a4-4bd1-b25e-a62c627e68dd-groupManagement] INFO  server.RaftServerConfigKeys (ConfUtils.java:logGet(46)) - raft.server.threadpool.server.size = 0 (default)
2023-08-31 10:24:47,617 [48880804-25a4-4bd1-b25e-a62c627e68dd-groupManagement] INFO  server.RaftServerConfigKeys (ConfUtils.java:logGet(46)) - raft.server.threadpool.client.cached = true (default)
2023-08-31 10:24:47,617 [48880804-25a4-4bd1-b25e-a62c627e68dd-groupManagement] INFO  server.RaftServerConfigKeys (ConfUtils.java:logGet(46)) - raft.server.threadpool.client.size = 0 (default)
2023-08-31 10:24:47,617 [48880804-25a4-4bd1-b25e-a62c627e68dd-groupManagement] INFO  storage.RaftStorageDirectory (RaftStorageDirectoryImpl.java:analyzeStorage(137)) - The storage directory /home/runner/work/ozone/ozone/hadoop-ozone/integration-test/target/test-dir/MiniOzoneClusterImpl-3562ddc4-ebd0-49e0-a6e7-0f6459768660/datanode-0/data/ratis/62bb4b80-9280-4fcd-aa01-540638c6bc82 does not exist. Creating ...
2023-08-31 10:24:47,619 [48880804-25a4-4bd1-b25e-a62c627e68dd-groupManagement] INFO  storage.RaftStorageDirectory (RaftStorageDirectoryImpl.java:tryLock(231)) - Lock on /home/runner/work/ozone/ozone/hadoop-ozone/integration-test/target/test-dir/MiniOzoneClusterImpl-3562ddc4-ebd0-49e0-a6e7-0f6459768660/datanode-0/data/ratis/62bb4b80-9280-4fcd-aa01-540638c6bc82/in_use.lock acquired by nodename 34453@fv-az304-998
2023-08-31 10:24:47,620 [48880804-25a4-4bd1-b25e-a62c627e68dd-groupManagement] INFO  storage.RaftStorage (RaftStorageImpl.java:format(96)) - Storage directory /home/runner/work/ozone/ozone/hadoop-ozone/integration-test/target/test-dir/MiniOzoneClusterImpl-3562ddc4-ebd0-49e0-a6e7-0f6459768660/datanode-0/data/ratis/62bb4b80-9280-4fcd-aa01-540638c6bc82 has been successfully formatted.
2023-08-31 10:24:47,622 [48880804-25a4-4bd1-b25e-a62c627e68dd-groupManagement] INFO  ratis.ContainerStateMachine (ContainerStateMachine.java:loadSnapshot(262)) - group-540638C6BC82: The snapshot info is null. Setting the last applied indexto:(t:0, i:~)
2023-08-31 10:24:47,622 [48880804-25a4-4bd1-b25e-a62c627e68dd-groupManagement] INFO  server.RaftServerConfigKeys (ConfUtils.java:logGet(46)) - raft.server.log.use.memory = false (default)
2023-08-31 10:24:47,622 [48880804-25a4-4bd1-b25e-a62c627e68dd-groupManagement] INFO  server.RaftServerConfigKeys (ConfUtils.java:logGet(46)) - raft.server.log.purge.gap = 1000000 (custom)
2023-08-31 10:24:47,622 [48880804-25a4-4bd1-b25e-a62c627e68dd-groupManagement] INFO  server.RaftServerConfigKeys (ConfUtils.java:logGet(46)) - raft.server.log.appender.buffer.byte-limit = 33554432 (custom)
2023-08-31 10:24:47,622 [48880804-25a4-4bd1-b25e-a62c627e68dd-groupManagement] INFO  server.RaftServerConfigKeys (ConfUtils.java:logGet(46)) - raft.server.log.statemachine.data.read.timeout = 1000ms (default)
2023-08-31 10:24:47,622 [48880804-25a4-4bd1-b25e-a62c627e68dd-groupManagement] INFO  server.RaftServerConfigKeys (ConfUtils.java:logGet(46)) - raft.server.log.purge.preservation.log.num = 0 (default)
2023-08-31 10:24:47,622 [EventQueue-OpenPipelineForHealthyPipelineSafeModeRule] INFO  safemode.SCMSafeModeManager (HealthyPipelineSafeModeRule.java:process(137)) - SCM in safe mode. Healthy pipelines reported count is 0, required healthy pipeline reported count is 1
2023-08-31 10:24:47,622 [48880804-25a4-4bd1-b25e-a62c627e68dd-groupManagement] INFO  server.RaftServerConfigKeys (ConfUtils.java:logGet(46)) - raft.server.log.segment.size.max = 1048576 (custom)
2023-08-31 10:24:47,623 [48880804-25a4-4bd1-b25e-a62c627e68dd-groupManagement] INFO  server.RaftServerConfigKeys (ConfUtils.java:logGet(46)) - raft.server.log.segment.cache.num.max = 2 (custom)
2023-08-31 10:24:47,623 [48880804-25a4-4bd1-b25e-a62c627e68dd-groupManagement] INFO  server.RaftServerConfigKeys (ConfUtils.java:logGet(46)) - raft.server.log.segment.cache.size.max = 200MB (=209715200) (default)
2023-08-31 10:24:47,623 [48880804-25a4-4bd1-b25e-a62c627e68dd-groupManagement] INFO  server.RaftServerConfigKeys (ConfUtils.java:logGet(46)) - raft.server.log.appender.buffer.byte-limit = 33554432 (custom)
2023-08-31 10:24:47,623 [48880804-25a4-4bd1-b25e-a62c627e68dd-groupManagement] INFO  segmented.SegmentedRaftLogWorker (SegmentedRaftLogWorker.java:<init>(188)) - new 48880804-25a4-4bd1-b25e-a62c627e68dd@group-540638C6BC82-SegmentedRaftLogWorker for RaftStorageImpl:Storage Directory /home/runner/work/ozone/ozone/hadoop-ozone/integration-test/target/test-dir/MiniOzoneClusterImpl-3562ddc4-ebd0-49e0-a6e7-0f6459768660/datanode-0/data/ratis/62bb4b80-9280-4fcd-aa01-540638c6bc82
2023-08-31 10:24:47,623 [48880804-25a4-4bd1-b25e-a62c627e68dd-groupManagement] INFO  server.RaftServerConfigKeys (ConfUtils.java:logGet(46)) - raft.server.log.queue.byte-limit = 4294967296 (custom)
2023-08-31 10:24:47,623 [48880804-25a4-4bd1-b25e-a62c627e68dd-groupManagement] INFO  server.RaftServerConfigKeys (ConfUtils.java:logGet(46)) - raft.server.log.queue.element-limit = 1024 (custom)
2023-08-31 10:24:47,623 [48880804-25a4-4bd1-b25e-a62c627e68dd-groupManagement] INFO  server.RaftServerConfigKeys (ConfUtils.java:logGet(46)) - raft.server.log.segment.size.max = 1048576 (custom)
2023-08-31 10:24:47,623 [48880804-25a4-4bd1-b25e-a62c627e68dd-groupManagement] INFO  server.RaftServerConfigKeys (ConfUtils.java:logGet(46)) - raft.server.log.preallocated.size = 16384 (custom)
2023-08-31 10:24:47,623 [48880804-25a4-4bd1-b25e-a62c627e68dd-groupManagement] INFO  server.RaftServerConfigKeys (ConfUtils.java:logGet(46)) - raft.server.log.force.sync.num = 128 (default)
2023-08-31 10:24:47,623 [48880804-25a4-4bd1-b25e-a62c627e68dd-groupManagement] INFO  server.RaftServerConfigKeys (ConfUtils.java:logGet(46)) - raft.server.log.statemachine.data.sync = true (default)
2023-08-31 10:24:47,623 [48880804-25a4-4bd1-b25e-a62c627e68dd-groupManagement] INFO  server.RaftServerConfigKeys (ConfUtils.java:logGet(46)) - raft.server.log.statemachine.data.sync.timeout = 10s (default)
2023-08-31 10:24:47,623 [48880804-25a4-4bd1-b25e-a62c627e68dd-groupManagement] INFO  server.RaftServerConfigKeys (ConfUtils.java:logGet(46)) - raft.server.log.statemachine.data.sync.timeout.retry = -1 (default)
2023-08-31 10:24:47,624 [48880804-25a4-4bd1-b25e-a62c627e68dd-groupManagement] INFO  server.RaftServerConfigKeys (ConfUtils.java:logGet(46)) - raft.server.log.write.buffer.size = 1048576 (custom)
2023-08-31 10:24:47,624 [48880804-25a4-4bd1-b25e-a62c627e68dd-groupManagement] INFO  server.RaftServerConfigKeys (ConfUtils.java:logGet(46)) - raft.server.log.appender.buffer.byte-limit = 33554432 (custom)
2023-08-31 10:24:47,631 [48880804-25a4-4bd1-b25e-a62c627e68dd-groupManagement] INFO  server.RaftServerConfigKeys (ConfUtils.java:logGet(46)) - raft.server.log.unsafe-flush.enabled = false (default)
2023-08-31 10:24:47,632 [48880804-25a4-4bd1-b25e-a62c627e68dd-groupManagement] INFO  server.RaftServerConfigKeys (ConfUtils.java:logGet(46)) - raft.server.log.async-flush.enabled = false (default)
2023-08-31 10:24:47,632 [48880804-25a4-4bd1-b25e-a62c627e68dd-groupManagement] INFO  server.RaftServerConfigKeys (ConfUtils.java:logGet(46)) - raft.server.log.statemachine.data.caching.enabled = true (custom)
2023-08-31 10:24:47,632 [48880804-25a4-4bd1-b25e-a62c627e68dd-groupManagement] INFO  segmented.SegmentedRaftLogWorker (SegmentedRaftLogWorker.java:lambda$new$0(135)) - 48880804-25a4-4bd1-b25e-a62c627e68dd@group-540638C6BC82-SegmentedRaftLogWorker: flushIndex: setUnconditionally 0 -> -1
2023-08-31 10:24:47,632 [48880804-25a4-4bd1-b25e-a62c627e68dd-groupManagement] INFO  segmented.SegmentedRaftLogWorker (SegmentedRaftLogWorker.java:lambda$new$0(135)) - 48880804-25a4-4bd1-b25e-a62c627e68dd@group-540638C6BC82-SegmentedRaftLogWorker: safeCacheEvictIndex: setUnconditionally 0 -> -1
2023-08-31 10:24:47,632 [48880804-25a4-4bd1-b25e-a62c627e68dd-groupManagement] INFO  server.RaftServer$Division (RaftServerImpl.java:start(342)) - 48880804-25a4-4bd1-b25e-a62c627e68dd@group-540638C6BC82: start as a follower, conf=-1: peers:[cdef5c6f-8bd8-48a8-8760-99c7043342d4|rpc:10.1.0.16:15076|admin:10.1.0.16:15075|client:10.1.0.16:15074|dataStream:10.1.0.16:15077|priority:0|startupRole:FOLLOWER, f7581748-7872-49ff-9c70-19e178dd57a8|rpc:10.1.0.16:15085|admin:10.1.0.16:15084|client:10.1.0.16:15083|dataStream:10.1.0.16:15086|priority:0|startupRole:FOLLOWER, 48880804-25a4-4bd1-b25e-a62c627e68dd|rpc:10.1.0.16:15067|admin:10.1.0.16:15066|client:10.1.0.16:15065|dataStream:10.1.0.16:15068|priority:1|startupRole:FOLLOWER]|listeners:[], old=null
2023-08-31 10:24:47,632 [48880804-25a4-4bd1-b25e-a62c627e68dd-groupManagement] INFO  server.RaftServer$Division (RaftServerImpl.java:setRole(329)) - 48880804-25a4-4bd1-b25e-a62c627e68dd@group-540638C6BC82: changes role from      null to FOLLOWER at term 0 for startAsFollower
2023-08-31 10:24:47,632 [48880804-25a4-4bd1-b25e-a62c627e68dd-groupManagement] INFO  impl.RoleInfo (RoleInfo.java:updateAndGet(139)) - 48880804-25a4-4bd1-b25e-a62c627e68dd: start 48880804-25a4-4bd1-b25e-a62c627e68dd@group-540638C6BC82-FollowerState
2023-08-31 10:24:47,632 [48880804-25a4-4bd1-b25e-a62c627e68dd@group-540638C6BC82-FollowerState] INFO  server.RaftServerConfigKeys (ConfUtils.java:logFallback(53)) - raft.server.rpc.first-election.timeout.min = 5s (fallback to raft.server.rpc.timeout.min)
2023-08-31 10:24:47,632 [48880804-25a4-4bd1-b25e-a62c627e68dd-groupManagement] INFO  util.JmxRegister (JmxRegister.java:tryRegister(44)) - Successfully registered JMX Bean with object name Ratis:service=RaftServer,group=group-540638C6BC82,id=48880804-25a4-4bd1-b25e-a62c627e68dd
2023-08-31 10:24:47,632 [48880804-25a4-4bd1-b25e-a62c627e68dd@group-540638C6BC82-FollowerState] INFO  server.RaftServerConfigKeys (ConfUtils.java:logFallback(53)) - raft.server.rpc.first-election.timeout.max = 5200ms (fallback to raft.server.rpc.timeout.max)
2023-08-31 10:24:47,633 [48880804-25a4-4bd1-b25e-a62c627e68dd-groupManagement] INFO  server.RaftServerConfigKeys (ConfUtils.java:logGet(46)) - raft.server.snapshot.auto.trigger.enabled = true (custom)
2023-08-31 10:24:47,633 [48880804-25a4-4bd1-b25e-a62c627e68dd-groupManagement] INFO  server.RaftServerConfigKeys (ConfUtils.java:logGet(46)) - raft.server.snapshot.auto.trigger.threshold = 10000 (custom)
2023-08-31 10:24:47,633 [48880804-25a4-4bd1-b25e-a62c627e68dd-groupManagement] INFO  server.RaftServerConfigKeys (ConfUtils.java:logGet(46)) - raft.server.snapshot.retention.file.num = 5 (custom)
2023-08-31 10:24:47,633 [48880804-25a4-4bd1-b25e-a62c627e68dd-groupManagement] INFO  server.RaftServerConfigKeys (ConfUtils.java:logGet(46)) - raft.server.log.purge.upto.snapshot.index = false (default)
2023-08-31 10:24:47,633 [PipelineCommandHandlerThread-0] INFO  ratis.XceiverServerRatis (XceiverServerRatis.java:addGroup(804)) - Created group PipelineID=62bb4b80-9280-4fcd-aa01-540638c6bc82
2023-08-31 10:24:47,635 [JUnit] INFO  ozone.MiniOzoneClusterImpl (MiniOzoneClusterImpl.java:lambda$waitForClusterToBeReady$0(224)) - Nodes are ready. Got 5 of 5 DN Heartbeats.
2023-08-31 10:24:47,635 [JUnit] INFO  ozone.MiniOzoneClusterImpl (MiniOzoneClusterImpl.java:lambda$waitForClusterToBeReady$0(227)) - Waiting for cluster to exit safe mode
2023-08-31 10:24:47,636 [JUnit] INFO  ozone.MiniOzoneClusterImpl (MiniOzoneClusterImpl.java:lambda$waitForClusterToBeReady$0(229)) - SCM became leader
2023-08-31 10:24:47,648 [grpc-default-executor-4] INFO  server.RaftServer (RaftServerProxy.java:addNew(98)) - cdef5c6f-8bd8-48a8-8760-99c7043342d4: addNew group-540638C6BC82:[cdef5c6f-8bd8-48a8-8760-99c7043342d4|rpc:10.1.0.16:15076|admin:10.1.0.16:15075|client:10.1.0.16:15074|dataStream:10.1.0.16:15077|priority:0|startupRole:FOLLOWER, f7581748-7872-49ff-9c70-19e178dd57a8|rpc:10.1.0.16:15085|admin:10.1.0.16:15084|client:10.1.0.16:15083|dataStream:10.1.0.16:15086|priority:0|startupRole:FOLLOWER, 48880804-25a4-4bd1-b25e-a62c627e68dd|rpc:10.1.0.16:15067|admin:10.1.0.16:15066|client:10.1.0.16:15065|dataStream:10.1.0.16:15068|priority:1|startupRole:FOLLOWER] returns group-540638C6BC82:java.util.concurrent.CompletableFuture@230f22af[Not completed]
2023-08-31 10:24:47,649 [cdef5c6f-8bd8-48a8-8760-99c7043342d4-groupManagement] INFO  server.RaftServer$Division (RaftServerImpl.java:<init>(198)) - cdef5c6f-8bd8-48a8-8760-99c7043342d4: new RaftServerImpl for group-540638C6BC82:[cdef5c6f-8bd8-48a8-8760-99c7043342d4|rpc:10.1.0.16:15076|admin:10.1.0.16:15075|client:10.1.0.16:15074|dataStream:10.1.0.16:15077|priority:0|startupRole:FOLLOWER, f7581748-7872-49ff-9c70-19e178dd57a8|rpc:10.1.0.16:15085|admin:10.1.0.16:15084|client:10.1.0.16:15083|dataStream:10.1.0.16:15086|priority:0|startupRole:FOLLOWER, 48880804-25a4-4bd1-b25e-a62c627e68dd|rpc:10.1.0.16:15067|admin:10.1.0.16:15066|client:10.1.0.16:15065|dataStream:10.1.0.16:15068|priority:1|startupRole:FOLLOWER] with ContainerStateMachine:uninitialized
2023-08-31 10:24:47,649 [cdef5c6f-8bd8-48a8-8760-99c7043342d4-groupManagement] INFO  server.RaftServerConfigKeys (ConfUtils.java:logGet(46)) - raft.server.rpc.timeout.min = 5s (custom)
2023-08-31 10:24:47,649 [cdef5c6f-8bd8-48a8-8760-99c7043342d4-groupManagement] INFO  server.RaftServerConfigKeys (ConfUtils.java:logGet(46)) - raft.server.rpc.timeout.max = 5200ms (custom)
2023-08-31 10:24:47,649 [cdef5c6f-8bd8-48a8-8760-99c7043342d4-groupManagement] INFO  server.RaftServerConfigKeys (ConfUtils.java:logGet(46)) - raft.server.rpc.sleep.time = 25ms (default)
2023-08-31 10:24:47,649 [cdef5c6f-8bd8-48a8-8760-99c7043342d4-groupManagement] INFO  server.RaftServerConfigKeys (ConfUtils.java:logGet(46)) - raft.server.rpc.slowness.timeout = 300000ms (custom)
2023-08-31 10:24:47,649 [cdef5c6f-8bd8-48a8-8760-99c7043342d4-groupManagement] INFO  server.RaftServerConfigKeys (ConfUtils.java:logGet(46)) - raft.server.leaderelection.leader.step-down.wait-time = 10s (default)
2023-08-31 10:24:47,649 [cdef5c6f-8bd8-48a8-8760-99c7043342d4-groupManagement] INFO  server.RaftServerConfigKeys (ConfUtils.java:logGet(46)) - raft.server.sleep.deviation.threshold = 300ms (default)
2023-08-31 10:24:47,649 [cdef5c6f-8bd8-48a8-8760-99c7043342d4-groupManagement] INFO  server.RaftServer$Division (ServerState.java:<init>(120)) - cdef5c6f-8bd8-48a8-8760-99c7043342d4@group-540638C6BC82: ConfigurationManager, init=-1: peers:[cdef5c6f-8bd8-48a8-8760-99c7043342d4|rpc:10.1.0.16:15076|admin:10.1.0.16:15075|client:10.1.0.16:15074|dataStream:10.1.0.16:15077|priority:0|startupRole:FOLLOWER, f7581748-7872-49ff-9c70-19e178dd57a8|rpc:10.1.0.16:15085|admin:10.1.0.16:15084|client:10.1.0.16:15083|dataStream:10.1.0.16:15086|priority:0|startupRole:FOLLOWER, 48880804-25a4-4bd1-b25e-a62c627e68dd|rpc:10.1.0.16:15067|admin:10.1.0.16:15066|client:10.1.0.16:15065|dataStream:10.1.0.16:15068|priority:1|startupRole:FOLLOWER]|listeners:[], old=null, confs=<EMPTY_MAP>
2023-08-31 10:24:47,649 [cdef5c6f-8bd8-48a8-8760-99c7043342d4-groupManagement] INFO  server.RaftServerConfigKeys (ConfUtils.java:logGet(46)) - raft.server.storage.dir = [/home/runner/work/ozone/ozone/hadoop-ozone/integration-test/target/test-dir/MiniOzoneClusterImpl-3562ddc4-ebd0-49e0-a6e7-0f6459768660/datanode-1/data/ratis] (custom)
2023-08-31 10:24:47,649 [cdef5c6f-8bd8-48a8-8760-99c7043342d4-groupManagement] INFO  server.RaftServerConfigKeys (ConfUtils.java:logGet(46)) - raft.server.log.corruption.policy = EXCEPTION (default)
2023-08-31 10:24:47,649 [cdef5c6f-8bd8-48a8-8760-99c7043342d4-groupManagement] INFO  server.RaftServerConfigKeys (ConfUtils.java:logGet(46)) - raft.server.storage.free-space.min = 0MB (=0) (default)
2023-08-31 10:24:47,649 [cdef5c6f-8bd8-48a8-8760-99c7043342d4-groupManagement] INFO  server.RaftServerConfigKeys (ConfUtils.java:logGet(46)) - raft.server.notification.no-leader.timeout = 300000ms (custom)
2023-08-31 10:24:47,649 [cdef5c6f-8bd8-48a8-8760-99c7043342d4-groupManagement] INFO  server.RaftServerConfigKeys (ConfUtils.java:logGet(46)) - raft.server.read.timeout = 10s (default)
2023-08-31 10:24:47,649 [cdef5c6f-8bd8-48a8-8760-99c7043342d4-groupManagement] INFO  server.RaftServerConfigKeys (ConfUtils.java:logGet(46)) - raft.server.retrycache.expirytime = 600000ms (custom)
2023-08-31 10:24:47,649 [cdef5c6f-8bd8-48a8-8760-99c7043342d4-groupManagement] INFO  server.RaftServerConfigKeys (ConfUtils.java:logGet(46)) - raft.server.retrycache.statistics.expirytime = 100μs (default)
2023-08-31 10:24:47,649 [cdef5c6f-8bd8-48a8-8760-99c7043342d4-groupManagement] INFO  server.RaftServerConfigKeys (ConfUtils.java:logGet(46)) - raft.server.read.option = DEFAULT (default)
2023-08-31 10:24:47,650 [cdef5c6f-8bd8-48a8-8760-99c7043342d4-groupManagement] INFO  server.RaftServerConfigKeys (ConfUtils.java:logGet(46)) - raft.server.rpc.request.timeout = 3000ms (default)
2023-08-31 10:24:47,650 [cdef5c6f-8bd8-48a8-8760-99c7043342d4-groupManagement] INFO  server.RaftServerConfigKeys (ConfUtils.java:logGet(46)) - raft.server.log.appender.install.snapshot.enabled = false (custom)
2023-08-31 10:24:47,650 [cdef5c6f-8bd8-48a8-8760-99c7043342d4-groupManagement] INFO  server.RaftServerConfigKeys (ConfUtils.java:logGet(46)) - raft.server.threadpool.server.cached = true (default)
2023-08-31 10:24:47,650 [cdef5c6f-8bd8-48a8-8760-99c7043342d4-groupManagement] INFO  server.RaftServerConfigKeys (ConfUtils.java:logGet(46)) - raft.server.threadpool.server.size = 0 (default)
2023-08-31 10:24:47,650 [cdef5c6f-8bd8-48a8-8760-99c7043342d4-groupManagement] INFO  server.RaftServerConfigKeys (ConfUtils.java:logGet(46)) - raft.server.threadpool.client.cached = true (default)
2023-08-31 10:24:47,650 [cdef5c6f-8bd8-48a8-8760-99c7043342d4-groupManagement] INFO  server.RaftServerConfigKeys (ConfUtils.java:logGet(46)) - raft.server.threadpool.client.size = 0 (default)
2023-08-31 10:24:47,650 [cdef5c6f-8bd8-48a8-8760-99c7043342d4-groupManagement] INFO  storage.RaftStorageDirectory (RaftStorageDirectoryImpl.java:analyzeStorage(137)) - The storage directory /home/runner/work/ozone/ozone/hadoop-ozone/integration-test/target/test-dir/MiniOzoneClusterImpl-3562ddc4-ebd0-49e0-a6e7-0f6459768660/datanode-1/data/ratis/62bb4b80-9280-4fcd-aa01-540638c6bc82 does not exist. Creating ...
2023-08-31 10:24:47,653 [cdef5c6f-8bd8-48a8-8760-99c7043342d4-groupManagement] INFO  storage.RaftStorageDirectory (RaftStorageDirectoryImpl.java:tryLock(231)) - Lock on /home/runner/work/ozone/ozone/hadoop-ozone/integration-test/target/test-dir/MiniOzoneClusterImpl-3562ddc4-ebd0-49e0-a6e7-0f6459768660/datanode-1/data/ratis/62bb4b80-9280-4fcd-aa01-540638c6bc82/in_use.lock acquired by nodename 34453@fv-az304-998
2023-08-31 10:24:47,654 [cdef5c6f-8bd8-48a8-8760-99c7043342d4-groupManagement] INFO  storage.RaftStorage (RaftStorageImpl.java:format(96)) - Storage directory /home/runner/work/ozone/ozone/hadoop-ozone/integration-test/target/test-dir/MiniOzoneClusterImpl-3562ddc4-ebd0-49e0-a6e7-0f6459768660/datanode-1/data/ratis/62bb4b80-9280-4fcd-aa01-540638c6bc82 has been successfully formatted.
2023-08-31 10:24:47,656 [cdef5c6f-8bd8-48a8-8760-99c7043342d4-groupManagement] INFO  ratis.ContainerStateMachine (ContainerStateMachine.java:loadSnapshot(262)) - group-540638C6BC82: The snapshot info is null. Setting the last applied indexto:(t:0, i:~)
2023-08-31 10:24:47,656 [cdef5c6f-8bd8-48a8-8760-99c7043342d4-groupManagement] INFO  server.RaftServerConfigKeys (ConfUtils.java:logGet(46)) - raft.server.log.use.memory = false (default)
2023-08-31 10:24:47,656 [cdef5c6f-8bd8-48a8-8760-99c7043342d4-groupManagement] INFO  server.RaftServerConfigKeys (ConfUtils.java:logGet(46)) - raft.server.log.purge.gap = 1000000 (custom)
2023-08-31 10:24:47,656 [cdef5c6f-8bd8-48a8-8760-99c7043342d4-groupManagement] INFO  server.RaftServerConfigKeys (ConfUtils.java:logGet(46)) - raft.server.log.appender.buffer.byte-limit = 33554432 (custom)
2023-08-31 10:24:47,656 [cdef5c6f-8bd8-48a8-8760-99c7043342d4-groupManagement] INFO  server.RaftServerConfigKeys (ConfUtils.java:logGet(46)) - raft.server.log.statemachine.data.read.timeout = 1000ms (default)
2023-08-31 10:24:47,656 [cdef5c6f-8bd8-48a8-8760-99c7043342d4-groupManagement] INFO  server.RaftServerConfigKeys (ConfUtils.java:logGet(46)) - raft.server.log.purge.preservation.log.num = 0 (default)
2023-08-31 10:24:47,656 [cdef5c6f-8bd8-48a8-8760-99c7043342d4-groupManagement] INFO  server.RaftServerConfigKeys (ConfUtils.java:logGet(46)) - raft.server.log.segment.size.max = 1048576 (custom)
2023-08-31 10:24:47,657 [cdef5c6f-8bd8-48a8-8760-99c7043342d4-groupManagement] INFO  server.RaftServerConfigKeys (ConfUtils.java:logGet(46)) - raft.server.log.segment.cache.num.max = 2 (custom)
2023-08-31 10:24:47,657 [cdef5c6f-8bd8-48a8-8760-99c7043342d4-groupManagement] INFO  server.RaftServerConfigKeys (ConfUtils.java:logGet(46)) - raft.server.log.segment.cache.size.max = 200MB (=209715200) (default)
2023-08-31 10:24:47,657 [cdef5c6f-8bd8-48a8-8760-99c7043342d4-groupManagement] INFO  server.RaftServerConfigKeys (ConfUtils.java:logGet(46)) - raft.server.log.appender.buffer.byte-limit = 33554432 (custom)
2023-08-31 10:24:47,657 [cdef5c6f-8bd8-48a8-8760-99c7043342d4-groupManagement] INFO  segmented.SegmentedRaftLogWorker (SegmentedRaftLogWorker.java:<init>(188)) - new cdef5c6f-8bd8-48a8-8760-99c7043342d4@group-540638C6BC82-SegmentedRaftLogWorker for RaftStorageImpl:Storage Directory /home/runner/work/ozone/ozone/hadoop-ozone/integration-test/target/test-dir/MiniOzoneClusterImpl-3562ddc4-ebd0-49e0-a6e7-0f6459768660/datanode-1/data/ratis/62bb4b80-9280-4fcd-aa01-540638c6bc82
2023-08-31 10:24:47,657 [cdef5c6f-8bd8-48a8-8760-99c7043342d4-groupManagement] INFO  server.RaftServerConfigKeys (ConfUtils.java:logGet(46)) - raft.server.log.queue.byte-limit = 4294967296 (custom)
2023-08-31 10:24:47,657 [cdef5c6f-8bd8-48a8-8760-99c7043342d4-groupManagement] INFO  server.RaftServerConfigKeys (ConfUtils.java:logGet(46)) - raft.server.log.queue.element-limit = 1024 (custom)
2023-08-31 10:24:47,657 [cdef5c6f-8bd8-48a8-8760-99c7043342d4-groupManagement] INFO  server.RaftServerConfigKeys (ConfUtils.java:logGet(46)) - raft.server.log.segment.size.max = 1048576 (custom)
2023-08-31 10:24:47,657 [cdef5c6f-8bd8-48a8-8760-99c7043342d4-groupManagement] INFO  server.RaftServerConfigKeys (ConfUtils.java:logGet(46)) - raft.server.log.preallocated.size = 16384 (custom)
2023-08-31 10:24:47,657 [cdef5c6f-8bd8-48a8-8760-99c7043342d4-groupManagement] INFO  server.RaftServerConfigKeys (ConfUtils.java:logGet(46)) - raft.server.log.force.sync.num = 128 (default)
2023-08-31 10:24:47,657 [cdef5c6f-8bd8-48a8-8760-99c7043342d4-groupManagement] INFO  server.RaftServerConfigKeys (ConfUtils.java:logGet(46)) - raft.server.log.statemachine.data.sync = true (default)
2023-08-31 10:24:47,657 [cdef5c6f-8bd8-48a8-8760-99c7043342d4-groupManagement] INFO  server.RaftServerConfigKeys (ConfUtils.java:logGet(46)) - raft.server.log.statemachine.data.sync.timeout = 10s (default)
2023-08-31 10:24:47,657 [cdef5c6f-8bd8-48a8-8760-99c7043342d4-groupManagement] INFO  server.RaftServerConfigKeys (ConfUtils.java:logGet(46)) - raft.server.log.statemachine.data.sync.timeout.retry = -1 (default)
2023-08-31 10:24:47,657 [cdef5c6f-8bd8-48a8-8760-99c7043342d4-groupManagement] INFO  server.RaftServerConfigKeys (ConfUtils.java:logGet(46)) - raft.server.log.write.buffer.size = 1048576 (custom)
2023-08-31 10:24:47,658 [cdef5c6f-8bd8-48a8-8760-99c7043342d4-groupManagement] INFO  server.RaftServerConfigKeys (ConfUtils.java:logGet(46)) - raft.server.log.appender.buffer.byte-limit = 33554432 (custom)
2023-08-31 10:24:47,665 [cdef5c6f-8bd8-48a8-8760-99c7043342d4-groupManagement] INFO  server.RaftServerConfigKeys (ConfUtils.java:logGet(46)) - raft.server.log.unsafe-flush.enabled = false (default)
2023-08-31 10:24:47,665 [cdef5c6f-8bd8-48a8-8760-99c7043342d4-groupManagement] INFO  server.RaftServerConfigKeys (ConfUtils.java:logGet(46)) - raft.server.log.async-flush.enabled = false (default)
2023-08-31 10:24:47,665 [cdef5c6f-8bd8-48a8-8760-99c7043342d4-groupManagement] INFO  server.RaftServerConfigKeys (ConfUtils.java:logGet(46)) - raft.server.log.statemachine.data.caching.enabled = true (custom)
2023-08-31 10:24:47,665 [cdef5c6f-8bd8-48a8-8760-99c7043342d4-groupManagement] INFO  segmented.SegmentedRaftLogWorker (SegmentedRaftLogWorker.java:lambda$new$0(135)) - cdef5c6f-8bd8-48a8-8760-99c7043342d4@group-540638C6BC82-SegmentedRaftLogWorker: flushIndex: setUnconditionally 0 -> -1
2023-08-31 10:24:47,665 [cdef5c6f-8bd8-48a8-8760-99c7043342d4-groupManagement] INFO  segmented.SegmentedRaftLogWorker (SegmentedRaftLogWorker.java:lambda$new$0(135)) - cdef5c6f-8bd8-48a8-8760-99c7043342d4@group-540638C6BC82-SegmentedRaftLogWorker: safeCacheEvictIndex: setUnconditionally 0 -> -1
2023-08-31 10:24:47,666 [cdef5c6f-8bd8-48a8-8760-99c7043342d4-groupManagement] INFO  server.RaftServer$Division (RaftServerImpl.java:start(342)) - cdef5c6f-8bd8-48a8-8760-99c7043342d4@group-540638C6BC82: start as a follower, conf=-1: peers:[cdef5c6f-8bd8-48a8-8760-99c7043342d4|rpc:10.1.0.16:15076|admin:10.1.0.16:15075|client:10.1.0.16:15074|dataStream:10.1.0.16:15077|priority:0|startupRole:FOLLOWER, f7581748-7872-49ff-9c70-19e178dd57a8|rpc:10.1.0.16:15085|admin:10.1.0.16:15084|client:10.1.0.16:15083|dataStream:10.1.0.16:15086|priority:0|startupRole:FOLLOWER, 48880804-25a4-4bd1-b25e-a62c627e68dd|rpc:10.1.0.16:15067|admin:10.1.0.16:15066|client:10.1.0.16:15065|dataStream:10.1.0.16:15068|priority:1|startupRole:FOLLOWER]|listeners:[], old=null
2023-08-31 10:24:47,666 [cdef5c6f-8bd8-48a8-8760-99c7043342d4-groupManagement] INFO  server.RaftServer$Division (RaftServerImpl.java:setRole(329)) - cdef5c6f-8bd8-48a8-8760-99c7043342d4@group-540638C6BC82: changes role from      null to FOLLOWER at term 0 for startAsFollower
2023-08-31 10:24:47,666 [cdef5c6f-8bd8-48a8-8760-99c7043342d4-groupManagement] INFO  impl.RoleInfo (RoleInfo.java:updateAndGet(139)) - cdef5c6f-8bd8-48a8-8760-99c7043342d4: start cdef5c6f-8bd8-48a8-8760-99c7043342d4@group-540638C6BC82-FollowerState
2023-08-31 10:24:47,666 [cdef5c6f-8bd8-48a8-8760-99c7043342d4-groupManagement] INFO  util.JmxRegister (JmxRegister.java:tryRegister(44)) - Successfully registered JMX Bean with object name Ratis:service=RaftServer,group=group-540638C6BC82,id=cdef5c6f-8bd8-48a8-8760-99c7043342d4
2023-08-31 10:24:47,666 [cdef5c6f-8bd8-48a8-8760-99c7043342d4-groupManagement] INFO  server.RaftServerConfigKeys (ConfUtils.java:logGet(46)) - raft.server.snapshot.auto.trigger.enabled = true (custom)
2023-08-31 10:24:47,666 [cdef5c6f-8bd8-48a8-8760-99c7043342d4-groupManagement] INFO  server.RaftServerConfigKeys (ConfUtils.java:logGet(46)) - raft.server.snapshot.auto.trigger.threshold = 10000 (custom)
2023-08-31 10:24:47,666 [cdef5c6f-8bd8-48a8-8760-99c7043342d4-groupManagement] INFO  server.RaftServerConfigKeys (ConfUtils.java:logGet(46)) - raft.server.snapshot.retention.file.num = 5 (custom)
2023-08-31 10:24:47,666 [cdef5c6f-8bd8-48a8-8760-99c7043342d4-groupManagement] INFO  server.RaftServerConfigKeys (ConfUtils.java:logGet(46)) - raft.server.log.purge.upto.snapshot.index = false (default)
2023-08-31 10:24:47,667 [cdef5c6f-8bd8-48a8-8760-99c7043342d4@group-540638C6BC82-FollowerState] INFO  server.RaftServerConfigKeys (ConfUtils.java:logFallback(53)) - raft.server.rpc.first-election.timeout.min = 5s (fallback to raft.server.rpc.timeout.min)
2023-08-31 10:24:47,667 [cdef5c6f-8bd8-48a8-8760-99c7043342d4@group-540638C6BC82-FollowerState] INFO  server.RaftServerConfigKeys (ConfUtils.java:logFallback(53)) - raft.server.rpc.first-election.timeout.max = 5200ms (fallback to raft.server.rpc.timeout.max)
2023-08-31 10:24:47,683 [grpc-default-executor-4] INFO  server.RaftServer (RaftServerProxy.java:addNew(98)) - f7581748-7872-49ff-9c70-19e178dd57a8: addNew group-540638C6BC82:[cdef5c6f-8bd8-48a8-8760-99c7043342d4|rpc:10.1.0.16:15076|admin:10.1.0.16:15075|client:10.1.0.16:15074|dataStream:10.1.0.16:15077|priority:0|startupRole:FOLLOWER, f7581748-7872-49ff-9c70-19e178dd57a8|rpc:10.1.0.16:15085|admin:10.1.0.16:15084|client:10.1.0.16:15083|dataStream:10.1.0.16:15086|priority:0|startupRole:FOLLOWER, 48880804-25a4-4bd1-b25e-a62c627e68dd|rpc:10.1.0.16:15067|admin:10.1.0.16:15066|client:10.1.0.16:15065|dataStream:10.1.0.16:15068|priority:1|startupRole:FOLLOWER] returns group-540638C6BC82:java.util.concurrent.CompletableFuture@1bc6fcb0[Not completed]
2023-08-31 10:24:47,683 [f7581748-7872-49ff-9c70-19e178dd57a8-groupManagement] INFO  server.RaftServer$Division (RaftServerImpl.java:<init>(198)) - f7581748-7872-49ff-9c70-19e178dd57a8: new RaftServerImpl for group-540638C6BC82:[cdef5c6f-8bd8-48a8-8760-99c7043342d4|rpc:10.1.0.16:15076|admin:10.1.0.16:15075|client:10.1.0.16:15074|dataStream:10.1.0.16:15077|priority:0|startupRole:FOLLOWER, f7581748-7872-49ff-9c70-19e178dd57a8|rpc:10.1.0.16:15085|admin:10.1.0.16:15084|client:10.1.0.16:15083|dataStream:10.1.0.16:15086|priority:0|startupRole:FOLLOWER, 48880804-25a4-4bd1-b25e-a62c627e68dd|rpc:10.1.0.16:15067|admin:10.1.0.16:15066|client:10.1.0.16:15065|dataStream:10.1.0.16:15068|priority:1|startupRole:FOLLOWER] with ContainerStateMachine:uninitialized
2023-08-31 10:24:47,683 [f7581748-7872-49ff-9c70-19e178dd57a8-groupManagement] INFO  server.RaftServerConfigKeys (ConfUtils.java:logGet(46)) - raft.server.rpc.timeout.min = 5s (custom)
2023-08-31 10:24:47,683 [f7581748-7872-49ff-9c70-19e178dd57a8-groupManagement] INFO  server.RaftServerConfigKeys (ConfUtils.java:logGet(46)) - raft.server.rpc.timeout.max = 5200ms (custom)
2023-08-31 10:24:47,683 [f7581748-7872-49ff-9c70-19e178dd57a8-groupManagement] INFO  server.RaftServerConfigKeys (ConfUtils.java:logGet(46)) - raft.server.rpc.sleep.time = 25ms (default)
2023-08-31 10:24:47,683 [f7581748-7872-49ff-9c70-19e178dd57a8-groupManagement] INFO  server.RaftServerConfigKeys (ConfUtils.java:logGet(46)) - raft.server.rpc.slowness.timeout = 300000ms (custom)
2023-08-31 10:24:47,683 [f7581748-7872-49ff-9c70-19e178dd57a8-groupManagement] INFO  server.RaftServerConfigKeys (ConfUtils.java:logGet(46)) - raft.server.leaderelection.leader.step-down.wait-time = 10s (default)
2023-08-31 10:24:47,721 [f7581748-7872-49ff-9c70-19e178dd57a8-groupManagement] INFO  server.RaftServerConfigKeys (ConfUtils.java:logGet(46)) - raft.server.sleep.deviation.threshold = 300ms (default)
2023-08-31 10:24:47,721 [f7581748-7872-49ff-9c70-19e178dd57a8-groupManagement] INFO  server.RaftServer$Division (ServerState.java:<init>(120)) - f7581748-7872-49ff-9c70-19e178dd57a8@group-540638C6BC82: ConfigurationManager, init=-1: peers:[cdef5c6f-8bd8-48a8-8760-99c7043342d4|rpc:10.1.0.16:15076|admin:10.1.0.16:15075|client:10.1.0.16:15074|dataStream:10.1.0.16:15077|priority:0|startupRole:FOLLOWER, f7581748-7872-49ff-9c70-19e178dd57a8|rpc:10.1.0.16:15085|admin:10.1.0.16:15084|client:10.1.0.16:15083|dataStream:10.1.0.16:15086|priority:0|startupRole:FOLLOWER, 48880804-25a4-4bd1-b25e-a62c627e68dd|rpc:10.1.0.16:15067|admin:10.1.0.16:15066|client:10.1.0.16:15065|dataStream:10.1.0.16:15068|priority:1|startupRole:FOLLOWER]|listeners:[], old=null, confs=<EMPTY_MAP>
2023-08-31 10:24:47,721 [f7581748-7872-49ff-9c70-19e178dd57a8-groupManagement] INFO  server.RaftServerConfigKeys (ConfUtils.java:logGet(46)) - raft.server.storage.dir = [/home/runner/work/ozone/ozone/hadoop-ozone/integration-test/target/test-dir/MiniOzoneClusterImpl-3562ddc4-ebd0-49e0-a6e7-0f6459768660/datanode-2/data/ratis] (custom)
2023-08-31 10:24:47,721 [f7581748-7872-49ff-9c70-19e178dd57a8-groupManagement] INFO  server.RaftServerConfigKeys (ConfUtils.java:logGet(46)) - raft.server.log.corruption.policy = EXCEPTION (default)
2023-08-31 10:24:47,721 [f7581748-7872-49ff-9c70-19e178dd57a8-groupManagement] INFO  server.RaftServerConfigKeys (ConfUtils.java:logGet(46)) - raft.server.storage.free-space.min = 0MB (=0) (default)
2023-08-31 10:24:47,721 [f7581748-7872-49ff-9c70-19e178dd57a8-groupManagement] INFO  server.RaftServerConfigKeys (ConfUtils.java:logGet(46)) - raft.server.notification.no-leader.timeout = 300000ms (custom)
2023-08-31 10:24:47,721 [f7581748-7872-49ff-9c70-19e178dd57a8-groupManagement] INFO  server.RaftServerConfigKeys (ConfUtils.java:logGet(46)) - raft.server.read.timeout = 10s (default)
2023-08-31 10:24:47,721 [f7581748-7872-49ff-9c70-19e178dd57a8-groupManagement] INFO  server.RaftServerConfigKeys (ConfUtils.java:logGet(46)) - raft.server.retrycache.expirytime = 600000ms (custom)
2023-08-31 10:24:47,721 [f7581748-7872-49ff-9c70-19e178dd57a8-groupManagement] INFO  server.RaftServerConfigKeys (ConfUtils.java:logGet(46)) - raft.server.retrycache.statistics.expirytime = 100μs (default)
2023-08-31 10:24:47,721 [f7581748-7872-49ff-9c70-19e178dd57a8-groupManagement] INFO  server.RaftServerConfigKeys (ConfUtils.java:logGet(46)) - raft.server.read.option = DEFAULT (default)
2023-08-31 10:24:47,722 [f7581748-7872-49ff-9c70-19e178dd57a8-groupManagement] INFO  server.RaftServerConfigKeys (ConfUtils.java:logGet(46)) - raft.server.rpc.request.timeout = 3000ms (default)
2023-08-31 10:24:47,722 [f7581748-7872-49ff-9c70-19e178dd57a8-groupManagement] INFO  server.RaftServerConfigKeys (ConfUtils.java:logGet(46)) - raft.server.log.appender.install.snapshot.enabled = false (custom)
2023-08-31 10:24:47,722 [f7581748-7872-49ff-9c70-19e178dd57a8-groupManagement] INFO  server.RaftServerConfigKeys (ConfUtils.java:logGet(46)) - raft.server.threadpool.server.cached = true (default)
2023-08-31 10:24:47,722 [f7581748-7872-49ff-9c70-19e178dd57a8-groupManagement] INFO  server.RaftServerConfigKeys (ConfUtils.java:logGet(46)) - raft.server.threadpool.server.size = 0 (default)
2023-08-31 10:24:47,722 [f7581748-7872-49ff-9c70-19e178dd57a8-groupManagement] INFO  server.RaftServerConfigKeys (ConfUtils.java:logGet(46)) - raft.server.threadpool.client.cached = true (default)
2023-08-31 10:24:47,722 [f7581748-7872-49ff-9c70-19e178dd57a8-groupManagement] INFO  server.RaftServerConfigKeys (ConfUtils.java:logGet(46)) - raft.server.threadpool.client.size = 0 (default)
2023-08-31 10:24:47,722 [f7581748-7872-49ff-9c70-19e178dd57a8-groupManagement] INFO  storage.RaftStorageDirectory (RaftStorageDirectoryImpl.java:analyzeStorage(137)) - The storage directory /home/runner/work/ozone/ozone/hadoop-ozone/integration-test/target/test-dir/MiniOzoneClusterImpl-3562ddc4-ebd0-49e0-a6e7-0f6459768660/datanode-2/data/ratis/62bb4b80-9280-4fcd-aa01-540638c6bc82 does not exist. Creating ...
2023-08-31 10:24:47,726 [f7581748-7872-49ff-9c70-19e178dd57a8-groupManagement] INFO  storage.RaftStorageDirectory (RaftStorageDirectoryImpl.java:tryLock(231)) - Lock on /home/runner/work/ozone/ozone/hadoop-ozone/integration-test/target/test-dir/MiniOzoneClusterImpl-3562ddc4-ebd0-49e0-a6e7-0f6459768660/datanode-2/data/ratis/62bb4b80-9280-4fcd-aa01-540638c6bc82/in_use.lock acquired by nodename 34453@fv-az304-998
2023-08-31 10:24:47,728 [f7581748-7872-49ff-9c70-19e178dd57a8-groupManagement] INFO  storage.RaftStorage (RaftStorageImpl.java:format(96)) - Storage directory /home/runner/work/ozone/ozone/hadoop-ozone/integration-test/target/test-dir/MiniOzoneClusterImpl-3562ddc4-ebd0-49e0-a6e7-0f6459768660/datanode-2/data/ratis/62bb4b80-9280-4fcd-aa01-540638c6bc82 has been successfully formatted.
2023-08-31 10:24:47,730 [f7581748-7872-49ff-9c70-19e178dd57a8-groupManagement] INFO  ratis.ContainerStateMachine (ContainerStateMachine.java:loadSnapshot(262)) - group-540638C6BC82: The snapshot info is null. Setting the last applied indexto:(t:0, i:~)
2023-08-31 10:24:47,730 [f7581748-7872-49ff-9c70-19e178dd57a8-groupManagement] INFO  server.RaftServerConfigKeys (ConfUtils.java:logGet(46)) - raft.server.log.use.memory = false (default)
2023-08-31 10:24:47,733 [f7581748-7872-49ff-9c70-19e178dd57a8-groupManagement] INFO  server.RaftServerConfigKeys (ConfUtils.java:logGet(46)) - raft.server.log.purge.gap = 1000000 (custom)
2023-08-31 10:24:47,733 [f7581748-7872-49ff-9c70-19e178dd57a8-groupManagement] INFO  server.RaftServerConfigKeys (ConfUtils.java:logGet(46)) - raft.server.log.appender.buffer.byte-limit = 33554432 (custom)
2023-08-31 10:24:47,733 [f7581748-7872-49ff-9c70-19e178dd57a8-groupManagement] INFO  server.RaftServerConfigKeys (ConfUtils.java:logGet(46)) - raft.server.log.statemachine.data.read.timeout = 1000ms (default)
2023-08-31 10:24:47,733 [f7581748-7872-49ff-9c70-19e178dd57a8-groupManagement] INFO  server.RaftServerConfigKeys (ConfUtils.java:logGet(46)) - raft.server.log.purge.preservation.log.num = 0 (default)
2023-08-31 10:24:47,733 [f7581748-7872-49ff-9c70-19e178dd57a8-groupManagement] INFO  server.RaftServerConfigKeys (ConfUtils.java:logGet(46)) - raft.server.log.segment.size.max = 1048576 (custom)
2023-08-31 10:24:47,733 [f7581748-7872-49ff-9c70-19e178dd57a8-groupManagement] INFO  server.RaftServerConfigKeys (ConfUtils.java:logGet(46)) - raft.server.log.segment.cache.num.max = 2 (custom)
2023-08-31 10:24:47,733 [f7581748-7872-49ff-9c70-19e178dd57a8-groupManagement] INFO  server.RaftServerConfigKeys (ConfUtils.java:logGet(46)) - raft.server.log.segment.cache.size.max = 200MB (=209715200) (default)
2023-08-31 10:24:47,733 [f7581748-7872-49ff-9c70-19e178dd57a8-groupManagement] INFO  server.RaftServerConfigKeys (ConfUtils.java:logGet(46)) - raft.server.log.appender.buffer.byte-limit = 33554432 (custom)
2023-08-31 10:24:47,733 [f7581748-7872-49ff-9c70-19e178dd57a8-groupManagement] INFO  segmented.SegmentedRaftLogWorker (SegmentedRaftLogWorker.java:<init>(188)) - new f7581748-7872-49ff-9c70-19e178dd57a8@group-540638C6BC82-SegmentedRaftLogWorker for RaftStorageImpl:Storage Directory /home/runner/work/ozone/ozone/hadoop-ozone/integration-test/target/test-dir/MiniOzoneClusterImpl-3562ddc4-ebd0-49e0-a6e7-0f6459768660/datanode-2/data/ratis/62bb4b80-9280-4fcd-aa01-540638c6bc82
2023-08-31 10:24:47,733 [f7581748-7872-49ff-9c70-19e178dd57a8-groupManagement] INFO  server.RaftServerConfigKeys (ConfUtils.java:logGet(46)) - raft.server.log.queue.byte-limit = 4294967296 (custom)
2023-08-31 10:24:47,733 [f7581748-7872-49ff-9c70-19e178dd57a8-groupManagement] INFO  server.RaftServerConfigKeys (ConfUtils.java:logGet(46)) - raft.server.log.queue.element-limit = 1024 (custom)
2023-08-31 10:24:47,733 [f7581748-7872-49ff-9c70-19e178dd57a8-groupManagement] INFO  server.RaftServerConfigKeys (ConfUtils.java:logGet(46)) - raft.server.log.segment.size.max = 1048576 (custom)
2023-08-31 10:24:47,734 [f7581748-7872-49ff-9c70-19e178dd57a8-groupManagement] INFO  server.RaftServerConfigKeys (ConfUtils.java:logGet(46)) - raft.server.log.preallocated.size = 16384 (custom)
2023-08-31 10:24:47,734 [f7581748-7872-49ff-9c70-19e178dd57a8-groupManagement] INFO  server.RaftServerConfigKeys (ConfUtils.java:logGet(46)) - raft.server.log.force.sync.num = 128 (default)
2023-08-31 10:24:47,734 [f7581748-7872-49ff-9c70-19e178dd57a8-groupManagement] INFO  server.RaftServerConfigKeys (ConfUtils.java:logGet(46)) - raft.server.log.statemachine.data.sync = true (default)
2023-08-31 10:24:47,734 [f7581748-7872-49ff-9c70-19e178dd57a8-groupManagement] INFO  server.RaftServerConfigKeys (ConfUtils.java:logGet(46)) - raft.server.log.statemachine.data.sync.timeout = 10s (default)
2023-08-31 10:24:47,734 [f7581748-7872-49ff-9c70-19e178dd57a8-groupManagement] INFO  server.RaftServerConfigKeys (ConfUtils.java:logGet(46)) - raft.server.log.statemachine.data.sync.timeout.retry = -1 (default)
2023-08-31 10:24:47,734 [f7581748-7872-49ff-9c70-19e178dd57a8-groupManagement] INFO  server.RaftServerConfigKeys (ConfUtils.java:logGet(46)) - raft.server.log.write.buffer.size = 1048576 (custom)
2023-08-31 10:24:47,735 [f7581748-7872-49ff-9c70-19e178dd57a8-groupManagement] INFO  server.RaftServerConfigKeys (ConfUtils.java:logGet(46)) - raft.server.log.appender.buffer.byte-limit = 33554432 (custom)
2023-08-31 10:24:47,738 [f7581748-7872-49ff-9c70-19e178dd57a8-groupManagement] INFO  server.RaftServerConfigKeys (ConfUtils.java:logGet(46)) - raft.server.log.unsafe-flush.enabled = false (default)
2023-08-31 10:24:47,738 [f7581748-7872-49ff-9c70-19e178dd57a8-groupManagement] INFO  server.RaftServerConfigKeys (ConfUtils.java:logGet(46)) - raft.server.log.async-flush.enabled = false (default)
2023-08-31 10:24:47,738 [f7581748-7872-49ff-9c70-19e178dd57a8-groupManagement] INFO  server.RaftServerConfigKeys (ConfUtils.java:logGet(46)) - raft.server.log.statemachine.data.caching.enabled = true (custom)
2023-08-31 10:24:47,738 [f7581748-7872-49ff-9c70-19e178dd57a8-groupManagement] INFO  segmented.SegmentedRaftLogWorker (SegmentedRaftLogWorker.java:lambda$new$0(135)) - f7581748-7872-49ff-9c70-19e178dd57a8@group-540638C6BC82-SegmentedRaftLogWorker: flushIndex: setUnconditionally 0 -> -1
2023-08-31 10:24:47,738 [f7581748-7872-49ff-9c70-19e178dd57a8-groupManagement] INFO  segmented.SegmentedRaftLogWorker (SegmentedRaftLogWorker.java:lambda$new$0(135)) - f7581748-7872-49ff-9c70-19e178dd57a8@group-540638C6BC82-SegmentedRaftLogWorker: safeCacheEvictIndex: setUnconditionally 0 -> -1
2023-08-31 10:24:47,738 [f7581748-7872-49ff-9c70-19e178dd57a8-groupManagement] INFO  server.RaftServer$Division (RaftServerImpl.java:start(342)) - f7581748-7872-49ff-9c70-19e178dd57a8@group-540638C6BC82: start as a follower, conf=-1: peers:[cdef5c6f-8bd8-48a8-8760-99c7043342d4|rpc:10.1.0.16:15076|admin:10.1.0.16:15075|client:10.1.0.16:15074|dataStream:10.1.0.16:15077|priority:0|startupRole:FOLLOWER, f7581748-7872-49ff-9c70-19e178dd57a8|rpc:10.1.0.16:15085|admin:10.1.0.16:15084|client:10.1.0.16:15083|dataStream:10.1.0.16:15086|priority:0|startupRole:FOLLOWER, 48880804-25a4-4bd1-b25e-a62c627e68dd|rpc:10.1.0.16:15067|admin:10.1.0.16:15066|client:10.1.0.16:15065|dataStream:10.1.0.16:15068|priority:1|startupRole:FOLLOWER]|listeners:[], old=null
2023-08-31 10:24:47,738 [f7581748-7872-49ff-9c70-19e178dd57a8-groupManagement] INFO  server.RaftServer$Division (RaftServerImpl.java:setRole(329)) - f7581748-7872-49ff-9c70-19e178dd57a8@group-540638C6BC82: changes role from      null to FOLLOWER at term 0 for startAsFollower
2023-08-31 10:24:47,738 [f7581748-7872-49ff-9c70-19e178dd57a8-groupManagement] INFO  impl.RoleInfo (RoleInfo.java:updateAndGet(139)) - f7581748-7872-49ff-9c70-19e178dd57a8: start f7581748-7872-49ff-9c70-19e178dd57a8@group-540638C6BC82-FollowerState
2023-08-31 10:24:47,745 [f7581748-7872-49ff-9c70-19e178dd57a8-groupManagement] INFO  util.JmxRegister (JmxRegister.java:tryRegister(44)) - Successfully registered JMX Bean with object name Ratis:service=RaftServer,group=group-540638C6BC82,id=f7581748-7872-49ff-9c70-19e178dd57a8
2023-08-31 10:24:47,745 [f7581748-7872-49ff-9c70-19e178dd57a8-groupManagement] INFO  server.RaftServerConfigKeys (ConfUtils.java:logGet(46)) - raft.server.snapshot.auto.trigger.enabled = true (custom)
2023-08-31 10:24:47,745 [f7581748-7872-49ff-9c70-19e178dd57a8-groupManagement] INFO  server.RaftServerConfigKeys (ConfUtils.java:logGet(46)) - raft.server.snapshot.auto.trigger.threshold = 10000 (custom)
2023-08-31 10:24:47,745 [f7581748-7872-49ff-9c70-19e178dd57a8-groupManagement] INFO  server.RaftServerConfigKeys (ConfUtils.java:logGet(46)) - raft.server.snapshot.retention.file.num = 5 (custom)
2023-08-31 10:24:47,745 [f7581748-7872-49ff-9c70-19e178dd57a8-groupManagement] INFO  server.RaftServerConfigKeys (ConfUtils.java:logGet(46)) - raft.server.log.purge.upto.snapshot.index = false (default)
2023-08-31 10:24:47,749 [f7581748-7872-49ff-9c70-19e178dd57a8@group-540638C6BC82-FollowerState] INFO  server.RaftServerConfigKeys (ConfUtils.java:logFallback(53)) - raft.server.rpc.first-election.timeout.min = 5s (fallback to raft.server.rpc.timeout.min)
2023-08-31 10:24:47,749 [f7581748-7872-49ff-9c70-19e178dd57a8@group-540638C6BC82-FollowerState] INFO  server.RaftServerConfigKeys (ConfUtils.java:logFallback(53)) - raft.server.rpc.first-election.timeout.max = 5200ms (fallback to raft.server.rpc.timeout.max)
2023-08-31 10:24:47,758 [PipelineCommandHandlerThread-0] INFO  commandhandler.CreatePipelineCommandHandler (CreatePipelineCommandHandler.java:lambda$handle$2(124)) - Created Pipeline RATIS THREE PipelineID=62bb4b80-9280-4fcd-aa01-540638c6bc82.
2023-08-31 10:24:47,779 [PipelineCommandHandlerThread-0] INFO  server.RaftServer (RaftServerProxy.java:addNew(98)) - cdef5c6f-8bd8-48a8-8760-99c7043342d4: addNew group-8D32B71C82D8:[cdef5c6f-8bd8-48a8-8760-99c7043342d4|rpc:10.1.0.16:15076|admin:10.1.0.16:15075|client:10.1.0.16:15074|dataStream:10.1.0.16:15077|priority:1|startupRole:FOLLOWER] returns group-8D32B71C82D8:java.util.concurrent.CompletableFuture@3270d993[Not completed]
2023-08-31 10:24:47,780 [cdef5c6f-8bd8-48a8-8760-99c7043342d4-groupManagement] INFO  server.RaftServer$Division (RaftServerImpl.java:<init>(198)) - cdef5c6f-8bd8-48a8-8760-99c7043342d4: new RaftServerImpl for group-8D32B71C82D8:[cdef5c6f-8bd8-48a8-8760-99c7043342d4|rpc:10.1.0.16:15076|admin:10.1.0.16:15075|client:10.1.0.16:15074|dataStream:10.1.0.16:15077|priority:1|startupRole:FOLLOWER] with ContainerStateMachine:uninitialized
2023-08-31 10:24:47,780 [cdef5c6f-8bd8-48a8-8760-99c7043342d4-groupManagement] INFO  server.RaftServerConfigKeys (ConfUtils.java:logGet(46)) - raft.server.rpc.timeout.min = 5s (custom)
2023-08-31 10:24:47,780 [cdef5c6f-8bd8-48a8-8760-99c7043342d4-groupManagement] INFO  server.RaftServerConfigKeys (ConfUtils.java:logGet(46)) - raft.server.rpc.timeout.max = 5200ms (custom)
2023-08-31 10:24:47,780 [cdef5c6f-8bd8-48a8-8760-99c7043342d4-groupManagement] INFO  server.RaftServerConfigKeys (ConfUtils.java:logGet(46)) - raft.server.rpc.sleep.time = 25ms (default)
2023-08-31 10:24:47,780 [cdef5c6f-8bd8-48a8-8760-99c7043342d4-groupManagement] INFO  server.RaftServerConfigKeys (ConfUtils.java:logGet(46)) - raft.server.rpc.slowness.timeout = 300000ms (custom)
2023-08-31 10:24:47,780 [cdef5c6f-8bd8-48a8-8760-99c7043342d4-groupManagement] INFO  server.RaftServerConfigKeys (ConfUtils.java:logGet(46)) - raft.server.leaderelection.leader.step-down.wait-time = 10s (default)
2023-08-31 10:24:47,780 [cdef5c6f-8bd8-48a8-8760-99c7043342d4-groupManagement] INFO  server.RaftServerConfigKeys (ConfUtils.java:logGet(46)) - raft.server.sleep.deviation.threshold = 300ms (default)
2023-08-31 10:24:47,781 [cdef5c6f-8bd8-48a8-8760-99c7043342d4-groupManagement] INFO  server.RaftServer$Division (ServerState.java:<init>(120)) - cdef5c6f-8bd8-48a8-8760-99c7043342d4@group-8D32B71C82D8: ConfigurationManager, init=-1: peers:[cdef5c6f-8bd8-48a8-8760-99c7043342d4|rpc:10.1.0.16:15076|admin:10.1.0.16:15075|client:10.1.0.16:15074|dataStream:10.1.0.16:15077|priority:1|startupRole:FOLLOWER]|listeners:[], old=null, confs=<EMPTY_MAP>
2023-08-31 10:24:47,781 [cdef5c6f-8bd8-48a8-8760-99c7043342d4-groupManagement] INFO  server.RaftServerConfigKeys (ConfUtils.java:logGet(46)) - raft.server.storage.dir = [/home/runner/work/ozone/ozone/hadoop-ozone/integration-test/target/test-dir/MiniOzoneClusterImpl-3562ddc4-ebd0-49e0-a6e7-0f6459768660/datanode-1/data/ratis] (custom)
2023-08-31 10:24:47,781 [cdef5c6f-8bd8-48a8-8760-99c7043342d4-groupManagement] INFO  server.RaftServerConfigKeys (ConfUtils.java:logGet(46)) - raft.server.log.corruption.policy = EXCEPTION (default)
2023-08-31 10:24:47,781 [cdef5c6f-8bd8-48a8-8760-99c7043342d4-groupManagement] INFO  server.RaftServerConfigKeys (ConfUtils.java:logGet(46)) - raft.server.storage.free-space.min = 0MB (=0) (default)
2023-08-31 10:24:47,781 [cdef5c6f-8bd8-48a8-8760-99c7043342d4-groupManagement] INFO  server.RaftServerConfigKeys (ConfUtils.java:logGet(46)) - raft.server.notification.no-leader.timeout = 300000ms (custom)
2023-08-31 10:24:47,781 [cdef5c6f-8bd8-48a8-8760-99c7043342d4-groupManagement] INFO  server.RaftServerConfigKeys (ConfUtils.java:logGet(46)) - raft.server.read.timeout = 10s (default)
2023-08-31 10:24:47,781 [cdef5c6f-8bd8-48a8-8760-99c7043342d4-groupManagement] INFO  server.RaftServerConfigKeys (ConfUtils.java:logGet(46)) - raft.server.retrycache.expirytime = 600000ms (custom)
2023-08-31 10:24:47,781 [cdef5c6f-8bd8-48a8-8760-99c7043342d4-groupManagement] INFO  server.RaftServerConfigKeys (ConfUtils.java:logGet(46)) - raft.server.retrycache.statistics.expirytime = 100μs (default)
2023-08-31 10:24:47,781 [cdef5c6f-8bd8-48a8-8760-99c7043342d4-groupManagement] INFO  server.RaftServerConfigKeys (ConfUtils.java:logGet(46)) - raft.server.read.option = DEFAULT (default)
2023-08-31 10:24:47,782 [cdef5c6f-8bd8-48a8-8760-99c7043342d4-groupManagement] INFO  server.RaftServerConfigKeys (ConfUtils.java:logGet(46)) - raft.server.rpc.request.timeout = 3000ms (default)
2023-08-31 10:24:47,782 [cdef5c6f-8bd8-48a8-8760-99c7043342d4-groupManagement] INFO  server.RaftServerConfigKeys (ConfUtils.java:logGet(46)) - raft.server.log.appender.install.snapshot.enabled = false (custom)
2023-08-31 10:24:47,782 [cdef5c6f-8bd8-48a8-8760-99c7043342d4-groupManagement] INFO  server.RaftServerConfigKeys (ConfUtils.java:logGet(46)) - raft.server.threadpool.server.cached = true (default)
2023-08-31 10:24:47,782 [cdef5c6f-8bd8-48a8-8760-99c7043342d4-groupManagement] INFO  server.RaftServerConfigKeys (ConfUtils.java:logGet(46)) - raft.server.threadpool.server.size = 0 (default)
2023-08-31 10:24:47,782 [cdef5c6f-8bd8-48a8-8760-99c7043342d4-groupManagement] INFO  server.RaftServerConfigKeys (ConfUtils.java:logGet(46)) - raft.server.threadpool.client.cached = true (default)
2023-08-31 10:24:47,782 [cdef5c6f-8bd8-48a8-8760-99c7043342d4-groupManagement] INFO  server.RaftServerConfigKeys (ConfUtils.java:logGet(46)) - raft.server.threadpool.client.size = 0 (default)
2023-08-31 10:24:47,782 [cdef5c6f-8bd8-48a8-8760-99c7043342d4-groupManagement] INFO  storage.RaftStorageDirectory (RaftStorageDirectoryImpl.java:analyzeStorage(137)) - The storage directory /home/runner/work/ozone/ozone/hadoop-ozone/integration-test/target/test-dir/MiniOzoneClusterImpl-3562ddc4-ebd0-49e0-a6e7-0f6459768660/datanode-1/data/ratis/dde60be3-81de-454c-afd6-8d32b71c82d8 does not exist. Creating ...
2023-08-31 10:24:47,783 [cdef5c6f-8bd8-48a8-8760-99c7043342d4-groupManagement] INFO  storage.RaftStorageDirectory (RaftStorageDirectoryImpl.java:tryLock(231)) - Lock on /home/runner/work/ozone/ozone/hadoop-ozone/integration-test/target/test-dir/MiniOzoneClusterImpl-3562ddc4-ebd0-49e0-a6e7-0f6459768660/datanode-1/data/ratis/dde60be3-81de-454c-afd6-8d32b71c82d8/in_use.lock acquired by nodename 34453@fv-az304-998
2023-08-31 10:24:47,784 [cdef5c6f-8bd8-48a8-8760-99c7043342d4-groupManagement] INFO  storage.RaftStorage (RaftStorageImpl.java:format(96)) - Storage directory /home/runner/work/ozone/ozone/hadoop-ozone/integration-test/target/test-dir/MiniOzoneClusterImpl-3562ddc4-ebd0-49e0-a6e7-0f6459768660/datanode-1/data/ratis/dde60be3-81de-454c-afd6-8d32b71c82d8 has been successfully formatted.
2023-08-31 10:24:47,787 [EventQueue-PipelineReportForPipelineReportHandler] INFO  pipeline.PipelineReportHandler (PipelineReportHandler.java:processPipelineReport(136)) - Opened pipeline PipelineID=dde60be3-81de-454c-afd6-8d32b71c82d8
2023-08-31 10:24:47,787 [EventQueue-OpenPipelineForHealthyPipelineSafeModeRule] INFO  safemode.SCMSafeModeManager (HealthyPipelineSafeModeRule.java:process(137)) - SCM in safe mode. Healthy pipelines reported count is 0, required healthy pipeline reported count is 1
2023-08-31 10:24:47,789 [cdef5c6f-8bd8-48a8-8760-99c7043342d4-groupManagement] INFO  ratis.ContainerStateMachine (ContainerStateMachine.java:loadSnapshot(262)) - group-8D32B71C82D8: The snapshot info is null. Setting the last applied indexto:(t:0, i:~)
2023-08-31 10:24:47,789 [cdef5c6f-8bd8-48a8-8760-99c7043342d4-groupManagement] INFO  server.RaftServerConfigKeys (ConfUtils.java:logGet(46)) - raft.server.log.use.memory = false (default)
2023-08-31 10:24:47,789 [cdef5c6f-8bd8-48a8-8760-99c7043342d4-groupManagement] INFO  server.RaftServerConfigKeys (ConfUtils.java:logGet(46)) - raft.server.log.purge.gap = 1000000 (custom)
2023-08-31 10:24:47,789 [cdef5c6f-8bd8-48a8-8760-99c7043342d4-groupManagement] INFO  server.RaftServerConfigKeys (ConfUtils.java:logGet(46)) - raft.server.log.appender.buffer.byte-limit = 33554432 (custom)
2023-08-31 10:24:47,789 [cdef5c6f-8bd8-48a8-8760-99c7043342d4-groupManagement] INFO  server.RaftServerConfigKeys (ConfUtils.java:logGet(46)) - raft.server.log.statemachine.data.read.timeout = 1000ms (default)
2023-08-31 10:24:47,789 [cdef5c6f-8bd8-48a8-8760-99c7043342d4-groupManagement] INFO  server.RaftServerConfigKeys (ConfUtils.java:logGet(46)) - raft.server.log.purge.preservation.log.num = 0 (default)
2023-08-31 10:24:47,789 [cdef5c6f-8bd8-48a8-8760-99c7043342d4-groupManagement] INFO  server.RaftServerConfigKeys (ConfUtils.java:logGet(46)) - raft.server.log.segment.size.max = 1048576 (custom)
2023-08-31 10:24:47,790 [cdef5c6f-8bd8-48a8-8760-99c7043342d4-groupManagement] INFO  server.RaftServerConfigKeys (ConfUtils.java:logGet(46)) - raft.server.log.segment.cache.num.max = 2 (custom)
2023-08-31 10:24:47,790 [cdef5c6f-8bd8-48a8-8760-99c7043342d4-groupManagement] INFO  server.RaftServerConfigKeys (ConfUtils.java:logGet(46)) - raft.server.log.segment.cache.size.max = 200MB (=209715200) (default)
2023-08-31 10:24:47,790 [cdef5c6f-8bd8-48a8-8760-99c7043342d4-groupManagement] INFO  server.RaftServerConfigKeys (ConfUtils.java:logGet(46)) - raft.server.log.appender.buffer.byte-limit = 33554432 (custom)
2023-08-31 10:24:47,790 [cdef5c6f-8bd8-48a8-8760-99c7043342d4-groupManagement] INFO  segmented.SegmentedRaftLogWorker (SegmentedRaftLogWorker.java:<init>(188)) - new cdef5c6f-8bd8-48a8-8760-99c7043342d4@group-8D32B71C82D8-SegmentedRaftLogWorker for RaftStorageImpl:Storage Directory /home/runner/work/ozone/ozone/hadoop-ozone/integration-test/target/test-dir/MiniOzoneClusterImpl-3562ddc4-ebd0-49e0-a6e7-0f6459768660/datanode-1/data/ratis/dde60be3-81de-454c-afd6-8d32b71c82d8
2023-08-31 10:24:47,791 [cdef5c6f-8bd8-48a8-8760-99c7043342d4-groupManagement] INFO  server.RaftServerConfigKeys (ConfUtils.java:logGet(46)) - raft.server.log.queue.byte-limit = 4294967296 (custom)
2023-08-31 10:24:47,791 [cdef5c6f-8bd8-48a8-8760-99c7043342d4-groupManagement] INFO  server.RaftServerConfigKeys (ConfUtils.java:logGet(46)) - raft.server.log.queue.element-limit = 1024 (custom)
2023-08-31 10:24:47,791 [cdef5c6f-8bd8-48a8-8760-99c7043342d4-groupManagement] INFO  server.RaftServerConfigKeys (ConfUtils.java:logGet(46)) - raft.server.log.segment.size.max = 1048576 (custom)
2023-08-31 10:24:47,791 [cdef5c6f-8bd8-48a8-8760-99c7043342d4-groupManagement] INFO  server.RaftServerConfigKeys (ConfUtils.java:logGet(46)) - raft.server.log.preallocated.size = 16384 (custom)
2023-08-31 10:24:47,791 [cdef5c6f-8bd8-48a8-8760-99c7043342d4-groupManagement] INFO  server.RaftServerConfigKeys (ConfUtils.java:logGet(46)) - raft.server.log.force.sync.num = 128 (default)
2023-08-31 10:24:47,791 [cdef5c6f-8bd8-48a8-8760-99c7043342d4-groupManagement] INFO  server.RaftServerConfigKeys (ConfUtils.java:logGet(46)) - raft.server.log.statemachine.data.sync = true (default)
2023-08-31 10:24:47,791 [cdef5c6f-8bd8-48a8-8760-99c7043342d4-groupManagement] INFO  server.RaftServerConfigKeys (ConfUtils.java:logGet(46)) - raft.server.log.statemachine.data.sync.timeout = 10s (default)
2023-08-31 10:24:47,791 [cdef5c6f-8bd8-48a8-8760-99c7043342d4-groupManagement] INFO  server.RaftServerConfigKeys (ConfUtils.java:logGet(46)) - raft.server.log.statemachine.data.sync.timeout.retry = -1 (default)
2023-08-31 10:24:47,791 [cdef5c6f-8bd8-48a8-8760-99c7043342d4-groupManagement] INFO  server.RaftServerConfigKeys (ConfUtils.java:logGet(46)) - raft.server.log.write.buffer.size = 1048576 (custom)
2023-08-31 10:24:47,792 [cdef5c6f-8bd8-48a8-8760-99c7043342d4-groupManagement] INFO  server.RaftServerConfigKeys (ConfUtils.java:logGet(46)) - raft.server.log.appender.buffer.byte-limit = 33554432 (custom)
2023-08-31 10:24:47,797 [cdef5c6f-8bd8-48a8-8760-99c7043342d4-groupManagement] INFO  server.RaftServerConfigKeys (ConfUtils.java:logGet(46)) - raft.server.log.unsafe-flush.enabled = false (default)
2023-08-31 10:24:47,797 [cdef5c6f-8bd8-48a8-8760-99c7043342d4-groupManagement] INFO  server.RaftServerConfigKeys (ConfUtils.java:logGet(46)) - raft.server.log.async-flush.enabled = false (default)
2023-08-31 10:24:47,797 [cdef5c6f-8bd8-48a8-8760-99c7043342d4-groupManagement] INFO  server.RaftServerConfigKeys (ConfUtils.java:logGet(46)) - raft.server.log.statemachine.data.caching.enabled = true (custom)
2023-08-31 10:24:47,797 [cdef5c6f-8bd8-48a8-8760-99c7043342d4-groupManagement] INFO  segmented.SegmentedRaftLogWorker (SegmentedRaftLogWorker.java:lambda$new$0(135)) - cdef5c6f-8bd8-48a8-8760-99c7043342d4@group-8D32B71C82D8-SegmentedRaftLogWorker: flushIndex: setUnconditionally 0 -> -1
2023-08-31 10:24:47,797 [cdef5c6f-8bd8-48a8-8760-99c7043342d4-groupManagement] INFO  segmented.SegmentedRaftLogWorker (SegmentedRaftLogWorker.java:lambda$new$0(135)) - cdef5c6f-8bd8-48a8-8760-99c7043342d4@group-8D32B71C82D8-SegmentedRaftLogWorker: safeCacheEvictIndex: setUnconditionally 0 -> -1
2023-08-31 10:24:47,797 [cdef5c6f-8bd8-48a8-8760-99c7043342d4-groupManagement] INFO  server.RaftServer$Division (RaftServerImpl.java:start(342)) - cdef5c6f-8bd8-48a8-8760-99c7043342d4@group-8D32B71C82D8: start as a follower, conf=-1: peers:[cdef5c6f-8bd8-48a8-8760-99c7043342d4|rpc:10.1.0.16:15076|admin:10.1.0.16:15075|client:10.1.0.16:15074|dataStream:10.1.0.16:15077|priority:1|startupRole:FOLLOWER]|listeners:[], old=null
2023-08-31 10:24:47,798 [cdef5c6f-8bd8-48a8-8760-99c7043342d4-groupManagement] INFO  server.RaftServer$Division (RaftServerImpl.java:setRole(329)) - cdef5c6f-8bd8-48a8-8760-99c7043342d4@group-8D32B71C82D8: changes role from      null to FOLLOWER at term 0 for startAsFollower
2023-08-31 10:24:47,798 [cdef5c6f-8bd8-48a8-8760-99c7043342d4-groupManagement] INFO  impl.RoleInfo (RoleInfo.java:updateAndGet(139)) - cdef5c6f-8bd8-48a8-8760-99c7043342d4: start cdef5c6f-8bd8-48a8-8760-99c7043342d4@group-8D32B71C82D8-FollowerState
2023-08-31 10:24:47,799 [cdef5c6f-8bd8-48a8-8760-99c7043342d4-groupManagement] INFO  util.JmxRegister (JmxRegister.java:tryRegister(44)) - Successfully registered JMX Bean with object name Ratis:service=RaftServer,group=group-8D32B71C82D8,id=cdef5c6f-8bd8-48a8-8760-99c7043342d4
2023-08-31 10:24:47,799 [cdef5c6f-8bd8-48a8-8760-99c7043342d4@group-8D32B71C82D8-FollowerState] INFO  server.RaftServerConfigKeys (ConfUtils.java:logFallback(53)) - raft.server.rpc.first-election.timeout.min = 5s (fallback to raft.server.rpc.timeout.min)
2023-08-31 10:24:47,799 [cdef5c6f-8bd8-48a8-8760-99c7043342d4-groupManagement] INFO  server.RaftServerConfigKeys (ConfUtils.java:logGet(46)) - raft.server.snapshot.auto.trigger.enabled = true (custom)
2023-08-31 10:24:47,799 [cdef5c6f-8bd8-48a8-8760-99c7043342d4@group-8D32B71C82D8-FollowerState] INFO  server.RaftServerConfigKeys (ConfUtils.java:logFallback(53)) - raft.server.rpc.first-election.timeout.max = 5200ms (fallback to raft.server.rpc.timeout.max)
2023-08-31 10:24:47,799 [cdef5c6f-8bd8-48a8-8760-99c7043342d4-groupManagement] INFO  server.RaftServerConfigKeys (ConfUtils.java:logGet(46)) - raft.server.snapshot.auto.trigger.threshold = 10000 (custom)
2023-08-31 10:24:47,799 [cdef5c6f-8bd8-48a8-8760-99c7043342d4-groupManagement] INFO  server.RaftServerConfigKeys (ConfUtils.java:logGet(46)) - raft.server.snapshot.retention.file.num = 5 (custom)
2023-08-31 10:24:47,799 [cdef5c6f-8bd8-48a8-8760-99c7043342d4-groupManagement] INFO  server.RaftServerConfigKeys (ConfUtils.java:logGet(46)) - raft.server.log.purge.upto.snapshot.index = false (default)
2023-08-31 10:24:47,800 [PipelineCommandHandlerThread-0] INFO  ratis.XceiverServerRatis (XceiverServerRatis.java:addGroup(804)) - Created group PipelineID=dde60be3-81de-454c-afd6-8d32b71c82d8
2023-08-31 10:24:47,800 [PipelineCommandHandlerThread-0] INFO  commandhandler.CreatePipelineCommandHandler (CreatePipelineCommandHandler.java:lambda$handle$2(124)) - Created Pipeline RATIS ONE PipelineID=dde60be3-81de-454c-afd6-8d32b71c82d8.
2023-08-31 10:24:48,056 [PipelineCommandHandlerThread-0] INFO  server.RaftServer (RaftServerProxy.java:addNew(98)) - f7581748-7872-49ff-9c70-19e178dd57a8: addNew group-60ED1A6A26F8:[f7581748-7872-49ff-9c70-19e178dd57a8|rpc:10.1.0.16:15085|admin:10.1.0.16:15084|client:10.1.0.16:15083|dataStream:10.1.0.16:15086|priority:1|startupRole:FOLLOWER] returns group-60ED1A6A26F8:java.util.concurrent.CompletableFuture@f96eeda[Not completed]
2023-08-31 10:24:48,057 [f7581748-7872-49ff-9c70-19e178dd57a8-groupManagement] INFO  server.RaftServer$Division (RaftServerImpl.java:<init>(198)) - f7581748-7872-49ff-9c70-19e178dd57a8: new RaftServerImpl for group-60ED1A6A26F8:[f7581748-7872-49ff-9c70-19e178dd57a8|rpc:10.1.0.16:15085|admin:10.1.0.16:15084|client:10.1.0.16:15083|dataStream:10.1.0.16:15086|priority:1|startupRole:FOLLOWER] with ContainerStateMachine:uninitialized
2023-08-31 10:24:48,057 [f7581748-7872-49ff-9c70-19e178dd57a8-groupManagement] INFO  server.RaftServerConfigKeys (ConfUtils.java:logGet(46)) - raft.server.rpc.timeout.min = 5s (custom)
2023-08-31 10:24:48,057 [f7581748-7872-49ff-9c70-19e178dd57a8-groupManagement] INFO  server.RaftServerConfigKeys (ConfUtils.java:logGet(46)) - raft.server.rpc.timeout.max = 5200ms (custom)
2023-08-31 10:24:48,058 [f7581748-7872-49ff-9c70-19e178dd57a8-groupManagement] INFO  server.RaftServerConfigKeys (ConfUtils.java:logGet(46)) - raft.server.rpc.sleep.time = 25ms (default)
2023-08-31 10:24:48,058 [f7581748-7872-49ff-9c70-19e178dd57a8-groupManagement] INFO  server.RaftServerConfigKeys (ConfUtils.java:logGet(46)) - raft.server.rpc.slowness.timeout = 300000ms (custom)
2023-08-31 10:24:48,058 [f7581748-7872-49ff-9c70-19e178dd57a8-groupManagement] INFO  server.RaftServerConfigKeys (ConfUtils.java:logGet(46)) - raft.server.leaderelection.leader.step-down.wait-time = 10s (default)
2023-08-31 10:24:48,058 [f7581748-7872-49ff-9c70-19e178dd57a8-groupManagement] INFO  server.RaftServerConfigKeys (ConfUtils.java:logGet(46)) - raft.server.sleep.deviation.threshold = 300ms (default)
2023-08-31 10:24:48,058 [f7581748-7872-49ff-9c70-19e178dd57a8-groupManagement] INFO  server.RaftServer$Division (ServerState.java:<init>(120)) - f7581748-7872-49ff-9c70-19e178dd57a8@group-60ED1A6A26F8: ConfigurationManager, init=-1: peers:[f7581748-7872-49ff-9c70-19e178dd57a8|rpc:10.1.0.16:15085|admin:10.1.0.16:15084|client:10.1.0.16:15083|dataStream:10.1.0.16:15086|priority:1|startupRole:FOLLOWER]|listeners:[], old=null, confs=<EMPTY_MAP>
2023-08-31 10:24:48,058 [f7581748-7872-49ff-9c70-19e178dd57a8-groupManagement] INFO  server.RaftServerConfigKeys (ConfUtils.java:logGet(46)) - raft.server.storage.dir = [/home/runner/work/ozone/ozone/hadoop-ozone/integration-test/target/test-dir/MiniOzoneClusterImpl-3562ddc4-ebd0-49e0-a6e7-0f6459768660/datanode-2/data/ratis] (custom)
2023-08-31 10:24:48,058 [f7581748-7872-49ff-9c70-19e178dd57a8-groupManagement] INFO  server.RaftServerConfigKeys (ConfUtils.java:logGet(46)) - raft.server.log.corruption.policy = EXCEPTION (default)
2023-08-31 10:24:48,058 [f7581748-7872-49ff-9c70-19e178dd57a8-groupManagement] INFO  server.RaftServerConfigKeys (ConfUtils.java:logGet(46)) - raft.server.storage.free-space.min = 0MB (=0) (default)
2023-08-31 10:24:48,058 [f7581748-7872-49ff-9c70-19e178dd57a8-groupManagement] INFO  server.RaftServerConfigKeys (ConfUtils.java:logGet(46)) - raft.server.notification.no-leader.timeout = 300000ms (custom)
2023-08-31 10:24:48,058 [f7581748-7872-49ff-9c70-19e178dd57a8-groupManagement] INFO  server.RaftServerConfigKeys (ConfUtils.java:logGet(46)) - raft.server.read.timeout = 10s (default)
2023-08-31 10:24:48,058 [f7581748-7872-49ff-9c70-19e178dd57a8-groupManagement] INFO  server.RaftServerConfigKeys (ConfUtils.java:logGet(46)) - raft.server.retrycache.expirytime = 600000ms (custom)
2023-08-31 10:24:48,058 [f7581748-7872-49ff-9c70-19e178dd57a8-groupManagement] INFO  server.RaftServerConfigKeys (ConfUtils.java:logGet(46)) - raft.server.retrycache.statistics.expirytime = 100μs (default)
2023-08-31 10:24:48,058 [f7581748-7872-49ff-9c70-19e178dd57a8-groupManagement] INFO  server.RaftServerConfigKeys (ConfUtils.java:logGet(46)) - raft.server.read.option = DEFAULT (default)
2023-08-31 10:24:48,059 [f7581748-7872-49ff-9c70-19e178dd57a8-groupManagement] INFO  server.RaftServerConfigKeys (ConfUtils.java:logGet(46)) - raft.server.rpc.request.timeout = 3000ms (default)
2023-08-31 10:24:48,059 [f7581748-7872-49ff-9c70-19e178dd57a8-groupManagement] INFO  server.RaftServerConfigKeys (ConfUtils.java:logGet(46)) - raft.server.log.appender.install.snapshot.enabled = false (custom)
2023-08-31 10:24:48,059 [f7581748-7872-49ff-9c70-19e178dd57a8-groupManagement] INFO  server.RaftServerConfigKeys (ConfUtils.java:logGet(46)) - raft.server.threadpool.server.cached = true (default)
2023-08-31 10:24:48,059 [f7581748-7872-49ff-9c70-19e178dd57a8-groupManagement] INFO  server.RaftServerConfigKeys (ConfUtils.java:logGet(46)) - raft.server.threadpool.server.size = 0 (default)
2023-08-31 10:24:48,059 [f7581748-7872-49ff-9c70-19e178dd57a8-groupManagement] INFO  server.RaftServerConfigKeys (ConfUtils.java:logGet(46)) - raft.server.threadpool.client.cached = true (default)
2023-08-31 10:24:48,059 [f7581748-7872-49ff-9c70-19e178dd57a8-groupManagement] INFO  server.RaftServerConfigKeys (ConfUtils.java:logGet(46)) - raft.server.threadpool.client.size = 0 (default)
2023-08-31 10:24:48,059 [f7581748-7872-49ff-9c70-19e178dd57a8-groupManagement] INFO  storage.RaftStorageDirectory (RaftStorageDirectoryImpl.java:analyzeStorage(137)) - The storage directory /home/runner/work/ozone/ozone/hadoop-ozone/integration-test/target/test-dir/MiniOzoneClusterImpl-3562ddc4-ebd0-49e0-a6e7-0f6459768660/datanode-2/data/ratis/8ff0ea16-12ad-475e-902e-60ed1a6a26f8 does not exist. Creating ...
2023-08-31 10:24:48,060 [f7581748-7872-49ff-9c70-19e178dd57a8-groupManagement] INFO  storage.RaftStorageDirectory (RaftStorageDirectoryImpl.java:tryLock(231)) - Lock on /home/runner/work/ozone/ozone/hadoop-ozone/integration-test/target/test-dir/MiniOzoneClusterImpl-3562ddc4-ebd0-49e0-a6e7-0f6459768660/datanode-2/data/ratis/8ff0ea16-12ad-475e-902e-60ed1a6a26f8/in_use.lock acquired by nodename 34453@fv-az304-998
2023-08-31 10:24:48,061 [f7581748-7872-49ff-9c70-19e178dd57a8-groupManagement] INFO  storage.RaftStorage (RaftStorageImpl.java:format(96)) - Storage directory /home/runner/work/ozone/ozone/hadoop-ozone/integration-test/target/test-dir/MiniOzoneClusterImpl-3562ddc4-ebd0-49e0-a6e7-0f6459768660/datanode-2/data/ratis/8ff0ea16-12ad-475e-902e-60ed1a6a26f8 has been successfully formatted.
2023-08-31 10:24:48,062 [f7581748-7872-49ff-9c70-19e178dd57a8-groupManagement] INFO  ratis.ContainerStateMachine (ContainerStateMachine.java:loadSnapshot(262)) - group-60ED1A6A26F8: The snapshot info is null. Setting the last applied indexto:(t:0, i:~)
2023-08-31 10:24:48,062 [f7581748-7872-49ff-9c70-19e178dd57a8-groupManagement] INFO  server.RaftServerConfigKeys (ConfUtils.java:logGet(46)) - raft.server.log.use.memory = false (default)
2023-08-31 10:24:48,062 [f7581748-7872-49ff-9c70-19e178dd57a8-groupManagement] INFO  server.RaftServerConfigKeys (ConfUtils.java:logGet(46)) - raft.server.log.purge.gap = 1000000 (custom)
2023-08-31 10:24:48,062 [f7581748-7872-49ff-9c70-19e178dd57a8-groupManagement] INFO  server.RaftServerConfigKeys (ConfUtils.java:logGet(46)) - raft.server.log.appender.buffer.byte-limit = 33554432 (custom)
2023-08-31 10:24:48,062 [f7581748-7872-49ff-9c70-19e178dd57a8-groupManagement] INFO  server.RaftServerConfigKeys (ConfUtils.java:logGet(46)) - raft.server.log.statemachine.data.read.timeout = 1000ms (default)
2023-08-31 10:24:48,062 [f7581748-7872-49ff-9c70-19e178dd57a8-groupManagement] INFO  server.RaftServerConfigKeys (ConfUtils.java:logGet(46)) - raft.server.log.purge.preservation.log.num = 0 (default)
2023-08-31 10:24:48,062 [f7581748-7872-49ff-9c70-19e178dd57a8-groupManagement] INFO  server.RaftServerConfigKeys (ConfUtils.java:logGet(46)) - raft.server.log.segment.size.max = 1048576 (custom)
2023-08-31 10:24:48,063 [f7581748-7872-49ff-9c70-19e178dd57a8-groupManagement] INFO  server.RaftServerConfigKeys (ConfUtils.java:logGet(46)) - raft.server.log.segment.cache.num.max = 2 (custom)
2023-08-31 10:24:48,063 [f7581748-7872-49ff-9c70-19e178dd57a8-groupManagement] INFO  server.RaftServerConfigKeys (ConfUtils.java:logGet(46)) - raft.server.log.segment.cache.size.max = 200MB (=209715200) (default)
2023-08-31 10:24:48,063 [f7581748-7872-49ff-9c70-19e178dd57a8-groupManagement] INFO  server.RaftServerConfigKeys (ConfUtils.java:logGet(46)) - raft.server.log.appender.buffer.byte-limit = 33554432 (custom)
2023-08-31 10:24:48,063 [f7581748-7872-49ff-9c70-19e178dd57a8-groupManagement] INFO  segmented.SegmentedRaftLogWorker (SegmentedRaftLogWorker.java:<init>(188)) - new f7581748-7872-49ff-9c70-19e178dd57a8@group-60ED1A6A26F8-SegmentedRaftLogWorker for RaftStorageImpl:Storage Directory /home/runner/work/ozone/ozone/hadoop-ozone/integration-test/target/test-dir/MiniOzoneClusterImpl-3562ddc4-ebd0-49e0-a6e7-0f6459768660/datanode-2/data/ratis/8ff0ea16-12ad-475e-902e-60ed1a6a26f8
2023-08-31 10:24:48,063 [EventQueue-PipelineReportForPipelineReportHandler] INFO  pipeline.PipelineReportHandler (PipelineReportHandler.java:processPipelineReport(136)) - Opened pipeline PipelineID=8ff0ea16-12ad-475e-902e-60ed1a6a26f8
2023-08-31 10:24:48,064 [EventQueue-OpenPipelineForHealthyPipelineSafeModeRule] INFO  safemode.SCMSafeModeManager (HealthyPipelineSafeModeRule.java:process(137)) - SCM in safe mode. Healthy pipelines reported count is 0, required healthy pipeline reported count is 1
2023-08-31 10:24:48,064 [f7581748-7872-49ff-9c70-19e178dd57a8-groupManagement] INFO  server.RaftServerConfigKeys (ConfUtils.java:logGet(46)) - raft.server.log.queue.byte-limit = 4294967296 (custom)
2023-08-31 10:24:48,064 [f7581748-7872-49ff-9c70-19e178dd57a8-groupManagement] INFO  server.RaftServerConfigKeys (ConfUtils.java:logGet(46)) - raft.server.log.queue.element-limit = 1024 (custom)
2023-08-31 10:24:48,064 [f7581748-7872-49ff-9c70-19e178dd57a8-groupManagement] INFO  server.RaftServerConfigKeys (ConfUtils.java:logGet(46)) - raft.server.log.segment.size.max = 1048576 (custom)
2023-08-31 10:24:48,064 [f7581748-7872-49ff-9c70-19e178dd57a8-groupManagement] INFO  server.RaftServerConfigKeys (ConfUtils.java:logGet(46)) - raft.server.log.preallocated.size = 16384 (custom)
2023-08-31 10:24:48,064 [f7581748-7872-49ff-9c70-19e178dd57a8-groupManagement] INFO  server.RaftServerConfigKeys (ConfUtils.java:logGet(46)) - raft.server.log.force.sync.num = 128 (default)
2023-08-31 10:24:48,064 [f7581748-7872-49ff-9c70-19e178dd57a8-groupManagement] INFO  server.RaftServerConfigKeys (ConfUtils.java:logGet(46)) - raft.server.log.statemachine.data.sync = true (default)
2023-08-31 10:24:48,064 [f7581748-7872-49ff-9c70-19e178dd57a8-groupManagement] INFO  server.RaftServerConfigKeys (ConfUtils.java:logGet(46)) - raft.server.log.statemachine.data.sync.timeout = 10s (default)
2023-08-31 10:24:48,064 [f7581748-7872-49ff-9c70-19e178dd57a8-groupManagement] INFO  server.RaftServerConfigKeys (ConfUtils.java:logGet(46)) - raft.server.log.statemachine.data.sync.timeout.retry = -1 (default)
2023-08-31 10:24:48,064 [f7581748-7872-49ff-9c70-19e178dd57a8-groupManagement] INFO  server.RaftServerConfigKeys (ConfUtils.java:logGet(46)) - raft.server.log.write.buffer.size = 1048576 (custom)
2023-08-31 10:24:48,065 [f7581748-7872-49ff-9c70-19e178dd57a8-groupManagement] INFO  server.RaftServerConfigKeys (ConfUtils.java:logGet(46)) - raft.server.log.appender.buffer.byte-limit = 33554432 (custom)
2023-08-31 10:24:48,071 [f7581748-7872-49ff-9c70-19e178dd57a8-groupManagement] INFO  server.RaftServerConfigKeys (ConfUtils.java:logGet(46)) - raft.server.log.unsafe-flush.enabled = false (default)
2023-08-31 10:24:48,071 [f7581748-7872-49ff-9c70-19e178dd57a8-groupManagement] INFO  server.RaftServerConfigKeys (ConfUtils.java:logGet(46)) - raft.server.log.async-flush.enabled = false (default)
2023-08-31 10:24:48,071 [f7581748-7872-49ff-9c70-19e178dd57a8-groupManagement] INFO  server.RaftServerConfigKeys (ConfUtils.java:logGet(46)) - raft.server.log.statemachine.data.caching.enabled = true (custom)
2023-08-31 10:24:48,071 [f7581748-7872-49ff-9c70-19e178dd57a8-groupManagement] INFO  segmented.SegmentedRaftLogWorker (SegmentedRaftLogWorker.java:lambda$new$0(135)) - f7581748-7872-49ff-9c70-19e178dd57a8@group-60ED1A6A26F8-SegmentedRaftLogWorker: flushIndex: setUnconditionally 0 -> -1
2023-08-31 10:24:48,071 [f7581748-7872-49ff-9c70-19e178dd57a8-groupManagement] INFO  segmented.SegmentedRaftLogWorker (SegmentedRaftLogWorker.java:lambda$new$0(135)) - f7581748-7872-49ff-9c70-19e178dd57a8@group-60ED1A6A26F8-SegmentedRaftLogWorker: safeCacheEvictIndex: setUnconditionally 0 -> -1
2023-08-31 10:24:48,071 [f7581748-7872-49ff-9c70-19e178dd57a8-groupManagement] INFO  server.RaftServer$Division (RaftServerImpl.java:start(342)) - f7581748-7872-49ff-9c70-19e178dd57a8@group-60ED1A6A26F8: start as a follower, conf=-1: peers:[f7581748-7872-49ff-9c70-19e178dd57a8|rpc:10.1.0.16:15085|admin:10.1.0.16:15084|client:10.1.0.16:15083|dataStream:10.1.0.16:15086|priority:1|startupRole:FOLLOWER]|listeners:[], old=null
2023-08-31 10:24:48,071 [f7581748-7872-49ff-9c70-19e178dd57a8-groupManagement] INFO  server.RaftServer$Division (RaftServerImpl.java:setRole(329)) - f7581748-7872-49ff-9c70-19e178dd57a8@group-60ED1A6A26F8: changes role from      null to FOLLOWER at term 0 for startAsFollower
2023-08-31 10:24:48,071 [f7581748-7872-49ff-9c70-19e178dd57a8-groupManagement] INFO  impl.RoleInfo (RoleInfo.java:updateAndGet(139)) - f7581748-7872-49ff-9c70-19e178dd57a8: start f7581748-7872-49ff-9c70-19e178dd57a8@group-60ED1A6A26F8-FollowerState
2023-08-31 10:24:48,072 [f7581748-7872-49ff-9c70-19e178dd57a8@group-60ED1A6A26F8-FollowerState] INFO  server.RaftServerConfigKeys (ConfUtils.java:logFallback(53)) - raft.server.rpc.first-election.timeout.min = 5s (fallback to raft.server.rpc.timeout.min)
2023-08-31 10:24:48,072 [f7581748-7872-49ff-9c70-19e178dd57a8@group-60ED1A6A26F8-FollowerState] INFO  server.RaftServerConfigKeys (ConfUtils.java:logFallback(53)) - raft.server.rpc.first-election.timeout.max = 5200ms (fallback to raft.server.rpc.timeout.max)
2023-08-31 10:24:48,072 [f7581748-7872-49ff-9c70-19e178dd57a8-groupManagement] INFO  util.JmxRegister (JmxRegister.java:tryRegister(44)) - Successfully registered JMX Bean with object name Ratis:service=RaftServer,group=group-60ED1A6A26F8,id=f7581748-7872-49ff-9c70-19e178dd57a8
2023-08-31 10:24:48,072 [f7581748-7872-49ff-9c70-19e178dd57a8-groupManagement] INFO  server.RaftServerConfigKeys (ConfUtils.java:logGet(46)) - raft.server.snapshot.auto.trigger.enabled = true (custom)
2023-08-31 10:24:48,072 [f7581748-7872-49ff-9c70-19e178dd57a8-groupManagement] INFO  server.RaftServerConfigKeys (ConfUtils.java:logGet(46)) - raft.server.snapshot.auto.trigger.threshold = 10000 (custom)
2023-08-31 10:24:48,072 [f7581748-7872-49ff-9c70-19e178dd57a8-groupManagement] INFO  server.RaftServerConfigKeys (ConfUtils.java:logGet(46)) - raft.server.snapshot.retention.file.num = 5 (custom)
2023-08-31 10:24:48,072 [f7581748-7872-49ff-9c70-19e178dd57a8-groupManagement] INFO  server.RaftServerConfigKeys (ConfUtils.java:logGet(46)) - raft.server.log.purge.upto.snapshot.index = false (default)
2023-08-31 10:24:48,072 [PipelineCommandHandlerThread-0] INFO  ratis.XceiverServerRatis (XceiverServerRatis.java:addGroup(804)) - Created group PipelineID=8ff0ea16-12ad-475e-902e-60ed1a6a26f8
2023-08-31 10:24:48,072 [PipelineCommandHandlerThread-0] INFO  commandhandler.CreatePipelineCommandHandler (CreatePipelineCommandHandler.java:lambda$handle$2(124)) - Created Pipeline RATIS ONE PipelineID=8ff0ea16-12ad-475e-902e-60ed1a6a26f8.
2023-08-31 10:24:48,370 [PipelineCommandHandlerThread-0] INFO  server.RaftServer (RaftServerProxy.java:addNew(98)) - f9ec4456-8805-4637-8ac6-a0d87dd7d848: addNew group-664F394ABA92:[f9ec4456-8805-4637-8ac6-a0d87dd7d848|rpc:10.1.0.16:15094|admin:10.1.0.16:15093|client:10.1.0.16:15092|dataStream:10.1.0.16:15095|priority:1|startupRole:FOLLOWER] returns group-664F394ABA92:java.util.concurrent.CompletableFuture@2857e973[Not completed]
2023-08-31 10:24:48,371 [f9ec4456-8805-4637-8ac6-a0d87dd7d848-groupManagement] INFO  server.RaftServer$Division (RaftServerImpl.java:<init>(198)) - f9ec4456-8805-4637-8ac6-a0d87dd7d848: new RaftServerImpl for group-664F394ABA92:[f9ec4456-8805-4637-8ac6-a0d87dd7d848|rpc:10.1.0.16:15094|admin:10.1.0.16:15093|client:10.1.0.16:15092|dataStream:10.1.0.16:15095|priority:1|startupRole:FOLLOWER] with ContainerStateMachine:uninitialized
2023-08-31 10:24:48,371 [f9ec4456-8805-4637-8ac6-a0d87dd7d848-groupManagement] INFO  server.RaftServerConfigKeys (ConfUtils.java:logGet(46)) - raft.server.rpc.timeout.min = 5s (custom)
2023-08-31 10:24:48,371 [f9ec4456-8805-4637-8ac6-a0d87dd7d848-groupManagement] INFO  server.RaftServerConfigKeys (ConfUtils.java:logGet(46)) - raft.server.rpc.timeout.max = 5200ms (custom)
2023-08-31 10:24:48,371 [f9ec4456-8805-4637-8ac6-a0d87dd7d848-groupManagement] INFO  server.RaftServerConfigKeys (ConfUtils.java:logGet(46)) - raft.server.rpc.sleep.time = 25ms (default)
2023-08-31 10:24:48,371 [f9ec4456-8805-4637-8ac6-a0d87dd7d848-groupManagement] INFO  server.RaftServerConfigKeys (ConfUtils.java:logGet(46)) - raft.server.rpc.slowness.timeout = 300000ms (custom)
2023-08-31 10:24:48,371 [f9ec4456-8805-4637-8ac6-a0d87dd7d848-groupManagement] INFO  server.RaftServerConfigKeys (ConfUtils.java:logGet(46)) - raft.server.leaderelection.leader.step-down.wait-time = 10s (default)
2023-08-31 10:24:48,371 [f9ec4456-8805-4637-8ac6-a0d87dd7d848-groupManagement] INFO  server.RaftServerConfigKeys (ConfUtils.java:logGet(46)) - raft.server.sleep.deviation.threshold = 300ms (default)
2023-08-31 10:24:48,372 [f9ec4456-8805-4637-8ac6-a0d87dd7d848-groupManagement] INFO  server.RaftServer$Division (ServerState.java:<init>(120)) - f9ec4456-8805-4637-8ac6-a0d87dd7d848@group-664F394ABA92: ConfigurationManager, init=-1: peers:[f9ec4456-8805-4637-8ac6-a0d87dd7d848|rpc:10.1.0.16:15094|admin:10.1.0.16:15093|client:10.1.0.16:15092|dataStream:10.1.0.16:15095|priority:1|startupRole:FOLLOWER]|listeners:[], old=null, confs=<EMPTY_MAP>
2023-08-31 10:24:48,372 [f9ec4456-8805-4637-8ac6-a0d87dd7d848-groupManagement] INFO  server.RaftServerConfigKeys (ConfUtils.java:logGet(46)) - raft.server.storage.dir = [/home/runner/work/ozone/ozone/hadoop-ozone/integration-test/target/test-dir/MiniOzoneClusterImpl-3562ddc4-ebd0-49e0-a6e7-0f6459768660/datanode-3/data/ratis] (custom)
2023-08-31 10:24:48,372 [f9ec4456-8805-4637-8ac6-a0d87dd7d848-groupManagement] INFO  server.RaftServerConfigKeys (ConfUtils.java:logGet(46)) - raft.server.log.corruption.policy = EXCEPTION (default)
2023-08-31 10:24:48,372 [f9ec4456-8805-4637-8ac6-a0d87dd7d848-groupManagement] INFO  server.RaftServerConfigKeys (ConfUtils.java:logGet(46)) - raft.server.storage.free-space.min = 0MB (=0) (default)
2023-08-31 10:24:48,372 [f9ec4456-8805-4637-8ac6-a0d87dd7d848-groupManagement] INFO  server.RaftServerConfigKeys (ConfUtils.java:logGet(46)) - raft.server.notification.no-leader.timeout = 300000ms (custom)
2023-08-31 10:24:48,372 [f9ec4456-8805-4637-8ac6-a0d87dd7d848-groupManagement] INFO  server.RaftServerConfigKeys (ConfUtils.java:logGet(46)) - raft.server.read.timeout = 10s (default)
2023-08-31 10:24:48,372 [f9ec4456-8805-4637-8ac6-a0d87dd7d848-groupManagement] INFO  server.RaftServerConfigKeys (ConfUtils.java:logGet(46)) - raft.server.retrycache.expirytime = 600000ms (custom)
2023-08-31 10:24:48,372 [f9ec4456-8805-4637-8ac6-a0d87dd7d848-groupManagement] INFO  server.RaftServerConfigKeys (ConfUtils.java:logGet(46)) - raft.server.retrycache.statistics.expirytime = 100μs (default)
2023-08-31 10:24:48,372 [f9ec4456-8805-4637-8ac6-a0d87dd7d848-groupManagement] INFO  server.RaftServerConfigKeys (ConfUtils.java:logGet(46)) - raft.server.read.option = DEFAULT (default)
2023-08-31 10:24:48,373 [f9ec4456-8805-4637-8ac6-a0d87dd7d848-groupManagement] INFO  server.RaftServerConfigKeys (ConfUtils.java:logGet(46)) - raft.server.rpc.request.timeout = 3000ms (default)
2023-08-31 10:24:48,373 [f9ec4456-8805-4637-8ac6-a0d87dd7d848-groupManagement] INFO  server.RaftServerConfigKeys (ConfUtils.java:logGet(46)) - raft.server.log.appender.install.snapshot.enabled = false (custom)
2023-08-31 10:24:48,373 [f9ec4456-8805-4637-8ac6-a0d87dd7d848-groupManagement] INFO  server.RaftServerConfigKeys (ConfUtils.java:logGet(46)) - raft.server.threadpool.server.cached = true (default)
2023-08-31 10:24:48,373 [f9ec4456-8805-4637-8ac6-a0d87dd7d848-groupManagement] INFO  server.RaftServerConfigKeys (ConfUtils.java:logGet(46)) - raft.server.threadpool.server.size = 0 (default)
2023-08-31 10:24:48,373 [f9ec4456-8805-4637-8ac6-a0d87dd7d848-groupManagement] INFO  server.RaftServerConfigKeys (ConfUtils.java:logGet(46)) - raft.server.threadpool.client.cached = true (default)
2023-08-31 10:24:48,373 [f9ec4456-8805-4637-8ac6-a0d87dd7d848-groupManagement] INFO  server.RaftServerConfigKeys (ConfUtils.java:logGet(46)) - raft.server.threadpool.client.size = 0 (default)
2023-08-31 10:24:48,373 [f9ec4456-8805-4637-8ac6-a0d87dd7d848-groupManagement] INFO  storage.RaftStorageDirectory (RaftStorageDirectoryImpl.java:analyzeStorage(137)) - The storage directory /home/runner/work/ozone/ozone/hadoop-ozone/integration-test/target/test-dir/MiniOzoneClusterImpl-3562ddc4-ebd0-49e0-a6e7-0f6459768660/datanode-3/data/ratis/6280c600-9979-4296-a230-664f394aba92 does not exist. Creating ...
2023-08-31 10:24:48,374 [f9ec4456-8805-4637-8ac6-a0d87dd7d848-groupManagement] INFO  storage.RaftStorageDirectory (RaftStorageDirectoryImpl.java:tryLock(231)) - Lock on /home/runner/work/ozone/ozone/hadoop-ozone/integration-test/target/test-dir/MiniOzoneClusterImpl-3562ddc4-ebd0-49e0-a6e7-0f6459768660/datanode-3/data/ratis/6280c600-9979-4296-a230-664f394aba92/in_use.lock acquired by nodename 34453@fv-az304-998
2023-08-31 10:24:48,375 [f9ec4456-8805-4637-8ac6-a0d87dd7d848-groupManagement] INFO  storage.RaftStorage (RaftStorageImpl.java:format(96)) - Storage directory /home/runner/work/ozone/ozone/hadoop-ozone/integration-test/target/test-dir/MiniOzoneClusterImpl-3562ddc4-ebd0-49e0-a6e7-0f6459768660/datanode-3/data/ratis/6280c600-9979-4296-a230-664f394aba92 has been successfully formatted.
2023-08-31 10:24:48,376 [f9ec4456-8805-4637-8ac6-a0d87dd7d848-groupManagement] INFO  ratis.ContainerStateMachine (ContainerStateMachine.java:loadSnapshot(262)) - group-664F394ABA92: The snapshot info is null. Setting the last applied indexto:(t:0, i:~)
2023-08-31 10:24:48,377 [f9ec4456-8805-4637-8ac6-a0d87dd7d848-groupManagement] INFO  server.RaftServerConfigKeys (ConfUtils.java:logGet(46)) - raft.server.log.use.memory = false (default)
2023-08-31 10:24:48,377 [f9ec4456-8805-4637-8ac6-a0d87dd7d848-groupManagement] INFO  server.RaftServerConfigKeys (ConfUtils.java:logGet(46)) - raft.server.log.purge.gap = 1000000 (custom)
2023-08-31 10:24:48,377 [f9ec4456-8805-4637-8ac6-a0d87dd7d848-groupManagement] INFO  server.RaftServerConfigKeys (ConfUtils.java:logGet(46)) - raft.server.log.appender.buffer.byte-limit = 33554432 (custom)
2023-08-31 10:24:48,377 [f9ec4456-8805-4637-8ac6-a0d87dd7d848-groupManagement] INFO  server.RaftServerConfigKeys (ConfUtils.java:logGet(46)) - raft.server.log.statemachine.data.read.timeout = 1000ms (default)
2023-08-31 10:24:48,377 [f9ec4456-8805-4637-8ac6-a0d87dd7d848-groupManagement] INFO  server.RaftServerConfigKeys (ConfUtils.java:logGet(46)) - raft.server.log.purge.preservation.log.num = 0 (default)
2023-08-31 10:24:48,377 [f9ec4456-8805-4637-8ac6-a0d87dd7d848-groupManagement] INFO  server.RaftServerConfigKeys (ConfUtils.java:logGet(46)) - raft.server.log.segment.size.max = 1048576 (custom)
2023-08-31 10:24:48,377 [f9ec4456-8805-4637-8ac6-a0d87dd7d848-groupManagement] INFO  server.RaftServerConfigKeys (ConfUtils.java:logGet(46)) - raft.server.log.segment.cache.num.max = 2 (custom)
2023-08-31 10:24:48,377 [f9ec4456-8805-4637-8ac6-a0d87dd7d848-groupManagement] INFO  server.RaftServerConfigKeys (ConfUtils.java:logGet(46)) - raft.server.log.segment.cache.size.max = 200MB (=209715200) (default)
2023-08-31 10:24:48,378 [f9ec4456-8805-4637-8ac6-a0d87dd7d848-groupManagement] INFO  server.RaftServerConfigKeys (ConfUtils.java:logGet(46)) - raft.server.log.appender.buffer.byte-limit = 33554432 (custom)
2023-08-31 10:24:48,378 [f9ec4456-8805-4637-8ac6-a0d87dd7d848-groupManagement] INFO  segmented.SegmentedRaftLogWorker (SegmentedRaftLogWorker.java:<init>(188)) - new f9ec4456-8805-4637-8ac6-a0d87dd7d848@group-664F394ABA92-SegmentedRaftLogWorker for RaftStorageImpl:Storage Directory /home/runner/work/ozone/ozone/hadoop-ozone/integration-test/target/test-dir/MiniOzoneClusterImpl-3562ddc4-ebd0-49e0-a6e7-0f6459768660/datanode-3/data/ratis/6280c600-9979-4296-a230-664f394aba92
2023-08-31 10:24:48,378 [f9ec4456-8805-4637-8ac6-a0d87dd7d848-groupManagement] INFO  server.RaftServerConfigKeys (ConfUtils.java:logGet(46)) - raft.server.log.queue.byte-limit = 4294967296 (custom)
2023-08-31 10:24:48,378 [f9ec4456-8805-4637-8ac6-a0d87dd7d848-groupManagement] INFO  server.RaftServerConfigKeys (ConfUtils.java:logGet(46)) - raft.server.log.queue.element-limit = 1024 (custom)
2023-08-31 10:24:48,378 [f9ec4456-8805-4637-8ac6-a0d87dd7d848-groupManagement] INFO  server.RaftServerConfigKeys (ConfUtils.java:logGet(46)) - raft.server.log.segment.size.max = 1048576 (custom)
2023-08-31 10:24:48,378 [f9ec4456-8805-4637-8ac6-a0d87dd7d848-groupManagement] INFO  server.RaftServerConfigKeys (ConfUtils.java:logGet(46)) - raft.server.log.preallocated.size = 16384 (custom)
2023-08-31 10:24:48,378 [f9ec4456-8805-4637-8ac6-a0d87dd7d848-groupManagement] INFO  server.RaftServerConfigKeys (ConfUtils.java:logGet(46)) - raft.server.log.force.sync.num = 128 (default)
2023-08-31 10:24:48,378 [f9ec4456-8805-4637-8ac6-a0d87dd7d848-groupManagement] INFO  server.RaftServerConfigKeys (ConfUtils.java:logGet(46)) - raft.server.log.statemachine.data.sync = true (default)
2023-08-31 10:24:48,378 [f9ec4456-8805-4637-8ac6-a0d87dd7d848-groupManagement] INFO  server.RaftServerConfigKeys (ConfUtils.java:logGet(46)) - raft.server.log.statemachine.data.sync.timeout = 10s (default)
2023-08-31 10:24:48,378 [f9ec4456-8805-4637-8ac6-a0d87dd7d848-groupManagement] INFO  server.RaftServerConfigKeys (ConfUtils.java:logGet(46)) - raft.server.log.statemachine.data.sync.timeout.retry = -1 (default)
2023-08-31 10:24:48,378 [EventQueue-PipelineReportForPipelineReportHandler] INFO  pipeline.PipelineReportHandler (PipelineReportHandler.java:processPipelineReport(136)) - Opened pipeline PipelineID=6280c600-9979-4296-a230-664f394aba92
2023-08-31 10:24:48,378 [EventQueue-OpenPipelineForHealthyPipelineSafeModeRule] INFO  safemode.SCMSafeModeManager (HealthyPipelineSafeModeRule.java:process(137)) - SCM in safe mode. Healthy pipelines reported count is 0, required healthy pipeline reported count is 1
2023-08-31 10:24:48,378 [f9ec4456-8805-4637-8ac6-a0d87dd7d848-groupManagement] INFO  server.RaftServerConfigKeys (ConfUtils.java:logGet(46)) - raft.server.log.write.buffer.size = 1048576 (custom)
2023-08-31 10:24:48,379 [f9ec4456-8805-4637-8ac6-a0d87dd7d848-groupManagement] INFO  server.RaftServerConfigKeys (ConfUtils.java:logGet(46)) - raft.server.log.appender.buffer.byte-limit = 33554432 (custom)
2023-08-31 10:24:48,381 [f9ec4456-8805-4637-8ac6-a0d87dd7d848-groupManagement] INFO  server.RaftServerConfigKeys (ConfUtils.java:logGet(46)) - raft.server.log.unsafe-flush.enabled = false (default)
2023-08-31 10:24:48,381 [f9ec4456-8805-4637-8ac6-a0d87dd7d848-groupManagement] INFO  server.RaftServerConfigKeys (ConfUtils.java:logGet(46)) - raft.server.log.async-flush.enabled = false (default)
2023-08-31 10:24:48,381 [f9ec4456-8805-4637-8ac6-a0d87dd7d848-groupManagement] INFO  server.RaftServerConfigKeys (ConfUtils.java:logGet(46)) - raft.server.log.statemachine.data.caching.enabled = true (custom)
2023-08-31 10:24:48,382 [f9ec4456-8805-4637-8ac6-a0d87dd7d848-groupManagement] INFO  segmented.SegmentedRaftLogWorker (SegmentedRaftLogWorker.java:lambda$new$0(135)) - f9ec4456-8805-4637-8ac6-a0d87dd7d848@group-664F394ABA92-SegmentedRaftLogWorker: flushIndex: setUnconditionally 0 -> -1
2023-08-31 10:24:48,382 [f9ec4456-8805-4637-8ac6-a0d87dd7d848-groupManagement] INFO  segmented.SegmentedRaftLogWorker (SegmentedRaftLogWorker.java:lambda$new$0(135)) - f9ec4456-8805-4637-8ac6-a0d87dd7d848@group-664F394ABA92-SegmentedRaftLogWorker: safeCacheEvictIndex: setUnconditionally 0 -> -1
2023-08-31 10:24:48,382 [f9ec4456-8805-4637-8ac6-a0d87dd7d848-groupManagement] INFO  server.RaftServer$Division (RaftServerImpl.java:start(342)) - f9ec4456-8805-4637-8ac6-a0d87dd7d848@group-664F394ABA92: start as a follower, conf=-1: peers:[f9ec4456-8805-4637-8ac6-a0d87dd7d848|rpc:10.1.0.16:15094|admin:10.1.0.16:15093|client:10.1.0.16:15092|dataStream:10.1.0.16:15095|priority:1|startupRole:FOLLOWER]|listeners:[], old=null
2023-08-31 10:24:48,382 [f9ec4456-8805-4637-8ac6-a0d87dd7d848-groupManagement] INFO  server.RaftServer$Division (RaftServerImpl.java:setRole(329)) - f9ec4456-8805-4637-8ac6-a0d87dd7d848@group-664F394ABA92: changes role from      null to FOLLOWER at term 0 for startAsFollower
2023-08-31 10:24:48,382 [f9ec4456-8805-4637-8ac6-a0d87dd7d848-groupManagement] INFO  impl.RoleInfo (RoleInfo.java:updateAndGet(139)) - f9ec4456-8805-4637-8ac6-a0d87dd7d848: start f9ec4456-8805-4637-8ac6-a0d87dd7d848@group-664F394ABA92-FollowerState
2023-08-31 10:24:48,383 [f9ec4456-8805-4637-8ac6-a0d87dd7d848-groupManagement] INFO  util.JmxRegister (JmxRegister.java:tryRegister(44)) - Successfully registered JMX Bean with object name Ratis:service=RaftServer,group=group-664F394ABA92,id=f9ec4456-8805-4637-8ac6-a0d87dd7d848
2023-08-31 10:24:48,383 [f9ec4456-8805-4637-8ac6-a0d87dd7d848-groupManagement] INFO  server.RaftServerConfigKeys (ConfUtils.java:logGet(46)) - raft.server.snapshot.auto.trigger.enabled = true (custom)
2023-08-31 10:24:48,383 [f9ec4456-8805-4637-8ac6-a0d87dd7d848-groupManagement] INFO  server.RaftServerConfigKeys (ConfUtils.java:logGet(46)) - raft.server.snapshot.auto.trigger.threshold = 10000 (custom)
2023-08-31 10:24:48,384 [f9ec4456-8805-4637-8ac6-a0d87dd7d848-groupManagement] INFO  server.RaftServerConfigKeys (ConfUtils.java:logGet(46)) - raft.server.snapshot.retention.file.num = 5 (custom)
2023-08-31 10:24:48,384 [f9ec4456-8805-4637-8ac6-a0d87dd7d848-groupManagement] INFO  server.RaftServerConfigKeys (ConfUtils.java:logGet(46)) - raft.server.log.purge.upto.snapshot.index = false (default)
2023-08-31 10:24:48,384 [f9ec4456-8805-4637-8ac6-a0d87dd7d848@group-664F394ABA92-FollowerState] INFO  server.RaftServerConfigKeys (ConfUtils.java:logFallback(53)) - raft.server.rpc.first-election.timeout.min = 5s (fallback to raft.server.rpc.timeout.min)
2023-08-31 10:24:48,384 [f9ec4456-8805-4637-8ac6-a0d87dd7d848@group-664F394ABA92-FollowerState] INFO  server.RaftServerConfigKeys (ConfUtils.java:logFallback(53)) - raft.server.rpc.first-election.timeout.max = 5200ms (fallback to raft.server.rpc.timeout.max)
2023-08-31 10:24:48,386 [PipelineCommandHandlerThread-0] INFO  ratis.XceiverServerRatis (XceiverServerRatis.java:addGroup(804)) - Created group PipelineID=6280c600-9979-4296-a230-664f394aba92
2023-08-31 10:24:48,386 [PipelineCommandHandlerThread-0] INFO  commandhandler.CreatePipelineCommandHandler (CreatePipelineCommandHandler.java:lambda$handle$2(124)) - Created Pipeline RATIS ONE PipelineID=6280c600-9979-4296-a230-664f394aba92.
2023-08-31 10:24:48,641 [PipelineCommandHandlerThread-0] INFO  server.RaftServer (RaftServerProxy.java:addNew(98)) - f14f4923-dfb7-4b2f-b4a8-676f2d05982b: addNew group-AFAA66EB155E:[f14f4923-dfb7-4b2f-b4a8-676f2d05982b|rpc:10.1.0.16:15103|admin:10.1.0.16:15102|client:10.1.0.16:15101|dataStream:10.1.0.16:15104|priority:1|startupRole:FOLLOWER] returns group-AFAA66EB155E:java.util.concurrent.CompletableFuture@cc5aa60[Not completed]
2023-08-31 10:24:48,641 [JUnit] INFO  ozone.MiniOzoneClusterImpl (MiniOzoneClusterImpl.java:lambda$waitForClusterToBeReady$0(224)) - Nodes are ready. Got 5 of 5 DN Heartbeats.
2023-08-31 10:24:48,642 [JUnit] INFO  ozone.MiniOzoneClusterImpl (MiniOzoneClusterImpl.java:lambda$waitForClusterToBeReady$0(227)) - Waiting for cluster to exit safe mode
2023-08-31 10:24:48,642 [JUnit] INFO  ozone.MiniOzoneClusterImpl (MiniOzoneClusterImpl.java:lambda$waitForClusterToBeReady$0(229)) - SCM became leader
2023-08-31 10:24:48,642 [f14f4923-dfb7-4b2f-b4a8-676f2d05982b-groupManagement] INFO  server.RaftServer$Division (RaftServerImpl.java:<init>(198)) - f14f4923-dfb7-4b2f-b4a8-676f2d05982b: new RaftServerImpl for group-AFAA66EB155E:[f14f4923-dfb7-4b2f-b4a8-676f2d05982b|rpc:10.1.0.16:15103|admin:10.1.0.16:15102|client:10.1.0.16:15101|dataStream:10.1.0.16:15104|priority:1|startupRole:FOLLOWER] with ContainerStateMachine:uninitialized
2023-08-31 10:24:48,643 [f14f4923-dfb7-4b2f-b4a8-676f2d05982b-groupManagement] INFO  server.RaftServerConfigKeys (ConfUtils.java:logGet(46)) - raft.server.rpc.timeout.min = 5s (custom)
2023-08-31 10:24:48,643 [f14f4923-dfb7-4b2f-b4a8-676f2d05982b-groupManagement] INFO  server.RaftServerConfigKeys (ConfUtils.java:logGet(46)) - raft.server.rpc.timeout.max = 5200ms (custom)
2023-08-31 10:24:48,643 [f14f4923-dfb7-4b2f-b4a8-676f2d05982b-groupManagement] INFO  server.RaftServerConfigKeys (ConfUtils.java:logGet(46)) - raft.server.rpc.sleep.time = 25ms (default)
2023-08-31 10:24:48,643 [f14f4923-dfb7-4b2f-b4a8-676f2d05982b-groupManagement] INFO  server.RaftServerConfigKeys (ConfUtils.java:logGet(46)) - raft.server.rpc.slowness.timeout = 300000ms (custom)
2023-08-31 10:24:48,643 [f14f4923-dfb7-4b2f-b4a8-676f2d05982b-groupManagement] INFO  server.RaftServerConfigKeys (ConfUtils.java:logGet(46)) - raft.server.leaderelection.leader.step-down.wait-time = 10s (default)
2023-08-31 10:24:48,643 [f14f4923-dfb7-4b2f-b4a8-676f2d05982b-groupManagement] INFO  server.RaftServerConfigKeys (ConfUtils.java:logGet(46)) - raft.server.sleep.deviation.threshold = 300ms (default)
2023-08-31 10:24:48,643 [f14f4923-dfb7-4b2f-b4a8-676f2d05982b-groupManagement] INFO  server.RaftServer$Division (ServerState.java:<init>(120)) - f14f4923-dfb7-4b2f-b4a8-676f2d05982b@group-AFAA66EB155E: ConfigurationManager, init=-1: peers:[f14f4923-dfb7-4b2f-b4a8-676f2d05982b|rpc:10.1.0.16:15103|admin:10.1.0.16:15102|client:10.1.0.16:15101|dataStream:10.1.0.16:15104|priority:1|startupRole:FOLLOWER]|listeners:[], old=null, confs=<EMPTY_MAP>
2023-08-31 10:24:48,643 [f14f4923-dfb7-4b2f-b4a8-676f2d05982b-groupManagement] INFO  server.RaftServerConfigKeys (ConfUtils.java:logGet(46)) - raft.server.storage.dir = [/home/runner/work/ozone/ozone/hadoop-ozone/integration-test/target/test-dir/MiniOzoneClusterImpl-3562ddc4-ebd0-49e0-a6e7-0f6459768660/datanode-4/data/ratis] (custom)
2023-08-31 10:24:48,643 [f14f4923-dfb7-4b2f-b4a8-676f2d05982b-groupManagement] INFO  server.RaftServerConfigKeys (ConfUtils.java:logGet(46)) - raft.server.log.corruption.policy = EXCEPTION (default)
2023-08-31 10:24:48,643 [f14f4923-dfb7-4b2f-b4a8-676f2d05982b-groupManagement] INFO  server.RaftServerConfigKeys (ConfUtils.java:logGet(46)) - raft.server.storage.free-space.min = 0MB (=0) (default)
2023-08-31 10:24:48,643 [f14f4923-dfb7-4b2f-b4a8-676f2d05982b-groupManagement] INFO  server.RaftServerConfigKeys (ConfUtils.java:logGet(46)) - raft.server.notification.no-leader.timeout = 300000ms (custom)
2023-08-31 10:24:48,643 [f14f4923-dfb7-4b2f-b4a8-676f2d05982b-groupManagement] INFO  server.RaftServerConfigKeys (ConfUtils.java:logGet(46)) - raft.server.read.timeout = 10s (default)
2023-08-31 10:24:48,643 [f14f4923-dfb7-4b2f-b4a8-676f2d05982b-groupManagement] INFO  server.RaftServerConfigKeys (ConfUtils.java:logGet(46)) - raft.server.retrycache.expirytime = 600000ms (custom)
2023-08-31 10:24:48,643 [f14f4923-dfb7-4b2f-b4a8-676f2d05982b-groupManagement] INFO  server.RaftServerConfigKeys (ConfUtils.java:logGet(46)) - raft.server.retrycache.statistics.expirytime = 100μs (default)
2023-08-31 10:24:48,643 [f14f4923-dfb7-4b2f-b4a8-676f2d05982b-groupManagement] INFO  server.RaftServerConfigKeys (ConfUtils.java:logGet(46)) - raft.server.read.option = DEFAULT (default)
2023-08-31 10:24:48,644 [f14f4923-dfb7-4b2f-b4a8-676f2d05982b-groupManagement] INFO  server.RaftServerConfigKeys (ConfUtils.java:logGet(46)) - raft.server.rpc.request.timeout = 3000ms (default)
2023-08-31 10:24:48,644 [f14f4923-dfb7-4b2f-b4a8-676f2d05982b-groupManagement] INFO  server.RaftServerConfigKeys (ConfUtils.java:logGet(46)) - raft.server.log.appender.install.snapshot.enabled = false (custom)
2023-08-31 10:24:48,644 [f14f4923-dfb7-4b2f-b4a8-676f2d05982b-groupManagement] INFO  server.RaftServerConfigKeys (ConfUtils.java:logGet(46)) - raft.server.threadpool.server.cached = true (default)
2023-08-31 10:24:48,644 [f14f4923-dfb7-4b2f-b4a8-676f2d05982b-groupManagement] INFO  server.RaftServerConfigKeys (ConfUtils.java:logGet(46)) - raft.server.threadpool.server.size = 0 (default)
2023-08-31 10:24:48,644 [f14f4923-dfb7-4b2f-b4a8-676f2d05982b-groupManagement] INFO  server.RaftServerConfigKeys (ConfUtils.java:logGet(46)) - raft.server.threadpool.client.cached = true (default)
2023-08-31 10:24:48,644 [f14f4923-dfb7-4b2f-b4a8-676f2d05982b-groupManagement] INFO  server.RaftServerConfigKeys (ConfUtils.java:logGet(46)) - raft.server.threadpool.client.size = 0 (default)
2023-08-31 10:24:48,644 [f14f4923-dfb7-4b2f-b4a8-676f2d05982b-groupManagement] INFO  storage.RaftStorageDirectory (RaftStorageDirectoryImpl.java:analyzeStorage(137)) - The storage directory /home/runner/work/ozone/ozone/hadoop-ozone/integration-test/target/test-dir/MiniOzoneClusterImpl-3562ddc4-ebd0-49e0-a6e7-0f6459768660/datanode-4/data/ratis/6665902e-e264-43cb-89d0-afaa66eb155e does not exist. Creating ...
2023-08-31 10:24:48,645 [f14f4923-dfb7-4b2f-b4a8-676f2d05982b-groupManagement] INFO  storage.RaftStorageDirectory (RaftStorageDirectoryImpl.java:tryLock(231)) - Lock on /home/runner/work/ozone/ozone/hadoop-ozone/integration-test/target/test-dir/MiniOzoneClusterImpl-3562ddc4-ebd0-49e0-a6e7-0f6459768660/datanode-4/data/ratis/6665902e-e264-43cb-89d0-afaa66eb155e/in_use.lock acquired by nodename 34453@fv-az304-998
2023-08-31 10:24:48,646 [f14f4923-dfb7-4b2f-b4a8-676f2d05982b-groupManagement] INFO  storage.RaftStorage (RaftStorageImpl.java:format(96)) - Storage directory /home/runner/work/ozone/ozone/hadoop-ozone/integration-test/target/test-dir/MiniOzoneClusterImpl-3562ddc4-ebd0-49e0-a6e7-0f6459768660/datanode-4/data/ratis/6665902e-e264-43cb-89d0-afaa66eb155e has been successfully formatted.
2023-08-31 10:24:48,648 [f14f4923-dfb7-4b2f-b4a8-676f2d05982b-groupManagement] INFO  ratis.ContainerStateMachine (ContainerStateMachine.java:loadSnapshot(262)) - group-AFAA66EB155E: The snapshot info is null. Setting the last applied indexto:(t:0, i:~)
2023-08-31 10:24:48,648 [f14f4923-dfb7-4b2f-b4a8-676f2d05982b-groupManagement] INFO  server.RaftServerConfigKeys (ConfUtils.java:logGet(46)) - raft.server.log.use.memory = false (default)
2023-08-31 10:24:48,648 [EventQueue-PipelineReportForPipelineReportHandler] INFO  pipeline.PipelineReportHandler (PipelineReportHandler.java:processPipelineReport(136)) - Opened pipeline PipelineID=6665902e-e264-43cb-89d0-afaa66eb155e
2023-08-31 10:24:48,648 [f14f4923-dfb7-4b2f-b4a8-676f2d05982b-groupManagement] INFO  server.RaftServerConfigKeys (ConfUtils.java:logGet(46)) - raft.server.log.purge.gap = 1000000 (custom)
2023-08-31 10:24:48,649 [f14f4923-dfb7-4b2f-b4a8-676f2d05982b-groupManagement] INFO  server.RaftServerConfigKeys (ConfUtils.java:logGet(46)) - raft.server.log.appender.buffer.byte-limit = 33554432 (custom)
2023-08-31 10:24:48,649 [EventQueue-OpenPipelineForHealthyPipelineSafeModeRule] INFO  safemode.SCMSafeModeManager (HealthyPipelineSafeModeRule.java:process(137)) - SCM in safe mode. Healthy pipelines reported count is 0, required healthy pipeline reported count is 1
2023-08-31 10:24:48,649 [f14f4923-dfb7-4b2f-b4a8-676f2d05982b-groupManagement] INFO  server.RaftServerConfigKeys (ConfUtils.java:logGet(46)) - raft.server.log.statemachine.data.read.timeout = 1000ms (default)
2023-08-31 10:24:48,649 [f14f4923-dfb7-4b2f-b4a8-676f2d05982b-groupManagement] INFO  server.RaftServerConfigKeys (ConfUtils.java:logGet(46)) - raft.server.log.purge.preservation.log.num = 0 (default)
2023-08-31 10:24:48,651 [f14f4923-dfb7-4b2f-b4a8-676f2d05982b-groupManagement] INFO  server.RaftServerConfigKeys (ConfUtils.java:logGet(46)) - raft.server.log.segment.size.max = 1048576 (custom)
2023-08-31 10:24:48,656 [f14f4923-dfb7-4b2f-b4a8-676f2d05982b-groupManagement] INFO  server.RaftServerConfigKeys (ConfUtils.java:logGet(46)) - raft.server.log.segment.cache.num.max = 2 (custom)
2023-08-31 10:24:48,656 [f14f4923-dfb7-4b2f-b4a8-676f2d05982b-groupManagement] INFO  server.RaftServerConfigKeys (ConfUtils.java:logGet(46)) - raft.server.log.segment.cache.size.max = 200MB (=209715200) (default)
2023-08-31 10:24:48,656 [f14f4923-dfb7-4b2f-b4a8-676f2d05982b-groupManagement] INFO  server.RaftServerConfigKeys (ConfUtils.java:logGet(46)) - raft.server.log.appender.buffer.byte-limit = 33554432 (custom)
2023-08-31 10:24:48,656 [f14f4923-dfb7-4b2f-b4a8-676f2d05982b-groupManagement] INFO  segmented.SegmentedRaftLogWorker (SegmentedRaftLogWorker.java:<init>(188)) - new f14f4923-dfb7-4b2f-b4a8-676f2d05982b@group-AFAA66EB155E-SegmentedRaftLogWorker for RaftStorageImpl:Storage Directory /home/runner/work/ozone/ozone/hadoop-ozone/integration-test/target/test-dir/MiniOzoneClusterImpl-3562ddc4-ebd0-49e0-a6e7-0f6459768660/datanode-4/data/ratis/6665902e-e264-43cb-89d0-afaa66eb155e
2023-08-31 10:24:48,656 [f14f4923-dfb7-4b2f-b4a8-676f2d05982b-groupManagement] INFO  server.RaftServerConfigKeys (ConfUtils.java:logGet(46)) - raft.server.log.queue.byte-limit = 4294967296 (custom)
2023-08-31 10:24:48,656 [f14f4923-dfb7-4b2f-b4a8-676f2d05982b-groupManagement] INFO  server.RaftServerConfigKeys (ConfUtils.java:logGet(46)) - raft.server.log.queue.element-limit = 1024 (custom)
2023-08-31 10:24:48,656 [f14f4923-dfb7-4b2f-b4a8-676f2d05982b-groupManagement] INFO  server.RaftServerConfigKeys (ConfUtils.java:logGet(46)) - raft.server.log.segment.size.max = 1048576 (custom)
2023-08-31 10:24:48,656 [f14f4923-dfb7-4b2f-b4a8-676f2d05982b-groupManagement] INFO  server.RaftServerConfigKeys (ConfUtils.java:logGet(46)) - raft.server.log.preallocated.size = 16384 (custom)
2023-08-31 10:24:48,656 [f14f4923-dfb7-4b2f-b4a8-676f2d05982b-groupManagement] INFO  server.RaftServerConfigKeys (ConfUtils.java:logGet(46)) - raft.server.log.force.sync.num = 128 (default)
2023-08-31 10:24:48,656 [f14f4923-dfb7-4b2f-b4a8-676f2d05982b-groupManagement] INFO  server.RaftServerConfigKeys (ConfUtils.java:logGet(46)) - raft.server.log.statemachine.data.sync = true (default)
2023-08-31 10:24:48,656 [f14f4923-dfb7-4b2f-b4a8-676f2d05982b-groupManagement] INFO  server.RaftServerConfigKeys (ConfUtils.java:logGet(46)) - raft.server.log.statemachine.data.sync.timeout = 10s (default)
2023-08-31 10:24:48,656 [f14f4923-dfb7-4b2f-b4a8-676f2d05982b-groupManagement] INFO  server.RaftServerConfigKeys (ConfUtils.java:logGet(46)) - raft.server.log.statemachine.data.sync.timeout.retry = -1 (default)
2023-08-31 10:24:48,656 [f14f4923-dfb7-4b2f-b4a8-676f2d05982b-groupManagement] INFO  server.RaftServerConfigKeys (ConfUtils.java:logGet(46)) - raft.server.log.write.buffer.size = 1048576 (custom)
2023-08-31 10:24:48,657 [f14f4923-dfb7-4b2f-b4a8-676f2d05982b-groupManagement] INFO  server.RaftServerConfigKeys (ConfUtils.java:logGet(46)) - raft.server.log.appender.buffer.byte-limit = 33554432 (custom)
2023-08-31 10:24:48,660 [f14f4923-dfb7-4b2f-b4a8-676f2d05982b-groupManagement] INFO  server.RaftServerConfigKeys (ConfUtils.java:logGet(46)) - raft.server.log.unsafe-flush.enabled = false (default)
2023-08-31 10:24:48,660 [f14f4923-dfb7-4b2f-b4a8-676f2d05982b-groupManagement] INFO  server.RaftServerConfigKeys (ConfUtils.java:logGet(46)) - raft.server.log.async-flush.enabled = false (default)
2023-08-31 10:24:48,660 [f14f4923-dfb7-4b2f-b4a8-676f2d05982b-groupManagement] INFO  server.RaftServerConfigKeys (ConfUtils.java:logGet(46)) - raft.server.log.statemachine.data.caching.enabled = true (custom)
2023-08-31 10:24:48,660 [f14f4923-dfb7-4b2f-b4a8-676f2d05982b-groupManagement] INFO  segmented.SegmentedRaftLogWorker (SegmentedRaftLogWorker.java:lambda$new$0(135)) - f14f4923-dfb7-4b2f-b4a8-676f2d05982b@group-AFAA66EB155E-SegmentedRaftLogWorker: flushIndex: setUnconditionally 0 -> -1
2023-08-31 10:24:48,660 [f14f4923-dfb7-4b2f-b4a8-676f2d05982b-groupManagement] INFO  segmented.SegmentedRaftLogWorker (SegmentedRaftLogWorker.java:lambda$new$0(135)) - f14f4923-dfb7-4b2f-b4a8-676f2d05982b@group-AFAA66EB155E-SegmentedRaftLogWorker: safeCacheEvictIndex: setUnconditionally 0 -> -1
2023-08-31 10:24:48,663 [f14f4923-dfb7-4b2f-b4a8-676f2d05982b-groupManagement] INFO  server.RaftServer$Division (RaftServerImpl.java:start(342)) - f14f4923-dfb7-4b2f-b4a8-676f2d05982b@group-AFAA66EB155E: start as a follower, conf=-1: peers:[f14f4923-dfb7-4b2f-b4a8-676f2d05982b|rpc:10.1.0.16:15103|admin:10.1.0.16:15102|client:10.1.0.16:15101|dataStream:10.1.0.16:15104|priority:1|startupRole:FOLLOWER]|listeners:[], old=null
2023-08-31 10:24:48,663 [f14f4923-dfb7-4b2f-b4a8-676f2d05982b-groupManagement] INFO  server.RaftServer$Division (RaftServerImpl.java:setRole(329)) - f14f4923-dfb7-4b2f-b4a8-676f2d05982b@group-AFAA66EB155E: changes role from      null to FOLLOWER at term 0 for startAsFollower
2023-08-31 10:24:48,663 [f14f4923-dfb7-4b2f-b4a8-676f2d05982b-groupManagement] INFO  impl.RoleInfo (RoleInfo.java:updateAndGet(139)) - f14f4923-dfb7-4b2f-b4a8-676f2d05982b: start f14f4923-dfb7-4b2f-b4a8-676f2d05982b@group-AFAA66EB155E-FollowerState
2023-08-31 10:24:48,663 [f14f4923-dfb7-4b2f-b4a8-676f2d05982b-groupManagement] INFO  util.JmxRegister (JmxRegister.java:tryRegister(44)) - Successfully registered JMX Bean with object name Ratis:service=RaftServer,group=group-AFAA66EB155E,id=f14f4923-dfb7-4b2f-b4a8-676f2d05982b
2023-08-31 10:24:48,663 [f14f4923-dfb7-4b2f-b4a8-676f2d05982b-groupManagement] INFO  server.RaftServerConfigKeys (ConfUtils.java:logGet(46)) - raft.server.snapshot.auto.trigger.enabled = true (custom)
2023-08-31 10:24:48,663 [f14f4923-dfb7-4b2f-b4a8-676f2d05982b-groupManagement] INFO  server.RaftServerConfigKeys (ConfUtils.java:logGet(46)) - raft.server.snapshot.auto.trigger.threshold = 10000 (custom)
2023-08-31 10:24:48,663 [f14f4923-dfb7-4b2f-b4a8-676f2d05982b-groupManagement] INFO  server.RaftServerConfigKeys (ConfUtils.java:logGet(46)) - raft.server.snapshot.retention.file.num = 5 (custom)
2023-08-31 10:24:48,663 [f14f4923-dfb7-4b2f-b4a8-676f2d05982b-groupManagement] INFO  server.RaftServerConfigKeys (ConfUtils.java:logGet(46)) - raft.server.log.purge.upto.snapshot.index = false (default)
2023-08-31 10:24:48,664 [f14f4923-dfb7-4b2f-b4a8-676f2d05982b@group-AFAA66EB155E-FollowerState] INFO  server.RaftServerConfigKeys (ConfUtils.java:logFallback(53)) - raft.server.rpc.first-election.timeout.min = 5s (fallback to raft.server.rpc.timeout.min)
2023-08-31 10:24:48,664 [f14f4923-dfb7-4b2f-b4a8-676f2d05982b@group-AFAA66EB155E-FollowerState] INFO  server.RaftServerConfigKeys (ConfUtils.java:logFallback(53)) - raft.server.rpc.first-election.timeout.max = 5200ms (fallback to raft.server.rpc.timeout.max)
2023-08-31 10:24:48,664 [PipelineCommandHandlerThread-0] INFO  ratis.XceiverServerRatis (XceiverServerRatis.java:addGroup(804)) - Created group PipelineID=6665902e-e264-43cb-89d0-afaa66eb155e
2023-08-31 10:24:48,664 [PipelineCommandHandlerThread-0] INFO  commandhandler.CreatePipelineCommandHandler (CreatePipelineCommandHandler.java:lambda$handle$2(124)) - Created Pipeline RATIS ONE PipelineID=6665902e-e264-43cb-89d0-afaa66eb155e.
2023-08-31 10:24:49,642 [JUnit] INFO  ozone.MiniOzoneClusterImpl (MiniOzoneClusterImpl.java:lambda$waitForClusterToBeReady$0(224)) - Nodes are ready. Got 5 of 5 DN Heartbeats.
2023-08-31 10:24:49,642 [JUnit] INFO  ozone.MiniOzoneClusterImpl (MiniOzoneClusterImpl.java:lambda$waitForClusterToBeReady$0(227)) - Waiting for cluster to exit safe mode
2023-08-31 10:24:49,642 [JUnit] INFO  ozone.MiniOzoneClusterImpl (MiniOzoneClusterImpl.java:lambda$waitForClusterToBeReady$0(229)) - SCM became leader
2023-08-31 10:24:50,642 [JUnit] INFO  ozone.MiniOzoneClusterImpl (MiniOzoneClusterImpl.java:lambda$waitForClusterToBeReady$0(224)) - Nodes are ready. Got 5 of 5 DN Heartbeats.
2023-08-31 10:24:50,643 [JUnit] INFO  ozone.MiniOzoneClusterImpl (MiniOzoneClusterImpl.java:lambda$waitForClusterToBeReady$0(227)) - Waiting for cluster to exit safe mode
2023-08-31 10:24:50,643 [JUnit] INFO  ozone.MiniOzoneClusterImpl (MiniOzoneClusterImpl.java:lambda$waitForClusterToBeReady$0(229)) - SCM became leader
2023-08-31 10:24:51,643 [JUnit] INFO  ozone.MiniOzoneClusterImpl (MiniOzoneClusterImpl.java:lambda$waitForClusterToBeReady$0(224)) - Nodes are ready. Got 5 of 5 DN Heartbeats.
2023-08-31 10:24:51,643 [JUnit] INFO  ozone.MiniOzoneClusterImpl (MiniOzoneClusterImpl.java:lambda$waitForClusterToBeReady$0(227)) - Waiting for cluster to exit safe mode
2023-08-31 10:24:51,643 [JUnit] INFO  ozone.MiniOzoneClusterImpl (MiniOzoneClusterImpl.java:lambda$waitForClusterToBeReady$0(229)) - SCM became leader
2023-08-31 10:24:52,605 [48880804-25a4-4bd1-b25e-a62c627e68dd@group-8B4BD068ACC0-FollowerState] INFO  impl.FollowerState (FollowerState.java:run(143)) - 48880804-25a4-4bd1-b25e-a62c627e68dd@group-8B4BD068ACC0-FollowerState: change to CANDIDATE, lastRpcElapsedTime:5106440220ns, electionTimeout:5101ms
2023-08-31 10:24:52,605 [48880804-25a4-4bd1-b25e-a62c627e68dd@group-8B4BD068ACC0-FollowerState] INFO  impl.RoleInfo (RoleInfo.java:shutdownFollowerState(110)) - 48880804-25a4-4bd1-b25e-a62c627e68dd: shutdown 48880804-25a4-4bd1-b25e-a62c627e68dd@group-8B4BD068ACC0-FollowerState
2023-08-31 10:24:52,605 [48880804-25a4-4bd1-b25e-a62c627e68dd@group-8B4BD068ACC0-FollowerState] INFO  server.RaftServer$Division (RaftServerImpl.java:setRole(329)) - 48880804-25a4-4bd1-b25e-a62c627e68dd@group-8B4BD068ACC0: changes role from  FOLLOWER to CANDIDATE at term 0 for changeToCandidate
2023-08-31 10:24:52,605 [48880804-25a4-4bd1-b25e-a62c627e68dd@group-8B4BD068ACC0-FollowerState] INFO  server.RaftServerConfigKeys (ConfUtils.java:logGet(46)) - raft.server.leaderelection.pre-vote = true (default)
2023-08-31 10:24:52,605 [48880804-25a4-4bd1-b25e-a62c627e68dd@group-8B4BD068ACC0-FollowerState] INFO  impl.RoleInfo (RoleInfo.java:updateAndGet(139)) - 48880804-25a4-4bd1-b25e-a62c627e68dd: start 48880804-25a4-4bd1-b25e-a62c627e68dd@group-8B4BD068ACC0-LeaderElection11
2023-08-31 10:24:52,609 [48880804-25a4-4bd1-b25e-a62c627e68dd@group-8B4BD068ACC0-LeaderElection11] INFO  impl.LeaderElection (LeaderElection.java:askForVotes(321)) - 48880804-25a4-4bd1-b25e-a62c627e68dd@group-8B4BD068ACC0-LeaderElection11 PRE_VOTE round 0: submit vote requests at term 0 for -1: peers:[48880804-25a4-4bd1-b25e-a62c627e68dd|rpc:10.1.0.16:15067|admin:10.1.0.16:15066|client:10.1.0.16:15065|dataStream:10.1.0.16:15068|priority:1|startupRole:FOLLOWER]|listeners:[], old=null
2023-08-31 10:24:52,609 [48880804-25a4-4bd1-b25e-a62c627e68dd@group-8B4BD068ACC0-LeaderElection11] INFO  impl.LeaderElection (LeaderElection.java:askForVotes(323)) - 48880804-25a4-4bd1-b25e-a62c627e68dd@group-8B4BD068ACC0-LeaderElection11 PRE_VOTE round 0: result PASSED (term=0)
2023-08-31 10:24:52,610 [48880804-25a4-4bd1-b25e-a62c627e68dd@group-8B4BD068ACC0-LeaderElection11] INFO  impl.LeaderElection (LeaderElection.java:askForVotes(321)) - 48880804-25a4-4bd1-b25e-a62c627e68dd@group-8B4BD068ACC0-LeaderElection11 ELECTION round 0: submit vote requests at term 1 for -1: peers:[48880804-25a4-4bd1-b25e-a62c627e68dd|rpc:10.1.0.16:15067|admin:10.1.0.16:15066|client:10.1.0.16:15065|dataStream:10.1.0.16:15068|priority:1|startupRole:FOLLOWER]|listeners:[], old=null
2023-08-31 10:24:52,610 [48880804-25a4-4bd1-b25e-a62c627e68dd@group-8B4BD068ACC0-LeaderElection11] INFO  impl.LeaderElection (LeaderElection.java:askForVotes(323)) - 48880804-25a4-4bd1-b25e-a62c627e68dd@group-8B4BD068ACC0-LeaderElection11 ELECTION round 0: result PASSED (term=1)
2023-08-31 10:24:52,610 [48880804-25a4-4bd1-b25e-a62c627e68dd@group-8B4BD068ACC0-LeaderElection11] INFO  impl.RoleInfo (RoleInfo.java:shutdownLeaderElection(130)) - 48880804-25a4-4bd1-b25e-a62c627e68dd: shutdown 48880804-25a4-4bd1-b25e-a62c627e68dd@group-8B4BD068ACC0-LeaderElection11
2023-08-31 10:24:52,610 [48880804-25a4-4bd1-b25e-a62c627e68dd@group-8B4BD068ACC0-LeaderElection11] INFO  server.RaftServer$Division (RaftServerImpl.java:setRole(329)) - 48880804-25a4-4bd1-b25e-a62c627e68dd@group-8B4BD068ACC0: changes role from CANDIDATE to LEADER at term 1 for changeToLeader
2023-08-31 10:24:52,610 [48880804-25a4-4bd1-b25e-a62c627e68dd@group-8B4BD068ACC0-LeaderElection11] INFO  ratis.XceiverServerRatis (XceiverServerRatis.java:handleLeaderChangedNotification(902)) - Leader change notification received for group: group-8B4BD068ACC0 with new leaderId: 48880804-25a4-4bd1-b25e-a62c627e68dd
2023-08-31 10:24:52,610 [48880804-25a4-4bd1-b25e-a62c627e68dd@group-8B4BD068ACC0-LeaderElection11] INFO  server.RaftServer$Division (ServerState.java:setLeader(317)) - 48880804-25a4-4bd1-b25e-a62c627e68dd@group-8B4BD068ACC0: change Leader from null to 48880804-25a4-4bd1-b25e-a62c627e68dd at term 1 for becomeLeader, leader elected after 5124ms
2023-08-31 10:24:52,610 [48880804-25a4-4bd1-b25e-a62c627e68dd@group-8B4BD068ACC0-LeaderElection11] INFO  server.RaftServerConfigKeys (ConfUtils.java:logGet(46)) - raft.server.staging.catchup.gap = 1000 (default)
2023-08-31 10:24:52,610 [48880804-25a4-4bd1-b25e-a62c627e68dd@group-8B4BD068ACC0-LeaderElection11] INFO  server.RaftServerConfigKeys (ConfUtils.java:logGet(46)) - raft.server.write.element-limit = 1024 (custom)
2023-08-31 10:24:52,610 [48880804-25a4-4bd1-b25e-a62c627e68dd@group-8B4BD068ACC0-LeaderElection11] INFO  server.RaftServerConfigKeys (ConfUtils.java:logGet(46)) - raft.server.write.byte-limit = 1024 M (=1073741824) (custom)
2023-08-31 10:24:52,611 [48880804-25a4-4bd1-b25e-a62c627e68dd@group-8B4BD068ACC0-LeaderElection11] INFO  server.RaftServerConfigKeys (ConfUtils.java:logGet(46)) - raft.server.watch.timeout = 10000ms (default)
2023-08-31 10:24:52,611 [48880804-25a4-4bd1-b25e-a62c627e68dd@group-8B4BD068ACC0-LeaderElection11] INFO  server.RaftServerConfigKeys (ConfUtils.java:logGet(46)) - raft.server.watch.timeout.denomination = 1s (default)
2023-08-31 10:24:52,611 [48880804-25a4-4bd1-b25e-a62c627e68dd@group-8B4BD068ACC0-LeaderElection11] INFO  server.RaftServerConfigKeys (ConfUtils.java:logGet(46)) - raft.server.watch.element-limit = 65536 (default)
2023-08-31 10:24:52,611 [48880804-25a4-4bd1-b25e-a62c627e68dd@group-8B4BD068ACC0-LeaderElection11] INFO  server.RaftServerConfigKeys (ConfUtils.java:logGet(46)) - raft.server.write.element-limit = 1024 (custom)
2023-08-31 10:24:52,611 [48880804-25a4-4bd1-b25e-a62c627e68dd@group-8B4BD068ACC0-LeaderElection11] INFO  server.RaftServerConfigKeys (ConfUtils.java:logGet(46)) - raft.server.write.follower.gap.ratio.max = -1.0 (default)
2023-08-31 10:24:52,611 [48880804-25a4-4bd1-b25e-a62c627e68dd@group-8B4BD068ACC0-LeaderElection11] INFO  impl.RoleInfo (RoleInfo.java:updateAndGet(139)) - 48880804-25a4-4bd1-b25e-a62c627e68dd: start 48880804-25a4-4bd1-b25e-a62c627e68dd@group-8B4BD068ACC0-LeaderStateImpl
2023-08-31 10:24:52,611 [48880804-25a4-4bd1-b25e-a62c627e68dd@group-8B4BD068ACC0-LeaderElection11] INFO  segmented.SegmentedRaftLogWorker (SegmentedRaftLogWorker.java:startLogSegment(447)) - 48880804-25a4-4bd1-b25e-a62c627e68dd@group-8B4BD068ACC0-SegmentedRaftLogWorker: Starting segment from index:0
2023-08-31 10:24:52,612 [EventQueue-OpenPipelineForHealthyPipelineSafeModeRule] INFO  safemode.SCMSafeModeManager (HealthyPipelineSafeModeRule.java:process(137)) - SCM in safe mode. Healthy pipelines reported count is 0, required healthy pipeline reported count is 1
2023-08-31 10:24:52,613 [48880804-25a4-4bd1-b25e-a62c627e68dd@group-8B4BD068ACC0-SegmentedRaftLogWorker] INFO  segmented.SegmentedRaftLogWorker (SegmentedRaftLogWorker.java:execute(651)) - 48880804-25a4-4bd1-b25e-a62c627e68dd@group-8B4BD068ACC0-SegmentedRaftLogWorker: created new log segment /home/runner/work/ozone/ozone/hadoop-ozone/integration-test/target/test-dir/MiniOzoneClusterImpl-3562ddc4-ebd0-49e0-a6e7-0f6459768660/datanode-0/data/ratis/9c1ce057-ec12-4c4b-b863-8b4bd068acc0/current/log_inprogress_0
2023-08-31 10:24:52,616 [48880804-25a4-4bd1-b25e-a62c627e68dd@group-8B4BD068ACC0-LeaderElection11] INFO  server.RaftServer$Division (ServerState.java:setRaftConf(434)) - 48880804-25a4-4bd1-b25e-a62c627e68dd@group-8B4BD068ACC0: set configuration 0: peers:[48880804-25a4-4bd1-b25e-a62c627e68dd|rpc:10.1.0.16:15067|admin:10.1.0.16:15066|client:10.1.0.16:15065|dataStream:10.1.0.16:15068|priority:1|startupRole:FOLLOWER]|listeners:[], old=null
2023-08-31 10:24:52,624 [f7581748-7872-49ff-9c70-19e178dd57a8@group-68314965FA9F-FollowerState] INFO  impl.FollowerState (FollowerState.java:run(143)) - f7581748-7872-49ff-9c70-19e178dd57a8@group-68314965FA9F-FollowerState: change to CANDIDATE, lastRpcElapsedTime:5025178210ns, electionTimeout:5020ms
2023-08-31 10:24:52,624 [f7581748-7872-49ff-9c70-19e178dd57a8@group-68314965FA9F-FollowerState] INFO  impl.RoleInfo (RoleInfo.java:shutdownFollowerState(110)) - f7581748-7872-49ff-9c70-19e178dd57a8: shutdown f7581748-7872-49ff-9c70-19e178dd57a8@group-68314965FA9F-FollowerState
2023-08-31 10:24:52,624 [f7581748-7872-49ff-9c70-19e178dd57a8@group-68314965FA9F-FollowerState] INFO  server.RaftServer$Division (RaftServerImpl.java:setRole(329)) - f7581748-7872-49ff-9c70-19e178dd57a8@group-68314965FA9F: changes role from  FOLLOWER to CANDIDATE at term 0 for changeToCandidate
2023-08-31 10:24:52,624 [f7581748-7872-49ff-9c70-19e178dd57a8@group-68314965FA9F-FollowerState] INFO  server.RaftServerConfigKeys (ConfUtils.java:logGet(46)) - raft.server.leaderelection.pre-vote = true (default)
2023-08-31 10:24:52,624 [f7581748-7872-49ff-9c70-19e178dd57a8@group-68314965FA9F-FollowerState] INFO  impl.RoleInfo (RoleInfo.java:updateAndGet(139)) - f7581748-7872-49ff-9c70-19e178dd57a8: start f7581748-7872-49ff-9c70-19e178dd57a8@group-68314965FA9F-LeaderElection12
2023-08-31 10:24:52,627 [f7581748-7872-49ff-9c70-19e178dd57a8@group-68314965FA9F-LeaderElection12] INFO  impl.LeaderElection (LeaderElection.java:askForVotes(321)) - f7581748-7872-49ff-9c70-19e178dd57a8@group-68314965FA9F-LeaderElection12 PRE_VOTE round 0: submit vote requests at term 0 for -1: peers:[cdef5c6f-8bd8-48a8-8760-99c7043342d4|rpc:10.1.0.16:15076|admin:10.1.0.16:15075|client:10.1.0.16:15074|dataStream:10.1.0.16:15077|priority:1|startupRole:FOLLOWER, f7581748-7872-49ff-9c70-19e178dd57a8|rpc:10.1.0.16:15085|admin:10.1.0.16:15084|client:10.1.0.16:15083|dataStream:10.1.0.16:15086|priority:0|startupRole:FOLLOWER, 48880804-25a4-4bd1-b25e-a62c627e68dd|rpc:10.1.0.16:15067|admin:10.1.0.16:15066|client:10.1.0.16:15065|dataStream:10.1.0.16:15068|priority:0|startupRole:FOLLOWER]|listeners:[], old=null
2023-08-31 10:24:52,627 [f7581748-7872-49ff-9c70-19e178dd57a8@group-68314965FA9F-LeaderElection12-1] INFO  server.GrpcServerProtocolClient (GrpcServerProtocolClient.java:<init>(65)) - Build channel for cdef5c6f-8bd8-48a8-8760-99c7043342d4
2023-08-31 10:24:52,627 [f7581748-7872-49ff-9c70-19e178dd57a8@group-68314965FA9F-LeaderElection12] INFO  server.RaftServerConfigKeys (ConfUtils.java:logFallback(53)) - raft.server.rpc.first-election.timeout.min = 5s (fallback to raft.server.rpc.timeout.min)
2023-08-31 10:24:52,627 [f7581748-7872-49ff-9c70-19e178dd57a8@group-68314965FA9F-LeaderElection12] INFO  server.RaftServerConfigKeys (ConfUtils.java:logFallback(53)) - raft.server.rpc.first-election.timeout.max = 5200ms (fallback to raft.server.rpc.timeout.max)
2023-08-31 10:24:52,628 [f7581748-7872-49ff-9c70-19e178dd57a8@group-68314965FA9F-LeaderElection12-2] INFO  server.GrpcServerProtocolClient (GrpcServerProtocolClient.java:<init>(65)) - Build channel for 48880804-25a4-4bd1-b25e-a62c627e68dd
2023-08-31 10:24:52,635 [48880804-25a4-4bd1-b25e-a62c627e68dd@group-540638C6BC82-FollowerState] INFO  impl.FollowerState (FollowerState.java:run(143)) - 48880804-25a4-4bd1-b25e-a62c627e68dd@group-540638C6BC82-FollowerState: change to CANDIDATE, lastRpcElapsedTime:5003063726ns, electionTimeout:5001ms
2023-08-31 10:24:52,635 [48880804-25a4-4bd1-b25e-a62c627e68dd@group-540638C6BC82-FollowerState] INFO  impl.RoleInfo (RoleInfo.java:shutdownFollowerState(110)) - 48880804-25a4-4bd1-b25e-a62c627e68dd: shutdown 48880804-25a4-4bd1-b25e-a62c627e68dd@group-540638C6BC82-FollowerState
2023-08-31 10:24:52,635 [48880804-25a4-4bd1-b25e-a62c627e68dd@group-540638C6BC82-FollowerState] INFO  server.RaftServer$Division (RaftServerImpl.java:setRole(329)) - 48880804-25a4-4bd1-b25e-a62c627e68dd@group-540638C6BC82: changes role from  FOLLOWER to CANDIDATE at term 0 for changeToCandidate
2023-08-31 10:24:52,635 [48880804-25a4-4bd1-b25e-a62c627e68dd@group-540638C6BC82-FollowerState] INFO  server.RaftServerConfigKeys (ConfUtils.java:logGet(46)) - raft.server.leaderelection.pre-vote = true (default)
2023-08-31 10:24:52,636 [48880804-25a4-4bd1-b25e-a62c627e68dd@group-540638C6BC82-FollowerState] INFO  impl.RoleInfo (RoleInfo.java:updateAndGet(139)) - 48880804-25a4-4bd1-b25e-a62c627e68dd: start 48880804-25a4-4bd1-b25e-a62c627e68dd@group-540638C6BC82-LeaderElection13
2023-08-31 10:24:52,637 [48880804-25a4-4bd1-b25e-a62c627e68dd@group-540638C6BC82-LeaderElection13] INFO  impl.LeaderElection (LeaderElection.java:askForVotes(321)) - 48880804-25a4-4bd1-b25e-a62c627e68dd@group-540638C6BC82-LeaderElection13 PRE_VOTE round 0: submit vote requests at term 0 for -1: peers:[cdef5c6f-8bd8-48a8-8760-99c7043342d4|rpc:10.1.0.16:15076|admin:10.1.0.16:15075|client:10.1.0.16:15074|dataStream:10.1.0.16:15077|priority:0|startupRole:FOLLOWER, f7581748-7872-49ff-9c70-19e178dd57a8|rpc:10.1.0.16:15085|admin:10.1.0.16:15084|client:10.1.0.16:15083|dataStream:10.1.0.16:15086|priority:0|startupRole:FOLLOWER, 48880804-25a4-4bd1-b25e-a62c627e68dd|rpc:10.1.0.16:15067|admin:10.1.0.16:15066|client:10.1.0.16:15065|dataStream:10.1.0.16:15068|priority:1|startupRole:FOLLOWER]|listeners:[], old=null
2023-08-31 10:24:52,639 [grpc-default-executor-4] INFO  server.RaftServer$Division (RaftServerImpl.java:requestVote(1302)) - 48880804-25a4-4bd1-b25e-a62c627e68dd@group-68314965FA9F: receive requestVote(PRE_VOTE, f7581748-7872-49ff-9c70-19e178dd57a8, group-68314965FA9F, 0, (t:0, i:0))
2023-08-31 10:24:52,639 [grpc-default-executor-4] INFO  impl.VoteContext (VoteContext.java:log(49)) - 48880804-25a4-4bd1-b25e-a62c627e68dd@group-68314965FA9F-FOLLOWER: accept PRE_VOTE from f7581748-7872-49ff-9c70-19e178dd57a8: our priority 0 <= candidate's priority 0
2023-08-31 10:24:52,639 [grpc-default-executor-4] INFO  server.RaftServer$Division (RaftServerImpl.java:requestVote(1335)) - 48880804-25a4-4bd1-b25e-a62c627e68dd@group-68314965FA9F replies to PRE_VOTE vote request: f7581748-7872-49ff-9c70-19e178dd57a8<-48880804-25a4-4bd1-b25e-a62c627e68dd#0:OK-t0. Peer's state: 48880804-25a4-4bd1-b25e-a62c627e68dd@group-68314965FA9F:t0, leader=null, voted=, raftlog=Memoized:48880804-25a4-4bd1-b25e-a62c627e68dd@group-68314965FA9F-SegmentedRaftLog:OPENED:c-1, conf=-1: peers:[cdef5c6f-8bd8-48a8-8760-99c7043342d4|rpc:10.1.0.16:15076|admin:10.1.0.16:15075|client:10.1.0.16:15074|dataStream:10.1.0.16:15077|priority:1|startupRole:FOLLOWER, f7581748-7872-49ff-9c70-19e178dd57a8|rpc:10.1.0.16:15085|admin:10.1.0.16:15084|client:10.1.0.16:15083|dataStream:10.1.0.16:15086|priority:0|startupRole:FOLLOWER, 48880804-25a4-4bd1-b25e-a62c627e68dd|rpc:10.1.0.16:15067|admin:10.1.0.16:15066|client:10.1.0.16:15065|dataStream:10.1.0.16:15068|priority:0|startupRole:FOLLOWER]|listeners:[], old=null
2023-08-31 10:24:52,641 [48880804-25a4-4bd1-b25e-a62c627e68dd@group-540638C6BC82-LeaderElection13-1] INFO  server.GrpcServerProtocolClient (GrpcServerProtocolClient.java:<init>(65)) - Build channel for cdef5c6f-8bd8-48a8-8760-99c7043342d4
2023-08-31 10:24:52,642 [grpc-default-executor-4] INFO  server.RaftServer$Division (RaftServerImpl.java:requestVote(1302)) - cdef5c6f-8bd8-48a8-8760-99c7043342d4@group-68314965FA9F: receive requestVote(PRE_VOTE, f7581748-7872-49ff-9c70-19e178dd57a8, group-68314965FA9F, 0, (t:0, i:0))
2023-08-31 10:24:52,643 [grpc-default-executor-4] INFO  impl.VoteContext (VoteContext.java:log(49)) - cdef5c6f-8bd8-48a8-8760-99c7043342d4@group-68314965FA9F-FOLLOWER: reject PRE_VOTE from f7581748-7872-49ff-9c70-19e178dd57a8: our priority 1 > candidate's priority 0
2023-08-31 10:24:52,643 [grpc-default-executor-4] INFO  server.RaftServer$Division (RaftServerImpl.java:requestVote(1335)) - cdef5c6f-8bd8-48a8-8760-99c7043342d4@group-68314965FA9F replies to PRE_VOTE vote request: f7581748-7872-49ff-9c70-19e178dd57a8<-cdef5c6f-8bd8-48a8-8760-99c7043342d4#0:FAIL-t0. Peer's state: cdef5c6f-8bd8-48a8-8760-99c7043342d4@group-68314965FA9F:t0, leader=null, voted=, raftlog=Memoized:cdef5c6f-8bd8-48a8-8760-99c7043342d4@group-68314965FA9F-SegmentedRaftLog:OPENED:c-1, conf=-1: peers:[cdef5c6f-8bd8-48a8-8760-99c7043342d4|rpc:10.1.0.16:15076|admin:10.1.0.16:15075|client:10.1.0.16:15074|dataStream:10.1.0.16:15077|priority:1|startupRole:FOLLOWER, f7581748-7872-49ff-9c70-19e178dd57a8|rpc:10.1.0.16:15085|admin:10.1.0.16:15084|client:10.1.0.16:15083|dataStream:10.1.0.16:15086|priority:0|startupRole:FOLLOWER, 48880804-25a4-4bd1-b25e-a62c627e68dd|rpc:10.1.0.16:15067|admin:10.1.0.16:15066|client:10.1.0.16:15065|dataStream:10.1.0.16:15068|priority:0|startupRole:FOLLOWER]|listeners:[], old=null
2023-08-31 10:24:52,643 [48880804-25a4-4bd1-b25e-a62c627e68dd@group-540638C6BC82-LeaderElection13] INFO  server.RaftServerConfigKeys (ConfUtils.java:logFallback(53)) - raft.server.rpc.first-election.timeout.min = 5s (fallback to raft.server.rpc.timeout.min)
2023-08-31 10:24:52,643 [48880804-25a4-4bd1-b25e-a62c627e68dd@group-540638C6BC82-LeaderElection13] INFO  server.RaftServerConfigKeys (ConfUtils.java:logFallback(53)) - raft.server.rpc.first-election.timeout.max = 5200ms (fallback to raft.server.rpc.timeout.max)
2023-08-31 10:24:52,643 [JUnit] INFO  ozone.MiniOzoneClusterImpl (MiniOzoneClusterImpl.java:lambda$waitForClusterToBeReady$0(224)) - Nodes are ready. Got 5 of 5 DN Heartbeats.
2023-08-31 10:24:52,643 [JUnit] INFO  ozone.MiniOzoneClusterImpl (MiniOzoneClusterImpl.java:lambda$waitForClusterToBeReady$0(227)) - Waiting for cluster to exit safe mode
2023-08-31 10:24:52,644 [JUnit] INFO  ozone.MiniOzoneClusterImpl (MiniOzoneClusterImpl.java:lambda$waitForClusterToBeReady$0(229)) - SCM became leader
2023-08-31 10:24:52,644 [48880804-25a4-4bd1-b25e-a62c627e68dd@group-540638C6BC82-LeaderElection13-2] INFO  server.GrpcServerProtocolClient (GrpcServerProtocolClient.java:<init>(65)) - Build channel for f7581748-7872-49ff-9c70-19e178dd57a8
2023-08-31 10:24:52,647 [grpc-default-executor-3] INFO  server.RaftServer$Division (RaftServerImpl.java:requestVote(1302)) - cdef5c6f-8bd8-48a8-8760-99c7043342d4@group-540638C6BC82: receive requestVote(PRE_VOTE, 48880804-25a4-4bd1-b25e-a62c627e68dd, group-540638C6BC82, 0, (t:0, i:0))
2023-08-31 10:24:52,647 [grpc-default-executor-3] INFO  impl.VoteContext (VoteContext.java:log(49)) - cdef5c6f-8bd8-48a8-8760-99c7043342d4@group-540638C6BC82-FOLLOWER: accept PRE_VOTE from 48880804-25a4-4bd1-b25e-a62c627e68dd: our priority 0 <= candidate's priority 1
2023-08-31 10:24:52,647 [grpc-default-executor-3] INFO  server.RaftServer$Division (RaftServerImpl.java:requestVote(1335)) - cdef5c6f-8bd8-48a8-8760-99c7043342d4@group-540638C6BC82 replies to PRE_VOTE vote request: 48880804-25a4-4bd1-b25e-a62c627e68dd<-cdef5c6f-8bd8-48a8-8760-99c7043342d4#0:OK-t0. Peer's state: cdef5c6f-8bd8-48a8-8760-99c7043342d4@group-540638C6BC82:t0, leader=null, voted=, raftlog=Memoized:cdef5c6f-8bd8-48a8-8760-99c7043342d4@group-540638C6BC82-SegmentedRaftLog:OPENED:c-1, conf=-1: peers:[cdef5c6f-8bd8-48a8-8760-99c7043342d4|rpc:10.1.0.16:15076|admin:10.1.0.16:15075|client:10.1.0.16:15074|dataStream:10.1.0.16:15077|priority:0|startupRole:FOLLOWER, f7581748-7872-49ff-9c70-19e178dd57a8|rpc:10.1.0.16:15085|admin:10.1.0.16:15084|client:10.1.0.16:15083|dataStream:10.1.0.16:15086|priority:0|startupRole:FOLLOWER, 48880804-25a4-4bd1-b25e-a62c627e68dd|rpc:10.1.0.16:15067|admin:10.1.0.16:15066|client:10.1.0.16:15065|dataStream:10.1.0.16:15068|priority:1|startupRole:FOLLOWER]|listeners:[], old=null
2023-08-31 10:24:52,649 [f7581748-7872-49ff-9c70-19e178dd57a8@group-68314965FA9F-LeaderElection12] INFO  impl.LeaderElection (LeaderElection.java:logAndReturn(90)) - f7581748-7872-49ff-9c70-19e178dd57a8@group-68314965FA9F-LeaderElection12: PRE_VOTE REJECTED received 2 response(s) and 0 exception(s):
2023-08-31 10:24:52,649 [f7581748-7872-49ff-9c70-19e178dd57a8@group-68314965FA9F-LeaderElection12] INFO  impl.LeaderElection (LeaderElection.java:logAndReturn(94)) -   Response 0: f7581748-7872-49ff-9c70-19e178dd57a8<-cdef5c6f-8bd8-48a8-8760-99c7043342d4#0:FAIL-t0
2023-08-31 10:24:52,649 [f7581748-7872-49ff-9c70-19e178dd57a8@group-68314965FA9F-LeaderElection12] INFO  impl.LeaderElection (LeaderElection.java:logAndReturn(94)) -   Response 1: f7581748-7872-49ff-9c70-19e178dd57a8<-48880804-25a4-4bd1-b25e-a62c627e68dd#0:OK-t0
2023-08-31 10:24:52,649 [f7581748-7872-49ff-9c70-19e178dd57a8@group-68314965FA9F-LeaderElection12] INFO  impl.LeaderElection (LeaderElection.java:askForVotes(323)) - f7581748-7872-49ff-9c70-19e178dd57a8@group-68314965FA9F-LeaderElection12 PRE_VOTE round 0: result REJECTED
2023-08-31 10:24:52,649 [f7581748-7872-49ff-9c70-19e178dd57a8@group-68314965FA9F-LeaderElection12] INFO  server.RaftServer$Division (RaftServerImpl.java:setRole(329)) - f7581748-7872-49ff-9c70-19e178dd57a8@group-68314965FA9F: changes role from CANDIDATE to FOLLOWER at term 0 for REJECTED
2023-08-31 10:24:52,649 [f7581748-7872-49ff-9c70-19e178dd57a8@group-68314965FA9F-LeaderElection12] INFO  impl.RoleInfo (RoleInfo.java:shutdownLeaderElection(130)) - f7581748-7872-49ff-9c70-19e178dd57a8: shutdown f7581748-7872-49ff-9c70-19e178dd57a8@group-68314965FA9F-LeaderElection12
2023-08-31 10:24:52,649 [f7581748-7872-49ff-9c70-19e178dd57a8@group-68314965FA9F-LeaderElection12] INFO  impl.RoleInfo (RoleInfo.java:updateAndGet(139)) - f7581748-7872-49ff-9c70-19e178dd57a8: start f7581748-7872-49ff-9c70-19e178dd57a8@group-68314965FA9F-FollowerState
2023-08-31 10:24:52,650 [48880804-25a4-4bd1-b25e-a62c627e68dd@group-540638C6BC82-LeaderElection13] INFO  impl.LeaderElection (LeaderElection.java:logAndReturn(90)) - 48880804-25a4-4bd1-b25e-a62c627e68dd@group-540638C6BC82-LeaderElection13: PRE_VOTE PASSED received 1 response(s) and 0 exception(s):
2023-08-31 10:24:52,650 [48880804-25a4-4bd1-b25e-a62c627e68dd@group-540638C6BC82-LeaderElection13] INFO  impl.LeaderElection (LeaderElection.java:logAndReturn(94)) -   Response 0: 48880804-25a4-4bd1-b25e-a62c627e68dd<-cdef5c6f-8bd8-48a8-8760-99c7043342d4#0:OK-t0
2023-08-31 10:24:52,650 [48880804-25a4-4bd1-b25e-a62c627e68dd@group-540638C6BC82-LeaderElection13] INFO  impl.LeaderElection (LeaderElection.java:askForVotes(323)) - 48880804-25a4-4bd1-b25e-a62c627e68dd@group-540638C6BC82-LeaderElection13 PRE_VOTE round 0: result PASSED
2023-08-31 10:24:52,651 [48880804-25a4-4bd1-b25e-a62c627e68dd@group-540638C6BC82-LeaderElection13] INFO  impl.LeaderElection (LeaderElection.java:askForVotes(321)) - 48880804-25a4-4bd1-b25e-a62c627e68dd@group-540638C6BC82-LeaderElection13 ELECTION round 0: submit vote requests at term 1 for -1: peers:[cdef5c6f-8bd8-48a8-8760-99c7043342d4|rpc:10.1.0.16:15076|admin:10.1.0.16:15075|client:10.1.0.16:15074|dataStream:10.1.0.16:15077|priority:0|startupRole:FOLLOWER, f7581748-7872-49ff-9c70-19e178dd57a8|rpc:10.1.0.16:15085|admin:10.1.0.16:15084|client:10.1.0.16:15083|dataStream:10.1.0.16:15086|priority:0|startupRole:FOLLOWER, 48880804-25a4-4bd1-b25e-a62c627e68dd|rpc:10.1.0.16:15067|admin:10.1.0.16:15066|client:10.1.0.16:15065|dataStream:10.1.0.16:15068|priority:1|startupRole:FOLLOWER]|listeners:[], old=null
2023-08-31 10:24:52,652 [48880804-25a4-4bd1-b25e-a62c627e68dd@group-540638C6BC82-LeaderElection13] INFO  server.RaftServerConfigKeys (ConfUtils.java:logFallback(53)) - raft.server.rpc.first-election.timeout.min = 5s (fallback to raft.server.rpc.timeout.min)
2023-08-31 10:24:52,652 [48880804-25a4-4bd1-b25e-a62c627e68dd@group-540638C6BC82-LeaderElection13] INFO  server.RaftServerConfigKeys (ConfUtils.java:logFallback(53)) - raft.server.rpc.first-election.timeout.max = 5200ms (fallback to raft.server.rpc.timeout.max)
2023-08-31 10:24:52,654 [grpc-default-executor-3] INFO  server.RaftServer$Division (RaftServerImpl.java:requestVote(1302)) - f7581748-7872-49ff-9c70-19e178dd57a8@group-540638C6BC82: receive requestVote(PRE_VOTE, 48880804-25a4-4bd1-b25e-a62c627e68dd, group-540638C6BC82, 0, (t:0, i:0))
2023-08-31 10:24:52,654 [grpc-default-executor-3] INFO  impl.VoteContext (VoteContext.java:log(49)) - f7581748-7872-49ff-9c70-19e178dd57a8@group-540638C6BC82-FOLLOWER: accept PRE_VOTE from 48880804-25a4-4bd1-b25e-a62c627e68dd: our priority 0 <= candidate's priority 1
2023-08-31 10:24:52,654 [grpc-default-executor-3] INFO  server.RaftServer$Division (RaftServerImpl.java:requestVote(1335)) - f7581748-7872-49ff-9c70-19e178dd57a8@group-540638C6BC82 replies to PRE_VOTE vote request: 48880804-25a4-4bd1-b25e-a62c627e68dd<-f7581748-7872-49ff-9c70-19e178dd57a8#0:OK-t0. Peer's state: f7581748-7872-49ff-9c70-19e178dd57a8@group-540638C6BC82:t0, leader=null, voted=, raftlog=Memoized:f7581748-7872-49ff-9c70-19e178dd57a8@group-540638C6BC82-SegmentedRaftLog:OPENED:c-1, conf=-1: peers:[cdef5c6f-8bd8-48a8-8760-99c7043342d4|rpc:10.1.0.16:15076|admin:10.1.0.16:15075|client:10.1.0.16:15074|dataStream:10.1.0.16:15077|priority:0|startupRole:FOLLOWER, f7581748-7872-49ff-9c70-19e178dd57a8|rpc:10.1.0.16:15085|admin:10.1.0.16:15084|client:10.1.0.16:15083|dataStream:10.1.0.16:15086|priority:0|startupRole:FOLLOWER, 48880804-25a4-4bd1-b25e-a62c627e68dd|rpc:10.1.0.16:15067|admin:10.1.0.16:15066|client:10.1.0.16:15065|dataStream:10.1.0.16:15068|priority:1|startupRole:FOLLOWER]|listeners:[], old=null
2023-08-31 10:24:52,659 [grpc-default-executor-3] INFO  server.RaftServer$Division (RaftServerImpl.java:requestVote(1302)) - f7581748-7872-49ff-9c70-19e178dd57a8@group-540638C6BC82: receive requestVote(ELECTION, 48880804-25a4-4bd1-b25e-a62c627e68dd, group-540638C6BC82, 1, (t:0, i:0))
2023-08-31 10:24:52,659 [grpc-default-executor-3] INFO  impl.VoteContext (VoteContext.java:log(49)) - f7581748-7872-49ff-9c70-19e178dd57a8@group-540638C6BC82-FOLLOWER: accept ELECTION from 48880804-25a4-4bd1-b25e-a62c627e68dd: our priority 0 <= candidate's priority 1
2023-08-31 10:24:52,660 [grpc-default-executor-3] INFO  server.RaftServer$Division (RaftServerImpl.java:setRole(329)) - f7581748-7872-49ff-9c70-19e178dd57a8@group-540638C6BC82: changes role from  FOLLOWER to FOLLOWER at term 1 for candidate:48880804-25a4-4bd1-b25e-a62c627e68dd
2023-08-31 10:24:52,660 [grpc-default-executor-3] INFO  impl.RoleInfo (RoleInfo.java:shutdownFollowerState(110)) - f7581748-7872-49ff-9c70-19e178dd57a8: shutdown f7581748-7872-49ff-9c70-19e178dd57a8@group-540638C6BC82-FollowerState
2023-08-31 10:24:52,660 [grpc-default-executor-3] INFO  impl.RoleInfo (RoleInfo.java:updateAndGet(139)) - f7581748-7872-49ff-9c70-19e178dd57a8: start f7581748-7872-49ff-9c70-19e178dd57a8@group-540638C6BC82-FollowerState
2023-08-31 10:24:52,660 [f7581748-7872-49ff-9c70-19e178dd57a8@group-540638C6BC82-FollowerState] INFO  impl.FollowerState (FollowerState.java:run(152)) - f7581748-7872-49ff-9c70-19e178dd57a8@group-540638C6BC82-FollowerState was interrupted
2023-08-31 10:24:52,660 [grpc-default-executor-4] INFO  server.RaftServer$Division (RaftServerImpl.java:requestVote(1302)) - cdef5c6f-8bd8-48a8-8760-99c7043342d4@group-540638C6BC82: receive requestVote(ELECTION, 48880804-25a4-4bd1-b25e-a62c627e68dd, group-540638C6BC82, 1, (t:0, i:0))
2023-08-31 10:24:52,661 [grpc-default-executor-4] INFO  impl.VoteContext (VoteContext.java:log(49)) - cdef5c6f-8bd8-48a8-8760-99c7043342d4@group-540638C6BC82-FOLLOWER: accept ELECTION from 48880804-25a4-4bd1-b25e-a62c627e68dd: our priority 0 <= candidate's priority 1
2023-08-31 10:24:52,661 [grpc-default-executor-3] INFO  server.RaftServer$Division (RaftServerImpl.java:requestVote(1335)) - f7581748-7872-49ff-9c70-19e178dd57a8@group-540638C6BC82 replies to ELECTION vote request: 48880804-25a4-4bd1-b25e-a62c627e68dd<-f7581748-7872-49ff-9c70-19e178dd57a8#0:OK-t1. Peer's state: f7581748-7872-49ff-9c70-19e178dd57a8@group-540638C6BC82:t1, leader=null, voted=48880804-25a4-4bd1-b25e-a62c627e68dd, raftlog=Memoized:f7581748-7872-49ff-9c70-19e178dd57a8@group-540638C6BC82-SegmentedRaftLog:OPENED:c-1, conf=-1: peers:[cdef5c6f-8bd8-48a8-8760-99c7043342d4|rpc:10.1.0.16:15076|admin:10.1.0.16:15075|client:10.1.0.16:15074|dataStream:10.1.0.16:15077|priority:0|startupRole:FOLLOWER, f7581748-7872-49ff-9c70-19e178dd57a8|rpc:10.1.0.16:15085|admin:10.1.0.16:15084|client:10.1.0.16:15083|dataStream:10.1.0.16:15086|priority:0|startupRole:FOLLOWER, 48880804-25a4-4bd1-b25e-a62c627e68dd|rpc:10.1.0.16:15067|admin:10.1.0.16:15066|client:10.1.0.16:15065|dataStream:10.1.0.16:15068|priority:1|startupRole:FOLLOWER]|listeners:[], old=null
2023-08-31 10:24:52,661 [grpc-default-executor-4] INFO  server.RaftServer$Division (RaftServerImpl.java:setRole(329)) - cdef5c6f-8bd8-48a8-8760-99c7043342d4@group-540638C6BC82: changes role from  FOLLOWER to FOLLOWER at term 1 for candidate:48880804-25a4-4bd1-b25e-a62c627e68dd
2023-08-31 10:24:52,661 [grpc-default-executor-4] INFO  impl.RoleInfo (RoleInfo.java:shutdownFollowerState(110)) - cdef5c6f-8bd8-48a8-8760-99c7043342d4: shutdown cdef5c6f-8bd8-48a8-8760-99c7043342d4@group-540638C6BC82-FollowerState
2023-08-31 10:24:52,661 [grpc-default-executor-4] INFO  impl.RoleInfo (RoleInfo.java:updateAndGet(139)) - cdef5c6f-8bd8-48a8-8760-99c7043342d4: start cdef5c6f-8bd8-48a8-8760-99c7043342d4@group-540638C6BC82-FollowerState
2023-08-31 10:24:52,661 [cdef5c6f-8bd8-48a8-8760-99c7043342d4@group-540638C6BC82-FollowerState] INFO  impl.FollowerState (FollowerState.java:run(152)) - cdef5c6f-8bd8-48a8-8760-99c7043342d4@group-540638C6BC82-FollowerState was interrupted
2023-08-31 10:24:52,662 [48880804-25a4-4bd1-b25e-a62c627e68dd@group-540638C6BC82-LeaderElection13] INFO  impl.LeaderElection (LeaderElection.java:logAndReturn(90)) - 48880804-25a4-4bd1-b25e-a62c627e68dd@group-540638C6BC82-LeaderElection13: ELECTION PASSED received 1 response(s) and 0 exception(s):
2023-08-31 10:24:52,662 [48880804-25a4-4bd1-b25e-a62c627e68dd@group-540638C6BC82-LeaderElection13] INFO  impl.LeaderElection (LeaderElection.java:logAndReturn(94)) -   Response 0: 48880804-25a4-4bd1-b25e-a62c627e68dd<-f7581748-7872-49ff-9c70-19e178dd57a8#0:OK-t1
2023-08-31 10:24:52,662 [48880804-25a4-4bd1-b25e-a62c627e68dd@group-540638C6BC82-LeaderElection13] INFO  impl.LeaderElection (LeaderElection.java:askForVotes(323)) - 48880804-25a4-4bd1-b25e-a62c627e68dd@group-540638C6BC82-LeaderElection13 ELECTION round 0: result PASSED
2023-08-31 10:24:52,662 [48880804-25a4-4bd1-b25e-a62c627e68dd@group-540638C6BC82-LeaderElection13] INFO  impl.RoleInfo (RoleInfo.java:shutdownLeaderElection(130)) - 48880804-25a4-4bd1-b25e-a62c627e68dd: shutdown 48880804-25a4-4bd1-b25e-a62c627e68dd@group-540638C6BC82-LeaderElection13
2023-08-31 10:24:52,662 [48880804-25a4-4bd1-b25e-a62c627e68dd@group-540638C6BC82-LeaderElection13] INFO  server.RaftServer$Division (RaftServerImpl.java:setRole(329)) - 48880804-25a4-4bd1-b25e-a62c627e68dd@group-540638C6BC82: changes role from CANDIDATE to LEADER at term 1 for changeToLeader
2023-08-31 10:24:52,662 [48880804-25a4-4bd1-b25e-a62c627e68dd@group-540638C6BC82-LeaderElection13] INFO  ratis.XceiverServerRatis (XceiverServerRatis.java:handleLeaderChangedNotification(902)) - Leader change notification received for group: group-540638C6BC82 with new leaderId: 48880804-25a4-4bd1-b25e-a62c627e68dd
2023-08-31 10:24:52,663 [48880804-25a4-4bd1-b25e-a62c627e68dd@group-540638C6BC82-LeaderElection13] INFO  server.RaftServer$Division (ServerState.java:setLeader(317)) - 48880804-25a4-4bd1-b25e-a62c627e68dd@group-540638C6BC82: change Leader from null to 48880804-25a4-4bd1-b25e-a62c627e68dd at term 1 for becomeLeader, leader elected after 5046ms
2023-08-31 10:24:52,663 [48880804-25a4-4bd1-b25e-a62c627e68dd@group-540638C6BC82-LeaderElection13] INFO  server.RaftServerConfigKeys (ConfUtils.java:logGet(46)) - raft.server.staging.catchup.gap = 1000 (default)
2023-08-31 10:24:52,663 [48880804-25a4-4bd1-b25e-a62c627e68dd@group-540638C6BC82-LeaderElection13] INFO  server.RaftServerConfigKeys (ConfUtils.java:logGet(46)) - raft.server.write.element-limit = 1024 (custom)
2023-08-31 10:24:52,663 [48880804-25a4-4bd1-b25e-a62c627e68dd@group-540638C6BC82-LeaderElection13] INFO  server.RaftServerConfigKeys (ConfUtils.java:logGet(46)) - raft.server.write.byte-limit = 1024 M (=1073741824) (custom)
2023-08-31 10:24:52,663 [48880804-25a4-4bd1-b25e-a62c627e68dd@group-540638C6BC82-LeaderElection13] INFO  server.RaftServerConfigKeys (ConfUtils.java:logGet(46)) - raft.server.watch.timeout = 10000ms (default)
2023-08-31 10:24:52,663 [48880804-25a4-4bd1-b25e-a62c627e68dd@group-540638C6BC82-LeaderElection13] INFO  server.RaftServerConfigKeys (ConfUtils.java:logGet(46)) - raft.server.watch.timeout.denomination = 1s (default)
2023-08-31 10:24:52,663 [48880804-25a4-4bd1-b25e-a62c627e68dd@group-540638C6BC82-LeaderElection13] INFO  server.RaftServerConfigKeys (ConfUtils.java:logGet(46)) - raft.server.watch.element-limit = 65536 (default)
2023-08-31 10:24:52,663 [48880804-25a4-4bd1-b25e-a62c627e68dd@group-540638C6BC82-LeaderElection13] INFO  server.RaftServerConfigKeys (ConfUtils.java:logGet(46)) - raft.server.write.element-limit = 1024 (custom)
2023-08-31 10:24:52,663 [48880804-25a4-4bd1-b25e-a62c627e68dd@group-540638C6BC82-LeaderElection13] INFO  server.RaftServerConfigKeys (ConfUtils.java:logGet(46)) - raft.server.write.follower.gap.ratio.max = -1.0 (default)
2023-08-31 10:24:52,664 [48880804-25a4-4bd1-b25e-a62c627e68dd@group-540638C6BC82-LeaderElection13] INFO  server.RaftServerConfigKeys (ConfUtils.java:logGet(46)) - raft.server.log.appender.snapshot.chunk.size.max = 16MB (=16777216) (default)
2023-08-31 10:24:52,664 [48880804-25a4-4bd1-b25e-a62c627e68dd@group-540638C6BC82-LeaderElection13] INFO  server.RaftServerConfigKeys (ConfUtils.java:logGet(46)) - raft.server.log.appender.buffer.byte-limit = 33554432 (custom)
2023-08-31 10:24:52,664 [48880804-25a4-4bd1-b25e-a62c627e68dd@group-540638C6BC82-LeaderElection13] INFO  server.RaftServerConfigKeys (ConfUtils.java:logGet(46)) - raft.server.log.appender.buffer.element-limit = 1 (custom)
2023-08-31 10:24:52,664 [48880804-25a4-4bd1-b25e-a62c627e68dd@group-540638C6BC82-LeaderElection13] INFO  server.RaftServerConfigKeys (ConfUtils.java:logGet(46)) - raft.server.log.appender.wait-time.min = 10ms (default)
2023-08-31 10:24:52,664 [48880804-25a4-4bd1-b25e-a62c627e68dd@group-540638C6BC82-LeaderElection13] INFO  grpc.GrpcConfigKeys (ConfUtils.java:logGet(46)) - raft.grpc.server.leader.outstanding.appends.max = 128 (default)
2023-08-31 10:24:52,664 [48880804-25a4-4bd1-b25e-a62c627e68dd@group-540638C6BC82-LeaderElection13] INFO  server.RaftServerConfigKeys (ConfUtils.java:logGet(46)) - raft.server.rpc.request.timeout = 3000ms (default)
2023-08-31 10:24:52,664 [48880804-25a4-4bd1-b25e-a62c627e68dd@group-540638C6BC82-LeaderElection13] INFO  grpc.GrpcConfigKeys (ConfUtils.java:logGet(46)) - raft.grpc.server.install_snapshot.request.element-limit = 8 (default)
2023-08-31 10:24:52,664 [48880804-25a4-4bd1-b25e-a62c627e68dd@group-540638C6BC82-LeaderElection13] INFO  grpc.GrpcConfigKeys (ConfUtils.java:logGet(46)) - raft.grpc.server.install_snapshot.request.timeout = 3000ms (default)
2023-08-31 10:24:52,664 [48880804-25a4-4bd1-b25e-a62c627e68dd@group-540638C6BC82-LeaderElection13] INFO  server.RaftServerConfigKeys (ConfUtils.java:logGet(46)) - raft.server.log.appender.install.snapshot.enabled = false (custom)
2023-08-31 10:24:52,664 [48880804-25a4-4bd1-b25e-a62c627e68dd@group-540638C6BC82-LeaderElection13] INFO  grpc.GrpcConfigKeys (ConfUtils.java:logGet(46)) - raft.grpc.server.heartbeat.channel = true (default)
2023-08-31 10:24:52,665 [48880804-25a4-4bd1-b25e-a62c627e68dd@group-540638C6BC82-LeaderElection13] INFO  server.RaftServerConfigKeys (ConfUtils.java:logGet(46)) - raft.server.log.appender.snapshot.chunk.size.max = 16MB (=16777216) (default)
2023-08-31 10:24:52,665 [48880804-25a4-4bd1-b25e-a62c627e68dd@group-540638C6BC82-LeaderElection13] INFO  server.RaftServerConfigKeys (ConfUtils.java:logGet(46)) - raft.server.log.appender.buffer.byte-limit = 33554432 (custom)
2023-08-31 10:24:52,665 [48880804-25a4-4bd1-b25e-a62c627e68dd@group-540638C6BC82-LeaderElection13] INFO  server.RaftServerConfigKeys (ConfUtils.java:logGet(46)) - raft.server.log.appender.buffer.element-limit = 1 (custom)
2023-08-31 10:24:52,665 [48880804-25a4-4bd1-b25e-a62c627e68dd@group-540638C6BC82-LeaderElection13] INFO  server.RaftServerConfigKeys (ConfUtils.java:logGet(46)) - raft.server.log.appender.wait-time.min = 10ms (default)
2023-08-31 10:24:52,665 [48880804-25a4-4bd1-b25e-a62c627e68dd@group-540638C6BC82-LeaderElection13] INFO  grpc.GrpcConfigKeys (ConfUtils.java:logGet(46)) - raft.grpc.server.leader.outstanding.appends.max = 128 (default)
2023-08-31 10:24:52,665 [48880804-25a4-4bd1-b25e-a62c627e68dd@group-540638C6BC82-LeaderElection13] INFO  server.RaftServerConfigKeys (ConfUtils.java:logGet(46)) - raft.server.rpc.request.timeout = 3000ms (default)
2023-08-31 10:24:52,665 [48880804-25a4-4bd1-b25e-a62c627e68dd@group-540638C6BC82-LeaderElection13] INFO  grpc.GrpcConfigKeys (ConfUtils.java:logGet(46)) - raft.grpc.server.install_snapshot.request.element-limit = 8 (default)
2023-08-31 10:24:52,665 [48880804-25a4-4bd1-b25e-a62c627e68dd@group-540638C6BC82-LeaderElection13] INFO  grpc.GrpcConfigKeys (ConfUtils.java:logGet(46)) - raft.grpc.server.install_snapshot.request.timeout = 3000ms (default)
2023-08-31 10:24:52,665 [48880804-25a4-4bd1-b25e-a62c627e68dd@group-540638C6BC82-LeaderElection13] INFO  server.RaftServerConfigKeys (ConfUtils.java:logGet(46)) - raft.server.log.appender.install.snapshot.enabled = false (custom)
2023-08-31 10:24:52,665 [48880804-25a4-4bd1-b25e-a62c627e68dd@group-540638C6BC82-LeaderElection13] INFO  grpc.GrpcConfigKeys (ConfUtils.java:logGet(46)) - raft.grpc.server.heartbeat.channel = true (default)
2023-08-31 10:24:52,665 [48880804-25a4-4bd1-b25e-a62c627e68dd@group-540638C6BC82-LeaderElection13] INFO  impl.RoleInfo (RoleInfo.java:updateAndGet(139)) - 48880804-25a4-4bd1-b25e-a62c627e68dd: start 48880804-25a4-4bd1-b25e-a62c627e68dd@group-540638C6BC82-LeaderStateImpl
2023-08-31 10:24:52,665 [48880804-25a4-4bd1-b25e-a62c627e68dd@group-540638C6BC82-LeaderElection13] INFO  segmented.SegmentedRaftLogWorker (SegmentedRaftLogWorker.java:startLogSegment(447)) - 48880804-25a4-4bd1-b25e-a62c627e68dd@group-540638C6BC82-SegmentedRaftLogWorker: Starting segment from index:0
2023-08-31 10:24:52,666 [48880804-25a4-4bd1-b25e-a62c627e68dd@group-540638C6BC82-SegmentedRaftLogWorker] INFO  segmented.SegmentedRaftLogWorker (SegmentedRaftLogWorker.java:execute(651)) - 48880804-25a4-4bd1-b25e-a62c627e68dd@group-540638C6BC82-SegmentedRaftLogWorker: created new log segment /home/runner/work/ozone/ozone/hadoop-ozone/integration-test/target/test-dir/MiniOzoneClusterImpl-3562ddc4-ebd0-49e0-a6e7-0f6459768660/datanode-0/data/ratis/62bb4b80-9280-4fcd-aa01-540638c6bc82/current/log_inprogress_0
2023-08-31 10:24:52,667 [grpc-default-executor-4] INFO  server.RaftServer$Division (RaftServerImpl.java:requestVote(1335)) - cdef5c6f-8bd8-48a8-8760-99c7043342d4@group-540638C6BC82 replies to ELECTION vote request: 48880804-25a4-4bd1-b25e-a62c627e68dd<-cdef5c6f-8bd8-48a8-8760-99c7043342d4#0:OK-t1. Peer's state: cdef5c6f-8bd8-48a8-8760-99c7043342d4@group-540638C6BC82:t1, leader=null, voted=48880804-25a4-4bd1-b25e-a62c627e68dd, raftlog=Memoized:cdef5c6f-8bd8-48a8-8760-99c7043342d4@group-540638C6BC82-SegmentedRaftLog:OPENED:c-1, conf=-1: peers:[cdef5c6f-8bd8-48a8-8760-99c7043342d4|rpc:10.1.0.16:15076|admin:10.1.0.16:15075|client:10.1.0.16:15074|dataStream:10.1.0.16:15077|priority:0|startupRole:FOLLOWER, f7581748-7872-49ff-9c70-19e178dd57a8|rpc:10.1.0.16:15085|admin:10.1.0.16:15084|client:10.1.0.16:15083|dataStream:10.1.0.16:15086|priority:0|startupRole:FOLLOWER, 48880804-25a4-4bd1-b25e-a62c627e68dd|rpc:10.1.0.16:15067|admin:10.1.0.16:15066|client:10.1.0.16:15065|dataStream:10.1.0.16:15068|priority:1|startupRole:FOLLOWER]|listeners:[], old=null
2023-08-31 10:24:52,668 [EventQueue-OpenPipelineForHealthyPipelineSafeModeRule] INFO  safemode.SCMSafeModeManager (HealthyPipelineSafeModeRule.java:process(137)) - SCM in safe mode. Healthy pipelines reported count is 0, required healthy pipeline reported count is 1
2023-08-31 10:24:52,669 [EventQueue-PipelineReportForPipelineReportHandler] INFO  pipeline.PipelineReportHandler (PipelineReportHandler.java:processPipelineReport(136)) - Opened pipeline PipelineID=62bb4b80-9280-4fcd-aa01-540638c6bc82
2023-08-31 10:24:52,669 [EventQueue-OpenPipelineForHealthyPipelineSafeModeRule] INFO  safemode.SCMSafeModeManager (HealthyPipelineSafeModeRule.java:process(137)) - SCM in safe mode. Healthy pipelines reported count is 1, required healthy pipeline reported count is 1
2023-08-31 10:24:52,669 [EventQueue-OpenPipelineForHealthyPipelineSafeModeRule] INFO  safemode.SCMSafeModeManager (SCMSafeModeManager.java:validateSafeModeExitRules(200)) - HealthyPipelineSafeModeRule rule is successfully validated
2023-08-31 10:24:52,669 [EventQueue-OpenPipelineForHealthyPipelineSafeModeRule] INFO  safemode.SCMSafeModeManager (SCMSafeModeManager.java:validateSafeModeExitRules(215)) - ScmSafeModeManager, all rules are successfully validated
2023-08-31 10:24:52,669 [EventQueue-OpenPipelineForHealthyPipelineSafeModeRule] INFO  safemode.SCMSafeModeManager (SCMSafeModeManager.java:exitSafeMode(244)) - SCM exiting safe mode.
2023-08-31 10:24:52,669 [EventQueue-OpenPipelineForHealthyPipelineSafeModeRule] INFO  ha.SCMContext (SCMContext.java:updateSafeModeStatus(228)) - Update SafeModeStatus from SafeModeStatus{safeModeStatus=true, preCheckPassed=true} to SafeModeStatus{safeModeStatus=false, preCheckPassed=true}.
2023-08-31 10:24:52,669 [EventQueue-OpenPipelineForHealthyPipelineSafeModeRule] INFO  pipeline.BackgroundPipelineCreator (BackgroundPipelineCreator.java:notifyStatusChanged(255)) - Service BackgroundPipelineCreator transitions to RUNNING.
2023-08-31 10:24:52,669 [EventQueue-OpenPipelineForHealthyPipelineSafeModeRule] INFO  BackgroundPipelineScrubber (BackgroundSCMService.java:notifyStatusChanged(82)) - Service BackgroundPipelineScrubber transitions to RUNNING.
2023-08-31 10:24:52,669 [EventQueue-OpenPipelineForHealthyPipelineSafeModeRule] INFO  ExpiredContainerReplicaOpScrubber (BackgroundSCMService.java:notifyStatusChanged(82)) - Service ExpiredContainerReplicaOpScrubber transitions to RUNNING.
2023-08-31 10:24:52,669 [EventQueue-OpenPipelineForHealthyPipelineSafeModeRule] INFO  replication.ReplicationManager (ReplicationManager.java:notifyStatusChanged(1370)) - Service ReplicationManager transitions to RUNNING.
2023-08-31 10:24:52,669 [EventQueue-OpenPipelineForHealthyPipelineSafeModeRule] WARN  balancer.ContainerBalancer (ContainerBalancer.java:shouldRun(134)) - Could not find persisted configuration for ContainerBalancer when checking if ContainerBalancer should run. ContainerBalancer should not run now.
2023-08-31 10:24:52,676 [48880804-25a4-4bd1-b25e-a62c627e68dd@group-540638C6BC82-LeaderElection13] INFO  server.RaftServer$Division (ServerState.java:setRaftConf(434)) - 48880804-25a4-4bd1-b25e-a62c627e68dd@group-540638C6BC82: set configuration 0: peers:[cdef5c6f-8bd8-48a8-8760-99c7043342d4|rpc:10.1.0.16:15076|admin:10.1.0.16:15075|client:10.1.0.16:15074|dataStream:10.1.0.16:15077|priority:0|startupRole:FOLLOWER, f7581748-7872-49ff-9c70-19e178dd57a8|rpc:10.1.0.16:15085|admin:10.1.0.16:15084|client:10.1.0.16:15083|dataStream:10.1.0.16:15086|priority:0|startupRole:FOLLOWER, 48880804-25a4-4bd1-b25e-a62c627e68dd|rpc:10.1.0.16:15067|admin:10.1.0.16:15066|client:10.1.0.16:15065|dataStream:10.1.0.16:15068|priority:1|startupRole:FOLLOWER]|listeners:[], old=null
2023-08-31 10:24:52,678 [cdef5c6f-8bd8-48a8-8760-99c7043342d4-server-thread1] INFO  ratis.XceiverServerRatis (XceiverServerRatis.java:handleLeaderChangedNotification(902)) - Leader change notification received for group: group-540638C6BC82 with new leaderId: 48880804-25a4-4bd1-b25e-a62c627e68dd
2023-08-31 10:24:52,678 [cdef5c6f-8bd8-48a8-8760-99c7043342d4-server-thread1] INFO  server.RaftServer$Division (ServerState.java:setLeader(317)) - cdef5c6f-8bd8-48a8-8760-99c7043342d4@group-540638C6BC82: change Leader from null to 48880804-25a4-4bd1-b25e-a62c627e68dd at term 1 for appendEntries, leader elected after 5029ms
2023-08-31 10:24:52,685 [f7581748-7872-49ff-9c70-19e178dd57a8-server-thread1] INFO  ratis.XceiverServerRatis (XceiverServerRatis.java:handleLeaderChangedNotification(902)) - Leader change notification received for group: group-540638C6BC82 with new leaderId: 48880804-25a4-4bd1-b25e-a62c627e68dd
2023-08-31 10:24:52,685 [f7581748-7872-49ff-9c70-19e178dd57a8-server-thread1] INFO  server.RaftServer$Division (ServerState.java:setLeader(317)) - f7581748-7872-49ff-9c70-19e178dd57a8@group-540638C6BC82: change Leader from null to 48880804-25a4-4bd1-b25e-a62c627e68dd at term 1 for appendEntries, leader elected after 4963ms
2023-08-31 10:24:52,692 [cdef5c6f-8bd8-48a8-8760-99c7043342d4-server-thread2] INFO  server.RaftServer$Division (ServerState.java:setRaftConf(434)) - cdef5c6f-8bd8-48a8-8760-99c7043342d4@group-540638C6BC82: set configuration 0: peers:[cdef5c6f-8bd8-48a8-8760-99c7043342d4|rpc:10.1.0.16:15076|admin:10.1.0.16:15075|client:10.1.0.16:15074|dataStream:10.1.0.16:15077|priority:0|startupRole:FOLLOWER, f7581748-7872-49ff-9c70-19e178dd57a8|rpc:10.1.0.16:15085|admin:10.1.0.16:15084|client:10.1.0.16:15083|dataStream:10.1.0.16:15086|priority:0|startupRole:FOLLOWER, 48880804-25a4-4bd1-b25e-a62c627e68dd|rpc:10.1.0.16:15067|admin:10.1.0.16:15066|client:10.1.0.16:15065|dataStream:10.1.0.16:15068|priority:1|startupRole:FOLLOWER]|listeners:[], old=null
2023-08-31 10:24:52,692 [cdef5c6f-8bd8-48a8-8760-99c7043342d4-server-thread2] INFO  segmented.SegmentedRaftLogWorker (SegmentedRaftLogWorker.java:startLogSegment(447)) - cdef5c6f-8bd8-48a8-8760-99c7043342d4@group-540638C6BC82-SegmentedRaftLogWorker: Starting segment from index:0
2023-08-31 10:24:52,693 [cdef5c6f-8bd8-48a8-8760-99c7043342d4@group-540638C6BC82-SegmentedRaftLogWorker] INFO  segmented.SegmentedRaftLogWorker (SegmentedRaftLogWorker.java:execute(651)) - cdef5c6f-8bd8-48a8-8760-99c7043342d4@group-540638C6BC82-SegmentedRaftLogWorker: created new log segment /home/runner/work/ozone/ozone/hadoop-ozone/integration-test/target/test-dir/MiniOzoneClusterImpl-3562ddc4-ebd0-49e0-a6e7-0f6459768660/datanode-1/data/ratis/62bb4b80-9280-4fcd-aa01-540638c6bc82/current/log_inprogress_0
2023-08-31 10:24:52,695 [f7581748-7872-49ff-9c70-19e178dd57a8-server-thread2] INFO  server.RaftServer$Division (ServerState.java:setRaftConf(434)) - f7581748-7872-49ff-9c70-19e178dd57a8@group-540638C6BC82: set configuration 0: peers:[cdef5c6f-8bd8-48a8-8760-99c7043342d4|rpc:10.1.0.16:15076|admin:10.1.0.16:15075|client:10.1.0.16:15074|dataStream:10.1.0.16:15077|priority:0|startupRole:FOLLOWER, f7581748-7872-49ff-9c70-19e178dd57a8|rpc:10.1.0.16:15085|admin:10.1.0.16:15084|client:10.1.0.16:15083|dataStream:10.1.0.16:15086|priority:0|startupRole:FOLLOWER, 48880804-25a4-4bd1-b25e-a62c627e68dd|rpc:10.1.0.16:15067|admin:10.1.0.16:15066|client:10.1.0.16:15065|dataStream:10.1.0.16:15068|priority:1|startupRole:FOLLOWER]|listeners:[], old=null
2023-08-31 10:24:52,696 [f7581748-7872-49ff-9c70-19e178dd57a8-server-thread2] INFO  segmented.SegmentedRaftLogWorker (SegmentedRaftLogWorker.java:startLogSegment(447)) - f7581748-7872-49ff-9c70-19e178dd57a8@group-540638C6BC82-SegmentedRaftLogWorker: Starting segment from index:0
2023-08-31 10:24:52,697 [f7581748-7872-49ff-9c70-19e178dd57a8@group-540638C6BC82-SegmentedRaftLogWorker] INFO  segmented.SegmentedRaftLogWorker (SegmentedRaftLogWorker.java:execute(651)) - f7581748-7872-49ff-9c70-19e178dd57a8@group-540638C6BC82-SegmentedRaftLogWorker: created new log segment /home/runner/work/ozone/ozone/hadoop-ozone/integration-test/target/test-dir/MiniOzoneClusterImpl-3562ddc4-ebd0-49e0-a6e7-0f6459768660/datanode-2/data/ratis/62bb4b80-9280-4fcd-aa01-540638c6bc82/current/log_inprogress_0
2023-08-31 10:24:52,710 [cdef5c6f-8bd8-48a8-8760-99c7043342d4@group-68314965FA9F-FollowerState] INFO  impl.FollowerState (FollowerState.java:run(143)) - cdef5c6f-8bd8-48a8-8760-99c7043342d4@group-68314965FA9F-FollowerState: change to CANDIDATE, lastRpcElapsedTime:5150962489ns, electionTimeout:5150ms
2023-08-31 10:24:52,710 [cdef5c6f-8bd8-48a8-8760-99c7043342d4@group-68314965FA9F-FollowerState] INFO  impl.RoleInfo (RoleInfo.java:shutdownFollowerState(110)) - cdef5c6f-8bd8-48a8-8760-99c7043342d4: shutdown cdef5c6f-8bd8-48a8-8760-99c7043342d4@group-68314965FA9F-FollowerState
2023-08-31 10:24:52,710 [cdef5c6f-8bd8-48a8-8760-99c7043342d4@group-68314965FA9F-FollowerState] INFO  server.RaftServer$Division (RaftServerImpl.java:setRole(329)) - cdef5c6f-8bd8-48a8-8760-99c7043342d4@group-68314965FA9F: changes role from  FOLLOWER to CANDIDATE at term 0 for changeToCandidate
2023-08-31 10:24:52,711 [cdef5c6f-8bd8-48a8-8760-99c7043342d4@group-68314965FA9F-FollowerState] INFO  server.RaftServerConfigKeys (ConfUtils.java:logGet(46)) - raft.server.leaderelection.pre-vote = true (default)
2023-08-31 10:24:52,711 [cdef5c6f-8bd8-48a8-8760-99c7043342d4@group-68314965FA9F-FollowerState] INFO  impl.RoleInfo (RoleInfo.java:updateAndGet(139)) - cdef5c6f-8bd8-48a8-8760-99c7043342d4: start cdef5c6f-8bd8-48a8-8760-99c7043342d4@group-68314965FA9F-LeaderElection14
2023-08-31 10:24:52,711 [cdef5c6f-8bd8-48a8-8760-99c7043342d4@group-68314965FA9F-LeaderElection14] INFO  impl.LeaderElection (LeaderElection.java:askForVotes(321)) - cdef5c6f-8bd8-48a8-8760-99c7043342d4@group-68314965FA9F-LeaderElection14 PRE_VOTE round 0: submit vote requests at term 0 for -1: peers:[cdef5c6f-8bd8-48a8-8760-99c7043342d4|rpc:10.1.0.16:15076|admin:10.1.0.16:15075|client:10.1.0.16:15074|dataStream:10.1.0.16:15077|priority:1|startupRole:FOLLOWER, f7581748-7872-49ff-9c70-19e178dd57a8|rpc:10.1.0.16:15085|admin:10.1.0.16:15084|client:10.1.0.16:15083|dataStream:10.1.0.16:15086|priority:0|startupRole:FOLLOWER, 48880804-25a4-4bd1-b25e-a62c627e68dd|rpc:10.1.0.16:15067|admin:10.1.0.16:15066|client:10.1.0.16:15065|dataStream:10.1.0.16:15068|priority:0|startupRole:FOLLOWER]|listeners:[], old=null
2023-08-31 10:24:52,711 [cdef5c6f-8bd8-48a8-8760-99c7043342d4@group-68314965FA9F-LeaderElection14-1] INFO  server.GrpcServerProtocolClient (GrpcServerProtocolClient.java:<init>(65)) - Build channel for f7581748-7872-49ff-9c70-19e178dd57a8
2023-08-31 10:24:52,712 [cdef5c6f-8bd8-48a8-8760-99c7043342d4@group-68314965FA9F-LeaderElection14] INFO  server.RaftServerConfigKeys (ConfUtils.java:logFallback(53)) - raft.server.rpc.first-election.timeout.min = 5s (fallback to raft.server.rpc.timeout.min)
2023-08-31 10:24:52,712 [cdef5c6f-8bd8-48a8-8760-99c7043342d4@group-68314965FA9F-LeaderElection14-2] INFO  server.GrpcServerProtocolClient (GrpcServerProtocolClient.java:<init>(65)) - Build channel for 48880804-25a4-4bd1-b25e-a62c627e68dd
2023-08-31 10:24:52,712 [cdef5c6f-8bd8-48a8-8760-99c7043342d4@group-68314965FA9F-LeaderElection14] INFO  server.RaftServerConfigKeys (ConfUtils.java:logFallback(53)) - raft.server.rpc.first-election.timeout.max = 5200ms (fallback to raft.server.rpc.timeout.max)
2023-08-31 10:24:52,717 [grpc-default-executor-4] INFO  server.RaftServer$Division (RaftServerImpl.java:requestVote(1302)) - f7581748-7872-49ff-9c70-19e178dd57a8@group-68314965FA9F: receive requestVote(PRE_VOTE, cdef5c6f-8bd8-48a8-8760-99c7043342d4, group-68314965FA9F, 0, (t:0, i:0))
2023-08-31 10:24:52,717 [grpc-default-executor-4] INFO  impl.VoteContext (VoteContext.java:log(49)) - f7581748-7872-49ff-9c70-19e178dd57a8@group-68314965FA9F-FOLLOWER: accept PRE_VOTE from cdef5c6f-8bd8-48a8-8760-99c7043342d4: our priority 0 <= candidate's priority 1
2023-08-31 10:24:52,717 [grpc-default-executor-4] INFO  server.RaftServer$Division (RaftServerImpl.java:requestVote(1335)) - f7581748-7872-49ff-9c70-19e178dd57a8@group-68314965FA9F replies to PRE_VOTE vote request: cdef5c6f-8bd8-48a8-8760-99c7043342d4<-f7581748-7872-49ff-9c70-19e178dd57a8#0:OK-t0. Peer's state: f7581748-7872-49ff-9c70-19e178dd57a8@group-68314965FA9F:t0, leader=null, voted=, raftlog=Memoized:f7581748-7872-49ff-9c70-19e178dd57a8@group-68314965FA9F-SegmentedRaftLog:OPENED:c-1, conf=-1: peers:[cdef5c6f-8bd8-48a8-8760-99c7043342d4|rpc:10.1.0.16:15076|admin:10.1.0.16:15075|client:10.1.0.16:15074|dataStream:10.1.0.16:15077|priority:1|startupRole:FOLLOWER, f7581748-7872-49ff-9c70-19e178dd57a8|rpc:10.1.0.16:15085|admin:10.1.0.16:15084|client:10.1.0.16:15083|dataStream:10.1.0.16:15086|priority:0|startupRole:FOLLOWER, 48880804-25a4-4bd1-b25e-a62c627e68dd|rpc:10.1.0.16:15067|admin:10.1.0.16:15066|client:10.1.0.16:15065|dataStream:10.1.0.16:15068|priority:0|startupRole:FOLLOWER]|listeners:[], old=null
2023-08-31 10:24:52,720 [cdef5c6f-8bd8-48a8-8760-99c7043342d4@group-68314965FA9F-LeaderElection14] INFO  impl.LeaderElection (LeaderElection.java:logAndReturn(90)) - cdef5c6f-8bd8-48a8-8760-99c7043342d4@group-68314965FA9F-LeaderElection14: PRE_VOTE PASSED received 1 response(s) and 0 exception(s):
2023-08-31 10:24:52,720 [cdef5c6f-8bd8-48a8-8760-99c7043342d4@group-68314965FA9F-LeaderElection14] INFO  impl.LeaderElection (LeaderElection.java:logAndReturn(94)) -   Response 0: cdef5c6f-8bd8-48a8-8760-99c7043342d4<-f7581748-7872-49ff-9c70-19e178dd57a8#0:OK-t0
2023-08-31 10:24:52,720 [cdef5c6f-8bd8-48a8-8760-99c7043342d4@group-68314965FA9F-LeaderElection14] INFO  impl.LeaderElection (LeaderElection.java:askForVotes(323)) - cdef5c6f-8bd8-48a8-8760-99c7043342d4@group-68314965FA9F-LeaderElection14 PRE_VOTE round 0: result PASSED
2023-08-31 10:24:52,721 [cdef5c6f-8bd8-48a8-8760-99c7043342d4@group-68314965FA9F-LeaderElection14] INFO  impl.LeaderElection (LeaderElection.java:askForVotes(321)) - cdef5c6f-8bd8-48a8-8760-99c7043342d4@group-68314965FA9F-LeaderElection14 ELECTION round 0: submit vote requests at term 1 for -1: peers:[cdef5c6f-8bd8-48a8-8760-99c7043342d4|rpc:10.1.0.16:15076|admin:10.1.0.16:15075|client:10.1.0.16:15074|dataStream:10.1.0.16:15077|priority:1|startupRole:FOLLOWER, f7581748-7872-49ff-9c70-19e178dd57a8|rpc:10.1.0.16:15085|admin:10.1.0.16:15084|client:10.1.0.16:15083|dataStream:10.1.0.16:15086|priority:0|startupRole:FOLLOWER, 48880804-25a4-4bd1-b25e-a62c627e68dd|rpc:10.1.0.16:15067|admin:10.1.0.16:15066|client:10.1.0.16:15065|dataStream:10.1.0.16:15068|priority:0|startupRole:FOLLOWER]|listeners:[], old=null
2023-08-31 10:24:52,722 [grpc-default-executor-4] INFO  server.RaftServer$Division (RaftServerImpl.java:requestVote(1302)) - 48880804-25a4-4bd1-b25e-a62c627e68dd@group-68314965FA9F: receive requestVote(PRE_VOTE, cdef5c6f-8bd8-48a8-8760-99c7043342d4, group-68314965FA9F, 0, (t:0, i:0))
2023-08-31 10:24:52,722 [grpc-default-executor-4] INFO  impl.VoteContext (VoteContext.java:log(49)) - 48880804-25a4-4bd1-b25e-a62c627e68dd@group-68314965FA9F-FOLLOWER: accept PRE_VOTE from cdef5c6f-8bd8-48a8-8760-99c7043342d4: our priority 0 <= candidate's priority 1
2023-08-31 10:24:52,722 [grpc-default-executor-4] INFO  server.RaftServer$Division (RaftServerImpl.java:requestVote(1335)) - 48880804-25a4-4bd1-b25e-a62c627e68dd@group-68314965FA9F replies to PRE_VOTE vote request: cdef5c6f-8bd8-48a8-8760-99c7043342d4<-48880804-25a4-4bd1-b25e-a62c627e68dd#0:OK-t0. Peer's state: 48880804-25a4-4bd1-b25e-a62c627e68dd@group-68314965FA9F:t0, leader=null, voted=, raftlog=Memoized:48880804-25a4-4bd1-b25e-a62c627e68dd@group-68314965FA9F-SegmentedRaftLog:OPENED:c-1, conf=-1: peers:[cdef5c6f-8bd8-48a8-8760-99c7043342d4|rpc:10.1.0.16:15076|admin:10.1.0.16:15075|client:10.1.0.16:15074|dataStream:10.1.0.16:15077|priority:1|startupRole:FOLLOWER, f7581748-7872-49ff-9c70-19e178dd57a8|rpc:10.1.0.16:15085|admin:10.1.0.16:15084|client:10.1.0.16:15083|dataStream:10.1.0.16:15086|priority:0|startupRole:FOLLOWER, 48880804-25a4-4bd1-b25e-a62c627e68dd|rpc:10.1.0.16:15067|admin:10.1.0.16:15066|client:10.1.0.16:15065|dataStream:10.1.0.16:15068|priority:0|startupRole:FOLLOWER]|listeners:[], old=null
2023-08-31 10:24:52,728 [grpc-default-executor-4] INFO  server.RaftServer$Division (RaftServerImpl.java:requestVote(1302)) - f7581748-7872-49ff-9c70-19e178dd57a8@group-68314965FA9F: receive requestVote(ELECTION, cdef5c6f-8bd8-48a8-8760-99c7043342d4, group-68314965FA9F, 1, (t:0, i:0))
2023-08-31 10:24:52,729 [grpc-default-executor-4] INFO  impl.VoteContext (VoteContext.java:log(49)) - f7581748-7872-49ff-9c70-19e178dd57a8@group-68314965FA9F-FOLLOWER: accept ELECTION from cdef5c6f-8bd8-48a8-8760-99c7043342d4: our priority 0 <= candidate's priority 1
2023-08-31 10:24:52,729 [grpc-default-executor-4] INFO  server.RaftServer$Division (RaftServerImpl.java:setRole(329)) - f7581748-7872-49ff-9c70-19e178dd57a8@group-68314965FA9F: changes role from  FOLLOWER to FOLLOWER at term 1 for candidate:cdef5c6f-8bd8-48a8-8760-99c7043342d4
2023-08-31 10:24:52,729 [grpc-default-executor-4] INFO  impl.RoleInfo (RoleInfo.java:shutdownFollowerState(110)) - f7581748-7872-49ff-9c70-19e178dd57a8: shutdown f7581748-7872-49ff-9c70-19e178dd57a8@group-68314965FA9F-FollowerState
2023-08-31 10:24:52,732 [cdef5c6f-8bd8-48a8-8760-99c7043342d4@group-68314965FA9F-LeaderElection14] INFO  server.RaftServerConfigKeys (ConfUtils.java:logFallback(53)) - raft.server.rpc.first-election.timeout.min = 5s (fallback to raft.server.rpc.timeout.min)
2023-08-31 10:24:52,732 [f7581748-7872-49ff-9c70-19e178dd57a8@group-68314965FA9F-FollowerState] INFO  impl.FollowerState (FollowerState.java:run(152)) - f7581748-7872-49ff-9c70-19e178dd57a8@group-68314965FA9F-FollowerState was interrupted
2023-08-31 10:24:52,732 [cdef5c6f-8bd8-48a8-8760-99c7043342d4@group-68314965FA9F-LeaderElection14] INFO  server.RaftServerConfigKeys (ConfUtils.java:logFallback(53)) - raft.server.rpc.first-election.timeout.max = 5200ms (fallback to raft.server.rpc.timeout.max)
2023-08-31 10:24:52,732 [grpc-default-executor-4] INFO  impl.RoleInfo (RoleInfo.java:updateAndGet(139)) - f7581748-7872-49ff-9c70-19e178dd57a8: start f7581748-7872-49ff-9c70-19e178dd57a8@group-68314965FA9F-FollowerState
2023-08-31 10:24:52,734 [48880804-25a4-4bd1-b25e-a62c627e68dd@group-68314965FA9F-FollowerState] INFO  server.RaftServerConfigKeys (ConfUtils.java:logFallback(53)) - raft.server.rpc.first-election.timeout.min = 5s (fallback to raft.server.rpc.timeout.min)
2023-08-31 10:24:52,734 [48880804-25a4-4bd1-b25e-a62c627e68dd@group-68314965FA9F-FollowerState] INFO  server.RaftServerConfigKeys (ConfUtils.java:logFallback(53)) - raft.server.rpc.first-election.timeout.max = 5200ms (fallback to raft.server.rpc.timeout.max)
2023-08-31 10:24:52,735 [grpc-default-executor-3] INFO  server.RaftServer$Division (RaftServerImpl.java:requestVote(1302)) - 48880804-25a4-4bd1-b25e-a62c627e68dd@group-68314965FA9F: receive requestVote(ELECTION, cdef5c6f-8bd8-48a8-8760-99c7043342d4, group-68314965FA9F, 1, (t:0, i:0))
2023-08-31 10:24:52,736 [grpc-default-executor-4] INFO  server.RaftServer$Division (RaftServerImpl.java:requestVote(1335)) - f7581748-7872-49ff-9c70-19e178dd57a8@group-68314965FA9F replies to ELECTION vote request: cdef5c6f-8bd8-48a8-8760-99c7043342d4<-f7581748-7872-49ff-9c70-19e178dd57a8#0:OK-t1. Peer's state: f7581748-7872-49ff-9c70-19e178dd57a8@group-68314965FA9F:t1, leader=null, voted=cdef5c6f-8bd8-48a8-8760-99c7043342d4, raftlog=Memoized:f7581748-7872-49ff-9c70-19e178dd57a8@group-68314965FA9F-SegmentedRaftLog:OPENED:c-1, conf=-1: peers:[cdef5c6f-8bd8-48a8-8760-99c7043342d4|rpc:10.1.0.16:15076|admin:10.1.0.16:15075|client:10.1.0.16:15074|dataStream:10.1.0.16:15077|priority:1|startupRole:FOLLOWER, f7581748-7872-49ff-9c70-19e178dd57a8|rpc:10.1.0.16:15085|admin:10.1.0.16:15084|client:10.1.0.16:15083|dataStream:10.1.0.16:15086|priority:0|startupRole:FOLLOWER, 48880804-25a4-4bd1-b25e-a62c627e68dd|rpc:10.1.0.16:15067|admin:10.1.0.16:15066|client:10.1.0.16:15065|dataStream:10.1.0.16:15068|priority:0|startupRole:FOLLOWER]|listeners:[], old=null
2023-08-31 10:24:52,736 [cdef5c6f-8bd8-48a8-8760-99c7043342d4@group-68314965FA9F-LeaderElection14] INFO  impl.LeaderElection (LeaderElection.java:logAndReturn(90)) - cdef5c6f-8bd8-48a8-8760-99c7043342d4@group-68314965FA9F-LeaderElection14: ELECTION PASSED received 1 response(s) and 0 exception(s):
2023-08-31 10:24:52,736 [cdef5c6f-8bd8-48a8-8760-99c7043342d4@group-68314965FA9F-LeaderElection14] INFO  impl.LeaderElection (LeaderElection.java:logAndReturn(94)) -   Response 0: cdef5c6f-8bd8-48a8-8760-99c7043342d4<-f7581748-7872-49ff-9c70-19e178dd57a8#0:OK-t1
2023-08-31 10:24:52,736 [cdef5c6f-8bd8-48a8-8760-99c7043342d4@group-68314965FA9F-LeaderElection14] INFO  impl.LeaderElection (LeaderElection.java:askForVotes(323)) - cdef5c6f-8bd8-48a8-8760-99c7043342d4@group-68314965FA9F-LeaderElection14 ELECTION round 0: result PASSED
2023-08-31 10:24:52,737 [cdef5c6f-8bd8-48a8-8760-99c7043342d4@group-68314965FA9F-LeaderElection14] INFO  impl.RoleInfo (RoleInfo.java:shutdownLeaderElection(130)) - cdef5c6f-8bd8-48a8-8760-99c7043342d4: shutdown cdef5c6f-8bd8-48a8-8760-99c7043342d4@group-68314965FA9F-LeaderElection14
2023-08-31 10:24:52,737 [cdef5c6f-8bd8-48a8-8760-99c7043342d4@group-68314965FA9F-LeaderElection14] INFO  server.RaftServer$Division (RaftServerImpl.java:setRole(329)) - cdef5c6f-8bd8-48a8-8760-99c7043342d4@group-68314965FA9F: changes role from CANDIDATE to LEADER at term 1 for changeToLeader
2023-08-31 10:24:52,737 [cdef5c6f-8bd8-48a8-8760-99c7043342d4@group-68314965FA9F-LeaderElection14] INFO  ratis.XceiverServerRatis (XceiverServerRatis.java:handleLeaderChangedNotification(902)) - Leader change notification received for group: group-68314965FA9F with new leaderId: cdef5c6f-8bd8-48a8-8760-99c7043342d4
2023-08-31 10:24:52,737 [cdef5c6f-8bd8-48a8-8760-99c7043342d4@group-68314965FA9F-LeaderElection14] INFO  server.RaftServer$Division (ServerState.java:setLeader(317)) - cdef5c6f-8bd8-48a8-8760-99c7043342d4@group-68314965FA9F: change Leader from null to cdef5c6f-8bd8-48a8-8760-99c7043342d4 at term 1 for becomeLeader, leader elected after 5196ms
2023-08-31 10:24:52,737 [cdef5c6f-8bd8-48a8-8760-99c7043342d4@group-68314965FA9F-LeaderElection14] INFO  server.RaftServerConfigKeys (ConfUtils.java:logGet(46)) - raft.server.staging.catchup.gap = 1000 (default)
2023-08-31 10:24:52,737 [cdef5c6f-8bd8-48a8-8760-99c7043342d4@group-68314965FA9F-LeaderElection14] INFO  server.RaftServerConfigKeys (ConfUtils.java:logGet(46)) - raft.server.write.element-limit = 1024 (custom)
2023-08-31 10:24:52,737 [cdef5c6f-8bd8-48a8-8760-99c7043342d4@group-68314965FA9F-LeaderElection14] INFO  server.RaftServerConfigKeys (ConfUtils.java:logGet(46)) - raft.server.write.byte-limit = 1024 M (=1073741824) (custom)
2023-08-31 10:24:52,737 [cdef5c6f-8bd8-48a8-8760-99c7043342d4@group-68314965FA9F-LeaderElection14] INFO  server.RaftServerConfigKeys (ConfUtils.java:logGet(46)) - raft.server.watch.timeout = 10000ms (default)
2023-08-31 10:24:52,737 [cdef5c6f-8bd8-48a8-8760-99c7043342d4@group-68314965FA9F-LeaderElection14] INFO  server.RaftServerConfigKeys (ConfUtils.java:logGet(46)) - raft.server.watch.timeout.denomination = 1s (default)
2023-08-31 10:24:52,737 [cdef5c6f-8bd8-48a8-8760-99c7043342d4@group-68314965FA9F-LeaderElection14] INFO  server.RaftServerConfigKeys (ConfUtils.java:logGet(46)) - raft.server.watch.element-limit = 65536 (default)
2023-08-31 10:24:52,737 [cdef5c6f-8bd8-48a8-8760-99c7043342d4@group-68314965FA9F-LeaderElection14] INFO  server.RaftServerConfigKeys (ConfUtils.java:logGet(46)) - raft.server.write.element-limit = 1024 (custom)
2023-08-31 10:24:52,737 [cdef5c6f-8bd8-48a8-8760-99c7043342d4@group-68314965FA9F-LeaderElection14] INFO  server.RaftServerConfigKeys (ConfUtils.java:logGet(46)) - raft.server.write.follower.gap.ratio.max = -1.0 (default)
2023-08-31 10:24:52,738 [cdef5c6f-8bd8-48a8-8760-99c7043342d4@group-68314965FA9F-LeaderElection14] INFO  server.RaftServerConfigKeys (ConfUtils.java:logGet(46)) - raft.server.log.appender.snapshot.chunk.size.max = 16MB (=16777216) (default)
2023-08-31 10:24:52,738 [cdef5c6f-8bd8-48a8-8760-99c7043342d4@group-68314965FA9F-LeaderElection14] INFO  server.RaftServerConfigKeys (ConfUtils.java:logGet(46)) - raft.server.log.appender.buffer.byte-limit = 33554432 (custom)
2023-08-31 10:24:52,738 [cdef5c6f-8bd8-48a8-8760-99c7043342d4@group-68314965FA9F-LeaderElection14] INFO  server.RaftServerConfigKeys (ConfUtils.java:logGet(46)) - raft.server.log.appender.buffer.element-limit = 1 (custom)
2023-08-31 10:24:52,738 [cdef5c6f-8bd8-48a8-8760-99c7043342d4@group-68314965FA9F-LeaderElection14] INFO  server.RaftServerConfigKeys (ConfUtils.java:logGet(46)) - raft.server.log.appender.wait-time.min = 10ms (default)
2023-08-31 10:24:52,738 [cdef5c6f-8bd8-48a8-8760-99c7043342d4@group-68314965FA9F-LeaderElection14] INFO  grpc.GrpcConfigKeys (ConfUtils.java:logGet(46)) - raft.grpc.server.leader.outstanding.appends.max = 128 (default)
2023-08-31 10:24:52,738 [cdef5c6f-8bd8-48a8-8760-99c7043342d4@group-68314965FA9F-LeaderElection14] INFO  server.RaftServerConfigKeys (ConfUtils.java:logGet(46)) - raft.server.rpc.request.timeout = 3000ms (default)
2023-08-31 10:24:52,738 [cdef5c6f-8bd8-48a8-8760-99c7043342d4@group-68314965FA9F-LeaderElection14] INFO  grpc.GrpcConfigKeys (ConfUtils.java:logGet(46)) - raft.grpc.server.install_snapshot.request.element-limit = 8 (default)
2023-08-31 10:24:52,738 [cdef5c6f-8bd8-48a8-8760-99c7043342d4@group-68314965FA9F-LeaderElection14] INFO  grpc.GrpcConfigKeys (ConfUtils.java:logGet(46)) - raft.grpc.server.install_snapshot.request.timeout = 3000ms (default)
2023-08-31 10:24:52,738 [cdef5c6f-8bd8-48a8-8760-99c7043342d4@group-68314965FA9F-LeaderElection14] INFO  server.RaftServerConfigKeys (ConfUtils.java:logGet(46)) - raft.server.log.appender.install.snapshot.enabled = false (custom)
2023-08-31 10:24:52,738 [cdef5c6f-8bd8-48a8-8760-99c7043342d4@group-68314965FA9F-LeaderElection14] INFO  grpc.GrpcConfigKeys (ConfUtils.java:logGet(46)) - raft.grpc.server.heartbeat.channel = true (default)
2023-08-31 10:24:52,739 [cdef5c6f-8bd8-48a8-8760-99c7043342d4@group-68314965FA9F-LeaderElection14] INFO  server.RaftServerConfigKeys (ConfUtils.java:logGet(46)) - raft.server.log.appender.snapshot.chunk.size.max = 16MB (=16777216) (default)
2023-08-31 10:24:52,739 [cdef5c6f-8bd8-48a8-8760-99c7043342d4@group-68314965FA9F-LeaderElection14] INFO  server.RaftServerConfigKeys (ConfUtils.java:logGet(46)) - raft.server.log.appender.buffer.byte-limit = 33554432 (custom)
2023-08-31 10:24:52,739 [cdef5c6f-8bd8-48a8-8760-99c7043342d4@group-68314965FA9F-LeaderElection14] INFO  server.RaftServerConfigKeys (ConfUtils.java:logGet(46)) - raft.server.log.appender.buffer.element-limit = 1 (custom)
2023-08-31 10:24:52,739 [cdef5c6f-8bd8-48a8-8760-99c7043342d4@group-68314965FA9F-LeaderElection14] INFO  server.RaftServerConfigKeys (ConfUtils.java:logGet(46)) - raft.server.log.appender.wait-time.min = 10ms (default)
2023-08-31 10:24:52,739 [cdef5c6f-8bd8-48a8-8760-99c7043342d4@group-68314965FA9F-LeaderElection14] INFO  grpc.GrpcConfigKeys (ConfUtils.java:logGet(46)) - raft.grpc.server.leader.outstanding.appends.max = 128 (default)
2023-08-31 10:24:52,739 [cdef5c6f-8bd8-48a8-8760-99c7043342d4@group-68314965FA9F-LeaderElection14] INFO  server.RaftServerConfigKeys (ConfUtils.java:logGet(46)) - raft.server.rpc.request.timeout = 3000ms (default)
2023-08-31 10:24:52,739 [cdef5c6f-8bd8-48a8-8760-99c7043342d4@group-68314965FA9F-LeaderElection14] INFO  grpc.GrpcConfigKeys (ConfUtils.java:logGet(46)) - raft.grpc.server.install_snapshot.request.element-limit = 8 (default)
2023-08-31 10:24:52,739 [cdef5c6f-8bd8-48a8-8760-99c7043342d4@group-68314965FA9F-LeaderElection14] INFO  grpc.GrpcConfigKeys (ConfUtils.java:logGet(46)) - raft.grpc.server.install_snapshot.request.timeout = 3000ms (default)
2023-08-31 10:24:52,739 [cdef5c6f-8bd8-48a8-8760-99c7043342d4@group-68314965FA9F-LeaderElection14] INFO  server.RaftServerConfigKeys (ConfUtils.java:logGet(46)) - raft.server.log.appender.install.snapshot.enabled = false (custom)
2023-08-31 10:24:52,739 [cdef5c6f-8bd8-48a8-8760-99c7043342d4@group-68314965FA9F-LeaderElection14] INFO  grpc.GrpcConfigKeys (ConfUtils.java:logGet(46)) - raft.grpc.server.heartbeat.channel = true (default)
2023-08-31 10:24:52,739 [cdef5c6f-8bd8-48a8-8760-99c7043342d4@group-68314965FA9F-LeaderElection14] INFO  impl.RoleInfo (RoleInfo.java:updateAndGet(139)) - cdef5c6f-8bd8-48a8-8760-99c7043342d4: start cdef5c6f-8bd8-48a8-8760-99c7043342d4@group-68314965FA9F-LeaderStateImpl
2023-08-31 10:24:52,741 [EventQueue-PipelineReportForPipelineReportHandler] INFO  pipeline.PipelineReportHandler (PipelineReportHandler.java:processPipelineReport(136)) - Opened pipeline PipelineID=a910f1b8-cda3-4f66-a2fd-68314965fa9f
2023-08-31 10:24:52,744 [grpc-default-executor-3] INFO  impl.VoteContext (VoteContext.java:log(49)) - 48880804-25a4-4bd1-b25e-a62c627e68dd@group-68314965FA9F-FOLLOWER: accept ELECTION from cdef5c6f-8bd8-48a8-8760-99c7043342d4: our priority 0 <= candidate's priority 1
2023-08-31 10:24:52,744 [cdef5c6f-8bd8-48a8-8760-99c7043342d4@group-68314965FA9F-LeaderElection14] INFO  segmented.SegmentedRaftLogWorker (SegmentedRaftLogWorker.java:startLogSegment(447)) - cdef5c6f-8bd8-48a8-8760-99c7043342d4@group-68314965FA9F-SegmentedRaftLogWorker: Starting segment from index:0
2023-08-31 10:24:52,744 [grpc-default-executor-3] INFO  server.RaftServer$Division (RaftServerImpl.java:setRole(329)) - 48880804-25a4-4bd1-b25e-a62c627e68dd@group-68314965FA9F: changes role from  FOLLOWER to FOLLOWER at term 1 for candidate:cdef5c6f-8bd8-48a8-8760-99c7043342d4
2023-08-31 10:24:52,744 [grpc-default-executor-3] INFO  impl.RoleInfo (RoleInfo.java:shutdownFollowerState(110)) - 48880804-25a4-4bd1-b25e-a62c627e68dd: shutdown 48880804-25a4-4bd1-b25e-a62c627e68dd@group-68314965FA9F-FollowerState
2023-08-31 10:24:52,744 [grpc-default-executor-3] INFO  impl.RoleInfo (RoleInfo.java:updateAndGet(139)) - 48880804-25a4-4bd1-b25e-a62c627e68dd: start 48880804-25a4-4bd1-b25e-a62c627e68dd@group-68314965FA9F-FollowerState
2023-08-31 10:24:52,744 [48880804-25a4-4bd1-b25e-a62c627e68dd@group-68314965FA9F-FollowerState] INFO  impl.FollowerState (FollowerState.java:run(152)) - 48880804-25a4-4bd1-b25e-a62c627e68dd@group-68314965FA9F-FollowerState was interrupted
2023-08-31 10:24:52,745 [cdef5c6f-8bd8-48a8-8760-99c7043342d4@group-68314965FA9F-SegmentedRaftLogWorker] INFO  segmented.SegmentedRaftLogWorker (SegmentedRaftLogWorker.java:execute(651)) - cdef5c6f-8bd8-48a8-8760-99c7043342d4@group-68314965FA9F-SegmentedRaftLogWorker: created new log segment /home/runner/work/ozone/ozone/hadoop-ozone/integration-test/target/test-dir/MiniOzoneClusterImpl-3562ddc4-ebd0-49e0-a6e7-0f6459768660/datanode-1/data/ratis/a910f1b8-cda3-4f66-a2fd-68314965fa9f/current/log_inprogress_0
2023-08-31 10:24:52,746 [grpc-default-executor-3] INFO  server.RaftServer$Division (RaftServerImpl.java:requestVote(1335)) - 48880804-25a4-4bd1-b25e-a62c627e68dd@group-68314965FA9F replies to ELECTION vote request: cdef5c6f-8bd8-48a8-8760-99c7043342d4<-48880804-25a4-4bd1-b25e-a62c627e68dd#0:OK-t1. Peer's state: 48880804-25a4-4bd1-b25e-a62c627e68dd@group-68314965FA9F:t1, leader=null, voted=cdef5c6f-8bd8-48a8-8760-99c7043342d4, raftlog=Memoized:48880804-25a4-4bd1-b25e-a62c627e68dd@group-68314965FA9F-SegmentedRaftLog:OPENED:c-1, conf=-1: peers:[cdef5c6f-8bd8-48a8-8760-99c7043342d4|rpc:10.1.0.16:15076|admin:10.1.0.16:15075|client:10.1.0.16:15074|dataStream:10.1.0.16:15077|priority:1|startupRole:FOLLOWER, f7581748-7872-49ff-9c70-19e178dd57a8|rpc:10.1.0.16:15085|admin:10.1.0.16:15084|client:10.1.0.16:15083|dataStream:10.1.0.16:15086|priority:0|startupRole:FOLLOWER, 48880804-25a4-4bd1-b25e-a62c627e68dd|rpc:10.1.0.16:15067|admin:10.1.0.16:15066|client:10.1.0.16:15065|dataStream:10.1.0.16:15068|priority:0|startupRole:FOLLOWER]|listeners:[], old=null
2023-08-31 10:24:52,752 [cdef5c6f-8bd8-48a8-8760-99c7043342d4@group-68314965FA9F-LeaderElection14] INFO  server.RaftServer$Division (ServerState.java:setRaftConf(434)) - cdef5c6f-8bd8-48a8-8760-99c7043342d4@group-68314965FA9F: set configuration 0: peers:[cdef5c6f-8bd8-48a8-8760-99c7043342d4|rpc:10.1.0.16:15076|admin:10.1.0.16:15075|client:10.1.0.16:15074|dataStream:10.1.0.16:15077|priority:1|startupRole:FOLLOWER, f7581748-7872-49ff-9c70-19e178dd57a8|rpc:10.1.0.16:15085|admin:10.1.0.16:15084|client:10.1.0.16:15083|dataStream:10.1.0.16:15086|priority:0|startupRole:FOLLOWER, 48880804-25a4-4bd1-b25e-a62c627e68dd|rpc:10.1.0.16:15067|admin:10.1.0.16:15066|client:10.1.0.16:15065|dataStream:10.1.0.16:15068|priority:0|startupRole:FOLLOWER]|listeners:[], old=null
2023-08-31 10:24:52,755 [f7581748-7872-49ff-9c70-19e178dd57a8-server-thread1] INFO  ratis.XceiverServerRatis (XceiverServerRatis.java:handleLeaderChangedNotification(902)) - Leader change notification received for group: group-68314965FA9F with new leaderId: cdef5c6f-8bd8-48a8-8760-99c7043342d4
2023-08-31 10:24:52,755 [f7581748-7872-49ff-9c70-19e178dd57a8-server-thread1] INFO  server.RaftServer$Division (ServerState.java:setLeader(317)) - f7581748-7872-49ff-9c70-19e178dd57a8@group-68314965FA9F: change Leader from null to cdef5c6f-8bd8-48a8-8760-99c7043342d4 at term 1 for appendEntries, leader elected after 5175ms
2023-08-31 10:24:52,763 [48880804-25a4-4bd1-b25e-a62c627e68dd-server-thread1] INFO  ratis.XceiverServerRatis (XceiverServerRatis.java:handleLeaderChangedNotification(902)) - Leader change notification received for group: group-68314965FA9F with new leaderId: cdef5c6f-8bd8-48a8-8760-99c7043342d4
2023-08-31 10:24:52,763 [48880804-25a4-4bd1-b25e-a62c627e68dd-server-thread1] INFO  server.RaftServer$Division (ServerState.java:setLeader(317)) - 48880804-25a4-4bd1-b25e-a62c627e68dd@group-68314965FA9F: change Leader from null to cdef5c6f-8bd8-48a8-8760-99c7043342d4 at term 1 for appendEntries, leader elected after 5257ms
2023-08-31 10:24:52,767 [f7581748-7872-49ff-9c70-19e178dd57a8-server-thread2] INFO  server.RaftServer$Division (ServerState.java:setRaftConf(434)) - f7581748-7872-49ff-9c70-19e178dd57a8@group-68314965FA9F: set configuration 0: peers:[cdef5c6f-8bd8-48a8-8760-99c7043342d4|rpc:10.1.0.16:15076|admin:10.1.0.16:15075|client:10.1.0.16:15074|dataStream:10.1.0.16:15077|priority:1|startupRole:FOLLOWER, f7581748-7872-49ff-9c70-19e178dd57a8|rpc:10.1.0.16:15085|admin:10.1.0.16:15084|client:10.1.0.16:15083|dataStream:10.1.0.16:15086|priority:0|startupRole:FOLLOWER, 48880804-25a4-4bd1-b25e-a62c627e68dd|rpc:10.1.0.16:15067|admin:10.1.0.16:15066|client:10.1.0.16:15065|dataStream:10.1.0.16:15068|priority:0|startupRole:FOLLOWER]|listeners:[], old=null
2023-08-31 10:24:52,768 [f7581748-7872-49ff-9c70-19e178dd57a8-server-thread2] INFO  segmented.SegmentedRaftLogWorker (SegmentedRaftLogWorker.java:startLogSegment(447)) - f7581748-7872-49ff-9c70-19e178dd57a8@group-68314965FA9F-SegmentedRaftLogWorker: Starting segment from index:0
2023-08-31 10:24:52,771 [f7581748-7872-49ff-9c70-19e178dd57a8@group-68314965FA9F-SegmentedRaftLogWorker] INFO  segmented.SegmentedRaftLogWorker (SegmentedRaftLogWorker.java:execute(651)) - f7581748-7872-49ff-9c70-19e178dd57a8@group-68314965FA9F-SegmentedRaftLogWorker: created new log segment /home/runner/work/ozone/ozone/hadoop-ozone/integration-test/target/test-dir/MiniOzoneClusterImpl-3562ddc4-ebd0-49e0-a6e7-0f6459768660/datanode-2/data/ratis/a910f1b8-cda3-4f66-a2fd-68314965fa9f/current/log_inprogress_0
2023-08-31 10:24:52,778 [48880804-25a4-4bd1-b25e-a62c627e68dd-server-thread2] INFO  server.RaftServer$Division (ServerState.java:setRaftConf(434)) - 48880804-25a4-4bd1-b25e-a62c627e68dd@group-68314965FA9F: set configuration 0: peers:[cdef5c6f-8bd8-48a8-8760-99c7043342d4|rpc:10.1.0.16:15076|admin:10.1.0.16:15075|client:10.1.0.16:15074|dataStream:10.1.0.16:15077|priority:1|startupRole:FOLLOWER, f7581748-7872-49ff-9c70-19e178dd57a8|rpc:10.1.0.16:15085|admin:10.1.0.16:15084|client:10.1.0.16:15083|dataStream:10.1.0.16:15086|priority:0|startupRole:FOLLOWER, 48880804-25a4-4bd1-b25e-a62c627e68dd|rpc:10.1.0.16:15067|admin:10.1.0.16:15066|client:10.1.0.16:15065|dataStream:10.1.0.16:15068|priority:0|startupRole:FOLLOWER]|listeners:[], old=null
2023-08-31 10:24:52,778 [48880804-25a4-4bd1-b25e-a62c627e68dd-server-thread2] INFO  segmented.SegmentedRaftLogWorker (SegmentedRaftLogWorker.java:startLogSegment(447)) - 48880804-25a4-4bd1-b25e-a62c627e68dd@group-68314965FA9F-SegmentedRaftLogWorker: Starting segment from index:0
2023-08-31 10:24:52,779 [48880804-25a4-4bd1-b25e-a62c627e68dd@group-68314965FA9F-SegmentedRaftLogWorker] INFO  segmented.SegmentedRaftLogWorker (SegmentedRaftLogWorker.java:execute(651)) - 48880804-25a4-4bd1-b25e-a62c627e68dd@group-68314965FA9F-SegmentedRaftLogWorker: created new log segment /home/runner/work/ozone/ozone/hadoop-ozone/integration-test/target/test-dir/MiniOzoneClusterImpl-3562ddc4-ebd0-49e0-a6e7-0f6459768660/datanode-0/data/ratis/a910f1b8-cda3-4f66-a2fd-68314965fa9f/current/log_inprogress_0
2023-08-31 10:24:52,921 [cdef5c6f-8bd8-48a8-8760-99c7043342d4@group-8D32B71C82D8-FollowerState] INFO  impl.FollowerState (FollowerState.java:run(143)) - cdef5c6f-8bd8-48a8-8760-99c7043342d4@group-8D32B71C82D8-FollowerState: change to CANDIDATE, lastRpcElapsedTime:5123772185ns, electionTimeout:5122ms
2023-08-31 10:24:52,922 [cdef5c6f-8bd8-48a8-8760-99c7043342d4@group-8D32B71C82D8-FollowerState] INFO  impl.RoleInfo (RoleInfo.java:shutdownFollowerState(110)) - cdef5c6f-8bd8-48a8-8760-99c7043342d4: shutdown cdef5c6f-8bd8-48a8-8760-99c7043342d4@group-8D32B71C82D8-FollowerState
2023-08-31 10:24:52,922 [cdef5c6f-8bd8-48a8-8760-99c7043342d4@group-8D32B71C82D8-FollowerState] INFO  server.RaftServer$Division (RaftServerImpl.java:setRole(329)) - cdef5c6f-8bd8-48a8-8760-99c7043342d4@group-8D32B71C82D8: changes role from  FOLLOWER to CANDIDATE at term 0 for changeToCandidate
2023-08-31 10:24:52,922 [cdef5c6f-8bd8-48a8-8760-99c7043342d4@group-8D32B71C82D8-FollowerState] INFO  server.RaftServerConfigKeys (ConfUtils.java:logGet(46)) - raft.server.leaderelection.pre-vote = true (default)
2023-08-31 10:24:52,922 [cdef5c6f-8bd8-48a8-8760-99c7043342d4@group-8D32B71C82D8-FollowerState] INFO  impl.RoleInfo (RoleInfo.java:updateAndGet(139)) - cdef5c6f-8bd8-48a8-8760-99c7043342d4: start cdef5c6f-8bd8-48a8-8760-99c7043342d4@group-8D32B71C82D8-LeaderElection15
2023-08-31 10:24:52,923 [cdef5c6f-8bd8-48a8-8760-99c7043342d4@group-8D32B71C82D8-LeaderElection15] INFO  impl.LeaderElection (LeaderElection.java:askForVotes(321)) - cdef5c6f-8bd8-48a8-8760-99c7043342d4@group-8D32B71C82D8-LeaderElection15 PRE_VOTE round 0: submit vote requests at term 0 for -1: peers:[cdef5c6f-8bd8-48a8-8760-99c7043342d4|rpc:10.1.0.16:15076|admin:10.1.0.16:15075|client:10.1.0.16:15074|dataStream:10.1.0.16:15077|priority:1|startupRole:FOLLOWER]|listeners:[], old=null
2023-08-31 10:24:52,923 [cdef5c6f-8bd8-48a8-8760-99c7043342d4@group-8D32B71C82D8-LeaderElection15] INFO  impl.LeaderElection (LeaderElection.java:askForVotes(323)) - cdef5c6f-8bd8-48a8-8760-99c7043342d4@group-8D32B71C82D8-LeaderElection15 PRE_VOTE round 0: result PASSED (term=0)
2023-08-31 10:24:52,924 [cdef5c6f-8bd8-48a8-8760-99c7043342d4@group-8D32B71C82D8-LeaderElection15] INFO  impl.LeaderElection (LeaderElection.java:askForVotes(321)) - cdef5c6f-8bd8-48a8-8760-99c7043342d4@group-8D32B71C82D8-LeaderElection15 ELECTION round 0: submit vote requests at term 1 for -1: peers:[cdef5c6f-8bd8-48a8-8760-99c7043342d4|rpc:10.1.0.16:15076|admin:10.1.0.16:15075|client:10.1.0.16:15074|dataStream:10.1.0.16:15077|priority:1|startupRole:FOLLOWER]|listeners:[], old=null
2023-08-31 10:24:52,924 [cdef5c6f-8bd8-48a8-8760-99c7043342d4@group-8D32B71C82D8-LeaderElection15] INFO  impl.LeaderElection (LeaderElection.java:askForVotes(323)) - cdef5c6f-8bd8-48a8-8760-99c7043342d4@group-8D32B71C82D8-LeaderElection15 ELECTION round 0: result PASSED (term=1)
2023-08-31 10:24:52,924 [cdef5c6f-8bd8-48a8-8760-99c7043342d4@group-8D32B71C82D8-LeaderElection15] INFO  impl.RoleInfo (RoleInfo.java:shutdownLeaderElection(130)) - cdef5c6f-8bd8-48a8-8760-99c7043342d4: shutdown cdef5c6f-8bd8-48a8-8760-99c7043342d4@group-8D32B71C82D8-LeaderElection15
2023-08-31 10:24:52,924 [cdef5c6f-8bd8-48a8-8760-99c7043342d4@group-8D32B71C82D8-LeaderElection15] INFO  server.RaftServer$Division (RaftServerImpl.java:setRole(329)) - cdef5c6f-8bd8-48a8-8760-99c7043342d4@group-8D32B71C82D8: changes role from CANDIDATE to LEADER at term 1 for changeToLeader
2023-08-31 10:24:52,924 [cdef5c6f-8bd8-48a8-8760-99c7043342d4@group-8D32B71C82D8-LeaderElection15] INFO  ratis.XceiverServerRatis (XceiverServerRatis.java:handleLeaderChangedNotification(902)) - Leader change notification received for group: group-8D32B71C82D8 with new leaderId: cdef5c6f-8bd8-48a8-8760-99c7043342d4
2023-08-31 10:24:52,924 [cdef5c6f-8bd8-48a8-8760-99c7043342d4@group-8D32B71C82D8-LeaderElection15] INFO  server.RaftServer$Division (ServerState.java:setLeader(317)) - cdef5c6f-8bd8-48a8-8760-99c7043342d4@group-8D32B71C82D8: change Leader from null to cdef5c6f-8bd8-48a8-8760-99c7043342d4 at term 1 for becomeLeader, leader elected after 5143ms
2023-08-31 10:24:52,925 [cdef5c6f-8bd8-48a8-8760-99c7043342d4@group-8D32B71C82D8-LeaderElection15] INFO  server.RaftServerConfigKeys (ConfUtils.java:logGet(46)) - raft.server.staging.catchup.gap = 1000 (default)
2023-08-31 10:24:52,925 [cdef5c6f-8bd8-48a8-8760-99c7043342d4@group-8D32B71C82D8-LeaderElection15] INFO  server.RaftServerConfigKeys (ConfUtils.java:logGet(46)) - raft.server.write.element-limit = 1024 (custom)
2023-08-31 10:24:52,925 [cdef5c6f-8bd8-48a8-8760-99c7043342d4@group-8D32B71C82D8-LeaderElection15] INFO  server.RaftServerConfigKeys (ConfUtils.java:logGet(46)) - raft.server.write.byte-limit = 1024 M (=1073741824) (custom)
2023-08-31 10:24:52,925 [cdef5c6f-8bd8-48a8-8760-99c7043342d4@group-8D32B71C82D8-LeaderElection15] INFO  server.RaftServerConfigKeys (ConfUtils.java:logGet(46)) - raft.server.watch.timeout = 10000ms (default)
2023-08-31 10:24:52,925 [cdef5c6f-8bd8-48a8-8760-99c7043342d4@group-8D32B71C82D8-LeaderElection15] INFO  server.RaftServerConfigKeys (ConfUtils.java:logGet(46)) - raft.server.watch.timeout.denomination = 1s (default)
2023-08-31 10:24:52,925 [cdef5c6f-8bd8-48a8-8760-99c7043342d4@group-8D32B71C82D8-LeaderElection15] INFO  server.RaftServerConfigKeys (ConfUtils.java:logGet(46)) - raft.server.watch.element-limit = 65536 (default)
2023-08-31 10:24:52,925 [cdef5c6f-8bd8-48a8-8760-99c7043342d4@group-8D32B71C82D8-LeaderElection15] INFO  server.RaftServerConfigKeys (ConfUtils.java:logGet(46)) - raft.server.write.element-limit = 1024 (custom)
2023-08-31 10:24:52,925 [cdef5c6f-8bd8-48a8-8760-99c7043342d4@group-8D32B71C82D8-LeaderElection15] INFO  server.RaftServerConfigKeys (ConfUtils.java:logGet(46)) - raft.server.write.follower.gap.ratio.max = -1.0 (default)
2023-08-31 10:24:52,925 [cdef5c6f-8bd8-48a8-8760-99c7043342d4@group-8D32B71C82D8-LeaderElection15] INFO  impl.RoleInfo (RoleInfo.java:updateAndGet(139)) - cdef5c6f-8bd8-48a8-8760-99c7043342d4: start cdef5c6f-8bd8-48a8-8760-99c7043342d4@group-8D32B71C82D8-LeaderStateImpl
2023-08-31 10:24:52,925 [cdef5c6f-8bd8-48a8-8760-99c7043342d4@group-8D32B71C82D8-LeaderElection15] INFO  segmented.SegmentedRaftLogWorker (SegmentedRaftLogWorker.java:startLogSegment(447)) - cdef5c6f-8bd8-48a8-8760-99c7043342d4@group-8D32B71C82D8-SegmentedRaftLogWorker: Starting segment from index:0
2023-08-31 10:24:52,926 [cdef5c6f-8bd8-48a8-8760-99c7043342d4@group-8D32B71C82D8-LeaderElection15] INFO  server.RaftServer$Division (ServerState.java:setRaftConf(434)) - cdef5c6f-8bd8-48a8-8760-99c7043342d4@group-8D32B71C82D8: set configuration 0: peers:[cdef5c6f-8bd8-48a8-8760-99c7043342d4|rpc:10.1.0.16:15076|admin:10.1.0.16:15075|client:10.1.0.16:15074|dataStream:10.1.0.16:15077|priority:1|startupRole:FOLLOWER]|listeners:[], old=null
2023-08-31 10:24:52,926 [cdef5c6f-8bd8-48a8-8760-99c7043342d4@group-8D32B71C82D8-SegmentedRaftLogWorker] INFO  segmented.SegmentedRaftLogWorker (SegmentedRaftLogWorker.java:execute(651)) - cdef5c6f-8bd8-48a8-8760-99c7043342d4@group-8D32B71C82D8-SegmentedRaftLogWorker: created new log segment /home/runner/work/ozone/ozone/hadoop-ozone/integration-test/target/test-dir/MiniOzoneClusterImpl-3562ddc4-ebd0-49e0-a6e7-0f6459768660/datanode-1/data/ratis/dde60be3-81de-454c-afd6-8d32b71c82d8/current/log_inprogress_0
2023-08-31 10:24:53,178 [f7581748-7872-49ff-9c70-19e178dd57a8@group-60ED1A6A26F8-FollowerState] INFO  impl.FollowerState (FollowerState.java:run(143)) - f7581748-7872-49ff-9c70-19e178dd57a8@group-60ED1A6A26F8-FollowerState: change to CANDIDATE, lastRpcElapsedTime:5106726918ns, electionTimeout:5106ms
2023-08-31 10:24:53,178 [f7581748-7872-49ff-9c70-19e178dd57a8@group-60ED1A6A26F8-FollowerState] INFO  impl.RoleInfo (RoleInfo.java:shutdownFollowerState(110)) - f7581748-7872-49ff-9c70-19e178dd57a8: shutdown f7581748-7872-49ff-9c70-19e178dd57a8@group-60ED1A6A26F8-FollowerState
2023-08-31 10:24:53,178 [f7581748-7872-49ff-9c70-19e178dd57a8@group-60ED1A6A26F8-FollowerState] INFO  server.RaftServer$Division (RaftServerImpl.java:setRole(329)) - f7581748-7872-49ff-9c70-19e178dd57a8@group-60ED1A6A26F8: changes role from  FOLLOWER to CANDIDATE at term 0 for changeToCandidate
2023-08-31 10:24:53,178 [f7581748-7872-49ff-9c70-19e178dd57a8@group-60ED1A6A26F8-FollowerState] INFO  server.RaftServerConfigKeys (ConfUtils.java:logGet(46)) - raft.server.leaderelection.pre-vote = true (default)
2023-08-31 10:24:53,178 [f7581748-7872-49ff-9c70-19e178dd57a8@group-60ED1A6A26F8-FollowerState] INFO  impl.RoleInfo (RoleInfo.java:updateAndGet(139)) - f7581748-7872-49ff-9c70-19e178dd57a8: start f7581748-7872-49ff-9c70-19e178dd57a8@group-60ED1A6A26F8-LeaderElection16
2023-08-31 10:24:53,180 [f7581748-7872-49ff-9c70-19e178dd57a8@group-60ED1A6A26F8-LeaderElection16] INFO  impl.LeaderElection (LeaderElection.java:askForVotes(321)) - f7581748-7872-49ff-9c70-19e178dd57a8@group-60ED1A6A26F8-LeaderElection16 PRE_VOTE round 0: submit vote requests at term 0 for -1: peers:[f7581748-7872-49ff-9c70-19e178dd57a8|rpc:10.1.0.16:15085|admin:10.1.0.16:15084|client:10.1.0.16:15083|dataStream:10.1.0.16:15086|priority:1|startupRole:FOLLOWER]|listeners:[], old=null
2023-08-31 10:24:53,180 [f7581748-7872-49ff-9c70-19e178dd57a8@group-60ED1A6A26F8-LeaderElection16] INFO  impl.LeaderElection (LeaderElection.java:askForVotes(323)) - f7581748-7872-49ff-9c70-19e178dd57a8@group-60ED1A6A26F8-LeaderElection16 PRE_VOTE round 0: result PASSED (term=0)
2023-08-31 10:24:53,181 [f7581748-7872-49ff-9c70-19e178dd57a8@group-60ED1A6A26F8-LeaderElection16] INFO  impl.LeaderElection (LeaderElection.java:askForVotes(321)) - f7581748-7872-49ff-9c70-19e178dd57a8@group-60ED1A6A26F8-LeaderElection16 ELECTION round 0: submit vote requests at term 1 for -1: peers:[f7581748-7872-49ff-9c70-19e178dd57a8|rpc:10.1.0.16:15085|admin:10.1.0.16:15084|client:10.1.0.16:15083|dataStream:10.1.0.16:15086|priority:1|startupRole:FOLLOWER]|listeners:[], old=null
2023-08-31 10:24:53,181 [f7581748-7872-49ff-9c70-19e178dd57a8@group-60ED1A6A26F8-LeaderElection16] INFO  impl.LeaderElection (LeaderElection.java:askForVotes(323)) - f7581748-7872-49ff-9c70-19e178dd57a8@group-60ED1A6A26F8-LeaderElection16 ELECTION round 0: result PASSED (term=1)
2023-08-31 10:24:53,181 [f7581748-7872-49ff-9c70-19e178dd57a8@group-60ED1A6A26F8-LeaderElection16] INFO  impl.RoleInfo (RoleInfo.java:shutdownLeaderElection(130)) - f7581748-7872-49ff-9c70-19e178dd57a8: shutdown f7581748-7872-49ff-9c70-19e178dd57a8@group-60ED1A6A26F8-LeaderElection16
2023-08-31 10:24:53,181 [f7581748-7872-49ff-9c70-19e178dd57a8@group-60ED1A6A26F8-LeaderElection16] INFO  server.RaftServer$Division (RaftServerImpl.java:setRole(329)) - f7581748-7872-49ff-9c70-19e178dd57a8@group-60ED1A6A26F8: changes role from CANDIDATE to LEADER at term 1 for changeToLeader
2023-08-31 10:24:53,181 [f7581748-7872-49ff-9c70-19e178dd57a8@group-60ED1A6A26F8-LeaderElection16] INFO  ratis.XceiverServerRatis (XceiverServerRatis.java:handleLeaderChangedNotification(902)) - Leader change notification received for group: group-60ED1A6A26F8 with new leaderId: f7581748-7872-49ff-9c70-19e178dd57a8
2023-08-31 10:24:53,181 [f7581748-7872-49ff-9c70-19e178dd57a8@group-60ED1A6A26F8-LeaderElection16] INFO  server.RaftServer$Division (ServerState.java:setLeader(317)) - f7581748-7872-49ff-9c70-19e178dd57a8@group-60ED1A6A26F8: change Leader from null to f7581748-7872-49ff-9c70-19e178dd57a8 at term 1 for becomeLeader, leader elected after 5123ms
2023-08-31 10:24:53,181 [f7581748-7872-49ff-9c70-19e178dd57a8@group-60ED1A6A26F8-LeaderElection16] INFO  server.RaftServerConfigKeys (ConfUtils.java:logGet(46)) - raft.server.staging.catchup.gap = 1000 (default)
2023-08-31 10:24:53,181 [f7581748-7872-49ff-9c70-19e178dd57a8@group-60ED1A6A26F8-LeaderElection16] INFO  server.RaftServerConfigKeys (ConfUtils.java:logGet(46)) - raft.server.write.element-limit = 1024 (custom)
2023-08-31 10:24:53,181 [f7581748-7872-49ff-9c70-19e178dd57a8@group-60ED1A6A26F8-LeaderElection16] INFO  server.RaftServerConfigKeys (ConfUtils.java:logGet(46)) - raft.server.write.byte-limit = 1024 M (=1073741824) (custom)
2023-08-31 10:24:53,182 [f7581748-7872-49ff-9c70-19e178dd57a8@group-60ED1A6A26F8-LeaderElection16] INFO  server.RaftServerConfigKeys (ConfUtils.java:logGet(46)) - raft.server.watch.timeout = 10000ms (default)
2023-08-31 10:24:53,182 [f7581748-7872-49ff-9c70-19e178dd57a8@group-60ED1A6A26F8-LeaderElection16] INFO  server.RaftServerConfigKeys (ConfUtils.java:logGet(46)) - raft.server.watch.timeout.denomination = 1s (default)
2023-08-31 10:24:53,182 [f7581748-7872-49ff-9c70-19e178dd57a8@group-60ED1A6A26F8-LeaderElection16] INFO  server.RaftServerConfigKeys (ConfUtils.java:logGet(46)) - raft.server.watch.element-limit = 65536 (default)
2023-08-31 10:24:53,182 [f7581748-7872-49ff-9c70-19e178dd57a8@group-60ED1A6A26F8-LeaderElection16] INFO  server.RaftServerConfigKeys (ConfUtils.java:logGet(46)) - raft.server.write.element-limit = 1024 (custom)
2023-08-31 10:24:53,182 [f7581748-7872-49ff-9c70-19e178dd57a8@group-60ED1A6A26F8-LeaderElection16] INFO  server.RaftServerConfigKeys (ConfUtils.java:logGet(46)) - raft.server.write.follower.gap.ratio.max = -1.0 (default)
2023-08-31 10:24:53,182 [f7581748-7872-49ff-9c70-19e178dd57a8@group-60ED1A6A26F8-LeaderElection16] INFO  impl.RoleInfo (RoleInfo.java:updateAndGet(139)) - f7581748-7872-49ff-9c70-19e178dd57a8: start f7581748-7872-49ff-9c70-19e178dd57a8@group-60ED1A6A26F8-LeaderStateImpl
2023-08-31 10:24:53,183 [f7581748-7872-49ff-9c70-19e178dd57a8@group-60ED1A6A26F8-LeaderElection16] INFO  segmented.SegmentedRaftLogWorker (SegmentedRaftLogWorker.java:startLogSegment(447)) - f7581748-7872-49ff-9c70-19e178dd57a8@group-60ED1A6A26F8-SegmentedRaftLogWorker: Starting segment from index:0
2023-08-31 10:24:53,183 [f7581748-7872-49ff-9c70-19e178dd57a8@group-60ED1A6A26F8-LeaderElection16] INFO  server.RaftServer$Division (ServerState.java:setRaftConf(434)) - f7581748-7872-49ff-9c70-19e178dd57a8@group-60ED1A6A26F8: set configuration 0: peers:[f7581748-7872-49ff-9c70-19e178dd57a8|rpc:10.1.0.16:15085|admin:10.1.0.16:15084|client:10.1.0.16:15083|dataStream:10.1.0.16:15086|priority:1|startupRole:FOLLOWER]|listeners:[], old=null
2023-08-31 10:24:53,184 [f7581748-7872-49ff-9c70-19e178dd57a8@group-60ED1A6A26F8-SegmentedRaftLogWorker] INFO  segmented.SegmentedRaftLogWorker (SegmentedRaftLogWorker.java:execute(651)) - f7581748-7872-49ff-9c70-19e178dd57a8@group-60ED1A6A26F8-SegmentedRaftLogWorker: created new log segment /home/runner/work/ozone/ozone/hadoop-ozone/integration-test/target/test-dir/MiniOzoneClusterImpl-3562ddc4-ebd0-49e0-a6e7-0f6459768660/datanode-2/data/ratis/8ff0ea16-12ad-475e-902e-60ed1a6a26f8/current/log_inprogress_0
2023-08-31 10:24:53,434 [f9ec4456-8805-4637-8ac6-a0d87dd7d848@group-664F394ABA92-FollowerState] INFO  impl.FollowerState (FollowerState.java:run(143)) - f9ec4456-8805-4637-8ac6-a0d87dd7d848@group-664F394ABA92-FollowerState: change to CANDIDATE, lastRpcElapsedTime:5052139910ns, electionTimeout:5050ms
2023-08-31 10:24:53,434 [f9ec4456-8805-4637-8ac6-a0d87dd7d848@group-664F394ABA92-FollowerState] INFO  impl.RoleInfo (RoleInfo.java:shutdownFollowerState(110)) - f9ec4456-8805-4637-8ac6-a0d87dd7d848: shutdown f9ec4456-8805-4637-8ac6-a0d87dd7d848@group-664F394ABA92-FollowerState
2023-08-31 10:24:53,434 [f9ec4456-8805-4637-8ac6-a0d87dd7d848@group-664F394ABA92-FollowerState] INFO  server.RaftServer$Division (RaftServerImpl.java:setRole(329)) - f9ec4456-8805-4637-8ac6-a0d87dd7d848@group-664F394ABA92: changes role from  FOLLOWER to CANDIDATE at term 0 for changeToCandidate
2023-08-31 10:24:53,434 [f9ec4456-8805-4637-8ac6-a0d87dd7d848@group-664F394ABA92-FollowerState] INFO  server.RaftServerConfigKeys (ConfUtils.java:logGet(46)) - raft.server.leaderelection.pre-vote = true (default)
2023-08-31 10:24:53,434 [f9ec4456-8805-4637-8ac6-a0d87dd7d848@group-664F394ABA92-FollowerState] INFO  impl.RoleInfo (RoleInfo.java:updateAndGet(139)) - f9ec4456-8805-4637-8ac6-a0d87dd7d848: start f9ec4456-8805-4637-8ac6-a0d87dd7d848@group-664F394ABA92-LeaderElection17
2023-08-31 10:24:53,436 [f9ec4456-8805-4637-8ac6-a0d87dd7d848@group-664F394ABA92-LeaderElection17] INFO  impl.LeaderElection (LeaderElection.java:askForVotes(321)) - f9ec4456-8805-4637-8ac6-a0d87dd7d848@group-664F394ABA92-LeaderElection17 PRE_VOTE round 0: submit vote requests at term 0 for -1: peers:[f9ec4456-8805-4637-8ac6-a0d87dd7d848|rpc:10.1.0.16:15094|admin:10.1.0.16:15093|client:10.1.0.16:15092|dataStream:10.1.0.16:15095|priority:1|startupRole:FOLLOWER]|listeners:[], old=null
2023-08-31 10:24:53,436 [f9ec4456-8805-4637-8ac6-a0d87dd7d848@group-664F394ABA92-LeaderElection17] INFO  impl.LeaderElection (LeaderElection.java:askForVotes(323)) - f9ec4456-8805-4637-8ac6-a0d87dd7d848@group-664F394ABA92-LeaderElection17 PRE_VOTE round 0: result PASSED (term=0)
2023-08-31 10:24:53,437 [f9ec4456-8805-4637-8ac6-a0d87dd7d848@group-664F394ABA92-LeaderElection17] INFO  impl.LeaderElection (LeaderElection.java:askForVotes(321)) - f9ec4456-8805-4637-8ac6-a0d87dd7d848@group-664F394ABA92-LeaderElection17 ELECTION round 0: submit vote requests at term 1 for -1: peers:[f9ec4456-8805-4637-8ac6-a0d87dd7d848|rpc:10.1.0.16:15094|admin:10.1.0.16:15093|client:10.1.0.16:15092|dataStream:10.1.0.16:15095|priority:1|startupRole:FOLLOWER]|listeners:[], old=null
2023-08-31 10:24:53,437 [f9ec4456-8805-4637-8ac6-a0d87dd7d848@group-664F394ABA92-LeaderElection17] INFO  impl.LeaderElection (LeaderElection.java:askForVotes(323)) - f9ec4456-8805-4637-8ac6-a0d87dd7d848@group-664F394ABA92-LeaderElection17 ELECTION round 0: result PASSED (term=1)
2023-08-31 10:24:53,437 [f9ec4456-8805-4637-8ac6-a0d87dd7d848@group-664F394ABA92-LeaderElection17] INFO  impl.RoleInfo (RoleInfo.java:shutdownLeaderElection(130)) - f9ec4456-8805-4637-8ac6-a0d87dd7d848: shutdown f9ec4456-8805-4637-8ac6-a0d87dd7d848@group-664F394ABA92-LeaderElection17
2023-08-31 10:24:53,437 [f9ec4456-8805-4637-8ac6-a0d87dd7d848@group-664F394ABA92-LeaderElection17] INFO  server.RaftServer$Division (RaftServerImpl.java:setRole(329)) - f9ec4456-8805-4637-8ac6-a0d87dd7d848@group-664F394ABA92: changes role from CANDIDATE to LEADER at term 1 for changeToLeader
2023-08-31 10:24:53,437 [f9ec4456-8805-4637-8ac6-a0d87dd7d848@group-664F394ABA92-LeaderElection17] INFO  ratis.XceiverServerRatis (XceiverServerRatis.java:handleLeaderChangedNotification(902)) - Leader change notification received for group: group-664F394ABA92 with new leaderId: f9ec4456-8805-4637-8ac6-a0d87dd7d848
2023-08-31 10:24:53,437 [f9ec4456-8805-4637-8ac6-a0d87dd7d848@group-664F394ABA92-LeaderElection17] INFO  server.RaftServer$Division (ServerState.java:setLeader(317)) - f9ec4456-8805-4637-8ac6-a0d87dd7d848@group-664F394ABA92: change Leader from null to f9ec4456-8805-4637-8ac6-a0d87dd7d848 at term 1 for becomeLeader, leader elected after 5065ms
2023-08-31 10:24:53,437 [f9ec4456-8805-4637-8ac6-a0d87dd7d848@group-664F394ABA92-LeaderElection17] INFO  server.RaftServerConfigKeys (ConfUtils.java:logGet(46)) - raft.server.staging.catchup.gap = 1000 (default)
2023-08-31 10:24:53,437 [f9ec4456-8805-4637-8ac6-a0d87dd7d848@group-664F394ABA92-LeaderElection17] INFO  server.RaftServerConfigKeys (ConfUtils.java:logGet(46)) - raft.server.write.element-limit = 1024 (custom)
2023-08-31 10:24:53,437 [f9ec4456-8805-4637-8ac6-a0d87dd7d848@group-664F394ABA92-LeaderElection17] INFO  server.RaftServerConfigKeys (ConfUtils.java:logGet(46)) - raft.server.write.byte-limit = 1024 M (=1073741824) (custom)
2023-08-31 10:24:53,438 [f9ec4456-8805-4637-8ac6-a0d87dd7d848@group-664F394ABA92-LeaderElection17] INFO  server.RaftServerConfigKeys (ConfUtils.java:logGet(46)) - raft.server.watch.timeout = 10000ms (default)
2023-08-31 10:24:53,438 [f9ec4456-8805-4637-8ac6-a0d87dd7d848@group-664F394ABA92-LeaderElection17] INFO  server.RaftServerConfigKeys (ConfUtils.java:logGet(46)) - raft.server.watch.timeout.denomination = 1s (default)
2023-08-31 10:24:53,438 [f9ec4456-8805-4637-8ac6-a0d87dd7d848@group-664F394ABA92-LeaderElection17] INFO  server.RaftServerConfigKeys (ConfUtils.java:logGet(46)) - raft.server.watch.element-limit = 65536 (default)
2023-08-31 10:24:53,438 [f9ec4456-8805-4637-8ac6-a0d87dd7d848@group-664F394ABA92-LeaderElection17] INFO  server.RaftServerConfigKeys (ConfUtils.java:logGet(46)) - raft.server.write.element-limit = 1024 (custom)
2023-08-31 10:24:53,438 [f9ec4456-8805-4637-8ac6-a0d87dd7d848@group-664F394ABA92-LeaderElection17] INFO  server.RaftServerConfigKeys (ConfUtils.java:logGet(46)) - raft.server.write.follower.gap.ratio.max = -1.0 (default)
2023-08-31 10:24:53,438 [f9ec4456-8805-4637-8ac6-a0d87dd7d848@group-664F394ABA92-LeaderElection17] INFO  impl.RoleInfo (RoleInfo.java:updateAndGet(139)) - f9ec4456-8805-4637-8ac6-a0d87dd7d848: start f9ec4456-8805-4637-8ac6-a0d87dd7d848@group-664F394ABA92-LeaderStateImpl
2023-08-31 10:24:53,438 [f9ec4456-8805-4637-8ac6-a0d87dd7d848@group-664F394ABA92-LeaderElection17] INFO  segmented.SegmentedRaftLogWorker (SegmentedRaftLogWorker.java:startLogSegment(447)) - f9ec4456-8805-4637-8ac6-a0d87dd7d848@group-664F394ABA92-SegmentedRaftLogWorker: Starting segment from index:0
2023-08-31 10:24:53,439 [f9ec4456-8805-4637-8ac6-a0d87dd7d848@group-664F394ABA92-LeaderElection17] INFO  server.RaftServer$Division (ServerState.java:setRaftConf(434)) - f9ec4456-8805-4637-8ac6-a0d87dd7d848@group-664F394ABA92: set configuration 0: peers:[f9ec4456-8805-4637-8ac6-a0d87dd7d848|rpc:10.1.0.16:15094|admin:10.1.0.16:15093|client:10.1.0.16:15092|dataStream:10.1.0.16:15095|priority:1|startupRole:FOLLOWER]|listeners:[], old=null
2023-08-31 10:24:53,439 [f9ec4456-8805-4637-8ac6-a0d87dd7d848@group-664F394ABA92-SegmentedRaftLogWorker] INFO  segmented.SegmentedRaftLogWorker (SegmentedRaftLogWorker.java:execute(651)) - f9ec4456-8805-4637-8ac6-a0d87dd7d848@group-664F394ABA92-SegmentedRaftLogWorker: created new log segment /home/runner/work/ozone/ozone/hadoop-ozone/integration-test/target/test-dir/MiniOzoneClusterImpl-3562ddc4-ebd0-49e0-a6e7-0f6459768660/datanode-3/data/ratis/6280c600-9979-4296-a230-664f394aba92/current/log_inprogress_0
2023-08-31 10:24:53,644 [JUnit] INFO  ozone.MiniOzoneClusterImpl (MiniOzoneClusterImpl.java:lambda$waitForClusterToBeReady$0(224)) - Nodes are ready. Got 5 of 5 DN Heartbeats.
2023-08-31 10:24:53,644 [JUnit] INFO  ozone.MiniOzoneClusterImpl (MiniOzoneClusterImpl.java:lambda$waitForClusterToBeReady$0(227)) - Cluster exits safe mode
2023-08-31 10:24:53,644 [JUnit] INFO  ozone.MiniOzoneClusterImpl (MiniOzoneClusterImpl.java:lambda$waitForClusterToBeReady$0(229)) - SCM became leader
2023-08-31 10:24:53,672 [setup] INFO  rpc.RpcClient (RpcClient.java:createVolume(461)) - Creating Volume: volume38435, with user72941 as owner and space quota set to -1 bytes, counts quota set to -1
2023-08-31 10:24:53,685 [OM StateMachine ApplyTransaction Thread - 0] INFO  volume.OMVolumeCreateRequest (OMVolumeCreateRequest.java:validateAndUpdateCache(196)) - created volume:volume38435 for user:user72941
2023-08-31 10:24:53,702 [setup] INFO  rpc.RpcClient (RpcClient.java:createBucket(688)) - Creating Bucket: volume38435/bucket36565, with bucket layout LEGACY, runner as owner, Versioning false, Storage Type set to DISK and Encryption set to false, Replication Type set to server-side default replication type, Namespace Quota set to -1, Space Quota set to -1 
2023-08-31 10:24:53,705 [OM StateMachine ApplyTransaction Thread - 0] INFO  bucket.OMBucketCreateRequest (OMBucketCreateRequest.java:validateAndUpdateCache(270)) - created bucket: bucket36565 of layout LEGACY in volume: volume38435
2023-08-31 10:24:53,746 [setup] INFO  contract.AbstractFSContractTestBase (AbstractFSContractTestBase.java:setup(194)) - Test filesystem = o3fs://bucket36565.volume38435 implemented by OzoneFileSystem{URI=o3fs://bucket36565.volume38435, workingDir=o3fs://bucket36565.volume38435/user/runner, userName=runner, statistics=21506 bytes read, 23320 bytes written, 80 read ops, 0 large read ops, 45 write ops}
2023-08-31 10:24:53,750 [JUnit-testOverwriteNonEmptyDirectory[1]] INFO  contract.AbstractFSContractTestBase (AbstractFSContractTestBase.java:describe(278)) - verify trying to create a file over a non-empty dir fails, use builder API=false
2023-08-31 10:24:53,768 [f14f4923-dfb7-4b2f-b4a8-676f2d05982b@group-AFAA66EB155E-FollowerState] INFO  impl.FollowerState (FollowerState.java:run(143)) - f14f4923-dfb7-4b2f-b4a8-676f2d05982b@group-AFAA66EB155E-FollowerState: change to CANDIDATE, lastRpcElapsedTime:5105097909ns, electionTimeout:5100ms
2023-08-31 10:24:53,768 [f14f4923-dfb7-4b2f-b4a8-676f2d05982b@group-AFAA66EB155E-FollowerState] INFO  impl.RoleInfo (RoleInfo.java:shutdownFollowerState(110)) - f14f4923-dfb7-4b2f-b4a8-676f2d05982b: shutdown f14f4923-dfb7-4b2f-b4a8-676f2d05982b@group-AFAA66EB155E-FollowerState
2023-08-31 10:24:53,768 [f14f4923-dfb7-4b2f-b4a8-676f2d05982b@group-AFAA66EB155E-FollowerState] INFO  server.RaftServer$Division (RaftServerImpl.java:setRole(329)) - f14f4923-dfb7-4b2f-b4a8-676f2d05982b@group-AFAA66EB155E: changes role from  FOLLOWER to CANDIDATE at term 0 for changeToCandidate
2023-08-31 10:24:53,768 [f14f4923-dfb7-4b2f-b4a8-676f2d05982b@group-AFAA66EB155E-FollowerState] INFO  server.RaftServerConfigKeys (ConfUtils.java:logGet(46)) - raft.server.leaderelection.pre-vote = true (default)
2023-08-31 10:24:53,768 [f14f4923-dfb7-4b2f-b4a8-676f2d05982b@group-AFAA66EB155E-FollowerState] INFO  impl.RoleInfo (RoleInfo.java:updateAndGet(139)) - f14f4923-dfb7-4b2f-b4a8-676f2d05982b: start f14f4923-dfb7-4b2f-b4a8-676f2d05982b@group-AFAA66EB155E-LeaderElection18
2023-08-31 10:24:53,769 [f14f4923-dfb7-4b2f-b4a8-676f2d05982b@group-AFAA66EB155E-LeaderElection18] INFO  impl.LeaderElection (LeaderElection.java:askForVotes(321)) - f14f4923-dfb7-4b2f-b4a8-676f2d05982b@group-AFAA66EB155E-LeaderElection18 PRE_VOTE round 0: submit vote requests at term 0 for -1: peers:[f14f4923-dfb7-4b2f-b4a8-676f2d05982b|rpc:10.1.0.16:15103|admin:10.1.0.16:15102|client:10.1.0.16:15101|dataStream:10.1.0.16:15104|priority:1|startupRole:FOLLOWER]|listeners:[], old=null
2023-08-31 10:24:53,770 [f14f4923-dfb7-4b2f-b4a8-676f2d05982b@group-AFAA66EB155E-LeaderElection18] INFO  impl.LeaderElection (LeaderElection.java:askForVotes(323)) - f14f4923-dfb7-4b2f-b4a8-676f2d05982b@group-AFAA66EB155E-LeaderElection18 PRE_VOTE round 0: result PASSED (term=0)
2023-08-31 10:24:53,771 [f14f4923-dfb7-4b2f-b4a8-676f2d05982b@group-AFAA66EB155E-LeaderElection18] INFO  impl.LeaderElection (LeaderElection.java:askForVotes(321)) - f14f4923-dfb7-4b2f-b4a8-676f2d05982b@group-AFAA66EB155E-LeaderElection18 ELECTION round 0: submit vote requests at term 1 for -1: peers:[f14f4923-dfb7-4b2f-b4a8-676f2d05982b|rpc:10.1.0.16:15103|admin:10.1.0.16:15102|client:10.1.0.16:15101|dataStream:10.1.0.16:15104|priority:1|startupRole:FOLLOWER]|listeners:[], old=null
2023-08-31 10:24:53,771 [f14f4923-dfb7-4b2f-b4a8-676f2d05982b@group-AFAA66EB155E-LeaderElection18] INFO  impl.LeaderElection (LeaderElection.java:askForVotes(323)) - f14f4923-dfb7-4b2f-b4a8-676f2d05982b@group-AFAA66EB155E-LeaderElection18 ELECTION round 0: result PASSED (term=1)
2023-08-31 10:24:53,772 [f14f4923-dfb7-4b2f-b4a8-676f2d05982b@group-AFAA66EB155E-LeaderElection18] INFO  impl.RoleInfo (RoleInfo.java:shutdownLeaderElection(130)) - f14f4923-dfb7-4b2f-b4a8-676f2d05982b: shutdown f14f4923-dfb7-4b2f-b4a8-676f2d05982b@group-AFAA66EB155E-LeaderElection18
2023-08-31 10:24:53,772 [f14f4923-dfb7-4b2f-b4a8-676f2d05982b@group-AFAA66EB155E-LeaderElection18] INFO  server.RaftServer$Division (RaftServerImpl.java:setRole(329)) - f14f4923-dfb7-4b2f-b4a8-676f2d05982b@group-AFAA66EB155E: changes role from CANDIDATE to LEADER at term 1 for changeToLeader
2023-08-31 10:24:53,772 [f14f4923-dfb7-4b2f-b4a8-676f2d05982b@group-AFAA66EB155E-LeaderElection18] INFO  ratis.XceiverServerRatis (XceiverServerRatis.java:handleLeaderChangedNotification(902)) - Leader change notification received for group: group-AFAA66EB155E with new leaderId: f14f4923-dfb7-4b2f-b4a8-676f2d05982b
2023-08-31 10:24:53,772 [f14f4923-dfb7-4b2f-b4a8-676f2d05982b@group-AFAA66EB155E-LeaderElection18] INFO  server.RaftServer$Division (ServerState.java:setLeader(317)) - f14f4923-dfb7-4b2f-b4a8-676f2d05982b@group-AFAA66EB155E: change Leader from null to f14f4923-dfb7-4b2f-b4a8-676f2d05982b at term 1 for becomeLeader, leader elected after 5128ms
2023-08-31 10:24:53,772 [f14f4923-dfb7-4b2f-b4a8-676f2d05982b@group-AFAA66EB155E-LeaderElection18] INFO  server.RaftServerConfigKeys (ConfUtils.java:logGet(46)) - raft.server.staging.catchup.gap = 1000 (default)
2023-08-31 10:24:53,772 [f14f4923-dfb7-4b2f-b4a8-676f2d05982b@group-AFAA66EB155E-LeaderElection18] INFO  server.RaftServerConfigKeys (ConfUtils.java:logGet(46)) - raft.server.write.element-limit = 1024 (custom)
2023-08-31 10:24:53,772 [f14f4923-dfb7-4b2f-b4a8-676f2d05982b@group-AFAA66EB155E-LeaderElection18] INFO  server.RaftServerConfigKeys (ConfUtils.java:logGet(46)) - raft.server.write.byte-limit = 1024 M (=1073741824) (custom)
2023-08-31 10:24:53,772 [IPC Server handler 1 on default port 15054] INFO  ha.SequenceIdGenerator (SequenceIdGenerator.java:getNextId(140)) - Allocate a batch for containerId, change lastId from 0 to 1000.
2023-08-31 10:24:53,772 [f14f4923-dfb7-4b2f-b4a8-676f2d05982b@group-AFAA66EB155E-LeaderElection18] INFO  server.RaftServerConfigKeys (ConfUtils.java:logGet(46)) - raft.server.watch.timeout = 10000ms (default)
2023-08-31 10:24:53,772 [f14f4923-dfb7-4b2f-b4a8-676f2d05982b@group-AFAA66EB155E-LeaderElection18] INFO  server.RaftServerConfigKeys (ConfUtils.java:logGet(46)) - raft.server.watch.timeout.denomination = 1s (default)
2023-08-31 10:24:53,772 [f14f4923-dfb7-4b2f-b4a8-676f2d05982b@group-AFAA66EB155E-LeaderElection18] INFO  server.RaftServerConfigKeys (ConfUtils.java:logGet(46)) - raft.server.watch.element-limit = 65536 (default)
2023-08-31 10:24:53,772 [f14f4923-dfb7-4b2f-b4a8-676f2d05982b@group-AFAA66EB155E-LeaderElection18] INFO  server.RaftServerConfigKeys (ConfUtils.java:logGet(46)) - raft.server.write.element-limit = 1024 (custom)
2023-08-31 10:24:53,772 [f14f4923-dfb7-4b2f-b4a8-676f2d05982b@group-AFAA66EB155E-LeaderElection18] INFO  server.RaftServerConfigKeys (ConfUtils.java:logGet(46)) - raft.server.write.follower.gap.ratio.max = -1.0 (default)
2023-08-31 10:24:53,772 [f14f4923-dfb7-4b2f-b4a8-676f2d05982b@group-AFAA66EB155E-LeaderElection18] INFO  impl.RoleInfo (RoleInfo.java:updateAndGet(139)) - f14f4923-dfb7-4b2f-b4a8-676f2d05982b: start f14f4923-dfb7-4b2f-b4a8-676f2d05982b@group-AFAA66EB155E-LeaderStateImpl
2023-08-31 10:24:53,773 [f14f4923-dfb7-4b2f-b4a8-676f2d05982b@group-AFAA66EB155E-LeaderElection18] INFO  segmented.SegmentedRaftLogWorker (SegmentedRaftLogWorker.java:startLogSegment(447)) - f14f4923-dfb7-4b2f-b4a8-676f2d05982b@group-AFAA66EB155E-SegmentedRaftLogWorker: Starting segment from index:0
2023-08-31 10:24:53,773 [IPC Server handler 1 on default port 15054] WARN  ha.SequenceIdGenerator (SequenceIdGenerator.java:allocateBatch(253)) - Failed to allocate a batch for localId, expected lastId is 0, actual lastId is 111677748019200000.
2023-08-31 10:24:53,773 [IPC Server handler 1 on default port 15054] INFO  ha.SequenceIdGenerator (SequenceIdGenerator.java:getNextId(140)) - Allocate a batch for localId, change lastId from 111677748019200000 to 111677748019201000.
2023-08-31 10:24:53,773 [f14f4923-dfb7-4b2f-b4a8-676f2d05982b@group-AFAA66EB155E-LeaderElection18] INFO  server.RaftServer$Division (ServerState.java:setRaftConf(434)) - f14f4923-dfb7-4b2f-b4a8-676f2d05982b@group-AFAA66EB155E: set configuration 0: peers:[f14f4923-dfb7-4b2f-b4a8-676f2d05982b|rpc:10.1.0.16:15103|admin:10.1.0.16:15102|client:10.1.0.16:15101|dataStream:10.1.0.16:15104|priority:1|startupRole:FOLLOWER]|listeners:[], old=null
2023-08-31 10:24:53,774 [f14f4923-dfb7-4b2f-b4a8-676f2d05982b@group-AFAA66EB155E-SegmentedRaftLogWorker] INFO  segmented.SegmentedRaftLogWorker (SegmentedRaftLogWorker.java:execute(651)) - f14f4923-dfb7-4b2f-b4a8-676f2d05982b@group-AFAA66EB155E-SegmentedRaftLogWorker: created new log segment /home/runner/work/ozone/ozone/hadoop-ozone/integration-test/target/test-dir/MiniOzoneClusterImpl-3562ddc4-ebd0-49e0-a6e7-0f6459768660/datanode-4/data/ratis/6665902e-e264-43cb-89d0-afaa66eb155e/current/log_inprogress_0
10:24:53.878 [OM StateMachine ApplyTransaction Thread - 0] ERROR OMAudit - user=runner | ip=127.0.0.1 | op=CREATE_FILE {volume=volume38435, bucket=bucket36565, key=test/testOverwriteNonEmptyDirectory, dataSize=4194304, replicationType=RATIS, replicationFactor=ONE} | ret=FAILURE
org.apache.hadoop.ozone.om.exceptions.OMException: Can not write to directory: test/testOverwriteNonEmptyDirectory
	at org.apache.hadoop.ozone.om.request.file.OMFileCreateRequest.checkDirectoryResult(OMFileCreateRequest.java:363) ~[ozone-manager-1.4.0-SNAPSHOT.jar:?]
	at org.apache.hadoop.ozone.om.request.file.OMFileCreateRequest.validateAndUpdateCache(OMFileCreateRequest.java:237) ~[ozone-manager-1.4.0-SNAPSHOT.jar:?]
	at org.apache.hadoop.ozone.protocolPB.OzoneManagerRequestHandler.handleWriteRequest(OzoneManagerRequestHandler.java:375) ~[ozone-manager-1.4.0-SNAPSHOT.jar:?]
	at org.apache.hadoop.ozone.om.ratis.OzoneManagerStateMachine.runCommand(OzoneManagerStateMachine.java:568) ~[ozone-manager-1.4.0-SNAPSHOT.jar:?]
	at org.apache.hadoop.ozone.om.ratis.OzoneManagerStateMachine.lambda$1(OzoneManagerStateMachine.java:359) ~[ozone-manager-1.4.0-SNAPSHOT.jar:?]
	at java.util.concurrent.CompletableFuture$AsyncSupply.run(CompletableFuture.java:1604) [?:1.8.0_382]
	at java.util.concurrent.ThreadPoolExecutor.runWorker(ThreadPoolExecutor.java:1149) [?:1.8.0_382]
	at java.util.concurrent.ThreadPoolExecutor$Worker.run(ThreadPoolExecutor.java:624) [?:1.8.0_382]
	at java.lang.Thread.run(Thread.java:750) [?:1.8.0_382]
2023-08-31 10:24:53,879 [OM StateMachine ApplyTransaction Thread - 0] ERROR file.OMFileCreateRequest (OMFileCreateRequest.java:validateAndUpdateCache(336)) - File create failed. Volume:volume38435, Bucket:bucket36565, Keytest/testOverwriteNonEmptyDirectory.
NOT_A_FILE org.apache.hadoop.ozone.om.exceptions.OMException: Can not write to directory: test/testOverwriteNonEmptyDirectory
	at org.apache.hadoop.ozone.om.request.file.OMFileCreateRequest.checkDirectoryResult(OMFileCreateRequest.java:363)
	at org.apache.hadoop.ozone.om.request.file.OMFileCreateRequest.validateAndUpdateCache(OMFileCreateRequest.java:237)
	at org.apache.hadoop.ozone.protocolPB.OzoneManagerRequestHandler.handleWriteRequest(OzoneManagerRequestHandler.java:375)
	at org.apache.hadoop.ozone.om.ratis.OzoneManagerStateMachine.runCommand(OzoneManagerStateMachine.java:568)
	at org.apache.hadoop.ozone.om.ratis.OzoneManagerStateMachine.lambda$1(OzoneManagerStateMachine.java:359)
	at java.util.concurrent.CompletableFuture$AsyncSupply.run(CompletableFuture.java:1604)
	at java.util.concurrent.ThreadPoolExecutor.runWorker(ThreadPoolExecutor.java:1149)
	at java.util.concurrent.ThreadPoolExecutor$Worker.run(ThreadPoolExecutor.java:624)
	at java.lang.Thread.run(Thread.java:750)
2023-08-31 10:24:53,900 [JUnit-testOverwriteNonEmptyDirectory[1]] INFO  contract.AbstractFSContractTestBase (AbstractFSContractTestBase.java:describe(278)) - verify trying to create a file over a non-empty dir fails, use builder API=true
10:24:53.971 [OM StateMachine ApplyTransaction Thread - 0] ERROR OMAudit - user=runner | ip=127.0.0.1 | op=CREATE_FILE {volume=volume38435, bucket=bucket36565, key=test/testOverwriteNonEmptyDirectory, dataSize=4194304, replicationType=RATIS, replicationFactor=ONE} | ret=FAILURE
org.apache.hadoop.ozone.om.exceptions.OMException: Can not write to directory: test/testOverwriteNonEmptyDirectory
	at org.apache.hadoop.ozone.om.request.file.OMFileCreateRequest.checkDirectoryResult(OMFileCreateRequest.java:363) ~[ozone-manager-1.4.0-SNAPSHOT.jar:?]
	at org.apache.hadoop.ozone.om.request.file.OMFileCreateRequest.validateAndUpdateCache(OMFileCreateRequest.java:237) ~[ozone-manager-1.4.0-SNAPSHOT.jar:?]
	at org.apache.hadoop.ozone.protocolPB.OzoneManagerRequestHandler.handleWriteRequest(OzoneManagerRequestHandler.java:375) ~[ozone-manager-1.4.0-SNAPSHOT.jar:?]
	at org.apache.hadoop.ozone.om.ratis.OzoneManagerStateMachine.runCommand(OzoneManagerStateMachine.java:568) ~[ozone-manager-1.4.0-SNAPSHOT.jar:?]
	at org.apache.hadoop.ozone.om.ratis.OzoneManagerStateMachine.lambda$1(OzoneManagerStateMachine.java:359) ~[ozone-manager-1.4.0-SNAPSHOT.jar:?]
	at java.util.concurrent.CompletableFuture$AsyncSupply.run(CompletableFuture.java:1604) [?:1.8.0_382]
	at java.util.concurrent.ThreadPoolExecutor.runWorker(ThreadPoolExecutor.java:1149) [?:1.8.0_382]
	at java.util.concurrent.ThreadPoolExecutor$Worker.run(ThreadPoolExecutor.java:624) [?:1.8.0_382]
	at java.lang.Thread.run(Thread.java:750) [?:1.8.0_382]
2023-08-31 10:24:53,971 [OM StateMachine ApplyTransaction Thread - 0] ERROR file.OMFileCreateRequest (OMFileCreateRequest.java:validateAndUpdateCache(336)) - File create failed. Volume:volume38435, Bucket:bucket36565, Keytest/testOverwriteNonEmptyDirectory.
NOT_A_FILE org.apache.hadoop.ozone.om.exceptions.OMException: Can not write to directory: test/testOverwriteNonEmptyDirectory
	at org.apache.hadoop.ozone.om.request.file.OMFileCreateRequest.checkDirectoryResult(OMFileCreateRequest.java:363)
	at org.apache.hadoop.ozone.om.request.file.OMFileCreateRequest.validateAndUpdateCache(OMFileCreateRequest.java:237)
	at org.apache.hadoop.ozone.protocolPB.OzoneManagerRequestHandler.handleWriteRequest(OzoneManagerRequestHandler.java:375)
	at org.apache.hadoop.ozone.om.ratis.OzoneManagerStateMachine.runCommand(OzoneManagerStateMachine.java:568)
	at org.apache.hadoop.ozone.om.ratis.OzoneManagerStateMachine.lambda$1(OzoneManagerStateMachine.java:359)
	at java.util.concurrent.CompletableFuture$AsyncSupply.run(CompletableFuture.java:1604)
	at java.util.concurrent.ThreadPoolExecutor.runWorker(ThreadPoolExecutor.java:1149)
	at java.util.concurrent.ThreadPoolExecutor$Worker.run(ThreadPoolExecutor.java:624)
	at java.lang.Thread.run(Thread.java:750)
]]></system-out>
  </testcase>
  <testcase name="testCreateFileUnderFile" classname="ITestOzoneContractCreate" time="0.186">
    <system-out><![CDATA[2023-08-31 10:24:31,968 [setup] INFO  rpc.RpcClient (RpcClient.java:createVolume(461)) - Creating Volume: volume73493, with user50268 as owner and space quota set to -1 bytes, counts quota set to -1
2023-08-31 10:24:31,976 [OM StateMachine ApplyTransaction Thread - 0] INFO  volume.OMVolumeCreateRequest (OMVolumeCreateRequest.java:validateAndUpdateCache(196)) - created volume:volume73493 for user:user50268
2023-08-31 10:24:31,980 [setup] INFO  rpc.RpcClient (RpcClient.java:createBucket(688)) - Creating Bucket: volume73493/bucket36403, with bucket layout LEGACY, runner as owner, Versioning false, Storage Type set to DISK and Encryption set to false, Replication Type set to server-side default replication type, Namespace Quota set to -1, Space Quota set to -1 
2023-08-31 10:24:31,985 [OM StateMachine ApplyTransaction Thread - 0] INFO  bucket.OMBucketCreateRequest (OMBucketCreateRequest.java:validateAndUpdateCache(270)) - created bucket: bucket36403 of layout LEGACY in volume: volume73493
2023-08-31 10:24:32,039 [setup] INFO  contract.AbstractFSContractTestBase (AbstractFSContractTestBase.java:setup(194)) - Test filesystem = o3fs://bucket36403.volume73493 implemented by OzoneFileSystem{URI=o3fs://bucket36403.volume73493, workingDir=o3fs://bucket36403.volume73493/user/runner, userName=runner, statistics=0 bytes read, 20 bytes written, 10 read ops, 0 large read ops, 5 write ops}
2023-08-31 10:24:32,045 [JUnit-testCreateFileUnderFile[0]] INFO  contract.AbstractFSContractTestBase (AbstractFSContractTestBase.java:describe(278)) - Verify that it is forbidden to create file/file
10:24:32.125 [OM StateMachine ApplyTransaction Thread - 0] ERROR OMAudit - user=runner | ip=127.0.0.1 | op=CREATE_FILE {volume=volume73493, bucket=bucket36403, key=test/testCreateFileUnderFile[0]/parent, dataSize=4194304, replicationType=RATIS, replicationFactor=ONE} | ret=FAILURE
org.apache.hadoop.ozone.om.exceptions.OMException: Can not create file: test/testCreateFileUnderFile[0]/parent as there is already file in the given path
	at org.apache.hadoop.ozone.om.request.file.OMFileCreateRequest.checkDirectoryResult(OMFileCreateRequest.java:366) ~[ozone-manager-1.4.0-SNAPSHOT.jar:?]
	at org.apache.hadoop.ozone.om.request.file.OMFileCreateRequest.validateAndUpdateCache(OMFileCreateRequest.java:237) ~[ozone-manager-1.4.0-SNAPSHOT.jar:?]
	at org.apache.hadoop.ozone.protocolPB.OzoneManagerRequestHandler.handleWriteRequest(OzoneManagerRequestHandler.java:375) ~[ozone-manager-1.4.0-SNAPSHOT.jar:?]
	at org.apache.hadoop.ozone.om.ratis.OzoneManagerStateMachine.runCommand(OzoneManagerStateMachine.java:568) ~[ozone-manager-1.4.0-SNAPSHOT.jar:?]
	at org.apache.hadoop.ozone.om.ratis.OzoneManagerStateMachine.lambda$1(OzoneManagerStateMachine.java:359) ~[ozone-manager-1.4.0-SNAPSHOT.jar:?]
	at java.util.concurrent.CompletableFuture$AsyncSupply.run(CompletableFuture.java:1604) [?:1.8.0_382]
	at java.util.concurrent.ThreadPoolExecutor.runWorker(ThreadPoolExecutor.java:1149) [?:1.8.0_382]
	at java.util.concurrent.ThreadPoolExecutor$Worker.run(ThreadPoolExecutor.java:624) [?:1.8.0_382]
	at java.lang.Thread.run(Thread.java:750) [?:1.8.0_382]
2023-08-31 10:24:32,126 [OM StateMachine ApplyTransaction Thread - 0] ERROR file.OMFileCreateRequest (OMFileCreateRequest.java:validateAndUpdateCache(336)) - File create failed. Volume:volume73493, Bucket:bucket36403, Keytest/testCreateFileUnderFile[0]/parent.
NOT_A_FILE org.apache.hadoop.ozone.om.exceptions.OMException: Can not create file: test/testCreateFileUnderFile[0]/parent as there is already file in the given path
	at org.apache.hadoop.ozone.om.request.file.OMFileCreateRequest.checkDirectoryResult(OMFileCreateRequest.java:366)
	at org.apache.hadoop.ozone.om.request.file.OMFileCreateRequest.validateAndUpdateCache(OMFileCreateRequest.java:237)
	at org.apache.hadoop.ozone.protocolPB.OzoneManagerRequestHandler.handleWriteRequest(OzoneManagerRequestHandler.java:375)
	at org.apache.hadoop.ozone.om.ratis.OzoneManagerStateMachine.runCommand(OzoneManagerStateMachine.java:568)
	at org.apache.hadoop.ozone.om.ratis.OzoneManagerStateMachine.lambda$1(OzoneManagerStateMachine.java:359)
	at java.util.concurrent.CompletableFuture$AsyncSupply.run(CompletableFuture.java:1604)
	at java.util.concurrent.ThreadPoolExecutor.runWorker(ThreadPoolExecutor.java:1149)
	at java.util.concurrent.ThreadPoolExecutor$Worker.run(ThreadPoolExecutor.java:624)
	at java.lang.Thread.run(Thread.java:750)
]]></system-out>
  </testcase>
  <testcase name="testCreateFileUnderFile" classname="ITestOzoneContractCreate" time="0.14">
    <system-out><![CDATA[2023-08-31 10:24:54,005 [setup] INFO  rpc.RpcClient (RpcClient.java:createVolume(461)) - Creating Volume: volume41404, with user61802 as owner and space quota set to -1 bytes, counts quota set to -1
2023-08-31 10:24:54,008 [OM StateMachine ApplyTransaction Thread - 0] INFO  volume.OMVolumeCreateRequest (OMVolumeCreateRequest.java:validateAndUpdateCache(196)) - created volume:volume41404 for user:user61802
2023-08-31 10:24:54,010 [setup] INFO  rpc.RpcClient (RpcClient.java:createBucket(688)) - Creating Bucket: volume41404/bucket29652, with bucket layout LEGACY, runner as owner, Versioning false, Storage Type set to DISK and Encryption set to false, Replication Type set to server-side default replication type, Namespace Quota set to -1, Space Quota set to -1 
2023-08-31 10:24:54,012 [OM StateMachine ApplyTransaction Thread - 0] INFO  bucket.OMBucketCreateRequest (OMBucketCreateRequest.java:validateAndUpdateCache(270)) - created bucket: bucket29652 of layout LEGACY in volume: volume41404
2023-08-31 10:24:54,051 [setup] INFO  contract.AbstractFSContractTestBase (AbstractFSContractTestBase.java:setup(194)) - Test filesystem = o3fs://bucket29652.volume41404 implemented by OzoneFileSystem{URI=o3fs://bucket29652.volume41404, workingDir=o3fs://bucket29652.volume41404/user/runner, userName=runner, statistics=21506 bytes read, 23340 bytes written, 90 read ops, 0 large read ops, 50 write ops}
2023-08-31 10:24:54,055 [JUnit-testCreateFileUnderFile[1]] INFO  contract.AbstractFSContractTestBase (AbstractFSContractTestBase.java:describe(278)) - Verify that it is forbidden to create file/file
10:24:54.119 [OM StateMachine ApplyTransaction Thread - 0] ERROR OMAudit - user=runner | ip=127.0.0.1 | op=CREATE_FILE {volume=volume41404, bucket=bucket29652, key=test/testCreateFileUnderFile[1]/parent, dataSize=4194304, replicationType=RATIS, replicationFactor=ONE} | ret=FAILURE
org.apache.hadoop.ozone.om.exceptions.OMException: Can not create file: test/testCreateFileUnderFile[1]/parent as there is already file in the given path
	at org.apache.hadoop.ozone.om.request.file.OMFileCreateRequest.checkDirectoryResult(OMFileCreateRequest.java:366) ~[ozone-manager-1.4.0-SNAPSHOT.jar:?]
	at org.apache.hadoop.ozone.om.request.file.OMFileCreateRequest.validateAndUpdateCache(OMFileCreateRequest.java:237) ~[ozone-manager-1.4.0-SNAPSHOT.jar:?]
	at org.apache.hadoop.ozone.protocolPB.OzoneManagerRequestHandler.handleWriteRequest(OzoneManagerRequestHandler.java:375) ~[ozone-manager-1.4.0-SNAPSHOT.jar:?]
	at org.apache.hadoop.ozone.om.ratis.OzoneManagerStateMachine.runCommand(OzoneManagerStateMachine.java:568) ~[ozone-manager-1.4.0-SNAPSHOT.jar:?]
	at org.apache.hadoop.ozone.om.ratis.OzoneManagerStateMachine.lambda$1(OzoneManagerStateMachine.java:359) ~[ozone-manager-1.4.0-SNAPSHOT.jar:?]
	at java.util.concurrent.CompletableFuture$AsyncSupply.run(CompletableFuture.java:1604) [?:1.8.0_382]
	at java.util.concurrent.ThreadPoolExecutor.runWorker(ThreadPoolExecutor.java:1149) [?:1.8.0_382]
	at java.util.concurrent.ThreadPoolExecutor$Worker.run(ThreadPoolExecutor.java:624) [?:1.8.0_382]
	at java.lang.Thread.run(Thread.java:750) [?:1.8.0_382]
2023-08-31 10:24:54,119 [OM StateMachine ApplyTransaction Thread - 0] ERROR file.OMFileCreateRequest (OMFileCreateRequest.java:validateAndUpdateCache(336)) - File create failed. Volume:volume41404, Bucket:bucket29652, Keytest/testCreateFileUnderFile[1]/parent.
NOT_A_FILE org.apache.hadoop.ozone.om.exceptions.OMException: Can not create file: test/testCreateFileUnderFile[1]/parent as there is already file in the given path
	at org.apache.hadoop.ozone.om.request.file.OMFileCreateRequest.checkDirectoryResult(OMFileCreateRequest.java:366)
	at org.apache.hadoop.ozone.om.request.file.OMFileCreateRequest.validateAndUpdateCache(OMFileCreateRequest.java:237)
	at org.apache.hadoop.ozone.protocolPB.OzoneManagerRequestHandler.handleWriteRequest(OzoneManagerRequestHandler.java:375)
	at org.apache.hadoop.ozone.om.ratis.OzoneManagerStateMachine.runCommand(OzoneManagerStateMachine.java:568)
	at org.apache.hadoop.ozone.om.ratis.OzoneManagerStateMachine.lambda$1(OzoneManagerStateMachine.java:359)
	at java.util.concurrent.CompletableFuture$AsyncSupply.run(CompletableFuture.java:1604)
	at java.util.concurrent.ThreadPoolExecutor.runWorker(ThreadPoolExecutor.java:1149)
	at java.util.concurrent.ThreadPoolExecutor$Worker.run(ThreadPoolExecutor.java:624)
	at java.lang.Thread.run(Thread.java:750)
]]></system-out>
  </testcase>
  <testcase name="testSyncable" classname="ITestOzoneContractCreate" time="0.463">
    <system-out><![CDATA[2023-08-31 10:24:32,155 [setup] INFO  rpc.RpcClient (RpcClient.java:createVolume(461)) - Creating Volume: volume87221, with user52838 as owner and space quota set to -1 bytes, counts quota set to -1
2023-08-31 10:24:32,158 [OM StateMachine ApplyTransaction Thread - 0] INFO  volume.OMVolumeCreateRequest (OMVolumeCreateRequest.java:validateAndUpdateCache(196)) - created volume:volume87221 for user:user52838
2023-08-31 10:24:32,161 [setup] INFO  rpc.RpcClient (RpcClient.java:createBucket(688)) - Creating Bucket: volume87221/bucket94804, with bucket layout LEGACY, runner as owner, Versioning false, Storage Type set to DISK and Encryption set to false, Replication Type set to server-side default replication type, Namespace Quota set to -1, Space Quota set to -1 
2023-08-31 10:24:32,164 [OM StateMachine ApplyTransaction Thread - 0] INFO  bucket.OMBucketCreateRequest (OMBucketCreateRequest.java:validateAndUpdateCache(270)) - created bucket: bucket94804 of layout LEGACY in volume: volume87221
2023-08-31 10:24:32,231 [setup] INFO  contract.AbstractFSContractTestBase (AbstractFSContractTestBase.java:setup(194)) - Test filesystem = o3fs://bucket94804.volume87221 implemented by OzoneFileSystem{URI=o3fs://bucket94804.volume87221, workingDir=o3fs://bucket94804.volume87221/user/runner, userName=runner, statistics=0 bytes read, 276 bytes written, 13 read ops, 0 large read ops, 8 write ops}
2023-08-31 10:24:32,236 [JUnit-testSyncable[0]] INFO  contract.AbstractFSContractTestBase (AbstractFSContractTestBase.java:describe(278)) - test declared and actual Syncable behaviors
2023-08-31 10:24:32,236 [JUnit-testSyncable[0]] INFO  contract.AbstractContractCreateTest (AbstractContractCreateTest.java:validateSyncableSemantics(479)) - Expecting files under o3fs://bucket94804.volume87221/test/testSyncable[0] to have supportsSync=true and supportsFlush=true; metadataUpdatedOnHSync=false
2023-08-31 10:24:32,245 [JUnit-testSyncable[0]] INFO  contract.AbstractContractCreateTest (AbstractContractCreateTest.java:validateSyncableSemantics(484)) - Created output stream FSDataOutputStream{wrappedStream=org.apache.hadoop.fs.ozone.CapableOzoneFSOutputStream@204d36}
2023-08-31 10:24:32,434 [IPC Server handler 5 on default port 15001] WARN  node.SCMNodeManager (SCMNodeManager.java:getNodesByAddress(1373)) - Cannot find node for address 127.0.0.1
2023-08-31 10:24:32,555 [JUnit-testSyncable[0]] INFO  contract.AbstractContractCreateTest (AbstractContractCreateTest.java:validateSyncableSemantics(550)) - Successfully read synced data on a new reader org.apache.hadoop.fs.FSDataInputStream@4ef0dec8: org.apache.hadoop.fs.ozone.CapableOzoneFSInputStream@68ea1f40{}
]]></system-out>
  </testcase>
  <testcase name="testSyncable" classname="ITestOzoneContractCreate" time="0.243">
    <error type="java.io.IOException"><![CDATA[java.io.IOException: Inconsistent read for blockID=conID: 1 locID: 111677748019200007 bcsId: 0 length=2 position=1 numBytesToRead=1 numBytesRead=-1
	at org.apache.hadoop.ozone.client.io.KeyInputStream.checkPartBytesRead(KeyInputStream.java:183)
	at org.apache.hadoop.hdds.scm.storage.MultipartInputStream.readWithStrategy(MultipartInputStream.java:97)
	at org.apache.hadoop.hdds.scm.storage.ExtendedInputStream.read(ExtendedInputStream.java:56)
	at org.apache.hadoop.hdds.scm.storage.ExtendedInputStream.read(ExtendedInputStream.java:43)
	at org.apache.hadoop.fs.ozone.OzoneFSInputStream.read(OzoneFSInputStream.java:55)
	at java.io.FilterInputStream.read(FilterInputStream.java:83)
	at org.apache.hadoop.fs.contract.AbstractContractCreateTest.validateSyncableSemantics(AbstractContractCreateTest.java:548)
	at org.apache.hadoop.fs.contract.AbstractContractCreateTest.testSyncable(AbstractContractCreateTest.java:459)
	at sun.reflect.NativeMethodAccessorImpl.invoke0(Native Method)
	at sun.reflect.NativeMethodAccessorImpl.invoke(NativeMethodAccessorImpl.java:62)
	at sun.reflect.DelegatingMethodAccessorImpl.invoke(DelegatingMethodAccessorImpl.java:43)
	at java.lang.reflect.Method.invoke(Method.java:498)
	at org.junit.runners.model.FrameworkMethod$1.runReflectiveCall(FrameworkMethod.java:59)
	at org.junit.internal.runners.model.ReflectiveCallable.run(ReflectiveCallable.java:12)
	at org.junit.runners.model.FrameworkMethod.invokeExplosively(FrameworkMethod.java:56)
	at org.junit.internal.runners.statements.InvokeMethod.evaluate(InvokeMethod.java:17)
	at org.junit.internal.runners.statements.RunBefores.evaluate(RunBefores.java:26)
	at org.junit.internal.runners.statements.RunAfters.evaluate(RunAfters.java:27)
	at org.junit.rules.TestWatcher$1.evaluate(TestWatcher.java:61)
	at org.junit.internal.runners.statements.FailOnTimeout$CallableStatement.call(FailOnTimeout.java:288)
	at org.junit.internal.runners.statements.FailOnTimeout$CallableStatement.call(FailOnTimeout.java:282)
	at java.util.concurrent.FutureTask.run(FutureTask.java:266)
	at java.lang.Thread.run(Thread.java:750)
]]></error>
    <system-out><![CDATA[2023-08-31 10:24:54,149 [setup] INFO  rpc.RpcClient (RpcClient.java:createVolume(461)) - Creating Volume: volume05613, with user59305 as owner and space quota set to -1 bytes, counts quota set to -1
2023-08-31 10:24:54,151 [OM StateMachine ApplyTransaction Thread - 0] INFO  volume.OMVolumeCreateRequest (OMVolumeCreateRequest.java:validateAndUpdateCache(196)) - created volume:volume05613 for user:user59305
2023-08-31 10:24:54,155 [setup] INFO  rpc.RpcClient (RpcClient.java:createBucket(688)) - Creating Bucket: volume05613/bucket07103, with bucket layout LEGACY, runner as owner, Versioning false, Storage Type set to DISK and Encryption set to false, Replication Type set to server-side default replication type, Namespace Quota set to -1, Space Quota set to -1 
2023-08-31 10:24:54,158 [OM StateMachine ApplyTransaction Thread - 0] INFO  bucket.OMBucketCreateRequest (OMBucketCreateRequest.java:validateAndUpdateCache(270)) - created bucket: bucket07103 of layout LEGACY in volume: volume05613
2023-08-31 10:24:54,207 [setup] INFO  contract.AbstractFSContractTestBase (AbstractFSContractTestBase.java:setup(194)) - Test filesystem = o3fs://bucket07103.volume05613 implemented by OzoneFileSystem{URI=o3fs://bucket07103.volume05613, workingDir=o3fs://bucket07103.volume05613/user/runner, userName=runner, statistics=21506 bytes read, 23596 bytes written, 93 read ops, 0 large read ops, 53 write ops}
2023-08-31 10:24:54,214 [JUnit-testSyncable[1]] INFO  contract.AbstractFSContractTestBase (AbstractFSContractTestBase.java:describe(278)) - test declared and actual Syncable behaviors
2023-08-31 10:24:54,215 [JUnit-testSyncable[1]] INFO  contract.AbstractContractCreateTest (AbstractContractCreateTest.java:validateSyncableSemantics(479)) - Expecting files under o3fs://bucket07103.volume05613/test/testSyncable[1] to have supportsSync=true and supportsFlush=true; metadataUpdatedOnHSync=false
2023-08-31 10:24:54,221 [JUnit-testSyncable[1]] INFO  contract.AbstractContractCreateTest (AbstractContractCreateTest.java:validateSyncableSemantics(484)) - Created output stream FSDataOutputStream{wrappedStream=org.apache.hadoop.fs.ozone.CapableOzoneFSOutputStream@7dd0991d}
2023-08-31 10:24:54,323 [IPC Server handler 2 on default port 15054] WARN  node.SCMNodeManager (SCMNodeManager.java:getNodesByAddress(1373)) - Cannot find node for address 127.0.0.1
]]></system-out>
  </testcase>
  <testcase name="testMkdirUnderFile" classname="ITestOzoneContractCreate" time="0.194">
    <system-out><![CDATA[2023-08-31 10:24:32,623 [setup] INFO  rpc.RpcClient (RpcClient.java:createVolume(461)) - Creating Volume: volume60021, with user26502 as owner and space quota set to -1 bytes, counts quota set to -1
2023-08-31 10:24:32,628 [OM StateMachine ApplyTransaction Thread - 0] INFO  volume.OMVolumeCreateRequest (OMVolumeCreateRequest.java:validateAndUpdateCache(196)) - created volume:volume60021 for user:user26502
2023-08-31 10:24:32,631 [setup] INFO  rpc.RpcClient (RpcClient.java:createBucket(688)) - Creating Bucket: volume60021/bucket74223, with bucket layout LEGACY, runner as owner, Versioning false, Storage Type set to DISK and Encryption set to false, Replication Type set to server-side default replication type, Namespace Quota set to -1, Space Quota set to -1 
2023-08-31 10:24:32,636 [OM StateMachine ApplyTransaction Thread - 0] INFO  bucket.OMBucketCreateRequest (OMBucketCreateRequest.java:validateAndUpdateCache(270)) - created bucket: bucket74223 of layout LEGACY in volume: volume60021
2023-08-31 10:24:32,699 [setup] INFO  contract.AbstractFSContractTestBase (AbstractFSContractTestBase.java:setup(194)) - Test filesystem = o3fs://bucket74223.volume60021 implemented by OzoneFileSystem{URI=o3fs://bucket74223.volume60021, workingDir=o3fs://bucket74223.volume60021/user/runner, userName=runner, statistics=2 bytes read, 278 bytes written, 17 read ops, 0 large read ops, 10 write ops}
2023-08-31 10:24:32,704 [JUnit-testMkdirUnderFile[0]] INFO  contract.AbstractFSContractTestBase (AbstractFSContractTestBase.java:describe(278)) - Verify that it is forbidden to create file/dir
10:24:32.783 [OM StateMachine ApplyTransaction Thread - 0] ERROR OMAudit - user=runner | ip=127.0.0.1 | op=CREATE_DIRECTORY {volume=volume60021, bucket=bucket74223, key=test/testMkdirUnderFile[0]/parent, dataSize=0, replicationType=NONE, replicationFactor=ZERO} | ret=FAILURE
org.apache.hadoop.ozone.om.exceptions.OMException: Unable to create directory: test/testMkdirUnderFile[0]/parent in volume/bucket: volume60021/bucket74223
	at org.apache.hadoop.ozone.om.request.file.OMDirectoryCreateRequest.validateAndUpdateCache(OMDirectoryCreateRequest.java:194) ~[ozone-manager-1.4.0-SNAPSHOT.jar:?]
	at org.apache.hadoop.ozone.protocolPB.OzoneManagerRequestHandler.handleWriteRequest(OzoneManagerRequestHandler.java:375) ~[ozone-manager-1.4.0-SNAPSHOT.jar:?]
	at org.apache.hadoop.ozone.om.ratis.OzoneManagerStateMachine.runCommand(OzoneManagerStateMachine.java:568) ~[ozone-manager-1.4.0-SNAPSHOT.jar:?]
	at org.apache.hadoop.ozone.om.ratis.OzoneManagerStateMachine.lambda$1(OzoneManagerStateMachine.java:359) ~[ozone-manager-1.4.0-SNAPSHOT.jar:?]
	at java.util.concurrent.CompletableFuture$AsyncSupply.run(CompletableFuture.java:1604) [?:1.8.0_382]
	at java.util.concurrent.ThreadPoolExecutor.runWorker(ThreadPoolExecutor.java:1149) [?:1.8.0_382]
	at java.util.concurrent.ThreadPoolExecutor$Worker.run(ThreadPoolExecutor.java:624) [?:1.8.0_382]
	at java.lang.Thread.run(Thread.java:750) [?:1.8.0_382]
2023-08-31 10:24:32,783 [OM StateMachine ApplyTransaction Thread - 0] ERROR file.OMDirectoryCreateRequest (OMDirectoryCreateRequest.java:logResult(334)) - Directory creation failed. Volume:volume60021, Bucket:bucket74223, Keytest/testMkdirUnderFile[0]/parent. Exception:{}
FILE_ALREADY_EXISTS org.apache.hadoop.ozone.om.exceptions.OMException: Unable to create directory: test/testMkdirUnderFile[0]/parent in volume/bucket: volume60021/bucket74223
	at org.apache.hadoop.ozone.om.request.file.OMDirectoryCreateRequest.validateAndUpdateCache(OMDirectoryCreateRequest.java:194)
	at org.apache.hadoop.ozone.protocolPB.OzoneManagerRequestHandler.handleWriteRequest(OzoneManagerRequestHandler.java:375)
	at org.apache.hadoop.ozone.om.ratis.OzoneManagerStateMachine.runCommand(OzoneManagerStateMachine.java:568)
	at org.apache.hadoop.ozone.om.ratis.OzoneManagerStateMachine.lambda$1(OzoneManagerStateMachine.java:359)
	at java.util.concurrent.CompletableFuture$AsyncSupply.run(CompletableFuture.java:1604)
	at java.util.concurrent.ThreadPoolExecutor.runWorker(ThreadPoolExecutor.java:1149)
	at java.util.concurrent.ThreadPoolExecutor$Worker.run(ThreadPoolExecutor.java:624)
	at java.lang.Thread.run(Thread.java:750)
]]></system-out>
  </testcase>
  <testcase name="testMkdirUnderFile" classname="ITestOzoneContractCreate" time="0.167">
    <system-out><![CDATA[2023-08-31 10:24:54,389 [setup] INFO  rpc.RpcClient (RpcClient.java:createVolume(461)) - Creating Volume: volume46659, with user28688 as owner and space quota set to -1 bytes, counts quota set to -1
2023-08-31 10:24:54,391 [OM StateMachine ApplyTransaction Thread - 0] INFO  volume.OMVolumeCreateRequest (OMVolumeCreateRequest.java:validateAndUpdateCache(196)) - created volume:volume46659 for user:user28688
2023-08-31 10:24:54,397 [setup] INFO  rpc.RpcClient (RpcClient.java:createBucket(688)) - Creating Bucket: volume46659/bucket00750, with bucket layout LEGACY, runner as owner, Versioning false, Storage Type set to DISK and Encryption set to false, Replication Type set to server-side default replication type, Namespace Quota set to -1, Space Quota set to -1 
2023-08-31 10:24:54,399 [OM StateMachine ApplyTransaction Thread - 0] INFO  bucket.OMBucketCreateRequest (OMBucketCreateRequest.java:validateAndUpdateCache(270)) - created bucket: bucket00750 of layout LEGACY in volume: volume46659
2023-08-31 10:24:54,451 [setup] INFO  contract.AbstractFSContractTestBase (AbstractFSContractTestBase.java:setup(194)) - Test filesystem = o3fs://bucket00750.volume46659 implemented by OzoneFileSystem{URI=o3fs://bucket00750.volume46659, workingDir=o3fs://bucket00750.volume46659/user/runner, userName=runner, statistics=21507 bytes read, 23598 bytes written, 97 read ops, 0 large read ops, 55 write ops}
2023-08-31 10:24:54,457 [JUnit-testMkdirUnderFile[1]] INFO  contract.AbstractFSContractTestBase (AbstractFSContractTestBase.java:describe(278)) - Verify that it is forbidden to create file/dir
10:24:54.530 [OM StateMachine ApplyTransaction Thread - 0] ERROR OMAudit - user=runner | ip=127.0.0.1 | op=CREATE_DIRECTORY {volume=volume46659, bucket=bucket00750, key=test/testMkdirUnderFile[1]/parent, dataSize=0, replicationType=NONE, replicationFactor=ZERO} | ret=FAILURE
org.apache.hadoop.ozone.om.exceptions.OMException: Unable to create directory: test/testMkdirUnderFile[1]/parent in volume/bucket: volume46659/bucket00750
	at org.apache.hadoop.ozone.om.request.file.OMDirectoryCreateRequest.validateAndUpdateCache(OMDirectoryCreateRequest.java:194) ~[ozone-manager-1.4.0-SNAPSHOT.jar:?]
	at org.apache.hadoop.ozone.protocolPB.OzoneManagerRequestHandler.handleWriteRequest(OzoneManagerRequestHandler.java:375) ~[ozone-manager-1.4.0-SNAPSHOT.jar:?]
	at org.apache.hadoop.ozone.om.ratis.OzoneManagerStateMachine.runCommand(OzoneManagerStateMachine.java:568) ~[ozone-manager-1.4.0-SNAPSHOT.jar:?]
	at org.apache.hadoop.ozone.om.ratis.OzoneManagerStateMachine.lambda$1(OzoneManagerStateMachine.java:359) ~[ozone-manager-1.4.0-SNAPSHOT.jar:?]
	at java.util.concurrent.CompletableFuture$AsyncSupply.run(CompletableFuture.java:1604) [?:1.8.0_382]
	at java.util.concurrent.ThreadPoolExecutor.runWorker(ThreadPoolExecutor.java:1149) [?:1.8.0_382]
	at java.util.concurrent.ThreadPoolExecutor$Worker.run(ThreadPoolExecutor.java:624) [?:1.8.0_382]
	at java.lang.Thread.run(Thread.java:750) [?:1.8.0_382]
2023-08-31 10:24:54,530 [OM StateMachine ApplyTransaction Thread - 0] ERROR file.OMDirectoryCreateRequest (OMDirectoryCreateRequest.java:logResult(334)) - Directory creation failed. Volume:volume46659, Bucket:bucket00750, Keytest/testMkdirUnderFile[1]/parent. Exception:{}
FILE_ALREADY_EXISTS org.apache.hadoop.ozone.om.exceptions.OMException: Unable to create directory: test/testMkdirUnderFile[1]/parent in volume/bucket: volume46659/bucket00750
	at org.apache.hadoop.ozone.om.request.file.OMDirectoryCreateRequest.validateAndUpdateCache(OMDirectoryCreateRequest.java:194)
	at org.apache.hadoop.ozone.protocolPB.OzoneManagerRequestHandler.handleWriteRequest(OzoneManagerRequestHandler.java:375)
	at org.apache.hadoop.ozone.om.ratis.OzoneManagerStateMachine.runCommand(OzoneManagerStateMachine.java:568)
	at org.apache.hadoop.ozone.om.ratis.OzoneManagerStateMachine.lambda$1(OzoneManagerStateMachine.java:359)
	at java.util.concurrent.CompletableFuture$AsyncSupply.run(CompletableFuture.java:1604)
	at java.util.concurrent.ThreadPoolExecutor.runWorker(ThreadPoolExecutor.java:1149)
	at java.util.concurrent.ThreadPoolExecutor$Worker.run(ThreadPoolExecutor.java:624)
	at java.lang.Thread.run(Thread.java:750)
]]></system-out>
  </testcase>
  <testcase name="testMkdirUnderFileSubdir" classname="ITestOzoneContractCreate" time="0.164">
    <system-out><![CDATA[2023-08-31 10:24:32,817 [setup] INFO  rpc.RpcClient (RpcClient.java:createVolume(461)) - Creating Volume: volume27789, with user00938 as owner and space quota set to -1 bytes, counts quota set to -1
2023-08-31 10:24:32,822 [OM StateMachine ApplyTransaction Thread - 0] INFO  volume.OMVolumeCreateRequest (OMVolumeCreateRequest.java:validateAndUpdateCache(196)) - created volume:volume27789 for user:user00938
2023-08-31 10:24:32,825 [setup] INFO  rpc.RpcClient (RpcClient.java:createBucket(688)) - Creating Bucket: volume27789/bucket21311, with bucket layout LEGACY, runner as owner, Versioning false, Storage Type set to DISK and Encryption set to false, Replication Type set to server-side default replication type, Namespace Quota set to -1, Space Quota set to -1 
2023-08-31 10:24:32,828 [OM StateMachine ApplyTransaction Thread - 0] INFO  bucket.OMBucketCreateRequest (OMBucketCreateRequest.java:validateAndUpdateCache(270)) - created bucket: bucket21311 of layout LEGACY in volume: volume27789
2023-08-31 10:24:32,880 [setup] INFO  contract.AbstractFSContractTestBase (AbstractFSContractTestBase.java:setup(194)) - Test filesystem = o3fs://bucket21311.volume27789 implemented by OzoneFileSystem{URI=o3fs://bucket21311.volume27789, workingDir=o3fs://bucket21311.volume27789/user/runner, userName=runner, statistics=2 bytes read, 534 bytes written, 20 read ops, 0 large read ops, 12 write ops}
2023-08-31 10:24:32,884 [JUnit-testMkdirUnderFileSubdir[0]] INFO  contract.AbstractFSContractTestBase (AbstractFSContractTestBase.java:describe(278)) - Verify that it is forbidden to create file/dir/dir
10:24:32.942 [OM StateMachine ApplyTransaction Thread - 0] ERROR OMAudit - user=runner | ip=127.0.0.1 | op=CREATE_DIRECTORY {volume=volume27789, bucket=bucket21311, key=test/testMkdirUnderFileSubdir[0]/parent/child, dataSize=0, replicationType=NONE, replicationFactor=ZERO} | ret=FAILURE
org.apache.hadoop.ozone.om.exceptions.OMException: Unable to create directory: test/testMkdirUnderFileSubdir[0]/parent/child in volume/bucket: volume27789/bucket21311
	at org.apache.hadoop.ozone.om.request.file.OMDirectoryCreateRequest.validateAndUpdateCache(OMDirectoryCreateRequest.java:194) ~[ozone-manager-1.4.0-SNAPSHOT.jar:?]
	at org.apache.hadoop.ozone.protocolPB.OzoneManagerRequestHandler.handleWriteRequest(OzoneManagerRequestHandler.java:375) ~[ozone-manager-1.4.0-SNAPSHOT.jar:?]
	at org.apache.hadoop.ozone.om.ratis.OzoneManagerStateMachine.runCommand(OzoneManagerStateMachine.java:568) ~[ozone-manager-1.4.0-SNAPSHOT.jar:?]
	at org.apache.hadoop.ozone.om.ratis.OzoneManagerStateMachine.lambda$1(OzoneManagerStateMachine.java:359) ~[ozone-manager-1.4.0-SNAPSHOT.jar:?]
	at java.util.concurrent.CompletableFuture$AsyncSupply.run(CompletableFuture.java:1604) [?:1.8.0_382]
	at java.util.concurrent.ThreadPoolExecutor.runWorker(ThreadPoolExecutor.java:1149) [?:1.8.0_382]
	at java.util.concurrent.ThreadPoolExecutor$Worker.run(ThreadPoolExecutor.java:624) [?:1.8.0_382]
	at java.lang.Thread.run(Thread.java:750) [?:1.8.0_382]
2023-08-31 10:24:32,942 [OM StateMachine ApplyTransaction Thread - 0] ERROR file.OMDirectoryCreateRequest (OMDirectoryCreateRequest.java:logResult(334)) - Directory creation failed. Volume:volume27789, Bucket:bucket21311, Keytest/testMkdirUnderFileSubdir[0]/parent/child. Exception:{}
FILE_ALREADY_EXISTS org.apache.hadoop.ozone.om.exceptions.OMException: Unable to create directory: test/testMkdirUnderFileSubdir[0]/parent/child in volume/bucket: volume27789/bucket21311
	at org.apache.hadoop.ozone.om.request.file.OMDirectoryCreateRequest.validateAndUpdateCache(OMDirectoryCreateRequest.java:194)
	at org.apache.hadoop.ozone.protocolPB.OzoneManagerRequestHandler.handleWriteRequest(OzoneManagerRequestHandler.java:375)
	at org.apache.hadoop.ozone.om.ratis.OzoneManagerStateMachine.runCommand(OzoneManagerStateMachine.java:568)
	at org.apache.hadoop.ozone.om.ratis.OzoneManagerStateMachine.lambda$1(OzoneManagerStateMachine.java:359)
	at java.util.concurrent.CompletableFuture$AsyncSupply.run(CompletableFuture.java:1604)
	at java.util.concurrent.ThreadPoolExecutor.runWorker(ThreadPoolExecutor.java:1149)
	at java.util.concurrent.ThreadPoolExecutor$Worker.run(ThreadPoolExecutor.java:624)
	at java.lang.Thread.run(Thread.java:750)
10:24:32.947 [OM StateMachine ApplyTransaction Thread - 0] ERROR OMAudit - user=runner | ip=127.0.0.1 | op=CREATE_DIRECTORY {volume=volume27789, bucket=bucket21311, key=test/testMkdirUnderFileSubdir[0]/parent/child, dataSize=0, replicationType=NONE, replicationFactor=ZERO} | ret=FAILURE
org.apache.hadoop.ozone.om.exceptions.OMException: Unable to create directory: test/testMkdirUnderFileSubdir[0]/parent/child in volume/bucket: volume27789/bucket21311
	at org.apache.hadoop.ozone.om.request.file.OMDirectoryCreateRequest.validateAndUpdateCache(OMDirectoryCreateRequest.java:194) ~[ozone-manager-1.4.0-SNAPSHOT.jar:?]
	at org.apache.hadoop.ozone.protocolPB.OzoneManagerRequestHandler.handleWriteRequest(OzoneManagerRequestHandler.java:375) ~[ozone-manager-1.4.0-SNAPSHOT.jar:?]
	at org.apache.hadoop.ozone.om.ratis.OzoneManagerStateMachine.runCommand(OzoneManagerStateMachine.java:568) ~[ozone-manager-1.4.0-SNAPSHOT.jar:?]
	at org.apache.hadoop.ozone.om.ratis.OzoneManagerStateMachine.lambda$1(OzoneManagerStateMachine.java:359) ~[ozone-manager-1.4.0-SNAPSHOT.jar:?]
	at java.util.concurrent.CompletableFuture$AsyncSupply.run(CompletableFuture.java:1604) [?:1.8.0_382]
	at java.util.concurrent.ThreadPoolExecutor.runWorker(ThreadPoolExecutor.java:1149) [?:1.8.0_382]
	at java.util.concurrent.ThreadPoolExecutor$Worker.run(ThreadPoolExecutor.java:624) [?:1.8.0_382]
	at java.lang.Thread.run(Thread.java:750) [?:1.8.0_382]
2023-08-31 10:24:32,948 [OM StateMachine ApplyTransaction Thread - 0] ERROR file.OMDirectoryCreateRequest (OMDirectoryCreateRequest.java:logResult(334)) - Directory creation failed. Volume:volume27789, Bucket:bucket21311, Keytest/testMkdirUnderFileSubdir[0]/parent/child. Exception:{}
FILE_ALREADY_EXISTS org.apache.hadoop.ozone.om.exceptions.OMException: Unable to create directory: test/testMkdirUnderFileSubdir[0]/parent/child in volume/bucket: volume27789/bucket21311
	at org.apache.hadoop.ozone.om.request.file.OMDirectoryCreateRequest.validateAndUpdateCache(OMDirectoryCreateRequest.java:194)
	at org.apache.hadoop.ozone.protocolPB.OzoneManagerRequestHandler.handleWriteRequest(OzoneManagerRequestHandler.java:375)
	at org.apache.hadoop.ozone.om.ratis.OzoneManagerStateMachine.runCommand(OzoneManagerStateMachine.java:568)
	at org.apache.hadoop.ozone.om.ratis.OzoneManagerStateMachine.lambda$1(OzoneManagerStateMachine.java:359)
	at java.util.concurrent.CompletableFuture$AsyncSupply.run(CompletableFuture.java:1604)
	at java.util.concurrent.ThreadPoolExecutor.runWorker(ThreadPoolExecutor.java:1149)
	at java.util.concurrent.ThreadPoolExecutor$Worker.run(ThreadPoolExecutor.java:624)
	at java.lang.Thread.run(Thread.java:750)
]]></system-out>
  </testcase>
  <testcase name="testMkdirUnderFileSubdir" classname="ITestOzoneContractCreate" time="0.488">
    <system-out><![CDATA[2023-08-31 10:24:54,552 [setup] INFO  rpc.RpcClient (RpcClient.java:createVolume(461)) - Creating Volume: volume73134, with user54743 as owner and space quota set to -1 bytes, counts quota set to -1
2023-08-31 10:24:54,554 [OM StateMachine ApplyTransaction Thread - 0] INFO  volume.OMVolumeCreateRequest (OMVolumeCreateRequest.java:validateAndUpdateCache(196)) - created volume:volume73134 for user:user54743
2023-08-31 10:24:54,558 [setup] INFO  rpc.RpcClient (RpcClient.java:createBucket(688)) - Creating Bucket: volume73134/bucket00461, with bucket layout LEGACY, runner as owner, Versioning false, Storage Type set to DISK and Encryption set to false, Replication Type set to server-side default replication type, Namespace Quota set to -1, Space Quota set to -1 
2023-08-31 10:24:54,560 [OM StateMachine ApplyTransaction Thread - 0] INFO  bucket.OMBucketCreateRequest (OMBucketCreateRequest.java:validateAndUpdateCache(270)) - created bucket: bucket00461 of layout LEGACY in volume: volume73134
2023-08-31 10:24:54,939 [JvmPauseMonitor10] WARN  util.JvmPauseMonitor (JvmPauseMonitor.java:detectPause(124)) - JvmPauseMonitor-cdef5c6f-8bd8-48a8-8760-99c7043342d4: Detected pause in JVM or host machine approximately 0.117s with 0.348s GC time.
GC pool 'PS MarkSweep' had collection(s): count=1 time=241ms
GC pool 'PS Scavenge' had collection(s): count=1 time=107ms
2023-08-31 10:24:54,941 [JvmPauseMonitor13] WARN  util.JvmPauseMonitor (JvmPauseMonitor.java:detectPause(124)) - JvmPauseMonitor-f14f4923-dfb7-4b2f-b4a8-676f2d05982b: Detected pause in JVM or host machine approximately 0.269s with 0.348s GC time.
GC pool 'PS MarkSweep' had collection(s): count=1 time=241ms
GC pool 'PS Scavenge' had collection(s): count=1 time=107ms
2023-08-31 10:24:54,941 [JvmPauseMonitor8] WARN  util.JvmPauseMonitor (JvmPauseMonitor.java:detectPause(124)) - JvmPauseMonitor-om1: Detected pause in JVM or host machine approximately 0.338s with 0.348s GC time.
GC pool 'PS MarkSweep' had collection(s): count=1 time=241ms
GC pool 'PS Scavenge' had collection(s): count=1 time=107ms
2023-08-31 10:24:54,942 [JvmPauseMonitor7] WARN  util.JvmPauseMonitor (JvmPauseMonitor.java:detectPause(124)) - JvmPauseMonitor-bf340ccf-d917-4769-b0aa-ab31493cfc77: Detected pause in JVM or host machine approximately 0.354s with 0.348s GC time.
GC pool 'PS MarkSweep' had collection(s): count=1 time=241ms
GC pool 'PS Scavenge' had collection(s): count=1 time=107ms
2023-08-31 10:24:54,942 [JvmPauseMonitor11] WARN  util.JvmPauseMonitor (JvmPauseMonitor.java:detectPause(124)) - JvmPauseMonitor-f7581748-7872-49ff-9c70-19e178dd57a8: Detected pause in JVM or host machine approximately 0.346s with 0.348s GC time.
GC pool 'PS MarkSweep' had collection(s): count=1 time=241ms
GC pool 'PS Scavenge' had collection(s): count=1 time=107ms
2023-08-31 10:24:54,950 [setup] INFO  contract.AbstractFSContractTestBase (AbstractFSContractTestBase.java:setup(194)) - Test filesystem = o3fs://bucket00461.volume73134 implemented by OzoneFileSystem{URI=o3fs://bucket00461.volume73134, workingDir=o3fs://bucket00461.volume73134/user/runner, userName=runner, statistics=21507 bytes read, 23854 bytes written, 100 read ops, 0 large read ops, 57 write ops}
2023-08-31 10:24:54,954 [JUnit-testMkdirUnderFileSubdir[1]] INFO  contract.AbstractFSContractTestBase (AbstractFSContractTestBase.java:describe(278)) - Verify that it is forbidden to create file/dir/dir
10:24:55.016 [OM StateMachine ApplyTransaction Thread - 0] ERROR OMAudit - user=runner | ip=127.0.0.1 | op=CREATE_DIRECTORY {volume=volume73134, bucket=bucket00461, key=test/testMkdirUnderFileSubdir[1]/parent/child, dataSize=0, replicationType=NONE, replicationFactor=ZERO} | ret=FAILURE
org.apache.hadoop.ozone.om.exceptions.OMException: Unable to create directory: test/testMkdirUnderFileSubdir[1]/parent/child in volume/bucket: volume73134/bucket00461
	at org.apache.hadoop.ozone.om.request.file.OMDirectoryCreateRequest.validateAndUpdateCache(OMDirectoryCreateRequest.java:194) ~[ozone-manager-1.4.0-SNAPSHOT.jar:?]
	at org.apache.hadoop.ozone.protocolPB.OzoneManagerRequestHandler.handleWriteRequest(OzoneManagerRequestHandler.java:375) ~[ozone-manager-1.4.0-SNAPSHOT.jar:?]
	at org.apache.hadoop.ozone.om.ratis.OzoneManagerStateMachine.runCommand(OzoneManagerStateMachine.java:568) ~[ozone-manager-1.4.0-SNAPSHOT.jar:?]
	at org.apache.hadoop.ozone.om.ratis.OzoneManagerStateMachine.lambda$1(OzoneManagerStateMachine.java:359) ~[ozone-manager-1.4.0-SNAPSHOT.jar:?]
	at java.util.concurrent.CompletableFuture$AsyncSupply.run(CompletableFuture.java:1604) [?:1.8.0_382]
	at java.util.concurrent.ThreadPoolExecutor.runWorker(ThreadPoolExecutor.java:1149) [?:1.8.0_382]
	at java.util.concurrent.ThreadPoolExecutor$Worker.run(ThreadPoolExecutor.java:624) [?:1.8.0_382]
	at java.lang.Thread.run(Thread.java:750) [?:1.8.0_382]
2023-08-31 10:24:55,016 [OM StateMachine ApplyTransaction Thread - 0] ERROR file.OMDirectoryCreateRequest (OMDirectoryCreateRequest.java:logResult(334)) - Directory creation failed. Volume:volume73134, Bucket:bucket00461, Keytest/testMkdirUnderFileSubdir[1]/parent/child. Exception:{}
FILE_ALREADY_EXISTS org.apache.hadoop.ozone.om.exceptions.OMException: Unable to create directory: test/testMkdirUnderFileSubdir[1]/parent/child in volume/bucket: volume73134/bucket00461
	at org.apache.hadoop.ozone.om.request.file.OMDirectoryCreateRequest.validateAndUpdateCache(OMDirectoryCreateRequest.java:194)
	at org.apache.hadoop.ozone.protocolPB.OzoneManagerRequestHandler.handleWriteRequest(OzoneManagerRequestHandler.java:375)
	at org.apache.hadoop.ozone.om.ratis.OzoneManagerStateMachine.runCommand(OzoneManagerStateMachine.java:568)
	at org.apache.hadoop.ozone.om.ratis.OzoneManagerStateMachine.lambda$1(OzoneManagerStateMachine.java:359)
	at java.util.concurrent.CompletableFuture$AsyncSupply.run(CompletableFuture.java:1604)
	at java.util.concurrent.ThreadPoolExecutor.runWorker(ThreadPoolExecutor.java:1149)
	at java.util.concurrent.ThreadPoolExecutor$Worker.run(ThreadPoolExecutor.java:624)
	at java.lang.Thread.run(Thread.java:750)
10:24:55.019 [OM StateMachine ApplyTransaction Thread - 0] ERROR OMAudit - user=runner | ip=127.0.0.1 | op=CREATE_DIRECTORY {volume=volume73134, bucket=bucket00461, key=test/testMkdirUnderFileSubdir[1]/parent/child, dataSize=0, replicationType=NONE, replicationFactor=ZERO} | ret=FAILURE
org.apache.hadoop.ozone.om.exceptions.OMException: Unable to create directory: test/testMkdirUnderFileSubdir[1]/parent/child in volume/bucket: volume73134/bucket00461
	at org.apache.hadoop.ozone.om.request.file.OMDirectoryCreateRequest.validateAndUpdateCache(OMDirectoryCreateRequest.java:194) ~[ozone-manager-1.4.0-SNAPSHOT.jar:?]
	at org.apache.hadoop.ozone.protocolPB.OzoneManagerRequestHandler.handleWriteRequest(OzoneManagerRequestHandler.java:375) ~[ozone-manager-1.4.0-SNAPSHOT.jar:?]
	at org.apache.hadoop.ozone.om.ratis.OzoneManagerStateMachine.runCommand(OzoneManagerStateMachine.java:568) ~[ozone-manager-1.4.0-SNAPSHOT.jar:?]
	at org.apache.hadoop.ozone.om.ratis.OzoneManagerStateMachine.lambda$1(OzoneManagerStateMachine.java:359) ~[ozone-manager-1.4.0-SNAPSHOT.jar:?]
	at java.util.concurrent.CompletableFuture$AsyncSupply.run(CompletableFuture.java:1604) [?:1.8.0_382]
	at java.util.concurrent.ThreadPoolExecutor.runWorker(ThreadPoolExecutor.java:1149) [?:1.8.0_382]
	at java.util.concurrent.ThreadPoolExecutor$Worker.run(ThreadPoolExecutor.java:624) [?:1.8.0_382]
	at java.lang.Thread.run(Thread.java:750) [?:1.8.0_382]
2023-08-31 10:24:55,020 [OM StateMachine ApplyTransaction Thread - 0] ERROR file.OMDirectoryCreateRequest (OMDirectoryCreateRequest.java:logResult(334)) - Directory creation failed. Volume:volume73134, Bucket:bucket00461, Keytest/testMkdirUnderFileSubdir[1]/parent/child. Exception:{}
FILE_ALREADY_EXISTS org.apache.hadoop.ozone.om.exceptions.OMException: Unable to create directory: test/testMkdirUnderFileSubdir[1]/parent/child in volume/bucket: volume73134/bucket00461
	at org.apache.hadoop.ozone.om.request.file.OMDirectoryCreateRequest.validateAndUpdateCache(OMDirectoryCreateRequest.java:194)
	at org.apache.hadoop.ozone.protocolPB.OzoneManagerRequestHandler.handleWriteRequest(OzoneManagerRequestHandler.java:375)
	at org.apache.hadoop.ozone.om.ratis.OzoneManagerStateMachine.runCommand(OzoneManagerStateMachine.java:568)
	at org.apache.hadoop.ozone.om.ratis.OzoneManagerStateMachine.lambda$1(OzoneManagerStateMachine.java:359)
	at java.util.concurrent.CompletableFuture$AsyncSupply.run(CompletableFuture.java:1604)
	at java.util.concurrent.ThreadPoolExecutor.runWorker(ThreadPoolExecutor.java:1149)
	at java.util.concurrent.ThreadPoolExecutor$Worker.run(ThreadPoolExecutor.java:624)
	at java.lang.Thread.run(Thread.java:750)
]]></system-out>
  </testcase>
  <testcase name="testCreateMakesParentDirs" classname="ITestOzoneContractCreate" time="0.112">
    <system-out><![CDATA[2023-08-31 10:24:32,975 [setup] INFO  rpc.RpcClient (RpcClient.java:createVolume(461)) - Creating Volume: volume87750, with user93490 as owner and space quota set to -1 bytes, counts quota set to -1
2023-08-31 10:24:32,978 [OM StateMachine ApplyTransaction Thread - 0] INFO  volume.OMVolumeCreateRequest (OMVolumeCreateRequest.java:validateAndUpdateCache(196)) - created volume:volume87750 for user:user93490
2023-08-31 10:24:32,981 [setup] INFO  rpc.RpcClient (RpcClient.java:createBucket(688)) - Creating Bucket: volume87750/bucket12499, with bucket layout LEGACY, runner as owner, Versioning false, Storage Type set to DISK and Encryption set to false, Replication Type set to server-side default replication type, Namespace Quota set to -1, Space Quota set to -1 
2023-08-31 10:24:32,984 [OM StateMachine ApplyTransaction Thread - 0] INFO  bucket.OMBucketCreateRequest (OMBucketCreateRequest.java:validateAndUpdateCache(270)) - created bucket: bucket12499 of layout LEGACY in volume: volume87750
2023-08-31 10:24:33,027 [setup] INFO  contract.AbstractFSContractTestBase (AbstractFSContractTestBase.java:setup(194)) - Test filesystem = o3fs://bucket12499.volume87750 implemented by OzoneFileSystem{URI=o3fs://bucket12499.volume87750, workingDir=o3fs://bucket12499.volume87750/user/runner, userName=runner, statistics=2 bytes read, 790 bytes written, 23 read ops, 0 large read ops, 14 write ops}
2023-08-31 10:24:33,032 [JUnit-testCreateMakesParentDirs[0]] INFO  contract.AbstractFSContractTestBase (AbstractFSContractTestBase.java:describe(278)) - check that after creating a file its parent directories exist
]]></system-out>
  </testcase>
  <testcase name="testCreateMakesParentDirs" classname="ITestOzoneContractCreate" time="0.108">
    <system-out><![CDATA[2023-08-31 10:24:55,055 [setup] INFO  rpc.RpcClient (RpcClient.java:createVolume(461)) - Creating Volume: volume65616, with user18383 as owner and space quota set to -1 bytes, counts quota set to -1
2023-08-31 10:24:55,057 [OM StateMachine ApplyTransaction Thread - 0] INFO  volume.OMVolumeCreateRequest (OMVolumeCreateRequest.java:validateAndUpdateCache(196)) - created volume:volume65616 for user:user18383
2023-08-31 10:24:55,059 [setup] INFO  rpc.RpcClient (RpcClient.java:createBucket(688)) - Creating Bucket: volume65616/bucket43887, with bucket layout LEGACY, runner as owner, Versioning false, Storage Type set to DISK and Encryption set to false, Replication Type set to server-side default replication type, Namespace Quota set to -1, Space Quota set to -1 
2023-08-31 10:24:55,062 [OM StateMachine ApplyTransaction Thread - 0] INFO  bucket.OMBucketCreateRequest (OMBucketCreateRequest.java:validateAndUpdateCache(270)) - created bucket: bucket43887 of layout LEGACY in volume: volume65616
2023-08-31 10:24:55,109 [setup] INFO  contract.AbstractFSContractTestBase (AbstractFSContractTestBase.java:setup(194)) - Test filesystem = o3fs://bucket43887.volume65616 implemented by OzoneFileSystem{URI=o3fs://bucket43887.volume65616, workingDir=o3fs://bucket43887.volume65616/user/runner, userName=runner, statistics=21507 bytes read, 24110 bytes written, 103 read ops, 0 large read ops, 59 write ops}
2023-08-31 10:24:55,112 [JUnit-testCreateMakesParentDirs[1]] INFO  contract.AbstractFSContractTestBase (AbstractFSContractTestBase.java:describe(278)) - check that after creating a file its parent directories exist
]]></system-out>
  </testcase>
  <testcase name="testFileStatusBlocksizeEmptyFile" classname="ITestOzoneContractCreate" time="0.142">
    <system-out><![CDATA[2023-08-31 10:24:33,093 [setup] INFO  rpc.RpcClient (RpcClient.java:createVolume(461)) - Creating Volume: volume59475, with user30788 as owner and space quota set to -1 bytes, counts quota set to -1
2023-08-31 10:24:33,097 [OM StateMachine ApplyTransaction Thread - 0] INFO  volume.OMVolumeCreateRequest (OMVolumeCreateRequest.java:validateAndUpdateCache(196)) - created volume:volume59475 for user:user30788
2023-08-31 10:24:33,100 [setup] INFO  rpc.RpcClient (RpcClient.java:createBucket(688)) - Creating Bucket: volume59475/bucket56822, with bucket layout LEGACY, runner as owner, Versioning false, Storage Type set to DISK and Encryption set to false, Replication Type set to server-side default replication type, Namespace Quota set to -1, Space Quota set to -1 
2023-08-31 10:24:33,102 [OM StateMachine ApplyTransaction Thread - 0] INFO  bucket.OMBucketCreateRequest (OMBucketCreateRequest.java:validateAndUpdateCache(270)) - created bucket: bucket56822 of layout LEGACY in volume: volume59475
2023-08-31 10:24:33,187 [setup] INFO  contract.AbstractFSContractTestBase (AbstractFSContractTestBase.java:setup(194)) - Test filesystem = o3fs://bucket56822.volume59475 implemented by OzoneFileSystem{URI=o3fs://bucket56822.volume59475, workingDir=o3fs://bucket56822.volume59475/user/runner, userName=runner, statistics=2 bytes read, 790 bytes written, 29 read ops, 0 large read ops, 16 write ops}
2023-08-31 10:24:33,192 [JUnit-testFileStatusBlocksizeEmptyFile[0]] INFO  contract.AbstractFSContractTestBase (AbstractFSContractTestBase.java:describe(278)) - check that an empty file may return a 0-byte blocksize
]]></system-out>
  </testcase>
  <testcase name="testFileStatusBlocksizeEmptyFile" classname="ITestOzoneContractCreate" time="0.095">
    <system-out><![CDATA[2023-08-31 10:24:55,155 [setup] INFO  rpc.RpcClient (RpcClient.java:createVolume(461)) - Creating Volume: volume28968, with user41268 as owner and space quota set to -1 bytes, counts quota set to -1
2023-08-31 10:24:55,157 [OM StateMachine ApplyTransaction Thread - 0] INFO  volume.OMVolumeCreateRequest (OMVolumeCreateRequest.java:validateAndUpdateCache(196)) - created volume:volume28968 for user:user41268
2023-08-31 10:24:55,159 [setup] INFO  rpc.RpcClient (RpcClient.java:createBucket(688)) - Creating Bucket: volume28968/bucket36724, with bucket layout LEGACY, runner as owner, Versioning false, Storage Type set to DISK and Encryption set to false, Replication Type set to server-side default replication type, Namespace Quota set to -1, Space Quota set to -1 
2023-08-31 10:24:55,162 [OM StateMachine ApplyTransaction Thread - 0] INFO  bucket.OMBucketCreateRequest (OMBucketCreateRequest.java:validateAndUpdateCache(270)) - created bucket: bucket36724 of layout LEGACY in volume: volume28968
2023-08-31 10:24:55,206 [setup] INFO  contract.AbstractFSContractTestBase (AbstractFSContractTestBase.java:setup(194)) - Test filesystem = o3fs://bucket36724.volume28968 implemented by OzoneFileSystem{URI=o3fs://bucket36724.volume28968, workingDir=o3fs://bucket36724.volume28968/user/runner, userName=runner, statistics=21507 bytes read, 24110 bytes written, 109 read ops, 0 large read ops, 61 write ops}
2023-08-31 10:24:55,212 [JUnit-testFileStatusBlocksizeEmptyFile[1]] INFO  contract.AbstractFSContractTestBase (AbstractFSContractTestBase.java:describe(278)) - check that an empty file may return a 0-byte blocksize
]]></system-out>
  </testcase>
  <testcase name="testCreatedFileIsImmediatelyVisible" classname="ITestOzoneContractCreate" time="0">
    <skipped type="org.junit.AssumptionViolatedException"><![CDATA[org.junit.AssumptionViolatedException: This Filesystem delays visibility of newly created files
	at org.apache.hadoop.fs.contract.ContractTestUtils.skip(ContractTestUtils.java:538)
	at org.apache.hadoop.fs.contract.AbstractContractCreateTest.testCreatedFileIsImmediatelyVisible(AbstractContractCreateTest.java:227)
	at sun.reflect.NativeMethodAccessorImpl.invoke0(Native Method)
	at sun.reflect.NativeMethodAccessorImpl.invoke(NativeMethodAccessorImpl.java:62)
	at sun.reflect.DelegatingMethodAccessorImpl.invoke(DelegatingMethodAccessorImpl.java:43)
	at java.lang.reflect.Method.invoke(Method.java:498)
	at org.junit.runners.model.FrameworkMethod$1.runReflectiveCall(FrameworkMethod.java:59)
	at org.junit.internal.runners.model.ReflectiveCallable.run(ReflectiveCallable.java:12)
	at org.junit.runners.model.FrameworkMethod.invokeExplosively(FrameworkMethod.java:56)
	at org.junit.internal.runners.statements.InvokeMethod.evaluate(InvokeMethod.java:17)
	at org.junit.internal.runners.statements.RunBefores.evaluate(RunBefores.java:26)
	at org.junit.internal.runners.statements.RunAfters.evaluate(RunAfters.java:27)
	at org.junit.rules.TestWatcher$1.evaluate(TestWatcher.java:61)
	at org.junit.internal.runners.statements.FailOnTimeout$CallableStatement.call(FailOnTimeout.java:288)
	at org.junit.internal.runners.statements.FailOnTimeout$CallableStatement.call(FailOnTimeout.java:282)
	at java.util.concurrent.FutureTask.run(FutureTask.java:266)
	at java.lang.Thread.run(Thread.java:750)
]]></skipped>
    <system-out><![CDATA[2023-08-31 10:24:33,230 [setup] INFO  rpc.RpcClient (RpcClient.java:createVolume(461)) - Creating Volume: volume04312, with user38356 as owner and space quota set to -1 bytes, counts quota set to -1
2023-08-31 10:24:33,237 [OM StateMachine ApplyTransaction Thread - 0] INFO  volume.OMVolumeCreateRequest (OMVolumeCreateRequest.java:validateAndUpdateCache(196)) - created volume:volume04312 for user:user38356
2023-08-31 10:24:33,239 [setup] INFO  rpc.RpcClient (RpcClient.java:createBucket(688)) - Creating Bucket: volume04312/bucket25828, with bucket layout LEGACY, runner as owner, Versioning false, Storage Type set to DISK and Encryption set to false, Replication Type set to server-side default replication type, Namespace Quota set to -1, Space Quota set to -1 
2023-08-31 10:24:33,241 [OM StateMachine ApplyTransaction Thread - 0] INFO  bucket.OMBucketCreateRequest (OMBucketCreateRequest.java:validateAndUpdateCache(270)) - created bucket: bucket25828 of layout LEGACY in volume: volume04312
2023-08-31 10:24:33,288 [setup] INFO  contract.AbstractFSContractTestBase (AbstractFSContractTestBase.java:setup(194)) - Test filesystem = o3fs://bucket25828.volume04312 implemented by OzoneFileSystem{URI=o3fs://bucket25828.volume04312, workingDir=o3fs://bucket25828.volume04312/user/runner, userName=runner, statistics=2 bytes read, 790 bytes written, 32 read ops, 0 large read ops, 18 write ops}
2023-08-31 10:24:33,299 [JUnit-testCreatedFileIsImmediatelyVisible[0]] INFO  contract.AbstractFSContractTestBase (AbstractFSContractTestBase.java:describe(278)) - verify that a newly created file exists as soon as open returns
10:24:33.309 [IPC Server handler 9 on default port 15004] ERROR OMAudit - user=runner | ip=127.0.0.1 | op=GET_FILE_STATUS {volume=volume04312, bucket=bucket25828, key=test/testCreatedFileIsImmediatelyVisible, dataSize=0, replicationConfig=null} | ret=FAILURE
org.apache.hadoop.ozone.om.exceptions.OMException: Unable to get file status: volume: volume04312 bucket: bucket25828 key: test/testCreatedFileIsImmediatelyVisible
	at org.apache.hadoop.ozone.om.KeyManagerImpl.getOzoneFileStatus(KeyManagerImpl.java:1195) ~[ozone-manager-1.4.0-SNAPSHOT.jar:?]
	at org.apache.hadoop.ozone.om.KeyManagerImpl.getFileStatus(KeyManagerImpl.java:1113) ~[ozone-manager-1.4.0-SNAPSHOT.jar:?]
	at org.apache.hadoop.ozone.om.OmMetadataReader.getFileStatus(OmMetadataReader.java:262) ~[ozone-manager-1.4.0-SNAPSHOT.jar:?]
	at org.apache.hadoop.ozone.om.OzoneManager.getFileStatus(OzoneManager.java:3530) ~[ozone-manager-1.4.0-SNAPSHOT.jar:?]
	at org.apache.hadoop.ozone.protocolPB.OzoneManagerRequestHandler.getOzoneFileStatus(OzoneManagerRequestHandler.java:973) ~[ozone-manager-1.4.0-SNAPSHOT.jar:?]
	at org.apache.hadoop.ozone.protocolPB.OzoneManagerRequestHandler.handleReadRequest(OzoneManagerRequestHandler.java:252) ~[ozone-manager-1.4.0-SNAPSHOT.jar:?]
	at org.apache.hadoop.ozone.protocolPB.OzoneManagerProtocolServerSideTranslatorPB.submitReadRequestToOM(OzoneManagerProtocolServerSideTranslatorPB.java:225) ~[ozone-manager-1.4.0-SNAPSHOT.jar:?]
	at org.apache.hadoop.ozone.protocolPB.OzoneManagerProtocolServerSideTranslatorPB.processRequest(OzoneManagerProtocolServerSideTranslatorPB.java:179) ~[ozone-manager-1.4.0-SNAPSHOT.jar:?]
	at org.apache.hadoop.hdds.server.OzoneProtocolMessageDispatcher.processRequest(OzoneProtocolMessageDispatcher.java:87) [hdds-server-framework-1.4.0-SNAPSHOT.jar:?]
	at org.apache.hadoop.ozone.protocolPB.OzoneManagerProtocolServerSideTranslatorPB.submitRequest(OzoneManagerProtocolServerSideTranslatorPB.java:148) [ozone-manager-1.4.0-SNAPSHOT.jar:?]
	at org.apache.hadoop.ozone.protocol.proto.OzoneManagerProtocolProtos$OzoneManagerService$2.callBlockingMethod(OzoneManagerProtocolProtos.java) [ozone-interface-client-1.4.0-SNAPSHOT.jar:?]
	at org.apache.hadoop.ipc.ProtobufRpcEngine$Server.processCall(ProtobufRpcEngine.java:484) [hadoop-common-3.3.6.jar:?]
	at org.apache.hadoop.ipc.ProtobufRpcEngine2$Server$ProtoBufRpcInvoker.call(ProtobufRpcEngine2.java:595) [hadoop-common-3.3.6.jar:?]
	at org.apache.hadoop.ipc.ProtobufRpcEngine2$Server$ProtoBufRpcInvoker.call(ProtobufRpcEngine2.java:573) [hadoop-common-3.3.6.jar:?]
	at org.apache.hadoop.ipc.RPC$Server.call(RPC.java:1227) [hadoop-common-3.3.6.jar:?]
	at org.apache.hadoop.ipc.Server$RpcCall.run(Server.java:1094) [hadoop-common-3.3.6.jar:?]
	at org.apache.hadoop.ipc.Server$RpcCall.run(Server.java:1017) [hadoop-common-3.3.6.jar:?]
	at java.security.AccessController.doPrivileged(Native Method) ~[?:1.8.0_382]
	at javax.security.auth.Subject.doAs(Subject.java:422) [?:1.8.0_382]
	at org.apache.hadoop.security.UserGroupInformation.doAs(UserGroupInformation.java:1899) [hadoop-common-3.3.6.jar:?]
	at org.apache.hadoop.ipc.Server$Handler.run(Server.java:3048) [hadoop-common-3.3.6.jar:?]
2023-08-31 10:24:33,310 [JUnit-testCreatedFileIsImmediatelyVisible[0]] INFO  contract.ContractTestUtils (ContractTestUtils.java:skip(537)) - Skipping: This Filesystem delays visibility of newly created files
]]></system-out>
  </testcase>
  <testcase name="testCreatedFileIsImmediatelyVisible" classname="ITestOzoneContractCreate" time="0">
    <skipped type="org.junit.AssumptionViolatedException"><![CDATA[org.junit.AssumptionViolatedException: This Filesystem delays visibility of newly created files
	at org.apache.hadoop.fs.contract.ContractTestUtils.skip(ContractTestUtils.java:538)
	at org.apache.hadoop.fs.contract.AbstractContractCreateTest.testCreatedFileIsImmediatelyVisible(AbstractContractCreateTest.java:227)
	at sun.reflect.NativeMethodAccessorImpl.invoke0(Native Method)
	at sun.reflect.NativeMethodAccessorImpl.invoke(NativeMethodAccessorImpl.java:62)
	at sun.reflect.DelegatingMethodAccessorImpl.invoke(DelegatingMethodAccessorImpl.java:43)
	at java.lang.reflect.Method.invoke(Method.java:498)
	at org.junit.runners.model.FrameworkMethod$1.runReflectiveCall(FrameworkMethod.java:59)
	at org.junit.internal.runners.model.ReflectiveCallable.run(ReflectiveCallable.java:12)
	at org.junit.runners.model.FrameworkMethod.invokeExplosively(FrameworkMethod.java:56)
	at org.junit.internal.runners.statements.InvokeMethod.evaluate(InvokeMethod.java:17)
	at org.junit.internal.runners.statements.RunBefores.evaluate(RunBefores.java:26)
	at org.junit.internal.runners.statements.RunAfters.evaluate(RunAfters.java:27)
	at org.junit.rules.TestWatcher$1.evaluate(TestWatcher.java:61)
	at org.junit.internal.runners.statements.FailOnTimeout$CallableStatement.call(FailOnTimeout.java:288)
	at org.junit.internal.runners.statements.FailOnTimeout$CallableStatement.call(FailOnTimeout.java:282)
	at java.util.concurrent.FutureTask.run(FutureTask.java:266)
	at java.lang.Thread.run(Thread.java:750)
]]></skipped>
    <system-out><![CDATA[2023-08-31 10:24:55,247 [setup] INFO  rpc.RpcClient (RpcClient.java:createVolume(461)) - Creating Volume: volume31911, with user50419 as owner and space quota set to -1 bytes, counts quota set to -1
2023-08-31 10:24:55,249 [OM StateMachine ApplyTransaction Thread - 0] INFO  volume.OMVolumeCreateRequest (OMVolumeCreateRequest.java:validateAndUpdateCache(196)) - created volume:volume31911 for user:user50419
2023-08-31 10:24:55,251 [setup] INFO  rpc.RpcClient (RpcClient.java:createBucket(688)) - Creating Bucket: volume31911/bucket25214, with bucket layout LEGACY, runner as owner, Versioning false, Storage Type set to DISK and Encryption set to false, Replication Type set to server-side default replication type, Namespace Quota set to -1, Space Quota set to -1 
2023-08-31 10:24:55,253 [OM StateMachine ApplyTransaction Thread - 0] INFO  bucket.OMBucketCreateRequest (OMBucketCreateRequest.java:validateAndUpdateCache(270)) - created bucket: bucket25214 of layout LEGACY in volume: volume31911
2023-08-31 10:24:55,294 [setup] INFO  contract.AbstractFSContractTestBase (AbstractFSContractTestBase.java:setup(194)) - Test filesystem = o3fs://bucket25214.volume31911 implemented by OzoneFileSystem{URI=o3fs://bucket25214.volume31911, workingDir=o3fs://bucket25214.volume31911/user/runner, userName=runner, statistics=21507 bytes read, 24110 bytes written, 112 read ops, 0 large read ops, 63 write ops}
2023-08-31 10:24:55,299 [JUnit-testCreatedFileIsImmediatelyVisible[1]] INFO  contract.AbstractFSContractTestBase (AbstractFSContractTestBase.java:describe(278)) - verify that a newly created file exists as soon as open returns
10:24:55.306 [IPC Server handler 4 on default port 15057] ERROR OMAudit - user=runner | ip=127.0.0.1 | op=GET_FILE_STATUS {volume=volume31911, bucket=bucket25214, key=test/testCreatedFileIsImmediatelyVisible, dataSize=0, replicationConfig=null} | ret=FAILURE
org.apache.hadoop.ozone.om.exceptions.OMException: Unable to get file status: volume: volume31911 bucket: bucket25214 key: test/testCreatedFileIsImmediatelyVisible
	at org.apache.hadoop.ozone.om.KeyManagerImpl.getOzoneFileStatus(KeyManagerImpl.java:1195) ~[ozone-manager-1.4.0-SNAPSHOT.jar:?]
	at org.apache.hadoop.ozone.om.KeyManagerImpl.getFileStatus(KeyManagerImpl.java:1113) ~[ozone-manager-1.4.0-SNAPSHOT.jar:?]
	at org.apache.hadoop.ozone.om.OmMetadataReader.getFileStatus(OmMetadataReader.java:262) ~[ozone-manager-1.4.0-SNAPSHOT.jar:?]
	at org.apache.hadoop.ozone.om.OzoneManager.getFileStatus(OzoneManager.java:3530) ~[ozone-manager-1.4.0-SNAPSHOT.jar:?]
	at org.apache.hadoop.ozone.protocolPB.OzoneManagerRequestHandler.getOzoneFileStatus(OzoneManagerRequestHandler.java:973) ~[ozone-manager-1.4.0-SNAPSHOT.jar:?]
	at org.apache.hadoop.ozone.protocolPB.OzoneManagerRequestHandler.handleReadRequest(OzoneManagerRequestHandler.java:252) ~[ozone-manager-1.4.0-SNAPSHOT.jar:?]
	at org.apache.hadoop.ozone.protocolPB.OzoneManagerProtocolServerSideTranslatorPB.submitReadRequestToOM(OzoneManagerProtocolServerSideTranslatorPB.java:225) ~[ozone-manager-1.4.0-SNAPSHOT.jar:?]
	at org.apache.hadoop.ozone.protocolPB.OzoneManagerProtocolServerSideTranslatorPB.processRequest(OzoneManagerProtocolServerSideTranslatorPB.java:179) ~[ozone-manager-1.4.0-SNAPSHOT.jar:?]
	at org.apache.hadoop.hdds.server.OzoneProtocolMessageDispatcher.processRequest(OzoneProtocolMessageDispatcher.java:87) [hdds-server-framework-1.4.0-SNAPSHOT.jar:?]
	at org.apache.hadoop.ozone.protocolPB.OzoneManagerProtocolServerSideTranslatorPB.submitRequest(OzoneManagerProtocolServerSideTranslatorPB.java:148) [ozone-manager-1.4.0-SNAPSHOT.jar:?]
	at org.apache.hadoop.ozone.protocol.proto.OzoneManagerProtocolProtos$OzoneManagerService$2.callBlockingMethod(OzoneManagerProtocolProtos.java) [ozone-interface-client-1.4.0-SNAPSHOT.jar:?]
	at org.apache.hadoop.ipc.ProtobufRpcEngine$Server.processCall(ProtobufRpcEngine.java:484) [hadoop-common-3.3.6.jar:?]
	at org.apache.hadoop.ipc.ProtobufRpcEngine2$Server$ProtoBufRpcInvoker.call(ProtobufRpcEngine2.java:595) [hadoop-common-3.3.6.jar:?]
	at org.apache.hadoop.ipc.ProtobufRpcEngine2$Server$ProtoBufRpcInvoker.call(ProtobufRpcEngine2.java:573) [hadoop-common-3.3.6.jar:?]
	at org.apache.hadoop.ipc.RPC$Server.call(RPC.java:1227) [hadoop-common-3.3.6.jar:?]
	at org.apache.hadoop.ipc.Server$RpcCall.run(Server.java:1094) [hadoop-common-3.3.6.jar:?]
	at org.apache.hadoop.ipc.Server$RpcCall.run(Server.java:1017) [hadoop-common-3.3.6.jar:?]
	at java.security.AccessController.doPrivileged(Native Method) ~[?:1.8.0_382]
	at javax.security.auth.Subject.doAs(Subject.java:422) [?:1.8.0_382]
	at org.apache.hadoop.security.UserGroupInformation.doAs(UserGroupInformation.java:1899) [hadoop-common-3.3.6.jar:?]
	at org.apache.hadoop.ipc.Server$Handler.run(Server.java:3048) [hadoop-common-3.3.6.jar:?]
2023-08-31 10:24:55,307 [JUnit-testCreatedFileIsImmediatelyVisible[1]] INFO  contract.ContractTestUtils (ContractTestUtils.java:skip(537)) - Skipping: This Filesystem delays visibility of newly created files
]]></system-out>
  </testcase>
  <testcase name="testCreatedFileIsVisibleOnFlush" classname="ITestOzoneContractCreate" time="0">
    <skipped type="org.junit.AssumptionViolatedException"><![CDATA[org.junit.AssumptionViolatedException: For object store or some file systems, newly created files are not immediately visible
	at org.apache.hadoop.fs.contract.ContractTestUtils.skip(ContractTestUtils.java:538)
	at org.apache.hadoop.fs.contract.AbstractContractCreateTest.testCreatedFileIsVisibleOnFlush(AbstractContractCreateTest.java:253)
	at sun.reflect.NativeMethodAccessorImpl.invoke0(Native Method)
	at sun.reflect.NativeMethodAccessorImpl.invoke(NativeMethodAccessorImpl.java:62)
	at sun.reflect.DelegatingMethodAccessorImpl.invoke(DelegatingMethodAccessorImpl.java:43)
	at java.lang.reflect.Method.invoke(Method.java:498)
	at org.junit.runners.model.FrameworkMethod$1.runReflectiveCall(FrameworkMethod.java:59)
	at org.junit.internal.runners.model.ReflectiveCallable.run(ReflectiveCallable.java:12)
	at org.junit.runners.model.FrameworkMethod.invokeExplosively(FrameworkMethod.java:56)
	at org.junit.internal.runners.statements.InvokeMethod.evaluate(InvokeMethod.java:17)
	at org.junit.internal.runners.statements.RunBefores.evaluate(RunBefores.java:26)
	at org.junit.internal.runners.statements.RunAfters.evaluate(RunAfters.java:27)
	at org.junit.rules.TestWatcher$1.evaluate(TestWatcher.java:61)
	at org.junit.internal.runners.statements.FailOnTimeout$CallableStatement.call(FailOnTimeout.java:288)
	at org.junit.internal.runners.statements.FailOnTimeout$CallableStatement.call(FailOnTimeout.java:282)
	at java.util.concurrent.FutureTask.run(FutureTask.java:266)
	at java.lang.Thread.run(Thread.java:750)
]]></skipped>
    <system-out><![CDATA[2023-08-31 10:24:33,362 [setup] INFO  rpc.RpcClient (RpcClient.java:createVolume(461)) - Creating Volume: volume30350, with user19475 as owner and space quota set to -1 bytes, counts quota set to -1
2023-08-31 10:24:33,368 [OM StateMachine ApplyTransaction Thread - 0] INFO  volume.OMVolumeCreateRequest (OMVolumeCreateRequest.java:validateAndUpdateCache(196)) - created volume:volume30350 for user:user19475
2023-08-31 10:24:33,371 [setup] INFO  rpc.RpcClient (RpcClient.java:createBucket(688)) - Creating Bucket: volume30350/bucket36948, with bucket layout LEGACY, runner as owner, Versioning false, Storage Type set to DISK and Encryption set to false, Replication Type set to server-side default replication type, Namespace Quota set to -1, Space Quota set to -1 
2023-08-31 10:24:33,373 [OM StateMachine ApplyTransaction Thread - 0] INFO  bucket.OMBucketCreateRequest (OMBucketCreateRequest.java:validateAndUpdateCache(270)) - created bucket: bucket36948 of layout LEGACY in volume: volume30350
2023-08-31 10:24:33,420 [setup] INFO  contract.AbstractFSContractTestBase (AbstractFSContractTestBase.java:setup(194)) - Test filesystem = o3fs://bucket36948.volume30350 implemented by OzoneFileSystem{URI=o3fs://bucket36948.volume30350, workingDir=o3fs://bucket36948.volume30350/user/runner, userName=runner, statistics=2 bytes read, 790 bytes written, 35 read ops, 0 large read ops, 20 write ops}
2023-08-31 10:24:33,425 [JUnit-testCreatedFileIsVisibleOnFlush[0]] INFO  contract.AbstractFSContractTestBase (AbstractFSContractTestBase.java:describe(278)) - verify that a newly created file exists once a flush has taken place
10:24:33.436 [IPC Server handler 5 on default port 15004] ERROR OMAudit - user=runner | ip=127.0.0.1 | op=GET_FILE_STATUS {volume=volume30350, bucket=bucket36948, key=test/testCreatedFileIsVisibleOnFlush, dataSize=0, replicationConfig=null} | ret=FAILURE
org.apache.hadoop.ozone.om.exceptions.OMException: Unable to get file status: volume: volume30350 bucket: bucket36948 key: test/testCreatedFileIsVisibleOnFlush
	at org.apache.hadoop.ozone.om.KeyManagerImpl.getOzoneFileStatus(KeyManagerImpl.java:1195) ~[ozone-manager-1.4.0-SNAPSHOT.jar:?]
	at org.apache.hadoop.ozone.om.KeyManagerImpl.getFileStatus(KeyManagerImpl.java:1113) ~[ozone-manager-1.4.0-SNAPSHOT.jar:?]
	at org.apache.hadoop.ozone.om.OmMetadataReader.getFileStatus(OmMetadataReader.java:262) ~[ozone-manager-1.4.0-SNAPSHOT.jar:?]
	at org.apache.hadoop.ozone.om.OzoneManager.getFileStatus(OzoneManager.java:3530) ~[ozone-manager-1.4.0-SNAPSHOT.jar:?]
	at org.apache.hadoop.ozone.protocolPB.OzoneManagerRequestHandler.getOzoneFileStatus(OzoneManagerRequestHandler.java:973) ~[ozone-manager-1.4.0-SNAPSHOT.jar:?]
	at org.apache.hadoop.ozone.protocolPB.OzoneManagerRequestHandler.handleReadRequest(OzoneManagerRequestHandler.java:252) ~[ozone-manager-1.4.0-SNAPSHOT.jar:?]
	at org.apache.hadoop.ozone.protocolPB.OzoneManagerProtocolServerSideTranslatorPB.submitReadRequestToOM(OzoneManagerProtocolServerSideTranslatorPB.java:225) ~[ozone-manager-1.4.0-SNAPSHOT.jar:?]
	at org.apache.hadoop.ozone.protocolPB.OzoneManagerProtocolServerSideTranslatorPB.processRequest(OzoneManagerProtocolServerSideTranslatorPB.java:179) ~[ozone-manager-1.4.0-SNAPSHOT.jar:?]
	at org.apache.hadoop.hdds.server.OzoneProtocolMessageDispatcher.processRequest(OzoneProtocolMessageDispatcher.java:87) [hdds-server-framework-1.4.0-SNAPSHOT.jar:?]
	at org.apache.hadoop.ozone.protocolPB.OzoneManagerProtocolServerSideTranslatorPB.submitRequest(OzoneManagerProtocolServerSideTranslatorPB.java:148) [ozone-manager-1.4.0-SNAPSHOT.jar:?]
	at org.apache.hadoop.ozone.protocol.proto.OzoneManagerProtocolProtos$OzoneManagerService$2.callBlockingMethod(OzoneManagerProtocolProtos.java) [ozone-interface-client-1.4.0-SNAPSHOT.jar:?]
	at org.apache.hadoop.ipc.ProtobufRpcEngine$Server.processCall(ProtobufRpcEngine.java:484) [hadoop-common-3.3.6.jar:?]
	at org.apache.hadoop.ipc.ProtobufRpcEngine2$Server$ProtoBufRpcInvoker.call(ProtobufRpcEngine2.java:595) [hadoop-common-3.3.6.jar:?]
	at org.apache.hadoop.ipc.ProtobufRpcEngine2$Server$ProtoBufRpcInvoker.call(ProtobufRpcEngine2.java:573) [hadoop-common-3.3.6.jar:?]
	at org.apache.hadoop.ipc.RPC$Server.call(RPC.java:1227) [hadoop-common-3.3.6.jar:?]
	at org.apache.hadoop.ipc.Server$RpcCall.run(Server.java:1094) [hadoop-common-3.3.6.jar:?]
	at org.apache.hadoop.ipc.Server$RpcCall.run(Server.java:1017) [hadoop-common-3.3.6.jar:?]
	at java.security.AccessController.doPrivileged(Native Method) ~[?:1.8.0_382]
	at javax.security.auth.Subject.doAs(Subject.java:422) [?:1.8.0_382]
	at org.apache.hadoop.security.UserGroupInformation.doAs(UserGroupInformation.java:1899) [hadoop-common-3.3.6.jar:?]
	at org.apache.hadoop.ipc.Server$Handler.run(Server.java:3048) [hadoop-common-3.3.6.jar:?]
2023-08-31 10:24:33,436 [JUnit-testCreatedFileIsVisibleOnFlush[0]] INFO  contract.ContractTestUtils (ContractTestUtils.java:skip(537)) - Skipping: For object store or some file systems, newly created files are not immediately visible
]]></system-out>
  </testcase>
  <testcase name="testCreatedFileIsVisibleOnFlush" classname="ITestOzoneContractCreate" time="0">
    <skipped type="org.junit.AssumptionViolatedException"><![CDATA[org.junit.AssumptionViolatedException: For object store or some file systems, newly created files are not immediately visible
	at org.apache.hadoop.fs.contract.ContractTestUtils.skip(ContractTestUtils.java:538)
	at org.apache.hadoop.fs.contract.AbstractContractCreateTest.testCreatedFileIsVisibleOnFlush(AbstractContractCreateTest.java:253)
	at sun.reflect.NativeMethodAccessorImpl.invoke0(Native Method)
	at sun.reflect.NativeMethodAccessorImpl.invoke(NativeMethodAccessorImpl.java:62)
	at sun.reflect.DelegatingMethodAccessorImpl.invoke(DelegatingMethodAccessorImpl.java:43)
	at java.lang.reflect.Method.invoke(Method.java:498)
	at org.junit.runners.model.FrameworkMethod$1.runReflectiveCall(FrameworkMethod.java:59)
	at org.junit.internal.runners.model.ReflectiveCallable.run(ReflectiveCallable.java:12)
	at org.junit.runners.model.FrameworkMethod.invokeExplosively(FrameworkMethod.java:56)
	at org.junit.internal.runners.statements.InvokeMethod.evaluate(InvokeMethod.java:17)
	at org.junit.internal.runners.statements.RunBefores.evaluate(RunBefores.java:26)
	at org.junit.internal.runners.statements.RunAfters.evaluate(RunAfters.java:27)
	at org.junit.rules.TestWatcher$1.evaluate(TestWatcher.java:61)
	at org.junit.internal.runners.statements.FailOnTimeout$CallableStatement.call(FailOnTimeout.java:288)
	at org.junit.internal.runners.statements.FailOnTimeout$CallableStatement.call(FailOnTimeout.java:282)
	at java.util.concurrent.FutureTask.run(FutureTask.java:266)
	at java.lang.Thread.run(Thread.java:750)
]]></skipped>
    <system-out><![CDATA[2023-08-31 10:24:55,333 [setup] INFO  rpc.RpcClient (RpcClient.java:createVolume(461)) - Creating Volume: volume66118, with user72283 as owner and space quota set to -1 bytes, counts quota set to -1
2023-08-31 10:24:55,336 [OM StateMachine ApplyTransaction Thread - 0] INFO  volume.OMVolumeCreateRequest (OMVolumeCreateRequest.java:validateAndUpdateCache(196)) - created volume:volume66118 for user:user72283
2023-08-31 10:24:55,338 [setup] INFO  rpc.RpcClient (RpcClient.java:createBucket(688)) - Creating Bucket: volume66118/bucket80590, with bucket layout LEGACY, runner as owner, Versioning false, Storage Type set to DISK and Encryption set to false, Replication Type set to server-side default replication type, Namespace Quota set to -1, Space Quota set to -1 
2023-08-31 10:24:55,341 [OM StateMachine ApplyTransaction Thread - 0] INFO  bucket.OMBucketCreateRequest (OMBucketCreateRequest.java:validateAndUpdateCache(270)) - created bucket: bucket80590 of layout LEGACY in volume: volume66118
2023-08-31 10:24:55,380 [setup] INFO  contract.AbstractFSContractTestBase (AbstractFSContractTestBase.java:setup(194)) - Test filesystem = o3fs://bucket80590.volume66118 implemented by OzoneFileSystem{URI=o3fs://bucket80590.volume66118, workingDir=o3fs://bucket80590.volume66118/user/runner, userName=runner, statistics=21507 bytes read, 24110 bytes written, 115 read ops, 0 large read ops, 65 write ops}
2023-08-31 10:24:55,384 [JUnit-testCreatedFileIsVisibleOnFlush[1]] INFO  contract.AbstractFSContractTestBase (AbstractFSContractTestBase.java:describe(278)) - verify that a newly created file exists once a flush has taken place
10:24:55.393 [IPC Server handler 1 on default port 15057] ERROR OMAudit - user=runner | ip=127.0.0.1 | op=GET_FILE_STATUS {volume=volume66118, bucket=bucket80590, key=test/testCreatedFileIsVisibleOnFlush, dataSize=0, replicationConfig=null} | ret=FAILURE
org.apache.hadoop.ozone.om.exceptions.OMException: Unable to get file status: volume: volume66118 bucket: bucket80590 key: test/testCreatedFileIsVisibleOnFlush
	at org.apache.hadoop.ozone.om.KeyManagerImpl.getOzoneFileStatus(KeyManagerImpl.java:1195) ~[ozone-manager-1.4.0-SNAPSHOT.jar:?]
	at org.apache.hadoop.ozone.om.KeyManagerImpl.getFileStatus(KeyManagerImpl.java:1113) ~[ozone-manager-1.4.0-SNAPSHOT.jar:?]
	at org.apache.hadoop.ozone.om.OmMetadataReader.getFileStatus(OmMetadataReader.java:262) ~[ozone-manager-1.4.0-SNAPSHOT.jar:?]
	at org.apache.hadoop.ozone.om.OzoneManager.getFileStatus(OzoneManager.java:3530) ~[ozone-manager-1.4.0-SNAPSHOT.jar:?]
	at org.apache.hadoop.ozone.protocolPB.OzoneManagerRequestHandler.getOzoneFileStatus(OzoneManagerRequestHandler.java:973) ~[ozone-manager-1.4.0-SNAPSHOT.jar:?]
	at org.apache.hadoop.ozone.protocolPB.OzoneManagerRequestHandler.handleReadRequest(OzoneManagerRequestHandler.java:252) ~[ozone-manager-1.4.0-SNAPSHOT.jar:?]
	at org.apache.hadoop.ozone.protocolPB.OzoneManagerProtocolServerSideTranslatorPB.submitReadRequestToOM(OzoneManagerProtocolServerSideTranslatorPB.java:225) ~[ozone-manager-1.4.0-SNAPSHOT.jar:?]
	at org.apache.hadoop.ozone.protocolPB.OzoneManagerProtocolServerSideTranslatorPB.processRequest(OzoneManagerProtocolServerSideTranslatorPB.java:179) ~[ozone-manager-1.4.0-SNAPSHOT.jar:?]
	at org.apache.hadoop.hdds.server.OzoneProtocolMessageDispatcher.processRequest(OzoneProtocolMessageDispatcher.java:87) [hdds-server-framework-1.4.0-SNAPSHOT.jar:?]
	at org.apache.hadoop.ozone.protocolPB.OzoneManagerProtocolServerSideTranslatorPB.submitRequest(OzoneManagerProtocolServerSideTranslatorPB.java:148) [ozone-manager-1.4.0-SNAPSHOT.jar:?]
	at org.apache.hadoop.ozone.protocol.proto.OzoneManagerProtocolProtos$OzoneManagerService$2.callBlockingMethod(OzoneManagerProtocolProtos.java) [ozone-interface-client-1.4.0-SNAPSHOT.jar:?]
	at org.apache.hadoop.ipc.ProtobufRpcEngine$Server.processCall(ProtobufRpcEngine.java:484) [hadoop-common-3.3.6.jar:?]
	at org.apache.hadoop.ipc.ProtobufRpcEngine2$Server$ProtoBufRpcInvoker.call(ProtobufRpcEngine2.java:595) [hadoop-common-3.3.6.jar:?]
	at org.apache.hadoop.ipc.ProtobufRpcEngine2$Server$ProtoBufRpcInvoker.call(ProtobufRpcEngine2.java:573) [hadoop-common-3.3.6.jar:?]
	at org.apache.hadoop.ipc.RPC$Server.call(RPC.java:1227) [hadoop-common-3.3.6.jar:?]
	at org.apache.hadoop.ipc.Server$RpcCall.run(Server.java:1094) [hadoop-common-3.3.6.jar:?]
	at org.apache.hadoop.ipc.Server$RpcCall.run(Server.java:1017) [hadoop-common-3.3.6.jar:?]
	at java.security.AccessController.doPrivileged(Native Method) ~[?:1.8.0_382]
	at javax.security.auth.Subject.doAs(Subject.java:422) [?:1.8.0_382]
	at org.apache.hadoop.security.UserGroupInformation.doAs(UserGroupInformation.java:1899) [hadoop-common-3.3.6.jar:?]
	at org.apache.hadoop.ipc.Server$Handler.run(Server.java:3048) [hadoop-common-3.3.6.jar:?]
2023-08-31 10:24:55,394 [JUnit-testCreatedFileIsVisibleOnFlush[1]] INFO  contract.ContractTestUtils (ContractTestUtils.java:skip(537)) - Skipping: For object store or some file systems, newly created files are not immediately visible
]]></system-out>
  </testcase>
  <testcase name="testOverwriteEmptyDirectory" classname="ITestOzoneContractCreate" time="0.109">
    <system-out><![CDATA[2023-08-31 10:24:33,497 [setup] INFO  rpc.RpcClient (RpcClient.java:createVolume(461)) - Creating Volume: volume76931, with user94528 as owner and space quota set to -1 bytes, counts quota set to -1
2023-08-31 10:24:33,501 [OM StateMachine ApplyTransaction Thread - 0] INFO  volume.OMVolumeCreateRequest (OMVolumeCreateRequest.java:validateAndUpdateCache(196)) - created volume:volume76931 for user:user94528
2023-08-31 10:24:33,503 [setup] INFO  rpc.RpcClient (RpcClient.java:createBucket(688)) - Creating Bucket: volume76931/bucket70383, with bucket layout LEGACY, runner as owner, Versioning false, Storage Type set to DISK and Encryption set to false, Replication Type set to server-side default replication type, Namespace Quota set to -1, Space Quota set to -1 
2023-08-31 10:24:33,505 [OM StateMachine ApplyTransaction Thread - 0] INFO  bucket.OMBucketCreateRequest (OMBucketCreateRequest.java:validateAndUpdateCache(270)) - created bucket: bucket70383 of layout LEGACY in volume: volume76931
2023-08-31 10:24:33,547 [setup] INFO  contract.AbstractFSContractTestBase (AbstractFSContractTestBase.java:setup(194)) - Test filesystem = o3fs://bucket70383.volume76931 implemented by OzoneFileSystem{URI=o3fs://bucket70383.volume76931, workingDir=o3fs://bucket70383.volume76931/user/runner, userName=runner, statistics=2 bytes read, 791 bytes written, 38 read ops, 0 large read ops, 22 write ops}
2023-08-31 10:24:33,552 [JUnit-testOverwriteEmptyDirectory[0]] INFO  contract.AbstractFSContractTestBase (AbstractFSContractTestBase.java:describe(278)) - verify trying to create a file over an empty dir fails, use builder API=false
10:24:33.566 [OM StateMachine ApplyTransaction Thread - 0] ERROR OMAudit - user=runner | ip=127.0.0.1 | op=CREATE_FILE {volume=volume76931, bucket=bucket70383, key=test/testOverwriteEmptyDirectory, dataSize=4194304, replicationType=RATIS, replicationFactor=ONE} | ret=FAILURE
org.apache.hadoop.ozone.om.exceptions.OMException: Can not write to directory: test/testOverwriteEmptyDirectory
	at org.apache.hadoop.ozone.om.request.file.OMFileCreateRequest.checkDirectoryResult(OMFileCreateRequest.java:363) ~[ozone-manager-1.4.0-SNAPSHOT.jar:?]
	at org.apache.hadoop.ozone.om.request.file.OMFileCreateRequest.validateAndUpdateCache(OMFileCreateRequest.java:237) ~[ozone-manager-1.4.0-SNAPSHOT.jar:?]
	at org.apache.hadoop.ozone.protocolPB.OzoneManagerRequestHandler.handleWriteRequest(OzoneManagerRequestHandler.java:375) ~[ozone-manager-1.4.0-SNAPSHOT.jar:?]
	at org.apache.hadoop.ozone.om.ratis.OzoneManagerStateMachine.runCommand(OzoneManagerStateMachine.java:568) ~[ozone-manager-1.4.0-SNAPSHOT.jar:?]
	at org.apache.hadoop.ozone.om.ratis.OzoneManagerStateMachine.lambda$1(OzoneManagerStateMachine.java:359) ~[ozone-manager-1.4.0-SNAPSHOT.jar:?]
	at java.util.concurrent.CompletableFuture$AsyncSupply.run(CompletableFuture.java:1604) [?:1.8.0_382]
	at java.util.concurrent.ThreadPoolExecutor.runWorker(ThreadPoolExecutor.java:1149) [?:1.8.0_382]
	at java.util.concurrent.ThreadPoolExecutor$Worker.run(ThreadPoolExecutor.java:624) [?:1.8.0_382]
	at java.lang.Thread.run(Thread.java:750) [?:1.8.0_382]
2023-08-31 10:24:33,566 [OM StateMachine ApplyTransaction Thread - 0] ERROR file.OMFileCreateRequest (OMFileCreateRequest.java:validateAndUpdateCache(336)) - File create failed. Volume:volume76931, Bucket:bucket70383, Keytest/testOverwriteEmptyDirectory.
NOT_A_FILE org.apache.hadoop.ozone.om.exceptions.OMException: Can not write to directory: test/testOverwriteEmptyDirectory
	at org.apache.hadoop.ozone.om.request.file.OMFileCreateRequest.checkDirectoryResult(OMFileCreateRequest.java:363)
	at org.apache.hadoop.ozone.om.request.file.OMFileCreateRequest.validateAndUpdateCache(OMFileCreateRequest.java:237)
	at org.apache.hadoop.ozone.protocolPB.OzoneManagerRequestHandler.handleWriteRequest(OzoneManagerRequestHandler.java:375)
	at org.apache.hadoop.ozone.om.ratis.OzoneManagerStateMachine.runCommand(OzoneManagerStateMachine.java:568)
	at org.apache.hadoop.ozone.om.ratis.OzoneManagerStateMachine.lambda$1(OzoneManagerStateMachine.java:359)
	at java.util.concurrent.CompletableFuture$AsyncSupply.run(CompletableFuture.java:1604)
	at java.util.concurrent.ThreadPoolExecutor.runWorker(ThreadPoolExecutor.java:1149)
	at java.util.concurrent.ThreadPoolExecutor$Worker.run(ThreadPoolExecutor.java:624)
	at java.lang.Thread.run(Thread.java:750)
2023-08-31 10:24:33,569 [JUnit-testOverwriteEmptyDirectory[0]] INFO  contract.AbstractFSContractTestBase (AbstractFSContractTestBase.java:describe(278)) - verify trying to create a file over an empty dir fails, use builder API=true
10:24:33.580 [OM StateMachine ApplyTransaction Thread - 0] ERROR OMAudit - user=runner | ip=127.0.0.1 | op=CREATE_FILE {volume=volume76931, bucket=bucket70383, key=test/testOverwriteEmptyDirectory, dataSize=4194304, replicationType=RATIS, replicationFactor=ONE} | ret=FAILURE
org.apache.hadoop.ozone.om.exceptions.OMException: Can not write to directory: test/testOverwriteEmptyDirectory
	at org.apache.hadoop.ozone.om.request.file.OMFileCreateRequest.checkDirectoryResult(OMFileCreateRequest.java:363) ~[ozone-manager-1.4.0-SNAPSHOT.jar:?]
	at org.apache.hadoop.ozone.om.request.file.OMFileCreateRequest.validateAndUpdateCache(OMFileCreateRequest.java:237) ~[ozone-manager-1.4.0-SNAPSHOT.jar:?]
	at org.apache.hadoop.ozone.protocolPB.OzoneManagerRequestHandler.handleWriteRequest(OzoneManagerRequestHandler.java:375) ~[ozone-manager-1.4.0-SNAPSHOT.jar:?]
	at org.apache.hadoop.ozone.om.ratis.OzoneManagerStateMachine.runCommand(OzoneManagerStateMachine.java:568) ~[ozone-manager-1.4.0-SNAPSHOT.jar:?]
	at org.apache.hadoop.ozone.om.ratis.OzoneManagerStateMachine.lambda$1(OzoneManagerStateMachine.java:359) ~[ozone-manager-1.4.0-SNAPSHOT.jar:?]
	at java.util.concurrent.CompletableFuture$AsyncSupply.run(CompletableFuture.java:1604) [?:1.8.0_382]
	at java.util.concurrent.ThreadPoolExecutor.runWorker(ThreadPoolExecutor.java:1149) [?:1.8.0_382]
	at java.util.concurrent.ThreadPoolExecutor$Worker.run(ThreadPoolExecutor.java:624) [?:1.8.0_382]
	at java.lang.Thread.run(Thread.java:750) [?:1.8.0_382]
2023-08-31 10:24:33,580 [OM StateMachine ApplyTransaction Thread - 0] ERROR file.OMFileCreateRequest (OMFileCreateRequest.java:validateAndUpdateCache(336)) - File create failed. Volume:volume76931, Bucket:bucket70383, Keytest/testOverwriteEmptyDirectory.
NOT_A_FILE org.apache.hadoop.ozone.om.exceptions.OMException: Can not write to directory: test/testOverwriteEmptyDirectory
	at org.apache.hadoop.ozone.om.request.file.OMFileCreateRequest.checkDirectoryResult(OMFileCreateRequest.java:363)
	at org.apache.hadoop.ozone.om.request.file.OMFileCreateRequest.validateAndUpdateCache(OMFileCreateRequest.java:237)
	at org.apache.hadoop.ozone.protocolPB.OzoneManagerRequestHandler.handleWriteRequest(OzoneManagerRequestHandler.java:375)
	at org.apache.hadoop.ozone.om.ratis.OzoneManagerStateMachine.runCommand(OzoneManagerStateMachine.java:568)
	at org.apache.hadoop.ozone.om.ratis.OzoneManagerStateMachine.lambda$1(OzoneManagerStateMachine.java:359)
	at java.util.concurrent.CompletableFuture$AsyncSupply.run(CompletableFuture.java:1604)
	at java.util.concurrent.ThreadPoolExecutor.runWorker(ThreadPoolExecutor.java:1149)
	at java.util.concurrent.ThreadPoolExecutor$Worker.run(ThreadPoolExecutor.java:624)
	at java.lang.Thread.run(Thread.java:750)
]]></system-out>
  </testcase>
  <testcase name="testOverwriteEmptyDirectory" classname="ITestOzoneContractCreate" time="0.128">
    <system-out><![CDATA[2023-08-31 10:24:55,459 [setup] INFO  rpc.RpcClient (RpcClient.java:createVolume(461)) - Creating Volume: volume45322, with user36880 as owner and space quota set to -1 bytes, counts quota set to -1
2023-08-31 10:24:55,465 [OM StateMachine ApplyTransaction Thread - 0] INFO  volume.OMVolumeCreateRequest (OMVolumeCreateRequest.java:validateAndUpdateCache(196)) - created volume:volume45322 for user:user36880
2023-08-31 10:24:55,467 [setup] INFO  rpc.RpcClient (RpcClient.java:createBucket(688)) - Creating Bucket: volume45322/bucket76719, with bucket layout LEGACY, runner as owner, Versioning false, Storage Type set to DISK and Encryption set to false, Replication Type set to server-side default replication type, Namespace Quota set to -1, Space Quota set to -1 
2023-08-31 10:24:55,469 [OM StateMachine ApplyTransaction Thread - 0] INFO  bucket.OMBucketCreateRequest (OMBucketCreateRequest.java:validateAndUpdateCache(270)) - created bucket: bucket76719 of layout LEGACY in volume: volume45322
2023-08-31 10:24:55,522 [setup] INFO  contract.AbstractFSContractTestBase (AbstractFSContractTestBase.java:setup(194)) - Test filesystem = o3fs://bucket76719.volume45322 implemented by OzoneFileSystem{URI=o3fs://bucket76719.volume45322, workingDir=o3fs://bucket76719.volume45322/user/runner, userName=runner, statistics=21507 bytes read, 24111 bytes written, 118 read ops, 0 large read ops, 67 write ops}
2023-08-31 10:24:55,530 [JUnit-testOverwriteEmptyDirectory[1]] INFO  contract.AbstractFSContractTestBase (AbstractFSContractTestBase.java:describe(278)) - verify trying to create a file over an empty dir fails, use builder API=false
10:24:55.538 [OM StateMachine ApplyTransaction Thread - 0] ERROR OMAudit - user=runner | ip=127.0.0.1 | op=CREATE_FILE {volume=volume45322, bucket=bucket76719, key=test/testOverwriteEmptyDirectory, dataSize=4194304, replicationType=RATIS, replicationFactor=ONE} | ret=FAILURE
org.apache.hadoop.ozone.om.exceptions.OMException: Can not write to directory: test/testOverwriteEmptyDirectory
	at org.apache.hadoop.ozone.om.request.file.OMFileCreateRequest.checkDirectoryResult(OMFileCreateRequest.java:363) ~[ozone-manager-1.4.0-SNAPSHOT.jar:?]
	at org.apache.hadoop.ozone.om.request.file.OMFileCreateRequest.validateAndUpdateCache(OMFileCreateRequest.java:237) ~[ozone-manager-1.4.0-SNAPSHOT.jar:?]
	at org.apache.hadoop.ozone.protocolPB.OzoneManagerRequestHandler.handleWriteRequest(OzoneManagerRequestHandler.java:375) ~[ozone-manager-1.4.0-SNAPSHOT.jar:?]
	at org.apache.hadoop.ozone.om.ratis.OzoneManagerStateMachine.runCommand(OzoneManagerStateMachine.java:568) ~[ozone-manager-1.4.0-SNAPSHOT.jar:?]
	at org.apache.hadoop.ozone.om.ratis.OzoneManagerStateMachine.lambda$1(OzoneManagerStateMachine.java:359) ~[ozone-manager-1.4.0-SNAPSHOT.jar:?]
	at java.util.concurrent.CompletableFuture$AsyncSupply.run(CompletableFuture.java:1604) [?:1.8.0_382]
	at java.util.concurrent.ThreadPoolExecutor.runWorker(ThreadPoolExecutor.java:1149) [?:1.8.0_382]
	at java.util.concurrent.ThreadPoolExecutor$Worker.run(ThreadPoolExecutor.java:624) [?:1.8.0_382]
	at java.lang.Thread.run(Thread.java:750) [?:1.8.0_382]
2023-08-31 10:24:55,538 [OM StateMachine ApplyTransaction Thread - 0] ERROR file.OMFileCreateRequest (OMFileCreateRequest.java:validateAndUpdateCache(336)) - File create failed. Volume:volume45322, Bucket:bucket76719, Keytest/testOverwriteEmptyDirectory.
NOT_A_FILE org.apache.hadoop.ozone.om.exceptions.OMException: Can not write to directory: test/testOverwriteEmptyDirectory
	at org.apache.hadoop.ozone.om.request.file.OMFileCreateRequest.checkDirectoryResult(OMFileCreateRequest.java:363)
	at org.apache.hadoop.ozone.om.request.file.OMFileCreateRequest.validateAndUpdateCache(OMFileCreateRequest.java:237)
	at org.apache.hadoop.ozone.protocolPB.OzoneManagerRequestHandler.handleWriteRequest(OzoneManagerRequestHandler.java:375)
	at org.apache.hadoop.ozone.om.ratis.OzoneManagerStateMachine.runCommand(OzoneManagerStateMachine.java:568)
	at org.apache.hadoop.ozone.om.ratis.OzoneManagerStateMachine.lambda$1(OzoneManagerStateMachine.java:359)
	at java.util.concurrent.CompletableFuture$AsyncSupply.run(CompletableFuture.java:1604)
	at java.util.concurrent.ThreadPoolExecutor.runWorker(ThreadPoolExecutor.java:1149)
	at java.util.concurrent.ThreadPoolExecutor$Worker.run(ThreadPoolExecutor.java:624)
	at java.lang.Thread.run(Thread.java:750)
2023-08-31 10:24:55,541 [JUnit-testOverwriteEmptyDirectory[1]] INFO  contract.AbstractFSContractTestBase (AbstractFSContractTestBase.java:describe(278)) - verify trying to create a file over an empty dir fails, use builder API=true
10:24:55.548 [OM StateMachine ApplyTransaction Thread - 0] ERROR OMAudit - user=runner | ip=127.0.0.1 | op=CREATE_FILE {volume=volume45322, bucket=bucket76719, key=test/testOverwriteEmptyDirectory, dataSize=4194304, replicationType=RATIS, replicationFactor=ONE} | ret=FAILURE
org.apache.hadoop.ozone.om.exceptions.OMException: Can not write to directory: test/testOverwriteEmptyDirectory
	at org.apache.hadoop.ozone.om.request.file.OMFileCreateRequest.checkDirectoryResult(OMFileCreateRequest.java:363) ~[ozone-manager-1.4.0-SNAPSHOT.jar:?]
	at org.apache.hadoop.ozone.om.request.file.OMFileCreateRequest.validateAndUpdateCache(OMFileCreateRequest.java:237) ~[ozone-manager-1.4.0-SNAPSHOT.jar:?]
	at org.apache.hadoop.ozone.protocolPB.OzoneManagerRequestHandler.handleWriteRequest(OzoneManagerRequestHandler.java:375) ~[ozone-manager-1.4.0-SNAPSHOT.jar:?]
	at org.apache.hadoop.ozone.om.ratis.OzoneManagerStateMachine.runCommand(OzoneManagerStateMachine.java:568) ~[ozone-manager-1.4.0-SNAPSHOT.jar:?]
	at org.apache.hadoop.ozone.om.ratis.OzoneManagerStateMachine.lambda$1(OzoneManagerStateMachine.java:359) ~[ozone-manager-1.4.0-SNAPSHOT.jar:?]
	at java.util.concurrent.CompletableFuture$AsyncSupply.run(CompletableFuture.java:1604) [?:1.8.0_382]
	at java.util.concurrent.ThreadPoolExecutor.runWorker(ThreadPoolExecutor.java:1149) [?:1.8.0_382]
	at java.util.concurrent.ThreadPoolExecutor$Worker.run(ThreadPoolExecutor.java:624) [?:1.8.0_382]
	at java.lang.Thread.run(Thread.java:750) [?:1.8.0_382]
2023-08-31 10:24:55,549 [OM StateMachine ApplyTransaction Thread - 0] ERROR file.OMFileCreateRequest (OMFileCreateRequest.java:validateAndUpdateCache(336)) - File create failed. Volume:volume45322, Bucket:bucket76719, Keytest/testOverwriteEmptyDirectory.
NOT_A_FILE org.apache.hadoop.ozone.om.exceptions.OMException: Can not write to directory: test/testOverwriteEmptyDirectory
	at org.apache.hadoop.ozone.om.request.file.OMFileCreateRequest.checkDirectoryResult(OMFileCreateRequest.java:363)
	at org.apache.hadoop.ozone.om.request.file.OMFileCreateRequest.validateAndUpdateCache(OMFileCreateRequest.java:237)
	at org.apache.hadoop.ozone.protocolPB.OzoneManagerRequestHandler.handleWriteRequest(OzoneManagerRequestHandler.java:375)
	at org.apache.hadoop.ozone.om.ratis.OzoneManagerStateMachine.runCommand(OzoneManagerStateMachine.java:568)
	at org.apache.hadoop.ozone.om.ratis.OzoneManagerStateMachine.lambda$1(OzoneManagerStateMachine.java:359)
	at java.util.concurrent.CompletableFuture$AsyncSupply.run(CompletableFuture.java:1604)
	at java.util.concurrent.ThreadPoolExecutor.runWorker(ThreadPoolExecutor.java:1149)
	at java.util.concurrent.ThreadPoolExecutor$Worker.run(ThreadPoolExecutor.java:624)
	at java.lang.Thread.run(Thread.java:750)
]]></system-out>
  </testcase>
  <testcase name="testCreateFileOverExistingFileNoOverwrite" classname="ITestOzoneContractCreate" time="0.208">
    <system-out><![CDATA[2023-08-31 10:24:33,608 [setup] INFO  rpc.RpcClient (RpcClient.java:createVolume(461)) - Creating Volume: volume92060, with user28844 as owner and space quota set to -1 bytes, counts quota set to -1
2023-08-31 10:24:33,612 [OM StateMachine ApplyTransaction Thread - 0] INFO  volume.OMVolumeCreateRequest (OMVolumeCreateRequest.java:validateAndUpdateCache(196)) - created volume:volume92060 for user:user28844
2023-08-31 10:24:33,614 [setup] INFO  rpc.RpcClient (RpcClient.java:createBucket(688)) - Creating Bucket: volume92060/bucket87616, with bucket layout LEGACY, runner as owner, Versioning false, Storage Type set to DISK and Encryption set to false, Replication Type set to server-side default replication type, Namespace Quota set to -1, Space Quota set to -1 
2023-08-31 10:24:33,617 [OM StateMachine ApplyTransaction Thread - 0] INFO  bucket.OMBucketCreateRequest (OMBucketCreateRequest.java:validateAndUpdateCache(270)) - created bucket: bucket87616 of layout LEGACY in volume: volume92060
2023-08-31 10:24:33,678 [setup] INFO  contract.AbstractFSContractTestBase (AbstractFSContractTestBase.java:setup(194)) - Test filesystem = o3fs://bucket87616.volume92060 implemented by OzoneFileSystem{URI=o3fs://bucket87616.volume92060, workingDir=o3fs://bucket87616.volume92060/user/runner, userName=runner, statistics=2 bytes read, 791 bytes written, 44 read ops, 0 large read ops, 25 write ops}
2023-08-31 10:24:33,682 [JUnit-testCreateFileOverExistingFileNoOverwrite[0]] INFO  contract.AbstractFSContractTestBase (AbstractFSContractTestBase.java:describe(278)) - Verify overwriting an existing file fails, using builder API=false
10:24:33.731 [OM StateMachine ApplyTransaction Thread - 0] ERROR OMAudit - user=runner | ip=127.0.0.1 | op=CREATE_FILE {volume=volume92060, bucket=bucket87616, key=test/testCreateFileOverExistingFileNoOverwrite-builder, dataSize=4194304, replicationType=RATIS, replicationFactor=ONE} | ret=FAILURE
org.apache.hadoop.ozone.om.exceptions.OMException: File test/testCreateFileOverExistingFileNoOverwrite-builder already exists
	at org.apache.hadoop.ozone.om.request.file.OMFileCreateRequest.checkDirectoryResult(OMFileCreateRequest.java:359) ~[ozone-manager-1.4.0-SNAPSHOT.jar:?]
	at org.apache.hadoop.ozone.om.request.file.OMFileCreateRequest.validateAndUpdateCache(OMFileCreateRequest.java:237) ~[ozone-manager-1.4.0-SNAPSHOT.jar:?]
	at org.apache.hadoop.ozone.protocolPB.OzoneManagerRequestHandler.handleWriteRequest(OzoneManagerRequestHandler.java:375) ~[ozone-manager-1.4.0-SNAPSHOT.jar:?]
	at org.apache.hadoop.ozone.om.ratis.OzoneManagerStateMachine.runCommand(OzoneManagerStateMachine.java:568) ~[ozone-manager-1.4.0-SNAPSHOT.jar:?]
	at org.apache.hadoop.ozone.om.ratis.OzoneManagerStateMachine.lambda$1(OzoneManagerStateMachine.java:359) ~[ozone-manager-1.4.0-SNAPSHOT.jar:?]
	at java.util.concurrent.CompletableFuture$AsyncSupply.run(CompletableFuture.java:1604) [?:1.8.0_382]
	at java.util.concurrent.ThreadPoolExecutor.runWorker(ThreadPoolExecutor.java:1149) [?:1.8.0_382]
	at java.util.concurrent.ThreadPoolExecutor$Worker.run(ThreadPoolExecutor.java:624) [?:1.8.0_382]
	at java.lang.Thread.run(Thread.java:750) [?:1.8.0_382]
2023-08-31 10:24:33,731 [OM StateMachine ApplyTransaction Thread - 0] ERROR file.OMFileCreateRequest (OMFileCreateRequest.java:validateAndUpdateCache(336)) - File create failed. Volume:volume92060, Bucket:bucket87616, Keytest/testCreateFileOverExistingFileNoOverwrite-builder.
FILE_ALREADY_EXISTS org.apache.hadoop.ozone.om.exceptions.OMException: File test/testCreateFileOverExistingFileNoOverwrite-builder already exists
	at org.apache.hadoop.ozone.om.request.file.OMFileCreateRequest.checkDirectoryResult(OMFileCreateRequest.java:359)
	at org.apache.hadoop.ozone.om.request.file.OMFileCreateRequest.validateAndUpdateCache(OMFileCreateRequest.java:237)
	at org.apache.hadoop.ozone.protocolPB.OzoneManagerRequestHandler.handleWriteRequest(OzoneManagerRequestHandler.java:375)
	at org.apache.hadoop.ozone.om.ratis.OzoneManagerStateMachine.runCommand(OzoneManagerStateMachine.java:568)
	at org.apache.hadoop.ozone.om.ratis.OzoneManagerStateMachine.lambda$1(OzoneManagerStateMachine.java:359)
	at java.util.concurrent.CompletableFuture$AsyncSupply.run(CompletableFuture.java:1604)
	at java.util.concurrent.ThreadPoolExecutor.runWorker(ThreadPoolExecutor.java:1149)
	at java.util.concurrent.ThreadPoolExecutor$Worker.run(ThreadPoolExecutor.java:624)
	at java.lang.Thread.run(Thread.java:750)
2023-08-31 10:24:33,732 [JUnit-testCreateFileOverExistingFileNoOverwrite[0]] INFO  contract.AbstractFSContractTestBase (AbstractFSContractTestBase.java:describe(278)) - Verify overwriting an existing file fails, using builder API=true
10:24:33.790 [OM StateMachine ApplyTransaction Thread - 0] ERROR OMAudit - user=runner | ip=127.0.0.1 | op=CREATE_FILE {volume=volume92060, bucket=bucket87616, key=test/testCreateFileOverExistingFileNoOverwrite, dataSize=4194304, replicationType=RATIS, replicationFactor=ONE} | ret=FAILURE
org.apache.hadoop.ozone.om.exceptions.OMException: File test/testCreateFileOverExistingFileNoOverwrite already exists
	at org.apache.hadoop.ozone.om.request.file.OMFileCreateRequest.checkDirectoryResult(OMFileCreateRequest.java:359) ~[ozone-manager-1.4.0-SNAPSHOT.jar:?]
	at org.apache.hadoop.ozone.om.request.file.OMFileCreateRequest.validateAndUpdateCache(OMFileCreateRequest.java:237) ~[ozone-manager-1.4.0-SNAPSHOT.jar:?]
	at org.apache.hadoop.ozone.protocolPB.OzoneManagerRequestHandler.handleWriteRequest(OzoneManagerRequestHandler.java:375) ~[ozone-manager-1.4.0-SNAPSHOT.jar:?]
	at org.apache.hadoop.ozone.om.ratis.OzoneManagerStateMachine.runCommand(OzoneManagerStateMachine.java:568) ~[ozone-manager-1.4.0-SNAPSHOT.jar:?]
	at org.apache.hadoop.ozone.om.ratis.OzoneManagerStateMachine.lambda$1(OzoneManagerStateMachine.java:359) ~[ozone-manager-1.4.0-SNAPSHOT.jar:?]
	at java.util.concurrent.CompletableFuture$AsyncSupply.run(CompletableFuture.java:1604) [?:1.8.0_382]
	at java.util.concurrent.ThreadPoolExecutor.runWorker(ThreadPoolExecutor.java:1149) [?:1.8.0_382]
	at java.util.concurrent.ThreadPoolExecutor$Worker.run(ThreadPoolExecutor.java:624) [?:1.8.0_382]
	at java.lang.Thread.run(Thread.java:750) [?:1.8.0_382]
2023-08-31 10:24:33,790 [OM StateMachine ApplyTransaction Thread - 0] ERROR file.OMFileCreateRequest (OMFileCreateRequest.java:validateAndUpdateCache(336)) - File create failed. Volume:volume92060, Bucket:bucket87616, Keytest/testCreateFileOverExistingFileNoOverwrite.
FILE_ALREADY_EXISTS org.apache.hadoop.ozone.om.exceptions.OMException: File test/testCreateFileOverExistingFileNoOverwrite already exists
	at org.apache.hadoop.ozone.om.request.file.OMFileCreateRequest.checkDirectoryResult(OMFileCreateRequest.java:359)
	at org.apache.hadoop.ozone.om.request.file.OMFileCreateRequest.validateAndUpdateCache(OMFileCreateRequest.java:237)
	at org.apache.hadoop.ozone.protocolPB.OzoneManagerRequestHandler.handleWriteRequest(OzoneManagerRequestHandler.java:375)
	at org.apache.hadoop.ozone.om.ratis.OzoneManagerStateMachine.runCommand(OzoneManagerStateMachine.java:568)
	at org.apache.hadoop.ozone.om.ratis.OzoneManagerStateMachine.lambda$1(OzoneManagerStateMachine.java:359)
	at java.util.concurrent.CompletableFuture$AsyncSupply.run(CompletableFuture.java:1604)
	at java.util.concurrent.ThreadPoolExecutor.runWorker(ThreadPoolExecutor.java:1149)
	at java.util.concurrent.ThreadPoolExecutor$Worker.run(ThreadPoolExecutor.java:624)
	at java.lang.Thread.run(Thread.java:750)
]]></system-out>
  </testcase>
  <testcase name="testCreateFileOverExistingFileNoOverwrite" classname="ITestOzoneContractCreate" time="0.182">
    <system-out><![CDATA[2023-08-31 10:24:55,574 [setup] INFO  rpc.RpcClient (RpcClient.java:createVolume(461)) - Creating Volume: volume19286, with user78278 as owner and space quota set to -1 bytes, counts quota set to -1
2023-08-31 10:24:55,576 [OM StateMachine ApplyTransaction Thread - 0] INFO  volume.OMVolumeCreateRequest (OMVolumeCreateRequest.java:validateAndUpdateCache(196)) - created volume:volume19286 for user:user78278
2023-08-31 10:24:55,579 [setup] INFO  rpc.RpcClient (RpcClient.java:createBucket(688)) - Creating Bucket: volume19286/bucket60799, with bucket layout LEGACY, runner as owner, Versioning false, Storage Type set to DISK and Encryption set to false, Replication Type set to server-side default replication type, Namespace Quota set to -1, Space Quota set to -1 
2023-08-31 10:24:55,581 [OM StateMachine ApplyTransaction Thread - 0] INFO  bucket.OMBucketCreateRequest (OMBucketCreateRequest.java:validateAndUpdateCache(270)) - created bucket: bucket60799 of layout LEGACY in volume: volume19286
2023-08-31 10:24:55,622 [setup] INFO  contract.AbstractFSContractTestBase (AbstractFSContractTestBase.java:setup(194)) - Test filesystem = o3fs://bucket60799.volume19286 implemented by OzoneFileSystem{URI=o3fs://bucket60799.volume19286, workingDir=o3fs://bucket60799.volume19286/user/runner, userName=runner, statistics=21507 bytes read, 24111 bytes written, 124 read ops, 0 large read ops, 70 write ops}
2023-08-31 10:24:55,627 [JUnit-testCreateFileOverExistingFileNoOverwrite[1]] INFO  contract.AbstractFSContractTestBase (AbstractFSContractTestBase.java:describe(278)) - Verify overwriting an existing file fails, using builder API=false
10:24:55.686 [OM StateMachine ApplyTransaction Thread - 0] ERROR OMAudit - user=runner | ip=127.0.0.1 | op=CREATE_FILE {volume=volume19286, bucket=bucket60799, key=test/testCreateFileOverExistingFileNoOverwrite-builder, dataSize=4194304, replicationType=RATIS, replicationFactor=ONE} | ret=FAILURE
org.apache.hadoop.ozone.om.exceptions.OMException: File test/testCreateFileOverExistingFileNoOverwrite-builder already exists
	at org.apache.hadoop.ozone.om.request.file.OMFileCreateRequest.checkDirectoryResult(OMFileCreateRequest.java:359) ~[ozone-manager-1.4.0-SNAPSHOT.jar:?]
	at org.apache.hadoop.ozone.om.request.file.OMFileCreateRequest.validateAndUpdateCache(OMFileCreateRequest.java:237) ~[ozone-manager-1.4.0-SNAPSHOT.jar:?]
	at org.apache.hadoop.ozone.protocolPB.OzoneManagerRequestHandler.handleWriteRequest(OzoneManagerRequestHandler.java:375) ~[ozone-manager-1.4.0-SNAPSHOT.jar:?]
	at org.apache.hadoop.ozone.om.ratis.OzoneManagerStateMachine.runCommand(OzoneManagerStateMachine.java:568) ~[ozone-manager-1.4.0-SNAPSHOT.jar:?]
	at org.apache.hadoop.ozone.om.ratis.OzoneManagerStateMachine.lambda$1(OzoneManagerStateMachine.java:359) ~[ozone-manager-1.4.0-SNAPSHOT.jar:?]
	at java.util.concurrent.CompletableFuture$AsyncSupply.run(CompletableFuture.java:1604) [?:1.8.0_382]
	at java.util.concurrent.ThreadPoolExecutor.runWorker(ThreadPoolExecutor.java:1149) [?:1.8.0_382]
	at java.util.concurrent.ThreadPoolExecutor$Worker.run(ThreadPoolExecutor.java:624) [?:1.8.0_382]
	at java.lang.Thread.run(Thread.java:750) [?:1.8.0_382]
2023-08-31 10:24:55,686 [OM StateMachine ApplyTransaction Thread - 0] ERROR file.OMFileCreateRequest (OMFileCreateRequest.java:validateAndUpdateCache(336)) - File create failed. Volume:volume19286, Bucket:bucket60799, Keytest/testCreateFileOverExistingFileNoOverwrite-builder.
FILE_ALREADY_EXISTS org.apache.hadoop.ozone.om.exceptions.OMException: File test/testCreateFileOverExistingFileNoOverwrite-builder already exists
	at org.apache.hadoop.ozone.om.request.file.OMFileCreateRequest.checkDirectoryResult(OMFileCreateRequest.java:359)
	at org.apache.hadoop.ozone.om.request.file.OMFileCreateRequest.validateAndUpdateCache(OMFileCreateRequest.java:237)
	at org.apache.hadoop.ozone.protocolPB.OzoneManagerRequestHandler.handleWriteRequest(OzoneManagerRequestHandler.java:375)
	at org.apache.hadoop.ozone.om.ratis.OzoneManagerStateMachine.runCommand(OzoneManagerStateMachine.java:568)
	at org.apache.hadoop.ozone.om.ratis.OzoneManagerStateMachine.lambda$1(OzoneManagerStateMachine.java:359)
	at java.util.concurrent.CompletableFuture$AsyncSupply.run(CompletableFuture.java:1604)
	at java.util.concurrent.ThreadPoolExecutor.runWorker(ThreadPoolExecutor.java:1149)
	at java.util.concurrent.ThreadPoolExecutor$Worker.run(ThreadPoolExecutor.java:624)
	at java.lang.Thread.run(Thread.java:750)
2023-08-31 10:24:55,689 [JUnit-testCreateFileOverExistingFileNoOverwrite[1]] INFO  contract.AbstractFSContractTestBase (AbstractFSContractTestBase.java:describe(278)) - Verify overwriting an existing file fails, using builder API=true
10:24:55.733 [OM StateMachine ApplyTransaction Thread - 0] ERROR OMAudit - user=runner | ip=127.0.0.1 | op=CREATE_FILE {volume=volume19286, bucket=bucket60799, key=test/testCreateFileOverExistingFileNoOverwrite, dataSize=4194304, replicationType=RATIS, replicationFactor=ONE} | ret=FAILURE
org.apache.hadoop.ozone.om.exceptions.OMException: File test/testCreateFileOverExistingFileNoOverwrite already exists
	at org.apache.hadoop.ozone.om.request.file.OMFileCreateRequest.checkDirectoryResult(OMFileCreateRequest.java:359) ~[ozone-manager-1.4.0-SNAPSHOT.jar:?]
	at org.apache.hadoop.ozone.om.request.file.OMFileCreateRequest.validateAndUpdateCache(OMFileCreateRequest.java:237) ~[ozone-manager-1.4.0-SNAPSHOT.jar:?]
	at org.apache.hadoop.ozone.protocolPB.OzoneManagerRequestHandler.handleWriteRequest(OzoneManagerRequestHandler.java:375) ~[ozone-manager-1.4.0-SNAPSHOT.jar:?]
	at org.apache.hadoop.ozone.om.ratis.OzoneManagerStateMachine.runCommand(OzoneManagerStateMachine.java:568) ~[ozone-manager-1.4.0-SNAPSHOT.jar:?]
	at org.apache.hadoop.ozone.om.ratis.OzoneManagerStateMachine.lambda$1(OzoneManagerStateMachine.java:359) ~[ozone-manager-1.4.0-SNAPSHOT.jar:?]
	at java.util.concurrent.CompletableFuture$AsyncSupply.run(CompletableFuture.java:1604) [?:1.8.0_382]
	at java.util.concurrent.ThreadPoolExecutor.runWorker(ThreadPoolExecutor.java:1149) [?:1.8.0_382]
	at java.util.concurrent.ThreadPoolExecutor$Worker.run(ThreadPoolExecutor.java:624) [?:1.8.0_382]
	at java.lang.Thread.run(Thread.java:750) [?:1.8.0_382]
2023-08-31 10:24:55,733 [OM StateMachine ApplyTransaction Thread - 0] ERROR file.OMFileCreateRequest (OMFileCreateRequest.java:validateAndUpdateCache(336)) - File create failed. Volume:volume19286, Bucket:bucket60799, Keytest/testCreateFileOverExistingFileNoOverwrite.
FILE_ALREADY_EXISTS org.apache.hadoop.ozone.om.exceptions.OMException: File test/testCreateFileOverExistingFileNoOverwrite already exists
	at org.apache.hadoop.ozone.om.request.file.OMFileCreateRequest.checkDirectoryResult(OMFileCreateRequest.java:359)
	at org.apache.hadoop.ozone.om.request.file.OMFileCreateRequest.validateAndUpdateCache(OMFileCreateRequest.java:237)
	at org.apache.hadoop.ozone.protocolPB.OzoneManagerRequestHandler.handleWriteRequest(OzoneManagerRequestHandler.java:375)
	at org.apache.hadoop.ozone.om.ratis.OzoneManagerStateMachine.runCommand(OzoneManagerStateMachine.java:568)
	at org.apache.hadoop.ozone.om.ratis.OzoneManagerStateMachine.lambda$1(OzoneManagerStateMachine.java:359)
	at java.util.concurrent.CompletableFuture$AsyncSupply.run(CompletableFuture.java:1604)
	at java.util.concurrent.ThreadPoolExecutor.runWorker(ThreadPoolExecutor.java:1149)
	at java.util.concurrent.ThreadPoolExecutor$Worker.run(ThreadPoolExecutor.java:624)
	at java.lang.Thread.run(Thread.java:750)
]]></system-out>
  </testcase>
  <testcase name="testFileStatusBlocksizeNonEmptyFile" classname="ITestOzoneContractCreate" time="0.126">
    <system-out><![CDATA[2023-08-31 10:24:33,815 [setup] INFO  rpc.RpcClient (RpcClient.java:createVolume(461)) - Creating Volume: volume37697, with user54150 as owner and space quota set to -1 bytes, counts quota set to -1
2023-08-31 10:24:33,821 [OM StateMachine ApplyTransaction Thread - 0] INFO  volume.OMVolumeCreateRequest (OMVolumeCreateRequest.java:validateAndUpdateCache(196)) - created volume:volume37697 for user:user54150
2023-08-31 10:24:33,823 [setup] INFO  rpc.RpcClient (RpcClient.java:createBucket(688)) - Creating Bucket: volume37697/bucket41362, with bucket layout LEGACY, runner as owner, Versioning false, Storage Type set to DISK and Encryption set to false, Replication Type set to server-side default replication type, Namespace Quota set to -1, Space Quota set to -1 
2023-08-31 10:24:33,826 [OM StateMachine ApplyTransaction Thread - 0] INFO  bucket.OMBucketCreateRequest (OMBucketCreateRequest.java:validateAndUpdateCache(270)) - created bucket: bucket41362 of layout LEGACY in volume: volume37697
2023-08-31 10:24:33,866 [setup] INFO  contract.AbstractFSContractTestBase (AbstractFSContractTestBase.java:setup(194)) - Test filesystem = o3fs://bucket41362.volume37697 implemented by OzoneFileSystem{URI=o3fs://bucket41362.volume37697, workingDir=o3fs://bucket41362.volume37697/user/runner, userName=runner, statistics=2 bytes read, 1303 bytes written, 48 read ops, 0 large read ops, 30 write ops}
2023-08-31 10:24:33,872 [JUnit-testFileStatusBlocksizeNonEmptyFile[0]] INFO  contract.AbstractFSContractTestBase (AbstractFSContractTestBase.java:describe(278)) - validate the block size of a filesystem and files within it
]]></system-out>
  </testcase>
  <testcase name="testFileStatusBlocksizeNonEmptyFile" classname="ITestOzoneContractCreate" time="0.105">
    <system-out><![CDATA[2023-08-31 10:24:55,758 [setup] INFO  rpc.RpcClient (RpcClient.java:createVolume(461)) - Creating Volume: volume15868, with user90937 as owner and space quota set to -1 bytes, counts quota set to -1
2023-08-31 10:24:55,759 [OM StateMachine ApplyTransaction Thread - 0] INFO  volume.OMVolumeCreateRequest (OMVolumeCreateRequest.java:validateAndUpdateCache(196)) - created volume:volume15868 for user:user90937
2023-08-31 10:24:55,762 [setup] INFO  rpc.RpcClient (RpcClient.java:createBucket(688)) - Creating Bucket: volume15868/bucket48429, with bucket layout LEGACY, runner as owner, Versioning false, Storage Type set to DISK and Encryption set to false, Replication Type set to server-side default replication type, Namespace Quota set to -1, Space Quota set to -1 
2023-08-31 10:24:55,764 [OM StateMachine ApplyTransaction Thread - 0] INFO  bucket.OMBucketCreateRequest (OMBucketCreateRequest.java:validateAndUpdateCache(270)) - created bucket: bucket48429 of layout LEGACY in volume: volume15868
2023-08-31 10:24:55,802 [setup] INFO  contract.AbstractFSContractTestBase (AbstractFSContractTestBase.java:setup(194)) - Test filesystem = o3fs://bucket48429.volume15868 implemented by OzoneFileSystem{URI=o3fs://bucket48429.volume15868, workingDir=o3fs://bucket48429.volume15868/user/runner, userName=runner, statistics=21507 bytes read, 24623 bytes written, 128 read ops, 0 large read ops, 75 write ops}
2023-08-31 10:24:55,806 [JUnit-testFileStatusBlocksizeNonEmptyFile[1]] INFO  contract.AbstractFSContractTestBase (AbstractFSContractTestBase.java:describe(278)) - validate the block size of a filesystem and files within it
]]></system-out>
  </testcase>
  <testcase name="testCreatedFileIsEventuallyVisible" classname="ITestOzoneContractCreate" time="0.138">
    <system-out><![CDATA[2023-08-31 10:24:33,940 [setup] INFO  rpc.RpcClient (RpcClient.java:createVolume(461)) - Creating Volume: volume99987, with user60179 as owner and space quota set to -1 bytes, counts quota set to -1
2023-08-31 10:24:33,948 [OM StateMachine ApplyTransaction Thread - 0] INFO  volume.OMVolumeCreateRequest (OMVolumeCreateRequest.java:validateAndUpdateCache(196)) - created volume:volume99987 for user:user60179
2023-08-31 10:24:33,950 [setup] INFO  rpc.RpcClient (RpcClient.java:createBucket(688)) - Creating Bucket: volume99987/bucket82877, with bucket layout LEGACY, runner as owner, Versioning false, Storage Type set to DISK and Encryption set to false, Replication Type set to server-side default replication type, Namespace Quota set to -1, Space Quota set to -1 
2023-08-31 10:24:33,953 [OM StateMachine ApplyTransaction Thread - 0] INFO  bucket.OMBucketCreateRequest (OMBucketCreateRequest.java:validateAndUpdateCache(270)) - created bucket: bucket82877 of layout LEGACY in volume: volume99987
2023-08-31 10:24:33,994 [setup] INFO  contract.AbstractFSContractTestBase (AbstractFSContractTestBase.java:setup(194)) - Test filesystem = o3fs://bucket82877.volume99987 implemented by OzoneFileSystem{URI=o3fs://bucket82877.volume99987, workingDir=o3fs://bucket82877.volume99987/user/runner, userName=runner, statistics=2 bytes read, 1559 bytes written, 52 read ops, 0 large read ops, 32 write ops}
2023-08-31 10:24:34,001 [JUnit-testCreatedFileIsEventuallyVisible[0]] INFO  contract.AbstractFSContractTestBase (AbstractFSContractTestBase.java:describe(278)) - verify a written to file is visible after the stream is closed
]]></system-out>
  </testcase>
  <testcase name="testCreatedFileIsEventuallyVisible" classname="ITestOzoneContractCreate" time="0.127">
    <system-out><![CDATA[2023-08-31 10:24:55,861 [setup] INFO  rpc.RpcClient (RpcClient.java:createVolume(461)) - Creating Volume: volume26284, with user27981 as owner and space quota set to -1 bytes, counts quota set to -1
2023-08-31 10:24:55,865 [OM StateMachine ApplyTransaction Thread - 0] INFO  volume.OMVolumeCreateRequest (OMVolumeCreateRequest.java:validateAndUpdateCache(196)) - created volume:volume26284 for user:user27981
2023-08-31 10:24:55,868 [setup] INFO  rpc.RpcClient (RpcClient.java:createBucket(688)) - Creating Bucket: volume26284/bucket55454, with bucket layout LEGACY, runner as owner, Versioning false, Storage Type set to DISK and Encryption set to false, Replication Type set to server-side default replication type, Namespace Quota set to -1, Space Quota set to -1 
2023-08-31 10:24:55,870 [OM StateMachine ApplyTransaction Thread - 0] INFO  bucket.OMBucketCreateRequest (OMBucketCreateRequest.java:validateAndUpdateCache(270)) - created bucket: bucket55454 of layout LEGACY in volume: volume26284
2023-08-31 10:24:55,910 [setup] INFO  contract.AbstractFSContractTestBase (AbstractFSContractTestBase.java:setup(194)) - Test filesystem = o3fs://bucket55454.volume26284 implemented by OzoneFileSystem{URI=o3fs://bucket55454.volume26284, workingDir=o3fs://bucket55454.volume26284/user/runner, userName=runner, statistics=21507 bytes read, 24879 bytes written, 132 read ops, 0 large read ops, 77 write ops}
2023-08-31 10:24:55,913 [JUnit-testCreatedFileIsEventuallyVisible[1]] INFO  contract.AbstractFSContractTestBase (AbstractFSContractTestBase.java:describe(278)) - verify a written to file is visible after the stream is closed
]]></system-out>
  </testcase>
  <testcase name="testOverwriteExistingFile" classname="ITestOzoneContractCreate" time="0.372">
    <system-out><![CDATA[2023-08-31 10:24:34,079 [setup] INFO  rpc.RpcClient (RpcClient.java:createVolume(461)) - Creating Volume: volume38498, with user01410 as owner and space quota set to -1 bytes, counts quota set to -1
2023-08-31 10:24:34,085 [OM StateMachine ApplyTransaction Thread - 0] INFO  volume.OMVolumeCreateRequest (OMVolumeCreateRequest.java:validateAndUpdateCache(196)) - created volume:volume38498 for user:user01410
2023-08-31 10:24:34,086 [setup] INFO  rpc.RpcClient (RpcClient.java:createBucket(688)) - Creating Bucket: volume38498/bucket90816, with bucket layout LEGACY, runner as owner, Versioning false, Storage Type set to DISK and Encryption set to false, Replication Type set to server-side default replication type, Namespace Quota set to -1, Space Quota set to -1 
2023-08-31 10:24:34,091 [OM StateMachine ApplyTransaction Thread - 0] INFO  bucket.OMBucketCreateRequest (OMBucketCreateRequest.java:validateAndUpdateCache(270)) - created bucket: bucket90816 of layout LEGACY in volume: volume38498
2023-08-31 10:24:34,134 [setup] INFO  contract.AbstractFSContractTestBase (AbstractFSContractTestBase.java:setup(194)) - Test filesystem = o3fs://bucket90816.volume38498 implemented by OzoneFileSystem{URI=o3fs://bucket90816.volume38498, workingDir=o3fs://bucket90816.volume38498/user/runner, userName=runner, statistics=2 bytes read, 1560 bytes written, 55 read ops, 0 large read ops, 34 write ops}
2023-08-31 10:24:34,139 [JUnit-testOverwriteExistingFile[0]] INFO  contract.AbstractFSContractTestBase (AbstractFSContractTestBase.java:describe(278)) - Overwrite an existing file and verify the new data is there, use builder API=false
2023-08-31 10:24:34,188 [IPC Server handler 6 on default port 15001] WARN  node.SCMNodeManager (SCMNodeManager.java:getNodesByAddress(1373)) - Cannot find node for address 127.0.0.1
2023-08-31 10:24:34,266 [IPC Server handler 8 on default port 15001] WARN  node.SCMNodeManager (SCMNodeManager.java:getNodesByAddress(1373)) - Cannot find node for address 127.0.0.1
2023-08-31 10:24:34,284 [JUnit-testOverwriteExistingFile[0]] INFO  contract.AbstractFSContractTestBase (AbstractFSContractTestBase.java:describe(278)) - Overwrite an existing file and verify the new data is there, use builder API=true
2023-08-31 10:24:34,345 [IPC Server handler 10 on default port 15001] WARN  node.SCMNodeManager (SCMNodeManager.java:getNodesByAddress(1373)) - Cannot find node for address 127.0.0.1
2023-08-31 10:24:34,416 [IPC Server handler 11 on default port 15001] WARN  node.SCMNodeManager (SCMNodeManager.java:getNodesByAddress(1373)) - Cannot find node for address 127.0.0.1
]]></system-out>
  </testcase>
  <testcase name="testOverwriteExistingFile" classname="ITestOzoneContractCreate" time="0.3">
    <system-out><![CDATA[2023-08-31 10:24:56,001 [setup] INFO  rpc.RpcClient (RpcClient.java:createVolume(461)) - Creating Volume: volume06665, with user74150 as owner and space quota set to -1 bytes, counts quota set to -1
2023-08-31 10:24:56,005 [OM StateMachine ApplyTransaction Thread - 0] INFO  volume.OMVolumeCreateRequest (OMVolumeCreateRequest.java:validateAndUpdateCache(196)) - created volume:volume06665 for user:user74150
2023-08-31 10:24:56,007 [setup] INFO  rpc.RpcClient (RpcClient.java:createBucket(688)) - Creating Bucket: volume06665/bucket81396, with bucket layout LEGACY, runner as owner, Versioning false, Storage Type set to DISK and Encryption set to false, Replication Type set to server-side default replication type, Namespace Quota set to -1, Space Quota set to -1 
2023-08-31 10:24:56,009 [OM StateMachine ApplyTransaction Thread - 0] INFO  bucket.OMBucketCreateRequest (OMBucketCreateRequest.java:validateAndUpdateCache(270)) - created bucket: bucket81396 of layout LEGACY in volume: volume06665
2023-08-31 10:24:56,050 [setup] INFO  contract.AbstractFSContractTestBase (AbstractFSContractTestBase.java:setup(194)) - Test filesystem = o3fs://bucket81396.volume06665 implemented by OzoneFileSystem{URI=o3fs://bucket81396.volume06665, workingDir=o3fs://bucket81396.volume06665/user/runner, userName=runner, statistics=21507 bytes read, 24880 bytes written, 135 read ops, 0 large read ops, 79 write ops}
2023-08-31 10:24:56,054 [JUnit-testOverwriteExistingFile[1]] INFO  contract.AbstractFSContractTestBase (AbstractFSContractTestBase.java:describe(278)) - Overwrite an existing file and verify the new data is there, use builder API=false
2023-08-31 10:24:56,091 [IPC Server handler 0 on default port 15054] WARN  node.SCMNodeManager (SCMNodeManager.java:getNodesByAddress(1373)) - Cannot find node for address 127.0.0.1
2023-08-31 10:24:56,145 [IPC Server handler 2 on default port 15054] WARN  node.SCMNodeManager (SCMNodeManager.java:getNodesByAddress(1373)) - Cannot find node for address 127.0.0.1
2023-08-31 10:24:56,157 [JUnit-testOverwriteExistingFile[1]] INFO  contract.AbstractFSContractTestBase (AbstractFSContractTestBase.java:describe(278)) - Overwrite an existing file and verify the new data is there, use builder API=true
2023-08-31 10:24:56,204 [IPC Server handler 4 on default port 15054] WARN  node.SCMNodeManager (SCMNodeManager.java:getNodesByAddress(1373)) - Cannot find node for address 127.0.0.1
2023-08-31 10:24:56,252 [IPC Server handler 8 on default port 15054] WARN  node.SCMNodeManager (SCMNodeManager.java:getNodesByAddress(1373)) - Cannot find node for address 127.0.0.1
]]></system-out>
  </testcase>
  <testcase name="testCreateNewFile" classname="ITestOzoneContractCreate" time="0.23">
    <system-out><![CDATA[2023-08-31 10:24:34,454 [setup] INFO  rpc.RpcClient (RpcClient.java:createVolume(461)) - Creating Volume: volume21581, with user25613 as owner and space quota set to -1 bytes, counts quota set to -1
2023-08-31 10:24:34,457 [OM StateMachine ApplyTransaction Thread - 0] INFO  volume.OMVolumeCreateRequest (OMVolumeCreateRequest.java:validateAndUpdateCache(196)) - created volume:volume21581 for user:user25613
2023-08-31 10:24:34,459 [setup] INFO  rpc.RpcClient (RpcClient.java:createBucket(688)) - Creating Bucket: volume21581/bucket84303, with bucket layout LEGACY, runner as owner, Versioning false, Storage Type set to DISK and Encryption set to false, Replication Type set to server-side default replication type, Namespace Quota set to -1, Space Quota set to -1 
2023-08-31 10:24:34,461 [OM StateMachine ApplyTransaction Thread - 0] INFO  bucket.OMBucketCreateRequest (OMBucketCreateRequest.java:validateAndUpdateCache(270)) - created bucket: bucket84303 of layout LEGACY in volume: volume21581
2023-08-31 10:24:34,515 [setup] INFO  contract.AbstractFSContractTestBase (AbstractFSContractTestBase.java:setup(194)) - Test filesystem = o3fs://bucket84303.volume21581 implemented by OzoneFileSystem{URI=o3fs://bucket84303.volume21581, workingDir=o3fs://bucket84303.volume21581/user/runner, userName=runner, statistics=20994 bytes read, 22552 bytes written, 69 read ops, 0 large read ops, 39 write ops}
2023-08-31 10:24:34,519 [JUnit-testCreateNewFile[0]] INFO  contract.AbstractFSContractTestBase (AbstractFSContractTestBase.java:describe(278)) - Foundational 'create a file' test, using builder API=true
2023-08-31 10:24:34,568 [IPC Server handler 3 on default port 15001] WARN  node.SCMNodeManager (SCMNodeManager.java:getNodesByAddress(1373)) - Cannot find node for address 127.0.0.1
2023-08-31 10:24:34,587 [JUnit-testCreateNewFile[0]] INFO  contract.AbstractFSContractTestBase (AbstractFSContractTestBase.java:describe(278)) - Foundational 'create a file' test, using builder API=false
2023-08-31 10:24:34,640 [IPC Server handler 0 on default port 15001] WARN  node.SCMNodeManager (SCMNodeManager.java:getNodesByAddress(1373)) - Cannot find node for address 127.0.0.1
]]></system-out>
  </testcase>
  <testcase name="testCreateNewFile" classname="ITestOzoneContractCreate" time="0.152">
    <system-out><![CDATA[2023-08-31 10:24:56,291 [setup] INFO  rpc.RpcClient (RpcClient.java:createVolume(461)) - Creating Volume: volume61320, with user45532 as owner and space quota set to -1 bytes, counts quota set to -1
2023-08-31 10:24:56,293 [OM StateMachine ApplyTransaction Thread - 0] INFO  volume.OMVolumeCreateRequest (OMVolumeCreateRequest.java:validateAndUpdateCache(196)) - created volume:volume61320 for user:user45532
2023-08-31 10:24:56,295 [setup] INFO  rpc.RpcClient (RpcClient.java:createBucket(688)) - Creating Bucket: volume61320/bucket60321, with bucket layout LEGACY, runner as owner, Versioning false, Storage Type set to DISK and Encryption set to false, Replication Type set to server-side default replication type, Namespace Quota set to -1, Space Quota set to -1 
2023-08-31 10:24:56,298 [OM StateMachine ApplyTransaction Thread - 0] INFO  bucket.OMBucketCreateRequest (OMBucketCreateRequest.java:validateAndUpdateCache(270)) - created bucket: bucket60321 of layout LEGACY in volume: volume61320
2023-08-31 10:24:56,337 [setup] INFO  contract.AbstractFSContractTestBase (AbstractFSContractTestBase.java:setup(194)) - Test filesystem = o3fs://bucket60321.volume61320 implemented by OzoneFileSystem{URI=o3fs://bucket60321.volume61320, workingDir=o3fs://bucket60321.volume61320/user/runner, userName=runner, statistics=42499 bytes read, 45872 bytes written, 149 read ops, 0 large read ops, 84 write ops}
2023-08-31 10:24:56,341 [JUnit-testCreateNewFile[1]] INFO  contract.AbstractFSContractTestBase (AbstractFSContractTestBase.java:describe(278)) - Foundational 'create a file' test, using builder API=true
2023-08-31 10:24:56,377 [IPC Server handler 7 on default port 15054] WARN  node.SCMNodeManager (SCMNodeManager.java:getNodesByAddress(1373)) - Cannot find node for address 127.0.0.1
2023-08-31 10:24:56,389 [JUnit-testCreateNewFile[1]] INFO  contract.AbstractFSContractTestBase (AbstractFSContractTestBase.java:describe(278)) - Foundational 'create a file' test, using builder API=false
2023-08-31 10:24:56,411 [IPC Server handler 10 on default port 15054] WARN  node.SCMNodeManager (SCMNodeManager.java:getNodesByAddress(1373)) - Cannot find node for address 127.0.0.1
]]></system-out>
  </testcase>
  <testcase name="testCreateUnderFileSubdir" classname="ITestOzoneContractCreate" time="0.137">
    <system-out><![CDATA[2023-08-31 10:24:34,685 [setup] INFO  rpc.RpcClient (RpcClient.java:createVolume(461)) - Creating Volume: volume92898, with user31627 as owner and space quota set to -1 bytes, counts quota set to -1
2023-08-31 10:24:34,687 [OM StateMachine ApplyTransaction Thread - 0] INFO  volume.OMVolumeCreateRequest (OMVolumeCreateRequest.java:validateAndUpdateCache(196)) - created volume:volume92898 for user:user31627
2023-08-31 10:24:34,689 [setup] INFO  rpc.RpcClient (RpcClient.java:createBucket(688)) - Creating Bucket: volume92898/bucket05235, with bucket layout LEGACY, runner as owner, Versioning false, Storage Type set to DISK and Encryption set to false, Replication Type set to server-side default replication type, Namespace Quota set to -1, Space Quota set to -1 
2023-08-31 10:24:34,692 [OM StateMachine ApplyTransaction Thread - 0] INFO  bucket.OMBucketCreateRequest (OMBucketCreateRequest.java:validateAndUpdateCache(270)) - created bucket: bucket05235 of layout LEGACY in volume: volume92898
2023-08-31 10:24:34,745 [setup] INFO  contract.AbstractFSContractTestBase (AbstractFSContractTestBase.java:setup(194)) - Test filesystem = o3fs://bucket05235.volume92898 implemented by OzoneFileSystem{URI=o3fs://bucket05235.volume92898, workingDir=o3fs://bucket05235.volume92898/user/runner, userName=runner, statistics=21506 bytes read, 23064 bytes written, 77 read ops, 0 large read ops, 42 write ops}
2023-08-31 10:24:34,749 [JUnit-testCreateUnderFileSubdir[0]] INFO  contract.AbstractFSContractTestBase (AbstractFSContractTestBase.java:describe(278)) - Verify that it is forbidden to create file/dir/file
10:24:34.796 [OM StateMachine ApplyTransaction Thread - 0] ERROR OMAudit - user=runner | ip=127.0.0.1 | op=CREATE_FILE {volume=volume92898, bucket=bucket05235, key=test/testCreateUnderFileSubdir[0]/parent/child, dataSize=4194304, replicationType=RATIS, replicationFactor=ONE} | ret=FAILURE
org.apache.hadoop.ozone.om.exceptions.OMException: Can not create file: test/testCreateUnderFileSubdir[0]/parent/child as there is already file in the given path
	at org.apache.hadoop.ozone.om.request.file.OMFileCreateRequest.checkDirectoryResult(OMFileCreateRequest.java:366) ~[ozone-manager-1.4.0-SNAPSHOT.jar:?]
	at org.apache.hadoop.ozone.om.request.file.OMFileCreateRequest.validateAndUpdateCache(OMFileCreateRequest.java:237) ~[ozone-manager-1.4.0-SNAPSHOT.jar:?]
	at org.apache.hadoop.ozone.protocolPB.OzoneManagerRequestHandler.handleWriteRequest(OzoneManagerRequestHandler.java:375) ~[ozone-manager-1.4.0-SNAPSHOT.jar:?]
	at org.apache.hadoop.ozone.om.ratis.OzoneManagerStateMachine.runCommand(OzoneManagerStateMachine.java:568) ~[ozone-manager-1.4.0-SNAPSHOT.jar:?]
	at org.apache.hadoop.ozone.om.ratis.OzoneManagerStateMachine.lambda$1(OzoneManagerStateMachine.java:359) ~[ozone-manager-1.4.0-SNAPSHOT.jar:?]
	at java.util.concurrent.CompletableFuture$AsyncSupply.run(CompletableFuture.java:1604) [?:1.8.0_382]
	at java.util.concurrent.ThreadPoolExecutor.runWorker(ThreadPoolExecutor.java:1149) [?:1.8.0_382]
	at java.util.concurrent.ThreadPoolExecutor$Worker.run(ThreadPoolExecutor.java:624) [?:1.8.0_382]
	at java.lang.Thread.run(Thread.java:750) [?:1.8.0_382]
2023-08-31 10:24:34,796 [OM StateMachine ApplyTransaction Thread - 0] ERROR file.OMFileCreateRequest (OMFileCreateRequest.java:validateAndUpdateCache(336)) - File create failed. Volume:volume92898, Bucket:bucket05235, Keytest/testCreateUnderFileSubdir[0]/parent/child.
NOT_A_FILE org.apache.hadoop.ozone.om.exceptions.OMException: Can not create file: test/testCreateUnderFileSubdir[0]/parent/child as there is already file in the given path
	at org.apache.hadoop.ozone.om.request.file.OMFileCreateRequest.checkDirectoryResult(OMFileCreateRequest.java:366)
	at org.apache.hadoop.ozone.om.request.file.OMFileCreateRequest.validateAndUpdateCache(OMFileCreateRequest.java:237)
	at org.apache.hadoop.ozone.protocolPB.OzoneManagerRequestHandler.handleWriteRequest(OzoneManagerRequestHandler.java:375)
	at org.apache.hadoop.ozone.om.ratis.OzoneManagerStateMachine.runCommand(OzoneManagerStateMachine.java:568)
	at org.apache.hadoop.ozone.om.ratis.OzoneManagerStateMachine.lambda$1(OzoneManagerStateMachine.java:359)
	at java.util.concurrent.CompletableFuture$AsyncSupply.run(CompletableFuture.java:1604)
	at java.util.concurrent.ThreadPoolExecutor.runWorker(ThreadPoolExecutor.java:1149)
	at java.util.concurrent.ThreadPoolExecutor$Worker.run(ThreadPoolExecutor.java:624)
	at java.lang.Thread.run(Thread.java:750)
]]></system-out>
  </testcase>
  <testcase name="testCreateUnderFileSubdir" classname="ITestOzoneContractCreate" time="0.119">
    <system-out><![CDATA[2023-08-31 10:24:56,446 [setup] INFO  rpc.RpcClient (RpcClient.java:createVolume(461)) - Creating Volume: volume96066, with user66956 as owner and space quota set to -1 bytes, counts quota set to -1
2023-08-31 10:24:56,448 [OM StateMachine ApplyTransaction Thread - 0] INFO  volume.OMVolumeCreateRequest (OMVolumeCreateRequest.java:validateAndUpdateCache(196)) - created volume:volume96066 for user:user66956
2023-08-31 10:24:56,450 [setup] INFO  rpc.RpcClient (RpcClient.java:createBucket(688)) - Creating Bucket: volume96066/bucket77507, with bucket layout LEGACY, runner as owner, Versioning false, Storage Type set to DISK and Encryption set to false, Replication Type set to server-side default replication type, Namespace Quota set to -1, Space Quota set to -1 
2023-08-31 10:24:56,452 [OM StateMachine ApplyTransaction Thread - 0] INFO  bucket.OMBucketCreateRequest (OMBucketCreateRequest.java:validateAndUpdateCache(270)) - created bucket: bucket77507 of layout LEGACY in volume: volume96066
2023-08-31 10:24:56,493 [setup] INFO  contract.AbstractFSContractTestBase (AbstractFSContractTestBase.java:setup(194)) - Test filesystem = o3fs://bucket77507.volume96066 implemented by OzoneFileSystem{URI=o3fs://bucket77507.volume96066, workingDir=o3fs://bucket77507.volume96066/user/runner, userName=runner, statistics=43011 bytes read, 46384 bytes written, 157 read ops, 0 large read ops, 87 write ops}
2023-08-31 10:24:56,498 [JUnit-testCreateUnderFileSubdir[1]] INFO  contract.AbstractFSContractTestBase (AbstractFSContractTestBase.java:describe(278)) - Verify that it is forbidden to create file/dir/file
10:24:56.537 [OM StateMachine ApplyTransaction Thread - 0] ERROR OMAudit - user=runner | ip=127.0.0.1 | op=CREATE_FILE {volume=volume96066, bucket=bucket77507, key=test/testCreateUnderFileSubdir[1]/parent/child, dataSize=4194304, replicationType=RATIS, replicationFactor=ONE} | ret=FAILURE
org.apache.hadoop.ozone.om.exceptions.OMException: Can not create file: test/testCreateUnderFileSubdir[1]/parent/child as there is already file in the given path
	at org.apache.hadoop.ozone.om.request.file.OMFileCreateRequest.checkDirectoryResult(OMFileCreateRequest.java:366) ~[ozone-manager-1.4.0-SNAPSHOT.jar:?]
	at org.apache.hadoop.ozone.om.request.file.OMFileCreateRequest.validateAndUpdateCache(OMFileCreateRequest.java:237) ~[ozone-manager-1.4.0-SNAPSHOT.jar:?]
	at org.apache.hadoop.ozone.protocolPB.OzoneManagerRequestHandler.handleWriteRequest(OzoneManagerRequestHandler.java:375) ~[ozone-manager-1.4.0-SNAPSHOT.jar:?]
	at org.apache.hadoop.ozone.om.ratis.OzoneManagerStateMachine.runCommand(OzoneManagerStateMachine.java:568) ~[ozone-manager-1.4.0-SNAPSHOT.jar:?]
	at org.apache.hadoop.ozone.om.ratis.OzoneManagerStateMachine.lambda$1(OzoneManagerStateMachine.java:359) ~[ozone-manager-1.4.0-SNAPSHOT.jar:?]
	at java.util.concurrent.CompletableFuture$AsyncSupply.run(CompletableFuture.java:1604) [?:1.8.0_382]
	at java.util.concurrent.ThreadPoolExecutor.runWorker(ThreadPoolExecutor.java:1149) [?:1.8.0_382]
	at java.util.concurrent.ThreadPoolExecutor$Worker.run(ThreadPoolExecutor.java:624) [?:1.8.0_382]
	at java.lang.Thread.run(Thread.java:750) [?:1.8.0_382]
2023-08-31 10:24:56,537 [OM StateMachine ApplyTransaction Thread - 0] ERROR file.OMFileCreateRequest (OMFileCreateRequest.java:validateAndUpdateCache(336)) - File create failed. Volume:volume96066, Bucket:bucket77507, Keytest/testCreateUnderFileSubdir[1]/parent/child.
NOT_A_FILE org.apache.hadoop.ozone.om.exceptions.OMException: Can not create file: test/testCreateUnderFileSubdir[1]/parent/child as there is already file in the given path
	at org.apache.hadoop.ozone.om.request.file.OMFileCreateRequest.checkDirectoryResult(OMFileCreateRequest.java:366)
	at org.apache.hadoop.ozone.om.request.file.OMFileCreateRequest.validateAndUpdateCache(OMFileCreateRequest.java:237)
	at org.apache.hadoop.ozone.protocolPB.OzoneManagerRequestHandler.handleWriteRequest(OzoneManagerRequestHandler.java:375)
	at org.apache.hadoop.ozone.om.ratis.OzoneManagerStateMachine.runCommand(OzoneManagerStateMachine.java:568)
	at org.apache.hadoop.ozone.om.ratis.OzoneManagerStateMachine.lambda$1(OzoneManagerStateMachine.java:359)
	at java.util.concurrent.CompletableFuture$AsyncSupply.run(CompletableFuture.java:1604)
	at java.util.concurrent.ThreadPoolExecutor.runWorker(ThreadPoolExecutor.java:1149)
	at java.util.concurrent.ThreadPoolExecutor$Worker.run(ThreadPoolExecutor.java:624)
	at java.lang.Thread.run(Thread.java:750)
]]></system-out>
  </testcase>
</testsuite>