<?xml version="1.0" encoding="UTF-8"?>
<testsuite xmlns:xsi="http://www.w3.org/2001/XMLSchema-instance" xsi:noNamespaceSchemaLocation="https://maven.apache.org/surefire/maven-surefire-plugin/xsd/surefire-test-report.xsd" name="org.apache.hadoop.ozone.client.rpc.TestDeleteWithSlowFollower" time="28.638" tests="1" errors="0" skipped="0" failures="1">
  <properties>
    <property name="awt.toolkit" value="sun.awt.X11.XToolkit"/>
    <property name="file.encoding.pkg" value="sun.io"/>
    <property name="java.specification.version" value="1.8"/>
    <property name="sun.cpu.isalist" value=""/>
    <property name="sun.jnu.encoding" value="ANSI_X3.4-1968"/>
    <property name="java.class.path" value="/github/workspace/mnt/ozone/hadoop-ozone/integration-test/target/test-classes:/github/workspace/mnt/ozone/hadoop-ozone/integration-test/target/classes:/home/user/.m2/repository/org/apache/hadoop/hadoop-ozone-common/0.6.0-SNAPSHOT/hadoop-ozone-common-0.6.0-SNAPSHOT.jar:/home/user/.m2/repository/org/apache/commons/commons-compress/1.4.1/commons-compress-1.4.1.jar:/home/user/.m2/repository/org/tukaani/xz/1.0/xz-1.0.jar:/home/user/.m2/repository/org/apache/hadoop/hadoop-hdds-common/0.6.0-SNAPSHOT/hadoop-hdds-common-0.6.0-SNAPSHOT.jar:/home/user/.m2/repository/org/apache/hadoop/hadoop-hdds-hadoop-dependency-client/0.6.0-SNAPSHOT/hadoop-hdds-hadoop-dependency-client-0.6.0-SNAPSHOT.jar:/home/user/.m2/repository/info/picocli/picocli/3.9.6/picocli-3.9.6.jar:/home/user/.m2/repository/com/fasterxml/jackson/core/jackson-annotations/2.10.3/jackson-annotations-2.10.3.jar:/home/user/.m2/repository/javax/annotation/javax.annotation-api/1.2/javax.annotation-api-1.2.jar:/home/user/.m2/repository/org/apache/ratis/ratis-server/0.6.0-6ab75ae-SNAPSHOT/ratis-server-0.6.0-6ab75ae-SNAPSHOT.jar:/home/user/.m2/repository/org/apache/ratis/ratis-client/0.6.0-6ab75ae-SNAPSHOT/ratis-client-0.6.0-6ab75ae-SNAPSHOT.jar:/home/user/.m2/repository/org/apache/ratis/ratis-metrics/0.6.0-6ab75ae-SNAPSHOT/ratis-metrics-0.6.0-6ab75ae-SNAPSHOT.jar:/home/user/.m2/repository/org/apache/ratis/ratis-netty/0.6.0-6ab75ae-SNAPSHOT/ratis-netty-0.6.0-6ab75ae-SNAPSHOT.jar:/home/user/.m2/repository/org/apache/ratis/ratis-grpc/0.6.0-6ab75ae-SNAPSHOT/ratis-grpc-0.6.0-6ab75ae-SNAPSHOT.jar:/home/user/.m2/repository/org/apache/logging/log4j/log4j-api/2.11.0/log4j-api-2.11.0.jar:/home/user/.m2/repository/org/apache/logging/log4j/log4j-core/2.11.0/log4j-core-2.11.0.jar:/home/user/.m2/repository/com/lmax/disruptor/3.4.2/disruptor-3.4.2.jar:/home/user/.m2/repository/org/apache/commons/commons-pool2/2.6.0/commons-pool2-2.6.0.jar:/home/user/.m2/repository/org/bouncycastle/bcpkix-jdk15on/1.60/bcpkix-jdk15on-1.60.jar:/home/user/.m2/repository/commons-validator/commons-validator/1.6/commons-validator-1.6.jar:/home/user/.m2/repository/commons-digester/commons-digester/1.8.1/commons-digester-1.8.1.jar:/home/user/.m2/repository/io/jaegertracing/jaeger-client/1.2.0/jaeger-client-1.2.0.jar:/home/user/.m2/repository/io/jaegertracing/jaeger-thrift/1.2.0/jaeger-thrift-1.2.0.jar:/home/user/.m2/repository/org/apache/thrift/libthrift/0.13.0/libthrift-0.13.0.jar:/home/user/.m2/repository/com/squareup/okhttp3/okhttp/4.2.2/okhttp-4.2.2.jar:/home/user/.m2/repository/com/squareup/okio/okio/2.2.2/okio-2.2.2.jar:/home/user/.m2/repository/org/jetbrains/kotlin/kotlin-stdlib/1.3.50/kotlin-stdlib-1.3.50.jar:/home/user/.m2/repository/org/jetbrains/kotlin/kotlin-stdlib-common/1.3.50/kotlin-stdlib-common-1.3.50.jar:/home/user/.m2/repository/org/jetbrains/annotations/13.0/annotations-13.0.jar:/home/user/.m2/repository/io/jaegertracing/jaeger-core/1.2.0/jaeger-core-1.2.0.jar:/home/user/.m2/repository/io/jaegertracing/jaeger-tracerresolver/1.2.0/jaeger-tracerresolver-1.2.0.jar:/home/user/.m2/repository/io/opentracing/contrib/opentracing-tracerresolver/0.1.8/opentracing-tracerresolver-0.1.8.jar:/home/user/.m2/repository/io/opentracing/opentracing-util/0.33.0/opentracing-util-0.33.0.jar:/home/user/.m2/repository/io/opentracing/opentracing-api/0.33.0/opentracing-api-0.33.0.jar:/home/user/.m2/repository/io/opentracing/opentracing-noop/0.33.0/opentracing-noop-0.33.0.jar:/home/user/.m2/repository/org/apache/hadoop/hadoop-hdds-client/0.6.0-SNAPSHOT/hadoop-hdds-client-0.6.0-SNAPSHOT.jar:/home/user/.m2/repository/org/apache/hadoop/hadoop-ozone-interface-client/0.6.0-SNAPSHOT/hadoop-ozone-interface-client-0.6.0-SNAPSHOT.jar:/home/user/.m2/repository/org/apache/hadoop/hadoop-hdds-test-utils/0.6.0-SNAPSHOT/hadoop-hdds-test-utils-0.6.0-SNAPSHOT.jar:/home/user/.m2/repository/com/google/guava/guava/28.2-jre/guava-28.2-jre.jar:/home/user/.m2/repository/com/google/guava/failureaccess/1.0.1/failureaccess-1.0.1.jar:/home/user/.m2/repository/com/google/guava/listenablefuture/9999.0-empty-to-avoid-conflict-with-guava/listenablefuture-9999.0-empty-to-avoid-conflict-with-guava.jar:/home/user/.m2/repository/com/google/code/findbugs/jsr305/3.0.0/jsr305-3.0.0.jar:/home/user/.m2/repository/org/checkerframework/checker-qual/2.10.0/checker-qual-2.10.0.jar:/home/user/.m2/repository/com/google/errorprone/error_prone_annotations/2.2.0/error_prone_annotations-2.2.0.jar:/home/user/.m2/repository/com/google/j2objc/j2objc-annotations/1.3/j2objc-annotations-1.3.jar:/home/user/.m2/repository/commons-io/commons-io/2.5/commons-io-2.5.jar:/home/user/.m2/repository/commons-logging/commons-logging/1.2/commons-logging-1.2.jar:/home/user/.m2/repository/log4j/log4j/1.2.17/log4j-1.2.17.jar:/home/user/.m2/repository/org/slf4j/slf4j-api/1.7.25/slf4j-api-1.7.25.jar:/home/user/.m2/repository/org/apache/hadoop/hadoop-hdds-server-scm/0.6.0-SNAPSHOT/hadoop-hdds-server-scm-0.6.0-SNAPSHOT.jar:/home/user/.m2/repository/org/apache/hadoop/hadoop-hdds-container-service/0.6.0-SNAPSHOT/hadoop-hdds-container-service-0.6.0-SNAPSHOT.jar:/home/user/.m2/repository/org/apache/hadoop/hadoop-hdds-hadoop-dependency-server/0.6.0-SNAPSHOT/hadoop-hdds-hadoop-dependency-server-0.6.0-SNAPSHOT.jar:/home/user/.m2/repository/org/apache/hadoop/hadoop-hdds-server-framework/0.6.0-SNAPSHOT/hadoop-hdds-server-framework-0.6.0-SNAPSHOT.jar:/home/user/.m2/repository/org/apache/hadoop/hadoop-hdds-interface-server/0.6.0-SNAPSHOT/hadoop-hdds-interface-server-0.6.0-SNAPSHOT.jar:/home/user/.m2/repository/org/apache/hadoop/hadoop-hdds-interface-admin/0.6.0-SNAPSHOT/hadoop-hdds-interface-admin-0.6.0-SNAPSHOT.jar:/home/user/.m2/repository/org/rocksdb/rocksdbjni/6.8.1/rocksdbjni-6.8.1.jar:/home/user/.m2/repository/io/prometheus/simpleclient_dropwizard/0.7.0/simpleclient_dropwizard-0.7.0.jar:/home/user/.m2/repository/io/prometheus/simpleclient/0.7.0/simpleclient-0.7.0.jar:/home/user/.m2/repository/io/prometheus/simpleclient_common/0.7.0/simpleclient_common-0.7.0.jar:/home/user/.m2/repository/com/fasterxml/jackson/datatype/jackson-datatype-jsr310/2.10.3/jackson-datatype-jsr310-2.10.3.jar:/home/user/.m2/repository/org/apache/hadoop/hadoop-hdds-docs/0.6.0-SNAPSHOT/hadoop-hdds-docs-0.6.0-SNAPSHOT.jar:/home/user/.m2/repository/io/dropwizard/metrics/metrics-core/3.2.4/metrics-core-3.2.4.jar:/home/user/.m2/repository/org/apache/hadoop/hadoop-hdfs-client/3.2.1/hadoop-hdfs-client-3.2.1.jar:/home/user/.m2/repository/org/bouncycastle/bcprov-jdk15on/1.60/bcprov-jdk15on-1.60.jar:/home/user/.m2/repository/org/apache/hadoop/hadoop-ozone-ozone-manager/0.6.0-SNAPSHOT/hadoop-ozone-ozone-manager-0.6.0-SNAPSHOT.jar:/home/user/.m2/repository/org/apache/hadoop/hadoop-hdds-interface-client/0.6.0-SNAPSHOT/hadoop-hdds-interface-client-0.6.0-SNAPSHOT.jar:/home/user/.m2/repository/org/apache/ratis/ratis-thirdparty-misc/0.4.0/ratis-thirdparty-misc-0.4.0.jar:/home/user/.m2/repository/org/apache/hadoop/hadoop-minikdc/3.2.1/hadoop-minikdc-3.2.1.jar:/home/user/.m2/repository/org/apache/kerby/kerb-simplekdc/1.0.1/kerb-simplekdc-1.0.1.jar:/home/user/.m2/repository/org/apache/kerby/kerb-client/1.0.1/kerb-client-1.0.1.jar:/home/user/.m2/repository/org/apache/kerby/kerby-config/1.0.1/kerby-config-1.0.1.jar:/home/user/.m2/repository/org/apache/kerby/kerb-core/1.0.1/kerb-core-1.0.1.jar:/home/user/.m2/repository/org/apache/kerby/kerby-pkix/1.0.1/kerby-pkix-1.0.1.jar:/home/user/.m2/repository/org/apache/kerby/kerby-asn1/1.0.1/kerby-asn1-1.0.1.jar:/home/user/.m2/repository/org/apache/kerby/kerby-util/1.0.1/kerby-util-1.0.1.jar:/home/user/.m2/repository/org/apache/kerby/kerb-common/1.0.1/kerb-common-1.0.1.jar:/home/user/.m2/repository/org/apache/kerby/kerb-crypto/1.0.1/kerb-crypto-1.0.1.jar:/home/user/.m2/repository/org/apache/kerby/kerb-util/1.0.1/kerb-util-1.0.1.jar:/home/user/.m2/repository/org/apache/kerby/token-provider/1.0.1/token-provider-1.0.1.jar:/home/user/.m2/repository/org/apache/kerby/kerb-admin/1.0.1/kerb-admin-1.0.1.jar:/home/user/.m2/repository/org/apache/kerby/kerb-server/1.0.1/kerb-server-1.0.1.jar:/home/user/.m2/repository/org/apache/kerby/kerb-identity/1.0.1/kerb-identity-1.0.1.jar:/home/user/.m2/repository/org/apache/kerby/kerby-xdr/1.0.1/kerby-xdr-1.0.1.jar:/home/user/.m2/repository/org/slf4j/slf4j-log4j12/1.7.25/slf4j-log4j12-1.7.25.jar:/home/user/.m2/repository/org/apache/hadoop/hadoop-ozone-s3gateway/0.6.0-SNAPSHOT/hadoop-ozone-s3gateway-0.6.0-SNAPSHOT.jar:/home/user/.m2/repository/org/jboss/weld/servlet/weld-servlet/2.4.7.Final/weld-servlet-2.4.7.Final.jar:/home/user/.m2/repository/org/glassfish/jersey/containers/jersey-container-servlet-core/2.27/jersey-container-servlet-core-2.27.jar:/home/user/.m2/repository/org/glassfish/hk2/external/javax.inject/2.5.0-b42/javax.inject-2.5.0-b42.jar:/home/user/.m2/repository/org/glassfish/jersey/core/jersey-common/2.27/jersey-common-2.27.jar:/home/user/.m2/repository/org/glassfish/hk2/osgi-resource-locator/1.0.1/osgi-resource-locator-1.0.1.jar:/home/user/.m2/repository/javax/ws/rs/javax.ws.rs-api/2.1/javax.ws.rs-api-2.1.jar:/home/user/.m2/repository/org/glassfish/jersey/ext/cdi/jersey-cdi1x/2.27/jersey-cdi1x-2.27.jar:/home/user/.m2/repository/org/glassfish/jersey/inject/jersey-hk2/2.27/jersey-hk2-2.27.jar:/home/user/.m2/repository/org/glassfish/hk2/hk2-locator/2.5.0-b42/hk2-locator-2.5.0-b42.jar:/home/user/.m2/repository/org/javassist/javassist/3.22.0-CR2/javassist-3.22.0-CR2.jar:/home/user/.m2/repository/org/glassfish/hk2/hk2-api/2.5.0/hk2-api-2.5.0.jar:/home/user/.m2/repository/org/glassfish/hk2/external/jakarta.inject/2.5.0/jakarta.inject-2.5.0.jar:/home/user/.m2/repository/org/glassfish/hk2/hk2-utils/2.5.0/hk2-utils-2.5.0.jar:/home/user/.m2/repository/jakarta/annotation/jakarta.annotation-api/1.3.4/jakarta.annotation-api-1.3.4.jar:/home/user/.m2/repository/org/glassfish/hk2/external/aopalliance-repackaged/2.5.0/aopalliance-repackaged-2.5.0.jar:/home/user/.m2/repository/com/fasterxml/jackson/dataformat/jackson-dataformat-xml/2.10.3/jackson-dataformat-xml-2.10.3.jar:/home/user/.m2/repository/com/fasterxml/jackson/core/jackson-core/2.10.3/jackson-core-2.10.3.jar:/home/user/.m2/repository/com/fasterxml/jackson/module/jackson-module-jaxb-annotations/2.10.3/jackson-module-jaxb-annotations-2.10.3.jar:/home/user/.m2/repository/jakarta/xml/bind/jakarta.xml.bind-api/2.3.2/jakarta.xml.bind-api-2.3.2.jar:/home/user/.m2/repository/jakarta/activation/jakarta.activation-api/1.2.1/jakarta.activation-api-1.2.1.jar:/home/user/.m2/repository/org/codehaus/woodstox/stax2-api/3.1.4/stax2-api-3.1.4.jar:/home/user/.m2/repository/com/fasterxml/woodstox/woodstox-core/5.0.3/woodstox-core-5.0.3.jar:/home/user/.m2/repository/javax/enterprise/cdi-api/1.2/cdi-api-1.2.jar:/home/user/.m2/repository/javax/el/javax.el-api/3.0.0/javax.el-api-3.0.0.jar:/home/user/.m2/repository/javax/interceptor/javax.interceptor-api/1.2/javax.interceptor-api-1.2.jar:/home/user/.m2/repository/javax/inject/javax.inject/1/javax.inject-1.jar:/home/user/.m2/repository/com/sun/xml/bind/jaxb-impl/2.3.0.1/jaxb-impl-2.3.0.1.jar:/home/user/.m2/repository/com/sun/xml/bind/jaxb-core/2.3.0.1/jaxb-core-2.3.0.1.jar:/home/user/.m2/repository/javax/xml/bind/jaxb-api/2.3.0/jaxb-api-2.3.0.jar:/home/user/.m2/repository/javax/activation/activation/1.1.1/activation-1.1.1.jar:/home/user/.m2/repository/org/apache/hadoop/hadoop-ozone-csi/0.6.0-SNAPSHOT/hadoop-ozone-csi-0.6.0-SNAPSHOT.jar:/home/user/.m2/repository/com/google/protobuf/protobuf-java-util/3.11.0/protobuf-java-util-3.11.0.jar:/home/user/.m2/repository/com/google/code/gson/gson/2.2.4/gson-2.2.4.jar:/home/user/.m2/repository/org/apache/hadoop/hadoop-hdds-config/0.6.0-SNAPSHOT/hadoop-hdds-config-0.6.0-SNAPSHOT.jar:/home/user/.m2/repository/com/google/protobuf/protobuf-java/2.5.0/protobuf-java-2.5.0.jar:/home/user/.m2/repository/io/grpc/grpc-netty/1.29.0/grpc-netty-1.29.0.jar:/home/user/.m2/repository/io/grpc/grpc-core/1.29.0/grpc-core-1.29.0.jar:/home/user/.m2/repository/com/google/android/annotations/4.1.1.4/annotations-4.1.1.4.jar:/home/user/.m2/repository/io/perfmark/perfmark-api/0.19.0/perfmark-api-0.19.0.jar:/home/user/.m2/repository/io/netty/netty-codec-http2/4.1.48.Final/netty-codec-http2-4.1.48.Final.jar:/home/user/.m2/repository/io/netty/netty-codec/4.1.48.Final/netty-codec-4.1.48.Final.jar:/home/user/.m2/repository/io/netty/netty-handler/4.1.48.Final/netty-handler-4.1.48.Final.jar:/home/user/.m2/repository/io/netty/netty-codec-http/4.1.48.Final/netty-codec-http-4.1.48.Final.jar:/home/user/.m2/repository/io/netty/netty-handler-proxy/4.1.48.Final/netty-handler-proxy-4.1.48.Final.jar:/home/user/.m2/repository/io/netty/netty-codec-socks/4.1.48.Final/netty-codec-socks-4.1.48.Final.jar:/home/user/.m2/repository/io/netty/netty-transport-native-epoll/4.1.48.Final/netty-transport-native-epoll-4.1.48.Final.jar:/home/user/.m2/repository/io/netty/netty-common/4.1.48.Final/netty-common-4.1.48.Final.jar:/home/user/.m2/repository/io/netty/netty-buffer/4.1.48.Final/netty-buffer-4.1.48.Final.jar:/home/user/.m2/repository/io/netty/netty-transport/4.1.48.Final/netty-transport-4.1.48.Final.jar:/home/user/.m2/repository/io/netty/netty-resolver/4.1.48.Final/netty-resolver-4.1.48.Final.jar:/home/user/.m2/repository/io/netty/netty-transport-native-unix-common/4.1.48.Final/netty-transport-native-unix-common-4.1.48.Final.jar:/home/user/.m2/repository/io/grpc/grpc-protobuf/1.29.0/grpc-protobuf-1.29.0.jar:/home/user/.m2/repository/io/grpc/grpc-api/1.29.0/grpc-api-1.29.0.jar:/home/user/.m2/repository/io/grpc/grpc-context/1.29.0/grpc-context-1.29.0.jar:/home/user/.m2/repository/org/codehaus/mojo/animal-sniffer-annotations/1.18/animal-sniffer-annotations-1.18.jar:/home/user/.m2/repository/com/google/api/grpc/proto-google-common-protos/1.17.0/proto-google-common-protos-1.17.0.jar:/home/user/.m2/repository/io/grpc/grpc-protobuf-lite/1.29.0/grpc-protobuf-lite-1.29.0.jar:/home/user/.m2/repository/io/grpc/grpc-stub/1.29.0/grpc-stub-1.29.0.jar:/home/user/.m2/repository/org/apache/hadoop/hadoop-ozone-recon/0.6.0-SNAPSHOT/hadoop-ozone-recon-0.6.0-SNAPSHOT.jar:/home/user/.m2/repository/org/apache/hadoop/hadoop-ozone-reconcodegen/0.6.0-SNAPSHOT/hadoop-ozone-reconcodegen-0.6.0-SNAPSHOT.jar:/home/user/.m2/repository/com/google/inject/extensions/guice-multibindings/4.0/guice-multibindings-4.0.jar:/home/user/.m2/repository/com/google/inject/guice/4.0/guice-4.0.jar:/home/user/.m2/repository/aopalliance/aopalliance/1.0/aopalliance-1.0.jar:/home/user/.m2/repository/com/google/inject/extensions/guice-assistedinject/4.0/guice-assistedinject-4.0.jar:/home/user/.m2/repository/com/google/inject/extensions/guice-servlet/4.0/guice-servlet-4.0.jar:/home/user/.m2/repository/org/glassfish/jersey/containers/jersey-container-servlet/2.27/jersey-container-servlet-2.27.jar:/home/user/.m2/repository/org/glassfish/hk2/guice-bridge/2.5.0/guice-bridge-2.5.0.jar:/home/user/.m2/repository/org/glassfish/jersey/core/jersey-server/2.27/jersey-server-2.27.jar:/home/user/.m2/repository/org/glassfish/jersey/core/jersey-client/2.27/jersey-client-2.27.jar:/home/user/.m2/repository/org/glassfish/jersey/media/jersey-media-jaxb/2.27/jersey-media-jaxb-2.27.jar:/home/user/.m2/repository/javax/validation/validation-api/1.1.0.Final/validation-api-1.1.0.Final.jar:/home/user/.m2/repository/org/glassfish/jersey/media/jersey-media-json-jackson/2.27/jersey-media-json-jackson-2.27.jar:/home/user/.m2/repository/org/glassfish/jersey/ext/jersey-entity-filtering/2.27/jersey-entity-filtering-2.27.jar:/home/user/.m2/repository/org/jooq/jooq/3.11.10/jooq-3.11.10.jar:/home/user/.m2/repository/org/jooq/jooq-meta/3.11.10/jooq-meta-3.11.10.jar:/home/user/.m2/repository/org/jooq/jooq-codegen/3.11.10/jooq-codegen-3.11.10.jar:/home/user/.m2/repository/com/jolbox/bonecp/0.8.0.RELEASE/bonecp-0.8.0.RELEASE.jar:/home/user/.m2/repository/org/apache/derby/derby/10.14.2.0/derby-10.14.2.0.jar:/home/user/.m2/repository/org/xerial/sqlite-jdbc/3.25.2/sqlite-jdbc-3.25.2.jar:/home/user/.m2/repository/org/springframework/spring-jdbc/5.2.5.RELEASE/spring-jdbc-5.2.5.RELEASE.jar:/home/user/.m2/repository/org/springframework/spring-beans/5.2.5.RELEASE/spring-beans-5.2.5.RELEASE.jar:/home/user/.m2/repository/org/springframework/spring-core/5.2.5.RELEASE/spring-core-5.2.5.RELEASE.jar:/home/user/.m2/repository/org/springframework/spring-jcl/5.2.5.RELEASE/spring-jcl-5.2.5.RELEASE.jar:/home/user/.m2/repository/org/springframework/spring-tx/5.2.5.RELEASE/spring-tx-5.2.5.RELEASE.jar:/home/user/.m2/repository/org/apache/hadoop/hadoop-ozone-client/0.6.0-SNAPSHOT/hadoop-ozone-client-0.6.0-SNAPSHOT.jar:/home/user/.m2/repository/org/apache/hadoop/hadoop-ozone-filesystem/0.6.0-SNAPSHOT/hadoop-ozone-filesystem-0.6.0-SNAPSHOT.jar:/home/user/.m2/repository/org/apache/hadoop/hadoop-ozone-filesystem-common/0.6.0-SNAPSHOT/hadoop-ozone-filesystem-common-0.6.0-SNAPSHOT.jar:/home/user/.m2/repository/org/apache/hadoop/hadoop-ozone-tools/0.6.0-SNAPSHOT/hadoop-ozone-tools-0.6.0-SNAPSHOT.jar:/home/user/.m2/repository/org/apache/hadoop/hadoop-hdfs/3.2.1/hadoop-hdfs-3.2.1.jar:/home/user/.m2/repository/org/apache/ratis/ratis-tools/0.6.0-6ab75ae-SNAPSHOT/ratis-tools-0.6.0-6ab75ae-SNAPSHOT.jar:/home/user/.m2/repository/org/apache/ratis/ratis-proto/0.6.0-6ab75ae-SNAPSHOT/ratis-proto-0.6.0-6ab75ae-SNAPSHOT.jar:/home/user/.m2/repository/org/apache/ratis/ratis-common/0.6.0-6ab75ae-SNAPSHOT/ratis-common-0.6.0-6ab75ae-SNAPSHOT.jar:/home/user/.m2/repository/com/amazonaws/aws-java-sdk-core/1.11.615/aws-java-sdk-core-1.11.615.jar:/home/user/.m2/repository/org/apache/httpcomponents/httpclient/4.5.2/httpclient-4.5.2.jar:/home/user/.m2/repository/org/apache/httpcomponents/httpcore/4.4.4/httpcore-4.4.4.jar:/home/user/.m2/repository/software/amazon/ion/ion-java/1.0.2/ion-java-1.0.2.jar:/home/user/.m2/repository/com/fasterxml/jackson/dataformat/jackson-dataformat-cbor/2.10.3/jackson-dataformat-cbor-2.10.3.jar:/home/user/.m2/repository/joda-time/joda-time/2.8.1/joda-time-2.8.1.jar:/home/user/.m2/repository/com/amazonaws/aws-java-sdk-s3/1.11.615/aws-java-sdk-s3-1.11.615.jar:/home/user/.m2/repository/com/amazonaws/aws-java-sdk-kms/1.11.615/aws-java-sdk-kms-1.11.615.jar:/home/user/.m2/repository/com/amazonaws/jmespath-java/1.11.615/jmespath-java-1.11.615.jar:/home/user/.m2/repository/org/apache/hadoop/hadoop-hdds-tools/0.6.0-SNAPSHOT/hadoop-hdds-tools-0.6.0-SNAPSHOT.jar:/home/user/.m2/repository/commons-cli/commons-cli/1.2/commons-cli-1.2.jar:/home/user/.m2/repository/org/apache/commons/commons-lang3/3.7/commons-lang3-3.7.jar:/home/user/.m2/repository/org/apache/hadoop/hadoop-ozone-ozone-manager/0.6.0-SNAPSHOT/hadoop-ozone-ozone-manager-0.6.0-SNAPSHOT-tests.jar:/home/user/.m2/repository/junit/junit/4.11/junit-4.11.jar:/home/user/.m2/repository/org/hamcrest/hamcrest-core/1.3/hamcrest-core-1.3.jar:/home/user/.m2/repository/org/openjdk/jmh/jmh-core/1.19/jmh-core-1.19.jar:/home/user/.m2/repository/net/sf/jopt-simple/jopt-simple/4.6/jopt-simple-4.6.jar:/home/user/.m2/repository/org/apache/commons/commons-math3/3.1.1/commons-math3-3.1.1.jar:/home/user/.m2/repository/org/openjdk/jmh/jmh-generator-annprocess/1.19/jmh-generator-annprocess-1.19.jar:/home/user/.m2/repository/org/mockito/mockito-all/1.8.5/mockito-all-1.8.5.jar:/home/user/.m2/repository/org/apache/hadoop/hadoop-kms/3.2.1/hadoop-kms-3.2.1.jar:/home/user/.m2/repository/org/apache/hadoop/hadoop-auth/3.2.1/hadoop-auth-3.2.1.jar:/home/user/.m2/repository/com/nimbusds/nimbus-jose-jwt/7.9/nimbus-jose-jwt-7.9.jar:/home/user/.m2/repository/com/github/stephenc/jcip/jcip-annotations/1.0-1/jcip-annotations-1.0-1.jar:/home/user/.m2/repository/net/minidev/json-smart/2.3/json-smart-2.3.jar:/home/user/.m2/repository/net/minidev/accessors-smart/1.2/accessors-smart-1.2.jar:/home/user/.m2/repository/org/ow2/asm/asm/5.0.4/asm-5.0.4.jar:/home/user/.m2/repository/org/apache/zookeeper/zookeeper/3.4.13/zookeeper-3.4.13.jar:/home/user/.m2/repository/org/apache/yetus/audience-annotations/0.5.0/audience-annotations-0.5.0.jar:/home/user/.m2/repository/org/apache/curator/curator-framework/2.13.0/curator-framework-2.13.0.jar:/home/user/.m2/repository/com/sun/jersey/jersey-core/1.19/jersey-core-1.19.jar:/home/user/.m2/repository/javax/ws/rs/jsr311-api/1.1.1/jsr311-api-1.1.1.jar:/home/user/.m2/repository/com/sun/jersey/jersey-server/1.19/jersey-server-1.19.jar:/home/user/.m2/repository/javax/servlet/javax.servlet-api/3.1.0/javax.servlet-api-3.1.0.jar:/home/user/.m2/repository/org/eclipse/jetty/jetty-server/9.4.26.v20200117/jetty-server-9.4.26.v20200117.jar:/home/user/.m2/repository/org/eclipse/jetty/jetty-http/9.4.26.v20200117/jetty-http-9.4.26.v20200117.jar:/home/user/.m2/repository/org/eclipse/jetty/jetty-io/9.4.26.v20200117/jetty-io-9.4.26.v20200117.jar:/home/user/.m2/repository/org/eclipse/jetty/jetty-webapp/9.4.26.v20200117/jetty-webapp-9.4.26.v20200117.jar:/home/user/.m2/repository/org/eclipse/jetty/jetty-xml/9.4.26.v20200117/jetty-xml-9.4.26.v20200117.jar:/home/user/.m2/repository/org/eclipse/jetty/jetty-servlet/9.4.26.v20200117/jetty-servlet-9.4.26.v20200117.jar:/home/user/.m2/repository/org/eclipse/jetty/jetty-security/9.4.26.v20200117/jetty-security-9.4.26.v20200117.jar:/home/user/.m2/repository/org/apache/hadoop/hadoop-common/3.2.1/hadoop-common-3.2.1.jar:/home/user/.m2/repository/commons-net/commons-net/3.6/commons-net-3.6.jar:/home/user/.m2/repository/commons-collections/commons-collections/3.2.2/commons-collections-3.2.2.jar:/home/user/.m2/repository/com/sun/jersey/jersey-servlet/1.19/jersey-servlet-1.19.jar:/home/user/.m2/repository/com/sun/jersey/jersey-json/1.19/jersey-json-1.19.jar:/home/user/.m2/repository/org/codehaus/jettison/jettison/1.1/jettison-1.1.jar:/home/user/.m2/repository/org/codehaus/jackson/jackson-jaxrs/1.9.2/jackson-jaxrs-1.9.2.jar:/home/user/.m2/repository/org/codehaus/jackson/jackson-xc/1.9.2/jackson-xc-1.9.2.jar:/home/user/.m2/repository/commons-beanutils/commons-beanutils/1.9.4/commons-beanutils-1.9.4.jar:/home/user/.m2/repository/org/apache/commons/commons-configuration2/2.1.1/commons-configuration2-2.1.1.jar:/home/user/.m2/repository/org/apache/commons/commons-text/1.4/commons-text-1.4.jar:/home/user/.m2/repository/com/google/re2j/re2j/1.1/re2j-1.1.jar:/home/user/.m2/repository/com/jcraft/jsch/0.1.54/jsch-0.1.54.jar:/home/user/.m2/repository/org/apache/curator/curator-client/2.13.0/curator-client-2.13.0.jar:/home/user/.m2/repository/org/apache/curator/curator-recipes/2.13.0/curator-recipes-2.13.0.jar:/home/user/.m2/repository/dnsjava/dnsjava/2.1.7/dnsjava-2.1.7.jar:/home/user/.m2/repository/org/slf4j/jul-to-slf4j/1.7.25/jul-to-slf4j-1.7.25.jar:/home/user/.m2/repository/org/eclipse/jetty/jetty-util/9.4.26.v20200117/jetty-util-9.4.26.v20200117.jar:/home/user/.m2/repository/com/fasterxml/jackson/core/jackson-databind/2.10.3/jackson-databind-2.10.3.jar:/home/user/.m2/repository/org/apache/hadoop/hadoop-kms/3.2.1/hadoop-kms-3.2.1-tests.jar:/home/user/.m2/repository/org/apache/hadoop/hadoop-hdds-server-scm/0.6.0-SNAPSHOT/hadoop-hdds-server-scm-0.6.0-SNAPSHOT-tests.jar:/home/user/.m2/repository/org/apache/hadoop/hadoop-hdds-container-service/0.6.0-SNAPSHOT/hadoop-hdds-container-service-0.6.0-SNAPSHOT-tests.jar:/home/user/.m2/repository/org/apache/hadoop/hadoop-hdds-common/0.6.0-SNAPSHOT/hadoop-hdds-common-0.6.0-SNAPSHOT-tests.jar:/home/user/.m2/repository/org/yaml/snakeyaml/1.16/snakeyaml-1.16.jar:/home/user/.m2/repository/org/apache/hadoop/hadoop-hdds-hadoop-dependency-test/0.6.0-SNAPSHOT/hadoop-hdds-hadoop-dependency-test-0.6.0-SNAPSHOT.jar:/home/user/.m2/repository/org/apache/hadoop/hadoop-common/3.2.1/hadoop-common-3.2.1-tests.jar:/home/user/.m2/repository/javax/servlet/jsp/jsp-api/2.1/jsp-api-2.1.jar:/home/user/.m2/repository/org/apache/hadoop/hadoop-hdfs/3.2.1/hadoop-hdfs-3.2.1-tests.jar:/home/user/.m2/repository/org/eclipse/jetty/jetty-util-ajax/9.4.26.v20200117/jetty-util-ajax-9.4.26.v20200117.jar:/home/user/.m2/repository/commons-codec/commons-codec/1.11/commons-codec-1.11.jar:/home/user/.m2/repository/commons-daemon/commons-daemon/1.0.13/commons-daemon-1.0.13.jar:/home/user/.m2/repository/io/netty/netty/3.10.5.Final/netty-3.10.5.Final.jar:/home/user/.m2/repository/io/netty/netty-all/4.1.48.Final/netty-all-4.1.48.Final.jar:/home/user/.m2/repository/org/apache/htrace/htrace-core4/4.1.0-incubating/htrace-core4-4.1.0-incubating.jar:/home/user/.m2/repository/org/fusesource/leveldbjni/leveldbjni-all/1.8/leveldbjni-all-1.8.jar:/home/user/.m2/repository/org/apache/hadoop/hadoop-distcp/3.2.1/hadoop-distcp-3.2.1.jar:/home/user/.m2/repository/org/apache/hadoop/hadoop-mapreduce-client-jobclient/3.2.1/hadoop-mapreduce-client-jobclient-3.2.1.jar:/home/user/.m2/repository/org/apache/hadoop/hadoop-mapreduce-client-common/3.2.1/hadoop-mapreduce-client-common-3.2.1.jar:/home/user/.m2/repository/org/apache/hadoop/hadoop-yarn-common/3.2.1/hadoop-yarn-common-3.2.1.jar:/home/user/.m2/repository/org/apache/hadoop/hadoop-yarn-api/3.2.1/hadoop-yarn-api-3.2.1.jar:/home/user/.m2/repository/com/sun/jersey/jersey-client/1.19/jersey-client-1.19.jar:/home/user/.m2/repository/com/sun/jersey/contribs/jersey-guice/1.19/jersey-guice-1.19.jar:/home/user/.m2/repository/com/fasterxml/jackson/jaxrs/jackson-jaxrs-json-provider/2.10.3/jackson-jaxrs-json-provider-2.10.3.jar:/home/user/.m2/repository/com/fasterxml/jackson/jaxrs/jackson-jaxrs-base/2.10.3/jackson-jaxrs-base-2.10.3.jar:/home/user/.m2/repository/org/apache/hadoop/hadoop-yarn-client/3.2.1/hadoop-yarn-client-3.2.1.jar:/home/user/.m2/repository/org/apache/hadoop/hadoop-mapreduce-client-core/3.2.1/hadoop-mapreduce-client-core-3.2.1.jar:/home/user/.m2/repository/org/apache/avro/avro/1.7.7/avro-1.7.7.jar:/home/user/.m2/repository/org/codehaus/jackson/jackson-core-asl/1.9.13/jackson-core-asl-1.9.13.jar:/home/user/.m2/repository/org/codehaus/jackson/jackson-mapper-asl/1.9.13/jackson-mapper-asl-1.9.13.jar:/home/user/.m2/repository/com/thoughtworks/paranamer/paranamer/2.3/paranamer-2.3.jar:/home/user/.m2/repository/org/xerial/snappy/snappy-java/1.0.5/snappy-java-1.0.5.jar:/home/user/.m2/repository/org/apache/hadoop/hadoop-annotations/3.2.1/hadoop-annotations-3.2.1.jar:/usr/lib/jvm/java-1.8.0-openjdk-1.8.0.232.b09-0.el7_7.x86_64/jre/../lib/tools.jar:/home/user/.m2/repository/org/apache/hadoop/hadoop-distcp/3.2.1/hadoop-distcp-3.2.1-tests.jar:"/>
    <property name="java.vm.vendor" value="Oracle Corporation"/>
    <property name="sun.arch.data.model" value="64"/>
    <property name="test.build.dir" value="/github/workspace/mnt/ozone/hadoop-ozone/integration-test/target/test-dir"/>
    <property name="test.cache.data" value=""/>
    <property name="java.vendor.url" value="http://java.oracle.com/"/>
    <property name="user.timezone" value=""/>
    <property name="java.vm.specification.version" value="1.8"/>
    <property name="os.name" value="Linux"/>
    <property name="test.build.data" value="/github/workspace/mnt/ozone/hadoop-ozone/integration-test/target/test-dir"/>
    <property name="user.country" value="US"/>
    <property name="sun.java.launcher" value="SUN_STANDARD"/>
    <property name="sun.boot.library.path" value="/usr/lib/jvm/java-1.8.0-openjdk-1.8.0.232.b09-0.el7_7.x86_64/jre/lib/amd64"/>
    <property name="sun.java.command" value="/github/workspace/mnt/ozone/hadoop-ozone/integration-test/target/surefire/surefirebooter1238689475393938181.jar /github/workspace/mnt/ozone/hadoop-ozone/integration-test/target/surefire 2020-06-26T10-34-18_970-jvmRun1 surefire3862872459609193589tmp surefire_58364731130252543634tmp"/>
    <property name="surefire.test.class.path" value="/github/workspace/mnt/ozone/hadoop-ozone/integration-test/target/test-classes:/github/workspace/mnt/ozone/hadoop-ozone/integration-test/target/classes:/home/user/.m2/repository/org/apache/hadoop/hadoop-ozone-common/0.6.0-SNAPSHOT/hadoop-ozone-common-0.6.0-SNAPSHOT.jar:/home/user/.m2/repository/org/apache/commons/commons-compress/1.4.1/commons-compress-1.4.1.jar:/home/user/.m2/repository/org/tukaani/xz/1.0/xz-1.0.jar:/home/user/.m2/repository/org/apache/hadoop/hadoop-hdds-common/0.6.0-SNAPSHOT/hadoop-hdds-common-0.6.0-SNAPSHOT.jar:/home/user/.m2/repository/org/apache/hadoop/hadoop-hdds-hadoop-dependency-client/0.6.0-SNAPSHOT/hadoop-hdds-hadoop-dependency-client-0.6.0-SNAPSHOT.jar:/home/user/.m2/repository/info/picocli/picocli/3.9.6/picocli-3.9.6.jar:/home/user/.m2/repository/com/fasterxml/jackson/core/jackson-annotations/2.10.3/jackson-annotations-2.10.3.jar:/home/user/.m2/repository/javax/annotation/javax.annotation-api/1.2/javax.annotation-api-1.2.jar:/home/user/.m2/repository/org/apache/ratis/ratis-server/0.6.0-6ab75ae-SNAPSHOT/ratis-server-0.6.0-6ab75ae-SNAPSHOT.jar:/home/user/.m2/repository/org/apache/ratis/ratis-client/0.6.0-6ab75ae-SNAPSHOT/ratis-client-0.6.0-6ab75ae-SNAPSHOT.jar:/home/user/.m2/repository/org/apache/ratis/ratis-metrics/0.6.0-6ab75ae-SNAPSHOT/ratis-metrics-0.6.0-6ab75ae-SNAPSHOT.jar:/home/user/.m2/repository/org/apache/ratis/ratis-netty/0.6.0-6ab75ae-SNAPSHOT/ratis-netty-0.6.0-6ab75ae-SNAPSHOT.jar:/home/user/.m2/repository/org/apache/ratis/ratis-grpc/0.6.0-6ab75ae-SNAPSHOT/ratis-grpc-0.6.0-6ab75ae-SNAPSHOT.jar:/home/user/.m2/repository/org/apache/logging/log4j/log4j-api/2.11.0/log4j-api-2.11.0.jar:/home/user/.m2/repository/org/apache/logging/log4j/log4j-core/2.11.0/log4j-core-2.11.0.jar:/home/user/.m2/repository/com/lmax/disruptor/3.4.2/disruptor-3.4.2.jar:/home/user/.m2/repository/org/apache/commons/commons-pool2/2.6.0/commons-pool2-2.6.0.jar:/home/user/.m2/repository/org/bouncycastle/bcpkix-jdk15on/1.60/bcpkix-jdk15on-1.60.jar:/home/user/.m2/repository/commons-validator/commons-validator/1.6/commons-validator-1.6.jar:/home/user/.m2/repository/commons-digester/commons-digester/1.8.1/commons-digester-1.8.1.jar:/home/user/.m2/repository/io/jaegertracing/jaeger-client/1.2.0/jaeger-client-1.2.0.jar:/home/user/.m2/repository/io/jaegertracing/jaeger-thrift/1.2.0/jaeger-thrift-1.2.0.jar:/home/user/.m2/repository/org/apache/thrift/libthrift/0.13.0/libthrift-0.13.0.jar:/home/user/.m2/repository/com/squareup/okhttp3/okhttp/4.2.2/okhttp-4.2.2.jar:/home/user/.m2/repository/com/squareup/okio/okio/2.2.2/okio-2.2.2.jar:/home/user/.m2/repository/org/jetbrains/kotlin/kotlin-stdlib/1.3.50/kotlin-stdlib-1.3.50.jar:/home/user/.m2/repository/org/jetbrains/kotlin/kotlin-stdlib-common/1.3.50/kotlin-stdlib-common-1.3.50.jar:/home/user/.m2/repository/org/jetbrains/annotations/13.0/annotations-13.0.jar:/home/user/.m2/repository/io/jaegertracing/jaeger-core/1.2.0/jaeger-core-1.2.0.jar:/home/user/.m2/repository/io/jaegertracing/jaeger-tracerresolver/1.2.0/jaeger-tracerresolver-1.2.0.jar:/home/user/.m2/repository/io/opentracing/contrib/opentracing-tracerresolver/0.1.8/opentracing-tracerresolver-0.1.8.jar:/home/user/.m2/repository/io/opentracing/opentracing-util/0.33.0/opentracing-util-0.33.0.jar:/home/user/.m2/repository/io/opentracing/opentracing-api/0.33.0/opentracing-api-0.33.0.jar:/home/user/.m2/repository/io/opentracing/opentracing-noop/0.33.0/opentracing-noop-0.33.0.jar:/home/user/.m2/repository/org/apache/hadoop/hadoop-hdds-client/0.6.0-SNAPSHOT/hadoop-hdds-client-0.6.0-SNAPSHOT.jar:/home/user/.m2/repository/org/apache/hadoop/hadoop-ozone-interface-client/0.6.0-SNAPSHOT/hadoop-ozone-interface-client-0.6.0-SNAPSHOT.jar:/home/user/.m2/repository/org/apache/hadoop/hadoop-hdds-test-utils/0.6.0-SNAPSHOT/hadoop-hdds-test-utils-0.6.0-SNAPSHOT.jar:/home/user/.m2/repository/com/google/guava/guava/28.2-jre/guava-28.2-jre.jar:/home/user/.m2/repository/com/google/guava/failureaccess/1.0.1/failureaccess-1.0.1.jar:/home/user/.m2/repository/com/google/guava/listenablefuture/9999.0-empty-to-avoid-conflict-with-guava/listenablefuture-9999.0-empty-to-avoid-conflict-with-guava.jar:/home/user/.m2/repository/com/google/code/findbugs/jsr305/3.0.0/jsr305-3.0.0.jar:/home/user/.m2/repository/org/checkerframework/checker-qual/2.10.0/checker-qual-2.10.0.jar:/home/user/.m2/repository/com/google/errorprone/error_prone_annotations/2.2.0/error_prone_annotations-2.2.0.jar:/home/user/.m2/repository/com/google/j2objc/j2objc-annotations/1.3/j2objc-annotations-1.3.jar:/home/user/.m2/repository/commons-io/commons-io/2.5/commons-io-2.5.jar:/home/user/.m2/repository/commons-logging/commons-logging/1.2/commons-logging-1.2.jar:/home/user/.m2/repository/log4j/log4j/1.2.17/log4j-1.2.17.jar:/home/user/.m2/repository/org/slf4j/slf4j-api/1.7.25/slf4j-api-1.7.25.jar:/home/user/.m2/repository/org/apache/hadoop/hadoop-hdds-server-scm/0.6.0-SNAPSHOT/hadoop-hdds-server-scm-0.6.0-SNAPSHOT.jar:/home/user/.m2/repository/org/apache/hadoop/hadoop-hdds-container-service/0.6.0-SNAPSHOT/hadoop-hdds-container-service-0.6.0-SNAPSHOT.jar:/home/user/.m2/repository/org/apache/hadoop/hadoop-hdds-hadoop-dependency-server/0.6.0-SNAPSHOT/hadoop-hdds-hadoop-dependency-server-0.6.0-SNAPSHOT.jar:/home/user/.m2/repository/org/apache/hadoop/hadoop-hdds-server-framework/0.6.0-SNAPSHOT/hadoop-hdds-server-framework-0.6.0-SNAPSHOT.jar:/home/user/.m2/repository/org/apache/hadoop/hadoop-hdds-interface-server/0.6.0-SNAPSHOT/hadoop-hdds-interface-server-0.6.0-SNAPSHOT.jar:/home/user/.m2/repository/org/apache/hadoop/hadoop-hdds-interface-admin/0.6.0-SNAPSHOT/hadoop-hdds-interface-admin-0.6.0-SNAPSHOT.jar:/home/user/.m2/repository/org/rocksdb/rocksdbjni/6.8.1/rocksdbjni-6.8.1.jar:/home/user/.m2/repository/io/prometheus/simpleclient_dropwizard/0.7.0/simpleclient_dropwizard-0.7.0.jar:/home/user/.m2/repository/io/prometheus/simpleclient/0.7.0/simpleclient-0.7.0.jar:/home/user/.m2/repository/io/prometheus/simpleclient_common/0.7.0/simpleclient_common-0.7.0.jar:/home/user/.m2/repository/com/fasterxml/jackson/datatype/jackson-datatype-jsr310/2.10.3/jackson-datatype-jsr310-2.10.3.jar:/home/user/.m2/repository/org/apache/hadoop/hadoop-hdds-docs/0.6.0-SNAPSHOT/hadoop-hdds-docs-0.6.0-SNAPSHOT.jar:/home/user/.m2/repository/io/dropwizard/metrics/metrics-core/3.2.4/metrics-core-3.2.4.jar:/home/user/.m2/repository/org/apache/hadoop/hadoop-hdfs-client/3.2.1/hadoop-hdfs-client-3.2.1.jar:/home/user/.m2/repository/org/bouncycastle/bcprov-jdk15on/1.60/bcprov-jdk15on-1.60.jar:/home/user/.m2/repository/org/apache/hadoop/hadoop-ozone-ozone-manager/0.6.0-SNAPSHOT/hadoop-ozone-ozone-manager-0.6.0-SNAPSHOT.jar:/home/user/.m2/repository/org/apache/hadoop/hadoop-hdds-interface-client/0.6.0-SNAPSHOT/hadoop-hdds-interface-client-0.6.0-SNAPSHOT.jar:/home/user/.m2/repository/org/apache/ratis/ratis-thirdparty-misc/0.4.0/ratis-thirdparty-misc-0.4.0.jar:/home/user/.m2/repository/org/apache/hadoop/hadoop-minikdc/3.2.1/hadoop-minikdc-3.2.1.jar:/home/user/.m2/repository/org/apache/kerby/kerb-simplekdc/1.0.1/kerb-simplekdc-1.0.1.jar:/home/user/.m2/repository/org/apache/kerby/kerb-client/1.0.1/kerb-client-1.0.1.jar:/home/user/.m2/repository/org/apache/kerby/kerby-config/1.0.1/kerby-config-1.0.1.jar:/home/user/.m2/repository/org/apache/kerby/kerb-core/1.0.1/kerb-core-1.0.1.jar:/home/user/.m2/repository/org/apache/kerby/kerby-pkix/1.0.1/kerby-pkix-1.0.1.jar:/home/user/.m2/repository/org/apache/kerby/kerby-asn1/1.0.1/kerby-asn1-1.0.1.jar:/home/user/.m2/repository/org/apache/kerby/kerby-util/1.0.1/kerby-util-1.0.1.jar:/home/user/.m2/repository/org/apache/kerby/kerb-common/1.0.1/kerb-common-1.0.1.jar:/home/user/.m2/repository/org/apache/kerby/kerb-crypto/1.0.1/kerb-crypto-1.0.1.jar:/home/user/.m2/repository/org/apache/kerby/kerb-util/1.0.1/kerb-util-1.0.1.jar:/home/user/.m2/repository/org/apache/kerby/token-provider/1.0.1/token-provider-1.0.1.jar:/home/user/.m2/repository/org/apache/kerby/kerb-admin/1.0.1/kerb-admin-1.0.1.jar:/home/user/.m2/repository/org/apache/kerby/kerb-server/1.0.1/kerb-server-1.0.1.jar:/home/user/.m2/repository/org/apache/kerby/kerb-identity/1.0.1/kerb-identity-1.0.1.jar:/home/user/.m2/repository/org/apache/kerby/kerby-xdr/1.0.1/kerby-xdr-1.0.1.jar:/home/user/.m2/repository/org/slf4j/slf4j-log4j12/1.7.25/slf4j-log4j12-1.7.25.jar:/home/user/.m2/repository/org/apache/hadoop/hadoop-ozone-s3gateway/0.6.0-SNAPSHOT/hadoop-ozone-s3gateway-0.6.0-SNAPSHOT.jar:/home/user/.m2/repository/org/jboss/weld/servlet/weld-servlet/2.4.7.Final/weld-servlet-2.4.7.Final.jar:/home/user/.m2/repository/org/glassfish/jersey/containers/jersey-container-servlet-core/2.27/jersey-container-servlet-core-2.27.jar:/home/user/.m2/repository/org/glassfish/hk2/external/javax.inject/2.5.0-b42/javax.inject-2.5.0-b42.jar:/home/user/.m2/repository/org/glassfish/jersey/core/jersey-common/2.27/jersey-common-2.27.jar:/home/user/.m2/repository/org/glassfish/hk2/osgi-resource-locator/1.0.1/osgi-resource-locator-1.0.1.jar:/home/user/.m2/repository/javax/ws/rs/javax.ws.rs-api/2.1/javax.ws.rs-api-2.1.jar:/home/user/.m2/repository/org/glassfish/jersey/ext/cdi/jersey-cdi1x/2.27/jersey-cdi1x-2.27.jar:/home/user/.m2/repository/org/glassfish/jersey/inject/jersey-hk2/2.27/jersey-hk2-2.27.jar:/home/user/.m2/repository/org/glassfish/hk2/hk2-locator/2.5.0-b42/hk2-locator-2.5.0-b42.jar:/home/user/.m2/repository/org/javassist/javassist/3.22.0-CR2/javassist-3.22.0-CR2.jar:/home/user/.m2/repository/org/glassfish/hk2/hk2-api/2.5.0/hk2-api-2.5.0.jar:/home/user/.m2/repository/org/glassfish/hk2/external/jakarta.inject/2.5.0/jakarta.inject-2.5.0.jar:/home/user/.m2/repository/org/glassfish/hk2/hk2-utils/2.5.0/hk2-utils-2.5.0.jar:/home/user/.m2/repository/jakarta/annotation/jakarta.annotation-api/1.3.4/jakarta.annotation-api-1.3.4.jar:/home/user/.m2/repository/org/glassfish/hk2/external/aopalliance-repackaged/2.5.0/aopalliance-repackaged-2.5.0.jar:/home/user/.m2/repository/com/fasterxml/jackson/dataformat/jackson-dataformat-xml/2.10.3/jackson-dataformat-xml-2.10.3.jar:/home/user/.m2/repository/com/fasterxml/jackson/core/jackson-core/2.10.3/jackson-core-2.10.3.jar:/home/user/.m2/repository/com/fasterxml/jackson/module/jackson-module-jaxb-annotations/2.10.3/jackson-module-jaxb-annotations-2.10.3.jar:/home/user/.m2/repository/jakarta/xml/bind/jakarta.xml.bind-api/2.3.2/jakarta.xml.bind-api-2.3.2.jar:/home/user/.m2/repository/jakarta/activation/jakarta.activation-api/1.2.1/jakarta.activation-api-1.2.1.jar:/home/user/.m2/repository/org/codehaus/woodstox/stax2-api/3.1.4/stax2-api-3.1.4.jar:/home/user/.m2/repository/com/fasterxml/woodstox/woodstox-core/5.0.3/woodstox-core-5.0.3.jar:/home/user/.m2/repository/javax/enterprise/cdi-api/1.2/cdi-api-1.2.jar:/home/user/.m2/repository/javax/el/javax.el-api/3.0.0/javax.el-api-3.0.0.jar:/home/user/.m2/repository/javax/interceptor/javax.interceptor-api/1.2/javax.interceptor-api-1.2.jar:/home/user/.m2/repository/javax/inject/javax.inject/1/javax.inject-1.jar:/home/user/.m2/repository/com/sun/xml/bind/jaxb-impl/2.3.0.1/jaxb-impl-2.3.0.1.jar:/home/user/.m2/repository/com/sun/xml/bind/jaxb-core/2.3.0.1/jaxb-core-2.3.0.1.jar:/home/user/.m2/repository/javax/xml/bind/jaxb-api/2.3.0/jaxb-api-2.3.0.jar:/home/user/.m2/repository/javax/activation/activation/1.1.1/activation-1.1.1.jar:/home/user/.m2/repository/org/apache/hadoop/hadoop-ozone-csi/0.6.0-SNAPSHOT/hadoop-ozone-csi-0.6.0-SNAPSHOT.jar:/home/user/.m2/repository/com/google/protobuf/protobuf-java-util/3.11.0/protobuf-java-util-3.11.0.jar:/home/user/.m2/repository/com/google/code/gson/gson/2.2.4/gson-2.2.4.jar:/home/user/.m2/repository/org/apache/hadoop/hadoop-hdds-config/0.6.0-SNAPSHOT/hadoop-hdds-config-0.6.0-SNAPSHOT.jar:/home/user/.m2/repository/com/google/protobuf/protobuf-java/2.5.0/protobuf-java-2.5.0.jar:/home/user/.m2/repository/io/grpc/grpc-netty/1.29.0/grpc-netty-1.29.0.jar:/home/user/.m2/repository/io/grpc/grpc-core/1.29.0/grpc-core-1.29.0.jar:/home/user/.m2/repository/com/google/android/annotations/4.1.1.4/annotations-4.1.1.4.jar:/home/user/.m2/repository/io/perfmark/perfmark-api/0.19.0/perfmark-api-0.19.0.jar:/home/user/.m2/repository/io/netty/netty-codec-http2/4.1.48.Final/netty-codec-http2-4.1.48.Final.jar:/home/user/.m2/repository/io/netty/netty-codec/4.1.48.Final/netty-codec-4.1.48.Final.jar:/home/user/.m2/repository/io/netty/netty-handler/4.1.48.Final/netty-handler-4.1.48.Final.jar:/home/user/.m2/repository/io/netty/netty-codec-http/4.1.48.Final/netty-codec-http-4.1.48.Final.jar:/home/user/.m2/repository/io/netty/netty-handler-proxy/4.1.48.Final/netty-handler-proxy-4.1.48.Final.jar:/home/user/.m2/repository/io/netty/netty-codec-socks/4.1.48.Final/netty-codec-socks-4.1.48.Final.jar:/home/user/.m2/repository/io/netty/netty-transport-native-epoll/4.1.48.Final/netty-transport-native-epoll-4.1.48.Final.jar:/home/user/.m2/repository/io/netty/netty-common/4.1.48.Final/netty-common-4.1.48.Final.jar:/home/user/.m2/repository/io/netty/netty-buffer/4.1.48.Final/netty-buffer-4.1.48.Final.jar:/home/user/.m2/repository/io/netty/netty-transport/4.1.48.Final/netty-transport-4.1.48.Final.jar:/home/user/.m2/repository/io/netty/netty-resolver/4.1.48.Final/netty-resolver-4.1.48.Final.jar:/home/user/.m2/repository/io/netty/netty-transport-native-unix-common/4.1.48.Final/netty-transport-native-unix-common-4.1.48.Final.jar:/home/user/.m2/repository/io/grpc/grpc-protobuf/1.29.0/grpc-protobuf-1.29.0.jar:/home/user/.m2/repository/io/grpc/grpc-api/1.29.0/grpc-api-1.29.0.jar:/home/user/.m2/repository/io/grpc/grpc-context/1.29.0/grpc-context-1.29.0.jar:/home/user/.m2/repository/org/codehaus/mojo/animal-sniffer-annotations/1.18/animal-sniffer-annotations-1.18.jar:/home/user/.m2/repository/com/google/api/grpc/proto-google-common-protos/1.17.0/proto-google-common-protos-1.17.0.jar:/home/user/.m2/repository/io/grpc/grpc-protobuf-lite/1.29.0/grpc-protobuf-lite-1.29.0.jar:/home/user/.m2/repository/io/grpc/grpc-stub/1.29.0/grpc-stub-1.29.0.jar:/home/user/.m2/repository/org/apache/hadoop/hadoop-ozone-recon/0.6.0-SNAPSHOT/hadoop-ozone-recon-0.6.0-SNAPSHOT.jar:/home/user/.m2/repository/org/apache/hadoop/hadoop-ozone-reconcodegen/0.6.0-SNAPSHOT/hadoop-ozone-reconcodegen-0.6.0-SNAPSHOT.jar:/home/user/.m2/repository/com/google/inject/extensions/guice-multibindings/4.0/guice-multibindings-4.0.jar:/home/user/.m2/repository/com/google/inject/guice/4.0/guice-4.0.jar:/home/user/.m2/repository/aopalliance/aopalliance/1.0/aopalliance-1.0.jar:/home/user/.m2/repository/com/google/inject/extensions/guice-assistedinject/4.0/guice-assistedinject-4.0.jar:/home/user/.m2/repository/com/google/inject/extensions/guice-servlet/4.0/guice-servlet-4.0.jar:/home/user/.m2/repository/org/glassfish/jersey/containers/jersey-container-servlet/2.27/jersey-container-servlet-2.27.jar:/home/user/.m2/repository/org/glassfish/hk2/guice-bridge/2.5.0/guice-bridge-2.5.0.jar:/home/user/.m2/repository/org/glassfish/jersey/core/jersey-server/2.27/jersey-server-2.27.jar:/home/user/.m2/repository/org/glassfish/jersey/core/jersey-client/2.27/jersey-client-2.27.jar:/home/user/.m2/repository/org/glassfish/jersey/media/jersey-media-jaxb/2.27/jersey-media-jaxb-2.27.jar:/home/user/.m2/repository/javax/validation/validation-api/1.1.0.Final/validation-api-1.1.0.Final.jar:/home/user/.m2/repository/org/glassfish/jersey/media/jersey-media-json-jackson/2.27/jersey-media-json-jackson-2.27.jar:/home/user/.m2/repository/org/glassfish/jersey/ext/jersey-entity-filtering/2.27/jersey-entity-filtering-2.27.jar:/home/user/.m2/repository/org/jooq/jooq/3.11.10/jooq-3.11.10.jar:/home/user/.m2/repository/org/jooq/jooq-meta/3.11.10/jooq-meta-3.11.10.jar:/home/user/.m2/repository/org/jooq/jooq-codegen/3.11.10/jooq-codegen-3.11.10.jar:/home/user/.m2/repository/com/jolbox/bonecp/0.8.0.RELEASE/bonecp-0.8.0.RELEASE.jar:/home/user/.m2/repository/org/apache/derby/derby/10.14.2.0/derby-10.14.2.0.jar:/home/user/.m2/repository/org/xerial/sqlite-jdbc/3.25.2/sqlite-jdbc-3.25.2.jar:/home/user/.m2/repository/org/springframework/spring-jdbc/5.2.5.RELEASE/spring-jdbc-5.2.5.RELEASE.jar:/home/user/.m2/repository/org/springframework/spring-beans/5.2.5.RELEASE/spring-beans-5.2.5.RELEASE.jar:/home/user/.m2/repository/org/springframework/spring-core/5.2.5.RELEASE/spring-core-5.2.5.RELEASE.jar:/home/user/.m2/repository/org/springframework/spring-jcl/5.2.5.RELEASE/spring-jcl-5.2.5.RELEASE.jar:/home/user/.m2/repository/org/springframework/spring-tx/5.2.5.RELEASE/spring-tx-5.2.5.RELEASE.jar:/home/user/.m2/repository/org/apache/hadoop/hadoop-ozone-client/0.6.0-SNAPSHOT/hadoop-ozone-client-0.6.0-SNAPSHOT.jar:/home/user/.m2/repository/org/apache/hadoop/hadoop-ozone-filesystem/0.6.0-SNAPSHOT/hadoop-ozone-filesystem-0.6.0-SNAPSHOT.jar:/home/user/.m2/repository/org/apache/hadoop/hadoop-ozone-filesystem-common/0.6.0-SNAPSHOT/hadoop-ozone-filesystem-common-0.6.0-SNAPSHOT.jar:/home/user/.m2/repository/org/apache/hadoop/hadoop-ozone-tools/0.6.0-SNAPSHOT/hadoop-ozone-tools-0.6.0-SNAPSHOT.jar:/home/user/.m2/repository/org/apache/hadoop/hadoop-hdfs/3.2.1/hadoop-hdfs-3.2.1.jar:/home/user/.m2/repository/org/apache/ratis/ratis-tools/0.6.0-6ab75ae-SNAPSHOT/ratis-tools-0.6.0-6ab75ae-SNAPSHOT.jar:/home/user/.m2/repository/org/apache/ratis/ratis-proto/0.6.0-6ab75ae-SNAPSHOT/ratis-proto-0.6.0-6ab75ae-SNAPSHOT.jar:/home/user/.m2/repository/org/apache/ratis/ratis-common/0.6.0-6ab75ae-SNAPSHOT/ratis-common-0.6.0-6ab75ae-SNAPSHOT.jar:/home/user/.m2/repository/com/amazonaws/aws-java-sdk-core/1.11.615/aws-java-sdk-core-1.11.615.jar:/home/user/.m2/repository/org/apache/httpcomponents/httpclient/4.5.2/httpclient-4.5.2.jar:/home/user/.m2/repository/org/apache/httpcomponents/httpcore/4.4.4/httpcore-4.4.4.jar:/home/user/.m2/repository/software/amazon/ion/ion-java/1.0.2/ion-java-1.0.2.jar:/home/user/.m2/repository/com/fasterxml/jackson/dataformat/jackson-dataformat-cbor/2.10.3/jackson-dataformat-cbor-2.10.3.jar:/home/user/.m2/repository/joda-time/joda-time/2.8.1/joda-time-2.8.1.jar:/home/user/.m2/repository/com/amazonaws/aws-java-sdk-s3/1.11.615/aws-java-sdk-s3-1.11.615.jar:/home/user/.m2/repository/com/amazonaws/aws-java-sdk-kms/1.11.615/aws-java-sdk-kms-1.11.615.jar:/home/user/.m2/repository/com/amazonaws/jmespath-java/1.11.615/jmespath-java-1.11.615.jar:/home/user/.m2/repository/org/apache/hadoop/hadoop-hdds-tools/0.6.0-SNAPSHOT/hadoop-hdds-tools-0.6.0-SNAPSHOT.jar:/home/user/.m2/repository/commons-cli/commons-cli/1.2/commons-cli-1.2.jar:/home/user/.m2/repository/org/apache/commons/commons-lang3/3.7/commons-lang3-3.7.jar:/home/user/.m2/repository/org/apache/hadoop/hadoop-ozone-ozone-manager/0.6.0-SNAPSHOT/hadoop-ozone-ozone-manager-0.6.0-SNAPSHOT-tests.jar:/home/user/.m2/repository/junit/junit/4.11/junit-4.11.jar:/home/user/.m2/repository/org/hamcrest/hamcrest-core/1.3/hamcrest-core-1.3.jar:/home/user/.m2/repository/org/openjdk/jmh/jmh-core/1.19/jmh-core-1.19.jar:/home/user/.m2/repository/net/sf/jopt-simple/jopt-simple/4.6/jopt-simple-4.6.jar:/home/user/.m2/repository/org/apache/commons/commons-math3/3.1.1/commons-math3-3.1.1.jar:/home/user/.m2/repository/org/openjdk/jmh/jmh-generator-annprocess/1.19/jmh-generator-annprocess-1.19.jar:/home/user/.m2/repository/org/mockito/mockito-all/1.8.5/mockito-all-1.8.5.jar:/home/user/.m2/repository/org/apache/hadoop/hadoop-kms/3.2.1/hadoop-kms-3.2.1.jar:/home/user/.m2/repository/org/apache/hadoop/hadoop-auth/3.2.1/hadoop-auth-3.2.1.jar:/home/user/.m2/repository/com/nimbusds/nimbus-jose-jwt/7.9/nimbus-jose-jwt-7.9.jar:/home/user/.m2/repository/com/github/stephenc/jcip/jcip-annotations/1.0-1/jcip-annotations-1.0-1.jar:/home/user/.m2/repository/net/minidev/json-smart/2.3/json-smart-2.3.jar:/home/user/.m2/repository/net/minidev/accessors-smart/1.2/accessors-smart-1.2.jar:/home/user/.m2/repository/org/ow2/asm/asm/5.0.4/asm-5.0.4.jar:/home/user/.m2/repository/org/apache/zookeeper/zookeeper/3.4.13/zookeeper-3.4.13.jar:/home/user/.m2/repository/org/apache/yetus/audience-annotations/0.5.0/audience-annotations-0.5.0.jar:/home/user/.m2/repository/org/apache/curator/curator-framework/2.13.0/curator-framework-2.13.0.jar:/home/user/.m2/repository/com/sun/jersey/jersey-core/1.19/jersey-core-1.19.jar:/home/user/.m2/repository/javax/ws/rs/jsr311-api/1.1.1/jsr311-api-1.1.1.jar:/home/user/.m2/repository/com/sun/jersey/jersey-server/1.19/jersey-server-1.19.jar:/home/user/.m2/repository/javax/servlet/javax.servlet-api/3.1.0/javax.servlet-api-3.1.0.jar:/home/user/.m2/repository/org/eclipse/jetty/jetty-server/9.4.26.v20200117/jetty-server-9.4.26.v20200117.jar:/home/user/.m2/repository/org/eclipse/jetty/jetty-http/9.4.26.v20200117/jetty-http-9.4.26.v20200117.jar:/home/user/.m2/repository/org/eclipse/jetty/jetty-io/9.4.26.v20200117/jetty-io-9.4.26.v20200117.jar:/home/user/.m2/repository/org/eclipse/jetty/jetty-webapp/9.4.26.v20200117/jetty-webapp-9.4.26.v20200117.jar:/home/user/.m2/repository/org/eclipse/jetty/jetty-xml/9.4.26.v20200117/jetty-xml-9.4.26.v20200117.jar:/home/user/.m2/repository/org/eclipse/jetty/jetty-servlet/9.4.26.v20200117/jetty-servlet-9.4.26.v20200117.jar:/home/user/.m2/repository/org/eclipse/jetty/jetty-security/9.4.26.v20200117/jetty-security-9.4.26.v20200117.jar:/home/user/.m2/repository/org/apache/hadoop/hadoop-common/3.2.1/hadoop-common-3.2.1.jar:/home/user/.m2/repository/commons-net/commons-net/3.6/commons-net-3.6.jar:/home/user/.m2/repository/commons-collections/commons-collections/3.2.2/commons-collections-3.2.2.jar:/home/user/.m2/repository/com/sun/jersey/jersey-servlet/1.19/jersey-servlet-1.19.jar:/home/user/.m2/repository/com/sun/jersey/jersey-json/1.19/jersey-json-1.19.jar:/home/user/.m2/repository/org/codehaus/jettison/jettison/1.1/jettison-1.1.jar:/home/user/.m2/repository/org/codehaus/jackson/jackson-jaxrs/1.9.2/jackson-jaxrs-1.9.2.jar:/home/user/.m2/repository/org/codehaus/jackson/jackson-xc/1.9.2/jackson-xc-1.9.2.jar:/home/user/.m2/repository/commons-beanutils/commons-beanutils/1.9.4/commons-beanutils-1.9.4.jar:/home/user/.m2/repository/org/apache/commons/commons-configuration2/2.1.1/commons-configuration2-2.1.1.jar:/home/user/.m2/repository/org/apache/commons/commons-text/1.4/commons-text-1.4.jar:/home/user/.m2/repository/com/google/re2j/re2j/1.1/re2j-1.1.jar:/home/user/.m2/repository/com/jcraft/jsch/0.1.54/jsch-0.1.54.jar:/home/user/.m2/repository/org/apache/curator/curator-client/2.13.0/curator-client-2.13.0.jar:/home/user/.m2/repository/org/apache/curator/curator-recipes/2.13.0/curator-recipes-2.13.0.jar:/home/user/.m2/repository/dnsjava/dnsjava/2.1.7/dnsjava-2.1.7.jar:/home/user/.m2/repository/org/slf4j/jul-to-slf4j/1.7.25/jul-to-slf4j-1.7.25.jar:/home/user/.m2/repository/org/eclipse/jetty/jetty-util/9.4.26.v20200117/jetty-util-9.4.26.v20200117.jar:/home/user/.m2/repository/com/fasterxml/jackson/core/jackson-databind/2.10.3/jackson-databind-2.10.3.jar:/home/user/.m2/repository/org/apache/hadoop/hadoop-kms/3.2.1/hadoop-kms-3.2.1-tests.jar:/home/user/.m2/repository/org/apache/hadoop/hadoop-hdds-server-scm/0.6.0-SNAPSHOT/hadoop-hdds-server-scm-0.6.0-SNAPSHOT-tests.jar:/home/user/.m2/repository/org/apache/hadoop/hadoop-hdds-container-service/0.6.0-SNAPSHOT/hadoop-hdds-container-service-0.6.0-SNAPSHOT-tests.jar:/home/user/.m2/repository/org/apache/hadoop/hadoop-hdds-common/0.6.0-SNAPSHOT/hadoop-hdds-common-0.6.0-SNAPSHOT-tests.jar:/home/user/.m2/repository/org/yaml/snakeyaml/1.16/snakeyaml-1.16.jar:/home/user/.m2/repository/org/apache/hadoop/hadoop-hdds-hadoop-dependency-test/0.6.0-SNAPSHOT/hadoop-hdds-hadoop-dependency-test-0.6.0-SNAPSHOT.jar:/home/user/.m2/repository/org/apache/hadoop/hadoop-common/3.2.1/hadoop-common-3.2.1-tests.jar:/home/user/.m2/repository/javax/servlet/jsp/jsp-api/2.1/jsp-api-2.1.jar:/home/user/.m2/repository/org/apache/hadoop/hadoop-hdfs/3.2.1/hadoop-hdfs-3.2.1-tests.jar:/home/user/.m2/repository/org/eclipse/jetty/jetty-util-ajax/9.4.26.v20200117/jetty-util-ajax-9.4.26.v20200117.jar:/home/user/.m2/repository/commons-codec/commons-codec/1.11/commons-codec-1.11.jar:/home/user/.m2/repository/commons-daemon/commons-daemon/1.0.13/commons-daemon-1.0.13.jar:/home/user/.m2/repository/io/netty/netty/3.10.5.Final/netty-3.10.5.Final.jar:/home/user/.m2/repository/io/netty/netty-all/4.1.48.Final/netty-all-4.1.48.Final.jar:/home/user/.m2/repository/org/apache/htrace/htrace-core4/4.1.0-incubating/htrace-core4-4.1.0-incubating.jar:/home/user/.m2/repository/org/fusesource/leveldbjni/leveldbjni-all/1.8/leveldbjni-all-1.8.jar:/home/user/.m2/repository/org/apache/hadoop/hadoop-distcp/3.2.1/hadoop-distcp-3.2.1.jar:/home/user/.m2/repository/org/apache/hadoop/hadoop-mapreduce-client-jobclient/3.2.1/hadoop-mapreduce-client-jobclient-3.2.1.jar:/home/user/.m2/repository/org/apache/hadoop/hadoop-mapreduce-client-common/3.2.1/hadoop-mapreduce-client-common-3.2.1.jar:/home/user/.m2/repository/org/apache/hadoop/hadoop-yarn-common/3.2.1/hadoop-yarn-common-3.2.1.jar:/home/user/.m2/repository/org/apache/hadoop/hadoop-yarn-api/3.2.1/hadoop-yarn-api-3.2.1.jar:/home/user/.m2/repository/com/sun/jersey/jersey-client/1.19/jersey-client-1.19.jar:/home/user/.m2/repository/com/sun/jersey/contribs/jersey-guice/1.19/jersey-guice-1.19.jar:/home/user/.m2/repository/com/fasterxml/jackson/jaxrs/jackson-jaxrs-json-provider/2.10.3/jackson-jaxrs-json-provider-2.10.3.jar:/home/user/.m2/repository/com/fasterxml/jackson/jaxrs/jackson-jaxrs-base/2.10.3/jackson-jaxrs-base-2.10.3.jar:/home/user/.m2/repository/org/apache/hadoop/hadoop-yarn-client/3.2.1/hadoop-yarn-client-3.2.1.jar:/home/user/.m2/repository/org/apache/hadoop/hadoop-mapreduce-client-core/3.2.1/hadoop-mapreduce-client-core-3.2.1.jar:/home/user/.m2/repository/org/apache/avro/avro/1.7.7/avro-1.7.7.jar:/home/user/.m2/repository/org/codehaus/jackson/jackson-core-asl/1.9.13/jackson-core-asl-1.9.13.jar:/home/user/.m2/repository/org/codehaus/jackson/jackson-mapper-asl/1.9.13/jackson-mapper-asl-1.9.13.jar:/home/user/.m2/repository/com/thoughtworks/paranamer/paranamer/2.3/paranamer-2.3.jar:/home/user/.m2/repository/org/xerial/snappy/snappy-java/1.0.5/snappy-java-1.0.5.jar:/home/user/.m2/repository/org/apache/hadoop/hadoop-annotations/3.2.1/hadoop-annotations-3.2.1.jar:/usr/lib/jvm/java-1.8.0-openjdk-1.8.0.232.b09-0.el7_7.x86_64/jre/../lib/tools.jar:/home/user/.m2/repository/org/apache/hadoop/hadoop-distcp/3.2.1/hadoop-distcp-3.2.1-tests.jar:"/>
    <property name="sun.cpu.endian" value="little"/>
    <property name="user.home" value="/home/user"/>
    <property name="user.language" value="en"/>
    <property name="java.specification.vendor" value="Oracle Corporation"/>
    <property name="java.home" value="/usr/lib/jvm/java-1.8.0-openjdk-1.8.0.232.b09-0.el7_7.x86_64/jre"/>
    <property name="java.security.krb5.conf" value="/github/workspace/mnt/ozone/hadoop-ozone/integration-test/target/test-classes/krb5.conf"/>
    <property name="basedir" value="/github/workspace/mnt/ozone/hadoop-ozone/integration-test"/>
    <property name="file.separator" value="/"/>
    <property name="line.separator" value="&#10;"/>
    <property name="java.vm.specification.vendor" value="Oracle Corporation"/>
    <property name="java.specification.name" value="Java Platform API Specification"/>
    <property name="java.awt.graphicsenv" value="sun.awt.X11GraphicsEnvironment"/>
    <property name="skip.installnpx" value="true"/>
    <property name="surefire.real.class.path" value="/github/workspace/mnt/ozone/hadoop-ozone/integration-test/target/surefire/surefirebooter1238689475393938181.jar:/home/user/.m2/repository/org/jacoco/org.jacoco.agent/0.8.5/org.jacoco.agent-0.8.5-runtime.jar"/>
    <property name="hadoop.log.dir" value="/github/workspace/mnt/ozone/hadoop-ozone/integration-test/target/log"/>
    <property name="sun.boot.class.path" value="/usr/lib/jvm/java-1.8.0-openjdk-1.8.0.232.b09-0.el7_7.x86_64/jre/lib/resources.jar:/usr/lib/jvm/java-1.8.0-openjdk-1.8.0.232.b09-0.el7_7.x86_64/jre/lib/rt.jar:/usr/lib/jvm/java-1.8.0-openjdk-1.8.0.232.b09-0.el7_7.x86_64/jre/lib/sunrsasign.jar:/usr/lib/jvm/java-1.8.0-openjdk-1.8.0.232.b09-0.el7_7.x86_64/jre/lib/jsse.jar:/usr/lib/jvm/java-1.8.0-openjdk-1.8.0.232.b09-0.el7_7.x86_64/jre/lib/jce.jar:/usr/lib/jvm/java-1.8.0-openjdk-1.8.0.232.b09-0.el7_7.x86_64/jre/lib/charsets.jar:/usr/lib/jvm/java-1.8.0-openjdk-1.8.0.232.b09-0.el7_7.x86_64/jre/lib/jfr.jar:/usr/lib/jvm/java-1.8.0-openjdk-1.8.0.232.b09-0.el7_7.x86_64/jre/classes"/>
    <property name="sun.management.compiler" value="HotSpot 64-Bit Tiered Compilers"/>
    <property name="skip.npx" value="true"/>
    <property name="java.runtime.version" value="1.8.0_232-b09"/>
    <property name="java.net.preferIPv4Stack" value="true"/>
    <property name="user.name" value="jenkins1001"/>
    <property name="path.separator" value=":"/>
    <property name="java.security.egd" value="file:///dev/urandom"/>
    <property name="os.version" value="5.3.0-1028-azure"/>
    <property name="java.endorsed.dirs" value="/usr/lib/jvm/java-1.8.0-openjdk-1.8.0.232.b09-0.el7_7.x86_64/jre/lib/endorsed"/>
    <property name="java.runtime.name" value="OpenJDK Runtime Environment"/>
    <property name="file.encoding" value="ANSI_X3.4-1968"/>
    <property name="java.vm.name" value="OpenJDK 64-Bit Server VM"/>
    <property name="test.build.webapps" value=""/>
    <property name="localRepository" value="/home/user/.m2/repository"/>
    <property name="java.vendor.url.bug" value="http://bugreport.sun.com/bugreport/"/>
    <property name="java.io.tmpdir" value="/tmp"/>
    <property name="require.test.libhadoop" value=""/>
    <property name="java.version" value="1.8.0_232"/>
    <property name="user.dir" value="/github/workspace/mnt/ozone/hadoop-ozone/integration-test"/>
    <property name="os.arch" value="amd64"/>
    <property name="java.vm.specification.name" value="Java Virtual Machine Specification"/>
    <property name="test.build.classes" value="/github/workspace/mnt/ozone/hadoop-ozone/integration-test/target/test-classes"/>
    <property name="java.awt.printerjob" value="sun.print.PSPrinterJob"/>
    <property name="sun.os.patch.level" value="unknown"/>
    <property name="hadoop.tmp.dir" value="/github/workspace/mnt/ozone/hadoop-ozone/integration-test/target/tmp"/>
    <property name="java.library.path" value="/usr/lib:/usr/java/packages/lib/amd64:/usr/lib64:/lib64:/lib:/usr/lib"/>
    <property name="java.vm.info" value="mixed mode"/>
    <property name="java.vendor" value="Oracle Corporation"/>
    <property name="java.vm.version" value="25.232-b09"/>
    <property name="java.ext.dirs" value="/usr/lib/jvm/java-1.8.0-openjdk-1.8.0.232.b09-0.el7_7.x86_64/jre/lib/ext:/usr/java/packages/lib/ext"/>
    <property name="sun.io.unicode.encoding" value="UnicodeLittle"/>
    <property name="java.class.version" value="52.0"/>
  </properties>
  <testcase name="testDeleteKeyWithSlowFollower" classname="org.apache.hadoop.ozone.client.rpc.TestDeleteWithSlowFollower" time="0.166">
    <failure type="java.lang.AssertionError">java.lang.AssertionError
	at org.junit.Assert.fail(Assert.java:86)
	at org.junit.Assert.assertTrue(Assert.java:41)
	at org.junit.Assert.assertNotNull(Assert.java:621)
	at org.junit.Assert.assertNotNull(Assert.java:631)
	at org.apache.hadoop.ozone.client.rpc.TestDeleteWithSlowFollower.testDeleteKeyWithSlowFollower(TestDeleteWithSlowFollower.java:225)
	at sun.reflect.NativeMethodAccessorImpl.invoke0(Native Method)
	at sun.reflect.NativeMethodAccessorImpl.invoke(NativeMethodAccessorImpl.java:62)
	at sun.reflect.DelegatingMethodAccessorImpl.invoke(DelegatingMethodAccessorImpl.java:43)
	at java.lang.reflect.Method.invoke(Method.java:498)
	at org.junit.runners.model.FrameworkMethod$1.runReflectiveCall(FrameworkMethod.java:47)
	at org.junit.internal.runners.model.ReflectiveCallable.run(ReflectiveCallable.java:12)
	at org.junit.runners.model.FrameworkMethod.invokeExplosively(FrameworkMethod.java:44)
	at org.junit.internal.runners.statements.InvokeMethod.evaluate(InvokeMethod.java:17)
	at org.junit.runners.ParentRunner.runLeaf(ParentRunner.java:271)
	at org.junit.runners.BlockJUnit4ClassRunner.runChild(BlockJUnit4ClassRunner.java:70)
	at org.junit.runners.BlockJUnit4ClassRunner.runChild(BlockJUnit4ClassRunner.java:50)
	at org.junit.runners.ParentRunner$3.run(ParentRunner.java:238)
	at org.junit.runners.ParentRunner$1.schedule(ParentRunner.java:63)
	at org.junit.runners.ParentRunner.runChildren(ParentRunner.java:236)
	at org.junit.runners.ParentRunner.access$000(ParentRunner.java:53)
	at org.junit.runners.ParentRunner$2.evaluate(ParentRunner.java:229)
	at org.junit.internal.runners.statements.RunBefores.evaluate(RunBefores.java:26)
	at org.junit.internal.runners.statements.RunAfters.evaluate(RunAfters.java:27)
	at org.junit.runners.ParentRunner.run(ParentRunner.java:309)
	at org.apache.maven.surefire.junit4.JUnit4Provider.execute(JUnit4Provider.java:365)
	at org.apache.maven.surefire.junit4.JUnit4Provider.executeWithRerun(JUnit4Provider.java:273)
	at org.apache.maven.surefire.junit4.JUnit4Provider.executeTestSet(JUnit4Provider.java:238)
	at org.apache.maven.surefire.junit4.JUnit4Provider.invoke(JUnit4Provider.java:159)
	at org.apache.maven.surefire.booter.ForkedBooter.invokeProviderInSameClassLoader(ForkedBooter.java:384)
	at org.apache.maven.surefire.booter.ForkedBooter.runSuitesInProcess(ForkedBooter.java:345)
	at org.apache.maven.surefire.booter.ForkedBooter.execute(ForkedBooter.java:126)
	at org.apache.maven.surefire.booter.ForkedBooter.main(ForkedBooter.java:418)
</failure>
    <system-out><![CDATA[2020-06-26 10:47:18,908 [main] WARN  server.ServerUtils (ServerUtils.java:getScmDbDir(148)) - ozone.scm.db.dirs is not configured. We recommend adding this setting. Falling back to ozone.metadata.dirs instead.
2020-06-26 10:47:19,017 [main] WARN  server.ServerUtils (ServerUtils.java:getScmDbDir(148)) - ozone.scm.db.dirs is not configured. We recommend adding this setting. Falling back to ozone.metadata.dirs instead.
2020-06-26 10:47:19,178 [main] WARN  db.DBStoreBuilder (DBStoreBuilder.java:createDBStoreBuilder(277)) - ozone.scm.db.dirs is not configured. We recommend adding this setting. Falling back to ozone.metadata.dirs instead.
2020-06-26 10:47:19,359 [main] INFO  net.NodeSchemaLoader (NodeSchemaLoader.java:loadSchemaFromFile(126)) - Loading file from sun.misc.CompoundEnumeration@4f936da8
2020-06-26 10:47:19,360 [main] INFO  net.NodeSchemaLoader (NodeSchemaLoader.java:loadSchema(172)) - Loading network topology layer schema file
2020-06-26 10:47:19,428 [main] WARN  server.ServerUtils (ServerUtils.java:sanitizeUserArgs(73)) - ozone.scm.stale.node.interval value = 1000000 is larger than max = 100000 based on the key value of ozone.scm.heartbeat.thread.interval, reset to the max value 100000.
2020-06-26 10:47:19,428 [main] WARN  server.ServerUtils (ServerUtils.java:sanitizeUserArgs(73)) - ozone.scm.stale.node.interval value = 1000000 is larger than max = 100000 based on the key value of ozone.scm.heartbeat.thread.interval, reset to the max value 100000.
2020-06-26 10:47:19,433 [main] INFO  node.SCMNodeManager (SCMNodeManager.java:<init>(116)) - Entering startup safe mode.
2020-06-26 10:47:19,542 [main] INFO  algorithms.ContainerPlacementPolicyFactory (ContainerPlacementPolicyFactory.java:getPolicy(60)) - Create container placement policy of type org.apache.hadoop.hdds.scm.container.placement.algorithms.SCMContainerPlacementRandom
2020-06-26 10:47:19,567 [main] INFO  pipeline.SCMPipelineManager (SCMPipelineManager.java:initializePipelineState(158)) - No pipeline exists in current db
2020-06-26 10:47:19,657 [main] INFO  safemode.HealthyPipelineSafeModeRule (HealthyPipelineSafeModeRule.java:<init>(89)) - Total pipeline count is 0, healthy pipeline threshold count is 0
2020-06-26 10:47:19,662 [main] INFO  safemode.OneReplicaPipelineSafeModeRule (OneReplicaPipelineSafeModeRule.java:<init>(79)) - Total pipeline count is 0, pipeline's with at least one datanode reported threshold count is 0
2020-06-26 10:47:19,711 [RatisPipelineUtilsThread] ERROR pipeline.SCMPipelineManager (SCMPipelineManager.java:createPipeline(222)) - Failed to create pipeline of type RATIS and factor ONE. Exception: Cannot create pipeline of factor 1 using 0 nodes. Used 0 nodes. Healthy nodes 0
2020-06-26 10:47:20,065 [main] INFO  ipc.CallQueueManager (CallQueueManager.java:<init>(84)) - Using callQueue: class java.util.concurrent.LinkedBlockingQueue, queueCapacity: 2000, scheduler: class org.apache.hadoop.ipc.DefaultRpcScheduler, ipcBackoff: false.
2020-06-26 10:47:20,090 [Socket Reader #1 for port 0] INFO  ipc.Server (Server.java:run(1219)) - Starting Socket Reader #1 for port 0
2020-06-26 10:47:20,121 [Listener at 0.0.0.0/35735] INFO  ipc.CallQueueManager (CallQueueManager.java:<init>(84)) - Using callQueue: class java.util.concurrent.LinkedBlockingQueue, queueCapacity: 2000, scheduler: class org.apache.hadoop.ipc.DefaultRpcScheduler, ipcBackoff: false.
2020-06-26 10:47:20,123 [Socket Reader #1 for port 0] INFO  ipc.Server (Server.java:run(1219)) - Starting Socket Reader #1 for port 0
2020-06-26 10:47:20,136 [Listener at 0.0.0.0/39693] INFO  ipc.CallQueueManager (CallQueueManager.java:<init>(84)) - Using callQueue: class java.util.concurrent.LinkedBlockingQueue, queueCapacity: 2000, scheduler: class org.apache.hadoop.ipc.DefaultRpcScheduler, ipcBackoff: false.
2020-06-26 10:47:20,136 [Socket Reader #1 for port 0] INFO  ipc.Server (Server.java:run(1219)) - Starting Socket Reader #1 for port 0
2020-06-26 10:47:20,156 [Listener at 0.0.0.0/34895] INFO  http.BaseHttpServer (BaseHttpServer.java:newHttpServer2BuilderForOzone(207)) - Starting Web-server for scm at: http://0.0.0.0:0
2020-06-26 10:47:20,156 [Listener at 0.0.0.0/34895] INFO  http.BaseHttpServer (BaseHttpServer.java:<init>(106)) - Hadoop Security Enabled: false Ozone Security Enabled: false Ozone HTTP Security Enabled: false 
2020-06-26 10:47:20,182 [Listener at 0.0.0.0/34895] INFO  util.log (Log.java:initialized(169)) - Logging initialized @2309ms to org.eclipse.jetty.util.log.Slf4jLog
2020-06-26 10:47:20,303 [Listener at 0.0.0.0/34895] INFO  server.AuthenticationFilter (AuthenticationFilter.java:constructSecretProvider(240)) - Unable to initialize FileSignerSecretProvider, falling back to use random secrets.
2020-06-26 10:47:20,317 [Listener at 0.0.0.0/34895] WARN  http.HttpRequestLog (HttpRequestLog.java:getRequestLog(103)) - Jetty request log can only be enabled using Log4j
2020-06-26 10:47:20,323 [Listener at 0.0.0.0/34895] INFO  http.HttpServer2 (HttpServer2.java:addGlobalFilter(997)) - Added global filter 'safety' (class=org.apache.hadoop.hdds.server.http.HttpServer2$QuotingInputFilter)
2020-06-26 10:47:20,325 [Listener at 0.0.0.0/34895] INFO  http.HttpServer2 (HttpServer2.java:addFilter(973)) - Added filter static_user_filter (class=org.apache.hadoop.http.lib.StaticUserWebFilter$StaticUserFilter) to context scm
2020-06-26 10:47:20,325 [Listener at 0.0.0.0/34895] INFO  http.HttpServer2 (HttpServer2.java:addFilter(981)) - Added filter static_user_filter (class=org.apache.hadoop.http.lib.StaticUserWebFilter$StaticUserFilter) to context logs
2020-06-26 10:47:20,325 [Listener at 0.0.0.0/34895] INFO  http.HttpServer2 (HttpServer2.java:addFilter(981)) - Added filter static_user_filter (class=org.apache.hadoop.http.lib.StaticUserWebFilter$StaticUserFilter) to context static
2020-06-26 10:47:20,378 [Listener at 0.0.0.0/34895] INFO  server.StorageContainerManager (StorageContainerManager.java:start(782)) - StorageContainerLocationProtocol RPC server is listening at /0.0.0.0:34895
2020-06-26 10:47:20,435 [Listener at 0.0.0.0/34895] WARN  impl.MetricsConfig (MetricsConfig.java:loadFirst(134)) - Cannot locate configuration: tried hadoop-metrics2-storagecontainermanager.properties,hadoop-metrics2.properties
2020-06-26 10:47:20,448 [Listener at 0.0.0.0/34895] INFO  impl.MetricsSystemImpl (MetricsSystemImpl.java:startTimer(374)) - Scheduled Metric snapshot period at 10 second(s).
2020-06-26 10:47:20,449 [Listener at 0.0.0.0/34895] INFO  impl.MetricsSystemImpl (MetricsSystemImpl.java:start(191)) - StorageContainerManager metrics system started
2020-06-26 10:47:20,707 [Listener at 0.0.0.0/34895] INFO  server.SCMClientProtocolServer (SCMClientProtocolServer.java:start(156)) - RPC server for Client  is listening at /0.0.0.0:34895
2020-06-26 10:47:20,708 [IPC Server Responder] INFO  ipc.Server (Server.java:run(1460)) - IPC Server Responder: starting
2020-06-26 10:47:20,710 [IPC Server listener on 0] INFO  ipc.Server (Server.java:run(1298)) - IPC Server listener on 0: starting
2020-06-26 10:47:20,714 [Listener at 0.0.0.0/34895] INFO  server.StorageContainerManager (StorageContainerManager.java:start(794)) - ScmBlockLocationProtocol RPC server is listening at /0.0.0.0:39693
2020-06-26 10:47:20,714 [Listener at 0.0.0.0/34895] INFO  server.SCMBlockProtocolServer (SCMBlockProtocolServer.java:start(149)) - RPC server for Block Protocol is listening at /0.0.0.0:39693
2020-06-26 10:47:20,716 [IPC Server Responder] INFO  ipc.Server (Server.java:run(1460)) - IPC Server Responder: starting
2020-06-26 10:47:20,716 [IPC Server listener on 0] INFO  ipc.Server (Server.java:run(1298)) - IPC Server listener on 0: starting
2020-06-26 10:47:20,719 [Listener at 0.0.0.0/34895] INFO  server.StorageContainerManager (StorageContainerManager.java:start(800)) - ScmDatanodeProtocl RPC server is listening at /0.0.0.0:35735
2020-06-26 10:47:20,719 [Listener at 0.0.0.0/34895] INFO  server.SCMDatanodeProtocolServer (SCMDatanodeProtocolServer.java:start(172)) - RPC server for DataNodes is listening at /0.0.0.0:35735
2020-06-26 10:47:20,720 [IPC Server Responder] INFO  ipc.Server (Server.java:run(1460)) - IPC Server Responder: starting
2020-06-26 10:47:20,720 [IPC Server listener on 0] INFO  ipc.Server (Server.java:run(1298)) - IPC Server listener on 0: starting
2020-06-26 10:47:20,725 [Listener at 0.0.0.0/34895] INFO  http.HttpServer2 (HttpServer2.java:bindListener(1215)) - Jetty bound to port 42721
2020-06-26 10:47:20,726 [Listener at 0.0.0.0/34895] INFO  server.Server (Server.java:doStart(359)) - jetty-9.4.26.v20200117; built: 2020-01-17T12:35:33.676Z; git: 7b38981d25d14afb4a12ff1f2596756144edf695; jvm 1.8.0_232-b09
2020-06-26 10:47:20,761 [Listener at 0.0.0.0/34895] INFO  server.session (DefaultSessionIdManager.java:doStart(333)) - DefaultSessionIdManager workerName=node0
2020-06-26 10:47:20,762 [Listener at 0.0.0.0/34895] INFO  server.session (DefaultSessionIdManager.java:doStart(338)) - No SessionScavenger set, using defaults
2020-06-26 10:47:20,763 [Listener at 0.0.0.0/34895] INFO  server.session (HouseKeeper.java:startScavenging(140)) - node0 Scavenging every 660000ms
2020-06-26 10:47:20,783 [Listener at 0.0.0.0/34895] INFO  handler.ContextHandler (ContextHandler.java:doStart(825)) - Started o.e.j.s.ServletContextHandler@3443e476{logs,/logs,file:///github/workspace/mnt/ozone/hadoop-ozone/integration-test/target/log,AVAILABLE}
2020-06-26 10:47:20,784 [Listener at 0.0.0.0/34895] INFO  handler.ContextHandler (ContextHandler.java:doStart(825)) - Started o.e.j.s.ServletContextHandler@63f6bed1{static,/static,file:///github/workspace/mnt/ozone/hadoop-ozone/integration-test/target/test-classes/webapps/static,AVAILABLE}
2020-06-26 10:47:20,828 [Listener at 0.0.0.0/34895] INFO  handler.ContextHandler (ContextHandler.java:doStart(825)) - Started o.e.j.w.WebAppContext@4ae2e781{scm,/,file:///github/workspace/mnt/ozone/hadoop-ozone/integration-test/target/test-classes/webapps/scm/,AVAILABLE}{file:/github/workspace/mnt/ozone/hadoop-ozone/integration-test/target/test-classes/webapps/scm}
2020-06-26 10:47:20,838 [Listener at 0.0.0.0/34895] INFO  server.AbstractConnector (AbstractConnector.java:doStart(330)) - Started ServerConnector@7792d851{HTTP/1.1,[http/1.1]}{0.0.0.0:42721}
2020-06-26 10:47:20,839 [Listener at 0.0.0.0/34895] INFO  server.Server (Server.java:doStart(399)) - Started @2966ms
2020-06-26 10:47:20,841 [Listener at 0.0.0.0/34895] INFO  impl.MetricsSinkAdapter (MetricsSinkAdapter.java:start(204)) - Sink prometheus started
2020-06-26 10:47:20,841 [Listener at 0.0.0.0/34895] INFO  impl.MetricsSystemImpl (MetricsSystemImpl.java:registerSink(301)) - Registered sink prometheus
2020-06-26 10:47:20,845 [Listener at 0.0.0.0/34895] INFO  http.BaseHttpServer (BaseHttpServer.java:updateConnectorAddress(327)) - HTTP server of scm listening at http://0.0.0.0:42721
2020-06-26 10:47:20,855 [Listener at 0.0.0.0/34895] WARN  server.ServerUtils (ServerUtils.java:getDBPath(225)) - ozone.om.db.dirs is not configured. We recommend adding this setting. Falling back to ozone.metadata.dirs instead.
2020-06-26 10:47:20,863 [org.apache.hadoop.util.JvmPauseMonitor$Monitor@5b29ab61] INFO  util.JvmPauseMonitor (JvmPauseMonitor.java:run(188)) - Starting JVM pause monitor
2020-06-26 10:47:20,961 [Listener at 0.0.0.0/34895] INFO  ha.OMHANodeDetails (OMHANodeDetails.java:loadOMHAConfig(104)) - ozone.om.internal.service.id is not defined, falling back to ozone.om.service.ids to find serviceID for OzoneManager if it is HA enabled cluster
2020-06-26 10:47:20,964 [Listener at 0.0.0.0/34895] INFO  ha.OMHANodeDetails (OMHANodeDetails.java:loadOMHAConfig(213)) - Configuration either no ozone.om.address set. Falling back to the default OM address /127.0.0.1:0
2020-06-26 10:47:20,964 [Listener at 0.0.0.0/34895] INFO  ha.OMHANodeDetails (OMHANodeDetails.java:getOMNodeDetails(241)) - OM Service ID is not set. Setting it to the default ID: omServiceIdDefault
2020-06-26 10:47:20,966 [Listener at 0.0.0.0/34895] WARN  server.ServerUtils (ServerUtils.java:getDBPath(225)) - ozone.om.db.dirs is not configured. We recommend adding this setting. Falling back to ozone.metadata.dirs instead.
2020-06-26 10:47:20,967 [Listener at 0.0.0.0/34895] WARN  server.ServerUtils (ServerUtils.java:getDBPath(225)) - ozone.om.db.dirs is not configured. We recommend adding this setting. Falling back to ozone.metadata.dirs instead.
2020-06-26 10:47:21,683 [Listener at 0.0.0.0/34895] WARN  server.ServerUtils (ServerUtils.java:getDBPath(225)) - ozone.om.db.dirs is not configured. We recommend adding this setting. Falling back to ozone.metadata.dirs instead.
2020-06-26 10:47:21,821 [Listener at 0.0.0.0/34895] INFO  ipc.CallQueueManager (CallQueueManager.java:<init>(84)) - Using callQueue: class java.util.concurrent.LinkedBlockingQueue, queueCapacity: 2000, scheduler: class org.apache.hadoop.ipc.DefaultRpcScheduler, ipcBackoff: false.
2020-06-26 10:47:21,824 [Socket Reader #1 for port 0] INFO  ipc.Server (Server.java:run(1219)) - Starting Socket Reader #1 for port 0
2020-06-26 10:47:21,847 [Listener at 127.0.0.1/33973] INFO  impl.MetricsSystemImpl (MetricsSystemImpl.java:init(158)) - OzoneManager metrics system started (again)
2020-06-26 10:47:21,850 [Listener at 127.0.0.1/33973] INFO  om.OzoneManager (OzoneManager.java:start(1083)) - OzoneManager RPC server is listening at localhost/127.0.0.1:33973
2020-06-26 10:47:21,876 [IPC Server Responder] INFO  ipc.Server (Server.java:run(1460)) - IPC Server Responder: starting
2020-06-26 10:47:21,877 [IPC Server listener on 0] INFO  ipc.Server (Server.java:run(1298)) - IPC Server listener on 0: starting
2020-06-26 10:47:21,888 [Listener at 127.0.0.1/33973] INFO  http.BaseHttpServer (BaseHttpServer.java:newHttpServer2BuilderForOzone(207)) - Starting Web-server for ozoneManager at: http://0.0.0.0:0
2020-06-26 10:47:21,888 [Listener at 127.0.0.1/33973] INFO  http.BaseHttpServer (BaseHttpServer.java:<init>(106)) - Hadoop Security Enabled: false Ozone Security Enabled: false Ozone HTTP Security Enabled: false 
2020-06-26 10:47:21,890 [Listener at 127.0.0.1/33973] INFO  server.AuthenticationFilter (AuthenticationFilter.java:constructSecretProvider(240)) - Unable to initialize FileSignerSecretProvider, falling back to use random secrets.
2020-06-26 10:47:21,890 [Listener at 127.0.0.1/33973] WARN  http.HttpRequestLog (HttpRequestLog.java:getRequestLog(103)) - Jetty request log can only be enabled using Log4j
2020-06-26 10:47:21,891 [Listener at 127.0.0.1/33973] INFO  http.HttpServer2 (HttpServer2.java:addGlobalFilter(997)) - Added global filter 'safety' (class=org.apache.hadoop.hdds.server.http.HttpServer2$QuotingInputFilter)
2020-06-26 10:47:21,892 [Listener at 127.0.0.1/33973] INFO  http.HttpServer2 (HttpServer2.java:addFilter(973)) - Added filter static_user_filter (class=org.apache.hadoop.http.lib.StaticUserWebFilter$StaticUserFilter) to context ozoneManager
2020-06-26 10:47:21,892 [Listener at 127.0.0.1/33973] INFO  http.HttpServer2 (HttpServer2.java:addFilter(981)) - Added filter static_user_filter (class=org.apache.hadoop.http.lib.StaticUserWebFilter$StaticUserFilter) to context static
2020-06-26 10:47:21,892 [Listener at 127.0.0.1/33973] INFO  http.HttpServer2 (HttpServer2.java:addFilter(981)) - Added filter static_user_filter (class=org.apache.hadoop.http.lib.StaticUserWebFilter$StaticUserFilter) to context logs
2020-06-26 10:47:21,896 [Listener at 127.0.0.1/33973] INFO  http.HttpServer2 (HttpServer2.java:bindListener(1215)) - Jetty bound to port 33105
2020-06-26 10:47:21,896 [Listener at 127.0.0.1/33973] INFO  server.Server (Server.java:doStart(359)) - jetty-9.4.26.v20200117; built: 2020-01-17T12:35:33.676Z; git: 7b38981d25d14afb4a12ff1f2596756144edf695; jvm 1.8.0_232-b09
2020-06-26 10:47:21,898 [Listener at 127.0.0.1/33973] INFO  server.session (DefaultSessionIdManager.java:doStart(333)) - DefaultSessionIdManager workerName=node0
2020-06-26 10:47:21,899 [Listener at 127.0.0.1/33973] INFO  server.session (DefaultSessionIdManager.java:doStart(338)) - No SessionScavenger set, using defaults
2020-06-26 10:47:21,899 [Listener at 127.0.0.1/33973] INFO  server.session (HouseKeeper.java:startScavenging(140)) - node0 Scavenging every 600000ms
2020-06-26 10:47:21,900 [Listener at 127.0.0.1/33973] INFO  handler.ContextHandler (ContextHandler.java:doStart(825)) - Started o.e.j.s.ServletContextHandler@3acc65f0{logs,/logs,file:///github/workspace/mnt/ozone/hadoop-ozone/integration-test/target/log,AVAILABLE}
2020-06-26 10:47:21,901 [Listener at 127.0.0.1/33973] INFO  handler.ContextHandler (ContextHandler.java:doStart(825)) - Started o.e.j.s.ServletContextHandler@29431f61{static,/static,file:///github/workspace/mnt/ozone/hadoop-ozone/integration-test/target/test-classes/webapps/static,AVAILABLE}
2020-06-26 10:47:21,906 [Listener at 127.0.0.1/33973] INFO  handler.ContextHandler (ContextHandler.java:doStart(825)) - Started o.e.j.w.WebAppContext@143fe09c{ozoneManager,/,file:///github/workspace/mnt/ozone/hadoop-ozone/integration-test/target/test-classes/webapps/ozoneManager/,AVAILABLE}{file:/github/workspace/mnt/ozone/hadoop-ozone/integration-test/target/test-classes/webapps/ozoneManager}
2020-06-26 10:47:21,908 [Listener at 127.0.0.1/33973] INFO  server.AbstractConnector (AbstractConnector.java:doStart(330)) - Started ServerConnector@5a4e492c{HTTP/1.1,[http/1.1]}{0.0.0.0:33105}
2020-06-26 10:47:21,908 [Listener at 127.0.0.1/33973] INFO  server.Server (Server.java:doStart(399)) - Started @4035ms
2020-06-26 10:47:21,908 [Listener at 127.0.0.1/33973] WARN  impl.MetricsSystemImpl (MetricsSystemImpl.java:register(276)) - Sink prometheus already exists!
2020-06-26 10:47:21,911 [Listener at 127.0.0.1/33973] INFO  http.BaseHttpServer (BaseHttpServer.java:updateConnectorAddress(327)) - HTTP server of ozoneManager listening at http://0.0.0.0:33105
2020-06-26 10:47:21,921 [org.apache.hadoop.util.JvmPauseMonitor$Monitor@69abeb14] INFO  util.JvmPauseMonitor (JvmPauseMonitor.java:run(188)) - Starting JVM pause monitor
2020-06-26 10:47:22,026 [Listener at 127.0.0.1/33973] INFO  metrics.MetricRegistries (MetricRegistriesLoader.java:load(64)) - Loaded MetricRegistries class org.apache.ratis.metrics.impl.MetricRegistriesImpl
2020-06-26 10:47:22,029 [Listener at 127.0.0.1/33973] INFO  impl.MetricsSystemImpl (MetricsSystemImpl.java:init(158)) - HddsDatanode metrics system started (again)
2020-06-26 10:47:22,038 [Listener at 127.0.0.1/33973] INFO  ozone.HddsDatanodeService (HddsDatanodeService.java:start(197)) - HddsDatanodeService host:211fa11b6f09 ip:172.17.0.2
2020-06-26 10:47:22,089 [Listener at 127.0.0.1/33973] INFO  volume.HddsVolume (HddsVolume.java:<init>(176)) - Creating Volume: /github/workspace/mnt/ozone/hadoop-ozone/integration-test/target/test-dir/MiniOzoneClusterImpl-879ab4df-a1ff-473f-a6f4-02a98a4eae46/datanode-0/data-0/containers/hdds of storage type : DISK and capacity : 9223372036854775807
2020-06-26 10:47:22,091 [Listener at 127.0.0.1/33973] INFO  volume.MutableVolumeSet (MutableVolumeSet.java:initializeVolumeSet(181)) - Added Volume : /github/workspace/mnt/ozone/hadoop-ozone/integration-test/target/test-dir/MiniOzoneClusterImpl-879ab4df-a1ff-473f-a6f4-02a98a4eae46/datanode-0/data-0/containers/hdds to VolumeSet
2020-06-26 10:47:22,092 [Listener at 127.0.0.1/33973] INFO  volume.ThrottledAsyncChecker (ThrottledAsyncChecker.java:schedule(141)) - Scheduling a check for /github/workspace/mnt/ozone/hadoop-ozone/integration-test/target/test-dir/MiniOzoneClusterImpl-879ab4df-a1ff-473f-a6f4-02a98a4eae46/datanode-0/data-0/containers/hdds
2020-06-26 10:47:22,115 [Listener at 127.0.0.1/33973] INFO  volume.HddsVolumeChecker (HddsVolumeChecker.java:checkAllVolumes(200)) - Scheduled health check for volume /github/workspace/mnt/ozone/hadoop-ozone/integration-test/target/test-dir/MiniOzoneClusterImpl-879ab4df-a1ff-473f-a6f4-02a98a4eae46/datanode-0/data-0/containers/hdds
2020-06-26 10:47:22,250 [Listener at 127.0.0.1/33973] INFO  impl.RaftServerProxy (ConfUtils.java:logGet(44)) - raft.rpc.type = GRPC (default)
2020-06-26 10:47:22,322 [Listener at 127.0.0.1/33973] INFO  grpc.GrpcFactory (GrpcFactory.java:checkPooledByteBufAllocatorUseCacheForAllThreads(45)) - PERFORMANCE WARNING: useCacheForAllThreads is true that may cause Netty to create a lot garbage objects and, as a result, trigger GC.
	It is recommended to disable useCacheForAllThreads by setting -Dorg.apache.ratis.thirdparty.io.netty.allocator.useCacheForAllThreads=false in command line.
2020-06-26 10:47:22,329 [Listener at 127.0.0.1/33973] INFO  grpc.GrpcConfigKeys (ConfUtils.java:logGet(44)) - raft.grpc.server.port = 0 (default)
2020-06-26 10:47:22,330 [Listener at 127.0.0.1/33973] INFO  server.GrpcService (ConfUtils.java:logGet(44)) - raft.grpc.message.size.max = 32MB (=33554432) (custom)
2020-06-26 10:47:22,332 [Listener at 127.0.0.1/33973] INFO  server.RaftServerConfigKeys (ConfUtils.java:logGet(44)) - raft.server.log.appender.buffer.byte-limit = 33554432 (custom)
2020-06-26 10:47:22,333 [Listener at 127.0.0.1/33973] INFO  server.GrpcService (ConfUtils.java:logGet(44)) - raft.grpc.flow.control.window = 5MB (=5242880) (custom)
2020-06-26 10:47:22,334 [Listener at 127.0.0.1/33973] INFO  server.RaftServerConfigKeys (ConfUtils.java:logGet(44)) - raft.server.rpc.request.timeout = 3s (default)
2020-06-26 10:47:22,543 [Listener at 127.0.0.1/33973] INFO  server.RaftServerConfigKeys (ConfUtils.java:logGet(44)) - raft.server.storage.dir = [/github/workspace/mnt/ozone/hadoop-ozone/integration-test/target/test-dir/MiniOzoneClusterImpl-879ab4df-a1ff-473f-a6f4-02a98a4eae46/datanode-0/data/ratis] (custom)
2020-06-26 10:47:22,630 [Listener at 127.0.0.1/33973] INFO  http.BaseHttpServer (BaseHttpServer.java:newHttpServer2BuilderForOzone(207)) - Starting Web-server for hddsDatanode at: http://0.0.0.0:0
2020-06-26 10:47:22,631 [Listener at 127.0.0.1/33973] INFO  http.BaseHttpServer (BaseHttpServer.java:<init>(106)) - Hadoop Security Enabled: false Ozone Security Enabled: false Ozone HTTP Security Enabled: false 
2020-06-26 10:47:22,632 [Listener at 127.0.0.1/33973] INFO  server.AuthenticationFilter (AuthenticationFilter.java:constructSecretProvider(240)) - Unable to initialize FileSignerSecretProvider, falling back to use random secrets.
2020-06-26 10:47:22,633 [Listener at 127.0.0.1/33973] WARN  http.HttpRequestLog (HttpRequestLog.java:getRequestLog(103)) - Jetty request log can only be enabled using Log4j
2020-06-26 10:47:22,634 [Listener at 127.0.0.1/33973] INFO  http.HttpServer2 (HttpServer2.java:addGlobalFilter(997)) - Added global filter 'safety' (class=org.apache.hadoop.hdds.server.http.HttpServer2$QuotingInputFilter)
2020-06-26 10:47:22,635 [Listener at 127.0.0.1/33973] INFO  http.HttpServer2 (HttpServer2.java:addFilter(973)) - Added filter static_user_filter (class=org.apache.hadoop.http.lib.StaticUserWebFilter$StaticUserFilter) to context hddsDatanode
2020-06-26 10:47:22,635 [Listener at 127.0.0.1/33973] INFO  http.HttpServer2 (HttpServer2.java:addFilter(981)) - Added filter static_user_filter (class=org.apache.hadoop.http.lib.StaticUserWebFilter$StaticUserFilter) to context logs
2020-06-26 10:47:22,635 [Listener at 127.0.0.1/33973] INFO  http.HttpServer2 (HttpServer2.java:addFilter(981)) - Added filter static_user_filter (class=org.apache.hadoop.http.lib.StaticUserWebFilter$StaticUserFilter) to context static
2020-06-26 10:47:22,636 [Listener at 127.0.0.1/33973] INFO  http.HttpServer2 (HttpServer2.java:bindListener(1215)) - Jetty bound to port 38989
2020-06-26 10:47:22,636 [Listener at 127.0.0.1/33973] INFO  server.Server (Server.java:doStart(359)) - jetty-9.4.26.v20200117; built: 2020-01-17T12:35:33.676Z; git: 7b38981d25d14afb4a12ff1f2596756144edf695; jvm 1.8.0_232-b09
2020-06-26 10:47:22,645 [Listener at 127.0.0.1/33973] INFO  server.session (DefaultSessionIdManager.java:doStart(333)) - DefaultSessionIdManager workerName=node0
2020-06-26 10:47:22,645 [Listener at 127.0.0.1/33973] INFO  server.session (DefaultSessionIdManager.java:doStart(338)) - No SessionScavenger set, using defaults
2020-06-26 10:47:22,645 [Listener at 127.0.0.1/33973] INFO  server.session (HouseKeeper.java:startScavenging(140)) - node0 Scavenging every 600000ms
2020-06-26 10:47:22,648 [Listener at 127.0.0.1/33973] INFO  handler.ContextHandler (ContextHandler.java:doStart(825)) - Started o.e.j.s.ServletContextHandler@37e15055{logs,/logs,file:///github/workspace/mnt/ozone/hadoop-ozone/integration-test/target/log,AVAILABLE}
2020-06-26 10:47:22,648 [Listener at 127.0.0.1/33973] INFO  handler.ContextHandler (ContextHandler.java:doStart(825)) - Started o.e.j.s.ServletContextHandler@39adf4e6{static,/static,jar:file:/home/user/.m2/repository/org/apache/hadoop/hadoop-hdds-container-service/0.6.0-SNAPSHOT/hadoop-hdds-container-service-0.6.0-SNAPSHOT.jar!/webapps/static,AVAILABLE}
2020-06-26 10:47:22,667 [Listener at 127.0.0.1/33973] INFO  handler.ContextHandler (ContextHandler.java:doStart(825)) - Started o.e.j.w.WebAppContext@78e386a5{hddsDatanode,/,file:///tmp/jetty-0_0_0_0-38989-hadoop-hdds-container-service-0_6_0-SNAPSHOT_jar-_-any-6716681142443613705.dir/webapp/,AVAILABLE}{jar:file:/home/user/.m2/repository/org/apache/hadoop/hadoop-hdds-container-service/0.6.0-SNAPSHOT/hadoop-hdds-container-service-0.6.0-SNAPSHOT.jar!/webapps/hddsDatanode}
2020-06-26 10:47:22,669 [Listener at 127.0.0.1/33973] INFO  server.AbstractConnector (AbstractConnector.java:doStart(330)) - Started ServerConnector@9742012{HTTP/1.1,[http/1.1]}{0.0.0.0:38989}
2020-06-26 10:47:22,669 [Listener at 127.0.0.1/33973] INFO  server.Server (Server.java:doStart(399)) - Started @4797ms
2020-06-26 10:47:22,669 [Listener at 127.0.0.1/33973] WARN  impl.MetricsSystemImpl (MetricsSystemImpl.java:register(276)) - Sink prometheus already exists!
2020-06-26 10:47:22,673 [Listener at 127.0.0.1/33973] INFO  http.BaseHttpServer (BaseHttpServer.java:updateConnectorAddress(327)) - HTTP server of hddsDatanode listening at http://0.0.0.0:38989
2020-06-26 10:47:22,674 [Listener at 127.0.0.1/33973] INFO  impl.MetricsSystemImpl (MetricsSystemImpl.java:init(158)) - HddsDatanode metrics system started (again)
2020-06-26 10:47:22,675 [Listener at 127.0.0.1/33973] INFO  ozone.HddsDatanodeService (HddsDatanodeService.java:start(197)) - HddsDatanodeService host:211fa11b6f09 ip:172.17.0.2
2020-06-26 10:47:22,679 [Listener at 127.0.0.1/33973] INFO  volume.HddsVolume (HddsVolume.java:<init>(176)) - Creating Volume: /github/workspace/mnt/ozone/hadoop-ozone/integration-test/target/test-dir/MiniOzoneClusterImpl-879ab4df-a1ff-473f-a6f4-02a98a4eae46/datanode-1/data-0/containers/hdds of storage type : DISK and capacity : 9223372036854775807
2020-06-26 10:47:22,679 [Listener at 127.0.0.1/33973] INFO  volume.MutableVolumeSet (MutableVolumeSet.java:initializeVolumeSet(181)) - Added Volume : /github/workspace/mnt/ozone/hadoop-ozone/integration-test/target/test-dir/MiniOzoneClusterImpl-879ab4df-a1ff-473f-a6f4-02a98a4eae46/datanode-1/data-0/containers/hdds to VolumeSet
2020-06-26 10:47:22,679 [Listener at 127.0.0.1/33973] INFO  volume.ThrottledAsyncChecker (ThrottledAsyncChecker.java:schedule(141)) - Scheduling a check for /github/workspace/mnt/ozone/hadoop-ozone/integration-test/target/test-dir/MiniOzoneClusterImpl-879ab4df-a1ff-473f-a6f4-02a98a4eae46/datanode-1/data-0/containers/hdds
2020-06-26 10:47:22,680 [Listener at 127.0.0.1/33973] INFO  volume.HddsVolumeChecker (HddsVolumeChecker.java:checkAllVolumes(200)) - Scheduled health check for volume /github/workspace/mnt/ozone/hadoop-ozone/integration-test/target/test-dir/MiniOzoneClusterImpl-879ab4df-a1ff-473f-a6f4-02a98a4eae46/datanode-1/data-0/containers/hdds
2020-06-26 10:47:22,696 [org.apache.hadoop.util.JvmPauseMonitor$Monitor@5dbe77e4] INFO  util.JvmPauseMonitor (JvmPauseMonitor.java:run(188)) - Starting JVM pause monitor
2020-06-26 10:47:22,714 [Listener at 127.0.0.1/33973] INFO  impl.RaftServerProxy (ConfUtils.java:logGet(44)) - raft.rpc.type = GRPC (default)
2020-06-26 10:47:22,714 [Listener at 127.0.0.1/33973] INFO  grpc.GrpcFactory (GrpcFactory.java:checkPooledByteBufAllocatorUseCacheForAllThreads(45)) - PERFORMANCE WARNING: useCacheForAllThreads is true that may cause Netty to create a lot garbage objects and, as a result, trigger GC.
	It is recommended to disable useCacheForAllThreads by setting -Dorg.apache.ratis.thirdparty.io.netty.allocator.useCacheForAllThreads=false in command line.
2020-06-26 10:47:22,714 [Listener at 127.0.0.1/33973] INFO  grpc.GrpcConfigKeys (ConfUtils.java:logGet(44)) - raft.grpc.server.port = 0 (default)
2020-06-26 10:47:22,714 [Listener at 127.0.0.1/33973] INFO  server.GrpcService (ConfUtils.java:logGet(44)) - raft.grpc.message.size.max = 32MB (=33554432) (custom)
2020-06-26 10:47:22,715 [Listener at 127.0.0.1/33973] INFO  server.RaftServerConfigKeys (ConfUtils.java:logGet(44)) - raft.server.log.appender.buffer.byte-limit = 33554432 (custom)
2020-06-26 10:47:22,715 [Listener at 127.0.0.1/33973] INFO  server.GrpcService (ConfUtils.java:logGet(44)) - raft.grpc.flow.control.window = 5MB (=5242880) (custom)
2020-06-26 10:47:22,715 [Listener at 127.0.0.1/33973] INFO  server.RaftServerConfigKeys (ConfUtils.java:logGet(44)) - raft.server.rpc.request.timeout = 3s (default)
2020-06-26 10:47:22,716 [Listener at 127.0.0.1/33973] INFO  server.RaftServerConfigKeys (ConfUtils.java:logGet(44)) - raft.server.storage.dir = [/github/workspace/mnt/ozone/hadoop-ozone/integration-test/target/test-dir/MiniOzoneClusterImpl-879ab4df-a1ff-473f-a6f4-02a98a4eae46/datanode-1/data/ratis] (custom)
2020-06-26 10:47:22,723 [Listener at 127.0.0.1/33973] INFO  http.BaseHttpServer (BaseHttpServer.java:newHttpServer2BuilderForOzone(207)) - Starting Web-server for hddsDatanode at: http://0.0.0.0:0
2020-06-26 10:47:22,723 [Listener at 127.0.0.1/33973] INFO  http.BaseHttpServer (BaseHttpServer.java:<init>(106)) - Hadoop Security Enabled: false Ozone Security Enabled: false Ozone HTTP Security Enabled: false 
2020-06-26 10:47:22,724 [Listener at 127.0.0.1/33973] INFO  server.AuthenticationFilter (AuthenticationFilter.java:constructSecretProvider(240)) - Unable to initialize FileSignerSecretProvider, falling back to use random secrets.
2020-06-26 10:47:22,730 [Listener at 127.0.0.1/33973] WARN  http.HttpRequestLog (HttpRequestLog.java:getRequestLog(103)) - Jetty request log can only be enabled using Log4j
2020-06-26 10:47:22,731 [Listener at 127.0.0.1/33973] INFO  http.HttpServer2 (HttpServer2.java:addGlobalFilter(997)) - Added global filter 'safety' (class=org.apache.hadoop.hdds.server.http.HttpServer2$QuotingInputFilter)
2020-06-26 10:47:22,732 [Listener at 127.0.0.1/33973] INFO  http.HttpServer2 (HttpServer2.java:addFilter(973)) - Added filter static_user_filter (class=org.apache.hadoop.http.lib.StaticUserWebFilter$StaticUserFilter) to context hddsDatanode
2020-06-26 10:47:22,732 [Listener at 127.0.0.1/33973] INFO  http.HttpServer2 (HttpServer2.java:addFilter(981)) - Added filter static_user_filter (class=org.apache.hadoop.http.lib.StaticUserWebFilter$StaticUserFilter) to context static
2020-06-26 10:47:22,732 [Listener at 127.0.0.1/33973] INFO  http.HttpServer2 (HttpServer2.java:addFilter(981)) - Added filter static_user_filter (class=org.apache.hadoop.http.lib.StaticUserWebFilter$StaticUserFilter) to context logs
2020-06-26 10:47:22,733 [Listener at 127.0.0.1/33973] INFO  http.HttpServer2 (HttpServer2.java:bindListener(1215)) - Jetty bound to port 43017
2020-06-26 10:47:22,733 [Listener at 127.0.0.1/33973] INFO  server.Server (Server.java:doStart(359)) - jetty-9.4.26.v20200117; built: 2020-01-17T12:35:33.676Z; git: 7b38981d25d14afb4a12ff1f2596756144edf695; jvm 1.8.0_232-b09
2020-06-26 10:47:22,800 [Listener at 127.0.0.1/33973] INFO  server.session (DefaultSessionIdManager.java:doStart(333)) - DefaultSessionIdManager workerName=node0
2020-06-26 10:47:22,800 [Listener at 127.0.0.1/33973] INFO  server.session (DefaultSessionIdManager.java:doStart(338)) - No SessionScavenger set, using defaults
2020-06-26 10:47:22,800 [Listener at 127.0.0.1/33973] INFO  server.session (HouseKeeper.java:startScavenging(140)) - node0 Scavenging every 660000ms
2020-06-26 10:47:22,808 [Listener at 127.0.0.1/33973] INFO  handler.ContextHandler (ContextHandler.java:doStart(825)) - Started o.e.j.s.ServletContextHandler@6b5c4b75{logs,/logs,file:///github/workspace/mnt/ozone/hadoop-ozone/integration-test/target/log,AVAILABLE}
2020-06-26 10:47:22,808 [Listener at 127.0.0.1/33973] INFO  handler.ContextHandler (ContextHandler.java:doStart(825)) - Started o.e.j.s.ServletContextHandler@2e53f980{static,/static,jar:file:/home/user/.m2/repository/org/apache/hadoop/hadoop-hdds-container-service/0.6.0-SNAPSHOT/hadoop-hdds-container-service-0.6.0-SNAPSHOT.jar!/webapps/static,AVAILABLE}
2020-06-26 10:47:22,810 [Datanode State Machine Thread - 0] INFO  datanode.InitDatanodeState (InitDatanodeState.java:persistContainerDatanodeDetails(145)) - DatanodeDetails is persisted to /github/workspace/mnt/ozone/hadoop-ozone/integration-test/target/test-dir/MiniOzoneClusterImpl-879ab4df-a1ff-473f-a6f4-02a98a4eae46/datanode-0/meta/datanode.id
2020-06-26 10:47:22,833 [Listener at 127.0.0.1/33973] INFO  handler.ContextHandler (ContextHandler.java:doStart(825)) - Started o.e.j.w.WebAppContext@6f7e5e11{hddsDatanode,/,file:///tmp/jetty-0_0_0_0-43017-hadoop-hdds-container-service-0_6_0-SNAPSHOT_jar-_-any-6444899799481087947.dir/webapp/,AVAILABLE}{jar:file:/home/user/.m2/repository/org/apache/hadoop/hadoop-hdds-container-service/0.6.0-SNAPSHOT/hadoop-hdds-container-service-0.6.0-SNAPSHOT.jar!/webapps/hddsDatanode}
2020-06-26 10:47:22,836 [Listener at 127.0.0.1/33973] INFO  server.AbstractConnector (AbstractConnector.java:doStart(330)) - Started ServerConnector@509d999c{HTTP/1.1,[http/1.1]}{0.0.0.0:43017}
2020-06-26 10:47:22,836 [Listener at 127.0.0.1/33973] INFO  server.Server (Server.java:doStart(399)) - Started @4964ms
2020-06-26 10:47:22,836 [Listener at 127.0.0.1/33973] WARN  impl.MetricsSystemImpl (MetricsSystemImpl.java:register(276)) - Sink prometheus already exists!
2020-06-26 10:47:22,840 [Listener at 127.0.0.1/33973] INFO  http.BaseHttpServer (BaseHttpServer.java:updateConnectorAddress(327)) - HTTP server of hddsDatanode listening at http://0.0.0.0:43017
2020-06-26 10:47:22,842 [Listener at 127.0.0.1/33973] INFO  impl.MetricsSystemImpl (MetricsSystemImpl.java:init(158)) - HddsDatanode metrics system started (again)
2020-06-26 10:47:22,843 [Listener at 127.0.0.1/33973] INFO  ozone.HddsDatanodeService (HddsDatanodeService.java:start(197)) - HddsDatanodeService host:211fa11b6f09 ip:172.17.0.2
2020-06-26 10:47:22,845 [Listener at 127.0.0.1/33973] INFO  volume.HddsVolume (HddsVolume.java:<init>(176)) - Creating Volume: /github/workspace/mnt/ozone/hadoop-ozone/integration-test/target/test-dir/MiniOzoneClusterImpl-879ab4df-a1ff-473f-a6f4-02a98a4eae46/datanode-2/data-0/containers/hdds of storage type : DISK and capacity : 9223372036854775807
2020-06-26 10:47:22,845 [Listener at 127.0.0.1/33973] INFO  volume.MutableVolumeSet (MutableVolumeSet.java:initializeVolumeSet(181)) - Added Volume : /github/workspace/mnt/ozone/hadoop-ozone/integration-test/target/test-dir/MiniOzoneClusterImpl-879ab4df-a1ff-473f-a6f4-02a98a4eae46/datanode-2/data-0/containers/hdds to VolumeSet
2020-06-26 10:47:22,845 [Listener at 127.0.0.1/33973] INFO  volume.ThrottledAsyncChecker (ThrottledAsyncChecker.java:schedule(141)) - Scheduling a check for /github/workspace/mnt/ozone/hadoop-ozone/integration-test/target/test-dir/MiniOzoneClusterImpl-879ab4df-a1ff-473f-a6f4-02a98a4eae46/datanode-2/data-0/containers/hdds
2020-06-26 10:47:22,849 [Listener at 127.0.0.1/33973] INFO  volume.HddsVolumeChecker (HddsVolumeChecker.java:checkAllVolumes(200)) - Scheduled health check for volume /github/workspace/mnt/ozone/hadoop-ozone/integration-test/target/test-dir/MiniOzoneClusterImpl-879ab4df-a1ff-473f-a6f4-02a98a4eae46/datanode-2/data-0/containers/hdds
2020-06-26 10:47:22,873 [org.apache.hadoop.util.JvmPauseMonitor$Monitor@2831378a] INFO  util.JvmPauseMonitor (JvmPauseMonitor.java:run(188)) - Starting JVM pause monitor
2020-06-26 10:47:22,879 [Datanode State Machine Thread - 0] INFO  datanode.InitDatanodeState (InitDatanodeState.java:persistContainerDatanodeDetails(145)) - DatanodeDetails is persisted to /github/workspace/mnt/ozone/hadoop-ozone/integration-test/target/test-dir/MiniOzoneClusterImpl-879ab4df-a1ff-473f-a6f4-02a98a4eae46/datanode-1/meta/datanode.id
2020-06-26 10:47:22,889 [Listener at 127.0.0.1/33973] INFO  impl.RaftServerProxy (ConfUtils.java:logGet(44)) - raft.rpc.type = GRPC (default)
2020-06-26 10:47:22,890 [Listener at 127.0.0.1/33973] INFO  grpc.GrpcFactory (GrpcFactory.java:checkPooledByteBufAllocatorUseCacheForAllThreads(45)) - PERFORMANCE WARNING: useCacheForAllThreads is true that may cause Netty to create a lot garbage objects and, as a result, trigger GC.
	It is recommended to disable useCacheForAllThreads by setting -Dorg.apache.ratis.thirdparty.io.netty.allocator.useCacheForAllThreads=false in command line.
2020-06-26 10:47:22,890 [Listener at 127.0.0.1/33973] INFO  grpc.GrpcConfigKeys (ConfUtils.java:logGet(44)) - raft.grpc.server.port = 0 (default)
2020-06-26 10:47:22,890 [Listener at 127.0.0.1/33973] INFO  server.GrpcService (ConfUtils.java:logGet(44)) - raft.grpc.message.size.max = 32MB (=33554432) (custom)
2020-06-26 10:47:22,890 [Listener at 127.0.0.1/33973] INFO  server.RaftServerConfigKeys (ConfUtils.java:logGet(44)) - raft.server.log.appender.buffer.byte-limit = 33554432 (custom)
2020-06-26 10:47:22,890 [Listener at 127.0.0.1/33973] INFO  server.GrpcService (ConfUtils.java:logGet(44)) - raft.grpc.flow.control.window = 5MB (=5242880) (custom)
2020-06-26 10:47:22,890 [Listener at 127.0.0.1/33973] INFO  server.RaftServerConfigKeys (ConfUtils.java:logGet(44)) - raft.server.rpc.request.timeout = 3s (default)
2020-06-26 10:47:22,891 [Listener at 127.0.0.1/33973] INFO  server.RaftServerConfigKeys (ConfUtils.java:logGet(44)) - raft.server.storage.dir = [/github/workspace/mnt/ozone/hadoop-ozone/integration-test/target/test-dir/MiniOzoneClusterImpl-879ab4df-a1ff-473f-a6f4-02a98a4eae46/datanode-2/data/ratis] (custom)
2020-06-26 10:47:22,898 [Listener at 127.0.0.1/33973] INFO  http.BaseHttpServer (BaseHttpServer.java:newHttpServer2BuilderForOzone(207)) - Starting Web-server for hddsDatanode at: http://0.0.0.0:0
2020-06-26 10:47:22,899 [Listener at 127.0.0.1/33973] INFO  http.BaseHttpServer (BaseHttpServer.java:<init>(106)) - Hadoop Security Enabled: false Ozone Security Enabled: false Ozone HTTP Security Enabled: false 
2020-06-26 10:47:22,900 [Listener at 127.0.0.1/33973] INFO  server.AuthenticationFilter (AuthenticationFilter.java:constructSecretProvider(240)) - Unable to initialize FileSignerSecretProvider, falling back to use random secrets.
2020-06-26 10:47:22,901 [Listener at 127.0.0.1/33973] WARN  http.HttpRequestLog (HttpRequestLog.java:getRequestLog(103)) - Jetty request log can only be enabled using Log4j
2020-06-26 10:47:22,901 [Listener at 127.0.0.1/33973] INFO  http.HttpServer2 (HttpServer2.java:addGlobalFilter(997)) - Added global filter 'safety' (class=org.apache.hadoop.hdds.server.http.HttpServer2$QuotingInputFilter)
2020-06-26 10:47:22,902 [Listener at 127.0.0.1/33973] INFO  http.HttpServer2 (HttpServer2.java:addFilter(973)) - Added filter static_user_filter (class=org.apache.hadoop.http.lib.StaticUserWebFilter$StaticUserFilter) to context hddsDatanode
2020-06-26 10:47:22,903 [Listener at 127.0.0.1/33973] INFO  http.HttpServer2 (HttpServer2.java:addFilter(981)) - Added filter static_user_filter (class=org.apache.hadoop.http.lib.StaticUserWebFilter$StaticUserFilter) to context logs
2020-06-26 10:47:22,903 [Listener at 127.0.0.1/33973] INFO  http.HttpServer2 (HttpServer2.java:addFilter(981)) - Added filter static_user_filter (class=org.apache.hadoop.http.lib.StaticUserWebFilter$StaticUserFilter) to context static
2020-06-26 10:47:22,903 [Listener at 127.0.0.1/33973] INFO  http.HttpServer2 (HttpServer2.java:bindListener(1215)) - Jetty bound to port 43727
2020-06-26 10:47:22,903 [Listener at 127.0.0.1/33973] INFO  server.Server (Server.java:doStart(359)) - jetty-9.4.26.v20200117; built: 2020-01-17T12:35:33.676Z; git: 7b38981d25d14afb4a12ff1f2596756144edf695; jvm 1.8.0_232-b09
2020-06-26 10:47:22,905 [Listener at 127.0.0.1/33973] INFO  server.session (DefaultSessionIdManager.java:doStart(333)) - DefaultSessionIdManager workerName=node0
2020-06-26 10:47:22,905 [Listener at 127.0.0.1/33973] INFO  server.session (DefaultSessionIdManager.java:doStart(338)) - No SessionScavenger set, using defaults
2020-06-26 10:47:22,906 [Listener at 127.0.0.1/33973] INFO  server.session (HouseKeeper.java:startScavenging(140)) - node0 Scavenging every 660000ms
2020-06-26 10:47:22,906 [Listener at 127.0.0.1/33973] INFO  handler.ContextHandler (ContextHandler.java:doStart(825)) - Started o.e.j.s.ServletContextHandler@454f6cc5{logs,/logs,file:///github/workspace/mnt/ozone/hadoop-ozone/integration-test/target/log,AVAILABLE}
2020-06-26 10:47:22,907 [Listener at 127.0.0.1/33973] INFO  handler.ContextHandler (ContextHandler.java:doStart(825)) - Started o.e.j.s.ServletContextHandler@739500b8{static,/static,jar:file:/home/user/.m2/repository/org/apache/hadoop/hadoop-hdds-container-service/0.6.0-SNAPSHOT/hadoop-hdds-container-service-0.6.0-SNAPSHOT.jar!/webapps/static,AVAILABLE}
2020-06-26 10:47:22,923 [Listener at 127.0.0.1/33973] INFO  handler.ContextHandler (ContextHandler.java:doStart(825)) - Started o.e.j.w.WebAppContext@2fad50f2{hddsDatanode,/,file:///tmp/jetty-0_0_0_0-43727-hadoop-hdds-container-service-0_6_0-SNAPSHOT_jar-_-any-1908880941428256857.dir/webapp/,AVAILABLE}{jar:file:/home/user/.m2/repository/org/apache/hadoop/hadoop-hdds-container-service/0.6.0-SNAPSHOT/hadoop-hdds-container-service-0.6.0-SNAPSHOT.jar!/webapps/hddsDatanode}
2020-06-26 10:47:22,926 [Listener at 127.0.0.1/33973] INFO  server.AbstractConnector (AbstractConnector.java:doStart(330)) - Started ServerConnector@6101fd7d{HTTP/1.1,[http/1.1]}{0.0.0.0:43727}
2020-06-26 10:47:22,926 [Listener at 127.0.0.1/33973] INFO  server.Server (Server.java:doStart(399)) - Started @5053ms
2020-06-26 10:47:22,926 [Listener at 127.0.0.1/33973] WARN  impl.MetricsSystemImpl (MetricsSystemImpl.java:register(276)) - Sink prometheus already exists!
2020-06-26 10:47:22,929 [Listener at 127.0.0.1/33973] INFO  http.BaseHttpServer (BaseHttpServer.java:updateConnectorAddress(327)) - HTTP server of hddsDatanode listening at http://0.0.0.0:43727
2020-06-26 10:47:22,930 [Listener at 127.0.0.1/33973] INFO  ozone.MiniOzoneClusterImpl (MiniOzoneClusterImpl.java:lambda$waitForClusterToBeReady$0(177)) - Waiting for nodes to be ready. Got 0 of 3 DN Heartbeats.
2020-06-26 10:47:22,930 [Listener at 127.0.0.1/33973] INFO  ozone.MiniOzoneClusterImpl (MiniOzoneClusterImpl.java:lambda$waitForClusterToBeReady$0(180)) - Waiting for cluster to exit safe mode
2020-06-26 10:47:22,944 [org.apache.hadoop.util.JvmPauseMonitor$Monitor@43bfb670] INFO  util.JvmPauseMonitor (JvmPauseMonitor.java:run(188)) - Starting JVM pause monitor
2020-06-26 10:47:22,946 [Datanode State Machine Thread - 0] INFO  datanode.InitDatanodeState (InitDatanodeState.java:persistContainerDatanodeDetails(145)) - DatanodeDetails is persisted to /github/workspace/mnt/ozone/hadoop-ozone/integration-test/target/test-dir/MiniOzoneClusterImpl-879ab4df-a1ff-473f-a6f4-02a98a4eae46/datanode-2/meta/datanode.id
2020-06-26 10:47:23,931 [Listener at 127.0.0.1/33973] INFO  ozone.MiniOzoneClusterImpl (MiniOzoneClusterImpl.java:lambda$waitForClusterToBeReady$0(177)) - Waiting for nodes to be ready. Got 0 of 3 DN Heartbeats.
2020-06-26 10:47:23,931 [Listener at 127.0.0.1/33973] INFO  ozone.MiniOzoneClusterImpl (MiniOzoneClusterImpl.java:lambda$waitForClusterToBeReady$0(180)) - Waiting for cluster to exit safe mode
2020-06-26 10:47:24,760 [Datanode State Machine Thread - 0] INFO  ozoneimpl.OzoneContainer (OzoneContainer.java:start(232)) - Attempting to start container services.
2020-06-26 10:47:24,761 [Datanode State Machine Thread - 0] INFO  ozoneimpl.OzoneContainer (OzoneContainer.java:startContainerScrub(196)) - Background container scanner has been disabled.
2020-06-26 10:47:24,761 [Datanode State Machine Thread - 0] INFO  ratis.XceiverServerRatis (XceiverServerRatis.java:start(425)) - Starting XceiverServerRatis 3c9a8f13-2dee-4465-b0d1-5fd371c2d59b at port 0
2020-06-26 10:47:24,773 [Datanode State Machine Thread - 0] INFO  impl.RaftServerProxy (RaftServerProxy.java:lambda$start$3(304)) - 3c9a8f13-2dee-4465-b0d1-5fd371c2d59b: start RPC server
2020-06-26 10:47:24,831 [Datanode State Machine Thread - 0] INFO  server.GrpcService (GrpcService.java:startImpl(160)) - 3c9a8f13-2dee-4465-b0d1-5fd371c2d59b: GrpcService started, listening on 0.0.0.0/0.0.0.0:33137
2020-06-26 10:47:24,832 [Datanode State Machine Thread - 0] INFO  ratis.XceiverServerRatis (XceiverServerRatis.java:start(437)) - XceiverServerRatis 3c9a8f13-2dee-4465-b0d1-5fd371c2d59b is started using port 33137
2020-06-26 10:47:24,835 [Datanode State Machine Thread - 0] INFO  server.XceiverServerGrpc (XceiverServerGrpc.java:start(145)) - XceiverServerGrpc 3c9a8f13-2dee-4465-b0d1-5fd371c2d59b is started using port 45121
2020-06-26 10:47:24,878 [Datanode State Machine Thread - 0] INFO  ozoneimpl.OzoneContainer (OzoneContainer.java:start(232)) - Attempting to start container services.
2020-06-26 10:47:24,880 [Datanode State Machine Thread - 0] INFO  ozoneimpl.OzoneContainer (OzoneContainer.java:startContainerScrub(196)) - Background container scanner has been disabled.
2020-06-26 10:47:24,880 [Datanode State Machine Thread - 0] INFO  ratis.XceiverServerRatis (XceiverServerRatis.java:start(425)) - Starting XceiverServerRatis 4643f420-93ac-440e-9ff8-b18e3725af30 at port 0
2020-06-26 10:47:24,882 [Datanode State Machine Thread - 0] INFO  impl.RaftServerProxy (RaftServerProxy.java:lambda$start$3(304)) - 4643f420-93ac-440e-9ff8-b18e3725af30: start RPC server
2020-06-26 10:47:24,890 [Datanode State Machine Thread - 0] INFO  server.GrpcService (GrpcService.java:startImpl(160)) - 4643f420-93ac-440e-9ff8-b18e3725af30: GrpcService started, listening on 0.0.0.0/0.0.0.0:37847
2020-06-26 10:47:24,890 [Datanode State Machine Thread - 0] INFO  ratis.XceiverServerRatis (XceiverServerRatis.java:start(437)) - XceiverServerRatis 4643f420-93ac-440e-9ff8-b18e3725af30 is started using port 37847
2020-06-26 10:47:24,893 [Datanode State Machine Thread - 0] INFO  server.XceiverServerGrpc (XceiverServerGrpc.java:start(145)) - XceiverServerGrpc 4643f420-93ac-440e-9ff8-b18e3725af30 is started using port 43347
2020-06-26 10:47:24,931 [Listener at 127.0.0.1/33973] INFO  ozone.MiniOzoneClusterImpl (MiniOzoneClusterImpl.java:lambda$waitForClusterToBeReady$0(177)) - Waiting for nodes to be ready. Got 0 of 3 DN Heartbeats.
2020-06-26 10:47:24,932 [Listener at 127.0.0.1/33973] INFO  ozone.MiniOzoneClusterImpl (MiniOzoneClusterImpl.java:lambda$waitForClusterToBeReady$0(180)) - Waiting for cluster to exit safe mode
2020-06-26 10:47:24,949 [Datanode State Machine Thread - 0] INFO  ozoneimpl.OzoneContainer (OzoneContainer.java:start(232)) - Attempting to start container services.
2020-06-26 10:47:24,949 [Datanode State Machine Thread - 0] INFO  ozoneimpl.OzoneContainer (OzoneContainer.java:startContainerScrub(196)) - Background container scanner has been disabled.
2020-06-26 10:47:24,949 [Datanode State Machine Thread - 0] INFO  ratis.XceiverServerRatis (XceiverServerRatis.java:start(425)) - Starting XceiverServerRatis fef4f3eb-2317-4a6e-9fa9-10ddde637f69 at port 0
2020-06-26 10:47:24,952 [Datanode State Machine Thread - 0] INFO  impl.RaftServerProxy (RaftServerProxy.java:lambda$start$3(304)) - fef4f3eb-2317-4a6e-9fa9-10ddde637f69: start RPC server
2020-06-26 10:47:24,964 [Datanode State Machine Thread - 0] INFO  server.GrpcService (GrpcService.java:startImpl(160)) - fef4f3eb-2317-4a6e-9fa9-10ddde637f69: GrpcService started, listening on 0.0.0.0/0.0.0.0:46033
2020-06-26 10:47:24,964 [Datanode State Machine Thread - 0] INFO  ratis.XceiverServerRatis (XceiverServerRatis.java:start(437)) - XceiverServerRatis fef4f3eb-2317-4a6e-9fa9-10ddde637f69 is started using port 46033
2020-06-26 10:47:24,966 [Datanode State Machine Thread - 0] INFO  server.XceiverServerGrpc (XceiverServerGrpc.java:start(145)) - XceiverServerGrpc fef4f3eb-2317-4a6e-9fa9-10ddde637f69 is started using port 38991
2020-06-26 10:47:25,932 [Listener at 127.0.0.1/33973] INFO  ozone.MiniOzoneClusterImpl (MiniOzoneClusterImpl.java:lambda$waitForClusterToBeReady$0(177)) - Waiting for nodes to be ready. Got 0 of 3 DN Heartbeats.
2020-06-26 10:47:25,932 [Listener at 127.0.0.1/33973] INFO  ozone.MiniOzoneClusterImpl (MiniOzoneClusterImpl.java:lambda$waitForClusterToBeReady$0(180)) - Waiting for cluster to exit safe mode
2020-06-26 10:47:26,718 [IPC Server handler 10 on default port 35735] INFO  net.NetworkTopology (NetworkTopologyImpl.java:add(111)) - Added a new node: /default-rack/3c9a8f13-2dee-4465-b0d1-5fd371c2d59b
2020-06-26 10:47:26,719 [IPC Server handler 10 on default port 35735] INFO  node.SCMNodeManager (SCMNodeManager.java:register(268)) - Registered Data node : 3c9a8f13-2dee-4465-b0d1-5fd371c2d59b{ip: 172.17.0.2, host: 211fa11b6f09, networkLocation: /default-rack, certSerialId: null}
2020-06-26 10:47:26,726 [EventQueue-NodeRegistrationContainerReportForContainerSafeModeRule] INFO  safemode.SCMSafeModeManager (SCMSafeModeManager.java:validateSafeModeExitRules(214)) - ContainerSafeModeRule rule is successfully validated
2020-06-26 10:47:26,728 [EventQueue-NodeRegistrationContainerReportForDataNodeSafeModeRule] INFO  safemode.SCMSafeModeManager (DataNodeSafeModeRule.java:process(71)) - SCM in safe mode. 1 DataNodes registered, 1 required.
2020-06-26 10:47:26,728 [EventQueue-NodeRegistrationContainerReportForDataNodeSafeModeRule] INFO  safemode.SCMSafeModeManager (SCMSafeModeManager.java:validateSafeModeExitRules(214)) - DataNodeSafeModeRule rule is successfully validated
2020-06-26 10:47:26,728 [EventQueue-NodeRegistrationContainerReportForDataNodeSafeModeRule] INFO  safemode.SCMSafeModeManager (SCMSafeModeManager.java:completePreCheck(242)) - All SCM safe mode pre check rules have passed
2020-06-26 10:47:26,738 [RatisPipelineUtilsThread] INFO  pipeline.RatisPipelineProvider (RatisPipelineProvider.java:lambda$create$0(138)) - Sending CreatePipelineCommand for pipeline:PipelineID=c0593f85-4682-44d1-a8a3-351ac3afb03d to datanode:3c9a8f13-2dee-4465-b0d1-5fd371c2d59b
2020-06-26 10:47:26,751 [RatisPipelineUtilsThread] INFO  pipeline.PipelineStateManager (PipelineStateManager.java:addPipeline(54)) - Created pipeline Pipeline[ Id: c0593f85-4682-44d1-a8a3-351ac3afb03d, Nodes: 3c9a8f13-2dee-4465-b0d1-5fd371c2d59b{ip: 172.17.0.2, host: 211fa11b6f09, networkLocation: /default-rack, certSerialId: null}, Type:RATIS, Factor:ONE, State:ALLOCATED, leaderId:, CreationTimestamp2020-06-26T10:47:26.735Z]
2020-06-26 10:47:26,754 [RatisPipelineUtilsThread] ERROR pipeline.SCMPipelineManager (SCMPipelineManager.java:createPipeline(222)) - Failed to create pipeline of type RATIS and factor ONE. Exception: Cannot create pipeline of factor 1 using 0 nodes. Used 1 nodes. Healthy nodes 1
2020-06-26 10:47:26,754 [RatisPipelineUtilsThread] WARN  pipeline.PipelinePlacementPolicy (PipelinePlacementPolicy.java:filterViableNodes(133)) - Pipeline creation failed due to no sufficient healthy datanodes. Required 3. Found 1.
2020-06-26 10:47:26,754 [RatisPipelineUtilsThread] ERROR pipeline.SCMPipelineManager (SCMPipelineManager.java:createPipeline(222)) - Failed to create pipeline of type RATIS and factor THREE. Exception: Pipeline creation failed due to no sufficient healthy datanodes. Required 3. Found 1.
2020-06-26 10:47:26,874 [IPC Server handler 4 on default port 35735] INFO  net.NetworkTopology (NetworkTopologyImpl.java:add(111)) - Added a new node: /default-rack/4643f420-93ac-440e-9ff8-b18e3725af30
2020-06-26 10:47:26,874 [IPC Server handler 4 on default port 35735] INFO  node.SCMNodeManager (SCMNodeManager.java:register(268)) - Registered Data node : 4643f420-93ac-440e-9ff8-b18e3725af30{ip: 172.17.0.2, host: 211fa11b6f09, networkLocation: /default-rack, certSerialId: null}
2020-06-26 10:47:26,874 [EventQueue-NodeRegistrationContainerReportForContainerSafeModeRule] INFO  safemode.SCMSafeModeManager (SCMSafeModeManager.java:validateSafeModeExitRules(214)) - ContainerSafeModeRule rule is successfully validated
2020-06-26 10:47:26,875 [EventQueue-NodeRegistrationContainerReportForDataNodeSafeModeRule] INFO  safemode.SCMSafeModeManager (SCMSafeModeManager.java:validateSafeModeExitRules(214)) - DataNodeSafeModeRule rule is successfully validated
2020-06-26 10:47:26,879 [RatisPipelineUtilsThread] INFO  pipeline.RatisPipelineProvider (RatisPipelineProvider.java:lambda$create$0(138)) - Sending CreatePipelineCommand for pipeline:PipelineID=bdbe3fd9-c9d9-4250-acfb-a7d11e7bc80f to datanode:4643f420-93ac-440e-9ff8-b18e3725af30
2020-06-26 10:47:26,880 [RatisPipelineUtilsThread] INFO  pipeline.PipelineStateManager (PipelineStateManager.java:addPipeline(54)) - Created pipeline Pipeline[ Id: bdbe3fd9-c9d9-4250-acfb-a7d11e7bc80f, Nodes: 4643f420-93ac-440e-9ff8-b18e3725af30{ip: 172.17.0.2, host: 211fa11b6f09, networkLocation: /default-rack, certSerialId: null}, Type:RATIS, Factor:ONE, State:ALLOCATED, leaderId:, CreationTimestamp2020-06-26T10:47:26.879Z]
2020-06-26 10:47:26,880 [RatisPipelineUtilsThread] ERROR pipeline.SCMPipelineManager (SCMPipelineManager.java:createPipeline(222)) - Failed to create pipeline of type RATIS and factor ONE. Exception: Cannot create pipeline of factor 1 using 0 nodes. Used 2 nodes. Healthy nodes 2
2020-06-26 10:47:26,880 [RatisPipelineUtilsThread] WARN  pipeline.PipelinePlacementPolicy (PipelinePlacementPolicy.java:filterViableNodes(133)) - Pipeline creation failed due to no sufficient healthy datanodes. Required 3. Found 2.
2020-06-26 10:47:26,881 [RatisPipelineUtilsThread] ERROR pipeline.SCMPipelineManager (SCMPipelineManager.java:createPipeline(222)) - Failed to create pipeline of type RATIS and factor THREE. Exception: Pipeline creation failed due to no sufficient healthy datanodes. Required 3. Found 2.
2020-06-26 10:47:26,933 [Listener at 127.0.0.1/33973] INFO  ozone.MiniOzoneClusterImpl (MiniOzoneClusterImpl.java:lambda$waitForClusterToBeReady$0(177)) - Waiting for nodes to be ready. Got 2 of 3 DN Heartbeats.
2020-06-26 10:47:26,933 [Listener at 127.0.0.1/33973] INFO  ozone.MiniOzoneClusterImpl (MiniOzoneClusterImpl.java:lambda$waitForClusterToBeReady$0(180)) - Waiting for cluster to exit safe mode
2020-06-26 10:47:26,945 [IPC Server handler 5 on default port 35735] INFO  net.NetworkTopology (NetworkTopologyImpl.java:add(111)) - Added a new node: /default-rack/fef4f3eb-2317-4a6e-9fa9-10ddde637f69
2020-06-26 10:47:26,946 [IPC Server handler 5 on default port 35735] INFO  node.SCMNodeManager (SCMNodeManager.java:register(268)) - Registered Data node : fef4f3eb-2317-4a6e-9fa9-10ddde637f69{ip: 172.17.0.2, host: 211fa11b6f09, networkLocation: /default-rack, certSerialId: null}
2020-06-26 10:47:26,946 [EventQueue-NodeRegistrationContainerReportForContainerSafeModeRule] INFO  safemode.SCMSafeModeManager (SCMSafeModeManager.java:validateSafeModeExitRules(214)) - ContainerSafeModeRule rule is successfully validated
2020-06-26 10:47:26,946 [EventQueue-NodeRegistrationContainerReportForDataNodeSafeModeRule] INFO  safemode.SCMSafeModeManager (SCMSafeModeManager.java:validateSafeModeExitRules(214)) - DataNodeSafeModeRule rule is successfully validated
2020-06-26 10:47:26,946 [RatisPipelineUtilsThread] INFO  pipeline.RatisPipelineProvider (RatisPipelineProvider.java:lambda$create$0(138)) - Sending CreatePipelineCommand for pipeline:PipelineID=4d62a7e6-6336-44a2-8643-612a958d7efb to datanode:fef4f3eb-2317-4a6e-9fa9-10ddde637f69
2020-06-26 10:47:26,947 [RatisPipelineUtilsThread] INFO  pipeline.PipelineStateManager (PipelineStateManager.java:addPipeline(54)) - Created pipeline Pipeline[ Id: 4d62a7e6-6336-44a2-8643-612a958d7efb, Nodes: fef4f3eb-2317-4a6e-9fa9-10ddde637f69{ip: 172.17.0.2, host: 211fa11b6f09, networkLocation: /default-rack, certSerialId: null}, Type:RATIS, Factor:ONE, State:ALLOCATED, leaderId:, CreationTimestamp2020-06-26T10:47:26.946Z]
2020-06-26 10:47:26,947 [RatisPipelineUtilsThread] ERROR pipeline.SCMPipelineManager (SCMPipelineManager.java:createPipeline(222)) - Failed to create pipeline of type RATIS and factor ONE. Exception: Cannot create pipeline of factor 1 using 0 nodes. Used 3 nodes. Healthy nodes 3
2020-06-26 10:47:26,951 [RatisPipelineUtilsThread] INFO  pipeline.RatisPipelineProvider (RatisPipelineProvider.java:lambda$create$0(138)) - Sending CreatePipelineCommand for pipeline:PipelineID=61b745c7-211e-44fb-95cb-a5c2d2eb64ac to datanode:4643f420-93ac-440e-9ff8-b18e3725af30
2020-06-26 10:47:26,952 [RatisPipelineUtilsThread] INFO  pipeline.RatisPipelineProvider (RatisPipelineProvider.java:lambda$create$0(138)) - Sending CreatePipelineCommand for pipeline:PipelineID=61b745c7-211e-44fb-95cb-a5c2d2eb64ac to datanode:fef4f3eb-2317-4a6e-9fa9-10ddde637f69
2020-06-26 10:47:26,952 [RatisPipelineUtilsThread] INFO  pipeline.RatisPipelineProvider (RatisPipelineProvider.java:lambda$create$0(138)) - Sending CreatePipelineCommand for pipeline:PipelineID=61b745c7-211e-44fb-95cb-a5c2d2eb64ac to datanode:3c9a8f13-2dee-4465-b0d1-5fd371c2d59b
2020-06-26 10:47:26,952 [RatisPipelineUtilsThread] INFO  pipeline.PipelineStateManager (PipelineStateManager.java:addPipeline(54)) - Created pipeline Pipeline[ Id: 61b745c7-211e-44fb-95cb-a5c2d2eb64ac, Nodes: 4643f420-93ac-440e-9ff8-b18e3725af30{ip: 172.17.0.2, host: 211fa11b6f09, networkLocation: /default-rack, certSerialId: null}fef4f3eb-2317-4a6e-9fa9-10ddde637f69{ip: 172.17.0.2, host: 211fa11b6f09, networkLocation: /default-rack, certSerialId: null}3c9a8f13-2dee-4465-b0d1-5fd371c2d59b{ip: 172.17.0.2, host: 211fa11b6f09, networkLocation: /default-rack, certSerialId: null}, Type:RATIS, Factor:THREE, State:ALLOCATED, leaderId:, CreationTimestamp2020-06-26T10:47:26.951Z]
2020-06-26 10:47:26,953 [RatisPipelineUtilsThread] ERROR pipeline.SCMPipelineManager (SCMPipelineManager.java:createPipeline(222)) - Failed to create pipeline of type RATIS and factor THREE. Exception: Pipeline creation failed because nodes are engaged in other pipelines and every node can only be engaged in max 2 pipelines. Required 3. Found 0
2020-06-26 10:47:27,933 [Listener at 127.0.0.1/33973] INFO  ozone.MiniOzoneClusterImpl (MiniOzoneClusterImpl.java:lambda$waitForClusterToBeReady$0(177)) - Nodes are ready. Got 3 of 3 DN Heartbeats.
2020-06-26 10:47:27,934 [Listener at 127.0.0.1/33973] INFO  ozone.MiniOzoneClusterImpl (MiniOzoneClusterImpl.java:lambda$waitForClusterToBeReady$0(180)) - Waiting for cluster to exit safe mode
2020-06-26 10:47:28,934 [Listener at 127.0.0.1/33973] INFO  ozone.MiniOzoneClusterImpl (MiniOzoneClusterImpl.java:lambda$waitForClusterToBeReady$0(177)) - Nodes are ready. Got 3 of 3 DN Heartbeats.
2020-06-26 10:47:28,935 [Listener at 127.0.0.1/33973] INFO  ozone.MiniOzoneClusterImpl (MiniOzoneClusterImpl.java:lambda$waitForClusterToBeReady$0(180)) - Waiting for cluster to exit safe mode
2020-06-26 10:47:29,717 [Command processor thread] INFO  impl.RaftServerProxy (RaftServerProxy.java:addNew(89)) - 3c9a8f13-2dee-4465-b0d1-5fd371c2d59b: addNew group-351AC3AFB03D:[3c9a8f13-2dee-4465-b0d1-5fd371c2d59b:172.17.0.2:33137] returns group-351AC3AFB03D:java.util.concurrent.CompletableFuture@3c5c54e0[Not completed]
2020-06-26 10:47:29,748 [pool-33-thread-1] INFO  impl.RaftServerImpl (RaftServerImpl.java:<init>(99)) - 3c9a8f13-2dee-4465-b0d1-5fd371c2d59b: new RaftServerImpl for group-351AC3AFB03D:[3c9a8f13-2dee-4465-b0d1-5fd371c2d59b:172.17.0.2:33137] with ContainerStateMachine:uninitialized
2020-06-26 10:47:29,750 [pool-33-thread-1] INFO  server.RaftServerConfigKeys (ConfUtils.java:logGet(44)) - raft.server.rpc.timeout.min = 5s (custom)
2020-06-26 10:47:29,751 [pool-33-thread-1] INFO  server.RaftServerConfigKeys (ConfUtils.java:logGet(44)) - raft.server.rpc.timeout.max = 5200ms (custom)
2020-06-26 10:47:29,753 [pool-33-thread-1] INFO  server.RaftServerConfigKeys (ConfUtils.java:logGet(44)) - raft.server.rpcslowness.timeout = 1000s (custom)
2020-06-26 10:47:29,755 [pool-33-thread-1] INFO  server.RaftServerConfigKeys (ConfUtils.java:logGet(44)) - raft.server.sleep.deviation.threshold = 300 (default)
2020-06-26 10:47:29,757 [pool-33-thread-1] INFO  server.RaftServerConfigKeys (ConfUtils.java:logGet(44)) - raft.server.log.appender.install.snapshot.enabled = false (custom)
2020-06-26 10:47:29,764 [pool-33-thread-1] INFO  impl.RaftServerImpl (ServerState.java:<init>(103)) - 3c9a8f13-2dee-4465-b0d1-5fd371c2d59b@group-351AC3AFB03D: ConfigurationManager, init=-1: [3c9a8f13-2dee-4465-b0d1-5fd371c2d59b:172.17.0.2:33137], old=null, confs=<EMPTY_MAP>
2020-06-26 10:47:29,764 [pool-33-thread-1] INFO  server.RaftServerConfigKeys (ConfUtils.java:logGet(44)) - raft.server.storage.dir = [/github/workspace/mnt/ozone/hadoop-ozone/integration-test/target/test-dir/MiniOzoneClusterImpl-879ab4df-a1ff-473f-a6f4-02a98a4eae46/datanode-0/data/ratis] (custom)
2020-06-26 10:47:29,770 [pool-33-thread-1] INFO  server.RaftServerConfigKeys (ConfUtils.java:logGet(44)) - raft.server.log.corruption.policy = EXCEPTION (default)
2020-06-26 10:47:29,771 [pool-33-thread-1] INFO  storage.RaftStorageDirectory (RaftStorageDirectory.java:analyzeStorage(261)) - The storage directory /github/workspace/mnt/ozone/hadoop-ozone/integration-test/target/test-dir/MiniOzoneClusterImpl-879ab4df-a1ff-473f-a6f4-02a98a4eae46/datanode-0/data/ratis/c0593f85-4682-44d1-a8a3-351ac3afb03d does not exist. Creating ...
2020-06-26 10:47:29,779 [pool-33-thread-1] INFO  storage.RaftStorageDirectory (RaftStorageDirectory.java:tryLock(343)) - Lock on /github/workspace/mnt/ozone/hadoop-ozone/integration-test/target/test-dir/MiniOzoneClusterImpl-879ab4df-a1ff-473f-a6f4-02a98a4eae46/datanode-0/data/ratis/c0593f85-4682-44d1-a8a3-351ac3afb03d/in_use.lock acquired by nodename 15538@211fa11b6f09
2020-06-26 10:47:29,782 [pool-33-thread-1] INFO  storage.RaftStorage (RaftStorage.java:format(84)) - Storage directory /github/workspace/mnt/ozone/hadoop-ozone/integration-test/target/test-dir/MiniOzoneClusterImpl-879ab4df-a1ff-473f-a6f4-02a98a4eae46/datanode-0/data/ratis/c0593f85-4682-44d1-a8a3-351ac3afb03d has been successfully formatted.
2020-06-26 10:47:29,787 [pool-33-thread-1] INFO  ratis.ContainerStateMachine (ContainerStateMachine.java:loadSnapshot(226)) - group-351AC3AFB03D: The snapshot info is null. Setting the last applied indexto:(t:0, i:~)
2020-06-26 10:47:29,787 [pool-33-thread-1] INFO  server.RaftServerConfigKeys (ConfUtils.java:logGet(44)) - raft.server.notification.no-leader.timeout = 60s (default)
2020-06-26 10:47:29,790 [EventQueue-PipelineReportForPipelineReportHandler] INFO  pipeline.PipelineStateManager (PipelineStateManager.java:openPipeline(131)) - Pipeline Pipeline[ Id: c0593f85-4682-44d1-a8a3-351ac3afb03d, Nodes: 3c9a8f13-2dee-4465-b0d1-5fd371c2d59b{ip: 172.17.0.2, host: 211fa11b6f09, networkLocation: /default-rack, certSerialId: null}, Type:RATIS, Factor:ONE, State:ALLOCATED, leaderId:3c9a8f13-2dee-4465-b0d1-5fd371c2d59b, CreationTimestamp2020-06-26T10:47:26.735Z] moved to OPEN state
2020-06-26 10:47:29,792 [EventQueue-OpenPipelineForOneReplicaPipelineSafeModeRule] INFO  safemode.SCMSafeModeManager (SCMSafeModeManager.java:validateSafeModeExitRules(214)) - AtleastOneDatanodeReportedRule rule is successfully validated
2020-06-26 10:47:29,794 [pool-33-thread-1] INFO  server.RaftServerConfigKeys (ConfUtils.java:logGet(44)) - raft.server.log.use.memory = false (default)
2020-06-26 10:47:29,796 [EventQueue-OpenPipelineForHealthyPipelineSafeModeRule] INFO  safemode.SCMSafeModeManager (HealthyPipelineSafeModeRule.java:process(132)) - SCM in safe mode. Healthy pipelines reported count is 0, required healthy pipeline reported count is 1
2020-06-26 10:47:29,801 [pool-33-thread-1] INFO  server.RaftServerConfigKeys (ConfUtils.java:logGet(44)) - raft.server.log.purge.gap = 1000000 (custom)
2020-06-26 10:47:29,801 [pool-33-thread-1] INFO  server.RaftServerConfigKeys (ConfUtils.java:logGet(44)) - raft.server.log.appender.buffer.byte-limit = 33554432 (custom)
2020-06-26 10:47:29,803 [pool-33-thread-1] INFO  server.RaftServerConfigKeys (ConfUtils.java:logGet(44)) - raft.server.log.segment.size.max = 1048576 (custom)
2020-06-26 10:47:29,806 [pool-33-thread-1] INFO  metrics.RatisMetrics (RatisMetrics.java:lambda$create$0(36)) - Creating Metrics Registry : ratis.log_worker.3c9a8f13-2dee-4465-b0d1-5fd371c2d59b@group-351AC3AFB03D
2020-06-26 10:47:29,817 [pool-33-thread-1] INFO  server.RaftServerConfigKeys (ConfUtils.java:logGet(44)) - raft.server.log.segment.cache.num.max = 2 (custom)
2020-06-26 10:47:29,823 [pool-33-thread-1] INFO  segmented.SegmentedRaftLogWorker (SegmentedRaftLogWorker.java:<init>(180)) - new 3c9a8f13-2dee-4465-b0d1-5fd371c2d59b@group-351AC3AFB03D-SegmentedRaftLogWorker for RaftStorage:Storage Directory /github/workspace/mnt/ozone/hadoop-ozone/integration-test/target/test-dir/MiniOzoneClusterImpl-879ab4df-a1ff-473f-a6f4-02a98a4eae46/datanode-0/data/ratis/c0593f85-4682-44d1-a8a3-351ac3afb03d
2020-06-26 10:47:29,823 [pool-33-thread-1] INFO  server.RaftServerConfigKeys (ConfUtils.java:logGet(44)) - raft.server.log.queue.byte-limit = 2147483647 (custom)
2020-06-26 10:47:29,824 [pool-33-thread-1] INFO  server.RaftServerConfigKeys (ConfUtils.java:logGet(44)) - raft.server.log.queue.element-limit = 1024 (custom)
2020-06-26 10:47:29,824 [pool-33-thread-1] INFO  server.RaftServerConfigKeys (ConfUtils.java:logGet(44)) - raft.server.log.segment.size.max = 1048576 (custom)
2020-06-26 10:47:29,825 [pool-33-thread-1] INFO  server.RaftServerConfigKeys (ConfUtils.java:logGet(44)) - raft.server.log.preallocated.size = 16384 (custom)
2020-06-26 10:47:29,825 [pool-33-thread-1] INFO  server.RaftServerConfigKeys (ConfUtils.java:logGet(44)) - raft.server.log.write.buffer.size = 1048576 (custom)
2020-06-26 10:47:29,826 [pool-33-thread-1] INFO  server.RaftServerConfigKeys (ConfUtils.java:logGet(44)) - raft.server.log.force.sync.num = 128 (default)
2020-06-26 10:47:29,827 [pool-33-thread-1] INFO  server.RaftServerConfigKeys (ConfUtils.java:logGet(44)) - raft.server.log.statemachine.data.sync = true (default)
2020-06-26 10:47:29,827 [pool-33-thread-1] INFO  server.RaftServerConfigKeys (ConfUtils.java:logGet(44)) - raft.server.log.statemachine.data.sync.timeout = 10s (default)
2020-06-26 10:47:29,828 [pool-33-thread-1] INFO  server.RaftServerConfigKeys (ConfUtils.java:logGet(44)) - raft.server.log.statemachine.data.sync.timeout.retry = -1 (default)
2020-06-26 10:47:29,842 [pool-33-thread-1] INFO  server.RaftServerConfigKeys (ConfUtils.java:logGet(44)) - raft.server.log.statemachine.data.caching.enabled = true (custom)
2020-06-26 10:47:29,850 [pool-33-thread-1] INFO  segmented.SegmentedRaftLogWorker (SegmentedRaftLogWorker.java:lambda$new$0(129)) - 3c9a8f13-2dee-4465-b0d1-5fd371c2d59b@group-351AC3AFB03D-SegmentedRaftLogWorker: flushIndex: setUnconditionally 0 -> -1
2020-06-26 10:47:29,850 [pool-33-thread-1] INFO  segmented.SegmentedRaftLogWorker (SegmentedRaftLogWorker.java:lambda$new$0(129)) - 3c9a8f13-2dee-4465-b0d1-5fd371c2d59b@group-351AC3AFB03D-SegmentedRaftLogWorker: safeCacheEvictIndex: setUnconditionally 0 -> -1
2020-06-26 10:47:29,854 [pool-33-thread-1] INFO  server.RaftServerConfigKeys (ConfUtils.java:logGet(44)) - raft.server.snapshot.auto.trigger.enabled = true (custom)
2020-06-26 10:47:29,854 [pool-33-thread-1] INFO  server.RaftServerConfigKeys (ConfUtils.java:logGet(44)) - raft.server.snapshot.auto.trigger.threshold = 10000 (custom)
2020-06-26 10:47:29,855 [pool-33-thread-1] INFO  server.RaftServerConfigKeys (ConfUtils.java:logGet(44)) - raft.server.snapshot.retention.file.num = 5 (custom)
2020-06-26 10:47:29,856 [pool-33-thread-1] INFO  server.RaftServerConfigKeys (ConfUtils.java:logGet(44)) - raft.server.log.purge.upto.snapshot.index = false (default)
2020-06-26 10:47:29,856 [pool-33-thread-1] INFO  server.RaftServerConfigKeys (ConfUtils.java:logGet(44)) - raft.server.retrycache.expirytime = 600000ms (custom)
2020-06-26 10:47:29,873 [Command processor thread] INFO  impl.RaftServerProxy (RaftServerProxy.java:addNew(89)) - 4643f420-93ac-440e-9ff8-b18e3725af30: addNew group-A7D11E7BC80F:[4643f420-93ac-440e-9ff8-b18e3725af30:172.17.0.2:37847] returns group-A7D11E7BC80F:java.util.concurrent.CompletableFuture@b008705[Not completed]
2020-06-26 10:47:29,881 [pool-33-thread-1] INFO  metrics.RatisMetrics (RatisMetrics.java:lambda$create$0(36)) - Creating Metrics Registry : ratis.leader_election.3c9a8f13-2dee-4465-b0d1-5fd371c2d59b@group-351AC3AFB03D
2020-06-26 10:47:29,885 [pool-33-thread-1] INFO  metrics.RatisMetrics (RatisMetrics.java:lambda$create$0(36)) - Creating Metrics Registry : ratis.server.3c9a8f13-2dee-4465-b0d1-5fd371c2d59b@group-351AC3AFB03D
2020-06-26 10:47:29,889 [pool-33-thread-1] INFO  impl.RaftServerImpl (RaftServerImpl.java:start(186)) - 3c9a8f13-2dee-4465-b0d1-5fd371c2d59b@group-351AC3AFB03D: start as a follower, conf=-1: [3c9a8f13-2dee-4465-b0d1-5fd371c2d59b:172.17.0.2:33137], old=null
2020-06-26 10:47:29,892 [pool-33-thread-1] INFO  impl.RaftServerImpl (RaftServerImpl.java:setRole(175)) - 3c9a8f13-2dee-4465-b0d1-5fd371c2d59b@group-351AC3AFB03D: changes role from      null to FOLLOWER at term 0 for startAsFollower
2020-06-26 10:47:29,893 [pool-33-thread-1] INFO  impl.RoleInfo (RoleInfo.java:updateAndGet(143)) - 3c9a8f13-2dee-4465-b0d1-5fd371c2d59b: start FollowerState
2020-06-26 10:47:29,899 [pool-33-thread-1] INFO  util.JmxRegister (JmxRegister.java:tryRegister(44)) - Successfully registered JMX Bean with object name Ratis:service=RaftServer,group=group-351AC3AFB03D,id=3c9a8f13-2dee-4465-b0d1-5fd371c2d59b
2020-06-26 10:47:29,900 [pool-33-thread-1] INFO  metrics.RatisMetrics (RatisMetrics.java:lambda$create$0(36)) - Creating Metrics Registry : ratis.state_machine.3c9a8f13-2dee-4465-b0d1-5fd371c2d59b@group-351AC3AFB03D
2020-06-26 10:47:29,919 [pool-48-thread-1] INFO  impl.RaftServerImpl (RaftServerImpl.java:<init>(99)) - 4643f420-93ac-440e-9ff8-b18e3725af30: new RaftServerImpl for group-A7D11E7BC80F:[4643f420-93ac-440e-9ff8-b18e3725af30:172.17.0.2:37847] with ContainerStateMachine:uninitialized
2020-06-26 10:47:29,921 [pool-48-thread-1] INFO  server.RaftServerConfigKeys (ConfUtils.java:logGet(44)) - raft.server.rpc.timeout.min = 5s (custom)
2020-06-26 10:47:29,921 [pool-48-thread-1] INFO  server.RaftServerConfigKeys (ConfUtils.java:logGet(44)) - raft.server.rpc.timeout.max = 5200ms (custom)
2020-06-26 10:47:29,921 [pool-48-thread-1] INFO  server.RaftServerConfigKeys (ConfUtils.java:logGet(44)) - raft.server.rpcslowness.timeout = 1000s (custom)
2020-06-26 10:47:29,921 [pool-48-thread-1] INFO  server.RaftServerConfigKeys (ConfUtils.java:logGet(44)) - raft.server.sleep.deviation.threshold = 300 (default)
2020-06-26 10:47:29,921 [pool-48-thread-1] INFO  server.RaftServerConfigKeys (ConfUtils.java:logGet(44)) - raft.server.log.appender.install.snapshot.enabled = false (custom)
2020-06-26 10:47:29,921 [pool-48-thread-1] INFO  impl.RaftServerImpl (ServerState.java:<init>(103)) - 4643f420-93ac-440e-9ff8-b18e3725af30@group-A7D11E7BC80F: ConfigurationManager, init=-1: [4643f420-93ac-440e-9ff8-b18e3725af30:172.17.0.2:37847], old=null, confs=<EMPTY_MAP>
2020-06-26 10:47:29,921 [pool-48-thread-1] INFO  server.RaftServerConfigKeys (ConfUtils.java:logGet(44)) - raft.server.storage.dir = [/github/workspace/mnt/ozone/hadoop-ozone/integration-test/target/test-dir/MiniOzoneClusterImpl-879ab4df-a1ff-473f-a6f4-02a98a4eae46/datanode-1/data/ratis] (custom)
2020-06-26 10:47:29,922 [pool-48-thread-1] INFO  server.RaftServerConfigKeys (ConfUtils.java:logGet(44)) - raft.server.log.corruption.policy = EXCEPTION (default)
2020-06-26 10:47:29,922 [pool-48-thread-1] INFO  storage.RaftStorageDirectory (RaftStorageDirectory.java:analyzeStorage(261)) - The storage directory /github/workspace/mnt/ozone/hadoop-ozone/integration-test/target/test-dir/MiniOzoneClusterImpl-879ab4df-a1ff-473f-a6f4-02a98a4eae46/datanode-1/data/ratis/bdbe3fd9-c9d9-4250-acfb-a7d11e7bc80f does not exist. Creating ...
2020-06-26 10:47:29,925 [pool-48-thread-1] INFO  storage.RaftStorageDirectory (RaftStorageDirectory.java:tryLock(343)) - Lock on /github/workspace/mnt/ozone/hadoop-ozone/integration-test/target/test-dir/MiniOzoneClusterImpl-879ab4df-a1ff-473f-a6f4-02a98a4eae46/datanode-1/data/ratis/bdbe3fd9-c9d9-4250-acfb-a7d11e7bc80f/in_use.lock acquired by nodename 15538@211fa11b6f09
2020-06-26 10:47:29,927 [pool-48-thread-1] INFO  storage.RaftStorage (RaftStorage.java:format(84)) - Storage directory /github/workspace/mnt/ozone/hadoop-ozone/integration-test/target/test-dir/MiniOzoneClusterImpl-879ab4df-a1ff-473f-a6f4-02a98a4eae46/datanode-1/data/ratis/bdbe3fd9-c9d9-4250-acfb-a7d11e7bc80f has been successfully formatted.
2020-06-26 10:47:29,929 [EventQueue-PipelineReportForPipelineReportHandler] INFO  pipeline.PipelineStateManager (PipelineStateManager.java:openPipeline(131)) - Pipeline Pipeline[ Id: bdbe3fd9-c9d9-4250-acfb-a7d11e7bc80f, Nodes: 4643f420-93ac-440e-9ff8-b18e3725af30{ip: 172.17.0.2, host: 211fa11b6f09, networkLocation: /default-rack, certSerialId: null}, Type:RATIS, Factor:ONE, State:ALLOCATED, leaderId:4643f420-93ac-440e-9ff8-b18e3725af30, CreationTimestamp2020-06-26T10:47:26.879Z] moved to OPEN state
2020-06-26 10:47:29,930 [EventQueue-OpenPipelineForOneReplicaPipelineSafeModeRule] INFO  safemode.SCMSafeModeManager (SCMSafeModeManager.java:validateSafeModeExitRules(214)) - AtleastOneDatanodeReportedRule rule is successfully validated
2020-06-26 10:47:29,930 [EventQueue-OpenPipelineForHealthyPipelineSafeModeRule] INFO  safemode.SCMSafeModeManager (HealthyPipelineSafeModeRule.java:process(132)) - SCM in safe mode. Healthy pipelines reported count is 0, required healthy pipeline reported count is 1
2020-06-26 10:47:29,928 [pool-48-thread-1] INFO  ratis.ContainerStateMachine (ContainerStateMachine.java:loadSnapshot(226)) - group-A7D11E7BC80F: The snapshot info is null. Setting the last applied indexto:(t:0, i:~)
2020-06-26 10:47:29,931 [pool-48-thread-1] INFO  server.RaftServerConfigKeys (ConfUtils.java:logGet(44)) - raft.server.notification.no-leader.timeout = 60s (default)
2020-06-26 10:47:29,931 [pool-48-thread-1] INFO  server.RaftServerConfigKeys (ConfUtils.java:logGet(44)) - raft.server.log.use.memory = false (default)
2020-06-26 10:47:29,931 [pool-48-thread-1] INFO  server.RaftServerConfigKeys (ConfUtils.java:logGet(44)) - raft.server.log.purge.gap = 1000000 (custom)
2020-06-26 10:47:29,931 [pool-48-thread-1] INFO  server.RaftServerConfigKeys (ConfUtils.java:logGet(44)) - raft.server.log.appender.buffer.byte-limit = 33554432 (custom)
2020-06-26 10:47:29,931 [pool-48-thread-1] INFO  server.RaftServerConfigKeys (ConfUtils.java:logGet(44)) - raft.server.log.segment.size.max = 1048576 (custom)
2020-06-26 10:47:29,931 [pool-48-thread-1] INFO  metrics.RatisMetrics (RatisMetrics.java:lambda$create$0(36)) - Creating Metrics Registry : ratis.log_worker.4643f420-93ac-440e-9ff8-b18e3725af30@group-A7D11E7BC80F
2020-06-26 10:47:29,932 [pool-48-thread-1] INFO  server.RaftServerConfigKeys (ConfUtils.java:logGet(44)) - raft.server.log.segment.cache.num.max = 2 (custom)
2020-06-26 10:47:29,932 [pool-48-thread-1] INFO  segmented.SegmentedRaftLogWorker (SegmentedRaftLogWorker.java:<init>(180)) - new 4643f420-93ac-440e-9ff8-b18e3725af30@group-A7D11E7BC80F-SegmentedRaftLogWorker for RaftStorage:Storage Directory /github/workspace/mnt/ozone/hadoop-ozone/integration-test/target/test-dir/MiniOzoneClusterImpl-879ab4df-a1ff-473f-a6f4-02a98a4eae46/datanode-1/data/ratis/bdbe3fd9-c9d9-4250-acfb-a7d11e7bc80f
2020-06-26 10:47:29,934 [pool-48-thread-1] INFO  server.RaftServerConfigKeys (ConfUtils.java:logGet(44)) - raft.server.log.queue.byte-limit = 2147483647 (custom)
2020-06-26 10:47:29,934 [pool-48-thread-1] INFO  server.RaftServerConfigKeys (ConfUtils.java:logGet(44)) - raft.server.log.queue.element-limit = 1024 (custom)
2020-06-26 10:47:29,935 [pool-48-thread-1] INFO  server.RaftServerConfigKeys (ConfUtils.java:logGet(44)) - raft.server.log.segment.size.max = 1048576 (custom)
2020-06-26 10:47:29,935 [pool-48-thread-1] INFO  server.RaftServerConfigKeys (ConfUtils.java:logGet(44)) - raft.server.log.preallocated.size = 16384 (custom)
2020-06-26 10:47:29,935 [pool-48-thread-1] INFO  server.RaftServerConfigKeys (ConfUtils.java:logGet(44)) - raft.server.log.write.buffer.size = 1048576 (custom)
2020-06-26 10:47:29,935 [pool-48-thread-1] INFO  server.RaftServerConfigKeys (ConfUtils.java:logGet(44)) - raft.server.log.force.sync.num = 128 (default)
2020-06-26 10:47:29,935 [pool-48-thread-1] INFO  server.RaftServerConfigKeys (ConfUtils.java:logGet(44)) - raft.server.log.statemachine.data.sync = true (default)
2020-06-26 10:47:29,935 [pool-48-thread-1] INFO  server.RaftServerConfigKeys (ConfUtils.java:logGet(44)) - raft.server.log.statemachine.data.sync.timeout = 10s (default)
2020-06-26 10:47:29,935 [pool-48-thread-1] INFO  server.RaftServerConfigKeys (ConfUtils.java:logGet(44)) - raft.server.log.statemachine.data.sync.timeout.retry = -1 (default)
2020-06-26 10:47:29,936 [Listener at 127.0.0.1/33973] INFO  ozone.MiniOzoneClusterImpl (MiniOzoneClusterImpl.java:lambda$waitForClusterToBeReady$0(177)) - Nodes are ready. Got 3 of 3 DN Heartbeats.
2020-06-26 10:47:29,936 [Listener at 127.0.0.1/33973] INFO  ozone.MiniOzoneClusterImpl (MiniOzoneClusterImpl.java:lambda$waitForClusterToBeReady$0(180)) - Waiting for cluster to exit safe mode
2020-06-26 10:47:29,937 [pool-48-thread-1] INFO  server.RaftServerConfigKeys (ConfUtils.java:logGet(44)) - raft.server.log.statemachine.data.caching.enabled = true (custom)
2020-06-26 10:47:29,937 [pool-48-thread-1] INFO  segmented.SegmentedRaftLogWorker (SegmentedRaftLogWorker.java:lambda$new$0(129)) - 4643f420-93ac-440e-9ff8-b18e3725af30@group-A7D11E7BC80F-SegmentedRaftLogWorker: flushIndex: setUnconditionally 0 -> -1
2020-06-26 10:47:29,937 [pool-48-thread-1] INFO  segmented.SegmentedRaftLogWorker (SegmentedRaftLogWorker.java:lambda$new$0(129)) - 4643f420-93ac-440e-9ff8-b18e3725af30@group-A7D11E7BC80F-SegmentedRaftLogWorker: safeCacheEvictIndex: setUnconditionally 0 -> -1
2020-06-26 10:47:29,941 [pool-48-thread-1] INFO  server.RaftServerConfigKeys (ConfUtils.java:logGet(44)) - raft.server.snapshot.auto.trigger.enabled = true (custom)
2020-06-26 10:47:29,941 [pool-48-thread-1] INFO  server.RaftServerConfigKeys (ConfUtils.java:logGet(44)) - raft.server.snapshot.auto.trigger.threshold = 10000 (custom)
2020-06-26 10:47:29,941 [pool-48-thread-1] INFO  server.RaftServerConfigKeys (ConfUtils.java:logGet(44)) - raft.server.snapshot.retention.file.num = 5 (custom)
2020-06-26 10:47:29,941 [pool-48-thread-1] INFO  server.RaftServerConfigKeys (ConfUtils.java:logGet(44)) - raft.server.log.purge.upto.snapshot.index = false (default)
2020-06-26 10:47:29,942 [pool-48-thread-1] INFO  server.RaftServerConfigKeys (ConfUtils.java:logGet(44)) - raft.server.retrycache.expirytime = 600000ms (custom)
2020-06-26 10:47:29,942 [pool-48-thread-1] INFO  metrics.RatisMetrics (RatisMetrics.java:lambda$create$0(36)) - Creating Metrics Registry : ratis.leader_election.4643f420-93ac-440e-9ff8-b18e3725af30@group-A7D11E7BC80F
2020-06-26 10:47:29,942 [pool-48-thread-1] INFO  metrics.RatisMetrics (RatisMetrics.java:lambda$create$0(36)) - Creating Metrics Registry : ratis.server.4643f420-93ac-440e-9ff8-b18e3725af30@group-A7D11E7BC80F
2020-06-26 10:47:29,944 [pool-48-thread-1] INFO  impl.RaftServerImpl (RaftServerImpl.java:start(186)) - 4643f420-93ac-440e-9ff8-b18e3725af30@group-A7D11E7BC80F: start as a follower, conf=-1: [4643f420-93ac-440e-9ff8-b18e3725af30:172.17.0.2:37847], old=null
2020-06-26 10:47:29,944 [pool-48-thread-1] INFO  impl.RaftServerImpl (RaftServerImpl.java:setRole(175)) - 4643f420-93ac-440e-9ff8-b18e3725af30@group-A7D11E7BC80F: changes role from      null to FOLLOWER at term 0 for startAsFollower
2020-06-26 10:47:29,945 [Command processor thread] INFO  impl.RaftServerProxy (RaftServerProxy.java:addNew(89)) - fef4f3eb-2317-4a6e-9fa9-10ddde637f69: addNew group-612A958D7EFB:[fef4f3eb-2317-4a6e-9fa9-10ddde637f69:172.17.0.2:46033] returns group-612A958D7EFB:java.util.concurrent.CompletableFuture@3f334f9c[Not completed]
2020-06-26 10:47:29,945 [Command processor thread] INFO  commandhandler.CreatePipelineCommandHandler (CreatePipelineCommandHandler.java:handle(109)) - Created Pipeline RATIS ONE #id: "c0593f85-4682-44d1-a8a3-351ac3afb03d"
.
2020-06-26 10:47:29,952 [Command processor thread] INFO  impl.RaftServerProxy (RaftServerProxy.java:addNew(89)) - 3c9a8f13-2dee-4465-b0d1-5fd371c2d59b: addNew group-A5C2D2EB64AC:[4643f420-93ac-440e-9ff8-b18e3725af30:172.17.0.2:37847, fef4f3eb-2317-4a6e-9fa9-10ddde637f69:172.17.0.2:46033, 3c9a8f13-2dee-4465-b0d1-5fd371c2d59b:172.17.0.2:33137] returns group-A5C2D2EB64AC:java.util.concurrent.CompletableFuture@6bfd70c3[Not completed]
2020-06-26 10:47:29,955 [pool-48-thread-1] INFO  impl.RoleInfo (RoleInfo.java:updateAndGet(143)) - 4643f420-93ac-440e-9ff8-b18e3725af30: start FollowerState
2020-06-26 10:47:29,960 [pool-48-thread-1] INFO  util.JmxRegister (JmxRegister.java:tryRegister(44)) - Successfully registered JMX Bean with object name Ratis:service=RaftServer,group=group-A7D11E7BC80F,id=4643f420-93ac-440e-9ff8-b18e3725af30
2020-06-26 10:47:29,970 [pool-48-thread-1] INFO  metrics.RatisMetrics (RatisMetrics.java:lambda$create$0(36)) - Creating Metrics Registry : ratis.state_machine.4643f420-93ac-440e-9ff8-b18e3725af30@group-A7D11E7BC80F
2020-06-26 10:47:29,971 [Command processor thread] INFO  commandhandler.CreatePipelineCommandHandler (CreatePipelineCommandHandler.java:handle(109)) - Created Pipeline RATIS ONE #id: "bdbe3fd9-c9d9-4250-acfb-a7d11e7bc80f"
.
2020-06-26 10:47:29,975 [Command processor thread] INFO  impl.RaftServerProxy (RaftServerProxy.java:addNew(89)) - 4643f420-93ac-440e-9ff8-b18e3725af30: addNew group-A5C2D2EB64AC:[4643f420-93ac-440e-9ff8-b18e3725af30:172.17.0.2:37847, fef4f3eb-2317-4a6e-9fa9-10ddde637f69:172.17.0.2:46033, 3c9a8f13-2dee-4465-b0d1-5fd371c2d59b:172.17.0.2:33137] returns group-A5C2D2EB64AC:java.util.concurrent.CompletableFuture@f3f12bd[Not completed]
2020-06-26 10:47:29,976 [pool-63-thread-1] INFO  impl.RaftServerImpl (RaftServerImpl.java:<init>(99)) - fef4f3eb-2317-4a6e-9fa9-10ddde637f69: new RaftServerImpl for group-612A958D7EFB:[fef4f3eb-2317-4a6e-9fa9-10ddde637f69:172.17.0.2:46033] with ContainerStateMachine:uninitialized
2020-06-26 10:47:29,979 [pool-33-thread-1] INFO  impl.RaftServerImpl (RaftServerImpl.java:<init>(99)) - 3c9a8f13-2dee-4465-b0d1-5fd371c2d59b: new RaftServerImpl for group-A5C2D2EB64AC:[4643f420-93ac-440e-9ff8-b18e3725af30:172.17.0.2:37847, fef4f3eb-2317-4a6e-9fa9-10ddde637f69:172.17.0.2:46033, 3c9a8f13-2dee-4465-b0d1-5fd371c2d59b:172.17.0.2:33137] with ContainerStateMachine:uninitialized
2020-06-26 10:47:29,979 [pool-33-thread-1] INFO  server.RaftServerConfigKeys (ConfUtils.java:logGet(44)) - raft.server.rpc.timeout.min = 5s (custom)
2020-06-26 10:47:29,979 [pool-33-thread-1] INFO  server.RaftServerConfigKeys (ConfUtils.java:logGet(44)) - raft.server.rpc.timeout.max = 5200ms (custom)
2020-06-26 10:47:29,979 [pool-33-thread-1] INFO  server.RaftServerConfigKeys (ConfUtils.java:logGet(44)) - raft.server.rpcslowness.timeout = 1000s (custom)
2020-06-26 10:47:29,979 [pool-33-thread-1] INFO  server.RaftServerConfigKeys (ConfUtils.java:logGet(44)) - raft.server.sleep.deviation.threshold = 300 (default)
2020-06-26 10:47:29,980 [pool-33-thread-1] INFO  server.RaftServerConfigKeys (ConfUtils.java:logGet(44)) - raft.server.log.appender.install.snapshot.enabled = false (custom)
2020-06-26 10:47:29,980 [pool-33-thread-1] INFO  impl.RaftServerImpl (ServerState.java:<init>(103)) - 3c9a8f13-2dee-4465-b0d1-5fd371c2d59b@group-A5C2D2EB64AC: ConfigurationManager, init=-1: [4643f420-93ac-440e-9ff8-b18e3725af30:172.17.0.2:37847, fef4f3eb-2317-4a6e-9fa9-10ddde637f69:172.17.0.2:46033, 3c9a8f13-2dee-4465-b0d1-5fd371c2d59b:172.17.0.2:33137], old=null, confs=<EMPTY_MAP>
2020-06-26 10:47:29,980 [pool-33-thread-1] INFO  server.RaftServerConfigKeys (ConfUtils.java:logGet(44)) - raft.server.storage.dir = [/github/workspace/mnt/ozone/hadoop-ozone/integration-test/target/test-dir/MiniOzoneClusterImpl-879ab4df-a1ff-473f-a6f4-02a98a4eae46/datanode-0/data/ratis] (custom)
2020-06-26 10:47:29,980 [pool-33-thread-1] INFO  server.RaftServerConfigKeys (ConfUtils.java:logGet(44)) - raft.server.log.corruption.policy = EXCEPTION (default)
2020-06-26 10:47:29,980 [pool-33-thread-1] INFO  storage.RaftStorageDirectory (RaftStorageDirectory.java:analyzeStorage(261)) - The storage directory /github/workspace/mnt/ozone/hadoop-ozone/integration-test/target/test-dir/MiniOzoneClusterImpl-879ab4df-a1ff-473f-a6f4-02a98a4eae46/datanode-0/data/ratis/61b745c7-211e-44fb-95cb-a5c2d2eb64ac does not exist. Creating ...
2020-06-26 10:47:29,977 [pool-48-thread-1] INFO  impl.RaftServerImpl (RaftServerImpl.java:<init>(99)) - 4643f420-93ac-440e-9ff8-b18e3725af30: new RaftServerImpl for group-A5C2D2EB64AC:[4643f420-93ac-440e-9ff8-b18e3725af30:172.17.0.2:37847, fef4f3eb-2317-4a6e-9fa9-10ddde637f69:172.17.0.2:46033, 3c9a8f13-2dee-4465-b0d1-5fd371c2d59b:172.17.0.2:33137] with ContainerStateMachine:uninitialized
2020-06-26 10:47:29,981 [pool-48-thread-1] INFO  server.RaftServerConfigKeys (ConfUtils.java:logGet(44)) - raft.server.rpc.timeout.min = 5s (custom)
2020-06-26 10:47:29,981 [pool-48-thread-1] INFO  server.RaftServerConfigKeys (ConfUtils.java:logGet(44)) - raft.server.rpc.timeout.max = 5200ms (custom)
2020-06-26 10:47:29,981 [pool-48-thread-1] INFO  server.RaftServerConfigKeys (ConfUtils.java:logGet(44)) - raft.server.rpcslowness.timeout = 1000s (custom)
2020-06-26 10:47:29,981 [pool-48-thread-1] INFO  server.RaftServerConfigKeys (ConfUtils.java:logGet(44)) - raft.server.sleep.deviation.threshold = 300 (default)
2020-06-26 10:47:29,981 [pool-48-thread-1] INFO  server.RaftServerConfigKeys (ConfUtils.java:logGet(44)) - raft.server.log.appender.install.snapshot.enabled = false (custom)
2020-06-26 10:47:29,981 [pool-48-thread-1] INFO  impl.RaftServerImpl (ServerState.java:<init>(103)) - 4643f420-93ac-440e-9ff8-b18e3725af30@group-A5C2D2EB64AC: ConfigurationManager, init=-1: [4643f420-93ac-440e-9ff8-b18e3725af30:172.17.0.2:37847, fef4f3eb-2317-4a6e-9fa9-10ddde637f69:172.17.0.2:46033, 3c9a8f13-2dee-4465-b0d1-5fd371c2d59b:172.17.0.2:33137], old=null, confs=<EMPTY_MAP>
2020-06-26 10:47:29,981 [pool-48-thread-1] INFO  server.RaftServerConfigKeys (ConfUtils.java:logGet(44)) - raft.server.storage.dir = [/github/workspace/mnt/ozone/hadoop-ozone/integration-test/target/test-dir/MiniOzoneClusterImpl-879ab4df-a1ff-473f-a6f4-02a98a4eae46/datanode-1/data/ratis] (custom)
2020-06-26 10:47:29,982 [pool-48-thread-1] INFO  server.RaftServerConfigKeys (ConfUtils.java:logGet(44)) - raft.server.log.corruption.policy = EXCEPTION (default)
2020-06-26 10:47:29,982 [pool-48-thread-1] INFO  storage.RaftStorageDirectory (RaftStorageDirectory.java:analyzeStorage(261)) - The storage directory /github/workspace/mnt/ozone/hadoop-ozone/integration-test/target/test-dir/MiniOzoneClusterImpl-879ab4df-a1ff-473f-a6f4-02a98a4eae46/datanode-1/data/ratis/61b745c7-211e-44fb-95cb-a5c2d2eb64ac does not exist. Creating ...
2020-06-26 10:47:29,982 [pool-63-thread-1] INFO  server.RaftServerConfigKeys (ConfUtils.java:logGet(44)) - raft.server.rpc.timeout.min = 5s (custom)
2020-06-26 10:47:29,982 [pool-63-thread-1] INFO  server.RaftServerConfigKeys (ConfUtils.java:logGet(44)) - raft.server.rpc.timeout.max = 5200ms (custom)
2020-06-26 10:47:29,983 [pool-63-thread-1] INFO  server.RaftServerConfigKeys (ConfUtils.java:logGet(44)) - raft.server.rpcslowness.timeout = 1000s (custom)
2020-06-26 10:47:29,983 [pool-63-thread-1] INFO  server.RaftServerConfigKeys (ConfUtils.java:logGet(44)) - raft.server.sleep.deviation.threshold = 300 (default)
2020-06-26 10:47:29,983 [pool-63-thread-1] INFO  server.RaftServerConfigKeys (ConfUtils.java:logGet(44)) - raft.server.log.appender.install.snapshot.enabled = false (custom)
2020-06-26 10:47:29,983 [pool-63-thread-1] INFO  impl.RaftServerImpl (ServerState.java:<init>(103)) - fef4f3eb-2317-4a6e-9fa9-10ddde637f69@group-612A958D7EFB: ConfigurationManager, init=-1: [fef4f3eb-2317-4a6e-9fa9-10ddde637f69:172.17.0.2:46033], old=null, confs=<EMPTY_MAP>
2020-06-26 10:47:29,983 [pool-63-thread-1] INFO  server.RaftServerConfigKeys (ConfUtils.java:logGet(44)) - raft.server.storage.dir = [/github/workspace/mnt/ozone/hadoop-ozone/integration-test/target/test-dir/MiniOzoneClusterImpl-879ab4df-a1ff-473f-a6f4-02a98a4eae46/datanode-2/data/ratis] (custom)
2020-06-26 10:47:29,983 [pool-63-thread-1] INFO  server.RaftServerConfigKeys (ConfUtils.java:logGet(44)) - raft.server.log.corruption.policy = EXCEPTION (default)
2020-06-26 10:47:29,983 [pool-63-thread-1] INFO  storage.RaftStorageDirectory (RaftStorageDirectory.java:analyzeStorage(261)) - The storage directory /github/workspace/mnt/ozone/hadoop-ozone/integration-test/target/test-dir/MiniOzoneClusterImpl-879ab4df-a1ff-473f-a6f4-02a98a4eae46/datanode-2/data/ratis/4d62a7e6-6336-44a2-8643-612a958d7efb does not exist. Creating ...
2020-06-26 10:47:29,983 [pool-33-thread-1] INFO  storage.RaftStorageDirectory (RaftStorageDirectory.java:tryLock(343)) - Lock on /github/workspace/mnt/ozone/hadoop-ozone/integration-test/target/test-dir/MiniOzoneClusterImpl-879ab4df-a1ff-473f-a6f4-02a98a4eae46/datanode-0/data/ratis/61b745c7-211e-44fb-95cb-a5c2d2eb64ac/in_use.lock acquired by nodename 15538@211fa11b6f09
2020-06-26 10:47:29,983 [pool-48-thread-1] INFO  storage.RaftStorageDirectory (RaftStorageDirectory.java:tryLock(343)) - Lock on /github/workspace/mnt/ozone/hadoop-ozone/integration-test/target/test-dir/MiniOzoneClusterImpl-879ab4df-a1ff-473f-a6f4-02a98a4eae46/datanode-1/data/ratis/61b745c7-211e-44fb-95cb-a5c2d2eb64ac/in_use.lock acquired by nodename 15538@211fa11b6f09
2020-06-26 10:47:29,985 [pool-48-thread-1] INFO  storage.RaftStorage (RaftStorage.java:format(84)) - Storage directory /github/workspace/mnt/ozone/hadoop-ozone/integration-test/target/test-dir/MiniOzoneClusterImpl-879ab4df-a1ff-473f-a6f4-02a98a4eae46/datanode-1/data/ratis/61b745c7-211e-44fb-95cb-a5c2d2eb64ac has been successfully formatted.
2020-06-26 10:47:29,986 [pool-48-thread-1] INFO  ratis.ContainerStateMachine (ContainerStateMachine.java:loadSnapshot(226)) - group-A5C2D2EB64AC: The snapshot info is null. Setting the last applied indexto:(t:0, i:~)
2020-06-26 10:47:29,986 [pool-48-thread-1] INFO  server.RaftServerConfigKeys (ConfUtils.java:logGet(44)) - raft.server.notification.no-leader.timeout = 60s (default)
2020-06-26 10:47:29,986 [pool-48-thread-1] INFO  server.RaftServerConfigKeys (ConfUtils.java:logGet(44)) - raft.server.log.use.memory = false (default)
2020-06-26 10:47:29,986 [pool-33-thread-1] INFO  storage.RaftStorage (RaftStorage.java:format(84)) - Storage directory /github/workspace/mnt/ozone/hadoop-ozone/integration-test/target/test-dir/MiniOzoneClusterImpl-879ab4df-a1ff-473f-a6f4-02a98a4eae46/datanode-0/data/ratis/61b745c7-211e-44fb-95cb-a5c2d2eb64ac has been successfully formatted.
2020-06-26 10:47:29,988 [pool-33-thread-1] INFO  ratis.ContainerStateMachine (ContainerStateMachine.java:loadSnapshot(226)) - group-A5C2D2EB64AC: The snapshot info is null. Setting the last applied indexto:(t:0, i:~)
2020-06-26 10:47:29,988 [pool-33-thread-1] INFO  server.RaftServerConfigKeys (ConfUtils.java:logGet(44)) - raft.server.notification.no-leader.timeout = 60s (default)
2020-06-26 10:47:29,988 [pool-33-thread-1] INFO  server.RaftServerConfigKeys (ConfUtils.java:logGet(44)) - raft.server.log.use.memory = false (default)
2020-06-26 10:47:29,989 [pool-33-thread-1] INFO  server.RaftServerConfigKeys (ConfUtils.java:logGet(44)) - raft.server.log.purge.gap = 1000000 (custom)
2020-06-26 10:47:29,989 [pool-33-thread-1] INFO  server.RaftServerConfigKeys (ConfUtils.java:logGet(44)) - raft.server.log.appender.buffer.byte-limit = 33554432 (custom)
2020-06-26 10:47:29,989 [pool-33-thread-1] INFO  server.RaftServerConfigKeys (ConfUtils.java:logGet(44)) - raft.server.log.segment.size.max = 1048576 (custom)
2020-06-26 10:47:29,989 [pool-33-thread-1] INFO  metrics.RatisMetrics (RatisMetrics.java:lambda$create$0(36)) - Creating Metrics Registry : ratis.log_worker.3c9a8f13-2dee-4465-b0d1-5fd371c2d59b@group-A5C2D2EB64AC
2020-06-26 10:47:29,990 [pool-33-thread-1] INFO  server.RaftServerConfigKeys (ConfUtils.java:logGet(44)) - raft.server.log.segment.cache.num.max = 2 (custom)
2020-06-26 10:47:29,990 [pool-33-thread-1] INFO  segmented.SegmentedRaftLogWorker (SegmentedRaftLogWorker.java:<init>(180)) - new 3c9a8f13-2dee-4465-b0d1-5fd371c2d59b@group-A5C2D2EB64AC-SegmentedRaftLogWorker for RaftStorage:Storage Directory /github/workspace/mnt/ozone/hadoop-ozone/integration-test/target/test-dir/MiniOzoneClusterImpl-879ab4df-a1ff-473f-a6f4-02a98a4eae46/datanode-0/data/ratis/61b745c7-211e-44fb-95cb-a5c2d2eb64ac
2020-06-26 10:47:29,990 [pool-33-thread-1] INFO  server.RaftServerConfigKeys (ConfUtils.java:logGet(44)) - raft.server.log.queue.byte-limit = 2147483647 (custom)
2020-06-26 10:47:29,990 [pool-33-thread-1] INFO  server.RaftServerConfigKeys (ConfUtils.java:logGet(44)) - raft.server.log.queue.element-limit = 1024 (custom)
2020-06-26 10:47:29,990 [pool-33-thread-1] INFO  server.RaftServerConfigKeys (ConfUtils.java:logGet(44)) - raft.server.log.segment.size.max = 1048576 (custom)
2020-06-26 10:47:29,990 [pool-33-thread-1] INFO  server.RaftServerConfigKeys (ConfUtils.java:logGet(44)) - raft.server.log.preallocated.size = 16384 (custom)
2020-06-26 10:47:29,990 [pool-33-thread-1] INFO  server.RaftServerConfigKeys (ConfUtils.java:logGet(44)) - raft.server.log.write.buffer.size = 1048576 (custom)
2020-06-26 10:47:29,990 [pool-33-thread-1] INFO  server.RaftServerConfigKeys (ConfUtils.java:logGet(44)) - raft.server.log.force.sync.num = 128 (default)
2020-06-26 10:47:29,990 [pool-33-thread-1] INFO  server.RaftServerConfigKeys (ConfUtils.java:logGet(44)) - raft.server.log.statemachine.data.sync = true (default)
2020-06-26 10:47:29,990 [pool-33-thread-1] INFO  server.RaftServerConfigKeys (ConfUtils.java:logGet(44)) - raft.server.log.statemachine.data.sync.timeout = 10s (default)
2020-06-26 10:47:29,991 [pool-33-thread-1] INFO  server.RaftServerConfigKeys (ConfUtils.java:logGet(44)) - raft.server.log.statemachine.data.sync.timeout.retry = -1 (default)
2020-06-26 10:47:29,992 [pool-33-thread-1] INFO  server.RaftServerConfigKeys (ConfUtils.java:logGet(44)) - raft.server.log.statemachine.data.caching.enabled = true (custom)
2020-06-26 10:47:29,986 [pool-63-thread-1] INFO  storage.RaftStorageDirectory (RaftStorageDirectory.java:tryLock(343)) - Lock on /github/workspace/mnt/ozone/hadoop-ozone/integration-test/target/test-dir/MiniOzoneClusterImpl-879ab4df-a1ff-473f-a6f4-02a98a4eae46/datanode-2/data/ratis/4d62a7e6-6336-44a2-8643-612a958d7efb/in_use.lock acquired by nodename 15538@211fa11b6f09
2020-06-26 10:47:29,988 [pool-48-thread-1] INFO  server.RaftServerConfigKeys (ConfUtils.java:logGet(44)) - raft.server.log.purge.gap = 1000000 (custom)
2020-06-26 10:47:29,993 [pool-48-thread-1] INFO  server.RaftServerConfigKeys (ConfUtils.java:logGet(44)) - raft.server.log.appender.buffer.byte-limit = 33554432 (custom)
2020-06-26 10:47:29,993 [pool-48-thread-1] INFO  server.RaftServerConfigKeys (ConfUtils.java:logGet(44)) - raft.server.log.segment.size.max = 1048576 (custom)
2020-06-26 10:47:29,993 [pool-48-thread-1] INFO  metrics.RatisMetrics (RatisMetrics.java:lambda$create$0(36)) - Creating Metrics Registry : ratis.log_worker.4643f420-93ac-440e-9ff8-b18e3725af30@group-A5C2D2EB64AC
2020-06-26 10:47:29,993 [pool-48-thread-1] INFO  server.RaftServerConfigKeys (ConfUtils.java:logGet(44)) - raft.server.log.segment.cache.num.max = 2 (custom)
2020-06-26 10:47:29,993 [pool-48-thread-1] INFO  segmented.SegmentedRaftLogWorker (SegmentedRaftLogWorker.java:<init>(180)) - new 4643f420-93ac-440e-9ff8-b18e3725af30@group-A5C2D2EB64AC-SegmentedRaftLogWorker for RaftStorage:Storage Directory /github/workspace/mnt/ozone/hadoop-ozone/integration-test/target/test-dir/MiniOzoneClusterImpl-879ab4df-a1ff-473f-a6f4-02a98a4eae46/datanode-1/data/ratis/61b745c7-211e-44fb-95cb-a5c2d2eb64ac
2020-06-26 10:47:29,993 [pool-48-thread-1] INFO  server.RaftServerConfigKeys (ConfUtils.java:logGet(44)) - raft.server.log.queue.byte-limit = 2147483647 (custom)
2020-06-26 10:47:29,993 [pool-48-thread-1] INFO  server.RaftServerConfigKeys (ConfUtils.java:logGet(44)) - raft.server.log.queue.element-limit = 1024 (custom)
2020-06-26 10:47:29,993 [pool-48-thread-1] INFO  server.RaftServerConfigKeys (ConfUtils.java:logGet(44)) - raft.server.log.segment.size.max = 1048576 (custom)
2020-06-26 10:47:29,994 [pool-48-thread-1] INFO  server.RaftServerConfigKeys (ConfUtils.java:logGet(44)) - raft.server.log.preallocated.size = 16384 (custom)
2020-06-26 10:47:29,994 [pool-48-thread-1] INFO  server.RaftServerConfigKeys (ConfUtils.java:logGet(44)) - raft.server.log.write.buffer.size = 1048576 (custom)
2020-06-26 10:47:29,994 [pool-48-thread-1] INFO  server.RaftServerConfigKeys (ConfUtils.java:logGet(44)) - raft.server.log.force.sync.num = 128 (default)
2020-06-26 10:47:29,994 [pool-48-thread-1] INFO  server.RaftServerConfigKeys (ConfUtils.java:logGet(44)) - raft.server.log.statemachine.data.sync = true (default)
2020-06-26 10:47:29,994 [pool-48-thread-1] INFO  server.RaftServerConfigKeys (ConfUtils.java:logGet(44)) - raft.server.log.statemachine.data.sync.timeout = 10s (default)
2020-06-26 10:47:29,994 [pool-48-thread-1] INFO  server.RaftServerConfigKeys (ConfUtils.java:logGet(44)) - raft.server.log.statemachine.data.sync.timeout.retry = -1 (default)
2020-06-26 10:47:29,996 [pool-48-thread-1] INFO  server.RaftServerConfigKeys (ConfUtils.java:logGet(44)) - raft.server.log.statemachine.data.caching.enabled = true (custom)
2020-06-26 10:47:29,994 [pool-63-thread-1] INFO  storage.RaftStorage (RaftStorage.java:format(84)) - Storage directory /github/workspace/mnt/ozone/hadoop-ozone/integration-test/target/test-dir/MiniOzoneClusterImpl-879ab4df-a1ff-473f-a6f4-02a98a4eae46/datanode-2/data/ratis/4d62a7e6-6336-44a2-8643-612a958d7efb has been successfully formatted.
2020-06-26 10:47:29,997 [pool-63-thread-1] INFO  ratis.ContainerStateMachine (ContainerStateMachine.java:loadSnapshot(226)) - group-612A958D7EFB: The snapshot info is null. Setting the last applied indexto:(t:0, i:~)
2020-06-26 10:47:29,997 [pool-63-thread-1] INFO  server.RaftServerConfigKeys (ConfUtils.java:logGet(44)) - raft.server.notification.no-leader.timeout = 60s (default)
2020-06-26 10:47:29,997 [pool-63-thread-1] INFO  server.RaftServerConfigKeys (ConfUtils.java:logGet(44)) - raft.server.log.use.memory = false (default)
2020-06-26 10:47:29,997 [pool-63-thread-1] INFO  server.RaftServerConfigKeys (ConfUtils.java:logGet(44)) - raft.server.log.purge.gap = 1000000 (custom)
2020-06-26 10:47:29,998 [pool-63-thread-1] INFO  server.RaftServerConfigKeys (ConfUtils.java:logGet(44)) - raft.server.log.appender.buffer.byte-limit = 33554432 (custom)
2020-06-26 10:47:29,998 [pool-63-thread-1] INFO  server.RaftServerConfigKeys (ConfUtils.java:logGet(44)) - raft.server.log.segment.size.max = 1048576 (custom)
2020-06-26 10:47:29,998 [pool-63-thread-1] INFO  metrics.RatisMetrics (RatisMetrics.java:lambda$create$0(36)) - Creating Metrics Registry : ratis.log_worker.fef4f3eb-2317-4a6e-9fa9-10ddde637f69@group-612A958D7EFB
2020-06-26 10:47:29,997 [pool-33-thread-1] INFO  segmented.SegmentedRaftLogWorker (SegmentedRaftLogWorker.java:lambda$new$0(129)) - 3c9a8f13-2dee-4465-b0d1-5fd371c2d59b@group-A5C2D2EB64AC-SegmentedRaftLogWorker: flushIndex: setUnconditionally 0 -> -1
2020-06-26 10:47:30,001 [pool-63-thread-1] INFO  server.RaftServerConfigKeys (ConfUtils.java:logGet(44)) - raft.server.log.segment.cache.num.max = 2 (custom)
2020-06-26 10:47:30,002 [pool-63-thread-1] INFO  segmented.SegmentedRaftLogWorker (SegmentedRaftLogWorker.java:<init>(180)) - new fef4f3eb-2317-4a6e-9fa9-10ddde637f69@group-612A958D7EFB-SegmentedRaftLogWorker for RaftStorage:Storage Directory /github/workspace/mnt/ozone/hadoop-ozone/integration-test/target/test-dir/MiniOzoneClusterImpl-879ab4df-a1ff-473f-a6f4-02a98a4eae46/datanode-2/data/ratis/4d62a7e6-6336-44a2-8643-612a958d7efb
2020-06-26 10:47:30,002 [pool-63-thread-1] INFO  server.RaftServerConfigKeys (ConfUtils.java:logGet(44)) - raft.server.log.queue.byte-limit = 2147483647 (custom)
2020-06-26 10:47:30,002 [pool-63-thread-1] INFO  server.RaftServerConfigKeys (ConfUtils.java:logGet(44)) - raft.server.log.queue.element-limit = 1024 (custom)
2020-06-26 10:47:30,002 [pool-63-thread-1] INFO  server.RaftServerConfigKeys (ConfUtils.java:logGet(44)) - raft.server.log.segment.size.max = 1048576 (custom)
2020-06-26 10:47:30,002 [pool-63-thread-1] INFO  server.RaftServerConfigKeys (ConfUtils.java:logGet(44)) - raft.server.log.preallocated.size = 16384 (custom)
2020-06-26 10:47:30,003 [pool-63-thread-1] INFO  server.RaftServerConfigKeys (ConfUtils.java:logGet(44)) - raft.server.log.write.buffer.size = 1048576 (custom)
2020-06-26 10:47:30,003 [pool-63-thread-1] INFO  server.RaftServerConfigKeys (ConfUtils.java:logGet(44)) - raft.server.log.force.sync.num = 128 (default)
2020-06-26 10:47:30,003 [pool-63-thread-1] INFO  server.RaftServerConfigKeys (ConfUtils.java:logGet(44)) - raft.server.log.statemachine.data.sync = true (default)
2020-06-26 10:47:30,003 [pool-63-thread-1] INFO  server.RaftServerConfigKeys (ConfUtils.java:logGet(44)) - raft.server.log.statemachine.data.sync.timeout = 10s (default)
2020-06-26 10:47:30,003 [pool-63-thread-1] INFO  server.RaftServerConfigKeys (ConfUtils.java:logGet(44)) - raft.server.log.statemachine.data.sync.timeout.retry = -1 (default)
2020-06-26 10:47:30,005 [pool-63-thread-1] INFO  server.RaftServerConfigKeys (ConfUtils.java:logGet(44)) - raft.server.log.statemachine.data.caching.enabled = true (custom)
2020-06-26 10:47:30,005 [pool-63-thread-1] INFO  segmented.SegmentedRaftLogWorker (SegmentedRaftLogWorker.java:lambda$new$0(129)) - fef4f3eb-2317-4a6e-9fa9-10ddde637f69@group-612A958D7EFB-SegmentedRaftLogWorker: flushIndex: setUnconditionally 0 -> -1
2020-06-26 10:47:30,005 [pool-63-thread-1] INFO  segmented.SegmentedRaftLogWorker (SegmentedRaftLogWorker.java:lambda$new$0(129)) - fef4f3eb-2317-4a6e-9fa9-10ddde637f69@group-612A958D7EFB-SegmentedRaftLogWorker: safeCacheEvictIndex: setUnconditionally 0 -> -1
2020-06-26 10:47:29,999 [pool-48-thread-1] INFO  segmented.SegmentedRaftLogWorker (SegmentedRaftLogWorker.java:lambda$new$0(129)) - 4643f420-93ac-440e-9ff8-b18e3725af30@group-A5C2D2EB64AC-SegmentedRaftLogWorker: flushIndex: setUnconditionally 0 -> -1
2020-06-26 10:47:30,005 [pool-48-thread-1] INFO  segmented.SegmentedRaftLogWorker (SegmentedRaftLogWorker.java:lambda$new$0(129)) - 4643f420-93ac-440e-9ff8-b18e3725af30@group-A5C2D2EB64AC-SegmentedRaftLogWorker: safeCacheEvictIndex: setUnconditionally 0 -> -1
2020-06-26 10:47:29,998 [EventQueue-PipelineReportForPipelineReportHandler] INFO  pipeline.PipelineStateManager (PipelineStateManager.java:openPipeline(131)) - Pipeline Pipeline[ Id: 4d62a7e6-6336-44a2-8643-612a958d7efb, Nodes: fef4f3eb-2317-4a6e-9fa9-10ddde637f69{ip: 172.17.0.2, host: 211fa11b6f09, networkLocation: /default-rack, certSerialId: null}, Type:RATIS, Factor:ONE, State:ALLOCATED, leaderId:fef4f3eb-2317-4a6e-9fa9-10ddde637f69, CreationTimestamp2020-06-26T10:47:26.946Z] moved to OPEN state
2020-06-26 10:47:30,005 [EventQueue-OpenPipelineForOneReplicaPipelineSafeModeRule] INFO  safemode.SCMSafeModeManager (SCMSafeModeManager.java:validateSafeModeExitRules(214)) - AtleastOneDatanodeReportedRule rule is successfully validated
2020-06-26 10:47:30,005 [EventQueue-OpenPipelineForHealthyPipelineSafeModeRule] INFO  safemode.SCMSafeModeManager (HealthyPipelineSafeModeRule.java:process(132)) - SCM in safe mode. Healthy pipelines reported count is 0, required healthy pipeline reported count is 1
2020-06-26 10:47:30,001 [pool-33-thread-1] INFO  segmented.SegmentedRaftLogWorker (SegmentedRaftLogWorker.java:lambda$new$0(129)) - 3c9a8f13-2dee-4465-b0d1-5fd371c2d59b@group-A5C2D2EB64AC-SegmentedRaftLogWorker: safeCacheEvictIndex: setUnconditionally 0 -> -1
2020-06-26 10:47:30,012 [pool-63-thread-1] INFO  server.RaftServerConfigKeys (ConfUtils.java:logGet(44)) - raft.server.snapshot.auto.trigger.enabled = true (custom)
2020-06-26 10:47:30,013 [pool-63-thread-1] INFO  server.RaftServerConfigKeys (ConfUtils.java:logGet(44)) - raft.server.snapshot.auto.trigger.threshold = 10000 (custom)
2020-06-26 10:47:30,013 [pool-63-thread-1] INFO  server.RaftServerConfigKeys (ConfUtils.java:logGet(44)) - raft.server.snapshot.retention.file.num = 5 (custom)
2020-06-26 10:47:30,013 [pool-63-thread-1] INFO  server.RaftServerConfigKeys (ConfUtils.java:logGet(44)) - raft.server.log.purge.upto.snapshot.index = false (default)
2020-06-26 10:47:30,013 [pool-33-thread-1] INFO  server.RaftServerConfigKeys (ConfUtils.java:logGet(44)) - raft.server.snapshot.auto.trigger.enabled = true (custom)
2020-06-26 10:47:30,013 [pool-33-thread-1] INFO  server.RaftServerConfigKeys (ConfUtils.java:logGet(44)) - raft.server.snapshot.auto.trigger.threshold = 10000 (custom)
2020-06-26 10:47:30,013 [pool-33-thread-1] INFO  server.RaftServerConfigKeys (ConfUtils.java:logGet(44)) - raft.server.snapshot.retention.file.num = 5 (custom)
2020-06-26 10:47:30,013 [pool-33-thread-1] INFO  server.RaftServerConfigKeys (ConfUtils.java:logGet(44)) - raft.server.log.purge.upto.snapshot.index = false (default)
2020-06-26 10:47:30,016 [pool-48-thread-1] INFO  server.RaftServerConfigKeys (ConfUtils.java:logGet(44)) - raft.server.snapshot.auto.trigger.enabled = true (custom)
2020-06-26 10:47:30,016 [pool-48-thread-1] INFO  server.RaftServerConfigKeys (ConfUtils.java:logGet(44)) - raft.server.snapshot.auto.trigger.threshold = 10000 (custom)
2020-06-26 10:47:30,016 [pool-48-thread-1] INFO  server.RaftServerConfigKeys (ConfUtils.java:logGet(44)) - raft.server.snapshot.retention.file.num = 5 (custom)
2020-06-26 10:47:30,016 [pool-48-thread-1] INFO  server.RaftServerConfigKeys (ConfUtils.java:logGet(44)) - raft.server.log.purge.upto.snapshot.index = false (default)
2020-06-26 10:47:30,016 [pool-48-thread-1] INFO  server.RaftServerConfigKeys (ConfUtils.java:logGet(44)) - raft.server.retrycache.expirytime = 600000ms (custom)
2020-06-26 10:47:30,016 [pool-48-thread-1] INFO  metrics.RatisMetrics (RatisMetrics.java:lambda$create$0(36)) - Creating Metrics Registry : ratis.leader_election.4643f420-93ac-440e-9ff8-b18e3725af30@group-A5C2D2EB64AC
2020-06-26 10:47:30,024 [pool-33-thread-1] INFO  server.RaftServerConfigKeys (ConfUtils.java:logGet(44)) - raft.server.retrycache.expirytime = 600000ms (custom)
2020-06-26 10:47:30,024 [pool-63-thread-1] INFO  server.RaftServerConfigKeys (ConfUtils.java:logGet(44)) - raft.server.retrycache.expirytime = 600000ms (custom)
2020-06-26 10:47:30,025 [pool-63-thread-1] INFO  metrics.RatisMetrics (RatisMetrics.java:lambda$create$0(36)) - Creating Metrics Registry : ratis.leader_election.fef4f3eb-2317-4a6e-9fa9-10ddde637f69@group-612A958D7EFB
2020-06-26 10:47:30,024 [pool-33-thread-1] INFO  metrics.RatisMetrics (RatisMetrics.java:lambda$create$0(36)) - Creating Metrics Registry : ratis.leader_election.3c9a8f13-2dee-4465-b0d1-5fd371c2d59b@group-A5C2D2EB64AC
2020-06-26 10:47:30,028 [pool-33-thread-1] INFO  metrics.RatisMetrics (RatisMetrics.java:lambda$create$0(36)) - Creating Metrics Registry : ratis.server.3c9a8f13-2dee-4465-b0d1-5fd371c2d59b@group-A5C2D2EB64AC
2020-06-26 10:47:30,028 [pool-48-thread-1] INFO  metrics.RatisMetrics (RatisMetrics.java:lambda$create$0(36)) - Creating Metrics Registry : ratis.server.4643f420-93ac-440e-9ff8-b18e3725af30@group-A5C2D2EB64AC
2020-06-26 10:47:30,029 [pool-63-thread-1] INFO  metrics.RatisMetrics (RatisMetrics.java:lambda$create$0(36)) - Creating Metrics Registry : ratis.server.fef4f3eb-2317-4a6e-9fa9-10ddde637f69@group-612A958D7EFB
2020-06-26 10:47:30,029 [pool-33-thread-1] INFO  impl.RaftServerImpl (RaftServerImpl.java:start(186)) - 3c9a8f13-2dee-4465-b0d1-5fd371c2d59b@group-A5C2D2EB64AC: start as a follower, conf=-1: [4643f420-93ac-440e-9ff8-b18e3725af30:172.17.0.2:37847, fef4f3eb-2317-4a6e-9fa9-10ddde637f69:172.17.0.2:46033, 3c9a8f13-2dee-4465-b0d1-5fd371c2d59b:172.17.0.2:33137], old=null
2020-06-26 10:47:30,029 [pool-33-thread-1] INFO  impl.RaftServerImpl (RaftServerImpl.java:setRole(175)) - 3c9a8f13-2dee-4465-b0d1-5fd371c2d59b@group-A5C2D2EB64AC: changes role from      null to FOLLOWER at term 0 for startAsFollower
2020-06-26 10:47:30,029 [pool-33-thread-1] INFO  impl.RoleInfo (RoleInfo.java:updateAndGet(143)) - 3c9a8f13-2dee-4465-b0d1-5fd371c2d59b: start FollowerState
2020-06-26 10:47:30,030 [pool-48-thread-1] INFO  impl.RaftServerImpl (RaftServerImpl.java:start(186)) - 4643f420-93ac-440e-9ff8-b18e3725af30@group-A5C2D2EB64AC: start as a follower, conf=-1: [4643f420-93ac-440e-9ff8-b18e3725af30:172.17.0.2:37847, fef4f3eb-2317-4a6e-9fa9-10ddde637f69:172.17.0.2:46033, 3c9a8f13-2dee-4465-b0d1-5fd371c2d59b:172.17.0.2:33137], old=null
2020-06-26 10:47:30,030 [pool-48-thread-1] INFO  impl.RaftServerImpl (RaftServerImpl.java:setRole(175)) - 4643f420-93ac-440e-9ff8-b18e3725af30@group-A5C2D2EB64AC: changes role from      null to FOLLOWER at term 0 for startAsFollower
2020-06-26 10:47:30,035 [pool-33-thread-1] INFO  util.JmxRegister (JmxRegister.java:tryRegister(44)) - Successfully registered JMX Bean with object name Ratis:service=RaftServer,group=group-A5C2D2EB64AC,id=3c9a8f13-2dee-4465-b0d1-5fd371c2d59b
2020-06-26 10:47:30,035 [pool-33-thread-1] INFO  metrics.RatisMetrics (RatisMetrics.java:lambda$create$0(36)) - Creating Metrics Registry : ratis.state_machine.3c9a8f13-2dee-4465-b0d1-5fd371c2d59b@group-A5C2D2EB64AC
2020-06-26 10:47:30,042 [pool-48-thread-1] INFO  impl.RoleInfo (RoleInfo.java:updateAndGet(143)) - 4643f420-93ac-440e-9ff8-b18e3725af30: start FollowerState
2020-06-26 10:47:30,043 [pool-63-thread-1] INFO  impl.RaftServerImpl (RaftServerImpl.java:start(186)) - fef4f3eb-2317-4a6e-9fa9-10ddde637f69@group-612A958D7EFB: start as a follower, conf=-1: [fef4f3eb-2317-4a6e-9fa9-10ddde637f69:172.17.0.2:46033], old=null
2020-06-26 10:47:30,043 [pool-63-thread-1] INFO  impl.RaftServerImpl (RaftServerImpl.java:setRole(175)) - fef4f3eb-2317-4a6e-9fa9-10ddde637f69@group-612A958D7EFB: changes role from      null to FOLLOWER at term 0 for startAsFollower
2020-06-26 10:47:30,052 [pool-48-thread-1] INFO  util.JmxRegister (JmxRegister.java:tryRegister(44)) - Successfully registered JMX Bean with object name Ratis:service=RaftServer,group=group-A5C2D2EB64AC,id=4643f420-93ac-440e-9ff8-b18e3725af30
2020-06-26 10:47:30,052 [pool-48-thread-1] INFO  metrics.RatisMetrics (RatisMetrics.java:lambda$create$0(36)) - Creating Metrics Registry : ratis.state_machine.4643f420-93ac-440e-9ff8-b18e3725af30@group-A5C2D2EB64AC
2020-06-26 10:47:30,061 [pool-63-thread-1] INFO  impl.RoleInfo (RoleInfo.java:updateAndGet(143)) - fef4f3eb-2317-4a6e-9fa9-10ddde637f69: start FollowerState
2020-06-26 10:47:30,068 [pool-63-thread-1] INFO  util.JmxRegister (JmxRegister.java:tryRegister(44)) - Successfully registered JMX Bean with object name Ratis:service=RaftServer,group=group-612A958D7EFB,id=fef4f3eb-2317-4a6e-9fa9-10ddde637f69
2020-06-26 10:47:30,068 [pool-63-thread-1] INFO  metrics.RatisMetrics (RatisMetrics.java:lambda$create$0(36)) - Creating Metrics Registry : ratis.state_machine.fef4f3eb-2317-4a6e-9fa9-10ddde637f69@group-612A958D7EFB
2020-06-26 10:47:30,087 [Command processor thread] INFO  commandhandler.CreatePipelineCommandHandler (CreatePipelineCommandHandler.java:handle(109)) - Created Pipeline RATIS ONE #id: "4d62a7e6-6336-44a2-8643-612a958d7efb"
.
2020-06-26 10:47:30,088 [Command processor thread] INFO  impl.RaftServerProxy (RaftServerProxy.java:addNew(89)) - fef4f3eb-2317-4a6e-9fa9-10ddde637f69: addNew group-A5C2D2EB64AC:[4643f420-93ac-440e-9ff8-b18e3725af30:172.17.0.2:37847, fef4f3eb-2317-4a6e-9fa9-10ddde637f69:172.17.0.2:46033, 3c9a8f13-2dee-4465-b0d1-5fd371c2d59b:172.17.0.2:33137] returns group-A5C2D2EB64AC:java.util.concurrent.CompletableFuture@3b0cdca2[Not completed]
2020-06-26 10:47:30,089 [pool-63-thread-1] INFO  impl.RaftServerImpl (RaftServerImpl.java:<init>(99)) - fef4f3eb-2317-4a6e-9fa9-10ddde637f69: new RaftServerImpl for group-A5C2D2EB64AC:[4643f420-93ac-440e-9ff8-b18e3725af30:172.17.0.2:37847, fef4f3eb-2317-4a6e-9fa9-10ddde637f69:172.17.0.2:46033, 3c9a8f13-2dee-4465-b0d1-5fd371c2d59b:172.17.0.2:33137] with ContainerStateMachine:uninitialized
2020-06-26 10:47:30,089 [pool-63-thread-1] INFO  server.RaftServerConfigKeys (ConfUtils.java:logGet(44)) - raft.server.rpc.timeout.min = 5s (custom)
2020-06-26 10:47:30,089 [pool-63-thread-1] INFO  server.RaftServerConfigKeys (ConfUtils.java:logGet(44)) - raft.server.rpc.timeout.max = 5200ms (custom)
2020-06-26 10:47:30,089 [pool-63-thread-1] INFO  server.RaftServerConfigKeys (ConfUtils.java:logGet(44)) - raft.server.rpcslowness.timeout = 1000s (custom)
2020-06-26 10:47:30,089 [pool-63-thread-1] INFO  server.RaftServerConfigKeys (ConfUtils.java:logGet(44)) - raft.server.sleep.deviation.threshold = 300 (default)
2020-06-26 10:47:30,089 [pool-63-thread-1] INFO  server.RaftServerConfigKeys (ConfUtils.java:logGet(44)) - raft.server.log.appender.install.snapshot.enabled = false (custom)
2020-06-26 10:47:30,090 [pool-63-thread-1] INFO  impl.RaftServerImpl (ServerState.java:<init>(103)) - fef4f3eb-2317-4a6e-9fa9-10ddde637f69@group-A5C2D2EB64AC: ConfigurationManager, init=-1: [4643f420-93ac-440e-9ff8-b18e3725af30:172.17.0.2:37847, fef4f3eb-2317-4a6e-9fa9-10ddde637f69:172.17.0.2:46033, 3c9a8f13-2dee-4465-b0d1-5fd371c2d59b:172.17.0.2:33137], old=null, confs=<EMPTY_MAP>
2020-06-26 10:47:30,090 [pool-63-thread-1] INFO  server.RaftServerConfigKeys (ConfUtils.java:logGet(44)) - raft.server.storage.dir = [/github/workspace/mnt/ozone/hadoop-ozone/integration-test/target/test-dir/MiniOzoneClusterImpl-879ab4df-a1ff-473f-a6f4-02a98a4eae46/datanode-2/data/ratis] (custom)
2020-06-26 10:47:30,090 [pool-63-thread-1] INFO  server.RaftServerConfigKeys (ConfUtils.java:logGet(44)) - raft.server.log.corruption.policy = EXCEPTION (default)
2020-06-26 10:47:30,090 [pool-63-thread-1] INFO  storage.RaftStorageDirectory (RaftStorageDirectory.java:analyzeStorage(261)) - The storage directory /github/workspace/mnt/ozone/hadoop-ozone/integration-test/target/test-dir/MiniOzoneClusterImpl-879ab4df-a1ff-473f-a6f4-02a98a4eae46/datanode-2/data/ratis/61b745c7-211e-44fb-95cb-a5c2d2eb64ac does not exist. Creating ...
2020-06-26 10:47:30,092 [pool-63-thread-1] INFO  storage.RaftStorageDirectory (RaftStorageDirectory.java:tryLock(343)) - Lock on /github/workspace/mnt/ozone/hadoop-ozone/integration-test/target/test-dir/MiniOzoneClusterImpl-879ab4df-a1ff-473f-a6f4-02a98a4eae46/datanode-2/data/ratis/61b745c7-211e-44fb-95cb-a5c2d2eb64ac/in_use.lock acquired by nodename 15538@211fa11b6f09
2020-06-26 10:47:30,093 [pool-63-thread-1] INFO  storage.RaftStorage (RaftStorage.java:format(84)) - Storage directory /github/workspace/mnt/ozone/hadoop-ozone/integration-test/target/test-dir/MiniOzoneClusterImpl-879ab4df-a1ff-473f-a6f4-02a98a4eae46/datanode-2/data/ratis/61b745c7-211e-44fb-95cb-a5c2d2eb64ac has been successfully formatted.
2020-06-26 10:47:30,093 [pool-63-thread-1] INFO  ratis.ContainerStateMachine (ContainerStateMachine.java:loadSnapshot(226)) - group-A5C2D2EB64AC: The snapshot info is null. Setting the last applied indexto:(t:0, i:~)
2020-06-26 10:47:30,093 [pool-63-thread-1] INFO  server.RaftServerConfigKeys (ConfUtils.java:logGet(44)) - raft.server.notification.no-leader.timeout = 60s (default)
2020-06-26 10:47:30,094 [pool-63-thread-1] INFO  server.RaftServerConfigKeys (ConfUtils.java:logGet(44)) - raft.server.log.use.memory = false (default)
2020-06-26 10:47:30,094 [pool-63-thread-1] INFO  server.RaftServerConfigKeys (ConfUtils.java:logGet(44)) - raft.server.log.purge.gap = 1000000 (custom)
2020-06-26 10:47:30,094 [pool-63-thread-1] INFO  server.RaftServerConfigKeys (ConfUtils.java:logGet(44)) - raft.server.log.appender.buffer.byte-limit = 33554432 (custom)
2020-06-26 10:47:30,094 [pool-63-thread-1] INFO  server.RaftServerConfigKeys (ConfUtils.java:logGet(44)) - raft.server.log.segment.size.max = 1048576 (custom)
2020-06-26 10:47:30,094 [pool-63-thread-1] INFO  metrics.RatisMetrics (RatisMetrics.java:lambda$create$0(36)) - Creating Metrics Registry : ratis.log_worker.fef4f3eb-2317-4a6e-9fa9-10ddde637f69@group-A5C2D2EB64AC
2020-06-26 10:47:30,094 [pool-63-thread-1] INFO  server.RaftServerConfigKeys (ConfUtils.java:logGet(44)) - raft.server.log.segment.cache.num.max = 2 (custom)
2020-06-26 10:47:30,094 [pool-63-thread-1] INFO  segmented.SegmentedRaftLogWorker (SegmentedRaftLogWorker.java:<init>(180)) - new fef4f3eb-2317-4a6e-9fa9-10ddde637f69@group-A5C2D2EB64AC-SegmentedRaftLogWorker for RaftStorage:Storage Directory /github/workspace/mnt/ozone/hadoop-ozone/integration-test/target/test-dir/MiniOzoneClusterImpl-879ab4df-a1ff-473f-a6f4-02a98a4eae46/datanode-2/data/ratis/61b745c7-211e-44fb-95cb-a5c2d2eb64ac
2020-06-26 10:47:30,094 [pool-63-thread-1] INFO  server.RaftServerConfigKeys (ConfUtils.java:logGet(44)) - raft.server.log.queue.byte-limit = 2147483647 (custom)
2020-06-26 10:47:30,094 [pool-63-thread-1] INFO  server.RaftServerConfigKeys (ConfUtils.java:logGet(44)) - raft.server.log.queue.element-limit = 1024 (custom)
2020-06-26 10:47:30,095 [pool-63-thread-1] INFO  server.RaftServerConfigKeys (ConfUtils.java:logGet(44)) - raft.server.log.segment.size.max = 1048576 (custom)
2020-06-26 10:47:30,095 [pool-63-thread-1] INFO  server.RaftServerConfigKeys (ConfUtils.java:logGet(44)) - raft.server.log.preallocated.size = 16384 (custom)
2020-06-26 10:47:30,095 [pool-63-thread-1] INFO  server.RaftServerConfigKeys (ConfUtils.java:logGet(44)) - raft.server.log.write.buffer.size = 1048576 (custom)
2020-06-26 10:47:30,095 [pool-63-thread-1] INFO  server.RaftServerConfigKeys (ConfUtils.java:logGet(44)) - raft.server.log.force.sync.num = 128 (default)
2020-06-26 10:47:30,095 [pool-63-thread-1] INFO  server.RaftServerConfigKeys (ConfUtils.java:logGet(44)) - raft.server.log.statemachine.data.sync = true (default)
2020-06-26 10:47:30,095 [pool-63-thread-1] INFO  server.RaftServerConfigKeys (ConfUtils.java:logGet(44)) - raft.server.log.statemachine.data.sync.timeout = 10s (default)
2020-06-26 10:47:30,096 [pool-63-thread-1] INFO  server.RaftServerConfigKeys (ConfUtils.java:logGet(44)) - raft.server.log.statemachine.data.sync.timeout.retry = -1 (default)
2020-06-26 10:47:30,097 [pool-63-thread-1] INFO  server.RaftServerConfigKeys (ConfUtils.java:logGet(44)) - raft.server.log.statemachine.data.caching.enabled = true (custom)
2020-06-26 10:47:30,098 [pool-63-thread-1] INFO  segmented.SegmentedRaftLogWorker (SegmentedRaftLogWorker.java:lambda$new$0(129)) - fef4f3eb-2317-4a6e-9fa9-10ddde637f69@group-A5C2D2EB64AC-SegmentedRaftLogWorker: flushIndex: setUnconditionally 0 -> -1
2020-06-26 10:47:30,098 [pool-63-thread-1] INFO  segmented.SegmentedRaftLogWorker (SegmentedRaftLogWorker.java:lambda$new$0(129)) - fef4f3eb-2317-4a6e-9fa9-10ddde637f69@group-A5C2D2EB64AC-SegmentedRaftLogWorker: safeCacheEvictIndex: setUnconditionally 0 -> -1
2020-06-26 10:47:30,110 [pool-63-thread-1] INFO  server.RaftServerConfigKeys (ConfUtils.java:logGet(44)) - raft.server.snapshot.auto.trigger.enabled = true (custom)
2020-06-26 10:47:30,110 [pool-63-thread-1] INFO  server.RaftServerConfigKeys (ConfUtils.java:logGet(44)) - raft.server.snapshot.auto.trigger.threshold = 10000 (custom)
2020-06-26 10:47:30,113 [pool-63-thread-1] INFO  server.RaftServerConfigKeys (ConfUtils.java:logGet(44)) - raft.server.snapshot.retention.file.num = 5 (custom)
2020-06-26 10:47:30,113 [pool-63-thread-1] INFO  server.RaftServerConfigKeys (ConfUtils.java:logGet(44)) - raft.server.log.purge.upto.snapshot.index = false (default)
2020-06-26 10:47:30,114 [pool-63-thread-1] INFO  server.RaftServerConfigKeys (ConfUtils.java:logGet(44)) - raft.server.retrycache.expirytime = 600000ms (custom)
2020-06-26 10:47:30,114 [pool-63-thread-1] INFO  metrics.RatisMetrics (RatisMetrics.java:lambda$create$0(36)) - Creating Metrics Registry : ratis.leader_election.fef4f3eb-2317-4a6e-9fa9-10ddde637f69@group-A5C2D2EB64AC
2020-06-26 10:47:30,114 [pool-63-thread-1] INFO  metrics.RatisMetrics (RatisMetrics.java:lambda$create$0(36)) - Creating Metrics Registry : ratis.server.fef4f3eb-2317-4a6e-9fa9-10ddde637f69@group-A5C2D2EB64AC
2020-06-26 10:47:30,121 [pool-63-thread-1] INFO  impl.RaftServerImpl (RaftServerImpl.java:start(186)) - fef4f3eb-2317-4a6e-9fa9-10ddde637f69@group-A5C2D2EB64AC: start as a follower, conf=-1: [4643f420-93ac-440e-9ff8-b18e3725af30:172.17.0.2:37847, fef4f3eb-2317-4a6e-9fa9-10ddde637f69:172.17.0.2:46033, 3c9a8f13-2dee-4465-b0d1-5fd371c2d59b:172.17.0.2:33137], old=null
2020-06-26 10:47:30,121 [pool-63-thread-1] INFO  impl.RaftServerImpl (RaftServerImpl.java:setRole(175)) - fef4f3eb-2317-4a6e-9fa9-10ddde637f69@group-A5C2D2EB64AC: changes role from      null to FOLLOWER at term 0 for startAsFollower
2020-06-26 10:47:30,121 [pool-63-thread-1] INFO  impl.RoleInfo (RoleInfo.java:updateAndGet(143)) - fef4f3eb-2317-4a6e-9fa9-10ddde637f69: start FollowerState
2020-06-26 10:47:30,122 [pool-63-thread-1] INFO  util.JmxRegister (JmxRegister.java:tryRegister(44)) - Successfully registered JMX Bean with object name Ratis:service=RaftServer,group=group-A5C2D2EB64AC,id=fef4f3eb-2317-4a6e-9fa9-10ddde637f69
2020-06-26 10:47:30,122 [pool-63-thread-1] INFO  metrics.RatisMetrics (RatisMetrics.java:lambda$create$0(36)) - Creating Metrics Registry : ratis.state_machine.fef4f3eb-2317-4a6e-9fa9-10ddde637f69@group-A5C2D2EB64AC
2020-06-26 10:47:30,772 [Command processor thread] INFO  commandhandler.CreatePipelineCommandHandler (CreatePipelineCommandHandler.java:handle(109)) - Created Pipeline RATIS THREE #id: "61b745c7-211e-44fb-95cb-a5c2d2eb64ac"
.
2020-06-26 10:47:30,778 [Command processor thread] INFO  commandhandler.CreatePipelineCommandHandler (CreatePipelineCommandHandler.java:handle(109)) - Created Pipeline RATIS THREE #id: "61b745c7-211e-44fb-95cb-a5c2d2eb64ac"
.
2020-06-26 10:47:30,783 [Command processor thread] INFO  commandhandler.CreatePipelineCommandHandler (CreatePipelineCommandHandler.java:handle(109)) - Created Pipeline RATIS THREE #id: "61b745c7-211e-44fb-95cb-a5c2d2eb64ac"
.
2020-06-26 10:47:30,936 [Listener at 127.0.0.1/33973] INFO  ozone.MiniOzoneClusterImpl (MiniOzoneClusterImpl.java:lambda$waitForClusterToBeReady$0(177)) - Nodes are ready. Got 3 of 3 DN Heartbeats.
2020-06-26 10:47:30,936 [Listener at 127.0.0.1/33973] INFO  ozone.MiniOzoneClusterImpl (MiniOzoneClusterImpl.java:lambda$waitForClusterToBeReady$0(180)) - Waiting for cluster to exit safe mode
2020-06-26 10:47:31,937 [Listener at 127.0.0.1/33973] INFO  ozone.MiniOzoneClusterImpl (MiniOzoneClusterImpl.java:lambda$waitForClusterToBeReady$0(177)) - Nodes are ready. Got 3 of 3 DN Heartbeats.
2020-06-26 10:47:31,937 [Listener at 127.0.0.1/33973] INFO  ozone.MiniOzoneClusterImpl (MiniOzoneClusterImpl.java:lambda$waitForClusterToBeReady$0(180)) - Waiting for cluster to exit safe mode
2020-06-26 10:47:32,937 [Listener at 127.0.0.1/33973] INFO  ozone.MiniOzoneClusterImpl (MiniOzoneClusterImpl.java:lambda$waitForClusterToBeReady$0(177)) - Nodes are ready. Got 3 of 3 DN Heartbeats.
2020-06-26 10:47:32,938 [Listener at 127.0.0.1/33973] INFO  ozone.MiniOzoneClusterImpl (MiniOzoneClusterImpl.java:lambda$waitForClusterToBeReady$0(180)) - Waiting for cluster to exit safe mode
2020-06-26 10:47:33,938 [Listener at 127.0.0.1/33973] INFO  ozone.MiniOzoneClusterImpl (MiniOzoneClusterImpl.java:lambda$waitForClusterToBeReady$0(177)) - Nodes are ready. Got 3 of 3 DN Heartbeats.
2020-06-26 10:47:33,938 [Listener at 127.0.0.1/33973] INFO  ozone.MiniOzoneClusterImpl (MiniOzoneClusterImpl.java:lambda$waitForClusterToBeReady$0(180)) - Waiting for cluster to exit safe mode
2020-06-26 10:47:34,939 [Listener at 127.0.0.1/33973] INFO  ozone.MiniOzoneClusterImpl (MiniOzoneClusterImpl.java:lambda$waitForClusterToBeReady$0(177)) - Nodes are ready. Got 3 of 3 DN Heartbeats.
2020-06-26 10:47:34,939 [Listener at 127.0.0.1/33973] INFO  ozone.MiniOzoneClusterImpl (MiniOzoneClusterImpl.java:lambda$waitForClusterToBeReady$0(180)) - Waiting for cluster to exit safe mode
2020-06-26 10:47:35,035 [Thread-191] INFO  impl.FollowerState (FollowerState.java:run(108)) - 3c9a8f13-2dee-4465-b0d1-5fd371c2d59b@group-351AC3AFB03D-FollowerState: change to CANDIDATE, lastRpcTime:5141ms, electionTimeout:5135ms
2020-06-26 10:47:35,037 [Thread-191] INFO  impl.RoleInfo (RoleInfo.java:shutdownFollowerState(121)) - 3c9a8f13-2dee-4465-b0d1-5fd371c2d59b: shutdown FollowerState
2020-06-26 10:47:35,037 [Thread-191] INFO  impl.RaftServerImpl (RaftServerImpl.java:setRole(175)) - 3c9a8f13-2dee-4465-b0d1-5fd371c2d59b@group-351AC3AFB03D: changes role from  FOLLOWER to CANDIDATE at term 0 for changeToCandidate
2020-06-26 10:47:35,039 [Thread-191] INFO  impl.RoleInfo (RoleInfo.java:updateAndGet(143)) - 3c9a8f13-2dee-4465-b0d1-5fd371c2d59b: start LeaderElection
2020-06-26 10:47:35,042 [Thread-194] INFO  impl.FollowerState (FollowerState.java:run(108)) - 4643f420-93ac-440e-9ff8-b18e3725af30@group-A7D11E7BC80F-FollowerState: change to CANDIDATE, lastRpcTime:5090ms, electionTimeout:5071ms
2020-06-26 10:47:35,042 [Thread-194] INFO  impl.RoleInfo (RoleInfo.java:shutdownFollowerState(121)) - 4643f420-93ac-440e-9ff8-b18e3725af30: shutdown FollowerState
2020-06-26 10:47:35,042 [Thread-194] INFO  impl.RaftServerImpl (RaftServerImpl.java:setRole(175)) - 4643f420-93ac-440e-9ff8-b18e3725af30@group-A7D11E7BC80F: changes role from  FOLLOWER to CANDIDATE at term 0 for changeToCandidate
2020-06-26 10:47:35,042 [Thread-194] INFO  impl.RoleInfo (RoleInfo.java:updateAndGet(143)) - 4643f420-93ac-440e-9ff8-b18e3725af30: start LeaderElection
2020-06-26 10:47:35,044 [3c9a8f13-2dee-4465-b0d1-5fd371c2d59b@group-351AC3AFB03D-LeaderElection1] INFO  impl.LeaderElection (LeaderElection.java:askForVotes(206)) - 3c9a8f13-2dee-4465-b0d1-5fd371c2d59b@group-351AC3AFB03D-LeaderElection1: begin an election at term 1 for -1: [3c9a8f13-2dee-4465-b0d1-5fd371c2d59b:172.17.0.2:33137], old=null
2020-06-26 10:47:35,045 [4643f420-93ac-440e-9ff8-b18e3725af30@group-A7D11E7BC80F-LeaderElection2] INFO  impl.LeaderElection (LeaderElection.java:askForVotes(206)) - 4643f420-93ac-440e-9ff8-b18e3725af30@group-A7D11E7BC80F-LeaderElection2: begin an election at term 1 for -1: [4643f420-93ac-440e-9ff8-b18e3725af30:172.17.0.2:37847], old=null
2020-06-26 10:47:35,046 [3c9a8f13-2dee-4465-b0d1-5fd371c2d59b@group-351AC3AFB03D-LeaderElection1] INFO  impl.RoleInfo (RoleInfo.java:shutdownLeaderElection(134)) - 3c9a8f13-2dee-4465-b0d1-5fd371c2d59b: shutdown LeaderElection
2020-06-26 10:47:35,046 [4643f420-93ac-440e-9ff8-b18e3725af30@group-A7D11E7BC80F-LeaderElection2] INFO  impl.RoleInfo (RoleInfo.java:shutdownLeaderElection(134)) - 4643f420-93ac-440e-9ff8-b18e3725af30: shutdown LeaderElection
2020-06-26 10:47:35,047 [4643f420-93ac-440e-9ff8-b18e3725af30@group-A7D11E7BC80F-LeaderElection2] INFO  impl.RaftServerImpl (RaftServerImpl.java:setRole(175)) - 4643f420-93ac-440e-9ff8-b18e3725af30@group-A7D11E7BC80F: changes role from CANDIDATE to LEADER at term 1 for changeToLeader
2020-06-26 10:47:35,047 [4643f420-93ac-440e-9ff8-b18e3725af30@group-A7D11E7BC80F-LeaderElection2] INFO  ratis.XceiverServerRatis (XceiverServerRatis.java:handleLeaderChangedNotification(762)) - Leader change notification received for group: group-A7D11E7BC80F with new leaderId: 4643f420-93ac-440e-9ff8-b18e3725af30
2020-06-26 10:47:35,047 [4643f420-93ac-440e-9ff8-b18e3725af30@group-A7D11E7BC80F-LeaderElection2] INFO  impl.RaftServerImpl (ServerState.java:setLeader(255)) - 4643f420-93ac-440e-9ff8-b18e3725af30@group-A7D11E7BC80F: change Leader from null to 4643f420-93ac-440e-9ff8-b18e3725af30 at term 1 for becomeLeader, leader elected after 5116ms
2020-06-26 10:47:35,048 [3c9a8f13-2dee-4465-b0d1-5fd371c2d59b@group-351AC3AFB03D-LeaderElection1] INFO  impl.RaftServerImpl (RaftServerImpl.java:setRole(175)) - 3c9a8f13-2dee-4465-b0d1-5fd371c2d59b@group-351AC3AFB03D: changes role from CANDIDATE to LEADER at term 1 for changeToLeader
2020-06-26 10:47:35,048 [3c9a8f13-2dee-4465-b0d1-5fd371c2d59b@group-351AC3AFB03D-LeaderElection1] INFO  ratis.XceiverServerRatis (XceiverServerRatis.java:handleLeaderChangedNotification(762)) - Leader change notification received for group: group-351AC3AFB03D with new leaderId: 3c9a8f13-2dee-4465-b0d1-5fd371c2d59b
2020-06-26 10:47:35,049 [3c9a8f13-2dee-4465-b0d1-5fd371c2d59b@group-351AC3AFB03D-LeaderElection1] INFO  impl.RaftServerImpl (ServerState.java:setLeader(255)) - 3c9a8f13-2dee-4465-b0d1-5fd371c2d59b@group-351AC3AFB03D: change Leader from null to 3c9a8f13-2dee-4465-b0d1-5fd371c2d59b at term 1 for becomeLeader, leader elected after 5261ms
2020-06-26 10:47:35,053 [4643f420-93ac-440e-9ff8-b18e3725af30@group-A7D11E7BC80F-LeaderElection2] INFO  server.RaftServerConfigKeys (ConfUtils.java:logGet(44)) - raft.server.staging.catchup.gap = 1000 (default)
2020-06-26 10:47:35,053 [4643f420-93ac-440e-9ff8-b18e3725af30@group-A7D11E7BC80F-LeaderElection2] INFO  server.RaftServerConfigKeys (ConfUtils.java:logGet(44)) - raft.server.rpc.sleep.time = 25ms (default)
2020-06-26 10:47:35,055 [4643f420-93ac-440e-9ff8-b18e3725af30@group-A7D11E7BC80F-LeaderElection2] INFO  metrics.RatisMetrics (RatisMetrics.java:lambda$create$0(36)) - Creating Metrics Registry : ratis.log_appender.4643f420-93ac-440e-9ff8-b18e3725af30@group-A7D11E7BC80F
2020-06-26 10:47:35,058 [3c9a8f13-2dee-4465-b0d1-5fd371c2d59b@group-351AC3AFB03D-LeaderElection1] INFO  server.RaftServerConfigKeys (ConfUtils.java:logGet(44)) - raft.server.staging.catchup.gap = 1000 (default)
2020-06-26 10:47:35,058 [3c9a8f13-2dee-4465-b0d1-5fd371c2d59b@group-351AC3AFB03D-LeaderElection1] INFO  server.RaftServerConfigKeys (ConfUtils.java:logGet(44)) - raft.server.rpc.sleep.time = 25ms (default)
2020-06-26 10:47:35,058 [4643f420-93ac-440e-9ff8-b18e3725af30@group-A7D11E7BC80F-LeaderElection2] INFO  server.RaftServerConfigKeys (ConfUtils.java:logGet(44)) - raft.server.write.element-limit = 1024 (custom)
2020-06-26 10:47:35,058 [4643f420-93ac-440e-9ff8-b18e3725af30@group-A7D11E7BC80F-LeaderElection2] INFO  server.RaftServerConfigKeys (ConfUtils.java:logGet(44)) - raft.server.write.byte-limit = 1073741824 (custom)
2020-06-26 10:47:35,058 [3c9a8f13-2dee-4465-b0d1-5fd371c2d59b@group-351AC3AFB03D-LeaderElection1] INFO  metrics.RatisMetrics (RatisMetrics.java:lambda$create$0(36)) - Creating Metrics Registry : ratis.log_appender.3c9a8f13-2dee-4465-b0d1-5fd371c2d59b@group-351AC3AFB03D
2020-06-26 10:47:35,064 [4643f420-93ac-440e-9ff8-b18e3725af30@group-A7D11E7BC80F-LeaderElection2] INFO  server.RaftServerConfigKeys (ConfUtils.java:logGet(44)) - raft.server.watch.timeout = 3s (custom)
2020-06-26 10:47:35,068 [3c9a8f13-2dee-4465-b0d1-5fd371c2d59b@group-351AC3AFB03D-LeaderElection1] INFO  server.RaftServerConfigKeys (ConfUtils.java:logGet(44)) - raft.server.write.element-limit = 1024 (custom)
2020-06-26 10:47:35,068 [4643f420-93ac-440e-9ff8-b18e3725af30@group-A7D11E7BC80F-LeaderElection2] INFO  server.RaftServerConfigKeys (ConfUtils.java:logGet(44)) - raft.server.watch.timeout.denomination = 1s (default)
2020-06-26 10:47:35,068 [3c9a8f13-2dee-4465-b0d1-5fd371c2d59b@group-351AC3AFB03D-LeaderElection1] INFO  server.RaftServerConfigKeys (ConfUtils.java:logGet(44)) - raft.server.write.byte-limit = 1073741824 (custom)
2020-06-26 10:47:35,069 [4643f420-93ac-440e-9ff8-b18e3725af30@group-A7D11E7BC80F-LeaderElection2] INFO  server.RaftServerConfigKeys (ConfUtils.java:logGet(44)) - raft.server.watch.element-limit = 65536 (default)
2020-06-26 10:47:35,070 [3c9a8f13-2dee-4465-b0d1-5fd371c2d59b@group-351AC3AFB03D-LeaderElection1] INFO  server.RaftServerConfigKeys (ConfUtils.java:logGet(44)) - raft.server.watch.timeout = 3s (custom)
2020-06-26 10:47:35,072 [3c9a8f13-2dee-4465-b0d1-5fd371c2d59b@group-351AC3AFB03D-LeaderElection1] INFO  server.RaftServerConfigKeys (ConfUtils.java:logGet(44)) - raft.server.watch.timeout.denomination = 1s (default)
2020-06-26 10:47:35,072 [3c9a8f13-2dee-4465-b0d1-5fd371c2d59b@group-351AC3AFB03D-LeaderElection1] INFO  server.RaftServerConfigKeys (ConfUtils.java:logGet(44)) - raft.server.watch.element-limit = 65536 (default)
2020-06-26 10:47:35,075 [Thread-200] INFO  impl.FollowerState (FollowerState.java:run(108)) - 4643f420-93ac-440e-9ff8-b18e3725af30@group-A5C2D2EB64AC-FollowerState: change to CANDIDATE, lastRpcTime:5032ms, electionTimeout:5022ms
2020-06-26 10:47:35,075 [Thread-200] INFO  impl.RoleInfo (RoleInfo.java:shutdownFollowerState(121)) - 4643f420-93ac-440e-9ff8-b18e3725af30: shutdown FollowerState
2020-06-26 10:47:35,075 [Thread-200] INFO  impl.RaftServerImpl (RaftServerImpl.java:setRole(175)) - 4643f420-93ac-440e-9ff8-b18e3725af30@group-A5C2D2EB64AC: changes role from  FOLLOWER to CANDIDATE at term 0 for changeToCandidate
2020-06-26 10:47:35,076 [Thread-200] INFO  impl.RoleInfo (RoleInfo.java:updateAndGet(143)) - 4643f420-93ac-440e-9ff8-b18e3725af30: start LeaderElection
2020-06-26 10:47:35,085 [4643f420-93ac-440e-9ff8-b18e3725af30@group-A7D11E7BC80F-LeaderElection2] INFO  impl.RoleInfo (RoleInfo.java:updateAndGet(143)) - 4643f420-93ac-440e-9ff8-b18e3725af30: start LeaderState
2020-06-26 10:47:35,086 [3c9a8f13-2dee-4465-b0d1-5fd371c2d59b@group-351AC3AFB03D-LeaderElection1] INFO  impl.RoleInfo (RoleInfo.java:updateAndGet(143)) - 3c9a8f13-2dee-4465-b0d1-5fd371c2d59b: start LeaderState
2020-06-26 10:47:35,088 [4643f420-93ac-440e-9ff8-b18e3725af30@group-A5C2D2EB64AC-LeaderElection3] INFO  impl.LeaderElection (LeaderElection.java:askForVotes(206)) - 4643f420-93ac-440e-9ff8-b18e3725af30@group-A5C2D2EB64AC-LeaderElection3: begin an election at term 1 for -1: [4643f420-93ac-440e-9ff8-b18e3725af30:172.17.0.2:37847, fef4f3eb-2317-4a6e-9fa9-10ddde637f69:172.17.0.2:46033, 3c9a8f13-2dee-4465-b0d1-5fd371c2d59b:172.17.0.2:33137], old=null
2020-06-26 10:47:35,114 [Thread-201] INFO  impl.FollowerState (FollowerState.java:run(108)) - fef4f3eb-2317-4a6e-9fa9-10ddde637f69@group-612A958D7EFB-FollowerState: change to CANDIDATE, lastRpcTime:5052ms, electionTimeout:5032ms
2020-06-26 10:47:35,114 [Thread-201] INFO  impl.RoleInfo (RoleInfo.java:shutdownFollowerState(121)) - fef4f3eb-2317-4a6e-9fa9-10ddde637f69: shutdown FollowerState
2020-06-26 10:47:35,114 [Thread-201] INFO  impl.RaftServerImpl (RaftServerImpl.java:setRole(175)) - fef4f3eb-2317-4a6e-9fa9-10ddde637f69@group-612A958D7EFB: changes role from  FOLLOWER to CANDIDATE at term 0 for changeToCandidate
2020-06-26 10:47:35,119 [Thread-201] INFO  impl.RoleInfo (RoleInfo.java:updateAndGet(143)) - fef4f3eb-2317-4a6e-9fa9-10ddde637f69: start LeaderElection
2020-06-26 10:47:35,121 [3c9a8f13-2dee-4465-b0d1-5fd371c2d59b@group-351AC3AFB03D-LeaderElection1] INFO  segmented.SegmentedRaftLogWorker (SegmentedRaftLogWorker.java:startLogSegment(397)) - 3c9a8f13-2dee-4465-b0d1-5fd371c2d59b@group-351AC3AFB03D-SegmentedRaftLogWorker: Starting segment from index:0
2020-06-26 10:47:35,122 [4643f420-93ac-440e-9ff8-b18e3725af30@group-A7D11E7BC80F-LeaderElection2] INFO  segmented.SegmentedRaftLogWorker (SegmentedRaftLogWorker.java:startLogSegment(397)) - 4643f420-93ac-440e-9ff8-b18e3725af30@group-A7D11E7BC80F-SegmentedRaftLogWorker: Starting segment from index:0
2020-06-26 10:47:35,138 [4643f420-93ac-440e-9ff8-b18e3725af30@group-A7D11E7BC80F-LeaderElection2] INFO  impl.RaftServerImpl (ServerState.java:setRaftConf(356)) - 4643f420-93ac-440e-9ff8-b18e3725af30@group-A7D11E7BC80F: set configuration 0: [4643f420-93ac-440e-9ff8-b18e3725af30:172.17.0.2:37847], old=null at 0
2020-06-26 10:47:35,144 [3c9a8f13-2dee-4465-b0d1-5fd371c2d59b@group-351AC3AFB03D-LeaderElection1] INFO  impl.RaftServerImpl (ServerState.java:setRaftConf(356)) - 3c9a8f13-2dee-4465-b0d1-5fd371c2d59b@group-351AC3AFB03D: set configuration 0: [3c9a8f13-2dee-4465-b0d1-5fd371c2d59b:172.17.0.2:33137], old=null at 0
2020-06-26 10:47:35,152 [fef4f3eb-2317-4a6e-9fa9-10ddde637f69@group-612A958D7EFB-LeaderElection4] INFO  impl.LeaderElection (LeaderElection.java:askForVotes(206)) - fef4f3eb-2317-4a6e-9fa9-10ddde637f69@group-612A958D7EFB-LeaderElection4: begin an election at term 1 for -1: [fef4f3eb-2317-4a6e-9fa9-10ddde637f69:172.17.0.2:46033], old=null
2020-06-26 10:47:35,152 [fef4f3eb-2317-4a6e-9fa9-10ddde637f69@group-612A958D7EFB-LeaderElection4] INFO  impl.RoleInfo (RoleInfo.java:shutdownLeaderElection(134)) - fef4f3eb-2317-4a6e-9fa9-10ddde637f69: shutdown LeaderElection
2020-06-26 10:47:35,152 [fef4f3eb-2317-4a6e-9fa9-10ddde637f69@group-612A958D7EFB-LeaderElection4] INFO  impl.RaftServerImpl (RaftServerImpl.java:setRole(175)) - fef4f3eb-2317-4a6e-9fa9-10ddde637f69@group-612A958D7EFB: changes role from CANDIDATE to LEADER at term 1 for changeToLeader
2020-06-26 10:47:35,152 [fef4f3eb-2317-4a6e-9fa9-10ddde637f69@group-612A958D7EFB-LeaderElection4] INFO  ratis.XceiverServerRatis (XceiverServerRatis.java:handleLeaderChangedNotification(762)) - Leader change notification received for group: group-612A958D7EFB with new leaderId: fef4f3eb-2317-4a6e-9fa9-10ddde637f69
2020-06-26 10:47:35,155 [fef4f3eb-2317-4a6e-9fa9-10ddde637f69@group-612A958D7EFB-LeaderElection4] INFO  impl.RaftServerImpl (ServerState.java:setLeader(255)) - fef4f3eb-2317-4a6e-9fa9-10ddde637f69@group-612A958D7EFB: change Leader from null to fef4f3eb-2317-4a6e-9fa9-10ddde637f69 at term 1 for becomeLeader, leader elected after 5155ms
2020-06-26 10:47:35,155 [fef4f3eb-2317-4a6e-9fa9-10ddde637f69@group-612A958D7EFB-LeaderElection4] INFO  server.RaftServerConfigKeys (ConfUtils.java:logGet(44)) - raft.server.staging.catchup.gap = 1000 (default)
2020-06-26 10:47:35,155 [fef4f3eb-2317-4a6e-9fa9-10ddde637f69@group-612A958D7EFB-LeaderElection4] INFO  server.RaftServerConfigKeys (ConfUtils.java:logGet(44)) - raft.server.rpc.sleep.time = 25ms (default)
2020-06-26 10:47:35,155 [fef4f3eb-2317-4a6e-9fa9-10ddde637f69@group-612A958D7EFB-LeaderElection4] INFO  metrics.RatisMetrics (RatisMetrics.java:lambda$create$0(36)) - Creating Metrics Registry : ratis.log_appender.fef4f3eb-2317-4a6e-9fa9-10ddde637f69@group-612A958D7EFB
2020-06-26 10:47:35,156 [fef4f3eb-2317-4a6e-9fa9-10ddde637f69@group-612A958D7EFB-LeaderElection4] INFO  server.RaftServerConfigKeys (ConfUtils.java:logGet(44)) - raft.server.write.element-limit = 1024 (custom)
2020-06-26 10:47:35,156 [fef4f3eb-2317-4a6e-9fa9-10ddde637f69@group-612A958D7EFB-LeaderElection4] INFO  server.RaftServerConfigKeys (ConfUtils.java:logGet(44)) - raft.server.write.byte-limit = 1073741824 (custom)
2020-06-26 10:47:35,156 [fef4f3eb-2317-4a6e-9fa9-10ddde637f69@group-612A958D7EFB-LeaderElection4] INFO  server.RaftServerConfigKeys (ConfUtils.java:logGet(44)) - raft.server.watch.timeout = 3s (custom)
2020-06-26 10:47:35,156 [fef4f3eb-2317-4a6e-9fa9-10ddde637f69@group-612A958D7EFB-LeaderElection4] INFO  server.RaftServerConfigKeys (ConfUtils.java:logGet(44)) - raft.server.watch.timeout.denomination = 1s (default)
2020-06-26 10:47:35,156 [fef4f3eb-2317-4a6e-9fa9-10ddde637f69@group-612A958D7EFB-LeaderElection4] INFO  server.RaftServerConfigKeys (ConfUtils.java:logGet(44)) - raft.server.watch.element-limit = 65536 (default)
2020-06-26 10:47:35,156 [fef4f3eb-2317-4a6e-9fa9-10ddde637f69@group-612A958D7EFB-LeaderElection4] INFO  impl.RoleInfo (RoleInfo.java:updateAndGet(143)) - fef4f3eb-2317-4a6e-9fa9-10ddde637f69: start LeaderState
2020-06-26 10:47:35,157 [fef4f3eb-2317-4a6e-9fa9-10ddde637f69@group-612A958D7EFB-LeaderElection4] INFO  segmented.SegmentedRaftLogWorker (SegmentedRaftLogWorker.java:startLogSegment(397)) - fef4f3eb-2317-4a6e-9fa9-10ddde637f69@group-612A958D7EFB-SegmentedRaftLogWorker: Starting segment from index:0
2020-06-26 10:47:35,161 [fef4f3eb-2317-4a6e-9fa9-10ddde637f69@group-612A958D7EFB-LeaderElection4] INFO  impl.RaftServerImpl (ServerState.java:setRaftConf(356)) - fef4f3eb-2317-4a6e-9fa9-10ddde637f69@group-612A958D7EFB: set configuration 0: [fef4f3eb-2317-4a6e-9fa9-10ddde637f69:172.17.0.2:46033], old=null at 0
2020-06-26 10:47:35,180 [grpc-default-executor-0] DEBUG impl.RaftServerImpl (RaftServerImpl.java:requestVote(821)) - 3c9a8f13-2dee-4465-b0d1-5fd371c2d59b@group-A5C2D2EB64AC: receive requestVote(4643f420-93ac-440e-9ff8-b18e3725af30, group-A5C2D2EB64AC, 1, (t:0, i:0))
2020-06-26 10:47:35,180 [grpc-default-executor-2] DEBUG impl.RaftServerImpl (RaftServerImpl.java:requestVote(821)) - fef4f3eb-2317-4a6e-9fa9-10ddde637f69@group-A5C2D2EB64AC: receive requestVote(4643f420-93ac-440e-9ff8-b18e3725af30, group-A5C2D2EB64AC, 1, (t:0, i:0))
2020-06-26 10:47:35,181 [Thread-199] INFO  impl.FollowerState (FollowerState.java:run(108)) - 3c9a8f13-2dee-4465-b0d1-5fd371c2d59b@group-A5C2D2EB64AC-FollowerState: change to CANDIDATE, lastRpcTime:5151ms, electionTimeout:5145ms
2020-06-26 10:47:35,181 [Thread-199] INFO  impl.RoleInfo (RoleInfo.java:shutdownFollowerState(121)) - 3c9a8f13-2dee-4465-b0d1-5fd371c2d59b: shutdown FollowerState
2020-06-26 10:47:35,181 [Thread-199] INFO  impl.RaftServerImpl (RaftServerImpl.java:setRole(175)) - 3c9a8f13-2dee-4465-b0d1-5fd371c2d59b@group-A5C2D2EB64AC: changes role from  FOLLOWER to CANDIDATE at term 0 for changeToCandidate
2020-06-26 10:47:35,181 [Thread-199] INFO  impl.RoleInfo (RoleInfo.java:updateAndGet(143)) - 3c9a8f13-2dee-4465-b0d1-5fd371c2d59b: start LeaderElection
2020-06-26 10:47:35,187 [grpc-default-executor-2] INFO  impl.RaftServerImpl (RaftServerImpl.java:setRole(175)) - fef4f3eb-2317-4a6e-9fa9-10ddde637f69@group-A5C2D2EB64AC: changes role from  FOLLOWER to FOLLOWER at term 1 for recognizeCandidate:4643f420-93ac-440e-9ff8-b18e3725af30
2020-06-26 10:47:35,188 [grpc-default-executor-2] INFO  impl.RoleInfo (RoleInfo.java:shutdownFollowerState(121)) - fef4f3eb-2317-4a6e-9fa9-10ddde637f69: shutdown FollowerState
2020-06-26 10:47:35,188 [grpc-default-executor-2] INFO  impl.RoleInfo (RoleInfo.java:updateAndGet(143)) - fef4f3eb-2317-4a6e-9fa9-10ddde637f69: start FollowerState
2020-06-26 10:47:35,188 [Thread-203] INFO  impl.FollowerState (FollowerState.java:run(117)) - fef4f3eb-2317-4a6e-9fa9-10ddde637f69@group-A5C2D2EB64AC-FollowerState was interrupted: java.lang.InterruptedException: sleep interrupted
2020-06-26 10:47:35,200 [grpc-default-executor-0] INFO  impl.RaftServerImpl (RaftServerImpl.java:setRole(175)) - 3c9a8f13-2dee-4465-b0d1-5fd371c2d59b@group-A5C2D2EB64AC: changes role from CANDIDATE to FOLLOWER at term 1 for recognizeCandidate:4643f420-93ac-440e-9ff8-b18e3725af30
2020-06-26 10:47:35,201 [grpc-default-executor-0] INFO  impl.RoleInfo (RoleInfo.java:shutdownLeaderElection(134)) - 3c9a8f13-2dee-4465-b0d1-5fd371c2d59b: shutdown LeaderElection
2020-06-26 10:47:35,201 [grpc-default-executor-0] INFO  impl.RoleInfo (RoleInfo.java:updateAndGet(143)) - 3c9a8f13-2dee-4465-b0d1-5fd371c2d59b: start FollowerState
2020-06-26 10:47:35,208 [grpc-default-executor-2] DEBUG impl.RaftServerImpl (RaftServerImpl.java:requestVote(853)) - fef4f3eb-2317-4a6e-9fa9-10ddde637f69@group-A5C2D2EB64AC replies to vote request: 4643f420-93ac-440e-9ff8-b18e3725af30<-fef4f3eb-2317-4a6e-9fa9-10ddde637f69#0:OK-t1. Peer's state: fef4f3eb-2317-4a6e-9fa9-10ddde637f69@group-A5C2D2EB64AC:t1, leader=null, voted=4643f420-93ac-440e-9ff8-b18e3725af30, raftlog=fef4f3eb-2317-4a6e-9fa9-10ddde637f69@group-A5C2D2EB64AC-SegmentedRaftLog:OPENED:c-1,f-1,i0, conf=-1: [4643f420-93ac-440e-9ff8-b18e3725af30:172.17.0.2:37847, fef4f3eb-2317-4a6e-9fa9-10ddde637f69:172.17.0.2:46033, 3c9a8f13-2dee-4465-b0d1-5fd371c2d59b:172.17.0.2:33137], old=null
2020-06-26 10:47:35,209 [grpc-default-executor-0] DEBUG impl.RaftServerImpl (RaftServerImpl.java:requestVote(853)) - 3c9a8f13-2dee-4465-b0d1-5fd371c2d59b@group-A5C2D2EB64AC replies to vote request: 4643f420-93ac-440e-9ff8-b18e3725af30<-3c9a8f13-2dee-4465-b0d1-5fd371c2d59b#0:FAIL-t1. Peer's state: 3c9a8f13-2dee-4465-b0d1-5fd371c2d59b@group-A5C2D2EB64AC:t1, leader=null, voted=null, raftlog=3c9a8f13-2dee-4465-b0d1-5fd371c2d59b@group-A5C2D2EB64AC-SegmentedRaftLog:OPENED:c-1,f-1,i0, conf=-1: [4643f420-93ac-440e-9ff8-b18e3725af30:172.17.0.2:37847, fef4f3eb-2317-4a6e-9fa9-10ddde637f69:172.17.0.2:46033, 3c9a8f13-2dee-4465-b0d1-5fd371c2d59b:172.17.0.2:33137], old=null
2020-06-26 10:47:35,210 [3c9a8f13-2dee-4465-b0d1-5fd371c2d59b@group-A5C2D2EB64AC-LeaderElection5] INFO  impl.LeaderElection (LeaderElection.java:askForVotes(206)) - 3c9a8f13-2dee-4465-b0d1-5fd371c2d59b@group-A5C2D2EB64AC-LeaderElection5: begin an election at term 2 for -1: [4643f420-93ac-440e-9ff8-b18e3725af30:172.17.0.2:37847, fef4f3eb-2317-4a6e-9fa9-10ddde637f69:172.17.0.2:46033, 3c9a8f13-2dee-4465-b0d1-5fd371c2d59b:172.17.0.2:33137], old=null
2020-06-26 10:47:35,226 [3c9a8f13-2dee-4465-b0d1-5fd371c2d59b@group-A5C2D2EB64AC-LeaderElection5] INFO  impl.LeaderElection (LeaderElection.java:logAndReturn(61)) - 3c9a8f13-2dee-4465-b0d1-5fd371c2d59b@group-A5C2D2EB64AC-LeaderElection5: Election REJECTED; received 0 response(s) [] and 0 exception(s); 3c9a8f13-2dee-4465-b0d1-5fd371c2d59b@group-A5C2D2EB64AC:t2, leader=null, voted=3c9a8f13-2dee-4465-b0d1-5fd371c2d59b, raftlog=3c9a8f13-2dee-4465-b0d1-5fd371c2d59b@group-A5C2D2EB64AC-SegmentedRaftLog:OPENED:c-1,f-1,i0, conf=-1: [4643f420-93ac-440e-9ff8-b18e3725af30:172.17.0.2:37847, fef4f3eb-2317-4a6e-9fa9-10ddde637f69:172.17.0.2:46033, 3c9a8f13-2dee-4465-b0d1-5fd371c2d59b:172.17.0.2:33137], old=null
2020-06-26 10:47:35,243 [4643f420-93ac-440e-9ff8-b18e3725af30@group-A5C2D2EB64AC-LeaderElection3] INFO  impl.LeaderElection (LeaderElection.java:logAndReturn(61)) - 4643f420-93ac-440e-9ff8-b18e3725af30@group-A5C2D2EB64AC-LeaderElection3: Election PASSED; received 2 response(s) [4643f420-93ac-440e-9ff8-b18e3725af30<-fef4f3eb-2317-4a6e-9fa9-10ddde637f69#0:OK-t1, 4643f420-93ac-440e-9ff8-b18e3725af30<-3c9a8f13-2dee-4465-b0d1-5fd371c2d59b#0:FAIL-t1] and 0 exception(s); 4643f420-93ac-440e-9ff8-b18e3725af30@group-A5C2D2EB64AC:t1, leader=null, voted=4643f420-93ac-440e-9ff8-b18e3725af30, raftlog=4643f420-93ac-440e-9ff8-b18e3725af30@group-A5C2D2EB64AC-SegmentedRaftLog:OPENED:c-1,f-1,i0, conf=-1: [4643f420-93ac-440e-9ff8-b18e3725af30:172.17.0.2:37847, fef4f3eb-2317-4a6e-9fa9-10ddde637f69:172.17.0.2:46033, 3c9a8f13-2dee-4465-b0d1-5fd371c2d59b:172.17.0.2:33137], old=null
2020-06-26 10:47:35,248 [4643f420-93ac-440e-9ff8-b18e3725af30@group-A5C2D2EB64AC-LeaderElection3] INFO  impl.RoleInfo (RoleInfo.java:shutdownLeaderElection(134)) - 4643f420-93ac-440e-9ff8-b18e3725af30: shutdown LeaderElection
2020-06-26 10:47:35,248 [4643f420-93ac-440e-9ff8-b18e3725af30@group-A5C2D2EB64AC-LeaderElection3] INFO  impl.RaftServerImpl (RaftServerImpl.java:setRole(175)) - 4643f420-93ac-440e-9ff8-b18e3725af30@group-A5C2D2EB64AC: changes role from CANDIDATE to LEADER at term 1 for changeToLeader
2020-06-26 10:47:35,248 [4643f420-93ac-440e-9ff8-b18e3725af30@group-A5C2D2EB64AC-LeaderElection3] INFO  ratis.XceiverServerRatis (XceiverServerRatis.java:handleLeaderChangedNotification(762)) - Leader change notification received for group: group-A5C2D2EB64AC with new leaderId: 4643f420-93ac-440e-9ff8-b18e3725af30
2020-06-26 10:47:35,249 [4643f420-93ac-440e-9ff8-b18e3725af30@group-A5C2D2EB64AC-LeaderElection3] INFO  impl.RaftServerImpl (ServerState.java:setLeader(255)) - 4643f420-93ac-440e-9ff8-b18e3725af30@group-A5C2D2EB64AC: change Leader from null to 4643f420-93ac-440e-9ff8-b18e3725af30 at term 1 for becomeLeader, leader elected after 5262ms
2020-06-26 10:47:35,249 [4643f420-93ac-440e-9ff8-b18e3725af30@group-A5C2D2EB64AC-LeaderElection3] INFO  server.RaftServerConfigKeys (ConfUtils.java:logGet(44)) - raft.server.staging.catchup.gap = 1000 (default)
2020-06-26 10:47:35,249 [4643f420-93ac-440e-9ff8-b18e3725af30@group-A5C2D2EB64AC-LeaderElection3] INFO  server.RaftServerConfigKeys (ConfUtils.java:logGet(44)) - raft.server.rpc.sleep.time = 25ms (default)
2020-06-26 10:47:35,249 [4643f420-93ac-440e-9ff8-b18e3725af30@group-A5C2D2EB64AC-LeaderElection3] INFO  metrics.RatisMetrics (RatisMetrics.java:lambda$create$0(36)) - Creating Metrics Registry : ratis.log_appender.4643f420-93ac-440e-9ff8-b18e3725af30@group-A5C2D2EB64AC
2020-06-26 10:47:35,249 [4643f420-93ac-440e-9ff8-b18e3725af30@group-A5C2D2EB64AC-LeaderElection3] INFO  server.RaftServerConfigKeys (ConfUtils.java:logGet(44)) - raft.server.write.element-limit = 1024 (custom)
2020-06-26 10:47:35,249 [4643f420-93ac-440e-9ff8-b18e3725af30@group-A5C2D2EB64AC-LeaderElection3] INFO  server.RaftServerConfigKeys (ConfUtils.java:logGet(44)) - raft.server.write.byte-limit = 1073741824 (custom)
2020-06-26 10:47:35,250 [4643f420-93ac-440e-9ff8-b18e3725af30@group-A5C2D2EB64AC-LeaderElection3] INFO  server.RaftServerConfigKeys (ConfUtils.java:logGet(44)) - raft.server.watch.timeout = 3s (custom)
2020-06-26 10:47:35,250 [4643f420-93ac-440e-9ff8-b18e3725af30@group-A5C2D2EB64AC-LeaderElection3] INFO  server.RaftServerConfigKeys (ConfUtils.java:logGet(44)) - raft.server.watch.timeout.denomination = 1s (default)
2020-06-26 10:47:35,250 [4643f420-93ac-440e-9ff8-b18e3725af30@group-A5C2D2EB64AC-LeaderElection3] INFO  server.RaftServerConfigKeys (ConfUtils.java:logGet(44)) - raft.server.watch.element-limit = 65536 (default)
2020-06-26 10:47:35,254 [EventQueue-PipelineReportForPipelineReportHandler] INFO  pipeline.PipelineStateManager (PipelineStateManager.java:openPipeline(131)) - Pipeline Pipeline[ Id: 61b745c7-211e-44fb-95cb-a5c2d2eb64ac, Nodes: 4643f420-93ac-440e-9ff8-b18e3725af30{ip: 172.17.0.2, host: 211fa11b6f09, networkLocation: /default-rack, certSerialId: null}fef4f3eb-2317-4a6e-9fa9-10ddde637f69{ip: 172.17.0.2, host: 211fa11b6f09, networkLocation: /default-rack, certSerialId: null}3c9a8f13-2dee-4465-b0d1-5fd371c2d59b{ip: 172.17.0.2, host: 211fa11b6f09, networkLocation: /default-rack, certSerialId: null}, Type:RATIS, Factor:THREE, State:ALLOCATED, leaderId:4643f420-93ac-440e-9ff8-b18e3725af30, CreationTimestamp2020-06-26T10:47:26.951Z] moved to OPEN state
2020-06-26 10:47:35,261 [EventQueue-OpenPipelineForOneReplicaPipelineSafeModeRule] INFO  safemode.SCMSafeModeManager (SCMSafeModeManager.java:validateSafeModeExitRules(214)) - AtleastOneDatanodeReportedRule rule is successfully validated
2020-06-26 10:47:35,261 [EventQueue-OpenPipelineForHealthyPipelineSafeModeRule] INFO  safemode.SCMSafeModeManager (HealthyPipelineSafeModeRule.java:process(132)) - SCM in safe mode. Healthy pipelines reported count is 1, required healthy pipeline reported count is 1
2020-06-26 10:47:35,262 [EventQueue-OpenPipelineForHealthyPipelineSafeModeRule] INFO  safemode.SCMSafeModeManager (SCMSafeModeManager.java:validateSafeModeExitRules(214)) - HealthyPipelineSafeModeRule rule is successfully validated
2020-06-26 10:47:35,262 [EventQueue-OpenPipelineForHealthyPipelineSafeModeRule] INFO  safemode.SCMSafeModeManager (SCMSafeModeManager.java:validateSafeModeExitRules(228)) - ScmSafeModeManager, all rules are successfully validated
2020-06-26 10:47:35,262 [EventQueue-OpenPipelineForHealthyPipelineSafeModeRule] INFO  safemode.SCMSafeModeManager (SCMSafeModeManager.java:exitSafeMode(257)) - SCM exiting safe mode.
2020-06-26 10:47:35,261 [grpc-default-executor-0] DEBUG impl.RaftServerImpl (RaftServerImpl.java:requestVote(821)) - 4643f420-93ac-440e-9ff8-b18e3725af30@group-A5C2D2EB64AC: receive requestVote(3c9a8f13-2dee-4465-b0d1-5fd371c2d59b, group-A5C2D2EB64AC, 2, (t:0, i:0))
2020-06-26 10:47:35,254 [4643f420-93ac-440e-9ff8-b18e3725af30@group-A5C2D2EB64AC-LeaderElection3] INFO  server.RaftServerConfigKeys (ConfUtils.java:logGet(44)) - raft.server.log.appender.snapshot.chunk.size.max = 16MB (=16777216) (default)
2020-06-26 10:47:35,263 [4643f420-93ac-440e-9ff8-b18e3725af30@group-A5C2D2EB64AC-LeaderElection3] INFO  server.RaftServerConfigKeys (ConfUtils.java:logGet(44)) - raft.server.log.appender.buffer.byte-limit = 33554432 (custom)
2020-06-26 10:47:35,263 [4643f420-93ac-440e-9ff8-b18e3725af30@group-A5C2D2EB64AC-LeaderElection3] INFO  server.RaftServerConfigKeys (ConfUtils.java:logGet(44)) - raft.server.log.appender.buffer.element-limit = 1 (custom)
2020-06-26 10:47:35,268 [grpc-default-executor-2] DEBUG impl.RaftServerImpl (RaftServerImpl.java:requestVote(821)) - fef4f3eb-2317-4a6e-9fa9-10ddde637f69@group-A5C2D2EB64AC: receive requestVote(3c9a8f13-2dee-4465-b0d1-5fd371c2d59b, group-A5C2D2EB64AC, 2, (t:0, i:0))
2020-06-26 10:47:35,268 [grpc-default-executor-2] INFO  impl.RaftServerImpl (RaftServerImpl.java:setRole(175)) - fef4f3eb-2317-4a6e-9fa9-10ddde637f69@group-A5C2D2EB64AC: changes role from  FOLLOWER to FOLLOWER at term 2 for recognizeCandidate:3c9a8f13-2dee-4465-b0d1-5fd371c2d59b
2020-06-26 10:47:35,268 [grpc-default-executor-2] INFO  impl.RoleInfo (RoleInfo.java:shutdownFollowerState(121)) - fef4f3eb-2317-4a6e-9fa9-10ddde637f69: shutdown FollowerState
2020-06-26 10:47:35,268 [grpc-default-executor-2] INFO  impl.RoleInfo (RoleInfo.java:updateAndGet(143)) - fef4f3eb-2317-4a6e-9fa9-10ddde637f69: start FollowerState
2020-06-26 10:47:35,268 [Thread-229] INFO  impl.FollowerState (FollowerState.java:run(117)) - fef4f3eb-2317-4a6e-9fa9-10ddde637f69@group-A5C2D2EB64AC-FollowerState was interrupted: java.lang.InterruptedException: sleep interrupted
2020-06-26 10:47:35,269 [4643f420-93ac-440e-9ff8-b18e3725af30@group-A5C2D2EB64AC-LeaderElection3] INFO  grpc.GrpcConfigKeys (ConfUtils.java:logGet(44)) - raft.grpc.server.leader.outstanding.appends.max = 128 (default)
2020-06-26 10:47:35,269 [4643f420-93ac-440e-9ff8-b18e3725af30@group-A5C2D2EB64AC-LeaderElection3] INFO  server.RaftServerConfigKeys (ConfUtils.java:logGet(44)) - raft.server.rpc.request.timeout = 3s (default)
2020-06-26 10:47:35,269 [4643f420-93ac-440e-9ff8-b18e3725af30@group-A5C2D2EB64AC-LeaderElection3] INFO  server.RaftServerConfigKeys (ConfUtils.java:logGet(44)) - raft.server.log.appender.install.snapshot.enabled = false (custom)
2020-06-26 10:47:35,270 [4643f420-93ac-440e-9ff8-b18e3725af30@group-A5C2D2EB64AC-LeaderElection3] INFO  metrics.RatisMetrics (RatisMetrics.java:lambda$create$0(36)) - Creating Metrics Registry : ratis_grpc.log_appender.4643f420-93ac-440e-9ff8-b18e3725af30@group-A5C2D2EB64AC
2020-06-26 10:47:35,284 [grpc-default-executor-2] DEBUG impl.RaftServerImpl (RaftServerImpl.java:requestVote(853)) - fef4f3eb-2317-4a6e-9fa9-10ddde637f69@group-A5C2D2EB64AC replies to vote request: 3c9a8f13-2dee-4465-b0d1-5fd371c2d59b<-fef4f3eb-2317-4a6e-9fa9-10ddde637f69#0:OK-t2. Peer's state: fef4f3eb-2317-4a6e-9fa9-10ddde637f69@group-A5C2D2EB64AC:t2, leader=null, voted=3c9a8f13-2dee-4465-b0d1-5fd371c2d59b, raftlog=fef4f3eb-2317-4a6e-9fa9-10ddde637f69@group-A5C2D2EB64AC-SegmentedRaftLog:OPENED:c-1,f-1,i0, conf=-1: [4643f420-93ac-440e-9ff8-b18e3725af30:172.17.0.2:37847, fef4f3eb-2317-4a6e-9fa9-10ddde637f69:172.17.0.2:46033, 3c9a8f13-2dee-4465-b0d1-5fd371c2d59b:172.17.0.2:33137], old=null
2020-06-26 10:47:35,288 [4643f420-93ac-440e-9ff8-b18e3725af30@group-A5C2D2EB64AC-LeaderElection3] INFO  server.RaftServerConfigKeys (ConfUtils.java:logGet(44)) - raft.server.log.appender.snapshot.chunk.size.max = 16MB (=16777216) (default)
2020-06-26 10:47:35,288 [4643f420-93ac-440e-9ff8-b18e3725af30@group-A5C2D2EB64AC-LeaderElection3] INFO  server.RaftServerConfigKeys (ConfUtils.java:logGet(44)) - raft.server.log.appender.buffer.byte-limit = 33554432 (custom)
2020-06-26 10:47:35,288 [4643f420-93ac-440e-9ff8-b18e3725af30@group-A5C2D2EB64AC-LeaderElection3] INFO  server.RaftServerConfigKeys (ConfUtils.java:logGet(44)) - raft.server.log.appender.buffer.element-limit = 1 (custom)
2020-06-26 10:47:35,288 [4643f420-93ac-440e-9ff8-b18e3725af30@group-A5C2D2EB64AC-LeaderElection3] INFO  grpc.GrpcConfigKeys (ConfUtils.java:logGet(44)) - raft.grpc.server.leader.outstanding.appends.max = 128 (default)
2020-06-26 10:47:35,288 [4643f420-93ac-440e-9ff8-b18e3725af30@group-A5C2D2EB64AC-LeaderElection3] INFO  server.RaftServerConfigKeys (ConfUtils.java:logGet(44)) - raft.server.rpc.request.timeout = 3s (default)
2020-06-26 10:47:35,288 [4643f420-93ac-440e-9ff8-b18e3725af30@group-A5C2D2EB64AC-LeaderElection3] INFO  server.RaftServerConfigKeys (ConfUtils.java:logGet(44)) - raft.server.log.appender.install.snapshot.enabled = false (custom)
2020-06-26 10:47:35,290 [4643f420-93ac-440e-9ff8-b18e3725af30@group-A5C2D2EB64AC-LeaderElection3] INFO  impl.RoleInfo (RoleInfo.java:updateAndGet(143)) - 4643f420-93ac-440e-9ff8-b18e3725af30: start LeaderState
2020-06-26 10:47:35,290 [4643f420-93ac-440e-9ff8-b18e3725af30@group-A5C2D2EB64AC-LeaderElection3] INFO  segmented.SegmentedRaftLogWorker (SegmentedRaftLogWorker.java:startLogSegment(397)) - 4643f420-93ac-440e-9ff8-b18e3725af30@group-A5C2D2EB64AC-SegmentedRaftLogWorker: Starting segment from index:0
2020-06-26 10:47:35,293 [4643f420-93ac-440e-9ff8-b18e3725af30@group-A5C2D2EB64AC-LeaderElection3] INFO  impl.RaftServerImpl (ServerState.java:setRaftConf(356)) - 4643f420-93ac-440e-9ff8-b18e3725af30@group-A5C2D2EB64AC: set configuration 0: [4643f420-93ac-440e-9ff8-b18e3725af30:172.17.0.2:37847, fef4f3eb-2317-4a6e-9fa9-10ddde637f69:172.17.0.2:46033, 3c9a8f13-2dee-4465-b0d1-5fd371c2d59b:172.17.0.2:33137], old=null at 0
2020-06-26 10:47:35,296 [grpc-default-executor-0] INFO  impl.RaftServerImpl (ServerState.java:setLeader(255)) - 4643f420-93ac-440e-9ff8-b18e3725af30@group-A5C2D2EB64AC: change Leader from 4643f420-93ac-440e-9ff8-b18e3725af30 to null at term 2 for updateCurrentTerm
2020-06-26 10:47:35,297 [grpc-default-executor-0] INFO  impl.RaftServerImpl (RaftServerImpl.java:setRole(175)) - 4643f420-93ac-440e-9ff8-b18e3725af30@group-A5C2D2EB64AC: changes role from    LEADER to FOLLOWER at term 2 for recognizeCandidate:3c9a8f13-2dee-4465-b0d1-5fd371c2d59b
2020-06-26 10:47:35,297 [grpc-default-executor-0] INFO  impl.RoleInfo (RoleInfo.java:shutdownLeaderState(104)) - 4643f420-93ac-440e-9ff8-b18e3725af30: shutdown LeaderState
2020-06-26 10:47:35,304 [grpc-default-executor-0] INFO  metrics.RatisMetrics (RatisMetrics.java:unregister(43)) - Unregistering Metrics Registry : ratis_grpc.log_appender.4643f420-93ac-440e-9ff8-b18e3725af30@group-A5C2D2EB64AC
2020-06-26 10:47:35,309 [grpc-default-executor-0] INFO  metrics.RatisMetrics (RatisMetrics.java:unregister(43)) - Unregistering Metrics Registry : ratis_grpc.log_appender.4643f420-93ac-440e-9ff8-b18e3725af30@group-A5C2D2EB64AC
2020-06-26 10:47:35,313 [grpc-default-executor-0] INFO  impl.PendingRequests (PendingRequests.java:sendNotLeaderResponses(249)) - 4643f420-93ac-440e-9ff8-b18e3725af30@group-A5C2D2EB64AC-PendingRequests: sendNotLeaderResponses
2020-06-26 10:47:35,314 [grpc-default-executor-0] INFO  metrics.RatisMetrics (RatisMetrics.java:unregister(43)) - Unregistering Metrics Registry : ratis.log_appender.4643f420-93ac-440e-9ff8-b18e3725af30@group-A5C2D2EB64AC
2020-06-26 10:47:35,314 [grpc-default-executor-0] INFO  metrics.RatisMetrics (RatisMetrics.java:unregister(43)) - Unregistering Metrics Registry : ratis.server.4643f420-93ac-440e-9ff8-b18e3725af30@group-A5C2D2EB64AC
2020-06-26 10:47:35,314 [grpc-default-executor-0] INFO  impl.RoleInfo (RoleInfo.java:updateAndGet(143)) - 4643f420-93ac-440e-9ff8-b18e3725af30: start FollowerState
2020-06-26 10:47:35,323 [grpc-default-executor-2] INFO  server.GrpcServerProtocolService (GrpcServerProtocolService.java:onCompleted(138)) - 3c9a8f13-2dee-4465-b0d1-5fd371c2d59b: Completed APPEND_ENTRIES, lastRequest: null
2020-06-26 10:47:35,325 [grpc-default-executor-0] DEBUG impl.RaftServerImpl (RaftServerImpl.java:requestVote(853)) - 4643f420-93ac-440e-9ff8-b18e3725af30@group-A5C2D2EB64AC replies to vote request: 3c9a8f13-2dee-4465-b0d1-5fd371c2d59b<-4643f420-93ac-440e-9ff8-b18e3725af30#0:FAIL-t2. Peer's state: 4643f420-93ac-440e-9ff8-b18e3725af30@group-A5C2D2EB64AC:t2, leader=null, voted=null, raftlog=4643f420-93ac-440e-9ff8-b18e3725af30@group-A5C2D2EB64AC-SegmentedRaftLog:OPENED:c-1,f-1,i0, conf=0: [4643f420-93ac-440e-9ff8-b18e3725af30:172.17.0.2:37847, fef4f3eb-2317-4a6e-9fa9-10ddde637f69:172.17.0.2:46033, 3c9a8f13-2dee-4465-b0d1-5fd371c2d59b:172.17.0.2:33137], old=null
2020-06-26 10:47:35,329 [grpc-default-executor-2] INFO  server.GrpcLogAppender (GrpcLogAppender.java:onCompleted(319)) - 4643f420-93ac-440e-9ff8-b18e3725af30@group-A5C2D2EB64AC->3c9a8f13-2dee-4465-b0d1-5fd371c2d59b-AppendLogResponseHandler: follower responses appendEntries COMPLETED
2020-06-26 10:47:35,334 [grpc-default-executor-2] INFO  impl.FollowerInfo (FollowerInfo.java:lambda$new$0(51)) - 4643f420-93ac-440e-9ff8-b18e3725af30@group-A5C2D2EB64AC->3c9a8f13-2dee-4465-b0d1-5fd371c2d59b: nextIndex: updateUnconditionally 0 -> 0
2020-06-26 10:47:35,337 [grpc-default-executor-3] INFO  server.GrpcServerProtocolService (GrpcServerProtocolService.java:onCompleted(138)) - fef4f3eb-2317-4a6e-9fa9-10ddde637f69: Completed APPEND_ENTRIES, lastRequest: null
2020-06-26 10:47:35,341 [grpc-default-executor-3] INFO  server.GrpcLogAppender (GrpcLogAppender.java:onCompleted(319)) - 4643f420-93ac-440e-9ff8-b18e3725af30@group-A5C2D2EB64AC->fef4f3eb-2317-4a6e-9fa9-10ddde637f69-AppendLogResponseHandler: follower responses appendEntries COMPLETED
2020-06-26 10:47:35,345 [grpc-default-executor-3] INFO  impl.FollowerInfo (FollowerInfo.java:lambda$new$0(51)) - 4643f420-93ac-440e-9ff8-b18e3725af30@group-A5C2D2EB64AC->fef4f3eb-2317-4a6e-9fa9-10ddde637f69: nextIndex: updateUnconditionally 0 -> 0
2020-06-26 10:47:35,372 [3c9a8f13-2dee-4465-b0d1-5fd371c2d59b@group-351AC3AFB03D-SegmentedRaftLogWorker] INFO  segmented.SegmentedRaftLogWorker (SegmentedRaftLogWorker.java:execute(596)) - 3c9a8f13-2dee-4465-b0d1-5fd371c2d59b@group-351AC3AFB03D-SegmentedRaftLogWorker: created new log segment /github/workspace/mnt/ozone/hadoop-ozone/integration-test/target/test-dir/MiniOzoneClusterImpl-879ab4df-a1ff-473f-a6f4-02a98a4eae46/datanode-0/data/ratis/c0593f85-4682-44d1-a8a3-351ac3afb03d/current/log_inprogress_0
2020-06-26 10:47:35,372 [4643f420-93ac-440e-9ff8-b18e3725af30@group-A7D11E7BC80F-SegmentedRaftLogWorker] INFO  segmented.SegmentedRaftLogWorker (SegmentedRaftLogWorker.java:execute(596)) - 4643f420-93ac-440e-9ff8-b18e3725af30@group-A7D11E7BC80F-SegmentedRaftLogWorker: created new log segment /github/workspace/mnt/ozone/hadoop-ozone/integration-test/target/test-dir/MiniOzoneClusterImpl-879ab4df-a1ff-473f-a6f4-02a98a4eae46/datanode-1/data/ratis/bdbe3fd9-c9d9-4250-acfb-a7d11e7bc80f/current/log_inprogress_0
2020-06-26 10:47:35,372 [4643f420-93ac-440e-9ff8-b18e3725af30@group-A5C2D2EB64AC-SegmentedRaftLogWorker] INFO  segmented.SegmentedRaftLogWorker (SegmentedRaftLogWorker.java:execute(596)) - 4643f420-93ac-440e-9ff8-b18e3725af30@group-A5C2D2EB64AC-SegmentedRaftLogWorker: created new log segment /github/workspace/mnt/ozone/hadoop-ozone/integration-test/target/test-dir/MiniOzoneClusterImpl-879ab4df-a1ff-473f-a6f4-02a98a4eae46/datanode-1/data/ratis/61b745c7-211e-44fb-95cb-a5c2d2eb64ac/current/log_inprogress_0
2020-06-26 10:47:35,372 [fef4f3eb-2317-4a6e-9fa9-10ddde637f69@group-612A958D7EFB-SegmentedRaftLogWorker] INFO  segmented.SegmentedRaftLogWorker (SegmentedRaftLogWorker.java:execute(596)) - fef4f3eb-2317-4a6e-9fa9-10ddde637f69@group-612A958D7EFB-SegmentedRaftLogWorker: created new log segment /github/workspace/mnt/ozone/hadoop-ozone/integration-test/target/test-dir/MiniOzoneClusterImpl-879ab4df-a1ff-473f-a6f4-02a98a4eae46/datanode-2/data/ratis/4d62a7e6-6336-44a2-8643-612a958d7efb/current/log_inprogress_0
2020-06-26 10:47:35,939 [Listener at 127.0.0.1/33973] INFO  ozone.MiniOzoneClusterImpl (MiniOzoneClusterImpl.java:lambda$waitForClusterToBeReady$0(177)) - Nodes are ready. Got 3 of 3 DN Heartbeats.
2020-06-26 10:47:35,939 [Listener at 127.0.0.1/33973] INFO  ozone.MiniOzoneClusterImpl (MiniOzoneClusterImpl.java:lambda$waitForClusterToBeReady$0(180)) - Cluster exits safe mode
2020-06-26 10:47:36,589 [Listener at 127.0.0.1/33973] INFO  rpc.RpcClient (RpcClient.java:createVolume(310)) - Creating Volume: testcontainerstatemachinefailures, with jenkins1001 as owner.
2020-06-26 10:47:36,664 [IPC Server handler 0 on default port 33973] INFO  volume.OMVolumeCreateRequest (OMVolumeCreateRequest.java:validateAndUpdateCache(204)) - created volume:testcontainerstatemachinefailures for user:jenkins1001
2020-06-26 10:47:36,697 [Listener at 127.0.0.1/33973] INFO  rpc.RpcClient (RpcClient.java:createBucket(450)) - Creating Bucket: testcontainerstatemachinefailures/testcontainerstatemachinefailures, with Versioning false and Storage Type set to DISK and Encryption set to false 
2020-06-26 10:47:36,859 [Listener at 127.0.0.1/33973] INFO  impl.MetricsSystemImpl (MetricsSystemImpl.java:init(158)) - XceiverClientMetrics metrics system started (again)
]]></system-out>
    <system-err><![CDATA[ERROR StatusLogger No Log4j 2 configuration file found. Using default configuration (logging only errors to the console), or user programmatically provided configurations. Set system property 'log4j2.debug' to show Log4j 2 internal initialization logging. See https://logging.apache.org/log4j/2.x/manual/configuration.html for instructions on how to configure Log4j 2
]]></system-err>
  </testcase>
</testsuite>