<?xml version="1.0" encoding="UTF-8"?>
<testsuite xmlns:xsi="http://www.w3.org/2001/XMLSchema-instance" xsi:noNamespaceSchemaLocation="https://maven.apache.org/surefire/maven-surefire-plugin/xsd/surefire-test-report-3.0.xsd" version="3.0" name="org.apache.hadoop.ozone.container.TestECContainerRecovery" time="175.154" tests="2" errors="1" skipped="0" failures="0">
  <properties>
    <property name="awt.toolkit" value="sun.awt.X11.XToolkit"/>
    <property name="file.encoding.pkg" value="sun.io"/>
    <property name="java.specification.version" value="1.8"/>
    <property name="sun.cpu.isalist" value=""/>
    <property name="sun.jnu.encoding" value="UTF-8"/>
    <property name="java.class.path" value="/home/runner/work/ozone/ozone/hadoop-ozone/integration-test/target/test-classes:/home/runner/work/ozone/ozone/hadoop-ozone/integration-test/target/classes:/home/runner/.m2/repository/org/apache/ozone/ozone-common/1.3.0-SNAPSHOT/ozone-common-1.3.0-SNAPSHOT.jar:/home/runner/.m2/repository/io/grpc/grpc-netty/1.48.1/grpc-netty-1.48.1.jar:/home/runner/.m2/repository/io/grpc/grpc-core/1.48.1/grpc-core-1.48.1.jar:/home/runner/.m2/repository/com/google/android/annotations/4.1.1.4/annotations-4.1.1.4.jar:/home/runner/.m2/repository/org/codehaus/mojo/animal-sniffer-annotations/1.21/animal-sniffer-annotations-1.21.jar:/home/runner/.m2/repository/com/google/errorprone/error_prone_annotations/2.2.0/error_prone_annotations-2.2.0.jar:/home/runner/.m2/repository/io/perfmark/perfmark-api/0.25.0/perfmark-api-0.25.0.jar:/home/runner/.m2/repository/io/netty/netty-codec-http2/4.1.77.Final/netty-codec-http2-4.1.77.Final.jar:/home/runner/.m2/repository/io/netty/netty-common/4.1.77.Final/netty-common-4.1.77.Final.jar:/home/runner/.m2/repository/io/netty/netty-buffer/4.1.77.Final/netty-buffer-4.1.77.Final.jar:/home/runner/.m2/repository/io/netty/netty-codec-http/4.1.77.Final/netty-codec-http-4.1.77.Final.jar:/home/runner/.m2/repository/io/netty/netty-handler-proxy/4.1.77.Final/netty-handler-proxy-4.1.77.Final.jar:/home/runner/.m2/repository/io/netty/netty-codec-socks/4.1.77.Final/netty-codec-socks-4.1.77.Final.jar:/home/runner/.m2/repository/io/netty/netty-tcnative-boringssl-static/2.0.52.Final/netty-tcnative-boringssl-static-2.0.52.Final.jar:/home/runner/.m2/repository/io/netty/netty-tcnative-classes/2.0.52.Final/netty-tcnative-classes-2.0.52.Final.jar:/home/runner/.m2/repository/io/netty/netty-tcnative-boringssl-static/2.0.52.Final/netty-tcnative-boringssl-static-2.0.52.Final-linux-x86_64.jar:/home/runner/.m2/repository/io/netty/netty-tcnative-boringssl-static/2.0.52.Final/netty-tcnative-boringssl-static-2.0.52.Final-linux-aarch_64.jar:/home/runner/.m2/repository/io/netty/netty-tcnative-boringssl-static/2.0.52.Final/netty-tcnative-boringssl-static-2.0.52.Final-osx-x86_64.jar:/home/runner/.m2/repository/io/netty/netty-tcnative-boringssl-static/2.0.52.Final/netty-tcnative-boringssl-static-2.0.52.Final-osx-aarch_64.jar:/home/runner/.m2/repository/io/netty/netty-tcnative-boringssl-static/2.0.52.Final/netty-tcnative-boringssl-static-2.0.52.Final-windows-x86_64.jar:/home/runner/.m2/repository/org/apache/commons/commons-compress/1.21/commons-compress-1.21.jar:/home/runner/.m2/repository/org/apache/ozone/hdds-common/1.3.0-SNAPSHOT/hdds-common-1.3.0-SNAPSHOT.jar:/home/runner/.m2/repository/org/apache/ozone/hdds-client/1.3.0-SNAPSHOT/hdds-client-1.3.0-SNAPSHOT.jar:/home/runner/.m2/repository/org/apache/ozone/ozone-interface-client/1.3.0-SNAPSHOT/ozone-interface-client-1.3.0-SNAPSHOT.jar:/home/runner/.m2/repository/org/apache/ozone/hdds-test-utils/1.3.0-SNAPSHOT/hdds-test-utils-1.3.0-SNAPSHOT.jar:/home/runner/.m2/repository/com/google/guava/guava/31.1-jre/guava-31.1-jre.jar:/home/runner/.m2/repository/com/google/guava/failureaccess/1.0.1/failureaccess-1.0.1.jar:/home/runner/.m2/repository/com/google/guava/listenablefuture/9999.0-empty-to-avoid-conflict-with-guava/listenablefuture-9999.0-empty-to-avoid-conflict-with-guava.jar:/home/runner/.m2/repository/com/google/code/findbugs/jsr305/3.0.0/jsr305-3.0.0.jar:/home/runner/.m2/repository/org/checkerframework/checker-qual/3.12.0/checker-qual-3.12.0.jar:/home/runner/.m2/repository/com/google/j2objc/j2objc-annotations/1.3/j2objc-annotations-1.3.jar:/home/runner/.m2/repository/commons-io/commons-io/2.11.0/commons-io-2.11.0.jar:/home/runner/.m2/repository/commons-logging/commons-logging/1.2/commons-logging-1.2.jar:/home/runner/.m2/repository/ch/qos/reload4j/reload4j/1.2.22/reload4j-1.2.22.jar:/home/runner/.m2/repository/org/slf4j/slf4j-api/1.7.36/slf4j-api-1.7.36.jar:/home/runner/.m2/repository/org/apache/ozone/hdds-server-scm/1.3.0-SNAPSHOT/hdds-server-scm-1.3.0-SNAPSHOT.jar:/home/runner/.m2/repository/org/apache/ozone/hdds-container-service/1.3.0-SNAPSHOT/hdds-container-service-1.3.0-SNAPSHOT.jar:/home/runner/.m2/repository/org/apache/ozone/hdds-hadoop-dependency-server/1.3.0-SNAPSHOT/hdds-hadoop-dependency-server-1.3.0-SNAPSHOT.jar:/home/runner/.m2/repository/org/apache/hadoop/hadoop-hdfs/3.3.4/hadoop-hdfs-3.3.4.jar:/home/runner/.m2/repository/org/eclipse/jetty/jetty-util-ajax/9.4.49.v20220914/jetty-util-ajax-9.4.49.v20220914.jar:/home/runner/.m2/repository/commons-daemon/commons-daemon/1.0.13/commons-daemon-1.0.13.jar:/home/runner/.m2/repository/org/apache/ozone/hdds-server-framework/1.3.0-SNAPSHOT/hdds-server-framework-1.3.0-SNAPSHOT.jar:/home/runner/.m2/repository/org/apache/ozone/hdds-interface-server/1.3.0-SNAPSHOT/hdds-interface-server-1.3.0-SNAPSHOT.jar:/home/runner/.m2/repository/org/apache/commons/commons-configuration2/2.1.1/commons-configuration2-2.1.1.jar:/home/runner/.m2/repository/org/apache/logging/log4j/log4j-core/2.17.1/log4j-core-2.17.1.jar:/home/runner/.m2/repository/com/lmax/disruptor/3.4.2/disruptor-3.4.2.jar:/home/runner/.m2/repository/org/eclipse/jetty/jetty-servlet/9.4.49.v20220914/jetty-servlet-9.4.49.v20220914.jar:/home/runner/.m2/repository/org/eclipse/jetty/jetty-security/9.4.49.v20220914/jetty-security-9.4.49.v20220914.jar:/home/runner/.m2/repository/org/rocksdb/rocksdbjni/7.7.3/rocksdbjni-7.7.3.jar:/home/runner/.m2/repository/io/prometheus/simpleclient_dropwizard/0.7.0/simpleclient_dropwizard-0.7.0.jar:/home/runner/.m2/repository/io/prometheus/simpleclient/0.7.0/simpleclient-0.7.0.jar:/home/runner/.m2/repository/io/prometheus/simpleclient_common/0.7.0/simpleclient_common-0.7.0.jar:/home/runner/.m2/repository/com/github/spotbugs/spotbugs-annotations/3.1.12/spotbugs-annotations-3.1.12.jar:/home/runner/.m2/repository/io/dropwizard/metrics/metrics-core/3.2.4/metrics-core-3.2.4.jar:/home/runner/.m2/repository/org/apache/commons/commons-text/1.4/commons-text-1.4.jar:/home/runner/.m2/repository/org/apache/hadoop/hadoop-hdfs-client/3.3.4/hadoop-hdfs-client-3.3.4.jar:/home/runner/.m2/repository/com/squareup/okhttp3/okhttp/4.9.3/okhttp-4.9.3.jar:/home/runner/.m2/repository/com/squareup/okio/okio/2.8.0/okio-2.8.0.jar:/home/runner/.m2/repository/org/jetbrains/kotlin/kotlin-stdlib-common/1.4.10/kotlin-stdlib-common-1.4.10.jar:/home/runner/.m2/repository/org/bouncycastle/bcprov-jdk15on/1.67/bcprov-jdk15on-1.67.jar:/home/runner/.m2/repository/com/google/protobuf/protobuf-java/2.5.0/protobuf-java-2.5.0.jar:/home/runner/.m2/repository/org/apache/ozone/ozone-manager/1.3.0-SNAPSHOT/ozone-manager-1.3.0-SNAPSHOT.jar:/home/runner/.m2/repository/org/aspectj/aspectjrt/1.9.7/aspectjrt-1.9.7.jar:/home/runner/.m2/repository/org/aspectj/aspectjweaver/1.9.7/aspectjweaver-1.9.7.jar:/home/runner/.m2/repository/org/apache/ozone/hdds-interface-client/1.3.0-SNAPSHOT/hdds-interface-client-1.3.0-SNAPSHOT.jar:/home/runner/.m2/repository/org/apache/hadoop/thirdparty/hadoop-shaded-protobuf_3_7/1.1.1/hadoop-shaded-protobuf_3_7-1.1.1.jar:/home/runner/.m2/repository/org/apache/ozone/ozone-interface-storage/1.3.0-SNAPSHOT/ozone-interface-storage-1.3.0-SNAPSHOT.jar:/home/runner/.m2/repository/org/reflections/reflections/0.9.11/reflections-0.9.11.jar:/home/runner/.m2/repository/com/sun/jersey/jersey-client/1.19/jersey-client-1.19.jar:/home/runner/.m2/repository/org/apache/ranger/ranger-intg/2.3.0/ranger-intg-2.3.0.jar:/home/runner/.m2/repository/org/apache/ranger/ranger-plugins-common/2.3.0/ranger-plugins-common-2.3.0.jar:/home/runner/.m2/repository/commons-lang/commons-lang/2.6/commons-lang-2.6.jar:/home/runner/.m2/repository/org/codehaus/jackson/jackson-jaxrs/1.9.13/jackson-jaxrs-1.9.13.jar:/home/runner/.m2/repository/org/apache/ranger/ranger-plugins-cred/2.3.0/ranger-plugins-cred-2.3.0.jar:/home/runner/.m2/repository/org/apache/ranger/ranger-plugins-audit/2.3.0/ranger-plugins-audit-2.3.0.jar:/home/runner/.m2/repository/org/eclipse/jetty/jetty-client/9.4.31.v20200723/jetty-client-9.4.31.v20200723.jar:/home/runner/.m2/repository/org/apache/httpcomponents/httpmime/4.5.6/httpmime-4.5.6.jar:/home/runner/.m2/repository/org/apache/httpcomponents/httpcore-nio/4.4.6/httpcore-nio-4.4.6.jar:/home/runner/.m2/repository/org/apache/httpcomponents/httpasyncclient/4.1.3/httpasyncclient-4.1.3.jar:/home/runner/.m2/repository/com/carrotsearch/hppc/0.8.0/hppc-0.8.0.jar:/home/runner/.m2/repository/org/apache/orc/orc-core/1.5.8/orc-core-1.5.8.jar:/home/runner/.m2/repository/net/java/dev/jna/jna/5.2.0/jna-5.2.0.jar:/home/runner/.m2/repository/net/java/dev/jna/jna-platform/5.2.0/jna-platform-5.2.0.jar:/home/runner/.m2/repository/com/kstruct/gethostname4j/0.0.2/gethostname4j-0.0.2.jar:/home/runner/.m2/repository/org/apache/ranger/ranger-plugin-classloader/2.3.0/ranger-plugin-classloader-2.3.0.jar:/home/runner/.m2/repository/org/apache/hadoop/hadoop-minikdc/3.3.4/hadoop-minikdc-3.3.4.jar:/home/runner/.m2/repository/org/apache/kerby/kerb-simplekdc/1.0.1/kerb-simplekdc-1.0.1.jar:/home/runner/.m2/repository/org/apache/kerby/kerb-client/1.0.1/kerb-client-1.0.1.jar:/home/runner/.m2/repository/org/apache/kerby/kerby-config/1.0.1/kerby-config-1.0.1.jar:/home/runner/.m2/repository/org/apache/kerby/kerb-common/1.0.1/kerb-common-1.0.1.jar:/home/runner/.m2/repository/org/apache/kerby/kerb-crypto/1.0.1/kerb-crypto-1.0.1.jar:/home/runner/.m2/repository/org/apache/kerby/kerb-util/1.0.1/kerb-util-1.0.1.jar:/home/runner/.m2/repository/org/apache/kerby/token-provider/1.0.1/token-provider-1.0.1.jar:/home/runner/.m2/repository/org/apache/kerby/kerb-admin/1.0.1/kerb-admin-1.0.1.jar:/home/runner/.m2/repository/org/apache/kerby/kerb-server/1.0.1/kerb-server-1.0.1.jar:/home/runner/.m2/repository/org/apache/kerby/kerb-identity/1.0.1/kerb-identity-1.0.1.jar:/home/runner/.m2/repository/org/apache/kerby/kerby-xdr/1.0.1/kerby-xdr-1.0.1.jar:/home/runner/.m2/repository/org/apache/ozone/ozone-s3gateway/1.3.0-SNAPSHOT/ozone-s3gateway-1.3.0-SNAPSHOT.jar:/home/runner/.m2/repository/org/javassist/javassist/3.21.0-GA/javassist-3.21.0-GA.jar:/home/runner/.m2/repository/org/jboss/weld/servlet/weld-servlet/2.4.7.Final/weld-servlet-2.4.7.Final.jar:/home/runner/.m2/repository/org/glassfish/jersey/containers/jersey-container-servlet-core/2.34/jersey-container-servlet-core-2.34.jar:/home/runner/.m2/repository/org/glassfish/hk2/external/jakarta.inject/2.6.1/jakarta.inject-2.6.1.jar:/home/runner/.m2/repository/org/glassfish/jersey/core/jersey-common/2.34/jersey-common-2.34.jar:/home/runner/.m2/repository/jakarta/ws/rs/jakarta.ws.rs-api/2.1.6/jakarta.ws.rs-api-2.1.6.jar:/home/runner/.m2/repository/org/glassfish/jersey/ext/cdi/jersey-cdi1x/2.34/jersey-cdi1x-2.34.jar:/home/runner/.m2/repository/org/glassfish/jersey/inject/jersey-hk2/2.34/jersey-hk2-2.34.jar:/home/runner/.m2/repository/org/glassfish/hk2/hk2-locator/2.6.1/hk2-locator-2.6.1.jar:/home/runner/.m2/repository/org/glassfish/jersey/media/jersey-media-jaxb/2.34/jersey-media-jaxb-2.34.jar:/home/runner/.m2/repository/org/glassfish/hk2/osgi-resource-locator/1.0.3/osgi-resource-locator-1.0.3.jar:/home/runner/.m2/repository/org/glassfish/hk2/hk2-api/2.5.0/hk2-api-2.5.0.jar:/home/runner/.m2/repository/org/glassfish/hk2/hk2-utils/2.5.0/hk2-utils-2.5.0.jar:/home/runner/.m2/repository/org/glassfish/hk2/external/aopalliance-repackaged/2.5.0/aopalliance-repackaged-2.5.0.jar:/home/runner/.m2/repository/com/fasterxml/jackson/dataformat/jackson-dataformat-xml/2.13.4/jackson-dataformat-xml-2.13.4.jar:/home/runner/.m2/repository/com/fasterxml/jackson/core/jackson-core/2.13.4/jackson-core-2.13.4.jar:/home/runner/.m2/repository/org/codehaus/woodstox/stax2-api/4.2.1/stax2-api-4.2.1.jar:/home/runner/.m2/repository/com/fasterxml/woodstox/woodstox-core/5.4.0/woodstox-core-5.4.0.jar:/home/runner/.m2/repository/com/fasterxml/jackson/module/jackson-module-jaxb-annotations/2.13.4/jackson-module-jaxb-annotations-2.13.4.jar:/home/runner/.m2/repository/jakarta/xml/bind/jakarta.xml.bind-api/2.3.3/jakarta.xml.bind-api-2.3.3.jar:/home/runner/.m2/repository/jakarta/activation/jakarta.activation-api/1.2.1/jakarta.activation-api-1.2.1.jar:/home/runner/.m2/repository/javax/enterprise/cdi-api/1.2/cdi-api-1.2.jar:/home/runner/.m2/repository/javax/el/javax.el-api/3.0.0/javax.el-api-3.0.0.jar:/home/runner/.m2/repository/javax/interceptor/javax.interceptor-api/1.2/javax.interceptor-api-1.2.jar:/home/runner/.m2/repository/javax/inject/javax.inject/1/javax.inject-1.jar:/home/runner/.m2/repository/javax/xml/bind/jaxb-api/2.3.0/jaxb-api-2.3.0.jar:/home/runner/.m2/repository/org/glassfish/jaxb/jaxb-runtime/2.3.0.1/jaxb-runtime-2.3.0.1.jar:/home/runner/.m2/repository/org/glassfish/jaxb/jaxb-core/2.3.0.1/jaxb-core-2.3.0.1.jar:/home/runner/.m2/repository/org/glassfish/jaxb/txw2/2.3.0.1/txw2-2.3.0.1.jar:/home/runner/.m2/repository/com/sun/istack/istack-commons-runtime/3.0.5/istack-commons-runtime-3.0.5.jar:/home/runner/.m2/repository/org/jvnet/staxex/stax-ex/1.7.8/stax-ex-1.7.8.jar:/home/runner/.m2/repository/com/sun/xml/fastinfoset/FastInfoset/1.2.13/FastInfoset-1.2.13.jar:/home/runner/.m2/repository/javax/activation/activation/1.1.1/activation-1.1.1.jar:/home/runner/.m2/repository/io/grpc/grpc-protobuf/1.48.1/grpc-protobuf-1.48.1.jar:/home/runner/.m2/repository/io/grpc/grpc-api/1.48.1/grpc-api-1.48.1.jar:/home/runner/.m2/repository/io/grpc/grpc-context/1.48.1/grpc-context-1.48.1.jar:/home/runner/.m2/repository/com/google/api/grpc/proto-google-common-protos/2.9.0/proto-google-common-protos-2.9.0.jar:/home/runner/.m2/repository/io/grpc/grpc-protobuf-lite/1.48.1/grpc-protobuf-lite-1.48.1.jar:/home/runner/.m2/repository/io/grpc/grpc-stub/1.48.1/grpc-stub-1.48.1.jar:/home/runner/.m2/repository/io/netty/netty-transport/4.1.77.Final/netty-transport-4.1.77.Final.jar:/home/runner/.m2/repository/io/netty/netty-resolver/4.1.77.Final/netty-resolver-4.1.77.Final.jar:/home/runner/.m2/repository/org/apache/ozone/ozone-csi/1.3.0-SNAPSHOT/ozone-csi-1.3.0-SNAPSHOT.jar:/home/runner/.m2/repository/com/google/protobuf/protobuf-java-util/3.19.6/protobuf-java-util-3.19.6.jar:/home/runner/.m2/repository/com/google/code/gson/gson/2.9.0/gson-2.9.0.jar:/home/runner/.m2/repository/org/apache/ozone/hdds-config/1.3.0-SNAPSHOT/hdds-config-1.3.0-SNAPSHOT.jar:/home/runner/.m2/repository/io/netty/netty-transport-native-epoll/4.1.77.Final/netty-transport-native-epoll-4.1.77.Final-linux-x86_64.jar:/home/runner/.m2/repository/io/netty/netty-transport-classes-epoll/4.1.77.Final/netty-transport-classes-epoll-4.1.77.Final.jar:/home/runner/.m2/repository/io/netty/netty-transport-native-unix-common/4.1.77.Final/netty-transport-native-unix-common-4.1.77.Final.jar:/home/runner/.m2/repository/org/slf4j/slf4j-reload4j/1.7.36/slf4j-reload4j-1.7.36.jar:/home/runner/.m2/repository/org/apache/ozone/ozone-recon/1.3.0-SNAPSHOT/ozone-recon-1.3.0-SNAPSHOT.jar:/home/runner/.m2/repository/org/apache/ozone/ozone-reconcodegen/1.3.0-SNAPSHOT/ozone-reconcodegen-1.3.0-SNAPSHOT.jar:/home/runner/.m2/repository/com/google/inject/extensions/guice-multibindings/4.0/guice-multibindings-4.0.jar:/home/runner/.m2/repository/com/google/inject/guice/4.0/guice-4.0.jar:/home/runner/.m2/repository/aopalliance/aopalliance/1.0/aopalliance-1.0.jar:/home/runner/.m2/repository/com/google/inject/extensions/guice-assistedinject/4.0/guice-assistedinject-4.0.jar:/home/runner/.m2/repository/com/google/inject/extensions/guice-servlet/4.0/guice-servlet-4.0.jar:/home/runner/.m2/repository/org/glassfish/jersey/containers/jersey-container-servlet/2.34/jersey-container-servlet-2.34.jar:/home/runner/.m2/repository/org/glassfish/hk2/guice-bridge/2.5.0/guice-bridge-2.5.0.jar:/home/runner/.m2/repository/org/glassfish/jersey/core/jersey-server/2.34/jersey-server-2.34.jar:/home/runner/.m2/repository/org/glassfish/jersey/core/jersey-client/2.34/jersey-client-2.34.jar:/home/runner/.m2/repository/jakarta/annotation/jakarta.annotation-api/1.3.5/jakarta.annotation-api-1.3.5.jar:/home/runner/.m2/repository/jakarta/validation/jakarta.validation-api/2.0.2/jakarta.validation-api-2.0.2.jar:/home/runner/.m2/repository/org/glassfish/jersey/media/jersey-media-json-jackson/2.34/jersey-media-json-jackson-2.34.jar:/home/runner/.m2/repository/org/glassfish/jersey/ext/jersey-entity-filtering/2.34/jersey-entity-filtering-2.34.jar:/home/runner/.m2/repository/org/jooq/jooq/3.11.10/jooq-3.11.10.jar:/home/runner/.m2/repository/org/jooq/jooq-meta/3.11.10/jooq-meta-3.11.10.jar:/home/runner/.m2/repository/org/jooq/jooq-codegen/3.11.10/jooq-codegen-3.11.10.jar:/home/runner/.m2/repository/com/jolbox/bonecp/0.8.0.RELEASE/bonecp-0.8.0.RELEASE.jar:/home/runner/.m2/repository/org/apache/derby/derby/10.14.2.0/derby-10.14.2.0.jar:/home/runner/.m2/repository/org/xerial/sqlite-jdbc/3.25.2/sqlite-jdbc-3.25.2.jar:/home/runner/.m2/repository/org/springframework/spring-jdbc/5.3.23/spring-jdbc-5.3.23.jar:/home/runner/.m2/repository/org/springframework/spring-beans/5.3.23/spring-beans-5.3.23.jar:/home/runner/.m2/repository/org/springframework/spring-core/5.3.23/spring-core-5.3.23.jar:/home/runner/.m2/repository/org/springframework/spring-jcl/5.3.23/spring-jcl-5.3.23.jar:/home/runner/.m2/repository/org/springframework/spring-tx/5.3.23/spring-tx-5.3.23.jar:/home/runner/.m2/repository/org/apache/ozone/ozone-client/1.3.0-SNAPSHOT/ozone-client-1.3.0-SNAPSHOT.jar:/home/runner/.m2/repository/org/apache/ozone/hdds-erasurecode/1.3.0-SNAPSHOT/hdds-erasurecode-1.3.0-SNAPSHOT.jar:/home/runner/.m2/repository/org/apache/ozone/ozone-filesystem/1.3.0-SNAPSHOT/ozone-filesystem-1.3.0-SNAPSHOT.jar:/home/runner/.m2/repository/org/apache/ozone/ozone-filesystem-common/1.3.0-SNAPSHOT/ozone-filesystem-common-1.3.0-SNAPSHOT.jar:/home/runner/.m2/repository/org/apache/ozone/ozone-tools/1.3.0-SNAPSHOT/ozone-tools-1.3.0-SNAPSHOT.jar:/home/runner/.m2/repository/org/apache/ratis/ratis-tools/2.4.2-8b8bdda-SNAPSHOT/ratis-tools-2.4.2-8b8bdda-SNAPSHOT.jar:/home/runner/.m2/repository/com/amazonaws/aws-java-sdk-core/1.12.261/aws-java-sdk-core-1.12.261.jar:/home/runner/.m2/repository/org/apache/httpcomponents/httpclient/4.5.13/httpclient-4.5.13.jar:/home/runner/.m2/repository/org/apache/httpcomponents/httpcore/4.4.13/httpcore-4.4.13.jar:/home/runner/.m2/repository/software/amazon/ion/ion-java/1.0.2/ion-java-1.0.2.jar:/home/runner/.m2/repository/com/fasterxml/jackson/dataformat/jackson-dataformat-cbor/2.13.4/jackson-dataformat-cbor-2.13.4.jar:/home/runner/.m2/repository/joda-time/joda-time/2.8.1/joda-time-2.8.1.jar:/home/runner/.m2/repository/com/amazonaws/aws-java-sdk-s3/1.12.261/aws-java-sdk-s3-1.12.261.jar:/home/runner/.m2/repository/com/amazonaws/aws-java-sdk-kms/1.12.261/aws-java-sdk-kms-1.12.261.jar:/home/runner/.m2/repository/com/amazonaws/jmespath-java/1.12.261/jmespath-java-1.12.261.jar:/home/runner/.m2/repository/org/kohsuke/metainf-services/metainf-services/1.8/metainf-services-1.8.jar:/home/runner/.m2/repository/org/apache/ozone/hdds-tools/1.3.0-SNAPSHOT/hdds-tools-1.3.0-SNAPSHOT.jar:/home/runner/.m2/repository/commons-cli/commons-cli/1.2/commons-cli-1.2.jar:/home/runner/.m2/repository/org/apache/commons/commons-lang3/3.7/commons-lang3-3.7.jar:/home/runner/.m2/repository/org/apache/ozone/ozone-manager/1.3.0-SNAPSHOT/ozone-manager-1.3.0-SNAPSHOT-tests.jar:/home/runner/.m2/repository/org/apache/ozone/hdds-common/1.3.0-SNAPSHOT/hdds-common-1.3.0-SNAPSHOT-tests.jar:/home/runner/.m2/repository/org/apache/ozone/hdds-hadoop-dependency-client/1.3.0-SNAPSHOT/hdds-hadoop-dependency-client-1.3.0-SNAPSHOT.jar:/home/runner/.m2/repository/info/picocli/picocli/4.6.1/picocli-4.6.1.jar:/home/runner/.m2/repository/com/fasterxml/jackson/core/jackson-annotations/2.13.4/jackson-annotations-2.13.4.jar:/home/runner/.m2/repository/com/fasterxml/jackson/datatype/jackson-datatype-jsr310/2.13.4/jackson-datatype-jsr310-2.13.4.jar:/home/runner/.m2/repository/org/apache/ozone/hdds-annotation-processing/1.3.0-SNAPSHOT/hdds-annotation-processing-1.3.0-SNAPSHOT.jar:/home/runner/.m2/repository/javax/annotation/javax.annotation-api/1.2/javax.annotation-api-1.2.jar:/home/runner/.m2/repository/org/apache/ratis/ratis-server/2.4.2-8b8bdda-SNAPSHOT/ratis-server-2.4.2-8b8bdda-SNAPSHOT.jar:/home/runner/.m2/repository/org/apache/ratis/ratis-client/2.4.2-8b8bdda-SNAPSHOT/ratis-client-2.4.2-8b8bdda-SNAPSHOT.jar:/home/runner/.m2/repository/org/apache/ratis/ratis-server-api/2.4.2-8b8bdda-SNAPSHOT/ratis-server-api-2.4.2-8b8bdda-SNAPSHOT.jar:/home/runner/.m2/repository/org/apache/ratis/ratis-metrics/2.4.2-8b8bdda-SNAPSHOT/ratis-metrics-2.4.2-8b8bdda-SNAPSHOT.jar:/home/runner/.m2/repository/org/apache/ratis/ratis-netty/2.4.2-8b8bdda-SNAPSHOT/ratis-netty-2.4.2-8b8bdda-SNAPSHOT.jar:/home/runner/.m2/repository/org/apache/ratis/ratis-grpc/2.4.2-8b8bdda-SNAPSHOT/ratis-grpc-2.4.2-8b8bdda-SNAPSHOT.jar:/home/runner/.m2/repository/org/apache/logging/log4j/log4j-api/2.17.1/log4j-api-2.17.1.jar:/home/runner/.m2/repository/org/apache/commons/commons-pool2/2.6.0/commons-pool2-2.6.0.jar:/home/runner/.m2/repository/org/bouncycastle/bcpkix-jdk15on/1.67/bcpkix-jdk15on-1.67.jar:/home/runner/.m2/repository/commons-validator/commons-validator/1.6/commons-validator-1.6.jar:/home/runner/.m2/repository/commons-beanutils/commons-beanutils/1.9.4/commons-beanutils-1.9.4.jar:/home/runner/.m2/repository/commons-digester/commons-digester/1.8.1/commons-digester-1.8.1.jar:/home/runner/.m2/repository/commons-collections/commons-collections/3.2.2/commons-collections-3.2.2.jar:/home/runner/.m2/repository/io/jaegertracing/jaeger-client/1.6.0/jaeger-client-1.6.0.jar:/home/runner/.m2/repository/io/jaegertracing/jaeger-thrift/1.6.0/jaeger-thrift-1.6.0.jar:/home/runner/.m2/repository/org/apache/thrift/libthrift/0.14.1/libthrift-0.14.1.jar:/home/runner/.m2/repository/io/jaegertracing/jaeger-core/1.6.0/jaeger-core-1.6.0.jar:/home/runner/.m2/repository/io/jaegertracing/jaeger-tracerresolver/1.6.0/jaeger-tracerresolver-1.6.0.jar:/home/runner/.m2/repository/io/opentracing/contrib/opentracing-tracerresolver/0.1.8/opentracing-tracerresolver-0.1.8.jar:/home/runner/.m2/repository/org/jetbrains/kotlin/kotlin-stdlib/1.6.21/kotlin-stdlib-1.6.21.jar:/home/runner/.m2/repository/org/jetbrains/annotations/13.0/annotations-13.0.jar:/home/runner/.m2/repository/io/opentracing/opentracing-util/0.33.0/opentracing-util-0.33.0.jar:/home/runner/.m2/repository/io/opentracing/opentracing-api/0.33.0/opentracing-api-0.33.0.jar:/home/runner/.m2/repository/io/opentracing/opentracing-noop/0.33.0/opentracing-noop-0.33.0.jar:/home/runner/.m2/repository/org/yaml/snakeyaml/1.33/snakeyaml-1.33.jar:/home/runner/.m2/repository/org/apache/ozone/hdds-interface-admin/1.3.0-SNAPSHOT/hdds-interface-admin-1.3.0-SNAPSHOT.jar:/home/runner/.m2/repository/junit/junit/4.13.1/junit-4.13.1.jar:/home/runner/.m2/repository/org/hamcrest/hamcrest-core/1.3/hamcrest-core-1.3.jar:/home/runner/.m2/repository/org/junit/jupiter/junit-jupiter-api/5.8.2/junit-jupiter-api-5.8.2.jar:/home/runner/.m2/repository/org/opentest4j/opentest4j/1.2.0/opentest4j-1.2.0.jar:/home/runner/.m2/repository/org/junit/platform/junit-platform-commons/1.8.2/junit-platform-commons-1.8.2.jar:/home/runner/.m2/repository/org/apiguardian/apiguardian-api/1.1.2/apiguardian-api-1.1.2.jar:/home/runner/.m2/repository/org/junit/jupiter/junit-jupiter-params/5.8.2/junit-jupiter-params-5.8.2.jar:/home/runner/.m2/repository/org/junit/jupiter/junit-jupiter-migrationsupport/5.8.2/junit-jupiter-migrationsupport-5.8.2.jar:/home/runner/.m2/repository/org/junit/jupiter/junit-jupiter-engine/5.8.2/junit-jupiter-engine-5.8.2.jar:/home/runner/.m2/repository/org/junit/platform/junit-platform-engine/1.8.2/junit-platform-engine-1.8.2.jar:/home/runner/.m2/repository/org/junit/vintage/junit-vintage-engine/5.8.2/junit-vintage-engine-5.8.2.jar:/home/runner/.m2/repository/org/junit/platform/junit-platform-launcher/1.8.2/junit-platform-launcher-1.8.2.jar:/home/runner/.m2/repository/org/mockito/mockito-core/2.28.2/mockito-core-2.28.2.jar:/home/runner/.m2/repository/net/bytebuddy/byte-buddy/1.9.10/byte-buddy-1.9.10.jar:/home/runner/.m2/repository/net/bytebuddy/byte-buddy-agent/1.9.10/byte-buddy-agent-1.9.10.jar:/home/runner/.m2/repository/org/objenesis/objenesis/1.0/objenesis-1.0.jar:/home/runner/.m2/repository/org/apache/hadoop/hadoop-kms/3.3.4/hadoop-kms-3.3.4.jar:/home/runner/.m2/repository/org/apache/hadoop/hadoop-auth/3.3.4/hadoop-auth-3.3.4.jar:/home/runner/.m2/repository/com/nimbusds/nimbus-jose-jwt/9.8.1/nimbus-jose-jwt-9.8.1.jar:/home/runner/.m2/repository/com/github/stephenc/jcip/jcip-annotations/1.0-1/jcip-annotations-1.0-1.jar:/home/runner/.m2/repository/net/minidev/json-smart/2.4.7/json-smart-2.4.7.jar:/home/runner/.m2/repository/net/minidev/accessors-smart/2.4.7/accessors-smart-2.4.7.jar:/home/runner/.m2/repository/org/ow2/asm/asm/5.0.4/asm-5.0.4.jar:/home/runner/.m2/repository/org/apache/zookeeper/zookeeper/3.5.6/zookeeper-3.5.6.jar:/home/runner/.m2/repository/org/apache/zookeeper/zookeeper-jute/3.5.6/zookeeper-jute-3.5.6.jar:/home/runner/.m2/repository/org/apache/yetus/audience-annotations/0.5.0/audience-annotations-0.5.0.jar:/home/runner/.m2/repository/org/apache/curator/curator-framework/4.2.0/curator-framework-4.2.0.jar:/home/runner/.m2/repository/org/apache/hadoop/thirdparty/hadoop-shaded-guava/1.1.1/hadoop-shaded-guava-1.1.1.jar:/home/runner/.m2/repository/com/sun/jersey/jersey-core/1.19/jersey-core-1.19.jar:/home/runner/.m2/repository/javax/ws/rs/jsr311-api/1.1.1/jsr311-api-1.1.1.jar:/home/runner/.m2/repository/com/sun/jersey/jersey-server/1.19/jersey-server-1.19.jar:/home/runner/.m2/repository/javax/servlet/javax.servlet-api/3.1.0/javax.servlet-api-3.1.0.jar:/home/runner/.m2/repository/org/eclipse/jetty/jetty-server/9.4.49.v20220914/jetty-server-9.4.49.v20220914.jar:/home/runner/.m2/repository/org/eclipse/jetty/jetty-http/9.4.49.v20220914/jetty-http-9.4.49.v20220914.jar:/home/runner/.m2/repository/org/eclipse/jetty/jetty-io/9.4.49.v20220914/jetty-io-9.4.49.v20220914.jar:/home/runner/.m2/repository/org/eclipse/jetty/jetty-webapp/9.4.49.v20220914/jetty-webapp-9.4.49.v20220914.jar:/home/runner/.m2/repository/org/eclipse/jetty/jetty-xml/9.4.49.v20220914/jetty-xml-9.4.49.v20220914.jar:/home/runner/.m2/repository/org/apache/hadoop/hadoop-common/3.3.4/hadoop-common-3.3.4.jar:/home/runner/.m2/repository/org/apache/commons/commons-math3/3.1.1/commons-math3-3.1.1.jar:/home/runner/.m2/repository/commons-net/commons-net/3.9.0/commons-net-3.9.0.jar:/home/runner/.m2/repository/com/sun/jersey/jersey-servlet/1.19/jersey-servlet-1.19.jar:/home/runner/.m2/repository/com/sun/jersey/jersey-json/1.19/jersey-json-1.19.jar:/home/runner/.m2/repository/org/codehaus/jettison/jettison/1.1/jettison-1.1.jar:/home/runner/.m2/repository/com/sun/xml/bind/jaxb-impl/2.2.3-1/jaxb-impl-2.2.3-1.jar:/home/runner/.m2/repository/org/codehaus/jackson/jackson-xc/1.9.2/jackson-xc-1.9.2.jar:/home/runner/.m2/repository/com/google/re2j/re2j/1.1/re2j-1.1.jar:/home/runner/.m2/repository/com/jcraft/jsch/0.1.54/jsch-0.1.54.jar:/home/runner/.m2/repository/org/apache/curator/curator-client/4.2.0/curator-client-4.2.0.jar:/home/runner/.m2/repository/org/apache/curator/curator-recipes/4.2.0/curator-recipes-4.2.0.jar:/home/runner/.m2/repository/org/apache/kerby/kerb-core/1.0.1/kerb-core-1.0.1.jar:/home/runner/.m2/repository/org/apache/kerby/kerby-pkix/1.0.1/kerby-pkix-1.0.1.jar:/home/runner/.m2/repository/org/apache/kerby/kerby-asn1/1.0.1/kerby-asn1-1.0.1.jar:/home/runner/.m2/repository/org/apache/kerby/kerby-util/1.0.1/kerby-util-1.0.1.jar:/home/runner/.m2/repository/dnsjava/dnsjava/2.1.7/dnsjava-2.1.7.jar:/home/runner/.m2/repository/org/xerial/snappy/snappy-java/1.1.8.2/snappy-java-1.1.8.2.jar:/home/runner/.m2/repository/org/eclipse/jetty/jetty-util/9.4.49.v20220914/jetty-util-9.4.49.v20220914.jar:/home/runner/.m2/repository/com/fasterxml/jackson/core/jackson-databind/2.13.4.2/jackson-databind-2.13.4.2.jar:/home/runner/.m2/repository/org/apache/hadoop/hadoop-kms/3.3.4/hadoop-kms-3.3.4-tests.jar:/home/runner/.m2/repository/org/apache/ozone/hdds-server-scm/1.3.0-SNAPSHOT/hdds-server-scm-1.3.0-SNAPSHOT-tests.jar:/home/runner/.m2/repository/org/apache/ozone/hdds-container-service/1.3.0-SNAPSHOT/hdds-container-service-1.3.0-SNAPSHOT-tests.jar:/home/runner/.m2/repository/commons-codec/commons-codec/1.15/commons-codec-1.15.jar:/home/runner/.m2/repository/io/netty/netty-codec/4.1.77.Final/netty-codec-4.1.77.Final.jar:/home/runner/.m2/repository/io/netty/netty-handler/4.1.77.Final/netty-handler-4.1.77.Final.jar:/home/runner/.m2/repository/org/apache/ozone/hdds-hadoop-dependency-test/1.3.0-SNAPSHOT/hdds-hadoop-dependency-test-1.3.0-SNAPSHOT.jar:/home/runner/.m2/repository/org/apache/hadoop/hadoop-common/3.3.4/hadoop-common-3.3.4-tests.jar:/home/runner/.m2/repository/org/apache/hadoop/hadoop-hdfs/3.3.4/hadoop-hdfs-3.3.4-tests.jar:/home/runner/.m2/repository/org/assertj/assertj-core/3.12.2/assertj-core-3.12.2.jar:/home/runner/.m2/repository/org/apache/hadoop/hadoop-distcp/3.3.4/hadoop-distcp-3.3.4.jar:/home/runner/.m2/repository/org/apache/hadoop/hadoop-mapreduce-client-jobclient/3.3.4/hadoop-mapreduce-client-jobclient-3.3.4.jar:/home/runner/.m2/repository/org/apache/hadoop/hadoop-mapreduce-client-common/3.3.4/hadoop-mapreduce-client-common-3.3.4.jar:/home/runner/.m2/repository/org/apache/hadoop/hadoop-yarn-common/3.3.4/hadoop-yarn-common-3.3.4.jar:/home/runner/.m2/repository/org/apache/hadoop/hadoop-yarn-api/3.3.4/hadoop-yarn-api-3.3.4.jar:/home/runner/.m2/repository/com/sun/jersey/contribs/jersey-guice/1.19/jersey-guice-1.19.jar:/home/runner/.m2/repository/com/fasterxml/jackson/jaxrs/jackson-jaxrs-json-provider/2.13.4/jackson-jaxrs-json-provider-2.13.4.jar:/home/runner/.m2/repository/com/fasterxml/jackson/jaxrs/jackson-jaxrs-base/2.13.4/jackson-jaxrs-base-2.13.4.jar:/home/runner/.m2/repository/org/apache/hadoop/hadoop-yarn-client/3.3.4/hadoop-yarn-client-3.3.4.jar:/home/runner/.m2/repository/org/eclipse/jetty/websocket/websocket-client/9.4.43.v20210629/websocket-client-9.4.43.v20210629.jar:/home/runner/.m2/repository/org/eclipse/jetty/websocket/websocket-common/9.4.43.v20210629/websocket-common-9.4.43.v20210629.jar:/home/runner/.m2/repository/org/eclipse/jetty/websocket/websocket-api/9.4.43.v20210629/websocket-api-9.4.43.v20210629.jar:/home/runner/.m2/repository/org/jline/jline/3.9.0/jline-3.9.0.jar:/home/runner/.m2/repository/org/apache/hadoop/hadoop-mapreduce-client-core/3.3.4/hadoop-mapreduce-client-core-3.3.4.jar:/home/runner/.m2/repository/org/apache/avro/avro/1.7.7/avro-1.7.7.jar:/home/runner/.m2/repository/org/codehaus/jackson/jackson-core-asl/1.9.13/jackson-core-asl-1.9.13.jar:/home/runner/.m2/repository/org/codehaus/jackson/jackson-mapper-asl/1.9.13/jackson-mapper-asl-1.9.13.jar:/home/runner/.m2/repository/com/thoughtworks/paranamer/paranamer/2.3/paranamer-2.3.jar:/home/runner/.m2/repository/org/apache/hadoop/hadoop-annotations/3.3.4/hadoop-annotations-3.3.4.jar:/usr/lib/jvm/temurin-8-jdk-amd64/jre/../lib/tools.jar:/home/runner/.m2/repository/io/netty/netty/3.10.6.Final/netty-3.10.6.Final.jar:/home/runner/.m2/repository/org/apache/hadoop/hadoop-distcp/3.3.4/hadoop-distcp-3.3.4-tests.jar:/home/runner/.m2/repository/org/slf4j/jul-to-slf4j/1.7.36/jul-to-slf4j-1.7.36.jar:/home/runner/.m2/repository/org/apache/ratis/ratis-common/2.4.2-8b8bdda-SNAPSHOT/ratis-common-2.4.2-8b8bdda-SNAPSHOT.jar:/home/runner/.m2/repository/org/apache/ratis/ratis-thirdparty-misc/1.0.3/ratis-thirdparty-misc-1.0.3.jar:/home/runner/.m2/repository/org/apache/ratis/ratis-proto/2.4.2-8b8bdda-SNAPSHOT/ratis-proto-2.4.2-8b8bdda-SNAPSHOT.jar:"/>
    <property name="java.vm.vendor" value="Temurin"/>
    <property name="sun.arch.data.model" value="64"/>
    <property name="test.build.dir" value="/home/runner/work/ozone/ozone/hadoop-ozone/integration-test/target/test-dir"/>
    <property name="test.cache.data" value=""/>
    <property name="java.vendor.url" value="https://adoptium.net/"/>
    <property name="user.timezone" value="Etc/UTC"/>
    <property name="java.vm.specification.version" value="1.8"/>
    <property name="os.name" value="Linux"/>
    <property name="test.build.data" value="/home/runner/work/ozone/ozone/hadoop-ozone/integration-test/target/test-dir"/>
    <property name="sun.java.launcher" value="SUN_STANDARD"/>
    <property name="sun.boot.library.path" value="/usr/lib/jvm/temurin-8-jdk-amd64/jre/lib/amd64"/>
    <property name="sun.java.command" value="/home/runner/work/ozone/ozone/hadoop-ozone/integration-test/target/surefire/surefirebooter4768897205450150581.jar /home/runner/work/ozone/ozone/hadoop-ozone/integration-test/target/surefire 2022-12-06T15-49-15_859-jvmRun1 surefire126872021066495345tmp surefire_434956967111240140585tmp"/>
    <property name="surefire.test.class.path" value="/home/runner/work/ozone/ozone/hadoop-ozone/integration-test/target/test-classes:/home/runner/work/ozone/ozone/hadoop-ozone/integration-test/target/classes:/home/runner/.m2/repository/org/apache/ozone/ozone-common/1.3.0-SNAPSHOT/ozone-common-1.3.0-SNAPSHOT.jar:/home/runner/.m2/repository/io/grpc/grpc-netty/1.48.1/grpc-netty-1.48.1.jar:/home/runner/.m2/repository/io/grpc/grpc-core/1.48.1/grpc-core-1.48.1.jar:/home/runner/.m2/repository/com/google/android/annotations/4.1.1.4/annotations-4.1.1.4.jar:/home/runner/.m2/repository/org/codehaus/mojo/animal-sniffer-annotations/1.21/animal-sniffer-annotations-1.21.jar:/home/runner/.m2/repository/com/google/errorprone/error_prone_annotations/2.2.0/error_prone_annotations-2.2.0.jar:/home/runner/.m2/repository/io/perfmark/perfmark-api/0.25.0/perfmark-api-0.25.0.jar:/home/runner/.m2/repository/io/netty/netty-codec-http2/4.1.77.Final/netty-codec-http2-4.1.77.Final.jar:/home/runner/.m2/repository/io/netty/netty-common/4.1.77.Final/netty-common-4.1.77.Final.jar:/home/runner/.m2/repository/io/netty/netty-buffer/4.1.77.Final/netty-buffer-4.1.77.Final.jar:/home/runner/.m2/repository/io/netty/netty-codec-http/4.1.77.Final/netty-codec-http-4.1.77.Final.jar:/home/runner/.m2/repository/io/netty/netty-handler-proxy/4.1.77.Final/netty-handler-proxy-4.1.77.Final.jar:/home/runner/.m2/repository/io/netty/netty-codec-socks/4.1.77.Final/netty-codec-socks-4.1.77.Final.jar:/home/runner/.m2/repository/io/netty/netty-tcnative-boringssl-static/2.0.52.Final/netty-tcnative-boringssl-static-2.0.52.Final.jar:/home/runner/.m2/repository/io/netty/netty-tcnative-classes/2.0.52.Final/netty-tcnative-classes-2.0.52.Final.jar:/home/runner/.m2/repository/io/netty/netty-tcnative-boringssl-static/2.0.52.Final/netty-tcnative-boringssl-static-2.0.52.Final-linux-x86_64.jar:/home/runner/.m2/repository/io/netty/netty-tcnative-boringssl-static/2.0.52.Final/netty-tcnative-boringssl-static-2.0.52.Final-linux-aarch_64.jar:/home/runner/.m2/repository/io/netty/netty-tcnative-boringssl-static/2.0.52.Final/netty-tcnative-boringssl-static-2.0.52.Final-osx-x86_64.jar:/home/runner/.m2/repository/io/netty/netty-tcnative-boringssl-static/2.0.52.Final/netty-tcnative-boringssl-static-2.0.52.Final-osx-aarch_64.jar:/home/runner/.m2/repository/io/netty/netty-tcnative-boringssl-static/2.0.52.Final/netty-tcnative-boringssl-static-2.0.52.Final-windows-x86_64.jar:/home/runner/.m2/repository/org/apache/commons/commons-compress/1.21/commons-compress-1.21.jar:/home/runner/.m2/repository/org/apache/ozone/hdds-common/1.3.0-SNAPSHOT/hdds-common-1.3.0-SNAPSHOT.jar:/home/runner/.m2/repository/org/apache/ozone/hdds-client/1.3.0-SNAPSHOT/hdds-client-1.3.0-SNAPSHOT.jar:/home/runner/.m2/repository/org/apache/ozone/ozone-interface-client/1.3.0-SNAPSHOT/ozone-interface-client-1.3.0-SNAPSHOT.jar:/home/runner/.m2/repository/org/apache/ozone/hdds-test-utils/1.3.0-SNAPSHOT/hdds-test-utils-1.3.0-SNAPSHOT.jar:/home/runner/.m2/repository/com/google/guava/guava/31.1-jre/guava-31.1-jre.jar:/home/runner/.m2/repository/com/google/guava/failureaccess/1.0.1/failureaccess-1.0.1.jar:/home/runner/.m2/repository/com/google/guava/listenablefuture/9999.0-empty-to-avoid-conflict-with-guava/listenablefuture-9999.0-empty-to-avoid-conflict-with-guava.jar:/home/runner/.m2/repository/com/google/code/findbugs/jsr305/3.0.0/jsr305-3.0.0.jar:/home/runner/.m2/repository/org/checkerframework/checker-qual/3.12.0/checker-qual-3.12.0.jar:/home/runner/.m2/repository/com/google/j2objc/j2objc-annotations/1.3/j2objc-annotations-1.3.jar:/home/runner/.m2/repository/commons-io/commons-io/2.11.0/commons-io-2.11.0.jar:/home/runner/.m2/repository/commons-logging/commons-logging/1.2/commons-logging-1.2.jar:/home/runner/.m2/repository/ch/qos/reload4j/reload4j/1.2.22/reload4j-1.2.22.jar:/home/runner/.m2/repository/org/slf4j/slf4j-api/1.7.36/slf4j-api-1.7.36.jar:/home/runner/.m2/repository/org/apache/ozone/hdds-server-scm/1.3.0-SNAPSHOT/hdds-server-scm-1.3.0-SNAPSHOT.jar:/home/runner/.m2/repository/org/apache/ozone/hdds-container-service/1.3.0-SNAPSHOT/hdds-container-service-1.3.0-SNAPSHOT.jar:/home/runner/.m2/repository/org/apache/ozone/hdds-hadoop-dependency-server/1.3.0-SNAPSHOT/hdds-hadoop-dependency-server-1.3.0-SNAPSHOT.jar:/home/runner/.m2/repository/org/apache/hadoop/hadoop-hdfs/3.3.4/hadoop-hdfs-3.3.4.jar:/home/runner/.m2/repository/org/eclipse/jetty/jetty-util-ajax/9.4.49.v20220914/jetty-util-ajax-9.4.49.v20220914.jar:/home/runner/.m2/repository/commons-daemon/commons-daemon/1.0.13/commons-daemon-1.0.13.jar:/home/runner/.m2/repository/org/apache/ozone/hdds-server-framework/1.3.0-SNAPSHOT/hdds-server-framework-1.3.0-SNAPSHOT.jar:/home/runner/.m2/repository/org/apache/ozone/hdds-interface-server/1.3.0-SNAPSHOT/hdds-interface-server-1.3.0-SNAPSHOT.jar:/home/runner/.m2/repository/org/apache/commons/commons-configuration2/2.1.1/commons-configuration2-2.1.1.jar:/home/runner/.m2/repository/org/apache/logging/log4j/log4j-core/2.17.1/log4j-core-2.17.1.jar:/home/runner/.m2/repository/com/lmax/disruptor/3.4.2/disruptor-3.4.2.jar:/home/runner/.m2/repository/org/eclipse/jetty/jetty-servlet/9.4.49.v20220914/jetty-servlet-9.4.49.v20220914.jar:/home/runner/.m2/repository/org/eclipse/jetty/jetty-security/9.4.49.v20220914/jetty-security-9.4.49.v20220914.jar:/home/runner/.m2/repository/org/rocksdb/rocksdbjni/7.7.3/rocksdbjni-7.7.3.jar:/home/runner/.m2/repository/io/prometheus/simpleclient_dropwizard/0.7.0/simpleclient_dropwizard-0.7.0.jar:/home/runner/.m2/repository/io/prometheus/simpleclient/0.7.0/simpleclient-0.7.0.jar:/home/runner/.m2/repository/io/prometheus/simpleclient_common/0.7.0/simpleclient_common-0.7.0.jar:/home/runner/.m2/repository/com/github/spotbugs/spotbugs-annotations/3.1.12/spotbugs-annotations-3.1.12.jar:/home/runner/.m2/repository/io/dropwizard/metrics/metrics-core/3.2.4/metrics-core-3.2.4.jar:/home/runner/.m2/repository/org/apache/commons/commons-text/1.4/commons-text-1.4.jar:/home/runner/.m2/repository/org/apache/hadoop/hadoop-hdfs-client/3.3.4/hadoop-hdfs-client-3.3.4.jar:/home/runner/.m2/repository/com/squareup/okhttp3/okhttp/4.9.3/okhttp-4.9.3.jar:/home/runner/.m2/repository/com/squareup/okio/okio/2.8.0/okio-2.8.0.jar:/home/runner/.m2/repository/org/jetbrains/kotlin/kotlin-stdlib-common/1.4.10/kotlin-stdlib-common-1.4.10.jar:/home/runner/.m2/repository/org/bouncycastle/bcprov-jdk15on/1.67/bcprov-jdk15on-1.67.jar:/home/runner/.m2/repository/com/google/protobuf/protobuf-java/2.5.0/protobuf-java-2.5.0.jar:/home/runner/.m2/repository/org/apache/ozone/ozone-manager/1.3.0-SNAPSHOT/ozone-manager-1.3.0-SNAPSHOT.jar:/home/runner/.m2/repository/org/aspectj/aspectjrt/1.9.7/aspectjrt-1.9.7.jar:/home/runner/.m2/repository/org/aspectj/aspectjweaver/1.9.7/aspectjweaver-1.9.7.jar:/home/runner/.m2/repository/org/apache/ozone/hdds-interface-client/1.3.0-SNAPSHOT/hdds-interface-client-1.3.0-SNAPSHOT.jar:/home/runner/.m2/repository/org/apache/hadoop/thirdparty/hadoop-shaded-protobuf_3_7/1.1.1/hadoop-shaded-protobuf_3_7-1.1.1.jar:/home/runner/.m2/repository/org/apache/ozone/ozone-interface-storage/1.3.0-SNAPSHOT/ozone-interface-storage-1.3.0-SNAPSHOT.jar:/home/runner/.m2/repository/org/reflections/reflections/0.9.11/reflections-0.9.11.jar:/home/runner/.m2/repository/com/sun/jersey/jersey-client/1.19/jersey-client-1.19.jar:/home/runner/.m2/repository/org/apache/ranger/ranger-intg/2.3.0/ranger-intg-2.3.0.jar:/home/runner/.m2/repository/org/apache/ranger/ranger-plugins-common/2.3.0/ranger-plugins-common-2.3.0.jar:/home/runner/.m2/repository/commons-lang/commons-lang/2.6/commons-lang-2.6.jar:/home/runner/.m2/repository/org/codehaus/jackson/jackson-jaxrs/1.9.13/jackson-jaxrs-1.9.13.jar:/home/runner/.m2/repository/org/apache/ranger/ranger-plugins-cred/2.3.0/ranger-plugins-cred-2.3.0.jar:/home/runner/.m2/repository/org/apache/ranger/ranger-plugins-audit/2.3.0/ranger-plugins-audit-2.3.0.jar:/home/runner/.m2/repository/org/eclipse/jetty/jetty-client/9.4.31.v20200723/jetty-client-9.4.31.v20200723.jar:/home/runner/.m2/repository/org/apache/httpcomponents/httpmime/4.5.6/httpmime-4.5.6.jar:/home/runner/.m2/repository/org/apache/httpcomponents/httpcore-nio/4.4.6/httpcore-nio-4.4.6.jar:/home/runner/.m2/repository/org/apache/httpcomponents/httpasyncclient/4.1.3/httpasyncclient-4.1.3.jar:/home/runner/.m2/repository/com/carrotsearch/hppc/0.8.0/hppc-0.8.0.jar:/home/runner/.m2/repository/org/apache/orc/orc-core/1.5.8/orc-core-1.5.8.jar:/home/runner/.m2/repository/net/java/dev/jna/jna/5.2.0/jna-5.2.0.jar:/home/runner/.m2/repository/net/java/dev/jna/jna-platform/5.2.0/jna-platform-5.2.0.jar:/home/runner/.m2/repository/com/kstruct/gethostname4j/0.0.2/gethostname4j-0.0.2.jar:/home/runner/.m2/repository/org/apache/ranger/ranger-plugin-classloader/2.3.0/ranger-plugin-classloader-2.3.0.jar:/home/runner/.m2/repository/org/apache/hadoop/hadoop-minikdc/3.3.4/hadoop-minikdc-3.3.4.jar:/home/runner/.m2/repository/org/apache/kerby/kerb-simplekdc/1.0.1/kerb-simplekdc-1.0.1.jar:/home/runner/.m2/repository/org/apache/kerby/kerb-client/1.0.1/kerb-client-1.0.1.jar:/home/runner/.m2/repository/org/apache/kerby/kerby-config/1.0.1/kerby-config-1.0.1.jar:/home/runner/.m2/repository/org/apache/kerby/kerb-common/1.0.1/kerb-common-1.0.1.jar:/home/runner/.m2/repository/org/apache/kerby/kerb-crypto/1.0.1/kerb-crypto-1.0.1.jar:/home/runner/.m2/repository/org/apache/kerby/kerb-util/1.0.1/kerb-util-1.0.1.jar:/home/runner/.m2/repository/org/apache/kerby/token-provider/1.0.1/token-provider-1.0.1.jar:/home/runner/.m2/repository/org/apache/kerby/kerb-admin/1.0.1/kerb-admin-1.0.1.jar:/home/runner/.m2/repository/org/apache/kerby/kerb-server/1.0.1/kerb-server-1.0.1.jar:/home/runner/.m2/repository/org/apache/kerby/kerb-identity/1.0.1/kerb-identity-1.0.1.jar:/home/runner/.m2/repository/org/apache/kerby/kerby-xdr/1.0.1/kerby-xdr-1.0.1.jar:/home/runner/.m2/repository/org/apache/ozone/ozone-s3gateway/1.3.0-SNAPSHOT/ozone-s3gateway-1.3.0-SNAPSHOT.jar:/home/runner/.m2/repository/org/javassist/javassist/3.21.0-GA/javassist-3.21.0-GA.jar:/home/runner/.m2/repository/org/jboss/weld/servlet/weld-servlet/2.4.7.Final/weld-servlet-2.4.7.Final.jar:/home/runner/.m2/repository/org/glassfish/jersey/containers/jersey-container-servlet-core/2.34/jersey-container-servlet-core-2.34.jar:/home/runner/.m2/repository/org/glassfish/hk2/external/jakarta.inject/2.6.1/jakarta.inject-2.6.1.jar:/home/runner/.m2/repository/org/glassfish/jersey/core/jersey-common/2.34/jersey-common-2.34.jar:/home/runner/.m2/repository/jakarta/ws/rs/jakarta.ws.rs-api/2.1.6/jakarta.ws.rs-api-2.1.6.jar:/home/runner/.m2/repository/org/glassfish/jersey/ext/cdi/jersey-cdi1x/2.34/jersey-cdi1x-2.34.jar:/home/runner/.m2/repository/org/glassfish/jersey/inject/jersey-hk2/2.34/jersey-hk2-2.34.jar:/home/runner/.m2/repository/org/glassfish/hk2/hk2-locator/2.6.1/hk2-locator-2.6.1.jar:/home/runner/.m2/repository/org/glassfish/jersey/media/jersey-media-jaxb/2.34/jersey-media-jaxb-2.34.jar:/home/runner/.m2/repository/org/glassfish/hk2/osgi-resource-locator/1.0.3/osgi-resource-locator-1.0.3.jar:/home/runner/.m2/repository/org/glassfish/hk2/hk2-api/2.5.0/hk2-api-2.5.0.jar:/home/runner/.m2/repository/org/glassfish/hk2/hk2-utils/2.5.0/hk2-utils-2.5.0.jar:/home/runner/.m2/repository/org/glassfish/hk2/external/aopalliance-repackaged/2.5.0/aopalliance-repackaged-2.5.0.jar:/home/runner/.m2/repository/com/fasterxml/jackson/dataformat/jackson-dataformat-xml/2.13.4/jackson-dataformat-xml-2.13.4.jar:/home/runner/.m2/repository/com/fasterxml/jackson/core/jackson-core/2.13.4/jackson-core-2.13.4.jar:/home/runner/.m2/repository/org/codehaus/woodstox/stax2-api/4.2.1/stax2-api-4.2.1.jar:/home/runner/.m2/repository/com/fasterxml/woodstox/woodstox-core/5.4.0/woodstox-core-5.4.0.jar:/home/runner/.m2/repository/com/fasterxml/jackson/module/jackson-module-jaxb-annotations/2.13.4/jackson-module-jaxb-annotations-2.13.4.jar:/home/runner/.m2/repository/jakarta/xml/bind/jakarta.xml.bind-api/2.3.3/jakarta.xml.bind-api-2.3.3.jar:/home/runner/.m2/repository/jakarta/activation/jakarta.activation-api/1.2.1/jakarta.activation-api-1.2.1.jar:/home/runner/.m2/repository/javax/enterprise/cdi-api/1.2/cdi-api-1.2.jar:/home/runner/.m2/repository/javax/el/javax.el-api/3.0.0/javax.el-api-3.0.0.jar:/home/runner/.m2/repository/javax/interceptor/javax.interceptor-api/1.2/javax.interceptor-api-1.2.jar:/home/runner/.m2/repository/javax/inject/javax.inject/1/javax.inject-1.jar:/home/runner/.m2/repository/javax/xml/bind/jaxb-api/2.3.0/jaxb-api-2.3.0.jar:/home/runner/.m2/repository/org/glassfish/jaxb/jaxb-runtime/2.3.0.1/jaxb-runtime-2.3.0.1.jar:/home/runner/.m2/repository/org/glassfish/jaxb/jaxb-core/2.3.0.1/jaxb-core-2.3.0.1.jar:/home/runner/.m2/repository/org/glassfish/jaxb/txw2/2.3.0.1/txw2-2.3.0.1.jar:/home/runner/.m2/repository/com/sun/istack/istack-commons-runtime/3.0.5/istack-commons-runtime-3.0.5.jar:/home/runner/.m2/repository/org/jvnet/staxex/stax-ex/1.7.8/stax-ex-1.7.8.jar:/home/runner/.m2/repository/com/sun/xml/fastinfoset/FastInfoset/1.2.13/FastInfoset-1.2.13.jar:/home/runner/.m2/repository/javax/activation/activation/1.1.1/activation-1.1.1.jar:/home/runner/.m2/repository/io/grpc/grpc-protobuf/1.48.1/grpc-protobuf-1.48.1.jar:/home/runner/.m2/repository/io/grpc/grpc-api/1.48.1/grpc-api-1.48.1.jar:/home/runner/.m2/repository/io/grpc/grpc-context/1.48.1/grpc-context-1.48.1.jar:/home/runner/.m2/repository/com/google/api/grpc/proto-google-common-protos/2.9.0/proto-google-common-protos-2.9.0.jar:/home/runner/.m2/repository/io/grpc/grpc-protobuf-lite/1.48.1/grpc-protobuf-lite-1.48.1.jar:/home/runner/.m2/repository/io/grpc/grpc-stub/1.48.1/grpc-stub-1.48.1.jar:/home/runner/.m2/repository/io/netty/netty-transport/4.1.77.Final/netty-transport-4.1.77.Final.jar:/home/runner/.m2/repository/io/netty/netty-resolver/4.1.77.Final/netty-resolver-4.1.77.Final.jar:/home/runner/.m2/repository/org/apache/ozone/ozone-csi/1.3.0-SNAPSHOT/ozone-csi-1.3.0-SNAPSHOT.jar:/home/runner/.m2/repository/com/google/protobuf/protobuf-java-util/3.19.6/protobuf-java-util-3.19.6.jar:/home/runner/.m2/repository/com/google/code/gson/gson/2.9.0/gson-2.9.0.jar:/home/runner/.m2/repository/org/apache/ozone/hdds-config/1.3.0-SNAPSHOT/hdds-config-1.3.0-SNAPSHOT.jar:/home/runner/.m2/repository/io/netty/netty-transport-native-epoll/4.1.77.Final/netty-transport-native-epoll-4.1.77.Final-linux-x86_64.jar:/home/runner/.m2/repository/io/netty/netty-transport-classes-epoll/4.1.77.Final/netty-transport-classes-epoll-4.1.77.Final.jar:/home/runner/.m2/repository/io/netty/netty-transport-native-unix-common/4.1.77.Final/netty-transport-native-unix-common-4.1.77.Final.jar:/home/runner/.m2/repository/org/slf4j/slf4j-reload4j/1.7.36/slf4j-reload4j-1.7.36.jar:/home/runner/.m2/repository/org/apache/ozone/ozone-recon/1.3.0-SNAPSHOT/ozone-recon-1.3.0-SNAPSHOT.jar:/home/runner/.m2/repository/org/apache/ozone/ozone-reconcodegen/1.3.0-SNAPSHOT/ozone-reconcodegen-1.3.0-SNAPSHOT.jar:/home/runner/.m2/repository/com/google/inject/extensions/guice-multibindings/4.0/guice-multibindings-4.0.jar:/home/runner/.m2/repository/com/google/inject/guice/4.0/guice-4.0.jar:/home/runner/.m2/repository/aopalliance/aopalliance/1.0/aopalliance-1.0.jar:/home/runner/.m2/repository/com/google/inject/extensions/guice-assistedinject/4.0/guice-assistedinject-4.0.jar:/home/runner/.m2/repository/com/google/inject/extensions/guice-servlet/4.0/guice-servlet-4.0.jar:/home/runner/.m2/repository/org/glassfish/jersey/containers/jersey-container-servlet/2.34/jersey-container-servlet-2.34.jar:/home/runner/.m2/repository/org/glassfish/hk2/guice-bridge/2.5.0/guice-bridge-2.5.0.jar:/home/runner/.m2/repository/org/glassfish/jersey/core/jersey-server/2.34/jersey-server-2.34.jar:/home/runner/.m2/repository/org/glassfish/jersey/core/jersey-client/2.34/jersey-client-2.34.jar:/home/runner/.m2/repository/jakarta/annotation/jakarta.annotation-api/1.3.5/jakarta.annotation-api-1.3.5.jar:/home/runner/.m2/repository/jakarta/validation/jakarta.validation-api/2.0.2/jakarta.validation-api-2.0.2.jar:/home/runner/.m2/repository/org/glassfish/jersey/media/jersey-media-json-jackson/2.34/jersey-media-json-jackson-2.34.jar:/home/runner/.m2/repository/org/glassfish/jersey/ext/jersey-entity-filtering/2.34/jersey-entity-filtering-2.34.jar:/home/runner/.m2/repository/org/jooq/jooq/3.11.10/jooq-3.11.10.jar:/home/runner/.m2/repository/org/jooq/jooq-meta/3.11.10/jooq-meta-3.11.10.jar:/home/runner/.m2/repository/org/jooq/jooq-codegen/3.11.10/jooq-codegen-3.11.10.jar:/home/runner/.m2/repository/com/jolbox/bonecp/0.8.0.RELEASE/bonecp-0.8.0.RELEASE.jar:/home/runner/.m2/repository/org/apache/derby/derby/10.14.2.0/derby-10.14.2.0.jar:/home/runner/.m2/repository/org/xerial/sqlite-jdbc/3.25.2/sqlite-jdbc-3.25.2.jar:/home/runner/.m2/repository/org/springframework/spring-jdbc/5.3.23/spring-jdbc-5.3.23.jar:/home/runner/.m2/repository/org/springframework/spring-beans/5.3.23/spring-beans-5.3.23.jar:/home/runner/.m2/repository/org/springframework/spring-core/5.3.23/spring-core-5.3.23.jar:/home/runner/.m2/repository/org/springframework/spring-jcl/5.3.23/spring-jcl-5.3.23.jar:/home/runner/.m2/repository/org/springframework/spring-tx/5.3.23/spring-tx-5.3.23.jar:/home/runner/.m2/repository/org/apache/ozone/ozone-client/1.3.0-SNAPSHOT/ozone-client-1.3.0-SNAPSHOT.jar:/home/runner/.m2/repository/org/apache/ozone/hdds-erasurecode/1.3.0-SNAPSHOT/hdds-erasurecode-1.3.0-SNAPSHOT.jar:/home/runner/.m2/repository/org/apache/ozone/ozone-filesystem/1.3.0-SNAPSHOT/ozone-filesystem-1.3.0-SNAPSHOT.jar:/home/runner/.m2/repository/org/apache/ozone/ozone-filesystem-common/1.3.0-SNAPSHOT/ozone-filesystem-common-1.3.0-SNAPSHOT.jar:/home/runner/.m2/repository/org/apache/ozone/ozone-tools/1.3.0-SNAPSHOT/ozone-tools-1.3.0-SNAPSHOT.jar:/home/runner/.m2/repository/org/apache/ratis/ratis-tools/2.4.2-8b8bdda-SNAPSHOT/ratis-tools-2.4.2-8b8bdda-SNAPSHOT.jar:/home/runner/.m2/repository/com/amazonaws/aws-java-sdk-core/1.12.261/aws-java-sdk-core-1.12.261.jar:/home/runner/.m2/repository/org/apache/httpcomponents/httpclient/4.5.13/httpclient-4.5.13.jar:/home/runner/.m2/repository/org/apache/httpcomponents/httpcore/4.4.13/httpcore-4.4.13.jar:/home/runner/.m2/repository/software/amazon/ion/ion-java/1.0.2/ion-java-1.0.2.jar:/home/runner/.m2/repository/com/fasterxml/jackson/dataformat/jackson-dataformat-cbor/2.13.4/jackson-dataformat-cbor-2.13.4.jar:/home/runner/.m2/repository/joda-time/joda-time/2.8.1/joda-time-2.8.1.jar:/home/runner/.m2/repository/com/amazonaws/aws-java-sdk-s3/1.12.261/aws-java-sdk-s3-1.12.261.jar:/home/runner/.m2/repository/com/amazonaws/aws-java-sdk-kms/1.12.261/aws-java-sdk-kms-1.12.261.jar:/home/runner/.m2/repository/com/amazonaws/jmespath-java/1.12.261/jmespath-java-1.12.261.jar:/home/runner/.m2/repository/org/kohsuke/metainf-services/metainf-services/1.8/metainf-services-1.8.jar:/home/runner/.m2/repository/org/apache/ozone/hdds-tools/1.3.0-SNAPSHOT/hdds-tools-1.3.0-SNAPSHOT.jar:/home/runner/.m2/repository/commons-cli/commons-cli/1.2/commons-cli-1.2.jar:/home/runner/.m2/repository/org/apache/commons/commons-lang3/3.7/commons-lang3-3.7.jar:/home/runner/.m2/repository/org/apache/ozone/ozone-manager/1.3.0-SNAPSHOT/ozone-manager-1.3.0-SNAPSHOT-tests.jar:/home/runner/.m2/repository/org/apache/ozone/hdds-common/1.3.0-SNAPSHOT/hdds-common-1.3.0-SNAPSHOT-tests.jar:/home/runner/.m2/repository/org/apache/ozone/hdds-hadoop-dependency-client/1.3.0-SNAPSHOT/hdds-hadoop-dependency-client-1.3.0-SNAPSHOT.jar:/home/runner/.m2/repository/info/picocli/picocli/4.6.1/picocli-4.6.1.jar:/home/runner/.m2/repository/com/fasterxml/jackson/core/jackson-annotations/2.13.4/jackson-annotations-2.13.4.jar:/home/runner/.m2/repository/com/fasterxml/jackson/datatype/jackson-datatype-jsr310/2.13.4/jackson-datatype-jsr310-2.13.4.jar:/home/runner/.m2/repository/org/apache/ozone/hdds-annotation-processing/1.3.0-SNAPSHOT/hdds-annotation-processing-1.3.0-SNAPSHOT.jar:/home/runner/.m2/repository/javax/annotation/javax.annotation-api/1.2/javax.annotation-api-1.2.jar:/home/runner/.m2/repository/org/apache/ratis/ratis-server/2.4.2-8b8bdda-SNAPSHOT/ratis-server-2.4.2-8b8bdda-SNAPSHOT.jar:/home/runner/.m2/repository/org/apache/ratis/ratis-client/2.4.2-8b8bdda-SNAPSHOT/ratis-client-2.4.2-8b8bdda-SNAPSHOT.jar:/home/runner/.m2/repository/org/apache/ratis/ratis-server-api/2.4.2-8b8bdda-SNAPSHOT/ratis-server-api-2.4.2-8b8bdda-SNAPSHOT.jar:/home/runner/.m2/repository/org/apache/ratis/ratis-metrics/2.4.2-8b8bdda-SNAPSHOT/ratis-metrics-2.4.2-8b8bdda-SNAPSHOT.jar:/home/runner/.m2/repository/org/apache/ratis/ratis-netty/2.4.2-8b8bdda-SNAPSHOT/ratis-netty-2.4.2-8b8bdda-SNAPSHOT.jar:/home/runner/.m2/repository/org/apache/ratis/ratis-grpc/2.4.2-8b8bdda-SNAPSHOT/ratis-grpc-2.4.2-8b8bdda-SNAPSHOT.jar:/home/runner/.m2/repository/org/apache/logging/log4j/log4j-api/2.17.1/log4j-api-2.17.1.jar:/home/runner/.m2/repository/org/apache/commons/commons-pool2/2.6.0/commons-pool2-2.6.0.jar:/home/runner/.m2/repository/org/bouncycastle/bcpkix-jdk15on/1.67/bcpkix-jdk15on-1.67.jar:/home/runner/.m2/repository/commons-validator/commons-validator/1.6/commons-validator-1.6.jar:/home/runner/.m2/repository/commons-beanutils/commons-beanutils/1.9.4/commons-beanutils-1.9.4.jar:/home/runner/.m2/repository/commons-digester/commons-digester/1.8.1/commons-digester-1.8.1.jar:/home/runner/.m2/repository/commons-collections/commons-collections/3.2.2/commons-collections-3.2.2.jar:/home/runner/.m2/repository/io/jaegertracing/jaeger-client/1.6.0/jaeger-client-1.6.0.jar:/home/runner/.m2/repository/io/jaegertracing/jaeger-thrift/1.6.0/jaeger-thrift-1.6.0.jar:/home/runner/.m2/repository/org/apache/thrift/libthrift/0.14.1/libthrift-0.14.1.jar:/home/runner/.m2/repository/io/jaegertracing/jaeger-core/1.6.0/jaeger-core-1.6.0.jar:/home/runner/.m2/repository/io/jaegertracing/jaeger-tracerresolver/1.6.0/jaeger-tracerresolver-1.6.0.jar:/home/runner/.m2/repository/io/opentracing/contrib/opentracing-tracerresolver/0.1.8/opentracing-tracerresolver-0.1.8.jar:/home/runner/.m2/repository/org/jetbrains/kotlin/kotlin-stdlib/1.6.21/kotlin-stdlib-1.6.21.jar:/home/runner/.m2/repository/org/jetbrains/annotations/13.0/annotations-13.0.jar:/home/runner/.m2/repository/io/opentracing/opentracing-util/0.33.0/opentracing-util-0.33.0.jar:/home/runner/.m2/repository/io/opentracing/opentracing-api/0.33.0/opentracing-api-0.33.0.jar:/home/runner/.m2/repository/io/opentracing/opentracing-noop/0.33.0/opentracing-noop-0.33.0.jar:/home/runner/.m2/repository/org/yaml/snakeyaml/1.33/snakeyaml-1.33.jar:/home/runner/.m2/repository/org/apache/ozone/hdds-interface-admin/1.3.0-SNAPSHOT/hdds-interface-admin-1.3.0-SNAPSHOT.jar:/home/runner/.m2/repository/junit/junit/4.13.1/junit-4.13.1.jar:/home/runner/.m2/repository/org/hamcrest/hamcrest-core/1.3/hamcrest-core-1.3.jar:/home/runner/.m2/repository/org/junit/jupiter/junit-jupiter-api/5.8.2/junit-jupiter-api-5.8.2.jar:/home/runner/.m2/repository/org/opentest4j/opentest4j/1.2.0/opentest4j-1.2.0.jar:/home/runner/.m2/repository/org/junit/platform/junit-platform-commons/1.8.2/junit-platform-commons-1.8.2.jar:/home/runner/.m2/repository/org/apiguardian/apiguardian-api/1.1.2/apiguardian-api-1.1.2.jar:/home/runner/.m2/repository/org/junit/jupiter/junit-jupiter-params/5.8.2/junit-jupiter-params-5.8.2.jar:/home/runner/.m2/repository/org/junit/jupiter/junit-jupiter-migrationsupport/5.8.2/junit-jupiter-migrationsupport-5.8.2.jar:/home/runner/.m2/repository/org/junit/jupiter/junit-jupiter-engine/5.8.2/junit-jupiter-engine-5.8.2.jar:/home/runner/.m2/repository/org/junit/platform/junit-platform-engine/1.8.2/junit-platform-engine-1.8.2.jar:/home/runner/.m2/repository/org/junit/vintage/junit-vintage-engine/5.8.2/junit-vintage-engine-5.8.2.jar:/home/runner/.m2/repository/org/junit/platform/junit-platform-launcher/1.8.2/junit-platform-launcher-1.8.2.jar:/home/runner/.m2/repository/org/mockito/mockito-core/2.28.2/mockito-core-2.28.2.jar:/home/runner/.m2/repository/net/bytebuddy/byte-buddy/1.9.10/byte-buddy-1.9.10.jar:/home/runner/.m2/repository/net/bytebuddy/byte-buddy-agent/1.9.10/byte-buddy-agent-1.9.10.jar:/home/runner/.m2/repository/org/objenesis/objenesis/1.0/objenesis-1.0.jar:/home/runner/.m2/repository/org/apache/hadoop/hadoop-kms/3.3.4/hadoop-kms-3.3.4.jar:/home/runner/.m2/repository/org/apache/hadoop/hadoop-auth/3.3.4/hadoop-auth-3.3.4.jar:/home/runner/.m2/repository/com/nimbusds/nimbus-jose-jwt/9.8.1/nimbus-jose-jwt-9.8.1.jar:/home/runner/.m2/repository/com/github/stephenc/jcip/jcip-annotations/1.0-1/jcip-annotations-1.0-1.jar:/home/runner/.m2/repository/net/minidev/json-smart/2.4.7/json-smart-2.4.7.jar:/home/runner/.m2/repository/net/minidev/accessors-smart/2.4.7/accessors-smart-2.4.7.jar:/home/runner/.m2/repository/org/ow2/asm/asm/5.0.4/asm-5.0.4.jar:/home/runner/.m2/repository/org/apache/zookeeper/zookeeper/3.5.6/zookeeper-3.5.6.jar:/home/runner/.m2/repository/org/apache/zookeeper/zookeeper-jute/3.5.6/zookeeper-jute-3.5.6.jar:/home/runner/.m2/repository/org/apache/yetus/audience-annotations/0.5.0/audience-annotations-0.5.0.jar:/home/runner/.m2/repository/org/apache/curator/curator-framework/4.2.0/curator-framework-4.2.0.jar:/home/runner/.m2/repository/org/apache/hadoop/thirdparty/hadoop-shaded-guava/1.1.1/hadoop-shaded-guava-1.1.1.jar:/home/runner/.m2/repository/com/sun/jersey/jersey-core/1.19/jersey-core-1.19.jar:/home/runner/.m2/repository/javax/ws/rs/jsr311-api/1.1.1/jsr311-api-1.1.1.jar:/home/runner/.m2/repository/com/sun/jersey/jersey-server/1.19/jersey-server-1.19.jar:/home/runner/.m2/repository/javax/servlet/javax.servlet-api/3.1.0/javax.servlet-api-3.1.0.jar:/home/runner/.m2/repository/org/eclipse/jetty/jetty-server/9.4.49.v20220914/jetty-server-9.4.49.v20220914.jar:/home/runner/.m2/repository/org/eclipse/jetty/jetty-http/9.4.49.v20220914/jetty-http-9.4.49.v20220914.jar:/home/runner/.m2/repository/org/eclipse/jetty/jetty-io/9.4.49.v20220914/jetty-io-9.4.49.v20220914.jar:/home/runner/.m2/repository/org/eclipse/jetty/jetty-webapp/9.4.49.v20220914/jetty-webapp-9.4.49.v20220914.jar:/home/runner/.m2/repository/org/eclipse/jetty/jetty-xml/9.4.49.v20220914/jetty-xml-9.4.49.v20220914.jar:/home/runner/.m2/repository/org/apache/hadoop/hadoop-common/3.3.4/hadoop-common-3.3.4.jar:/home/runner/.m2/repository/org/apache/commons/commons-math3/3.1.1/commons-math3-3.1.1.jar:/home/runner/.m2/repository/commons-net/commons-net/3.9.0/commons-net-3.9.0.jar:/home/runner/.m2/repository/com/sun/jersey/jersey-servlet/1.19/jersey-servlet-1.19.jar:/home/runner/.m2/repository/com/sun/jersey/jersey-json/1.19/jersey-json-1.19.jar:/home/runner/.m2/repository/org/codehaus/jettison/jettison/1.1/jettison-1.1.jar:/home/runner/.m2/repository/com/sun/xml/bind/jaxb-impl/2.2.3-1/jaxb-impl-2.2.3-1.jar:/home/runner/.m2/repository/org/codehaus/jackson/jackson-xc/1.9.2/jackson-xc-1.9.2.jar:/home/runner/.m2/repository/com/google/re2j/re2j/1.1/re2j-1.1.jar:/home/runner/.m2/repository/com/jcraft/jsch/0.1.54/jsch-0.1.54.jar:/home/runner/.m2/repository/org/apache/curator/curator-client/4.2.0/curator-client-4.2.0.jar:/home/runner/.m2/repository/org/apache/curator/curator-recipes/4.2.0/curator-recipes-4.2.0.jar:/home/runner/.m2/repository/org/apache/kerby/kerb-core/1.0.1/kerb-core-1.0.1.jar:/home/runner/.m2/repository/org/apache/kerby/kerby-pkix/1.0.1/kerby-pkix-1.0.1.jar:/home/runner/.m2/repository/org/apache/kerby/kerby-asn1/1.0.1/kerby-asn1-1.0.1.jar:/home/runner/.m2/repository/org/apache/kerby/kerby-util/1.0.1/kerby-util-1.0.1.jar:/home/runner/.m2/repository/dnsjava/dnsjava/2.1.7/dnsjava-2.1.7.jar:/home/runner/.m2/repository/org/xerial/snappy/snappy-java/1.1.8.2/snappy-java-1.1.8.2.jar:/home/runner/.m2/repository/org/eclipse/jetty/jetty-util/9.4.49.v20220914/jetty-util-9.4.49.v20220914.jar:/home/runner/.m2/repository/com/fasterxml/jackson/core/jackson-databind/2.13.4.2/jackson-databind-2.13.4.2.jar:/home/runner/.m2/repository/org/apache/hadoop/hadoop-kms/3.3.4/hadoop-kms-3.3.4-tests.jar:/home/runner/.m2/repository/org/apache/ozone/hdds-server-scm/1.3.0-SNAPSHOT/hdds-server-scm-1.3.0-SNAPSHOT-tests.jar:/home/runner/.m2/repository/org/apache/ozone/hdds-container-service/1.3.0-SNAPSHOT/hdds-container-service-1.3.0-SNAPSHOT-tests.jar:/home/runner/.m2/repository/commons-codec/commons-codec/1.15/commons-codec-1.15.jar:/home/runner/.m2/repository/io/netty/netty-codec/4.1.77.Final/netty-codec-4.1.77.Final.jar:/home/runner/.m2/repository/io/netty/netty-handler/4.1.77.Final/netty-handler-4.1.77.Final.jar:/home/runner/.m2/repository/org/apache/ozone/hdds-hadoop-dependency-test/1.3.0-SNAPSHOT/hdds-hadoop-dependency-test-1.3.0-SNAPSHOT.jar:/home/runner/.m2/repository/org/apache/hadoop/hadoop-common/3.3.4/hadoop-common-3.3.4-tests.jar:/home/runner/.m2/repository/org/apache/hadoop/hadoop-hdfs/3.3.4/hadoop-hdfs-3.3.4-tests.jar:/home/runner/.m2/repository/org/assertj/assertj-core/3.12.2/assertj-core-3.12.2.jar:/home/runner/.m2/repository/org/apache/hadoop/hadoop-distcp/3.3.4/hadoop-distcp-3.3.4.jar:/home/runner/.m2/repository/org/apache/hadoop/hadoop-mapreduce-client-jobclient/3.3.4/hadoop-mapreduce-client-jobclient-3.3.4.jar:/home/runner/.m2/repository/org/apache/hadoop/hadoop-mapreduce-client-common/3.3.4/hadoop-mapreduce-client-common-3.3.4.jar:/home/runner/.m2/repository/org/apache/hadoop/hadoop-yarn-common/3.3.4/hadoop-yarn-common-3.3.4.jar:/home/runner/.m2/repository/org/apache/hadoop/hadoop-yarn-api/3.3.4/hadoop-yarn-api-3.3.4.jar:/home/runner/.m2/repository/com/sun/jersey/contribs/jersey-guice/1.19/jersey-guice-1.19.jar:/home/runner/.m2/repository/com/fasterxml/jackson/jaxrs/jackson-jaxrs-json-provider/2.13.4/jackson-jaxrs-json-provider-2.13.4.jar:/home/runner/.m2/repository/com/fasterxml/jackson/jaxrs/jackson-jaxrs-base/2.13.4/jackson-jaxrs-base-2.13.4.jar:/home/runner/.m2/repository/org/apache/hadoop/hadoop-yarn-client/3.3.4/hadoop-yarn-client-3.3.4.jar:/home/runner/.m2/repository/org/eclipse/jetty/websocket/websocket-client/9.4.43.v20210629/websocket-client-9.4.43.v20210629.jar:/home/runner/.m2/repository/org/eclipse/jetty/websocket/websocket-common/9.4.43.v20210629/websocket-common-9.4.43.v20210629.jar:/home/runner/.m2/repository/org/eclipse/jetty/websocket/websocket-api/9.4.43.v20210629/websocket-api-9.4.43.v20210629.jar:/home/runner/.m2/repository/org/jline/jline/3.9.0/jline-3.9.0.jar:/home/runner/.m2/repository/org/apache/hadoop/hadoop-mapreduce-client-core/3.3.4/hadoop-mapreduce-client-core-3.3.4.jar:/home/runner/.m2/repository/org/apache/avro/avro/1.7.7/avro-1.7.7.jar:/home/runner/.m2/repository/org/codehaus/jackson/jackson-core-asl/1.9.13/jackson-core-asl-1.9.13.jar:/home/runner/.m2/repository/org/codehaus/jackson/jackson-mapper-asl/1.9.13/jackson-mapper-asl-1.9.13.jar:/home/runner/.m2/repository/com/thoughtworks/paranamer/paranamer/2.3/paranamer-2.3.jar:/home/runner/.m2/repository/org/apache/hadoop/hadoop-annotations/3.3.4/hadoop-annotations-3.3.4.jar:/usr/lib/jvm/temurin-8-jdk-amd64/jre/../lib/tools.jar:/home/runner/.m2/repository/io/netty/netty/3.10.6.Final/netty-3.10.6.Final.jar:/home/runner/.m2/repository/org/apache/hadoop/hadoop-distcp/3.3.4/hadoop-distcp-3.3.4-tests.jar:/home/runner/.m2/repository/org/slf4j/jul-to-slf4j/1.7.36/jul-to-slf4j-1.7.36.jar:/home/runner/.m2/repository/org/apache/ratis/ratis-common/2.4.2-8b8bdda-SNAPSHOT/ratis-common-2.4.2-8b8bdda-SNAPSHOT.jar:/home/runner/.m2/repository/org/apache/ratis/ratis-thirdparty-misc/1.0.3/ratis-thirdparty-misc-1.0.3.jar:/home/runner/.m2/repository/org/apache/ratis/ratis-proto/2.4.2-8b8bdda-SNAPSHOT/ratis-proto-2.4.2-8b8bdda-SNAPSHOT.jar:"/>
    <property name="sun.cpu.endian" value="little"/>
    <property name="user.home" value="/home/runner"/>
    <property name="user.language" value="en"/>
    <property name="java.specification.vendor" value="Oracle Corporation"/>
    <property name="java.home" value="/usr/lib/jvm/temurin-8-jdk-amd64/jre"/>
    <property name="java.security.krb5.conf" value="/home/runner/work/ozone/ozone/hadoop-ozone/integration-test/target/test-classes/krb5.conf"/>
    <property name="basedir" value="/home/runner/work/ozone/ozone/hadoop-ozone/integration-test"/>
    <property name="file.separator" value="/"/>
    <property name="line.separator" value="&#10;"/>
    <property name="java.vm.specification.vendor" value="Oracle Corporation"/>
    <property name="java.specification.name" value="Java Platform API Specification"/>
    <property name="java.awt.graphicsenv" value="sun.awt.X11GraphicsEnvironment"/>
    <property name="skip.installnpx" value="true"/>
    <property name="surefire.real.class.path" value="/home/runner/work/ozone/ozone/hadoop-ozone/integration-test/target/surefire/surefirebooter4768897205450150581.jar:/home/runner/.m2/repository/org/jacoco/org.jacoco.agent/0.8.5/org.jacoco.agent-0.8.5-runtime.jar"/>
    <property name="hadoop.log.dir" value="/home/runner/work/ozone/ozone/hadoop-ozone/integration-test/target/log"/>
    <property name="sun.boot.class.path" value="/usr/lib/jvm/temurin-8-jdk-amd64/jre/lib/resources.jar:/usr/lib/jvm/temurin-8-jdk-amd64/jre/lib/rt.jar:/usr/lib/jvm/temurin-8-jdk-amd64/jre/lib/sunrsasign.jar:/usr/lib/jvm/temurin-8-jdk-amd64/jre/lib/jsse.jar:/usr/lib/jvm/temurin-8-jdk-amd64/jre/lib/jce.jar:/usr/lib/jvm/temurin-8-jdk-amd64/jre/lib/charsets.jar:/usr/lib/jvm/temurin-8-jdk-amd64/jre/lib/jfr.jar:/usr/lib/jvm/temurin-8-jdk-amd64/jre/classes"/>
    <property name="sun.management.compiler" value="HotSpot 64-Bit Tiered Compilers"/>
    <property name="skip.npx" value="true"/>
    <property name="java.runtime.version" value="1.8.0_352-b08"/>
    <property name="java.net.preferIPv4Stack" value="true"/>
    <property name="user.name" value="runner"/>
    <property name="path.separator" value=":"/>
    <property name="java.security.egd" value="file:///dev/urandom"/>
    <property name="os.version" value="5.15.0-1023-azure"/>
    <property name="java.endorsed.dirs" value="/usr/lib/jvm/temurin-8-jdk-amd64/jre/lib/endorsed"/>
    <property name="java.runtime.name" value="OpenJDK Runtime Environment"/>
    <property name="file.encoding" value="UTF-8"/>
    <property name="java.vm.name" value="OpenJDK 64-Bit Server VM"/>
    <property name="test.build.webapps" value=""/>
    <property name="localRepository" value="/home/runner/.m2/repository"/>
    <property name="jetty.git.hash" value="4231a3b2e4cb8548a412a789936d640a97b1aa0a"/>
    <property name="java.vendor.url.bug" value="https://github.com/adoptium/adoptium-support/issues"/>
    <property name="java.io.tmpdir" value="/tmp"/>
    <property name="require.test.libhadoop" value=""/>
    <property name="java.version" value="1.8.0_352"/>
    <property name="user.dir" value="/home/runner/work/ozone/ozone/hadoop-ozone/integration-test"/>
    <property name="os.arch" value="amd64"/>
    <property name="java.vm.specification.name" value="Java Virtual Machine Specification"/>
    <property name="test.build.classes" value="/home/runner/work/ozone/ozone/hadoop-ozone/integration-test/target/test-classes"/>
    <property name="java.awt.printerjob" value="sun.print.PSPrinterJob"/>
    <property name="sun.os.patch.level" value="unknown"/>
    <property name="org.apache.ratis.thirdparty.io.netty.allocator.useCacheForAllThreads" value="false"/>
    <property name="hadoop.tmp.dir" value="/home/runner/work/ozone/ozone/hadoop-ozone/integration-test/target/tmp"/>
    <property name="java.library.path" value="/usr/java/packages/lib/amd64:/usr/lib64:/lib64:/lib:/usr/lib"/>
    <property name="java.vm.info" value="mixed mode"/>
    <property name="java.vendor" value="Temurin"/>
    <property name="java.vm.version" value="25.352-b08"/>
    <property name="java.specification.maintenance.version" value="4"/>
    <property name="java.ext.dirs" value="/usr/lib/jvm/temurin-8-jdk-amd64/jre/lib/ext:/usr/java/packages/lib/ext"/>
    <property name="sun.io.unicode.encoding" value="UnicodeLittle"/>
    <property name="java.class.version" value="52.0"/>
  </properties>
  <testcase name="testContainerRecoveryOverReplicationProcessing" classname="org.apache.hadoop.ozone.container.TestECContainerRecovery" time="28.573">
    <system-out><![CDATA[2022-12-06 16:24:22,072 [main] WARN  server.ServerUtils (ServerUtils.java:getScmDbDir(148)) - ozone.scm.db.dirs is not configured. We recommend adding this setting. Falling back to ozone.metadata.dirs instead.
2022-12-06 16:24:22,171 [main] WARN  server.ServerUtils (ServerUtils.java:getScmDbDir(148)) - ozone.scm.db.dirs is not configured. We recommend adding this setting. Falling back to ozone.metadata.dirs instead.
2022-12-06 16:24:22,175 [main] INFO  ha.SCMHANodeDetails (SCMHANodeDetails.java:loadSCMHAConfig(209)) - ServiceID for StorageContainerManager is null
2022-12-06 16:24:22,185 [main] WARN  ha.SCMHANodeDetails (SCMHANodeDetails.java:validateSCMHAConfig(182)) - Invalid config ozone.scm.ratis.enable. The config was not specified, but the default value true conflicts with the expected config value false. Falling back to the expected value. Current State of SCM: SCM is running in Non-HA without Ratis Ratis SCM -> Non Ratis SCM or Non HA SCM -> HA SCM is not supported
2022-12-06 16:24:22,185 [main] INFO  ha.SCMHANodeDetails (SCMHANodeDetails.java:loadSCMHAConfig(214)) - ozone.scm.default.service.id is not defined, falling back to ozone.scm.service.ids to find serviceID for StorageContainerManager if it is HA enabled cluster
2022-12-06 16:24:22,726 [main] WARN  utils.HAUtils (HAUtils.java:getMetaDir(342)) - ozone.scm.db.dirs is not configured. We recommend adding this setting. Falling back to ozone.metadata.dirs instead.
2022-12-06 16:24:22,874 [main] WARN  db.DBStoreBuilder (DBStoreBuilder.java:applyDBDefinition(144)) - ozone.scm.db.dirs is not configured. We recommend adding this setting. Falling back to ozone.metadata.dirs instead.
2022-12-06 16:24:23,155 [main] INFO  net.NodeSchemaLoader (NodeSchemaLoader.java:loadSchemaFromFile(129)) - Loading schema from [jar:file:/home/runner/.m2/repository/org/apache/ozone/hdds-common/1.3.0-SNAPSHOT/hdds-common-1.3.0-SNAPSHOT.jar!/network-topology-default.xml]
2022-12-06 16:24:23,157 [main] INFO  net.NodeSchemaLoader (NodeSchemaLoader.java:loadSchema(176)) - Loading network topology layer schema file
2022-12-06 16:24:23,196 [main] INFO  metrics.MetricRegistries (MetricRegistriesLoader.java:load(64)) - Loaded MetricRegistries class org.apache.ratis.metrics.impl.MetricRegistriesImpl
2022-12-06 16:24:23,202 [main] INFO  upgrade.AbstractLayoutVersionManager (AbstractLayoutVersionManager.java:init(83)) - Initializing Layout version manager with metadata layout = DATANODE_SCHEMA_V3 (version = 4), software layout = DATANODE_SCHEMA_V3 (version = 4)
2022-12-06 16:24:23,422 [main] INFO  reflections.Reflections (Reflections.java:scan(232)) - Reflections took 129 ms to scan 7 urls, producing 140 keys and 342 values 
2022-12-06 16:24:23,507 [main] INFO  ha.SequenceIdGenerator (SequenceIdGenerator.java:upgradeToSequenceId(349)) - upgrade localId to 109611004723200000
2022-12-06 16:24:23,507 [main] INFO  ha.SequenceIdGenerator (SequenceIdGenerator.java:upgradeToSequenceId(359)) - upgrade delTxnId to 0
2022-12-06 16:24:23,511 [main] INFO  ha.SequenceIdGenerator (SequenceIdGenerator.java:upgradeToSequenceId(376)) - upgrade containerId to 0
2022-12-06 16:24:23,513 [main] INFO  ha.SequenceIdGenerator (SequenceIdGenerator.java:<init>(220)) - Init the HA SequenceIdGenerator.
2022-12-06 16:24:23,561 [main] WARN  server.ServerUtils (ServerUtils.java:sanitizeUserArgs(67)) - ozone.scm.stale.node.interval value = 1000 is smaller than min = 3000 based on the key value of hdds.heartbeat.interval, reset to the min value 3000.
2022-12-06 16:24:23,561 [main] WARN  server.ServerUtils (ServerUtils.java:sanitizeUserArgs(67)) - ozone.scm.stale.node.interval value = 1000 is smaller than min = 3000 based on the key value of hdds.heartbeat.interval, reset to the min value 3000.
2022-12-06 16:24:23,561 [main] WARN  server.ServerUtils (ServerUtils.java:sanitizeUserArgs(67)) - ozone.scm.dead.node.interval value = 1000 is smaller than min = 6000 based on the key value of ozone.scm.stale.node.interval, reset to the min value 6000.
2022-12-06 16:24:23,568 [main] INFO  node.SCMNodeManager (SCMNodeManager.java:<init>(149)) - Entering startup safe mode.
2022-12-06 16:24:23,626 [main] INFO  algorithms.ContainerPlacementPolicyFactory (ContainerPlacementPolicyFactory.java:getPolicyInternal(86)) - Create container placement policy of type org.apache.hadoop.hdds.scm.container.placement.algorithms.SCMContainerPlacementRandom
2022-12-06 16:24:23,629 [main] INFO  algorithms.ContainerPlacementPolicyFactory (ContainerPlacementPolicyFactory.java:getPolicyInternal(86)) - Create container placement policy of type org.apache.hadoop.hdds.scm.container.placement.algorithms.SCMContainerPlacementRackScatter
2022-12-06 16:24:23,650 [main] INFO  pipeline.PipelineStateManagerImpl (PipelineStateManagerImpl.java:initialize(78)) - No pipeline exists in current db
2022-12-06 16:24:23,686 [main] INFO  algorithms.LeaderChoosePolicyFactory (LeaderChoosePolicyFactory.java:getPolicy(57)) - Create leader choose policy of type org.apache.hadoop.hdds.scm.pipeline.leader.choose.algorithms.MinLeaderCountChoosePolicy
2022-12-06 16:24:23,687 [main] INFO  algorithms.ContainerPlacementPolicyFactory (ContainerPlacementPolicyFactory.java:getPolicyInternal(86)) - Create container placement policy of type org.apache.hadoop.hdds.scm.container.placement.algorithms.SCMContainerPlacementRackScatter
2022-12-06 16:24:23,699 [main] INFO  ha.SCMServiceManager (SCMServiceManager.java:register(42)) - Registering service BackgroundPipelineCreator.
2022-12-06 16:24:23,699 [main] INFO  pipeline.BackgroundPipelineCreator (BackgroundPipelineCreator.java:start(124)) - Starting RatisPipelineUtilsThread.
2022-12-06 16:24:23,703 [main] INFO  BackgroundPipelineScrubber (BackgroundSCMService.java:start(68)) - Starting BackgroundPipelineScrubber Service.
2022-12-06 16:24:23,705 [main] INFO  ha.SCMServiceManager (SCMServiceManager.java:register(42)) - Registering service BackgroundPipelineScrubber.
2022-12-06 16:24:23,712 [main] INFO  ExpiredContainerReplicaOpScrubber (BackgroundSCMService.java:start(68)) - Starting ExpiredContainerReplicaOpScrubber Service.
2022-12-06 16:24:23,713 [main] INFO  ha.SCMServiceManager (SCMServiceManager.java:register(42)) - Registering service ExpiredContainerReplicaOpScrubber.
2022-12-06 16:24:23,758 [main] INFO  algorithms.PipelineChoosePolicyFactory (PipelineChoosePolicyFactory.java:createPipelineChoosePolicyFromClass(73)) - Create pipeline choose policy of type org.apache.hadoop.hdds.scm.pipeline.choose.algorithms.RandomPipelineChoosePolicy
2022-12-06 16:24:23,776 [main] INFO  ha.SCMServiceManager (SCMServiceManager.java:register(42)) - Registering service SCMBlockDeletingService.
2022-12-06 16:24:23,827 [main] INFO  replication.ReplicationManager (ReplicationManager.java:start(254)) - Starting Replication Monitor Thread.
2022-12-06 16:24:23,836 [main] INFO  ha.SCMServiceManager (SCMServiceManager.java:register(42)) - Registering service ReplicationManager.
2022-12-06 16:24:23,839 [ReplicationMonitor] INFO  replication.ReplicationManager (ReplicationManager.java:processAll(323)) - Replication Manager is not ready to run until 3000ms after safemode exit
2022-12-06 16:24:23,852 [main] INFO  safemode.ContainerSafeModeRule (ContainerSafeModeRule.java:<init>(89)) - containers with one replica threshold count 0
2022-12-06 16:24:23,856 [main] INFO  safemode.HealthyPipelineSafeModeRule (HealthyPipelineSafeModeRule.java:initializeRule(169)) - Total pipeline count is 0, healthy pipeline threshold count is 1
2022-12-06 16:24:23,858 [main] INFO  safemode.OneReplicaPipelineSafeModeRule (OneReplicaPipelineSafeModeRule.java:initializeRule(180)) - Total pipeline count is 0, pipeline's with at least one datanode reported threshold count is 0
2022-12-06 16:24:24,186 [main] INFO  audit.AuditLogger (AuditLogger.java:refreshDebugCmdSet(126)) - Refresh DebugCmdSet for SCMAudit to [].
2022-12-06 16:24:24,222 [main] INFO  ipc.CallQueueManager (CallQueueManager.java:<init>(90)) - Using callQueue: class java.util.concurrent.LinkedBlockingQueue, queueCapacity: 2000, scheduler: class org.apache.hadoop.ipc.DefaultRpcScheduler, ipcBackoff: false.
2022-12-06 16:24:24,266 [Socket Reader #1 for port 0] INFO  ipc.Server (Server.java:run(1273)) - Starting Socket Reader #1 for port 0
2022-12-06 16:24:24,337 [Listener at 0.0.0.0/43931] INFO  audit.AuditLogger (AuditLogger.java:refreshDebugCmdSet(126)) - Refresh DebugCmdSet for SCMAudit to [].
2022-12-06 16:24:24,343 [Listener at 0.0.0.0/43931] INFO  ipc.CallQueueManager (CallQueueManager.java:<init>(90)) - Using callQueue: class java.util.concurrent.LinkedBlockingQueue, queueCapacity: 2000, scheduler: class org.apache.hadoop.ipc.DefaultRpcScheduler, ipcBackoff: false.
2022-12-06 16:24:24,345 [Socket Reader #1 for port 0] INFO  ipc.Server (Server.java:run(1273)) - Starting Socket Reader #1 for port 0
2022-12-06 16:24:24,386 [Listener at 0.0.0.0/38215] INFO  audit.AuditLogger (AuditLogger.java:refreshDebugCmdSet(126)) - Refresh DebugCmdSet for SCMAudit to [].
2022-12-06 16:24:24,399 [Listener at 0.0.0.0/38215] INFO  ipc.CallQueueManager (CallQueueManager.java:<init>(90)) - Using callQueue: class java.util.concurrent.LinkedBlockingQueue, queueCapacity: 2000, scheduler: class org.apache.hadoop.ipc.DefaultRpcScheduler, ipcBackoff: false.
2022-12-06 16:24:24,401 [Socket Reader #1 for port 0] INFO  ipc.Server (Server.java:run(1273)) - Starting Socket Reader #1 for port 0
2022-12-06 16:24:24,436 [Listener at 0.0.0.0/34787] INFO  ha.SCMServiceManager (SCMServiceManager.java:register(42)) - Registering service ContainerBalancer.
2022-12-06 16:24:24,437 [Listener at 0.0.0.0/34787] INFO  server.StorageContainerManager (StorageContainerManager.java:<init>(397)) - 
Container Balancer status:
Key                            Value
Running                        true
Container Balancer Configuration values:
Key                                                Value
Threshold                                          10
Max Datanodes to Involve per Iteration(percent)    20
Max Size to Move per Iteration                     500GB
Max Size Entering Target per Iteration             26GB
Max Size Leaving Source per Iteration              26GB

2022-12-06 16:24:24,438 [Listener at 0.0.0.0/34787] INFO  ha.SCMContext (SCMContext.java:updateSafeModeStatus(228)) - Update SafeModeStatus from SafeModeStatus{safeModeStatus=true, preCheckPassed=false} to SafeModeStatus{safeModeStatus=true, preCheckPassed=false}.
2022-12-06 16:24:24,451 [Listener at 0.0.0.0/34787] INFO  server.StorageContainerManager (StorageContainerManager.java:start(1419)) - StorageContainerLocationProtocol RPC server is listening at /0.0.0.0:34787
2022-12-06 16:24:24,531 [Listener at 0.0.0.0/34787] WARN  impl.MetricsConfig (MetricsConfig.java:loadFirst(136)) - Cannot locate configuration: tried hadoop-metrics2-storagecontainermanager.properties,hadoop-metrics2.properties
2022-12-06 16:24:24,548 [Listener at 0.0.0.0/34787] INFO  impl.MetricsSystemImpl (MetricsSystemImpl.java:startTimer(378)) - Scheduled Metric snapshot period at 10 second(s).
2022-12-06 16:24:24,548 [Listener at 0.0.0.0/34787] INFO  impl.MetricsSystemImpl (MetricsSystemImpl.java:start(191)) - StorageContainerManager metrics system started
2022-12-06 16:24:24,918 [Listener at 0.0.0.0/34787] INFO  server.SCMClientProtocolServer (SCMClientProtocolServer.java:start(170)) - RPC server for Client  is listening at /0.0.0.0:34787
2022-12-06 16:24:24,919 [IPC Server Responder] INFO  ipc.Server (Server.java:run(1512)) - IPC Server Responder: starting
2022-12-06 16:24:24,920 [IPC Server listener on 0] INFO  ipc.Server (Server.java:run(1352)) - IPC Server listener on 0: starting
2022-12-06 16:24:24,924 [Listener at 0.0.0.0/34787] INFO  server.StorageContainerManager (StorageContainerManager.java:start(1433)) - ScmBlockLocationProtocol RPC server is listening at /0.0.0.0:38215
2022-12-06 16:24:24,924 [Listener at 0.0.0.0/34787] INFO  server.SCMBlockProtocolServer (SCMBlockProtocolServer.java:start(152)) - RPC server for Block Protocol is listening at /0.0.0.0:38215
2022-12-06 16:24:24,925 [IPC Server Responder] INFO  ipc.Server (Server.java:run(1512)) - IPC Server Responder: starting
2022-12-06 16:24:24,926 [IPC Server listener on 0] INFO  ipc.Server (Server.java:run(1352)) - IPC Server listener on 0: starting
2022-12-06 16:24:24,928 [Listener at 0.0.0.0/34787] INFO  server.SCMDatanodeProtocolServer (SCMDatanodeProtocolServer.java:start(186)) - ScmDatanodeProtocol RPC server for DataNodes is listening at /0.0.0.0:43931
2022-12-06 16:24:24,929 [IPC Server Responder] INFO  ipc.Server (Server.java:run(1512)) - IPC Server Responder: starting
2022-12-06 16:24:24,929 [IPC Server listener on 0] INFO  ipc.Server (Server.java:run(1352)) - IPC Server listener on 0: starting
2022-12-06 16:24:24,945 [org.apache.hadoop.util.JvmPauseMonitor$Monitor@359a2c96] INFO  util.JvmPauseMonitor (JvmPauseMonitor.java:run(188)) - Starting JVM pause monitor
2022-12-06 16:24:24,964 [Listener at 0.0.0.0/34787] INFO  http.BaseHttpServer (BaseHttpServer.java:newHttpServer2BuilderForOzone(213)) - Starting Web-server for scm at: http://0.0.0.0:0
2022-12-06 16:24:24,964 [Listener at 0.0.0.0/34787] INFO  http.BaseHttpServer (BaseHttpServer.java:<init>(108)) - Hadoop Security Enabled: false Ozone Security Enabled: false Ozone HTTP Security Enabled: false 
2022-12-06 16:24:24,992 [Listener at 0.0.0.0/34787] INFO  util.log (Log.java:initialized(170)) - Logging initialized @4441ms to org.eclipse.jetty.util.log.Slf4jLog
2022-12-06 16:24:25,107 [Listener at 0.0.0.0/34787] WARN  server.AuthenticationFilter (AuthenticationFilter.java:constructSecretProvider(240)) - Unable to initialize FileSignerSecretProvider, falling back to use random secrets. Reason: Could not read signature secret file: /home/runner/hadoop-http-auth-signature-secret
2022-12-06 16:24:25,115 [Listener at 0.0.0.0/34787] WARN  http.HttpRequestLog (HttpRequestLog.java:getRequestLog(103)) - Jetty request log can only be enabled using Log4j
2022-12-06 16:24:25,121 [Listener at 0.0.0.0/34787] INFO  http.HttpServer2 (HttpServer2.java:addGlobalFilter(1031)) - Added global filter 'safety' (class=org.apache.hadoop.hdds.server.http.HttpServer2$QuotingInputFilter)
2022-12-06 16:24:25,123 [Listener at 0.0.0.0/34787] INFO  http.HttpServer2 (HttpServer2.java:addFilter(1007)) - Added filter static_user_filter (class=org.apache.hadoop.http.lib.StaticUserWebFilter$StaticUserFilter) to context scm
2022-12-06 16:24:25,123 [Listener at 0.0.0.0/34787] INFO  http.HttpServer2 (HttpServer2.java:addFilter(1015)) - Added filter static_user_filter (class=org.apache.hadoop.http.lib.StaticUserWebFilter$StaticUserFilter) to context static
2022-12-06 16:24:25,124 [Listener at 0.0.0.0/34787] INFO  http.HttpServer2 (HttpServer2.java:addFilter(1015)) - Added filter static_user_filter (class=org.apache.hadoop.http.lib.StaticUserWebFilter$StaticUserFilter) to context logs
2022-12-06 16:24:25,169 [Listener at 0.0.0.0/34787] INFO  http.HttpServer2 (HttpServer2.java:bindListener(1250)) - Jetty bound to port 38321
2022-12-06 16:24:25,171 [Listener at 0.0.0.0/34787] INFO  server.Server (Server.java:doStart(375)) - jetty-9.4.49.v20220914; built: 2022-09-14T01:07:36.601Z; git: 4231a3b2e4cb8548a412a789936d640a97b1aa0a; jvm 1.8.0_352-b08
2022-12-06 16:24:25,214 [Listener at 0.0.0.0/34787] INFO  server.session (DefaultSessionIdManager.java:doStart(334)) - DefaultSessionIdManager workerName=node0
2022-12-06 16:24:25,214 [Listener at 0.0.0.0/34787] INFO  server.session (DefaultSessionIdManager.java:doStart(339)) - No SessionScavenger set, using defaults
2022-12-06 16:24:25,216 [Listener at 0.0.0.0/34787] INFO  server.session (HouseKeeper.java:startScavenging(132)) - node0 Scavenging every 600000ms
2022-12-06 16:24:25,230 [Listener at 0.0.0.0/34787] INFO  handler.ContextHandler (ContextHandler.java:doStart(921)) - Started o.e.j.s.ServletContextHandler@78c5ef58{logs,/logs,file:///home/runner/work/ozone/ozone/hadoop-ozone/integration-test/target/log,AVAILABLE}
2022-12-06 16:24:25,231 [Listener at 0.0.0.0/34787] INFO  handler.ContextHandler (ContextHandler.java:doStart(921)) - Started o.e.j.s.ServletContextHandler@2b5ca574{static,/static,file:///home/runner/work/ozone/ozone/hadoop-ozone/integration-test/target/test-classes/webapps/static,AVAILABLE}
2022-12-06 16:24:25,275 [Listener at 0.0.0.0/34787] INFO  handler.ContextHandler (ContextHandler.java:doStart(921)) - Started o.e.j.w.WebAppContext@63d14dbf{scm,/,file:///home/runner/work/ozone/ozone/hadoop-ozone/integration-test/target/test-classes/webapps/scm/,AVAILABLE}{file:/home/runner/work/ozone/ozone/hadoop-ozone/integration-test/target/test-classes/webapps/scm}
2022-12-06 16:24:25,287 [Listener at 0.0.0.0/34787] INFO  server.AbstractConnector (AbstractConnector.java:doStart(333)) - Started ServerConnector@60739eca{HTTP/1.1, (http/1.1)}{0.0.0.0:38321}
2022-12-06 16:24:25,287 [Listener at 0.0.0.0/34787] INFO  server.Server (Server.java:doStart(415)) - Started @4735ms
2022-12-06 16:24:25,289 [Listener at 0.0.0.0/34787] INFO  impl.MetricsSinkAdapter (MetricsSinkAdapter.java:start(204)) - Sink prometheus started
2022-12-06 16:24:25,289 [Listener at 0.0.0.0/34787] INFO  impl.MetricsSystemImpl (MetricsSystemImpl.java:registerSink(305)) - Registered sink prometheus
2022-12-06 16:24:25,291 [Listener at 0.0.0.0/34787] INFO  http.BaseHttpServer (BaseHttpServer.java:updateConnectorAddress(333)) - HTTP server of scm listening at http://0.0.0.0:38321
2022-12-06 16:24:25,292 [Listener at 0.0.0.0/34787] WARN  server.ServerUtils (ServerUtils.java:getDBPath(225)) - ozone.om.db.dirs is not configured. We recommend adding this setting. Falling back to ozone.metadata.dirs instead.
2022-12-06 16:24:25,357 [Listener at 0.0.0.0/34787] INFO  audit.AuditLogger (AuditLogger.java:refreshDebugCmdSet(126)) - Refresh DebugCmdSet for OMAudit to [].
2022-12-06 16:24:25,448 [Listener at 0.0.0.0/34787] INFO  ha.OMHANodeDetails (OMHANodeDetails.java:loadOMHAConfig(115)) - ozone.om.internal.service.id is not defined, falling back to ozone.om.service.ids to find serviceID for OzoneManager if it is HA enabled cluster
2022-12-06 16:24:25,451 [Listener at 0.0.0.0/34787] INFO  ha.OMHANodeDetails (OMHANodeDetails.java:loadOMHAConfig(226)) - Configuration does not have ozone.om.address set. Falling back to the default OM address /127.0.0.1:0
2022-12-06 16:24:25,452 [Listener at 0.0.0.0/34787] INFO  ha.OMHANodeDetails (OMHANodeDetails.java:getOMNodeDetailsForNonHA(254)) - OM Service ID is not set. Setting it to the default ID: omServiceIdDefault
2022-12-06 16:24:25,452 [Listener at 0.0.0.0/34787] INFO  ha.OMHANodeDetails (OMHANodeDetails.java:getOMNodeDetailsForNonHA(261)) - OM Node ID is not set. Setting it to the default ID: om1
2022-12-06 16:24:25,456 [Listener at 0.0.0.0/34787] WARN  server.ServerUtils (ServerUtils.java:getDBPath(225)) - ozone.om.db.dirs is not configured. We recommend adding this setting. Falling back to ozone.metadata.dirs instead.
2022-12-06 16:24:25,458 [Listener at 0.0.0.0/34787] INFO  upgrade.AbstractLayoutVersionManager (AbstractLayoutVersionManager.java:init(83)) - Initializing Layout version manager with metadata layout = MULTITENANCY_SCHEMA (version = 3), software layout = MULTITENANCY_SCHEMA (version = 3)
2022-12-06 16:24:25,566 [Listener at 0.0.0.0/34787] INFO  reflections.Reflections (Reflections.java:scan(232)) - Reflections took 102 ms to scan 2 urls, producing 154 keys and 429 values [using 2 cores]
2022-12-06 16:24:25,571 [Listener at 0.0.0.0/34787] INFO  upgrade.OMLayoutVersionManager (OMLayoutVersionManager.java:lambda$0(115)) - Skipping Upgrade Action MockOmUpgradeAction since it has been finalized.
2022-12-06 16:24:25,572 [Listener at 0.0.0.0/34787] WARN  server.ServerUtils (ServerUtils.java:getDBPath(225)) - ozone.om.db.dirs is not configured. We recommend adding this setting. Falling back to ozone.metadata.dirs instead.
2022-12-06 16:24:25,748 [Listener at 0.0.0.0/34787] INFO  proxy.SCMBlockLocationFailoverProxyProvider (SCMBlockLocationFailoverProxyProvider.java:<init>(114)) - Created block location fail-over proxy with 1 nodes: [nodeId=scmNodeId,nodeAddress=/0.0.0.0:38215]
2022-12-06 16:24:25,783 [Listener at 0.0.0.0/34787] INFO  proxy.SCMBlockLocationFailoverProxyProvider (SCMBlockLocationFailoverProxyProvider.java:<init>(114)) - Created block location fail-over proxy with 1 nodes: [nodeId=scmNodeId,nodeAddress=/0.0.0.0:38215]
2022-12-06 16:24:26,003 [Listener at 0.0.0.0/34787] WARN  server.ServerUtils (ServerUtils.java:getDBPath(225)) - ozone.om.db.dirs is not configured. We recommend adding this setting. Falling back to ozone.metadata.dirs instead.
2022-12-06 16:24:26,010 [Listener at 0.0.0.0/34787] INFO  codec.OmKeyInfoCodec (OmKeyInfoCodec.java:<init>(49)) - OmKeyInfoCodec ignorePipeline = true
2022-12-06 16:24:26,012 [Listener at 0.0.0.0/34787] INFO  codec.RepeatedOmKeyInfoCodec (RepeatedOmKeyInfoCodec.java:<init>(41)) - RepeatedOmKeyInfoCodec ignorePipeline = true
2022-12-06 16:24:26,221 [Listener at 0.0.0.0/34787] INFO  om.OzoneManager (OzoneManager.java:instantiateServices(715)) - S3 Multi-Tenancy is disabled
2022-12-06 16:24:26,324 [Listener at 0.0.0.0/34787] INFO  om.OzoneManager (OzoneManager.java:addS3GVolumeToDB(4400)) - Created Volume s3v With Owner runner required for S3Gateway operations.
2022-12-06 16:24:26,416 [Listener at 0.0.0.0/34787] WARN  server.ServerUtils (ServerUtils.java:getDefaultRatisDirectory(237)) - Storage directory for Ratis is not configured. It is a good idea to map this to an SSD disk. Falling back to ozone.metadata.dirs
2022-12-06 16:24:26,417 [Listener at 0.0.0.0/34787] WARN  utils.OzoneManagerRatisUtils (OzoneManagerRatisUtils.java:getOMRatisSnapshotDirectory(434)) - ozone.om.ratis.snapshot.dir is not configured. Falling back to ozone.metadata.dirs config
2022-12-06 16:24:26,441 [Listener at 0.0.0.0/34787] WARN  server.ServerUtils (ServerUtils.java:getDefaultRatisDirectory(237)) - Storage directory for Ratis is not configured. It is a good idea to map this to an SSD disk. Falling back to ozone.metadata.dirs
2022-12-06 16:24:26,472 [Listener at 0.0.0.0/34787] INFO  ratis.OzoneManagerRatisServer (OzoneManagerRatisServer.java:<init>(160)) - Instantiating OM Ratis server with groupID: omServiceIdDefault and peers: localhost:9872
2022-12-06 16:24:26,481 [Listener at 0.0.0.0/34787] INFO  ratis.OzoneManagerStateMachine (OzoneManagerStateMachine.java:loadSnapshotInfoFromDB(636)) - LastAppliedIndex is set from TransactionInfo from OM DB as (t:0, i:~)
2022-12-06 16:24:26,534 [Listener at 0.0.0.0/34787] INFO  server.RaftServer (ConfUtils.java:logGet(46)) - raft.rpc.type = GRPC (default)
2022-12-06 16:24:26,626 [Listener at 0.0.0.0/34787] INFO  grpc.GrpcConfigKeys (ConfUtils.java:logFallback(53)) - raft.grpc.admin.host = null (fallback to raft.grpc.server.host)
2022-12-06 16:24:26,628 [Listener at 0.0.0.0/34787] INFO  grpc.GrpcConfigKeys (ConfUtils.java:logFallback(53)) - raft.grpc.admin.port = 9872 (fallback to raft.grpc.server.port)
2022-12-06 16:24:26,629 [Listener at 0.0.0.0/34787] INFO  grpc.GrpcConfigKeys (ConfUtils.java:logFallback(53)) - raft.grpc.client.host = null (fallback to raft.grpc.server.host)
2022-12-06 16:24:26,630 [Listener at 0.0.0.0/34787] INFO  grpc.GrpcConfigKeys (ConfUtils.java:logFallback(53)) - raft.grpc.client.port = 9872 (fallback to raft.grpc.server.port)
2022-12-06 16:24:26,630 [Listener at 0.0.0.0/34787] INFO  grpc.GrpcConfigKeys (ConfUtils.java:logGet(46)) - raft.grpc.server.host = null (default)
2022-12-06 16:24:26,630 [Listener at 0.0.0.0/34787] INFO  grpc.GrpcConfigKeys (ConfUtils.java:logGet(46)) - raft.grpc.server.port = 9872 (custom)
2022-12-06 16:24:26,631 [Listener at 0.0.0.0/34787] INFO  server.GrpcService (ConfUtils.java:logGet(46)) - raft.grpc.message.size.max = 33554432 (custom)
2022-12-06 16:24:26,632 [Listener at 0.0.0.0/34787] INFO  server.RaftServerConfigKeys (ConfUtils.java:logGet(46)) - raft.server.log.appender.buffer.byte-limit = 33554432 (custom)
2022-12-06 16:24:26,633 [Listener at 0.0.0.0/34787] INFO  server.GrpcService (ConfUtils.java:logGet(46)) - raft.grpc.flow.control.window = 1MB (=1048576) (default)
2022-12-06 16:24:26,633 [Listener at 0.0.0.0/34787] INFO  server.RaftServerConfigKeys (ConfUtils.java:logGet(46)) - raft.server.rpc.request.timeout = 3000ms (default)
2022-12-06 16:24:26,653 [Listener at 0.0.0.0/34787] INFO  grpc.GrpcConfigKeys (ConfUtils.java:logGet(46)) - raft.grpc.server.heartbeat.channel = true (default)
2022-12-06 16:24:26,656 [Listener at 0.0.0.0/34787] INFO  grpc.GrpcConfigKeys (ConfUtils.java:logGet(46)) - raft.grpc.server.async.request.thread.pool.cached = true (default)
2022-12-06 16:24:26,657 [Listener at 0.0.0.0/34787] INFO  grpc.GrpcConfigKeys (ConfUtils.java:logGet(46)) - raft.grpc.server.async.request.thread.pool.size = 32 (default)
2022-12-06 16:24:26,990 [Listener at 0.0.0.0/34787] INFO  impl.DataStreamServerImpl (ConfUtils.java:logGet(46)) - raft.datastream.type = DISABLED (default)
2022-12-06 16:24:26,994 [Listener at 0.0.0.0/34787] INFO  server.RaftServerConfigKeys (ConfUtils.java:logGet(46)) - raft.server.threadpool.proxy.cached = true (default)
2022-12-06 16:24:26,994 [Listener at 0.0.0.0/34787] INFO  server.RaftServerConfigKeys (ConfUtils.java:logGet(46)) - raft.server.threadpool.proxy.size = 0 (default)
2022-12-06 16:24:26,995 [Listener at 0.0.0.0/34787] INFO  server.RaftServerConfigKeys (ConfUtils.java:logGet(46)) - raft.server.rpc.slowness.timeout = 120s (custom)
2022-12-06 16:24:26,995 [Listener at 0.0.0.0/34787] INFO  server.RaftServerConfigKeys (ConfUtils.java:logGet(46)) - raft.server.leaderelection.leader.step-down.wait-time = 10s (default)
2022-12-06 16:24:26,998 [Listener at 0.0.0.0/34787] INFO  server.RaftServerConfigKeys (ConfUtils.java:logGet(46)) - raft.server.storage.dir = [/home/runner/work/ozone/ozone/hadoop-ozone/integration-test/target/test-dir/MiniOzoneClusterImpl-ff76fcda-2f7b-42b7-aafc-07b3f4cbd752/ozone-meta/ratis] (custom)
2022-12-06 16:24:27,006 [Listener at 0.0.0.0/34787] INFO  server.RaftServer (RaftServerProxy.java:addNew(96)) - om1: addNew group-C5BA1605619E:[om1|rpc:localhost:9872|priority:0|startupRole:FOLLOWER] returns group-C5BA1605619E:java.util.concurrent.CompletableFuture@4785f176[Not completed]
2022-12-06 16:24:27,006 [Listener at 0.0.0.0/34787] INFO  om.OzoneManager (OzoneManager.java:initializeRatisServer(1977)) - OzoneManager Ratis server initialized at port 9872
2022-12-06 16:24:27,018 [Listener at 0.0.0.0/34787] INFO  om.OzoneManager (OzoneManager.java:getRpcServer(1104)) - Creating RPC Server
2022-12-06 16:24:27,047 [pool-54-thread-1] INFO  server.RaftServer$Division (RaftServerImpl.java:<init>(195)) - om1: new RaftServerImpl for group-C5BA1605619E:[om1|rpc:localhost:9872|priority:0|startupRole:FOLLOWER] with OzoneManagerStateMachine:uninitialized
2022-12-06 16:24:27,053 [pool-54-thread-1] INFO  server.RaftServerConfigKeys (ConfUtils.java:logGet(46)) - raft.server.rpc.timeout.min = 1s (custom)
2022-12-06 16:24:27,053 [pool-54-thread-1] INFO  server.RaftServerConfigKeys (ConfUtils.java:logGet(46)) - raft.server.rpc.timeout.max = 1200ms (custom)
2022-12-06 16:24:27,053 [pool-54-thread-1] INFO  server.RaftServerConfigKeys (ConfUtils.java:logGet(46)) - raft.server.rpc.sleep.time = 25ms (default)
2022-12-06 16:24:27,053 [pool-54-thread-1] INFO  server.RaftServerConfigKeys (ConfUtils.java:logGet(46)) - raft.server.rpc.slowness.timeout = 120s (custom)
2022-12-06 16:24:27,053 [pool-54-thread-1] INFO  server.RaftServerConfigKeys (ConfUtils.java:logGet(46)) - raft.server.leaderelection.leader.step-down.wait-time = 10s (default)
2022-12-06 16:24:27,053 [pool-54-thread-1] INFO  server.RaftServerConfigKeys (ConfUtils.java:logGet(46)) - raft.server.sleep.deviation.threshold = 300ms (default)
2022-12-06 16:24:27,062 [pool-54-thread-1] INFO  server.RaftServer$Division (ServerState.java:<init>(118)) - om1@group-C5BA1605619E: ConfigurationManager, init=-1: peers:[om1|rpc:localhost:9872|priority:0|startupRole:FOLLOWER]|listeners:[], old=null, confs=<EMPTY_MAP>
2022-12-06 16:24:27,062 [pool-54-thread-1] INFO  server.RaftServerConfigKeys (ConfUtils.java:logGet(46)) - raft.server.storage.dir = [/home/runner/work/ozone/ozone/hadoop-ozone/integration-test/target/test-dir/MiniOzoneClusterImpl-ff76fcda-2f7b-42b7-aafc-07b3f4cbd752/ozone-meta/ratis] (custom)
2022-12-06 16:24:27,070 [pool-54-thread-1] INFO  server.RaftServerConfigKeys (ConfUtils.java:logGet(46)) - raft.server.log.corruption.policy = EXCEPTION (default)
2022-12-06 16:24:27,071 [pool-54-thread-1] INFO  server.RaftServerConfigKeys (ConfUtils.java:logGet(46)) - raft.server.storage.free-space.min = 0MB (=0) (default)
2022-12-06 16:24:27,093 [pool-54-thread-1] INFO  server.RaftServerConfigKeys (ConfUtils.java:logGet(46)) - raft.server.notification.no-leader.timeout = 120s (custom)
2022-12-06 16:24:27,099 [pool-54-thread-1] INFO  server.RaftServerConfigKeys (ConfUtils.java:logGet(46)) - raft.server.retrycache.expirytime = 300s (custom)
2022-12-06 16:24:27,099 [pool-54-thread-1] INFO  server.RaftServerConfigKeys (ConfUtils.java:logGet(46)) - raft.server.retrycache.statistics.expirytime = 100μs (default)
2022-12-06 16:24:27,309 [pool-54-thread-1] INFO  server.RaftServerConfigKeys (ConfUtils.java:logGet(46)) - raft.server.log.appender.install.snapshot.enabled = false (custom)
2022-12-06 16:24:27,312 [pool-54-thread-1] INFO  server.RaftServerConfigKeys (ConfUtils.java:logGet(46)) - raft.server.threadpool.server.cached = true (default)
2022-12-06 16:24:27,312 [pool-54-thread-1] INFO  server.RaftServerConfigKeys (ConfUtils.java:logGet(46)) - raft.server.threadpool.server.size = 0 (default)
2022-12-06 16:24:27,313 [pool-54-thread-1] INFO  server.RaftServerConfigKeys (ConfUtils.java:logGet(46)) - raft.server.threadpool.client.cached = true (default)
2022-12-06 16:24:27,317 [pool-54-thread-1] INFO  server.RaftServerConfigKeys (ConfUtils.java:logGet(46)) - raft.server.threadpool.client.size = 0 (default)
2022-12-06 16:24:27,844 [Listener at 0.0.0.0/34787] INFO  reflections.Reflections (Reflections.java:scan(232)) - Reflections took 755 ms to scan 19 urls, producing 67 keys and 4402 values [using 2 cores]
2022-12-06 16:24:28,113 [Listener at 0.0.0.0/34787] INFO  ipc.CallQueueManager (CallQueueManager.java:<init>(90)) - Using callQueue: class java.util.concurrent.LinkedBlockingQueue, queueCapacity: 2000, scheduler: class org.apache.hadoop.ipc.DefaultRpcScheduler, ipcBackoff: false.
2022-12-06 16:24:28,114 [Socket Reader #1 for port 0] INFO  ipc.Server (Server.java:run(1273)) - Starting Socket Reader #1 for port 0
2022-12-06 16:24:28,157 [Listener at 127.0.0.1/39139] INFO  impl.MetricsSystemImpl (MetricsSystemImpl.java:init(158)) - OzoneManager metrics system started (again)
2022-12-06 16:24:28,169 [Listener at 127.0.0.1/39139] INFO  om.OzoneManager (OzoneManager.java:start(1484)) - OzoneManager RPC server is listening at localhost/127.0.0.1:39139
2022-12-06 16:24:28,169 [Listener at 127.0.0.1/39139] INFO  ratis.OzoneManagerRatisServer (OzoneManagerRatisServer.java:start(555)) - Starting OzoneManagerRatisServer om1 at port 9872
2022-12-06 16:24:28,173 [om1-impl-thread1] INFO  storage.RaftStorageDirectory (RaftStorageDirectoryImpl.java:analyzeStorage(137)) - The storage directory /home/runner/work/ozone/ozone/hadoop-ozone/integration-test/target/test-dir/MiniOzoneClusterImpl-ff76fcda-2f7b-42b7-aafc-07b3f4cbd752/ozone-meta/ratis/bf265839-605b-3f16-9796-c5ba1605619e does not exist. Creating ...
2022-12-06 16:24:28,178 [om1-impl-thread1] INFO  storage.RaftStorageDirectory (RaftStorageDirectoryImpl.java:tryLock(231)) - Lock on /home/runner/work/ozone/ozone/hadoop-ozone/integration-test/target/test-dir/MiniOzoneClusterImpl-ff76fcda-2f7b-42b7-aafc-07b3f4cbd752/ozone-meta/ratis/bf265839-605b-3f16-9796-c5ba1605619e/in_use.lock acquired by nodename 47636@fv-az451-158
2022-12-06 16:24:28,184 [om1-impl-thread1] INFO  storage.RaftStorage (RaftStorageImpl.java:format(96)) - Storage directory /home/runner/work/ozone/ozone/hadoop-ozone/integration-test/target/test-dir/MiniOzoneClusterImpl-ff76fcda-2f7b-42b7-aafc-07b3f4cbd752/ozone-meta/ratis/bf265839-605b-3f16-9796-c5ba1605619e has been successfully formatted.
2022-12-06 16:24:28,187 [om1-impl-thread1] INFO  server.RaftServerConfigKeys (ConfUtils.java:logGet(46)) - raft.server.log.use.memory = false (default)
2022-12-06 16:24:28,319 [om1-impl-thread1] INFO  server.RaftServerConfigKeys (ConfUtils.java:logGet(46)) - raft.server.log.purge.gap = 1000000 (custom)
2022-12-06 16:24:28,320 [om1-impl-thread1] INFO  server.RaftServerConfigKeys (ConfUtils.java:logGet(46)) - raft.server.log.appender.buffer.byte-limit = 33554432 (custom)
2022-12-06 16:24:28,323 [om1-impl-thread1] INFO  server.RaftServerConfigKeys (ConfUtils.java:logGet(46)) - raft.server.log.statemachine.data.read.timeout = 1000ms (default)
2022-12-06 16:24:28,324 [om1-impl-thread1] INFO  server.RaftServerConfigKeys (ConfUtils.java:logGet(46)) - raft.server.log.purge.preservation.log.num = 0 (default)
2022-12-06 16:24:28,326 [om1-impl-thread1] INFO  server.RaftServerConfigKeys (ConfUtils.java:logGet(46)) - raft.server.log.segment.size.max = 4194304 (custom)
2022-12-06 16:24:28,333 [om1-impl-thread1] INFO  server.RaftServerConfigKeys (ConfUtils.java:logGet(46)) - raft.server.log.segment.cache.num.max = 2 (custom)
2022-12-06 16:24:28,333 [om1-impl-thread1] INFO  server.RaftServerConfigKeys (ConfUtils.java:logGet(46)) - raft.server.log.segment.cache.size.max = 200MB (=209715200) (default)
2022-12-06 16:24:28,339 [om1-impl-thread1] INFO  segmented.SegmentedRaftLogWorker (SegmentedRaftLogWorker.java:<init>(189)) - new om1@group-C5BA1605619E-SegmentedRaftLogWorker for RaftStorageImpl:Storage Directory /home/runner/work/ozone/ozone/hadoop-ozone/integration-test/target/test-dir/MiniOzoneClusterImpl-ff76fcda-2f7b-42b7-aafc-07b3f4cbd752/ozone-meta/ratis/bf265839-605b-3f16-9796-c5ba1605619e
2022-12-06 16:24:28,340 [om1-impl-thread1] INFO  server.RaftServerConfigKeys (ConfUtils.java:logGet(46)) - raft.server.log.queue.byte-limit = 64MB (=67108864) (default)
2022-12-06 16:24:28,340 [om1-impl-thread1] INFO  server.RaftServerConfigKeys (ConfUtils.java:logGet(46)) - raft.server.log.queue.element-limit = 4096 (default)
2022-12-06 16:24:28,341 [om1-impl-thread1] INFO  server.RaftServerConfigKeys (ConfUtils.java:logGet(46)) - raft.server.log.segment.size.max = 4194304 (custom)
2022-12-06 16:24:28,341 [om1-impl-thread1] INFO  server.RaftServerConfigKeys (ConfUtils.java:logGet(46)) - raft.server.log.preallocated.size = 4194304 (custom)
2022-12-06 16:24:28,342 [om1-impl-thread1] INFO  server.RaftServerConfigKeys (ConfUtils.java:logGet(46)) - raft.server.log.force.sync.num = 128 (default)
2022-12-06 16:24:28,343 [om1-impl-thread1] INFO  server.RaftServerConfigKeys (ConfUtils.java:logGet(46)) - raft.server.log.statemachine.data.sync = true (default)
2022-12-06 16:24:28,343 [om1-impl-thread1] INFO  server.RaftServerConfigKeys (ConfUtils.java:logGet(46)) - raft.server.log.statemachine.data.sync.timeout = 10s (default)
2022-12-06 16:24:28,343 [om1-impl-thread1] INFO  server.RaftServerConfigKeys (ConfUtils.java:logGet(46)) - raft.server.log.statemachine.data.sync.timeout.retry = -1 (default)
2022-12-06 16:24:28,353 [om1-impl-thread1] INFO  server.RaftServerConfigKeys (ConfUtils.java:logGet(46)) - raft.server.log.write.buffer.size = 64KB (=65536) (default)
2022-12-06 16:24:28,353 [om1-impl-thread1] INFO  server.RaftServerConfigKeys (ConfUtils.java:logGet(46)) - raft.server.log.appender.buffer.byte-limit = 33554432 (custom)
2022-12-06 16:24:28,359 [om1-impl-thread1] INFO  server.RaftServerConfigKeys (ConfUtils.java:logGet(46)) - raft.server.log.unsafe-flush.enabled = false (default)
2022-12-06 16:24:28,359 [om1-impl-thread1] INFO  server.RaftServerConfigKeys (ConfUtils.java:logGet(46)) - raft.server.log.async-flush.enabled = false (default)
2022-12-06 16:24:28,359 [om1-impl-thread1] INFO  server.RaftServerConfigKeys (ConfUtils.java:logGet(46)) - raft.server.log.statemachine.data.caching.enabled = false (default)
2022-12-06 16:24:28,367 [om1-impl-thread1] INFO  segmented.SegmentedRaftLogWorker (SegmentedRaftLogWorker.java:lambda$new$0(135)) - om1@group-C5BA1605619E-SegmentedRaftLogWorker: flushIndex: setUnconditionally 0 -> -1
2022-12-06 16:24:28,367 [om1-impl-thread1] INFO  segmented.SegmentedRaftLogWorker (SegmentedRaftLogWorker.java:lambda$new$0(135)) - om1@group-C5BA1605619E-SegmentedRaftLogWorker: safeCacheEvictIndex: setUnconditionally 0 -> -1
2022-12-06 16:24:28,369 [om1-impl-thread1] INFO  server.RaftServer$Division (RaftServerImpl.java:start(334)) - om1@group-C5BA1605619E: start as a follower, conf=-1: peers:[om1|rpc:localhost:9872|priority:0|startupRole:FOLLOWER]|listeners:[], old=null
2022-12-06 16:24:28,371 [om1-impl-thread1] INFO  server.RaftServer$Division (RaftServerImpl.java:setRole(321)) - om1@group-C5BA1605619E: changes role from      null to FOLLOWER at term 0 for startAsFollower
2022-12-06 16:24:28,374 [om1-impl-thread1] INFO  impl.RoleInfo (RoleInfo.java:updateAndGet(139)) - om1: start om1@group-C5BA1605619E-FollowerState
2022-12-06 16:24:28,375 [om1-impl-thread1] INFO  util.JmxRegister (JmxRegister.java:tryRegister(44)) - Successfully registered JMX Bean with object name Ratis:service=RaftServer,group=group-C5BA1605619E,id=om1
2022-12-06 16:24:28,377 [om1-impl-thread1] INFO  server.RaftServerConfigKeys (ConfUtils.java:logGet(46)) - raft.server.snapshot.auto.trigger.enabled = true (custom)
2022-12-06 16:24:28,378 [om1-impl-thread1] INFO  server.RaftServerConfigKeys (ConfUtils.java:logGet(46)) - raft.server.snapshot.auto.trigger.threshold = 400000 (default)
2022-12-06 16:24:28,378 [om1-impl-thread1] INFO  server.RaftServerConfigKeys (ConfUtils.java:logGet(46)) - raft.server.snapshot.retention.file.num = -1 (default)
2022-12-06 16:24:28,379 [om1-impl-thread1] INFO  server.RaftServerConfigKeys (ConfUtils.java:logGet(46)) - raft.server.log.purge.upto.snapshot.index = true (custom)
2022-12-06 16:24:28,381 [om1@group-C5BA1605619E-FollowerState] INFO  server.RaftServerConfigKeys (ConfUtils.java:logFallback(53)) - raft.server.rpc.first-election.timeout.min = 1s (fallback to raft.server.rpc.timeout.min)
2022-12-06 16:24:28,381 [om1@group-C5BA1605619E-FollowerState] INFO  server.RaftServerConfigKeys (ConfUtils.java:logFallback(53)) - raft.server.rpc.first-election.timeout.max = 1200ms (fallback to raft.server.rpc.timeout.max)
2022-12-06 16:24:28,382 [Listener at 127.0.0.1/39139] INFO  server.RaftServer (RaftServerProxy.java:startImpl(393)) - om1: start RPC server
2022-12-06 16:24:28,462 [Listener at 127.0.0.1/39139] INFO  server.GrpcService (GrpcService.java:startImpl(262)) - om1: GrpcService started, listening on 9872
2022-12-06 16:24:28,464 [JvmPauseMonitor0] INFO  util.JvmPauseMonitor (JvmPauseMonitor.java:run(105)) - JvmPauseMonitor-om1: Started
2022-12-06 16:24:28,464 [Listener at 127.0.0.1/39139] INFO  om.OzoneManager (OzoneManager.java:start(1500)) - Version File has different layout version (3) than OM DB (null). That is expected if this OM has never been finalized to a newer layout version.
2022-12-06 16:24:28,482 [Listener at 127.0.0.1/39139] INFO  http.BaseHttpServer (BaseHttpServer.java:newHttpServer2BuilderForOzone(213)) - Starting Web-server for ozoneManager at: http://0.0.0.0:0
2022-12-06 16:24:28,483 [Listener at 127.0.0.1/39139] INFO  http.BaseHttpServer (BaseHttpServer.java:<init>(108)) - Hadoop Security Enabled: false Ozone Security Enabled: false Ozone HTTP Security Enabled: false 
2022-12-06 16:24:28,486 [Listener at 127.0.0.1/39139] WARN  server.AuthenticationFilter (AuthenticationFilter.java:constructSecretProvider(240)) - Unable to initialize FileSignerSecretProvider, falling back to use random secrets. Reason: Could not read signature secret file: /home/runner/hadoop-http-auth-signature-secret
2022-12-06 16:24:28,490 [Listener at 127.0.0.1/39139] WARN  http.HttpRequestLog (HttpRequestLog.java:getRequestLog(103)) - Jetty request log can only be enabled using Log4j
2022-12-06 16:24:28,493 [Listener at 127.0.0.1/39139] INFO  http.HttpServer2 (HttpServer2.java:addGlobalFilter(1031)) - Added global filter 'safety' (class=org.apache.hadoop.hdds.server.http.HttpServer2$QuotingInputFilter)
2022-12-06 16:24:28,495 [Listener at 127.0.0.1/39139] INFO  http.HttpServer2 (HttpServer2.java:addFilter(1007)) - Added filter static_user_filter (class=org.apache.hadoop.http.lib.StaticUserWebFilter$StaticUserFilter) to context ozoneManager
2022-12-06 16:24:28,497 [Listener at 127.0.0.1/39139] INFO  http.HttpServer2 (HttpServer2.java:addFilter(1015)) - Added filter static_user_filter (class=org.apache.hadoop.http.lib.StaticUserWebFilter$StaticUserFilter) to context static
2022-12-06 16:24:28,497 [Listener at 127.0.0.1/39139] INFO  http.HttpServer2 (HttpServer2.java:addFilter(1015)) - Added filter static_user_filter (class=org.apache.hadoop.http.lib.StaticUserWebFilter$StaticUserFilter) to context logs
2022-12-06 16:24:28,501 [Listener at 127.0.0.1/39139] INFO  http.HttpServer2 (HttpServer2.java:bindListener(1250)) - Jetty bound to port 45481
2022-12-06 16:24:28,501 [Listener at 127.0.0.1/39139] INFO  server.Server (Server.java:doStart(375)) - jetty-9.4.49.v20220914; built: 2022-09-14T01:07:36.601Z; git: 4231a3b2e4cb8548a412a789936d640a97b1aa0a; jvm 1.8.0_352-b08
2022-12-06 16:24:28,503 [Listener at 127.0.0.1/39139] INFO  server.session (DefaultSessionIdManager.java:doStart(334)) - DefaultSessionIdManager workerName=node0
2022-12-06 16:24:28,504 [Listener at 127.0.0.1/39139] INFO  server.session (DefaultSessionIdManager.java:doStart(339)) - No SessionScavenger set, using defaults
2022-12-06 16:24:28,504 [Listener at 127.0.0.1/39139] INFO  server.session (HouseKeeper.java:startScavenging(132)) - node0 Scavenging every 660000ms
2022-12-06 16:24:28,505 [Listener at 127.0.0.1/39139] INFO  handler.ContextHandler (ContextHandler.java:doStart(921)) - Started o.e.j.s.ServletContextHandler@5d4de6f7{logs,/logs,file:///home/runner/work/ozone/ozone/hadoop-ozone/integration-test/target/log,AVAILABLE}
2022-12-06 16:24:28,505 [Listener at 127.0.0.1/39139] INFO  handler.ContextHandler (ContextHandler.java:doStart(921)) - Started o.e.j.s.ServletContextHandler@2c32bf87{static,/static,file:///home/runner/work/ozone/ozone/hadoop-ozone/integration-test/target/test-classes/webapps/static,AVAILABLE}
2022-12-06 16:24:28,515 [Listener at 127.0.0.1/39139] INFO  handler.ContextHandler (ContextHandler.java:doStart(921)) - Started o.e.j.w.WebAppContext@11f18d60{ozoneManager,/,file:///home/runner/work/ozone/ozone/hadoop-ozone/integration-test/target/test-classes/webapps/ozoneManager/,AVAILABLE}{file:/home/runner/work/ozone/ozone/hadoop-ozone/integration-test/target/test-classes/webapps/ozoneManager}
2022-12-06 16:24:28,516 [Listener at 127.0.0.1/39139] INFO  server.AbstractConnector (AbstractConnector.java:doStart(333)) - Started ServerConnector@7f6f4644{HTTP/1.1, (http/1.1)}{0.0.0.0:45481}
2022-12-06 16:24:28,516 [Listener at 127.0.0.1/39139] INFO  server.Server (Server.java:doStart(415)) - Started @7965ms
2022-12-06 16:24:28,517 [Listener at 127.0.0.1/39139] WARN  impl.MetricsSystemImpl (MetricsSystemImpl.java:register(279)) - Sink prometheus already exists!
2022-12-06 16:24:28,518 [Listener at 127.0.0.1/39139] INFO  http.BaseHttpServer (BaseHttpServer.java:updateConnectorAddress(333)) - HTTP server of ozoneManager listening at http://0.0.0.0:45481
2022-12-06 16:24:28,522 [IPC Server Responder] INFO  ipc.Server (Server.java:run(1512)) - IPC Server Responder: starting
2022-12-06 16:24:28,526 [IPC Server listener on 0] INFO  ipc.Server (Server.java:run(1352)) - IPC Server listener on 0: starting
2022-12-06 16:24:28,542 [Listener at 127.0.0.1/39139] INFO  om.OzoneManager (OzoneManager.java:startTrashEmptier(1921)) - Trash Interval set to 0. Files deleted won't move to trash
2022-12-06 16:24:28,550 [org.apache.hadoop.util.JvmPauseMonitor$Monitor@4eb316f4] INFO  util.JvmPauseMonitor (JvmPauseMonitor.java:run(188)) - Starting JVM pause monitor
2022-12-06 16:24:28,707 [Listener at 127.0.0.1/39139] WARN  impl.MetricRegistriesImpl (MetricRegistriesImpl.java:addReporterRegistration(111)) - New reporters are added after registries were created. Some metrics will be missing from the reporter. Please add reporter before adding any new registry.
2022-12-06 16:24:28,707 [Listener at 127.0.0.1/39139] WARN  impl.MetricRegistriesImpl (MetricRegistriesImpl.java:addReporterRegistration(111)) - New reporters are added after registries were created. Some metrics will be missing from the reporter. Please add reporter before adding any new registry.
2022-12-06 16:24:28,707 [Listener at 127.0.0.1/39139] INFO  impl.MetricsSystemImpl (MetricsSystemImpl.java:init(158)) - HddsDatanode metrics system started (again)
2022-12-06 16:24:28,727 [Listener at 127.0.0.1/39139] INFO  ozone.HddsDatanodeService (HddsDatanodeService.java:start(236)) - HddsDatanodeService host:fv-az451-158.ehxzt5fk3o4e1ahk02omj2f41g.dx.internal.cloudapp.net ip:10.1.0.176
2022-12-06 16:24:28,759 [Listener at 127.0.0.1/39139] INFO  upgrade.AbstractLayoutVersionManager (AbstractLayoutVersionManager.java:init(83)) - Initializing Layout version manager with metadata layout = DATANODE_SCHEMA_V3 (version = 4), software layout = DATANODE_SCHEMA_V3 (version = 4)
2022-12-06 16:24:28,821 [Listener at 127.0.0.1/39139] INFO  reflections.Reflections (Reflections.java:scan(232)) - Reflections took 55 ms to scan 7 urls, producing 140 keys and 342 values 
2022-12-06 16:24:28,827 [Listener at 127.0.0.1/39139] INFO  statemachine.DatanodeStateMachine (DatanodeStateMachine.java:getEndPointTaskThreadPoolSize(245)) - Datanode State Machine Task Thread Pool size 2
2022-12-06 16:24:28,880 [Listener at 127.0.0.1/39139] INFO  volume.HddsVolume (HddsVolume.java:<init>(117)) - Creating HddsVolume: /home/runner/work/ozone/ozone/hadoop-ozone/integration-test/target/test-dir/MiniOzoneClusterImpl-ff76fcda-2f7b-42b7-aafc-07b3f4cbd752/datanode-0/data-0/containers/hdds of storage type : DISK capacity : 9223372036854775807
2022-12-06 16:24:28,882 [Listener at 127.0.0.1/39139] INFO  volume.MutableVolumeSet (MutableVolumeSet.java:initializeVolumeSet(174)) - Added Volume : /home/runner/work/ozone/ozone/hadoop-ozone/integration-test/target/test-dir/MiniOzoneClusterImpl-ff76fcda-2f7b-42b7-aafc-07b3f4cbd752/datanode-0/data-0/containers/hdds to VolumeSet
2022-12-06 16:24:28,883 [Listener at 127.0.0.1/39139] INFO  volume.ThrottledAsyncChecker (ThrottledAsyncChecker.java:schedule(141)) - Scheduling a check for /home/runner/work/ozone/ozone/hadoop-ozone/integration-test/target/test-dir/MiniOzoneClusterImpl-ff76fcda-2f7b-42b7-aafc-07b3f4cbd752/datanode-0/data-0/containers/hdds
2022-12-06 16:24:28,902 [Listener at 127.0.0.1/39139] INFO  volume.StorageVolumeChecker (StorageVolumeChecker.java:checkAllVolumes(202)) - Scheduled health check for volume /home/runner/work/ozone/ozone/hadoop-ozone/integration-test/target/test-dir/MiniOzoneClusterImpl-ff76fcda-2f7b-42b7-aafc-07b3f4cbd752/datanode-0/data-0/containers/hdds
2022-12-06 16:24:28,917 [Listener at 127.0.0.1/39139] INFO  volume.MutableVolumeSet (MutableVolumeSet.java:initializeVolumeSet(174)) - Added Volume : /home/runner/work/ozone/ozone/hadoop-ozone/integration-test/target/test-dir/MiniOzoneClusterImpl-ff76fcda-2f7b-42b7-aafc-07b3f4cbd752/datanode-0/data/ratis to VolumeSet
2022-12-06 16:24:28,917 [Listener at 127.0.0.1/39139] INFO  volume.ThrottledAsyncChecker (ThrottledAsyncChecker.java:schedule(141)) - Scheduling a check for /home/runner/work/ozone/ozone/hadoop-ozone/integration-test/target/test-dir/MiniOzoneClusterImpl-ff76fcda-2f7b-42b7-aafc-07b3f4cbd752/datanode-0/data/ratis
2022-12-06 16:24:28,917 [Listener at 127.0.0.1/39139] INFO  volume.StorageVolumeChecker (StorageVolumeChecker.java:checkAllVolumes(202)) - Scheduled health check for volume /home/runner/work/ozone/ozone/hadoop-ozone/integration-test/target/test-dir/MiniOzoneClusterImpl-ff76fcda-2f7b-42b7-aafc-07b3f4cbd752/datanode-0/data/ratis
2022-12-06 16:24:28,939 [Thread-135] INFO  ozoneimpl.ContainerReader (ContainerReader.java:readVolume(175)) - Finish verifying containers on volume /home/runner/work/ozone/ozone/hadoop-ozone/integration-test/target/test-dir/MiniOzoneClusterImpl-ff76fcda-2f7b-42b7-aafc-07b3f4cbd752/datanode-0/data-0/containers/hdds
2022-12-06 16:24:28,939 [Listener at 127.0.0.1/39139] INFO  ozoneimpl.OzoneContainer (OzoneContainer.java:buildContainerSet(301)) - Build ContainerSet costs 0s
2022-12-06 16:24:28,983 [Listener at 127.0.0.1/39139] INFO  audit.AuditLogger (AuditLogger.java:refreshDebugCmdSet(126)) - Refresh DebugCmdSet for DNAudit to [].
2022-12-06 16:24:29,009 [Listener at 127.0.0.1/39139] INFO  server.RaftServer (ConfUtils.java:logGet(46)) - raft.rpc.type = GRPC (default)
2022-12-06 16:24:29,009 [Listener at 127.0.0.1/39139] INFO  grpc.GrpcConfigKeys (ConfUtils.java:logFallback(53)) - raft.grpc.admin.host = null (fallback to raft.grpc.server.host)
2022-12-06 16:24:29,009 [Listener at 127.0.0.1/39139] INFO  grpc.GrpcConfigKeys (ConfUtils.java:logGet(46)) - raft.grpc.admin.port = 0 (custom)
2022-12-06 16:24:29,009 [Listener at 127.0.0.1/39139] INFO  grpc.GrpcConfigKeys (ConfUtils.java:logFallback(53)) - raft.grpc.client.host = null (fallback to raft.grpc.server.host)
2022-12-06 16:24:29,009 [Listener at 127.0.0.1/39139] INFO  grpc.GrpcConfigKeys (ConfUtils.java:logGet(46)) - raft.grpc.client.port = 0 (custom)
2022-12-06 16:24:29,010 [Listener at 127.0.0.1/39139] INFO  grpc.GrpcConfigKeys (ConfUtils.java:logGet(46)) - raft.grpc.server.host = null (default)
2022-12-06 16:24:29,010 [Listener at 127.0.0.1/39139] INFO  grpc.GrpcConfigKeys (ConfUtils.java:logGet(46)) - raft.grpc.server.port = 0 (default)
2022-12-06 16:24:29,010 [Listener at 127.0.0.1/39139] INFO  server.GrpcService (ConfUtils.java:logGet(46)) - raft.grpc.message.size.max = 32MB (=33554432) (custom)
2022-12-06 16:24:29,010 [Listener at 127.0.0.1/39139] INFO  server.RaftServerConfigKeys (ConfUtils.java:logGet(46)) - raft.server.log.appender.buffer.byte-limit = 33554432 (custom)
2022-12-06 16:24:29,010 [Listener at 127.0.0.1/39139] INFO  server.GrpcService (ConfUtils.java:logGet(46)) - raft.grpc.flow.control.window = 5MB (=5242880) (custom)
2022-12-06 16:24:29,011 [Listener at 127.0.0.1/39139] INFO  server.RaftServerConfigKeys (ConfUtils.java:logGet(46)) - raft.server.rpc.request.timeout = 60s (custom)
2022-12-06 16:24:29,011 [Listener at 127.0.0.1/39139] INFO  grpc.GrpcConfigKeys (ConfUtils.java:logGet(46)) - raft.grpc.server.heartbeat.channel = true (default)
2022-12-06 16:24:29,011 [Listener at 127.0.0.1/39139] INFO  grpc.GrpcConfigKeys (ConfUtils.java:logGet(46)) - raft.grpc.server.async.request.thread.pool.cached = true (default)
2022-12-06 16:24:29,011 [Listener at 127.0.0.1/39139] INFO  grpc.GrpcConfigKeys (ConfUtils.java:logGet(46)) - raft.grpc.server.async.request.thread.pool.size = 32 (default)
2022-12-06 16:24:29,014 [Listener at 127.0.0.1/39139] INFO  impl.DataStreamServerImpl (ConfUtils.java:logGet(46)) - raft.datastream.type = DISABLED (default)
2022-12-06 16:24:29,016 [Listener at 127.0.0.1/39139] INFO  server.RaftServerConfigKeys (ConfUtils.java:logGet(46)) - raft.server.threadpool.proxy.cached = true (default)
2022-12-06 16:24:29,016 [Listener at 127.0.0.1/39139] INFO  server.RaftServerConfigKeys (ConfUtils.java:logGet(46)) - raft.server.threadpool.proxy.size = 0 (default)
2022-12-06 16:24:29,016 [Listener at 127.0.0.1/39139] INFO  server.RaftServerConfigKeys (ConfUtils.java:logGet(46)) - raft.server.rpc.slowness.timeout = 300s (custom)
2022-12-06 16:24:29,016 [Listener at 127.0.0.1/39139] INFO  server.RaftServerConfigKeys (ConfUtils.java:logGet(46)) - raft.server.leaderelection.leader.step-down.wait-time = 10s (default)
2022-12-06 16:24:29,017 [Listener at 127.0.0.1/39139] INFO  server.RaftServerConfigKeys (ConfUtils.java:logGet(46)) - raft.server.storage.dir = [/home/runner/work/ozone/ozone/hadoop-ozone/integration-test/target/test-dir/MiniOzoneClusterImpl-ff76fcda-2f7b-42b7-aafc-07b3f4cbd752/datanode-0/data/ratis] (custom)
2022-12-06 16:24:29,037 [Listener at 127.0.0.1/39139] INFO  server.XceiverServerGrpc (XceiverServerGrpc.java:<init>(132)) - GrpcServer channel type EpollServerSocketChannel
2022-12-06 16:24:29,109 [Listener at 127.0.0.1/39139] INFO  http.BaseHttpServer (BaseHttpServer.java:newHttpServer2BuilderForOzone(213)) - Starting Web-server for hddsDatanode at: http://0.0.0.0:0
2022-12-06 16:24:29,109 [Listener at 127.0.0.1/39139] INFO  http.BaseHttpServer (BaseHttpServer.java:<init>(108)) - Hadoop Security Enabled: false Ozone Security Enabled: false Ozone HTTP Security Enabled: false 
2022-12-06 16:24:29,111 [Listener at 127.0.0.1/39139] WARN  server.AuthenticationFilter (AuthenticationFilter.java:constructSecretProvider(240)) - Unable to initialize FileSignerSecretProvider, falling back to use random secrets. Reason: Could not read signature secret file: /home/runner/hadoop-http-auth-signature-secret
2022-12-06 16:24:29,115 [Listener at 127.0.0.1/39139] WARN  http.HttpRequestLog (HttpRequestLog.java:getRequestLog(103)) - Jetty request log can only be enabled using Log4j
2022-12-06 16:24:29,116 [Listener at 127.0.0.1/39139] INFO  http.HttpServer2 (HttpServer2.java:addGlobalFilter(1031)) - Added global filter 'safety' (class=org.apache.hadoop.hdds.server.http.HttpServer2$QuotingInputFilter)
2022-12-06 16:24:29,117 [Listener at 127.0.0.1/39139] INFO  http.HttpServer2 (HttpServer2.java:addFilter(1007)) - Added filter static_user_filter (class=org.apache.hadoop.http.lib.StaticUserWebFilter$StaticUserFilter) to context hddsDatanode
2022-12-06 16:24:29,117 [Listener at 127.0.0.1/39139] INFO  http.HttpServer2 (HttpServer2.java:addFilter(1015)) - Added filter static_user_filter (class=org.apache.hadoop.http.lib.StaticUserWebFilter$StaticUserFilter) to context static
2022-12-06 16:24:29,117 [Listener at 127.0.0.1/39139] INFO  http.HttpServer2 (HttpServer2.java:addFilter(1015)) - Added filter static_user_filter (class=org.apache.hadoop.http.lib.StaticUserWebFilter$StaticUserFilter) to context logs
2022-12-06 16:24:29,119 [Listener at 127.0.0.1/39139] INFO  http.HttpServer2 (HttpServer2.java:bindListener(1250)) - Jetty bound to port 39671
2022-12-06 16:24:29,120 [Listener at 127.0.0.1/39139] INFO  server.Server (Server.java:doStart(375)) - jetty-9.4.49.v20220914; built: 2022-09-14T01:07:36.601Z; git: 4231a3b2e4cb8548a412a789936d640a97b1aa0a; jvm 1.8.0_352-b08
2022-12-06 16:24:29,122 [Listener at 127.0.0.1/39139] INFO  server.session (DefaultSessionIdManager.java:doStart(334)) - DefaultSessionIdManager workerName=node0
2022-12-06 16:24:29,122 [Listener at 127.0.0.1/39139] INFO  server.session (DefaultSessionIdManager.java:doStart(339)) - No SessionScavenger set, using defaults
2022-12-06 16:24:29,123 [Listener at 127.0.0.1/39139] INFO  server.session (HouseKeeper.java:startScavenging(132)) - node0 Scavenging every 600000ms
2022-12-06 16:24:29,124 [Listener at 127.0.0.1/39139] INFO  handler.ContextHandler (ContextHandler.java:doStart(921)) - Started o.e.j.s.ServletContextHandler@27746048{logs,/logs,file:///home/runner/work/ozone/ozone/hadoop-ozone/integration-test/target/log,AVAILABLE}
2022-12-06 16:24:29,124 [Listener at 127.0.0.1/39139] INFO  handler.ContextHandler (ContextHandler.java:doStart(921)) - Started o.e.j.s.ServletContextHandler@47f1b064{static,/static,jar:file:/home/runner/.m2/repository/org/apache/ozone/hdds-container-service/1.3.0-SNAPSHOT/hdds-container-service-1.3.0-SNAPSHOT.jar!/webapps/static,AVAILABLE}
2022-12-06 16:24:29,346 [Listener at 127.0.0.1/39139] INFO  handler.ContextHandler (ContextHandler.java:doStart(921)) - Started o.e.j.w.WebAppContext@6517ed0d{hddsDatanode,/,file:///tmp/jetty-0_0_0_0-39671-hdds-container-service-1_3_0-SNAPSHOT_jar-_-any-5081455461274475870/webapp/,AVAILABLE}{jar:file:/home/runner/.m2/repository/org/apache/ozone/hdds-container-service/1.3.0-SNAPSHOT/hdds-container-service-1.3.0-SNAPSHOT.jar!/webapps/hddsDatanode}
2022-12-06 16:24:29,347 [Listener at 127.0.0.1/39139] INFO  server.AbstractConnector (AbstractConnector.java:doStart(333)) - Started ServerConnector@f662b5{HTTP/1.1, (http/1.1)}{0.0.0.0:39671}
2022-12-06 16:24:29,347 [Listener at 127.0.0.1/39139] INFO  server.Server (Server.java:doStart(415)) - Started @8796ms
2022-12-06 16:24:29,348 [Listener at 127.0.0.1/39139] WARN  impl.MetricsSystemImpl (MetricsSystemImpl.java:register(279)) - Sink prometheus already exists!
2022-12-06 16:24:29,348 [Listener at 127.0.0.1/39139] INFO  http.BaseHttpServer (BaseHttpServer.java:updateConnectorAddress(333)) - HTTP server of hddsDatanode listening at http://0.0.0.0:39671
2022-12-06 16:24:29,350 [Datanode State Machine Daemon Thread] INFO  statemachine.DatanodeStateMachine (DatanodeStateMachine.java:lambda$startDaemon$0(505)) - Ozone container server started.
2022-12-06 16:24:29,351 [Listener at 127.0.0.1/39139] WARN  impl.MetricRegistriesImpl (MetricRegistriesImpl.java:addReporterRegistration(111)) - New reporters are added after registries were created. Some metrics will be missing from the reporter. Please add reporter before adding any new registry.
2022-12-06 16:24:29,354 [Listener at 127.0.0.1/39139] WARN  impl.MetricRegistriesImpl (MetricRegistriesImpl.java:addReporterRegistration(111)) - New reporters are added after registries were created. Some metrics will be missing from the reporter. Please add reporter before adding any new registry.
2022-12-06 16:24:29,354 [Listener at 127.0.0.1/39139] INFO  impl.MetricsSystemImpl (MetricsSystemImpl.java:init(158)) - HddsDatanode metrics system started (again)
2022-12-06 16:24:29,369 [Listener at 127.0.0.1/39139] INFO  ozone.HddsDatanodeService (HddsDatanodeService.java:start(236)) - HddsDatanodeService host:fv-az451-158.ehxzt5fk3o4e1ahk02omj2f41g.dx.internal.cloudapp.net ip:10.1.0.176
2022-12-06 16:24:29,378 [org.apache.hadoop.util.JvmPauseMonitor$Monitor@2b4e99b2] INFO  util.JvmPauseMonitor (JvmPauseMonitor.java:run(188)) - Starting JVM pause monitor
2022-12-06 16:24:29,396 [Listener at 127.0.0.1/39139] INFO  upgrade.AbstractLayoutVersionManager (AbstractLayoutVersionManager.java:init(83)) - Initializing Layout version manager with metadata layout = DATANODE_SCHEMA_V3 (version = 4), software layout = DATANODE_SCHEMA_V3 (version = 4)
2022-12-06 16:24:29,493 [Listener at 127.0.0.1/39139] INFO  reflections.Reflections (Reflections.java:scan(232)) - Reflections took 95 ms to scan 7 urls, producing 140 keys and 342 values 
2022-12-06 16:24:29,495 [om1@group-C5BA1605619E-FollowerState] INFO  impl.FollowerState (FollowerState.java:run(143)) - om1@group-C5BA1605619E-FollowerState: change to CANDIDATE, lastRpcElapsedTime:1120814140ns, electionTimeout:1112ms
2022-12-06 16:24:29,495 [om1@group-C5BA1605619E-FollowerState] INFO  impl.RoleInfo (RoleInfo.java:shutdownFollowerState(110)) - om1: shutdown om1@group-C5BA1605619E-FollowerState
2022-12-06 16:24:29,496 [om1@group-C5BA1605619E-FollowerState] INFO  server.RaftServer$Division (RaftServerImpl.java:setRole(321)) - om1@group-C5BA1605619E: changes role from  FOLLOWER to CANDIDATE at term 0 for changeToCandidate
2022-12-06 16:24:29,499 [om1@group-C5BA1605619E-FollowerState] INFO  server.RaftServerConfigKeys (ConfUtils.java:logGet(46)) - raft.server.leaderelection.pre-vote = false (custom)
2022-12-06 16:24:29,499 [om1@group-C5BA1605619E-FollowerState] INFO  impl.RoleInfo (RoleInfo.java:updateAndGet(139)) - om1: start om1@group-C5BA1605619E-LeaderElection1
2022-12-06 16:24:29,502 [Listener at 127.0.0.1/39139] INFO  statemachine.DatanodeStateMachine (DatanodeStateMachine.java:getEndPointTaskThreadPoolSize(245)) - Datanode State Machine Task Thread Pool size 2
2022-12-06 16:24:29,506 [Listener at 127.0.0.1/39139] INFO  volume.HddsVolume (HddsVolume.java:<init>(117)) - Creating HddsVolume: /home/runner/work/ozone/ozone/hadoop-ozone/integration-test/target/test-dir/MiniOzoneClusterImpl-ff76fcda-2f7b-42b7-aafc-07b3f4cbd752/datanode-1/data-0/containers/hdds of storage type : DISK capacity : 9223372036854775807
2022-12-06 16:24:29,506 [Listener at 127.0.0.1/39139] INFO  volume.MutableVolumeSet (MutableVolumeSet.java:initializeVolumeSet(174)) - Added Volume : /home/runner/work/ozone/ozone/hadoop-ozone/integration-test/target/test-dir/MiniOzoneClusterImpl-ff76fcda-2f7b-42b7-aafc-07b3f4cbd752/datanode-1/data-0/containers/hdds to VolumeSet
2022-12-06 16:24:29,507 [Listener at 127.0.0.1/39139] INFO  volume.ThrottledAsyncChecker (ThrottledAsyncChecker.java:schedule(141)) - Scheduling a check for /home/runner/work/ozone/ozone/hadoop-ozone/integration-test/target/test-dir/MiniOzoneClusterImpl-ff76fcda-2f7b-42b7-aafc-07b3f4cbd752/datanode-1/data-0/containers/hdds
2022-12-06 16:24:29,507 [Listener at 127.0.0.1/39139] INFO  volume.StorageVolumeChecker (StorageVolumeChecker.java:checkAllVolumes(202)) - Scheduled health check for volume /home/runner/work/ozone/ozone/hadoop-ozone/integration-test/target/test-dir/MiniOzoneClusterImpl-ff76fcda-2f7b-42b7-aafc-07b3f4cbd752/datanode-1/data-0/containers/hdds
2022-12-06 16:24:29,520 [om1@group-C5BA1605619E-LeaderElection1] INFO  impl.LeaderElection (LeaderElection.java:askForVotes(312)) - om1@group-C5BA1605619E-LeaderElection1 ELECTION round 0: submit vote requests at term 1 for -1: peers:[om1|rpc:localhost:9872|priority:0|startupRole:FOLLOWER]|listeners:[], old=null
2022-12-06 16:24:29,520 [om1@group-C5BA1605619E-LeaderElection1] INFO  impl.LeaderElection (LeaderElection.java:askForVotes(314)) - om1@group-C5BA1605619E-LeaderElection1 ELECTION round 0: result PASSED (term=1)
2022-12-06 16:24:29,521 [om1@group-C5BA1605619E-LeaderElection1] INFO  impl.RoleInfo (RoleInfo.java:shutdownLeaderElection(130)) - om1: shutdown om1@group-C5BA1605619E-LeaderElection1
2022-12-06 16:24:29,523 [om1@group-C5BA1605619E-LeaderElection1] INFO  server.RaftServer$Division (RaftServerImpl.java:setRole(321)) - om1@group-C5BA1605619E: changes role from CANDIDATE to LEADER at term 1 for changeToLeader
2022-12-06 16:24:29,523 [om1@group-C5BA1605619E-LeaderElection1] INFO  server.RaftServer$Division (ServerState.java:setLeader(313)) - om1@group-C5BA1605619E: change Leader from null to om1 at term 1 for becomeLeader, leader elected after 2430ms
2022-12-06 16:24:29,531 [Listener at 127.0.0.1/39139] INFO  volume.MutableVolumeSet (MutableVolumeSet.java:initializeVolumeSet(174)) - Added Volume : /home/runner/work/ozone/ozone/hadoop-ozone/integration-test/target/test-dir/MiniOzoneClusterImpl-ff76fcda-2f7b-42b7-aafc-07b3f4cbd752/datanode-1/data/ratis to VolumeSet
2022-12-06 16:24:29,531 [Listener at 127.0.0.1/39139] INFO  volume.ThrottledAsyncChecker (ThrottledAsyncChecker.java:schedule(141)) - Scheduling a check for /home/runner/work/ozone/ozone/hadoop-ozone/integration-test/target/test-dir/MiniOzoneClusterImpl-ff76fcda-2f7b-42b7-aafc-07b3f4cbd752/datanode-1/data/ratis
2022-12-06 16:24:29,532 [Listener at 127.0.0.1/39139] INFO  volume.StorageVolumeChecker (StorageVolumeChecker.java:checkAllVolumes(202)) - Scheduled health check for volume /home/runner/work/ozone/ozone/hadoop-ozone/integration-test/target/test-dir/MiniOzoneClusterImpl-ff76fcda-2f7b-42b7-aafc-07b3f4cbd752/datanode-1/data/ratis
2022-12-06 16:24:29,538 [om1@group-C5BA1605619E-LeaderElection1] INFO  server.RaftServerConfigKeys (ConfUtils.java:logGet(46)) - raft.server.staging.catchup.gap = 1000 (default)
2022-12-06 16:24:29,554 [om1@group-C5BA1605619E-LeaderElection1] INFO  server.RaftServerConfigKeys (ConfUtils.java:logGet(46)) - raft.server.write.element-limit = 4096 (default)
2022-12-06 16:24:29,556 [om1@group-C5BA1605619E-LeaderElection1] INFO  server.RaftServerConfigKeys (ConfUtils.java:logGet(46)) - raft.server.write.byte-limit = 64MB (=67108864) (default)
2022-12-06 16:24:29,567 [Thread-150] INFO  ozoneimpl.ContainerReader (ContainerReader.java:readVolume(175)) - Finish verifying containers on volume /home/runner/work/ozone/ozone/hadoop-ozone/integration-test/target/test-dir/MiniOzoneClusterImpl-ff76fcda-2f7b-42b7-aafc-07b3f4cbd752/datanode-1/data-0/containers/hdds
2022-12-06 16:24:29,568 [Listener at 127.0.0.1/39139] INFO  ozoneimpl.OzoneContainer (OzoneContainer.java:buildContainerSet(301)) - Build ContainerSet costs 0s
2022-12-06 16:24:29,569 [om1@group-C5BA1605619E-LeaderElection1] INFO  server.RaftServerConfigKeys (ConfUtils.java:logGet(46)) - raft.server.watch.timeout = 10s (default)
2022-12-06 16:24:29,570 [om1@group-C5BA1605619E-LeaderElection1] INFO  server.RaftServerConfigKeys (ConfUtils.java:logGet(46)) - raft.server.watch.timeout.denomination = 1s (default)
2022-12-06 16:24:29,572 [Listener at 127.0.0.1/39139] INFO  server.RaftServer (ConfUtils.java:logGet(46)) - raft.rpc.type = GRPC (default)
2022-12-06 16:24:29,572 [Listener at 127.0.0.1/39139] INFO  grpc.GrpcConfigKeys (ConfUtils.java:logFallback(53)) - raft.grpc.admin.host = null (fallback to raft.grpc.server.host)
2022-12-06 16:24:29,572 [Listener at 127.0.0.1/39139] INFO  grpc.GrpcConfigKeys (ConfUtils.java:logGet(46)) - raft.grpc.admin.port = 0 (custom)
2022-12-06 16:24:29,572 [Listener at 127.0.0.1/39139] INFO  grpc.GrpcConfigKeys (ConfUtils.java:logFallback(53)) - raft.grpc.client.host = null (fallback to raft.grpc.server.host)
2022-12-06 16:24:29,572 [Listener at 127.0.0.1/39139] INFO  grpc.GrpcConfigKeys (ConfUtils.java:logGet(46)) - raft.grpc.client.port = 0 (custom)
2022-12-06 16:24:29,572 [Listener at 127.0.0.1/39139] INFO  grpc.GrpcConfigKeys (ConfUtils.java:logGet(46)) - raft.grpc.server.host = null (default)
2022-12-06 16:24:29,573 [Listener at 127.0.0.1/39139] INFO  grpc.GrpcConfigKeys (ConfUtils.java:logGet(46)) - raft.grpc.server.port = 0 (default)
2022-12-06 16:24:29,573 [Listener at 127.0.0.1/39139] INFO  server.GrpcService (ConfUtils.java:logGet(46)) - raft.grpc.message.size.max = 32MB (=33554432) (custom)
2022-12-06 16:24:29,573 [Listener at 127.0.0.1/39139] INFO  server.RaftServerConfigKeys (ConfUtils.java:logGet(46)) - raft.server.log.appender.buffer.byte-limit = 33554432 (custom)
2022-12-06 16:24:29,573 [Listener at 127.0.0.1/39139] INFO  server.GrpcService (ConfUtils.java:logGet(46)) - raft.grpc.flow.control.window = 5MB (=5242880) (custom)
2022-12-06 16:24:29,573 [Listener at 127.0.0.1/39139] INFO  server.RaftServerConfigKeys (ConfUtils.java:logGet(46)) - raft.server.rpc.request.timeout = 60s (custom)
2022-12-06 16:24:29,573 [Listener at 127.0.0.1/39139] INFO  grpc.GrpcConfigKeys (ConfUtils.java:logGet(46)) - raft.grpc.server.heartbeat.channel = true (default)
2022-12-06 16:24:29,573 [Listener at 127.0.0.1/39139] INFO  grpc.GrpcConfigKeys (ConfUtils.java:logGet(46)) - raft.grpc.server.async.request.thread.pool.cached = true (default)
2022-12-06 16:24:29,574 [Listener at 127.0.0.1/39139] INFO  grpc.GrpcConfigKeys (ConfUtils.java:logGet(46)) - raft.grpc.server.async.request.thread.pool.size = 32 (default)
2022-12-06 16:24:29,574 [om1@group-C5BA1605619E-LeaderElection1] INFO  server.RaftServerConfigKeys (ConfUtils.java:logGet(46)) - raft.server.watch.element-limit = 65536 (default)
2022-12-06 16:24:29,576 [Listener at 127.0.0.1/39139] INFO  impl.DataStreamServerImpl (ConfUtils.java:logGet(46)) - raft.datastream.type = DISABLED (default)
2022-12-06 16:24:29,576 [Listener at 127.0.0.1/39139] INFO  server.RaftServerConfigKeys (ConfUtils.java:logGet(46)) - raft.server.threadpool.proxy.cached = true (default)
2022-12-06 16:24:29,576 [Listener at 127.0.0.1/39139] INFO  server.RaftServerConfigKeys (ConfUtils.java:logGet(46)) - raft.server.threadpool.proxy.size = 0 (default)
2022-12-06 16:24:29,576 [Listener at 127.0.0.1/39139] INFO  server.RaftServerConfigKeys (ConfUtils.java:logGet(46)) - raft.server.rpc.slowness.timeout = 300s (custom)
2022-12-06 16:24:29,576 [Listener at 127.0.0.1/39139] INFO  server.RaftServerConfigKeys (ConfUtils.java:logGet(46)) - raft.server.leaderelection.leader.step-down.wait-time = 10s (default)
2022-12-06 16:24:29,576 [Listener at 127.0.0.1/39139] INFO  server.RaftServerConfigKeys (ConfUtils.java:logGet(46)) - raft.server.storage.dir = [/home/runner/work/ozone/ozone/hadoop-ozone/integration-test/target/test-dir/MiniOzoneClusterImpl-ff76fcda-2f7b-42b7-aafc-07b3f4cbd752/datanode-1/data/ratis] (custom)
2022-12-06 16:24:29,584 [Listener at 127.0.0.1/39139] INFO  server.XceiverServerGrpc (XceiverServerGrpc.java:<init>(132)) - GrpcServer channel type EpollServerSocketChannel
2022-12-06 16:24:29,588 [om1@group-C5BA1605619E-LeaderElection1] INFO  server.RaftServerConfigKeys (ConfUtils.java:logGet(46)) - raft.server.write.element-limit = 4096 (default)
2022-12-06 16:24:29,592 [Listener at 127.0.0.1/39139] INFO  http.BaseHttpServer (BaseHttpServer.java:newHttpServer2BuilderForOzone(213)) - Starting Web-server for hddsDatanode at: http://0.0.0.0:0
2022-12-06 16:24:29,592 [Listener at 127.0.0.1/39139] INFO  http.BaseHttpServer (BaseHttpServer.java:<init>(108)) - Hadoop Security Enabled: false Ozone Security Enabled: false Ozone HTTP Security Enabled: false 
2022-12-06 16:24:29,594 [Listener at 127.0.0.1/39139] WARN  server.AuthenticationFilter (AuthenticationFilter.java:constructSecretProvider(240)) - Unable to initialize FileSignerSecretProvider, falling back to use random secrets. Reason: Could not read signature secret file: /home/runner/hadoop-http-auth-signature-secret
2022-12-06 16:24:29,596 [om1@group-C5BA1605619E-LeaderElection1] INFO  server.RaftServerConfigKeys (ConfUtils.java:logGet(46)) - raft.server.write.follower.gap.ratio.max = -1.0 (default)
2022-12-06 16:24:29,602 [Listener at 127.0.0.1/39139] WARN  http.HttpRequestLog (HttpRequestLog.java:getRequestLog(103)) - Jetty request log can only be enabled using Log4j
2022-12-06 16:24:29,603 [Listener at 127.0.0.1/39139] INFO  http.HttpServer2 (HttpServer2.java:addGlobalFilter(1031)) - Added global filter 'safety' (class=org.apache.hadoop.hdds.server.http.HttpServer2$QuotingInputFilter)
2022-12-06 16:24:29,604 [Listener at 127.0.0.1/39139] INFO  http.HttpServer2 (HttpServer2.java:addFilter(1007)) - Added filter static_user_filter (class=org.apache.hadoop.http.lib.StaticUserWebFilter$StaticUserFilter) to context hddsDatanode
2022-12-06 16:24:29,604 [Listener at 127.0.0.1/39139] INFO  http.HttpServer2 (HttpServer2.java:addFilter(1015)) - Added filter static_user_filter (class=org.apache.hadoop.http.lib.StaticUserWebFilter$StaticUserFilter) to context logs
2022-12-06 16:24:29,604 [Listener at 127.0.0.1/39139] INFO  http.HttpServer2 (HttpServer2.java:addFilter(1015)) - Added filter static_user_filter (class=org.apache.hadoop.http.lib.StaticUserWebFilter$StaticUserFilter) to context static
2022-12-06 16:24:29,605 [Listener at 127.0.0.1/39139] INFO  http.HttpServer2 (HttpServer2.java:bindListener(1250)) - Jetty bound to port 45299
2022-12-06 16:24:29,605 [Listener at 127.0.0.1/39139] INFO  server.Server (Server.java:doStart(375)) - jetty-9.4.49.v20220914; built: 2022-09-14T01:07:36.601Z; git: 4231a3b2e4cb8548a412a789936d640a97b1aa0a; jvm 1.8.0_352-b08
2022-12-06 16:24:29,607 [om1@group-C5BA1605619E-LeaderElection1] INFO  impl.RoleInfo (RoleInfo.java:updateAndGet(139)) - om1: start om1@group-C5BA1605619E-LeaderStateImpl
2022-12-06 16:24:29,616 [Datanode State Machine Task Thread - 0] INFO  datanode.InitDatanodeState (InitDatanodeState.java:persistContainerDatanodeDetails(138)) - DatanodeDetails is persisted to /home/runner/work/ozone/ozone/hadoop-ozone/integration-test/target/test-dir/MiniOzoneClusterImpl-ff76fcda-2f7b-42b7-aafc-07b3f4cbd752/datanode-0/meta/datanode.id
2022-12-06 16:24:29,623 [Listener at 127.0.0.1/39139] INFO  server.session (DefaultSessionIdManager.java:doStart(334)) - DefaultSessionIdManager workerName=node0
2022-12-06 16:24:29,623 [Listener at 127.0.0.1/39139] INFO  server.session (DefaultSessionIdManager.java:doStart(339)) - No SessionScavenger set, using defaults
2022-12-06 16:24:29,623 [Listener at 127.0.0.1/39139] INFO  server.session (HouseKeeper.java:startScavenging(132)) - node0 Scavenging every 600000ms
2022-12-06 16:24:29,624 [Listener at 127.0.0.1/39139] INFO  handler.ContextHandler (ContextHandler.java:doStart(921)) - Started o.e.j.s.ServletContextHandler@34c8e928{logs,/logs,file:///home/runner/work/ozone/ozone/hadoop-ozone/integration-test/target/log,AVAILABLE}
2022-12-06 16:24:29,624 [Listener at 127.0.0.1/39139] INFO  handler.ContextHandler (ContextHandler.java:doStart(921)) - Started o.e.j.s.ServletContextHandler@497735e1{static,/static,jar:file:/home/runner/.m2/repository/org/apache/ozone/hdds-container-service/1.3.0-SNAPSHOT/hdds-container-service-1.3.0-SNAPSHOT.jar!/webapps/static,AVAILABLE}
2022-12-06 16:24:29,650 [om1@group-C5BA1605619E-LeaderElection1] INFO  segmented.SegmentedRaftLogWorker (SegmentedRaftLogWorker.java:startLogSegment(452)) - om1@group-C5BA1605619E-SegmentedRaftLogWorker: Starting segment from index:0
2022-12-06 16:24:29,752 [om1@group-C5BA1605619E-LeaderElection1] INFO  server.RaftServer$Division (ServerState.java:setRaftConf(430)) - om1@group-C5BA1605619E: set configuration 0: peers:[om1|rpc:localhost:9872|admin:|client:|dataStream:|priority:0|startupRole:FOLLOWER]|listeners:[], old=null
2022-12-06 16:24:29,808 [om1@group-C5BA1605619E-SegmentedRaftLogWorker] INFO  segmented.SegmentedRaftLogWorker (SegmentedRaftLogWorker.java:execute(656)) - om1@group-C5BA1605619E-SegmentedRaftLogWorker: created new log segment /home/runner/work/ozone/ozone/hadoop-ozone/integration-test/target/test-dir/MiniOzoneClusterImpl-ff76fcda-2f7b-42b7-aafc-07b3f4cbd752/ozone-meta/ratis/bf265839-605b-3f16-9796-c5ba1605619e/current/log_inprogress_0
2022-12-06 16:24:29,851 [Listener at 127.0.0.1/39139] INFO  handler.ContextHandler (ContextHandler.java:doStart(921)) - Started o.e.j.w.WebAppContext@136efc8f{hddsDatanode,/,file:///tmp/jetty-0_0_0_0-45299-hdds-container-service-1_3_0-SNAPSHOT_jar-_-any-6063681586134609669/webapp/,AVAILABLE}{jar:file:/home/runner/.m2/repository/org/apache/ozone/hdds-container-service/1.3.0-SNAPSHOT/hdds-container-service-1.3.0-SNAPSHOT.jar!/webapps/hddsDatanode}
2022-12-06 16:24:29,856 [Listener at 127.0.0.1/39139] INFO  server.AbstractConnector (AbstractConnector.java:doStart(333)) - Started ServerConnector@67164dba{HTTP/1.1, (http/1.1)}{0.0.0.0:45299}
2022-12-06 16:24:29,856 [Listener at 127.0.0.1/39139] INFO  server.Server (Server.java:doStart(415)) - Started @9305ms
2022-12-06 16:24:29,856 [Listener at 127.0.0.1/39139] WARN  impl.MetricsSystemImpl (MetricsSystemImpl.java:register(279)) - Sink prometheus already exists!
2022-12-06 16:24:29,857 [Listener at 127.0.0.1/39139] INFO  http.BaseHttpServer (BaseHttpServer.java:updateConnectorAddress(333)) - HTTP server of hddsDatanode listening at http://0.0.0.0:45299
2022-12-06 16:24:29,858 [Listener at 127.0.0.1/39139] WARN  impl.MetricRegistriesImpl (MetricRegistriesImpl.java:addReporterRegistration(111)) - New reporters are added after registries were created. Some metrics will be missing from the reporter. Please add reporter before adding any new registry.
2022-12-06 16:24:29,859 [Listener at 127.0.0.1/39139] WARN  impl.MetricRegistriesImpl (MetricRegistriesImpl.java:addReporterRegistration(111)) - New reporters are added after registries were created. Some metrics will be missing from the reporter. Please add reporter before adding any new registry.
2022-12-06 16:24:29,860 [Listener at 127.0.0.1/39139] INFO  impl.MetricsSystemImpl (MetricsSystemImpl.java:init(158)) - HddsDatanode metrics system started (again)
2022-12-06 16:24:29,864 [Datanode State Machine Daemon Thread] INFO  statemachine.DatanodeStateMachine (DatanodeStateMachine.java:lambda$startDaemon$0(505)) - Ozone container server started.
2022-12-06 16:24:29,882 [Listener at 127.0.0.1/39139] INFO  ozone.HddsDatanodeService (HddsDatanodeService.java:start(236)) - HddsDatanodeService host:fv-az451-158.ehxzt5fk3o4e1ahk02omj2f41g.dx.internal.cloudapp.net ip:10.1.0.176
2022-12-06 16:24:29,910 [Listener at 127.0.0.1/39139] INFO  upgrade.AbstractLayoutVersionManager (AbstractLayoutVersionManager.java:init(83)) - Initializing Layout version manager with metadata layout = DATANODE_SCHEMA_V3 (version = 4), software layout = DATANODE_SCHEMA_V3 (version = 4)
2022-12-06 16:24:29,951 [org.apache.hadoop.util.JvmPauseMonitor$Monitor@7b81364c] INFO  util.JvmPauseMonitor (JvmPauseMonitor.java:run(188)) - Starting JVM pause monitor
2022-12-06 16:24:30,011 [Datanode State Machine Task Thread - 0] INFO  datanode.InitDatanodeState (InitDatanodeState.java:persistContainerDatanodeDetails(138)) - DatanodeDetails is persisted to /home/runner/work/ozone/ozone/hadoop-ozone/integration-test/target/test-dir/MiniOzoneClusterImpl-ff76fcda-2f7b-42b7-aafc-07b3f4cbd752/datanode-1/meta/datanode.id
2022-12-06 16:24:30,048 [Listener at 127.0.0.1/39139] INFO  reflections.Reflections (Reflections.java:scan(232)) - Reflections took 136 ms to scan 7 urls, producing 140 keys and 342 values 
2022-12-06 16:24:30,050 [Listener at 127.0.0.1/39139] INFO  statemachine.DatanodeStateMachine (DatanodeStateMachine.java:getEndPointTaskThreadPoolSize(245)) - Datanode State Machine Task Thread Pool size 2
2022-12-06 16:24:30,063 [Listener at 127.0.0.1/39139] INFO  volume.HddsVolume (HddsVolume.java:<init>(117)) - Creating HddsVolume: /home/runner/work/ozone/ozone/hadoop-ozone/integration-test/target/test-dir/MiniOzoneClusterImpl-ff76fcda-2f7b-42b7-aafc-07b3f4cbd752/datanode-2/data-0/containers/hdds of storage type : DISK capacity : 9223372036854775807
2022-12-06 16:24:30,064 [Listener at 127.0.0.1/39139] INFO  volume.MutableVolumeSet (MutableVolumeSet.java:initializeVolumeSet(174)) - Added Volume : /home/runner/work/ozone/ozone/hadoop-ozone/integration-test/target/test-dir/MiniOzoneClusterImpl-ff76fcda-2f7b-42b7-aafc-07b3f4cbd752/datanode-2/data-0/containers/hdds to VolumeSet
2022-12-06 16:24:30,064 [Listener at 127.0.0.1/39139] INFO  volume.ThrottledAsyncChecker (ThrottledAsyncChecker.java:schedule(141)) - Scheduling a check for /home/runner/work/ozone/ozone/hadoop-ozone/integration-test/target/test-dir/MiniOzoneClusterImpl-ff76fcda-2f7b-42b7-aafc-07b3f4cbd752/datanode-2/data-0/containers/hdds
2022-12-06 16:24:30,066 [Listener at 127.0.0.1/39139] INFO  volume.StorageVolumeChecker (StorageVolumeChecker.java:checkAllVolumes(202)) - Scheduled health check for volume /home/runner/work/ozone/ozone/hadoop-ozone/integration-test/target/test-dir/MiniOzoneClusterImpl-ff76fcda-2f7b-42b7-aafc-07b3f4cbd752/datanode-2/data-0/containers/hdds
2022-12-06 16:24:30,066 [om1@group-C5BA1605619E-StateMachineUpdater] INFO  ratis.OzoneManagerStateMachine (OzoneManagerStateMachine.java:notifyConfigurationChanged(192)) - Received Configuration change notification from Ratis. New Peer list:
[id: "om1"
address: "localhost:9872"
startupRole: FOLLOWER
]
2022-12-06 16:24:30,080 [Listener at 127.0.0.1/39139] INFO  volume.MutableVolumeSet (MutableVolumeSet.java:initializeVolumeSet(174)) - Added Volume : /home/runner/work/ozone/ozone/hadoop-ozone/integration-test/target/test-dir/MiniOzoneClusterImpl-ff76fcda-2f7b-42b7-aafc-07b3f4cbd752/datanode-2/data/ratis to VolumeSet
2022-12-06 16:24:30,080 [Listener at 127.0.0.1/39139] INFO  volume.ThrottledAsyncChecker (ThrottledAsyncChecker.java:schedule(141)) - Scheduling a check for /home/runner/work/ozone/ozone/hadoop-ozone/integration-test/target/test-dir/MiniOzoneClusterImpl-ff76fcda-2f7b-42b7-aafc-07b3f4cbd752/datanode-2/data/ratis
2022-12-06 16:24:30,080 [Listener at 127.0.0.1/39139] INFO  volume.StorageVolumeChecker (StorageVolumeChecker.java:checkAllVolumes(202)) - Scheduled health check for volume /home/runner/work/ozone/ozone/hadoop-ozone/integration-test/target/test-dir/MiniOzoneClusterImpl-ff76fcda-2f7b-42b7-aafc-07b3f4cbd752/datanode-2/data/ratis
2022-12-06 16:24:30,095 [Thread-163] INFO  ozoneimpl.ContainerReader (ContainerReader.java:readVolume(175)) - Finish verifying containers on volume /home/runner/work/ozone/ozone/hadoop-ozone/integration-test/target/test-dir/MiniOzoneClusterImpl-ff76fcda-2f7b-42b7-aafc-07b3f4cbd752/datanode-2/data-0/containers/hdds
2022-12-06 16:24:30,100 [Listener at 127.0.0.1/39139] INFO  ozoneimpl.OzoneContainer (OzoneContainer.java:buildContainerSet(301)) - Build ContainerSet costs 0s
2022-12-06 16:24:30,103 [Listener at 127.0.0.1/39139] INFO  server.RaftServer (ConfUtils.java:logGet(46)) - raft.rpc.type = GRPC (default)
2022-12-06 16:24:30,103 [Listener at 127.0.0.1/39139] INFO  grpc.GrpcConfigKeys (ConfUtils.java:logFallback(53)) - raft.grpc.admin.host = null (fallback to raft.grpc.server.host)
2022-12-06 16:24:30,103 [Listener at 127.0.0.1/39139] INFO  grpc.GrpcConfigKeys (ConfUtils.java:logGet(46)) - raft.grpc.admin.port = 0 (custom)
2022-12-06 16:24:30,104 [Listener at 127.0.0.1/39139] INFO  grpc.GrpcConfigKeys (ConfUtils.java:logFallback(53)) - raft.grpc.client.host = null (fallback to raft.grpc.server.host)
2022-12-06 16:24:30,104 [Listener at 127.0.0.1/39139] INFO  grpc.GrpcConfigKeys (ConfUtils.java:logGet(46)) - raft.grpc.client.port = 0 (custom)
2022-12-06 16:24:30,104 [Listener at 127.0.0.1/39139] INFO  grpc.GrpcConfigKeys (ConfUtils.java:logGet(46)) - raft.grpc.server.host = null (default)
2022-12-06 16:24:30,104 [Listener at 127.0.0.1/39139] INFO  grpc.GrpcConfigKeys (ConfUtils.java:logGet(46)) - raft.grpc.server.port = 0 (default)
2022-12-06 16:24:30,104 [Listener at 127.0.0.1/39139] INFO  server.GrpcService (ConfUtils.java:logGet(46)) - raft.grpc.message.size.max = 32MB (=33554432) (custom)
2022-12-06 16:24:30,104 [Listener at 127.0.0.1/39139] INFO  server.RaftServerConfigKeys (ConfUtils.java:logGet(46)) - raft.server.log.appender.buffer.byte-limit = 33554432 (custom)
2022-12-06 16:24:30,107 [Listener at 127.0.0.1/39139] INFO  server.GrpcService (ConfUtils.java:logGet(46)) - raft.grpc.flow.control.window = 5MB (=5242880) (custom)
2022-12-06 16:24:30,107 [Listener at 127.0.0.1/39139] INFO  server.RaftServerConfigKeys (ConfUtils.java:logGet(46)) - raft.server.rpc.request.timeout = 60s (custom)
2022-12-06 16:24:30,107 [Listener at 127.0.0.1/39139] INFO  grpc.GrpcConfigKeys (ConfUtils.java:logGet(46)) - raft.grpc.server.heartbeat.channel = true (default)
2022-12-06 16:24:30,107 [Listener at 127.0.0.1/39139] INFO  grpc.GrpcConfigKeys (ConfUtils.java:logGet(46)) - raft.grpc.server.async.request.thread.pool.cached = true (default)
2022-12-06 16:24:30,108 [Listener at 127.0.0.1/39139] INFO  grpc.GrpcConfigKeys (ConfUtils.java:logGet(46)) - raft.grpc.server.async.request.thread.pool.size = 32 (default)
2022-12-06 16:24:30,111 [Listener at 127.0.0.1/39139] INFO  impl.DataStreamServerImpl (ConfUtils.java:logGet(46)) - raft.datastream.type = DISABLED (default)
2022-12-06 16:24:30,111 [Listener at 127.0.0.1/39139] INFO  server.RaftServerConfigKeys (ConfUtils.java:logGet(46)) - raft.server.threadpool.proxy.cached = true (default)
2022-12-06 16:24:30,111 [Listener at 127.0.0.1/39139] INFO  server.RaftServerConfigKeys (ConfUtils.java:logGet(46)) - raft.server.threadpool.proxy.size = 0 (default)
2022-12-06 16:24:30,112 [Listener at 127.0.0.1/39139] INFO  server.RaftServerConfigKeys (ConfUtils.java:logGet(46)) - raft.server.rpc.slowness.timeout = 300s (custom)
2022-12-06 16:24:30,113 [Listener at 127.0.0.1/39139] INFO  server.RaftServerConfigKeys (ConfUtils.java:logGet(46)) - raft.server.leaderelection.leader.step-down.wait-time = 10s (default)
2022-12-06 16:24:30,113 [Listener at 127.0.0.1/39139] INFO  server.RaftServerConfigKeys (ConfUtils.java:logGet(46)) - raft.server.storage.dir = [/home/runner/work/ozone/ozone/hadoop-ozone/integration-test/target/test-dir/MiniOzoneClusterImpl-ff76fcda-2f7b-42b7-aafc-07b3f4cbd752/datanode-2/data/ratis] (custom)
2022-12-06 16:24:30,115 [Listener at 127.0.0.1/39139] INFO  server.XceiverServerGrpc (XceiverServerGrpc.java:<init>(132)) - GrpcServer channel type EpollServerSocketChannel
2022-12-06 16:24:30,122 [Listener at 127.0.0.1/39139] INFO  http.BaseHttpServer (BaseHttpServer.java:newHttpServer2BuilderForOzone(213)) - Starting Web-server for hddsDatanode at: http://0.0.0.0:0
2022-12-06 16:24:30,122 [Listener at 127.0.0.1/39139] INFO  http.BaseHttpServer (BaseHttpServer.java:<init>(108)) - Hadoop Security Enabled: false Ozone Security Enabled: false Ozone HTTP Security Enabled: false 
2022-12-06 16:24:30,123 [Listener at 127.0.0.1/39139] WARN  server.AuthenticationFilter (AuthenticationFilter.java:constructSecretProvider(240)) - Unable to initialize FileSignerSecretProvider, falling back to use random secrets. Reason: Could not read signature secret file: /home/runner/hadoop-http-auth-signature-secret
2022-12-06 16:24:30,124 [Listener at 127.0.0.1/39139] WARN  http.HttpRequestLog (HttpRequestLog.java:getRequestLog(103)) - Jetty request log can only be enabled using Log4j
2022-12-06 16:24:30,126 [Listener at 127.0.0.1/39139] INFO  http.HttpServer2 (HttpServer2.java:addGlobalFilter(1031)) - Added global filter 'safety' (class=org.apache.hadoop.hdds.server.http.HttpServer2$QuotingInputFilter)
2022-12-06 16:24:30,127 [Listener at 127.0.0.1/39139] INFO  http.HttpServer2 (HttpServer2.java:addFilter(1007)) - Added filter static_user_filter (class=org.apache.hadoop.http.lib.StaticUserWebFilter$StaticUserFilter) to context hddsDatanode
2022-12-06 16:24:30,127 [Listener at 127.0.0.1/39139] INFO  http.HttpServer2 (HttpServer2.java:addFilter(1015)) - Added filter static_user_filter (class=org.apache.hadoop.http.lib.StaticUserWebFilter$StaticUserFilter) to context logs
2022-12-06 16:24:30,127 [Listener at 127.0.0.1/39139] INFO  http.HttpServer2 (HttpServer2.java:addFilter(1015)) - Added filter static_user_filter (class=org.apache.hadoop.http.lib.StaticUserWebFilter$StaticUserFilter) to context static
2022-12-06 16:24:30,129 [Listener at 127.0.0.1/39139] INFO  http.HttpServer2 (HttpServer2.java:bindListener(1250)) - Jetty bound to port 37887
2022-12-06 16:24:30,129 [Listener at 127.0.0.1/39139] INFO  server.Server (Server.java:doStart(375)) - jetty-9.4.49.v20220914; built: 2022-09-14T01:07:36.601Z; git: 4231a3b2e4cb8548a412a789936d640a97b1aa0a; jvm 1.8.0_352-b08
2022-12-06 16:24:30,130 [Listener at 127.0.0.1/39139] INFO  server.session (DefaultSessionIdManager.java:doStart(334)) - DefaultSessionIdManager workerName=node0
2022-12-06 16:24:30,130 [Listener at 127.0.0.1/39139] INFO  server.session (DefaultSessionIdManager.java:doStart(339)) - No SessionScavenger set, using defaults
2022-12-06 16:24:30,131 [Listener at 127.0.0.1/39139] INFO  server.session (HouseKeeper.java:startScavenging(132)) - node0 Scavenging every 600000ms
2022-12-06 16:24:30,131 [Listener at 127.0.0.1/39139] INFO  handler.ContextHandler (ContextHandler.java:doStart(921)) - Started o.e.j.s.ServletContextHandler@3c927907{logs,/logs,file:///home/runner/work/ozone/ozone/hadoop-ozone/integration-test/target/log,AVAILABLE}
2022-12-06 16:24:30,132 [Listener at 127.0.0.1/39139] INFO  handler.ContextHandler (ContextHandler.java:doStart(921)) - Started o.e.j.s.ServletContextHandler@26049ca2{static,/static,jar:file:/home/runner/.m2/repository/org/apache/ozone/hdds-container-service/1.3.0-SNAPSHOT/hdds-container-service-1.3.0-SNAPSHOT.jar!/webapps/static,AVAILABLE}
2022-12-06 16:24:30,332 [Listener at 127.0.0.1/39139] INFO  handler.ContextHandler (ContextHandler.java:doStart(921)) - Started o.e.j.w.WebAppContext@1311a7ae{hddsDatanode,/,file:///tmp/jetty-0_0_0_0-37887-hdds-container-service-1_3_0-SNAPSHOT_jar-_-any-7376934024150284007/webapp/,AVAILABLE}{jar:file:/home/runner/.m2/repository/org/apache/ozone/hdds-container-service/1.3.0-SNAPSHOT/hdds-container-service-1.3.0-SNAPSHOT.jar!/webapps/hddsDatanode}
2022-12-06 16:24:30,334 [Listener at 127.0.0.1/39139] INFO  server.AbstractConnector (AbstractConnector.java:doStart(333)) - Started ServerConnector@9f36eeb{HTTP/1.1, (http/1.1)}{0.0.0.0:37887}
2022-12-06 16:24:30,334 [Listener at 127.0.0.1/39139] INFO  server.Server (Server.java:doStart(415)) - Started @9782ms
2022-12-06 16:24:30,334 [Listener at 127.0.0.1/39139] WARN  impl.MetricsSystemImpl (MetricsSystemImpl.java:register(279)) - Sink prometheus already exists!
2022-12-06 16:24:30,335 [Listener at 127.0.0.1/39139] INFO  http.BaseHttpServer (BaseHttpServer.java:updateConnectorAddress(333)) - HTTP server of hddsDatanode listening at http://0.0.0.0:37887
2022-12-06 16:24:30,335 [Listener at 127.0.0.1/39139] WARN  impl.MetricRegistriesImpl (MetricRegistriesImpl.java:addReporterRegistration(111)) - New reporters are added after registries were created. Some metrics will be missing from the reporter. Please add reporter before adding any new registry.
2022-12-06 16:24:30,336 [Listener at 127.0.0.1/39139] WARN  impl.MetricRegistriesImpl (MetricRegistriesImpl.java:addReporterRegistration(111)) - New reporters are added after registries were created. Some metrics will be missing from the reporter. Please add reporter before adding any new registry.
2022-12-06 16:24:30,336 [Listener at 127.0.0.1/39139] INFO  impl.MetricsSystemImpl (MetricsSystemImpl.java:init(158)) - HddsDatanode metrics system started (again)
2022-12-06 16:24:30,343 [Datanode State Machine Daemon Thread] INFO  statemachine.DatanodeStateMachine (DatanodeStateMachine.java:lambda$startDaemon$0(505)) - Ozone container server started.
2022-12-06 16:24:30,362 [org.apache.hadoop.util.JvmPauseMonitor$Monitor@259e1bfd] INFO  util.JvmPauseMonitor (JvmPauseMonitor.java:run(188)) - Starting JVM pause monitor
2022-12-06 16:24:30,364 [Datanode State Machine Task Thread - 0] INFO  datanode.InitDatanodeState (InitDatanodeState.java:persistContainerDatanodeDetails(138)) - DatanodeDetails is persisted to /home/runner/work/ozone/ozone/hadoop-ozone/integration-test/target/test-dir/MiniOzoneClusterImpl-ff76fcda-2f7b-42b7-aafc-07b3f4cbd752/datanode-2/meta/datanode.id
2022-12-06 16:24:30,370 [Listener at 127.0.0.1/39139] INFO  ozone.HddsDatanodeService (HddsDatanodeService.java:start(236)) - HddsDatanodeService host:fv-az451-158.ehxzt5fk3o4e1ahk02omj2f41g.dx.internal.cloudapp.net ip:10.1.0.176
2022-12-06 16:24:30,411 [Listener at 127.0.0.1/39139] INFO  upgrade.AbstractLayoutVersionManager (AbstractLayoutVersionManager.java:init(83)) - Initializing Layout version manager with metadata layout = DATANODE_SCHEMA_V3 (version = 4), software layout = DATANODE_SCHEMA_V3 (version = 4)
2022-12-06 16:24:30,467 [Listener at 127.0.0.1/39139] INFO  reflections.Reflections (Reflections.java:scan(232)) - Reflections took 52 ms to scan 7 urls, producing 140 keys and 342 values 
2022-12-06 16:24:30,470 [Listener at 127.0.0.1/39139] INFO  statemachine.DatanodeStateMachine (DatanodeStateMachine.java:getEndPointTaskThreadPoolSize(245)) - Datanode State Machine Task Thread Pool size 2
2022-12-06 16:24:30,479 [Listener at 127.0.0.1/39139] INFO  volume.HddsVolume (HddsVolume.java:<init>(117)) - Creating HddsVolume: /home/runner/work/ozone/ozone/hadoop-ozone/integration-test/target/test-dir/MiniOzoneClusterImpl-ff76fcda-2f7b-42b7-aafc-07b3f4cbd752/datanode-3/data-0/containers/hdds of storage type : DISK capacity : 9223372036854775807
2022-12-06 16:24:30,480 [Listener at 127.0.0.1/39139] INFO  volume.MutableVolumeSet (MutableVolumeSet.java:initializeVolumeSet(174)) - Added Volume : /home/runner/work/ozone/ozone/hadoop-ozone/integration-test/target/test-dir/MiniOzoneClusterImpl-ff76fcda-2f7b-42b7-aafc-07b3f4cbd752/datanode-3/data-0/containers/hdds to VolumeSet
2022-12-06 16:24:30,480 [Listener at 127.0.0.1/39139] INFO  volume.ThrottledAsyncChecker (ThrottledAsyncChecker.java:schedule(141)) - Scheduling a check for /home/runner/work/ozone/ozone/hadoop-ozone/integration-test/target/test-dir/MiniOzoneClusterImpl-ff76fcda-2f7b-42b7-aafc-07b3f4cbd752/datanode-3/data-0/containers/hdds
2022-12-06 16:24:30,486 [Listener at 127.0.0.1/39139] INFO  volume.StorageVolumeChecker (StorageVolumeChecker.java:checkAllVolumes(202)) - Scheduled health check for volume /home/runner/work/ozone/ozone/hadoop-ozone/integration-test/target/test-dir/MiniOzoneClusterImpl-ff76fcda-2f7b-42b7-aafc-07b3f4cbd752/datanode-3/data-0/containers/hdds
2022-12-06 16:24:30,499 [Listener at 127.0.0.1/39139] INFO  volume.MutableVolumeSet (MutableVolumeSet.java:initializeVolumeSet(174)) - Added Volume : /home/runner/work/ozone/ozone/hadoop-ozone/integration-test/target/test-dir/MiniOzoneClusterImpl-ff76fcda-2f7b-42b7-aafc-07b3f4cbd752/datanode-3/data/ratis to VolumeSet
2022-12-06 16:24:30,499 [Listener at 127.0.0.1/39139] INFO  volume.ThrottledAsyncChecker (ThrottledAsyncChecker.java:schedule(141)) - Scheduling a check for /home/runner/work/ozone/ozone/hadoop-ozone/integration-test/target/test-dir/MiniOzoneClusterImpl-ff76fcda-2f7b-42b7-aafc-07b3f4cbd752/datanode-3/data/ratis
2022-12-06 16:24:30,500 [Listener at 127.0.0.1/39139] INFO  volume.StorageVolumeChecker (StorageVolumeChecker.java:checkAllVolumes(202)) - Scheduled health check for volume /home/runner/work/ozone/ozone/hadoop-ozone/integration-test/target/test-dir/MiniOzoneClusterImpl-ff76fcda-2f7b-42b7-aafc-07b3f4cbd752/datanode-3/data/ratis
2022-12-06 16:24:30,514 [Thread-176] INFO  ozoneimpl.ContainerReader (ContainerReader.java:readVolume(175)) - Finish verifying containers on volume /home/runner/work/ozone/ozone/hadoop-ozone/integration-test/target/test-dir/MiniOzoneClusterImpl-ff76fcda-2f7b-42b7-aafc-07b3f4cbd752/datanode-3/data-0/containers/hdds
2022-12-06 16:24:30,514 [Listener at 127.0.0.1/39139] INFO  ozoneimpl.OzoneContainer (OzoneContainer.java:buildContainerSet(301)) - Build ContainerSet costs 0s
2022-12-06 16:24:30,517 [Listener at 127.0.0.1/39139] INFO  server.RaftServer (ConfUtils.java:logGet(46)) - raft.rpc.type = GRPC (default)
2022-12-06 16:24:30,517 [Listener at 127.0.0.1/39139] INFO  grpc.GrpcConfigKeys (ConfUtils.java:logFallback(53)) - raft.grpc.admin.host = null (fallback to raft.grpc.server.host)
2022-12-06 16:24:30,517 [Listener at 127.0.0.1/39139] INFO  grpc.GrpcConfigKeys (ConfUtils.java:logGet(46)) - raft.grpc.admin.port = 0 (custom)
2022-12-06 16:24:30,517 [Listener at 127.0.0.1/39139] INFO  grpc.GrpcConfigKeys (ConfUtils.java:logFallback(53)) - raft.grpc.client.host = null (fallback to raft.grpc.server.host)
2022-12-06 16:24:30,517 [Listener at 127.0.0.1/39139] INFO  grpc.GrpcConfigKeys (ConfUtils.java:logGet(46)) - raft.grpc.client.port = 0 (custom)
2022-12-06 16:24:30,517 [Listener at 127.0.0.1/39139] INFO  grpc.GrpcConfigKeys (ConfUtils.java:logGet(46)) - raft.grpc.server.host = null (default)
2022-12-06 16:24:30,517 [Listener at 127.0.0.1/39139] INFO  grpc.GrpcConfigKeys (ConfUtils.java:logGet(46)) - raft.grpc.server.port = 0 (default)
2022-12-06 16:24:30,520 [Listener at 127.0.0.1/39139] INFO  server.GrpcService (ConfUtils.java:logGet(46)) - raft.grpc.message.size.max = 32MB (=33554432) (custom)
2022-12-06 16:24:30,521 [Listener at 127.0.0.1/39139] INFO  server.RaftServerConfigKeys (ConfUtils.java:logGet(46)) - raft.server.log.appender.buffer.byte-limit = 33554432 (custom)
2022-12-06 16:24:30,521 [Listener at 127.0.0.1/39139] INFO  server.GrpcService (ConfUtils.java:logGet(46)) - raft.grpc.flow.control.window = 5MB (=5242880) (custom)
2022-12-06 16:24:30,521 [Listener at 127.0.0.1/39139] INFO  server.RaftServerConfigKeys (ConfUtils.java:logGet(46)) - raft.server.rpc.request.timeout = 60s (custom)
2022-12-06 16:24:30,521 [Listener at 127.0.0.1/39139] INFO  grpc.GrpcConfigKeys (ConfUtils.java:logGet(46)) - raft.grpc.server.heartbeat.channel = true (default)
2022-12-06 16:24:30,521 [Listener at 127.0.0.1/39139] INFO  grpc.GrpcConfigKeys (ConfUtils.java:logGet(46)) - raft.grpc.server.async.request.thread.pool.cached = true (default)
2022-12-06 16:24:30,521 [Listener at 127.0.0.1/39139] INFO  grpc.GrpcConfigKeys (ConfUtils.java:logGet(46)) - raft.grpc.server.async.request.thread.pool.size = 32 (default)
2022-12-06 16:24:30,523 [Listener at 127.0.0.1/39139] INFO  impl.DataStreamServerImpl (ConfUtils.java:logGet(46)) - raft.datastream.type = DISABLED (default)
2022-12-06 16:24:30,523 [Listener at 127.0.0.1/39139] INFO  server.RaftServerConfigKeys (ConfUtils.java:logGet(46)) - raft.server.threadpool.proxy.cached = true (default)
2022-12-06 16:24:30,524 [Listener at 127.0.0.1/39139] INFO  server.RaftServerConfigKeys (ConfUtils.java:logGet(46)) - raft.server.threadpool.proxy.size = 0 (default)
2022-12-06 16:24:30,524 [Listener at 127.0.0.1/39139] INFO  server.RaftServerConfigKeys (ConfUtils.java:logGet(46)) - raft.server.rpc.slowness.timeout = 300s (custom)
2022-12-06 16:24:30,524 [Listener at 127.0.0.1/39139] INFO  server.RaftServerConfigKeys (ConfUtils.java:logGet(46)) - raft.server.leaderelection.leader.step-down.wait-time = 10s (default)
2022-12-06 16:24:30,524 [Listener at 127.0.0.1/39139] INFO  server.RaftServerConfigKeys (ConfUtils.java:logGet(46)) - raft.server.storage.dir = [/home/runner/work/ozone/ozone/hadoop-ozone/integration-test/target/test-dir/MiniOzoneClusterImpl-ff76fcda-2f7b-42b7-aafc-07b3f4cbd752/datanode-3/data/ratis] (custom)
2022-12-06 16:24:30,527 [Listener at 127.0.0.1/39139] INFO  server.XceiverServerGrpc (XceiverServerGrpc.java:<init>(132)) - GrpcServer channel type EpollServerSocketChannel
2022-12-06 16:24:30,535 [Listener at 127.0.0.1/39139] INFO  http.BaseHttpServer (BaseHttpServer.java:newHttpServer2BuilderForOzone(213)) - Starting Web-server for hddsDatanode at: http://0.0.0.0:0
2022-12-06 16:24:30,535 [Listener at 127.0.0.1/39139] INFO  http.BaseHttpServer (BaseHttpServer.java:<init>(108)) - Hadoop Security Enabled: false Ozone Security Enabled: false Ozone HTTP Security Enabled: false 
2022-12-06 16:24:30,537 [Listener at 127.0.0.1/39139] WARN  server.AuthenticationFilter (AuthenticationFilter.java:constructSecretProvider(240)) - Unable to initialize FileSignerSecretProvider, falling back to use random secrets. Reason: Could not read signature secret file: /home/runner/hadoop-http-auth-signature-secret
2022-12-06 16:24:30,539 [Listener at 127.0.0.1/39139] WARN  http.HttpRequestLog (HttpRequestLog.java:getRequestLog(103)) - Jetty request log can only be enabled using Log4j
2022-12-06 16:24:30,541 [Listener at 127.0.0.1/39139] INFO  http.HttpServer2 (HttpServer2.java:addGlobalFilter(1031)) - Added global filter 'safety' (class=org.apache.hadoop.hdds.server.http.HttpServer2$QuotingInputFilter)
2022-12-06 16:24:30,542 [Listener at 127.0.0.1/39139] INFO  http.HttpServer2 (HttpServer2.java:addFilter(1007)) - Added filter static_user_filter (class=org.apache.hadoop.http.lib.StaticUserWebFilter$StaticUserFilter) to context hddsDatanode
2022-12-06 16:24:30,542 [Listener at 127.0.0.1/39139] INFO  http.HttpServer2 (HttpServer2.java:addFilter(1015)) - Added filter static_user_filter (class=org.apache.hadoop.http.lib.StaticUserWebFilter$StaticUserFilter) to context logs
2022-12-06 16:24:30,543 [Listener at 127.0.0.1/39139] INFO  http.HttpServer2 (HttpServer2.java:addFilter(1015)) - Added filter static_user_filter (class=org.apache.hadoop.http.lib.StaticUserWebFilter$StaticUserFilter) to context static
2022-12-06 16:24:30,543 [Listener at 127.0.0.1/39139] INFO  http.HttpServer2 (HttpServer2.java:bindListener(1250)) - Jetty bound to port 46333
2022-12-06 16:24:30,544 [Listener at 127.0.0.1/39139] INFO  server.Server (Server.java:doStart(375)) - jetty-9.4.49.v20220914; built: 2022-09-14T01:07:36.601Z; git: 4231a3b2e4cb8548a412a789936d640a97b1aa0a; jvm 1.8.0_352-b08
2022-12-06 16:24:30,548 [Listener at 127.0.0.1/39139] INFO  server.session (DefaultSessionIdManager.java:doStart(334)) - DefaultSessionIdManager workerName=node0
2022-12-06 16:24:30,549 [Listener at 127.0.0.1/39139] INFO  server.session (DefaultSessionIdManager.java:doStart(339)) - No SessionScavenger set, using defaults
2022-12-06 16:24:30,549 [Listener at 127.0.0.1/39139] INFO  server.session (HouseKeeper.java:startScavenging(132)) - node0 Scavenging every 600000ms
2022-12-06 16:24:30,550 [Listener at 127.0.0.1/39139] INFO  handler.ContextHandler (ContextHandler.java:doStart(921)) - Started o.e.j.s.ServletContextHandler@4d6c93fd{logs,/logs,file:///home/runner/work/ozone/ozone/hadoop-ozone/integration-test/target/log,AVAILABLE}
2022-12-06 16:24:30,550 [Listener at 127.0.0.1/39139] INFO  handler.ContextHandler (ContextHandler.java:doStart(921)) - Started o.e.j.s.ServletContextHandler@75332dcf{static,/static,jar:file:/home/runner/.m2/repository/org/apache/ozone/hdds-container-service/1.3.0-SNAPSHOT/hdds-container-service-1.3.0-SNAPSHOT.jar!/webapps/static,AVAILABLE}
2022-12-06 16:24:30,737 [Listener at 127.0.0.1/39139] INFO  handler.ContextHandler (ContextHandler.java:doStart(921)) - Started o.e.j.w.WebAppContext@6cfbdf32{hddsDatanode,/,file:///tmp/jetty-0_0_0_0-46333-hdds-container-service-1_3_0-SNAPSHOT_jar-_-any-5779527815894806017/webapp/,AVAILABLE}{jar:file:/home/runner/.m2/repository/org/apache/ozone/hdds-container-service/1.3.0-SNAPSHOT/hdds-container-service-1.3.0-SNAPSHOT.jar!/webapps/hddsDatanode}
2022-12-06 16:24:30,739 [Listener at 127.0.0.1/39139] INFO  server.AbstractConnector (AbstractConnector.java:doStart(333)) - Started ServerConnector@3dab4c68{HTTP/1.1, (http/1.1)}{0.0.0.0:46333}
2022-12-06 16:24:30,739 [Listener at 127.0.0.1/39139] INFO  server.Server (Server.java:doStart(415)) - Started @10187ms
2022-12-06 16:24:30,739 [Listener at 127.0.0.1/39139] WARN  impl.MetricsSystemImpl (MetricsSystemImpl.java:register(279)) - Sink prometheus already exists!
2022-12-06 16:24:30,740 [Listener at 127.0.0.1/39139] INFO  http.BaseHttpServer (BaseHttpServer.java:updateConnectorAddress(333)) - HTTP server of hddsDatanode listening at http://0.0.0.0:46333
2022-12-06 16:24:30,740 [Datanode State Machine Daemon Thread] INFO  statemachine.DatanodeStateMachine (DatanodeStateMachine.java:lambda$startDaemon$0(505)) - Ozone container server started.
2022-12-06 16:24:30,742 [Listener at 127.0.0.1/39139] WARN  impl.MetricRegistriesImpl (MetricRegistriesImpl.java:addReporterRegistration(111)) - New reporters are added after registries were created. Some metrics will be missing from the reporter. Please add reporter before adding any new registry.
2022-12-06 16:24:30,743 [Listener at 127.0.0.1/39139] WARN  impl.MetricRegistriesImpl (MetricRegistriesImpl.java:addReporterRegistration(111)) - New reporters are added after registries were created. Some metrics will be missing from the reporter. Please add reporter before adding any new registry.
2022-12-06 16:24:30,743 [Listener at 127.0.0.1/39139] INFO  impl.MetricsSystemImpl (MetricsSystemImpl.java:init(158)) - HddsDatanode metrics system started (again)
2022-12-06 16:24:30,756 [Listener at 127.0.0.1/39139] INFO  ozone.HddsDatanodeService (HddsDatanodeService.java:start(236)) - HddsDatanodeService host:fv-az451-158.ehxzt5fk3o4e1ahk02omj2f41g.dx.internal.cloudapp.net ip:10.1.0.176
2022-12-06 16:24:30,758 [org.apache.hadoop.util.JvmPauseMonitor$Monitor@10373fc4] INFO  util.JvmPauseMonitor (JvmPauseMonitor.java:run(188)) - Starting JVM pause monitor
2022-12-06 16:24:30,763 [Datanode State Machine Task Thread - 0] INFO  datanode.InitDatanodeState (InitDatanodeState.java:persistContainerDatanodeDetails(138)) - DatanodeDetails is persisted to /home/runner/work/ozone/ozone/hadoop-ozone/integration-test/target/test-dir/MiniOzoneClusterImpl-ff76fcda-2f7b-42b7-aafc-07b3f4cbd752/datanode-3/meta/datanode.id
2022-12-06 16:24:30,786 [Listener at 127.0.0.1/39139] INFO  upgrade.AbstractLayoutVersionManager (AbstractLayoutVersionManager.java:init(83)) - Initializing Layout version manager with metadata layout = DATANODE_SCHEMA_V3 (version = 4), software layout = DATANODE_SCHEMA_V3 (version = 4)
2022-12-06 16:24:30,842 [Listener at 127.0.0.1/39139] INFO  reflections.Reflections (Reflections.java:scan(232)) - Reflections took 53 ms to scan 7 urls, producing 140 keys and 342 values 
2022-12-06 16:24:30,845 [Listener at 127.0.0.1/39139] INFO  statemachine.DatanodeStateMachine (DatanodeStateMachine.java:getEndPointTaskThreadPoolSize(245)) - Datanode State Machine Task Thread Pool size 2
2022-12-06 16:24:30,850 [Listener at 127.0.0.1/39139] INFO  volume.HddsVolume (HddsVolume.java:<init>(117)) - Creating HddsVolume: /home/runner/work/ozone/ozone/hadoop-ozone/integration-test/target/test-dir/MiniOzoneClusterImpl-ff76fcda-2f7b-42b7-aafc-07b3f4cbd752/datanode-4/data-0/containers/hdds of storage type : DISK capacity : 9223372036854775807
2022-12-06 16:24:30,851 [Listener at 127.0.0.1/39139] INFO  volume.MutableVolumeSet (MutableVolumeSet.java:initializeVolumeSet(174)) - Added Volume : /home/runner/work/ozone/ozone/hadoop-ozone/integration-test/target/test-dir/MiniOzoneClusterImpl-ff76fcda-2f7b-42b7-aafc-07b3f4cbd752/datanode-4/data-0/containers/hdds to VolumeSet
2022-12-06 16:24:30,851 [Listener at 127.0.0.1/39139] INFO  volume.ThrottledAsyncChecker (ThrottledAsyncChecker.java:schedule(141)) - Scheduling a check for /home/runner/work/ozone/ozone/hadoop-ozone/integration-test/target/test-dir/MiniOzoneClusterImpl-ff76fcda-2f7b-42b7-aafc-07b3f4cbd752/datanode-4/data-0/containers/hdds
2022-12-06 16:24:30,859 [Listener at 127.0.0.1/39139] INFO  volume.StorageVolumeChecker (StorageVolumeChecker.java:checkAllVolumes(202)) - Scheduled health check for volume /home/runner/work/ozone/ozone/hadoop-ozone/integration-test/target/test-dir/MiniOzoneClusterImpl-ff76fcda-2f7b-42b7-aafc-07b3f4cbd752/datanode-4/data-0/containers/hdds
2022-12-06 16:24:30,871 [Listener at 127.0.0.1/39139] INFO  volume.MutableVolumeSet (MutableVolumeSet.java:initializeVolumeSet(174)) - Added Volume : /home/runner/work/ozone/ozone/hadoop-ozone/integration-test/target/test-dir/MiniOzoneClusterImpl-ff76fcda-2f7b-42b7-aafc-07b3f4cbd752/datanode-4/data/ratis to VolumeSet
2022-12-06 16:24:30,872 [Listener at 127.0.0.1/39139] INFO  volume.ThrottledAsyncChecker (ThrottledAsyncChecker.java:schedule(141)) - Scheduling a check for /home/runner/work/ozone/ozone/hadoop-ozone/integration-test/target/test-dir/MiniOzoneClusterImpl-ff76fcda-2f7b-42b7-aafc-07b3f4cbd752/datanode-4/data/ratis
2022-12-06 16:24:30,872 [Listener at 127.0.0.1/39139] INFO  volume.StorageVolumeChecker (StorageVolumeChecker.java:checkAllVolumes(202)) - Scheduled health check for volume /home/runner/work/ozone/ozone/hadoop-ozone/integration-test/target/test-dir/MiniOzoneClusterImpl-ff76fcda-2f7b-42b7-aafc-07b3f4cbd752/datanode-4/data/ratis
2022-12-06 16:24:30,883 [Thread-189] INFO  ozoneimpl.ContainerReader (ContainerReader.java:readVolume(175)) - Finish verifying containers on volume /home/runner/work/ozone/ozone/hadoop-ozone/integration-test/target/test-dir/MiniOzoneClusterImpl-ff76fcda-2f7b-42b7-aafc-07b3f4cbd752/datanode-4/data-0/containers/hdds
2022-12-06 16:24:30,883 [Listener at 127.0.0.1/39139] INFO  ozoneimpl.OzoneContainer (OzoneContainer.java:buildContainerSet(301)) - Build ContainerSet costs 0s
2022-12-06 16:24:30,888 [Listener at 127.0.0.1/39139] INFO  server.RaftServer (ConfUtils.java:logGet(46)) - raft.rpc.type = GRPC (default)
2022-12-06 16:24:30,888 [Listener at 127.0.0.1/39139] INFO  grpc.GrpcConfigKeys (ConfUtils.java:logFallback(53)) - raft.grpc.admin.host = null (fallback to raft.grpc.server.host)
2022-12-06 16:24:30,888 [Listener at 127.0.0.1/39139] INFO  grpc.GrpcConfigKeys (ConfUtils.java:logGet(46)) - raft.grpc.admin.port = 0 (custom)
2022-12-06 16:24:30,888 [Listener at 127.0.0.1/39139] INFO  grpc.GrpcConfigKeys (ConfUtils.java:logFallback(53)) - raft.grpc.client.host = null (fallback to raft.grpc.server.host)
2022-12-06 16:24:30,889 [Listener at 127.0.0.1/39139] INFO  grpc.GrpcConfigKeys (ConfUtils.java:logGet(46)) - raft.grpc.client.port = 0 (custom)
2022-12-06 16:24:30,889 [Listener at 127.0.0.1/39139] INFO  grpc.GrpcConfigKeys (ConfUtils.java:logGet(46)) - raft.grpc.server.host = null (default)
2022-12-06 16:24:30,889 [Listener at 127.0.0.1/39139] INFO  grpc.GrpcConfigKeys (ConfUtils.java:logGet(46)) - raft.grpc.server.port = 0 (default)
2022-12-06 16:24:30,889 [Listener at 127.0.0.1/39139] INFO  server.GrpcService (ConfUtils.java:logGet(46)) - raft.grpc.message.size.max = 32MB (=33554432) (custom)
2022-12-06 16:24:30,889 [Listener at 127.0.0.1/39139] INFO  server.RaftServerConfigKeys (ConfUtils.java:logGet(46)) - raft.server.log.appender.buffer.byte-limit = 33554432 (custom)
2022-12-06 16:24:30,889 [Listener at 127.0.0.1/39139] INFO  server.GrpcService (ConfUtils.java:logGet(46)) - raft.grpc.flow.control.window = 5MB (=5242880) (custom)
2022-12-06 16:24:30,890 [Listener at 127.0.0.1/39139] INFO  server.RaftServerConfigKeys (ConfUtils.java:logGet(46)) - raft.server.rpc.request.timeout = 60s (custom)
2022-12-06 16:24:30,890 [Listener at 127.0.0.1/39139] INFO  grpc.GrpcConfigKeys (ConfUtils.java:logGet(46)) - raft.grpc.server.heartbeat.channel = true (default)
2022-12-06 16:24:30,890 [Listener at 127.0.0.1/39139] INFO  grpc.GrpcConfigKeys (ConfUtils.java:logGet(46)) - raft.grpc.server.async.request.thread.pool.cached = true (default)
2022-12-06 16:24:30,890 [Listener at 127.0.0.1/39139] INFO  grpc.GrpcConfigKeys (ConfUtils.java:logGet(46)) - raft.grpc.server.async.request.thread.pool.size = 32 (default)
2022-12-06 16:24:30,891 [Listener at 127.0.0.1/39139] INFO  impl.DataStreamServerImpl (ConfUtils.java:logGet(46)) - raft.datastream.type = DISABLED (default)
2022-12-06 16:24:30,891 [Listener at 127.0.0.1/39139] INFO  server.RaftServerConfigKeys (ConfUtils.java:logGet(46)) - raft.server.threadpool.proxy.cached = true (default)
2022-12-06 16:24:30,891 [Listener at 127.0.0.1/39139] INFO  server.RaftServerConfigKeys (ConfUtils.java:logGet(46)) - raft.server.threadpool.proxy.size = 0 (default)
2022-12-06 16:24:30,892 [Listener at 127.0.0.1/39139] INFO  server.RaftServerConfigKeys (ConfUtils.java:logGet(46)) - raft.server.rpc.slowness.timeout = 300s (custom)
2022-12-06 16:24:30,892 [Listener at 127.0.0.1/39139] INFO  server.RaftServerConfigKeys (ConfUtils.java:logGet(46)) - raft.server.leaderelection.leader.step-down.wait-time = 10s (default)
2022-12-06 16:24:30,892 [Listener at 127.0.0.1/39139] INFO  server.RaftServerConfigKeys (ConfUtils.java:logGet(46)) - raft.server.storage.dir = [/home/runner/work/ozone/ozone/hadoop-ozone/integration-test/target/test-dir/MiniOzoneClusterImpl-ff76fcda-2f7b-42b7-aafc-07b3f4cbd752/datanode-4/data/ratis] (custom)
2022-12-06 16:24:30,893 [Listener at 127.0.0.1/39139] INFO  server.XceiverServerGrpc (XceiverServerGrpc.java:<init>(132)) - GrpcServer channel type EpollServerSocketChannel
2022-12-06 16:24:30,896 [Listener at 127.0.0.1/39139] INFO  http.BaseHttpServer (BaseHttpServer.java:newHttpServer2BuilderForOzone(213)) - Starting Web-server for hddsDatanode at: http://0.0.0.0:0
2022-12-06 16:24:30,897 [Listener at 127.0.0.1/39139] INFO  http.BaseHttpServer (BaseHttpServer.java:<init>(108)) - Hadoop Security Enabled: false Ozone Security Enabled: false Ozone HTTP Security Enabled: false 
2022-12-06 16:24:30,898 [Listener at 127.0.0.1/39139] WARN  server.AuthenticationFilter (AuthenticationFilter.java:constructSecretProvider(240)) - Unable to initialize FileSignerSecretProvider, falling back to use random secrets. Reason: Could not read signature secret file: /home/runner/hadoop-http-auth-signature-secret
2022-12-06 16:24:30,899 [Listener at 127.0.0.1/39139] WARN  http.HttpRequestLog (HttpRequestLog.java:getRequestLog(103)) - Jetty request log can only be enabled using Log4j
2022-12-06 16:24:30,900 [Listener at 127.0.0.1/39139] INFO  http.HttpServer2 (HttpServer2.java:addGlobalFilter(1031)) - Added global filter 'safety' (class=org.apache.hadoop.hdds.server.http.HttpServer2$QuotingInputFilter)
2022-12-06 16:24:30,900 [Listener at 127.0.0.1/39139] INFO  http.HttpServer2 (HttpServer2.java:addFilter(1007)) - Added filter static_user_filter (class=org.apache.hadoop.http.lib.StaticUserWebFilter$StaticUserFilter) to context hddsDatanode
2022-12-06 16:24:30,900 [Listener at 127.0.0.1/39139] INFO  http.HttpServer2 (HttpServer2.java:addFilter(1015)) - Added filter static_user_filter (class=org.apache.hadoop.http.lib.StaticUserWebFilter$StaticUserFilter) to context static
2022-12-06 16:24:30,900 [Listener at 127.0.0.1/39139] INFO  http.HttpServer2 (HttpServer2.java:addFilter(1015)) - Added filter static_user_filter (class=org.apache.hadoop.http.lib.StaticUserWebFilter$StaticUserFilter) to context logs
2022-12-06 16:24:30,901 [Listener at 127.0.0.1/39139] INFO  http.HttpServer2 (HttpServer2.java:bindListener(1250)) - Jetty bound to port 39773
2022-12-06 16:24:30,901 [Listener at 127.0.0.1/39139] INFO  server.Server (Server.java:doStart(375)) - jetty-9.4.49.v20220914; built: 2022-09-14T01:07:36.601Z; git: 4231a3b2e4cb8548a412a789936d640a97b1aa0a; jvm 1.8.0_352-b08
2022-12-06 16:24:30,908 [Listener at 127.0.0.1/39139] INFO  server.session (DefaultSessionIdManager.java:doStart(334)) - DefaultSessionIdManager workerName=node0
2022-12-06 16:24:30,908 [Listener at 127.0.0.1/39139] INFO  server.session (DefaultSessionIdManager.java:doStart(339)) - No SessionScavenger set, using defaults
2022-12-06 16:24:30,909 [Listener at 127.0.0.1/39139] INFO  server.session (HouseKeeper.java:startScavenging(132)) - node0 Scavenging every 600000ms
2022-12-06 16:24:30,910 [Listener at 127.0.0.1/39139] INFO  handler.ContextHandler (ContextHandler.java:doStart(921)) - Started o.e.j.s.ServletContextHandler@45761ad8{logs,/logs,file:///home/runner/work/ozone/ozone/hadoop-ozone/integration-test/target/log,AVAILABLE}
2022-12-06 16:24:30,911 [Listener at 127.0.0.1/39139] INFO  handler.ContextHandler (ContextHandler.java:doStart(921)) - Started o.e.j.s.ServletContextHandler@757ba3dc{static,/static,jar:file:/home/runner/.m2/repository/org/apache/ozone/hdds-container-service/1.3.0-SNAPSHOT/hdds-container-service-1.3.0-SNAPSHOT.jar!/webapps/static,AVAILABLE}
2022-12-06 16:24:31,091 [Listener at 127.0.0.1/39139] INFO  handler.ContextHandler (ContextHandler.java:doStart(921)) - Started o.e.j.w.WebAppContext@13b84cf9{hddsDatanode,/,file:///tmp/jetty-0_0_0_0-39773-hdds-container-service-1_3_0-SNAPSHOT_jar-_-any-7180208698814591033/webapp/,AVAILABLE}{jar:file:/home/runner/.m2/repository/org/apache/ozone/hdds-container-service/1.3.0-SNAPSHOT/hdds-container-service-1.3.0-SNAPSHOT.jar!/webapps/hddsDatanode}
2022-12-06 16:24:31,093 [Listener at 127.0.0.1/39139] INFO  server.AbstractConnector (AbstractConnector.java:doStart(333)) - Started ServerConnector@5931a306{HTTP/1.1, (http/1.1)}{0.0.0.0:39773}
2022-12-06 16:24:31,093 [Listener at 127.0.0.1/39139] INFO  server.Server (Server.java:doStart(415)) - Started @10542ms
2022-12-06 16:24:31,093 [Listener at 127.0.0.1/39139] WARN  impl.MetricsSystemImpl (MetricsSystemImpl.java:register(279)) - Sink prometheus already exists!
2022-12-06 16:24:31,094 [Listener at 127.0.0.1/39139] INFO  http.BaseHttpServer (BaseHttpServer.java:updateConnectorAddress(333)) - HTTP server of hddsDatanode listening at http://0.0.0.0:39773
2022-12-06 16:24:31,097 [Listener at 127.0.0.1/39139] WARN  impl.MetricRegistriesImpl (MetricRegistriesImpl.java:addReporterRegistration(111)) - New reporters are added after registries were created. Some metrics will be missing from the reporter. Please add reporter before adding any new registry.
2022-12-06 16:24:31,097 [Listener at 127.0.0.1/39139] WARN  impl.MetricRegistriesImpl (MetricRegistriesImpl.java:addReporterRegistration(111)) - New reporters are added after registries were created. Some metrics will be missing from the reporter. Please add reporter before adding any new registry.
2022-12-06 16:24:31,098 [Listener at 127.0.0.1/39139] INFO  impl.MetricsSystemImpl (MetricsSystemImpl.java:init(158)) - HddsDatanode metrics system started (again)
2022-12-06 16:24:31,101 [Datanode State Machine Daemon Thread] INFO  statemachine.DatanodeStateMachine (DatanodeStateMachine.java:lambda$startDaemon$0(505)) - Ozone container server started.
2022-12-06 16:24:31,122 [org.apache.hadoop.util.JvmPauseMonitor$Monitor@26a94d42] INFO  util.JvmPauseMonitor (JvmPauseMonitor.java:run(188)) - Starting JVM pause monitor
2022-12-06 16:24:31,122 [Listener at 127.0.0.1/39139] INFO  ozone.HddsDatanodeService (HddsDatanodeService.java:start(236)) - HddsDatanodeService host:fv-az451-158.ehxzt5fk3o4e1ahk02omj2f41g.dx.internal.cloudapp.net ip:10.1.0.176
2022-12-06 16:24:31,123 [Datanode State Machine Task Thread - 0] INFO  datanode.InitDatanodeState (InitDatanodeState.java:persistContainerDatanodeDetails(138)) - DatanodeDetails is persisted to /home/runner/work/ozone/ozone/hadoop-ozone/integration-test/target/test-dir/MiniOzoneClusterImpl-ff76fcda-2f7b-42b7-aafc-07b3f4cbd752/datanode-4/meta/datanode.id
2022-12-06 16:24:31,148 [Listener at 127.0.0.1/39139] INFO  upgrade.AbstractLayoutVersionManager (AbstractLayoutVersionManager.java:init(83)) - Initializing Layout version manager with metadata layout = DATANODE_SCHEMA_V3 (version = 4), software layout = DATANODE_SCHEMA_V3 (version = 4)
2022-12-06 16:24:31,197 [Listener at 127.0.0.1/39139] INFO  reflections.Reflections (Reflections.java:scan(232)) - Reflections took 47 ms to scan 7 urls, producing 140 keys and 342 values 
2022-12-06 16:24:31,199 [Listener at 127.0.0.1/39139] INFO  statemachine.DatanodeStateMachine (DatanodeStateMachine.java:getEndPointTaskThreadPoolSize(245)) - Datanode State Machine Task Thread Pool size 2
2022-12-06 16:24:31,205 [Listener at 127.0.0.1/39139] INFO  volume.HddsVolume (HddsVolume.java:<init>(117)) - Creating HddsVolume: /home/runner/work/ozone/ozone/hadoop-ozone/integration-test/target/test-dir/MiniOzoneClusterImpl-ff76fcda-2f7b-42b7-aafc-07b3f4cbd752/datanode-5/data-0/containers/hdds of storage type : DISK capacity : 9223372036854775807
2022-12-06 16:24:31,205 [Listener at 127.0.0.1/39139] INFO  volume.MutableVolumeSet (MutableVolumeSet.java:initializeVolumeSet(174)) - Added Volume : /home/runner/work/ozone/ozone/hadoop-ozone/integration-test/target/test-dir/MiniOzoneClusterImpl-ff76fcda-2f7b-42b7-aafc-07b3f4cbd752/datanode-5/data-0/containers/hdds to VolumeSet
2022-12-06 16:24:31,205 [Listener at 127.0.0.1/39139] INFO  volume.ThrottledAsyncChecker (ThrottledAsyncChecker.java:schedule(141)) - Scheduling a check for /home/runner/work/ozone/ozone/hadoop-ozone/integration-test/target/test-dir/MiniOzoneClusterImpl-ff76fcda-2f7b-42b7-aafc-07b3f4cbd752/datanode-5/data-0/containers/hdds
2022-12-06 16:24:31,208 [Listener at 127.0.0.1/39139] INFO  volume.StorageVolumeChecker (StorageVolumeChecker.java:checkAllVolumes(202)) - Scheduled health check for volume /home/runner/work/ozone/ozone/hadoop-ozone/integration-test/target/test-dir/MiniOzoneClusterImpl-ff76fcda-2f7b-42b7-aafc-07b3f4cbd752/datanode-5/data-0/containers/hdds
2022-12-06 16:24:31,219 [Listener at 127.0.0.1/39139] INFO  volume.MutableVolumeSet (MutableVolumeSet.java:initializeVolumeSet(174)) - Added Volume : /home/runner/work/ozone/ozone/hadoop-ozone/integration-test/target/test-dir/MiniOzoneClusterImpl-ff76fcda-2f7b-42b7-aafc-07b3f4cbd752/datanode-5/data/ratis to VolumeSet
2022-12-06 16:24:31,219 [Listener at 127.0.0.1/39139] INFO  volume.ThrottledAsyncChecker (ThrottledAsyncChecker.java:schedule(141)) - Scheduling a check for /home/runner/work/ozone/ozone/hadoop-ozone/integration-test/target/test-dir/MiniOzoneClusterImpl-ff76fcda-2f7b-42b7-aafc-07b3f4cbd752/datanode-5/data/ratis
2022-12-06 16:24:31,220 [Listener at 127.0.0.1/39139] INFO  volume.StorageVolumeChecker (StorageVolumeChecker.java:checkAllVolumes(202)) - Scheduled health check for volume /home/runner/work/ozone/ozone/hadoop-ozone/integration-test/target/test-dir/MiniOzoneClusterImpl-ff76fcda-2f7b-42b7-aafc-07b3f4cbd752/datanode-5/data/ratis
2022-12-06 16:24:31,232 [Thread-202] INFO  ozoneimpl.ContainerReader (ContainerReader.java:readVolume(175)) - Finish verifying containers on volume /home/runner/work/ozone/ozone/hadoop-ozone/integration-test/target/test-dir/MiniOzoneClusterImpl-ff76fcda-2f7b-42b7-aafc-07b3f4cbd752/datanode-5/data-0/containers/hdds
2022-12-06 16:24:31,232 [Listener at 127.0.0.1/39139] INFO  ozoneimpl.OzoneContainer (OzoneContainer.java:buildContainerSet(301)) - Build ContainerSet costs 0s
2022-12-06 16:24:31,245 [Listener at 127.0.0.1/39139] INFO  server.RaftServer (ConfUtils.java:logGet(46)) - raft.rpc.type = GRPC (default)
2022-12-06 16:24:31,245 [Listener at 127.0.0.1/39139] INFO  grpc.GrpcConfigKeys (ConfUtils.java:logFallback(53)) - raft.grpc.admin.host = null (fallback to raft.grpc.server.host)
2022-12-06 16:24:31,245 [Listener at 127.0.0.1/39139] INFO  grpc.GrpcConfigKeys (ConfUtils.java:logGet(46)) - raft.grpc.admin.port = 0 (custom)
2022-12-06 16:24:31,245 [Listener at 127.0.0.1/39139] INFO  grpc.GrpcConfigKeys (ConfUtils.java:logFallback(53)) - raft.grpc.client.host = null (fallback to raft.grpc.server.host)
2022-12-06 16:24:31,245 [Listener at 127.0.0.1/39139] INFO  grpc.GrpcConfigKeys (ConfUtils.java:logGet(46)) - raft.grpc.client.port = 0 (custom)
2022-12-06 16:24:31,245 [Listener at 127.0.0.1/39139] INFO  grpc.GrpcConfigKeys (ConfUtils.java:logGet(46)) - raft.grpc.server.host = null (default)
2022-12-06 16:24:31,246 [Listener at 127.0.0.1/39139] INFO  grpc.GrpcConfigKeys (ConfUtils.java:logGet(46)) - raft.grpc.server.port = 0 (default)
2022-12-06 16:24:31,246 [Listener at 127.0.0.1/39139] INFO  server.GrpcService (ConfUtils.java:logGet(46)) - raft.grpc.message.size.max = 32MB (=33554432) (custom)
2022-12-06 16:24:31,246 [Listener at 127.0.0.1/39139] INFO  server.RaftServerConfigKeys (ConfUtils.java:logGet(46)) - raft.server.log.appender.buffer.byte-limit = 33554432 (custom)
2022-12-06 16:24:31,246 [Listener at 127.0.0.1/39139] INFO  server.GrpcService (ConfUtils.java:logGet(46)) - raft.grpc.flow.control.window = 5MB (=5242880) (custom)
2022-12-06 16:24:31,246 [Listener at 127.0.0.1/39139] INFO  server.RaftServerConfigKeys (ConfUtils.java:logGet(46)) - raft.server.rpc.request.timeout = 60s (custom)
2022-12-06 16:24:31,246 [Listener at 127.0.0.1/39139] INFO  grpc.GrpcConfigKeys (ConfUtils.java:logGet(46)) - raft.grpc.server.heartbeat.channel = true (default)
2022-12-06 16:24:31,246 [Listener at 127.0.0.1/39139] INFO  grpc.GrpcConfigKeys (ConfUtils.java:logGet(46)) - raft.grpc.server.async.request.thread.pool.cached = true (default)
2022-12-06 16:24:31,247 [Listener at 127.0.0.1/39139] INFO  grpc.GrpcConfigKeys (ConfUtils.java:logGet(46)) - raft.grpc.server.async.request.thread.pool.size = 32 (default)
2022-12-06 16:24:31,247 [Listener at 127.0.0.1/39139] INFO  impl.DataStreamServerImpl (ConfUtils.java:logGet(46)) - raft.datastream.type = DISABLED (default)
2022-12-06 16:24:31,248 [Listener at 127.0.0.1/39139] INFO  server.RaftServerConfigKeys (ConfUtils.java:logGet(46)) - raft.server.threadpool.proxy.cached = true (default)
2022-12-06 16:24:31,248 [Listener at 127.0.0.1/39139] INFO  server.RaftServerConfigKeys (ConfUtils.java:logGet(46)) - raft.server.threadpool.proxy.size = 0 (default)
2022-12-06 16:24:31,250 [Listener at 127.0.0.1/39139] INFO  server.RaftServerConfigKeys (ConfUtils.java:logGet(46)) - raft.server.rpc.slowness.timeout = 300s (custom)
2022-12-06 16:24:31,250 [Listener at 127.0.0.1/39139] INFO  server.RaftServerConfigKeys (ConfUtils.java:logGet(46)) - raft.server.leaderelection.leader.step-down.wait-time = 10s (default)
2022-12-06 16:24:31,250 [Listener at 127.0.0.1/39139] INFO  server.RaftServerConfigKeys (ConfUtils.java:logGet(46)) - raft.server.storage.dir = [/home/runner/work/ozone/ozone/hadoop-ozone/integration-test/target/test-dir/MiniOzoneClusterImpl-ff76fcda-2f7b-42b7-aafc-07b3f4cbd752/datanode-5/data/ratis] (custom)
2022-12-06 16:24:31,252 [Listener at 127.0.0.1/39139] INFO  server.XceiverServerGrpc (XceiverServerGrpc.java:<init>(132)) - GrpcServer channel type EpollServerSocketChannel
2022-12-06 16:24:31,257 [Listener at 127.0.0.1/39139] INFO  http.BaseHttpServer (BaseHttpServer.java:newHttpServer2BuilderForOzone(213)) - Starting Web-server for hddsDatanode at: http://0.0.0.0:0
2022-12-06 16:24:31,257 [Listener at 127.0.0.1/39139] INFO  http.BaseHttpServer (BaseHttpServer.java:<init>(108)) - Hadoop Security Enabled: false Ozone Security Enabled: false Ozone HTTP Security Enabled: false 
2022-12-06 16:24:31,258 [Listener at 127.0.0.1/39139] WARN  server.AuthenticationFilter (AuthenticationFilter.java:constructSecretProvider(240)) - Unable to initialize FileSignerSecretProvider, falling back to use random secrets. Reason: Could not read signature secret file: /home/runner/hadoop-http-auth-signature-secret
2022-12-06 16:24:31,261 [Listener at 127.0.0.1/39139] WARN  http.HttpRequestLog (HttpRequestLog.java:getRequestLog(103)) - Jetty request log can only be enabled using Log4j
2022-12-06 16:24:31,264 [Listener at 127.0.0.1/39139] INFO  http.HttpServer2 (HttpServer2.java:addGlobalFilter(1031)) - Added global filter 'safety' (class=org.apache.hadoop.hdds.server.http.HttpServer2$QuotingInputFilter)
2022-12-06 16:24:31,265 [Listener at 127.0.0.1/39139] INFO  http.HttpServer2 (HttpServer2.java:addFilter(1007)) - Added filter static_user_filter (class=org.apache.hadoop.http.lib.StaticUserWebFilter$StaticUserFilter) to context hddsDatanode
2022-12-06 16:24:31,265 [Listener at 127.0.0.1/39139] INFO  http.HttpServer2 (HttpServer2.java:addFilter(1015)) - Added filter static_user_filter (class=org.apache.hadoop.http.lib.StaticUserWebFilter$StaticUserFilter) to context static
2022-12-06 16:24:31,265 [Listener at 127.0.0.1/39139] INFO  http.HttpServer2 (HttpServer2.java:addFilter(1015)) - Added filter static_user_filter (class=org.apache.hadoop.http.lib.StaticUserWebFilter$StaticUserFilter) to context logs
2022-12-06 16:24:31,266 [Listener at 127.0.0.1/39139] INFO  http.HttpServer2 (HttpServer2.java:bindListener(1250)) - Jetty bound to port 33853
2022-12-06 16:24:31,266 [Listener at 127.0.0.1/39139] INFO  server.Server (Server.java:doStart(375)) - jetty-9.4.49.v20220914; built: 2022-09-14T01:07:36.601Z; git: 4231a3b2e4cb8548a412a789936d640a97b1aa0a; jvm 1.8.0_352-b08
2022-12-06 16:24:31,270 [Listener at 127.0.0.1/39139] INFO  server.session (DefaultSessionIdManager.java:doStart(334)) - DefaultSessionIdManager workerName=node0
2022-12-06 16:24:31,270 [Listener at 127.0.0.1/39139] INFO  server.session (DefaultSessionIdManager.java:doStart(339)) - No SessionScavenger set, using defaults
2022-12-06 16:24:31,270 [Listener at 127.0.0.1/39139] INFO  server.session (HouseKeeper.java:startScavenging(132)) - node0 Scavenging every 660000ms
2022-12-06 16:24:31,271 [Listener at 127.0.0.1/39139] INFO  handler.ContextHandler (ContextHandler.java:doStart(921)) - Started o.e.j.s.ServletContextHandler@126b1b46{logs,/logs,file:///home/runner/work/ozone/ozone/hadoop-ozone/integration-test/target/log,AVAILABLE}
2022-12-06 16:24:31,272 [Listener at 127.0.0.1/39139] INFO  handler.ContextHandler (ContextHandler.java:doStart(921)) - Started o.e.j.s.ServletContextHandler@46e8cdac{static,/static,jar:file:/home/runner/.m2/repository/org/apache/ozone/hdds-container-service/1.3.0-SNAPSHOT/hdds-container-service-1.3.0-SNAPSHOT.jar!/webapps/static,AVAILABLE}
2022-12-06 16:24:31,475 [Listener at 127.0.0.1/39139] INFO  handler.ContextHandler (ContextHandler.java:doStart(921)) - Started o.e.j.w.WebAppContext@3c6d4c15{hddsDatanode,/,file:///tmp/jetty-0_0_0_0-33853-hdds-container-service-1_3_0-SNAPSHOT_jar-_-any-520708509835434477/webapp/,AVAILABLE}{jar:file:/home/runner/.m2/repository/org/apache/ozone/hdds-container-service/1.3.0-SNAPSHOT/hdds-container-service-1.3.0-SNAPSHOT.jar!/webapps/hddsDatanode}
2022-12-06 16:24:31,484 [Listener at 127.0.0.1/39139] INFO  server.AbstractConnector (AbstractConnector.java:doStart(333)) - Started ServerConnector@996ed93{HTTP/1.1, (http/1.1)}{0.0.0.0:33853}
2022-12-06 16:24:31,484 [Listener at 127.0.0.1/39139] INFO  server.Server (Server.java:doStart(415)) - Started @10932ms
2022-12-06 16:24:31,484 [Listener at 127.0.0.1/39139] WARN  impl.MetricsSystemImpl (MetricsSystemImpl.java:register(279)) - Sink prometheus already exists!
2022-12-06 16:24:31,486 [Listener at 127.0.0.1/39139] INFO  http.BaseHttpServer (BaseHttpServer.java:updateConnectorAddress(333)) - HTTP server of hddsDatanode listening at http://0.0.0.0:33853
2022-12-06 16:24:31,492 [Listener at 127.0.0.1/39139] WARN  impl.MetricRegistriesImpl (MetricRegistriesImpl.java:addReporterRegistration(111)) - New reporters are added after registries were created. Some metrics will be missing from the reporter. Please add reporter before adding any new registry.
2022-12-06 16:24:31,492 [Listener at 127.0.0.1/39139] WARN  impl.MetricRegistriesImpl (MetricRegistriesImpl.java:addReporterRegistration(111)) - New reporters are added after registries were created. Some metrics will be missing from the reporter. Please add reporter before adding any new registry.
2022-12-06 16:24:31,492 [Datanode State Machine Daemon Thread] INFO  statemachine.DatanodeStateMachine (DatanodeStateMachine.java:lambda$startDaemon$0(505)) - Ozone container server started.
2022-12-06 16:24:31,492 [Listener at 127.0.0.1/39139] INFO  impl.MetricsSystemImpl (MetricsSystemImpl.java:init(158)) - HddsDatanode metrics system started (again)
2022-12-06 16:24:31,521 [org.apache.hadoop.util.JvmPauseMonitor$Monitor@185e89f2] INFO  util.JvmPauseMonitor (JvmPauseMonitor.java:run(188)) - Starting JVM pause monitor
2022-12-06 16:24:31,524 [Datanode State Machine Task Thread - 0] INFO  datanode.InitDatanodeState (InitDatanodeState.java:persistContainerDatanodeDetails(138)) - DatanodeDetails is persisted to /home/runner/work/ozone/ozone/hadoop-ozone/integration-test/target/test-dir/MiniOzoneClusterImpl-ff76fcda-2f7b-42b7-aafc-07b3f4cbd752/datanode-5/meta/datanode.id
2022-12-06 16:24:31,527 [Listener at 127.0.0.1/39139] INFO  ozone.HddsDatanodeService (HddsDatanodeService.java:start(236)) - HddsDatanodeService host:fv-az451-158.ehxzt5fk3o4e1ahk02omj2f41g.dx.internal.cloudapp.net ip:10.1.0.176
2022-12-06 16:24:31,557 [Listener at 127.0.0.1/39139] INFO  upgrade.AbstractLayoutVersionManager (AbstractLayoutVersionManager.java:init(83)) - Initializing Layout version manager with metadata layout = DATANODE_SCHEMA_V3 (version = 4), software layout = DATANODE_SCHEMA_V3 (version = 4)
2022-12-06 16:24:31,583 [EndpointStateMachine task thread for /0.0.0.0:43931 - 0 ] INFO  utils.DatanodeStoreCache (DatanodeStoreCache.java:addDB(58)) - Added db /home/runner/work/ozone/ozone/hadoop-ozone/integration-test/target/test-dir/MiniOzoneClusterImpl-ff76fcda-2f7b-42b7-aafc-07b3f4cbd752/datanode-0/data-0/containers/hdds/ff76fcda-2f7b-42b7-aafc-07b3f4cbd752/DS-f7c7c6dc-58c1-4623-9ab0-0cc028945076/container.db to cache
2022-12-06 16:24:31,583 [EndpointStateMachine task thread for /0.0.0.0:43931 - 0 ] INFO  volume.HddsVolume (HddsVolume.java:createDbStore(307)) - SchemaV3 db is created and loaded at /home/runner/work/ozone/ozone/hadoop-ozone/integration-test/target/test-dir/MiniOzoneClusterImpl-ff76fcda-2f7b-42b7-aafc-07b3f4cbd752/datanode-0/data-0/containers/hdds/ff76fcda-2f7b-42b7-aafc-07b3f4cbd752/DS-f7c7c6dc-58c1-4623-9ab0-0cc028945076/container.db for volume DS-f7c7c6dc-58c1-4623-9ab0-0cc028945076
2022-12-06 16:24:31,584 [EndpointStateMachine task thread for /0.0.0.0:43931 - 0 ] INFO  ozoneimpl.OzoneContainer (OzoneContainer.java:start(395)) - Attempting to start container services.
2022-12-06 16:24:31,588 [EndpointStateMachine task thread for /0.0.0.0:43931 - 0 ] INFO  ozoneimpl.OzoneContainer (OzoneContainer.java:startContainerScrub(312)) - Scheduled background container scanners and the on-demand container scanner have been disabled.
2022-12-06 16:24:31,592 [EndpointStateMachine task thread for /0.0.0.0:43931 - 0 ] INFO  replication.ReplicationServer (ReplicationServer.java:start(111)) - ReplicationServer is started using port 33057
2022-12-06 16:24:31,600 [EndpointStateMachine task thread for /0.0.0.0:43931 - 0 ] INFO  ratis.XceiverServerRatis (XceiverServerRatis.java:start(481)) - Starting XceiverServerRatis 18a879af-de93-4167-9a98-f5b552aa8b4b
2022-12-06 16:24:31,610 [EndpointStateMachine task thread for /0.0.0.0:43931 - 0 ] INFO  server.RaftServer (RaftServerProxy.java:startImpl(393)) - 18a879af-de93-4167-9a98-f5b552aa8b4b: start RPC server
2022-12-06 16:24:31,619 [EndpointStateMachine task thread for /0.0.0.0:43931 - 0 ] INFO  server.GrpcService (GrpcService.java:startImpl(262)) - 18a879af-de93-4167-9a98-f5b552aa8b4b: GrpcService started, listening on 33349
2022-12-06 16:24:31,624 [EndpointStateMachine task thread for /0.0.0.0:43931 - 0 ] INFO  ratis.XceiverServerRatis (XceiverServerRatis.java:getRealPort(502)) - XceiverServerRatis 18a879af-de93-4167-9a98-f5b552aa8b4b is started using port 33349 for RATIS
2022-12-06 16:24:31,624 [EndpointStateMachine task thread for /0.0.0.0:43931 - 0 ] INFO  ratis.XceiverServerRatis (XceiverServerRatis.java:getRealPort(502)) - XceiverServerRatis 18a879af-de93-4167-9a98-f5b552aa8b4b is started using port 33349 for RATIS_ADMIN
2022-12-06 16:24:31,624 [EndpointStateMachine task thread for /0.0.0.0:43931 - 0 ] INFO  ratis.XceiverServerRatis (XceiverServerRatis.java:getRealPort(502)) - XceiverServerRatis 18a879af-de93-4167-9a98-f5b552aa8b4b is started using port 33349 for RATIS_SERVER
2022-12-06 16:24:31,624 [JvmPauseMonitor1] INFO  util.JvmPauseMonitor (JvmPauseMonitor.java:run(105)) - JvmPauseMonitor-18a879af-de93-4167-9a98-f5b552aa8b4b: Started
2022-12-06 16:24:31,629 [EndpointStateMachine task thread for /0.0.0.0:43931 - 0 ] INFO  server.XceiverServerGrpc (XceiverServerGrpc.java:start(180)) - XceiverServerGrpc 18a879af-de93-4167-9a98-f5b552aa8b4b is started using port 34989
2022-12-06 16:24:31,654 [Listener at 127.0.0.1/39139] INFO  reflections.Reflections (Reflections.java:scan(232)) - Reflections took 96 ms to scan 7 urls, producing 140 keys and 342 values 
2022-12-06 16:24:31,655 [Listener at 127.0.0.1/39139] INFO  statemachine.DatanodeStateMachine (DatanodeStateMachine.java:getEndPointTaskThreadPoolSize(245)) - Datanode State Machine Task Thread Pool size 2
2022-12-06 16:24:31,657 [Listener at 127.0.0.1/39139] INFO  volume.HddsVolume (HddsVolume.java:<init>(117)) - Creating HddsVolume: /home/runner/work/ozone/ozone/hadoop-ozone/integration-test/target/test-dir/MiniOzoneClusterImpl-ff76fcda-2f7b-42b7-aafc-07b3f4cbd752/datanode-6/data-0/containers/hdds of storage type : DISK capacity : 9223372036854775807
2022-12-06 16:24:31,658 [Listener at 127.0.0.1/39139] INFO  volume.MutableVolumeSet (MutableVolumeSet.java:initializeVolumeSet(174)) - Added Volume : /home/runner/work/ozone/ozone/hadoop-ozone/integration-test/target/test-dir/MiniOzoneClusterImpl-ff76fcda-2f7b-42b7-aafc-07b3f4cbd752/datanode-6/data-0/containers/hdds to VolumeSet
2022-12-06 16:24:31,658 [Listener at 127.0.0.1/39139] INFO  volume.ThrottledAsyncChecker (ThrottledAsyncChecker.java:schedule(141)) - Scheduling a check for /home/runner/work/ozone/ozone/hadoop-ozone/integration-test/target/test-dir/MiniOzoneClusterImpl-ff76fcda-2f7b-42b7-aafc-07b3f4cbd752/datanode-6/data-0/containers/hdds
2022-12-06 16:24:31,658 [Listener at 127.0.0.1/39139] INFO  volume.StorageVolumeChecker (StorageVolumeChecker.java:checkAllVolumes(202)) - Scheduled health check for volume /home/runner/work/ozone/ozone/hadoop-ozone/integration-test/target/test-dir/MiniOzoneClusterImpl-ff76fcda-2f7b-42b7-aafc-07b3f4cbd752/datanode-6/data-0/containers/hdds
2022-12-06 16:24:31,671 [Listener at 127.0.0.1/39139] INFO  volume.MutableVolumeSet (MutableVolumeSet.java:initializeVolumeSet(174)) - Added Volume : /home/runner/work/ozone/ozone/hadoop-ozone/integration-test/target/test-dir/MiniOzoneClusterImpl-ff76fcda-2f7b-42b7-aafc-07b3f4cbd752/datanode-6/data/ratis to VolumeSet
2022-12-06 16:24:31,671 [Listener at 127.0.0.1/39139] INFO  volume.ThrottledAsyncChecker (ThrottledAsyncChecker.java:schedule(141)) - Scheduling a check for /home/runner/work/ozone/ozone/hadoop-ozone/integration-test/target/test-dir/MiniOzoneClusterImpl-ff76fcda-2f7b-42b7-aafc-07b3f4cbd752/datanode-6/data/ratis
2022-12-06 16:24:31,671 [Listener at 127.0.0.1/39139] INFO  volume.StorageVolumeChecker (StorageVolumeChecker.java:checkAllVolumes(202)) - Scheduled health check for volume /home/runner/work/ozone/ozone/hadoop-ozone/integration-test/target/test-dir/MiniOzoneClusterImpl-ff76fcda-2f7b-42b7-aafc-07b3f4cbd752/datanode-6/data/ratis
2022-12-06 16:24:31,683 [Thread-221] INFO  ozoneimpl.ContainerReader (ContainerReader.java:readVolume(175)) - Finish verifying containers on volume /home/runner/work/ozone/ozone/hadoop-ozone/integration-test/target/test-dir/MiniOzoneClusterImpl-ff76fcda-2f7b-42b7-aafc-07b3f4cbd752/datanode-6/data-0/containers/hdds
2022-12-06 16:24:31,683 [Listener at 127.0.0.1/39139] INFO  ozoneimpl.OzoneContainer (OzoneContainer.java:buildContainerSet(301)) - Build ContainerSet costs 0s
2022-12-06 16:24:31,686 [Listener at 127.0.0.1/39139] INFO  server.RaftServer (ConfUtils.java:logGet(46)) - raft.rpc.type = GRPC (default)
2022-12-06 16:24:31,686 [Listener at 127.0.0.1/39139] INFO  grpc.GrpcConfigKeys (ConfUtils.java:logFallback(53)) - raft.grpc.admin.host = null (fallback to raft.grpc.server.host)
2022-12-06 16:24:31,686 [Listener at 127.0.0.1/39139] INFO  grpc.GrpcConfigKeys (ConfUtils.java:logGet(46)) - raft.grpc.admin.port = 0 (custom)
2022-12-06 16:24:31,686 [Listener at 127.0.0.1/39139] INFO  grpc.GrpcConfigKeys (ConfUtils.java:logFallback(53)) - raft.grpc.client.host = null (fallback to raft.grpc.server.host)
2022-12-06 16:24:31,687 [Listener at 127.0.0.1/39139] INFO  grpc.GrpcConfigKeys (ConfUtils.java:logGet(46)) - raft.grpc.client.port = 0 (custom)
2022-12-06 16:24:31,687 [Listener at 127.0.0.1/39139] INFO  grpc.GrpcConfigKeys (ConfUtils.java:logGet(46)) - raft.grpc.server.host = null (default)
2022-12-06 16:24:31,687 [Listener at 127.0.0.1/39139] INFO  grpc.GrpcConfigKeys (ConfUtils.java:logGet(46)) - raft.grpc.server.port = 0 (default)
2022-12-06 16:24:31,687 [Listener at 127.0.0.1/39139] INFO  server.GrpcService (ConfUtils.java:logGet(46)) - raft.grpc.message.size.max = 32MB (=33554432) (custom)
2022-12-06 16:24:31,687 [Listener at 127.0.0.1/39139] INFO  server.RaftServerConfigKeys (ConfUtils.java:logGet(46)) - raft.server.log.appender.buffer.byte-limit = 33554432 (custom)
2022-12-06 16:24:31,687 [Listener at 127.0.0.1/39139] INFO  server.GrpcService (ConfUtils.java:logGet(46)) - raft.grpc.flow.control.window = 5MB (=5242880) (custom)
2022-12-06 16:24:31,688 [Listener at 127.0.0.1/39139] INFO  server.RaftServerConfigKeys (ConfUtils.java:logGet(46)) - raft.server.rpc.request.timeout = 60s (custom)
2022-12-06 16:24:31,688 [Listener at 127.0.0.1/39139] INFO  grpc.GrpcConfigKeys (ConfUtils.java:logGet(46)) - raft.grpc.server.heartbeat.channel = true (default)
2022-12-06 16:24:31,688 [Listener at 127.0.0.1/39139] INFO  grpc.GrpcConfigKeys (ConfUtils.java:logGet(46)) - raft.grpc.server.async.request.thread.pool.cached = true (default)
2022-12-06 16:24:31,688 [Listener at 127.0.0.1/39139] INFO  grpc.GrpcConfigKeys (ConfUtils.java:logGet(46)) - raft.grpc.server.async.request.thread.pool.size = 32 (default)
2022-12-06 16:24:31,689 [Listener at 127.0.0.1/39139] INFO  impl.DataStreamServerImpl (ConfUtils.java:logGet(46)) - raft.datastream.type = DISABLED (default)
2022-12-06 16:24:31,689 [Listener at 127.0.0.1/39139] INFO  server.RaftServerConfigKeys (ConfUtils.java:logGet(46)) - raft.server.threadpool.proxy.cached = true (default)
2022-12-06 16:24:31,690 [Listener at 127.0.0.1/39139] INFO  server.RaftServerConfigKeys (ConfUtils.java:logGet(46)) - raft.server.threadpool.proxy.size = 0 (default)
2022-12-06 16:24:31,690 [Listener at 127.0.0.1/39139] INFO  server.RaftServerConfigKeys (ConfUtils.java:logGet(46)) - raft.server.rpc.slowness.timeout = 300s (custom)
2022-12-06 16:24:31,691 [Listener at 127.0.0.1/39139] INFO  server.RaftServerConfigKeys (ConfUtils.java:logGet(46)) - raft.server.leaderelection.leader.step-down.wait-time = 10s (default)
2022-12-06 16:24:31,691 [Listener at 127.0.0.1/39139] INFO  server.RaftServerConfigKeys (ConfUtils.java:logGet(46)) - raft.server.storage.dir = [/home/runner/work/ozone/ozone/hadoop-ozone/integration-test/target/test-dir/MiniOzoneClusterImpl-ff76fcda-2f7b-42b7-aafc-07b3f4cbd752/datanode-6/data/ratis] (custom)
2022-12-06 16:24:31,693 [Listener at 127.0.0.1/39139] INFO  server.XceiverServerGrpc (XceiverServerGrpc.java:<init>(132)) - GrpcServer channel type EpollServerSocketChannel
2022-12-06 16:24:31,697 [Listener at 127.0.0.1/39139] INFO  http.BaseHttpServer (BaseHttpServer.java:newHttpServer2BuilderForOzone(213)) - Starting Web-server for hddsDatanode at: http://0.0.0.0:0
2022-12-06 16:24:31,697 [Listener at 127.0.0.1/39139] INFO  http.BaseHttpServer (BaseHttpServer.java:<init>(108)) - Hadoop Security Enabled: false Ozone Security Enabled: false Ozone HTTP Security Enabled: false 
2022-12-06 16:24:31,699 [Listener at 127.0.0.1/39139] WARN  server.AuthenticationFilter (AuthenticationFilter.java:constructSecretProvider(240)) - Unable to initialize FileSignerSecretProvider, falling back to use random secrets. Reason: Could not read signature secret file: /home/runner/hadoop-http-auth-signature-secret
2022-12-06 16:24:31,700 [Listener at 127.0.0.1/39139] WARN  http.HttpRequestLog (HttpRequestLog.java:getRequestLog(103)) - Jetty request log can only be enabled using Log4j
2022-12-06 16:24:31,705 [Listener at 127.0.0.1/39139] INFO  http.HttpServer2 (HttpServer2.java:addGlobalFilter(1031)) - Added global filter 'safety' (class=org.apache.hadoop.hdds.server.http.HttpServer2$QuotingInputFilter)
2022-12-06 16:24:31,707 [Listener at 127.0.0.1/39139] INFO  http.HttpServer2 (HttpServer2.java:addFilter(1007)) - Added filter static_user_filter (class=org.apache.hadoop.http.lib.StaticUserWebFilter$StaticUserFilter) to context hddsDatanode
2022-12-06 16:24:31,707 [Listener at 127.0.0.1/39139] INFO  http.HttpServer2 (HttpServer2.java:addFilter(1015)) - Added filter static_user_filter (class=org.apache.hadoop.http.lib.StaticUserWebFilter$StaticUserFilter) to context static
2022-12-06 16:24:31,708 [Listener at 127.0.0.1/39139] INFO  http.HttpServer2 (HttpServer2.java:addFilter(1015)) - Added filter static_user_filter (class=org.apache.hadoop.http.lib.StaticUserWebFilter$StaticUserFilter) to context logs
2022-12-06 16:24:31,709 [Listener at 127.0.0.1/39139] INFO  http.HttpServer2 (HttpServer2.java:bindListener(1250)) - Jetty bound to port 44909
2022-12-06 16:24:31,709 [Listener at 127.0.0.1/39139] INFO  server.Server (Server.java:doStart(375)) - jetty-9.4.49.v20220914; built: 2022-09-14T01:07:36.601Z; git: 4231a3b2e4cb8548a412a789936d640a97b1aa0a; jvm 1.8.0_352-b08
2022-12-06 16:24:31,711 [Listener at 127.0.0.1/39139] INFO  server.session (DefaultSessionIdManager.java:doStart(334)) - DefaultSessionIdManager workerName=node0
2022-12-06 16:24:31,711 [Listener at 127.0.0.1/39139] INFO  server.session (DefaultSessionIdManager.java:doStart(339)) - No SessionScavenger set, using defaults
2022-12-06 16:24:31,711 [Listener at 127.0.0.1/39139] INFO  server.session (HouseKeeper.java:startScavenging(132)) - node0 Scavenging every 600000ms
2022-12-06 16:24:31,712 [Listener at 127.0.0.1/39139] INFO  handler.ContextHandler (ContextHandler.java:doStart(921)) - Started o.e.j.s.ServletContextHandler@166dcee7{logs,/logs,file:///home/runner/work/ozone/ozone/hadoop-ozone/integration-test/target/log,AVAILABLE}
2022-12-06 16:24:31,712 [Listener at 127.0.0.1/39139] INFO  handler.ContextHandler (ContextHandler.java:doStart(921)) - Started o.e.j.s.ServletContextHandler@6df723a7{static,/static,jar:file:/home/runner/.m2/repository/org/apache/ozone/hdds-container-service/1.3.0-SNAPSHOT/hdds-container-service-1.3.0-SNAPSHOT.jar!/webapps/static,AVAILABLE}
2022-12-06 16:24:31,911 [Listener at 127.0.0.1/39139] INFO  handler.ContextHandler (ContextHandler.java:doStart(921)) - Started o.e.j.w.WebAppContext@1d5b2d04{hddsDatanode,/,file:///tmp/jetty-0_0_0_0-44909-hdds-container-service-1_3_0-SNAPSHOT_jar-_-any-2475952730422010073/webapp/,AVAILABLE}{jar:file:/home/runner/.m2/repository/org/apache/ozone/hdds-container-service/1.3.0-SNAPSHOT/hdds-container-service-1.3.0-SNAPSHOT.jar!/webapps/hddsDatanode}
2022-12-06 16:24:31,913 [Listener at 127.0.0.1/39139] INFO  server.AbstractConnector (AbstractConnector.java:doStart(333)) - Started ServerConnector@3204f493{HTTP/1.1, (http/1.1)}{0.0.0.0:44909}
2022-12-06 16:24:31,914 [Listener at 127.0.0.1/39139] INFO  server.Server (Server.java:doStart(415)) - Started @11362ms
2022-12-06 16:24:31,914 [Listener at 127.0.0.1/39139] WARN  impl.MetricsSystemImpl (MetricsSystemImpl.java:register(279)) - Sink prometheus already exists!
2022-12-06 16:24:31,914 [Listener at 127.0.0.1/39139] INFO  http.BaseHttpServer (BaseHttpServer.java:updateConnectorAddress(333)) - HTTP server of hddsDatanode listening at http://0.0.0.0:44909
2022-12-06 16:24:31,916 [Datanode State Machine Daemon Thread] INFO  statemachine.DatanodeStateMachine (DatanodeStateMachine.java:lambda$startDaemon$0(505)) - Ozone container server started.
2022-12-06 16:24:31,916 [Listener at 127.0.0.1/39139] WARN  impl.MetricRegistriesImpl (MetricRegistriesImpl.java:addReporterRegistration(111)) - New reporters are added after registries were created. Some metrics will be missing from the reporter. Please add reporter before adding any new registry.
2022-12-06 16:24:31,919 [Listener at 127.0.0.1/39139] WARN  impl.MetricRegistriesImpl (MetricRegistriesImpl.java:addReporterRegistration(111)) - New reporters are added after registries were created. Some metrics will be missing from the reporter. Please add reporter before adding any new registry.
2022-12-06 16:24:31,919 [Listener at 127.0.0.1/39139] INFO  impl.MetricsSystemImpl (MetricsSystemImpl.java:init(158)) - HddsDatanode metrics system started (again)
2022-12-06 16:24:31,932 [Listener at 127.0.0.1/39139] INFO  ozone.HddsDatanodeService (HddsDatanodeService.java:start(236)) - HddsDatanodeService host:fv-az451-158.ehxzt5fk3o4e1ahk02omj2f41g.dx.internal.cloudapp.net ip:10.1.0.176
2022-12-06 16:24:31,948 [org.apache.hadoop.util.JvmPauseMonitor$Monitor@429b0760] INFO  util.JvmPauseMonitor (JvmPauseMonitor.java:run(188)) - Starting JVM pause monitor
2022-12-06 16:24:31,961 [Listener at 127.0.0.1/39139] INFO  upgrade.AbstractLayoutVersionManager (AbstractLayoutVersionManager.java:init(83)) - Initializing Layout version manager with metadata layout = DATANODE_SCHEMA_V3 (version = 4), software layout = DATANODE_SCHEMA_V3 (version = 4)
2022-12-06 16:24:31,965 [Datanode State Machine Task Thread - 0] INFO  datanode.InitDatanodeState (InitDatanodeState.java:persistContainerDatanodeDetails(138)) - DatanodeDetails is persisted to /home/runner/work/ozone/ozone/hadoop-ozone/integration-test/target/test-dir/MiniOzoneClusterImpl-ff76fcda-2f7b-42b7-aafc-07b3f4cbd752/datanode-6/meta/datanode.id
2022-12-06 16:24:32,012 [EndpointStateMachine task thread for /0.0.0.0:43931 - 0 ] INFO  utils.DatanodeStoreCache (DatanodeStoreCache.java:addDB(58)) - Added db /home/runner/work/ozone/ozone/hadoop-ozone/integration-test/target/test-dir/MiniOzoneClusterImpl-ff76fcda-2f7b-42b7-aafc-07b3f4cbd752/datanode-1/data-0/containers/hdds/ff76fcda-2f7b-42b7-aafc-07b3f4cbd752/DS-af657f84-425f-45db-bd1a-9a6dd9d67aec/container.db to cache
2022-12-06 16:24:32,013 [EndpointStateMachine task thread for /0.0.0.0:43931 - 0 ] INFO  volume.HddsVolume (HddsVolume.java:createDbStore(307)) - SchemaV3 db is created and loaded at /home/runner/work/ozone/ozone/hadoop-ozone/integration-test/target/test-dir/MiniOzoneClusterImpl-ff76fcda-2f7b-42b7-aafc-07b3f4cbd752/datanode-1/data-0/containers/hdds/ff76fcda-2f7b-42b7-aafc-07b3f4cbd752/DS-af657f84-425f-45db-bd1a-9a6dd9d67aec/container.db for volume DS-af657f84-425f-45db-bd1a-9a6dd9d67aec
2022-12-06 16:24:32,013 [EndpointStateMachine task thread for /0.0.0.0:43931 - 0 ] INFO  ozoneimpl.OzoneContainer (OzoneContainer.java:start(395)) - Attempting to start container services.
2022-12-06 16:24:32,013 [EndpointStateMachine task thread for /0.0.0.0:43931 - 0 ] INFO  ozoneimpl.OzoneContainer (OzoneContainer.java:startContainerScrub(312)) - Scheduled background container scanners and the on-demand container scanner have been disabled.
2022-12-06 16:24:32,015 [EndpointStateMachine task thread for /0.0.0.0:43931 - 0 ] INFO  replication.ReplicationServer (ReplicationServer.java:start(111)) - ReplicationServer is started using port 37599
2022-12-06 16:24:32,016 [EndpointStateMachine task thread for /0.0.0.0:43931 - 0 ] INFO  ratis.XceiverServerRatis (XceiverServerRatis.java:start(481)) - Starting XceiverServerRatis f48f5eaa-c865-41e1-958d-4d574a609fc9
2022-12-06 16:24:32,021 [Listener at 127.0.0.1/39139] INFO  reflections.Reflections (Reflections.java:scan(232)) - Reflections took 57 ms to scan 7 urls, producing 140 keys and 342 values 
2022-12-06 16:24:32,023 [Listener at 127.0.0.1/39139] INFO  statemachine.DatanodeStateMachine (DatanodeStateMachine.java:getEndPointTaskThreadPoolSize(245)) - Datanode State Machine Task Thread Pool size 2
2022-12-06 16:24:32,027 [Listener at 127.0.0.1/39139] INFO  volume.HddsVolume (HddsVolume.java:<init>(117)) - Creating HddsVolume: /home/runner/work/ozone/ozone/hadoop-ozone/integration-test/target/test-dir/MiniOzoneClusterImpl-ff76fcda-2f7b-42b7-aafc-07b3f4cbd752/datanode-7/data-0/containers/hdds of storage type : DISK capacity : 9223372036854775807
2022-12-06 16:24:32,028 [Listener at 127.0.0.1/39139] INFO  volume.MutableVolumeSet (MutableVolumeSet.java:initializeVolumeSet(174)) - Added Volume : /home/runner/work/ozone/ozone/hadoop-ozone/integration-test/target/test-dir/MiniOzoneClusterImpl-ff76fcda-2f7b-42b7-aafc-07b3f4cbd752/datanode-7/data-0/containers/hdds to VolumeSet
2022-12-06 16:24:32,028 [Listener at 127.0.0.1/39139] INFO  volume.ThrottledAsyncChecker (ThrottledAsyncChecker.java:schedule(141)) - Scheduling a check for /home/runner/work/ozone/ozone/hadoop-ozone/integration-test/target/test-dir/MiniOzoneClusterImpl-ff76fcda-2f7b-42b7-aafc-07b3f4cbd752/datanode-7/data-0/containers/hdds
2022-12-06 16:24:32,030 [EndpointStateMachine task thread for /0.0.0.0:43931 - 0 ] INFO  server.RaftServer (RaftServerProxy.java:startImpl(393)) - f48f5eaa-c865-41e1-958d-4d574a609fc9: start RPC server
2022-12-06 16:24:32,038 [Listener at 127.0.0.1/39139] INFO  volume.StorageVolumeChecker (StorageVolumeChecker.java:checkAllVolumes(202)) - Scheduled health check for volume /home/runner/work/ozone/ozone/hadoop-ozone/integration-test/target/test-dir/MiniOzoneClusterImpl-ff76fcda-2f7b-42b7-aafc-07b3f4cbd752/datanode-7/data-0/containers/hdds
2022-12-06 16:24:32,039 [EndpointStateMachine task thread for /0.0.0.0:43931 - 0 ] INFO  server.GrpcService (GrpcService.java:startImpl(262)) - f48f5eaa-c865-41e1-958d-4d574a609fc9: GrpcService started, listening on 45201
2022-12-06 16:24:32,040 [EndpointStateMachine task thread for /0.0.0.0:43931 - 0 ] INFO  ratis.XceiverServerRatis (XceiverServerRatis.java:getRealPort(502)) - XceiverServerRatis f48f5eaa-c865-41e1-958d-4d574a609fc9 is started using port 45201 for RATIS
2022-12-06 16:24:32,040 [EndpointStateMachine task thread for /0.0.0.0:43931 - 0 ] INFO  ratis.XceiverServerRatis (XceiverServerRatis.java:getRealPort(502)) - XceiverServerRatis f48f5eaa-c865-41e1-958d-4d574a609fc9 is started using port 45201 for RATIS_ADMIN
2022-12-06 16:24:32,040 [EndpointStateMachine task thread for /0.0.0.0:43931 - 0 ] INFO  ratis.XceiverServerRatis (XceiverServerRatis.java:getRealPort(502)) - XceiverServerRatis f48f5eaa-c865-41e1-958d-4d574a609fc9 is started using port 45201 for RATIS_SERVER
2022-12-06 16:24:32,043 [JvmPauseMonitor2] INFO  util.JvmPauseMonitor (JvmPauseMonitor.java:run(105)) - JvmPauseMonitor-f48f5eaa-c865-41e1-958d-4d574a609fc9: Started
2022-12-06 16:24:32,045 [EndpointStateMachine task thread for /0.0.0.0:43931 - 0 ] INFO  server.XceiverServerGrpc (XceiverServerGrpc.java:start(180)) - XceiverServerGrpc f48f5eaa-c865-41e1-958d-4d574a609fc9 is started using port 39113
2022-12-06 16:24:32,058 [Listener at 127.0.0.1/39139] INFO  volume.MutableVolumeSet (MutableVolumeSet.java:initializeVolumeSet(174)) - Added Volume : /home/runner/work/ozone/ozone/hadoop-ozone/integration-test/target/test-dir/MiniOzoneClusterImpl-ff76fcda-2f7b-42b7-aafc-07b3f4cbd752/datanode-7/data/ratis to VolumeSet
2022-12-06 16:24:32,058 [Listener at 127.0.0.1/39139] INFO  volume.ThrottledAsyncChecker (ThrottledAsyncChecker.java:schedule(141)) - Scheduling a check for /home/runner/work/ozone/ozone/hadoop-ozone/integration-test/target/test-dir/MiniOzoneClusterImpl-ff76fcda-2f7b-42b7-aafc-07b3f4cbd752/datanode-7/data/ratis
2022-12-06 16:24:32,064 [Listener at 127.0.0.1/39139] INFO  volume.StorageVolumeChecker (StorageVolumeChecker.java:checkAllVolumes(202)) - Scheduled health check for volume /home/runner/work/ozone/ozone/hadoop-ozone/integration-test/target/test-dir/MiniOzoneClusterImpl-ff76fcda-2f7b-42b7-aafc-07b3f4cbd752/datanode-7/data/ratis
2022-12-06 16:24:32,077 [Thread-239] INFO  ozoneimpl.ContainerReader (ContainerReader.java:readVolume(175)) - Finish verifying containers on volume /home/runner/work/ozone/ozone/hadoop-ozone/integration-test/target/test-dir/MiniOzoneClusterImpl-ff76fcda-2f7b-42b7-aafc-07b3f4cbd752/datanode-7/data-0/containers/hdds
2022-12-06 16:24:32,077 [Listener at 127.0.0.1/39139] INFO  ozoneimpl.OzoneContainer (OzoneContainer.java:buildContainerSet(301)) - Build ContainerSet costs 0s
2022-12-06 16:24:32,081 [Listener at 127.0.0.1/39139] INFO  server.RaftServer (ConfUtils.java:logGet(46)) - raft.rpc.type = GRPC (default)
2022-12-06 16:24:32,082 [Listener at 127.0.0.1/39139] INFO  grpc.GrpcConfigKeys (ConfUtils.java:logFallback(53)) - raft.grpc.admin.host = null (fallback to raft.grpc.server.host)
2022-12-06 16:24:32,082 [Listener at 127.0.0.1/39139] INFO  grpc.GrpcConfigKeys (ConfUtils.java:logGet(46)) - raft.grpc.admin.port = 0 (custom)
2022-12-06 16:24:32,082 [Listener at 127.0.0.1/39139] INFO  grpc.GrpcConfigKeys (ConfUtils.java:logFallback(53)) - raft.grpc.client.host = null (fallback to raft.grpc.server.host)
2022-12-06 16:24:32,082 [Listener at 127.0.0.1/39139] INFO  grpc.GrpcConfigKeys (ConfUtils.java:logGet(46)) - raft.grpc.client.port = 0 (custom)
2022-12-06 16:24:32,082 [Listener at 127.0.0.1/39139] INFO  grpc.GrpcConfigKeys (ConfUtils.java:logGet(46)) - raft.grpc.server.host = null (default)
2022-12-06 16:24:32,083 [Listener at 127.0.0.1/39139] INFO  grpc.GrpcConfigKeys (ConfUtils.java:logGet(46)) - raft.grpc.server.port = 0 (default)
2022-12-06 16:24:32,083 [Listener at 127.0.0.1/39139] INFO  server.GrpcService (ConfUtils.java:logGet(46)) - raft.grpc.message.size.max = 32MB (=33554432) (custom)
2022-12-06 16:24:32,083 [Listener at 127.0.0.1/39139] INFO  server.RaftServerConfigKeys (ConfUtils.java:logGet(46)) - raft.server.log.appender.buffer.byte-limit = 33554432 (custom)
2022-12-06 16:24:32,083 [Listener at 127.0.0.1/39139] INFO  server.GrpcService (ConfUtils.java:logGet(46)) - raft.grpc.flow.control.window = 5MB (=5242880) (custom)
2022-12-06 16:24:32,084 [Listener at 127.0.0.1/39139] INFO  server.RaftServerConfigKeys (ConfUtils.java:logGet(46)) - raft.server.rpc.request.timeout = 60s (custom)
2022-12-06 16:24:32,084 [Listener at 127.0.0.1/39139] INFO  grpc.GrpcConfigKeys (ConfUtils.java:logGet(46)) - raft.grpc.server.heartbeat.channel = true (default)
2022-12-06 16:24:32,084 [Listener at 127.0.0.1/39139] INFO  grpc.GrpcConfigKeys (ConfUtils.java:logGet(46)) - raft.grpc.server.async.request.thread.pool.cached = true (default)
2022-12-06 16:24:32,084 [Listener at 127.0.0.1/39139] INFO  grpc.GrpcConfigKeys (ConfUtils.java:logGet(46)) - raft.grpc.server.async.request.thread.pool.size = 32 (default)
2022-12-06 16:24:32,086 [Listener at 127.0.0.1/39139] INFO  impl.DataStreamServerImpl (ConfUtils.java:logGet(46)) - raft.datastream.type = DISABLED (default)
2022-12-06 16:24:32,086 [Listener at 127.0.0.1/39139] INFO  server.RaftServerConfigKeys (ConfUtils.java:logGet(46)) - raft.server.threadpool.proxy.cached = true (default)
2022-12-06 16:24:32,086 [Listener at 127.0.0.1/39139] INFO  server.RaftServerConfigKeys (ConfUtils.java:logGet(46)) - raft.server.threadpool.proxy.size = 0 (default)
2022-12-06 16:24:32,087 [Listener at 127.0.0.1/39139] INFO  server.RaftServerConfigKeys (ConfUtils.java:logGet(46)) - raft.server.rpc.slowness.timeout = 300s (custom)
2022-12-06 16:24:32,087 [Listener at 127.0.0.1/39139] INFO  server.RaftServerConfigKeys (ConfUtils.java:logGet(46)) - raft.server.leaderelection.leader.step-down.wait-time = 10s (default)
2022-12-06 16:24:32,087 [Listener at 127.0.0.1/39139] INFO  server.RaftServerConfigKeys (ConfUtils.java:logGet(46)) - raft.server.storage.dir = [/home/runner/work/ozone/ozone/hadoop-ozone/integration-test/target/test-dir/MiniOzoneClusterImpl-ff76fcda-2f7b-42b7-aafc-07b3f4cbd752/datanode-7/data/ratis] (custom)
2022-12-06 16:24:32,088 [Listener at 127.0.0.1/39139] INFO  server.XceiverServerGrpc (XceiverServerGrpc.java:<init>(132)) - GrpcServer channel type EpollServerSocketChannel
2022-12-06 16:24:32,094 [Listener at 127.0.0.1/39139] INFO  http.BaseHttpServer (BaseHttpServer.java:newHttpServer2BuilderForOzone(213)) - Starting Web-server for hddsDatanode at: http://0.0.0.0:0
2022-12-06 16:24:32,094 [Listener at 127.0.0.1/39139] INFO  http.BaseHttpServer (BaseHttpServer.java:<init>(108)) - Hadoop Security Enabled: false Ozone Security Enabled: false Ozone HTTP Security Enabled: false 
2022-12-06 16:24:32,095 [Listener at 127.0.0.1/39139] WARN  server.AuthenticationFilter (AuthenticationFilter.java:constructSecretProvider(240)) - Unable to initialize FileSignerSecretProvider, falling back to use random secrets. Reason: Could not read signature secret file: /home/runner/hadoop-http-auth-signature-secret
2022-12-06 16:24:32,097 [Listener at 127.0.0.1/39139] WARN  http.HttpRequestLog (HttpRequestLog.java:getRequestLog(103)) - Jetty request log can only be enabled using Log4j
2022-12-06 16:24:32,098 [Listener at 127.0.0.1/39139] INFO  http.HttpServer2 (HttpServer2.java:addGlobalFilter(1031)) - Added global filter 'safety' (class=org.apache.hadoop.hdds.server.http.HttpServer2$QuotingInputFilter)
2022-12-06 16:24:32,099 [Listener at 127.0.0.1/39139] INFO  http.HttpServer2 (HttpServer2.java:addFilter(1007)) - Added filter static_user_filter (class=org.apache.hadoop.http.lib.StaticUserWebFilter$StaticUserFilter) to context hddsDatanode
2022-12-06 16:24:32,099 [Listener at 127.0.0.1/39139] INFO  http.HttpServer2 (HttpServer2.java:addFilter(1015)) - Added filter static_user_filter (class=org.apache.hadoop.http.lib.StaticUserWebFilter$StaticUserFilter) to context logs
2022-12-06 16:24:32,099 [Listener at 127.0.0.1/39139] INFO  http.HttpServer2 (HttpServer2.java:addFilter(1015)) - Added filter static_user_filter (class=org.apache.hadoop.http.lib.StaticUserWebFilter$StaticUserFilter) to context static
2022-12-06 16:24:32,099 [Listener at 127.0.0.1/39139] INFO  http.HttpServer2 (HttpServer2.java:bindListener(1250)) - Jetty bound to port 38219
2022-12-06 16:24:32,100 [Listener at 127.0.0.1/39139] INFO  server.Server (Server.java:doStart(375)) - jetty-9.4.49.v20220914; built: 2022-09-14T01:07:36.601Z; git: 4231a3b2e4cb8548a412a789936d640a97b1aa0a; jvm 1.8.0_352-b08
2022-12-06 16:24:32,101 [Listener at 127.0.0.1/39139] INFO  server.session (DefaultSessionIdManager.java:doStart(334)) - DefaultSessionIdManager workerName=node0
2022-12-06 16:24:32,102 [Listener at 127.0.0.1/39139] INFO  server.session (DefaultSessionIdManager.java:doStart(339)) - No SessionScavenger set, using defaults
2022-12-06 16:24:32,102 [Listener at 127.0.0.1/39139] INFO  server.session (HouseKeeper.java:startScavenging(132)) - node0 Scavenging every 660000ms
2022-12-06 16:24:32,102 [Listener at 127.0.0.1/39139] INFO  handler.ContextHandler (ContextHandler.java:doStart(921)) - Started o.e.j.s.ServletContextHandler@31c2f1e0{logs,/logs,file:///home/runner/work/ozone/ozone/hadoop-ozone/integration-test/target/log,AVAILABLE}
2022-12-06 16:24:32,103 [Listener at 127.0.0.1/39139] INFO  handler.ContextHandler (ContextHandler.java:doStart(921)) - Started o.e.j.s.ServletContextHandler@1ba63f8c{static,/static,jar:file:/home/runner/.m2/repository/org/apache/ozone/hdds-container-service/1.3.0-SNAPSHOT/hdds-container-service-1.3.0-SNAPSHOT.jar!/webapps/static,AVAILABLE}
2022-12-06 16:24:32,284 [Listener at 127.0.0.1/39139] INFO  handler.ContextHandler (ContextHandler.java:doStart(921)) - Started o.e.j.w.WebAppContext@57f59036{hddsDatanode,/,file:///tmp/jetty-0_0_0_0-38219-hdds-container-service-1_3_0-SNAPSHOT_jar-_-any-4013828946642962652/webapp/,AVAILABLE}{jar:file:/home/runner/.m2/repository/org/apache/ozone/hdds-container-service/1.3.0-SNAPSHOT/hdds-container-service-1.3.0-SNAPSHOT.jar!/webapps/hddsDatanode}
2022-12-06 16:24:32,285 [Listener at 127.0.0.1/39139] INFO  server.AbstractConnector (AbstractConnector.java:doStart(333)) - Started ServerConnector@739f57d1{HTTP/1.1, (http/1.1)}{0.0.0.0:38219}
2022-12-06 16:24:32,286 [Listener at 127.0.0.1/39139] INFO  server.Server (Server.java:doStart(415)) - Started @11734ms
2022-12-06 16:24:32,286 [Listener at 127.0.0.1/39139] WARN  impl.MetricsSystemImpl (MetricsSystemImpl.java:register(279)) - Sink prometheus already exists!
2022-12-06 16:24:32,287 [Listener at 127.0.0.1/39139] INFO  http.BaseHttpServer (BaseHttpServer.java:updateConnectorAddress(333)) - HTTP server of hddsDatanode listening at http://0.0.0.0:38219
2022-12-06 16:24:32,292 [Listener at 127.0.0.1/39139] WARN  impl.MetricRegistriesImpl (MetricRegistriesImpl.java:addReporterRegistration(111)) - New reporters are added after registries were created. Some metrics will be missing from the reporter. Please add reporter before adding any new registry.
2022-12-06 16:24:32,292 [Listener at 127.0.0.1/39139] WARN  impl.MetricRegistriesImpl (MetricRegistriesImpl.java:addReporterRegistration(111)) - New reporters are added after registries were created. Some metrics will be missing from the reporter. Please add reporter before adding any new registry.
2022-12-06 16:24:32,292 [Listener at 127.0.0.1/39139] INFO  impl.MetricsSystemImpl (MetricsSystemImpl.java:init(158)) - HddsDatanode metrics system started (again)
2022-12-06 16:24:32,294 [Datanode State Machine Daemon Thread] INFO  statemachine.DatanodeStateMachine (DatanodeStateMachine.java:lambda$startDaemon$0(505)) - Ozone container server started.
2022-12-06 16:24:32,301 [org.apache.hadoop.util.JvmPauseMonitor$Monitor@2b5fe152] INFO  util.JvmPauseMonitor (JvmPauseMonitor.java:run(188)) - Starting JVM pause monitor
2022-12-06 16:24:32,310 [Listener at 127.0.0.1/39139] INFO  ozone.HddsDatanodeService (HddsDatanodeService.java:start(236)) - HddsDatanodeService host:fv-az451-158.ehxzt5fk3o4e1ahk02omj2f41g.dx.internal.cloudapp.net ip:10.1.0.176
2022-12-06 16:24:32,319 [Datanode State Machine Task Thread - 0] INFO  datanode.InitDatanodeState (InitDatanodeState.java:persistContainerDatanodeDetails(138)) - DatanodeDetails is persisted to /home/runner/work/ozone/ozone/hadoop-ozone/integration-test/target/test-dir/MiniOzoneClusterImpl-ff76fcda-2f7b-42b7-aafc-07b3f4cbd752/datanode-7/meta/datanode.id
2022-12-06 16:24:32,348 [Listener at 127.0.0.1/39139] INFO  upgrade.AbstractLayoutVersionManager (AbstractLayoutVersionManager.java:init(83)) - Initializing Layout version manager with metadata layout = DATANODE_SCHEMA_V3 (version = 4), software layout = DATANODE_SCHEMA_V3 (version = 4)
2022-12-06 16:24:32,406 [Listener at 127.0.0.1/39139] INFO  reflections.Reflections (Reflections.java:scan(232)) - Reflections took 56 ms to scan 7 urls, producing 140 keys and 342 values 
2022-12-06 16:24:32,409 [Listener at 127.0.0.1/39139] INFO  statemachine.DatanodeStateMachine (DatanodeStateMachine.java:getEndPointTaskThreadPoolSize(245)) - Datanode State Machine Task Thread Pool size 2
2022-12-06 16:24:32,412 [Listener at 127.0.0.1/39139] INFO  volume.HddsVolume (HddsVolume.java:<init>(117)) - Creating HddsVolume: /home/runner/work/ozone/ozone/hadoop-ozone/integration-test/target/test-dir/MiniOzoneClusterImpl-ff76fcda-2f7b-42b7-aafc-07b3f4cbd752/datanode-8/data-0/containers/hdds of storage type : DISK capacity : 9223372036854775807
2022-12-06 16:24:32,413 [Listener at 127.0.0.1/39139] INFO  volume.MutableVolumeSet (MutableVolumeSet.java:initializeVolumeSet(174)) - Added Volume : /home/runner/work/ozone/ozone/hadoop-ozone/integration-test/target/test-dir/MiniOzoneClusterImpl-ff76fcda-2f7b-42b7-aafc-07b3f4cbd752/datanode-8/data-0/containers/hdds to VolumeSet
2022-12-06 16:24:32,414 [Listener at 127.0.0.1/39139] INFO  volume.ThrottledAsyncChecker (ThrottledAsyncChecker.java:schedule(141)) - Scheduling a check for /home/runner/work/ozone/ozone/hadoop-ozone/integration-test/target/test-dir/MiniOzoneClusterImpl-ff76fcda-2f7b-42b7-aafc-07b3f4cbd752/datanode-8/data-0/containers/hdds
2022-12-06 16:24:32,418 [Listener at 127.0.0.1/39139] INFO  volume.StorageVolumeChecker (StorageVolumeChecker.java:checkAllVolumes(202)) - Scheduled health check for volume /home/runner/work/ozone/ozone/hadoop-ozone/integration-test/target/test-dir/MiniOzoneClusterImpl-ff76fcda-2f7b-42b7-aafc-07b3f4cbd752/datanode-8/data-0/containers/hdds
2022-12-06 16:24:32,424 [EndpointStateMachine task thread for /0.0.0.0:43931 - 0 ] INFO  utils.DatanodeStoreCache (DatanodeStoreCache.java:addDB(58)) - Added db /home/runner/work/ozone/ozone/hadoop-ozone/integration-test/target/test-dir/MiniOzoneClusterImpl-ff76fcda-2f7b-42b7-aafc-07b3f4cbd752/datanode-2/data-0/containers/hdds/ff76fcda-2f7b-42b7-aafc-07b3f4cbd752/DS-d0305602-2f9e-45a5-8952-6c663019613f/container.db to cache
2022-12-06 16:24:32,424 [EndpointStateMachine task thread for /0.0.0.0:43931 - 0 ] INFO  volume.HddsVolume (HddsVolume.java:createDbStore(307)) - SchemaV3 db is created and loaded at /home/runner/work/ozone/ozone/hadoop-ozone/integration-test/target/test-dir/MiniOzoneClusterImpl-ff76fcda-2f7b-42b7-aafc-07b3f4cbd752/datanode-2/data-0/containers/hdds/ff76fcda-2f7b-42b7-aafc-07b3f4cbd752/DS-d0305602-2f9e-45a5-8952-6c663019613f/container.db for volume DS-d0305602-2f9e-45a5-8952-6c663019613f
2022-12-06 16:24:32,424 [EndpointStateMachine task thread for /0.0.0.0:43931 - 0 ] INFO  ozoneimpl.OzoneContainer (OzoneContainer.java:start(395)) - Attempting to start container services.
2022-12-06 16:24:32,424 [EndpointStateMachine task thread for /0.0.0.0:43931 - 0 ] INFO  ozoneimpl.OzoneContainer (OzoneContainer.java:startContainerScrub(312)) - Scheduled background container scanners and the on-demand container scanner have been disabled.
2022-12-06 16:24:32,428 [EndpointStateMachine task thread for /0.0.0.0:43931 - 0 ] INFO  replication.ReplicationServer (ReplicationServer.java:start(111)) - ReplicationServer is started using port 45367
2022-12-06 16:24:32,430 [EndpointStateMachine task thread for /0.0.0.0:43931 - 0 ] INFO  ratis.XceiverServerRatis (XceiverServerRatis.java:start(481)) - Starting XceiverServerRatis a57ee2ea-c69c-41b1-9f64-f7c5b74e8646
2022-12-06 16:24:32,431 [EndpointStateMachine task thread for /0.0.0.0:43931 - 0 ] INFO  server.RaftServer (RaftServerProxy.java:startImpl(393)) - a57ee2ea-c69c-41b1-9f64-f7c5b74e8646: start RPC server
2022-12-06 16:24:32,434 [EndpointStateMachine task thread for /0.0.0.0:43931 - 0 ] INFO  server.GrpcService (GrpcService.java:startImpl(262)) - a57ee2ea-c69c-41b1-9f64-f7c5b74e8646: GrpcService started, listening on 37641
2022-12-06 16:24:32,435 [JvmPauseMonitor3] INFO  util.JvmPauseMonitor (JvmPauseMonitor.java:run(105)) - JvmPauseMonitor-a57ee2ea-c69c-41b1-9f64-f7c5b74e8646: Started
2022-12-06 16:24:32,435 [EndpointStateMachine task thread for /0.0.0.0:43931 - 0 ] INFO  ratis.XceiverServerRatis (XceiverServerRatis.java:getRealPort(502)) - XceiverServerRatis a57ee2ea-c69c-41b1-9f64-f7c5b74e8646 is started using port 37641 for RATIS
2022-12-06 16:24:32,441 [EndpointStateMachine task thread for /0.0.0.0:43931 - 0 ] INFO  ratis.XceiverServerRatis (XceiverServerRatis.java:getRealPort(502)) - XceiverServerRatis a57ee2ea-c69c-41b1-9f64-f7c5b74e8646 is started using port 37641 for RATIS_ADMIN
2022-12-06 16:24:32,441 [EndpointStateMachine task thread for /0.0.0.0:43931 - 0 ] INFO  ratis.XceiverServerRatis (XceiverServerRatis.java:getRealPort(502)) - XceiverServerRatis a57ee2ea-c69c-41b1-9f64-f7c5b74e8646 is started using port 37641 for RATIS_SERVER
2022-12-06 16:24:32,442 [Listener at 127.0.0.1/39139] INFO  volume.MutableVolumeSet (MutableVolumeSet.java:initializeVolumeSet(174)) - Added Volume : /home/runner/work/ozone/ozone/hadoop-ozone/integration-test/target/test-dir/MiniOzoneClusterImpl-ff76fcda-2f7b-42b7-aafc-07b3f4cbd752/datanode-8/data/ratis to VolumeSet
2022-12-06 16:24:32,443 [Listener at 127.0.0.1/39139] INFO  volume.ThrottledAsyncChecker (ThrottledAsyncChecker.java:schedule(141)) - Scheduling a check for /home/runner/work/ozone/ozone/hadoop-ozone/integration-test/target/test-dir/MiniOzoneClusterImpl-ff76fcda-2f7b-42b7-aafc-07b3f4cbd752/datanode-8/data/ratis
2022-12-06 16:24:32,443 [Listener at 127.0.0.1/39139] INFO  volume.StorageVolumeChecker (StorageVolumeChecker.java:checkAllVolumes(202)) - Scheduled health check for volume /home/runner/work/ozone/ozone/hadoop-ozone/integration-test/target/test-dir/MiniOzoneClusterImpl-ff76fcda-2f7b-42b7-aafc-07b3f4cbd752/datanode-8/data/ratis
2022-12-06 16:24:32,455 [EndpointStateMachine task thread for /0.0.0.0:43931 - 0 ] INFO  server.XceiverServerGrpc (XceiverServerGrpc.java:start(180)) - XceiverServerGrpc a57ee2ea-c69c-41b1-9f64-f7c5b74e8646 is started using port 43533
2022-12-06 16:24:32,470 [Thread-256] INFO  ozoneimpl.ContainerReader (ContainerReader.java:readVolume(175)) - Finish verifying containers on volume /home/runner/work/ozone/ozone/hadoop-ozone/integration-test/target/test-dir/MiniOzoneClusterImpl-ff76fcda-2f7b-42b7-aafc-07b3f4cbd752/datanode-8/data-0/containers/hdds
2022-12-06 16:24:32,470 [Listener at 127.0.0.1/39139] INFO  ozoneimpl.OzoneContainer (OzoneContainer.java:buildContainerSet(301)) - Build ContainerSet costs 0s
2022-12-06 16:24:32,472 [Listener at 127.0.0.1/39139] INFO  server.RaftServer (ConfUtils.java:logGet(46)) - raft.rpc.type = GRPC (default)
2022-12-06 16:24:32,473 [Listener at 127.0.0.1/39139] INFO  grpc.GrpcConfigKeys (ConfUtils.java:logFallback(53)) - raft.grpc.admin.host = null (fallback to raft.grpc.server.host)
2022-12-06 16:24:32,473 [Listener at 127.0.0.1/39139] INFO  grpc.GrpcConfigKeys (ConfUtils.java:logGet(46)) - raft.grpc.admin.port = 0 (custom)
2022-12-06 16:24:32,473 [Listener at 127.0.0.1/39139] INFO  grpc.GrpcConfigKeys (ConfUtils.java:logFallback(53)) - raft.grpc.client.host = null (fallback to raft.grpc.server.host)
2022-12-06 16:24:32,473 [Listener at 127.0.0.1/39139] INFO  grpc.GrpcConfigKeys (ConfUtils.java:logGet(46)) - raft.grpc.client.port = 0 (custom)
2022-12-06 16:24:32,473 [Listener at 127.0.0.1/39139] INFO  grpc.GrpcConfigKeys (ConfUtils.java:logGet(46)) - raft.grpc.server.host = null (default)
2022-12-06 16:24:32,473 [Listener at 127.0.0.1/39139] INFO  grpc.GrpcConfigKeys (ConfUtils.java:logGet(46)) - raft.grpc.server.port = 0 (default)
2022-12-06 16:24:32,474 [Listener at 127.0.0.1/39139] INFO  server.GrpcService (ConfUtils.java:logGet(46)) - raft.grpc.message.size.max = 32MB (=33554432) (custom)
2022-12-06 16:24:32,474 [Listener at 127.0.0.1/39139] INFO  server.RaftServerConfigKeys (ConfUtils.java:logGet(46)) - raft.server.log.appender.buffer.byte-limit = 33554432 (custom)
2022-12-06 16:24:32,478 [Listener at 127.0.0.1/39139] INFO  server.GrpcService (ConfUtils.java:logGet(46)) - raft.grpc.flow.control.window = 5MB (=5242880) (custom)
2022-12-06 16:24:32,478 [Listener at 127.0.0.1/39139] INFO  server.RaftServerConfigKeys (ConfUtils.java:logGet(46)) - raft.server.rpc.request.timeout = 60s (custom)
2022-12-06 16:24:32,479 [Listener at 127.0.0.1/39139] INFO  grpc.GrpcConfigKeys (ConfUtils.java:logGet(46)) - raft.grpc.server.heartbeat.channel = true (default)
2022-12-06 16:24:32,479 [Listener at 127.0.0.1/39139] INFO  grpc.GrpcConfigKeys (ConfUtils.java:logGet(46)) - raft.grpc.server.async.request.thread.pool.cached = true (default)
2022-12-06 16:24:32,480 [Listener at 127.0.0.1/39139] INFO  grpc.GrpcConfigKeys (ConfUtils.java:logGet(46)) - raft.grpc.server.async.request.thread.pool.size = 32 (default)
2022-12-06 16:24:32,483 [Listener at 127.0.0.1/39139] INFO  impl.DataStreamServerImpl (ConfUtils.java:logGet(46)) - raft.datastream.type = DISABLED (default)
2022-12-06 16:24:32,483 [Listener at 127.0.0.1/39139] INFO  server.RaftServerConfigKeys (ConfUtils.java:logGet(46)) - raft.server.threadpool.proxy.cached = true (default)
2022-12-06 16:24:32,484 [Listener at 127.0.0.1/39139] INFO  server.RaftServerConfigKeys (ConfUtils.java:logGet(46)) - raft.server.threadpool.proxy.size = 0 (default)
2022-12-06 16:24:32,484 [Listener at 127.0.0.1/39139] INFO  server.RaftServerConfigKeys (ConfUtils.java:logGet(46)) - raft.server.rpc.slowness.timeout = 300s (custom)
2022-12-06 16:24:32,485 [Listener at 127.0.0.1/39139] INFO  server.RaftServerConfigKeys (ConfUtils.java:logGet(46)) - raft.server.leaderelection.leader.step-down.wait-time = 10s (default)
2022-12-06 16:24:32,485 [Listener at 127.0.0.1/39139] INFO  server.RaftServerConfigKeys (ConfUtils.java:logGet(46)) - raft.server.storage.dir = [/home/runner/work/ozone/ozone/hadoop-ozone/integration-test/target/test-dir/MiniOzoneClusterImpl-ff76fcda-2f7b-42b7-aafc-07b3f4cbd752/datanode-8/data/ratis] (custom)
2022-12-06 16:24:32,488 [Listener at 127.0.0.1/39139] INFO  server.XceiverServerGrpc (XceiverServerGrpc.java:<init>(132)) - GrpcServer channel type EpollServerSocketChannel
2022-12-06 16:24:32,492 [Listener at 127.0.0.1/39139] INFO  http.BaseHttpServer (BaseHttpServer.java:newHttpServer2BuilderForOzone(213)) - Starting Web-server for hddsDatanode at: http://0.0.0.0:0
2022-12-06 16:24:32,493 [Listener at 127.0.0.1/39139] INFO  http.BaseHttpServer (BaseHttpServer.java:<init>(108)) - Hadoop Security Enabled: false Ozone Security Enabled: false Ozone HTTP Security Enabled: false 
2022-12-06 16:24:32,494 [Listener at 127.0.0.1/39139] WARN  server.AuthenticationFilter (AuthenticationFilter.java:constructSecretProvider(240)) - Unable to initialize FileSignerSecretProvider, falling back to use random secrets. Reason: Could not read signature secret file: /home/runner/hadoop-http-auth-signature-secret
2022-12-06 16:24:32,494 [Listener at 127.0.0.1/39139] WARN  http.HttpRequestLog (HttpRequestLog.java:getRequestLog(103)) - Jetty request log can only be enabled using Log4j
2022-12-06 16:24:32,496 [Listener at 127.0.0.1/39139] INFO  http.HttpServer2 (HttpServer2.java:addGlobalFilter(1031)) - Added global filter 'safety' (class=org.apache.hadoop.hdds.server.http.HttpServer2$QuotingInputFilter)
2022-12-06 16:24:32,496 [Listener at 127.0.0.1/39139] INFO  http.HttpServer2 (HttpServer2.java:addFilter(1007)) - Added filter static_user_filter (class=org.apache.hadoop.http.lib.StaticUserWebFilter$StaticUserFilter) to context hddsDatanode
2022-12-06 16:24:32,497 [Listener at 127.0.0.1/39139] INFO  http.HttpServer2 (HttpServer2.java:addFilter(1015)) - Added filter static_user_filter (class=org.apache.hadoop.http.lib.StaticUserWebFilter$StaticUserFilter) to context static
2022-12-06 16:24:32,497 [Listener at 127.0.0.1/39139] INFO  http.HttpServer2 (HttpServer2.java:addFilter(1015)) - Added filter static_user_filter (class=org.apache.hadoop.http.lib.StaticUserWebFilter$StaticUserFilter) to context logs
2022-12-06 16:24:32,497 [Listener at 127.0.0.1/39139] INFO  http.HttpServer2 (HttpServer2.java:bindListener(1250)) - Jetty bound to port 40805
2022-12-06 16:24:32,497 [Listener at 127.0.0.1/39139] INFO  server.Server (Server.java:doStart(375)) - jetty-9.4.49.v20220914; built: 2022-09-14T01:07:36.601Z; git: 4231a3b2e4cb8548a412a789936d640a97b1aa0a; jvm 1.8.0_352-b08
2022-12-06 16:24:32,498 [Listener at 127.0.0.1/39139] INFO  server.session (DefaultSessionIdManager.java:doStart(334)) - DefaultSessionIdManager workerName=node0
2022-12-06 16:24:32,499 [Listener at 127.0.0.1/39139] INFO  server.session (DefaultSessionIdManager.java:doStart(339)) - No SessionScavenger set, using defaults
2022-12-06 16:24:32,499 [Listener at 127.0.0.1/39139] INFO  server.session (HouseKeeper.java:startScavenging(132)) - node0 Scavenging every 600000ms
2022-12-06 16:24:32,500 [Listener at 127.0.0.1/39139] INFO  handler.ContextHandler (ContextHandler.java:doStart(921)) - Started o.e.j.s.ServletContextHandler@a16ee09{logs,/logs,file:///home/runner/work/ozone/ozone/hadoop-ozone/integration-test/target/log,AVAILABLE}
2022-12-06 16:24:32,500 [Listener at 127.0.0.1/39139] INFO  handler.ContextHandler (ContextHandler.java:doStart(921)) - Started o.e.j.s.ServletContextHandler@68d9c2c3{static,/static,jar:file:/home/runner/.m2/repository/org/apache/ozone/hdds-container-service/1.3.0-SNAPSHOT/hdds-container-service-1.3.0-SNAPSHOT.jar!/webapps/static,AVAILABLE}
2022-12-06 16:24:32,720 [Listener at 127.0.0.1/39139] INFO  handler.ContextHandler (ContextHandler.java:doStart(921)) - Started o.e.j.w.WebAppContext@5eb837a6{hddsDatanode,/,file:///tmp/jetty-0_0_0_0-40805-hdds-container-service-1_3_0-SNAPSHOT_jar-_-any-4517362420546783823/webapp/,AVAILABLE}{jar:file:/home/runner/.m2/repository/org/apache/ozone/hdds-container-service/1.3.0-SNAPSHOT/hdds-container-service-1.3.0-SNAPSHOT.jar!/webapps/hddsDatanode}
2022-12-06 16:24:32,721 [Listener at 127.0.0.1/39139] INFO  server.AbstractConnector (AbstractConnector.java:doStart(333)) - Started ServerConnector@45a5b3e6{HTTP/1.1, (http/1.1)}{0.0.0.0:40805}
2022-12-06 16:24:32,722 [Listener at 127.0.0.1/39139] INFO  server.Server (Server.java:doStart(415)) - Started @12170ms
2022-12-06 16:24:32,722 [Listener at 127.0.0.1/39139] WARN  impl.MetricsSystemImpl (MetricsSystemImpl.java:register(279)) - Sink prometheus already exists!
2022-12-06 16:24:32,723 [Listener at 127.0.0.1/39139] INFO  http.BaseHttpServer (BaseHttpServer.java:updateConnectorAddress(333)) - HTTP server of hddsDatanode listening at http://0.0.0.0:40805
2022-12-06 16:24:32,724 [Datanode State Machine Daemon Thread] INFO  statemachine.DatanodeStateMachine (DatanodeStateMachine.java:lambda$startDaemon$0(505)) - Ozone container server started.
2022-12-06 16:24:32,724 [Listener at 127.0.0.1/39139] WARN  impl.MetricRegistriesImpl (MetricRegistriesImpl.java:addReporterRegistration(111)) - New reporters are added after registries were created. Some metrics will be missing from the reporter. Please add reporter before adding any new registry.
2022-12-06 16:24:32,725 [Listener at 127.0.0.1/39139] WARN  impl.MetricRegistriesImpl (MetricRegistriesImpl.java:addReporterRegistration(111)) - New reporters are added after registries were created. Some metrics will be missing from the reporter. Please add reporter before adding any new registry.
2022-12-06 16:24:32,725 [Listener at 127.0.0.1/39139] INFO  impl.MetricsSystemImpl (MetricsSystemImpl.java:init(158)) - HddsDatanode metrics system started (again)
2022-12-06 16:24:32,732 [org.apache.hadoop.util.JvmPauseMonitor$Monitor@6150f8ed] INFO  util.JvmPauseMonitor (JvmPauseMonitor.java:run(188)) - Starting JVM pause monitor
2022-12-06 16:24:32,737 [Datanode State Machine Task Thread - 0] INFO  datanode.InitDatanodeState (InitDatanodeState.java:persistContainerDatanodeDetails(138)) - DatanodeDetails is persisted to /home/runner/work/ozone/ozone/hadoop-ozone/integration-test/target/test-dir/MiniOzoneClusterImpl-ff76fcda-2f7b-42b7-aafc-07b3f4cbd752/datanode-8/meta/datanode.id
2022-12-06 16:24:32,739 [Listener at 127.0.0.1/39139] INFO  ozone.HddsDatanodeService (HddsDatanodeService.java:start(236)) - HddsDatanodeService host:fv-az451-158.ehxzt5fk3o4e1ahk02omj2f41g.dx.internal.cloudapp.net ip:10.1.0.176
2022-12-06 16:24:32,761 [Listener at 127.0.0.1/39139] INFO  upgrade.AbstractLayoutVersionManager (AbstractLayoutVersionManager.java:init(83)) - Initializing Layout version manager with metadata layout = DATANODE_SCHEMA_V3 (version = 4), software layout = DATANODE_SCHEMA_V3 (version = 4)
2022-12-06 16:24:32,798 [EndpointStateMachine task thread for /0.0.0.0:43931 - 0 ] INFO  utils.DatanodeStoreCache (DatanodeStoreCache.java:addDB(58)) - Added db /home/runner/work/ozone/ozone/hadoop-ozone/integration-test/target/test-dir/MiniOzoneClusterImpl-ff76fcda-2f7b-42b7-aafc-07b3f4cbd752/datanode-3/data-0/containers/hdds/ff76fcda-2f7b-42b7-aafc-07b3f4cbd752/DS-22febf78-96dc-44c4-aaec-d5086d679236/container.db to cache
2022-12-06 16:24:32,798 [EndpointStateMachine task thread for /0.0.0.0:43931 - 0 ] INFO  volume.HddsVolume (HddsVolume.java:createDbStore(307)) - SchemaV3 db is created and loaded at /home/runner/work/ozone/ozone/hadoop-ozone/integration-test/target/test-dir/MiniOzoneClusterImpl-ff76fcda-2f7b-42b7-aafc-07b3f4cbd752/datanode-3/data-0/containers/hdds/ff76fcda-2f7b-42b7-aafc-07b3f4cbd752/DS-22febf78-96dc-44c4-aaec-d5086d679236/container.db for volume DS-22febf78-96dc-44c4-aaec-d5086d679236
2022-12-06 16:24:32,798 [EndpointStateMachine task thread for /0.0.0.0:43931 - 0 ] INFO  ozoneimpl.OzoneContainer (OzoneContainer.java:start(395)) - Attempting to start container services.
2022-12-06 16:24:32,798 [EndpointStateMachine task thread for /0.0.0.0:43931 - 0 ] INFO  ozoneimpl.OzoneContainer (OzoneContainer.java:startContainerScrub(312)) - Scheduled background container scanners and the on-demand container scanner have been disabled.
2022-12-06 16:24:32,800 [EndpointStateMachine task thread for /0.0.0.0:43931 - 0 ] INFO  replication.ReplicationServer (ReplicationServer.java:start(111)) - ReplicationServer is started using port 43535
2022-12-06 16:24:32,801 [EndpointStateMachine task thread for /0.0.0.0:43931 - 0 ] INFO  ratis.XceiverServerRatis (XceiverServerRatis.java:start(481)) - Starting XceiverServerRatis fd07e5d7-2dd9-455a-a9b9-9dae4f4be123
2022-12-06 16:24:32,810 [EndpointStateMachine task thread for /0.0.0.0:43931 - 0 ] INFO  server.RaftServer (RaftServerProxy.java:startImpl(393)) - fd07e5d7-2dd9-455a-a9b9-9dae4f4be123: start RPC server
2022-12-06 16:24:32,816 [EndpointStateMachine task thread for /0.0.0.0:43931 - 0 ] INFO  server.GrpcService (GrpcService.java:startImpl(262)) - fd07e5d7-2dd9-455a-a9b9-9dae4f4be123: GrpcService started, listening on 45045
2022-12-06 16:24:32,816 [EndpointStateMachine task thread for /0.0.0.0:43931 - 0 ] INFO  ratis.XceiverServerRatis (XceiverServerRatis.java:getRealPort(502)) - XceiverServerRatis fd07e5d7-2dd9-455a-a9b9-9dae4f4be123 is started using port 45045 for RATIS
2022-12-06 16:24:32,816 [EndpointStateMachine task thread for /0.0.0.0:43931 - 0 ] INFO  ratis.XceiverServerRatis (XceiverServerRatis.java:getRealPort(502)) - XceiverServerRatis fd07e5d7-2dd9-455a-a9b9-9dae4f4be123 is started using port 45045 for RATIS_ADMIN
2022-12-06 16:24:32,816 [EndpointStateMachine task thread for /0.0.0.0:43931 - 0 ] INFO  ratis.XceiverServerRatis (XceiverServerRatis.java:getRealPort(502)) - XceiverServerRatis fd07e5d7-2dd9-455a-a9b9-9dae4f4be123 is started using port 45045 for RATIS_SERVER
2022-12-06 16:24:32,816 [JvmPauseMonitor4] INFO  util.JvmPauseMonitor (JvmPauseMonitor.java:run(105)) - JvmPauseMonitor-fd07e5d7-2dd9-455a-a9b9-9dae4f4be123: Started
2022-12-06 16:24:32,819 [EndpointStateMachine task thread for /0.0.0.0:43931 - 0 ] INFO  server.XceiverServerGrpc (XceiverServerGrpc.java:start(180)) - XceiverServerGrpc fd07e5d7-2dd9-455a-a9b9-9dae4f4be123 is started using port 40309
2022-12-06 16:24:32,845 [Listener at 127.0.0.1/39139] INFO  reflections.Reflections (Reflections.java:scan(232)) - Reflections took 82 ms to scan 7 urls, producing 140 keys and 342 values 
2022-12-06 16:24:32,848 [Listener at 127.0.0.1/39139] INFO  statemachine.DatanodeStateMachine (DatanodeStateMachine.java:getEndPointTaskThreadPoolSize(245)) - Datanode State Machine Task Thread Pool size 2
2022-12-06 16:24:32,851 [Listener at 127.0.0.1/39139] INFO  volume.HddsVolume (HddsVolume.java:<init>(117)) - Creating HddsVolume: /home/runner/work/ozone/ozone/hadoop-ozone/integration-test/target/test-dir/MiniOzoneClusterImpl-ff76fcda-2f7b-42b7-aafc-07b3f4cbd752/datanode-9/data-0/containers/hdds of storage type : DISK capacity : 9223372036854775807
2022-12-06 16:24:32,852 [Listener at 127.0.0.1/39139] INFO  volume.MutableVolumeSet (MutableVolumeSet.java:initializeVolumeSet(174)) - Added Volume : /home/runner/work/ozone/ozone/hadoop-ozone/integration-test/target/test-dir/MiniOzoneClusterImpl-ff76fcda-2f7b-42b7-aafc-07b3f4cbd752/datanode-9/data-0/containers/hdds to VolumeSet
2022-12-06 16:24:32,852 [Listener at 127.0.0.1/39139] INFO  volume.ThrottledAsyncChecker (ThrottledAsyncChecker.java:schedule(141)) - Scheduling a check for /home/runner/work/ozone/ozone/hadoop-ozone/integration-test/target/test-dir/MiniOzoneClusterImpl-ff76fcda-2f7b-42b7-aafc-07b3f4cbd752/datanode-9/data-0/containers/hdds
2022-12-06 16:24:32,852 [Listener at 127.0.0.1/39139] INFO  volume.StorageVolumeChecker (StorageVolumeChecker.java:checkAllVolumes(202)) - Scheduled health check for volume /home/runner/work/ozone/ozone/hadoop-ozone/integration-test/target/test-dir/MiniOzoneClusterImpl-ff76fcda-2f7b-42b7-aafc-07b3f4cbd752/datanode-9/data-0/containers/hdds
2022-12-06 16:24:32,864 [Listener at 127.0.0.1/39139] INFO  volume.MutableVolumeSet (MutableVolumeSet.java:initializeVolumeSet(174)) - Added Volume : /home/runner/work/ozone/ozone/hadoop-ozone/integration-test/target/test-dir/MiniOzoneClusterImpl-ff76fcda-2f7b-42b7-aafc-07b3f4cbd752/datanode-9/data/ratis to VolumeSet
2022-12-06 16:24:32,864 [Listener at 127.0.0.1/39139] INFO  volume.ThrottledAsyncChecker (ThrottledAsyncChecker.java:schedule(141)) - Scheduling a check for /home/runner/work/ozone/ozone/hadoop-ozone/integration-test/target/test-dir/MiniOzoneClusterImpl-ff76fcda-2f7b-42b7-aafc-07b3f4cbd752/datanode-9/data/ratis
2022-12-06 16:24:32,864 [Listener at 127.0.0.1/39139] INFO  volume.StorageVolumeChecker (StorageVolumeChecker.java:checkAllVolumes(202)) - Scheduled health check for volume /home/runner/work/ozone/ozone/hadoop-ozone/integration-test/target/test-dir/MiniOzoneClusterImpl-ff76fcda-2f7b-42b7-aafc-07b3f4cbd752/datanode-9/data/ratis
2022-12-06 16:24:32,875 [Thread-275] INFO  ozoneimpl.ContainerReader (ContainerReader.java:readVolume(175)) - Finish verifying containers on volume /home/runner/work/ozone/ozone/hadoop-ozone/integration-test/target/test-dir/MiniOzoneClusterImpl-ff76fcda-2f7b-42b7-aafc-07b3f4cbd752/datanode-9/data-0/containers/hdds
2022-12-06 16:24:32,875 [Listener at 127.0.0.1/39139] INFO  ozoneimpl.OzoneContainer (OzoneContainer.java:buildContainerSet(301)) - Build ContainerSet costs 0s
2022-12-06 16:24:32,878 [Listener at 127.0.0.1/39139] INFO  server.RaftServer (ConfUtils.java:logGet(46)) - raft.rpc.type = GRPC (default)
2022-12-06 16:24:32,878 [Listener at 127.0.0.1/39139] INFO  grpc.GrpcConfigKeys (ConfUtils.java:logFallback(53)) - raft.grpc.admin.host = null (fallback to raft.grpc.server.host)
2022-12-06 16:24:32,879 [Listener at 127.0.0.1/39139] INFO  grpc.GrpcConfigKeys (ConfUtils.java:logGet(46)) - raft.grpc.admin.port = 0 (custom)
2022-12-06 16:24:32,879 [Listener at 127.0.0.1/39139] INFO  grpc.GrpcConfigKeys (ConfUtils.java:logFallback(53)) - raft.grpc.client.host = null (fallback to raft.grpc.server.host)
2022-12-06 16:24:32,879 [Listener at 127.0.0.1/39139] INFO  grpc.GrpcConfigKeys (ConfUtils.java:logGet(46)) - raft.grpc.client.port = 0 (custom)
2022-12-06 16:24:32,879 [Listener at 127.0.0.1/39139] INFO  grpc.GrpcConfigKeys (ConfUtils.java:logGet(46)) - raft.grpc.server.host = null (default)
2022-12-06 16:24:32,879 [Listener at 127.0.0.1/39139] INFO  grpc.GrpcConfigKeys (ConfUtils.java:logGet(46)) - raft.grpc.server.port = 0 (default)
2022-12-06 16:24:32,879 [Listener at 127.0.0.1/39139] INFO  server.GrpcService (ConfUtils.java:logGet(46)) - raft.grpc.message.size.max = 32MB (=33554432) (custom)
2022-12-06 16:24:32,879 [Listener at 127.0.0.1/39139] INFO  server.RaftServerConfigKeys (ConfUtils.java:logGet(46)) - raft.server.log.appender.buffer.byte-limit = 33554432 (custom)
2022-12-06 16:24:32,880 [Listener at 127.0.0.1/39139] INFO  server.GrpcService (ConfUtils.java:logGet(46)) - raft.grpc.flow.control.window = 5MB (=5242880) (custom)
2022-12-06 16:24:32,880 [Listener at 127.0.0.1/39139] INFO  server.RaftServerConfigKeys (ConfUtils.java:logGet(46)) - raft.server.rpc.request.timeout = 60s (custom)
2022-12-06 16:24:32,880 [Listener at 127.0.0.1/39139] INFO  grpc.GrpcConfigKeys (ConfUtils.java:logGet(46)) - raft.grpc.server.heartbeat.channel = true (default)
2022-12-06 16:24:32,880 [Listener at 127.0.0.1/39139] INFO  grpc.GrpcConfigKeys (ConfUtils.java:logGet(46)) - raft.grpc.server.async.request.thread.pool.cached = true (default)
2022-12-06 16:24:32,880 [Listener at 127.0.0.1/39139] INFO  grpc.GrpcConfigKeys (ConfUtils.java:logGet(46)) - raft.grpc.server.async.request.thread.pool.size = 32 (default)
2022-12-06 16:24:32,881 [Listener at 127.0.0.1/39139] INFO  impl.DataStreamServerImpl (ConfUtils.java:logGet(46)) - raft.datastream.type = DISABLED (default)
2022-12-06 16:24:32,882 [Listener at 127.0.0.1/39139] INFO  server.RaftServerConfigKeys (ConfUtils.java:logGet(46)) - raft.server.threadpool.proxy.cached = true (default)
2022-12-06 16:24:32,882 [Listener at 127.0.0.1/39139] INFO  server.RaftServerConfigKeys (ConfUtils.java:logGet(46)) - raft.server.threadpool.proxy.size = 0 (default)
2022-12-06 16:24:32,882 [Listener at 127.0.0.1/39139] INFO  server.RaftServerConfigKeys (ConfUtils.java:logGet(46)) - raft.server.rpc.slowness.timeout = 300s (custom)
2022-12-06 16:24:32,882 [Listener at 127.0.0.1/39139] INFO  server.RaftServerConfigKeys (ConfUtils.java:logGet(46)) - raft.server.leaderelection.leader.step-down.wait-time = 10s (default)
2022-12-06 16:24:32,882 [Listener at 127.0.0.1/39139] INFO  server.RaftServerConfigKeys (ConfUtils.java:logGet(46)) - raft.server.storage.dir = [/home/runner/work/ozone/ozone/hadoop-ozone/integration-test/target/test-dir/MiniOzoneClusterImpl-ff76fcda-2f7b-42b7-aafc-07b3f4cbd752/datanode-9/data/ratis] (custom)
2022-12-06 16:24:32,884 [Listener at 127.0.0.1/39139] INFO  server.XceiverServerGrpc (XceiverServerGrpc.java:<init>(132)) - GrpcServer channel type EpollServerSocketChannel
2022-12-06 16:24:32,888 [Listener at 127.0.0.1/39139] INFO  http.BaseHttpServer (BaseHttpServer.java:newHttpServer2BuilderForOzone(213)) - Starting Web-server for hddsDatanode at: http://0.0.0.0:0
2022-12-06 16:24:32,888 [Listener at 127.0.0.1/39139] INFO  http.BaseHttpServer (BaseHttpServer.java:<init>(108)) - Hadoop Security Enabled: false Ozone Security Enabled: false Ozone HTTP Security Enabled: false 
2022-12-06 16:24:32,889 [Listener at 127.0.0.1/39139] WARN  server.AuthenticationFilter (AuthenticationFilter.java:constructSecretProvider(240)) - Unable to initialize FileSignerSecretProvider, falling back to use random secrets. Reason: Could not read signature secret file: /home/runner/hadoop-http-auth-signature-secret
2022-12-06 16:24:32,893 [Listener at 127.0.0.1/39139] WARN  http.HttpRequestLog (HttpRequestLog.java:getRequestLog(103)) - Jetty request log can only be enabled using Log4j
2022-12-06 16:24:32,894 [Listener at 127.0.0.1/39139] INFO  http.HttpServer2 (HttpServer2.java:addGlobalFilter(1031)) - Added global filter 'safety' (class=org.apache.hadoop.hdds.server.http.HttpServer2$QuotingInputFilter)
2022-12-06 16:24:32,895 [Listener at 127.0.0.1/39139] INFO  http.HttpServer2 (HttpServer2.java:addFilter(1007)) - Added filter static_user_filter (class=org.apache.hadoop.http.lib.StaticUserWebFilter$StaticUserFilter) to context hddsDatanode
2022-12-06 16:24:32,895 [Listener at 127.0.0.1/39139] INFO  http.HttpServer2 (HttpServer2.java:addFilter(1015)) - Added filter static_user_filter (class=org.apache.hadoop.http.lib.StaticUserWebFilter$StaticUserFilter) to context logs
2022-12-06 16:24:32,895 [Listener at 127.0.0.1/39139] INFO  http.HttpServer2 (HttpServer2.java:addFilter(1015)) - Added filter static_user_filter (class=org.apache.hadoop.http.lib.StaticUserWebFilter$StaticUserFilter) to context static
2022-12-06 16:24:32,895 [Listener at 127.0.0.1/39139] INFO  http.HttpServer2 (HttpServer2.java:bindListener(1250)) - Jetty bound to port 32847
2022-12-06 16:24:32,896 [Listener at 127.0.0.1/39139] INFO  server.Server (Server.java:doStart(375)) - jetty-9.4.49.v20220914; built: 2022-09-14T01:07:36.601Z; git: 4231a3b2e4cb8548a412a789936d640a97b1aa0a; jvm 1.8.0_352-b08
2022-12-06 16:24:32,898 [Listener at 127.0.0.1/39139] INFO  server.session (DefaultSessionIdManager.java:doStart(334)) - DefaultSessionIdManager workerName=node0
2022-12-06 16:24:32,898 [Listener at 127.0.0.1/39139] INFO  server.session (DefaultSessionIdManager.java:doStart(339)) - No SessionScavenger set, using defaults
2022-12-06 16:24:32,898 [Listener at 127.0.0.1/39139] INFO  server.session (HouseKeeper.java:startScavenging(132)) - node0 Scavenging every 660000ms
2022-12-06 16:24:32,901 [Listener at 127.0.0.1/39139] INFO  handler.ContextHandler (ContextHandler.java:doStart(921)) - Started o.e.j.s.ServletContextHandler@3cceb3f{logs,/logs,file:///home/runner/work/ozone/ozone/hadoop-ozone/integration-test/target/log,AVAILABLE}
2022-12-06 16:24:32,901 [Listener at 127.0.0.1/39139] INFO  handler.ContextHandler (ContextHandler.java:doStart(921)) - Started o.e.j.s.ServletContextHandler@c2efa73{static,/static,jar:file:/home/runner/.m2/repository/org/apache/ozone/hdds-container-service/1.3.0-SNAPSHOT/hdds-container-service-1.3.0-SNAPSHOT.jar!/webapps/static,AVAILABLE}
2022-12-06 16:24:33,074 [Listener at 127.0.0.1/39139] INFO  handler.ContextHandler (ContextHandler.java:doStart(921)) - Started o.e.j.w.WebAppContext@2791a2b4{hddsDatanode,/,file:///tmp/jetty-0_0_0_0-32847-hdds-container-service-1_3_0-SNAPSHOT_jar-_-any-4095085175474249029/webapp/,AVAILABLE}{jar:file:/home/runner/.m2/repository/org/apache/ozone/hdds-container-service/1.3.0-SNAPSHOT/hdds-container-service-1.3.0-SNAPSHOT.jar!/webapps/hddsDatanode}
2022-12-06 16:24:33,075 [Listener at 127.0.0.1/39139] INFO  server.AbstractConnector (AbstractConnector.java:doStart(333)) - Started ServerConnector@76ade9ef{HTTP/1.1, (http/1.1)}{0.0.0.0:32847}
2022-12-06 16:24:33,076 [Listener at 127.0.0.1/39139] INFO  server.Server (Server.java:doStart(415)) - Started @12524ms
2022-12-06 16:24:33,076 [Listener at 127.0.0.1/39139] WARN  impl.MetricsSystemImpl (MetricsSystemImpl.java:register(279)) - Sink prometheus already exists!
2022-12-06 16:24:33,077 [Listener at 127.0.0.1/39139] INFO  http.BaseHttpServer (BaseHttpServer.java:updateConnectorAddress(333)) - HTTP server of hddsDatanode listening at http://0.0.0.0:32847
2022-12-06 16:24:33,077 [Datanode State Machine Daemon Thread] INFO  statemachine.DatanodeStateMachine (DatanodeStateMachine.java:lambda$startDaemon$0(505)) - Ozone container server started.
2022-12-06 16:24:33,081 [Listener at 127.0.0.1/39139] INFO  ozone.MiniOzoneClusterImpl (MiniOzoneClusterImpl.java:lambda$waitForClusterToBeReady$0(216)) - Waiting for nodes to be ready. Got 0 of 10 DN Heartbeats.
2022-12-06 16:24:33,081 [Listener at 127.0.0.1/39139] INFO  ozone.MiniOzoneClusterImpl (MiniOzoneClusterImpl.java:lambda$waitForClusterToBeReady$0(219)) - Waiting for cluster to exit safe mode
2022-12-06 16:24:33,081 [Listener at 127.0.0.1/39139] INFO  ozone.MiniOzoneClusterImpl (MiniOzoneClusterImpl.java:lambda$waitForClusterToBeReady$0(221)) - SCM became leader
2022-12-06 16:24:33,083 [org.apache.hadoop.util.JvmPauseMonitor$Monitor@4d0d8600] INFO  util.JvmPauseMonitor (JvmPauseMonitor.java:run(188)) - Starting JVM pause monitor
2022-12-06 16:24:33,085 [Datanode State Machine Task Thread - 0] INFO  datanode.InitDatanodeState (InitDatanodeState.java:persistContainerDatanodeDetails(138)) - DatanodeDetails is persisted to /home/runner/work/ozone/ozone/hadoop-ozone/integration-test/target/test-dir/MiniOzoneClusterImpl-ff76fcda-2f7b-42b7-aafc-07b3f4cbd752/datanode-9/meta/datanode.id
2022-12-06 16:24:33,165 [EndpointStateMachine task thread for /0.0.0.0:43931 - 0 ] INFO  utils.DatanodeStoreCache (DatanodeStoreCache.java:addDB(58)) - Added db /home/runner/work/ozone/ozone/hadoop-ozone/integration-test/target/test-dir/MiniOzoneClusterImpl-ff76fcda-2f7b-42b7-aafc-07b3f4cbd752/datanode-4/data-0/containers/hdds/ff76fcda-2f7b-42b7-aafc-07b3f4cbd752/DS-d01caa60-a915-452c-b1c6-c21866aaa926/container.db to cache
2022-12-06 16:24:33,165 [EndpointStateMachine task thread for /0.0.0.0:43931 - 0 ] INFO  volume.HddsVolume (HddsVolume.java:createDbStore(307)) - SchemaV3 db is created and loaded at /home/runner/work/ozone/ozone/hadoop-ozone/integration-test/target/test-dir/MiniOzoneClusterImpl-ff76fcda-2f7b-42b7-aafc-07b3f4cbd752/datanode-4/data-0/containers/hdds/ff76fcda-2f7b-42b7-aafc-07b3f4cbd752/DS-d01caa60-a915-452c-b1c6-c21866aaa926/container.db for volume DS-d01caa60-a915-452c-b1c6-c21866aaa926
2022-12-06 16:24:33,165 [EndpointStateMachine task thread for /0.0.0.0:43931 - 0 ] INFO  ozoneimpl.OzoneContainer (OzoneContainer.java:start(395)) - Attempting to start container services.
2022-12-06 16:24:33,165 [EndpointStateMachine task thread for /0.0.0.0:43931 - 0 ] INFO  ozoneimpl.OzoneContainer (OzoneContainer.java:startContainerScrub(312)) - Scheduled background container scanners and the on-demand container scanner have been disabled.
2022-12-06 16:24:33,167 [EndpointStateMachine task thread for /0.0.0.0:43931 - 0 ] INFO  replication.ReplicationServer (ReplicationServer.java:start(111)) - ReplicationServer is started using port 40949
2022-12-06 16:24:33,168 [EndpointStateMachine task thread for /0.0.0.0:43931 - 0 ] INFO  ratis.XceiverServerRatis (XceiverServerRatis.java:start(481)) - Starting XceiverServerRatis 93471f04-f84a-446a-9dbd-94f45fb64b69
2022-12-06 16:24:33,168 [EndpointStateMachine task thread for /0.0.0.0:43931 - 0 ] INFO  server.RaftServer (RaftServerProxy.java:startImpl(393)) - 93471f04-f84a-446a-9dbd-94f45fb64b69: start RPC server
2022-12-06 16:24:33,170 [EndpointStateMachine task thread for /0.0.0.0:43931 - 0 ] INFO  server.GrpcService (GrpcService.java:startImpl(262)) - 93471f04-f84a-446a-9dbd-94f45fb64b69: GrpcService started, listening on 39615
2022-12-06 16:24:33,171 [EndpointStateMachine task thread for /0.0.0.0:43931 - 0 ] INFO  ratis.XceiverServerRatis (XceiverServerRatis.java:getRealPort(502)) - XceiverServerRatis 93471f04-f84a-446a-9dbd-94f45fb64b69 is started using port 39615 for RATIS
2022-12-06 16:24:33,171 [JvmPauseMonitor5] INFO  util.JvmPauseMonitor (JvmPauseMonitor.java:run(105)) - JvmPauseMonitor-93471f04-f84a-446a-9dbd-94f45fb64b69: Started
2022-12-06 16:24:33,171 [EndpointStateMachine task thread for /0.0.0.0:43931 - 0 ] INFO  ratis.XceiverServerRatis (XceiverServerRatis.java:getRealPort(502)) - XceiverServerRatis 93471f04-f84a-446a-9dbd-94f45fb64b69 is started using port 39615 for RATIS_ADMIN
2022-12-06 16:24:33,171 [EndpointStateMachine task thread for /0.0.0.0:43931 - 0 ] INFO  ratis.XceiverServerRatis (XceiverServerRatis.java:getRealPort(502)) - XceiverServerRatis 93471f04-f84a-446a-9dbd-94f45fb64b69 is started using port 39615 for RATIS_SERVER
2022-12-06 16:24:33,174 [EndpointStateMachine task thread for /0.0.0.0:43931 - 0 ] INFO  server.XceiverServerGrpc (XceiverServerGrpc.java:start(180)) - XceiverServerGrpc 93471f04-f84a-446a-9dbd-94f45fb64b69 is started using port 46429
2022-12-06 16:24:33,410 [IPC Server handler 0 on default port 43931] INFO  net.NetworkTopologyImpl (NetworkTopologyImpl.java:add(112)) - Added a new node: /default-rack/18a879af-de93-4167-9a98-f5b552aa8b4b
2022-12-06 16:24:33,412 [IPC Server handler 0 on default port 43931] INFO  node.SCMNodeManager (SCMNodeManager.java:register(397)) - Registered Data node : 18a879af-de93-4167-9a98-f5b552aa8b4b{ip: 10.1.0.176, host: fv-az451-158.ehxzt5fk3o4e1ahk02omj2f41g.dx.internal.cloudapp.net, ports: [REPLICATION=33057, RATIS=33349, RATIS_ADMIN=33349, RATIS_SERVER=33349, STANDALONE=34989], networkLocation: /default-rack, certSerialId: null, persistedOpState: null, persistedOpStateExpiryEpochSec: 0}
2022-12-06 16:24:33,417 [EventQueue-NewNodeForNewNodeHandler] INFO  pipeline.BackgroundPipelineCreator (BackgroundPipelineCreator.java:notifyEventTriggered(276)) - trigger a one-shot run on RatisPipelineUtilsThread.
2022-12-06 16:24:33,424 [RatisPipelineUtilsThread - 0] INFO  pipeline.RatisPipelineProvider (RatisPipelineProvider.java:lambda$create$0(195)) - Sending CreatePipelineCommand for pipeline:PipelineID=fe5e38d5-b2e3-4889-8736-2d59408575fd to datanode:18a879af-de93-4167-9a98-f5b552aa8b4b
2022-12-06 16:24:33,425 [EventQueue-NodeRegistrationContainerReportForDataNodeSafeModeRule] INFO  safemode.SCMSafeModeManager (DataNodeSafeModeRule.java:process(71)) - SCM in safe mode. 1 DataNodes registered, 3 required.
2022-12-06 16:24:33,426 [EventQueue-NodeRegistrationContainerReportForContainerSafeModeRule] INFO  safemode.SCMSafeModeManager (SCMSafeModeManager.java:validateSafeModeExitRules(200)) - ContainerSafeModeRule rule is successfully validated
2022-12-06 16:24:33,429 [EventQueue-PipelineReportForOneReplicaPipelineSafeModeRule] INFO  safemode.SCMSafeModeManager (SCMSafeModeManager.java:validateSafeModeExitRules(200)) - AtleastOneDatanodeReportedRule rule is successfully validated
2022-12-06 16:24:33,444 [RatisPipelineUtilsThread - 0] INFO  pipeline.PipelineStateManagerImpl (PipelineStateManagerImpl.java:addPipeline(103)) - Created pipeline Pipeline[ Id: fe5e38d5-b2e3-4889-8736-2d59408575fd, Nodes: 18a879af-de93-4167-9a98-f5b552aa8b4b{ip: 10.1.0.176, host: fv-az451-158.ehxzt5fk3o4e1ahk02omj2f41g.dx.internal.cloudapp.net, ports: [REPLICATION=33057, RATIS=33349, RATIS_ADMIN=33349, RATIS_SERVER=33349, STANDALONE=34989], networkLocation: /default-rack, certSerialId: null, persistedOpState: IN_SERVICE, persistedOpStateExpiryEpochSec: 0}, ReplicationConfig: RATIS/ONE, State:ALLOCATED, leaderId:, CreationTimestamp2022-12-06T16:24:33.423Z[Etc/UTC]].
2022-12-06 16:24:33,553 [EndpointStateMachine task thread for /0.0.0.0:43931 - 0 ] INFO  utils.DatanodeStoreCache (DatanodeStoreCache.java:addDB(58)) - Added db /home/runner/work/ozone/ozone/hadoop-ozone/integration-test/target/test-dir/MiniOzoneClusterImpl-ff76fcda-2f7b-42b7-aafc-07b3f4cbd752/datanode-5/data-0/containers/hdds/ff76fcda-2f7b-42b7-aafc-07b3f4cbd752/DS-9d4cbe8c-fcc6-42f3-9b86-a779fdc4cbad/container.db to cache
2022-12-06 16:24:33,553 [EndpointStateMachine task thread for /0.0.0.0:43931 - 0 ] INFO  volume.HddsVolume (HddsVolume.java:createDbStore(307)) - SchemaV3 db is created and loaded at /home/runner/work/ozone/ozone/hadoop-ozone/integration-test/target/test-dir/MiniOzoneClusterImpl-ff76fcda-2f7b-42b7-aafc-07b3f4cbd752/datanode-5/data-0/containers/hdds/ff76fcda-2f7b-42b7-aafc-07b3f4cbd752/DS-9d4cbe8c-fcc6-42f3-9b86-a779fdc4cbad/container.db for volume DS-9d4cbe8c-fcc6-42f3-9b86-a779fdc4cbad
2022-12-06 16:24:33,553 [EndpointStateMachine task thread for /0.0.0.0:43931 - 0 ] INFO  ozoneimpl.OzoneContainer (OzoneContainer.java:start(395)) - Attempting to start container services.
2022-12-06 16:24:33,553 [EndpointStateMachine task thread for /0.0.0.0:43931 - 0 ] INFO  ozoneimpl.OzoneContainer (OzoneContainer.java:startContainerScrub(312)) - Scheduled background container scanners and the on-demand container scanner have been disabled.
2022-12-06 16:24:33,555 [EndpointStateMachine task thread for /0.0.0.0:43931 - 0 ] INFO  replication.ReplicationServer (ReplicationServer.java:start(111)) - ReplicationServer is started using port 35645
2022-12-06 16:24:33,556 [EndpointStateMachine task thread for /0.0.0.0:43931 - 0 ] INFO  ratis.XceiverServerRatis (XceiverServerRatis.java:start(481)) - Starting XceiverServerRatis 592803f5-ace9-49ac-a54f-354c0e5baf2c
2022-12-06 16:24:33,557 [EndpointStateMachine task thread for /0.0.0.0:43931 - 0 ] INFO  server.RaftServer (RaftServerProxy.java:startImpl(393)) - 592803f5-ace9-49ac-a54f-354c0e5baf2c: start RPC server
2022-12-06 16:24:33,563 [EndpointStateMachine task thread for /0.0.0.0:43931 - 0 ] INFO  server.GrpcService (GrpcService.java:startImpl(262)) - 592803f5-ace9-49ac-a54f-354c0e5baf2c: GrpcService started, listening on 36049
2022-12-06 16:24:33,564 [EndpointStateMachine task thread for /0.0.0.0:43931 - 0 ] INFO  ratis.XceiverServerRatis (XceiverServerRatis.java:getRealPort(502)) - XceiverServerRatis 592803f5-ace9-49ac-a54f-354c0e5baf2c is started using port 36049 for RATIS
2022-12-06 16:24:33,564 [JvmPauseMonitor6] INFO  util.JvmPauseMonitor (JvmPauseMonitor.java:run(105)) - JvmPauseMonitor-592803f5-ace9-49ac-a54f-354c0e5baf2c: Started
2022-12-06 16:24:33,564 [EndpointStateMachine task thread for /0.0.0.0:43931 - 0 ] INFO  ratis.XceiverServerRatis (XceiverServerRatis.java:getRealPort(502)) - XceiverServerRatis 592803f5-ace9-49ac-a54f-354c0e5baf2c is started using port 36049 for RATIS_ADMIN
2022-12-06 16:24:33,564 [EndpointStateMachine task thread for /0.0.0.0:43931 - 0 ] INFO  ratis.XceiverServerRatis (XceiverServerRatis.java:getRealPort(502)) - XceiverServerRatis 592803f5-ace9-49ac-a54f-354c0e5baf2c is started using port 36049 for RATIS_SERVER
2022-12-06 16:24:33,567 [EndpointStateMachine task thread for /0.0.0.0:43931 - 0 ] INFO  server.XceiverServerGrpc (XceiverServerGrpc.java:start(180)) - XceiverServerGrpc 592803f5-ace9-49ac-a54f-354c0e5baf2c is started using port 43037
2022-12-06 16:24:33,840 [ReplicationMonitor] INFO  replication.ReplicationManager (ReplicationManager.java:processAll(323)) - Replication Manager is not ready to run until 3000ms after safemode exit
2022-12-06 16:24:33,918 [IPC Server handler 2 on default port 43931] INFO  net.NetworkTopologyImpl (NetworkTopologyImpl.java:add(112)) - Added a new node: /default-rack/f48f5eaa-c865-41e1-958d-4d574a609fc9
2022-12-06 16:24:33,918 [IPC Server handler 2 on default port 43931] INFO  node.SCMNodeManager (SCMNodeManager.java:register(397)) - Registered Data node : f48f5eaa-c865-41e1-958d-4d574a609fc9{ip: 10.1.0.176, host: fv-az451-158.ehxzt5fk3o4e1ahk02omj2f41g.dx.internal.cloudapp.net, ports: [REPLICATION=37599, RATIS=45201, RATIS_ADMIN=45201, RATIS_SERVER=45201, STANDALONE=39113], networkLocation: /default-rack, certSerialId: null, persistedOpState: null, persistedOpStateExpiryEpochSec: 0}
2022-12-06 16:24:33,921 [EventQueue-NewNodeForNewNodeHandler] INFO  pipeline.BackgroundPipelineCreator (BackgroundPipelineCreator.java:notifyEventTriggered(276)) - trigger a one-shot run on RatisPipelineUtilsThread.
2022-12-06 16:24:33,921 [EventQueue-NodeRegistrationContainerReportForDataNodeSafeModeRule] INFO  safemode.SCMSafeModeManager (DataNodeSafeModeRule.java:process(71)) - SCM in safe mode. 2 DataNodes registered, 3 required.
2022-12-06 16:24:33,922 [RatisPipelineUtilsThread - 0] INFO  pipeline.RatisPipelineProvider (RatisPipelineProvider.java:lambda$create$0(195)) - Sending CreatePipelineCommand for pipeline:PipelineID=31aa9f5b-e3fb-447b-8a6f-b2174f3f8180 to datanode:f48f5eaa-c865-41e1-958d-4d574a609fc9
2022-12-06 16:24:33,923 [RatisPipelineUtilsThread - 0] INFO  pipeline.PipelineStateManagerImpl (PipelineStateManagerImpl.java:addPipeline(103)) - Created pipeline Pipeline[ Id: 31aa9f5b-e3fb-447b-8a6f-b2174f3f8180, Nodes: f48f5eaa-c865-41e1-958d-4d574a609fc9{ip: 10.1.0.176, host: fv-az451-158.ehxzt5fk3o4e1ahk02omj2f41g.dx.internal.cloudapp.net, ports: [REPLICATION=37599, RATIS=45201, RATIS_ADMIN=45201, RATIS_SERVER=45201, STANDALONE=39113], networkLocation: /default-rack, certSerialId: null, persistedOpState: IN_SERVICE, persistedOpStateExpiryEpochSec: 0}, ReplicationConfig: RATIS/ONE, State:ALLOCATED, leaderId:, CreationTimestamp2022-12-06T16:24:33.922Z[Etc/UTC]].
2022-12-06 16:24:33,983 [EndpointStateMachine task thread for /0.0.0.0:43931 - 0 ] INFO  utils.DatanodeStoreCache (DatanodeStoreCache.java:addDB(58)) - Added db /home/runner/work/ozone/ozone/hadoop-ozone/integration-test/target/test-dir/MiniOzoneClusterImpl-ff76fcda-2f7b-42b7-aafc-07b3f4cbd752/datanode-6/data-0/containers/hdds/ff76fcda-2f7b-42b7-aafc-07b3f4cbd752/DS-28d2fc5d-739b-4a4f-bab0-99b353b848b9/container.db to cache
2022-12-06 16:24:33,983 [EndpointStateMachine task thread for /0.0.0.0:43931 - 0 ] INFO  volume.HddsVolume (HddsVolume.java:createDbStore(307)) - SchemaV3 db is created and loaded at /home/runner/work/ozone/ozone/hadoop-ozone/integration-test/target/test-dir/MiniOzoneClusterImpl-ff76fcda-2f7b-42b7-aafc-07b3f4cbd752/datanode-6/data-0/containers/hdds/ff76fcda-2f7b-42b7-aafc-07b3f4cbd752/DS-28d2fc5d-739b-4a4f-bab0-99b353b848b9/container.db for volume DS-28d2fc5d-739b-4a4f-bab0-99b353b848b9
2022-12-06 16:24:33,983 [EndpointStateMachine task thread for /0.0.0.0:43931 - 0 ] INFO  ozoneimpl.OzoneContainer (OzoneContainer.java:start(395)) - Attempting to start container services.
2022-12-06 16:24:33,984 [EndpointStateMachine task thread for /0.0.0.0:43931 - 0 ] INFO  ozoneimpl.OzoneContainer (OzoneContainer.java:startContainerScrub(312)) - Scheduled background container scanners and the on-demand container scanner have been disabled.
2022-12-06 16:24:33,991 [EndpointStateMachine task thread for /0.0.0.0:43931 - 0 ] INFO  replication.ReplicationServer (ReplicationServer.java:start(111)) - ReplicationServer is started using port 37879
2022-12-06 16:24:33,992 [EndpointStateMachine task thread for /0.0.0.0:43931 - 0 ] INFO  ratis.XceiverServerRatis (XceiverServerRatis.java:start(481)) - Starting XceiverServerRatis 307c9a4a-d135-41f7-b2cf-6e79e9d930c6
2022-12-06 16:24:33,993 [EndpointStateMachine task thread for /0.0.0.0:43931 - 0 ] INFO  server.RaftServer (RaftServerProxy.java:startImpl(393)) - 307c9a4a-d135-41f7-b2cf-6e79e9d930c6: start RPC server
2022-12-06 16:24:33,994 [EndpointStateMachine task thread for /0.0.0.0:43931 - 0 ] INFO  server.GrpcService (GrpcService.java:startImpl(262)) - 307c9a4a-d135-41f7-b2cf-6e79e9d930c6: GrpcService started, listening on 35421
2022-12-06 16:24:33,994 [EndpointStateMachine task thread for /0.0.0.0:43931 - 0 ] INFO  ratis.XceiverServerRatis (XceiverServerRatis.java:getRealPort(502)) - XceiverServerRatis 307c9a4a-d135-41f7-b2cf-6e79e9d930c6 is started using port 35421 for RATIS
2022-12-06 16:24:33,994 [JvmPauseMonitor7] INFO  util.JvmPauseMonitor (JvmPauseMonitor.java:run(105)) - JvmPauseMonitor-307c9a4a-d135-41f7-b2cf-6e79e9d930c6: Started
2022-12-06 16:24:33,994 [EndpointStateMachine task thread for /0.0.0.0:43931 - 0 ] INFO  ratis.XceiverServerRatis (XceiverServerRatis.java:getRealPort(502)) - XceiverServerRatis 307c9a4a-d135-41f7-b2cf-6e79e9d930c6 is started using port 35421 for RATIS_ADMIN
2022-12-06 16:24:33,995 [EndpointStateMachine task thread for /0.0.0.0:43931 - 0 ] INFO  ratis.XceiverServerRatis (XceiverServerRatis.java:getRealPort(502)) - XceiverServerRatis 307c9a4a-d135-41f7-b2cf-6e79e9d930c6 is started using port 35421 for RATIS_SERVER
2022-12-06 16:24:33,996 [EndpointStateMachine task thread for /0.0.0.0:43931 - 0 ] INFO  server.XceiverServerGrpc (XceiverServerGrpc.java:start(180)) - XceiverServerGrpc 307c9a4a-d135-41f7-b2cf-6e79e9d930c6 is started using port 43209
2022-12-06 16:24:34,081 [Listener at 127.0.0.1/39139] INFO  ozone.MiniOzoneClusterImpl (MiniOzoneClusterImpl.java:lambda$waitForClusterToBeReady$0(216)) - Waiting for nodes to be ready. Got 2 of 10 DN Heartbeats.
2022-12-06 16:24:34,082 [Listener at 127.0.0.1/39139] INFO  ozone.MiniOzoneClusterImpl (MiniOzoneClusterImpl.java:lambda$waitForClusterToBeReady$0(219)) - Waiting for cluster to exit safe mode
2022-12-06 16:24:34,082 [Listener at 127.0.0.1/39139] INFO  ozone.MiniOzoneClusterImpl (MiniOzoneClusterImpl.java:lambda$waitForClusterToBeReady$0(221)) - SCM became leader
2022-12-06 16:24:34,334 [EndpointStateMachine task thread for /0.0.0.0:43931 - 0 ] INFO  utils.DatanodeStoreCache (DatanodeStoreCache.java:addDB(58)) - Added db /home/runner/work/ozone/ozone/hadoop-ozone/integration-test/target/test-dir/MiniOzoneClusterImpl-ff76fcda-2f7b-42b7-aafc-07b3f4cbd752/datanode-7/data-0/containers/hdds/ff76fcda-2f7b-42b7-aafc-07b3f4cbd752/DS-5cba09da-eba7-4939-9a4b-2a99aa17b47c/container.db to cache
2022-12-06 16:24:34,335 [EndpointStateMachine task thread for /0.0.0.0:43931 - 0 ] INFO  volume.HddsVolume (HddsVolume.java:createDbStore(307)) - SchemaV3 db is created and loaded at /home/runner/work/ozone/ozone/hadoop-ozone/integration-test/target/test-dir/MiniOzoneClusterImpl-ff76fcda-2f7b-42b7-aafc-07b3f4cbd752/datanode-7/data-0/containers/hdds/ff76fcda-2f7b-42b7-aafc-07b3f4cbd752/DS-5cba09da-eba7-4939-9a4b-2a99aa17b47c/container.db for volume DS-5cba09da-eba7-4939-9a4b-2a99aa17b47c
2022-12-06 16:24:34,335 [EndpointStateMachine task thread for /0.0.0.0:43931 - 0 ] INFO  ozoneimpl.OzoneContainer (OzoneContainer.java:start(395)) - Attempting to start container services.
2022-12-06 16:24:34,335 [EndpointStateMachine task thread for /0.0.0.0:43931 - 0 ] INFO  ozoneimpl.OzoneContainer (OzoneContainer.java:startContainerScrub(312)) - Scheduled background container scanners and the on-demand container scanner have been disabled.
2022-12-06 16:24:34,336 [EndpointStateMachine task thread for /0.0.0.0:43931 - 0 ] INFO  replication.ReplicationServer (ReplicationServer.java:start(111)) - ReplicationServer is started using port 37211
2022-12-06 16:24:34,337 [EndpointStateMachine task thread for /0.0.0.0:43931 - 0 ] INFO  ratis.XceiverServerRatis (XceiverServerRatis.java:start(481)) - Starting XceiverServerRatis 6a413ed4-87ae-4509-b51d-2f5d21600f9c
2022-12-06 16:24:34,338 [EndpointStateMachine task thread for /0.0.0.0:43931 - 0 ] INFO  server.RaftServer (RaftServerProxy.java:startImpl(393)) - 6a413ed4-87ae-4509-b51d-2f5d21600f9c: start RPC server
2022-12-06 16:24:34,341 [EndpointStateMachine task thread for /0.0.0.0:43931 - 0 ] INFO  server.GrpcService (GrpcService.java:startImpl(262)) - 6a413ed4-87ae-4509-b51d-2f5d21600f9c: GrpcService started, listening on 45621
2022-12-06 16:24:34,341 [EndpointStateMachine task thread for /0.0.0.0:43931 - 0 ] INFO  ratis.XceiverServerRatis (XceiverServerRatis.java:getRealPort(502)) - XceiverServerRatis 6a413ed4-87ae-4509-b51d-2f5d21600f9c is started using port 45621 for RATIS
2022-12-06 16:24:34,341 [JvmPauseMonitor8] INFO  util.JvmPauseMonitor (JvmPauseMonitor.java:run(105)) - JvmPauseMonitor-6a413ed4-87ae-4509-b51d-2f5d21600f9c: Started
2022-12-06 16:24:34,341 [EndpointStateMachine task thread for /0.0.0.0:43931 - 0 ] INFO  ratis.XceiverServerRatis (XceiverServerRatis.java:getRealPort(502)) - XceiverServerRatis 6a413ed4-87ae-4509-b51d-2f5d21600f9c is started using port 45621 for RATIS_ADMIN
2022-12-06 16:24:34,341 [EndpointStateMachine task thread for /0.0.0.0:43931 - 0 ] INFO  ratis.XceiverServerRatis (XceiverServerRatis.java:getRealPort(502)) - XceiverServerRatis 6a413ed4-87ae-4509-b51d-2f5d21600f9c is started using port 45621 for RATIS_SERVER
2022-12-06 16:24:34,344 [EndpointStateMachine task thread for /0.0.0.0:43931 - 0 ] INFO  server.XceiverServerGrpc (XceiverServerGrpc.java:start(180)) - XceiverServerGrpc 6a413ed4-87ae-4509-b51d-2f5d21600f9c is started using port 41119
2022-12-06 16:24:34,366 [IPC Server handler 1 on default port 43931] INFO  net.NetworkTopologyImpl (NetworkTopologyImpl.java:add(112)) - Added a new node: /default-rack/a57ee2ea-c69c-41b1-9f64-f7c5b74e8646
2022-12-06 16:24:34,366 [IPC Server handler 1 on default port 43931] INFO  node.SCMNodeManager (SCMNodeManager.java:register(397)) - Registered Data node : a57ee2ea-c69c-41b1-9f64-f7c5b74e8646{ip: 10.1.0.176, host: fv-az451-158.ehxzt5fk3o4e1ahk02omj2f41g.dx.internal.cloudapp.net, ports: [REPLICATION=45367, RATIS=37641, RATIS_ADMIN=37641, RATIS_SERVER=37641, STANDALONE=43533], networkLocation: /default-rack, certSerialId: null, persistedOpState: null, persistedOpStateExpiryEpochSec: 0}
2022-12-06 16:24:34,367 [EventQueue-NewNodeForNewNodeHandler] INFO  pipeline.BackgroundPipelineCreator (BackgroundPipelineCreator.java:notifyEventTriggered(276)) - trigger a one-shot run on RatisPipelineUtilsThread.
2022-12-06 16:24:34,367 [EventQueue-NodeRegistrationContainerReportForDataNodeSafeModeRule] INFO  safemode.SCMSafeModeManager (DataNodeSafeModeRule.java:process(71)) - SCM in safe mode. 3 DataNodes registered, 3 required.
2022-12-06 16:24:34,367 [EventQueue-NodeRegistrationContainerReportForDataNodeSafeModeRule] INFO  safemode.SCMSafeModeManager (SCMSafeModeManager.java:validateSafeModeExitRules(200)) - DataNodeSafeModeRule rule is successfully validated
2022-12-06 16:24:34,367 [EventQueue-NodeRegistrationContainerReportForDataNodeSafeModeRule] INFO  safemode.SCMSafeModeManager (SCMSafeModeManager.java:completePreCheck(229)) - All SCM safe mode pre check rules have passed
2022-12-06 16:24:34,367 [EventQueue-NodeRegistrationContainerReportForDataNodeSafeModeRule] INFO  ha.SCMContext (SCMContext.java:updateSafeModeStatus(228)) - Update SafeModeStatus from SafeModeStatus{safeModeStatus=true, preCheckPassed=false} to SafeModeStatus{safeModeStatus=true, preCheckPassed=true}.
2022-12-06 16:24:34,367 [EventQueue-NodeRegistrationContainerReportForDataNodeSafeModeRule] INFO  pipeline.BackgroundPipelineCreator (BackgroundPipelineCreator.java:notifyEventTriggered(276)) - trigger a one-shot run on RatisPipelineUtilsThread.
2022-12-06 16:24:34,367 [RatisPipelineUtilsThread - 0] INFO  pipeline.RatisPipelineProvider (RatisPipelineProvider.java:lambda$create$0(195)) - Sending CreatePipelineCommand for pipeline:PipelineID=3e6abeea-abec-4a0d-b59a-88f4c8e687a2 to datanode:a57ee2ea-c69c-41b1-9f64-f7c5b74e8646
2022-12-06 16:24:34,368 [RatisPipelineUtilsThread - 0] INFO  pipeline.PipelineStateManagerImpl (PipelineStateManagerImpl.java:addPipeline(103)) - Created pipeline Pipeline[ Id: 3e6abeea-abec-4a0d-b59a-88f4c8e687a2, Nodes: a57ee2ea-c69c-41b1-9f64-f7c5b74e8646{ip: 10.1.0.176, host: fv-az451-158.ehxzt5fk3o4e1ahk02omj2f41g.dx.internal.cloudapp.net, ports: [REPLICATION=45367, RATIS=37641, RATIS_ADMIN=37641, RATIS_SERVER=37641, STANDALONE=43533], networkLocation: /default-rack, certSerialId: null, persistedOpState: IN_SERVICE, persistedOpStateExpiryEpochSec: 0}, ReplicationConfig: RATIS/ONE, State:ALLOCATED, leaderId:, CreationTimestamp2022-12-06T16:24:34.367Z[Etc/UTC]].
2022-12-06 16:24:34,372 [RatisPipelineUtilsThread - 0] INFO  pipeline.RatisPipelineProvider (RatisPipelineProvider.java:lambda$create$0(195)) - Sending CreatePipelineCommand for pipeline:PipelineID=9267bd50-ce6f-4122-aab6-c860d8a7810c to datanode:18a879af-de93-4167-9a98-f5b552aa8b4b
2022-12-06 16:24:34,372 [RatisPipelineUtilsThread - 0] INFO  pipeline.RatisPipelineProvider (RatisPipelineProvider.java:lambda$create$0(195)) - Sending CreatePipelineCommand for pipeline:PipelineID=9267bd50-ce6f-4122-aab6-c860d8a7810c to datanode:f48f5eaa-c865-41e1-958d-4d574a609fc9
2022-12-06 16:24:34,372 [RatisPipelineUtilsThread - 0] INFO  pipeline.RatisPipelineProvider (RatisPipelineProvider.java:lambda$create$0(195)) - Sending CreatePipelineCommand for pipeline:PipelineID=9267bd50-ce6f-4122-aab6-c860d8a7810c to datanode:a57ee2ea-c69c-41b1-9f64-f7c5b74e8646
2022-12-06 16:24:34,373 [RatisPipelineUtilsThread - 0] INFO  pipeline.PipelineStateManagerImpl (PipelineStateManagerImpl.java:addPipeline(103)) - Created pipeline Pipeline[ Id: 9267bd50-ce6f-4122-aab6-c860d8a7810c, Nodes: 18a879af-de93-4167-9a98-f5b552aa8b4b{ip: 10.1.0.176, host: fv-az451-158.ehxzt5fk3o4e1ahk02omj2f41g.dx.internal.cloudapp.net, ports: [REPLICATION=33057, RATIS=33349, RATIS_ADMIN=33349, RATIS_SERVER=33349, STANDALONE=34989], networkLocation: /default-rack, certSerialId: null, persistedOpState: IN_SERVICE, persistedOpStateExpiryEpochSec: 0}f48f5eaa-c865-41e1-958d-4d574a609fc9{ip: 10.1.0.176, host: fv-az451-158.ehxzt5fk3o4e1ahk02omj2f41g.dx.internal.cloudapp.net, ports: [REPLICATION=37599, RATIS=45201, RATIS_ADMIN=45201, RATIS_SERVER=45201, STANDALONE=39113], networkLocation: /default-rack, certSerialId: null, persistedOpState: IN_SERVICE, persistedOpStateExpiryEpochSec: 0}a57ee2ea-c69c-41b1-9f64-f7c5b74e8646{ip: 10.1.0.176, host: fv-az451-158.ehxzt5fk3o4e1ahk02omj2f41g.dx.internal.cloudapp.net, ports: [REPLICATION=45367, RATIS=37641, RATIS_ADMIN=37641, RATIS_SERVER=37641, STANDALONE=43533], networkLocation: /default-rack, certSerialId: null, persistedOpState: IN_SERVICE, persistedOpStateExpiryEpochSec: 0}, ReplicationConfig: RATIS/THREE, State:ALLOCATED, leaderId:, CreationTimestamp2022-12-06T16:24:34.372Z[Etc/UTC]].
2022-12-06 16:24:34,374 [RatisPipelineUtilsThread - 0] INFO  pipeline.RatisPipelineProvider (RatisPipelineProvider.java:lambda$create$0(195)) - Sending CreatePipelineCommand for pipeline:PipelineID=fb31c8b1-aaf2-4670-8e2f-e13d6f209ebe to datanode:a57ee2ea-c69c-41b1-9f64-f7c5b74e8646
2022-12-06 16:24:34,374 [RatisPipelineUtilsThread - 0] INFO  pipeline.RatisPipelineProvider (RatisPipelineProvider.java:lambda$create$0(195)) - Sending CreatePipelineCommand for pipeline:PipelineID=fb31c8b1-aaf2-4670-8e2f-e13d6f209ebe to datanode:18a879af-de93-4167-9a98-f5b552aa8b4b
2022-12-06 16:24:34,374 [RatisPipelineUtilsThread - 0] INFO  pipeline.RatisPipelineProvider (RatisPipelineProvider.java:lambda$create$0(195)) - Sending CreatePipelineCommand for pipeline:PipelineID=fb31c8b1-aaf2-4670-8e2f-e13d6f209ebe to datanode:f48f5eaa-c865-41e1-958d-4d574a609fc9
2022-12-06 16:24:34,375 [RatisPipelineUtilsThread - 0] INFO  pipeline.PipelineStateManagerImpl (PipelineStateManagerImpl.java:addPipeline(103)) - Created pipeline Pipeline[ Id: fb31c8b1-aaf2-4670-8e2f-e13d6f209ebe, Nodes: a57ee2ea-c69c-41b1-9f64-f7c5b74e8646{ip: 10.1.0.176, host: fv-az451-158.ehxzt5fk3o4e1ahk02omj2f41g.dx.internal.cloudapp.net, ports: [REPLICATION=45367, RATIS=37641, RATIS_ADMIN=37641, RATIS_SERVER=37641, STANDALONE=43533], networkLocation: /default-rack, certSerialId: null, persistedOpState: IN_SERVICE, persistedOpStateExpiryEpochSec: 0}18a879af-de93-4167-9a98-f5b552aa8b4b{ip: 10.1.0.176, host: fv-az451-158.ehxzt5fk3o4e1ahk02omj2f41g.dx.internal.cloudapp.net, ports: [REPLICATION=33057, RATIS=33349, RATIS_ADMIN=33349, RATIS_SERVER=33349, STANDALONE=34989], networkLocation: /default-rack, certSerialId: null, persistedOpState: IN_SERVICE, persistedOpStateExpiryEpochSec: 0}f48f5eaa-c865-41e1-958d-4d574a609fc9{ip: 10.1.0.176, host: fv-az451-158.ehxzt5fk3o4e1ahk02omj2f41g.dx.internal.cloudapp.net, ports: [REPLICATION=37599, RATIS=45201, RATIS_ADMIN=45201, RATIS_SERVER=45201, STANDALONE=39113], networkLocation: /default-rack, certSerialId: null, persistedOpState: IN_SERVICE, persistedOpStateExpiryEpochSec: 0}, ReplicationConfig: RATIS/THREE, State:ALLOCATED, leaderId:, CreationTimestamp2022-12-06T16:24:34.374Z[Etc/UTC]].
2022-12-06 16:24:34,375 [RatisPipelineUtilsThread - 0] INFO  pipeline.PipelineManagerImpl (PipelineManagerImpl.java:recordMetricsForPipeline(826)) - Pipeline: PipelineID=fb31c8b1-aaf2-4670-8e2f-e13d6f209ebe contains same datanodes as previous pipelines: PipelineID=9267bd50-ce6f-4122-aab6-c860d8a7810c nodeIds: a57ee2ea-c69c-41b1-9f64-f7c5b74e8646, 18a879af-de93-4167-9a98-f5b552aa8b4b, f48f5eaa-c865-41e1-958d-4d574a609fc9
2022-12-06 16:24:34,763 [IPC Server handler 3 on default port 43931] INFO  net.NetworkTopologyImpl (NetworkTopologyImpl.java:add(112)) - Added a new node: /default-rack/fd07e5d7-2dd9-455a-a9b9-9dae4f4be123
2022-12-06 16:24:34,764 [IPC Server handler 3 on default port 43931] INFO  node.SCMNodeManager (SCMNodeManager.java:register(397)) - Registered Data node : fd07e5d7-2dd9-455a-a9b9-9dae4f4be123{ip: 10.1.0.176, host: fv-az451-158.ehxzt5fk3o4e1ahk02omj2f41g.dx.internal.cloudapp.net, ports: [REPLICATION=43535, RATIS=45045, RATIS_ADMIN=45045, RATIS_SERVER=45045, STANDALONE=40309], networkLocation: /default-rack, certSerialId: null, persistedOpState: null, persistedOpStateExpiryEpochSec: 0}
2022-12-06 16:24:34,765 [EventQueue-NewNodeForNewNodeHandler] INFO  pipeline.BackgroundPipelineCreator (BackgroundPipelineCreator.java:notifyEventTriggered(276)) - trigger a one-shot run on RatisPipelineUtilsThread.
2022-12-06 16:24:34,765 [RatisPipelineUtilsThread - 0] INFO  pipeline.RatisPipelineProvider (RatisPipelineProvider.java:lambda$create$0(195)) - Sending CreatePipelineCommand for pipeline:PipelineID=05fdfe6b-2f6c-43bb-8479-7083cf84009a to datanode:fd07e5d7-2dd9-455a-a9b9-9dae4f4be123
2022-12-06 16:24:34,766 [RatisPipelineUtilsThread - 0] INFO  pipeline.PipelineStateManagerImpl (PipelineStateManagerImpl.java:addPipeline(103)) - Created pipeline Pipeline[ Id: 05fdfe6b-2f6c-43bb-8479-7083cf84009a, Nodes: fd07e5d7-2dd9-455a-a9b9-9dae4f4be123{ip: 10.1.0.176, host: fv-az451-158.ehxzt5fk3o4e1ahk02omj2f41g.dx.internal.cloudapp.net, ports: [REPLICATION=43535, RATIS=45045, RATIS_ADMIN=45045, RATIS_SERVER=45045, STANDALONE=40309], networkLocation: /default-rack, certSerialId: null, persistedOpState: IN_SERVICE, persistedOpStateExpiryEpochSec: 0}, ReplicationConfig: RATIS/ONE, State:ALLOCATED, leaderId:, CreationTimestamp2022-12-06T16:24:34.765Z[Etc/UTC]].
2022-12-06 16:24:34,778 [EndpointStateMachine task thread for /0.0.0.0:43931 - 0 ] INFO  utils.DatanodeStoreCache (DatanodeStoreCache.java:addDB(58)) - Added db /home/runner/work/ozone/ozone/hadoop-ozone/integration-test/target/test-dir/MiniOzoneClusterImpl-ff76fcda-2f7b-42b7-aafc-07b3f4cbd752/datanode-8/data-0/containers/hdds/ff76fcda-2f7b-42b7-aafc-07b3f4cbd752/DS-3677cde5-0f61-4d28-989a-4fd6daf46006/container.db to cache
2022-12-06 16:24:34,778 [EndpointStateMachine task thread for /0.0.0.0:43931 - 0 ] INFO  volume.HddsVolume (HddsVolume.java:createDbStore(307)) - SchemaV3 db is created and loaded at /home/runner/work/ozone/ozone/hadoop-ozone/integration-test/target/test-dir/MiniOzoneClusterImpl-ff76fcda-2f7b-42b7-aafc-07b3f4cbd752/datanode-8/data-0/containers/hdds/ff76fcda-2f7b-42b7-aafc-07b3f4cbd752/DS-3677cde5-0f61-4d28-989a-4fd6daf46006/container.db for volume DS-3677cde5-0f61-4d28-989a-4fd6daf46006
2022-12-06 16:24:34,778 [EndpointStateMachine task thread for /0.0.0.0:43931 - 0 ] INFO  ozoneimpl.OzoneContainer (OzoneContainer.java:start(395)) - Attempting to start container services.
2022-12-06 16:24:34,778 [EndpointStateMachine task thread for /0.0.0.0:43931 - 0 ] INFO  ozoneimpl.OzoneContainer (OzoneContainer.java:startContainerScrub(312)) - Scheduled background container scanners and the on-demand container scanner have been disabled.
2022-12-06 16:24:34,779 [EndpointStateMachine task thread for /0.0.0.0:43931 - 0 ] INFO  replication.ReplicationServer (ReplicationServer.java:start(111)) - ReplicationServer is started using port 38677
2022-12-06 16:24:34,780 [EndpointStateMachine task thread for /0.0.0.0:43931 - 0 ] INFO  ratis.XceiverServerRatis (XceiverServerRatis.java:start(481)) - Starting XceiverServerRatis 2fe07876-8610-433e-a055-404555d6ad88
2022-12-06 16:24:34,780 [EndpointStateMachine task thread for /0.0.0.0:43931 - 0 ] INFO  server.RaftServer (RaftServerProxy.java:startImpl(393)) - 2fe07876-8610-433e-a055-404555d6ad88: start RPC server
2022-12-06 16:24:34,782 [EndpointStateMachine task thread for /0.0.0.0:43931 - 0 ] INFO  server.GrpcService (GrpcService.java:startImpl(262)) - 2fe07876-8610-433e-a055-404555d6ad88: GrpcService started, listening on 34239
2022-12-06 16:24:34,783 [EndpointStateMachine task thread for /0.0.0.0:43931 - 0 ] INFO  ratis.XceiverServerRatis (XceiverServerRatis.java:getRealPort(502)) - XceiverServerRatis 2fe07876-8610-433e-a055-404555d6ad88 is started using port 34239 for RATIS
2022-12-06 16:24:34,783 [JvmPauseMonitor9] INFO  util.JvmPauseMonitor (JvmPauseMonitor.java:run(105)) - JvmPauseMonitor-2fe07876-8610-433e-a055-404555d6ad88: Started
2022-12-06 16:24:34,783 [EndpointStateMachine task thread for /0.0.0.0:43931 - 0 ] INFO  ratis.XceiverServerRatis (XceiverServerRatis.java:getRealPort(502)) - XceiverServerRatis 2fe07876-8610-433e-a055-404555d6ad88 is started using port 34239 for RATIS_ADMIN
2022-12-06 16:24:34,783 [EndpointStateMachine task thread for /0.0.0.0:43931 - 0 ] INFO  ratis.XceiverServerRatis (XceiverServerRatis.java:getRealPort(502)) - XceiverServerRatis 2fe07876-8610-433e-a055-404555d6ad88 is started using port 34239 for RATIS_SERVER
2022-12-06 16:24:34,785 [EndpointStateMachine task thread for /0.0.0.0:43931 - 0 ] INFO  server.XceiverServerGrpc (XceiverServerGrpc.java:start(180)) - XceiverServerGrpc 2fe07876-8610-433e-a055-404555d6ad88 is started using port 45543
2022-12-06 16:24:35,082 [Listener at 127.0.0.1/39139] INFO  ozone.MiniOzoneClusterImpl (MiniOzoneClusterImpl.java:lambda$waitForClusterToBeReady$0(216)) - Waiting for nodes to be ready. Got 4 of 10 DN Heartbeats.
2022-12-06 16:24:35,083 [Listener at 127.0.0.1/39139] INFO  ozone.MiniOzoneClusterImpl (MiniOzoneClusterImpl.java:lambda$waitForClusterToBeReady$0(219)) - Waiting for cluster to exit safe mode
2022-12-06 16:24:35,083 [Listener at 127.0.0.1/39139] INFO  ozone.MiniOzoneClusterImpl (MiniOzoneClusterImpl.java:lambda$waitForClusterToBeReady$0(221)) - SCM became leader
2022-12-06 16:24:35,115 [EndpointStateMachine task thread for /0.0.0.0:43931 - 0 ] INFO  utils.DatanodeStoreCache (DatanodeStoreCache.java:addDB(58)) - Added db /home/runner/work/ozone/ozone/hadoop-ozone/integration-test/target/test-dir/MiniOzoneClusterImpl-ff76fcda-2f7b-42b7-aafc-07b3f4cbd752/datanode-9/data-0/containers/hdds/ff76fcda-2f7b-42b7-aafc-07b3f4cbd752/DS-6a16371c-c11f-49de-a8fd-a6f6a92ee155/container.db to cache
2022-12-06 16:24:35,115 [EndpointStateMachine task thread for /0.0.0.0:43931 - 0 ] INFO  volume.HddsVolume (HddsVolume.java:createDbStore(307)) - SchemaV3 db is created and loaded at /home/runner/work/ozone/ozone/hadoop-ozone/integration-test/target/test-dir/MiniOzoneClusterImpl-ff76fcda-2f7b-42b7-aafc-07b3f4cbd752/datanode-9/data-0/containers/hdds/ff76fcda-2f7b-42b7-aafc-07b3f4cbd752/DS-6a16371c-c11f-49de-a8fd-a6f6a92ee155/container.db for volume DS-6a16371c-c11f-49de-a8fd-a6f6a92ee155
2022-12-06 16:24:35,116 [EndpointStateMachine task thread for /0.0.0.0:43931 - 0 ] INFO  ozoneimpl.OzoneContainer (OzoneContainer.java:start(395)) - Attempting to start container services.
2022-12-06 16:24:35,116 [EndpointStateMachine task thread for /0.0.0.0:43931 - 0 ] INFO  ozoneimpl.OzoneContainer (OzoneContainer.java:startContainerScrub(312)) - Scheduled background container scanners and the on-demand container scanner have been disabled.
2022-12-06 16:24:35,118 [EndpointStateMachine task thread for /0.0.0.0:43931 - 0 ] INFO  replication.ReplicationServer (ReplicationServer.java:start(111)) - ReplicationServer is started using port 43303
2022-12-06 16:24:35,119 [EndpointStateMachine task thread for /0.0.0.0:43931 - 0 ] INFO  ratis.XceiverServerRatis (XceiverServerRatis.java:start(481)) - Starting XceiverServerRatis b0ab2fb2-fc83-4273-be02-cd8927d57599
2022-12-06 16:24:35,120 [EndpointStateMachine task thread for /0.0.0.0:43931 - 0 ] INFO  server.RaftServer (RaftServerProxy.java:startImpl(393)) - b0ab2fb2-fc83-4273-be02-cd8927d57599: start RPC server
2022-12-06 16:24:35,121 [EndpointStateMachine task thread for /0.0.0.0:43931 - 0 ] INFO  server.GrpcService (GrpcService.java:startImpl(262)) - b0ab2fb2-fc83-4273-be02-cd8927d57599: GrpcService started, listening on 43425
2022-12-06 16:24:35,121 [EndpointStateMachine task thread for /0.0.0.0:43931 - 0 ] INFO  ratis.XceiverServerRatis (XceiverServerRatis.java:getRealPort(502)) - XceiverServerRatis b0ab2fb2-fc83-4273-be02-cd8927d57599 is started using port 43425 for RATIS
2022-12-06 16:24:35,121 [EndpointStateMachine task thread for /0.0.0.0:43931 - 0 ] INFO  ratis.XceiverServerRatis (XceiverServerRatis.java:getRealPort(502)) - XceiverServerRatis b0ab2fb2-fc83-4273-be02-cd8927d57599 is started using port 43425 for RATIS_ADMIN
2022-12-06 16:24:35,121 [JvmPauseMonitor10] INFO  util.JvmPauseMonitor (JvmPauseMonitor.java:run(105)) - JvmPauseMonitor-b0ab2fb2-fc83-4273-be02-cd8927d57599: Started
2022-12-06 16:24:35,121 [EndpointStateMachine task thread for /0.0.0.0:43931 - 0 ] INFO  ratis.XceiverServerRatis (XceiverServerRatis.java:getRealPort(502)) - XceiverServerRatis b0ab2fb2-fc83-4273-be02-cd8927d57599 is started using port 43425 for RATIS_SERVER
2022-12-06 16:24:35,126 [IPC Server handler 0 on default port 43931] INFO  net.NetworkTopologyImpl (NetworkTopologyImpl.java:add(112)) - Added a new node: /default-rack/93471f04-f84a-446a-9dbd-94f45fb64b69
2022-12-06 16:24:35,126 [IPC Server handler 0 on default port 43931] INFO  node.SCMNodeManager (SCMNodeManager.java:register(397)) - Registered Data node : 93471f04-f84a-446a-9dbd-94f45fb64b69{ip: 10.1.0.176, host: fv-az451-158.ehxzt5fk3o4e1ahk02omj2f41g.dx.internal.cloudapp.net, ports: [REPLICATION=40949, RATIS=39615, RATIS_ADMIN=39615, RATIS_SERVER=39615, STANDALONE=46429], networkLocation: /default-rack, certSerialId: null, persistedOpState: null, persistedOpStateExpiryEpochSec: 0}
2022-12-06 16:24:35,126 [EventQueue-NewNodeForNewNodeHandler] INFO  pipeline.BackgroundPipelineCreator (BackgroundPipelineCreator.java:notifyEventTriggered(276)) - trigger a one-shot run on RatisPipelineUtilsThread.
2022-12-06 16:24:35,127 [RatisPipelineUtilsThread - 0] INFO  pipeline.RatisPipelineProvider (RatisPipelineProvider.java:lambda$create$0(195)) - Sending CreatePipelineCommand for pipeline:PipelineID=bd206ac1-f978-4080-a1f0-46e1faa48d23 to datanode:93471f04-f84a-446a-9dbd-94f45fb64b69
2022-12-06 16:24:35,127 [RatisPipelineUtilsThread - 0] INFO  pipeline.PipelineStateManagerImpl (PipelineStateManagerImpl.java:addPipeline(103)) - Created pipeline Pipeline[ Id: bd206ac1-f978-4080-a1f0-46e1faa48d23, Nodes: 93471f04-f84a-446a-9dbd-94f45fb64b69{ip: 10.1.0.176, host: fv-az451-158.ehxzt5fk3o4e1ahk02omj2f41g.dx.internal.cloudapp.net, ports: [REPLICATION=40949, RATIS=39615, RATIS_ADMIN=39615, RATIS_SERVER=39615, STANDALONE=46429], networkLocation: /default-rack, certSerialId: null, persistedOpState: IN_SERVICE, persistedOpStateExpiryEpochSec: 0}, ReplicationConfig: RATIS/ONE, State:ALLOCATED, leaderId:, CreationTimestamp2022-12-06T16:24:35.127Z[Etc/UTC]].
2022-12-06 16:24:35,128 [EndpointStateMachine task thread for /0.0.0.0:43931 - 0 ] INFO  server.XceiverServerGrpc (XceiverServerGrpc.java:start(180)) - XceiverServerGrpc b0ab2fb2-fc83-4273-be02-cd8927d57599 is started using port 43243
2022-12-06 16:24:35,413 [EventQueue-CommandQueueReportForCommandQueueReportHandler] WARN  events.EventQueue (EventQueue.java:fireEvent(216)) - No event handler registered for event TypedEvent{payloadType=DatanodeDetails, name='Datanode_Command_Queue_Updated'}
2022-12-06 16:24:35,523 [IPC Server handler 3 on default port 43931] INFO  net.NetworkTopologyImpl (NetworkTopologyImpl.java:add(112)) - Added a new node: /default-rack/592803f5-ace9-49ac-a54f-354c0e5baf2c
2022-12-06 16:24:35,524 [IPC Server handler 3 on default port 43931] INFO  node.SCMNodeManager (SCMNodeManager.java:register(397)) - Registered Data node : 592803f5-ace9-49ac-a54f-354c0e5baf2c{ip: 10.1.0.176, host: fv-az451-158.ehxzt5fk3o4e1ahk02omj2f41g.dx.internal.cloudapp.net, ports: [REPLICATION=35645, RATIS=36049, RATIS_ADMIN=36049, RATIS_SERVER=36049, STANDALONE=43037], networkLocation: /default-rack, certSerialId: null, persistedOpState: null, persistedOpStateExpiryEpochSec: 0}
2022-12-06 16:24:35,524 [EventQueue-NewNodeForNewNodeHandler] INFO  pipeline.BackgroundPipelineCreator (BackgroundPipelineCreator.java:notifyEventTriggered(276)) - trigger a one-shot run on RatisPipelineUtilsThread.
2022-12-06 16:24:35,525 [RatisPipelineUtilsThread - 0] INFO  pipeline.RatisPipelineProvider (RatisPipelineProvider.java:lambda$create$0(195)) - Sending CreatePipelineCommand for pipeline:PipelineID=3982516e-e666-4977-97f6-b5cb87655dba to datanode:592803f5-ace9-49ac-a54f-354c0e5baf2c
2022-12-06 16:24:35,525 [RatisPipelineUtilsThread - 0] INFO  pipeline.PipelineStateManagerImpl (PipelineStateManagerImpl.java:addPipeline(103)) - Created pipeline Pipeline[ Id: 3982516e-e666-4977-97f6-b5cb87655dba, Nodes: 592803f5-ace9-49ac-a54f-354c0e5baf2c{ip: 10.1.0.176, host: fv-az451-158.ehxzt5fk3o4e1ahk02omj2f41g.dx.internal.cloudapp.net, ports: [REPLICATION=35645, RATIS=36049, RATIS_ADMIN=36049, RATIS_SERVER=36049, STANDALONE=43037], networkLocation: /default-rack, certSerialId: null, persistedOpState: IN_SERVICE, persistedOpStateExpiryEpochSec: 0}, ReplicationConfig: RATIS/ONE, State:ALLOCATED, leaderId:, CreationTimestamp2022-12-06T16:24:35.525Z[Etc/UTC]].
2022-12-06 16:24:35,526 [RatisPipelineUtilsThread - 0] INFO  pipeline.RatisPipelineProvider (RatisPipelineProvider.java:lambda$create$0(195)) - Sending CreatePipelineCommand for pipeline:PipelineID=c5007c7d-689f-453a-a58d-032d02cb740d to datanode:fd07e5d7-2dd9-455a-a9b9-9dae4f4be123
2022-12-06 16:24:35,526 [RatisPipelineUtilsThread - 0] INFO  pipeline.RatisPipelineProvider (RatisPipelineProvider.java:lambda$create$0(195)) - Sending CreatePipelineCommand for pipeline:PipelineID=c5007c7d-689f-453a-a58d-032d02cb740d to datanode:93471f04-f84a-446a-9dbd-94f45fb64b69
2022-12-06 16:24:35,526 [RatisPipelineUtilsThread - 0] INFO  pipeline.RatisPipelineProvider (RatisPipelineProvider.java:lambda$create$0(195)) - Sending CreatePipelineCommand for pipeline:PipelineID=c5007c7d-689f-453a-a58d-032d02cb740d to datanode:592803f5-ace9-49ac-a54f-354c0e5baf2c
2022-12-06 16:24:35,527 [RatisPipelineUtilsThread - 0] INFO  pipeline.PipelineStateManagerImpl (PipelineStateManagerImpl.java:addPipeline(103)) - Created pipeline Pipeline[ Id: c5007c7d-689f-453a-a58d-032d02cb740d, Nodes: fd07e5d7-2dd9-455a-a9b9-9dae4f4be123{ip: 10.1.0.176, host: fv-az451-158.ehxzt5fk3o4e1ahk02omj2f41g.dx.internal.cloudapp.net, ports: [REPLICATION=43535, RATIS=45045, RATIS_ADMIN=45045, RATIS_SERVER=45045, STANDALONE=40309], networkLocation: /default-rack, certSerialId: null, persistedOpState: IN_SERVICE, persistedOpStateExpiryEpochSec: 0}93471f04-f84a-446a-9dbd-94f45fb64b69{ip: 10.1.0.176, host: fv-az451-158.ehxzt5fk3o4e1ahk02omj2f41g.dx.internal.cloudapp.net, ports: [REPLICATION=40949, RATIS=39615, RATIS_ADMIN=39615, RATIS_SERVER=39615, STANDALONE=46429], networkLocation: /default-rack, certSerialId: null, persistedOpState: IN_SERVICE, persistedOpStateExpiryEpochSec: 0}592803f5-ace9-49ac-a54f-354c0e5baf2c{ip: 10.1.0.176, host: fv-az451-158.ehxzt5fk3o4e1ahk02omj2f41g.dx.internal.cloudapp.net, ports: [REPLICATION=35645, RATIS=36049, RATIS_ADMIN=36049, RATIS_SERVER=36049, STANDALONE=43037], networkLocation: /default-rack, certSerialId: null, persistedOpState: IN_SERVICE, persistedOpStateExpiryEpochSec: 0}, ReplicationConfig: RATIS/THREE, State:ALLOCATED, leaderId:, CreationTimestamp2022-12-06T16:24:35.526Z[Etc/UTC]].
2022-12-06 16:24:35,528 [RatisPipelineUtilsThread - 0] INFO  pipeline.RatisPipelineProvider (RatisPipelineProvider.java:lambda$create$0(195)) - Sending CreatePipelineCommand for pipeline:PipelineID=47c8ed29-a24a-4c2c-bc83-23a236cf6c1c to datanode:592803f5-ace9-49ac-a54f-354c0e5baf2c
2022-12-06 16:24:35,528 [RatisPipelineUtilsThread - 0] INFO  pipeline.RatisPipelineProvider (RatisPipelineProvider.java:lambda$create$0(195)) - Sending CreatePipelineCommand for pipeline:PipelineID=47c8ed29-a24a-4c2c-bc83-23a236cf6c1c to datanode:fd07e5d7-2dd9-455a-a9b9-9dae4f4be123
2022-12-06 16:24:35,528 [RatisPipelineUtilsThread - 0] INFO  pipeline.RatisPipelineProvider (RatisPipelineProvider.java:lambda$create$0(195)) - Sending CreatePipelineCommand for pipeline:PipelineID=47c8ed29-a24a-4c2c-bc83-23a236cf6c1c to datanode:93471f04-f84a-446a-9dbd-94f45fb64b69
2022-12-06 16:24:35,528 [RatisPipelineUtilsThread - 0] INFO  pipeline.PipelineStateManagerImpl (PipelineStateManagerImpl.java:addPipeline(103)) - Created pipeline Pipeline[ Id: 47c8ed29-a24a-4c2c-bc83-23a236cf6c1c, Nodes: 592803f5-ace9-49ac-a54f-354c0e5baf2c{ip: 10.1.0.176, host: fv-az451-158.ehxzt5fk3o4e1ahk02omj2f41g.dx.internal.cloudapp.net, ports: [REPLICATION=35645, RATIS=36049, RATIS_ADMIN=36049, RATIS_SERVER=36049, STANDALONE=43037], networkLocation: /default-rack, certSerialId: null, persistedOpState: IN_SERVICE, persistedOpStateExpiryEpochSec: 0}fd07e5d7-2dd9-455a-a9b9-9dae4f4be123{ip: 10.1.0.176, host: fv-az451-158.ehxzt5fk3o4e1ahk02omj2f41g.dx.internal.cloudapp.net, ports: [REPLICATION=43535, RATIS=45045, RATIS_ADMIN=45045, RATIS_SERVER=45045, STANDALONE=40309], networkLocation: /default-rack, certSerialId: null, persistedOpState: IN_SERVICE, persistedOpStateExpiryEpochSec: 0}93471f04-f84a-446a-9dbd-94f45fb64b69{ip: 10.1.0.176, host: fv-az451-158.ehxzt5fk3o4e1ahk02omj2f41g.dx.internal.cloudapp.net, ports: [REPLICATION=40949, RATIS=39615, RATIS_ADMIN=39615, RATIS_SERVER=39615, STANDALONE=46429], networkLocation: /default-rack, certSerialId: null, persistedOpState: IN_SERVICE, persistedOpStateExpiryEpochSec: 0}, ReplicationConfig: RATIS/THREE, State:ALLOCATED, leaderId:, CreationTimestamp2022-12-06T16:24:35.528Z[Etc/UTC]].
2022-12-06 16:24:35,529 [RatisPipelineUtilsThread - 0] INFO  pipeline.PipelineManagerImpl (PipelineManagerImpl.java:recordMetricsForPipeline(826)) - Pipeline: PipelineID=47c8ed29-a24a-4c2c-bc83-23a236cf6c1c contains same datanodes as previous pipelines: PipelineID=c5007c7d-689f-453a-a58d-032d02cb740d nodeIds: 592803f5-ace9-49ac-a54f-354c0e5baf2c, fd07e5d7-2dd9-455a-a9b9-9dae4f4be123, 93471f04-f84a-446a-9dbd-94f45fb64b69
2022-12-06 16:24:35,920 [EventQueue-CommandQueueReportForCommandQueueReportHandler] WARN  events.EventQueue (EventQueue.java:fireEvent(216)) - No event handler registered for event TypedEvent{payloadType=DatanodeDetails, name='Datanode_Command_Queue_Updated'}
2022-12-06 16:24:35,956 [IPC Server handler 4 on default port 43931] INFO  net.NetworkTopologyImpl (NetworkTopologyImpl.java:add(112)) - Added a new node: /default-rack/307c9a4a-d135-41f7-b2cf-6e79e9d930c6
2022-12-06 16:24:35,956 [IPC Server handler 4 on default port 43931] INFO  node.SCMNodeManager (SCMNodeManager.java:register(397)) - Registered Data node : 307c9a4a-d135-41f7-b2cf-6e79e9d930c6{ip: 10.1.0.176, host: fv-az451-158.ehxzt5fk3o4e1ahk02omj2f41g.dx.internal.cloudapp.net, ports: [REPLICATION=37879, RATIS=35421, RATIS_ADMIN=35421, RATIS_SERVER=35421, STANDALONE=43209], networkLocation: /default-rack, certSerialId: null, persistedOpState: null, persistedOpStateExpiryEpochSec: 0}
2022-12-06 16:24:35,956 [EventQueue-NewNodeForNewNodeHandler] INFO  pipeline.BackgroundPipelineCreator (BackgroundPipelineCreator.java:notifyEventTriggered(276)) - trigger a one-shot run on RatisPipelineUtilsThread.
2022-12-06 16:24:35,957 [RatisPipelineUtilsThread - 0] INFO  pipeline.RatisPipelineProvider (RatisPipelineProvider.java:lambda$create$0(195)) - Sending CreatePipelineCommand for pipeline:PipelineID=8a6345e5-8e0c-4437-ae90-4cd243c2e417 to datanode:307c9a4a-d135-41f7-b2cf-6e79e9d930c6
2022-12-06 16:24:35,958 [RatisPipelineUtilsThread - 0] INFO  pipeline.PipelineStateManagerImpl (PipelineStateManagerImpl.java:addPipeline(103)) - Created pipeline Pipeline[ Id: 8a6345e5-8e0c-4437-ae90-4cd243c2e417, Nodes: 307c9a4a-d135-41f7-b2cf-6e79e9d930c6{ip: 10.1.0.176, host: fv-az451-158.ehxzt5fk3o4e1ahk02omj2f41g.dx.internal.cloudapp.net, ports: [REPLICATION=37879, RATIS=35421, RATIS_ADMIN=35421, RATIS_SERVER=35421, STANDALONE=43209], networkLocation: /default-rack, certSerialId: null, persistedOpState: IN_SERVICE, persistedOpStateExpiryEpochSec: 0}, ReplicationConfig: RATIS/ONE, State:ALLOCATED, leaderId:, CreationTimestamp2022-12-06T16:24:35.957Z[Etc/UTC]].
2022-12-06 16:24:36,083 [Listener at 127.0.0.1/39139] INFO  ozone.MiniOzoneClusterImpl (MiniOzoneClusterImpl.java:lambda$waitForClusterToBeReady$0(216)) - Waiting for nodes to be ready. Got 7 of 10 DN Heartbeats.
2022-12-06 16:24:36,083 [Listener at 127.0.0.1/39139] INFO  ozone.MiniOzoneClusterImpl (MiniOzoneClusterImpl.java:lambda$waitForClusterToBeReady$0(219)) - Waiting for cluster to exit safe mode
2022-12-06 16:24:36,083 [Listener at 127.0.0.1/39139] INFO  ozone.MiniOzoneClusterImpl (MiniOzoneClusterImpl.java:lambda$waitForClusterToBeReady$0(221)) - SCM became leader
2022-12-06 16:24:36,305 [IPC Server handler 1 on default port 43931] INFO  net.NetworkTopologyImpl (NetworkTopologyImpl.java:add(112)) - Added a new node: /default-rack/6a413ed4-87ae-4509-b51d-2f5d21600f9c
2022-12-06 16:24:36,308 [IPC Server handler 1 on default port 43931] INFO  node.SCMNodeManager (SCMNodeManager.java:register(397)) - Registered Data node : 6a413ed4-87ae-4509-b51d-2f5d21600f9c{ip: 10.1.0.176, host: fv-az451-158.ehxzt5fk3o4e1ahk02omj2f41g.dx.internal.cloudapp.net, ports: [REPLICATION=37211, RATIS=45621, RATIS_ADMIN=45621, RATIS_SERVER=45621, STANDALONE=41119], networkLocation: /default-rack, certSerialId: null, persistedOpState: null, persistedOpStateExpiryEpochSec: 0}
2022-12-06 16:24:36,308 [EventQueue-NewNodeForNewNodeHandler] INFO  pipeline.BackgroundPipelineCreator (BackgroundPipelineCreator.java:notifyEventTriggered(276)) - trigger a one-shot run on RatisPipelineUtilsThread.
2022-12-06 16:24:36,309 [RatisPipelineUtilsThread - 0] INFO  pipeline.RatisPipelineProvider (RatisPipelineProvider.java:lambda$create$0(195)) - Sending CreatePipelineCommand for pipeline:PipelineID=7e3e029e-8cbc-45a3-a700-84f592c88491 to datanode:6a413ed4-87ae-4509-b51d-2f5d21600f9c
2022-12-06 16:24:36,310 [RatisPipelineUtilsThread - 0] INFO  pipeline.PipelineStateManagerImpl (PipelineStateManagerImpl.java:addPipeline(103)) - Created pipeline Pipeline[ Id: 7e3e029e-8cbc-45a3-a700-84f592c88491, Nodes: 6a413ed4-87ae-4509-b51d-2f5d21600f9c{ip: 10.1.0.176, host: fv-az451-158.ehxzt5fk3o4e1ahk02omj2f41g.dx.internal.cloudapp.net, ports: [REPLICATION=37211, RATIS=45621, RATIS_ADMIN=45621, RATIS_SERVER=45621, STANDALONE=41119], networkLocation: /default-rack, certSerialId: null, persistedOpState: IN_SERVICE, persistedOpStateExpiryEpochSec: 0}, ReplicationConfig: RATIS/ONE, State:ALLOCATED, leaderId:, CreationTimestamp2022-12-06T16:24:36.309Z[Etc/UTC]].
2022-12-06 16:24:36,367 [EventQueue-CommandQueueReportForCommandQueueReportHandler] WARN  events.EventQueue (EventQueue.java:fireEvent(216)) - No event handler registered for event TypedEvent{payloadType=DatanodeDetails, name='Datanode_Command_Queue_Updated'}
2022-12-06 16:24:36,384 [EventQueue-CommandQueueReportForCommandQueueReportHandler] WARN  events.EventQueue (EventQueue.java:fireEvent(216)) - No event handler registered for event TypedEvent{payloadType=DatanodeDetails, name='Datanode_Command_Queue_Updated'}
2022-12-06 16:24:36,412 [Command processor thread] INFO  server.RaftServer (RaftServerProxy.java:addNew(96)) - 18a879af-de93-4167-9a98-f5b552aa8b4b: addNew group-2D59408575FD:[18a879af-de93-4167-9a98-f5b552aa8b4b|rpc:10.1.0.176:33349|priority:1|startupRole:FOLLOWER] returns group-2D59408575FD:java.util.concurrent.CompletableFuture@5b0d3378[Not completed]
2022-12-06 16:24:36,422 [pool-71-thread-1] INFO  server.RaftServer$Division (RaftServerImpl.java:<init>(195)) - 18a879af-de93-4167-9a98-f5b552aa8b4b: new RaftServerImpl for group-2D59408575FD:[18a879af-de93-4167-9a98-f5b552aa8b4b|rpc:10.1.0.176:33349|priority:1|startupRole:FOLLOWER] with ContainerStateMachine:uninitialized
2022-12-06 16:24:36,422 [pool-71-thread-1] INFO  server.RaftServerConfigKeys (ConfUtils.java:logGet(46)) - raft.server.rpc.timeout.min = 5s (custom)
2022-12-06 16:24:36,422 [pool-71-thread-1] INFO  server.RaftServerConfigKeys (ConfUtils.java:logGet(46)) - raft.server.rpc.timeout.max = 5200ms (custom)
2022-12-06 16:24:36,422 [pool-71-thread-1] INFO  server.RaftServerConfigKeys (ConfUtils.java:logGet(46)) - raft.server.rpc.sleep.time = 25ms (default)
2022-12-06 16:24:36,422 [pool-71-thread-1] INFO  server.RaftServerConfigKeys (ConfUtils.java:logGet(46)) - raft.server.rpc.slowness.timeout = 300s (custom)
2022-12-06 16:24:36,422 [pool-71-thread-1] INFO  server.RaftServerConfigKeys (ConfUtils.java:logGet(46)) - raft.server.leaderelection.leader.step-down.wait-time = 10s (default)
2022-12-06 16:24:36,422 [pool-71-thread-1] INFO  server.RaftServerConfigKeys (ConfUtils.java:logGet(46)) - raft.server.sleep.deviation.threshold = 300ms (default)
2022-12-06 16:24:36,422 [pool-71-thread-1] INFO  server.RaftServer$Division (ServerState.java:<init>(118)) - 18a879af-de93-4167-9a98-f5b552aa8b4b@group-2D59408575FD: ConfigurationManager, init=-1: peers:[18a879af-de93-4167-9a98-f5b552aa8b4b|rpc:10.1.0.176:33349|priority:1|startupRole:FOLLOWER]|listeners:[], old=null, confs=<EMPTY_MAP>
2022-12-06 16:24:36,423 [pool-71-thread-1] INFO  server.RaftServerConfigKeys (ConfUtils.java:logGet(46)) - raft.server.storage.dir = [/home/runner/work/ozone/ozone/hadoop-ozone/integration-test/target/test-dir/MiniOzoneClusterImpl-ff76fcda-2f7b-42b7-aafc-07b3f4cbd752/datanode-0/data/ratis] (custom)
2022-12-06 16:24:36,423 [pool-71-thread-1] INFO  server.RaftServerConfigKeys (ConfUtils.java:logGet(46)) - raft.server.log.corruption.policy = EXCEPTION (default)
2022-12-06 16:24:36,423 [pool-71-thread-1] INFO  server.RaftServerConfigKeys (ConfUtils.java:logGet(46)) - raft.server.storage.free-space.min = 0MB (=0) (default)
2022-12-06 16:24:36,423 [pool-71-thread-1] INFO  server.RaftServerConfigKeys (ConfUtils.java:logGet(46)) - raft.server.notification.no-leader.timeout = 300s (custom)
2022-12-06 16:24:36,423 [pool-71-thread-1] INFO  server.RaftServerConfigKeys (ConfUtils.java:logGet(46)) - raft.server.retrycache.expirytime = 600000ms (custom)
2022-12-06 16:24:36,423 [pool-71-thread-1] INFO  server.RaftServerConfigKeys (ConfUtils.java:logGet(46)) - raft.server.retrycache.statistics.expirytime = 100μs (default)
2022-12-06 16:24:36,426 [pool-71-thread-1] INFO  server.RaftServerConfigKeys (ConfUtils.java:logGet(46)) - raft.server.log.appender.install.snapshot.enabled = false (custom)
2022-12-06 16:24:36,427 [pool-71-thread-1] INFO  server.RaftServerConfigKeys (ConfUtils.java:logGet(46)) - raft.server.threadpool.server.cached = true (default)
2022-12-06 16:24:36,427 [pool-71-thread-1] INFO  server.RaftServerConfigKeys (ConfUtils.java:logGet(46)) - raft.server.threadpool.server.size = 0 (default)
2022-12-06 16:24:36,427 [pool-71-thread-1] INFO  server.RaftServerConfigKeys (ConfUtils.java:logGet(46)) - raft.server.threadpool.client.cached = true (default)
2022-12-06 16:24:36,427 [pool-71-thread-1] INFO  server.RaftServerConfigKeys (ConfUtils.java:logGet(46)) - raft.server.threadpool.client.size = 0 (default)
2022-12-06 16:24:36,427 [pool-71-thread-1] INFO  storage.RaftStorageDirectory (RaftStorageDirectoryImpl.java:analyzeStorage(137)) - The storage directory /home/runner/work/ozone/ozone/hadoop-ozone/integration-test/target/test-dir/MiniOzoneClusterImpl-ff76fcda-2f7b-42b7-aafc-07b3f4cbd752/datanode-0/data/ratis/fe5e38d5-b2e3-4889-8736-2d59408575fd does not exist. Creating ...
2022-12-06 16:24:36,430 [pool-71-thread-1] INFO  storage.RaftStorageDirectory (RaftStorageDirectoryImpl.java:tryLock(231)) - Lock on /home/runner/work/ozone/ozone/hadoop-ozone/integration-test/target/test-dir/MiniOzoneClusterImpl-ff76fcda-2f7b-42b7-aafc-07b3f4cbd752/datanode-0/data/ratis/fe5e38d5-b2e3-4889-8736-2d59408575fd/in_use.lock acquired by nodename 47636@fv-az451-158
2022-12-06 16:24:36,431 [pool-71-thread-1] INFO  storage.RaftStorage (RaftStorageImpl.java:format(96)) - Storage directory /home/runner/work/ozone/ozone/hadoop-ozone/integration-test/target/test-dir/MiniOzoneClusterImpl-ff76fcda-2f7b-42b7-aafc-07b3f4cbd752/datanode-0/data/ratis/fe5e38d5-b2e3-4889-8736-2d59408575fd has been successfully formatted.
2022-12-06 16:24:36,435 [pool-71-thread-1] INFO  ratis.ContainerStateMachine (ContainerStateMachine.java:loadSnapshot(236)) - group-2D59408575FD: The snapshot info is null. Setting the last applied indexto:(t:0, i:~)
2022-12-06 16:24:36,435 [pool-71-thread-1] INFO  server.RaftServerConfigKeys (ConfUtils.java:logGet(46)) - raft.server.log.use.memory = false (default)
2022-12-06 16:24:36,435 [pool-71-thread-1] INFO  server.RaftServerConfigKeys (ConfUtils.java:logGet(46)) - raft.server.log.purge.gap = 1000000 (custom)
2022-12-06 16:24:36,435 [pool-71-thread-1] INFO  server.RaftServerConfigKeys (ConfUtils.java:logGet(46)) - raft.server.log.appender.buffer.byte-limit = 33554432 (custom)
2022-12-06 16:24:36,435 [pool-71-thread-1] INFO  server.RaftServerConfigKeys (ConfUtils.java:logGet(46)) - raft.server.log.statemachine.data.read.timeout = 1000ms (default)
2022-12-06 16:24:36,435 [pool-71-thread-1] INFO  server.RaftServerConfigKeys (ConfUtils.java:logGet(46)) - raft.server.log.purge.preservation.log.num = 0 (default)
2022-12-06 16:24:36,436 [pool-71-thread-1] INFO  server.RaftServerConfigKeys (ConfUtils.java:logGet(46)) - raft.server.log.segment.size.max = 1048576 (custom)
2022-12-06 16:24:36,437 [pool-71-thread-1] INFO  server.RaftServerConfigKeys (ConfUtils.java:logGet(46)) - raft.server.log.segment.cache.num.max = 2 (custom)
2022-12-06 16:24:36,437 [pool-71-thread-1] INFO  server.RaftServerConfigKeys (ConfUtils.java:logGet(46)) - raft.server.log.segment.cache.size.max = 200MB (=209715200) (default)
2022-12-06 16:24:36,437 [pool-71-thread-1] INFO  segmented.SegmentedRaftLogWorker (SegmentedRaftLogWorker.java:<init>(189)) - new 18a879af-de93-4167-9a98-f5b552aa8b4b@group-2D59408575FD-SegmentedRaftLogWorker for RaftStorageImpl:Storage Directory /home/runner/work/ozone/ozone/hadoop-ozone/integration-test/target/test-dir/MiniOzoneClusterImpl-ff76fcda-2f7b-42b7-aafc-07b3f4cbd752/datanode-0/data/ratis/fe5e38d5-b2e3-4889-8736-2d59408575fd
2022-12-06 16:24:36,437 [pool-71-thread-1] INFO  server.RaftServerConfigKeys (ConfUtils.java:logGet(46)) - raft.server.log.queue.byte-limit = 4294967296 (custom)
2022-12-06 16:24:36,437 [pool-71-thread-1] INFO  server.RaftServerConfigKeys (ConfUtils.java:logGet(46)) - raft.server.log.queue.element-limit = 1024 (custom)
2022-12-06 16:24:36,437 [pool-71-thread-1] INFO  server.RaftServerConfigKeys (ConfUtils.java:logGet(46)) - raft.server.log.segment.size.max = 1048576 (custom)
2022-12-06 16:24:36,437 [pool-71-thread-1] INFO  server.RaftServerConfigKeys (ConfUtils.java:logGet(46)) - raft.server.log.preallocated.size = 16384 (custom)
2022-12-06 16:24:36,437 [pool-71-thread-1] INFO  server.RaftServerConfigKeys (ConfUtils.java:logGet(46)) - raft.server.log.force.sync.num = 128 (default)
2022-12-06 16:24:36,437 [pool-71-thread-1] INFO  server.RaftServerConfigKeys (ConfUtils.java:logGet(46)) - raft.server.log.statemachine.data.sync = true (default)
2022-12-06 16:24:36,437 [pool-71-thread-1] INFO  server.RaftServerConfigKeys (ConfUtils.java:logGet(46)) - raft.server.log.statemachine.data.sync.timeout = 10s (default)
2022-12-06 16:24:36,437 [pool-71-thread-1] INFO  server.RaftServerConfigKeys (ConfUtils.java:logGet(46)) - raft.server.log.statemachine.data.sync.timeout.retry = -1 (default)
2022-12-06 16:24:36,439 [EventQueue-CommandQueueReportForCommandQueueReportHandler] WARN  events.EventQueue (EventQueue.java:fireEvent(216)) - No event handler registered for event TypedEvent{payloadType=DatanodeDetails, name='Datanode_Command_Queue_Updated'}
2022-12-06 16:24:36,440 [EventQueue-PipelineReportForPipelineReportHandler] INFO  pipeline.PipelineManagerImpl (PipelineManagerImpl.java:openPipeline(367)) - Pipeline Pipeline[ Id: fe5e38d5-b2e3-4889-8736-2d59408575fd, Nodes: 18a879af-de93-4167-9a98-f5b552aa8b4b{ip: 10.1.0.176, host: fv-az451-158.ehxzt5fk3o4e1ahk02omj2f41g.dx.internal.cloudapp.net, ports: [REPLICATION=33057, RATIS=33349, RATIS_ADMIN=33349, RATIS_SERVER=33349, STANDALONE=34989], networkLocation: /default-rack, certSerialId: null, persistedOpState: IN_SERVICE, persistedOpStateExpiryEpochSec: 0}, ReplicationConfig: RATIS/ONE, State:ALLOCATED, leaderId:18a879af-de93-4167-9a98-f5b552aa8b4b, CreationTimestamp2022-12-06T16:24:33.423Z[Etc/UTC]] moved to OPEN state
2022-12-06 16:24:36,444 [pool-71-thread-1] INFO  server.RaftServerConfigKeys (ConfUtils.java:logGet(46)) - raft.server.log.write.buffer.size = 1048576 (custom)
2022-12-06 16:24:36,444 [pool-71-thread-1] INFO  server.RaftServerConfigKeys (ConfUtils.java:logGet(46)) - raft.server.log.appender.buffer.byte-limit = 33554432 (custom)
2022-12-06 16:24:36,446 [EventQueue-OpenPipelineForHealthyPipelineSafeModeRule] INFO  safemode.SCMSafeModeManager (HealthyPipelineSafeModeRule.java:process(137)) - SCM in safe mode. Healthy pipelines reported count is 0, required healthy pipeline reported count is 1
2022-12-06 16:24:36,450 [pool-71-thread-1] INFO  server.RaftServerConfigKeys (ConfUtils.java:logGet(46)) - raft.server.log.unsafe-flush.enabled = false (default)
2022-12-06 16:24:36,450 [pool-71-thread-1] INFO  server.RaftServerConfigKeys (ConfUtils.java:logGet(46)) - raft.server.log.async-flush.enabled = false (default)
2022-12-06 16:24:36,450 [pool-71-thread-1] INFO  server.RaftServerConfigKeys (ConfUtils.java:logGet(46)) - raft.server.log.statemachine.data.caching.enabled = true (custom)
2022-12-06 16:24:36,451 [pool-71-thread-1] INFO  segmented.SegmentedRaftLogWorker (SegmentedRaftLogWorker.java:lambda$new$0(135)) - 18a879af-de93-4167-9a98-f5b552aa8b4b@group-2D59408575FD-SegmentedRaftLogWorker: flushIndex: setUnconditionally 0 -> -1
2022-12-06 16:24:36,451 [pool-71-thread-1] INFO  segmented.SegmentedRaftLogWorker (SegmentedRaftLogWorker.java:lambda$new$0(135)) - 18a879af-de93-4167-9a98-f5b552aa8b4b@group-2D59408575FD-SegmentedRaftLogWorker: safeCacheEvictIndex: setUnconditionally 0 -> -1
2022-12-06 16:24:36,451 [pool-71-thread-1] INFO  server.RaftServer$Division (RaftServerImpl.java:start(334)) - 18a879af-de93-4167-9a98-f5b552aa8b4b@group-2D59408575FD: start as a follower, conf=-1: peers:[18a879af-de93-4167-9a98-f5b552aa8b4b|rpc:10.1.0.176:33349|priority:1|startupRole:FOLLOWER]|listeners:[], old=null
2022-12-06 16:24:36,451 [pool-71-thread-1] INFO  server.RaftServer$Division (RaftServerImpl.java:setRole(321)) - 18a879af-de93-4167-9a98-f5b552aa8b4b@group-2D59408575FD: changes role from      null to FOLLOWER at term 0 for startAsFollower
2022-12-06 16:24:36,451 [pool-71-thread-1] INFO  impl.RoleInfo (RoleInfo.java:updateAndGet(139)) - 18a879af-de93-4167-9a98-f5b552aa8b4b: start 18a879af-de93-4167-9a98-f5b552aa8b4b@group-2D59408575FD-FollowerState
2022-12-06 16:24:36,454 [pool-71-thread-1] INFO  util.JmxRegister (JmxRegister.java:tryRegister(44)) - Successfully registered JMX Bean with object name Ratis:service=RaftServer,group=group-2D59408575FD,id=18a879af-de93-4167-9a98-f5b552aa8b4b
2022-12-06 16:24:36,457 [pool-71-thread-1] INFO  server.RaftServerConfigKeys (ConfUtils.java:logGet(46)) - raft.server.snapshot.auto.trigger.enabled = true (custom)
2022-12-06 16:24:36,457 [pool-71-thread-1] INFO  server.RaftServerConfigKeys (ConfUtils.java:logGet(46)) - raft.server.snapshot.auto.trigger.threshold = 10000 (custom)
2022-12-06 16:24:36,457 [pool-71-thread-1] INFO  server.RaftServerConfigKeys (ConfUtils.java:logGet(46)) - raft.server.snapshot.retention.file.num = 5 (custom)
2022-12-06 16:24:36,457 [pool-71-thread-1] INFO  server.RaftServerConfigKeys (ConfUtils.java:logGet(46)) - raft.server.log.purge.upto.snapshot.index = false (default)
2022-12-06 16:24:36,461 [18a879af-de93-4167-9a98-f5b552aa8b4b@group-2D59408575FD-FollowerState] INFO  server.RaftServerConfigKeys (ConfUtils.java:logFallback(53)) - raft.server.rpc.first-election.timeout.min = 5s (fallback to raft.server.rpc.timeout.min)
2022-12-06 16:24:36,461 [18a879af-de93-4167-9a98-f5b552aa8b4b@group-2D59408575FD-FollowerState] INFO  server.RaftServerConfigKeys (ConfUtils.java:logFallback(53)) - raft.server.rpc.first-election.timeout.max = 5200ms (fallback to raft.server.rpc.timeout.max)
2022-12-06 16:24:36,466 [Command processor thread] INFO  ratis.XceiverServerRatis (XceiverServerRatis.java:addGroup(765)) - Created group PipelineID=fe5e38d5-b2e3-4889-8736-2d59408575fd
2022-12-06 16:24:36,467 [Command processor thread] INFO  commandhandler.CreatePipelineCommandHandler (CreatePipelineCommandHandler.java:handle(113)) - Created Pipeline RATIS ONE PipelineID=fe5e38d5-b2e3-4889-8736-2d59408575fd.
2022-12-06 16:24:36,467 [Command processor thread] INFO  server.RaftServer (RaftServerProxy.java:addNew(96)) - 18a879af-de93-4167-9a98-f5b552aa8b4b: addNew group-C860D8A7810C:[18a879af-de93-4167-9a98-f5b552aa8b4b|rpc:10.1.0.176:33349|priority:0|startupRole:FOLLOWER, f48f5eaa-c865-41e1-958d-4d574a609fc9|rpc:10.1.0.176:45201|priority:0|startupRole:FOLLOWER, a57ee2ea-c69c-41b1-9f64-f7c5b74e8646|rpc:10.1.0.176:37641|priority:1|startupRole:FOLLOWER] returns group-C860D8A7810C:java.util.concurrent.CompletableFuture@2953a1e1[Not completed]
2022-12-06 16:24:36,472 [pool-71-thread-1] INFO  server.RaftServer$Division (RaftServerImpl.java:<init>(195)) - 18a879af-de93-4167-9a98-f5b552aa8b4b: new RaftServerImpl for group-C860D8A7810C:[18a879af-de93-4167-9a98-f5b552aa8b4b|rpc:10.1.0.176:33349|priority:0|startupRole:FOLLOWER, f48f5eaa-c865-41e1-958d-4d574a609fc9|rpc:10.1.0.176:45201|priority:0|startupRole:FOLLOWER, a57ee2ea-c69c-41b1-9f64-f7c5b74e8646|rpc:10.1.0.176:37641|priority:1|startupRole:FOLLOWER] with ContainerStateMachine:uninitialized
2022-12-06 16:24:36,473 [pool-71-thread-1] INFO  server.RaftServerConfigKeys (ConfUtils.java:logGet(46)) - raft.server.rpc.timeout.min = 5s (custom)
2022-12-06 16:24:36,473 [pool-71-thread-1] INFO  server.RaftServerConfigKeys (ConfUtils.java:logGet(46)) - raft.server.rpc.timeout.max = 5200ms (custom)
2022-12-06 16:24:36,473 [pool-71-thread-1] INFO  server.RaftServerConfigKeys (ConfUtils.java:logGet(46)) - raft.server.rpc.sleep.time = 25ms (default)
2022-12-06 16:24:36,473 [pool-71-thread-1] INFO  server.RaftServerConfigKeys (ConfUtils.java:logGet(46)) - raft.server.rpc.slowness.timeout = 300s (custom)
2022-12-06 16:24:36,473 [pool-71-thread-1] INFO  server.RaftServerConfigKeys (ConfUtils.java:logGet(46)) - raft.server.leaderelection.leader.step-down.wait-time = 10s (default)
2022-12-06 16:24:36,473 [pool-71-thread-1] INFO  server.RaftServerConfigKeys (ConfUtils.java:logGet(46)) - raft.server.sleep.deviation.threshold = 300ms (default)
2022-12-06 16:24:36,473 [pool-71-thread-1] INFO  server.RaftServer$Division (ServerState.java:<init>(118)) - 18a879af-de93-4167-9a98-f5b552aa8b4b@group-C860D8A7810C: ConfigurationManager, init=-1: peers:[18a879af-de93-4167-9a98-f5b552aa8b4b|rpc:10.1.0.176:33349|priority:0|startupRole:FOLLOWER, f48f5eaa-c865-41e1-958d-4d574a609fc9|rpc:10.1.0.176:45201|priority:0|startupRole:FOLLOWER, a57ee2ea-c69c-41b1-9f64-f7c5b74e8646|rpc:10.1.0.176:37641|priority:1|startupRole:FOLLOWER]|listeners:[], old=null, confs=<EMPTY_MAP>
2022-12-06 16:24:36,473 [pool-71-thread-1] INFO  server.RaftServerConfigKeys (ConfUtils.java:logGet(46)) - raft.server.storage.dir = [/home/runner/work/ozone/ozone/hadoop-ozone/integration-test/target/test-dir/MiniOzoneClusterImpl-ff76fcda-2f7b-42b7-aafc-07b3f4cbd752/datanode-0/data/ratis] (custom)
2022-12-06 16:24:36,473 [pool-71-thread-1] INFO  server.RaftServerConfigKeys (ConfUtils.java:logGet(46)) - raft.server.log.corruption.policy = EXCEPTION (default)
2022-12-06 16:24:36,473 [pool-71-thread-1] INFO  server.RaftServerConfigKeys (ConfUtils.java:logGet(46)) - raft.server.storage.free-space.min = 0MB (=0) (default)
2022-12-06 16:24:36,473 [pool-71-thread-1] INFO  server.RaftServerConfigKeys (ConfUtils.java:logGet(46)) - raft.server.notification.no-leader.timeout = 300s (custom)
2022-12-06 16:24:36,474 [pool-71-thread-1] INFO  server.RaftServerConfigKeys (ConfUtils.java:logGet(46)) - raft.server.retrycache.expirytime = 600000ms (custom)
2022-12-06 16:24:36,474 [pool-71-thread-1] INFO  server.RaftServerConfigKeys (ConfUtils.java:logGet(46)) - raft.server.retrycache.statistics.expirytime = 100μs (default)
2022-12-06 16:24:36,484 [pool-71-thread-1] INFO  server.RaftServerConfigKeys (ConfUtils.java:logGet(46)) - raft.server.log.appender.install.snapshot.enabled = false (custom)
2022-12-06 16:24:36,484 [pool-71-thread-1] INFO  server.RaftServerConfigKeys (ConfUtils.java:logGet(46)) - raft.server.threadpool.server.cached = true (default)
2022-12-06 16:24:36,484 [pool-71-thread-1] INFO  server.RaftServerConfigKeys (ConfUtils.java:logGet(46)) - raft.server.threadpool.server.size = 0 (default)
2022-12-06 16:24:36,484 [pool-71-thread-1] INFO  server.RaftServerConfigKeys (ConfUtils.java:logGet(46)) - raft.server.threadpool.client.cached = true (default)
2022-12-06 16:24:36,485 [pool-71-thread-1] INFO  server.RaftServerConfigKeys (ConfUtils.java:logGet(46)) - raft.server.threadpool.client.size = 0 (default)
2022-12-06 16:24:36,485 [pool-71-thread-1] INFO  storage.RaftStorageDirectory (RaftStorageDirectoryImpl.java:analyzeStorage(137)) - The storage directory /home/runner/work/ozone/ozone/hadoop-ozone/integration-test/target/test-dir/MiniOzoneClusterImpl-ff76fcda-2f7b-42b7-aafc-07b3f4cbd752/datanode-0/data/ratis/9267bd50-ce6f-4122-aab6-c860d8a7810c does not exist. Creating ...
2022-12-06 16:24:36,487 [pool-71-thread-1] INFO  storage.RaftStorageDirectory (RaftStorageDirectoryImpl.java:tryLock(231)) - Lock on /home/runner/work/ozone/ozone/hadoop-ozone/integration-test/target/test-dir/MiniOzoneClusterImpl-ff76fcda-2f7b-42b7-aafc-07b3f4cbd752/datanode-0/data/ratis/9267bd50-ce6f-4122-aab6-c860d8a7810c/in_use.lock acquired by nodename 47636@fv-az451-158
2022-12-06 16:24:36,489 [pool-71-thread-1] INFO  storage.RaftStorage (RaftStorageImpl.java:format(96)) - Storage directory /home/runner/work/ozone/ozone/hadoop-ozone/integration-test/target/test-dir/MiniOzoneClusterImpl-ff76fcda-2f7b-42b7-aafc-07b3f4cbd752/datanode-0/data/ratis/9267bd50-ce6f-4122-aab6-c860d8a7810c has been successfully formatted.
2022-12-06 16:24:36,491 [pool-71-thread-1] INFO  ratis.ContainerStateMachine (ContainerStateMachine.java:loadSnapshot(236)) - group-C860D8A7810C: The snapshot info is null. Setting the last applied indexto:(t:0, i:~)
2022-12-06 16:24:36,492 [EventQueue-OpenPipelineForHealthyPipelineSafeModeRule] INFO  safemode.SCMSafeModeManager (HealthyPipelineSafeModeRule.java:process(137)) - SCM in safe mode. Healthy pipelines reported count is 0, required healthy pipeline reported count is 1
2022-12-06 16:24:36,492 [EventQueue-CommandQueueReportForCommandQueueReportHandler] WARN  events.EventQueue (EventQueue.java:fireEvent(216)) - No event handler registered for event TypedEvent{payloadType=DatanodeDetails, name='Datanode_Command_Queue_Updated'}
2022-12-06 16:24:36,494 [pool-71-thread-1] INFO  server.RaftServerConfigKeys (ConfUtils.java:logGet(46)) - raft.server.log.use.memory = false (default)
2022-12-06 16:24:36,495 [pool-71-thread-1] INFO  server.RaftServerConfigKeys (ConfUtils.java:logGet(46)) - raft.server.log.purge.gap = 1000000 (custom)
2022-12-06 16:24:36,495 [pool-71-thread-1] INFO  server.RaftServerConfigKeys (ConfUtils.java:logGet(46)) - raft.server.log.appender.buffer.byte-limit = 33554432 (custom)
2022-12-06 16:24:36,495 [pool-71-thread-1] INFO  server.RaftServerConfigKeys (ConfUtils.java:logGet(46)) - raft.server.log.statemachine.data.read.timeout = 1000ms (default)
2022-12-06 16:24:36,495 [pool-71-thread-1] INFO  server.RaftServerConfigKeys (ConfUtils.java:logGet(46)) - raft.server.log.purge.preservation.log.num = 0 (default)
2022-12-06 16:24:36,495 [pool-71-thread-1] INFO  server.RaftServerConfigKeys (ConfUtils.java:logGet(46)) - raft.server.log.segment.size.max = 1048576 (custom)
2022-12-06 16:24:36,496 [pool-71-thread-1] INFO  server.RaftServerConfigKeys (ConfUtils.java:logGet(46)) - raft.server.log.segment.cache.num.max = 2 (custom)
2022-12-06 16:24:36,496 [pool-71-thread-1] INFO  server.RaftServerConfigKeys (ConfUtils.java:logGet(46)) - raft.server.log.segment.cache.size.max = 200MB (=209715200) (default)
2022-12-06 16:24:36,496 [pool-71-thread-1] INFO  segmented.SegmentedRaftLogWorker (SegmentedRaftLogWorker.java:<init>(189)) - new 18a879af-de93-4167-9a98-f5b552aa8b4b@group-C860D8A7810C-SegmentedRaftLogWorker for RaftStorageImpl:Storage Directory /home/runner/work/ozone/ozone/hadoop-ozone/integration-test/target/test-dir/MiniOzoneClusterImpl-ff76fcda-2f7b-42b7-aafc-07b3f4cbd752/datanode-0/data/ratis/9267bd50-ce6f-4122-aab6-c860d8a7810c
2022-12-06 16:24:36,496 [pool-71-thread-1] INFO  server.RaftServerConfigKeys (ConfUtils.java:logGet(46)) - raft.server.log.queue.byte-limit = 4294967296 (custom)
2022-12-06 16:24:36,496 [pool-71-thread-1] INFO  server.RaftServerConfigKeys (ConfUtils.java:logGet(46)) - raft.server.log.queue.element-limit = 1024 (custom)
2022-12-06 16:24:36,496 [pool-71-thread-1] INFO  server.RaftServerConfigKeys (ConfUtils.java:logGet(46)) - raft.server.log.segment.size.max = 1048576 (custom)
2022-12-06 16:24:36,496 [pool-71-thread-1] INFO  server.RaftServerConfigKeys (ConfUtils.java:logGet(46)) - raft.server.log.preallocated.size = 16384 (custom)
2022-12-06 16:24:36,496 [pool-71-thread-1] INFO  server.RaftServerConfigKeys (ConfUtils.java:logGet(46)) - raft.server.log.force.sync.num = 128 (default)
2022-12-06 16:24:36,496 [pool-71-thread-1] INFO  server.RaftServerConfigKeys (ConfUtils.java:logGet(46)) - raft.server.log.statemachine.data.sync = true (default)
2022-12-06 16:24:36,496 [pool-71-thread-1] INFO  server.RaftServerConfigKeys (ConfUtils.java:logGet(46)) - raft.server.log.statemachine.data.sync.timeout = 10s (default)
2022-12-06 16:24:36,496 [pool-71-thread-1] INFO  server.RaftServerConfigKeys (ConfUtils.java:logGet(46)) - raft.server.log.statemachine.data.sync.timeout.retry = -1 (default)
2022-12-06 16:24:36,499 [pool-71-thread-1] INFO  server.RaftServerConfigKeys (ConfUtils.java:logGet(46)) - raft.server.log.write.buffer.size = 1048576 (custom)
2022-12-06 16:24:36,500 [pool-71-thread-1] INFO  server.RaftServerConfigKeys (ConfUtils.java:logGet(46)) - raft.server.log.appender.buffer.byte-limit = 33554432 (custom)
2022-12-06 16:24:36,508 [pool-71-thread-1] INFO  server.RaftServerConfigKeys (ConfUtils.java:logGet(46)) - raft.server.log.unsafe-flush.enabled = false (default)
2022-12-06 16:24:36,508 [pool-71-thread-1] INFO  server.RaftServerConfigKeys (ConfUtils.java:logGet(46)) - raft.server.log.async-flush.enabled = false (default)
2022-12-06 16:24:36,509 [pool-71-thread-1] INFO  server.RaftServerConfigKeys (ConfUtils.java:logGet(46)) - raft.server.log.statemachine.data.caching.enabled = true (custom)
2022-12-06 16:24:36,509 [pool-71-thread-1] INFO  segmented.SegmentedRaftLogWorker (SegmentedRaftLogWorker.java:lambda$new$0(135)) - 18a879af-de93-4167-9a98-f5b552aa8b4b@group-C860D8A7810C-SegmentedRaftLogWorker: flushIndex: setUnconditionally 0 -> -1
2022-12-06 16:24:36,510 [pool-71-thread-1] INFO  segmented.SegmentedRaftLogWorker (SegmentedRaftLogWorker.java:lambda$new$0(135)) - 18a879af-de93-4167-9a98-f5b552aa8b4b@group-C860D8A7810C-SegmentedRaftLogWorker: safeCacheEvictIndex: setUnconditionally 0 -> -1
2022-12-06 16:24:36,510 [pool-71-thread-1] INFO  server.RaftServer$Division (RaftServerImpl.java:start(334)) - 18a879af-de93-4167-9a98-f5b552aa8b4b@group-C860D8A7810C: start as a follower, conf=-1: peers:[18a879af-de93-4167-9a98-f5b552aa8b4b|rpc:10.1.0.176:33349|priority:0|startupRole:FOLLOWER, f48f5eaa-c865-41e1-958d-4d574a609fc9|rpc:10.1.0.176:45201|priority:0|startupRole:FOLLOWER, a57ee2ea-c69c-41b1-9f64-f7c5b74e8646|rpc:10.1.0.176:37641|priority:1|startupRole:FOLLOWER]|listeners:[], old=null
2022-12-06 16:24:36,510 [pool-71-thread-1] INFO  server.RaftServer$Division (RaftServerImpl.java:setRole(321)) - 18a879af-de93-4167-9a98-f5b552aa8b4b@group-C860D8A7810C: changes role from      null to FOLLOWER at term 0 for startAsFollower
2022-12-06 16:24:36,510 [pool-71-thread-1] INFO  impl.RoleInfo (RoleInfo.java:updateAndGet(139)) - 18a879af-de93-4167-9a98-f5b552aa8b4b: start 18a879af-de93-4167-9a98-f5b552aa8b4b@group-C860D8A7810C-FollowerState
2022-12-06 16:24:36,512 [pool-71-thread-1] INFO  util.JmxRegister (JmxRegister.java:tryRegister(44)) - Successfully registered JMX Bean with object name Ratis:service=RaftServer,group=group-C860D8A7810C,id=18a879af-de93-4167-9a98-f5b552aa8b4b
2022-12-06 16:24:36,512 [18a879af-de93-4167-9a98-f5b552aa8b4b@group-C860D8A7810C-FollowerState] INFO  server.RaftServerConfigKeys (ConfUtils.java:logFallback(53)) - raft.server.rpc.first-election.timeout.min = 5s (fallback to raft.server.rpc.timeout.min)
2022-12-06 16:24:36,512 [pool-71-thread-1] INFO  server.RaftServerConfigKeys (ConfUtils.java:logGet(46)) - raft.server.snapshot.auto.trigger.enabled = true (custom)
2022-12-06 16:24:36,512 [18a879af-de93-4167-9a98-f5b552aa8b4b@group-C860D8A7810C-FollowerState] INFO  server.RaftServerConfigKeys (ConfUtils.java:logFallback(53)) - raft.server.rpc.first-election.timeout.max = 5200ms (fallback to raft.server.rpc.timeout.max)
2022-12-06 16:24:36,512 [pool-71-thread-1] INFO  server.RaftServerConfigKeys (ConfUtils.java:logGet(46)) - raft.server.snapshot.auto.trigger.threshold = 10000 (custom)
2022-12-06 16:24:36,512 [pool-71-thread-1] INFO  server.RaftServerConfigKeys (ConfUtils.java:logGet(46)) - raft.server.snapshot.retention.file.num = 5 (custom)
2022-12-06 16:24:36,512 [pool-71-thread-1] INFO  server.RaftServerConfigKeys (ConfUtils.java:logGet(46)) - raft.server.log.purge.upto.snapshot.index = false (default)
2022-12-06 16:24:36,514 [Command processor thread] INFO  ratis.XceiverServerRatis (XceiverServerRatis.java:addGroup(765)) - Created group PipelineID=9267bd50-ce6f-4122-aab6-c860d8a7810c
2022-12-06 16:24:36,736 [IPC Server handler 5 on default port 43931] INFO  net.NetworkTopologyImpl (NetworkTopologyImpl.java:add(112)) - Added a new node: /default-rack/2fe07876-8610-433e-a055-404555d6ad88
2022-12-06 16:24:36,736 [IPC Server handler 5 on default port 43931] INFO  node.SCMNodeManager (SCMNodeManager.java:register(397)) - Registered Data node : 2fe07876-8610-433e-a055-404555d6ad88{ip: 10.1.0.176, host: fv-az451-158.ehxzt5fk3o4e1ahk02omj2f41g.dx.internal.cloudapp.net, ports: [REPLICATION=38677, RATIS=34239, RATIS_ADMIN=34239, RATIS_SERVER=34239, STANDALONE=45543], networkLocation: /default-rack, certSerialId: null, persistedOpState: null, persistedOpStateExpiryEpochSec: 0}
2022-12-06 16:24:36,737 [EventQueue-NewNodeForNewNodeHandler] INFO  pipeline.BackgroundPipelineCreator (BackgroundPipelineCreator.java:notifyEventTriggered(276)) - trigger a one-shot run on RatisPipelineUtilsThread.
2022-12-06 16:24:36,737 [RatisPipelineUtilsThread - 0] INFO  pipeline.RatisPipelineProvider (RatisPipelineProvider.java:lambda$create$0(195)) - Sending CreatePipelineCommand for pipeline:PipelineID=4aa3a9cd-ed11-4fa5-94f6-a427007bfdcd to datanode:2fe07876-8610-433e-a055-404555d6ad88
2022-12-06 16:24:36,738 [RatisPipelineUtilsThread - 0] INFO  pipeline.PipelineStateManagerImpl (PipelineStateManagerImpl.java:addPipeline(103)) - Created pipeline Pipeline[ Id: 4aa3a9cd-ed11-4fa5-94f6-a427007bfdcd, Nodes: 2fe07876-8610-433e-a055-404555d6ad88{ip: 10.1.0.176, host: fv-az451-158.ehxzt5fk3o4e1ahk02omj2f41g.dx.internal.cloudapp.net, ports: [REPLICATION=38677, RATIS=34239, RATIS_ADMIN=34239, RATIS_SERVER=34239, STANDALONE=45543], networkLocation: /default-rack, certSerialId: null, persistedOpState: IN_SERVICE, persistedOpStateExpiryEpochSec: 0}, ReplicationConfig: RATIS/ONE, State:ALLOCATED, leaderId:, CreationTimestamp2022-12-06T16:24:36.737Z[Etc/UTC]].
2022-12-06 16:24:36,739 [RatisPipelineUtilsThread - 0] INFO  pipeline.RatisPipelineProvider (RatisPipelineProvider.java:lambda$create$0(195)) - Sending CreatePipelineCommand for pipeline:PipelineID=680b4e35-caea-4e8f-9870-2a829352bc53 to datanode:6a413ed4-87ae-4509-b51d-2f5d21600f9c
2022-12-06 16:24:36,739 [RatisPipelineUtilsThread - 0] INFO  pipeline.RatisPipelineProvider (RatisPipelineProvider.java:lambda$create$0(195)) - Sending CreatePipelineCommand for pipeline:PipelineID=680b4e35-caea-4e8f-9870-2a829352bc53 to datanode:2fe07876-8610-433e-a055-404555d6ad88
2022-12-06 16:24:36,740 [RatisPipelineUtilsThread - 0] INFO  pipeline.RatisPipelineProvider (RatisPipelineProvider.java:lambda$create$0(195)) - Sending CreatePipelineCommand for pipeline:PipelineID=680b4e35-caea-4e8f-9870-2a829352bc53 to datanode:307c9a4a-d135-41f7-b2cf-6e79e9d930c6
2022-12-06 16:24:36,740 [RatisPipelineUtilsThread - 0] INFO  pipeline.PipelineStateManagerImpl (PipelineStateManagerImpl.java:addPipeline(103)) - Created pipeline Pipeline[ Id: 680b4e35-caea-4e8f-9870-2a829352bc53, Nodes: 6a413ed4-87ae-4509-b51d-2f5d21600f9c{ip: 10.1.0.176, host: fv-az451-158.ehxzt5fk3o4e1ahk02omj2f41g.dx.internal.cloudapp.net, ports: [REPLICATION=37211, RATIS=45621, RATIS_ADMIN=45621, RATIS_SERVER=45621, STANDALONE=41119], networkLocation: /default-rack, certSerialId: null, persistedOpState: IN_SERVICE, persistedOpStateExpiryEpochSec: 0}2fe07876-8610-433e-a055-404555d6ad88{ip: 10.1.0.176, host: fv-az451-158.ehxzt5fk3o4e1ahk02omj2f41g.dx.internal.cloudapp.net, ports: [REPLICATION=38677, RATIS=34239, RATIS_ADMIN=34239, RATIS_SERVER=34239, STANDALONE=45543], networkLocation: /default-rack, certSerialId: null, persistedOpState: IN_SERVICE, persistedOpStateExpiryEpochSec: 0}307c9a4a-d135-41f7-b2cf-6e79e9d930c6{ip: 10.1.0.176, host: fv-az451-158.ehxzt5fk3o4e1ahk02omj2f41g.dx.internal.cloudapp.net, ports: [REPLICATION=37879, RATIS=35421, RATIS_ADMIN=35421, RATIS_SERVER=35421, STANDALONE=43209], networkLocation: /default-rack, certSerialId: null, persistedOpState: IN_SERVICE, persistedOpStateExpiryEpochSec: 0}, ReplicationConfig: RATIS/THREE, State:ALLOCATED, leaderId:, CreationTimestamp2022-12-06T16:24:36.739Z[Etc/UTC]].
2022-12-06 16:24:36,741 [RatisPipelineUtilsThread - 0] INFO  pipeline.RatisPipelineProvider (RatisPipelineProvider.java:lambda$create$0(195)) - Sending CreatePipelineCommand for pipeline:PipelineID=04cdec46-b19b-4f3d-a87f-b9f234375034 to datanode:2fe07876-8610-433e-a055-404555d6ad88
2022-12-06 16:24:36,742 [RatisPipelineUtilsThread - 0] INFO  pipeline.RatisPipelineProvider (RatisPipelineProvider.java:lambda$create$0(195)) - Sending CreatePipelineCommand for pipeline:PipelineID=04cdec46-b19b-4f3d-a87f-b9f234375034 to datanode:6a413ed4-87ae-4509-b51d-2f5d21600f9c
2022-12-06 16:24:36,742 [RatisPipelineUtilsThread - 0] INFO  pipeline.RatisPipelineProvider (RatisPipelineProvider.java:lambda$create$0(195)) - Sending CreatePipelineCommand for pipeline:PipelineID=04cdec46-b19b-4f3d-a87f-b9f234375034 to datanode:307c9a4a-d135-41f7-b2cf-6e79e9d930c6
2022-12-06 16:24:36,742 [RatisPipelineUtilsThread - 0] INFO  pipeline.PipelineStateManagerImpl (PipelineStateManagerImpl.java:addPipeline(103)) - Created pipeline Pipeline[ Id: 04cdec46-b19b-4f3d-a87f-b9f234375034, Nodes: 2fe07876-8610-433e-a055-404555d6ad88{ip: 10.1.0.176, host: fv-az451-158.ehxzt5fk3o4e1ahk02omj2f41g.dx.internal.cloudapp.net, ports: [REPLICATION=38677, RATIS=34239, RATIS_ADMIN=34239, RATIS_SERVER=34239, STANDALONE=45543], networkLocation: /default-rack, certSerialId: null, persistedOpState: IN_SERVICE, persistedOpStateExpiryEpochSec: 0}6a413ed4-87ae-4509-b51d-2f5d21600f9c{ip: 10.1.0.176, host: fv-az451-158.ehxzt5fk3o4e1ahk02omj2f41g.dx.internal.cloudapp.net, ports: [REPLICATION=37211, RATIS=45621, RATIS_ADMIN=45621, RATIS_SERVER=45621, STANDALONE=41119], networkLocation: /default-rack, certSerialId: null, persistedOpState: IN_SERVICE, persistedOpStateExpiryEpochSec: 0}307c9a4a-d135-41f7-b2cf-6e79e9d930c6{ip: 10.1.0.176, host: fv-az451-158.ehxzt5fk3o4e1ahk02omj2f41g.dx.internal.cloudapp.net, ports: [REPLICATION=37879, RATIS=35421, RATIS_ADMIN=35421, RATIS_SERVER=35421, STANDALONE=43209], networkLocation: /default-rack, certSerialId: null, persistedOpState: IN_SERVICE, persistedOpStateExpiryEpochSec: 0}, ReplicationConfig: RATIS/THREE, State:ALLOCATED, leaderId:, CreationTimestamp2022-12-06T16:24:36.741Z[Etc/UTC]].
2022-12-06 16:24:36,742 [RatisPipelineUtilsThread - 0] INFO  pipeline.PipelineManagerImpl (PipelineManagerImpl.java:recordMetricsForPipeline(826)) - Pipeline: PipelineID=04cdec46-b19b-4f3d-a87f-b9f234375034 contains same datanodes as previous pipelines: PipelineID=680b4e35-caea-4e8f-9870-2a829352bc53 nodeIds: 2fe07876-8610-433e-a055-404555d6ad88, 6a413ed4-87ae-4509-b51d-2f5d21600f9c, 307c9a4a-d135-41f7-b2cf-6e79e9d930c6
2022-12-06 16:24:36,766 [EventQueue-CommandQueueReportForCommandQueueReportHandler] WARN  events.EventQueue (EventQueue.java:fireEvent(216)) - No event handler registered for event TypedEvent{payloadType=DatanodeDetails, name='Datanode_Command_Queue_Updated'}
2022-12-06 16:24:36,920 [Command processor thread] INFO  server.RaftServer (RaftServerProxy.java:addNew(96)) - f48f5eaa-c865-41e1-958d-4d574a609fc9: addNew group-B2174F3F8180:[f48f5eaa-c865-41e1-958d-4d574a609fc9|rpc:10.1.0.176:45201|priority:1|startupRole:FOLLOWER] returns group-B2174F3F8180:java.util.concurrent.CompletableFuture@341479bc[Not completed]
2022-12-06 16:24:36,923 [EventQueue-CommandQueueReportForCommandQueueReportHandler] WARN  events.EventQueue (EventQueue.java:fireEvent(216)) - No event handler registered for event TypedEvent{payloadType=DatanodeDetails, name='Datanode_Command_Queue_Updated'}
2022-12-06 16:24:36,927 [pool-94-thread-1] INFO  server.RaftServer$Division (RaftServerImpl.java:<init>(195)) - f48f5eaa-c865-41e1-958d-4d574a609fc9: new RaftServerImpl for group-B2174F3F8180:[f48f5eaa-c865-41e1-958d-4d574a609fc9|rpc:10.1.0.176:45201|priority:1|startupRole:FOLLOWER] with ContainerStateMachine:uninitialized
2022-12-06 16:24:36,927 [pool-94-thread-1] INFO  server.RaftServerConfigKeys (ConfUtils.java:logGet(46)) - raft.server.rpc.timeout.min = 5s (custom)
2022-12-06 16:24:36,927 [pool-94-thread-1] INFO  server.RaftServerConfigKeys (ConfUtils.java:logGet(46)) - raft.server.rpc.timeout.max = 5200ms (custom)
2022-12-06 16:24:36,927 [pool-94-thread-1] INFO  server.RaftServerConfigKeys (ConfUtils.java:logGet(46)) - raft.server.rpc.sleep.time = 25ms (default)
2022-12-06 16:24:36,927 [pool-94-thread-1] INFO  server.RaftServerConfigKeys (ConfUtils.java:logGet(46)) - raft.server.rpc.slowness.timeout = 300s (custom)
2022-12-06 16:24:36,927 [pool-94-thread-1] INFO  server.RaftServerConfigKeys (ConfUtils.java:logGet(46)) - raft.server.leaderelection.leader.step-down.wait-time = 10s (default)
2022-12-06 16:24:36,927 [pool-94-thread-1] INFO  server.RaftServerConfigKeys (ConfUtils.java:logGet(46)) - raft.server.sleep.deviation.threshold = 300ms (default)
2022-12-06 16:24:36,927 [pool-94-thread-1] INFO  server.RaftServer$Division (ServerState.java:<init>(118)) - f48f5eaa-c865-41e1-958d-4d574a609fc9@group-B2174F3F8180: ConfigurationManager, init=-1: peers:[f48f5eaa-c865-41e1-958d-4d574a609fc9|rpc:10.1.0.176:45201|priority:1|startupRole:FOLLOWER]|listeners:[], old=null, confs=<EMPTY_MAP>
2022-12-06 16:24:36,928 [pool-94-thread-1] INFO  server.RaftServerConfigKeys (ConfUtils.java:logGet(46)) - raft.server.storage.dir = [/home/runner/work/ozone/ozone/hadoop-ozone/integration-test/target/test-dir/MiniOzoneClusterImpl-ff76fcda-2f7b-42b7-aafc-07b3f4cbd752/datanode-1/data/ratis] (custom)
2022-12-06 16:24:36,928 [pool-94-thread-1] INFO  server.RaftServerConfigKeys (ConfUtils.java:logGet(46)) - raft.server.log.corruption.policy = EXCEPTION (default)
2022-12-06 16:24:36,928 [pool-94-thread-1] INFO  server.RaftServerConfigKeys (ConfUtils.java:logGet(46)) - raft.server.storage.free-space.min = 0MB (=0) (default)
2022-12-06 16:24:36,928 [pool-94-thread-1] INFO  server.RaftServerConfigKeys (ConfUtils.java:logGet(46)) - raft.server.notification.no-leader.timeout = 300s (custom)
2022-12-06 16:24:36,929 [pool-94-thread-1] INFO  server.RaftServerConfigKeys (ConfUtils.java:logGet(46)) - raft.server.retrycache.expirytime = 600000ms (custom)
2022-12-06 16:24:36,929 [pool-94-thread-1] INFO  server.RaftServerConfigKeys (ConfUtils.java:logGet(46)) - raft.server.retrycache.statistics.expirytime = 100μs (default)
2022-12-06 16:24:36,939 [pool-94-thread-1] INFO  server.RaftServerConfigKeys (ConfUtils.java:logGet(46)) - raft.server.log.appender.install.snapshot.enabled = false (custom)
2022-12-06 16:24:36,939 [pool-94-thread-1] INFO  server.RaftServerConfigKeys (ConfUtils.java:logGet(46)) - raft.server.threadpool.server.cached = true (default)
2022-12-06 16:24:36,939 [pool-94-thread-1] INFO  server.RaftServerConfigKeys (ConfUtils.java:logGet(46)) - raft.server.threadpool.server.size = 0 (default)
2022-12-06 16:24:36,939 [pool-94-thread-1] INFO  server.RaftServerConfigKeys (ConfUtils.java:logGet(46)) - raft.server.threadpool.client.cached = true (default)
2022-12-06 16:24:36,939 [pool-94-thread-1] INFO  server.RaftServerConfigKeys (ConfUtils.java:logGet(46)) - raft.server.threadpool.client.size = 0 (default)
2022-12-06 16:24:36,939 [pool-94-thread-1] INFO  storage.RaftStorageDirectory (RaftStorageDirectoryImpl.java:analyzeStorage(137)) - The storage directory /home/runner/work/ozone/ozone/hadoop-ozone/integration-test/target/test-dir/MiniOzoneClusterImpl-ff76fcda-2f7b-42b7-aafc-07b3f4cbd752/datanode-1/data/ratis/31aa9f5b-e3fb-447b-8a6f-b2174f3f8180 does not exist. Creating ...
2022-12-06 16:24:36,941 [pool-94-thread-1] INFO  storage.RaftStorageDirectory (RaftStorageDirectoryImpl.java:tryLock(231)) - Lock on /home/runner/work/ozone/ozone/hadoop-ozone/integration-test/target/test-dir/MiniOzoneClusterImpl-ff76fcda-2f7b-42b7-aafc-07b3f4cbd752/datanode-1/data/ratis/31aa9f5b-e3fb-447b-8a6f-b2174f3f8180/in_use.lock acquired by nodename 47636@fv-az451-158
2022-12-06 16:24:36,943 [pool-94-thread-1] INFO  storage.RaftStorage (RaftStorageImpl.java:format(96)) - Storage directory /home/runner/work/ozone/ozone/hadoop-ozone/integration-test/target/test-dir/MiniOzoneClusterImpl-ff76fcda-2f7b-42b7-aafc-07b3f4cbd752/datanode-1/data/ratis/31aa9f5b-e3fb-447b-8a6f-b2174f3f8180 has been successfully formatted.
2022-12-06 16:24:36,943 [pool-94-thread-1] INFO  ratis.ContainerStateMachine (ContainerStateMachine.java:loadSnapshot(236)) - group-B2174F3F8180: The snapshot info is null. Setting the last applied indexto:(t:0, i:~)
2022-12-06 16:24:36,949 [pool-94-thread-1] INFO  server.RaftServerConfigKeys (ConfUtils.java:logGet(46)) - raft.server.log.use.memory = false (default)
2022-12-06 16:24:36,950 [pool-94-thread-1] INFO  server.RaftServerConfigKeys (ConfUtils.java:logGet(46)) - raft.server.log.purge.gap = 1000000 (custom)
2022-12-06 16:24:36,950 [pool-94-thread-1] INFO  server.RaftServerConfigKeys (ConfUtils.java:logGet(46)) - raft.server.log.appender.buffer.byte-limit = 33554432 (custom)
2022-12-06 16:24:36,950 [pool-94-thread-1] INFO  server.RaftServerConfigKeys (ConfUtils.java:logGet(46)) - raft.server.log.statemachine.data.read.timeout = 1000ms (default)
2022-12-06 16:24:36,950 [EventQueue-CommandQueueReportForCommandQueueReportHandler] WARN  events.EventQueue (EventQueue.java:fireEvent(216)) - No event handler registered for event TypedEvent{payloadType=DatanodeDetails, name='Datanode_Command_Queue_Updated'}
2022-12-06 16:24:36,950 [pool-94-thread-1] INFO  server.RaftServerConfigKeys (ConfUtils.java:logGet(46)) - raft.server.log.purge.preservation.log.num = 0 (default)
2022-12-06 16:24:36,951 [EventQueue-PipelineReportForPipelineReportHandler] INFO  pipeline.PipelineManagerImpl (PipelineManagerImpl.java:openPipeline(367)) - Pipeline Pipeline[ Id: 31aa9f5b-e3fb-447b-8a6f-b2174f3f8180, Nodes: f48f5eaa-c865-41e1-958d-4d574a609fc9{ip: 10.1.0.176, host: fv-az451-158.ehxzt5fk3o4e1ahk02omj2f41g.dx.internal.cloudapp.net, ports: [REPLICATION=37599, RATIS=45201, RATIS_ADMIN=45201, RATIS_SERVER=45201, STANDALONE=39113], networkLocation: /default-rack, certSerialId: null, persistedOpState: IN_SERVICE, persistedOpStateExpiryEpochSec: 0}, ReplicationConfig: RATIS/ONE, State:ALLOCATED, leaderId:f48f5eaa-c865-41e1-958d-4d574a609fc9, CreationTimestamp2022-12-06T16:24:33.922Z[Etc/UTC]] moved to OPEN state
2022-12-06 16:24:36,953 [EventQueue-OpenPipelineForHealthyPipelineSafeModeRule] INFO  safemode.SCMSafeModeManager (HealthyPipelineSafeModeRule.java:process(137)) - SCM in safe mode. Healthy pipelines reported count is 0, required healthy pipeline reported count is 1
2022-12-06 16:24:36,954 [pool-94-thread-1] INFO  server.RaftServerConfigKeys (ConfUtils.java:logGet(46)) - raft.server.log.segment.size.max = 1048576 (custom)
2022-12-06 16:24:36,955 [pool-94-thread-1] INFO  server.RaftServerConfigKeys (ConfUtils.java:logGet(46)) - raft.server.log.segment.cache.num.max = 2 (custom)
2022-12-06 16:24:36,955 [pool-94-thread-1] INFO  server.RaftServerConfigKeys (ConfUtils.java:logGet(46)) - raft.server.log.segment.cache.size.max = 200MB (=209715200) (default)
2022-12-06 16:24:36,955 [pool-94-thread-1] INFO  segmented.SegmentedRaftLogWorker (SegmentedRaftLogWorker.java:<init>(189)) - new f48f5eaa-c865-41e1-958d-4d574a609fc9@group-B2174F3F8180-SegmentedRaftLogWorker for RaftStorageImpl:Storage Directory /home/runner/work/ozone/ozone/hadoop-ozone/integration-test/target/test-dir/MiniOzoneClusterImpl-ff76fcda-2f7b-42b7-aafc-07b3f4cbd752/datanode-1/data/ratis/31aa9f5b-e3fb-447b-8a6f-b2174f3f8180
2022-12-06 16:24:36,955 [pool-94-thread-1] INFO  server.RaftServerConfigKeys (ConfUtils.java:logGet(46)) - raft.server.log.queue.byte-limit = 4294967296 (custom)
2022-12-06 16:24:36,955 [pool-94-thread-1] INFO  server.RaftServerConfigKeys (ConfUtils.java:logGet(46)) - raft.server.log.queue.element-limit = 1024 (custom)
2022-12-06 16:24:36,955 [pool-94-thread-1] INFO  server.RaftServerConfigKeys (ConfUtils.java:logGet(46)) - raft.server.log.segment.size.max = 1048576 (custom)
2022-12-06 16:24:36,955 [pool-94-thread-1] INFO  server.RaftServerConfigKeys (ConfUtils.java:logGet(46)) - raft.server.log.preallocated.size = 16384 (custom)
2022-12-06 16:24:36,955 [pool-94-thread-1] INFO  server.RaftServerConfigKeys (ConfUtils.java:logGet(46)) - raft.server.log.force.sync.num = 128 (default)
2022-12-06 16:24:36,956 [pool-94-thread-1] INFO  server.RaftServerConfigKeys (ConfUtils.java:logGet(46)) - raft.server.log.statemachine.data.sync = true (default)
2022-12-06 16:24:36,956 [pool-94-thread-1] INFO  server.RaftServerConfigKeys (ConfUtils.java:logGet(46)) - raft.server.log.statemachine.data.sync.timeout = 10s (default)
2022-12-06 16:24:36,956 [pool-94-thread-1] INFO  server.RaftServerConfigKeys (ConfUtils.java:logGet(46)) - raft.server.log.statemachine.data.sync.timeout.retry = -1 (default)
2022-12-06 16:24:36,959 [pool-94-thread-1] INFO  server.RaftServerConfigKeys (ConfUtils.java:logGet(46)) - raft.server.log.write.buffer.size = 1048576 (custom)
2022-12-06 16:24:36,959 [pool-94-thread-1] INFO  server.RaftServerConfigKeys (ConfUtils.java:logGet(46)) - raft.server.log.appender.buffer.byte-limit = 33554432 (custom)
2022-12-06 16:24:36,970 [pool-94-thread-1] INFO  server.RaftServerConfigKeys (ConfUtils.java:logGet(46)) - raft.server.log.unsafe-flush.enabled = false (default)
2022-12-06 16:24:36,970 [pool-94-thread-1] INFO  server.RaftServerConfigKeys (ConfUtils.java:logGet(46)) - raft.server.log.async-flush.enabled = false (default)
2022-12-06 16:24:36,971 [pool-94-thread-1] INFO  server.RaftServerConfigKeys (ConfUtils.java:logGet(46)) - raft.server.log.statemachine.data.caching.enabled = true (custom)
2022-12-06 16:24:36,972 [pool-94-thread-1] INFO  segmented.SegmentedRaftLogWorker (SegmentedRaftLogWorker.java:lambda$new$0(135)) - f48f5eaa-c865-41e1-958d-4d574a609fc9@group-B2174F3F8180-SegmentedRaftLogWorker: flushIndex: setUnconditionally 0 -> -1
2022-12-06 16:24:36,972 [pool-94-thread-1] INFO  segmented.SegmentedRaftLogWorker (SegmentedRaftLogWorker.java:lambda$new$0(135)) - f48f5eaa-c865-41e1-958d-4d574a609fc9@group-B2174F3F8180-SegmentedRaftLogWorker: safeCacheEvictIndex: setUnconditionally 0 -> -1
2022-12-06 16:24:36,975 [pool-94-thread-1] INFO  server.RaftServer$Division (RaftServerImpl.java:start(334)) - f48f5eaa-c865-41e1-958d-4d574a609fc9@group-B2174F3F8180: start as a follower, conf=-1: peers:[f48f5eaa-c865-41e1-958d-4d574a609fc9|rpc:10.1.0.176:45201|priority:1|startupRole:FOLLOWER]|listeners:[], old=null
2022-12-06 16:24:36,975 [pool-94-thread-1] INFO  server.RaftServer$Division (RaftServerImpl.java:setRole(321)) - f48f5eaa-c865-41e1-958d-4d574a609fc9@group-B2174F3F8180: changes role from      null to FOLLOWER at term 0 for startAsFollower
2022-12-06 16:24:36,975 [pool-94-thread-1] INFO  impl.RoleInfo (RoleInfo.java:updateAndGet(139)) - f48f5eaa-c865-41e1-958d-4d574a609fc9: start f48f5eaa-c865-41e1-958d-4d574a609fc9@group-B2174F3F8180-FollowerState
2022-12-06 16:24:36,977 [pool-94-thread-1] INFO  util.JmxRegister (JmxRegister.java:tryRegister(44)) - Successfully registered JMX Bean with object name Ratis:service=RaftServer,group=group-B2174F3F8180,id=f48f5eaa-c865-41e1-958d-4d574a609fc9
2022-12-06 16:24:36,979 [pool-94-thread-1] INFO  server.RaftServerConfigKeys (ConfUtils.java:logGet(46)) - raft.server.snapshot.auto.trigger.enabled = true (custom)
2022-12-06 16:24:36,979 [pool-94-thread-1] INFO  server.RaftServerConfigKeys (ConfUtils.java:logGet(46)) - raft.server.snapshot.auto.trigger.threshold = 10000 (custom)
2022-12-06 16:24:36,979 [pool-94-thread-1] INFO  server.RaftServerConfigKeys (ConfUtils.java:logGet(46)) - raft.server.snapshot.retention.file.num = 5 (custom)
2022-12-06 16:24:36,979 [pool-94-thread-1] INFO  server.RaftServerConfigKeys (ConfUtils.java:logGet(46)) - raft.server.log.purge.upto.snapshot.index = false (default)
2022-12-06 16:24:36,983 [Command processor thread] INFO  ratis.XceiverServerRatis (XceiverServerRatis.java:addGroup(765)) - Created group PipelineID=31aa9f5b-e3fb-447b-8a6f-b2174f3f8180
2022-12-06 16:24:36,983 [Command processor thread] INFO  commandhandler.CreatePipelineCommandHandler (CreatePipelineCommandHandler.java:handle(113)) - Created Pipeline RATIS ONE PipelineID=31aa9f5b-e3fb-447b-8a6f-b2174f3f8180.
2022-12-06 16:24:36,991 [Command processor thread] INFO  server.RaftServer (RaftServerProxy.java:addNew(96)) - f48f5eaa-c865-41e1-958d-4d574a609fc9: addNew group-C860D8A7810C:[18a879af-de93-4167-9a98-f5b552aa8b4b|rpc:10.1.0.176:33349|priority:0|startupRole:FOLLOWER, f48f5eaa-c865-41e1-958d-4d574a609fc9|rpc:10.1.0.176:45201|priority:0|startupRole:FOLLOWER, a57ee2ea-c69c-41b1-9f64-f7c5b74e8646|rpc:10.1.0.176:37641|priority:1|startupRole:FOLLOWER] returns group-C860D8A7810C:java.util.concurrent.CompletableFuture@302bfbe6[Not completed]
2022-12-06 16:24:36,992 [pool-94-thread-1] INFO  server.RaftServer$Division (RaftServerImpl.java:<init>(195)) - f48f5eaa-c865-41e1-958d-4d574a609fc9: new RaftServerImpl for group-C860D8A7810C:[18a879af-de93-4167-9a98-f5b552aa8b4b|rpc:10.1.0.176:33349|priority:0|startupRole:FOLLOWER, f48f5eaa-c865-41e1-958d-4d574a609fc9|rpc:10.1.0.176:45201|priority:0|startupRole:FOLLOWER, a57ee2ea-c69c-41b1-9f64-f7c5b74e8646|rpc:10.1.0.176:37641|priority:1|startupRole:FOLLOWER] with ContainerStateMachine:uninitialized
2022-12-06 16:24:36,992 [pool-94-thread-1] INFO  server.RaftServerConfigKeys (ConfUtils.java:logGet(46)) - raft.server.rpc.timeout.min = 5s (custom)
2022-12-06 16:24:36,992 [pool-94-thread-1] INFO  server.RaftServerConfigKeys (ConfUtils.java:logGet(46)) - raft.server.rpc.timeout.max = 5200ms (custom)
2022-12-06 16:24:36,992 [pool-94-thread-1] INFO  server.RaftServerConfigKeys (ConfUtils.java:logGet(46)) - raft.server.rpc.sleep.time = 25ms (default)
2022-12-06 16:24:36,992 [pool-94-thread-1] INFO  server.RaftServerConfigKeys (ConfUtils.java:logGet(46)) - raft.server.rpc.slowness.timeout = 300s (custom)
2022-12-06 16:24:36,992 [pool-94-thread-1] INFO  server.RaftServerConfigKeys (ConfUtils.java:logGet(46)) - raft.server.leaderelection.leader.step-down.wait-time = 10s (default)
2022-12-06 16:24:36,992 [pool-94-thread-1] INFO  server.RaftServerConfigKeys (ConfUtils.java:logGet(46)) - raft.server.sleep.deviation.threshold = 300ms (default)
2022-12-06 16:24:36,992 [pool-94-thread-1] INFO  server.RaftServer$Division (ServerState.java:<init>(118)) - f48f5eaa-c865-41e1-958d-4d574a609fc9@group-C860D8A7810C: ConfigurationManager, init=-1: peers:[18a879af-de93-4167-9a98-f5b552aa8b4b|rpc:10.1.0.176:33349|priority:0|startupRole:FOLLOWER, f48f5eaa-c865-41e1-958d-4d574a609fc9|rpc:10.1.0.176:45201|priority:0|startupRole:FOLLOWER, a57ee2ea-c69c-41b1-9f64-f7c5b74e8646|rpc:10.1.0.176:37641|priority:1|startupRole:FOLLOWER]|listeners:[], old=null, confs=<EMPTY_MAP>
2022-12-06 16:24:36,992 [pool-94-thread-1] INFO  server.RaftServerConfigKeys (ConfUtils.java:logGet(46)) - raft.server.storage.dir = [/home/runner/work/ozone/ozone/hadoop-ozone/integration-test/target/test-dir/MiniOzoneClusterImpl-ff76fcda-2f7b-42b7-aafc-07b3f4cbd752/datanode-1/data/ratis] (custom)
2022-12-06 16:24:36,993 [pool-94-thread-1] INFO  server.RaftServerConfigKeys (ConfUtils.java:logGet(46)) - raft.server.log.corruption.policy = EXCEPTION (default)
2022-12-06 16:24:36,993 [pool-94-thread-1] INFO  server.RaftServerConfigKeys (ConfUtils.java:logGet(46)) - raft.server.storage.free-space.min = 0MB (=0) (default)
2022-12-06 16:24:36,993 [pool-94-thread-1] INFO  server.RaftServerConfigKeys (ConfUtils.java:logGet(46)) - raft.server.notification.no-leader.timeout = 300s (custom)
2022-12-06 16:24:36,993 [pool-94-thread-1] INFO  server.RaftServerConfigKeys (ConfUtils.java:logGet(46)) - raft.server.retrycache.expirytime = 600000ms (custom)
2022-12-06 16:24:36,993 [pool-94-thread-1] INFO  server.RaftServerConfigKeys (ConfUtils.java:logGet(46)) - raft.server.retrycache.statistics.expirytime = 100μs (default)
2022-12-06 16:24:36,996 [f48f5eaa-c865-41e1-958d-4d574a609fc9@group-B2174F3F8180-FollowerState] INFO  server.RaftServerConfigKeys (ConfUtils.java:logFallback(53)) - raft.server.rpc.first-election.timeout.min = 5s (fallback to raft.server.rpc.timeout.min)
2022-12-06 16:24:37,000 [f48f5eaa-c865-41e1-958d-4d574a609fc9@group-B2174F3F8180-FollowerState] INFO  server.RaftServerConfigKeys (ConfUtils.java:logFallback(53)) - raft.server.rpc.first-election.timeout.max = 5200ms (fallback to raft.server.rpc.timeout.max)
2022-12-06 16:24:36,997 [pool-94-thread-1] INFO  server.RaftServerConfigKeys (ConfUtils.java:logGet(46)) - raft.server.log.appender.install.snapshot.enabled = false (custom)
2022-12-06 16:24:37,000 [pool-94-thread-1] INFO  server.RaftServerConfigKeys (ConfUtils.java:logGet(46)) - raft.server.threadpool.server.cached = true (default)
2022-12-06 16:24:37,000 [pool-94-thread-1] INFO  server.RaftServerConfigKeys (ConfUtils.java:logGet(46)) - raft.server.threadpool.server.size = 0 (default)
2022-12-06 16:24:37,000 [pool-94-thread-1] INFO  server.RaftServerConfigKeys (ConfUtils.java:logGet(46)) - raft.server.threadpool.client.cached = true (default)
2022-12-06 16:24:37,000 [pool-94-thread-1] INFO  server.RaftServerConfigKeys (ConfUtils.java:logGet(46)) - raft.server.threadpool.client.size = 0 (default)
2022-12-06 16:24:37,001 [pool-94-thread-1] INFO  storage.RaftStorageDirectory (RaftStorageDirectoryImpl.java:analyzeStorage(137)) - The storage directory /home/runner/work/ozone/ozone/hadoop-ozone/integration-test/target/test-dir/MiniOzoneClusterImpl-ff76fcda-2f7b-42b7-aafc-07b3f4cbd752/datanode-1/data/ratis/9267bd50-ce6f-4122-aab6-c860d8a7810c does not exist. Creating ...
2022-12-06 16:24:37,002 [pool-94-thread-1] INFO  storage.RaftStorageDirectory (RaftStorageDirectoryImpl.java:tryLock(231)) - Lock on /home/runner/work/ozone/ozone/hadoop-ozone/integration-test/target/test-dir/MiniOzoneClusterImpl-ff76fcda-2f7b-42b7-aafc-07b3f4cbd752/datanode-1/data/ratis/9267bd50-ce6f-4122-aab6-c860d8a7810c/in_use.lock acquired by nodename 47636@fv-az451-158
2022-12-06 16:24:37,003 [pool-94-thread-1] INFO  storage.RaftStorage (RaftStorageImpl.java:format(96)) - Storage directory /home/runner/work/ozone/ozone/hadoop-ozone/integration-test/target/test-dir/MiniOzoneClusterImpl-ff76fcda-2f7b-42b7-aafc-07b3f4cbd752/datanode-1/data/ratis/9267bd50-ce6f-4122-aab6-c860d8a7810c has been successfully formatted.
2022-12-06 16:24:37,005 [pool-94-thread-1] INFO  ratis.ContainerStateMachine (ContainerStateMachine.java:loadSnapshot(236)) - group-C860D8A7810C: The snapshot info is null. Setting the last applied indexto:(t:0, i:~)
2022-12-06 16:24:37,005 [pool-94-thread-1] INFO  server.RaftServerConfigKeys (ConfUtils.java:logGet(46)) - raft.server.log.use.memory = false (default)
2022-12-06 16:24:37,005 [pool-94-thread-1] INFO  server.RaftServerConfigKeys (ConfUtils.java:logGet(46)) - raft.server.log.purge.gap = 1000000 (custom)
2022-12-06 16:24:37,005 [pool-94-thread-1] INFO  server.RaftServerConfigKeys (ConfUtils.java:logGet(46)) - raft.server.log.appender.buffer.byte-limit = 33554432 (custom)
2022-12-06 16:24:37,005 [pool-94-thread-1] INFO  server.RaftServerConfigKeys (ConfUtils.java:logGet(46)) - raft.server.log.statemachine.data.read.timeout = 1000ms (default)
2022-12-06 16:24:37,005 [pool-94-thread-1] INFO  server.RaftServerConfigKeys (ConfUtils.java:logGet(46)) - raft.server.log.purge.preservation.log.num = 0 (default)
2022-12-06 16:24:37,005 [pool-94-thread-1] INFO  server.RaftServerConfigKeys (ConfUtils.java:logGet(46)) - raft.server.log.segment.size.max = 1048576 (custom)
2022-12-06 16:24:37,005 [pool-94-thread-1] INFO  server.RaftServerConfigKeys (ConfUtils.java:logGet(46)) - raft.server.log.segment.cache.num.max = 2 (custom)
2022-12-06 16:24:37,007 [EventQueue-OpenPipelineForHealthyPipelineSafeModeRule] INFO  safemode.SCMSafeModeManager (HealthyPipelineSafeModeRule.java:process(137)) - SCM in safe mode. Healthy pipelines reported count is 0, required healthy pipeline reported count is 1
2022-12-06 16:24:37,009 [pool-94-thread-1] INFO  server.RaftServerConfigKeys (ConfUtils.java:logGet(46)) - raft.server.log.segment.cache.size.max = 200MB (=209715200) (default)
2022-12-06 16:24:37,007 [EventQueue-CommandQueueReportForCommandQueueReportHandler] WARN  events.EventQueue (EventQueue.java:fireEvent(216)) - No event handler registered for event TypedEvent{payloadType=DatanodeDetails, name='Datanode_Command_Queue_Updated'}
2022-12-06 16:24:37,009 [pool-94-thread-1] INFO  segmented.SegmentedRaftLogWorker (SegmentedRaftLogWorker.java:<init>(189)) - new f48f5eaa-c865-41e1-958d-4d574a609fc9@group-C860D8A7810C-SegmentedRaftLogWorker for RaftStorageImpl:Storage Directory /home/runner/work/ozone/ozone/hadoop-ozone/integration-test/target/test-dir/MiniOzoneClusterImpl-ff76fcda-2f7b-42b7-aafc-07b3f4cbd752/datanode-1/data/ratis/9267bd50-ce6f-4122-aab6-c860d8a7810c
2022-12-06 16:24:37,010 [pool-94-thread-1] INFO  server.RaftServerConfigKeys (ConfUtils.java:logGet(46)) - raft.server.log.queue.byte-limit = 4294967296 (custom)
2022-12-06 16:24:37,010 [pool-94-thread-1] INFO  server.RaftServerConfigKeys (ConfUtils.java:logGet(46)) - raft.server.log.queue.element-limit = 1024 (custom)
2022-12-06 16:24:37,010 [pool-94-thread-1] INFO  server.RaftServerConfigKeys (ConfUtils.java:logGet(46)) - raft.server.log.segment.size.max = 1048576 (custom)
2022-12-06 16:24:37,010 [pool-94-thread-1] INFO  server.RaftServerConfigKeys (ConfUtils.java:logGet(46)) - raft.server.log.preallocated.size = 16384 (custom)
2022-12-06 16:24:37,010 [pool-94-thread-1] INFO  server.RaftServerConfigKeys (ConfUtils.java:logGet(46)) - raft.server.log.force.sync.num = 128 (default)
2022-12-06 16:24:37,010 [pool-94-thread-1] INFO  server.RaftServerConfigKeys (ConfUtils.java:logGet(46)) - raft.server.log.statemachine.data.sync = true (default)
2022-12-06 16:24:37,010 [pool-94-thread-1] INFO  server.RaftServerConfigKeys (ConfUtils.java:logGet(46)) - raft.server.log.statemachine.data.sync.timeout = 10s (default)
2022-12-06 16:24:37,010 [pool-94-thread-1] INFO  server.RaftServerConfigKeys (ConfUtils.java:logGet(46)) - raft.server.log.statemachine.data.sync.timeout.retry = -1 (default)
2022-12-06 16:24:37,013 [pool-94-thread-1] INFO  server.RaftServerConfigKeys (ConfUtils.java:logGet(46)) - raft.server.log.write.buffer.size = 1048576 (custom)
2022-12-06 16:24:37,013 [pool-94-thread-1] INFO  server.RaftServerConfigKeys (ConfUtils.java:logGet(46)) - raft.server.log.appender.buffer.byte-limit = 33554432 (custom)
2022-12-06 16:24:37,019 [pool-94-thread-1] INFO  server.RaftServerConfigKeys (ConfUtils.java:logGet(46)) - raft.server.log.unsafe-flush.enabled = false (default)
2022-12-06 16:24:37,019 [pool-94-thread-1] INFO  server.RaftServerConfigKeys (ConfUtils.java:logGet(46)) - raft.server.log.async-flush.enabled = false (default)
2022-12-06 16:24:37,019 [pool-94-thread-1] INFO  server.RaftServerConfigKeys (ConfUtils.java:logGet(46)) - raft.server.log.statemachine.data.caching.enabled = true (custom)
2022-12-06 16:24:37,020 [pool-94-thread-1] INFO  segmented.SegmentedRaftLogWorker (SegmentedRaftLogWorker.java:lambda$new$0(135)) - f48f5eaa-c865-41e1-958d-4d574a609fc9@group-C860D8A7810C-SegmentedRaftLogWorker: flushIndex: setUnconditionally 0 -> -1
2022-12-06 16:24:37,021 [pool-94-thread-1] INFO  segmented.SegmentedRaftLogWorker (SegmentedRaftLogWorker.java:lambda$new$0(135)) - f48f5eaa-c865-41e1-958d-4d574a609fc9@group-C860D8A7810C-SegmentedRaftLogWorker: safeCacheEvictIndex: setUnconditionally 0 -> -1
2022-12-06 16:24:37,021 [pool-94-thread-1] INFO  server.RaftServer$Division (RaftServerImpl.java:start(334)) - f48f5eaa-c865-41e1-958d-4d574a609fc9@group-C860D8A7810C: start as a follower, conf=-1: peers:[18a879af-de93-4167-9a98-f5b552aa8b4b|rpc:10.1.0.176:33349|priority:0|startupRole:FOLLOWER, f48f5eaa-c865-41e1-958d-4d574a609fc9|rpc:10.1.0.176:45201|priority:0|startupRole:FOLLOWER, a57ee2ea-c69c-41b1-9f64-f7c5b74e8646|rpc:10.1.0.176:37641|priority:1|startupRole:FOLLOWER]|listeners:[], old=null
2022-12-06 16:24:37,022 [pool-94-thread-1] INFO  server.RaftServer$Division (RaftServerImpl.java:setRole(321)) - f48f5eaa-c865-41e1-958d-4d574a609fc9@group-C860D8A7810C: changes role from      null to FOLLOWER at term 0 for startAsFollower
2022-12-06 16:24:37,022 [pool-94-thread-1] INFO  impl.RoleInfo (RoleInfo.java:updateAndGet(139)) - f48f5eaa-c865-41e1-958d-4d574a609fc9: start f48f5eaa-c865-41e1-958d-4d574a609fc9@group-C860D8A7810C-FollowerState
2022-12-06 16:24:37,022 [pool-94-thread-1] INFO  util.JmxRegister (JmxRegister.java:tryRegister(44)) - Successfully registered JMX Bean with object name Ratis:service=RaftServer,group=group-C860D8A7810C,id=f48f5eaa-c865-41e1-958d-4d574a609fc9
2022-12-06 16:24:37,023 [pool-94-thread-1] INFO  server.RaftServerConfigKeys (ConfUtils.java:logGet(46)) - raft.server.snapshot.auto.trigger.enabled = true (custom)
2022-12-06 16:24:37,023 [pool-94-thread-1] INFO  server.RaftServerConfigKeys (ConfUtils.java:logGet(46)) - raft.server.snapshot.auto.trigger.threshold = 10000 (custom)
2022-12-06 16:24:37,023 [pool-94-thread-1] INFO  server.RaftServerConfigKeys (ConfUtils.java:logGet(46)) - raft.server.snapshot.retention.file.num = 5 (custom)
2022-12-06 16:24:37,023 [pool-94-thread-1] INFO  server.RaftServerConfigKeys (ConfUtils.java:logGet(46)) - raft.server.log.purge.upto.snapshot.index = false (default)
2022-12-06 16:24:37,024 [f48f5eaa-c865-41e1-958d-4d574a609fc9@group-C860D8A7810C-FollowerState] INFO  server.RaftServerConfigKeys (ConfUtils.java:logFallback(53)) - raft.server.rpc.first-election.timeout.min = 5s (fallback to raft.server.rpc.timeout.min)
2022-12-06 16:24:37,024 [f48f5eaa-c865-41e1-958d-4d574a609fc9@group-C860D8A7810C-FollowerState] INFO  server.RaftServerConfigKeys (ConfUtils.java:logFallback(53)) - raft.server.rpc.first-election.timeout.max = 5200ms (fallback to raft.server.rpc.timeout.max)
2022-12-06 16:24:37,026 [Command processor thread] INFO  ratis.XceiverServerRatis (XceiverServerRatis.java:addGroup(765)) - Created group PipelineID=9267bd50-ce6f-4122-aab6-c860d8a7810c
2022-12-06 16:24:37,333 [JvmPauseMonitor10] WARN  util.JvmPauseMonitor (JvmPauseMonitor.java:detectPause(126)) - JvmPauseMonitor-b0ab2fb2-fc83-4273-be02-cd8927d57599: Detected pause in JVM or host machine (eg GC): pause of approximately 210369232ns.
GC pool 'PS MarkSweep' had collection(s): count=1 time=203ms
GC pool 'PS Scavenge' had collection(s): count=1 time=75ms
2022-12-06 16:24:37,334 [Listener at 127.0.0.1/39139] INFO  ozone.MiniOzoneClusterImpl (MiniOzoneClusterImpl.java:lambda$waitForClusterToBeReady$0(216)) - Waiting for nodes to be ready. Got 9 of 10 DN Heartbeats.
2022-12-06 16:24:37,334 [Listener at 127.0.0.1/39139] INFO  ozone.MiniOzoneClusterImpl (MiniOzoneClusterImpl.java:lambda$waitForClusterToBeReady$0(219)) - Waiting for cluster to exit safe mode
2022-12-06 16:24:37,334 [Listener at 127.0.0.1/39139] INFO  ozone.MiniOzoneClusterImpl (MiniOzoneClusterImpl.java:lambda$waitForClusterToBeReady$0(221)) - SCM became leader
2022-12-06 16:24:37,334 [JvmPauseMonitor1] WARN  util.JvmPauseMonitor (JvmPauseMonitor.java:detectPause(126)) - JvmPauseMonitor-18a879af-de93-4167-9a98-f5b552aa8b4b: Detected pause in JVM or host machine (eg GC): pause of approximately 201801138ns.
GC pool 'PS MarkSweep' had collection(s): count=1 time=203ms
GC pool 'PS Scavenge' had collection(s): count=1 time=75ms
2022-12-06 16:24:37,336 [JvmPauseMonitor6] WARN  util.JvmPauseMonitor (JvmPauseMonitor.java:detectPause(126)) - JvmPauseMonitor-592803f5-ace9-49ac-a54f-354c0e5baf2c: Detected pause in JVM or host machine (eg GC): pause of approximately 269047707ns.
GC pool 'PS MarkSweep' had collection(s): count=1 time=203ms
GC pool 'PS Scavenge' had collection(s): count=1 time=75ms
2022-12-06 16:24:37,334 [JvmPauseMonitor5] WARN  util.JvmPauseMonitor (JvmPauseMonitor.java:detectPause(126)) - JvmPauseMonitor-93471f04-f84a-446a-9dbd-94f45fb64b69: Detected pause in JVM or host machine (eg GC): pause of approximately 158029697ns.
GC pool 'PS MarkSweep' had collection(s): count=1 time=203ms
GC pool 'PS Scavenge' had collection(s): count=1 time=75ms
2022-12-06 16:24:37,353 [IPC Server handler 2 on default port 43931] INFO  net.NetworkTopologyImpl (NetworkTopologyImpl.java:add(112)) - Added a new node: /default-rack/b0ab2fb2-fc83-4273-be02-cd8927d57599
2022-12-06 16:24:37,353 [IPC Server handler 2 on default port 43931] INFO  node.SCMNodeManager (SCMNodeManager.java:register(397)) - Registered Data node : b0ab2fb2-fc83-4273-be02-cd8927d57599{ip: 10.1.0.176, host: fv-az451-158.ehxzt5fk3o4e1ahk02omj2f41g.dx.internal.cloudapp.net, ports: [REPLICATION=43303, RATIS=43425, RATIS_ADMIN=43425, RATIS_SERVER=43425, STANDALONE=43243], networkLocation: /default-rack, certSerialId: null, persistedOpState: null, persistedOpStateExpiryEpochSec: 0}
2022-12-06 16:24:37,353 [EventQueue-NewNodeForNewNodeHandler] INFO  pipeline.BackgroundPipelineCreator (BackgroundPipelineCreator.java:notifyEventTriggered(276)) - trigger a one-shot run on RatisPipelineUtilsThread.
2022-12-06 16:24:37,354 [RatisPipelineUtilsThread - 0] INFO  pipeline.RatisPipelineProvider (RatisPipelineProvider.java:lambda$create$0(195)) - Sending CreatePipelineCommand for pipeline:PipelineID=b9d8e52e-db8f-45df-8401-0613bea02c6d to datanode:b0ab2fb2-fc83-4273-be02-cd8927d57599
2022-12-06 16:24:37,355 [RatisPipelineUtilsThread - 0] INFO  pipeline.PipelineStateManagerImpl (PipelineStateManagerImpl.java:addPipeline(103)) - Created pipeline Pipeline[ Id: b9d8e52e-db8f-45df-8401-0613bea02c6d, Nodes: b0ab2fb2-fc83-4273-be02-cd8927d57599{ip: 10.1.0.176, host: fv-az451-158.ehxzt5fk3o4e1ahk02omj2f41g.dx.internal.cloudapp.net, ports: [REPLICATION=43303, RATIS=43425, RATIS_ADMIN=43425, RATIS_SERVER=43425, STANDALONE=43243], networkLocation: /default-rack, certSerialId: null, persistedOpState: IN_SERVICE, persistedOpStateExpiryEpochSec: 0}, ReplicationConfig: RATIS/ONE, State:ALLOCATED, leaderId:, CreationTimestamp2022-12-06T16:24:37.354Z[Etc/UTC]].
2022-12-06 16:24:37,359 [EventQueue-CommandQueueReportForCommandQueueReportHandler] WARN  events.EventQueue (EventQueue.java:fireEvent(216)) - No event handler registered for event TypedEvent{payloadType=DatanodeDetails, name='Datanode_Command_Queue_Updated'}
2022-12-06 16:24:37,366 [Command processor thread] INFO  server.RaftServer (RaftServerProxy.java:addNew(96)) - a57ee2ea-c69c-41b1-9f64-f7c5b74e8646: addNew group-88F4C8E687A2:[a57ee2ea-c69c-41b1-9f64-f7c5b74e8646|rpc:10.1.0.176:37641|priority:1|startupRole:FOLLOWER] returns group-88F4C8E687A2:java.util.concurrent.CompletableFuture@10049533[Not completed]
2022-12-06 16:24:37,367 [EventQueue-CommandQueueReportForCommandQueueReportHandler] WARN  events.EventQueue (EventQueue.java:fireEvent(216)) - No event handler registered for event TypedEvent{payloadType=DatanodeDetails, name='Datanode_Command_Queue_Updated'}
2022-12-06 16:24:37,379 [pool-117-thread-1] INFO  server.RaftServer$Division (RaftServerImpl.java:<init>(195)) - a57ee2ea-c69c-41b1-9f64-f7c5b74e8646: new RaftServerImpl for group-88F4C8E687A2:[a57ee2ea-c69c-41b1-9f64-f7c5b74e8646|rpc:10.1.0.176:37641|priority:1|startupRole:FOLLOWER] with ContainerStateMachine:uninitialized
2022-12-06 16:24:37,380 [pool-117-thread-1] INFO  server.RaftServerConfigKeys (ConfUtils.java:logGet(46)) - raft.server.rpc.timeout.min = 5s (custom)
2022-12-06 16:24:37,380 [pool-117-thread-1] INFO  server.RaftServerConfigKeys (ConfUtils.java:logGet(46)) - raft.server.rpc.timeout.max = 5200ms (custom)
2022-12-06 16:24:37,380 [pool-117-thread-1] INFO  server.RaftServerConfigKeys (ConfUtils.java:logGet(46)) - raft.server.rpc.sleep.time = 25ms (default)
2022-12-06 16:24:37,380 [pool-117-thread-1] INFO  server.RaftServerConfigKeys (ConfUtils.java:logGet(46)) - raft.server.rpc.slowness.timeout = 300s (custom)
2022-12-06 16:24:37,380 [pool-117-thread-1] INFO  server.RaftServerConfigKeys (ConfUtils.java:logGet(46)) - raft.server.leaderelection.leader.step-down.wait-time = 10s (default)
2022-12-06 16:24:37,380 [pool-117-thread-1] INFO  server.RaftServerConfigKeys (ConfUtils.java:logGet(46)) - raft.server.sleep.deviation.threshold = 300ms (default)
2022-12-06 16:24:37,380 [pool-117-thread-1] INFO  server.RaftServer$Division (ServerState.java:<init>(118)) - a57ee2ea-c69c-41b1-9f64-f7c5b74e8646@group-88F4C8E687A2: ConfigurationManager, init=-1: peers:[a57ee2ea-c69c-41b1-9f64-f7c5b74e8646|rpc:10.1.0.176:37641|priority:1|startupRole:FOLLOWER]|listeners:[], old=null, confs=<EMPTY_MAP>
2022-12-06 16:24:37,380 [pool-117-thread-1] INFO  server.RaftServerConfigKeys (ConfUtils.java:logGet(46)) - raft.server.storage.dir = [/home/runner/work/ozone/ozone/hadoop-ozone/integration-test/target/test-dir/MiniOzoneClusterImpl-ff76fcda-2f7b-42b7-aafc-07b3f4cbd752/datanode-2/data/ratis] (custom)
2022-12-06 16:24:37,380 [pool-117-thread-1] INFO  server.RaftServerConfigKeys (ConfUtils.java:logGet(46)) - raft.server.log.corruption.policy = EXCEPTION (default)
2022-12-06 16:24:37,381 [pool-117-thread-1] INFO  server.RaftServerConfigKeys (ConfUtils.java:logGet(46)) - raft.server.storage.free-space.min = 0MB (=0) (default)
2022-12-06 16:24:37,381 [pool-117-thread-1] INFO  server.RaftServerConfigKeys (ConfUtils.java:logGet(46)) - raft.server.notification.no-leader.timeout = 300s (custom)
2022-12-06 16:24:37,381 [pool-117-thread-1] INFO  server.RaftServerConfigKeys (ConfUtils.java:logGet(46)) - raft.server.retrycache.expirytime = 600000ms (custom)
2022-12-06 16:24:37,381 [pool-117-thread-1] INFO  server.RaftServerConfigKeys (ConfUtils.java:logGet(46)) - raft.server.retrycache.statistics.expirytime = 100μs (default)
2022-12-06 16:24:37,383 [pool-117-thread-1] INFO  server.RaftServerConfigKeys (ConfUtils.java:logGet(46)) - raft.server.log.appender.install.snapshot.enabled = false (custom)
2022-12-06 16:24:37,383 [pool-117-thread-1] INFO  server.RaftServerConfigKeys (ConfUtils.java:logGet(46)) - raft.server.threadpool.server.cached = true (default)
2022-12-06 16:24:37,383 [pool-117-thread-1] INFO  server.RaftServerConfigKeys (ConfUtils.java:logGet(46)) - raft.server.threadpool.server.size = 0 (default)
2022-12-06 16:24:37,383 [pool-117-thread-1] INFO  server.RaftServerConfigKeys (ConfUtils.java:logGet(46)) - raft.server.threadpool.client.cached = true (default)
2022-12-06 16:24:37,383 [pool-117-thread-1] INFO  server.RaftServerConfigKeys (ConfUtils.java:logGet(46)) - raft.server.threadpool.client.size = 0 (default)
2022-12-06 16:24:37,383 [pool-117-thread-1] INFO  storage.RaftStorageDirectory (RaftStorageDirectoryImpl.java:analyzeStorage(137)) - The storage directory /home/runner/work/ozone/ozone/hadoop-ozone/integration-test/target/test-dir/MiniOzoneClusterImpl-ff76fcda-2f7b-42b7-aafc-07b3f4cbd752/datanode-2/data/ratis/3e6abeea-abec-4a0d-b59a-88f4c8e687a2 does not exist. Creating ...
2022-12-06 16:24:37,385 [pool-117-thread-1] INFO  storage.RaftStorageDirectory (RaftStorageDirectoryImpl.java:tryLock(231)) - Lock on /home/runner/work/ozone/ozone/hadoop-ozone/integration-test/target/test-dir/MiniOzoneClusterImpl-ff76fcda-2f7b-42b7-aafc-07b3f4cbd752/datanode-2/data/ratis/3e6abeea-abec-4a0d-b59a-88f4c8e687a2/in_use.lock acquired by nodename 47636@fv-az451-158
2022-12-06 16:24:37,386 [pool-117-thread-1] INFO  storage.RaftStorage (RaftStorageImpl.java:format(96)) - Storage directory /home/runner/work/ozone/ozone/hadoop-ozone/integration-test/target/test-dir/MiniOzoneClusterImpl-ff76fcda-2f7b-42b7-aafc-07b3f4cbd752/datanode-2/data/ratis/3e6abeea-abec-4a0d-b59a-88f4c8e687a2 has been successfully formatted.
2022-12-06 16:24:37,387 [pool-117-thread-1] INFO  ratis.ContainerStateMachine (ContainerStateMachine.java:loadSnapshot(236)) - group-88F4C8E687A2: The snapshot info is null. Setting the last applied indexto:(t:0, i:~)
2022-12-06 16:24:37,387 [pool-117-thread-1] INFO  server.RaftServerConfigKeys (ConfUtils.java:logGet(46)) - raft.server.log.use.memory = false (default)
2022-12-06 16:24:37,387 [pool-117-thread-1] INFO  server.RaftServerConfigKeys (ConfUtils.java:logGet(46)) - raft.server.log.purge.gap = 1000000 (custom)
2022-12-06 16:24:37,387 [pool-117-thread-1] INFO  server.RaftServerConfigKeys (ConfUtils.java:logGet(46)) - raft.server.log.appender.buffer.byte-limit = 33554432 (custom)
2022-12-06 16:24:37,387 [pool-117-thread-1] INFO  server.RaftServerConfigKeys (ConfUtils.java:logGet(46)) - raft.server.log.statemachine.data.read.timeout = 1000ms (default)
2022-12-06 16:24:37,387 [pool-117-thread-1] INFO  server.RaftServerConfigKeys (ConfUtils.java:logGet(46)) - raft.server.log.purge.preservation.log.num = 0 (default)
2022-12-06 16:24:37,391 [EventQueue-CommandQueueReportForCommandQueueReportHandler] WARN  events.EventQueue (EventQueue.java:fireEvent(216)) - No event handler registered for event TypedEvent{payloadType=DatanodeDetails, name='Datanode_Command_Queue_Updated'}
2022-12-06 16:24:37,391 [EventQueue-PipelineReportForPipelineReportHandler] INFO  pipeline.PipelineManagerImpl (PipelineManagerImpl.java:openPipeline(367)) - Pipeline Pipeline[ Id: 3e6abeea-abec-4a0d-b59a-88f4c8e687a2, Nodes: a57ee2ea-c69c-41b1-9f64-f7c5b74e8646{ip: 10.1.0.176, host: fv-az451-158.ehxzt5fk3o4e1ahk02omj2f41g.dx.internal.cloudapp.net, ports: [REPLICATION=45367, RATIS=37641, RATIS_ADMIN=37641, RATIS_SERVER=37641, STANDALONE=43533], networkLocation: /default-rack, certSerialId: null, persistedOpState: IN_SERVICE, persistedOpStateExpiryEpochSec: 0}, ReplicationConfig: RATIS/ONE, State:ALLOCATED, leaderId:a57ee2ea-c69c-41b1-9f64-f7c5b74e8646, CreationTimestamp2022-12-06T16:24:34.367Z[Etc/UTC]] moved to OPEN state
2022-12-06 16:24:37,392 [EventQueue-OpenPipelineForHealthyPipelineSafeModeRule] INFO  safemode.SCMSafeModeManager (HealthyPipelineSafeModeRule.java:process(137)) - SCM in safe mode. Healthy pipelines reported count is 0, required healthy pipeline reported count is 1
2022-12-06 16:24:37,392 [pool-117-thread-1] INFO  server.RaftServerConfigKeys (ConfUtils.java:logGet(46)) - raft.server.log.segment.size.max = 1048576 (custom)
2022-12-06 16:24:37,395 [pool-117-thread-1] INFO  server.RaftServerConfigKeys (ConfUtils.java:logGet(46)) - raft.server.log.segment.cache.num.max = 2 (custom)
2022-12-06 16:24:37,395 [pool-117-thread-1] INFO  server.RaftServerConfigKeys (ConfUtils.java:logGet(46)) - raft.server.log.segment.cache.size.max = 200MB (=209715200) (default)
2022-12-06 16:24:37,395 [pool-117-thread-1] INFO  segmented.SegmentedRaftLogWorker (SegmentedRaftLogWorker.java:<init>(189)) - new a57ee2ea-c69c-41b1-9f64-f7c5b74e8646@group-88F4C8E687A2-SegmentedRaftLogWorker for RaftStorageImpl:Storage Directory /home/runner/work/ozone/ozone/hadoop-ozone/integration-test/target/test-dir/MiniOzoneClusterImpl-ff76fcda-2f7b-42b7-aafc-07b3f4cbd752/datanode-2/data/ratis/3e6abeea-abec-4a0d-b59a-88f4c8e687a2
2022-12-06 16:24:37,395 [pool-117-thread-1] INFO  server.RaftServerConfigKeys (ConfUtils.java:logGet(46)) - raft.server.log.queue.byte-limit = 4294967296 (custom)
2022-12-06 16:24:37,395 [pool-117-thread-1] INFO  server.RaftServerConfigKeys (ConfUtils.java:logGet(46)) - raft.server.log.queue.element-limit = 1024 (custom)
2022-12-06 16:24:37,395 [pool-117-thread-1] INFO  server.RaftServerConfigKeys (ConfUtils.java:logGet(46)) - raft.server.log.segment.size.max = 1048576 (custom)
2022-12-06 16:24:37,395 [pool-117-thread-1] INFO  server.RaftServerConfigKeys (ConfUtils.java:logGet(46)) - raft.server.log.preallocated.size = 16384 (custom)
2022-12-06 16:24:37,395 [pool-117-thread-1] INFO  server.RaftServerConfigKeys (ConfUtils.java:logGet(46)) - raft.server.log.force.sync.num = 128 (default)
2022-12-06 16:24:37,395 [pool-117-thread-1] INFO  server.RaftServerConfigKeys (ConfUtils.java:logGet(46)) - raft.server.log.statemachine.data.sync = true (default)
2022-12-06 16:24:37,396 [pool-117-thread-1] INFO  server.RaftServerConfigKeys (ConfUtils.java:logGet(46)) - raft.server.log.statemachine.data.sync.timeout = 10s (default)
2022-12-06 16:24:37,396 [pool-117-thread-1] INFO  server.RaftServerConfigKeys (ConfUtils.java:logGet(46)) - raft.server.log.statemachine.data.sync.timeout.retry = -1 (default)
2022-12-06 16:24:37,400 [pool-117-thread-1] INFO  server.RaftServerConfigKeys (ConfUtils.java:logGet(46)) - raft.server.log.write.buffer.size = 1048576 (custom)
2022-12-06 16:24:37,402 [pool-117-thread-1] INFO  server.RaftServerConfigKeys (ConfUtils.java:logGet(46)) - raft.server.log.appender.buffer.byte-limit = 33554432 (custom)
2022-12-06 16:24:37,415 [pool-117-thread-1] INFO  server.RaftServerConfigKeys (ConfUtils.java:logGet(46)) - raft.server.log.unsafe-flush.enabled = false (default)
2022-12-06 16:24:37,415 [pool-117-thread-1] INFO  server.RaftServerConfigKeys (ConfUtils.java:logGet(46)) - raft.server.log.async-flush.enabled = false (default)
2022-12-06 16:24:37,415 [pool-117-thread-1] INFO  server.RaftServerConfigKeys (ConfUtils.java:logGet(46)) - raft.server.log.statemachine.data.caching.enabled = true (custom)
2022-12-06 16:24:37,415 [pool-117-thread-1] INFO  segmented.SegmentedRaftLogWorker (SegmentedRaftLogWorker.java:lambda$new$0(135)) - a57ee2ea-c69c-41b1-9f64-f7c5b74e8646@group-88F4C8E687A2-SegmentedRaftLogWorker: flushIndex: setUnconditionally 0 -> -1
2022-12-06 16:24:37,415 [pool-117-thread-1] INFO  segmented.SegmentedRaftLogWorker (SegmentedRaftLogWorker.java:lambda$new$0(135)) - a57ee2ea-c69c-41b1-9f64-f7c5b74e8646@group-88F4C8E687A2-SegmentedRaftLogWorker: safeCacheEvictIndex: setUnconditionally 0 -> -1
2022-12-06 16:24:37,416 [pool-117-thread-1] INFO  server.RaftServer$Division (RaftServerImpl.java:start(334)) - a57ee2ea-c69c-41b1-9f64-f7c5b74e8646@group-88F4C8E687A2: start as a follower, conf=-1: peers:[a57ee2ea-c69c-41b1-9f64-f7c5b74e8646|rpc:10.1.0.176:37641|priority:1|startupRole:FOLLOWER]|listeners:[], old=null
2022-12-06 16:24:37,416 [pool-117-thread-1] INFO  server.RaftServer$Division (RaftServerImpl.java:setRole(321)) - a57ee2ea-c69c-41b1-9f64-f7c5b74e8646@group-88F4C8E687A2: changes role from      null to FOLLOWER at term 0 for startAsFollower
2022-12-06 16:24:37,416 [pool-117-thread-1] INFO  impl.RoleInfo (RoleInfo.java:updateAndGet(139)) - a57ee2ea-c69c-41b1-9f64-f7c5b74e8646: start a57ee2ea-c69c-41b1-9f64-f7c5b74e8646@group-88F4C8E687A2-FollowerState
2022-12-06 16:24:37,421 [pool-117-thread-1] INFO  util.JmxRegister (JmxRegister.java:tryRegister(44)) - Successfully registered JMX Bean with object name Ratis:service=RaftServer,group=group-88F4C8E687A2,id=a57ee2ea-c69c-41b1-9f64-f7c5b74e8646
2022-12-06 16:24:37,421 [pool-117-thread-1] INFO  server.RaftServerConfigKeys (ConfUtils.java:logGet(46)) - raft.server.snapshot.auto.trigger.enabled = true (custom)
2022-12-06 16:24:37,421 [pool-117-thread-1] INFO  server.RaftServerConfigKeys (ConfUtils.java:logGet(46)) - raft.server.snapshot.auto.trigger.threshold = 10000 (custom)
2022-12-06 16:24:37,421 [pool-117-thread-1] INFO  server.RaftServerConfigKeys (ConfUtils.java:logGet(46)) - raft.server.snapshot.retention.file.num = 5 (custom)
2022-12-06 16:24:37,421 [pool-117-thread-1] INFO  server.RaftServerConfigKeys (ConfUtils.java:logGet(46)) - raft.server.log.purge.upto.snapshot.index = false (default)
2022-12-06 16:24:37,422 [a57ee2ea-c69c-41b1-9f64-f7c5b74e8646@group-88F4C8E687A2-FollowerState] INFO  server.RaftServerConfigKeys (ConfUtils.java:logFallback(53)) - raft.server.rpc.first-election.timeout.min = 5s (fallback to raft.server.rpc.timeout.min)
2022-12-06 16:24:37,422 [a57ee2ea-c69c-41b1-9f64-f7c5b74e8646@group-88F4C8E687A2-FollowerState] INFO  server.RaftServerConfigKeys (ConfUtils.java:logFallback(53)) - raft.server.rpc.first-election.timeout.max = 5200ms (fallback to raft.server.rpc.timeout.max)
2022-12-06 16:24:37,422 [Command processor thread] INFO  ratis.XceiverServerRatis (XceiverServerRatis.java:addGroup(765)) - Created group PipelineID=3e6abeea-abec-4a0d-b59a-88f4c8e687a2
2022-12-06 16:24:37,422 [Command processor thread] INFO  commandhandler.CreatePipelineCommandHandler (CreatePipelineCommandHandler.java:handle(113)) - Created Pipeline RATIS ONE PipelineID=3e6abeea-abec-4a0d-b59a-88f4c8e687a2.
2022-12-06 16:24:37,422 [Command processor thread] INFO  server.RaftServer (RaftServerProxy.java:addNew(96)) - a57ee2ea-c69c-41b1-9f64-f7c5b74e8646: addNew group-C860D8A7810C:[18a879af-de93-4167-9a98-f5b552aa8b4b|rpc:10.1.0.176:33349|priority:0|startupRole:FOLLOWER, f48f5eaa-c865-41e1-958d-4d574a609fc9|rpc:10.1.0.176:45201|priority:0|startupRole:FOLLOWER, a57ee2ea-c69c-41b1-9f64-f7c5b74e8646|rpc:10.1.0.176:37641|priority:1|startupRole:FOLLOWER] returns group-C860D8A7810C:java.util.concurrent.CompletableFuture@143b03eb[Not completed]
2022-12-06 16:24:37,424 [pool-117-thread-1] INFO  server.RaftServer$Division (RaftServerImpl.java:<init>(195)) - a57ee2ea-c69c-41b1-9f64-f7c5b74e8646: new RaftServerImpl for group-C860D8A7810C:[18a879af-de93-4167-9a98-f5b552aa8b4b|rpc:10.1.0.176:33349|priority:0|startupRole:FOLLOWER, f48f5eaa-c865-41e1-958d-4d574a609fc9|rpc:10.1.0.176:45201|priority:0|startupRole:FOLLOWER, a57ee2ea-c69c-41b1-9f64-f7c5b74e8646|rpc:10.1.0.176:37641|priority:1|startupRole:FOLLOWER] with ContainerStateMachine:uninitialized
2022-12-06 16:24:37,424 [pool-117-thread-1] INFO  server.RaftServerConfigKeys (ConfUtils.java:logGet(46)) - raft.server.rpc.timeout.min = 5s (custom)
2022-12-06 16:24:37,424 [pool-117-thread-1] INFO  server.RaftServerConfigKeys (ConfUtils.java:logGet(46)) - raft.server.rpc.timeout.max = 5200ms (custom)
2022-12-06 16:24:37,424 [pool-117-thread-1] INFO  server.RaftServerConfigKeys (ConfUtils.java:logGet(46)) - raft.server.rpc.sleep.time = 25ms (default)
2022-12-06 16:24:37,424 [pool-117-thread-1] INFO  server.RaftServerConfigKeys (ConfUtils.java:logGet(46)) - raft.server.rpc.slowness.timeout = 300s (custom)
2022-12-06 16:24:37,424 [pool-117-thread-1] INFO  server.RaftServerConfigKeys (ConfUtils.java:logGet(46)) - raft.server.leaderelection.leader.step-down.wait-time = 10s (default)
2022-12-06 16:24:37,424 [pool-117-thread-1] INFO  server.RaftServerConfigKeys (ConfUtils.java:logGet(46)) - raft.server.sleep.deviation.threshold = 300ms (default)
2022-12-06 16:24:37,424 [pool-117-thread-1] INFO  server.RaftServer$Division (ServerState.java:<init>(118)) - a57ee2ea-c69c-41b1-9f64-f7c5b74e8646@group-C860D8A7810C: ConfigurationManager, init=-1: peers:[18a879af-de93-4167-9a98-f5b552aa8b4b|rpc:10.1.0.176:33349|priority:0|startupRole:FOLLOWER, f48f5eaa-c865-41e1-958d-4d574a609fc9|rpc:10.1.0.176:45201|priority:0|startupRole:FOLLOWER, a57ee2ea-c69c-41b1-9f64-f7c5b74e8646|rpc:10.1.0.176:37641|priority:1|startupRole:FOLLOWER]|listeners:[], old=null, confs=<EMPTY_MAP>
2022-12-06 16:24:37,424 [pool-117-thread-1] INFO  server.RaftServerConfigKeys (ConfUtils.java:logGet(46)) - raft.server.storage.dir = [/home/runner/work/ozone/ozone/hadoop-ozone/integration-test/target/test-dir/MiniOzoneClusterImpl-ff76fcda-2f7b-42b7-aafc-07b3f4cbd752/datanode-2/data/ratis] (custom)
2022-12-06 16:24:37,424 [pool-117-thread-1] INFO  server.RaftServerConfigKeys (ConfUtils.java:logGet(46)) - raft.server.log.corruption.policy = EXCEPTION (default)
2022-12-06 16:24:37,424 [pool-117-thread-1] INFO  server.RaftServerConfigKeys (ConfUtils.java:logGet(46)) - raft.server.storage.free-space.min = 0MB (=0) (default)
2022-12-06 16:24:37,424 [pool-117-thread-1] INFO  server.RaftServerConfigKeys (ConfUtils.java:logGet(46)) - raft.server.notification.no-leader.timeout = 300s (custom)
2022-12-06 16:24:37,424 [pool-117-thread-1] INFO  server.RaftServerConfigKeys (ConfUtils.java:logGet(46)) - raft.server.retrycache.expirytime = 600000ms (custom)
2022-12-06 16:24:37,425 [pool-117-thread-1] INFO  server.RaftServerConfigKeys (ConfUtils.java:logGet(46)) - raft.server.retrycache.statistics.expirytime = 100μs (default)
2022-12-06 16:24:37,426 [pool-117-thread-1] INFO  server.RaftServerConfigKeys (ConfUtils.java:logGet(46)) - raft.server.log.appender.install.snapshot.enabled = false (custom)
2022-12-06 16:24:37,426 [pool-117-thread-1] INFO  server.RaftServerConfigKeys (ConfUtils.java:logGet(46)) - raft.server.threadpool.server.cached = true (default)
2022-12-06 16:24:37,426 [pool-117-thread-1] INFO  server.RaftServerConfigKeys (ConfUtils.java:logGet(46)) - raft.server.threadpool.server.size = 0 (default)
2022-12-06 16:24:37,426 [pool-117-thread-1] INFO  server.RaftServerConfigKeys (ConfUtils.java:logGet(46)) - raft.server.threadpool.client.cached = true (default)
2022-12-06 16:24:37,426 [pool-117-thread-1] INFO  server.RaftServerConfigKeys (ConfUtils.java:logGet(46)) - raft.server.threadpool.client.size = 0 (default)
2022-12-06 16:24:37,429 [pool-117-thread-1] INFO  storage.RaftStorageDirectory (RaftStorageDirectoryImpl.java:analyzeStorage(137)) - The storage directory /home/runner/work/ozone/ozone/hadoop-ozone/integration-test/target/test-dir/MiniOzoneClusterImpl-ff76fcda-2f7b-42b7-aafc-07b3f4cbd752/datanode-2/data/ratis/9267bd50-ce6f-4122-aab6-c860d8a7810c does not exist. Creating ...
2022-12-06 16:24:37,431 [pool-117-thread-1] INFO  storage.RaftStorageDirectory (RaftStorageDirectoryImpl.java:tryLock(231)) - Lock on /home/runner/work/ozone/ozone/hadoop-ozone/integration-test/target/test-dir/MiniOzoneClusterImpl-ff76fcda-2f7b-42b7-aafc-07b3f4cbd752/datanode-2/data/ratis/9267bd50-ce6f-4122-aab6-c860d8a7810c/in_use.lock acquired by nodename 47636@fv-az451-158
2022-12-06 16:24:37,433 [pool-117-thread-1] INFO  storage.RaftStorage (RaftStorageImpl.java:format(96)) - Storage directory /home/runner/work/ozone/ozone/hadoop-ozone/integration-test/target/test-dir/MiniOzoneClusterImpl-ff76fcda-2f7b-42b7-aafc-07b3f4cbd752/datanode-2/data/ratis/9267bd50-ce6f-4122-aab6-c860d8a7810c has been successfully formatted.
2022-12-06 16:24:37,444 [pool-117-thread-1] INFO  ratis.ContainerStateMachine (ContainerStateMachine.java:loadSnapshot(236)) - group-C860D8A7810C: The snapshot info is null. Setting the last applied indexto:(t:0, i:~)
2022-12-06 16:24:37,444 [pool-117-thread-1] INFO  server.RaftServerConfigKeys (ConfUtils.java:logGet(46)) - raft.server.log.use.memory = false (default)
2022-12-06 16:24:37,444 [pool-117-thread-1] INFO  server.RaftServerConfigKeys (ConfUtils.java:logGet(46)) - raft.server.log.purge.gap = 1000000 (custom)
2022-12-06 16:24:37,444 [pool-117-thread-1] INFO  server.RaftServerConfigKeys (ConfUtils.java:logGet(46)) - raft.server.log.appender.buffer.byte-limit = 33554432 (custom)
2022-12-06 16:24:37,444 [pool-117-thread-1] INFO  server.RaftServerConfigKeys (ConfUtils.java:logGet(46)) - raft.server.log.statemachine.data.read.timeout = 1000ms (default)
2022-12-06 16:24:37,444 [pool-117-thread-1] INFO  server.RaftServerConfigKeys (ConfUtils.java:logGet(46)) - raft.server.log.purge.preservation.log.num = 0 (default)
2022-12-06 16:24:37,444 [pool-117-thread-1] INFO  server.RaftServerConfigKeys (ConfUtils.java:logGet(46)) - raft.server.log.segment.size.max = 1048576 (custom)
2022-12-06 16:24:37,445 [pool-117-thread-1] INFO  server.RaftServerConfigKeys (ConfUtils.java:logGet(46)) - raft.server.log.segment.cache.num.max = 2 (custom)
2022-12-06 16:24:37,445 [pool-117-thread-1] INFO  server.RaftServerConfigKeys (ConfUtils.java:logGet(46)) - raft.server.log.segment.cache.size.max = 200MB (=209715200) (default)
2022-12-06 16:24:37,447 [pool-117-thread-1] INFO  segmented.SegmentedRaftLogWorker (SegmentedRaftLogWorker.java:<init>(189)) - new a57ee2ea-c69c-41b1-9f64-f7c5b74e8646@group-C860D8A7810C-SegmentedRaftLogWorker for RaftStorageImpl:Storage Directory /home/runner/work/ozone/ozone/hadoop-ozone/integration-test/target/test-dir/MiniOzoneClusterImpl-ff76fcda-2f7b-42b7-aafc-07b3f4cbd752/datanode-2/data/ratis/9267bd50-ce6f-4122-aab6-c860d8a7810c
2022-12-06 16:24:37,447 [pool-117-thread-1] INFO  server.RaftServerConfigKeys (ConfUtils.java:logGet(46)) - raft.server.log.queue.byte-limit = 4294967296 (custom)
2022-12-06 16:24:37,447 [pool-117-thread-1] INFO  server.RaftServerConfigKeys (ConfUtils.java:logGet(46)) - raft.server.log.queue.element-limit = 1024 (custom)
2022-12-06 16:24:37,447 [pool-117-thread-1] INFO  server.RaftServerConfigKeys (ConfUtils.java:logGet(46)) - raft.server.log.segment.size.max = 1048576 (custom)
2022-12-06 16:24:37,447 [pool-117-thread-1] INFO  server.RaftServerConfigKeys (ConfUtils.java:logGet(46)) - raft.server.log.preallocated.size = 16384 (custom)
2022-12-06 16:24:37,447 [pool-117-thread-1] INFO  server.RaftServerConfigKeys (ConfUtils.java:logGet(46)) - raft.server.log.force.sync.num = 128 (default)
2022-12-06 16:24:37,447 [pool-117-thread-1] INFO  server.RaftServerConfigKeys (ConfUtils.java:logGet(46)) - raft.server.log.statemachine.data.sync = true (default)
2022-12-06 16:24:37,447 [pool-117-thread-1] INFO  server.RaftServerConfigKeys (ConfUtils.java:logGet(46)) - raft.server.log.statemachine.data.sync.timeout = 10s (default)
2022-12-06 16:24:37,447 [pool-117-thread-1] INFO  server.RaftServerConfigKeys (ConfUtils.java:logGet(46)) - raft.server.log.statemachine.data.sync.timeout.retry = -1 (default)
2022-12-06 16:24:37,448 [pool-117-thread-1] INFO  server.RaftServerConfigKeys (ConfUtils.java:logGet(46)) - raft.server.log.write.buffer.size = 1048576 (custom)
2022-12-06 16:24:37,449 [pool-117-thread-1] INFO  server.RaftServerConfigKeys (ConfUtils.java:logGet(46)) - raft.server.log.appender.buffer.byte-limit = 33554432 (custom)
2022-12-06 16:24:37,450 [EventQueue-CommandQueueReportForCommandQueueReportHandler] WARN  events.EventQueue (EventQueue.java:fireEvent(216)) - No event handler registered for event TypedEvent{payloadType=DatanodeDetails, name='Datanode_Command_Queue_Updated'}
2022-12-06 16:24:37,450 [EventQueue-OpenPipelineForHealthyPipelineSafeModeRule] INFO  safemode.SCMSafeModeManager (HealthyPipelineSafeModeRule.java:process(137)) - SCM in safe mode. Healthy pipelines reported count is 0, required healthy pipeline reported count is 1
2022-12-06 16:24:37,456 [pool-117-thread-1] INFO  server.RaftServerConfigKeys (ConfUtils.java:logGet(46)) - raft.server.log.unsafe-flush.enabled = false (default)
2022-12-06 16:24:37,456 [pool-117-thread-1] INFO  server.RaftServerConfigKeys (ConfUtils.java:logGet(46)) - raft.server.log.async-flush.enabled = false (default)
2022-12-06 16:24:37,456 [pool-117-thread-1] INFO  server.RaftServerConfigKeys (ConfUtils.java:logGet(46)) - raft.server.log.statemachine.data.caching.enabled = true (custom)
2022-12-06 16:24:37,456 [pool-117-thread-1] INFO  segmented.SegmentedRaftLogWorker (SegmentedRaftLogWorker.java:lambda$new$0(135)) - a57ee2ea-c69c-41b1-9f64-f7c5b74e8646@group-C860D8A7810C-SegmentedRaftLogWorker: flushIndex: setUnconditionally 0 -> -1
2022-12-06 16:24:37,456 [pool-117-thread-1] INFO  segmented.SegmentedRaftLogWorker (SegmentedRaftLogWorker.java:lambda$new$0(135)) - a57ee2ea-c69c-41b1-9f64-f7c5b74e8646@group-C860D8A7810C-SegmentedRaftLogWorker: safeCacheEvictIndex: setUnconditionally 0 -> -1
2022-12-06 16:24:37,457 [pool-117-thread-1] INFO  server.RaftServer$Division (RaftServerImpl.java:start(334)) - a57ee2ea-c69c-41b1-9f64-f7c5b74e8646@group-C860D8A7810C: start as a follower, conf=-1: peers:[18a879af-de93-4167-9a98-f5b552aa8b4b|rpc:10.1.0.176:33349|priority:0|startupRole:FOLLOWER, f48f5eaa-c865-41e1-958d-4d574a609fc9|rpc:10.1.0.176:45201|priority:0|startupRole:FOLLOWER, a57ee2ea-c69c-41b1-9f64-f7c5b74e8646|rpc:10.1.0.176:37641|priority:1|startupRole:FOLLOWER]|listeners:[], old=null
2022-12-06 16:24:37,457 [pool-117-thread-1] INFO  server.RaftServer$Division (RaftServerImpl.java:setRole(321)) - a57ee2ea-c69c-41b1-9f64-f7c5b74e8646@group-C860D8A7810C: changes role from      null to FOLLOWER at term 0 for startAsFollower
2022-12-06 16:24:37,457 [pool-117-thread-1] INFO  impl.RoleInfo (RoleInfo.java:updateAndGet(139)) - a57ee2ea-c69c-41b1-9f64-f7c5b74e8646: start a57ee2ea-c69c-41b1-9f64-f7c5b74e8646@group-C860D8A7810C-FollowerState
2022-12-06 16:24:37,457 [pool-117-thread-1] INFO  util.JmxRegister (JmxRegister.java:tryRegister(44)) - Successfully registered JMX Bean with object name Ratis:service=RaftServer,group=group-C860D8A7810C,id=a57ee2ea-c69c-41b1-9f64-f7c5b74e8646
2022-12-06 16:24:37,457 [pool-117-thread-1] INFO  server.RaftServerConfigKeys (ConfUtils.java:logGet(46)) - raft.server.snapshot.auto.trigger.enabled = true (custom)
2022-12-06 16:24:37,457 [pool-117-thread-1] INFO  server.RaftServerConfigKeys (ConfUtils.java:logGet(46)) - raft.server.snapshot.auto.trigger.threshold = 10000 (custom)
2022-12-06 16:24:37,457 [pool-117-thread-1] INFO  server.RaftServerConfigKeys (ConfUtils.java:logGet(46)) - raft.server.snapshot.retention.file.num = 5 (custom)
2022-12-06 16:24:37,457 [pool-117-thread-1] INFO  server.RaftServerConfigKeys (ConfUtils.java:logGet(46)) - raft.server.log.purge.upto.snapshot.index = false (default)
2022-12-06 16:24:37,458 [a57ee2ea-c69c-41b1-9f64-f7c5b74e8646@group-C860D8A7810C-FollowerState] INFO  server.RaftServerConfigKeys (ConfUtils.java:logFallback(53)) - raft.server.rpc.first-election.timeout.min = 5s (fallback to raft.server.rpc.timeout.min)
2022-12-06 16:24:37,458 [a57ee2ea-c69c-41b1-9f64-f7c5b74e8646@group-C860D8A7810C-FollowerState] INFO  server.RaftServerConfigKeys (ConfUtils.java:logFallback(53)) - raft.server.rpc.first-election.timeout.max = 5200ms (fallback to raft.server.rpc.timeout.max)
2022-12-06 16:24:37,458 [Command processor thread] INFO  ratis.XceiverServerRatis (XceiverServerRatis.java:addGroup(765)) - Created group PipelineID=9267bd50-ce6f-4122-aab6-c860d8a7810c
2022-12-06 16:24:37,492 [EventQueue-CommandQueueReportForCommandQueueReportHandler] WARN  events.EventQueue (EventQueue.java:fireEvent(216)) - No event handler registered for event TypedEvent{payloadType=DatanodeDetails, name='Datanode_Command_Queue_Updated'}
2022-12-06 16:24:37,523 [EventQueue-CommandQueueReportForCommandQueueReportHandler] WARN  events.EventQueue (EventQueue.java:fireEvent(216)) - No event handler registered for event TypedEvent{payloadType=DatanodeDetails, name='Datanode_Command_Queue_Updated'}
2022-12-06 16:24:37,726 [Command processor thread] INFO  commandhandler.CreatePipelineCommandHandler (CreatePipelineCommandHandler.java:handle(113)) - Created Pipeline RATIS THREE PipelineID=9267bd50-ce6f-4122-aab6-c860d8a7810c.
2022-12-06 16:24:37,727 [Command processor thread] INFO  server.RaftServer (RaftServerProxy.java:addNew(96)) - 18a879af-de93-4167-9a98-f5b552aa8b4b: addNew group-E13D6F209EBE:[18a879af-de93-4167-9a98-f5b552aa8b4b|rpc:10.1.0.176:33349|priority:0|startupRole:FOLLOWER, a57ee2ea-c69c-41b1-9f64-f7c5b74e8646|rpc:10.1.0.176:37641|priority:0|startupRole:FOLLOWER, f48f5eaa-c865-41e1-958d-4d574a609fc9|rpc:10.1.0.176:45201|priority:1|startupRole:FOLLOWER] returns group-E13D6F209EBE:java.util.concurrent.CompletableFuture@1231e635[Not completed]
2022-12-06 16:24:37,728 [pool-71-thread-1] INFO  server.RaftServer$Division (RaftServerImpl.java:<init>(195)) - 18a879af-de93-4167-9a98-f5b552aa8b4b: new RaftServerImpl for group-E13D6F209EBE:[18a879af-de93-4167-9a98-f5b552aa8b4b|rpc:10.1.0.176:33349|priority:0|startupRole:FOLLOWER, a57ee2ea-c69c-41b1-9f64-f7c5b74e8646|rpc:10.1.0.176:37641|priority:0|startupRole:FOLLOWER, f48f5eaa-c865-41e1-958d-4d574a609fc9|rpc:10.1.0.176:45201|priority:1|startupRole:FOLLOWER] with ContainerStateMachine:uninitialized
2022-12-06 16:24:37,728 [pool-71-thread-1] INFO  server.RaftServerConfigKeys (ConfUtils.java:logGet(46)) - raft.server.rpc.timeout.min = 5s (custom)
2022-12-06 16:24:37,728 [pool-71-thread-1] INFO  server.RaftServerConfigKeys (ConfUtils.java:logGet(46)) - raft.server.rpc.timeout.max = 5200ms (custom)
2022-12-06 16:24:37,731 [pool-71-thread-1] INFO  server.RaftServerConfigKeys (ConfUtils.java:logGet(46)) - raft.server.rpc.sleep.time = 25ms (default)
2022-12-06 16:24:37,731 [pool-71-thread-1] INFO  server.RaftServerConfigKeys (ConfUtils.java:logGet(46)) - raft.server.rpc.slowness.timeout = 300s (custom)
2022-12-06 16:24:37,731 [pool-71-thread-1] INFO  server.RaftServerConfigKeys (ConfUtils.java:logGet(46)) - raft.server.leaderelection.leader.step-down.wait-time = 10s (default)
2022-12-06 16:24:37,731 [pool-71-thread-1] INFO  server.RaftServerConfigKeys (ConfUtils.java:logGet(46)) - raft.server.sleep.deviation.threshold = 300ms (default)
2022-12-06 16:24:37,731 [pool-71-thread-1] INFO  server.RaftServer$Division (ServerState.java:<init>(118)) - 18a879af-de93-4167-9a98-f5b552aa8b4b@group-E13D6F209EBE: ConfigurationManager, init=-1: peers:[18a879af-de93-4167-9a98-f5b552aa8b4b|rpc:10.1.0.176:33349|priority:0|startupRole:FOLLOWER, a57ee2ea-c69c-41b1-9f64-f7c5b74e8646|rpc:10.1.0.176:37641|priority:0|startupRole:FOLLOWER, f48f5eaa-c865-41e1-958d-4d574a609fc9|rpc:10.1.0.176:45201|priority:1|startupRole:FOLLOWER]|listeners:[], old=null, confs=<EMPTY_MAP>
2022-12-06 16:24:37,731 [pool-71-thread-1] INFO  server.RaftServerConfigKeys (ConfUtils.java:logGet(46)) - raft.server.storage.dir = [/home/runner/work/ozone/ozone/hadoop-ozone/integration-test/target/test-dir/MiniOzoneClusterImpl-ff76fcda-2f7b-42b7-aafc-07b3f4cbd752/datanode-0/data/ratis] (custom)
2022-12-06 16:24:37,731 [pool-71-thread-1] INFO  server.RaftServerConfigKeys (ConfUtils.java:logGet(46)) - raft.server.log.corruption.policy = EXCEPTION (default)
2022-12-06 16:24:37,731 [pool-71-thread-1] INFO  server.RaftServerConfigKeys (ConfUtils.java:logGet(46)) - raft.server.storage.free-space.min = 0MB (=0) (default)
2022-12-06 16:24:37,731 [pool-71-thread-1] INFO  server.RaftServerConfigKeys (ConfUtils.java:logGet(46)) - raft.server.notification.no-leader.timeout = 300s (custom)
2022-12-06 16:24:37,731 [pool-71-thread-1] INFO  server.RaftServerConfigKeys (ConfUtils.java:logGet(46)) - raft.server.retrycache.expirytime = 600000ms (custom)
2022-12-06 16:24:37,731 [pool-71-thread-1] INFO  server.RaftServerConfigKeys (ConfUtils.java:logGet(46)) - raft.server.retrycache.statistics.expirytime = 100μs (default)
2022-12-06 16:24:37,735 [pool-71-thread-1] INFO  server.RaftServerConfigKeys (ConfUtils.java:logGet(46)) - raft.server.log.appender.install.snapshot.enabled = false (custom)
2022-12-06 16:24:37,735 [pool-71-thread-1] INFO  server.RaftServerConfigKeys (ConfUtils.java:logGet(46)) - raft.server.threadpool.server.cached = true (default)
2022-12-06 16:24:37,735 [pool-71-thread-1] INFO  server.RaftServerConfigKeys (ConfUtils.java:logGet(46)) - raft.server.threadpool.server.size = 0 (default)
2022-12-06 16:24:37,735 [pool-71-thread-1] INFO  server.RaftServerConfigKeys (ConfUtils.java:logGet(46)) - raft.server.threadpool.client.cached = true (default)
2022-12-06 16:24:37,735 [pool-71-thread-1] INFO  server.RaftServerConfigKeys (ConfUtils.java:logGet(46)) - raft.server.threadpool.client.size = 0 (default)
2022-12-06 16:24:37,735 [pool-71-thread-1] INFO  storage.RaftStorageDirectory (RaftStorageDirectoryImpl.java:analyzeStorage(137)) - The storage directory /home/runner/work/ozone/ozone/hadoop-ozone/integration-test/target/test-dir/MiniOzoneClusterImpl-ff76fcda-2f7b-42b7-aafc-07b3f4cbd752/datanode-0/data/ratis/fb31c8b1-aaf2-4670-8e2f-e13d6f209ebe does not exist. Creating ...
2022-12-06 16:24:37,736 [Command processor thread] INFO  commandhandler.CreatePipelineCommandHandler (CreatePipelineCommandHandler.java:handle(113)) - Created Pipeline RATIS THREE PipelineID=9267bd50-ce6f-4122-aab6-c860d8a7810c.
2022-12-06 16:24:37,737 [Command processor thread] INFO  server.RaftServer (RaftServerProxy.java:addNew(96)) - a57ee2ea-c69c-41b1-9f64-f7c5b74e8646: addNew group-E13D6F209EBE:[18a879af-de93-4167-9a98-f5b552aa8b4b|rpc:10.1.0.176:33349|priority:0|startupRole:FOLLOWER, a57ee2ea-c69c-41b1-9f64-f7c5b74e8646|rpc:10.1.0.176:37641|priority:0|startupRole:FOLLOWER, f48f5eaa-c865-41e1-958d-4d574a609fc9|rpc:10.1.0.176:45201|priority:1|startupRole:FOLLOWER] returns group-E13D6F209EBE:java.util.concurrent.CompletableFuture@1b4e3dcf[Not completed]
2022-12-06 16:24:37,738 [pool-117-thread-1] INFO  server.RaftServer$Division (RaftServerImpl.java:<init>(195)) - a57ee2ea-c69c-41b1-9f64-f7c5b74e8646: new RaftServerImpl for group-E13D6F209EBE:[18a879af-de93-4167-9a98-f5b552aa8b4b|rpc:10.1.0.176:33349|priority:0|startupRole:FOLLOWER, a57ee2ea-c69c-41b1-9f64-f7c5b74e8646|rpc:10.1.0.176:37641|priority:0|startupRole:FOLLOWER, f48f5eaa-c865-41e1-958d-4d574a609fc9|rpc:10.1.0.176:45201|priority:1|startupRole:FOLLOWER] with ContainerStateMachine:uninitialized
2022-12-06 16:24:37,738 [pool-117-thread-1] INFO  server.RaftServerConfigKeys (ConfUtils.java:logGet(46)) - raft.server.rpc.timeout.min = 5s (custom)
2022-12-06 16:24:37,738 [pool-117-thread-1] INFO  server.RaftServerConfigKeys (ConfUtils.java:logGet(46)) - raft.server.rpc.timeout.max = 5200ms (custom)
2022-12-06 16:24:37,739 [pool-117-thread-1] INFO  server.RaftServerConfigKeys (ConfUtils.java:logGet(46)) - raft.server.rpc.sleep.time = 25ms (default)
2022-12-06 16:24:37,739 [pool-117-thread-1] INFO  server.RaftServerConfigKeys (ConfUtils.java:logGet(46)) - raft.server.rpc.slowness.timeout = 300s (custom)
2022-12-06 16:24:37,739 [pool-117-thread-1] INFO  server.RaftServerConfigKeys (ConfUtils.java:logGet(46)) - raft.server.leaderelection.leader.step-down.wait-time = 10s (default)
2022-12-06 16:24:37,739 [pool-117-thread-1] INFO  server.RaftServerConfigKeys (ConfUtils.java:logGet(46)) - raft.server.sleep.deviation.threshold = 300ms (default)
2022-12-06 16:24:37,739 [pool-117-thread-1] INFO  server.RaftServer$Division (ServerState.java:<init>(118)) - a57ee2ea-c69c-41b1-9f64-f7c5b74e8646@group-E13D6F209EBE: ConfigurationManager, init=-1: peers:[18a879af-de93-4167-9a98-f5b552aa8b4b|rpc:10.1.0.176:33349|priority:0|startupRole:FOLLOWER, a57ee2ea-c69c-41b1-9f64-f7c5b74e8646|rpc:10.1.0.176:37641|priority:0|startupRole:FOLLOWER, f48f5eaa-c865-41e1-958d-4d574a609fc9|rpc:10.1.0.176:45201|priority:1|startupRole:FOLLOWER]|listeners:[], old=null, confs=<EMPTY_MAP>
2022-12-06 16:24:37,739 [pool-117-thread-1] INFO  server.RaftServerConfigKeys (ConfUtils.java:logGet(46)) - raft.server.storage.dir = [/home/runner/work/ozone/ozone/hadoop-ozone/integration-test/target/test-dir/MiniOzoneClusterImpl-ff76fcda-2f7b-42b7-aafc-07b3f4cbd752/datanode-2/data/ratis] (custom)
2022-12-06 16:24:37,739 [pool-117-thread-1] INFO  server.RaftServerConfigKeys (ConfUtils.java:logGet(46)) - raft.server.log.corruption.policy = EXCEPTION (default)
2022-12-06 16:24:37,739 [pool-117-thread-1] INFO  server.RaftServerConfigKeys (ConfUtils.java:logGet(46)) - raft.server.storage.free-space.min = 0MB (=0) (default)
2022-12-06 16:24:37,739 [pool-117-thread-1] INFO  server.RaftServerConfigKeys (ConfUtils.java:logGet(46)) - raft.server.notification.no-leader.timeout = 300s (custom)
2022-12-06 16:24:37,739 [pool-117-thread-1] INFO  server.RaftServerConfigKeys (ConfUtils.java:logGet(46)) - raft.server.retrycache.expirytime = 600000ms (custom)
2022-12-06 16:24:37,739 [pool-117-thread-1] INFO  server.RaftServerConfigKeys (ConfUtils.java:logGet(46)) - raft.server.retrycache.statistics.expirytime = 100μs (default)
2022-12-06 16:24:37,741 [pool-117-thread-1] INFO  server.RaftServerConfigKeys (ConfUtils.java:logGet(46)) - raft.server.log.appender.install.snapshot.enabled = false (custom)
2022-12-06 16:24:37,741 [pool-117-thread-1] INFO  server.RaftServerConfigKeys (ConfUtils.java:logGet(46)) - raft.server.threadpool.server.cached = true (default)
2022-12-06 16:24:37,741 [pool-117-thread-1] INFO  server.RaftServerConfigKeys (ConfUtils.java:logGet(46)) - raft.server.threadpool.server.size = 0 (default)
2022-12-06 16:24:37,741 [pool-117-thread-1] INFO  server.RaftServerConfigKeys (ConfUtils.java:logGet(46)) - raft.server.threadpool.client.cached = true (default)
2022-12-06 16:24:37,741 [pool-117-thread-1] INFO  server.RaftServerConfigKeys (ConfUtils.java:logGet(46)) - raft.server.threadpool.client.size = 0 (default)
2022-12-06 16:24:37,741 [pool-117-thread-1] INFO  storage.RaftStorageDirectory (RaftStorageDirectoryImpl.java:analyzeStorage(137)) - The storage directory /home/runner/work/ozone/ozone/hadoop-ozone/integration-test/target/test-dir/MiniOzoneClusterImpl-ff76fcda-2f7b-42b7-aafc-07b3f4cbd752/datanode-2/data/ratis/fb31c8b1-aaf2-4670-8e2f-e13d6f209ebe does not exist. Creating ...
2022-12-06 16:24:37,737 [pool-71-thread-1] INFO  storage.RaftStorageDirectory (RaftStorageDirectoryImpl.java:tryLock(231)) - Lock on /home/runner/work/ozone/ozone/hadoop-ozone/integration-test/target/test-dir/MiniOzoneClusterImpl-ff76fcda-2f7b-42b7-aafc-07b3f4cbd752/datanode-0/data/ratis/fb31c8b1-aaf2-4670-8e2f-e13d6f209ebe/in_use.lock acquired by nodename 47636@fv-az451-158
2022-12-06 16:24:37,742 [pool-117-thread-1] INFO  storage.RaftStorageDirectory (RaftStorageDirectoryImpl.java:tryLock(231)) - Lock on /home/runner/work/ozone/ozone/hadoop-ozone/integration-test/target/test-dir/MiniOzoneClusterImpl-ff76fcda-2f7b-42b7-aafc-07b3f4cbd752/datanode-2/data/ratis/fb31c8b1-aaf2-4670-8e2f-e13d6f209ebe/in_use.lock acquired by nodename 47636@fv-az451-158
2022-12-06 16:24:37,749 [Command processor thread] INFO  commandhandler.CreatePipelineCommandHandler (CreatePipelineCommandHandler.java:handle(113)) - Created Pipeline RATIS THREE PipelineID=9267bd50-ce6f-4122-aab6-c860d8a7810c.
2022-12-06 16:24:37,749 [Command processor thread] INFO  server.RaftServer (RaftServerProxy.java:addNew(96)) - f48f5eaa-c865-41e1-958d-4d574a609fc9: addNew group-E13D6F209EBE:[18a879af-de93-4167-9a98-f5b552aa8b4b|rpc:10.1.0.176:33349|priority:0|startupRole:FOLLOWER, a57ee2ea-c69c-41b1-9f64-f7c5b74e8646|rpc:10.1.0.176:37641|priority:0|startupRole:FOLLOWER, f48f5eaa-c865-41e1-958d-4d574a609fc9|rpc:10.1.0.176:45201|priority:1|startupRole:FOLLOWER] returns group-E13D6F209EBE:java.util.concurrent.CompletableFuture@311f536[Not completed]
2022-12-06 16:24:37,750 [pool-71-thread-1] INFO  storage.RaftStorage (RaftStorageImpl.java:format(96)) - Storage directory /home/runner/work/ozone/ozone/hadoop-ozone/integration-test/target/test-dir/MiniOzoneClusterImpl-ff76fcda-2f7b-42b7-aafc-07b3f4cbd752/datanode-0/data/ratis/fb31c8b1-aaf2-4670-8e2f-e13d6f209ebe has been successfully formatted.
2022-12-06 16:24:37,750 [pool-117-thread-1] INFO  storage.RaftStorage (RaftStorageImpl.java:format(96)) - Storage directory /home/runner/work/ozone/ozone/hadoop-ozone/integration-test/target/test-dir/MiniOzoneClusterImpl-ff76fcda-2f7b-42b7-aafc-07b3f4cbd752/datanode-2/data/ratis/fb31c8b1-aaf2-4670-8e2f-e13d6f209ebe has been successfully formatted.
2022-12-06 16:24:37,757 [pool-117-thread-1] INFO  ratis.ContainerStateMachine (ContainerStateMachine.java:loadSnapshot(236)) - group-E13D6F209EBE: The snapshot info is null. Setting the last applied indexto:(t:0, i:~)
2022-12-06 16:24:37,757 [pool-117-thread-1] INFO  server.RaftServerConfigKeys (ConfUtils.java:logGet(46)) - raft.server.log.use.memory = false (default)
2022-12-06 16:24:37,757 [pool-117-thread-1] INFO  server.RaftServerConfigKeys (ConfUtils.java:logGet(46)) - raft.server.log.purge.gap = 1000000 (custom)
2022-12-06 16:24:37,757 [pool-117-thread-1] INFO  server.RaftServerConfigKeys (ConfUtils.java:logGet(46)) - raft.server.log.appender.buffer.byte-limit = 33554432 (custom)
2022-12-06 16:24:37,757 [pool-117-thread-1] INFO  server.RaftServerConfigKeys (ConfUtils.java:logGet(46)) - raft.server.log.statemachine.data.read.timeout = 1000ms (default)
2022-12-06 16:24:37,757 [pool-117-thread-1] INFO  server.RaftServerConfigKeys (ConfUtils.java:logGet(46)) - raft.server.log.purge.preservation.log.num = 0 (default)
2022-12-06 16:24:37,757 [pool-117-thread-1] INFO  server.RaftServerConfigKeys (ConfUtils.java:logGet(46)) - raft.server.log.segment.size.max = 1048576 (custom)
2022-12-06 16:24:37,759 [EventQueue-CommandQueueReportForCommandQueueReportHandler] WARN  events.EventQueue (EventQueue.java:fireEvent(216)) - No event handler registered for event TypedEvent{payloadType=DatanodeDetails, name='Datanode_Command_Queue_Updated'}
2022-12-06 16:24:37,759 [EventQueue-OpenPipelineForHealthyPipelineSafeModeRule] INFO  safemode.SCMSafeModeManager (HealthyPipelineSafeModeRule.java:process(137)) - SCM in safe mode. Healthy pipelines reported count is 0, required healthy pipeline reported count is 1
2022-12-06 16:24:37,750 [pool-71-thread-1] INFO  ratis.ContainerStateMachine (ContainerStateMachine.java:loadSnapshot(236)) - group-E13D6F209EBE: The snapshot info is null. Setting the last applied indexto:(t:0, i:~)
2022-12-06 16:24:37,759 [pool-71-thread-1] INFO  server.RaftServerConfigKeys (ConfUtils.java:logGet(46)) - raft.server.log.use.memory = false (default)
2022-12-06 16:24:37,760 [pool-71-thread-1] INFO  server.RaftServerConfigKeys (ConfUtils.java:logGet(46)) - raft.server.log.purge.gap = 1000000 (custom)
2022-12-06 16:24:37,760 [pool-71-thread-1] INFO  server.RaftServerConfigKeys (ConfUtils.java:logGet(46)) - raft.server.log.appender.buffer.byte-limit = 33554432 (custom)
2022-12-06 16:24:37,760 [pool-71-thread-1] INFO  server.RaftServerConfigKeys (ConfUtils.java:logGet(46)) - raft.server.log.statemachine.data.read.timeout = 1000ms (default)
2022-12-06 16:24:37,760 [pool-71-thread-1] INFO  server.RaftServerConfigKeys (ConfUtils.java:logGet(46)) - raft.server.log.purge.preservation.log.num = 0 (default)
2022-12-06 16:24:37,760 [pool-71-thread-1] INFO  server.RaftServerConfigKeys (ConfUtils.java:logGet(46)) - raft.server.log.segment.size.max = 1048576 (custom)
2022-12-06 16:24:37,760 [pool-117-thread-1] INFO  server.RaftServerConfigKeys (ConfUtils.java:logGet(46)) - raft.server.log.segment.cache.num.max = 2 (custom)
2022-12-06 16:24:37,760 [pool-117-thread-1] INFO  server.RaftServerConfigKeys (ConfUtils.java:logGet(46)) - raft.server.log.segment.cache.size.max = 200MB (=209715200) (default)
2022-12-06 16:24:37,760 [pool-117-thread-1] INFO  segmented.SegmentedRaftLogWorker (SegmentedRaftLogWorker.java:<init>(189)) - new a57ee2ea-c69c-41b1-9f64-f7c5b74e8646@group-E13D6F209EBE-SegmentedRaftLogWorker for RaftStorageImpl:Storage Directory /home/runner/work/ozone/ozone/hadoop-ozone/integration-test/target/test-dir/MiniOzoneClusterImpl-ff76fcda-2f7b-42b7-aafc-07b3f4cbd752/datanode-2/data/ratis/fb31c8b1-aaf2-4670-8e2f-e13d6f209ebe
2022-12-06 16:24:37,760 [pool-71-thread-1] INFO  server.RaftServerConfigKeys (ConfUtils.java:logGet(46)) - raft.server.log.segment.cache.num.max = 2 (custom)
2022-12-06 16:24:37,761 [pool-71-thread-1] INFO  server.RaftServerConfigKeys (ConfUtils.java:logGet(46)) - raft.server.log.segment.cache.size.max = 200MB (=209715200) (default)
2022-12-06 16:24:37,761 [pool-71-thread-1] INFO  segmented.SegmentedRaftLogWorker (SegmentedRaftLogWorker.java:<init>(189)) - new 18a879af-de93-4167-9a98-f5b552aa8b4b@group-E13D6F209EBE-SegmentedRaftLogWorker for RaftStorageImpl:Storage Directory /home/runner/work/ozone/ozone/hadoop-ozone/integration-test/target/test-dir/MiniOzoneClusterImpl-ff76fcda-2f7b-42b7-aafc-07b3f4cbd752/datanode-0/data/ratis/fb31c8b1-aaf2-4670-8e2f-e13d6f209ebe
2022-12-06 16:24:37,761 [pool-71-thread-1] INFO  server.RaftServerConfigKeys (ConfUtils.java:logGet(46)) - raft.server.log.queue.byte-limit = 4294967296 (custom)
2022-12-06 16:24:37,761 [pool-71-thread-1] INFO  server.RaftServerConfigKeys (ConfUtils.java:logGet(46)) - raft.server.log.queue.element-limit = 1024 (custom)
2022-12-06 16:24:37,762 [pool-71-thread-1] INFO  server.RaftServerConfigKeys (ConfUtils.java:logGet(46)) - raft.server.log.segment.size.max = 1048576 (custom)
2022-12-06 16:24:37,762 [pool-71-thread-1] INFO  server.RaftServerConfigKeys (ConfUtils.java:logGet(46)) - raft.server.log.preallocated.size = 16384 (custom)
2022-12-06 16:24:37,762 [pool-71-thread-1] INFO  server.RaftServerConfigKeys (ConfUtils.java:logGet(46)) - raft.server.log.force.sync.num = 128 (default)
2022-12-06 16:24:37,762 [pool-71-thread-1] INFO  server.RaftServerConfigKeys (ConfUtils.java:logGet(46)) - raft.server.log.statemachine.data.sync = true (default)
2022-12-06 16:24:37,762 [pool-71-thread-1] INFO  server.RaftServerConfigKeys (ConfUtils.java:logGet(46)) - raft.server.log.statemachine.data.sync.timeout = 10s (default)
2022-12-06 16:24:37,762 [pool-71-thread-1] INFO  server.RaftServerConfigKeys (ConfUtils.java:logGet(46)) - raft.server.log.statemachine.data.sync.timeout.retry = -1 (default)
2022-12-06 16:24:37,752 [pool-94-thread-1] INFO  server.RaftServer$Division (RaftServerImpl.java:<init>(195)) - f48f5eaa-c865-41e1-958d-4d574a609fc9: new RaftServerImpl for group-E13D6F209EBE:[18a879af-de93-4167-9a98-f5b552aa8b4b|rpc:10.1.0.176:33349|priority:0|startupRole:FOLLOWER, a57ee2ea-c69c-41b1-9f64-f7c5b74e8646|rpc:10.1.0.176:37641|priority:0|startupRole:FOLLOWER, f48f5eaa-c865-41e1-958d-4d574a609fc9|rpc:10.1.0.176:45201|priority:1|startupRole:FOLLOWER] with ContainerStateMachine:uninitialized
2022-12-06 16:24:37,763 [pool-94-thread-1] INFO  server.RaftServerConfigKeys (ConfUtils.java:logGet(46)) - raft.server.rpc.timeout.min = 5s (custom)
2022-12-06 16:24:37,763 [pool-94-thread-1] INFO  server.RaftServerConfigKeys (ConfUtils.java:logGet(46)) - raft.server.rpc.timeout.max = 5200ms (custom)
2022-12-06 16:24:37,763 [pool-94-thread-1] INFO  server.RaftServerConfigKeys (ConfUtils.java:logGet(46)) - raft.server.rpc.sleep.time = 25ms (default)
2022-12-06 16:24:37,763 [pool-94-thread-1] INFO  server.RaftServerConfigKeys (ConfUtils.java:logGet(46)) - raft.server.rpc.slowness.timeout = 300s (custom)
2022-12-06 16:24:37,763 [pool-94-thread-1] INFO  server.RaftServerConfigKeys (ConfUtils.java:logGet(46)) - raft.server.leaderelection.leader.step-down.wait-time = 10s (default)
2022-12-06 16:24:37,763 [pool-94-thread-1] INFO  server.RaftServerConfigKeys (ConfUtils.java:logGet(46)) - raft.server.sleep.deviation.threshold = 300ms (default)
2022-12-06 16:24:37,763 [pool-94-thread-1] INFO  server.RaftServer$Division (ServerState.java:<init>(118)) - f48f5eaa-c865-41e1-958d-4d574a609fc9@group-E13D6F209EBE: ConfigurationManager, init=-1: peers:[18a879af-de93-4167-9a98-f5b552aa8b4b|rpc:10.1.0.176:33349|priority:0|startupRole:FOLLOWER, a57ee2ea-c69c-41b1-9f64-f7c5b74e8646|rpc:10.1.0.176:37641|priority:0|startupRole:FOLLOWER, f48f5eaa-c865-41e1-958d-4d574a609fc9|rpc:10.1.0.176:45201|priority:1|startupRole:FOLLOWER]|listeners:[], old=null, confs=<EMPTY_MAP>
2022-12-06 16:24:37,764 [pool-94-thread-1] INFO  server.RaftServerConfigKeys (ConfUtils.java:logGet(46)) - raft.server.storage.dir = [/home/runner/work/ozone/ozone/hadoop-ozone/integration-test/target/test-dir/MiniOzoneClusterImpl-ff76fcda-2f7b-42b7-aafc-07b3f4cbd752/datanode-1/data/ratis] (custom)
2022-12-06 16:24:37,764 [pool-94-thread-1] INFO  server.RaftServerConfigKeys (ConfUtils.java:logGet(46)) - raft.server.log.corruption.policy = EXCEPTION (default)
2022-12-06 16:24:37,764 [pool-94-thread-1] INFO  server.RaftServerConfigKeys (ConfUtils.java:logGet(46)) - raft.server.storage.free-space.min = 0MB (=0) (default)
2022-12-06 16:24:37,764 [pool-94-thread-1] INFO  server.RaftServerConfigKeys (ConfUtils.java:logGet(46)) - raft.server.notification.no-leader.timeout = 300s (custom)
2022-12-06 16:24:37,764 [pool-94-thread-1] INFO  server.RaftServerConfigKeys (ConfUtils.java:logGet(46)) - raft.server.retrycache.expirytime = 600000ms (custom)
2022-12-06 16:24:37,764 [pool-94-thread-1] INFO  server.RaftServerConfigKeys (ConfUtils.java:logGet(46)) - raft.server.retrycache.statistics.expirytime = 100μs (default)
2022-12-06 16:24:37,765 [pool-94-thread-1] INFO  server.RaftServerConfigKeys (ConfUtils.java:logGet(46)) - raft.server.log.appender.install.snapshot.enabled = false (custom)
2022-12-06 16:24:37,765 [pool-94-thread-1] INFO  server.RaftServerConfigKeys (ConfUtils.java:logGet(46)) - raft.server.threadpool.server.cached = true (default)
2022-12-06 16:24:37,765 [pool-94-thread-1] INFO  server.RaftServerConfigKeys (ConfUtils.java:logGet(46)) - raft.server.threadpool.server.size = 0 (default)
2022-12-06 16:24:37,765 [pool-94-thread-1] INFO  server.RaftServerConfigKeys (ConfUtils.java:logGet(46)) - raft.server.threadpool.client.cached = true (default)
2022-12-06 16:24:37,765 [pool-94-thread-1] INFO  server.RaftServerConfigKeys (ConfUtils.java:logGet(46)) - raft.server.threadpool.client.size = 0 (default)
2022-12-06 16:24:37,766 [pool-94-thread-1] INFO  storage.RaftStorageDirectory (RaftStorageDirectoryImpl.java:analyzeStorage(137)) - The storage directory /home/runner/work/ozone/ozone/hadoop-ozone/integration-test/target/test-dir/MiniOzoneClusterImpl-ff76fcda-2f7b-42b7-aafc-07b3f4cbd752/datanode-1/data/ratis/fb31c8b1-aaf2-4670-8e2f-e13d6f209ebe does not exist. Creating ...
2022-12-06 16:24:37,761 [pool-117-thread-1] INFO  server.RaftServerConfigKeys (ConfUtils.java:logGet(46)) - raft.server.log.queue.byte-limit = 4294967296 (custom)
2022-12-06 16:24:37,770 [EventQueue-OpenPipelineForHealthyPipelineSafeModeRule] INFO  safemode.SCMSafeModeManager (HealthyPipelineSafeModeRule.java:process(137)) - SCM in safe mode. Healthy pipelines reported count is 0, required healthy pipeline reported count is 1
2022-12-06 16:24:37,770 [pool-71-thread-1] INFO  server.RaftServerConfigKeys (ConfUtils.java:logGet(46)) - raft.server.log.write.buffer.size = 1048576 (custom)
2022-12-06 16:24:37,770 [pool-140-thread-1] INFO  server.RaftServer$Division (RaftServerImpl.java:<init>(195)) - fd07e5d7-2dd9-455a-a9b9-9dae4f4be123: new RaftServerImpl for group-7083CF84009A:[fd07e5d7-2dd9-455a-a9b9-9dae4f4be123|rpc:10.1.0.176:45045|priority:1|startupRole:FOLLOWER] with ContainerStateMachine:uninitialized
2022-12-06 16:24:37,769 [Command processor thread] INFO  server.RaftServer (RaftServerProxy.java:addNew(96)) - fd07e5d7-2dd9-455a-a9b9-9dae4f4be123: addNew group-7083CF84009A:[fd07e5d7-2dd9-455a-a9b9-9dae4f4be123|rpc:10.1.0.176:45045|priority:1|startupRole:FOLLOWER] returns group-7083CF84009A:java.util.concurrent.CompletableFuture@1adf4fc[Not completed]
2022-12-06 16:24:37,780 [pool-140-thread-1] INFO  server.RaftServerConfigKeys (ConfUtils.java:logGet(46)) - raft.server.rpc.timeout.min = 5s (custom)
2022-12-06 16:24:37,780 [pool-140-thread-1] INFO  server.RaftServerConfigKeys (ConfUtils.java:logGet(46)) - raft.server.rpc.timeout.max = 5200ms (custom)
2022-12-06 16:24:37,780 [pool-140-thread-1] INFO  server.RaftServerConfigKeys (ConfUtils.java:logGet(46)) - raft.server.rpc.sleep.time = 25ms (default)
2022-12-06 16:24:37,780 [pool-140-thread-1] INFO  server.RaftServerConfigKeys (ConfUtils.java:logGet(46)) - raft.server.rpc.slowness.timeout = 300s (custom)
2022-12-06 16:24:37,780 [pool-140-thread-1] INFO  server.RaftServerConfigKeys (ConfUtils.java:logGet(46)) - raft.server.leaderelection.leader.step-down.wait-time = 10s (default)
2022-12-06 16:24:37,780 [pool-140-thread-1] INFO  server.RaftServerConfigKeys (ConfUtils.java:logGet(46)) - raft.server.sleep.deviation.threshold = 300ms (default)
2022-12-06 16:24:37,780 [pool-140-thread-1] INFO  server.RaftServer$Division (ServerState.java:<init>(118)) - fd07e5d7-2dd9-455a-a9b9-9dae4f4be123@group-7083CF84009A: ConfigurationManager, init=-1: peers:[fd07e5d7-2dd9-455a-a9b9-9dae4f4be123|rpc:10.1.0.176:45045|priority:1|startupRole:FOLLOWER]|listeners:[], old=null, confs=<EMPTY_MAP>
2022-12-06 16:24:37,780 [pool-140-thread-1] INFO  server.RaftServerConfigKeys (ConfUtils.java:logGet(46)) - raft.server.storage.dir = [/home/runner/work/ozone/ozone/hadoop-ozone/integration-test/target/test-dir/MiniOzoneClusterImpl-ff76fcda-2f7b-42b7-aafc-07b3f4cbd752/datanode-3/data/ratis] (custom)
2022-12-06 16:24:37,780 [pool-71-thread-1] INFO  server.RaftServerConfigKeys (ConfUtils.java:logGet(46)) - raft.server.log.appender.buffer.byte-limit = 33554432 (custom)
2022-12-06 16:24:37,780 [pool-140-thread-1] INFO  server.RaftServerConfigKeys (ConfUtils.java:logGet(46)) - raft.server.log.corruption.policy = EXCEPTION (default)
2022-12-06 16:24:37,781 [pool-140-thread-1] INFO  server.RaftServerConfigKeys (ConfUtils.java:logGet(46)) - raft.server.storage.free-space.min = 0MB (=0) (default)
2022-12-06 16:24:37,781 [pool-140-thread-1] INFO  server.RaftServerConfigKeys (ConfUtils.java:logGet(46)) - raft.server.notification.no-leader.timeout = 300s (custom)
2022-12-06 16:24:37,781 [pool-140-thread-1] INFO  server.RaftServerConfigKeys (ConfUtils.java:logGet(46)) - raft.server.retrycache.expirytime = 600000ms (custom)
2022-12-06 16:24:37,781 [pool-140-thread-1] INFO  server.RaftServerConfigKeys (ConfUtils.java:logGet(46)) - raft.server.retrycache.statistics.expirytime = 100μs (default)
2022-12-06 16:24:37,767 [pool-94-thread-1] INFO  storage.RaftStorageDirectory (RaftStorageDirectoryImpl.java:tryLock(231)) - Lock on /home/runner/work/ozone/ozone/hadoop-ozone/integration-test/target/test-dir/MiniOzoneClusterImpl-ff76fcda-2f7b-42b7-aafc-07b3f4cbd752/datanode-1/data/ratis/fb31c8b1-aaf2-4670-8e2f-e13d6f209ebe/in_use.lock acquired by nodename 47636@fv-az451-158
2022-12-06 16:24:37,767 [EventQueue-CommandQueueReportForCommandQueueReportHandler] WARN  events.EventQueue (EventQueue.java:fireEvent(216)) - No event handler registered for event TypedEvent{payloadType=DatanodeDetails, name='Datanode_Command_Queue_Updated'}
2022-12-06 16:24:37,782 [EventQueue-CommandQueueReportForCommandQueueReportHandler] WARN  events.EventQueue (EventQueue.java:fireEvent(216)) - No event handler registered for event TypedEvent{payloadType=DatanodeDetails, name='Datanode_Command_Queue_Updated'}
2022-12-06 16:24:37,776 [pool-117-thread-1] INFO  server.RaftServerConfigKeys (ConfUtils.java:logGet(46)) - raft.server.log.queue.element-limit = 1024 (custom)
2022-12-06 16:24:37,782 [pool-117-thread-1] INFO  server.RaftServerConfigKeys (ConfUtils.java:logGet(46)) - raft.server.log.segment.size.max = 1048576 (custom)
2022-12-06 16:24:37,782 [pool-117-thread-1] INFO  server.RaftServerConfigKeys (ConfUtils.java:logGet(46)) - raft.server.log.preallocated.size = 16384 (custom)
2022-12-06 16:24:37,782 [pool-117-thread-1] INFO  server.RaftServerConfigKeys (ConfUtils.java:logGet(46)) - raft.server.log.force.sync.num = 128 (default)
2022-12-06 16:24:37,782 [pool-117-thread-1] INFO  server.RaftServerConfigKeys (ConfUtils.java:logGet(46)) - raft.server.log.statemachine.data.sync = true (default)
2022-12-06 16:24:37,782 [pool-117-thread-1] INFO  server.RaftServerConfigKeys (ConfUtils.java:logGet(46)) - raft.server.log.statemachine.data.sync.timeout = 10s (default)
2022-12-06 16:24:37,782 [pool-117-thread-1] INFO  server.RaftServerConfigKeys (ConfUtils.java:logGet(46)) - raft.server.log.statemachine.data.sync.timeout.retry = -1 (default)
2022-12-06 16:24:37,783 [pool-94-thread-1] INFO  storage.RaftStorage (RaftStorageImpl.java:format(96)) - Storage directory /home/runner/work/ozone/ozone/hadoop-ozone/integration-test/target/test-dir/MiniOzoneClusterImpl-ff76fcda-2f7b-42b7-aafc-07b3f4cbd752/datanode-1/data/ratis/fb31c8b1-aaf2-4670-8e2f-e13d6f209ebe has been successfully formatted.
2022-12-06 16:24:37,784 [pool-94-thread-1] INFO  ratis.ContainerStateMachine (ContainerStateMachine.java:loadSnapshot(236)) - group-E13D6F209EBE: The snapshot info is null. Setting the last applied indexto:(t:0, i:~)
2022-12-06 16:24:37,784 [pool-94-thread-1] INFO  server.RaftServerConfigKeys (ConfUtils.java:logGet(46)) - raft.server.log.use.memory = false (default)
2022-12-06 16:24:37,784 [pool-94-thread-1] INFO  server.RaftServerConfigKeys (ConfUtils.java:logGet(46)) - raft.server.log.purge.gap = 1000000 (custom)
2022-12-06 16:24:37,784 [pool-94-thread-1] INFO  server.RaftServerConfigKeys (ConfUtils.java:logGet(46)) - raft.server.log.appender.buffer.byte-limit = 33554432 (custom)
2022-12-06 16:24:37,784 [pool-94-thread-1] INFO  server.RaftServerConfigKeys (ConfUtils.java:logGet(46)) - raft.server.log.statemachine.data.read.timeout = 1000ms (default)
2022-12-06 16:24:37,784 [pool-94-thread-1] INFO  server.RaftServerConfigKeys (ConfUtils.java:logGet(46)) - raft.server.log.purge.preservation.log.num = 0 (default)
2022-12-06 16:24:37,784 [pool-94-thread-1] INFO  server.RaftServerConfigKeys (ConfUtils.java:logGet(46)) - raft.server.log.segment.size.max = 1048576 (custom)
2022-12-06 16:24:37,785 [EventQueue-OpenPipelineForHealthyPipelineSafeModeRule] INFO  safemode.SCMSafeModeManager (HealthyPipelineSafeModeRule.java:process(137)) - SCM in safe mode. Healthy pipelines reported count is 0, required healthy pipeline reported count is 1
2022-12-06 16:24:37,785 [EventQueue-CommandQueueReportForCommandQueueReportHandler] WARN  events.EventQueue (EventQueue.java:fireEvent(216)) - No event handler registered for event TypedEvent{payloadType=DatanodeDetails, name='Datanode_Command_Queue_Updated'}
2022-12-06 16:24:37,789 [pool-71-thread-1] INFO  server.RaftServerConfigKeys (ConfUtils.java:logGet(46)) - raft.server.log.unsafe-flush.enabled = false (default)
2022-12-06 16:24:37,789 [pool-71-thread-1] INFO  server.RaftServerConfigKeys (ConfUtils.java:logGet(46)) - raft.server.log.async-flush.enabled = false (default)
2022-12-06 16:24:37,789 [pool-71-thread-1] INFO  server.RaftServerConfigKeys (ConfUtils.java:logGet(46)) - raft.server.log.statemachine.data.caching.enabled = true (custom)
2022-12-06 16:24:37,789 [pool-71-thread-1] INFO  segmented.SegmentedRaftLogWorker (SegmentedRaftLogWorker.java:lambda$new$0(135)) - 18a879af-de93-4167-9a98-f5b552aa8b4b@group-E13D6F209EBE-SegmentedRaftLogWorker: flushIndex: setUnconditionally 0 -> -1
2022-12-06 16:24:37,789 [pool-71-thread-1] INFO  segmented.SegmentedRaftLogWorker (SegmentedRaftLogWorker.java:lambda$new$0(135)) - 18a879af-de93-4167-9a98-f5b552aa8b4b@group-E13D6F209EBE-SegmentedRaftLogWorker: safeCacheEvictIndex: setUnconditionally 0 -> -1
2022-12-06 16:24:37,791 [pool-71-thread-1] INFO  server.RaftServer$Division (RaftServerImpl.java:start(334)) - 18a879af-de93-4167-9a98-f5b552aa8b4b@group-E13D6F209EBE: start as a follower, conf=-1: peers:[18a879af-de93-4167-9a98-f5b552aa8b4b|rpc:10.1.0.176:33349|priority:0|startupRole:FOLLOWER, a57ee2ea-c69c-41b1-9f64-f7c5b74e8646|rpc:10.1.0.176:37641|priority:0|startupRole:FOLLOWER, f48f5eaa-c865-41e1-958d-4d574a609fc9|rpc:10.1.0.176:45201|priority:1|startupRole:FOLLOWER]|listeners:[], old=null
2022-12-06 16:24:37,791 [pool-71-thread-1] INFO  server.RaftServer$Division (RaftServerImpl.java:setRole(321)) - 18a879af-de93-4167-9a98-f5b552aa8b4b@group-E13D6F209EBE: changes role from      null to FOLLOWER at term 0 for startAsFollower
2022-12-06 16:24:37,791 [pool-71-thread-1] INFO  impl.RoleInfo (RoleInfo.java:updateAndGet(139)) - 18a879af-de93-4167-9a98-f5b552aa8b4b: start 18a879af-de93-4167-9a98-f5b552aa8b4b@group-E13D6F209EBE-FollowerState
2022-12-06 16:24:37,791 [pool-94-thread-1] INFO  server.RaftServerConfigKeys (ConfUtils.java:logGet(46)) - raft.server.log.segment.cache.num.max = 2 (custom)
2022-12-06 16:24:37,791 [pool-94-thread-1] INFO  server.RaftServerConfigKeys (ConfUtils.java:logGet(46)) - raft.server.log.segment.cache.size.max = 200MB (=209715200) (default)
2022-12-06 16:24:37,791 [pool-94-thread-1] INFO  segmented.SegmentedRaftLogWorker (SegmentedRaftLogWorker.java:<init>(189)) - new f48f5eaa-c865-41e1-958d-4d574a609fc9@group-E13D6F209EBE-SegmentedRaftLogWorker for RaftStorageImpl:Storage Directory /home/runner/work/ozone/ozone/hadoop-ozone/integration-test/target/test-dir/MiniOzoneClusterImpl-ff76fcda-2f7b-42b7-aafc-07b3f4cbd752/datanode-1/data/ratis/fb31c8b1-aaf2-4670-8e2f-e13d6f209ebe
2022-12-06 16:24:37,792 [pool-94-thread-1] INFO  server.RaftServerConfigKeys (ConfUtils.java:logGet(46)) - raft.server.log.queue.byte-limit = 4294967296 (custom)
2022-12-06 16:24:37,792 [pool-94-thread-1] INFO  server.RaftServerConfigKeys (ConfUtils.java:logGet(46)) - raft.server.log.queue.element-limit = 1024 (custom)
2022-12-06 16:24:37,792 [pool-94-thread-1] INFO  server.RaftServerConfigKeys (ConfUtils.java:logGet(46)) - raft.server.log.segment.size.max = 1048576 (custom)
2022-12-06 16:24:37,792 [pool-94-thread-1] INFO  server.RaftServerConfigKeys (ConfUtils.java:logGet(46)) - raft.server.log.preallocated.size = 16384 (custom)
2022-12-06 16:24:37,792 [pool-94-thread-1] INFO  server.RaftServerConfigKeys (ConfUtils.java:logGet(46)) - raft.server.log.force.sync.num = 128 (default)
2022-12-06 16:24:37,792 [pool-94-thread-1] INFO  server.RaftServerConfigKeys (ConfUtils.java:logGet(46)) - raft.server.log.statemachine.data.sync = true (default)
2022-12-06 16:24:37,792 [pool-94-thread-1] INFO  server.RaftServerConfigKeys (ConfUtils.java:logGet(46)) - raft.server.log.statemachine.data.sync.timeout = 10s (default)
2022-12-06 16:24:37,792 [pool-94-thread-1] INFO  server.RaftServerConfigKeys (ConfUtils.java:logGet(46)) - raft.server.log.statemachine.data.sync.timeout.retry = -1 (default)
2022-12-06 16:24:37,792 [18a879af-de93-4167-9a98-f5b552aa8b4b@group-E13D6F209EBE-FollowerState] INFO  server.RaftServerConfigKeys (ConfUtils.java:logFallback(53)) - raft.server.rpc.first-election.timeout.min = 5s (fallback to raft.server.rpc.timeout.min)
2022-12-06 16:24:37,792 [18a879af-de93-4167-9a98-f5b552aa8b4b@group-E13D6F209EBE-FollowerState] INFO  server.RaftServerConfigKeys (ConfUtils.java:logFallback(53)) - raft.server.rpc.first-election.timeout.max = 5200ms (fallback to raft.server.rpc.timeout.max)
2022-12-06 16:24:37,794 [pool-71-thread-1] INFO  util.JmxRegister (JmxRegister.java:tryRegister(44)) - Successfully registered JMX Bean with object name Ratis:service=RaftServer,group=group-E13D6F209EBE,id=18a879af-de93-4167-9a98-f5b552aa8b4b
2022-12-06 16:24:37,794 [pool-71-thread-1] INFO  server.RaftServerConfigKeys (ConfUtils.java:logGet(46)) - raft.server.snapshot.auto.trigger.enabled = true (custom)
2022-12-06 16:24:37,794 [pool-71-thread-1] INFO  server.RaftServerConfigKeys (ConfUtils.java:logGet(46)) - raft.server.snapshot.auto.trigger.threshold = 10000 (custom)
2022-12-06 16:24:37,794 [pool-71-thread-1] INFO  server.RaftServerConfigKeys (ConfUtils.java:logGet(46)) - raft.server.snapshot.retention.file.num = 5 (custom)
2022-12-06 16:24:37,794 [pool-71-thread-1] INFO  server.RaftServerConfigKeys (ConfUtils.java:logGet(46)) - raft.server.log.purge.upto.snapshot.index = false (default)
2022-12-06 16:24:37,795 [pool-117-thread-1] INFO  server.RaftServerConfigKeys (ConfUtils.java:logGet(46)) - raft.server.log.write.buffer.size = 1048576 (custom)
2022-12-06 16:24:37,795 [pool-117-thread-1] INFO  server.RaftServerConfigKeys (ConfUtils.java:logGet(46)) - raft.server.log.appender.buffer.byte-limit = 33554432 (custom)
2022-12-06 16:24:37,799 [pool-94-thread-1] INFO  server.RaftServerConfigKeys (ConfUtils.java:logGet(46)) - raft.server.log.write.buffer.size = 1048576 (custom)
2022-12-06 16:24:37,800 [pool-94-thread-1] INFO  server.RaftServerConfigKeys (ConfUtils.java:logGet(46)) - raft.server.log.appender.buffer.byte-limit = 33554432 (custom)
2022-12-06 16:24:37,804 [Command processor thread] INFO  ratis.XceiverServerRatis (XceiverServerRatis.java:addGroup(765)) - Created group PipelineID=fb31c8b1-aaf2-4670-8e2f-e13d6f209ebe
2022-12-06 16:24:37,811 [pool-94-thread-1] INFO  server.RaftServerConfigKeys (ConfUtils.java:logGet(46)) - raft.server.log.unsafe-flush.enabled = false (default)
2022-12-06 16:24:37,812 [pool-117-thread-1] INFO  server.RaftServerConfigKeys (ConfUtils.java:logGet(46)) - raft.server.log.unsafe-flush.enabled = false (default)
2022-12-06 16:24:37,812 [pool-117-thread-1] INFO  server.RaftServerConfigKeys (ConfUtils.java:logGet(46)) - raft.server.log.async-flush.enabled = false (default)
2022-12-06 16:24:37,812 [pool-117-thread-1] INFO  server.RaftServerConfigKeys (ConfUtils.java:logGet(46)) - raft.server.log.statemachine.data.caching.enabled = true (custom)
2022-12-06 16:24:37,812 [pool-117-thread-1] INFO  segmented.SegmentedRaftLogWorker (SegmentedRaftLogWorker.java:lambda$new$0(135)) - a57ee2ea-c69c-41b1-9f64-f7c5b74e8646@group-E13D6F209EBE-SegmentedRaftLogWorker: flushIndex: setUnconditionally 0 -> -1
2022-12-06 16:24:37,812 [pool-117-thread-1] INFO  segmented.SegmentedRaftLogWorker (SegmentedRaftLogWorker.java:lambda$new$0(135)) - a57ee2ea-c69c-41b1-9f64-f7c5b74e8646@group-E13D6F209EBE-SegmentedRaftLogWorker: safeCacheEvictIndex: setUnconditionally 0 -> -1
2022-12-06 16:24:37,812 [pool-94-thread-1] INFO  server.RaftServerConfigKeys (ConfUtils.java:logGet(46)) - raft.server.log.async-flush.enabled = false (default)
2022-12-06 16:24:37,812 [pool-140-thread-1] INFO  server.RaftServerConfigKeys (ConfUtils.java:logGet(46)) - raft.server.log.appender.install.snapshot.enabled = false (custom)
2022-12-06 16:24:37,812 [pool-140-thread-1] INFO  server.RaftServerConfigKeys (ConfUtils.java:logGet(46)) - raft.server.threadpool.server.cached = true (default)
2022-12-06 16:24:37,812 [pool-140-thread-1] INFO  server.RaftServerConfigKeys (ConfUtils.java:logGet(46)) - raft.server.threadpool.server.size = 0 (default)
2022-12-06 16:24:37,813 [pool-140-thread-1] INFO  server.RaftServerConfigKeys (ConfUtils.java:logGet(46)) - raft.server.threadpool.client.cached = true (default)
2022-12-06 16:24:37,813 [pool-140-thread-1] INFO  server.RaftServerConfigKeys (ConfUtils.java:logGet(46)) - raft.server.threadpool.client.size = 0 (default)
2022-12-06 16:24:37,813 [pool-140-thread-1] INFO  storage.RaftStorageDirectory (RaftStorageDirectoryImpl.java:analyzeStorage(137)) - The storage directory /home/runner/work/ozone/ozone/hadoop-ozone/integration-test/target/test-dir/MiniOzoneClusterImpl-ff76fcda-2f7b-42b7-aafc-07b3f4cbd752/datanode-3/data/ratis/05fdfe6b-2f6c-43bb-8479-7083cf84009a does not exist. Creating ...
2022-12-06 16:24:37,813 [pool-94-thread-1] INFO  server.RaftServerConfigKeys (ConfUtils.java:logGet(46)) - raft.server.log.statemachine.data.caching.enabled = true (custom)
2022-12-06 16:24:37,813 [pool-94-thread-1] INFO  segmented.SegmentedRaftLogWorker (SegmentedRaftLogWorker.java:lambda$new$0(135)) - f48f5eaa-c865-41e1-958d-4d574a609fc9@group-E13D6F209EBE-SegmentedRaftLogWorker: flushIndex: setUnconditionally 0 -> -1
2022-12-06 16:24:37,813 [pool-94-thread-1] INFO  segmented.SegmentedRaftLogWorker (SegmentedRaftLogWorker.java:lambda$new$0(135)) - f48f5eaa-c865-41e1-958d-4d574a609fc9@group-E13D6F209EBE-SegmentedRaftLogWorker: safeCacheEvictIndex: setUnconditionally 0 -> -1
2022-12-06 16:24:37,814 [pool-117-thread-1] INFO  server.RaftServer$Division (RaftServerImpl.java:start(334)) - a57ee2ea-c69c-41b1-9f64-f7c5b74e8646@group-E13D6F209EBE: start as a follower, conf=-1: peers:[18a879af-de93-4167-9a98-f5b552aa8b4b|rpc:10.1.0.176:33349|priority:0|startupRole:FOLLOWER, a57ee2ea-c69c-41b1-9f64-f7c5b74e8646|rpc:10.1.0.176:37641|priority:0|startupRole:FOLLOWER, f48f5eaa-c865-41e1-958d-4d574a609fc9|rpc:10.1.0.176:45201|priority:1|startupRole:FOLLOWER]|listeners:[], old=null
2022-12-06 16:24:37,814 [pool-117-thread-1] INFO  server.RaftServer$Division (RaftServerImpl.java:setRole(321)) - a57ee2ea-c69c-41b1-9f64-f7c5b74e8646@group-E13D6F209EBE: changes role from      null to FOLLOWER at term 0 for startAsFollower
2022-12-06 16:24:37,814 [pool-117-thread-1] INFO  impl.RoleInfo (RoleInfo.java:updateAndGet(139)) - a57ee2ea-c69c-41b1-9f64-f7c5b74e8646: start a57ee2ea-c69c-41b1-9f64-f7c5b74e8646@group-E13D6F209EBE-FollowerState
2022-12-06 16:24:37,814 [pool-140-thread-1] INFO  storage.RaftStorageDirectory (RaftStorageDirectoryImpl.java:tryLock(231)) - Lock on /home/runner/work/ozone/ozone/hadoop-ozone/integration-test/target/test-dir/MiniOzoneClusterImpl-ff76fcda-2f7b-42b7-aafc-07b3f4cbd752/datanode-3/data/ratis/05fdfe6b-2f6c-43bb-8479-7083cf84009a/in_use.lock acquired by nodename 47636@fv-az451-158
2022-12-06 16:24:37,815 [pool-117-thread-1] INFO  util.JmxRegister (JmxRegister.java:tryRegister(44)) - Successfully registered JMX Bean with object name Ratis:service=RaftServer,group=group-E13D6F209EBE,id=a57ee2ea-c69c-41b1-9f64-f7c5b74e8646
2022-12-06 16:24:37,815 [pool-117-thread-1] INFO  server.RaftServerConfigKeys (ConfUtils.java:logGet(46)) - raft.server.snapshot.auto.trigger.enabled = true (custom)
2022-12-06 16:24:37,815 [pool-117-thread-1] INFO  server.RaftServerConfigKeys (ConfUtils.java:logGet(46)) - raft.server.snapshot.auto.trigger.threshold = 10000 (custom)
2022-12-06 16:24:37,815 [pool-117-thread-1] INFO  server.RaftServerConfigKeys (ConfUtils.java:logGet(46)) - raft.server.snapshot.retention.file.num = 5 (custom)
2022-12-06 16:24:37,815 [pool-117-thread-1] INFO  server.RaftServerConfigKeys (ConfUtils.java:logGet(46)) - raft.server.log.purge.upto.snapshot.index = false (default)
2022-12-06 16:24:37,815 [pool-140-thread-1] INFO  storage.RaftStorage (RaftStorageImpl.java:format(96)) - Storage directory /home/runner/work/ozone/ozone/hadoop-ozone/integration-test/target/test-dir/MiniOzoneClusterImpl-ff76fcda-2f7b-42b7-aafc-07b3f4cbd752/datanode-3/data/ratis/05fdfe6b-2f6c-43bb-8479-7083cf84009a has been successfully formatted.
2022-12-06 16:24:37,817 [a57ee2ea-c69c-41b1-9f64-f7c5b74e8646@group-E13D6F209EBE-FollowerState] INFO  server.RaftServerConfigKeys (ConfUtils.java:logFallback(53)) - raft.server.rpc.first-election.timeout.min = 5s (fallback to raft.server.rpc.timeout.min)
2022-12-06 16:24:37,817 [a57ee2ea-c69c-41b1-9f64-f7c5b74e8646@group-E13D6F209EBE-FollowerState] INFO  server.RaftServerConfigKeys (ConfUtils.java:logFallback(53)) - raft.server.rpc.first-election.timeout.max = 5200ms (fallback to raft.server.rpc.timeout.max)
2022-12-06 16:24:37,817 [Command processor thread] INFO  ratis.XceiverServerRatis (XceiverServerRatis.java:addGroup(765)) - Created group PipelineID=fb31c8b1-aaf2-4670-8e2f-e13d6f209ebe
2022-12-06 16:24:37,827 [pool-140-thread-1] INFO  ratis.ContainerStateMachine (ContainerStateMachine.java:loadSnapshot(236)) - group-7083CF84009A: The snapshot info is null. Setting the last applied indexto:(t:0, i:~)
2022-12-06 16:24:37,827 [pool-140-thread-1] INFO  server.RaftServerConfigKeys (ConfUtils.java:logGet(46)) - raft.server.log.use.memory = false (default)
2022-12-06 16:24:37,827 [pool-140-thread-1] INFO  server.RaftServerConfigKeys (ConfUtils.java:logGet(46)) - raft.server.log.purge.gap = 1000000 (custom)
2022-12-06 16:24:37,837 [pool-140-thread-1] INFO  server.RaftServerConfigKeys (ConfUtils.java:logGet(46)) - raft.server.log.appender.buffer.byte-limit = 33554432 (custom)
2022-12-06 16:24:37,837 [pool-140-thread-1] INFO  server.RaftServerConfigKeys (ConfUtils.java:logGet(46)) - raft.server.log.statemachine.data.read.timeout = 1000ms (default)
2022-12-06 16:24:37,839 [pool-140-thread-1] INFO  server.RaftServerConfigKeys (ConfUtils.java:logGet(46)) - raft.server.log.purge.preservation.log.num = 0 (default)
2022-12-06 16:24:37,833 [pool-94-thread-1] INFO  server.RaftServer$Division (RaftServerImpl.java:start(334)) - f48f5eaa-c865-41e1-958d-4d574a609fc9@group-E13D6F209EBE: start as a follower, conf=-1: peers:[18a879af-de93-4167-9a98-f5b552aa8b4b|rpc:10.1.0.176:33349|priority:0|startupRole:FOLLOWER, a57ee2ea-c69c-41b1-9f64-f7c5b74e8646|rpc:10.1.0.176:37641|priority:0|startupRole:FOLLOWER, f48f5eaa-c865-41e1-958d-4d574a609fc9|rpc:10.1.0.176:45201|priority:1|startupRole:FOLLOWER]|listeners:[], old=null
2022-12-06 16:24:37,840 [pool-94-thread-1] INFO  server.RaftServer$Division (RaftServerImpl.java:setRole(321)) - f48f5eaa-c865-41e1-958d-4d574a609fc9@group-E13D6F209EBE: changes role from      null to FOLLOWER at term 0 for startAsFollower
2022-12-06 16:24:37,840 [pool-94-thread-1] INFO  impl.RoleInfo (RoleInfo.java:updateAndGet(139)) - f48f5eaa-c865-41e1-958d-4d574a609fc9: start f48f5eaa-c865-41e1-958d-4d574a609fc9@group-E13D6F209EBE-FollowerState
2022-12-06 16:24:37,841 [pool-94-thread-1] INFO  util.JmxRegister (JmxRegister.java:tryRegister(44)) - Successfully registered JMX Bean with object name Ratis:service=RaftServer,group=group-E13D6F209EBE,id=f48f5eaa-c865-41e1-958d-4d574a609fc9
2022-12-06 16:24:37,842 [pool-94-thread-1] INFO  server.RaftServerConfigKeys (ConfUtils.java:logGet(46)) - raft.server.snapshot.auto.trigger.enabled = true (custom)
2022-12-06 16:24:37,842 [pool-94-thread-1] INFO  server.RaftServerConfigKeys (ConfUtils.java:logGet(46)) - raft.server.snapshot.auto.trigger.threshold = 10000 (custom)
2022-12-06 16:24:37,842 [pool-94-thread-1] INFO  server.RaftServerConfigKeys (ConfUtils.java:logGet(46)) - raft.server.snapshot.retention.file.num = 5 (custom)
2022-12-06 16:24:37,842 [pool-94-thread-1] INFO  server.RaftServerConfigKeys (ConfUtils.java:logGet(46)) - raft.server.log.purge.upto.snapshot.index = false (default)
2022-12-06 16:24:37,843 [EventQueue-PipelineReportForPipelineReportHandler] INFO  pipeline.PipelineManagerImpl (PipelineManagerImpl.java:openPipeline(367)) - Pipeline Pipeline[ Id: 05fdfe6b-2f6c-43bb-8479-7083cf84009a, Nodes: fd07e5d7-2dd9-455a-a9b9-9dae4f4be123{ip: 10.1.0.176, host: fv-az451-158.ehxzt5fk3o4e1ahk02omj2f41g.dx.internal.cloudapp.net, ports: [REPLICATION=43535, RATIS=45045, RATIS_ADMIN=45045, RATIS_SERVER=45045, STANDALONE=40309], networkLocation: /default-rack, certSerialId: null, persistedOpState: IN_SERVICE, persistedOpStateExpiryEpochSec: 0}, ReplicationConfig: RATIS/ONE, State:ALLOCATED, leaderId:fd07e5d7-2dd9-455a-a9b9-9dae4f4be123, CreationTimestamp2022-12-06T16:24:34.765Z[Etc/UTC]] moved to OPEN state
2022-12-06 16:24:37,843 [EventQueue-CommandQueueReportForCommandQueueReportHandler] WARN  events.EventQueue (EventQueue.java:fireEvent(216)) - No event handler registered for event TypedEvent{payloadType=DatanodeDetails, name='Datanode_Command_Queue_Updated'}
2022-12-06 16:24:37,844 [EventQueue-OpenPipelineForHealthyPipelineSafeModeRule] INFO  safemode.SCMSafeModeManager (HealthyPipelineSafeModeRule.java:process(137)) - SCM in safe mode. Healthy pipelines reported count is 0, required healthy pipeline reported count is 1
2022-12-06 16:24:37,845 [Command processor thread] INFO  ratis.XceiverServerRatis (XceiverServerRatis.java:addGroup(765)) - Created group PipelineID=fb31c8b1-aaf2-4670-8e2f-e13d6f209ebe
2022-12-06 16:24:37,845 [pool-140-thread-1] INFO  server.RaftServerConfigKeys (ConfUtils.java:logGet(46)) - raft.server.log.segment.size.max = 1048576 (custom)
2022-12-06 16:24:37,844 [f48f5eaa-c865-41e1-958d-4d574a609fc9@group-E13D6F209EBE-FollowerState] INFO  server.RaftServerConfigKeys (ConfUtils.java:logFallback(53)) - raft.server.rpc.first-election.timeout.min = 5s (fallback to raft.server.rpc.timeout.min)
2022-12-06 16:24:37,852 [pool-140-thread-1] INFO  server.RaftServerConfigKeys (ConfUtils.java:logGet(46)) - raft.server.log.segment.cache.num.max = 2 (custom)
2022-12-06 16:24:37,852 [f48f5eaa-c865-41e1-958d-4d574a609fc9@group-E13D6F209EBE-FollowerState] INFO  server.RaftServerConfigKeys (ConfUtils.java:logFallback(53)) - raft.server.rpc.first-election.timeout.max = 5200ms (fallback to raft.server.rpc.timeout.max)
2022-12-06 16:24:37,852 [pool-140-thread-1] INFO  server.RaftServerConfigKeys (ConfUtils.java:logGet(46)) - raft.server.log.segment.cache.size.max = 200MB (=209715200) (default)
2022-12-06 16:24:37,853 [pool-140-thread-1] INFO  segmented.SegmentedRaftLogWorker (SegmentedRaftLogWorker.java:<init>(189)) - new fd07e5d7-2dd9-455a-a9b9-9dae4f4be123@group-7083CF84009A-SegmentedRaftLogWorker for RaftStorageImpl:Storage Directory /home/runner/work/ozone/ozone/hadoop-ozone/integration-test/target/test-dir/MiniOzoneClusterImpl-ff76fcda-2f7b-42b7-aafc-07b3f4cbd752/datanode-3/data/ratis/05fdfe6b-2f6c-43bb-8479-7083cf84009a
2022-12-06 16:24:37,853 [pool-140-thread-1] INFO  server.RaftServerConfigKeys (ConfUtils.java:logGet(46)) - raft.server.log.queue.byte-limit = 4294967296 (custom)
2022-12-06 16:24:37,853 [pool-140-thread-1] INFO  server.RaftServerConfigKeys (ConfUtils.java:logGet(46)) - raft.server.log.queue.element-limit = 1024 (custom)
2022-12-06 16:24:37,853 [pool-140-thread-1] INFO  server.RaftServerConfigKeys (ConfUtils.java:logGet(46)) - raft.server.log.segment.size.max = 1048576 (custom)
2022-12-06 16:24:37,854 [pool-140-thread-1] INFO  server.RaftServerConfigKeys (ConfUtils.java:logGet(46)) - raft.server.log.preallocated.size = 16384 (custom)
2022-12-06 16:24:37,854 [pool-140-thread-1] INFO  server.RaftServerConfigKeys (ConfUtils.java:logGet(46)) - raft.server.log.force.sync.num = 128 (default)
2022-12-06 16:24:37,854 [pool-140-thread-1] INFO  server.RaftServerConfigKeys (ConfUtils.java:logGet(46)) - raft.server.log.statemachine.data.sync = true (default)
2022-12-06 16:24:37,854 [pool-140-thread-1] INFO  server.RaftServerConfigKeys (ConfUtils.java:logGet(46)) - raft.server.log.statemachine.data.sync.timeout = 10s (default)
2022-12-06 16:24:37,854 [pool-140-thread-1] INFO  server.RaftServerConfigKeys (ConfUtils.java:logGet(46)) - raft.server.log.statemachine.data.sync.timeout.retry = -1 (default)
2022-12-06 16:24:37,855 [pool-140-thread-1] INFO  server.RaftServerConfigKeys (ConfUtils.java:logGet(46)) - raft.server.log.write.buffer.size = 1048576 (custom)
2022-12-06 16:24:37,856 [pool-140-thread-1] INFO  server.RaftServerConfigKeys (ConfUtils.java:logGet(46)) - raft.server.log.appender.buffer.byte-limit = 33554432 (custom)
2022-12-06 16:24:37,873 [pool-140-thread-1] INFO  server.RaftServerConfigKeys (ConfUtils.java:logGet(46)) - raft.server.log.unsafe-flush.enabled = false (default)
2022-12-06 16:24:37,873 [pool-140-thread-1] INFO  server.RaftServerConfigKeys (ConfUtils.java:logGet(46)) - raft.server.log.async-flush.enabled = false (default)
2022-12-06 16:24:37,873 [pool-140-thread-1] INFO  server.RaftServerConfigKeys (ConfUtils.java:logGet(46)) - raft.server.log.statemachine.data.caching.enabled = true (custom)
2022-12-06 16:24:37,873 [pool-140-thread-1] INFO  segmented.SegmentedRaftLogWorker (SegmentedRaftLogWorker.java:lambda$new$0(135)) - fd07e5d7-2dd9-455a-a9b9-9dae4f4be123@group-7083CF84009A-SegmentedRaftLogWorker: flushIndex: setUnconditionally 0 -> -1
2022-12-06 16:24:37,873 [pool-140-thread-1] INFO  segmented.SegmentedRaftLogWorker (SegmentedRaftLogWorker.java:lambda$new$0(135)) - fd07e5d7-2dd9-455a-a9b9-9dae4f4be123@group-7083CF84009A-SegmentedRaftLogWorker: safeCacheEvictIndex: setUnconditionally 0 -> -1
2022-12-06 16:24:37,880 [pool-140-thread-1] INFO  server.RaftServer$Division (RaftServerImpl.java:start(334)) - fd07e5d7-2dd9-455a-a9b9-9dae4f4be123@group-7083CF84009A: start as a follower, conf=-1: peers:[fd07e5d7-2dd9-455a-a9b9-9dae4f4be123|rpc:10.1.0.176:45045|priority:1|startupRole:FOLLOWER]|listeners:[], old=null
2022-12-06 16:24:37,880 [pool-140-thread-1] INFO  server.RaftServer$Division (RaftServerImpl.java:setRole(321)) - fd07e5d7-2dd9-455a-a9b9-9dae4f4be123@group-7083CF84009A: changes role from      null to FOLLOWER at term 0 for startAsFollower
2022-12-06 16:24:37,880 [pool-140-thread-1] INFO  impl.RoleInfo (RoleInfo.java:updateAndGet(139)) - fd07e5d7-2dd9-455a-a9b9-9dae4f4be123: start fd07e5d7-2dd9-455a-a9b9-9dae4f4be123@group-7083CF84009A-FollowerState
2022-12-06 16:24:37,881 [pool-140-thread-1] INFO  util.JmxRegister (JmxRegister.java:tryRegister(44)) - Successfully registered JMX Bean with object name Ratis:service=RaftServer,group=group-7083CF84009A,id=fd07e5d7-2dd9-455a-a9b9-9dae4f4be123
2022-12-06 16:24:37,881 [pool-140-thread-1] INFO  server.RaftServerConfigKeys (ConfUtils.java:logGet(46)) - raft.server.snapshot.auto.trigger.enabled = true (custom)
2022-12-06 16:24:37,881 [pool-140-thread-1] INFO  server.RaftServerConfigKeys (ConfUtils.java:logGet(46)) - raft.server.snapshot.auto.trigger.threshold = 10000 (custom)
2022-12-06 16:24:37,881 [pool-140-thread-1] INFO  server.RaftServerConfigKeys (ConfUtils.java:logGet(46)) - raft.server.snapshot.retention.file.num = 5 (custom)
2022-12-06 16:24:37,881 [pool-140-thread-1] INFO  server.RaftServerConfigKeys (ConfUtils.java:logGet(46)) - raft.server.log.purge.upto.snapshot.index = false (default)
2022-12-06 16:24:37,882 [fd07e5d7-2dd9-455a-a9b9-9dae4f4be123@group-7083CF84009A-FollowerState] INFO  server.RaftServerConfigKeys (ConfUtils.java:logFallback(53)) - raft.server.rpc.first-election.timeout.min = 5s (fallback to raft.server.rpc.timeout.min)
2022-12-06 16:24:37,882 [fd07e5d7-2dd9-455a-a9b9-9dae4f4be123@group-7083CF84009A-FollowerState] INFO  server.RaftServerConfigKeys (ConfUtils.java:logFallback(53)) - raft.server.rpc.first-election.timeout.max = 5200ms (fallback to raft.server.rpc.timeout.max)
2022-12-06 16:24:37,886 [Command processor thread] INFO  ratis.XceiverServerRatis (XceiverServerRatis.java:addGroup(765)) - Created group PipelineID=05fdfe6b-2f6c-43bb-8479-7083cf84009a
2022-12-06 16:24:37,886 [Command processor thread] INFO  commandhandler.CreatePipelineCommandHandler (CreatePipelineCommandHandler.java:handle(113)) - Created Pipeline RATIS ONE PipelineID=05fdfe6b-2f6c-43bb-8479-7083cf84009a.
2022-12-06 16:24:37,887 [Command processor thread] INFO  server.RaftServer (RaftServerProxy.java:addNew(96)) - fd07e5d7-2dd9-455a-a9b9-9dae4f4be123: addNew group-032D02CB740D:[93471f04-f84a-446a-9dbd-94f45fb64b69|rpc:10.1.0.176:39615|priority:1|startupRole:FOLLOWER, fd07e5d7-2dd9-455a-a9b9-9dae4f4be123|rpc:10.1.0.176:45045|priority:0|startupRole:FOLLOWER, 592803f5-ace9-49ac-a54f-354c0e5baf2c|rpc:10.1.0.176:36049|priority:0|startupRole:FOLLOWER] returns group-032D02CB740D:java.util.concurrent.CompletableFuture@5926011[Not completed]
2022-12-06 16:24:37,887 [pool-140-thread-1] INFO  server.RaftServer$Division (RaftServerImpl.java:<init>(195)) - fd07e5d7-2dd9-455a-a9b9-9dae4f4be123: new RaftServerImpl for group-032D02CB740D:[93471f04-f84a-446a-9dbd-94f45fb64b69|rpc:10.1.0.176:39615|priority:1|startupRole:FOLLOWER, fd07e5d7-2dd9-455a-a9b9-9dae4f4be123|rpc:10.1.0.176:45045|priority:0|startupRole:FOLLOWER, 592803f5-ace9-49ac-a54f-354c0e5baf2c|rpc:10.1.0.176:36049|priority:0|startupRole:FOLLOWER] with ContainerStateMachine:uninitialized
2022-12-06 16:24:37,887 [pool-140-thread-1] INFO  server.RaftServerConfigKeys (ConfUtils.java:logGet(46)) - raft.server.rpc.timeout.min = 5s (custom)
2022-12-06 16:24:37,888 [pool-140-thread-1] INFO  server.RaftServerConfigKeys (ConfUtils.java:logGet(46)) - raft.server.rpc.timeout.max = 5200ms (custom)
2022-12-06 16:24:37,888 [pool-140-thread-1] INFO  server.RaftServerConfigKeys (ConfUtils.java:logGet(46)) - raft.server.rpc.sleep.time = 25ms (default)
2022-12-06 16:24:37,888 [pool-140-thread-1] INFO  server.RaftServerConfigKeys (ConfUtils.java:logGet(46)) - raft.server.rpc.slowness.timeout = 300s (custom)
2022-12-06 16:24:37,888 [pool-140-thread-1] INFO  server.RaftServerConfigKeys (ConfUtils.java:logGet(46)) - raft.server.leaderelection.leader.step-down.wait-time = 10s (default)
2022-12-06 16:24:37,888 [pool-140-thread-1] INFO  server.RaftServerConfigKeys (ConfUtils.java:logGet(46)) - raft.server.sleep.deviation.threshold = 300ms (default)
2022-12-06 16:24:37,888 [pool-140-thread-1] INFO  server.RaftServer$Division (ServerState.java:<init>(118)) - fd07e5d7-2dd9-455a-a9b9-9dae4f4be123@group-032D02CB740D: ConfigurationManager, init=-1: peers:[93471f04-f84a-446a-9dbd-94f45fb64b69|rpc:10.1.0.176:39615|priority:1|startupRole:FOLLOWER, fd07e5d7-2dd9-455a-a9b9-9dae4f4be123|rpc:10.1.0.176:45045|priority:0|startupRole:FOLLOWER, 592803f5-ace9-49ac-a54f-354c0e5baf2c|rpc:10.1.0.176:36049|priority:0|startupRole:FOLLOWER]|listeners:[], old=null, confs=<EMPTY_MAP>
2022-12-06 16:24:37,888 [pool-140-thread-1] INFO  server.RaftServerConfigKeys (ConfUtils.java:logGet(46)) - raft.server.storage.dir = [/home/runner/work/ozone/ozone/hadoop-ozone/integration-test/target/test-dir/MiniOzoneClusterImpl-ff76fcda-2f7b-42b7-aafc-07b3f4cbd752/datanode-3/data/ratis] (custom)
2022-12-06 16:24:37,888 [pool-140-thread-1] INFO  server.RaftServerConfigKeys (ConfUtils.java:logGet(46)) - raft.server.log.corruption.policy = EXCEPTION (default)
2022-12-06 16:24:37,888 [pool-140-thread-1] INFO  server.RaftServerConfigKeys (ConfUtils.java:logGet(46)) - raft.server.storage.free-space.min = 0MB (=0) (default)
2022-12-06 16:24:37,888 [pool-140-thread-1] INFO  server.RaftServerConfigKeys (ConfUtils.java:logGet(46)) - raft.server.notification.no-leader.timeout = 300s (custom)
2022-12-06 16:24:37,888 [pool-140-thread-1] INFO  server.RaftServerConfigKeys (ConfUtils.java:logGet(46)) - raft.server.retrycache.expirytime = 600000ms (custom)
2022-12-06 16:24:37,888 [pool-140-thread-1] INFO  server.RaftServerConfigKeys (ConfUtils.java:logGet(46)) - raft.server.retrycache.statistics.expirytime = 100μs (default)
2022-12-06 16:24:37,892 [pool-140-thread-1] INFO  server.RaftServerConfigKeys (ConfUtils.java:logGet(46)) - raft.server.log.appender.install.snapshot.enabled = false (custom)
2022-12-06 16:24:37,892 [pool-140-thread-1] INFO  server.RaftServerConfigKeys (ConfUtils.java:logGet(46)) - raft.server.threadpool.server.cached = true (default)
2022-12-06 16:24:37,892 [pool-140-thread-1] INFO  server.RaftServerConfigKeys (ConfUtils.java:logGet(46)) - raft.server.threadpool.server.size = 0 (default)
2022-12-06 16:24:37,892 [pool-140-thread-1] INFO  server.RaftServerConfigKeys (ConfUtils.java:logGet(46)) - raft.server.threadpool.client.cached = true (default)
2022-12-06 16:24:37,892 [pool-140-thread-1] INFO  server.RaftServerConfigKeys (ConfUtils.java:logGet(46)) - raft.server.threadpool.client.size = 0 (default)
2022-12-06 16:24:37,893 [pool-140-thread-1] INFO  storage.RaftStorageDirectory (RaftStorageDirectoryImpl.java:analyzeStorage(137)) - The storage directory /home/runner/work/ozone/ozone/hadoop-ozone/integration-test/target/test-dir/MiniOzoneClusterImpl-ff76fcda-2f7b-42b7-aafc-07b3f4cbd752/datanode-3/data/ratis/c5007c7d-689f-453a-a58d-032d02cb740d does not exist. Creating ...
2022-12-06 16:24:37,894 [pool-140-thread-1] INFO  storage.RaftStorageDirectory (RaftStorageDirectoryImpl.java:tryLock(231)) - Lock on /home/runner/work/ozone/ozone/hadoop-ozone/integration-test/target/test-dir/MiniOzoneClusterImpl-ff76fcda-2f7b-42b7-aafc-07b3f4cbd752/datanode-3/data/ratis/c5007c7d-689f-453a-a58d-032d02cb740d/in_use.lock acquired by nodename 47636@fv-az451-158
2022-12-06 16:24:37,896 [pool-140-thread-1] INFO  storage.RaftStorage (RaftStorageImpl.java:format(96)) - Storage directory /home/runner/work/ozone/ozone/hadoop-ozone/integration-test/target/test-dir/MiniOzoneClusterImpl-ff76fcda-2f7b-42b7-aafc-07b3f4cbd752/datanode-3/data/ratis/c5007c7d-689f-453a-a58d-032d02cb740d has been successfully formatted.
2022-12-06 16:24:37,898 [EventQueue-OpenPipelineForHealthyPipelineSafeModeRule] INFO  safemode.SCMSafeModeManager (HealthyPipelineSafeModeRule.java:process(137)) - SCM in safe mode. Healthy pipelines reported count is 0, required healthy pipeline reported count is 1
2022-12-06 16:24:37,898 [EventQueue-CommandQueueReportForCommandQueueReportHandler] WARN  events.EventQueue (EventQueue.java:fireEvent(216)) - No event handler registered for event TypedEvent{payloadType=DatanodeDetails, name='Datanode_Command_Queue_Updated'}
2022-12-06 16:24:37,898 [pool-140-thread-1] INFO  ratis.ContainerStateMachine (ContainerStateMachine.java:loadSnapshot(236)) - group-032D02CB740D: The snapshot info is null. Setting the last applied indexto:(t:0, i:~)
2022-12-06 16:24:37,908 [pool-140-thread-1] INFO  server.RaftServerConfigKeys (ConfUtils.java:logGet(46)) - raft.server.log.use.memory = false (default)
2022-12-06 16:24:37,908 [pool-140-thread-1] INFO  server.RaftServerConfigKeys (ConfUtils.java:logGet(46)) - raft.server.log.purge.gap = 1000000 (custom)
2022-12-06 16:24:37,908 [pool-140-thread-1] INFO  server.RaftServerConfigKeys (ConfUtils.java:logGet(46)) - raft.server.log.appender.buffer.byte-limit = 33554432 (custom)
2022-12-06 16:24:37,908 [pool-140-thread-1] INFO  server.RaftServerConfigKeys (ConfUtils.java:logGet(46)) - raft.server.log.statemachine.data.read.timeout = 1000ms (default)
2022-12-06 16:24:37,908 [pool-140-thread-1] INFO  server.RaftServerConfigKeys (ConfUtils.java:logGet(46)) - raft.server.log.purge.preservation.log.num = 0 (default)
2022-12-06 16:24:37,908 [pool-140-thread-1] INFO  server.RaftServerConfigKeys (ConfUtils.java:logGet(46)) - raft.server.log.segment.size.max = 1048576 (custom)
2022-12-06 16:24:37,909 [pool-140-thread-1] INFO  server.RaftServerConfigKeys (ConfUtils.java:logGet(46)) - raft.server.log.segment.cache.num.max = 2 (custom)
2022-12-06 16:24:37,909 [pool-140-thread-1] INFO  server.RaftServerConfigKeys (ConfUtils.java:logGet(46)) - raft.server.log.segment.cache.size.max = 200MB (=209715200) (default)
2022-12-06 16:24:37,909 [pool-140-thread-1] INFO  segmented.SegmentedRaftLogWorker (SegmentedRaftLogWorker.java:<init>(189)) - new fd07e5d7-2dd9-455a-a9b9-9dae4f4be123@group-032D02CB740D-SegmentedRaftLogWorker for RaftStorageImpl:Storage Directory /home/runner/work/ozone/ozone/hadoop-ozone/integration-test/target/test-dir/MiniOzoneClusterImpl-ff76fcda-2f7b-42b7-aafc-07b3f4cbd752/datanode-3/data/ratis/c5007c7d-689f-453a-a58d-032d02cb740d
2022-12-06 16:24:37,909 [pool-140-thread-1] INFO  server.RaftServerConfigKeys (ConfUtils.java:logGet(46)) - raft.server.log.queue.byte-limit = 4294967296 (custom)
2022-12-06 16:24:37,909 [pool-140-thread-1] INFO  server.RaftServerConfigKeys (ConfUtils.java:logGet(46)) - raft.server.log.queue.element-limit = 1024 (custom)
2022-12-06 16:24:37,909 [pool-140-thread-1] INFO  server.RaftServerConfigKeys (ConfUtils.java:logGet(46)) - raft.server.log.segment.size.max = 1048576 (custom)
2022-12-06 16:24:37,909 [pool-140-thread-1] INFO  server.RaftServerConfigKeys (ConfUtils.java:logGet(46)) - raft.server.log.preallocated.size = 16384 (custom)
2022-12-06 16:24:37,909 [pool-140-thread-1] INFO  server.RaftServerConfigKeys (ConfUtils.java:logGet(46)) - raft.server.log.force.sync.num = 128 (default)
2022-12-06 16:24:37,909 [pool-140-thread-1] INFO  server.RaftServerConfigKeys (ConfUtils.java:logGet(46)) - raft.server.log.statemachine.data.sync = true (default)
2022-12-06 16:24:37,909 [pool-140-thread-1] INFO  server.RaftServerConfigKeys (ConfUtils.java:logGet(46)) - raft.server.log.statemachine.data.sync.timeout = 10s (default)
2022-12-06 16:24:37,913 [pool-140-thread-1] INFO  server.RaftServerConfigKeys (ConfUtils.java:logGet(46)) - raft.server.log.statemachine.data.sync.timeout.retry = -1 (default)
2022-12-06 16:24:37,915 [pool-140-thread-1] INFO  server.RaftServerConfigKeys (ConfUtils.java:logGet(46)) - raft.server.log.write.buffer.size = 1048576 (custom)
2022-12-06 16:24:37,917 [pool-140-thread-1] INFO  server.RaftServerConfigKeys (ConfUtils.java:logGet(46)) - raft.server.log.appender.buffer.byte-limit = 33554432 (custom)
2022-12-06 16:24:37,927 [pool-140-thread-1] INFO  server.RaftServerConfigKeys (ConfUtils.java:logGet(46)) - raft.server.log.unsafe-flush.enabled = false (default)
2022-12-06 16:24:37,927 [pool-140-thread-1] INFO  server.RaftServerConfigKeys (ConfUtils.java:logGet(46)) - raft.server.log.async-flush.enabled = false (default)
2022-12-06 16:24:37,927 [pool-140-thread-1] INFO  server.RaftServerConfigKeys (ConfUtils.java:logGet(46)) - raft.server.log.statemachine.data.caching.enabled = true (custom)
2022-12-06 16:24:37,927 [pool-140-thread-1] INFO  segmented.SegmentedRaftLogWorker (SegmentedRaftLogWorker.java:lambda$new$0(135)) - fd07e5d7-2dd9-455a-a9b9-9dae4f4be123@group-032D02CB740D-SegmentedRaftLogWorker: flushIndex: setUnconditionally 0 -> -1
2022-12-06 16:24:37,927 [pool-140-thread-1] INFO  segmented.SegmentedRaftLogWorker (SegmentedRaftLogWorker.java:lambda$new$0(135)) - fd07e5d7-2dd9-455a-a9b9-9dae4f4be123@group-032D02CB740D-SegmentedRaftLogWorker: safeCacheEvictIndex: setUnconditionally 0 -> -1
2022-12-06 16:24:37,932 [pool-140-thread-1] INFO  server.RaftServer$Division (RaftServerImpl.java:start(334)) - fd07e5d7-2dd9-455a-a9b9-9dae4f4be123@group-032D02CB740D: start as a follower, conf=-1: peers:[93471f04-f84a-446a-9dbd-94f45fb64b69|rpc:10.1.0.176:39615|priority:1|startupRole:FOLLOWER, fd07e5d7-2dd9-455a-a9b9-9dae4f4be123|rpc:10.1.0.176:45045|priority:0|startupRole:FOLLOWER, 592803f5-ace9-49ac-a54f-354c0e5baf2c|rpc:10.1.0.176:36049|priority:0|startupRole:FOLLOWER]|listeners:[], old=null
2022-12-06 16:24:37,932 [pool-140-thread-1] INFO  server.RaftServer$Division (RaftServerImpl.java:setRole(321)) - fd07e5d7-2dd9-455a-a9b9-9dae4f4be123@group-032D02CB740D: changes role from      null to FOLLOWER at term 0 for startAsFollower
2022-12-06 16:24:37,932 [pool-140-thread-1] INFO  impl.RoleInfo (RoleInfo.java:updateAndGet(139)) - fd07e5d7-2dd9-455a-a9b9-9dae4f4be123: start fd07e5d7-2dd9-455a-a9b9-9dae4f4be123@group-032D02CB740D-FollowerState
2022-12-06 16:24:37,932 [pool-140-thread-1] INFO  util.JmxRegister (JmxRegister.java:tryRegister(44)) - Successfully registered JMX Bean with object name Ratis:service=RaftServer,group=group-032D02CB740D,id=fd07e5d7-2dd9-455a-a9b9-9dae4f4be123
2022-12-06 16:24:37,932 [pool-140-thread-1] INFO  server.RaftServerConfigKeys (ConfUtils.java:logGet(46)) - raft.server.snapshot.auto.trigger.enabled = true (custom)
2022-12-06 16:24:37,932 [pool-140-thread-1] INFO  server.RaftServerConfigKeys (ConfUtils.java:logGet(46)) - raft.server.snapshot.auto.trigger.threshold = 10000 (custom)
2022-12-06 16:24:37,932 [pool-140-thread-1] INFO  server.RaftServerConfigKeys (ConfUtils.java:logGet(46)) - raft.server.snapshot.retention.file.num = 5 (custom)
2022-12-06 16:24:37,932 [pool-140-thread-1] INFO  server.RaftServerConfigKeys (ConfUtils.java:logGet(46)) - raft.server.log.purge.upto.snapshot.index = false (default)
2022-12-06 16:24:37,933 [fd07e5d7-2dd9-455a-a9b9-9dae4f4be123@group-032D02CB740D-FollowerState] INFO  server.RaftServerConfigKeys (ConfUtils.java:logFallback(53)) - raft.server.rpc.first-election.timeout.min = 5s (fallback to raft.server.rpc.timeout.min)
2022-12-06 16:24:37,933 [fd07e5d7-2dd9-455a-a9b9-9dae4f4be123@group-032D02CB740D-FollowerState] INFO  server.RaftServerConfigKeys (ConfUtils.java:logFallback(53)) - raft.server.rpc.first-election.timeout.max = 5200ms (fallback to raft.server.rpc.timeout.max)
2022-12-06 16:24:37,934 [Command processor thread] INFO  ratis.XceiverServerRatis (XceiverServerRatis.java:addGroup(765)) - Created group PipelineID=c5007c7d-689f-453a-a58d-032d02cb740d
2022-12-06 16:24:37,954 [EventQueue-CommandQueueReportForCommandQueueReportHandler] WARN  events.EventQueue (EventQueue.java:fireEvent(216)) - No event handler registered for event TypedEvent{payloadType=DatanodeDetails, name='Datanode_Command_Queue_Updated'}
2022-12-06 16:24:37,985 [Command processor thread] INFO  commandhandler.CreatePipelineCommandHandler (CreatePipelineCommandHandler.java:handle(113)) - Created Pipeline RATIS THREE PipelineID=fb31c8b1-aaf2-4670-8e2f-e13d6f209ebe.
2022-12-06 16:24:37,997 [grpc-default-executor-0] INFO  server.RaftServer (RaftServerProxy.java:addNew(96)) - 93471f04-f84a-446a-9dbd-94f45fb64b69: addNew group-032D02CB740D:[93471f04-f84a-446a-9dbd-94f45fb64b69|rpc:10.1.0.176:39615|dataStream:|priority:1|startupRole:FOLLOWER, fd07e5d7-2dd9-455a-a9b9-9dae4f4be123|rpc:10.1.0.176:45045|dataStream:|priority:0|startupRole:FOLLOWER, 592803f5-ace9-49ac-a54f-354c0e5baf2c|rpc:10.1.0.176:36049|dataStream:|priority:0|startupRole:FOLLOWER] returns group-032D02CB740D:java.util.concurrent.CompletableFuture@b221fb0[Not completed]
2022-12-06 16:24:37,999 [pool-163-thread-1] INFO  server.RaftServer$Division (RaftServerImpl.java:<init>(195)) - 93471f04-f84a-446a-9dbd-94f45fb64b69: new RaftServerImpl for group-032D02CB740D:[93471f04-f84a-446a-9dbd-94f45fb64b69|rpc:10.1.0.176:39615|dataStream:|priority:1|startupRole:FOLLOWER, fd07e5d7-2dd9-455a-a9b9-9dae4f4be123|rpc:10.1.0.176:45045|dataStream:|priority:0|startupRole:FOLLOWER, 592803f5-ace9-49ac-a54f-354c0e5baf2c|rpc:10.1.0.176:36049|dataStream:|priority:0|startupRole:FOLLOWER] with ContainerStateMachine:uninitialized
2022-12-06 16:24:37,999 [pool-163-thread-1] INFO  server.RaftServerConfigKeys (ConfUtils.java:logGet(46)) - raft.server.rpc.timeout.min = 5s (custom)
2022-12-06 16:24:37,999 [pool-163-thread-1] INFO  server.RaftServerConfigKeys (ConfUtils.java:logGet(46)) - raft.server.rpc.timeout.max = 5200ms (custom)
2022-12-06 16:24:37,999 [pool-163-thread-1] INFO  server.RaftServerConfigKeys (ConfUtils.java:logGet(46)) - raft.server.rpc.sleep.time = 25ms (default)
2022-12-06 16:24:37,999 [pool-163-thread-1] INFO  server.RaftServerConfigKeys (ConfUtils.java:logGet(46)) - raft.server.rpc.slowness.timeout = 300s (custom)
2022-12-06 16:24:37,999 [pool-163-thread-1] INFO  server.RaftServerConfigKeys (ConfUtils.java:logGet(46)) - raft.server.leaderelection.leader.step-down.wait-time = 10s (default)
2022-12-06 16:24:37,999 [pool-163-thread-1] INFO  server.RaftServerConfigKeys (ConfUtils.java:logGet(46)) - raft.server.sleep.deviation.threshold = 300ms (default)
2022-12-06 16:24:37,999 [pool-163-thread-1] INFO  server.RaftServer$Division (ServerState.java:<init>(118)) - 93471f04-f84a-446a-9dbd-94f45fb64b69@group-032D02CB740D: ConfigurationManager, init=-1: peers:[93471f04-f84a-446a-9dbd-94f45fb64b69|rpc:10.1.0.176:39615|dataStream:|priority:1|startupRole:FOLLOWER, fd07e5d7-2dd9-455a-a9b9-9dae4f4be123|rpc:10.1.0.176:45045|dataStream:|priority:0|startupRole:FOLLOWER, 592803f5-ace9-49ac-a54f-354c0e5baf2c|rpc:10.1.0.176:36049|dataStream:|priority:0|startupRole:FOLLOWER]|listeners:[], old=null, confs=<EMPTY_MAP>
2022-12-06 16:24:37,999 [pool-163-thread-1] INFO  server.RaftServerConfigKeys (ConfUtils.java:logGet(46)) - raft.server.storage.dir = [/home/runner/work/ozone/ozone/hadoop-ozone/integration-test/target/test-dir/MiniOzoneClusterImpl-ff76fcda-2f7b-42b7-aafc-07b3f4cbd752/datanode-4/data/ratis] (custom)
2022-12-06 16:24:37,999 [pool-163-thread-1] INFO  server.RaftServerConfigKeys (ConfUtils.java:logGet(46)) - raft.server.log.corruption.policy = EXCEPTION (default)
2022-12-06 16:24:38,000 [pool-163-thread-1] INFO  server.RaftServerConfigKeys (ConfUtils.java:logGet(46)) - raft.server.storage.free-space.min = 0MB (=0) (default)
2022-12-06 16:24:38,000 [pool-163-thread-1] INFO  server.RaftServerConfigKeys (ConfUtils.java:logGet(46)) - raft.server.notification.no-leader.timeout = 300s (custom)
2022-12-06 16:24:38,000 [pool-163-thread-1] INFO  server.RaftServerConfigKeys (ConfUtils.java:logGet(46)) - raft.server.retrycache.expirytime = 600000ms (custom)
2022-12-06 16:24:38,000 [pool-163-thread-1] INFO  server.RaftServerConfigKeys (ConfUtils.java:logGet(46)) - raft.server.retrycache.statistics.expirytime = 100μs (default)
2022-12-06 16:24:38,012 [pool-163-thread-1] INFO  server.RaftServerConfigKeys (ConfUtils.java:logGet(46)) - raft.server.log.appender.install.snapshot.enabled = false (custom)
2022-12-06 16:24:38,012 [pool-163-thread-1] INFO  server.RaftServerConfigKeys (ConfUtils.java:logGet(46)) - raft.server.threadpool.server.cached = true (default)
2022-12-06 16:24:38,012 [pool-163-thread-1] INFO  server.RaftServerConfigKeys (ConfUtils.java:logGet(46)) - raft.server.threadpool.server.size = 0 (default)
2022-12-06 16:24:38,012 [pool-163-thread-1] INFO  server.RaftServerConfigKeys (ConfUtils.java:logGet(46)) - raft.server.threadpool.client.cached = true (default)
2022-12-06 16:24:38,012 [pool-163-thread-1] INFO  server.RaftServerConfigKeys (ConfUtils.java:logGet(46)) - raft.server.threadpool.client.size = 0 (default)
2022-12-06 16:24:38,012 [pool-163-thread-1] INFO  storage.RaftStorageDirectory (RaftStorageDirectoryImpl.java:analyzeStorage(137)) - The storage directory /home/runner/work/ozone/ozone/hadoop-ozone/integration-test/target/test-dir/MiniOzoneClusterImpl-ff76fcda-2f7b-42b7-aafc-07b3f4cbd752/datanode-4/data/ratis/c5007c7d-689f-453a-a58d-032d02cb740d does not exist. Creating ...
2022-12-06 16:24:38,014 [pool-163-thread-1] INFO  storage.RaftStorageDirectory (RaftStorageDirectoryImpl.java:tryLock(231)) - Lock on /home/runner/work/ozone/ozone/hadoop-ozone/integration-test/target/test-dir/MiniOzoneClusterImpl-ff76fcda-2f7b-42b7-aafc-07b3f4cbd752/datanode-4/data/ratis/c5007c7d-689f-453a-a58d-032d02cb740d/in_use.lock acquired by nodename 47636@fv-az451-158
2022-12-06 16:24:38,019 [Command processor thread] INFO  commandhandler.CreatePipelineCommandHandler (CreatePipelineCommandHandler.java:handle(113)) - Created Pipeline RATIS THREE PipelineID=fb31c8b1-aaf2-4670-8e2f-e13d6f209ebe.
2022-12-06 16:24:38,021 [Command processor thread] INFO  commandhandler.CreatePipelineCommandHandler (CreatePipelineCommandHandler.java:handle(113)) - Created Pipeline RATIS THREE PipelineID=fb31c8b1-aaf2-4670-8e2f-e13d6f209ebe.
2022-12-06 16:24:38,022 [pool-163-thread-1] INFO  storage.RaftStorage (RaftStorageImpl.java:format(96)) - Storage directory /home/runner/work/ozone/ozone/hadoop-ozone/integration-test/target/test-dir/MiniOzoneClusterImpl-ff76fcda-2f7b-42b7-aafc-07b3f4cbd752/datanode-4/data/ratis/c5007c7d-689f-453a-a58d-032d02cb740d has been successfully formatted.
2022-12-06 16:24:38,023 [pool-163-thread-1] INFO  ratis.ContainerStateMachine (ContainerStateMachine.java:loadSnapshot(236)) - group-032D02CB740D: The snapshot info is null. Setting the last applied indexto:(t:0, i:~)
2022-12-06 16:24:38,023 [pool-163-thread-1] INFO  server.RaftServerConfigKeys (ConfUtils.java:logGet(46)) - raft.server.log.use.memory = false (default)
2022-12-06 16:24:38,023 [pool-163-thread-1] INFO  server.RaftServerConfigKeys (ConfUtils.java:logGet(46)) - raft.server.log.purge.gap = 1000000 (custom)
2022-12-06 16:24:38,023 [pool-163-thread-1] INFO  server.RaftServerConfigKeys (ConfUtils.java:logGet(46)) - raft.server.log.appender.buffer.byte-limit = 33554432 (custom)
2022-12-06 16:24:38,023 [pool-163-thread-1] INFO  server.RaftServerConfigKeys (ConfUtils.java:logGet(46)) - raft.server.log.statemachine.data.read.timeout = 1000ms (default)
2022-12-06 16:24:38,023 [pool-163-thread-1] INFO  server.RaftServerConfigKeys (ConfUtils.java:logGet(46)) - raft.server.log.purge.preservation.log.num = 0 (default)
2022-12-06 16:24:38,024 [EventQueue-CommandQueueReportForCommandQueueReportHandler] WARN  events.EventQueue (EventQueue.java:fireEvent(216)) - No event handler registered for event TypedEvent{payloadType=DatanodeDetails, name='Datanode_Command_Queue_Updated'}
2022-12-06 16:24:38,027 [pool-163-thread-1] INFO  server.RaftServerConfigKeys (ConfUtils.java:logGet(46)) - raft.server.log.segment.size.max = 1048576 (custom)
2022-12-06 16:24:38,027 [pool-163-thread-1] INFO  server.RaftServerConfigKeys (ConfUtils.java:logGet(46)) - raft.server.log.segment.cache.num.max = 2 (custom)
2022-12-06 16:24:38,027 [pool-163-thread-1] INFO  server.RaftServerConfigKeys (ConfUtils.java:logGet(46)) - raft.server.log.segment.cache.size.max = 200MB (=209715200) (default)
2022-12-06 16:24:38,027 [pool-163-thread-1] INFO  segmented.SegmentedRaftLogWorker (SegmentedRaftLogWorker.java:<init>(189)) - new 93471f04-f84a-446a-9dbd-94f45fb64b69@group-032D02CB740D-SegmentedRaftLogWorker for RaftStorageImpl:Storage Directory /home/runner/work/ozone/ozone/hadoop-ozone/integration-test/target/test-dir/MiniOzoneClusterImpl-ff76fcda-2f7b-42b7-aafc-07b3f4cbd752/datanode-4/data/ratis/c5007c7d-689f-453a-a58d-032d02cb740d
2022-12-06 16:24:38,027 [pool-163-thread-1] INFO  server.RaftServerConfigKeys (ConfUtils.java:logGet(46)) - raft.server.log.queue.byte-limit = 4294967296 (custom)
2022-12-06 16:24:38,028 [pool-163-thread-1] INFO  server.RaftServerConfigKeys (ConfUtils.java:logGet(46)) - raft.server.log.queue.element-limit = 1024 (custom)
2022-12-06 16:24:38,028 [pool-163-thread-1] INFO  server.RaftServerConfigKeys (ConfUtils.java:logGet(46)) - raft.server.log.segment.size.max = 1048576 (custom)
2022-12-06 16:24:38,028 [pool-163-thread-1] INFO  server.RaftServerConfigKeys (ConfUtils.java:logGet(46)) - raft.server.log.preallocated.size = 16384 (custom)
2022-12-06 16:24:38,028 [pool-163-thread-1] INFO  server.RaftServerConfigKeys (ConfUtils.java:logGet(46)) - raft.server.log.force.sync.num = 128 (default)
2022-12-06 16:24:38,028 [pool-163-thread-1] INFO  server.RaftServerConfigKeys (ConfUtils.java:logGet(46)) - raft.server.log.statemachine.data.sync = true (default)
2022-12-06 16:24:38,028 [pool-163-thread-1] INFO  server.RaftServerConfigKeys (ConfUtils.java:logGet(46)) - raft.server.log.statemachine.data.sync.timeout = 10s (default)
2022-12-06 16:24:38,028 [pool-163-thread-1] INFO  server.RaftServerConfigKeys (ConfUtils.java:logGet(46)) - raft.server.log.statemachine.data.sync.timeout.retry = -1 (default)
2022-12-06 16:24:38,030 [pool-163-thread-1] INFO  server.RaftServerConfigKeys (ConfUtils.java:logGet(46)) - raft.server.log.write.buffer.size = 1048576 (custom)
2022-12-06 16:24:38,031 [pool-163-thread-1] INFO  server.RaftServerConfigKeys (ConfUtils.java:logGet(46)) - raft.server.log.appender.buffer.byte-limit = 33554432 (custom)
2022-12-06 16:24:38,038 [pool-163-thread-1] INFO  server.RaftServerConfigKeys (ConfUtils.java:logGet(46)) - raft.server.log.unsafe-flush.enabled = false (default)
2022-12-06 16:24:38,038 [pool-163-thread-1] INFO  server.RaftServerConfigKeys (ConfUtils.java:logGet(46)) - raft.server.log.async-flush.enabled = false (default)
2022-12-06 16:24:38,038 [pool-163-thread-1] INFO  server.RaftServerConfigKeys (ConfUtils.java:logGet(46)) - raft.server.log.statemachine.data.caching.enabled = true (custom)
2022-12-06 16:24:38,038 [pool-163-thread-1] INFO  segmented.SegmentedRaftLogWorker (SegmentedRaftLogWorker.java:lambda$new$0(135)) - 93471f04-f84a-446a-9dbd-94f45fb64b69@group-032D02CB740D-SegmentedRaftLogWorker: flushIndex: setUnconditionally 0 -> -1
2022-12-06 16:24:38,038 [pool-163-thread-1] INFO  segmented.SegmentedRaftLogWorker (SegmentedRaftLogWorker.java:lambda$new$0(135)) - 93471f04-f84a-446a-9dbd-94f45fb64b69@group-032D02CB740D-SegmentedRaftLogWorker: safeCacheEvictIndex: setUnconditionally 0 -> -1
2022-12-06 16:24:38,038 [pool-163-thread-1] INFO  server.RaftServer$Division (RaftServerImpl.java:start(334)) - 93471f04-f84a-446a-9dbd-94f45fb64b69@group-032D02CB740D: start as a follower, conf=-1: peers:[93471f04-f84a-446a-9dbd-94f45fb64b69|rpc:10.1.0.176:39615|dataStream:|priority:1|startupRole:FOLLOWER, fd07e5d7-2dd9-455a-a9b9-9dae4f4be123|rpc:10.1.0.176:45045|dataStream:|priority:0|startupRole:FOLLOWER, 592803f5-ace9-49ac-a54f-354c0e5baf2c|rpc:10.1.0.176:36049|dataStream:|priority:0|startupRole:FOLLOWER]|listeners:[], old=null
2022-12-06 16:24:38,038 [pool-163-thread-1] INFO  server.RaftServer$Division (RaftServerImpl.java:setRole(321)) - 93471f04-f84a-446a-9dbd-94f45fb64b69@group-032D02CB740D: changes role from      null to FOLLOWER at term 0 for startAsFollower
2022-12-06 16:24:38,038 [pool-163-thread-1] INFO  impl.RoleInfo (RoleInfo.java:updateAndGet(139)) - 93471f04-f84a-446a-9dbd-94f45fb64b69: start 93471f04-f84a-446a-9dbd-94f45fb64b69@group-032D02CB740D-FollowerState
2022-12-06 16:24:38,039 [pool-163-thread-1] INFO  util.JmxRegister (JmxRegister.java:tryRegister(44)) - Successfully registered JMX Bean with object name Ratis:service=RaftServer,group=group-032D02CB740D,id=93471f04-f84a-446a-9dbd-94f45fb64b69
2022-12-06 16:24:38,039 [93471f04-f84a-446a-9dbd-94f45fb64b69@group-032D02CB740D-FollowerState] INFO  server.RaftServerConfigKeys (ConfUtils.java:logFallback(53)) - raft.server.rpc.first-election.timeout.min = 5s (fallback to raft.server.rpc.timeout.min)
2022-12-06 16:24:38,040 [pool-163-thread-1] INFO  server.RaftServerConfigKeys (ConfUtils.java:logGet(46)) - raft.server.snapshot.auto.trigger.enabled = true (custom)
2022-12-06 16:24:38,040 [93471f04-f84a-446a-9dbd-94f45fb64b69@group-032D02CB740D-FollowerState] INFO  server.RaftServerConfigKeys (ConfUtils.java:logFallback(53)) - raft.server.rpc.first-election.timeout.max = 5200ms (fallback to raft.server.rpc.timeout.max)
2022-12-06 16:24:38,040 [pool-163-thread-1] INFO  server.RaftServerConfigKeys (ConfUtils.java:logGet(46)) - raft.server.snapshot.auto.trigger.threshold = 10000 (custom)
2022-12-06 16:24:38,040 [pool-163-thread-1] INFO  server.RaftServerConfigKeys (ConfUtils.java:logGet(46)) - raft.server.snapshot.retention.file.num = 5 (custom)
2022-12-06 16:24:38,040 [pool-163-thread-1] INFO  server.RaftServerConfigKeys (ConfUtils.java:logGet(46)) - raft.server.log.purge.upto.snapshot.index = false (default)
2022-12-06 16:24:38,092 [grpc-default-executor-2] INFO  server.RaftServer (RaftServerProxy.java:addNew(96)) - 592803f5-ace9-49ac-a54f-354c0e5baf2c: addNew group-032D02CB740D:[93471f04-f84a-446a-9dbd-94f45fb64b69|rpc:10.1.0.176:39615|dataStream:|priority:1|startupRole:FOLLOWER, fd07e5d7-2dd9-455a-a9b9-9dae4f4be123|rpc:10.1.0.176:45045|dataStream:|priority:0|startupRole:FOLLOWER, 592803f5-ace9-49ac-a54f-354c0e5baf2c|rpc:10.1.0.176:36049|dataStream:|priority:0|startupRole:FOLLOWER] returns group-032D02CB740D:java.util.concurrent.CompletableFuture@2f9bd58f[Not completed]
2022-12-06 16:24:38,093 [pool-186-thread-1] INFO  server.RaftServer$Division (RaftServerImpl.java:<init>(195)) - 592803f5-ace9-49ac-a54f-354c0e5baf2c: new RaftServerImpl for group-032D02CB740D:[93471f04-f84a-446a-9dbd-94f45fb64b69|rpc:10.1.0.176:39615|dataStream:|priority:1|startupRole:FOLLOWER, fd07e5d7-2dd9-455a-a9b9-9dae4f4be123|rpc:10.1.0.176:45045|dataStream:|priority:0|startupRole:FOLLOWER, 592803f5-ace9-49ac-a54f-354c0e5baf2c|rpc:10.1.0.176:36049|dataStream:|priority:0|startupRole:FOLLOWER] with ContainerStateMachine:uninitialized
2022-12-06 16:24:38,093 [pool-186-thread-1] INFO  server.RaftServerConfigKeys (ConfUtils.java:logGet(46)) - raft.server.rpc.timeout.min = 5s (custom)
2022-12-06 16:24:38,093 [pool-186-thread-1] INFO  server.RaftServerConfigKeys (ConfUtils.java:logGet(46)) - raft.server.rpc.timeout.max = 5200ms (custom)
2022-12-06 16:24:38,093 [pool-186-thread-1] INFO  server.RaftServerConfigKeys (ConfUtils.java:logGet(46)) - raft.server.rpc.sleep.time = 25ms (default)
2022-12-06 16:24:38,093 [pool-186-thread-1] INFO  server.RaftServerConfigKeys (ConfUtils.java:logGet(46)) - raft.server.rpc.slowness.timeout = 300s (custom)
2022-12-06 16:24:38,093 [pool-186-thread-1] INFO  server.RaftServerConfigKeys (ConfUtils.java:logGet(46)) - raft.server.leaderelection.leader.step-down.wait-time = 10s (default)
2022-12-06 16:24:38,093 [pool-186-thread-1] INFO  server.RaftServerConfigKeys (ConfUtils.java:logGet(46)) - raft.server.sleep.deviation.threshold = 300ms (default)
2022-12-06 16:24:38,094 [pool-186-thread-1] INFO  server.RaftServer$Division (ServerState.java:<init>(118)) - 592803f5-ace9-49ac-a54f-354c0e5baf2c@group-032D02CB740D: ConfigurationManager, init=-1: peers:[93471f04-f84a-446a-9dbd-94f45fb64b69|rpc:10.1.0.176:39615|dataStream:|priority:1|startupRole:FOLLOWER, fd07e5d7-2dd9-455a-a9b9-9dae4f4be123|rpc:10.1.0.176:45045|dataStream:|priority:0|startupRole:FOLLOWER, 592803f5-ace9-49ac-a54f-354c0e5baf2c|rpc:10.1.0.176:36049|dataStream:|priority:0|startupRole:FOLLOWER]|listeners:[], old=null, confs=<EMPTY_MAP>
2022-12-06 16:24:38,094 [pool-186-thread-1] INFO  server.RaftServerConfigKeys (ConfUtils.java:logGet(46)) - raft.server.storage.dir = [/home/runner/work/ozone/ozone/hadoop-ozone/integration-test/target/test-dir/MiniOzoneClusterImpl-ff76fcda-2f7b-42b7-aafc-07b3f4cbd752/datanode-5/data/ratis] (custom)
2022-12-06 16:24:38,094 [pool-186-thread-1] INFO  server.RaftServerConfigKeys (ConfUtils.java:logGet(46)) - raft.server.log.corruption.policy = EXCEPTION (default)
2022-12-06 16:24:38,094 [pool-186-thread-1] INFO  server.RaftServerConfigKeys (ConfUtils.java:logGet(46)) - raft.server.storage.free-space.min = 0MB (=0) (default)
2022-12-06 16:24:38,094 [pool-186-thread-1] INFO  server.RaftServerConfigKeys (ConfUtils.java:logGet(46)) - raft.server.notification.no-leader.timeout = 300s (custom)
2022-12-06 16:24:38,094 [pool-186-thread-1] INFO  server.RaftServerConfigKeys (ConfUtils.java:logGet(46)) - raft.server.retrycache.expirytime = 600000ms (custom)
2022-12-06 16:24:38,094 [pool-186-thread-1] INFO  server.RaftServerConfigKeys (ConfUtils.java:logGet(46)) - raft.server.retrycache.statistics.expirytime = 100μs (default)
2022-12-06 16:24:38,096 [pool-186-thread-1] INFO  server.RaftServerConfigKeys (ConfUtils.java:logGet(46)) - raft.server.log.appender.install.snapshot.enabled = false (custom)
2022-12-06 16:24:38,096 [pool-186-thread-1] INFO  server.RaftServerConfigKeys (ConfUtils.java:logGet(46)) - raft.server.threadpool.server.cached = true (default)
2022-12-06 16:24:38,096 [pool-186-thread-1] INFO  server.RaftServerConfigKeys (ConfUtils.java:logGet(46)) - raft.server.threadpool.server.size = 0 (default)
2022-12-06 16:24:38,096 [pool-186-thread-1] INFO  server.RaftServerConfigKeys (ConfUtils.java:logGet(46)) - raft.server.threadpool.client.cached = true (default)
2022-12-06 16:24:38,096 [pool-186-thread-1] INFO  server.RaftServerConfigKeys (ConfUtils.java:logGet(46)) - raft.server.threadpool.client.size = 0 (default)
2022-12-06 16:24:38,096 [pool-186-thread-1] INFO  storage.RaftStorageDirectory (RaftStorageDirectoryImpl.java:analyzeStorage(137)) - The storage directory /home/runner/work/ozone/ozone/hadoop-ozone/integration-test/target/test-dir/MiniOzoneClusterImpl-ff76fcda-2f7b-42b7-aafc-07b3f4cbd752/datanode-5/data/ratis/c5007c7d-689f-453a-a58d-032d02cb740d does not exist. Creating ...
2022-12-06 16:24:38,098 [pool-186-thread-1] INFO  storage.RaftStorageDirectory (RaftStorageDirectoryImpl.java:tryLock(231)) - Lock on /home/runner/work/ozone/ozone/hadoop-ozone/integration-test/target/test-dir/MiniOzoneClusterImpl-ff76fcda-2f7b-42b7-aafc-07b3f4cbd752/datanode-5/data/ratis/c5007c7d-689f-453a-a58d-032d02cb740d/in_use.lock acquired by nodename 47636@fv-az451-158
2022-12-06 16:24:38,099 [pool-186-thread-1] INFO  storage.RaftStorage (RaftStorageImpl.java:format(96)) - Storage directory /home/runner/work/ozone/ozone/hadoop-ozone/integration-test/target/test-dir/MiniOzoneClusterImpl-ff76fcda-2f7b-42b7-aafc-07b3f4cbd752/datanode-5/data/ratis/c5007c7d-689f-453a-a58d-032d02cb740d has been successfully formatted.
2022-12-06 16:24:38,101 [pool-186-thread-1] INFO  ratis.ContainerStateMachine (ContainerStateMachine.java:loadSnapshot(236)) - group-032D02CB740D: The snapshot info is null. Setting the last applied indexto:(t:0, i:~)
2022-12-06 16:24:38,101 [pool-186-thread-1] INFO  server.RaftServerConfigKeys (ConfUtils.java:logGet(46)) - raft.server.log.use.memory = false (default)
2022-12-06 16:24:38,101 [pool-186-thread-1] INFO  server.RaftServerConfigKeys (ConfUtils.java:logGet(46)) - raft.server.log.purge.gap = 1000000 (custom)
2022-12-06 16:24:38,101 [EventQueue-CommandQueueReportForCommandQueueReportHandler] WARN  events.EventQueue (EventQueue.java:fireEvent(216)) - No event handler registered for event TypedEvent{payloadType=DatanodeDetails, name='Datanode_Command_Queue_Updated'}
2022-12-06 16:24:38,107 [pool-186-thread-1] INFO  server.RaftServerConfigKeys (ConfUtils.java:logGet(46)) - raft.server.log.appender.buffer.byte-limit = 33554432 (custom)
2022-12-06 16:24:38,107 [pool-186-thread-1] INFO  server.RaftServerConfigKeys (ConfUtils.java:logGet(46)) - raft.server.log.statemachine.data.read.timeout = 1000ms (default)
2022-12-06 16:24:38,108 [pool-186-thread-1] INFO  server.RaftServerConfigKeys (ConfUtils.java:logGet(46)) - raft.server.log.purge.preservation.log.num = 0 (default)
2022-12-06 16:24:38,108 [pool-186-thread-1] INFO  server.RaftServerConfigKeys (ConfUtils.java:logGet(46)) - raft.server.log.segment.size.max = 1048576 (custom)
2022-12-06 16:24:38,108 [pool-186-thread-1] INFO  server.RaftServerConfigKeys (ConfUtils.java:logGet(46)) - raft.server.log.segment.cache.num.max = 2 (custom)
2022-12-06 16:24:38,108 [pool-186-thread-1] INFO  server.RaftServerConfigKeys (ConfUtils.java:logGet(46)) - raft.server.log.segment.cache.size.max = 200MB (=209715200) (default)
2022-12-06 16:24:38,108 [pool-186-thread-1] INFO  segmented.SegmentedRaftLogWorker (SegmentedRaftLogWorker.java:<init>(189)) - new 592803f5-ace9-49ac-a54f-354c0e5baf2c@group-032D02CB740D-SegmentedRaftLogWorker for RaftStorageImpl:Storage Directory /home/runner/work/ozone/ozone/hadoop-ozone/integration-test/target/test-dir/MiniOzoneClusterImpl-ff76fcda-2f7b-42b7-aafc-07b3f4cbd752/datanode-5/data/ratis/c5007c7d-689f-453a-a58d-032d02cb740d
2022-12-06 16:24:38,108 [pool-186-thread-1] INFO  server.RaftServerConfigKeys (ConfUtils.java:logGet(46)) - raft.server.log.queue.byte-limit = 4294967296 (custom)
2022-12-06 16:24:38,109 [pool-186-thread-1] INFO  server.RaftServerConfigKeys (ConfUtils.java:logGet(46)) - raft.server.log.queue.element-limit = 1024 (custom)
2022-12-06 16:24:38,109 [pool-186-thread-1] INFO  server.RaftServerConfigKeys (ConfUtils.java:logGet(46)) - raft.server.log.segment.size.max = 1048576 (custom)
2022-12-06 16:24:38,109 [pool-186-thread-1] INFO  server.RaftServerConfigKeys (ConfUtils.java:logGet(46)) - raft.server.log.preallocated.size = 16384 (custom)
2022-12-06 16:24:38,109 [pool-186-thread-1] INFO  server.RaftServerConfigKeys (ConfUtils.java:logGet(46)) - raft.server.log.force.sync.num = 128 (default)
2022-12-06 16:24:38,109 [pool-186-thread-1] INFO  server.RaftServerConfigKeys (ConfUtils.java:logGet(46)) - raft.server.log.statemachine.data.sync = true (default)
2022-12-06 16:24:38,109 [pool-186-thread-1] INFO  server.RaftServerConfigKeys (ConfUtils.java:logGet(46)) - raft.server.log.statemachine.data.sync.timeout = 10s (default)
2022-12-06 16:24:38,109 [pool-186-thread-1] INFO  server.RaftServerConfigKeys (ConfUtils.java:logGet(46)) - raft.server.log.statemachine.data.sync.timeout.retry = -1 (default)
2022-12-06 16:24:38,110 [pool-186-thread-1] INFO  server.RaftServerConfigKeys (ConfUtils.java:logGet(46)) - raft.server.log.write.buffer.size = 1048576 (custom)
2022-12-06 16:24:38,111 [pool-186-thread-1] INFO  server.RaftServerConfigKeys (ConfUtils.java:logGet(46)) - raft.server.log.appender.buffer.byte-limit = 33554432 (custom)
2022-12-06 16:24:38,116 [pool-186-thread-1] INFO  server.RaftServerConfigKeys (ConfUtils.java:logGet(46)) - raft.server.log.unsafe-flush.enabled = false (default)
2022-12-06 16:24:38,116 [pool-186-thread-1] INFO  server.RaftServerConfigKeys (ConfUtils.java:logGet(46)) - raft.server.log.async-flush.enabled = false (default)
2022-12-06 16:24:38,116 [pool-186-thread-1] INFO  server.RaftServerConfigKeys (ConfUtils.java:logGet(46)) - raft.server.log.statemachine.data.caching.enabled = true (custom)
2022-12-06 16:24:38,116 [pool-186-thread-1] INFO  segmented.SegmentedRaftLogWorker (SegmentedRaftLogWorker.java:lambda$new$0(135)) - 592803f5-ace9-49ac-a54f-354c0e5baf2c@group-032D02CB740D-SegmentedRaftLogWorker: flushIndex: setUnconditionally 0 -> -1
2022-12-06 16:24:38,116 [pool-186-thread-1] INFO  segmented.SegmentedRaftLogWorker (SegmentedRaftLogWorker.java:lambda$new$0(135)) - 592803f5-ace9-49ac-a54f-354c0e5baf2c@group-032D02CB740D-SegmentedRaftLogWorker: safeCacheEvictIndex: setUnconditionally 0 -> -1
2022-12-06 16:24:38,117 [pool-186-thread-1] INFO  server.RaftServer$Division (RaftServerImpl.java:start(334)) - 592803f5-ace9-49ac-a54f-354c0e5baf2c@group-032D02CB740D: start as a follower, conf=-1: peers:[93471f04-f84a-446a-9dbd-94f45fb64b69|rpc:10.1.0.176:39615|dataStream:|priority:1|startupRole:FOLLOWER, fd07e5d7-2dd9-455a-a9b9-9dae4f4be123|rpc:10.1.0.176:45045|dataStream:|priority:0|startupRole:FOLLOWER, 592803f5-ace9-49ac-a54f-354c0e5baf2c|rpc:10.1.0.176:36049|dataStream:|priority:0|startupRole:FOLLOWER]|listeners:[], old=null
2022-12-06 16:24:38,117 [pool-186-thread-1] INFO  server.RaftServer$Division (RaftServerImpl.java:setRole(321)) - 592803f5-ace9-49ac-a54f-354c0e5baf2c@group-032D02CB740D: changes role from      null to FOLLOWER at term 0 for startAsFollower
2022-12-06 16:24:38,117 [pool-186-thread-1] INFO  impl.RoleInfo (RoleInfo.java:updateAndGet(139)) - 592803f5-ace9-49ac-a54f-354c0e5baf2c: start 592803f5-ace9-49ac-a54f-354c0e5baf2c@group-032D02CB740D-FollowerState
2022-12-06 16:24:38,117 [592803f5-ace9-49ac-a54f-354c0e5baf2c@group-032D02CB740D-FollowerState] INFO  server.RaftServerConfigKeys (ConfUtils.java:logFallback(53)) - raft.server.rpc.first-election.timeout.min = 5s (fallback to raft.server.rpc.timeout.min)
2022-12-06 16:24:38,117 [pool-186-thread-1] INFO  util.JmxRegister (JmxRegister.java:tryRegister(44)) - Successfully registered JMX Bean with object name Ratis:service=RaftServer,group=group-032D02CB740D,id=592803f5-ace9-49ac-a54f-354c0e5baf2c
2022-12-06 16:24:38,118 [592803f5-ace9-49ac-a54f-354c0e5baf2c@group-032D02CB740D-FollowerState] INFO  server.RaftServerConfigKeys (ConfUtils.java:logFallback(53)) - raft.server.rpc.first-election.timeout.max = 5200ms (fallback to raft.server.rpc.timeout.max)
2022-12-06 16:24:38,118 [pool-186-thread-1] INFO  server.RaftServerConfigKeys (ConfUtils.java:logGet(46)) - raft.server.snapshot.auto.trigger.enabled = true (custom)
2022-12-06 16:24:38,118 [pool-186-thread-1] INFO  server.RaftServerConfigKeys (ConfUtils.java:logGet(46)) - raft.server.snapshot.auto.trigger.threshold = 10000 (custom)
2022-12-06 16:24:38,118 [pool-186-thread-1] INFO  server.RaftServerConfigKeys (ConfUtils.java:logGet(46)) - raft.server.snapshot.retention.file.num = 5 (custom)
2022-12-06 16:24:38,118 [pool-186-thread-1] INFO  server.RaftServerConfigKeys (ConfUtils.java:logGet(46)) - raft.server.log.purge.upto.snapshot.index = false (default)
2022-12-06 16:24:38,123 [pool-163-thread-1] INFO  server.RaftServer$Division (RaftServerImpl.java:<init>(195)) - 93471f04-f84a-446a-9dbd-94f45fb64b69: new RaftServerImpl for group-46E1FAA48D23:[93471f04-f84a-446a-9dbd-94f45fb64b69|rpc:10.1.0.176:39615|priority:1|startupRole:FOLLOWER] with ContainerStateMachine:uninitialized
2022-12-06 16:24:38,123 [pool-163-thread-1] INFO  server.RaftServerConfigKeys (ConfUtils.java:logGet(46)) - raft.server.rpc.timeout.min = 5s (custom)
2022-12-06 16:24:38,123 [pool-163-thread-1] INFO  server.RaftServerConfigKeys (ConfUtils.java:logGet(46)) - raft.server.rpc.timeout.max = 5200ms (custom)
2022-12-06 16:24:38,123 [pool-163-thread-1] INFO  server.RaftServerConfigKeys (ConfUtils.java:logGet(46)) - raft.server.rpc.sleep.time = 25ms (default)
2022-12-06 16:24:38,123 [pool-163-thread-1] INFO  server.RaftServerConfigKeys (ConfUtils.java:logGet(46)) - raft.server.rpc.slowness.timeout = 300s (custom)
2022-12-06 16:24:38,123 [pool-163-thread-1] INFO  server.RaftServerConfigKeys (ConfUtils.java:logGet(46)) - raft.server.leaderelection.leader.step-down.wait-time = 10s (default)
2022-12-06 16:24:38,123 [pool-163-thread-1] INFO  server.RaftServerConfigKeys (ConfUtils.java:logGet(46)) - raft.server.sleep.deviation.threshold = 300ms (default)
2022-12-06 16:24:38,124 [pool-163-thread-1] INFO  server.RaftServer$Division (ServerState.java:<init>(118)) - 93471f04-f84a-446a-9dbd-94f45fb64b69@group-46E1FAA48D23: ConfigurationManager, init=-1: peers:[93471f04-f84a-446a-9dbd-94f45fb64b69|rpc:10.1.0.176:39615|priority:1|startupRole:FOLLOWER]|listeners:[], old=null, confs=<EMPTY_MAP>
2022-12-06 16:24:38,124 [pool-163-thread-1] INFO  server.RaftServerConfigKeys (ConfUtils.java:logGet(46)) - raft.server.storage.dir = [/home/runner/work/ozone/ozone/hadoop-ozone/integration-test/target/test-dir/MiniOzoneClusterImpl-ff76fcda-2f7b-42b7-aafc-07b3f4cbd752/datanode-4/data/ratis] (custom)
2022-12-06 16:24:38,124 [pool-163-thread-1] INFO  server.RaftServerConfigKeys (ConfUtils.java:logGet(46)) - raft.server.log.corruption.policy = EXCEPTION (default)
2022-12-06 16:24:38,124 [pool-163-thread-1] INFO  server.RaftServerConfigKeys (ConfUtils.java:logGet(46)) - raft.server.storage.free-space.min = 0MB (=0) (default)
2022-12-06 16:24:38,124 [pool-163-thread-1] INFO  server.RaftServerConfigKeys (ConfUtils.java:logGet(46)) - raft.server.notification.no-leader.timeout = 300s (custom)
2022-12-06 16:24:38,124 [pool-163-thread-1] INFO  server.RaftServerConfigKeys (ConfUtils.java:logGet(46)) - raft.server.retrycache.expirytime = 600000ms (custom)
2022-12-06 16:24:38,124 [pool-163-thread-1] INFO  server.RaftServerConfigKeys (ConfUtils.java:logGet(46)) - raft.server.retrycache.statistics.expirytime = 100μs (default)
2022-12-06 16:24:38,125 [pool-163-thread-1] INFO  server.RaftServerConfigKeys (ConfUtils.java:logGet(46)) - raft.server.log.appender.install.snapshot.enabled = false (custom)
2022-12-06 16:24:38,125 [pool-163-thread-1] INFO  server.RaftServerConfigKeys (ConfUtils.java:logGet(46)) - raft.server.threadpool.server.cached = true (default)
2022-12-06 16:24:38,125 [pool-163-thread-1] INFO  server.RaftServerConfigKeys (ConfUtils.java:logGet(46)) - raft.server.threadpool.server.size = 0 (default)
2022-12-06 16:24:38,125 [pool-163-thread-1] INFO  server.RaftServerConfigKeys (ConfUtils.java:logGet(46)) - raft.server.threadpool.client.cached = true (default)
2022-12-06 16:24:38,125 [pool-163-thread-1] INFO  server.RaftServerConfigKeys (ConfUtils.java:logGet(46)) - raft.server.threadpool.client.size = 0 (default)
2022-12-06 16:24:38,126 [Command processor thread] INFO  server.RaftServer (RaftServerProxy.java:addNew(96)) - 93471f04-f84a-446a-9dbd-94f45fb64b69: addNew group-46E1FAA48D23:[93471f04-f84a-446a-9dbd-94f45fb64b69|rpc:10.1.0.176:39615|priority:1|startupRole:FOLLOWER] returns group-46E1FAA48D23:java.util.concurrent.CompletableFuture@456cbd2c[Not completed]
2022-12-06 16:24:38,129 [pool-163-thread-1] INFO  storage.RaftStorageDirectory (RaftStorageDirectoryImpl.java:analyzeStorage(137)) - The storage directory /home/runner/work/ozone/ozone/hadoop-ozone/integration-test/target/test-dir/MiniOzoneClusterImpl-ff76fcda-2f7b-42b7-aafc-07b3f4cbd752/datanode-4/data/ratis/bd206ac1-f978-4080-a1f0-46e1faa48d23 does not exist. Creating ...
2022-12-06 16:24:38,131 [pool-163-thread-1] INFO  storage.RaftStorageDirectory (RaftStorageDirectoryImpl.java:tryLock(231)) - Lock on /home/runner/work/ozone/ozone/hadoop-ozone/integration-test/target/test-dir/MiniOzoneClusterImpl-ff76fcda-2f7b-42b7-aafc-07b3f4cbd752/datanode-4/data/ratis/bd206ac1-f978-4080-a1f0-46e1faa48d23/in_use.lock acquired by nodename 47636@fv-az451-158
2022-12-06 16:24:38,132 [Command processor thread] INFO  commandhandler.CreatePipelineCommandHandler (CreatePipelineCommandHandler.java:handle(113)) - Created Pipeline RATIS THREE PipelineID=c5007c7d-689f-453a-a58d-032d02cb740d.
2022-12-06 16:24:38,133 [Command processor thread] INFO  server.RaftServer (RaftServerProxy.java:addNew(96)) - fd07e5d7-2dd9-455a-a9b9-9dae4f4be123: addNew group-23A236CF6C1C:[93471f04-f84a-446a-9dbd-94f45fb64b69|rpc:10.1.0.176:39615|priority:0|startupRole:FOLLOWER, fd07e5d7-2dd9-455a-a9b9-9dae4f4be123|rpc:10.1.0.176:45045|priority:0|startupRole:FOLLOWER, 592803f5-ace9-49ac-a54f-354c0e5baf2c|rpc:10.1.0.176:36049|priority:1|startupRole:FOLLOWER] returns group-23A236CF6C1C:java.util.concurrent.CompletableFuture@60d69563[Not completed]
2022-12-06 16:24:38,134 [pool-140-thread-1] INFO  server.RaftServer$Division (RaftServerImpl.java:<init>(195)) - fd07e5d7-2dd9-455a-a9b9-9dae4f4be123: new RaftServerImpl for group-23A236CF6C1C:[93471f04-f84a-446a-9dbd-94f45fb64b69|rpc:10.1.0.176:39615|priority:0|startupRole:FOLLOWER, fd07e5d7-2dd9-455a-a9b9-9dae4f4be123|rpc:10.1.0.176:45045|priority:0|startupRole:FOLLOWER, 592803f5-ace9-49ac-a54f-354c0e5baf2c|rpc:10.1.0.176:36049|priority:1|startupRole:FOLLOWER] with ContainerStateMachine:uninitialized
2022-12-06 16:24:38,134 [pool-140-thread-1] INFO  server.RaftServerConfigKeys (ConfUtils.java:logGet(46)) - raft.server.rpc.timeout.min = 5s (custom)
2022-12-06 16:24:38,134 [pool-140-thread-1] INFO  server.RaftServerConfigKeys (ConfUtils.java:logGet(46)) - raft.server.rpc.timeout.max = 5200ms (custom)
2022-12-06 16:24:38,134 [pool-140-thread-1] INFO  server.RaftServerConfigKeys (ConfUtils.java:logGet(46)) - raft.server.rpc.sleep.time = 25ms (default)
2022-12-06 16:24:38,134 [pool-140-thread-1] INFO  server.RaftServerConfigKeys (ConfUtils.java:logGet(46)) - raft.server.rpc.slowness.timeout = 300s (custom)
2022-12-06 16:24:38,134 [pool-140-thread-1] INFO  server.RaftServerConfigKeys (ConfUtils.java:logGet(46)) - raft.server.leaderelection.leader.step-down.wait-time = 10s (default)
2022-12-06 16:24:38,134 [pool-140-thread-1] INFO  server.RaftServerConfigKeys (ConfUtils.java:logGet(46)) - raft.server.sleep.deviation.threshold = 300ms (default)
2022-12-06 16:24:38,134 [pool-140-thread-1] INFO  server.RaftServer$Division (ServerState.java:<init>(118)) - fd07e5d7-2dd9-455a-a9b9-9dae4f4be123@group-23A236CF6C1C: ConfigurationManager, init=-1: peers:[93471f04-f84a-446a-9dbd-94f45fb64b69|rpc:10.1.0.176:39615|priority:0|startupRole:FOLLOWER, fd07e5d7-2dd9-455a-a9b9-9dae4f4be123|rpc:10.1.0.176:45045|priority:0|startupRole:FOLLOWER, 592803f5-ace9-49ac-a54f-354c0e5baf2c|rpc:10.1.0.176:36049|priority:1|startupRole:FOLLOWER]|listeners:[], old=null, confs=<EMPTY_MAP>
2022-12-06 16:24:38,134 [pool-140-thread-1] INFO  server.RaftServerConfigKeys (ConfUtils.java:logGet(46)) - raft.server.storage.dir = [/home/runner/work/ozone/ozone/hadoop-ozone/integration-test/target/test-dir/MiniOzoneClusterImpl-ff76fcda-2f7b-42b7-aafc-07b3f4cbd752/datanode-3/data/ratis] (custom)
2022-12-06 16:24:38,134 [pool-140-thread-1] INFO  server.RaftServerConfigKeys (ConfUtils.java:logGet(46)) - raft.server.log.corruption.policy = EXCEPTION (default)
2022-12-06 16:24:38,134 [pool-140-thread-1] INFO  server.RaftServerConfigKeys (ConfUtils.java:logGet(46)) - raft.server.storage.free-space.min = 0MB (=0) (default)
2022-12-06 16:24:38,135 [pool-140-thread-1] INFO  server.RaftServerConfigKeys (ConfUtils.java:logGet(46)) - raft.server.notification.no-leader.timeout = 300s (custom)
2022-12-06 16:24:38,135 [pool-140-thread-1] INFO  server.RaftServerConfigKeys (ConfUtils.java:logGet(46)) - raft.server.retrycache.expirytime = 600000ms (custom)
2022-12-06 16:24:38,135 [pool-140-thread-1] INFO  server.RaftServerConfigKeys (ConfUtils.java:logGet(46)) - raft.server.retrycache.statistics.expirytime = 100μs (default)
2022-12-06 16:24:38,136 [pool-140-thread-1] INFO  server.RaftServerConfigKeys (ConfUtils.java:logGet(46)) - raft.server.log.appender.install.snapshot.enabled = false (custom)
2022-12-06 16:24:38,136 [pool-140-thread-1] INFO  server.RaftServerConfigKeys (ConfUtils.java:logGet(46)) - raft.server.threadpool.server.cached = true (default)
2022-12-06 16:24:38,136 [pool-140-thread-1] INFO  server.RaftServerConfigKeys (ConfUtils.java:logGet(46)) - raft.server.threadpool.server.size = 0 (default)
2022-12-06 16:24:38,136 [pool-140-thread-1] INFO  server.RaftServerConfigKeys (ConfUtils.java:logGet(46)) - raft.server.threadpool.client.cached = true (default)
2022-12-06 16:24:38,136 [pool-140-thread-1] INFO  server.RaftServerConfigKeys (ConfUtils.java:logGet(46)) - raft.server.threadpool.client.size = 0 (default)
2022-12-06 16:24:38,136 [pool-140-thread-1] INFO  storage.RaftStorageDirectory (RaftStorageDirectoryImpl.java:analyzeStorage(137)) - The storage directory /home/runner/work/ozone/ozone/hadoop-ozone/integration-test/target/test-dir/MiniOzoneClusterImpl-ff76fcda-2f7b-42b7-aafc-07b3f4cbd752/datanode-3/data/ratis/47c8ed29-a24a-4c2c-bc83-23a236cf6c1c does not exist. Creating ...
2022-12-06 16:24:38,137 [pool-140-thread-1] INFO  storage.RaftStorageDirectory (RaftStorageDirectoryImpl.java:tryLock(231)) - Lock on /home/runner/work/ozone/ozone/hadoop-ozone/integration-test/target/test-dir/MiniOzoneClusterImpl-ff76fcda-2f7b-42b7-aafc-07b3f4cbd752/datanode-3/data/ratis/47c8ed29-a24a-4c2c-bc83-23a236cf6c1c/in_use.lock acquired by nodename 47636@fv-az451-158
2022-12-06 16:24:38,138 [pool-163-thread-1] INFO  storage.RaftStorage (RaftStorageImpl.java:format(96)) - Storage directory /home/runner/work/ozone/ozone/hadoop-ozone/integration-test/target/test-dir/MiniOzoneClusterImpl-ff76fcda-2f7b-42b7-aafc-07b3f4cbd752/datanode-4/data/ratis/bd206ac1-f978-4080-a1f0-46e1faa48d23 has been successfully formatted.
2022-12-06 16:24:38,139 [pool-163-thread-1] INFO  ratis.ContainerStateMachine (ContainerStateMachine.java:loadSnapshot(236)) - group-46E1FAA48D23: The snapshot info is null. Setting the last applied indexto:(t:0, i:~)
2022-12-06 16:24:38,139 [pool-163-thread-1] INFO  server.RaftServerConfigKeys (ConfUtils.java:logGet(46)) - raft.server.log.use.memory = false (default)
2022-12-06 16:24:38,139 [pool-163-thread-1] INFO  server.RaftServerConfigKeys (ConfUtils.java:logGet(46)) - raft.server.log.purge.gap = 1000000 (custom)
2022-12-06 16:24:38,139 [pool-163-thread-1] INFO  server.RaftServerConfigKeys (ConfUtils.java:logGet(46)) - raft.server.log.appender.buffer.byte-limit = 33554432 (custom)
2022-12-06 16:24:38,139 [pool-163-thread-1] INFO  server.RaftServerConfigKeys (ConfUtils.java:logGet(46)) - raft.server.log.statemachine.data.read.timeout = 1000ms (default)
2022-12-06 16:24:38,139 [pool-163-thread-1] INFO  server.RaftServerConfigKeys (ConfUtils.java:logGet(46)) - raft.server.log.purge.preservation.log.num = 0 (default)
2022-12-06 16:24:38,140 [pool-140-thread-1] INFO  storage.RaftStorage (RaftStorageImpl.java:format(96)) - Storage directory /home/runner/work/ozone/ozone/hadoop-ozone/integration-test/target/test-dir/MiniOzoneClusterImpl-ff76fcda-2f7b-42b7-aafc-07b3f4cbd752/datanode-3/data/ratis/47c8ed29-a24a-4c2c-bc83-23a236cf6c1c has been successfully formatted.
2022-12-06 16:24:38,140 [pool-140-thread-1] INFO  ratis.ContainerStateMachine (ContainerStateMachine.java:loadSnapshot(236)) - group-23A236CF6C1C: The snapshot info is null. Setting the last applied indexto:(t:0, i:~)
2022-12-06 16:24:38,140 [EventQueue-CommandQueueReportForCommandQueueReportHandler] WARN  events.EventQueue (EventQueue.java:fireEvent(216)) - No event handler registered for event TypedEvent{payloadType=DatanodeDetails, name='Datanode_Command_Queue_Updated'}
2022-12-06 16:24:38,140 [pool-140-thread-1] INFO  server.RaftServerConfigKeys (ConfUtils.java:logGet(46)) - raft.server.log.use.memory = false (default)
2022-12-06 16:24:38,141 [pool-140-thread-1] INFO  server.RaftServerConfigKeys (ConfUtils.java:logGet(46)) - raft.server.log.purge.gap = 1000000 (custom)
2022-12-06 16:24:38,141 [pool-140-thread-1] INFO  server.RaftServerConfigKeys (ConfUtils.java:logGet(46)) - raft.server.log.appender.buffer.byte-limit = 33554432 (custom)
2022-12-06 16:24:38,141 [pool-140-thread-1] INFO  server.RaftServerConfigKeys (ConfUtils.java:logGet(46)) - raft.server.log.statemachine.data.read.timeout = 1000ms (default)
2022-12-06 16:24:38,141 [pool-140-thread-1] INFO  server.RaftServerConfigKeys (ConfUtils.java:logGet(46)) - raft.server.log.purge.preservation.log.num = 0 (default)
2022-12-06 16:24:38,141 [EventQueue-PipelineReportForPipelineReportHandler] INFO  pipeline.PipelineManagerImpl (PipelineManagerImpl.java:openPipeline(367)) - Pipeline Pipeline[ Id: bd206ac1-f978-4080-a1f0-46e1faa48d23, Nodes: 93471f04-f84a-446a-9dbd-94f45fb64b69{ip: 10.1.0.176, host: fv-az451-158.ehxzt5fk3o4e1ahk02omj2f41g.dx.internal.cloudapp.net, ports: [REPLICATION=40949, RATIS=39615, RATIS_ADMIN=39615, RATIS_SERVER=39615, STANDALONE=46429], networkLocation: /default-rack, certSerialId: null, persistedOpState: IN_SERVICE, persistedOpStateExpiryEpochSec: 0}, ReplicationConfig: RATIS/ONE, State:ALLOCATED, leaderId:93471f04-f84a-446a-9dbd-94f45fb64b69, CreationTimestamp2022-12-06T16:24:35.127Z[Etc/UTC]] moved to OPEN state
2022-12-06 16:24:38,142 [EventQueue-OpenPipelineForHealthyPipelineSafeModeRule] INFO  safemode.SCMSafeModeManager (HealthyPipelineSafeModeRule.java:process(137)) - SCM in safe mode. Healthy pipelines reported count is 0, required healthy pipeline reported count is 1
2022-12-06 16:24:38,142 [pool-140-thread-1] INFO  server.RaftServerConfigKeys (ConfUtils.java:logGet(46)) - raft.server.log.segment.size.max = 1048576 (custom)
2022-12-06 16:24:38,142 [EventQueue-CommandQueueReportForCommandQueueReportHandler] WARN  events.EventQueue (EventQueue.java:fireEvent(216)) - No event handler registered for event TypedEvent{payloadType=DatanodeDetails, name='Datanode_Command_Queue_Updated'}
2022-12-06 16:24:38,142 [EventQueue-OpenPipelineForHealthyPipelineSafeModeRule] INFO  safemode.SCMSafeModeManager (HealthyPipelineSafeModeRule.java:process(137)) - SCM in safe mode. Healthy pipelines reported count is 0, required healthy pipeline reported count is 1
2022-12-06 16:24:38,150 [pool-140-thread-1] INFO  server.RaftServerConfigKeys (ConfUtils.java:logGet(46)) - raft.server.log.segment.cache.num.max = 2 (custom)
2022-12-06 16:24:38,150 [pool-140-thread-1] INFO  server.RaftServerConfigKeys (ConfUtils.java:logGet(46)) - raft.server.log.segment.cache.size.max = 200MB (=209715200) (default)
2022-12-06 16:24:38,150 [pool-140-thread-1] INFO  segmented.SegmentedRaftLogWorker (SegmentedRaftLogWorker.java:<init>(189)) - new fd07e5d7-2dd9-455a-a9b9-9dae4f4be123@group-23A236CF6C1C-SegmentedRaftLogWorker for RaftStorageImpl:Storage Directory /home/runner/work/ozone/ozone/hadoop-ozone/integration-test/target/test-dir/MiniOzoneClusterImpl-ff76fcda-2f7b-42b7-aafc-07b3f4cbd752/datanode-3/data/ratis/47c8ed29-a24a-4c2c-bc83-23a236cf6c1c
2022-12-06 16:24:38,150 [pool-163-thread-1] INFO  server.RaftServerConfigKeys (ConfUtils.java:logGet(46)) - raft.server.log.segment.size.max = 1048576 (custom)
2022-12-06 16:24:38,150 [pool-140-thread-1] INFO  server.RaftServerConfigKeys (ConfUtils.java:logGet(46)) - raft.server.log.queue.byte-limit = 4294967296 (custom)
2022-12-06 16:24:38,150 [pool-140-thread-1] INFO  server.RaftServerConfigKeys (ConfUtils.java:logGet(46)) - raft.server.log.queue.element-limit = 1024 (custom)
2022-12-06 16:24:38,150 [pool-140-thread-1] INFO  server.RaftServerConfigKeys (ConfUtils.java:logGet(46)) - raft.server.log.segment.size.max = 1048576 (custom)
2022-12-06 16:24:38,150 [pool-140-thread-1] INFO  server.RaftServerConfigKeys (ConfUtils.java:logGet(46)) - raft.server.log.preallocated.size = 16384 (custom)
2022-12-06 16:24:38,150 [pool-140-thread-1] INFO  server.RaftServerConfigKeys (ConfUtils.java:logGet(46)) - raft.server.log.force.sync.num = 128 (default)
2022-12-06 16:24:38,150 [pool-140-thread-1] INFO  server.RaftServerConfigKeys (ConfUtils.java:logGet(46)) - raft.server.log.statemachine.data.sync = true (default)
2022-12-06 16:24:38,150 [pool-140-thread-1] INFO  server.RaftServerConfigKeys (ConfUtils.java:logGet(46)) - raft.server.log.statemachine.data.sync.timeout = 10s (default)
2022-12-06 16:24:38,150 [pool-163-thread-1] INFO  server.RaftServerConfigKeys (ConfUtils.java:logGet(46)) - raft.server.log.segment.cache.num.max = 2 (custom)
2022-12-06 16:24:38,150 [pool-163-thread-1] INFO  server.RaftServerConfigKeys (ConfUtils.java:logGet(46)) - raft.server.log.segment.cache.size.max = 200MB (=209715200) (default)
2022-12-06 16:24:38,150 [pool-163-thread-1] INFO  segmented.SegmentedRaftLogWorker (SegmentedRaftLogWorker.java:<init>(189)) - new 93471f04-f84a-446a-9dbd-94f45fb64b69@group-46E1FAA48D23-SegmentedRaftLogWorker for RaftStorageImpl:Storage Directory /home/runner/work/ozone/ozone/hadoop-ozone/integration-test/target/test-dir/MiniOzoneClusterImpl-ff76fcda-2f7b-42b7-aafc-07b3f4cbd752/datanode-4/data/ratis/bd206ac1-f978-4080-a1f0-46e1faa48d23
2022-12-06 16:24:38,151 [pool-163-thread-1] INFO  server.RaftServerConfigKeys (ConfUtils.java:logGet(46)) - raft.server.log.queue.byte-limit = 4294967296 (custom)
2022-12-06 16:24:38,151 [pool-163-thread-1] INFO  server.RaftServerConfigKeys (ConfUtils.java:logGet(46)) - raft.server.log.queue.element-limit = 1024 (custom)
2022-12-06 16:24:38,151 [pool-163-thread-1] INFO  server.RaftServerConfigKeys (ConfUtils.java:logGet(46)) - raft.server.log.segment.size.max = 1048576 (custom)
2022-12-06 16:24:38,151 [pool-163-thread-1] INFO  server.RaftServerConfigKeys (ConfUtils.java:logGet(46)) - raft.server.log.preallocated.size = 16384 (custom)
2022-12-06 16:24:38,151 [pool-163-thread-1] INFO  server.RaftServerConfigKeys (ConfUtils.java:logGet(46)) - raft.server.log.force.sync.num = 128 (default)
2022-12-06 16:24:38,151 [pool-163-thread-1] INFO  server.RaftServerConfigKeys (ConfUtils.java:logGet(46)) - raft.server.log.statemachine.data.sync = true (default)
2022-12-06 16:24:38,151 [pool-163-thread-1] INFO  server.RaftServerConfigKeys (ConfUtils.java:logGet(46)) - raft.server.log.statemachine.data.sync.timeout = 10s (default)
2022-12-06 16:24:38,151 [pool-163-thread-1] INFO  server.RaftServerConfigKeys (ConfUtils.java:logGet(46)) - raft.server.log.statemachine.data.sync.timeout.retry = -1 (default)
2022-12-06 16:24:38,150 [pool-140-thread-1] INFO  server.RaftServerConfigKeys (ConfUtils.java:logGet(46)) - raft.server.log.statemachine.data.sync.timeout.retry = -1 (default)
2022-12-06 16:24:38,152 [pool-163-thread-1] INFO  server.RaftServerConfigKeys (ConfUtils.java:logGet(46)) - raft.server.log.write.buffer.size = 1048576 (custom)
2022-12-06 16:24:38,152 [pool-163-thread-1] INFO  server.RaftServerConfigKeys (ConfUtils.java:logGet(46)) - raft.server.log.appender.buffer.byte-limit = 33554432 (custom)
2022-12-06 16:24:38,152 [pool-140-thread-1] INFO  server.RaftServerConfigKeys (ConfUtils.java:logGet(46)) - raft.server.log.write.buffer.size = 1048576 (custom)
2022-12-06 16:24:38,154 [pool-140-thread-1] INFO  server.RaftServerConfigKeys (ConfUtils.java:logGet(46)) - raft.server.log.appender.buffer.byte-limit = 33554432 (custom)
2022-12-06 16:24:38,157 [pool-163-thread-1] INFO  server.RaftServerConfigKeys (ConfUtils.java:logGet(46)) - raft.server.log.unsafe-flush.enabled = false (default)
2022-12-06 16:24:38,158 [pool-163-thread-1] INFO  server.RaftServerConfigKeys (ConfUtils.java:logGet(46)) - raft.server.log.async-flush.enabled = false (default)
2022-12-06 16:24:38,158 [pool-163-thread-1] INFO  server.RaftServerConfigKeys (ConfUtils.java:logGet(46)) - raft.server.log.statemachine.data.caching.enabled = true (custom)
2022-12-06 16:24:38,158 [pool-163-thread-1] INFO  segmented.SegmentedRaftLogWorker (SegmentedRaftLogWorker.java:lambda$new$0(135)) - 93471f04-f84a-446a-9dbd-94f45fb64b69@group-46E1FAA48D23-SegmentedRaftLogWorker: flushIndex: setUnconditionally 0 -> -1
2022-12-06 16:24:38,158 [pool-163-thread-1] INFO  segmented.SegmentedRaftLogWorker (SegmentedRaftLogWorker.java:lambda$new$0(135)) - 93471f04-f84a-446a-9dbd-94f45fb64b69@group-46E1FAA48D23-SegmentedRaftLogWorker: safeCacheEvictIndex: setUnconditionally 0 -> -1
2022-12-06 16:24:38,158 [pool-163-thread-1] INFO  server.RaftServer$Division (RaftServerImpl.java:start(334)) - 93471f04-f84a-446a-9dbd-94f45fb64b69@group-46E1FAA48D23: start as a follower, conf=-1: peers:[93471f04-f84a-446a-9dbd-94f45fb64b69|rpc:10.1.0.176:39615|priority:1|startupRole:FOLLOWER]|listeners:[], old=null
2022-12-06 16:24:38,158 [pool-163-thread-1] INFO  server.RaftServer$Division (RaftServerImpl.java:setRole(321)) - 93471f04-f84a-446a-9dbd-94f45fb64b69@group-46E1FAA48D23: changes role from      null to FOLLOWER at term 0 for startAsFollower
2022-12-06 16:24:38,158 [pool-163-thread-1] INFO  impl.RoleInfo (RoleInfo.java:updateAndGet(139)) - 93471f04-f84a-446a-9dbd-94f45fb64b69: start 93471f04-f84a-446a-9dbd-94f45fb64b69@group-46E1FAA48D23-FollowerState
2022-12-06 16:24:38,161 [pool-163-thread-1] INFO  util.JmxRegister (JmxRegister.java:tryRegister(44)) - Successfully registered JMX Bean with object name Ratis:service=RaftServer,group=group-46E1FAA48D23,id=93471f04-f84a-446a-9dbd-94f45fb64b69
2022-12-06 16:24:38,161 [pool-163-thread-1] INFO  server.RaftServerConfigKeys (ConfUtils.java:logGet(46)) - raft.server.snapshot.auto.trigger.enabled = true (custom)
2022-12-06 16:24:38,161 [pool-163-thread-1] INFO  server.RaftServerConfigKeys (ConfUtils.java:logGet(46)) - raft.server.snapshot.auto.trigger.threshold = 10000 (custom)
2022-12-06 16:24:38,161 [pool-163-thread-1] INFO  server.RaftServerConfigKeys (ConfUtils.java:logGet(46)) - raft.server.snapshot.retention.file.num = 5 (custom)
2022-12-06 16:24:38,161 [pool-163-thread-1] INFO  server.RaftServerConfigKeys (ConfUtils.java:logGet(46)) - raft.server.log.purge.upto.snapshot.index = false (default)
2022-12-06 16:24:38,162 [93471f04-f84a-446a-9dbd-94f45fb64b69@group-46E1FAA48D23-FollowerState] INFO  server.RaftServerConfigKeys (ConfUtils.java:logFallback(53)) - raft.server.rpc.first-election.timeout.min = 5s (fallback to raft.server.rpc.timeout.min)
2022-12-06 16:24:38,162 [93471f04-f84a-446a-9dbd-94f45fb64b69@group-46E1FAA48D23-FollowerState] INFO  server.RaftServerConfigKeys (ConfUtils.java:logFallback(53)) - raft.server.rpc.first-election.timeout.max = 5200ms (fallback to raft.server.rpc.timeout.max)
2022-12-06 16:24:38,162 [Command processor thread] INFO  ratis.XceiverServerRatis (XceiverServerRatis.java:addGroup(765)) - Created group PipelineID=bd206ac1-f978-4080-a1f0-46e1faa48d23
2022-12-06 16:24:38,162 [Command processor thread] INFO  commandhandler.CreatePipelineCommandHandler (CreatePipelineCommandHandler.java:handle(113)) - Created Pipeline RATIS ONE PipelineID=bd206ac1-f978-4080-a1f0-46e1faa48d23.
2022-12-06 16:24:38,162 [Command processor thread] INFO  server.RaftServer (RaftServerProxy.java:addNew(96)) - 93471f04-f84a-446a-9dbd-94f45fb64b69: addNew group-23A236CF6C1C:[93471f04-f84a-446a-9dbd-94f45fb64b69|rpc:10.1.0.176:39615|priority:0|startupRole:FOLLOWER, fd07e5d7-2dd9-455a-a9b9-9dae4f4be123|rpc:10.1.0.176:45045|priority:0|startupRole:FOLLOWER, 592803f5-ace9-49ac-a54f-354c0e5baf2c|rpc:10.1.0.176:36049|priority:1|startupRole:FOLLOWER] returns group-23A236CF6C1C:java.util.concurrent.CompletableFuture@4bab5bf1[Not completed]
2022-12-06 16:24:38,163 [pool-163-thread-1] INFO  server.RaftServer$Division (RaftServerImpl.java:<init>(195)) - 93471f04-f84a-446a-9dbd-94f45fb64b69: new RaftServerImpl for group-23A236CF6C1C:[93471f04-f84a-446a-9dbd-94f45fb64b69|rpc:10.1.0.176:39615|priority:0|startupRole:FOLLOWER, fd07e5d7-2dd9-455a-a9b9-9dae4f4be123|rpc:10.1.0.176:45045|priority:0|startupRole:FOLLOWER, 592803f5-ace9-49ac-a54f-354c0e5baf2c|rpc:10.1.0.176:36049|priority:1|startupRole:FOLLOWER] with ContainerStateMachine:uninitialized
2022-12-06 16:24:38,163 [pool-163-thread-1] INFO  server.RaftServerConfigKeys (ConfUtils.java:logGet(46)) - raft.server.rpc.timeout.min = 5s (custom)
2022-12-06 16:24:38,163 [pool-163-thread-1] INFO  server.RaftServerConfigKeys (ConfUtils.java:logGet(46)) - raft.server.rpc.timeout.max = 5200ms (custom)
2022-12-06 16:24:38,163 [pool-163-thread-1] INFO  server.RaftServerConfigKeys (ConfUtils.java:logGet(46)) - raft.server.rpc.sleep.time = 25ms (default)
2022-12-06 16:24:38,164 [pool-163-thread-1] INFO  server.RaftServerConfigKeys (ConfUtils.java:logGet(46)) - raft.server.rpc.slowness.timeout = 300s (custom)
2022-12-06 16:24:38,164 [pool-163-thread-1] INFO  server.RaftServerConfigKeys (ConfUtils.java:logGet(46)) - raft.server.leaderelection.leader.step-down.wait-time = 10s (default)
2022-12-06 16:24:38,164 [pool-163-thread-1] INFO  server.RaftServerConfigKeys (ConfUtils.java:logGet(46)) - raft.server.sleep.deviation.threshold = 300ms (default)
2022-12-06 16:24:38,164 [pool-163-thread-1] INFO  server.RaftServer$Division (ServerState.java:<init>(118)) - 93471f04-f84a-446a-9dbd-94f45fb64b69@group-23A236CF6C1C: ConfigurationManager, init=-1: peers:[93471f04-f84a-446a-9dbd-94f45fb64b69|rpc:10.1.0.176:39615|priority:0|startupRole:FOLLOWER, fd07e5d7-2dd9-455a-a9b9-9dae4f4be123|rpc:10.1.0.176:45045|priority:0|startupRole:FOLLOWER, 592803f5-ace9-49ac-a54f-354c0e5baf2c|rpc:10.1.0.176:36049|priority:1|startupRole:FOLLOWER]|listeners:[], old=null, confs=<EMPTY_MAP>
2022-12-06 16:24:38,164 [pool-163-thread-1] INFO  server.RaftServerConfigKeys (ConfUtils.java:logGet(46)) - raft.server.storage.dir = [/home/runner/work/ozone/ozone/hadoop-ozone/integration-test/target/test-dir/MiniOzoneClusterImpl-ff76fcda-2f7b-42b7-aafc-07b3f4cbd752/datanode-4/data/ratis] (custom)
2022-12-06 16:24:38,164 [pool-163-thread-1] INFO  server.RaftServerConfigKeys (ConfUtils.java:logGet(46)) - raft.server.log.corruption.policy = EXCEPTION (default)
2022-12-06 16:24:38,164 [pool-163-thread-1] INFO  server.RaftServerConfigKeys (ConfUtils.java:logGet(46)) - raft.server.storage.free-space.min = 0MB (=0) (default)
2022-12-06 16:24:38,164 [pool-163-thread-1] INFO  server.RaftServerConfigKeys (ConfUtils.java:logGet(46)) - raft.server.notification.no-leader.timeout = 300s (custom)
2022-12-06 16:24:38,164 [pool-163-thread-1] INFO  server.RaftServerConfigKeys (ConfUtils.java:logGet(46)) - raft.server.retrycache.expirytime = 600000ms (custom)
2022-12-06 16:24:38,164 [pool-163-thread-1] INFO  server.RaftServerConfigKeys (ConfUtils.java:logGet(46)) - raft.server.retrycache.statistics.expirytime = 100μs (default)
2022-12-06 16:24:38,165 [pool-163-thread-1] INFO  server.RaftServerConfigKeys (ConfUtils.java:logGet(46)) - raft.server.log.appender.install.snapshot.enabled = false (custom)
2022-12-06 16:24:38,165 [pool-163-thread-1] INFO  server.RaftServerConfigKeys (ConfUtils.java:logGet(46)) - raft.server.threadpool.server.cached = true (default)
2022-12-06 16:24:38,166 [pool-163-thread-1] INFO  server.RaftServerConfigKeys (ConfUtils.java:logGet(46)) - raft.server.threadpool.server.size = 0 (default)
2022-12-06 16:24:38,166 [pool-163-thread-1] INFO  server.RaftServerConfigKeys (ConfUtils.java:logGet(46)) - raft.server.threadpool.client.cached = true (default)
2022-12-06 16:24:38,166 [pool-163-thread-1] INFO  server.RaftServerConfigKeys (ConfUtils.java:logGet(46)) - raft.server.threadpool.client.size = 0 (default)
2022-12-06 16:24:38,166 [pool-163-thread-1] INFO  storage.RaftStorageDirectory (RaftStorageDirectoryImpl.java:analyzeStorage(137)) - The storage directory /home/runner/work/ozone/ozone/hadoop-ozone/integration-test/target/test-dir/MiniOzoneClusterImpl-ff76fcda-2f7b-42b7-aafc-07b3f4cbd752/datanode-4/data/ratis/47c8ed29-a24a-4c2c-bc83-23a236cf6c1c does not exist. Creating ...
2022-12-06 16:24:38,167 [pool-163-thread-1] INFO  storage.RaftStorageDirectory (RaftStorageDirectoryImpl.java:tryLock(231)) - Lock on /home/runner/work/ozone/ozone/hadoop-ozone/integration-test/target/test-dir/MiniOzoneClusterImpl-ff76fcda-2f7b-42b7-aafc-07b3f4cbd752/datanode-4/data/ratis/47c8ed29-a24a-4c2c-bc83-23a236cf6c1c/in_use.lock acquired by nodename 47636@fv-az451-158
2022-12-06 16:24:38,168 [pool-163-thread-1] INFO  storage.RaftStorage (RaftStorageImpl.java:format(96)) - Storage directory /home/runner/work/ozone/ozone/hadoop-ozone/integration-test/target/test-dir/MiniOzoneClusterImpl-ff76fcda-2f7b-42b7-aafc-07b3f4cbd752/datanode-4/data/ratis/47c8ed29-a24a-4c2c-bc83-23a236cf6c1c has been successfully formatted.
2022-12-06 16:24:38,170 [pool-163-thread-1] INFO  ratis.ContainerStateMachine (ContainerStateMachine.java:loadSnapshot(236)) - group-23A236CF6C1C: The snapshot info is null. Setting the last applied indexto:(t:0, i:~)
2022-12-06 16:24:38,170 [pool-163-thread-1] INFO  server.RaftServerConfigKeys (ConfUtils.java:logGet(46)) - raft.server.log.use.memory = false (default)
2022-12-06 16:24:38,170 [pool-163-thread-1] INFO  server.RaftServerConfigKeys (ConfUtils.java:logGet(46)) - raft.server.log.purge.gap = 1000000 (custom)
2022-12-06 16:24:38,170 [pool-163-thread-1] INFO  server.RaftServerConfigKeys (ConfUtils.java:logGet(46)) - raft.server.log.appender.buffer.byte-limit = 33554432 (custom)
2022-12-06 16:24:38,170 [pool-163-thread-1] INFO  server.RaftServerConfigKeys (ConfUtils.java:logGet(46)) - raft.server.log.statemachine.data.read.timeout = 1000ms (default)
2022-12-06 16:24:38,170 [pool-163-thread-1] INFO  server.RaftServerConfigKeys (ConfUtils.java:logGet(46)) - raft.server.log.purge.preservation.log.num = 0 (default)
2022-12-06 16:24:38,170 [pool-163-thread-1] INFO  server.RaftServerConfigKeys (ConfUtils.java:logGet(46)) - raft.server.log.segment.size.max = 1048576 (custom)
2022-12-06 16:24:38,170 [EventQueue-OpenPipelineForHealthyPipelineSafeModeRule] INFO  safemode.SCMSafeModeManager (HealthyPipelineSafeModeRule.java:process(137)) - SCM in safe mode. Healthy pipelines reported count is 0, required healthy pipeline reported count is 1
2022-12-06 16:24:38,170 [EventQueue-CommandQueueReportForCommandQueueReportHandler] WARN  events.EventQueue (EventQueue.java:fireEvent(216)) - No event handler registered for event TypedEvent{payloadType=DatanodeDetails, name='Datanode_Command_Queue_Updated'}
2022-12-06 16:24:38,177 [pool-140-thread-1] INFO  server.RaftServerConfigKeys (ConfUtils.java:logGet(46)) - raft.server.log.unsafe-flush.enabled = false (default)
2022-12-06 16:24:38,178 [pool-140-thread-1] INFO  server.RaftServerConfigKeys (ConfUtils.java:logGet(46)) - raft.server.log.async-flush.enabled = false (default)
2022-12-06 16:24:38,178 [pool-140-thread-1] INFO  server.RaftServerConfigKeys (ConfUtils.java:logGet(46)) - raft.server.log.statemachine.data.caching.enabled = true (custom)
2022-12-06 16:24:38,178 [pool-140-thread-1] INFO  segmented.SegmentedRaftLogWorker (SegmentedRaftLogWorker.java:lambda$new$0(135)) - fd07e5d7-2dd9-455a-a9b9-9dae4f4be123@group-23A236CF6C1C-SegmentedRaftLogWorker: flushIndex: setUnconditionally 0 -> -1
2022-12-06 16:24:38,178 [pool-140-thread-1] INFO  segmented.SegmentedRaftLogWorker (SegmentedRaftLogWorker.java:lambda$new$0(135)) - fd07e5d7-2dd9-455a-a9b9-9dae4f4be123@group-23A236CF6C1C-SegmentedRaftLogWorker: safeCacheEvictIndex: setUnconditionally 0 -> -1
2022-12-06 16:24:38,178 [pool-140-thread-1] INFO  server.RaftServer$Division (RaftServerImpl.java:start(334)) - fd07e5d7-2dd9-455a-a9b9-9dae4f4be123@group-23A236CF6C1C: start as a follower, conf=-1: peers:[93471f04-f84a-446a-9dbd-94f45fb64b69|rpc:10.1.0.176:39615|priority:0|startupRole:FOLLOWER, fd07e5d7-2dd9-455a-a9b9-9dae4f4be123|rpc:10.1.0.176:45045|priority:0|startupRole:FOLLOWER, 592803f5-ace9-49ac-a54f-354c0e5baf2c|rpc:10.1.0.176:36049|priority:1|startupRole:FOLLOWER]|listeners:[], old=null
2022-12-06 16:24:38,178 [pool-140-thread-1] INFO  server.RaftServer$Division (RaftServerImpl.java:setRole(321)) - fd07e5d7-2dd9-455a-a9b9-9dae4f4be123@group-23A236CF6C1C: changes role from      null to FOLLOWER at term 0 for startAsFollower
2022-12-06 16:24:38,178 [pool-163-thread-1] INFO  server.RaftServerConfigKeys (ConfUtils.java:logGet(46)) - raft.server.log.segment.cache.num.max = 2 (custom)
2022-12-06 16:24:38,178 [pool-163-thread-1] INFO  server.RaftServerConfigKeys (ConfUtils.java:logGet(46)) - raft.server.log.segment.cache.size.max = 200MB (=209715200) (default)
2022-12-06 16:24:38,178 [pool-163-thread-1] INFO  segmented.SegmentedRaftLogWorker (SegmentedRaftLogWorker.java:<init>(189)) - new 93471f04-f84a-446a-9dbd-94f45fb64b69@group-23A236CF6C1C-SegmentedRaftLogWorker for RaftStorageImpl:Storage Directory /home/runner/work/ozone/ozone/hadoop-ozone/integration-test/target/test-dir/MiniOzoneClusterImpl-ff76fcda-2f7b-42b7-aafc-07b3f4cbd752/datanode-4/data/ratis/47c8ed29-a24a-4c2c-bc83-23a236cf6c1c
2022-12-06 16:24:38,178 [pool-163-thread-1] INFO  server.RaftServerConfigKeys (ConfUtils.java:logGet(46)) - raft.server.log.queue.byte-limit = 4294967296 (custom)
2022-12-06 16:24:38,178 [pool-163-thread-1] INFO  server.RaftServerConfigKeys (ConfUtils.java:logGet(46)) - raft.server.log.queue.element-limit = 1024 (custom)
2022-12-06 16:24:38,178 [pool-163-thread-1] INFO  server.RaftServerConfigKeys (ConfUtils.java:logGet(46)) - raft.server.log.segment.size.max = 1048576 (custom)
2022-12-06 16:24:38,178 [pool-163-thread-1] INFO  server.RaftServerConfigKeys (ConfUtils.java:logGet(46)) - raft.server.log.preallocated.size = 16384 (custom)
2022-12-06 16:24:38,178 [pool-163-thread-1] INFO  server.RaftServerConfigKeys (ConfUtils.java:logGet(46)) - raft.server.log.force.sync.num = 128 (default)
2022-12-06 16:24:38,179 [pool-163-thread-1] INFO  server.RaftServerConfigKeys (ConfUtils.java:logGet(46)) - raft.server.log.statemachine.data.sync = true (default)
2022-12-06 16:24:38,179 [pool-163-thread-1] INFO  server.RaftServerConfigKeys (ConfUtils.java:logGet(46)) - raft.server.log.statemachine.data.sync.timeout = 10s (default)
2022-12-06 16:24:38,179 [pool-163-thread-1] INFO  server.RaftServerConfigKeys (ConfUtils.java:logGet(46)) - raft.server.log.statemachine.data.sync.timeout.retry = -1 (default)
2022-12-06 16:24:38,179 [pool-163-thread-1] INFO  server.RaftServerConfigKeys (ConfUtils.java:logGet(46)) - raft.server.log.write.buffer.size = 1048576 (custom)
2022-12-06 16:24:38,180 [pool-163-thread-1] INFO  server.RaftServerConfigKeys (ConfUtils.java:logGet(46)) - raft.server.log.appender.buffer.byte-limit = 33554432 (custom)
2022-12-06 16:24:38,178 [pool-140-thread-1] INFO  impl.RoleInfo (RoleInfo.java:updateAndGet(139)) - fd07e5d7-2dd9-455a-a9b9-9dae4f4be123: start fd07e5d7-2dd9-455a-a9b9-9dae4f4be123@group-23A236CF6C1C-FollowerState
2022-12-06 16:24:38,184 [pool-140-thread-1] INFO  util.JmxRegister (JmxRegister.java:tryRegister(44)) - Successfully registered JMX Bean with object name Ratis:service=RaftServer,group=group-23A236CF6C1C,id=fd07e5d7-2dd9-455a-a9b9-9dae4f4be123
2022-12-06 16:24:38,184 [pool-140-thread-1] INFO  server.RaftServerConfigKeys (ConfUtils.java:logGet(46)) - raft.server.snapshot.auto.trigger.enabled = true (custom)
2022-12-06 16:24:38,184 [pool-140-thread-1] INFO  server.RaftServerConfigKeys (ConfUtils.java:logGet(46)) - raft.server.snapshot.auto.trigger.threshold = 10000 (custom)
2022-12-06 16:24:38,184 [pool-140-thread-1] INFO  server.RaftServerConfigKeys (ConfUtils.java:logGet(46)) - raft.server.snapshot.retention.file.num = 5 (custom)
2022-12-06 16:24:38,184 [pool-140-thread-1] INFO  server.RaftServerConfigKeys (ConfUtils.java:logGet(46)) - raft.server.log.purge.upto.snapshot.index = false (default)
2022-12-06 16:24:38,185 [pool-163-thread-1] INFO  server.RaftServerConfigKeys (ConfUtils.java:logGet(46)) - raft.server.log.unsafe-flush.enabled = false (default)
2022-12-06 16:24:38,186 [pool-163-thread-1] INFO  server.RaftServerConfigKeys (ConfUtils.java:logGet(46)) - raft.server.log.async-flush.enabled = false (default)
2022-12-06 16:24:38,186 [pool-163-thread-1] INFO  server.RaftServerConfigKeys (ConfUtils.java:logGet(46)) - raft.server.log.statemachine.data.caching.enabled = true (custom)
2022-12-06 16:24:38,186 [pool-163-thread-1] INFO  segmented.SegmentedRaftLogWorker (SegmentedRaftLogWorker.java:lambda$new$0(135)) - 93471f04-f84a-446a-9dbd-94f45fb64b69@group-23A236CF6C1C-SegmentedRaftLogWorker: flushIndex: setUnconditionally 0 -> -1
2022-12-06 16:24:38,186 [pool-163-thread-1] INFO  segmented.SegmentedRaftLogWorker (SegmentedRaftLogWorker.java:lambda$new$0(135)) - 93471f04-f84a-446a-9dbd-94f45fb64b69@group-23A236CF6C1C-SegmentedRaftLogWorker: safeCacheEvictIndex: setUnconditionally 0 -> -1
2022-12-06 16:24:38,186 [Command processor thread] INFO  ratis.XceiverServerRatis (XceiverServerRatis.java:addGroup(765)) - Created group PipelineID=47c8ed29-a24a-4c2c-bc83-23a236cf6c1c
2022-12-06 16:24:38,197 [fd07e5d7-2dd9-455a-a9b9-9dae4f4be123@group-23A236CF6C1C-FollowerState] INFO  server.RaftServerConfigKeys (ConfUtils.java:logFallback(53)) - raft.server.rpc.first-election.timeout.min = 5s (fallback to raft.server.rpc.timeout.min)
2022-12-06 16:24:38,198 [fd07e5d7-2dd9-455a-a9b9-9dae4f4be123@group-23A236CF6C1C-FollowerState] INFO  server.RaftServerConfigKeys (ConfUtils.java:logFallback(53)) - raft.server.rpc.first-election.timeout.max = 5200ms (fallback to raft.server.rpc.timeout.max)
2022-12-06 16:24:38,198 [pool-163-thread-1] INFO  server.RaftServer$Division (RaftServerImpl.java:start(334)) - 93471f04-f84a-446a-9dbd-94f45fb64b69@group-23A236CF6C1C: start as a follower, conf=-1: peers:[93471f04-f84a-446a-9dbd-94f45fb64b69|rpc:10.1.0.176:39615|priority:0|startupRole:FOLLOWER, fd07e5d7-2dd9-455a-a9b9-9dae4f4be123|rpc:10.1.0.176:45045|priority:0|startupRole:FOLLOWER, 592803f5-ace9-49ac-a54f-354c0e5baf2c|rpc:10.1.0.176:36049|priority:1|startupRole:FOLLOWER]|listeners:[], old=null
2022-12-06 16:24:38,198 [pool-163-thread-1] INFO  server.RaftServer$Division (RaftServerImpl.java:setRole(321)) - 93471f04-f84a-446a-9dbd-94f45fb64b69@group-23A236CF6C1C: changes role from      null to FOLLOWER at term 0 for startAsFollower
2022-12-06 16:24:38,198 [pool-163-thread-1] INFO  impl.RoleInfo (RoleInfo.java:updateAndGet(139)) - 93471f04-f84a-446a-9dbd-94f45fb64b69: start 93471f04-f84a-446a-9dbd-94f45fb64b69@group-23A236CF6C1C-FollowerState
2022-12-06 16:24:38,198 [pool-163-thread-1] INFO  util.JmxRegister (JmxRegister.java:tryRegister(44)) - Successfully registered JMX Bean with object name Ratis:service=RaftServer,group=group-23A236CF6C1C,id=93471f04-f84a-446a-9dbd-94f45fb64b69
2022-12-06 16:24:38,198 [pool-163-thread-1] INFO  server.RaftServerConfigKeys (ConfUtils.java:logGet(46)) - raft.server.snapshot.auto.trigger.enabled = true (custom)
2022-12-06 16:24:38,198 [pool-163-thread-1] INFO  server.RaftServerConfigKeys (ConfUtils.java:logGet(46)) - raft.server.snapshot.auto.trigger.threshold = 10000 (custom)
2022-12-06 16:24:38,198 [pool-163-thread-1] INFO  server.RaftServerConfigKeys (ConfUtils.java:logGet(46)) - raft.server.snapshot.retention.file.num = 5 (custom)
2022-12-06 16:24:38,198 [pool-163-thread-1] INFO  server.RaftServerConfigKeys (ConfUtils.java:logGet(46)) - raft.server.log.purge.upto.snapshot.index = false (default)
2022-12-06 16:24:38,200 [93471f04-f84a-446a-9dbd-94f45fb64b69@group-23A236CF6C1C-FollowerState] INFO  server.RaftServerConfigKeys (ConfUtils.java:logFallback(53)) - raft.server.rpc.first-election.timeout.min = 5s (fallback to raft.server.rpc.timeout.min)
2022-12-06 16:24:38,200 [93471f04-f84a-446a-9dbd-94f45fb64b69@group-23A236CF6C1C-FollowerState] INFO  server.RaftServerConfigKeys (ConfUtils.java:logFallback(53)) - raft.server.rpc.first-election.timeout.max = 5200ms (fallback to raft.server.rpc.timeout.max)
2022-12-06 16:24:38,202 [Command processor thread] INFO  ratis.XceiverServerRatis (XceiverServerRatis.java:addGroup(765)) - Created group PipelineID=47c8ed29-a24a-4c2c-bc83-23a236cf6c1c
2022-12-06 16:24:38,203 [grpc-default-executor-2] INFO  server.RaftServer (RaftServerProxy.java:addNew(96)) - 592803f5-ace9-49ac-a54f-354c0e5baf2c: addNew group-23A236CF6C1C:[93471f04-f84a-446a-9dbd-94f45fb64b69|rpc:10.1.0.176:39615|dataStream:|priority:0|startupRole:FOLLOWER, fd07e5d7-2dd9-455a-a9b9-9dae4f4be123|rpc:10.1.0.176:45045|dataStream:|priority:0|startupRole:FOLLOWER, 592803f5-ace9-49ac-a54f-354c0e5baf2c|rpc:10.1.0.176:36049|dataStream:|priority:1|startupRole:FOLLOWER] returns group-23A236CF6C1C:java.util.concurrent.CompletableFuture@1a3cb6fc[Not completed]
2022-12-06 16:24:38,204 [pool-186-thread-1] INFO  server.RaftServer$Division (RaftServerImpl.java:<init>(195)) - 592803f5-ace9-49ac-a54f-354c0e5baf2c: new RaftServerImpl for group-23A236CF6C1C:[93471f04-f84a-446a-9dbd-94f45fb64b69|rpc:10.1.0.176:39615|dataStream:|priority:0|startupRole:FOLLOWER, fd07e5d7-2dd9-455a-a9b9-9dae4f4be123|rpc:10.1.0.176:45045|dataStream:|priority:0|startupRole:FOLLOWER, 592803f5-ace9-49ac-a54f-354c0e5baf2c|rpc:10.1.0.176:36049|dataStream:|priority:1|startupRole:FOLLOWER] with ContainerStateMachine:uninitialized
2022-12-06 16:24:38,204 [pool-186-thread-1] INFO  server.RaftServerConfigKeys (ConfUtils.java:logGet(46)) - raft.server.rpc.timeout.min = 5s (custom)
2022-12-06 16:24:38,204 [pool-186-thread-1] INFO  server.RaftServerConfigKeys (ConfUtils.java:logGet(46)) - raft.server.rpc.timeout.max = 5200ms (custom)
2022-12-06 16:24:38,204 [pool-186-thread-1] INFO  server.RaftServerConfigKeys (ConfUtils.java:logGet(46)) - raft.server.rpc.sleep.time = 25ms (default)
2022-12-06 16:24:38,204 [pool-186-thread-1] INFO  server.RaftServerConfigKeys (ConfUtils.java:logGet(46)) - raft.server.rpc.slowness.timeout = 300s (custom)
2022-12-06 16:24:38,204 [pool-186-thread-1] INFO  server.RaftServerConfigKeys (ConfUtils.java:logGet(46)) - raft.server.leaderelection.leader.step-down.wait-time = 10s (default)
2022-12-06 16:24:38,204 [pool-186-thread-1] INFO  server.RaftServerConfigKeys (ConfUtils.java:logGet(46)) - raft.server.sleep.deviation.threshold = 300ms (default)
2022-12-06 16:24:38,204 [pool-186-thread-1] INFO  server.RaftServer$Division (ServerState.java:<init>(118)) - 592803f5-ace9-49ac-a54f-354c0e5baf2c@group-23A236CF6C1C: ConfigurationManager, init=-1: peers:[93471f04-f84a-446a-9dbd-94f45fb64b69|rpc:10.1.0.176:39615|dataStream:|priority:0|startupRole:FOLLOWER, fd07e5d7-2dd9-455a-a9b9-9dae4f4be123|rpc:10.1.0.176:45045|dataStream:|priority:0|startupRole:FOLLOWER, 592803f5-ace9-49ac-a54f-354c0e5baf2c|rpc:10.1.0.176:36049|dataStream:|priority:1|startupRole:FOLLOWER]|listeners:[], old=null, confs=<EMPTY_MAP>
2022-12-06 16:24:38,204 [pool-186-thread-1] INFO  server.RaftServerConfigKeys (ConfUtils.java:logGet(46)) - raft.server.storage.dir = [/home/runner/work/ozone/ozone/hadoop-ozone/integration-test/target/test-dir/MiniOzoneClusterImpl-ff76fcda-2f7b-42b7-aafc-07b3f4cbd752/datanode-5/data/ratis] (custom)
2022-12-06 16:24:38,204 [pool-186-thread-1] INFO  server.RaftServerConfigKeys (ConfUtils.java:logGet(46)) - raft.server.log.corruption.policy = EXCEPTION (default)
2022-12-06 16:24:38,205 [pool-186-thread-1] INFO  server.RaftServerConfigKeys (ConfUtils.java:logGet(46)) - raft.server.storage.free-space.min = 0MB (=0) (default)
2022-12-06 16:24:38,205 [pool-186-thread-1] INFO  server.RaftServerConfigKeys (ConfUtils.java:logGet(46)) - raft.server.notification.no-leader.timeout = 300s (custom)
2022-12-06 16:24:38,205 [pool-186-thread-1] INFO  server.RaftServerConfigKeys (ConfUtils.java:logGet(46)) - raft.server.retrycache.expirytime = 600000ms (custom)
2022-12-06 16:24:38,205 [pool-186-thread-1] INFO  server.RaftServerConfigKeys (ConfUtils.java:logGet(46)) - raft.server.retrycache.statistics.expirytime = 100μs (default)
2022-12-06 16:24:38,206 [pool-186-thread-1] INFO  server.RaftServerConfigKeys (ConfUtils.java:logGet(46)) - raft.server.log.appender.install.snapshot.enabled = false (custom)
2022-12-06 16:24:38,206 [pool-186-thread-1] INFO  server.RaftServerConfigKeys (ConfUtils.java:logGet(46)) - raft.server.threadpool.server.cached = true (default)
2022-12-06 16:24:38,206 [pool-186-thread-1] INFO  server.RaftServerConfigKeys (ConfUtils.java:logGet(46)) - raft.server.threadpool.server.size = 0 (default)
2022-12-06 16:24:38,206 [pool-186-thread-1] INFO  server.RaftServerConfigKeys (ConfUtils.java:logGet(46)) - raft.server.threadpool.client.cached = true (default)
2022-12-06 16:24:38,206 [pool-186-thread-1] INFO  server.RaftServerConfigKeys (ConfUtils.java:logGet(46)) - raft.server.threadpool.client.size = 0 (default)
2022-12-06 16:24:38,206 [pool-186-thread-1] INFO  storage.RaftStorageDirectory (RaftStorageDirectoryImpl.java:analyzeStorage(137)) - The storage directory /home/runner/work/ozone/ozone/hadoop-ozone/integration-test/target/test-dir/MiniOzoneClusterImpl-ff76fcda-2f7b-42b7-aafc-07b3f4cbd752/datanode-5/data/ratis/47c8ed29-a24a-4c2c-bc83-23a236cf6c1c does not exist. Creating ...
2022-12-06 16:24:38,208 [pool-186-thread-1] INFO  storage.RaftStorageDirectory (RaftStorageDirectoryImpl.java:tryLock(231)) - Lock on /home/runner/work/ozone/ozone/hadoop-ozone/integration-test/target/test-dir/MiniOzoneClusterImpl-ff76fcda-2f7b-42b7-aafc-07b3f4cbd752/datanode-5/data/ratis/47c8ed29-a24a-4c2c-bc83-23a236cf6c1c/in_use.lock acquired by nodename 47636@fv-az451-158
2022-12-06 16:24:38,209 [pool-186-thread-1] INFO  storage.RaftStorage (RaftStorageImpl.java:format(96)) - Storage directory /home/runner/work/ozone/ozone/hadoop-ozone/integration-test/target/test-dir/MiniOzoneClusterImpl-ff76fcda-2f7b-42b7-aafc-07b3f4cbd752/datanode-5/data/ratis/47c8ed29-a24a-4c2c-bc83-23a236cf6c1c has been successfully formatted.
2022-12-06 16:24:38,210 [pool-186-thread-1] INFO  ratis.ContainerStateMachine (ContainerStateMachine.java:loadSnapshot(236)) - group-23A236CF6C1C: The snapshot info is null. Setting the last applied indexto:(t:0, i:~)
2022-12-06 16:24:38,211 [EventQueue-CommandQueueReportForCommandQueueReportHandler] WARN  events.EventQueue (EventQueue.java:fireEvent(216)) - No event handler registered for event TypedEvent{payloadType=DatanodeDetails, name='Datanode_Command_Queue_Updated'}
2022-12-06 16:24:38,212 [pool-186-thread-1] INFO  server.RaftServerConfigKeys (ConfUtils.java:logGet(46)) - raft.server.log.use.memory = false (default)
2022-12-06 16:24:38,213 [pool-186-thread-1] INFO  server.RaftServerConfigKeys (ConfUtils.java:logGet(46)) - raft.server.log.purge.gap = 1000000 (custom)
2022-12-06 16:24:38,213 [pool-186-thread-1] INFO  server.RaftServerConfigKeys (ConfUtils.java:logGet(46)) - raft.server.log.appender.buffer.byte-limit = 33554432 (custom)
2022-12-06 16:24:38,213 [pool-186-thread-1] INFO  server.RaftServerConfigKeys (ConfUtils.java:logGet(46)) - raft.server.log.statemachine.data.read.timeout = 1000ms (default)
2022-12-06 16:24:38,213 [pool-186-thread-1] INFO  server.RaftServerConfigKeys (ConfUtils.java:logGet(46)) - raft.server.log.purge.preservation.log.num = 0 (default)
2022-12-06 16:24:38,214 [pool-186-thread-1] INFO  server.RaftServerConfigKeys (ConfUtils.java:logGet(46)) - raft.server.log.segment.size.max = 1048576 (custom)
2022-12-06 16:24:38,214 [pool-186-thread-1] INFO  server.RaftServerConfigKeys (ConfUtils.java:logGet(46)) - raft.server.log.segment.cache.num.max = 2 (custom)
2022-12-06 16:24:38,214 [pool-186-thread-1] INFO  server.RaftServerConfigKeys (ConfUtils.java:logGet(46)) - raft.server.log.segment.cache.size.max = 200MB (=209715200) (default)
2022-12-06 16:24:38,214 [pool-186-thread-1] INFO  segmented.SegmentedRaftLogWorker (SegmentedRaftLogWorker.java:<init>(189)) - new 592803f5-ace9-49ac-a54f-354c0e5baf2c@group-23A236CF6C1C-SegmentedRaftLogWorker for RaftStorageImpl:Storage Directory /home/runner/work/ozone/ozone/hadoop-ozone/integration-test/target/test-dir/MiniOzoneClusterImpl-ff76fcda-2f7b-42b7-aafc-07b3f4cbd752/datanode-5/data/ratis/47c8ed29-a24a-4c2c-bc83-23a236cf6c1c
2022-12-06 16:24:38,214 [pool-186-thread-1] INFO  server.RaftServerConfigKeys (ConfUtils.java:logGet(46)) - raft.server.log.queue.byte-limit = 4294967296 (custom)
2022-12-06 16:24:38,214 [pool-186-thread-1] INFO  server.RaftServerConfigKeys (ConfUtils.java:logGet(46)) - raft.server.log.queue.element-limit = 1024 (custom)
2022-12-06 16:24:38,214 [pool-186-thread-1] INFO  server.RaftServerConfigKeys (ConfUtils.java:logGet(46)) - raft.server.log.segment.size.max = 1048576 (custom)
2022-12-06 16:24:38,214 [pool-186-thread-1] INFO  server.RaftServerConfigKeys (ConfUtils.java:logGet(46)) - raft.server.log.preallocated.size = 16384 (custom)
2022-12-06 16:24:38,214 [pool-186-thread-1] INFO  server.RaftServerConfigKeys (ConfUtils.java:logGet(46)) - raft.server.log.force.sync.num = 128 (default)
2022-12-06 16:24:38,215 [pool-186-thread-1] INFO  server.RaftServerConfigKeys (ConfUtils.java:logGet(46)) - raft.server.log.statemachine.data.sync = true (default)
2022-12-06 16:24:38,215 [pool-186-thread-1] INFO  server.RaftServerConfigKeys (ConfUtils.java:logGet(46)) - raft.server.log.statemachine.data.sync.timeout = 10s (default)
2022-12-06 16:24:38,215 [pool-186-thread-1] INFO  server.RaftServerConfigKeys (ConfUtils.java:logGet(46)) - raft.server.log.statemachine.data.sync.timeout.retry = -1 (default)
2022-12-06 16:24:38,216 [pool-186-thread-1] INFO  server.RaftServerConfigKeys (ConfUtils.java:logGet(46)) - raft.server.log.write.buffer.size = 1048576 (custom)
2022-12-06 16:24:38,217 [pool-186-thread-1] INFO  server.RaftServerConfigKeys (ConfUtils.java:logGet(46)) - raft.server.log.appender.buffer.byte-limit = 33554432 (custom)
2022-12-06 16:24:38,229 [pool-186-thread-1] INFO  server.RaftServerConfigKeys (ConfUtils.java:logGet(46)) - raft.server.log.unsafe-flush.enabled = false (default)
2022-12-06 16:24:38,229 [pool-186-thread-1] INFO  server.RaftServerConfigKeys (ConfUtils.java:logGet(46)) - raft.server.log.async-flush.enabled = false (default)
2022-12-06 16:24:38,229 [pool-186-thread-1] INFO  server.RaftServerConfigKeys (ConfUtils.java:logGet(46)) - raft.server.log.statemachine.data.caching.enabled = true (custom)
2022-12-06 16:24:38,229 [pool-186-thread-1] INFO  segmented.SegmentedRaftLogWorker (SegmentedRaftLogWorker.java:lambda$new$0(135)) - 592803f5-ace9-49ac-a54f-354c0e5baf2c@group-23A236CF6C1C-SegmentedRaftLogWorker: flushIndex: setUnconditionally 0 -> -1
2022-12-06 16:24:38,229 [pool-186-thread-1] INFO  segmented.SegmentedRaftLogWorker (SegmentedRaftLogWorker.java:lambda$new$0(135)) - 592803f5-ace9-49ac-a54f-354c0e5baf2c@group-23A236CF6C1C-SegmentedRaftLogWorker: safeCacheEvictIndex: setUnconditionally 0 -> -1
2022-12-06 16:24:38,242 [pool-186-thread-1] INFO  server.RaftServer$Division (RaftServerImpl.java:start(334)) - 592803f5-ace9-49ac-a54f-354c0e5baf2c@group-23A236CF6C1C: start as a follower, conf=-1: peers:[93471f04-f84a-446a-9dbd-94f45fb64b69|rpc:10.1.0.176:39615|dataStream:|priority:0|startupRole:FOLLOWER, fd07e5d7-2dd9-455a-a9b9-9dae4f4be123|rpc:10.1.0.176:45045|dataStream:|priority:0|startupRole:FOLLOWER, 592803f5-ace9-49ac-a54f-354c0e5baf2c|rpc:10.1.0.176:36049|dataStream:|priority:1|startupRole:FOLLOWER]|listeners:[], old=null
2022-12-06 16:24:38,242 [pool-186-thread-1] INFO  server.RaftServer$Division (RaftServerImpl.java:setRole(321)) - 592803f5-ace9-49ac-a54f-354c0e5baf2c@group-23A236CF6C1C: changes role from      null to FOLLOWER at term 0 for startAsFollower
2022-12-06 16:24:38,242 [pool-186-thread-1] INFO  impl.RoleInfo (RoleInfo.java:updateAndGet(139)) - 592803f5-ace9-49ac-a54f-354c0e5baf2c: start 592803f5-ace9-49ac-a54f-354c0e5baf2c@group-23A236CF6C1C-FollowerState
2022-12-06 16:24:38,246 [pool-186-thread-1] INFO  util.JmxRegister (JmxRegister.java:tryRegister(44)) - Successfully registered JMX Bean with object name Ratis:service=RaftServer,group=group-23A236CF6C1C,id=592803f5-ace9-49ac-a54f-354c0e5baf2c
2022-12-06 16:24:38,246 [pool-186-thread-1] INFO  server.RaftServerConfigKeys (ConfUtils.java:logGet(46)) - raft.server.snapshot.auto.trigger.enabled = true (custom)
2022-12-06 16:24:38,246 [pool-186-thread-1] INFO  server.RaftServerConfigKeys (ConfUtils.java:logGet(46)) - raft.server.snapshot.auto.trigger.threshold = 10000 (custom)
2022-12-06 16:24:38,246 [pool-186-thread-1] INFO  server.RaftServerConfigKeys (ConfUtils.java:logGet(46)) - raft.server.snapshot.retention.file.num = 5 (custom)
2022-12-06 16:24:38,246 [pool-186-thread-1] INFO  server.RaftServerConfigKeys (ConfUtils.java:logGet(46)) - raft.server.log.purge.upto.snapshot.index = false (default)
2022-12-06 16:24:38,249 [592803f5-ace9-49ac-a54f-354c0e5baf2c@group-23A236CF6C1C-FollowerState] INFO  server.RaftServerConfigKeys (ConfUtils.java:logFallback(53)) - raft.server.rpc.first-election.timeout.min = 5s (fallback to raft.server.rpc.timeout.min)
2022-12-06 16:24:38,262 [592803f5-ace9-49ac-a54f-354c0e5baf2c@group-23A236CF6C1C-FollowerState] INFO  server.RaftServerConfigKeys (ConfUtils.java:logFallback(53)) - raft.server.rpc.first-election.timeout.max = 5200ms (fallback to raft.server.rpc.timeout.max)
2022-12-06 16:24:38,310 [EventQueue-CommandQueueReportForCommandQueueReportHandler] WARN  events.EventQueue (EventQueue.java:fireEvent(216)) - No event handler registered for event TypedEvent{payloadType=DatanodeDetails, name='Datanode_Command_Queue_Updated'}
2022-12-06 16:24:38,313 [Command processor thread] INFO  commandhandler.CreatePipelineCommandHandler (CreatePipelineCommandHandler.java:handle(113)) - Created Pipeline RATIS THREE PipelineID=47c8ed29-a24a-4c2c-bc83-23a236cf6c1c.
2022-12-06 16:24:38,317 [Command processor thread] INFO  commandhandler.CreatePipelineCommandHandler (CreatePipelineCommandHandler.java:handle(113)) - Created Pipeline RATIS THREE PipelineID=47c8ed29-a24a-4c2c-bc83-23a236cf6c1c.
2022-12-06 16:24:38,334 [Listener at 127.0.0.1/39139] INFO  ozone.MiniOzoneClusterImpl (MiniOzoneClusterImpl.java:lambda$waitForClusterToBeReady$0(216)) - Nodes are ready. Got 10 of 10 DN Heartbeats.
2022-12-06 16:24:38,334 [Listener at 127.0.0.1/39139] INFO  ozone.MiniOzoneClusterImpl (MiniOzoneClusterImpl.java:lambda$waitForClusterToBeReady$0(219)) - Waiting for cluster to exit safe mode
2022-12-06 16:24:38,334 [Listener at 127.0.0.1/39139] INFO  ozone.MiniOzoneClusterImpl (MiniOzoneClusterImpl.java:lambda$waitForClusterToBeReady$0(221)) - SCM became leader
2022-12-06 16:24:38,520 [Command processor thread] INFO  server.RaftServer (RaftServerProxy.java:addNew(96)) - 592803f5-ace9-49ac-a54f-354c0e5baf2c: addNew group-B5CB87655DBA:[592803f5-ace9-49ac-a54f-354c0e5baf2c|rpc:10.1.0.176:36049|priority:1|startupRole:FOLLOWER] returns group-B5CB87655DBA:java.util.concurrent.CompletableFuture@6d3d9b9f[Not completed]
2022-12-06 16:24:38,521 [pool-186-thread-1] INFO  server.RaftServer$Division (RaftServerImpl.java:<init>(195)) - 592803f5-ace9-49ac-a54f-354c0e5baf2c: new RaftServerImpl for group-B5CB87655DBA:[592803f5-ace9-49ac-a54f-354c0e5baf2c|rpc:10.1.0.176:36049|priority:1|startupRole:FOLLOWER] with ContainerStateMachine:uninitialized
2022-12-06 16:24:38,521 [pool-186-thread-1] INFO  server.RaftServerConfigKeys (ConfUtils.java:logGet(46)) - raft.server.rpc.timeout.min = 5s (custom)
2022-12-06 16:24:38,521 [pool-186-thread-1] INFO  server.RaftServerConfigKeys (ConfUtils.java:logGet(46)) - raft.server.rpc.timeout.max = 5200ms (custom)
2022-12-06 16:24:38,521 [pool-186-thread-1] INFO  server.RaftServerConfigKeys (ConfUtils.java:logGet(46)) - raft.server.rpc.sleep.time = 25ms (default)
2022-12-06 16:24:38,522 [pool-186-thread-1] INFO  server.RaftServerConfigKeys (ConfUtils.java:logGet(46)) - raft.server.rpc.slowness.timeout = 300s (custom)
2022-12-06 16:24:38,522 [pool-186-thread-1] INFO  server.RaftServerConfigKeys (ConfUtils.java:logGet(46)) - raft.server.leaderelection.leader.step-down.wait-time = 10s (default)
2022-12-06 16:24:38,522 [pool-186-thread-1] INFO  server.RaftServerConfigKeys (ConfUtils.java:logGet(46)) - raft.server.sleep.deviation.threshold = 300ms (default)
2022-12-06 16:24:38,522 [pool-186-thread-1] INFO  server.RaftServer$Division (ServerState.java:<init>(118)) - 592803f5-ace9-49ac-a54f-354c0e5baf2c@group-B5CB87655DBA: ConfigurationManager, init=-1: peers:[592803f5-ace9-49ac-a54f-354c0e5baf2c|rpc:10.1.0.176:36049|priority:1|startupRole:FOLLOWER]|listeners:[], old=null, confs=<EMPTY_MAP>
2022-12-06 16:24:38,522 [pool-186-thread-1] INFO  server.RaftServerConfigKeys (ConfUtils.java:logGet(46)) - raft.server.storage.dir = [/home/runner/work/ozone/ozone/hadoop-ozone/integration-test/target/test-dir/MiniOzoneClusterImpl-ff76fcda-2f7b-42b7-aafc-07b3f4cbd752/datanode-5/data/ratis] (custom)
2022-12-06 16:24:38,522 [pool-186-thread-1] INFO  server.RaftServerConfigKeys (ConfUtils.java:logGet(46)) - raft.server.log.corruption.policy = EXCEPTION (default)
2022-12-06 16:24:38,522 [pool-186-thread-1] INFO  server.RaftServerConfigKeys (ConfUtils.java:logGet(46)) - raft.server.storage.free-space.min = 0MB (=0) (default)
2022-12-06 16:24:38,522 [pool-186-thread-1] INFO  server.RaftServerConfigKeys (ConfUtils.java:logGet(46)) - raft.server.notification.no-leader.timeout = 300s (custom)
2022-12-06 16:24:38,522 [pool-186-thread-1] INFO  server.RaftServerConfigKeys (ConfUtils.java:logGet(46)) - raft.server.retrycache.expirytime = 600000ms (custom)
2022-12-06 16:24:38,522 [pool-186-thread-1] INFO  server.RaftServerConfigKeys (ConfUtils.java:logGet(46)) - raft.server.retrycache.statistics.expirytime = 100μs (default)
2022-12-06 16:24:38,525 [pool-186-thread-1] INFO  server.RaftServerConfigKeys (ConfUtils.java:logGet(46)) - raft.server.log.appender.install.snapshot.enabled = false (custom)
2022-12-06 16:24:38,525 [pool-186-thread-1] INFO  server.RaftServerConfigKeys (ConfUtils.java:logGet(46)) - raft.server.threadpool.server.cached = true (default)
2022-12-06 16:24:38,525 [pool-186-thread-1] INFO  server.RaftServerConfigKeys (ConfUtils.java:logGet(46)) - raft.server.threadpool.server.size = 0 (default)
2022-12-06 16:24:38,525 [pool-186-thread-1] INFO  server.RaftServerConfigKeys (ConfUtils.java:logGet(46)) - raft.server.threadpool.client.cached = true (default)
2022-12-06 16:24:38,525 [pool-186-thread-1] INFO  server.RaftServerConfigKeys (ConfUtils.java:logGet(46)) - raft.server.threadpool.client.size = 0 (default)
2022-12-06 16:24:38,525 [pool-186-thread-1] INFO  storage.RaftStorageDirectory (RaftStorageDirectoryImpl.java:analyzeStorage(137)) - The storage directory /home/runner/work/ozone/ozone/hadoop-ozone/integration-test/target/test-dir/MiniOzoneClusterImpl-ff76fcda-2f7b-42b7-aafc-07b3f4cbd752/datanode-5/data/ratis/3982516e-e666-4977-97f6-b5cb87655dba does not exist. Creating ...
2022-12-06 16:24:38,527 [pool-186-thread-1] INFO  storage.RaftStorageDirectory (RaftStorageDirectoryImpl.java:tryLock(231)) - Lock on /home/runner/work/ozone/ozone/hadoop-ozone/integration-test/target/test-dir/MiniOzoneClusterImpl-ff76fcda-2f7b-42b7-aafc-07b3f4cbd752/datanode-5/data/ratis/3982516e-e666-4977-97f6-b5cb87655dba/in_use.lock acquired by nodename 47636@fv-az451-158
2022-12-06 16:24:38,529 [pool-186-thread-1] INFO  storage.RaftStorage (RaftStorageImpl.java:format(96)) - Storage directory /home/runner/work/ozone/ozone/hadoop-ozone/integration-test/target/test-dir/MiniOzoneClusterImpl-ff76fcda-2f7b-42b7-aafc-07b3f4cbd752/datanode-5/data/ratis/3982516e-e666-4977-97f6-b5cb87655dba has been successfully formatted.
2022-12-06 16:24:38,529 [pool-186-thread-1] INFO  ratis.ContainerStateMachine (ContainerStateMachine.java:loadSnapshot(236)) - group-B5CB87655DBA: The snapshot info is null. Setting the last applied indexto:(t:0, i:~)
2022-12-06 16:24:38,529 [pool-186-thread-1] INFO  server.RaftServerConfigKeys (ConfUtils.java:logGet(46)) - raft.server.log.use.memory = false (default)
2022-12-06 16:24:38,530 [pool-186-thread-1] INFO  server.RaftServerConfigKeys (ConfUtils.java:logGet(46)) - raft.server.log.purge.gap = 1000000 (custom)
2022-12-06 16:24:38,530 [pool-186-thread-1] INFO  server.RaftServerConfigKeys (ConfUtils.java:logGet(46)) - raft.server.log.appender.buffer.byte-limit = 33554432 (custom)
2022-12-06 16:24:38,530 [pool-186-thread-1] INFO  server.RaftServerConfigKeys (ConfUtils.java:logGet(46)) - raft.server.log.statemachine.data.read.timeout = 1000ms (default)
2022-12-06 16:24:38,530 [pool-186-thread-1] INFO  server.RaftServerConfigKeys (ConfUtils.java:logGet(46)) - raft.server.log.purge.preservation.log.num = 0 (default)
2022-12-06 16:24:38,530 [pool-186-thread-1] INFO  server.RaftServerConfigKeys (ConfUtils.java:logGet(46)) - raft.server.log.segment.size.max = 1048576 (custom)
2022-12-06 16:24:38,531 [pool-186-thread-1] INFO  server.RaftServerConfigKeys (ConfUtils.java:logGet(46)) - raft.server.log.segment.cache.num.max = 2 (custom)
2022-12-06 16:24:38,531 [EventQueue-CommandQueueReportForCommandQueueReportHandler] WARN  events.EventQueue (EventQueue.java:fireEvent(216)) - No event handler registered for event TypedEvent{payloadType=DatanodeDetails, name='Datanode_Command_Queue_Updated'}
2022-12-06 16:24:38,531 [pool-186-thread-1] INFO  server.RaftServerConfigKeys (ConfUtils.java:logGet(46)) - raft.server.log.segment.cache.size.max = 200MB (=209715200) (default)
2022-12-06 16:24:38,531 [pool-186-thread-1] INFO  segmented.SegmentedRaftLogWorker (SegmentedRaftLogWorker.java:<init>(189)) - new 592803f5-ace9-49ac-a54f-354c0e5baf2c@group-B5CB87655DBA-SegmentedRaftLogWorker for RaftStorageImpl:Storage Directory /home/runner/work/ozone/ozone/hadoop-ozone/integration-test/target/test-dir/MiniOzoneClusterImpl-ff76fcda-2f7b-42b7-aafc-07b3f4cbd752/datanode-5/data/ratis/3982516e-e666-4977-97f6-b5cb87655dba
2022-12-06 16:24:38,531 [pool-186-thread-1] INFO  server.RaftServerConfigKeys (ConfUtils.java:logGet(46)) - raft.server.log.queue.byte-limit = 4294967296 (custom)
2022-12-06 16:24:38,531 [pool-186-thread-1] INFO  server.RaftServerConfigKeys (ConfUtils.java:logGet(46)) - raft.server.log.queue.element-limit = 1024 (custom)
2022-12-06 16:24:38,531 [pool-186-thread-1] INFO  server.RaftServerConfigKeys (ConfUtils.java:logGet(46)) - raft.server.log.segment.size.max = 1048576 (custom)
2022-12-06 16:24:38,531 [pool-186-thread-1] INFO  server.RaftServerConfigKeys (ConfUtils.java:logGet(46)) - raft.server.log.preallocated.size = 16384 (custom)
2022-12-06 16:24:38,531 [EventQueue-PipelineReportForPipelineReportHandler] INFO  pipeline.PipelineManagerImpl (PipelineManagerImpl.java:openPipeline(367)) - Pipeline Pipeline[ Id: 3982516e-e666-4977-97f6-b5cb87655dba, Nodes: 592803f5-ace9-49ac-a54f-354c0e5baf2c{ip: 10.1.0.176, host: fv-az451-158.ehxzt5fk3o4e1ahk02omj2f41g.dx.internal.cloudapp.net, ports: [REPLICATION=35645, RATIS=36049, RATIS_ADMIN=36049, RATIS_SERVER=36049, STANDALONE=43037], networkLocation: /default-rack, certSerialId: null, persistedOpState: IN_SERVICE, persistedOpStateExpiryEpochSec: 0}, ReplicationConfig: RATIS/ONE, State:ALLOCATED, leaderId:592803f5-ace9-49ac-a54f-354c0e5baf2c, CreationTimestamp2022-12-06T16:24:35.525Z[Etc/UTC]] moved to OPEN state
2022-12-06 16:24:38,531 [pool-186-thread-1] INFO  server.RaftServerConfigKeys (ConfUtils.java:logGet(46)) - raft.server.log.force.sync.num = 128 (default)
2022-12-06 16:24:38,532 [pool-186-thread-1] INFO  server.RaftServerConfigKeys (ConfUtils.java:logGet(46)) - raft.server.log.statemachine.data.sync = true (default)
2022-12-06 16:24:38,532 [pool-186-thread-1] INFO  server.RaftServerConfigKeys (ConfUtils.java:logGet(46)) - raft.server.log.statemachine.data.sync.timeout = 10s (default)
2022-12-06 16:24:38,532 [pool-186-thread-1] INFO  server.RaftServerConfigKeys (ConfUtils.java:logGet(46)) - raft.server.log.statemachine.data.sync.timeout.retry = -1 (default)
2022-12-06 16:24:38,533 [pool-186-thread-1] INFO  server.RaftServerConfigKeys (ConfUtils.java:logGet(46)) - raft.server.log.write.buffer.size = 1048576 (custom)
2022-12-06 16:24:38,534 [EventQueue-OpenPipelineForHealthyPipelineSafeModeRule] INFO  safemode.SCMSafeModeManager (HealthyPipelineSafeModeRule.java:process(137)) - SCM in safe mode. Healthy pipelines reported count is 0, required healthy pipeline reported count is 1
2022-12-06 16:24:38,548 [pool-186-thread-1] INFO  server.RaftServerConfigKeys (ConfUtils.java:logGet(46)) - raft.server.log.appender.buffer.byte-limit = 33554432 (custom)
2022-12-06 16:24:38,561 [pool-186-thread-1] INFO  server.RaftServerConfigKeys (ConfUtils.java:logGet(46)) - raft.server.log.unsafe-flush.enabled = false (default)
2022-12-06 16:24:38,561 [pool-186-thread-1] INFO  server.RaftServerConfigKeys (ConfUtils.java:logGet(46)) - raft.server.log.async-flush.enabled = false (default)
2022-12-06 16:24:38,561 [pool-186-thread-1] INFO  server.RaftServerConfigKeys (ConfUtils.java:logGet(46)) - raft.server.log.statemachine.data.caching.enabled = true (custom)
2022-12-06 16:24:38,561 [pool-186-thread-1] INFO  segmented.SegmentedRaftLogWorker (SegmentedRaftLogWorker.java:lambda$new$0(135)) - 592803f5-ace9-49ac-a54f-354c0e5baf2c@group-B5CB87655DBA-SegmentedRaftLogWorker: flushIndex: setUnconditionally 0 -> -1
2022-12-06 16:24:38,561 [pool-186-thread-1] INFO  segmented.SegmentedRaftLogWorker (SegmentedRaftLogWorker.java:lambda$new$0(135)) - 592803f5-ace9-49ac-a54f-354c0e5baf2c@group-B5CB87655DBA-SegmentedRaftLogWorker: safeCacheEvictIndex: setUnconditionally 0 -> -1
2022-12-06 16:24:38,562 [pool-186-thread-1] INFO  server.RaftServer$Division (RaftServerImpl.java:start(334)) - 592803f5-ace9-49ac-a54f-354c0e5baf2c@group-B5CB87655DBA: start as a follower, conf=-1: peers:[592803f5-ace9-49ac-a54f-354c0e5baf2c|rpc:10.1.0.176:36049|priority:1|startupRole:FOLLOWER]|listeners:[], old=null
2022-12-06 16:24:38,562 [pool-186-thread-1] INFO  server.RaftServer$Division (RaftServerImpl.java:setRole(321)) - 592803f5-ace9-49ac-a54f-354c0e5baf2c@group-B5CB87655DBA: changes role from      null to FOLLOWER at term 0 for startAsFollower
2022-12-06 16:24:38,562 [pool-186-thread-1] INFO  impl.RoleInfo (RoleInfo.java:updateAndGet(139)) - 592803f5-ace9-49ac-a54f-354c0e5baf2c: start 592803f5-ace9-49ac-a54f-354c0e5baf2c@group-B5CB87655DBA-FollowerState
2022-12-06 16:24:38,562 [592803f5-ace9-49ac-a54f-354c0e5baf2c@group-B5CB87655DBA-FollowerState] INFO  server.RaftServerConfigKeys (ConfUtils.java:logFallback(53)) - raft.server.rpc.first-election.timeout.min = 5s (fallback to raft.server.rpc.timeout.min)
2022-12-06 16:24:38,562 [pool-186-thread-1] INFO  util.JmxRegister (JmxRegister.java:tryRegister(44)) - Successfully registered JMX Bean with object name Ratis:service=RaftServer,group=group-B5CB87655DBA,id=592803f5-ace9-49ac-a54f-354c0e5baf2c
2022-12-06 16:24:38,562 [pool-186-thread-1] INFO  server.RaftServerConfigKeys (ConfUtils.java:logGet(46)) - raft.server.snapshot.auto.trigger.enabled = true (custom)
2022-12-06 16:24:38,562 [pool-186-thread-1] INFO  server.RaftServerConfigKeys (ConfUtils.java:logGet(46)) - raft.server.snapshot.auto.trigger.threshold = 10000 (custom)
2022-12-06 16:24:38,563 [pool-186-thread-1] INFO  server.RaftServerConfigKeys (ConfUtils.java:logGet(46)) - raft.server.snapshot.retention.file.num = 5 (custom)
2022-12-06 16:24:38,563 [pool-186-thread-1] INFO  server.RaftServerConfigKeys (ConfUtils.java:logGet(46)) - raft.server.log.purge.upto.snapshot.index = false (default)
2022-12-06 16:24:38,563 [Command processor thread] INFO  ratis.XceiverServerRatis (XceiverServerRatis.java:addGroup(765)) - Created group PipelineID=3982516e-e666-4977-97f6-b5cb87655dba
2022-12-06 16:24:38,563 [Command processor thread] INFO  commandhandler.CreatePipelineCommandHandler (CreatePipelineCommandHandler.java:handle(113)) - Created Pipeline RATIS ONE PipelineID=3982516e-e666-4977-97f6-b5cb87655dba.
2022-12-06 16:24:38,564 [592803f5-ace9-49ac-a54f-354c0e5baf2c@group-B5CB87655DBA-FollowerState] INFO  server.RaftServerConfigKeys (ConfUtils.java:logFallback(53)) - raft.server.rpc.first-election.timeout.max = 5200ms (fallback to raft.server.rpc.timeout.max)
2022-12-06 16:24:38,735 [EventQueue-CommandQueueReportForCommandQueueReportHandler] WARN  events.EventQueue (EventQueue.java:fireEvent(216)) - No event handler registered for event TypedEvent{payloadType=DatanodeDetails, name='Datanode_Command_Queue_Updated'}
2022-12-06 16:24:38,752 [EventQueue-CommandQueueReportForCommandQueueReportHandler] WARN  events.EventQueue (EventQueue.java:fireEvent(216)) - No event handler registered for event TypedEvent{payloadType=DatanodeDetails, name='Datanode_Command_Queue_Updated'}
2022-12-06 16:24:38,759 [EventQueue-CommandQueueReportForCommandQueueReportHandler] WARN  events.EventQueue (EventQueue.java:fireEvent(216)) - No event handler registered for event TypedEvent{payloadType=DatanodeDetails, name='Datanode_Command_Queue_Updated'}
2022-12-06 16:24:38,787 [EventQueue-CommandQueueReportForCommandQueueReportHandler] WARN  events.EventQueue (EventQueue.java:fireEvent(216)) - No event handler registered for event TypedEvent{payloadType=DatanodeDetails, name='Datanode_Command_Queue_Updated'}
2022-12-06 16:24:38,951 [Command processor thread] INFO  server.RaftServer (RaftServerProxy.java:addNew(96)) - 307c9a4a-d135-41f7-b2cf-6e79e9d930c6: addNew group-4CD243C2E417:[307c9a4a-d135-41f7-b2cf-6e79e9d930c6|rpc:10.1.0.176:35421|priority:1|startupRole:FOLLOWER] returns group-4CD243C2E417:java.util.concurrent.CompletableFuture@5c677e9e[Not completed]
2022-12-06 16:24:38,952 [EventQueue-CommandQueueReportForCommandQueueReportHandler] WARN  events.EventQueue (EventQueue.java:fireEvent(216)) - No event handler registered for event TypedEvent{payloadType=DatanodeDetails, name='Datanode_Command_Queue_Updated'}
2022-12-06 16:24:38,953 [pool-213-thread-1] INFO  server.RaftServer$Division (RaftServerImpl.java:<init>(195)) - 307c9a4a-d135-41f7-b2cf-6e79e9d930c6: new RaftServerImpl for group-4CD243C2E417:[307c9a4a-d135-41f7-b2cf-6e79e9d930c6|rpc:10.1.0.176:35421|priority:1|startupRole:FOLLOWER] with ContainerStateMachine:uninitialized
2022-12-06 16:24:38,953 [pool-213-thread-1] INFO  server.RaftServerConfigKeys (ConfUtils.java:logGet(46)) - raft.server.rpc.timeout.min = 5s (custom)
2022-12-06 16:24:38,953 [pool-213-thread-1] INFO  server.RaftServerConfigKeys (ConfUtils.java:logGet(46)) - raft.server.rpc.timeout.max = 5200ms (custom)
2022-12-06 16:24:38,953 [pool-213-thread-1] INFO  server.RaftServerConfigKeys (ConfUtils.java:logGet(46)) - raft.server.rpc.sleep.time = 25ms (default)
2022-12-06 16:24:38,953 [pool-213-thread-1] INFO  server.RaftServerConfigKeys (ConfUtils.java:logGet(46)) - raft.server.rpc.slowness.timeout = 300s (custom)
2022-12-06 16:24:38,953 [pool-213-thread-1] INFO  server.RaftServerConfigKeys (ConfUtils.java:logGet(46)) - raft.server.leaderelection.leader.step-down.wait-time = 10s (default)
2022-12-06 16:24:38,953 [pool-213-thread-1] INFO  server.RaftServerConfigKeys (ConfUtils.java:logGet(46)) - raft.server.sleep.deviation.threshold = 300ms (default)
2022-12-06 16:24:38,953 [pool-213-thread-1] INFO  server.RaftServer$Division (ServerState.java:<init>(118)) - 307c9a4a-d135-41f7-b2cf-6e79e9d930c6@group-4CD243C2E417: ConfigurationManager, init=-1: peers:[307c9a4a-d135-41f7-b2cf-6e79e9d930c6|rpc:10.1.0.176:35421|priority:1|startupRole:FOLLOWER]|listeners:[], old=null, confs=<EMPTY_MAP>
2022-12-06 16:24:38,953 [pool-213-thread-1] INFO  server.RaftServerConfigKeys (ConfUtils.java:logGet(46)) - raft.server.storage.dir = [/home/runner/work/ozone/ozone/hadoop-ozone/integration-test/target/test-dir/MiniOzoneClusterImpl-ff76fcda-2f7b-42b7-aafc-07b3f4cbd752/datanode-6/data/ratis] (custom)
2022-12-06 16:24:38,954 [pool-213-thread-1] INFO  server.RaftServerConfigKeys (ConfUtils.java:logGet(46)) - raft.server.log.corruption.policy = EXCEPTION (default)
2022-12-06 16:24:38,954 [pool-213-thread-1] INFO  server.RaftServerConfigKeys (ConfUtils.java:logGet(46)) - raft.server.storage.free-space.min = 0MB (=0) (default)
2022-12-06 16:24:38,954 [pool-213-thread-1] INFO  server.RaftServerConfigKeys (ConfUtils.java:logGet(46)) - raft.server.notification.no-leader.timeout = 300s (custom)
2022-12-06 16:24:38,954 [pool-213-thread-1] INFO  server.RaftServerConfigKeys (ConfUtils.java:logGet(46)) - raft.server.retrycache.expirytime = 600000ms (custom)
2022-12-06 16:24:38,954 [pool-213-thread-1] INFO  server.RaftServerConfigKeys (ConfUtils.java:logGet(46)) - raft.server.retrycache.statistics.expirytime = 100μs (default)
2022-12-06 16:24:38,956 [pool-213-thread-1] INFO  server.RaftServerConfigKeys (ConfUtils.java:logGet(46)) - raft.server.log.appender.install.snapshot.enabled = false (custom)
2022-12-06 16:24:38,956 [pool-213-thread-1] INFO  server.RaftServerConfigKeys (ConfUtils.java:logGet(46)) - raft.server.threadpool.server.cached = true (default)
2022-12-06 16:24:38,956 [pool-213-thread-1] INFO  server.RaftServerConfigKeys (ConfUtils.java:logGet(46)) - raft.server.threadpool.server.size = 0 (default)
2022-12-06 16:24:38,956 [pool-213-thread-1] INFO  server.RaftServerConfigKeys (ConfUtils.java:logGet(46)) - raft.server.threadpool.client.cached = true (default)
2022-12-06 16:24:38,956 [pool-213-thread-1] INFO  server.RaftServerConfigKeys (ConfUtils.java:logGet(46)) - raft.server.threadpool.client.size = 0 (default)
2022-12-06 16:24:38,957 [pool-213-thread-1] INFO  storage.RaftStorageDirectory (RaftStorageDirectoryImpl.java:analyzeStorage(137)) - The storage directory /home/runner/work/ozone/ozone/hadoop-ozone/integration-test/target/test-dir/MiniOzoneClusterImpl-ff76fcda-2f7b-42b7-aafc-07b3f4cbd752/datanode-6/data/ratis/8a6345e5-8e0c-4437-ae90-4cd243c2e417 does not exist. Creating ...
2022-12-06 16:24:38,958 [pool-213-thread-1] INFO  storage.RaftStorageDirectory (RaftStorageDirectoryImpl.java:tryLock(231)) - Lock on /home/runner/work/ozone/ozone/hadoop-ozone/integration-test/target/test-dir/MiniOzoneClusterImpl-ff76fcda-2f7b-42b7-aafc-07b3f4cbd752/datanode-6/data/ratis/8a6345e5-8e0c-4437-ae90-4cd243c2e417/in_use.lock acquired by nodename 47636@fv-az451-158
2022-12-06 16:24:38,959 [pool-213-thread-1] INFO  storage.RaftStorage (RaftStorageImpl.java:format(96)) - Storage directory /home/runner/work/ozone/ozone/hadoop-ozone/integration-test/target/test-dir/MiniOzoneClusterImpl-ff76fcda-2f7b-42b7-aafc-07b3f4cbd752/datanode-6/data/ratis/8a6345e5-8e0c-4437-ae90-4cd243c2e417 has been successfully formatted.
2022-12-06 16:24:39,338 [Listener at 127.0.0.1/39139] INFO  ozone.MiniOzoneClusterImpl (MiniOzoneClusterImpl.java:lambda$waitForClusterToBeReady$0(216)) - Nodes are ready. Got 10 of 10 DN Heartbeats.
2022-12-06 16:24:39,349 [Listener at 127.0.0.1/39139] INFO  ozone.MiniOzoneClusterImpl (MiniOzoneClusterImpl.java:lambda$waitForClusterToBeReady$0(219)) - Waiting for cluster to exit safe mode
2022-12-06 16:24:39,349 [Listener at 127.0.0.1/39139] INFO  ozone.MiniOzoneClusterImpl (MiniOzoneClusterImpl.java:lambda$waitForClusterToBeReady$0(221)) - SCM became leader
2022-12-06 16:24:39,350 [JvmPauseMonitor0] WARN  util.JvmPauseMonitor (JvmPauseMonitor.java:detectPause(126)) - JvmPauseMonitor-om1: Detected pause in JVM or host machine (eg GC): pause of approximately 376165444ns.
GC pool 'PS MarkSweep' had collection(s): count=1 time=238ms
GC pool 'PS Scavenge' had collection(s): count=1 time=140ms
2022-12-06 16:24:39,350 [JvmPauseMonitor7] WARN  util.JvmPauseMonitor (JvmPauseMonitor.java:detectPause(126)) - JvmPauseMonitor-307c9a4a-d135-41f7-b2cf-6e79e9d930c6: Detected pause in JVM or host machine (eg GC): pause of approximately 351163908ns.
GC pool 'PS MarkSweep' had collection(s): count=1 time=238ms
GC pool 'PS Scavenge' had collection(s): count=1 time=140ms
2022-12-06 16:24:39,350 [JvmPauseMonitor2] WARN  util.JvmPauseMonitor (JvmPauseMonitor.java:detectPause(126)) - JvmPauseMonitor-f48f5eaa-c865-41e1-958d-4d574a609fc9: Detected pause in JVM or host machine (eg GC): pause of approximately 299353609ns.
GC pool 'PS MarkSweep' had collection(s): count=1 time=238ms
GC pool 'PS Scavenge' had collection(s): count=1 time=140ms
2022-12-06 16:24:39,352 [pool-213-thread-1] INFO  ratis.ContainerStateMachine (ContainerStateMachine.java:loadSnapshot(236)) - group-4CD243C2E417: The snapshot info is null. Setting the last applied indexto:(t:0, i:~)
2022-12-06 16:24:39,352 [pool-213-thread-1] INFO  server.RaftServerConfigKeys (ConfUtils.java:logGet(46)) - raft.server.log.use.memory = false (default)
2022-12-06 16:24:39,352 [pool-213-thread-1] INFO  server.RaftServerConfigKeys (ConfUtils.java:logGet(46)) - raft.server.log.purge.gap = 1000000 (custom)
2022-12-06 16:24:39,352 [pool-213-thread-1] INFO  server.RaftServerConfigKeys (ConfUtils.java:logGet(46)) - raft.server.log.appender.buffer.byte-limit = 33554432 (custom)
2022-12-06 16:24:39,352 [pool-213-thread-1] INFO  server.RaftServerConfigKeys (ConfUtils.java:logGet(46)) - raft.server.log.statemachine.data.read.timeout = 1000ms (default)
2022-12-06 16:24:39,352 [pool-213-thread-1] INFO  server.RaftServerConfigKeys (ConfUtils.java:logGet(46)) - raft.server.log.purge.preservation.log.num = 0 (default)
2022-12-06 16:24:39,352 [pool-213-thread-1] INFO  server.RaftServerConfigKeys (ConfUtils.java:logGet(46)) - raft.server.log.segment.size.max = 1048576 (custom)
2022-12-06 16:24:39,353 [pool-213-thread-1] INFO  server.RaftServerConfigKeys (ConfUtils.java:logGet(46)) - raft.server.log.segment.cache.num.max = 2 (custom)
2022-12-06 16:24:39,353 [pool-213-thread-1] INFO  server.RaftServerConfigKeys (ConfUtils.java:logGet(46)) - raft.server.log.segment.cache.size.max = 200MB (=209715200) (default)
2022-12-06 16:24:39,353 [pool-213-thread-1] INFO  segmented.SegmentedRaftLogWorker (SegmentedRaftLogWorker.java:<init>(189)) - new 307c9a4a-d135-41f7-b2cf-6e79e9d930c6@group-4CD243C2E417-SegmentedRaftLogWorker for RaftStorageImpl:Storage Directory /home/runner/work/ozone/ozone/hadoop-ozone/integration-test/target/test-dir/MiniOzoneClusterImpl-ff76fcda-2f7b-42b7-aafc-07b3f4cbd752/datanode-6/data/ratis/8a6345e5-8e0c-4437-ae90-4cd243c2e417
2022-12-06 16:24:39,353 [pool-213-thread-1] INFO  server.RaftServerConfigKeys (ConfUtils.java:logGet(46)) - raft.server.log.queue.byte-limit = 4294967296 (custom)
2022-12-06 16:24:39,353 [pool-213-thread-1] INFO  server.RaftServerConfigKeys (ConfUtils.java:logGet(46)) - raft.server.log.queue.element-limit = 1024 (custom)
2022-12-06 16:24:39,353 [pool-213-thread-1] INFO  server.RaftServerConfigKeys (ConfUtils.java:logGet(46)) - raft.server.log.segment.size.max = 1048576 (custom)
2022-12-06 16:24:39,353 [pool-213-thread-1] INFO  server.RaftServerConfigKeys (ConfUtils.java:logGet(46)) - raft.server.log.preallocated.size = 16384 (custom)
2022-12-06 16:24:39,353 [pool-213-thread-1] INFO  server.RaftServerConfigKeys (ConfUtils.java:logGet(46)) - raft.server.log.force.sync.num = 128 (default)
2022-12-06 16:24:39,353 [pool-213-thread-1] INFO  server.RaftServerConfigKeys (ConfUtils.java:logGet(46)) - raft.server.log.statemachine.data.sync = true (default)
2022-12-06 16:24:39,353 [pool-213-thread-1] INFO  server.RaftServerConfigKeys (ConfUtils.java:logGet(46)) - raft.server.log.statemachine.data.sync.timeout = 10s (default)
2022-12-06 16:24:39,353 [pool-213-thread-1] INFO  server.RaftServerConfigKeys (ConfUtils.java:logGet(46)) - raft.server.log.statemachine.data.sync.timeout.retry = -1 (default)
2022-12-06 16:24:39,354 [pool-213-thread-1] INFO  server.RaftServerConfigKeys (ConfUtils.java:logGet(46)) - raft.server.log.write.buffer.size = 1048576 (custom)
2022-12-06 16:24:39,354 [EventQueue-PipelineReportForPipelineReportHandler] INFO  pipeline.PipelineManagerImpl (PipelineManagerImpl.java:openPipeline(367)) - Pipeline Pipeline[ Id: 8a6345e5-8e0c-4437-ae90-4cd243c2e417, Nodes: 307c9a4a-d135-41f7-b2cf-6e79e9d930c6{ip: 10.1.0.176, host: fv-az451-158.ehxzt5fk3o4e1ahk02omj2f41g.dx.internal.cloudapp.net, ports: [REPLICATION=37879, RATIS=35421, RATIS_ADMIN=35421, RATIS_SERVER=35421, STANDALONE=43209], networkLocation: /default-rack, certSerialId: null, persistedOpState: IN_SERVICE, persistedOpStateExpiryEpochSec: 0}, ReplicationConfig: RATIS/ONE, State:ALLOCATED, leaderId:307c9a4a-d135-41f7-b2cf-6e79e9d930c6, CreationTimestamp2022-12-06T16:24:35.957Z[Etc/UTC]] moved to OPEN state
2022-12-06 16:24:39,355 [EventQueue-OpenPipelineForHealthyPipelineSafeModeRule] INFO  safemode.SCMSafeModeManager (HealthyPipelineSafeModeRule.java:process(137)) - SCM in safe mode. Healthy pipelines reported count is 0, required healthy pipeline reported count is 1
2022-12-06 16:24:39,354 [EventQueue-CommandQueueReportForCommandQueueReportHandler] WARN  events.EventQueue (EventQueue.java:fireEvent(216)) - No event handler registered for event TypedEvent{payloadType=DatanodeDetails, name='Datanode_Command_Queue_Updated'}
2022-12-06 16:24:39,370 [EventQueue-CommandQueueReportForCommandQueueReportHandler] WARN  events.EventQueue (EventQueue.java:fireEvent(216)) - No event handler registered for event TypedEvent{payloadType=DatanodeDetails, name='Datanode_Command_Queue_Updated'}
2022-12-06 16:24:39,370 [EventQueue-CommandQueueReportForCommandQueueReportHandler] WARN  events.EventQueue (EventQueue.java:fireEvent(216)) - No event handler registered for event TypedEvent{payloadType=DatanodeDetails, name='Datanode_Command_Queue_Updated'}
2022-12-06 16:24:39,370 [EventQueue-CommandQueueReportForCommandQueueReportHandler] WARN  events.EventQueue (EventQueue.java:fireEvent(216)) - No event handler registered for event TypedEvent{payloadType=DatanodeDetails, name='Datanode_Command_Queue_Updated'}
2022-12-06 16:24:39,370 [EventQueue-CommandQueueReportForCommandQueueReportHandler] WARN  events.EventQueue (EventQueue.java:fireEvent(216)) - No event handler registered for event TypedEvent{payloadType=DatanodeDetails, name='Datanode_Command_Queue_Updated'}
2022-12-06 16:24:39,356 [pool-213-thread-1] INFO  server.RaftServerConfigKeys (ConfUtils.java:logGet(46)) - raft.server.log.appender.buffer.byte-limit = 33554432 (custom)
2022-12-06 16:24:39,376 [pool-213-thread-1] INFO  server.RaftServerConfigKeys (ConfUtils.java:logGet(46)) - raft.server.log.unsafe-flush.enabled = false (default)
2022-12-06 16:24:39,376 [pool-213-thread-1] INFO  server.RaftServerConfigKeys (ConfUtils.java:logGet(46)) - raft.server.log.async-flush.enabled = false (default)
2022-12-06 16:24:39,376 [pool-213-thread-1] INFO  server.RaftServerConfigKeys (ConfUtils.java:logGet(46)) - raft.server.log.statemachine.data.caching.enabled = true (custom)
2022-12-06 16:24:39,376 [pool-213-thread-1] INFO  segmented.SegmentedRaftLogWorker (SegmentedRaftLogWorker.java:lambda$new$0(135)) - 307c9a4a-d135-41f7-b2cf-6e79e9d930c6@group-4CD243C2E417-SegmentedRaftLogWorker: flushIndex: setUnconditionally 0 -> -1
2022-12-06 16:24:39,376 [pool-213-thread-1] INFO  segmented.SegmentedRaftLogWorker (SegmentedRaftLogWorker.java:lambda$new$0(135)) - 307c9a4a-d135-41f7-b2cf-6e79e9d930c6@group-4CD243C2E417-SegmentedRaftLogWorker: safeCacheEvictIndex: setUnconditionally 0 -> -1
2022-12-06 16:24:39,376 [Command processor thread] INFO  server.RaftServer (RaftServerProxy.java:addNew(96)) - 6a413ed4-87ae-4509-b51d-2f5d21600f9c: addNew group-84F592C88491:[6a413ed4-87ae-4509-b51d-2f5d21600f9c|rpc:10.1.0.176:45621|priority:1|startupRole:FOLLOWER] returns group-84F592C88491:java.util.concurrent.CompletableFuture@65e77abf[Not completed]
2022-12-06 16:24:39,379 [pool-240-thread-1] INFO  server.RaftServer$Division (RaftServerImpl.java:<init>(195)) - 6a413ed4-87ae-4509-b51d-2f5d21600f9c: new RaftServerImpl for group-84F592C88491:[6a413ed4-87ae-4509-b51d-2f5d21600f9c|rpc:10.1.0.176:45621|priority:1|startupRole:FOLLOWER] with ContainerStateMachine:uninitialized
2022-12-06 16:24:39,379 [pool-240-thread-1] INFO  server.RaftServerConfigKeys (ConfUtils.java:logGet(46)) - raft.server.rpc.timeout.min = 5s (custom)
2022-12-06 16:24:39,379 [pool-240-thread-1] INFO  server.RaftServerConfigKeys (ConfUtils.java:logGet(46)) - raft.server.rpc.timeout.max = 5200ms (custom)
2022-12-06 16:24:39,379 [pool-240-thread-1] INFO  server.RaftServerConfigKeys (ConfUtils.java:logGet(46)) - raft.server.rpc.sleep.time = 25ms (default)
2022-12-06 16:24:39,379 [pool-240-thread-1] INFO  server.RaftServerConfigKeys (ConfUtils.java:logGet(46)) - raft.server.rpc.slowness.timeout = 300s (custom)
2022-12-06 16:24:39,379 [pool-240-thread-1] INFO  server.RaftServerConfigKeys (ConfUtils.java:logGet(46)) - raft.server.leaderelection.leader.step-down.wait-time = 10s (default)
2022-12-06 16:24:39,379 [pool-240-thread-1] INFO  server.RaftServerConfigKeys (ConfUtils.java:logGet(46)) - raft.server.sleep.deviation.threshold = 300ms (default)
2022-12-06 16:24:39,379 [pool-240-thread-1] INFO  server.RaftServer$Division (ServerState.java:<init>(118)) - 6a413ed4-87ae-4509-b51d-2f5d21600f9c@group-84F592C88491: ConfigurationManager, init=-1: peers:[6a413ed4-87ae-4509-b51d-2f5d21600f9c|rpc:10.1.0.176:45621|priority:1|startupRole:FOLLOWER]|listeners:[], old=null, confs=<EMPTY_MAP>
2022-12-06 16:24:39,379 [pool-240-thread-1] INFO  server.RaftServerConfigKeys (ConfUtils.java:logGet(46)) - raft.server.storage.dir = [/home/runner/work/ozone/ozone/hadoop-ozone/integration-test/target/test-dir/MiniOzoneClusterImpl-ff76fcda-2f7b-42b7-aafc-07b3f4cbd752/datanode-7/data/ratis] (custom)
2022-12-06 16:24:39,379 [pool-240-thread-1] INFO  server.RaftServerConfigKeys (ConfUtils.java:logGet(46)) - raft.server.log.corruption.policy = EXCEPTION (default)
2022-12-06 16:24:39,380 [pool-240-thread-1] INFO  server.RaftServerConfigKeys (ConfUtils.java:logGet(46)) - raft.server.storage.free-space.min = 0MB (=0) (default)
2022-12-06 16:24:39,380 [pool-240-thread-1] INFO  server.RaftServerConfigKeys (ConfUtils.java:logGet(46)) - raft.server.notification.no-leader.timeout = 300s (custom)
2022-12-06 16:24:39,380 [pool-240-thread-1] INFO  server.RaftServerConfigKeys (ConfUtils.java:logGet(46)) - raft.server.retrycache.expirytime = 600000ms (custom)
2022-12-06 16:24:39,380 [pool-240-thread-1] INFO  server.RaftServerConfigKeys (ConfUtils.java:logGet(46)) - raft.server.retrycache.statistics.expirytime = 100μs (default)
2022-12-06 16:24:39,381 [pool-213-thread-1] INFO  server.RaftServer$Division (RaftServerImpl.java:start(334)) - 307c9a4a-d135-41f7-b2cf-6e79e9d930c6@group-4CD243C2E417: start as a follower, conf=-1: peers:[307c9a4a-d135-41f7-b2cf-6e79e9d930c6|rpc:10.1.0.176:35421|priority:1|startupRole:FOLLOWER]|listeners:[], old=null
2022-12-06 16:24:39,381 [pool-213-thread-1] INFO  server.RaftServer$Division (RaftServerImpl.java:setRole(321)) - 307c9a4a-d135-41f7-b2cf-6e79e9d930c6@group-4CD243C2E417: changes role from      null to FOLLOWER at term 0 for startAsFollower
2022-12-06 16:24:39,382 [pool-213-thread-1] INFO  impl.RoleInfo (RoleInfo.java:updateAndGet(139)) - 307c9a4a-d135-41f7-b2cf-6e79e9d930c6: start 307c9a4a-d135-41f7-b2cf-6e79e9d930c6@group-4CD243C2E417-FollowerState
2022-12-06 16:24:39,388 [pool-213-thread-1] INFO  util.JmxRegister (JmxRegister.java:tryRegister(44)) - Successfully registered JMX Bean with object name Ratis:service=RaftServer,group=group-4CD243C2E417,id=307c9a4a-d135-41f7-b2cf-6e79e9d930c6
2022-12-06 16:24:39,389 [pool-213-thread-1] INFO  server.RaftServerConfigKeys (ConfUtils.java:logGet(46)) - raft.server.snapshot.auto.trigger.enabled = true (custom)
2022-12-06 16:24:39,389 [pool-213-thread-1] INFO  server.RaftServerConfigKeys (ConfUtils.java:logGet(46)) - raft.server.snapshot.auto.trigger.threshold = 10000 (custom)
2022-12-06 16:24:39,389 [pool-213-thread-1] INFO  server.RaftServerConfigKeys (ConfUtils.java:logGet(46)) - raft.server.snapshot.retention.file.num = 5 (custom)
2022-12-06 16:24:39,389 [pool-213-thread-1] INFO  server.RaftServerConfigKeys (ConfUtils.java:logGet(46)) - raft.server.log.purge.upto.snapshot.index = false (default)
2022-12-06 16:24:39,390 [pool-240-thread-1] INFO  server.RaftServerConfigKeys (ConfUtils.java:logGet(46)) - raft.server.log.appender.install.snapshot.enabled = false (custom)
2022-12-06 16:24:39,390 [pool-240-thread-1] INFO  server.RaftServerConfigKeys (ConfUtils.java:logGet(46)) - raft.server.threadpool.server.cached = true (default)
2022-12-06 16:24:39,390 [307c9a4a-d135-41f7-b2cf-6e79e9d930c6@group-4CD243C2E417-FollowerState] INFO  server.RaftServerConfigKeys (ConfUtils.java:logFallback(53)) - raft.server.rpc.first-election.timeout.min = 5s (fallback to raft.server.rpc.timeout.min)
2022-12-06 16:24:39,390 [Command processor thread] INFO  ratis.XceiverServerRatis (XceiverServerRatis.java:addGroup(765)) - Created group PipelineID=8a6345e5-8e0c-4437-ae90-4cd243c2e417
2022-12-06 16:24:39,390 [pool-240-thread-1] INFO  server.RaftServerConfigKeys (ConfUtils.java:logGet(46)) - raft.server.threadpool.server.size = 0 (default)
2022-12-06 16:24:39,391 [Command processor thread] INFO  commandhandler.CreatePipelineCommandHandler (CreatePipelineCommandHandler.java:handle(113)) - Created Pipeline RATIS ONE PipelineID=8a6345e5-8e0c-4437-ae90-4cd243c2e417.
2022-12-06 16:24:39,391 [pool-240-thread-1] INFO  server.RaftServerConfigKeys (ConfUtils.java:logGet(46)) - raft.server.threadpool.client.cached = true (default)
2022-12-06 16:24:39,391 [pool-240-thread-1] INFO  server.RaftServerConfigKeys (ConfUtils.java:logGet(46)) - raft.server.threadpool.client.size = 0 (default)
2022-12-06 16:24:39,391 [pool-240-thread-1] INFO  storage.RaftStorageDirectory (RaftStorageDirectoryImpl.java:analyzeStorage(137)) - The storage directory /home/runner/work/ozone/ozone/hadoop-ozone/integration-test/target/test-dir/MiniOzoneClusterImpl-ff76fcda-2f7b-42b7-aafc-07b3f4cbd752/datanode-7/data/ratis/7e3e029e-8cbc-45a3-a700-84f592c88491 does not exist. Creating ...
2022-12-06 16:24:39,391 [Command processor thread] INFO  server.RaftServer (RaftServerProxy.java:addNew(96)) - 307c9a4a-d135-41f7-b2cf-6e79e9d930c6: addNew group-2A829352BC53:[307c9a4a-d135-41f7-b2cf-6e79e9d930c6|rpc:10.1.0.176:35421|priority:0|startupRole:FOLLOWER, 2fe07876-8610-433e-a055-404555d6ad88|rpc:10.1.0.176:34239|priority:1|startupRole:FOLLOWER, 6a413ed4-87ae-4509-b51d-2f5d21600f9c|rpc:10.1.0.176:45621|priority:0|startupRole:FOLLOWER] returns group-2A829352BC53:java.util.concurrent.CompletableFuture@5858e1ca[Not completed]
2022-12-06 16:24:39,392 [pool-213-thread-1] INFO  server.RaftServer$Division (RaftServerImpl.java:<init>(195)) - 307c9a4a-d135-41f7-b2cf-6e79e9d930c6: new RaftServerImpl for group-2A829352BC53:[307c9a4a-d135-41f7-b2cf-6e79e9d930c6|rpc:10.1.0.176:35421|priority:0|startupRole:FOLLOWER, 2fe07876-8610-433e-a055-404555d6ad88|rpc:10.1.0.176:34239|priority:1|startupRole:FOLLOWER, 6a413ed4-87ae-4509-b51d-2f5d21600f9c|rpc:10.1.0.176:45621|priority:0|startupRole:FOLLOWER] with ContainerStateMachine:uninitialized
2022-12-06 16:24:39,393 [pool-213-thread-1] INFO  server.RaftServerConfigKeys (ConfUtils.java:logGet(46)) - raft.server.rpc.timeout.min = 5s (custom)
2022-12-06 16:24:39,393 [pool-213-thread-1] INFO  server.RaftServerConfigKeys (ConfUtils.java:logGet(46)) - raft.server.rpc.timeout.max = 5200ms (custom)
2022-12-06 16:24:39,393 [pool-213-thread-1] INFO  server.RaftServerConfigKeys (ConfUtils.java:logGet(46)) - raft.server.rpc.sleep.time = 25ms (default)
2022-12-06 16:24:39,393 [pool-213-thread-1] INFO  server.RaftServerConfigKeys (ConfUtils.java:logGet(46)) - raft.server.rpc.slowness.timeout = 300s (custom)
2022-12-06 16:24:39,393 [pool-213-thread-1] INFO  server.RaftServerConfigKeys (ConfUtils.java:logGet(46)) - raft.server.leaderelection.leader.step-down.wait-time = 10s (default)
2022-12-06 16:24:39,393 [pool-213-thread-1] INFO  server.RaftServerConfigKeys (ConfUtils.java:logGet(46)) - raft.server.sleep.deviation.threshold = 300ms (default)
2022-12-06 16:24:39,393 [pool-213-thread-1] INFO  server.RaftServer$Division (ServerState.java:<init>(118)) - 307c9a4a-d135-41f7-b2cf-6e79e9d930c6@group-2A829352BC53: ConfigurationManager, init=-1: peers:[307c9a4a-d135-41f7-b2cf-6e79e9d930c6|rpc:10.1.0.176:35421|priority:0|startupRole:FOLLOWER, 2fe07876-8610-433e-a055-404555d6ad88|rpc:10.1.0.176:34239|priority:1|startupRole:FOLLOWER, 6a413ed4-87ae-4509-b51d-2f5d21600f9c|rpc:10.1.0.176:45621|priority:0|startupRole:FOLLOWER]|listeners:[], old=null, confs=<EMPTY_MAP>
2022-12-06 16:24:39,393 [pool-213-thread-1] INFO  server.RaftServerConfigKeys (ConfUtils.java:logGet(46)) - raft.server.storage.dir = [/home/runner/work/ozone/ozone/hadoop-ozone/integration-test/target/test-dir/MiniOzoneClusterImpl-ff76fcda-2f7b-42b7-aafc-07b3f4cbd752/datanode-6/data/ratis] (custom)
2022-12-06 16:24:39,393 [pool-213-thread-1] INFO  server.RaftServerConfigKeys (ConfUtils.java:logGet(46)) - raft.server.log.corruption.policy = EXCEPTION (default)
2022-12-06 16:24:39,394 [pool-213-thread-1] INFO  server.RaftServerConfigKeys (ConfUtils.java:logGet(46)) - raft.server.storage.free-space.min = 0MB (=0) (default)
2022-12-06 16:24:39,394 [pool-213-thread-1] INFO  server.RaftServerConfigKeys (ConfUtils.java:logGet(46)) - raft.server.notification.no-leader.timeout = 300s (custom)
2022-12-06 16:24:39,394 [pool-213-thread-1] INFO  server.RaftServerConfigKeys (ConfUtils.java:logGet(46)) - raft.server.retrycache.expirytime = 600000ms (custom)
2022-12-06 16:24:39,394 [pool-213-thread-1] INFO  server.RaftServerConfigKeys (ConfUtils.java:logGet(46)) - raft.server.retrycache.statistics.expirytime = 100μs (default)
2022-12-06 16:24:39,393 [pool-240-thread-1] INFO  storage.RaftStorageDirectory (RaftStorageDirectoryImpl.java:tryLock(231)) - Lock on /home/runner/work/ozone/ozone/hadoop-ozone/integration-test/target/test-dir/MiniOzoneClusterImpl-ff76fcda-2f7b-42b7-aafc-07b3f4cbd752/datanode-7/data/ratis/7e3e029e-8cbc-45a3-a700-84f592c88491/in_use.lock acquired by nodename 47636@fv-az451-158
2022-12-06 16:24:39,396 [pool-240-thread-1] INFO  storage.RaftStorage (RaftStorageImpl.java:format(96)) - Storage directory /home/runner/work/ozone/ozone/hadoop-ozone/integration-test/target/test-dir/MiniOzoneClusterImpl-ff76fcda-2f7b-42b7-aafc-07b3f4cbd752/datanode-7/data/ratis/7e3e029e-8cbc-45a3-a700-84f592c88491 has been successfully formatted.
2022-12-06 16:24:39,396 [pool-240-thread-1] INFO  ratis.ContainerStateMachine (ContainerStateMachine.java:loadSnapshot(236)) - group-84F592C88491: The snapshot info is null. Setting the last applied indexto:(t:0, i:~)
2022-12-06 16:24:39,396 [pool-240-thread-1] INFO  server.RaftServerConfigKeys (ConfUtils.java:logGet(46)) - raft.server.log.use.memory = false (default)
2022-12-06 16:24:39,397 [pool-240-thread-1] INFO  server.RaftServerConfigKeys (ConfUtils.java:logGet(46)) - raft.server.log.purge.gap = 1000000 (custom)
2022-12-06 16:24:39,397 [pool-240-thread-1] INFO  server.RaftServerConfigKeys (ConfUtils.java:logGet(46)) - raft.server.log.appender.buffer.byte-limit = 33554432 (custom)
2022-12-06 16:24:39,397 [pool-240-thread-1] INFO  server.RaftServerConfigKeys (ConfUtils.java:logGet(46)) - raft.server.log.statemachine.data.read.timeout = 1000ms (default)
2022-12-06 16:24:39,397 [pool-240-thread-1] INFO  server.RaftServerConfigKeys (ConfUtils.java:logGet(46)) - raft.server.log.purge.preservation.log.num = 0 (default)
2022-12-06 16:24:39,397 [pool-240-thread-1] INFO  server.RaftServerConfigKeys (ConfUtils.java:logGet(46)) - raft.server.log.segment.size.max = 1048576 (custom)
2022-12-06 16:24:39,398 [EventQueue-CommandQueueReportForCommandQueueReportHandler] WARN  events.EventQueue (EventQueue.java:fireEvent(216)) - No event handler registered for event TypedEvent{payloadType=DatanodeDetails, name='Datanode_Command_Queue_Updated'}
2022-12-06 16:24:39,398 [EventQueue-PipelineReportForPipelineReportHandler] INFO  pipeline.PipelineManagerImpl (PipelineManagerImpl.java:openPipeline(367)) - Pipeline Pipeline[ Id: 7e3e029e-8cbc-45a3-a700-84f592c88491, Nodes: 6a413ed4-87ae-4509-b51d-2f5d21600f9c{ip: 10.1.0.176, host: fv-az451-158.ehxzt5fk3o4e1ahk02omj2f41g.dx.internal.cloudapp.net, ports: [REPLICATION=37211, RATIS=45621, RATIS_ADMIN=45621, RATIS_SERVER=45621, STANDALONE=41119], networkLocation: /default-rack, certSerialId: null, persistedOpState: IN_SERVICE, persistedOpStateExpiryEpochSec: 0}, ReplicationConfig: RATIS/ONE, State:ALLOCATED, leaderId:6a413ed4-87ae-4509-b51d-2f5d21600f9c, CreationTimestamp2022-12-06T16:24:36.309Z[Etc/UTC]] moved to OPEN state
2022-12-06 16:24:39,398 [pool-240-thread-1] INFO  server.RaftServerConfigKeys (ConfUtils.java:logGet(46)) - raft.server.log.segment.cache.num.max = 2 (custom)
2022-12-06 16:24:39,398 [pool-240-thread-1] INFO  server.RaftServerConfigKeys (ConfUtils.java:logGet(46)) - raft.server.log.segment.cache.size.max = 200MB (=209715200) (default)
2022-12-06 16:24:39,398 [pool-240-thread-1] INFO  segmented.SegmentedRaftLogWorker (SegmentedRaftLogWorker.java:<init>(189)) - new 6a413ed4-87ae-4509-b51d-2f5d21600f9c@group-84F592C88491-SegmentedRaftLogWorker for RaftStorageImpl:Storage Directory /home/runner/work/ozone/ozone/hadoop-ozone/integration-test/target/test-dir/MiniOzoneClusterImpl-ff76fcda-2f7b-42b7-aafc-07b3f4cbd752/datanode-7/data/ratis/7e3e029e-8cbc-45a3-a700-84f592c88491
2022-12-06 16:24:39,399 [pool-240-thread-1] INFO  server.RaftServerConfigKeys (ConfUtils.java:logGet(46)) - raft.server.log.queue.byte-limit = 4294967296 (custom)
2022-12-06 16:24:39,399 [EventQueue-OpenPipelineForHealthyPipelineSafeModeRule] INFO  safemode.SCMSafeModeManager (HealthyPipelineSafeModeRule.java:process(137)) - SCM in safe mode. Healthy pipelines reported count is 0, required healthy pipeline reported count is 1
2022-12-06 16:24:39,399 [pool-240-thread-1] INFO  server.RaftServerConfigKeys (ConfUtils.java:logGet(46)) - raft.server.log.queue.element-limit = 1024 (custom)
2022-12-06 16:24:39,400 [pool-240-thread-1] INFO  server.RaftServerConfigKeys (ConfUtils.java:logGet(46)) - raft.server.log.segment.size.max = 1048576 (custom)
2022-12-06 16:24:39,400 [pool-240-thread-1] INFO  server.RaftServerConfigKeys (ConfUtils.java:logGet(46)) - raft.server.log.preallocated.size = 16384 (custom)
2022-12-06 16:24:39,400 [pool-240-thread-1] INFO  server.RaftServerConfigKeys (ConfUtils.java:logGet(46)) - raft.server.log.force.sync.num = 128 (default)
2022-12-06 16:24:39,400 [pool-240-thread-1] INFO  server.RaftServerConfigKeys (ConfUtils.java:logGet(46)) - raft.server.log.statemachine.data.sync = true (default)
2022-12-06 16:24:39,400 [pool-240-thread-1] INFO  server.RaftServerConfigKeys (ConfUtils.java:logGet(46)) - raft.server.log.statemachine.data.sync.timeout = 10s (default)
2022-12-06 16:24:39,400 [pool-240-thread-1] INFO  server.RaftServerConfigKeys (ConfUtils.java:logGet(46)) - raft.server.log.statemachine.data.sync.timeout.retry = -1 (default)
2022-12-06 16:24:39,400 [307c9a4a-d135-41f7-b2cf-6e79e9d930c6@group-4CD243C2E417-FollowerState] INFO  server.RaftServerConfigKeys (ConfUtils.java:logFallback(53)) - raft.server.rpc.first-election.timeout.max = 5200ms (fallback to raft.server.rpc.timeout.max)
2022-12-06 16:24:39,404 [pool-213-thread-1] INFO  server.RaftServerConfigKeys (ConfUtils.java:logGet(46)) - raft.server.log.appender.install.snapshot.enabled = false (custom)
2022-12-06 16:24:39,405 [pool-213-thread-1] INFO  server.RaftServerConfigKeys (ConfUtils.java:logGet(46)) - raft.server.threadpool.server.cached = true (default)
2022-12-06 16:24:39,405 [pool-213-thread-1] INFO  server.RaftServerConfigKeys (ConfUtils.java:logGet(46)) - raft.server.threadpool.server.size = 0 (default)
2022-12-06 16:24:39,405 [pool-213-thread-1] INFO  server.RaftServerConfigKeys (ConfUtils.java:logGet(46)) - raft.server.threadpool.client.cached = true (default)
2022-12-06 16:24:39,405 [pool-213-thread-1] INFO  server.RaftServerConfigKeys (ConfUtils.java:logGet(46)) - raft.server.threadpool.client.size = 0 (default)
2022-12-06 16:24:39,405 [pool-213-thread-1] INFO  storage.RaftStorageDirectory (RaftStorageDirectoryImpl.java:analyzeStorage(137)) - The storage directory /home/runner/work/ozone/ozone/hadoop-ozone/integration-test/target/test-dir/MiniOzoneClusterImpl-ff76fcda-2f7b-42b7-aafc-07b3f4cbd752/datanode-6/data/ratis/680b4e35-caea-4e8f-9870-2a829352bc53 does not exist. Creating ...
2022-12-06 16:24:39,405 [pool-240-thread-1] INFO  server.RaftServerConfigKeys (ConfUtils.java:logGet(46)) - raft.server.log.write.buffer.size = 1048576 (custom)
2022-12-06 16:24:39,406 [pool-240-thread-1] INFO  server.RaftServerConfigKeys (ConfUtils.java:logGet(46)) - raft.server.log.appender.buffer.byte-limit = 33554432 (custom)
2022-12-06 16:24:39,411 [pool-213-thread-1] INFO  storage.RaftStorageDirectory (RaftStorageDirectoryImpl.java:tryLock(231)) - Lock on /home/runner/work/ozone/ozone/hadoop-ozone/integration-test/target/test-dir/MiniOzoneClusterImpl-ff76fcda-2f7b-42b7-aafc-07b3f4cbd752/datanode-6/data/ratis/680b4e35-caea-4e8f-9870-2a829352bc53/in_use.lock acquired by nodename 47636@fv-az451-158
2022-12-06 16:24:39,412 [pool-240-thread-1] INFO  server.RaftServerConfigKeys (ConfUtils.java:logGet(46)) - raft.server.log.unsafe-flush.enabled = false (default)
2022-12-06 16:24:39,412 [pool-240-thread-1] INFO  server.RaftServerConfigKeys (ConfUtils.java:logGet(46)) - raft.server.log.async-flush.enabled = false (default)
2022-12-06 16:24:39,412 [pool-240-thread-1] INFO  server.RaftServerConfigKeys (ConfUtils.java:logGet(46)) - raft.server.log.statemachine.data.caching.enabled = true (custom)
2022-12-06 16:24:39,412 [pool-213-thread-1] INFO  storage.RaftStorage (RaftStorageImpl.java:format(96)) - Storage directory /home/runner/work/ozone/ozone/hadoop-ozone/integration-test/target/test-dir/MiniOzoneClusterImpl-ff76fcda-2f7b-42b7-aafc-07b3f4cbd752/datanode-6/data/ratis/680b4e35-caea-4e8f-9870-2a829352bc53 has been successfully formatted.
2022-12-06 16:24:39,413 [pool-213-thread-1] INFO  ratis.ContainerStateMachine (ContainerStateMachine.java:loadSnapshot(236)) - group-2A829352BC53: The snapshot info is null. Setting the last applied indexto:(t:0, i:~)
2022-12-06 16:24:39,413 [pool-213-thread-1] INFO  server.RaftServerConfigKeys (ConfUtils.java:logGet(46)) - raft.server.log.use.memory = false (default)
2022-12-06 16:24:39,413 [pool-213-thread-1] INFO  server.RaftServerConfigKeys (ConfUtils.java:logGet(46)) - raft.server.log.purge.gap = 1000000 (custom)
2022-12-06 16:24:39,413 [pool-213-thread-1] INFO  server.RaftServerConfigKeys (ConfUtils.java:logGet(46)) - raft.server.log.appender.buffer.byte-limit = 33554432 (custom)
2022-12-06 16:24:39,413 [pool-213-thread-1] INFO  server.RaftServerConfigKeys (ConfUtils.java:logGet(46)) - raft.server.log.statemachine.data.read.timeout = 1000ms (default)
2022-12-06 16:24:39,413 [pool-213-thread-1] INFO  server.RaftServerConfigKeys (ConfUtils.java:logGet(46)) - raft.server.log.purge.preservation.log.num = 0 (default)
2022-12-06 16:24:39,413 [pool-213-thread-1] INFO  server.RaftServerConfigKeys (ConfUtils.java:logGet(46)) - raft.server.log.segment.size.max = 1048576 (custom)
2022-12-06 16:24:39,414 [pool-213-thread-1] INFO  server.RaftServerConfigKeys (ConfUtils.java:logGet(46)) - raft.server.log.segment.cache.num.max = 2 (custom)
2022-12-06 16:24:39,414 [pool-213-thread-1] INFO  server.RaftServerConfigKeys (ConfUtils.java:logGet(46)) - raft.server.log.segment.cache.size.max = 200MB (=209715200) (default)
2022-12-06 16:24:39,414 [pool-213-thread-1] INFO  segmented.SegmentedRaftLogWorker (SegmentedRaftLogWorker.java:<init>(189)) - new 307c9a4a-d135-41f7-b2cf-6e79e9d930c6@group-2A829352BC53-SegmentedRaftLogWorker for RaftStorageImpl:Storage Directory /home/runner/work/ozone/ozone/hadoop-ozone/integration-test/target/test-dir/MiniOzoneClusterImpl-ff76fcda-2f7b-42b7-aafc-07b3f4cbd752/datanode-6/data/ratis/680b4e35-caea-4e8f-9870-2a829352bc53
2022-12-06 16:24:39,418 [EventQueue-CommandQueueReportForCommandQueueReportHandler] WARN  events.EventQueue (EventQueue.java:fireEvent(216)) - No event handler registered for event TypedEvent{payloadType=DatanodeDetails, name='Datanode_Command_Queue_Updated'}
2022-12-06 16:24:39,418 [pool-213-thread-1] INFO  server.RaftServerConfigKeys (ConfUtils.java:logGet(46)) - raft.server.log.queue.byte-limit = 4294967296 (custom)
2022-12-06 16:24:39,418 [pool-213-thread-1] INFO  server.RaftServerConfigKeys (ConfUtils.java:logGet(46)) - raft.server.log.queue.element-limit = 1024 (custom)
2022-12-06 16:24:39,418 [pool-213-thread-1] INFO  server.RaftServerConfigKeys (ConfUtils.java:logGet(46)) - raft.server.log.segment.size.max = 1048576 (custom)
2022-12-06 16:24:39,418 [pool-213-thread-1] INFO  server.RaftServerConfigKeys (ConfUtils.java:logGet(46)) - raft.server.log.preallocated.size = 16384 (custom)
2022-12-06 16:24:39,418 [pool-213-thread-1] INFO  server.RaftServerConfigKeys (ConfUtils.java:logGet(46)) - raft.server.log.force.sync.num = 128 (default)
2022-12-06 16:24:39,418 [pool-213-thread-1] INFO  server.RaftServerConfigKeys (ConfUtils.java:logGet(46)) - raft.server.log.statemachine.data.sync = true (default)
2022-12-06 16:24:39,419 [pool-213-thread-1] INFO  server.RaftServerConfigKeys (ConfUtils.java:logGet(46)) - raft.server.log.statemachine.data.sync.timeout = 10s (default)
2022-12-06 16:24:39,419 [pool-213-thread-1] INFO  server.RaftServerConfigKeys (ConfUtils.java:logGet(46)) - raft.server.log.statemachine.data.sync.timeout.retry = -1 (default)
2022-12-06 16:24:39,419 [EventQueue-OpenPipelineForHealthyPipelineSafeModeRule] INFO  safemode.SCMSafeModeManager (HealthyPipelineSafeModeRule.java:process(137)) - SCM in safe mode. Healthy pipelines reported count is 0, required healthy pipeline reported count is 1
2022-12-06 16:24:39,420 [pool-213-thread-1] INFO  server.RaftServerConfigKeys (ConfUtils.java:logGet(46)) - raft.server.log.write.buffer.size = 1048576 (custom)
2022-12-06 16:24:39,420 [pool-213-thread-1] INFO  server.RaftServerConfigKeys (ConfUtils.java:logGet(46)) - raft.server.log.appender.buffer.byte-limit = 33554432 (custom)
2022-12-06 16:24:39,426 [pool-213-thread-1] INFO  server.RaftServerConfigKeys (ConfUtils.java:logGet(46)) - raft.server.log.unsafe-flush.enabled = false (default)
2022-12-06 16:24:39,426 [pool-213-thread-1] INFO  server.RaftServerConfigKeys (ConfUtils.java:logGet(46)) - raft.server.log.async-flush.enabled = false (default)
2022-12-06 16:24:39,427 [pool-213-thread-1] INFO  server.RaftServerConfigKeys (ConfUtils.java:logGet(46)) - raft.server.log.statemachine.data.caching.enabled = true (custom)
2022-12-06 16:24:39,427 [pool-240-thread-1] INFO  segmented.SegmentedRaftLogWorker (SegmentedRaftLogWorker.java:lambda$new$0(135)) - 6a413ed4-87ae-4509-b51d-2f5d21600f9c@group-84F592C88491-SegmentedRaftLogWorker: flushIndex: setUnconditionally 0 -> -1
2022-12-06 16:24:39,427 [pool-240-thread-1] INFO  segmented.SegmentedRaftLogWorker (SegmentedRaftLogWorker.java:lambda$new$0(135)) - 6a413ed4-87ae-4509-b51d-2f5d21600f9c@group-84F592C88491-SegmentedRaftLogWorker: safeCacheEvictIndex: setUnconditionally 0 -> -1
2022-12-06 16:24:39,427 [pool-213-thread-1] INFO  segmented.SegmentedRaftLogWorker (SegmentedRaftLogWorker.java:lambda$new$0(135)) - 307c9a4a-d135-41f7-b2cf-6e79e9d930c6@group-2A829352BC53-SegmentedRaftLogWorker: flushIndex: setUnconditionally 0 -> -1
2022-12-06 16:24:39,427 [pool-213-thread-1] INFO  segmented.SegmentedRaftLogWorker (SegmentedRaftLogWorker.java:lambda$new$0(135)) - 307c9a4a-d135-41f7-b2cf-6e79e9d930c6@group-2A829352BC53-SegmentedRaftLogWorker: safeCacheEvictIndex: setUnconditionally 0 -> -1
2022-12-06 16:24:39,427 [pool-240-thread-1] INFO  server.RaftServer$Division (RaftServerImpl.java:start(334)) - 6a413ed4-87ae-4509-b51d-2f5d21600f9c@group-84F592C88491: start as a follower, conf=-1: peers:[6a413ed4-87ae-4509-b51d-2f5d21600f9c|rpc:10.1.0.176:45621|priority:1|startupRole:FOLLOWER]|listeners:[], old=null
2022-12-06 16:24:39,427 [pool-240-thread-1] INFO  server.RaftServer$Division (RaftServerImpl.java:setRole(321)) - 6a413ed4-87ae-4509-b51d-2f5d21600f9c@group-84F592C88491: changes role from      null to FOLLOWER at term 0 for startAsFollower
2022-12-06 16:24:39,428 [pool-240-thread-1] INFO  impl.RoleInfo (RoleInfo.java:updateAndGet(139)) - 6a413ed4-87ae-4509-b51d-2f5d21600f9c: start 6a413ed4-87ae-4509-b51d-2f5d21600f9c@group-84F592C88491-FollowerState
2022-12-06 16:24:39,428 [pool-240-thread-1] INFO  util.JmxRegister (JmxRegister.java:tryRegister(44)) - Successfully registered JMX Bean with object name Ratis:service=RaftServer,group=group-84F592C88491,id=6a413ed4-87ae-4509-b51d-2f5d21600f9c
2022-12-06 16:24:39,428 [pool-240-thread-1] INFO  server.RaftServerConfigKeys (ConfUtils.java:logGet(46)) - raft.server.snapshot.auto.trigger.enabled = true (custom)
2022-12-06 16:24:39,428 [pool-240-thread-1] INFO  server.RaftServerConfigKeys (ConfUtils.java:logGet(46)) - raft.server.snapshot.auto.trigger.threshold = 10000 (custom)
2022-12-06 16:24:39,428 [pool-240-thread-1] INFO  server.RaftServerConfigKeys (ConfUtils.java:logGet(46)) - raft.server.snapshot.retention.file.num = 5 (custom)
2022-12-06 16:24:39,428 [pool-240-thread-1] INFO  server.RaftServerConfigKeys (ConfUtils.java:logGet(46)) - raft.server.log.purge.upto.snapshot.index = false (default)
2022-12-06 16:24:39,430 [6a413ed4-87ae-4509-b51d-2f5d21600f9c@group-84F592C88491-FollowerState] INFO  server.RaftServerConfigKeys (ConfUtils.java:logFallback(53)) - raft.server.rpc.first-election.timeout.min = 5s (fallback to raft.server.rpc.timeout.min)
2022-12-06 16:24:39,430 [6a413ed4-87ae-4509-b51d-2f5d21600f9c@group-84F592C88491-FollowerState] INFO  server.RaftServerConfigKeys (ConfUtils.java:logFallback(53)) - raft.server.rpc.first-election.timeout.max = 5200ms (fallback to raft.server.rpc.timeout.max)
2022-12-06 16:24:39,430 [Command processor thread] INFO  ratis.XceiverServerRatis (XceiverServerRatis.java:addGroup(765)) - Created group PipelineID=7e3e029e-8cbc-45a3-a700-84f592c88491
2022-12-06 16:24:39,430 [Command processor thread] INFO  commandhandler.CreatePipelineCommandHandler (CreatePipelineCommandHandler.java:handle(113)) - Created Pipeline RATIS ONE PipelineID=7e3e029e-8cbc-45a3-a700-84f592c88491.
2022-12-06 16:24:39,431 [Command processor thread] INFO  server.RaftServer (RaftServerProxy.java:addNew(96)) - 6a413ed4-87ae-4509-b51d-2f5d21600f9c: addNew group-2A829352BC53:[307c9a4a-d135-41f7-b2cf-6e79e9d930c6|rpc:10.1.0.176:35421|priority:0|startupRole:FOLLOWER, 2fe07876-8610-433e-a055-404555d6ad88|rpc:10.1.0.176:34239|priority:1|startupRole:FOLLOWER, 6a413ed4-87ae-4509-b51d-2f5d21600f9c|rpc:10.1.0.176:45621|priority:0|startupRole:FOLLOWER] returns group-2A829352BC53:java.util.concurrent.CompletableFuture@61d8e2db[Not completed]
2022-12-06 16:24:39,431 [pool-240-thread-1] INFO  server.RaftServer$Division (RaftServerImpl.java:<init>(195)) - 6a413ed4-87ae-4509-b51d-2f5d21600f9c: new RaftServerImpl for group-2A829352BC53:[307c9a4a-d135-41f7-b2cf-6e79e9d930c6|rpc:10.1.0.176:35421|priority:0|startupRole:FOLLOWER, 2fe07876-8610-433e-a055-404555d6ad88|rpc:10.1.0.176:34239|priority:1|startupRole:FOLLOWER, 6a413ed4-87ae-4509-b51d-2f5d21600f9c|rpc:10.1.0.176:45621|priority:0|startupRole:FOLLOWER] with ContainerStateMachine:uninitialized
2022-12-06 16:24:39,431 [pool-240-thread-1] INFO  server.RaftServerConfigKeys (ConfUtils.java:logGet(46)) - raft.server.rpc.timeout.min = 5s (custom)
2022-12-06 16:24:39,432 [pool-240-thread-1] INFO  server.RaftServerConfigKeys (ConfUtils.java:logGet(46)) - raft.server.rpc.timeout.max = 5200ms (custom)
2022-12-06 16:24:39,432 [pool-240-thread-1] INFO  server.RaftServerConfigKeys (ConfUtils.java:logGet(46)) - raft.server.rpc.sleep.time = 25ms (default)
2022-12-06 16:24:39,432 [pool-240-thread-1] INFO  server.RaftServerConfigKeys (ConfUtils.java:logGet(46)) - raft.server.rpc.slowness.timeout = 300s (custom)
2022-12-06 16:24:39,432 [pool-240-thread-1] INFO  server.RaftServerConfigKeys (ConfUtils.java:logGet(46)) - raft.server.leaderelection.leader.step-down.wait-time = 10s (default)
2022-12-06 16:24:39,432 [pool-240-thread-1] INFO  server.RaftServerConfigKeys (ConfUtils.java:logGet(46)) - raft.server.sleep.deviation.threshold = 300ms (default)
2022-12-06 16:24:39,432 [pool-240-thread-1] INFO  server.RaftServer$Division (ServerState.java:<init>(118)) - 6a413ed4-87ae-4509-b51d-2f5d21600f9c@group-2A829352BC53: ConfigurationManager, init=-1: peers:[307c9a4a-d135-41f7-b2cf-6e79e9d930c6|rpc:10.1.0.176:35421|priority:0|startupRole:FOLLOWER, 2fe07876-8610-433e-a055-404555d6ad88|rpc:10.1.0.176:34239|priority:1|startupRole:FOLLOWER, 6a413ed4-87ae-4509-b51d-2f5d21600f9c|rpc:10.1.0.176:45621|priority:0|startupRole:FOLLOWER]|listeners:[], old=null, confs=<EMPTY_MAP>
2022-12-06 16:24:39,432 [pool-240-thread-1] INFO  server.RaftServerConfigKeys (ConfUtils.java:logGet(46)) - raft.server.storage.dir = [/home/runner/work/ozone/ozone/hadoop-ozone/integration-test/target/test-dir/MiniOzoneClusterImpl-ff76fcda-2f7b-42b7-aafc-07b3f4cbd752/datanode-7/data/ratis] (custom)
2022-12-06 16:24:39,432 [pool-240-thread-1] INFO  server.RaftServerConfigKeys (ConfUtils.java:logGet(46)) - raft.server.log.corruption.policy = EXCEPTION (default)
2022-12-06 16:24:39,432 [pool-240-thread-1] INFO  server.RaftServerConfigKeys (ConfUtils.java:logGet(46)) - raft.server.storage.free-space.min = 0MB (=0) (default)
2022-12-06 16:24:39,432 [pool-240-thread-1] INFO  server.RaftServerConfigKeys (ConfUtils.java:logGet(46)) - raft.server.notification.no-leader.timeout = 300s (custom)
2022-12-06 16:24:39,432 [pool-240-thread-1] INFO  server.RaftServerConfigKeys (ConfUtils.java:logGet(46)) - raft.server.retrycache.expirytime = 600000ms (custom)
2022-12-06 16:24:39,432 [pool-240-thread-1] INFO  server.RaftServerConfigKeys (ConfUtils.java:logGet(46)) - raft.server.retrycache.statistics.expirytime = 100μs (default)
2022-12-06 16:24:39,433 [pool-213-thread-1] INFO  server.RaftServer$Division (RaftServerImpl.java:start(334)) - 307c9a4a-d135-41f7-b2cf-6e79e9d930c6@group-2A829352BC53: start as a follower, conf=-1: peers:[307c9a4a-d135-41f7-b2cf-6e79e9d930c6|rpc:10.1.0.176:35421|priority:0|startupRole:FOLLOWER, 2fe07876-8610-433e-a055-404555d6ad88|rpc:10.1.0.176:34239|priority:1|startupRole:FOLLOWER, 6a413ed4-87ae-4509-b51d-2f5d21600f9c|rpc:10.1.0.176:45621|priority:0|startupRole:FOLLOWER]|listeners:[], old=null
2022-12-06 16:24:39,435 [pool-213-thread-1] INFO  server.RaftServer$Division (RaftServerImpl.java:setRole(321)) - 307c9a4a-d135-41f7-b2cf-6e79e9d930c6@group-2A829352BC53: changes role from      null to FOLLOWER at term 0 for startAsFollower
2022-12-06 16:24:39,435 [pool-213-thread-1] INFO  impl.RoleInfo (RoleInfo.java:updateAndGet(139)) - 307c9a4a-d135-41f7-b2cf-6e79e9d930c6: start 307c9a4a-d135-41f7-b2cf-6e79e9d930c6@group-2A829352BC53-FollowerState
2022-12-06 16:24:39,436 [pool-213-thread-1] INFO  util.JmxRegister (JmxRegister.java:tryRegister(44)) - Successfully registered JMX Bean with object name Ratis:service=RaftServer,group=group-2A829352BC53,id=307c9a4a-d135-41f7-b2cf-6e79e9d930c6
2022-12-06 16:24:39,436 [pool-213-thread-1] INFO  server.RaftServerConfigKeys (ConfUtils.java:logGet(46)) - raft.server.snapshot.auto.trigger.enabled = true (custom)
2022-12-06 16:24:39,436 [pool-213-thread-1] INFO  server.RaftServerConfigKeys (ConfUtils.java:logGet(46)) - raft.server.snapshot.auto.trigger.threshold = 10000 (custom)
2022-12-06 16:24:39,436 [pool-213-thread-1] INFO  server.RaftServerConfigKeys (ConfUtils.java:logGet(46)) - raft.server.snapshot.retention.file.num = 5 (custom)
2022-12-06 16:24:39,436 [pool-213-thread-1] INFO  server.RaftServerConfigKeys (ConfUtils.java:logGet(46)) - raft.server.log.purge.upto.snapshot.index = false (default)
2022-12-06 16:24:39,437 [307c9a4a-d135-41f7-b2cf-6e79e9d930c6@group-2A829352BC53-FollowerState] INFO  server.RaftServerConfigKeys (ConfUtils.java:logFallback(53)) - raft.server.rpc.first-election.timeout.min = 5s (fallback to raft.server.rpc.timeout.min)
2022-12-06 16:24:39,437 [307c9a4a-d135-41f7-b2cf-6e79e9d930c6@group-2A829352BC53-FollowerState] INFO  server.RaftServerConfigKeys (ConfUtils.java:logFallback(53)) - raft.server.rpc.first-election.timeout.max = 5200ms (fallback to raft.server.rpc.timeout.max)
2022-12-06 16:24:39,438 [pool-240-thread-1] INFO  server.RaftServerConfigKeys (ConfUtils.java:logGet(46)) - raft.server.log.appender.install.snapshot.enabled = false (custom)
2022-12-06 16:24:39,438 [pool-240-thread-1] INFO  server.RaftServerConfigKeys (ConfUtils.java:logGet(46)) - raft.server.threadpool.server.cached = true (default)
2022-12-06 16:24:39,438 [pool-240-thread-1] INFO  server.RaftServerConfigKeys (ConfUtils.java:logGet(46)) - raft.server.threadpool.server.size = 0 (default)
2022-12-06 16:24:39,438 [Command processor thread] INFO  ratis.XceiverServerRatis (XceiverServerRatis.java:addGroup(765)) - Created group PipelineID=680b4e35-caea-4e8f-9870-2a829352bc53
2022-12-06 16:24:39,441 [pool-240-thread-1] INFO  server.RaftServerConfigKeys (ConfUtils.java:logGet(46)) - raft.server.threadpool.client.cached = true (default)
2022-12-06 16:24:39,441 [pool-240-thread-1] INFO  server.RaftServerConfigKeys (ConfUtils.java:logGet(46)) - raft.server.threadpool.client.size = 0 (default)
2022-12-06 16:24:39,441 [pool-240-thread-1] INFO  storage.RaftStorageDirectory (RaftStorageDirectoryImpl.java:analyzeStorage(137)) - The storage directory /home/runner/work/ozone/ozone/hadoop-ozone/integration-test/target/test-dir/MiniOzoneClusterImpl-ff76fcda-2f7b-42b7-aafc-07b3f4cbd752/datanode-7/data/ratis/680b4e35-caea-4e8f-9870-2a829352bc53 does not exist. Creating ...
2022-12-06 16:24:39,450 [pool-240-thread-1] INFO  storage.RaftStorageDirectory (RaftStorageDirectoryImpl.java:tryLock(231)) - Lock on /home/runner/work/ozone/ozone/hadoop-ozone/integration-test/target/test-dir/MiniOzoneClusterImpl-ff76fcda-2f7b-42b7-aafc-07b3f4cbd752/datanode-7/data/ratis/680b4e35-caea-4e8f-9870-2a829352bc53/in_use.lock acquired by nodename 47636@fv-az451-158
2022-12-06 16:24:39,451 [pool-240-thread-1] INFO  storage.RaftStorage (RaftStorageImpl.java:format(96)) - Storage directory /home/runner/work/ozone/ozone/hadoop-ozone/integration-test/target/test-dir/MiniOzoneClusterImpl-ff76fcda-2f7b-42b7-aafc-07b3f4cbd752/datanode-7/data/ratis/680b4e35-caea-4e8f-9870-2a829352bc53 has been successfully formatted.
2022-12-06 16:24:39,452 [pool-240-thread-1] INFO  ratis.ContainerStateMachine (ContainerStateMachine.java:loadSnapshot(236)) - group-2A829352BC53: The snapshot info is null. Setting the last applied indexto:(t:0, i:~)
2022-12-06 16:24:39,452 [pool-240-thread-1] INFO  server.RaftServerConfigKeys (ConfUtils.java:logGet(46)) - raft.server.log.use.memory = false (default)
2022-12-06 16:24:39,452 [pool-240-thread-1] INFO  server.RaftServerConfigKeys (ConfUtils.java:logGet(46)) - raft.server.log.purge.gap = 1000000 (custom)
2022-12-06 16:24:39,452 [pool-240-thread-1] INFO  server.RaftServerConfigKeys (ConfUtils.java:logGet(46)) - raft.server.log.appender.buffer.byte-limit = 33554432 (custom)
2022-12-06 16:24:39,452 [pool-240-thread-1] INFO  server.RaftServerConfigKeys (ConfUtils.java:logGet(46)) - raft.server.log.statemachine.data.read.timeout = 1000ms (default)
2022-12-06 16:24:39,452 [pool-240-thread-1] INFO  server.RaftServerConfigKeys (ConfUtils.java:logGet(46)) - raft.server.log.purge.preservation.log.num = 0 (default)
2022-12-06 16:24:39,452 [pool-240-thread-1] INFO  server.RaftServerConfigKeys (ConfUtils.java:logGet(46)) - raft.server.log.segment.size.max = 1048576 (custom)
2022-12-06 16:24:39,453 [pool-240-thread-1] INFO  server.RaftServerConfigKeys (ConfUtils.java:logGet(46)) - raft.server.log.segment.cache.num.max = 2 (custom)
2022-12-06 16:24:39,453 [pool-240-thread-1] INFO  server.RaftServerConfigKeys (ConfUtils.java:logGet(46)) - raft.server.log.segment.cache.size.max = 200MB (=209715200) (default)
2022-12-06 16:24:39,453 [pool-240-thread-1] INFO  segmented.SegmentedRaftLogWorker (SegmentedRaftLogWorker.java:<init>(189)) - new 6a413ed4-87ae-4509-b51d-2f5d21600f9c@group-2A829352BC53-SegmentedRaftLogWorker for RaftStorageImpl:Storage Directory /home/runner/work/ozone/ozone/hadoop-ozone/integration-test/target/test-dir/MiniOzoneClusterImpl-ff76fcda-2f7b-42b7-aafc-07b3f4cbd752/datanode-7/data/ratis/680b4e35-caea-4e8f-9870-2a829352bc53
2022-12-06 16:24:39,453 [pool-240-thread-1] INFO  server.RaftServerConfigKeys (ConfUtils.java:logGet(46)) - raft.server.log.queue.byte-limit = 4294967296 (custom)
2022-12-06 16:24:39,453 [pool-240-thread-1] INFO  server.RaftServerConfigKeys (ConfUtils.java:logGet(46)) - raft.server.log.queue.element-limit = 1024 (custom)
2022-12-06 16:24:39,453 [pool-240-thread-1] INFO  server.RaftServerConfigKeys (ConfUtils.java:logGet(46)) - raft.server.log.segment.size.max = 1048576 (custom)
2022-12-06 16:24:39,453 [pool-240-thread-1] INFO  server.RaftServerConfigKeys (ConfUtils.java:logGet(46)) - raft.server.log.preallocated.size = 16384 (custom)
2022-12-06 16:24:39,453 [pool-240-thread-1] INFO  server.RaftServerConfigKeys (ConfUtils.java:logGet(46)) - raft.server.log.force.sync.num = 128 (default)
2022-12-06 16:24:39,453 [pool-240-thread-1] INFO  server.RaftServerConfigKeys (ConfUtils.java:logGet(46)) - raft.server.log.statemachine.data.sync = true (default)
2022-12-06 16:24:39,453 [pool-240-thread-1] INFO  server.RaftServerConfigKeys (ConfUtils.java:logGet(46)) - raft.server.log.statemachine.data.sync.timeout = 10s (default)
2022-12-06 16:24:39,453 [pool-240-thread-1] INFO  server.RaftServerConfigKeys (ConfUtils.java:logGet(46)) - raft.server.log.statemachine.data.sync.timeout.retry = -1 (default)
2022-12-06 16:24:39,454 [pool-240-thread-1] INFO  server.RaftServerConfigKeys (ConfUtils.java:logGet(46)) - raft.server.log.write.buffer.size = 1048576 (custom)
2022-12-06 16:24:39,455 [pool-240-thread-1] INFO  server.RaftServerConfigKeys (ConfUtils.java:logGet(46)) - raft.server.log.appender.buffer.byte-limit = 33554432 (custom)
2022-12-06 16:24:39,457 [EventQueue-CommandQueueReportForCommandQueueReportHandler] WARN  events.EventQueue (EventQueue.java:fireEvent(216)) - No event handler registered for event TypedEvent{payloadType=DatanodeDetails, name='Datanode_Command_Queue_Updated'}
2022-12-06 16:24:39,459 [EventQueue-OpenPipelineForHealthyPipelineSafeModeRule] INFO  safemode.SCMSafeModeManager (HealthyPipelineSafeModeRule.java:process(137)) - SCM in safe mode. Healthy pipelines reported count is 0, required healthy pipeline reported count is 1
2022-12-06 16:24:39,464 [pool-240-thread-1] INFO  server.RaftServerConfigKeys (ConfUtils.java:logGet(46)) - raft.server.log.unsafe-flush.enabled = false (default)
2022-12-06 16:24:39,464 [pool-240-thread-1] INFO  server.RaftServerConfigKeys (ConfUtils.java:logGet(46)) - raft.server.log.async-flush.enabled = false (default)
2022-12-06 16:24:39,464 [pool-240-thread-1] INFO  server.RaftServerConfigKeys (ConfUtils.java:logGet(46)) - raft.server.log.statemachine.data.caching.enabled = true (custom)
2022-12-06 16:24:39,465 [pool-240-thread-1] INFO  segmented.SegmentedRaftLogWorker (SegmentedRaftLogWorker.java:lambda$new$0(135)) - 6a413ed4-87ae-4509-b51d-2f5d21600f9c@group-2A829352BC53-SegmentedRaftLogWorker: flushIndex: setUnconditionally 0 -> -1
2022-12-06 16:24:39,467 [pool-240-thread-1] INFO  segmented.SegmentedRaftLogWorker (SegmentedRaftLogWorker.java:lambda$new$0(135)) - 6a413ed4-87ae-4509-b51d-2f5d21600f9c@group-2A829352BC53-SegmentedRaftLogWorker: safeCacheEvictIndex: setUnconditionally 0 -> -1
2022-12-06 16:24:39,468 [pool-240-thread-1] INFO  server.RaftServer$Division (RaftServerImpl.java:start(334)) - 6a413ed4-87ae-4509-b51d-2f5d21600f9c@group-2A829352BC53: start as a follower, conf=-1: peers:[307c9a4a-d135-41f7-b2cf-6e79e9d930c6|rpc:10.1.0.176:35421|priority:0|startupRole:FOLLOWER, 2fe07876-8610-433e-a055-404555d6ad88|rpc:10.1.0.176:34239|priority:1|startupRole:FOLLOWER, 6a413ed4-87ae-4509-b51d-2f5d21600f9c|rpc:10.1.0.176:45621|priority:0|startupRole:FOLLOWER]|listeners:[], old=null
2022-12-06 16:24:39,468 [pool-240-thread-1] INFO  server.RaftServer$Division (RaftServerImpl.java:setRole(321)) - 6a413ed4-87ae-4509-b51d-2f5d21600f9c@group-2A829352BC53: changes role from      null to FOLLOWER at term 0 for startAsFollower
2022-12-06 16:24:39,468 [pool-240-thread-1] INFO  impl.RoleInfo (RoleInfo.java:updateAndGet(139)) - 6a413ed4-87ae-4509-b51d-2f5d21600f9c: start 6a413ed4-87ae-4509-b51d-2f5d21600f9c@group-2A829352BC53-FollowerState
2022-12-06 16:24:39,468 [pool-240-thread-1] INFO  util.JmxRegister (JmxRegister.java:tryRegister(44)) - Successfully registered JMX Bean with object name Ratis:service=RaftServer,group=group-2A829352BC53,id=6a413ed4-87ae-4509-b51d-2f5d21600f9c
2022-12-06 16:24:39,468 [pool-240-thread-1] INFO  server.RaftServerConfigKeys (ConfUtils.java:logGet(46)) - raft.server.snapshot.auto.trigger.enabled = true (custom)
2022-12-06 16:24:39,468 [pool-240-thread-1] INFO  server.RaftServerConfigKeys (ConfUtils.java:logGet(46)) - raft.server.snapshot.auto.trigger.threshold = 10000 (custom)
2022-12-06 16:24:39,469 [pool-240-thread-1] INFO  server.RaftServerConfigKeys (ConfUtils.java:logGet(46)) - raft.server.snapshot.retention.file.num = 5 (custom)
2022-12-06 16:24:39,469 [pool-240-thread-1] INFO  server.RaftServerConfigKeys (ConfUtils.java:logGet(46)) - raft.server.log.purge.upto.snapshot.index = false (default)
2022-12-06 16:24:39,470 [6a413ed4-87ae-4509-b51d-2f5d21600f9c@group-2A829352BC53-FollowerState] INFO  server.RaftServerConfigKeys (ConfUtils.java:logFallback(53)) - raft.server.rpc.first-election.timeout.min = 5s (fallback to raft.server.rpc.timeout.min)
2022-12-06 16:24:39,470 [6a413ed4-87ae-4509-b51d-2f5d21600f9c@group-2A829352BC53-FollowerState] INFO  server.RaftServerConfigKeys (ConfUtils.java:logFallback(53)) - raft.server.rpc.first-election.timeout.max = 5200ms (fallback to raft.server.rpc.timeout.max)
2022-12-06 16:24:39,478 [Command processor thread] INFO  ratis.XceiverServerRatis (XceiverServerRatis.java:addGroup(765)) - Created group PipelineID=680b4e35-caea-4e8f-9870-2a829352bc53
2022-12-06 16:24:39,507 [grpc-default-executor-2] INFO  server.RaftServer (RaftServerProxy.java:addNew(96)) - 2fe07876-8610-433e-a055-404555d6ad88: addNew group-2A829352BC53:[307c9a4a-d135-41f7-b2cf-6e79e9d930c6|rpc:10.1.0.176:35421|dataStream:|priority:0|startupRole:FOLLOWER, 2fe07876-8610-433e-a055-404555d6ad88|rpc:10.1.0.176:34239|dataStream:|priority:1|startupRole:FOLLOWER, 6a413ed4-87ae-4509-b51d-2f5d21600f9c|rpc:10.1.0.176:45621|dataStream:|priority:0|startupRole:FOLLOWER] returns group-2A829352BC53:java.util.concurrent.CompletableFuture@1d40aba5[Not completed]
2022-12-06 16:24:39,508 [pool-267-thread-1] INFO  server.RaftServer$Division (RaftServerImpl.java:<init>(195)) - 2fe07876-8610-433e-a055-404555d6ad88: new RaftServerImpl for group-2A829352BC53:[307c9a4a-d135-41f7-b2cf-6e79e9d930c6|rpc:10.1.0.176:35421|dataStream:|priority:0|startupRole:FOLLOWER, 2fe07876-8610-433e-a055-404555d6ad88|rpc:10.1.0.176:34239|dataStream:|priority:1|startupRole:FOLLOWER, 6a413ed4-87ae-4509-b51d-2f5d21600f9c|rpc:10.1.0.176:45621|dataStream:|priority:0|startupRole:FOLLOWER] with ContainerStateMachine:uninitialized
2022-12-06 16:24:39,508 [pool-267-thread-1] INFO  server.RaftServerConfigKeys (ConfUtils.java:logGet(46)) - raft.server.rpc.timeout.min = 5s (custom)
2022-12-06 16:24:39,508 [pool-267-thread-1] INFO  server.RaftServerConfigKeys (ConfUtils.java:logGet(46)) - raft.server.rpc.timeout.max = 5200ms (custom)
2022-12-06 16:24:39,509 [pool-267-thread-1] INFO  server.RaftServerConfigKeys (ConfUtils.java:logGet(46)) - raft.server.rpc.sleep.time = 25ms (default)
2022-12-06 16:24:39,509 [pool-267-thread-1] INFO  server.RaftServerConfigKeys (ConfUtils.java:logGet(46)) - raft.server.rpc.slowness.timeout = 300s (custom)
2022-12-06 16:24:39,509 [pool-267-thread-1] INFO  server.RaftServerConfigKeys (ConfUtils.java:logGet(46)) - raft.server.leaderelection.leader.step-down.wait-time = 10s (default)
2022-12-06 16:24:39,509 [pool-267-thread-1] INFO  server.RaftServerConfigKeys (ConfUtils.java:logGet(46)) - raft.server.sleep.deviation.threshold = 300ms (default)
2022-12-06 16:24:39,509 [pool-267-thread-1] INFO  server.RaftServer$Division (ServerState.java:<init>(118)) - 2fe07876-8610-433e-a055-404555d6ad88@group-2A829352BC53: ConfigurationManager, init=-1: peers:[307c9a4a-d135-41f7-b2cf-6e79e9d930c6|rpc:10.1.0.176:35421|dataStream:|priority:0|startupRole:FOLLOWER, 2fe07876-8610-433e-a055-404555d6ad88|rpc:10.1.0.176:34239|dataStream:|priority:1|startupRole:FOLLOWER, 6a413ed4-87ae-4509-b51d-2f5d21600f9c|rpc:10.1.0.176:45621|dataStream:|priority:0|startupRole:FOLLOWER]|listeners:[], old=null, confs=<EMPTY_MAP>
2022-12-06 16:24:39,509 [pool-267-thread-1] INFO  server.RaftServerConfigKeys (ConfUtils.java:logGet(46)) - raft.server.storage.dir = [/home/runner/work/ozone/ozone/hadoop-ozone/integration-test/target/test-dir/MiniOzoneClusterImpl-ff76fcda-2f7b-42b7-aafc-07b3f4cbd752/datanode-8/data/ratis] (custom)
2022-12-06 16:24:39,509 [pool-267-thread-1] INFO  server.RaftServerConfigKeys (ConfUtils.java:logGet(46)) - raft.server.log.corruption.policy = EXCEPTION (default)
2022-12-06 16:24:39,509 [pool-267-thread-1] INFO  server.RaftServerConfigKeys (ConfUtils.java:logGet(46)) - raft.server.storage.free-space.min = 0MB (=0) (default)
2022-12-06 16:24:39,509 [pool-267-thread-1] INFO  server.RaftServerConfigKeys (ConfUtils.java:logGet(46)) - raft.server.notification.no-leader.timeout = 300s (custom)
2022-12-06 16:24:39,509 [pool-267-thread-1] INFO  server.RaftServerConfigKeys (ConfUtils.java:logGet(46)) - raft.server.retrycache.expirytime = 600000ms (custom)
2022-12-06 16:24:39,509 [pool-267-thread-1] INFO  server.RaftServerConfigKeys (ConfUtils.java:logGet(46)) - raft.server.retrycache.statistics.expirytime = 100μs (default)
2022-12-06 16:24:39,512 [pool-267-thread-1] INFO  server.RaftServerConfigKeys (ConfUtils.java:logGet(46)) - raft.server.log.appender.install.snapshot.enabled = false (custom)
2022-12-06 16:24:39,512 [pool-267-thread-1] INFO  server.RaftServerConfigKeys (ConfUtils.java:logGet(46)) - raft.server.threadpool.server.cached = true (default)
2022-12-06 16:24:39,512 [pool-267-thread-1] INFO  server.RaftServerConfigKeys (ConfUtils.java:logGet(46)) - raft.server.threadpool.server.size = 0 (default)
2022-12-06 16:24:39,512 [pool-267-thread-1] INFO  server.RaftServerConfigKeys (ConfUtils.java:logGet(46)) - raft.server.threadpool.client.cached = true (default)
2022-12-06 16:24:39,512 [pool-267-thread-1] INFO  server.RaftServerConfigKeys (ConfUtils.java:logGet(46)) - raft.server.threadpool.client.size = 0 (default)
2022-12-06 16:24:39,512 [pool-267-thread-1] INFO  storage.RaftStorageDirectory (RaftStorageDirectoryImpl.java:analyzeStorage(137)) - The storage directory /home/runner/work/ozone/ozone/hadoop-ozone/integration-test/target/test-dir/MiniOzoneClusterImpl-ff76fcda-2f7b-42b7-aafc-07b3f4cbd752/datanode-8/data/ratis/680b4e35-caea-4e8f-9870-2a829352bc53 does not exist. Creating ...
2022-12-06 16:24:39,515 [pool-267-thread-1] INFO  storage.RaftStorageDirectory (RaftStorageDirectoryImpl.java:tryLock(231)) - Lock on /home/runner/work/ozone/ozone/hadoop-ozone/integration-test/target/test-dir/MiniOzoneClusterImpl-ff76fcda-2f7b-42b7-aafc-07b3f4cbd752/datanode-8/data/ratis/680b4e35-caea-4e8f-9870-2a829352bc53/in_use.lock acquired by nodename 47636@fv-az451-158
2022-12-06 16:24:39,516 [pool-267-thread-1] INFO  storage.RaftStorage (RaftStorageImpl.java:format(96)) - Storage directory /home/runner/work/ozone/ozone/hadoop-ozone/integration-test/target/test-dir/MiniOzoneClusterImpl-ff76fcda-2f7b-42b7-aafc-07b3f4cbd752/datanode-8/data/ratis/680b4e35-caea-4e8f-9870-2a829352bc53 has been successfully formatted.
2022-12-06 16:24:39,530 [pool-267-thread-1] INFO  ratis.ContainerStateMachine (ContainerStateMachine.java:loadSnapshot(236)) - group-2A829352BC53: The snapshot info is null. Setting the last applied indexto:(t:0, i:~)
2022-12-06 16:24:39,530 [pool-267-thread-1] INFO  server.RaftServerConfigKeys (ConfUtils.java:logGet(46)) - raft.server.log.use.memory = false (default)
2022-12-06 16:24:39,530 [pool-267-thread-1] INFO  server.RaftServerConfigKeys (ConfUtils.java:logGet(46)) - raft.server.log.purge.gap = 1000000 (custom)
2022-12-06 16:24:39,530 [pool-267-thread-1] INFO  server.RaftServerConfigKeys (ConfUtils.java:logGet(46)) - raft.server.log.appender.buffer.byte-limit = 33554432 (custom)
2022-12-06 16:24:39,531 [pool-267-thread-1] INFO  server.RaftServerConfigKeys (ConfUtils.java:logGet(46)) - raft.server.log.statemachine.data.read.timeout = 1000ms (default)
2022-12-06 16:24:39,531 [pool-267-thread-1] INFO  server.RaftServerConfigKeys (ConfUtils.java:logGet(46)) - raft.server.log.purge.preservation.log.num = 0 (default)
2022-12-06 16:24:39,534 [Command processor thread] INFO  commandhandler.CreatePipelineCommandHandler (CreatePipelineCommandHandler.java:handle(113)) - Created Pipeline RATIS THREE PipelineID=680b4e35-caea-4e8f-9870-2a829352bc53.
2022-12-06 16:24:39,536 [EventQueue-CommandQueueReportForCommandQueueReportHandler] WARN  events.EventQueue (EventQueue.java:fireEvent(216)) - No event handler registered for event TypedEvent{payloadType=DatanodeDetails, name='Datanode_Command_Queue_Updated'}
2022-12-06 16:24:39,536 [EventQueue-CommandQueueReportForCommandQueueReportHandler] WARN  events.EventQueue (EventQueue.java:fireEvent(216)) - No event handler registered for event TypedEvent{payloadType=DatanodeDetails, name='Datanode_Command_Queue_Updated'}
2022-12-06 16:24:39,536 [pool-267-thread-1] INFO  server.RaftServerConfigKeys (ConfUtils.java:logGet(46)) - raft.server.log.segment.size.max = 1048576 (custom)
2022-12-06 16:24:39,537 [pool-267-thread-1] INFO  server.RaftServerConfigKeys (ConfUtils.java:logGet(46)) - raft.server.log.segment.cache.num.max = 2 (custom)
2022-12-06 16:24:39,537 [pool-267-thread-1] INFO  server.RaftServerConfigKeys (ConfUtils.java:logGet(46)) - raft.server.log.segment.cache.size.max = 200MB (=209715200) (default)
2022-12-06 16:24:39,537 [pool-267-thread-1] INFO  segmented.SegmentedRaftLogWorker (SegmentedRaftLogWorker.java:<init>(189)) - new 2fe07876-8610-433e-a055-404555d6ad88@group-2A829352BC53-SegmentedRaftLogWorker for RaftStorageImpl:Storage Directory /home/runner/work/ozone/ozone/hadoop-ozone/integration-test/target/test-dir/MiniOzoneClusterImpl-ff76fcda-2f7b-42b7-aafc-07b3f4cbd752/datanode-8/data/ratis/680b4e35-caea-4e8f-9870-2a829352bc53
2022-12-06 16:24:39,537 [pool-267-thread-1] INFO  server.RaftServerConfigKeys (ConfUtils.java:logGet(46)) - raft.server.log.queue.byte-limit = 4294967296 (custom)
2022-12-06 16:24:39,537 [pool-267-thread-1] INFO  server.RaftServerConfigKeys (ConfUtils.java:logGet(46)) - raft.server.log.queue.element-limit = 1024 (custom)
2022-12-06 16:24:39,537 [pool-267-thread-1] INFO  server.RaftServerConfigKeys (ConfUtils.java:logGet(46)) - raft.server.log.segment.size.max = 1048576 (custom)
2022-12-06 16:24:39,537 [pool-267-thread-1] INFO  server.RaftServerConfigKeys (ConfUtils.java:logGet(46)) - raft.server.log.preallocated.size = 16384 (custom)
2022-12-06 16:24:39,537 [pool-267-thread-1] INFO  server.RaftServerConfigKeys (ConfUtils.java:logGet(46)) - raft.server.log.force.sync.num = 128 (default)
2022-12-06 16:24:39,537 [pool-267-thread-1] INFO  server.RaftServerConfigKeys (ConfUtils.java:logGet(46)) - raft.server.log.statemachine.data.sync = true (default)
2022-12-06 16:24:39,537 [pool-267-thread-1] INFO  server.RaftServerConfigKeys (ConfUtils.java:logGet(46)) - raft.server.log.statemachine.data.sync.timeout = 10s (default)
2022-12-06 16:24:39,537 [pool-267-thread-1] INFO  server.RaftServerConfigKeys (ConfUtils.java:logGet(46)) - raft.server.log.statemachine.data.sync.timeout.retry = -1 (default)
2022-12-06 16:24:39,538 [Command processor thread] INFO  server.RaftServer (RaftServerProxy.java:addNew(96)) - 307c9a4a-d135-41f7-b2cf-6e79e9d930c6: addNew group-B9F234375034:[307c9a4a-d135-41f7-b2cf-6e79e9d930c6|rpc:10.1.0.176:35421|priority:1|startupRole:FOLLOWER, 2fe07876-8610-433e-a055-404555d6ad88|rpc:10.1.0.176:34239|priority:0|startupRole:FOLLOWER, 6a413ed4-87ae-4509-b51d-2f5d21600f9c|rpc:10.1.0.176:45621|priority:0|startupRole:FOLLOWER] returns group-B9F234375034:java.util.concurrent.CompletableFuture@63f97a30[Not completed]
2022-12-06 16:24:39,542 [pool-267-thread-1] INFO  server.RaftServerConfigKeys (ConfUtils.java:logGet(46)) - raft.server.log.write.buffer.size = 1048576 (custom)
2022-12-06 16:24:39,543 [pool-213-thread-1] INFO  server.RaftServer$Division (RaftServerImpl.java:<init>(195)) - 307c9a4a-d135-41f7-b2cf-6e79e9d930c6: new RaftServerImpl for group-B9F234375034:[307c9a4a-d135-41f7-b2cf-6e79e9d930c6|rpc:10.1.0.176:35421|priority:1|startupRole:FOLLOWER, 2fe07876-8610-433e-a055-404555d6ad88|rpc:10.1.0.176:34239|priority:0|startupRole:FOLLOWER, 6a413ed4-87ae-4509-b51d-2f5d21600f9c|rpc:10.1.0.176:45621|priority:0|startupRole:FOLLOWER] with ContainerStateMachine:uninitialized
2022-12-06 16:24:39,544 [pool-213-thread-1] INFO  server.RaftServerConfigKeys (ConfUtils.java:logGet(46)) - raft.server.rpc.timeout.min = 5s (custom)
2022-12-06 16:24:39,545 [pool-213-thread-1] INFO  server.RaftServerConfigKeys (ConfUtils.java:logGet(46)) - raft.server.rpc.timeout.max = 5200ms (custom)
2022-12-06 16:24:39,545 [pool-213-thread-1] INFO  server.RaftServerConfigKeys (ConfUtils.java:logGet(46)) - raft.server.rpc.sleep.time = 25ms (default)
2022-12-06 16:24:39,545 [pool-213-thread-1] INFO  server.RaftServerConfigKeys (ConfUtils.java:logGet(46)) - raft.server.rpc.slowness.timeout = 300s (custom)
2022-12-06 16:24:39,545 [pool-213-thread-1] INFO  server.RaftServerConfigKeys (ConfUtils.java:logGet(46)) - raft.server.leaderelection.leader.step-down.wait-time = 10s (default)
2022-12-06 16:24:39,545 [pool-213-thread-1] INFO  server.RaftServerConfigKeys (ConfUtils.java:logGet(46)) - raft.server.sleep.deviation.threshold = 300ms (default)
2022-12-06 16:24:39,545 [pool-213-thread-1] INFO  server.RaftServer$Division (ServerState.java:<init>(118)) - 307c9a4a-d135-41f7-b2cf-6e79e9d930c6@group-B9F234375034: ConfigurationManager, init=-1: peers:[307c9a4a-d135-41f7-b2cf-6e79e9d930c6|rpc:10.1.0.176:35421|priority:1|startupRole:FOLLOWER, 2fe07876-8610-433e-a055-404555d6ad88|rpc:10.1.0.176:34239|priority:0|startupRole:FOLLOWER, 6a413ed4-87ae-4509-b51d-2f5d21600f9c|rpc:10.1.0.176:45621|priority:0|startupRole:FOLLOWER]|listeners:[], old=null, confs=<EMPTY_MAP>
2022-12-06 16:24:39,545 [pool-213-thread-1] INFO  server.RaftServerConfigKeys (ConfUtils.java:logGet(46)) - raft.server.storage.dir = [/home/runner/work/ozone/ozone/hadoop-ozone/integration-test/target/test-dir/MiniOzoneClusterImpl-ff76fcda-2f7b-42b7-aafc-07b3f4cbd752/datanode-6/data/ratis] (custom)
2022-12-06 16:24:39,544 [pool-267-thread-1] INFO  server.RaftServerConfigKeys (ConfUtils.java:logGet(46)) - raft.server.log.appender.buffer.byte-limit = 33554432 (custom)
2022-12-06 16:24:39,545 [pool-213-thread-1] INFO  server.RaftServerConfigKeys (ConfUtils.java:logGet(46)) - raft.server.log.corruption.policy = EXCEPTION (default)
2022-12-06 16:24:39,548 [pool-213-thread-1] INFO  server.RaftServerConfigKeys (ConfUtils.java:logGet(46)) - raft.server.storage.free-space.min = 0MB (=0) (default)
2022-12-06 16:24:39,548 [pool-213-thread-1] INFO  server.RaftServerConfigKeys (ConfUtils.java:logGet(46)) - raft.server.notification.no-leader.timeout = 300s (custom)
2022-12-06 16:24:39,548 [pool-213-thread-1] INFO  server.RaftServerConfigKeys (ConfUtils.java:logGet(46)) - raft.server.retrycache.expirytime = 600000ms (custom)
2022-12-06 16:24:39,548 [pool-213-thread-1] INFO  server.RaftServerConfigKeys (ConfUtils.java:logGet(46)) - raft.server.retrycache.statistics.expirytime = 100μs (default)
2022-12-06 16:24:39,549 [pool-213-thread-1] INFO  server.RaftServerConfigKeys (ConfUtils.java:logGet(46)) - raft.server.log.appender.install.snapshot.enabled = false (custom)
2022-12-06 16:24:39,549 [pool-213-thread-1] INFO  server.RaftServerConfigKeys (ConfUtils.java:logGet(46)) - raft.server.threadpool.server.cached = true (default)
2022-12-06 16:24:39,549 [pool-213-thread-1] INFO  server.RaftServerConfigKeys (ConfUtils.java:logGet(46)) - raft.server.threadpool.server.size = 0 (default)
2022-12-06 16:24:39,549 [pool-213-thread-1] INFO  server.RaftServerConfigKeys (ConfUtils.java:logGet(46)) - raft.server.threadpool.client.cached = true (default)
2022-12-06 16:24:39,549 [pool-213-thread-1] INFO  server.RaftServerConfigKeys (ConfUtils.java:logGet(46)) - raft.server.threadpool.client.size = 0 (default)
2022-12-06 16:24:39,549 [pool-213-thread-1] INFO  storage.RaftStorageDirectory (RaftStorageDirectoryImpl.java:analyzeStorage(137)) - The storage directory /home/runner/work/ozone/ozone/hadoop-ozone/integration-test/target/test-dir/MiniOzoneClusterImpl-ff76fcda-2f7b-42b7-aafc-07b3f4cbd752/datanode-6/data/ratis/04cdec46-b19b-4f3d-a87f-b9f234375034 does not exist. Creating ...
2022-12-06 16:24:39,551 [pool-213-thread-1] INFO  storage.RaftStorageDirectory (RaftStorageDirectoryImpl.java:tryLock(231)) - Lock on /home/runner/work/ozone/ozone/hadoop-ozone/integration-test/target/test-dir/MiniOzoneClusterImpl-ff76fcda-2f7b-42b7-aafc-07b3f4cbd752/datanode-6/data/ratis/04cdec46-b19b-4f3d-a87f-b9f234375034/in_use.lock acquired by nodename 47636@fv-az451-158
2022-12-06 16:24:39,552 [pool-213-thread-1] INFO  storage.RaftStorage (RaftStorageImpl.java:format(96)) - Storage directory /home/runner/work/ozone/ozone/hadoop-ozone/integration-test/target/test-dir/MiniOzoneClusterImpl-ff76fcda-2f7b-42b7-aafc-07b3f4cbd752/datanode-6/data/ratis/04cdec46-b19b-4f3d-a87f-b9f234375034 has been successfully formatted.
2022-12-06 16:24:39,552 [pool-213-thread-1] INFO  ratis.ContainerStateMachine (ContainerStateMachine.java:loadSnapshot(236)) - group-B9F234375034: The snapshot info is null. Setting the last applied indexto:(t:0, i:~)
2022-12-06 16:24:39,552 [pool-213-thread-1] INFO  server.RaftServerConfigKeys (ConfUtils.java:logGet(46)) - raft.server.log.use.memory = false (default)
2022-12-06 16:24:39,553 [pool-213-thread-1] INFO  server.RaftServerConfigKeys (ConfUtils.java:logGet(46)) - raft.server.log.purge.gap = 1000000 (custom)
2022-12-06 16:24:39,553 [pool-213-thread-1] INFO  server.RaftServerConfigKeys (ConfUtils.java:logGet(46)) - raft.server.log.appender.buffer.byte-limit = 33554432 (custom)
2022-12-06 16:24:39,553 [pool-213-thread-1] INFO  server.RaftServerConfigKeys (ConfUtils.java:logGet(46)) - raft.server.log.statemachine.data.read.timeout = 1000ms (default)
2022-12-06 16:24:39,553 [pool-213-thread-1] INFO  server.RaftServerConfigKeys (ConfUtils.java:logGet(46)) - raft.server.log.purge.preservation.log.num = 0 (default)
2022-12-06 16:24:39,554 [pool-213-thread-1] INFO  server.RaftServerConfigKeys (ConfUtils.java:logGet(46)) - raft.server.log.segment.size.max = 1048576 (custom)
2022-12-06 16:24:39,554 [EventQueue-CommandQueueReportForCommandQueueReportHandler] WARN  events.EventQueue (EventQueue.java:fireEvent(216)) - No event handler registered for event TypedEvent{payloadType=DatanodeDetails, name='Datanode_Command_Queue_Updated'}
2022-12-06 16:24:39,554 [EventQueue-OpenPipelineForHealthyPipelineSafeModeRule] INFO  safemode.SCMSafeModeManager (HealthyPipelineSafeModeRule.java:process(137)) - SCM in safe mode. Healthy pipelines reported count is 0, required healthy pipeline reported count is 1
2022-12-06 16:24:39,556 [pool-213-thread-1] INFO  server.RaftServerConfigKeys (ConfUtils.java:logGet(46)) - raft.server.log.segment.cache.num.max = 2 (custom)
2022-12-06 16:24:39,556 [pool-213-thread-1] INFO  server.RaftServerConfigKeys (ConfUtils.java:logGet(46)) - raft.server.log.segment.cache.size.max = 200MB (=209715200) (default)
2022-12-06 16:24:39,556 [pool-213-thread-1] INFO  segmented.SegmentedRaftLogWorker (SegmentedRaftLogWorker.java:<init>(189)) - new 307c9a4a-d135-41f7-b2cf-6e79e9d930c6@group-B9F234375034-SegmentedRaftLogWorker for RaftStorageImpl:Storage Directory /home/runner/work/ozone/ozone/hadoop-ozone/integration-test/target/test-dir/MiniOzoneClusterImpl-ff76fcda-2f7b-42b7-aafc-07b3f4cbd752/datanode-6/data/ratis/04cdec46-b19b-4f3d-a87f-b9f234375034
2022-12-06 16:24:39,557 [pool-213-thread-1] INFO  server.RaftServerConfigKeys (ConfUtils.java:logGet(46)) - raft.server.log.queue.byte-limit = 4294967296 (custom)
2022-12-06 16:24:39,557 [pool-213-thread-1] INFO  server.RaftServerConfigKeys (ConfUtils.java:logGet(46)) - raft.server.log.queue.element-limit = 1024 (custom)
2022-12-06 16:24:39,557 [pool-213-thread-1] INFO  server.RaftServerConfigKeys (ConfUtils.java:logGet(46)) - raft.server.log.segment.size.max = 1048576 (custom)
2022-12-06 16:24:39,557 [pool-213-thread-1] INFO  server.RaftServerConfigKeys (ConfUtils.java:logGet(46)) - raft.server.log.preallocated.size = 16384 (custom)
2022-12-06 16:24:39,557 [pool-213-thread-1] INFO  server.RaftServerConfigKeys (ConfUtils.java:logGet(46)) - raft.server.log.force.sync.num = 128 (default)
2022-12-06 16:24:39,557 [pool-213-thread-1] INFO  server.RaftServerConfigKeys (ConfUtils.java:logGet(46)) - raft.server.log.statemachine.data.sync = true (default)
2022-12-06 16:24:39,557 [pool-213-thread-1] INFO  server.RaftServerConfigKeys (ConfUtils.java:logGet(46)) - raft.server.log.statemachine.data.sync.timeout = 10s (default)
2022-12-06 16:24:39,557 [pool-213-thread-1] INFO  server.RaftServerConfigKeys (ConfUtils.java:logGet(46)) - raft.server.log.statemachine.data.sync.timeout.retry = -1 (default)
2022-12-06 16:24:39,559 [pool-213-thread-1] INFO  server.RaftServerConfigKeys (ConfUtils.java:logGet(46)) - raft.server.log.write.buffer.size = 1048576 (custom)
2022-12-06 16:24:39,559 [pool-213-thread-1] INFO  server.RaftServerConfigKeys (ConfUtils.java:logGet(46)) - raft.server.log.appender.buffer.byte-limit = 33554432 (custom)
2022-12-06 16:24:39,561 [pool-267-thread-1] INFO  server.RaftServerConfigKeys (ConfUtils.java:logGet(46)) - raft.server.log.unsafe-flush.enabled = false (default)
2022-12-06 16:24:39,561 [pool-267-thread-1] INFO  server.RaftServerConfigKeys (ConfUtils.java:logGet(46)) - raft.server.log.async-flush.enabled = false (default)
2022-12-06 16:24:39,561 [pool-267-thread-1] INFO  server.RaftServerConfigKeys (ConfUtils.java:logGet(46)) - raft.server.log.statemachine.data.caching.enabled = true (custom)
2022-12-06 16:24:39,561 [pool-267-thread-1] INFO  segmented.SegmentedRaftLogWorker (SegmentedRaftLogWorker.java:lambda$new$0(135)) - 2fe07876-8610-433e-a055-404555d6ad88@group-2A829352BC53-SegmentedRaftLogWorker: flushIndex: setUnconditionally 0 -> -1
2022-12-06 16:24:39,562 [pool-267-thread-1] INFO  segmented.SegmentedRaftLogWorker (SegmentedRaftLogWorker.java:lambda$new$0(135)) - 2fe07876-8610-433e-a055-404555d6ad88@group-2A829352BC53-SegmentedRaftLogWorker: safeCacheEvictIndex: setUnconditionally 0 -> -1
2022-12-06 16:24:39,562 [pool-267-thread-1] INFO  server.RaftServer$Division (RaftServerImpl.java:start(334)) - 2fe07876-8610-433e-a055-404555d6ad88@group-2A829352BC53: start as a follower, conf=-1: peers:[307c9a4a-d135-41f7-b2cf-6e79e9d930c6|rpc:10.1.0.176:35421|dataStream:|priority:0|startupRole:FOLLOWER, 2fe07876-8610-433e-a055-404555d6ad88|rpc:10.1.0.176:34239|dataStream:|priority:1|startupRole:FOLLOWER, 6a413ed4-87ae-4509-b51d-2f5d21600f9c|rpc:10.1.0.176:45621|dataStream:|priority:0|startupRole:FOLLOWER]|listeners:[], old=null
2022-12-06 16:24:39,562 [pool-267-thread-1] INFO  server.RaftServer$Division (RaftServerImpl.java:setRole(321)) - 2fe07876-8610-433e-a055-404555d6ad88@group-2A829352BC53: changes role from      null to FOLLOWER at term 0 for startAsFollower
2022-12-06 16:24:39,562 [pool-267-thread-1] INFO  impl.RoleInfo (RoleInfo.java:updateAndGet(139)) - 2fe07876-8610-433e-a055-404555d6ad88: start 2fe07876-8610-433e-a055-404555d6ad88@group-2A829352BC53-FollowerState
2022-12-06 16:24:39,562 [pool-267-thread-1] INFO  util.JmxRegister (JmxRegister.java:tryRegister(44)) - Successfully registered JMX Bean with object name Ratis:service=RaftServer,group=group-2A829352BC53,id=2fe07876-8610-433e-a055-404555d6ad88
2022-12-06 16:24:39,563 [pool-267-thread-1] INFO  server.RaftServerConfigKeys (ConfUtils.java:logGet(46)) - raft.server.snapshot.auto.trigger.enabled = true (custom)
2022-12-06 16:24:39,563 [pool-267-thread-1] INFO  server.RaftServerConfigKeys (ConfUtils.java:logGet(46)) - raft.server.snapshot.auto.trigger.threshold = 10000 (custom)
2022-12-06 16:24:39,563 [pool-267-thread-1] INFO  server.RaftServerConfigKeys (ConfUtils.java:logGet(46)) - raft.server.snapshot.retention.file.num = 5 (custom)
2022-12-06 16:24:39,563 [pool-267-thread-1] INFO  server.RaftServerConfigKeys (ConfUtils.java:logGet(46)) - raft.server.log.purge.upto.snapshot.index = false (default)
2022-12-06 16:24:39,563 [2fe07876-8610-433e-a055-404555d6ad88@group-2A829352BC53-FollowerState] INFO  server.RaftServerConfigKeys (ConfUtils.java:logFallback(53)) - raft.server.rpc.first-election.timeout.min = 5s (fallback to raft.server.rpc.timeout.min)
2022-12-06 16:24:39,563 [2fe07876-8610-433e-a055-404555d6ad88@group-2A829352BC53-FollowerState] INFO  server.RaftServerConfigKeys (ConfUtils.java:logFallback(53)) - raft.server.rpc.first-election.timeout.max = 5200ms (fallback to raft.server.rpc.timeout.max)
2022-12-06 16:24:39,572 [pool-213-thread-1] INFO  server.RaftServerConfigKeys (ConfUtils.java:logGet(46)) - raft.server.log.unsafe-flush.enabled = false (default)
2022-12-06 16:24:39,572 [pool-213-thread-1] INFO  server.RaftServerConfigKeys (ConfUtils.java:logGet(46)) - raft.server.log.async-flush.enabled = false (default)
2022-12-06 16:24:39,572 [pool-213-thread-1] INFO  server.RaftServerConfigKeys (ConfUtils.java:logGet(46)) - raft.server.log.statemachine.data.caching.enabled = true (custom)
2022-12-06 16:24:39,573 [pool-213-thread-1] INFO  segmented.SegmentedRaftLogWorker (SegmentedRaftLogWorker.java:lambda$new$0(135)) - 307c9a4a-d135-41f7-b2cf-6e79e9d930c6@group-B9F234375034-SegmentedRaftLogWorker: flushIndex: setUnconditionally 0 -> -1
2022-12-06 16:24:39,573 [pool-213-thread-1] INFO  segmented.SegmentedRaftLogWorker (SegmentedRaftLogWorker.java:lambda$new$0(135)) - 307c9a4a-d135-41f7-b2cf-6e79e9d930c6@group-B9F234375034-SegmentedRaftLogWorker: safeCacheEvictIndex: setUnconditionally 0 -> -1
2022-12-06 16:24:39,573 [pool-213-thread-1] INFO  server.RaftServer$Division (RaftServerImpl.java:start(334)) - 307c9a4a-d135-41f7-b2cf-6e79e9d930c6@group-B9F234375034: start as a follower, conf=-1: peers:[307c9a4a-d135-41f7-b2cf-6e79e9d930c6|rpc:10.1.0.176:35421|priority:1|startupRole:FOLLOWER, 2fe07876-8610-433e-a055-404555d6ad88|rpc:10.1.0.176:34239|priority:0|startupRole:FOLLOWER, 6a413ed4-87ae-4509-b51d-2f5d21600f9c|rpc:10.1.0.176:45621|priority:0|startupRole:FOLLOWER]|listeners:[], old=null
2022-12-06 16:24:39,573 [pool-213-thread-1] INFO  server.RaftServer$Division (RaftServerImpl.java:setRole(321)) - 307c9a4a-d135-41f7-b2cf-6e79e9d930c6@group-B9F234375034: changes role from      null to FOLLOWER at term 0 for startAsFollower
2022-12-06 16:24:39,573 [pool-213-thread-1] INFO  impl.RoleInfo (RoleInfo.java:updateAndGet(139)) - 307c9a4a-d135-41f7-b2cf-6e79e9d930c6: start 307c9a4a-d135-41f7-b2cf-6e79e9d930c6@group-B9F234375034-FollowerState
2022-12-06 16:24:39,573 [pool-213-thread-1] INFO  util.JmxRegister (JmxRegister.java:tryRegister(44)) - Successfully registered JMX Bean with object name Ratis:service=RaftServer,group=group-B9F234375034,id=307c9a4a-d135-41f7-b2cf-6e79e9d930c6
2022-12-06 16:24:39,573 [pool-213-thread-1] INFO  server.RaftServerConfigKeys (ConfUtils.java:logGet(46)) - raft.server.snapshot.auto.trigger.enabled = true (custom)
2022-12-06 16:24:39,573 [pool-213-thread-1] INFO  server.RaftServerConfigKeys (ConfUtils.java:logGet(46)) - raft.server.snapshot.auto.trigger.threshold = 10000 (custom)
2022-12-06 16:24:39,573 [pool-213-thread-1] INFO  server.RaftServerConfigKeys (ConfUtils.java:logGet(46)) - raft.server.snapshot.retention.file.num = 5 (custom)
2022-12-06 16:24:39,573 [pool-213-thread-1] INFO  server.RaftServerConfigKeys (ConfUtils.java:logGet(46)) - raft.server.log.purge.upto.snapshot.index = false (default)
2022-12-06 16:24:39,574 [307c9a4a-d135-41f7-b2cf-6e79e9d930c6@group-B9F234375034-FollowerState] INFO  server.RaftServerConfigKeys (ConfUtils.java:logFallback(53)) - raft.server.rpc.first-election.timeout.min = 5s (fallback to raft.server.rpc.timeout.min)
2022-12-06 16:24:39,574 [307c9a4a-d135-41f7-b2cf-6e79e9d930c6@group-B9F234375034-FollowerState] INFO  server.RaftServerConfigKeys (ConfUtils.java:logFallback(53)) - raft.server.rpc.first-election.timeout.max = 5200ms (fallback to raft.server.rpc.timeout.max)
2022-12-06 16:24:39,574 [Command processor thread] INFO  ratis.XceiverServerRatis (XceiverServerRatis.java:addGroup(765)) - Created group PipelineID=04cdec46-b19b-4f3d-a87f-b9f234375034
2022-12-06 16:24:39,588 [grpc-default-executor-0] INFO  server.RaftServer (RaftServerProxy.java:addNew(96)) - 2fe07876-8610-433e-a055-404555d6ad88: addNew group-B9F234375034:[307c9a4a-d135-41f7-b2cf-6e79e9d930c6|rpc:10.1.0.176:35421|dataStream:|priority:1|startupRole:FOLLOWER, 2fe07876-8610-433e-a055-404555d6ad88|rpc:10.1.0.176:34239|dataStream:|priority:0|startupRole:FOLLOWER, 6a413ed4-87ae-4509-b51d-2f5d21600f9c|rpc:10.1.0.176:45621|dataStream:|priority:0|startupRole:FOLLOWER] returns group-B9F234375034:java.util.concurrent.CompletableFuture@66ddd6ca[Not completed]
2022-12-06 16:24:39,589 [pool-267-thread-1] INFO  server.RaftServer$Division (RaftServerImpl.java:<init>(195)) - 2fe07876-8610-433e-a055-404555d6ad88: new RaftServerImpl for group-B9F234375034:[307c9a4a-d135-41f7-b2cf-6e79e9d930c6|rpc:10.1.0.176:35421|dataStream:|priority:1|startupRole:FOLLOWER, 2fe07876-8610-433e-a055-404555d6ad88|rpc:10.1.0.176:34239|dataStream:|priority:0|startupRole:FOLLOWER, 6a413ed4-87ae-4509-b51d-2f5d21600f9c|rpc:10.1.0.176:45621|dataStream:|priority:0|startupRole:FOLLOWER] with ContainerStateMachine:uninitialized
2022-12-06 16:24:39,589 [pool-267-thread-1] INFO  server.RaftServerConfigKeys (ConfUtils.java:logGet(46)) - raft.server.rpc.timeout.min = 5s (custom)
2022-12-06 16:24:39,589 [pool-267-thread-1] INFO  server.RaftServerConfigKeys (ConfUtils.java:logGet(46)) - raft.server.rpc.timeout.max = 5200ms (custom)
2022-12-06 16:24:39,589 [pool-267-thread-1] INFO  server.RaftServerConfigKeys (ConfUtils.java:logGet(46)) - raft.server.rpc.sleep.time = 25ms (default)
2022-12-06 16:24:39,589 [pool-267-thread-1] INFO  server.RaftServerConfigKeys (ConfUtils.java:logGet(46)) - raft.server.rpc.slowness.timeout = 300s (custom)
2022-12-06 16:24:39,589 [pool-267-thread-1] INFO  server.RaftServerConfigKeys (ConfUtils.java:logGet(46)) - raft.server.leaderelection.leader.step-down.wait-time = 10s (default)
2022-12-06 16:24:39,589 [pool-267-thread-1] INFO  server.RaftServerConfigKeys (ConfUtils.java:logGet(46)) - raft.server.sleep.deviation.threshold = 300ms (default)
2022-12-06 16:24:39,589 [pool-267-thread-1] INFO  server.RaftServer$Division (ServerState.java:<init>(118)) - 2fe07876-8610-433e-a055-404555d6ad88@group-B9F234375034: ConfigurationManager, init=-1: peers:[307c9a4a-d135-41f7-b2cf-6e79e9d930c6|rpc:10.1.0.176:35421|dataStream:|priority:1|startupRole:FOLLOWER, 2fe07876-8610-433e-a055-404555d6ad88|rpc:10.1.0.176:34239|dataStream:|priority:0|startupRole:FOLLOWER, 6a413ed4-87ae-4509-b51d-2f5d21600f9c|rpc:10.1.0.176:45621|dataStream:|priority:0|startupRole:FOLLOWER]|listeners:[], old=null, confs=<EMPTY_MAP>
2022-12-06 16:24:39,589 [pool-267-thread-1] INFO  server.RaftServerConfigKeys (ConfUtils.java:logGet(46)) - raft.server.storage.dir = [/home/runner/work/ozone/ozone/hadoop-ozone/integration-test/target/test-dir/MiniOzoneClusterImpl-ff76fcda-2f7b-42b7-aafc-07b3f4cbd752/datanode-8/data/ratis] (custom)
2022-12-06 16:24:39,589 [pool-267-thread-1] INFO  server.RaftServerConfigKeys (ConfUtils.java:logGet(46)) - raft.server.log.corruption.policy = EXCEPTION (default)
2022-12-06 16:24:39,590 [pool-267-thread-1] INFO  server.RaftServerConfigKeys (ConfUtils.java:logGet(46)) - raft.server.storage.free-space.min = 0MB (=0) (default)
2022-12-06 16:24:39,590 [pool-267-thread-1] INFO  server.RaftServerConfigKeys (ConfUtils.java:logGet(46)) - raft.server.notification.no-leader.timeout = 300s (custom)
2022-12-06 16:24:39,590 [pool-267-thread-1] INFO  server.RaftServerConfigKeys (ConfUtils.java:logGet(46)) - raft.server.retrycache.expirytime = 600000ms (custom)
2022-12-06 16:24:39,590 [pool-267-thread-1] INFO  server.RaftServerConfigKeys (ConfUtils.java:logGet(46)) - raft.server.retrycache.statistics.expirytime = 100μs (default)
2022-12-06 16:24:39,591 [pool-267-thread-1] INFO  server.RaftServerConfigKeys (ConfUtils.java:logGet(46)) - raft.server.log.appender.install.snapshot.enabled = false (custom)
2022-12-06 16:24:39,591 [pool-267-thread-1] INFO  server.RaftServerConfigKeys (ConfUtils.java:logGet(46)) - raft.server.threadpool.server.cached = true (default)
2022-12-06 16:24:39,591 [pool-267-thread-1] INFO  server.RaftServerConfigKeys (ConfUtils.java:logGet(46)) - raft.server.threadpool.server.size = 0 (default)
2022-12-06 16:24:39,591 [pool-267-thread-1] INFO  server.RaftServerConfigKeys (ConfUtils.java:logGet(46)) - raft.server.threadpool.client.cached = true (default)
2022-12-06 16:24:39,591 [pool-267-thread-1] INFO  server.RaftServerConfigKeys (ConfUtils.java:logGet(46)) - raft.server.threadpool.client.size = 0 (default)
2022-12-06 16:24:39,591 [pool-267-thread-1] INFO  storage.RaftStorageDirectory (RaftStorageDirectoryImpl.java:analyzeStorage(137)) - The storage directory /home/runner/work/ozone/ozone/hadoop-ozone/integration-test/target/test-dir/MiniOzoneClusterImpl-ff76fcda-2f7b-42b7-aafc-07b3f4cbd752/datanode-8/data/ratis/04cdec46-b19b-4f3d-a87f-b9f234375034 does not exist. Creating ...
2022-12-06 16:24:39,594 [pool-267-thread-1] INFO  storage.RaftStorageDirectory (RaftStorageDirectoryImpl.java:tryLock(231)) - Lock on /home/runner/work/ozone/ozone/hadoop-ozone/integration-test/target/test-dir/MiniOzoneClusterImpl-ff76fcda-2f7b-42b7-aafc-07b3f4cbd752/datanode-8/data/ratis/04cdec46-b19b-4f3d-a87f-b9f234375034/in_use.lock acquired by nodename 47636@fv-az451-158
2022-12-06 16:24:39,598 [pool-267-thread-1] INFO  storage.RaftStorage (RaftStorageImpl.java:format(96)) - Storage directory /home/runner/work/ozone/ozone/hadoop-ozone/integration-test/target/test-dir/MiniOzoneClusterImpl-ff76fcda-2f7b-42b7-aafc-07b3f4cbd752/datanode-8/data/ratis/04cdec46-b19b-4f3d-a87f-b9f234375034 has been successfully formatted.
2022-12-06 16:24:39,602 [pool-267-thread-1] INFO  ratis.ContainerStateMachine (ContainerStateMachine.java:loadSnapshot(236)) - group-B9F234375034: The snapshot info is null. Setting the last applied indexto:(t:0, i:~)
2022-12-06 16:24:39,602 [pool-267-thread-1] INFO  server.RaftServerConfigKeys (ConfUtils.java:logGet(46)) - raft.server.log.use.memory = false (default)
2022-12-06 16:24:39,603 [EventQueue-CommandQueueReportForCommandQueueReportHandler] WARN  events.EventQueue (EventQueue.java:fireEvent(216)) - No event handler registered for event TypedEvent{payloadType=DatanodeDetails, name='Datanode_Command_Queue_Updated'}
2022-12-06 16:24:39,603 [pool-267-thread-1] INFO  server.RaftServerConfigKeys (ConfUtils.java:logGet(46)) - raft.server.log.purge.gap = 1000000 (custom)
2022-12-06 16:24:39,603 [pool-267-thread-1] INFO  server.RaftServerConfigKeys (ConfUtils.java:logGet(46)) - raft.server.log.appender.buffer.byte-limit = 33554432 (custom)
2022-12-06 16:24:39,603 [pool-267-thread-1] INFO  server.RaftServerConfigKeys (ConfUtils.java:logGet(46)) - raft.server.log.statemachine.data.read.timeout = 1000ms (default)
2022-12-06 16:24:39,603 [pool-267-thread-1] INFO  server.RaftServerConfigKeys (ConfUtils.java:logGet(46)) - raft.server.log.purge.preservation.log.num = 0 (default)
2022-12-06 16:24:39,603 [pool-267-thread-1] INFO  server.RaftServerConfigKeys (ConfUtils.java:logGet(46)) - raft.server.log.segment.size.max = 1048576 (custom)
2022-12-06 16:24:39,604 [pool-267-thread-1] INFO  server.RaftServerConfigKeys (ConfUtils.java:logGet(46)) - raft.server.log.segment.cache.num.max = 2 (custom)
2022-12-06 16:24:39,604 [pool-267-thread-1] INFO  server.RaftServerConfigKeys (ConfUtils.java:logGet(46)) - raft.server.log.segment.cache.size.max = 200MB (=209715200) (default)
2022-12-06 16:24:39,604 [pool-267-thread-1] INFO  segmented.SegmentedRaftLogWorker (SegmentedRaftLogWorker.java:<init>(189)) - new 2fe07876-8610-433e-a055-404555d6ad88@group-B9F234375034-SegmentedRaftLogWorker for RaftStorageImpl:Storage Directory /home/runner/work/ozone/ozone/hadoop-ozone/integration-test/target/test-dir/MiniOzoneClusterImpl-ff76fcda-2f7b-42b7-aafc-07b3f4cbd752/datanode-8/data/ratis/04cdec46-b19b-4f3d-a87f-b9f234375034
2022-12-06 16:24:39,604 [pool-267-thread-1] INFO  server.RaftServerConfigKeys (ConfUtils.java:logGet(46)) - raft.server.log.queue.byte-limit = 4294967296 (custom)
2022-12-06 16:24:39,604 [pool-267-thread-1] INFO  server.RaftServerConfigKeys (ConfUtils.java:logGet(46)) - raft.server.log.queue.element-limit = 1024 (custom)
2022-12-06 16:24:39,604 [pool-267-thread-1] INFO  server.RaftServerConfigKeys (ConfUtils.java:logGet(46)) - raft.server.log.segment.size.max = 1048576 (custom)
2022-12-06 16:24:39,604 [pool-267-thread-1] INFO  server.RaftServerConfigKeys (ConfUtils.java:logGet(46)) - raft.server.log.preallocated.size = 16384 (custom)
2022-12-06 16:24:39,604 [pool-267-thread-1] INFO  server.RaftServerConfigKeys (ConfUtils.java:logGet(46)) - raft.server.log.force.sync.num = 128 (default)
2022-12-06 16:24:39,604 [pool-267-thread-1] INFO  server.RaftServerConfigKeys (ConfUtils.java:logGet(46)) - raft.server.log.statemachine.data.sync = true (default)
2022-12-06 16:24:39,604 [pool-267-thread-1] INFO  server.RaftServerConfigKeys (ConfUtils.java:logGet(46)) - raft.server.log.statemachine.data.sync.timeout = 10s (default)
2022-12-06 16:24:39,604 [pool-267-thread-1] INFO  server.RaftServerConfigKeys (ConfUtils.java:logGet(46)) - raft.server.log.statemachine.data.sync.timeout.retry = -1 (default)
2022-12-06 16:24:39,607 [pool-267-thread-1] INFO  server.RaftServerConfigKeys (ConfUtils.java:logGet(46)) - raft.server.log.write.buffer.size = 1048576 (custom)
2022-12-06 16:24:39,612 [Command processor thread] INFO  commandhandler.CreatePipelineCommandHandler (CreatePipelineCommandHandler.java:handle(113)) - Created Pipeline RATIS THREE PipelineID=680b4e35-caea-4e8f-9870-2a829352bc53.
2022-12-06 16:24:39,612 [Command processor thread] INFO  server.RaftServer (RaftServerProxy.java:addNew(96)) - 6a413ed4-87ae-4509-b51d-2f5d21600f9c: addNew group-B9F234375034:[307c9a4a-d135-41f7-b2cf-6e79e9d930c6|rpc:10.1.0.176:35421|priority:1|startupRole:FOLLOWER, 2fe07876-8610-433e-a055-404555d6ad88|rpc:10.1.0.176:34239|priority:0|startupRole:FOLLOWER, 6a413ed4-87ae-4509-b51d-2f5d21600f9c|rpc:10.1.0.176:45621|priority:0|startupRole:FOLLOWER] returns group-B9F234375034:java.util.concurrent.CompletableFuture@1502965f[Not completed]
2022-12-06 16:24:39,613 [pool-240-thread-1] INFO  server.RaftServer$Division (RaftServerImpl.java:<init>(195)) - 6a413ed4-87ae-4509-b51d-2f5d21600f9c: new RaftServerImpl for group-B9F234375034:[307c9a4a-d135-41f7-b2cf-6e79e9d930c6|rpc:10.1.0.176:35421|priority:1|startupRole:FOLLOWER, 2fe07876-8610-433e-a055-404555d6ad88|rpc:10.1.0.176:34239|priority:0|startupRole:FOLLOWER, 6a413ed4-87ae-4509-b51d-2f5d21600f9c|rpc:10.1.0.176:45621|priority:0|startupRole:FOLLOWER] with ContainerStateMachine:uninitialized
2022-12-06 16:24:39,613 [pool-240-thread-1] INFO  server.RaftServerConfigKeys (ConfUtils.java:logGet(46)) - raft.server.rpc.timeout.min = 5s (custom)
2022-12-06 16:24:39,613 [pool-240-thread-1] INFO  server.RaftServerConfigKeys (ConfUtils.java:logGet(46)) - raft.server.rpc.timeout.max = 5200ms (custom)
2022-12-06 16:24:39,613 [pool-240-thread-1] INFO  server.RaftServerConfigKeys (ConfUtils.java:logGet(46)) - raft.server.rpc.sleep.time = 25ms (default)
2022-12-06 16:24:39,613 [pool-240-thread-1] INFO  server.RaftServerConfigKeys (ConfUtils.java:logGet(46)) - raft.server.rpc.slowness.timeout = 300s (custom)
2022-12-06 16:24:39,614 [pool-240-thread-1] INFO  server.RaftServerConfigKeys (ConfUtils.java:logGet(46)) - raft.server.leaderelection.leader.step-down.wait-time = 10s (default)
2022-12-06 16:24:39,614 [pool-240-thread-1] INFO  server.RaftServerConfigKeys (ConfUtils.java:logGet(46)) - raft.server.sleep.deviation.threshold = 300ms (default)
2022-12-06 16:24:39,614 [pool-240-thread-1] INFO  server.RaftServer$Division (ServerState.java:<init>(118)) - 6a413ed4-87ae-4509-b51d-2f5d21600f9c@group-B9F234375034: ConfigurationManager, init=-1: peers:[307c9a4a-d135-41f7-b2cf-6e79e9d930c6|rpc:10.1.0.176:35421|priority:1|startupRole:FOLLOWER, 2fe07876-8610-433e-a055-404555d6ad88|rpc:10.1.0.176:34239|priority:0|startupRole:FOLLOWER, 6a413ed4-87ae-4509-b51d-2f5d21600f9c|rpc:10.1.0.176:45621|priority:0|startupRole:FOLLOWER]|listeners:[], old=null, confs=<EMPTY_MAP>
2022-12-06 16:24:39,614 [pool-240-thread-1] INFO  server.RaftServerConfigKeys (ConfUtils.java:logGet(46)) - raft.server.storage.dir = [/home/runner/work/ozone/ozone/hadoop-ozone/integration-test/target/test-dir/MiniOzoneClusterImpl-ff76fcda-2f7b-42b7-aafc-07b3f4cbd752/datanode-7/data/ratis] (custom)
2022-12-06 16:24:39,614 [pool-267-thread-1] INFO  server.RaftServerConfigKeys (ConfUtils.java:logGet(46)) - raft.server.log.appender.buffer.byte-limit = 33554432 (custom)
2022-12-06 16:24:39,614 [pool-240-thread-1] INFO  server.RaftServerConfigKeys (ConfUtils.java:logGet(46)) - raft.server.log.corruption.policy = EXCEPTION (default)
2022-12-06 16:24:39,614 [pool-240-thread-1] INFO  server.RaftServerConfigKeys (ConfUtils.java:logGet(46)) - raft.server.storage.free-space.min = 0MB (=0) (default)
2022-12-06 16:24:39,614 [pool-240-thread-1] INFO  server.RaftServerConfigKeys (ConfUtils.java:logGet(46)) - raft.server.notification.no-leader.timeout = 300s (custom)
2022-12-06 16:24:39,614 [pool-240-thread-1] INFO  server.RaftServerConfigKeys (ConfUtils.java:logGet(46)) - raft.server.retrycache.expirytime = 600000ms (custom)
2022-12-06 16:24:39,614 [pool-240-thread-1] INFO  server.RaftServerConfigKeys (ConfUtils.java:logGet(46)) - raft.server.retrycache.statistics.expirytime = 100μs (default)
2022-12-06 16:24:39,615 [pool-240-thread-1] INFO  server.RaftServerConfigKeys (ConfUtils.java:logGet(46)) - raft.server.log.appender.install.snapshot.enabled = false (custom)
2022-12-06 16:24:39,616 [pool-240-thread-1] INFO  server.RaftServerConfigKeys (ConfUtils.java:logGet(46)) - raft.server.threadpool.server.cached = true (default)
2022-12-06 16:24:39,616 [pool-240-thread-1] INFO  server.RaftServerConfigKeys (ConfUtils.java:logGet(46)) - raft.server.threadpool.server.size = 0 (default)
2022-12-06 16:24:39,616 [pool-240-thread-1] INFO  server.RaftServerConfigKeys (ConfUtils.java:logGet(46)) - raft.server.threadpool.client.cached = true (default)
2022-12-06 16:24:39,616 [pool-240-thread-1] INFO  server.RaftServerConfigKeys (ConfUtils.java:logGet(46)) - raft.server.threadpool.client.size = 0 (default)
2022-12-06 16:24:39,616 [pool-240-thread-1] INFO  storage.RaftStorageDirectory (RaftStorageDirectoryImpl.java:analyzeStorage(137)) - The storage directory /home/runner/work/ozone/ozone/hadoop-ozone/integration-test/target/test-dir/MiniOzoneClusterImpl-ff76fcda-2f7b-42b7-aafc-07b3f4cbd752/datanode-7/data/ratis/04cdec46-b19b-4f3d-a87f-b9f234375034 does not exist. Creating ...
2022-12-06 16:24:39,617 [pool-240-thread-1] INFO  storage.RaftStorageDirectory (RaftStorageDirectoryImpl.java:tryLock(231)) - Lock on /home/runner/work/ozone/ozone/hadoop-ozone/integration-test/target/test-dir/MiniOzoneClusterImpl-ff76fcda-2f7b-42b7-aafc-07b3f4cbd752/datanode-7/data/ratis/04cdec46-b19b-4f3d-a87f-b9f234375034/in_use.lock acquired by nodename 47636@fv-az451-158
2022-12-06 16:24:39,618 [pool-240-thread-1] INFO  storage.RaftStorage (RaftStorageImpl.java:format(96)) - Storage directory /home/runner/work/ozone/ozone/hadoop-ozone/integration-test/target/test-dir/MiniOzoneClusterImpl-ff76fcda-2f7b-42b7-aafc-07b3f4cbd752/datanode-7/data/ratis/04cdec46-b19b-4f3d-a87f-b9f234375034 has been successfully formatted.
2022-12-06 16:24:39,618 [pool-240-thread-1] INFO  ratis.ContainerStateMachine (ContainerStateMachine.java:loadSnapshot(236)) - group-B9F234375034: The snapshot info is null. Setting the last applied indexto:(t:0, i:~)
2022-12-06 16:24:39,618 [pool-240-thread-1] INFO  server.RaftServerConfigKeys (ConfUtils.java:logGet(46)) - raft.server.log.use.memory = false (default)
2022-12-06 16:24:39,619 [pool-240-thread-1] INFO  server.RaftServerConfigKeys (ConfUtils.java:logGet(46)) - raft.server.log.purge.gap = 1000000 (custom)
2022-12-06 16:24:39,619 [pool-240-thread-1] INFO  server.RaftServerConfigKeys (ConfUtils.java:logGet(46)) - raft.server.log.appender.buffer.byte-limit = 33554432 (custom)
2022-12-06 16:24:39,620 [EventQueue-OpenPipelineForHealthyPipelineSafeModeRule] INFO  safemode.SCMSafeModeManager (HealthyPipelineSafeModeRule.java:process(137)) - SCM in safe mode. Healthy pipelines reported count is 0, required healthy pipeline reported count is 1
2022-12-06 16:24:39,620 [EventQueue-CommandQueueReportForCommandQueueReportHandler] WARN  events.EventQueue (EventQueue.java:fireEvent(216)) - No event handler registered for event TypedEvent{payloadType=DatanodeDetails, name='Datanode_Command_Queue_Updated'}
2022-12-06 16:24:39,620 [pool-240-thread-1] INFO  server.RaftServerConfigKeys (ConfUtils.java:logGet(46)) - raft.server.log.statemachine.data.read.timeout = 1000ms (default)
2022-12-06 16:24:39,620 [pool-240-thread-1] INFO  server.RaftServerConfigKeys (ConfUtils.java:logGet(46)) - raft.server.log.purge.preservation.log.num = 0 (default)
2022-12-06 16:24:39,620 [pool-240-thread-1] INFO  server.RaftServerConfigKeys (ConfUtils.java:logGet(46)) - raft.server.log.segment.size.max = 1048576 (custom)
2022-12-06 16:24:39,621 [pool-240-thread-1] INFO  server.RaftServerConfigKeys (ConfUtils.java:logGet(46)) - raft.server.log.segment.cache.num.max = 2 (custom)
2022-12-06 16:24:39,621 [pool-240-thread-1] INFO  server.RaftServerConfigKeys (ConfUtils.java:logGet(46)) - raft.server.log.segment.cache.size.max = 200MB (=209715200) (default)
2022-12-06 16:24:39,621 [pool-240-thread-1] INFO  segmented.SegmentedRaftLogWorker (SegmentedRaftLogWorker.java:<init>(189)) - new 6a413ed4-87ae-4509-b51d-2f5d21600f9c@group-B9F234375034-SegmentedRaftLogWorker for RaftStorageImpl:Storage Directory /home/runner/work/ozone/ozone/hadoop-ozone/integration-test/target/test-dir/MiniOzoneClusterImpl-ff76fcda-2f7b-42b7-aafc-07b3f4cbd752/datanode-7/data/ratis/04cdec46-b19b-4f3d-a87f-b9f234375034
2022-12-06 16:24:39,621 [pool-240-thread-1] INFO  server.RaftServerConfigKeys (ConfUtils.java:logGet(46)) - raft.server.log.queue.byte-limit = 4294967296 (custom)
2022-12-06 16:24:39,621 [pool-240-thread-1] INFO  server.RaftServerConfigKeys (ConfUtils.java:logGet(46)) - raft.server.log.queue.element-limit = 1024 (custom)
2022-12-06 16:24:39,621 [pool-240-thread-1] INFO  server.RaftServerConfigKeys (ConfUtils.java:logGet(46)) - raft.server.log.segment.size.max = 1048576 (custom)
2022-12-06 16:24:39,621 [pool-240-thread-1] INFO  server.RaftServerConfigKeys (ConfUtils.java:logGet(46)) - raft.server.log.preallocated.size = 16384 (custom)
2022-12-06 16:24:39,621 [pool-240-thread-1] INFO  server.RaftServerConfigKeys (ConfUtils.java:logGet(46)) - raft.server.log.force.sync.num = 128 (default)
2022-12-06 16:24:39,621 [pool-240-thread-1] INFO  server.RaftServerConfigKeys (ConfUtils.java:logGet(46)) - raft.server.log.statemachine.data.sync = true (default)
2022-12-06 16:24:39,621 [pool-240-thread-1] INFO  server.RaftServerConfigKeys (ConfUtils.java:logGet(46)) - raft.server.log.statemachine.data.sync.timeout = 10s (default)
2022-12-06 16:24:39,621 [pool-240-thread-1] INFO  server.RaftServerConfigKeys (ConfUtils.java:logGet(46)) - raft.server.log.statemachine.data.sync.timeout.retry = -1 (default)
2022-12-06 16:24:39,622 [pool-240-thread-1] INFO  server.RaftServerConfigKeys (ConfUtils.java:logGet(46)) - raft.server.log.write.buffer.size = 1048576 (custom)
2022-12-06 16:24:39,623 [pool-240-thread-1] INFO  server.RaftServerConfigKeys (ConfUtils.java:logGet(46)) - raft.server.log.appender.buffer.byte-limit = 33554432 (custom)
2022-12-06 16:24:39,632 [pool-267-thread-1] INFO  server.RaftServerConfigKeys (ConfUtils.java:logGet(46)) - raft.server.log.unsafe-flush.enabled = false (default)
2022-12-06 16:24:39,632 [pool-267-thread-1] INFO  server.RaftServerConfigKeys (ConfUtils.java:logGet(46)) - raft.server.log.async-flush.enabled = false (default)
2022-12-06 16:24:39,632 [pool-267-thread-1] INFO  server.RaftServerConfigKeys (ConfUtils.java:logGet(46)) - raft.server.log.statemachine.data.caching.enabled = true (custom)
2022-12-06 16:24:39,633 [pool-267-thread-1] INFO  segmented.SegmentedRaftLogWorker (SegmentedRaftLogWorker.java:lambda$new$0(135)) - 2fe07876-8610-433e-a055-404555d6ad88@group-B9F234375034-SegmentedRaftLogWorker: flushIndex: setUnconditionally 0 -> -1
2022-12-06 16:24:39,634 [pool-267-thread-1] INFO  segmented.SegmentedRaftLogWorker (SegmentedRaftLogWorker.java:lambda$new$0(135)) - 2fe07876-8610-433e-a055-404555d6ad88@group-B9F234375034-SegmentedRaftLogWorker: safeCacheEvictIndex: setUnconditionally 0 -> -1
2022-12-06 16:24:39,634 [pool-240-thread-1] INFO  server.RaftServerConfigKeys (ConfUtils.java:logGet(46)) - raft.server.log.unsafe-flush.enabled = false (default)
2022-12-06 16:24:39,634 [pool-240-thread-1] INFO  server.RaftServerConfigKeys (ConfUtils.java:logGet(46)) - raft.server.log.async-flush.enabled = false (default)
2022-12-06 16:24:39,635 [pool-240-thread-1] INFO  server.RaftServerConfigKeys (ConfUtils.java:logGet(46)) - raft.server.log.statemachine.data.caching.enabled = true (custom)
2022-12-06 16:24:39,635 [pool-240-thread-1] INFO  segmented.SegmentedRaftLogWorker (SegmentedRaftLogWorker.java:lambda$new$0(135)) - 6a413ed4-87ae-4509-b51d-2f5d21600f9c@group-B9F234375034-SegmentedRaftLogWorker: flushIndex: setUnconditionally 0 -> -1
2022-12-06 16:24:39,635 [pool-240-thread-1] INFO  segmented.SegmentedRaftLogWorker (SegmentedRaftLogWorker.java:lambda$new$0(135)) - 6a413ed4-87ae-4509-b51d-2f5d21600f9c@group-B9F234375034-SegmentedRaftLogWorker: safeCacheEvictIndex: setUnconditionally 0 -> -1
2022-12-06 16:24:39,638 [pool-267-thread-1] INFO  server.RaftServer$Division (RaftServerImpl.java:start(334)) - 2fe07876-8610-433e-a055-404555d6ad88@group-B9F234375034: start as a follower, conf=-1: peers:[307c9a4a-d135-41f7-b2cf-6e79e9d930c6|rpc:10.1.0.176:35421|dataStream:|priority:1|startupRole:FOLLOWER, 2fe07876-8610-433e-a055-404555d6ad88|rpc:10.1.0.176:34239|dataStream:|priority:0|startupRole:FOLLOWER, 6a413ed4-87ae-4509-b51d-2f5d21600f9c|rpc:10.1.0.176:45621|dataStream:|priority:0|startupRole:FOLLOWER]|listeners:[], old=null
2022-12-06 16:24:39,638 [pool-267-thread-1] INFO  server.RaftServer$Division (RaftServerImpl.java:setRole(321)) - 2fe07876-8610-433e-a055-404555d6ad88@group-B9F234375034: changes role from      null to FOLLOWER at term 0 for startAsFollower
2022-12-06 16:24:39,638 [pool-267-thread-1] INFO  impl.RoleInfo (RoleInfo.java:updateAndGet(139)) - 2fe07876-8610-433e-a055-404555d6ad88: start 2fe07876-8610-433e-a055-404555d6ad88@group-B9F234375034-FollowerState
2022-12-06 16:24:39,639 [pool-267-thread-1] INFO  util.JmxRegister (JmxRegister.java:tryRegister(44)) - Successfully registered JMX Bean with object name Ratis:service=RaftServer,group=group-B9F234375034,id=2fe07876-8610-433e-a055-404555d6ad88
2022-12-06 16:24:39,639 [pool-267-thread-1] INFO  server.RaftServerConfigKeys (ConfUtils.java:logGet(46)) - raft.server.snapshot.auto.trigger.enabled = true (custom)
2022-12-06 16:24:39,639 [pool-267-thread-1] INFO  server.RaftServerConfigKeys (ConfUtils.java:logGet(46)) - raft.server.snapshot.auto.trigger.threshold = 10000 (custom)
2022-12-06 16:24:39,639 [pool-267-thread-1] INFO  server.RaftServerConfigKeys (ConfUtils.java:logGet(46)) - raft.server.snapshot.retention.file.num = 5 (custom)
2022-12-06 16:24:39,640 [pool-267-thread-1] INFO  server.RaftServerConfigKeys (ConfUtils.java:logGet(46)) - raft.server.log.purge.upto.snapshot.index = false (default)
2022-12-06 16:24:39,640 [2fe07876-8610-433e-a055-404555d6ad88@group-B9F234375034-FollowerState] INFO  server.RaftServerConfigKeys (ConfUtils.java:logFallback(53)) - raft.server.rpc.first-election.timeout.min = 5s (fallback to raft.server.rpc.timeout.min)
2022-12-06 16:24:39,640 [2fe07876-8610-433e-a055-404555d6ad88@group-B9F234375034-FollowerState] INFO  server.RaftServerConfigKeys (ConfUtils.java:logFallback(53)) - raft.server.rpc.first-election.timeout.max = 5200ms (fallback to raft.server.rpc.timeout.max)
2022-12-06 16:24:39,645 [pool-240-thread-1] INFO  server.RaftServer$Division (RaftServerImpl.java:start(334)) - 6a413ed4-87ae-4509-b51d-2f5d21600f9c@group-B9F234375034: start as a follower, conf=-1: peers:[307c9a4a-d135-41f7-b2cf-6e79e9d930c6|rpc:10.1.0.176:35421|priority:1|startupRole:FOLLOWER, 2fe07876-8610-433e-a055-404555d6ad88|rpc:10.1.0.176:34239|priority:0|startupRole:FOLLOWER, 6a413ed4-87ae-4509-b51d-2f5d21600f9c|rpc:10.1.0.176:45621|priority:0|startupRole:FOLLOWER]|listeners:[], old=null
2022-12-06 16:24:39,645 [pool-240-thread-1] INFO  server.RaftServer$Division (RaftServerImpl.java:setRole(321)) - 6a413ed4-87ae-4509-b51d-2f5d21600f9c@group-B9F234375034: changes role from      null to FOLLOWER at term 0 for startAsFollower
2022-12-06 16:24:39,645 [pool-240-thread-1] INFO  impl.RoleInfo (RoleInfo.java:updateAndGet(139)) - 6a413ed4-87ae-4509-b51d-2f5d21600f9c: start 6a413ed4-87ae-4509-b51d-2f5d21600f9c@group-B9F234375034-FollowerState
2022-12-06 16:24:39,651 [pool-240-thread-1] INFO  util.JmxRegister (JmxRegister.java:tryRegister(44)) - Successfully registered JMX Bean with object name Ratis:service=RaftServer,group=group-B9F234375034,id=6a413ed4-87ae-4509-b51d-2f5d21600f9c
2022-12-06 16:24:39,651 [pool-240-thread-1] INFO  server.RaftServerConfigKeys (ConfUtils.java:logGet(46)) - raft.server.snapshot.auto.trigger.enabled = true (custom)
2022-12-06 16:24:39,651 [pool-240-thread-1] INFO  server.RaftServerConfigKeys (ConfUtils.java:logGet(46)) - raft.server.snapshot.auto.trigger.threshold = 10000 (custom)
2022-12-06 16:24:39,651 [pool-240-thread-1] INFO  server.RaftServerConfigKeys (ConfUtils.java:logGet(46)) - raft.server.snapshot.retention.file.num = 5 (custom)
2022-12-06 16:24:39,651 [pool-240-thread-1] INFO  server.RaftServerConfigKeys (ConfUtils.java:logGet(46)) - raft.server.log.purge.upto.snapshot.index = false (default)
2022-12-06 16:24:39,654 [Command processor thread] INFO  ratis.XceiverServerRatis (XceiverServerRatis.java:addGroup(765)) - Created group PipelineID=04cdec46-b19b-4f3d-a87f-b9f234375034
2022-12-06 16:24:39,657 [6a413ed4-87ae-4509-b51d-2f5d21600f9c@group-B9F234375034-FollowerState] INFO  server.RaftServerConfigKeys (ConfUtils.java:logFallback(53)) - raft.server.rpc.first-election.timeout.min = 5s (fallback to raft.server.rpc.timeout.min)
2022-12-06 16:24:39,657 [6a413ed4-87ae-4509-b51d-2f5d21600f9c@group-B9F234375034-FollowerState] INFO  server.RaftServerConfigKeys (ConfUtils.java:logFallback(53)) - raft.server.rpc.first-election.timeout.max = 5200ms (fallback to raft.server.rpc.timeout.max)
2022-12-06 16:24:39,686 [Command processor thread] INFO  commandhandler.CreatePipelineCommandHandler (CreatePipelineCommandHandler.java:handle(113)) - Created Pipeline RATIS THREE PipelineID=04cdec46-b19b-4f3d-a87f-b9f234375034.
2022-12-06 16:24:39,714 [Command processor thread] INFO  commandhandler.CreatePipelineCommandHandler (CreatePipelineCommandHandler.java:handle(113)) - Created Pipeline RATIS THREE PipelineID=04cdec46-b19b-4f3d-a87f-b9f234375034.
2022-12-06 16:24:39,733 [Command processor thread] INFO  server.RaftServer (RaftServerProxy.java:addNew(96)) - 2fe07876-8610-433e-a055-404555d6ad88: addNew group-A427007BFDCD:[2fe07876-8610-433e-a055-404555d6ad88|rpc:10.1.0.176:34239|priority:1|startupRole:FOLLOWER] returns group-A427007BFDCD:java.util.concurrent.CompletableFuture@25c8ca50[Not completed]
2022-12-06 16:24:39,734 [pool-267-thread-1] INFO  server.RaftServer$Division (RaftServerImpl.java:<init>(195)) - 2fe07876-8610-433e-a055-404555d6ad88: new RaftServerImpl for group-A427007BFDCD:[2fe07876-8610-433e-a055-404555d6ad88|rpc:10.1.0.176:34239|priority:1|startupRole:FOLLOWER] with ContainerStateMachine:uninitialized
2022-12-06 16:24:39,734 [pool-267-thread-1] INFO  server.RaftServerConfigKeys (ConfUtils.java:logGet(46)) - raft.server.rpc.timeout.min = 5s (custom)
2022-12-06 16:24:39,734 [pool-267-thread-1] INFO  server.RaftServerConfigKeys (ConfUtils.java:logGet(46)) - raft.server.rpc.timeout.max = 5200ms (custom)
2022-12-06 16:24:39,734 [pool-267-thread-1] INFO  server.RaftServerConfigKeys (ConfUtils.java:logGet(46)) - raft.server.rpc.sleep.time = 25ms (default)
2022-12-06 16:24:39,734 [pool-267-thread-1] INFO  server.RaftServerConfigKeys (ConfUtils.java:logGet(46)) - raft.server.rpc.slowness.timeout = 300s (custom)
2022-12-06 16:24:39,734 [pool-267-thread-1] INFO  server.RaftServerConfigKeys (ConfUtils.java:logGet(46)) - raft.server.leaderelection.leader.step-down.wait-time = 10s (default)
2022-12-06 16:24:39,734 [pool-267-thread-1] INFO  server.RaftServerConfigKeys (ConfUtils.java:logGet(46)) - raft.server.sleep.deviation.threshold = 300ms (default)
2022-12-06 16:24:39,734 [pool-267-thread-1] INFO  server.RaftServer$Division (ServerState.java:<init>(118)) - 2fe07876-8610-433e-a055-404555d6ad88@group-A427007BFDCD: ConfigurationManager, init=-1: peers:[2fe07876-8610-433e-a055-404555d6ad88|rpc:10.1.0.176:34239|priority:1|startupRole:FOLLOWER]|listeners:[], old=null, confs=<EMPTY_MAP>
2022-12-06 16:24:39,734 [pool-267-thread-1] INFO  server.RaftServerConfigKeys (ConfUtils.java:logGet(46)) - raft.server.storage.dir = [/home/runner/work/ozone/ozone/hadoop-ozone/integration-test/target/test-dir/MiniOzoneClusterImpl-ff76fcda-2f7b-42b7-aafc-07b3f4cbd752/datanode-8/data/ratis] (custom)
2022-12-06 16:24:39,734 [pool-267-thread-1] INFO  server.RaftServerConfigKeys (ConfUtils.java:logGet(46)) - raft.server.log.corruption.policy = EXCEPTION (default)
2022-12-06 16:24:39,734 [pool-267-thread-1] INFO  server.RaftServerConfigKeys (ConfUtils.java:logGet(46)) - raft.server.storage.free-space.min = 0MB (=0) (default)
2022-12-06 16:24:39,735 [pool-267-thread-1] INFO  server.RaftServerConfigKeys (ConfUtils.java:logGet(46)) - raft.server.notification.no-leader.timeout = 300s (custom)
2022-12-06 16:24:39,735 [pool-267-thread-1] INFO  server.RaftServerConfigKeys (ConfUtils.java:logGet(46)) - raft.server.retrycache.expirytime = 600000ms (custom)
2022-12-06 16:24:39,735 [pool-267-thread-1] INFO  server.RaftServerConfigKeys (ConfUtils.java:logGet(46)) - raft.server.retrycache.statistics.expirytime = 100μs (default)
2022-12-06 16:24:39,736 [pool-267-thread-1] INFO  server.RaftServerConfigKeys (ConfUtils.java:logGet(46)) - raft.server.log.appender.install.snapshot.enabled = false (custom)
2022-12-06 16:24:39,736 [pool-267-thread-1] INFO  server.RaftServerConfigKeys (ConfUtils.java:logGet(46)) - raft.server.threadpool.server.cached = true (default)
2022-12-06 16:24:39,736 [pool-267-thread-1] INFO  server.RaftServerConfigKeys (ConfUtils.java:logGet(46)) - raft.server.threadpool.server.size = 0 (default)
2022-12-06 16:24:39,736 [pool-267-thread-1] INFO  server.RaftServerConfigKeys (ConfUtils.java:logGet(46)) - raft.server.threadpool.client.cached = true (default)
2022-12-06 16:24:39,736 [pool-267-thread-1] INFO  server.RaftServerConfigKeys (ConfUtils.java:logGet(46)) - raft.server.threadpool.client.size = 0 (default)
2022-12-06 16:24:39,736 [pool-267-thread-1] INFO  storage.RaftStorageDirectory (RaftStorageDirectoryImpl.java:analyzeStorage(137)) - The storage directory /home/runner/work/ozone/ozone/hadoop-ozone/integration-test/target/test-dir/MiniOzoneClusterImpl-ff76fcda-2f7b-42b7-aafc-07b3f4cbd752/datanode-8/data/ratis/4aa3a9cd-ed11-4fa5-94f6-a427007bfdcd does not exist. Creating ...
2022-12-06 16:24:39,737 [pool-267-thread-1] INFO  storage.RaftStorageDirectory (RaftStorageDirectoryImpl.java:tryLock(231)) - Lock on /home/runner/work/ozone/ozone/hadoop-ozone/integration-test/target/test-dir/MiniOzoneClusterImpl-ff76fcda-2f7b-42b7-aafc-07b3f4cbd752/datanode-8/data/ratis/4aa3a9cd-ed11-4fa5-94f6-a427007bfdcd/in_use.lock acquired by nodename 47636@fv-az451-158
2022-12-06 16:24:39,738 [pool-267-thread-1] INFO  storage.RaftStorage (RaftStorageImpl.java:format(96)) - Storage directory /home/runner/work/ozone/ozone/hadoop-ozone/integration-test/target/test-dir/MiniOzoneClusterImpl-ff76fcda-2f7b-42b7-aafc-07b3f4cbd752/datanode-8/data/ratis/4aa3a9cd-ed11-4fa5-94f6-a427007bfdcd has been successfully formatted.
2022-12-06 16:24:39,739 [pool-267-thread-1] INFO  ratis.ContainerStateMachine (ContainerStateMachine.java:loadSnapshot(236)) - group-A427007BFDCD: The snapshot info is null. Setting the last applied indexto:(t:0, i:~)
2022-12-06 16:24:39,740 [pool-267-thread-1] INFO  server.RaftServerConfigKeys (ConfUtils.java:logGet(46)) - raft.server.log.use.memory = false (default)
2022-12-06 16:24:39,740 [EventQueue-PipelineReportForPipelineReportHandler] INFO  pipeline.PipelineManagerImpl (PipelineManagerImpl.java:openPipeline(367)) - Pipeline Pipeline[ Id: 4aa3a9cd-ed11-4fa5-94f6-a427007bfdcd, Nodes: 2fe07876-8610-433e-a055-404555d6ad88{ip: 10.1.0.176, host: fv-az451-158.ehxzt5fk3o4e1ahk02omj2f41g.dx.internal.cloudapp.net, ports: [REPLICATION=38677, RATIS=34239, RATIS_ADMIN=34239, RATIS_SERVER=34239, STANDALONE=45543], networkLocation: /default-rack, certSerialId: null, persistedOpState: IN_SERVICE, persistedOpStateExpiryEpochSec: 0}, ReplicationConfig: RATIS/ONE, State:ALLOCATED, leaderId:2fe07876-8610-433e-a055-404555d6ad88, CreationTimestamp2022-12-06T16:24:36.737Z[Etc/UTC]] moved to OPEN state
2022-12-06 16:24:39,743 [EventQueue-OpenPipelineForHealthyPipelineSafeModeRule] INFO  safemode.SCMSafeModeManager (HealthyPipelineSafeModeRule.java:process(137)) - SCM in safe mode. Healthy pipelines reported count is 0, required healthy pipeline reported count is 1
2022-12-06 16:24:39,740 [EventQueue-CommandQueueReportForCommandQueueReportHandler] WARN  events.EventQueue (EventQueue.java:fireEvent(216)) - No event handler registered for event TypedEvent{payloadType=DatanodeDetails, name='Datanode_Command_Queue_Updated'}
2022-12-06 16:24:39,744 [pool-267-thread-1] INFO  server.RaftServerConfigKeys (ConfUtils.java:logGet(46)) - raft.server.log.purge.gap = 1000000 (custom)
2022-12-06 16:24:39,744 [pool-267-thread-1] INFO  server.RaftServerConfigKeys (ConfUtils.java:logGet(46)) - raft.server.log.appender.buffer.byte-limit = 33554432 (custom)
2022-12-06 16:24:39,744 [pool-267-thread-1] INFO  server.RaftServerConfigKeys (ConfUtils.java:logGet(46)) - raft.server.log.statemachine.data.read.timeout = 1000ms (default)
2022-12-06 16:24:39,744 [pool-267-thread-1] INFO  server.RaftServerConfigKeys (ConfUtils.java:logGet(46)) - raft.server.log.purge.preservation.log.num = 0 (default)
2022-12-06 16:24:39,744 [pool-267-thread-1] INFO  server.RaftServerConfigKeys (ConfUtils.java:logGet(46)) - raft.server.log.segment.size.max = 1048576 (custom)
2022-12-06 16:24:39,744 [pool-267-thread-1] INFO  server.RaftServerConfigKeys (ConfUtils.java:logGet(46)) - raft.server.log.segment.cache.num.max = 2 (custom)
2022-12-06 16:24:39,744 [pool-267-thread-1] INFO  server.RaftServerConfigKeys (ConfUtils.java:logGet(46)) - raft.server.log.segment.cache.size.max = 200MB (=209715200) (default)
2022-12-06 16:24:39,744 [pool-267-thread-1] INFO  segmented.SegmentedRaftLogWorker (SegmentedRaftLogWorker.java:<init>(189)) - new 2fe07876-8610-433e-a055-404555d6ad88@group-A427007BFDCD-SegmentedRaftLogWorker for RaftStorageImpl:Storage Directory /home/runner/work/ozone/ozone/hadoop-ozone/integration-test/target/test-dir/MiniOzoneClusterImpl-ff76fcda-2f7b-42b7-aafc-07b3f4cbd752/datanode-8/data/ratis/4aa3a9cd-ed11-4fa5-94f6-a427007bfdcd
2022-12-06 16:24:39,744 [pool-267-thread-1] INFO  server.RaftServerConfigKeys (ConfUtils.java:logGet(46)) - raft.server.log.queue.byte-limit = 4294967296 (custom)
2022-12-06 16:24:39,745 [pool-267-thread-1] INFO  server.RaftServerConfigKeys (ConfUtils.java:logGet(46)) - raft.server.log.queue.element-limit = 1024 (custom)
2022-12-06 16:24:39,745 [pool-267-thread-1] INFO  server.RaftServerConfigKeys (ConfUtils.java:logGet(46)) - raft.server.log.segment.size.max = 1048576 (custom)
2022-12-06 16:24:39,745 [pool-267-thread-1] INFO  server.RaftServerConfigKeys (ConfUtils.java:logGet(46)) - raft.server.log.preallocated.size = 16384 (custom)
2022-12-06 16:24:39,745 [pool-267-thread-1] INFO  server.RaftServerConfigKeys (ConfUtils.java:logGet(46)) - raft.server.log.force.sync.num = 128 (default)
2022-12-06 16:24:39,745 [pool-267-thread-1] INFO  server.RaftServerConfigKeys (ConfUtils.java:logGet(46)) - raft.server.log.statemachine.data.sync = true (default)
2022-12-06 16:24:39,745 [pool-267-thread-1] INFO  server.RaftServerConfigKeys (ConfUtils.java:logGet(46)) - raft.server.log.statemachine.data.sync.timeout = 10s (default)
2022-12-06 16:24:39,745 [pool-267-thread-1] INFO  server.RaftServerConfigKeys (ConfUtils.java:logGet(46)) - raft.server.log.statemachine.data.sync.timeout.retry = -1 (default)
2022-12-06 16:24:39,745 [pool-267-thread-1] INFO  server.RaftServerConfigKeys (ConfUtils.java:logGet(46)) - raft.server.log.write.buffer.size = 1048576 (custom)
2022-12-06 16:24:39,746 [pool-267-thread-1] INFO  server.RaftServerConfigKeys (ConfUtils.java:logGet(46)) - raft.server.log.appender.buffer.byte-limit = 33554432 (custom)
2022-12-06 16:24:39,752 [EventQueue-CommandQueueReportForCommandQueueReportHandler] WARN  events.EventQueue (EventQueue.java:fireEvent(216)) - No event handler registered for event TypedEvent{payloadType=DatanodeDetails, name='Datanode_Command_Queue_Updated'}
2022-12-06 16:24:39,754 [pool-267-thread-1] INFO  server.RaftServerConfigKeys (ConfUtils.java:logGet(46)) - raft.server.log.unsafe-flush.enabled = false (default)
2022-12-06 16:24:39,754 [pool-267-thread-1] INFO  server.RaftServerConfigKeys (ConfUtils.java:logGet(46)) - raft.server.log.async-flush.enabled = false (default)
2022-12-06 16:24:39,754 [pool-267-thread-1] INFO  server.RaftServerConfigKeys (ConfUtils.java:logGet(46)) - raft.server.log.statemachine.data.caching.enabled = true (custom)
2022-12-06 16:24:39,754 [pool-267-thread-1] INFO  segmented.SegmentedRaftLogWorker (SegmentedRaftLogWorker.java:lambda$new$0(135)) - 2fe07876-8610-433e-a055-404555d6ad88@group-A427007BFDCD-SegmentedRaftLogWorker: flushIndex: setUnconditionally 0 -> -1
2022-12-06 16:24:39,754 [pool-267-thread-1] INFO  segmented.SegmentedRaftLogWorker (SegmentedRaftLogWorker.java:lambda$new$0(135)) - 2fe07876-8610-433e-a055-404555d6ad88@group-A427007BFDCD-SegmentedRaftLogWorker: safeCacheEvictIndex: setUnconditionally 0 -> -1
2022-12-06 16:24:39,754 [pool-267-thread-1] INFO  server.RaftServer$Division (RaftServerImpl.java:start(334)) - 2fe07876-8610-433e-a055-404555d6ad88@group-A427007BFDCD: start as a follower, conf=-1: peers:[2fe07876-8610-433e-a055-404555d6ad88|rpc:10.1.0.176:34239|priority:1|startupRole:FOLLOWER]|listeners:[], old=null
2022-12-06 16:24:39,754 [pool-267-thread-1] INFO  server.RaftServer$Division (RaftServerImpl.java:setRole(321)) - 2fe07876-8610-433e-a055-404555d6ad88@group-A427007BFDCD: changes role from      null to FOLLOWER at term 0 for startAsFollower
2022-12-06 16:24:39,754 [pool-267-thread-1] INFO  impl.RoleInfo (RoleInfo.java:updateAndGet(139)) - 2fe07876-8610-433e-a055-404555d6ad88: start 2fe07876-8610-433e-a055-404555d6ad88@group-A427007BFDCD-FollowerState
2022-12-06 16:24:39,755 [pool-267-thread-1] INFO  util.JmxRegister (JmxRegister.java:tryRegister(44)) - Successfully registered JMX Bean with object name Ratis:service=RaftServer,group=group-A427007BFDCD,id=2fe07876-8610-433e-a055-404555d6ad88
2022-12-06 16:24:39,755 [2fe07876-8610-433e-a055-404555d6ad88@group-A427007BFDCD-FollowerState] INFO  server.RaftServerConfigKeys (ConfUtils.java:logFallback(53)) - raft.server.rpc.first-election.timeout.min = 5s (fallback to raft.server.rpc.timeout.min)
2022-12-06 16:24:39,755 [pool-267-thread-1] INFO  server.RaftServerConfigKeys (ConfUtils.java:logGet(46)) - raft.server.snapshot.auto.trigger.enabled = true (custom)
2022-12-06 16:24:39,755 [2fe07876-8610-433e-a055-404555d6ad88@group-A427007BFDCD-FollowerState] INFO  server.RaftServerConfigKeys (ConfUtils.java:logFallback(53)) - raft.server.rpc.first-election.timeout.max = 5200ms (fallback to raft.server.rpc.timeout.max)
2022-12-06 16:24:39,755 [pool-267-thread-1] INFO  server.RaftServerConfigKeys (ConfUtils.java:logGet(46)) - raft.server.snapshot.auto.trigger.threshold = 10000 (custom)
2022-12-06 16:24:39,755 [pool-267-thread-1] INFO  server.RaftServerConfigKeys (ConfUtils.java:logGet(46)) - raft.server.snapshot.retention.file.num = 5 (custom)
2022-12-06 16:24:39,755 [pool-267-thread-1] INFO  server.RaftServerConfigKeys (ConfUtils.java:logGet(46)) - raft.server.log.purge.upto.snapshot.index = false (default)
2022-12-06 16:24:39,756 [Command processor thread] INFO  ratis.XceiverServerRatis (XceiverServerRatis.java:addGroup(765)) - Created group PipelineID=4aa3a9cd-ed11-4fa5-94f6-a427007bfdcd
2022-12-06 16:24:39,756 [Command processor thread] INFO  commandhandler.CreatePipelineCommandHandler (CreatePipelineCommandHandler.java:handle(113)) - Created Pipeline RATIS ONE PipelineID=4aa3a9cd-ed11-4fa5-94f6-a427007bfdcd.
2022-12-06 16:24:39,760 [EventQueue-CommandQueueReportForCommandQueueReportHandler] WARN  events.EventQueue (EventQueue.java:fireEvent(216)) - No event handler registered for event TypedEvent{payloadType=DatanodeDetails, name='Datanode_Command_Queue_Updated'}
2022-12-06 16:24:39,787 [EventQueue-CommandQueueReportForCommandQueueReportHandler] WARN  events.EventQueue (EventQueue.java:fireEvent(216)) - No event handler registered for event TypedEvent{payloadType=DatanodeDetails, name='Datanode_Command_Queue_Updated'}
2022-12-06 16:24:40,336 [Command processor thread] INFO  server.RaftServer (RaftServerProxy.java:addNew(96)) - b0ab2fb2-fc83-4273-be02-cd8927d57599: addNew group-0613BEA02C6D:[b0ab2fb2-fc83-4273-be02-cd8927d57599|rpc:10.1.0.176:43425|priority:1|startupRole:FOLLOWER] returns group-0613BEA02C6D:java.util.concurrent.CompletableFuture@3e1b298b[Not completed]
2022-12-06 16:24:40,341 [EventQueue-CommandQueueReportForCommandQueueReportHandler] WARN  events.EventQueue (EventQueue.java:fireEvent(216)) - No event handler registered for event TypedEvent{payloadType=DatanodeDetails, name='Datanode_Command_Queue_Updated'}
2022-12-06 16:24:40,343 [pool-294-thread-1] INFO  server.RaftServer$Division (RaftServerImpl.java:<init>(195)) - b0ab2fb2-fc83-4273-be02-cd8927d57599: new RaftServerImpl for group-0613BEA02C6D:[b0ab2fb2-fc83-4273-be02-cd8927d57599|rpc:10.1.0.176:43425|priority:1|startupRole:FOLLOWER] with ContainerStateMachine:uninitialized
2022-12-06 16:24:40,343 [pool-294-thread-1] INFO  server.RaftServerConfigKeys (ConfUtils.java:logGet(46)) - raft.server.rpc.timeout.min = 5s (custom)
2022-12-06 16:24:40,343 [pool-294-thread-1] INFO  server.RaftServerConfigKeys (ConfUtils.java:logGet(46)) - raft.server.rpc.timeout.max = 5200ms (custom)
2022-12-06 16:24:40,343 [pool-294-thread-1] INFO  server.RaftServerConfigKeys (ConfUtils.java:logGet(46)) - raft.server.rpc.sleep.time = 25ms (default)
2022-12-06 16:24:40,343 [pool-294-thread-1] INFO  server.RaftServerConfigKeys (ConfUtils.java:logGet(46)) - raft.server.rpc.slowness.timeout = 300s (custom)
2022-12-06 16:24:40,343 [pool-294-thread-1] INFO  server.RaftServerConfigKeys (ConfUtils.java:logGet(46)) - raft.server.leaderelection.leader.step-down.wait-time = 10s (default)
2022-12-06 16:24:40,343 [pool-294-thread-1] INFO  server.RaftServerConfigKeys (ConfUtils.java:logGet(46)) - raft.server.sleep.deviation.threshold = 300ms (default)
2022-12-06 16:24:40,343 [pool-294-thread-1] INFO  server.RaftServer$Division (ServerState.java:<init>(118)) - b0ab2fb2-fc83-4273-be02-cd8927d57599@group-0613BEA02C6D: ConfigurationManager, init=-1: peers:[b0ab2fb2-fc83-4273-be02-cd8927d57599|rpc:10.1.0.176:43425|priority:1|startupRole:FOLLOWER]|listeners:[], old=null, confs=<EMPTY_MAP>
2022-12-06 16:24:40,343 [pool-294-thread-1] INFO  server.RaftServerConfigKeys (ConfUtils.java:logGet(46)) - raft.server.storage.dir = [/home/runner/work/ozone/ozone/hadoop-ozone/integration-test/target/test-dir/MiniOzoneClusterImpl-ff76fcda-2f7b-42b7-aafc-07b3f4cbd752/datanode-9/data/ratis] (custom)
2022-12-06 16:24:40,343 [pool-294-thread-1] INFO  server.RaftServerConfigKeys (ConfUtils.java:logGet(46)) - raft.server.log.corruption.policy = EXCEPTION (default)
2022-12-06 16:24:40,344 [pool-294-thread-1] INFO  server.RaftServerConfigKeys (ConfUtils.java:logGet(46)) - raft.server.storage.free-space.min = 0MB (=0) (default)
2022-12-06 16:24:40,344 [pool-294-thread-1] INFO  server.RaftServerConfigKeys (ConfUtils.java:logGet(46)) - raft.server.notification.no-leader.timeout = 300s (custom)
2022-12-06 16:24:40,344 [pool-294-thread-1] INFO  server.RaftServerConfigKeys (ConfUtils.java:logGet(46)) - raft.server.retrycache.expirytime = 600000ms (custom)
2022-12-06 16:24:40,344 [pool-294-thread-1] INFO  server.RaftServerConfigKeys (ConfUtils.java:logGet(46)) - raft.server.retrycache.statistics.expirytime = 100μs (default)
2022-12-06 16:24:40,346 [EventQueue-CommandQueueReportForCommandQueueReportHandler] WARN  events.EventQueue (EventQueue.java:fireEvent(216)) - No event handler registered for event TypedEvent{payloadType=DatanodeDetails, name='Datanode_Command_Queue_Updated'}
2022-12-06 16:24:40,347 [EventQueue-CommandQueueReportForCommandQueueReportHandler] WARN  events.EventQueue (EventQueue.java:fireEvent(216)) - No event handler registered for event TypedEvent{payloadType=DatanodeDetails, name='Datanode_Command_Queue_Updated'}
2022-12-06 16:24:40,349 [Listener at 127.0.0.1/39139] INFO  ozone.MiniOzoneClusterImpl (MiniOzoneClusterImpl.java:lambda$waitForClusterToBeReady$0(216)) - Nodes are ready. Got 10 of 10 DN Heartbeats.
2022-12-06 16:24:40,349 [Listener at 127.0.0.1/39139] INFO  ozone.MiniOzoneClusterImpl (MiniOzoneClusterImpl.java:lambda$waitForClusterToBeReady$0(219)) - Waiting for cluster to exit safe mode
2022-12-06 16:24:40,349 [Listener at 127.0.0.1/39139] INFO  ozone.MiniOzoneClusterImpl (MiniOzoneClusterImpl.java:lambda$waitForClusterToBeReady$0(221)) - SCM became leader
2022-12-06 16:24:40,354 [pool-294-thread-1] INFO  server.RaftServerConfigKeys (ConfUtils.java:logGet(46)) - raft.server.log.appender.install.snapshot.enabled = false (custom)
2022-12-06 16:24:40,354 [pool-294-thread-1] INFO  server.RaftServerConfigKeys (ConfUtils.java:logGet(46)) - raft.server.threadpool.server.cached = true (default)
2022-12-06 16:24:40,354 [pool-294-thread-1] INFO  server.RaftServerConfigKeys (ConfUtils.java:logGet(46)) - raft.server.threadpool.server.size = 0 (default)
2022-12-06 16:24:40,354 [pool-294-thread-1] INFO  server.RaftServerConfigKeys (ConfUtils.java:logGet(46)) - raft.server.threadpool.client.cached = true (default)
2022-12-06 16:24:40,354 [pool-294-thread-1] INFO  server.RaftServerConfigKeys (ConfUtils.java:logGet(46)) - raft.server.threadpool.client.size = 0 (default)
2022-12-06 16:24:40,354 [pool-294-thread-1] INFO  storage.RaftStorageDirectory (RaftStorageDirectoryImpl.java:analyzeStorage(137)) - The storage directory /home/runner/work/ozone/ozone/hadoop-ozone/integration-test/target/test-dir/MiniOzoneClusterImpl-ff76fcda-2f7b-42b7-aafc-07b3f4cbd752/datanode-9/data/ratis/b9d8e52e-db8f-45df-8401-0613bea02c6d does not exist. Creating ...
2022-12-06 16:24:40,357 [pool-294-thread-1] INFO  storage.RaftStorageDirectory (RaftStorageDirectoryImpl.java:tryLock(231)) - Lock on /home/runner/work/ozone/ozone/hadoop-ozone/integration-test/target/test-dir/MiniOzoneClusterImpl-ff76fcda-2f7b-42b7-aafc-07b3f4cbd752/datanode-9/data/ratis/b9d8e52e-db8f-45df-8401-0613bea02c6d/in_use.lock acquired by nodename 47636@fv-az451-158
2022-12-06 16:24:40,359 [pool-294-thread-1] INFO  storage.RaftStorage (RaftStorageImpl.java:format(96)) - Storage directory /home/runner/work/ozone/ozone/hadoop-ozone/integration-test/target/test-dir/MiniOzoneClusterImpl-ff76fcda-2f7b-42b7-aafc-07b3f4cbd752/datanode-9/data/ratis/b9d8e52e-db8f-45df-8401-0613bea02c6d has been successfully formatted.
2022-12-06 16:24:40,360 [EventQueue-PipelineReportForPipelineReportHandler] INFO  pipeline.PipelineManagerImpl (PipelineManagerImpl.java:openPipeline(367)) - Pipeline Pipeline[ Id: b9d8e52e-db8f-45df-8401-0613bea02c6d, Nodes: b0ab2fb2-fc83-4273-be02-cd8927d57599{ip: 10.1.0.176, host: fv-az451-158.ehxzt5fk3o4e1ahk02omj2f41g.dx.internal.cloudapp.net, ports: [REPLICATION=43303, RATIS=43425, RATIS_ADMIN=43425, RATIS_SERVER=43425, STANDALONE=43243], networkLocation: /default-rack, certSerialId: null, persistedOpState: IN_SERVICE, persistedOpStateExpiryEpochSec: 0}, ReplicationConfig: RATIS/ONE, State:ALLOCATED, leaderId:b0ab2fb2-fc83-4273-be02-cd8927d57599, CreationTimestamp2022-12-06T16:24:37.354Z[Etc/UTC]] moved to OPEN state
2022-12-06 16:24:40,361 [EventQueue-CommandQueueReportForCommandQueueReportHandler] WARN  events.EventQueue (EventQueue.java:fireEvent(216)) - No event handler registered for event TypedEvent{payloadType=DatanodeDetails, name='Datanode_Command_Queue_Updated'}
2022-12-06 16:24:40,361 [EventQueue-OpenPipelineForHealthyPipelineSafeModeRule] INFO  safemode.SCMSafeModeManager (HealthyPipelineSafeModeRule.java:process(137)) - SCM in safe mode. Healthy pipelines reported count is 0, required healthy pipeline reported count is 1
2022-12-06 16:24:40,361 [pool-294-thread-1] INFO  ratis.ContainerStateMachine (ContainerStateMachine.java:loadSnapshot(236)) - group-0613BEA02C6D: The snapshot info is null. Setting the last applied indexto:(t:0, i:~)
2022-12-06 16:24:40,361 [pool-294-thread-1] INFO  server.RaftServerConfigKeys (ConfUtils.java:logGet(46)) - raft.server.log.use.memory = false (default)
2022-12-06 16:24:40,361 [pool-294-thread-1] INFO  server.RaftServerConfigKeys (ConfUtils.java:logGet(46)) - raft.server.log.purge.gap = 1000000 (custom)
2022-12-06 16:24:40,362 [pool-294-thread-1] INFO  server.RaftServerConfigKeys (ConfUtils.java:logGet(46)) - raft.server.log.appender.buffer.byte-limit = 33554432 (custom)
2022-12-06 16:24:40,362 [pool-294-thread-1] INFO  server.RaftServerConfigKeys (ConfUtils.java:logGet(46)) - raft.server.log.statemachine.data.read.timeout = 1000ms (default)
2022-12-06 16:24:40,362 [pool-294-thread-1] INFO  server.RaftServerConfigKeys (ConfUtils.java:logGet(46)) - raft.server.log.purge.preservation.log.num = 0 (default)
2022-12-06 16:24:40,362 [pool-294-thread-1] INFO  server.RaftServerConfigKeys (ConfUtils.java:logGet(46)) - raft.server.log.segment.size.max = 1048576 (custom)
2022-12-06 16:24:40,363 [pool-294-thread-1] INFO  server.RaftServerConfigKeys (ConfUtils.java:logGet(46)) - raft.server.log.segment.cache.num.max = 2 (custom)
2022-12-06 16:24:40,363 [pool-294-thread-1] INFO  server.RaftServerConfigKeys (ConfUtils.java:logGet(46)) - raft.server.log.segment.cache.size.max = 200MB (=209715200) (default)
2022-12-06 16:24:40,363 [pool-294-thread-1] INFO  segmented.SegmentedRaftLogWorker (SegmentedRaftLogWorker.java:<init>(189)) - new b0ab2fb2-fc83-4273-be02-cd8927d57599@group-0613BEA02C6D-SegmentedRaftLogWorker for RaftStorageImpl:Storage Directory /home/runner/work/ozone/ozone/hadoop-ozone/integration-test/target/test-dir/MiniOzoneClusterImpl-ff76fcda-2f7b-42b7-aafc-07b3f4cbd752/datanode-9/data/ratis/b9d8e52e-db8f-45df-8401-0613bea02c6d
2022-12-06 16:24:40,363 [pool-294-thread-1] INFO  server.RaftServerConfigKeys (ConfUtils.java:logGet(46)) - raft.server.log.queue.byte-limit = 4294967296 (custom)
2022-12-06 16:24:40,363 [pool-294-thread-1] INFO  server.RaftServerConfigKeys (ConfUtils.java:logGet(46)) - raft.server.log.queue.element-limit = 1024 (custom)
2022-12-06 16:24:40,363 [pool-294-thread-1] INFO  server.RaftServerConfigKeys (ConfUtils.java:logGet(46)) - raft.server.log.segment.size.max = 1048576 (custom)
2022-12-06 16:24:40,363 [pool-294-thread-1] INFO  server.RaftServerConfigKeys (ConfUtils.java:logGet(46)) - raft.server.log.preallocated.size = 16384 (custom)
2022-12-06 16:24:40,363 [pool-294-thread-1] INFO  server.RaftServerConfigKeys (ConfUtils.java:logGet(46)) - raft.server.log.force.sync.num = 128 (default)
2022-12-06 16:24:40,363 [pool-294-thread-1] INFO  server.RaftServerConfigKeys (ConfUtils.java:logGet(46)) - raft.server.log.statemachine.data.sync = true (default)
2022-12-06 16:24:40,363 [pool-294-thread-1] INFO  server.RaftServerConfigKeys (ConfUtils.java:logGet(46)) - raft.server.log.statemachine.data.sync.timeout = 10s (default)
2022-12-06 16:24:40,363 [pool-294-thread-1] INFO  server.RaftServerConfigKeys (ConfUtils.java:logGet(46)) - raft.server.log.statemachine.data.sync.timeout.retry = -1 (default)
2022-12-06 16:24:40,364 [pool-294-thread-1] INFO  server.RaftServerConfigKeys (ConfUtils.java:logGet(46)) - raft.server.log.write.buffer.size = 1048576 (custom)
2022-12-06 16:24:40,365 [pool-294-thread-1] INFO  server.RaftServerConfigKeys (ConfUtils.java:logGet(46)) - raft.server.log.appender.buffer.byte-limit = 33554432 (custom)
2022-12-06 16:24:40,371 [pool-294-thread-1] INFO  server.RaftServerConfigKeys (ConfUtils.java:logGet(46)) - raft.server.log.unsafe-flush.enabled = false (default)
2022-12-06 16:24:40,371 [pool-294-thread-1] INFO  server.RaftServerConfigKeys (ConfUtils.java:logGet(46)) - raft.server.log.async-flush.enabled = false (default)
2022-12-06 16:24:40,371 [pool-294-thread-1] INFO  server.RaftServerConfigKeys (ConfUtils.java:logGet(46)) - raft.server.log.statemachine.data.caching.enabled = true (custom)
2022-12-06 16:24:40,371 [pool-294-thread-1] INFO  segmented.SegmentedRaftLogWorker (SegmentedRaftLogWorker.java:lambda$new$0(135)) - b0ab2fb2-fc83-4273-be02-cd8927d57599@group-0613BEA02C6D-SegmentedRaftLogWorker: flushIndex: setUnconditionally 0 -> -1
2022-12-06 16:24:40,372 [pool-294-thread-1] INFO  segmented.SegmentedRaftLogWorker (SegmentedRaftLogWorker.java:lambda$new$0(135)) - b0ab2fb2-fc83-4273-be02-cd8927d57599@group-0613BEA02C6D-SegmentedRaftLogWorker: safeCacheEvictIndex: setUnconditionally 0 -> -1
2022-12-06 16:24:40,374 [pool-294-thread-1] INFO  server.RaftServer$Division (RaftServerImpl.java:start(334)) - b0ab2fb2-fc83-4273-be02-cd8927d57599@group-0613BEA02C6D: start as a follower, conf=-1: peers:[b0ab2fb2-fc83-4273-be02-cd8927d57599|rpc:10.1.0.176:43425|priority:1|startupRole:FOLLOWER]|listeners:[], old=null
2022-12-06 16:24:40,374 [pool-294-thread-1] INFO  server.RaftServer$Division (RaftServerImpl.java:setRole(321)) - b0ab2fb2-fc83-4273-be02-cd8927d57599@group-0613BEA02C6D: changes role from      null to FOLLOWER at term 0 for startAsFollower
2022-12-06 16:24:40,374 [pool-294-thread-1] INFO  impl.RoleInfo (RoleInfo.java:updateAndGet(139)) - b0ab2fb2-fc83-4273-be02-cd8927d57599: start b0ab2fb2-fc83-4273-be02-cd8927d57599@group-0613BEA02C6D-FollowerState
2022-12-06 16:24:40,374 [pool-294-thread-1] INFO  util.JmxRegister (JmxRegister.java:tryRegister(44)) - Successfully registered JMX Bean with object name Ratis:service=RaftServer,group=group-0613BEA02C6D,id=b0ab2fb2-fc83-4273-be02-cd8927d57599
2022-12-06 16:24:40,374 [pool-294-thread-1] INFO  server.RaftServerConfigKeys (ConfUtils.java:logGet(46)) - raft.server.snapshot.auto.trigger.enabled = true (custom)
2022-12-06 16:24:40,374 [pool-294-thread-1] INFO  server.RaftServerConfigKeys (ConfUtils.java:logGet(46)) - raft.server.snapshot.auto.trigger.threshold = 10000 (custom)
2022-12-06 16:24:40,375 [pool-294-thread-1] INFO  server.RaftServerConfigKeys (ConfUtils.java:logGet(46)) - raft.server.snapshot.retention.file.num = 5 (custom)
2022-12-06 16:24:40,375 [pool-294-thread-1] INFO  server.RaftServerConfigKeys (ConfUtils.java:logGet(46)) - raft.server.log.purge.upto.snapshot.index = false (default)
2022-12-06 16:24:40,375 [b0ab2fb2-fc83-4273-be02-cd8927d57599@group-0613BEA02C6D-FollowerState] INFO  server.RaftServerConfigKeys (ConfUtils.java:logFallback(53)) - raft.server.rpc.first-election.timeout.min = 5s (fallback to raft.server.rpc.timeout.min)
2022-12-06 16:24:40,375 [b0ab2fb2-fc83-4273-be02-cd8927d57599@group-0613BEA02C6D-FollowerState] INFO  server.RaftServerConfigKeys (ConfUtils.java:logFallback(53)) - raft.server.rpc.first-election.timeout.max = 5200ms (fallback to raft.server.rpc.timeout.max)
2022-12-06 16:24:40,376 [Command processor thread] INFO  ratis.XceiverServerRatis (XceiverServerRatis.java:addGroup(765)) - Created group PipelineID=b9d8e52e-db8f-45df-8401-0613bea02c6d
2022-12-06 16:24:40,376 [Command processor thread] INFO  commandhandler.CreatePipelineCommandHandler (CreatePipelineCommandHandler.java:handle(113)) - Created Pipeline RATIS ONE PipelineID=b9d8e52e-db8f-45df-8401-0613bea02c6d.
2022-12-06 16:24:40,532 [EventQueue-CommandQueueReportForCommandQueueReportHandler] WARN  events.EventQueue (EventQueue.java:fireEvent(216)) - No event handler registered for event TypedEvent{payloadType=DatanodeDetails, name='Datanode_Command_Queue_Updated'}
2022-12-06 16:24:40,554 [EventQueue-CommandQueueReportForCommandQueueReportHandler] WARN  events.EventQueue (EventQueue.java:fireEvent(216)) - No event handler registered for event TypedEvent{payloadType=DatanodeDetails, name='Datanode_Command_Queue_Updated'}
2022-12-06 16:24:40,619 [EventQueue-CommandQueueReportForCommandQueueReportHandler] WARN  events.EventQueue (EventQueue.java:fireEvent(216)) - No event handler registered for event TypedEvent{payloadType=DatanodeDetails, name='Datanode_Command_Queue_Updated'}
2022-12-06 16:24:40,740 [EventQueue-CommandQueueReportForCommandQueueReportHandler] WARN  events.EventQueue (EventQueue.java:fireEvent(216)) - No event handler registered for event TypedEvent{payloadType=DatanodeDetails, name='Datanode_Command_Queue_Updated'}
2022-12-06 16:24:40,752 [EventQueue-CommandQueueReportForCommandQueueReportHandler] WARN  events.EventQueue (EventQueue.java:fireEvent(216)) - No event handler registered for event TypedEvent{payloadType=DatanodeDetails, name='Datanode_Command_Queue_Updated'}
2022-12-06 16:24:40,759 [EventQueue-CommandQueueReportForCommandQueueReportHandler] WARN  events.EventQueue (EventQueue.java:fireEvent(216)) - No event handler registered for event TypedEvent{payloadType=DatanodeDetails, name='Datanode_Command_Queue_Updated'}
2022-12-06 16:24:40,786 [EventQueue-CommandQueueReportForCommandQueueReportHandler] WARN  events.EventQueue (EventQueue.java:fireEvent(216)) - No event handler registered for event TypedEvent{payloadType=DatanodeDetails, name='Datanode_Command_Queue_Updated'}
2022-12-06 16:24:41,349 [EventQueue-CommandQueueReportForCommandQueueReportHandler] WARN  events.EventQueue (EventQueue.java:fireEvent(216)) - No event handler registered for event TypedEvent{payloadType=DatanodeDetails, name='Datanode_Command_Queue_Updated'}
2022-12-06 16:24:41,350 [EventQueue-CommandQueueReportForCommandQueueReportHandler] WARN  events.EventQueue (EventQueue.java:fireEvent(216)) - No event handler registered for event TypedEvent{payloadType=DatanodeDetails, name='Datanode_Command_Queue_Updated'}
2022-12-06 16:24:41,350 [Listener at 127.0.0.1/39139] INFO  ozone.MiniOzoneClusterImpl (MiniOzoneClusterImpl.java:lambda$waitForClusterToBeReady$0(216)) - Nodes are ready. Got 10 of 10 DN Heartbeats.
2022-12-06 16:24:41,350 [Listener at 127.0.0.1/39139] INFO  ozone.MiniOzoneClusterImpl (MiniOzoneClusterImpl.java:lambda$waitForClusterToBeReady$0(219)) - Waiting for cluster to exit safe mode
2022-12-06 16:24:41,350 [Listener at 127.0.0.1/39139] INFO  ozone.MiniOzoneClusterImpl (MiniOzoneClusterImpl.java:lambda$waitForClusterToBeReady$0(221)) - SCM became leader
2022-12-06 16:24:41,360 [EventQueue-CommandQueueReportForCommandQueueReportHandler] WARN  events.EventQueue (EventQueue.java:fireEvent(216)) - No event handler registered for event TypedEvent{payloadType=DatanodeDetails, name='Datanode_Command_Queue_Updated'}
2022-12-06 16:24:41,535 [EventQueue-CommandQueueReportForCommandQueueReportHandler] WARN  events.EventQueue (EventQueue.java:fireEvent(216)) - No event handler registered for event TypedEvent{payloadType=DatanodeDetails, name='Datanode_Command_Queue_Updated'}
2022-12-06 16:24:41,542 [18a879af-de93-4167-9a98-f5b552aa8b4b@group-2D59408575FD-FollowerState] INFO  impl.FollowerState (FollowerState.java:run(143)) - 18a879af-de93-4167-9a98-f5b552aa8b4b@group-2D59408575FD-FollowerState: change to CANDIDATE, lastRpcElapsedTime:5090481020ns, electionTimeout:5080ms
2022-12-06 16:24:41,542 [18a879af-de93-4167-9a98-f5b552aa8b4b@group-2D59408575FD-FollowerState] INFO  impl.RoleInfo (RoleInfo.java:shutdownFollowerState(110)) - 18a879af-de93-4167-9a98-f5b552aa8b4b: shutdown 18a879af-de93-4167-9a98-f5b552aa8b4b@group-2D59408575FD-FollowerState
2022-12-06 16:24:41,542 [18a879af-de93-4167-9a98-f5b552aa8b4b@group-2D59408575FD-FollowerState] INFO  server.RaftServer$Division (RaftServerImpl.java:setRole(321)) - 18a879af-de93-4167-9a98-f5b552aa8b4b@group-2D59408575FD: changes role from  FOLLOWER to CANDIDATE at term 0 for changeToCandidate
2022-12-06 16:24:41,544 [18a879af-de93-4167-9a98-f5b552aa8b4b@group-2D59408575FD-FollowerState] INFO  server.RaftServerConfigKeys (ConfUtils.java:logGet(46)) - raft.server.leaderelection.pre-vote = false (custom)
2022-12-06 16:24:41,544 [18a879af-de93-4167-9a98-f5b552aa8b4b@group-2D59408575FD-FollowerState] INFO  impl.RoleInfo (RoleInfo.java:updateAndGet(139)) - 18a879af-de93-4167-9a98-f5b552aa8b4b: start 18a879af-de93-4167-9a98-f5b552aa8b4b@group-2D59408575FD-LeaderElection2
2022-12-06 16:24:41,548 [18a879af-de93-4167-9a98-f5b552aa8b4b@group-2D59408575FD-LeaderElection2] INFO  impl.LeaderElection (LeaderElection.java:askForVotes(312)) - 18a879af-de93-4167-9a98-f5b552aa8b4b@group-2D59408575FD-LeaderElection2 ELECTION round 0: submit vote requests at term 1 for -1: peers:[18a879af-de93-4167-9a98-f5b552aa8b4b|rpc:10.1.0.176:33349|priority:1|startupRole:FOLLOWER]|listeners:[], old=null
2022-12-06 16:24:41,548 [18a879af-de93-4167-9a98-f5b552aa8b4b@group-2D59408575FD-LeaderElection2] INFO  impl.LeaderElection (LeaderElection.java:askForVotes(314)) - 18a879af-de93-4167-9a98-f5b552aa8b4b@group-2D59408575FD-LeaderElection2 ELECTION round 0: result PASSED (term=1)
2022-12-06 16:24:41,548 [18a879af-de93-4167-9a98-f5b552aa8b4b@group-2D59408575FD-LeaderElection2] INFO  impl.RoleInfo (RoleInfo.java:shutdownLeaderElection(130)) - 18a879af-de93-4167-9a98-f5b552aa8b4b: shutdown 18a879af-de93-4167-9a98-f5b552aa8b4b@group-2D59408575FD-LeaderElection2
2022-12-06 16:24:41,548 [18a879af-de93-4167-9a98-f5b552aa8b4b@group-2D59408575FD-LeaderElection2] INFO  server.RaftServer$Division (RaftServerImpl.java:setRole(321)) - 18a879af-de93-4167-9a98-f5b552aa8b4b@group-2D59408575FD: changes role from CANDIDATE to LEADER at term 1 for changeToLeader
2022-12-06 16:24:41,548 [18a879af-de93-4167-9a98-f5b552aa8b4b@group-2D59408575FD-LeaderElection2] INFO  ratis.XceiverServerRatis (XceiverServerRatis.java:handleLeaderChangedNotification(863)) - Leader change notification received for group: group-2D59408575FD with new leaderId: 18a879af-de93-4167-9a98-f5b552aa8b4b
2022-12-06 16:24:41,550 [EventQueue-CommandQueueReportForCommandQueueReportHandler] WARN  events.EventQueue (EventQueue.java:fireEvent(216)) - No event handler registered for event TypedEvent{payloadType=DatanodeDetails, name='Datanode_Command_Queue_Updated'}
2022-12-06 16:24:41,550 [EventQueue-OpenPipelineForHealthyPipelineSafeModeRule] INFO  safemode.SCMSafeModeManager (HealthyPipelineSafeModeRule.java:process(137)) - SCM in safe mode. Healthy pipelines reported count is 0, required healthy pipeline reported count is 1
2022-12-06 16:24:41,550 [18a879af-de93-4167-9a98-f5b552aa8b4b@group-2D59408575FD-LeaderElection2] INFO  server.RaftServer$Division (ServerState.java:setLeader(313)) - 18a879af-de93-4167-9a98-f5b552aa8b4b@group-2D59408575FD: change Leader from null to 18a879af-de93-4167-9a98-f5b552aa8b4b at term 1 for becomeLeader, leader elected after 5125ms
2022-12-06 16:24:41,550 [18a879af-de93-4167-9a98-f5b552aa8b4b@group-2D59408575FD-LeaderElection2] INFO  server.RaftServerConfigKeys (ConfUtils.java:logGet(46)) - raft.server.staging.catchup.gap = 1000 (default)
2022-12-06 16:24:41,550 [18a879af-de93-4167-9a98-f5b552aa8b4b@group-2D59408575FD-LeaderElection2] INFO  server.RaftServerConfigKeys (ConfUtils.java:logGet(46)) - raft.server.write.element-limit = 1024 (custom)
2022-12-06 16:24:41,550 [18a879af-de93-4167-9a98-f5b552aa8b4b@group-2D59408575FD-LeaderElection2] INFO  server.RaftServerConfigKeys (ConfUtils.java:logGet(46)) - raft.server.write.byte-limit = 1024 M (=1073741824) (custom)
2022-12-06 16:24:41,551 [18a879af-de93-4167-9a98-f5b552aa8b4b@group-2D59408575FD-LeaderElection2] INFO  server.RaftServerConfigKeys (ConfUtils.java:logGet(46)) - raft.server.watch.timeout = 180s (custom)
2022-12-06 16:24:41,551 [18a879af-de93-4167-9a98-f5b552aa8b4b@group-2D59408575FD-LeaderElection2] INFO  server.RaftServerConfigKeys (ConfUtils.java:logGet(46)) - raft.server.watch.timeout.denomination = 1s (default)
2022-12-06 16:24:41,551 [18a879af-de93-4167-9a98-f5b552aa8b4b@group-2D59408575FD-LeaderElection2] INFO  server.RaftServerConfigKeys (ConfUtils.java:logGet(46)) - raft.server.watch.element-limit = 65536 (default)
2022-12-06 16:24:41,551 [18a879af-de93-4167-9a98-f5b552aa8b4b@group-2D59408575FD-LeaderElection2] INFO  server.RaftServerConfigKeys (ConfUtils.java:logGet(46)) - raft.server.write.element-limit = 1024 (custom)
2022-12-06 16:24:41,551 [18a879af-de93-4167-9a98-f5b552aa8b4b@group-2D59408575FD-LeaderElection2] INFO  server.RaftServerConfigKeys (ConfUtils.java:logGet(46)) - raft.server.write.follower.gap.ratio.max = -1.0 (default)
2022-12-06 16:24:41,551 [18a879af-de93-4167-9a98-f5b552aa8b4b@group-2D59408575FD-LeaderElection2] INFO  impl.RoleInfo (RoleInfo.java:updateAndGet(139)) - 18a879af-de93-4167-9a98-f5b552aa8b4b: start 18a879af-de93-4167-9a98-f5b552aa8b4b@group-2D59408575FD-LeaderStateImpl
2022-12-06 16:24:41,551 [18a879af-de93-4167-9a98-f5b552aa8b4b@group-2D59408575FD-LeaderElection2] INFO  segmented.SegmentedRaftLogWorker (SegmentedRaftLogWorker.java:startLogSegment(452)) - 18a879af-de93-4167-9a98-f5b552aa8b4b@group-2D59408575FD-SegmentedRaftLogWorker: Starting segment from index:0
2022-12-06 16:24:41,553 [EventQueue-CommandQueueReportForCommandQueueReportHandler] WARN  events.EventQueue (EventQueue.java:fireEvent(216)) - No event handler registered for event TypedEvent{payloadType=DatanodeDetails, name='Datanode_Command_Queue_Updated'}
2022-12-06 16:24:41,553 [18a879af-de93-4167-9a98-f5b552aa8b4b@group-2D59408575FD-SegmentedRaftLogWorker] INFO  segmented.SegmentedRaftLogWorker (SegmentedRaftLogWorker.java:execute(656)) - 18a879af-de93-4167-9a98-f5b552aa8b4b@group-2D59408575FD-SegmentedRaftLogWorker: created new log segment /home/runner/work/ozone/ozone/hadoop-ozone/integration-test/target/test-dir/MiniOzoneClusterImpl-ff76fcda-2f7b-42b7-aafc-07b3f4cbd752/datanode-0/data/ratis/fe5e38d5-b2e3-4889-8736-2d59408575fd/current/log_inprogress_0
2022-12-06 16:24:41,563 [18a879af-de93-4167-9a98-f5b552aa8b4b@group-2D59408575FD-LeaderElection2] INFO  server.RaftServer$Division (ServerState.java:setRaftConf(430)) - 18a879af-de93-4167-9a98-f5b552aa8b4b@group-2D59408575FD: set configuration 0: peers:[18a879af-de93-4167-9a98-f5b552aa8b4b|rpc:10.1.0.176:33349|dataStream:|priority:1|startupRole:FOLLOWER]|listeners:[], old=null
2022-12-06 16:24:41,580 [18a879af-de93-4167-9a98-f5b552aa8b4b@group-C860D8A7810C-FollowerState] INFO  impl.FollowerState (FollowerState.java:run(143)) - 18a879af-de93-4167-9a98-f5b552aa8b4b@group-C860D8A7810C-FollowerState: change to CANDIDATE, lastRpcElapsedTime:5070273416ns, electionTimeout:5068ms
2022-12-06 16:24:41,581 [18a879af-de93-4167-9a98-f5b552aa8b4b@group-C860D8A7810C-FollowerState] INFO  impl.RoleInfo (RoleInfo.java:shutdownFollowerState(110)) - 18a879af-de93-4167-9a98-f5b552aa8b4b: shutdown 18a879af-de93-4167-9a98-f5b552aa8b4b@group-C860D8A7810C-FollowerState
2022-12-06 16:24:41,581 [18a879af-de93-4167-9a98-f5b552aa8b4b@group-C860D8A7810C-FollowerState] INFO  server.RaftServer$Division (RaftServerImpl.java:setRole(321)) - 18a879af-de93-4167-9a98-f5b552aa8b4b@group-C860D8A7810C: changes role from  FOLLOWER to CANDIDATE at term 0 for changeToCandidate
2022-12-06 16:24:41,582 [18a879af-de93-4167-9a98-f5b552aa8b4b@group-C860D8A7810C-FollowerState] INFO  server.RaftServerConfigKeys (ConfUtils.java:logGet(46)) - raft.server.leaderelection.pre-vote = false (custom)
2022-12-06 16:24:41,582 [18a879af-de93-4167-9a98-f5b552aa8b4b@group-C860D8A7810C-FollowerState] INFO  impl.RoleInfo (RoleInfo.java:updateAndGet(139)) - 18a879af-de93-4167-9a98-f5b552aa8b4b: start 18a879af-de93-4167-9a98-f5b552aa8b4b@group-C860D8A7810C-LeaderElection3
2022-12-06 16:24:41,589 [18a879af-de93-4167-9a98-f5b552aa8b4b@group-C860D8A7810C-LeaderElection3] INFO  impl.LeaderElection (LeaderElection.java:askForVotes(312)) - 18a879af-de93-4167-9a98-f5b552aa8b4b@group-C860D8A7810C-LeaderElection3 ELECTION round 0: submit vote requests at term 1 for -1: peers:[18a879af-de93-4167-9a98-f5b552aa8b4b|rpc:10.1.0.176:33349|priority:0|startupRole:FOLLOWER, f48f5eaa-c865-41e1-958d-4d574a609fc9|rpc:10.1.0.176:45201|priority:0|startupRole:FOLLOWER, a57ee2ea-c69c-41b1-9f64-f7c5b74e8646|rpc:10.1.0.176:37641|priority:1|startupRole:FOLLOWER]|listeners:[], old=null
2022-12-06 16:24:41,597 [18a879af-de93-4167-9a98-f5b552aa8b4b@group-C860D8A7810C-LeaderElection3] INFO  server.RaftServerConfigKeys (ConfUtils.java:logFallback(53)) - raft.server.rpc.first-election.timeout.min = 5s (fallback to raft.server.rpc.timeout.min)
2022-12-06 16:24:41,597 [18a879af-de93-4167-9a98-f5b552aa8b4b@group-C860D8A7810C-LeaderElection3] INFO  server.RaftServerConfigKeys (ConfUtils.java:logFallback(53)) - raft.server.rpc.first-election.timeout.max = 5200ms (fallback to raft.server.rpc.timeout.max)
2022-12-06 16:24:41,599 [18a879af-de93-4167-9a98-f5b552aa8b4b@group-C860D8A7810C-LeaderElection3-1] INFO  server.GrpcServerProtocolClient (GrpcServerProtocolClient.java:<init>(63)) - Build channel for f48f5eaa-c865-41e1-958d-4d574a609fc9
2022-12-06 16:24:41,609 [18a879af-de93-4167-9a98-f5b552aa8b4b@group-C860D8A7810C-LeaderElection3-2] INFO  server.GrpcServerProtocolClient (GrpcServerProtocolClient.java:<init>(63)) - Build channel for a57ee2ea-c69c-41b1-9f64-f7c5b74e8646
2022-12-06 16:24:41,621 [EventQueue-CommandQueueReportForCommandQueueReportHandler] WARN  events.EventQueue (EventQueue.java:fireEvent(216)) - No event handler registered for event TypedEvent{payloadType=DatanodeDetails, name='Datanode_Command_Queue_Updated'}
2022-12-06 16:24:41,622 [grpc-default-executor-0] INFO  server.RaftServer$Division (RaftServerImpl.java:requestVote(1218)) - a57ee2ea-c69c-41b1-9f64-f7c5b74e8646@group-C860D8A7810C: receive requestVote(ELECTION, 18a879af-de93-4167-9a98-f5b552aa8b4b, group-C860D8A7810C, 1, (t:0, i:0))
2022-12-06 16:24:41,624 [grpc-default-executor-0] INFO  impl.VoteContext (VoteContext.java:log(49)) - a57ee2ea-c69c-41b1-9f64-f7c5b74e8646@group-C860D8A7810C-FOLLOWER: reject ELECTION from 18a879af-de93-4167-9a98-f5b552aa8b4b: our priority 1 > candidate's priority 0
2022-12-06 16:24:41,624 [grpc-default-executor-0] INFO  server.RaftServer$Division (RaftServerImpl.java:setRole(321)) - a57ee2ea-c69c-41b1-9f64-f7c5b74e8646@group-C860D8A7810C: changes role from  FOLLOWER to FOLLOWER at term 1 for candidate:18a879af-de93-4167-9a98-f5b552aa8b4b
2022-12-06 16:24:41,624 [grpc-default-executor-0] INFO  impl.RoleInfo (RoleInfo.java:shutdownFollowerState(110)) - a57ee2ea-c69c-41b1-9f64-f7c5b74e8646: shutdown a57ee2ea-c69c-41b1-9f64-f7c5b74e8646@group-C860D8A7810C-FollowerState
2022-12-06 16:24:41,622 [grpc-default-executor-2] INFO  server.RaftServer$Division (RaftServerImpl.java:requestVote(1218)) - f48f5eaa-c865-41e1-958d-4d574a609fc9@group-C860D8A7810C: receive requestVote(ELECTION, 18a879af-de93-4167-9a98-f5b552aa8b4b, group-C860D8A7810C, 1, (t:0, i:0))
2022-12-06 16:24:41,624 [a57ee2ea-c69c-41b1-9f64-f7c5b74e8646@group-C860D8A7810C-FollowerState] INFO  impl.FollowerState (FollowerState.java:run(152)) - a57ee2ea-c69c-41b1-9f64-f7c5b74e8646@group-C860D8A7810C-FollowerState was interrupted
2022-12-06 16:24:41,624 [grpc-default-executor-2] INFO  impl.VoteContext (VoteContext.java:log(49)) - f48f5eaa-c865-41e1-958d-4d574a609fc9@group-C860D8A7810C-FOLLOWER: accept ELECTION from 18a879af-de93-4167-9a98-f5b552aa8b4b: our priority 0 <= candidate's priority 0
2022-12-06 16:24:41,625 [grpc-default-executor-2] INFO  server.RaftServer$Division (RaftServerImpl.java:setRole(321)) - f48f5eaa-c865-41e1-958d-4d574a609fc9@group-C860D8A7810C: changes role from  FOLLOWER to FOLLOWER at term 1 for candidate:18a879af-de93-4167-9a98-f5b552aa8b4b
2022-12-06 16:24:41,626 [grpc-default-executor-2] INFO  impl.RoleInfo (RoleInfo.java:shutdownFollowerState(110)) - f48f5eaa-c865-41e1-958d-4d574a609fc9: shutdown f48f5eaa-c865-41e1-958d-4d574a609fc9@group-C860D8A7810C-FollowerState
2022-12-06 16:24:41,626 [f48f5eaa-c865-41e1-958d-4d574a609fc9@group-C860D8A7810C-FollowerState] INFO  impl.FollowerState (FollowerState.java:run(152)) - f48f5eaa-c865-41e1-958d-4d574a609fc9@group-C860D8A7810C-FollowerState was interrupted
2022-12-06 16:24:41,626 [grpc-default-executor-0] INFO  impl.RoleInfo (RoleInfo.java:updateAndGet(139)) - a57ee2ea-c69c-41b1-9f64-f7c5b74e8646: start a57ee2ea-c69c-41b1-9f64-f7c5b74e8646@group-C860D8A7810C-FollowerState
2022-12-06 16:24:41,627 [grpc-default-executor-2] INFO  impl.RoleInfo (RoleInfo.java:updateAndGet(139)) - f48f5eaa-c865-41e1-958d-4d574a609fc9: start f48f5eaa-c865-41e1-958d-4d574a609fc9@group-C860D8A7810C-FollowerState
2022-12-06 16:24:41,627 [a57ee2ea-c69c-41b1-9f64-f7c5b74e8646@group-C860D8A7810C-FollowerState] INFO  server.RaftServerConfigKeys (ConfUtils.java:logFallback(53)) - raft.server.rpc.first-election.timeout.min = 5s (fallback to raft.server.rpc.timeout.min)
2022-12-06 16:24:41,628 [a57ee2ea-c69c-41b1-9f64-f7c5b74e8646@group-C860D8A7810C-FollowerState] INFO  server.RaftServerConfigKeys (ConfUtils.java:logFallback(53)) - raft.server.rpc.first-election.timeout.max = 5200ms (fallback to raft.server.rpc.timeout.max)
2022-12-06 16:24:41,630 [grpc-default-executor-0] INFO  server.RaftServer$Division (RaftServerImpl.java:requestVote(1251)) - a57ee2ea-c69c-41b1-9f64-f7c5b74e8646@group-C860D8A7810C replies to ELECTION vote request: 18a879af-de93-4167-9a98-f5b552aa8b4b<-a57ee2ea-c69c-41b1-9f64-f7c5b74e8646#0:FAIL-t1. Peer's state: a57ee2ea-c69c-41b1-9f64-f7c5b74e8646@group-C860D8A7810C:t1, leader=null, voted=null, raftlog=Memoized:a57ee2ea-c69c-41b1-9f64-f7c5b74e8646@group-C860D8A7810C-SegmentedRaftLog:OPENED:c-1, conf=-1: peers:[18a879af-de93-4167-9a98-f5b552aa8b4b|rpc:10.1.0.176:33349|priority:0|startupRole:FOLLOWER, f48f5eaa-c865-41e1-958d-4d574a609fc9|rpc:10.1.0.176:45201|priority:0|startupRole:FOLLOWER, a57ee2ea-c69c-41b1-9f64-f7c5b74e8646|rpc:10.1.0.176:37641|priority:1|startupRole:FOLLOWER]|listeners:[], old=null
2022-12-06 16:24:41,635 [f48f5eaa-c865-41e1-958d-4d574a609fc9@group-C860D8A7810C-FollowerState] INFO  server.RaftServerConfigKeys (ConfUtils.java:logFallback(53)) - raft.server.rpc.first-election.timeout.min = 5s (fallback to raft.server.rpc.timeout.min)
2022-12-06 16:24:41,635 [f48f5eaa-c865-41e1-958d-4d574a609fc9@group-C860D8A7810C-FollowerState] INFO  server.RaftServerConfigKeys (ConfUtils.java:logFallback(53)) - raft.server.rpc.first-election.timeout.max = 5200ms (fallback to raft.server.rpc.timeout.max)
2022-12-06 16:24:41,636 [grpc-default-executor-2] INFO  server.RaftServer$Division (RaftServerImpl.java:requestVote(1251)) - f48f5eaa-c865-41e1-958d-4d574a609fc9@group-C860D8A7810C replies to ELECTION vote request: 18a879af-de93-4167-9a98-f5b552aa8b4b<-f48f5eaa-c865-41e1-958d-4d574a609fc9#0:OK-t1. Peer's state: f48f5eaa-c865-41e1-958d-4d574a609fc9@group-C860D8A7810C:t1, leader=null, voted=18a879af-de93-4167-9a98-f5b552aa8b4b, raftlog=Memoized:f48f5eaa-c865-41e1-958d-4d574a609fc9@group-C860D8A7810C-SegmentedRaftLog:OPENED:c-1, conf=-1: peers:[18a879af-de93-4167-9a98-f5b552aa8b4b|rpc:10.1.0.176:33349|priority:0|startupRole:FOLLOWER, f48f5eaa-c865-41e1-958d-4d574a609fc9|rpc:10.1.0.176:45201|priority:0|startupRole:FOLLOWER, a57ee2ea-c69c-41b1-9f64-f7c5b74e8646|rpc:10.1.0.176:37641|priority:1|startupRole:FOLLOWER]|listeners:[], old=null
2022-12-06 16:24:41,638 [18a879af-de93-4167-9a98-f5b552aa8b4b@group-C860D8A7810C-LeaderElection3] INFO  impl.LeaderElection (LeaderElection.java:logAndReturn(90)) - 18a879af-de93-4167-9a98-f5b552aa8b4b@group-C860D8A7810C-LeaderElection3: ELECTION REJECTED received 1 response(s) and 0 exception(s):
2022-12-06 16:24:41,638 [18a879af-de93-4167-9a98-f5b552aa8b4b@group-C860D8A7810C-LeaderElection3] INFO  impl.LeaderElection (LeaderElection.java:logAndReturn(94)) -   Response 0: 18a879af-de93-4167-9a98-f5b552aa8b4b<-a57ee2ea-c69c-41b1-9f64-f7c5b74e8646#0:FAIL-t1
2022-12-06 16:24:41,638 [18a879af-de93-4167-9a98-f5b552aa8b4b@group-C860D8A7810C-LeaderElection3] INFO  impl.LeaderElection (LeaderElection.java:askForVotes(314)) - 18a879af-de93-4167-9a98-f5b552aa8b4b@group-C860D8A7810C-LeaderElection3 ELECTION round 0: result REJECTED
2022-12-06 16:24:41,638 [18a879af-de93-4167-9a98-f5b552aa8b4b@group-C860D8A7810C-LeaderElection3] INFO  server.RaftServer$Division (RaftServerImpl.java:setRole(321)) - 18a879af-de93-4167-9a98-f5b552aa8b4b@group-C860D8A7810C: changes role from CANDIDATE to FOLLOWER at term 1 for REJECTED
2022-12-06 16:24:41,638 [18a879af-de93-4167-9a98-f5b552aa8b4b@group-C860D8A7810C-LeaderElection3] INFO  impl.RoleInfo (RoleInfo.java:shutdownLeaderElection(130)) - 18a879af-de93-4167-9a98-f5b552aa8b4b: shutdown 18a879af-de93-4167-9a98-f5b552aa8b4b@group-C860D8A7810C-LeaderElection3
2022-12-06 16:24:41,638 [18a879af-de93-4167-9a98-f5b552aa8b4b@group-C860D8A7810C-LeaderElection3] INFO  impl.RoleInfo (RoleInfo.java:updateAndGet(139)) - 18a879af-de93-4167-9a98-f5b552aa8b4b: start 18a879af-de93-4167-9a98-f5b552aa8b4b@group-C860D8A7810C-FollowerState
2022-12-06 16:24:41,640 [18a879af-de93-4167-9a98-f5b552aa8b4b@group-C860D8A7810C-FollowerState] INFO  server.RaftServerConfigKeys (ConfUtils.java:logFallback(53)) - raft.server.rpc.first-election.timeout.min = 5s (fallback to raft.server.rpc.timeout.min)
2022-12-06 16:24:41,643 [18a879af-de93-4167-9a98-f5b552aa8b4b@group-C860D8A7810C-FollowerState] INFO  server.RaftServerConfigKeys (ConfUtils.java:logFallback(53)) - raft.server.rpc.first-election.timeout.max = 5200ms (fallback to raft.server.rpc.timeout.max)
2022-12-06 16:24:41,740 [EventQueue-CommandQueueReportForCommandQueueReportHandler] WARN  events.EventQueue (EventQueue.java:fireEvent(216)) - No event handler registered for event TypedEvent{payloadType=DatanodeDetails, name='Datanode_Command_Queue_Updated'}
2022-12-06 16:24:41,759 [EventQueue-CommandQueueReportForCommandQueueReportHandler] WARN  events.EventQueue (EventQueue.java:fireEvent(216)) - No event handler registered for event TypedEvent{payloadType=DatanodeDetails, name='Datanode_Command_Queue_Updated'}
2022-12-06 16:24:41,786 [EventQueue-CommandQueueReportForCommandQueueReportHandler] WARN  events.EventQueue (EventQueue.java:fireEvent(216)) - No event handler registered for event TypedEvent{payloadType=DatanodeDetails, name='Datanode_Command_Queue_Updated'}
2022-12-06 16:24:42,138 [f48f5eaa-c865-41e1-958d-4d574a609fc9@group-B2174F3F8180-FollowerState] INFO  impl.FollowerState (FollowerState.java:run(143)) - f48f5eaa-c865-41e1-958d-4d574a609fc9@group-B2174F3F8180-FollowerState: change to CANDIDATE, lastRpcElapsedTime:5163413561ns, electionTimeout:5138ms
2022-12-06 16:24:42,139 [f48f5eaa-c865-41e1-958d-4d574a609fc9@group-B2174F3F8180-FollowerState] INFO  impl.RoleInfo (RoleInfo.java:shutdownFollowerState(110)) - f48f5eaa-c865-41e1-958d-4d574a609fc9: shutdown f48f5eaa-c865-41e1-958d-4d574a609fc9@group-B2174F3F8180-FollowerState
2022-12-06 16:24:42,139 [f48f5eaa-c865-41e1-958d-4d574a609fc9@group-B2174F3F8180-FollowerState] INFO  server.RaftServer$Division (RaftServerImpl.java:setRole(321)) - f48f5eaa-c865-41e1-958d-4d574a609fc9@group-B2174F3F8180: changes role from  FOLLOWER to CANDIDATE at term 0 for changeToCandidate
2022-12-06 16:24:42,142 [f48f5eaa-c865-41e1-958d-4d574a609fc9@group-B2174F3F8180-FollowerState] INFO  server.RaftServerConfigKeys (ConfUtils.java:logGet(46)) - raft.server.leaderelection.pre-vote = false (custom)
2022-12-06 16:24:42,143 [f48f5eaa-c865-41e1-958d-4d574a609fc9@group-B2174F3F8180-FollowerState] INFO  impl.RoleInfo (RoleInfo.java:updateAndGet(139)) - f48f5eaa-c865-41e1-958d-4d574a609fc9: start f48f5eaa-c865-41e1-958d-4d574a609fc9@group-B2174F3F8180-LeaderElection4
2022-12-06 16:24:42,151 [f48f5eaa-c865-41e1-958d-4d574a609fc9@group-B2174F3F8180-LeaderElection4] INFO  impl.LeaderElection (LeaderElection.java:askForVotes(312)) - f48f5eaa-c865-41e1-958d-4d574a609fc9@group-B2174F3F8180-LeaderElection4 ELECTION round 0: submit vote requests at term 1 for -1: peers:[f48f5eaa-c865-41e1-958d-4d574a609fc9|rpc:10.1.0.176:45201|priority:1|startupRole:FOLLOWER]|listeners:[], old=null
2022-12-06 16:24:42,151 [f48f5eaa-c865-41e1-958d-4d574a609fc9@group-B2174F3F8180-LeaderElection4] INFO  impl.LeaderElection (LeaderElection.java:askForVotes(314)) - f48f5eaa-c865-41e1-958d-4d574a609fc9@group-B2174F3F8180-LeaderElection4 ELECTION round 0: result PASSED (term=1)
2022-12-06 16:24:42,152 [f48f5eaa-c865-41e1-958d-4d574a609fc9@group-B2174F3F8180-LeaderElection4] INFO  impl.RoleInfo (RoleInfo.java:shutdownLeaderElection(130)) - f48f5eaa-c865-41e1-958d-4d574a609fc9: shutdown f48f5eaa-c865-41e1-958d-4d574a609fc9@group-B2174F3F8180-LeaderElection4
2022-12-06 16:24:42,152 [f48f5eaa-c865-41e1-958d-4d574a609fc9@group-B2174F3F8180-LeaderElection4] INFO  server.RaftServer$Division (RaftServerImpl.java:setRole(321)) - f48f5eaa-c865-41e1-958d-4d574a609fc9@group-B2174F3F8180: changes role from CANDIDATE to LEADER at term 1 for changeToLeader
2022-12-06 16:24:42,152 [f48f5eaa-c865-41e1-958d-4d574a609fc9@group-B2174F3F8180-LeaderElection4] INFO  ratis.XceiverServerRatis (XceiverServerRatis.java:handleLeaderChangedNotification(863)) - Leader change notification received for group: group-B2174F3F8180 with new leaderId: f48f5eaa-c865-41e1-958d-4d574a609fc9
2022-12-06 16:24:42,153 [f48f5eaa-c865-41e1-958d-4d574a609fc9@group-B2174F3F8180-LeaderElection4] INFO  server.RaftServer$Division (ServerState.java:setLeader(313)) - f48f5eaa-c865-41e1-958d-4d574a609fc9@group-B2174F3F8180: change Leader from null to f48f5eaa-c865-41e1-958d-4d574a609fc9 at term 1 for becomeLeader, leader elected after 5223ms
2022-12-06 16:24:42,153 [f48f5eaa-c865-41e1-958d-4d574a609fc9@group-B2174F3F8180-LeaderElection4] INFO  server.RaftServerConfigKeys (ConfUtils.java:logGet(46)) - raft.server.staging.catchup.gap = 1000 (default)
2022-12-06 16:24:42,153 [f48f5eaa-c865-41e1-958d-4d574a609fc9@group-B2174F3F8180-LeaderElection4] INFO  server.RaftServerConfigKeys (ConfUtils.java:logGet(46)) - raft.server.write.element-limit = 1024 (custom)
2022-12-06 16:24:42,153 [f48f5eaa-c865-41e1-958d-4d574a609fc9@group-B2174F3F8180-LeaderElection4] INFO  server.RaftServerConfigKeys (ConfUtils.java:logGet(46)) - raft.server.write.byte-limit = 1024 M (=1073741824) (custom)
2022-12-06 16:24:42,154 [f48f5eaa-c865-41e1-958d-4d574a609fc9@group-B2174F3F8180-LeaderElection4] INFO  server.RaftServerConfigKeys (ConfUtils.java:logGet(46)) - raft.server.watch.timeout = 180s (custom)
2022-12-06 16:24:42,154 [f48f5eaa-c865-41e1-958d-4d574a609fc9@group-B2174F3F8180-LeaderElection4] INFO  server.RaftServerConfigKeys (ConfUtils.java:logGet(46)) - raft.server.watch.timeout.denomination = 1s (default)
2022-12-06 16:24:42,154 [f48f5eaa-c865-41e1-958d-4d574a609fc9@group-B2174F3F8180-LeaderElection4] INFO  server.RaftServerConfigKeys (ConfUtils.java:logGet(46)) - raft.server.watch.element-limit = 65536 (default)
2022-12-06 16:24:42,154 [f48f5eaa-c865-41e1-958d-4d574a609fc9@group-B2174F3F8180-LeaderElection4] INFO  server.RaftServerConfigKeys (ConfUtils.java:logGet(46)) - raft.server.write.element-limit = 1024 (custom)
2022-12-06 16:24:42,154 [f48f5eaa-c865-41e1-958d-4d574a609fc9@group-B2174F3F8180-LeaderElection4] INFO  server.RaftServerConfigKeys (ConfUtils.java:logGet(46)) - raft.server.write.follower.gap.ratio.max = -1.0 (default)
2022-12-06 16:24:42,154 [f48f5eaa-c865-41e1-958d-4d574a609fc9@group-B2174F3F8180-LeaderElection4] INFO  impl.RoleInfo (RoleInfo.java:updateAndGet(139)) - f48f5eaa-c865-41e1-958d-4d574a609fc9: start f48f5eaa-c865-41e1-958d-4d574a609fc9@group-B2174F3F8180-LeaderStateImpl
2022-12-06 16:24:42,154 [EventQueue-OpenPipelineForHealthyPipelineSafeModeRule] INFO  safemode.SCMSafeModeManager (HealthyPipelineSafeModeRule.java:process(137)) - SCM in safe mode. Healthy pipelines reported count is 0, required healthy pipeline reported count is 1
2022-12-06 16:24:42,154 [EventQueue-CommandQueueReportForCommandQueueReportHandler] WARN  events.EventQueue (EventQueue.java:fireEvent(216)) - No event handler registered for event TypedEvent{payloadType=DatanodeDetails, name='Datanode_Command_Queue_Updated'}
2022-12-06 16:24:42,157 [f48f5eaa-c865-41e1-958d-4d574a609fc9@group-B2174F3F8180-LeaderElection4] INFO  segmented.SegmentedRaftLogWorker (SegmentedRaftLogWorker.java:startLogSegment(452)) - f48f5eaa-c865-41e1-958d-4d574a609fc9@group-B2174F3F8180-SegmentedRaftLogWorker: Starting segment from index:0
2022-12-06 16:24:42,158 [f48f5eaa-c865-41e1-958d-4d574a609fc9@group-B2174F3F8180-SegmentedRaftLogWorker] INFO  segmented.SegmentedRaftLogWorker (SegmentedRaftLogWorker.java:execute(656)) - f48f5eaa-c865-41e1-958d-4d574a609fc9@group-B2174F3F8180-SegmentedRaftLogWorker: created new log segment /home/runner/work/ozone/ozone/hadoop-ozone/integration-test/target/test-dir/MiniOzoneClusterImpl-ff76fcda-2f7b-42b7-aafc-07b3f4cbd752/datanode-1/data/ratis/31aa9f5b-e3fb-447b-8a6f-b2174f3f8180/current/log_inprogress_0
2022-12-06 16:24:42,162 [f48f5eaa-c865-41e1-958d-4d574a609fc9@group-B2174F3F8180-LeaderElection4] INFO  server.RaftServer$Division (ServerState.java:setRaftConf(430)) - f48f5eaa-c865-41e1-958d-4d574a609fc9@group-B2174F3F8180: set configuration 0: peers:[f48f5eaa-c865-41e1-958d-4d574a609fc9|rpc:10.1.0.176:45201|dataStream:|priority:1|startupRole:FOLLOWER]|listeners:[], old=null
2022-12-06 16:24:42,347 [EventQueue-CommandQueueReportForCommandQueueReportHandler] WARN  events.EventQueue (EventQueue.java:fireEvent(216)) - No event handler registered for event TypedEvent{payloadType=DatanodeDetails, name='Datanode_Command_Queue_Updated'}
2022-12-06 16:24:42,348 [EventQueue-CommandQueueReportForCommandQueueReportHandler] WARN  events.EventQueue (EventQueue.java:fireEvent(216)) - No event handler registered for event TypedEvent{payloadType=DatanodeDetails, name='Datanode_Command_Queue_Updated'}
2022-12-06 16:24:42,350 [Listener at 127.0.0.1/39139] INFO  ozone.MiniOzoneClusterImpl (MiniOzoneClusterImpl.java:lambda$waitForClusterToBeReady$0(216)) - Nodes are ready. Got 10 of 10 DN Heartbeats.
2022-12-06 16:24:42,350 [Listener at 127.0.0.1/39139] INFO  ozone.MiniOzoneClusterImpl (MiniOzoneClusterImpl.java:lambda$waitForClusterToBeReady$0(219)) - Waiting for cluster to exit safe mode
2022-12-06 16:24:42,351 [Listener at 127.0.0.1/39139] INFO  ozone.MiniOzoneClusterImpl (MiniOzoneClusterImpl.java:lambda$waitForClusterToBeReady$0(221)) - SCM became leader
2022-12-06 16:24:42,360 [EventQueue-CommandQueueReportForCommandQueueReportHandler] WARN  events.EventQueue (EventQueue.java:fireEvent(216)) - No event handler registered for event TypedEvent{payloadType=DatanodeDetails, name='Datanode_Command_Queue_Updated'}
2022-12-06 16:24:42,481 [a57ee2ea-c69c-41b1-9f64-f7c5b74e8646@group-88F4C8E687A2-FollowerState] INFO  impl.FollowerState (FollowerState.java:run(143)) - a57ee2ea-c69c-41b1-9f64-f7c5b74e8646@group-88F4C8E687A2-FollowerState: change to CANDIDATE, lastRpcElapsedTime:5065410240ns, electionTimeout:5059ms
2022-12-06 16:24:42,481 [a57ee2ea-c69c-41b1-9f64-f7c5b74e8646@group-88F4C8E687A2-FollowerState] INFO  impl.RoleInfo (RoleInfo.java:shutdownFollowerState(110)) - a57ee2ea-c69c-41b1-9f64-f7c5b74e8646: shutdown a57ee2ea-c69c-41b1-9f64-f7c5b74e8646@group-88F4C8E687A2-FollowerState
2022-12-06 16:24:42,481 [a57ee2ea-c69c-41b1-9f64-f7c5b74e8646@group-88F4C8E687A2-FollowerState] INFO  server.RaftServer$Division (RaftServerImpl.java:setRole(321)) - a57ee2ea-c69c-41b1-9f64-f7c5b74e8646@group-88F4C8E687A2: changes role from  FOLLOWER to CANDIDATE at term 0 for changeToCandidate
2022-12-06 16:24:42,482 [a57ee2ea-c69c-41b1-9f64-f7c5b74e8646@group-88F4C8E687A2-FollowerState] INFO  server.RaftServerConfigKeys (ConfUtils.java:logGet(46)) - raft.server.leaderelection.pre-vote = false (custom)
2022-12-06 16:24:42,482 [a57ee2ea-c69c-41b1-9f64-f7c5b74e8646@group-88F4C8E687A2-FollowerState] INFO  impl.RoleInfo (RoleInfo.java:updateAndGet(139)) - a57ee2ea-c69c-41b1-9f64-f7c5b74e8646: start a57ee2ea-c69c-41b1-9f64-f7c5b74e8646@group-88F4C8E687A2-LeaderElection5
2022-12-06 16:24:42,487 [a57ee2ea-c69c-41b1-9f64-f7c5b74e8646@group-88F4C8E687A2-LeaderElection5] INFO  impl.LeaderElection (LeaderElection.java:askForVotes(312)) - a57ee2ea-c69c-41b1-9f64-f7c5b74e8646@group-88F4C8E687A2-LeaderElection5 ELECTION round 0: submit vote requests at term 1 for -1: peers:[a57ee2ea-c69c-41b1-9f64-f7c5b74e8646|rpc:10.1.0.176:37641|priority:1|startupRole:FOLLOWER]|listeners:[], old=null
2022-12-06 16:24:42,487 [a57ee2ea-c69c-41b1-9f64-f7c5b74e8646@group-88F4C8E687A2-LeaderElection5] INFO  impl.LeaderElection (LeaderElection.java:askForVotes(314)) - a57ee2ea-c69c-41b1-9f64-f7c5b74e8646@group-88F4C8E687A2-LeaderElection5 ELECTION round 0: result PASSED (term=1)
2022-12-06 16:24:42,487 [a57ee2ea-c69c-41b1-9f64-f7c5b74e8646@group-88F4C8E687A2-LeaderElection5] INFO  impl.RoleInfo (RoleInfo.java:shutdownLeaderElection(130)) - a57ee2ea-c69c-41b1-9f64-f7c5b74e8646: shutdown a57ee2ea-c69c-41b1-9f64-f7c5b74e8646@group-88F4C8E687A2-LeaderElection5
2022-12-06 16:24:42,487 [a57ee2ea-c69c-41b1-9f64-f7c5b74e8646@group-88F4C8E687A2-LeaderElection5] INFO  server.RaftServer$Division (RaftServerImpl.java:setRole(321)) - a57ee2ea-c69c-41b1-9f64-f7c5b74e8646@group-88F4C8E687A2: changes role from CANDIDATE to LEADER at term 1 for changeToLeader
2022-12-06 16:24:42,487 [a57ee2ea-c69c-41b1-9f64-f7c5b74e8646@group-88F4C8E687A2-LeaderElection5] INFO  ratis.XceiverServerRatis (XceiverServerRatis.java:handleLeaderChangedNotification(863)) - Leader change notification received for group: group-88F4C8E687A2 with new leaderId: a57ee2ea-c69c-41b1-9f64-f7c5b74e8646
2022-12-06 16:24:42,487 [a57ee2ea-c69c-41b1-9f64-f7c5b74e8646@group-88F4C8E687A2-LeaderElection5] INFO  server.RaftServer$Division (ServerState.java:setLeader(313)) - a57ee2ea-c69c-41b1-9f64-f7c5b74e8646@group-88F4C8E687A2: change Leader from null to a57ee2ea-c69c-41b1-9f64-f7c5b74e8646 at term 1 for becomeLeader, leader elected after 5106ms
2022-12-06 16:24:42,487 [a57ee2ea-c69c-41b1-9f64-f7c5b74e8646@group-88F4C8E687A2-LeaderElection5] INFO  server.RaftServerConfigKeys (ConfUtils.java:logGet(46)) - raft.server.staging.catchup.gap = 1000 (default)
2022-12-06 16:24:42,487 [a57ee2ea-c69c-41b1-9f64-f7c5b74e8646@group-88F4C8E687A2-LeaderElection5] INFO  server.RaftServerConfigKeys (ConfUtils.java:logGet(46)) - raft.server.write.element-limit = 1024 (custom)
2022-12-06 16:24:42,487 [a57ee2ea-c69c-41b1-9f64-f7c5b74e8646@group-88F4C8E687A2-LeaderElection5] INFO  server.RaftServerConfigKeys (ConfUtils.java:logGet(46)) - raft.server.write.byte-limit = 1024 M (=1073741824) (custom)
2022-12-06 16:24:42,488 [a57ee2ea-c69c-41b1-9f64-f7c5b74e8646@group-88F4C8E687A2-LeaderElection5] INFO  server.RaftServerConfigKeys (ConfUtils.java:logGet(46)) - raft.server.watch.timeout = 180s (custom)
2022-12-06 16:24:42,488 [a57ee2ea-c69c-41b1-9f64-f7c5b74e8646@group-88F4C8E687A2-LeaderElection5] INFO  server.RaftServerConfigKeys (ConfUtils.java:logGet(46)) - raft.server.watch.timeout.denomination = 1s (default)
2022-12-06 16:24:42,488 [a57ee2ea-c69c-41b1-9f64-f7c5b74e8646@group-88F4C8E687A2-LeaderElection5] INFO  server.RaftServerConfigKeys (ConfUtils.java:logGet(46)) - raft.server.watch.element-limit = 65536 (default)
2022-12-06 16:24:42,488 [a57ee2ea-c69c-41b1-9f64-f7c5b74e8646@group-88F4C8E687A2-LeaderElection5] INFO  server.RaftServerConfigKeys (ConfUtils.java:logGet(46)) - raft.server.write.element-limit = 1024 (custom)
2022-12-06 16:24:42,488 [a57ee2ea-c69c-41b1-9f64-f7c5b74e8646@group-88F4C8E687A2-LeaderElection5] INFO  server.RaftServerConfigKeys (ConfUtils.java:logGet(46)) - raft.server.write.follower.gap.ratio.max = -1.0 (default)
2022-12-06 16:24:42,488 [a57ee2ea-c69c-41b1-9f64-f7c5b74e8646@group-88F4C8E687A2-LeaderElection5] INFO  impl.RoleInfo (RoleInfo.java:updateAndGet(139)) - a57ee2ea-c69c-41b1-9f64-f7c5b74e8646: start a57ee2ea-c69c-41b1-9f64-f7c5b74e8646@group-88F4C8E687A2-LeaderStateImpl
2022-12-06 16:24:42,489 [EventQueue-OpenPipelineForHealthyPipelineSafeModeRule] INFO  safemode.SCMSafeModeManager (HealthyPipelineSafeModeRule.java:process(137)) - SCM in safe mode. Healthy pipelines reported count is 0, required healthy pipeline reported count is 1
2022-12-06 16:24:42,488 [EventQueue-CommandQueueReportForCommandQueueReportHandler] WARN  events.EventQueue (EventQueue.java:fireEvent(216)) - No event handler registered for event TypedEvent{payloadType=DatanodeDetails, name='Datanode_Command_Queue_Updated'}
2022-12-06 16:24:42,489 [a57ee2ea-c69c-41b1-9f64-f7c5b74e8646@group-88F4C8E687A2-LeaderElection5] INFO  segmented.SegmentedRaftLogWorker (SegmentedRaftLogWorker.java:startLogSegment(452)) - a57ee2ea-c69c-41b1-9f64-f7c5b74e8646@group-88F4C8E687A2-SegmentedRaftLogWorker: Starting segment from index:0
2022-12-06 16:24:42,494 [a57ee2ea-c69c-41b1-9f64-f7c5b74e8646@group-88F4C8E687A2-LeaderElection5] INFO  server.RaftServer$Division (ServerState.java:setRaftConf(430)) - a57ee2ea-c69c-41b1-9f64-f7c5b74e8646@group-88F4C8E687A2: set configuration 0: peers:[a57ee2ea-c69c-41b1-9f64-f7c5b74e8646|rpc:10.1.0.176:37641|dataStream:|priority:1|startupRole:FOLLOWER]|listeners:[], old=null
2022-12-06 16:24:42,497 [a57ee2ea-c69c-41b1-9f64-f7c5b74e8646@group-88F4C8E687A2-SegmentedRaftLogWorker] INFO  segmented.SegmentedRaftLogWorker (SegmentedRaftLogWorker.java:execute(656)) - a57ee2ea-c69c-41b1-9f64-f7c5b74e8646@group-88F4C8E687A2-SegmentedRaftLogWorker: created new log segment /home/runner/work/ozone/ozone/hadoop-ozone/integration-test/target/test-dir/MiniOzoneClusterImpl-ff76fcda-2f7b-42b7-aafc-07b3f4cbd752/datanode-2/data/ratis/3e6abeea-abec-4a0d-b59a-88f4c8e687a2/current/log_inprogress_0
2022-12-06 16:24:42,536 [EventQueue-CommandQueueReportForCommandQueueReportHandler] WARN  events.EventQueue (EventQueue.java:fireEvent(216)) - No event handler registered for event TypedEvent{payloadType=DatanodeDetails, name='Datanode_Command_Queue_Updated'}
2022-12-06 16:24:42,549 [EventQueue-CommandQueueReportForCommandQueueReportHandler] WARN  events.EventQueue (EventQueue.java:fireEvent(216)) - No event handler registered for event TypedEvent{payloadType=DatanodeDetails, name='Datanode_Command_Queue_Updated'}
2022-12-06 16:24:42,553 [EventQueue-CommandQueueReportForCommandQueueReportHandler] WARN  events.EventQueue (EventQueue.java:fireEvent(216)) - No event handler registered for event TypedEvent{payloadType=DatanodeDetails, name='Datanode_Command_Queue_Updated'}
2022-12-06 16:24:42,620 [EventQueue-CommandQueueReportForCommandQueueReportHandler] WARN  events.EventQueue (EventQueue.java:fireEvent(216)) - No event handler registered for event TypedEvent{payloadType=DatanodeDetails, name='Datanode_Command_Queue_Updated'}
2022-12-06 16:24:42,740 [EventQueue-CommandQueueReportForCommandQueueReportHandler] WARN  events.EventQueue (EventQueue.java:fireEvent(216)) - No event handler registered for event TypedEvent{payloadType=DatanodeDetails, name='Datanode_Command_Queue_Updated'}
2022-12-06 16:24:42,839 [a57ee2ea-c69c-41b1-9f64-f7c5b74e8646@group-E13D6F209EBE-FollowerState] INFO  impl.FollowerState (FollowerState.java:run(143)) - a57ee2ea-c69c-41b1-9f64-f7c5b74e8646@group-E13D6F209EBE-FollowerState: change to CANDIDATE, lastRpcElapsedTime:5024889811ns, electionTimeout:5022ms
2022-12-06 16:24:42,839 [a57ee2ea-c69c-41b1-9f64-f7c5b74e8646@group-E13D6F209EBE-FollowerState] INFO  impl.RoleInfo (RoleInfo.java:shutdownFollowerState(110)) - a57ee2ea-c69c-41b1-9f64-f7c5b74e8646: shutdown a57ee2ea-c69c-41b1-9f64-f7c5b74e8646@group-E13D6F209EBE-FollowerState
2022-12-06 16:24:42,839 [a57ee2ea-c69c-41b1-9f64-f7c5b74e8646@group-E13D6F209EBE-FollowerState] INFO  server.RaftServer$Division (RaftServerImpl.java:setRole(321)) - a57ee2ea-c69c-41b1-9f64-f7c5b74e8646@group-E13D6F209EBE: changes role from  FOLLOWER to CANDIDATE at term 0 for changeToCandidate
2022-12-06 16:24:42,839 [a57ee2ea-c69c-41b1-9f64-f7c5b74e8646@group-E13D6F209EBE-FollowerState] INFO  server.RaftServerConfigKeys (ConfUtils.java:logGet(46)) - raft.server.leaderelection.pre-vote = false (custom)
2022-12-06 16:24:42,839 [a57ee2ea-c69c-41b1-9f64-f7c5b74e8646@group-E13D6F209EBE-FollowerState] INFO  impl.RoleInfo (RoleInfo.java:updateAndGet(139)) - a57ee2ea-c69c-41b1-9f64-f7c5b74e8646: start a57ee2ea-c69c-41b1-9f64-f7c5b74e8646@group-E13D6F209EBE-LeaderElection6
2022-12-06 16:24:42,844 [a57ee2ea-c69c-41b1-9f64-f7c5b74e8646@group-E13D6F209EBE-LeaderElection6] INFO  impl.LeaderElection (LeaderElection.java:askForVotes(312)) - a57ee2ea-c69c-41b1-9f64-f7c5b74e8646@group-E13D6F209EBE-LeaderElection6 ELECTION round 0: submit vote requests at term 1 for -1: peers:[18a879af-de93-4167-9a98-f5b552aa8b4b|rpc:10.1.0.176:33349|priority:0|startupRole:FOLLOWER, a57ee2ea-c69c-41b1-9f64-f7c5b74e8646|rpc:10.1.0.176:37641|priority:0|startupRole:FOLLOWER, f48f5eaa-c865-41e1-958d-4d574a609fc9|rpc:10.1.0.176:45201|priority:1|startupRole:FOLLOWER]|listeners:[], old=null
2022-12-06 16:24:42,844 [a57ee2ea-c69c-41b1-9f64-f7c5b74e8646@group-E13D6F209EBE-LeaderElection6] INFO  server.RaftServerConfigKeys (ConfUtils.java:logFallback(53)) - raft.server.rpc.first-election.timeout.min = 5s (fallback to raft.server.rpc.timeout.min)
2022-12-06 16:24:42,844 [a57ee2ea-c69c-41b1-9f64-f7c5b74e8646@group-E13D6F209EBE-LeaderElection6] INFO  server.RaftServerConfigKeys (ConfUtils.java:logFallback(53)) - raft.server.rpc.first-election.timeout.max = 5200ms (fallback to raft.server.rpc.timeout.max)
2022-12-06 16:24:42,844 [a57ee2ea-c69c-41b1-9f64-f7c5b74e8646@group-E13D6F209EBE-LeaderElection6-2] INFO  server.GrpcServerProtocolClient (GrpcServerProtocolClient.java:<init>(63)) - Build channel for f48f5eaa-c865-41e1-958d-4d574a609fc9
2022-12-06 16:24:42,844 [a57ee2ea-c69c-41b1-9f64-f7c5b74e8646@group-E13D6F209EBE-LeaderElection6-1] INFO  server.GrpcServerProtocolClient (GrpcServerProtocolClient.java:<init>(63)) - Build channel for 18a879af-de93-4167-9a98-f5b552aa8b4b
2022-12-06 16:24:42,859 [grpc-default-executor-0] INFO  server.RaftServer$Division (RaftServerImpl.java:requestVote(1218)) - 18a879af-de93-4167-9a98-f5b552aa8b4b@group-E13D6F209EBE: receive requestVote(ELECTION, a57ee2ea-c69c-41b1-9f64-f7c5b74e8646, group-E13D6F209EBE, 1, (t:0, i:0))
2022-12-06 16:24:42,859 [grpc-default-executor-0] INFO  impl.VoteContext (VoteContext.java:log(49)) - 18a879af-de93-4167-9a98-f5b552aa8b4b@group-E13D6F209EBE-FOLLOWER: accept ELECTION from a57ee2ea-c69c-41b1-9f64-f7c5b74e8646: our priority 0 <= candidate's priority 0
2022-12-06 16:24:42,859 [grpc-default-executor-0] INFO  server.RaftServer$Division (RaftServerImpl.java:setRole(321)) - 18a879af-de93-4167-9a98-f5b552aa8b4b@group-E13D6F209EBE: changes role from  FOLLOWER to FOLLOWER at term 1 for candidate:a57ee2ea-c69c-41b1-9f64-f7c5b74e8646
2022-12-06 16:24:42,859 [grpc-default-executor-0] INFO  impl.RoleInfo (RoleInfo.java:shutdownFollowerState(110)) - 18a879af-de93-4167-9a98-f5b552aa8b4b: shutdown 18a879af-de93-4167-9a98-f5b552aa8b4b@group-E13D6F209EBE-FollowerState
2022-12-06 16:24:42,859 [grpc-default-executor-0] INFO  impl.RoleInfo (RoleInfo.java:updateAndGet(139)) - 18a879af-de93-4167-9a98-f5b552aa8b4b: start 18a879af-de93-4167-9a98-f5b552aa8b4b@group-E13D6F209EBE-FollowerState
2022-12-06 16:24:42,859 [18a879af-de93-4167-9a98-f5b552aa8b4b@group-E13D6F209EBE-FollowerState] INFO  impl.FollowerState (FollowerState.java:run(152)) - 18a879af-de93-4167-9a98-f5b552aa8b4b@group-E13D6F209EBE-FollowerState was interrupted
2022-12-06 16:24:42,860 [grpc-default-executor-2] INFO  server.RaftServer$Division (RaftServerImpl.java:requestVote(1218)) - f48f5eaa-c865-41e1-958d-4d574a609fc9@group-E13D6F209EBE: receive requestVote(ELECTION, a57ee2ea-c69c-41b1-9f64-f7c5b74e8646, group-E13D6F209EBE, 1, (t:0, i:0))
2022-12-06 16:24:42,860 [grpc-default-executor-2] INFO  impl.VoteContext (VoteContext.java:log(49)) - f48f5eaa-c865-41e1-958d-4d574a609fc9@group-E13D6F209EBE-FOLLOWER: reject ELECTION from a57ee2ea-c69c-41b1-9f64-f7c5b74e8646: our priority 1 > candidate's priority 0
2022-12-06 16:24:42,860 [grpc-default-executor-2] INFO  server.RaftServer$Division (RaftServerImpl.java:setRole(321)) - f48f5eaa-c865-41e1-958d-4d574a609fc9@group-E13D6F209EBE: changes role from  FOLLOWER to FOLLOWER at term 1 for candidate:a57ee2ea-c69c-41b1-9f64-f7c5b74e8646
2022-12-06 16:24:42,860 [grpc-default-executor-2] INFO  impl.RoleInfo (RoleInfo.java:shutdownFollowerState(110)) - f48f5eaa-c865-41e1-958d-4d574a609fc9: shutdown f48f5eaa-c865-41e1-958d-4d574a609fc9@group-E13D6F209EBE-FollowerState
2022-12-06 16:24:42,860 [grpc-default-executor-2] INFO  impl.RoleInfo (RoleInfo.java:updateAndGet(139)) - f48f5eaa-c865-41e1-958d-4d574a609fc9: start f48f5eaa-c865-41e1-958d-4d574a609fc9@group-E13D6F209EBE-FollowerState
2022-12-06 16:24:42,860 [18a879af-de93-4167-9a98-f5b552aa8b4b@group-E13D6F209EBE-FollowerState] INFO  server.RaftServerConfigKeys (ConfUtils.java:logFallback(53)) - raft.server.rpc.first-election.timeout.min = 5s (fallback to raft.server.rpc.timeout.min)
2022-12-06 16:24:42,860 [18a879af-de93-4167-9a98-f5b552aa8b4b@group-E13D6F209EBE-FollowerState] INFO  server.RaftServerConfigKeys (ConfUtils.java:logFallback(53)) - raft.server.rpc.first-election.timeout.max = 5200ms (fallback to raft.server.rpc.timeout.max)
2022-12-06 16:24:42,860 [f48f5eaa-c865-41e1-958d-4d574a609fc9@group-E13D6F209EBE-FollowerState] INFO  impl.FollowerState (FollowerState.java:run(152)) - f48f5eaa-c865-41e1-958d-4d574a609fc9@group-E13D6F209EBE-FollowerState was interrupted
2022-12-06 16:24:42,861 [grpc-default-executor-0] INFO  server.RaftServer$Division (RaftServerImpl.java:requestVote(1251)) - 18a879af-de93-4167-9a98-f5b552aa8b4b@group-E13D6F209EBE replies to ELECTION vote request: a57ee2ea-c69c-41b1-9f64-f7c5b74e8646<-18a879af-de93-4167-9a98-f5b552aa8b4b#0:OK-t1. Peer's state: 18a879af-de93-4167-9a98-f5b552aa8b4b@group-E13D6F209EBE:t1, leader=null, voted=a57ee2ea-c69c-41b1-9f64-f7c5b74e8646, raftlog=Memoized:18a879af-de93-4167-9a98-f5b552aa8b4b@group-E13D6F209EBE-SegmentedRaftLog:OPENED:c-1, conf=-1: peers:[18a879af-de93-4167-9a98-f5b552aa8b4b|rpc:10.1.0.176:33349|priority:0|startupRole:FOLLOWER, a57ee2ea-c69c-41b1-9f64-f7c5b74e8646|rpc:10.1.0.176:37641|priority:0|startupRole:FOLLOWER, f48f5eaa-c865-41e1-958d-4d574a609fc9|rpc:10.1.0.176:45201|priority:1|startupRole:FOLLOWER]|listeners:[], old=null
2022-12-06 16:24:42,867 [grpc-default-executor-2] INFO  server.RaftServer$Division (RaftServerImpl.java:requestVote(1251)) - f48f5eaa-c865-41e1-958d-4d574a609fc9@group-E13D6F209EBE replies to ELECTION vote request: a57ee2ea-c69c-41b1-9f64-f7c5b74e8646<-f48f5eaa-c865-41e1-958d-4d574a609fc9#0:FAIL-t1. Peer's state: f48f5eaa-c865-41e1-958d-4d574a609fc9@group-E13D6F209EBE:t1, leader=null, voted=null, raftlog=Memoized:f48f5eaa-c865-41e1-958d-4d574a609fc9@group-E13D6F209EBE-SegmentedRaftLog:OPENED:c-1, conf=-1: peers:[18a879af-de93-4167-9a98-f5b552aa8b4b|rpc:10.1.0.176:33349|priority:0|startupRole:FOLLOWER, a57ee2ea-c69c-41b1-9f64-f7c5b74e8646|rpc:10.1.0.176:37641|priority:0|startupRole:FOLLOWER, f48f5eaa-c865-41e1-958d-4d574a609fc9|rpc:10.1.0.176:45201|priority:1|startupRole:FOLLOWER]|listeners:[], old=null
2022-12-06 16:24:42,868 [f48f5eaa-c865-41e1-958d-4d574a609fc9@group-E13D6F209EBE-FollowerState] INFO  server.RaftServerConfigKeys (ConfUtils.java:logFallback(53)) - raft.server.rpc.first-election.timeout.min = 5s (fallback to raft.server.rpc.timeout.min)
2022-12-06 16:24:42,868 [f48f5eaa-c865-41e1-958d-4d574a609fc9@group-E13D6F209EBE-FollowerState] INFO  server.RaftServerConfigKeys (ConfUtils.java:logFallback(53)) - raft.server.rpc.first-election.timeout.max = 5200ms (fallback to raft.server.rpc.timeout.max)
2022-12-06 16:24:42,868 [a57ee2ea-c69c-41b1-9f64-f7c5b74e8646@group-E13D6F209EBE-LeaderElection6] INFO  impl.LeaderElection (LeaderElection.java:logAndReturn(90)) - a57ee2ea-c69c-41b1-9f64-f7c5b74e8646@group-E13D6F209EBE-LeaderElection6: ELECTION REJECTED received 2 response(s) and 0 exception(s):
2022-12-06 16:24:42,868 [a57ee2ea-c69c-41b1-9f64-f7c5b74e8646@group-E13D6F209EBE-LeaderElection6] INFO  impl.LeaderElection (LeaderElection.java:logAndReturn(94)) -   Response 0: a57ee2ea-c69c-41b1-9f64-f7c5b74e8646<-18a879af-de93-4167-9a98-f5b552aa8b4b#0:OK-t1
2022-12-06 16:24:42,868 [a57ee2ea-c69c-41b1-9f64-f7c5b74e8646@group-E13D6F209EBE-LeaderElection6] INFO  impl.LeaderElection (LeaderElection.java:logAndReturn(94)) -   Response 1: a57ee2ea-c69c-41b1-9f64-f7c5b74e8646<-f48f5eaa-c865-41e1-958d-4d574a609fc9#0:FAIL-t1
2022-12-06 16:24:42,868 [a57ee2ea-c69c-41b1-9f64-f7c5b74e8646@group-E13D6F209EBE-LeaderElection6] INFO  impl.LeaderElection (LeaderElection.java:askForVotes(314)) - a57ee2ea-c69c-41b1-9f64-f7c5b74e8646@group-E13D6F209EBE-LeaderElection6 ELECTION round 0: result REJECTED
2022-12-06 16:24:42,869 [a57ee2ea-c69c-41b1-9f64-f7c5b74e8646@group-E13D6F209EBE-LeaderElection6] INFO  server.RaftServer$Division (RaftServerImpl.java:setRole(321)) - a57ee2ea-c69c-41b1-9f64-f7c5b74e8646@group-E13D6F209EBE: changes role from CANDIDATE to FOLLOWER at term 1 for REJECTED
2022-12-06 16:24:42,869 [a57ee2ea-c69c-41b1-9f64-f7c5b74e8646@group-E13D6F209EBE-LeaderElection6] INFO  impl.RoleInfo (RoleInfo.java:shutdownLeaderElection(130)) - a57ee2ea-c69c-41b1-9f64-f7c5b74e8646: shutdown a57ee2ea-c69c-41b1-9f64-f7c5b74e8646@group-E13D6F209EBE-LeaderElection6
2022-12-06 16:24:42,869 [a57ee2ea-c69c-41b1-9f64-f7c5b74e8646@group-E13D6F209EBE-LeaderElection6] INFO  impl.RoleInfo (RoleInfo.java:updateAndGet(139)) - a57ee2ea-c69c-41b1-9f64-f7c5b74e8646: start a57ee2ea-c69c-41b1-9f64-f7c5b74e8646@group-E13D6F209EBE-FollowerState
2022-12-06 16:24:42,871 [a57ee2ea-c69c-41b1-9f64-f7c5b74e8646@group-E13D6F209EBE-FollowerState] INFO  server.RaftServerConfigKeys (ConfUtils.java:logFallback(53)) - raft.server.rpc.first-election.timeout.min = 5s (fallback to raft.server.rpc.timeout.min)
2022-12-06 16:24:42,871 [a57ee2ea-c69c-41b1-9f64-f7c5b74e8646@group-E13D6F209EBE-FollowerState] INFO  server.RaftServerConfigKeys (ConfUtils.java:logFallback(53)) - raft.server.rpc.first-election.timeout.max = 5200ms (fallback to raft.server.rpc.timeout.max)
2022-12-06 16:24:42,893 [fd07e5d7-2dd9-455a-a9b9-9dae4f4be123@group-7083CF84009A-FollowerState] INFO  impl.FollowerState (FollowerState.java:run(143)) - fd07e5d7-2dd9-455a-a9b9-9dae4f4be123@group-7083CF84009A-FollowerState: change to CANDIDATE, lastRpcElapsedTime:5012662560ns, electionTimeout:5011ms
2022-12-06 16:24:42,893 [fd07e5d7-2dd9-455a-a9b9-9dae4f4be123@group-7083CF84009A-FollowerState] INFO  impl.RoleInfo (RoleInfo.java:shutdownFollowerState(110)) - fd07e5d7-2dd9-455a-a9b9-9dae4f4be123: shutdown fd07e5d7-2dd9-455a-a9b9-9dae4f4be123@group-7083CF84009A-FollowerState
2022-12-06 16:24:42,893 [fd07e5d7-2dd9-455a-a9b9-9dae4f4be123@group-7083CF84009A-FollowerState] INFO  server.RaftServer$Division (RaftServerImpl.java:setRole(321)) - fd07e5d7-2dd9-455a-a9b9-9dae4f4be123@group-7083CF84009A: changes role from  FOLLOWER to CANDIDATE at term 0 for changeToCandidate
2022-12-06 16:24:42,893 [fd07e5d7-2dd9-455a-a9b9-9dae4f4be123@group-7083CF84009A-FollowerState] INFO  server.RaftServerConfigKeys (ConfUtils.java:logGet(46)) - raft.server.leaderelection.pre-vote = false (custom)
2022-12-06 16:24:42,894 [fd07e5d7-2dd9-455a-a9b9-9dae4f4be123@group-7083CF84009A-FollowerState] INFO  impl.RoleInfo (RoleInfo.java:updateAndGet(139)) - fd07e5d7-2dd9-455a-a9b9-9dae4f4be123: start fd07e5d7-2dd9-455a-a9b9-9dae4f4be123@group-7083CF84009A-LeaderElection7
2022-12-06 16:24:42,901 [fd07e5d7-2dd9-455a-a9b9-9dae4f4be123@group-7083CF84009A-LeaderElection7] INFO  impl.LeaderElection (LeaderElection.java:askForVotes(312)) - fd07e5d7-2dd9-455a-a9b9-9dae4f4be123@group-7083CF84009A-LeaderElection7 ELECTION round 0: submit vote requests at term 1 for -1: peers:[fd07e5d7-2dd9-455a-a9b9-9dae4f4be123|rpc:10.1.0.176:45045|priority:1|startupRole:FOLLOWER]|listeners:[], old=null
2022-12-06 16:24:42,901 [fd07e5d7-2dd9-455a-a9b9-9dae4f4be123@group-7083CF84009A-LeaderElection7] INFO  impl.LeaderElection (LeaderElection.java:askForVotes(314)) - fd07e5d7-2dd9-455a-a9b9-9dae4f4be123@group-7083CF84009A-LeaderElection7 ELECTION round 0: result PASSED (term=1)
2022-12-06 16:24:42,901 [fd07e5d7-2dd9-455a-a9b9-9dae4f4be123@group-7083CF84009A-LeaderElection7] INFO  impl.RoleInfo (RoleInfo.java:shutdownLeaderElection(130)) - fd07e5d7-2dd9-455a-a9b9-9dae4f4be123: shutdown fd07e5d7-2dd9-455a-a9b9-9dae4f4be123@group-7083CF84009A-LeaderElection7
2022-12-06 16:24:42,901 [fd07e5d7-2dd9-455a-a9b9-9dae4f4be123@group-7083CF84009A-LeaderElection7] INFO  server.RaftServer$Division (RaftServerImpl.java:setRole(321)) - fd07e5d7-2dd9-455a-a9b9-9dae4f4be123@group-7083CF84009A: changes role from CANDIDATE to LEADER at term 1 for changeToLeader
2022-12-06 16:24:42,901 [fd07e5d7-2dd9-455a-a9b9-9dae4f4be123@group-7083CF84009A-LeaderElection7] INFO  ratis.XceiverServerRatis (XceiverServerRatis.java:handleLeaderChangedNotification(863)) - Leader change notification received for group: group-7083CF84009A with new leaderId: fd07e5d7-2dd9-455a-a9b9-9dae4f4be123
2022-12-06 16:24:42,901 [fd07e5d7-2dd9-455a-a9b9-9dae4f4be123@group-7083CF84009A-LeaderElection7] INFO  server.RaftServer$Division (ServerState.java:setLeader(313)) - fd07e5d7-2dd9-455a-a9b9-9dae4f4be123@group-7083CF84009A: change Leader from null to fd07e5d7-2dd9-455a-a9b9-9dae4f4be123 at term 1 for becomeLeader, leader elected after 5120ms
2022-12-06 16:24:42,901 [fd07e5d7-2dd9-455a-a9b9-9dae4f4be123@group-7083CF84009A-LeaderElection7] INFO  server.RaftServerConfigKeys (ConfUtils.java:logGet(46)) - raft.server.staging.catchup.gap = 1000 (default)
2022-12-06 16:24:42,902 [fd07e5d7-2dd9-455a-a9b9-9dae4f4be123@group-7083CF84009A-LeaderElection7] INFO  server.RaftServerConfigKeys (ConfUtils.java:logGet(46)) - raft.server.write.element-limit = 1024 (custom)
2022-12-06 16:24:42,902 [fd07e5d7-2dd9-455a-a9b9-9dae4f4be123@group-7083CF84009A-LeaderElection7] INFO  server.RaftServerConfigKeys (ConfUtils.java:logGet(46)) - raft.server.write.byte-limit = 1024 M (=1073741824) (custom)
2022-12-06 16:24:42,902 [EventQueue-OpenPipelineForHealthyPipelineSafeModeRule] INFO  safemode.SCMSafeModeManager (HealthyPipelineSafeModeRule.java:process(137)) - SCM in safe mode. Healthy pipelines reported count is 0, required healthy pipeline reported count is 1
2022-12-06 16:24:42,903 [EventQueue-CommandQueueReportForCommandQueueReportHandler] WARN  events.EventQueue (EventQueue.java:fireEvent(216)) - No event handler registered for event TypedEvent{payloadType=DatanodeDetails, name='Datanode_Command_Queue_Updated'}
2022-12-06 16:24:42,903 [fd07e5d7-2dd9-455a-a9b9-9dae4f4be123@group-7083CF84009A-LeaderElection7] INFO  server.RaftServerConfigKeys (ConfUtils.java:logGet(46)) - raft.server.watch.timeout = 180s (custom)
2022-12-06 16:24:42,903 [fd07e5d7-2dd9-455a-a9b9-9dae4f4be123@group-7083CF84009A-LeaderElection7] INFO  server.RaftServerConfigKeys (ConfUtils.java:logGet(46)) - raft.server.watch.timeout.denomination = 1s (default)
2022-12-06 16:24:42,903 [fd07e5d7-2dd9-455a-a9b9-9dae4f4be123@group-7083CF84009A-LeaderElection7] INFO  server.RaftServerConfigKeys (ConfUtils.java:logGet(46)) - raft.server.watch.element-limit = 65536 (default)
2022-12-06 16:24:42,903 [fd07e5d7-2dd9-455a-a9b9-9dae4f4be123@group-7083CF84009A-LeaderElection7] INFO  server.RaftServerConfigKeys (ConfUtils.java:logGet(46)) - raft.server.write.element-limit = 1024 (custom)
2022-12-06 16:24:42,903 [fd07e5d7-2dd9-455a-a9b9-9dae4f4be123@group-7083CF84009A-LeaderElection7] INFO  server.RaftServerConfigKeys (ConfUtils.java:logGet(46)) - raft.server.write.follower.gap.ratio.max = -1.0 (default)
2022-12-06 16:24:42,903 [fd07e5d7-2dd9-455a-a9b9-9dae4f4be123@group-7083CF84009A-LeaderElection7] INFO  impl.RoleInfo (RoleInfo.java:updateAndGet(139)) - fd07e5d7-2dd9-455a-a9b9-9dae4f4be123: start fd07e5d7-2dd9-455a-a9b9-9dae4f4be123@group-7083CF84009A-LeaderStateImpl
2022-12-06 16:24:42,904 [fd07e5d7-2dd9-455a-a9b9-9dae4f4be123@group-7083CF84009A-LeaderElection7] INFO  segmented.SegmentedRaftLogWorker (SegmentedRaftLogWorker.java:startLogSegment(452)) - fd07e5d7-2dd9-455a-a9b9-9dae4f4be123@group-7083CF84009A-SegmentedRaftLogWorker: Starting segment from index:0
2022-12-06 16:24:42,905 [fd07e5d7-2dd9-455a-a9b9-9dae4f4be123@group-7083CF84009A-SegmentedRaftLogWorker] INFO  segmented.SegmentedRaftLogWorker (SegmentedRaftLogWorker.java:execute(656)) - fd07e5d7-2dd9-455a-a9b9-9dae4f4be123@group-7083CF84009A-SegmentedRaftLogWorker: created new log segment /home/runner/work/ozone/ozone/hadoop-ozone/integration-test/target/test-dir/MiniOzoneClusterImpl-ff76fcda-2f7b-42b7-aafc-07b3f4cbd752/datanode-3/data/ratis/05fdfe6b-2f6c-43bb-8479-7083cf84009a/current/log_inprogress_0
2022-12-06 16:24:42,907 [fd07e5d7-2dd9-455a-a9b9-9dae4f4be123@group-7083CF84009A-LeaderElection7] INFO  server.RaftServer$Division (ServerState.java:setRaftConf(430)) - fd07e5d7-2dd9-455a-a9b9-9dae4f4be123@group-7083CF84009A: set configuration 0: peers:[fd07e5d7-2dd9-455a-a9b9-9dae4f4be123|rpc:10.1.0.176:45045|dataStream:|priority:1|startupRole:FOLLOWER]|listeners:[], old=null
2022-12-06 16:24:42,979 [fd07e5d7-2dd9-455a-a9b9-9dae4f4be123@group-032D02CB740D-FollowerState] INFO  impl.FollowerState (FollowerState.java:run(143)) - fd07e5d7-2dd9-455a-a9b9-9dae4f4be123@group-032D02CB740D-FollowerState: change to CANDIDATE, lastRpcElapsedTime:5047427571ns, electionTimeout:5046ms
2022-12-06 16:24:42,980 [fd07e5d7-2dd9-455a-a9b9-9dae4f4be123@group-032D02CB740D-FollowerState] INFO  impl.RoleInfo (RoleInfo.java:shutdownFollowerState(110)) - fd07e5d7-2dd9-455a-a9b9-9dae4f4be123: shutdown fd07e5d7-2dd9-455a-a9b9-9dae4f4be123@group-032D02CB740D-FollowerState
2022-12-06 16:24:42,980 [fd07e5d7-2dd9-455a-a9b9-9dae4f4be123@group-032D02CB740D-FollowerState] INFO  server.RaftServer$Division (RaftServerImpl.java:setRole(321)) - fd07e5d7-2dd9-455a-a9b9-9dae4f4be123@group-032D02CB740D: changes role from  FOLLOWER to CANDIDATE at term 0 for changeToCandidate
2022-12-06 16:24:42,980 [fd07e5d7-2dd9-455a-a9b9-9dae4f4be123@group-032D02CB740D-FollowerState] INFO  server.RaftServerConfigKeys (ConfUtils.java:logGet(46)) - raft.server.leaderelection.pre-vote = false (custom)
2022-12-06 16:24:42,980 [fd07e5d7-2dd9-455a-a9b9-9dae4f4be123@group-032D02CB740D-FollowerState] INFO  impl.RoleInfo (RoleInfo.java:updateAndGet(139)) - fd07e5d7-2dd9-455a-a9b9-9dae4f4be123: start fd07e5d7-2dd9-455a-a9b9-9dae4f4be123@group-032D02CB740D-LeaderElection8
2022-12-06 16:24:42,984 [fd07e5d7-2dd9-455a-a9b9-9dae4f4be123@group-032D02CB740D-LeaderElection8] INFO  impl.LeaderElection (LeaderElection.java:askForVotes(312)) - fd07e5d7-2dd9-455a-a9b9-9dae4f4be123@group-032D02CB740D-LeaderElection8 ELECTION round 0: submit vote requests at term 1 for -1: peers:[93471f04-f84a-446a-9dbd-94f45fb64b69|rpc:10.1.0.176:39615|priority:1|startupRole:FOLLOWER, fd07e5d7-2dd9-455a-a9b9-9dae4f4be123|rpc:10.1.0.176:45045|priority:0|startupRole:FOLLOWER, 592803f5-ace9-49ac-a54f-354c0e5baf2c|rpc:10.1.0.176:36049|priority:0|startupRole:FOLLOWER]|listeners:[], old=null
2022-12-06 16:24:42,984 [fd07e5d7-2dd9-455a-a9b9-9dae4f4be123@group-032D02CB740D-LeaderElection8] INFO  server.RaftServerConfigKeys (ConfUtils.java:logFallback(53)) - raft.server.rpc.first-election.timeout.min = 5s (fallback to raft.server.rpc.timeout.min)
2022-12-06 16:24:42,984 [fd07e5d7-2dd9-455a-a9b9-9dae4f4be123@group-032D02CB740D-LeaderElection8-1] INFO  server.GrpcServerProtocolClient (GrpcServerProtocolClient.java:<init>(63)) - Build channel for 93471f04-f84a-446a-9dbd-94f45fb64b69
2022-12-06 16:24:42,984 [fd07e5d7-2dd9-455a-a9b9-9dae4f4be123@group-032D02CB740D-LeaderElection8] INFO  server.RaftServerConfigKeys (ConfUtils.java:logFallback(53)) - raft.server.rpc.first-election.timeout.max = 5200ms (fallback to raft.server.rpc.timeout.max)
2022-12-06 16:24:42,986 [fd07e5d7-2dd9-455a-a9b9-9dae4f4be123@group-032D02CB740D-LeaderElection8-2] INFO  server.GrpcServerProtocolClient (GrpcServerProtocolClient.java:<init>(63)) - Build channel for 592803f5-ace9-49ac-a54f-354c0e5baf2c
2022-12-06 16:24:42,998 [grpc-default-executor-0] INFO  server.RaftServer$Division (RaftServerImpl.java:requestVote(1218)) - 592803f5-ace9-49ac-a54f-354c0e5baf2c@group-032D02CB740D: receive requestVote(ELECTION, fd07e5d7-2dd9-455a-a9b9-9dae4f4be123, group-032D02CB740D, 1, (t:0, i:0))
2022-12-06 16:24:42,998 [grpc-default-executor-0] INFO  impl.VoteContext (VoteContext.java:log(49)) - 592803f5-ace9-49ac-a54f-354c0e5baf2c@group-032D02CB740D-FOLLOWER: accept ELECTION from fd07e5d7-2dd9-455a-a9b9-9dae4f4be123: our priority 0 <= candidate's priority 0
2022-12-06 16:24:42,999 [grpc-default-executor-0] INFO  server.RaftServer$Division (RaftServerImpl.java:setRole(321)) - 592803f5-ace9-49ac-a54f-354c0e5baf2c@group-032D02CB740D: changes role from  FOLLOWER to FOLLOWER at term 1 for candidate:fd07e5d7-2dd9-455a-a9b9-9dae4f4be123
2022-12-06 16:24:42,999 [grpc-default-executor-0] INFO  impl.RoleInfo (RoleInfo.java:shutdownFollowerState(110)) - 592803f5-ace9-49ac-a54f-354c0e5baf2c: shutdown 592803f5-ace9-49ac-a54f-354c0e5baf2c@group-032D02CB740D-FollowerState
2022-12-06 16:24:42,999 [grpc-default-executor-0] INFO  impl.RoleInfo (RoleInfo.java:updateAndGet(139)) - 592803f5-ace9-49ac-a54f-354c0e5baf2c: start 592803f5-ace9-49ac-a54f-354c0e5baf2c@group-032D02CB740D-FollowerState
2022-12-06 16:24:43,002 [592803f5-ace9-49ac-a54f-354c0e5baf2c@group-032D02CB740D-FollowerState] INFO  impl.FollowerState (FollowerState.java:run(152)) - 592803f5-ace9-49ac-a54f-354c0e5baf2c@group-032D02CB740D-FollowerState was interrupted
2022-12-06 16:24:43,007 [grpc-default-executor-0] INFO  server.RaftServer$Division (RaftServerImpl.java:requestVote(1251)) - 592803f5-ace9-49ac-a54f-354c0e5baf2c@group-032D02CB740D replies to ELECTION vote request: fd07e5d7-2dd9-455a-a9b9-9dae4f4be123<-592803f5-ace9-49ac-a54f-354c0e5baf2c#0:OK-t1. Peer's state: 592803f5-ace9-49ac-a54f-354c0e5baf2c@group-032D02CB740D:t1, leader=null, voted=fd07e5d7-2dd9-455a-a9b9-9dae4f4be123, raftlog=Memoized:592803f5-ace9-49ac-a54f-354c0e5baf2c@group-032D02CB740D-SegmentedRaftLog:OPENED:c-1, conf=-1: peers:[93471f04-f84a-446a-9dbd-94f45fb64b69|rpc:10.1.0.176:39615|dataStream:|priority:1|startupRole:FOLLOWER, fd07e5d7-2dd9-455a-a9b9-9dae4f4be123|rpc:10.1.0.176:45045|dataStream:|priority:0|startupRole:FOLLOWER, 592803f5-ace9-49ac-a54f-354c0e5baf2c|rpc:10.1.0.176:36049|dataStream:|priority:0|startupRole:FOLLOWER]|listeners:[], old=null
2022-12-06 16:24:43,014 [592803f5-ace9-49ac-a54f-354c0e5baf2c@group-032D02CB740D-FollowerState] INFO  server.RaftServerConfigKeys (ConfUtils.java:logFallback(53)) - raft.server.rpc.first-election.timeout.min = 5s (fallback to raft.server.rpc.timeout.min)
2022-12-06 16:24:43,015 [592803f5-ace9-49ac-a54f-354c0e5baf2c@group-032D02CB740D-FollowerState] INFO  server.RaftServerConfigKeys (ConfUtils.java:logFallback(53)) - raft.server.rpc.first-election.timeout.max = 5200ms (fallback to raft.server.rpc.timeout.max)
2022-12-06 16:24:43,018 [grpc-default-executor-0] INFO  server.RaftServer$Division (RaftServerImpl.java:requestVote(1218)) - 93471f04-f84a-446a-9dbd-94f45fb64b69@group-032D02CB740D: receive requestVote(ELECTION, fd07e5d7-2dd9-455a-a9b9-9dae4f4be123, group-032D02CB740D, 1, (t:0, i:0))
2022-12-06 16:24:43,018 [grpc-default-executor-0] INFO  impl.VoteContext (VoteContext.java:log(49)) - 93471f04-f84a-446a-9dbd-94f45fb64b69@group-032D02CB740D-FOLLOWER: reject ELECTION from fd07e5d7-2dd9-455a-a9b9-9dae4f4be123: our priority 1 > candidate's priority 0
2022-12-06 16:24:43,018 [grpc-default-executor-0] INFO  server.RaftServer$Division (RaftServerImpl.java:setRole(321)) - 93471f04-f84a-446a-9dbd-94f45fb64b69@group-032D02CB740D: changes role from  FOLLOWER to FOLLOWER at term 1 for candidate:fd07e5d7-2dd9-455a-a9b9-9dae4f4be123
2022-12-06 16:24:43,018 [grpc-default-executor-0] INFO  impl.RoleInfo (RoleInfo.java:shutdownFollowerState(110)) - 93471f04-f84a-446a-9dbd-94f45fb64b69: shutdown 93471f04-f84a-446a-9dbd-94f45fb64b69@group-032D02CB740D-FollowerState
2022-12-06 16:24:43,018 [grpc-default-executor-0] INFO  impl.RoleInfo (RoleInfo.java:updateAndGet(139)) - 93471f04-f84a-446a-9dbd-94f45fb64b69: start 93471f04-f84a-446a-9dbd-94f45fb64b69@group-032D02CB740D-FollowerState
2022-12-06 16:24:43,018 [93471f04-f84a-446a-9dbd-94f45fb64b69@group-032D02CB740D-FollowerState] INFO  impl.FollowerState (FollowerState.java:run(152)) - 93471f04-f84a-446a-9dbd-94f45fb64b69@group-032D02CB740D-FollowerState was interrupted
2022-12-06 16:24:43,020 [grpc-default-executor-0] INFO  server.RaftServer$Division (RaftServerImpl.java:requestVote(1251)) - 93471f04-f84a-446a-9dbd-94f45fb64b69@group-032D02CB740D replies to ELECTION vote request: fd07e5d7-2dd9-455a-a9b9-9dae4f4be123<-93471f04-f84a-446a-9dbd-94f45fb64b69#0:FAIL-t1. Peer's state: 93471f04-f84a-446a-9dbd-94f45fb64b69@group-032D02CB740D:t1, leader=null, voted=null, raftlog=Memoized:93471f04-f84a-446a-9dbd-94f45fb64b69@group-032D02CB740D-SegmentedRaftLog:OPENED:c-1, conf=-1: peers:[93471f04-f84a-446a-9dbd-94f45fb64b69|rpc:10.1.0.176:39615|dataStream:|priority:1|startupRole:FOLLOWER, fd07e5d7-2dd9-455a-a9b9-9dae4f4be123|rpc:10.1.0.176:45045|dataStream:|priority:0|startupRole:FOLLOWER, 592803f5-ace9-49ac-a54f-354c0e5baf2c|rpc:10.1.0.176:36049|dataStream:|priority:0|startupRole:FOLLOWER]|listeners:[], old=null
2022-12-06 16:24:43,027 [fd07e5d7-2dd9-455a-a9b9-9dae4f4be123@group-032D02CB740D-LeaderElection8] INFO  impl.LeaderElection (LeaderElection.java:logAndReturn(90)) - fd07e5d7-2dd9-455a-a9b9-9dae4f4be123@group-032D02CB740D-LeaderElection8: ELECTION REJECTED received 2 response(s) and 0 exception(s):
2022-12-06 16:24:43,027 [fd07e5d7-2dd9-455a-a9b9-9dae4f4be123@group-032D02CB740D-LeaderElection8] INFO  impl.LeaderElection (LeaderElection.java:logAndReturn(94)) -   Response 0: fd07e5d7-2dd9-455a-a9b9-9dae4f4be123<-93471f04-f84a-446a-9dbd-94f45fb64b69#0:FAIL-t1
2022-12-06 16:24:43,027 [93471f04-f84a-446a-9dbd-94f45fb64b69@group-032D02CB740D-FollowerState] INFO  server.RaftServerConfigKeys (ConfUtils.java:logFallback(53)) - raft.server.rpc.first-election.timeout.min = 5s (fallback to raft.server.rpc.timeout.min)
2022-12-06 16:24:43,027 [fd07e5d7-2dd9-455a-a9b9-9dae4f4be123@group-032D02CB740D-LeaderElection8] INFO  impl.LeaderElection (LeaderElection.java:logAndReturn(94)) -   Response 1: fd07e5d7-2dd9-455a-a9b9-9dae4f4be123<-592803f5-ace9-49ac-a54f-354c0e5baf2c#0:OK-t1
2022-12-06 16:24:43,034 [fd07e5d7-2dd9-455a-a9b9-9dae4f4be123@group-032D02CB740D-LeaderElection8] INFO  impl.LeaderElection (LeaderElection.java:askForVotes(314)) - fd07e5d7-2dd9-455a-a9b9-9dae4f4be123@group-032D02CB740D-LeaderElection8 ELECTION round 0: result REJECTED
2022-12-06 16:24:43,033 [93471f04-f84a-446a-9dbd-94f45fb64b69@group-032D02CB740D-FollowerState] INFO  server.RaftServerConfigKeys (ConfUtils.java:logFallback(53)) - raft.server.rpc.first-election.timeout.max = 5200ms (fallback to raft.server.rpc.timeout.max)
2022-12-06 16:24:43,035 [fd07e5d7-2dd9-455a-a9b9-9dae4f4be123@group-032D02CB740D-LeaderElection8] INFO  server.RaftServer$Division (RaftServerImpl.java:setRole(321)) - fd07e5d7-2dd9-455a-a9b9-9dae4f4be123@group-032D02CB740D: changes role from CANDIDATE to FOLLOWER at term 1 for REJECTED
2022-12-06 16:24:43,035 [fd07e5d7-2dd9-455a-a9b9-9dae4f4be123@group-032D02CB740D-LeaderElection8] INFO  impl.RoleInfo (RoleInfo.java:shutdownLeaderElection(130)) - fd07e5d7-2dd9-455a-a9b9-9dae4f4be123: shutdown fd07e5d7-2dd9-455a-a9b9-9dae4f4be123@group-032D02CB740D-LeaderElection8
2022-12-06 16:24:43,035 [fd07e5d7-2dd9-455a-a9b9-9dae4f4be123@group-032D02CB740D-LeaderElection8] INFO  impl.RoleInfo (RoleInfo.java:updateAndGet(139)) - fd07e5d7-2dd9-455a-a9b9-9dae4f4be123: start fd07e5d7-2dd9-455a-a9b9-9dae4f4be123@group-032D02CB740D-FollowerState
2022-12-06 16:24:43,039 [fd07e5d7-2dd9-455a-a9b9-9dae4f4be123@group-032D02CB740D-FollowerState] INFO  server.RaftServerConfigKeys (ConfUtils.java:logFallback(53)) - raft.server.rpc.first-election.timeout.min = 5s (fallback to raft.server.rpc.timeout.min)
2022-12-06 16:24:43,039 [fd07e5d7-2dd9-455a-a9b9-9dae4f4be123@group-032D02CB740D-FollowerState] INFO  server.RaftServerConfigKeys (ConfUtils.java:logFallback(53)) - raft.server.rpc.first-election.timeout.max = 5200ms (fallback to raft.server.rpc.timeout.max)
2022-12-06 16:24:43,158 [EventQueue-CommandQueueReportForCommandQueueReportHandler] WARN  events.EventQueue (EventQueue.java:fireEvent(216)) - No event handler registered for event TypedEvent{payloadType=DatanodeDetails, name='Datanode_Command_Queue_Updated'}
2022-12-06 16:24:43,268 [592803f5-ace9-49ac-a54f-354c0e5baf2c@group-23A236CF6C1C-FollowerState] INFO  impl.FollowerState (FollowerState.java:run(143)) - 592803f5-ace9-49ac-a54f-354c0e5baf2c@group-23A236CF6C1C-FollowerState: change to CANDIDATE, lastRpcElapsedTime:5025628245ns, electionTimeout:5005ms
2022-12-06 16:24:43,268 [592803f5-ace9-49ac-a54f-354c0e5baf2c@group-23A236CF6C1C-FollowerState] INFO  impl.RoleInfo (RoleInfo.java:shutdownFollowerState(110)) - 592803f5-ace9-49ac-a54f-354c0e5baf2c: shutdown 592803f5-ace9-49ac-a54f-354c0e5baf2c@group-23A236CF6C1C-FollowerState
2022-12-06 16:24:43,268 [592803f5-ace9-49ac-a54f-354c0e5baf2c@group-23A236CF6C1C-FollowerState] INFO  server.RaftServer$Division (RaftServerImpl.java:setRole(321)) - 592803f5-ace9-49ac-a54f-354c0e5baf2c@group-23A236CF6C1C: changes role from  FOLLOWER to CANDIDATE at term 0 for changeToCandidate
2022-12-06 16:24:43,268 [93471f04-f84a-446a-9dbd-94f45fb64b69@group-23A236CF6C1C-FollowerState] INFO  impl.FollowerState (FollowerState.java:run(143)) - 93471f04-f84a-446a-9dbd-94f45fb64b69@group-23A236CF6C1C-FollowerState: change to CANDIDATE, lastRpcElapsedTime:5070304248ns, electionTimeout:5068ms
2022-12-06 16:24:43,268 [592803f5-ace9-49ac-a54f-354c0e5baf2c@group-23A236CF6C1C-FollowerState] INFO  server.RaftServerConfigKeys (ConfUtils.java:logGet(46)) - raft.server.leaderelection.pre-vote = false (custom)
2022-12-06 16:24:43,268 [592803f5-ace9-49ac-a54f-354c0e5baf2c@group-23A236CF6C1C-FollowerState] INFO  impl.RoleInfo (RoleInfo.java:updateAndGet(139)) - 592803f5-ace9-49ac-a54f-354c0e5baf2c: start 592803f5-ace9-49ac-a54f-354c0e5baf2c@group-23A236CF6C1C-LeaderElection9
2022-12-06 16:24:43,268 [93471f04-f84a-446a-9dbd-94f45fb64b69@group-23A236CF6C1C-FollowerState] INFO  impl.RoleInfo (RoleInfo.java:shutdownFollowerState(110)) - 93471f04-f84a-446a-9dbd-94f45fb64b69: shutdown 93471f04-f84a-446a-9dbd-94f45fb64b69@group-23A236CF6C1C-FollowerState
2022-12-06 16:24:43,268 [93471f04-f84a-446a-9dbd-94f45fb64b69@group-23A236CF6C1C-FollowerState] INFO  server.RaftServer$Division (RaftServerImpl.java:setRole(321)) - 93471f04-f84a-446a-9dbd-94f45fb64b69@group-23A236CF6C1C: changes role from  FOLLOWER to CANDIDATE at term 0 for changeToCandidate
2022-12-06 16:24:43,269 [93471f04-f84a-446a-9dbd-94f45fb64b69@group-23A236CF6C1C-FollowerState] INFO  server.RaftServerConfigKeys (ConfUtils.java:logGet(46)) - raft.server.leaderelection.pre-vote = false (custom)
2022-12-06 16:24:43,269 [93471f04-f84a-446a-9dbd-94f45fb64b69@group-23A236CF6C1C-FollowerState] INFO  impl.RoleInfo (RoleInfo.java:updateAndGet(139)) - 93471f04-f84a-446a-9dbd-94f45fb64b69: start 93471f04-f84a-446a-9dbd-94f45fb64b69@group-23A236CF6C1C-LeaderElection10
2022-12-06 16:24:43,276 [93471f04-f84a-446a-9dbd-94f45fb64b69@group-23A236CF6C1C-LeaderElection10] INFO  impl.LeaderElection (LeaderElection.java:askForVotes(312)) - 93471f04-f84a-446a-9dbd-94f45fb64b69@group-23A236CF6C1C-LeaderElection10 ELECTION round 0: submit vote requests at term 1 for -1: peers:[93471f04-f84a-446a-9dbd-94f45fb64b69|rpc:10.1.0.176:39615|priority:0|startupRole:FOLLOWER, fd07e5d7-2dd9-455a-a9b9-9dae4f4be123|rpc:10.1.0.176:45045|priority:0|startupRole:FOLLOWER, 592803f5-ace9-49ac-a54f-354c0e5baf2c|rpc:10.1.0.176:36049|priority:1|startupRole:FOLLOWER]|listeners:[], old=null
2022-12-06 16:24:43,277 [93471f04-f84a-446a-9dbd-94f45fb64b69@group-23A236CF6C1C-LeaderElection10-1] INFO  server.GrpcServerProtocolClient (GrpcServerProtocolClient.java:<init>(63)) - Build channel for fd07e5d7-2dd9-455a-a9b9-9dae4f4be123
2022-12-06 16:24:43,281 [93471f04-f84a-446a-9dbd-94f45fb64b69@group-23A236CF6C1C-LeaderElection10] INFO  server.RaftServerConfigKeys (ConfUtils.java:logFallback(53)) - raft.server.rpc.first-election.timeout.min = 5s (fallback to raft.server.rpc.timeout.min)
2022-12-06 16:24:43,281 [93471f04-f84a-446a-9dbd-94f45fb64b69@group-23A236CF6C1C-LeaderElection10] INFO  server.RaftServerConfigKeys (ConfUtils.java:logFallback(53)) - raft.server.rpc.first-election.timeout.max = 5200ms (fallback to raft.server.rpc.timeout.max)
2022-12-06 16:24:43,287 [93471f04-f84a-446a-9dbd-94f45fb64b69@group-23A236CF6C1C-LeaderElection10-2] INFO  server.GrpcServerProtocolClient (GrpcServerProtocolClient.java:<init>(63)) - Build channel for 592803f5-ace9-49ac-a54f-354c0e5baf2c
2022-12-06 16:24:43,288 [592803f5-ace9-49ac-a54f-354c0e5baf2c@group-23A236CF6C1C-LeaderElection9] INFO  impl.LeaderElection (LeaderElection.java:askForVotes(312)) - 592803f5-ace9-49ac-a54f-354c0e5baf2c@group-23A236CF6C1C-LeaderElection9 ELECTION round 0: submit vote requests at term 1 for -1: peers:[93471f04-f84a-446a-9dbd-94f45fb64b69|rpc:10.1.0.176:39615|dataStream:|priority:0|startupRole:FOLLOWER, fd07e5d7-2dd9-455a-a9b9-9dae4f4be123|rpc:10.1.0.176:45045|dataStream:|priority:0|startupRole:FOLLOWER, 592803f5-ace9-49ac-a54f-354c0e5baf2c|rpc:10.1.0.176:36049|dataStream:|priority:1|startupRole:FOLLOWER]|listeners:[], old=null
2022-12-06 16:24:43,290 [592803f5-ace9-49ac-a54f-354c0e5baf2c@group-23A236CF6C1C-LeaderElection9-1] INFO  server.GrpcServerProtocolClient (GrpcServerProtocolClient.java:<init>(63)) - Build channel for 93471f04-f84a-446a-9dbd-94f45fb64b69
2022-12-06 16:24:43,299 [grpc-default-executor-0] INFO  server.RaftServer$Division (RaftServerImpl.java:requestVote(1218)) - fd07e5d7-2dd9-455a-a9b9-9dae4f4be123@group-23A236CF6C1C: receive requestVote(ELECTION, 93471f04-f84a-446a-9dbd-94f45fb64b69, group-23A236CF6C1C, 1, (t:0, i:0))
2022-12-06 16:24:43,299 [grpc-default-executor-0] INFO  impl.VoteContext (VoteContext.java:log(49)) - fd07e5d7-2dd9-455a-a9b9-9dae4f4be123@group-23A236CF6C1C-FOLLOWER: accept ELECTION from 93471f04-f84a-446a-9dbd-94f45fb64b69: our priority 0 <= candidate's priority 0
2022-12-06 16:24:43,299 [grpc-default-executor-0] INFO  server.RaftServer$Division (RaftServerImpl.java:setRole(321)) - fd07e5d7-2dd9-455a-a9b9-9dae4f4be123@group-23A236CF6C1C: changes role from  FOLLOWER to FOLLOWER at term 1 for candidate:93471f04-f84a-446a-9dbd-94f45fb64b69
2022-12-06 16:24:43,299 [grpc-default-executor-0] INFO  impl.RoleInfo (RoleInfo.java:shutdownFollowerState(110)) - fd07e5d7-2dd9-455a-a9b9-9dae4f4be123: shutdown fd07e5d7-2dd9-455a-a9b9-9dae4f4be123@group-23A236CF6C1C-FollowerState
2022-12-06 16:24:43,299 [grpc-default-executor-0] INFO  impl.RoleInfo (RoleInfo.java:updateAndGet(139)) - fd07e5d7-2dd9-455a-a9b9-9dae4f4be123: start fd07e5d7-2dd9-455a-a9b9-9dae4f4be123@group-23A236CF6C1C-FollowerState
2022-12-06 16:24:43,299 [fd07e5d7-2dd9-455a-a9b9-9dae4f4be123@group-23A236CF6C1C-FollowerState] INFO  impl.FollowerState (FollowerState.java:run(152)) - fd07e5d7-2dd9-455a-a9b9-9dae4f4be123@group-23A236CF6C1C-FollowerState was interrupted
2022-12-06 16:24:43,302 [grpc-default-executor-0] INFO  server.RaftServer$Division (RaftServerImpl.java:requestVote(1251)) - fd07e5d7-2dd9-455a-a9b9-9dae4f4be123@group-23A236CF6C1C replies to ELECTION vote request: 93471f04-f84a-446a-9dbd-94f45fb64b69<-fd07e5d7-2dd9-455a-a9b9-9dae4f4be123#0:OK-t1. Peer's state: fd07e5d7-2dd9-455a-a9b9-9dae4f4be123@group-23A236CF6C1C:t1, leader=null, voted=93471f04-f84a-446a-9dbd-94f45fb64b69, raftlog=Memoized:fd07e5d7-2dd9-455a-a9b9-9dae4f4be123@group-23A236CF6C1C-SegmentedRaftLog:OPENED:c-1, conf=-1: peers:[93471f04-f84a-446a-9dbd-94f45fb64b69|rpc:10.1.0.176:39615|priority:0|startupRole:FOLLOWER, fd07e5d7-2dd9-455a-a9b9-9dae4f4be123|rpc:10.1.0.176:45045|priority:0|startupRole:FOLLOWER, 592803f5-ace9-49ac-a54f-354c0e5baf2c|rpc:10.1.0.176:36049|priority:1|startupRole:FOLLOWER]|listeners:[], old=null
2022-12-06 16:24:43,304 [592803f5-ace9-49ac-a54f-354c0e5baf2c@group-23A236CF6C1C-LeaderElection9] INFO  server.RaftServerConfigKeys (ConfUtils.java:logFallback(53)) - raft.server.rpc.first-election.timeout.min = 5s (fallback to raft.server.rpc.timeout.min)
2022-12-06 16:24:43,304 [592803f5-ace9-49ac-a54f-354c0e5baf2c@group-23A236CF6C1C-LeaderElection9] INFO  server.RaftServerConfigKeys (ConfUtils.java:logFallback(53)) - raft.server.rpc.first-election.timeout.max = 5200ms (fallback to raft.server.rpc.timeout.max)
2022-12-06 16:24:43,304 [592803f5-ace9-49ac-a54f-354c0e5baf2c@group-23A236CF6C1C-LeaderElection9-2] INFO  server.GrpcServerProtocolClient (GrpcServerProtocolClient.java:<init>(63)) - Build channel for fd07e5d7-2dd9-455a-a9b9-9dae4f4be123
2022-12-06 16:24:43,307 [93471f04-f84a-446a-9dbd-94f45fb64b69@group-46E1FAA48D23-FollowerState] INFO  impl.FollowerState (FollowerState.java:run(143)) - 93471f04-f84a-446a-9dbd-94f45fb64b69@group-46E1FAA48D23-FollowerState: change to CANDIDATE, lastRpcElapsedTime:5149021813ns, electionTimeout:5145ms
2022-12-06 16:24:43,307 [93471f04-f84a-446a-9dbd-94f45fb64b69@group-46E1FAA48D23-FollowerState] INFO  impl.RoleInfo (RoleInfo.java:shutdownFollowerState(110)) - 93471f04-f84a-446a-9dbd-94f45fb64b69: shutdown 93471f04-f84a-446a-9dbd-94f45fb64b69@group-46E1FAA48D23-FollowerState
2022-12-06 16:24:43,307 [93471f04-f84a-446a-9dbd-94f45fb64b69@group-46E1FAA48D23-FollowerState] INFO  server.RaftServer$Division (RaftServerImpl.java:setRole(321)) - 93471f04-f84a-446a-9dbd-94f45fb64b69@group-46E1FAA48D23: changes role from  FOLLOWER to CANDIDATE at term 0 for changeToCandidate
2022-12-06 16:24:43,308 [93471f04-f84a-446a-9dbd-94f45fb64b69@group-46E1FAA48D23-FollowerState] INFO  server.RaftServerConfigKeys (ConfUtils.java:logGet(46)) - raft.server.leaderelection.pre-vote = false (custom)
2022-12-06 16:24:43,308 [93471f04-f84a-446a-9dbd-94f45fb64b69@group-46E1FAA48D23-FollowerState] INFO  impl.RoleInfo (RoleInfo.java:updateAndGet(139)) - 93471f04-f84a-446a-9dbd-94f45fb64b69: start 93471f04-f84a-446a-9dbd-94f45fb64b69@group-46E1FAA48D23-LeaderElection11
2022-12-06 16:24:43,308 [fd07e5d7-2dd9-455a-a9b9-9dae4f4be123@group-23A236CF6C1C-FollowerState] INFO  server.RaftServerConfigKeys (ConfUtils.java:logFallback(53)) - raft.server.rpc.first-election.timeout.min = 5s (fallback to raft.server.rpc.timeout.min)
2022-12-06 16:24:43,308 [fd07e5d7-2dd9-455a-a9b9-9dae4f4be123@group-23A236CF6C1C-FollowerState] INFO  server.RaftServerConfigKeys (ConfUtils.java:logFallback(53)) - raft.server.rpc.first-election.timeout.max = 5200ms (fallback to raft.server.rpc.timeout.max)
2022-12-06 16:24:43,313 [93471f04-f84a-446a-9dbd-94f45fb64b69@group-46E1FAA48D23-LeaderElection11] INFO  impl.LeaderElection (LeaderElection.java:askForVotes(312)) - 93471f04-f84a-446a-9dbd-94f45fb64b69@group-46E1FAA48D23-LeaderElection11 ELECTION round 0: submit vote requests at term 1 for -1: peers:[93471f04-f84a-446a-9dbd-94f45fb64b69|rpc:10.1.0.176:39615|priority:1|startupRole:FOLLOWER]|listeners:[], old=null
2022-12-06 16:24:43,313 [93471f04-f84a-446a-9dbd-94f45fb64b69@group-46E1FAA48D23-LeaderElection11] INFO  impl.LeaderElection (LeaderElection.java:askForVotes(314)) - 93471f04-f84a-446a-9dbd-94f45fb64b69@group-46E1FAA48D23-LeaderElection11 ELECTION round 0: result PASSED (term=1)
2022-12-06 16:24:43,313 [93471f04-f84a-446a-9dbd-94f45fb64b69@group-46E1FAA48D23-LeaderElection11] INFO  impl.RoleInfo (RoleInfo.java:shutdownLeaderElection(130)) - 93471f04-f84a-446a-9dbd-94f45fb64b69: shutdown 93471f04-f84a-446a-9dbd-94f45fb64b69@group-46E1FAA48D23-LeaderElection11
2022-12-06 16:24:43,313 [93471f04-f84a-446a-9dbd-94f45fb64b69@group-46E1FAA48D23-LeaderElection11] INFO  server.RaftServer$Division (RaftServerImpl.java:setRole(321)) - 93471f04-f84a-446a-9dbd-94f45fb64b69@group-46E1FAA48D23: changes role from CANDIDATE to LEADER at term 1 for changeToLeader
2022-12-06 16:24:43,313 [93471f04-f84a-446a-9dbd-94f45fb64b69@group-46E1FAA48D23-LeaderElection11] INFO  ratis.XceiverServerRatis (XceiverServerRatis.java:handleLeaderChangedNotification(863)) - Leader change notification received for group: group-46E1FAA48D23 with new leaderId: 93471f04-f84a-446a-9dbd-94f45fb64b69
2022-12-06 16:24:43,318 [EventQueue-OpenPipelineForHealthyPipelineSafeModeRule] INFO  safemode.SCMSafeModeManager (HealthyPipelineSafeModeRule.java:process(137)) - SCM in safe mode. Healthy pipelines reported count is 0, required healthy pipeline reported count is 1
2022-12-06 16:24:43,318 [EventQueue-CommandQueueReportForCommandQueueReportHandler] WARN  events.EventQueue (EventQueue.java:fireEvent(216)) - No event handler registered for event TypedEvent{payloadType=DatanodeDetails, name='Datanode_Command_Queue_Updated'}
2022-12-06 16:24:43,318 [93471f04-f84a-446a-9dbd-94f45fb64b69@group-46E1FAA48D23-LeaderElection11] INFO  server.RaftServer$Division (ServerState.java:setLeader(313)) - 93471f04-f84a-446a-9dbd-94f45fb64b69@group-46E1FAA48D23: change Leader from null to 93471f04-f84a-446a-9dbd-94f45fb64b69 at term 1 for becomeLeader, leader elected after 5188ms
2022-12-06 16:24:43,319 [93471f04-f84a-446a-9dbd-94f45fb64b69@group-46E1FAA48D23-LeaderElection11] INFO  server.RaftServerConfigKeys (ConfUtils.java:logGet(46)) - raft.server.staging.catchup.gap = 1000 (default)
2022-12-06 16:24:43,319 [93471f04-f84a-446a-9dbd-94f45fb64b69@group-46E1FAA48D23-LeaderElection11] INFO  server.RaftServerConfigKeys (ConfUtils.java:logGet(46)) - raft.server.write.element-limit = 1024 (custom)
2022-12-06 16:24:43,319 [93471f04-f84a-446a-9dbd-94f45fb64b69@group-46E1FAA48D23-LeaderElection11] INFO  server.RaftServerConfigKeys (ConfUtils.java:logGet(46)) - raft.server.write.byte-limit = 1024 M (=1073741824) (custom)
2022-12-06 16:24:43,319 [93471f04-f84a-446a-9dbd-94f45fb64b69@group-46E1FAA48D23-LeaderElection11] INFO  server.RaftServerConfigKeys (ConfUtils.java:logGet(46)) - raft.server.watch.timeout = 180s (custom)
2022-12-06 16:24:43,319 [93471f04-f84a-446a-9dbd-94f45fb64b69@group-46E1FAA48D23-LeaderElection11] INFO  server.RaftServerConfigKeys (ConfUtils.java:logGet(46)) - raft.server.watch.timeout.denomination = 1s (default)
2022-12-06 16:24:43,319 [93471f04-f84a-446a-9dbd-94f45fb64b69@group-46E1FAA48D23-LeaderElection11] INFO  server.RaftServerConfigKeys (ConfUtils.java:logGet(46)) - raft.server.watch.element-limit = 65536 (default)
2022-12-06 16:24:43,319 [93471f04-f84a-446a-9dbd-94f45fb64b69@group-46E1FAA48D23-LeaderElection11] INFO  server.RaftServerConfigKeys (ConfUtils.java:logGet(46)) - raft.server.write.element-limit = 1024 (custom)
2022-12-06 16:24:43,319 [93471f04-f84a-446a-9dbd-94f45fb64b69@group-46E1FAA48D23-LeaderElection11] INFO  server.RaftServerConfigKeys (ConfUtils.java:logGet(46)) - raft.server.write.follower.gap.ratio.max = -1.0 (default)
2022-12-06 16:24:43,319 [grpc-default-executor-0] INFO  server.RaftServer$Division (RaftServerImpl.java:requestVote(1218)) - 592803f5-ace9-49ac-a54f-354c0e5baf2c@group-23A236CF6C1C: receive requestVote(ELECTION, 93471f04-f84a-446a-9dbd-94f45fb64b69, group-23A236CF6C1C, 1, (t:0, i:0))
2022-12-06 16:24:43,319 [93471f04-f84a-446a-9dbd-94f45fb64b69@group-46E1FAA48D23-LeaderElection11] INFO  impl.RoleInfo (RoleInfo.java:updateAndGet(139)) - 93471f04-f84a-446a-9dbd-94f45fb64b69: start 93471f04-f84a-446a-9dbd-94f45fb64b69@group-46E1FAA48D23-LeaderStateImpl
2022-12-06 16:24:43,319 [grpc-default-executor-0] INFO  impl.VoteContext (VoteContext.java:log(49)) - 592803f5-ace9-49ac-a54f-354c0e5baf2c@group-23A236CF6C1C-CANDIDATE: reject ELECTION from 93471f04-f84a-446a-9dbd-94f45fb64b69: already has voted for 592803f5-ace9-49ac-a54f-354c0e5baf2c at current term 1
2022-12-06 16:24:43,320 [grpc-default-executor-0] INFO  server.RaftServer$Division (RaftServerImpl.java:requestVote(1251)) - 592803f5-ace9-49ac-a54f-354c0e5baf2c@group-23A236CF6C1C replies to ELECTION vote request: 93471f04-f84a-446a-9dbd-94f45fb64b69<-592803f5-ace9-49ac-a54f-354c0e5baf2c#0:FAIL-t1. Peer's state: 592803f5-ace9-49ac-a54f-354c0e5baf2c@group-23A236CF6C1C:t1, leader=null, voted=592803f5-ace9-49ac-a54f-354c0e5baf2c, raftlog=Memoized:592803f5-ace9-49ac-a54f-354c0e5baf2c@group-23A236CF6C1C-SegmentedRaftLog:OPENED:c-1, conf=-1: peers:[93471f04-f84a-446a-9dbd-94f45fb64b69|rpc:10.1.0.176:39615|dataStream:|priority:0|startupRole:FOLLOWER, fd07e5d7-2dd9-455a-a9b9-9dae4f4be123|rpc:10.1.0.176:45045|dataStream:|priority:0|startupRole:FOLLOWER, 592803f5-ace9-49ac-a54f-354c0e5baf2c|rpc:10.1.0.176:36049|dataStream:|priority:1|startupRole:FOLLOWER]|listeners:[], old=null
2022-12-06 16:24:43,320 [93471f04-f84a-446a-9dbd-94f45fb64b69@group-46E1FAA48D23-LeaderElection11] INFO  segmented.SegmentedRaftLogWorker (SegmentedRaftLogWorker.java:startLogSegment(452)) - 93471f04-f84a-446a-9dbd-94f45fb64b69@group-46E1FAA48D23-SegmentedRaftLogWorker: Starting segment from index:0
2022-12-06 16:24:43,321 [grpc-default-executor-1] INFO  server.RaftServer$Division (RaftServerImpl.java:requestVote(1218)) - 93471f04-f84a-446a-9dbd-94f45fb64b69@group-23A236CF6C1C: receive requestVote(ELECTION, 592803f5-ace9-49ac-a54f-354c0e5baf2c, group-23A236CF6C1C, 1, (t:0, i:0))
2022-12-06 16:24:43,321 [grpc-default-executor-2] INFO  server.RaftServer$Division (RaftServerImpl.java:requestVote(1218)) - fd07e5d7-2dd9-455a-a9b9-9dae4f4be123@group-23A236CF6C1C: receive requestVote(ELECTION, 592803f5-ace9-49ac-a54f-354c0e5baf2c, group-23A236CF6C1C, 1, (t:0, i:0))
2022-12-06 16:24:43,321 [93471f04-f84a-446a-9dbd-94f45fb64b69@group-46E1FAA48D23-SegmentedRaftLogWorker] INFO  segmented.SegmentedRaftLogWorker (SegmentedRaftLogWorker.java:execute(656)) - 93471f04-f84a-446a-9dbd-94f45fb64b69@group-46E1FAA48D23-SegmentedRaftLogWorker: created new log segment /home/runner/work/ozone/ozone/hadoop-ozone/integration-test/target/test-dir/MiniOzoneClusterImpl-ff76fcda-2f7b-42b7-aafc-07b3f4cbd752/datanode-4/data/ratis/bd206ac1-f978-4080-a1f0-46e1faa48d23/current/log_inprogress_0
2022-12-06 16:24:43,322 [93471f04-f84a-446a-9dbd-94f45fb64b69@group-46E1FAA48D23-LeaderElection11] INFO  server.RaftServer$Division (ServerState.java:setRaftConf(430)) - 93471f04-f84a-446a-9dbd-94f45fb64b69@group-46E1FAA48D23: set configuration 0: peers:[93471f04-f84a-446a-9dbd-94f45fb64b69|rpc:10.1.0.176:39615|dataStream:|priority:1|startupRole:FOLLOWER]|listeners:[], old=null
2022-12-06 16:24:43,323 [93471f04-f84a-446a-9dbd-94f45fb64b69@group-23A236CF6C1C-LeaderElection10] INFO  impl.LeaderElection (LeaderElection.java:logAndReturn(90)) - 93471f04-f84a-446a-9dbd-94f45fb64b69@group-23A236CF6C1C-LeaderElection10: ELECTION REJECTED received 2 response(s) and 0 exception(s):
2022-12-06 16:24:43,323 [93471f04-f84a-446a-9dbd-94f45fb64b69@group-23A236CF6C1C-LeaderElection10] INFO  impl.LeaderElection (LeaderElection.java:logAndReturn(94)) -   Response 0: 93471f04-f84a-446a-9dbd-94f45fb64b69<-fd07e5d7-2dd9-455a-a9b9-9dae4f4be123#0:OK-t1
2022-12-06 16:24:43,323 [93471f04-f84a-446a-9dbd-94f45fb64b69@group-23A236CF6C1C-LeaderElection10] INFO  impl.LeaderElection (LeaderElection.java:logAndReturn(94)) -   Response 1: 93471f04-f84a-446a-9dbd-94f45fb64b69<-592803f5-ace9-49ac-a54f-354c0e5baf2c#0:FAIL-t1
2022-12-06 16:24:43,323 [93471f04-f84a-446a-9dbd-94f45fb64b69@group-23A236CF6C1C-LeaderElection10] INFO  impl.LeaderElection (LeaderElection.java:askForVotes(314)) - 93471f04-f84a-446a-9dbd-94f45fb64b69@group-23A236CF6C1C-LeaderElection10 ELECTION round 0: result REJECTED
2022-12-06 16:24:43,321 [grpc-default-executor-1] INFO  impl.VoteContext (VoteContext.java:log(49)) - 93471f04-f84a-446a-9dbd-94f45fb64b69@group-23A236CF6C1C-CANDIDATE: reject ELECTION from 592803f5-ace9-49ac-a54f-354c0e5baf2c: already has voted for 93471f04-f84a-446a-9dbd-94f45fb64b69 at current term 1
2022-12-06 16:24:43,323 [grpc-default-executor-1] INFO  server.RaftServer$Division (RaftServerImpl.java:requestVote(1251)) - 93471f04-f84a-446a-9dbd-94f45fb64b69@group-23A236CF6C1C replies to ELECTION vote request: 592803f5-ace9-49ac-a54f-354c0e5baf2c<-93471f04-f84a-446a-9dbd-94f45fb64b69#0:FAIL-t1. Peer's state: 93471f04-f84a-446a-9dbd-94f45fb64b69@group-23A236CF6C1C:t1, leader=null, voted=93471f04-f84a-446a-9dbd-94f45fb64b69, raftlog=Memoized:93471f04-f84a-446a-9dbd-94f45fb64b69@group-23A236CF6C1C-SegmentedRaftLog:OPENED:c-1, conf=-1: peers:[93471f04-f84a-446a-9dbd-94f45fb64b69|rpc:10.1.0.176:39615|priority:0|startupRole:FOLLOWER, fd07e5d7-2dd9-455a-a9b9-9dae4f4be123|rpc:10.1.0.176:45045|priority:0|startupRole:FOLLOWER, 592803f5-ace9-49ac-a54f-354c0e5baf2c|rpc:10.1.0.176:36049|priority:1|startupRole:FOLLOWER]|listeners:[], old=null
2022-12-06 16:24:43,323 [93471f04-f84a-446a-9dbd-94f45fb64b69@group-23A236CF6C1C-LeaderElection10] INFO  server.RaftServer$Division (RaftServerImpl.java:setRole(321)) - 93471f04-f84a-446a-9dbd-94f45fb64b69@group-23A236CF6C1C: changes role from CANDIDATE to FOLLOWER at term 1 for REJECTED
2022-12-06 16:24:43,323 [93471f04-f84a-446a-9dbd-94f45fb64b69@group-23A236CF6C1C-LeaderElection10] INFO  impl.RoleInfo (RoleInfo.java:shutdownLeaderElection(130)) - 93471f04-f84a-446a-9dbd-94f45fb64b69: shutdown 93471f04-f84a-446a-9dbd-94f45fb64b69@group-23A236CF6C1C-LeaderElection10
2022-12-06 16:24:43,323 [93471f04-f84a-446a-9dbd-94f45fb64b69@group-23A236CF6C1C-LeaderElection10] INFO  impl.RoleInfo (RoleInfo.java:updateAndGet(139)) - 93471f04-f84a-446a-9dbd-94f45fb64b69: start 93471f04-f84a-446a-9dbd-94f45fb64b69@group-23A236CF6C1C-FollowerState
2022-12-06 16:24:43,325 [grpc-default-executor-2] INFO  impl.VoteContext (VoteContext.java:log(49)) - fd07e5d7-2dd9-455a-a9b9-9dae4f4be123@group-23A236CF6C1C-FOLLOWER: reject ELECTION from 592803f5-ace9-49ac-a54f-354c0e5baf2c: already has voted for 93471f04-f84a-446a-9dbd-94f45fb64b69 at current term 1
2022-12-06 16:24:43,325 [grpc-default-executor-2] INFO  server.RaftServer$Division (RaftServerImpl.java:requestVote(1251)) - fd07e5d7-2dd9-455a-a9b9-9dae4f4be123@group-23A236CF6C1C replies to ELECTION vote request: 592803f5-ace9-49ac-a54f-354c0e5baf2c<-fd07e5d7-2dd9-455a-a9b9-9dae4f4be123#0:FAIL-t1. Peer's state: fd07e5d7-2dd9-455a-a9b9-9dae4f4be123@group-23A236CF6C1C:t1, leader=null, voted=93471f04-f84a-446a-9dbd-94f45fb64b69, raftlog=Memoized:fd07e5d7-2dd9-455a-a9b9-9dae4f4be123@group-23A236CF6C1C-SegmentedRaftLog:OPENED:c-1, conf=-1: peers:[93471f04-f84a-446a-9dbd-94f45fb64b69|rpc:10.1.0.176:39615|priority:0|startupRole:FOLLOWER, fd07e5d7-2dd9-455a-a9b9-9dae4f4be123|rpc:10.1.0.176:45045|priority:0|startupRole:FOLLOWER, 592803f5-ace9-49ac-a54f-354c0e5baf2c|rpc:10.1.0.176:36049|priority:1|startupRole:FOLLOWER]|listeners:[], old=null
2022-12-06 16:24:43,325 [93471f04-f84a-446a-9dbd-94f45fb64b69@group-23A236CF6C1C-FollowerState] INFO  server.RaftServerConfigKeys (ConfUtils.java:logFallback(53)) - raft.server.rpc.first-election.timeout.min = 5s (fallback to raft.server.rpc.timeout.min)
2022-12-06 16:24:43,325 [93471f04-f84a-446a-9dbd-94f45fb64b69@group-23A236CF6C1C-FollowerState] INFO  server.RaftServerConfigKeys (ConfUtils.java:logFallback(53)) - raft.server.rpc.first-election.timeout.max = 5200ms (fallback to raft.server.rpc.timeout.max)
2022-12-06 16:24:43,330 [592803f5-ace9-49ac-a54f-354c0e5baf2c@group-23A236CF6C1C-LeaderElection9] INFO  impl.LeaderElection (LeaderElection.java:logAndReturn(90)) - 592803f5-ace9-49ac-a54f-354c0e5baf2c@group-23A236CF6C1C-LeaderElection9: ELECTION REJECTED received 2 response(s) and 0 exception(s):
2022-12-06 16:24:43,330 [592803f5-ace9-49ac-a54f-354c0e5baf2c@group-23A236CF6C1C-LeaderElection9] INFO  impl.LeaderElection (LeaderElection.java:logAndReturn(94)) -   Response 0: 592803f5-ace9-49ac-a54f-354c0e5baf2c<-93471f04-f84a-446a-9dbd-94f45fb64b69#0:FAIL-t1
2022-12-06 16:24:43,330 [592803f5-ace9-49ac-a54f-354c0e5baf2c@group-23A236CF6C1C-LeaderElection9] INFO  impl.LeaderElection (LeaderElection.java:logAndReturn(94)) -   Response 1: 592803f5-ace9-49ac-a54f-354c0e5baf2c<-fd07e5d7-2dd9-455a-a9b9-9dae4f4be123#0:FAIL-t1
2022-12-06 16:24:43,330 [592803f5-ace9-49ac-a54f-354c0e5baf2c@group-23A236CF6C1C-LeaderElection9] INFO  impl.LeaderElection (LeaderElection.java:askForVotes(314)) - 592803f5-ace9-49ac-a54f-354c0e5baf2c@group-23A236CF6C1C-LeaderElection9 ELECTION round 0: result REJECTED
2022-12-06 16:24:43,330 [592803f5-ace9-49ac-a54f-354c0e5baf2c@group-23A236CF6C1C-LeaderElection9] INFO  server.RaftServer$Division (RaftServerImpl.java:setRole(321)) - 592803f5-ace9-49ac-a54f-354c0e5baf2c@group-23A236CF6C1C: changes role from CANDIDATE to FOLLOWER at term 1 for REJECTED
2022-12-06 16:24:43,333 [592803f5-ace9-49ac-a54f-354c0e5baf2c@group-23A236CF6C1C-LeaderElection9] INFO  impl.RoleInfo (RoleInfo.java:shutdownLeaderElection(130)) - 592803f5-ace9-49ac-a54f-354c0e5baf2c: shutdown 592803f5-ace9-49ac-a54f-354c0e5baf2c@group-23A236CF6C1C-LeaderElection9
2022-12-06 16:24:43,333 [592803f5-ace9-49ac-a54f-354c0e5baf2c@group-23A236CF6C1C-LeaderElection9] INFO  impl.RoleInfo (RoleInfo.java:updateAndGet(139)) - 592803f5-ace9-49ac-a54f-354c0e5baf2c: start 592803f5-ace9-49ac-a54f-354c0e5baf2c@group-23A236CF6C1C-FollowerState
2022-12-06 16:24:43,333 [592803f5-ace9-49ac-a54f-354c0e5baf2c@group-23A236CF6C1C-FollowerState] INFO  server.RaftServerConfigKeys (ConfUtils.java:logFallback(53)) - raft.server.rpc.first-election.timeout.min = 5s (fallback to raft.server.rpc.timeout.min)
2022-12-06 16:24:43,333 [592803f5-ace9-49ac-a54f-354c0e5baf2c@group-23A236CF6C1C-FollowerState] INFO  server.RaftServerConfigKeys (ConfUtils.java:logFallback(53)) - raft.server.rpc.first-election.timeout.max = 5200ms (fallback to raft.server.rpc.timeout.max)
2022-12-06 16:24:43,351 [Listener at 127.0.0.1/39139] INFO  ozone.MiniOzoneClusterImpl (MiniOzoneClusterImpl.java:lambda$waitForClusterToBeReady$0(216)) - Nodes are ready. Got 10 of 10 DN Heartbeats.
2022-12-06 16:24:43,351 [Listener at 127.0.0.1/39139] INFO  ozone.MiniOzoneClusterImpl (MiniOzoneClusterImpl.java:lambda$waitForClusterToBeReady$0(219)) - Waiting for cluster to exit safe mode
2022-12-06 16:24:43,351 [Listener at 127.0.0.1/39139] INFO  ozone.MiniOzoneClusterImpl (MiniOzoneClusterImpl.java:lambda$waitForClusterToBeReady$0(221)) - SCM became leader
2022-12-06 16:24:43,360 [EventQueue-CommandQueueReportForCommandQueueReportHandler] WARN  events.EventQueue (EventQueue.java:fireEvent(216)) - No event handler registered for event TypedEvent{payloadType=DatanodeDetails, name='Datanode_Command_Queue_Updated'}
2022-12-06 16:24:43,488 [EventQueue-CommandQueueReportForCommandQueueReportHandler] WARN  events.EventQueue (EventQueue.java:fireEvent(216)) - No event handler registered for event TypedEvent{payloadType=DatanodeDetails, name='Datanode_Command_Queue_Updated'}
2022-12-06 16:24:43,540 [EventQueue-CommandQueueReportForCommandQueueReportHandler] WARN  events.EventQueue (EventQueue.java:fireEvent(216)) - No event handler registered for event TypedEvent{payloadType=DatanodeDetails, name='Datanode_Command_Queue_Updated'}
2022-12-06 16:24:43,549 [EventQueue-CommandQueueReportForCommandQueueReportHandler] WARN  events.EventQueue (EventQueue.java:fireEvent(216)) - No event handler registered for event TypedEvent{payloadType=DatanodeDetails, name='Datanode_Command_Queue_Updated'}
2022-12-06 16:24:43,553 [EventQueue-CommandQueueReportForCommandQueueReportHandler] WARN  events.EventQueue (EventQueue.java:fireEvent(216)) - No event handler registered for event TypedEvent{payloadType=DatanodeDetails, name='Datanode_Command_Queue_Updated'}
2022-12-06 16:24:43,620 [EventQueue-CommandQueueReportForCommandQueueReportHandler] WARN  events.EventQueue (EventQueue.java:fireEvent(216)) - No event handler registered for event TypedEvent{payloadType=DatanodeDetails, name='Datanode_Command_Queue_Updated'}
2022-12-06 16:24:43,635 [592803f5-ace9-49ac-a54f-354c0e5baf2c@group-B5CB87655DBA-FollowerState] INFO  impl.FollowerState (FollowerState.java:run(143)) - 592803f5-ace9-49ac-a54f-354c0e5baf2c@group-B5CB87655DBA-FollowerState: change to CANDIDATE, lastRpcElapsedTime:5072905213ns, electionTimeout:5071ms
2022-12-06 16:24:43,635 [592803f5-ace9-49ac-a54f-354c0e5baf2c@group-B5CB87655DBA-FollowerState] INFO  impl.RoleInfo (RoleInfo.java:shutdownFollowerState(110)) - 592803f5-ace9-49ac-a54f-354c0e5baf2c: shutdown 592803f5-ace9-49ac-a54f-354c0e5baf2c@group-B5CB87655DBA-FollowerState
2022-12-06 16:24:43,636 [592803f5-ace9-49ac-a54f-354c0e5baf2c@group-B5CB87655DBA-FollowerState] INFO  server.RaftServer$Division (RaftServerImpl.java:setRole(321)) - 592803f5-ace9-49ac-a54f-354c0e5baf2c@group-B5CB87655DBA: changes role from  FOLLOWER to CANDIDATE at term 0 for changeToCandidate
2022-12-06 16:24:43,636 [592803f5-ace9-49ac-a54f-354c0e5baf2c@group-B5CB87655DBA-FollowerState] INFO  server.RaftServerConfigKeys (ConfUtils.java:logGet(46)) - raft.server.leaderelection.pre-vote = false (custom)
2022-12-06 16:24:43,636 [592803f5-ace9-49ac-a54f-354c0e5baf2c@group-B5CB87655DBA-FollowerState] INFO  impl.RoleInfo (RoleInfo.java:updateAndGet(139)) - 592803f5-ace9-49ac-a54f-354c0e5baf2c: start 592803f5-ace9-49ac-a54f-354c0e5baf2c@group-B5CB87655DBA-LeaderElection12
2022-12-06 16:24:43,640 [592803f5-ace9-49ac-a54f-354c0e5baf2c@group-B5CB87655DBA-LeaderElection12] INFO  impl.LeaderElection (LeaderElection.java:askForVotes(312)) - 592803f5-ace9-49ac-a54f-354c0e5baf2c@group-B5CB87655DBA-LeaderElection12 ELECTION round 0: submit vote requests at term 1 for -1: peers:[592803f5-ace9-49ac-a54f-354c0e5baf2c|rpc:10.1.0.176:36049|priority:1|startupRole:FOLLOWER]|listeners:[], old=null
2022-12-06 16:24:43,640 [592803f5-ace9-49ac-a54f-354c0e5baf2c@group-B5CB87655DBA-LeaderElection12] INFO  impl.LeaderElection (LeaderElection.java:askForVotes(314)) - 592803f5-ace9-49ac-a54f-354c0e5baf2c@group-B5CB87655DBA-LeaderElection12 ELECTION round 0: result PASSED (term=1)
2022-12-06 16:24:43,640 [592803f5-ace9-49ac-a54f-354c0e5baf2c@group-B5CB87655DBA-LeaderElection12] INFO  impl.RoleInfo (RoleInfo.java:shutdownLeaderElection(130)) - 592803f5-ace9-49ac-a54f-354c0e5baf2c: shutdown 592803f5-ace9-49ac-a54f-354c0e5baf2c@group-B5CB87655DBA-LeaderElection12
2022-12-06 16:24:43,640 [592803f5-ace9-49ac-a54f-354c0e5baf2c@group-B5CB87655DBA-LeaderElection12] INFO  server.RaftServer$Division (RaftServerImpl.java:setRole(321)) - 592803f5-ace9-49ac-a54f-354c0e5baf2c@group-B5CB87655DBA: changes role from CANDIDATE to LEADER at term 1 for changeToLeader
2022-12-06 16:24:43,640 [592803f5-ace9-49ac-a54f-354c0e5baf2c@group-B5CB87655DBA-LeaderElection12] INFO  ratis.XceiverServerRatis (XceiverServerRatis.java:handleLeaderChangedNotification(863)) - Leader change notification received for group: group-B5CB87655DBA with new leaderId: 592803f5-ace9-49ac-a54f-354c0e5baf2c
2022-12-06 16:24:43,640 [592803f5-ace9-49ac-a54f-354c0e5baf2c@group-B5CB87655DBA-LeaderElection12] INFO  server.RaftServer$Division (ServerState.java:setLeader(313)) - 592803f5-ace9-49ac-a54f-354c0e5baf2c@group-B5CB87655DBA: change Leader from null to 592803f5-ace9-49ac-a54f-354c0e5baf2c at term 1 for becomeLeader, leader elected after 5117ms
2022-12-06 16:24:43,642 [EventQueue-OpenPipelineForHealthyPipelineSafeModeRule] INFO  safemode.SCMSafeModeManager (HealthyPipelineSafeModeRule.java:process(137)) - SCM in safe mode. Healthy pipelines reported count is 0, required healthy pipeline reported count is 1
2022-12-06 16:24:43,642 [592803f5-ace9-49ac-a54f-354c0e5baf2c@group-B5CB87655DBA-LeaderElection12] INFO  server.RaftServerConfigKeys (ConfUtils.java:logGet(46)) - raft.server.staging.catchup.gap = 1000 (default)
2022-12-06 16:24:43,641 [EventQueue-CommandQueueReportForCommandQueueReportHandler] WARN  events.EventQueue (EventQueue.java:fireEvent(216)) - No event handler registered for event TypedEvent{payloadType=DatanodeDetails, name='Datanode_Command_Queue_Updated'}
2022-12-06 16:24:43,642 [592803f5-ace9-49ac-a54f-354c0e5baf2c@group-B5CB87655DBA-LeaderElection12] INFO  server.RaftServerConfigKeys (ConfUtils.java:logGet(46)) - raft.server.write.element-limit = 1024 (custom)
2022-12-06 16:24:43,642 [592803f5-ace9-49ac-a54f-354c0e5baf2c@group-B5CB87655DBA-LeaderElection12] INFO  server.RaftServerConfigKeys (ConfUtils.java:logGet(46)) - raft.server.write.byte-limit = 1024 M (=1073741824) (custom)
2022-12-06 16:24:43,643 [592803f5-ace9-49ac-a54f-354c0e5baf2c@group-B5CB87655DBA-LeaderElection12] INFO  server.RaftServerConfigKeys (ConfUtils.java:logGet(46)) - raft.server.watch.timeout = 180s (custom)
2022-12-06 16:24:43,643 [592803f5-ace9-49ac-a54f-354c0e5baf2c@group-B5CB87655DBA-LeaderElection12] INFO  server.RaftServerConfigKeys (ConfUtils.java:logGet(46)) - raft.server.watch.timeout.denomination = 1s (default)
2022-12-06 16:24:43,643 [592803f5-ace9-49ac-a54f-354c0e5baf2c@group-B5CB87655DBA-LeaderElection12] INFO  server.RaftServerConfigKeys (ConfUtils.java:logGet(46)) - raft.server.watch.element-limit = 65536 (default)
2022-12-06 16:24:43,643 [592803f5-ace9-49ac-a54f-354c0e5baf2c@group-B5CB87655DBA-LeaderElection12] INFO  server.RaftServerConfigKeys (ConfUtils.java:logGet(46)) - raft.server.write.element-limit = 1024 (custom)
2022-12-06 16:24:43,643 [592803f5-ace9-49ac-a54f-354c0e5baf2c@group-B5CB87655DBA-LeaderElection12] INFO  server.RaftServerConfigKeys (ConfUtils.java:logGet(46)) - raft.server.write.follower.gap.ratio.max = -1.0 (default)
2022-12-06 16:24:43,643 [592803f5-ace9-49ac-a54f-354c0e5baf2c@group-B5CB87655DBA-LeaderElection12] INFO  impl.RoleInfo (RoleInfo.java:updateAndGet(139)) - 592803f5-ace9-49ac-a54f-354c0e5baf2c: start 592803f5-ace9-49ac-a54f-354c0e5baf2c@group-B5CB87655DBA-LeaderStateImpl
2022-12-06 16:24:43,643 [592803f5-ace9-49ac-a54f-354c0e5baf2c@group-B5CB87655DBA-LeaderElection12] INFO  segmented.SegmentedRaftLogWorker (SegmentedRaftLogWorker.java:startLogSegment(452)) - 592803f5-ace9-49ac-a54f-354c0e5baf2c@group-B5CB87655DBA-SegmentedRaftLogWorker: Starting segment from index:0
2022-12-06 16:24:43,651 [592803f5-ace9-49ac-a54f-354c0e5baf2c@group-B5CB87655DBA-LeaderElection12] INFO  server.RaftServer$Division (ServerState.java:setRaftConf(430)) - 592803f5-ace9-49ac-a54f-354c0e5baf2c@group-B5CB87655DBA: set configuration 0: peers:[592803f5-ace9-49ac-a54f-354c0e5baf2c|rpc:10.1.0.176:36049|dataStream:|priority:1|startupRole:FOLLOWER]|listeners:[], old=null
2022-12-06 16:24:43,651 [592803f5-ace9-49ac-a54f-354c0e5baf2c@group-B5CB87655DBA-SegmentedRaftLogWorker] INFO  segmented.SegmentedRaftLogWorker (SegmentedRaftLogWorker.java:execute(656)) - 592803f5-ace9-49ac-a54f-354c0e5baf2c@group-B5CB87655DBA-SegmentedRaftLogWorker: created new log segment /home/runner/work/ozone/ozone/hadoop-ozone/integration-test/target/test-dir/MiniOzoneClusterImpl-ff76fcda-2f7b-42b7-aafc-07b3f4cbd752/datanode-5/data/ratis/3982516e-e666-4977-97f6-b5cb87655dba/current/log_inprogress_0
2022-12-06 16:24:43,740 [EventQueue-CommandQueueReportForCommandQueueReportHandler] WARN  events.EventQueue (EventQueue.java:fireEvent(216)) - No event handler registered for event TypedEvent{payloadType=DatanodeDetails, name='Datanode_Command_Queue_Updated'}
2022-12-06 16:24:43,840 [ReplicationMonitor] INFO  replication.ReplicationManager (ReplicationManager.java:processAll(323)) - Replication Manager is not ready to run until 3000ms after safemode exit
2022-12-06 16:24:43,903 [EventQueue-CommandQueueReportForCommandQueueReportHandler] WARN  events.EventQueue (EventQueue.java:fireEvent(216)) - No event handler registered for event TypedEvent{payloadType=DatanodeDetails, name='Datanode_Command_Queue_Updated'}
2022-12-06 16:24:44,154 [EventQueue-CommandQueueReportForCommandQueueReportHandler] WARN  events.EventQueue (EventQueue.java:fireEvent(216)) - No event handler registered for event TypedEvent{payloadType=DatanodeDetails, name='Datanode_Command_Queue_Updated'}
2022-12-06 16:24:44,319 [EventQueue-CommandQueueReportForCommandQueueReportHandler] WARN  events.EventQueue (EventQueue.java:fireEvent(216)) - No event handler registered for event TypedEvent{payloadType=DatanodeDetails, name='Datanode_Command_Queue_Updated'}
2022-12-06 16:24:44,351 [Listener at 127.0.0.1/39139] INFO  ozone.MiniOzoneClusterImpl (MiniOzoneClusterImpl.java:lambda$waitForClusterToBeReady$0(216)) - Nodes are ready. Got 10 of 10 DN Heartbeats.
2022-12-06 16:24:44,352 [Listener at 127.0.0.1/39139] INFO  ozone.MiniOzoneClusterImpl (MiniOzoneClusterImpl.java:lambda$waitForClusterToBeReady$0(219)) - Waiting for cluster to exit safe mode
2022-12-06 16:24:44,352 [Listener at 127.0.0.1/39139] INFO  ozone.MiniOzoneClusterImpl (MiniOzoneClusterImpl.java:lambda$waitForClusterToBeReady$0(221)) - SCM became leader
2022-12-06 16:24:44,360 [EventQueue-CommandQueueReportForCommandQueueReportHandler] WARN  events.EventQueue (EventQueue.java:fireEvent(216)) - No event handler registered for event TypedEvent{payloadType=DatanodeDetails, name='Datanode_Command_Queue_Updated'}
2022-12-06 16:24:44,488 [EventQueue-CommandQueueReportForCommandQueueReportHandler] WARN  events.EventQueue (EventQueue.java:fireEvent(216)) - No event handler registered for event TypedEvent{payloadType=DatanodeDetails, name='Datanode_Command_Queue_Updated'}
2022-12-06 16:24:44,506 [307c9a4a-d135-41f7-b2cf-6e79e9d930c6@group-2A829352BC53-FollowerState] INFO  impl.FollowerState (FollowerState.java:run(143)) - 307c9a4a-d135-41f7-b2cf-6e79e9d930c6@group-2A829352BC53-FollowerState: change to CANDIDATE, lastRpcElapsedTime:5071152662ns, electionTimeout:5069ms
2022-12-06 16:24:44,506 [307c9a4a-d135-41f7-b2cf-6e79e9d930c6@group-2A829352BC53-FollowerState] INFO  impl.RoleInfo (RoleInfo.java:shutdownFollowerState(110)) - 307c9a4a-d135-41f7-b2cf-6e79e9d930c6: shutdown 307c9a4a-d135-41f7-b2cf-6e79e9d930c6@group-2A829352BC53-FollowerState
2022-12-06 16:24:44,506 [307c9a4a-d135-41f7-b2cf-6e79e9d930c6@group-2A829352BC53-FollowerState] INFO  server.RaftServer$Division (RaftServerImpl.java:setRole(321)) - 307c9a4a-d135-41f7-b2cf-6e79e9d930c6@group-2A829352BC53: changes role from  FOLLOWER to CANDIDATE at term 0 for changeToCandidate
2022-12-06 16:24:44,506 [307c9a4a-d135-41f7-b2cf-6e79e9d930c6@group-2A829352BC53-FollowerState] INFO  server.RaftServerConfigKeys (ConfUtils.java:logGet(46)) - raft.server.leaderelection.pre-vote = false (custom)
2022-12-06 16:24:44,507 [307c9a4a-d135-41f7-b2cf-6e79e9d930c6@group-2A829352BC53-FollowerState] INFO  impl.RoleInfo (RoleInfo.java:updateAndGet(139)) - 307c9a4a-d135-41f7-b2cf-6e79e9d930c6: start 307c9a4a-d135-41f7-b2cf-6e79e9d930c6@group-2A829352BC53-LeaderElection13
2022-12-06 16:24:44,513 [307c9a4a-d135-41f7-b2cf-6e79e9d930c6@group-2A829352BC53-LeaderElection13] INFO  impl.LeaderElection (LeaderElection.java:askForVotes(312)) - 307c9a4a-d135-41f7-b2cf-6e79e9d930c6@group-2A829352BC53-LeaderElection13 ELECTION round 0: submit vote requests at term 1 for -1: peers:[307c9a4a-d135-41f7-b2cf-6e79e9d930c6|rpc:10.1.0.176:35421|priority:0|startupRole:FOLLOWER, 2fe07876-8610-433e-a055-404555d6ad88|rpc:10.1.0.176:34239|priority:1|startupRole:FOLLOWER, 6a413ed4-87ae-4509-b51d-2f5d21600f9c|rpc:10.1.0.176:45621|priority:0|startupRole:FOLLOWER]|listeners:[], old=null
2022-12-06 16:24:44,514 [307c9a4a-d135-41f7-b2cf-6e79e9d930c6@group-2A829352BC53-LeaderElection13] INFO  server.RaftServerConfigKeys (ConfUtils.java:logFallback(53)) - raft.server.rpc.first-election.timeout.min = 5s (fallback to raft.server.rpc.timeout.min)
2022-12-06 16:24:44,514 [307c9a4a-d135-41f7-b2cf-6e79e9d930c6@group-2A829352BC53-LeaderElection13] INFO  server.RaftServerConfigKeys (ConfUtils.java:logFallback(53)) - raft.server.rpc.first-election.timeout.max = 5200ms (fallback to raft.server.rpc.timeout.max)
2022-12-06 16:24:44,514 [307c9a4a-d135-41f7-b2cf-6e79e9d930c6@group-2A829352BC53-LeaderElection13-1] INFO  server.GrpcServerProtocolClient (GrpcServerProtocolClient.java:<init>(63)) - Build channel for 2fe07876-8610-433e-a055-404555d6ad88
2022-12-06 16:24:44,514 [307c9a4a-d135-41f7-b2cf-6e79e9d930c6@group-2A829352BC53-LeaderElection13-2] INFO  server.GrpcServerProtocolClient (GrpcServerProtocolClient.java:<init>(63)) - Build channel for 6a413ed4-87ae-4509-b51d-2f5d21600f9c
2022-12-06 16:24:44,535 [grpc-default-executor-1] INFO  server.RaftServer$Division (RaftServerImpl.java:requestVote(1218)) - 2fe07876-8610-433e-a055-404555d6ad88@group-2A829352BC53: receive requestVote(ELECTION, 307c9a4a-d135-41f7-b2cf-6e79e9d930c6, group-2A829352BC53, 1, (t:0, i:0))
2022-12-06 16:24:44,535 [grpc-default-executor-1] INFO  impl.VoteContext (VoteContext.java:log(49)) - 2fe07876-8610-433e-a055-404555d6ad88@group-2A829352BC53-FOLLOWER: reject ELECTION from 307c9a4a-d135-41f7-b2cf-6e79e9d930c6: our priority 1 > candidate's priority 0
2022-12-06 16:24:44,535 [grpc-default-executor-1] INFO  server.RaftServer$Division (RaftServerImpl.java:setRole(321)) - 2fe07876-8610-433e-a055-404555d6ad88@group-2A829352BC53: changes role from  FOLLOWER to FOLLOWER at term 1 for candidate:307c9a4a-d135-41f7-b2cf-6e79e9d930c6
2022-12-06 16:24:44,535 [grpc-default-executor-1] INFO  impl.RoleInfo (RoleInfo.java:shutdownFollowerState(110)) - 2fe07876-8610-433e-a055-404555d6ad88: shutdown 2fe07876-8610-433e-a055-404555d6ad88@group-2A829352BC53-FollowerState
2022-12-06 16:24:44,535 [grpc-default-executor-1] INFO  impl.RoleInfo (RoleInfo.java:updateAndGet(139)) - 2fe07876-8610-433e-a055-404555d6ad88: start 2fe07876-8610-433e-a055-404555d6ad88@group-2A829352BC53-FollowerState
2022-12-06 16:24:44,535 [2fe07876-8610-433e-a055-404555d6ad88@group-2A829352BC53-FollowerState] INFO  impl.FollowerState (FollowerState.java:run(152)) - 2fe07876-8610-433e-a055-404555d6ad88@group-2A829352BC53-FollowerState was interrupted
2022-12-06 16:24:44,535 [2fe07876-8610-433e-a055-404555d6ad88@group-2A829352BC53-FollowerState] INFO  server.RaftServerConfigKeys (ConfUtils.java:logFallback(53)) - raft.server.rpc.first-election.timeout.min = 5s (fallback to raft.server.rpc.timeout.min)
2022-12-06 16:24:44,535 [2fe07876-8610-433e-a055-404555d6ad88@group-2A829352BC53-FollowerState] INFO  server.RaftServerConfigKeys (ConfUtils.java:logFallback(53)) - raft.server.rpc.first-election.timeout.max = 5200ms (fallback to raft.server.rpc.timeout.max)
2022-12-06 16:24:44,536 [grpc-default-executor-2] INFO  server.RaftServer$Division (RaftServerImpl.java:requestVote(1218)) - 6a413ed4-87ae-4509-b51d-2f5d21600f9c@group-2A829352BC53: receive requestVote(ELECTION, 307c9a4a-d135-41f7-b2cf-6e79e9d930c6, group-2A829352BC53, 1, (t:0, i:0))
2022-12-06 16:24:44,536 [grpc-default-executor-2] INFO  impl.VoteContext (VoteContext.java:log(49)) - 6a413ed4-87ae-4509-b51d-2f5d21600f9c@group-2A829352BC53-FOLLOWER: accept ELECTION from 307c9a4a-d135-41f7-b2cf-6e79e9d930c6: our priority 0 <= candidate's priority 0
2022-12-06 16:24:44,536 [grpc-default-executor-1] INFO  server.RaftServer$Division (RaftServerImpl.java:requestVote(1251)) - 2fe07876-8610-433e-a055-404555d6ad88@group-2A829352BC53 replies to ELECTION vote request: 307c9a4a-d135-41f7-b2cf-6e79e9d930c6<-2fe07876-8610-433e-a055-404555d6ad88#0:FAIL-t1. Peer's state: 2fe07876-8610-433e-a055-404555d6ad88@group-2A829352BC53:t1, leader=null, voted=null, raftlog=Memoized:2fe07876-8610-433e-a055-404555d6ad88@group-2A829352BC53-SegmentedRaftLog:OPENED:c-1, conf=-1: peers:[307c9a4a-d135-41f7-b2cf-6e79e9d930c6|rpc:10.1.0.176:35421|dataStream:|priority:0|startupRole:FOLLOWER, 2fe07876-8610-433e-a055-404555d6ad88|rpc:10.1.0.176:34239|dataStream:|priority:1|startupRole:FOLLOWER, 6a413ed4-87ae-4509-b51d-2f5d21600f9c|rpc:10.1.0.176:45621|dataStream:|priority:0|startupRole:FOLLOWER]|listeners:[], old=null
2022-12-06 16:24:44,537 [307c9a4a-d135-41f7-b2cf-6e79e9d930c6@group-4CD243C2E417-FollowerState] INFO  impl.FollowerState (FollowerState.java:run(143)) - 307c9a4a-d135-41f7-b2cf-6e79e9d930c6@group-4CD243C2E417-FollowerState: change to CANDIDATE, lastRpcElapsedTime:5154967279ns, electionTimeout:5136ms
2022-12-06 16:24:44,536 [grpc-default-executor-2] INFO  server.RaftServer$Division (RaftServerImpl.java:setRole(321)) - 6a413ed4-87ae-4509-b51d-2f5d21600f9c@group-2A829352BC53: changes role from  FOLLOWER to FOLLOWER at term 1 for candidate:307c9a4a-d135-41f7-b2cf-6e79e9d930c6
2022-12-06 16:24:44,537 [grpc-default-executor-2] INFO  impl.RoleInfo (RoleInfo.java:shutdownFollowerState(110)) - 6a413ed4-87ae-4509-b51d-2f5d21600f9c: shutdown 6a413ed4-87ae-4509-b51d-2f5d21600f9c@group-2A829352BC53-FollowerState
2022-12-06 16:24:44,537 [grpc-default-executor-2] INFO  impl.RoleInfo (RoleInfo.java:updateAndGet(139)) - 6a413ed4-87ae-4509-b51d-2f5d21600f9c: start 6a413ed4-87ae-4509-b51d-2f5d21600f9c@group-2A829352BC53-FollowerState
2022-12-06 16:24:44,537 [6a413ed4-87ae-4509-b51d-2f5d21600f9c@group-2A829352BC53-FollowerState] INFO  impl.FollowerState (FollowerState.java:run(152)) - 6a413ed4-87ae-4509-b51d-2f5d21600f9c@group-2A829352BC53-FollowerState was interrupted
2022-12-06 16:24:44,538 [307c9a4a-d135-41f7-b2cf-6e79e9d930c6@group-4CD243C2E417-FollowerState] INFO  impl.RoleInfo (RoleInfo.java:shutdownFollowerState(110)) - 307c9a4a-d135-41f7-b2cf-6e79e9d930c6: shutdown 307c9a4a-d135-41f7-b2cf-6e79e9d930c6@group-4CD243C2E417-FollowerState
2022-12-06 16:24:44,539 [307c9a4a-d135-41f7-b2cf-6e79e9d930c6@group-4CD243C2E417-FollowerState] INFO  server.RaftServer$Division (RaftServerImpl.java:setRole(321)) - 307c9a4a-d135-41f7-b2cf-6e79e9d930c6@group-4CD243C2E417: changes role from  FOLLOWER to CANDIDATE at term 0 for changeToCandidate
2022-12-06 16:24:44,539 [307c9a4a-d135-41f7-b2cf-6e79e9d930c6@group-4CD243C2E417-FollowerState] INFO  server.RaftServerConfigKeys (ConfUtils.java:logGet(46)) - raft.server.leaderelection.pre-vote = false (custom)
2022-12-06 16:24:44,539 [307c9a4a-d135-41f7-b2cf-6e79e9d930c6@group-4CD243C2E417-FollowerState] INFO  impl.RoleInfo (RoleInfo.java:updateAndGet(139)) - 307c9a4a-d135-41f7-b2cf-6e79e9d930c6: start 307c9a4a-d135-41f7-b2cf-6e79e9d930c6@group-4CD243C2E417-LeaderElection14
2022-12-06 16:24:44,539 [6a413ed4-87ae-4509-b51d-2f5d21600f9c@group-2A829352BC53-FollowerState] INFO  server.RaftServerConfigKeys (ConfUtils.java:logFallback(53)) - raft.server.rpc.first-election.timeout.min = 5s (fallback to raft.server.rpc.timeout.min)
2022-12-06 16:24:44,539 [6a413ed4-87ae-4509-b51d-2f5d21600f9c@group-2A829352BC53-FollowerState] INFO  server.RaftServerConfigKeys (ConfUtils.java:logFallback(53)) - raft.server.rpc.first-election.timeout.max = 5200ms (fallback to raft.server.rpc.timeout.max)
2022-12-06 16:24:44,540 [grpc-default-executor-2] INFO  server.RaftServer$Division (RaftServerImpl.java:requestVote(1251)) - 6a413ed4-87ae-4509-b51d-2f5d21600f9c@group-2A829352BC53 replies to ELECTION vote request: 307c9a4a-d135-41f7-b2cf-6e79e9d930c6<-6a413ed4-87ae-4509-b51d-2f5d21600f9c#0:OK-t1. Peer's state: 6a413ed4-87ae-4509-b51d-2f5d21600f9c@group-2A829352BC53:t1, leader=null, voted=307c9a4a-d135-41f7-b2cf-6e79e9d930c6, raftlog=Memoized:6a413ed4-87ae-4509-b51d-2f5d21600f9c@group-2A829352BC53-SegmentedRaftLog:OPENED:c-1, conf=-1: peers:[307c9a4a-d135-41f7-b2cf-6e79e9d930c6|rpc:10.1.0.176:35421|priority:0|startupRole:FOLLOWER, 2fe07876-8610-433e-a055-404555d6ad88|rpc:10.1.0.176:34239|priority:1|startupRole:FOLLOWER, 6a413ed4-87ae-4509-b51d-2f5d21600f9c|rpc:10.1.0.176:45621|priority:0|startupRole:FOLLOWER]|listeners:[], old=null
2022-12-06 16:24:44,544 [307c9a4a-d135-41f7-b2cf-6e79e9d930c6@group-2A829352BC53-LeaderElection13] INFO  impl.LeaderElection (LeaderElection.java:logAndReturn(90)) - 307c9a4a-d135-41f7-b2cf-6e79e9d930c6@group-2A829352BC53-LeaderElection13: ELECTION REJECTED received 1 response(s) and 0 exception(s):
2022-12-06 16:24:44,544 [307c9a4a-d135-41f7-b2cf-6e79e9d930c6@group-2A829352BC53-LeaderElection13] INFO  impl.LeaderElection (LeaderElection.java:logAndReturn(94)) -   Response 0: 307c9a4a-d135-41f7-b2cf-6e79e9d930c6<-2fe07876-8610-433e-a055-404555d6ad88#0:FAIL-t1
2022-12-06 16:24:44,544 [307c9a4a-d135-41f7-b2cf-6e79e9d930c6@group-2A829352BC53-LeaderElection13] INFO  impl.LeaderElection (LeaderElection.java:askForVotes(314)) - 307c9a4a-d135-41f7-b2cf-6e79e9d930c6@group-2A829352BC53-LeaderElection13 ELECTION round 0: result REJECTED
2022-12-06 16:24:44,545 [307c9a4a-d135-41f7-b2cf-6e79e9d930c6@group-2A829352BC53-LeaderElection13] INFO  server.RaftServer$Division (RaftServerImpl.java:setRole(321)) - 307c9a4a-d135-41f7-b2cf-6e79e9d930c6@group-2A829352BC53: changes role from CANDIDATE to FOLLOWER at term 1 for REJECTED
2022-12-06 16:24:44,545 [307c9a4a-d135-41f7-b2cf-6e79e9d930c6@group-2A829352BC53-LeaderElection13] INFO  impl.RoleInfo (RoleInfo.java:shutdownLeaderElection(130)) - 307c9a4a-d135-41f7-b2cf-6e79e9d930c6: shutdown 307c9a4a-d135-41f7-b2cf-6e79e9d930c6@group-2A829352BC53-LeaderElection13
2022-12-06 16:24:44,545 [307c9a4a-d135-41f7-b2cf-6e79e9d930c6@group-2A829352BC53-LeaderElection13] INFO  impl.RoleInfo (RoleInfo.java:updateAndGet(139)) - 307c9a4a-d135-41f7-b2cf-6e79e9d930c6: start 307c9a4a-d135-41f7-b2cf-6e79e9d930c6@group-2A829352BC53-FollowerState
2022-12-06 16:24:44,546 [307c9a4a-d135-41f7-b2cf-6e79e9d930c6@group-2A829352BC53-FollowerState] INFO  server.RaftServerConfigKeys (ConfUtils.java:logFallback(53)) - raft.server.rpc.first-election.timeout.min = 5s (fallback to raft.server.rpc.timeout.min)
2022-12-06 16:24:44,551 [307c9a4a-d135-41f7-b2cf-6e79e9d930c6@group-2A829352BC53-FollowerState] INFO  server.RaftServerConfigKeys (ConfUtils.java:logFallback(53)) - raft.server.rpc.first-election.timeout.max = 5200ms (fallback to raft.server.rpc.timeout.max)
2022-12-06 16:24:44,557 [EventQueue-CommandQueueReportForCommandQueueReportHandler] WARN  events.EventQueue (EventQueue.java:fireEvent(216)) - No event handler registered for event TypedEvent{payloadType=DatanodeDetails, name='Datanode_Command_Queue_Updated'}
2022-12-06 16:24:44,561 [EventQueue-CommandQueueReportForCommandQueueReportHandler] WARN  events.EventQueue (EventQueue.java:fireEvent(216)) - No event handler registered for event TypedEvent{payloadType=DatanodeDetails, name='Datanode_Command_Queue_Updated'}
2022-12-06 16:24:44,563 [307c9a4a-d135-41f7-b2cf-6e79e9d930c6@group-4CD243C2E417-LeaderElection14] INFO  impl.LeaderElection (LeaderElection.java:askForVotes(312)) - 307c9a4a-d135-41f7-b2cf-6e79e9d930c6@group-4CD243C2E417-LeaderElection14 ELECTION round 0: submit vote requests at term 1 for -1: peers:[307c9a4a-d135-41f7-b2cf-6e79e9d930c6|rpc:10.1.0.176:35421|priority:1|startupRole:FOLLOWER]|listeners:[], old=null
2022-12-06 16:24:44,563 [307c9a4a-d135-41f7-b2cf-6e79e9d930c6@group-4CD243C2E417-LeaderElection14] INFO  impl.LeaderElection (LeaderElection.java:askForVotes(314)) - 307c9a4a-d135-41f7-b2cf-6e79e9d930c6@group-4CD243C2E417-LeaderElection14 ELECTION round 0: result PASSED (term=1)
2022-12-06 16:24:44,563 [307c9a4a-d135-41f7-b2cf-6e79e9d930c6@group-4CD243C2E417-LeaderElection14] INFO  impl.RoleInfo (RoleInfo.java:shutdownLeaderElection(130)) - 307c9a4a-d135-41f7-b2cf-6e79e9d930c6: shutdown 307c9a4a-d135-41f7-b2cf-6e79e9d930c6@group-4CD243C2E417-LeaderElection14
2022-12-06 16:24:44,563 [307c9a4a-d135-41f7-b2cf-6e79e9d930c6@group-4CD243C2E417-LeaderElection14] INFO  server.RaftServer$Division (RaftServerImpl.java:setRole(321)) - 307c9a4a-d135-41f7-b2cf-6e79e9d930c6@group-4CD243C2E417: changes role from CANDIDATE to LEADER at term 1 for changeToLeader
2022-12-06 16:24:44,563 [307c9a4a-d135-41f7-b2cf-6e79e9d930c6@group-4CD243C2E417-LeaderElection14] INFO  ratis.XceiverServerRatis (XceiverServerRatis.java:handleLeaderChangedNotification(863)) - Leader change notification received for group: group-4CD243C2E417 with new leaderId: 307c9a4a-d135-41f7-b2cf-6e79e9d930c6
2022-12-06 16:24:44,564 [307c9a4a-d135-41f7-b2cf-6e79e9d930c6@group-4CD243C2E417-LeaderElection14] INFO  server.RaftServer$Division (ServerState.java:setLeader(313)) - 307c9a4a-d135-41f7-b2cf-6e79e9d930c6@group-4CD243C2E417: change Leader from null to 307c9a4a-d135-41f7-b2cf-6e79e9d930c6 at term 1 for becomeLeader, leader elected after 5609ms
2022-12-06 16:24:44,564 [307c9a4a-d135-41f7-b2cf-6e79e9d930c6@group-4CD243C2E417-LeaderElection14] INFO  server.RaftServerConfigKeys (ConfUtils.java:logGet(46)) - raft.server.staging.catchup.gap = 1000 (default)
2022-12-06 16:24:44,565 [307c9a4a-d135-41f7-b2cf-6e79e9d930c6@group-4CD243C2E417-LeaderElection14] INFO  server.RaftServerConfigKeys (ConfUtils.java:logGet(46)) - raft.server.write.element-limit = 1024 (custom)
2022-12-06 16:24:44,565 [307c9a4a-d135-41f7-b2cf-6e79e9d930c6@group-4CD243C2E417-LeaderElection14] INFO  server.RaftServerConfigKeys (ConfUtils.java:logGet(46)) - raft.server.write.byte-limit = 1024 M (=1073741824) (custom)
2022-12-06 16:24:44,571 [EventQueue-CommandQueueReportForCommandQueueReportHandler] WARN  events.EventQueue (EventQueue.java:fireEvent(216)) - No event handler registered for event TypedEvent{payloadType=DatanodeDetails, name='Datanode_Command_Queue_Updated'}
2022-12-06 16:24:44,571 [EventQueue-OpenPipelineForHealthyPipelineSafeModeRule] INFO  safemode.SCMSafeModeManager (HealthyPipelineSafeModeRule.java:process(137)) - SCM in safe mode. Healthy pipelines reported count is 0, required healthy pipeline reported count is 1
2022-12-06 16:24:44,580 [307c9a4a-d135-41f7-b2cf-6e79e9d930c6@group-4CD243C2E417-LeaderElection14] INFO  server.RaftServerConfigKeys (ConfUtils.java:logGet(46)) - raft.server.watch.timeout = 180s (custom)
2022-12-06 16:24:44,580 [307c9a4a-d135-41f7-b2cf-6e79e9d930c6@group-4CD243C2E417-LeaderElection14] INFO  server.RaftServerConfigKeys (ConfUtils.java:logGet(46)) - raft.server.watch.timeout.denomination = 1s (default)
2022-12-06 16:24:44,580 [307c9a4a-d135-41f7-b2cf-6e79e9d930c6@group-4CD243C2E417-LeaderElection14] INFO  server.RaftServerConfigKeys (ConfUtils.java:logGet(46)) - raft.server.watch.element-limit = 65536 (default)
2022-12-06 16:24:44,580 [307c9a4a-d135-41f7-b2cf-6e79e9d930c6@group-4CD243C2E417-LeaderElection14] INFO  server.RaftServerConfigKeys (ConfUtils.java:logGet(46)) - raft.server.write.element-limit = 1024 (custom)
2022-12-06 16:24:44,580 [307c9a4a-d135-41f7-b2cf-6e79e9d930c6@group-4CD243C2E417-LeaderElection14] INFO  server.RaftServerConfigKeys (ConfUtils.java:logGet(46)) - raft.server.write.follower.gap.ratio.max = -1.0 (default)
2022-12-06 16:24:44,585 [307c9a4a-d135-41f7-b2cf-6e79e9d930c6@group-4CD243C2E417-LeaderElection14] INFO  impl.RoleInfo (RoleInfo.java:updateAndGet(139)) - 307c9a4a-d135-41f7-b2cf-6e79e9d930c6: start 307c9a4a-d135-41f7-b2cf-6e79e9d930c6@group-4CD243C2E417-LeaderStateImpl
2022-12-06 16:24:44,616 [307c9a4a-d135-41f7-b2cf-6e79e9d930c6@group-4CD243C2E417-LeaderElection14] INFO  segmented.SegmentedRaftLogWorker (SegmentedRaftLogWorker.java:startLogSegment(452)) - 307c9a4a-d135-41f7-b2cf-6e79e9d930c6@group-4CD243C2E417-SegmentedRaftLogWorker: Starting segment from index:0
2022-12-06 16:24:44,618 [307c9a4a-d135-41f7-b2cf-6e79e9d930c6@group-4CD243C2E417-SegmentedRaftLogWorker] INFO  segmented.SegmentedRaftLogWorker (SegmentedRaftLogWorker.java:execute(656)) - 307c9a4a-d135-41f7-b2cf-6e79e9d930c6@group-4CD243C2E417-SegmentedRaftLogWorker: created new log segment /home/runner/work/ozone/ozone/hadoop-ozone/integration-test/target/test-dir/MiniOzoneClusterImpl-ff76fcda-2f7b-42b7-aafc-07b3f4cbd752/datanode-6/data/ratis/8a6345e5-8e0c-4437-ae90-4cd243c2e417/current/log_inprogress_0
2022-12-06 16:24:44,620 [EventQueue-CommandQueueReportForCommandQueueReportHandler] WARN  events.EventQueue (EventQueue.java:fireEvent(216)) - No event handler registered for event TypedEvent{payloadType=DatanodeDetails, name='Datanode_Command_Queue_Updated'}
2022-12-06 16:24:44,629 [6a413ed4-87ae-4509-b51d-2f5d21600f9c@group-84F592C88491-FollowerState] INFO  impl.FollowerState (FollowerState.java:run(143)) - 6a413ed4-87ae-4509-b51d-2f5d21600f9c@group-84F592C88491-FollowerState: change to CANDIDATE, lastRpcElapsedTime:5201258791ns, electionTimeout:5199ms
2022-12-06 16:24:44,629 [6a413ed4-87ae-4509-b51d-2f5d21600f9c@group-84F592C88491-FollowerState] INFO  impl.RoleInfo (RoleInfo.java:shutdownFollowerState(110)) - 6a413ed4-87ae-4509-b51d-2f5d21600f9c: shutdown 6a413ed4-87ae-4509-b51d-2f5d21600f9c@group-84F592C88491-FollowerState
2022-12-06 16:24:44,629 [6a413ed4-87ae-4509-b51d-2f5d21600f9c@group-84F592C88491-FollowerState] INFO  server.RaftServer$Division (RaftServerImpl.java:setRole(321)) - 6a413ed4-87ae-4509-b51d-2f5d21600f9c@group-84F592C88491: changes role from  FOLLOWER to CANDIDATE at term 0 for changeToCandidate
2022-12-06 16:24:44,629 [6a413ed4-87ae-4509-b51d-2f5d21600f9c@group-84F592C88491-FollowerState] INFO  server.RaftServerConfigKeys (ConfUtils.java:logGet(46)) - raft.server.leaderelection.pre-vote = false (custom)
2022-12-06 16:24:44,629 [6a413ed4-87ae-4509-b51d-2f5d21600f9c@group-84F592C88491-FollowerState] INFO  impl.RoleInfo (RoleInfo.java:updateAndGet(139)) - 6a413ed4-87ae-4509-b51d-2f5d21600f9c: start 6a413ed4-87ae-4509-b51d-2f5d21600f9c@group-84F592C88491-LeaderElection15
2022-12-06 16:24:44,634 [307c9a4a-d135-41f7-b2cf-6e79e9d930c6@group-4CD243C2E417-LeaderElection14] INFO  server.RaftServer$Division (ServerState.java:setRaftConf(430)) - 307c9a4a-d135-41f7-b2cf-6e79e9d930c6@group-4CD243C2E417: set configuration 0: peers:[307c9a4a-d135-41f7-b2cf-6e79e9d930c6|rpc:10.1.0.176:35421|dataStream:|priority:1|startupRole:FOLLOWER]|listeners:[], old=null
2022-12-06 16:24:44,639 [6a413ed4-87ae-4509-b51d-2f5d21600f9c@group-84F592C88491-LeaderElection15] INFO  impl.LeaderElection (LeaderElection.java:askForVotes(312)) - 6a413ed4-87ae-4509-b51d-2f5d21600f9c@group-84F592C88491-LeaderElection15 ELECTION round 0: submit vote requests at term 1 for -1: peers:[6a413ed4-87ae-4509-b51d-2f5d21600f9c|rpc:10.1.0.176:45621|priority:1|startupRole:FOLLOWER]|listeners:[], old=null
2022-12-06 16:24:44,639 [6a413ed4-87ae-4509-b51d-2f5d21600f9c@group-84F592C88491-LeaderElection15] INFO  impl.LeaderElection (LeaderElection.java:askForVotes(314)) - 6a413ed4-87ae-4509-b51d-2f5d21600f9c@group-84F592C88491-LeaderElection15 ELECTION round 0: result PASSED (term=1)
2022-12-06 16:24:44,639 [6a413ed4-87ae-4509-b51d-2f5d21600f9c@group-84F592C88491-LeaderElection15] INFO  impl.RoleInfo (RoleInfo.java:shutdownLeaderElection(130)) - 6a413ed4-87ae-4509-b51d-2f5d21600f9c: shutdown 6a413ed4-87ae-4509-b51d-2f5d21600f9c@group-84F592C88491-LeaderElection15
2022-12-06 16:24:44,639 [6a413ed4-87ae-4509-b51d-2f5d21600f9c@group-84F592C88491-LeaderElection15] INFO  server.RaftServer$Division (RaftServerImpl.java:setRole(321)) - 6a413ed4-87ae-4509-b51d-2f5d21600f9c@group-84F592C88491: changes role from CANDIDATE to LEADER at term 1 for changeToLeader
2022-12-06 16:24:44,639 [6a413ed4-87ae-4509-b51d-2f5d21600f9c@group-84F592C88491-LeaderElection15] INFO  ratis.XceiverServerRatis (XceiverServerRatis.java:handleLeaderChangedNotification(863)) - Leader change notification received for group: group-84F592C88491 with new leaderId: 6a413ed4-87ae-4509-b51d-2f5d21600f9c
2022-12-06 16:24:44,639 [6a413ed4-87ae-4509-b51d-2f5d21600f9c@group-84F592C88491-LeaderElection15] INFO  server.RaftServer$Division (ServerState.java:setLeader(313)) - 6a413ed4-87ae-4509-b51d-2f5d21600f9c@group-84F592C88491: change Leader from null to 6a413ed4-87ae-4509-b51d-2f5d21600f9c at term 1 for becomeLeader, leader elected after 5259ms
2022-12-06 16:24:44,640 [6a413ed4-87ae-4509-b51d-2f5d21600f9c@group-84F592C88491-LeaderElection15] INFO  server.RaftServerConfigKeys (ConfUtils.java:logGet(46)) - raft.server.staging.catchup.gap = 1000 (default)
2022-12-06 16:24:44,640 [6a413ed4-87ae-4509-b51d-2f5d21600f9c@group-84F592C88491-LeaderElection15] INFO  server.RaftServerConfigKeys (ConfUtils.java:logGet(46)) - raft.server.write.element-limit = 1024 (custom)
2022-12-06 16:24:44,641 [6a413ed4-87ae-4509-b51d-2f5d21600f9c@group-84F592C88491-LeaderElection15] INFO  server.RaftServerConfigKeys (ConfUtils.java:logGet(46)) - raft.server.write.byte-limit = 1024 M (=1073741824) (custom)
2022-12-06 16:24:44,641 [EventQueue-OpenPipelineForHealthyPipelineSafeModeRule] INFO  safemode.SCMSafeModeManager (HealthyPipelineSafeModeRule.java:process(137)) - SCM in safe mode. Healthy pipelines reported count is 0, required healthy pipeline reported count is 1
2022-12-06 16:24:44,641 [EventQueue-CommandQueueReportForCommandQueueReportHandler] WARN  events.EventQueue (EventQueue.java:fireEvent(216)) - No event handler registered for event TypedEvent{payloadType=DatanodeDetails, name='Datanode_Command_Queue_Updated'}
2022-12-06 16:24:44,641 [6a413ed4-87ae-4509-b51d-2f5d21600f9c@group-84F592C88491-LeaderElection15] INFO  server.RaftServerConfigKeys (ConfUtils.java:logGet(46)) - raft.server.watch.timeout = 180s (custom)
2022-12-06 16:24:44,641 [6a413ed4-87ae-4509-b51d-2f5d21600f9c@group-84F592C88491-LeaderElection15] INFO  server.RaftServerConfigKeys (ConfUtils.java:logGet(46)) - raft.server.watch.timeout.denomination = 1s (default)
2022-12-06 16:24:44,642 [6a413ed4-87ae-4509-b51d-2f5d21600f9c@group-84F592C88491-LeaderElection15] INFO  server.RaftServerConfigKeys (ConfUtils.java:logGet(46)) - raft.server.watch.element-limit = 65536 (default)
2022-12-06 16:24:44,642 [6a413ed4-87ae-4509-b51d-2f5d21600f9c@group-84F592C88491-LeaderElection15] INFO  server.RaftServerConfigKeys (ConfUtils.java:logGet(46)) - raft.server.write.element-limit = 1024 (custom)
2022-12-06 16:24:44,643 [EventQueue-CommandQueueReportForCommandQueueReportHandler] WARN  events.EventQueue (EventQueue.java:fireEvent(216)) - No event handler registered for event TypedEvent{payloadType=DatanodeDetails, name='Datanode_Command_Queue_Updated'}
2022-12-06 16:24:44,645 [6a413ed4-87ae-4509-b51d-2f5d21600f9c@group-84F592C88491-LeaderElection15] INFO  server.RaftServerConfigKeys (ConfUtils.java:logGet(46)) - raft.server.write.follower.gap.ratio.max = -1.0 (default)
2022-12-06 16:24:44,645 [6a413ed4-87ae-4509-b51d-2f5d21600f9c@group-84F592C88491-LeaderElection15] INFO  impl.RoleInfo (RoleInfo.java:updateAndGet(139)) - 6a413ed4-87ae-4509-b51d-2f5d21600f9c: start 6a413ed4-87ae-4509-b51d-2f5d21600f9c@group-84F592C88491-LeaderStateImpl
2022-12-06 16:24:44,645 [6a413ed4-87ae-4509-b51d-2f5d21600f9c@group-84F592C88491-LeaderElection15] INFO  segmented.SegmentedRaftLogWorker (SegmentedRaftLogWorker.java:startLogSegment(452)) - 6a413ed4-87ae-4509-b51d-2f5d21600f9c@group-84F592C88491-SegmentedRaftLogWorker: Starting segment from index:0
2022-12-06 16:24:44,646 [2fe07876-8610-433e-a055-404555d6ad88@group-B9F234375034-FollowerState] INFO  impl.FollowerState (FollowerState.java:run(143)) - 2fe07876-8610-433e-a055-404555d6ad88@group-B9F234375034-FollowerState: change to CANDIDATE, lastRpcElapsedTime:5008349303ns, electionTimeout:5006ms
2022-12-06 16:24:44,647 [2fe07876-8610-433e-a055-404555d6ad88@group-B9F234375034-FollowerState] INFO  impl.RoleInfo (RoleInfo.java:shutdownFollowerState(110)) - 2fe07876-8610-433e-a055-404555d6ad88: shutdown 2fe07876-8610-433e-a055-404555d6ad88@group-B9F234375034-FollowerState
2022-12-06 16:24:44,647 [2fe07876-8610-433e-a055-404555d6ad88@group-B9F234375034-FollowerState] INFO  server.RaftServer$Division (RaftServerImpl.java:setRole(321)) - 2fe07876-8610-433e-a055-404555d6ad88@group-B9F234375034: changes role from  FOLLOWER to CANDIDATE at term 0 for changeToCandidate
2022-12-06 16:24:44,647 [2fe07876-8610-433e-a055-404555d6ad88@group-B9F234375034-FollowerState] INFO  server.RaftServerConfigKeys (ConfUtils.java:logGet(46)) - raft.server.leaderelection.pre-vote = false (custom)
2022-12-06 16:24:44,647 [2fe07876-8610-433e-a055-404555d6ad88@group-B9F234375034-FollowerState] INFO  impl.RoleInfo (RoleInfo.java:updateAndGet(139)) - 2fe07876-8610-433e-a055-404555d6ad88: start 2fe07876-8610-433e-a055-404555d6ad88@group-B9F234375034-LeaderElection16
2022-12-06 16:24:44,647 [6a413ed4-87ae-4509-b51d-2f5d21600f9c@group-84F592C88491-SegmentedRaftLogWorker] INFO  segmented.SegmentedRaftLogWorker (SegmentedRaftLogWorker.java:execute(656)) - 6a413ed4-87ae-4509-b51d-2f5d21600f9c@group-84F592C88491-SegmentedRaftLogWorker: created new log segment /home/runner/work/ozone/ozone/hadoop-ozone/integration-test/target/test-dir/MiniOzoneClusterImpl-ff76fcda-2f7b-42b7-aafc-07b3f4cbd752/datanode-7/data/ratis/7e3e029e-8cbc-45a3-a700-84f592c88491/current/log_inprogress_0
2022-12-06 16:24:44,659 [6a413ed4-87ae-4509-b51d-2f5d21600f9c@group-84F592C88491-LeaderElection15] INFO  server.RaftServer$Division (ServerState.java:setRaftConf(430)) - 6a413ed4-87ae-4509-b51d-2f5d21600f9c@group-84F592C88491: set configuration 0: peers:[6a413ed4-87ae-4509-b51d-2f5d21600f9c|rpc:10.1.0.176:45621|dataStream:|priority:1|startupRole:FOLLOWER]|listeners:[], old=null
2022-12-06 16:24:44,661 [2fe07876-8610-433e-a055-404555d6ad88@group-B9F234375034-LeaderElection16] INFO  impl.LeaderElection (LeaderElection.java:askForVotes(312)) - 2fe07876-8610-433e-a055-404555d6ad88@group-B9F234375034-LeaderElection16 ELECTION round 0: submit vote requests at term 1 for -1: peers:[307c9a4a-d135-41f7-b2cf-6e79e9d930c6|rpc:10.1.0.176:35421|dataStream:|priority:1|startupRole:FOLLOWER, 2fe07876-8610-433e-a055-404555d6ad88|rpc:10.1.0.176:34239|dataStream:|priority:0|startupRole:FOLLOWER, 6a413ed4-87ae-4509-b51d-2f5d21600f9c|rpc:10.1.0.176:45621|dataStream:|priority:0|startupRole:FOLLOWER]|listeners:[], old=null
2022-12-06 16:24:44,665 [2fe07876-8610-433e-a055-404555d6ad88@group-B9F234375034-LeaderElection16-1] INFO  server.GrpcServerProtocolClient (GrpcServerProtocolClient.java:<init>(63)) - Build channel for 307c9a4a-d135-41f7-b2cf-6e79e9d930c6
2022-12-06 16:24:44,670 [2fe07876-8610-433e-a055-404555d6ad88@group-B9F234375034-LeaderElection16] INFO  server.RaftServerConfigKeys (ConfUtils.java:logFallback(53)) - raft.server.rpc.first-election.timeout.min = 5s (fallback to raft.server.rpc.timeout.min)
2022-12-06 16:24:44,670 [2fe07876-8610-433e-a055-404555d6ad88@group-B9F234375034-LeaderElection16] INFO  server.RaftServerConfigKeys (ConfUtils.java:logFallback(53)) - raft.server.rpc.first-election.timeout.max = 5200ms (fallback to raft.server.rpc.timeout.max)
2022-12-06 16:24:44,670 [2fe07876-8610-433e-a055-404555d6ad88@group-B9F234375034-LeaderElection16-2] INFO  server.GrpcServerProtocolClient (GrpcServerProtocolClient.java:<init>(63)) - Build channel for 6a413ed4-87ae-4509-b51d-2f5d21600f9c
2022-12-06 16:24:44,686 [grpc-default-executor-1] INFO  server.RaftServer$Division (RaftServerImpl.java:requestVote(1218)) - 307c9a4a-d135-41f7-b2cf-6e79e9d930c6@group-B9F234375034: receive requestVote(ELECTION, 2fe07876-8610-433e-a055-404555d6ad88, group-B9F234375034, 1, (t:0, i:0))
2022-12-06 16:24:44,687 [grpc-default-executor-1] INFO  impl.VoteContext (VoteContext.java:log(49)) - 307c9a4a-d135-41f7-b2cf-6e79e9d930c6@group-B9F234375034-FOLLOWER: reject ELECTION from 2fe07876-8610-433e-a055-404555d6ad88: our priority 1 > candidate's priority 0
2022-12-06 16:24:44,687 [grpc-default-executor-1] INFO  server.RaftServer$Division (RaftServerImpl.java:setRole(321)) - 307c9a4a-d135-41f7-b2cf-6e79e9d930c6@group-B9F234375034: changes role from  FOLLOWER to FOLLOWER at term 1 for candidate:2fe07876-8610-433e-a055-404555d6ad88
2022-12-06 16:24:44,687 [grpc-default-executor-1] INFO  impl.RoleInfo (RoleInfo.java:shutdownFollowerState(110)) - 307c9a4a-d135-41f7-b2cf-6e79e9d930c6: shutdown 307c9a4a-d135-41f7-b2cf-6e79e9d930c6@group-B9F234375034-FollowerState
2022-12-06 16:24:44,687 [grpc-default-executor-1] INFO  impl.RoleInfo (RoleInfo.java:updateAndGet(139)) - 307c9a4a-d135-41f7-b2cf-6e79e9d930c6: start 307c9a4a-d135-41f7-b2cf-6e79e9d930c6@group-B9F234375034-FollowerState
2022-12-06 16:24:44,687 [307c9a4a-d135-41f7-b2cf-6e79e9d930c6@group-B9F234375034-FollowerState] INFO  impl.FollowerState (FollowerState.java:run(152)) - 307c9a4a-d135-41f7-b2cf-6e79e9d930c6@group-B9F234375034-FollowerState was interrupted
2022-12-06 16:24:44,691 [307c9a4a-d135-41f7-b2cf-6e79e9d930c6@group-B9F234375034-FollowerState] INFO  server.RaftServerConfigKeys (ConfUtils.java:logFallback(53)) - raft.server.rpc.first-election.timeout.min = 5s (fallback to raft.server.rpc.timeout.min)
2022-12-06 16:24:44,691 [grpc-default-executor-1] INFO  server.RaftServer$Division (RaftServerImpl.java:requestVote(1251)) - 307c9a4a-d135-41f7-b2cf-6e79e9d930c6@group-B9F234375034 replies to ELECTION vote request: 2fe07876-8610-433e-a055-404555d6ad88<-307c9a4a-d135-41f7-b2cf-6e79e9d930c6#0:FAIL-t1. Peer's state: 307c9a4a-d135-41f7-b2cf-6e79e9d930c6@group-B9F234375034:t1, leader=null, voted=null, raftlog=Memoized:307c9a4a-d135-41f7-b2cf-6e79e9d930c6@group-B9F234375034-SegmentedRaftLog:OPENED:c-1, conf=-1: peers:[307c9a4a-d135-41f7-b2cf-6e79e9d930c6|rpc:10.1.0.176:35421|priority:1|startupRole:FOLLOWER, 2fe07876-8610-433e-a055-404555d6ad88|rpc:10.1.0.176:34239|priority:0|startupRole:FOLLOWER, 6a413ed4-87ae-4509-b51d-2f5d21600f9c|rpc:10.1.0.176:45621|priority:0|startupRole:FOLLOWER]|listeners:[], old=null
2022-12-06 16:24:44,696 [2fe07876-8610-433e-a055-404555d6ad88@group-B9F234375034-LeaderElection16] INFO  impl.LeaderElection (LeaderElection.java:logAndReturn(90)) - 2fe07876-8610-433e-a055-404555d6ad88@group-B9F234375034-LeaderElection16: ELECTION REJECTED received 1 response(s) and 0 exception(s):
2022-12-06 16:24:44,696 [2fe07876-8610-433e-a055-404555d6ad88@group-B9F234375034-LeaderElection16] INFO  impl.LeaderElection (LeaderElection.java:logAndReturn(94)) -   Response 0: 2fe07876-8610-433e-a055-404555d6ad88<-307c9a4a-d135-41f7-b2cf-6e79e9d930c6#0:FAIL-t1
2022-12-06 16:24:44,696 [2fe07876-8610-433e-a055-404555d6ad88@group-B9F234375034-LeaderElection16] INFO  impl.LeaderElection (LeaderElection.java:askForVotes(314)) - 2fe07876-8610-433e-a055-404555d6ad88@group-B9F234375034-LeaderElection16 ELECTION round 0: result REJECTED
2022-12-06 16:24:44,696 [2fe07876-8610-433e-a055-404555d6ad88@group-B9F234375034-LeaderElection16] INFO  server.RaftServer$Division (RaftServerImpl.java:setRole(321)) - 2fe07876-8610-433e-a055-404555d6ad88@group-B9F234375034: changes role from CANDIDATE to FOLLOWER at term 1 for REJECTED
2022-12-06 16:24:44,696 [2fe07876-8610-433e-a055-404555d6ad88@group-B9F234375034-LeaderElection16] INFO  impl.RoleInfo (RoleInfo.java:shutdownLeaderElection(130)) - 2fe07876-8610-433e-a055-404555d6ad88: shutdown 2fe07876-8610-433e-a055-404555d6ad88@group-B9F234375034-LeaderElection16
2022-12-06 16:24:44,691 [307c9a4a-d135-41f7-b2cf-6e79e9d930c6@group-B9F234375034-FollowerState] INFO  server.RaftServerConfigKeys (ConfUtils.java:logFallback(53)) - raft.server.rpc.first-election.timeout.max = 5200ms (fallback to raft.server.rpc.timeout.max)
2022-12-06 16:24:44,701 [grpc-default-executor-2] INFO  server.RaftServer$Division (RaftServerImpl.java:requestVote(1218)) - 6a413ed4-87ae-4509-b51d-2f5d21600f9c@group-B9F234375034: receive requestVote(ELECTION, 2fe07876-8610-433e-a055-404555d6ad88, group-B9F234375034, 1, (t:0, i:0))
2022-12-06 16:24:44,702 [grpc-default-executor-2] INFO  impl.VoteContext (VoteContext.java:log(49)) - 6a413ed4-87ae-4509-b51d-2f5d21600f9c@group-B9F234375034-FOLLOWER: accept ELECTION from 2fe07876-8610-433e-a055-404555d6ad88: our priority 0 <= candidate's priority 0
2022-12-06 16:24:44,702 [grpc-default-executor-2] INFO  server.RaftServer$Division (RaftServerImpl.java:setRole(321)) - 6a413ed4-87ae-4509-b51d-2f5d21600f9c@group-B9F234375034: changes role from  FOLLOWER to FOLLOWER at term 1 for candidate:2fe07876-8610-433e-a055-404555d6ad88
2022-12-06 16:24:44,702 [grpc-default-executor-2] INFO  impl.RoleInfo (RoleInfo.java:shutdownFollowerState(110)) - 6a413ed4-87ae-4509-b51d-2f5d21600f9c: shutdown 6a413ed4-87ae-4509-b51d-2f5d21600f9c@group-B9F234375034-FollowerState
2022-12-06 16:24:44,702 [grpc-default-executor-2] INFO  impl.RoleInfo (RoleInfo.java:updateAndGet(139)) - 6a413ed4-87ae-4509-b51d-2f5d21600f9c: start 6a413ed4-87ae-4509-b51d-2f5d21600f9c@group-B9F234375034-FollowerState
2022-12-06 16:24:44,702 [6a413ed4-87ae-4509-b51d-2f5d21600f9c@group-B9F234375034-FollowerState] INFO  impl.FollowerState (FollowerState.java:run(152)) - 6a413ed4-87ae-4509-b51d-2f5d21600f9c@group-B9F234375034-FollowerState was interrupted
2022-12-06 16:24:44,698 [2fe07876-8610-433e-a055-404555d6ad88@group-B9F234375034-LeaderElection16] INFO  impl.RoleInfo (RoleInfo.java:updateAndGet(139)) - 2fe07876-8610-433e-a055-404555d6ad88: start 2fe07876-8610-433e-a055-404555d6ad88@group-B9F234375034-FollowerState
2022-12-06 16:24:44,707 [2fe07876-8610-433e-a055-404555d6ad88@group-B9F234375034-FollowerState] INFO  server.RaftServerConfigKeys (ConfUtils.java:logFallback(53)) - raft.server.rpc.first-election.timeout.min = 5s (fallback to raft.server.rpc.timeout.min)
2022-12-06 16:24:44,708 [grpc-default-executor-2] INFO  server.RaftServer$Division (RaftServerImpl.java:requestVote(1251)) - 6a413ed4-87ae-4509-b51d-2f5d21600f9c@group-B9F234375034 replies to ELECTION vote request: 2fe07876-8610-433e-a055-404555d6ad88<-6a413ed4-87ae-4509-b51d-2f5d21600f9c#0:OK-t1. Peer's state: 6a413ed4-87ae-4509-b51d-2f5d21600f9c@group-B9F234375034:t1, leader=null, voted=2fe07876-8610-433e-a055-404555d6ad88, raftlog=Memoized:6a413ed4-87ae-4509-b51d-2f5d21600f9c@group-B9F234375034-SegmentedRaftLog:OPENED:c-1, conf=-1: peers:[307c9a4a-d135-41f7-b2cf-6e79e9d930c6|rpc:10.1.0.176:35421|priority:1|startupRole:FOLLOWER, 2fe07876-8610-433e-a055-404555d6ad88|rpc:10.1.0.176:34239|priority:0|startupRole:FOLLOWER, 6a413ed4-87ae-4509-b51d-2f5d21600f9c|rpc:10.1.0.176:45621|priority:0|startupRole:FOLLOWER]|listeners:[], old=null
2022-12-06 16:24:44,708 [6a413ed4-87ae-4509-b51d-2f5d21600f9c@group-B9F234375034-FollowerState] INFO  server.RaftServerConfigKeys (ConfUtils.java:logFallback(53)) - raft.server.rpc.first-election.timeout.min = 5s (fallback to raft.server.rpc.timeout.min)
2022-12-06 16:24:44,713 [6a413ed4-87ae-4509-b51d-2f5d21600f9c@group-B9F234375034-FollowerState] INFO  server.RaftServerConfigKeys (ConfUtils.java:logFallback(53)) - raft.server.rpc.first-election.timeout.max = 5200ms (fallback to raft.server.rpc.timeout.max)
2022-12-06 16:24:44,713 [2fe07876-8610-433e-a055-404555d6ad88@group-B9F234375034-FollowerState] INFO  server.RaftServerConfigKeys (ConfUtils.java:logFallback(53)) - raft.server.rpc.first-election.timeout.max = 5200ms (fallback to raft.server.rpc.timeout.max)
2022-12-06 16:24:44,742 [EventQueue-CommandQueueReportForCommandQueueReportHandler] WARN  events.EventQueue (EventQueue.java:fireEvent(216)) - No event handler registered for event TypedEvent{payloadType=DatanodeDetails, name='Datanode_Command_Queue_Updated'}
2022-12-06 16:24:44,828 [2fe07876-8610-433e-a055-404555d6ad88@group-A427007BFDCD-FollowerState] INFO  impl.FollowerState (FollowerState.java:run(143)) - 2fe07876-8610-433e-a055-404555d6ad88@group-A427007BFDCD-FollowerState: change to CANDIDATE, lastRpcElapsedTime:5073713040ns, electionTimeout:5073ms
2022-12-06 16:24:44,828 [2fe07876-8610-433e-a055-404555d6ad88@group-A427007BFDCD-FollowerState] INFO  impl.RoleInfo (RoleInfo.java:shutdownFollowerState(110)) - 2fe07876-8610-433e-a055-404555d6ad88: shutdown 2fe07876-8610-433e-a055-404555d6ad88@group-A427007BFDCD-FollowerState
2022-12-06 16:24:44,828 [2fe07876-8610-433e-a055-404555d6ad88@group-A427007BFDCD-FollowerState] INFO  server.RaftServer$Division (RaftServerImpl.java:setRole(321)) - 2fe07876-8610-433e-a055-404555d6ad88@group-A427007BFDCD: changes role from  FOLLOWER to CANDIDATE at term 0 for changeToCandidate
2022-12-06 16:24:44,829 [2fe07876-8610-433e-a055-404555d6ad88@group-A427007BFDCD-FollowerState] INFO  server.RaftServerConfigKeys (ConfUtils.java:logGet(46)) - raft.server.leaderelection.pre-vote = false (custom)
2022-12-06 16:24:44,829 [2fe07876-8610-433e-a055-404555d6ad88@group-A427007BFDCD-FollowerState] INFO  impl.RoleInfo (RoleInfo.java:updateAndGet(139)) - 2fe07876-8610-433e-a055-404555d6ad88: start 2fe07876-8610-433e-a055-404555d6ad88@group-A427007BFDCD-LeaderElection17
2022-12-06 16:24:44,832 [2fe07876-8610-433e-a055-404555d6ad88@group-A427007BFDCD-LeaderElection17] INFO  impl.LeaderElection (LeaderElection.java:askForVotes(312)) - 2fe07876-8610-433e-a055-404555d6ad88@group-A427007BFDCD-LeaderElection17 ELECTION round 0: submit vote requests at term 1 for -1: peers:[2fe07876-8610-433e-a055-404555d6ad88|rpc:10.1.0.176:34239|priority:1|startupRole:FOLLOWER]|listeners:[], old=null
2022-12-06 16:24:44,832 [2fe07876-8610-433e-a055-404555d6ad88@group-A427007BFDCD-LeaderElection17] INFO  impl.LeaderElection (LeaderElection.java:askForVotes(314)) - 2fe07876-8610-433e-a055-404555d6ad88@group-A427007BFDCD-LeaderElection17 ELECTION round 0: result PASSED (term=1)
2022-12-06 16:24:44,833 [2fe07876-8610-433e-a055-404555d6ad88@group-A427007BFDCD-LeaderElection17] INFO  impl.RoleInfo (RoleInfo.java:shutdownLeaderElection(130)) - 2fe07876-8610-433e-a055-404555d6ad88: shutdown 2fe07876-8610-433e-a055-404555d6ad88@group-A427007BFDCD-LeaderElection17
2022-12-06 16:24:44,833 [2fe07876-8610-433e-a055-404555d6ad88@group-A427007BFDCD-LeaderElection17] INFO  server.RaftServer$Division (RaftServerImpl.java:setRole(321)) - 2fe07876-8610-433e-a055-404555d6ad88@group-A427007BFDCD: changes role from CANDIDATE to LEADER at term 1 for changeToLeader
2022-12-06 16:24:44,833 [2fe07876-8610-433e-a055-404555d6ad88@group-A427007BFDCD-LeaderElection17] INFO  ratis.XceiverServerRatis (XceiverServerRatis.java:handleLeaderChangedNotification(863)) - Leader change notification received for group: group-A427007BFDCD with new leaderId: 2fe07876-8610-433e-a055-404555d6ad88
2022-12-06 16:24:44,833 [2fe07876-8610-433e-a055-404555d6ad88@group-A427007BFDCD-LeaderElection17] INFO  server.RaftServer$Division (ServerState.java:setLeader(313)) - 2fe07876-8610-433e-a055-404555d6ad88@group-A427007BFDCD: change Leader from null to 2fe07876-8610-433e-a055-404555d6ad88 at term 1 for becomeLeader, leader elected after 5098ms
2022-12-06 16:24:44,833 [2fe07876-8610-433e-a055-404555d6ad88@group-A427007BFDCD-LeaderElection17] INFO  server.RaftServerConfigKeys (ConfUtils.java:logGet(46)) - raft.server.staging.catchup.gap = 1000 (default)
2022-12-06 16:24:44,834 [2fe07876-8610-433e-a055-404555d6ad88@group-A427007BFDCD-LeaderElection17] INFO  server.RaftServerConfigKeys (ConfUtils.java:logGet(46)) - raft.server.write.element-limit = 1024 (custom)
2022-12-06 16:24:44,835 [EventQueue-CommandQueueReportForCommandQueueReportHandler] WARN  events.EventQueue (EventQueue.java:fireEvent(216)) - No event handler registered for event TypedEvent{payloadType=DatanodeDetails, name='Datanode_Command_Queue_Updated'}
2022-12-06 16:24:44,835 [EventQueue-OpenPipelineForHealthyPipelineSafeModeRule] INFO  safemode.SCMSafeModeManager (HealthyPipelineSafeModeRule.java:process(137)) - SCM in safe mode. Healthy pipelines reported count is 0, required healthy pipeline reported count is 1
2022-12-06 16:24:44,835 [2fe07876-8610-433e-a055-404555d6ad88@group-A427007BFDCD-LeaderElection17] INFO  server.RaftServerConfigKeys (ConfUtils.java:logGet(46)) - raft.server.write.byte-limit = 1024 M (=1073741824) (custom)
2022-12-06 16:24:44,835 [2fe07876-8610-433e-a055-404555d6ad88@group-A427007BFDCD-LeaderElection17] INFO  server.RaftServerConfigKeys (ConfUtils.java:logGet(46)) - raft.server.watch.timeout = 180s (custom)
2022-12-06 16:24:44,835 [2fe07876-8610-433e-a055-404555d6ad88@group-A427007BFDCD-LeaderElection17] INFO  server.RaftServerConfigKeys (ConfUtils.java:logGet(46)) - raft.server.watch.timeout.denomination = 1s (default)
2022-12-06 16:24:44,835 [2fe07876-8610-433e-a055-404555d6ad88@group-A427007BFDCD-LeaderElection17] INFO  server.RaftServerConfigKeys (ConfUtils.java:logGet(46)) - raft.server.watch.element-limit = 65536 (default)
2022-12-06 16:24:44,835 [2fe07876-8610-433e-a055-404555d6ad88@group-A427007BFDCD-LeaderElection17] INFO  server.RaftServerConfigKeys (ConfUtils.java:logGet(46)) - raft.server.write.element-limit = 1024 (custom)
2022-12-06 16:24:44,835 [2fe07876-8610-433e-a055-404555d6ad88@group-A427007BFDCD-LeaderElection17] INFO  server.RaftServerConfigKeys (ConfUtils.java:logGet(46)) - raft.server.write.follower.gap.ratio.max = -1.0 (default)
2022-12-06 16:24:44,836 [2fe07876-8610-433e-a055-404555d6ad88@group-A427007BFDCD-LeaderElection17] INFO  impl.RoleInfo (RoleInfo.java:updateAndGet(139)) - 2fe07876-8610-433e-a055-404555d6ad88: start 2fe07876-8610-433e-a055-404555d6ad88@group-A427007BFDCD-LeaderStateImpl
2022-12-06 16:24:44,836 [2fe07876-8610-433e-a055-404555d6ad88@group-A427007BFDCD-LeaderElection17] INFO  segmented.SegmentedRaftLogWorker (SegmentedRaftLogWorker.java:startLogSegment(452)) - 2fe07876-8610-433e-a055-404555d6ad88@group-A427007BFDCD-SegmentedRaftLogWorker: Starting segment from index:0
2022-12-06 16:24:44,841 [2fe07876-8610-433e-a055-404555d6ad88@group-A427007BFDCD-LeaderElection17] INFO  server.RaftServer$Division (ServerState.java:setRaftConf(430)) - 2fe07876-8610-433e-a055-404555d6ad88@group-A427007BFDCD: set configuration 0: peers:[2fe07876-8610-433e-a055-404555d6ad88|rpc:10.1.0.176:34239|dataStream:|priority:1|startupRole:FOLLOWER]|listeners:[], old=null
2022-12-06 16:24:44,841 [2fe07876-8610-433e-a055-404555d6ad88@group-A427007BFDCD-SegmentedRaftLogWorker] INFO  segmented.SegmentedRaftLogWorker (SegmentedRaftLogWorker.java:execute(656)) - 2fe07876-8610-433e-a055-404555d6ad88@group-A427007BFDCD-SegmentedRaftLogWorker: created new log segment /home/runner/work/ozone/ozone/hadoop-ozone/integration-test/target/test-dir/MiniOzoneClusterImpl-ff76fcda-2f7b-42b7-aafc-07b3f4cbd752/datanode-8/data/ratis/4aa3a9cd-ed11-4fa5-94f6-a427007bfdcd/current/log_inprogress_0
2022-12-06 16:24:44,902 [EventQueue-CommandQueueReportForCommandQueueReportHandler] WARN  events.EventQueue (EventQueue.java:fireEvent(216)) - No event handler registered for event TypedEvent{payloadType=DatanodeDetails, name='Datanode_Command_Queue_Updated'}
2022-12-06 16:24:45,156 [EventQueue-CommandQueueReportForCommandQueueReportHandler] WARN  events.EventQueue (EventQueue.java:fireEvent(216)) - No event handler registered for event TypedEvent{payloadType=DatanodeDetails, name='Datanode_Command_Queue_Updated'}
2022-12-06 16:24:45,319 [EventQueue-CommandQueueReportForCommandQueueReportHandler] WARN  events.EventQueue (EventQueue.java:fireEvent(216)) - No event handler registered for event TypedEvent{payloadType=DatanodeDetails, name='Datanode_Command_Queue_Updated'}
2022-12-06 16:24:45,352 [Listener at 127.0.0.1/39139] INFO  ozone.MiniOzoneClusterImpl (MiniOzoneClusterImpl.java:lambda$waitForClusterToBeReady$0(216)) - Nodes are ready. Got 10 of 10 DN Heartbeats.
2022-12-06 16:24:45,352 [Listener at 127.0.0.1/39139] INFO  ozone.MiniOzoneClusterImpl (MiniOzoneClusterImpl.java:lambda$waitForClusterToBeReady$0(219)) - Waiting for cluster to exit safe mode
2022-12-06 16:24:45,353 [Listener at 127.0.0.1/39139] INFO  ozone.MiniOzoneClusterImpl (MiniOzoneClusterImpl.java:lambda$waitForClusterToBeReady$0(221)) - SCM became leader
2022-12-06 16:24:45,360 [EventQueue-CommandQueueReportForCommandQueueReportHandler] WARN  events.EventQueue (EventQueue.java:fireEvent(216)) - No event handler registered for event TypedEvent{payloadType=DatanodeDetails, name='Datanode_Command_Queue_Updated'}
2022-12-06 16:24:45,376 [b0ab2fb2-fc83-4273-be02-cd8927d57599@group-0613BEA02C6D-FollowerState] INFO  impl.FollowerState (FollowerState.java:run(143)) - b0ab2fb2-fc83-4273-be02-cd8927d57599@group-0613BEA02C6D-FollowerState: change to CANDIDATE, lastRpcElapsedTime:5001498028ns, electionTimeout:5000ms
2022-12-06 16:24:45,376 [b0ab2fb2-fc83-4273-be02-cd8927d57599@group-0613BEA02C6D-FollowerState] INFO  impl.RoleInfo (RoleInfo.java:shutdownFollowerState(110)) - b0ab2fb2-fc83-4273-be02-cd8927d57599: shutdown b0ab2fb2-fc83-4273-be02-cd8927d57599@group-0613BEA02C6D-FollowerState
2022-12-06 16:24:45,376 [b0ab2fb2-fc83-4273-be02-cd8927d57599@group-0613BEA02C6D-FollowerState] INFO  server.RaftServer$Division (RaftServerImpl.java:setRole(321)) - b0ab2fb2-fc83-4273-be02-cd8927d57599@group-0613BEA02C6D: changes role from  FOLLOWER to CANDIDATE at term 0 for changeToCandidate
2022-12-06 16:24:45,376 [b0ab2fb2-fc83-4273-be02-cd8927d57599@group-0613BEA02C6D-FollowerState] INFO  server.RaftServerConfigKeys (ConfUtils.java:logGet(46)) - raft.server.leaderelection.pre-vote = false (custom)
2022-12-06 16:24:45,376 [b0ab2fb2-fc83-4273-be02-cd8927d57599@group-0613BEA02C6D-FollowerState] INFO  impl.RoleInfo (RoleInfo.java:updateAndGet(139)) - b0ab2fb2-fc83-4273-be02-cd8927d57599: start b0ab2fb2-fc83-4273-be02-cd8927d57599@group-0613BEA02C6D-LeaderElection18
2022-12-06 16:24:45,379 [b0ab2fb2-fc83-4273-be02-cd8927d57599@group-0613BEA02C6D-LeaderElection18] INFO  impl.LeaderElection (LeaderElection.java:askForVotes(312)) - b0ab2fb2-fc83-4273-be02-cd8927d57599@group-0613BEA02C6D-LeaderElection18 ELECTION round 0: submit vote requests at term 1 for -1: peers:[b0ab2fb2-fc83-4273-be02-cd8927d57599|rpc:10.1.0.176:43425|priority:1|startupRole:FOLLOWER]|listeners:[], old=null
2022-12-06 16:24:45,379 [b0ab2fb2-fc83-4273-be02-cd8927d57599@group-0613BEA02C6D-LeaderElection18] INFO  impl.LeaderElection (LeaderElection.java:askForVotes(314)) - b0ab2fb2-fc83-4273-be02-cd8927d57599@group-0613BEA02C6D-LeaderElection18 ELECTION round 0: result PASSED (term=1)
2022-12-06 16:24:45,379 [b0ab2fb2-fc83-4273-be02-cd8927d57599@group-0613BEA02C6D-LeaderElection18] INFO  impl.RoleInfo (RoleInfo.java:shutdownLeaderElection(130)) - b0ab2fb2-fc83-4273-be02-cd8927d57599: shutdown b0ab2fb2-fc83-4273-be02-cd8927d57599@group-0613BEA02C6D-LeaderElection18
2022-12-06 16:24:45,379 [b0ab2fb2-fc83-4273-be02-cd8927d57599@group-0613BEA02C6D-LeaderElection18] INFO  server.RaftServer$Division (RaftServerImpl.java:setRole(321)) - b0ab2fb2-fc83-4273-be02-cd8927d57599@group-0613BEA02C6D: changes role from CANDIDATE to LEADER at term 1 for changeToLeader
2022-12-06 16:24:45,379 [b0ab2fb2-fc83-4273-be02-cd8927d57599@group-0613BEA02C6D-LeaderElection18] INFO  ratis.XceiverServerRatis (XceiverServerRatis.java:handleLeaderChangedNotification(863)) - Leader change notification received for group: group-0613BEA02C6D with new leaderId: b0ab2fb2-fc83-4273-be02-cd8927d57599
2022-12-06 16:24:45,380 [b0ab2fb2-fc83-4273-be02-cd8927d57599@group-0613BEA02C6D-LeaderElection18] INFO  server.RaftServer$Division (ServerState.java:setLeader(313)) - b0ab2fb2-fc83-4273-be02-cd8927d57599@group-0613BEA02C6D: change Leader from null to b0ab2fb2-fc83-4273-be02-cd8927d57599 at term 1 for becomeLeader, leader elected after 5035ms
2022-12-06 16:24:45,380 [b0ab2fb2-fc83-4273-be02-cd8927d57599@group-0613BEA02C6D-LeaderElection18] INFO  server.RaftServerConfigKeys (ConfUtils.java:logGet(46)) - raft.server.staging.catchup.gap = 1000 (default)
2022-12-06 16:24:45,380 [b0ab2fb2-fc83-4273-be02-cd8927d57599@group-0613BEA02C6D-LeaderElection18] INFO  server.RaftServerConfigKeys (ConfUtils.java:logGet(46)) - raft.server.write.element-limit = 1024 (custom)
2022-12-06 16:24:45,380 [b0ab2fb2-fc83-4273-be02-cd8927d57599@group-0613BEA02C6D-LeaderElection18] INFO  server.RaftServerConfigKeys (ConfUtils.java:logGet(46)) - raft.server.write.byte-limit = 1024 M (=1073741824) (custom)
2022-12-06 16:24:45,380 [b0ab2fb2-fc83-4273-be02-cd8927d57599@group-0613BEA02C6D-LeaderElection18] INFO  server.RaftServerConfigKeys (ConfUtils.java:logGet(46)) - raft.server.watch.timeout = 180s (custom)
2022-12-06 16:24:45,381 [b0ab2fb2-fc83-4273-be02-cd8927d57599@group-0613BEA02C6D-LeaderElection18] INFO  server.RaftServerConfigKeys (ConfUtils.java:logGet(46)) - raft.server.watch.timeout.denomination = 1s (default)
2022-12-06 16:24:45,381 [b0ab2fb2-fc83-4273-be02-cd8927d57599@group-0613BEA02C6D-LeaderElection18] INFO  server.RaftServerConfigKeys (ConfUtils.java:logGet(46)) - raft.server.watch.element-limit = 65536 (default)
2022-12-06 16:24:45,381 [EventQueue-CommandQueueReportForCommandQueueReportHandler] WARN  events.EventQueue (EventQueue.java:fireEvent(216)) - No event handler registered for event TypedEvent{payloadType=DatanodeDetails, name='Datanode_Command_Queue_Updated'}
2022-12-06 16:24:45,381 [b0ab2fb2-fc83-4273-be02-cd8927d57599@group-0613BEA02C6D-LeaderElection18] INFO  server.RaftServerConfigKeys (ConfUtils.java:logGet(46)) - raft.server.write.element-limit = 1024 (custom)
2022-12-06 16:24:45,382 [b0ab2fb2-fc83-4273-be02-cd8927d57599@group-0613BEA02C6D-LeaderElection18] INFO  server.RaftServerConfigKeys (ConfUtils.java:logGet(46)) - raft.server.write.follower.gap.ratio.max = -1.0 (default)
2022-12-06 16:24:45,381 [EventQueue-OpenPipelineForHealthyPipelineSafeModeRule] INFO  safemode.SCMSafeModeManager (HealthyPipelineSafeModeRule.java:process(137)) - SCM in safe mode. Healthy pipelines reported count is 0, required healthy pipeline reported count is 1
2022-12-06 16:24:45,382 [b0ab2fb2-fc83-4273-be02-cd8927d57599@group-0613BEA02C6D-LeaderElection18] INFO  impl.RoleInfo (RoleInfo.java:updateAndGet(139)) - b0ab2fb2-fc83-4273-be02-cd8927d57599: start b0ab2fb2-fc83-4273-be02-cd8927d57599@group-0613BEA02C6D-LeaderStateImpl
2022-12-06 16:24:45,382 [b0ab2fb2-fc83-4273-be02-cd8927d57599@group-0613BEA02C6D-LeaderElection18] INFO  segmented.SegmentedRaftLogWorker (SegmentedRaftLogWorker.java:startLogSegment(452)) - b0ab2fb2-fc83-4273-be02-cd8927d57599@group-0613BEA02C6D-SegmentedRaftLogWorker: Starting segment from index:0
2022-12-06 16:24:45,384 [b0ab2fb2-fc83-4273-be02-cd8927d57599@group-0613BEA02C6D-SegmentedRaftLogWorker] INFO  segmented.SegmentedRaftLogWorker (SegmentedRaftLogWorker.java:execute(656)) - b0ab2fb2-fc83-4273-be02-cd8927d57599@group-0613BEA02C6D-SegmentedRaftLogWorker: created new log segment /home/runner/work/ozone/ozone/hadoop-ozone/integration-test/target/test-dir/MiniOzoneClusterImpl-ff76fcda-2f7b-42b7-aafc-07b3f4cbd752/datanode-9/data/ratis/b9d8e52e-db8f-45df-8401-0613bea02c6d/current/log_inprogress_0
2022-12-06 16:24:45,384 [b0ab2fb2-fc83-4273-be02-cd8927d57599@group-0613BEA02C6D-LeaderElection18] INFO  server.RaftServer$Division (ServerState.java:setRaftConf(430)) - b0ab2fb2-fc83-4273-be02-cd8927d57599@group-0613BEA02C6D: set configuration 0: peers:[b0ab2fb2-fc83-4273-be02-cd8927d57599|rpc:10.1.0.176:43425|dataStream:|priority:1|startupRole:FOLLOWER]|listeners:[], old=null
2022-12-06 16:24:45,488 [EventQueue-CommandQueueReportForCommandQueueReportHandler] WARN  events.EventQueue (EventQueue.java:fireEvent(216)) - No event handler registered for event TypedEvent{payloadType=DatanodeDetails, name='Datanode_Command_Queue_Updated'}
2022-12-06 16:24:45,555 [EventQueue-CommandQueueReportForCommandQueueReportHandler] WARN  events.EventQueue (EventQueue.java:fireEvent(216)) - No event handler registered for event TypedEvent{payloadType=DatanodeDetails, name='Datanode_Command_Queue_Updated'}
2022-12-06 16:24:45,565 [EventQueue-CommandQueueReportForCommandQueueReportHandler] WARN  events.EventQueue (EventQueue.java:fireEvent(216)) - No event handler registered for event TypedEvent{payloadType=DatanodeDetails, name='Datanode_Command_Queue_Updated'}
2022-12-06 16:24:45,640 [EventQueue-CommandQueueReportForCommandQueueReportHandler] WARN  events.EventQueue (EventQueue.java:fireEvent(216)) - No event handler registered for event TypedEvent{payloadType=DatanodeDetails, name='Datanode_Command_Queue_Updated'}
2022-12-06 16:24:45,641 [EventQueue-CommandQueueReportForCommandQueueReportHandler] WARN  events.EventQueue (EventQueue.java:fireEvent(216)) - No event handler registered for event TypedEvent{payloadType=DatanodeDetails, name='Datanode_Command_Queue_Updated'}
2022-12-06 16:24:45,834 [EventQueue-CommandQueueReportForCommandQueueReportHandler] WARN  events.EventQueue (EventQueue.java:fireEvent(216)) - No event handler registered for event TypedEvent{payloadType=DatanodeDetails, name='Datanode_Command_Queue_Updated'}
2022-12-06 16:24:45,902 [EventQueue-CommandQueueReportForCommandQueueReportHandler] WARN  events.EventQueue (EventQueue.java:fireEvent(216)) - No event handler registered for event TypedEvent{payloadType=DatanodeDetails, name='Datanode_Command_Queue_Updated'}
2022-12-06 16:24:46,155 [EventQueue-CommandQueueReportForCommandQueueReportHandler] WARN  events.EventQueue (EventQueue.java:fireEvent(216)) - No event handler registered for event TypedEvent{payloadType=DatanodeDetails, name='Datanode_Command_Queue_Updated'}
2022-12-06 16:24:46,318 [EventQueue-CommandQueueReportForCommandQueueReportHandler] WARN  events.EventQueue (EventQueue.java:fireEvent(216)) - No event handler registered for event TypedEvent{payloadType=DatanodeDetails, name='Datanode_Command_Queue_Updated'}
2022-12-06 16:24:46,353 [Listener at 127.0.0.1/39139] INFO  ozone.MiniOzoneClusterImpl (MiniOzoneClusterImpl.java:lambda$waitForClusterToBeReady$0(216)) - Nodes are ready. Got 10 of 10 DN Heartbeats.
2022-12-06 16:24:46,353 [Listener at 127.0.0.1/39139] INFO  ozone.MiniOzoneClusterImpl (MiniOzoneClusterImpl.java:lambda$waitForClusterToBeReady$0(219)) - Waiting for cluster to exit safe mode
2022-12-06 16:24:46,353 [Listener at 127.0.0.1/39139] INFO  ozone.MiniOzoneClusterImpl (MiniOzoneClusterImpl.java:lambda$waitForClusterToBeReady$0(221)) - SCM became leader
2022-12-06 16:24:46,381 [EventQueue-CommandQueueReportForCommandQueueReportHandler] WARN  events.EventQueue (EventQueue.java:fireEvent(216)) - No event handler registered for event TypedEvent{payloadType=DatanodeDetails, name='Datanode_Command_Queue_Updated'}
2022-12-06 16:24:46,488 [EventQueue-CommandQueueReportForCommandQueueReportHandler] WARN  events.EventQueue (EventQueue.java:fireEvent(216)) - No event handler registered for event TypedEvent{payloadType=DatanodeDetails, name='Datanode_Command_Queue_Updated'}
2022-12-06 16:24:46,554 [EventQueue-CommandQueueReportForCommandQueueReportHandler] WARN  events.EventQueue (EventQueue.java:fireEvent(216)) - No event handler registered for event TypedEvent{payloadType=DatanodeDetails, name='Datanode_Command_Queue_Updated'}
2022-12-06 16:24:46,565 [EventQueue-CommandQueueReportForCommandQueueReportHandler] WARN  events.EventQueue (EventQueue.java:fireEvent(216)) - No event handler registered for event TypedEvent{payloadType=DatanodeDetails, name='Datanode_Command_Queue_Updated'}
2022-12-06 16:24:46,640 [EventQueue-CommandQueueReportForCommandQueueReportHandler] WARN  events.EventQueue (EventQueue.java:fireEvent(216)) - No event handler registered for event TypedEvent{payloadType=DatanodeDetails, name='Datanode_Command_Queue_Updated'}
2022-12-06 16:24:46,643 [EventQueue-CommandQueueReportForCommandQueueReportHandler] WARN  events.EventQueue (EventQueue.java:fireEvent(216)) - No event handler registered for event TypedEvent{payloadType=DatanodeDetails, name='Datanode_Command_Queue_Updated'}
2022-12-06 16:24:46,656 [f48f5eaa-c865-41e1-958d-4d574a609fc9@group-C860D8A7810C-FollowerState] INFO  impl.FollowerState (FollowerState.java:run(143)) - f48f5eaa-c865-41e1-958d-4d574a609fc9@group-C860D8A7810C-FollowerState: change to CANDIDATE, lastRpcElapsedTime:5020593653ns, electionTimeout:5018ms
2022-12-06 16:24:46,657 [f48f5eaa-c865-41e1-958d-4d574a609fc9@group-C860D8A7810C-FollowerState] INFO  impl.RoleInfo (RoleInfo.java:shutdownFollowerState(110)) - f48f5eaa-c865-41e1-958d-4d574a609fc9: shutdown f48f5eaa-c865-41e1-958d-4d574a609fc9@group-C860D8A7810C-FollowerState
2022-12-06 16:24:46,657 [f48f5eaa-c865-41e1-958d-4d574a609fc9@group-C860D8A7810C-FollowerState] INFO  server.RaftServer$Division (RaftServerImpl.java:setRole(321)) - f48f5eaa-c865-41e1-958d-4d574a609fc9@group-C860D8A7810C: changes role from  FOLLOWER to CANDIDATE at term 1 for changeToCandidate
2022-12-06 16:24:46,657 [f48f5eaa-c865-41e1-958d-4d574a609fc9@group-C860D8A7810C-FollowerState] INFO  server.RaftServerConfigKeys (ConfUtils.java:logGet(46)) - raft.server.leaderelection.pre-vote = false (custom)
2022-12-06 16:24:46,657 [f48f5eaa-c865-41e1-958d-4d574a609fc9@group-C860D8A7810C-FollowerState] INFO  impl.RoleInfo (RoleInfo.java:updateAndGet(139)) - f48f5eaa-c865-41e1-958d-4d574a609fc9: start f48f5eaa-c865-41e1-958d-4d574a609fc9@group-C860D8A7810C-LeaderElection19
2022-12-06 16:24:46,660 [f48f5eaa-c865-41e1-958d-4d574a609fc9@group-C860D8A7810C-LeaderElection19] INFO  impl.LeaderElection (LeaderElection.java:askForVotes(312)) - f48f5eaa-c865-41e1-958d-4d574a609fc9@group-C860D8A7810C-LeaderElection19 ELECTION round 0: submit vote requests at term 2 for -1: peers:[18a879af-de93-4167-9a98-f5b552aa8b4b|rpc:10.1.0.176:33349|priority:0|startupRole:FOLLOWER, f48f5eaa-c865-41e1-958d-4d574a609fc9|rpc:10.1.0.176:45201|priority:0|startupRole:FOLLOWER, a57ee2ea-c69c-41b1-9f64-f7c5b74e8646|rpc:10.1.0.176:37641|priority:1|startupRole:FOLLOWER]|listeners:[], old=null
2022-12-06 16:24:46,660 [f48f5eaa-c865-41e1-958d-4d574a609fc9@group-C860D8A7810C-LeaderElection19] INFO  server.RaftServerConfigKeys (ConfUtils.java:logFallback(53)) - raft.server.rpc.first-election.timeout.min = 5s (fallback to raft.server.rpc.timeout.min)
2022-12-06 16:24:46,660 [f48f5eaa-c865-41e1-958d-4d574a609fc9@group-C860D8A7810C-LeaderElection19-1] INFO  server.GrpcServerProtocolClient (GrpcServerProtocolClient.java:<init>(63)) - Build channel for 18a879af-de93-4167-9a98-f5b552aa8b4b
2022-12-06 16:24:46,660 [f48f5eaa-c865-41e1-958d-4d574a609fc9@group-C860D8A7810C-LeaderElection19] INFO  server.RaftServerConfigKeys (ConfUtils.java:logFallback(53)) - raft.server.rpc.first-election.timeout.max = 5200ms (fallback to raft.server.rpc.timeout.max)
2022-12-06 16:24:46,661 [f48f5eaa-c865-41e1-958d-4d574a609fc9@group-C860D8A7810C-LeaderElection19-2] INFO  server.GrpcServerProtocolClient (GrpcServerProtocolClient.java:<init>(63)) - Build channel for a57ee2ea-c69c-41b1-9f64-f7c5b74e8646
2022-12-06 16:24:46,669 [grpc-default-executor-2] INFO  server.RaftServer$Division (RaftServerImpl.java:requestVote(1218)) - 18a879af-de93-4167-9a98-f5b552aa8b4b@group-C860D8A7810C: receive requestVote(ELECTION, f48f5eaa-c865-41e1-958d-4d574a609fc9, group-C860D8A7810C, 2, (t:0, i:0))
2022-12-06 16:24:46,670 [grpc-default-executor-2] INFO  impl.VoteContext (VoteContext.java:log(49)) - 18a879af-de93-4167-9a98-f5b552aa8b4b@group-C860D8A7810C-FOLLOWER: accept ELECTION from f48f5eaa-c865-41e1-958d-4d574a609fc9: our priority 0 <= candidate's priority 0
2022-12-06 16:24:46,670 [grpc-default-executor-2] INFO  server.RaftServer$Division (RaftServerImpl.java:setRole(321)) - 18a879af-de93-4167-9a98-f5b552aa8b4b@group-C860D8A7810C: changes role from  FOLLOWER to FOLLOWER at term 2 for candidate:f48f5eaa-c865-41e1-958d-4d574a609fc9
2022-12-06 16:24:46,670 [grpc-default-executor-2] INFO  impl.RoleInfo (RoleInfo.java:shutdownFollowerState(110)) - 18a879af-de93-4167-9a98-f5b552aa8b4b: shutdown 18a879af-de93-4167-9a98-f5b552aa8b4b@group-C860D8A7810C-FollowerState
2022-12-06 16:24:46,670 [grpc-default-executor-2] INFO  impl.RoleInfo (RoleInfo.java:updateAndGet(139)) - 18a879af-de93-4167-9a98-f5b552aa8b4b: start 18a879af-de93-4167-9a98-f5b552aa8b4b@group-C860D8A7810C-FollowerState
2022-12-06 16:24:46,670 [18a879af-de93-4167-9a98-f5b552aa8b4b@group-C860D8A7810C-FollowerState] INFO  impl.FollowerState (FollowerState.java:run(152)) - 18a879af-de93-4167-9a98-f5b552aa8b4b@group-C860D8A7810C-FollowerState was interrupted
2022-12-06 16:24:46,674 [18a879af-de93-4167-9a98-f5b552aa8b4b@group-C860D8A7810C-FollowerState] INFO  server.RaftServerConfigKeys (ConfUtils.java:logFallback(53)) - raft.server.rpc.first-election.timeout.min = 5s (fallback to raft.server.rpc.timeout.min)
2022-12-06 16:24:46,674 [18a879af-de93-4167-9a98-f5b552aa8b4b@group-C860D8A7810C-FollowerState] INFO  server.RaftServerConfigKeys (ConfUtils.java:logFallback(53)) - raft.server.rpc.first-election.timeout.max = 5200ms (fallback to raft.server.rpc.timeout.max)
2022-12-06 16:24:46,675 [grpc-default-executor-2] INFO  server.RaftServer$Division (RaftServerImpl.java:requestVote(1251)) - 18a879af-de93-4167-9a98-f5b552aa8b4b@group-C860D8A7810C replies to ELECTION vote request: f48f5eaa-c865-41e1-958d-4d574a609fc9<-18a879af-de93-4167-9a98-f5b552aa8b4b#0:OK-t2. Peer's state: 18a879af-de93-4167-9a98-f5b552aa8b4b@group-C860D8A7810C:t2, leader=null, voted=f48f5eaa-c865-41e1-958d-4d574a609fc9, raftlog=Memoized:18a879af-de93-4167-9a98-f5b552aa8b4b@group-C860D8A7810C-SegmentedRaftLog:OPENED:c-1, conf=-1: peers:[18a879af-de93-4167-9a98-f5b552aa8b4b|rpc:10.1.0.176:33349|priority:0|startupRole:FOLLOWER, f48f5eaa-c865-41e1-958d-4d574a609fc9|rpc:10.1.0.176:45201|priority:0|startupRole:FOLLOWER, a57ee2ea-c69c-41b1-9f64-f7c5b74e8646|rpc:10.1.0.176:37641|priority:1|startupRole:FOLLOWER]|listeners:[], old=null
2022-12-06 16:24:46,676 [grpc-default-executor-1] INFO  server.RaftServer$Division (RaftServerImpl.java:requestVote(1218)) - a57ee2ea-c69c-41b1-9f64-f7c5b74e8646@group-C860D8A7810C: receive requestVote(ELECTION, f48f5eaa-c865-41e1-958d-4d574a609fc9, group-C860D8A7810C, 2, (t:0, i:0))
2022-12-06 16:24:46,676 [grpc-default-executor-1] INFO  impl.VoteContext (VoteContext.java:log(49)) - a57ee2ea-c69c-41b1-9f64-f7c5b74e8646@group-C860D8A7810C-FOLLOWER: reject ELECTION from f48f5eaa-c865-41e1-958d-4d574a609fc9: our priority 1 > candidate's priority 0
2022-12-06 16:24:46,676 [grpc-default-executor-1] INFO  server.RaftServer$Division (RaftServerImpl.java:setRole(321)) - a57ee2ea-c69c-41b1-9f64-f7c5b74e8646@group-C860D8A7810C: changes role from  FOLLOWER to FOLLOWER at term 2 for candidate:f48f5eaa-c865-41e1-958d-4d574a609fc9
2022-12-06 16:24:46,677 [grpc-default-executor-1] INFO  impl.RoleInfo (RoleInfo.java:shutdownFollowerState(110)) - a57ee2ea-c69c-41b1-9f64-f7c5b74e8646: shutdown a57ee2ea-c69c-41b1-9f64-f7c5b74e8646@group-C860D8A7810C-FollowerState
2022-12-06 16:24:46,677 [grpc-default-executor-1] INFO  impl.RoleInfo (RoleInfo.java:updateAndGet(139)) - a57ee2ea-c69c-41b1-9f64-f7c5b74e8646: start a57ee2ea-c69c-41b1-9f64-f7c5b74e8646@group-C860D8A7810C-FollowerState
2022-12-06 16:24:46,677 [a57ee2ea-c69c-41b1-9f64-f7c5b74e8646@group-C860D8A7810C-FollowerState] INFO  impl.FollowerState (FollowerState.java:run(152)) - a57ee2ea-c69c-41b1-9f64-f7c5b74e8646@group-C860D8A7810C-FollowerState was interrupted
2022-12-06 16:24:46,678 [a57ee2ea-c69c-41b1-9f64-f7c5b74e8646@group-C860D8A7810C-FollowerState] INFO  server.RaftServerConfigKeys (ConfUtils.java:logFallback(53)) - raft.server.rpc.first-election.timeout.min = 5s (fallback to raft.server.rpc.timeout.min)
2022-12-06 16:24:46,679 [a57ee2ea-c69c-41b1-9f64-f7c5b74e8646@group-C860D8A7810C-FollowerState] INFO  server.RaftServerConfigKeys (ConfUtils.java:logFallback(53)) - raft.server.rpc.first-election.timeout.max = 5200ms (fallback to raft.server.rpc.timeout.max)
2022-12-06 16:24:46,679 [grpc-default-executor-1] INFO  server.RaftServer$Division (RaftServerImpl.java:requestVote(1251)) - a57ee2ea-c69c-41b1-9f64-f7c5b74e8646@group-C860D8A7810C replies to ELECTION vote request: f48f5eaa-c865-41e1-958d-4d574a609fc9<-a57ee2ea-c69c-41b1-9f64-f7c5b74e8646#0:FAIL-t2. Peer's state: a57ee2ea-c69c-41b1-9f64-f7c5b74e8646@group-C860D8A7810C:t2, leader=null, voted=null, raftlog=Memoized:a57ee2ea-c69c-41b1-9f64-f7c5b74e8646@group-C860D8A7810C-SegmentedRaftLog:OPENED:c-1, conf=-1: peers:[18a879af-de93-4167-9a98-f5b552aa8b4b|rpc:10.1.0.176:33349|priority:0|startupRole:FOLLOWER, f48f5eaa-c865-41e1-958d-4d574a609fc9|rpc:10.1.0.176:45201|priority:0|startupRole:FOLLOWER, a57ee2ea-c69c-41b1-9f64-f7c5b74e8646|rpc:10.1.0.176:37641|priority:1|startupRole:FOLLOWER]|listeners:[], old=null
2022-12-06 16:24:46,681 [f48f5eaa-c865-41e1-958d-4d574a609fc9@group-C860D8A7810C-LeaderElection19] INFO  impl.LeaderElection (LeaderElection.java:logAndReturn(90)) - f48f5eaa-c865-41e1-958d-4d574a609fc9@group-C860D8A7810C-LeaderElection19: ELECTION REJECTED received 2 response(s) and 0 exception(s):
2022-12-06 16:24:46,681 [f48f5eaa-c865-41e1-958d-4d574a609fc9@group-C860D8A7810C-LeaderElection19] INFO  impl.LeaderElection (LeaderElection.java:logAndReturn(94)) -   Response 0: f48f5eaa-c865-41e1-958d-4d574a609fc9<-18a879af-de93-4167-9a98-f5b552aa8b4b#0:OK-t2
2022-12-06 16:24:46,681 [f48f5eaa-c865-41e1-958d-4d574a609fc9@group-C860D8A7810C-LeaderElection19] INFO  impl.LeaderElection (LeaderElection.java:logAndReturn(94)) -   Response 1: f48f5eaa-c865-41e1-958d-4d574a609fc9<-a57ee2ea-c69c-41b1-9f64-f7c5b74e8646#0:FAIL-t2
2022-12-06 16:24:46,681 [f48f5eaa-c865-41e1-958d-4d574a609fc9@group-C860D8A7810C-LeaderElection19] INFO  impl.LeaderElection (LeaderElection.java:askForVotes(314)) - f48f5eaa-c865-41e1-958d-4d574a609fc9@group-C860D8A7810C-LeaderElection19 ELECTION round 0: result REJECTED
2022-12-06 16:24:46,682 [f48f5eaa-c865-41e1-958d-4d574a609fc9@group-C860D8A7810C-LeaderElection19] INFO  server.RaftServer$Division (RaftServerImpl.java:setRole(321)) - f48f5eaa-c865-41e1-958d-4d574a609fc9@group-C860D8A7810C: changes role from CANDIDATE to FOLLOWER at term 2 for REJECTED
2022-12-06 16:24:46,682 [f48f5eaa-c865-41e1-958d-4d574a609fc9@group-C860D8A7810C-LeaderElection19] INFO  impl.RoleInfo (RoleInfo.java:shutdownLeaderElection(130)) - f48f5eaa-c865-41e1-958d-4d574a609fc9: shutdown f48f5eaa-c865-41e1-958d-4d574a609fc9@group-C860D8A7810C-LeaderElection19
2022-12-06 16:24:46,682 [f48f5eaa-c865-41e1-958d-4d574a609fc9@group-C860D8A7810C-LeaderElection19] INFO  impl.RoleInfo (RoleInfo.java:updateAndGet(139)) - f48f5eaa-c865-41e1-958d-4d574a609fc9: start f48f5eaa-c865-41e1-958d-4d574a609fc9@group-C860D8A7810C-FollowerState
2022-12-06 16:24:46,687 [f48f5eaa-c865-41e1-958d-4d574a609fc9@group-C860D8A7810C-FollowerState] INFO  server.RaftServerConfigKeys (ConfUtils.java:logFallback(53)) - raft.server.rpc.first-election.timeout.min = 5s (fallback to raft.server.rpc.timeout.min)
2022-12-06 16:24:46,687 [f48f5eaa-c865-41e1-958d-4d574a609fc9@group-C860D8A7810C-FollowerState] INFO  server.RaftServerConfigKeys (ConfUtils.java:logFallback(53)) - raft.server.rpc.first-election.timeout.max = 5200ms (fallback to raft.server.rpc.timeout.max)
2022-12-06 16:24:46,834 [EventQueue-CommandQueueReportForCommandQueueReportHandler] WARN  events.EventQueue (EventQueue.java:fireEvent(216)) - No event handler registered for event TypedEvent{payloadType=DatanodeDetails, name='Datanode_Command_Queue_Updated'}
2022-12-06 16:24:46,902 [EventQueue-CommandQueueReportForCommandQueueReportHandler] WARN  events.EventQueue (EventQueue.java:fireEvent(216)) - No event handler registered for event TypedEvent{payloadType=DatanodeDetails, name='Datanode_Command_Queue_Updated'}
2022-12-06 16:24:47,155 [EventQueue-CommandQueueReportForCommandQueueReportHandler] WARN  events.EventQueue (EventQueue.java:fireEvent(216)) - No event handler registered for event TypedEvent{payloadType=DatanodeDetails, name='Datanode_Command_Queue_Updated'}
2022-12-06 16:24:47,319 [EventQueue-CommandQueueReportForCommandQueueReportHandler] WARN  events.EventQueue (EventQueue.java:fireEvent(216)) - No event handler registered for event TypedEvent{payloadType=DatanodeDetails, name='Datanode_Command_Queue_Updated'}
2022-12-06 16:24:47,354 [Listener at 127.0.0.1/39139] INFO  ozone.MiniOzoneClusterImpl (MiniOzoneClusterImpl.java:lambda$waitForClusterToBeReady$0(216)) - Nodes are ready. Got 10 of 10 DN Heartbeats.
2022-12-06 16:24:47,354 [Listener at 127.0.0.1/39139] INFO  ozone.MiniOzoneClusterImpl (MiniOzoneClusterImpl.java:lambda$waitForClusterToBeReady$0(219)) - Waiting for cluster to exit safe mode
2022-12-06 16:24:47,354 [Listener at 127.0.0.1/39139] INFO  ozone.MiniOzoneClusterImpl (MiniOzoneClusterImpl.java:lambda$waitForClusterToBeReady$0(221)) - SCM became leader
2022-12-06 16:24:47,381 [EventQueue-CommandQueueReportForCommandQueueReportHandler] WARN  events.EventQueue (EventQueue.java:fireEvent(216)) - No event handler registered for event TypedEvent{payloadType=DatanodeDetails, name='Datanode_Command_Queue_Updated'}
2022-12-06 16:24:47,488 [EventQueue-CommandQueueReportForCommandQueueReportHandler] WARN  events.EventQueue (EventQueue.java:fireEvent(216)) - No event handler registered for event TypedEvent{payloadType=DatanodeDetails, name='Datanode_Command_Queue_Updated'}
2022-12-06 16:24:47,555 [EventQueue-CommandQueueReportForCommandQueueReportHandler] WARN  events.EventQueue (EventQueue.java:fireEvent(216)) - No event handler registered for event TypedEvent{payloadType=DatanodeDetails, name='Datanode_Command_Queue_Updated'}
2022-12-06 16:24:47,565 [EventQueue-CommandQueueReportForCommandQueueReportHandler] WARN  events.EventQueue (EventQueue.java:fireEvent(216)) - No event handler registered for event TypedEvent{payloadType=DatanodeDetails, name='Datanode_Command_Queue_Updated'}
2022-12-06 16:24:47,641 [EventQueue-CommandQueueReportForCommandQueueReportHandler] WARN  events.EventQueue (EventQueue.java:fireEvent(216)) - No event handler registered for event TypedEvent{payloadType=DatanodeDetails, name='Datanode_Command_Queue_Updated'}
2022-12-06 16:24:47,643 [EventQueue-CommandQueueReportForCommandQueueReportHandler] WARN  events.EventQueue (EventQueue.java:fireEvent(216)) - No event handler registered for event TypedEvent{payloadType=DatanodeDetails, name='Datanode_Command_Queue_Updated'}
2022-12-06 16:24:47,835 [EventQueue-CommandQueueReportForCommandQueueReportHandler] WARN  events.EventQueue (EventQueue.java:fireEvent(216)) - No event handler registered for event TypedEvent{payloadType=DatanodeDetails, name='Datanode_Command_Queue_Updated'}
2022-12-06 16:24:47,902 [EventQueue-CommandQueueReportForCommandQueueReportHandler] WARN  events.EventQueue (EventQueue.java:fireEvent(216)) - No event handler registered for event TypedEvent{payloadType=DatanodeDetails, name='Datanode_Command_Queue_Updated'}
2022-12-06 16:24:47,910 [18a879af-de93-4167-9a98-f5b552aa8b4b@group-E13D6F209EBE-FollowerState] INFO  server.RaftServerConfigKeys (ConfUtils.java:logFallback(53)) - raft.server.rpc.first-election.timeout.min = 5s (fallback to raft.server.rpc.timeout.min)
2022-12-06 16:24:47,910 [18a879af-de93-4167-9a98-f5b552aa8b4b@group-E13D6F209EBE-FollowerState] INFO  server.RaftServerConfigKeys (ConfUtils.java:logFallback(53)) - raft.server.rpc.first-election.timeout.max = 5200ms (fallback to raft.server.rpc.timeout.max)
2022-12-06 16:24:47,993 [f48f5eaa-c865-41e1-958d-4d574a609fc9@group-E13D6F209EBE-FollowerState] INFO  impl.FollowerState (FollowerState.java:run(143)) - f48f5eaa-c865-41e1-958d-4d574a609fc9@group-E13D6F209EBE-FollowerState: change to CANDIDATE, lastRpcElapsedTime:5133363538ns, electionTimeout:5125ms
2022-12-06 16:24:47,994 [f48f5eaa-c865-41e1-958d-4d574a609fc9@group-E13D6F209EBE-FollowerState] INFO  impl.RoleInfo (RoleInfo.java:shutdownFollowerState(110)) - f48f5eaa-c865-41e1-958d-4d574a609fc9: shutdown f48f5eaa-c865-41e1-958d-4d574a609fc9@group-E13D6F209EBE-FollowerState
2022-12-06 16:24:47,994 [f48f5eaa-c865-41e1-958d-4d574a609fc9@group-E13D6F209EBE-FollowerState] INFO  server.RaftServer$Division (RaftServerImpl.java:setRole(321)) - f48f5eaa-c865-41e1-958d-4d574a609fc9@group-E13D6F209EBE: changes role from  FOLLOWER to CANDIDATE at term 1 for changeToCandidate
2022-12-06 16:24:47,994 [f48f5eaa-c865-41e1-958d-4d574a609fc9@group-E13D6F209EBE-FollowerState] INFO  server.RaftServerConfigKeys (ConfUtils.java:logGet(46)) - raft.server.leaderelection.pre-vote = false (custom)
2022-12-06 16:24:47,994 [f48f5eaa-c865-41e1-958d-4d574a609fc9@group-E13D6F209EBE-FollowerState] INFO  impl.RoleInfo (RoleInfo.java:updateAndGet(139)) - f48f5eaa-c865-41e1-958d-4d574a609fc9: start f48f5eaa-c865-41e1-958d-4d574a609fc9@group-E13D6F209EBE-LeaderElection20
2022-12-06 16:24:47,997 [f48f5eaa-c865-41e1-958d-4d574a609fc9@group-E13D6F209EBE-LeaderElection20] INFO  impl.LeaderElection (LeaderElection.java:askForVotes(312)) - f48f5eaa-c865-41e1-958d-4d574a609fc9@group-E13D6F209EBE-LeaderElection20 ELECTION round 0: submit vote requests at term 2 for -1: peers:[18a879af-de93-4167-9a98-f5b552aa8b4b|rpc:10.1.0.176:33349|priority:0|startupRole:FOLLOWER, a57ee2ea-c69c-41b1-9f64-f7c5b74e8646|rpc:10.1.0.176:37641|priority:0|startupRole:FOLLOWER, f48f5eaa-c865-41e1-958d-4d574a609fc9|rpc:10.1.0.176:45201|priority:1|startupRole:FOLLOWER]|listeners:[], old=null
2022-12-06 16:24:47,998 [f48f5eaa-c865-41e1-958d-4d574a609fc9@group-E13D6F209EBE-LeaderElection20] INFO  server.RaftServerConfigKeys (ConfUtils.java:logFallback(53)) - raft.server.rpc.first-election.timeout.min = 5s (fallback to raft.server.rpc.timeout.min)
2022-12-06 16:24:47,998 [f48f5eaa-c865-41e1-958d-4d574a609fc9@group-E13D6F209EBE-LeaderElection20] INFO  server.RaftServerConfigKeys (ConfUtils.java:logFallback(53)) - raft.server.rpc.first-election.timeout.max = 5200ms (fallback to raft.server.rpc.timeout.max)
2022-12-06 16:24:48,002 [grpc-default-executor-2] INFO  server.RaftServer$Division (RaftServerImpl.java:requestVote(1218)) - a57ee2ea-c69c-41b1-9f64-f7c5b74e8646@group-E13D6F209EBE: receive requestVote(ELECTION, f48f5eaa-c865-41e1-958d-4d574a609fc9, group-E13D6F209EBE, 2, (t:0, i:0))
2022-12-06 16:24:48,003 [grpc-default-executor-2] INFO  impl.VoteContext (VoteContext.java:log(49)) - a57ee2ea-c69c-41b1-9f64-f7c5b74e8646@group-E13D6F209EBE-FOLLOWER: accept ELECTION from f48f5eaa-c865-41e1-958d-4d574a609fc9: our priority 0 <= candidate's priority 1
2022-12-06 16:24:48,003 [grpc-default-executor-2] INFO  server.RaftServer$Division (RaftServerImpl.java:setRole(321)) - a57ee2ea-c69c-41b1-9f64-f7c5b74e8646@group-E13D6F209EBE: changes role from  FOLLOWER to FOLLOWER at term 2 for candidate:f48f5eaa-c865-41e1-958d-4d574a609fc9
2022-12-06 16:24:48,003 [grpc-default-executor-2] INFO  impl.RoleInfo (RoleInfo.java:shutdownFollowerState(110)) - a57ee2ea-c69c-41b1-9f64-f7c5b74e8646: shutdown a57ee2ea-c69c-41b1-9f64-f7c5b74e8646@group-E13D6F209EBE-FollowerState
2022-12-06 16:24:48,003 [grpc-default-executor-2] INFO  impl.RoleInfo (RoleInfo.java:updateAndGet(139)) - a57ee2ea-c69c-41b1-9f64-f7c5b74e8646: start a57ee2ea-c69c-41b1-9f64-f7c5b74e8646@group-E13D6F209EBE-FollowerState
2022-12-06 16:24:48,003 [a57ee2ea-c69c-41b1-9f64-f7c5b74e8646@group-E13D6F209EBE-FollowerState] INFO  impl.FollowerState (FollowerState.java:run(152)) - a57ee2ea-c69c-41b1-9f64-f7c5b74e8646@group-E13D6F209EBE-FollowerState was interrupted
2022-12-06 16:24:48,003 [grpc-default-executor-1] INFO  server.RaftServer$Division (RaftServerImpl.java:requestVote(1218)) - 18a879af-de93-4167-9a98-f5b552aa8b4b@group-E13D6F209EBE: receive requestVote(ELECTION, f48f5eaa-c865-41e1-958d-4d574a609fc9, group-E13D6F209EBE, 2, (t:0, i:0))
2022-12-06 16:24:48,005 [grpc-default-executor-2] INFO  server.RaftServer$Division (RaftServerImpl.java:requestVote(1251)) - a57ee2ea-c69c-41b1-9f64-f7c5b74e8646@group-E13D6F209EBE replies to ELECTION vote request: f48f5eaa-c865-41e1-958d-4d574a609fc9<-a57ee2ea-c69c-41b1-9f64-f7c5b74e8646#0:OK-t2. Peer's state: a57ee2ea-c69c-41b1-9f64-f7c5b74e8646@group-E13D6F209EBE:t2, leader=null, voted=f48f5eaa-c865-41e1-958d-4d574a609fc9, raftlog=Memoized:a57ee2ea-c69c-41b1-9f64-f7c5b74e8646@group-E13D6F209EBE-SegmentedRaftLog:OPENED:c-1, conf=-1: peers:[18a879af-de93-4167-9a98-f5b552aa8b4b|rpc:10.1.0.176:33349|priority:0|startupRole:FOLLOWER, a57ee2ea-c69c-41b1-9f64-f7c5b74e8646|rpc:10.1.0.176:37641|priority:0|startupRole:FOLLOWER, f48f5eaa-c865-41e1-958d-4d574a609fc9|rpc:10.1.0.176:45201|priority:1|startupRole:FOLLOWER]|listeners:[], old=null
2022-12-06 16:24:48,005 [grpc-default-executor-1] INFO  impl.VoteContext (VoteContext.java:log(49)) - 18a879af-de93-4167-9a98-f5b552aa8b4b@group-E13D6F209EBE-FOLLOWER: accept ELECTION from f48f5eaa-c865-41e1-958d-4d574a609fc9: our priority 0 <= candidate's priority 1
2022-12-06 16:24:48,005 [grpc-default-executor-1] INFO  server.RaftServer$Division (RaftServerImpl.java:setRole(321)) - 18a879af-de93-4167-9a98-f5b552aa8b4b@group-E13D6F209EBE: changes role from  FOLLOWER to FOLLOWER at term 2 for candidate:f48f5eaa-c865-41e1-958d-4d574a609fc9
2022-12-06 16:24:48,005 [grpc-default-executor-1] INFO  impl.RoleInfo (RoleInfo.java:shutdownFollowerState(110)) - 18a879af-de93-4167-9a98-f5b552aa8b4b: shutdown 18a879af-de93-4167-9a98-f5b552aa8b4b@group-E13D6F209EBE-FollowerState
2022-12-06 16:24:48,005 [grpc-default-executor-1] INFO  impl.RoleInfo (RoleInfo.java:updateAndGet(139)) - 18a879af-de93-4167-9a98-f5b552aa8b4b: start 18a879af-de93-4167-9a98-f5b552aa8b4b@group-E13D6F209EBE-FollowerState
2022-12-06 16:24:48,005 [18a879af-de93-4167-9a98-f5b552aa8b4b@group-E13D6F209EBE-FollowerState] INFO  impl.FollowerState (FollowerState.java:run(152)) - 18a879af-de93-4167-9a98-f5b552aa8b4b@group-E13D6F209EBE-FollowerState was interrupted
2022-12-06 16:24:48,007 [18a879af-de93-4167-9a98-f5b552aa8b4b@group-E13D6F209EBE-FollowerState] INFO  server.RaftServerConfigKeys (ConfUtils.java:logFallback(53)) - raft.server.rpc.first-election.timeout.min = 5s (fallback to raft.server.rpc.timeout.min)
2022-12-06 16:24:48,007 [18a879af-de93-4167-9a98-f5b552aa8b4b@group-E13D6F209EBE-FollowerState] INFO  server.RaftServerConfigKeys (ConfUtils.java:logFallback(53)) - raft.server.rpc.first-election.timeout.max = 5200ms (fallback to raft.server.rpc.timeout.max)
2022-12-06 16:24:48,008 [grpc-default-executor-1] INFO  server.RaftServer$Division (RaftServerImpl.java:requestVote(1251)) - 18a879af-de93-4167-9a98-f5b552aa8b4b@group-E13D6F209EBE replies to ELECTION vote request: f48f5eaa-c865-41e1-958d-4d574a609fc9<-18a879af-de93-4167-9a98-f5b552aa8b4b#0:OK-t2. Peer's state: 18a879af-de93-4167-9a98-f5b552aa8b4b@group-E13D6F209EBE:t2, leader=null, voted=f48f5eaa-c865-41e1-958d-4d574a609fc9, raftlog=Memoized:18a879af-de93-4167-9a98-f5b552aa8b4b@group-E13D6F209EBE-SegmentedRaftLog:OPENED:c-1, conf=-1: peers:[18a879af-de93-4167-9a98-f5b552aa8b4b|rpc:10.1.0.176:33349|priority:0|startupRole:FOLLOWER, a57ee2ea-c69c-41b1-9f64-f7c5b74e8646|rpc:10.1.0.176:37641|priority:0|startupRole:FOLLOWER, f48f5eaa-c865-41e1-958d-4d574a609fc9|rpc:10.1.0.176:45201|priority:1|startupRole:FOLLOWER]|listeners:[], old=null
2022-12-06 16:24:48,008 [f48f5eaa-c865-41e1-958d-4d574a609fc9@group-E13D6F209EBE-LeaderElection20] INFO  impl.LeaderElection (LeaderElection.java:logAndReturn(90)) - f48f5eaa-c865-41e1-958d-4d574a609fc9@group-E13D6F209EBE-LeaderElection20: ELECTION PASSED received 1 response(s) and 0 exception(s):
2022-12-06 16:24:48,008 [f48f5eaa-c865-41e1-958d-4d574a609fc9@group-E13D6F209EBE-LeaderElection20] INFO  impl.LeaderElection (LeaderElection.java:logAndReturn(94)) -   Response 0: f48f5eaa-c865-41e1-958d-4d574a609fc9<-a57ee2ea-c69c-41b1-9f64-f7c5b74e8646#0:OK-t2
2022-12-06 16:24:48,008 [f48f5eaa-c865-41e1-958d-4d574a609fc9@group-E13D6F209EBE-LeaderElection20] INFO  impl.LeaderElection (LeaderElection.java:askForVotes(314)) - f48f5eaa-c865-41e1-958d-4d574a609fc9@group-E13D6F209EBE-LeaderElection20 ELECTION round 0: result PASSED
2022-12-06 16:24:48,008 [f48f5eaa-c865-41e1-958d-4d574a609fc9@group-E13D6F209EBE-LeaderElection20] INFO  impl.RoleInfo (RoleInfo.java:shutdownLeaderElection(130)) - f48f5eaa-c865-41e1-958d-4d574a609fc9: shutdown f48f5eaa-c865-41e1-958d-4d574a609fc9@group-E13D6F209EBE-LeaderElection20
2022-12-06 16:24:48,008 [f48f5eaa-c865-41e1-958d-4d574a609fc9@group-E13D6F209EBE-LeaderElection20] INFO  server.RaftServer$Division (RaftServerImpl.java:setRole(321)) - f48f5eaa-c865-41e1-958d-4d574a609fc9@group-E13D6F209EBE: changes role from CANDIDATE to LEADER at term 2 for changeToLeader
2022-12-06 16:24:48,008 [f48f5eaa-c865-41e1-958d-4d574a609fc9@group-E13D6F209EBE-LeaderElection20] INFO  ratis.XceiverServerRatis (XceiverServerRatis.java:handleLeaderChangedNotification(863)) - Leader change notification received for group: group-E13D6F209EBE with new leaderId: f48f5eaa-c865-41e1-958d-4d574a609fc9
2022-12-06 16:24:48,009 [f48f5eaa-c865-41e1-958d-4d574a609fc9@group-E13D6F209EBE-LeaderElection20] INFO  server.RaftServer$Division (ServerState.java:setLeader(313)) - f48f5eaa-c865-41e1-958d-4d574a609fc9@group-E13D6F209EBE: change Leader from null to f48f5eaa-c865-41e1-958d-4d574a609fc9 at term 2 for becomeLeader, leader elected after 10244ms
2022-12-06 16:24:48,009 [f48f5eaa-c865-41e1-958d-4d574a609fc9@group-E13D6F209EBE-LeaderElection20] INFO  server.RaftServerConfigKeys (ConfUtils.java:logGet(46)) - raft.server.staging.catchup.gap = 1000 (default)
2022-12-06 16:24:48,009 [f48f5eaa-c865-41e1-958d-4d574a609fc9@group-E13D6F209EBE-LeaderElection20] INFO  server.RaftServerConfigKeys (ConfUtils.java:logGet(46)) - raft.server.write.element-limit = 1024 (custom)
2022-12-06 16:24:48,009 [f48f5eaa-c865-41e1-958d-4d574a609fc9@group-E13D6F209EBE-LeaderElection20] INFO  server.RaftServerConfigKeys (ConfUtils.java:logGet(46)) - raft.server.write.byte-limit = 1024 M (=1073741824) (custom)
2022-12-06 16:24:48,009 [f48f5eaa-c865-41e1-958d-4d574a609fc9@group-E13D6F209EBE-LeaderElection20] INFO  server.RaftServerConfigKeys (ConfUtils.java:logGet(46)) - raft.server.watch.timeout = 180s (custom)
2022-12-06 16:24:48,009 [f48f5eaa-c865-41e1-958d-4d574a609fc9@group-E13D6F209EBE-LeaderElection20] INFO  server.RaftServerConfigKeys (ConfUtils.java:logGet(46)) - raft.server.watch.timeout.denomination = 1s (default)
2022-12-06 16:24:48,009 [f48f5eaa-c865-41e1-958d-4d574a609fc9@group-E13D6F209EBE-LeaderElection20] INFO  server.RaftServerConfigKeys (ConfUtils.java:logGet(46)) - raft.server.watch.element-limit = 65536 (default)
2022-12-06 16:24:48,009 [f48f5eaa-c865-41e1-958d-4d574a609fc9@group-E13D6F209EBE-LeaderElection20] INFO  server.RaftServerConfigKeys (ConfUtils.java:logGet(46)) - raft.server.write.element-limit = 1024 (custom)
2022-12-06 16:24:48,009 [f48f5eaa-c865-41e1-958d-4d574a609fc9@group-E13D6F209EBE-LeaderElection20] INFO  server.RaftServerConfigKeys (ConfUtils.java:logGet(46)) - raft.server.write.follower.gap.ratio.max = -1.0 (default)
2022-12-06 16:24:48,014 [a57ee2ea-c69c-41b1-9f64-f7c5b74e8646@group-E13D6F209EBE-FollowerState] INFO  server.RaftServerConfigKeys (ConfUtils.java:logFallback(53)) - raft.server.rpc.first-election.timeout.min = 5s (fallback to raft.server.rpc.timeout.min)
2022-12-06 16:24:48,014 [a57ee2ea-c69c-41b1-9f64-f7c5b74e8646@group-E13D6F209EBE-FollowerState] INFO  server.RaftServerConfigKeys (ConfUtils.java:logFallback(53)) - raft.server.rpc.first-election.timeout.max = 5200ms (fallback to raft.server.rpc.timeout.max)
2022-12-06 16:24:48,018 [EventQueue-CommandQueueReportForCommandQueueReportHandler] WARN  events.EventQueue (EventQueue.java:fireEvent(216)) - No event handler registered for event TypedEvent{payloadType=DatanodeDetails, name='Datanode_Command_Queue_Updated'}
2022-12-06 16:24:48,018 [EventQueue-PipelineReportForPipelineReportHandler] INFO  pipeline.PipelineManagerImpl (PipelineManagerImpl.java:openPipeline(367)) - Pipeline Pipeline[ Id: fb31c8b1-aaf2-4670-8e2f-e13d6f209ebe, Nodes: a57ee2ea-c69c-41b1-9f64-f7c5b74e8646{ip: 10.1.0.176, host: fv-az451-158.ehxzt5fk3o4e1ahk02omj2f41g.dx.internal.cloudapp.net, ports: [REPLICATION=45367, RATIS=37641, RATIS_ADMIN=37641, RATIS_SERVER=37641, STANDALONE=43533], networkLocation: /default-rack, certSerialId: null, persistedOpState: IN_SERVICE, persistedOpStateExpiryEpochSec: 0}18a879af-de93-4167-9a98-f5b552aa8b4b{ip: 10.1.0.176, host: fv-az451-158.ehxzt5fk3o4e1ahk02omj2f41g.dx.internal.cloudapp.net, ports: [REPLICATION=33057, RATIS=33349, RATIS_ADMIN=33349, RATIS_SERVER=33349, STANDALONE=34989], networkLocation: /default-rack, certSerialId: null, persistedOpState: IN_SERVICE, persistedOpStateExpiryEpochSec: 0}f48f5eaa-c865-41e1-958d-4d574a609fc9{ip: 10.1.0.176, host: fv-az451-158.ehxzt5fk3o4e1ahk02omj2f41g.dx.internal.cloudapp.net, ports: [REPLICATION=37599, RATIS=45201, RATIS_ADMIN=45201, RATIS_SERVER=45201, STANDALONE=39113], networkLocation: /default-rack, certSerialId: null, persistedOpState: IN_SERVICE, persistedOpStateExpiryEpochSec: 0}, ReplicationConfig: RATIS/THREE, State:ALLOCATED, leaderId:f48f5eaa-c865-41e1-958d-4d574a609fc9, CreationTimestamp2022-12-06T16:24:34.374Z[Etc/UTC]] moved to OPEN state
2022-12-06 16:24:48,019 [EventQueue-OpenPipelineForHealthyPipelineSafeModeRule] INFO  safemode.SCMSafeModeManager (HealthyPipelineSafeModeRule.java:process(137)) - SCM in safe mode. Healthy pipelines reported count is 0, required healthy pipeline reported count is 1
2022-12-06 16:24:48,019 [EventQueue-OpenPipelineForHealthyPipelineSafeModeRule] INFO  safemode.SCMSafeModeManager (HealthyPipelineSafeModeRule.java:process(137)) - SCM in safe mode. Healthy pipelines reported count is 1, required healthy pipeline reported count is 1
2022-12-06 16:24:48,019 [EventQueue-OpenPipelineForHealthyPipelineSafeModeRule] INFO  safemode.SCMSafeModeManager (SCMSafeModeManager.java:validateSafeModeExitRules(200)) - HealthyPipelineSafeModeRule rule is successfully validated
2022-12-06 16:24:48,019 [EventQueue-OpenPipelineForHealthyPipelineSafeModeRule] INFO  safemode.SCMSafeModeManager (SCMSafeModeManager.java:validateSafeModeExitRules(215)) - ScmSafeModeManager, all rules are successfully validated
2022-12-06 16:24:48,019 [EventQueue-OpenPipelineForHealthyPipelineSafeModeRule] INFO  safemode.SCMSafeModeManager (SCMSafeModeManager.java:exitSafeMode(244)) - SCM exiting safe mode.
2022-12-06 16:24:48,019 [EventQueue-OpenPipelineForHealthyPipelineSafeModeRule] INFO  ha.SCMContext (SCMContext.java:updateSafeModeStatus(228)) - Update SafeModeStatus from SafeModeStatus{safeModeStatus=true, preCheckPassed=true} to SafeModeStatus{safeModeStatus=false, preCheckPassed=true}.
2022-12-06 16:24:48,019 [EventQueue-OpenPipelineForHealthyPipelineSafeModeRule] INFO  pipeline.BackgroundPipelineCreator (BackgroundPipelineCreator.java:notifyStatusChanged(254)) - Service BackgroundPipelineCreator transitions to RUNNING.
2022-12-06 16:24:48,019 [EventQueue-OpenPipelineForHealthyPipelineSafeModeRule] INFO  BackgroundPipelineScrubber (BackgroundSCMService.java:notifyStatusChanged(82)) - Service BackgroundPipelineScrubber transitions to RUNNING.
2022-12-06 16:24:48,019 [EventQueue-OpenPipelineForHealthyPipelineSafeModeRule] INFO  ExpiredContainerReplicaOpScrubber (BackgroundSCMService.java:notifyStatusChanged(82)) - Service ExpiredContainerReplicaOpScrubber transitions to RUNNING.
2022-12-06 16:24:48,019 [EventQueue-OpenPipelineForHealthyPipelineSafeModeRule] INFO  replication.ReplicationManager (ReplicationManager.java:notifyStatusChanged(860)) - Service ReplicationManager transitions to RUNNING.
2022-12-06 16:24:48,023 [EventQueue-OpenPipelineForHealthyPipelineSafeModeRule] WARN  balancer.ContainerBalancer (ContainerBalancer.java:shouldRun(131)) - Could not find persisted configuration for ContainerBalancer when checking if ContainerBalancer should run. ContainerBalancer should not run now.
2022-12-06 16:24:48,029 [f48f5eaa-c865-41e1-958d-4d574a609fc9@group-E13D6F209EBE-LeaderElection20] INFO  server.RaftServerConfigKeys (ConfUtils.java:logGet(46)) - raft.server.log.appender.snapshot.chunk.size.max = 16MB (=16777216) (default)
2022-12-06 16:24:48,029 [f48f5eaa-c865-41e1-958d-4d574a609fc9@group-E13D6F209EBE-LeaderElection20] INFO  server.RaftServerConfigKeys (ConfUtils.java:logGet(46)) - raft.server.log.appender.buffer.byte-limit = 33554432 (custom)
2022-12-06 16:24:48,029 [f48f5eaa-c865-41e1-958d-4d574a609fc9@group-E13D6F209EBE-LeaderElection20] INFO  server.RaftServerConfigKeys (ConfUtils.java:logGet(46)) - raft.server.log.appender.buffer.element-limit = 1 (custom)
2022-12-06 16:24:48,033 [f48f5eaa-c865-41e1-958d-4d574a609fc9@group-E13D6F209EBE-LeaderElection20] INFO  grpc.GrpcConfigKeys (ConfUtils.java:logGet(46)) - raft.grpc.server.leader.outstanding.appends.max = 128 (default)
2022-12-06 16:24:48,033 [f48f5eaa-c865-41e1-958d-4d574a609fc9@group-E13D6F209EBE-LeaderElection20] INFO  server.RaftServerConfigKeys (ConfUtils.java:logGet(46)) - raft.server.rpc.request.timeout = 60s (custom)
2022-12-06 16:24:48,033 [f48f5eaa-c865-41e1-958d-4d574a609fc9@group-E13D6F209EBE-LeaderElection20] INFO  server.RaftServerConfigKeys (ConfUtils.java:logGet(46)) - raft.server.log.appender.install.snapshot.enabled = false (custom)
2022-12-06 16:24:48,033 [f48f5eaa-c865-41e1-958d-4d574a609fc9@group-E13D6F209EBE-LeaderElection20] INFO  grpc.GrpcConfigKeys (ConfUtils.java:logGet(46)) - raft.grpc.server.heartbeat.channel = true (default)
2022-12-06 16:24:48,033 [f48f5eaa-c865-41e1-958d-4d574a609fc9@group-E13D6F209EBE-LeaderElection20] INFO  server.RaftServerConfigKeys (ConfUtils.java:logGet(46)) - raft.server.log.appender.wait-time.min = 10ms (default)
2022-12-06 16:24:48,035 [f48f5eaa-c865-41e1-958d-4d574a609fc9@group-E13D6F209EBE-LeaderElection20] INFO  server.RaftServerConfigKeys (ConfUtils.java:logGet(46)) - raft.server.log.appender.snapshot.chunk.size.max = 16MB (=16777216) (default)
2022-12-06 16:24:48,035 [f48f5eaa-c865-41e1-958d-4d574a609fc9@group-E13D6F209EBE-LeaderElection20] INFO  server.RaftServerConfigKeys (ConfUtils.java:logGet(46)) - raft.server.log.appender.buffer.byte-limit = 33554432 (custom)
2022-12-06 16:24:48,035 [f48f5eaa-c865-41e1-958d-4d574a609fc9@group-E13D6F209EBE-LeaderElection20] INFO  server.RaftServerConfigKeys (ConfUtils.java:logGet(46)) - raft.server.log.appender.buffer.element-limit = 1 (custom)
2022-12-06 16:24:48,035 [f48f5eaa-c865-41e1-958d-4d574a609fc9@group-E13D6F209EBE-LeaderElection20] INFO  grpc.GrpcConfigKeys (ConfUtils.java:logGet(46)) - raft.grpc.server.leader.outstanding.appends.max = 128 (default)
2022-12-06 16:24:48,035 [f48f5eaa-c865-41e1-958d-4d574a609fc9@group-E13D6F209EBE-LeaderElection20] INFO  server.RaftServerConfigKeys (ConfUtils.java:logGet(46)) - raft.server.rpc.request.timeout = 60s (custom)
2022-12-06 16:24:48,035 [f48f5eaa-c865-41e1-958d-4d574a609fc9@group-E13D6F209EBE-LeaderElection20] INFO  server.RaftServerConfigKeys (ConfUtils.java:logGet(46)) - raft.server.log.appender.install.snapshot.enabled = false (custom)
2022-12-06 16:24:48,035 [f48f5eaa-c865-41e1-958d-4d574a609fc9@group-E13D6F209EBE-LeaderElection20] INFO  grpc.GrpcConfigKeys (ConfUtils.java:logGet(46)) - raft.grpc.server.heartbeat.channel = true (default)
2022-12-06 16:24:48,035 [f48f5eaa-c865-41e1-958d-4d574a609fc9@group-E13D6F209EBE-LeaderElection20] INFO  server.RaftServerConfigKeys (ConfUtils.java:logGet(46)) - raft.server.log.appender.wait-time.min = 10ms (default)
2022-12-06 16:24:48,036 [f48f5eaa-c865-41e1-958d-4d574a609fc9@group-E13D6F209EBE-LeaderElection20] INFO  impl.RoleInfo (RoleInfo.java:updateAndGet(139)) - f48f5eaa-c865-41e1-958d-4d574a609fc9: start f48f5eaa-c865-41e1-958d-4d574a609fc9@group-E13D6F209EBE-LeaderStateImpl
2022-12-06 16:24:48,036 [f48f5eaa-c865-41e1-958d-4d574a609fc9@group-E13D6F209EBE-LeaderElection20] INFO  segmented.SegmentedRaftLogWorker (SegmentedRaftLogWorker.java:startLogSegment(452)) - f48f5eaa-c865-41e1-958d-4d574a609fc9@group-E13D6F209EBE-SegmentedRaftLogWorker: Starting segment from index:0
2022-12-06 16:24:48,038 [f48f5eaa-c865-41e1-958d-4d574a609fc9@group-E13D6F209EBE-SegmentedRaftLogWorker] INFO  segmented.SegmentedRaftLogWorker (SegmentedRaftLogWorker.java:execute(656)) - f48f5eaa-c865-41e1-958d-4d574a609fc9@group-E13D6F209EBE-SegmentedRaftLogWorker: created new log segment /home/runner/work/ozone/ozone/hadoop-ozone/integration-test/target/test-dir/MiniOzoneClusterImpl-ff76fcda-2f7b-42b7-aafc-07b3f4cbd752/datanode-1/data/ratis/fb31c8b1-aaf2-4670-8e2f-e13d6f209ebe/current/log_inprogress_0
2022-12-06 16:24:48,049 [f48f5eaa-c865-41e1-958d-4d574a609fc9@group-E13D6F209EBE-LeaderElection20] INFO  server.RaftServer$Division (ServerState.java:setRaftConf(430)) - f48f5eaa-c865-41e1-958d-4d574a609fc9@group-E13D6F209EBE: set configuration 0: peers:[18a879af-de93-4167-9a98-f5b552aa8b4b|rpc:10.1.0.176:33349|dataStream:|priority:0|startupRole:FOLLOWER, a57ee2ea-c69c-41b1-9f64-f7c5b74e8646|rpc:10.1.0.176:37641|dataStream:|priority:0|startupRole:FOLLOWER, f48f5eaa-c865-41e1-958d-4d574a609fc9|rpc:10.1.0.176:45201|dataStream:|priority:1|startupRole:FOLLOWER]|listeners:[], old=null
2022-12-06 16:24:48,095 [18a879af-de93-4167-9a98-f5b552aa8b4b-server-thread1] INFO  ratis.XceiverServerRatis (XceiverServerRatis.java:handleLeaderChangedNotification(863)) - Leader change notification received for group: group-E13D6F209EBE with new leaderId: f48f5eaa-c865-41e1-958d-4d574a609fc9
2022-12-06 16:24:48,095 [18a879af-de93-4167-9a98-f5b552aa8b4b-server-thread1] INFO  server.RaftServer$Division (ServerState.java:setLeader(313)) - 18a879af-de93-4167-9a98-f5b552aa8b4b@group-E13D6F209EBE: change Leader from null to f48f5eaa-c865-41e1-958d-4d574a609fc9 at term 2 for appendEntries, leader elected after 10363ms
2022-12-06 16:24:48,102 [a57ee2ea-c69c-41b1-9f64-f7c5b74e8646-server-thread1] INFO  ratis.XceiverServerRatis (XceiverServerRatis.java:handleLeaderChangedNotification(863)) - Leader change notification received for group: group-E13D6F209EBE with new leaderId: f48f5eaa-c865-41e1-958d-4d574a609fc9
2022-12-06 16:24:48,102 [a57ee2ea-c69c-41b1-9f64-f7c5b74e8646-server-thread1] INFO  server.RaftServer$Division (ServerState.java:setLeader(313)) - a57ee2ea-c69c-41b1-9f64-f7c5b74e8646@group-E13D6F209EBE: change Leader from null to f48f5eaa-c865-41e1-958d-4d574a609fc9 at term 2 for appendEntries, leader elected after 10362ms
2022-12-06 16:24:48,110 [93471f04-f84a-446a-9dbd-94f45fb64b69@group-032D02CB740D-FollowerState] INFO  impl.FollowerState (FollowerState.java:run(143)) - 93471f04-f84a-446a-9dbd-94f45fb64b69@group-032D02CB740D-FollowerState: change to CANDIDATE, lastRpcElapsedTime:5091342931ns, electionTimeout:5075ms
2022-12-06 16:24:48,110 [93471f04-f84a-446a-9dbd-94f45fb64b69@group-032D02CB740D-FollowerState] INFO  impl.RoleInfo (RoleInfo.java:shutdownFollowerState(110)) - 93471f04-f84a-446a-9dbd-94f45fb64b69: shutdown 93471f04-f84a-446a-9dbd-94f45fb64b69@group-032D02CB740D-FollowerState
2022-12-06 16:24:48,110 [93471f04-f84a-446a-9dbd-94f45fb64b69@group-032D02CB740D-FollowerState] INFO  server.RaftServer$Division (RaftServerImpl.java:setRole(321)) - 93471f04-f84a-446a-9dbd-94f45fb64b69@group-032D02CB740D: changes role from  FOLLOWER to CANDIDATE at term 1 for changeToCandidate
2022-12-06 16:24:48,112 [93471f04-f84a-446a-9dbd-94f45fb64b69@group-032D02CB740D-FollowerState] INFO  server.RaftServerConfigKeys (ConfUtils.java:logGet(46)) - raft.server.leaderelection.pre-vote = false (custom)
2022-12-06 16:24:48,115 [a57ee2ea-c69c-41b1-9f64-f7c5b74e8646-server-thread2] INFO  server.RaftServer$Division (ServerState.java:setRaftConf(430)) - a57ee2ea-c69c-41b1-9f64-f7c5b74e8646@group-E13D6F209EBE: set configuration 0: peers:[18a879af-de93-4167-9a98-f5b552aa8b4b|rpc:10.1.0.176:33349|dataStream:|priority:0|startupRole:FOLLOWER, a57ee2ea-c69c-41b1-9f64-f7c5b74e8646|rpc:10.1.0.176:37641|dataStream:|priority:0|startupRole:FOLLOWER, f48f5eaa-c865-41e1-958d-4d574a609fc9|rpc:10.1.0.176:45201|dataStream:|priority:1|startupRole:FOLLOWER]|listeners:[], old=null
2022-12-06 16:24:48,115 [18a879af-de93-4167-9a98-f5b552aa8b4b-server-thread3] INFO  server.RaftServer$Division (ServerState.java:setRaftConf(430)) - 18a879af-de93-4167-9a98-f5b552aa8b4b@group-E13D6F209EBE: set configuration 0: peers:[18a879af-de93-4167-9a98-f5b552aa8b4b|rpc:10.1.0.176:33349|dataStream:|priority:0|startupRole:FOLLOWER, a57ee2ea-c69c-41b1-9f64-f7c5b74e8646|rpc:10.1.0.176:37641|dataStream:|priority:0|startupRole:FOLLOWER, f48f5eaa-c865-41e1-958d-4d574a609fc9|rpc:10.1.0.176:45201|dataStream:|priority:1|startupRole:FOLLOWER]|listeners:[], old=null
2022-12-06 16:24:48,115 [18a879af-de93-4167-9a98-f5b552aa8b4b-server-thread3] INFO  segmented.SegmentedRaftLogWorker (SegmentedRaftLogWorker.java:startLogSegment(452)) - 18a879af-de93-4167-9a98-f5b552aa8b4b@group-E13D6F209EBE-SegmentedRaftLogWorker: Starting segment from index:0
2022-12-06 16:24:48,119 [93471f04-f84a-446a-9dbd-94f45fb64b69@group-032D02CB740D-FollowerState] INFO  impl.RoleInfo (RoleInfo.java:updateAndGet(139)) - 93471f04-f84a-446a-9dbd-94f45fb64b69: start 93471f04-f84a-446a-9dbd-94f45fb64b69@group-032D02CB740D-LeaderElection21
2022-12-06 16:24:48,121 [a57ee2ea-c69c-41b1-9f64-f7c5b74e8646-server-thread2] INFO  segmented.SegmentedRaftLogWorker (SegmentedRaftLogWorker.java:startLogSegment(452)) - a57ee2ea-c69c-41b1-9f64-f7c5b74e8646@group-E13D6F209EBE-SegmentedRaftLogWorker: Starting segment from index:0
2022-12-06 16:24:48,125 [18a879af-de93-4167-9a98-f5b552aa8b4b@group-E13D6F209EBE-SegmentedRaftLogWorker] INFO  segmented.SegmentedRaftLogWorker (SegmentedRaftLogWorker.java:execute(656)) - 18a879af-de93-4167-9a98-f5b552aa8b4b@group-E13D6F209EBE-SegmentedRaftLogWorker: created new log segment /home/runner/work/ozone/ozone/hadoop-ozone/integration-test/target/test-dir/MiniOzoneClusterImpl-ff76fcda-2f7b-42b7-aafc-07b3f4cbd752/datanode-0/data/ratis/fb31c8b1-aaf2-4670-8e2f-e13d6f209ebe/current/log_inprogress_0
2022-12-06 16:24:48,129 [a57ee2ea-c69c-41b1-9f64-f7c5b74e8646@group-E13D6F209EBE-SegmentedRaftLogWorker] INFO  segmented.SegmentedRaftLogWorker (SegmentedRaftLogWorker.java:execute(656)) - a57ee2ea-c69c-41b1-9f64-f7c5b74e8646@group-E13D6F209EBE-SegmentedRaftLogWorker: created new log segment /home/runner/work/ozone/ozone/hadoop-ozone/integration-test/target/test-dir/MiniOzoneClusterImpl-ff76fcda-2f7b-42b7-aafc-07b3f4cbd752/datanode-2/data/ratis/fb31c8b1-aaf2-4670-8e2f-e13d6f209ebe/current/log_inprogress_0
2022-12-06 16:24:48,132 [93471f04-f84a-446a-9dbd-94f45fb64b69@group-032D02CB740D-LeaderElection21] INFO  impl.LeaderElection (LeaderElection.java:askForVotes(312)) - 93471f04-f84a-446a-9dbd-94f45fb64b69@group-032D02CB740D-LeaderElection21 ELECTION round 0: submit vote requests at term 2 for -1: peers:[93471f04-f84a-446a-9dbd-94f45fb64b69|rpc:10.1.0.176:39615|dataStream:|priority:1|startupRole:FOLLOWER, fd07e5d7-2dd9-455a-a9b9-9dae4f4be123|rpc:10.1.0.176:45045|dataStream:|priority:0|startupRole:FOLLOWER, 592803f5-ace9-49ac-a54f-354c0e5baf2c|rpc:10.1.0.176:36049|dataStream:|priority:0|startupRole:FOLLOWER]|listeners:[], old=null
2022-12-06 16:24:48,134 [grpc-default-executor-3] INFO  server.RaftServer$Division (RaftServerImpl.java:requestVote(1218)) - fd07e5d7-2dd9-455a-a9b9-9dae4f4be123@group-032D02CB740D: receive requestVote(ELECTION, 93471f04-f84a-446a-9dbd-94f45fb64b69, group-032D02CB740D, 2, (t:0, i:0))
2022-12-06 16:24:48,134 [grpc-default-executor-3] INFO  impl.VoteContext (VoteContext.java:log(49)) - fd07e5d7-2dd9-455a-a9b9-9dae4f4be123@group-032D02CB740D-FOLLOWER: accept ELECTION from 93471f04-f84a-446a-9dbd-94f45fb64b69: our priority 0 <= candidate's priority 1
2022-12-06 16:24:48,134 [grpc-default-executor-3] INFO  server.RaftServer$Division (RaftServerImpl.java:setRole(321)) - fd07e5d7-2dd9-455a-a9b9-9dae4f4be123@group-032D02CB740D: changes role from  FOLLOWER to FOLLOWER at term 2 for candidate:93471f04-f84a-446a-9dbd-94f45fb64b69
2022-12-06 16:24:48,134 [grpc-default-executor-3] INFO  impl.RoleInfo (RoleInfo.java:shutdownFollowerState(110)) - fd07e5d7-2dd9-455a-a9b9-9dae4f4be123: shutdown fd07e5d7-2dd9-455a-a9b9-9dae4f4be123@group-032D02CB740D-FollowerState
2022-12-06 16:24:48,134 [93471f04-f84a-446a-9dbd-94f45fb64b69@group-032D02CB740D-LeaderElection21] INFO  server.RaftServerConfigKeys (ConfUtils.java:logFallback(53)) - raft.server.rpc.first-election.timeout.min = 5s (fallback to raft.server.rpc.timeout.min)
2022-12-06 16:24:48,134 [93471f04-f84a-446a-9dbd-94f45fb64b69@group-032D02CB740D-LeaderElection21] INFO  server.RaftServerConfigKeys (ConfUtils.java:logFallback(53)) - raft.server.rpc.first-election.timeout.max = 5200ms (fallback to raft.server.rpc.timeout.max)
2022-12-06 16:24:48,134 [grpc-default-executor-3] INFO  impl.RoleInfo (RoleInfo.java:updateAndGet(139)) - fd07e5d7-2dd9-455a-a9b9-9dae4f4be123: start fd07e5d7-2dd9-455a-a9b9-9dae4f4be123@group-032D02CB740D-FollowerState
2022-12-06 16:24:48,134 [fd07e5d7-2dd9-455a-a9b9-9dae4f4be123@group-032D02CB740D-FollowerState] INFO  impl.FollowerState (FollowerState.java:run(152)) - fd07e5d7-2dd9-455a-a9b9-9dae4f4be123@group-032D02CB740D-FollowerState was interrupted
2022-12-06 16:24:48,136 [grpc-default-executor-1] INFO  server.RaftServer$Division (RaftServerImpl.java:requestVote(1218)) - 592803f5-ace9-49ac-a54f-354c0e5baf2c@group-032D02CB740D: receive requestVote(ELECTION, 93471f04-f84a-446a-9dbd-94f45fb64b69, group-032D02CB740D, 2, (t:0, i:0))
2022-12-06 16:24:48,136 [grpc-default-executor-1] INFO  impl.VoteContext (VoteContext.java:log(49)) - 592803f5-ace9-49ac-a54f-354c0e5baf2c@group-032D02CB740D-FOLLOWER: accept ELECTION from 93471f04-f84a-446a-9dbd-94f45fb64b69: our priority 0 <= candidate's priority 1
2022-12-06 16:24:48,136 [grpc-default-executor-1] INFO  server.RaftServer$Division (RaftServerImpl.java:setRole(321)) - 592803f5-ace9-49ac-a54f-354c0e5baf2c@group-032D02CB740D: changes role from  FOLLOWER to FOLLOWER at term 2 for candidate:93471f04-f84a-446a-9dbd-94f45fb64b69
2022-12-06 16:24:48,136 [grpc-default-executor-1] INFO  impl.RoleInfo (RoleInfo.java:shutdownFollowerState(110)) - 592803f5-ace9-49ac-a54f-354c0e5baf2c: shutdown 592803f5-ace9-49ac-a54f-354c0e5baf2c@group-032D02CB740D-FollowerState
2022-12-06 16:24:48,136 [grpc-default-executor-1] INFO  impl.RoleInfo (RoleInfo.java:updateAndGet(139)) - 592803f5-ace9-49ac-a54f-354c0e5baf2c: start 592803f5-ace9-49ac-a54f-354c0e5baf2c@group-032D02CB740D-FollowerState
2022-12-06 16:24:48,137 [592803f5-ace9-49ac-a54f-354c0e5baf2c@group-032D02CB740D-FollowerState] INFO  impl.FollowerState (FollowerState.java:run(152)) - 592803f5-ace9-49ac-a54f-354c0e5baf2c@group-032D02CB740D-FollowerState was interrupted
2022-12-06 16:24:48,137 [fd07e5d7-2dd9-455a-a9b9-9dae4f4be123@group-032D02CB740D-FollowerState] INFO  server.RaftServerConfigKeys (ConfUtils.java:logFallback(53)) - raft.server.rpc.first-election.timeout.min = 5s (fallback to raft.server.rpc.timeout.min)
2022-12-06 16:24:48,137 [fd07e5d7-2dd9-455a-a9b9-9dae4f4be123@group-032D02CB740D-FollowerState] INFO  server.RaftServerConfigKeys (ConfUtils.java:logFallback(53)) - raft.server.rpc.first-election.timeout.max = 5200ms (fallback to raft.server.rpc.timeout.max)
2022-12-06 16:24:48,137 [grpc-default-executor-3] INFO  server.RaftServer$Division (RaftServerImpl.java:requestVote(1251)) - fd07e5d7-2dd9-455a-a9b9-9dae4f4be123@group-032D02CB740D replies to ELECTION vote request: 93471f04-f84a-446a-9dbd-94f45fb64b69<-fd07e5d7-2dd9-455a-a9b9-9dae4f4be123#0:OK-t2. Peer's state: fd07e5d7-2dd9-455a-a9b9-9dae4f4be123@group-032D02CB740D:t2, leader=null, voted=93471f04-f84a-446a-9dbd-94f45fb64b69, raftlog=Memoized:fd07e5d7-2dd9-455a-a9b9-9dae4f4be123@group-032D02CB740D-SegmentedRaftLog:OPENED:c-1, conf=-1: peers:[93471f04-f84a-446a-9dbd-94f45fb64b69|rpc:10.1.0.176:39615|priority:1|startupRole:FOLLOWER, fd07e5d7-2dd9-455a-a9b9-9dae4f4be123|rpc:10.1.0.176:45045|priority:0|startupRole:FOLLOWER, 592803f5-ace9-49ac-a54f-354c0e5baf2c|rpc:10.1.0.176:36049|priority:0|startupRole:FOLLOWER]|listeners:[], old=null
2022-12-06 16:24:48,139 [592803f5-ace9-49ac-a54f-354c0e5baf2c@group-032D02CB740D-FollowerState] INFO  server.RaftServerConfigKeys (ConfUtils.java:logFallback(53)) - raft.server.rpc.first-election.timeout.min = 5s (fallback to raft.server.rpc.timeout.min)
2022-12-06 16:24:48,139 [592803f5-ace9-49ac-a54f-354c0e5baf2c@group-032D02CB740D-FollowerState] INFO  server.RaftServerConfigKeys (ConfUtils.java:logFallback(53)) - raft.server.rpc.first-election.timeout.max = 5200ms (fallback to raft.server.rpc.timeout.max)
2022-12-06 16:24:48,140 [93471f04-f84a-446a-9dbd-94f45fb64b69@group-032D02CB740D-LeaderElection21] INFO  impl.LeaderElection (LeaderElection.java:logAndReturn(90)) - 93471f04-f84a-446a-9dbd-94f45fb64b69@group-032D02CB740D-LeaderElection21: ELECTION PASSED received 1 response(s) and 0 exception(s):
2022-12-06 16:24:48,140 [93471f04-f84a-446a-9dbd-94f45fb64b69@group-032D02CB740D-LeaderElection21] INFO  impl.LeaderElection (LeaderElection.java:logAndReturn(94)) -   Response 0: 93471f04-f84a-446a-9dbd-94f45fb64b69<-fd07e5d7-2dd9-455a-a9b9-9dae4f4be123#0:OK-t2
2022-12-06 16:24:48,140 [93471f04-f84a-446a-9dbd-94f45fb64b69@group-032D02CB740D-LeaderElection21] INFO  impl.LeaderElection (LeaderElection.java:askForVotes(314)) - 93471f04-f84a-446a-9dbd-94f45fb64b69@group-032D02CB740D-LeaderElection21 ELECTION round 0: result PASSED
2022-12-06 16:24:48,140 [93471f04-f84a-446a-9dbd-94f45fb64b69@group-032D02CB740D-LeaderElection21] INFO  impl.RoleInfo (RoleInfo.java:shutdownLeaderElection(130)) - 93471f04-f84a-446a-9dbd-94f45fb64b69: shutdown 93471f04-f84a-446a-9dbd-94f45fb64b69@group-032D02CB740D-LeaderElection21
2022-12-06 16:24:48,140 [93471f04-f84a-446a-9dbd-94f45fb64b69@group-032D02CB740D-LeaderElection21] INFO  server.RaftServer$Division (RaftServerImpl.java:setRole(321)) - 93471f04-f84a-446a-9dbd-94f45fb64b69@group-032D02CB740D: changes role from CANDIDATE to LEADER at term 2 for changeToLeader
2022-12-06 16:24:48,140 [93471f04-f84a-446a-9dbd-94f45fb64b69@group-032D02CB740D-LeaderElection21] INFO  ratis.XceiverServerRatis (XceiverServerRatis.java:handleLeaderChangedNotification(863)) - Leader change notification received for group: group-032D02CB740D with new leaderId: 93471f04-f84a-446a-9dbd-94f45fb64b69
2022-12-06 16:24:48,140 [93471f04-f84a-446a-9dbd-94f45fb64b69@group-032D02CB740D-LeaderElection21] INFO  server.RaftServer$Division (ServerState.java:setLeader(313)) - 93471f04-f84a-446a-9dbd-94f45fb64b69@group-032D02CB740D: change Leader from null to 93471f04-f84a-446a-9dbd-94f45fb64b69 at term 2 for becomeLeader, leader elected after 10140ms
2022-12-06 16:24:48,140 [93471f04-f84a-446a-9dbd-94f45fb64b69@group-032D02CB740D-LeaderElection21] INFO  server.RaftServerConfigKeys (ConfUtils.java:logGet(46)) - raft.server.staging.catchup.gap = 1000 (default)
2022-12-06 16:24:48,141 [93471f04-f84a-446a-9dbd-94f45fb64b69@group-032D02CB740D-LeaderElection21] INFO  server.RaftServerConfigKeys (ConfUtils.java:logGet(46)) - raft.server.write.element-limit = 1024 (custom)
2022-12-06 16:24:48,141 [93471f04-f84a-446a-9dbd-94f45fb64b69@group-032D02CB740D-LeaderElection21] INFO  server.RaftServerConfigKeys (ConfUtils.java:logGet(46)) - raft.server.write.byte-limit = 1024 M (=1073741824) (custom)
2022-12-06 16:24:48,141 [93471f04-f84a-446a-9dbd-94f45fb64b69@group-032D02CB740D-LeaderElection21] INFO  server.RaftServerConfigKeys (ConfUtils.java:logGet(46)) - raft.server.watch.timeout = 180s (custom)
2022-12-06 16:24:48,141 [93471f04-f84a-446a-9dbd-94f45fb64b69@group-032D02CB740D-LeaderElection21] INFO  server.RaftServerConfigKeys (ConfUtils.java:logGet(46)) - raft.server.watch.timeout.denomination = 1s (default)
2022-12-06 16:24:48,141 [93471f04-f84a-446a-9dbd-94f45fb64b69@group-032D02CB740D-LeaderElection21] INFO  server.RaftServerConfigKeys (ConfUtils.java:logGet(46)) - raft.server.watch.element-limit = 65536 (default)
2022-12-06 16:24:48,141 [93471f04-f84a-446a-9dbd-94f45fb64b69@group-032D02CB740D-LeaderElection21] INFO  server.RaftServerConfigKeys (ConfUtils.java:logGet(46)) - raft.server.write.element-limit = 1024 (custom)
2022-12-06 16:24:48,141 [93471f04-f84a-446a-9dbd-94f45fb64b69@group-032D02CB740D-LeaderElection21] INFO  server.RaftServerConfigKeys (ConfUtils.java:logGet(46)) - raft.server.write.follower.gap.ratio.max = -1.0 (default)
2022-12-06 16:24:48,142 [93471f04-f84a-446a-9dbd-94f45fb64b69@group-032D02CB740D-LeaderElection21] INFO  server.RaftServerConfigKeys (ConfUtils.java:logGet(46)) - raft.server.log.appender.snapshot.chunk.size.max = 16MB (=16777216) (default)
2022-12-06 16:24:48,147 [grpc-default-executor-1] INFO  server.RaftServer$Division (RaftServerImpl.java:requestVote(1251)) - 592803f5-ace9-49ac-a54f-354c0e5baf2c@group-032D02CB740D replies to ELECTION vote request: 93471f04-f84a-446a-9dbd-94f45fb64b69<-592803f5-ace9-49ac-a54f-354c0e5baf2c#0:OK-t2. Peer's state: 592803f5-ace9-49ac-a54f-354c0e5baf2c@group-032D02CB740D:t2, leader=null, voted=93471f04-f84a-446a-9dbd-94f45fb64b69, raftlog=Memoized:592803f5-ace9-49ac-a54f-354c0e5baf2c@group-032D02CB740D-SegmentedRaftLog:OPENED:c-1, conf=-1: peers:[93471f04-f84a-446a-9dbd-94f45fb64b69|rpc:10.1.0.176:39615|dataStream:|priority:1|startupRole:FOLLOWER, fd07e5d7-2dd9-455a-a9b9-9dae4f4be123|rpc:10.1.0.176:45045|dataStream:|priority:0|startupRole:FOLLOWER, 592803f5-ace9-49ac-a54f-354c0e5baf2c|rpc:10.1.0.176:36049|dataStream:|priority:0|startupRole:FOLLOWER]|listeners:[], old=null
2022-12-06 16:24:48,148 [EventQueue-CommandQueueReportForCommandQueueReportHandler] WARN  events.EventQueue (EventQueue.java:fireEvent(216)) - No event handler registered for event TypedEvent{payloadType=DatanodeDetails, name='Datanode_Command_Queue_Updated'}
2022-12-06 16:24:48,148 [EventQueue-PipelineReportForPipelineReportHandler] INFO  pipeline.PipelineManagerImpl (PipelineManagerImpl.java:openPipeline(367)) - Pipeline Pipeline[ Id: c5007c7d-689f-453a-a58d-032d02cb740d, Nodes: fd07e5d7-2dd9-455a-a9b9-9dae4f4be123{ip: 10.1.0.176, host: fv-az451-158.ehxzt5fk3o4e1ahk02omj2f41g.dx.internal.cloudapp.net, ports: [REPLICATION=43535, RATIS=45045, RATIS_ADMIN=45045, RATIS_SERVER=45045, STANDALONE=40309], networkLocation: /default-rack, certSerialId: null, persistedOpState: IN_SERVICE, persistedOpStateExpiryEpochSec: 0}93471f04-f84a-446a-9dbd-94f45fb64b69{ip: 10.1.0.176, host: fv-az451-158.ehxzt5fk3o4e1ahk02omj2f41g.dx.internal.cloudapp.net, ports: [REPLICATION=40949, RATIS=39615, RATIS_ADMIN=39615, RATIS_SERVER=39615, STANDALONE=46429], networkLocation: /default-rack, certSerialId: null, persistedOpState: IN_SERVICE, persistedOpStateExpiryEpochSec: 0}592803f5-ace9-49ac-a54f-354c0e5baf2c{ip: 10.1.0.176, host: fv-az451-158.ehxzt5fk3o4e1ahk02omj2f41g.dx.internal.cloudapp.net, ports: [REPLICATION=35645, RATIS=36049, RATIS_ADMIN=36049, RATIS_SERVER=36049, STANDALONE=43037], networkLocation: /default-rack, certSerialId: null, persistedOpState: IN_SERVICE, persistedOpStateExpiryEpochSec: 0}, ReplicationConfig: RATIS/THREE, State:ALLOCATED, leaderId:93471f04-f84a-446a-9dbd-94f45fb64b69, CreationTimestamp2022-12-06T16:24:35.526Z[Etc/UTC]] moved to OPEN state
2022-12-06 16:24:48,150 [93471f04-f84a-446a-9dbd-94f45fb64b69@group-032D02CB740D-LeaderElection21] INFO  server.RaftServerConfigKeys (ConfUtils.java:logGet(46)) - raft.server.log.appender.buffer.byte-limit = 33554432 (custom)
2022-12-06 16:24:48,150 [93471f04-f84a-446a-9dbd-94f45fb64b69@group-032D02CB740D-LeaderElection21] INFO  server.RaftServerConfigKeys (ConfUtils.java:logGet(46)) - raft.server.log.appender.buffer.element-limit = 1 (custom)
2022-12-06 16:24:48,150 [93471f04-f84a-446a-9dbd-94f45fb64b69@group-032D02CB740D-LeaderElection21] INFO  grpc.GrpcConfigKeys (ConfUtils.java:logGet(46)) - raft.grpc.server.leader.outstanding.appends.max = 128 (default)
2022-12-06 16:24:48,151 [93471f04-f84a-446a-9dbd-94f45fb64b69@group-032D02CB740D-LeaderElection21] INFO  server.RaftServerConfigKeys (ConfUtils.java:logGet(46)) - raft.server.rpc.request.timeout = 60s (custom)
2022-12-06 16:24:48,151 [93471f04-f84a-446a-9dbd-94f45fb64b69@group-032D02CB740D-LeaderElection21] INFO  server.RaftServerConfigKeys (ConfUtils.java:logGet(46)) - raft.server.log.appender.install.snapshot.enabled = false (custom)
2022-12-06 16:24:48,151 [93471f04-f84a-446a-9dbd-94f45fb64b69@group-032D02CB740D-LeaderElection21] INFO  grpc.GrpcConfigKeys (ConfUtils.java:logGet(46)) - raft.grpc.server.heartbeat.channel = true (default)
2022-12-06 16:24:48,151 [93471f04-f84a-446a-9dbd-94f45fb64b69@group-032D02CB740D-LeaderElection21] INFO  server.RaftServerConfigKeys (ConfUtils.java:logGet(46)) - raft.server.log.appender.wait-time.min = 10ms (default)
2022-12-06 16:24:48,152 [93471f04-f84a-446a-9dbd-94f45fb64b69@group-032D02CB740D-LeaderElection21] INFO  server.RaftServerConfigKeys (ConfUtils.java:logGet(46)) - raft.server.log.appender.snapshot.chunk.size.max = 16MB (=16777216) (default)
2022-12-06 16:24:48,152 [93471f04-f84a-446a-9dbd-94f45fb64b69@group-032D02CB740D-LeaderElection21] INFO  server.RaftServerConfigKeys (ConfUtils.java:logGet(46)) - raft.server.log.appender.buffer.byte-limit = 33554432 (custom)
2022-12-06 16:24:48,152 [93471f04-f84a-446a-9dbd-94f45fb64b69@group-032D02CB740D-LeaderElection21] INFO  server.RaftServerConfigKeys (ConfUtils.java:logGet(46)) - raft.server.log.appender.buffer.element-limit = 1 (custom)
2022-12-06 16:24:48,152 [93471f04-f84a-446a-9dbd-94f45fb64b69@group-032D02CB740D-LeaderElection21] INFO  grpc.GrpcConfigKeys (ConfUtils.java:logGet(46)) - raft.grpc.server.leader.outstanding.appends.max = 128 (default)
2022-12-06 16:24:48,152 [93471f04-f84a-446a-9dbd-94f45fb64b69@group-032D02CB740D-LeaderElection21] INFO  server.RaftServerConfigKeys (ConfUtils.java:logGet(46)) - raft.server.rpc.request.timeout = 60s (custom)
2022-12-06 16:24:48,152 [93471f04-f84a-446a-9dbd-94f45fb64b69@group-032D02CB740D-LeaderElection21] INFO  server.RaftServerConfigKeys (ConfUtils.java:logGet(46)) - raft.server.log.appender.install.snapshot.enabled = false (custom)
2022-12-06 16:24:48,152 [93471f04-f84a-446a-9dbd-94f45fb64b69@group-032D02CB740D-LeaderElection21] INFO  grpc.GrpcConfigKeys (ConfUtils.java:logGet(46)) - raft.grpc.server.heartbeat.channel = true (default)
2022-12-06 16:24:48,152 [93471f04-f84a-446a-9dbd-94f45fb64b69@group-032D02CB740D-LeaderElection21] INFO  server.RaftServerConfigKeys (ConfUtils.java:logGet(46)) - raft.server.log.appender.wait-time.min = 10ms (default)
2022-12-06 16:24:48,153 [93471f04-f84a-446a-9dbd-94f45fb64b69@group-032D02CB740D-LeaderElection21] INFO  impl.RoleInfo (RoleInfo.java:updateAndGet(139)) - 93471f04-f84a-446a-9dbd-94f45fb64b69: start 93471f04-f84a-446a-9dbd-94f45fb64b69@group-032D02CB740D-LeaderStateImpl
2022-12-06 16:24:48,153 [93471f04-f84a-446a-9dbd-94f45fb64b69@group-032D02CB740D-LeaderElection21] INFO  segmented.SegmentedRaftLogWorker (SegmentedRaftLogWorker.java:startLogSegment(452)) - 93471f04-f84a-446a-9dbd-94f45fb64b69@group-032D02CB740D-SegmentedRaftLogWorker: Starting segment from index:0
2022-12-06 16:24:48,154 [93471f04-f84a-446a-9dbd-94f45fb64b69@group-032D02CB740D-SegmentedRaftLogWorker] INFO  segmented.SegmentedRaftLogWorker (SegmentedRaftLogWorker.java:execute(656)) - 93471f04-f84a-446a-9dbd-94f45fb64b69@group-032D02CB740D-SegmentedRaftLogWorker: created new log segment /home/runner/work/ozone/ozone/hadoop-ozone/integration-test/target/test-dir/MiniOzoneClusterImpl-ff76fcda-2f7b-42b7-aafc-07b3f4cbd752/datanode-4/data/ratis/c5007c7d-689f-453a-a58d-032d02cb740d/current/log_inprogress_0
2022-12-06 16:24:48,172 [93471f04-f84a-446a-9dbd-94f45fb64b69@group-032D02CB740D-LeaderElection21] INFO  server.RaftServer$Division (ServerState.java:setRaftConf(430)) - 93471f04-f84a-446a-9dbd-94f45fb64b69@group-032D02CB740D: set configuration 0: peers:[93471f04-f84a-446a-9dbd-94f45fb64b69|rpc:10.1.0.176:39615|dataStream:|priority:1|startupRole:FOLLOWER, fd07e5d7-2dd9-455a-a9b9-9dae4f4be123|rpc:10.1.0.176:45045|dataStream:|priority:0|startupRole:FOLLOWER, 592803f5-ace9-49ac-a54f-354c0e5baf2c|rpc:10.1.0.176:36049|dataStream:|priority:0|startupRole:FOLLOWER]|listeners:[], old=null
2022-12-06 16:24:48,192 [fd07e5d7-2dd9-455a-a9b9-9dae4f4be123-server-thread1] INFO  ratis.XceiverServerRatis (XceiverServerRatis.java:handleLeaderChangedNotification(863)) - Leader change notification received for group: group-032D02CB740D with new leaderId: 93471f04-f84a-446a-9dbd-94f45fb64b69
2022-12-06 16:24:48,192 [fd07e5d7-2dd9-455a-a9b9-9dae4f4be123-server-thread1] INFO  server.RaftServer$Division (ServerState.java:setLeader(313)) - fd07e5d7-2dd9-455a-a9b9-9dae4f4be123@group-032D02CB740D: change Leader from null to 93471f04-f84a-446a-9dbd-94f45fb64b69 at term 2 for appendEntries, leader elected after 10304ms
2022-12-06 16:24:48,200 [592803f5-ace9-49ac-a54f-354c0e5baf2c-server-thread1] INFO  ratis.XceiverServerRatis (XceiverServerRatis.java:handleLeaderChangedNotification(863)) - Leader change notification received for group: group-032D02CB740D with new leaderId: 93471f04-f84a-446a-9dbd-94f45fb64b69
2022-12-06 16:24:48,200 [592803f5-ace9-49ac-a54f-354c0e5baf2c-server-thread1] INFO  server.RaftServer$Division (ServerState.java:setLeader(313)) - 592803f5-ace9-49ac-a54f-354c0e5baf2c@group-032D02CB740D: change Leader from null to 93471f04-f84a-446a-9dbd-94f45fb64b69 at term 2 for appendEntries, leader elected after 10106ms
2022-12-06 16:24:48,201 [fd07e5d7-2dd9-455a-a9b9-9dae4f4be123-server-thread3] INFO  server.RaftServer$Division (ServerState.java:setRaftConf(430)) - fd07e5d7-2dd9-455a-a9b9-9dae4f4be123@group-032D02CB740D: set configuration 0: peers:[93471f04-f84a-446a-9dbd-94f45fb64b69|rpc:10.1.0.176:39615|dataStream:|priority:1|startupRole:FOLLOWER, fd07e5d7-2dd9-455a-a9b9-9dae4f4be123|rpc:10.1.0.176:45045|dataStream:|priority:0|startupRole:FOLLOWER, 592803f5-ace9-49ac-a54f-354c0e5baf2c|rpc:10.1.0.176:36049|dataStream:|priority:0|startupRole:FOLLOWER]|listeners:[], old=null
2022-12-06 16:24:48,202 [fd07e5d7-2dd9-455a-a9b9-9dae4f4be123-server-thread3] INFO  segmented.SegmentedRaftLogWorker (SegmentedRaftLogWorker.java:startLogSegment(452)) - fd07e5d7-2dd9-455a-a9b9-9dae4f4be123@group-032D02CB740D-SegmentedRaftLogWorker: Starting segment from index:0
2022-12-06 16:24:48,209 [fd07e5d7-2dd9-455a-a9b9-9dae4f4be123@group-032D02CB740D-SegmentedRaftLogWorker] INFO  segmented.SegmentedRaftLogWorker (SegmentedRaftLogWorker.java:execute(656)) - fd07e5d7-2dd9-455a-a9b9-9dae4f4be123@group-032D02CB740D-SegmentedRaftLogWorker: created new log segment /home/runner/work/ozone/ozone/hadoop-ozone/integration-test/target/test-dir/MiniOzoneClusterImpl-ff76fcda-2f7b-42b7-aafc-07b3f4cbd752/datanode-3/data/ratis/c5007c7d-689f-453a-a58d-032d02cb740d/current/log_inprogress_0
2022-12-06 16:24:48,212 [592803f5-ace9-49ac-a54f-354c0e5baf2c-server-thread2] INFO  server.RaftServer$Division (ServerState.java:setRaftConf(430)) - 592803f5-ace9-49ac-a54f-354c0e5baf2c@group-032D02CB740D: set configuration 0: peers:[93471f04-f84a-446a-9dbd-94f45fb64b69|rpc:10.1.0.176:39615|dataStream:|priority:1|startupRole:FOLLOWER, fd07e5d7-2dd9-455a-a9b9-9dae4f4be123|rpc:10.1.0.176:45045|dataStream:|priority:0|startupRole:FOLLOWER, 592803f5-ace9-49ac-a54f-354c0e5baf2c|rpc:10.1.0.176:36049|dataStream:|priority:0|startupRole:FOLLOWER]|listeners:[], old=null
2022-12-06 16:24:48,213 [592803f5-ace9-49ac-a54f-354c0e5baf2c-server-thread2] INFO  segmented.SegmentedRaftLogWorker (SegmentedRaftLogWorker.java:startLogSegment(452)) - 592803f5-ace9-49ac-a54f-354c0e5baf2c@group-032D02CB740D-SegmentedRaftLogWorker: Starting segment from index:0
2022-12-06 16:24:48,214 [592803f5-ace9-49ac-a54f-354c0e5baf2c@group-032D02CB740D-SegmentedRaftLogWorker] INFO  segmented.SegmentedRaftLogWorker (SegmentedRaftLogWorker.java:execute(656)) - 592803f5-ace9-49ac-a54f-354c0e5baf2c@group-032D02CB740D-SegmentedRaftLogWorker: created new log segment /home/runner/work/ozone/ozone/hadoop-ozone/integration-test/target/test-dir/MiniOzoneClusterImpl-ff76fcda-2f7b-42b7-aafc-07b3f4cbd752/datanode-5/data/ratis/c5007c7d-689f-453a-a58d-032d02cb740d/current/log_inprogress_0
2022-12-06 16:24:48,355 [Listener at 127.0.0.1/39139] INFO  ozone.MiniOzoneClusterImpl (MiniOzoneClusterImpl.java:lambda$waitForClusterToBeReady$0(216)) - Nodes are ready. Got 10 of 10 DN Heartbeats.
2022-12-06 16:24:48,355 [Listener at 127.0.0.1/39139] INFO  ozone.MiniOzoneClusterImpl (MiniOzoneClusterImpl.java:lambda$waitForClusterToBeReady$0(219)) - Cluster exits safe mode
2022-12-06 16:24:48,356 [Listener at 127.0.0.1/39139] INFO  ozone.MiniOzoneClusterImpl (MiniOzoneClusterImpl.java:lambda$waitForClusterToBeReady$0(221)) - SCM became leader
2022-12-06 16:24:48,382 [EventQueue-CommandQueueReportForCommandQueueReportHandler] WARN  events.EventQueue (EventQueue.java:fireEvent(216)) - No event handler registered for event TypedEvent{payloadType=DatanodeDetails, name='Datanode_Command_Queue_Updated'}
2022-12-06 16:24:48,411 [fd07e5d7-2dd9-455a-a9b9-9dae4f4be123@group-23A236CF6C1C-FollowerState] INFO  impl.FollowerState (FollowerState.java:run(143)) - fd07e5d7-2dd9-455a-a9b9-9dae4f4be123@group-23A236CF6C1C-FollowerState: change to CANDIDATE, lastRpcElapsedTime:5109057986ns, electionTimeout:5103ms
2022-12-06 16:24:48,411 [fd07e5d7-2dd9-455a-a9b9-9dae4f4be123@group-23A236CF6C1C-FollowerState] INFO  impl.RoleInfo (RoleInfo.java:shutdownFollowerState(110)) - fd07e5d7-2dd9-455a-a9b9-9dae4f4be123: shutdown fd07e5d7-2dd9-455a-a9b9-9dae4f4be123@group-23A236CF6C1C-FollowerState
2022-12-06 16:24:48,411 [fd07e5d7-2dd9-455a-a9b9-9dae4f4be123@group-23A236CF6C1C-FollowerState] INFO  server.RaftServer$Division (RaftServerImpl.java:setRole(321)) - fd07e5d7-2dd9-455a-a9b9-9dae4f4be123@group-23A236CF6C1C: changes role from  FOLLOWER to CANDIDATE at term 1 for changeToCandidate
2022-12-06 16:24:48,411 [fd07e5d7-2dd9-455a-a9b9-9dae4f4be123@group-23A236CF6C1C-FollowerState] INFO  server.RaftServerConfigKeys (ConfUtils.java:logGet(46)) - raft.server.leaderelection.pre-vote = false (custom)
2022-12-06 16:24:48,411 [fd07e5d7-2dd9-455a-a9b9-9dae4f4be123@group-23A236CF6C1C-FollowerState] INFO  impl.RoleInfo (RoleInfo.java:updateAndGet(139)) - fd07e5d7-2dd9-455a-a9b9-9dae4f4be123: start fd07e5d7-2dd9-455a-a9b9-9dae4f4be123@group-23A236CF6C1C-LeaderElection22
2022-12-06 16:24:48,421 [592803f5-ace9-49ac-a54f-354c0e5baf2c@group-23A236CF6C1C-FollowerState] INFO  impl.FollowerState (FollowerState.java:run(143)) - 592803f5-ace9-49ac-a54f-354c0e5baf2c@group-23A236CF6C1C-FollowerState: change to CANDIDATE, lastRpcElapsedTime:5088309046ns, electionTimeout:5087ms
2022-12-06 16:24:48,421 [592803f5-ace9-49ac-a54f-354c0e5baf2c@group-23A236CF6C1C-FollowerState] INFO  impl.RoleInfo (RoleInfo.java:shutdownFollowerState(110)) - 592803f5-ace9-49ac-a54f-354c0e5baf2c: shutdown 592803f5-ace9-49ac-a54f-354c0e5baf2c@group-23A236CF6C1C-FollowerState
2022-12-06 16:24:48,421 [592803f5-ace9-49ac-a54f-354c0e5baf2c@group-23A236CF6C1C-FollowerState] INFO  server.RaftServer$Division (RaftServerImpl.java:setRole(321)) - 592803f5-ace9-49ac-a54f-354c0e5baf2c@group-23A236CF6C1C: changes role from  FOLLOWER to CANDIDATE at term 1 for changeToCandidate
2022-12-06 16:24:48,422 [592803f5-ace9-49ac-a54f-354c0e5baf2c@group-23A236CF6C1C-FollowerState] INFO  server.RaftServerConfigKeys (ConfUtils.java:logGet(46)) - raft.server.leaderelection.pre-vote = false (custom)
2022-12-06 16:24:48,422 [592803f5-ace9-49ac-a54f-354c0e5baf2c@group-23A236CF6C1C-FollowerState] INFO  impl.RoleInfo (RoleInfo.java:updateAndGet(139)) - 592803f5-ace9-49ac-a54f-354c0e5baf2c: start 592803f5-ace9-49ac-a54f-354c0e5baf2c@group-23A236CF6C1C-LeaderElection23
2022-12-06 16:24:48,423 [fd07e5d7-2dd9-455a-a9b9-9dae4f4be123@group-23A236CF6C1C-LeaderElection22] INFO  impl.LeaderElection (LeaderElection.java:askForVotes(312)) - fd07e5d7-2dd9-455a-a9b9-9dae4f4be123@group-23A236CF6C1C-LeaderElection22 ELECTION round 0: submit vote requests at term 2 for -1: peers:[93471f04-f84a-446a-9dbd-94f45fb64b69|rpc:10.1.0.176:39615|priority:0|startupRole:FOLLOWER, fd07e5d7-2dd9-455a-a9b9-9dae4f4be123|rpc:10.1.0.176:45045|priority:0|startupRole:FOLLOWER, 592803f5-ace9-49ac-a54f-354c0e5baf2c|rpc:10.1.0.176:36049|priority:1|startupRole:FOLLOWER]|listeners:[], old=null
2022-12-06 16:24:48,430 [592803f5-ace9-49ac-a54f-354c0e5baf2c@group-23A236CF6C1C-LeaderElection23] INFO  impl.LeaderElection (LeaderElection.java:askForVotes(312)) - 592803f5-ace9-49ac-a54f-354c0e5baf2c@group-23A236CF6C1C-LeaderElection23 ELECTION round 0: submit vote requests at term 2 for -1: peers:[93471f04-f84a-446a-9dbd-94f45fb64b69|rpc:10.1.0.176:39615|dataStream:|priority:0|startupRole:FOLLOWER, fd07e5d7-2dd9-455a-a9b9-9dae4f4be123|rpc:10.1.0.176:45045|dataStream:|priority:0|startupRole:FOLLOWER, 592803f5-ace9-49ac-a54f-354c0e5baf2c|rpc:10.1.0.176:36049|dataStream:|priority:1|startupRole:FOLLOWER]|listeners:[], old=null
2022-12-06 16:24:48,437 [grpc-default-executor-6] INFO  server.RaftServer$Division (RaftServerImpl.java:requestVote(1218)) - 93471f04-f84a-446a-9dbd-94f45fb64b69@group-23A236CF6C1C: receive requestVote(ELECTION, fd07e5d7-2dd9-455a-a9b9-9dae4f4be123, group-23A236CF6C1C, 2, (t:0, i:0))
2022-12-06 16:24:48,437 [grpc-default-executor-6] INFO  impl.VoteContext (VoteContext.java:log(49)) - 93471f04-f84a-446a-9dbd-94f45fb64b69@group-23A236CF6C1C-FOLLOWER: accept ELECTION from fd07e5d7-2dd9-455a-a9b9-9dae4f4be123: our priority 0 <= candidate's priority 0
2022-12-06 16:24:48,437 [grpc-default-executor-6] INFO  server.RaftServer$Division (RaftServerImpl.java:setRole(321)) - 93471f04-f84a-446a-9dbd-94f45fb64b69@group-23A236CF6C1C: changes role from  FOLLOWER to FOLLOWER at term 2 for candidate:fd07e5d7-2dd9-455a-a9b9-9dae4f4be123
2022-12-06 16:24:48,437 [grpc-default-executor-6] INFO  impl.RoleInfo (RoleInfo.java:shutdownFollowerState(110)) - 93471f04-f84a-446a-9dbd-94f45fb64b69: shutdown 93471f04-f84a-446a-9dbd-94f45fb64b69@group-23A236CF6C1C-FollowerState
2022-12-06 16:24:48,447 [grpc-default-executor-2] INFO  server.RaftServer$Division (RaftServerImpl.java:requestVote(1218)) - 93471f04-f84a-446a-9dbd-94f45fb64b69@group-23A236CF6C1C: receive requestVote(ELECTION, 592803f5-ace9-49ac-a54f-354c0e5baf2c, group-23A236CF6C1C, 2, (t:0, i:0))
2022-12-06 16:24:48,450 [592803f5-ace9-49ac-a54f-354c0e5baf2c@group-23A236CF6C1C-LeaderElection23] INFO  server.RaftServerConfigKeys (ConfUtils.java:logFallback(53)) - raft.server.rpc.first-election.timeout.min = 5s (fallback to raft.server.rpc.timeout.min)
2022-12-06 16:24:48,450 [592803f5-ace9-49ac-a54f-354c0e5baf2c@group-23A236CF6C1C-LeaderElection23] INFO  server.RaftServerConfigKeys (ConfUtils.java:logFallback(53)) - raft.server.rpc.first-election.timeout.max = 5200ms (fallback to raft.server.rpc.timeout.max)
2022-12-06 16:24:48,450 [grpc-default-executor-6] INFO  impl.RoleInfo (RoleInfo.java:updateAndGet(139)) - 93471f04-f84a-446a-9dbd-94f45fb64b69: start 93471f04-f84a-446a-9dbd-94f45fb64b69@group-23A236CF6C1C-FollowerState
2022-12-06 16:24:48,450 [93471f04-f84a-446a-9dbd-94f45fb64b69@group-23A236CF6C1C-FollowerState] INFO  impl.FollowerState (FollowerState.java:run(152)) - 93471f04-f84a-446a-9dbd-94f45fb64b69@group-23A236CF6C1C-FollowerState was interrupted
2022-12-06 16:24:48,453 [grpc-default-executor-4] INFO  server.RaftServer$Division (RaftServerImpl.java:requestVote(1218)) - fd07e5d7-2dd9-455a-a9b9-9dae4f4be123@group-23A236CF6C1C: receive requestVote(ELECTION, 592803f5-ace9-49ac-a54f-354c0e5baf2c, group-23A236CF6C1C, 2, (t:0, i:0))
2022-12-06 16:24:48,453 [grpc-default-executor-4] INFO  impl.VoteContext (VoteContext.java:log(49)) - fd07e5d7-2dd9-455a-a9b9-9dae4f4be123@group-23A236CF6C1C-CANDIDATE: reject ELECTION from 592803f5-ace9-49ac-a54f-354c0e5baf2c: already has voted for fd07e5d7-2dd9-455a-a9b9-9dae4f4be123 at current term 2
2022-12-06 16:24:48,453 [grpc-default-executor-4] INFO  server.RaftServer$Division (RaftServerImpl.java:requestVote(1251)) - fd07e5d7-2dd9-455a-a9b9-9dae4f4be123@group-23A236CF6C1C replies to ELECTION vote request: 592803f5-ace9-49ac-a54f-354c0e5baf2c<-fd07e5d7-2dd9-455a-a9b9-9dae4f4be123#0:FAIL-t2. Peer's state: fd07e5d7-2dd9-455a-a9b9-9dae4f4be123@group-23A236CF6C1C:t2, leader=null, voted=fd07e5d7-2dd9-455a-a9b9-9dae4f4be123, raftlog=Memoized:fd07e5d7-2dd9-455a-a9b9-9dae4f4be123@group-23A236CF6C1C-SegmentedRaftLog:OPENED:c-1, conf=-1: peers:[93471f04-f84a-446a-9dbd-94f45fb64b69|rpc:10.1.0.176:39615|priority:0|startupRole:FOLLOWER, fd07e5d7-2dd9-455a-a9b9-9dae4f4be123|rpc:10.1.0.176:45045|priority:0|startupRole:FOLLOWER, 592803f5-ace9-49ac-a54f-354c0e5baf2c|rpc:10.1.0.176:36049|priority:1|startupRole:FOLLOWER]|listeners:[], old=null
2022-12-06 16:24:48,454 [93471f04-f84a-446a-9dbd-94f45fb64b69@group-23A236CF6C1C-FollowerState] INFO  server.RaftServerConfigKeys (ConfUtils.java:logFallback(53)) - raft.server.rpc.first-election.timeout.min = 5s (fallback to raft.server.rpc.timeout.min)
2022-12-06 16:24:48,454 [93471f04-f84a-446a-9dbd-94f45fb64b69@group-23A236CF6C1C-FollowerState] INFO  server.RaftServerConfigKeys (ConfUtils.java:logFallback(53)) - raft.server.rpc.first-election.timeout.max = 5200ms (fallback to raft.server.rpc.timeout.max)
2022-12-06 16:24:48,455 [grpc-default-executor-6] INFO  server.RaftServer$Division (RaftServerImpl.java:requestVote(1251)) - 93471f04-f84a-446a-9dbd-94f45fb64b69@group-23A236CF6C1C replies to ELECTION vote request: fd07e5d7-2dd9-455a-a9b9-9dae4f4be123<-93471f04-f84a-446a-9dbd-94f45fb64b69#0:OK-t2. Peer's state: 93471f04-f84a-446a-9dbd-94f45fb64b69@group-23A236CF6C1C:t2, leader=null, voted=fd07e5d7-2dd9-455a-a9b9-9dae4f4be123, raftlog=Memoized:93471f04-f84a-446a-9dbd-94f45fb64b69@group-23A236CF6C1C-SegmentedRaftLog:OPENED:c-1, conf=-1: peers:[93471f04-f84a-446a-9dbd-94f45fb64b69|rpc:10.1.0.176:39615|priority:0|startupRole:FOLLOWER, fd07e5d7-2dd9-455a-a9b9-9dae4f4be123|rpc:10.1.0.176:45045|priority:0|startupRole:FOLLOWER, 592803f5-ace9-49ac-a54f-354c0e5baf2c|rpc:10.1.0.176:36049|priority:1|startupRole:FOLLOWER]|listeners:[], old=null
2022-12-06 16:24:48,455 [grpc-default-executor-2] INFO  impl.VoteContext (VoteContext.java:log(49)) - 93471f04-f84a-446a-9dbd-94f45fb64b69@group-23A236CF6C1C-FOLLOWER: reject ELECTION from 592803f5-ace9-49ac-a54f-354c0e5baf2c: already has voted for fd07e5d7-2dd9-455a-a9b9-9dae4f4be123 at current term 2
2022-12-06 16:24:48,455 [grpc-default-executor-2] INFO  server.RaftServer$Division (RaftServerImpl.java:requestVote(1251)) - 93471f04-f84a-446a-9dbd-94f45fb64b69@group-23A236CF6C1C replies to ELECTION vote request: 592803f5-ace9-49ac-a54f-354c0e5baf2c<-93471f04-f84a-446a-9dbd-94f45fb64b69#0:FAIL-t2. Peer's state: 93471f04-f84a-446a-9dbd-94f45fb64b69@group-23A236CF6C1C:t2, leader=null, voted=fd07e5d7-2dd9-455a-a9b9-9dae4f4be123, raftlog=Memoized:93471f04-f84a-446a-9dbd-94f45fb64b69@group-23A236CF6C1C-SegmentedRaftLog:OPENED:c-1, conf=-1: peers:[93471f04-f84a-446a-9dbd-94f45fb64b69|rpc:10.1.0.176:39615|priority:0|startupRole:FOLLOWER, fd07e5d7-2dd9-455a-a9b9-9dae4f4be123|rpc:10.1.0.176:45045|priority:0|startupRole:FOLLOWER, 592803f5-ace9-49ac-a54f-354c0e5baf2c|rpc:10.1.0.176:36049|priority:1|startupRole:FOLLOWER]|listeners:[], old=null
2022-12-06 16:24:48,458 [fd07e5d7-2dd9-455a-a9b9-9dae4f4be123@group-23A236CF6C1C-LeaderElection22] INFO  server.RaftServerConfigKeys (ConfUtils.java:logFallback(53)) - raft.server.rpc.first-election.timeout.min = 5s (fallback to raft.server.rpc.timeout.min)
2022-12-06 16:24:48,458 [fd07e5d7-2dd9-455a-a9b9-9dae4f4be123@group-23A236CF6C1C-LeaderElection22] INFO  server.RaftServerConfigKeys (ConfUtils.java:logFallback(53)) - raft.server.rpc.first-election.timeout.max = 5200ms (fallback to raft.server.rpc.timeout.max)
2022-12-06 16:24:48,460 [grpc-default-executor-6] INFO  server.RaftServer$Division (RaftServerImpl.java:requestVote(1218)) - 592803f5-ace9-49ac-a54f-354c0e5baf2c@group-23A236CF6C1C: receive requestVote(ELECTION, fd07e5d7-2dd9-455a-a9b9-9dae4f4be123, group-23A236CF6C1C, 2, (t:0, i:0))
2022-12-06 16:24:48,460 [grpc-default-executor-6] INFO  impl.VoteContext (VoteContext.java:log(49)) - 592803f5-ace9-49ac-a54f-354c0e5baf2c@group-23A236CF6C1C-CANDIDATE: reject ELECTION from fd07e5d7-2dd9-455a-a9b9-9dae4f4be123: already has voted for 592803f5-ace9-49ac-a54f-354c0e5baf2c at current term 2
2022-12-06 16:24:48,460 [grpc-default-executor-6] INFO  server.RaftServer$Division (RaftServerImpl.java:requestVote(1251)) - 592803f5-ace9-49ac-a54f-354c0e5baf2c@group-23A236CF6C1C replies to ELECTION vote request: fd07e5d7-2dd9-455a-a9b9-9dae4f4be123<-592803f5-ace9-49ac-a54f-354c0e5baf2c#0:FAIL-t2. Peer's state: 592803f5-ace9-49ac-a54f-354c0e5baf2c@group-23A236CF6C1C:t2, leader=null, voted=592803f5-ace9-49ac-a54f-354c0e5baf2c, raftlog=Memoized:592803f5-ace9-49ac-a54f-354c0e5baf2c@group-23A236CF6C1C-SegmentedRaftLog:OPENED:c-1, conf=-1: peers:[93471f04-f84a-446a-9dbd-94f45fb64b69|rpc:10.1.0.176:39615|dataStream:|priority:0|startupRole:FOLLOWER, fd07e5d7-2dd9-455a-a9b9-9dae4f4be123|rpc:10.1.0.176:45045|dataStream:|priority:0|startupRole:FOLLOWER, 592803f5-ace9-49ac-a54f-354c0e5baf2c|rpc:10.1.0.176:36049|dataStream:|priority:1|startupRole:FOLLOWER]|listeners:[], old=null
2022-12-06 16:24:48,461 [fd07e5d7-2dd9-455a-a9b9-9dae4f4be123@group-23A236CF6C1C-LeaderElection22] INFO  impl.LeaderElection (LeaderElection.java:logAndReturn(90)) - fd07e5d7-2dd9-455a-a9b9-9dae4f4be123@group-23A236CF6C1C-LeaderElection22: ELECTION REJECTED received 2 response(s) and 0 exception(s):
2022-12-06 16:24:48,461 [fd07e5d7-2dd9-455a-a9b9-9dae4f4be123@group-23A236CF6C1C-LeaderElection22] INFO  impl.LeaderElection (LeaderElection.java:logAndReturn(94)) -   Response 0: fd07e5d7-2dd9-455a-a9b9-9dae4f4be123<-93471f04-f84a-446a-9dbd-94f45fb64b69#0:OK-t2
2022-12-06 16:24:48,461 [fd07e5d7-2dd9-455a-a9b9-9dae4f4be123@group-23A236CF6C1C-LeaderElection22] INFO  impl.LeaderElection (LeaderElection.java:logAndReturn(94)) -   Response 1: fd07e5d7-2dd9-455a-a9b9-9dae4f4be123<-592803f5-ace9-49ac-a54f-354c0e5baf2c#0:FAIL-t2
2022-12-06 16:24:48,461 [fd07e5d7-2dd9-455a-a9b9-9dae4f4be123@group-23A236CF6C1C-LeaderElection22] INFO  impl.LeaderElection (LeaderElection.java:askForVotes(314)) - fd07e5d7-2dd9-455a-a9b9-9dae4f4be123@group-23A236CF6C1C-LeaderElection22 ELECTION round 0: result REJECTED
2022-12-06 16:24:48,461 [fd07e5d7-2dd9-455a-a9b9-9dae4f4be123@group-23A236CF6C1C-LeaderElection22] INFO  server.RaftServer$Division (RaftServerImpl.java:setRole(321)) - fd07e5d7-2dd9-455a-a9b9-9dae4f4be123@group-23A236CF6C1C: changes role from CANDIDATE to FOLLOWER at term 2 for REJECTED
2022-12-06 16:24:48,461 [fd07e5d7-2dd9-455a-a9b9-9dae4f4be123@group-23A236CF6C1C-LeaderElection22] INFO  impl.RoleInfo (RoleInfo.java:shutdownLeaderElection(130)) - fd07e5d7-2dd9-455a-a9b9-9dae4f4be123: shutdown fd07e5d7-2dd9-455a-a9b9-9dae4f4be123@group-23A236CF6C1C-LeaderElection22
2022-12-06 16:24:48,461 [fd07e5d7-2dd9-455a-a9b9-9dae4f4be123@group-23A236CF6C1C-LeaderElection22] INFO  impl.RoleInfo (RoleInfo.java:updateAndGet(139)) - fd07e5d7-2dd9-455a-a9b9-9dae4f4be123: start fd07e5d7-2dd9-455a-a9b9-9dae4f4be123@group-23A236CF6C1C-FollowerState
2022-12-06 16:24:48,463 [592803f5-ace9-49ac-a54f-354c0e5baf2c@group-23A236CF6C1C-LeaderElection23] INFO  impl.LeaderElection (LeaderElection.java:logAndReturn(90)) - 592803f5-ace9-49ac-a54f-354c0e5baf2c@group-23A236CF6C1C-LeaderElection23: ELECTION REJECTED received 2 response(s) and 0 exception(s):
2022-12-06 16:24:48,463 [592803f5-ace9-49ac-a54f-354c0e5baf2c@group-23A236CF6C1C-LeaderElection23] INFO  impl.LeaderElection (LeaderElection.java:logAndReturn(94)) -   Response 0: 592803f5-ace9-49ac-a54f-354c0e5baf2c<-93471f04-f84a-446a-9dbd-94f45fb64b69#0:FAIL-t2
2022-12-06 16:24:48,463 [592803f5-ace9-49ac-a54f-354c0e5baf2c@group-23A236CF6C1C-LeaderElection23] INFO  impl.LeaderElection (LeaderElection.java:logAndReturn(94)) -   Response 1: 592803f5-ace9-49ac-a54f-354c0e5baf2c<-fd07e5d7-2dd9-455a-a9b9-9dae4f4be123#0:FAIL-t2
2022-12-06 16:24:48,467 [592803f5-ace9-49ac-a54f-354c0e5baf2c@group-23A236CF6C1C-LeaderElection23] INFO  impl.LeaderElection (LeaderElection.java:askForVotes(314)) - 592803f5-ace9-49ac-a54f-354c0e5baf2c@group-23A236CF6C1C-LeaderElection23 ELECTION round 0: result REJECTED
2022-12-06 16:24:48,467 [592803f5-ace9-49ac-a54f-354c0e5baf2c@group-23A236CF6C1C-LeaderElection23] INFO  server.RaftServer$Division (RaftServerImpl.java:setRole(321)) - 592803f5-ace9-49ac-a54f-354c0e5baf2c@group-23A236CF6C1C: changes role from CANDIDATE to FOLLOWER at term 2 for REJECTED
2022-12-06 16:24:48,467 [592803f5-ace9-49ac-a54f-354c0e5baf2c@group-23A236CF6C1C-LeaderElection23] INFO  impl.RoleInfo (RoleInfo.java:shutdownLeaderElection(130)) - 592803f5-ace9-49ac-a54f-354c0e5baf2c: shutdown 592803f5-ace9-49ac-a54f-354c0e5baf2c@group-23A236CF6C1C-LeaderElection23
2022-12-06 16:24:48,467 [592803f5-ace9-49ac-a54f-354c0e5baf2c@group-23A236CF6C1C-LeaderElection23] INFO  impl.RoleInfo (RoleInfo.java:updateAndGet(139)) - 592803f5-ace9-49ac-a54f-354c0e5baf2c: start 592803f5-ace9-49ac-a54f-354c0e5baf2c@group-23A236CF6C1C-FollowerState
2022-12-06 16:24:48,467 [fd07e5d7-2dd9-455a-a9b9-9dae4f4be123@group-23A236CF6C1C-FollowerState] INFO  server.RaftServerConfigKeys (ConfUtils.java:logFallback(53)) - raft.server.rpc.first-election.timeout.min = 5s (fallback to raft.server.rpc.timeout.min)
2022-12-06 16:24:48,467 [fd07e5d7-2dd9-455a-a9b9-9dae4f4be123@group-23A236CF6C1C-FollowerState] INFO  server.RaftServerConfigKeys (ConfUtils.java:logFallback(53)) - raft.server.rpc.first-election.timeout.max = 5200ms (fallback to raft.server.rpc.timeout.max)
2022-12-06 16:24:48,471 [592803f5-ace9-49ac-a54f-354c0e5baf2c@group-23A236CF6C1C-FollowerState] INFO  server.RaftServerConfigKeys (ConfUtils.java:logFallback(53)) - raft.server.rpc.first-election.timeout.min = 5s (fallback to raft.server.rpc.timeout.min)
2022-12-06 16:24:48,471 [592803f5-ace9-49ac-a54f-354c0e5baf2c@group-23A236CF6C1C-FollowerState] INFO  server.RaftServerConfigKeys (ConfUtils.java:logFallback(53)) - raft.server.rpc.first-election.timeout.max = 5200ms (fallback to raft.server.rpc.timeout.max)
2022-12-06 16:24:48,488 [EventQueue-CommandQueueReportForCommandQueueReportHandler] WARN  events.EventQueue (EventQueue.java:fireEvent(216)) - No event handler registered for event TypedEvent{payloadType=DatanodeDetails, name='Datanode_Command_Queue_Updated'}
2022-12-06 16:24:48,556 [EventQueue-CommandQueueReportForCommandQueueReportHandler] WARN  events.EventQueue (EventQueue.java:fireEvent(216)) - No event handler registered for event TypedEvent{payloadType=DatanodeDetails, name='Datanode_Command_Queue_Updated'}
2022-12-06 16:24:48,566 [EventQueue-CommandQueueReportForCommandQueueReportHandler] WARN  events.EventQueue (EventQueue.java:fireEvent(216)) - No event handler registered for event TypedEvent{payloadType=DatanodeDetails, name='Datanode_Command_Queue_Updated'}
2022-12-06 16:24:48,643 [EventQueue-CommandQueueReportForCommandQueueReportHandler] WARN  events.EventQueue (EventQueue.java:fireEvent(216)) - No event handler registered for event TypedEvent{payloadType=DatanodeDetails, name='Datanode_Command_Queue_Updated'}
2022-12-06 16:24:48,645 [EventQueue-CommandQueueReportForCommandQueueReportHandler] WARN  events.EventQueue (EventQueue.java:fireEvent(216)) - No event handler registered for event TypedEvent{payloadType=DatanodeDetails, name='Datanode_Command_Queue_Updated'}
2022-12-06 16:24:49,232 [JvmPauseMonitor3] WARN  util.JvmPauseMonitor (JvmPauseMonitor.java:detectPause(126)) - JvmPauseMonitor-a57ee2ea-c69c-41b1-9f64-f7c5b74e8646: Detected pause in JVM or host machine (eg GC): pause of approximately 280742052ns.
GC pool 'PS MarkSweep' had collection(s): count=1 time=312ms
GC pool 'PS Scavenge' had collection(s): count=1 time=124ms
2022-12-06 16:24:49,234 [EventQueue-CommandQueueReportForCommandQueueReportHandler] WARN  events.EventQueue (EventQueue.java:fireEvent(216)) - No event handler registered for event TypedEvent{payloadType=DatanodeDetails, name='Datanode_Command_Queue_Updated'}
2022-12-06 16:24:49,234 [EventQueue-CommandQueueReportForCommandQueueReportHandler] WARN  events.EventQueue (EventQueue.java:fireEvent(216)) - No event handler registered for event TypedEvent{payloadType=DatanodeDetails, name='Datanode_Command_Queue_Updated'}
2022-12-06 16:24:49,235 [EventQueue-CommandQueueReportForCommandQueueReportHandler] WARN  events.EventQueue (EventQueue.java:fireEvent(216)) - No event handler registered for event TypedEvent{payloadType=DatanodeDetails, name='Datanode_Command_Queue_Updated'}
2022-12-06 16:24:49,236 [JvmPauseMonitor2] WARN  util.JvmPauseMonitor (JvmPauseMonitor.java:detectPause(126)) - JvmPauseMonitor-f48f5eaa-c865-41e1-958d-4d574a609fc9: Detected pause in JVM or host machine (eg GC): pause of approximately 381050222ns.
GC pool 'PS MarkSweep' had collection(s): count=1 time=312ms
GC pool 'PS Scavenge' had collection(s): count=1 time=124ms
2022-12-06 16:24:49,238 [JvmPauseMonitor8] WARN  util.JvmPauseMonitor (JvmPauseMonitor.java:detectPause(126)) - JvmPauseMonitor-6a413ed4-87ae-4509-b51d-2f5d21600f9c: Detected pause in JVM or host machine (eg GC): pause of approximately 385418225ns.
GC pool 'PS MarkSweep' had collection(s): count=1 time=312ms
GC pool 'PS Scavenge' had collection(s): count=1 time=124ms
2022-12-06 16:24:49,238 [JvmPauseMonitor7] WARN  util.JvmPauseMonitor (JvmPauseMonitor.java:detectPause(126)) - JvmPauseMonitor-307c9a4a-d135-41f7-b2cf-6e79e9d930c6: Detected pause in JVM or host machine (eg GC): pause of approximately 385598338ns.
GC pool 'PS MarkSweep' had collection(s): count=1 time=312ms
GC pool 'PS Scavenge' had collection(s): count=1 time=124ms
2022-12-06 16:24:49,238 [JvmPauseMonitor5] WARN  util.JvmPauseMonitor (JvmPauseMonitor.java:detectPause(126)) - JvmPauseMonitor-93471f04-f84a-446a-9dbd-94f45fb64b69: Detected pause in JVM or host machine (eg GC): pause of approximately 385800052ns.
GC pool 'PS MarkSweep' had collection(s): count=1 time=312ms
GC pool 'PS Scavenge' had collection(s): count=1 time=124ms
2022-12-06 16:24:49,238 [JvmPauseMonitor9] WARN  util.JvmPauseMonitor (JvmPauseMonitor.java:detectPause(126)) - JvmPauseMonitor-2fe07876-8610-433e-a055-404555d6ad88: Detected pause in JVM or host machine (eg GC): pause of approximately 385915560ns.
GC pool 'PS MarkSweep' had collection(s): count=1 time=312ms
GC pool 'PS Scavenge' had collection(s): count=1 time=124ms
2022-12-06 16:24:49,238 [JvmPauseMonitor0] WARN  util.JvmPauseMonitor (JvmPauseMonitor.java:detectPause(126)) - JvmPauseMonitor-om1: Detected pause in JVM or host machine (eg GC): pause of approximately 386343090ns.
GC pool 'PS MarkSweep' had collection(s): count=1 time=312ms
GC pool 'PS Scavenge' had collection(s): count=1 time=124ms
2022-12-06 16:24:49,238 [JvmPauseMonitor10] WARN  util.JvmPauseMonitor (JvmPauseMonitor.java:detectPause(126)) - JvmPauseMonitor-b0ab2fb2-fc83-4273-be02-cd8927d57599: Detected pause in JVM or host machine (eg GC): pause of approximately 387814392ns.
GC pool 'PS MarkSweep' had collection(s): count=1 time=312ms
GC pool 'PS Scavenge' had collection(s): count=1 time=124ms
2022-12-06 16:24:49,238 [JvmPauseMonitor6] WARN  util.JvmPauseMonitor (JvmPauseMonitor.java:detectPause(126)) - JvmPauseMonitor-592803f5-ace9-49ac-a54f-354c0e5baf2c: Detected pause in JVM or host machine (eg GC): pause of approximately 395053995ns.
GC pool 'PS MarkSweep' had collection(s): count=1 time=312ms
GC pool 'PS Scavenge' had collection(s): count=1 time=124ms
2022-12-06 16:24:49,238 [JvmPauseMonitor4] WARN  util.JvmPauseMonitor (JvmPauseMonitor.java:detectPause(126)) - JvmPauseMonitor-fd07e5d7-2dd9-455a-a9b9-9dae4f4be123: Detected pause in JVM or host machine (eg GC): pause of approximately 395122900ns.
GC pool 'PS MarkSweep' had collection(s): count=1 time=312ms
GC pool 'PS Scavenge' had collection(s): count=1 time=124ms
2022-12-06 16:24:49,239 [JvmPauseMonitor1] WARN  util.JvmPauseMonitor (JvmPauseMonitor.java:detectPause(126)) - JvmPauseMonitor-18a879af-de93-4167-9a98-f5b552aa8b4b: Detected pause in JVM or host machine (eg GC): pause of approximately 397119239ns.
GC pool 'PS MarkSweep' had collection(s): count=1 time=312ms
GC pool 'PS Scavenge' had collection(s): count=1 time=124ms
2022-12-06 16:24:49,240 [EventQueue-CommandQueueReportForCommandQueueReportHandler] WARN  events.EventQueue (EventQueue.java:fireEvent(216)) - No event handler registered for event TypedEvent{payloadType=DatanodeDetails, name='Datanode_Command_Queue_Updated'}
2022-12-06 16:24:49,325 [Listener at 127.0.0.1/39139] INFO  rpc.RpcClient (RpcClient.java:createVolume(472)) - Creating Volume: 4e7484fa-286a-4d50-a429-3ecf6daa6c33, with runner as owner and space quota set to -1 bytes, counts quota set to -1
2022-12-06 16:24:49,386 [EventQueue-CommandQueueReportForCommandQueueReportHandler] WARN  events.EventQueue (EventQueue.java:fireEvent(216)) - No event handler registered for event TypedEvent{payloadType=DatanodeDetails, name='Datanode_Command_Queue_Updated'}
2022-12-06 16:24:49,390 [OM StateMachine ApplyTransaction Thread - 0] INFO  volume.OMVolumeCreateRequest (OMVolumeCreateRequest.java:validateAndUpdateCache(195)) - created volume:4e7484fa-286a-4d50-a429-3ecf6daa6c33 for user:runner
2022-12-06 16:24:49,422 [Listener at 127.0.0.1/39139] INFO  rpc.RpcClient (RpcClient.java:createBucket(691)) - Creating Bucket: 4e7484fa-286a-4d50-a429-3ecf6daa6c33/4e7484fa-286a-4d50-a429-3ecf6daa6c33, with server-side default bucket layout, runner as owner, Versioning false, Storage Type set to DISK and Encryption set to false 
2022-12-06 16:24:49,435 [OM StateMachine ApplyTransaction Thread - 0] INFO  bucket.OMBucketCreateRequest (OMBucketCreateRequest.java:validateAndUpdateCache(260)) - created bucket: 4e7484fa-286a-4d50-a429-3ecf6daa6c33 of layout LEGACY in volume: 4e7484fa-286a-4d50-a429-3ecf6daa6c33
2022-12-06 16:24:49,454 [Listener at 127.0.0.1/39139] INFO  rpc.RpcClient (RpcClient.java:createBucket(691)) - Creating Bucket: 4e7484fa-286a-4d50-a429-3ecf6daa6c33/40401458-18dd-48f8-9822-86ed6e38f3c5, with server-side default bucket layout, runner as owner, Versioning false, Storage Type set to DISK and Encryption set to false 
2022-12-06 16:24:49,464 [OM StateMachine ApplyTransaction Thread - 0] INFO  bucket.OMBucketCreateRequest (OMBucketCreateRequest.java:validateAndUpdateCache(260)) - created bucket: 40401458-18dd-48f8-9822-86ed6e38f3c5 of layout LEGACY in volume: 4e7484fa-286a-4d50-a429-3ecf6daa6c33
2022-12-06 16:24:49,488 [EventQueue-CommandQueueReportForCommandQueueReportHandler] WARN  events.EventQueue (EventQueue.java:fireEvent(216)) - No event handler registered for event TypedEvent{payloadType=DatanodeDetails, name='Datanode_Command_Queue_Updated'}
2022-12-06 16:24:49,526 [IPC Server handler 10 on default port 38215] INFO  pipeline.PipelineStateManagerImpl (PipelineStateManagerImpl.java:addPipeline(103)) - Created pipeline Pipeline[ Id: f53f5cdc-0cc0-4b93-99bc-1b3dc003694c, Nodes: 93471f04-f84a-446a-9dbd-94f45fb64b69{ip: 10.1.0.176, host: fv-az451-158.ehxzt5fk3o4e1ahk02omj2f41g.dx.internal.cloudapp.net, ports: [REPLICATION=40949, RATIS=39615, RATIS_ADMIN=39615, RATIS_SERVER=39615, STANDALONE=46429], networkLocation: /default-rack, certSerialId: null, persistedOpState: null, persistedOpStateExpiryEpochSec: 0}f48f5eaa-c865-41e1-958d-4d574a609fc9{ip: 10.1.0.176, host: fv-az451-158.ehxzt5fk3o4e1ahk02omj2f41g.dx.internal.cloudapp.net, ports: [REPLICATION=37599, RATIS=45201, RATIS_ADMIN=45201, RATIS_SERVER=45201, STANDALONE=39113], networkLocation: /default-rack, certSerialId: null, persistedOpState: null, persistedOpStateExpiryEpochSec: 0}fd07e5d7-2dd9-455a-a9b9-9dae4f4be123{ip: 10.1.0.176, host: fv-az451-158.ehxzt5fk3o4e1ahk02omj2f41g.dx.internal.cloudapp.net, ports: [REPLICATION=43535, RATIS=45045, RATIS_ADMIN=45045, RATIS_SERVER=45045, STANDALONE=40309], networkLocation: /default-rack, certSerialId: null, persistedOpState: null, persistedOpStateExpiryEpochSec: 0}2fe07876-8610-433e-a055-404555d6ad88{ip: 10.1.0.176, host: fv-az451-158.ehxzt5fk3o4e1ahk02omj2f41g.dx.internal.cloudapp.net, ports: [REPLICATION=38677, RATIS=34239, RATIS_ADMIN=34239, RATIS_SERVER=34239, STANDALONE=45543], networkLocation: /default-rack, certSerialId: null, persistedOpState: null, persistedOpStateExpiryEpochSec: 0}b0ab2fb2-fc83-4273-be02-cd8927d57599{ip: 10.1.0.176, host: fv-az451-158.ehxzt5fk3o4e1ahk02omj2f41g.dx.internal.cloudapp.net, ports: [REPLICATION=43303, RATIS=43425, RATIS_ADMIN=43425, RATIS_SERVER=43425, STANDALONE=43243], networkLocation: /default-rack, certSerialId: null, persistedOpState: null, persistedOpStateExpiryEpochSec: 0}, ReplicationConfig: EC/ECReplicationConfig{data=3, parity=2, ecChunkSize=1024, codec=rs}, State:ALLOCATED, leaderId:, CreationTimestamp2022-12-06T16:24:49.523Z[Etc/UTC]].
2022-12-06 16:24:49,528 [IPC Server handler 10 on default port 38215] INFO  ha.SequenceIdGenerator (SequenceIdGenerator.java:getNextId(128)) - Allocate a batch for containerId, change lastId from 0 to 1000.
2022-12-06 16:24:49,539 [IPC Server handler 10 on default port 38215] INFO  pipeline.PipelineManagerImpl (PipelineManagerImpl.java:openPipeline(367)) - Pipeline Pipeline[ Id: f53f5cdc-0cc0-4b93-99bc-1b3dc003694c, Nodes: 93471f04-f84a-446a-9dbd-94f45fb64b69{ip: 10.1.0.176, host: fv-az451-158.ehxzt5fk3o4e1ahk02omj2f41g.dx.internal.cloudapp.net, ports: [REPLICATION=40949, RATIS=39615, RATIS_ADMIN=39615, RATIS_SERVER=39615, STANDALONE=46429], networkLocation: /default-rack, certSerialId: null, persistedOpState: null, persistedOpStateExpiryEpochSec: 0}f48f5eaa-c865-41e1-958d-4d574a609fc9{ip: 10.1.0.176, host: fv-az451-158.ehxzt5fk3o4e1ahk02omj2f41g.dx.internal.cloudapp.net, ports: [REPLICATION=37599, RATIS=45201, RATIS_ADMIN=45201, RATIS_SERVER=45201, STANDALONE=39113], networkLocation: /default-rack, certSerialId: null, persistedOpState: null, persistedOpStateExpiryEpochSec: 0}fd07e5d7-2dd9-455a-a9b9-9dae4f4be123{ip: 10.1.0.176, host: fv-az451-158.ehxzt5fk3o4e1ahk02omj2f41g.dx.internal.cloudapp.net, ports: [REPLICATION=43535, RATIS=45045, RATIS_ADMIN=45045, RATIS_SERVER=45045, STANDALONE=40309], networkLocation: /default-rack, certSerialId: null, persistedOpState: null, persistedOpStateExpiryEpochSec: 0}2fe07876-8610-433e-a055-404555d6ad88{ip: 10.1.0.176, host: fv-az451-158.ehxzt5fk3o4e1ahk02omj2f41g.dx.internal.cloudapp.net, ports: [REPLICATION=38677, RATIS=34239, RATIS_ADMIN=34239, RATIS_SERVER=34239, STANDALONE=45543], networkLocation: /default-rack, certSerialId: null, persistedOpState: null, persistedOpStateExpiryEpochSec: 0}b0ab2fb2-fc83-4273-be02-cd8927d57599{ip: 10.1.0.176, host: fv-az451-158.ehxzt5fk3o4e1ahk02omj2f41g.dx.internal.cloudapp.net, ports: [REPLICATION=43303, RATIS=43425, RATIS_ADMIN=43425, RATIS_SERVER=43425, STANDALONE=43243], networkLocation: /default-rack, certSerialId: null, persistedOpState: null, persistedOpStateExpiryEpochSec: 0}, ReplicationConfig: EC/ECReplicationConfig{data=3, parity=2, ecChunkSize=1024, codec=rs}, State:ALLOCATED, leaderId:, CreationTimestamp2022-12-06T16:24:49.523Z[Etc/UTC]] moved to OPEN state
2022-12-06 16:24:49,542 [IPC Server handler 10 on default port 38215] WARN  ha.SequenceIdGenerator (SequenceIdGenerator.java:allocateBatch(237)) - Failed to allocate a batch for localId, expected lastId is 0, actual lastId is 109611004723200000.
2022-12-06 16:24:49,542 [IPC Server handler 10 on default port 38215] INFO  ha.SequenceIdGenerator (SequenceIdGenerator.java:getNextId(128)) - Allocate a batch for localId, change lastId from 109611004723200000 to 109611004723201000.
2022-12-06 16:24:49,558 [EventQueue-CommandQueueReportForCommandQueueReportHandler] WARN  events.EventQueue (EventQueue.java:fireEvent(216)) - No event handler registered for event TypedEvent{payloadType=DatanodeDetails, name='Datanode_Command_Queue_Updated'}
2022-12-06 16:24:49,566 [EventQueue-CommandQueueReportForCommandQueueReportHandler] WARN  events.EventQueue (EventQueue.java:fireEvent(216)) - No event handler registered for event TypedEvent{payloadType=DatanodeDetails, name='Datanode_Command_Queue_Updated'}
2022-12-06 16:24:49,577 [307c9a4a-d135-41f7-b2cf-6e79e9d930c6@group-2A829352BC53-FollowerState] INFO  impl.FollowerState (FollowerState.java:run(143)) - 307c9a4a-d135-41f7-b2cf-6e79e9d930c6@group-2A829352BC53-FollowerState: change to CANDIDATE, lastRpcElapsedTime:5031227180ns, electionTimeout:5026ms
2022-12-06 16:24:49,577 [307c9a4a-d135-41f7-b2cf-6e79e9d930c6@group-2A829352BC53-FollowerState] INFO  impl.RoleInfo (RoleInfo.java:shutdownFollowerState(110)) - 307c9a4a-d135-41f7-b2cf-6e79e9d930c6: shutdown 307c9a4a-d135-41f7-b2cf-6e79e9d930c6@group-2A829352BC53-FollowerState
2022-12-06 16:24:49,577 [307c9a4a-d135-41f7-b2cf-6e79e9d930c6@group-2A829352BC53-FollowerState] INFO  server.RaftServer$Division (RaftServerImpl.java:setRole(321)) - 307c9a4a-d135-41f7-b2cf-6e79e9d930c6@group-2A829352BC53: changes role from  FOLLOWER to CANDIDATE at term 1 for changeToCandidate
2022-12-06 16:24:49,577 [307c9a4a-d135-41f7-b2cf-6e79e9d930c6@group-2A829352BC53-FollowerState] INFO  server.RaftServerConfigKeys (ConfUtils.java:logGet(46)) - raft.server.leaderelection.pre-vote = false (custom)
2022-12-06 16:24:49,577 [307c9a4a-d135-41f7-b2cf-6e79e9d930c6@group-2A829352BC53-FollowerState] INFO  impl.RoleInfo (RoleInfo.java:updateAndGet(139)) - 307c9a4a-d135-41f7-b2cf-6e79e9d930c6: start 307c9a4a-d135-41f7-b2cf-6e79e9d930c6@group-2A829352BC53-LeaderElection24
2022-12-06 16:24:49,590 [307c9a4a-d135-41f7-b2cf-6e79e9d930c6@group-2A829352BC53-LeaderElection24] INFO  impl.LeaderElection (LeaderElection.java:askForVotes(312)) - 307c9a4a-d135-41f7-b2cf-6e79e9d930c6@group-2A829352BC53-LeaderElection24 ELECTION round 0: submit vote requests at term 2 for -1: peers:[307c9a4a-d135-41f7-b2cf-6e79e9d930c6|rpc:10.1.0.176:35421|priority:0|startupRole:FOLLOWER, 2fe07876-8610-433e-a055-404555d6ad88|rpc:10.1.0.176:34239|priority:1|startupRole:FOLLOWER, 6a413ed4-87ae-4509-b51d-2f5d21600f9c|rpc:10.1.0.176:45621|priority:0|startupRole:FOLLOWER]|listeners:[], old=null
2022-12-06 16:24:49,593 [307c9a4a-d135-41f7-b2cf-6e79e9d930c6@group-2A829352BC53-LeaderElection24] INFO  server.RaftServerConfigKeys (ConfUtils.java:logFallback(53)) - raft.server.rpc.first-election.timeout.min = 5s (fallback to raft.server.rpc.timeout.min)
2022-12-06 16:24:49,593 [307c9a4a-d135-41f7-b2cf-6e79e9d930c6@group-2A829352BC53-LeaderElection24] INFO  server.RaftServerConfigKeys (ConfUtils.java:logFallback(53)) - raft.server.rpc.first-election.timeout.max = 5200ms (fallback to raft.server.rpc.timeout.max)
2022-12-06 16:24:49,594 [grpc-default-executor-6] INFO  server.RaftServer$Division (RaftServerImpl.java:requestVote(1218)) - 2fe07876-8610-433e-a055-404555d6ad88@group-2A829352BC53: receive requestVote(ELECTION, 307c9a4a-d135-41f7-b2cf-6e79e9d930c6, group-2A829352BC53, 2, (t:0, i:0))
2022-12-06 16:24:49,594 [grpc-default-executor-6] INFO  impl.VoteContext (VoteContext.java:log(49)) - 2fe07876-8610-433e-a055-404555d6ad88@group-2A829352BC53-FOLLOWER: reject ELECTION from 307c9a4a-d135-41f7-b2cf-6e79e9d930c6: our priority 1 > candidate's priority 0
2022-12-06 16:24:49,594 [grpc-default-executor-6] INFO  server.RaftServer$Division (RaftServerImpl.java:setRole(321)) - 2fe07876-8610-433e-a055-404555d6ad88@group-2A829352BC53: changes role from  FOLLOWER to FOLLOWER at term 2 for candidate:307c9a4a-d135-41f7-b2cf-6e79e9d930c6
2022-12-06 16:24:49,594 [grpc-default-executor-6] INFO  impl.RoleInfo (RoleInfo.java:shutdownFollowerState(110)) - 2fe07876-8610-433e-a055-404555d6ad88: shutdown 2fe07876-8610-433e-a055-404555d6ad88@group-2A829352BC53-FollowerState
2022-12-06 16:24:49,595 [grpc-default-executor-6] INFO  impl.RoleInfo (RoleInfo.java:updateAndGet(139)) - 2fe07876-8610-433e-a055-404555d6ad88: start 2fe07876-8610-433e-a055-404555d6ad88@group-2A829352BC53-FollowerState
2022-12-06 16:24:49,595 [2fe07876-8610-433e-a055-404555d6ad88@group-2A829352BC53-FollowerState] INFO  impl.FollowerState (FollowerState.java:run(152)) - 2fe07876-8610-433e-a055-404555d6ad88@group-2A829352BC53-FollowerState was interrupted
2022-12-06 16:24:49,596 [grpc-default-executor-2] INFO  server.RaftServer$Division (RaftServerImpl.java:requestVote(1218)) - 6a413ed4-87ae-4509-b51d-2f5d21600f9c@group-2A829352BC53: receive requestVote(ELECTION, 307c9a4a-d135-41f7-b2cf-6e79e9d930c6, group-2A829352BC53, 2, (t:0, i:0))
2022-12-06 16:24:49,596 [grpc-default-executor-2] INFO  impl.VoteContext (VoteContext.java:log(49)) - 6a413ed4-87ae-4509-b51d-2f5d21600f9c@group-2A829352BC53-FOLLOWER: accept ELECTION from 307c9a4a-d135-41f7-b2cf-6e79e9d930c6: our priority 0 <= candidate's priority 0
2022-12-06 16:24:49,596 [grpc-default-executor-2] INFO  server.RaftServer$Division (RaftServerImpl.java:setRole(321)) - 6a413ed4-87ae-4509-b51d-2f5d21600f9c@group-2A829352BC53: changes role from  FOLLOWER to FOLLOWER at term 2 for candidate:307c9a4a-d135-41f7-b2cf-6e79e9d930c6
2022-12-06 16:24:49,596 [grpc-default-executor-2] INFO  impl.RoleInfo (RoleInfo.java:shutdownFollowerState(110)) - 6a413ed4-87ae-4509-b51d-2f5d21600f9c: shutdown 6a413ed4-87ae-4509-b51d-2f5d21600f9c@group-2A829352BC53-FollowerState
2022-12-06 16:24:49,596 [grpc-default-executor-2] INFO  impl.RoleInfo (RoleInfo.java:updateAndGet(139)) - 6a413ed4-87ae-4509-b51d-2f5d21600f9c: start 6a413ed4-87ae-4509-b51d-2f5d21600f9c@group-2A829352BC53-FollowerState
2022-12-06 16:24:49,597 [6a413ed4-87ae-4509-b51d-2f5d21600f9c@group-2A829352BC53-FollowerState] INFO  impl.FollowerState (FollowerState.java:run(152)) - 6a413ed4-87ae-4509-b51d-2f5d21600f9c@group-2A829352BC53-FollowerState was interrupted
2022-12-06 16:24:49,597 [2fe07876-8610-433e-a055-404555d6ad88@group-2A829352BC53-FollowerState] INFO  server.RaftServerConfigKeys (ConfUtils.java:logFallback(53)) - raft.server.rpc.first-election.timeout.min = 5s (fallback to raft.server.rpc.timeout.min)
2022-12-06 16:24:49,597 [2fe07876-8610-433e-a055-404555d6ad88@group-2A829352BC53-FollowerState] INFO  server.RaftServerConfigKeys (ConfUtils.java:logFallback(53)) - raft.server.rpc.first-election.timeout.max = 5200ms (fallback to raft.server.rpc.timeout.max)
2022-12-06 16:24:49,597 [grpc-default-executor-6] INFO  server.RaftServer$Division (RaftServerImpl.java:requestVote(1251)) - 2fe07876-8610-433e-a055-404555d6ad88@group-2A829352BC53 replies to ELECTION vote request: 307c9a4a-d135-41f7-b2cf-6e79e9d930c6<-2fe07876-8610-433e-a055-404555d6ad88#0:FAIL-t2. Peer's state: 2fe07876-8610-433e-a055-404555d6ad88@group-2A829352BC53:t2, leader=null, voted=null, raftlog=Memoized:2fe07876-8610-433e-a055-404555d6ad88@group-2A829352BC53-SegmentedRaftLog:OPENED:c-1, conf=-1: peers:[307c9a4a-d135-41f7-b2cf-6e79e9d930c6|rpc:10.1.0.176:35421|dataStream:|priority:0|startupRole:FOLLOWER, 2fe07876-8610-433e-a055-404555d6ad88|rpc:10.1.0.176:34239|dataStream:|priority:1|startupRole:FOLLOWER, 6a413ed4-87ae-4509-b51d-2f5d21600f9c|rpc:10.1.0.176:45621|dataStream:|priority:0|startupRole:FOLLOWER]|listeners:[], old=null
2022-12-06 16:24:49,601 [grpc-default-executor-2] INFO  server.RaftServer$Division (RaftServerImpl.java:requestVote(1251)) - 6a413ed4-87ae-4509-b51d-2f5d21600f9c@group-2A829352BC53 replies to ELECTION vote request: 307c9a4a-d135-41f7-b2cf-6e79e9d930c6<-6a413ed4-87ae-4509-b51d-2f5d21600f9c#0:OK-t2. Peer's state: 6a413ed4-87ae-4509-b51d-2f5d21600f9c@group-2A829352BC53:t2, leader=null, voted=307c9a4a-d135-41f7-b2cf-6e79e9d930c6, raftlog=Memoized:6a413ed4-87ae-4509-b51d-2f5d21600f9c@group-2A829352BC53-SegmentedRaftLog:OPENED:c-1, conf=-1: peers:[307c9a4a-d135-41f7-b2cf-6e79e9d930c6|rpc:10.1.0.176:35421|priority:0|startupRole:FOLLOWER, 2fe07876-8610-433e-a055-404555d6ad88|rpc:10.1.0.176:34239|priority:1|startupRole:FOLLOWER, 6a413ed4-87ae-4509-b51d-2f5d21600f9c|rpc:10.1.0.176:45621|priority:0|startupRole:FOLLOWER]|listeners:[], old=null
2022-12-06 16:24:49,601 [6a413ed4-87ae-4509-b51d-2f5d21600f9c@group-2A829352BC53-FollowerState] INFO  server.RaftServerConfigKeys (ConfUtils.java:logFallback(53)) - raft.server.rpc.first-election.timeout.min = 5s (fallback to raft.server.rpc.timeout.min)
2022-12-06 16:24:49,602 [307c9a4a-d135-41f7-b2cf-6e79e9d930c6@group-2A829352BC53-LeaderElection24] INFO  impl.LeaderElection (LeaderElection.java:logAndReturn(90)) - 307c9a4a-d135-41f7-b2cf-6e79e9d930c6@group-2A829352BC53-LeaderElection24: ELECTION REJECTED received 1 response(s) and 0 exception(s):
2022-12-06 16:24:49,603 [307c9a4a-d135-41f7-b2cf-6e79e9d930c6@group-2A829352BC53-LeaderElection24] INFO  impl.LeaderElection (LeaderElection.java:logAndReturn(94)) -   Response 0: 307c9a4a-d135-41f7-b2cf-6e79e9d930c6<-2fe07876-8610-433e-a055-404555d6ad88#0:FAIL-t2
2022-12-06 16:24:49,604 [307c9a4a-d135-41f7-b2cf-6e79e9d930c6@group-2A829352BC53-LeaderElection24] INFO  impl.LeaderElection (LeaderElection.java:askForVotes(314)) - 307c9a4a-d135-41f7-b2cf-6e79e9d930c6@group-2A829352BC53-LeaderElection24 ELECTION round 0: result REJECTED
2022-12-06 16:24:49,604 [307c9a4a-d135-41f7-b2cf-6e79e9d930c6@group-2A829352BC53-LeaderElection24] INFO  server.RaftServer$Division (RaftServerImpl.java:setRole(321)) - 307c9a4a-d135-41f7-b2cf-6e79e9d930c6@group-2A829352BC53: changes role from CANDIDATE to FOLLOWER at term 2 for REJECTED
2022-12-06 16:24:49,604 [307c9a4a-d135-41f7-b2cf-6e79e9d930c6@group-2A829352BC53-LeaderElection24] INFO  impl.RoleInfo (RoleInfo.java:shutdownLeaderElection(130)) - 307c9a4a-d135-41f7-b2cf-6e79e9d930c6: shutdown 307c9a4a-d135-41f7-b2cf-6e79e9d930c6@group-2A829352BC53-LeaderElection24
2022-12-06 16:24:49,604 [307c9a4a-d135-41f7-b2cf-6e79e9d930c6@group-2A829352BC53-LeaderElection24] INFO  impl.RoleInfo (RoleInfo.java:updateAndGet(139)) - 307c9a4a-d135-41f7-b2cf-6e79e9d930c6: start 307c9a4a-d135-41f7-b2cf-6e79e9d930c6@group-2A829352BC53-FollowerState
2022-12-06 16:24:49,605 [6a413ed4-87ae-4509-b51d-2f5d21600f9c@group-2A829352BC53-FollowerState] INFO  server.RaftServerConfigKeys (ConfUtils.java:logFallback(53)) - raft.server.rpc.first-election.timeout.max = 5200ms (fallback to raft.server.rpc.timeout.max)
2022-12-06 16:24:49,606 [307c9a4a-d135-41f7-b2cf-6e79e9d930c6@group-2A829352BC53-FollowerState] INFO  server.RaftServerConfigKeys (ConfUtils.java:logFallback(53)) - raft.server.rpc.first-election.timeout.min = 5s (fallback to raft.server.rpc.timeout.min)
2022-12-06 16:24:49,606 [307c9a4a-d135-41f7-b2cf-6e79e9d930c6@group-2A829352BC53-FollowerState] INFO  server.RaftServerConfigKeys (ConfUtils.java:logFallback(53)) - raft.server.rpc.first-election.timeout.max = 5200ms (fallback to raft.server.rpc.timeout.max)
2022-12-06 16:24:49,642 [EventQueue-CommandQueueReportForCommandQueueReportHandler] WARN  events.EventQueue (EventQueue.java:fireEvent(216)) - No event handler registered for event TypedEvent{payloadType=DatanodeDetails, name='Datanode_Command_Queue_Updated'}
2022-12-06 16:24:49,645 [EventQueue-CommandQueueReportForCommandQueueReportHandler] WARN  events.EventQueue (EventQueue.java:fireEvent(216)) - No event handler registered for event TypedEvent{payloadType=DatanodeDetails, name='Datanode_Command_Queue_Updated'}
2022-12-06 16:24:49,663 [Listener at 127.0.0.1/39139] WARN  erasurecode.ErasureCodeNative (ErasureCodeNative.java:<clinit>(55)) - ISA-L support is not available in your platform... using builtin-java codec where applicable
2022-12-06 16:24:49,715 [307c9a4a-d135-41f7-b2cf-6e79e9d930c6@group-B9F234375034-FollowerState] INFO  impl.FollowerState (FollowerState.java:run(143)) - 307c9a4a-d135-41f7-b2cf-6e79e9d930c6@group-B9F234375034-FollowerState: change to CANDIDATE, lastRpcElapsedTime:5028406195ns, electionTimeout:5013ms
2022-12-06 16:24:49,715 [307c9a4a-d135-41f7-b2cf-6e79e9d930c6@group-B9F234375034-FollowerState] INFO  impl.RoleInfo (RoleInfo.java:shutdownFollowerState(110)) - 307c9a4a-d135-41f7-b2cf-6e79e9d930c6: shutdown 307c9a4a-d135-41f7-b2cf-6e79e9d930c6@group-B9F234375034-FollowerState
2022-12-06 16:24:49,715 [307c9a4a-d135-41f7-b2cf-6e79e9d930c6@group-B9F234375034-FollowerState] INFO  server.RaftServer$Division (RaftServerImpl.java:setRole(321)) - 307c9a4a-d135-41f7-b2cf-6e79e9d930c6@group-B9F234375034: changes role from  FOLLOWER to CANDIDATE at term 1 for changeToCandidate
2022-12-06 16:24:49,716 [307c9a4a-d135-41f7-b2cf-6e79e9d930c6@group-B9F234375034-FollowerState] INFO  server.RaftServerConfigKeys (ConfUtils.java:logGet(46)) - raft.server.leaderelection.pre-vote = false (custom)
2022-12-06 16:24:49,716 [307c9a4a-d135-41f7-b2cf-6e79e9d930c6@group-B9F234375034-FollowerState] INFO  impl.RoleInfo (RoleInfo.java:updateAndGet(139)) - 307c9a4a-d135-41f7-b2cf-6e79e9d930c6: start 307c9a4a-d135-41f7-b2cf-6e79e9d930c6@group-B9F234375034-LeaderElection25
2022-12-06 16:24:49,721 [307c9a4a-d135-41f7-b2cf-6e79e9d930c6@group-B9F234375034-LeaderElection25] INFO  impl.LeaderElection (LeaderElection.java:askForVotes(312)) - 307c9a4a-d135-41f7-b2cf-6e79e9d930c6@group-B9F234375034-LeaderElection25 ELECTION round 0: submit vote requests at term 2 for -1: peers:[307c9a4a-d135-41f7-b2cf-6e79e9d930c6|rpc:10.1.0.176:35421|priority:1|startupRole:FOLLOWER, 2fe07876-8610-433e-a055-404555d6ad88|rpc:10.1.0.176:34239|priority:0|startupRole:FOLLOWER, 6a413ed4-87ae-4509-b51d-2f5d21600f9c|rpc:10.1.0.176:45621|priority:0|startupRole:FOLLOWER]|listeners:[], old=null
2022-12-06 16:24:49,724 [grpc-default-executor-2] INFO  server.RaftServer$Division (RaftServerImpl.java:requestVote(1218)) - 2fe07876-8610-433e-a055-404555d6ad88@group-B9F234375034: receive requestVote(ELECTION, 307c9a4a-d135-41f7-b2cf-6e79e9d930c6, group-B9F234375034, 2, (t:0, i:0))
2022-12-06 16:24:49,724 [grpc-default-executor-2] INFO  impl.VoteContext (VoteContext.java:log(49)) - 2fe07876-8610-433e-a055-404555d6ad88@group-B9F234375034-FOLLOWER: accept ELECTION from 307c9a4a-d135-41f7-b2cf-6e79e9d930c6: our priority 0 <= candidate's priority 1
2022-12-06 16:24:49,724 [grpc-default-executor-2] INFO  server.RaftServer$Division (RaftServerImpl.java:setRole(321)) - 2fe07876-8610-433e-a055-404555d6ad88@group-B9F234375034: changes role from  FOLLOWER to FOLLOWER at term 2 for candidate:307c9a4a-d135-41f7-b2cf-6e79e9d930c6
2022-12-06 16:24:49,724 [grpc-default-executor-2] INFO  impl.RoleInfo (RoleInfo.java:shutdownFollowerState(110)) - 2fe07876-8610-433e-a055-404555d6ad88: shutdown 2fe07876-8610-433e-a055-404555d6ad88@group-B9F234375034-FollowerState
2022-12-06 16:24:49,725 [307c9a4a-d135-41f7-b2cf-6e79e9d930c6@group-B9F234375034-LeaderElection25] INFO  server.RaftServerConfigKeys (ConfUtils.java:logFallback(53)) - raft.server.rpc.first-election.timeout.min = 5s (fallback to raft.server.rpc.timeout.min)
2022-12-06 16:24:49,725 [307c9a4a-d135-41f7-b2cf-6e79e9d930c6@group-B9F234375034-LeaderElection25] INFO  server.RaftServerConfigKeys (ConfUtils.java:logFallback(53)) - raft.server.rpc.first-election.timeout.max = 5200ms (fallback to raft.server.rpc.timeout.max)
2022-12-06 16:24:49,725 [grpc-default-executor-2] INFO  impl.RoleInfo (RoleInfo.java:updateAndGet(139)) - 2fe07876-8610-433e-a055-404555d6ad88: start 2fe07876-8610-433e-a055-404555d6ad88@group-B9F234375034-FollowerState
2022-12-06 16:24:49,725 [2fe07876-8610-433e-a055-404555d6ad88@group-B9F234375034-FollowerState] INFO  impl.FollowerState (FollowerState.java:run(152)) - 2fe07876-8610-433e-a055-404555d6ad88@group-B9F234375034-FollowerState was interrupted
2022-12-06 16:24:49,728 [grpc-default-executor-6] INFO  server.RaftServer$Division (RaftServerImpl.java:requestVote(1218)) - 6a413ed4-87ae-4509-b51d-2f5d21600f9c@group-B9F234375034: receive requestVote(ELECTION, 307c9a4a-d135-41f7-b2cf-6e79e9d930c6, group-B9F234375034, 2, (t:0, i:0))
2022-12-06 16:24:49,728 [grpc-default-executor-6] INFO  impl.VoteContext (VoteContext.java:log(49)) - 6a413ed4-87ae-4509-b51d-2f5d21600f9c@group-B9F234375034-FOLLOWER: accept ELECTION from 307c9a4a-d135-41f7-b2cf-6e79e9d930c6: our priority 0 <= candidate's priority 1
2022-12-06 16:24:49,728 [grpc-default-executor-6] INFO  server.RaftServer$Division (RaftServerImpl.java:setRole(321)) - 6a413ed4-87ae-4509-b51d-2f5d21600f9c@group-B9F234375034: changes role from  FOLLOWER to FOLLOWER at term 2 for candidate:307c9a4a-d135-41f7-b2cf-6e79e9d930c6
2022-12-06 16:24:49,728 [grpc-default-executor-6] INFO  impl.RoleInfo (RoleInfo.java:shutdownFollowerState(110)) - 6a413ed4-87ae-4509-b51d-2f5d21600f9c: shutdown 6a413ed4-87ae-4509-b51d-2f5d21600f9c@group-B9F234375034-FollowerState
2022-12-06 16:24:49,730 [grpc-default-executor-6] INFO  impl.RoleInfo (RoleInfo.java:updateAndGet(139)) - 6a413ed4-87ae-4509-b51d-2f5d21600f9c: start 6a413ed4-87ae-4509-b51d-2f5d21600f9c@group-B9F234375034-FollowerState
2022-12-06 16:24:49,731 [grpc-default-executor-2] INFO  server.RaftServer$Division (RaftServerImpl.java:requestVote(1251)) - 2fe07876-8610-433e-a055-404555d6ad88@group-B9F234375034 replies to ELECTION vote request: 307c9a4a-d135-41f7-b2cf-6e79e9d930c6<-2fe07876-8610-433e-a055-404555d6ad88#0:OK-t2. Peer's state: 2fe07876-8610-433e-a055-404555d6ad88@group-B9F234375034:t2, leader=null, voted=307c9a4a-d135-41f7-b2cf-6e79e9d930c6, raftlog=Memoized:2fe07876-8610-433e-a055-404555d6ad88@group-B9F234375034-SegmentedRaftLog:OPENED:c-1, conf=-1: peers:[307c9a4a-d135-41f7-b2cf-6e79e9d930c6|rpc:10.1.0.176:35421|dataStream:|priority:1|startupRole:FOLLOWER, 2fe07876-8610-433e-a055-404555d6ad88|rpc:10.1.0.176:34239|dataStream:|priority:0|startupRole:FOLLOWER, 6a413ed4-87ae-4509-b51d-2f5d21600f9c|rpc:10.1.0.176:45621|dataStream:|priority:0|startupRole:FOLLOWER]|listeners:[], old=null
2022-12-06 16:24:49,730 [6a413ed4-87ae-4509-b51d-2f5d21600f9c@group-B9F234375034-FollowerState] INFO  impl.FollowerState (FollowerState.java:run(152)) - 6a413ed4-87ae-4509-b51d-2f5d21600f9c@group-B9F234375034-FollowerState was interrupted
2022-12-06 16:24:49,734 [2fe07876-8610-433e-a055-404555d6ad88@group-B9F234375034-FollowerState] INFO  server.RaftServerConfigKeys (ConfUtils.java:logFallback(53)) - raft.server.rpc.first-election.timeout.min = 5s (fallback to raft.server.rpc.timeout.min)
2022-12-06 16:24:49,734 [grpc-default-executor-6] INFO  server.RaftServer$Division (RaftServerImpl.java:requestVote(1251)) - 6a413ed4-87ae-4509-b51d-2f5d21600f9c@group-B9F234375034 replies to ELECTION vote request: 307c9a4a-d135-41f7-b2cf-6e79e9d930c6<-6a413ed4-87ae-4509-b51d-2f5d21600f9c#0:OK-t2. Peer's state: 6a413ed4-87ae-4509-b51d-2f5d21600f9c@group-B9F234375034:t2, leader=null, voted=307c9a4a-d135-41f7-b2cf-6e79e9d930c6, raftlog=Memoized:6a413ed4-87ae-4509-b51d-2f5d21600f9c@group-B9F234375034-SegmentedRaftLog:OPENED:c-1, conf=-1: peers:[307c9a4a-d135-41f7-b2cf-6e79e9d930c6|rpc:10.1.0.176:35421|priority:1|startupRole:FOLLOWER, 2fe07876-8610-433e-a055-404555d6ad88|rpc:10.1.0.176:34239|priority:0|startupRole:FOLLOWER, 6a413ed4-87ae-4509-b51d-2f5d21600f9c|rpc:10.1.0.176:45621|priority:0|startupRole:FOLLOWER]|listeners:[], old=null
2022-12-06 16:24:49,735 [307c9a4a-d135-41f7-b2cf-6e79e9d930c6@group-B9F234375034-LeaderElection25] INFO  impl.LeaderElection (LeaderElection.java:logAndReturn(90)) - 307c9a4a-d135-41f7-b2cf-6e79e9d930c6@group-B9F234375034-LeaderElection25: ELECTION PASSED received 1 response(s) and 0 exception(s):
2022-12-06 16:24:49,735 [307c9a4a-d135-41f7-b2cf-6e79e9d930c6@group-B9F234375034-LeaderElection25] INFO  impl.LeaderElection (LeaderElection.java:logAndReturn(94)) -   Response 0: 307c9a4a-d135-41f7-b2cf-6e79e9d930c6<-2fe07876-8610-433e-a055-404555d6ad88#0:OK-t2
2022-12-06 16:24:49,735 [307c9a4a-d135-41f7-b2cf-6e79e9d930c6@group-B9F234375034-LeaderElection25] INFO  impl.LeaderElection (LeaderElection.java:askForVotes(314)) - 307c9a4a-d135-41f7-b2cf-6e79e9d930c6@group-B9F234375034-LeaderElection25 ELECTION round 0: result PASSED
2022-12-06 16:24:49,735 [307c9a4a-d135-41f7-b2cf-6e79e9d930c6@group-B9F234375034-LeaderElection25] INFO  impl.RoleInfo (RoleInfo.java:shutdownLeaderElection(130)) - 307c9a4a-d135-41f7-b2cf-6e79e9d930c6: shutdown 307c9a4a-d135-41f7-b2cf-6e79e9d930c6@group-B9F234375034-LeaderElection25
2022-12-06 16:24:49,735 [2fe07876-8610-433e-a055-404555d6ad88@group-B9F234375034-FollowerState] INFO  server.RaftServerConfigKeys (ConfUtils.java:logFallback(53)) - raft.server.rpc.first-election.timeout.max = 5200ms (fallback to raft.server.rpc.timeout.max)
2022-12-06 16:24:49,735 [307c9a4a-d135-41f7-b2cf-6e79e9d930c6@group-B9F234375034-LeaderElection25] INFO  server.RaftServer$Division (RaftServerImpl.java:setRole(321)) - 307c9a4a-d135-41f7-b2cf-6e79e9d930c6@group-B9F234375034: changes role from CANDIDATE to LEADER at term 2 for changeToLeader
2022-12-06 16:24:49,735 [307c9a4a-d135-41f7-b2cf-6e79e9d930c6@group-B9F234375034-LeaderElection25] INFO  ratis.XceiverServerRatis (XceiverServerRatis.java:handleLeaderChangedNotification(863)) - Leader change notification received for group: group-B9F234375034 with new leaderId: 307c9a4a-d135-41f7-b2cf-6e79e9d930c6
2022-12-06 16:24:49,735 [307c9a4a-d135-41f7-b2cf-6e79e9d930c6@group-B9F234375034-LeaderElection25] INFO  server.RaftServer$Division (ServerState.java:setLeader(313)) - 307c9a4a-d135-41f7-b2cf-6e79e9d930c6@group-B9F234375034: change Leader from null to 307c9a4a-d135-41f7-b2cf-6e79e9d930c6 at term 2 for becomeLeader, leader elected after 10187ms
2022-12-06 16:24:49,736 [307c9a4a-d135-41f7-b2cf-6e79e9d930c6@group-B9F234375034-LeaderElection25] INFO  server.RaftServerConfigKeys (ConfUtils.java:logGet(46)) - raft.server.staging.catchup.gap = 1000 (default)
2022-12-06 16:24:49,736 [307c9a4a-d135-41f7-b2cf-6e79e9d930c6@group-B9F234375034-LeaderElection25] INFO  server.RaftServerConfigKeys (ConfUtils.java:logGet(46)) - raft.server.write.element-limit = 1024 (custom)
2022-12-06 16:24:49,736 [307c9a4a-d135-41f7-b2cf-6e79e9d930c6@group-B9F234375034-LeaderElection25] INFO  server.RaftServerConfigKeys (ConfUtils.java:logGet(46)) - raft.server.write.byte-limit = 1024 M (=1073741824) (custom)
2022-12-06 16:24:49,736 [307c9a4a-d135-41f7-b2cf-6e79e9d930c6@group-B9F234375034-LeaderElection25] INFO  server.RaftServerConfigKeys (ConfUtils.java:logGet(46)) - raft.server.watch.timeout = 180s (custom)
2022-12-06 16:24:49,736 [307c9a4a-d135-41f7-b2cf-6e79e9d930c6@group-B9F234375034-LeaderElection25] INFO  server.RaftServerConfigKeys (ConfUtils.java:logGet(46)) - raft.server.watch.timeout.denomination = 1s (default)
2022-12-06 16:24:49,736 [307c9a4a-d135-41f7-b2cf-6e79e9d930c6@group-B9F234375034-LeaderElection25] INFO  server.RaftServerConfigKeys (ConfUtils.java:logGet(46)) - raft.server.watch.element-limit = 65536 (default)
2022-12-06 16:24:49,736 [307c9a4a-d135-41f7-b2cf-6e79e9d930c6@group-B9F234375034-LeaderElection25] INFO  server.RaftServerConfigKeys (ConfUtils.java:logGet(46)) - raft.server.write.element-limit = 1024 (custom)
2022-12-06 16:24:49,736 [307c9a4a-d135-41f7-b2cf-6e79e9d930c6@group-B9F234375034-LeaderElection25] INFO  server.RaftServerConfigKeys (ConfUtils.java:logGet(46)) - raft.server.write.follower.gap.ratio.max = -1.0 (default)
2022-12-06 16:24:49,737 [307c9a4a-d135-41f7-b2cf-6e79e9d930c6@group-B9F234375034-LeaderElection25] INFO  server.RaftServerConfigKeys (ConfUtils.java:logGet(46)) - raft.server.log.appender.snapshot.chunk.size.max = 16MB (=16777216) (default)
2022-12-06 16:24:49,737 [307c9a4a-d135-41f7-b2cf-6e79e9d930c6@group-B9F234375034-LeaderElection25] INFO  server.RaftServerConfigKeys (ConfUtils.java:logGet(46)) - raft.server.log.appender.buffer.byte-limit = 33554432 (custom)
2022-12-06 16:24:49,737 [307c9a4a-d135-41f7-b2cf-6e79e9d930c6@group-B9F234375034-LeaderElection25] INFO  server.RaftServerConfigKeys (ConfUtils.java:logGet(46)) - raft.server.log.appender.buffer.element-limit = 1 (custom)
2022-12-06 16:24:49,737 [307c9a4a-d135-41f7-b2cf-6e79e9d930c6@group-B9F234375034-LeaderElection25] INFO  grpc.GrpcConfigKeys (ConfUtils.java:logGet(46)) - raft.grpc.server.leader.outstanding.appends.max = 128 (default)
2022-12-06 16:24:49,737 [307c9a4a-d135-41f7-b2cf-6e79e9d930c6@group-B9F234375034-LeaderElection25] INFO  server.RaftServerConfigKeys (ConfUtils.java:logGet(46)) - raft.server.rpc.request.timeout = 60s (custom)
2022-12-06 16:24:49,737 [307c9a4a-d135-41f7-b2cf-6e79e9d930c6@group-B9F234375034-LeaderElection25] INFO  server.RaftServerConfigKeys (ConfUtils.java:logGet(46)) - raft.server.log.appender.install.snapshot.enabled = false (custom)
2022-12-06 16:24:49,737 [307c9a4a-d135-41f7-b2cf-6e79e9d930c6@group-B9F234375034-LeaderElection25] INFO  grpc.GrpcConfigKeys (ConfUtils.java:logGet(46)) - raft.grpc.server.heartbeat.channel = true (default)
2022-12-06 16:24:49,738 [307c9a4a-d135-41f7-b2cf-6e79e9d930c6@group-B9F234375034-LeaderElection25] INFO  server.RaftServerConfigKeys (ConfUtils.java:logGet(46)) - raft.server.log.appender.wait-time.min = 10ms (default)
2022-12-06 16:24:49,748 [EventQueue-CommandQueueReportForCommandQueueReportHandler] WARN  events.EventQueue (EventQueue.java:fireEvent(216)) - No event handler registered for event TypedEvent{payloadType=DatanodeDetails, name='Datanode_Command_Queue_Updated'}
2022-12-06 16:24:49,748 [EventQueue-PipelineReportForPipelineReportHandler] INFO  pipeline.PipelineManagerImpl (PipelineManagerImpl.java:openPipeline(367)) - Pipeline Pipeline[ Id: 04cdec46-b19b-4f3d-a87f-b9f234375034, Nodes: 2fe07876-8610-433e-a055-404555d6ad88{ip: 10.1.0.176, host: fv-az451-158.ehxzt5fk3o4e1ahk02omj2f41g.dx.internal.cloudapp.net, ports: [REPLICATION=38677, RATIS=34239, RATIS_ADMIN=34239, RATIS_SERVER=34239, STANDALONE=45543], networkLocation: /default-rack, certSerialId: null, persistedOpState: IN_SERVICE, persistedOpStateExpiryEpochSec: 0}6a413ed4-87ae-4509-b51d-2f5d21600f9c{ip: 10.1.0.176, host: fv-az451-158.ehxzt5fk3o4e1ahk02omj2f41g.dx.internal.cloudapp.net, ports: [REPLICATION=37211, RATIS=45621, RATIS_ADMIN=45621, RATIS_SERVER=45621, STANDALONE=41119], networkLocation: /default-rack, certSerialId: null, persistedOpState: IN_SERVICE, persistedOpStateExpiryEpochSec: 0}307c9a4a-d135-41f7-b2cf-6e79e9d930c6{ip: 10.1.0.176, host: fv-az451-158.ehxzt5fk3o4e1ahk02omj2f41g.dx.internal.cloudapp.net, ports: [REPLICATION=37879, RATIS=35421, RATIS_ADMIN=35421, RATIS_SERVER=35421, STANDALONE=43209], networkLocation: /default-rack, certSerialId: null, persistedOpState: IN_SERVICE, persistedOpStateExpiryEpochSec: 0}, ReplicationConfig: RATIS/THREE, State:ALLOCATED, leaderId:307c9a4a-d135-41f7-b2cf-6e79e9d930c6, CreationTimestamp2022-12-06T16:24:36.741Z[Etc/UTC]] moved to OPEN state
2022-12-06 16:24:49,749 [307c9a4a-d135-41f7-b2cf-6e79e9d930c6@group-B9F234375034-LeaderElection25] INFO  server.RaftServerConfigKeys (ConfUtils.java:logGet(46)) - raft.server.log.appender.snapshot.chunk.size.max = 16MB (=16777216) (default)
2022-12-06 16:24:49,749 [307c9a4a-d135-41f7-b2cf-6e79e9d930c6@group-B9F234375034-LeaderElection25] INFO  server.RaftServerConfigKeys (ConfUtils.java:logGet(46)) - raft.server.log.appender.buffer.byte-limit = 33554432 (custom)
2022-12-06 16:24:49,749 [307c9a4a-d135-41f7-b2cf-6e79e9d930c6@group-B9F234375034-LeaderElection25] INFO  server.RaftServerConfigKeys (ConfUtils.java:logGet(46)) - raft.server.log.appender.buffer.element-limit = 1 (custom)
2022-12-06 16:24:49,749 [307c9a4a-d135-41f7-b2cf-6e79e9d930c6@group-B9F234375034-LeaderElection25] INFO  grpc.GrpcConfigKeys (ConfUtils.java:logGet(46)) - raft.grpc.server.leader.outstanding.appends.max = 128 (default)
2022-12-06 16:24:49,749 [307c9a4a-d135-41f7-b2cf-6e79e9d930c6@group-B9F234375034-LeaderElection25] INFO  server.RaftServerConfigKeys (ConfUtils.java:logGet(46)) - raft.server.rpc.request.timeout = 60s (custom)
2022-12-06 16:24:49,749 [307c9a4a-d135-41f7-b2cf-6e79e9d930c6@group-B9F234375034-LeaderElection25] INFO  server.RaftServerConfigKeys (ConfUtils.java:logGet(46)) - raft.server.log.appender.install.snapshot.enabled = false (custom)
2022-12-06 16:24:49,749 [307c9a4a-d135-41f7-b2cf-6e79e9d930c6@group-B9F234375034-LeaderElection25] INFO  grpc.GrpcConfigKeys (ConfUtils.java:logGet(46)) - raft.grpc.server.heartbeat.channel = true (default)
2022-12-06 16:24:49,749 [307c9a4a-d135-41f7-b2cf-6e79e9d930c6@group-B9F234375034-LeaderElection25] INFO  server.RaftServerConfigKeys (ConfUtils.java:logGet(46)) - raft.server.log.appender.wait-time.min = 10ms (default)
2022-12-06 16:24:49,750 [307c9a4a-d135-41f7-b2cf-6e79e9d930c6@group-B9F234375034-LeaderElection25] INFO  impl.RoleInfo (RoleInfo.java:updateAndGet(139)) - 307c9a4a-d135-41f7-b2cf-6e79e9d930c6: start 307c9a4a-d135-41f7-b2cf-6e79e9d930c6@group-B9F234375034-LeaderStateImpl
2022-12-06 16:24:49,750 [307c9a4a-d135-41f7-b2cf-6e79e9d930c6@group-B9F234375034-LeaderElection25] INFO  segmented.SegmentedRaftLogWorker (SegmentedRaftLogWorker.java:startLogSegment(452)) - 307c9a4a-d135-41f7-b2cf-6e79e9d930c6@group-B9F234375034-SegmentedRaftLogWorker: Starting segment from index:0
2022-12-06 16:24:49,752 [307c9a4a-d135-41f7-b2cf-6e79e9d930c6@group-B9F234375034-SegmentedRaftLogWorker] INFO  segmented.SegmentedRaftLogWorker (SegmentedRaftLogWorker.java:execute(656)) - 307c9a4a-d135-41f7-b2cf-6e79e9d930c6@group-B9F234375034-SegmentedRaftLogWorker: created new log segment /home/runner/work/ozone/ozone/hadoop-ozone/integration-test/target/test-dir/MiniOzoneClusterImpl-ff76fcda-2f7b-42b7-aafc-07b3f4cbd752/datanode-6/data/ratis/04cdec46-b19b-4f3d-a87f-b9f234375034/current/log_inprogress_0
2022-12-06 16:24:49,763 [6a413ed4-87ae-4509-b51d-2f5d21600f9c@group-B9F234375034-FollowerState] INFO  server.RaftServerConfigKeys (ConfUtils.java:logFallback(53)) - raft.server.rpc.first-election.timeout.min = 5s (fallback to raft.server.rpc.timeout.min)
2022-12-06 16:24:49,763 [6a413ed4-87ae-4509-b51d-2f5d21600f9c@group-B9F234375034-FollowerState] INFO  server.RaftServerConfigKeys (ConfUtils.java:logFallback(53)) - raft.server.rpc.first-election.timeout.max = 5200ms (fallback to raft.server.rpc.timeout.max)
2022-12-06 16:24:49,763 [307c9a4a-d135-41f7-b2cf-6e79e9d930c6@group-B9F234375034-LeaderElection25] INFO  server.RaftServer$Division (ServerState.java:setRaftConf(430)) - 307c9a4a-d135-41f7-b2cf-6e79e9d930c6@group-B9F234375034: set configuration 0: peers:[307c9a4a-d135-41f7-b2cf-6e79e9d930c6|rpc:10.1.0.176:35421|dataStream:|priority:1|startupRole:FOLLOWER, 2fe07876-8610-433e-a055-404555d6ad88|rpc:10.1.0.176:34239|dataStream:|priority:0|startupRole:FOLLOWER, 6a413ed4-87ae-4509-b51d-2f5d21600f9c|rpc:10.1.0.176:45621|dataStream:|priority:0|startupRole:FOLLOWER]|listeners:[], old=null
2022-12-06 16:24:49,775 [2fe07876-8610-433e-a055-404555d6ad88-server-thread1] INFO  ratis.XceiverServerRatis (XceiverServerRatis.java:handleLeaderChangedNotification(863)) - Leader change notification received for group: group-B9F234375034 with new leaderId: 307c9a4a-d135-41f7-b2cf-6e79e9d930c6
2022-12-06 16:24:49,775 [2fe07876-8610-433e-a055-404555d6ad88-server-thread1] INFO  server.RaftServer$Division (ServerState.java:setLeader(313)) - 2fe07876-8610-433e-a055-404555d6ad88@group-B9F234375034: change Leader from null to 307c9a4a-d135-41f7-b2cf-6e79e9d930c6 at term 2 for appendEntries, leader elected after 10185ms
2022-12-06 16:24:49,780 [2fe07876-8610-433e-a055-404555d6ad88-server-thread1] INFO  server.RaftServer$Division (ServerState.java:setRaftConf(430)) - 2fe07876-8610-433e-a055-404555d6ad88@group-B9F234375034: set configuration 0: peers:[307c9a4a-d135-41f7-b2cf-6e79e9d930c6|rpc:10.1.0.176:35421|dataStream:|priority:1|startupRole:FOLLOWER, 2fe07876-8610-433e-a055-404555d6ad88|rpc:10.1.0.176:34239|dataStream:|priority:0|startupRole:FOLLOWER, 6a413ed4-87ae-4509-b51d-2f5d21600f9c|rpc:10.1.0.176:45621|dataStream:|priority:0|startupRole:FOLLOWER]|listeners:[], old=null
2022-12-06 16:24:49,784 [2fe07876-8610-433e-a055-404555d6ad88-server-thread1] INFO  segmented.SegmentedRaftLogWorker (SegmentedRaftLogWorker.java:startLogSegment(452)) - 2fe07876-8610-433e-a055-404555d6ad88@group-B9F234375034-SegmentedRaftLogWorker: Starting segment from index:0
2022-12-06 16:24:49,787 [6a413ed4-87ae-4509-b51d-2f5d21600f9c-server-thread2] INFO  ratis.XceiverServerRatis (XceiverServerRatis.java:handleLeaderChangedNotification(863)) - Leader change notification received for group: group-B9F234375034 with new leaderId: 307c9a4a-d135-41f7-b2cf-6e79e9d930c6
2022-12-06 16:24:49,787 [6a413ed4-87ae-4509-b51d-2f5d21600f9c-server-thread2] INFO  server.RaftServer$Division (ServerState.java:setLeader(313)) - 6a413ed4-87ae-4509-b51d-2f5d21600f9c@group-B9F234375034: change Leader from null to 307c9a4a-d135-41f7-b2cf-6e79e9d930c6 at term 2 for appendEntries, leader elected after 10173ms
2022-12-06 16:24:49,791 [6a413ed4-87ae-4509-b51d-2f5d21600f9c-server-thread2] INFO  server.RaftServer$Division (ServerState.java:setRaftConf(430)) - 6a413ed4-87ae-4509-b51d-2f5d21600f9c@group-B9F234375034: set configuration 0: peers:[307c9a4a-d135-41f7-b2cf-6e79e9d930c6|rpc:10.1.0.176:35421|dataStream:|priority:1|startupRole:FOLLOWER, 2fe07876-8610-433e-a055-404555d6ad88|rpc:10.1.0.176:34239|dataStream:|priority:0|startupRole:FOLLOWER, 6a413ed4-87ae-4509-b51d-2f5d21600f9c|rpc:10.1.0.176:45621|dataStream:|priority:0|startupRole:FOLLOWER]|listeners:[], old=null
2022-12-06 16:24:49,791 [6a413ed4-87ae-4509-b51d-2f5d21600f9c-server-thread2] INFO  segmented.SegmentedRaftLogWorker (SegmentedRaftLogWorker.java:startLogSegment(452)) - 6a413ed4-87ae-4509-b51d-2f5d21600f9c@group-B9F234375034-SegmentedRaftLogWorker: Starting segment from index:0
2022-12-06 16:24:49,791 [2fe07876-8610-433e-a055-404555d6ad88@group-B9F234375034-SegmentedRaftLogWorker] INFO  segmented.SegmentedRaftLogWorker (SegmentedRaftLogWorker.java:execute(656)) - 2fe07876-8610-433e-a055-404555d6ad88@group-B9F234375034-SegmentedRaftLogWorker: created new log segment /home/runner/work/ozone/ozone/hadoop-ozone/integration-test/target/test-dir/MiniOzoneClusterImpl-ff76fcda-2f7b-42b7-aafc-07b3f4cbd752/datanode-8/data/ratis/04cdec46-b19b-4f3d-a87f-b9f234375034/current/log_inprogress_0
2022-12-06 16:24:49,792 [6a413ed4-87ae-4509-b51d-2f5d21600f9c@group-B9F234375034-SegmentedRaftLogWorker] INFO  segmented.SegmentedRaftLogWorker (SegmentedRaftLogWorker.java:execute(656)) - 6a413ed4-87ae-4509-b51d-2f5d21600f9c@group-B9F234375034-SegmentedRaftLogWorker: created new log segment /home/runner/work/ozone/ozone/hadoop-ozone/integration-test/target/test-dir/MiniOzoneClusterImpl-ff76fcda-2f7b-42b7-aafc-07b3f4cbd752/datanode-7/data/ratis/04cdec46-b19b-4f3d-a87f-b9f234375034/current/log_inprogress_0
2022-12-06 16:24:49,856 [pool-358-thread-1] INFO  impl.MetricsSystemImpl (MetricsSystemImpl.java:init(158)) - XceiverClientMetrics metrics system started (again)
2022-12-06 16:24:50,032 [EventQueue-CommandQueueReportForCommandQueueReportHandler] WARN  events.EventQueue (EventQueue.java:fireEvent(216)) - No event handler registered for event TypedEvent{payloadType=DatanodeDetails, name='Datanode_Command_Queue_Updated'}
2022-12-06 16:24:50,034 [EventQueue-CommandQueueReportForCommandQueueReportHandler] WARN  events.EventQueue (EventQueue.java:fireEvent(216)) - No event handler registered for event TypedEvent{payloadType=DatanodeDetails, name='Datanode_Command_Queue_Updated'}
2022-12-06 16:24:50,034 [EventQueue-CommandQueueReportForCommandQueueReportHandler] WARN  events.EventQueue (EventQueue.java:fireEvent(216)) - No event handler registered for event TypedEvent{payloadType=DatanodeDetails, name='Datanode_Command_Queue_Updated'}
2022-12-06 16:24:50,035 [EventQueue-CommandQueueReportForCommandQueueReportHandler] WARN  events.EventQueue (EventQueue.java:fireEvent(216)) - No event handler registered for event TypedEvent{payloadType=DatanodeDetails, name='Datanode_Command_Queue_Updated'}
2022-12-06 16:24:50,035 [EventQueue-CommandQueueReportForCommandQueueReportHandler] WARN  events.EventQueue (EventQueue.java:fireEvent(216)) - No event handler registered for event TypedEvent{payloadType=DatanodeDetails, name='Datanode_Command_Queue_Updated'}
2022-12-06 16:24:50,188 [Listener at 127.0.0.1/39139] INFO  ozoneimpl.OzoneContainer (OzoneContainer.java:stop(417)) - Attempting to stop container services.
2022-12-06 16:24:50,196 [Listener at 127.0.0.1/39139] INFO  server.RaftServer (RaftServerProxy.java:lambda$close$6(409)) - 93471f04-f84a-446a-9dbd-94f45fb64b69: close
2022-12-06 16:24:50,197 [93471f04-f84a-446a-9dbd-94f45fb64b69-impl-thread1] INFO  server.RaftServer$Division (RaftServerImpl.java:lambda$close$4(458)) - 93471f04-f84a-446a-9dbd-94f45fb64b69@group-23A236CF6C1C: shutdown
2022-12-06 16:24:50,197 [93471f04-f84a-446a-9dbd-94f45fb64b69-impl-thread1] INFO  util.JmxRegister (JmxRegister.java:unregister(73)) - Successfully un-registered JMX Bean with object name Ratis:service=RaftServer,group=group-23A236CF6C1C,id=93471f04-f84a-446a-9dbd-94f45fb64b69
2022-12-06 16:24:50,197 [93471f04-f84a-446a-9dbd-94f45fb64b69-impl-thread1] INFO  impl.RoleInfo (RoleInfo.java:shutdownFollowerState(110)) - 93471f04-f84a-446a-9dbd-94f45fb64b69: shutdown 93471f04-f84a-446a-9dbd-94f45fb64b69@group-23A236CF6C1C-FollowerState
2022-12-06 16:24:50,197 [93471f04-f84a-446a-9dbd-94f45fb64b69@group-23A236CF6C1C-FollowerState] INFO  impl.FollowerState (FollowerState.java:run(152)) - 93471f04-f84a-446a-9dbd-94f45fb64b69@group-23A236CF6C1C-FollowerState was interrupted
2022-12-06 16:24:50,197 [93471f04-f84a-446a-9dbd-94f45fb64b69-impl-thread1] INFO  impl.StateMachineUpdater (StateMachineUpdater.java:stopAndJoin(153)) - 93471f04-f84a-446a-9dbd-94f45fb64b69@group-23A236CF6C1C-StateMachineUpdater: set stopIndex = -1
2022-12-06 16:24:50,198 [93471f04-f84a-446a-9dbd-94f45fb64b69-impl-thread1] INFO  server.RaftServer$Division (ServerState.java:close(466)) - 93471f04-f84a-446a-9dbd-94f45fb64b69@group-23A236CF6C1C: closes. applyIndex: -1
2022-12-06 16:24:50,199 [93471f04-f84a-446a-9dbd-94f45fb64b69-impl-thread2] INFO  server.RaftServer$Division (RaftServerImpl.java:lambda$close$4(458)) - 93471f04-f84a-446a-9dbd-94f45fb64b69@group-032D02CB740D: shutdown
2022-12-06 16:24:50,200 [93471f04-f84a-446a-9dbd-94f45fb64b69-impl-thread2] INFO  util.JmxRegister (JmxRegister.java:unregister(73)) - Successfully un-registered JMX Bean with object name Ratis:service=RaftServer,group=group-032D02CB740D,id=93471f04-f84a-446a-9dbd-94f45fb64b69
2022-12-06 16:24:50,200 [93471f04-f84a-446a-9dbd-94f45fb64b69-impl-thread2] INFO  impl.RoleInfo (RoleInfo.java:shutdownLeaderState(93)) - 93471f04-f84a-446a-9dbd-94f45fb64b69: shutdown 93471f04-f84a-446a-9dbd-94f45fb64b69@group-032D02CB740D-LeaderStateImpl
2022-12-06 16:24:50,200 [93471f04-f84a-446a-9dbd-94f45fb64b69@group-23A236CF6C1C-SegmentedRaftLogWorker] INFO  segmented.SegmentedRaftLogWorker (SegmentedRaftLogWorker.java:run(347)) - 93471f04-f84a-446a-9dbd-94f45fb64b69@group-23A236CF6C1C-SegmentedRaftLogWorker was interrupted, exiting. There are 0 tasks remaining in the queue.
2022-12-06 16:24:50,200 [93471f04-f84a-446a-9dbd-94f45fb64b69-impl-thread1] INFO  segmented.SegmentedRaftLogWorker (SegmentedRaftLogWorker.java:close(257)) - 93471f04-f84a-446a-9dbd-94f45fb64b69@group-23A236CF6C1C-SegmentedRaftLogWorker close()
2022-12-06 16:24:50,202 [Listener at 127.0.0.1/39139] INFO  server.GrpcService (GrpcService.java:closeImpl(271)) - 93471f04-f84a-446a-9dbd-94f45fb64b69: shutdown server GrpcServerProtocolService now
2022-12-06 16:24:50,206 [93471f04-f84a-446a-9dbd-94f45fb64b69-impl-thread3] INFO  server.RaftServer$Division (RaftServerImpl.java:lambda$close$4(458)) - 93471f04-f84a-446a-9dbd-94f45fb64b69@group-46E1FAA48D23: shutdown
2022-12-06 16:24:50,206 [93471f04-f84a-446a-9dbd-94f45fb64b69-impl-thread3] INFO  util.JmxRegister (JmxRegister.java:unregister(73)) - Successfully un-registered JMX Bean with object name Ratis:service=RaftServer,group=group-46E1FAA48D23,id=93471f04-f84a-446a-9dbd-94f45fb64b69
2022-12-06 16:24:50,206 [93471f04-f84a-446a-9dbd-94f45fb64b69-impl-thread3] INFO  impl.RoleInfo (RoleInfo.java:shutdownLeaderState(93)) - 93471f04-f84a-446a-9dbd-94f45fb64b69: shutdown 93471f04-f84a-446a-9dbd-94f45fb64b69@group-46E1FAA48D23-LeaderStateImpl
2022-12-06 16:24:50,206 [93471f04-f84a-446a-9dbd-94f45fb64b69-impl-thread3] INFO  impl.PendingRequests (PendingRequests.java:sendNotLeaderResponses(282)) - 93471f04-f84a-446a-9dbd-94f45fb64b69@group-46E1FAA48D23-PendingRequests: sendNotLeaderResponses
2022-12-06 16:24:50,206 [grpc-default-executor-3] INFO  server.GrpcServerProtocolService (GrpcServerProtocolService.java:onCompleted(143)) - fd07e5d7-2dd9-455a-a9b9-9dae4f4be123: Completed APPEND_ENTRIES, lastRequest: 93471f04-f84a-446a-9dbd-94f45fb64b69->fd07e5d7-2dd9-455a-a9b9-9dae4f4be123#1-t2,previous=(t:0, i:0),leaderCommit=0,initializing? true,entries: size=1, first=(t:2, i:0), CONFIGURATIONENTRY(current:id: "93471f04-f84a-446a-9dbd-94f45fb64b69"
address: "10.1.0.176:39615"
priority: 1
clientAddress: "10.1.0.176:39615"
adminAddress: "10.1.0.176:39615"
startupRole: FOLLOWER
,id: "fd07e5d7-2dd9-455a-a9b9-9dae4f4be123"
address: "10.1.0.176:45045"
clientAddress: "10.1.0.176:45045"
adminAddress: "10.1.0.176:45045"
startupRole: FOLLOWER
,id: "592803f5-ace9-49ac-a54f-354c0e5baf2c"
address: "10.1.0.176:36049"
clientAddress: "10.1.0.176:36049"
adminAddress: "10.1.0.176:36049"
startupRole: FOLLOWER
, old:)
2022-12-06 16:24:50,207 [grpc-default-executor-6] INFO  server.GrpcServerProtocolService (GrpcServerProtocolService.java:onCompleted(143)) - fd07e5d7-2dd9-455a-a9b9-9dae4f4be123: Completed APPEND_ENTRIES, lastRequest: null
2022-12-06 16:24:50,212 [93471f04-f84a-446a-9dbd-94f45fb64b69-impl-thread2] INFO  impl.PendingRequests (PendingRequests.java:sendNotLeaderResponses(282)) - 93471f04-f84a-446a-9dbd-94f45fb64b69@group-032D02CB740D-PendingRequests: sendNotLeaderResponses
2022-12-06 16:24:50,215 [Listener at 127.0.0.1/39139] INFO  server.GrpcServerProtocolClient (GrpcServerProtocolClient.java:close(101)) - fd07e5d7-2dd9-455a-a9b9-9dae4f4be123 Close channels
2022-12-06 16:24:50,218 [grpc-default-executor-6] INFO  server.GrpcLogAppender (GrpcLogAppender.java:onCompleted(415)) - 93471f04-f84a-446a-9dbd-94f45fb64b69@group-032D02CB740D->fd07e5d7-2dd9-455a-a9b9-9dae4f4be123-AppendLogResponseHandler: follower responses appendEntries COMPLETED
2022-12-06 16:24:50,219 [grpc-default-executor-6] WARN  server.GrpcLogAppender (GrpcLogAppender.java:resetClient(137)) - 93471f04-f84a-446a-9dbd-94f45fb64b69@group-032D02CB740D->fd07e5d7-2dd9-455a-a9b9-9dae4f4be123-GrpcLogAppender: Failed to getClient for fd07e5d7-2dd9-455a-a9b9-9dae4f4be123
org.apache.ratis.protocol.exceptions.AlreadyClosedException: 93471f04-f84a-446a-9dbd-94f45fb64b69 is already CLOSED
	at org.apache.ratis.util.PeerProxyMap$PeerAndProxy.getProxy(PeerProxyMap.java:61)
	at org.apache.ratis.util.PeerProxyMap.getProxy(PeerProxyMap.java:115)
	at org.apache.ratis.grpc.server.GrpcLogAppender.getClient(GrpcLogAppender.java:116)
	at org.apache.ratis.grpc.server.GrpcLogAppender.resetClient(GrpcLogAppender.java:121)
	at org.apache.ratis.grpc.server.GrpcLogAppender.access$500(GrpcLogAppender.java:58)
	at org.apache.ratis.grpc.server.GrpcLogAppender$AppendLogResponseHandler.onCompleted(GrpcLogAppender.java:416)
	at org.apache.ratis.thirdparty.io.grpc.stub.ClientCalls$StreamObserverToCallListenerAdapter.onClose(ClientCalls.java:485)
	at org.apache.ratis.thirdparty.io.grpc.internal.DelayedClientCall$DelayedListener$3.run(DelayedClientCall.java:468)
	at org.apache.ratis.thirdparty.io.grpc.internal.DelayedClientCall$DelayedListener.delayOrExecute(DelayedClientCall.java:432)
	at org.apache.ratis.thirdparty.io.grpc.internal.DelayedClientCall$DelayedListener.onClose(DelayedClientCall.java:465)
	at org.apache.ratis.thirdparty.io.grpc.internal.ClientCallImpl.closeObserver(ClientCallImpl.java:562)
	at org.apache.ratis.thirdparty.io.grpc.internal.ClientCallImpl.access$300(ClientCallImpl.java:70)
	at org.apache.ratis.thirdparty.io.grpc.internal.ClientCallImpl$ClientStreamListenerImpl$1StreamClosed.runInternal(ClientCallImpl.java:743)
	at org.apache.ratis.thirdparty.io.grpc.internal.ClientCallImpl$ClientStreamListenerImpl$1StreamClosed.runInContext(ClientCallImpl.java:722)
	at org.apache.ratis.thirdparty.io.grpc.internal.ContextRunnable.run(ContextRunnable.java:37)
	at org.apache.ratis.thirdparty.io.grpc.internal.SerializingExecutor.run(SerializingExecutor.java:133)
	at java.util.concurrent.ThreadPoolExecutor.runWorker(ThreadPoolExecutor.java:1149)
	at java.util.concurrent.ThreadPoolExecutor$Worker.run(ThreadPoolExecutor.java:624)
	at java.lang.Thread.run(Thread.java:750)
2022-12-06 16:24:50,223 [93471f04-f84a-446a-9dbd-94f45fb64b69@group-46E1FAA48D23-StateMachineUpdater] INFO  ratis.ContainerStateMachine (ContainerStateMachine.java:takeSnapshot(304)) - group-46E1FAA48D23: Taking a snapshot at:(t:1, i:0) file /home/runner/work/ozone/ozone/hadoop-ozone/integration-test/target/test-dir/MiniOzoneClusterImpl-ff76fcda-2f7b-42b7-aafc-07b3f4cbd752/datanode-4/data/ratis/bd206ac1-f978-4080-a1f0-46e1faa48d23/sm/snapshot.1_0
2022-12-06 16:24:50,224 [grpc-default-executor-6] INFO  server.GrpcLogAppender (GrpcLogAppender.java:onCompleted(415)) - 93471f04-f84a-446a-9dbd-94f45fb64b69@group-032D02CB740D->fd07e5d7-2dd9-455a-a9b9-9dae4f4be123-AppendLogResponseHandler: follower responses appendEntries COMPLETED
2022-12-06 16:24:50,224 [grpc-default-executor-6] WARN  server.GrpcLogAppender (GrpcLogAppender.java:resetClient(137)) - 93471f04-f84a-446a-9dbd-94f45fb64b69@group-032D02CB740D->fd07e5d7-2dd9-455a-a9b9-9dae4f4be123-GrpcLogAppender: Failed to getClient for fd07e5d7-2dd9-455a-a9b9-9dae4f4be123
org.apache.ratis.protocol.exceptions.AlreadyClosedException: 93471f04-f84a-446a-9dbd-94f45fb64b69 is already CLOSED
	at org.apache.ratis.util.PeerProxyMap$PeerAndProxy.getProxy(PeerProxyMap.java:61)
	at org.apache.ratis.util.PeerProxyMap.getProxy(PeerProxyMap.java:115)
	at org.apache.ratis.grpc.server.GrpcLogAppender.getClient(GrpcLogAppender.java:116)
	at org.apache.ratis.grpc.server.GrpcLogAppender.resetClient(GrpcLogAppender.java:121)
	at org.apache.ratis.grpc.server.GrpcLogAppender.access$500(GrpcLogAppender.java:58)
	at org.apache.ratis.grpc.server.GrpcLogAppender$AppendLogResponseHandler.onCompleted(GrpcLogAppender.java:416)
	at org.apache.ratis.thirdparty.io.grpc.stub.ClientCalls$StreamObserverToCallListenerAdapter.onClose(ClientCalls.java:485)
	at org.apache.ratis.thirdparty.io.grpc.internal.ClientCallImpl.closeObserver(ClientCallImpl.java:562)
	at org.apache.ratis.thirdparty.io.grpc.internal.ClientCallImpl.access$300(ClientCallImpl.java:70)
	at org.apache.ratis.thirdparty.io.grpc.internal.ClientCallImpl$ClientStreamListenerImpl$1StreamClosed.runInternal(ClientCallImpl.java:743)
	at org.apache.ratis.thirdparty.io.grpc.internal.ClientCallImpl$ClientStreamListenerImpl$1StreamClosed.runInContext(ClientCallImpl.java:722)
	at org.apache.ratis.thirdparty.io.grpc.internal.ContextRunnable.run(ContextRunnable.java:37)
	at org.apache.ratis.thirdparty.io.grpc.internal.SerializingExecutor.run(SerializingExecutor.java:133)
	at java.util.concurrent.ThreadPoolExecutor.runWorker(ThreadPoolExecutor.java:1149)
	at java.util.concurrent.ThreadPoolExecutor$Worker.run(ThreadPoolExecutor.java:624)
	at java.lang.Thread.run(Thread.java:750)
2022-12-06 16:24:50,223 [93471f04-f84a-446a-9dbd-94f45fb64b69@group-032D02CB740D-StateMachineUpdater] INFO  ratis.ContainerStateMachine (ContainerStateMachine.java:takeSnapshot(304)) - group-032D02CB740D: Taking a snapshot at:(t:2, i:0) file /home/runner/work/ozone/ozone/hadoop-ozone/integration-test/target/test-dir/MiniOzoneClusterImpl-ff76fcda-2f7b-42b7-aafc-07b3f4cbd752/datanode-4/data/ratis/c5007c7d-689f-453a-a58d-032d02cb740d/sm/snapshot.2_0
2022-12-06 16:24:50,222 [93471f04-f84a-446a-9dbd-94f45fb64b69@group-032D02CB740D->592803f5-ace9-49ac-a54f-354c0e5baf2c-GrpcLogAppender-LogAppenderDaemon] WARN  server.GrpcLogAppender (GrpcLogAppender.java:mayWait(200)) - 93471f04-f84a-446a-9dbd-94f45fb64b69@group-032D02CB740D->592803f5-ace9-49ac-a54f-354c0e5baf2c-GrpcLogAppender: Wait interrupted by java.lang.InterruptedException
2022-12-06 16:24:50,222 [93471f04-f84a-446a-9dbd-94f45fb64b69-impl-thread2] INFO  impl.StateMachineUpdater (StateMachineUpdater.java:stopAndJoin(153)) - 93471f04-f84a-446a-9dbd-94f45fb64b69@group-032D02CB740D-StateMachineUpdater: set stopIndex = 0
2022-12-06 16:24:50,222 [93471f04-f84a-446a-9dbd-94f45fb64b69-impl-thread3] INFO  impl.StateMachineUpdater (StateMachineUpdater.java:stopAndJoin(153)) - 93471f04-f84a-446a-9dbd-94f45fb64b69@group-46E1FAA48D23-StateMachineUpdater: set stopIndex = 0
2022-12-06 16:24:50,233 [Listener at 127.0.0.1/39139] INFO  server.GrpcServerProtocolClient (GrpcServerProtocolClient.java:close(101)) - 592803f5-ace9-49ac-a54f-354c0e5baf2c Close channels
2022-12-06 16:24:50,234 [grpc-default-executor-3] INFO  server.GrpcServerProtocolService (GrpcServerProtocolService.java:onCompleted(143)) - 592803f5-ace9-49ac-a54f-354c0e5baf2c: Completed APPEND_ENTRIES, lastRequest: null
2022-12-06 16:24:50,239 [grpc-default-executor-3] INFO  server.GrpcServerProtocolService (GrpcServerProtocolService.java:onCompleted(143)) - 592803f5-ace9-49ac-a54f-354c0e5baf2c: Completed APPEND_ENTRIES, lastRequest: 93471f04-f84a-446a-9dbd-94f45fb64b69->592803f5-ace9-49ac-a54f-354c0e5baf2c#1-t2,previous=(t:0, i:0),leaderCommit=0,initializing? true,entries: size=1, first=(t:2, i:0), CONFIGURATIONENTRY(current:id: "93471f04-f84a-446a-9dbd-94f45fb64b69"
address: "10.1.0.176:39615"
priority: 1
clientAddress: "10.1.0.176:39615"
adminAddress: "10.1.0.176:39615"
startupRole: FOLLOWER
,id: "fd07e5d7-2dd9-455a-a9b9-9dae4f4be123"
address: "10.1.0.176:45045"
clientAddress: "10.1.0.176:45045"
adminAddress: "10.1.0.176:45045"
startupRole: FOLLOWER
,id: "592803f5-ace9-49ac-a54f-354c0e5baf2c"
address: "10.1.0.176:36049"
clientAddress: "10.1.0.176:36049"
adminAddress: "10.1.0.176:36049"
startupRole: FOLLOWER
, old:)
2022-12-06 16:24:50,240 [grpc-default-executor-6] INFO  server.GrpcLogAppender (GrpcLogAppender.java:onCompleted(415)) - 93471f04-f84a-446a-9dbd-94f45fb64b69@group-032D02CB740D->592803f5-ace9-49ac-a54f-354c0e5baf2c-AppendLogResponseHandler: follower responses appendEntries COMPLETED
2022-12-06 16:24:50,240 [grpc-default-executor-6] WARN  server.GrpcLogAppender (GrpcLogAppender.java:resetClient(137)) - 93471f04-f84a-446a-9dbd-94f45fb64b69@group-032D02CB740D->592803f5-ace9-49ac-a54f-354c0e5baf2c-GrpcLogAppender: Failed to getClient for 592803f5-ace9-49ac-a54f-354c0e5baf2c
org.apache.ratis.protocol.exceptions.AlreadyClosedException: 93471f04-f84a-446a-9dbd-94f45fb64b69 is already CLOSED
	at org.apache.ratis.util.PeerProxyMap$PeerAndProxy.getProxy(PeerProxyMap.java:61)
	at org.apache.ratis.util.PeerProxyMap.getProxy(PeerProxyMap.java:115)
	at org.apache.ratis.grpc.server.GrpcLogAppender.getClient(GrpcLogAppender.java:116)
	at org.apache.ratis.grpc.server.GrpcLogAppender.resetClient(GrpcLogAppender.java:121)
	at org.apache.ratis.grpc.server.GrpcLogAppender.access$500(GrpcLogAppender.java:58)
	at org.apache.ratis.grpc.server.GrpcLogAppender$AppendLogResponseHandler.onCompleted(GrpcLogAppender.java:416)
	at org.apache.ratis.thirdparty.io.grpc.stub.ClientCalls$StreamObserverToCallListenerAdapter.onClose(ClientCalls.java:485)
	at org.apache.ratis.thirdparty.io.grpc.internal.DelayedClientCall$DelayedListener$3.run(DelayedClientCall.java:468)
	at org.apache.ratis.thirdparty.io.grpc.internal.DelayedClientCall$DelayedListener.delayOrExecute(DelayedClientCall.java:432)
	at org.apache.ratis.thirdparty.io.grpc.internal.DelayedClientCall$DelayedListener.onClose(DelayedClientCall.java:465)
	at org.apache.ratis.thirdparty.io.grpc.internal.ClientCallImpl.closeObserver(ClientCallImpl.java:562)
	at org.apache.ratis.thirdparty.io.grpc.internal.ClientCallImpl.access$300(ClientCallImpl.java:70)
	at org.apache.ratis.thirdparty.io.grpc.internal.ClientCallImpl$ClientStreamListenerImpl$1StreamClosed.runInternal(ClientCallImpl.java:743)
	at org.apache.ratis.thirdparty.io.grpc.internal.ClientCallImpl$ClientStreamListenerImpl$1StreamClosed.runInContext(ClientCallImpl.java:722)
	at org.apache.ratis.thirdparty.io.grpc.internal.ContextRunnable.run(ContextRunnable.java:37)
	at org.apache.ratis.thirdparty.io.grpc.internal.SerializingExecutor.run(SerializingExecutor.java:133)
	at java.util.concurrent.ThreadPoolExecutor.runWorker(ThreadPoolExecutor.java:1149)
	at java.util.concurrent.ThreadPoolExecutor$Worker.run(ThreadPoolExecutor.java:624)
	at java.lang.Thread.run(Thread.java:750)
2022-12-06 16:24:50,242 [grpc-default-executor-6] INFO  server.GrpcLogAppender (GrpcLogAppender.java:onCompleted(415)) - 93471f04-f84a-446a-9dbd-94f45fb64b69@group-032D02CB740D->592803f5-ace9-49ac-a54f-354c0e5baf2c-AppendLogResponseHandler: follower responses appendEntries COMPLETED
2022-12-06 16:24:50,242 [grpc-default-executor-6] WARN  server.GrpcLogAppender (GrpcLogAppender.java:resetClient(137)) - 93471f04-f84a-446a-9dbd-94f45fb64b69@group-032D02CB740D->592803f5-ace9-49ac-a54f-354c0e5baf2c-GrpcLogAppender: Failed to getClient for 592803f5-ace9-49ac-a54f-354c0e5baf2c
org.apache.ratis.protocol.exceptions.AlreadyClosedException: 93471f04-f84a-446a-9dbd-94f45fb64b69 is already CLOSED
	at org.apache.ratis.util.PeerProxyMap$PeerAndProxy.getProxy(PeerProxyMap.java:61)
	at org.apache.ratis.util.PeerProxyMap.getProxy(PeerProxyMap.java:115)
	at org.apache.ratis.grpc.server.GrpcLogAppender.getClient(GrpcLogAppender.java:116)
	at org.apache.ratis.grpc.server.GrpcLogAppender.resetClient(GrpcLogAppender.java:121)
	at org.apache.ratis.grpc.server.GrpcLogAppender.access$500(GrpcLogAppender.java:58)
	at org.apache.ratis.grpc.server.GrpcLogAppender$AppendLogResponseHandler.onCompleted(GrpcLogAppender.java:416)
	at org.apache.ratis.thirdparty.io.grpc.stub.ClientCalls$StreamObserverToCallListenerAdapter.onClose(ClientCalls.java:485)
	at org.apache.ratis.thirdparty.io.grpc.internal.ClientCallImpl.closeObserver(ClientCallImpl.java:562)
	at org.apache.ratis.thirdparty.io.grpc.internal.ClientCallImpl.access$300(ClientCallImpl.java:70)
	at org.apache.ratis.thirdparty.io.grpc.internal.ClientCallImpl$ClientStreamListenerImpl$1StreamClosed.runInternal(ClientCallImpl.java:743)
	at org.apache.ratis.thirdparty.io.grpc.internal.ClientCallImpl$ClientStreamListenerImpl$1StreamClosed.runInContext(ClientCallImpl.java:722)
	at org.apache.ratis.thirdparty.io.grpc.internal.ContextRunnable.run(ContextRunnable.java:37)
	at org.apache.ratis.thirdparty.io.grpc.internal.SerializingExecutor.run(SerializingExecutor.java:133)
	at java.util.concurrent.ThreadPoolExecutor.runWorker(ThreadPoolExecutor.java:1149)
	at java.util.concurrent.ThreadPoolExecutor$Worker.run(ThreadPoolExecutor.java:624)
	at java.lang.Thread.run(Thread.java:750)
2022-12-06 16:24:50,244 [Listener at 127.0.0.1/39139] INFO  server.GrpcService (GrpcService.java:closeImpl(280)) - 93471f04-f84a-446a-9dbd-94f45fb64b69: shutdown server GrpcServerProtocolService successfully
2022-12-06 16:24:50,285 [93471f04-f84a-446a-9dbd-94f45fb64b69@group-032D02CB740D-StateMachineUpdater] INFO  ratis.ContainerStateMachine (ContainerStateMachine.java:takeSnapshot(315)) - group-032D02CB740D: Finished taking a snapshot at:(t:2, i:0) file:/home/runner/work/ozone/ozone/hadoop-ozone/integration-test/target/test-dir/MiniOzoneClusterImpl-ff76fcda-2f7b-42b7-aafc-07b3f4cbd752/datanode-4/data/ratis/c5007c7d-689f-453a-a58d-032d02cb740d/sm/snapshot.2_0 took: 62 ms
2022-12-06 16:24:50,285 [93471f04-f84a-446a-9dbd-94f45fb64b69@group-46E1FAA48D23-StateMachineUpdater] INFO  ratis.ContainerStateMachine (ContainerStateMachine.java:takeSnapshot(315)) - group-46E1FAA48D23: Finished taking a snapshot at:(t:1, i:0) file:/home/runner/work/ozone/ozone/hadoop-ozone/integration-test/target/test-dir/MiniOzoneClusterImpl-ff76fcda-2f7b-42b7-aafc-07b3f4cbd752/datanode-4/data/ratis/bd206ac1-f978-4080-a1f0-46e1faa48d23/sm/snapshot.1_0 took: 62 ms
2022-12-06 16:24:50,287 [93471f04-f84a-446a-9dbd-94f45fb64b69@group-032D02CB740D-StateMachineUpdater] INFO  impl.StateMachineUpdater (StateMachineUpdater.java:takeSnapshot(287)) - 93471f04-f84a-446a-9dbd-94f45fb64b69@group-032D02CB740D-StateMachineUpdater: Took a snapshot at index 0
2022-12-06 16:24:50,287 [93471f04-f84a-446a-9dbd-94f45fb64b69@group-46E1FAA48D23-StateMachineUpdater] INFO  impl.StateMachineUpdater (StateMachineUpdater.java:takeSnapshot(287)) - 93471f04-f84a-446a-9dbd-94f45fb64b69@group-46E1FAA48D23-StateMachineUpdater: Took a snapshot at index 0
2022-12-06 16:24:50,287 [93471f04-f84a-446a-9dbd-94f45fb64b69@group-032D02CB740D-StateMachineUpdater] INFO  impl.StateMachineUpdater (StateMachineUpdater.java:lambda$new$0(92)) - 93471f04-f84a-446a-9dbd-94f45fb64b69@group-032D02CB740D-StateMachineUpdater: snapshotIndex: updateIncreasingly -1 -> 0
2022-12-06 16:24:50,287 [93471f04-f84a-446a-9dbd-94f45fb64b69@group-46E1FAA48D23-StateMachineUpdater] INFO  impl.StateMachineUpdater (StateMachineUpdater.java:lambda$new$0(92)) - 93471f04-f84a-446a-9dbd-94f45fb64b69@group-46E1FAA48D23-StateMachineUpdater: snapshotIndex: updateIncreasingly -1 -> 0
2022-12-06 16:24:50,292 [93471f04-f84a-446a-9dbd-94f45fb64b69-impl-thread2] INFO  server.RaftServer$Division (ServerState.java:close(466)) - 93471f04-f84a-446a-9dbd-94f45fb64b69@group-032D02CB740D: closes. applyIndex: 0
2022-12-06 16:24:50,292 [93471f04-f84a-446a-9dbd-94f45fb64b69-impl-thread3] INFO  server.RaftServer$Division (ServerState.java:close(466)) - 93471f04-f84a-446a-9dbd-94f45fb64b69@group-46E1FAA48D23: closes. applyIndex: 0
2022-12-06 16:24:50,292 [93471f04-f84a-446a-9dbd-94f45fb64b69@group-032D02CB740D-SegmentedRaftLogWorker] INFO  segmented.SegmentedRaftLogWorker (SegmentedRaftLogWorker.java:run(347)) - 93471f04-f84a-446a-9dbd-94f45fb64b69@group-032D02CB740D-SegmentedRaftLogWorker was interrupted, exiting. There are 0 tasks remaining in the queue.
2022-12-06 16:24:50,292 [93471f04-f84a-446a-9dbd-94f45fb64b69@group-46E1FAA48D23-SegmentedRaftLogWorker] INFO  segmented.SegmentedRaftLogWorker (SegmentedRaftLogWorker.java:run(347)) - 93471f04-f84a-446a-9dbd-94f45fb64b69@group-46E1FAA48D23-SegmentedRaftLogWorker was interrupted, exiting. There are 0 tasks remaining in the queue.
2022-12-06 16:24:50,293 [93471f04-f84a-446a-9dbd-94f45fb64b69-impl-thread3] INFO  segmented.SegmentedRaftLogWorker (SegmentedRaftLogWorker.java:close(257)) - 93471f04-f84a-446a-9dbd-94f45fb64b69@group-46E1FAA48D23-SegmentedRaftLogWorker close()
2022-12-06 16:24:50,293 [93471f04-f84a-446a-9dbd-94f45fb64b69-impl-thread2] INFO  segmented.SegmentedRaftLogWorker (SegmentedRaftLogWorker.java:close(257)) - 93471f04-f84a-446a-9dbd-94f45fb64b69@group-032D02CB740D-SegmentedRaftLogWorker close()
2022-12-06 16:24:50,295 [JvmPauseMonitor5] INFO  util.JvmPauseMonitor (JvmPauseMonitor.java:run(111)) - JvmPauseMonitor-93471f04-f84a-446a-9dbd-94f45fb64b69: Stopped
2022-12-06 16:24:50,489 [EventQueue-CommandQueueReportForCommandQueueReportHandler] WARN  events.EventQueue (EventQueue.java:fireEvent(216)) - No event handler registered for event TypedEvent{payloadType=DatanodeDetails, name='Datanode_Command_Queue_Updated'}
2022-12-06 16:24:50,555 [EventQueue-CommandQueueReportForCommandQueueReportHandler] WARN  events.EventQueue (EventQueue.java:fireEvent(216)) - No event handler registered for event TypedEvent{payloadType=DatanodeDetails, name='Datanode_Command_Queue_Updated'}
2022-12-06 16:24:50,641 [EventQueue-CommandQueueReportForCommandQueueReportHandler] WARN  events.EventQueue (EventQueue.java:fireEvent(216)) - No event handler registered for event TypedEvent{payloadType=DatanodeDetails, name='Datanode_Command_Queue_Updated'}
2022-12-06 16:24:50,645 [EventQueue-CommandQueueReportForCommandQueueReportHandler] WARN  events.EventQueue (EventQueue.java:fireEvent(216)) - No event handler registered for event TypedEvent{payloadType=DatanodeDetails, name='Datanode_Command_Queue_Updated'}
2022-12-06 16:24:50,739 [EventQueue-CommandQueueReportForCommandQueueReportHandler] WARN  events.EventQueue (EventQueue.java:fireEvent(216)) - No event handler registered for event TypedEvent{payloadType=DatanodeDetails, name='Datanode_Command_Queue_Updated'}
2022-12-06 16:24:51,032 [EventQueue-CommandQueueReportForCommandQueueReportHandler] WARN  events.EventQueue (EventQueue.java:fireEvent(216)) - No event handler registered for event TypedEvent{payloadType=DatanodeDetails, name='Datanode_Command_Queue_Updated'}
2022-12-06 16:24:51,033 [EventQueue-CommandQueueReportForCommandQueueReportHandler] WARN  events.EventQueue (EventQueue.java:fireEvent(216)) - No event handler registered for event TypedEvent{payloadType=DatanodeDetails, name='Datanode_Command_Queue_Updated'}
2022-12-06 16:24:51,034 [EventQueue-CommandQueueReportForCommandQueueReportHandler] WARN  events.EventQueue (EventQueue.java:fireEvent(216)) - No event handler registered for event TypedEvent{payloadType=DatanodeDetails, name='Datanode_Command_Queue_Updated'}
2022-12-06 16:24:51,050 [EventQueue-CommandQueueReportForCommandQueueReportHandler] WARN  events.EventQueue (EventQueue.java:fireEvent(216)) - No event handler registered for event TypedEvent{payloadType=DatanodeDetails, name='Datanode_Command_Queue_Updated'}
2022-12-06 16:24:51,489 [EventQueue-CommandQueueReportForCommandQueueReportHandler] WARN  events.EventQueue (EventQueue.java:fireEvent(216)) - No event handler registered for event TypedEvent{payloadType=DatanodeDetails, name='Datanode_Command_Queue_Updated'}
2022-12-06 16:24:51,555 [EventQueue-CommandQueueReportForCommandQueueReportHandler] WARN  events.EventQueue (EventQueue.java:fireEvent(216)) - No event handler registered for event TypedEvent{payloadType=DatanodeDetails, name='Datanode_Command_Queue_Updated'}
2022-12-06 16:24:51,641 [EventQueue-CommandQueueReportForCommandQueueReportHandler] WARN  events.EventQueue (EventQueue.java:fireEvent(216)) - No event handler registered for event TypedEvent{payloadType=DatanodeDetails, name='Datanode_Command_Queue_Updated'}
2022-12-06 16:24:51,645 [EventQueue-CommandQueueReportForCommandQueueReportHandler] WARN  events.EventQueue (EventQueue.java:fireEvent(216)) - No event handler registered for event TypedEvent{payloadType=DatanodeDetails, name='Datanode_Command_Queue_Updated'}
2022-12-06 16:24:51,740 [EventQueue-CommandQueueReportForCommandQueueReportHandler] WARN  events.EventQueue (EventQueue.java:fireEvent(216)) - No event handler registered for event TypedEvent{payloadType=DatanodeDetails, name='Datanode_Command_Queue_Updated'}
2022-12-06 16:24:51,785 [a57ee2ea-c69c-41b1-9f64-f7c5b74e8646@group-C860D8A7810C-FollowerState] INFO  impl.FollowerState (FollowerState.java:run(143)) - a57ee2ea-c69c-41b1-9f64-f7c5b74e8646@group-C860D8A7810C-FollowerState: change to CANDIDATE, lastRpcElapsedTime:5107653567ns, electionTimeout:5104ms
2022-12-06 16:24:51,785 [a57ee2ea-c69c-41b1-9f64-f7c5b74e8646@group-C860D8A7810C-FollowerState] INFO  impl.RoleInfo (RoleInfo.java:shutdownFollowerState(110)) - a57ee2ea-c69c-41b1-9f64-f7c5b74e8646: shutdown a57ee2ea-c69c-41b1-9f64-f7c5b74e8646@group-C860D8A7810C-FollowerState
2022-12-06 16:24:51,785 [a57ee2ea-c69c-41b1-9f64-f7c5b74e8646@group-C860D8A7810C-FollowerState] INFO  server.RaftServer$Division (RaftServerImpl.java:setRole(321)) - a57ee2ea-c69c-41b1-9f64-f7c5b74e8646@group-C860D8A7810C: changes role from  FOLLOWER to CANDIDATE at term 2 for changeToCandidate
2022-12-06 16:24:51,785 [a57ee2ea-c69c-41b1-9f64-f7c5b74e8646@group-C860D8A7810C-FollowerState] INFO  server.RaftServerConfigKeys (ConfUtils.java:logGet(46)) - raft.server.leaderelection.pre-vote = false (custom)
2022-12-06 16:24:51,785 [a57ee2ea-c69c-41b1-9f64-f7c5b74e8646@group-C860D8A7810C-FollowerState] INFO  impl.RoleInfo (RoleInfo.java:updateAndGet(139)) - a57ee2ea-c69c-41b1-9f64-f7c5b74e8646: start a57ee2ea-c69c-41b1-9f64-f7c5b74e8646@group-C860D8A7810C-LeaderElection26
2022-12-06 16:24:51,791 [f48f5eaa-c865-41e1-958d-4d574a609fc9@group-C860D8A7810C-FollowerState] INFO  impl.FollowerState (FollowerState.java:run(143)) - f48f5eaa-c865-41e1-958d-4d574a609fc9@group-C860D8A7810C-FollowerState: change to CANDIDATE, lastRpcElapsedTime:5109385688ns, electionTimeout:5097ms
2022-12-06 16:24:51,791 [f48f5eaa-c865-41e1-958d-4d574a609fc9@group-C860D8A7810C-FollowerState] INFO  impl.RoleInfo (RoleInfo.java:shutdownFollowerState(110)) - f48f5eaa-c865-41e1-958d-4d574a609fc9: shutdown f48f5eaa-c865-41e1-958d-4d574a609fc9@group-C860D8A7810C-FollowerState
2022-12-06 16:24:51,791 [f48f5eaa-c865-41e1-958d-4d574a609fc9@group-C860D8A7810C-FollowerState] INFO  server.RaftServer$Division (RaftServerImpl.java:setRole(321)) - f48f5eaa-c865-41e1-958d-4d574a609fc9@group-C860D8A7810C: changes role from  FOLLOWER to CANDIDATE at term 2 for changeToCandidate
2022-12-06 16:24:51,791 [f48f5eaa-c865-41e1-958d-4d574a609fc9@group-C860D8A7810C-FollowerState] INFO  server.RaftServerConfigKeys (ConfUtils.java:logGet(46)) - raft.server.leaderelection.pre-vote = false (custom)
2022-12-06 16:24:51,791 [f48f5eaa-c865-41e1-958d-4d574a609fc9@group-C860D8A7810C-FollowerState] INFO  impl.RoleInfo (RoleInfo.java:updateAndGet(139)) - f48f5eaa-c865-41e1-958d-4d574a609fc9: start f48f5eaa-c865-41e1-958d-4d574a609fc9@group-C860D8A7810C-LeaderElection27
2022-12-06 16:24:51,797 [a57ee2ea-c69c-41b1-9f64-f7c5b74e8646@group-C860D8A7810C-LeaderElection26] INFO  impl.LeaderElection (LeaderElection.java:askForVotes(312)) - a57ee2ea-c69c-41b1-9f64-f7c5b74e8646@group-C860D8A7810C-LeaderElection26 ELECTION round 0: submit vote requests at term 3 for -1: peers:[18a879af-de93-4167-9a98-f5b552aa8b4b|rpc:10.1.0.176:33349|priority:0|startupRole:FOLLOWER, f48f5eaa-c865-41e1-958d-4d574a609fc9|rpc:10.1.0.176:45201|priority:0|startupRole:FOLLOWER, a57ee2ea-c69c-41b1-9f64-f7c5b74e8646|rpc:10.1.0.176:37641|priority:1|startupRole:FOLLOWER]|listeners:[], old=null
2022-12-06 16:24:51,797 [18a879af-de93-4167-9a98-f5b552aa8b4b@group-C860D8A7810C-FollowerState] INFO  server.RaftServerConfigKeys (ConfUtils.java:logFallback(53)) - raft.server.rpc.first-election.timeout.min = 5s (fallback to raft.server.rpc.timeout.min)
2022-12-06 16:24:51,797 [f48f5eaa-c865-41e1-958d-4d574a609fc9@group-C860D8A7810C-LeaderElection27] INFO  impl.LeaderElection (LeaderElection.java:askForVotes(312)) - f48f5eaa-c865-41e1-958d-4d574a609fc9@group-C860D8A7810C-LeaderElection27 ELECTION round 0: submit vote requests at term 3 for -1: peers:[18a879af-de93-4167-9a98-f5b552aa8b4b|rpc:10.1.0.176:33349|priority:0|startupRole:FOLLOWER, f48f5eaa-c865-41e1-958d-4d574a609fc9|rpc:10.1.0.176:45201|priority:0|startupRole:FOLLOWER, a57ee2ea-c69c-41b1-9f64-f7c5b74e8646|rpc:10.1.0.176:37641|priority:1|startupRole:FOLLOWER]|listeners:[], old=null
2022-12-06 16:24:51,797 [18a879af-de93-4167-9a98-f5b552aa8b4b@group-C860D8A7810C-FollowerState] INFO  server.RaftServerConfigKeys (ConfUtils.java:logFallback(53)) - raft.server.rpc.first-election.timeout.max = 5200ms (fallback to raft.server.rpc.timeout.max)
2022-12-06 16:24:51,797 [f48f5eaa-c865-41e1-958d-4d574a609fc9@group-C860D8A7810C-LeaderElection27] INFO  server.RaftServerConfigKeys (ConfUtils.java:logFallback(53)) - raft.server.rpc.first-election.timeout.min = 5s (fallback to raft.server.rpc.timeout.min)
2022-12-06 16:24:51,798 [f48f5eaa-c865-41e1-958d-4d574a609fc9@group-C860D8A7810C-LeaderElection27] INFO  server.RaftServerConfigKeys (ConfUtils.java:logFallback(53)) - raft.server.rpc.first-election.timeout.max = 5200ms (fallback to raft.server.rpc.timeout.max)
2022-12-06 16:24:51,799 [grpc-default-executor-6] INFO  server.RaftServer$Division (RaftServerImpl.java:requestVote(1218)) - 18a879af-de93-4167-9a98-f5b552aa8b4b@group-C860D8A7810C: receive requestVote(ELECTION, a57ee2ea-c69c-41b1-9f64-f7c5b74e8646, group-C860D8A7810C, 3, (t:0, i:0))
2022-12-06 16:24:51,799 [grpc-default-executor-3] INFO  server.RaftServer$Division (RaftServerImpl.java:requestVote(1218)) - 18a879af-de93-4167-9a98-f5b552aa8b4b@group-C860D8A7810C: receive requestVote(ELECTION, f48f5eaa-c865-41e1-958d-4d574a609fc9, group-C860D8A7810C, 3, (t:0, i:0))
2022-12-06 16:24:51,800 [grpc-default-executor-6] INFO  impl.VoteContext (VoteContext.java:log(49)) - 18a879af-de93-4167-9a98-f5b552aa8b4b@group-C860D8A7810C-FOLLOWER: accept ELECTION from a57ee2ea-c69c-41b1-9f64-f7c5b74e8646: our priority 0 <= candidate's priority 1
2022-12-06 16:24:51,800 [grpc-default-executor-6] INFO  server.RaftServer$Division (RaftServerImpl.java:setRole(321)) - 18a879af-de93-4167-9a98-f5b552aa8b4b@group-C860D8A7810C: changes role from  FOLLOWER to FOLLOWER at term 3 for candidate:a57ee2ea-c69c-41b1-9f64-f7c5b74e8646
2022-12-06 16:24:51,800 [grpc-default-executor-6] INFO  impl.RoleInfo (RoleInfo.java:shutdownFollowerState(110)) - 18a879af-de93-4167-9a98-f5b552aa8b4b: shutdown 18a879af-de93-4167-9a98-f5b552aa8b4b@group-C860D8A7810C-FollowerState
2022-12-06 16:24:51,800 [a57ee2ea-c69c-41b1-9f64-f7c5b74e8646@group-C860D8A7810C-LeaderElection26] INFO  server.RaftServerConfigKeys (ConfUtils.java:logFallback(53)) - raft.server.rpc.first-election.timeout.min = 5s (fallback to raft.server.rpc.timeout.min)
2022-12-06 16:24:51,800 [a57ee2ea-c69c-41b1-9f64-f7c5b74e8646@group-C860D8A7810C-LeaderElection26] INFO  server.RaftServerConfigKeys (ConfUtils.java:logFallback(53)) - raft.server.rpc.first-election.timeout.max = 5200ms (fallback to raft.server.rpc.timeout.max)
2022-12-06 16:24:51,800 [grpc-default-executor-6] INFO  impl.RoleInfo (RoleInfo.java:updateAndGet(139)) - 18a879af-de93-4167-9a98-f5b552aa8b4b: start 18a879af-de93-4167-9a98-f5b552aa8b4b@group-C860D8A7810C-FollowerState
2022-12-06 16:24:51,800 [18a879af-de93-4167-9a98-f5b552aa8b4b@group-C860D8A7810C-FollowerState] INFO  impl.FollowerState (FollowerState.java:run(152)) - 18a879af-de93-4167-9a98-f5b552aa8b4b@group-C860D8A7810C-FollowerState was interrupted
2022-12-06 16:24:51,801 [18a879af-de93-4167-9a98-f5b552aa8b4b@group-C860D8A7810C-FollowerState] INFO  server.RaftServerConfigKeys (ConfUtils.java:logFallback(53)) - raft.server.rpc.first-election.timeout.min = 5s (fallback to raft.server.rpc.timeout.min)
2022-12-06 16:24:51,801 [18a879af-de93-4167-9a98-f5b552aa8b4b@group-C860D8A7810C-FollowerState] INFO  server.RaftServerConfigKeys (ConfUtils.java:logFallback(53)) - raft.server.rpc.first-election.timeout.max = 5200ms (fallback to raft.server.rpc.timeout.max)
2022-12-06 16:24:51,807 [grpc-default-executor-2] INFO  server.RaftServer$Division (RaftServerImpl.java:requestVote(1218)) - f48f5eaa-c865-41e1-958d-4d574a609fc9@group-C860D8A7810C: receive requestVote(ELECTION, a57ee2ea-c69c-41b1-9f64-f7c5b74e8646, group-C860D8A7810C, 3, (t:0, i:0))
2022-12-06 16:24:51,807 [grpc-default-executor-2] INFO  impl.VoteContext (VoteContext.java:log(49)) - f48f5eaa-c865-41e1-958d-4d574a609fc9@group-C860D8A7810C-CANDIDATE: reject ELECTION from a57ee2ea-c69c-41b1-9f64-f7c5b74e8646: already has voted for f48f5eaa-c865-41e1-958d-4d574a609fc9 at current term 3
2022-12-06 16:24:51,807 [grpc-default-executor-2] INFO  server.RaftServer$Division (RaftServerImpl.java:requestVote(1251)) - f48f5eaa-c865-41e1-958d-4d574a609fc9@group-C860D8A7810C replies to ELECTION vote request: a57ee2ea-c69c-41b1-9f64-f7c5b74e8646<-f48f5eaa-c865-41e1-958d-4d574a609fc9#0:FAIL-t3. Peer's state: f48f5eaa-c865-41e1-958d-4d574a609fc9@group-C860D8A7810C:t3, leader=null, voted=f48f5eaa-c865-41e1-958d-4d574a609fc9, raftlog=Memoized:f48f5eaa-c865-41e1-958d-4d574a609fc9@group-C860D8A7810C-SegmentedRaftLog:OPENED:c-1, conf=-1: peers:[18a879af-de93-4167-9a98-f5b552aa8b4b|rpc:10.1.0.176:33349|priority:0|startupRole:FOLLOWER, f48f5eaa-c865-41e1-958d-4d574a609fc9|rpc:10.1.0.176:45201|priority:0|startupRole:FOLLOWER, a57ee2ea-c69c-41b1-9f64-f7c5b74e8646|rpc:10.1.0.176:37641|priority:1|startupRole:FOLLOWER]|listeners:[], old=null
2022-12-06 16:24:51,807 [grpc-default-executor-6] INFO  server.RaftServer$Division (RaftServerImpl.java:requestVote(1251)) - 18a879af-de93-4167-9a98-f5b552aa8b4b@group-C860D8A7810C replies to ELECTION vote request: a57ee2ea-c69c-41b1-9f64-f7c5b74e8646<-18a879af-de93-4167-9a98-f5b552aa8b4b#0:OK-t3. Peer's state: 18a879af-de93-4167-9a98-f5b552aa8b4b@group-C860D8A7810C:t3, leader=null, voted=a57ee2ea-c69c-41b1-9f64-f7c5b74e8646, raftlog=Memoized:18a879af-de93-4167-9a98-f5b552aa8b4b@group-C860D8A7810C-SegmentedRaftLog:OPENED:c-1, conf=-1: peers:[18a879af-de93-4167-9a98-f5b552aa8b4b|rpc:10.1.0.176:33349|priority:0|startupRole:FOLLOWER, f48f5eaa-c865-41e1-958d-4d574a609fc9|rpc:10.1.0.176:45201|priority:0|startupRole:FOLLOWER, a57ee2ea-c69c-41b1-9f64-f7c5b74e8646|rpc:10.1.0.176:37641|priority:1|startupRole:FOLLOWER]|listeners:[], old=null
2022-12-06 16:24:51,808 [grpc-default-executor-3] INFO  impl.VoteContext (VoteContext.java:log(49)) - 18a879af-de93-4167-9a98-f5b552aa8b4b@group-C860D8A7810C-FOLLOWER: reject ELECTION from f48f5eaa-c865-41e1-958d-4d574a609fc9: already has voted for a57ee2ea-c69c-41b1-9f64-f7c5b74e8646 at current term 3
2022-12-06 16:24:51,808 [grpc-default-executor-3] INFO  server.RaftServer$Division (RaftServerImpl.java:requestVote(1251)) - 18a879af-de93-4167-9a98-f5b552aa8b4b@group-C860D8A7810C replies to ELECTION vote request: f48f5eaa-c865-41e1-958d-4d574a609fc9<-18a879af-de93-4167-9a98-f5b552aa8b4b#0:FAIL-t3. Peer's state: 18a879af-de93-4167-9a98-f5b552aa8b4b@group-C860D8A7810C:t3, leader=null, voted=a57ee2ea-c69c-41b1-9f64-f7c5b74e8646, raftlog=Memoized:18a879af-de93-4167-9a98-f5b552aa8b4b@group-C860D8A7810C-SegmentedRaftLog:OPENED:c-1, conf=-1: peers:[18a879af-de93-4167-9a98-f5b552aa8b4b|rpc:10.1.0.176:33349|priority:0|startupRole:FOLLOWER, f48f5eaa-c865-41e1-958d-4d574a609fc9|rpc:10.1.0.176:45201|priority:0|startupRole:FOLLOWER, a57ee2ea-c69c-41b1-9f64-f7c5b74e8646|rpc:10.1.0.176:37641|priority:1|startupRole:FOLLOWER]|listeners:[], old=null
2022-12-06 16:24:51,811 [a57ee2ea-c69c-41b1-9f64-f7c5b74e8646@group-C860D8A7810C-LeaderElection26] INFO  impl.LeaderElection (LeaderElection.java:logAndReturn(90)) - a57ee2ea-c69c-41b1-9f64-f7c5b74e8646@group-C860D8A7810C-LeaderElection26: ELECTION PASSED received 2 response(s) and 0 exception(s):
2022-12-06 16:24:51,811 [a57ee2ea-c69c-41b1-9f64-f7c5b74e8646@group-C860D8A7810C-LeaderElection26] INFO  impl.LeaderElection (LeaderElection.java:logAndReturn(94)) -   Response 0: a57ee2ea-c69c-41b1-9f64-f7c5b74e8646<-18a879af-de93-4167-9a98-f5b552aa8b4b#0:OK-t3
2022-12-06 16:24:51,811 [a57ee2ea-c69c-41b1-9f64-f7c5b74e8646@group-C860D8A7810C-LeaderElection26] INFO  impl.LeaderElection (LeaderElection.java:logAndReturn(94)) -   Response 1: a57ee2ea-c69c-41b1-9f64-f7c5b74e8646<-f48f5eaa-c865-41e1-958d-4d574a609fc9#0:FAIL-t3
2022-12-06 16:24:51,811 [a57ee2ea-c69c-41b1-9f64-f7c5b74e8646@group-C860D8A7810C-LeaderElection26] INFO  impl.LeaderElection (LeaderElection.java:askForVotes(314)) - a57ee2ea-c69c-41b1-9f64-f7c5b74e8646@group-C860D8A7810C-LeaderElection26 ELECTION round 0: result PASSED
2022-12-06 16:24:51,811 [a57ee2ea-c69c-41b1-9f64-f7c5b74e8646@group-C860D8A7810C-LeaderElection26] INFO  impl.RoleInfo (RoleInfo.java:shutdownLeaderElection(130)) - a57ee2ea-c69c-41b1-9f64-f7c5b74e8646: shutdown a57ee2ea-c69c-41b1-9f64-f7c5b74e8646@group-C860D8A7810C-LeaderElection26
2022-12-06 16:24:51,812 [a57ee2ea-c69c-41b1-9f64-f7c5b74e8646@group-C860D8A7810C-LeaderElection26] INFO  server.RaftServer$Division (RaftServerImpl.java:setRole(321)) - a57ee2ea-c69c-41b1-9f64-f7c5b74e8646@group-C860D8A7810C: changes role from CANDIDATE to LEADER at term 3 for changeToLeader
2022-12-06 16:24:51,812 [a57ee2ea-c69c-41b1-9f64-f7c5b74e8646@group-C860D8A7810C-LeaderElection26] INFO  ratis.XceiverServerRatis (XceiverServerRatis.java:handleLeaderChangedNotification(863)) - Leader change notification received for group: group-C860D8A7810C with new leaderId: a57ee2ea-c69c-41b1-9f64-f7c5b74e8646
2022-12-06 16:24:51,812 [a57ee2ea-c69c-41b1-9f64-f7c5b74e8646@group-C860D8A7810C-LeaderElection26] INFO  server.RaftServer$Division (ServerState.java:setLeader(313)) - a57ee2ea-c69c-41b1-9f64-f7c5b74e8646@group-C860D8A7810C: change Leader from null to a57ee2ea-c69c-41b1-9f64-f7c5b74e8646 at term 3 for becomeLeader, leader elected after 14387ms
2022-12-06 16:24:51,812 [a57ee2ea-c69c-41b1-9f64-f7c5b74e8646@group-C860D8A7810C-LeaderElection26] INFO  server.RaftServerConfigKeys (ConfUtils.java:logGet(46)) - raft.server.staging.catchup.gap = 1000 (default)
2022-12-06 16:24:51,812 [a57ee2ea-c69c-41b1-9f64-f7c5b74e8646@group-C860D8A7810C-LeaderElection26] INFO  server.RaftServerConfigKeys (ConfUtils.java:logGet(46)) - raft.server.write.element-limit = 1024 (custom)
2022-12-06 16:24:51,812 [a57ee2ea-c69c-41b1-9f64-f7c5b74e8646@group-C860D8A7810C-LeaderElection26] INFO  server.RaftServerConfigKeys (ConfUtils.java:logGet(46)) - raft.server.write.byte-limit = 1024 M (=1073741824) (custom)
2022-12-06 16:24:51,812 [a57ee2ea-c69c-41b1-9f64-f7c5b74e8646@group-C860D8A7810C-LeaderElection26] INFO  server.RaftServerConfigKeys (ConfUtils.java:logGet(46)) - raft.server.watch.timeout = 180s (custom)
2022-12-06 16:24:51,813 [a57ee2ea-c69c-41b1-9f64-f7c5b74e8646@group-C860D8A7810C-LeaderElection26] INFO  server.RaftServerConfigKeys (ConfUtils.java:logGet(46)) - raft.server.watch.timeout.denomination = 1s (default)
2022-12-06 16:24:51,813 [a57ee2ea-c69c-41b1-9f64-f7c5b74e8646@group-C860D8A7810C-LeaderElection26] INFO  server.RaftServerConfigKeys (ConfUtils.java:logGet(46)) - raft.server.watch.element-limit = 65536 (default)
2022-12-06 16:24:51,813 [a57ee2ea-c69c-41b1-9f64-f7c5b74e8646@group-C860D8A7810C-LeaderElection26] INFO  server.RaftServerConfigKeys (ConfUtils.java:logGet(46)) - raft.server.write.element-limit = 1024 (custom)
2022-12-06 16:24:51,813 [a57ee2ea-c69c-41b1-9f64-f7c5b74e8646@group-C860D8A7810C-LeaderElection26] INFO  server.RaftServerConfigKeys (ConfUtils.java:logGet(46)) - raft.server.write.follower.gap.ratio.max = -1.0 (default)
2022-12-06 16:24:51,813 [a57ee2ea-c69c-41b1-9f64-f7c5b74e8646@group-C860D8A7810C-LeaderElection26] INFO  server.RaftServerConfigKeys (ConfUtils.java:logGet(46)) - raft.server.log.appender.snapshot.chunk.size.max = 16MB (=16777216) (default)
2022-12-06 16:24:51,813 [a57ee2ea-c69c-41b1-9f64-f7c5b74e8646@group-C860D8A7810C-LeaderElection26] INFO  server.RaftServerConfigKeys (ConfUtils.java:logGet(46)) - raft.server.log.appender.buffer.byte-limit = 33554432 (custom)
2022-12-06 16:24:51,813 [a57ee2ea-c69c-41b1-9f64-f7c5b74e8646@group-C860D8A7810C-LeaderElection26] INFO  server.RaftServerConfigKeys (ConfUtils.java:logGet(46)) - raft.server.log.appender.buffer.element-limit = 1 (custom)
2022-12-06 16:24:51,814 [a57ee2ea-c69c-41b1-9f64-f7c5b74e8646@group-C860D8A7810C-LeaderElection26] INFO  grpc.GrpcConfigKeys (ConfUtils.java:logGet(46)) - raft.grpc.server.leader.outstanding.appends.max = 128 (default)
2022-12-06 16:24:51,814 [EventQueue-PipelineReportForPipelineReportHandler] INFO  pipeline.PipelineManagerImpl (PipelineManagerImpl.java:openPipeline(367)) - Pipeline Pipeline[ Id: 9267bd50-ce6f-4122-aab6-c860d8a7810c, Nodes: 18a879af-de93-4167-9a98-f5b552aa8b4b{ip: 10.1.0.176, host: fv-az451-158.ehxzt5fk3o4e1ahk02omj2f41g.dx.internal.cloudapp.net, ports: [REPLICATION=33057, RATIS=33349, RATIS_ADMIN=33349, RATIS_SERVER=33349, STANDALONE=34989], networkLocation: /default-rack, certSerialId: null, persistedOpState: IN_SERVICE, persistedOpStateExpiryEpochSec: 0}f48f5eaa-c865-41e1-958d-4d574a609fc9{ip: 10.1.0.176, host: fv-az451-158.ehxzt5fk3o4e1ahk02omj2f41g.dx.internal.cloudapp.net, ports: [REPLICATION=37599, RATIS=45201, RATIS_ADMIN=45201, RATIS_SERVER=45201, STANDALONE=39113], networkLocation: /default-rack, certSerialId: null, persistedOpState: IN_SERVICE, persistedOpStateExpiryEpochSec: 0}a57ee2ea-c69c-41b1-9f64-f7c5b74e8646{ip: 10.1.0.176, host: fv-az451-158.ehxzt5fk3o4e1ahk02omj2f41g.dx.internal.cloudapp.net, ports: [REPLICATION=45367, RATIS=37641, RATIS_ADMIN=37641, RATIS_SERVER=37641, STANDALONE=43533], networkLocation: /default-rack, certSerialId: null, persistedOpState: IN_SERVICE, persistedOpStateExpiryEpochSec: 0}, ReplicationConfig: RATIS/THREE, State:ALLOCATED, leaderId:a57ee2ea-c69c-41b1-9f64-f7c5b74e8646, CreationTimestamp2022-12-06T16:24:34.372Z[Etc/UTC]] moved to OPEN state
2022-12-06 16:24:51,813 [EventQueue-CommandQueueReportForCommandQueueReportHandler] WARN  events.EventQueue (EventQueue.java:fireEvent(216)) - No event handler registered for event TypedEvent{payloadType=DatanodeDetails, name='Datanode_Command_Queue_Updated'}
2022-12-06 16:24:51,814 [a57ee2ea-c69c-41b1-9f64-f7c5b74e8646@group-C860D8A7810C-LeaderElection26] INFO  server.RaftServerConfigKeys (ConfUtils.java:logGet(46)) - raft.server.rpc.request.timeout = 60s (custom)
2022-12-06 16:24:51,815 [a57ee2ea-c69c-41b1-9f64-f7c5b74e8646@group-C860D8A7810C-LeaderElection26] INFO  server.RaftServerConfigKeys (ConfUtils.java:logGet(46)) - raft.server.log.appender.install.snapshot.enabled = false (custom)
2022-12-06 16:24:51,815 [a57ee2ea-c69c-41b1-9f64-f7c5b74e8646@group-C860D8A7810C-LeaderElection26] INFO  grpc.GrpcConfigKeys (ConfUtils.java:logGet(46)) - raft.grpc.server.heartbeat.channel = true (default)
2022-12-06 16:24:51,815 [a57ee2ea-c69c-41b1-9f64-f7c5b74e8646@group-C860D8A7810C-LeaderElection26] INFO  server.RaftServerConfigKeys (ConfUtils.java:logGet(46)) - raft.server.log.appender.wait-time.min = 10ms (default)
2022-12-06 16:24:51,816 [a57ee2ea-c69c-41b1-9f64-f7c5b74e8646@group-C860D8A7810C-LeaderElection26] INFO  server.RaftServerConfigKeys (ConfUtils.java:logGet(46)) - raft.server.log.appender.snapshot.chunk.size.max = 16MB (=16777216) (default)
2022-12-06 16:24:51,816 [a57ee2ea-c69c-41b1-9f64-f7c5b74e8646@group-C860D8A7810C-LeaderElection26] INFO  server.RaftServerConfigKeys (ConfUtils.java:logGet(46)) - raft.server.log.appender.buffer.byte-limit = 33554432 (custom)
2022-12-06 16:24:51,818 [a57ee2ea-c69c-41b1-9f64-f7c5b74e8646@group-C860D8A7810C-LeaderElection26] INFO  server.RaftServerConfigKeys (ConfUtils.java:logGet(46)) - raft.server.log.appender.buffer.element-limit = 1 (custom)
2022-12-06 16:24:51,818 [a57ee2ea-c69c-41b1-9f64-f7c5b74e8646@group-C860D8A7810C-LeaderElection26] INFO  grpc.GrpcConfigKeys (ConfUtils.java:logGet(46)) - raft.grpc.server.leader.outstanding.appends.max = 128 (default)
2022-12-06 16:24:51,818 [a57ee2ea-c69c-41b1-9f64-f7c5b74e8646@group-C860D8A7810C-LeaderElection26] INFO  server.RaftServerConfigKeys (ConfUtils.java:logGet(46)) - raft.server.rpc.request.timeout = 60s (custom)
2022-12-06 16:24:51,818 [a57ee2ea-c69c-41b1-9f64-f7c5b74e8646@group-C860D8A7810C-LeaderElection26] INFO  server.RaftServerConfigKeys (ConfUtils.java:logGet(46)) - raft.server.log.appender.install.snapshot.enabled = false (custom)
2022-12-06 16:24:51,818 [a57ee2ea-c69c-41b1-9f64-f7c5b74e8646@group-C860D8A7810C-LeaderElection26] INFO  grpc.GrpcConfigKeys (ConfUtils.java:logGet(46)) - raft.grpc.server.heartbeat.channel = true (default)
2022-12-06 16:24:51,818 [a57ee2ea-c69c-41b1-9f64-f7c5b74e8646@group-C860D8A7810C-LeaderElection26] INFO  server.RaftServerConfigKeys (ConfUtils.java:logGet(46)) - raft.server.log.appender.wait-time.min = 10ms (default)
2022-12-06 16:24:51,818 [a57ee2ea-c69c-41b1-9f64-f7c5b74e8646@group-C860D8A7810C-LeaderElection26] INFO  impl.RoleInfo (RoleInfo.java:updateAndGet(139)) - a57ee2ea-c69c-41b1-9f64-f7c5b74e8646: start a57ee2ea-c69c-41b1-9f64-f7c5b74e8646@group-C860D8A7810C-LeaderStateImpl
2022-12-06 16:24:51,819 [a57ee2ea-c69c-41b1-9f64-f7c5b74e8646@group-C860D8A7810C-LeaderElection26] INFO  segmented.SegmentedRaftLogWorker (SegmentedRaftLogWorker.java:startLogSegment(452)) - a57ee2ea-c69c-41b1-9f64-f7c5b74e8646@group-C860D8A7810C-SegmentedRaftLogWorker: Starting segment from index:0
2022-12-06 16:24:51,820 [grpc-default-executor-3] INFO  server.RaftServer$Division (RaftServerImpl.java:requestVote(1218)) - a57ee2ea-c69c-41b1-9f64-f7c5b74e8646@group-C860D8A7810C: receive requestVote(ELECTION, f48f5eaa-c865-41e1-958d-4d574a609fc9, group-C860D8A7810C, 3, (t:0, i:0))
2022-12-06 16:24:51,821 [a57ee2ea-c69c-41b1-9f64-f7c5b74e8646@group-C860D8A7810C-SegmentedRaftLogWorker] INFO  segmented.SegmentedRaftLogWorker (SegmentedRaftLogWorker.java:execute(656)) - a57ee2ea-c69c-41b1-9f64-f7c5b74e8646@group-C860D8A7810C-SegmentedRaftLogWorker: created new log segment /home/runner/work/ozone/ozone/hadoop-ozone/integration-test/target/test-dir/MiniOzoneClusterImpl-ff76fcda-2f7b-42b7-aafc-07b3f4cbd752/datanode-2/data/ratis/9267bd50-ce6f-4122-aab6-c860d8a7810c/current/log_inprogress_0
2022-12-06 16:24:51,824 [a57ee2ea-c69c-41b1-9f64-f7c5b74e8646@group-C860D8A7810C-LeaderElection26] INFO  server.RaftServer$Division (ServerState.java:setRaftConf(430)) - a57ee2ea-c69c-41b1-9f64-f7c5b74e8646@group-C860D8A7810C: set configuration 0: peers:[18a879af-de93-4167-9a98-f5b552aa8b4b|rpc:10.1.0.176:33349|dataStream:|priority:0|startupRole:FOLLOWER, f48f5eaa-c865-41e1-958d-4d574a609fc9|rpc:10.1.0.176:45201|dataStream:|priority:0|startupRole:FOLLOWER, a57ee2ea-c69c-41b1-9f64-f7c5b74e8646|rpc:10.1.0.176:37641|dataStream:|priority:1|startupRole:FOLLOWER]|listeners:[], old=null
2022-12-06 16:24:51,825 [grpc-default-executor-3] INFO  impl.VoteContext (VoteContext.java:log(49)) - a57ee2ea-c69c-41b1-9f64-f7c5b74e8646@group-C860D8A7810C-LEADER: reject ELECTION from f48f5eaa-c865-41e1-958d-4d574a609fc9: already has voted for a57ee2ea-c69c-41b1-9f64-f7c5b74e8646 at current term 3
2022-12-06 16:24:51,825 [grpc-default-executor-3] INFO  server.RaftServer$Division (RaftServerImpl.java:requestVote(1251)) - a57ee2ea-c69c-41b1-9f64-f7c5b74e8646@group-C860D8A7810C replies to ELECTION vote request: f48f5eaa-c865-41e1-958d-4d574a609fc9<-a57ee2ea-c69c-41b1-9f64-f7c5b74e8646#0:FAIL-t3. Peer's state: a57ee2ea-c69c-41b1-9f64-f7c5b74e8646@group-C860D8A7810C:t3, leader=a57ee2ea-c69c-41b1-9f64-f7c5b74e8646, voted=a57ee2ea-c69c-41b1-9f64-f7c5b74e8646, raftlog=Memoized:a57ee2ea-c69c-41b1-9f64-f7c5b74e8646@group-C860D8A7810C-SegmentedRaftLog:OPENED:c-1, conf=0: peers:[18a879af-de93-4167-9a98-f5b552aa8b4b|rpc:10.1.0.176:33349|dataStream:|priority:0|startupRole:FOLLOWER, f48f5eaa-c865-41e1-958d-4d574a609fc9|rpc:10.1.0.176:45201|dataStream:|priority:0|startupRole:FOLLOWER, a57ee2ea-c69c-41b1-9f64-f7c5b74e8646|rpc:10.1.0.176:37641|dataStream:|priority:1|startupRole:FOLLOWER]|listeners:[], old=null
2022-12-06 16:24:51,827 [f48f5eaa-c865-41e1-958d-4d574a609fc9@group-C860D8A7810C-LeaderElection27] INFO  impl.LeaderElection (LeaderElection.java:logAndReturn(90)) - f48f5eaa-c865-41e1-958d-4d574a609fc9@group-C860D8A7810C-LeaderElection27: ELECTION REJECTED received 2 response(s) and 0 exception(s):
2022-12-06 16:24:51,827 [f48f5eaa-c865-41e1-958d-4d574a609fc9@group-C860D8A7810C-LeaderElection27] INFO  impl.LeaderElection (LeaderElection.java:logAndReturn(94)) -   Response 0: f48f5eaa-c865-41e1-958d-4d574a609fc9<-18a879af-de93-4167-9a98-f5b552aa8b4b#0:FAIL-t3
2022-12-06 16:24:51,827 [f48f5eaa-c865-41e1-958d-4d574a609fc9@group-C860D8A7810C-LeaderElection27] INFO  impl.LeaderElection (LeaderElection.java:logAndReturn(94)) -   Response 1: f48f5eaa-c865-41e1-958d-4d574a609fc9<-a57ee2ea-c69c-41b1-9f64-f7c5b74e8646#0:FAIL-t3
2022-12-06 16:24:51,827 [f48f5eaa-c865-41e1-958d-4d574a609fc9@group-C860D8A7810C-LeaderElection27] INFO  impl.LeaderElection (LeaderElection.java:askForVotes(314)) - f48f5eaa-c865-41e1-958d-4d574a609fc9@group-C860D8A7810C-LeaderElection27 ELECTION round 0: result REJECTED
2022-12-06 16:24:51,827 [f48f5eaa-c865-41e1-958d-4d574a609fc9@group-C860D8A7810C-LeaderElection27] INFO  server.RaftServer$Division (RaftServerImpl.java:setRole(321)) - f48f5eaa-c865-41e1-958d-4d574a609fc9@group-C860D8A7810C: changes role from CANDIDATE to FOLLOWER at term 3 for REJECTED
2022-12-06 16:24:51,827 [f48f5eaa-c865-41e1-958d-4d574a609fc9@group-C860D8A7810C-LeaderElection27] INFO  impl.RoleInfo (RoleInfo.java:shutdownLeaderElection(130)) - f48f5eaa-c865-41e1-958d-4d574a609fc9: shutdown f48f5eaa-c865-41e1-958d-4d574a609fc9@group-C860D8A7810C-LeaderElection27
2022-12-06 16:24:51,827 [f48f5eaa-c865-41e1-958d-4d574a609fc9@group-C860D8A7810C-LeaderElection27] INFO  impl.RoleInfo (RoleInfo.java:updateAndGet(139)) - f48f5eaa-c865-41e1-958d-4d574a609fc9: start f48f5eaa-c865-41e1-958d-4d574a609fc9@group-C860D8A7810C-FollowerState
2022-12-06 16:24:51,828 [f48f5eaa-c865-41e1-958d-4d574a609fc9@group-C860D8A7810C-FollowerState] INFO  server.RaftServerConfigKeys (ConfUtils.java:logFallback(53)) - raft.server.rpc.first-election.timeout.min = 5s (fallback to raft.server.rpc.timeout.min)
2022-12-06 16:24:51,828 [f48f5eaa-c865-41e1-958d-4d574a609fc9@group-C860D8A7810C-FollowerState] INFO  server.RaftServerConfigKeys (ConfUtils.java:logFallback(53)) - raft.server.rpc.first-election.timeout.max = 5200ms (fallback to raft.server.rpc.timeout.max)
2022-12-06 16:24:51,831 [f48f5eaa-c865-41e1-958d-4d574a609fc9-server-thread1] INFO  ratis.XceiverServerRatis (XceiverServerRatis.java:handleLeaderChangedNotification(863)) - Leader change notification received for group: group-C860D8A7810C with new leaderId: a57ee2ea-c69c-41b1-9f64-f7c5b74e8646
2022-12-06 16:24:51,831 [f48f5eaa-c865-41e1-958d-4d574a609fc9-server-thread1] INFO  server.RaftServer$Division (ServerState.java:setLeader(313)) - f48f5eaa-c865-41e1-958d-4d574a609fc9@group-C860D8A7810C: change Leader from null to a57ee2ea-c69c-41b1-9f64-f7c5b74e8646 at term 3 for appendEntries, leader elected after 14838ms
2022-12-06 16:24:51,832 [f48f5eaa-c865-41e1-958d-4d574a609fc9-server-thread1] INFO  server.RaftServer$Division (ServerState.java:setRaftConf(430)) - f48f5eaa-c865-41e1-958d-4d574a609fc9@group-C860D8A7810C: set configuration 0: peers:[18a879af-de93-4167-9a98-f5b552aa8b4b|rpc:10.1.0.176:33349|dataStream:|priority:0|startupRole:FOLLOWER, f48f5eaa-c865-41e1-958d-4d574a609fc9|rpc:10.1.0.176:45201|dataStream:|priority:0|startupRole:FOLLOWER, a57ee2ea-c69c-41b1-9f64-f7c5b74e8646|rpc:10.1.0.176:37641|dataStream:|priority:1|startupRole:FOLLOWER]|listeners:[], old=null
2022-12-06 16:24:51,832 [f48f5eaa-c865-41e1-958d-4d574a609fc9-server-thread1] INFO  segmented.SegmentedRaftLogWorker (SegmentedRaftLogWorker.java:startLogSegment(452)) - f48f5eaa-c865-41e1-958d-4d574a609fc9@group-C860D8A7810C-SegmentedRaftLogWorker: Starting segment from index:0
2022-12-06 16:24:51,833 [f48f5eaa-c865-41e1-958d-4d574a609fc9@group-C860D8A7810C-SegmentedRaftLogWorker] INFO  segmented.SegmentedRaftLogWorker (SegmentedRaftLogWorker.java:execute(656)) - f48f5eaa-c865-41e1-958d-4d574a609fc9@group-C860D8A7810C-SegmentedRaftLogWorker: created new log segment /home/runner/work/ozone/ozone/hadoop-ozone/integration-test/target/test-dir/MiniOzoneClusterImpl-ff76fcda-2f7b-42b7-aafc-07b3f4cbd752/datanode-1/data/ratis/9267bd50-ce6f-4122-aab6-c860d8a7810c/current/log_inprogress_0
2022-12-06 16:24:51,839 [18a879af-de93-4167-9a98-f5b552aa8b4b-server-thread1] INFO  ratis.XceiverServerRatis (XceiverServerRatis.java:handleLeaderChangedNotification(863)) - Leader change notification received for group: group-C860D8A7810C with new leaderId: a57ee2ea-c69c-41b1-9f64-f7c5b74e8646
2022-12-06 16:24:51,839 [18a879af-de93-4167-9a98-f5b552aa8b4b-server-thread1] INFO  server.RaftServer$Division (ServerState.java:setLeader(313)) - 18a879af-de93-4167-9a98-f5b552aa8b4b@group-C860D8A7810C: change Leader from null to a57ee2ea-c69c-41b1-9f64-f7c5b74e8646 at term 3 for appendEntries, leader elected after 15365ms
2022-12-06 16:24:51,842 [18a879af-de93-4167-9a98-f5b552aa8b4b-server-thread3] INFO  server.RaftServer$Division (ServerState.java:setRaftConf(430)) - 18a879af-de93-4167-9a98-f5b552aa8b4b@group-C860D8A7810C: set configuration 0: peers:[18a879af-de93-4167-9a98-f5b552aa8b4b|rpc:10.1.0.176:33349|dataStream:|priority:0|startupRole:FOLLOWER, f48f5eaa-c865-41e1-958d-4d574a609fc9|rpc:10.1.0.176:45201|dataStream:|priority:0|startupRole:FOLLOWER, a57ee2ea-c69c-41b1-9f64-f7c5b74e8646|rpc:10.1.0.176:37641|dataStream:|priority:1|startupRole:FOLLOWER]|listeners:[], old=null
2022-12-06 16:24:51,842 [18a879af-de93-4167-9a98-f5b552aa8b4b-server-thread3] INFO  segmented.SegmentedRaftLogWorker (SegmentedRaftLogWorker.java:startLogSegment(452)) - 18a879af-de93-4167-9a98-f5b552aa8b4b@group-C860D8A7810C-SegmentedRaftLogWorker: Starting segment from index:0
2022-12-06 16:24:51,843 [18a879af-de93-4167-9a98-f5b552aa8b4b@group-C860D8A7810C-SegmentedRaftLogWorker] INFO  segmented.SegmentedRaftLogWorker (SegmentedRaftLogWorker.java:execute(656)) - 18a879af-de93-4167-9a98-f5b552aa8b4b@group-C860D8A7810C-SegmentedRaftLogWorker: created new log segment /home/runner/work/ozone/ozone/hadoop-ozone/integration-test/target/test-dir/MiniOzoneClusterImpl-ff76fcda-2f7b-42b7-aafc-07b3f4cbd752/datanode-0/data/ratis/9267bd50-ce6f-4122-aab6-c860d8a7810c/current/log_inprogress_0
2022-12-06 16:24:52,031 [EventQueue-CommandQueueReportForCommandQueueReportHandler] WARN  events.EventQueue (EventQueue.java:fireEvent(216)) - No event handler registered for event TypedEvent{payloadType=DatanodeDetails, name='Datanode_Command_Queue_Updated'}
2022-12-06 16:24:52,033 [EventQueue-CommandQueueReportForCommandQueueReportHandler] WARN  events.EventQueue (EventQueue.java:fireEvent(216)) - No event handler registered for event TypedEvent{payloadType=DatanodeDetails, name='Datanode_Command_Queue_Updated'}
2022-12-06 16:24:52,033 [EventQueue-CommandQueueReportForCommandQueueReportHandler] WARN  events.EventQueue (EventQueue.java:fireEvent(216)) - No event handler registered for event TypedEvent{payloadType=DatanodeDetails, name='Datanode_Command_Queue_Updated'}
2022-12-06 16:24:52,050 [EventQueue-CommandQueueReportForCommandQueueReportHandler] WARN  events.EventQueue (EventQueue.java:fireEvent(216)) - No event handler registered for event TypedEvent{payloadType=DatanodeDetails, name='Datanode_Command_Queue_Updated'}
2022-12-06 16:24:52,339 [Listener at 127.0.0.1/39139] INFO  volume.HddsVolume (HddsVolume.java:closeDbStore(338)) - SchemaV3 db is stopped at /home/runner/work/ozone/ozone/hadoop-ozone/integration-test/target/test-dir/MiniOzoneClusterImpl-ff76fcda-2f7b-42b7-aafc-07b3f4cbd752/datanode-4/data-0/containers/hdds/ff76fcda-2f7b-42b7-aafc-07b3f4cbd752/DS-d01caa60-a915-452c-b1c6-c21866aaa926/container.db for volume DS-d01caa60-a915-452c-b1c6-c21866aaa926
2022-12-06 16:24:52,339 [Listener at 127.0.0.1/39139] INFO  utils.BackgroundService (BackgroundService.java:shutdown(141)) - Shutting down service BlockDeletingService
2022-12-06 16:24:52,340 [Listener at 127.0.0.1/39139] INFO  utils.BackgroundService (BackgroundService.java:shutdown(141)) - Shutting down service StaleRecoveringContainerScrubbingService
2022-12-06 16:24:52,346 [Listener at 127.0.0.1/39139] INFO  statemachine.DatanodeStateMachine (DatanodeStateMachine.java:stopDaemon(593)) - Ozone container server stopped.
2022-12-06 16:24:52,357 [Listener at 127.0.0.1/39139] INFO  handler.ContextHandler (ContextHandler.java:doStop(1159)) - Stopped o.e.j.w.WebAppContext@13b84cf9{hddsDatanode,/,null,STOPPED}{jar:file:/home/runner/.m2/repository/org/apache/ozone/hdds-container-service/1.3.0-SNAPSHOT/hdds-container-service-1.3.0-SNAPSHOT.jar!/webapps/hddsDatanode}
2022-12-06 16:24:52,365 [Listener at 127.0.0.1/39139] INFO  server.AbstractConnector (AbstractConnector.java:doStop(383)) - Stopped ServerConnector@5931a306{HTTP/1.1, (http/1.1)}{0.0.0.0:0}
2022-12-06 16:24:52,365 [Listener at 127.0.0.1/39139] INFO  server.session (HouseKeeper.java:stopScavenging(149)) - node0 Stopped scavenging
2022-12-06 16:24:52,365 [Listener at 127.0.0.1/39139] INFO  handler.ContextHandler (ContextHandler.java:doStop(1159)) - Stopped o.e.j.s.ServletContextHandler@757ba3dc{static,/static,jar:file:/home/runner/.m2/repository/org/apache/ozone/hdds-container-service/1.3.0-SNAPSHOT/hdds-container-service-1.3.0-SNAPSHOT.jar!/webapps/static,STOPPED}
2022-12-06 16:24:52,366 [Listener at 127.0.0.1/39139] INFO  handler.ContextHandler (ContextHandler.java:doStop(1159)) - Stopped o.e.j.s.ServletContextHandler@45761ad8{logs,/logs,file:///home/runner/work/ozone/ozone/hadoop-ozone/integration-test/target/log,STOPPED}
2022-12-06 16:24:52,555 [EventQueue-CommandQueueReportForCommandQueueReportHandler] WARN  events.EventQueue (EventQueue.java:fireEvent(216)) - No event handler registered for event TypedEvent{payloadType=DatanodeDetails, name='Datanode_Command_Queue_Updated'}
2022-12-06 16:24:52,642 [EventQueue-CommandQueueReportForCommandQueueReportHandler] WARN  events.EventQueue (EventQueue.java:fireEvent(216)) - No event handler registered for event TypedEvent{payloadType=DatanodeDetails, name='Datanode_Command_Queue_Updated'}
2022-12-06 16:24:52,645 [EventQueue-CommandQueueReportForCommandQueueReportHandler] WARN  events.EventQueue (EventQueue.java:fireEvent(216)) - No event handler registered for event TypedEvent{payloadType=DatanodeDetails, name='Datanode_Command_Queue_Updated'}
2022-12-06 16:24:52,741 [EventQueue-CommandQueueReportForCommandQueueReportHandler] WARN  events.EventQueue (EventQueue.java:fireEvent(216)) - No event handler registered for event TypedEvent{payloadType=DatanodeDetails, name='Datanode_Command_Queue_Updated'}
2022-12-06 16:24:52,813 [EventQueue-CommandQueueReportForCommandQueueReportHandler] WARN  events.EventQueue (EventQueue.java:fireEvent(216)) - No event handler registered for event TypedEvent{payloadType=DatanodeDetails, name='Datanode_Command_Queue_Updated'}
2022-12-06 16:24:53,031 [EventQueue-CommandQueueReportForCommandQueueReportHandler] WARN  events.EventQueue (EventQueue.java:fireEvent(216)) - No event handler registered for event TypedEvent{payloadType=DatanodeDetails, name='Datanode_Command_Queue_Updated'}
2022-12-06 16:24:53,032 [EventQueue-CommandQueueReportForCommandQueueReportHandler] WARN  events.EventQueue (EventQueue.java:fireEvent(216)) - No event handler registered for event TypedEvent{payloadType=DatanodeDetails, name='Datanode_Command_Queue_Updated'}
2022-12-06 16:24:53,033 [EventQueue-CommandQueueReportForCommandQueueReportHandler] WARN  events.EventQueue (EventQueue.java:fireEvent(216)) - No event handler registered for event TypedEvent{payloadType=DatanodeDetails, name='Datanode_Command_Queue_Updated'}
2022-12-06 16:24:53,050 [EventQueue-CommandQueueReportForCommandQueueReportHandler] WARN  events.EventQueue (EventQueue.java:fireEvent(216)) - No event handler registered for event TypedEvent{payloadType=DatanodeDetails, name='Datanode_Command_Queue_Updated'}
2022-12-06 16:24:53,059 [EventQueue-StaleNodeForStaleNodeHandler] INFO  node.StaleNodeHandler (StaleNodeHandler.java:onMessage(59)) - Datanode 93471f04-f84a-446a-9dbd-94f45fb64b69{ip: 10.1.0.176, host: fv-az451-158.ehxzt5fk3o4e1ahk02omj2f41g.dx.internal.cloudapp.net, ports: [REPLICATION=40949, RATIS=39615, RATIS_ADMIN=39615, RATIS_SERVER=39615, STANDALONE=46429], networkLocation: /default-rack, certSerialId: null, persistedOpState: IN_SERVICE, persistedOpStateExpiryEpochSec: 0} moved to stale state. Finalizing its pipelines [PipelineID=47c8ed29-a24a-4c2c-bc83-23a236cf6c1c, PipelineID=c5007c7d-689f-453a-a58d-032d02cb740d, PipelineID=f53f5cdc-0cc0-4b93-99bc-1b3dc003694c, PipelineID=bd206ac1-f978-4080-a1f0-46e1faa48d23]
2022-12-06 16:24:53,060 [EventQueue-StaleNodeForStaleNodeHandler] INFO  pipeline.PipelineManagerImpl (PipelineManagerImpl.java:closePipeline(442)) - Pipeline Pipeline[ Id: 47c8ed29-a24a-4c2c-bc83-23a236cf6c1c, Nodes: 592803f5-ace9-49ac-a54f-354c0e5baf2c{ip: 10.1.0.176, host: fv-az451-158.ehxzt5fk3o4e1ahk02omj2f41g.dx.internal.cloudapp.net, ports: [REPLICATION=35645, RATIS=36049, RATIS_ADMIN=36049, RATIS_SERVER=36049, STANDALONE=43037], networkLocation: /default-rack, certSerialId: null, persistedOpState: IN_SERVICE, persistedOpStateExpiryEpochSec: 0}fd07e5d7-2dd9-455a-a9b9-9dae4f4be123{ip: 10.1.0.176, host: fv-az451-158.ehxzt5fk3o4e1ahk02omj2f41g.dx.internal.cloudapp.net, ports: [REPLICATION=43535, RATIS=45045, RATIS_ADMIN=45045, RATIS_SERVER=45045, STANDALONE=40309], networkLocation: /default-rack, certSerialId: null, persistedOpState: IN_SERVICE, persistedOpStateExpiryEpochSec: 0}93471f04-f84a-446a-9dbd-94f45fb64b69{ip: 10.1.0.176, host: fv-az451-158.ehxzt5fk3o4e1ahk02omj2f41g.dx.internal.cloudapp.net, ports: [REPLICATION=40949, RATIS=39615, RATIS_ADMIN=39615, RATIS_SERVER=39615, STANDALONE=46429], networkLocation: /default-rack, certSerialId: null, persistedOpState: IN_SERVICE, persistedOpStateExpiryEpochSec: 0}, ReplicationConfig: RATIS/THREE, State:ALLOCATED, leaderId:, CreationTimestamp2022-12-06T16:24:35.528Z[Etc/UTC]] moved to CLOSED state
2022-12-06 16:24:53,061 [EventQueue-StaleNodeForStaleNodeHandler] INFO  pipeline.PipelineManagerImpl (PipelineManagerImpl.java:closePipeline(442)) - Pipeline Pipeline[ Id: c5007c7d-689f-453a-a58d-032d02cb740d, Nodes: fd07e5d7-2dd9-455a-a9b9-9dae4f4be123{ip: 10.1.0.176, host: fv-az451-158.ehxzt5fk3o4e1ahk02omj2f41g.dx.internal.cloudapp.net, ports: [REPLICATION=43535, RATIS=45045, RATIS_ADMIN=45045, RATIS_SERVER=45045, STANDALONE=40309], networkLocation: /default-rack, certSerialId: null, persistedOpState: IN_SERVICE, persistedOpStateExpiryEpochSec: 0}93471f04-f84a-446a-9dbd-94f45fb64b69{ip: 10.1.0.176, host: fv-az451-158.ehxzt5fk3o4e1ahk02omj2f41g.dx.internal.cloudapp.net, ports: [REPLICATION=40949, RATIS=39615, RATIS_ADMIN=39615, RATIS_SERVER=39615, STANDALONE=46429], networkLocation: /default-rack, certSerialId: null, persistedOpState: IN_SERVICE, persistedOpStateExpiryEpochSec: 0}592803f5-ace9-49ac-a54f-354c0e5baf2c{ip: 10.1.0.176, host: fv-az451-158.ehxzt5fk3o4e1ahk02omj2f41g.dx.internal.cloudapp.net, ports: [REPLICATION=35645, RATIS=36049, RATIS_ADMIN=36049, RATIS_SERVER=36049, STANDALONE=43037], networkLocation: /default-rack, certSerialId: null, persistedOpState: IN_SERVICE, persistedOpStateExpiryEpochSec: 0}, ReplicationConfig: RATIS/THREE, State:OPEN, leaderId:93471f04-f84a-446a-9dbd-94f45fb64b69, CreationTimestamp2022-12-06T16:24:35.526Z[Etc/UTC]] moved to CLOSED state
2022-12-06 16:24:53,064 [EventQueue-StaleNodeForStaleNodeHandler] INFO  pipeline.PipelineManagerImpl (PipelineManagerImpl.java:closeContainersForPipeline(421)) - Container #1 closed for pipeline=PipelineID=f53f5cdc-0cc0-4b93-99bc-1b3dc003694c
2022-12-06 16:24:53,065 [EventQueue-StaleNodeForStaleNodeHandler] INFO  pipeline.PipelineManagerImpl (PipelineManagerImpl.java:closePipeline(442)) - Pipeline Pipeline[ Id: f53f5cdc-0cc0-4b93-99bc-1b3dc003694c, Nodes: 93471f04-f84a-446a-9dbd-94f45fb64b69{ip: 10.1.0.176, host: fv-az451-158.ehxzt5fk3o4e1ahk02omj2f41g.dx.internal.cloudapp.net, ports: [REPLICATION=40949, RATIS=39615, RATIS_ADMIN=39615, RATIS_SERVER=39615, STANDALONE=46429], networkLocation: /default-rack, certSerialId: null, persistedOpState: null, persistedOpStateExpiryEpochSec: 0}f48f5eaa-c865-41e1-958d-4d574a609fc9{ip: 10.1.0.176, host: fv-az451-158.ehxzt5fk3o4e1ahk02omj2f41g.dx.internal.cloudapp.net, ports: [REPLICATION=37599, RATIS=45201, RATIS_ADMIN=45201, RATIS_SERVER=45201, STANDALONE=39113], networkLocation: /default-rack, certSerialId: null, persistedOpState: null, persistedOpStateExpiryEpochSec: 0}fd07e5d7-2dd9-455a-a9b9-9dae4f4be123{ip: 10.1.0.176, host: fv-az451-158.ehxzt5fk3o4e1ahk02omj2f41g.dx.internal.cloudapp.net, ports: [REPLICATION=43535, RATIS=45045, RATIS_ADMIN=45045, RATIS_SERVER=45045, STANDALONE=40309], networkLocation: /default-rack, certSerialId: null, persistedOpState: null, persistedOpStateExpiryEpochSec: 0}2fe07876-8610-433e-a055-404555d6ad88{ip: 10.1.0.176, host: fv-az451-158.ehxzt5fk3o4e1ahk02omj2f41g.dx.internal.cloudapp.net, ports: [REPLICATION=38677, RATIS=34239, RATIS_ADMIN=34239, RATIS_SERVER=34239, STANDALONE=45543], networkLocation: /default-rack, certSerialId: null, persistedOpState: null, persistedOpStateExpiryEpochSec: 0}b0ab2fb2-fc83-4273-be02-cd8927d57599{ip: 10.1.0.176, host: fv-az451-158.ehxzt5fk3o4e1ahk02omj2f41g.dx.internal.cloudapp.net, ports: [REPLICATION=43303, RATIS=43425, RATIS_ADMIN=43425, RATIS_SERVER=43425, STANDALONE=43243], networkLocation: /default-rack, certSerialId: null, persistedOpState: null, persistedOpStateExpiryEpochSec: 0}, ReplicationConfig: EC/ECReplicationConfig{data=3, parity=2, ecChunkSize=1024, codec=rs}, State:OPEN, leaderId:, CreationTimestamp2022-12-06T16:24:49.523Z[Etc/UTC]] moved to CLOSED state
2022-12-06 16:24:53,065 [EventQueue-StaleNodeForStaleNodeHandler] INFO  pipeline.PipelineManagerImpl (PipelineManagerImpl.java:closePipeline(442)) - Pipeline Pipeline[ Id: bd206ac1-f978-4080-a1f0-46e1faa48d23, Nodes: 93471f04-f84a-446a-9dbd-94f45fb64b69{ip: 10.1.0.176, host: fv-az451-158.ehxzt5fk3o4e1ahk02omj2f41g.dx.internal.cloudapp.net, ports: [REPLICATION=40949, RATIS=39615, RATIS_ADMIN=39615, RATIS_SERVER=39615, STANDALONE=46429], networkLocation: /default-rack, certSerialId: null, persistedOpState: IN_SERVICE, persistedOpStateExpiryEpochSec: 0}, ReplicationConfig: RATIS/ONE, State:OPEN, leaderId:93471f04-f84a-446a-9dbd-94f45fb64b69, CreationTimestamp2022-12-06T16:24:35.127Z[Etc/UTC]] moved to CLOSED state
2022-12-06 16:24:53,065 [EventQueue-CloseContainerForCloseContainerEventHandler] INFO  container.CloseContainerEventHandler (CloseContainerEventHandler.java:onMessage(73)) - Close container Event triggered for container : #1, current state: CLOSING
2022-12-06 16:24:53,497 [592803f5-ace9-49ac-a54f-354c0e5baf2c@group-23A236CF6C1C-FollowerState] INFO  impl.FollowerState (FollowerState.java:run(143)) - 592803f5-ace9-49ac-a54f-354c0e5baf2c@group-23A236CF6C1C-FollowerState: change to CANDIDATE, lastRpcElapsedTime:5029634996ns, electionTimeout:5026ms
2022-12-06 16:24:53,497 [592803f5-ace9-49ac-a54f-354c0e5baf2c@group-23A236CF6C1C-FollowerState] INFO  impl.RoleInfo (RoleInfo.java:shutdownFollowerState(110)) - 592803f5-ace9-49ac-a54f-354c0e5baf2c: shutdown 592803f5-ace9-49ac-a54f-354c0e5baf2c@group-23A236CF6C1C-FollowerState
2022-12-06 16:24:53,497 [592803f5-ace9-49ac-a54f-354c0e5baf2c@group-23A236CF6C1C-FollowerState] INFO  server.RaftServer$Division (RaftServerImpl.java:setRole(321)) - 592803f5-ace9-49ac-a54f-354c0e5baf2c@group-23A236CF6C1C: changes role from  FOLLOWER to CANDIDATE at term 2 for changeToCandidate
2022-12-06 16:24:53,497 [592803f5-ace9-49ac-a54f-354c0e5baf2c@group-23A236CF6C1C-FollowerState] INFO  server.RaftServerConfigKeys (ConfUtils.java:logGet(46)) - raft.server.leaderelection.pre-vote = false (custom)
2022-12-06 16:24:53,497 [592803f5-ace9-49ac-a54f-354c0e5baf2c@group-23A236CF6C1C-FollowerState] INFO  impl.RoleInfo (RoleInfo.java:updateAndGet(139)) - 592803f5-ace9-49ac-a54f-354c0e5baf2c: start 592803f5-ace9-49ac-a54f-354c0e5baf2c@group-23A236CF6C1C-LeaderElection28
2022-12-06 16:24:53,503 [592803f5-ace9-49ac-a54f-354c0e5baf2c@group-23A236CF6C1C-LeaderElection28] INFO  impl.LeaderElection (LeaderElection.java:askForVotes(312)) - 592803f5-ace9-49ac-a54f-354c0e5baf2c@group-23A236CF6C1C-LeaderElection28 ELECTION round 0: submit vote requests at term 3 for -1: peers:[93471f04-f84a-446a-9dbd-94f45fb64b69|rpc:10.1.0.176:39615|dataStream:|priority:0|startupRole:FOLLOWER, fd07e5d7-2dd9-455a-a9b9-9dae4f4be123|rpc:10.1.0.176:45045|dataStream:|priority:0|startupRole:FOLLOWER, 592803f5-ace9-49ac-a54f-354c0e5baf2c|rpc:10.1.0.176:36049|dataStream:|priority:1|startupRole:FOLLOWER]|listeners:[], old=null
2022-12-06 16:24:53,503 [592803f5-ace9-49ac-a54f-354c0e5baf2c@group-23A236CF6C1C-LeaderElection28] INFO  server.RaftServerConfigKeys (ConfUtils.java:logFallback(53)) - raft.server.rpc.first-election.timeout.min = 5s (fallback to raft.server.rpc.timeout.min)
2022-12-06 16:24:53,503 [592803f5-ace9-49ac-a54f-354c0e5baf2c@group-23A236CF6C1C-LeaderElection28] INFO  server.RaftServerConfigKeys (ConfUtils.java:logFallback(53)) - raft.server.rpc.first-election.timeout.max = 5200ms (fallback to raft.server.rpc.timeout.max)
2022-12-06 16:24:53,506 [grpc-default-executor-3] INFO  server.RaftServer$Division (RaftServerImpl.java:requestVote(1218)) - fd07e5d7-2dd9-455a-a9b9-9dae4f4be123@group-23A236CF6C1C: receive requestVote(ELECTION, 592803f5-ace9-49ac-a54f-354c0e5baf2c, group-23A236CF6C1C, 3, (t:0, i:0))
2022-12-06 16:24:53,506 [grpc-default-executor-3] INFO  impl.VoteContext (VoteContext.java:log(49)) - fd07e5d7-2dd9-455a-a9b9-9dae4f4be123@group-23A236CF6C1C-FOLLOWER: accept ELECTION from 592803f5-ace9-49ac-a54f-354c0e5baf2c: our priority 0 <= candidate's priority 1
2022-12-06 16:24:53,506 [grpc-default-executor-3] INFO  server.RaftServer$Division (RaftServerImpl.java:setRole(321)) - fd07e5d7-2dd9-455a-a9b9-9dae4f4be123@group-23A236CF6C1C: changes role from  FOLLOWER to FOLLOWER at term 3 for candidate:592803f5-ace9-49ac-a54f-354c0e5baf2c
2022-12-06 16:24:53,506 [grpc-default-executor-3] INFO  impl.RoleInfo (RoleInfo.java:shutdownFollowerState(110)) - fd07e5d7-2dd9-455a-a9b9-9dae4f4be123: shutdown fd07e5d7-2dd9-455a-a9b9-9dae4f4be123@group-23A236CF6C1C-FollowerState
2022-12-06 16:24:53,506 [grpc-default-executor-3] INFO  impl.RoleInfo (RoleInfo.java:updateAndGet(139)) - fd07e5d7-2dd9-455a-a9b9-9dae4f4be123: start fd07e5d7-2dd9-455a-a9b9-9dae4f4be123@group-23A236CF6C1C-FollowerState
2022-12-06 16:24:53,507 [fd07e5d7-2dd9-455a-a9b9-9dae4f4be123@group-23A236CF6C1C-FollowerState] INFO  impl.FollowerState (FollowerState.java:run(152)) - fd07e5d7-2dd9-455a-a9b9-9dae4f4be123@group-23A236CF6C1C-FollowerState was interrupted
2022-12-06 16:24:53,508 [fd07e5d7-2dd9-455a-a9b9-9dae4f4be123@group-23A236CF6C1C-FollowerState] INFO  server.RaftServerConfigKeys (ConfUtils.java:logFallback(53)) - raft.server.rpc.first-election.timeout.min = 5s (fallback to raft.server.rpc.timeout.min)
2022-12-06 16:24:53,509 [fd07e5d7-2dd9-455a-a9b9-9dae4f4be123@group-23A236CF6C1C-FollowerState] INFO  server.RaftServerConfigKeys (ConfUtils.java:logFallback(53)) - raft.server.rpc.first-election.timeout.max = 5200ms (fallback to raft.server.rpc.timeout.max)
2022-12-06 16:24:53,510 [grpc-default-executor-3] INFO  server.RaftServer$Division (RaftServerImpl.java:requestVote(1251)) - fd07e5d7-2dd9-455a-a9b9-9dae4f4be123@group-23A236CF6C1C replies to ELECTION vote request: 592803f5-ace9-49ac-a54f-354c0e5baf2c<-fd07e5d7-2dd9-455a-a9b9-9dae4f4be123#0:OK-t3. Peer's state: fd07e5d7-2dd9-455a-a9b9-9dae4f4be123@group-23A236CF6C1C:t3, leader=null, voted=592803f5-ace9-49ac-a54f-354c0e5baf2c, raftlog=Memoized:fd07e5d7-2dd9-455a-a9b9-9dae4f4be123@group-23A236CF6C1C-SegmentedRaftLog:OPENED:c-1, conf=-1: peers:[93471f04-f84a-446a-9dbd-94f45fb64b69|rpc:10.1.0.176:39615|priority:0|startupRole:FOLLOWER, fd07e5d7-2dd9-455a-a9b9-9dae4f4be123|rpc:10.1.0.176:45045|priority:0|startupRole:FOLLOWER, 592803f5-ace9-49ac-a54f-354c0e5baf2c|rpc:10.1.0.176:36049|priority:1|startupRole:FOLLOWER]|listeners:[], old=null
2022-12-06 16:24:53,512 [592803f5-ace9-49ac-a54f-354c0e5baf2c@group-23A236CF6C1C-LeaderElection28] INFO  impl.LeaderElection (LeaderElection.java:logAndReturn(90)) - 592803f5-ace9-49ac-a54f-354c0e5baf2c@group-23A236CF6C1C-LeaderElection28: ELECTION PASSED received 1 response(s) and 0 exception(s):
2022-12-06 16:24:53,512 [592803f5-ace9-49ac-a54f-354c0e5baf2c@group-23A236CF6C1C-LeaderElection28] INFO  impl.LeaderElection (LeaderElection.java:logAndReturn(94)) -   Response 0: 592803f5-ace9-49ac-a54f-354c0e5baf2c<-fd07e5d7-2dd9-455a-a9b9-9dae4f4be123#0:OK-t3
2022-12-06 16:24:53,512 [592803f5-ace9-49ac-a54f-354c0e5baf2c@group-23A236CF6C1C-LeaderElection28] INFO  impl.LeaderElection (LeaderElection.java:askForVotes(314)) - 592803f5-ace9-49ac-a54f-354c0e5baf2c@group-23A236CF6C1C-LeaderElection28 ELECTION round 0: result PASSED
2022-12-06 16:24:53,512 [592803f5-ace9-49ac-a54f-354c0e5baf2c@group-23A236CF6C1C-LeaderElection28] INFO  impl.RoleInfo (RoleInfo.java:shutdownLeaderElection(130)) - 592803f5-ace9-49ac-a54f-354c0e5baf2c: shutdown 592803f5-ace9-49ac-a54f-354c0e5baf2c@group-23A236CF6C1C-LeaderElection28
2022-12-06 16:24:53,512 [592803f5-ace9-49ac-a54f-354c0e5baf2c@group-23A236CF6C1C-LeaderElection28] INFO  server.RaftServer$Division (RaftServerImpl.java:setRole(321)) - 592803f5-ace9-49ac-a54f-354c0e5baf2c@group-23A236CF6C1C: changes role from CANDIDATE to LEADER at term 3 for changeToLeader
2022-12-06 16:24:53,512 [592803f5-ace9-49ac-a54f-354c0e5baf2c@group-23A236CF6C1C-LeaderElection28] INFO  ratis.XceiverServerRatis (XceiverServerRatis.java:handleLeaderChangedNotification(863)) - Leader change notification received for group: group-23A236CF6C1C with new leaderId: 592803f5-ace9-49ac-a54f-354c0e5baf2c
2022-12-06 16:24:53,513 [592803f5-ace9-49ac-a54f-354c0e5baf2c@group-23A236CF6C1C-LeaderElection28] INFO  server.RaftServer$Division (ServerState.java:setLeader(313)) - 592803f5-ace9-49ac-a54f-354c0e5baf2c@group-23A236CF6C1C: change Leader from null to 592803f5-ace9-49ac-a54f-354c0e5baf2c at term 3 for becomeLeader, leader elected after 15307ms
2022-12-06 16:24:53,513 [592803f5-ace9-49ac-a54f-354c0e5baf2c@group-23A236CF6C1C-LeaderElection28] INFO  server.RaftServerConfigKeys (ConfUtils.java:logGet(46)) - raft.server.staging.catchup.gap = 1000 (default)
2022-12-06 16:24:53,513 [592803f5-ace9-49ac-a54f-354c0e5baf2c@group-23A236CF6C1C-LeaderElection28] INFO  server.RaftServerConfigKeys (ConfUtils.java:logGet(46)) - raft.server.write.element-limit = 1024 (custom)
2022-12-06 16:24:53,513 [592803f5-ace9-49ac-a54f-354c0e5baf2c@group-23A236CF6C1C-LeaderElection28] INFO  server.RaftServerConfigKeys (ConfUtils.java:logGet(46)) - raft.server.write.byte-limit = 1024 M (=1073741824) (custom)
2022-12-06 16:24:53,513 [592803f5-ace9-49ac-a54f-354c0e5baf2c@group-23A236CF6C1C-LeaderElection28] INFO  server.RaftServerConfigKeys (ConfUtils.java:logGet(46)) - raft.server.watch.timeout = 180s (custom)
2022-12-06 16:24:53,513 [592803f5-ace9-49ac-a54f-354c0e5baf2c@group-23A236CF6C1C-LeaderElection28] INFO  server.RaftServerConfigKeys (ConfUtils.java:logGet(46)) - raft.server.watch.timeout.denomination = 1s (default)
2022-12-06 16:24:53,513 [592803f5-ace9-49ac-a54f-354c0e5baf2c@group-23A236CF6C1C-LeaderElection28] INFO  server.RaftServerConfigKeys (ConfUtils.java:logGet(46)) - raft.server.watch.element-limit = 65536 (default)
2022-12-06 16:24:53,514 [592803f5-ace9-49ac-a54f-354c0e5baf2c@group-23A236CF6C1C-LeaderElection28] INFO  server.RaftServerConfigKeys (ConfUtils.java:logGet(46)) - raft.server.write.element-limit = 1024 (custom)
2022-12-06 16:24:53,514 [592803f5-ace9-49ac-a54f-354c0e5baf2c@group-23A236CF6C1C-LeaderElection28] INFO  server.RaftServerConfigKeys (ConfUtils.java:logGet(46)) - raft.server.write.follower.gap.ratio.max = -1.0 (default)
2022-12-06 16:24:53,515 [EventQueue-CommandQueueReportForCommandQueueReportHandler] WARN  events.EventQueue (EventQueue.java:fireEvent(216)) - No event handler registered for event TypedEvent{payloadType=DatanodeDetails, name='Datanode_Command_Queue_Updated'}
2022-12-06 16:24:53,522 [592803f5-ace9-49ac-a54f-354c0e5baf2c@group-23A236CF6C1C-LeaderElection28] INFO  server.RaftServerConfigKeys (ConfUtils.java:logGet(46)) - raft.server.log.appender.snapshot.chunk.size.max = 16MB (=16777216) (default)
2022-12-06 16:24:53,522 [592803f5-ace9-49ac-a54f-354c0e5baf2c@group-23A236CF6C1C-LeaderElection28] INFO  server.RaftServerConfigKeys (ConfUtils.java:logGet(46)) - raft.server.log.appender.buffer.byte-limit = 33554432 (custom)
2022-12-06 16:24:53,522 [592803f5-ace9-49ac-a54f-354c0e5baf2c@group-23A236CF6C1C-LeaderElection28] INFO  server.RaftServerConfigKeys (ConfUtils.java:logGet(46)) - raft.server.log.appender.buffer.element-limit = 1 (custom)
2022-12-06 16:24:53,522 [592803f5-ace9-49ac-a54f-354c0e5baf2c@group-23A236CF6C1C-LeaderElection28] INFO  grpc.GrpcConfigKeys (ConfUtils.java:logGet(46)) - raft.grpc.server.leader.outstanding.appends.max = 128 (default)
2022-12-06 16:24:53,522 [592803f5-ace9-49ac-a54f-354c0e5baf2c@group-23A236CF6C1C-LeaderElection28] INFO  server.RaftServerConfigKeys (ConfUtils.java:logGet(46)) - raft.server.rpc.request.timeout = 60s (custom)
2022-12-06 16:24:53,522 [592803f5-ace9-49ac-a54f-354c0e5baf2c@group-23A236CF6C1C-LeaderElection28] INFO  server.RaftServerConfigKeys (ConfUtils.java:logGet(46)) - raft.server.log.appender.install.snapshot.enabled = false (custom)
2022-12-06 16:24:53,522 [592803f5-ace9-49ac-a54f-354c0e5baf2c@group-23A236CF6C1C-LeaderElection28] INFO  grpc.GrpcConfigKeys (ConfUtils.java:logGet(46)) - raft.grpc.server.heartbeat.channel = true (default)
2022-12-06 16:24:53,523 [592803f5-ace9-49ac-a54f-354c0e5baf2c@group-23A236CF6C1C-LeaderElection28] INFO  server.RaftServerConfigKeys (ConfUtils.java:logGet(46)) - raft.server.log.appender.wait-time.min = 10ms (default)
2022-12-06 16:24:53,523 [592803f5-ace9-49ac-a54f-354c0e5baf2c@group-23A236CF6C1C-LeaderElection28] INFO  server.RaftServerConfigKeys (ConfUtils.java:logGet(46)) - raft.server.log.appender.snapshot.chunk.size.max = 16MB (=16777216) (default)
2022-12-06 16:24:53,523 [592803f5-ace9-49ac-a54f-354c0e5baf2c@group-23A236CF6C1C-LeaderElection28] INFO  server.RaftServerConfigKeys (ConfUtils.java:logGet(46)) - raft.server.log.appender.buffer.byte-limit = 33554432 (custom)
2022-12-06 16:24:53,523 [592803f5-ace9-49ac-a54f-354c0e5baf2c@group-23A236CF6C1C-LeaderElection28] INFO  server.RaftServerConfigKeys (ConfUtils.java:logGet(46)) - raft.server.log.appender.buffer.element-limit = 1 (custom)
2022-12-06 16:24:53,523 [592803f5-ace9-49ac-a54f-354c0e5baf2c@group-23A236CF6C1C-LeaderElection28] INFO  grpc.GrpcConfigKeys (ConfUtils.java:logGet(46)) - raft.grpc.server.leader.outstanding.appends.max = 128 (default)
2022-12-06 16:24:53,523 [592803f5-ace9-49ac-a54f-354c0e5baf2c@group-23A236CF6C1C-LeaderElection28] INFO  server.RaftServerConfigKeys (ConfUtils.java:logGet(46)) - raft.server.rpc.request.timeout = 60s (custom)
2022-12-06 16:24:53,524 [592803f5-ace9-49ac-a54f-354c0e5baf2c@group-23A236CF6C1C-LeaderElection28] INFO  server.RaftServerConfigKeys (ConfUtils.java:logGet(46)) - raft.server.log.appender.install.snapshot.enabled = false (custom)
2022-12-06 16:24:53,524 [592803f5-ace9-49ac-a54f-354c0e5baf2c@group-23A236CF6C1C-LeaderElection28] INFO  grpc.GrpcConfigKeys (ConfUtils.java:logGet(46)) - raft.grpc.server.heartbeat.channel = true (default)
2022-12-06 16:24:53,524 [592803f5-ace9-49ac-a54f-354c0e5baf2c@group-23A236CF6C1C-LeaderElection28] INFO  server.RaftServerConfigKeys (ConfUtils.java:logGet(46)) - raft.server.log.appender.wait-time.min = 10ms (default)
2022-12-06 16:24:53,524 [592803f5-ace9-49ac-a54f-354c0e5baf2c@group-23A236CF6C1C-LeaderElection28] INFO  impl.RoleInfo (RoleInfo.java:updateAndGet(139)) - 592803f5-ace9-49ac-a54f-354c0e5baf2c: start 592803f5-ace9-49ac-a54f-354c0e5baf2c@group-23A236CF6C1C-LeaderStateImpl
2022-12-06 16:24:53,524 [592803f5-ace9-49ac-a54f-354c0e5baf2c@group-23A236CF6C1C-LeaderElection28] INFO  segmented.SegmentedRaftLogWorker (SegmentedRaftLogWorker.java:startLogSegment(452)) - 592803f5-ace9-49ac-a54f-354c0e5baf2c@group-23A236CF6C1C-SegmentedRaftLogWorker: Starting segment from index:0
2022-12-06 16:24:53,526 [592803f5-ace9-49ac-a54f-354c0e5baf2c@group-23A236CF6C1C-SegmentedRaftLogWorker] INFO  segmented.SegmentedRaftLogWorker (SegmentedRaftLogWorker.java:execute(656)) - 592803f5-ace9-49ac-a54f-354c0e5baf2c@group-23A236CF6C1C-SegmentedRaftLogWorker: created new log segment /home/runner/work/ozone/ozone/hadoop-ozone/integration-test/target/test-dir/MiniOzoneClusterImpl-ff76fcda-2f7b-42b7-aafc-07b3f4cbd752/datanode-5/data/ratis/47c8ed29-a24a-4c2c-bc83-23a236cf6c1c/current/log_inprogress_0
2022-12-06 16:24:53,528 [592803f5-ace9-49ac-a54f-354c0e5baf2c@group-23A236CF6C1C-LeaderElection28] INFO  server.RaftServer$Division (ServerState.java:setRaftConf(430)) - 592803f5-ace9-49ac-a54f-354c0e5baf2c@group-23A236CF6C1C: set configuration 0: peers:[93471f04-f84a-446a-9dbd-94f45fb64b69|rpc:10.1.0.176:39615|dataStream:|priority:0|startupRole:FOLLOWER, fd07e5d7-2dd9-455a-a9b9-9dae4f4be123|rpc:10.1.0.176:45045|dataStream:|priority:0|startupRole:FOLLOWER, 592803f5-ace9-49ac-a54f-354c0e5baf2c|rpc:10.1.0.176:36049|dataStream:|priority:1|startupRole:FOLLOWER]|listeners:[], old=null
2022-12-06 16:24:53,537 [grpc-default-executor-3] WARN  server.GrpcLogAppender (LogUtils.java:warn(122)) - 592803f5-ace9-49ac-a54f-354c0e5baf2c@group-23A236CF6C1C->93471f04-f84a-446a-9dbd-94f45fb64b69-AppendLogResponseHandler: Failed appendEntries: org.apache.ratis.thirdparty.io.grpc.StatusRuntimeException: UNAVAILABLE: io exception
2022-12-06 16:24:53,541 [grpc-default-executor-6] WARN  server.GrpcLogAppender (LogUtils.java:warn(122)) - 592803f5-ace9-49ac-a54f-354c0e5baf2c@group-23A236CF6C1C->93471f04-f84a-446a-9dbd-94f45fb64b69-AppendLogResponseHandler: Failed appendEntries: org.apache.ratis.thirdparty.io.grpc.StatusRuntimeException: UNAVAILABLE: io exception
2022-12-06 16:24:53,542 [fd07e5d7-2dd9-455a-a9b9-9dae4f4be123-server-thread1] INFO  ratis.XceiverServerRatis (XceiverServerRatis.java:handleLeaderChangedNotification(863)) - Leader change notification received for group: group-23A236CF6C1C with new leaderId: 592803f5-ace9-49ac-a54f-354c0e5baf2c
2022-12-06 16:24:53,542 [fd07e5d7-2dd9-455a-a9b9-9dae4f4be123-server-thread1] INFO  server.RaftServer$Division (ServerState.java:setLeader(313)) - fd07e5d7-2dd9-455a-a9b9-9dae4f4be123@group-23A236CF6C1C: change Leader from null to 592803f5-ace9-49ac-a54f-354c0e5baf2c at term 3 for appendEntries, leader elected after 15407ms
2022-12-06 16:24:53,545 [fd07e5d7-2dd9-455a-a9b9-9dae4f4be123-server-thread2] INFO  server.RaftServer$Division (ServerState.java:setRaftConf(430)) - fd07e5d7-2dd9-455a-a9b9-9dae4f4be123@group-23A236CF6C1C: set configuration 0: peers:[93471f04-f84a-446a-9dbd-94f45fb64b69|rpc:10.1.0.176:39615|dataStream:|priority:0|startupRole:FOLLOWER, fd07e5d7-2dd9-455a-a9b9-9dae4f4be123|rpc:10.1.0.176:45045|dataStream:|priority:0|startupRole:FOLLOWER, 592803f5-ace9-49ac-a54f-354c0e5baf2c|rpc:10.1.0.176:36049|dataStream:|priority:1|startupRole:FOLLOWER]|listeners:[], old=null
2022-12-06 16:24:53,546 [fd07e5d7-2dd9-455a-a9b9-9dae4f4be123-server-thread2] INFO  segmented.SegmentedRaftLogWorker (SegmentedRaftLogWorker.java:startLogSegment(452)) - fd07e5d7-2dd9-455a-a9b9-9dae4f4be123@group-23A236CF6C1C-SegmentedRaftLogWorker: Starting segment from index:0
2022-12-06 16:24:53,551 [grpc-default-executor-3] WARN  server.GrpcLogAppender (GrpcLogAppender.java:resetClient(131)) - 592803f5-ace9-49ac-a54f-354c0e5baf2c@group-23A236CF6C1C->93471f04-f84a-446a-9dbd-94f45fb64b69-GrpcLogAppender: Leader has not got in touch with Follower 592803f5-ace9-49ac-a54f-354c0e5baf2c@group-23A236CF6C1C->93471f04-f84a-446a-9dbd-94f45fb64b69(c-1,m0,n0, attendVote=true, lastRpcSendTime=13, lastRpcResponseTime=5237) yet, just keep nextIndex unchanged and retry.
2022-12-06 16:24:53,552 [grpc-default-executor-6] WARN  server.GrpcLogAppender (GrpcLogAppender.java:resetClient(131)) - 592803f5-ace9-49ac-a54f-354c0e5baf2c@group-23A236CF6C1C->93471f04-f84a-446a-9dbd-94f45fb64b69-GrpcLogAppender: Leader has not got in touch with Follower 592803f5-ace9-49ac-a54f-354c0e5baf2c@group-23A236CF6C1C->93471f04-f84a-446a-9dbd-94f45fb64b69(c-1,m0,n0, attendVote=true, lastRpcSendTime=13, lastRpcResponseTime=5238) yet, just keep nextIndex unchanged and retry.
2022-12-06 16:24:53,552 [fd07e5d7-2dd9-455a-a9b9-9dae4f4be123@group-23A236CF6C1C-SegmentedRaftLogWorker] INFO  segmented.SegmentedRaftLogWorker (SegmentedRaftLogWorker.java:execute(656)) - fd07e5d7-2dd9-455a-a9b9-9dae4f4be123@group-23A236CF6C1C-SegmentedRaftLogWorker: created new log segment /home/runner/work/ozone/ozone/hadoop-ozone/integration-test/target/test-dir/MiniOzoneClusterImpl-ff76fcda-2f7b-42b7-aafc-07b3f4cbd752/datanode-3/data/ratis/47c8ed29-a24a-4c2c-bc83-23a236cf6c1c/current/log_inprogress_0
2022-12-06 16:24:53,553 [grpc-default-executor-2] WARN  server.GrpcLogAppender (LogUtils.java:warn(122)) - 592803f5-ace9-49ac-a54f-354c0e5baf2c@group-23A236CF6C1C->93471f04-f84a-446a-9dbd-94f45fb64b69-AppendLogResponseHandler: Failed appendEntries: org.apache.ratis.thirdparty.io.grpc.StatusRuntimeException: UNAVAILABLE: io exception
2022-12-06 16:24:53,553 [grpc-default-executor-2] WARN  server.GrpcLogAppender (GrpcLogAppender.java:resetClient(131)) - 592803f5-ace9-49ac-a54f-354c0e5baf2c@group-23A236CF6C1C->93471f04-f84a-446a-9dbd-94f45fb64b69-GrpcLogAppender: Leader has not got in touch with Follower 592803f5-ace9-49ac-a54f-354c0e5baf2c@group-23A236CF6C1C->93471f04-f84a-446a-9dbd-94f45fb64b69(c-1,m0,n1, attendVote=true, lastRpcSendTime=0, lastRpcResponseTime=5239) yet, just keep nextIndex unchanged and retry.
2022-12-06 16:24:53,556 [EventQueue-CommandQueueReportForCommandQueueReportHandler] WARN  events.EventQueue (EventQueue.java:fireEvent(216)) - No event handler registered for event TypedEvent{payloadType=DatanodeDetails, name='Datanode_Command_Queue_Updated'}
2022-12-06 16:24:53,557 [grpc-default-executor-6] WARN  server.GrpcLogAppender (LogUtils.java:warn(122)) - 592803f5-ace9-49ac-a54f-354c0e5baf2c@group-23A236CF6C1C->93471f04-f84a-446a-9dbd-94f45fb64b69-AppendLogResponseHandler: Failed appendEntries: org.apache.ratis.thirdparty.io.grpc.StatusRuntimeException: UNAVAILABLE: io exception
2022-12-06 16:24:53,557 [grpc-default-executor-6] WARN  server.GrpcLogAppender (GrpcLogAppender.java:resetClient(131)) - 592803f5-ace9-49ac-a54f-354c0e5baf2c@group-23A236CF6C1C->93471f04-f84a-446a-9dbd-94f45fb64b69-GrpcLogAppender: Leader has not got in touch with Follower 592803f5-ace9-49ac-a54f-354c0e5baf2c@group-23A236CF6C1C->93471f04-f84a-446a-9dbd-94f45fb64b69(c-1,m0,n1, attendVote=true, lastRpcSendTime=4, lastRpcResponseTime=5243) yet, just keep nextIndex unchanged and retry.
2022-12-06 16:24:53,644 [EventQueue-CommandQueueReportForCommandQueueReportHandler] WARN  events.EventQueue (EventQueue.java:fireEvent(216)) - No event handler registered for event TypedEvent{payloadType=DatanodeDetails, name='Datanode_Command_Queue_Updated'}
2022-12-06 16:24:53,741 [EventQueue-CommandQueueReportForCommandQueueReportHandler] WARN  events.EventQueue (EventQueue.java:fireEvent(216)) - No event handler registered for event TypedEvent{payloadType=DatanodeDetails, name='Datanode_Command_Queue_Updated'}
2022-12-06 16:24:53,814 [EventQueue-CommandQueueReportForCommandQueueReportHandler] WARN  events.EventQueue (EventQueue.java:fireEvent(216)) - No event handler registered for event TypedEvent{payloadType=DatanodeDetails, name='Datanode_Command_Queue_Updated'}
2022-12-06 16:24:53,836 [Under Replicated Processor] INFO  replication.UnderReplicatedProcessor (UnderReplicatedProcessor.java:processAll(79)) - Processed 0 under replicated containers, failed processing 0
2022-12-06 16:24:53,842 [ReplicationMonitor] INFO  replication.ReplicationManager (ReplicationManager.java:sendDatanodeCommand(417)) - Sending command of type closeContainerCommand for container ContainerInfo{id=#1, state=CLOSING, pipelineID=PipelineID=f53f5cdc-0cc0-4b93-99bc-1b3dc003694c, stateEnterTime=2022-12-06T16:24:49.530Z, owner=om1} to fd07e5d7-2dd9-455a-a9b9-9dae4f4be123{ip: 10.1.0.176, host: fv-az451-158.ehxzt5fk3o4e1ahk02omj2f41g.dx.internal.cloudapp.net, ports: [REPLICATION=43535, RATIS=45045, RATIS_ADMIN=45045, RATIS_SERVER=45045, STANDALONE=40309], networkLocation: /default-rack, certSerialId: null, persistedOpState: IN_SERVICE, persistedOpStateExpiryEpochSec: 0}
2022-12-06 16:24:53,842 [Over Replicated Processor] INFO  replication.OverReplicatedProcessor (OverReplicatedProcessor.java:processAll(79)) - Processed 0 over replicated containers, failed processing 0
2022-12-06 16:24:53,842 [ReplicationMonitor] INFO  replication.ReplicationManager (ReplicationManager.java:sendDatanodeCommand(417)) - Sending command of type closeContainerCommand for container ContainerInfo{id=#1, state=CLOSING, pipelineID=PipelineID=f53f5cdc-0cc0-4b93-99bc-1b3dc003694c, stateEnterTime=2022-12-06T16:24:49.530Z, owner=om1} to f48f5eaa-c865-41e1-958d-4d574a609fc9{ip: 10.1.0.176, host: fv-az451-158.ehxzt5fk3o4e1ahk02omj2f41g.dx.internal.cloudapp.net, ports: [REPLICATION=37599, RATIS=45201, RATIS_ADMIN=45201, RATIS_SERVER=45201, STANDALONE=39113], networkLocation: /default-rack, certSerialId: null, persistedOpState: IN_SERVICE, persistedOpStateExpiryEpochSec: 0}
2022-12-06 16:24:53,843 [ReplicationMonitor] INFO  replication.ReplicationManager (ReplicationManager.java:sendDatanodeCommand(417)) - Sending command of type closeContainerCommand for container ContainerInfo{id=#1, state=CLOSING, pipelineID=PipelineID=f53f5cdc-0cc0-4b93-99bc-1b3dc003694c, stateEnterTime=2022-12-06T16:24:49.530Z, owner=om1} to 93471f04-f84a-446a-9dbd-94f45fb64b69{ip: 10.1.0.176, host: fv-az451-158.ehxzt5fk3o4e1ahk02omj2f41g.dx.internal.cloudapp.net, ports: [REPLICATION=40949, RATIS=39615, RATIS_ADMIN=39615, RATIS_SERVER=39615, STANDALONE=46429], networkLocation: /default-rack, certSerialId: null, persistedOpState: IN_SERVICE, persistedOpStateExpiryEpochSec: 0}
2022-12-06 16:24:53,843 [ReplicationMonitor] INFO  replication.ReplicationManager (ReplicationManager.java:sendDatanodeCommand(417)) - Sending command of type closeContainerCommand for container ContainerInfo{id=#1, state=CLOSING, pipelineID=PipelineID=f53f5cdc-0cc0-4b93-99bc-1b3dc003694c, stateEnterTime=2022-12-06T16:24:49.530Z, owner=om1} to b0ab2fb2-fc83-4273-be02-cd8927d57599{ip: 10.1.0.176, host: fv-az451-158.ehxzt5fk3o4e1ahk02omj2f41g.dx.internal.cloudapp.net, ports: [REPLICATION=43303, RATIS=43425, RATIS_ADMIN=43425, RATIS_SERVER=43425, STANDALONE=43243], networkLocation: /default-rack, certSerialId: null, persistedOpState: IN_SERVICE, persistedOpStateExpiryEpochSec: 0}
2022-12-06 16:24:53,843 [ReplicationMonitor] INFO  replication.ReplicationManager (ReplicationManager.java:sendDatanodeCommand(417)) - Sending command of type closeContainerCommand for container ContainerInfo{id=#1, state=CLOSING, pipelineID=PipelineID=f53f5cdc-0cc0-4b93-99bc-1b3dc003694c, stateEnterTime=2022-12-06T16:24:49.530Z, owner=om1} to 2fe07876-8610-433e-a055-404555d6ad88{ip: 10.1.0.176, host: fv-az451-158.ehxzt5fk3o4e1ahk02omj2f41g.dx.internal.cloudapp.net, ports: [REPLICATION=38677, RATIS=34239, RATIS_ADMIN=34239, RATIS_SERVER=34239, STANDALONE=45543], networkLocation: /default-rack, certSerialId: null, persistedOpState: IN_SERVICE, persistedOpStateExpiryEpochSec: 0}
2022-12-06 16:24:53,843 [ReplicationMonitor] INFO  replication.ReplicationManager (ReplicationManager.java:processAll(356)) - Replication Monitor Thread took 3 milliseconds for processing 1 containers.
2022-12-06 16:24:54,034 [EventQueue-CommandQueueReportForCommandQueueReportHandler] WARN  events.EventQueue (EventQueue.java:fireEvent(216)) - No event handler registered for event TypedEvent{payloadType=DatanodeDetails, name='Datanode_Command_Queue_Updated'}
2022-12-06 16:24:54,040 [EventQueue-CommandQueueReportForCommandQueueReportHandler] WARN  events.EventQueue (EventQueue.java:fireEvent(216)) - No event handler registered for event TypedEvent{payloadType=DatanodeDetails, name='Datanode_Command_Queue_Updated'}
2022-12-06 16:24:54,040 [EventQueue-CommandQueueReportForCommandQueueReportHandler] WARN  events.EventQueue (EventQueue.java:fireEvent(216)) - No event handler registered for event TypedEvent{payloadType=DatanodeDetails, name='Datanode_Command_Queue_Updated'}
2022-12-06 16:24:54,051 [EventQueue-CommandQueueReportForCommandQueueReportHandler] WARN  events.EventQueue (EventQueue.java:fireEvent(216)) - No event handler registered for event TypedEvent{payloadType=DatanodeDetails, name='Datanode_Command_Queue_Updated'}
2022-12-06 16:24:54,518 [EventQueue-CommandQueueReportForCommandQueueReportHandler] WARN  events.EventQueue (EventQueue.java:fireEvent(216)) - No event handler registered for event TypedEvent{payloadType=DatanodeDetails, name='Datanode_Command_Queue_Updated'}
2022-12-06 16:24:54,557 [EventQueue-CommandQueueReportForCommandQueueReportHandler] WARN  events.EventQueue (EventQueue.java:fireEvent(216)) - No event handler registered for event TypedEvent{payloadType=DatanodeDetails, name='Datanode_Command_Queue_Updated'}
2022-12-06 16:24:54,642 [EventQueue-CommandQueueReportForCommandQueueReportHandler] WARN  events.EventQueue (EventQueue.java:fireEvent(216)) - No event handler registered for event TypedEvent{payloadType=DatanodeDetails, name='Datanode_Command_Queue_Updated'}
2022-12-06 16:24:54,664 [2fe07876-8610-433e-a055-404555d6ad88@group-2A829352BC53-FollowerState] INFO  impl.FollowerState (FollowerState.java:run(143)) - 2fe07876-8610-433e-a055-404555d6ad88@group-2A829352BC53-FollowerState: change to CANDIDATE, lastRpcElapsedTime:5069627875ns, electionTimeout:5049ms
2022-12-06 16:24:54,665 [2fe07876-8610-433e-a055-404555d6ad88@group-2A829352BC53-FollowerState] INFO  impl.RoleInfo (RoleInfo.java:shutdownFollowerState(110)) - 2fe07876-8610-433e-a055-404555d6ad88: shutdown 2fe07876-8610-433e-a055-404555d6ad88@group-2A829352BC53-FollowerState
2022-12-06 16:24:54,665 [2fe07876-8610-433e-a055-404555d6ad88@group-2A829352BC53-FollowerState] INFO  server.RaftServer$Division (RaftServerImpl.java:setRole(321)) - 2fe07876-8610-433e-a055-404555d6ad88@group-2A829352BC53: changes role from  FOLLOWER to CANDIDATE at term 2 for changeToCandidate
2022-12-06 16:24:54,665 [2fe07876-8610-433e-a055-404555d6ad88@group-2A829352BC53-FollowerState] INFO  server.RaftServerConfigKeys (ConfUtils.java:logGet(46)) - raft.server.leaderelection.pre-vote = false (custom)
2022-12-06 16:24:54,665 [2fe07876-8610-433e-a055-404555d6ad88@group-2A829352BC53-FollowerState] INFO  impl.RoleInfo (RoleInfo.java:updateAndGet(139)) - 2fe07876-8610-433e-a055-404555d6ad88: start 2fe07876-8610-433e-a055-404555d6ad88@group-2A829352BC53-LeaderElection29
2022-12-06 16:24:54,678 [2fe07876-8610-433e-a055-404555d6ad88@group-2A829352BC53-LeaderElection29] INFO  impl.LeaderElection (LeaderElection.java:askForVotes(312)) - 2fe07876-8610-433e-a055-404555d6ad88@group-2A829352BC53-LeaderElection29 ELECTION round 0: submit vote requests at term 3 for -1: peers:[307c9a4a-d135-41f7-b2cf-6e79e9d930c6|rpc:10.1.0.176:35421|dataStream:|priority:0|startupRole:FOLLOWER, 2fe07876-8610-433e-a055-404555d6ad88|rpc:10.1.0.176:34239|dataStream:|priority:1|startupRole:FOLLOWER, 6a413ed4-87ae-4509-b51d-2f5d21600f9c|rpc:10.1.0.176:45621|dataStream:|priority:0|startupRole:FOLLOWER]|listeners:[], old=null
2022-12-06 16:24:54,690 [2fe07876-8610-433e-a055-404555d6ad88@group-2A829352BC53-LeaderElection29] INFO  server.RaftServerConfigKeys (ConfUtils.java:logFallback(53)) - raft.server.rpc.first-election.timeout.min = 5s (fallback to raft.server.rpc.timeout.min)
2022-12-06 16:24:54,690 [2fe07876-8610-433e-a055-404555d6ad88@group-2A829352BC53-LeaderElection29] INFO  server.RaftServerConfigKeys (ConfUtils.java:logFallback(53)) - raft.server.rpc.first-election.timeout.max = 5200ms (fallback to raft.server.rpc.timeout.max)
2022-12-06 16:24:54,693 [grpc-default-executor-3] INFO  server.RaftServer$Division (RaftServerImpl.java:requestVote(1218)) - 307c9a4a-d135-41f7-b2cf-6e79e9d930c6@group-2A829352BC53: receive requestVote(ELECTION, 2fe07876-8610-433e-a055-404555d6ad88, group-2A829352BC53, 3, (t:0, i:0))
2022-12-06 16:24:54,693 [grpc-default-executor-3] INFO  impl.VoteContext (VoteContext.java:log(49)) - 307c9a4a-d135-41f7-b2cf-6e79e9d930c6@group-2A829352BC53-FOLLOWER: accept ELECTION from 2fe07876-8610-433e-a055-404555d6ad88: our priority 0 <= candidate's priority 1
2022-12-06 16:24:54,693 [grpc-default-executor-3] INFO  server.RaftServer$Division (RaftServerImpl.java:setRole(321)) - 307c9a4a-d135-41f7-b2cf-6e79e9d930c6@group-2A829352BC53: changes role from  FOLLOWER to FOLLOWER at term 3 for candidate:2fe07876-8610-433e-a055-404555d6ad88
2022-12-06 16:24:54,693 [grpc-default-executor-3] INFO  impl.RoleInfo (RoleInfo.java:shutdownFollowerState(110)) - 307c9a4a-d135-41f7-b2cf-6e79e9d930c6: shutdown 307c9a4a-d135-41f7-b2cf-6e79e9d930c6@group-2A829352BC53-FollowerState
2022-12-06 16:24:54,694 [grpc-default-executor-3] INFO  impl.RoleInfo (RoleInfo.java:updateAndGet(139)) - 307c9a4a-d135-41f7-b2cf-6e79e9d930c6: start 307c9a4a-d135-41f7-b2cf-6e79e9d930c6@group-2A829352BC53-FollowerState
2022-12-06 16:24:54,695 [307c9a4a-d135-41f7-b2cf-6e79e9d930c6@group-2A829352BC53-FollowerState] INFO  impl.FollowerState (FollowerState.java:run(152)) - 307c9a4a-d135-41f7-b2cf-6e79e9d930c6@group-2A829352BC53-FollowerState was interrupted
2022-12-06 16:24:54,715 [grpc-default-executor-3] INFO  server.RaftServer$Division (RaftServerImpl.java:requestVote(1251)) - 307c9a4a-d135-41f7-b2cf-6e79e9d930c6@group-2A829352BC53 replies to ELECTION vote request: 2fe07876-8610-433e-a055-404555d6ad88<-307c9a4a-d135-41f7-b2cf-6e79e9d930c6#0:OK-t3. Peer's state: 307c9a4a-d135-41f7-b2cf-6e79e9d930c6@group-2A829352BC53:t3, leader=null, voted=2fe07876-8610-433e-a055-404555d6ad88, raftlog=Memoized:307c9a4a-d135-41f7-b2cf-6e79e9d930c6@group-2A829352BC53-SegmentedRaftLog:OPENED:c-1, conf=-1: peers:[307c9a4a-d135-41f7-b2cf-6e79e9d930c6|rpc:10.1.0.176:35421|priority:0|startupRole:FOLLOWER, 2fe07876-8610-433e-a055-404555d6ad88|rpc:10.1.0.176:34239|priority:1|startupRole:FOLLOWER, 6a413ed4-87ae-4509-b51d-2f5d21600f9c|rpc:10.1.0.176:45621|priority:0|startupRole:FOLLOWER]|listeners:[], old=null
2022-12-06 16:24:54,716 [307c9a4a-d135-41f7-b2cf-6e79e9d930c6@group-2A829352BC53-FollowerState] INFO  server.RaftServerConfigKeys (ConfUtils.java:logFallback(53)) - raft.server.rpc.first-election.timeout.min = 5s (fallback to raft.server.rpc.timeout.min)
2022-12-06 16:24:54,717 [307c9a4a-d135-41f7-b2cf-6e79e9d930c6@group-2A829352BC53-FollowerState] INFO  server.RaftServerConfigKeys (ConfUtils.java:logFallback(53)) - raft.server.rpc.first-election.timeout.max = 5200ms (fallback to raft.server.rpc.timeout.max)
2022-12-06 16:24:54,719 [grpc-default-executor-3] INFO  server.RaftServer$Division (RaftServerImpl.java:requestVote(1218)) - 6a413ed4-87ae-4509-b51d-2f5d21600f9c@group-2A829352BC53: receive requestVote(ELECTION, 2fe07876-8610-433e-a055-404555d6ad88, group-2A829352BC53, 3, (t:0, i:0))
2022-12-06 16:24:54,720 [2fe07876-8610-433e-a055-404555d6ad88@group-2A829352BC53-LeaderElection29] INFO  impl.LeaderElection (LeaderElection.java:logAndReturn(90)) - 2fe07876-8610-433e-a055-404555d6ad88@group-2A829352BC53-LeaderElection29: ELECTION PASSED received 1 response(s) and 0 exception(s):
2022-12-06 16:24:54,720 [2fe07876-8610-433e-a055-404555d6ad88@group-2A829352BC53-LeaderElection29] INFO  impl.LeaderElection (LeaderElection.java:logAndReturn(94)) -   Response 0: 2fe07876-8610-433e-a055-404555d6ad88<-307c9a4a-d135-41f7-b2cf-6e79e9d930c6#0:OK-t3
2022-12-06 16:24:54,720 [2fe07876-8610-433e-a055-404555d6ad88@group-2A829352BC53-LeaderElection29] INFO  impl.LeaderElection (LeaderElection.java:askForVotes(314)) - 2fe07876-8610-433e-a055-404555d6ad88@group-2A829352BC53-LeaderElection29 ELECTION round 0: result PASSED
2022-12-06 16:24:54,720 [2fe07876-8610-433e-a055-404555d6ad88@group-2A829352BC53-LeaderElection29] INFO  impl.RoleInfo (RoleInfo.java:shutdownLeaderElection(130)) - 2fe07876-8610-433e-a055-404555d6ad88: shutdown 2fe07876-8610-433e-a055-404555d6ad88@group-2A829352BC53-LeaderElection29
2022-12-06 16:24:54,720 [2fe07876-8610-433e-a055-404555d6ad88@group-2A829352BC53-LeaderElection29] INFO  server.RaftServer$Division (RaftServerImpl.java:setRole(321)) - 2fe07876-8610-433e-a055-404555d6ad88@group-2A829352BC53: changes role from CANDIDATE to LEADER at term 3 for changeToLeader
2022-12-06 16:24:54,720 [2fe07876-8610-433e-a055-404555d6ad88@group-2A829352BC53-LeaderElection29] INFO  ratis.XceiverServerRatis (XceiverServerRatis.java:handleLeaderChangedNotification(863)) - Leader change notification received for group: group-2A829352BC53 with new leaderId: 2fe07876-8610-433e-a055-404555d6ad88
2022-12-06 16:24:54,720 [2fe07876-8610-433e-a055-404555d6ad88@group-2A829352BC53-LeaderElection29] INFO  server.RaftServer$Division (ServerState.java:setLeader(313)) - 2fe07876-8610-433e-a055-404555d6ad88@group-2A829352BC53: change Leader from null to 2fe07876-8610-433e-a055-404555d6ad88 at term 3 for becomeLeader, leader elected after 15211ms
2022-12-06 16:24:54,721 [2fe07876-8610-433e-a055-404555d6ad88@group-2A829352BC53-LeaderElection29] INFO  server.RaftServerConfigKeys (ConfUtils.java:logGet(46)) - raft.server.staging.catchup.gap = 1000 (default)
2022-12-06 16:24:54,721 [2fe07876-8610-433e-a055-404555d6ad88@group-2A829352BC53-LeaderElection29] INFO  server.RaftServerConfigKeys (ConfUtils.java:logGet(46)) - raft.server.write.element-limit = 1024 (custom)
2022-12-06 16:24:54,721 [2fe07876-8610-433e-a055-404555d6ad88@group-2A829352BC53-LeaderElection29] INFO  server.RaftServerConfigKeys (ConfUtils.java:logGet(46)) - raft.server.write.byte-limit = 1024 M (=1073741824) (custom)
2022-12-06 16:24:54,721 [2fe07876-8610-433e-a055-404555d6ad88@group-2A829352BC53-LeaderElection29] INFO  server.RaftServerConfigKeys (ConfUtils.java:logGet(46)) - raft.server.watch.timeout = 180s (custom)
2022-12-06 16:24:54,722 [2fe07876-8610-433e-a055-404555d6ad88@group-2A829352BC53-LeaderElection29] INFO  server.RaftServerConfigKeys (ConfUtils.java:logGet(46)) - raft.server.watch.timeout.denomination = 1s (default)
2022-12-06 16:24:54,722 [2fe07876-8610-433e-a055-404555d6ad88@group-2A829352BC53-LeaderElection29] INFO  server.RaftServerConfigKeys (ConfUtils.java:logGet(46)) - raft.server.watch.element-limit = 65536 (default)
2022-12-06 16:24:54,722 [2fe07876-8610-433e-a055-404555d6ad88@group-2A829352BC53-LeaderElection29] INFO  server.RaftServerConfigKeys (ConfUtils.java:logGet(46)) - raft.server.write.element-limit = 1024 (custom)
2022-12-06 16:24:54,722 [2fe07876-8610-433e-a055-404555d6ad88@group-2A829352BC53-LeaderElection29] INFO  server.RaftServerConfigKeys (ConfUtils.java:logGet(46)) - raft.server.write.follower.gap.ratio.max = -1.0 (default)
2022-12-06 16:24:54,723 [2fe07876-8610-433e-a055-404555d6ad88@group-2A829352BC53-LeaderElection29] INFO  server.RaftServerConfigKeys (ConfUtils.java:logGet(46)) - raft.server.log.appender.snapshot.chunk.size.max = 16MB (=16777216) (default)
2022-12-06 16:24:54,723 [2fe07876-8610-433e-a055-404555d6ad88@group-2A829352BC53-LeaderElection29] INFO  server.RaftServerConfigKeys (ConfUtils.java:logGet(46)) - raft.server.log.appender.buffer.byte-limit = 33554432 (custom)
2022-12-06 16:24:54,723 [2fe07876-8610-433e-a055-404555d6ad88@group-2A829352BC53-LeaderElection29] INFO  server.RaftServerConfigKeys (ConfUtils.java:logGet(46)) - raft.server.log.appender.buffer.element-limit = 1 (custom)
2022-12-06 16:24:54,724 [2fe07876-8610-433e-a055-404555d6ad88@group-2A829352BC53-LeaderElection29] INFO  grpc.GrpcConfigKeys (ConfUtils.java:logGet(46)) - raft.grpc.server.leader.outstanding.appends.max = 128 (default)
2022-12-06 16:24:54,724 [2fe07876-8610-433e-a055-404555d6ad88@group-2A829352BC53-LeaderElection29] INFO  server.RaftServerConfigKeys (ConfUtils.java:logGet(46)) - raft.server.rpc.request.timeout = 60s (custom)
2022-12-06 16:24:54,724 [2fe07876-8610-433e-a055-404555d6ad88@group-2A829352BC53-LeaderElection29] INFO  server.RaftServerConfigKeys (ConfUtils.java:logGet(46)) - raft.server.log.appender.install.snapshot.enabled = false (custom)
2022-12-06 16:24:54,724 [2fe07876-8610-433e-a055-404555d6ad88@group-2A829352BC53-LeaderElection29] INFO  grpc.GrpcConfigKeys (ConfUtils.java:logGet(46)) - raft.grpc.server.heartbeat.channel = true (default)
2022-12-06 16:24:54,724 [2fe07876-8610-433e-a055-404555d6ad88@group-2A829352BC53-LeaderElection29] INFO  server.RaftServerConfigKeys (ConfUtils.java:logGet(46)) - raft.server.log.appender.wait-time.min = 10ms (default)
2022-12-06 16:24:54,729 [2fe07876-8610-433e-a055-404555d6ad88@group-2A829352BC53-LeaderElection29] INFO  server.RaftServerConfigKeys (ConfUtils.java:logGet(46)) - raft.server.log.appender.snapshot.chunk.size.max = 16MB (=16777216) (default)
2022-12-06 16:24:54,729 [2fe07876-8610-433e-a055-404555d6ad88@group-2A829352BC53-LeaderElection29] INFO  server.RaftServerConfigKeys (ConfUtils.java:logGet(46)) - raft.server.log.appender.buffer.byte-limit = 33554432 (custom)
2022-12-06 16:24:54,729 [2fe07876-8610-433e-a055-404555d6ad88@group-2A829352BC53-LeaderElection29] INFO  server.RaftServerConfigKeys (ConfUtils.java:logGet(46)) - raft.server.log.appender.buffer.element-limit = 1 (custom)
2022-12-06 16:24:54,729 [2fe07876-8610-433e-a055-404555d6ad88@group-2A829352BC53-LeaderElection29] INFO  grpc.GrpcConfigKeys (ConfUtils.java:logGet(46)) - raft.grpc.server.leader.outstanding.appends.max = 128 (default)
2022-12-06 16:24:54,729 [2fe07876-8610-433e-a055-404555d6ad88@group-2A829352BC53-LeaderElection29] INFO  server.RaftServerConfigKeys (ConfUtils.java:logGet(46)) - raft.server.rpc.request.timeout = 60s (custom)
2022-12-06 16:24:54,729 [2fe07876-8610-433e-a055-404555d6ad88@group-2A829352BC53-LeaderElection29] INFO  server.RaftServerConfigKeys (ConfUtils.java:logGet(46)) - raft.server.log.appender.install.snapshot.enabled = false (custom)
2022-12-06 16:24:54,729 [2fe07876-8610-433e-a055-404555d6ad88@group-2A829352BC53-LeaderElection29] INFO  grpc.GrpcConfigKeys (ConfUtils.java:logGet(46)) - raft.grpc.server.heartbeat.channel = true (default)
2022-12-06 16:24:54,729 [2fe07876-8610-433e-a055-404555d6ad88@group-2A829352BC53-LeaderElection29] INFO  server.RaftServerConfigKeys (ConfUtils.java:logGet(46)) - raft.server.log.appender.wait-time.min = 10ms (default)
2022-12-06 16:24:54,752 [2fe07876-8610-433e-a055-404555d6ad88@group-2A829352BC53-LeaderElection29] INFO  impl.RoleInfo (RoleInfo.java:updateAndGet(139)) - 2fe07876-8610-433e-a055-404555d6ad88: start 2fe07876-8610-433e-a055-404555d6ad88@group-2A829352BC53-LeaderStateImpl
2022-12-06 16:24:54,752 [2fe07876-8610-433e-a055-404555d6ad88@group-2A829352BC53-LeaderElection29] INFO  segmented.SegmentedRaftLogWorker (SegmentedRaftLogWorker.java:startLogSegment(452)) - 2fe07876-8610-433e-a055-404555d6ad88@group-2A829352BC53-SegmentedRaftLogWorker: Starting segment from index:0
2022-12-06 16:24:54,760 [EventQueue-CommandQueueReportForCommandQueueReportHandler] WARN  events.EventQueue (EventQueue.java:fireEvent(216)) - No event handler registered for event TypedEvent{payloadType=DatanodeDetails, name='Datanode_Command_Queue_Updated'}
2022-12-06 16:24:54,760 [EventQueue-CommandQueueReportForCommandQueueReportHandler] WARN  events.EventQueue (EventQueue.java:fireEvent(216)) - No event handler registered for event TypedEvent{payloadType=DatanodeDetails, name='Datanode_Command_Queue_Updated'}
2022-12-06 16:24:54,760 [EventQueue-PipelineReportForPipelineReportHandler] INFO  pipeline.PipelineManagerImpl (PipelineManagerImpl.java:openPipeline(367)) - Pipeline Pipeline[ Id: 680b4e35-caea-4e8f-9870-2a829352bc53, Nodes: 6a413ed4-87ae-4509-b51d-2f5d21600f9c{ip: 10.1.0.176, host: fv-az451-158.ehxzt5fk3o4e1ahk02omj2f41g.dx.internal.cloudapp.net, ports: [REPLICATION=37211, RATIS=45621, RATIS_ADMIN=45621, RATIS_SERVER=45621, STANDALONE=41119], networkLocation: /default-rack, certSerialId: null, persistedOpState: IN_SERVICE, persistedOpStateExpiryEpochSec: 0}2fe07876-8610-433e-a055-404555d6ad88{ip: 10.1.0.176, host: fv-az451-158.ehxzt5fk3o4e1ahk02omj2f41g.dx.internal.cloudapp.net, ports: [REPLICATION=38677, RATIS=34239, RATIS_ADMIN=34239, RATIS_SERVER=34239, STANDALONE=45543], networkLocation: /default-rack, certSerialId: null, persistedOpState: IN_SERVICE, persistedOpStateExpiryEpochSec: 0}307c9a4a-d135-41f7-b2cf-6e79e9d930c6{ip: 10.1.0.176, host: fv-az451-158.ehxzt5fk3o4e1ahk02omj2f41g.dx.internal.cloudapp.net, ports: [REPLICATION=37879, RATIS=35421, RATIS_ADMIN=35421, RATIS_SERVER=35421, STANDALONE=43209], networkLocation: /default-rack, certSerialId: null, persistedOpState: IN_SERVICE, persistedOpStateExpiryEpochSec: 0}, ReplicationConfig: RATIS/THREE, State:ALLOCATED, leaderId:2fe07876-8610-433e-a055-404555d6ad88, CreationTimestamp2022-12-06T16:24:36.739Z[Etc/UTC]] moved to OPEN state
2022-12-06 16:24:54,761 [6a413ed4-87ae-4509-b51d-2f5d21600f9c@group-2A829352BC53-FollowerState] INFO  impl.FollowerState (FollowerState.java:run(143)) - 6a413ed4-87ae-4509-b51d-2f5d21600f9c@group-2A829352BC53-FollowerState: change to CANDIDATE, lastRpcElapsedTime:5159399413ns, electionTimeout:5156ms
2022-12-06 16:24:54,761 [6a413ed4-87ae-4509-b51d-2f5d21600f9c@group-2A829352BC53-FollowerState] INFO  impl.RoleInfo (RoleInfo.java:shutdownFollowerState(110)) - 6a413ed4-87ae-4509-b51d-2f5d21600f9c: shutdown 6a413ed4-87ae-4509-b51d-2f5d21600f9c@group-2A829352BC53-FollowerState
2022-12-06 16:24:54,761 [6a413ed4-87ae-4509-b51d-2f5d21600f9c@group-2A829352BC53-FollowerState] INFO  server.RaftServer$Division (RaftServerImpl.java:setRole(321)) - 6a413ed4-87ae-4509-b51d-2f5d21600f9c@group-2A829352BC53: changes role from  FOLLOWER to CANDIDATE at term 2 for changeToCandidate
2022-12-06 16:24:54,761 [6a413ed4-87ae-4509-b51d-2f5d21600f9c@group-2A829352BC53-FollowerState] INFO  server.RaftServerConfigKeys (ConfUtils.java:logGet(46)) - raft.server.leaderelection.pre-vote = false (custom)
2022-12-06 16:24:54,761 [6a413ed4-87ae-4509-b51d-2f5d21600f9c@group-2A829352BC53-FollowerState] INFO  impl.RoleInfo (RoleInfo.java:updateAndGet(139)) - 6a413ed4-87ae-4509-b51d-2f5d21600f9c: start 6a413ed4-87ae-4509-b51d-2f5d21600f9c@group-2A829352BC53-LeaderElection30
2022-12-06 16:24:54,766 [2fe07876-8610-433e-a055-404555d6ad88@group-2A829352BC53-SegmentedRaftLogWorker] INFO  segmented.SegmentedRaftLogWorker (SegmentedRaftLogWorker.java:execute(656)) - 2fe07876-8610-433e-a055-404555d6ad88@group-2A829352BC53-SegmentedRaftLogWorker: created new log segment /home/runner/work/ozone/ozone/hadoop-ozone/integration-test/target/test-dir/MiniOzoneClusterImpl-ff76fcda-2f7b-42b7-aafc-07b3f4cbd752/datanode-8/data/ratis/680b4e35-caea-4e8f-9870-2a829352bc53/current/log_inprogress_0
2022-12-06 16:24:54,773 [6a413ed4-87ae-4509-b51d-2f5d21600f9c@group-2A829352BC53-LeaderElection30] INFO  impl.LeaderElection (LeaderElection.java:askForVotes(312)) - 6a413ed4-87ae-4509-b51d-2f5d21600f9c@group-2A829352BC53-LeaderElection30 ELECTION round 0: submit vote requests at term 3 for -1: peers:[307c9a4a-d135-41f7-b2cf-6e79e9d930c6|rpc:10.1.0.176:35421|priority:0|startupRole:FOLLOWER, 2fe07876-8610-433e-a055-404555d6ad88|rpc:10.1.0.176:34239|priority:1|startupRole:FOLLOWER, 6a413ed4-87ae-4509-b51d-2f5d21600f9c|rpc:10.1.0.176:45621|priority:0|startupRole:FOLLOWER]|listeners:[], old=null
2022-12-06 16:24:54,773 [grpc-default-executor-3] INFO  impl.VoteContext (VoteContext.java:log(49)) - 6a413ed4-87ae-4509-b51d-2f5d21600f9c@group-2A829352BC53-CANDIDATE: reject ELECTION from 2fe07876-8610-433e-a055-404555d6ad88: already has voted for 6a413ed4-87ae-4509-b51d-2f5d21600f9c at current term 3
2022-12-06 16:24:54,773 [grpc-default-executor-3] INFO  server.RaftServer$Division (RaftServerImpl.java:requestVote(1251)) - 6a413ed4-87ae-4509-b51d-2f5d21600f9c@group-2A829352BC53 replies to ELECTION vote request: 2fe07876-8610-433e-a055-404555d6ad88<-6a413ed4-87ae-4509-b51d-2f5d21600f9c#0:FAIL-t3. Peer's state: 6a413ed4-87ae-4509-b51d-2f5d21600f9c@group-2A829352BC53:t3, leader=null, voted=6a413ed4-87ae-4509-b51d-2f5d21600f9c, raftlog=Memoized:6a413ed4-87ae-4509-b51d-2f5d21600f9c@group-2A829352BC53-SegmentedRaftLog:OPENED:c-1, conf=-1: peers:[307c9a4a-d135-41f7-b2cf-6e79e9d930c6|rpc:10.1.0.176:35421|priority:0|startupRole:FOLLOWER, 2fe07876-8610-433e-a055-404555d6ad88|rpc:10.1.0.176:34239|priority:1|startupRole:FOLLOWER, 6a413ed4-87ae-4509-b51d-2f5d21600f9c|rpc:10.1.0.176:45621|priority:0|startupRole:FOLLOWER]|listeners:[], old=null
2022-12-06 16:24:54,781 [2fe07876-8610-433e-a055-404555d6ad88@group-2A829352BC53-LeaderElection29] INFO  server.RaftServer$Division (ServerState.java:setRaftConf(430)) - 2fe07876-8610-433e-a055-404555d6ad88@group-2A829352BC53: set configuration 0: peers:[307c9a4a-d135-41f7-b2cf-6e79e9d930c6|rpc:10.1.0.176:35421|dataStream:|priority:0|startupRole:FOLLOWER, 2fe07876-8610-433e-a055-404555d6ad88|rpc:10.1.0.176:34239|dataStream:|priority:1|startupRole:FOLLOWER, 6a413ed4-87ae-4509-b51d-2f5d21600f9c|rpc:10.1.0.176:45621|dataStream:|priority:0|startupRole:FOLLOWER]|listeners:[], old=null
2022-12-06 16:24:54,788 [grpc-default-executor-2] WARN  server.GrpcLogAppender (LogUtils.java:warn(122)) - 592803f5-ace9-49ac-a54f-354c0e5baf2c@group-23A236CF6C1C->93471f04-f84a-446a-9dbd-94f45fb64b69-AppendLogResponseHandler: Failed appendEntries: org.apache.ratis.thirdparty.io.grpc.StatusRuntimeException: UNAVAILABLE: io exception
2022-12-06 16:24:54,789 [grpc-default-executor-2] WARN  server.GrpcLogAppender (GrpcLogAppender.java:resetClient(131)) - 592803f5-ace9-49ac-a54f-354c0e5baf2c@group-23A236CF6C1C->93471f04-f84a-446a-9dbd-94f45fb64b69-GrpcLogAppender: Leader has not got in touch with Follower 592803f5-ace9-49ac-a54f-354c0e5baf2c@group-23A236CF6C1C->93471f04-f84a-446a-9dbd-94f45fb64b69(c-1,m0,n1, attendVote=true, lastRpcSendTime=1, lastRpcResponseTime=6475) yet, just keep nextIndex unchanged and retry.
2022-12-06 16:24:54,790 [grpc-default-executor-3] WARN  server.GrpcLogAppender (LogUtils.java:warn(122)) - 592803f5-ace9-49ac-a54f-354c0e5baf2c@group-23A236CF6C1C->93471f04-f84a-446a-9dbd-94f45fb64b69-AppendLogResponseHandler: Failed appendEntries: org.apache.ratis.thirdparty.io.grpc.StatusRuntimeException: UNAVAILABLE: io exception
2022-12-06 16:24:54,790 [grpc-default-executor-3] WARN  server.GrpcLogAppender (GrpcLogAppender.java:resetClient(131)) - 592803f5-ace9-49ac-a54f-354c0e5baf2c@group-23A236CF6C1C->93471f04-f84a-446a-9dbd-94f45fb64b69-GrpcLogAppender: Leader has not got in touch with Follower 592803f5-ace9-49ac-a54f-354c0e5baf2c@group-23A236CF6C1C->93471f04-f84a-446a-9dbd-94f45fb64b69(c-1,m0,n1, attendVote=true, lastRpcSendTime=1, lastRpcResponseTime=6475) yet, just keep nextIndex unchanged and retry.
2022-12-06 16:24:54,820 [6a413ed4-87ae-4509-b51d-2f5d21600f9c@group-2A829352BC53-LeaderElection30-1] INFO  server.GrpcServerProtocolClient (GrpcServerProtocolClient.java:<init>(63)) - Build channel for 307c9a4a-d135-41f7-b2cf-6e79e9d930c6
2022-12-06 16:24:54,824 [EventQueue-CommandQueueReportForCommandQueueReportHandler] WARN  events.EventQueue (EventQueue.java:fireEvent(216)) - No event handler registered for event TypedEvent{payloadType=DatanodeDetails, name='Datanode_Command_Queue_Updated'}
2022-12-06 16:24:54,829 [6a413ed4-87ae-4509-b51d-2f5d21600f9c@group-2A829352BC53-LeaderElection30] INFO  server.RaftServerConfigKeys (ConfUtils.java:logFallback(53)) - raft.server.rpc.first-election.timeout.min = 5s (fallback to raft.server.rpc.timeout.min)
2022-12-06 16:24:54,829 [6a413ed4-87ae-4509-b51d-2f5d21600f9c@group-2A829352BC53-LeaderElection30] INFO  server.RaftServerConfigKeys (ConfUtils.java:logFallback(53)) - raft.server.rpc.first-election.timeout.max = 5200ms (fallback to raft.server.rpc.timeout.max)
2022-12-06 16:24:54,829 [6a413ed4-87ae-4509-b51d-2f5d21600f9c@group-2A829352BC53-LeaderElection30-2] INFO  server.GrpcServerProtocolClient (GrpcServerProtocolClient.java:<init>(63)) - Build channel for 2fe07876-8610-433e-a055-404555d6ad88
2022-12-06 16:24:54,830 [6a413ed4-87ae-4509-b51d-2f5d21600f9c-server-thread2] INFO  server.RaftServer$Division (RaftServerImpl.java:setRole(321)) - 6a413ed4-87ae-4509-b51d-2f5d21600f9c@group-2A829352BC53: changes role from CANDIDATE to FOLLOWER at term 3 for appendEntries
2022-12-06 16:24:54,831 [6a413ed4-87ae-4509-b51d-2f5d21600f9c-server-thread2] INFO  impl.RoleInfo (RoleInfo.java:shutdownLeaderElection(130)) - 6a413ed4-87ae-4509-b51d-2f5d21600f9c: shutdown 6a413ed4-87ae-4509-b51d-2f5d21600f9c@group-2A829352BC53-LeaderElection30
2022-12-06 16:24:54,836 [grpc-default-executor-1] INFO  server.RaftServer$Division (RaftServerImpl.java:requestVote(1218)) - 2fe07876-8610-433e-a055-404555d6ad88@group-2A829352BC53: receive requestVote(ELECTION, 6a413ed4-87ae-4509-b51d-2f5d21600f9c, group-2A829352BC53, 3, (t:0, i:0))
2022-12-06 16:24:54,836 [grpc-default-executor-1] INFO  impl.VoteContext (VoteContext.java:log(49)) - 2fe07876-8610-433e-a055-404555d6ad88@group-2A829352BC53-LEADER: reject ELECTION from 6a413ed4-87ae-4509-b51d-2f5d21600f9c: already has voted for 2fe07876-8610-433e-a055-404555d6ad88 at current term 3
2022-12-06 16:24:54,837 [grpc-default-executor-1] INFO  server.RaftServer$Division (RaftServerImpl.java:requestVote(1251)) - 2fe07876-8610-433e-a055-404555d6ad88@group-2A829352BC53 replies to ELECTION vote request: 6a413ed4-87ae-4509-b51d-2f5d21600f9c<-2fe07876-8610-433e-a055-404555d6ad88#0:FAIL-t3. Peer's state: 2fe07876-8610-433e-a055-404555d6ad88@group-2A829352BC53:t3, leader=2fe07876-8610-433e-a055-404555d6ad88, voted=2fe07876-8610-433e-a055-404555d6ad88, raftlog=Memoized:2fe07876-8610-433e-a055-404555d6ad88@group-2A829352BC53-SegmentedRaftLog:OPENED:c0, conf=0: peers:[307c9a4a-d135-41f7-b2cf-6e79e9d930c6|rpc:10.1.0.176:35421|dataStream:|priority:0|startupRole:FOLLOWER, 2fe07876-8610-433e-a055-404555d6ad88|rpc:10.1.0.176:34239|dataStream:|priority:1|startupRole:FOLLOWER, 6a413ed4-87ae-4509-b51d-2f5d21600f9c|rpc:10.1.0.176:45621|dataStream:|priority:0|startupRole:FOLLOWER]|listeners:[], old=null
2022-12-06 16:24:54,847 [307c9a4a-d135-41f7-b2cf-6e79e9d930c6-server-thread2] INFO  ratis.XceiverServerRatis (XceiverServerRatis.java:handleLeaderChangedNotification(863)) - Leader change notification received for group: group-2A829352BC53 with new leaderId: 2fe07876-8610-433e-a055-404555d6ad88
2022-12-06 16:24:54,847 [307c9a4a-d135-41f7-b2cf-6e79e9d930c6-server-thread2] INFO  server.RaftServer$Division (ServerState.java:setLeader(313)) - 307c9a4a-d135-41f7-b2cf-6e79e9d930c6@group-2A829352BC53: change Leader from null to 2fe07876-8610-433e-a055-404555d6ad88 at term 3 for appendEntries, leader elected after 15453ms
2022-12-06 16:24:54,847 [307c9a4a-d135-41f7-b2cf-6e79e9d930c6-server-thread2] INFO  server.RaftServer$Division (ServerState.java:setRaftConf(430)) - 307c9a4a-d135-41f7-b2cf-6e79e9d930c6@group-2A829352BC53: set configuration 0: peers:[307c9a4a-d135-41f7-b2cf-6e79e9d930c6|rpc:10.1.0.176:35421|dataStream:|priority:0|startupRole:FOLLOWER, 2fe07876-8610-433e-a055-404555d6ad88|rpc:10.1.0.176:34239|dataStream:|priority:1|startupRole:FOLLOWER, 6a413ed4-87ae-4509-b51d-2f5d21600f9c|rpc:10.1.0.176:45621|dataStream:|priority:0|startupRole:FOLLOWER]|listeners:[], old=null
2022-12-06 16:24:54,847 [307c9a4a-d135-41f7-b2cf-6e79e9d930c6-server-thread2] INFO  segmented.SegmentedRaftLogWorker (SegmentedRaftLogWorker.java:startLogSegment(452)) - 307c9a4a-d135-41f7-b2cf-6e79e9d930c6@group-2A829352BC53-SegmentedRaftLogWorker: Starting segment from index:0
2022-12-06 16:24:54,848 [6a413ed4-87ae-4509-b51d-2f5d21600f9c@group-2A829352BC53-LeaderElection30] INFO  impl.LeaderElection (LeaderElection.java:logAndReturn(90)) - 6a413ed4-87ae-4509-b51d-2f5d21600f9c@group-2A829352BC53-LeaderElection30: ELECTION REJECTED received 1 response(s) and 0 exception(s):
2022-12-06 16:24:54,848 [6a413ed4-87ae-4509-b51d-2f5d21600f9c@group-2A829352BC53-LeaderElection30] INFO  impl.LeaderElection (LeaderElection.java:logAndReturn(94)) -   Response 0: 6a413ed4-87ae-4509-b51d-2f5d21600f9c<-2fe07876-8610-433e-a055-404555d6ad88#0:FAIL-t3
2022-12-06 16:24:54,848 [6a413ed4-87ae-4509-b51d-2f5d21600f9c@group-2A829352BC53-LeaderElection30] INFO  impl.LeaderElection (LeaderElection.java:askForVotes(314)) - 6a413ed4-87ae-4509-b51d-2f5d21600f9c@group-2A829352BC53-LeaderElection30 ELECTION round 0: result REJECTED
2022-12-06 16:24:54,848 [6a413ed4-87ae-4509-b51d-2f5d21600f9c-server-thread2] INFO  impl.RoleInfo (RoleInfo.java:updateAndGet(139)) - 6a413ed4-87ae-4509-b51d-2f5d21600f9c: start 6a413ed4-87ae-4509-b51d-2f5d21600f9c@group-2A829352BC53-FollowerState
2022-12-06 16:24:54,850 [6a413ed4-87ae-4509-b51d-2f5d21600f9c-server-thread2] INFO  ratis.XceiverServerRatis (XceiverServerRatis.java:handleLeaderChangedNotification(863)) - Leader change notification received for group: group-2A829352BC53 with new leaderId: 2fe07876-8610-433e-a055-404555d6ad88
2022-12-06 16:24:54,850 [6a413ed4-87ae-4509-b51d-2f5d21600f9c-server-thread2] INFO  server.RaftServer$Division (ServerState.java:setLeader(313)) - 6a413ed4-87ae-4509-b51d-2f5d21600f9c@group-2A829352BC53: change Leader from null to 2fe07876-8610-433e-a055-404555d6ad88 at term 3 for appendEntries, leader elected after 15417ms
2022-12-06 16:24:54,850 [6a413ed4-87ae-4509-b51d-2f5d21600f9c-server-thread2] INFO  server.RaftServer$Division (ServerState.java:setRaftConf(430)) - 6a413ed4-87ae-4509-b51d-2f5d21600f9c@group-2A829352BC53: set configuration 0: peers:[307c9a4a-d135-41f7-b2cf-6e79e9d930c6|rpc:10.1.0.176:35421|dataStream:|priority:0|startupRole:FOLLOWER, 2fe07876-8610-433e-a055-404555d6ad88|rpc:10.1.0.176:34239|dataStream:|priority:1|startupRole:FOLLOWER, 6a413ed4-87ae-4509-b51d-2f5d21600f9c|rpc:10.1.0.176:45621|dataStream:|priority:0|startupRole:FOLLOWER]|listeners:[], old=null
2022-12-06 16:24:54,851 [6a413ed4-87ae-4509-b51d-2f5d21600f9c-server-thread2] INFO  segmented.SegmentedRaftLogWorker (SegmentedRaftLogWorker.java:startLogSegment(452)) - 6a413ed4-87ae-4509-b51d-2f5d21600f9c@group-2A829352BC53-SegmentedRaftLogWorker: Starting segment from index:0
2022-12-06 16:24:54,853 [6a413ed4-87ae-4509-b51d-2f5d21600f9c@group-2A829352BC53-SegmentedRaftLogWorker] INFO  segmented.SegmentedRaftLogWorker (SegmentedRaftLogWorker.java:execute(656)) - 6a413ed4-87ae-4509-b51d-2f5d21600f9c@group-2A829352BC53-SegmentedRaftLogWorker: created new log segment /home/runner/work/ozone/ozone/hadoop-ozone/integration-test/target/test-dir/MiniOzoneClusterImpl-ff76fcda-2f7b-42b7-aafc-07b3f4cbd752/datanode-7/data/ratis/680b4e35-caea-4e8f-9870-2a829352bc53/current/log_inprogress_0
2022-12-06 16:24:54,854 [307c9a4a-d135-41f7-b2cf-6e79e9d930c6@group-2A829352BC53-SegmentedRaftLogWorker] INFO  segmented.SegmentedRaftLogWorker (SegmentedRaftLogWorker.java:execute(656)) - 307c9a4a-d135-41f7-b2cf-6e79e9d930c6@group-2A829352BC53-SegmentedRaftLogWorker: created new log segment /home/runner/work/ozone/ozone/hadoop-ozone/integration-test/target/test-dir/MiniOzoneClusterImpl-ff76fcda-2f7b-42b7-aafc-07b3f4cbd752/datanode-6/data/ratis/680b4e35-caea-4e8f-9870-2a829352bc53/current/log_inprogress_0
2022-12-06 16:24:54,855 [grpc-default-executor-0] INFO  server.RaftServer$Division (RaftServerImpl.java:requestVote(1218)) - 307c9a4a-d135-41f7-b2cf-6e79e9d930c6@group-2A829352BC53: receive requestVote(ELECTION, 6a413ed4-87ae-4509-b51d-2f5d21600f9c, group-2A829352BC53, 3, (t:0, i:0))
2022-12-06 16:24:54,855 [grpc-default-executor-0] INFO  impl.VoteContext (VoteContext.java:log(49)) - 307c9a4a-d135-41f7-b2cf-6e79e9d930c6@group-2A829352BC53-FOLLOWER: reject ELECTION from 6a413ed4-87ae-4509-b51d-2f5d21600f9c: already has voted for 2fe07876-8610-433e-a055-404555d6ad88 at current term 3
2022-12-06 16:24:54,855 [grpc-default-executor-0] INFO  server.RaftServer$Division (RaftServerImpl.java:requestVote(1251)) - 307c9a4a-d135-41f7-b2cf-6e79e9d930c6@group-2A829352BC53 replies to ELECTION vote request: 6a413ed4-87ae-4509-b51d-2f5d21600f9c<-307c9a4a-d135-41f7-b2cf-6e79e9d930c6#0:FAIL-t3. Peer's state: 307c9a4a-d135-41f7-b2cf-6e79e9d930c6@group-2A829352BC53:t3, leader=2fe07876-8610-433e-a055-404555d6ad88, voted=2fe07876-8610-433e-a055-404555d6ad88, raftlog=Memoized:307c9a4a-d135-41f7-b2cf-6e79e9d930c6@group-2A829352BC53-SegmentedRaftLog:OPENED:c-1, conf=0: peers:[307c9a4a-d135-41f7-b2cf-6e79e9d930c6|rpc:10.1.0.176:35421|dataStream:|priority:0|startupRole:FOLLOWER, 2fe07876-8610-433e-a055-404555d6ad88|rpc:10.1.0.176:34239|dataStream:|priority:1|startupRole:FOLLOWER, 6a413ed4-87ae-4509-b51d-2f5d21600f9c|rpc:10.1.0.176:45621|dataStream:|priority:0|startupRole:FOLLOWER]|listeners:[], old=null
2022-12-06 16:24:55,035 [EventQueue-CommandQueueReportForCommandQueueReportHandler] WARN  events.EventQueue (EventQueue.java:fireEvent(216)) - No event handler registered for event TypedEvent{payloadType=DatanodeDetails, name='Datanode_Command_Queue_Updated'}
2022-12-06 16:24:55,038 [EventQueue-CommandQueueReportForCommandQueueReportHandler] WARN  events.EventQueue (EventQueue.java:fireEvent(216)) - No event handler registered for event TypedEvent{payloadType=DatanodeDetails, name='Datanode_Command_Queue_Updated'}
2022-12-06 16:24:55,042 [EventQueue-CommandQueueReportForCommandQueueReportHandler] WARN  events.EventQueue (EventQueue.java:fireEvent(216)) - No event handler registered for event TypedEvent{payloadType=DatanodeDetails, name='Datanode_Command_Queue_Updated'}
2022-12-06 16:24:55,042 [EventQueue-CommandQueueReportForCommandQueueReportHandler] WARN  events.EventQueue (EventQueue.java:fireEvent(216)) - No event handler registered for event TypedEvent{payloadType=DatanodeDetails, name='Datanode_Command_Queue_Updated'}
2022-12-06 16:24:55,049 [EventQueue-CommandQueueReportForCommandQueueReportHandler] WARN  events.EventQueue (EventQueue.java:fireEvent(216)) - No event handler registered for event TypedEvent{payloadType=DatanodeDetails, name='Datanode_Command_Queue_Updated'}
2022-12-06 16:24:55,068 [EventQueue-CommandQueueReportForCommandQueueReportHandler] WARN  events.EventQueue (EventQueue.java:fireEvent(216)) - No event handler registered for event TypedEvent{payloadType=DatanodeDetails, name='Datanode_Command_Queue_Updated'}
2022-12-06 16:24:55,069 [EventQueue-CommandQueueReportForCommandQueueReportHandler] WARN  events.EventQueue (EventQueue.java:fireEvent(216)) - No event handler registered for event TypedEvent{payloadType=DatanodeDetails, name='Datanode_Command_Queue_Updated'}
2022-12-06 16:24:55,106 [Command processor thread] INFO  keyvalue.KeyValueContainer (KeyValueContainer.java:flushAndSyncDB(437)) - Container 1 is synced with bcsId 0.
2022-12-06 16:24:55,106 [Command processor thread] INFO  keyvalue.KeyValueContainer (KeyValueContainer.java:flushAndSyncDB(437)) - Container 1 is synced with bcsId 0.
2022-12-06 16:24:55,118 [Command processor thread] INFO  keyvalue.KeyValueContainer (KeyValueContainer.java:close(352)) - Container 1 is closed with bcsId 0.
2022-12-06 16:24:55,121 [EventQueue-CommandQueueReportForCommandQueueReportHandler] WARN  events.EventQueue (EventQueue.java:fireEvent(216)) - No event handler registered for event TypedEvent{payloadType=DatanodeDetails, name='Datanode_Command_Queue_Updated'}
2022-12-06 16:24:55,121 [FixedThreadPoolWithAffinityExecutor-0-0] INFO  container.IncrementalContainerReportHandler (AbstractContainerReportHandler.java:updateContainerState(292)) - Moving container #1 to CLOSED state, datanode fd07e5d7-2dd9-455a-a9b9-9dae4f4be123{ip: 10.1.0.176, host: fv-az451-158.ehxzt5fk3o4e1ahk02omj2f41g.dx.internal.cloudapp.net, ports: [REPLICATION=43535, RATIS=45045, RATIS_ADMIN=45045, RATIS_SERVER=45045, STANDALONE=40309], networkLocation: /default-rack, certSerialId: null, persistedOpState: IN_SERVICE, persistedOpStateExpiryEpochSec: 0} reported CLOSED replica.
2022-12-06 16:24:55,146 [Command processor thread] INFO  keyvalue.KeyValueContainer (KeyValueContainer.java:flushAndSyncDB(437)) - Container 1 is synced with bcsId 0.
2022-12-06 16:24:55,150 [Command processor thread] INFO  keyvalue.KeyValueContainer (KeyValueContainer.java:flushAndSyncDB(437)) - Container 1 is synced with bcsId 0.
2022-12-06 16:24:55,159 [Command processor thread] INFO  keyvalue.KeyValueContainer (KeyValueContainer.java:close(352)) - Container 1 is closed with bcsId 0.
2022-12-06 16:24:55,161 [EventQueue-CommandQueueReportForCommandQueueReportHandler] WARN  events.EventQueue (EventQueue.java:fireEvent(216)) - No event handler registered for event TypedEvent{payloadType=DatanodeDetails, name='Datanode_Command_Queue_Updated'}
2022-12-06 16:24:55,179 [Listener at 127.0.0.1/39139] INFO  replication.ReplicationManager (ReplicationManager.java:stop(289)) - Stopping Replication Monitor Thread.
2022-12-06 16:24:55,180 [Under Replicated Processor] WARN  replication.UnderReplicatedProcessor (UnderReplicatedProcessor.java:run(108)) - Under Replicated Processor interrupted. Exiting...
2022-12-06 16:24:55,181 [Over Replicated Processor] WARN  replication.OverReplicatedProcessor (OverReplicatedProcessor.java:run(109)) - Over Replicated Processor interrupted. Exiting...
2022-12-06 16:24:55,182 [ReplicationMonitor] INFO  replication.ReplicationManager (ReplicationManager.java:run(641)) - Replication Monitor Thread is stopped
2022-12-06 16:24:55,192 [Command processor thread] INFO  keyvalue.KeyValueContainer (KeyValueContainer.java:flushAndSyncDB(437)) - Container 1 is synced with bcsId 0.
2022-12-06 16:24:55,192 [Command processor thread] INFO  keyvalue.KeyValueContainer (KeyValueContainer.java:flushAndSyncDB(437)) - Container 1 is synced with bcsId 0.
2022-12-06 16:24:55,208 [Command processor thread] INFO  keyvalue.KeyValueContainer (KeyValueContainer.java:close(352)) - Container 1 is closed with bcsId 0.
2022-12-06 16:24:55,212 [EventQueue-CommandQueueReportForCommandQueueReportHandler] WARN  events.EventQueue (EventQueue.java:fireEvent(216)) - No event handler registered for event TypedEvent{payloadType=DatanodeDetails, name='Datanode_Command_Queue_Updated'}
2022-12-06 16:24:55,241 [Command processor thread] INFO  keyvalue.KeyValueContainer (KeyValueContainer.java:flushAndSyncDB(437)) - Container 1 is synced with bcsId 0.
2022-12-06 16:24:55,241 [Command processor thread] INFO  keyvalue.KeyValueContainer (KeyValueContainer.java:flushAndSyncDB(437)) - Container 1 is synced with bcsId 0.
2022-12-06 16:24:55,250 [Command processor thread] INFO  keyvalue.KeyValueContainer (KeyValueContainer.java:close(352)) - Container 1 is closed with bcsId 0.
2022-12-06 16:24:55,252 [EventQueue-CommandQueueReportForCommandQueueReportHandler] WARN  events.EventQueue (EventQueue.java:fireEvent(216)) - No event handler registered for event TypedEvent{payloadType=DatanodeDetails, name='Datanode_Command_Queue_Updated'}
2022-12-06 16:24:55,516 [EventQueue-CommandQueueReportForCommandQueueReportHandler] WARN  events.EventQueue (EventQueue.java:fireEvent(216)) - No event handler registered for event TypedEvent{payloadType=DatanodeDetails, name='Datanode_Command_Queue_Updated'}
2022-12-06 16:24:55,559 [EventQueue-CommandQueueReportForCommandQueueReportHandler] WARN  events.EventQueue (EventQueue.java:fireEvent(216)) - No event handler registered for event TypedEvent{payloadType=DatanodeDetails, name='Datanode_Command_Queue_Updated'}
2022-12-06 16:24:55,643 [EventQueue-CommandQueueReportForCommandQueueReportHandler] WARN  events.EventQueue (EventQueue.java:fireEvent(216)) - No event handler registered for event TypedEvent{payloadType=DatanodeDetails, name='Datanode_Command_Queue_Updated'}
2022-12-06 16:24:55,760 [EventQueue-CommandQueueReportForCommandQueueReportHandler] WARN  events.EventQueue (EventQueue.java:fireEvent(216)) - No event handler registered for event TypedEvent{payloadType=DatanodeDetails, name='Datanode_Command_Queue_Updated'}
2022-12-06 16:24:55,815 [EventQueue-CommandQueueReportForCommandQueueReportHandler] WARN  events.EventQueue (EventQueue.java:fireEvent(216)) - No event handler registered for event TypedEvent{payloadType=DatanodeDetails, name='Datanode_Command_Queue_Updated'}
2022-12-06 16:24:56,039 [grpc-default-executor-0] WARN  server.GrpcLogAppender (LogUtils.java:warn(122)) - 592803f5-ace9-49ac-a54f-354c0e5baf2c@group-23A236CF6C1C->93471f04-f84a-446a-9dbd-94f45fb64b69-AppendLogResponseHandler: Failed appendEntries: org.apache.ratis.thirdparty.io.grpc.StatusRuntimeException: UNAVAILABLE: io exception
2022-12-06 16:24:56,039 [grpc-default-executor-3] WARN  server.GrpcLogAppender (LogUtils.java:warn(122)) - 592803f5-ace9-49ac-a54f-354c0e5baf2c@group-23A236CF6C1C->93471f04-f84a-446a-9dbd-94f45fb64b69-AppendLogResponseHandler: Failed appendEntries: org.apache.ratis.thirdparty.io.grpc.StatusRuntimeException: UNAVAILABLE: io exception
2022-12-06 16:24:56,041 [grpc-default-executor-0] WARN  server.GrpcLogAppender (GrpcLogAppender.java:resetClient(131)) - 592803f5-ace9-49ac-a54f-354c0e5baf2c@group-23A236CF6C1C->93471f04-f84a-446a-9dbd-94f45fb64b69-GrpcLogAppender: Leader has not got in touch with Follower 592803f5-ace9-49ac-a54f-354c0e5baf2c@group-23A236CF6C1C->93471f04-f84a-446a-9dbd-94f45fb64b69(c-1,m0,n1, attendVote=true, lastRpcSendTime=1, lastRpcResponseTime=7726) yet, just keep nextIndex unchanged and retry.
2022-12-06 16:24:56,041 [grpc-default-executor-3] WARN  server.GrpcLogAppender (GrpcLogAppender.java:resetClient(131)) - 592803f5-ace9-49ac-a54f-354c0e5baf2c@group-23A236CF6C1C->93471f04-f84a-446a-9dbd-94f45fb64b69-GrpcLogAppender: Leader has not got in touch with Follower 592803f5-ace9-49ac-a54f-354c0e5baf2c@group-23A236CF6C1C->93471f04-f84a-446a-9dbd-94f45fb64b69(c-1,m0,n1, attendVote=true, lastRpcSendTime=2, lastRpcResponseTime=7727) yet, just keep nextIndex unchanged and retry.
2022-12-06 16:24:56,120 [EventQueue-CommandQueueReportForCommandQueueReportHandler] WARN  events.EventQueue (EventQueue.java:fireEvent(216)) - No event handler registered for event TypedEvent{payloadType=DatanodeDetails, name='Datanode_Command_Queue_Updated'}
2022-12-06 16:24:56,123 [EventQueue-DeadNodeForDeadNodeHandler] INFO  node.DeadNodeHandler (DeadNodeHandler.java:onMessage(81)) - A dead datanode is detected. 93471f04-f84a-446a-9dbd-94f45fb64b69{ip: 10.1.0.176, host: fv-az451-158.ehxzt5fk3o4e1ahk02omj2f41g.dx.internal.cloudapp.net, ports: [REPLICATION=40949, RATIS=39615, RATIS_ADMIN=39615, RATIS_SERVER=39615, STANDALONE=46429], networkLocation: /default-rack, certSerialId: null, persistedOpState: IN_SERVICE, persistedOpStateExpiryEpochSec: 0}
2022-12-06 16:24:56,125 [EventQueue-DeadNodeForDeadNodeHandler] INFO  pipeline.RatisPipelineProvider (RatisPipelineProvider.java:lambda$close$1(244)) - Send pipeline:PipelineID=47c8ed29-a24a-4c2c-bc83-23a236cf6c1c close command to datanode 592803f5-ace9-49ac-a54f-354c0e5baf2c
2022-12-06 16:24:56,126 [EventQueue-DeadNodeForDeadNodeHandler] INFO  pipeline.RatisPipelineProvider (RatisPipelineProvider.java:lambda$close$1(244)) - Send pipeline:PipelineID=47c8ed29-a24a-4c2c-bc83-23a236cf6c1c close command to datanode fd07e5d7-2dd9-455a-a9b9-9dae4f4be123
2022-12-06 16:24:56,126 [EventQueue-DeadNodeForDeadNodeHandler] INFO  pipeline.RatisPipelineProvider (RatisPipelineProvider.java:lambda$close$1(244)) - Send pipeline:PipelineID=47c8ed29-a24a-4c2c-bc83-23a236cf6c1c close command to datanode 93471f04-f84a-446a-9dbd-94f45fb64b69
2022-12-06 16:24:56,130 [EventQueue-DeadNodeForDeadNodeHandler] INFO  pipeline.PipelineStateManagerImpl (PipelineStateManagerImpl.java:removePipeline(245)) - Pipeline Pipeline[ Id: 47c8ed29-a24a-4c2c-bc83-23a236cf6c1c, Nodes: 592803f5-ace9-49ac-a54f-354c0e5baf2c{ip: 10.1.0.176, host: fv-az451-158.ehxzt5fk3o4e1ahk02omj2f41g.dx.internal.cloudapp.net, ports: [REPLICATION=35645, RATIS=36049, RATIS_ADMIN=36049, RATIS_SERVER=36049, STANDALONE=43037], networkLocation: /default-rack, certSerialId: null, persistedOpState: IN_SERVICE, persistedOpStateExpiryEpochSec: 0}fd07e5d7-2dd9-455a-a9b9-9dae4f4be123{ip: 10.1.0.176, host: fv-az451-158.ehxzt5fk3o4e1ahk02omj2f41g.dx.internal.cloudapp.net, ports: [REPLICATION=43535, RATIS=45045, RATIS_ADMIN=45045, RATIS_SERVER=45045, STANDALONE=40309], networkLocation: /default-rack, certSerialId: null, persistedOpState: IN_SERVICE, persistedOpStateExpiryEpochSec: 0}93471f04-f84a-446a-9dbd-94f45fb64b69{ip: 10.1.0.176, host: fv-az451-158.ehxzt5fk3o4e1ahk02omj2f41g.dx.internal.cloudapp.net, ports: [REPLICATION=40949, RATIS=39615, RATIS_ADMIN=39615, RATIS_SERVER=39615, STANDALONE=46429], networkLocation: /default-rack, certSerialId: null, persistedOpState: IN_SERVICE, persistedOpStateExpiryEpochSec: 0}, ReplicationConfig: RATIS/THREE, State:CLOSED, leaderId:592803f5-ace9-49ac-a54f-354c0e5baf2c, CreationTimestamp2022-12-06T16:24:35.528Z[Etc/UTC]] removed.
2022-12-06 16:24:56,132 [EventQueue-DeadNodeForDeadNodeHandler] INFO  pipeline.RatisPipelineProvider (RatisPipelineProvider.java:lambda$close$1(244)) - Send pipeline:PipelineID=c5007c7d-689f-453a-a58d-032d02cb740d close command to datanode fd07e5d7-2dd9-455a-a9b9-9dae4f4be123
2022-12-06 16:24:56,132 [EventQueue-DeadNodeForDeadNodeHandler] INFO  pipeline.RatisPipelineProvider (RatisPipelineProvider.java:lambda$close$1(244)) - Send pipeline:PipelineID=c5007c7d-689f-453a-a58d-032d02cb740d close command to datanode 93471f04-f84a-446a-9dbd-94f45fb64b69
2022-12-06 16:24:56,132 [EventQueue-DeadNodeForDeadNodeHandler] INFO  pipeline.RatisPipelineProvider (RatisPipelineProvider.java:lambda$close$1(244)) - Send pipeline:PipelineID=c5007c7d-689f-453a-a58d-032d02cb740d close command to datanode 592803f5-ace9-49ac-a54f-354c0e5baf2c
2022-12-06 16:24:56,133 [EventQueue-DeadNodeForDeadNodeHandler] INFO  pipeline.PipelineStateManagerImpl (PipelineStateManagerImpl.java:removePipeline(245)) - Pipeline Pipeline[ Id: c5007c7d-689f-453a-a58d-032d02cb740d, Nodes: fd07e5d7-2dd9-455a-a9b9-9dae4f4be123{ip: 10.1.0.176, host: fv-az451-158.ehxzt5fk3o4e1ahk02omj2f41g.dx.internal.cloudapp.net, ports: [REPLICATION=43535, RATIS=45045, RATIS_ADMIN=45045, RATIS_SERVER=45045, STANDALONE=40309], networkLocation: /default-rack, certSerialId: null, persistedOpState: IN_SERVICE, persistedOpStateExpiryEpochSec: 0}93471f04-f84a-446a-9dbd-94f45fb64b69{ip: 10.1.0.176, host: fv-az451-158.ehxzt5fk3o4e1ahk02omj2f41g.dx.internal.cloudapp.net, ports: [REPLICATION=40949, RATIS=39615, RATIS_ADMIN=39615, RATIS_SERVER=39615, STANDALONE=46429], networkLocation: /default-rack, certSerialId: null, persistedOpState: IN_SERVICE, persistedOpStateExpiryEpochSec: 0}592803f5-ace9-49ac-a54f-354c0e5baf2c{ip: 10.1.0.176, host: fv-az451-158.ehxzt5fk3o4e1ahk02omj2f41g.dx.internal.cloudapp.net, ports: [REPLICATION=35645, RATIS=36049, RATIS_ADMIN=36049, RATIS_SERVER=36049, STANDALONE=43037], networkLocation: /default-rack, certSerialId: null, persistedOpState: IN_SERVICE, persistedOpStateExpiryEpochSec: 0}, ReplicationConfig: RATIS/THREE, State:CLOSED, leaderId:93471f04-f84a-446a-9dbd-94f45fb64b69, CreationTimestamp2022-12-06T16:24:35.526Z[Etc/UTC]] removed.
2022-12-06 16:24:56,133 [EventQueue-DeadNodeForDeadNodeHandler] INFO  pipeline.PipelineStateManagerImpl (PipelineStateManagerImpl.java:removePipeline(245)) - Pipeline Pipeline[ Id: f53f5cdc-0cc0-4b93-99bc-1b3dc003694c, Nodes: 93471f04-f84a-446a-9dbd-94f45fb64b69{ip: 10.1.0.176, host: fv-az451-158.ehxzt5fk3o4e1ahk02omj2f41g.dx.internal.cloudapp.net, ports: [REPLICATION=40949, RATIS=39615, RATIS_ADMIN=39615, RATIS_SERVER=39615, STANDALONE=46429], networkLocation: /default-rack, certSerialId: null, persistedOpState: null, persistedOpStateExpiryEpochSec: 0}f48f5eaa-c865-41e1-958d-4d574a609fc9{ip: 10.1.0.176, host: fv-az451-158.ehxzt5fk3o4e1ahk02omj2f41g.dx.internal.cloudapp.net, ports: [REPLICATION=37599, RATIS=45201, RATIS_ADMIN=45201, RATIS_SERVER=45201, STANDALONE=39113], networkLocation: /default-rack, certSerialId: null, persistedOpState: null, persistedOpStateExpiryEpochSec: 0}fd07e5d7-2dd9-455a-a9b9-9dae4f4be123{ip: 10.1.0.176, host: fv-az451-158.ehxzt5fk3o4e1ahk02omj2f41g.dx.internal.cloudapp.net, ports: [REPLICATION=43535, RATIS=45045, RATIS_ADMIN=45045, RATIS_SERVER=45045, STANDALONE=40309], networkLocation: /default-rack, certSerialId: null, persistedOpState: null, persistedOpStateExpiryEpochSec: 0}2fe07876-8610-433e-a055-404555d6ad88{ip: 10.1.0.176, host: fv-az451-158.ehxzt5fk3o4e1ahk02omj2f41g.dx.internal.cloudapp.net, ports: [REPLICATION=38677, RATIS=34239, RATIS_ADMIN=34239, RATIS_SERVER=34239, STANDALONE=45543], networkLocation: /default-rack, certSerialId: null, persistedOpState: null, persistedOpStateExpiryEpochSec: 0}b0ab2fb2-fc83-4273-be02-cd8927d57599{ip: 10.1.0.176, host: fv-az451-158.ehxzt5fk3o4e1ahk02omj2f41g.dx.internal.cloudapp.net, ports: [REPLICATION=43303, RATIS=43425, RATIS_ADMIN=43425, RATIS_SERVER=43425, STANDALONE=43243], networkLocation: /default-rack, certSerialId: null, persistedOpState: null, persistedOpStateExpiryEpochSec: 0}, ReplicationConfig: EC/ECReplicationConfig{data=3, parity=2, ecChunkSize=1024, codec=rs}, State:CLOSED, leaderId:, CreationTimestamp2022-12-06T16:24:49.523Z[Etc/UTC]] removed.
2022-12-06 16:24:56,133 [EventQueue-DeadNodeForDeadNodeHandler] INFO  pipeline.RatisPipelineProvider (RatisPipelineProvider.java:lambda$close$1(244)) - Send pipeline:PipelineID=bd206ac1-f978-4080-a1f0-46e1faa48d23 close command to datanode 93471f04-f84a-446a-9dbd-94f45fb64b69
2022-12-06 16:24:56,134 [EventQueue-DeadNodeForDeadNodeHandler] INFO  pipeline.PipelineStateManagerImpl (PipelineStateManagerImpl.java:removePipeline(245)) - Pipeline Pipeline[ Id: bd206ac1-f978-4080-a1f0-46e1faa48d23, Nodes: 93471f04-f84a-446a-9dbd-94f45fb64b69{ip: 10.1.0.176, host: fv-az451-158.ehxzt5fk3o4e1ahk02omj2f41g.dx.internal.cloudapp.net, ports: [REPLICATION=40949, RATIS=39615, RATIS_ADMIN=39615, RATIS_SERVER=39615, STANDALONE=46429], networkLocation: /default-rack, certSerialId: null, persistedOpState: IN_SERVICE, persistedOpStateExpiryEpochSec: 0}, ReplicationConfig: RATIS/ONE, State:CLOSED, leaderId:93471f04-f84a-446a-9dbd-94f45fb64b69, CreationTimestamp2022-12-06T16:24:35.127Z[Etc/UTC]] removed.
2022-12-06 16:24:56,136 [EventQueue-DeadNodeForDeadNodeHandler] INFO  net.NetworkTopologyImpl (NetworkTopologyImpl.java:remove(190)) - Removed a node: /default-rack/93471f04-f84a-446a-9dbd-94f45fb64b69
2022-12-06 16:24:56,162 [EventQueue-CommandQueueReportForCommandQueueReportHandler] WARN  events.EventQueue (EventQueue.java:fireEvent(216)) - No event handler registered for event TypedEvent{payloadType=DatanodeDetails, name='Datanode_Command_Queue_Updated'}
2022-12-06 16:24:56,200 [Listener at 127.0.0.1/39139] INFO  replication.ReplicationManager (ReplicationManager.java:start(254)) - Starting Replication Monitor Thread.
2022-12-06 16:24:56,206 [Under Replicated Processor] INFO  replication.UnderReplicatedProcessor (UnderReplicatedProcessor.java:processAll(79)) - Processed 0 under replicated containers, failed processing 0
2022-12-06 16:24:56,210 [EventQueue-CommandQueueReportForCommandQueueReportHandler] WARN  events.EventQueue (EventQueue.java:fireEvent(216)) - No event handler registered for event TypedEvent{payloadType=DatanodeDetails, name='Datanode_Command_Queue_Updated'}
2022-12-06 16:24:56,220 [Over Replicated Processor] INFO  replication.OverReplicatedProcessor (OverReplicatedProcessor.java:processAll(79)) - Processed 0 over replicated containers, failed processing 0
2022-12-06 16:24:56,224 [ReplicationMonitor] INFO  replication.ReplicationManager (ReplicationManager.java:processAll(356)) - Replication Monitor Thread took 6 milliseconds for processing 1 containers.
2022-12-06 16:24:56,252 [EventQueue-CommandQueueReportForCommandQueueReportHandler] WARN  events.EventQueue (EventQueue.java:fireEvent(216)) - No event handler registered for event TypedEvent{payloadType=DatanodeDetails, name='Datanode_Command_Queue_Updated'}
2022-12-06 16:24:56,519 [EventQueue-CommandQueueReportForCommandQueueReportHandler] WARN  events.EventQueue (EventQueue.java:fireEvent(216)) - No event handler registered for event TypedEvent{payloadType=DatanodeDetails, name='Datanode_Command_Queue_Updated'}
2022-12-06 16:24:56,557 [EventQueue-CommandQueueReportForCommandQueueReportHandler] WARN  events.EventQueue (EventQueue.java:fireEvent(216)) - No event handler registered for event TypedEvent{payloadType=DatanodeDetails, name='Datanode_Command_Queue_Updated'}
2022-12-06 16:24:56,643 [EventQueue-CommandQueueReportForCommandQueueReportHandler] WARN  events.EventQueue (EventQueue.java:fireEvent(216)) - No event handler registered for event TypedEvent{payloadType=DatanodeDetails, name='Datanode_Command_Queue_Updated'}
2022-12-06 16:24:56,760 [EventQueue-CommandQueueReportForCommandQueueReportHandler] WARN  events.EventQueue (EventQueue.java:fireEvent(216)) - No event handler registered for event TypedEvent{payloadType=DatanodeDetails, name='Datanode_Command_Queue_Updated'}
2022-12-06 16:24:56,815 [EventQueue-CommandQueueReportForCommandQueueReportHandler] WARN  events.EventQueue (EventQueue.java:fireEvent(216)) - No event handler registered for event TypedEvent{payloadType=DatanodeDetails, name='Datanode_Command_Queue_Updated'}
2022-12-06 16:24:57,120 [EventQueue-CommandQueueReportForCommandQueueReportHandler] WARN  events.EventQueue (EventQueue.java:fireEvent(216)) - No event handler registered for event TypedEvent{payloadType=DatanodeDetails, name='Datanode_Command_Queue_Updated'}
2022-12-06 16:24:57,162 [EventQueue-CommandQueueReportForCommandQueueReportHandler] WARN  events.EventQueue (EventQueue.java:fireEvent(216)) - No event handler registered for event TypedEvent{payloadType=DatanodeDetails, name='Datanode_Command_Queue_Updated'}
2022-12-06 16:24:57,219 [EventQueue-CommandQueueReportForCommandQueueReportHandler] WARN  events.EventQueue (EventQueue.java:fireEvent(216)) - No event handler registered for event TypedEvent{payloadType=DatanodeDetails, name='Datanode_Command_Queue_Updated'}
2022-12-06 16:24:57,251 [EventQueue-CommandQueueReportForCommandQueueReportHandler] WARN  events.EventQueue (EventQueue.java:fireEvent(216)) - No event handler registered for event TypedEvent{payloadType=DatanodeDetails, name='Datanode_Command_Queue_Updated'}
2022-12-06 16:24:57,289 [grpc-default-executor-3] WARN  server.GrpcLogAppender (LogUtils.java:warn(122)) - 592803f5-ace9-49ac-a54f-354c0e5baf2c@group-23A236CF6C1C->93471f04-f84a-446a-9dbd-94f45fb64b69-AppendLogResponseHandler: Failed appendEntries: org.apache.ratis.thirdparty.io.grpc.StatusRuntimeException: UNAVAILABLE: io exception
2022-12-06 16:24:57,289 [grpc-default-executor-0] WARN  server.GrpcLogAppender (LogUtils.java:warn(122)) - 592803f5-ace9-49ac-a54f-354c0e5baf2c@group-23A236CF6C1C->93471f04-f84a-446a-9dbd-94f45fb64b69-AppendLogResponseHandler: Failed appendEntries: org.apache.ratis.thirdparty.io.grpc.StatusRuntimeException: UNAVAILABLE: io exception
2022-12-06 16:24:57,290 [grpc-default-executor-3] WARN  server.GrpcLogAppender (GrpcLogAppender.java:resetClient(131)) - 592803f5-ace9-49ac-a54f-354c0e5baf2c@group-23A236CF6C1C->93471f04-f84a-446a-9dbd-94f45fb64b69-GrpcLogAppender: Leader has not got in touch with Follower 592803f5-ace9-49ac-a54f-354c0e5baf2c@group-23A236CF6C1C->93471f04-f84a-446a-9dbd-94f45fb64b69(c-1,m0,n1, attendVote=true, lastRpcSendTime=1, lastRpcResponseTime=8976) yet, just keep nextIndex unchanged and retry.
2022-12-06 16:24:57,291 [grpc-default-executor-0] WARN  server.GrpcLogAppender (GrpcLogAppender.java:resetClient(131)) - 592803f5-ace9-49ac-a54f-354c0e5baf2c@group-23A236CF6C1C->93471f04-f84a-446a-9dbd-94f45fb64b69-GrpcLogAppender: Leader has not got in touch with Follower 592803f5-ace9-49ac-a54f-354c0e5baf2c@group-23A236CF6C1C->93471f04-f84a-446a-9dbd-94f45fb64b69(c-1,m0,n1, attendVote=true, lastRpcSendTime=2, lastRpcResponseTime=8977) yet, just keep nextIndex unchanged and retry.
2022-12-06 16:24:57,515 [Command processor thread] INFO  server.RaftServer (RaftServerProxy.java:remove(107)) - 592803f5-ace9-49ac-a54f-354c0e5baf2c: remove    LEADER 592803f5-ace9-49ac-a54f-354c0e5baf2c@group-23A236CF6C1C:t3, leader=592803f5-ace9-49ac-a54f-354c0e5baf2c, voted=592803f5-ace9-49ac-a54f-354c0e5baf2c, raftlog=Memoized:592803f5-ace9-49ac-a54f-354c0e5baf2c@group-23A236CF6C1C-SegmentedRaftLog:OPENED:c0, conf=0: peers:[93471f04-f84a-446a-9dbd-94f45fb64b69|rpc:10.1.0.176:39615|dataStream:|priority:0|startupRole:FOLLOWER, fd07e5d7-2dd9-455a-a9b9-9dae4f4be123|rpc:10.1.0.176:45045|dataStream:|priority:0|startupRole:FOLLOWER, 592803f5-ace9-49ac-a54f-354c0e5baf2c|rpc:10.1.0.176:36049|dataStream:|priority:1|startupRole:FOLLOWER]|listeners:[], old=null RUNNING
2022-12-06 16:24:57,517 [Command processor thread] INFO  server.RaftServer$Division (RaftServerImpl.java:lambda$close$4(458)) - 592803f5-ace9-49ac-a54f-354c0e5baf2c@group-23A236CF6C1C: shutdown
2022-12-06 16:24:57,517 [Command processor thread] INFO  util.JmxRegister (JmxRegister.java:unregister(73)) - Successfully un-registered JMX Bean with object name Ratis:service=RaftServer,group=group-23A236CF6C1C,id=592803f5-ace9-49ac-a54f-354c0e5baf2c
2022-12-06 16:24:57,517 [Command processor thread] INFO  impl.RoleInfo (RoleInfo.java:shutdownLeaderState(93)) - 592803f5-ace9-49ac-a54f-354c0e5baf2c: shutdown 592803f5-ace9-49ac-a54f-354c0e5baf2c@group-23A236CF6C1C-LeaderStateImpl
2022-12-06 16:24:57,519 [EventQueue-CommandQueueReportForCommandQueueReportHandler] WARN  events.EventQueue (EventQueue.java:fireEvent(216)) - No event handler registered for event TypedEvent{payloadType=DatanodeDetails, name='Datanode_Command_Queue_Updated'}
2022-12-06 16:24:57,520 [592803f5-ace9-49ac-a54f-354c0e5baf2c@group-23A236CF6C1C->fd07e5d7-2dd9-455a-a9b9-9dae4f4be123-GrpcLogAppender-LogAppenderDaemon] WARN  server.GrpcLogAppender (GrpcLogAppender.java:mayWait(200)) - 592803f5-ace9-49ac-a54f-354c0e5baf2c@group-23A236CF6C1C->fd07e5d7-2dd9-455a-a9b9-9dae4f4be123-GrpcLogAppender: Wait interrupted by java.lang.InterruptedException
2022-12-06 16:24:57,521 [grpc-default-executor-3] INFO  server.GrpcServerProtocolService (GrpcServerProtocolService.java:onCompleted(143)) - fd07e5d7-2dd9-455a-a9b9-9dae4f4be123: Completed APPEND_ENTRIES, lastRequest: null
2022-12-06 16:24:57,522 [grpc-default-executor-0] INFO  server.GrpcServerProtocolService (GrpcServerProtocolService.java:onCompleted(143)) - fd07e5d7-2dd9-455a-a9b9-9dae4f4be123: Completed APPEND_ENTRIES, lastRequest: 592803f5-ace9-49ac-a54f-354c0e5baf2c->fd07e5d7-2dd9-455a-a9b9-9dae4f4be123#1-t3,previous=(t:0, i:0),leaderCommit=0,initializing? true,entries: size=1, first=(t:3, i:0), CONFIGURATIONENTRY(current:id: "93471f04-f84a-446a-9dbd-94f45fb64b69"
address: "10.1.0.176:39615"
clientAddress: "10.1.0.176:39615"
adminAddress: "10.1.0.176:39615"
startupRole: FOLLOWER
,id: "fd07e5d7-2dd9-455a-a9b9-9dae4f4be123"
address: "10.1.0.176:45045"
clientAddress: "10.1.0.176:45045"
adminAddress: "10.1.0.176:45045"
startupRole: FOLLOWER
,id: "592803f5-ace9-49ac-a54f-354c0e5baf2c"
address: "10.1.0.176:36049"
priority: 1
clientAddress: "10.1.0.176:36049"
adminAddress: "10.1.0.176:36049"
startupRole: FOLLOWER
, old:)
2022-12-06 16:24:57,523 [grpc-default-executor-6] INFO  server.GrpcLogAppender (GrpcLogAppender.java:onCompleted(415)) - 592803f5-ace9-49ac-a54f-354c0e5baf2c@group-23A236CF6C1C->fd07e5d7-2dd9-455a-a9b9-9dae4f4be123-AppendLogResponseHandler: follower responses appendEntries COMPLETED
2022-12-06 16:24:57,524 [grpc-default-executor-6] INFO  leader.FollowerInfo (FollowerInfoImpl.java:lambda$new$0(48)) - 592803f5-ace9-49ac-a54f-354c0e5baf2c@group-23A236CF6C1C->fd07e5d7-2dd9-455a-a9b9-9dae4f4be123: nextIndex: updateUnconditionally 1 -> 0
2022-12-06 16:24:57,524 [Command processor thread] INFO  impl.PendingRequests (PendingRequests.java:sendNotLeaderResponses(282)) - 592803f5-ace9-49ac-a54f-354c0e5baf2c@group-23A236CF6C1C-PendingRequests: sendNotLeaderResponses
2022-12-06 16:24:57,526 [grpc-default-executor-3] INFO  server.GrpcLogAppender (GrpcLogAppender.java:onCompleted(415)) - 592803f5-ace9-49ac-a54f-354c0e5baf2c@group-23A236CF6C1C->fd07e5d7-2dd9-455a-a9b9-9dae4f4be123-AppendLogResponseHandler: follower responses appendEntries COMPLETED
2022-12-06 16:24:57,526 [grpc-default-executor-3] INFO  leader.FollowerInfo (FollowerInfoImpl.java:lambda$new$0(48)) - 592803f5-ace9-49ac-a54f-354c0e5baf2c@group-23A236CF6C1C->fd07e5d7-2dd9-455a-a9b9-9dae4f4be123: nextIndex: updateUnconditionally 0 -> 0
2022-12-06 16:24:57,529 [592803f5-ace9-49ac-a54f-354c0e5baf2c@group-23A236CF6C1C-StateMachineUpdater] INFO  ratis.ContainerStateMachine (ContainerStateMachine.java:takeSnapshot(304)) - group-23A236CF6C1C: Taking a snapshot at:(t:3, i:0) file /home/runner/work/ozone/ozone/hadoop-ozone/integration-test/target/test-dir/MiniOzoneClusterImpl-ff76fcda-2f7b-42b7-aafc-07b3f4cbd752/datanode-5/data/ratis/47c8ed29-a24a-4c2c-bc83-23a236cf6c1c/sm/snapshot.3_0
2022-12-06 16:24:57,529 [Command processor thread] INFO  impl.StateMachineUpdater (StateMachineUpdater.java:stopAndJoin(153)) - 592803f5-ace9-49ac-a54f-354c0e5baf2c@group-23A236CF6C1C-StateMachineUpdater: set stopIndex = 0
2022-12-06 16:24:57,529 [592803f5-ace9-49ac-a54f-354c0e5baf2c@group-23A236CF6C1C-StateMachineUpdater] INFO  ratis.ContainerStateMachine (ContainerStateMachine.java:takeSnapshot(315)) - group-23A236CF6C1C: Finished taking a snapshot at:(t:3, i:0) file:/home/runner/work/ozone/ozone/hadoop-ozone/integration-test/target/test-dir/MiniOzoneClusterImpl-ff76fcda-2f7b-42b7-aafc-07b3f4cbd752/datanode-5/data/ratis/47c8ed29-a24a-4c2c-bc83-23a236cf6c1c/sm/snapshot.3_0 took: 1 ms
2022-12-06 16:24:57,530 [592803f5-ace9-49ac-a54f-354c0e5baf2c@group-23A236CF6C1C-StateMachineUpdater] INFO  impl.StateMachineUpdater (StateMachineUpdater.java:takeSnapshot(287)) - 592803f5-ace9-49ac-a54f-354c0e5baf2c@group-23A236CF6C1C-StateMachineUpdater: Took a snapshot at index 0
2022-12-06 16:24:57,530 [592803f5-ace9-49ac-a54f-354c0e5baf2c@group-23A236CF6C1C-StateMachineUpdater] INFO  impl.StateMachineUpdater (StateMachineUpdater.java:lambda$new$0(92)) - 592803f5-ace9-49ac-a54f-354c0e5baf2c@group-23A236CF6C1C-StateMachineUpdater: snapshotIndex: updateIncreasingly -1 -> 0
2022-12-06 16:24:57,530 [Command processor thread] INFO  server.RaftServer$Division (ServerState.java:close(466)) - 592803f5-ace9-49ac-a54f-354c0e5baf2c@group-23A236CF6C1C: closes. applyIndex: 0
2022-12-06 16:24:57,530 [592803f5-ace9-49ac-a54f-354c0e5baf2c@group-23A236CF6C1C-SegmentedRaftLogWorker] INFO  segmented.SegmentedRaftLogWorker (SegmentedRaftLogWorker.java:run(347)) - 592803f5-ace9-49ac-a54f-354c0e5baf2c@group-23A236CF6C1C-SegmentedRaftLogWorker was interrupted, exiting. There are 0 tasks remaining in the queue.
2022-12-06 16:24:57,532 [Command processor thread] INFO  segmented.SegmentedRaftLogWorker (SegmentedRaftLogWorker.java:close(257)) - 592803f5-ace9-49ac-a54f-354c0e5baf2c@group-23A236CF6C1C-SegmentedRaftLogWorker close()
2022-12-06 16:24:57,537 [Command processor thread] INFO  server.RaftServer$Division (RaftServerImpl.java:groupRemove(428)) - 592803f5-ace9-49ac-a54f-354c0e5baf2c@group-23A236CF6C1C: Succeed to remove RaftStorageDirectory Storage Directory /home/runner/work/ozone/ozone/hadoop-ozone/integration-test/target/test-dir/MiniOzoneClusterImpl-ff76fcda-2f7b-42b7-aafc-07b3f4cbd752/datanode-5/data/ratis/47c8ed29-a24a-4c2c-bc83-23a236cf6c1c
2022-12-06 16:24:57,537 [Command processor thread] INFO  commandhandler.ClosePipelineCommandHandler (ClosePipelineCommandHandler.java:handle(78)) - Close Pipeline PipelineID=47c8ed29-a24a-4c2c-bc83-23a236cf6c1c command on datanode 592803f5-ace9-49ac-a54f-354c0e5baf2c.
2022-12-06 16:24:57,537 [Command processor thread] INFO  server.RaftServer (RaftServerProxy.java:remove(107)) - 592803f5-ace9-49ac-a54f-354c0e5baf2c: remove  FOLLOWER 592803f5-ace9-49ac-a54f-354c0e5baf2c@group-032D02CB740D:t2, leader=93471f04-f84a-446a-9dbd-94f45fb64b69, voted=93471f04-f84a-446a-9dbd-94f45fb64b69, raftlog=Memoized:592803f5-ace9-49ac-a54f-354c0e5baf2c@group-032D02CB740D-SegmentedRaftLog:OPENED:c0, conf=0: peers:[93471f04-f84a-446a-9dbd-94f45fb64b69|rpc:10.1.0.176:39615|dataStream:|priority:1|startupRole:FOLLOWER, fd07e5d7-2dd9-455a-a9b9-9dae4f4be123|rpc:10.1.0.176:45045|dataStream:|priority:0|startupRole:FOLLOWER, 592803f5-ace9-49ac-a54f-354c0e5baf2c|rpc:10.1.0.176:36049|dataStream:|priority:0|startupRole:FOLLOWER]|listeners:[], old=null RUNNING
2022-12-06 16:24:57,537 [Command processor thread] INFO  server.RaftServer$Division (RaftServerImpl.java:lambda$close$4(458)) - 592803f5-ace9-49ac-a54f-354c0e5baf2c@group-032D02CB740D: shutdown
2022-12-06 16:24:57,537 [Command processor thread] INFO  util.JmxRegister (JmxRegister.java:unregister(73)) - Successfully un-registered JMX Bean with object name Ratis:service=RaftServer,group=group-032D02CB740D,id=592803f5-ace9-49ac-a54f-354c0e5baf2c
2022-12-06 16:24:57,537 [Command processor thread] INFO  impl.RoleInfo (RoleInfo.java:shutdownFollowerState(110)) - 592803f5-ace9-49ac-a54f-354c0e5baf2c: shutdown 592803f5-ace9-49ac-a54f-354c0e5baf2c@group-032D02CB740D-FollowerState
2022-12-06 16:24:57,537 [592803f5-ace9-49ac-a54f-354c0e5baf2c@group-032D02CB740D-FollowerState] INFO  impl.FollowerState (FollowerState.java:run(152)) - 592803f5-ace9-49ac-a54f-354c0e5baf2c@group-032D02CB740D-FollowerState was interrupted
2022-12-06 16:24:57,538 [592803f5-ace9-49ac-a54f-354c0e5baf2c@group-032D02CB740D-StateMachineUpdater] INFO  ratis.ContainerStateMachine (ContainerStateMachine.java:takeSnapshot(304)) - group-032D02CB740D: Taking a snapshot at:(t:2, i:0) file /home/runner/work/ozone/ozone/hadoop-ozone/integration-test/target/test-dir/MiniOzoneClusterImpl-ff76fcda-2f7b-42b7-aafc-07b3f4cbd752/datanode-5/data/ratis/c5007c7d-689f-453a-a58d-032d02cb740d/sm/snapshot.2_0
2022-12-06 16:24:57,538 [Command processor thread] INFO  impl.StateMachineUpdater (StateMachineUpdater.java:stopAndJoin(153)) - 592803f5-ace9-49ac-a54f-354c0e5baf2c@group-032D02CB740D-StateMachineUpdater: set stopIndex = 0
2022-12-06 16:24:57,542 [592803f5-ace9-49ac-a54f-354c0e5baf2c@group-032D02CB740D-StateMachineUpdater] INFO  ratis.ContainerStateMachine (ContainerStateMachine.java:takeSnapshot(315)) - group-032D02CB740D: Finished taking a snapshot at:(t:2, i:0) file:/home/runner/work/ozone/ozone/hadoop-ozone/integration-test/target/test-dir/MiniOzoneClusterImpl-ff76fcda-2f7b-42b7-aafc-07b3f4cbd752/datanode-5/data/ratis/c5007c7d-689f-453a-a58d-032d02cb740d/sm/snapshot.2_0 took: 4 ms
2022-12-06 16:24:57,542 [592803f5-ace9-49ac-a54f-354c0e5baf2c@group-032D02CB740D-StateMachineUpdater] INFO  impl.StateMachineUpdater (StateMachineUpdater.java:takeSnapshot(287)) - 592803f5-ace9-49ac-a54f-354c0e5baf2c@group-032D02CB740D-StateMachineUpdater: Took a snapshot at index 0
2022-12-06 16:24:57,542 [592803f5-ace9-49ac-a54f-354c0e5baf2c@group-032D02CB740D-StateMachineUpdater] INFO  impl.StateMachineUpdater (StateMachineUpdater.java:lambda$new$0(92)) - 592803f5-ace9-49ac-a54f-354c0e5baf2c@group-032D02CB740D-StateMachineUpdater: snapshotIndex: updateIncreasingly -1 -> 0
2022-12-06 16:24:57,542 [Command processor thread] INFO  server.RaftServer$Division (ServerState.java:close(466)) - 592803f5-ace9-49ac-a54f-354c0e5baf2c@group-032D02CB740D: closes. applyIndex: 0
2022-12-06 16:24:57,542 [592803f5-ace9-49ac-a54f-354c0e5baf2c@group-032D02CB740D-SegmentedRaftLogWorker] INFO  segmented.SegmentedRaftLogWorker (SegmentedRaftLogWorker.java:run(347)) - 592803f5-ace9-49ac-a54f-354c0e5baf2c@group-032D02CB740D-SegmentedRaftLogWorker was interrupted, exiting. There are 0 tasks remaining in the queue.
2022-12-06 16:24:57,544 [Command processor thread] INFO  segmented.SegmentedRaftLogWorker (SegmentedRaftLogWorker.java:close(257)) - 592803f5-ace9-49ac-a54f-354c0e5baf2c@group-032D02CB740D-SegmentedRaftLogWorker close()
2022-12-06 16:24:57,547 [Command processor thread] INFO  server.RaftServer$Division (RaftServerImpl.java:groupRemove(428)) - 592803f5-ace9-49ac-a54f-354c0e5baf2c@group-032D02CB740D: Succeed to remove RaftStorageDirectory Storage Directory /home/runner/work/ozone/ozone/hadoop-ozone/integration-test/target/test-dir/MiniOzoneClusterImpl-ff76fcda-2f7b-42b7-aafc-07b3f4cbd752/datanode-5/data/ratis/c5007c7d-689f-453a-a58d-032d02cb740d
2022-12-06 16:24:57,547 [Command processor thread] INFO  commandhandler.ClosePipelineCommandHandler (ClosePipelineCommandHandler.java:handle(78)) - Close Pipeline PipelineID=c5007c7d-689f-453a-a58d-032d02cb740d command on datanode 592803f5-ace9-49ac-a54f-354c0e5baf2c.
2022-12-06 16:24:57,560 [EventQueue-CommandQueueReportForCommandQueueReportHandler] WARN  events.EventQueue (EventQueue.java:fireEvent(216)) - No event handler registered for event TypedEvent{payloadType=DatanodeDetails, name='Datanode_Command_Queue_Updated'}
2022-12-06 16:24:57,644 [EventQueue-CommandQueueReportForCommandQueueReportHandler] WARN  events.EventQueue (EventQueue.java:fireEvent(216)) - No event handler registered for event TypedEvent{payloadType=DatanodeDetails, name='Datanode_Command_Queue_Updated'}
2022-12-06 16:24:57,760 [EventQueue-CommandQueueReportForCommandQueueReportHandler] WARN  events.EventQueue (EventQueue.java:fireEvent(216)) - No event handler registered for event TypedEvent{payloadType=DatanodeDetails, name='Datanode_Command_Queue_Updated'}
2022-12-06 16:24:57,816 [EventQueue-CommandQueueReportForCommandQueueReportHandler] WARN  events.EventQueue (EventQueue.java:fireEvent(216)) - No event handler registered for event TypedEvent{payloadType=DatanodeDetails, name='Datanode_Command_Queue_Updated'}
2022-12-06 16:24:58,121 [EventQueue-CommandQueueReportForCommandQueueReportHandler] WARN  events.EventQueue (EventQueue.java:fireEvent(216)) - No event handler registered for event TypedEvent{payloadType=DatanodeDetails, name='Datanode_Command_Queue_Updated'}
2022-12-06 16:24:58,161 [EventQueue-CommandQueueReportForCommandQueueReportHandler] WARN  events.EventQueue (EventQueue.java:fireEvent(216)) - No event handler registered for event TypedEvent{payloadType=DatanodeDetails, name='Datanode_Command_Queue_Updated'}
2022-12-06 16:24:58,219 [EventQueue-CommandQueueReportForCommandQueueReportHandler] WARN  events.EventQueue (EventQueue.java:fireEvent(216)) - No event handler registered for event TypedEvent{payloadType=DatanodeDetails, name='Datanode_Command_Queue_Updated'}
2022-12-06 16:24:58,251 [EventQueue-CommandQueueReportForCommandQueueReportHandler] WARN  events.EventQueue (EventQueue.java:fireEvent(216)) - No event handler registered for event TypedEvent{payloadType=DatanodeDetails, name='Datanode_Command_Queue_Updated'}
2022-12-06 16:24:58,379 [fd07e5d7-2dd9-455a-a9b9-9dae4f4be123@group-032D02CB740D-FollowerState] INFO  impl.FollowerState (FollowerState.java:run(143)) - fd07e5d7-2dd9-455a-a9b9-9dae4f4be123@group-032D02CB740D-FollowerState: change to CANDIDATE, lastRpcElapsedTime:10168641882ns, electionTimeout:5125ms
2022-12-06 16:24:58,379 [fd07e5d7-2dd9-455a-a9b9-9dae4f4be123@group-032D02CB740D-FollowerState] INFO  impl.RoleInfo (RoleInfo.java:shutdownFollowerState(110)) - fd07e5d7-2dd9-455a-a9b9-9dae4f4be123: shutdown fd07e5d7-2dd9-455a-a9b9-9dae4f4be123@group-032D02CB740D-FollowerState
2022-12-06 16:24:58,379 [fd07e5d7-2dd9-455a-a9b9-9dae4f4be123@group-032D02CB740D-FollowerState] INFO  server.RaftServer$Division (RaftServerImpl.java:setRole(321)) - fd07e5d7-2dd9-455a-a9b9-9dae4f4be123@group-032D02CB740D: changes role from  FOLLOWER to CANDIDATE at term 2 for changeToCandidate
2022-12-06 16:24:58,380 [fd07e5d7-2dd9-455a-a9b9-9dae4f4be123@group-032D02CB740D-FollowerState] INFO  server.RaftServerConfigKeys (ConfUtils.java:logGet(46)) - raft.server.leaderelection.pre-vote = false (custom)
2022-12-06 16:24:58,380 [fd07e5d7-2dd9-455a-a9b9-9dae4f4be123@group-032D02CB740D-FollowerState] INFO  impl.RoleInfo (RoleInfo.java:updateAndGet(139)) - fd07e5d7-2dd9-455a-a9b9-9dae4f4be123: start fd07e5d7-2dd9-455a-a9b9-9dae4f4be123@group-032D02CB740D-LeaderElection31
2022-12-06 16:24:58,382 [fd07e5d7-2dd9-455a-a9b9-9dae4f4be123@group-032D02CB740D-LeaderElection31] INFO  server.RaftServer$Division (ServerState.java:setLeader(313)) - fd07e5d7-2dd9-455a-a9b9-9dae4f4be123@group-032D02CB740D: change Leader from 93471f04-f84a-446a-9dbd-94f45fb64b69 to null at term 2 for ELECTION
2022-12-06 16:24:58,384 [fd07e5d7-2dd9-455a-a9b9-9dae4f4be123@group-032D02CB740D-LeaderElection31] INFO  impl.LeaderElection (LeaderElection.java:askForVotes(312)) - fd07e5d7-2dd9-455a-a9b9-9dae4f4be123@group-032D02CB740D-LeaderElection31 ELECTION round 0: submit vote requests at term 3 for 0: peers:[93471f04-f84a-446a-9dbd-94f45fb64b69|rpc:10.1.0.176:39615|dataStream:|priority:1|startupRole:FOLLOWER, fd07e5d7-2dd9-455a-a9b9-9dae4f4be123|rpc:10.1.0.176:45045|dataStream:|priority:0|startupRole:FOLLOWER, 592803f5-ace9-49ac-a54f-354c0e5baf2c|rpc:10.1.0.176:36049|dataStream:|priority:0|startupRole:FOLLOWER]|listeners:[], old=null
2022-12-06 16:24:58,391 [grpc-default-executor-3] WARN  server.GrpcServerProtocolService (LogUtils.java:warn(124)) - 592803f5-ace9-49ac-a54f-354c0e5baf2c: Failed requestVote fd07e5d7-2dd9-455a-a9b9-9dae4f4be123->592803f5-ace9-49ac-a54f-354c0e5baf2c#0
org.apache.ratis.protocol.exceptions.GroupMismatchException: 592803f5-ace9-49ac-a54f-354c0e5baf2c: group-032D02CB740D not found.
	at org.apache.ratis.server.impl.RaftServerProxy$ImplMap.get(RaftServerProxy.java:150)
	at org.apache.ratis.server.impl.RaftServerProxy.getImplFuture(RaftServerProxy.java:351)
	at org.apache.ratis.server.impl.RaftServerProxy.getImpl(RaftServerProxy.java:360)
	at org.apache.ratis.server.impl.RaftServerProxy.getImpl(RaftServerProxy.java:355)
	at org.apache.ratis.server.impl.RaftServerProxy.requestVote(RaftServerProxy.java:618)
	at org.apache.ratis.grpc.server.GrpcServerProtocolService.requestVote(GrpcServerProtocolService.java:175)
	at org.apache.ratis.proto.grpc.RaftServerProtocolServiceGrpc$MethodHandlers.invoke(RaftServerProtocolServiceGrpc.java:382)
	at org.apache.ratis.thirdparty.io.grpc.stub.ServerCalls$UnaryServerCallHandler$UnaryServerCallListener.onHalfClose(ServerCalls.java:182)
	at org.apache.ratis.thirdparty.io.grpc.PartialForwardingServerCallListener.onHalfClose(PartialForwardingServerCallListener.java:35)
	at org.apache.ratis.thirdparty.io.grpc.ForwardingServerCallListener.onHalfClose(ForwardingServerCallListener.java:23)
	at org.apache.ratis.thirdparty.io.grpc.internal.ServerCallImpl$ServerStreamListenerImpl.halfClosed(ServerCallImpl.java:354)
	at org.apache.ratis.thirdparty.io.grpc.internal.ServerImpl$JumpToApplicationThreadServerStreamListener$1HalfClosed.runInContext(ServerImpl.java:866)
	at org.apache.ratis.thirdparty.io.grpc.internal.ContextRunnable.run(ContextRunnable.java:37)
	at org.apache.ratis.thirdparty.io.grpc.internal.SerializingExecutor.run(SerializingExecutor.java:133)
	at java.util.concurrent.ThreadPoolExecutor.runWorker(ThreadPoolExecutor.java:1149)
	at java.util.concurrent.ThreadPoolExecutor$Worker.run(ThreadPoolExecutor.java:624)
	at java.lang.Thread.run(Thread.java:750)
2022-12-06 16:24:58,395 [fd07e5d7-2dd9-455a-a9b9-9dae4f4be123@group-032D02CB740D-LeaderElection31] INFO  impl.LeaderElection (LogUtils.java:infoOrTrace(137)) - fd07e5d7-2dd9-455a-a9b9-9dae4f4be123@group-032D02CB740D-LeaderElection31 got exception when requesting votes: java.util.concurrent.ExecutionException: org.apache.ratis.thirdparty.io.grpc.StatusRuntimeException: UNAVAILABLE: io exception
2022-12-06 16:24:58,403 [fd07e5d7-2dd9-455a-a9b9-9dae4f4be123@group-032D02CB740D-LeaderElection31] INFO  impl.LeaderElection (LogUtils.java:infoOrTrace(137)) - fd07e5d7-2dd9-455a-a9b9-9dae4f4be123@group-032D02CB740D-LeaderElection31 got exception when requesting votes: java.util.concurrent.ExecutionException: org.apache.ratis.thirdparty.io.grpc.StatusRuntimeException: INTERNAL: 592803f5-ace9-49ac-a54f-354c0e5baf2c: group-032D02CB740D not found.
2022-12-06 16:24:58,403 [fd07e5d7-2dd9-455a-a9b9-9dae4f4be123@group-032D02CB740D-LeaderElection31] INFO  impl.LeaderElection (LeaderElection.java:logAndReturn(90)) - fd07e5d7-2dd9-455a-a9b9-9dae4f4be123@group-032D02CB740D-LeaderElection31: ELECTION REJECTED received 0 response(s) and 2 exception(s):
2022-12-06 16:24:58,404 [fd07e5d7-2dd9-455a-a9b9-9dae4f4be123@group-032D02CB740D-LeaderElection31] INFO  impl.LeaderElection (LogUtils.java:infoOrTrace(137)) -   Exception 0: java.util.concurrent.ExecutionException: org.apache.ratis.thirdparty.io.grpc.StatusRuntimeException: UNAVAILABLE: io exception
2022-12-06 16:24:58,404 [fd07e5d7-2dd9-455a-a9b9-9dae4f4be123@group-032D02CB740D-LeaderElection31] INFO  impl.LeaderElection (LogUtils.java:infoOrTrace(137)) -   Exception 1: java.util.concurrent.ExecutionException: org.apache.ratis.thirdparty.io.grpc.StatusRuntimeException: INTERNAL: 592803f5-ace9-49ac-a54f-354c0e5baf2c: group-032D02CB740D not found.
2022-12-06 16:24:58,404 [fd07e5d7-2dd9-455a-a9b9-9dae4f4be123@group-032D02CB740D-LeaderElection31] INFO  impl.LeaderElection (LeaderElection.java:askForVotes(314)) - fd07e5d7-2dd9-455a-a9b9-9dae4f4be123@group-032D02CB740D-LeaderElection31 ELECTION round 0: result REJECTED
2022-12-06 16:24:58,404 [fd07e5d7-2dd9-455a-a9b9-9dae4f4be123@group-032D02CB740D-LeaderElection31] INFO  server.RaftServer$Division (RaftServerImpl.java:setRole(321)) - fd07e5d7-2dd9-455a-a9b9-9dae4f4be123@group-032D02CB740D: changes role from CANDIDATE to FOLLOWER at term 3 for REJECTED
2022-12-06 16:24:58,404 [fd07e5d7-2dd9-455a-a9b9-9dae4f4be123@group-032D02CB740D-LeaderElection31] INFO  impl.RoleInfo (RoleInfo.java:shutdownLeaderElection(130)) - fd07e5d7-2dd9-455a-a9b9-9dae4f4be123: shutdown fd07e5d7-2dd9-455a-a9b9-9dae4f4be123@group-032D02CB740D-LeaderElection31
2022-12-06 16:24:58,404 [fd07e5d7-2dd9-455a-a9b9-9dae4f4be123@group-032D02CB740D-LeaderElection31] INFO  impl.RoleInfo (RoleInfo.java:updateAndGet(139)) - fd07e5d7-2dd9-455a-a9b9-9dae4f4be123: start fd07e5d7-2dd9-455a-a9b9-9dae4f4be123@group-032D02CB740D-FollowerState
2022-12-06 16:24:58,516 [EventQueue-CommandQueueReportForCommandQueueReportHandler] WARN  events.EventQueue (EventQueue.java:fireEvent(216)) - No event handler registered for event TypedEvent{payloadType=DatanodeDetails, name='Datanode_Command_Queue_Updated'}
2022-12-06 16:24:58,559 [EventQueue-CommandQueueReportForCommandQueueReportHandler] WARN  events.EventQueue (EventQueue.java:fireEvent(216)) - No event handler registered for event TypedEvent{payloadType=DatanodeDetails, name='Datanode_Command_Queue_Updated'}
2022-12-06 16:24:58,647 [EventQueue-CommandQueueReportForCommandQueueReportHandler] WARN  events.EventQueue (EventQueue.java:fireEvent(216)) - No event handler registered for event TypedEvent{payloadType=DatanodeDetails, name='Datanode_Command_Queue_Updated'}
2022-12-06 16:24:58,760 [EventQueue-CommandQueueReportForCommandQueueReportHandler] WARN  events.EventQueue (EventQueue.java:fireEvent(216)) - No event handler registered for event TypedEvent{payloadType=DatanodeDetails, name='Datanode_Command_Queue_Updated'}
2022-12-06 16:24:58,816 [EventQueue-CommandQueueReportForCommandQueueReportHandler] WARN  events.EventQueue (EventQueue.java:fireEvent(216)) - No event handler registered for event TypedEvent{payloadType=DatanodeDetails, name='Datanode_Command_Queue_Updated'}
2022-12-06 16:24:59,119 [Command processor thread] INFO  server.RaftServer (RaftServerProxy.java:remove(107)) - fd07e5d7-2dd9-455a-a9b9-9dae4f4be123: remove  FOLLOWER fd07e5d7-2dd9-455a-a9b9-9dae4f4be123@group-23A236CF6C1C:t3, leader=592803f5-ace9-49ac-a54f-354c0e5baf2c, voted=592803f5-ace9-49ac-a54f-354c0e5baf2c, raftlog=Memoized:fd07e5d7-2dd9-455a-a9b9-9dae4f4be123@group-23A236CF6C1C-SegmentedRaftLog:OPENED:c0, conf=0: peers:[93471f04-f84a-446a-9dbd-94f45fb64b69|rpc:10.1.0.176:39615|dataStream:|priority:0|startupRole:FOLLOWER, fd07e5d7-2dd9-455a-a9b9-9dae4f4be123|rpc:10.1.0.176:45045|dataStream:|priority:0|startupRole:FOLLOWER, 592803f5-ace9-49ac-a54f-354c0e5baf2c|rpc:10.1.0.176:36049|dataStream:|priority:1|startupRole:FOLLOWER]|listeners:[], old=null RUNNING
2022-12-06 16:24:59,119 [Command processor thread] INFO  server.RaftServer$Division (RaftServerImpl.java:lambda$close$4(458)) - fd07e5d7-2dd9-455a-a9b9-9dae4f4be123@group-23A236CF6C1C: shutdown
2022-12-06 16:24:59,119 [Command processor thread] INFO  util.JmxRegister (JmxRegister.java:unregister(73)) - Successfully un-registered JMX Bean with object name Ratis:service=RaftServer,group=group-23A236CF6C1C,id=fd07e5d7-2dd9-455a-a9b9-9dae4f4be123
2022-12-06 16:24:59,119 [Command processor thread] INFO  impl.RoleInfo (RoleInfo.java:shutdownFollowerState(110)) - fd07e5d7-2dd9-455a-a9b9-9dae4f4be123: shutdown fd07e5d7-2dd9-455a-a9b9-9dae4f4be123@group-23A236CF6C1C-FollowerState
2022-12-06 16:24:59,119 [Command processor thread] INFO  impl.StateMachineUpdater (StateMachineUpdater.java:stopAndJoin(153)) - fd07e5d7-2dd9-455a-a9b9-9dae4f4be123@group-23A236CF6C1C-StateMachineUpdater: set stopIndex = 0
2022-12-06 16:24:59,119 [fd07e5d7-2dd9-455a-a9b9-9dae4f4be123@group-23A236CF6C1C-FollowerState] INFO  impl.FollowerState (FollowerState.java:run(152)) - fd07e5d7-2dd9-455a-a9b9-9dae4f4be123@group-23A236CF6C1C-FollowerState was interrupted
2022-12-06 16:24:59,122 [fd07e5d7-2dd9-455a-a9b9-9dae4f4be123@group-23A236CF6C1C-StateMachineUpdater] INFO  ratis.ContainerStateMachine (ContainerStateMachine.java:takeSnapshot(304)) - group-23A236CF6C1C: Taking a snapshot at:(t:3, i:0) file /home/runner/work/ozone/ozone/hadoop-ozone/integration-test/target/test-dir/MiniOzoneClusterImpl-ff76fcda-2f7b-42b7-aafc-07b3f4cbd752/datanode-3/data/ratis/47c8ed29-a24a-4c2c-bc83-23a236cf6c1c/sm/snapshot.3_0
2022-12-06 16:24:59,123 [fd07e5d7-2dd9-455a-a9b9-9dae4f4be123@group-23A236CF6C1C-StateMachineUpdater] INFO  ratis.ContainerStateMachine (ContainerStateMachine.java:takeSnapshot(315)) - group-23A236CF6C1C: Finished taking a snapshot at:(t:3, i:0) file:/home/runner/work/ozone/ozone/hadoop-ozone/integration-test/target/test-dir/MiniOzoneClusterImpl-ff76fcda-2f7b-42b7-aafc-07b3f4cbd752/datanode-3/data/ratis/47c8ed29-a24a-4c2c-bc83-23a236cf6c1c/sm/snapshot.3_0 took: 1 ms
2022-12-06 16:24:59,123 [fd07e5d7-2dd9-455a-a9b9-9dae4f4be123@group-23A236CF6C1C-StateMachineUpdater] INFO  impl.StateMachineUpdater (StateMachineUpdater.java:takeSnapshot(287)) - fd07e5d7-2dd9-455a-a9b9-9dae4f4be123@group-23A236CF6C1C-StateMachineUpdater: Took a snapshot at index 0
2022-12-06 16:24:59,123 [fd07e5d7-2dd9-455a-a9b9-9dae4f4be123@group-23A236CF6C1C-StateMachineUpdater] INFO  impl.StateMachineUpdater (StateMachineUpdater.java:lambda$new$0(92)) - fd07e5d7-2dd9-455a-a9b9-9dae4f4be123@group-23A236CF6C1C-StateMachineUpdater: snapshotIndex: updateIncreasingly -1 -> 0
2022-12-06 16:24:59,124 [EventQueue-CommandQueueReportForCommandQueueReportHandler] WARN  events.EventQueue (EventQueue.java:fireEvent(216)) - No event handler registered for event TypedEvent{payloadType=DatanodeDetails, name='Datanode_Command_Queue_Updated'}
2022-12-06 16:24:59,125 [Command processor thread] INFO  server.RaftServer$Division (ServerState.java:close(466)) - fd07e5d7-2dd9-455a-a9b9-9dae4f4be123@group-23A236CF6C1C: closes. applyIndex: 0
2022-12-06 16:24:59,125 [fd07e5d7-2dd9-455a-a9b9-9dae4f4be123@group-23A236CF6C1C-SegmentedRaftLogWorker] INFO  segmented.SegmentedRaftLogWorker (SegmentedRaftLogWorker.java:run(347)) - fd07e5d7-2dd9-455a-a9b9-9dae4f4be123@group-23A236CF6C1C-SegmentedRaftLogWorker was interrupted, exiting. There are 0 tasks remaining in the queue.
2022-12-06 16:24:59,129 [Command processor thread] INFO  segmented.SegmentedRaftLogWorker (SegmentedRaftLogWorker.java:close(257)) - fd07e5d7-2dd9-455a-a9b9-9dae4f4be123@group-23A236CF6C1C-SegmentedRaftLogWorker close()
2022-12-06 16:24:59,131 [Command processor thread] INFO  server.RaftServer$Division (RaftServerImpl.java:groupRemove(428)) - fd07e5d7-2dd9-455a-a9b9-9dae4f4be123@group-23A236CF6C1C: Succeed to remove RaftStorageDirectory Storage Directory /home/runner/work/ozone/ozone/hadoop-ozone/integration-test/target/test-dir/MiniOzoneClusterImpl-ff76fcda-2f7b-42b7-aafc-07b3f4cbd752/datanode-3/data/ratis/47c8ed29-a24a-4c2c-bc83-23a236cf6c1c
2022-12-06 16:24:59,131 [Command processor thread] INFO  commandhandler.ClosePipelineCommandHandler (ClosePipelineCommandHandler.java:handle(78)) - Close Pipeline PipelineID=47c8ed29-a24a-4c2c-bc83-23a236cf6c1c command on datanode fd07e5d7-2dd9-455a-a9b9-9dae4f4be123.
2022-12-06 16:24:59,133 [Command processor thread] INFO  server.RaftServer (RaftServerProxy.java:remove(107)) - fd07e5d7-2dd9-455a-a9b9-9dae4f4be123: remove  FOLLOWER fd07e5d7-2dd9-455a-a9b9-9dae4f4be123@group-032D02CB740D:t3, leader=null, voted=fd07e5d7-2dd9-455a-a9b9-9dae4f4be123, raftlog=Memoized:fd07e5d7-2dd9-455a-a9b9-9dae4f4be123@group-032D02CB740D-SegmentedRaftLog:OPENED:c0, conf=0: peers:[93471f04-f84a-446a-9dbd-94f45fb64b69|rpc:10.1.0.176:39615|dataStream:|priority:1|startupRole:FOLLOWER, fd07e5d7-2dd9-455a-a9b9-9dae4f4be123|rpc:10.1.0.176:45045|dataStream:|priority:0|startupRole:FOLLOWER, 592803f5-ace9-49ac-a54f-354c0e5baf2c|rpc:10.1.0.176:36049|dataStream:|priority:0|startupRole:FOLLOWER]|listeners:[], old=null RUNNING
2022-12-06 16:24:59,133 [Command processor thread] INFO  server.RaftServer$Division (RaftServerImpl.java:lambda$close$4(458)) - fd07e5d7-2dd9-455a-a9b9-9dae4f4be123@group-032D02CB740D: shutdown
2022-12-06 16:24:59,134 [Command processor thread] INFO  util.JmxRegister (JmxRegister.java:unregister(73)) - Successfully un-registered JMX Bean with object name Ratis:service=RaftServer,group=group-032D02CB740D,id=fd07e5d7-2dd9-455a-a9b9-9dae4f4be123
2022-12-06 16:24:59,134 [Command processor thread] INFO  impl.RoleInfo (RoleInfo.java:shutdownFollowerState(110)) - fd07e5d7-2dd9-455a-a9b9-9dae4f4be123: shutdown fd07e5d7-2dd9-455a-a9b9-9dae4f4be123@group-032D02CB740D-FollowerState
2022-12-06 16:24:59,135 [Command processor thread] INFO  impl.StateMachineUpdater (StateMachineUpdater.java:stopAndJoin(153)) - fd07e5d7-2dd9-455a-a9b9-9dae4f4be123@group-032D02CB740D-StateMachineUpdater: set stopIndex = 0
2022-12-06 16:24:59,135 [fd07e5d7-2dd9-455a-a9b9-9dae4f4be123@group-032D02CB740D-FollowerState] INFO  impl.FollowerState (FollowerState.java:run(152)) - fd07e5d7-2dd9-455a-a9b9-9dae4f4be123@group-032D02CB740D-FollowerState was interrupted
2022-12-06 16:24:59,136 [fd07e5d7-2dd9-455a-a9b9-9dae4f4be123@group-032D02CB740D-StateMachineUpdater] INFO  ratis.ContainerStateMachine (ContainerStateMachine.java:takeSnapshot(304)) - group-032D02CB740D: Taking a snapshot at:(t:2, i:0) file /home/runner/work/ozone/ozone/hadoop-ozone/integration-test/target/test-dir/MiniOzoneClusterImpl-ff76fcda-2f7b-42b7-aafc-07b3f4cbd752/datanode-3/data/ratis/c5007c7d-689f-453a-a58d-032d02cb740d/sm/snapshot.2_0
2022-12-06 16:24:59,137 [fd07e5d7-2dd9-455a-a9b9-9dae4f4be123@group-032D02CB740D-StateMachineUpdater] INFO  ratis.ContainerStateMachine (ContainerStateMachine.java:takeSnapshot(315)) - group-032D02CB740D: Finished taking a snapshot at:(t:2, i:0) file:/home/runner/work/ozone/ozone/hadoop-ozone/integration-test/target/test-dir/MiniOzoneClusterImpl-ff76fcda-2f7b-42b7-aafc-07b3f4cbd752/datanode-3/data/ratis/c5007c7d-689f-453a-a58d-032d02cb740d/sm/snapshot.2_0 took: 0 ms
2022-12-06 16:24:59,138 [fd07e5d7-2dd9-455a-a9b9-9dae4f4be123@group-032D02CB740D-StateMachineUpdater] INFO  impl.StateMachineUpdater (StateMachineUpdater.java:takeSnapshot(287)) - fd07e5d7-2dd9-455a-a9b9-9dae4f4be123@group-032D02CB740D-StateMachineUpdater: Took a snapshot at index 0
2022-12-06 16:24:59,138 [fd07e5d7-2dd9-455a-a9b9-9dae4f4be123@group-032D02CB740D-StateMachineUpdater] INFO  impl.StateMachineUpdater (StateMachineUpdater.java:lambda$new$0(92)) - fd07e5d7-2dd9-455a-a9b9-9dae4f4be123@group-032D02CB740D-StateMachineUpdater: snapshotIndex: updateIncreasingly -1 -> 0
2022-12-06 16:24:59,138 [Command processor thread] INFO  server.RaftServer$Division (ServerState.java:close(466)) - fd07e5d7-2dd9-455a-a9b9-9dae4f4be123@group-032D02CB740D: closes. applyIndex: 0
2022-12-06 16:24:59,138 [fd07e5d7-2dd9-455a-a9b9-9dae4f4be123@group-032D02CB740D-SegmentedRaftLogWorker] INFO  segmented.SegmentedRaftLogWorker (SegmentedRaftLogWorker.java:run(347)) - fd07e5d7-2dd9-455a-a9b9-9dae4f4be123@group-032D02CB740D-SegmentedRaftLogWorker was interrupted, exiting. There are 0 tasks remaining in the queue.
2022-12-06 16:24:59,139 [Command processor thread] INFO  segmented.SegmentedRaftLogWorker (SegmentedRaftLogWorker.java:close(257)) - fd07e5d7-2dd9-455a-a9b9-9dae4f4be123@group-032D02CB740D-SegmentedRaftLogWorker close()
2022-12-06 16:24:59,141 [Command processor thread] INFO  server.RaftServer$Division (RaftServerImpl.java:groupRemove(428)) - fd07e5d7-2dd9-455a-a9b9-9dae4f4be123@group-032D02CB740D: Succeed to remove RaftStorageDirectory Storage Directory /home/runner/work/ozone/ozone/hadoop-ozone/integration-test/target/test-dir/MiniOzoneClusterImpl-ff76fcda-2f7b-42b7-aafc-07b3f4cbd752/datanode-3/data/ratis/c5007c7d-689f-453a-a58d-032d02cb740d
2022-12-06 16:24:59,142 [Command processor thread] INFO  commandhandler.ClosePipelineCommandHandler (ClosePipelineCommandHandler.java:handle(78)) - Close Pipeline PipelineID=c5007c7d-689f-453a-a58d-032d02cb740d command on datanode fd07e5d7-2dd9-455a-a9b9-9dae4f4be123.
2022-12-06 16:24:59,161 [EventQueue-CommandQueueReportForCommandQueueReportHandler] WARN  events.EventQueue (EventQueue.java:fireEvent(216)) - No event handler registered for event TypedEvent{payloadType=DatanodeDetails, name='Datanode_Command_Queue_Updated'}
2022-12-06 16:24:59,219 [EventQueue-CommandQueueReportForCommandQueueReportHandler] WARN  events.EventQueue (EventQueue.java:fireEvent(216)) - No event handler registered for event TypedEvent{payloadType=DatanodeDetails, name='Datanode_Command_Queue_Updated'}
2022-12-06 16:24:59,252 [EventQueue-CommandQueueReportForCommandQueueReportHandler] WARN  events.EventQueue (EventQueue.java:fireEvent(216)) - No event handler registered for event TypedEvent{payloadType=DatanodeDetails, name='Datanode_Command_Queue_Updated'}
2022-12-06 16:24:59,516 [EventQueue-CommandQueueReportForCommandQueueReportHandler] WARN  events.EventQueue (EventQueue.java:fireEvent(216)) - No event handler registered for event TypedEvent{payloadType=DatanodeDetails, name='Datanode_Command_Queue_Updated'}
2022-12-06 16:24:59,560 [EventQueue-CommandQueueReportForCommandQueueReportHandler] WARN  events.EventQueue (EventQueue.java:fireEvent(216)) - No event handler registered for event TypedEvent{payloadType=DatanodeDetails, name='Datanode_Command_Queue_Updated'}
2022-12-06 16:24:59,647 [EventQueue-CommandQueueReportForCommandQueueReportHandler] WARN  events.EventQueue (EventQueue.java:fireEvent(216)) - No event handler registered for event TypedEvent{payloadType=DatanodeDetails, name='Datanode_Command_Queue_Updated'}
2022-12-06 16:24:59,761 [EventQueue-CommandQueueReportForCommandQueueReportHandler] WARN  events.EventQueue (EventQueue.java:fireEvent(216)) - No event handler registered for event TypedEvent{payloadType=DatanodeDetails, name='Datanode_Command_Queue_Updated'}
2022-12-06 16:24:59,817 [EventQueue-CommandQueueReportForCommandQueueReportHandler] WARN  events.EventQueue (EventQueue.java:fireEvent(216)) - No event handler registered for event TypedEvent{payloadType=DatanodeDetails, name='Datanode_Command_Queue_Updated'}
2022-12-06 16:25:00,121 [EventQueue-CommandQueueReportForCommandQueueReportHandler] WARN  events.EventQueue (EventQueue.java:fireEvent(216)) - No event handler registered for event TypedEvent{payloadType=DatanodeDetails, name='Datanode_Command_Queue_Updated'}
2022-12-06 16:25:00,161 [EventQueue-CommandQueueReportForCommandQueueReportHandler] WARN  events.EventQueue (EventQueue.java:fireEvent(216)) - No event handler registered for event TypedEvent{payloadType=DatanodeDetails, name='Datanode_Command_Queue_Updated'}
2022-12-06 16:25:00,219 [EventQueue-CommandQueueReportForCommandQueueReportHandler] WARN  events.EventQueue (EventQueue.java:fireEvent(216)) - No event handler registered for event TypedEvent{payloadType=DatanodeDetails, name='Datanode_Command_Queue_Updated'}
2022-12-06 16:25:00,251 [EventQueue-CommandQueueReportForCommandQueueReportHandler] WARN  events.EventQueue (EventQueue.java:fireEvent(216)) - No event handler registered for event TypedEvent{payloadType=DatanodeDetails, name='Datanode_Command_Queue_Updated'}
2022-12-06 16:25:00,516 [EventQueue-CommandQueueReportForCommandQueueReportHandler] WARN  events.EventQueue (EventQueue.java:fireEvent(216)) - No event handler registered for event TypedEvent{payloadType=DatanodeDetails, name='Datanode_Command_Queue_Updated'}
2022-12-06 16:25:00,560 [EventQueue-CommandQueueReportForCommandQueueReportHandler] WARN  events.EventQueue (EventQueue.java:fireEvent(216)) - No event handler registered for event TypedEvent{payloadType=DatanodeDetails, name='Datanode_Command_Queue_Updated'}
2022-12-06 16:25:00,648 [EventQueue-CommandQueueReportForCommandQueueReportHandler] WARN  events.EventQueue (EventQueue.java:fireEvent(216)) - No event handler registered for event TypedEvent{payloadType=DatanodeDetails, name='Datanode_Command_Queue_Updated'}
2022-12-06 16:25:00,760 [EventQueue-CommandQueueReportForCommandQueueReportHandler] WARN  events.EventQueue (EventQueue.java:fireEvent(216)) - No event handler registered for event TypedEvent{payloadType=DatanodeDetails, name='Datanode_Command_Queue_Updated'}
2022-12-06 16:25:00,816 [EventQueue-CommandQueueReportForCommandQueueReportHandler] WARN  events.EventQueue (EventQueue.java:fireEvent(216)) - No event handler registered for event TypedEvent{payloadType=DatanodeDetails, name='Datanode_Command_Queue_Updated'}
2022-12-06 16:25:01,122 [EventQueue-CommandQueueReportForCommandQueueReportHandler] WARN  events.EventQueue (EventQueue.java:fireEvent(216)) - No event handler registered for event TypedEvent{payloadType=DatanodeDetails, name='Datanode_Command_Queue_Updated'}
2022-12-06 16:25:01,161 [EventQueue-CommandQueueReportForCommandQueueReportHandler] WARN  events.EventQueue (EventQueue.java:fireEvent(216)) - No event handler registered for event TypedEvent{payloadType=DatanodeDetails, name='Datanode_Command_Queue_Updated'}
2022-12-06 16:25:01,220 [EventQueue-CommandQueueReportForCommandQueueReportHandler] WARN  events.EventQueue (EventQueue.java:fireEvent(216)) - No event handler registered for event TypedEvent{payloadType=DatanodeDetails, name='Datanode_Command_Queue_Updated'}
2022-12-06 16:25:01,251 [EventQueue-CommandQueueReportForCommandQueueReportHandler] WARN  events.EventQueue (EventQueue.java:fireEvent(216)) - No event handler registered for event TypedEvent{payloadType=DatanodeDetails, name='Datanode_Command_Queue_Updated'}
2022-12-06 16:25:01,516 [EventQueue-CommandQueueReportForCommandQueueReportHandler] WARN  events.EventQueue (EventQueue.java:fireEvent(216)) - No event handler registered for event TypedEvent{payloadType=DatanodeDetails, name='Datanode_Command_Queue_Updated'}
2022-12-06 16:25:01,559 [EventQueue-CommandQueueReportForCommandQueueReportHandler] WARN  events.EventQueue (EventQueue.java:fireEvent(216)) - No event handler registered for event TypedEvent{payloadType=DatanodeDetails, name='Datanode_Command_Queue_Updated'}
2022-12-06 16:25:01,647 [EventQueue-CommandQueueReportForCommandQueueReportHandler] WARN  events.EventQueue (EventQueue.java:fireEvent(216)) - No event handler registered for event TypedEvent{payloadType=DatanodeDetails, name='Datanode_Command_Queue_Updated'}
2022-12-06 16:25:01,760 [EventQueue-CommandQueueReportForCommandQueueReportHandler] WARN  events.EventQueue (EventQueue.java:fireEvent(216)) - No event handler registered for event TypedEvent{payloadType=DatanodeDetails, name='Datanode_Command_Queue_Updated'}
2022-12-06 16:25:01,816 [EventQueue-CommandQueueReportForCommandQueueReportHandler] WARN  events.EventQueue (EventQueue.java:fireEvent(216)) - No event handler registered for event TypedEvent{payloadType=DatanodeDetails, name='Datanode_Command_Queue_Updated'}
2022-12-06 16:25:02,121 [EventQueue-CommandQueueReportForCommandQueueReportHandler] WARN  events.EventQueue (EventQueue.java:fireEvent(216)) - No event handler registered for event TypedEvent{payloadType=DatanodeDetails, name='Datanode_Command_Queue_Updated'}
2022-12-06 16:25:02,162 [EventQueue-CommandQueueReportForCommandQueueReportHandler] WARN  events.EventQueue (EventQueue.java:fireEvent(216)) - No event handler registered for event TypedEvent{payloadType=DatanodeDetails, name='Datanode_Command_Queue_Updated'}
2022-12-06 16:25:02,219 [EventQueue-CommandQueueReportForCommandQueueReportHandler] WARN  events.EventQueue (EventQueue.java:fireEvent(216)) - No event handler registered for event TypedEvent{payloadType=DatanodeDetails, name='Datanode_Command_Queue_Updated'}
2022-12-06 16:25:02,251 [EventQueue-CommandQueueReportForCommandQueueReportHandler] WARN  events.EventQueue (EventQueue.java:fireEvent(216)) - No event handler registered for event TypedEvent{payloadType=DatanodeDetails, name='Datanode_Command_Queue_Updated'}
2022-12-06 16:25:02,516 [EventQueue-CommandQueueReportForCommandQueueReportHandler] WARN  events.EventQueue (EventQueue.java:fireEvent(216)) - No event handler registered for event TypedEvent{payloadType=DatanodeDetails, name='Datanode_Command_Queue_Updated'}
2022-12-06 16:25:02,559 [EventQueue-CommandQueueReportForCommandQueueReportHandler] WARN  events.EventQueue (EventQueue.java:fireEvent(216)) - No event handler registered for event TypedEvent{payloadType=DatanodeDetails, name='Datanode_Command_Queue_Updated'}
2022-12-06 16:25:02,647 [EventQueue-CommandQueueReportForCommandQueueReportHandler] WARN  events.EventQueue (EventQueue.java:fireEvent(216)) - No event handler registered for event TypedEvent{payloadType=DatanodeDetails, name='Datanode_Command_Queue_Updated'}
2022-12-06 16:25:02,761 [EventQueue-CommandQueueReportForCommandQueueReportHandler] WARN  events.EventQueue (EventQueue.java:fireEvent(216)) - No event handler registered for event TypedEvent{payloadType=DatanodeDetails, name='Datanode_Command_Queue_Updated'}
2022-12-06 16:25:02,816 [EventQueue-CommandQueueReportForCommandQueueReportHandler] WARN  events.EventQueue (EventQueue.java:fireEvent(216)) - No event handler registered for event TypedEvent{payloadType=DatanodeDetails, name='Datanode_Command_Queue_Updated'}
2022-12-06 16:25:03,122 [EventQueue-CommandQueueReportForCommandQueueReportHandler] WARN  events.EventQueue (EventQueue.java:fireEvent(216)) - No event handler registered for event TypedEvent{payloadType=DatanodeDetails, name='Datanode_Command_Queue_Updated'}
2022-12-06 16:25:03,161 [EventQueue-CommandQueueReportForCommandQueueReportHandler] WARN  events.EventQueue (EventQueue.java:fireEvent(216)) - No event handler registered for event TypedEvent{payloadType=DatanodeDetails, name='Datanode_Command_Queue_Updated'}
2022-12-06 16:25:03,219 [EventQueue-CommandQueueReportForCommandQueueReportHandler] WARN  events.EventQueue (EventQueue.java:fireEvent(216)) - No event handler registered for event TypedEvent{payloadType=DatanodeDetails, name='Datanode_Command_Queue_Updated'}
2022-12-06 16:25:03,251 [EventQueue-CommandQueueReportForCommandQueueReportHandler] WARN  events.EventQueue (EventQueue.java:fireEvent(216)) - No event handler registered for event TypedEvent{payloadType=DatanodeDetails, name='Datanode_Command_Queue_Updated'}
2022-12-06 16:25:03,518 [EventQueue-CommandQueueReportForCommandQueueReportHandler] WARN  events.EventQueue (EventQueue.java:fireEvent(216)) - No event handler registered for event TypedEvent{payloadType=DatanodeDetails, name='Datanode_Command_Queue_Updated'}
2022-12-06 16:25:03,561 [EventQueue-CommandQueueReportForCommandQueueReportHandler] WARN  events.EventQueue (EventQueue.java:fireEvent(216)) - No event handler registered for event TypedEvent{payloadType=DatanodeDetails, name='Datanode_Command_Queue_Updated'}
2022-12-06 16:25:03,648 [EventQueue-CommandQueueReportForCommandQueueReportHandler] WARN  events.EventQueue (EventQueue.java:fireEvent(216)) - No event handler registered for event TypedEvent{payloadType=DatanodeDetails, name='Datanode_Command_Queue_Updated'}
2022-12-06 16:25:03,760 [EventQueue-CommandQueueReportForCommandQueueReportHandler] WARN  events.EventQueue (EventQueue.java:fireEvent(216)) - No event handler registered for event TypedEvent{payloadType=DatanodeDetails, name='Datanode_Command_Queue_Updated'}
2022-12-06 16:25:03,816 [EventQueue-CommandQueueReportForCommandQueueReportHandler] WARN  events.EventQueue (EventQueue.java:fireEvent(216)) - No event handler registered for event TypedEvent{payloadType=DatanodeDetails, name='Datanode_Command_Queue_Updated'}
2022-12-06 16:25:04,122 [EventQueue-CommandQueueReportForCommandQueueReportHandler] WARN  events.EventQueue (EventQueue.java:fireEvent(216)) - No event handler registered for event TypedEvent{payloadType=DatanodeDetails, name='Datanode_Command_Queue_Updated'}
2022-12-06 16:25:04,163 [EventQueue-CommandQueueReportForCommandQueueReportHandler] WARN  events.EventQueue (EventQueue.java:fireEvent(216)) - No event handler registered for event TypedEvent{payloadType=DatanodeDetails, name='Datanode_Command_Queue_Updated'}
2022-12-06 16:25:04,219 [EventQueue-CommandQueueReportForCommandQueueReportHandler] WARN  events.EventQueue (EventQueue.java:fireEvent(216)) - No event handler registered for event TypedEvent{payloadType=DatanodeDetails, name='Datanode_Command_Queue_Updated'}
2022-12-06 16:25:04,251 [EventQueue-CommandQueueReportForCommandQueueReportHandler] WARN  events.EventQueue (EventQueue.java:fireEvent(216)) - No event handler registered for event TypedEvent{payloadType=DatanodeDetails, name='Datanode_Command_Queue_Updated'}
2022-12-06 16:25:04,516 [EventQueue-CommandQueueReportForCommandQueueReportHandler] WARN  events.EventQueue (EventQueue.java:fireEvent(216)) - No event handler registered for event TypedEvent{payloadType=DatanodeDetails, name='Datanode_Command_Queue_Updated'}
2022-12-06 16:25:04,559 [EventQueue-CommandQueueReportForCommandQueueReportHandler] WARN  events.EventQueue (EventQueue.java:fireEvent(216)) - No event handler registered for event TypedEvent{payloadType=DatanodeDetails, name='Datanode_Command_Queue_Updated'}
2022-12-06 16:25:04,649 [EventQueue-CommandQueueReportForCommandQueueReportHandler] WARN  events.EventQueue (EventQueue.java:fireEvent(216)) - No event handler registered for event TypedEvent{payloadType=DatanodeDetails, name='Datanode_Command_Queue_Updated'}
2022-12-06 16:25:04,760 [EventQueue-CommandQueueReportForCommandQueueReportHandler] WARN  events.EventQueue (EventQueue.java:fireEvent(216)) - No event handler registered for event TypedEvent{payloadType=DatanodeDetails, name='Datanode_Command_Queue_Updated'}
2022-12-06 16:25:04,818 [EventQueue-CommandQueueReportForCommandQueueReportHandler] WARN  events.EventQueue (EventQueue.java:fireEvent(216)) - No event handler registered for event TypedEvent{payloadType=DatanodeDetails, name='Datanode_Command_Queue_Updated'}
2022-12-06 16:25:05,122 [EventQueue-CommandQueueReportForCommandQueueReportHandler] WARN  events.EventQueue (EventQueue.java:fireEvent(216)) - No event handler registered for event TypedEvent{payloadType=DatanodeDetails, name='Datanode_Command_Queue_Updated'}
2022-12-06 16:25:05,162 [EventQueue-CommandQueueReportForCommandQueueReportHandler] WARN  events.EventQueue (EventQueue.java:fireEvent(216)) - No event handler registered for event TypedEvent{payloadType=DatanodeDetails, name='Datanode_Command_Queue_Updated'}
2022-12-06 16:25:05,220 [EventQueue-CommandQueueReportForCommandQueueReportHandler] WARN  events.EventQueue (EventQueue.java:fireEvent(216)) - No event handler registered for event TypedEvent{payloadType=DatanodeDetails, name='Datanode_Command_Queue_Updated'}
2022-12-06 16:25:05,251 [EventQueue-CommandQueueReportForCommandQueueReportHandler] WARN  events.EventQueue (EventQueue.java:fireEvent(216)) - No event handler registered for event TypedEvent{payloadType=DatanodeDetails, name='Datanode_Command_Queue_Updated'}
2022-12-06 16:25:05,516 [EventQueue-CommandQueueReportForCommandQueueReportHandler] WARN  events.EventQueue (EventQueue.java:fireEvent(216)) - No event handler registered for event TypedEvent{payloadType=DatanodeDetails, name='Datanode_Command_Queue_Updated'}
2022-12-06 16:25:05,559 [EventQueue-CommandQueueReportForCommandQueueReportHandler] WARN  events.EventQueue (EventQueue.java:fireEvent(216)) - No event handler registered for event TypedEvent{payloadType=DatanodeDetails, name='Datanode_Command_Queue_Updated'}
2022-12-06 16:25:05,648 [EventQueue-CommandQueueReportForCommandQueueReportHandler] WARN  events.EventQueue (EventQueue.java:fireEvent(216)) - No event handler registered for event TypedEvent{payloadType=DatanodeDetails, name='Datanode_Command_Queue_Updated'}
2022-12-06 16:25:05,760 [EventQueue-CommandQueueReportForCommandQueueReportHandler] WARN  events.EventQueue (EventQueue.java:fireEvent(216)) - No event handler registered for event TypedEvent{payloadType=DatanodeDetails, name='Datanode_Command_Queue_Updated'}
2022-12-06 16:25:05,817 [EventQueue-CommandQueueReportForCommandQueueReportHandler] WARN  events.EventQueue (EventQueue.java:fireEvent(216)) - No event handler registered for event TypedEvent{payloadType=DatanodeDetails, name='Datanode_Command_Queue_Updated'}
2022-12-06 16:25:06,122 [EventQueue-CommandQueueReportForCommandQueueReportHandler] WARN  events.EventQueue (EventQueue.java:fireEvent(216)) - No event handler registered for event TypedEvent{payloadType=DatanodeDetails, name='Datanode_Command_Queue_Updated'}
2022-12-06 16:25:06,161 [EventQueue-CommandQueueReportForCommandQueueReportHandler] WARN  events.EventQueue (EventQueue.java:fireEvent(216)) - No event handler registered for event TypedEvent{payloadType=DatanodeDetails, name='Datanode_Command_Queue_Updated'}
2022-12-06 16:25:06,211 [Under Replicated Processor] INFO  replication.ReplicationManager (ReplicationManager.java:sendDatanodeCommand(417)) - Sending command of type reconstructECContainersCommand for container ContainerInfo{id=#1, state=CLOSED, pipelineID=PipelineID=f53f5cdc-0cc0-4b93-99bc-1b3dc003694c, stateEnterTime=2022-12-06T16:24:49.530Z, owner=om1} to 6a413ed4-87ae-4509-b51d-2f5d21600f9c{ip: 10.1.0.176, host: fv-az451-158.ehxzt5fk3o4e1ahk02omj2f41g.dx.internal.cloudapp.net, ports: [REPLICATION=37211, RATIS=45621, RATIS_ADMIN=45621, RATIS_SERVER=45621, STANDALONE=41119], networkLocation: /default-rack, certSerialId: null, persistedOpState: null, persistedOpStateExpiryEpochSec: 0}
2022-12-06 16:25:06,213 [Under Replicated Processor] INFO  replication.UnderReplicatedProcessor (UnderReplicatedProcessor.java:processAll(79)) - Processed 1 under replicated containers, failed processing 0
2022-12-06 16:25:06,219 [EventQueue-CommandQueueReportForCommandQueueReportHandler] WARN  events.EventQueue (EventQueue.java:fireEvent(216)) - No event handler registered for event TypedEvent{payloadType=DatanodeDetails, name='Datanode_Command_Queue_Updated'}
2022-12-06 16:25:06,221 [Over Replicated Processor] INFO  replication.OverReplicatedProcessor (OverReplicatedProcessor.java:processAll(79)) - Processed 0 over replicated containers, failed processing 0
2022-12-06 16:25:06,225 [ReplicationMonitor] INFO  replication.ReplicationManager (ReplicationManager.java:processAll(356)) - Replication Monitor Thread took 1 milliseconds for processing 1 containers.
2022-12-06 16:25:06,251 [EventQueue-CommandQueueReportForCommandQueueReportHandler] WARN  events.EventQueue (EventQueue.java:fireEvent(216)) - No event handler registered for event TypedEvent{payloadType=DatanodeDetails, name='Datanode_Command_Queue_Updated'}
2022-12-06 16:25:06,516 [EventQueue-CommandQueueReportForCommandQueueReportHandler] WARN  events.EventQueue (EventQueue.java:fireEvent(216)) - No event handler registered for event TypedEvent{payloadType=DatanodeDetails, name='Datanode_Command_Queue_Updated'}
2022-12-06 16:25:06,559 [EventQueue-CommandQueueReportForCommandQueueReportHandler] WARN  events.EventQueue (EventQueue.java:fireEvent(216)) - No event handler registered for event TypedEvent{payloadType=DatanodeDetails, name='Datanode_Command_Queue_Updated'}
2022-12-06 16:25:06,649 [EventQueue-CommandQueueReportForCommandQueueReportHandler] WARN  events.EventQueue (EventQueue.java:fireEvent(216)) - No event handler registered for event TypedEvent{payloadType=DatanodeDetails, name='Datanode_Command_Queue_Updated'}
2022-12-06 16:25:06,760 [EventQueue-CommandQueueReportForCommandQueueReportHandler] WARN  events.EventQueue (EventQueue.java:fireEvent(216)) - No event handler registered for event TypedEvent{payloadType=DatanodeDetails, name='Datanode_Command_Queue_Updated'}
2022-12-06 16:25:06,817 [EventQueue-CommandQueueReportForCommandQueueReportHandler] WARN  events.EventQueue (EventQueue.java:fireEvent(216)) - No event handler registered for event TypedEvent{payloadType=DatanodeDetails, name='Datanode_Command_Queue_Updated'}
2022-12-06 16:25:07,122 [EventQueue-CommandQueueReportForCommandQueueReportHandler] WARN  events.EventQueue (EventQueue.java:fireEvent(216)) - No event handler registered for event TypedEvent{payloadType=DatanodeDetails, name='Datanode_Command_Queue_Updated'}
2022-12-06 16:25:07,161 [EventQueue-CommandQueueReportForCommandQueueReportHandler] WARN  events.EventQueue (EventQueue.java:fireEvent(216)) - No event handler registered for event TypedEvent{payloadType=DatanodeDetails, name='Datanode_Command_Queue_Updated'}
2022-12-06 16:25:07,219 [EventQueue-CommandQueueReportForCommandQueueReportHandler] WARN  events.EventQueue (EventQueue.java:fireEvent(216)) - No event handler registered for event TypedEvent{payloadType=DatanodeDetails, name='Datanode_Command_Queue_Updated'}
2022-12-06 16:25:07,251 [EventQueue-CommandQueueReportForCommandQueueReportHandler] WARN  events.EventQueue (EventQueue.java:fireEvent(216)) - No event handler registered for event TypedEvent{payloadType=DatanodeDetails, name='Datanode_Command_Queue_Updated'}
2022-12-06 16:25:07,517 [EventQueue-CommandQueueReportForCommandQueueReportHandler] WARN  events.EventQueue (EventQueue.java:fireEvent(216)) - No event handler registered for event TypedEvent{payloadType=DatanodeDetails, name='Datanode_Command_Queue_Updated'}
2022-12-06 16:25:07,560 [EventQueue-CommandQueueReportForCommandQueueReportHandler] WARN  events.EventQueue (EventQueue.java:fireEvent(216)) - No event handler registered for event TypedEvent{payloadType=DatanodeDetails, name='Datanode_Command_Queue_Updated'}
2022-12-06 16:25:07,653 [EventQueue-CommandQueueReportForCommandQueueReportHandler] WARN  events.EventQueue (EventQueue.java:fireEvent(216)) - No event handler registered for event TypedEvent{payloadType=DatanodeDetails, name='Datanode_Command_Queue_Updated'}
2022-12-06 16:25:07,760 [EventQueue-CommandQueueReportForCommandQueueReportHandler] WARN  events.EventQueue (EventQueue.java:fireEvent(216)) - No event handler registered for event TypedEvent{payloadType=DatanodeDetails, name='Datanode_Command_Queue_Updated'}
2022-12-06 16:25:07,818 [EventQueue-CommandQueueReportForCommandQueueReportHandler] WARN  events.EventQueue (EventQueue.java:fireEvent(216)) - No event handler registered for event TypedEvent{payloadType=DatanodeDetails, name='Datanode_Command_Queue_Updated'}
2022-12-06 16:25:07,897 [EventQueue-CommandQueueReportForCommandQueueReportHandler] WARN  events.EventQueue (EventQueue.java:fireEvent(216)) - No event handler registered for event TypedEvent{payloadType=DatanodeDetails, name='Datanode_Command_Queue_Updated'}
2022-12-06 16:25:07,898 [ChunkReader-5] INFO  keyvalue.KeyValueContainer (KeyValueContainer.java:flushAndSyncDB(437)) - Container 1 is synced with bcsId 0.
2022-12-06 16:25:07,898 [ChunkReader-5] INFO  keyvalue.KeyValueContainer (KeyValueContainer.java:flushAndSyncDB(437)) - Container 1 is synced with bcsId 0.
2022-12-06 16:25:07,900 [ChunkReader-5] INFO  keyvalue.KeyValueContainer (KeyValueContainer.java:close(352)) - Container 1 is closed with bcsId 0.
2022-12-06 16:25:07,901 [EventQueue-CommandQueueReportForCommandQueueReportHandler] WARN  events.EventQueue (EventQueue.java:fireEvent(216)) - No event handler registered for event TypedEvent{payloadType=DatanodeDetails, name='Datanode_Command_Queue_Updated'}
2022-12-06 16:25:07,904 [ECContainerReconstructionThread-0] INFO  reconstruction.ECReconstructionCoordinatorTask (ECReconstructionCoordinatorTask.java:run(88)) - Completed the EC reconstruction of the container 1
2022-12-06 16:25:07,943 [Listener at 127.0.0.1/39139] INFO  replication.ReplicationManager (ReplicationManager.java:stop(289)) - Stopping Replication Monitor Thread.
2022-12-06 16:25:07,943 [Under Replicated Processor] WARN  replication.UnderReplicatedProcessor (UnderReplicatedProcessor.java:run(108)) - Under Replicated Processor interrupted. Exiting...
2022-12-06 16:25:07,944 [Over Replicated Processor] WARN  replication.OverReplicatedProcessor (OverReplicatedProcessor.java:run(109)) - Over Replicated Processor interrupted. Exiting...
2022-12-06 16:25:07,944 [ReplicationMonitor] INFO  replication.ReplicationManager (ReplicationManager.java:run(641)) - Replication Monitor Thread is stopped
2022-12-06 16:25:07,946 [Listener at 127.0.0.1/39139] WARN  impl.MetricRegistriesImpl (MetricRegistriesImpl.java:addReporterRegistration(111)) - New reporters are added after registries were created. Some metrics will be missing from the reporter. Please add reporter before adding any new registry.
2022-12-06 16:25:07,947 [Listener at 127.0.0.1/39139] WARN  impl.MetricRegistriesImpl (MetricRegistriesImpl.java:addReporterRegistration(111)) - New reporters are added after registries were created. Some metrics will be missing from the reporter. Please add reporter before adding any new registry.
2022-12-06 16:25:07,947 [Listener at 127.0.0.1/39139] INFO  impl.MetricsSystemImpl (MetricsSystemImpl.java:init(158)) - HddsDatanode metrics system started (again)
2022-12-06 16:25:07,990 [Listener at 127.0.0.1/39139] INFO  ozone.HddsDatanodeService (HddsDatanodeService.java:start(236)) - HddsDatanodeService host:fv-az451-158.ehxzt5fk3o4e1ahk02omj2f41g.dx.internal.cloudapp.net ip:10.1.0.176
2022-12-06 16:25:08,006 [Listener at 127.0.0.1/39139] INFO  upgrade.AbstractLayoutVersionManager (AbstractLayoutVersionManager.java:init(83)) - Initializing Layout version manager with metadata layout = DATANODE_SCHEMA_V3 (version = 4), software layout = DATANODE_SCHEMA_V3 (version = 4)
2022-12-06 16:25:08,060 [Listener at 127.0.0.1/39139] INFO  reflections.Reflections (Reflections.java:scan(232)) - Reflections took 53 ms to scan 7 urls, producing 140 keys and 342 values 
2022-12-06 16:25:08,062 [Listener at 127.0.0.1/39139] INFO  statemachine.DatanodeStateMachine (DatanodeStateMachine.java:getEndPointTaskThreadPoolSize(245)) - Datanode State Machine Task Thread Pool size 2
2022-12-06 16:25:08,064 [Listener at 127.0.0.1/39139] INFO  volume.HddsVolume (HddsVolume.java:<init>(117)) - Creating HddsVolume: /home/runner/work/ozone/ozone/hadoop-ozone/integration-test/target/test-dir/MiniOzoneClusterImpl-ff76fcda-2f7b-42b7-aafc-07b3f4cbd752/datanode-4/data-0/containers/hdds of storage type : DISK capacity : 9223372036854775807
2022-12-06 16:25:08,064 [Listener at 127.0.0.1/39139] INFO  volume.MutableVolumeSet (MutableVolumeSet.java:initializeVolumeSet(174)) - Added Volume : /home/runner/work/ozone/ozone/hadoop-ozone/integration-test/target/test-dir/MiniOzoneClusterImpl-ff76fcda-2f7b-42b7-aafc-07b3f4cbd752/datanode-4/data-0/containers/hdds to VolumeSet
2022-12-06 16:25:08,064 [Listener at 127.0.0.1/39139] INFO  volume.ThrottledAsyncChecker (ThrottledAsyncChecker.java:schedule(141)) - Scheduling a check for /home/runner/work/ozone/ozone/hadoop-ozone/integration-test/target/test-dir/MiniOzoneClusterImpl-ff76fcda-2f7b-42b7-aafc-07b3f4cbd752/datanode-4/data-0/containers/hdds
2022-12-06 16:25:08,070 [Listener at 127.0.0.1/39139] INFO  volume.StorageVolumeChecker (StorageVolumeChecker.java:checkAllVolumes(202)) - Scheduled health check for volume /home/runner/work/ozone/ozone/hadoop-ozone/integration-test/target/test-dir/MiniOzoneClusterImpl-ff76fcda-2f7b-42b7-aafc-07b3f4cbd752/datanode-4/data-0/containers/hdds
2022-12-06 16:25:08,084 [Listener at 127.0.0.1/39139] INFO  volume.MutableVolumeSet (MutableVolumeSet.java:initializeVolumeSet(174)) - Added Volume : /home/runner/work/ozone/ozone/hadoop-ozone/integration-test/target/test-dir/MiniOzoneClusterImpl-ff76fcda-2f7b-42b7-aafc-07b3f4cbd752/datanode-4/data/ratis to VolumeSet
2022-12-06 16:25:08,084 [Listener at 127.0.0.1/39139] INFO  volume.ThrottledAsyncChecker (ThrottledAsyncChecker.java:schedule(141)) - Scheduling a check for /home/runner/work/ozone/ozone/hadoop-ozone/integration-test/target/test-dir/MiniOzoneClusterImpl-ff76fcda-2f7b-42b7-aafc-07b3f4cbd752/datanode-4/data/ratis
2022-12-06 16:25:08,084 [Listener at 127.0.0.1/39139] INFO  volume.StorageVolumeChecker (StorageVolumeChecker.java:checkAllVolumes(202)) - Scheduled health check for volume /home/runner/work/ozone/ozone/hadoop-ozone/integration-test/target/test-dir/MiniOzoneClusterImpl-ff76fcda-2f7b-42b7-aafc-07b3f4cbd752/datanode-4/data/ratis
2022-12-06 16:25:08,117 [Listener at 127.0.0.1/39139] INFO  utils.DatanodeStoreCache (DatanodeStoreCache.java:addDB(58)) - Added db /home/runner/work/ozone/ozone/hadoop-ozone/integration-test/target/test-dir/MiniOzoneClusterImpl-ff76fcda-2f7b-42b7-aafc-07b3f4cbd752/datanode-4/data-0/containers/hdds/ff76fcda-2f7b-42b7-aafc-07b3f4cbd752/DS-d01caa60-a915-452c-b1c6-c21866aaa926/container.db to cache
2022-12-06 16:25:08,118 [Listener at 127.0.0.1/39139] INFO  volume.HddsVolume (HddsVolume.java:loadDbStore(260)) - SchemaV3 db is loaded at /home/runner/work/ozone/ozone/hadoop-ozone/integration-test/target/test-dir/MiniOzoneClusterImpl-ff76fcda-2f7b-42b7-aafc-07b3f4cbd752/datanode-4/data-0/containers/hdds/ff76fcda-2f7b-42b7-aafc-07b3f4cbd752/DS-d01caa60-a915-452c-b1c6-c21866aaa926/container.db for volume DS-d01caa60-a915-452c-b1c6-c21866aaa926
2022-12-06 16:25:08,122 [EventQueue-CommandQueueReportForCommandQueueReportHandler] WARN  events.EventQueue (EventQueue.java:fireEvent(216)) - No event handler registered for event TypedEvent{payloadType=DatanodeDetails, name='Datanode_Command_Queue_Updated'}
2022-12-06 16:25:08,123 [Thread-620] INFO  ozoneimpl.ContainerReader (ContainerReader.java:readVolume(145)) - Start to verify containers on volume /home/runner/work/ozone/ozone/hadoop-ozone/integration-test/target/test-dir/MiniOzoneClusterImpl-ff76fcda-2f7b-42b7-aafc-07b3f4cbd752/datanode-4/data-0/containers/hdds
2022-12-06 16:25:08,131 [Thread-620] INFO  ozoneimpl.ContainerReader (ContainerReader.java:readVolume(175)) - Finish verifying containers on volume /home/runner/work/ozone/ozone/hadoop-ozone/integration-test/target/test-dir/MiniOzoneClusterImpl-ff76fcda-2f7b-42b7-aafc-07b3f4cbd752/datanode-4/data-0/containers/hdds
2022-12-06 16:25:08,131 [Listener at 127.0.0.1/39139] INFO  ozoneimpl.OzoneContainer (OzoneContainer.java:buildContainerSet(301)) - Build ContainerSet costs 0s
2022-12-06 16:25:08,133 [Listener at 127.0.0.1/39139] INFO  server.RaftServer (ConfUtils.java:logGet(46)) - raft.rpc.type = GRPC (default)
2022-12-06 16:25:08,133 [Listener at 127.0.0.1/39139] INFO  grpc.GrpcConfigKeys (ConfUtils.java:logFallback(53)) - raft.grpc.admin.host = null (fallback to raft.grpc.server.host)
2022-12-06 16:25:08,134 [Listener at 127.0.0.1/39139] INFO  grpc.GrpcConfigKeys (ConfUtils.java:logGet(46)) - raft.grpc.admin.port = 39615 (custom)
2022-12-06 16:25:08,134 [Listener at 127.0.0.1/39139] INFO  grpc.GrpcConfigKeys (ConfUtils.java:logFallback(53)) - raft.grpc.client.host = null (fallback to raft.grpc.server.host)
2022-12-06 16:25:08,134 [Listener at 127.0.0.1/39139] INFO  grpc.GrpcConfigKeys (ConfUtils.java:logGet(46)) - raft.grpc.client.port = 39615 (custom)
2022-12-06 16:25:08,134 [Listener at 127.0.0.1/39139] INFO  grpc.GrpcConfigKeys (ConfUtils.java:logGet(46)) - raft.grpc.server.host = null (default)
2022-12-06 16:25:08,134 [Listener at 127.0.0.1/39139] INFO  grpc.GrpcConfigKeys (ConfUtils.java:logGet(46)) - raft.grpc.server.port = 39615 (custom)
2022-12-06 16:25:08,134 [Listener at 127.0.0.1/39139] INFO  server.GrpcService (ConfUtils.java:logGet(46)) - raft.grpc.message.size.max = 32MB (=33554432) (custom)
2022-12-06 16:25:08,135 [Listener at 127.0.0.1/39139] INFO  server.RaftServerConfigKeys (ConfUtils.java:logGet(46)) - raft.server.log.appender.buffer.byte-limit = 33554432 (custom)
2022-12-06 16:25:08,135 [Listener at 127.0.0.1/39139] INFO  server.GrpcService (ConfUtils.java:logGet(46)) - raft.grpc.flow.control.window = 5MB (=5242880) (custom)
2022-12-06 16:25:08,135 [Listener at 127.0.0.1/39139] INFO  server.RaftServerConfigKeys (ConfUtils.java:logGet(46)) - raft.server.rpc.request.timeout = 60s (custom)
2022-12-06 16:25:08,135 [Listener at 127.0.0.1/39139] INFO  grpc.GrpcConfigKeys (ConfUtils.java:logGet(46)) - raft.grpc.server.heartbeat.channel = true (default)
2022-12-06 16:25:08,136 [Listener at 127.0.0.1/39139] INFO  grpc.GrpcConfigKeys (ConfUtils.java:logGet(46)) - raft.grpc.server.async.request.thread.pool.cached = true (default)
2022-12-06 16:25:08,136 [Listener at 127.0.0.1/39139] INFO  grpc.GrpcConfigKeys (ConfUtils.java:logGet(46)) - raft.grpc.server.async.request.thread.pool.size = 32 (default)
2022-12-06 16:25:08,137 [Listener at 127.0.0.1/39139] INFO  impl.DataStreamServerImpl (ConfUtils.java:logGet(46)) - raft.datastream.type = DISABLED (default)
2022-12-06 16:25:08,137 [Listener at 127.0.0.1/39139] INFO  server.RaftServerConfigKeys (ConfUtils.java:logGet(46)) - raft.server.threadpool.proxy.cached = true (default)
2022-12-06 16:25:08,137 [Listener at 127.0.0.1/39139] INFO  server.RaftServerConfigKeys (ConfUtils.java:logGet(46)) - raft.server.threadpool.proxy.size = 0 (default)
2022-12-06 16:25:08,138 [Listener at 127.0.0.1/39139] INFO  server.RaftServerConfigKeys (ConfUtils.java:logGet(46)) - raft.server.rpc.slowness.timeout = 300s (custom)
2022-12-06 16:25:08,138 [Listener at 127.0.0.1/39139] INFO  server.RaftServerConfigKeys (ConfUtils.java:logGet(46)) - raft.server.leaderelection.leader.step-down.wait-time = 10s (default)
2022-12-06 16:25:08,138 [Listener at 127.0.0.1/39139] INFO  server.RaftServerConfigKeys (ConfUtils.java:logGet(46)) - raft.server.storage.dir = [/home/runner/work/ozone/ozone/hadoop-ozone/integration-test/target/test-dir/MiniOzoneClusterImpl-ff76fcda-2f7b-42b7-aafc-07b3f4cbd752/datanode-4/data/ratis] (custom)
2022-12-06 16:25:08,139 [93471f04-f84a-446a-9dbd-94f45fb64b69-impl-thread1] INFO  server.RaftServer (RaftServerProxy.java:initGroupDir(251)) - 93471f04-f84a-446a-9dbd-94f45fb64b69: found a subdirectory /home/runner/work/ozone/ozone/hadoop-ozone/integration-test/target/test-dir/MiniOzoneClusterImpl-ff76fcda-2f7b-42b7-aafc-07b3f4cbd752/datanode-4/data/ratis/47c8ed29-a24a-4c2c-bc83-23a236cf6c1c
2022-12-06 16:25:08,141 [93471f04-f84a-446a-9dbd-94f45fb64b69-impl-thread1] INFO  server.RaftServer (RaftServerProxy.java:addNew(96)) - 93471f04-f84a-446a-9dbd-94f45fb64b69: addNew group-23A236CF6C1C:[] returns group-23A236CF6C1C:java.util.concurrent.CompletableFuture@5dee7d07[Not completed]
2022-12-06 16:25:08,141 [93471f04-f84a-446a-9dbd-94f45fb64b69-impl-thread1] INFO  server.RaftServer (RaftServerProxy.java:initGroupDir(251)) - 93471f04-f84a-446a-9dbd-94f45fb64b69: found a subdirectory /home/runner/work/ozone/ozone/hadoop-ozone/integration-test/target/test-dir/MiniOzoneClusterImpl-ff76fcda-2f7b-42b7-aafc-07b3f4cbd752/datanode-4/data/ratis/c5007c7d-689f-453a-a58d-032d02cb740d
2022-12-06 16:25:08,141 [93471f04-f84a-446a-9dbd-94f45fb64b69-impl-thread1] INFO  server.RaftServer (RaftServerProxy.java:addNew(96)) - 93471f04-f84a-446a-9dbd-94f45fb64b69: addNew group-032D02CB740D:[] returns group-032D02CB740D:java.util.concurrent.CompletableFuture@59d1f262[Not completed]
2022-12-06 16:25:08,141 [93471f04-f84a-446a-9dbd-94f45fb64b69-impl-thread1] INFO  server.RaftServer (RaftServerProxy.java:initGroupDir(251)) - 93471f04-f84a-446a-9dbd-94f45fb64b69: found a subdirectory /home/runner/work/ozone/ozone/hadoop-ozone/integration-test/target/test-dir/MiniOzoneClusterImpl-ff76fcda-2f7b-42b7-aafc-07b3f4cbd752/datanode-4/data/ratis/bd206ac1-f978-4080-a1f0-46e1faa48d23
2022-12-06 16:25:08,141 [93471f04-f84a-446a-9dbd-94f45fb64b69-impl-thread1] INFO  server.RaftServer (RaftServerProxy.java:addNew(96)) - 93471f04-f84a-446a-9dbd-94f45fb64b69: addNew group-46E1FAA48D23:[] returns group-46E1FAA48D23:java.util.concurrent.CompletableFuture@1cd3773c[Not completed]
2022-12-06 16:25:08,143 [Listener at 127.0.0.1/39139] INFO  server.XceiverServerGrpc (XceiverServerGrpc.java:<init>(132)) - GrpcServer channel type EpollServerSocketChannel
2022-12-06 16:25:08,148 [pool-400-thread-1] INFO  server.RaftServer$Division (RaftServerImpl.java:<init>(195)) - 93471f04-f84a-446a-9dbd-94f45fb64b69: new RaftServerImpl for group-23A236CF6C1C:[] with ContainerStateMachine:uninitialized
2022-12-06 16:25:08,148 [pool-400-thread-1] INFO  server.RaftServerConfigKeys (ConfUtils.java:logGet(46)) - raft.server.rpc.timeout.min = 5s (custom)
2022-12-06 16:25:08,148 [pool-400-thread-1] INFO  server.RaftServerConfigKeys (ConfUtils.java:logGet(46)) - raft.server.rpc.timeout.max = 5200ms (custom)
2022-12-06 16:25:08,149 [pool-400-thread-1] INFO  server.RaftServerConfigKeys (ConfUtils.java:logGet(46)) - raft.server.rpc.sleep.time = 25ms (default)
2022-12-06 16:25:08,149 [pool-400-thread-1] INFO  server.RaftServerConfigKeys (ConfUtils.java:logGet(46)) - raft.server.rpc.slowness.timeout = 300s (custom)
2022-12-06 16:25:08,149 [pool-400-thread-1] INFO  server.RaftServerConfigKeys (ConfUtils.java:logGet(46)) - raft.server.leaderelection.leader.step-down.wait-time = 10s (default)
2022-12-06 16:25:08,149 [pool-400-thread-1] INFO  server.RaftServerConfigKeys (ConfUtils.java:logGet(46)) - raft.server.sleep.deviation.threshold = 300ms (default)
2022-12-06 16:25:08,149 [pool-400-thread-1] INFO  server.RaftServer$Division (ServerState.java:<init>(118)) - 93471f04-f84a-446a-9dbd-94f45fb64b69@group-23A236CF6C1C: ConfigurationManager, init=-1: peers:[]|listeners:[], old=null, confs=<EMPTY_MAP>
2022-12-06 16:25:08,149 [pool-400-thread-1] INFO  server.RaftServerConfigKeys (ConfUtils.java:logGet(46)) - raft.server.storage.dir = [/home/runner/work/ozone/ozone/hadoop-ozone/integration-test/target/test-dir/MiniOzoneClusterImpl-ff76fcda-2f7b-42b7-aafc-07b3f4cbd752/datanode-4/data/ratis] (custom)
2022-12-06 16:25:08,149 [pool-400-thread-1] INFO  server.RaftServerConfigKeys (ConfUtils.java:logGet(46)) - raft.server.log.corruption.policy = EXCEPTION (default)
2022-12-06 16:25:08,149 [pool-400-thread-1] INFO  server.RaftServerConfigKeys (ConfUtils.java:logGet(46)) - raft.server.storage.free-space.min = 0MB (=0) (default)
2022-12-06 16:25:08,149 [pool-400-thread-1] INFO  server.RaftServerConfigKeys (ConfUtils.java:logGet(46)) - raft.server.notification.no-leader.timeout = 300s (custom)
2022-12-06 16:25:08,149 [pool-400-thread-1] INFO  server.RaftServerConfigKeys (ConfUtils.java:logGet(46)) - raft.server.retrycache.expirytime = 600000ms (custom)
2022-12-06 16:25:08,149 [pool-400-thread-1] INFO  server.RaftServerConfigKeys (ConfUtils.java:logGet(46)) - raft.server.retrycache.statistics.expirytime = 100μs (default)
2022-12-06 16:25:08,151 [pool-400-thread-1] INFO  server.RaftServerConfigKeys (ConfUtils.java:logGet(46)) - raft.server.log.appender.install.snapshot.enabled = false (custom)
2022-12-06 16:25:08,151 [pool-400-thread-1] INFO  server.RaftServerConfigKeys (ConfUtils.java:logGet(46)) - raft.server.threadpool.server.cached = true (default)
2022-12-06 16:25:08,151 [pool-400-thread-1] INFO  server.RaftServerConfigKeys (ConfUtils.java:logGet(46)) - raft.server.threadpool.server.size = 0 (default)
2022-12-06 16:25:08,151 [pool-400-thread-1] INFO  server.RaftServerConfigKeys (ConfUtils.java:logGet(46)) - raft.server.threadpool.client.cached = true (default)
2022-12-06 16:25:08,151 [pool-400-thread-1] INFO  server.RaftServerConfigKeys (ConfUtils.java:logGet(46)) - raft.server.threadpool.client.size = 0 (default)
2022-12-06 16:25:08,152 [pool-400-thread-1] INFO  server.RaftServer$Division (RaftServerImpl.java:<init>(195)) - 93471f04-f84a-446a-9dbd-94f45fb64b69: new RaftServerImpl for group-032D02CB740D:[] with ContainerStateMachine:uninitialized
2022-12-06 16:25:08,152 [pool-400-thread-1] INFO  server.RaftServerConfigKeys (ConfUtils.java:logGet(46)) - raft.server.rpc.timeout.min = 5s (custom)
2022-12-06 16:25:08,152 [pool-400-thread-1] INFO  server.RaftServerConfigKeys (ConfUtils.java:logGet(46)) - raft.server.rpc.timeout.max = 5200ms (custom)
2022-12-06 16:25:08,152 [pool-400-thread-1] INFO  server.RaftServerConfigKeys (ConfUtils.java:logGet(46)) - raft.server.rpc.sleep.time = 25ms (default)
2022-12-06 16:25:08,152 [pool-400-thread-1] INFO  server.RaftServerConfigKeys (ConfUtils.java:logGet(46)) - raft.server.rpc.slowness.timeout = 300s (custom)
2022-12-06 16:25:08,152 [pool-400-thread-1] INFO  server.RaftServerConfigKeys (ConfUtils.java:logGet(46)) - raft.server.leaderelection.leader.step-down.wait-time = 10s (default)
2022-12-06 16:25:08,152 [pool-400-thread-1] INFO  server.RaftServerConfigKeys (ConfUtils.java:logGet(46)) - raft.server.sleep.deviation.threshold = 300ms (default)
2022-12-06 16:25:08,152 [pool-400-thread-1] INFO  server.RaftServer$Division (ServerState.java:<init>(118)) - 93471f04-f84a-446a-9dbd-94f45fb64b69@group-032D02CB740D: ConfigurationManager, init=-1: peers:[]|listeners:[], old=null, confs=<EMPTY_MAP>
2022-12-06 16:25:08,152 [pool-400-thread-1] INFO  server.RaftServerConfigKeys (ConfUtils.java:logGet(46)) - raft.server.storage.dir = [/home/runner/work/ozone/ozone/hadoop-ozone/integration-test/target/test-dir/MiniOzoneClusterImpl-ff76fcda-2f7b-42b7-aafc-07b3f4cbd752/datanode-4/data/ratis] (custom)
2022-12-06 16:25:08,152 [pool-400-thread-1] INFO  server.RaftServerConfigKeys (ConfUtils.java:logGet(46)) - raft.server.log.corruption.policy = EXCEPTION (default)
2022-12-06 16:25:08,152 [pool-400-thread-1] INFO  server.RaftServerConfigKeys (ConfUtils.java:logGet(46)) - raft.server.storage.free-space.min = 0MB (=0) (default)
2022-12-06 16:25:08,152 [pool-400-thread-1] INFO  server.RaftServerConfigKeys (ConfUtils.java:logGet(46)) - raft.server.notification.no-leader.timeout = 300s (custom)
2022-12-06 16:25:08,153 [pool-400-thread-1] INFO  server.RaftServerConfigKeys (ConfUtils.java:logGet(46)) - raft.server.retrycache.expirytime = 600000ms (custom)
2022-12-06 16:25:08,153 [pool-400-thread-1] INFO  server.RaftServerConfigKeys (ConfUtils.java:logGet(46)) - raft.server.retrycache.statistics.expirytime = 100μs (default)
2022-12-06 16:25:08,154 [pool-400-thread-1] INFO  server.RaftServerConfigKeys (ConfUtils.java:logGet(46)) - raft.server.log.appender.install.snapshot.enabled = false (custom)
2022-12-06 16:25:08,154 [pool-400-thread-1] INFO  server.RaftServerConfigKeys (ConfUtils.java:logGet(46)) - raft.server.threadpool.server.cached = true (default)
2022-12-06 16:25:08,154 [pool-400-thread-1] INFO  server.RaftServerConfigKeys (ConfUtils.java:logGet(46)) - raft.server.threadpool.server.size = 0 (default)
2022-12-06 16:25:08,154 [pool-400-thread-1] INFO  server.RaftServerConfigKeys (ConfUtils.java:logGet(46)) - raft.server.threadpool.client.cached = true (default)
2022-12-06 16:25:08,154 [pool-400-thread-1] INFO  server.RaftServerConfigKeys (ConfUtils.java:logGet(46)) - raft.server.threadpool.client.size = 0 (default)
2022-12-06 16:25:08,154 [pool-400-thread-1] INFO  server.RaftServer$Division (RaftServerImpl.java:<init>(195)) - 93471f04-f84a-446a-9dbd-94f45fb64b69: new RaftServerImpl for group-46E1FAA48D23:[] with ContainerStateMachine:uninitialized
2022-12-06 16:25:08,155 [pool-400-thread-1] INFO  server.RaftServerConfigKeys (ConfUtils.java:logGet(46)) - raft.server.rpc.timeout.min = 5s (custom)
2022-12-06 16:25:08,155 [pool-400-thread-1] INFO  server.RaftServerConfigKeys (ConfUtils.java:logGet(46)) - raft.server.rpc.timeout.max = 5200ms (custom)
2022-12-06 16:25:08,155 [pool-400-thread-1] INFO  server.RaftServerConfigKeys (ConfUtils.java:logGet(46)) - raft.server.rpc.sleep.time = 25ms (default)
2022-12-06 16:25:08,155 [pool-400-thread-1] INFO  server.RaftServerConfigKeys (ConfUtils.java:logGet(46)) - raft.server.rpc.slowness.timeout = 300s (custom)
2022-12-06 16:25:08,155 [pool-400-thread-1] INFO  server.RaftServerConfigKeys (ConfUtils.java:logGet(46)) - raft.server.leaderelection.leader.step-down.wait-time = 10s (default)
2022-12-06 16:25:08,155 [pool-400-thread-1] INFO  server.RaftServerConfigKeys (ConfUtils.java:logGet(46)) - raft.server.sleep.deviation.threshold = 300ms (default)
2022-12-06 16:25:08,155 [pool-400-thread-1] INFO  server.RaftServer$Division (ServerState.java:<init>(118)) - 93471f04-f84a-446a-9dbd-94f45fb64b69@group-46E1FAA48D23: ConfigurationManager, init=-1: peers:[]|listeners:[], old=null, confs=<EMPTY_MAP>
2022-12-06 16:25:08,155 [pool-400-thread-1] INFO  server.RaftServerConfigKeys (ConfUtils.java:logGet(46)) - raft.server.storage.dir = [/home/runner/work/ozone/ozone/hadoop-ozone/integration-test/target/test-dir/MiniOzoneClusterImpl-ff76fcda-2f7b-42b7-aafc-07b3f4cbd752/datanode-4/data/ratis] (custom)
2022-12-06 16:25:08,155 [pool-400-thread-1] INFO  server.RaftServerConfigKeys (ConfUtils.java:logGet(46)) - raft.server.log.corruption.policy = EXCEPTION (default)
2022-12-06 16:25:08,156 [pool-400-thread-1] INFO  server.RaftServerConfigKeys (ConfUtils.java:logGet(46)) - raft.server.storage.free-space.min = 0MB (=0) (default)
2022-12-06 16:25:08,156 [pool-400-thread-1] INFO  server.RaftServerConfigKeys (ConfUtils.java:logGet(46)) - raft.server.notification.no-leader.timeout = 300s (custom)
2022-12-06 16:25:08,156 [pool-400-thread-1] INFO  server.RaftServerConfigKeys (ConfUtils.java:logGet(46)) - raft.server.retrycache.expirytime = 600000ms (custom)
2022-12-06 16:25:08,156 [pool-400-thread-1] INFO  server.RaftServerConfigKeys (ConfUtils.java:logGet(46)) - raft.server.retrycache.statistics.expirytime = 100μs (default)
2022-12-06 16:25:08,157 [pool-400-thread-1] INFO  server.RaftServerConfigKeys (ConfUtils.java:logGet(46)) - raft.server.log.appender.install.snapshot.enabled = false (custom)
2022-12-06 16:25:08,157 [pool-400-thread-1] INFO  server.RaftServerConfigKeys (ConfUtils.java:logGet(46)) - raft.server.threadpool.server.cached = true (default)
2022-12-06 16:25:08,157 [pool-400-thread-1] INFO  server.RaftServerConfigKeys (ConfUtils.java:logGet(46)) - raft.server.threadpool.server.size = 0 (default)
2022-12-06 16:25:08,158 [pool-400-thread-1] INFO  server.RaftServerConfigKeys (ConfUtils.java:logGet(46)) - raft.server.threadpool.client.cached = true (default)
2022-12-06 16:25:08,158 [pool-400-thread-1] INFO  server.RaftServerConfigKeys (ConfUtils.java:logGet(46)) - raft.server.threadpool.client.size = 0 (default)
2022-12-06 16:25:08,162 [EventQueue-CommandQueueReportForCommandQueueReportHandler] WARN  events.EventQueue (EventQueue.java:fireEvent(216)) - No event handler registered for event TypedEvent{payloadType=DatanodeDetails, name='Datanode_Command_Queue_Updated'}
2022-12-06 16:25:08,168 [Listener at 127.0.0.1/39139] INFO  http.BaseHttpServer (BaseHttpServer.java:newHttpServer2BuilderForOzone(213)) - Starting Web-server for hddsDatanode at: http://0.0.0.0:39773
2022-12-06 16:25:08,168 [Listener at 127.0.0.1/39139] INFO  http.BaseHttpServer (BaseHttpServer.java:<init>(108)) - Hadoop Security Enabled: false Ozone Security Enabled: false Ozone HTTP Security Enabled: false 
2022-12-06 16:25:08,170 [Listener at 127.0.0.1/39139] WARN  server.AuthenticationFilter (AuthenticationFilter.java:constructSecretProvider(240)) - Unable to initialize FileSignerSecretProvider, falling back to use random secrets. Reason: Could not read signature secret file: /home/runner/hadoop-http-auth-signature-secret
2022-12-06 16:25:08,174 [Listener at 127.0.0.1/39139] WARN  http.HttpRequestLog (HttpRequestLog.java:getRequestLog(103)) - Jetty request log can only be enabled using Log4j
2022-12-06 16:25:08,175 [Listener at 127.0.0.1/39139] INFO  http.HttpServer2 (HttpServer2.java:addGlobalFilter(1031)) - Added global filter 'safety' (class=org.apache.hadoop.hdds.server.http.HttpServer2$QuotingInputFilter)
2022-12-06 16:25:08,176 [Listener at 127.0.0.1/39139] INFO  http.HttpServer2 (HttpServer2.java:addFilter(1007)) - Added filter static_user_filter (class=org.apache.hadoop.http.lib.StaticUserWebFilter$StaticUserFilter) to context hddsDatanode
2022-12-06 16:25:08,176 [Listener at 127.0.0.1/39139] INFO  http.HttpServer2 (HttpServer2.java:addFilter(1015)) - Added filter static_user_filter (class=org.apache.hadoop.http.lib.StaticUserWebFilter$StaticUserFilter) to context logs
2022-12-06 16:25:08,176 [Listener at 127.0.0.1/39139] INFO  http.HttpServer2 (HttpServer2.java:addFilter(1015)) - Added filter static_user_filter (class=org.apache.hadoop.http.lib.StaticUserWebFilter$StaticUserFilter) to context static
2022-12-06 16:25:08,177 [Listener at 127.0.0.1/39139] INFO  http.HttpServer2 (HttpServer2.java:bindListener(1250)) - Jetty bound to port 39773
2022-12-06 16:25:08,177 [Listener at 127.0.0.1/39139] INFO  server.Server (Server.java:doStart(375)) - jetty-9.4.49.v20220914; built: 2022-09-14T01:07:36.601Z; git: 4231a3b2e4cb8548a412a789936d640a97b1aa0a; jvm 1.8.0_352-b08
2022-12-06 16:25:08,179 [Listener at 127.0.0.1/39139] INFO  server.session (DefaultSessionIdManager.java:doStart(334)) - DefaultSessionIdManager workerName=node0
2022-12-06 16:25:08,179 [Listener at 127.0.0.1/39139] INFO  server.session (DefaultSessionIdManager.java:doStart(339)) - No SessionScavenger set, using defaults
2022-12-06 16:25:08,179 [Listener at 127.0.0.1/39139] INFO  server.session (HouseKeeper.java:startScavenging(132)) - node0 Scavenging every 600000ms
2022-12-06 16:25:08,180 [Listener at 127.0.0.1/39139] INFO  handler.ContextHandler (ContextHandler.java:doStart(921)) - Started o.e.j.s.ServletContextHandler@1366a852{logs,/logs,file:///home/runner/work/ozone/ozone/hadoop-ozone/integration-test/target/log,AVAILABLE}
2022-12-06 16:25:08,181 [Listener at 127.0.0.1/39139] INFO  handler.ContextHandler (ContextHandler.java:doStart(921)) - Started o.e.j.s.ServletContextHandler@32a1aabf{static,/static,jar:file:/home/runner/.m2/repository/org/apache/ozone/hdds-container-service/1.3.0-SNAPSHOT/hdds-container-service-1.3.0-SNAPSHOT.jar!/webapps/static,AVAILABLE}
2022-12-06 16:25:08,222 [EventQueue-CommandQueueReportForCommandQueueReportHandler] WARN  events.EventQueue (EventQueue.java:fireEvent(216)) - No event handler registered for event TypedEvent{payloadType=DatanodeDetails, name='Datanode_Command_Queue_Updated'}
2022-12-06 16:25:08,251 [EventQueue-CommandQueueReportForCommandQueueReportHandler] WARN  events.EventQueue (EventQueue.java:fireEvent(216)) - No event handler registered for event TypedEvent{payloadType=DatanodeDetails, name='Datanode_Command_Queue_Updated'}
2022-12-06 16:25:08,377 [Listener at 127.0.0.1/39139] INFO  handler.ContextHandler (ContextHandler.java:doStart(921)) - Started o.e.j.w.WebAppContext@db7e9c3{hddsDatanode,/,file:///tmp/jetty-0_0_0_0-39773-hdds-container-service-1_3_0-SNAPSHOT_jar-_-any-3462286769323756403/webapp/,AVAILABLE}{jar:file:/home/runner/.m2/repository/org/apache/ozone/hdds-container-service/1.3.0-SNAPSHOT/hdds-container-service-1.3.0-SNAPSHOT.jar!/webapps/hddsDatanode}
2022-12-06 16:25:08,380 [Listener at 127.0.0.1/39139] INFO  server.AbstractConnector (AbstractConnector.java:doStart(333)) - Started ServerConnector@69b1313{HTTP/1.1, (http/1.1)}{0.0.0.0:39773}
2022-12-06 16:25:08,380 [Listener at 127.0.0.1/39139] INFO  server.Server (Server.java:doStart(415)) - Started @47828ms
2022-12-06 16:25:08,380 [Listener at 127.0.0.1/39139] WARN  impl.MetricsSystemImpl (MetricsSystemImpl.java:register(279)) - Sink prometheus already exists!
2022-12-06 16:25:08,381 [Listener at 127.0.0.1/39139] INFO  http.BaseHttpServer (BaseHttpServer.java:updateConnectorAddress(333)) - HTTP server of hddsDatanode listening at http://0.0.0.0:39773
2022-12-06 16:25:08,381 [Datanode State Machine Daemon Thread] INFO  statemachine.DatanodeStateMachine (DatanodeStateMachine.java:lambda$startDaemon$0(505)) - Ozone container server started.
2022-12-06 16:25:08,381 [Listener at 127.0.0.1/39139] INFO  ozone.MiniOzoneClusterImpl (MiniOzoneClusterImpl.java:lambda$waitForClusterToBeReady$0(216)) - Waiting for nodes to be ready. Got 9 of 10 DN Heartbeats.
2022-12-06 16:25:08,381 [Listener at 127.0.0.1/39139] INFO  ozone.MiniOzoneClusterImpl (MiniOzoneClusterImpl.java:lambda$waitForClusterToBeReady$0(219)) - Cluster exits safe mode
2022-12-06 16:25:08,381 [Listener at 127.0.0.1/39139] INFO  ozone.MiniOzoneClusterImpl (MiniOzoneClusterImpl.java:lambda$waitForClusterToBeReady$0(221)) - SCM became leader
2022-12-06 16:25:08,386 [org.apache.hadoop.util.JvmPauseMonitor$Monitor@550cf413] INFO  util.JvmPauseMonitor (JvmPauseMonitor.java:run(188)) - Starting JVM pause monitor
2022-12-06 16:25:08,389 [Datanode State Machine Task Thread - 0] INFO  datanode.InitDatanodeState (InitDatanodeState.java:persistContainerDatanodeDetails(138)) - DatanodeDetails is persisted to /home/runner/work/ozone/ozone/hadoop-ozone/integration-test/target/test-dir/MiniOzoneClusterImpl-ff76fcda-2f7b-42b7-aafc-07b3f4cbd752/datanode-4/meta/datanode.id
2022-12-06 16:25:08,518 [EventQueue-CommandQueueReportForCommandQueueReportHandler] WARN  events.EventQueue (EventQueue.java:fireEvent(216)) - No event handler registered for event TypedEvent{payloadType=DatanodeDetails, name='Datanode_Command_Queue_Updated'}
2022-12-06 16:25:08,559 [EventQueue-CommandQueueReportForCommandQueueReportHandler] WARN  events.EventQueue (EventQueue.java:fireEvent(216)) - No event handler registered for event TypedEvent{payloadType=DatanodeDetails, name='Datanode_Command_Queue_Updated'}
2022-12-06 16:25:08,760 [EventQueue-CommandQueueReportForCommandQueueReportHandler] WARN  events.EventQueue (EventQueue.java:fireEvent(216)) - No event handler registered for event TypedEvent{payloadType=DatanodeDetails, name='Datanode_Command_Queue_Updated'}
2022-12-06 16:25:08,819 [EventQueue-CommandQueueReportForCommandQueueReportHandler] WARN  events.EventQueue (EventQueue.java:fireEvent(216)) - No event handler registered for event TypedEvent{payloadType=DatanodeDetails, name='Datanode_Command_Queue_Updated'}
2022-12-06 16:25:08,901 [EventQueue-CommandQueueReportForCommandQueueReportHandler] WARN  events.EventQueue (EventQueue.java:fireEvent(216)) - No event handler registered for event TypedEvent{payloadType=DatanodeDetails, name='Datanode_Command_Queue_Updated'}
2022-12-06 16:25:09,122 [EventQueue-CommandQueueReportForCommandQueueReportHandler] WARN  events.EventQueue (EventQueue.java:fireEvent(216)) - No event handler registered for event TypedEvent{payloadType=DatanodeDetails, name='Datanode_Command_Queue_Updated'}
2022-12-06 16:25:09,161 [EventQueue-CommandQueueReportForCommandQueueReportHandler] WARN  events.EventQueue (EventQueue.java:fireEvent(216)) - No event handler registered for event TypedEvent{payloadType=DatanodeDetails, name='Datanode_Command_Queue_Updated'}
2022-12-06 16:25:09,222 [EventQueue-CommandQueueReportForCommandQueueReportHandler] WARN  events.EventQueue (EventQueue.java:fireEvent(216)) - No event handler registered for event TypedEvent{payloadType=DatanodeDetails, name='Datanode_Command_Queue_Updated'}
2022-12-06 16:25:09,251 [EventQueue-CommandQueueReportForCommandQueueReportHandler] WARN  events.EventQueue (EventQueue.java:fireEvent(216)) - No event handler registered for event TypedEvent{payloadType=DatanodeDetails, name='Datanode_Command_Queue_Updated'}
2022-12-06 16:25:09,382 [Listener at 127.0.0.1/39139] INFO  ozone.MiniOzoneClusterImpl (MiniOzoneClusterImpl.java:lambda$waitForClusterToBeReady$0(216)) - Waiting for nodes to be ready. Got 9 of 10 DN Heartbeats.
2022-12-06 16:25:09,382 [Listener at 127.0.0.1/39139] INFO  ozone.MiniOzoneClusterImpl (MiniOzoneClusterImpl.java:lambda$waitForClusterToBeReady$0(219)) - Cluster exits safe mode
2022-12-06 16:25:09,382 [Listener at 127.0.0.1/39139] INFO  ozone.MiniOzoneClusterImpl (MiniOzoneClusterImpl.java:lambda$waitForClusterToBeReady$0(221)) - SCM became leader
2022-12-06 16:25:09,517 [EventQueue-CommandQueueReportForCommandQueueReportHandler] WARN  events.EventQueue (EventQueue.java:fireEvent(216)) - No event handler registered for event TypedEvent{payloadType=DatanodeDetails, name='Datanode_Command_Queue_Updated'}
2022-12-06 16:25:09,559 [EventQueue-CommandQueueReportForCommandQueueReportHandler] WARN  events.EventQueue (EventQueue.java:fireEvent(216)) - No event handler registered for event TypedEvent{payloadType=DatanodeDetails, name='Datanode_Command_Queue_Updated'}
2022-12-06 16:25:09,760 [EventQueue-CommandQueueReportForCommandQueueReportHandler] WARN  events.EventQueue (EventQueue.java:fireEvent(216)) - No event handler registered for event TypedEvent{payloadType=DatanodeDetails, name='Datanode_Command_Queue_Updated'}
2022-12-06 16:25:09,818 [EventQueue-CommandQueueReportForCommandQueueReportHandler] WARN  events.EventQueue (EventQueue.java:fireEvent(216)) - No event handler registered for event TypedEvent{payloadType=DatanodeDetails, name='Datanode_Command_Queue_Updated'}
2022-12-06 16:25:09,901 [EventQueue-CommandQueueReportForCommandQueueReportHandler] WARN  events.EventQueue (EventQueue.java:fireEvent(216)) - No event handler registered for event TypedEvent{payloadType=DatanodeDetails, name='Datanode_Command_Queue_Updated'}
2022-12-06 16:25:10,122 [EventQueue-CommandQueueReportForCommandQueueReportHandler] WARN  events.EventQueue (EventQueue.java:fireEvent(216)) - No event handler registered for event TypedEvent{payloadType=DatanodeDetails, name='Datanode_Command_Queue_Updated'}
2022-12-06 16:25:10,161 [EventQueue-CommandQueueReportForCommandQueueReportHandler] WARN  events.EventQueue (EventQueue.java:fireEvent(216)) - No event handler registered for event TypedEvent{payloadType=DatanodeDetails, name='Datanode_Command_Queue_Updated'}
2022-12-06 16:25:10,223 [EventQueue-CommandQueueReportForCommandQueueReportHandler] WARN  events.EventQueue (EventQueue.java:fireEvent(216)) - No event handler registered for event TypedEvent{payloadType=DatanodeDetails, name='Datanode_Command_Queue_Updated'}
2022-12-06 16:25:10,251 [EventQueue-CommandQueueReportForCommandQueueReportHandler] WARN  events.EventQueue (EventQueue.java:fireEvent(216)) - No event handler registered for event TypedEvent{payloadType=DatanodeDetails, name='Datanode_Command_Queue_Updated'}
2022-12-06 16:25:10,383 [Listener at 127.0.0.1/39139] INFO  ozone.MiniOzoneClusterImpl (MiniOzoneClusterImpl.java:lambda$waitForClusterToBeReady$0(216)) - Waiting for nodes to be ready. Got 9 of 10 DN Heartbeats.
2022-12-06 16:25:10,383 [Listener at 127.0.0.1/39139] INFO  ozone.MiniOzoneClusterImpl (MiniOzoneClusterImpl.java:lambda$waitForClusterToBeReady$0(219)) - Cluster exits safe mode
2022-12-06 16:25:10,383 [Listener at 127.0.0.1/39139] INFO  ozone.MiniOzoneClusterImpl (MiniOzoneClusterImpl.java:lambda$waitForClusterToBeReady$0(221)) - SCM became leader
2022-12-06 16:25:10,389 [EndpointStateMachine task thread for /0.0.0.0:43931 - 0 ] INFO  ozoneimpl.OzoneContainer (OzoneContainer.java:start(395)) - Attempting to start container services.
2022-12-06 16:25:10,389 [EndpointStateMachine task thread for /0.0.0.0:43931 - 0 ] INFO  ozoneimpl.OzoneContainer (OzoneContainer.java:startContainerScrub(312)) - Scheduled background container scanners and the on-demand container scanner have been disabled.
2022-12-06 16:25:10,391 [EndpointStateMachine task thread for /0.0.0.0:43931 - 0 ] INFO  ratis.XceiverServerRatis (XceiverServerRatis.java:start(481)) - Starting XceiverServerRatis 93471f04-f84a-446a-9dbd-94f45fb64b69
2022-12-06 16:25:10,395 [93471f04-f84a-446a-9dbd-94f45fb64b69-impl-thread2] INFO  storage.RaftStorageDirectory (RaftStorageDirectoryImpl.java:tryLock(231)) - Lock on /home/runner/work/ozone/ozone/hadoop-ozone/integration-test/target/test-dir/MiniOzoneClusterImpl-ff76fcda-2f7b-42b7-aafc-07b3f4cbd752/datanode-4/data/ratis/c5007c7d-689f-453a-a58d-032d02cb740d/in_use.lock acquired by nodename 47636@fv-az451-158
2022-12-06 16:25:10,395 [93471f04-f84a-446a-9dbd-94f45fb64b69-impl-thread1] INFO  storage.RaftStorageDirectory (RaftStorageDirectoryImpl.java:tryLock(231)) - Lock on /home/runner/work/ozone/ozone/hadoop-ozone/integration-test/target/test-dir/MiniOzoneClusterImpl-ff76fcda-2f7b-42b7-aafc-07b3f4cbd752/datanode-4/data/ratis/47c8ed29-a24a-4c2c-bc83-23a236cf6c1c/in_use.lock acquired by nodename 47636@fv-az451-158
2022-12-06 16:25:10,396 [93471f04-f84a-446a-9dbd-94f45fb64b69-impl-thread2] INFO  storage.RaftStorage (RaftStorageImpl.java:analyzeAndRecoverStorage(117)) - Read RaftStorageMetadata{term=2, votedFor=93471f04-f84a-446a-9dbd-94f45fb64b69} from /home/runner/work/ozone/ozone/hadoop-ozone/integration-test/target/test-dir/MiniOzoneClusterImpl-ff76fcda-2f7b-42b7-aafc-07b3f4cbd752/datanode-4/data/ratis/c5007c7d-689f-453a-a58d-032d02cb740d/current/raft-meta
2022-12-06 16:25:10,397 [93471f04-f84a-446a-9dbd-94f45fb64b69-impl-thread3] INFO  storage.RaftStorageDirectory (RaftStorageDirectoryImpl.java:tryLock(231)) - Lock on /home/runner/work/ozone/ozone/hadoop-ozone/integration-test/target/test-dir/MiniOzoneClusterImpl-ff76fcda-2f7b-42b7-aafc-07b3f4cbd752/datanode-4/data/ratis/bd206ac1-f978-4080-a1f0-46e1faa48d23/in_use.lock acquired by nodename 47636@fv-az451-158
2022-12-06 16:25:10,397 [93471f04-f84a-446a-9dbd-94f45fb64b69-impl-thread3] INFO  storage.RaftStorage (RaftStorageImpl.java:analyzeAndRecoverStorage(117)) - Read RaftStorageMetadata{term=1, votedFor=93471f04-f84a-446a-9dbd-94f45fb64b69} from /home/runner/work/ozone/ozone/hadoop-ozone/integration-test/target/test-dir/MiniOzoneClusterImpl-ff76fcda-2f7b-42b7-aafc-07b3f4cbd752/datanode-4/data/ratis/bd206ac1-f978-4080-a1f0-46e1faa48d23/current/raft-meta
2022-12-06 16:25:10,396 [93471f04-f84a-446a-9dbd-94f45fb64b69-impl-thread1] INFO  storage.RaftStorage (RaftStorageImpl.java:analyzeAndRecoverStorage(117)) - Read RaftStorageMetadata{term=2, votedFor=fd07e5d7-2dd9-455a-a9b9-9dae4f4be123} from /home/runner/work/ozone/ozone/hadoop-ozone/integration-test/target/test-dir/MiniOzoneClusterImpl-ff76fcda-2f7b-42b7-aafc-07b3f4cbd752/datanode-4/data/ratis/47c8ed29-a24a-4c2c-bc83-23a236cf6c1c/current/raft-meta
2022-12-06 16:25:10,400 [93471f04-f84a-446a-9dbd-94f45fb64b69-impl-thread2] INFO  server.RaftServer$Division (ServerState.java:setRaftConf(430)) - 93471f04-f84a-446a-9dbd-94f45fb64b69@group-032D02CB740D: set configuration 0: peers:[93471f04-f84a-446a-9dbd-94f45fb64b69|rpc:10.1.0.176:39615|dataStream:|priority:1|startupRole:FOLLOWER, fd07e5d7-2dd9-455a-a9b9-9dae4f4be123|rpc:10.1.0.176:45045|dataStream:|priority:0|startupRole:FOLLOWER, 592803f5-ace9-49ac-a54f-354c0e5baf2c|rpc:10.1.0.176:36049|dataStream:|priority:0|startupRole:FOLLOWER]|listeners:[], old=null
2022-12-06 16:25:10,402 [93471f04-f84a-446a-9dbd-94f45fb64b69-impl-thread3] INFO  server.RaftServer$Division (ServerState.java:setRaftConf(430)) - 93471f04-f84a-446a-9dbd-94f45fb64b69@group-46E1FAA48D23: set configuration 0: peers:[93471f04-f84a-446a-9dbd-94f45fb64b69|rpc:10.1.0.176:39615|dataStream:|priority:1|startupRole:FOLLOWER]|listeners:[], old=null
2022-12-06 16:25:10,402 [93471f04-f84a-446a-9dbd-94f45fb64b69-impl-thread1] INFO  ratis.ContainerStateMachine (ContainerStateMachine.java:loadSnapshot(236)) - group-23A236CF6C1C: The snapshot info is null. Setting the last applied indexto:(t:0, i:~)
2022-12-06 16:25:10,402 [93471f04-f84a-446a-9dbd-94f45fb64b69-impl-thread1] INFO  server.RaftServerConfigKeys (ConfUtils.java:logGet(46)) - raft.server.log.use.memory = false (default)
2022-12-06 16:25:10,402 [93471f04-f84a-446a-9dbd-94f45fb64b69-impl-thread1] INFO  server.RaftServerConfigKeys (ConfUtils.java:logGet(46)) - raft.server.log.purge.gap = 1000000 (custom)
2022-12-06 16:25:10,402 [93471f04-f84a-446a-9dbd-94f45fb64b69-impl-thread1] INFO  server.RaftServerConfigKeys (ConfUtils.java:logGet(46)) - raft.server.log.appender.buffer.byte-limit = 33554432 (custom)
2022-12-06 16:25:10,402 [93471f04-f84a-446a-9dbd-94f45fb64b69-impl-thread1] INFO  server.RaftServerConfigKeys (ConfUtils.java:logGet(46)) - raft.server.log.statemachine.data.read.timeout = 1000ms (default)
2022-12-06 16:25:10,402 [93471f04-f84a-446a-9dbd-94f45fb64b69-impl-thread1] INFO  server.RaftServerConfigKeys (ConfUtils.java:logGet(46)) - raft.server.log.purge.preservation.log.num = 0 (default)
2022-12-06 16:25:10,402 [93471f04-f84a-446a-9dbd-94f45fb64b69-impl-thread1] INFO  server.RaftServerConfigKeys (ConfUtils.java:logGet(46)) - raft.server.log.segment.size.max = 1048576 (custom)
2022-12-06 16:25:10,403 [93471f04-f84a-446a-9dbd-94f45fb64b69-impl-thread2] INFO  ratis.ContainerStateMachine (ContainerStateMachine.java:loadSnapshot(245)) - group-032D02CB740D: Setting the last applied index to (t:2, i:0)
2022-12-06 16:25:10,403 [93471f04-f84a-446a-9dbd-94f45fb64b69-impl-thread1] INFO  server.RaftServerConfigKeys (ConfUtils.java:logGet(46)) - raft.server.log.segment.cache.num.max = 2 (custom)
2022-12-06 16:25:10,403 [93471f04-f84a-446a-9dbd-94f45fb64b69-impl-thread1] INFO  server.RaftServerConfigKeys (ConfUtils.java:logGet(46)) - raft.server.log.segment.cache.size.max = 200MB (=209715200) (default)
2022-12-06 16:25:10,403 [93471f04-f84a-446a-9dbd-94f45fb64b69-impl-thread2] INFO  server.RaftServerConfigKeys (ConfUtils.java:logGet(46)) - raft.server.log.use.memory = false (default)
2022-12-06 16:25:10,403 [93471f04-f84a-446a-9dbd-94f45fb64b69-impl-thread2] INFO  server.RaftServerConfigKeys (ConfUtils.java:logGet(46)) - raft.server.log.purge.gap = 1000000 (custom)
2022-12-06 16:25:10,403 [93471f04-f84a-446a-9dbd-94f45fb64b69-impl-thread2] INFO  server.RaftServerConfigKeys (ConfUtils.java:logGet(46)) - raft.server.log.appender.buffer.byte-limit = 33554432 (custom)
2022-12-06 16:25:10,404 [93471f04-f84a-446a-9dbd-94f45fb64b69-impl-thread2] INFO  server.RaftServerConfigKeys (ConfUtils.java:logGet(46)) - raft.server.log.statemachine.data.read.timeout = 1000ms (default)
2022-12-06 16:25:10,404 [93471f04-f84a-446a-9dbd-94f45fb64b69-impl-thread2] INFO  server.RaftServerConfigKeys (ConfUtils.java:logGet(46)) - raft.server.log.purge.preservation.log.num = 0 (default)
2022-12-06 16:25:10,404 [93471f04-f84a-446a-9dbd-94f45fb64b69-impl-thread2] INFO  server.RaftServerConfigKeys (ConfUtils.java:logGet(46)) - raft.server.log.segment.size.max = 1048576 (custom)
2022-12-06 16:25:10,404 [93471f04-f84a-446a-9dbd-94f45fb64b69-impl-thread1] INFO  segmented.SegmentedRaftLogWorker (SegmentedRaftLogWorker.java:<init>(189)) - new 93471f04-f84a-446a-9dbd-94f45fb64b69@group-23A236CF6C1C-SegmentedRaftLogWorker for RaftStorageImpl:Storage Directory /home/runner/work/ozone/ozone/hadoop-ozone/integration-test/target/test-dir/MiniOzoneClusterImpl-ff76fcda-2f7b-42b7-aafc-07b3f4cbd752/datanode-4/data/ratis/47c8ed29-a24a-4c2c-bc83-23a236cf6c1c
2022-12-06 16:25:10,404 [93471f04-f84a-446a-9dbd-94f45fb64b69-impl-thread1] INFO  server.RaftServerConfigKeys (ConfUtils.java:logGet(46)) - raft.server.log.queue.byte-limit = 4294967296 (custom)
2022-12-06 16:25:10,404 [93471f04-f84a-446a-9dbd-94f45fb64b69-impl-thread1] INFO  server.RaftServerConfigKeys (ConfUtils.java:logGet(46)) - raft.server.log.queue.element-limit = 1024 (custom)
2022-12-06 16:25:10,404 [93471f04-f84a-446a-9dbd-94f45fb64b69-impl-thread1] INFO  server.RaftServerConfigKeys (ConfUtils.java:logGet(46)) - raft.server.log.segment.size.max = 1048576 (custom)
2022-12-06 16:25:10,404 [93471f04-f84a-446a-9dbd-94f45fb64b69-impl-thread1] INFO  server.RaftServerConfigKeys (ConfUtils.java:logGet(46)) - raft.server.log.preallocated.size = 16384 (custom)
2022-12-06 16:25:10,404 [93471f04-f84a-446a-9dbd-94f45fb64b69-impl-thread2] INFO  server.RaftServerConfigKeys (ConfUtils.java:logGet(46)) - raft.server.log.segment.cache.num.max = 2 (custom)
2022-12-06 16:25:10,404 [93471f04-f84a-446a-9dbd-94f45fb64b69-impl-thread1] INFO  server.RaftServerConfigKeys (ConfUtils.java:logGet(46)) - raft.server.log.force.sync.num = 128 (default)
2022-12-06 16:25:10,404 [93471f04-f84a-446a-9dbd-94f45fb64b69-impl-thread1] INFO  server.RaftServerConfigKeys (ConfUtils.java:logGet(46)) - raft.server.log.statemachine.data.sync = true (default)
2022-12-06 16:25:10,404 [93471f04-f84a-446a-9dbd-94f45fb64b69-impl-thread1] INFO  server.RaftServerConfigKeys (ConfUtils.java:logGet(46)) - raft.server.log.statemachine.data.sync.timeout = 10s (default)
2022-12-06 16:25:10,404 [93471f04-f84a-446a-9dbd-94f45fb64b69-impl-thread1] INFO  server.RaftServerConfigKeys (ConfUtils.java:logGet(46)) - raft.server.log.statemachine.data.sync.timeout.retry = -1 (default)
2022-12-06 16:25:10,405 [93471f04-f84a-446a-9dbd-94f45fb64b69-impl-thread3] INFO  ratis.ContainerStateMachine (ContainerStateMachine.java:loadSnapshot(245)) - group-46E1FAA48D23: Setting the last applied index to (t:1, i:0)
2022-12-06 16:25:10,405 [93471f04-f84a-446a-9dbd-94f45fb64b69-impl-thread3] INFO  server.RaftServerConfigKeys (ConfUtils.java:logGet(46)) - raft.server.log.use.memory = false (default)
2022-12-06 16:25:10,405 [93471f04-f84a-446a-9dbd-94f45fb64b69-impl-thread3] INFO  server.RaftServerConfigKeys (ConfUtils.java:logGet(46)) - raft.server.log.purge.gap = 1000000 (custom)
2022-12-06 16:25:10,405 [93471f04-f84a-446a-9dbd-94f45fb64b69-impl-thread3] INFO  server.RaftServerConfigKeys (ConfUtils.java:logGet(46)) - raft.server.log.appender.buffer.byte-limit = 33554432 (custom)
2022-12-06 16:25:10,405 [93471f04-f84a-446a-9dbd-94f45fb64b69-impl-thread3] INFO  server.RaftServerConfigKeys (ConfUtils.java:logGet(46)) - raft.server.log.statemachine.data.read.timeout = 1000ms (default)
2022-12-06 16:25:10,406 [93471f04-f84a-446a-9dbd-94f45fb64b69-impl-thread2] INFO  server.RaftServerConfigKeys (ConfUtils.java:logGet(46)) - raft.server.log.segment.cache.size.max = 200MB (=209715200) (default)
2022-12-06 16:25:10,406 [93471f04-f84a-446a-9dbd-94f45fb64b69-impl-thread1] INFO  server.RaftServerConfigKeys (ConfUtils.java:logGet(46)) - raft.server.log.write.buffer.size = 1048576 (custom)
2022-12-06 16:25:10,408 [93471f04-f84a-446a-9dbd-94f45fb64b69-impl-thread3] INFO  server.RaftServerConfigKeys (ConfUtils.java:logGet(46)) - raft.server.log.purge.preservation.log.num = 0 (default)
2022-12-06 16:25:10,409 [93471f04-f84a-446a-9dbd-94f45fb64b69-impl-thread1] INFO  server.RaftServerConfigKeys (ConfUtils.java:logGet(46)) - raft.server.log.appender.buffer.byte-limit = 33554432 (custom)
2022-12-06 16:25:10,409 [93471f04-f84a-446a-9dbd-94f45fb64b69-impl-thread3] INFO  server.RaftServerConfigKeys (ConfUtils.java:logGet(46)) - raft.server.log.segment.size.max = 1048576 (custom)
2022-12-06 16:25:10,409 [93471f04-f84a-446a-9dbd-94f45fb64b69-impl-thread3] INFO  server.RaftServerConfigKeys (ConfUtils.java:logGet(46)) - raft.server.log.segment.cache.num.max = 2 (custom)
2022-12-06 16:25:10,409 [93471f04-f84a-446a-9dbd-94f45fb64b69-impl-thread3] INFO  server.RaftServerConfigKeys (ConfUtils.java:logGet(46)) - raft.server.log.segment.cache.size.max = 200MB (=209715200) (default)
2022-12-06 16:25:10,409 [93471f04-f84a-446a-9dbd-94f45fb64b69-impl-thread3] INFO  segmented.SegmentedRaftLogWorker (SegmentedRaftLogWorker.java:<init>(189)) - new 93471f04-f84a-446a-9dbd-94f45fb64b69@group-46E1FAA48D23-SegmentedRaftLogWorker for RaftStorageImpl:Storage Directory /home/runner/work/ozone/ozone/hadoop-ozone/integration-test/target/test-dir/MiniOzoneClusterImpl-ff76fcda-2f7b-42b7-aafc-07b3f4cbd752/datanode-4/data/ratis/bd206ac1-f978-4080-a1f0-46e1faa48d23
2022-12-06 16:25:10,409 [93471f04-f84a-446a-9dbd-94f45fb64b69-impl-thread3] INFO  server.RaftServerConfigKeys (ConfUtils.java:logGet(46)) - raft.server.log.queue.byte-limit = 4294967296 (custom)
2022-12-06 16:25:10,409 [93471f04-f84a-446a-9dbd-94f45fb64b69-impl-thread3] INFO  server.RaftServerConfigKeys (ConfUtils.java:logGet(46)) - raft.server.log.queue.element-limit = 1024 (custom)
2022-12-06 16:25:10,409 [93471f04-f84a-446a-9dbd-94f45fb64b69-impl-thread3] INFO  server.RaftServerConfigKeys (ConfUtils.java:logGet(46)) - raft.server.log.segment.size.max = 1048576 (custom)
2022-12-06 16:25:10,409 [93471f04-f84a-446a-9dbd-94f45fb64b69-impl-thread3] INFO  server.RaftServerConfigKeys (ConfUtils.java:logGet(46)) - raft.server.log.preallocated.size = 16384 (custom)
2022-12-06 16:25:10,409 [93471f04-f84a-446a-9dbd-94f45fb64b69-impl-thread3] INFO  server.RaftServerConfigKeys (ConfUtils.java:logGet(46)) - raft.server.log.force.sync.num = 128 (default)
2022-12-06 16:25:10,409 [93471f04-f84a-446a-9dbd-94f45fb64b69-impl-thread3] INFO  server.RaftServerConfigKeys (ConfUtils.java:logGet(46)) - raft.server.log.statemachine.data.sync = true (default)
2022-12-06 16:25:10,409 [93471f04-f84a-446a-9dbd-94f45fb64b69-impl-thread3] INFO  server.RaftServerConfigKeys (ConfUtils.java:logGet(46)) - raft.server.log.statemachine.data.sync.timeout = 10s (default)
2022-12-06 16:25:10,409 [93471f04-f84a-446a-9dbd-94f45fb64b69-impl-thread3] INFO  server.RaftServerConfigKeys (ConfUtils.java:logGet(46)) - raft.server.log.statemachine.data.sync.timeout.retry = -1 (default)
2022-12-06 16:25:10,410 [93471f04-f84a-446a-9dbd-94f45fb64b69-impl-thread3] INFO  server.RaftServerConfigKeys (ConfUtils.java:logGet(46)) - raft.server.log.write.buffer.size = 1048576 (custom)
2022-12-06 16:25:10,411 [93471f04-f84a-446a-9dbd-94f45fb64b69-impl-thread3] INFO  server.RaftServerConfigKeys (ConfUtils.java:logGet(46)) - raft.server.log.appender.buffer.byte-limit = 33554432 (custom)
2022-12-06 16:25:10,411 [93471f04-f84a-446a-9dbd-94f45fb64b69-impl-thread2] INFO  segmented.SegmentedRaftLogWorker (SegmentedRaftLogWorker.java:<init>(189)) - new 93471f04-f84a-446a-9dbd-94f45fb64b69@group-032D02CB740D-SegmentedRaftLogWorker for RaftStorageImpl:Storage Directory /home/runner/work/ozone/ozone/hadoop-ozone/integration-test/target/test-dir/MiniOzoneClusterImpl-ff76fcda-2f7b-42b7-aafc-07b3f4cbd752/datanode-4/data/ratis/c5007c7d-689f-453a-a58d-032d02cb740d
2022-12-06 16:25:10,411 [93471f04-f84a-446a-9dbd-94f45fb64b69-impl-thread2] INFO  server.RaftServerConfigKeys (ConfUtils.java:logGet(46)) - raft.server.log.queue.byte-limit = 4294967296 (custom)
2022-12-06 16:25:10,411 [93471f04-f84a-446a-9dbd-94f45fb64b69-impl-thread2] INFO  server.RaftServerConfigKeys (ConfUtils.java:logGet(46)) - raft.server.log.queue.element-limit = 1024 (custom)
2022-12-06 16:25:10,411 [93471f04-f84a-446a-9dbd-94f45fb64b69-impl-thread2] INFO  server.RaftServerConfigKeys (ConfUtils.java:logGet(46)) - raft.server.log.segment.size.max = 1048576 (custom)
2022-12-06 16:25:10,411 [93471f04-f84a-446a-9dbd-94f45fb64b69-impl-thread2] INFO  server.RaftServerConfigKeys (ConfUtils.java:logGet(46)) - raft.server.log.preallocated.size = 16384 (custom)
2022-12-06 16:25:10,411 [93471f04-f84a-446a-9dbd-94f45fb64b69-impl-thread2] INFO  server.RaftServerConfigKeys (ConfUtils.java:logGet(46)) - raft.server.log.force.sync.num = 128 (default)
2022-12-06 16:25:10,411 [93471f04-f84a-446a-9dbd-94f45fb64b69-impl-thread2] INFO  server.RaftServerConfigKeys (ConfUtils.java:logGet(46)) - raft.server.log.statemachine.data.sync = true (default)
2022-12-06 16:25:10,411 [93471f04-f84a-446a-9dbd-94f45fb64b69-impl-thread2] INFO  server.RaftServerConfigKeys (ConfUtils.java:logGet(46)) - raft.server.log.statemachine.data.sync.timeout = 10s (default)
2022-12-06 16:25:10,411 [93471f04-f84a-446a-9dbd-94f45fb64b69-impl-thread2] INFO  server.RaftServerConfigKeys (ConfUtils.java:logGet(46)) - raft.server.log.statemachine.data.sync.timeout.retry = -1 (default)
2022-12-06 16:25:10,413 [93471f04-f84a-446a-9dbd-94f45fb64b69-impl-thread2] INFO  server.RaftServerConfigKeys (ConfUtils.java:logGet(46)) - raft.server.log.write.buffer.size = 1048576 (custom)
2022-12-06 16:25:10,413 [93471f04-f84a-446a-9dbd-94f45fb64b69-impl-thread2] INFO  server.RaftServerConfigKeys (ConfUtils.java:logGet(46)) - raft.server.log.appender.buffer.byte-limit = 33554432 (custom)
2022-12-06 16:25:10,416 [93471f04-f84a-446a-9dbd-94f45fb64b69-impl-thread3] INFO  server.RaftServerConfigKeys (ConfUtils.java:logGet(46)) - raft.server.log.unsafe-flush.enabled = false (default)
2022-12-06 16:25:10,416 [93471f04-f84a-446a-9dbd-94f45fb64b69-impl-thread3] INFO  server.RaftServerConfigKeys (ConfUtils.java:logGet(46)) - raft.server.log.async-flush.enabled = false (default)
2022-12-06 16:25:10,416 [93471f04-f84a-446a-9dbd-94f45fb64b69-impl-thread3] INFO  server.RaftServerConfigKeys (ConfUtils.java:logGet(46)) - raft.server.log.statemachine.data.caching.enabled = true (custom)
2022-12-06 16:25:10,426 [93471f04-f84a-446a-9dbd-94f45fb64b69-impl-thread2] INFO  server.RaftServerConfigKeys (ConfUtils.java:logGet(46)) - raft.server.log.unsafe-flush.enabled = false (default)
2022-12-06 16:25:10,426 [93471f04-f84a-446a-9dbd-94f45fb64b69-impl-thread2] INFO  server.RaftServerConfigKeys (ConfUtils.java:logGet(46)) - raft.server.log.async-flush.enabled = false (default)
2022-12-06 16:25:10,426 [93471f04-f84a-446a-9dbd-94f45fb64b69-impl-thread2] INFO  server.RaftServerConfigKeys (ConfUtils.java:logGet(46)) - raft.server.log.statemachine.data.caching.enabled = true (custom)
2022-12-06 16:25:10,426 [93471f04-f84a-446a-9dbd-94f45fb64b69-impl-thread1] INFO  server.RaftServerConfigKeys (ConfUtils.java:logGet(46)) - raft.server.log.unsafe-flush.enabled = false (default)
2022-12-06 16:25:10,427 [93471f04-f84a-446a-9dbd-94f45fb64b69-impl-thread1] INFO  server.RaftServerConfigKeys (ConfUtils.java:logGet(46)) - raft.server.log.async-flush.enabled = false (default)
2022-12-06 16:25:10,427 [93471f04-f84a-446a-9dbd-94f45fb64b69-impl-thread1] INFO  server.RaftServerConfigKeys (ConfUtils.java:logGet(46)) - raft.server.log.statemachine.data.caching.enabled = true (custom)
2022-12-06 16:25:10,427 [93471f04-f84a-446a-9dbd-94f45fb64b69-impl-thread1] INFO  segmented.SegmentedRaftLogWorker (SegmentedRaftLogWorker.java:lambda$new$0(135)) - 93471f04-f84a-446a-9dbd-94f45fb64b69@group-23A236CF6C1C-SegmentedRaftLogWorker: flushIndex: setUnconditionally 0 -> -1
2022-12-06 16:25:10,427 [93471f04-f84a-446a-9dbd-94f45fb64b69-impl-thread1] INFO  segmented.SegmentedRaftLogWorker (SegmentedRaftLogWorker.java:lambda$new$0(135)) - 93471f04-f84a-446a-9dbd-94f45fb64b69@group-23A236CF6C1C-SegmentedRaftLogWorker: safeCacheEvictIndex: setUnconditionally 0 -> -1
2022-12-06 16:25:10,428 [93471f04-f84a-446a-9dbd-94f45fb64b69-impl-thread1] INFO  server.RaftServer$Division (RaftServerImpl.java:start(340)) - 93471f04-f84a-446a-9dbd-94f45fb64b69@group-23A236CF6C1C: start with initializing state, conf=-1: peers:[]|listeners:[], old=null
2022-12-06 16:25:10,428 [93471f04-f84a-446a-9dbd-94f45fb64b69-impl-thread1] INFO  server.RaftServer$Division (RaftServerImpl.java:setRole(321)) - 93471f04-f84a-446a-9dbd-94f45fb64b69@group-23A236CF6C1C: changes role from      null to FOLLOWER at term 2 for startInitializing
2022-12-06 16:25:10,428 [93471f04-f84a-446a-9dbd-94f45fb64b69-impl-thread1] INFO  util.JmxRegister (JmxRegister.java:tryRegister(44)) - Successfully registered JMX Bean with object name Ratis:service=RaftServer,group=group-23A236CF6C1C,id=93471f04-f84a-446a-9dbd-94f45fb64b69
2022-12-06 16:25:10,428 [93471f04-f84a-446a-9dbd-94f45fb64b69-impl-thread1] INFO  server.RaftServerConfigKeys (ConfUtils.java:logGet(46)) - raft.server.snapshot.auto.trigger.enabled = true (custom)
2022-12-06 16:25:10,428 [93471f04-f84a-446a-9dbd-94f45fb64b69-impl-thread1] INFO  server.RaftServerConfigKeys (ConfUtils.java:logGet(46)) - raft.server.snapshot.auto.trigger.threshold = 10000 (custom)
2022-12-06 16:25:10,428 [93471f04-f84a-446a-9dbd-94f45fb64b69-impl-thread1] INFO  server.RaftServerConfigKeys (ConfUtils.java:logGet(46)) - raft.server.snapshot.retention.file.num = 5 (custom)
2022-12-06 16:25:10,428 [93471f04-f84a-446a-9dbd-94f45fb64b69-impl-thread1] INFO  server.RaftServerConfigKeys (ConfUtils.java:logGet(46)) - raft.server.log.purge.upto.snapshot.index = false (default)
2022-12-06 16:25:10,433 [93471f04-f84a-446a-9dbd-94f45fb64b69-impl-thread2] INFO  server.RaftServer$Division (ServerState.java:setRaftConf(430)) - 93471f04-f84a-446a-9dbd-94f45fb64b69@group-032D02CB740D: set configuration 0: peers:[93471f04-f84a-446a-9dbd-94f45fb64b69|rpc:10.1.0.176:39615|dataStream:|priority:1|startupRole:FOLLOWER, fd07e5d7-2dd9-455a-a9b9-9dae4f4be123|rpc:10.1.0.176:45045|dataStream:|priority:0|startupRole:FOLLOWER, 592803f5-ace9-49ac-a54f-354c0e5baf2c|rpc:10.1.0.176:36049|dataStream:|priority:0|startupRole:FOLLOWER]|listeners:[], old=null
2022-12-06 16:25:10,434 [93471f04-f84a-446a-9dbd-94f45fb64b69-impl-thread2] INFO  segmented.LogSegment (LogSegment.java:loadSegment(173)) - Successfully read 1 entries from segment file /home/runner/work/ozone/ozone/hadoop-ozone/integration-test/target/test-dir/MiniOzoneClusterImpl-ff76fcda-2f7b-42b7-aafc-07b3f4cbd752/datanode-4/data/ratis/c5007c7d-689f-453a-a58d-032d02cb740d/current/log_inprogress_0
2022-12-06 16:25:10,434 [93471f04-f84a-446a-9dbd-94f45fb64b69-impl-thread2] INFO  segmented.SegmentedRaftLogWorker (SegmentedRaftLogWorker.java:lambda$new$0(135)) - 93471f04-f84a-446a-9dbd-94f45fb64b69@group-032D02CB740D-SegmentedRaftLogWorker: flushIndex: setUnconditionally 0 -> 0
2022-12-06 16:25:10,434 [93471f04-f84a-446a-9dbd-94f45fb64b69-impl-thread2] INFO  segmented.SegmentedRaftLogWorker (SegmentedRaftLogWorker.java:lambda$new$0(135)) - 93471f04-f84a-446a-9dbd-94f45fb64b69@group-032D02CB740D-SegmentedRaftLogWorker: safeCacheEvictIndex: setUnconditionally 0 -> -1
2022-12-06 16:25:10,434 [93471f04-f84a-446a-9dbd-94f45fb64b69-impl-thread3] INFO  server.RaftServer$Division (ServerState.java:setRaftConf(430)) - 93471f04-f84a-446a-9dbd-94f45fb64b69@group-46E1FAA48D23: set configuration 0: peers:[93471f04-f84a-446a-9dbd-94f45fb64b69|rpc:10.1.0.176:39615|dataStream:|priority:1|startupRole:FOLLOWER]|listeners:[], old=null
2022-12-06 16:25:10,434 [93471f04-f84a-446a-9dbd-94f45fb64b69-impl-thread2] INFO  server.RaftServer$Division (RaftServerImpl.java:start(334)) - 93471f04-f84a-446a-9dbd-94f45fb64b69@group-032D02CB740D: start as a follower, conf=0: peers:[93471f04-f84a-446a-9dbd-94f45fb64b69|rpc:10.1.0.176:39615|dataStream:|priority:1|startupRole:FOLLOWER, fd07e5d7-2dd9-455a-a9b9-9dae4f4be123|rpc:10.1.0.176:45045|dataStream:|priority:0|startupRole:FOLLOWER, 592803f5-ace9-49ac-a54f-354c0e5baf2c|rpc:10.1.0.176:36049|dataStream:|priority:0|startupRole:FOLLOWER]|listeners:[], old=null
2022-12-06 16:25:10,434 [93471f04-f84a-446a-9dbd-94f45fb64b69-impl-thread2] INFO  server.RaftServer$Division (RaftServerImpl.java:setRole(321)) - 93471f04-f84a-446a-9dbd-94f45fb64b69@group-032D02CB740D: changes role from      null to FOLLOWER at term 2 for startAsFollower
2022-12-06 16:25:10,434 [93471f04-f84a-446a-9dbd-94f45fb64b69-impl-thread3] INFO  segmented.LogSegment (LogSegment.java:loadSegment(173)) - Successfully read 1 entries from segment file /home/runner/work/ozone/ozone/hadoop-ozone/integration-test/target/test-dir/MiniOzoneClusterImpl-ff76fcda-2f7b-42b7-aafc-07b3f4cbd752/datanode-4/data/ratis/bd206ac1-f978-4080-a1f0-46e1faa48d23/current/log_inprogress_0
2022-12-06 16:25:10,437 [93471f04-f84a-446a-9dbd-94f45fb64b69-impl-thread2] INFO  impl.RoleInfo (RoleInfo.java:updateAndGet(139)) - 93471f04-f84a-446a-9dbd-94f45fb64b69: start 93471f04-f84a-446a-9dbd-94f45fb64b69@group-032D02CB740D-FollowerState
2022-12-06 16:25:10,437 [93471f04-f84a-446a-9dbd-94f45fb64b69-impl-thread2] INFO  util.JmxRegister (JmxRegister.java:tryRegister(44)) - Successfully registered JMX Bean with object name Ratis:service=RaftServer,group=group-032D02CB740D,id=93471f04-f84a-446a-9dbd-94f45fb64b69
2022-12-06 16:25:10,437 [93471f04-f84a-446a-9dbd-94f45fb64b69-impl-thread2] INFO  server.RaftServerConfigKeys (ConfUtils.java:logGet(46)) - raft.server.snapshot.auto.trigger.enabled = true (custom)
2022-12-06 16:25:10,438 [93471f04-f84a-446a-9dbd-94f45fb64b69-impl-thread2] INFO  server.RaftServerConfigKeys (ConfUtils.java:logGet(46)) - raft.server.snapshot.auto.trigger.threshold = 10000 (custom)
2022-12-06 16:25:10,438 [93471f04-f84a-446a-9dbd-94f45fb64b69-impl-thread2] INFO  server.RaftServerConfigKeys (ConfUtils.java:logGet(46)) - raft.server.snapshot.retention.file.num = 5 (custom)
2022-12-06 16:25:10,438 [93471f04-f84a-446a-9dbd-94f45fb64b69-impl-thread2] INFO  server.RaftServerConfigKeys (ConfUtils.java:logGet(46)) - raft.server.log.purge.upto.snapshot.index = false (default)
2022-12-06 16:25:10,438 [93471f04-f84a-446a-9dbd-94f45fb64b69@group-032D02CB740D-FollowerState] INFO  server.RaftServerConfigKeys (ConfUtils.java:logFallback(53)) - raft.server.rpc.first-election.timeout.min = 5s (fallback to raft.server.rpc.timeout.min)
2022-12-06 16:25:10,438 [93471f04-f84a-446a-9dbd-94f45fb64b69@group-032D02CB740D-FollowerState] INFO  server.RaftServerConfigKeys (ConfUtils.java:logFallback(53)) - raft.server.rpc.first-election.timeout.max = 5200ms (fallback to raft.server.rpc.timeout.max)
2022-12-06 16:25:10,441 [93471f04-f84a-446a-9dbd-94f45fb64b69-impl-thread3] INFO  segmented.SegmentedRaftLogWorker (SegmentedRaftLogWorker.java:lambda$new$0(135)) - 93471f04-f84a-446a-9dbd-94f45fb64b69@group-46E1FAA48D23-SegmentedRaftLogWorker: flushIndex: setUnconditionally 0 -> 0
2022-12-06 16:25:10,441 [93471f04-f84a-446a-9dbd-94f45fb64b69-impl-thread3] INFO  segmented.SegmentedRaftLogWorker (SegmentedRaftLogWorker.java:lambda$new$0(135)) - 93471f04-f84a-446a-9dbd-94f45fb64b69@group-46E1FAA48D23-SegmentedRaftLogWorker: safeCacheEvictIndex: setUnconditionally 0 -> -1
2022-12-06 16:25:10,441 [93471f04-f84a-446a-9dbd-94f45fb64b69-impl-thread3] INFO  server.RaftServer$Division (RaftServerImpl.java:start(334)) - 93471f04-f84a-446a-9dbd-94f45fb64b69@group-46E1FAA48D23: start as a follower, conf=0: peers:[93471f04-f84a-446a-9dbd-94f45fb64b69|rpc:10.1.0.176:39615|dataStream:|priority:1|startupRole:FOLLOWER]|listeners:[], old=null
2022-12-06 16:25:10,441 [93471f04-f84a-446a-9dbd-94f45fb64b69-impl-thread3] INFO  server.RaftServer$Division (RaftServerImpl.java:setRole(321)) - 93471f04-f84a-446a-9dbd-94f45fb64b69@group-46E1FAA48D23: changes role from      null to FOLLOWER at term 1 for startAsFollower
2022-12-06 16:25:10,441 [93471f04-f84a-446a-9dbd-94f45fb64b69-impl-thread3] INFO  impl.RoleInfo (RoleInfo.java:updateAndGet(139)) - 93471f04-f84a-446a-9dbd-94f45fb64b69: start 93471f04-f84a-446a-9dbd-94f45fb64b69@group-46E1FAA48D23-FollowerState
2022-12-06 16:25:10,441 [93471f04-f84a-446a-9dbd-94f45fb64b69-impl-thread3] INFO  util.JmxRegister (JmxRegister.java:tryRegister(44)) - Successfully registered JMX Bean with object name Ratis:service=RaftServer,group=group-46E1FAA48D23,id=93471f04-f84a-446a-9dbd-94f45fb64b69
2022-12-06 16:25:10,442 [93471f04-f84a-446a-9dbd-94f45fb64b69@group-46E1FAA48D23-FollowerState] INFO  server.RaftServerConfigKeys (ConfUtils.java:logFallback(53)) - raft.server.rpc.first-election.timeout.min = 5s (fallback to raft.server.rpc.timeout.min)
2022-12-06 16:25:10,442 [93471f04-f84a-446a-9dbd-94f45fb64b69-impl-thread3] INFO  server.RaftServerConfigKeys (ConfUtils.java:logGet(46)) - raft.server.snapshot.auto.trigger.enabled = true (custom)
2022-12-06 16:25:10,442 [93471f04-f84a-446a-9dbd-94f45fb64b69@group-46E1FAA48D23-FollowerState] INFO  server.RaftServerConfigKeys (ConfUtils.java:logFallback(53)) - raft.server.rpc.first-election.timeout.max = 5200ms (fallback to raft.server.rpc.timeout.max)
2022-12-06 16:25:10,442 [93471f04-f84a-446a-9dbd-94f45fb64b69-impl-thread3] INFO  server.RaftServerConfigKeys (ConfUtils.java:logGet(46)) - raft.server.snapshot.auto.trigger.threshold = 10000 (custom)
2022-12-06 16:25:10,442 [93471f04-f84a-446a-9dbd-94f45fb64b69-impl-thread3] INFO  server.RaftServerConfigKeys (ConfUtils.java:logGet(46)) - raft.server.snapshot.retention.file.num = 5 (custom)
2022-12-06 16:25:10,442 [93471f04-f84a-446a-9dbd-94f45fb64b69-impl-thread3] INFO  server.RaftServerConfigKeys (ConfUtils.java:logGet(46)) - raft.server.log.purge.upto.snapshot.index = false (default)
2022-12-06 16:25:10,445 [EndpointStateMachine task thread for /0.0.0.0:43931 - 0 ] INFO  server.RaftServer (RaftServerProxy.java:startImpl(393)) - 93471f04-f84a-446a-9dbd-94f45fb64b69: start RPC server
2022-12-06 16:25:10,447 [EndpointStateMachine task thread for /0.0.0.0:43931 - 0 ] INFO  server.GrpcService (GrpcService.java:startImpl(262)) - 93471f04-f84a-446a-9dbd-94f45fb64b69: GrpcService started, listening on 39615
2022-12-06 16:25:10,450 [EndpointStateMachine task thread for /0.0.0.0:43931 - 0 ] INFO  ratis.XceiverServerRatis (XceiverServerRatis.java:getRealPort(502)) - XceiverServerRatis 93471f04-f84a-446a-9dbd-94f45fb64b69 is started using port 39615 for RATIS
2022-12-06 16:25:10,450 [EndpointStateMachine task thread for /0.0.0.0:43931 - 0 ] INFO  ratis.XceiverServerRatis (XceiverServerRatis.java:getRealPort(502)) - XceiverServerRatis 93471f04-f84a-446a-9dbd-94f45fb64b69 is started using port 39615 for RATIS_ADMIN
2022-12-06 16:25:10,450 [EndpointStateMachine task thread for /0.0.0.0:43931 - 0 ] INFO  ratis.XceiverServerRatis (XceiverServerRatis.java:getRealPort(502)) - XceiverServerRatis 93471f04-f84a-446a-9dbd-94f45fb64b69 is started using port 39615 for RATIS_SERVER
2022-12-06 16:25:10,450 [JvmPauseMonitor11] INFO  util.JvmPauseMonitor (JvmPauseMonitor.java:run(105)) - JvmPauseMonitor-93471f04-f84a-446a-9dbd-94f45fb64b69: Started
2022-12-06 16:25:10,518 [EventQueue-CommandQueueReportForCommandQueueReportHandler] WARN  events.EventQueue (EventQueue.java:fireEvent(216)) - No event handler registered for event TypedEvent{payloadType=DatanodeDetails, name='Datanode_Command_Queue_Updated'}
2022-12-06 16:25:10,559 [EventQueue-CommandQueueReportForCommandQueueReportHandler] WARN  events.EventQueue (EventQueue.java:fireEvent(216)) - No event handler registered for event TypedEvent{payloadType=DatanodeDetails, name='Datanode_Command_Queue_Updated'}
2022-12-06 16:25:10,763 [EventQueue-CommandQueueReportForCommandQueueReportHandler] WARN  events.EventQueue (EventQueue.java:fireEvent(216)) - No event handler registered for event TypedEvent{payloadType=DatanodeDetails, name='Datanode_Command_Queue_Updated'}
2022-12-06 16:25:10,817 [EventQueue-CommandQueueReportForCommandQueueReportHandler] WARN  events.EventQueue (EventQueue.java:fireEvent(216)) - No event handler registered for event TypedEvent{payloadType=DatanodeDetails, name='Datanode_Command_Queue_Updated'}
2022-12-06 16:25:10,902 [EventQueue-CommandQueueReportForCommandQueueReportHandler] WARN  events.EventQueue (EventQueue.java:fireEvent(216)) - No event handler registered for event TypedEvent{payloadType=DatanodeDetails, name='Datanode_Command_Queue_Updated'}
2022-12-06 16:25:11,122 [EventQueue-CommandQueueReportForCommandQueueReportHandler] WARN  events.EventQueue (EventQueue.java:fireEvent(216)) - No event handler registered for event TypedEvent{payloadType=DatanodeDetails, name='Datanode_Command_Queue_Updated'}
2022-12-06 16:25:11,162 [EventQueue-CommandQueueReportForCommandQueueReportHandler] WARN  events.EventQueue (EventQueue.java:fireEvent(216)) - No event handler registered for event TypedEvent{payloadType=DatanodeDetails, name='Datanode_Command_Queue_Updated'}
2022-12-06 16:25:11,222 [EventQueue-CommandQueueReportForCommandQueueReportHandler] WARN  events.EventQueue (EventQueue.java:fireEvent(216)) - No event handler registered for event TypedEvent{payloadType=DatanodeDetails, name='Datanode_Command_Queue_Updated'}
2022-12-06 16:25:11,254 [EventQueue-CommandQueueReportForCommandQueueReportHandler] WARN  events.EventQueue (EventQueue.java:fireEvent(216)) - No event handler registered for event TypedEvent{payloadType=DatanodeDetails, name='Datanode_Command_Queue_Updated'}
2022-12-06 16:25:11,384 [Listener at 127.0.0.1/39139] INFO  ozone.MiniOzoneClusterImpl (MiniOzoneClusterImpl.java:lambda$waitForClusterToBeReady$0(216)) - Waiting for nodes to be ready. Got 9 of 10 DN Heartbeats.
2022-12-06 16:25:11,386 [Listener at 127.0.0.1/39139] INFO  ozone.MiniOzoneClusterImpl (MiniOzoneClusterImpl.java:lambda$waitForClusterToBeReady$0(219)) - Cluster exits safe mode
2022-12-06 16:25:11,386 [Listener at 127.0.0.1/39139] INFO  ozone.MiniOzoneClusterImpl (MiniOzoneClusterImpl.java:lambda$waitForClusterToBeReady$0(221)) - SCM became leader
2022-12-06 16:25:11,518 [EventQueue-CommandQueueReportForCommandQueueReportHandler] WARN  events.EventQueue (EventQueue.java:fireEvent(216)) - No event handler registered for event TypedEvent{payloadType=DatanodeDetails, name='Datanode_Command_Queue_Updated'}
2022-12-06 16:25:11,560 [EventQueue-CommandQueueReportForCommandQueueReportHandler] WARN  events.EventQueue (EventQueue.java:fireEvent(216)) - No event handler registered for event TypedEvent{payloadType=DatanodeDetails, name='Datanode_Command_Queue_Updated'}
2022-12-06 16:25:11,763 [EventQueue-CommandQueueReportForCommandQueueReportHandler] WARN  events.EventQueue (EventQueue.java:fireEvent(216)) - No event handler registered for event TypedEvent{payloadType=DatanodeDetails, name='Datanode_Command_Queue_Updated'}
2022-12-06 16:25:11,818 [EventQueue-CommandQueueReportForCommandQueueReportHandler] WARN  events.EventQueue (EventQueue.java:fireEvent(216)) - No event handler registered for event TypedEvent{payloadType=DatanodeDetails, name='Datanode_Command_Queue_Updated'}
2022-12-06 16:25:11,900 [EventQueue-CommandQueueReportForCommandQueueReportHandler] WARN  events.EventQueue (EventQueue.java:fireEvent(216)) - No event handler registered for event TypedEvent{payloadType=DatanodeDetails, name='Datanode_Command_Queue_Updated'}
2022-12-06 16:25:12,122 [EventQueue-CommandQueueReportForCommandQueueReportHandler] WARN  events.EventQueue (EventQueue.java:fireEvent(216)) - No event handler registered for event TypedEvent{payloadType=DatanodeDetails, name='Datanode_Command_Queue_Updated'}
2022-12-06 16:25:12,161 [EventQueue-CommandQueueReportForCommandQueueReportHandler] WARN  events.EventQueue (EventQueue.java:fireEvent(216)) - No event handler registered for event TypedEvent{payloadType=DatanodeDetails, name='Datanode_Command_Queue_Updated'}
2022-12-06 16:25:12,222 [EventQueue-CommandQueueReportForCommandQueueReportHandler] WARN  events.EventQueue (EventQueue.java:fireEvent(216)) - No event handler registered for event TypedEvent{payloadType=DatanodeDetails, name='Datanode_Command_Queue_Updated'}
2022-12-06 16:25:12,252 [EventQueue-CommandQueueReportForCommandQueueReportHandler] WARN  events.EventQueue (EventQueue.java:fireEvent(216)) - No event handler registered for event TypedEvent{payloadType=DatanodeDetails, name='Datanode_Command_Queue_Updated'}
2022-12-06 16:25:12,387 [Listener at 127.0.0.1/39139] INFO  ozone.MiniOzoneClusterImpl (MiniOzoneClusterImpl.java:lambda$waitForClusterToBeReady$0(216)) - Waiting for nodes to be ready. Got 9 of 10 DN Heartbeats.
2022-12-06 16:25:12,387 [Listener at 127.0.0.1/39139] INFO  ozone.MiniOzoneClusterImpl (MiniOzoneClusterImpl.java:lambda$waitForClusterToBeReady$0(219)) - Cluster exits safe mode
2022-12-06 16:25:12,387 [Listener at 127.0.0.1/39139] INFO  ozone.MiniOzoneClusterImpl (MiniOzoneClusterImpl.java:lambda$waitForClusterToBeReady$0(221)) - SCM became leader
2022-12-06 16:25:12,407 [EventQueue-PipelineReportForPipelineReportHandler] INFO  pipeline.PipelineReportHandler (PipelineReportHandler.java:processPipelineReport(115)) - Reported pipeline PipelineID=47c8ed29-a24a-4c2c-bc83-23a236cf6c1c is not found
2022-12-06 16:25:12,407 [EventQueue-PipelineReportForPipelineReportHandler] INFO  pipeline.PipelineReportHandler (PipelineReportHandler.java:processPipelineReport(115)) - Reported pipeline PipelineID=c5007c7d-689f-453a-a58d-032d02cb740d is not found
2022-12-06 16:25:12,407 [EventQueue-PipelineReportForPipelineReportHandler] INFO  pipeline.PipelineReportHandler (PipelineReportHandler.java:processPipelineReport(115)) - Reported pipeline PipelineID=bd206ac1-f978-4080-a1f0-46e1faa48d23 is not found
2022-12-06 16:25:12,518 [EventQueue-CommandQueueReportForCommandQueueReportHandler] WARN  events.EventQueue (EventQueue.java:fireEvent(216)) - No event handler registered for event TypedEvent{payloadType=DatanodeDetails, name='Datanode_Command_Queue_Updated'}
2022-12-06 16:25:12,559 [EventQueue-CommandQueueReportForCommandQueueReportHandler] WARN  events.EventQueue (EventQueue.java:fireEvent(216)) - No event handler registered for event TypedEvent{payloadType=DatanodeDetails, name='Datanode_Command_Queue_Updated'}
2022-12-06 16:25:12,763 [EventQueue-CommandQueueReportForCommandQueueReportHandler] WARN  events.EventQueue (EventQueue.java:fireEvent(216)) - No event handler registered for event TypedEvent{payloadType=DatanodeDetails, name='Datanode_Command_Queue_Updated'}
2022-12-06 16:25:12,818 [EventQueue-CommandQueueReportForCommandQueueReportHandler] WARN  events.EventQueue (EventQueue.java:fireEvent(216)) - No event handler registered for event TypedEvent{payloadType=DatanodeDetails, name='Datanode_Command_Queue_Updated'}
2022-12-06 16:25:12,901 [EventQueue-CommandQueueReportForCommandQueueReportHandler] WARN  events.EventQueue (EventQueue.java:fireEvent(216)) - No event handler registered for event TypedEvent{payloadType=DatanodeDetails, name='Datanode_Command_Queue_Updated'}
2022-12-06 16:25:13,122 [EventQueue-CommandQueueReportForCommandQueueReportHandler] WARN  events.EventQueue (EventQueue.java:fireEvent(216)) - No event handler registered for event TypedEvent{payloadType=DatanodeDetails, name='Datanode_Command_Queue_Updated'}
2022-12-06 16:25:13,162 [EventQueue-CommandQueueReportForCommandQueueReportHandler] WARN  events.EventQueue (EventQueue.java:fireEvent(216)) - No event handler registered for event TypedEvent{payloadType=DatanodeDetails, name='Datanode_Command_Queue_Updated'}
2022-12-06 16:25:13,223 [EventQueue-CommandQueueReportForCommandQueueReportHandler] WARN  events.EventQueue (EventQueue.java:fireEvent(216)) - No event handler registered for event TypedEvent{payloadType=DatanodeDetails, name='Datanode_Command_Queue_Updated'}
2022-12-06 16:25:13,251 [EventQueue-CommandQueueReportForCommandQueueReportHandler] WARN  events.EventQueue (EventQueue.java:fireEvent(216)) - No event handler registered for event TypedEvent{payloadType=DatanodeDetails, name='Datanode_Command_Queue_Updated'}
2022-12-06 16:25:13,387 [Listener at 127.0.0.1/39139] INFO  ozone.MiniOzoneClusterImpl (MiniOzoneClusterImpl.java:lambda$waitForClusterToBeReady$0(216)) - Waiting for nodes to be ready. Got 9 of 10 DN Heartbeats.
2022-12-06 16:25:13,388 [Listener at 127.0.0.1/39139] INFO  ozone.MiniOzoneClusterImpl (MiniOzoneClusterImpl.java:lambda$waitForClusterToBeReady$0(219)) - Cluster exits safe mode
2022-12-06 16:25:13,388 [Listener at 127.0.0.1/39139] INFO  ozone.MiniOzoneClusterImpl (MiniOzoneClusterImpl.java:lambda$waitForClusterToBeReady$0(221)) - SCM became leader
2022-12-06 16:25:13,517 [EventQueue-CommandQueueReportForCommandQueueReportHandler] WARN  events.EventQueue (EventQueue.java:fireEvent(216)) - No event handler registered for event TypedEvent{payloadType=DatanodeDetails, name='Datanode_Command_Queue_Updated'}
2022-12-06 16:25:13,559 [EventQueue-CommandQueueReportForCommandQueueReportHandler] WARN  events.EventQueue (EventQueue.java:fireEvent(216)) - No event handler registered for event TypedEvent{payloadType=DatanodeDetails, name='Datanode_Command_Queue_Updated'}
2022-12-06 16:25:13,764 [EventQueue-CommandQueueReportForCommandQueueReportHandler] WARN  events.EventQueue (EventQueue.java:fireEvent(216)) - No event handler registered for event TypedEvent{payloadType=DatanodeDetails, name='Datanode_Command_Queue_Updated'}
2022-12-06 16:25:13,818 [EventQueue-CommandQueueReportForCommandQueueReportHandler] WARN  events.EventQueue (EventQueue.java:fireEvent(216)) - No event handler registered for event TypedEvent{payloadType=DatanodeDetails, name='Datanode_Command_Queue_Updated'}
2022-12-06 16:25:13,902 [EventQueue-CommandQueueReportForCommandQueueReportHandler] WARN  events.EventQueue (EventQueue.java:fireEvent(216)) - No event handler registered for event TypedEvent{payloadType=DatanodeDetails, name='Datanode_Command_Queue_Updated'}
2022-12-06 16:25:14,122 [EventQueue-CommandQueueReportForCommandQueueReportHandler] WARN  events.EventQueue (EventQueue.java:fireEvent(216)) - No event handler registered for event TypedEvent{payloadType=DatanodeDetails, name='Datanode_Command_Queue_Updated'}
2022-12-06 16:25:14,161 [EventQueue-CommandQueueReportForCommandQueueReportHandler] WARN  events.EventQueue (EventQueue.java:fireEvent(216)) - No event handler registered for event TypedEvent{payloadType=DatanodeDetails, name='Datanode_Command_Queue_Updated'}
2022-12-06 16:25:14,222 [EventQueue-CommandQueueReportForCommandQueueReportHandler] WARN  events.EventQueue (EventQueue.java:fireEvent(216)) - No event handler registered for event TypedEvent{payloadType=DatanodeDetails, name='Datanode_Command_Queue_Updated'}
2022-12-06 16:25:14,251 [EventQueue-CommandQueueReportForCommandQueueReportHandler] WARN  events.EventQueue (EventQueue.java:fireEvent(216)) - No event handler registered for event TypedEvent{payloadType=DatanodeDetails, name='Datanode_Command_Queue_Updated'}
2022-12-06 16:25:14,388 [Listener at 127.0.0.1/39139] INFO  ozone.MiniOzoneClusterImpl (MiniOzoneClusterImpl.java:lambda$waitForClusterToBeReady$0(216)) - Waiting for nodes to be ready. Got 9 of 10 DN Heartbeats.
2022-12-06 16:25:14,389 [Listener at 127.0.0.1/39139] INFO  ozone.MiniOzoneClusterImpl (MiniOzoneClusterImpl.java:lambda$waitForClusterToBeReady$0(219)) - Cluster exits safe mode
2022-12-06 16:25:14,389 [Listener at 127.0.0.1/39139] INFO  ozone.MiniOzoneClusterImpl (MiniOzoneClusterImpl.java:lambda$waitForClusterToBeReady$0(221)) - SCM became leader
2022-12-06 16:25:14,408 [EventQueue-CommandQueueReportForCommandQueueReportHandler] WARN  events.EventQueue (EventQueue.java:fireEvent(216)) - No event handler registered for event TypedEvent{payloadType=DatanodeDetails, name='Datanode_Command_Queue_Updated'}
2022-12-06 16:25:14,408 [EventQueue-PipelineReportForPipelineReportHandler] INFO  pipeline.PipelineReportHandler (PipelineReportHandler.java:processPipelineReport(115)) - Reported pipeline PipelineID=47c8ed29-a24a-4c2c-bc83-23a236cf6c1c is not found
2022-12-06 16:25:14,408 [EventQueue-PipelineReportForPipelineReportHandler] INFO  pipeline.PipelineReportHandler (PipelineReportHandler.java:processPipelineReport(115)) - Reported pipeline PipelineID=c5007c7d-689f-453a-a58d-032d02cb740d is not found
2022-12-06 16:25:14,408 [EventQueue-PipelineReportForPipelineReportHandler] INFO  pipeline.PipelineReportHandler (PipelineReportHandler.java:processPipelineReport(115)) - Reported pipeline PipelineID=bd206ac1-f978-4080-a1f0-46e1faa48d23 is not found
2022-12-06 16:25:14,451 [EventQueue-HealthyReadonlyNodeForHealthyReadOnlyNodeHandler] INFO  node.HealthyReadOnlyNodeHandler (HealthyReadOnlyNodeHandler.java:onMessage(56)) - Datanode 93471f04-f84a-446a-9dbd-94f45fb64b69{ip: 10.1.0.176, host: fv-az451-158.ehxzt5fk3o4e1ahk02omj2f41g.dx.internal.cloudapp.net, ports: [REPLICATION=40949, RATIS=39615, RATIS_ADMIN=39615, RATIS_SERVER=39615, STANDALONE=46429], networkLocation: /default-rack, certSerialId: null, persistedOpState: IN_SERVICE, persistedOpStateExpiryEpochSec: 0} moved to HEALTHY READONLY state.
2022-12-06 16:25:14,451 [EventQueue-HealthyReadonlyNodeForHealthyReadOnlyNodeHandler] INFO  net.NetworkTopologyImpl (NetworkTopologyImpl.java:add(112)) - Added a new node: /default-rack/93471f04-f84a-446a-9dbd-94f45fb64b69
2022-12-06 16:25:14,517 [EventQueue-CommandQueueReportForCommandQueueReportHandler] WARN  events.EventQueue (EventQueue.java:fireEvent(216)) - No event handler registered for event TypedEvent{payloadType=DatanodeDetails, name='Datanode_Command_Queue_Updated'}
2022-12-06 16:25:14,559 [EventQueue-CommandQueueReportForCommandQueueReportHandler] WARN  events.EventQueue (EventQueue.java:fireEvent(216)) - No event handler registered for event TypedEvent{payloadType=DatanodeDetails, name='Datanode_Command_Queue_Updated'}
2022-12-06 16:25:14,564 [EventQueue-HealthyReadonlyToHealthyNodeForReadOnlyHealthyToHealthyNodeHandler] INFO  node.ReadOnlyHealthyToHealthyNodeHandler (ReadOnlyHealthyToHealthyNodeHandler.java:onMessage(51)) - Datanode 93471f04-f84a-446a-9dbd-94f45fb64b69{ip: 10.1.0.176, host: fv-az451-158.ehxzt5fk3o4e1ahk02omj2f41g.dx.internal.cloudapp.net, ports: [REPLICATION=40949, RATIS=39615, RATIS_ADMIN=39615, RATIS_SERVER=39615, STANDALONE=46429], networkLocation: /default-rack, certSerialId: null, persistedOpState: IN_SERVICE, persistedOpStateExpiryEpochSec: 0} moved to HEALTHY state.
2022-12-06 16:25:14,564 [EventQueue-HealthyReadonlyToHealthyNodeForReadOnlyHealthyToHealthyNodeHandler] INFO  pipeline.BackgroundPipelineCreator (BackgroundPipelineCreator.java:notifyEventTriggered(276)) - trigger a one-shot run on RatisPipelineUtilsThread.
2022-12-06 16:25:14,570 [RatisPipelineUtilsThread - 0] INFO  pipeline.RatisPipelineProvider (RatisPipelineProvider.java:lambda$create$0(195)) - Sending CreatePipelineCommand for pipeline:PipelineID=18da1fc2-6dc2-4fe4-a33b-391ea9fd41b8 to datanode:93471f04-f84a-446a-9dbd-94f45fb64b69
2022-12-06 16:25:14,570 [RatisPipelineUtilsThread - 0] INFO  pipeline.PipelineStateManagerImpl (PipelineStateManagerImpl.java:addPipeline(103)) - Created pipeline Pipeline[ Id: 18da1fc2-6dc2-4fe4-a33b-391ea9fd41b8, Nodes: 93471f04-f84a-446a-9dbd-94f45fb64b69{ip: 10.1.0.176, host: fv-az451-158.ehxzt5fk3o4e1ahk02omj2f41g.dx.internal.cloudapp.net, ports: [REPLICATION=40949, RATIS=39615, RATIS_ADMIN=39615, RATIS_SERVER=39615, STANDALONE=46429], networkLocation: /default-rack, certSerialId: null, persistedOpState: IN_SERVICE, persistedOpStateExpiryEpochSec: 0}, ReplicationConfig: RATIS/ONE, State:ALLOCATED, leaderId:, CreationTimestamp2022-12-06T16:25:14.569Z[Etc/UTC]].
2022-12-06 16:25:14,571 [RatisPipelineUtilsThread - 0] INFO  pipeline.RatisPipelineProvider (RatisPipelineProvider.java:lambda$create$0(195)) - Sending CreatePipelineCommand for pipeline:PipelineID=de2b41df-793e-4d7a-999f-73b16e30e520 to datanode:93471f04-f84a-446a-9dbd-94f45fb64b69
2022-12-06 16:25:14,571 [RatisPipelineUtilsThread - 0] INFO  pipeline.RatisPipelineProvider (RatisPipelineProvider.java:lambda$create$0(195)) - Sending CreatePipelineCommand for pipeline:PipelineID=de2b41df-793e-4d7a-999f-73b16e30e520 to datanode:fd07e5d7-2dd9-455a-a9b9-9dae4f4be123
2022-12-06 16:25:14,571 [RatisPipelineUtilsThread - 0] INFO  pipeline.RatisPipelineProvider (RatisPipelineProvider.java:lambda$create$0(195)) - Sending CreatePipelineCommand for pipeline:PipelineID=de2b41df-793e-4d7a-999f-73b16e30e520 to datanode:592803f5-ace9-49ac-a54f-354c0e5baf2c
2022-12-06 16:25:14,571 [RatisPipelineUtilsThread - 0] INFO  pipeline.PipelineStateManagerImpl (PipelineStateManagerImpl.java:addPipeline(103)) - Created pipeline Pipeline[ Id: de2b41df-793e-4d7a-999f-73b16e30e520, Nodes: 93471f04-f84a-446a-9dbd-94f45fb64b69{ip: 10.1.0.176, host: fv-az451-158.ehxzt5fk3o4e1ahk02omj2f41g.dx.internal.cloudapp.net, ports: [REPLICATION=40949, RATIS=39615, RATIS_ADMIN=39615, RATIS_SERVER=39615, STANDALONE=46429], networkLocation: /default-rack, certSerialId: null, persistedOpState: IN_SERVICE, persistedOpStateExpiryEpochSec: 0}fd07e5d7-2dd9-455a-a9b9-9dae4f4be123{ip: 10.1.0.176, host: fv-az451-158.ehxzt5fk3o4e1ahk02omj2f41g.dx.internal.cloudapp.net, ports: [REPLICATION=43535, RATIS=45045, RATIS_ADMIN=45045, RATIS_SERVER=45045, STANDALONE=40309], networkLocation: /default-rack, certSerialId: null, persistedOpState: IN_SERVICE, persistedOpStateExpiryEpochSec: 0}592803f5-ace9-49ac-a54f-354c0e5baf2c{ip: 10.1.0.176, host: fv-az451-158.ehxzt5fk3o4e1ahk02omj2f41g.dx.internal.cloudapp.net, ports: [REPLICATION=35645, RATIS=36049, RATIS_ADMIN=36049, RATIS_SERVER=36049, STANDALONE=43037], networkLocation: /default-rack, certSerialId: null, persistedOpState: IN_SERVICE, persistedOpStateExpiryEpochSec: 0}, ReplicationConfig: RATIS/THREE, State:ALLOCATED, leaderId:, CreationTimestamp2022-12-06T16:25:14.571Z[Etc/UTC]].
2022-12-06 16:25:14,572 [RatisPipelineUtilsThread - 0] INFO  pipeline.RatisPipelineProvider (RatisPipelineProvider.java:lambda$create$0(195)) - Sending CreatePipelineCommand for pipeline:PipelineID=e381f118-adaf-4fd4-afdc-ffc8e6c97f07 to datanode:fd07e5d7-2dd9-455a-a9b9-9dae4f4be123
2022-12-06 16:25:14,572 [RatisPipelineUtilsThread - 0] INFO  pipeline.RatisPipelineProvider (RatisPipelineProvider.java:lambda$create$0(195)) - Sending CreatePipelineCommand for pipeline:PipelineID=e381f118-adaf-4fd4-afdc-ffc8e6c97f07 to datanode:93471f04-f84a-446a-9dbd-94f45fb64b69
2022-12-06 16:25:14,572 [RatisPipelineUtilsThread - 0] INFO  pipeline.RatisPipelineProvider (RatisPipelineProvider.java:lambda$create$0(195)) - Sending CreatePipelineCommand for pipeline:PipelineID=e381f118-adaf-4fd4-afdc-ffc8e6c97f07 to datanode:592803f5-ace9-49ac-a54f-354c0e5baf2c
2022-12-06 16:25:14,572 [RatisPipelineUtilsThread - 0] INFO  pipeline.PipelineStateManagerImpl (PipelineStateManagerImpl.java:addPipeline(103)) - Created pipeline Pipeline[ Id: e381f118-adaf-4fd4-afdc-ffc8e6c97f07, Nodes: fd07e5d7-2dd9-455a-a9b9-9dae4f4be123{ip: 10.1.0.176, host: fv-az451-158.ehxzt5fk3o4e1ahk02omj2f41g.dx.internal.cloudapp.net, ports: [REPLICATION=43535, RATIS=45045, RATIS_ADMIN=45045, RATIS_SERVER=45045, STANDALONE=40309], networkLocation: /default-rack, certSerialId: null, persistedOpState: IN_SERVICE, persistedOpStateExpiryEpochSec: 0}93471f04-f84a-446a-9dbd-94f45fb64b69{ip: 10.1.0.176, host: fv-az451-158.ehxzt5fk3o4e1ahk02omj2f41g.dx.internal.cloudapp.net, ports: [REPLICATION=40949, RATIS=39615, RATIS_ADMIN=39615, RATIS_SERVER=39615, STANDALONE=46429], networkLocation: /default-rack, certSerialId: null, persistedOpState: IN_SERVICE, persistedOpStateExpiryEpochSec: 0}592803f5-ace9-49ac-a54f-354c0e5baf2c{ip: 10.1.0.176, host: fv-az451-158.ehxzt5fk3o4e1ahk02omj2f41g.dx.internal.cloudapp.net, ports: [REPLICATION=35645, RATIS=36049, RATIS_ADMIN=36049, RATIS_SERVER=36049, STANDALONE=43037], networkLocation: /default-rack, certSerialId: null, persistedOpState: IN_SERVICE, persistedOpStateExpiryEpochSec: 0}, ReplicationConfig: RATIS/THREE, State:ALLOCATED, leaderId:, CreationTimestamp2022-12-06T16:25:14.572Z[Etc/UTC]].
2022-12-06 16:25:14,573 [RatisPipelineUtilsThread - 0] INFO  pipeline.PipelineManagerImpl (PipelineManagerImpl.java:recordMetricsForPipeline(826)) - Pipeline: PipelineID=e381f118-adaf-4fd4-afdc-ffc8e6c97f07 contains same datanodes as previous pipelines: PipelineID=de2b41df-793e-4d7a-999f-73b16e30e520 nodeIds: fd07e5d7-2dd9-455a-a9b9-9dae4f4be123, 93471f04-f84a-446a-9dbd-94f45fb64b69, 592803f5-ace9-49ac-a54f-354c0e5baf2c
2022-12-06 16:25:14,765 [EventQueue-CommandQueueReportForCommandQueueReportHandler] WARN  events.EventQueue (EventQueue.java:fireEvent(216)) - No event handler registered for event TypedEvent{payloadType=DatanodeDetails, name='Datanode_Command_Queue_Updated'}
2022-12-06 16:25:14,818 [EventQueue-CommandQueueReportForCommandQueueReportHandler] WARN  events.EventQueue (EventQueue.java:fireEvent(216)) - No event handler registered for event TypedEvent{payloadType=DatanodeDetails, name='Datanode_Command_Queue_Updated'}
2022-12-06 16:25:14,902 [EventQueue-CommandQueueReportForCommandQueueReportHandler] WARN  events.EventQueue (EventQueue.java:fireEvent(216)) - No event handler registered for event TypedEvent{payloadType=DatanodeDetails, name='Datanode_Command_Queue_Updated'}
2022-12-06 16:25:15,124 [EventQueue-CommandQueueReportForCommandQueueReportHandler] WARN  events.EventQueue (EventQueue.java:fireEvent(216)) - No event handler registered for event TypedEvent{payloadType=DatanodeDetails, name='Datanode_Command_Queue_Updated'}
2022-12-06 16:25:15,161 [EventQueue-CommandQueueReportForCommandQueueReportHandler] WARN  events.EventQueue (EventQueue.java:fireEvent(216)) - No event handler registered for event TypedEvent{payloadType=DatanodeDetails, name='Datanode_Command_Queue_Updated'}
2022-12-06 16:25:15,223 [EventQueue-CommandQueueReportForCommandQueueReportHandler] WARN  events.EventQueue (EventQueue.java:fireEvent(216)) - No event handler registered for event TypedEvent{payloadType=DatanodeDetails, name='Datanode_Command_Queue_Updated'}
2022-12-06 16:25:15,251 [EventQueue-CommandQueueReportForCommandQueueReportHandler] WARN  events.EventQueue (EventQueue.java:fireEvent(216)) - No event handler registered for event TypedEvent{payloadType=DatanodeDetails, name='Datanode_Command_Queue_Updated'}
2022-12-06 16:25:15,389 [Listener at 127.0.0.1/39139] INFO  ozone.MiniOzoneClusterImpl (MiniOzoneClusterImpl.java:lambda$waitForClusterToBeReady$0(216)) - Nodes are ready. Got 10 of 10 DN Heartbeats.
2022-12-06 16:25:15,390 [Listener at 127.0.0.1/39139] INFO  ozone.MiniOzoneClusterImpl (MiniOzoneClusterImpl.java:lambda$waitForClusterToBeReady$0(219)) - Cluster exits safe mode
2022-12-06 16:25:15,390 [Listener at 127.0.0.1/39139] INFO  ozone.MiniOzoneClusterImpl (MiniOzoneClusterImpl.java:lambda$waitForClusterToBeReady$0(221)) - SCM became leader
2022-12-06 16:25:15,410 [EventQueue-CommandQueueReportForCommandQueueReportHandler] WARN  events.EventQueue (EventQueue.java:fireEvent(216)) - No event handler registered for event TypedEvent{payloadType=DatanodeDetails, name='Datanode_Command_Queue_Updated'}
2022-12-06 16:25:15,414 [Command processor thread] INFO  keyvalue.KeyValueContainer (KeyValueContainer.java:flushAndSyncDB(437)) - Container 1 is synced with bcsId 0.
2022-12-06 16:25:15,414 [EventQueue-CommandQueueReportForCommandQueueReportHandler] WARN  events.EventQueue (EventQueue.java:fireEvent(216)) - No event handler registered for event TypedEvent{payloadType=DatanodeDetails, name='Datanode_Command_Queue_Updated'}
2022-12-06 16:25:15,414 [Command processor thread] INFO  keyvalue.KeyValueContainer (KeyValueContainer.java:flushAndSyncDB(437)) - Container 1 is synced with bcsId 0.
2022-12-06 16:25:15,418 [Command processor thread] INFO  keyvalue.KeyValueContainer (KeyValueContainer.java:close(352)) - Container 1 is closed with bcsId 0.
2022-12-06 16:25:15,418 [Command processor thread] INFO  server.RaftServer (RaftServerProxy.java:remove(107)) - 93471f04-f84a-446a-9dbd-94f45fb64b69: remove  FOLLOWER 93471f04-f84a-446a-9dbd-94f45fb64b69@group-23A236CF6C1C:t2, leader=null, voted=fd07e5d7-2dd9-455a-a9b9-9dae4f4be123, raftlog=Memoized:93471f04-f84a-446a-9dbd-94f45fb64b69@group-23A236CF6C1C-SegmentedRaftLog:OPENED:c-1, conf=-1: peers:[]|listeners:[], old=null STARTING
2022-12-06 16:25:15,419 [Command processor thread] INFO  server.RaftServer$Division (RaftServerImpl.java:lambda$close$4(458)) - 93471f04-f84a-446a-9dbd-94f45fb64b69@group-23A236CF6C1C: shutdown
2022-12-06 16:25:15,419 [Command processor thread] INFO  util.JmxRegister (JmxRegister.java:unregister(73)) - Successfully un-registered JMX Bean with object name Ratis:service=RaftServer,group=group-23A236CF6C1C,id=93471f04-f84a-446a-9dbd-94f45fb64b69
2022-12-06 16:25:15,419 [Command processor thread] INFO  impl.StateMachineUpdater (StateMachineUpdater.java:stopAndJoin(153)) - 93471f04-f84a-446a-9dbd-94f45fb64b69@group-23A236CF6C1C-StateMachineUpdater: set stopIndex = -1
2022-12-06 16:25:15,419 [Command processor thread] INFO  server.RaftServer$Division (ServerState.java:close(466)) - 93471f04-f84a-446a-9dbd-94f45fb64b69@group-23A236CF6C1C: closes. applyIndex: -1
2022-12-06 16:25:15,419 [EventQueue-CommandQueueReportForCommandQueueReportHandler] WARN  events.EventQueue (EventQueue.java:fireEvent(216)) - No event handler registered for event TypedEvent{payloadType=DatanodeDetails, name='Datanode_Command_Queue_Updated'}
2022-12-06 16:25:15,419 [93471f04-f84a-446a-9dbd-94f45fb64b69@group-23A236CF6C1C-SegmentedRaftLogWorker] INFO  segmented.SegmentedRaftLogWorker (SegmentedRaftLogWorker.java:run(347)) - 93471f04-f84a-446a-9dbd-94f45fb64b69@group-23A236CF6C1C-SegmentedRaftLogWorker was interrupted, exiting. There are 0 tasks remaining in the queue.
2022-12-06 16:25:15,419 [Command processor thread] INFO  segmented.SegmentedRaftLogWorker (SegmentedRaftLogWorker.java:close(257)) - 93471f04-f84a-446a-9dbd-94f45fb64b69@group-23A236CF6C1C-SegmentedRaftLogWorker close()
2022-12-06 16:25:15,426 [Command processor thread] INFO  server.RaftServer$Division (RaftServerImpl.java:groupRemove(428)) - 93471f04-f84a-446a-9dbd-94f45fb64b69@group-23A236CF6C1C: Succeed to remove RaftStorageDirectory Storage Directory /home/runner/work/ozone/ozone/hadoop-ozone/integration-test/target/test-dir/MiniOzoneClusterImpl-ff76fcda-2f7b-42b7-aafc-07b3f4cbd752/datanode-4/data/ratis/47c8ed29-a24a-4c2c-bc83-23a236cf6c1c
2022-12-06 16:25:15,426 [Command processor thread] INFO  commandhandler.ClosePipelineCommandHandler (ClosePipelineCommandHandler.java:handle(78)) - Close Pipeline PipelineID=47c8ed29-a24a-4c2c-bc83-23a236cf6c1c command on datanode 93471f04-f84a-446a-9dbd-94f45fb64b69.
2022-12-06 16:25:15,426 [Command processor thread] INFO  server.RaftServer (RaftServerProxy.java:remove(107)) - 93471f04-f84a-446a-9dbd-94f45fb64b69: remove  FOLLOWER 93471f04-f84a-446a-9dbd-94f45fb64b69@group-032D02CB740D:t2, leader=null, voted=93471f04-f84a-446a-9dbd-94f45fb64b69, raftlog=Memoized:93471f04-f84a-446a-9dbd-94f45fb64b69@group-032D02CB740D-SegmentedRaftLog:OPENED:c0, conf=0: peers:[93471f04-f84a-446a-9dbd-94f45fb64b69|rpc:10.1.0.176:39615|dataStream:|priority:1|startupRole:FOLLOWER, fd07e5d7-2dd9-455a-a9b9-9dae4f4be123|rpc:10.1.0.176:45045|dataStream:|priority:0|startupRole:FOLLOWER, 592803f5-ace9-49ac-a54f-354c0e5baf2c|rpc:10.1.0.176:36049|dataStream:|priority:0|startupRole:FOLLOWER]|listeners:[], old=null RUNNING
2022-12-06 16:25:15,426 [Command processor thread] INFO  server.RaftServer$Division (RaftServerImpl.java:lambda$close$4(458)) - 93471f04-f84a-446a-9dbd-94f45fb64b69@group-032D02CB740D: shutdown
2022-12-06 16:25:15,426 [Command processor thread] INFO  util.JmxRegister (JmxRegister.java:unregister(73)) - Successfully un-registered JMX Bean with object name Ratis:service=RaftServer,group=group-032D02CB740D,id=93471f04-f84a-446a-9dbd-94f45fb64b69
2022-12-06 16:25:15,426 [Command processor thread] INFO  impl.RoleInfo (RoleInfo.java:shutdownFollowerState(110)) - 93471f04-f84a-446a-9dbd-94f45fb64b69: shutdown 93471f04-f84a-446a-9dbd-94f45fb64b69@group-032D02CB740D-FollowerState
2022-12-06 16:25:15,426 [93471f04-f84a-446a-9dbd-94f45fb64b69@group-032D02CB740D-FollowerState] INFO  impl.FollowerState (FollowerState.java:run(152)) - 93471f04-f84a-446a-9dbd-94f45fb64b69@group-032D02CB740D-FollowerState was interrupted
2022-12-06 16:25:15,427 [Command processor thread] INFO  impl.StateMachineUpdater (StateMachineUpdater.java:stopAndJoin(153)) - 93471f04-f84a-446a-9dbd-94f45fb64b69@group-032D02CB740D-StateMachineUpdater: set stopIndex = 0
2022-12-06 16:25:15,427 [Command processor thread] INFO  server.RaftServer$Division (ServerState.java:close(466)) - 93471f04-f84a-446a-9dbd-94f45fb64b69@group-032D02CB740D: closes. applyIndex: 0
2022-12-06 16:25:15,427 [93471f04-f84a-446a-9dbd-94f45fb64b69@group-032D02CB740D-SegmentedRaftLogWorker] INFO  segmented.SegmentedRaftLogWorker (SegmentedRaftLogWorker.java:run(347)) - 93471f04-f84a-446a-9dbd-94f45fb64b69@group-032D02CB740D-SegmentedRaftLogWorker was interrupted, exiting. There are 0 tasks remaining in the queue.
2022-12-06 16:25:15,431 [Command processor thread] INFO  segmented.SegmentedRaftLogWorker (SegmentedRaftLogWorker.java:close(257)) - 93471f04-f84a-446a-9dbd-94f45fb64b69@group-032D02CB740D-SegmentedRaftLogWorker close()
2022-12-06 16:25:15,435 [Command processor thread] INFO  server.RaftServer$Division (RaftServerImpl.java:groupRemove(428)) - 93471f04-f84a-446a-9dbd-94f45fb64b69@group-032D02CB740D: Succeed to remove RaftStorageDirectory Storage Directory /home/runner/work/ozone/ozone/hadoop-ozone/integration-test/target/test-dir/MiniOzoneClusterImpl-ff76fcda-2f7b-42b7-aafc-07b3f4cbd752/datanode-4/data/ratis/c5007c7d-689f-453a-a58d-032d02cb740d
2022-12-06 16:25:15,435 [Command processor thread] INFO  commandhandler.ClosePipelineCommandHandler (ClosePipelineCommandHandler.java:handle(78)) - Close Pipeline PipelineID=c5007c7d-689f-453a-a58d-032d02cb740d command on datanode 93471f04-f84a-446a-9dbd-94f45fb64b69.
2022-12-06 16:25:15,435 [Command processor thread] INFO  server.RaftServer (RaftServerProxy.java:remove(107)) - 93471f04-f84a-446a-9dbd-94f45fb64b69: remove  FOLLOWER 93471f04-f84a-446a-9dbd-94f45fb64b69@group-46E1FAA48D23:t1, leader=null, voted=93471f04-f84a-446a-9dbd-94f45fb64b69, raftlog=Memoized:93471f04-f84a-446a-9dbd-94f45fb64b69@group-46E1FAA48D23-SegmentedRaftLog:OPENED:c0, conf=0: peers:[93471f04-f84a-446a-9dbd-94f45fb64b69|rpc:10.1.0.176:39615|dataStream:|priority:1|startupRole:FOLLOWER]|listeners:[], old=null RUNNING
2022-12-06 16:25:15,435 [Command processor thread] INFO  server.RaftServer$Division (RaftServerImpl.java:lambda$close$4(458)) - 93471f04-f84a-446a-9dbd-94f45fb64b69@group-46E1FAA48D23: shutdown
2022-12-06 16:25:15,435 [Command processor thread] INFO  util.JmxRegister (JmxRegister.java:unregister(73)) - Successfully un-registered JMX Bean with object name Ratis:service=RaftServer,group=group-46E1FAA48D23,id=93471f04-f84a-446a-9dbd-94f45fb64b69
2022-12-06 16:25:15,435 [Command processor thread] INFO  impl.RoleInfo (RoleInfo.java:shutdownFollowerState(110)) - 93471f04-f84a-446a-9dbd-94f45fb64b69: shutdown 93471f04-f84a-446a-9dbd-94f45fb64b69@group-46E1FAA48D23-FollowerState
2022-12-06 16:25:15,435 [93471f04-f84a-446a-9dbd-94f45fb64b69@group-46E1FAA48D23-FollowerState] INFO  impl.FollowerState (FollowerState.java:run(152)) - 93471f04-f84a-446a-9dbd-94f45fb64b69@group-46E1FAA48D23-FollowerState was interrupted
2022-12-06 16:25:15,435 [Command processor thread] INFO  impl.StateMachineUpdater (StateMachineUpdater.java:stopAndJoin(153)) - 93471f04-f84a-446a-9dbd-94f45fb64b69@group-46E1FAA48D23-StateMachineUpdater: set stopIndex = 0
2022-12-06 16:25:15,435 [Command processor thread] INFO  server.RaftServer$Division (ServerState.java:close(466)) - 93471f04-f84a-446a-9dbd-94f45fb64b69@group-46E1FAA48D23: closes. applyIndex: 0
2022-12-06 16:25:15,436 [93471f04-f84a-446a-9dbd-94f45fb64b69@group-46E1FAA48D23-SegmentedRaftLogWorker] INFO  segmented.SegmentedRaftLogWorker (SegmentedRaftLogWorker.java:run(347)) - 93471f04-f84a-446a-9dbd-94f45fb64b69@group-46E1FAA48D23-SegmentedRaftLogWorker was interrupted, exiting. There are 0 tasks remaining in the queue.
2022-12-06 16:25:15,437 [Command processor thread] INFO  segmented.SegmentedRaftLogWorker (SegmentedRaftLogWorker.java:close(257)) - 93471f04-f84a-446a-9dbd-94f45fb64b69@group-46E1FAA48D23-SegmentedRaftLogWorker close()
2022-12-06 16:25:15,440 [Command processor thread] INFO  server.RaftServer$Division (RaftServerImpl.java:groupRemove(428)) - 93471f04-f84a-446a-9dbd-94f45fb64b69@group-46E1FAA48D23: Succeed to remove RaftStorageDirectory Storage Directory /home/runner/work/ozone/ozone/hadoop-ozone/integration-test/target/test-dir/MiniOzoneClusterImpl-ff76fcda-2f7b-42b7-aafc-07b3f4cbd752/datanode-4/data/ratis/bd206ac1-f978-4080-a1f0-46e1faa48d23
2022-12-06 16:25:15,440 [Command processor thread] INFO  commandhandler.ClosePipelineCommandHandler (ClosePipelineCommandHandler.java:handle(78)) - Close Pipeline PipelineID=bd206ac1-f978-4080-a1f0-46e1faa48d23 command on datanode 93471f04-f84a-446a-9dbd-94f45fb64b69.
2022-12-06 16:25:15,440 [Command processor thread] INFO  server.RaftServer (RaftServerProxy.java:addNew(96)) - 93471f04-f84a-446a-9dbd-94f45fb64b69: addNew group-391EA9FD41B8:[93471f04-f84a-446a-9dbd-94f45fb64b69|rpc:10.1.0.176:39615|priority:1|startupRole:FOLLOWER] returns group-391EA9FD41B8:java.util.concurrent.CompletableFuture@5ae30f4[Not completed]
2022-12-06 16:25:15,441 [pool-400-thread-1] INFO  server.RaftServer$Division (RaftServerImpl.java:<init>(195)) - 93471f04-f84a-446a-9dbd-94f45fb64b69: new RaftServerImpl for group-391EA9FD41B8:[93471f04-f84a-446a-9dbd-94f45fb64b69|rpc:10.1.0.176:39615|priority:1|startupRole:FOLLOWER] with ContainerStateMachine:uninitialized
2022-12-06 16:25:15,441 [pool-400-thread-1] INFO  server.RaftServerConfigKeys (ConfUtils.java:logGet(46)) - raft.server.rpc.timeout.min = 5s (custom)
2022-12-06 16:25:15,441 [pool-400-thread-1] INFO  server.RaftServerConfigKeys (ConfUtils.java:logGet(46)) - raft.server.rpc.timeout.max = 5200ms (custom)
2022-12-06 16:25:15,441 [pool-400-thread-1] INFO  server.RaftServerConfigKeys (ConfUtils.java:logGet(46)) - raft.server.rpc.sleep.time = 25ms (default)
2022-12-06 16:25:15,441 [pool-400-thread-1] INFO  server.RaftServerConfigKeys (ConfUtils.java:logGet(46)) - raft.server.rpc.slowness.timeout = 300s (custom)
2022-12-06 16:25:15,441 [pool-400-thread-1] INFO  server.RaftServerConfigKeys (ConfUtils.java:logGet(46)) - raft.server.leaderelection.leader.step-down.wait-time = 10s (default)
2022-12-06 16:25:15,441 [pool-400-thread-1] INFO  server.RaftServerConfigKeys (ConfUtils.java:logGet(46)) - raft.server.sleep.deviation.threshold = 300ms (default)
2022-12-06 16:25:15,441 [pool-400-thread-1] INFO  server.RaftServer$Division (ServerState.java:<init>(118)) - 93471f04-f84a-446a-9dbd-94f45fb64b69@group-391EA9FD41B8: ConfigurationManager, init=-1: peers:[93471f04-f84a-446a-9dbd-94f45fb64b69|rpc:10.1.0.176:39615|priority:1|startupRole:FOLLOWER]|listeners:[], old=null, confs=<EMPTY_MAP>
2022-12-06 16:25:15,441 [pool-400-thread-1] INFO  server.RaftServerConfigKeys (ConfUtils.java:logGet(46)) - raft.server.storage.dir = [/home/runner/work/ozone/ozone/hadoop-ozone/integration-test/target/test-dir/MiniOzoneClusterImpl-ff76fcda-2f7b-42b7-aafc-07b3f4cbd752/datanode-4/data/ratis] (custom)
2022-12-06 16:25:15,441 [pool-400-thread-1] INFO  server.RaftServerConfigKeys (ConfUtils.java:logGet(46)) - raft.server.log.corruption.policy = EXCEPTION (default)
2022-12-06 16:25:15,441 [pool-400-thread-1] INFO  server.RaftServerConfigKeys (ConfUtils.java:logGet(46)) - raft.server.storage.free-space.min = 0MB (=0) (default)
2022-12-06 16:25:15,441 [pool-400-thread-1] INFO  server.RaftServerConfigKeys (ConfUtils.java:logGet(46)) - raft.server.notification.no-leader.timeout = 300s (custom)
2022-12-06 16:25:15,441 [pool-400-thread-1] INFO  server.RaftServerConfigKeys (ConfUtils.java:logGet(46)) - raft.server.retrycache.expirytime = 600000ms (custom)
2022-12-06 16:25:15,442 [pool-400-thread-1] INFO  server.RaftServerConfigKeys (ConfUtils.java:logGet(46)) - raft.server.retrycache.statistics.expirytime = 100μs (default)
2022-12-06 16:25:15,442 [pool-400-thread-1] INFO  server.RaftServerConfigKeys (ConfUtils.java:logGet(46)) - raft.server.log.appender.install.snapshot.enabled = false (custom)
2022-12-06 16:25:15,442 [pool-400-thread-1] INFO  server.RaftServerConfigKeys (ConfUtils.java:logGet(46)) - raft.server.threadpool.server.cached = true (default)
2022-12-06 16:25:15,442 [pool-400-thread-1] INFO  server.RaftServerConfigKeys (ConfUtils.java:logGet(46)) - raft.server.threadpool.server.size = 0 (default)
2022-12-06 16:25:15,442 [pool-400-thread-1] INFO  server.RaftServerConfigKeys (ConfUtils.java:logGet(46)) - raft.server.threadpool.client.cached = true (default)
2022-12-06 16:25:15,443 [pool-400-thread-1] INFO  server.RaftServerConfigKeys (ConfUtils.java:logGet(46)) - raft.server.threadpool.client.size = 0 (default)
2022-12-06 16:25:15,443 [pool-400-thread-1] INFO  storage.RaftStorageDirectory (RaftStorageDirectoryImpl.java:analyzeStorage(137)) - The storage directory /home/runner/work/ozone/ozone/hadoop-ozone/integration-test/target/test-dir/MiniOzoneClusterImpl-ff76fcda-2f7b-42b7-aafc-07b3f4cbd752/datanode-4/data/ratis/18da1fc2-6dc2-4fe4-a33b-391ea9fd41b8 does not exist. Creating ...
2022-12-06 16:25:15,444 [pool-400-thread-1] INFO  storage.RaftStorageDirectory (RaftStorageDirectoryImpl.java:tryLock(231)) - Lock on /home/runner/work/ozone/ozone/hadoop-ozone/integration-test/target/test-dir/MiniOzoneClusterImpl-ff76fcda-2f7b-42b7-aafc-07b3f4cbd752/datanode-4/data/ratis/18da1fc2-6dc2-4fe4-a33b-391ea9fd41b8/in_use.lock acquired by nodename 47636@fv-az451-158
2022-12-06 16:25:15,446 [pool-400-thread-1] INFO  storage.RaftStorage (RaftStorageImpl.java:format(96)) - Storage directory /home/runner/work/ozone/ozone/hadoop-ozone/integration-test/target/test-dir/MiniOzoneClusterImpl-ff76fcda-2f7b-42b7-aafc-07b3f4cbd752/datanode-4/data/ratis/18da1fc2-6dc2-4fe4-a33b-391ea9fd41b8 has been successfully formatted.
2022-12-06 16:25:15,446 [pool-400-thread-1] INFO  ratis.ContainerStateMachine (ContainerStateMachine.java:loadSnapshot(236)) - group-391EA9FD41B8: The snapshot info is null. Setting the last applied indexto:(t:0, i:~)
2022-12-06 16:25:15,446 [pool-400-thread-1] INFO  server.RaftServerConfigKeys (ConfUtils.java:logGet(46)) - raft.server.log.use.memory = false (default)
2022-12-06 16:25:15,446 [pool-400-thread-1] INFO  server.RaftServerConfigKeys (ConfUtils.java:logGet(46)) - raft.server.log.purge.gap = 1000000 (custom)
2022-12-06 16:25:15,446 [pool-400-thread-1] INFO  server.RaftServerConfigKeys (ConfUtils.java:logGet(46)) - raft.server.log.appender.buffer.byte-limit = 33554432 (custom)
2022-12-06 16:25:15,446 [pool-400-thread-1] INFO  server.RaftServerConfigKeys (ConfUtils.java:logGet(46)) - raft.server.log.statemachine.data.read.timeout = 1000ms (default)
2022-12-06 16:25:15,446 [pool-400-thread-1] INFO  server.RaftServerConfigKeys (ConfUtils.java:logGet(46)) - raft.server.log.purge.preservation.log.num = 0 (default)
2022-12-06 16:25:15,447 [pool-400-thread-1] INFO  server.RaftServerConfigKeys (ConfUtils.java:logGet(46)) - raft.server.log.segment.size.max = 1048576 (custom)
2022-12-06 16:25:15,447 [pool-400-thread-1] INFO  server.RaftServerConfigKeys (ConfUtils.java:logGet(46)) - raft.server.log.segment.cache.num.max = 2 (custom)
2022-12-06 16:25:15,447 [pool-400-thread-1] INFO  server.RaftServerConfigKeys (ConfUtils.java:logGet(46)) - raft.server.log.segment.cache.size.max = 200MB (=209715200) (default)
2022-12-06 16:25:15,447 [pool-400-thread-1] INFO  segmented.SegmentedRaftLogWorker (SegmentedRaftLogWorker.java:<init>(189)) - new 93471f04-f84a-446a-9dbd-94f45fb64b69@group-391EA9FD41B8-SegmentedRaftLogWorker for RaftStorageImpl:Storage Directory /home/runner/work/ozone/ozone/hadoop-ozone/integration-test/target/test-dir/MiniOzoneClusterImpl-ff76fcda-2f7b-42b7-aafc-07b3f4cbd752/datanode-4/data/ratis/18da1fc2-6dc2-4fe4-a33b-391ea9fd41b8
2022-12-06 16:25:15,447 [pool-400-thread-1] INFO  server.RaftServerConfigKeys (ConfUtils.java:logGet(46)) - raft.server.log.queue.byte-limit = 4294967296 (custom)
2022-12-06 16:25:15,447 [pool-400-thread-1] INFO  server.RaftServerConfigKeys (ConfUtils.java:logGet(46)) - raft.server.log.queue.element-limit = 1024 (custom)
2022-12-06 16:25:15,447 [pool-400-thread-1] INFO  server.RaftServerConfigKeys (ConfUtils.java:logGet(46)) - raft.server.log.segment.size.max = 1048576 (custom)
2022-12-06 16:25:15,447 [pool-400-thread-1] INFO  server.RaftServerConfigKeys (ConfUtils.java:logGet(46)) - raft.server.log.preallocated.size = 16384 (custom)
2022-12-06 16:25:15,447 [pool-400-thread-1] INFO  server.RaftServerConfigKeys (ConfUtils.java:logGet(46)) - raft.server.log.force.sync.num = 128 (default)
2022-12-06 16:25:15,447 [pool-400-thread-1] INFO  server.RaftServerConfigKeys (ConfUtils.java:logGet(46)) - raft.server.log.statemachine.data.sync = true (default)
2022-12-06 16:25:15,447 [pool-400-thread-1] INFO  server.RaftServerConfigKeys (ConfUtils.java:logGet(46)) - raft.server.log.statemachine.data.sync.timeout = 10s (default)
2022-12-06 16:25:15,448 [pool-400-thread-1] INFO  server.RaftServerConfigKeys (ConfUtils.java:logGet(46)) - raft.server.log.statemachine.data.sync.timeout.retry = -1 (default)
2022-12-06 16:25:15,448 [EventQueue-CommandQueueReportForCommandQueueReportHandler] WARN  events.EventQueue (EventQueue.java:fireEvent(216)) - No event handler registered for event TypedEvent{payloadType=DatanodeDetails, name='Datanode_Command_Queue_Updated'}
2022-12-06 16:25:15,448 [EventQueue-PipelineReportForPipelineReportHandler] INFO  pipeline.PipelineManagerImpl (PipelineManagerImpl.java:openPipeline(367)) - Pipeline Pipeline[ Id: 18da1fc2-6dc2-4fe4-a33b-391ea9fd41b8, Nodes: 93471f04-f84a-446a-9dbd-94f45fb64b69{ip: 10.1.0.176, host: fv-az451-158.ehxzt5fk3o4e1ahk02omj2f41g.dx.internal.cloudapp.net, ports: [REPLICATION=40949, RATIS=39615, RATIS_ADMIN=39615, RATIS_SERVER=39615, STANDALONE=46429], networkLocation: /default-rack, certSerialId: null, persistedOpState: IN_SERVICE, persistedOpStateExpiryEpochSec: 0}, ReplicationConfig: RATIS/ONE, State:ALLOCATED, leaderId:93471f04-f84a-446a-9dbd-94f45fb64b69, CreationTimestamp2022-12-06T16:25:14.569Z[Etc/UTC]] moved to OPEN state
2022-12-06 16:25:15,448 [pool-400-thread-1] INFO  server.RaftServerConfigKeys (ConfUtils.java:logGet(46)) - raft.server.log.write.buffer.size = 1048576 (custom)
2022-12-06 16:25:15,449 [pool-400-thread-1] INFO  server.RaftServerConfigKeys (ConfUtils.java:logGet(46)) - raft.server.log.appender.buffer.byte-limit = 33554432 (custom)
2022-12-06 16:25:15,458 [pool-400-thread-1] INFO  server.RaftServerConfigKeys (ConfUtils.java:logGet(46)) - raft.server.log.unsafe-flush.enabled = false (default)
2022-12-06 16:25:15,459 [pool-400-thread-1] INFO  server.RaftServerConfigKeys (ConfUtils.java:logGet(46)) - raft.server.log.async-flush.enabled = false (default)
2022-12-06 16:25:15,459 [pool-400-thread-1] INFO  server.RaftServerConfigKeys (ConfUtils.java:logGet(46)) - raft.server.log.statemachine.data.caching.enabled = true (custom)
2022-12-06 16:25:15,459 [pool-400-thread-1] INFO  segmented.SegmentedRaftLogWorker (SegmentedRaftLogWorker.java:lambda$new$0(135)) - 93471f04-f84a-446a-9dbd-94f45fb64b69@group-391EA9FD41B8-SegmentedRaftLogWorker: flushIndex: setUnconditionally 0 -> -1
2022-12-06 16:25:15,459 [pool-400-thread-1] INFO  segmented.SegmentedRaftLogWorker (SegmentedRaftLogWorker.java:lambda$new$0(135)) - 93471f04-f84a-446a-9dbd-94f45fb64b69@group-391EA9FD41B8-SegmentedRaftLogWorker: safeCacheEvictIndex: setUnconditionally 0 -> -1
2022-12-06 16:25:15,460 [pool-400-thread-1] INFO  server.RaftServer$Division (RaftServerImpl.java:start(334)) - 93471f04-f84a-446a-9dbd-94f45fb64b69@group-391EA9FD41B8: start as a follower, conf=-1: peers:[93471f04-f84a-446a-9dbd-94f45fb64b69|rpc:10.1.0.176:39615|priority:1|startupRole:FOLLOWER]|listeners:[], old=null
2022-12-06 16:25:15,460 [pool-400-thread-1] INFO  server.RaftServer$Division (RaftServerImpl.java:setRole(321)) - 93471f04-f84a-446a-9dbd-94f45fb64b69@group-391EA9FD41B8: changes role from      null to FOLLOWER at term 0 for startAsFollower
2022-12-06 16:25:15,460 [pool-400-thread-1] INFO  impl.RoleInfo (RoleInfo.java:updateAndGet(139)) - 93471f04-f84a-446a-9dbd-94f45fb64b69: start 93471f04-f84a-446a-9dbd-94f45fb64b69@group-391EA9FD41B8-FollowerState
2022-12-06 16:25:15,460 [pool-400-thread-1] INFO  util.JmxRegister (JmxRegister.java:tryRegister(44)) - Successfully registered JMX Bean with object name Ratis:service=RaftServer,group=group-391EA9FD41B8,id=93471f04-f84a-446a-9dbd-94f45fb64b69
2022-12-06 16:25:15,460 [pool-400-thread-1] INFO  server.RaftServerConfigKeys (ConfUtils.java:logGet(46)) - raft.server.snapshot.auto.trigger.enabled = true (custom)
2022-12-06 16:25:15,460 [pool-400-thread-1] INFO  server.RaftServerConfigKeys (ConfUtils.java:logGet(46)) - raft.server.snapshot.auto.trigger.threshold = 10000 (custom)
2022-12-06 16:25:15,460 [pool-400-thread-1] INFO  server.RaftServerConfigKeys (ConfUtils.java:logGet(46)) - raft.server.snapshot.retention.file.num = 5 (custom)
2022-12-06 16:25:15,460 [pool-400-thread-1] INFO  server.RaftServerConfigKeys (ConfUtils.java:logGet(46)) - raft.server.log.purge.upto.snapshot.index = false (default)
2022-12-06 16:25:15,461 [93471f04-f84a-446a-9dbd-94f45fb64b69@group-391EA9FD41B8-FollowerState] INFO  server.RaftServerConfigKeys (ConfUtils.java:logFallback(53)) - raft.server.rpc.first-election.timeout.min = 5s (fallback to raft.server.rpc.timeout.min)
2022-12-06 16:25:15,461 [93471f04-f84a-446a-9dbd-94f45fb64b69@group-391EA9FD41B8-FollowerState] INFO  server.RaftServerConfigKeys (ConfUtils.java:logFallback(53)) - raft.server.rpc.first-election.timeout.max = 5200ms (fallback to raft.server.rpc.timeout.max)
2022-12-06 16:25:15,462 [Command processor thread] INFO  ratis.XceiverServerRatis (XceiverServerRatis.java:addGroup(765)) - Created group PipelineID=18da1fc2-6dc2-4fe4-a33b-391ea9fd41b8
2022-12-06 16:25:15,462 [Command processor thread] INFO  commandhandler.CreatePipelineCommandHandler (CreatePipelineCommandHandler.java:handle(113)) - Created Pipeline RATIS ONE PipelineID=18da1fc2-6dc2-4fe4-a33b-391ea9fd41b8.
2022-12-06 16:25:15,462 [Command processor thread] INFO  server.RaftServer (RaftServerProxy.java:addNew(96)) - 93471f04-f84a-446a-9dbd-94f45fb64b69: addNew group-73B16E30E520:[93471f04-f84a-446a-9dbd-94f45fb64b69|rpc:10.1.0.176:39615|priority:1|startupRole:FOLLOWER, fd07e5d7-2dd9-455a-a9b9-9dae4f4be123|rpc:10.1.0.176:45045|priority:0|startupRole:FOLLOWER, 592803f5-ace9-49ac-a54f-354c0e5baf2c|rpc:10.1.0.176:36049|priority:0|startupRole:FOLLOWER] returns group-73B16E30E520:java.util.concurrent.CompletableFuture@17257b8d[Not completed]
2022-12-06 16:25:15,466 [pool-400-thread-1] INFO  server.RaftServer$Division (RaftServerImpl.java:<init>(195)) - 93471f04-f84a-446a-9dbd-94f45fb64b69: new RaftServerImpl for group-73B16E30E520:[93471f04-f84a-446a-9dbd-94f45fb64b69|rpc:10.1.0.176:39615|priority:1|startupRole:FOLLOWER, fd07e5d7-2dd9-455a-a9b9-9dae4f4be123|rpc:10.1.0.176:45045|priority:0|startupRole:FOLLOWER, 592803f5-ace9-49ac-a54f-354c0e5baf2c|rpc:10.1.0.176:36049|priority:0|startupRole:FOLLOWER] with ContainerStateMachine:uninitialized
2022-12-06 16:25:15,466 [pool-400-thread-1] INFO  server.RaftServerConfigKeys (ConfUtils.java:logGet(46)) - raft.server.rpc.timeout.min = 5s (custom)
2022-12-06 16:25:15,466 [pool-400-thread-1] INFO  server.RaftServerConfigKeys (ConfUtils.java:logGet(46)) - raft.server.rpc.timeout.max = 5200ms (custom)
2022-12-06 16:25:15,466 [pool-400-thread-1] INFO  server.RaftServerConfigKeys (ConfUtils.java:logGet(46)) - raft.server.rpc.sleep.time = 25ms (default)
2022-12-06 16:25:15,466 [pool-400-thread-1] INFO  server.RaftServerConfigKeys (ConfUtils.java:logGet(46)) - raft.server.rpc.slowness.timeout = 300s (custom)
2022-12-06 16:25:15,466 [pool-400-thread-1] INFO  server.RaftServerConfigKeys (ConfUtils.java:logGet(46)) - raft.server.leaderelection.leader.step-down.wait-time = 10s (default)
2022-12-06 16:25:15,466 [pool-400-thread-1] INFO  server.RaftServerConfigKeys (ConfUtils.java:logGet(46)) - raft.server.sleep.deviation.threshold = 300ms (default)
2022-12-06 16:25:15,466 [pool-400-thread-1] INFO  server.RaftServer$Division (ServerState.java:<init>(118)) - 93471f04-f84a-446a-9dbd-94f45fb64b69@group-73B16E30E520: ConfigurationManager, init=-1: peers:[93471f04-f84a-446a-9dbd-94f45fb64b69|rpc:10.1.0.176:39615|priority:1|startupRole:FOLLOWER, fd07e5d7-2dd9-455a-a9b9-9dae4f4be123|rpc:10.1.0.176:45045|priority:0|startupRole:FOLLOWER, 592803f5-ace9-49ac-a54f-354c0e5baf2c|rpc:10.1.0.176:36049|priority:0|startupRole:FOLLOWER]|listeners:[], old=null, confs=<EMPTY_MAP>
2022-12-06 16:25:15,466 [pool-400-thread-1] INFO  server.RaftServerConfigKeys (ConfUtils.java:logGet(46)) - raft.server.storage.dir = [/home/runner/work/ozone/ozone/hadoop-ozone/integration-test/target/test-dir/MiniOzoneClusterImpl-ff76fcda-2f7b-42b7-aafc-07b3f4cbd752/datanode-4/data/ratis] (custom)
2022-12-06 16:25:15,467 [pool-400-thread-1] INFO  server.RaftServerConfigKeys (ConfUtils.java:logGet(46)) - raft.server.log.corruption.policy = EXCEPTION (default)
2022-12-06 16:25:15,467 [pool-400-thread-1] INFO  server.RaftServerConfigKeys (ConfUtils.java:logGet(46)) - raft.server.storage.free-space.min = 0MB (=0) (default)
2022-12-06 16:25:15,467 [pool-400-thread-1] INFO  server.RaftServerConfigKeys (ConfUtils.java:logGet(46)) - raft.server.notification.no-leader.timeout = 300s (custom)
2022-12-06 16:25:15,467 [pool-400-thread-1] INFO  server.RaftServerConfigKeys (ConfUtils.java:logGet(46)) - raft.server.retrycache.expirytime = 600000ms (custom)
2022-12-06 16:25:15,467 [pool-400-thread-1] INFO  server.RaftServerConfigKeys (ConfUtils.java:logGet(46)) - raft.server.retrycache.statistics.expirytime = 100μs (default)
2022-12-06 16:25:15,468 [pool-400-thread-1] INFO  server.RaftServerConfigKeys (ConfUtils.java:logGet(46)) - raft.server.log.appender.install.snapshot.enabled = false (custom)
2022-12-06 16:25:15,468 [pool-400-thread-1] INFO  server.RaftServerConfigKeys (ConfUtils.java:logGet(46)) - raft.server.threadpool.server.cached = true (default)
2022-12-06 16:25:15,468 [pool-400-thread-1] INFO  server.RaftServerConfigKeys (ConfUtils.java:logGet(46)) - raft.server.threadpool.server.size = 0 (default)
2022-12-06 16:25:15,468 [pool-400-thread-1] INFO  server.RaftServerConfigKeys (ConfUtils.java:logGet(46)) - raft.server.threadpool.client.cached = true (default)
2022-12-06 16:25:15,468 [pool-400-thread-1] INFO  server.RaftServerConfigKeys (ConfUtils.java:logGet(46)) - raft.server.threadpool.client.size = 0 (default)
2022-12-06 16:25:15,468 [pool-400-thread-1] INFO  storage.RaftStorageDirectory (RaftStorageDirectoryImpl.java:analyzeStorage(137)) - The storage directory /home/runner/work/ozone/ozone/hadoop-ozone/integration-test/target/test-dir/MiniOzoneClusterImpl-ff76fcda-2f7b-42b7-aafc-07b3f4cbd752/datanode-4/data/ratis/de2b41df-793e-4d7a-999f-73b16e30e520 does not exist. Creating ...
2022-12-06 16:25:15,469 [pool-400-thread-1] INFO  storage.RaftStorageDirectory (RaftStorageDirectoryImpl.java:tryLock(231)) - Lock on /home/runner/work/ozone/ozone/hadoop-ozone/integration-test/target/test-dir/MiniOzoneClusterImpl-ff76fcda-2f7b-42b7-aafc-07b3f4cbd752/datanode-4/data/ratis/de2b41df-793e-4d7a-999f-73b16e30e520/in_use.lock acquired by nodename 47636@fv-az451-158
2022-12-06 16:25:15,471 [pool-400-thread-1] INFO  storage.RaftStorage (RaftStorageImpl.java:format(96)) - Storage directory /home/runner/work/ozone/ozone/hadoop-ozone/integration-test/target/test-dir/MiniOzoneClusterImpl-ff76fcda-2f7b-42b7-aafc-07b3f4cbd752/datanode-4/data/ratis/de2b41df-793e-4d7a-999f-73b16e30e520 has been successfully formatted.
2022-12-06 16:25:15,471 [pool-400-thread-1] INFO  ratis.ContainerStateMachine (ContainerStateMachine.java:loadSnapshot(236)) - group-73B16E30E520: The snapshot info is null. Setting the last applied indexto:(t:0, i:~)
2022-12-06 16:25:15,471 [pool-400-thread-1] INFO  server.RaftServerConfigKeys (ConfUtils.java:logGet(46)) - raft.server.log.use.memory = false (default)
2022-12-06 16:25:15,471 [pool-400-thread-1] INFO  server.RaftServerConfigKeys (ConfUtils.java:logGet(46)) - raft.server.log.purge.gap = 1000000 (custom)
2022-12-06 16:25:15,471 [pool-400-thread-1] INFO  server.RaftServerConfigKeys (ConfUtils.java:logGet(46)) - raft.server.log.appender.buffer.byte-limit = 33554432 (custom)
2022-12-06 16:25:15,472 [pool-400-thread-1] INFO  server.RaftServerConfigKeys (ConfUtils.java:logGet(46)) - raft.server.log.statemachine.data.read.timeout = 1000ms (default)
2022-12-06 16:25:15,472 [pool-400-thread-1] INFO  server.RaftServerConfigKeys (ConfUtils.java:logGet(46)) - raft.server.log.purge.preservation.log.num = 0 (default)
2022-12-06 16:25:15,472 [pool-400-thread-1] INFO  server.RaftServerConfigKeys (ConfUtils.java:logGet(46)) - raft.server.log.segment.size.max = 1048576 (custom)
2022-12-06 16:25:15,472 [EventQueue-CommandQueueReportForCommandQueueReportHandler] WARN  events.EventQueue (EventQueue.java:fireEvent(216)) - No event handler registered for event TypedEvent{payloadType=DatanodeDetails, name='Datanode_Command_Queue_Updated'}
2022-12-06 16:25:15,472 [pool-400-thread-1] INFO  server.RaftServerConfigKeys (ConfUtils.java:logGet(46)) - raft.server.log.segment.cache.num.max = 2 (custom)
2022-12-06 16:25:15,472 [pool-400-thread-1] INFO  server.RaftServerConfigKeys (ConfUtils.java:logGet(46)) - raft.server.log.segment.cache.size.max = 200MB (=209715200) (default)
2022-12-06 16:25:15,472 [pool-400-thread-1] INFO  segmented.SegmentedRaftLogWorker (SegmentedRaftLogWorker.java:<init>(189)) - new 93471f04-f84a-446a-9dbd-94f45fb64b69@group-73B16E30E520-SegmentedRaftLogWorker for RaftStorageImpl:Storage Directory /home/runner/work/ozone/ozone/hadoop-ozone/integration-test/target/test-dir/MiniOzoneClusterImpl-ff76fcda-2f7b-42b7-aafc-07b3f4cbd752/datanode-4/data/ratis/de2b41df-793e-4d7a-999f-73b16e30e520
2022-12-06 16:25:15,472 [pool-400-thread-1] INFO  server.RaftServerConfigKeys (ConfUtils.java:logGet(46)) - raft.server.log.queue.byte-limit = 4294967296 (custom)
2022-12-06 16:25:15,472 [pool-400-thread-1] INFO  server.RaftServerConfigKeys (ConfUtils.java:logGet(46)) - raft.server.log.queue.element-limit = 1024 (custom)
2022-12-06 16:25:15,472 [pool-400-thread-1] INFO  server.RaftServerConfigKeys (ConfUtils.java:logGet(46)) - raft.server.log.segment.size.max = 1048576 (custom)
2022-12-06 16:25:15,472 [pool-400-thread-1] INFO  server.RaftServerConfigKeys (ConfUtils.java:logGet(46)) - raft.server.log.preallocated.size = 16384 (custom)
2022-12-06 16:25:15,472 [pool-400-thread-1] INFO  server.RaftServerConfigKeys (ConfUtils.java:logGet(46)) - raft.server.log.force.sync.num = 128 (default)
2022-12-06 16:25:15,473 [pool-400-thread-1] INFO  server.RaftServerConfigKeys (ConfUtils.java:logGet(46)) - raft.server.log.statemachine.data.sync = true (default)
2022-12-06 16:25:15,473 [pool-400-thread-1] INFO  server.RaftServerConfigKeys (ConfUtils.java:logGet(46)) - raft.server.log.statemachine.data.sync.timeout = 10s (default)
2022-12-06 16:25:15,473 [pool-400-thread-1] INFO  server.RaftServerConfigKeys (ConfUtils.java:logGet(46)) - raft.server.log.statemachine.data.sync.timeout.retry = -1 (default)
2022-12-06 16:25:15,473 [pool-400-thread-1] INFO  server.RaftServerConfigKeys (ConfUtils.java:logGet(46)) - raft.server.log.write.buffer.size = 1048576 (custom)
2022-12-06 16:25:15,474 [pool-400-thread-1] INFO  server.RaftServerConfigKeys (ConfUtils.java:logGet(46)) - raft.server.log.appender.buffer.byte-limit = 33554432 (custom)
2022-12-06 16:25:15,479 [pool-400-thread-1] INFO  server.RaftServerConfigKeys (ConfUtils.java:logGet(46)) - raft.server.log.unsafe-flush.enabled = false (default)
2022-12-06 16:25:15,480 [pool-400-thread-1] INFO  server.RaftServerConfigKeys (ConfUtils.java:logGet(46)) - raft.server.log.async-flush.enabled = false (default)
2022-12-06 16:25:15,480 [pool-400-thread-1] INFO  server.RaftServerConfigKeys (ConfUtils.java:logGet(46)) - raft.server.log.statemachine.data.caching.enabled = true (custom)
2022-12-06 16:25:15,480 [pool-400-thread-1] INFO  segmented.SegmentedRaftLogWorker (SegmentedRaftLogWorker.java:lambda$new$0(135)) - 93471f04-f84a-446a-9dbd-94f45fb64b69@group-73B16E30E520-SegmentedRaftLogWorker: flushIndex: setUnconditionally 0 -> -1
2022-12-06 16:25:15,480 [pool-400-thread-1] INFO  segmented.SegmentedRaftLogWorker (SegmentedRaftLogWorker.java:lambda$new$0(135)) - 93471f04-f84a-446a-9dbd-94f45fb64b69@group-73B16E30E520-SegmentedRaftLogWorker: safeCacheEvictIndex: setUnconditionally 0 -> -1
2022-12-06 16:25:15,482 [pool-400-thread-1] INFO  server.RaftServer$Division (RaftServerImpl.java:start(334)) - 93471f04-f84a-446a-9dbd-94f45fb64b69@group-73B16E30E520: start as a follower, conf=-1: peers:[93471f04-f84a-446a-9dbd-94f45fb64b69|rpc:10.1.0.176:39615|priority:1|startupRole:FOLLOWER, fd07e5d7-2dd9-455a-a9b9-9dae4f4be123|rpc:10.1.0.176:45045|priority:0|startupRole:FOLLOWER, 592803f5-ace9-49ac-a54f-354c0e5baf2c|rpc:10.1.0.176:36049|priority:0|startupRole:FOLLOWER]|listeners:[], old=null
2022-12-06 16:25:15,482 [pool-400-thread-1] INFO  server.RaftServer$Division (RaftServerImpl.java:setRole(321)) - 93471f04-f84a-446a-9dbd-94f45fb64b69@group-73B16E30E520: changes role from      null to FOLLOWER at term 0 for startAsFollower
2022-12-06 16:25:15,482 [pool-400-thread-1] INFO  impl.RoleInfo (RoleInfo.java:updateAndGet(139)) - 93471f04-f84a-446a-9dbd-94f45fb64b69: start 93471f04-f84a-446a-9dbd-94f45fb64b69@group-73B16E30E520-FollowerState
2022-12-06 16:25:15,486 [pool-400-thread-1] INFO  util.JmxRegister (JmxRegister.java:tryRegister(44)) - Successfully registered JMX Bean with object name Ratis:service=RaftServer,group=group-73B16E30E520,id=93471f04-f84a-446a-9dbd-94f45fb64b69
2022-12-06 16:25:15,486 [pool-400-thread-1] INFO  server.RaftServerConfigKeys (ConfUtils.java:logGet(46)) - raft.server.snapshot.auto.trigger.enabled = true (custom)
2022-12-06 16:25:15,486 [pool-400-thread-1] INFO  server.RaftServerConfigKeys (ConfUtils.java:logGet(46)) - raft.server.snapshot.auto.trigger.threshold = 10000 (custom)
2022-12-06 16:25:15,486 [pool-400-thread-1] INFO  server.RaftServerConfigKeys (ConfUtils.java:logGet(46)) - raft.server.snapshot.retention.file.num = 5 (custom)
2022-12-06 16:25:15,486 [pool-400-thread-1] INFO  server.RaftServerConfigKeys (ConfUtils.java:logGet(46)) - raft.server.log.purge.upto.snapshot.index = false (default)
2022-12-06 16:25:15,487 [93471f04-f84a-446a-9dbd-94f45fb64b69@group-73B16E30E520-FollowerState] INFO  server.RaftServerConfigKeys (ConfUtils.java:logFallback(53)) - raft.server.rpc.first-election.timeout.min = 5s (fallback to raft.server.rpc.timeout.min)
2022-12-06 16:25:15,487 [93471f04-f84a-446a-9dbd-94f45fb64b69@group-73B16E30E520-FollowerState] INFO  server.RaftServerConfigKeys (ConfUtils.java:logFallback(53)) - raft.server.rpc.first-election.timeout.max = 5200ms (fallback to raft.server.rpc.timeout.max)
2022-12-06 16:25:15,490 [Command processor thread] INFO  ratis.XceiverServerRatis (XceiverServerRatis.java:addGroup(765)) - Created group PipelineID=de2b41df-793e-4d7a-999f-73b16e30e520
2022-12-06 16:25:15,495 [Listener at 127.0.0.1/39139] INFO  replication.ReplicationManager (ReplicationManager.java:start(254)) - Starting Replication Monitor Thread.
2022-12-06 16:25:15,497 [Under Replicated Processor] INFO  replication.UnderReplicatedProcessor (UnderReplicatedProcessor.java:processAll(79)) - Processed 0 under replicated containers, failed processing 0
2022-12-06 16:25:15,498 [grpc-default-executor-6] INFO  server.RaftServer (RaftServerProxy.java:addNew(96)) - fd07e5d7-2dd9-455a-a9b9-9dae4f4be123: addNew group-73B16E30E520:[93471f04-f84a-446a-9dbd-94f45fb64b69|rpc:10.1.0.176:39615|dataStream:|priority:1|startupRole:FOLLOWER, fd07e5d7-2dd9-455a-a9b9-9dae4f4be123|rpc:10.1.0.176:45045|dataStream:|priority:0|startupRole:FOLLOWER, 592803f5-ace9-49ac-a54f-354c0e5baf2c|rpc:10.1.0.176:36049|dataStream:|priority:0|startupRole:FOLLOWER] returns group-73B16E30E520:java.util.concurrent.CompletableFuture@5d5c01ac[Not completed]
2022-12-06 16:25:15,499 [pool-140-thread-1] INFO  server.RaftServer$Division (RaftServerImpl.java:<init>(195)) - fd07e5d7-2dd9-455a-a9b9-9dae4f4be123: new RaftServerImpl for group-73B16E30E520:[93471f04-f84a-446a-9dbd-94f45fb64b69|rpc:10.1.0.176:39615|dataStream:|priority:1|startupRole:FOLLOWER, fd07e5d7-2dd9-455a-a9b9-9dae4f4be123|rpc:10.1.0.176:45045|dataStream:|priority:0|startupRole:FOLLOWER, 592803f5-ace9-49ac-a54f-354c0e5baf2c|rpc:10.1.0.176:36049|dataStream:|priority:0|startupRole:FOLLOWER] with ContainerStateMachine:uninitialized
2022-12-06 16:25:15,500 [pool-140-thread-1] INFO  server.RaftServerConfigKeys (ConfUtils.java:logGet(46)) - raft.server.rpc.timeout.min = 5s (custom)
2022-12-06 16:25:15,500 [pool-140-thread-1] INFO  server.RaftServerConfigKeys (ConfUtils.java:logGet(46)) - raft.server.rpc.timeout.max = 5200ms (custom)
2022-12-06 16:25:15,500 [pool-140-thread-1] INFO  server.RaftServerConfigKeys (ConfUtils.java:logGet(46)) - raft.server.rpc.sleep.time = 25ms (default)
2022-12-06 16:25:15,500 [pool-140-thread-1] INFO  server.RaftServerConfigKeys (ConfUtils.java:logGet(46)) - raft.server.rpc.slowness.timeout = 300s (custom)
2022-12-06 16:25:15,500 [pool-140-thread-1] INFO  server.RaftServerConfigKeys (ConfUtils.java:logGet(46)) - raft.server.leaderelection.leader.step-down.wait-time = 10s (default)
2022-12-06 16:25:15,500 [pool-140-thread-1] INFO  server.RaftServerConfigKeys (ConfUtils.java:logGet(46)) - raft.server.sleep.deviation.threshold = 300ms (default)
2022-12-06 16:25:15,500 [pool-140-thread-1] INFO  server.RaftServer$Division (ServerState.java:<init>(118)) - fd07e5d7-2dd9-455a-a9b9-9dae4f4be123@group-73B16E30E520: ConfigurationManager, init=-1: peers:[93471f04-f84a-446a-9dbd-94f45fb64b69|rpc:10.1.0.176:39615|dataStream:|priority:1|startupRole:FOLLOWER, fd07e5d7-2dd9-455a-a9b9-9dae4f4be123|rpc:10.1.0.176:45045|dataStream:|priority:0|startupRole:FOLLOWER, 592803f5-ace9-49ac-a54f-354c0e5baf2c|rpc:10.1.0.176:36049|dataStream:|priority:0|startupRole:FOLLOWER]|listeners:[], old=null, confs=<EMPTY_MAP>
2022-12-06 16:25:15,500 [pool-140-thread-1] INFO  server.RaftServerConfigKeys (ConfUtils.java:logGet(46)) - raft.server.storage.dir = [/home/runner/work/ozone/ozone/hadoop-ozone/integration-test/target/test-dir/MiniOzoneClusterImpl-ff76fcda-2f7b-42b7-aafc-07b3f4cbd752/datanode-3/data/ratis] (custom)
2022-12-06 16:25:15,500 [pool-140-thread-1] INFO  server.RaftServerConfigKeys (ConfUtils.java:logGet(46)) - raft.server.log.corruption.policy = EXCEPTION (default)
2022-12-06 16:25:15,500 [pool-140-thread-1] INFO  server.RaftServerConfigKeys (ConfUtils.java:logGet(46)) - raft.server.storage.free-space.min = 0MB (=0) (default)
2022-12-06 16:25:15,500 [pool-140-thread-1] INFO  server.RaftServerConfigKeys (ConfUtils.java:logGet(46)) - raft.server.notification.no-leader.timeout = 300s (custom)
2022-12-06 16:25:15,500 [pool-140-thread-1] INFO  server.RaftServerConfigKeys (ConfUtils.java:logGet(46)) - raft.server.retrycache.expirytime = 600000ms (custom)
2022-12-06 16:25:15,500 [pool-140-thread-1] INFO  server.RaftServerConfigKeys (ConfUtils.java:logGet(46)) - raft.server.retrycache.statistics.expirytime = 100μs (default)
2022-12-06 16:25:15,501 [pool-140-thread-1] INFO  server.RaftServerConfigKeys (ConfUtils.java:logGet(46)) - raft.server.log.appender.install.snapshot.enabled = false (custom)
2022-12-06 16:25:15,501 [pool-140-thread-1] INFO  server.RaftServerConfigKeys (ConfUtils.java:logGet(46)) - raft.server.threadpool.server.cached = true (default)
2022-12-06 16:25:15,501 [pool-140-thread-1] INFO  server.RaftServerConfigKeys (ConfUtils.java:logGet(46)) - raft.server.threadpool.server.size = 0 (default)
2022-12-06 16:25:15,501 [pool-140-thread-1] INFO  server.RaftServerConfigKeys (ConfUtils.java:logGet(46)) - raft.server.threadpool.client.cached = true (default)
2022-12-06 16:25:15,501 [pool-140-thread-1] INFO  server.RaftServerConfigKeys (ConfUtils.java:logGet(46)) - raft.server.threadpool.client.size = 0 (default)
2022-12-06 16:25:15,502 [pool-140-thread-1] INFO  storage.RaftStorageDirectory (RaftStorageDirectoryImpl.java:analyzeStorage(137)) - The storage directory /home/runner/work/ozone/ozone/hadoop-ozone/integration-test/target/test-dir/MiniOzoneClusterImpl-ff76fcda-2f7b-42b7-aafc-07b3f4cbd752/datanode-3/data/ratis/de2b41df-793e-4d7a-999f-73b16e30e520 does not exist. Creating ...
2022-12-06 16:25:15,503 [ReplicationMonitor] INFO  replication.ReplicationManager (ReplicationManager.java:processAll(356)) - Replication Monitor Thread took 1 milliseconds for processing 1 containers.
2022-12-06 16:25:15,503 [pool-140-thread-1] INFO  storage.RaftStorageDirectory (RaftStorageDirectoryImpl.java:tryLock(231)) - Lock on /home/runner/work/ozone/ozone/hadoop-ozone/integration-test/target/test-dir/MiniOzoneClusterImpl-ff76fcda-2f7b-42b7-aafc-07b3f4cbd752/datanode-3/data/ratis/de2b41df-793e-4d7a-999f-73b16e30e520/in_use.lock acquired by nodename 47636@fv-az451-158
2022-12-06 16:25:15,505 [pool-140-thread-1] INFO  storage.RaftStorage (RaftStorageImpl.java:format(96)) - Storage directory /home/runner/work/ozone/ozone/hadoop-ozone/integration-test/target/test-dir/MiniOzoneClusterImpl-ff76fcda-2f7b-42b7-aafc-07b3f4cbd752/datanode-3/data/ratis/de2b41df-793e-4d7a-999f-73b16e30e520 has been successfully formatted.
2022-12-06 16:25:15,505 [pool-140-thread-1] INFO  ratis.ContainerStateMachine (ContainerStateMachine.java:loadSnapshot(236)) - group-73B16E30E520: The snapshot info is null. Setting the last applied indexto:(t:0, i:~)
2022-12-06 16:25:15,505 [pool-140-thread-1] INFO  server.RaftServerConfigKeys (ConfUtils.java:logGet(46)) - raft.server.log.use.memory = false (default)
2022-12-06 16:25:15,505 [pool-140-thread-1] INFO  server.RaftServerConfigKeys (ConfUtils.java:logGet(46)) - raft.server.log.purge.gap = 1000000 (custom)
2022-12-06 16:25:15,505 [pool-140-thread-1] INFO  server.RaftServerConfigKeys (ConfUtils.java:logGet(46)) - raft.server.log.appender.buffer.byte-limit = 33554432 (custom)
2022-12-06 16:25:15,505 [pool-140-thread-1] INFO  server.RaftServerConfigKeys (ConfUtils.java:logGet(46)) - raft.server.log.statemachine.data.read.timeout = 1000ms (default)
2022-12-06 16:25:15,505 [pool-140-thread-1] INFO  server.RaftServerConfigKeys (ConfUtils.java:logGet(46)) - raft.server.log.purge.preservation.log.num = 0 (default)
2022-12-06 16:25:15,505 [pool-140-thread-1] INFO  server.RaftServerConfigKeys (ConfUtils.java:logGet(46)) - raft.server.log.segment.size.max = 1048576 (custom)
2022-12-06 16:25:15,506 [pool-140-thread-1] INFO  server.RaftServerConfigKeys (ConfUtils.java:logGet(46)) - raft.server.log.segment.cache.num.max = 2 (custom)
2022-12-06 16:25:15,506 [pool-140-thread-1] INFO  server.RaftServerConfigKeys (ConfUtils.java:logGet(46)) - raft.server.log.segment.cache.size.max = 200MB (=209715200) (default)
2022-12-06 16:25:15,507 [pool-140-thread-1] INFO  segmented.SegmentedRaftLogWorker (SegmentedRaftLogWorker.java:<init>(189)) - new fd07e5d7-2dd9-455a-a9b9-9dae4f4be123@group-73B16E30E520-SegmentedRaftLogWorker for RaftStorageImpl:Storage Directory /home/runner/work/ozone/ozone/hadoop-ozone/integration-test/target/test-dir/MiniOzoneClusterImpl-ff76fcda-2f7b-42b7-aafc-07b3f4cbd752/datanode-3/data/ratis/de2b41df-793e-4d7a-999f-73b16e30e520
2022-12-06 16:25:15,507 [pool-140-thread-1] INFO  server.RaftServerConfigKeys (ConfUtils.java:logGet(46)) - raft.server.log.queue.byte-limit = 4294967296 (custom)
2022-12-06 16:25:15,507 [pool-140-thread-1] INFO  server.RaftServerConfigKeys (ConfUtils.java:logGet(46)) - raft.server.log.queue.element-limit = 1024 (custom)
2022-12-06 16:25:15,507 [pool-140-thread-1] INFO  server.RaftServerConfigKeys (ConfUtils.java:logGet(46)) - raft.server.log.segment.size.max = 1048576 (custom)
2022-12-06 16:25:15,508 [pool-140-thread-1] INFO  server.RaftServerConfigKeys (ConfUtils.java:logGet(46)) - raft.server.log.preallocated.size = 16384 (custom)
2022-12-06 16:25:15,508 [pool-140-thread-1] INFO  server.RaftServerConfigKeys (ConfUtils.java:logGet(46)) - raft.server.log.force.sync.num = 128 (default)
2022-12-06 16:25:15,508 [pool-140-thread-1] INFO  server.RaftServerConfigKeys (ConfUtils.java:logGet(46)) - raft.server.log.statemachine.data.sync = true (default)
2022-12-06 16:25:15,508 [pool-140-thread-1] INFO  server.RaftServerConfigKeys (ConfUtils.java:logGet(46)) - raft.server.log.statemachine.data.sync.timeout = 10s (default)
2022-12-06 16:25:15,508 [pool-140-thread-1] INFO  server.RaftServerConfigKeys (ConfUtils.java:logGet(46)) - raft.server.log.statemachine.data.sync.timeout.retry = -1 (default)
2022-12-06 16:25:15,507 [EventQueue-CommandQueueReportForCommandQueueReportHandler] WARN  events.EventQueue (EventQueue.java:fireEvent(216)) - No event handler registered for event TypedEvent{payloadType=DatanodeDetails, name='Datanode_Command_Queue_Updated'}
2022-12-06 16:25:15,508 [pool-140-thread-1] INFO  server.RaftServerConfigKeys (ConfUtils.java:logGet(46)) - raft.server.log.write.buffer.size = 1048576 (custom)
2022-12-06 16:25:15,509 [pool-140-thread-1] INFO  server.RaftServerConfigKeys (ConfUtils.java:logGet(46)) - raft.server.log.appender.buffer.byte-limit = 33554432 (custom)
2022-12-06 16:25:15,518 [EventQueue-CommandQueueReportForCommandQueueReportHandler] WARN  events.EventQueue (EventQueue.java:fireEvent(216)) - No event handler registered for event TypedEvent{payloadType=DatanodeDetails, name='Datanode_Command_Queue_Updated'}
2022-12-06 16:25:15,522 [pool-140-thread-1] INFO  server.RaftServerConfigKeys (ConfUtils.java:logGet(46)) - raft.server.log.unsafe-flush.enabled = false (default)
2022-12-06 16:25:15,522 [pool-140-thread-1] INFO  server.RaftServerConfigKeys (ConfUtils.java:logGet(46)) - raft.server.log.async-flush.enabled = false (default)
2022-12-06 16:25:15,522 [pool-140-thread-1] INFO  server.RaftServerConfigKeys (ConfUtils.java:logGet(46)) - raft.server.log.statemachine.data.caching.enabled = true (custom)
2022-12-06 16:25:15,522 [pool-140-thread-1] INFO  segmented.SegmentedRaftLogWorker (SegmentedRaftLogWorker.java:lambda$new$0(135)) - fd07e5d7-2dd9-455a-a9b9-9dae4f4be123@group-73B16E30E520-SegmentedRaftLogWorker: flushIndex: setUnconditionally 0 -> -1
2022-12-06 16:25:15,522 [pool-140-thread-1] INFO  segmented.SegmentedRaftLogWorker (SegmentedRaftLogWorker.java:lambda$new$0(135)) - fd07e5d7-2dd9-455a-a9b9-9dae4f4be123@group-73B16E30E520-SegmentedRaftLogWorker: safeCacheEvictIndex: setUnconditionally 0 -> -1
2022-12-06 16:25:15,523 [Over Replicated Processor] INFO  replication.ReplicationManager (ReplicationManager.java:sendDatanodeCommand(417)) - Sending command of type deleteContainerCommand for container ContainerInfo{id=#1, state=CLOSED, pipelineID=PipelineID=f53f5cdc-0cc0-4b93-99bc-1b3dc003694c, stateEnterTime=2022-12-06T16:24:49.530Z, owner=om1} to 6a413ed4-87ae-4509-b51d-2f5d21600f9c{ip: 10.1.0.176, host: fv-az451-158.ehxzt5fk3o4e1ahk02omj2f41g.dx.internal.cloudapp.net, ports: [REPLICATION=37211, RATIS=45621, RATIS_ADMIN=45621, RATIS_SERVER=45621, STANDALONE=41119], networkLocation: /default-rack, certSerialId: null, persistedOpState: IN_SERVICE, persistedOpStateExpiryEpochSec: 0}
2022-12-06 16:25:15,524 [Over Replicated Processor] INFO  replication.OverReplicatedProcessor (OverReplicatedProcessor.java:processAll(79)) - Processed 1 over replicated containers, failed processing 0
2022-12-06 16:25:15,526 [pool-140-thread-1] INFO  server.RaftServer$Division (RaftServerImpl.java:start(334)) - fd07e5d7-2dd9-455a-a9b9-9dae4f4be123@group-73B16E30E520: start as a follower, conf=-1: peers:[93471f04-f84a-446a-9dbd-94f45fb64b69|rpc:10.1.0.176:39615|dataStream:|priority:1|startupRole:FOLLOWER, fd07e5d7-2dd9-455a-a9b9-9dae4f4be123|rpc:10.1.0.176:45045|dataStream:|priority:0|startupRole:FOLLOWER, 592803f5-ace9-49ac-a54f-354c0e5baf2c|rpc:10.1.0.176:36049|dataStream:|priority:0|startupRole:FOLLOWER]|listeners:[], old=null
2022-12-06 16:25:15,526 [pool-140-thread-1] INFO  server.RaftServer$Division (RaftServerImpl.java:setRole(321)) - fd07e5d7-2dd9-455a-a9b9-9dae4f4be123@group-73B16E30E520: changes role from      null to FOLLOWER at term 0 for startAsFollower
2022-12-06 16:25:15,526 [pool-140-thread-1] INFO  impl.RoleInfo (RoleInfo.java:updateAndGet(139)) - fd07e5d7-2dd9-455a-a9b9-9dae4f4be123: start fd07e5d7-2dd9-455a-a9b9-9dae4f4be123@group-73B16E30E520-FollowerState
2022-12-06 16:25:15,526 [pool-140-thread-1] INFO  util.JmxRegister (JmxRegister.java:tryRegister(44)) - Successfully registered JMX Bean with object name Ratis:service=RaftServer,group=group-73B16E30E520,id=fd07e5d7-2dd9-455a-a9b9-9dae4f4be123
2022-12-06 16:25:15,526 [fd07e5d7-2dd9-455a-a9b9-9dae4f4be123@group-73B16E30E520-FollowerState] INFO  server.RaftServerConfigKeys (ConfUtils.java:logFallback(53)) - raft.server.rpc.first-election.timeout.min = 5s (fallback to raft.server.rpc.timeout.min)
2022-12-06 16:25:15,526 [pool-140-thread-1] INFO  server.RaftServerConfigKeys (ConfUtils.java:logGet(46)) - raft.server.snapshot.auto.trigger.enabled = true (custom)
2022-12-06 16:25:15,526 [fd07e5d7-2dd9-455a-a9b9-9dae4f4be123@group-73B16E30E520-FollowerState] INFO  server.RaftServerConfigKeys (ConfUtils.java:logFallback(53)) - raft.server.rpc.first-election.timeout.max = 5200ms (fallback to raft.server.rpc.timeout.max)
2022-12-06 16:25:15,526 [pool-140-thread-1] INFO  server.RaftServerConfigKeys (ConfUtils.java:logGet(46)) - raft.server.snapshot.auto.trigger.threshold = 10000 (custom)
2022-12-06 16:25:15,529 [pool-140-thread-1] INFO  server.RaftServerConfigKeys (ConfUtils.java:logGet(46)) - raft.server.snapshot.retention.file.num = 5 (custom)
2022-12-06 16:25:15,529 [pool-140-thread-1] INFO  server.RaftServerConfigKeys (ConfUtils.java:logGet(46)) - raft.server.log.purge.upto.snapshot.index = false (default)
2022-12-06 16:25:15,543 [grpc-default-executor-6] INFO  server.RaftServer (RaftServerProxy.java:addNew(96)) - 592803f5-ace9-49ac-a54f-354c0e5baf2c: addNew group-73B16E30E520:[93471f04-f84a-446a-9dbd-94f45fb64b69|rpc:10.1.0.176:39615|dataStream:|priority:1|startupRole:FOLLOWER, fd07e5d7-2dd9-455a-a9b9-9dae4f4be123|rpc:10.1.0.176:45045|dataStream:|priority:0|startupRole:FOLLOWER, 592803f5-ace9-49ac-a54f-354c0e5baf2c|rpc:10.1.0.176:36049|dataStream:|priority:0|startupRole:FOLLOWER] returns group-73B16E30E520:java.util.concurrent.CompletableFuture@1cfaed3e[Not completed]
2022-12-06 16:25:15,544 [pool-186-thread-1] INFO  server.RaftServer$Division (RaftServerImpl.java:<init>(195)) - 592803f5-ace9-49ac-a54f-354c0e5baf2c: new RaftServerImpl for group-73B16E30E520:[93471f04-f84a-446a-9dbd-94f45fb64b69|rpc:10.1.0.176:39615|dataStream:|priority:1|startupRole:FOLLOWER, fd07e5d7-2dd9-455a-a9b9-9dae4f4be123|rpc:10.1.0.176:45045|dataStream:|priority:0|startupRole:FOLLOWER, 592803f5-ace9-49ac-a54f-354c0e5baf2c|rpc:10.1.0.176:36049|dataStream:|priority:0|startupRole:FOLLOWER] with ContainerStateMachine:uninitialized
2022-12-06 16:25:15,544 [pool-186-thread-1] INFO  server.RaftServerConfigKeys (ConfUtils.java:logGet(46)) - raft.server.rpc.timeout.min = 5s (custom)
2022-12-06 16:25:15,544 [pool-186-thread-1] INFO  server.RaftServerConfigKeys (ConfUtils.java:logGet(46)) - raft.server.rpc.timeout.max = 5200ms (custom)
2022-12-06 16:25:15,544 [pool-186-thread-1] INFO  server.RaftServerConfigKeys (ConfUtils.java:logGet(46)) - raft.server.rpc.sleep.time = 25ms (default)
2022-12-06 16:25:15,544 [pool-186-thread-1] INFO  server.RaftServerConfigKeys (ConfUtils.java:logGet(46)) - raft.server.rpc.slowness.timeout = 300s (custom)
2022-12-06 16:25:15,544 [pool-186-thread-1] INFO  server.RaftServerConfigKeys (ConfUtils.java:logGet(46)) - raft.server.leaderelection.leader.step-down.wait-time = 10s (default)
2022-12-06 16:25:15,544 [pool-186-thread-1] INFO  server.RaftServerConfigKeys (ConfUtils.java:logGet(46)) - raft.server.sleep.deviation.threshold = 300ms (default)
2022-12-06 16:25:15,544 [pool-186-thread-1] INFO  server.RaftServer$Division (ServerState.java:<init>(118)) - 592803f5-ace9-49ac-a54f-354c0e5baf2c@group-73B16E30E520: ConfigurationManager, init=-1: peers:[93471f04-f84a-446a-9dbd-94f45fb64b69|rpc:10.1.0.176:39615|dataStream:|priority:1|startupRole:FOLLOWER, fd07e5d7-2dd9-455a-a9b9-9dae4f4be123|rpc:10.1.0.176:45045|dataStream:|priority:0|startupRole:FOLLOWER, 592803f5-ace9-49ac-a54f-354c0e5baf2c|rpc:10.1.0.176:36049|dataStream:|priority:0|startupRole:FOLLOWER]|listeners:[], old=null, confs=<EMPTY_MAP>
2022-12-06 16:25:15,544 [pool-186-thread-1] INFO  server.RaftServerConfigKeys (ConfUtils.java:logGet(46)) - raft.server.storage.dir = [/home/runner/work/ozone/ozone/hadoop-ozone/integration-test/target/test-dir/MiniOzoneClusterImpl-ff76fcda-2f7b-42b7-aafc-07b3f4cbd752/datanode-5/data/ratis] (custom)
2022-12-06 16:25:15,545 [pool-186-thread-1] INFO  server.RaftServerConfigKeys (ConfUtils.java:logGet(46)) - raft.server.log.corruption.policy = EXCEPTION (default)
2022-12-06 16:25:15,545 [pool-186-thread-1] INFO  server.RaftServerConfigKeys (ConfUtils.java:logGet(46)) - raft.server.storage.free-space.min = 0MB (=0) (default)
2022-12-06 16:25:15,545 [pool-186-thread-1] INFO  server.RaftServerConfigKeys (ConfUtils.java:logGet(46)) - raft.server.notification.no-leader.timeout = 300s (custom)
2022-12-06 16:25:15,545 [pool-186-thread-1] INFO  server.RaftServerConfigKeys (ConfUtils.java:logGet(46)) - raft.server.retrycache.expirytime = 600000ms (custom)
2022-12-06 16:25:15,545 [pool-186-thread-1] INFO  server.RaftServerConfigKeys (ConfUtils.java:logGet(46)) - raft.server.retrycache.statistics.expirytime = 100μs (default)
2022-12-06 16:25:15,546 [pool-186-thread-1] INFO  server.RaftServerConfigKeys (ConfUtils.java:logGet(46)) - raft.server.log.appender.install.snapshot.enabled = false (custom)
2022-12-06 16:25:15,546 [pool-186-thread-1] INFO  server.RaftServerConfigKeys (ConfUtils.java:logGet(46)) - raft.server.threadpool.server.cached = true (default)
2022-12-06 16:25:15,546 [pool-186-thread-1] INFO  server.RaftServerConfigKeys (ConfUtils.java:logGet(46)) - raft.server.threadpool.server.size = 0 (default)
2022-12-06 16:25:15,546 [pool-186-thread-1] INFO  server.RaftServerConfigKeys (ConfUtils.java:logGet(46)) - raft.server.threadpool.client.cached = true (default)
2022-12-06 16:25:15,546 [pool-186-thread-1] INFO  server.RaftServerConfigKeys (ConfUtils.java:logGet(46)) - raft.server.threadpool.client.size = 0 (default)
2022-12-06 16:25:15,546 [pool-186-thread-1] INFO  storage.RaftStorageDirectory (RaftStorageDirectoryImpl.java:analyzeStorage(137)) - The storage directory /home/runner/work/ozone/ozone/hadoop-ozone/integration-test/target/test-dir/MiniOzoneClusterImpl-ff76fcda-2f7b-42b7-aafc-07b3f4cbd752/datanode-5/data/ratis/de2b41df-793e-4d7a-999f-73b16e30e520 does not exist. Creating ...
2022-12-06 16:25:15,548 [pool-186-thread-1] INFO  storage.RaftStorageDirectory (RaftStorageDirectoryImpl.java:tryLock(231)) - Lock on /home/runner/work/ozone/ozone/hadoop-ozone/integration-test/target/test-dir/MiniOzoneClusterImpl-ff76fcda-2f7b-42b7-aafc-07b3f4cbd752/datanode-5/data/ratis/de2b41df-793e-4d7a-999f-73b16e30e520/in_use.lock acquired by nodename 47636@fv-az451-158
2022-12-06 16:25:15,549 [pool-186-thread-1] INFO  storage.RaftStorage (RaftStorageImpl.java:format(96)) - Storage directory /home/runner/work/ozone/ozone/hadoop-ozone/integration-test/target/test-dir/MiniOzoneClusterImpl-ff76fcda-2f7b-42b7-aafc-07b3f4cbd752/datanode-5/data/ratis/de2b41df-793e-4d7a-999f-73b16e30e520 has been successfully formatted.
2022-12-06 16:25:15,549 [pool-186-thread-1] INFO  ratis.ContainerStateMachine (ContainerStateMachine.java:loadSnapshot(236)) - group-73B16E30E520: The snapshot info is null. Setting the last applied indexto:(t:0, i:~)
2022-12-06 16:25:15,550 [pool-186-thread-1] INFO  server.RaftServerConfigKeys (ConfUtils.java:logGet(46)) - raft.server.log.use.memory = false (default)
2022-12-06 16:25:15,550 [pool-186-thread-1] INFO  server.RaftServerConfigKeys (ConfUtils.java:logGet(46)) - raft.server.log.purge.gap = 1000000 (custom)
2022-12-06 16:25:15,550 [pool-186-thread-1] INFO  server.RaftServerConfigKeys (ConfUtils.java:logGet(46)) - raft.server.log.appender.buffer.byte-limit = 33554432 (custom)
2022-12-06 16:25:15,550 [pool-186-thread-1] INFO  server.RaftServerConfigKeys (ConfUtils.java:logGet(46)) - raft.server.log.statemachine.data.read.timeout = 1000ms (default)
2022-12-06 16:25:15,550 [pool-186-thread-1] INFO  server.RaftServerConfigKeys (ConfUtils.java:logGet(46)) - raft.server.log.purge.preservation.log.num = 0 (default)
2022-12-06 16:25:15,550 [pool-186-thread-1] INFO  server.RaftServerConfigKeys (ConfUtils.java:logGet(46)) - raft.server.log.segment.size.max = 1048576 (custom)
2022-12-06 16:25:15,550 [pool-186-thread-1] INFO  server.RaftServerConfigKeys (ConfUtils.java:logGet(46)) - raft.server.log.segment.cache.num.max = 2 (custom)
2022-12-06 16:25:15,550 [pool-186-thread-1] INFO  server.RaftServerConfigKeys (ConfUtils.java:logGet(46)) - raft.server.log.segment.cache.size.max = 200MB (=209715200) (default)
2022-12-06 16:25:15,550 [pool-186-thread-1] INFO  segmented.SegmentedRaftLogWorker (SegmentedRaftLogWorker.java:<init>(189)) - new 592803f5-ace9-49ac-a54f-354c0e5baf2c@group-73B16E30E520-SegmentedRaftLogWorker for RaftStorageImpl:Storage Directory /home/runner/work/ozone/ozone/hadoop-ozone/integration-test/target/test-dir/MiniOzoneClusterImpl-ff76fcda-2f7b-42b7-aafc-07b3f4cbd752/datanode-5/data/ratis/de2b41df-793e-4d7a-999f-73b16e30e520
2022-12-06 16:25:15,550 [pool-186-thread-1] INFO  server.RaftServerConfigKeys (ConfUtils.java:logGet(46)) - raft.server.log.queue.byte-limit = 4294967296 (custom)
2022-12-06 16:25:15,551 [pool-186-thread-1] INFO  server.RaftServerConfigKeys (ConfUtils.java:logGet(46)) - raft.server.log.queue.element-limit = 1024 (custom)
2022-12-06 16:25:15,551 [pool-186-thread-1] INFO  server.RaftServerConfigKeys (ConfUtils.java:logGet(46)) - raft.server.log.segment.size.max = 1048576 (custom)
2022-12-06 16:25:15,551 [pool-186-thread-1] INFO  server.RaftServerConfigKeys (ConfUtils.java:logGet(46)) - raft.server.log.preallocated.size = 16384 (custom)
2022-12-06 16:25:15,551 [pool-186-thread-1] INFO  server.RaftServerConfigKeys (ConfUtils.java:logGet(46)) - raft.server.log.force.sync.num = 128 (default)
2022-12-06 16:25:15,551 [EventQueue-CommandQueueReportForCommandQueueReportHandler] WARN  events.EventQueue (EventQueue.java:fireEvent(216)) - No event handler registered for event TypedEvent{payloadType=DatanodeDetails, name='Datanode_Command_Queue_Updated'}
2022-12-06 16:25:15,551 [pool-186-thread-1] INFO  server.RaftServerConfigKeys (ConfUtils.java:logGet(46)) - raft.server.log.statemachine.data.sync = true (default)
2022-12-06 16:25:15,551 [pool-186-thread-1] INFO  server.RaftServerConfigKeys (ConfUtils.java:logGet(46)) - raft.server.log.statemachine.data.sync.timeout = 10s (default)
2022-12-06 16:25:15,551 [pool-186-thread-1] INFO  server.RaftServerConfigKeys (ConfUtils.java:logGet(46)) - raft.server.log.statemachine.data.sync.timeout.retry = -1 (default)
2022-12-06 16:25:15,552 [pool-186-thread-1] INFO  server.RaftServerConfigKeys (ConfUtils.java:logGet(46)) - raft.server.log.write.buffer.size = 1048576 (custom)
2022-12-06 16:25:15,552 [pool-186-thread-1] INFO  server.RaftServerConfigKeys (ConfUtils.java:logGet(46)) - raft.server.log.appender.buffer.byte-limit = 33554432 (custom)
2022-12-06 16:25:15,557 [pool-186-thread-1] INFO  server.RaftServerConfigKeys (ConfUtils.java:logGet(46)) - raft.server.log.unsafe-flush.enabled = false (default)
2022-12-06 16:25:15,557 [pool-186-thread-1] INFO  server.RaftServerConfigKeys (ConfUtils.java:logGet(46)) - raft.server.log.async-flush.enabled = false (default)
2022-12-06 16:25:15,558 [pool-186-thread-1] INFO  server.RaftServerConfigKeys (ConfUtils.java:logGet(46)) - raft.server.log.statemachine.data.caching.enabled = true (custom)
2022-12-06 16:25:15,558 [pool-186-thread-1] INFO  segmented.SegmentedRaftLogWorker (SegmentedRaftLogWorker.java:lambda$new$0(135)) - 592803f5-ace9-49ac-a54f-354c0e5baf2c@group-73B16E30E520-SegmentedRaftLogWorker: flushIndex: setUnconditionally 0 -> -1
2022-12-06 16:25:15,558 [pool-186-thread-1] INFO  segmented.SegmentedRaftLogWorker (SegmentedRaftLogWorker.java:lambda$new$0(135)) - 592803f5-ace9-49ac-a54f-354c0e5baf2c@group-73B16E30E520-SegmentedRaftLogWorker: safeCacheEvictIndex: setUnconditionally 0 -> -1
2022-12-06 16:25:15,558 [pool-186-thread-1] INFO  server.RaftServer$Division (RaftServerImpl.java:start(334)) - 592803f5-ace9-49ac-a54f-354c0e5baf2c@group-73B16E30E520: start as a follower, conf=-1: peers:[93471f04-f84a-446a-9dbd-94f45fb64b69|rpc:10.1.0.176:39615|dataStream:|priority:1|startupRole:FOLLOWER, fd07e5d7-2dd9-455a-a9b9-9dae4f4be123|rpc:10.1.0.176:45045|dataStream:|priority:0|startupRole:FOLLOWER, 592803f5-ace9-49ac-a54f-354c0e5baf2c|rpc:10.1.0.176:36049|dataStream:|priority:0|startupRole:FOLLOWER]|listeners:[], old=null
2022-12-06 16:25:15,558 [pool-186-thread-1] INFO  server.RaftServer$Division (RaftServerImpl.java:setRole(321)) - 592803f5-ace9-49ac-a54f-354c0e5baf2c@group-73B16E30E520: changes role from      null to FOLLOWER at term 0 for startAsFollower
2022-12-06 16:25:15,558 [pool-186-thread-1] INFO  impl.RoleInfo (RoleInfo.java:updateAndGet(139)) - 592803f5-ace9-49ac-a54f-354c0e5baf2c: start 592803f5-ace9-49ac-a54f-354c0e5baf2c@group-73B16E30E520-FollowerState
2022-12-06 16:25:15,558 [pool-186-thread-1] INFO  util.JmxRegister (JmxRegister.java:tryRegister(44)) - Successfully registered JMX Bean with object name Ratis:service=RaftServer,group=group-73B16E30E520,id=592803f5-ace9-49ac-a54f-354c0e5baf2c
2022-12-06 16:25:15,558 [pool-186-thread-1] INFO  server.RaftServerConfigKeys (ConfUtils.java:logGet(46)) - raft.server.snapshot.auto.trigger.enabled = true (custom)
2022-12-06 16:25:15,558 [pool-186-thread-1] INFO  server.RaftServerConfigKeys (ConfUtils.java:logGet(46)) - raft.server.snapshot.auto.trigger.threshold = 10000 (custom)
2022-12-06 16:25:15,558 [pool-186-thread-1] INFO  server.RaftServerConfigKeys (ConfUtils.java:logGet(46)) - raft.server.snapshot.retention.file.num = 5 (custom)
2022-12-06 16:25:15,558 [pool-186-thread-1] INFO  server.RaftServerConfigKeys (ConfUtils.java:logGet(46)) - raft.server.log.purge.upto.snapshot.index = false (default)
2022-12-06 16:25:15,559 [EventQueue-CommandQueueReportForCommandQueueReportHandler] WARN  events.EventQueue (EventQueue.java:fireEvent(216)) - No event handler registered for event TypedEvent{payloadType=DatanodeDetails, name='Datanode_Command_Queue_Updated'}
2022-12-06 16:25:15,559 [592803f5-ace9-49ac-a54f-354c0e5baf2c@group-73B16E30E520-FollowerState] INFO  server.RaftServerConfigKeys (ConfUtils.java:logFallback(53)) - raft.server.rpc.first-election.timeout.min = 5s (fallback to raft.server.rpc.timeout.min)
2022-12-06 16:25:15,559 [592803f5-ace9-49ac-a54f-354c0e5baf2c@group-73B16E30E520-FollowerState] INFO  server.RaftServerConfigKeys (ConfUtils.java:logFallback(53)) - raft.server.rpc.first-election.timeout.max = 5200ms (fallback to raft.server.rpc.timeout.max)
2022-12-06 16:25:15,567 [Command processor thread] INFO  commandhandler.CreatePipelineCommandHandler (CreatePipelineCommandHandler.java:handle(113)) - Created Pipeline RATIS THREE PipelineID=de2b41df-793e-4d7a-999f-73b16e30e520.
2022-12-06 16:25:15,567 [Command processor thread] INFO  server.RaftServer (RaftServerProxy.java:addNew(96)) - 93471f04-f84a-446a-9dbd-94f45fb64b69: addNew group-FFC8E6C97F07:[93471f04-f84a-446a-9dbd-94f45fb64b69|rpc:10.1.0.176:39615|priority:0|startupRole:FOLLOWER, fd07e5d7-2dd9-455a-a9b9-9dae4f4be123|rpc:10.1.0.176:45045|priority:1|startupRole:FOLLOWER, 592803f5-ace9-49ac-a54f-354c0e5baf2c|rpc:10.1.0.176:36049|priority:0|startupRole:FOLLOWER] returns group-FFC8E6C97F07:java.util.concurrent.CompletableFuture@1772ad9a[Not completed]
2022-12-06 16:25:15,568 [pool-400-thread-1] INFO  server.RaftServer$Division (RaftServerImpl.java:<init>(195)) - 93471f04-f84a-446a-9dbd-94f45fb64b69: new RaftServerImpl for group-FFC8E6C97F07:[93471f04-f84a-446a-9dbd-94f45fb64b69|rpc:10.1.0.176:39615|priority:0|startupRole:FOLLOWER, fd07e5d7-2dd9-455a-a9b9-9dae4f4be123|rpc:10.1.0.176:45045|priority:1|startupRole:FOLLOWER, 592803f5-ace9-49ac-a54f-354c0e5baf2c|rpc:10.1.0.176:36049|priority:0|startupRole:FOLLOWER] with ContainerStateMachine:uninitialized
2022-12-06 16:25:15,568 [pool-400-thread-1] INFO  server.RaftServerConfigKeys (ConfUtils.java:logGet(46)) - raft.server.rpc.timeout.min = 5s (custom)
2022-12-06 16:25:15,568 [pool-400-thread-1] INFO  server.RaftServerConfigKeys (ConfUtils.java:logGet(46)) - raft.server.rpc.timeout.max = 5200ms (custom)
2022-12-06 16:25:15,568 [pool-400-thread-1] INFO  server.RaftServerConfigKeys (ConfUtils.java:logGet(46)) - raft.server.rpc.sleep.time = 25ms (default)
2022-12-06 16:25:15,568 [pool-400-thread-1] INFO  server.RaftServerConfigKeys (ConfUtils.java:logGet(46)) - raft.server.rpc.slowness.timeout = 300s (custom)
2022-12-06 16:25:15,568 [pool-400-thread-1] INFO  server.RaftServerConfigKeys (ConfUtils.java:logGet(46)) - raft.server.leaderelection.leader.step-down.wait-time = 10s (default)
2022-12-06 16:25:15,568 [pool-400-thread-1] INFO  server.RaftServerConfigKeys (ConfUtils.java:logGet(46)) - raft.server.sleep.deviation.threshold = 300ms (default)
2022-12-06 16:25:15,568 [pool-400-thread-1] INFO  server.RaftServer$Division (ServerState.java:<init>(118)) - 93471f04-f84a-446a-9dbd-94f45fb64b69@group-FFC8E6C97F07: ConfigurationManager, init=-1: peers:[93471f04-f84a-446a-9dbd-94f45fb64b69|rpc:10.1.0.176:39615|priority:0|startupRole:FOLLOWER, fd07e5d7-2dd9-455a-a9b9-9dae4f4be123|rpc:10.1.0.176:45045|priority:1|startupRole:FOLLOWER, 592803f5-ace9-49ac-a54f-354c0e5baf2c|rpc:10.1.0.176:36049|priority:0|startupRole:FOLLOWER]|listeners:[], old=null, confs=<EMPTY_MAP>
2022-12-06 16:25:15,568 [pool-400-thread-1] INFO  server.RaftServerConfigKeys (ConfUtils.java:logGet(46)) - raft.server.storage.dir = [/home/runner/work/ozone/ozone/hadoop-ozone/integration-test/target/test-dir/MiniOzoneClusterImpl-ff76fcda-2f7b-42b7-aafc-07b3f4cbd752/datanode-4/data/ratis] (custom)
2022-12-06 16:25:15,569 [pool-400-thread-1] INFO  server.RaftServerConfigKeys (ConfUtils.java:logGet(46)) - raft.server.log.corruption.policy = EXCEPTION (default)
2022-12-06 16:25:15,569 [pool-400-thread-1] INFO  server.RaftServerConfigKeys (ConfUtils.java:logGet(46)) - raft.server.storage.free-space.min = 0MB (=0) (default)
2022-12-06 16:25:15,569 [pool-400-thread-1] INFO  server.RaftServerConfigKeys (ConfUtils.java:logGet(46)) - raft.server.notification.no-leader.timeout = 300s (custom)
2022-12-06 16:25:15,569 [pool-400-thread-1] INFO  server.RaftServerConfigKeys (ConfUtils.java:logGet(46)) - raft.server.retrycache.expirytime = 600000ms (custom)
2022-12-06 16:25:15,569 [pool-400-thread-1] INFO  server.RaftServerConfigKeys (ConfUtils.java:logGet(46)) - raft.server.retrycache.statistics.expirytime = 100μs (default)
2022-12-06 16:25:15,569 [pool-400-thread-1] INFO  server.RaftServerConfigKeys (ConfUtils.java:logGet(46)) - raft.server.log.appender.install.snapshot.enabled = false (custom)
2022-12-06 16:25:15,570 [pool-400-thread-1] INFO  server.RaftServerConfigKeys (ConfUtils.java:logGet(46)) - raft.server.threadpool.server.cached = true (default)
2022-12-06 16:25:15,570 [pool-400-thread-1] INFO  server.RaftServerConfigKeys (ConfUtils.java:logGet(46)) - raft.server.threadpool.server.size = 0 (default)
2022-12-06 16:25:15,570 [pool-400-thread-1] INFO  server.RaftServerConfigKeys (ConfUtils.java:logGet(46)) - raft.server.threadpool.client.cached = true (default)
2022-12-06 16:25:15,570 [pool-400-thread-1] INFO  server.RaftServerConfigKeys (ConfUtils.java:logGet(46)) - raft.server.threadpool.client.size = 0 (default)
2022-12-06 16:25:15,570 [pool-400-thread-1] INFO  storage.RaftStorageDirectory (RaftStorageDirectoryImpl.java:analyzeStorage(137)) - The storage directory /home/runner/work/ozone/ozone/hadoop-ozone/integration-test/target/test-dir/MiniOzoneClusterImpl-ff76fcda-2f7b-42b7-aafc-07b3f4cbd752/datanode-4/data/ratis/e381f118-adaf-4fd4-afdc-ffc8e6c97f07 does not exist. Creating ...
2022-12-06 16:25:15,571 [pool-400-thread-1] INFO  storage.RaftStorageDirectory (RaftStorageDirectoryImpl.java:tryLock(231)) - Lock on /home/runner/work/ozone/ozone/hadoop-ozone/integration-test/target/test-dir/MiniOzoneClusterImpl-ff76fcda-2f7b-42b7-aafc-07b3f4cbd752/datanode-4/data/ratis/e381f118-adaf-4fd4-afdc-ffc8e6c97f07/in_use.lock acquired by nodename 47636@fv-az451-158
2022-12-06 16:25:15,573 [pool-400-thread-1] INFO  storage.RaftStorage (RaftStorageImpl.java:format(96)) - Storage directory /home/runner/work/ozone/ozone/hadoop-ozone/integration-test/target/test-dir/MiniOzoneClusterImpl-ff76fcda-2f7b-42b7-aafc-07b3f4cbd752/datanode-4/data/ratis/e381f118-adaf-4fd4-afdc-ffc8e6c97f07 has been successfully formatted.
2022-12-06 16:25:15,573 [pool-400-thread-1] INFO  ratis.ContainerStateMachine (ContainerStateMachine.java:loadSnapshot(236)) - group-FFC8E6C97F07: The snapshot info is null. Setting the last applied indexto:(t:0, i:~)
2022-12-06 16:25:15,574 [pool-400-thread-1] INFO  server.RaftServerConfigKeys (ConfUtils.java:logGet(46)) - raft.server.log.use.memory = false (default)
2022-12-06 16:25:15,574 [pool-400-thread-1] INFO  server.RaftServerConfigKeys (ConfUtils.java:logGet(46)) - raft.server.log.purge.gap = 1000000 (custom)
2022-12-06 16:25:15,574 [pool-400-thread-1] INFO  server.RaftServerConfigKeys (ConfUtils.java:logGet(46)) - raft.server.log.appender.buffer.byte-limit = 33554432 (custom)
2022-12-06 16:25:15,574 [pool-400-thread-1] INFO  server.RaftServerConfigKeys (ConfUtils.java:logGet(46)) - raft.server.log.statemachine.data.read.timeout = 1000ms (default)
2022-12-06 16:25:15,574 [pool-400-thread-1] INFO  server.RaftServerConfigKeys (ConfUtils.java:logGet(46)) - raft.server.log.purge.preservation.log.num = 0 (default)
2022-12-06 16:25:15,574 [EventQueue-CommandQueueReportForCommandQueueReportHandler] WARN  events.EventQueue (EventQueue.java:fireEvent(216)) - No event handler registered for event TypedEvent{payloadType=DatanodeDetails, name='Datanode_Command_Queue_Updated'}
2022-12-06 16:25:15,574 [pool-400-thread-1] INFO  server.RaftServerConfigKeys (ConfUtils.java:logGet(46)) - raft.server.log.segment.size.max = 1048576 (custom)
2022-12-06 16:25:15,574 [pool-400-thread-1] INFO  server.RaftServerConfigKeys (ConfUtils.java:logGet(46)) - raft.server.log.segment.cache.num.max = 2 (custom)
2022-12-06 16:25:15,574 [pool-400-thread-1] INFO  server.RaftServerConfigKeys (ConfUtils.java:logGet(46)) - raft.server.log.segment.cache.size.max = 200MB (=209715200) (default)
2022-12-06 16:25:15,574 [pool-400-thread-1] INFO  segmented.SegmentedRaftLogWorker (SegmentedRaftLogWorker.java:<init>(189)) - new 93471f04-f84a-446a-9dbd-94f45fb64b69@group-FFC8E6C97F07-SegmentedRaftLogWorker for RaftStorageImpl:Storage Directory /home/runner/work/ozone/ozone/hadoop-ozone/integration-test/target/test-dir/MiniOzoneClusterImpl-ff76fcda-2f7b-42b7-aafc-07b3f4cbd752/datanode-4/data/ratis/e381f118-adaf-4fd4-afdc-ffc8e6c97f07
2022-12-06 16:25:15,575 [pool-400-thread-1] INFO  server.RaftServerConfigKeys (ConfUtils.java:logGet(46)) - raft.server.log.queue.byte-limit = 4294967296 (custom)
2022-12-06 16:25:15,575 [pool-400-thread-1] INFO  server.RaftServerConfigKeys (ConfUtils.java:logGet(46)) - raft.server.log.queue.element-limit = 1024 (custom)
2022-12-06 16:25:15,575 [pool-400-thread-1] INFO  server.RaftServerConfigKeys (ConfUtils.java:logGet(46)) - raft.server.log.segment.size.max = 1048576 (custom)
2022-12-06 16:25:15,575 [pool-400-thread-1] INFO  server.RaftServerConfigKeys (ConfUtils.java:logGet(46)) - raft.server.log.preallocated.size = 16384 (custom)
2022-12-06 16:25:15,575 [pool-400-thread-1] INFO  server.RaftServerConfigKeys (ConfUtils.java:logGet(46)) - raft.server.log.force.sync.num = 128 (default)
2022-12-06 16:25:15,575 [pool-400-thread-1] INFO  server.RaftServerConfigKeys (ConfUtils.java:logGet(46)) - raft.server.log.statemachine.data.sync = true (default)
2022-12-06 16:25:15,575 [pool-400-thread-1] INFO  server.RaftServerConfigKeys (ConfUtils.java:logGet(46)) - raft.server.log.statemachine.data.sync.timeout = 10s (default)
2022-12-06 16:25:15,575 [pool-400-thread-1] INFO  server.RaftServerConfigKeys (ConfUtils.java:logGet(46)) - raft.server.log.statemachine.data.sync.timeout.retry = -1 (default)
2022-12-06 16:25:15,575 [pool-400-thread-1] INFO  server.RaftServerConfigKeys (ConfUtils.java:logGet(46)) - raft.server.log.write.buffer.size = 1048576 (custom)
2022-12-06 16:25:15,576 [pool-400-thread-1] INFO  server.RaftServerConfigKeys (ConfUtils.java:logGet(46)) - raft.server.log.appender.buffer.byte-limit = 33554432 (custom)
2022-12-06 16:25:15,582 [pool-400-thread-1] INFO  server.RaftServerConfigKeys (ConfUtils.java:logGet(46)) - raft.server.log.unsafe-flush.enabled = false (default)
2022-12-06 16:25:15,582 [pool-400-thread-1] INFO  server.RaftServerConfigKeys (ConfUtils.java:logGet(46)) - raft.server.log.async-flush.enabled = false (default)
2022-12-06 16:25:15,582 [pool-400-thread-1] INFO  server.RaftServerConfigKeys (ConfUtils.java:logGet(46)) - raft.server.log.statemachine.data.caching.enabled = true (custom)
2022-12-06 16:25:15,582 [pool-400-thread-1] INFO  segmented.SegmentedRaftLogWorker (SegmentedRaftLogWorker.java:lambda$new$0(135)) - 93471f04-f84a-446a-9dbd-94f45fb64b69@group-FFC8E6C97F07-SegmentedRaftLogWorker: flushIndex: setUnconditionally 0 -> -1
2022-12-06 16:25:15,582 [pool-400-thread-1] INFO  segmented.SegmentedRaftLogWorker (SegmentedRaftLogWorker.java:lambda$new$0(135)) - 93471f04-f84a-446a-9dbd-94f45fb64b69@group-FFC8E6C97F07-SegmentedRaftLogWorker: safeCacheEvictIndex: setUnconditionally 0 -> -1
2022-12-06 16:25:15,582 [pool-400-thread-1] INFO  server.RaftServer$Division (RaftServerImpl.java:start(334)) - 93471f04-f84a-446a-9dbd-94f45fb64b69@group-FFC8E6C97F07: start as a follower, conf=-1: peers:[93471f04-f84a-446a-9dbd-94f45fb64b69|rpc:10.1.0.176:39615|priority:0|startupRole:FOLLOWER, fd07e5d7-2dd9-455a-a9b9-9dae4f4be123|rpc:10.1.0.176:45045|priority:1|startupRole:FOLLOWER, 592803f5-ace9-49ac-a54f-354c0e5baf2c|rpc:10.1.0.176:36049|priority:0|startupRole:FOLLOWER]|listeners:[], old=null
2022-12-06 16:25:15,582 [pool-400-thread-1] INFO  server.RaftServer$Division (RaftServerImpl.java:setRole(321)) - 93471f04-f84a-446a-9dbd-94f45fb64b69@group-FFC8E6C97F07: changes role from      null to FOLLOWER at term 0 for startAsFollower
2022-12-06 16:25:15,583 [pool-400-thread-1] INFO  impl.RoleInfo (RoleInfo.java:updateAndGet(139)) - 93471f04-f84a-446a-9dbd-94f45fb64b69: start 93471f04-f84a-446a-9dbd-94f45fb64b69@group-FFC8E6C97F07-FollowerState
2022-12-06 16:25:15,586 [pool-400-thread-1] INFO  util.JmxRegister (JmxRegister.java:tryRegister(44)) - Successfully registered JMX Bean with object name Ratis:service=RaftServer,group=group-FFC8E6C97F07,id=93471f04-f84a-446a-9dbd-94f45fb64b69
2022-12-06 16:25:15,586 [pool-400-thread-1] INFO  server.RaftServerConfigKeys (ConfUtils.java:logGet(46)) - raft.server.snapshot.auto.trigger.enabled = true (custom)
2022-12-06 16:25:15,586 [pool-400-thread-1] INFO  server.RaftServerConfigKeys (ConfUtils.java:logGet(46)) - raft.server.snapshot.auto.trigger.threshold = 10000 (custom)
2022-12-06 16:25:15,586 [pool-400-thread-1] INFO  server.RaftServerConfigKeys (ConfUtils.java:logGet(46)) - raft.server.snapshot.retention.file.num = 5 (custom)
2022-12-06 16:25:15,586 [pool-400-thread-1] INFO  server.RaftServerConfigKeys (ConfUtils.java:logGet(46)) - raft.server.log.purge.upto.snapshot.index = false (default)
2022-12-06 16:25:15,587 [93471f04-f84a-446a-9dbd-94f45fb64b69@group-FFC8E6C97F07-FollowerState] INFO  server.RaftServerConfigKeys (ConfUtils.java:logFallback(53)) - raft.server.rpc.first-election.timeout.min = 5s (fallback to raft.server.rpc.timeout.min)
2022-12-06 16:25:15,587 [93471f04-f84a-446a-9dbd-94f45fb64b69@group-FFC8E6C97F07-FollowerState] INFO  server.RaftServerConfigKeys (ConfUtils.java:logFallback(53)) - raft.server.rpc.first-election.timeout.max = 5200ms (fallback to raft.server.rpc.timeout.max)
2022-12-06 16:25:15,589 [Command processor thread] INFO  ratis.XceiverServerRatis (XceiverServerRatis.java:addGroup(765)) - Created group PipelineID=e381f118-adaf-4fd4-afdc-ffc8e6c97f07
2022-12-06 16:25:15,600 [grpc-default-executor-6] INFO  server.RaftServer (RaftServerProxy.java:addNew(96)) - fd07e5d7-2dd9-455a-a9b9-9dae4f4be123: addNew group-FFC8E6C97F07:[93471f04-f84a-446a-9dbd-94f45fb64b69|rpc:10.1.0.176:39615|dataStream:|priority:0|startupRole:FOLLOWER, fd07e5d7-2dd9-455a-a9b9-9dae4f4be123|rpc:10.1.0.176:45045|dataStream:|priority:1|startupRole:FOLLOWER, 592803f5-ace9-49ac-a54f-354c0e5baf2c|rpc:10.1.0.176:36049|dataStream:|priority:0|startupRole:FOLLOWER] returns group-FFC8E6C97F07:java.util.concurrent.CompletableFuture@33a1a994[Not completed]
2022-12-06 16:25:15,601 [pool-140-thread-1] INFO  server.RaftServer$Division (RaftServerImpl.java:<init>(195)) - fd07e5d7-2dd9-455a-a9b9-9dae4f4be123: new RaftServerImpl for group-FFC8E6C97F07:[93471f04-f84a-446a-9dbd-94f45fb64b69|rpc:10.1.0.176:39615|dataStream:|priority:0|startupRole:FOLLOWER, fd07e5d7-2dd9-455a-a9b9-9dae4f4be123|rpc:10.1.0.176:45045|dataStream:|priority:1|startupRole:FOLLOWER, 592803f5-ace9-49ac-a54f-354c0e5baf2c|rpc:10.1.0.176:36049|dataStream:|priority:0|startupRole:FOLLOWER] with ContainerStateMachine:uninitialized
2022-12-06 16:25:15,601 [pool-140-thread-1] INFO  server.RaftServerConfigKeys (ConfUtils.java:logGet(46)) - raft.server.rpc.timeout.min = 5s (custom)
2022-12-06 16:25:15,601 [pool-140-thread-1] INFO  server.RaftServerConfigKeys (ConfUtils.java:logGet(46)) - raft.server.rpc.timeout.max = 5200ms (custom)
2022-12-06 16:25:15,601 [pool-140-thread-1] INFO  server.RaftServerConfigKeys (ConfUtils.java:logGet(46)) - raft.server.rpc.sleep.time = 25ms (default)
2022-12-06 16:25:15,601 [pool-140-thread-1] INFO  server.RaftServerConfigKeys (ConfUtils.java:logGet(46)) - raft.server.rpc.slowness.timeout = 300s (custom)
2022-12-06 16:25:15,601 [pool-140-thread-1] INFO  server.RaftServerConfigKeys (ConfUtils.java:logGet(46)) - raft.server.leaderelection.leader.step-down.wait-time = 10s (default)
2022-12-06 16:25:15,601 [pool-140-thread-1] INFO  server.RaftServerConfigKeys (ConfUtils.java:logGet(46)) - raft.server.sleep.deviation.threshold = 300ms (default)
2022-12-06 16:25:15,601 [pool-140-thread-1] INFO  server.RaftServer$Division (ServerState.java:<init>(118)) - fd07e5d7-2dd9-455a-a9b9-9dae4f4be123@group-FFC8E6C97F07: ConfigurationManager, init=-1: peers:[93471f04-f84a-446a-9dbd-94f45fb64b69|rpc:10.1.0.176:39615|dataStream:|priority:0|startupRole:FOLLOWER, fd07e5d7-2dd9-455a-a9b9-9dae4f4be123|rpc:10.1.0.176:45045|dataStream:|priority:1|startupRole:FOLLOWER, 592803f5-ace9-49ac-a54f-354c0e5baf2c|rpc:10.1.0.176:36049|dataStream:|priority:0|startupRole:FOLLOWER]|listeners:[], old=null, confs=<EMPTY_MAP>
2022-12-06 16:25:15,601 [pool-140-thread-1] INFO  server.RaftServerConfigKeys (ConfUtils.java:logGet(46)) - raft.server.storage.dir = [/home/runner/work/ozone/ozone/hadoop-ozone/integration-test/target/test-dir/MiniOzoneClusterImpl-ff76fcda-2f7b-42b7-aafc-07b3f4cbd752/datanode-3/data/ratis] (custom)
2022-12-06 16:25:15,601 [pool-140-thread-1] INFO  server.RaftServerConfigKeys (ConfUtils.java:logGet(46)) - raft.server.log.corruption.policy = EXCEPTION (default)
2022-12-06 16:25:15,601 [pool-140-thread-1] INFO  server.RaftServerConfigKeys (ConfUtils.java:logGet(46)) - raft.server.storage.free-space.min = 0MB (=0) (default)
2022-12-06 16:25:15,601 [pool-140-thread-1] INFO  server.RaftServerConfigKeys (ConfUtils.java:logGet(46)) - raft.server.notification.no-leader.timeout = 300s (custom)
2022-12-06 16:25:15,601 [pool-140-thread-1] INFO  server.RaftServerConfigKeys (ConfUtils.java:logGet(46)) - raft.server.retrycache.expirytime = 600000ms (custom)
2022-12-06 16:25:15,601 [pool-140-thread-1] INFO  server.RaftServerConfigKeys (ConfUtils.java:logGet(46)) - raft.server.retrycache.statistics.expirytime = 100μs (default)
2022-12-06 16:25:15,602 [pool-140-thread-1] INFO  server.RaftServerConfigKeys (ConfUtils.java:logGet(46)) - raft.server.log.appender.install.snapshot.enabled = false (custom)
2022-12-06 16:25:15,602 [pool-140-thread-1] INFO  server.RaftServerConfigKeys (ConfUtils.java:logGet(46)) - raft.server.threadpool.server.cached = true (default)
2022-12-06 16:25:15,602 [pool-140-thread-1] INFO  server.RaftServerConfigKeys (ConfUtils.java:logGet(46)) - raft.server.threadpool.server.size = 0 (default)
2022-12-06 16:25:15,602 [pool-140-thread-1] INFO  server.RaftServerConfigKeys (ConfUtils.java:logGet(46)) - raft.server.threadpool.client.cached = true (default)
2022-12-06 16:25:15,602 [pool-140-thread-1] INFO  server.RaftServerConfigKeys (ConfUtils.java:logGet(46)) - raft.server.threadpool.client.size = 0 (default)
2022-12-06 16:25:15,603 [pool-140-thread-1] INFO  storage.RaftStorageDirectory (RaftStorageDirectoryImpl.java:analyzeStorage(137)) - The storage directory /home/runner/work/ozone/ozone/hadoop-ozone/integration-test/target/test-dir/MiniOzoneClusterImpl-ff76fcda-2f7b-42b7-aafc-07b3f4cbd752/datanode-3/data/ratis/e381f118-adaf-4fd4-afdc-ffc8e6c97f07 does not exist. Creating ...
2022-12-06 16:25:15,604 [pool-140-thread-1] INFO  storage.RaftStorageDirectory (RaftStorageDirectoryImpl.java:tryLock(231)) - Lock on /home/runner/work/ozone/ozone/hadoop-ozone/integration-test/target/test-dir/MiniOzoneClusterImpl-ff76fcda-2f7b-42b7-aafc-07b3f4cbd752/datanode-3/data/ratis/e381f118-adaf-4fd4-afdc-ffc8e6c97f07/in_use.lock acquired by nodename 47636@fv-az451-158
2022-12-06 16:25:15,605 [pool-140-thread-1] INFO  storage.RaftStorage (RaftStorageImpl.java:format(96)) - Storage directory /home/runner/work/ozone/ozone/hadoop-ozone/integration-test/target/test-dir/MiniOzoneClusterImpl-ff76fcda-2f7b-42b7-aafc-07b3f4cbd752/datanode-3/data/ratis/e381f118-adaf-4fd4-afdc-ffc8e6c97f07 has been successfully formatted.
2022-12-06 16:25:15,607 [pool-140-thread-1] INFO  ratis.ContainerStateMachine (ContainerStateMachine.java:loadSnapshot(236)) - group-FFC8E6C97F07: The snapshot info is null. Setting the last applied indexto:(t:0, i:~)
2022-12-06 16:25:15,607 [pool-140-thread-1] INFO  server.RaftServerConfigKeys (ConfUtils.java:logGet(46)) - raft.server.log.use.memory = false (default)
2022-12-06 16:25:15,607 [pool-140-thread-1] INFO  server.RaftServerConfigKeys (ConfUtils.java:logGet(46)) - raft.server.log.purge.gap = 1000000 (custom)
2022-12-06 16:25:15,607 [EventQueue-CommandQueueReportForCommandQueueReportHandler] WARN  events.EventQueue (EventQueue.java:fireEvent(216)) - No event handler registered for event TypedEvent{payloadType=DatanodeDetails, name='Datanode_Command_Queue_Updated'}
2022-12-06 16:25:15,607 [pool-140-thread-1] INFO  server.RaftServerConfigKeys (ConfUtils.java:logGet(46)) - raft.server.log.appender.buffer.byte-limit = 33554432 (custom)
2022-12-06 16:25:15,607 [pool-140-thread-1] INFO  server.RaftServerConfigKeys (ConfUtils.java:logGet(46)) - raft.server.log.statemachine.data.read.timeout = 1000ms (default)
2022-12-06 16:25:15,607 [pool-140-thread-1] INFO  server.RaftServerConfigKeys (ConfUtils.java:logGet(46)) - raft.server.log.purge.preservation.log.num = 0 (default)
2022-12-06 16:25:15,608 [pool-140-thread-1] INFO  server.RaftServerConfigKeys (ConfUtils.java:logGet(46)) - raft.server.log.segment.size.max = 1048576 (custom)
2022-12-06 16:25:15,608 [pool-140-thread-1] INFO  server.RaftServerConfigKeys (ConfUtils.java:logGet(46)) - raft.server.log.segment.cache.num.max = 2 (custom)
2022-12-06 16:25:15,608 [pool-140-thread-1] INFO  server.RaftServerConfigKeys (ConfUtils.java:logGet(46)) - raft.server.log.segment.cache.size.max = 200MB (=209715200) (default)
2022-12-06 16:25:15,608 [pool-140-thread-1] INFO  segmented.SegmentedRaftLogWorker (SegmentedRaftLogWorker.java:<init>(189)) - new fd07e5d7-2dd9-455a-a9b9-9dae4f4be123@group-FFC8E6C97F07-SegmentedRaftLogWorker for RaftStorageImpl:Storage Directory /home/runner/work/ozone/ozone/hadoop-ozone/integration-test/target/test-dir/MiniOzoneClusterImpl-ff76fcda-2f7b-42b7-aafc-07b3f4cbd752/datanode-3/data/ratis/e381f118-adaf-4fd4-afdc-ffc8e6c97f07
2022-12-06 16:25:15,608 [pool-140-thread-1] INFO  server.RaftServerConfigKeys (ConfUtils.java:logGet(46)) - raft.server.log.queue.byte-limit = 4294967296 (custom)
2022-12-06 16:25:15,608 [pool-140-thread-1] INFO  server.RaftServerConfigKeys (ConfUtils.java:logGet(46)) - raft.server.log.queue.element-limit = 1024 (custom)
2022-12-06 16:25:15,608 [pool-140-thread-1] INFO  server.RaftServerConfigKeys (ConfUtils.java:logGet(46)) - raft.server.log.segment.size.max = 1048576 (custom)
2022-12-06 16:25:15,608 [pool-140-thread-1] INFO  server.RaftServerConfigKeys (ConfUtils.java:logGet(46)) - raft.server.log.preallocated.size = 16384 (custom)
2022-12-06 16:25:15,608 [pool-140-thread-1] INFO  server.RaftServerConfigKeys (ConfUtils.java:logGet(46)) - raft.server.log.force.sync.num = 128 (default)
2022-12-06 16:25:15,608 [pool-140-thread-1] INFO  server.RaftServerConfigKeys (ConfUtils.java:logGet(46)) - raft.server.log.statemachine.data.sync = true (default)
2022-12-06 16:25:15,608 [pool-140-thread-1] INFO  server.RaftServerConfigKeys (ConfUtils.java:logGet(46)) - raft.server.log.statemachine.data.sync.timeout = 10s (default)
2022-12-06 16:25:15,608 [pool-140-thread-1] INFO  server.RaftServerConfigKeys (ConfUtils.java:logGet(46)) - raft.server.log.statemachine.data.sync.timeout.retry = -1 (default)
2022-12-06 16:25:15,609 [pool-140-thread-1] INFO  server.RaftServerConfigKeys (ConfUtils.java:logGet(46)) - raft.server.log.write.buffer.size = 1048576 (custom)
2022-12-06 16:25:15,610 [pool-140-thread-1] INFO  server.RaftServerConfigKeys (ConfUtils.java:logGet(46)) - raft.server.log.appender.buffer.byte-limit = 33554432 (custom)
2022-12-06 16:25:15,615 [pool-140-thread-1] INFO  server.RaftServerConfigKeys (ConfUtils.java:logGet(46)) - raft.server.log.unsafe-flush.enabled = false (default)
2022-12-06 16:25:15,616 [pool-140-thread-1] INFO  server.RaftServerConfigKeys (ConfUtils.java:logGet(46)) - raft.server.log.async-flush.enabled = false (default)
2022-12-06 16:25:15,616 [pool-140-thread-1] INFO  server.RaftServerConfigKeys (ConfUtils.java:logGet(46)) - raft.server.log.statemachine.data.caching.enabled = true (custom)
2022-12-06 16:25:15,618 [pool-140-thread-1] INFO  segmented.SegmentedRaftLogWorker (SegmentedRaftLogWorker.java:lambda$new$0(135)) - fd07e5d7-2dd9-455a-a9b9-9dae4f4be123@group-FFC8E6C97F07-SegmentedRaftLogWorker: flushIndex: setUnconditionally 0 -> -1
2022-12-06 16:25:15,618 [pool-140-thread-1] INFO  segmented.SegmentedRaftLogWorker (SegmentedRaftLogWorker.java:lambda$new$0(135)) - fd07e5d7-2dd9-455a-a9b9-9dae4f4be123@group-FFC8E6C97F07-SegmentedRaftLogWorker: safeCacheEvictIndex: setUnconditionally 0 -> -1
2022-12-06 16:25:15,619 [pool-140-thread-1] INFO  server.RaftServer$Division (RaftServerImpl.java:start(334)) - fd07e5d7-2dd9-455a-a9b9-9dae4f4be123@group-FFC8E6C97F07: start as a follower, conf=-1: peers:[93471f04-f84a-446a-9dbd-94f45fb64b69|rpc:10.1.0.176:39615|dataStream:|priority:0|startupRole:FOLLOWER, fd07e5d7-2dd9-455a-a9b9-9dae4f4be123|rpc:10.1.0.176:45045|dataStream:|priority:1|startupRole:FOLLOWER, 592803f5-ace9-49ac-a54f-354c0e5baf2c|rpc:10.1.0.176:36049|dataStream:|priority:0|startupRole:FOLLOWER]|listeners:[], old=null
2022-12-06 16:25:15,619 [pool-140-thread-1] INFO  server.RaftServer$Division (RaftServerImpl.java:setRole(321)) - fd07e5d7-2dd9-455a-a9b9-9dae4f4be123@group-FFC8E6C97F07: changes role from      null to FOLLOWER at term 0 for startAsFollower
2022-12-06 16:25:15,619 [pool-140-thread-1] INFO  impl.RoleInfo (RoleInfo.java:updateAndGet(139)) - fd07e5d7-2dd9-455a-a9b9-9dae4f4be123: start fd07e5d7-2dd9-455a-a9b9-9dae4f4be123@group-FFC8E6C97F07-FollowerState
2022-12-06 16:25:15,622 [pool-140-thread-1] INFO  util.JmxRegister (JmxRegister.java:tryRegister(44)) - Successfully registered JMX Bean with object name Ratis:service=RaftServer,group=group-FFC8E6C97F07,id=fd07e5d7-2dd9-455a-a9b9-9dae4f4be123
2022-12-06 16:25:15,622 [pool-140-thread-1] INFO  server.RaftServerConfigKeys (ConfUtils.java:logGet(46)) - raft.server.snapshot.auto.trigger.enabled = true (custom)
2022-12-06 16:25:15,622 [pool-140-thread-1] INFO  server.RaftServerConfigKeys (ConfUtils.java:logGet(46)) - raft.server.snapshot.auto.trigger.threshold = 10000 (custom)
2022-12-06 16:25:15,622 [pool-140-thread-1] INFO  server.RaftServerConfigKeys (ConfUtils.java:logGet(46)) - raft.server.snapshot.retention.file.num = 5 (custom)
2022-12-06 16:25:15,622 [pool-140-thread-1] INFO  server.RaftServerConfigKeys (ConfUtils.java:logGet(46)) - raft.server.log.purge.upto.snapshot.index = false (default)
2022-12-06 16:25:15,623 [fd07e5d7-2dd9-455a-a9b9-9dae4f4be123@group-FFC8E6C97F07-FollowerState] INFO  server.RaftServerConfigKeys (ConfUtils.java:logFallback(53)) - raft.server.rpc.first-election.timeout.min = 5s (fallback to raft.server.rpc.timeout.min)
2022-12-06 16:25:15,623 [fd07e5d7-2dd9-455a-a9b9-9dae4f4be123@group-FFC8E6C97F07-FollowerState] INFO  server.RaftServerConfigKeys (ConfUtils.java:logFallback(53)) - raft.server.rpc.first-election.timeout.max = 5200ms (fallback to raft.server.rpc.timeout.max)
2022-12-06 16:25:15,640 [grpc-default-executor-6] INFO  server.RaftServer (RaftServerProxy.java:addNew(96)) - 592803f5-ace9-49ac-a54f-354c0e5baf2c: addNew group-FFC8E6C97F07:[93471f04-f84a-446a-9dbd-94f45fb64b69|rpc:10.1.0.176:39615|dataStream:|priority:0|startupRole:FOLLOWER, fd07e5d7-2dd9-455a-a9b9-9dae4f4be123|rpc:10.1.0.176:45045|dataStream:|priority:1|startupRole:FOLLOWER, 592803f5-ace9-49ac-a54f-354c0e5baf2c|rpc:10.1.0.176:36049|dataStream:|priority:0|startupRole:FOLLOWER] returns group-FFC8E6C97F07:java.util.concurrent.CompletableFuture@23602500[Not completed]
2022-12-06 16:25:15,641 [pool-186-thread-1] INFO  server.RaftServer$Division (RaftServerImpl.java:<init>(195)) - 592803f5-ace9-49ac-a54f-354c0e5baf2c: new RaftServerImpl for group-FFC8E6C97F07:[93471f04-f84a-446a-9dbd-94f45fb64b69|rpc:10.1.0.176:39615|dataStream:|priority:0|startupRole:FOLLOWER, fd07e5d7-2dd9-455a-a9b9-9dae4f4be123|rpc:10.1.0.176:45045|dataStream:|priority:1|startupRole:FOLLOWER, 592803f5-ace9-49ac-a54f-354c0e5baf2c|rpc:10.1.0.176:36049|dataStream:|priority:0|startupRole:FOLLOWER] with ContainerStateMachine:uninitialized
2022-12-06 16:25:15,641 [pool-186-thread-1] INFO  server.RaftServerConfigKeys (ConfUtils.java:logGet(46)) - raft.server.rpc.timeout.min = 5s (custom)
2022-12-06 16:25:15,641 [pool-186-thread-1] INFO  server.RaftServerConfigKeys (ConfUtils.java:logGet(46)) - raft.server.rpc.timeout.max = 5200ms (custom)
2022-12-06 16:25:15,641 [pool-186-thread-1] INFO  server.RaftServerConfigKeys (ConfUtils.java:logGet(46)) - raft.server.rpc.sleep.time = 25ms (default)
2022-12-06 16:25:15,642 [pool-186-thread-1] INFO  server.RaftServerConfigKeys (ConfUtils.java:logGet(46)) - raft.server.rpc.slowness.timeout = 300s (custom)
2022-12-06 16:25:15,642 [pool-186-thread-1] INFO  server.RaftServerConfigKeys (ConfUtils.java:logGet(46)) - raft.server.leaderelection.leader.step-down.wait-time = 10s (default)
2022-12-06 16:25:15,642 [pool-186-thread-1] INFO  server.RaftServerConfigKeys (ConfUtils.java:logGet(46)) - raft.server.sleep.deviation.threshold = 300ms (default)
2022-12-06 16:25:15,642 [pool-186-thread-1] INFO  server.RaftServer$Division (ServerState.java:<init>(118)) - 592803f5-ace9-49ac-a54f-354c0e5baf2c@group-FFC8E6C97F07: ConfigurationManager, init=-1: peers:[93471f04-f84a-446a-9dbd-94f45fb64b69|rpc:10.1.0.176:39615|dataStream:|priority:0|startupRole:FOLLOWER, fd07e5d7-2dd9-455a-a9b9-9dae4f4be123|rpc:10.1.0.176:45045|dataStream:|priority:1|startupRole:FOLLOWER, 592803f5-ace9-49ac-a54f-354c0e5baf2c|rpc:10.1.0.176:36049|dataStream:|priority:0|startupRole:FOLLOWER]|listeners:[], old=null, confs=<EMPTY_MAP>
2022-12-06 16:25:15,642 [pool-186-thread-1] INFO  server.RaftServerConfigKeys (ConfUtils.java:logGet(46)) - raft.server.storage.dir = [/home/runner/work/ozone/ozone/hadoop-ozone/integration-test/target/test-dir/MiniOzoneClusterImpl-ff76fcda-2f7b-42b7-aafc-07b3f4cbd752/datanode-5/data/ratis] (custom)
2022-12-06 16:25:15,642 [pool-186-thread-1] INFO  server.RaftServerConfigKeys (ConfUtils.java:logGet(46)) - raft.server.log.corruption.policy = EXCEPTION (default)
2022-12-06 16:25:15,642 [pool-186-thread-1] INFO  server.RaftServerConfigKeys (ConfUtils.java:logGet(46)) - raft.server.storage.free-space.min = 0MB (=0) (default)
2022-12-06 16:25:15,642 [pool-186-thread-1] INFO  server.RaftServerConfigKeys (ConfUtils.java:logGet(46)) - raft.server.notification.no-leader.timeout = 300s (custom)
2022-12-06 16:25:15,642 [pool-186-thread-1] INFO  server.RaftServerConfigKeys (ConfUtils.java:logGet(46)) - raft.server.retrycache.expirytime = 600000ms (custom)
2022-12-06 16:25:15,642 [pool-186-thread-1] INFO  server.RaftServerConfigKeys (ConfUtils.java:logGet(46)) - raft.server.retrycache.statistics.expirytime = 100μs (default)
2022-12-06 16:25:15,643 [pool-186-thread-1] INFO  server.RaftServerConfigKeys (ConfUtils.java:logGet(46)) - raft.server.log.appender.install.snapshot.enabled = false (custom)
2022-12-06 16:25:15,643 [pool-186-thread-1] INFO  server.RaftServerConfigKeys (ConfUtils.java:logGet(46)) - raft.server.threadpool.server.cached = true (default)
2022-12-06 16:25:15,643 [pool-186-thread-1] INFO  server.RaftServerConfigKeys (ConfUtils.java:logGet(46)) - raft.server.threadpool.server.size = 0 (default)
2022-12-06 16:25:15,643 [pool-186-thread-1] INFO  server.RaftServerConfigKeys (ConfUtils.java:logGet(46)) - raft.server.threadpool.client.cached = true (default)
2022-12-06 16:25:15,643 [pool-186-thread-1] INFO  server.RaftServerConfigKeys (ConfUtils.java:logGet(46)) - raft.server.threadpool.client.size = 0 (default)
2022-12-06 16:25:15,643 [pool-186-thread-1] INFO  storage.RaftStorageDirectory (RaftStorageDirectoryImpl.java:analyzeStorage(137)) - The storage directory /home/runner/work/ozone/ozone/hadoop-ozone/integration-test/target/test-dir/MiniOzoneClusterImpl-ff76fcda-2f7b-42b7-aafc-07b3f4cbd752/datanode-5/data/ratis/e381f118-adaf-4fd4-afdc-ffc8e6c97f07 does not exist. Creating ...
2022-12-06 16:25:15,644 [pool-186-thread-1] INFO  storage.RaftStorageDirectory (RaftStorageDirectoryImpl.java:tryLock(231)) - Lock on /home/runner/work/ozone/ozone/hadoop-ozone/integration-test/target/test-dir/MiniOzoneClusterImpl-ff76fcda-2f7b-42b7-aafc-07b3f4cbd752/datanode-5/data/ratis/e381f118-adaf-4fd4-afdc-ffc8e6c97f07/in_use.lock acquired by nodename 47636@fv-az451-158
2022-12-06 16:25:15,646 [pool-186-thread-1] INFO  storage.RaftStorage (RaftStorageImpl.java:format(96)) - Storage directory /home/runner/work/ozone/ozone/hadoop-ozone/integration-test/target/test-dir/MiniOzoneClusterImpl-ff76fcda-2f7b-42b7-aafc-07b3f4cbd752/datanode-5/data/ratis/e381f118-adaf-4fd4-afdc-ffc8e6c97f07 has been successfully formatted.
2022-12-06 16:25:15,646 [pool-186-thread-1] INFO  ratis.ContainerStateMachine (ContainerStateMachine.java:loadSnapshot(236)) - group-FFC8E6C97F07: The snapshot info is null. Setting the last applied indexto:(t:0, i:~)
2022-12-06 16:25:15,647 [pool-186-thread-1] INFO  server.RaftServerConfigKeys (ConfUtils.java:logGet(46)) - raft.server.log.use.memory = false (default)
2022-12-06 16:25:15,647 [pool-186-thread-1] INFO  server.RaftServerConfigKeys (ConfUtils.java:logGet(46)) - raft.server.log.purge.gap = 1000000 (custom)
2022-12-06 16:25:15,647 [pool-186-thread-1] INFO  server.RaftServerConfigKeys (ConfUtils.java:logGet(46)) - raft.server.log.appender.buffer.byte-limit = 33554432 (custom)
2022-12-06 16:25:15,647 [pool-186-thread-1] INFO  server.RaftServerConfigKeys (ConfUtils.java:logGet(46)) - raft.server.log.statemachine.data.read.timeout = 1000ms (default)
2022-12-06 16:25:15,647 [pool-186-thread-1] INFO  server.RaftServerConfigKeys (ConfUtils.java:logGet(46)) - raft.server.log.purge.preservation.log.num = 0 (default)
2022-12-06 16:25:15,647 [pool-186-thread-1] INFO  server.RaftServerConfigKeys (ConfUtils.java:logGet(46)) - raft.server.log.segment.size.max = 1048576 (custom)
2022-12-06 16:25:15,647 [pool-186-thread-1] INFO  server.RaftServerConfigKeys (ConfUtils.java:logGet(46)) - raft.server.log.segment.cache.num.max = 2 (custom)
2022-12-06 16:25:15,647 [pool-186-thread-1] INFO  server.RaftServerConfigKeys (ConfUtils.java:logGet(46)) - raft.server.log.segment.cache.size.max = 200MB (=209715200) (default)
2022-12-06 16:25:15,647 [pool-186-thread-1] INFO  segmented.SegmentedRaftLogWorker (SegmentedRaftLogWorker.java:<init>(189)) - new 592803f5-ace9-49ac-a54f-354c0e5baf2c@group-FFC8E6C97F07-SegmentedRaftLogWorker for RaftStorageImpl:Storage Directory /home/runner/work/ozone/ozone/hadoop-ozone/integration-test/target/test-dir/MiniOzoneClusterImpl-ff76fcda-2f7b-42b7-aafc-07b3f4cbd752/datanode-5/data/ratis/e381f118-adaf-4fd4-afdc-ffc8e6c97f07
2022-12-06 16:25:15,647 [pool-186-thread-1] INFO  server.RaftServerConfigKeys (ConfUtils.java:logGet(46)) - raft.server.log.queue.byte-limit = 4294967296 (custom)
2022-12-06 16:25:15,648 [pool-186-thread-1] INFO  server.RaftServerConfigKeys (ConfUtils.java:logGet(46)) - raft.server.log.queue.element-limit = 1024 (custom)
2022-12-06 16:25:15,648 [pool-186-thread-1] INFO  server.RaftServerConfigKeys (ConfUtils.java:logGet(46)) - raft.server.log.segment.size.max = 1048576 (custom)
2022-12-06 16:25:15,648 [pool-186-thread-1] INFO  server.RaftServerConfigKeys (ConfUtils.java:logGet(46)) - raft.server.log.preallocated.size = 16384 (custom)
2022-12-06 16:25:15,648 [pool-186-thread-1] INFO  server.RaftServerConfigKeys (ConfUtils.java:logGet(46)) - raft.server.log.force.sync.num = 128 (default)
2022-12-06 16:25:15,648 [EventQueue-CommandQueueReportForCommandQueueReportHandler] WARN  events.EventQueue (EventQueue.java:fireEvent(216)) - No event handler registered for event TypedEvent{payloadType=DatanodeDetails, name='Datanode_Command_Queue_Updated'}
2022-12-06 16:25:15,648 [pool-186-thread-1] INFO  server.RaftServerConfigKeys (ConfUtils.java:logGet(46)) - raft.server.log.statemachine.data.sync = true (default)
2022-12-06 16:25:15,648 [pool-186-thread-1] INFO  server.RaftServerConfigKeys (ConfUtils.java:logGet(46)) - raft.server.log.statemachine.data.sync.timeout = 10s (default)
2022-12-06 16:25:15,648 [pool-186-thread-1] INFO  server.RaftServerConfigKeys (ConfUtils.java:logGet(46)) - raft.server.log.statemachine.data.sync.timeout.retry = -1 (default)
2022-12-06 16:25:15,648 [pool-186-thread-1] INFO  server.RaftServerConfigKeys (ConfUtils.java:logGet(46)) - raft.server.log.write.buffer.size = 1048576 (custom)
2022-12-06 16:25:15,649 [pool-186-thread-1] INFO  server.RaftServerConfigKeys (ConfUtils.java:logGet(46)) - raft.server.log.appender.buffer.byte-limit = 33554432 (custom)
2022-12-06 16:25:15,654 [pool-186-thread-1] INFO  server.RaftServerConfigKeys (ConfUtils.java:logGet(46)) - raft.server.log.unsafe-flush.enabled = false (default)
2022-12-06 16:25:15,654 [pool-186-thread-1] INFO  server.RaftServerConfigKeys (ConfUtils.java:logGet(46)) - raft.server.log.async-flush.enabled = false (default)
2022-12-06 16:25:15,654 [pool-186-thread-1] INFO  server.RaftServerConfigKeys (ConfUtils.java:logGet(46)) - raft.server.log.statemachine.data.caching.enabled = true (custom)
2022-12-06 16:25:15,654 [pool-186-thread-1] INFO  segmented.SegmentedRaftLogWorker (SegmentedRaftLogWorker.java:lambda$new$0(135)) - 592803f5-ace9-49ac-a54f-354c0e5baf2c@group-FFC8E6C97F07-SegmentedRaftLogWorker: flushIndex: setUnconditionally 0 -> -1
2022-12-06 16:25:15,654 [pool-186-thread-1] INFO  segmented.SegmentedRaftLogWorker (SegmentedRaftLogWorker.java:lambda$new$0(135)) - 592803f5-ace9-49ac-a54f-354c0e5baf2c@group-FFC8E6C97F07-SegmentedRaftLogWorker: safeCacheEvictIndex: setUnconditionally 0 -> -1
2022-12-06 16:25:15,654 [pool-186-thread-1] INFO  server.RaftServer$Division (RaftServerImpl.java:start(334)) - 592803f5-ace9-49ac-a54f-354c0e5baf2c@group-FFC8E6C97F07: start as a follower, conf=-1: peers:[93471f04-f84a-446a-9dbd-94f45fb64b69|rpc:10.1.0.176:39615|dataStream:|priority:0|startupRole:FOLLOWER, fd07e5d7-2dd9-455a-a9b9-9dae4f4be123|rpc:10.1.0.176:45045|dataStream:|priority:1|startupRole:FOLLOWER, 592803f5-ace9-49ac-a54f-354c0e5baf2c|rpc:10.1.0.176:36049|dataStream:|priority:0|startupRole:FOLLOWER]|listeners:[], old=null
2022-12-06 16:25:15,654 [pool-186-thread-1] INFO  server.RaftServer$Division (RaftServerImpl.java:setRole(321)) - 592803f5-ace9-49ac-a54f-354c0e5baf2c@group-FFC8E6C97F07: changes role from      null to FOLLOWER at term 0 for startAsFollower
2022-12-06 16:25:15,654 [pool-186-thread-1] INFO  impl.RoleInfo (RoleInfo.java:updateAndGet(139)) - 592803f5-ace9-49ac-a54f-354c0e5baf2c: start 592803f5-ace9-49ac-a54f-354c0e5baf2c@group-FFC8E6C97F07-FollowerState
2022-12-06 16:25:15,654 [592803f5-ace9-49ac-a54f-354c0e5baf2c@group-FFC8E6C97F07-FollowerState] INFO  server.RaftServerConfigKeys (ConfUtils.java:logFallback(53)) - raft.server.rpc.first-election.timeout.min = 5s (fallback to raft.server.rpc.timeout.min)
2022-12-06 16:25:15,654 [pool-186-thread-1] INFO  util.JmxRegister (JmxRegister.java:tryRegister(44)) - Successfully registered JMX Bean with object name Ratis:service=RaftServer,group=group-FFC8E6C97F07,id=592803f5-ace9-49ac-a54f-354c0e5baf2c
2022-12-06 16:25:15,655 [592803f5-ace9-49ac-a54f-354c0e5baf2c@group-FFC8E6C97F07-FollowerState] INFO  server.RaftServerConfigKeys (ConfUtils.java:logFallback(53)) - raft.server.rpc.first-election.timeout.max = 5200ms (fallback to raft.server.rpc.timeout.max)
2022-12-06 16:25:15,655 [pool-186-thread-1] INFO  server.RaftServerConfigKeys (ConfUtils.java:logGet(46)) - raft.server.snapshot.auto.trigger.enabled = true (custom)
2022-12-06 16:25:15,655 [pool-186-thread-1] INFO  server.RaftServerConfigKeys (ConfUtils.java:logGet(46)) - raft.server.snapshot.auto.trigger.threshold = 10000 (custom)
2022-12-06 16:25:15,655 [pool-186-thread-1] INFO  server.RaftServerConfigKeys (ConfUtils.java:logGet(46)) - raft.server.snapshot.retention.file.num = 5 (custom)
2022-12-06 16:25:15,655 [pool-186-thread-1] INFO  server.RaftServerConfigKeys (ConfUtils.java:logGet(46)) - raft.server.log.purge.upto.snapshot.index = false (default)
2022-12-06 16:25:15,661 [Command processor thread] INFO  commandhandler.CreatePipelineCommandHandler (CreatePipelineCommandHandler.java:handle(113)) - Created Pipeline RATIS THREE PipelineID=e381f118-adaf-4fd4-afdc-ffc8e6c97f07.
2022-12-06 16:25:15,766 [EventQueue-CommandQueueReportForCommandQueueReportHandler] WARN  events.EventQueue (EventQueue.java:fireEvent(216)) - No event handler registered for event TypedEvent{payloadType=DatanodeDetails, name='Datanode_Command_Queue_Updated'}
2022-12-06 16:25:15,818 [EventQueue-CommandQueueReportForCommandQueueReportHandler] WARN  events.EventQueue (EventQueue.java:fireEvent(216)) - No event handler registered for event TypedEvent{payloadType=DatanodeDetails, name='Datanode_Command_Queue_Updated'}
2022-12-06 16:25:15,902 [EventQueue-CommandQueueReportForCommandQueueReportHandler] WARN  events.EventQueue (EventQueue.java:fireEvent(216)) - No event handler registered for event TypedEvent{payloadType=DatanodeDetails, name='Datanode_Command_Queue_Updated'}
2022-12-06 16:25:16,161 [EventQueue-CommandQueueReportForCommandQueueReportHandler] WARN  events.EventQueue (EventQueue.java:fireEvent(216)) - No event handler registered for event TypedEvent{payloadType=DatanodeDetails, name='Datanode_Command_Queue_Updated'}
2022-12-06 16:25:16,227 [EventQueue-CommandQueueReportForCommandQueueReportHandler] WARN  events.EventQueue (EventQueue.java:fireEvent(216)) - No event handler registered for event TypedEvent{payloadType=DatanodeDetails, name='Datanode_Command_Queue_Updated'}
2022-12-06 16:25:16,251 [EventQueue-CommandQueueReportForCommandQueueReportHandler] WARN  events.EventQueue (EventQueue.java:fireEvent(216)) - No event handler registered for event TypedEvent{payloadType=DatanodeDetails, name='Datanode_Command_Queue_Updated'}
2022-12-06 16:25:16,559 [EventQueue-CommandQueueReportForCommandQueueReportHandler] WARN  events.EventQueue (EventQueue.java:fireEvent(216)) - No event handler registered for event TypedEvent{payloadType=DatanodeDetails, name='Datanode_Command_Queue_Updated'}
2022-12-06 16:25:16,574 [EventQueue-CommandQueueReportForCommandQueueReportHandler] WARN  events.EventQueue (EventQueue.java:fireEvent(216)) - No event handler registered for event TypedEvent{payloadType=DatanodeDetails, name='Datanode_Command_Queue_Updated'}
2022-12-06 16:25:16,607 [EventQueue-CommandQueueReportForCommandQueueReportHandler] WARN  events.EventQueue (EventQueue.java:fireEvent(216)) - No event handler registered for event TypedEvent{payloadType=DatanodeDetails, name='Datanode_Command_Queue_Updated'}
2022-12-06 16:25:16,648 [EventQueue-CommandQueueReportForCommandQueueReportHandler] WARN  events.EventQueue (EventQueue.java:fireEvent(216)) - No event handler registered for event TypedEvent{payloadType=DatanodeDetails, name='Datanode_Command_Queue_Updated'}
2022-12-06 16:25:16,767 [EventQueue-CommandQueueReportForCommandQueueReportHandler] WARN  events.EventQueue (EventQueue.java:fireEvent(216)) - No event handler registered for event TypedEvent{payloadType=DatanodeDetails, name='Datanode_Command_Queue_Updated'}
2022-12-06 16:25:16,818 [EventQueue-CommandQueueReportForCommandQueueReportHandler] WARN  events.EventQueue (EventQueue.java:fireEvent(216)) - No event handler registered for event TypedEvent{payloadType=DatanodeDetails, name='Datanode_Command_Queue_Updated'}
2022-12-06 16:25:16,902 [EventQueue-CommandQueueReportForCommandQueueReportHandler] WARN  events.EventQueue (EventQueue.java:fireEvent(216)) - No event handler registered for event TypedEvent{payloadType=DatanodeDetails, name='Datanode_Command_Queue_Updated'}
2022-12-06 16:25:17,161 [EventQueue-CommandQueueReportForCommandQueueReportHandler] WARN  events.EventQueue (EventQueue.java:fireEvent(216)) - No event handler registered for event TypedEvent{payloadType=DatanodeDetails, name='Datanode_Command_Queue_Updated'}
2022-12-06 16:25:17,227 [EventQueue-CommandQueueReportForCommandQueueReportHandler] WARN  events.EventQueue (EventQueue.java:fireEvent(216)) - No event handler registered for event TypedEvent{payloadType=DatanodeDetails, name='Datanode_Command_Queue_Updated'}
2022-12-06 16:25:17,251 [EventQueue-CommandQueueReportForCommandQueueReportHandler] WARN  events.EventQueue (EventQueue.java:fireEvent(216)) - No event handler registered for event TypedEvent{payloadType=DatanodeDetails, name='Datanode_Command_Queue_Updated'}
2022-12-06 16:25:17,560 [EventQueue-CommandQueueReportForCommandQueueReportHandler] WARN  events.EventQueue (EventQueue.java:fireEvent(216)) - No event handler registered for event TypedEvent{payloadType=DatanodeDetails, name='Datanode_Command_Queue_Updated'}
2022-12-06 16:25:17,574 [EventQueue-CommandQueueReportForCommandQueueReportHandler] WARN  events.EventQueue (EventQueue.java:fireEvent(216)) - No event handler registered for event TypedEvent{payloadType=DatanodeDetails, name='Datanode_Command_Queue_Updated'}
2022-12-06 16:25:17,607 [EventQueue-CommandQueueReportForCommandQueueReportHandler] WARN  events.EventQueue (EventQueue.java:fireEvent(216)) - No event handler registered for event TypedEvent{payloadType=DatanodeDetails, name='Datanode_Command_Queue_Updated'}
2022-12-06 16:25:17,649 [EventQueue-CommandQueueReportForCommandQueueReportHandler] WARN  events.EventQueue (EventQueue.java:fireEvent(216)) - No event handler registered for event TypedEvent{payloadType=DatanodeDetails, name='Datanode_Command_Queue_Updated'}
2022-12-06 16:25:17,767 [EventQueue-CommandQueueReportForCommandQueueReportHandler] WARN  events.EventQueue (EventQueue.java:fireEvent(216)) - No event handler registered for event TypedEvent{payloadType=DatanodeDetails, name='Datanode_Command_Queue_Updated'}
2022-12-06 16:25:17,818 [EventQueue-CommandQueueReportForCommandQueueReportHandler] WARN  events.EventQueue (EventQueue.java:fireEvent(216)) - No event handler registered for event TypedEvent{payloadType=DatanodeDetails, name='Datanode_Command_Queue_Updated'}
2022-12-06 16:25:17,903 [EventQueue-CommandQueueReportForCommandQueueReportHandler] WARN  events.EventQueue (EventQueue.java:fireEvent(216)) - No event handler registered for event TypedEvent{payloadType=DatanodeDetails, name='Datanode_Command_Queue_Updated'}
2022-12-06 16:25:17,914 [EventQueue-CommandQueueReportForCommandQueueReportHandler] WARN  events.EventQueue (EventQueue.java:fireEvent(216)) - No event handler registered for event TypedEvent{payloadType=DatanodeDetails, name='Datanode_Command_Queue_Updated'}
]]></system-out>
  </testcase>
  <testcase name="testECContainerRecoveryWithTimedOutRecovery" classname="org.apache.hadoop.ozone.container.TestECContainerRecovery" time="107.47">
    <error type="java.util.concurrent.TimeoutException"><![CDATA[java.util.concurrent.TimeoutException: 
Timed out waiting for condition. Thread diagnostics:
Timestamp: 2022-12-06 04:27:05,357

"BlockDeletingService#1" daemon prio=5 tid=386 in Object.wait()
java.lang.Thread.State: WAITING (on object monitor)
        at sun.misc.Unsafe.park(Native Method)
        at java.util.concurrent.locks.LockSupport.park(LockSupport.java:175)
        at java.util.concurrent.locks.AbstractQueuedSynchronizer$ConditionObject.await(AbstractQueuedSynchronizer.java:2039)
        at java.util.concurrent.ScheduledThreadPoolExecutor$DelayedWorkQueue.take(ScheduledThreadPoolExecutor.java:1088)
        at java.util.concurrent.ScheduledThreadPoolExecutor$DelayedWorkQueue.take(ScheduledThreadPoolExecutor.java:809)
        at java.util.concurrent.ThreadPoolExecutor.getTask(ThreadPoolExecutor.java:1074)
        at java.util.concurrent.ThreadPoolExecutor.runWorker(ThreadPoolExecutor.java:1134)
        at java.util.concurrent.ThreadPoolExecutor$Worker.run(ThreadPoolExecutor.java:624)
        at java.lang.Thread.run(Thread.java:750)
"IPC Server handler 13 on default port 43931" daemon prio=5 tid=99 timed_waiting
java.lang.Thread.State: TIMED_WAITING
        at sun.misc.Unsafe.park(Native Method)
        at java.util.concurrent.locks.LockSupport.parkNanos(LockSupport.java:215)
        at java.util.concurrent.locks.AbstractQueuedSynchronizer$ConditionObject.awaitNanos(AbstractQueuedSynchronizer.java:2078)
        at java.util.concurrent.LinkedBlockingQueue.poll(LinkedBlockingQueue.java:467)
        at org.apache.hadoop.ipc.CallQueueManager.take(CallQueueManager.java:317)
        at org.apache.hadoop.ipc.Server$Handler.run(Server.java:2942)
"JvmPauseMonitor2" daemon prio=5 tid=382 timed_waiting
java.lang.Thread.State: TIMED_WAITING
        at java.lang.Thread.sleep(Native Method)
        at java.lang.Thread.sleep(Thread.java:342)
        at java.util.concurrent.TimeUnit.sleep(TimeUnit.java:386)
        at org.apache.ratis.util.TimeDuration.sleep(TimeDuration.java:325)
        at org.apache.ratis.util.TimeDuration.sleep(TimeDuration.java:310)
        at org.apache.ratis.util.JvmPauseMonitor.detectPause(JvmPauseMonitor.java:119)
        at org.apache.ratis.util.JvmPauseMonitor.run(JvmPauseMonitor.java:108)
        at org.apache.ratis.util.JvmPauseMonitor$$Lambda$708/1088691990.run(Unknown Source)
        at java.lang.Thread.run(Thread.java:750)
"StaleRecoveringContainerScrubbingService#6" daemon prio=5 tid=1117 in Object.wait()
java.lang.Thread.State: WAITING (on object monitor)
        at sun.misc.Unsafe.park(Native Method)
        at java.util.concurrent.locks.LockSupport.park(LockSupport.java:175)
        at java.util.concurrent.locks.AbstractQueuedSynchronizer$ConditionObject.await(AbstractQueuedSynchronizer.java:2039)
        at java.util.concurrent.ScheduledThreadPoolExecutor$DelayedWorkQueue.take(ScheduledThreadPoolExecutor.java:1088)
        at java.util.concurrent.ScheduledThreadPoolExecutor$DelayedWorkQueue.take(ScheduledThreadPoolExecutor.java:809)
        at java.util.concurrent.ThreadPoolExecutor.getTask(ThreadPoolExecutor.java:1074)
        at java.util.concurrent.ThreadPoolExecutor.runWorker(ThreadPoolExecutor.java:1134)
        at java.util.concurrent.ThreadPoolExecutor$Worker.run(ThreadPoolExecutor.java:624)
        at java.lang.Thread.run(Thread.java:750)
"6a413ed4-87ae-4509-b51d-2f5d21600f9c@group-84F592C88491-SegmentedRaftLogWorker"  prio=5 tid=655 timed_waiting
java.lang.Thread.State: TIMED_WAITING
        at sun.misc.Unsafe.park(Native Method)
        at java.util.concurrent.locks.LockSupport.parkNanos(LockSupport.java:215)
        at java.util.concurrent.locks.AbstractQueuedSynchronizer$ConditionObject.awaitNanos(AbstractQueuedSynchronizer.java:2078)
        at org.apache.ratis.util.DataBlockingQueue.poll(DataBlockingQueue.java:148)
        at org.apache.ratis.server.raftlog.segmented.SegmentedRaftLogWorker.run(SegmentedRaftLogWorker.java:312)
        at org.apache.ratis.server.raftlog.segmented.SegmentedRaftLogWorker$$Lambda$667/1365285756.run(Unknown Source)
        at java.lang.Thread.run(Thread.java:750)
"FixedThreadPoolWithAffinityExecutor-0-0" daemon prio=5 tid=35 timed_waiting
java.lang.Thread.State: TIMED_WAITING
        at sun.misc.Unsafe.park(Native Method)
        at java.util.concurrent.locks.LockSupport.parkNanos(LockSupport.java:215)
        at java.util.concurrent.locks.AbstractQueuedSynchronizer$ConditionObject.awaitNanos(AbstractQueuedSynchronizer.java:2078)
        at java.util.concurrent.LinkedBlockingQueue.poll(LinkedBlockingQueue.java:467)
        at org.apache.hadoop.hdds.scm.server.ContainerReportQueue.poll(ContainerReportQueue.java:266)
        at org.apache.hadoop.hdds.scm.server.ContainerReportQueue.poll(ContainerReportQueue.java:42)
        at org.apache.hadoop.hdds.server.events.FixedThreadPoolWithAffinityExecutor$ContainerReportProcessTask.run(FixedThreadPoolWithAffinityExecutor.java:248)
        at java.util.concurrent.Executors$RunnableAdapter.call(Executors.java:511)
        at java.util.concurrent.FutureTask.run(FutureTask.java:266)
        at java.util.concurrent.ThreadPoolExecutor.runWorker(ThreadPoolExecutor.java:1149)
        at java.util.concurrent.ThreadPoolExecutor$Worker.run(ThreadPoolExecutor.java:624)
        at java.lang.Thread.run(Thread.java:750)
"StaleRecoveringContainerScrubbingService#8" daemon prio=5 tid=1148 in Object.wait()
java.lang.Thread.State: WAITING (on object monitor)
        at sun.misc.Unsafe.park(Native Method)
        at java.util.concurrent.locks.LockSupport.park(LockSupport.java:175)
        at java.util.concurrent.locks.AbstractQueuedSynchronizer$ConditionObject.await(AbstractQueuedSynchronizer.java:2039)
        at java.util.concurrent.ScheduledThreadPoolExecutor$DelayedWorkQueue.take(ScheduledThreadPoolExecutor.java:1088)
        at java.util.concurrent.ScheduledThreadPoolExecutor$DelayedWorkQueue.take(ScheduledThreadPoolExecutor.java:809)
        at java.util.concurrent.ThreadPoolExecutor.getTask(ThreadPoolExecutor.java:1074)
        at java.util.concurrent.ThreadPoolExecutor.runWorker(ThreadPoolExecutor.java:1134)
        at java.util.concurrent.ThreadPoolExecutor$Worker.run(ThreadPoolExecutor.java:624)
        at java.lang.Thread.run(Thread.java:750)
"592803f5-ace9-49ac-a54f-354c0e5baf2c@group-B5CB87655DBA-StateMachineUpdater" daemon prio=5 tid=649 timed_waiting
java.lang.Thread.State: TIMED_WAITING
        at sun.misc.Unsafe.park(Native Method)
        at java.util.concurrent.locks.LockSupport.parkNanos(LockSupport.java:215)
        at java.util.concurrent.locks.AbstractQueuedSynchronizer$ConditionObject.await(AbstractQueuedSynchronizer.java:2163)
        at org.apache.ratis.util.AwaitForSignal.await(AwaitForSignal.java:62)
        at org.apache.ratis.server.impl.StateMachineUpdater.waitForCommit(StateMachineUpdater.java:207)
        at org.apache.ratis.server.impl.StateMachineUpdater.run(StateMachineUpdater.java:176)
        at java.lang.Thread.run(Thread.java:750)
"Datanode ReportManager Thread - 4" daemon prio=5 tid=370 in Object.wait()
java.lang.Thread.State: WAITING (on object monitor)
        at sun.misc.Unsafe.park(Native Method)
        at java.util.concurrent.locks.LockSupport.park(LockSupport.java:175)
        at java.util.concurrent.locks.AbstractQueuedSynchronizer$ConditionObject.await(AbstractQueuedSynchronizer.java:2039)
        at java.util.concurrent.ScheduledThreadPoolExecutor$DelayedWorkQueue.take(ScheduledThreadPoolExecutor.java:1088)
        at java.util.concurrent.ScheduledThreadPoolExecutor$DelayedWorkQueue.take(ScheduledThreadPoolExecutor.java:809)
        at java.util.concurrent.ThreadPoolExecutor.getTask(ThreadPoolExecutor.java:1074)
        at java.util.concurrent.ThreadPoolExecutor.runWorker(ThreadPoolExecutor.java:1134)
        at java.util.concurrent.ThreadPoolExecutor$Worker.run(ThreadPoolExecutor.java:624)
        at java.lang.Thread.run(Thread.java:750)
"FixedThreadPoolWithAffinityExecutor-3-0" daemon prio=5 tid=38 timed_waiting
java.lang.Thread.State: TIMED_WAITING
        at sun.misc.Unsafe.park(Native Method)
        at java.util.concurrent.locks.LockSupport.parkNanos(LockSupport.java:215)
        at java.util.concurrent.locks.AbstractQueuedSynchronizer$ConditionObject.awaitNanos(AbstractQueuedSynchronizer.java:2078)
        at java.util.concurrent.LinkedBlockingQueue.poll(LinkedBlockingQueue.java:467)
        at org.apache.hadoop.hdds.scm.server.ContainerReportQueue.poll(ContainerReportQueue.java:266)
        at org.apache.hadoop.hdds.scm.server.ContainerReportQueue.poll(ContainerReportQueue.java:42)
        at org.apache.hadoop.hdds.server.events.FixedThreadPoolWithAffinityExecutor$ContainerReportProcessTask.run(FixedThreadPoolWithAffinityExecutor.java:248)
        at java.util.concurrent.Executors$RunnableAdapter.call(Executors.java:511)
        at java.util.concurrent.FutureTask.run(FutureTask.java:266)
        at java.util.concurrent.ThreadPoolExecutor.runWorker(ThreadPoolExecutor.java:1149)
        at java.util.concurrent.ThreadPoolExecutor$Worker.run(ThreadPoolExecutor.java:624)
        at java.lang.Thread.run(Thread.java:750)
"qtp275359862-981" daemon prio=5 tid=981 timed_waiting
java.lang.Thread.State: TIMED_WAITING
        at sun.misc.Unsafe.park(Native Method)
        at java.util.concurrent.locks.LockSupport.parkNanos(LockSupport.java:215)
        at java.util.concurrent.locks.AbstractQueuedSynchronizer$ConditionObject.awaitNanos(AbstractQueuedSynchronizer.java:2078)
        at org.eclipse.jetty.util.BlockingArrayQueue.poll(BlockingArrayQueue.java:382)
        at org.eclipse.jetty.util.thread.QueuedThreadPool$Runner.idleJobPoll(QueuedThreadPool.java:974)
        at org.eclipse.jetty.util.thread.QueuedThreadPool$Runner.run(QueuedThreadPool.java:1018)
        at java.lang.Thread.run(Thread.java:750)
"EndpointStateMachine task thread for /0.0.0.0:43931 - 0 "  prio=5 tid=518 in Object.wait()
java.lang.Thread.State: WAITING (on object monitor)
        at sun.misc.Unsafe.park(Native Method)
        at java.util.concurrent.locks.LockSupport.park(LockSupport.java:175)
        at java.util.concurrent.locks.AbstractQueuedSynchronizer$ConditionObject.await(AbstractQueuedSynchronizer.java:2039)
        at java.util.concurrent.LinkedBlockingQueue.take(LinkedBlockingQueue.java:442)
        at java.util.concurrent.ThreadPoolExecutor.getTask(ThreadPoolExecutor.java:1074)
        at java.util.concurrent.ThreadPoolExecutor.runWorker(ThreadPoolExecutor.java:1134)
        at java.util.concurrent.ThreadPoolExecutor$Worker.run(ThreadPoolExecutor.java:624)
        at java.lang.Thread.run(Thread.java:750)
"Periodic HDDS volume checker" daemon prio=5 tid=347 timed_waiting
java.lang.Thread.State: TIMED_WAITING
        at sun.misc.Unsafe.park(Native Method)
        at java.util.concurrent.locks.LockSupport.parkNanos(LockSupport.java:215)
        at java.util.concurrent.locks.AbstractQueuedSynchronizer$ConditionObject.awaitNanos(AbstractQueuedSynchronizer.java:2078)
        at java.util.concurrent.ScheduledThreadPoolExecutor$DelayedWorkQueue.take(ScheduledThreadPoolExecutor.java:1093)
        at java.util.concurrent.ScheduledThreadPoolExecutor$DelayedWorkQueue.take(ScheduledThreadPoolExecutor.java:809)
        at java.util.concurrent.ThreadPoolExecutor.getTask(ThreadPoolExecutor.java:1074)
        at java.util.concurrent.ThreadPoolExecutor.runWorker(ThreadPoolExecutor.java:1134)
        at java.util.concurrent.ThreadPoolExecutor$Worker.run(ThreadPoolExecutor.java:624)
        at java.lang.Thread.run(Thread.java:750)
"StaleRecoveringContainerScrubbingService#0" daemon prio=5 tid=550 in Object.wait()
java.lang.Thread.State: WAITING (on object monitor)
        at sun.misc.Unsafe.park(Native Method)
        at java.util.concurrent.locks.LockSupport.park(LockSupport.java:175)
        at java.util.concurrent.locks.AbstractQueuedSynchronizer$ConditionObject.await(AbstractQueuedSynchronizer.java:2039)
        at java.util.concurrent.ScheduledThreadPoolExecutor$DelayedWorkQueue.take(ScheduledThreadPoolExecutor.java:1088)
        at java.util.concurrent.ScheduledThreadPoolExecutor$DelayedWorkQueue.take(ScheduledThreadPoolExecutor.java:809)
        at java.util.concurrent.ThreadPoolExecutor.getTask(ThreadPoolExecutor.java:1074)
        at java.util.concurrent.ThreadPoolExecutor.runWorker(ThreadPoolExecutor.java:1134)
        at java.util.concurrent.ThreadPoolExecutor$Worker.run(ThreadPoolExecutor.java:624)
        at java.lang.Thread.run(Thread.java:750)
"Timer-0"  prio=5 tid=139 timed_waiting
java.lang.Thread.State: TIMED_WAITING
        at java.lang.Object.wait(Native Method)
        at java.util.TimerThread.mainLoop(Timer.java:552)
        at java.util.TimerThread.run(Timer.java:505)
"qtp388797014-242" daemon prio=5 tid=242 timed_waiting
java.lang.Thread.State: TIMED_WAITING
        at sun.misc.Unsafe.park(Native Method)
        at java.util.concurrent.locks.LockSupport.parkNanos(LockSupport.java:215)
        at java.util.concurrent.locks.AbstractQueuedSynchronizer$ConditionObject.awaitNanos(AbstractQueuedSynchronizer.java:2078)
        at org.eclipse.jetty.util.BlockingArrayQueue.poll(BlockingArrayQueue.java:382)
        at org.eclipse.jetty.util.thread.QueuedThreadPool$Runner.idleJobPoll(QueuedThreadPool.java:974)
        at org.eclipse.jetty.util.thread.QueuedThreadPool$Runner.run(QueuedThreadPool.java:1018)
        at java.lang.Thread.run(Thread.java:750)
"pool-94-thread-1"  prio=5 tid=577 in Object.wait()
java.lang.Thread.State: WAITING (on object monitor)
        at sun.misc.Unsafe.park(Native Method)
        at java.util.concurrent.locks.LockSupport.park(LockSupport.java:175)
        at java.util.concurrent.locks.AbstractQueuedSynchronizer$ConditionObject.await(AbstractQueuedSynchronizer.java:2039)
        at java.util.concurrent.LinkedBlockingQueue.take(LinkedBlockingQueue.java:442)
        at java.util.concurrent.ThreadPoolExecutor.getTask(ThreadPoolExecutor.java:1074)
        at java.util.concurrent.ThreadPoolExecutor.runWorker(ThreadPoolExecutor.java:1134)
        at java.util.concurrent.ThreadPoolExecutor$Worker.run(ThreadPoolExecutor.java:624)
        at java.lang.Thread.run(Thread.java:750)
"Datanode ReportManager Thread - 0" daemon prio=5 tid=365 timed_waiting
java.lang.Thread.State: TIMED_WAITING
        at sun.misc.Unsafe.park(Native Method)
        at java.util.concurrent.locks.LockSupport.parkNanos(LockSupport.java:215)
        at java.util.concurrent.locks.AbstractQueuedSynchronizer$ConditionObject.awaitNanos(AbstractQueuedSynchronizer.java:2078)
        at java.util.concurrent.ScheduledThreadPoolExecutor$DelayedWorkQueue.take(ScheduledThreadPoolExecutor.java:1093)
        at java.util.concurrent.ScheduledThreadPoolExecutor$DelayedWorkQueue.take(ScheduledThreadPoolExecutor.java:809)
        at java.util.concurrent.ThreadPoolExecutor.getTask(ThreadPoolExecutor.java:1074)
        at java.util.concurrent.ThreadPoolExecutor.runWorker(ThreadPoolExecutor.java:1134)
        at java.util.concurrent.ThreadPoolExecutor$Worker.run(ThreadPoolExecutor.java:624)
        at java.lang.Thread.run(Thread.java:750)
"BlockDeletingService#2" daemon prio=5 tid=1162 in Object.wait()
java.lang.Thread.State: WAITING (on object monitor)
        at sun.misc.Unsafe.park(Native Method)
        at java.util.concurrent.locks.LockSupport.park(LockSupport.java:175)
        at java.util.concurrent.locks.AbstractQueuedSynchronizer$ConditionObject.await(AbstractQueuedSynchronizer.java:2039)
        at java.util.concurrent.ScheduledThreadPoolExecutor$DelayedWorkQueue.take(ScheduledThreadPoolExecutor.java:1088)
        at java.util.concurrent.ScheduledThreadPoolExecutor$DelayedWorkQueue.take(ScheduledThreadPoolExecutor.java:809)
        at java.util.concurrent.ThreadPoolExecutor.getTask(ThreadPoolExecutor.java:1074)
        at java.util.concurrent.ThreadPoolExecutor.runWorker(ThreadPoolExecutor.java:1134)
        at java.util.concurrent.ThreadPoolExecutor$Worker.run(ThreadPoolExecutor.java:624)
        at java.lang.Thread.run(Thread.java:750)
"18a879af-de93-4167-9a98-f5b552aa8b4b@group-E13D6F209EBE-SegmentedRaftLogWorker"  prio=5 tid=599 timed_waiting
java.lang.Thread.State: TIMED_WAITING
        at sun.misc.Unsafe.park(Native Method)
        at java.util.concurrent.locks.LockSupport.parkNanos(LockSupport.java:215)
        at java.util.concurrent.locks.AbstractQueuedSynchronizer$ConditionObject.awaitNanos(AbstractQueuedSynchronizer.java:2078)
        at org.apache.ratis.util.DataBlockingQueue.poll(DataBlockingQueue.java:148)
        at org.apache.ratis.server.raftlog.segmented.SegmentedRaftLogWorker.run(SegmentedRaftLogWorker.java:312)
        at org.apache.ratis.server.raftlog.segmented.SegmentedRaftLogWorker$$Lambda$667/1365285756.run(Unknown Source)
        at java.lang.Thread.run(Thread.java:750)
"StaleRecoveringContainerScrubbingService#6" daemon prio=5 tid=1114 in Object.wait()
java.lang.Thread.State: WAITING (on object monitor)
        at sun.misc.Unsafe.park(Native Method)
        at java.util.concurrent.locks.LockSupport.park(LockSupport.java:175)
        at java.util.concurrent.locks.AbstractQueuedSynchronizer$ConditionObject.await(AbstractQueuedSynchronizer.java:2039)
        at java.util.concurrent.ScheduledThreadPoolExecutor$DelayedWorkQueue.take(ScheduledThreadPoolExecutor.java:1088)
        at java.util.concurrent.ScheduledThreadPoolExecutor$DelayedWorkQueue.take(ScheduledThreadPoolExecutor.java:809)
        at java.util.concurrent.ThreadPoolExecutor.getTask(ThreadPoolExecutor.java:1074)
        at java.util.concurrent.ThreadPoolExecutor.runWorker(ThreadPoolExecutor.java:1134)
        at java.util.concurrent.ThreadPoolExecutor$Worker.run(ThreadPoolExecutor.java:624)
        at java.lang.Thread.run(Thread.java:750)
"qtp1596052577-184-acceptor-0@346f12a4-ServerConnector@f662b5{HTTP/1.1, (http/1.1)}{0.0.0.0:39671}" daemon prio=3 tid=184 runnable
java.lang.Thread.State: RUNNABLE
        at sun.nio.ch.ServerSocketChannelImpl.accept0(Native Method)
        at sun.nio.ch.ServerSocketChannelImpl.accept(ServerSocketChannelImpl.java:421)
        at sun.nio.ch.ServerSocketChannelImpl.accept(ServerSocketChannelImpl.java:249)
        at org.eclipse.jetty.server.ServerConnector.accept(ServerConnector.java:388)
        at org.eclipse.jetty.server.AbstractConnector$Acceptor.run(AbstractConnector.java:704)
        at org.eclipse.jetty.util.thread.QueuedThreadPool.runJob(QueuedThreadPool.java:883)
        at org.eclipse.jetty.util.thread.QueuedThreadPool$Runner.run(QueuedThreadPool.java:1034)
        at java.lang.Thread.run(Thread.java:750)
"Datanode State Machine Task Thread - 1"  prio=5 tid=324 in Object.wait()
java.lang.Thread.State: WAITING (on object monitor)
        at sun.misc.Unsafe.park(Native Method)
        at java.util.concurrent.locks.LockSupport.park(LockSupport.java:175)
        at java.util.concurrent.locks.AbstractQueuedSynchronizer$ConditionObject.await(AbstractQueuedSynchronizer.java:2039)
        at java.util.concurrent.LinkedBlockingQueue.take(LinkedBlockingQueue.java:442)
        at java.util.concurrent.ThreadPoolExecutor.getTask(ThreadPoolExecutor.java:1074)
        at java.util.concurrent.ThreadPoolExecutor.runWorker(ThreadPoolExecutor.java:1134)
        at java.util.concurrent.ThreadPoolExecutor$Worker.run(ThreadPoolExecutor.java:624)
        at java.lang.Thread.run(Thread.java:750)
"qtp2022973332-148" daemon prio=5 tid=148 timed_waiting
java.lang.Thread.State: TIMED_WAITING
        at sun.misc.Unsafe.park(Native Method)
        at java.util.concurrent.locks.LockSupport.parkNanos(LockSupport.java:215)
        at java.util.concurrent.locks.AbstractQueuedSynchronizer$ConditionObject.awaitNanos(AbstractQueuedSynchronizer.java:2078)
        at org.eclipse.jetty.util.BlockingArrayQueue.poll(BlockingArrayQueue.java:382)
        at org.eclipse.jetty.util.thread.QueuedThreadPool$Runner.idleJobPoll(QueuedThreadPool.java:974)
        at org.eclipse.jetty.util.thread.QueuedThreadPool$Runner.run(QueuedThreadPool.java:1018)
        at java.lang.Thread.run(Thread.java:750)
"18a879af-de93-4167-9a98-f5b552aa8b4b-server-thread2" daemon prio=5 tid=781 timed_waiting
java.lang.Thread.State: TIMED_WAITING
        at sun.misc.Unsafe.park(Native Method)
        at java.util.concurrent.locks.LockSupport.parkNanos(LockSupport.java:215)
        at java.util.concurrent.SynchronousQueue$TransferStack.awaitFulfill(SynchronousQueue.java:460)
        at java.util.concurrent.SynchronousQueue$TransferStack.transfer(SynchronousQueue.java:362)
        at java.util.concurrent.SynchronousQueue.poll(SynchronousQueue.java:941)
        at java.util.concurrent.ThreadPoolExecutor.getTask(ThreadPoolExecutor.java:1073)
        at java.util.concurrent.ThreadPoolExecutor.runWorker(ThreadPoolExecutor.java:1134)
        at java.util.concurrent.ThreadPoolExecutor$Worker.run(ThreadPoolExecutor.java:624)
        at java.lang.Thread.run(Thread.java:750)
"EventQueue-DeadNodeForDeadNodeHandler" daemon prio=5 tid=928 in Object.wait()
java.lang.Thread.State: WAITING (on object monitor)
        at sun.misc.Unsafe.park(Native Method)
        at java.util.concurrent.locks.LockSupport.park(LockSupport.java:175)
        at java.util.concurrent.locks.AbstractQueuedSynchronizer$ConditionObject.await(AbstractQueuedSynchronizer.java:2039)
        at java.util.concurrent.LinkedBlockingQueue.take(LinkedBlockingQueue.java:442)
        at java.util.concurrent.ThreadPoolExecutor.getTask(ThreadPoolExecutor.java:1074)
        at java.util.concurrent.ThreadPoolExecutor.runWorker(ThreadPoolExecutor.java:1134)
        at java.util.concurrent.ThreadPoolExecutor$Worker.run(ThreadPoolExecutor.java:624)
        at java.lang.Thread.run(Thread.java:750)
"IPC Server handler 1 on default port 43931" daemon prio=5 tid=87 timed_waiting
java.lang.Thread.State: TIMED_WAITING
        at sun.misc.Unsafe.park(Native Method)
        at java.util.concurrent.locks.LockSupport.parkNanos(LockSupport.java:215)
        at java.util.concurrent.locks.AbstractQueuedSynchronizer$ConditionObject.awaitNanos(AbstractQueuedSynchronizer.java:2078)
        at java.util.concurrent.LinkedBlockingQueue.poll(LinkedBlockingQueue.java:467)
        at org.apache.hadoop.ipc.CallQueueManager.take(CallQueueManager.java:317)
        at org.apache.hadoop.ipc.Server$Handler.run(Server.java:2942)
"ChunkReader-7" daemon prio=5 tid=957 in Object.wait()
java.lang.Thread.State: WAITING (on object monitor)
        at sun.misc.Unsafe.park(Native Method)
        at java.util.concurrent.locks.LockSupport.park(LockSupport.java:175)
        at java.util.concurrent.locks.AbstractQueuedSynchronizer$ConditionObject.await(AbstractQueuedSynchronizer.java:2039)
        at java.util.concurrent.LinkedBlockingQueue.take(LinkedBlockingQueue.java:442)
        at java.util.concurrent.ThreadPoolExecutor.getTask(ThreadPoolExecutor.java:1074)
        at java.util.concurrent.ThreadPoolExecutor.runWorker(ThreadPoolExecutor.java:1134)
        at java.util.concurrent.ThreadPoolExecutor$Worker.run(ThreadPoolExecutor.java:624)
        at java.lang.Thread.run(Thread.java:750)
"Datanode ReportManager Thread - 3" daemon prio=5 tid=369 timed_waiting
java.lang.Thread.State: TIMED_WAITING
        at sun.misc.Unsafe.park(Native Method)
        at java.util.concurrent.locks.LockSupport.parkNanos(LockSupport.java:215)
        at java.util.concurrent.locks.AbstractQueuedSynchronizer$ConditionObject.awaitNanos(AbstractQueuedSynchronizer.java:2078)
        at java.util.concurrent.ScheduledThreadPoolExecutor$DelayedWorkQueue.take(ScheduledThreadPoolExecutor.java:1093)
        at java.util.concurrent.ScheduledThreadPoolExecutor$DelayedWorkQueue.take(ScheduledThreadPoolExecutor.java:809)
        at java.util.concurrent.ThreadPoolExecutor.getTask(ThreadPoolExecutor.java:1074)
        at java.util.concurrent.ThreadPoolExecutor.runWorker(ThreadPoolExecutor.java:1134)
        at java.util.concurrent.ThreadPoolExecutor$Worker.run(ThreadPoolExecutor.java:624)
        at java.lang.Thread.run(Thread.java:750)
"IPC Server idle connection scanner for port 34787" daemon prio=5 tid=33 timed_waiting
java.lang.Thread.State: TIMED_WAITING
        at java.lang.Object.wait(Native Method)
        at java.util.TimerThread.mainLoop(Timer.java:552)
        at java.util.TimerThread.run(Timer.java:505)
"ChunkReader-7" daemon prio=5 tid=1073 in Object.wait()
java.lang.Thread.State: WAITING (on object monitor)
        at sun.misc.Unsafe.park(Native Method)
        at java.util.concurrent.locks.LockSupport.park(LockSupport.java:175)
        at java.util.concurrent.locks.AbstractQueuedSynchronizer$ConditionObject.await(AbstractQueuedSynchronizer.java:2039)
        at java.util.concurrent.LinkedBlockingQueue.take(LinkedBlockingQueue.java:442)
        at java.util.concurrent.ThreadPoolExecutor.getTask(ThreadPoolExecutor.java:1074)
        at java.util.concurrent.ThreadPoolExecutor.runWorker(ThreadPoolExecutor.java:1134)
        at java.util.concurrent.ThreadPoolExecutor$Worker.run(ThreadPoolExecutor.java:624)
        at java.lang.Thread.run(Thread.java:750)
"ExpiredContainerReplicaOpScrubberThread" daemon prio=5 tid=17 timed_waiting
java.lang.Thread.State: TIMED_WAITING
        at java.lang.Object.wait(Native Method)
        at org.apache.hadoop.hdds.scm.ha.BackgroundSCMService.run(BackgroundSCMService.java:110)
        at org.apache.hadoop.hdds.scm.ha.BackgroundSCMService$$Lambda$374/1692381981.run(Unknown Source)
        at java.lang.Thread.run(Thread.java:750)
"IPC Server handler 19 on default port 38215" daemon prio=5 tid=85 timed_waiting
java.lang.Thread.State: TIMED_WAITING
        at sun.misc.Unsafe.park(Native Method)
        at java.util.concurrent.locks.LockSupport.parkNanos(LockSupport.java:215)
        at java.util.concurrent.locks.AbstractQueuedSynchronizer$ConditionObject.awaitNanos(AbstractQueuedSynchronizer.java:2078)
        at java.util.concurrent.LinkedBlockingQueue.poll(LinkedBlockingQueue.java:467)
        at org.apache.hadoop.ipc.CallQueueManager.take(CallQueueManager.java:317)
        at org.apache.hadoop.ipc.Server$Handler.run(Server.java:2942)
"Datanode ReportManager Thread - 2" daemon prio=5 tid=195 in Object.wait()
java.lang.Thread.State: WAITING (on object monitor)
        at sun.misc.Unsafe.park(Native Method)
        at java.util.concurrent.locks.LockSupport.park(LockSupport.java:175)
        at java.util.concurrent.locks.AbstractQueuedSynchronizer$ConditionObject.await(AbstractQueuedSynchronizer.java:2039)
        at java.util.concurrent.ScheduledThreadPoolExecutor$DelayedWorkQueue.take(ScheduledThreadPoolExecutor.java:1088)
        at java.util.concurrent.ScheduledThreadPoolExecutor$DelayedWorkQueue.take(ScheduledThreadPoolExecutor.java:809)
        at java.util.concurrent.ThreadPoolExecutor.getTask(ThreadPoolExecutor.java:1074)
        at java.util.concurrent.ThreadPoolExecutor.runWorker(ThreadPoolExecutor.java:1134)
        at java.util.concurrent.ThreadPoolExecutor$Worker.run(ThreadPoolExecutor.java:624)
        at java.lang.Thread.run(Thread.java:750)
"592803f5-ace9-49ac-a54f-354c0e5baf2c@group-FFC8E6C97F07-StateMachineUpdater" daemon prio=5 tid=1055 timed_waiting
java.lang.Thread.State: TIMED_WAITING
        at sun.misc.Unsafe.park(Native Method)
        at java.util.concurrent.locks.LockSupport.parkNanos(LockSupport.java:215)
        at java.util.concurrent.locks.AbstractQueuedSynchronizer$ConditionObject.await(AbstractQueuedSynchronizer.java:2163)
        at org.apache.ratis.util.AwaitForSignal.await(AwaitForSignal.java:62)
        at org.apache.ratis.server.impl.StateMachineUpdater.waitForCommit(StateMachineUpdater.java:207)
        at org.apache.ratis.server.impl.StateMachineUpdater.run(StateMachineUpdater.java:176)
        at java.lang.Thread.run(Thread.java:750)
"org.apache.hadoop.util.JvmPauseMonitor$Monitor@429b0760" daemon prio=5 tid=372 timed_waiting
java.lang.Thread.State: TIMED_WAITING
        at java.lang.Thread.sleep(Native Method)
        at org.apache.hadoop.util.JvmPauseMonitor$Monitor.run(JvmPauseMonitor.java:192)
        at java.lang.Thread.run(Thread.java:750)
"Command processor thread" daemon prio=5 tid=992 timed_waiting
java.lang.Thread.State: TIMED_WAITING
        at java.lang.Thread.sleep(Native Method)
        at org.apache.hadoop.ozone.container.common.statemachine.DatanodeStateMachine.lambda$initCommandHandlerThread$3(DatanodeStateMachine.java:641)
        at org.apache.hadoop.ozone.container.common.statemachine.DatanodeStateMachine$$Lambda$755/788578843.run(Unknown Source)
        at java.lang.Thread.run(Thread.java:750)
"18a879af-de93-4167-9a98-f5b552aa8b4b@group-2D59408575FD-SegmentedRaftLogWorker"  prio=5 tid=567 timed_waiting
java.lang.Thread.State: TIMED_WAITING
        at sun.misc.Unsafe.park(Native Method)
        at java.util.concurrent.locks.LockSupport.parkNanos(LockSupport.java:215)
        at java.util.concurrent.locks.AbstractQueuedSynchronizer$ConditionObject.awaitNanos(AbstractQueuedSynchronizer.java:2078)
        at org.apache.ratis.util.DataBlockingQueue.poll(DataBlockingQueue.java:148)
        at org.apache.ratis.server.raftlog.segmented.SegmentedRaftLogWorker.run(SegmentedRaftLogWorker.java:312)
        at org.apache.ratis.server.raftlog.segmented.SegmentedRaftLogWorker$$Lambda$667/1365285756.run(Unknown Source)
        at java.lang.Thread.run(Thread.java:750)
"pool-87-thread-1" daemon prio=5 tid=205 timed_waiting
java.lang.Thread.State: TIMED_WAITING
        at sun.misc.Unsafe.park(Native Method)
        at java.util.concurrent.locks.LockSupport.parkNanos(LockSupport.java:215)
        at java.util.concurrent.locks.AbstractQueuedSynchronizer$ConditionObject.awaitNanos(AbstractQueuedSynchronizer.java:2078)
        at java.util.concurrent.ScheduledThreadPoolExecutor$DelayedWorkQueue.take(ScheduledThreadPoolExecutor.java:1093)
        at java.util.concurrent.ScheduledThreadPoolExecutor$DelayedWorkQueue.take(ScheduledThreadPoolExecutor.java:809)
        at java.util.concurrent.ThreadPoolExecutor.getTask(ThreadPoolExecutor.java:1074)
        at java.util.concurrent.ThreadPoolExecutor.runWorker(ThreadPoolExecutor.java:1134)
        at java.util.concurrent.ThreadPoolExecutor$Worker.run(ThreadPoolExecutor.java:624)
        at java.lang.Thread.run(Thread.java:750)
"307c9a4a-d135-41f7-b2cf-6e79e9d930c6-server-thread3" daemon prio=5 tid=926 timed_waiting
java.lang.Thread.State: TIMED_WAITING
        at sun.misc.Unsafe.park(Native Method)
        at java.util.concurrent.locks.LockSupport.parkNanos(LockSupport.java:215)
        at java.util.concurrent.SynchronousQueue$TransferStack.awaitFulfill(SynchronousQueue.java:460)
        at java.util.concurrent.SynchronousQueue$TransferStack.transfer(SynchronousQueue.java:362)
        at java.util.concurrent.SynchronousQueue.poll(SynchronousQueue.java:941)
        at java.util.concurrent.ThreadPoolExecutor.getTask(ThreadPoolExecutor.java:1073)
        at java.util.concurrent.ThreadPoolExecutor.runWorker(ThreadPoolExecutor.java:1134)
        at java.util.concurrent.ThreadPoolExecutor$Worker.run(ThreadPoolExecutor.java:624)
        at java.lang.Thread.run(Thread.java:750)
"qtp388797014-244" daemon prio=5 tid=244 timed_waiting
java.lang.Thread.State: TIMED_WAITING
        at sun.misc.Unsafe.park(Native Method)
        at java.util.concurrent.locks.LockSupport.parkNanos(LockSupport.java:215)
        at java.util.concurrent.locks.AbstractQueuedSynchronizer$ConditionObject.awaitNanos(AbstractQueuedSynchronizer.java:2078)
        at org.eclipse.jetty.util.BlockingArrayQueue.poll(BlockingArrayQueue.java:382)
        at org.eclipse.jetty.util.thread.QueuedThreadPool$Runner.idleJobPoll(QueuedThreadPool.java:974)
        at org.eclipse.jetty.util.thread.QueuedThreadPool$Runner.run(QueuedThreadPool.java:1018)
        at java.lang.Thread.run(Thread.java:750)
"18a879af-de93-4167-9a98-f5b552aa8b4b@group-C860D8A7810C-StateMachineUpdater" daemon prio=5 tid=573 timed_waiting
java.lang.Thread.State: TIMED_WAITING
        at sun.misc.Unsafe.park(Native Method)
        at java.util.concurrent.locks.LockSupport.parkNanos(LockSupport.java:215)
        at java.util.concurrent.locks.AbstractQueuedSynchronizer$ConditionObject.await(AbstractQueuedSynchronizer.java:2163)
        at org.apache.ratis.util.AwaitForSignal.await(AwaitForSignal.java:62)
        at org.apache.ratis.server.impl.StateMachineUpdater.waitForCommit(StateMachineUpdater.java:207)
        at org.apache.ratis.server.impl.StateMachineUpdater.run(StateMachineUpdater.java:176)
        at java.lang.Thread.run(Thread.java:750)
"StaleRecoveringContainerScrubbingService#6" daemon prio=5 tid=1121 in Object.wait()
java.lang.Thread.State: WAITING (on object monitor)
        at sun.misc.Unsafe.park(Native Method)
        at java.util.concurrent.locks.LockSupport.park(LockSupport.java:175)
        at java.util.concurrent.locks.AbstractQueuedSynchronizer$ConditionObject.await(AbstractQueuedSynchronizer.java:2039)
        at java.util.concurrent.ScheduledThreadPoolExecutor$DelayedWorkQueue.take(ScheduledThreadPoolExecutor.java:1088)
        at java.util.concurrent.ScheduledThreadPoolExecutor$DelayedWorkQueue.take(ScheduledThreadPoolExecutor.java:809)
        at java.util.concurrent.ThreadPoolExecutor.getTask(ThreadPoolExecutor.java:1074)
        at java.util.concurrent.ThreadPoolExecutor.runWorker(ThreadPoolExecutor.java:1134)
        at java.util.concurrent.ThreadPoolExecutor$Worker.run(ThreadPoolExecutor.java:624)
        at java.lang.Thread.run(Thread.java:750)
"StaleRecoveringContainerScrubbingService#2" daemon prio=5 tid=701 timed_waiting
java.lang.Thread.State: TIMED_WAITING
        at sun.misc.Unsafe.park(Native Method)
        at java.util.concurrent.locks.LockSupport.parkNanos(LockSupport.java:215)
        at java.util.concurrent.locks.AbstractQueuedSynchronizer$ConditionObject.awaitNanos(AbstractQueuedSynchronizer.java:2078)
        at java.util.concurrent.ScheduledThreadPoolExecutor$DelayedWorkQueue.take(ScheduledThreadPoolExecutor.java:1093)
        at java.util.concurrent.ScheduledThreadPoolExecutor$DelayedWorkQueue.take(ScheduledThreadPoolExecutor.java:809)
        at java.util.concurrent.ThreadPoolExecutor.getTask(ThreadPoolExecutor.java:1074)
        at java.util.concurrent.ThreadPoolExecutor.runWorker(ThreadPoolExecutor.java:1134)
        at java.util.concurrent.ThreadPoolExecutor$Worker.run(ThreadPoolExecutor.java:624)
        at java.lang.Thread.run(Thread.java:750)
"f48f5eaa-c865-41e1-958d-4d574a609fc9@group-C860D8A7810C-StateMachineUpdater" daemon prio=5 tid=583 timed_waiting
java.lang.Thread.State: TIMED_WAITING
        at sun.misc.Unsafe.park(Native Method)
        at java.util.concurrent.locks.LockSupport.parkNanos(LockSupport.java:215)
        at java.util.concurrent.locks.AbstractQueuedSynchronizer$ConditionObject.await(AbstractQueuedSynchronizer.java:2163)
        at org.apache.ratis.util.AwaitForSignal.await(AwaitForSignal.java:62)
        at org.apache.ratis.server.impl.StateMachineUpdater.waitForCommit(StateMachineUpdater.java:207)
        at org.apache.ratis.server.impl.StateMachineUpdater.run(StateMachineUpdater.java:176)
        at java.lang.Thread.run(Thread.java:750)
"qtp348292129-216" daemon prio=5 tid=216 timed_waiting
java.lang.Thread.State: TIMED_WAITING
        at sun.misc.Unsafe.park(Native Method)
        at java.util.concurrent.locks.LockSupport.parkNanos(LockSupport.java:215)
        at java.util.concurrent.locks.AbstractQueuedSynchronizer$ConditionObject.awaitNanos(AbstractQueuedSynchronizer.java:2078)
        at org.eclipse.jetty.util.BlockingArrayQueue.poll(BlockingArrayQueue.java:382)
        at org.eclipse.jetty.util.thread.QueuedThreadPool$Runner.idleJobPoll(QueuedThreadPool.java:974)
        at org.eclipse.jetty.util.thread.QueuedThreadPool$Runner.run(QueuedThreadPool.java:1018)
        at java.lang.Thread.run(Thread.java:750)
"ChunkReader-1" daemon prio=5 tid=848 in Object.wait()
java.lang.Thread.State: WAITING (on object monitor)
        at sun.misc.Unsafe.park(Native Method)
        at java.util.concurrent.locks.LockSupport.park(LockSupport.java:175)
        at java.util.concurrent.locks.AbstractQueuedSynchronizer$ConditionObject.await(AbstractQueuedSynchronizer.java:2039)
        at java.util.concurrent.LinkedBlockingQueue.take(LinkedBlockingQueue.java:442)
        at java.util.concurrent.ThreadPoolExecutor.getTask(ThreadPoolExecutor.java:1074)
        at java.util.concurrent.ThreadPoolExecutor.runWorker(ThreadPoolExecutor.java:1134)
        at java.util.concurrent.ThreadPoolExecutor$Worker.run(ThreadPoolExecutor.java:624)
        at java.lang.Thread.run(Thread.java:750)
"EventQueue-CloseContainerForCloseContainerEventHandler" daemon prio=5 tid=897 in Object.wait()
java.lang.Thread.State: WAITING (on object monitor)
        at sun.misc.Unsafe.park(Native Method)
        at java.util.concurrent.locks.LockSupport.park(LockSupport.java:175)
        at java.util.concurrent.locks.AbstractQueuedSynchronizer$ConditionObject.await(AbstractQueuedSynchronizer.java:2039)
        at java.util.concurrent.LinkedBlockingQueue.take(LinkedBlockingQueue.java:442)
        at java.util.concurrent.ThreadPoolExecutor.getTask(ThreadPoolExecutor.java:1074)
        at java.util.concurrent.ThreadPoolExecutor.runWorker(ThreadPoolExecutor.java:1134)
        at java.util.concurrent.ThreadPoolExecutor$Worker.run(ThreadPoolExecutor.java:624)
        at java.lang.Thread.run(Thread.java:750)
"qtp275359862-983" daemon prio=5 tid=983 timed_waiting
java.lang.Thread.State: TIMED_WAITING
        at sun.misc.Unsafe.park(Native Method)
        at java.util.concurrent.locks.LockSupport.parkNanos(LockSupport.java:215)
        at java.util.concurrent.locks.AbstractQueuedSynchronizer$ConditionObject.awaitNanos(AbstractQueuedSynchronizer.java:2078)
        at org.eclipse.jetty.util.BlockingArrayQueue.poll(BlockingArrayQueue.java:382)
        at org.eclipse.jetty.util.thread.QueuedThreadPool$Runner.idleJobPoll(QueuedThreadPool.java:974)
        at org.eclipse.jetty.util.thread.QueuedThreadPool$Runner.run(QueuedThreadPool.java:1018)
        at java.lang.Thread.run(Thread.java:750)
"StaleRecoveringContainerScrubbingService#3" daemon prio=5 tid=875 in Object.wait()
java.lang.Thread.State: WAITING (on object monitor)
        at sun.misc.Unsafe.park(Native Method)
        at java.util.concurrent.locks.LockSupport.park(LockSupport.java:175)
        at java.util.concurrent.locks.AbstractQueuedSynchronizer$ConditionObject.await(AbstractQueuedSynchronizer.java:2039)
        at java.util.concurrent.ScheduledThreadPoolExecutor$DelayedWorkQueue.take(ScheduledThreadPoolExecutor.java:1088)
        at java.util.concurrent.ScheduledThreadPoolExecutor$DelayedWorkQueue.take(ScheduledThreadPoolExecutor.java:809)
        at java.util.concurrent.ThreadPoolExecutor.getTask(ThreadPoolExecutor.java:1074)
        at java.util.concurrent.ThreadPoolExecutor.runWorker(ThreadPoolExecutor.java:1134)
        at java.util.concurrent.ThreadPoolExecutor$Worker.run(ThreadPoolExecutor.java:624)
        at java.lang.Thread.run(Thread.java:750)
"qtp275359862-977" daemon prio=5 tid=977 runnable
java.lang.Thread.State: RUNNABLE
        at sun.nio.ch.EPollArrayWrapper.epollWait(Native Method)
        at sun.nio.ch.EPollArrayWrapper.poll(EPollArrayWrapper.java:269)
        at sun.nio.ch.EPollSelectorImpl.doSelect(EPollSelectorImpl.java:93)
        at sun.nio.ch.SelectorImpl.lockAndDoSelect(SelectorImpl.java:86)
        at sun.nio.ch.SelectorImpl.select(SelectorImpl.java:97)
        at sun.nio.ch.SelectorImpl.select(SelectorImpl.java:101)
        at org.eclipse.jetty.io.ManagedSelector.nioSelect(ManagedSelector.java:183)
        at org.eclipse.jetty.io.ManagedSelector.select(ManagedSelector.java:190)
        at org.eclipse.jetty.io.ManagedSelector$SelectorProducer.select(ManagedSelector.java:606)
        at org.eclipse.jetty.io.ManagedSelector$SelectorProducer.produce(ManagedSelector.java:543)
        at org.eclipse.jetty.util.thread.strategy.EatWhatYouKill.produceTask(EatWhatYouKill.java:362)
        at org.eclipse.jetty.util.thread.strategy.EatWhatYouKill.doProduce(EatWhatYouKill.java:186)
        at org.eclipse.jetty.util.thread.strategy.EatWhatYouKill.tryProduce(EatWhatYouKill.java:173)
        at org.eclipse.jetty.util.thread.strategy.EatWhatYouKill.produce(EatWhatYouKill.java:137)
        at org.eclipse.jetty.io.ManagedSelector$$Lambda$444/1185648203.run(Unknown Source)
        at org.eclipse.jetty.util.thread.QueuedThreadPool.runJob(QueuedThreadPool.java:883)
        at org.eclipse.jetty.util.thread.QueuedThreadPool$Runner.run(QueuedThreadPool.java:1034)
        at java.lang.Thread.run(Thread.java:750)
"IPC Server handler 10 on default port 43931" daemon prio=5 tid=96 timed_waiting
java.lang.Thread.State: TIMED_WAITING
        at sun.misc.Unsafe.park(Native Method)
        at java.util.concurrent.locks.LockSupport.parkNanos(LockSupport.java:215)
        at java.util.concurrent.locks.AbstractQueuedSynchronizer$ConditionObject.awaitNanos(AbstractQueuedSynchronizer.java:2078)
        at java.util.concurrent.LinkedBlockingQueue.poll(LinkedBlockingQueue.java:467)
        at org.apache.hadoop.ipc.CallQueueManager.take(CallQueueManager.java:317)
        at org.apache.hadoop.ipc.Server$Handler.run(Server.java:2942)
"Socket Reader #1 for port 0"  prio=5 tid=130 runnable
java.lang.Thread.State: RUNNABLE
        at sun.nio.ch.EPollArrayWrapper.epollWait(Native Method)
        at sun.nio.ch.EPollArrayWrapper.poll(EPollArrayWrapper.java:269)
        at sun.nio.ch.EPollSelectorImpl.doSelect(EPollSelectorImpl.java:93)
        at sun.nio.ch.SelectorImpl.lockAndDoSelect(SelectorImpl.java:86)
        at sun.nio.ch.SelectorImpl.select(SelectorImpl.java:97)
        at sun.nio.ch.SelectorImpl.select(SelectorImpl.java:101)
        at org.apache.hadoop.ipc.Server$Listener$Reader.doRunLoop(Server.java:1296)
        at org.apache.hadoop.ipc.Server$Listener$Reader.run(Server.java:1275)
"StaleRecoveringContainerScrubbingService#1" daemon prio=5 tid=426 in Object.wait()
java.lang.Thread.State: WAITING (on object monitor)
        at sun.misc.Unsafe.park(Native Method)
        at java.util.concurrent.locks.LockSupport.park(LockSupport.java:175)
        at java.util.concurrent.locks.AbstractQueuedSynchronizer$ConditionObject.await(AbstractQueuedSynchronizer.java:2039)
        at java.util.concurrent.ScheduledThreadPoolExecutor$DelayedWorkQueue.take(ScheduledThreadPoolExecutor.java:1088)
        at java.util.concurrent.ScheduledThreadPoolExecutor$DelayedWorkQueue.take(ScheduledThreadPoolExecutor.java:809)
        at java.util.concurrent.ThreadPoolExecutor.getTask(ThreadPoolExecutor.java:1074)
        at java.util.concurrent.ThreadPoolExecutor.runWorker(ThreadPoolExecutor.java:1134)
        at java.util.concurrent.ThreadPoolExecutor$Worker.run(ThreadPoolExecutor.java:624)
        at java.lang.Thread.run(Thread.java:750)
"307c9a4a-d135-41f7-b2cf-6e79e9d930c6@group-B9F234375034-LeaderStateImpl" daemon prio=5 tid=834 timed_waiting
java.lang.Thread.State: TIMED_WAITING
        at sun.misc.Unsafe.park(Native Method)
        at java.util.concurrent.locks.LockSupport.parkNanos(LockSupport.java:215)
        at java.util.concurrent.locks.AbstractQueuedSynchronizer$ConditionObject.awaitNanos(AbstractQueuedSynchronizer.java:2078)
        at java.util.concurrent.ArrayBlockingQueue.poll(ArrayBlockingQueue.java:418)
        at org.apache.ratis.server.impl.LeaderStateImpl$EventQueue.poll(LeaderStateImpl.java:159)
        at org.apache.ratis.server.impl.LeaderStateImpl$EventProcessor.run(LeaderStateImpl.java:630)
"Datanode ReportManager Thread - 4" daemon prio=5 tid=225 timed_waiting
java.lang.Thread.State: TIMED_WAITING
        at sun.misc.Unsafe.park(Native Method)
        at java.util.concurrent.locks.LockSupport.parkNanos(LockSupport.java:215)
        at java.util.concurrent.locks.AbstractQueuedSynchronizer$ConditionObject.awaitNanos(AbstractQueuedSynchronizer.java:2078)
        at java.util.concurrent.ScheduledThreadPoolExecutor$DelayedWorkQueue.take(ScheduledThreadPoolExecutor.java:1093)
        at java.util.concurrent.ScheduledThreadPoolExecutor$DelayedWorkQueue.take(ScheduledThreadPoolExecutor.java:809)
        at java.util.concurrent.ThreadPoolExecutor.getTask(ThreadPoolExecutor.java:1074)
        at java.util.concurrent.ThreadPoolExecutor.runWorker(ThreadPoolExecutor.java:1134)
        at java.util.concurrent.ThreadPoolExecutor$Worker.run(ThreadPoolExecutor.java:624)
        at java.lang.Thread.run(Thread.java:750)
"org.apache.hadoop.ozone.container.common.statemachine.commandhandler.DeleteBlocksCommandHandler$DeleteCmdWorker@11bcca2e" daemon prio=5 tid=975 timed_waiting
java.lang.Thread.State: TIMED_WAITING
        at java.lang.Thread.sleep(Native Method)
        at org.apache.hadoop.ozone.container.common.statemachine.commandhandler.DeleteBlocksCommandHandler$DeleteCmdWorker.run(DeleteBlocksCommandHandler.java:184)
        at java.lang.Thread.run(Thread.java:750)
"Session-HouseKeeper-13879c47-1"  prio=5 tid=271 timed_waiting
java.lang.Thread.State: TIMED_WAITING
        at sun.misc.Unsafe.park(Native Method)
        at java.util.concurrent.locks.LockSupport.parkNanos(LockSupport.java:215)
        at java.util.concurrent.locks.AbstractQueuedSynchronizer$ConditionObject.awaitNanos(AbstractQueuedSynchronizer.java:2078)
        at java.util.concurrent.ScheduledThreadPoolExecutor$DelayedWorkQueue.take(ScheduledThreadPoolExecutor.java:1093)
        at java.util.concurrent.ScheduledThreadPoolExecutor$DelayedWorkQueue.take(ScheduledThreadPoolExecutor.java:809)
        at java.util.concurrent.ThreadPoolExecutor.getTask(ThreadPoolExecutor.java:1074)
        at java.util.concurrent.ThreadPoolExecutor.runWorker(ThreadPoolExecutor.java:1134)
        at java.util.concurrent.ThreadPoolExecutor$Worker.run(ThreadPoolExecutor.java:624)
        at java.lang.Thread.run(Thread.java:750)
"IPC Server handler 15 on default port 39139" daemon prio=5 tid=168 timed_waiting
java.lang.Thread.State: TIMED_WAITING
        at sun.misc.Unsafe.park(Native Method)
        at java.util.concurrent.locks.LockSupport.parkNanos(LockSupport.java:215)
        at java.util.concurrent.locks.AbstractQueuedSynchronizer$ConditionObject.awaitNanos(AbstractQueuedSynchronizer.java:2078)
        at java.util.concurrent.LinkedBlockingQueue.poll(LinkedBlockingQueue.java:467)
        at org.apache.hadoop.ipc.CallQueueManager.take(CallQueueManager.java:317)
        at org.apache.hadoop.ipc.Server$Handler.run(Server.java:2942)
"PartialTableCache Cleanup Thread - 0" daemon prio=5 tid=828 in Object.wait()
java.lang.Thread.State: WAITING (on object monitor)
        at sun.misc.Unsafe.park(Native Method)
        at java.util.concurrent.locks.LockSupport.park(LockSupport.java:175)
        at java.util.concurrent.locks.AbstractQueuedSynchronizer$ConditionObject.await(AbstractQueuedSynchronizer.java:2039)
        at java.util.concurrent.LinkedBlockingQueue.take(LinkedBlockingQueue.java:442)
        at java.util.concurrent.ThreadPoolExecutor.getTask(ThreadPoolExecutor.java:1074)
        at java.util.concurrent.ThreadPoolExecutor.runWorker(ThreadPoolExecutor.java:1134)
        at java.util.concurrent.ThreadPoolExecutor$Worker.run(ThreadPoolExecutor.java:624)
        at java.lang.Thread.run(Thread.java:750)
"om1-client-thread1" daemon prio=5 tid=816 timed_waiting
java.lang.Thread.State: TIMED_WAITING
        at sun.misc.Unsafe.park(Native Method)
        at java.util.concurrent.locks.LockSupport.parkNanos(LockSupport.java:215)
        at java.util.concurrent.SynchronousQueue$TransferStack.awaitFulfill(SynchronousQueue.java:460)
        at java.util.concurrent.SynchronousQueue$TransferStack.transfer(SynchronousQueue.java:362)
        at java.util.concurrent.SynchronousQueue.poll(SynchronousQueue.java:941)
        at java.util.concurrent.ThreadPoolExecutor.getTask(ThreadPoolExecutor.java:1073)
        at java.util.concurrent.ThreadPoolExecutor.runWorker(ThreadPoolExecutor.java:1134)
        at java.util.concurrent.ThreadPoolExecutor$Worker.run(ThreadPoolExecutor.java:624)
        at java.lang.Thread.run(Thread.java:750)
"IPC Server handler 13 on default port 38215" daemon prio=5 tid=79 timed_waiting
java.lang.Thread.State: TIMED_WAITING
        at sun.misc.Unsafe.park(Native Method)
        at java.util.concurrent.locks.LockSupport.parkNanos(LockSupport.java:215)
        at java.util.concurrent.locks.AbstractQueuedSynchronizer$ConditionObject.awaitNanos(AbstractQueuedSynchronizer.java:2078)
        at java.util.concurrent.LinkedBlockingQueue.poll(LinkedBlockingQueue.java:467)
        at org.apache.hadoop.ipc.CallQueueManager.take(CallQueueManager.java:317)
        at org.apache.hadoop.ipc.Server$Handler.run(Server.java:2942)
"Command processor thread" daemon prio=5 tid=445 timed_waiting
java.lang.Thread.State: TIMED_WAITING
        at java.lang.Thread.sleep(Native Method)
        at org.apache.hadoop.ozone.container.common.statemachine.DatanodeStateMachine.lambda$initCommandHandlerThread$3(DatanodeStateMachine.java:641)
        at org.apache.hadoop.ozone.container.common.statemachine.DatanodeStateMachine$$Lambda$755/788578843.run(Unknown Source)
        at java.lang.Thread.run(Thread.java:750)
"StaleRecoveringContainerScrubbingService#5" daemon prio=5 tid=1017 in Object.wait()
java.lang.Thread.State: WAITING (on object monitor)
        at sun.misc.Unsafe.park(Native Method)
        at java.util.concurrent.locks.LockSupport.park(LockSupport.java:175)
        at java.util.concurrent.locks.AbstractQueuedSynchronizer$ConditionObject.await(AbstractQueuedSynchronizer.java:2039)
        at java.util.concurrent.ScheduledThreadPoolExecutor$DelayedWorkQueue.take(ScheduledThreadPoolExecutor.java:1088)
        at java.util.concurrent.ScheduledThreadPoolExecutor$DelayedWorkQueue.take(ScheduledThreadPoolExecutor.java:809)
        at java.util.concurrent.ThreadPoolExecutor.getTask(ThreadPoolExecutor.java:1074)
        at java.util.concurrent.ThreadPoolExecutor.runWorker(ThreadPoolExecutor.java:1134)
        at java.util.concurrent.ThreadPoolExecutor$Worker.run(ThreadPoolExecutor.java:624)
        at java.lang.Thread.run(Thread.java:750)
"StaleRecoveringContainerScrubbingService#4" daemon prio=5 tid=938 in Object.wait()
java.lang.Thread.State: WAITING (on object monitor)
        at sun.misc.Unsafe.park(Native Method)
        at java.util.concurrent.locks.LockSupport.park(LockSupport.java:175)
        at java.util.concurrent.locks.AbstractQueuedSynchronizer$ConditionObject.await(AbstractQueuedSynchronizer.java:2039)
        at java.util.concurrent.ScheduledThreadPoolExecutor$DelayedWorkQueue.take(ScheduledThreadPoolExecutor.java:1088)
        at java.util.concurrent.ScheduledThreadPoolExecutor$DelayedWorkQueue.take(ScheduledThreadPoolExecutor.java:809)
        at java.util.concurrent.ThreadPoolExecutor.getTask(ThreadPoolExecutor.java:1074)
        at java.util.concurrent.ThreadPoolExecutor.runWorker(ThreadPoolExecutor.java:1134)
        at java.util.concurrent.ThreadPoolExecutor$Worker.run(ThreadPoolExecutor.java:624)
        at java.lang.Thread.run(Thread.java:750)
"Datanode ReportManager Thread - 2" daemon prio=5 tid=275 in Object.wait()
java.lang.Thread.State: WAITING (on object monitor)
        at sun.misc.Unsafe.park(Native Method)
        at java.util.concurrent.locks.LockSupport.park(LockSupport.java:175)
        at java.util.concurrent.locks.AbstractQueuedSynchronizer$ConditionObject.await(AbstractQueuedSynchronizer.java:2039)
        at java.util.concurrent.ScheduledThreadPoolExecutor$DelayedWorkQueue.take(ScheduledThreadPoolExecutor.java:1088)
        at java.util.concurrent.ScheduledThreadPoolExecutor$DelayedWorkQueue.take(ScheduledThreadPoolExecutor.java:809)
        at java.util.concurrent.ThreadPoolExecutor.getTask(ThreadPoolExecutor.java:1074)
        at java.util.concurrent.ThreadPoolExecutor.runWorker(ThreadPoolExecutor.java:1134)
        at java.util.concurrent.ThreadPoolExecutor$Worker.run(ThreadPoolExecutor.java:624)
        at java.lang.Thread.run(Thread.java:750)
"307c9a4a-d135-41f7-b2cf-6e79e9d930c6@group-B9F234375034-SegmentedRaftLogWorker"  prio=5 tid=668 timed_waiting
java.lang.Thread.State: TIMED_WAITING
        at sun.misc.Unsafe.park(Native Method)
        at java.util.concurrent.locks.LockSupport.parkNanos(LockSupport.java:215)
        at java.util.concurrent.locks.AbstractQueuedSynchronizer$ConditionObject.awaitNanos(AbstractQueuedSynchronizer.java:2078)
        at org.apache.ratis.util.DataBlockingQueue.poll(DataBlockingQueue.java:148)
        at org.apache.ratis.server.raftlog.segmented.SegmentedRaftLogWorker.run(SegmentedRaftLogWorker.java:312)
        at org.apache.ratis.server.raftlog.segmented.SegmentedRaftLogWorker$$Lambda$667/1365285756.run(Unknown Source)
        at java.lang.Thread.run(Thread.java:750)
"StaleRecoveringContainerScrubbingService#4" daemon prio=5 tid=941 in Object.wait()
java.lang.Thread.State: WAITING (on object monitor)
        at sun.misc.Unsafe.park(Native Method)
        at java.util.concurrent.locks.LockSupport.park(LockSupport.java:175)
        at java.util.concurrent.locks.AbstractQueuedSynchronizer$ConditionObject.await(AbstractQueuedSynchronizer.java:2039)
        at java.util.concurrent.ScheduledThreadPoolExecutor$DelayedWorkQueue.take(ScheduledThreadPoolExecutor.java:1088)
        at java.util.concurrent.ScheduledThreadPoolExecutor$DelayedWorkQueue.take(ScheduledThreadPoolExecutor.java:809)
        at java.util.concurrent.ThreadPoolExecutor.getTask(ThreadPoolExecutor.java:1074)
        at java.util.concurrent.ThreadPoolExecutor.runWorker(ThreadPoolExecutor.java:1134)
        at java.util.concurrent.ThreadPoolExecutor$Worker.run(ThreadPoolExecutor.java:624)
        at java.lang.Thread.run(Thread.java:750)
"IPC Server handler 11 on default port 34787" daemon prio=5 tid=57 timed_waiting
java.lang.Thread.State: TIMED_WAITING
        at sun.misc.Unsafe.park(Native Method)
        at java.util.concurrent.locks.LockSupport.parkNanos(LockSupport.java:215)
        at java.util.concurrent.locks.AbstractQueuedSynchronizer$ConditionObject.awaitNanos(AbstractQueuedSynchronizer.java:2078)
        at java.util.concurrent.LinkedBlockingQueue.poll(LinkedBlockingQueue.java:467)
        at org.apache.hadoop.ipc.CallQueueManager.take(CallQueueManager.java:317)
        at org.apache.hadoop.ipc.Server$Handler.run(Server.java:2942)
"f48f5eaa-c865-41e1-958d-4d574a609fc9@group-E13D6F209EBE-StateMachineUpdater" daemon prio=5 tid=608 timed_waiting
java.lang.Thread.State: TIMED_WAITING
        at sun.misc.Unsafe.park(Native Method)
        at java.util.concurrent.locks.LockSupport.parkNanos(LockSupport.java:215)
        at java.util.concurrent.locks.AbstractQueuedSynchronizer$ConditionObject.await(AbstractQueuedSynchronizer.java:2163)
        at org.apache.ratis.util.AwaitForSignal.await(AwaitForSignal.java:62)
        at org.apache.ratis.server.impl.StateMachineUpdater.waitForCommit(StateMachineUpdater.java:207)
        at org.apache.ratis.server.impl.StateMachineUpdater.run(StateMachineUpdater.java:176)
        at java.lang.Thread.run(Thread.java:750)
"Datanode State Machine Task Thread - 1"  prio=5 tid=504 in Object.wait()
java.lang.Thread.State: WAITING (on object monitor)
        at sun.misc.Unsafe.park(Native Method)
        at java.util.concurrent.locks.LockSupport.park(LockSupport.java:175)
        at java.util.concurrent.locks.AbstractQueuedSynchronizer$ConditionObject.await(AbstractQueuedSynchronizer.java:2039)
        at java.util.concurrent.LinkedBlockingQueue.take(LinkedBlockingQueue.java:442)
        at java.util.concurrent.ThreadPoolExecutor.getTask(ThreadPoolExecutor.java:1074)
        at java.util.concurrent.ThreadPoolExecutor.runWorker(ThreadPoolExecutor.java:1134)
        at java.util.concurrent.ThreadPoolExecutor$Worker.run(ThreadPoolExecutor.java:624)
        at java.lang.Thread.run(Thread.java:750)
"qtp1728369813-395" daemon prio=5 tid=395 timed_waiting
java.lang.Thread.State: TIMED_WAITING
        at sun.misc.Unsafe.park(Native Method)
        at java.util.concurrent.locks.LockSupport.parkNanos(LockSupport.java:215)
        at java.util.concurrent.locks.AbstractQueuedSynchronizer$ConditionObject.awaitNanos(AbstractQueuedSynchronizer.java:2078)
        at org.eclipse.jetty.util.BlockingArrayQueue.poll(BlockingArrayQueue.java:382)
        at org.eclipse.jetty.util.thread.QueuedThreadPool$Runner.idleJobPoll(QueuedThreadPool.java:974)
        at org.eclipse.jetty.util.thread.QueuedThreadPool$Runner.run(QueuedThreadPool.java:1018)
        at java.lang.Thread.run(Thread.java:750)
"IPC Server handler 9 on default port 38215" daemon prio=5 tid=75 timed_waiting
java.lang.Thread.State: TIMED_WAITING
        at sun.misc.Unsafe.park(Native Method)
        at java.util.concurrent.locks.LockSupport.parkNanos(LockSupport.java:215)
        at java.util.concurrent.locks.AbstractQueuedSynchronizer$ConditionObject.awaitNanos(AbstractQueuedSynchronizer.java:2078)
        at java.util.concurrent.LinkedBlockingQueue.poll(LinkedBlockingQueue.java:467)
        at org.apache.hadoop.ipc.CallQueueManager.take(CallQueueManager.java:317)
        at org.apache.hadoop.ipc.Server$Handler.run(Server.java:2942)
"ChunkReader-3" daemon prio=5 tid=865 in Object.wait()
java.lang.Thread.State: WAITING (on object monitor)
        at sun.misc.Unsafe.park(Native Method)
        at java.util.concurrent.locks.LockSupport.park(LockSupport.java:175)
        at java.util.concurrent.locks.AbstractQueuedSynchronizer$ConditionObject.await(AbstractQueuedSynchronizer.java:2039)
        at java.util.concurrent.LinkedBlockingQueue.take(LinkedBlockingQueue.java:442)
        at java.util.concurrent.ThreadPoolExecutor.getTask(ThreadPoolExecutor.java:1074)
        at java.util.concurrent.ThreadPoolExecutor.runWorker(ThreadPoolExecutor.java:1134)
        at java.util.concurrent.ThreadPoolExecutor$Worker.run(ThreadPoolExecutor.java:624)
        at java.lang.Thread.run(Thread.java:750)
"StaleRecoveringContainerScrubbingService#0" daemon prio=5 tid=385 in Object.wait()
java.lang.Thread.State: WAITING (on object monitor)
        at sun.misc.Unsafe.park(Native Method)
        at java.util.concurrent.locks.LockSupport.park(LockSupport.java:175)
        at java.util.concurrent.locks.AbstractQueuedSynchronizer$ConditionObject.await(AbstractQueuedSynchronizer.java:2039)
        at java.util.concurrent.ScheduledThreadPoolExecutor$DelayedWorkQueue.take(ScheduledThreadPoolExecutor.java:1088)
        at java.util.concurrent.ScheduledThreadPoolExecutor$DelayedWorkQueue.take(ScheduledThreadPoolExecutor.java:809)
        at java.util.concurrent.ThreadPoolExecutor.getTask(ThreadPoolExecutor.java:1074)
        at java.util.concurrent.ThreadPoolExecutor.runWorker(ThreadPoolExecutor.java:1134)
        at java.util.concurrent.ThreadPoolExecutor$Worker.run(ThreadPoolExecutor.java:624)
        at java.lang.Thread.run(Thread.java:750)
"IPC Server handler 4 on default port 43931" daemon prio=5 tid=90 timed_waiting
java.lang.Thread.State: TIMED_WAITING
        at sun.misc.Unsafe.park(Native Method)
        at java.util.concurrent.locks.LockSupport.parkNanos(LockSupport.java:215)
        at java.util.concurrent.locks.AbstractQueuedSynchronizer$ConditionObject.awaitNanos(AbstractQueuedSynchronizer.java:2078)
        at java.util.concurrent.LinkedBlockingQueue.poll(LinkedBlockingQueue.java:467)
        at org.apache.hadoop.ipc.CallQueueManager.take(CallQueueManager.java:317)
        at org.apache.hadoop.ipc.Server$Handler.run(Server.java:2942)
"18a879af-de93-4167-9a98-f5b552aa8b4b@group-2D59408575FD-LeaderStateImpl" daemon prio=5 tid=693 timed_waiting
java.lang.Thread.State: TIMED_WAITING
        at sun.misc.Unsafe.park(Native Method)
        at java.util.concurrent.locks.LockSupport.parkNanos(LockSupport.java:215)
        at java.util.concurrent.locks.AbstractQueuedSynchronizer$ConditionObject.awaitNanos(AbstractQueuedSynchronizer.java:2078)
        at java.util.concurrent.ArrayBlockingQueue.poll(ArrayBlockingQueue.java:418)
        at org.apache.ratis.server.impl.LeaderStateImpl$EventQueue.poll(LeaderStateImpl.java:159)
        at org.apache.ratis.server.impl.LeaderStateImpl$EventProcessor.run(LeaderStateImpl.java:630)
"qtp218303955-360" daemon prio=5 tid=360 timed_waiting
java.lang.Thread.State: TIMED_WAITING
        at sun.misc.Unsafe.park(Native Method)
        at java.util.concurrent.locks.LockSupport.parkNanos(LockSupport.java:215)
        at java.util.concurrent.locks.AbstractQueuedSynchronizer$ConditionObject.awaitNanos(AbstractQueuedSynchronizer.java:2078)
        at org.eclipse.jetty.util.BlockingArrayQueue.poll(BlockingArrayQueue.java:382)
        at org.eclipse.jetty.util.thread.QueuedThreadPool$Runner.idleJobPoll(QueuedThreadPool.java:974)
        at org.eclipse.jetty.util.thread.QueuedThreadPool$Runner.run(QueuedThreadPool.java:1018)
        at java.lang.Thread.run(Thread.java:750)
"BlockDeletingService#0" daemon prio=5 tid=525 timed_waiting
java.lang.Thread.State: TIMED_WAITING
        at sun.misc.Unsafe.park(Native Method)
        at java.util.concurrent.locks.LockSupport.parkNanos(LockSupport.java:215)
        at java.util.concurrent.locks.AbstractQueuedSynchronizer$ConditionObject.awaitNanos(AbstractQueuedSynchronizer.java:2078)
        at java.util.concurrent.ScheduledThreadPoolExecutor$DelayedWorkQueue.take(ScheduledThreadPoolExecutor.java:1093)
        at java.util.concurrent.ScheduledThreadPoolExecutor$DelayedWorkQueue.take(ScheduledThreadPoolExecutor.java:809)
        at java.util.concurrent.ThreadPoolExecutor.getTask(ThreadPoolExecutor.java:1074)
        at java.util.concurrent.ThreadPoolExecutor.runWorker(ThreadPoolExecutor.java:1134)
        at java.util.concurrent.ThreadPoolExecutor$Worker.run(ThreadPoolExecutor.java:624)
        at java.lang.Thread.run(Thread.java:750)
"Datanode ReportManager Thread - 2" daemon prio=5 tid=442 in Object.wait()
java.lang.Thread.State: WAITING (on object monitor)
        at sun.misc.Unsafe.park(Native Method)
        at java.util.concurrent.locks.LockSupport.park(LockSupport.java:175)
        at java.util.concurrent.locks.AbstractQueuedSynchronizer$ConditionObject.await(AbstractQueuedSynchronizer.java:2039)
        at java.util.concurrent.ScheduledThreadPoolExecutor$DelayedWorkQueue.take(ScheduledThreadPoolExecutor.java:1088)
        at java.util.concurrent.ScheduledThreadPoolExecutor$DelayedWorkQueue.take(ScheduledThreadPoolExecutor.java:809)
        at java.util.concurrent.ThreadPoolExecutor.getTask(ThreadPoolExecutor.java:1074)
        at java.util.concurrent.ThreadPoolExecutor.runWorker(ThreadPoolExecutor.java:1134)
        at java.util.concurrent.ThreadPoolExecutor$Worker.run(ThreadPoolExecutor.java:624)
        at java.lang.Thread.run(Thread.java:750)
"6a413ed4-87ae-4509-b51d-2f5d21600f9c-server-thread2" daemon prio=5 tid=839 timed_waiting
java.lang.Thread.State: TIMED_WAITING
        at sun.misc.Unsafe.park(Native Method)
        at java.util.concurrent.locks.LockSupport.parkNanos(LockSupport.java:215)
        at java.util.concurrent.SynchronousQueue$TransferStack.awaitFulfill(SynchronousQueue.java:460)
        at java.util.concurrent.SynchronousQueue$TransferStack.transfer(SynchronousQueue.java:362)
        at java.util.concurrent.SynchronousQueue.poll(SynchronousQueue.java:941)
        at java.util.concurrent.ThreadPoolExecutor.getTask(ThreadPoolExecutor.java:1073)
        at java.util.concurrent.ThreadPoolExecutor.runWorker(ThreadPoolExecutor.java:1134)
        at java.util.concurrent.ThreadPoolExecutor$Worker.run(ThreadPoolExecutor.java:624)
        at java.lang.Thread.run(Thread.java:750)
"StaleRecoveringContainerScrubbingService#6" daemon prio=5 tid=1115 in Object.wait()
java.lang.Thread.State: WAITING (on object monitor)
        at sun.misc.Unsafe.park(Native Method)
        at java.util.concurrent.locks.LockSupport.park(LockSupport.java:175)
        at java.util.concurrent.locks.AbstractQueuedSynchronizer$ConditionObject.await(AbstractQueuedSynchronizer.java:2039)
        at java.util.concurrent.ScheduledThreadPoolExecutor$DelayedWorkQueue.take(ScheduledThreadPoolExecutor.java:1088)
        at java.util.concurrent.ScheduledThreadPoolExecutor$DelayedWorkQueue.take(ScheduledThreadPoolExecutor.java:809)
        at java.util.concurrent.ThreadPoolExecutor.getTask(ThreadPoolExecutor.java:1074)
        at java.util.concurrent.ThreadPoolExecutor.runWorker(ThreadPoolExecutor.java:1134)
        at java.util.concurrent.ThreadPoolExecutor$Worker.run(ThreadPoolExecutor.java:624)
        at java.lang.Thread.run(Thread.java:750)
"qtp218303955-356" daemon prio=5 tid=356 timed_waiting
java.lang.Thread.State: TIMED_WAITING
        at sun.misc.Unsafe.park(Native Method)
        at java.util.concurrent.locks.LockSupport.parkNanos(LockSupport.java:215)
        at java.util.concurrent.locks.AbstractQueuedSynchronizer$ConditionObject.awaitNanos(AbstractQueuedSynchronizer.java:2078)
        at org.eclipse.jetty.util.BlockingArrayQueue.poll(BlockingArrayQueue.java:382)
        at org.eclipse.jetty.util.thread.QueuedThreadPool$Runner.idleJobPoll(QueuedThreadPool.java:974)
        at org.eclipse.jetty.util.thread.QueuedThreadPool$Runner.run(QueuedThreadPool.java:1018)
        at java.lang.Thread.run(Thread.java:750)
"ChunkWriter-2-0" daemon prio=5 tid=545 in Object.wait()
java.lang.Thread.State: WAITING (on object monitor)
        at sun.misc.Unsafe.park(Native Method)
        at java.util.concurrent.locks.LockSupport.park(LockSupport.java:175)
        at java.util.concurrent.locks.AbstractQueuedSynchronizer$ConditionObject.await(AbstractQueuedSynchronizer.java:2039)
        at java.util.concurrent.LinkedBlockingDeque.takeFirst(LinkedBlockingDeque.java:492)
        at java.util.concurrent.LinkedBlockingDeque.take(LinkedBlockingDeque.java:680)
        at java.util.concurrent.ThreadPoolExecutor.getTask(ThreadPoolExecutor.java:1074)
        at java.util.concurrent.ThreadPoolExecutor.runWorker(ThreadPoolExecutor.java:1134)
        at java.util.concurrent.ThreadPoolExecutor$Worker.run(ThreadPoolExecutor.java:624)
        at java.lang.Thread.run(Thread.java:750)
"BlockDeletingService#3" daemon prio=5 tid=1170 in Object.wait()
java.lang.Thread.State: WAITING (on object monitor)
        at sun.misc.Unsafe.park(Native Method)
        at java.util.concurrent.locks.LockSupport.park(LockSupport.java:175)
        at java.util.concurrent.locks.AbstractQueuedSynchronizer$ConditionObject.await(AbstractQueuedSynchronizer.java:2039)
        at java.util.concurrent.ScheduledThreadPoolExecutor$DelayedWorkQueue.take(ScheduledThreadPoolExecutor.java:1088)
        at java.util.concurrent.ScheduledThreadPoolExecutor$DelayedWorkQueue.take(ScheduledThreadPoolExecutor.java:809)
        at java.util.concurrent.ThreadPoolExecutor.getTask(ThreadPoolExecutor.java:1074)
        at java.util.concurrent.ThreadPoolExecutor.runWorker(ThreadPoolExecutor.java:1134)
        at java.util.concurrent.ThreadPoolExecutor$Worker.run(ThreadPoolExecutor.java:624)
        at java.lang.Thread.run(Thread.java:750)
"Periodic HDDS volume checker" daemon prio=5 tid=969 timed_waiting
java.lang.Thread.State: TIMED_WAITING
        at sun.misc.Unsafe.park(Native Method)
        at java.util.concurrent.locks.LockSupport.parkNanos(LockSupport.java:215)
        at java.util.concurrent.locks.AbstractQueuedSynchronizer$ConditionObject.awaitNanos(AbstractQueuedSynchronizer.java:2078)
        at java.util.concurrent.ScheduledThreadPoolExecutor$DelayedWorkQueue.take(ScheduledThreadPoolExecutor.java:1093)
        at java.util.concurrent.ScheduledThreadPoolExecutor$DelayedWorkQueue.take(ScheduledThreadPoolExecutor.java:809)
        at java.util.concurrent.ThreadPoolExecutor.getTask(ThreadPoolExecutor.java:1074)
        at java.util.concurrent.ThreadPoolExecutor.runWorker(ThreadPoolExecutor.java:1134)
        at java.util.concurrent.ThreadPoolExecutor$Worker.run(ThreadPoolExecutor.java:624)
        at java.lang.Thread.run(Thread.java:750)
"fd07e5d7-2dd9-455a-a9b9-9dae4f4be123@group-FFC8E6C97F07-LeaderStateImpl" daemon prio=5 tid=1106 timed_waiting
java.lang.Thread.State: TIMED_WAITING
        at sun.misc.Unsafe.park(Native Method)
        at java.util.concurrent.locks.LockSupport.parkNanos(LockSupport.java:215)
        at java.util.concurrent.locks.AbstractQueuedSynchronizer$ConditionObject.awaitNanos(AbstractQueuedSynchronizer.java:2078)
        at java.util.concurrent.ArrayBlockingQueue.poll(ArrayBlockingQueue.java:418)
        at org.apache.ratis.server.impl.LeaderStateImpl$EventQueue.poll(LeaderStateImpl.java:159)
        at org.apache.ratis.server.impl.LeaderStateImpl$EventProcessor.run(LeaderStateImpl.java:630)
"IPC Server handler 6 on default port 34787" daemon prio=5 tid=52 timed_waiting
java.lang.Thread.State: TIMED_WAITING
        at sun.misc.Unsafe.park(Native Method)
        at java.util.concurrent.locks.LockSupport.parkNanos(LockSupport.java:215)
        at java.util.concurrent.locks.AbstractQueuedSynchronizer$ConditionObject.awaitNanos(AbstractQueuedSynchronizer.java:2078)
        at java.util.concurrent.LinkedBlockingQueue.poll(LinkedBlockingQueue.java:467)
        at org.apache.hadoop.ipc.CallQueueManager.take(CallQueueManager.java:317)
        at org.apache.hadoop.ipc.Server$Handler.run(Server.java:2942)
"org.apache.hadoop.ozone.container.common.statemachine.commandhandler.DeleteBlocksCommandHandler$DeleteCmdWorker@38e2e99e" daemon prio=5 tid=261 timed_waiting
java.lang.Thread.State: TIMED_WAITING
        at java.lang.Thread.sleep(Native Method)
        at org.apache.hadoop.ozone.container.common.statemachine.commandhandler.DeleteBlocksCommandHandler$DeleteCmdWorker.run(DeleteBlocksCommandHandler.java:184)
        at java.lang.Thread.run(Thread.java:750)
"IPC Server Responder" daemon prio=5 tid=132 runnable
java.lang.Thread.State: RUNNABLE
        at sun.nio.ch.EPollArrayWrapper.epollWait(Native Method)
        at sun.nio.ch.EPollArrayWrapper.poll(EPollArrayWrapper.java:269)
        at sun.nio.ch.EPollSelectorImpl.doSelect(EPollSelectorImpl.java:93)
        at sun.nio.ch.SelectorImpl.lockAndDoSelect(SelectorImpl.java:86)
        at sun.nio.ch.SelectorImpl.select(SelectorImpl.java:97)
        at org.apache.hadoop.ipc.Server$Responder.doRunLoop(Server.java:1532)
        at org.apache.hadoop.ipc.Server$Responder.run(Server.java:1515)
"StaleRecoveringContainerScrubbingService#5" daemon prio=5 tid=1027 in Object.wait()
java.lang.Thread.State: WAITING (on object monitor)
        at sun.misc.Unsafe.park(Native Method)
        at java.util.concurrent.locks.LockSupport.park(LockSupport.java:175)
        at java.util.concurrent.locks.AbstractQueuedSynchronizer$ConditionObject.await(AbstractQueuedSynchronizer.java:2039)
        at java.util.concurrent.ScheduledThreadPoolExecutor$DelayedWorkQueue.take(ScheduledThreadPoolExecutor.java:1088)
        at java.util.concurrent.ScheduledThreadPoolExecutor$DelayedWorkQueue.take(ScheduledThreadPoolExecutor.java:809)
        at java.util.concurrent.ThreadPoolExecutor.getTask(ThreadPoolExecutor.java:1074)
        at java.util.concurrent.ThreadPoolExecutor.runWorker(ThreadPoolExecutor.java:1134)
        at java.util.concurrent.ThreadPoolExecutor$Worker.run(ThreadPoolExecutor.java:624)
        at java.lang.Thread.run(Thread.java:750)
"ChunkReader-4" daemon prio=5 tid=958 in Object.wait()
java.lang.Thread.State: WAITING (on object monitor)
        at sun.misc.Unsafe.park(Native Method)
        at java.util.concurrent.locks.LockSupport.park(LockSupport.java:175)
        at java.util.concurrent.locks.AbstractQueuedSynchronizer$ConditionObject.await(AbstractQueuedSynchronizer.java:2039)
        at java.util.concurrent.LinkedBlockingQueue.take(LinkedBlockingQueue.java:442)
        at java.util.concurrent.ThreadPoolExecutor.getTask(ThreadPoolExecutor.java:1074)
        at java.util.concurrent.ThreadPoolExecutor.runWorker(ThreadPoolExecutor.java:1134)
        at java.util.concurrent.ThreadPoolExecutor$Worker.run(ThreadPoolExecutor.java:624)
        at java.lang.Thread.run(Thread.java:750)
"pool-54-thread-1"  prio=5 tid=126 in Object.wait()
java.lang.Thread.State: WAITING (on object monitor)
        at sun.misc.Unsafe.park(Native Method)
        at java.util.concurrent.locks.LockSupport.park(LockSupport.java:175)
        at java.util.concurrent.locks.AbstractQueuedSynchronizer$ConditionObject.await(AbstractQueuedSynchronizer.java:2039)
        at java.util.concurrent.LinkedBlockingQueue.take(LinkedBlockingQueue.java:442)
        at java.util.concurrent.ThreadPoolExecutor.getTask(ThreadPoolExecutor.java:1074)
        at java.util.concurrent.ThreadPoolExecutor.runWorker(ThreadPoolExecutor.java:1134)
        at java.util.concurrent.ThreadPoolExecutor$Worker.run(ThreadPoolExecutor.java:624)
        at java.lang.Thread.run(Thread.java:750)
"IPC Server Responder" daemon prio=5 tid=26 runnable
java.lang.Thread.State: RUNNABLE
        at sun.nio.ch.EPollArrayWrapper.epollWait(Native Method)
        at sun.nio.ch.EPollArrayWrapper.poll(EPollArrayWrapper.java:269)
        at sun.nio.ch.EPollSelectorImpl.doSelect(EPollSelectorImpl.java:93)
        at sun.nio.ch.SelectorImpl.lockAndDoSelect(SelectorImpl.java:86)
        at sun.nio.ch.SelectorImpl.select(SelectorImpl.java:97)
        at org.apache.hadoop.ipc.Server$Responder.doRunLoop(Server.java:1532)
        at org.apache.hadoop.ipc.Server$Responder.run(Server.java:1515)
"qtp1583625218-114" daemon prio=5 tid=114 timed_waiting
java.lang.Thread.State: TIMED_WAITING
        at sun.misc.Unsafe.park(Native Method)
        at java.util.concurrent.locks.LockSupport.parkNanos(LockSupport.java:215)
        at java.util.concurrent.locks.AbstractQueuedSynchronizer$ConditionObject.awaitNanos(AbstractQueuedSynchronizer.java:2078)
        at org.eclipse.jetty.util.BlockingArrayQueue.poll(BlockingArrayQueue.java:382)
        at org.eclipse.jetty.util.thread.QueuedThreadPool$Runner.idleJobPoll(QueuedThreadPool.java:974)
        at org.eclipse.jetty.util.thread.QueuedThreadPool$Runner.run(QueuedThreadPool.java:1018)
        at java.lang.Thread.run(Thread.java:750)
"ChunkWriter-0-0" daemon prio=5 tid=531 in Object.wait()
java.lang.Thread.State: WAITING (on object monitor)
        at sun.misc.Unsafe.park(Native Method)
        at java.util.concurrent.locks.LockSupport.park(LockSupport.java:175)
        at java.util.concurrent.locks.AbstractQueuedSynchronizer$ConditionObject.await(AbstractQueuedSynchronizer.java:2039)
        at java.util.concurrent.LinkedBlockingDeque.takeFirst(LinkedBlockingDeque.java:492)
        at java.util.concurrent.LinkedBlockingDeque.take(LinkedBlockingDeque.java:680)
        at java.util.concurrent.ThreadPoolExecutor.getTask(ThreadPoolExecutor.java:1074)
        at java.util.concurrent.ThreadPoolExecutor.runWorker(ThreadPoolExecutor.java:1134)
        at java.util.concurrent.ThreadPoolExecutor$Worker.run(ThreadPoolExecutor.java:624)
        at java.lang.Thread.run(Thread.java:750)
"f48f5eaa-c865-41e1-958d-4d574a609fc9-server-thread1" daemon prio=5 tid=887 timed_waiting
java.lang.Thread.State: TIMED_WAITING
        at sun.misc.Unsafe.park(Native Method)
        at java.util.concurrent.locks.LockSupport.parkNanos(LockSupport.java:215)
        at java.util.concurrent.SynchronousQueue$TransferStack.awaitFulfill(SynchronousQueue.java:460)
        at java.util.concurrent.SynchronousQueue$TransferStack.transfer(SynchronousQueue.java:362)
        at java.util.concurrent.SynchronousQueue.poll(SynchronousQueue.java:941)
        at java.util.concurrent.ThreadPoolExecutor.getTask(ThreadPoolExecutor.java:1073)
        at java.util.concurrent.ThreadPoolExecutor.runWorker(ThreadPoolExecutor.java:1134)
        at java.util.concurrent.ThreadPoolExecutor$Worker.run(ThreadPoolExecutor.java:624)
        at java.lang.Thread.run(Thread.java:750)
"ChunkReader-3" daemon prio=5 tid=949 in Object.wait()
java.lang.Thread.State: WAITING (on object monitor)
        at sun.misc.Unsafe.park(Native Method)
        at java.util.concurrent.locks.LockSupport.park(LockSupport.java:175)
        at java.util.concurrent.locks.AbstractQueuedSynchronizer$ConditionObject.await(AbstractQueuedSynchronizer.java:2039)
        at java.util.concurrent.LinkedBlockingQueue.take(LinkedBlockingQueue.java:442)
        at java.util.concurrent.ThreadPoolExecutor.getTask(ThreadPoolExecutor.java:1074)
        at java.util.concurrent.ThreadPoolExecutor.runWorker(ThreadPoolExecutor.java:1134)
        at java.util.concurrent.ThreadPoolExecutor$Worker.run(ThreadPoolExecutor.java:624)
        at java.lang.Thread.run(Thread.java:750)
"ChunkWriter-3-0" daemon prio=5 tid=379 in Object.wait()
java.lang.Thread.State: WAITING (on object monitor)
        at sun.misc.Unsafe.park(Native Method)
        at java.util.concurrent.locks.LockSupport.park(LockSupport.java:175)
        at java.util.concurrent.locks.AbstractQueuedSynchronizer$ConditionObject.await(AbstractQueuedSynchronizer.java:2039)
        at java.util.concurrent.LinkedBlockingDeque.takeFirst(LinkedBlockingDeque.java:492)
        at java.util.concurrent.LinkedBlockingDeque.take(LinkedBlockingDeque.java:680)
        at java.util.concurrent.ThreadPoolExecutor.getTask(ThreadPoolExecutor.java:1074)
        at java.util.concurrent.ThreadPoolExecutor.runWorker(ThreadPoolExecutor.java:1134)
        at java.util.concurrent.ThreadPoolExecutor$Worker.run(ThreadPoolExecutor.java:624)
        at java.lang.Thread.run(Thread.java:750)
"ChunkReader-1" daemon prio=5 tid=858 in Object.wait()
java.lang.Thread.State: WAITING (on object monitor)
        at sun.misc.Unsafe.park(Native Method)
        at java.util.concurrent.locks.LockSupport.park(LockSupport.java:175)
        at java.util.concurrent.locks.AbstractQueuedSynchronizer$ConditionObject.await(AbstractQueuedSynchronizer.java:2039)
        at java.util.concurrent.LinkedBlockingQueue.take(LinkedBlockingQueue.java:442)
        at java.util.concurrent.ThreadPoolExecutor.getTask(ThreadPoolExecutor.java:1074)
        at java.util.concurrent.ThreadPoolExecutor.runWorker(ThreadPoolExecutor.java:1134)
        at java.util.concurrent.ThreadPoolExecutor$Worker.run(ThreadPoolExecutor.java:624)
        at java.lang.Thread.run(Thread.java:750)
"BlockDeletingService#1" daemon prio=5 tid=540 timed_waiting
java.lang.Thread.State: TIMED_WAITING
        at sun.misc.Unsafe.park(Native Method)
        at java.util.concurrent.locks.LockSupport.parkNanos(LockSupport.java:215)
        at java.util.concurrent.locks.AbstractQueuedSynchronizer$ConditionObject.awaitNanos(AbstractQueuedSynchronizer.java:2078)
        at java.util.concurrent.ScheduledThreadPoolExecutor$DelayedWorkQueue.take(ScheduledThreadPoolExecutor.java:1093)
        at java.util.concurrent.ScheduledThreadPoolExecutor$DelayedWorkQueue.take(ScheduledThreadPoolExecutor.java:809)
        at java.util.concurrent.ThreadPoolExecutor.getTask(ThreadPoolExecutor.java:1074)
        at java.util.concurrent.ThreadPoolExecutor.runWorker(ThreadPoolExecutor.java:1134)
        at java.util.concurrent.ThreadPoolExecutor$Worker.run(ThreadPoolExecutor.java:624)
        at java.lang.Thread.run(Thread.java:750)
"qtp388797014-239" daemon prio=5 tid=239 timed_waiting
java.lang.Thread.State: TIMED_WAITING
        at sun.misc.Unsafe.park(Native Method)
        at java.util.concurrent.locks.LockSupport.parkNanos(LockSupport.java:215)
        at java.util.concurrent.locks.AbstractQueuedSynchronizer$ConditionObject.awaitNanos(AbstractQueuedSynchronizer.java:2078)
        at org.eclipse.jetty.util.BlockingArrayQueue.poll(BlockingArrayQueue.java:382)
        at org.eclipse.jetty.util.thread.QueuedThreadPool$Runner.idleJobPoll(QueuedThreadPool.java:974)
        at org.eclipse.jetty.util.thread.QueuedThreadPool$Runner.run(QueuedThreadPool.java:1018)
        at java.lang.Thread.run(Thread.java:750)
"Periodic HDDS volume checker" daemon prio=5 tid=175 timed_waiting
java.lang.Thread.State: TIMED_WAITING
        at sun.misc.Unsafe.park(Native Method)
        at java.util.concurrent.locks.LockSupport.parkNanos(LockSupport.java:215)
        at java.util.concurrent.locks.AbstractQueuedSynchronizer$ConditionObject.awaitNanos(AbstractQueuedSynchronizer.java:2078)
        at java.util.concurrent.ScheduledThreadPoolExecutor$DelayedWorkQueue.take(ScheduledThreadPoolExecutor.java:1093)
        at java.util.concurrent.ScheduledThreadPoolExecutor$DelayedWorkQueue.take(ScheduledThreadPoolExecutor.java:809)
        at java.util.concurrent.ThreadPoolExecutor.getTask(ThreadPoolExecutor.java:1074)
        at java.util.concurrent.ThreadPoolExecutor.runWorker(ThreadPoolExecutor.java:1134)
        at java.util.concurrent.ThreadPoolExecutor$Worker.run(ThreadPoolExecutor.java:624)
        at java.lang.Thread.run(Thread.java:750)
"StaleRecoveringContainerScrubbingService#8" daemon prio=5 tid=1145 in Object.wait()
java.lang.Thread.State: WAITING (on object monitor)
        at sun.misc.Unsafe.park(Native Method)
        at java.util.concurrent.locks.LockSupport.park(LockSupport.java:175)
        at java.util.concurrent.locks.AbstractQueuedSynchronizer$ConditionObject.await(AbstractQueuedSynchronizer.java:2039)
        at java.util.concurrent.ScheduledThreadPoolExecutor$DelayedWorkQueue.take(ScheduledThreadPoolExecutor.java:1088)
        at java.util.concurrent.ScheduledThreadPoolExecutor$DelayedWorkQueue.take(ScheduledThreadPoolExecutor.java:809)
        at java.util.concurrent.ThreadPoolExecutor.getTask(ThreadPoolExecutor.java:1074)
        at java.util.concurrent.ThreadPoolExecutor.runWorker(ThreadPoolExecutor.java:1134)
        at java.util.concurrent.ThreadPoolExecutor$Worker.run(ThreadPoolExecutor.java:624)
        at java.lang.Thread.run(Thread.java:750)
"Datanode State Machine Task Thread - 0"  prio=5 tid=994 in Object.wait()
java.lang.Thread.State: WAITING (on object monitor)
        at sun.misc.Unsafe.park(Native Method)
        at java.util.concurrent.locks.LockSupport.park(LockSupport.java:175)
        at java.util.concurrent.locks.AbstractQueuedSynchronizer$ConditionObject.await(AbstractQueuedSynchronizer.java:2039)
        at java.util.concurrent.LinkedBlockingQueue.take(LinkedBlockingQueue.java:442)
        at java.util.concurrent.ThreadPoolExecutor.getTask(ThreadPoolExecutor.java:1074)
        at java.util.concurrent.ThreadPoolExecutor.runWorker(ThreadPoolExecutor.java:1134)
        at java.util.concurrent.ThreadPoolExecutor$Worker.run(ThreadPoolExecutor.java:624)
        at java.lang.Thread.run(Thread.java:750)
"Datanode ReportManager Thread - 3" daemon prio=5 tid=990 timed_waiting
java.lang.Thread.State: TIMED_WAITING
        at sun.misc.Unsafe.park(Native Method)
        at java.util.concurrent.locks.LockSupport.parkNanos(LockSupport.java:215)
        at java.util.concurrent.locks.AbstractQueuedSynchronizer$ConditionObject.awaitNanos(AbstractQueuedSynchronizer.java:2078)
        at java.util.concurrent.ScheduledThreadPoolExecutor$DelayedWorkQueue.take(ScheduledThreadPoolExecutor.java:1093)
        at java.util.concurrent.ScheduledThreadPoolExecutor$DelayedWorkQueue.take(ScheduledThreadPoolExecutor.java:809)
        at java.util.concurrent.ThreadPoolExecutor.getTask(ThreadPoolExecutor.java:1074)
        at java.util.concurrent.ThreadPoolExecutor.runWorker(ThreadPoolExecutor.java:1134)
        at java.util.concurrent.ThreadPoolExecutor$Worker.run(ThreadPoolExecutor.java:624)
        at java.lang.Thread.run(Thread.java:750)
"EndpointStateMachine task thread for /0.0.0.0:43931 - 0 "  prio=5 tid=366 in Object.wait()
java.lang.Thread.State: WAITING (on object monitor)
        at sun.misc.Unsafe.park(Native Method)
        at java.util.concurrent.locks.LockSupport.park(LockSupport.java:175)
        at java.util.concurrent.locks.AbstractQueuedSynchronizer$ConditionObject.await(AbstractQueuedSynchronizer.java:2039)
        at java.util.concurrent.LinkedBlockingQueue.take(LinkedBlockingQueue.java:442)
        at java.util.concurrent.ThreadPoolExecutor.getTask(ThreadPoolExecutor.java:1074)
        at java.util.concurrent.ThreadPoolExecutor.runWorker(ThreadPoolExecutor.java:1134)
        at java.util.concurrent.ThreadPoolExecutor$Worker.run(ThreadPoolExecutor.java:624)
        at java.lang.Thread.run(Thread.java:750)
"Datanode State Machine Task Thread - 0"  prio=5 tid=335 in Object.wait()
java.lang.Thread.State: WAITING (on object monitor)
        at sun.misc.Unsafe.park(Native Method)
        at java.util.concurrent.locks.LockSupport.park(LockSupport.java:175)
        at java.util.concurrent.locks.AbstractQueuedSynchronizer$ConditionObject.await(AbstractQueuedSynchronizer.java:2039)
        at java.util.concurrent.LinkedBlockingQueue.take(LinkedBlockingQueue.java:442)
        at java.util.concurrent.ThreadPoolExecutor.getTask(ThreadPoolExecutor.java:1074)
        at java.util.concurrent.ThreadPoolExecutor.runWorker(ThreadPoolExecutor.java:1134)
        at java.util.concurrent.ThreadPoolExecutor$Worker.run(ThreadPoolExecutor.java:624)
        at java.lang.Thread.run(Thread.java:750)
"ChunkWriter-0-0" daemon prio=5 tid=450 in Object.wait()
java.lang.Thread.State: WAITING (on object monitor)
        at sun.misc.Unsafe.park(Native Method)
        at java.util.concurrent.locks.LockSupport.park(LockSupport.java:175)
        at java.util.concurrent.locks.AbstractQueuedSynchronizer$ConditionObject.await(AbstractQueuedSynchronizer.java:2039)
        at java.util.concurrent.LinkedBlockingDeque.takeFirst(LinkedBlockingDeque.java:492)
        at java.util.concurrent.LinkedBlockingDeque.take(LinkedBlockingDeque.java:680)
        at java.util.concurrent.ThreadPoolExecutor.getTask(ThreadPoolExecutor.java:1074)
        at java.util.concurrent.ThreadPoolExecutor.runWorker(ThreadPoolExecutor.java:1134)
        at java.util.concurrent.ThreadPoolExecutor$Worker.run(ThreadPoolExecutor.java:624)
        at java.lang.Thread.run(Thread.java:750)
"Datanode ReportManager Thread - 1" daemon prio=5 tid=222 timed_waiting
java.lang.Thread.State: TIMED_WAITING
        at sun.misc.Unsafe.park(Native Method)
        at java.util.concurrent.locks.LockSupport.parkNanos(LockSupport.java:215)
        at java.util.concurrent.locks.AbstractQueuedSynchronizer$ConditionObject.awaitNanos(AbstractQueuedSynchronizer.java:2078)
        at java.util.concurrent.ScheduledThreadPoolExecutor$DelayedWorkQueue.take(ScheduledThreadPoolExecutor.java:1093)
        at java.util.concurrent.ScheduledThreadPoolExecutor$DelayedWorkQueue.take(ScheduledThreadPoolExecutor.java:809)
        at java.util.concurrent.ThreadPoolExecutor.getTask(ThreadPoolExecutor.java:1074)
        at java.util.concurrent.ThreadPoolExecutor.runWorker(ThreadPoolExecutor.java:1134)
        at java.util.concurrent.ThreadPoolExecutor$Worker.run(ThreadPoolExecutor.java:624)
        at java.lang.Thread.run(Thread.java:750)
"592803f5-ace9-49ac-a54f-354c0e5baf2c@group-FFC8E6C97F07-FollowerState" daemon prio=5 tid=1104 timed_waiting
java.lang.Thread.State: TIMED_WAITING
        at java.lang.Thread.sleep(Native Method)
        at java.lang.Thread.sleep(Thread.java:342)
        at java.util.concurrent.TimeUnit.sleep(TimeUnit.java:386)
        at org.apache.ratis.util.TimeDuration.sleep(TimeDuration.java:325)
        at org.apache.ratis.util.TimeDuration.sleep(TimeDuration.java:310)
        at org.apache.ratis.server.impl.FollowerState.run(FollowerState.java:128)
"pool-213-thread-1"  prio=5 tid=650 in Object.wait()
java.lang.Thread.State: WAITING (on object monitor)
        at sun.misc.Unsafe.park(Native Method)
        at java.util.concurrent.locks.LockSupport.park(LockSupport.java:175)
        at java.util.concurrent.locks.AbstractQueuedSynchronizer$ConditionObject.await(AbstractQueuedSynchronizer.java:2039)
        at java.util.concurrent.LinkedBlockingQueue.take(LinkedBlockingQueue.java:442)
        at java.util.concurrent.ThreadPoolExecutor.getTask(ThreadPoolExecutor.java:1074)
        at java.util.concurrent.ThreadPoolExecutor.runWorker(ThreadPoolExecutor.java:1134)
        at java.util.concurrent.ThreadPoolExecutor$Worker.run(ThreadPoolExecutor.java:624)
        at java.lang.Thread.run(Thread.java:750)
"ChunkReader-6" daemon prio=5 tid=1066 in Object.wait()
java.lang.Thread.State: WAITING (on object monitor)
        at sun.misc.Unsafe.park(Native Method)
        at java.util.concurrent.locks.LockSupport.park(LockSupport.java:175)
        at java.util.concurrent.locks.AbstractQueuedSynchronizer$ConditionObject.await(AbstractQueuedSynchronizer.java:2039)
        at java.util.concurrent.LinkedBlockingQueue.take(LinkedBlockingQueue.java:442)
        at java.util.concurrent.ThreadPoolExecutor.getTask(ThreadPoolExecutor.java:1074)
        at java.util.concurrent.ThreadPoolExecutor.runWorker(ThreadPoolExecutor.java:1134)
        at java.util.concurrent.ThreadPoolExecutor$Worker.run(ThreadPoolExecutor.java:624)
        at java.lang.Thread.run(Thread.java:750)
"Datanode ReportManager Thread - 1" daemon prio=5 tid=403 in Object.wait()
java.lang.Thread.State: WAITING (on object monitor)
        at sun.misc.Unsafe.park(Native Method)
        at java.util.concurrent.locks.LockSupport.park(LockSupport.java:175)
        at java.util.concurrent.locks.AbstractQueuedSynchronizer$ConditionObject.await(AbstractQueuedSynchronizer.java:2039)
        at java.util.concurrent.ScheduledThreadPoolExecutor$DelayedWorkQueue.take(ScheduledThreadPoolExecutor.java:1088)
        at java.util.concurrent.ScheduledThreadPoolExecutor$DelayedWorkQueue.take(ScheduledThreadPoolExecutor.java:809)
        at java.util.concurrent.ThreadPoolExecutor.getTask(ThreadPoolExecutor.java:1074)
        at java.util.concurrent.ThreadPoolExecutor.runWorker(ThreadPoolExecutor.java:1134)
        at java.util.concurrent.ThreadPoolExecutor$Worker.run(ThreadPoolExecutor.java:624)
        at java.lang.Thread.run(Thread.java:750)
"IPC Server handler 1 on default port 34787" daemon prio=5 tid=47 timed_waiting
java.lang.Thread.State: TIMED_WAITING
        at sun.misc.Unsafe.park(Native Method)
        at java.util.concurrent.locks.LockSupport.parkNanos(LockSupport.java:215)
        at java.util.concurrent.locks.AbstractQueuedSynchronizer$ConditionObject.awaitNanos(AbstractQueuedSynchronizer.java:2078)
        at java.util.concurrent.LinkedBlockingQueue.poll(LinkedBlockingQueue.java:467)
        at org.apache.hadoop.ipc.CallQueueManager.take(CallQueueManager.java:317)
        at org.apache.hadoop.ipc.Server$Handler.run(Server.java:2942)
"Command processor thread" daemon prio=5 tid=226 timed_waiting
java.lang.Thread.State: TIMED_WAITING
        at java.lang.Thread.sleep(Native Method)
        at org.apache.hadoop.ozone.container.common.statemachine.DatanodeStateMachine.lambda$initCommandHandlerThread$3(DatanodeStateMachine.java:641)
        at org.apache.hadoop.ozone.container.common.statemachine.DatanodeStateMachine$$Lambda$755/788578843.run(Unknown Source)
        at java.lang.Thread.run(Thread.java:750)
"ChunkReader-1" daemon prio=5 tid=952 in Object.wait()
java.lang.Thread.State: WAITING (on object monitor)
        at sun.misc.Unsafe.park(Native Method)
        at java.util.concurrent.locks.LockSupport.park(LockSupport.java:175)
        at java.util.concurrent.locks.AbstractQueuedSynchronizer$ConditionObject.await(AbstractQueuedSynchronizer.java:2039)
        at java.util.concurrent.LinkedBlockingQueue.take(LinkedBlockingQueue.java:442)
        at java.util.concurrent.ThreadPoolExecutor.getTask(ThreadPoolExecutor.java:1074)
        at java.util.concurrent.ThreadPoolExecutor.runWorker(ThreadPoolExecutor.java:1134)
        at java.util.concurrent.ThreadPoolExecutor$Worker.run(ThreadPoolExecutor.java:624)
        at java.lang.Thread.run(Thread.java:750)
"IPC Server handler 6 on default port 38215" daemon prio=5 tid=72 timed_waiting
java.lang.Thread.State: TIMED_WAITING
        at sun.misc.Unsafe.park(Native Method)
        at java.util.concurrent.locks.LockSupport.parkNanos(LockSupport.java:215)
        at java.util.concurrent.locks.AbstractQueuedSynchronizer$ConditionObject.awaitNanos(AbstractQueuedSynchronizer.java:2078)
        at java.util.concurrent.LinkedBlockingQueue.poll(LinkedBlockingQueue.java:467)
        at org.apache.hadoop.ipc.CallQueueManager.take(CallQueueManager.java:317)
        at org.apache.hadoop.ipc.Server$Handler.run(Server.java:2942)
"StaleRecoveringContainerScrubbingService#4" daemon prio=5 tid=940 in Object.wait()
java.lang.Thread.State: WAITING (on object monitor)
        at sun.misc.Unsafe.park(Native Method)
        at java.util.concurrent.locks.LockSupport.park(LockSupport.java:175)
        at java.util.concurrent.locks.AbstractQueuedSynchronizer$ConditionObject.await(AbstractQueuedSynchronizer.java:2039)
        at java.util.concurrent.ScheduledThreadPoolExecutor$DelayedWorkQueue.take(ScheduledThreadPoolExecutor.java:1088)
        at java.util.concurrent.ScheduledThreadPoolExecutor$DelayedWorkQueue.take(ScheduledThreadPoolExecutor.java:809)
        at java.util.concurrent.ThreadPoolExecutor.getTask(ThreadPoolExecutor.java:1074)
        at java.util.concurrent.ThreadPoolExecutor.runWorker(ThreadPoolExecutor.java:1134)
        at java.util.concurrent.ThreadPoolExecutor$Worker.run(ThreadPoolExecutor.java:624)
        at java.lang.Thread.run(Thread.java:750)
"ChunkReader-3" daemon prio=5 tid=861 in Object.wait()
java.lang.Thread.State: WAITING (on object monitor)
        at sun.misc.Unsafe.park(Native Method)
        at java.util.concurrent.locks.LockSupport.park(LockSupport.java:175)
        at java.util.concurrent.locks.AbstractQueuedSynchronizer$ConditionObject.await(AbstractQueuedSynchronizer.java:2039)
        at java.util.concurrent.LinkedBlockingQueue.take(LinkedBlockingQueue.java:442)
        at java.util.concurrent.ThreadPoolExecutor.getTask(ThreadPoolExecutor.java:1074)
        at java.util.concurrent.ThreadPoolExecutor.runWorker(ThreadPoolExecutor.java:1134)
        at java.util.concurrent.ThreadPoolExecutor$Worker.run(ThreadPoolExecutor.java:624)
        at java.lang.Thread.run(Thread.java:750)
"ChunkReader-2" daemon prio=5 tid=1072 in Object.wait()
java.lang.Thread.State: WAITING (on object monitor)
        at sun.misc.Unsafe.park(Native Method)
        at java.util.concurrent.locks.LockSupport.park(LockSupport.java:175)
        at java.util.concurrent.locks.AbstractQueuedSynchronizer$ConditionObject.await(AbstractQueuedSynchronizer.java:2039)
        at java.util.concurrent.LinkedBlockingQueue.take(LinkedBlockingQueue.java:442)
        at java.util.concurrent.ThreadPoolExecutor.getTask(ThreadPoolExecutor.java:1074)
        at java.util.concurrent.ThreadPoolExecutor.runWorker(ThreadPoolExecutor.java:1134)
        at java.util.concurrent.ThreadPoolExecutor$Worker.run(ThreadPoolExecutor.java:624)
        at java.lang.Thread.run(Thread.java:750)
"BlockDeletingService#0" daemon prio=5 tid=537 in Object.wait()
java.lang.Thread.State: WAITING (on object monitor)
        at sun.misc.Unsafe.park(Native Method)
        at java.util.concurrent.locks.LockSupport.park(LockSupport.java:175)
        at java.util.concurrent.locks.AbstractQueuedSynchronizer$ConditionObject.await(AbstractQueuedSynchronizer.java:2039)
        at java.util.concurrent.ScheduledThreadPoolExecutor$DelayedWorkQueue.take(ScheduledThreadPoolExecutor.java:1088)
        at java.util.concurrent.ScheduledThreadPoolExecutor$DelayedWorkQueue.take(ScheduledThreadPoolExecutor.java:809)
        at java.util.concurrent.ThreadPoolExecutor.getTask(ThreadPoolExecutor.java:1074)
        at java.util.concurrent.ThreadPoolExecutor.runWorker(ThreadPoolExecutor.java:1134)
        at java.util.concurrent.ThreadPoolExecutor$Worker.run(ThreadPoolExecutor.java:624)
        at java.lang.Thread.run(Thread.java:750)
"IPC Server handler 3 on default port 34787" daemon prio=5 tid=49 timed_waiting
java.lang.Thread.State: TIMED_WAITING
        at sun.misc.Unsafe.park(Native Method)
        at java.util.concurrent.locks.LockSupport.parkNanos(LockSupport.java:215)
        at java.util.concurrent.locks.AbstractQueuedSynchronizer$ConditionObject.awaitNanos(AbstractQueuedSynchronizer.java:2078)
        at java.util.concurrent.LinkedBlockingQueue.poll(LinkedBlockingQueue.java:467)
        at org.apache.hadoop.ipc.CallQueueManager.take(CallQueueManager.java:317)
        at org.apache.hadoop.ipc.Server$Handler.run(Server.java:2942)
"ChunkWriter-2-0" daemon prio=5 tid=338 in Object.wait()
java.lang.Thread.State: WAITING (on object monitor)
        at sun.misc.Unsafe.park(Native Method)
        at java.util.concurrent.locks.LockSupport.park(LockSupport.java:175)
        at java.util.concurrent.locks.AbstractQueuedSynchronizer$ConditionObject.await(AbstractQueuedSynchronizer.java:2039)
        at java.util.concurrent.LinkedBlockingDeque.takeFirst(LinkedBlockingDeque.java:492)
        at java.util.concurrent.LinkedBlockingDeque.take(LinkedBlockingDeque.java:680)
        at java.util.concurrent.ThreadPoolExecutor.getTask(ThreadPoolExecutor.java:1074)
        at java.util.concurrent.ThreadPoolExecutor.runWorker(ThreadPoolExecutor.java:1134)
        at java.util.concurrent.ThreadPoolExecutor$Worker.run(ThreadPoolExecutor.java:624)
        at java.lang.Thread.run(Thread.java:750)
"StaleRecoveringContainerScrubbingService#8" daemon prio=5 tid=1149 in Object.wait()
java.lang.Thread.State: WAITING (on object monitor)
        at sun.misc.Unsafe.park(Native Method)
        at java.util.concurrent.locks.LockSupport.park(LockSupport.java:175)
        at java.util.concurrent.locks.AbstractQueuedSynchronizer$ConditionObject.await(AbstractQueuedSynchronizer.java:2039)
        at java.util.concurrent.ScheduledThreadPoolExecutor$DelayedWorkQueue.take(ScheduledThreadPoolExecutor.java:1088)
        at java.util.concurrent.ScheduledThreadPoolExecutor$DelayedWorkQueue.take(ScheduledThreadPoolExecutor.java:809)
        at java.util.concurrent.ThreadPoolExecutor.getTask(ThreadPoolExecutor.java:1074)
        at java.util.concurrent.ThreadPoolExecutor.runWorker(ThreadPoolExecutor.java:1134)
        at java.util.concurrent.ThreadPoolExecutor$Worker.run(ThreadPoolExecutor.java:624)
        at java.lang.Thread.run(Thread.java:750)
"StaleRecoveringContainerScrubbingService#3" daemon prio=5 tid=895 in Object.wait()
java.lang.Thread.State: WAITING (on object monitor)
        at sun.misc.Unsafe.park(Native Method)
        at java.util.concurrent.locks.LockSupport.park(LockSupport.java:175)
        at java.util.concurrent.locks.AbstractQueuedSynchronizer$ConditionObject.await(AbstractQueuedSynchronizer.java:2039)
        at java.util.concurrent.ScheduledThreadPoolExecutor$DelayedWorkQueue.take(ScheduledThreadPoolExecutor.java:1088)
        at java.util.concurrent.ScheduledThreadPoolExecutor$DelayedWorkQueue.take(ScheduledThreadPoolExecutor.java:809)
        at java.util.concurrent.ThreadPoolExecutor.getTask(ThreadPoolExecutor.java:1074)
        at java.util.concurrent.ThreadPoolExecutor.runWorker(ThreadPoolExecutor.java:1134)
        at java.util.concurrent.ThreadPoolExecutor$Worker.run(ThreadPoolExecutor.java:624)
        at java.lang.Thread.run(Thread.java:750)
"IPC Server handler 16 on default port 43931" daemon prio=5 tid=102 timed_waiting
java.lang.Thread.State: TIMED_WAITING
        at sun.misc.Unsafe.park(Native Method)
        at java.util.concurrent.locks.LockSupport.parkNanos(LockSupport.java:215)
        at java.util.concurrent.locks.AbstractQueuedSynchronizer$ConditionObject.awaitNanos(AbstractQueuedSynchronizer.java:2078)
        at java.util.concurrent.LinkedBlockingQueue.poll(LinkedBlockingQueue.java:467)
        at org.apache.hadoop.ipc.CallQueueManager.take(CallQueueManager.java:317)
        at org.apache.hadoop.ipc.Server$Handler.run(Server.java:2942)
"IPC Server handler 0 on default port 43931" daemon prio=5 tid=86 timed_waiting
java.lang.Thread.State: TIMED_WAITING
        at sun.misc.Unsafe.park(Native Method)
        at java.util.concurrent.locks.LockSupport.parkNanos(LockSupport.java:215)
        at java.util.concurrent.locks.AbstractQueuedSynchronizer$ConditionObject.awaitNanos(AbstractQueuedSynchronizer.java:2078)
        at java.util.concurrent.LinkedBlockingQueue.poll(LinkedBlockingQueue.java:467)
        at org.apache.hadoop.ipc.CallQueueManager.take(CallQueueManager.java:317)
        at org.apache.hadoop.ipc.Server$Handler.run(Server.java:2942)
"Datanode State Machine Task Thread - 0"  prio=5 tid=228 in Object.wait()
java.lang.Thread.State: WAITING (on object monitor)
        at sun.misc.Unsafe.park(Native Method)
        at java.util.concurrent.locks.LockSupport.park(LockSupport.java:175)
        at java.util.concurrent.locks.AbstractQueuedSynchronizer$ConditionObject.await(AbstractQueuedSynchronizer.java:2039)
        at java.util.concurrent.LinkedBlockingQueue.take(LinkedBlockingQueue.java:442)
        at java.util.concurrent.ThreadPoolExecutor.getTask(ThreadPoolExecutor.java:1074)
        at java.util.concurrent.ThreadPoolExecutor.runWorker(ThreadPoolExecutor.java:1134)
        at java.util.concurrent.ThreadPoolExecutor$Worker.run(ThreadPoolExecutor.java:624)
        at java.lang.Thread.run(Thread.java:750)
"Datanode State Machine Daemon Thread" daemon prio=5 tid=192 timed_waiting
java.lang.Thread.State: TIMED_WAITING
        at java.lang.Thread.sleep(Native Method)
        at org.apache.hadoop.ozone.container.common.statemachine.DatanodeStateMachine.startStateMachineThread(DatanodeStateMachine.java:321)
        at org.apache.hadoop.ozone.container.common.statemachine.DatanodeStateMachine.lambda$startDaemon$0(DatanodeStateMachine.java:506)
        at org.apache.hadoop.ozone.container.common.statemachine.DatanodeStateMachine$$Lambda$753/1356624790.run(Unknown Source)
        at java.lang.Thread.run(Thread.java:750)
"IPC Server Responder" daemon prio=5 tid=30 runnable
java.lang.Thread.State: RUNNABLE
        at sun.nio.ch.EPollArrayWrapper.epollWait(Native Method)
        at sun.nio.ch.EPollArrayWrapper.poll(EPollArrayWrapper.java:269)
        at sun.nio.ch.EPollSelectorImpl.doSelect(EPollSelectorImpl.java:93)
        at sun.nio.ch.SelectorImpl.lockAndDoSelect(SelectorImpl.java:86)
        at sun.nio.ch.SelectorImpl.select(SelectorImpl.java:97)
        at org.apache.hadoop.ipc.Server$Responder.doRunLoop(Server.java:1532)
        at org.apache.hadoop.ipc.Server$Responder.run(Server.java:1515)
"BlockDeletingService#2" daemon prio=5 tid=1139 in Object.wait()
java.lang.Thread.State: WAITING (on object monitor)
        at sun.misc.Unsafe.park(Native Method)
        at java.util.concurrent.locks.LockSupport.park(LockSupport.java:175)
        at java.util.concurrent.locks.AbstractQueuedSynchronizer$ConditionObject.await(AbstractQueuedSynchronizer.java:2039)
        at java.util.concurrent.ScheduledThreadPoolExecutor$DelayedWorkQueue.take(ScheduledThreadPoolExecutor.java:1088)
        at java.util.concurrent.ScheduledThreadPoolExecutor$DelayedWorkQueue.take(ScheduledThreadPoolExecutor.java:809)
        at java.util.concurrent.ThreadPoolExecutor.getTask(ThreadPoolExecutor.java:1074)
        at java.util.concurrent.ThreadPoolExecutor.runWorker(ThreadPoolExecutor.java:1134)
        at java.util.concurrent.ThreadPoolExecutor$Worker.run(ThreadPoolExecutor.java:624)
        at java.lang.Thread.run(Thread.java:750)
"ChunkReader-6" daemon prio=5 tid=948 in Object.wait()
java.lang.Thread.State: WAITING (on object monitor)
        at sun.misc.Unsafe.park(Native Method)
        at java.util.concurrent.locks.LockSupport.park(LockSupport.java:175)
        at java.util.concurrent.locks.AbstractQueuedSynchronizer$ConditionObject.await(AbstractQueuedSynchronizer.java:2039)
        at java.util.concurrent.LinkedBlockingQueue.take(LinkedBlockingQueue.java:442)
        at java.util.concurrent.ThreadPoolExecutor.getTask(ThreadPoolExecutor.java:1074)
        at java.util.concurrent.ThreadPoolExecutor.runWorker(ThreadPoolExecutor.java:1134)
        at java.util.concurrent.ThreadPoolExecutor$Worker.run(ThreadPoolExecutor.java:624)
        at java.lang.Thread.run(Thread.java:750)
"pool-103-thread-1"  prio=5 tid=210 timed_waiting
java.lang.Thread.State: TIMED_WAITING
        at sun.misc.Unsafe.park(Native Method)
        at java.util.concurrent.locks.LockSupport.parkNanos(LockSupport.java:215)
        at java.util.concurrent.locks.AbstractQueuedSynchronizer$ConditionObject.awaitNanos(AbstractQueuedSynchronizer.java:2078)
        at java.util.concurrent.ScheduledThreadPoolExecutor$DelayedWorkQueue.take(ScheduledThreadPoolExecutor.java:1093)
        at java.util.concurrent.ScheduledThreadPoolExecutor$DelayedWorkQueue.take(ScheduledThreadPoolExecutor.java:809)
        at java.util.concurrent.ThreadPoolExecutor.getTask(ThreadPoolExecutor.java:1074)
        at java.util.concurrent.ThreadPoolExecutor.runWorker(ThreadPoolExecutor.java:1134)
        at java.util.concurrent.ThreadPoolExecutor$Worker.run(ThreadPoolExecutor.java:624)
        at java.lang.Thread.run(Thread.java:750)
"StaleRecoveringContainerScrubbingService#9" daemon prio=5 tid=1158 in Object.wait()
java.lang.Thread.State: WAITING (on object monitor)
        at sun.misc.Unsafe.park(Native Method)
        at java.util.concurrent.locks.LockSupport.park(LockSupport.java:175)
        at java.util.concurrent.locks.AbstractQueuedSynchronizer$ConditionObject.await(AbstractQueuedSynchronizer.java:2039)
        at java.util.concurrent.ScheduledThreadPoolExecutor$DelayedWorkQueue.take(ScheduledThreadPoolExecutor.java:1088)
        at java.util.concurrent.ScheduledThreadPoolExecutor$DelayedWorkQueue.take(ScheduledThreadPoolExecutor.java:809)
        at java.util.concurrent.ThreadPoolExecutor.getTask(ThreadPoolExecutor.java:1074)
        at java.util.concurrent.ThreadPoolExecutor.runWorker(ThreadPoolExecutor.java:1134)
        at java.util.concurrent.ThreadPoolExecutor$Worker.run(ThreadPoolExecutor.java:624)
        at java.lang.Thread.run(Thread.java:750)
"fd07e5d7-2dd9-455a-a9b9-9dae4f4be123@group-7083CF84009A-SegmentedRaftLogWorker"  prio=5 tid=609 timed_waiting
java.lang.Thread.State: TIMED_WAITING
        at sun.misc.Unsafe.park(Native Method)
        at java.util.concurrent.locks.LockSupport.parkNanos(LockSupport.java:215)
        at java.util.concurrent.locks.AbstractQueuedSynchronizer$ConditionObject.awaitNanos(AbstractQueuedSynchronizer.java:2078)
        at org.apache.ratis.util.DataBlockingQueue.poll(DataBlockingQueue.java:148)
        at org.apache.ratis.server.raftlog.segmented.SegmentedRaftLogWorker.run(SegmentedRaftLogWorker.java:312)
        at org.apache.ratis.server.raftlog.segmented.SegmentedRaftLogWorker$$Lambda$667/1365285756.run(Unknown Source)
        at java.lang.Thread.run(Thread.java:750)
"qtp348292129-212-acceptor-0@483a052c-ServerConnector@67164dba{HTTP/1.1, (http/1.1)}{0.0.0.0:45299}" daemon prio=3 tid=212 runnable
java.lang.Thread.State: RUNNABLE
        at sun.nio.ch.ServerSocketChannelImpl.accept0(Native Method)
        at sun.nio.ch.ServerSocketChannelImpl.accept(ServerSocketChannelImpl.java:421)
        at sun.nio.ch.ServerSocketChannelImpl.accept(ServerSocketChannelImpl.java:249)
        at org.eclipse.jetty.server.ServerConnector.accept(ServerConnector.java:388)
        at org.eclipse.jetty.server.AbstractConnector$Acceptor.run(AbstractConnector.java:704)
        at org.eclipse.jetty.util.thread.QueuedThreadPool.runJob(QueuedThreadPool.java:883)
        at org.eclipse.jetty.util.thread.QueuedThreadPool$Runner.run(QueuedThreadPool.java:1034)
        at java.lang.Thread.run(Thread.java:750)
"StaleRecoveringContainerScrubbingService#0" daemon prio=5 tid=423 in Object.wait()
java.lang.Thread.State: WAITING (on object monitor)
        at sun.misc.Unsafe.park(Native Method)
        at java.util.concurrent.locks.LockSupport.park(LockSupport.java:175)
        at java.util.concurrent.locks.AbstractQueuedSynchronizer$ConditionObject.await(AbstractQueuedSynchronizer.java:2039)
        at java.util.concurrent.ScheduledThreadPoolExecutor$DelayedWorkQueue.take(ScheduledThreadPoolExecutor.java:1088)
        at java.util.concurrent.ScheduledThreadPoolExecutor$DelayedWorkQueue.take(ScheduledThreadPoolExecutor.java:809)
        at java.util.concurrent.ThreadPoolExecutor.getTask(ThreadPoolExecutor.java:1074)
        at java.util.concurrent.ThreadPoolExecutor.runWorker(ThreadPoolExecutor.java:1134)
        at java.util.concurrent.ThreadPoolExecutor$Worker.run(ThreadPoolExecutor.java:624)
        at java.lang.Thread.run(Thread.java:750)
"ChunkReader-ELG-0" daemon prio=5 tid=341 runnable
java.lang.Thread.State: RUNNABLE
        at org.apache.ratis.thirdparty.io.netty.channel.epoll.Native.epollWait0(Native Method)
        at org.apache.ratis.thirdparty.io.netty.channel.epoll.Native.epollWait(Native.java:182)
        at org.apache.ratis.thirdparty.io.netty.channel.epoll.EpollEventLoop.epollWait(EpollEventLoop.java:290)
        at org.apache.ratis.thirdparty.io.netty.channel.epoll.EpollEventLoop.run(EpollEventLoop.java:354)
        at org.apache.ratis.thirdparty.io.netty.util.concurrent.SingleThreadEventExecutor$4.run(SingleThreadEventExecutor.java:995)
        at org.apache.ratis.thirdparty.io.netty.util.internal.ThreadExecutorMap$2.run(ThreadExecutorMap.java:74)
        at java.lang.Thread.run(Thread.java:750)
"pool-267-thread-1"  prio=5 tid=665 in Object.wait()
java.lang.Thread.State: WAITING (on object monitor)
        at sun.misc.Unsafe.park(Native Method)
        at java.util.concurrent.locks.LockSupport.park(LockSupport.java:175)
        at java.util.concurrent.locks.AbstractQueuedSynchronizer$ConditionObject.await(AbstractQueuedSynchronizer.java:2039)
        at java.util.concurrent.LinkedBlockingQueue.take(LinkedBlockingQueue.java:442)
        at java.util.concurrent.ThreadPoolExecutor.getTask(ThreadPoolExecutor.java:1074)
        at java.util.concurrent.ThreadPoolExecutor.runWorker(ThreadPoolExecutor.java:1134)
        at java.util.concurrent.ThreadPoolExecutor$Worker.run(ThreadPoolExecutor.java:624)
        at java.lang.Thread.run(Thread.java:750)
"StaleRecoveringContainerScrubbingService#0" daemon prio=5 tid=538 timed_waiting
java.lang.Thread.State: TIMED_WAITING
        at sun.misc.Unsafe.park(Native Method)
        at java.util.concurrent.locks.LockSupport.parkNanos(LockSupport.java:215)
        at java.util.concurrent.locks.AbstractQueuedSynchronizer$ConditionObject.awaitNanos(AbstractQueuedSynchronizer.java:2078)
        at java.util.concurrent.ScheduledThreadPoolExecutor$DelayedWorkQueue.take(ScheduledThreadPoolExecutor.java:1093)
        at java.util.concurrent.ScheduledThreadPoolExecutor$DelayedWorkQueue.take(ScheduledThreadPoolExecutor.java:809)
        at java.util.concurrent.ThreadPoolExecutor.getTask(ThreadPoolExecutor.java:1074)
        at java.util.concurrent.ThreadPoolExecutor.runWorker(ThreadPoolExecutor.java:1134)
        at java.util.concurrent.ThreadPoolExecutor$Worker.run(ThreadPoolExecutor.java:624)
        at java.lang.Thread.run(Thread.java:750)
"Datanode ReportManager Thread - 1" daemon prio=5 tid=248 in Object.wait()
java.lang.Thread.State: WAITING (on object monitor)
        at sun.misc.Unsafe.park(Native Method)
        at java.util.concurrent.locks.LockSupport.park(LockSupport.java:175)
        at java.util.concurrent.locks.AbstractQueuedSynchronizer$ConditionObject.await(AbstractQueuedSynchronizer.java:2039)
        at java.util.concurrent.ScheduledThreadPoolExecutor$DelayedWorkQueue.take(ScheduledThreadPoolExecutor.java:1088)
        at java.util.concurrent.ScheduledThreadPoolExecutor$DelayedWorkQueue.take(ScheduledThreadPoolExecutor.java:809)
        at java.util.concurrent.ThreadPoolExecutor.getTask(ThreadPoolExecutor.java:1074)
        at java.util.concurrent.ThreadPoolExecutor.runWorker(ThreadPoolExecutor.java:1134)
        at java.util.concurrent.ThreadPoolExecutor$Worker.run(ThreadPoolExecutor.java:624)
        at java.lang.Thread.run(Thread.java:750)
"Datanode State Machine Task Thread - 1"  prio=5 tid=541 in Object.wait()
java.lang.Thread.State: WAITING (on object monitor)
        at sun.misc.Unsafe.park(Native Method)
        at java.util.concurrent.locks.LockSupport.park(LockSupport.java:175)
        at java.util.concurrent.locks.AbstractQueuedSynchronizer$ConditionObject.await(AbstractQueuedSynchronizer.java:2039)
        at java.util.concurrent.LinkedBlockingQueue.take(LinkedBlockingQueue.java:442)
        at java.util.concurrent.ThreadPoolExecutor.getTask(ThreadPoolExecutor.java:1074)
        at java.util.concurrent.ThreadPoolExecutor.runWorker(ThreadPoolExecutor.java:1134)
        at java.util.concurrent.ThreadPoolExecutor$Worker.run(ThreadPoolExecutor.java:624)
        at java.lang.Thread.run(Thread.java:750)
"IPC Server listener on 0" daemon prio=5 tid=129 runnable
java.lang.Thread.State: RUNNABLE
        at sun.nio.ch.EPollArrayWrapper.epollWait(Native Method)
        at sun.nio.ch.EPollArrayWrapper.poll(EPollArrayWrapper.java:269)
        at sun.nio.ch.EPollSelectorImpl.doSelect(EPollSelectorImpl.java:93)
        at sun.nio.ch.SelectorImpl.lockAndDoSelect(SelectorImpl.java:86)
        at sun.nio.ch.SelectorImpl.select(SelectorImpl.java:97)
        at sun.nio.ch.SelectorImpl.select(SelectorImpl.java:101)
        at org.apache.hadoop.ipc.Server$Listener.run(Server.java:1358)
"om1@group-C5BA1605619E-LeaderStateImpl" daemon prio=5 tid=206 timed_waiting
java.lang.Thread.State: TIMED_WAITING
        at sun.misc.Unsafe.park(Native Method)
        at java.util.concurrent.locks.LockSupport.parkNanos(LockSupport.java:215)
        at java.util.concurrent.locks.AbstractQueuedSynchronizer$ConditionObject.awaitNanos(AbstractQueuedSynchronizer.java:2078)
        at java.util.concurrent.ArrayBlockingQueue.poll(ArrayBlockingQueue.java:418)
        at org.apache.ratis.server.impl.LeaderStateImpl$EventQueue.poll(LeaderStateImpl.java:159)
        at org.apache.ratis.server.impl.LeaderStateImpl$EventProcessor.run(LeaderStateImpl.java:630)
"Session-HouseKeeper-62b17f08-1"  prio=5 tid=152 timed_waiting
java.lang.Thread.State: TIMED_WAITING
        at sun.misc.Unsafe.park(Native Method)
        at java.util.concurrent.locks.LockSupport.parkNanos(LockSupport.java:215)
        at java.util.concurrent.locks.AbstractQueuedSynchronizer$ConditionObject.awaitNanos(AbstractQueuedSynchronizer.java:2078)
        at java.util.concurrent.ScheduledThreadPoolExecutor$DelayedWorkQueue.take(ScheduledThreadPoolExecutor.java:1093)
        at java.util.concurrent.ScheduledThreadPoolExecutor$DelayedWorkQueue.take(ScheduledThreadPoolExecutor.java:809)
        at java.util.concurrent.ThreadPoolExecutor.getTask(ThreadPoolExecutor.java:1074)
        at java.util.concurrent.ThreadPoolExecutor.runWorker(ThreadPoolExecutor.java:1134)
        at java.util.concurrent.ThreadPoolExecutor$Worker.run(ThreadPoolExecutor.java:624)
        at java.lang.Thread.run(Thread.java:750)
"StaleRecoveringContainerScrubbingService#5" daemon prio=5 tid=1021 in Object.wait()
java.lang.Thread.State: WAITING (on object monitor)
        at sun.misc.Unsafe.park(Native Method)
        at java.util.concurrent.locks.LockSupport.park(LockSupport.java:175)
        at java.util.concurrent.locks.AbstractQueuedSynchronizer$ConditionObject.await(AbstractQueuedSynchronizer.java:2039)
        at java.util.concurrent.ScheduledThreadPoolExecutor$DelayedWorkQueue.take(ScheduledThreadPoolExecutor.java:1088)
        at java.util.concurrent.ScheduledThreadPoolExecutor$DelayedWorkQueue.take(ScheduledThreadPoolExecutor.java:809)
        at java.util.concurrent.ThreadPoolExecutor.getTask(ThreadPoolExecutor.java:1074)
        at java.util.concurrent.ThreadPoolExecutor.runWorker(ThreadPoolExecutor.java:1134)
        at java.util.concurrent.ThreadPoolExecutor$Worker.run(ThreadPoolExecutor.java:624)
        at java.lang.Thread.run(Thread.java:750)
"2fe07876-8610-433e-a055-404555d6ad88-server-thread3" daemon prio=5 tid=841 timed_waiting
java.lang.Thread.State: TIMED_WAITING
        at sun.misc.Unsafe.park(Native Method)
        at java.util.concurrent.locks.LockSupport.parkNanos(LockSupport.java:215)
        at java.util.concurrent.SynchronousQueue$TransferStack.awaitFulfill(SynchronousQueue.java:460)
        at java.util.concurrent.SynchronousQueue$TransferStack.transfer(SynchronousQueue.java:362)
        at java.util.concurrent.SynchronousQueue.poll(SynchronousQueue.java:941)
        at java.util.concurrent.ThreadPoolExecutor.getTask(ThreadPoolExecutor.java:1073)
        at java.util.concurrent.ThreadPoolExecutor.runWorker(ThreadPoolExecutor.java:1134)
        at java.util.concurrent.ThreadPoolExecutor$Worker.run(ThreadPoolExecutor.java:624)
        at java.lang.Thread.run(Thread.java:750)
"2fe07876-8610-433e-a055-404555d6ad88-server-thread1" daemon prio=5 tid=837 timed_waiting
java.lang.Thread.State: TIMED_WAITING
        at sun.misc.Unsafe.park(Native Method)
        at java.util.concurrent.locks.LockSupport.parkNanos(LockSupport.java:215)
        at java.util.concurrent.SynchronousQueue$TransferStack.awaitFulfill(SynchronousQueue.java:460)
        at java.util.concurrent.SynchronousQueue$TransferStack.transfer(SynchronousQueue.java:362)
        at java.util.concurrent.SynchronousQueue.poll(SynchronousQueue.java:941)
        at java.util.concurrent.ThreadPoolExecutor.getTask(ThreadPoolExecutor.java:1073)
        at java.util.concurrent.ThreadPoolExecutor.runWorker(ThreadPoolExecutor.java:1134)
        at java.util.concurrent.ThreadPoolExecutor$Worker.run(ThreadPoolExecutor.java:624)
        at java.lang.Thread.run(Thread.java:750)
"ChunkReader-6" daemon prio=5 tid=1063 in Object.wait()
java.lang.Thread.State: WAITING (on object monitor)
        at sun.misc.Unsafe.park(Native Method)
        at java.util.concurrent.locks.LockSupport.park(LockSupport.java:175)
        at java.util.concurrent.locks.AbstractQueuedSynchronizer$ConditionObject.await(AbstractQueuedSynchronizer.java:2039)
        at java.util.concurrent.LinkedBlockingQueue.take(LinkedBlockingQueue.java:442)
        at java.util.concurrent.ThreadPoolExecutor.getTask(ThreadPoolExecutor.java:1074)
        at java.util.concurrent.ThreadPoolExecutor.runWorker(ThreadPoolExecutor.java:1134)
        at java.util.concurrent.ThreadPoolExecutor$Worker.run(ThreadPoolExecutor.java:624)
        at java.lang.Thread.run(Thread.java:750)
"Datanode State Machine Task Thread - 0"  prio=5 tid=447 in Object.wait()
java.lang.Thread.State: WAITING (on object monitor)
        at sun.misc.Unsafe.park(Native Method)
        at java.util.concurrent.locks.LockSupport.park(LockSupport.java:175)
        at java.util.concurrent.locks.AbstractQueuedSynchronizer$ConditionObject.await(AbstractQueuedSynchronizer.java:2039)
        at java.util.concurrent.LinkedBlockingQueue.take(LinkedBlockingQueue.java:442)
        at java.util.concurrent.ThreadPoolExecutor.getTask(ThreadPoolExecutor.java:1074)
        at java.util.concurrent.ThreadPoolExecutor.runWorker(ThreadPoolExecutor.java:1134)
        at java.util.concurrent.ThreadPoolExecutor$Worker.run(ThreadPoolExecutor.java:624)
        at java.lang.Thread.run(Thread.java:750)
"IPC Server listener on 0" daemon prio=5 tid=23 runnable
java.lang.Thread.State: RUNNABLE
        at sun.nio.ch.EPollArrayWrapper.epollWait(Native Method)
        at sun.nio.ch.EPollArrayWrapper.poll(EPollArrayWrapper.java:269)
        at sun.nio.ch.EPollSelectorImpl.doSelect(EPollSelectorImpl.java:93)
        at sun.nio.ch.SelectorImpl.lockAndDoSelect(SelectorImpl.java:86)
        at sun.nio.ch.SelectorImpl.select(SelectorImpl.java:97)
        at sun.nio.ch.SelectorImpl.select(SelectorImpl.java:101)
        at org.apache.hadoop.ipc.Server$Listener.run(Server.java:1358)
"93471f04-f84a-446a-9dbd-94f45fb64b69@group-391EA9FD41B8-LeaderStateImpl" daemon prio=5 tid=1095 timed_waiting
java.lang.Thread.State: TIMED_WAITING
        at sun.misc.Unsafe.park(Native Method)
        at java.util.concurrent.locks.LockSupport.parkNanos(LockSupport.java:215)
        at java.util.concurrent.locks.AbstractQueuedSynchronizer$ConditionObject.awaitNanos(AbstractQueuedSynchronizer.java:2078)
        at java.util.concurrent.ArrayBlockingQueue.poll(ArrayBlockingQueue.java:418)
        at org.apache.ratis.server.impl.LeaderStateImpl$EventQueue.poll(LeaderStateImpl.java:159)
        at org.apache.ratis.server.impl.LeaderStateImpl$EventProcessor.run(LeaderStateImpl.java:630)
"OpenKeyCleanupService#0" daemon prio=5 tid=142 timed_waiting
java.lang.Thread.State: TIMED_WAITING
        at sun.misc.Unsafe.park(Native Method)
        at java.util.concurrent.locks.LockSupport.parkNanos(LockSupport.java:215)
        at java.util.concurrent.locks.AbstractQueuedSynchronizer$ConditionObject.awaitNanos(AbstractQueuedSynchronizer.java:2078)
        at java.util.concurrent.ScheduledThreadPoolExecutor$DelayedWorkQueue.take(ScheduledThreadPoolExecutor.java:1093)
        at java.util.concurrent.ScheduledThreadPoolExecutor$DelayedWorkQueue.take(ScheduledThreadPoolExecutor.java:809)
        at java.util.concurrent.ThreadPoolExecutor.getTask(ThreadPoolExecutor.java:1074)
        at java.util.concurrent.ThreadPoolExecutor.runWorker(ThreadPoolExecutor.java:1134)
        at java.util.concurrent.ThreadPoolExecutor$Worker.run(ThreadPoolExecutor.java:624)
        at java.lang.Thread.run(Thread.java:750)
"pool-256-thread-1" daemon prio=5 tid=415 timed_waiting
java.lang.Thread.State: TIMED_WAITING
        at sun.misc.Unsafe.park(Native Method)
        at java.util.concurrent.locks.LockSupport.parkNanos(LockSupport.java:215)
        at java.util.concurrent.locks.AbstractQueuedSynchronizer$ConditionObject.awaitNanos(AbstractQueuedSynchronizer.java:2078)
        at java.util.concurrent.ScheduledThreadPoolExecutor$DelayedWorkQueue.take(ScheduledThreadPoolExecutor.java:1093)
        at java.util.concurrent.ScheduledThreadPoolExecutor$DelayedWorkQueue.take(ScheduledThreadPoolExecutor.java:809)
        at java.util.concurrent.ThreadPoolExecutor.getTask(ThreadPoolExecutor.java:1074)
        at java.util.concurrent.ThreadPoolExecutor.runWorker(ThreadPoolExecutor.java:1134)
        at java.util.concurrent.ThreadPoolExecutor$Worker.run(ThreadPoolExecutor.java:624)
        at java.lang.Thread.run(Thread.java:750)
"SCM Heartbeat Processing Thread - 0" daemon prio=5 tid=14 timed_waiting
java.lang.Thread.State: TIMED_WAITING
        at sun.misc.Unsafe.park(Native Method)
        at java.util.concurrent.locks.LockSupport.parkNanos(LockSupport.java:215)
        at java.util.concurrent.locks.AbstractQueuedSynchronizer$ConditionObject.awaitNanos(AbstractQueuedSynchronizer.java:2078)
        at java.util.concurrent.ScheduledThreadPoolExecutor$DelayedWorkQueue.take(ScheduledThreadPoolExecutor.java:1093)
        at java.util.concurrent.ScheduledThreadPoolExecutor$DelayedWorkQueue.take(ScheduledThreadPoolExecutor.java:809)
        at java.util.concurrent.ThreadPoolExecutor.getTask(ThreadPoolExecutor.java:1074)
        at java.util.concurrent.ThreadPoolExecutor.runWorker(ThreadPoolExecutor.java:1134)
        at java.util.concurrent.ThreadPoolExecutor$Worker.run(ThreadPoolExecutor.java:624)
        at java.lang.Thread.run(Thread.java:750)
"592803f5-ace9-49ac-a54f-354c0e5baf2c@group-73B16E30E520-FollowerState" daemon prio=5 tid=1086 timed_waiting
java.lang.Thread.State: TIMED_WAITING
        at java.lang.Thread.sleep(Native Method)
        at java.lang.Thread.sleep(Thread.java:342)
        at java.util.concurrent.TimeUnit.sleep(TimeUnit.java:386)
        at org.apache.ratis.util.TimeDuration.sleep(TimeDuration.java:325)
        at org.apache.ratis.util.TimeDuration.sleep(TimeDuration.java:310)
        at org.apache.ratis.server.impl.FollowerState.run(FollowerState.java:128)
"Signal Dispatcher" daemon prio=9 tid=4 runnable
java.lang.Thread.State: RUNNABLE
"592803f5-ace9-49ac-a54f-354c0e5baf2c@group-73B16E30E520-StateMachineUpdater" daemon prio=5 tid=1044 timed_waiting
java.lang.Thread.State: TIMED_WAITING
        at sun.misc.Unsafe.park(Native Method)
        at java.util.concurrent.locks.LockSupport.parkNanos(LockSupport.java:215)
        at java.util.concurrent.locks.AbstractQueuedSynchronizer$ConditionObject.await(AbstractQueuedSynchronizer.java:2163)
        at org.apache.ratis.util.AwaitForSignal.await(AwaitForSignal.java:62)
        at org.apache.ratis.server.impl.StateMachineUpdater.waitForCommit(StateMachineUpdater.java:207)
        at org.apache.ratis.server.impl.StateMachineUpdater.run(StateMachineUpdater.java:176)
        at java.lang.Thread.run(Thread.java:750)
"org.apache.hadoop.ozone.container.common.statemachine.commandhandler.DeleteBlocksCommandHandler$DeleteCmdWorker@7b934a96" daemon prio=5 tid=181 timed_waiting
java.lang.Thread.State: TIMED_WAITING
        at java.lang.Thread.sleep(Native Method)
        at org.apache.hadoop.ozone.container.common.statemachine.commandhandler.DeleteBlocksCommandHandler$DeleteCmdWorker.run(DeleteBlocksCommandHandler.java:184)
        at java.lang.Thread.run(Thread.java:750)
"qtp829190748-322" daemon prio=5 tid=322 timed_waiting
java.lang.Thread.State: TIMED_WAITING
        at sun.misc.Unsafe.park(Native Method)
        at java.util.concurrent.locks.LockSupport.parkNanos(LockSupport.java:215)
        at java.util.concurrent.locks.AbstractQueuedSynchronizer$ConditionObject.awaitNanos(AbstractQueuedSynchronizer.java:2078)
        at org.eclipse.jetty.util.BlockingArrayQueue.poll(BlockingArrayQueue.java:382)
        at org.eclipse.jetty.util.thread.QueuedThreadPool$Runner.idleJobPoll(QueuedThreadPool.java:974)
        at org.eclipse.jetty.util.thread.QueuedThreadPool$Runner.run(QueuedThreadPool.java:1018)
        at java.lang.Thread.run(Thread.java:750)
"qtp829190748-315" daemon prio=5 tid=315 runnable
java.lang.Thread.State: RUNNABLE
        at sun.nio.ch.EPollArrayWrapper.epollWait(Native Method)
        at sun.nio.ch.EPollArrayWrapper.poll(EPollArrayWrapper.java:269)
        at sun.nio.ch.EPollSelectorImpl.doSelect(EPollSelectorImpl.java:93)
        at sun.nio.ch.SelectorImpl.lockAndDoSelect(SelectorImpl.java:86)
        at sun.nio.ch.SelectorImpl.select(SelectorImpl.java:97)
        at sun.nio.ch.SelectorImpl.select(SelectorImpl.java:101)
        at org.eclipse.jetty.io.ManagedSelector.nioSelect(ManagedSelector.java:183)
        at org.eclipse.jetty.io.ManagedSelector.select(ManagedSelector.java:190)
        at org.eclipse.jetty.io.ManagedSelector$SelectorProducer.select(ManagedSelector.java:606)
        at org.eclipse.jetty.io.ManagedSelector$SelectorProducer.produce(ManagedSelector.java:543)
        at org.eclipse.jetty.util.thread.strategy.EatWhatYouKill.produceTask(EatWhatYouKill.java:362)
        at org.eclipse.jetty.util.thread.strategy.EatWhatYouKill.doProduce(EatWhatYouKill.java:186)
        at org.eclipse.jetty.util.thread.strategy.EatWhatYouKill.tryProduce(EatWhatYouKill.java:173)
        at org.eclipse.jetty.util.thread.strategy.EatWhatYouKill.produce(EatWhatYouKill.java:137)
        at org.eclipse.jetty.io.ManagedSelector$$Lambda$444/1185648203.run(Unknown Source)
        at org.eclipse.jetty.util.thread.QueuedThreadPool.runJob(QueuedThreadPool.java:883)
        at org.eclipse.jetty.util.thread.QueuedThreadPool$Runner.run(QueuedThreadPool.java:1034)
        at java.lang.Thread.run(Thread.java:750)
"DeleteContainerThread-0"  prio=5 tid=1057 in Object.wait()
java.lang.Thread.State: WAITING (on object monitor)
        at sun.misc.Unsafe.park(Native Method)
        at java.util.concurrent.locks.LockSupport.park(LockSupport.java:175)
        at java.util.concurrent.locks.AbstractQueuedSynchronizer$ConditionObject.await(AbstractQueuedSynchronizer.java:2039)
        at java.util.concurrent.LinkedBlockingQueue.take(LinkedBlockingQueue.java:442)
        at java.util.concurrent.ThreadPoolExecutor.getTask(ThreadPoolExecutor.java:1074)
        at java.util.concurrent.ThreadPoolExecutor.runWorker(ThreadPoolExecutor.java:1134)
        at java.util.concurrent.ThreadPoolExecutor$Worker.run(ThreadPoolExecutor.java:624)
        at java.lang.Thread.run(Thread.java:750)
"JvmPauseMonitor9" daemon prio=5 tid=547 timed_waiting
java.lang.Thread.State: TIMED_WAITING
        at java.lang.Thread.sleep(Native Method)
        at java.lang.Thread.sleep(Thread.java:342)
        at java.util.concurrent.TimeUnit.sleep(TimeUnit.java:386)
        at org.apache.ratis.util.TimeDuration.sleep(TimeDuration.java:325)
        at org.apache.ratis.util.TimeDuration.sleep(TimeDuration.java:310)
        at org.apache.ratis.util.JvmPauseMonitor.detectPause(JvmPauseMonitor.java:119)
        at org.apache.ratis.util.JvmPauseMonitor.run(JvmPauseMonitor.java:108)
        at org.apache.ratis.util.JvmPauseMonitor$$Lambda$708/1088691990.run(Unknown Source)
        at java.lang.Thread.run(Thread.java:750)
"qtp2022973332-150" daemon prio=5 tid=150 timed_waiting
java.lang.Thread.State: TIMED_WAITING
        at sun.misc.Unsafe.park(Native Method)
        at java.util.concurrent.locks.LockSupport.parkNanos(LockSupport.java:215)
        at java.util.concurrent.locks.AbstractQueuedSynchronizer$ConditionObject.awaitNanos(AbstractQueuedSynchronizer.java:2078)
        at org.eclipse.jetty.util.BlockingArrayQueue.poll(BlockingArrayQueue.java:382)
        at org.eclipse.jetty.util.thread.QueuedThreadPool$Runner.idleJobPoll(QueuedThreadPool.java:974)
        at org.eclipse.jetty.util.thread.QueuedThreadPool$Runner.run(QueuedThreadPool.java:1018)
        at java.lang.Thread.run(Thread.java:750)
"Session-HouseKeeper-2eea5707-1"  prio=5 tid=985 timed_waiting
java.lang.Thread.State: TIMED_WAITING
        at sun.misc.Unsafe.park(Native Method)
        at java.util.concurrent.locks.LockSupport.parkNanos(LockSupport.java:215)
        at java.util.concurrent.locks.AbstractQueuedSynchronizer$ConditionObject.awaitNanos(AbstractQueuedSynchronizer.java:2078)
        at java.util.concurrent.ScheduledThreadPoolExecutor$DelayedWorkQueue.take(ScheduledThreadPoolExecutor.java:1093)
        at java.util.concurrent.ScheduledThreadPoolExecutor$DelayedWorkQueue.take(ScheduledThreadPoolExecutor.java:809)
        at java.util.concurrent.ThreadPoolExecutor.getTask(ThreadPoolExecutor.java:1074)
        at java.util.concurrent.ThreadPoolExecutor.runWorker(ThreadPoolExecutor.java:1134)
        at java.util.concurrent.ThreadPoolExecutor$Worker.run(ThreadPoolExecutor.java:624)
        at java.lang.Thread.run(Thread.java:750)
"qtp829190748-316-acceptor-0@2f5de621-ServerConnector@996ed93{HTTP/1.1, (http/1.1)}{0.0.0.0:33853}" daemon prio=3 tid=316 runnable
java.lang.Thread.State: RUNNABLE
        at sun.nio.ch.ServerSocketChannelImpl.accept0(Native Method)
        at sun.nio.ch.ServerSocketChannelImpl.accept(ServerSocketChannelImpl.java:421)
        at sun.nio.ch.ServerSocketChannelImpl.accept(ServerSocketChannelImpl.java:249)
        at org.eclipse.jetty.server.ServerConnector.accept(ServerConnector.java:388)
        at org.eclipse.jetty.server.AbstractConnector$Acceptor.run(AbstractConnector.java:704)
        at org.eclipse.jetty.util.thread.QueuedThreadPool.runJob(QueuedThreadPool.java:883)
        at org.eclipse.jetty.util.thread.QueuedThreadPool$Runner.run(QueuedThreadPool.java:1034)
        at java.lang.Thread.run(Thread.java:750)
"qtp388797014-240" daemon prio=5 tid=240 timed_waiting
java.lang.Thread.State: TIMED_WAITING
        at sun.misc.Unsafe.park(Native Method)
        at java.util.concurrent.locks.LockSupport.parkNanos(LockSupport.java:215)
        at java.util.concurrent.locks.AbstractQueuedSynchronizer$ConditionObject.awaitNanos(AbstractQueuedSynchronizer.java:2078)
        at org.eclipse.jetty.util.BlockingArrayQueue.poll(BlockingArrayQueue.java:382)
        at org.eclipse.jetty.util.thread.QueuedThreadPool$Runner.idleJobPoll(QueuedThreadPool.java:974)
        at org.eclipse.jetty.util.thread.QueuedThreadPool$Runner.run(QueuedThreadPool.java:1018)
        at java.lang.Thread.run(Thread.java:750)
"BlockDeletingService#1" daemon prio=5 tid=424 in Object.wait()
java.lang.Thread.State: WAITING (on object monitor)
        at sun.misc.Unsafe.park(Native Method)
        at java.util.concurrent.locks.LockSupport.park(LockSupport.java:175)
        at java.util.concurrent.locks.AbstractQueuedSynchronizer$ConditionObject.await(AbstractQueuedSynchronizer.java:2039)
        at java.util.concurrent.ScheduledThreadPoolExecutor$DelayedWorkQueue.take(ScheduledThreadPoolExecutor.java:1088)
        at java.util.concurrent.ScheduledThreadPoolExecutor$DelayedWorkQueue.take(ScheduledThreadPoolExecutor.java:809)
        at java.util.concurrent.ThreadPoolExecutor.getTask(ThreadPoolExecutor.java:1074)
        at java.util.concurrent.ThreadPoolExecutor.runWorker(ThreadPoolExecutor.java:1134)
        at java.util.concurrent.ThreadPoolExecutor$Worker.run(ThreadPoolExecutor.java:624)
        at java.lang.Thread.run(Thread.java:750)
"IPC Server handler 3 on default port 38215" daemon prio=5 tid=69 timed_waiting
java.lang.Thread.State: TIMED_WAITING
        at sun.misc.Unsafe.park(Native Method)
        at java.util.concurrent.locks.LockSupport.parkNanos(LockSupport.java:215)
        at java.util.concurrent.locks.AbstractQueuedSynchronizer$ConditionObject.awaitNanos(AbstractQueuedSynchronizer.java:2078)
        at java.util.concurrent.LinkedBlockingQueue.poll(LinkedBlockingQueue.java:467)
        at org.apache.hadoop.ipc.CallQueueManager.take(CallQueueManager.java:317)
        at org.apache.hadoop.ipc.Server$Handler.run(Server.java:2942)
"qtp388797014-243" daemon prio=5 tid=243 timed_waiting
java.lang.Thread.State: TIMED_WAITING
        at sun.misc.Unsafe.park(Native Method)
        at java.util.concurrent.locks.LockSupport.parkNanos(LockSupport.java:215)
        at java.util.concurrent.locks.AbstractQueuedSynchronizer$ConditionObject.awaitNanos(AbstractQueuedSynchronizer.java:2078)
        at org.eclipse.jetty.util.BlockingArrayQueue.poll(BlockingArrayQueue.java:382)
        at org.eclipse.jetty.util.thread.QueuedThreadPool$Runner.idleJobPoll(QueuedThreadPool.java:974)
        at org.eclipse.jetty.util.thread.QueuedThreadPool$Runner.run(QueuedThreadPool.java:1018)
        at java.lang.Thread.run(Thread.java:750)
"pool-389-thread-1" daemon prio=5 tid=971 timed_waiting
java.lang.Thread.State: TIMED_WAITING
        at sun.misc.Unsafe.park(Native Method)
        at java.util.concurrent.locks.LockSupport.parkNanos(LockSupport.java:215)
        at java.util.concurrent.locks.AbstractQueuedSynchronizer$ConditionObject.awaitNanos(AbstractQueuedSynchronizer.java:2078)
        at java.util.concurrent.ScheduledThreadPoolExecutor$DelayedWorkQueue.take(ScheduledThreadPoolExecutor.java:1093)
        at java.util.concurrent.ScheduledThreadPoolExecutor$DelayedWorkQueue.take(ScheduledThreadPoolExecutor.java:809)
        at java.util.concurrent.ThreadPoolExecutor.getTask(ThreadPoolExecutor.java:1074)
        at java.util.concurrent.ThreadPoolExecutor.runWorker(ThreadPoolExecutor.java:1134)
        at java.util.concurrent.ThreadPoolExecutor$Worker.run(ThreadPoolExecutor.java:624)
        at java.lang.Thread.run(Thread.java:750)
"qtp218303955-354" daemon prio=5 tid=354 runnable
java.lang.Thread.State: RUNNABLE
        at sun.nio.ch.EPollArrayWrapper.epollWait(Native Method)
        at sun.nio.ch.EPollArrayWrapper.poll(EPollArrayWrapper.java:269)
        at sun.nio.ch.EPollSelectorImpl.doSelect(EPollSelectorImpl.java:93)
        at sun.nio.ch.SelectorImpl.lockAndDoSelect(SelectorImpl.java:86)
        at sun.nio.ch.SelectorImpl.select(SelectorImpl.java:97)
        at sun.nio.ch.SelectorImpl.select(SelectorImpl.java:101)
        at org.eclipse.jetty.io.ManagedSelector.nioSelect(ManagedSelector.java:183)
        at org.eclipse.jetty.io.ManagedSelector.select(ManagedSelector.java:190)
        at org.eclipse.jetty.io.ManagedSelector$SelectorProducer.select(ManagedSelector.java:606)
        at org.eclipse.jetty.io.ManagedSelector$SelectorProducer.produce(ManagedSelector.java:543)
        at org.eclipse.jetty.util.thread.strategy.EatWhatYouKill.produceTask(EatWhatYouKill.java:362)
        at org.eclipse.jetty.util.thread.strategy.EatWhatYouKill.doProduce(EatWhatYouKill.java:186)
        at org.eclipse.jetty.util.thread.strategy.EatWhatYouKill.tryProduce(EatWhatYouKill.java:173)
        at org.eclipse.jetty.util.thread.strategy.EatWhatYouKill.produce(EatWhatYouKill.java:137)
        at org.eclipse.jetty.io.ManagedSelector$$Lambda$444/1185648203.run(Unknown Source)
        at org.eclipse.jetty.util.thread.QueuedThreadPool.runJob(QueuedThreadPool.java:883)
        at org.eclipse.jetty.util.thread.QueuedThreadPool$Runner.run(QueuedThreadPool.java:1034)
        at java.lang.Thread.run(Thread.java:750)
"Datanode State Machine Task Thread - 0"  prio=5 tid=200 in Object.wait()
java.lang.Thread.State: WAITING (on object monitor)
        at sun.misc.Unsafe.park(Native Method)
        at java.util.concurrent.locks.LockSupport.park(LockSupport.java:175)
        at java.util.concurrent.locks.AbstractQueuedSynchronizer$ConditionObject.await(AbstractQueuedSynchronizer.java:2039)
        at java.util.concurrent.LinkedBlockingQueue.take(LinkedBlockingQueue.java:442)
        at java.util.concurrent.ThreadPoolExecutor.getTask(ThreadPoolExecutor.java:1074)
        at java.util.concurrent.ThreadPoolExecutor.runWorker(ThreadPoolExecutor.java:1134)
        at java.util.concurrent.ThreadPoolExecutor$Worker.run(ThreadPoolExecutor.java:624)
        at java.lang.Thread.run(Thread.java:750)
"qtp218303955-359" daemon prio=5 tid=359 timed_waiting
java.lang.Thread.State: TIMED_WAITING
        at sun.misc.Unsafe.park(Native Method)
        at java.util.concurrent.locks.LockSupport.parkNanos(LockSupport.java:215)
        at java.util.concurrent.locks.AbstractQueuedSynchronizer$ConditionObject.awaitNanos(AbstractQueuedSynchronizer.java:2078)
        at org.eclipse.jetty.util.BlockingArrayQueue.poll(BlockingArrayQueue.java:382)
        at org.eclipse.jetty.util.thread.QueuedThreadPool$Runner.idleJobPoll(QueuedThreadPool.java:974)
        at org.eclipse.jetty.util.thread.QueuedThreadPool$Runner.run(QueuedThreadPool.java:1018)
        at java.lang.Thread.run(Thread.java:750)
"OMDoubleBufferFlushThread" daemon prio=5 tid=124 timed_waiting
java.lang.Thread.State: TIMED_WAITING
        at java.lang.Object.wait(Native Method)
        at org.apache.hadoop.ozone.om.ratis.OzoneManagerDoubleBuffer.canFlush(OzoneManagerDoubleBuffer.java:538)
        at org.apache.hadoop.ozone.om.ratis.OzoneManagerDoubleBuffer.flushTransactions(OzoneManagerDoubleBuffer.java:268)
        at org.apache.hadoop.ozone.om.ratis.OzoneManagerDoubleBuffer$$Lambda$502/401506668.run(Unknown Source)
        at java.lang.Thread.run(Thread.java:750)
"BlockDeletingService#3" daemon prio=5 tid=1173 in Object.wait()
java.lang.Thread.State: WAITING (on object monitor)
        at sun.misc.Unsafe.park(Native Method)
        at java.util.concurrent.locks.LockSupport.park(LockSupport.java:175)
        at java.util.concurrent.locks.AbstractQueuedSynchronizer$ConditionObject.await(AbstractQueuedSynchronizer.java:2039)
        at java.util.concurrent.ScheduledThreadPoolExecutor$DelayedWorkQueue.take(ScheduledThreadPoolExecutor.java:1088)
        at java.util.concurrent.ScheduledThreadPoolExecutor$DelayedWorkQueue.take(ScheduledThreadPoolExecutor.java:809)
        at java.util.concurrent.ThreadPoolExecutor.getTask(ThreadPoolExecutor.java:1074)
        at java.util.concurrent.ThreadPoolExecutor.runWorker(ThreadPoolExecutor.java:1134)
        at java.util.concurrent.ThreadPoolExecutor$Worker.run(ThreadPoolExecutor.java:624)
        at java.lang.Thread.run(Thread.java:750)
"Attach Listener" daemon prio=9 tid=1079 runnable
java.lang.Thread.State: RUNNABLE
"qtp218303955-357" daemon prio=5 tid=357 timed_waiting
java.lang.Thread.State: TIMED_WAITING
        at sun.misc.Unsafe.park(Native Method)
        at java.util.concurrent.locks.LockSupport.parkNanos(LockSupport.java:215)
        at java.util.concurrent.locks.AbstractQueuedSynchronizer$ConditionObject.awaitNanos(AbstractQueuedSynchronizer.java:2078)
        at org.eclipse.jetty.util.BlockingArrayQueue.poll(BlockingArrayQueue.java:382)
        at org.eclipse.jetty.util.thread.QueuedThreadPool$Runner.idleJobPoll(QueuedThreadPool.java:974)
        at org.eclipse.jetty.util.thread.QueuedThreadPool$Runner.run(QueuedThreadPool.java:1018)
        at java.lang.Thread.run(Thread.java:750)
"BlockDeletingService#0" daemon prio=5 tid=1013 in Object.wait()
java.lang.Thread.State: WAITING (on object monitor)
        at sun.misc.Unsafe.park(Native Method)
        at java.util.concurrent.locks.LockSupport.park(LockSupport.java:175)
        at java.util.concurrent.locks.AbstractQueuedSynchronizer$ConditionObject.await(AbstractQueuedSynchronizer.java:2039)
        at java.util.concurrent.ScheduledThreadPoolExecutor$DelayedWorkQueue.take(ScheduledThreadPoolExecutor.java:1088)
        at java.util.concurrent.ScheduledThreadPoolExecutor$DelayedWorkQueue.take(ScheduledThreadPoolExecutor.java:809)
        at java.util.concurrent.ThreadPoolExecutor.getTask(ThreadPoolExecutor.java:1074)
        at java.util.concurrent.ThreadPoolExecutor.runWorker(ThreadPoolExecutor.java:1134)
        at java.util.concurrent.ThreadPoolExecutor$Worker.run(ThreadPoolExecutor.java:624)
        at java.lang.Thread.run(Thread.java:750)
"BlockDeletingService#1" daemon prio=5 tid=551 in Object.wait()
java.lang.Thread.State: WAITING (on object monitor)
        at sun.misc.Unsafe.park(Native Method)
        at java.util.concurrent.locks.LockSupport.park(LockSupport.java:175)
        at java.util.concurrent.locks.AbstractQueuedSynchronizer$ConditionObject.await(AbstractQueuedSynchronizer.java:2039)
        at java.util.concurrent.ScheduledThreadPoolExecutor$DelayedWorkQueue.take(ScheduledThreadPoolExecutor.java:1088)
        at java.util.concurrent.ScheduledThreadPoolExecutor$DelayedWorkQueue.take(ScheduledThreadPoolExecutor.java:809)
        at java.util.concurrent.ThreadPoolExecutor.getTask(ThreadPoolExecutor.java:1074)
        at java.util.concurrent.ThreadPoolExecutor.runWorker(ThreadPoolExecutor.java:1134)
        at java.util.concurrent.ThreadPoolExecutor$Worker.run(ThreadPoolExecutor.java:624)
        at java.lang.Thread.run(Thread.java:750)
"307c9a4a-d135-41f7-b2cf-6e79e9d930c6-server-thread2" daemon prio=5 tid=923 timed_waiting
java.lang.Thread.State: TIMED_WAITING
        at sun.misc.Unsafe.park(Native Method)
        at java.util.concurrent.locks.LockSupport.parkNanos(LockSupport.java:215)
        at java.util.concurrent.SynchronousQueue$TransferStack.awaitFulfill(SynchronousQueue.java:460)
        at java.util.concurrent.SynchronousQueue$TransferStack.transfer(SynchronousQueue.java:362)
        at java.util.concurrent.SynchronousQueue.poll(SynchronousQueue.java:941)
        at java.util.concurrent.ThreadPoolExecutor.getTask(ThreadPoolExecutor.java:1073)
        at java.util.concurrent.ThreadPoolExecutor.runWorker(ThreadPoolExecutor.java:1134)
        at java.util.concurrent.ThreadPoolExecutor$Worker.run(ThreadPoolExecutor.java:624)
        at java.lang.Thread.run(Thread.java:750)
"qtp275359862-980" daemon prio=5 tid=980 timed_waiting
java.lang.Thread.State: TIMED_WAITING
        at sun.misc.Unsafe.park(Native Method)
        at java.util.concurrent.locks.LockSupport.parkNanos(LockSupport.java:215)
        at java.util.concurrent.locks.AbstractQueuedSynchronizer$ConditionObject.awaitNanos(AbstractQueuedSynchronizer.java:2078)
        at org.eclipse.jetty.util.BlockingArrayQueue.poll(BlockingArrayQueue.java:382)
        at org.eclipse.jetty.util.thread.QueuedThreadPool$Runner.idleJobPoll(QueuedThreadPool.java:974)
        at org.eclipse.jetty.util.thread.QueuedThreadPool$Runner.run(QueuedThreadPool.java:1018)
        at java.lang.Thread.run(Thread.java:750)
"f48f5eaa-c865-41e1-958d-4d574a609fc9-server-thread2" daemon prio=5 tid=888 timed_waiting
java.lang.Thread.State: TIMED_WAITING
        at sun.misc.Unsafe.park(Native Method)
        at java.util.concurrent.locks.LockSupport.parkNanos(LockSupport.java:215)
        at java.util.concurrent.SynchronousQueue$TransferStack.awaitFulfill(SynchronousQueue.java:460)
        at java.util.concurrent.SynchronousQueue$TransferStack.transfer(SynchronousQueue.java:362)
        at java.util.concurrent.SynchronousQueue.poll(SynchronousQueue.java:941)
        at java.util.concurrent.ThreadPoolExecutor.getTask(ThreadPoolExecutor.java:1073)
        at java.util.concurrent.ThreadPoolExecutor.runWorker(ThreadPoolExecutor.java:1134)
        at java.util.concurrent.ThreadPoolExecutor$Worker.run(ThreadPoolExecutor.java:624)
        at java.lang.Thread.run(Thread.java:750)
"EventQueue-PipelineReportForPipelineReportHandler" daemon prio=5 tid=501 in Object.wait()
java.lang.Thread.State: WAITING (on object monitor)
        at sun.misc.Unsafe.park(Native Method)
        at java.util.concurrent.locks.LockSupport.park(LockSupport.java:175)
        at java.util.concurrent.locks.AbstractQueuedSynchronizer$ConditionObject.await(AbstractQueuedSynchronizer.java:2039)
        at java.util.concurrent.LinkedBlockingQueue.take(LinkedBlockingQueue.java:442)
        at java.util.concurrent.ThreadPoolExecutor.getTask(ThreadPoolExecutor.java:1074)
        at java.util.concurrent.ThreadPoolExecutor.runWorker(ThreadPoolExecutor.java:1134)
        at java.util.concurrent.ThreadPoolExecutor$Worker.run(ThreadPoolExecutor.java:624)
        at java.lang.Thread.run(Thread.java:750)
"ChunkWriter-2-0" daemon prio=5 tid=508 in Object.wait()
java.lang.Thread.State: WAITING (on object monitor)
        at sun.misc.Unsafe.park(Native Method)
        at java.util.concurrent.locks.LockSupport.park(LockSupport.java:175)
        at java.util.concurrent.locks.AbstractQueuedSynchronizer$ConditionObject.await(AbstractQueuedSynchronizer.java:2039)
        at java.util.concurrent.LinkedBlockingDeque.takeFirst(LinkedBlockingDeque.java:492)
        at java.util.concurrent.LinkedBlockingDeque.take(LinkedBlockingDeque.java:680)
        at java.util.concurrent.ThreadPoolExecutor.getTask(ThreadPoolExecutor.java:1074)
        at java.util.concurrent.ThreadPoolExecutor.runWorker(ThreadPoolExecutor.java:1134)
        at java.util.concurrent.ThreadPoolExecutor$Worker.run(ThreadPoolExecutor.java:624)
        at java.lang.Thread.run(Thread.java:750)
"18a879af-de93-4167-9a98-f5b552aa8b4b-server-thread2" daemon prio=5 tid=890 timed_waiting
java.lang.Thread.State: TIMED_WAITING
        at sun.misc.Unsafe.park(Native Method)
        at java.util.concurrent.locks.LockSupport.parkNanos(LockSupport.java:215)
        at java.util.concurrent.SynchronousQueue$TransferStack.awaitFulfill(SynchronousQueue.java:460)
        at java.util.concurrent.SynchronousQueue$TransferStack.transfer(SynchronousQueue.java:362)
        at java.util.concurrent.SynchronousQueue.poll(SynchronousQueue.java:941)
        at java.util.concurrent.ThreadPoolExecutor.getTask(ThreadPoolExecutor.java:1073)
        at java.util.concurrent.ThreadPoolExecutor.runWorker(ThreadPoolExecutor.java:1134)
        at java.util.concurrent.ThreadPoolExecutor$Worker.run(ThreadPoolExecutor.java:624)
        at java.lang.Thread.run(Thread.java:750)
"Datanode ReportManager Thread - 3" daemon prio=5 tid=224 in Object.wait()
java.lang.Thread.State: WAITING (on object monitor)
        at sun.misc.Unsafe.park(Native Method)
        at java.util.concurrent.locks.LockSupport.park(LockSupport.java:175)
        at java.util.concurrent.locks.AbstractQueuedSynchronizer$ConditionObject.await(AbstractQueuedSynchronizer.java:2039)
        at java.util.concurrent.ScheduledThreadPoolExecutor$DelayedWorkQueue.take(ScheduledThreadPoolExecutor.java:1088)
        at java.util.concurrent.ScheduledThreadPoolExecutor$DelayedWorkQueue.take(ScheduledThreadPoolExecutor.java:809)
        at java.util.concurrent.ThreadPoolExecutor.getTask(ThreadPoolExecutor.java:1074)
        at java.util.concurrent.ThreadPoolExecutor.runWorker(ThreadPoolExecutor.java:1134)
        at java.util.concurrent.ThreadPoolExecutor$Worker.run(ThreadPoolExecutor.java:624)
        at java.lang.Thread.run(Thread.java:750)
"pool-149-thread-1"  prio=5 tid=262 timed_waiting
java.lang.Thread.State: TIMED_WAITING
        at sun.misc.Unsafe.park(Native Method)
        at java.util.concurrent.locks.LockSupport.parkNanos(LockSupport.java:215)
        at java.util.concurrent.locks.AbstractQueuedSynchronizer$ConditionObject.awaitNanos(AbstractQueuedSynchronizer.java:2078)
        at java.util.concurrent.ScheduledThreadPoolExecutor$DelayedWorkQueue.take(ScheduledThreadPoolExecutor.java:1093)
        at java.util.concurrent.ScheduledThreadPoolExecutor$DelayedWorkQueue.take(ScheduledThreadPoolExecutor.java:809)
        at java.util.concurrent.ThreadPoolExecutor.getTask(ThreadPoolExecutor.java:1074)
        at java.util.concurrent.ThreadPoolExecutor.runWorker(ThreadPoolExecutor.java:1134)
        at java.util.concurrent.ThreadPoolExecutor$Worker.run(ThreadPoolExecutor.java:624)
        at java.lang.Thread.run(Thread.java:750)
"qtp218303955-355-acceptor-0@173627ba-ServerConnector@3204f493{HTTP/1.1, (http/1.1)}{0.0.0.0:44909}" daemon prio=3 tid=355 runnable
java.lang.Thread.State: RUNNABLE
        at sun.nio.ch.ServerSocketChannelImpl.accept0(Native Method)
        at sun.nio.ch.ServerSocketChannelImpl.accept(ServerSocketChannelImpl.java:421)
        at sun.nio.ch.ServerSocketChannelImpl.accept(ServerSocketChannelImpl.java:249)
        at org.eclipse.jetty.server.ServerConnector.accept(ServerConnector.java:388)
        at org.eclipse.jetty.server.AbstractConnector$Acceptor.run(AbstractConnector.java:704)
        at org.eclipse.jetty.util.thread.QueuedThreadPool.runJob(QueuedThreadPool.java:883)
        at org.eclipse.jetty.util.thread.QueuedThreadPool$Runner.run(QueuedThreadPool.java:1034)
        at java.lang.Thread.run(Thread.java:750)
"IPC Server handler 1 on default port 38215" daemon prio=5 tid=67 timed_waiting
java.lang.Thread.State: TIMED_WAITING
        at sun.misc.Unsafe.park(Native Method)
        at java.util.concurrent.locks.LockSupport.parkNanos(LockSupport.java:215)
        at java.util.concurrent.locks.AbstractQueuedSynchronizer$ConditionObject.awaitNanos(AbstractQueuedSynchronizer.java:2078)
        at java.util.concurrent.LinkedBlockingQueue.poll(LinkedBlockingQueue.java:467)
        at org.apache.hadoop.ipc.CallQueueManager.take(CallQueueManager.java:317)
        at org.apache.hadoop.ipc.Server$Handler.run(Server.java:2942)
"6a413ed4-87ae-4509-b51d-2f5d21600f9c@group-2A829352BC53-SegmentedRaftLogWorker"  prio=5 tid=661 timed_waiting
java.lang.Thread.State: TIMED_WAITING
        at sun.misc.Unsafe.park(Native Method)
        at java.util.concurrent.locks.LockSupport.parkNanos(LockSupport.java:215)
        at java.util.concurrent.locks.AbstractQueuedSynchronizer$ConditionObject.awaitNanos(AbstractQueuedSynchronizer.java:2078)
        at org.apache.ratis.util.DataBlockingQueue.poll(DataBlockingQueue.java:148)
        at org.apache.ratis.server.raftlog.segmented.SegmentedRaftLogWorker.run(SegmentedRaftLogWorker.java:312)
        at org.apache.ratis.server.raftlog.segmented.SegmentedRaftLogWorker$$Lambda$667/1365285756.run(Unknown Source)
        at java.lang.Thread.run(Thread.java:750)
"IPC Server handler 6 on default port 43931" daemon prio=5 tid=92 timed_waiting
java.lang.Thread.State: TIMED_WAITING
        at sun.misc.Unsafe.park(Native Method)
        at java.util.concurrent.locks.LockSupport.parkNanos(LockSupport.java:215)
        at java.util.concurrent.locks.AbstractQueuedSynchronizer$ConditionObject.awaitNanos(AbstractQueuedSynchronizer.java:2078)
        at java.util.concurrent.LinkedBlockingQueue.poll(LinkedBlockingQueue.java:467)
        at org.apache.hadoop.ipc.CallQueueManager.take(CallQueueManager.java:317)
        at org.apache.hadoop.ipc.Server$Handler.run(Server.java:2942)
"grpc-default-worker-ELG-3-1" daemon prio=5 tid=574 runnable
java.lang.Thread.State: RUNNABLE
        at org.apache.ratis.thirdparty.io.netty.channel.epoll.Native.epollWait0(Native Method)
        at org.apache.ratis.thirdparty.io.netty.channel.epoll.Native.epollWait(Native.java:182)
        at org.apache.ratis.thirdparty.io.netty.channel.epoll.EpollEventLoop.epollWait(EpollEventLoop.java:290)
        at org.apache.ratis.thirdparty.io.netty.channel.epoll.EpollEventLoop.run(EpollEventLoop.java:354)
        at org.apache.ratis.thirdparty.io.netty.util.concurrent.SingleThreadEventExecutor$4.run(SingleThreadEventExecutor.java:995)
        at org.apache.ratis.thirdparty.io.netty.util.internal.ThreadExecutorMap$2.run(ThreadExecutorMap.java:74)
        at org.apache.ratis.thirdparty.io.netty.util.concurrent.FastThreadLocalRunnable.run(FastThreadLocalRunnable.java:30)
        at java.lang.Thread.run(Thread.java:750)
"StaleRecoveringContainerScrubbingService#1" daemon prio=5 tid=552 in Object.wait()
java.lang.Thread.State: WAITING (on object monitor)
        at sun.misc.Unsafe.park(Native Method)
        at java.util.concurrent.locks.LockSupport.park(LockSupport.java:175)
        at java.util.concurrent.locks.AbstractQueuedSynchronizer$ConditionObject.await(AbstractQueuedSynchronizer.java:2039)
        at java.util.concurrent.ScheduledThreadPoolExecutor$DelayedWorkQueue.take(ScheduledThreadPoolExecutor.java:1088)
        at java.util.concurrent.ScheduledThreadPoolExecutor$DelayedWorkQueue.take(ScheduledThreadPoolExecutor.java:809)
        at java.util.concurrent.ThreadPoolExecutor.getTask(ThreadPoolExecutor.java:1074)
        at java.util.concurrent.ThreadPoolExecutor.runWorker(ThreadPoolExecutor.java:1134)
        at java.util.concurrent.ThreadPoolExecutor$Worker.run(ThreadPoolExecutor.java:624)
        at java.lang.Thread.run(Thread.java:750)
"BackgroundPipelineScrubberThread" daemon prio=5 tid=16 timed_waiting
java.lang.Thread.State: TIMED_WAITING
        at java.lang.Object.wait(Native Method)
        at org.apache.hadoop.hdds.scm.ha.BackgroundSCMService.run(BackgroundSCMService.java:110)
        at org.apache.hadoop.hdds.scm.ha.BackgroundSCMService$$Lambda$374/1692381981.run(Unknown Source)
        at java.lang.Thread.run(Thread.java:750)
"Datanode ReportManager Thread - 3" daemon prio=5 tid=276 timed_waiting
java.lang.Thread.State: TIMED_WAITING
        at sun.misc.Unsafe.park(Native Method)
        at java.util.concurrent.locks.LockSupport.parkNanos(LockSupport.java:215)
        at java.util.concurrent.locks.AbstractQueuedSynchronizer$ConditionObject.awaitNanos(AbstractQueuedSynchronizer.java:2078)
        at java.util.concurrent.ScheduledThreadPoolExecutor$DelayedWorkQueue.take(ScheduledThreadPoolExecutor.java:1093)
        at java.util.concurrent.ScheduledThreadPoolExecutor$DelayedWorkQueue.take(ScheduledThreadPoolExecutor.java:809)
        at java.util.concurrent.ThreadPoolExecutor.getTask(ThreadPoolExecutor.java:1074)
        at java.util.concurrent.ThreadPoolExecutor.runWorker(ThreadPoolExecutor.java:1134)
        at java.util.concurrent.ThreadPoolExecutor$Worker.run(ThreadPoolExecutor.java:624)
        at java.lang.Thread.run(Thread.java:750)
"EndpointStateMachine task thread for /0.0.0.0:43931 - 0 "  prio=5 tid=325 in Object.wait()
java.lang.Thread.State: WAITING (on object monitor)
        at sun.misc.Unsafe.park(Native Method)
        at java.util.concurrent.locks.LockSupport.park(LockSupport.java:175)
        at java.util.concurrent.locks.AbstractQueuedSynchronizer$ConditionObject.await(AbstractQueuedSynchronizer.java:2039)
        at java.util.concurrent.LinkedBlockingQueue.take(LinkedBlockingQueue.java:442)
        at java.util.concurrent.ThreadPoolExecutor.getTask(ThreadPoolExecutor.java:1074)
        at java.util.concurrent.ThreadPoolExecutor.runWorker(ThreadPoolExecutor.java:1134)
        at java.util.concurrent.ThreadPoolExecutor$Worker.run(ThreadPoolExecutor.java:624)
        at java.lang.Thread.run(Thread.java:750)
"IPC Server listener on 0" daemon prio=5 tid=27 runnable
java.lang.Thread.State: RUNNABLE
        at sun.nio.ch.EPollArrayWrapper.epollWait(Native Method)
        at sun.nio.ch.EPollArrayWrapper.poll(EPollArrayWrapper.java:269)
        at sun.nio.ch.EPollSelectorImpl.doSelect(EPollSelectorImpl.java:93)
        at sun.nio.ch.SelectorImpl.lockAndDoSelect(SelectorImpl.java:86)
        at sun.nio.ch.SelectorImpl.select(SelectorImpl.java:97)
        at sun.nio.ch.SelectorImpl.select(SelectorImpl.java:101)
        at org.apache.hadoop.ipc.Server$Listener.run(Server.java:1358)
"StaleRecoveringContainerScrubbingService#7" daemon prio=5 tid=1130 in Object.wait()
java.lang.Thread.State: WAITING (on object monitor)
        at sun.misc.Unsafe.park(Native Method)
        at java.util.concurrent.locks.LockSupport.park(LockSupport.java:175)
        at java.util.concurrent.locks.AbstractQueuedSynchronizer$ConditionObject.await(AbstractQueuedSynchronizer.java:2039)
        at java.util.concurrent.ScheduledThreadPoolExecutor$DelayedWorkQueue.take(ScheduledThreadPoolExecutor.java:1088)
        at java.util.concurrent.ScheduledThreadPoolExecutor$DelayedWorkQueue.take(ScheduledThreadPoolExecutor.java:809)
        at java.util.concurrent.ThreadPoolExecutor.getTask(ThreadPoolExecutor.java:1074)
        at java.util.concurrent.ThreadPoolExecutor.runWorker(ThreadPoolExecutor.java:1134)
        at java.util.concurrent.ThreadPoolExecutor$Worker.run(ThreadPoolExecutor.java:624)
        at java.lang.Thread.run(Thread.java:750)
"BlockDeletingService#1" daemon prio=5 tid=513 in Object.wait()
java.lang.Thread.State: WAITING (on object monitor)
        at sun.misc.Unsafe.park(Native Method)
        at java.util.concurrent.locks.LockSupport.park(LockSupport.java:175)
        at java.util.concurrent.locks.AbstractQueuedSynchronizer$ConditionObject.await(AbstractQueuedSynchronizer.java:2039)
        at java.util.concurrent.ScheduledThreadPoolExecutor$DelayedWorkQueue.take(ScheduledThreadPoolExecutor.java:1088)
        at java.util.concurrent.ScheduledThreadPoolExecutor$DelayedWorkQueue.take(ScheduledThreadPoolExecutor.java:809)
        at java.util.concurrent.ThreadPoolExecutor.getTask(ThreadPoolExecutor.java:1074)
        at java.util.concurrent.ThreadPoolExecutor.runWorker(ThreadPoolExecutor.java:1134)
        at java.util.concurrent.ThreadPoolExecutor$Worker.run(ThreadPoolExecutor.java:624)
        at java.lang.Thread.run(Thread.java:750)
"Datanode State Machine Daemon Thread" daemon prio=5 tid=272 timed_waiting
java.lang.Thread.State: TIMED_WAITING
        at java.lang.Thread.sleep(Native Method)
        at org.apache.hadoop.ozone.container.common.statemachine.DatanodeStateMachine.startStateMachineThread(DatanodeStateMachine.java:321)
        at org.apache.hadoop.ozone.container.common.statemachine.DatanodeStateMachine.lambda$startDaemon$0(DatanodeStateMachine.java:506)
        at org.apache.hadoop.ozone.container.common.statemachine.DatanodeStateMachine$$Lambda$753/1356624790.run(Unknown Source)
        at java.lang.Thread.run(Thread.java:750)
"IPC Server handler 19 on default port 34787" daemon prio=5 tid=65 timed_waiting
java.lang.Thread.State: TIMED_WAITING
        at sun.misc.Unsafe.park(Native Method)
        at java.util.concurrent.locks.LockSupport.parkNanos(LockSupport.java:215)
        at java.util.concurrent.locks.AbstractQueuedSynchronizer$ConditionObject.awaitNanos(AbstractQueuedSynchronizer.java:2078)
        at java.util.concurrent.LinkedBlockingQueue.poll(LinkedBlockingQueue.java:467)
        at org.apache.hadoop.ipc.CallQueueManager.take(CallQueueManager.java:317)
        at org.apache.hadoop.ipc.Server$Handler.run(Server.java:2942)
"qtp981403840-435" daemon prio=5 tid=435 timed_waiting
java.lang.Thread.State: TIMED_WAITING
        at sun.misc.Unsafe.park(Native Method)
        at java.util.concurrent.locks.LockSupport.parkNanos(LockSupport.java:215)
        at java.util.concurrent.locks.AbstractQueuedSynchronizer$ConditionObject.awaitNanos(AbstractQueuedSynchronizer.java:2078)
        at org.eclipse.jetty.util.BlockingArrayQueue.poll(BlockingArrayQueue.java:382)
        at org.eclipse.jetty.util.thread.QueuedThreadPool$Runner.idleJobPoll(QueuedThreadPool.java:974)
        at org.eclipse.jetty.util.thread.QueuedThreadPool$Runner.run(QueuedThreadPool.java:1018)
        at java.lang.Thread.run(Thread.java:750)
"ChunkWriter-2-0" daemon prio=5 tid=377 in Object.wait()
java.lang.Thread.State: WAITING (on object monitor)
        at sun.misc.Unsafe.park(Native Method)
        at java.util.concurrent.locks.LockSupport.park(LockSupport.java:175)
        at java.util.concurrent.locks.AbstractQueuedSynchronizer$ConditionObject.await(AbstractQueuedSynchronizer.java:2039)
        at java.util.concurrent.LinkedBlockingDeque.takeFirst(LinkedBlockingDeque.java:492)
        at java.util.concurrent.LinkedBlockingDeque.take(LinkedBlockingDeque.java:680)
        at java.util.concurrent.ThreadPoolExecutor.getTask(ThreadPoolExecutor.java:1074)
        at java.util.concurrent.ThreadPoolExecutor.runWorker(ThreadPoolExecutor.java:1134)
        at java.util.concurrent.ThreadPoolExecutor$Worker.run(ThreadPoolExecutor.java:624)
        at java.lang.Thread.run(Thread.java:750)
"qtp1728369813-394" daemon prio=5 tid=394 timed_waiting
java.lang.Thread.State: TIMED_WAITING
        at sun.misc.Unsafe.park(Native Method)
        at java.util.concurrent.locks.LockSupport.parkNanos(LockSupport.java:215)
        at java.util.concurrent.locks.AbstractQueuedSynchronizer$ConditionObject.awaitNanos(AbstractQueuedSynchronizer.java:2078)
        at org.eclipse.jetty.util.BlockingArrayQueue.poll(BlockingArrayQueue.java:382)
        at org.eclipse.jetty.util.thread.QueuedThreadPool$Runner.idleJobPoll(QueuedThreadPool.java:974)
        at org.eclipse.jetty.util.thread.QueuedThreadPool$Runner.run(QueuedThreadPool.java:1018)
        at java.lang.Thread.run(Thread.java:750)
"DirectoryDeletingService#0" daemon prio=5 tid=141 timed_waiting
java.lang.Thread.State: TIMED_WAITING
        at sun.misc.Unsafe.park(Native Method)
        at java.util.concurrent.locks.LockSupport.parkNanos(LockSupport.java:215)
        at java.util.concurrent.locks.AbstractQueuedSynchronizer$ConditionObject.awaitNanos(AbstractQueuedSynchronizer.java:2078)
        at java.util.concurrent.ScheduledThreadPoolExecutor$DelayedWorkQueue.take(ScheduledThreadPoolExecutor.java:1093)
        at java.util.concurrent.ScheduledThreadPoolExecutor$DelayedWorkQueue.take(ScheduledThreadPoolExecutor.java:809)
        at java.util.concurrent.ThreadPoolExecutor.getTask(ThreadPoolExecutor.java:1074)
        at java.util.concurrent.ThreadPoolExecutor.runWorker(ThreadPoolExecutor.java:1134)
        at java.util.concurrent.ThreadPoolExecutor$Worker.run(ThreadPoolExecutor.java:624)
        at java.lang.Thread.run(Thread.java:750)
"FixedThreadPoolWithAffinityExecutor-9-0" daemon prio=5 tid=44 timed_waiting
java.lang.Thread.State: TIMED_WAITING
        at sun.misc.Unsafe.park(Native Method)
        at java.util.concurrent.locks.LockSupport.parkNanos(LockSupport.java:215)
        at java.util.concurrent.locks.AbstractQueuedSynchronizer$ConditionObject.awaitNanos(AbstractQueuedSynchronizer.java:2078)
        at java.util.concurrent.LinkedBlockingQueue.poll(LinkedBlockingQueue.java:467)
        at org.apache.hadoop.hdds.scm.server.ContainerReportQueue.poll(ContainerReportQueue.java:266)
        at org.apache.hadoop.hdds.scm.server.ContainerReportQueue.poll(ContainerReportQueue.java:42)
        at org.apache.hadoop.hdds.server.events.FixedThreadPoolWithAffinityExecutor$ContainerReportProcessTask.run(FixedThreadPoolWithAffinityExecutor.java:248)
        at java.util.concurrent.Executors$RunnableAdapter.call(Executors.java:511)
        at java.util.concurrent.FutureTask.run(FutureTask.java:266)
        at java.util.concurrent.ThreadPoolExecutor.runWorker(ThreadPoolExecutor.java:1149)
        at java.util.concurrent.ThreadPoolExecutor$Worker.run(ThreadPoolExecutor.java:624)
        at java.lang.Thread.run(Thread.java:750)
"6a413ed4-87ae-4509-b51d-2f5d21600f9c@group-2A829352BC53-StateMachineUpdater" daemon prio=5 tid=664 timed_waiting
java.lang.Thread.State: TIMED_WAITING
        at sun.misc.Unsafe.park(Native Method)
        at java.util.concurrent.locks.LockSupport.parkNanos(LockSupport.java:215)
        at java.util.concurrent.locks.AbstractQueuedSynchronizer$ConditionObject.await(AbstractQueuedSynchronizer.java:2163)
        at org.apache.ratis.util.AwaitForSignal.await(AwaitForSignal.java:62)
        at org.apache.ratis.server.impl.StateMachineUpdater.waitForCommit(StateMachineUpdater.java:207)
        at org.apache.ratis.server.impl.StateMachineUpdater.run(StateMachineUpdater.java:176)
        at java.lang.Thread.run(Thread.java:750)
"timer3" daemon prio=5 tid=780 timed_waiting
java.lang.Thread.State: TIMED_WAITING
        at java.lang.Object.wait(Native Method)
        at java.util.TimerThread.mainLoop(Timer.java:552)
        at java.util.TimerThread.run(Timer.java:505)
"org.apache.hadoop.ozone.container.common.statemachine.commandhandler.DeleteBlocksCommandHandler$DeleteCmdWorker@dfd40bf" daemon prio=5 tid=390 timed_waiting
java.lang.Thread.State: TIMED_WAITING
        at java.lang.Thread.sleep(Native Method)
        at org.apache.hadoop.ozone.container.common.statemachine.commandhandler.DeleteBlocksCommandHandler$DeleteCmdWorker.run(DeleteBlocksCommandHandler.java:184)
        at java.lang.Thread.run(Thread.java:750)
"a57ee2ea-c69c-41b1-9f64-f7c5b74e8646@group-C860D8A7810C-SegmentedRaftLogWorker"  prio=5 tid=588 timed_waiting
java.lang.Thread.State: TIMED_WAITING
        at sun.misc.Unsafe.park(Native Method)
        at java.util.concurrent.locks.LockSupport.parkNanos(LockSupport.java:215)
        at java.util.concurrent.locks.AbstractQueuedSynchronizer$ConditionObject.awaitNanos(AbstractQueuedSynchronizer.java:2078)
        at org.apache.ratis.util.DataBlockingQueue.poll(DataBlockingQueue.java:148)
        at org.apache.ratis.server.raftlog.segmented.SegmentedRaftLogWorker.run(SegmentedRaftLogWorker.java:312)
        at org.apache.ratis.server.raftlog.segmented.SegmentedRaftLogWorker$$Lambda$667/1365285756.run(Unknown Source)
        at java.lang.Thread.run(Thread.java:750)
"307c9a4a-d135-41f7-b2cf-6e79e9d930c6@group-B9F234375034->6a413ed4-87ae-4509-b51d-2f5d21600f9c-GrpcLogAppender-LogAppenderDaemon" daemon prio=5 tid=836 timed_waiting
java.lang.Thread.State: TIMED_WAITING
        at sun.misc.Unsafe.park(Native Method)
        at java.util.concurrent.locks.LockSupport.parkNanos(LockSupport.java:215)
        at java.util.concurrent.locks.AbstractQueuedSynchronizer$ConditionObject.await(AbstractQueuedSynchronizer.java:2163)
        at org.apache.ratis.util.AwaitForSignal.await(AwaitForSignal.java:62)
        at org.apache.ratis.grpc.server.GrpcLogAppender.mayWait(GrpcLogAppender.java:198)
        at org.apache.ratis.grpc.server.GrpcLogAppender.run(GrpcLogAppender.java:148)
        at org.apache.ratis.server.leader.LogAppenderDaemon.run(LogAppenderDaemon.java:78)
        at org.apache.ratis.server.leader.LogAppenderDaemon$$Lambda$1044/2014844076.run(Unknown Source)
        at java.lang.Thread.run(Thread.java:750)
"93471f04-f84a-446a-9dbd-94f45fb64b69@group-73B16E30E520->fd07e5d7-2dd9-455a-a9b9-9dae4f4be123-GrpcLogAppender-LogAppenderDaemon" daemon prio=5 tid=1088 timed_waiting
java.lang.Thread.State: TIMED_WAITING
        at sun.misc.Unsafe.park(Native Method)
        at java.util.concurrent.locks.LockSupport.parkNanos(LockSupport.java:215)
        at java.util.concurrent.locks.AbstractQueuedSynchronizer$ConditionObject.await(AbstractQueuedSynchronizer.java:2163)
        at org.apache.ratis.util.AwaitForSignal.await(AwaitForSignal.java:62)
        at org.apache.ratis.grpc.server.GrpcLogAppender.mayWait(GrpcLogAppender.java:198)
        at org.apache.ratis.grpc.server.GrpcLogAppender.run(GrpcLogAppender.java:148)
        at org.apache.ratis.server.leader.LogAppenderDaemon.run(LogAppenderDaemon.java:78)
        at org.apache.ratis.server.leader.LogAppenderDaemon$$Lambda$1044/2014844076.run(Unknown Source)
        at java.lang.Thread.run(Thread.java:750)
"Command processor thread" daemon prio=5 tid=407 timed_waiting
java.lang.Thread.State: TIMED_WAITING
        at java.lang.Thread.sleep(Native Method)
        at org.apache.hadoop.ozone.container.common.statemachine.DatanodeStateMachine.lambda$initCommandHandlerThread$3(DatanodeStateMachine.java:641)
        at org.apache.hadoop.ozone.container.common.statemachine.DatanodeStateMachine$$Lambda$755/788578843.run(Unknown Source)
        at java.lang.Thread.run(Thread.java:750)
"surefire-forkedjvm-command-thread" daemon prio=5 tid=10 runnable
java.lang.Thread.State: RUNNABLE
        at java.io.FileInputStream.readBytes(Native Method)
        at java.io.FileInputStream.read(FileInputStream.java:255)
        at java.io.BufferedInputStream.read1(BufferedInputStream.java:284)
        at java.io.BufferedInputStream.read(BufferedInputStream.java:345)
        at java.io.BufferedInputStream.fill(BufferedInputStream.java:246)
        at java.io.BufferedInputStream.read1(BufferedInputStream.java:286)
        at java.io.BufferedInputStream.read(BufferedInputStream.java:345)
        at org.apache.maven.surefire.api.util.internal.Channels$3.readImpl(Channels.java:214)
        at org.apache.maven.surefire.api.util.internal.AbstractNoninterruptibleReadableChannel.read(AbstractNoninterruptibleReadableChannel.java:54)
        at org.apache.maven.surefire.booter.spi.LegacyMasterProcessChannelDecoder.decode(LegacyMasterProcessChannelDecoder.java:80)
        at org.apache.maven.surefire.booter.CommandReader$CommandRunnable.run(CommandReader.java:343)
        at java.lang.Thread.run(Thread.java:750)
"Datanode ReportManager Thread - 0" daemon prio=5 tid=987 timed_waiting
java.lang.Thread.State: TIMED_WAITING
        at sun.misc.Unsafe.park(Native Method)
        at java.util.concurrent.locks.LockSupport.parkNanos(LockSupport.java:215)
        at java.util.concurrent.locks.AbstractQueuedSynchronizer$ConditionObject.awaitNanos(AbstractQueuedSynchronizer.java:2078)
        at java.util.concurrent.ScheduledThreadPoolExecutor$DelayedWorkQueue.take(ScheduledThreadPoolExecutor.java:1093)
        at java.util.concurrent.ScheduledThreadPoolExecutor$DelayedWorkQueue.take(ScheduledThreadPoolExecutor.java:809)
        at java.util.concurrent.ThreadPoolExecutor.getTask(ThreadPoolExecutor.java:1074)
        at java.util.concurrent.ThreadPoolExecutor.runWorker(ThreadPoolExecutor.java:1134)
        at java.util.concurrent.ThreadPoolExecutor$Worker.run(ThreadPoolExecutor.java:624)
        at java.lang.Thread.run(Thread.java:750)
"IPC Server handler 16 on default port 38215" daemon prio=5 tid=82 timed_waiting
java.lang.Thread.State: TIMED_WAITING
        at sun.misc.Unsafe.park(Native Method)
        at java.util.concurrent.locks.LockSupport.parkNanos(LockSupport.java:215)
        at java.util.concurrent.locks.AbstractQueuedSynchronizer$ConditionObject.awaitNanos(AbstractQueuedSynchronizer.java:2078)
        at java.util.concurrent.LinkedBlockingQueue.poll(LinkedBlockingQueue.java:467)
        at org.apache.hadoop.ipc.CallQueueManager.take(CallQueueManager.java:317)
        at org.apache.hadoop.ipc.Server$Handler.run(Server.java:2942)
"FixedThreadPoolWithAffinityExecutor-2-0" daemon prio=5 tid=37 timed_waiting
java.lang.Thread.State: TIMED_WAITING
        at sun.misc.Unsafe.park(Native Method)
        at java.util.concurrent.locks.LockSupport.parkNanos(LockSupport.java:215)
        at java.util.concurrent.locks.AbstractQueuedSynchronizer$ConditionObject.awaitNanos(AbstractQueuedSynchronizer.java:2078)
        at java.util.concurrent.LinkedBlockingQueue.poll(LinkedBlockingQueue.java:467)
        at org.apache.hadoop.hdds.scm.server.ContainerReportQueue.poll(ContainerReportQueue.java:266)
        at org.apache.hadoop.hdds.scm.server.ContainerReportQueue.poll(ContainerReportQueue.java:42)
        at org.apache.hadoop.hdds.server.events.FixedThreadPoolWithAffinityExecutor$ContainerReportProcessTask.run(FixedThreadPoolWithAffinityExecutor.java:248)
        at java.util.concurrent.Executors$RunnableAdapter.call(Executors.java:511)
        at java.util.concurrent.FutureTask.run(FutureTask.java:266)
        at java.util.concurrent.ThreadPoolExecutor.runWorker(ThreadPoolExecutor.java:1149)
        at java.util.concurrent.ThreadPoolExecutor$Worker.run(ThreadPoolExecutor.java:624)
        at java.lang.Thread.run(Thread.java:750)
"pool-195-thread-1"  prio=5 tid=314 timed_waiting
java.lang.Thread.State: TIMED_WAITING
        at sun.misc.Unsafe.park(Native Method)
        at java.util.concurrent.locks.LockSupport.parkNanos(LockSupport.java:215)
        at java.util.concurrent.locks.AbstractQueuedSynchronizer$ConditionObject.awaitNanos(AbstractQueuedSynchronizer.java:2078)
        at java.util.concurrent.ScheduledThreadPoolExecutor$DelayedWorkQueue.take(ScheduledThreadPoolExecutor.java:1093)
        at java.util.concurrent.ScheduledThreadPoolExecutor$DelayedWorkQueue.take(ScheduledThreadPoolExecutor.java:809)
        at java.util.concurrent.ThreadPoolExecutor.getTask(ThreadPoolExecutor.java:1074)
        at java.util.concurrent.ThreadPoolExecutor.runWorker(ThreadPoolExecutor.java:1134)
        at java.util.concurrent.ThreadPoolExecutor$Worker.run(ThreadPoolExecutor.java:624)
        at java.lang.Thread.run(Thread.java:750)
"org.apache.hadoop.util.JvmPauseMonitor$Monitor@6150f8ed" daemon prio=5 tid=446 timed_waiting
java.lang.Thread.State: TIMED_WAITING
        at java.lang.Thread.sleep(Native Method)
        at org.apache.hadoop.util.JvmPauseMonitor$Monitor.run(JvmPauseMonitor.java:192)
        at java.lang.Thread.run(Thread.java:750)
"IPC Server handler 12 on default port 38215" daemon prio=5 tid=78 timed_waiting
java.lang.Thread.State: TIMED_WAITING
        at sun.misc.Unsafe.park(Native Method)
        at java.util.concurrent.locks.LockSupport.parkNanos(LockSupport.java:215)
        at java.util.concurrent.locks.AbstractQueuedSynchronizer$ConditionObject.awaitNanos(AbstractQueuedSynchronizer.java:2078)
        at java.util.concurrent.LinkedBlockingQueue.poll(LinkedBlockingQueue.java:467)
        at org.apache.hadoop.ipc.CallQueueManager.take(CallQueueManager.java:317)
        at org.apache.hadoop.ipc.Server$Handler.run(Server.java:2942)
"BlockDeletingService#0" daemon prio=5 tid=549 timed_waiting
java.lang.Thread.State: TIMED_WAITING
        at sun.misc.Unsafe.park(Native Method)
        at java.util.concurrent.locks.LockSupport.parkNanos(LockSupport.java:215)
        at java.util.concurrent.locks.AbstractQueuedSynchronizer$ConditionObject.awaitNanos(AbstractQueuedSynchronizer.java:2078)
        at java.util.concurrent.ScheduledThreadPoolExecutor$DelayedWorkQueue.take(ScheduledThreadPoolExecutor.java:1093)
        at java.util.concurrent.ScheduledThreadPoolExecutor$DelayedWorkQueue.take(ScheduledThreadPoolExecutor.java:809)
        at java.util.concurrent.ThreadPoolExecutor.getTask(ThreadPoolExecutor.java:1074)
        at java.util.concurrent.ThreadPoolExecutor.runWorker(ThreadPoolExecutor.java:1134)
        at java.util.concurrent.ThreadPoolExecutor$Worker.run(ThreadPoolExecutor.java:624)
        at java.lang.Thread.run(Thread.java:750)
"StaleRecoveringContainerScrubbingService#7" daemon prio=5 tid=1128 in Object.wait()
java.lang.Thread.State: WAITING (on object monitor)
        at sun.misc.Unsafe.park(Native Method)
        at java.util.concurrent.locks.LockSupport.park(LockSupport.java:175)
        at java.util.concurrent.locks.AbstractQueuedSynchronizer$ConditionObject.await(AbstractQueuedSynchronizer.java:2039)
        at java.util.concurrent.ScheduledThreadPoolExecutor$DelayedWorkQueue.take(ScheduledThreadPoolExecutor.java:1088)
        at java.util.concurrent.ScheduledThreadPoolExecutor$DelayedWorkQueue.take(ScheduledThreadPoolExecutor.java:809)
        at java.util.concurrent.ThreadPoolExecutor.getTask(ThreadPoolExecutor.java:1074)
        at java.util.concurrent.ThreadPoolExecutor.runWorker(ThreadPoolExecutor.java:1134)
        at java.util.concurrent.ThreadPoolExecutor$Worker.run(ThreadPoolExecutor.java:624)
        at java.lang.Thread.run(Thread.java:750)
"IPC Server handler 17 on default port 43931" daemon prio=5 tid=103 timed_waiting
java.lang.Thread.State: TIMED_WAITING
        at sun.misc.Unsafe.park(Native Method)
        at java.util.concurrent.locks.LockSupport.parkNanos(LockSupport.java:215)
        at java.util.concurrent.locks.AbstractQueuedSynchronizer$ConditionObject.awaitNanos(AbstractQueuedSynchronizer.java:2078)
        at java.util.concurrent.LinkedBlockingQueue.poll(LinkedBlockingQueue.java:467)
        at org.apache.hadoop.ipc.CallQueueManager.take(CallQueueManager.java:317)
        at org.apache.hadoop.ipc.Server$Handler.run(Server.java:2942)
"18a879af-de93-4167-9a98-f5b552aa8b4b@group-E13D6F209EBE-FollowerState" daemon prio=5 tid=771 timed_waiting
java.lang.Thread.State: TIMED_WAITING
        at java.lang.Thread.sleep(Native Method)
        at java.lang.Thread.sleep(Thread.java:342)
        at java.util.concurrent.TimeUnit.sleep(TimeUnit.java:386)
        at org.apache.ratis.util.TimeDuration.sleep(TimeDuration.java:325)
        at org.apache.ratis.util.TimeDuration.sleep(TimeDuration.java:310)
        at org.apache.ratis.server.impl.FollowerState.run(FollowerState.java:128)
"IPC Server handler 19 on default port 39139" daemon prio=5 tid=172 timed_waiting
java.lang.Thread.State: TIMED_WAITING
        at sun.misc.Unsafe.park(Native Method)
        at java.util.concurrent.locks.LockSupport.parkNanos(LockSupport.java:215)
        at java.util.concurrent.locks.AbstractQueuedSynchronizer$ConditionObject.awaitNanos(AbstractQueuedSynchronizer.java:2078)
        at java.util.concurrent.LinkedBlockingQueue.poll(LinkedBlockingQueue.java:467)
        at org.apache.hadoop.ipc.CallQueueManager.take(CallQueueManager.java:317)
        at org.apache.hadoop.ipc.Server$Handler.run(Server.java:2942)
"org.apache.hadoop.util.JvmPauseMonitor$Monitor@185e89f2" daemon prio=5 tid=334 timed_waiting
java.lang.Thread.State: TIMED_WAITING
        at java.lang.Thread.sleep(Native Method)
        at org.apache.hadoop.util.JvmPauseMonitor$Monitor.run(JvmPauseMonitor.java:192)
        at java.lang.Thread.run(Thread.java:750)
"Datanode ReportManager Thread - 0" daemon prio=5 tid=221 in Object.wait()
java.lang.Thread.State: WAITING (on object monitor)
        at sun.misc.Unsafe.park(Native Method)
        at java.util.concurrent.locks.LockSupport.park(LockSupport.java:175)
        at java.util.concurrent.locks.AbstractQueuedSynchronizer$ConditionObject.await(AbstractQueuedSynchronizer.java:2039)
        at java.util.concurrent.ScheduledThreadPoolExecutor$DelayedWorkQueue.take(ScheduledThreadPoolExecutor.java:1088)
        at java.util.concurrent.ScheduledThreadPoolExecutor$DelayedWorkQueue.take(ScheduledThreadPoolExecutor.java:809)
        at java.util.concurrent.ThreadPoolExecutor.getTask(ThreadPoolExecutor.java:1074)
        at java.util.concurrent.ThreadPoolExecutor.runWorker(ThreadPoolExecutor.java:1134)
        at java.util.concurrent.ThreadPoolExecutor$Worker.run(ThreadPoolExecutor.java:624)
        at java.lang.Thread.run(Thread.java:750)
"StaleRecoveringContainerScrubbingService#3" daemon prio=5 tid=919 in Object.wait()
java.lang.Thread.State: WAITING (on object monitor)
        at sun.misc.Unsafe.park(Native Method)
        at java.util.concurrent.locks.LockSupport.park(LockSupport.java:175)
        at java.util.concurrent.locks.AbstractQueuedSynchronizer$ConditionObject.await(AbstractQueuedSynchronizer.java:2039)
        at java.util.concurrent.ScheduledThreadPoolExecutor$DelayedWorkQueue.take(ScheduledThreadPoolExecutor.java:1088)
        at java.util.concurrent.ScheduledThreadPoolExecutor$DelayedWorkQueue.take(ScheduledThreadPoolExecutor.java:809)
        at java.util.concurrent.ThreadPoolExecutor.getTask(ThreadPoolExecutor.java:1074)
        at java.util.concurrent.ThreadPoolExecutor.runWorker(ThreadPoolExecutor.java:1134)
        at java.util.concurrent.ThreadPoolExecutor$Worker.run(ThreadPoolExecutor.java:624)
        at java.lang.Thread.run(Thread.java:750)
"BlockDeletingService#2" daemon prio=5 tid=1127 in Object.wait()
java.lang.Thread.State: WAITING (on object monitor)
        at sun.misc.Unsafe.park(Native Method)
        at java.util.concurrent.locks.LockSupport.park(LockSupport.java:175)
        at java.util.concurrent.locks.AbstractQueuedSynchronizer$ConditionObject.await(AbstractQueuedSynchronizer.java:2039)
        at java.util.concurrent.ScheduledThreadPoolExecutor$DelayedWorkQueue.take(ScheduledThreadPoolExecutor.java:1088)
        at java.util.concurrent.ScheduledThreadPoolExecutor$DelayedWorkQueue.take(ScheduledThreadPoolExecutor.java:809)
        at java.util.concurrent.ThreadPoolExecutor.getTask(ThreadPoolExecutor.java:1074)
        at java.util.concurrent.ThreadPoolExecutor.runWorker(ThreadPoolExecutor.java:1134)
        at java.util.concurrent.ThreadPoolExecutor$Worker.run(ThreadPoolExecutor.java:624)
        at java.lang.Thread.run(Thread.java:750)
"StaleRecoveringContainerScrubbingService#7" daemon prio=5 tid=1132 in Object.wait()
java.lang.Thread.State: WAITING (on object monitor)
        at sun.misc.Unsafe.park(Native Method)
        at java.util.concurrent.locks.LockSupport.park(LockSupport.java:175)
        at java.util.concurrent.locks.AbstractQueuedSynchronizer$ConditionObject.await(AbstractQueuedSynchronizer.java:2039)
        at java.util.concurrent.ScheduledThreadPoolExecutor$DelayedWorkQueue.take(ScheduledThreadPoolExecutor.java:1088)
        at java.util.concurrent.ScheduledThreadPoolExecutor$DelayedWorkQueue.take(ScheduledThreadPoolExecutor.java:809)
        at java.util.concurrent.ThreadPoolExecutor.getTask(ThreadPoolExecutor.java:1074)
        at java.util.concurrent.ThreadPoolExecutor.runWorker(ThreadPoolExecutor.java:1134)
        at java.util.concurrent.ThreadPoolExecutor$Worker.run(ThreadPoolExecutor.java:624)
        at java.lang.Thread.run(Thread.java:750)
"IPC Server handler 7 on default port 38215" daemon prio=5 tid=73 timed_waiting
java.lang.Thread.State: TIMED_WAITING
        at sun.misc.Unsafe.park(Native Method)
        at java.util.concurrent.locks.LockSupport.parkNanos(LockSupport.java:215)
        at java.util.concurrent.locks.AbstractQueuedSynchronizer$ConditionObject.awaitNanos(AbstractQueuedSynchronizer.java:2078)
        at java.util.concurrent.LinkedBlockingQueue.poll(LinkedBlockingQueue.java:467)
        at org.apache.hadoop.ipc.CallQueueManager.take(CallQueueManager.java:317)
        at org.apache.hadoop.ipc.Server$Handler.run(Server.java:2942)
"Socket Reader #1 for port 0"  prio=5 tid=32 runnable
java.lang.Thread.State: RUNNABLE
        at sun.nio.ch.EPollArrayWrapper.epollWait(Native Method)
        at sun.nio.ch.EPollArrayWrapper.poll(EPollArrayWrapper.java:269)
        at sun.nio.ch.EPollSelectorImpl.doSelect(EPollSelectorImpl.java:93)
        at sun.nio.ch.SelectorImpl.lockAndDoSelect(SelectorImpl.java:86)
        at sun.nio.ch.SelectorImpl.select(SelectorImpl.java:97)
        at sun.nio.ch.SelectorImpl.select(SelectorImpl.java:101)
        at org.apache.hadoop.ipc.Server$Listener$Reader.doRunLoop(Server.java:1296)
        at org.apache.hadoop.ipc.Server$Listener$Reader.run(Server.java:1275)
"IPC Server handler 8 on default port 38215" daemon prio=5 tid=74 timed_waiting
java.lang.Thread.State: TIMED_WAITING
        at sun.misc.Unsafe.park(Native Method)
        at java.util.concurrent.locks.LockSupport.parkNanos(LockSupport.java:215)
        at java.util.concurrent.locks.AbstractQueuedSynchronizer$ConditionObject.awaitNanos(AbstractQueuedSynchronizer.java:2078)
        at java.util.concurrent.LinkedBlockingQueue.poll(LinkedBlockingQueue.java:467)
        at org.apache.hadoop.ipc.CallQueueManager.take(CallQueueManager.java:317)
        at org.apache.hadoop.ipc.Server$Handler.run(Server.java:2942)
"StaleRecoveringContainerScrubbingService#3" daemon prio=5 tid=1126 in Object.wait()
java.lang.Thread.State: WAITING (on object monitor)
        at sun.misc.Unsafe.park(Native Method)
        at java.util.concurrent.locks.LockSupport.park(LockSupport.java:175)
        at java.util.concurrent.locks.AbstractQueuedSynchronizer$ConditionObject.await(AbstractQueuedSynchronizer.java:2039)
        at java.util.concurrent.ScheduledThreadPoolExecutor$DelayedWorkQueue.take(ScheduledThreadPoolExecutor.java:1088)
        at java.util.concurrent.ScheduledThreadPoolExecutor$DelayedWorkQueue.take(ScheduledThreadPoolExecutor.java:809)
        at java.util.concurrent.ThreadPoolExecutor.getTask(ThreadPoolExecutor.java:1074)
        at java.util.concurrent.ThreadPoolExecutor.runWorker(ThreadPoolExecutor.java:1134)
        at java.util.concurrent.ThreadPoolExecutor$Worker.run(ThreadPoolExecutor.java:624)
        at java.lang.Thread.run(Thread.java:750)
"ChunkReader-2" daemon prio=5 tid=862 in Object.wait()
java.lang.Thread.State: WAITING (on object monitor)
        at sun.misc.Unsafe.park(Native Method)
        at java.util.concurrent.locks.LockSupport.park(LockSupport.java:175)
        at java.util.concurrent.locks.AbstractQueuedSynchronizer$ConditionObject.await(AbstractQueuedSynchronizer.java:2039)
        at java.util.concurrent.LinkedBlockingQueue.take(LinkedBlockingQueue.java:442)
        at java.util.concurrent.ThreadPoolExecutor.getTask(ThreadPoolExecutor.java:1074)
        at java.util.concurrent.ThreadPoolExecutor.runWorker(ThreadPoolExecutor.java:1134)
        at java.util.concurrent.ThreadPoolExecutor$Worker.run(ThreadPoolExecutor.java:624)
        at java.lang.Thread.run(Thread.java:750)
"PartialTableCache Cleanup Thread - 0" daemon prio=5 tid=1123 in Object.wait()
java.lang.Thread.State: WAITING (on object monitor)
        at sun.misc.Unsafe.park(Native Method)
        at java.util.concurrent.locks.LockSupport.park(LockSupport.java:175)
        at java.util.concurrent.locks.AbstractQueuedSynchronizer$ConditionObject.await(AbstractQueuedSynchronizer.java:2039)
        at java.util.concurrent.LinkedBlockingQueue.take(LinkedBlockingQueue.java:442)
        at java.util.concurrent.ThreadPoolExecutor.getTask(ThreadPoolExecutor.java:1074)
        at java.util.concurrent.ThreadPoolExecutor.runWorker(ThreadPoolExecutor.java:1134)
        at java.util.concurrent.ThreadPoolExecutor$Worker.run(ThreadPoolExecutor.java:624)
        at java.lang.Thread.run(Thread.java:750)
"qtp829190748-321" daemon prio=5 tid=321 timed_waiting
java.lang.Thread.State: TIMED_WAITING
        at sun.misc.Unsafe.park(Native Method)
        at java.util.concurrent.locks.LockSupport.parkNanos(LockSupport.java:215)
        at java.util.concurrent.locks.AbstractQueuedSynchronizer$ConditionObject.awaitNanos(AbstractQueuedSynchronizer.java:2078)
        at org.eclipse.jetty.util.BlockingArrayQueue.poll(BlockingArrayQueue.java:382)
        at org.eclipse.jetty.util.thread.QueuedThreadPool$Runner.idleJobPoll(QueuedThreadPool.java:974)
        at org.eclipse.jetty.util.thread.QueuedThreadPool$Runner.run(QueuedThreadPool.java:1018)
        at java.lang.Thread.run(Thread.java:750)
"qtp218303955-361" daemon prio=5 tid=361 timed_waiting
java.lang.Thread.State: TIMED_WAITING
        at sun.misc.Unsafe.park(Native Method)
        at java.util.concurrent.locks.LockSupport.parkNanos(LockSupport.java:215)
        at java.util.concurrent.locks.AbstractQueuedSynchronizer$ConditionObject.awaitNanos(AbstractQueuedSynchronizer.java:2078)
        at org.eclipse.jetty.util.BlockingArrayQueue.poll(BlockingArrayQueue.java:382)
        at org.eclipse.jetty.util.thread.QueuedThreadPool$Runner.idleJobPoll(QueuedThreadPool.java:974)
        at org.eclipse.jetty.util.thread.QueuedThreadPool$Runner.run(QueuedThreadPool.java:1018)
        at java.lang.Thread.run(Thread.java:750)
"qtp1596052577-183" daemon prio=5 tid=183 runnable
java.lang.Thread.State: RUNNABLE
        at sun.nio.ch.EPollArrayWrapper.epollWait(Native Method)
        at sun.nio.ch.EPollArrayWrapper.poll(EPollArrayWrapper.java:269)
        at sun.nio.ch.EPollSelectorImpl.doSelect(EPollSelectorImpl.java:93)
        at sun.nio.ch.SelectorImpl.lockAndDoSelect(SelectorImpl.java:86)
        at sun.nio.ch.SelectorImpl.select(SelectorImpl.java:97)
        at sun.nio.ch.SelectorImpl.select(SelectorImpl.java:101)
        at org.eclipse.jetty.io.ManagedSelector.nioSelect(ManagedSelector.java:183)
        at org.eclipse.jetty.io.ManagedSelector.select(ManagedSelector.java:190)
        at org.eclipse.jetty.io.ManagedSelector$SelectorProducer.select(ManagedSelector.java:606)
        at org.eclipse.jetty.io.ManagedSelector$SelectorProducer.produce(ManagedSelector.java:543)
        at org.eclipse.jetty.util.thread.strategy.EatWhatYouKill.produceTask(EatWhatYouKill.java:362)
        at org.eclipse.jetty.util.thread.strategy.EatWhatYouKill.doProduce(EatWhatYouKill.java:186)
        at org.eclipse.jetty.util.thread.strategy.EatWhatYouKill.tryProduce(EatWhatYouKill.java:173)
        at org.eclipse.jetty.util.thread.strategy.EatWhatYouKill.produce(EatWhatYouKill.java:137)
        at org.eclipse.jetty.io.ManagedSelector$$Lambda$444/1185648203.run(Unknown Source)
        at org.eclipse.jetty.util.thread.QueuedThreadPool.runJob(QueuedThreadPool.java:883)
        at org.eclipse.jetty.util.thread.QueuedThreadPool$Runner.run(QueuedThreadPool.java:1034)
        at java.lang.Thread.run(Thread.java:750)
"pool-58-thread-1"  prio=5 tid=143 timed_waiting
java.lang.Thread.State: TIMED_WAITING
        at sun.misc.Unsafe.park(Native Method)
        at java.util.concurrent.locks.LockSupport.parkNanos(LockSupport.java:215)
        at java.util.concurrent.locks.AbstractQueuedSynchronizer$ConditionObject.awaitNanos(AbstractQueuedSynchronizer.java:2078)
        at java.util.concurrent.ScheduledThreadPoolExecutor$DelayedWorkQueue.take(ScheduledThreadPoolExecutor.java:1093)
        at java.util.concurrent.ScheduledThreadPoolExecutor$DelayedWorkQueue.take(ScheduledThreadPoolExecutor.java:809)
        at java.util.concurrent.ThreadPoolExecutor.getTask(ThreadPoolExecutor.java:1074)
        at java.util.concurrent.ThreadPoolExecutor.runWorker(ThreadPoolExecutor.java:1134)
        at java.util.concurrent.ThreadPoolExecutor$Worker.run(ThreadPoolExecutor.java:624)
        at java.lang.Thread.run(Thread.java:750)
"IPC Server handler 11 on default port 43931" daemon prio=5 tid=97 timed_waiting
java.lang.Thread.State: TIMED_WAITING
        at sun.misc.Unsafe.park(Native Method)
        at java.util.concurrent.locks.LockSupport.parkNanos(LockSupport.java:215)
        at java.util.concurrent.locks.AbstractQueuedSynchronizer$ConditionObject.awaitNanos(AbstractQueuedSynchronizer.java:2078)
        at java.util.concurrent.LinkedBlockingQueue.poll(LinkedBlockingQueue.java:467)
        at org.apache.hadoop.ipc.CallQueueManager.take(CallQueueManager.java:317)
        at org.apache.hadoop.ipc.Server$Handler.run(Server.java:2942)
"Listener at 127.0.0.1/39139"  prio=5 tid=1 runnable
java.lang.Thread.State: RUNNABLE
        at java.lang.Thread.dumpThreads(Native Method)
        at java.lang.Thread.getAllStackTraces(Thread.java:1615)
        at org.apache.ozone.test.TimedOutTestsListener.buildThreadDump(TimedOutTestsListener.java:93)
        at org.apache.ozone.test.TimedOutTestsListener.buildThreadDiagnosticString(TimedOutTestsListener.java:79)
        at org.apache.ozone.test.GenericTestUtils.waitFor(GenericTestUtils.java:227)
        at org.apache.hadoop.ozone.container.TestECContainerRecovery.testECContainerRecoveryWithTimedOutRecovery(TestECContainerRecovery.java:337)
        at sun.reflect.NativeMethodAccessorImpl.invoke0(Native Method)
        at sun.reflect.NativeMethodAccessorImpl.invoke(NativeMethodAccessorImpl.java:62)
        at sun.reflect.DelegatingMethodAccessorImpl.invoke(DelegatingMethodAccessorImpl.java:43)
        at java.lang.reflect.Method.invoke(Method.java:498)
        at org.junit.platform.commons.util.ReflectionUtils.invokeMethod(ReflectionUtils.java:725)
        at org.junit.jupiter.engine.execution.MethodInvocation.proceed(MethodInvocation.java:60)
        at org.junit.jupiter.engine.execution.InvocationInterceptorChain$ValidatingInvocation.proceed(InvocationInterceptorChain.java:131)
        at org.junit.jupiter.engine.extension.TimeoutExtension.intercept(TimeoutExtension.java:149)
        at org.junit.jupiter.engine.extension.TimeoutExtension.interceptTestableMethod(TimeoutExtension.java:140)
        at org.junit.jupiter.engine.extension.TimeoutExtension.interceptTestMethod(TimeoutExtension.java:84)
        at org.junit.jupiter.engine.descriptor.TestMethodTestDescriptor$$Lambda$158/1904783235.apply(Unknown Source)
        at org.junit.jupiter.engine.execution.ExecutableInvoker$ReflectiveInterceptorCall.lambda$ofVoidMethod$0(ExecutableInvoker.java:115)
        at org.junit.jupiter.engine.execution.ExecutableInvoker$ReflectiveInterceptorCall$$Lambda$159/809300666.apply(Unknown Source)
        at org.junit.jupiter.engine.execution.ExecutableInvoker.lambda$invoke$0(ExecutableInvoker.java:105)
        at org.junit.jupiter.engine.execution.ExecutableInvoker$$Lambda$314/1810923540.apply(Unknown Source)
        at org.junit.jupiter.engine.execution.InvocationInterceptorChain$InterceptedInvocation.proceed(InvocationInterceptorChain.java:106)
        at org.junit.jupiter.engine.execution.InvocationInterceptorChain.proceed(InvocationInterceptorChain.java:64)
        at org.junit.jupiter.engine.execution.InvocationInterceptorChain.chainAndInvoke(InvocationInterceptorChain.java:45)
        at org.junit.jupiter.engine.execution.InvocationInterceptorChain.invoke(InvocationInterceptorChain.java:37)
        at org.junit.jupiter.engine.execution.ExecutableInvoker.invoke(ExecutableInvoker.java:104)
        at org.junit.jupiter.engine.execution.ExecutableInvoker.invoke(ExecutableInvoker.java:98)
        at org.junit.jupiter.engine.descriptor.TestMethodTestDescriptor.lambda$invokeTestMethod$7(TestMethodTestDescriptor.java:214)
        at org.junit.jupiter.engine.descriptor.TestMethodTestDescriptor$$Lambda$1178/897408128.execute(Unknown Source)
        at org.junit.platform.engine.support.hierarchical.ThrowableCollector.execute(ThrowableCollector.java:73)
        at org.junit.jupiter.engine.descriptor.TestMethodTestDescriptor.invokeTestMethod(TestMethodTestDescriptor.java:210)
        at org.junit.jupiter.engine.descriptor.TestMethodTestDescriptor.execute(TestMethodTestDescriptor.java:135)
        at org.junit.jupiter.engine.descriptor.TestMethodTestDescriptor.execute(TestMethodTestDescriptor.java:66)
        at org.junit.platform.engine.support.hierarchical.NodeTestTask.lambda$executeRecursively$6(NodeTestTask.java:151)
        at org.junit.platform.engine.support.hierarchical.NodeTestTask$$Lambda$258/1067599825.execute(Unknown Source)
        at org.junit.platform.engine.support.hierarchical.ThrowableCollector.execute(ThrowableCollector.java:73)
        at org.junit.platform.engine.support.hierarchical.NodeTestTask.lambda$executeRecursively$8(NodeTestTask.java:141)
        at org.junit.platform.engine.support.hierarchical.NodeTestTask$$Lambda$257/44559647.invoke(Unknown Source)
        at org.junit.platform.engine.support.hierarchical.Node.around(Node.java:137)
        at org.junit.platform.engine.support.hierarchical.NodeTestTask.lambda$executeRecursively$9(NodeTestTask.java:139)
        at org.junit.platform.engine.support.hierarchical.NodeTestTask$$Lambda$256/1864116663.execute(Unknown Source)
        at org.junit.platform.engine.support.hierarchical.ThrowableCollector.execute(ThrowableCollector.java:73)
        at org.junit.platform.engine.support.hierarchical.NodeTestTask.executeRecursively(NodeTestTask.java:138)
        at org.junit.platform.engine.support.hierarchical.NodeTestTask.execute(NodeTestTask.java:95)
        at org.junit.platform.engine.support.hierarchical.SameThreadHierarchicalTestExecutorService$$Lambda$262/1336001042.accept(Unknown Source)
        at java.util.ArrayList.forEach(ArrayList.java:1259)
        at org.junit.platform.engine.support.hierarchical.SameThreadHierarchicalTestExecutorService.invokeAll(SameThreadHierarchicalTestExecutorService.java:41)
        at org.junit.platform.engine.support.hierarchical.NodeTestTask.lambda$executeRecursively$6(NodeTestTask.java:155)
        at org.junit.platform.engine.support.hierarchical.NodeTestTask$$Lambda$258/1067599825.execute(Unknown Source)
        at org.junit.platform.engine.support.hierarchical.ThrowableCollector.execute(ThrowableCollector.java:73)
        at org.junit.platform.engine.support.hierarchical.NodeTestTask.lambda$executeRecursively$8(NodeTestTask.java:141)
        at org.junit.platform.engine.support.hierarchical.NodeTestTask$$Lambda$257/44559647.invoke(Unknown Source)
        at org.junit.platform.engine.support.hierarchical.Node.around(Node.java:137)
        at org.junit.platform.engine.support.hierarchical.NodeTestTask.lambda$executeRecursively$9(NodeTestTask.java:139)
        at org.junit.platform.engine.support.hierarchical.NodeTestTask$$Lambda$256/1864116663.execute(Unknown Source)
        at org.junit.platform.engine.support.hierarchical.ThrowableCollector.execute(ThrowableCollector.java:73)
        at org.junit.platform.engine.support.hierarchical.NodeTestTask.executeRecursively(NodeTestTask.java:138)
        at org.junit.platform.engine.support.hierarchical.NodeTestTask.execute(NodeTestTask.java:95)
        at org.junit.platform.engine.support.hierarchical.SameThreadHierarchicalTestExecutorService$$Lambda$262/1336001042.accept(Unknown Source)
        at java.util.ArrayList.forEach(ArrayList.java:1259)
        at org.junit.platform.engine.support.hierarchical.SameThreadHierarchicalTestExecutorService.invokeAll(SameThreadHierarchicalTestExecutorService.java:41)
        at org.junit.platform.engine.support.hierarchical.NodeTestTask.lambda$executeRecursively$6(NodeTestTask.java:155)
        at org.junit.platform.engine.support.hierarchical.NodeTestTask$$Lambda$258/1067599825.execute(Unknown Source)
        at org.junit.platform.engine.support.hierarchical.ThrowableCollector.execute(ThrowableCollector.java:73)
        at org.junit.platform.engine.support.hierarchical.NodeTestTask.lambda$executeRecursively$8(NodeTestTask.java:141)
        at org.junit.platform.engine.support.hierarchical.NodeTestTask$$Lambda$257/44559647.invoke(Unknown Source)
        at org.junit.platform.engine.support.hierarchical.Node.around(Node.java:137)
        at org.junit.platform.engine.support.hierarchical.NodeTestTask.lambda$executeRecursively$9(NodeTestTask.java:139)
        at org.junit.platform.engine.support.hierarchical.NodeTestTask$$Lambda$256/1864116663.execute(Unknown Source)
        at org.junit.platform.engine.support.hierarchical.ThrowableCollector.execute(ThrowableCollector.java:73)
        at org.junit.platform.engine.support.hierarchical.NodeTestTask.executeRecursively(NodeTestTask.java:138)
        at org.junit.platform.engine.support.hierarchical.NodeTestTask.execute(NodeTestTask.java:95)
        at org.junit.platform.engine.support.hierarchical.SameThreadHierarchicalTestExecutorService.submit(SameThreadHierarchicalTestExecutorService.java:35)
        at org.junit.platform.engine.support.hierarchical.HierarchicalTestExecutor.execute(HierarchicalTestExecutor.java:57)
        at org.junit.platform.engine.support.hierarchical.HierarchicalTestEngine.execute(HierarchicalTestEngine.java:54)
        at org.junit.platform.launcher.core.EngineExecutionOrchestrator.execute(EngineExecutionOrchestrator.java:107)
        at org.junit.platform.launcher.core.EngineExecutionOrchestrator.execute(EngineExecutionOrchestrator.java:88)
        at org.junit.platform.launcher.core.EngineExecutionOrchestrator.lambda$execute$0(EngineExecutionOrchestrator.java:54)
        at org.junit.platform.launcher.core.EngineExecutionOrchestrator$$Lambda$214/2100440237.accept(Unknown Source)
        at org.junit.platform.launcher.core.EngineExecutionOrchestrator.withInterceptedStreams(EngineExecutionOrchestrator.java:67)
        at org.junit.platform.launcher.core.EngineExecutionOrchestrator.execute(EngineExecutionOrchestrator.java:52)
        at org.junit.platform.launcher.core.DefaultLauncher.execute(DefaultLauncher.java:114)
        at org.junit.platform.launcher.core.DefaultLauncher.execute(DefaultLauncher.java:86)
        at org.junit.platform.launcher.core.DefaultLauncherSession$DelegatingLauncher.execute(DefaultLauncherSession.java:86)
        at org.junit.platform.launcher.core.SessionPerRequestLauncher.execute(SessionPerRequestLauncher.java:53)
        at org.apache.maven.surefire.junitplatform.JUnitPlatformProvider.execute(JUnitPlatformProvider.java:188)
        at org.apache.maven.surefire.junitplatform.JUnitPlatformProvider.invokeAllTests(JUnitPlatformProvider.java:154)
        at org.apache.maven.surefire.junitplatform.JUnitPlatformProvider.invoke(JUnitPlatformProvider.java:124)
        at org.apache.maven.surefire.booter.ForkedBooter.runSuitesInProcess(ForkedBooter.java:428)
        at org.apache.maven.surefire.booter.ForkedBooter.execute(ForkedBooter.java:162)
        at org.apache.maven.surefire.booter.ForkedBooter.run(ForkedBooter.java:562)
        at org.apache.maven.surefire.booter.ForkedBooter.main(ForkedBooter.java:548)
"93471f04-f84a-446a-9dbd-94f45fb64b69@group-73B16E30E520-LeaderStateImpl" daemon prio=5 tid=1087 timed_waiting
java.lang.Thread.State: TIMED_WAITING
        at sun.misc.Unsafe.park(Native Method)
        at java.util.concurrent.locks.LockSupport.parkNanos(LockSupport.java:215)
        at java.util.concurrent.locks.AbstractQueuedSynchronizer$ConditionObject.awaitNanos(AbstractQueuedSynchronizer.java:2078)
        at java.util.concurrent.ArrayBlockingQueue.poll(ArrayBlockingQueue.java:418)
        at org.apache.ratis.server.impl.LeaderStateImpl$EventQueue.poll(LeaderStateImpl.java:159)
        at org.apache.ratis.server.impl.LeaderStateImpl$EventProcessor.run(LeaderStateImpl.java:630)
"Datanode ReportManager Thread - 4" daemon prio=5 tid=277 timed_waiting
java.lang.Thread.State: TIMED_WAITING
        at sun.misc.Unsafe.park(Native Method)
        at java.util.concurrent.locks.LockSupport.parkNanos(LockSupport.java:215)
        at java.util.concurrent.locks.AbstractQueuedSynchronizer$ConditionObject.awaitNanos(AbstractQueuedSynchronizer.java:2078)
        at java.util.concurrent.ScheduledThreadPoolExecutor$DelayedWorkQueue.take(ScheduledThreadPoolExecutor.java:1093)
        at java.util.concurrent.ScheduledThreadPoolExecutor$DelayedWorkQueue.take(ScheduledThreadPoolExecutor.java:809)
        at java.util.concurrent.ThreadPoolExecutor.getTask(ThreadPoolExecutor.java:1074)
        at java.util.concurrent.ThreadPoolExecutor.runWorker(ThreadPoolExecutor.java:1134)
        at java.util.concurrent.ThreadPoolExecutor$Worker.run(ThreadPoolExecutor.java:624)
        at java.lang.Thread.run(Thread.java:750)
"Reference Handler" daemon prio=10 tid=2 in Object.wait()
java.lang.Thread.State: WAITING (on object monitor)
        at java.lang.Object.wait(Native Method)
        at java.lang.Object.wait(Object.java:502)
        at java.lang.ref.Reference.tryHandlePending(Reference.java:191)
        at java.lang.ref.Reference$ReferenceHandler.run(Reference.java:153)
"IPC Server handler 13 on default port 34787" daemon prio=5 tid=59 timed_waiting
java.lang.Thread.State: TIMED_WAITING
        at sun.misc.Unsafe.park(Native Method)
        at java.util.concurrent.locks.LockSupport.parkNanos(LockSupport.java:215)
        at java.util.concurrent.locks.AbstractQueuedSynchronizer$ConditionObject.awaitNanos(AbstractQueuedSynchronizer.java:2078)
        at java.util.concurrent.LinkedBlockingQueue.poll(LinkedBlockingQueue.java:467)
        at org.apache.hadoop.ipc.CallQueueManager.take(CallQueueManager.java:317)
        at org.apache.hadoop.ipc.Server$Handler.run(Server.java:2942)
"grpc-default-executor-0" daemon prio=5 tid=575 timed_waiting
java.lang.Thread.State: TIMED_WAITING
        at sun.misc.Unsafe.park(Native Method)
        at java.util.concurrent.locks.LockSupport.parkNanos(LockSupport.java:215)
        at java.util.concurrent.SynchronousQueue$TransferStack.awaitFulfill(SynchronousQueue.java:460)
        at java.util.concurrent.SynchronousQueue$TransferStack.transfer(SynchronousQueue.java:362)
        at java.util.concurrent.SynchronousQueue.poll(SynchronousQueue.java:941)
        at java.util.concurrent.ThreadPoolExecutor.getTask(ThreadPoolExecutor.java:1073)
        at java.util.concurrent.ThreadPoolExecutor.runWorker(ThreadPoolExecutor.java:1134)
        at java.util.concurrent.ThreadPoolExecutor$Worker.run(ThreadPoolExecutor.java:624)
        at java.lang.Thread.run(Thread.java:750)
"timer6" daemon prio=5 tid=795 timed_waiting
java.lang.Thread.State: TIMED_WAITING
        at java.lang.Object.wait(Native Method)
        at java.util.TimerThread.mainLoop(Timer.java:552)
        at java.util.TimerThread.run(Timer.java:505)
"StaleRecoveringContainerScrubbingService#5" daemon prio=5 tid=1152 in Object.wait()
java.lang.Thread.State: WAITING (on object monitor)
        at sun.misc.Unsafe.park(Native Method)
        at java.util.concurrent.locks.LockSupport.park(LockSupport.java:175)
        at java.util.concurrent.locks.AbstractQueuedSynchronizer$ConditionObject.await(AbstractQueuedSynchronizer.java:2039)
        at java.util.concurrent.ScheduledThreadPoolExecutor$DelayedWorkQueue.take(ScheduledThreadPoolExecutor.java:1088)
        at java.util.concurrent.ScheduledThreadPoolExecutor$DelayedWorkQueue.take(ScheduledThreadPoolExecutor.java:809)
        at java.util.concurrent.ThreadPoolExecutor.getTask(ThreadPoolExecutor.java:1074)
        at java.util.concurrent.ThreadPoolExecutor.runWorker(ThreadPoolExecutor.java:1134)
        at java.util.concurrent.ThreadPoolExecutor$Worker.run(ThreadPoolExecutor.java:624)
        at java.lang.Thread.run(Thread.java:750)
"f48f5eaa-c865-41e1-958d-4d574a609fc9@group-C860D8A7810C-SegmentedRaftLogWorker"  prio=5 tid=581 timed_waiting
java.lang.Thread.State: TIMED_WAITING
        at sun.misc.Unsafe.park(Native Method)
        at java.util.concurrent.locks.LockSupport.parkNanos(LockSupport.java:215)
        at java.util.concurrent.locks.AbstractQueuedSynchronizer$ConditionObject.awaitNanos(AbstractQueuedSynchronizer.java:2078)
        at org.apache.ratis.util.DataBlockingQueue.poll(DataBlockingQueue.java:148)
        at org.apache.ratis.server.raftlog.segmented.SegmentedRaftLogWorker.run(SegmentedRaftLogWorker.java:312)
        at org.apache.ratis.server.raftlog.segmented.SegmentedRaftLogWorker$$Lambda$667/1365285756.run(Unknown Source)
        at java.lang.Thread.run(Thread.java:750)
"StaleRecoveringContainerScrubbingService#0" daemon prio=5 tid=514 in Object.wait()
java.lang.Thread.State: WAITING (on object monitor)
        at sun.misc.Unsafe.park(Native Method)
        at java.util.concurrent.locks.LockSupport.park(LockSupport.java:175)
        at java.util.concurrent.locks.AbstractQueuedSynchronizer$ConditionObject.await(AbstractQueuedSynchronizer.java:2039)
        at java.util.concurrent.ScheduledThreadPoolExecutor$DelayedWorkQueue.take(ScheduledThreadPoolExecutor.java:1088)
        at java.util.concurrent.ScheduledThreadPoolExecutor$DelayedWorkQueue.take(ScheduledThreadPoolExecutor.java:809)
        at java.util.concurrent.ThreadPoolExecutor.getTask(ThreadPoolExecutor.java:1074)
        at java.util.concurrent.ThreadPoolExecutor.runWorker(ThreadPoolExecutor.java:1134)
        at java.util.concurrent.ThreadPoolExecutor$Worker.run(ThreadPoolExecutor.java:624)
        at java.lang.Thread.run(Thread.java:750)
"EventQueue-PipelineReportForOneReplicaPipelineSafeModeRule" daemon prio=5 tid=502 in Object.wait()
java.lang.Thread.State: WAITING (on object monitor)
        at sun.misc.Unsafe.park(Native Method)
        at java.util.concurrent.locks.LockSupport.park(LockSupport.java:175)
        at java.util.concurrent.locks.AbstractQueuedSynchronizer$ConditionObject.await(AbstractQueuedSynchronizer.java:2039)
        at java.util.concurrent.LinkedBlockingQueue.take(LinkedBlockingQueue.java:442)
        at java.util.concurrent.ThreadPoolExecutor.getTask(ThreadPoolExecutor.java:1074)
        at java.util.concurrent.ThreadPoolExecutor.runWorker(ThreadPoolExecutor.java:1134)
        at java.util.concurrent.ThreadPoolExecutor$Worker.run(ThreadPoolExecutor.java:624)
        at java.lang.Thread.run(Thread.java:750)
"FixedThreadPoolWithAffinityExecutor-5-0" daemon prio=5 tid=40 timed_waiting
java.lang.Thread.State: TIMED_WAITING
        at sun.misc.Unsafe.park(Native Method)
        at java.util.concurrent.locks.LockSupport.parkNanos(LockSupport.java:215)
        at java.util.concurrent.locks.AbstractQueuedSynchronizer$ConditionObject.awaitNanos(AbstractQueuedSynchronizer.java:2078)
        at java.util.concurrent.LinkedBlockingQueue.poll(LinkedBlockingQueue.java:467)
        at org.apache.hadoop.hdds.scm.server.ContainerReportQueue.poll(ContainerReportQueue.java:266)
        at org.apache.hadoop.hdds.scm.server.ContainerReportQueue.poll(ContainerReportQueue.java:42)
        at org.apache.hadoop.hdds.server.events.FixedThreadPoolWithAffinityExecutor$ContainerReportProcessTask.run(FixedThreadPoolWithAffinityExecutor.java:248)
        at java.util.concurrent.Executors$RunnableAdapter.call(Executors.java:511)
        at java.util.concurrent.FutureTask.run(FutureTask.java:266)
        at java.util.concurrent.ThreadPoolExecutor.runWorker(ThreadPoolExecutor.java:1149)
        at java.util.concurrent.ThreadPoolExecutor$Worker.run(ThreadPoolExecutor.java:624)
        at java.lang.Thread.run(Thread.java:750)
"IPC Server idle connection scanner for port 39139" daemon prio=5 tid=131 timed_waiting
java.lang.Thread.State: TIMED_WAITING
        at java.lang.Object.wait(Native Method)
        at java.util.TimerThread.mainLoop(Timer.java:552)
        at java.util.TimerThread.run(Timer.java:505)
"592803f5-ace9-49ac-a54f-354c0e5baf2c-server-thread2" daemon prio=5 tid=1110 timed_waiting
java.lang.Thread.State: TIMED_WAITING
        at sun.misc.Unsafe.park(Native Method)
        at java.util.concurrent.locks.LockSupport.parkNanos(LockSupport.java:215)
        at java.util.concurrent.SynchronousQueue$TransferStack.awaitFulfill(SynchronousQueue.java:460)
        at java.util.concurrent.SynchronousQueue$TransferStack.transfer(SynchronousQueue.java:362)
        at java.util.concurrent.SynchronousQueue.poll(SynchronousQueue.java:941)
        at java.util.concurrent.ThreadPoolExecutor.getTask(ThreadPoolExecutor.java:1073)
        at java.util.concurrent.ThreadPoolExecutor.runWorker(ThreadPoolExecutor.java:1134)
        at java.util.concurrent.ThreadPoolExecutor$Worker.run(ThreadPoolExecutor.java:624)
        at java.lang.Thread.run(Thread.java:750)
"ChunkWriter-1-0" daemon prio=5 tid=451 in Object.wait()
java.lang.Thread.State: WAITING (on object monitor)
        at sun.misc.Unsafe.park(Native Method)
        at java.util.concurrent.locks.LockSupport.park(LockSupport.java:175)
        at java.util.concurrent.locks.AbstractQueuedSynchronizer$ConditionObject.await(AbstractQueuedSynchronizer.java:2039)
        at java.util.concurrent.LinkedBlockingDeque.takeFirst(LinkedBlockingDeque.java:492)
        at java.util.concurrent.LinkedBlockingDeque.take(LinkedBlockingDeque.java:680)
        at java.util.concurrent.ThreadPoolExecutor.getTask(ThreadPoolExecutor.java:1074)
        at java.util.concurrent.ThreadPoolExecutor.runWorker(ThreadPoolExecutor.java:1134)
        at java.util.concurrent.ThreadPoolExecutor$Worker.run(ThreadPoolExecutor.java:624)
        at java.lang.Thread.run(Thread.java:750)
"StaleRecoveringContainerScrubbingService#0" daemon prio=5 tid=343 in Object.wait()
java.lang.Thread.State: WAITING (on object monitor)
        at sun.misc.Unsafe.park(Native Method)
        at java.util.concurrent.locks.LockSupport.park(LockSupport.java:175)
        at java.util.concurrent.locks.AbstractQueuedSynchronizer$ConditionObject.await(AbstractQueuedSynchronizer.java:2039)
        at java.util.concurrent.ScheduledThreadPoolExecutor$DelayedWorkQueue.take(ScheduledThreadPoolExecutor.java:1088)
        at java.util.concurrent.ScheduledThreadPoolExecutor$DelayedWorkQueue.take(ScheduledThreadPoolExecutor.java:809)
        at java.util.concurrent.ThreadPoolExecutor.getTask(ThreadPoolExecutor.java:1074)
        at java.util.concurrent.ThreadPoolExecutor.runWorker(ThreadPoolExecutor.java:1134)
        at java.util.concurrent.ThreadPoolExecutor$Worker.run(ThreadPoolExecutor.java:624)
        at java.lang.Thread.run(Thread.java:750)
"f48f5eaa-c865-41e1-958d-4d574a609fc9@group-E13D6F209EBE-SegmentedRaftLogWorker"  prio=5 tid=603 timed_waiting
java.lang.Thread.State: TIMED_WAITING
        at sun.misc.Unsafe.park(Native Method)
        at java.util.concurrent.locks.LockSupport.parkNanos(LockSupport.java:215)
        at java.util.concurrent.locks.AbstractQueuedSynchronizer$ConditionObject.awaitNanos(AbstractQueuedSynchronizer.java:2078)
        at org.apache.ratis.util.DataBlockingQueue.poll(DataBlockingQueue.java:148)
        at org.apache.ratis.server.raftlog.segmented.SegmentedRaftLogWorker.run(SegmentedRaftLogWorker.java:312)
        at org.apache.ratis.server.raftlog.segmented.SegmentedRaftLogWorker$$Lambda$667/1365285756.run(Unknown Source)
        at java.lang.Thread.run(Thread.java:750)
"ChunkWriter-1-0" daemon prio=5 tid=532 in Object.wait()
java.lang.Thread.State: WAITING (on object monitor)
        at sun.misc.Unsafe.park(Native Method)
        at java.util.concurrent.locks.LockSupport.park(LockSupport.java:175)
        at java.util.concurrent.locks.AbstractQueuedSynchronizer$ConditionObject.await(AbstractQueuedSynchronizer.java:2039)
        at java.util.concurrent.LinkedBlockingDeque.takeFirst(LinkedBlockingDeque.java:492)
        at java.util.concurrent.LinkedBlockingDeque.take(LinkedBlockingDeque.java:680)
        at java.util.concurrent.ThreadPoolExecutor.getTask(ThreadPoolExecutor.java:1074)
        at java.util.concurrent.ThreadPoolExecutor.runWorker(ThreadPoolExecutor.java:1134)
        at java.util.concurrent.ThreadPoolExecutor$Worker.run(ThreadPoolExecutor.java:624)
        at java.lang.Thread.run(Thread.java:750)
"592803f5-ace9-49ac-a54f-354c0e5baf2c@group-B5CB87655DBA-SegmentedRaftLogWorker"  prio=5 tid=647 timed_waiting
java.lang.Thread.State: TIMED_WAITING
        at sun.misc.Unsafe.park(Native Method)
        at java.util.concurrent.locks.LockSupport.parkNanos(LockSupport.java:215)
        at java.util.concurrent.locks.AbstractQueuedSynchronizer$ConditionObject.awaitNanos(AbstractQueuedSynchronizer.java:2078)
        at org.apache.ratis.util.DataBlockingQueue.poll(DataBlockingQueue.java:148)
        at org.apache.ratis.server.raftlog.segmented.SegmentedRaftLogWorker.run(SegmentedRaftLogWorker.java:312)
        at org.apache.ratis.server.raftlog.segmented.SegmentedRaftLogWorker$$Lambda$667/1365285756.run(Unknown Source)
        at java.lang.Thread.run(Thread.java:750)
"ChunkWriter-2-0" daemon prio=5 tid=533 in Object.wait()
java.lang.Thread.State: WAITING (on object monitor)
        at sun.misc.Unsafe.park(Native Method)
        at java.util.concurrent.locks.LockSupport.park(LockSupport.java:175)
        at java.util.concurrent.locks.AbstractQueuedSynchronizer$ConditionObject.await(AbstractQueuedSynchronizer.java:2039)
        at java.util.concurrent.LinkedBlockingDeque.takeFirst(LinkedBlockingDeque.java:492)
        at java.util.concurrent.LinkedBlockingDeque.take(LinkedBlockingDeque.java:680)
        at java.util.concurrent.ThreadPoolExecutor.getTask(ThreadPoolExecutor.java:1074)
        at java.util.concurrent.ThreadPoolExecutor.runWorker(ThreadPoolExecutor.java:1134)
        at java.util.concurrent.ThreadPoolExecutor$Worker.run(ThreadPoolExecutor.java:624)
        at java.lang.Thread.run(Thread.java:750)
"Datanode ReportManager Thread - 2" daemon prio=5 tid=330 timed_waiting
java.lang.Thread.State: TIMED_WAITING
        at sun.misc.Unsafe.park(Native Method)
        at java.util.concurrent.locks.LockSupport.parkNanos(LockSupport.java:215)
        at java.util.concurrent.locks.AbstractQueuedSynchronizer$ConditionObject.awaitNanos(AbstractQueuedSynchronizer.java:2078)
        at java.util.concurrent.ScheduledThreadPoolExecutor$DelayedWorkQueue.take(ScheduledThreadPoolExecutor.java:1093)
        at java.util.concurrent.ScheduledThreadPoolExecutor$DelayedWorkQueue.take(ScheduledThreadPoolExecutor.java:809)
        at java.util.concurrent.ThreadPoolExecutor.getTask(ThreadPoolExecutor.java:1074)
        at java.util.concurrent.ThreadPoolExecutor.runWorker(ThreadPoolExecutor.java:1134)
        at java.util.concurrent.ThreadPoolExecutor$Worker.run(ThreadPoolExecutor.java:624)
        at java.lang.Thread.run(Thread.java:750)
"307c9a4a-d135-41f7-b2cf-6e79e9d930c6@group-B9F234375034->2fe07876-8610-433e-a055-404555d6ad88-GrpcLogAppender-LogAppenderDaemon" daemon prio=5 tid=835 timed_waiting
java.lang.Thread.State: TIMED_WAITING
        at sun.misc.Unsafe.park(Native Method)
        at java.util.concurrent.locks.LockSupport.parkNanos(LockSupport.java:215)
        at java.util.concurrent.locks.AbstractQueuedSynchronizer$ConditionObject.await(AbstractQueuedSynchronizer.java:2163)
        at org.apache.ratis.util.AwaitForSignal.await(AwaitForSignal.java:62)
        at org.apache.ratis.grpc.server.GrpcLogAppender.mayWait(GrpcLogAppender.java:198)
        at org.apache.ratis.grpc.server.GrpcLogAppender.run(GrpcLogAppender.java:148)
        at org.apache.ratis.server.leader.LogAppenderDaemon.run(LogAppenderDaemon.java:78)
        at org.apache.ratis.server.leader.LogAppenderDaemon$$Lambda$1044/2014844076.run(Unknown Source)
        at java.lang.Thread.run(Thread.java:750)
"f48f5eaa-c865-41e1-958d-4d574a609fc9@group-E13D6F209EBE-LeaderStateImpl" daemon prio=5 tid=772 timed_waiting
java.lang.Thread.State: TIMED_WAITING
        at sun.misc.Unsafe.park(Native Method)
        at java.util.concurrent.locks.LockSupport.parkNanos(LockSupport.java:215)
        at java.util.concurrent.locks.AbstractQueuedSynchronizer$ConditionObject.awaitNanos(AbstractQueuedSynchronizer.java:2078)
        at java.util.concurrent.ArrayBlockingQueue.poll(ArrayBlockingQueue.java:418)
        at org.apache.ratis.server.impl.LeaderStateImpl$EventQueue.poll(LeaderStateImpl.java:159)
        at org.apache.ratis.server.impl.LeaderStateImpl$EventProcessor.run(LeaderStateImpl.java:630)
"qtp1583625218-116" daemon prio=5 tid=116 timed_waiting
java.lang.Thread.State: TIMED_WAITING
        at sun.misc.Unsafe.park(Native Method)
        at java.util.concurrent.locks.LockSupport.parkNanos(LockSupport.java:215)
        at java.util.concurrent.locks.AbstractQueuedSynchronizer$ConditionObject.awaitNanos(AbstractQueuedSynchronizer.java:2078)
        at org.eclipse.jetty.util.BlockingArrayQueue.poll(BlockingArrayQueue.java:382)
        at org.eclipse.jetty.util.thread.QueuedThreadPool$Runner.idleJobPoll(QueuedThreadPool.java:974)
        at org.eclipse.jetty.util.thread.QueuedThreadPool$Runner.run(QueuedThreadPool.java:1018)
        at java.lang.Thread.run(Thread.java:750)
"StaleRecoveringContainerScrubbingService#1" daemon prio=5 tid=527 in Object.wait()
java.lang.Thread.State: WAITING (on object monitor)
        at sun.misc.Unsafe.park(Native Method)
        at java.util.concurrent.locks.LockSupport.park(LockSupport.java:175)
        at java.util.concurrent.locks.AbstractQueuedSynchronizer$ConditionObject.await(AbstractQueuedSynchronizer.java:2039)
        at java.util.concurrent.ScheduledThreadPoolExecutor$DelayedWorkQueue.take(ScheduledThreadPoolExecutor.java:1088)
        at java.util.concurrent.ScheduledThreadPoolExecutor$DelayedWorkQueue.take(ScheduledThreadPoolExecutor.java:809)
        at java.util.concurrent.ThreadPoolExecutor.getTask(ThreadPoolExecutor.java:1074)
        at java.util.concurrent.ThreadPoolExecutor.runWorker(ThreadPoolExecutor.java:1134)
        at java.util.concurrent.ThreadPoolExecutor$Worker.run(ThreadPoolExecutor.java:624)
        at java.lang.Thread.run(Thread.java:750)
"BlockDeletingService#0" daemon prio=5 tid=512 in Object.wait()
java.lang.Thread.State: WAITING (on object monitor)
        at sun.misc.Unsafe.park(Native Method)
        at java.util.concurrent.locks.LockSupport.park(LockSupport.java:175)
        at java.util.concurrent.locks.AbstractQueuedSynchronizer$ConditionObject.await(AbstractQueuedSynchronizer.java:2039)
        at java.util.concurrent.ScheduledThreadPoolExecutor$DelayedWorkQueue.take(ScheduledThreadPoolExecutor.java:1088)
        at java.util.concurrent.ScheduledThreadPoolExecutor$DelayedWorkQueue.take(ScheduledThreadPoolExecutor.java:809)
        at java.util.concurrent.ThreadPoolExecutor.getTask(ThreadPoolExecutor.java:1074)
        at java.util.concurrent.ThreadPoolExecutor.runWorker(ThreadPoolExecutor.java:1134)
        at java.util.concurrent.ThreadPoolExecutor$Worker.run(ThreadPoolExecutor.java:624)
        at java.lang.Thread.run(Thread.java:750)
"93471f04-f84a-446a-9dbd-94f45fb64b69@group-73B16E30E520-SegmentedRaftLogWorker"  prio=5 tid=1032 timed_waiting
java.lang.Thread.State: TIMED_WAITING
        at sun.misc.Unsafe.park(Native Method)
        at java.util.concurrent.locks.LockSupport.parkNanos(LockSupport.java:215)
        at java.util.concurrent.locks.AbstractQueuedSynchronizer$ConditionObject.awaitNanos(AbstractQueuedSynchronizer.java:2078)
        at org.apache.ratis.util.DataBlockingQueue.poll(DataBlockingQueue.java:148)
        at org.apache.ratis.server.raftlog.segmented.SegmentedRaftLogWorker.run(SegmentedRaftLogWorker.java:312)
        at org.apache.ratis.server.raftlog.segmented.SegmentedRaftLogWorker$$Lambda$667/1365285756.run(Unknown Source)
        at java.lang.Thread.run(Thread.java:750)
"Datanode ReportManager Thread - 2" daemon prio=5 tid=223 timed_waiting
java.lang.Thread.State: TIMED_WAITING
        at sun.misc.Unsafe.park(Native Method)
        at java.util.concurrent.locks.LockSupport.parkNanos(LockSupport.java:215)
        at java.util.concurrent.locks.AbstractQueuedSynchronizer$ConditionObject.awaitNanos(AbstractQueuedSynchronizer.java:2078)
        at java.util.concurrent.ScheduledThreadPoolExecutor$DelayedWorkQueue.take(ScheduledThreadPoolExecutor.java:1093)
        at java.util.concurrent.ScheduledThreadPoolExecutor$DelayedWorkQueue.take(ScheduledThreadPoolExecutor.java:809)
        at java.util.concurrent.ThreadPoolExecutor.getTask(ThreadPoolExecutor.java:1074)
        at java.util.concurrent.ThreadPoolExecutor.runWorker(ThreadPoolExecutor.java:1134)
        at java.util.concurrent.ThreadPoolExecutor$Worker.run(ThreadPoolExecutor.java:624)
        at java.lang.Thread.run(Thread.java:750)
"IPC Server handler 8 on default port 43931" daemon prio=5 tid=94 timed_waiting
java.lang.Thread.State: TIMED_WAITING
        at sun.misc.Unsafe.park(Native Method)
        at java.util.concurrent.locks.LockSupport.parkNanos(LockSupport.java:215)
        at java.util.concurrent.locks.AbstractQueuedSynchronizer$ConditionObject.awaitNanos(AbstractQueuedSynchronizer.java:2078)
        at java.util.concurrent.LinkedBlockingQueue.poll(LinkedBlockingQueue.java:467)
        at org.apache.hadoop.ipc.CallQueueManager.take(CallQueueManager.java:317)
        at org.apache.hadoop.ipc.Server$Handler.run(Server.java:2942)
"2fe07876-8610-433e-a055-404555d6ad88@group-2A829352BC53-LeaderStateImpl" daemon prio=5 tid=914 timed_waiting
java.lang.Thread.State: TIMED_WAITING
        at sun.misc.Unsafe.park(Native Method)
        at java.util.concurrent.locks.LockSupport.parkNanos(LockSupport.java:215)
        at java.util.concurrent.locks.AbstractQueuedSynchronizer$ConditionObject.awaitNanos(AbstractQueuedSynchronizer.java:2078)
        at java.util.concurrent.ArrayBlockingQueue.poll(ArrayBlockingQueue.java:418)
        at org.apache.ratis.server.impl.LeaderStateImpl$EventQueue.poll(LeaderStateImpl.java:159)
        at org.apache.ratis.server.impl.LeaderStateImpl$EventProcessor.run(LeaderStateImpl.java:630)
"qtp388797014-241" daemon prio=5 tid=241 timed_waiting
java.lang.Thread.State: TIMED_WAITING
        at sun.misc.Unsafe.park(Native Method)
        at java.util.concurrent.locks.LockSupport.parkNanos(LockSupport.java:215)
        at java.util.concurrent.locks.AbstractQueuedSynchronizer$ConditionObject.awaitNanos(AbstractQueuedSynchronizer.java:2078)
        at org.eclipse.jetty.util.BlockingArrayQueue.poll(BlockingArrayQueue.java:382)
        at org.eclipse.jetty.util.thread.QueuedThreadPool$Runner.idleJobPoll(QueuedThreadPool.java:974)
        at org.eclipse.jetty.util.thread.QueuedThreadPool$Runner.run(QueuedThreadPool.java:1018)
        at java.lang.Thread.run(Thread.java:750)
"ChunkReader-5" daemon prio=5 tid=962 in Object.wait()
java.lang.Thread.State: WAITING (on object monitor)
        at sun.misc.Unsafe.park(Native Method)
        at java.util.concurrent.locks.LockSupport.park(LockSupport.java:175)
        at java.util.concurrent.locks.AbstractQueuedSynchronizer$ConditionObject.await(AbstractQueuedSynchronizer.java:2039)
        at java.util.concurrent.LinkedBlockingQueue.take(LinkedBlockingQueue.java:442)
        at java.util.concurrent.ThreadPoolExecutor.getTask(ThreadPoolExecutor.java:1074)
        at java.util.concurrent.ThreadPoolExecutor.runWorker(ThreadPoolExecutor.java:1134)
        at java.util.concurrent.ThreadPoolExecutor$Worker.run(ThreadPoolExecutor.java:624)
        at java.lang.Thread.run(Thread.java:750)
"OM StateMachine ApplyTransaction Thread - 0" daemon prio=5 tid=817 in Object.wait()
java.lang.Thread.State: WAITING (on object monitor)
        at sun.misc.Unsafe.park(Native Method)
        at java.util.concurrent.locks.LockSupport.park(LockSupport.java:175)
        at java.util.concurrent.locks.AbstractQueuedSynchronizer$ConditionObject.await(AbstractQueuedSynchronizer.java:2039)
        at java.util.concurrent.LinkedBlockingQueue.take(LinkedBlockingQueue.java:442)
        at java.util.concurrent.ThreadPoolExecutor.getTask(ThreadPoolExecutor.java:1074)
        at java.util.concurrent.ThreadPoolExecutor.runWorker(ThreadPoolExecutor.java:1134)
        at java.util.concurrent.ThreadPoolExecutor$Worker.run(ThreadPoolExecutor.java:624)
        at java.lang.Thread.run(Thread.java:750)
"307c9a4a-d135-41f7-b2cf-6e79e9d930c6@group-2A829352BC53-StateMachineUpdater" daemon prio=5 tid=660 timed_waiting
java.lang.Thread.State: TIMED_WAITING
        at sun.misc.Unsafe.park(Native Method)
        at java.util.concurrent.locks.LockSupport.parkNanos(LockSupport.java:215)
        at java.util.concurrent.locks.AbstractQueuedSynchronizer$ConditionObject.await(AbstractQueuedSynchronizer.java:2163)
        at org.apache.ratis.util.AwaitForSignal.await(AwaitForSignal.java:62)
        at org.apache.ratis.server.impl.StateMachineUpdater.waitForCommit(StateMachineUpdater.java:207)
        at org.apache.ratis.server.impl.StateMachineUpdater.run(StateMachineUpdater.java:176)
        at java.lang.Thread.run(Thread.java:750)
"6a413ed4-87ae-4509-b51d-2f5d21600f9c@group-2A829352BC53-FollowerState" daemon prio=5 tid=925 timed_waiting
java.lang.Thread.State: TIMED_WAITING
        at java.lang.Thread.sleep(Native Method)
        at java.lang.Thread.sleep(Thread.java:342)
        at java.util.concurrent.TimeUnit.sleep(TimeUnit.java:386)
        at org.apache.ratis.util.TimeDuration.sleep(TimeDuration.java:325)
        at org.apache.ratis.util.TimeDuration.sleep(TimeDuration.java:310)
        at org.apache.ratis.server.impl.FollowerState.run(FollowerState.java:128)
"qtp1596052577-186" daemon prio=5 tid=186 timed_waiting
java.lang.Thread.State: TIMED_WAITING
        at sun.misc.Unsafe.park(Native Method)
        at java.util.concurrent.locks.LockSupport.parkNanos(LockSupport.java:215)
        at java.util.concurrent.locks.AbstractQueuedSynchronizer$ConditionObject.awaitNanos(AbstractQueuedSynchronizer.java:2078)
        at org.eclipse.jetty.util.BlockingArrayQueue.poll(BlockingArrayQueue.java:382)
        at org.eclipse.jetty.util.thread.QueuedThreadPool$Runner.idleJobPoll(QueuedThreadPool.java:974)
        at org.eclipse.jetty.util.thread.QueuedThreadPool$Runner.run(QueuedThreadPool.java:1018)
        at java.lang.Thread.run(Thread.java:750)
"StaleRecoveringContainerScrubbingService#1" daemon prio=5 tid=459 in Object.wait()
java.lang.Thread.State: WAITING (on object monitor)
        at sun.misc.Unsafe.park(Native Method)
        at java.util.concurrent.locks.LockSupport.park(LockSupport.java:175)
        at java.util.concurrent.locks.AbstractQueuedSynchronizer$ConditionObject.await(AbstractQueuedSynchronizer.java:2039)
        at java.util.concurrent.ScheduledThreadPoolExecutor$DelayedWorkQueue.take(ScheduledThreadPoolExecutor.java:1088)
        at java.util.concurrent.ScheduledThreadPoolExecutor$DelayedWorkQueue.take(ScheduledThreadPoolExecutor.java:809)
        at java.util.concurrent.ThreadPoolExecutor.getTask(ThreadPoolExecutor.java:1074)
        at java.util.concurrent.ThreadPoolExecutor.runWorker(ThreadPoolExecutor.java:1134)
        at java.util.concurrent.ThreadPoolExecutor$Worker.run(ThreadPoolExecutor.java:624)
        at java.lang.Thread.run(Thread.java:750)
"Session-HouseKeeper-2d921c9-1"  prio=5 tid=245 timed_waiting
java.lang.Thread.State: TIMED_WAITING
        at sun.misc.Unsafe.park(Native Method)
        at java.util.concurrent.locks.LockSupport.parkNanos(LockSupport.java:215)
        at java.util.concurrent.locks.AbstractQueuedSynchronizer$ConditionObject.awaitNanos(AbstractQueuedSynchronizer.java:2078)
        at java.util.concurrent.ScheduledThreadPoolExecutor$DelayedWorkQueue.take(ScheduledThreadPoolExecutor.java:1093)
        at java.util.concurrent.ScheduledThreadPoolExecutor$DelayedWorkQueue.take(ScheduledThreadPoolExecutor.java:809)
        at java.util.concurrent.ThreadPoolExecutor.getTask(ThreadPoolExecutor.java:1074)
        at java.util.concurrent.ThreadPoolExecutor.runWorker(ThreadPoolExecutor.java:1134)
        at java.util.concurrent.ThreadPoolExecutor$Worker.run(ThreadPoolExecutor.java:624)
        at java.lang.Thread.run(Thread.java:750)
"Socket Reader #1 for port 0"  prio=5 tid=24 runnable
java.lang.Thread.State: RUNNABLE
        at sun.nio.ch.EPollArrayWrapper.epollWait(Native Method)
        at sun.nio.ch.EPollArrayWrapper.poll(EPollArrayWrapper.java:269)
        at sun.nio.ch.EPollSelectorImpl.doSelect(EPollSelectorImpl.java:93)
        at sun.nio.ch.SelectorImpl.lockAndDoSelect(SelectorImpl.java:86)
        at sun.nio.ch.SelectorImpl.select(SelectorImpl.java:97)
        at sun.nio.ch.SelectorImpl.select(SelectorImpl.java:101)
        at org.apache.hadoop.ipc.Server$Listener$Reader.doRunLoop(Server.java:1296)
        at org.apache.hadoop.ipc.Server$Listener$Reader.run(Server.java:1275)
"IPC Server handler 10 on default port 39139" daemon prio=5 tid=163 timed_waiting
java.lang.Thread.State: TIMED_WAITING
        at sun.misc.Unsafe.park(Native Method)
        at java.util.concurrent.locks.LockSupport.parkNanos(LockSupport.java:215)
        at java.util.concurrent.locks.AbstractQueuedSynchronizer$ConditionObject.awaitNanos(AbstractQueuedSynchronizer.java:2078)
        at java.util.concurrent.LinkedBlockingQueue.poll(LinkedBlockingQueue.java:467)
        at org.apache.hadoop.ipc.CallQueueManager.take(CallQueueManager.java:317)
        at org.apache.hadoop.ipc.Server$Handler.run(Server.java:2942)
"BlockDeletingService#2" daemon prio=5 tid=1129 in Object.wait()
java.lang.Thread.State: WAITING (on object monitor)
        at sun.misc.Unsafe.park(Native Method)
        at java.util.concurrent.locks.LockSupport.park(LockSupport.java:175)
        at java.util.concurrent.locks.AbstractQueuedSynchronizer$ConditionObject.await(AbstractQueuedSynchronizer.java:2039)
        at java.util.concurrent.ScheduledThreadPoolExecutor$DelayedWorkQueue.take(ScheduledThreadPoolExecutor.java:1088)
        at java.util.concurrent.ScheduledThreadPoolExecutor$DelayedWorkQueue.take(ScheduledThreadPoolExecutor.java:809)
        at java.util.concurrent.ThreadPoolExecutor.getTask(ThreadPoolExecutor.java:1074)
        at java.util.concurrent.ThreadPoolExecutor.runWorker(ThreadPoolExecutor.java:1134)
        at java.util.concurrent.ThreadPoolExecutor$Worker.run(ThreadPoolExecutor.java:624)
        at java.lang.Thread.run(Thread.java:750)
"BlockDeletingService#1" daemon prio=5 tid=528 in Object.wait()
java.lang.Thread.State: WAITING (on object monitor)
        at sun.misc.Unsafe.park(Native Method)
        at java.util.concurrent.locks.LockSupport.park(LockSupport.java:175)
        at java.util.concurrent.locks.AbstractQueuedSynchronizer$ConditionObject.await(AbstractQueuedSynchronizer.java:2039)
        at java.util.concurrent.ScheduledThreadPoolExecutor$DelayedWorkQueue.take(ScheduledThreadPoolExecutor.java:1088)
        at java.util.concurrent.ScheduledThreadPoolExecutor$DelayedWorkQueue.take(ScheduledThreadPoolExecutor.java:809)
        at java.util.concurrent.ThreadPoolExecutor.getTask(ThreadPoolExecutor.java:1074)
        at java.util.concurrent.ThreadPoolExecutor.runWorker(ThreadPoolExecutor.java:1134)
        at java.util.concurrent.ThreadPoolExecutor$Worker.run(ThreadPoolExecutor.java:624)
        at java.lang.Thread.run(Thread.java:750)
"JvmPauseMonitor0" daemon prio=5 tid=138 timed_waiting
java.lang.Thread.State: TIMED_WAITING
        at java.lang.Thread.sleep(Native Method)
        at java.lang.Thread.sleep(Thread.java:342)
        at java.util.concurrent.TimeUnit.sleep(TimeUnit.java:386)
        at org.apache.ratis.util.TimeDuration.sleep(TimeDuration.java:325)
        at org.apache.ratis.util.TimeDuration.sleep(TimeDuration.java:310)
        at org.apache.ratis.util.JvmPauseMonitor.detectPause(JvmPauseMonitor.java:119)
        at org.apache.ratis.util.JvmPauseMonitor.run(JvmPauseMonitor.java:108)
        at org.apache.ratis.util.JvmPauseMonitor$$Lambda$708/1088691990.run(Unknown Source)
        at java.lang.Thread.run(Thread.java:750)
"StaleRecoveringContainerScrubbingService#7" daemon prio=5 tid=1140 in Object.wait()
java.lang.Thread.State: WAITING (on object monitor)
        at sun.misc.Unsafe.park(Native Method)
        at java.util.concurrent.locks.LockSupport.park(LockSupport.java:175)
        at java.util.concurrent.locks.AbstractQueuedSynchronizer$ConditionObject.await(AbstractQueuedSynchronizer.java:2039)
        at java.util.concurrent.ScheduledThreadPoolExecutor$DelayedWorkQueue.take(ScheduledThreadPoolExecutor.java:1088)
        at java.util.concurrent.ScheduledThreadPoolExecutor$DelayedWorkQueue.take(ScheduledThreadPoolExecutor.java:809)
        at java.util.concurrent.ThreadPoolExecutor.getTask(ThreadPoolExecutor.java:1074)
        at java.util.concurrent.ThreadPoolExecutor.runWorker(ThreadPoolExecutor.java:1134)
        at java.util.concurrent.ThreadPoolExecutor$Worker.run(ThreadPoolExecutor.java:624)
        at java.lang.Thread.run(Thread.java:750)
"ChunkReader-5" daemon prio=5 tid=869 in Object.wait()
java.lang.Thread.State: WAITING (on object monitor)
        at sun.misc.Unsafe.park(Native Method)
        at java.util.concurrent.locks.LockSupport.park(LockSupport.java:175)
        at java.util.concurrent.locks.AbstractQueuedSynchronizer$ConditionObject.await(AbstractQueuedSynchronizer.java:2039)
        at java.util.concurrent.LinkedBlockingQueue.take(LinkedBlockingQueue.java:442)
        at java.util.concurrent.ThreadPoolExecutor.getTask(ThreadPoolExecutor.java:1074)
        at java.util.concurrent.ThreadPoolExecutor.runWorker(ThreadPoolExecutor.java:1134)
        at java.util.concurrent.ThreadPoolExecutor$Worker.run(ThreadPoolExecutor.java:624)
        at java.lang.Thread.run(Thread.java:750)
"StaleRecoveringContainerScrubbingService#0" daemon prio=5 tid=457 in Object.wait()
java.lang.Thread.State: WAITING (on object monitor)
        at sun.misc.Unsafe.park(Native Method)
        at java.util.concurrent.locks.LockSupport.park(LockSupport.java:175)
        at java.util.concurrent.locks.AbstractQueuedSynchronizer$ConditionObject.await(AbstractQueuedSynchronizer.java:2039)
        at java.util.concurrent.ScheduledThreadPoolExecutor$DelayedWorkQueue.take(ScheduledThreadPoolExecutor.java:1088)
        at java.util.concurrent.ScheduledThreadPoolExecutor$DelayedWorkQueue.take(ScheduledThreadPoolExecutor.java:809)
        at java.util.concurrent.ThreadPoolExecutor.getTask(ThreadPoolExecutor.java:1074)
        at java.util.concurrent.ThreadPoolExecutor.runWorker(ThreadPoolExecutor.java:1134)
        at java.util.concurrent.ThreadPoolExecutor$Worker.run(ThreadPoolExecutor.java:624)
        at java.lang.Thread.run(Thread.java:750)
"IPC Server handler 14 on default port 39139" daemon prio=5 tid=167 timed_waiting
java.lang.Thread.State: TIMED_WAITING
        at sun.misc.Unsafe.park(Native Method)
        at java.util.concurrent.locks.LockSupport.parkNanos(LockSupport.java:215)
        at java.util.concurrent.locks.AbstractQueuedSynchronizer$ConditionObject.awaitNanos(AbstractQueuedSynchronizer.java:2078)
        at java.util.concurrent.LinkedBlockingQueue.poll(LinkedBlockingQueue.java:467)
        at org.apache.hadoop.ipc.CallQueueManager.take(CallQueueManager.java:317)
        at org.apache.hadoop.ipc.Server$Handler.run(Server.java:2942)
"Datanode ReportManager Thread - 3" daemon prio=5 tid=331 in Object.wait()
java.lang.Thread.State: WAITING (on object monitor)
        at sun.misc.Unsafe.park(Native Method)
        at java.util.concurrent.locks.LockSupport.park(LockSupport.java:175)
        at java.util.concurrent.locks.AbstractQueuedSynchronizer$ConditionObject.await(AbstractQueuedSynchronizer.java:2039)
        at java.util.concurrent.ScheduledThreadPoolExecutor$DelayedWorkQueue.take(ScheduledThreadPoolExecutor.java:1088)
        at java.util.concurrent.ScheduledThreadPoolExecutor$DelayedWorkQueue.take(ScheduledThreadPoolExecutor.java:809)
        at java.util.concurrent.ThreadPoolExecutor.getTask(ThreadPoolExecutor.java:1074)
        at java.util.concurrent.ThreadPoolExecutor.runWorker(ThreadPoolExecutor.java:1134)
        at java.util.concurrent.ThreadPoolExecutor$Worker.run(ThreadPoolExecutor.java:624)
        at java.lang.Thread.run(Thread.java:750)
"fd07e5d7-2dd9-455a-a9b9-9dae4f4be123@group-FFC8E6C97F07-SegmentedRaftLogWorker"  prio=5 tid=1049 timed_waiting
java.lang.Thread.State: TIMED_WAITING
        at sun.misc.Unsafe.park(Native Method)
        at java.util.concurrent.locks.LockSupport.parkNanos(LockSupport.java:215)
        at java.util.concurrent.locks.AbstractQueuedSynchronizer$ConditionObject.awaitNanos(AbstractQueuedSynchronizer.java:2078)
        at org.apache.ratis.util.DataBlockingQueue.poll(DataBlockingQueue.java:148)
        at org.apache.ratis.server.raftlog.segmented.SegmentedRaftLogWorker.run(SegmentedRaftLogWorker.java:312)
        at org.apache.ratis.server.raftlog.segmented.SegmentedRaftLogWorker$$Lambda$667/1365285756.run(Unknown Source)
        at java.lang.Thread.run(Thread.java:750)
"f48f5eaa-c865-41e1-958d-4d574a609fc9@group-B2174F3F8180-LeaderStateImpl" daemon prio=5 tid=703 timed_waiting
java.lang.Thread.State: TIMED_WAITING
        at sun.misc.Unsafe.park(Native Method)
        at java.util.concurrent.locks.LockSupport.parkNanos(LockSupport.java:215)
        at java.util.concurrent.locks.AbstractQueuedSynchronizer$ConditionObject.awaitNanos(AbstractQueuedSynchronizer.java:2078)
        at java.util.concurrent.ArrayBlockingQueue.poll(ArrayBlockingQueue.java:418)
        at org.apache.ratis.server.impl.LeaderStateImpl$EventQueue.poll(LeaderStateImpl.java:159)
        at org.apache.ratis.server.impl.LeaderStateImpl$EventProcessor.run(LeaderStateImpl.java:630)
"ChunkWriter-0-0" daemon prio=5 tid=543 in Object.wait()
java.lang.Thread.State: WAITING (on object monitor)
        at sun.misc.Unsafe.park(Native Method)
        at java.util.concurrent.locks.LockSupport.park(LockSupport.java:175)
        at java.util.concurrent.locks.AbstractQueuedSynchronizer$ConditionObject.await(AbstractQueuedSynchronizer.java:2039)
        at java.util.concurrent.LinkedBlockingDeque.takeFirst(LinkedBlockingDeque.java:492)
        at java.util.concurrent.LinkedBlockingDeque.take(LinkedBlockingDeque.java:680)
        at java.util.concurrent.ThreadPoolExecutor.getTask(ThreadPoolExecutor.java:1074)
        at java.util.concurrent.ThreadPoolExecutor.runWorker(ThreadPoolExecutor.java:1134)
        at java.util.concurrent.ThreadPoolExecutor$Worker.run(ThreadPoolExecutor.java:624)
        at java.lang.Thread.run(Thread.java:750)
"ChunkWriter-3-0" daemon prio=5 tid=419 in Object.wait()
java.lang.Thread.State: WAITING (on object monitor)
        at sun.misc.Unsafe.park(Native Method)
        at java.util.concurrent.locks.LockSupport.park(LockSupport.java:175)
        at java.util.concurrent.locks.AbstractQueuedSynchronizer$ConditionObject.await(AbstractQueuedSynchronizer.java:2039)
        at java.util.concurrent.LinkedBlockingDeque.takeFirst(LinkedBlockingDeque.java:492)
        at java.util.concurrent.LinkedBlockingDeque.take(LinkedBlockingDeque.java:680)
        at java.util.concurrent.ThreadPoolExecutor.getTask(ThreadPoolExecutor.java:1074)
        at java.util.concurrent.ThreadPoolExecutor.runWorker(ThreadPoolExecutor.java:1134)
        at java.util.concurrent.ThreadPoolExecutor$Worker.run(ThreadPoolExecutor.java:624)
        at java.lang.Thread.run(Thread.java:750)
"StaleRecoveringContainerScrubbingService#0" daemon prio=5 tid=1014 in Object.wait()
java.lang.Thread.State: WAITING (on object monitor)
        at sun.misc.Unsafe.park(Native Method)
        at java.util.concurrent.locks.LockSupport.park(LockSupport.java:175)
        at java.util.concurrent.locks.AbstractQueuedSynchronizer$ConditionObject.await(AbstractQueuedSynchronizer.java:2039)
        at java.util.concurrent.ScheduledThreadPoolExecutor$DelayedWorkQueue.take(ScheduledThreadPoolExecutor.java:1088)
        at java.util.concurrent.ScheduledThreadPoolExecutor$DelayedWorkQueue.take(ScheduledThreadPoolExecutor.java:809)
        at java.util.concurrent.ThreadPoolExecutor.getTask(ThreadPoolExecutor.java:1074)
        at java.util.concurrent.ThreadPoolExecutor.runWorker(ThreadPoolExecutor.java:1134)
        at java.util.concurrent.ThreadPoolExecutor$Worker.run(ThreadPoolExecutor.java:624)
        at java.lang.Thread.run(Thread.java:750)
"Datanode State Machine Daemon Thread" daemon prio=5 tid=986 timed_waiting
java.lang.Thread.State: TIMED_WAITING
        at java.lang.Thread.sleep(Native Method)
        at org.apache.hadoop.ozone.container.common.statemachine.DatanodeStateMachine.startStateMachineThread(DatanodeStateMachine.java:321)
        at org.apache.hadoop.ozone.container.common.statemachine.DatanodeStateMachine.lambda$startDaemon$0(DatanodeStateMachine.java:506)
        at org.apache.hadoop.ozone.container.common.statemachine.DatanodeStateMachine$$Lambda$753/1356624790.run(Unknown Source)
        at java.lang.Thread.run(Thread.java:750)
"592803f5-ace9-49ac-a54f-354c0e5baf2c@group-73B16E30E520-SegmentedRaftLogWorker"  prio=5 tid=1042 timed_waiting
java.lang.Thread.State: TIMED_WAITING
        at sun.misc.Unsafe.park(Native Method)
        at java.util.concurrent.locks.LockSupport.parkNanos(LockSupport.java:215)
        at java.util.concurrent.locks.AbstractQueuedSynchronizer$ConditionObject.awaitNanos(AbstractQueuedSynchronizer.java:2078)
        at org.apache.ratis.util.DataBlockingQueue.poll(DataBlockingQueue.java:148)
        at org.apache.ratis.server.raftlog.segmented.SegmentedRaftLogWorker.run(SegmentedRaftLogWorker.java:312)
        at org.apache.ratis.server.raftlog.segmented.SegmentedRaftLogWorker$$Lambda$667/1365285756.run(Unknown Source)
        at java.lang.Thread.run(Thread.java:750)
"EndpointStateMachine task thread for /0.0.0.0:43931 - 0 "  prio=5 tid=542 in Object.wait()
java.lang.Thread.State: WAITING (on object monitor)
        at sun.misc.Unsafe.park(Native Method)
        at java.util.concurrent.locks.LockSupport.park(LockSupport.java:175)
        at java.util.concurrent.locks.AbstractQueuedSynchronizer$ConditionObject.await(AbstractQueuedSynchronizer.java:2039)
        at java.util.concurrent.LinkedBlockingQueue.take(LinkedBlockingQueue.java:442)
        at java.util.concurrent.ThreadPoolExecutor.getTask(ThreadPoolExecutor.java:1074)
        at java.util.concurrent.ThreadPoolExecutor.runWorker(ThreadPoolExecutor.java:1134)
        at java.util.concurrent.ThreadPoolExecutor$Worker.run(ThreadPoolExecutor.java:624)
        at java.lang.Thread.run(Thread.java:750)
"Datanode ReportManager Thread - 1" daemon prio=5 tid=367 timed_waiting
java.lang.Thread.State: TIMED_WAITING
        at sun.misc.Unsafe.park(Native Method)
        at java.util.concurrent.locks.LockSupport.parkNanos(LockSupport.java:215)
        at java.util.concurrent.locks.AbstractQueuedSynchronizer$ConditionObject.awaitNanos(AbstractQueuedSynchronizer.java:2078)
        at java.util.concurrent.ScheduledThreadPoolExecutor$DelayedWorkQueue.take(ScheduledThreadPoolExecutor.java:1093)
        at java.util.concurrent.ScheduledThreadPoolExecutor$DelayedWorkQueue.take(ScheduledThreadPoolExecutor.java:809)
        at java.util.concurrent.ThreadPoolExecutor.getTask(ThreadPoolExecutor.java:1074)
        at java.util.concurrent.ThreadPoolExecutor.runWorker(ThreadPoolExecutor.java:1134)
        at java.util.concurrent.ThreadPoolExecutor$Worker.run(ThreadPoolExecutor.java:624)
        at java.lang.Thread.run(Thread.java:750)
"Datanode ReportManager Thread - 3" daemon prio=5 tid=443 in Object.wait()
java.lang.Thread.State: WAITING (on object monitor)
        at sun.misc.Unsafe.park(Native Method)
        at java.util.concurrent.locks.LockSupport.park(LockSupport.java:175)
        at java.util.concurrent.locks.AbstractQueuedSynchronizer$ConditionObject.await(AbstractQueuedSynchronizer.java:2039)
        at java.util.concurrent.ScheduledThreadPoolExecutor$DelayedWorkQueue.take(ScheduledThreadPoolExecutor.java:1088)
        at java.util.concurrent.ScheduledThreadPoolExecutor$DelayedWorkQueue.take(ScheduledThreadPoolExecutor.java:809)
        at java.util.concurrent.ThreadPoolExecutor.getTask(ThreadPoolExecutor.java:1074)
        at java.util.concurrent.ThreadPoolExecutor.runWorker(ThreadPoolExecutor.java:1134)
        at java.util.concurrent.ThreadPoolExecutor$Worker.run(ThreadPoolExecutor.java:624)
        at java.lang.Thread.run(Thread.java:750)
"Datanode ReportManager Thread - 4" daemon prio=5 tid=332 timed_waiting
java.lang.Thread.State: TIMED_WAITING
        at sun.misc.Unsafe.park(Native Method)
        at java.util.concurrent.locks.LockSupport.parkNanos(LockSupport.java:215)
        at java.util.concurrent.locks.AbstractQueuedSynchronizer$ConditionObject.awaitNanos(AbstractQueuedSynchronizer.java:2078)
        at java.util.concurrent.ScheduledThreadPoolExecutor$DelayedWorkQueue.take(ScheduledThreadPoolExecutor.java:1093)
        at java.util.concurrent.ScheduledThreadPoolExecutor$DelayedWorkQueue.take(ScheduledThreadPoolExecutor.java:809)
        at java.util.concurrent.ThreadPoolExecutor.getTask(ThreadPoolExecutor.java:1074)
        at java.util.concurrent.ThreadPoolExecutor.runWorker(ThreadPoolExecutor.java:1134)
        at java.util.concurrent.ThreadPoolExecutor$Worker.run(ThreadPoolExecutor.java:624)
        at java.lang.Thread.run(Thread.java:750)
"ChunkReader-8" daemon prio=5 tid=1076 in Object.wait()
java.lang.Thread.State: WAITING (on object monitor)
        at sun.misc.Unsafe.park(Native Method)
        at java.util.concurrent.locks.LockSupport.park(LockSupport.java:175)
        at java.util.concurrent.locks.AbstractQueuedSynchronizer$ConditionObject.await(AbstractQueuedSynchronizer.java:2039)
        at java.util.concurrent.LinkedBlockingQueue.take(LinkedBlockingQueue.java:442)
        at java.util.concurrent.ThreadPoolExecutor.getTask(ThreadPoolExecutor.java:1074)
        at java.util.concurrent.ThreadPoolExecutor.runWorker(ThreadPoolExecutor.java:1134)
        at java.util.concurrent.ThreadPoolExecutor$Worker.run(ThreadPoolExecutor.java:624)
        at java.lang.Thread.run(Thread.java:750)
"a57ee2ea-c69c-41b1-9f64-f7c5b74e8646@group-88F4C8E687A2-SegmentedRaftLogWorker"  prio=5 tid=585 timed_waiting
java.lang.Thread.State: TIMED_WAITING
        at sun.misc.Unsafe.park(Native Method)
        at java.util.concurrent.locks.LockSupport.parkNanos(LockSupport.java:215)
        at java.util.concurrent.locks.AbstractQueuedSynchronizer$ConditionObject.awaitNanos(AbstractQueuedSynchronizer.java:2078)
        at org.apache.ratis.util.DataBlockingQueue.poll(DataBlockingQueue.java:148)
        at org.apache.ratis.server.raftlog.segmented.SegmentedRaftLogWorker.run(SegmentedRaftLogWorker.java:312)
        at org.apache.ratis.server.raftlog.segmented.SegmentedRaftLogWorker$$Lambda$667/1365285756.run(Unknown Source)
        at java.lang.Thread.run(Thread.java:750)
"qtp156947375-270" daemon prio=5 tid=270 timed_waiting
java.lang.Thread.State: TIMED_WAITING
        at sun.misc.Unsafe.park(Native Method)
        at java.util.concurrent.locks.LockSupport.parkNanos(LockSupport.java:215)
        at java.util.concurrent.locks.AbstractQueuedSynchronizer$ConditionObject.awaitNanos(AbstractQueuedSynchronizer.java:2078)
        at org.eclipse.jetty.util.BlockingArrayQueue.poll(BlockingArrayQueue.java:382)
        at org.eclipse.jetty.util.thread.QueuedThreadPool$Runner.idleJobPoll(QueuedThreadPool.java:974)
        at org.eclipse.jetty.util.thread.QueuedThreadPool$Runner.run(QueuedThreadPool.java:1018)
        at java.lang.Thread.run(Thread.java:750)
"pool-206-thread-1" daemon prio=5 tid=349 timed_waiting
java.lang.Thread.State: TIMED_WAITING
        at sun.misc.Unsafe.park(Native Method)
        at java.util.concurrent.locks.LockSupport.parkNanos(LockSupport.java:215)
        at java.util.concurrent.locks.AbstractQueuedSynchronizer$ConditionObject.awaitNanos(AbstractQueuedSynchronizer.java:2078)
        at java.util.concurrent.ScheduledThreadPoolExecutor$DelayedWorkQueue.take(ScheduledThreadPoolExecutor.java:1093)
        at java.util.concurrent.ScheduledThreadPoolExecutor$DelayedWorkQueue.take(ScheduledThreadPoolExecutor.java:809)
        at java.util.concurrent.ThreadPoolExecutor.getTask(ThreadPoolExecutor.java:1074)
        at java.util.concurrent.ThreadPoolExecutor.runWorker(ThreadPoolExecutor.java:1134)
        at java.util.concurrent.ThreadPoolExecutor$Worker.run(ThreadPoolExecutor.java:624)
        at java.lang.Thread.run(Thread.java:750)
"ChunkReader-0" daemon prio=5 tid=847 in Object.wait()
java.lang.Thread.State: WAITING (on object monitor)
        at sun.misc.Unsafe.park(Native Method)
        at java.util.concurrent.locks.LockSupport.park(LockSupport.java:175)
        at java.util.concurrent.locks.AbstractQueuedSynchronizer$ConditionObject.await(AbstractQueuedSynchronizer.java:2039)
        at java.util.concurrent.LinkedBlockingQueue.take(LinkedBlockingQueue.java:442)
        at java.util.concurrent.ThreadPoolExecutor.getTask(ThreadPoolExecutor.java:1074)
        at java.util.concurrent.ThreadPoolExecutor.runWorker(ThreadPoolExecutor.java:1134)
        at java.util.concurrent.ThreadPoolExecutor$Worker.run(ThreadPoolExecutor.java:624)
        at java.lang.Thread.run(Thread.java:750)
"Command processor thread" daemon prio=5 tid=252 timed_waiting
java.lang.Thread.State: TIMED_WAITING
        at java.lang.Thread.sleep(Native Method)
        at org.apache.hadoop.ozone.container.common.statemachine.DatanodeStateMachine.lambda$initCommandHandlerThread$3(DatanodeStateMachine.java:641)
        at org.apache.hadoop.ozone.container.common.statemachine.DatanodeStateMachine$$Lambda$755/788578843.run(Unknown Source)
        at java.lang.Thread.run(Thread.java:750)
"StaleRecoveringContainerScrubbingService#8" daemon prio=5 tid=1147 in Object.wait()
java.lang.Thread.State: WAITING (on object monitor)
        at sun.misc.Unsafe.park(Native Method)
        at java.util.concurrent.locks.LockSupport.park(LockSupport.java:175)
        at java.util.concurrent.locks.AbstractQueuedSynchronizer$ConditionObject.await(AbstractQueuedSynchronizer.java:2039)
        at java.util.concurrent.ScheduledThreadPoolExecutor$DelayedWorkQueue.take(ScheduledThreadPoolExecutor.java:1088)
        at java.util.concurrent.ScheduledThreadPoolExecutor$DelayedWorkQueue.take(ScheduledThreadPoolExecutor.java:809)
        at java.util.concurrent.ThreadPoolExecutor.getTask(ThreadPoolExecutor.java:1074)
        at java.util.concurrent.ThreadPoolExecutor.runWorker(ThreadPoolExecutor.java:1134)
        at java.util.concurrent.ThreadPoolExecutor$Worker.run(ThreadPoolExecutor.java:624)
        at java.lang.Thread.run(Thread.java:750)
"qtp981403840-434" daemon prio=5 tid=434 timed_waiting
java.lang.Thread.State: TIMED_WAITING
        at sun.misc.Unsafe.park(Native Method)
        at java.util.concurrent.locks.LockSupport.parkNanos(LockSupport.java:215)
        at java.util.concurrent.locks.AbstractQueuedSynchronizer$ConditionObject.awaitNanos(AbstractQueuedSynchronizer.java:2078)
        at org.eclipse.jetty.util.BlockingArrayQueue.poll(BlockingArrayQueue.java:382)
        at org.eclipse.jetty.util.thread.QueuedThreadPool$Runner.idleJobPoll(QueuedThreadPool.java:974)
        at org.eclipse.jetty.util.thread.QueuedThreadPool$Runner.run(QueuedThreadPool.java:1018)
        at java.lang.Thread.run(Thread.java:750)
"qtp348292129-214" daemon prio=5 tid=214 timed_waiting
java.lang.Thread.State: TIMED_WAITING
        at sun.misc.Unsafe.park(Native Method)
        at java.util.concurrent.locks.LockSupport.parkNanos(LockSupport.java:215)
        at java.util.concurrent.locks.AbstractQueuedSynchronizer$ConditionObject.awaitNanos(AbstractQueuedSynchronizer.java:2078)
        at org.eclipse.jetty.util.BlockingArrayQueue.poll(BlockingArrayQueue.java:382)
        at org.eclipse.jetty.util.thread.QueuedThreadPool$Runner.idleJobPoll(QueuedThreadPool.java:974)
        at org.eclipse.jetty.util.thread.QueuedThreadPool$Runner.run(QueuedThreadPool.java:1018)
        at java.lang.Thread.run(Thread.java:750)
"org.apache.hadoop.ozone.container.common.statemachine.commandhandler.DeleteBlocksCommandHandler$DeleteCmdWorker@6e0bbaa9" daemon prio=5 tid=209 timed_waiting
java.lang.Thread.State: TIMED_WAITING
        at java.lang.Thread.sleep(Native Method)
        at org.apache.hadoop.ozone.container.common.statemachine.commandhandler.DeleteBlocksCommandHandler$DeleteCmdWorker.run(DeleteBlocksCommandHandler.java:184)
        at java.lang.Thread.run(Thread.java:750)
"IPC Server handler 16 on default port 39139" daemon prio=5 tid=169 timed_waiting
java.lang.Thread.State: TIMED_WAITING
        at sun.misc.Unsafe.park(Native Method)
        at java.util.concurrent.locks.LockSupport.parkNanos(LockSupport.java:215)
        at java.util.concurrent.locks.AbstractQueuedSynchronizer$ConditionObject.awaitNanos(AbstractQueuedSynchronizer.java:2078)
        at java.util.concurrent.LinkedBlockingQueue.poll(LinkedBlockingQueue.java:467)
        at org.apache.hadoop.ipc.CallQueueManager.take(CallQueueManager.java:317)
        at org.apache.hadoop.ipc.Server$Handler.run(Server.java:2942)
"IPC Server handler 17 on default port 38215" daemon prio=5 tid=83 timed_waiting
java.lang.Thread.State: TIMED_WAITING
        at sun.misc.Unsafe.park(Native Method)
        at java.util.concurrent.locks.LockSupport.parkNanos(LockSupport.java:215)
        at java.util.concurrent.locks.AbstractQueuedSynchronizer$ConditionObject.awaitNanos(AbstractQueuedSynchronizer.java:2078)
        at java.util.concurrent.LinkedBlockingQueue.poll(LinkedBlockingQueue.java:467)
        at org.apache.hadoop.ipc.CallQueueManager.take(CallQueueManager.java:317)
        at org.apache.hadoop.ipc.Server$Handler.run(Server.java:2942)
"EndpointStateMachine task thread for /0.0.0.0:43931 - 0 "  prio=5 tid=530 in Object.wait()
java.lang.Thread.State: WAITING (on object monitor)
        at sun.misc.Unsafe.park(Native Method)
        at java.util.concurrent.locks.LockSupport.park(LockSupport.java:175)
        at java.util.concurrent.locks.AbstractQueuedSynchronizer$ConditionObject.await(AbstractQueuedSynchronizer.java:2039)
        at java.util.concurrent.LinkedBlockingQueue.take(LinkedBlockingQueue.java:442)
        at java.util.concurrent.ThreadPoolExecutor.getTask(ThreadPoolExecutor.java:1074)
        at java.util.concurrent.ThreadPoolExecutor.runWorker(ThreadPoolExecutor.java:1134)
        at java.util.concurrent.ThreadPoolExecutor$Worker.run(ThreadPoolExecutor.java:624)
        at java.lang.Thread.run(Thread.java:750)
"qtp1596052577-190" daemon prio=5 tid=190 timed_waiting
java.lang.Thread.State: TIMED_WAITING
        at sun.misc.Unsafe.park(Native Method)
        at java.util.concurrent.locks.LockSupport.parkNanos(LockSupport.java:215)
        at java.util.concurrent.locks.AbstractQueuedSynchronizer$ConditionObject.awaitNanos(AbstractQueuedSynchronizer.java:2078)
        at org.eclipse.jetty.util.BlockingArrayQueue.poll(BlockingArrayQueue.java:382)
        at org.eclipse.jetty.util.thread.QueuedThreadPool$Runner.idleJobPoll(QueuedThreadPool.java:974)
        at org.eclipse.jetty.util.thread.QueuedThreadPool$Runner.run(QueuedThreadPool.java:1018)
        at java.lang.Thread.run(Thread.java:750)
"Datanode ReportManager Thread - 3" daemon prio=5 tid=405 timed_waiting
java.lang.Thread.State: TIMED_WAITING
        at sun.misc.Unsafe.park(Native Method)
        at java.util.concurrent.locks.LockSupport.parkNanos(LockSupport.java:215)
        at java.util.concurrent.locks.AbstractQueuedSynchronizer$ConditionObject.awaitNanos(AbstractQueuedSynchronizer.java:2078)
        at java.util.concurrent.ScheduledThreadPoolExecutor$DelayedWorkQueue.take(ScheduledThreadPoolExecutor.java:1093)
        at java.util.concurrent.ScheduledThreadPoolExecutor$DelayedWorkQueue.take(ScheduledThreadPoolExecutor.java:809)
        at java.util.concurrent.ThreadPoolExecutor.getTask(ThreadPoolExecutor.java:1074)
        at java.util.concurrent.ThreadPoolExecutor.runWorker(ThreadPoolExecutor.java:1134)
        at java.util.concurrent.ThreadPoolExecutor$Worker.run(ThreadPoolExecutor.java:624)
        at java.lang.Thread.run(Thread.java:750)
"qtp1728369813-393" daemon prio=5 tid=393 runnable
java.lang.Thread.State: RUNNABLE
        at sun.nio.ch.EPollArrayWrapper.epollWait(Native Method)
        at sun.nio.ch.EPollArrayWrapper.poll(EPollArrayWrapper.java:269)
        at sun.nio.ch.EPollSelectorImpl.doSelect(EPollSelectorImpl.java:93)
        at sun.nio.ch.SelectorImpl.lockAndDoSelect(SelectorImpl.java:86)
        at sun.nio.ch.SelectorImpl.select(SelectorImpl.java:97)
        at sun.nio.ch.SelectorImpl.select(SelectorImpl.java:101)
        at org.eclipse.jetty.io.ManagedSelector.nioSelect(ManagedSelector.java:183)
        at org.eclipse.jetty.io.ManagedSelector.select(ManagedSelector.java:190)
        at org.eclipse.jetty.io.ManagedSelector$SelectorProducer.select(ManagedSelector.java:606)
        at org.eclipse.jetty.io.ManagedSelector$SelectorProducer.produce(ManagedSelector.java:543)
        at org.eclipse.jetty.util.thread.strategy.EatWhatYouKill.produceTask(EatWhatYouKill.java:362)
        at org.eclipse.jetty.util.thread.strategy.EatWhatYouKill.doProduce(EatWhatYouKill.java:186)
        at org.eclipse.jetty.util.thread.strategy.EatWhatYouKill.tryProduce(EatWhatYouKill.java:173)
        at org.eclipse.jetty.util.thread.strategy.EatWhatYouKill.produce(EatWhatYouKill.java:137)
        at org.eclipse.jetty.io.ManagedSelector$$Lambda$444/1185648203.run(Unknown Source)
        at org.eclipse.jetty.util.thread.QueuedThreadPool.runJob(QueuedThreadPool.java:883)
        at org.eclipse.jetty.util.thread.QueuedThreadPool$Runner.run(QueuedThreadPool.java:1034)
        at java.lang.Thread.run(Thread.java:750)
"Session-HouseKeeper-552d2df6-1"  prio=5 tid=323 timed_waiting
java.lang.Thread.State: TIMED_WAITING
        at sun.misc.Unsafe.park(Native Method)
        at java.util.concurrent.locks.LockSupport.parkNanos(LockSupport.java:215)
        at java.util.concurrent.locks.AbstractQueuedSynchronizer$ConditionObject.awaitNanos(AbstractQueuedSynchronizer.java:2078)
        at java.util.concurrent.ScheduledThreadPoolExecutor$DelayedWorkQueue.take(ScheduledThreadPoolExecutor.java:1093)
        at java.util.concurrent.ScheduledThreadPoolExecutor$DelayedWorkQueue.take(ScheduledThreadPoolExecutor.java:809)
        at java.util.concurrent.ThreadPoolExecutor.getTask(ThreadPoolExecutor.java:1074)
        at java.util.concurrent.ThreadPoolExecutor.runWorker(ThreadPoolExecutor.java:1134)
        at java.util.concurrent.ThreadPoolExecutor$Worker.run(ThreadPoolExecutor.java:624)
        at java.lang.Thread.run(Thread.java:750)
"qtp1596052577-187" daemon prio=5 tid=187 timed_waiting
java.lang.Thread.State: TIMED_WAITING
        at sun.misc.Unsafe.park(Native Method)
        at java.util.concurrent.locks.LockSupport.parkNanos(LockSupport.java:215)
        at java.util.concurrent.locks.AbstractQueuedSynchronizer$ConditionObject.awaitNanos(AbstractQueuedSynchronizer.java:2078)
        at org.eclipse.jetty.util.BlockingArrayQueue.poll(BlockingArrayQueue.java:382)
        at org.eclipse.jetty.util.thread.QueuedThreadPool$Runner.idleJobPoll(QueuedThreadPool.java:974)
        at org.eclipse.jetty.util.thread.QueuedThreadPool$Runner.run(QueuedThreadPool.java:1018)
        at java.lang.Thread.run(Thread.java:750)
"qtp2022973332-149" daemon prio=5 tid=149 timed_waiting
java.lang.Thread.State: TIMED_WAITING
        at sun.misc.Unsafe.park(Native Method)
        at java.util.concurrent.locks.LockSupport.parkNanos(LockSupport.java:215)
        at java.util.concurrent.locks.AbstractQueuedSynchronizer$ConditionObject.awaitNanos(AbstractQueuedSynchronizer.java:2078)
        at org.eclipse.jetty.util.BlockingArrayQueue.poll(BlockingArrayQueue.java:382)
        at org.eclipse.jetty.util.thread.QueuedThreadPool$Runner.idleJobPoll(QueuedThreadPool.java:974)
        at org.eclipse.jetty.util.thread.QueuedThreadPool$Runner.run(QueuedThreadPool.java:1018)
        at java.lang.Thread.run(Thread.java:750)
"timer5" daemon prio=5 tid=794 timed_waiting
java.lang.Thread.State: TIMED_WAITING
        at java.lang.Object.wait(Native Method)
        at java.util.TimerThread.mainLoop(Timer.java:552)
        at java.util.TimerThread.run(Timer.java:505)
"Datanode ReportManager Thread - 3" daemon prio=5 tid=250 in Object.wait()
java.lang.Thread.State: WAITING (on object monitor)
        at sun.misc.Unsafe.park(Native Method)
        at java.util.concurrent.locks.LockSupport.park(LockSupport.java:175)
        at java.util.concurrent.locks.AbstractQueuedSynchronizer$ConditionObject.await(AbstractQueuedSynchronizer.java:2039)
        at java.util.concurrent.ScheduledThreadPoolExecutor$DelayedWorkQueue.take(ScheduledThreadPoolExecutor.java:1088)
        at java.util.concurrent.ScheduledThreadPoolExecutor$DelayedWorkQueue.take(ScheduledThreadPoolExecutor.java:809)
        at java.util.concurrent.ThreadPoolExecutor.getTask(ThreadPoolExecutor.java:1074)
        at java.util.concurrent.ThreadPoolExecutor.runWorker(ThreadPoolExecutor.java:1134)
        at java.util.concurrent.ThreadPoolExecutor$Worker.run(ThreadPoolExecutor.java:624)
        at java.lang.Thread.run(Thread.java:750)
"ChunkWriter-3-0" daemon prio=5 tid=453 in Object.wait()
java.lang.Thread.State: WAITING (on object monitor)
        at sun.misc.Unsafe.park(Native Method)
        at java.util.concurrent.locks.LockSupport.park(LockSupport.java:175)
        at java.util.concurrent.locks.AbstractQueuedSynchronizer$ConditionObject.await(AbstractQueuedSynchronizer.java:2039)
        at java.util.concurrent.LinkedBlockingDeque.takeFirst(LinkedBlockingDeque.java:492)
        at java.util.concurrent.LinkedBlockingDeque.take(LinkedBlockingDeque.java:680)
        at java.util.concurrent.ThreadPoolExecutor.getTask(ThreadPoolExecutor.java:1074)
        at java.util.concurrent.ThreadPoolExecutor.runWorker(ThreadPoolExecutor.java:1134)
        at java.util.concurrent.ThreadPoolExecutor$Worker.run(ThreadPoolExecutor.java:624)
        at java.lang.Thread.run(Thread.java:750)
"qtp981403840-430-acceptor-0@418a93aa-ServerConnector@45a5b3e6{HTTP/1.1, (http/1.1)}{0.0.0.0:40805}" daemon prio=3 tid=430 runnable
java.lang.Thread.State: RUNNABLE
        at sun.nio.ch.ServerSocketChannelImpl.accept0(Native Method)
        at sun.nio.ch.ServerSocketChannelImpl.accept(ServerSocketChannelImpl.java:421)
        at sun.nio.ch.ServerSocketChannelImpl.accept(ServerSocketChannelImpl.java:249)
        at org.eclipse.jetty.server.ServerConnector.accept(ServerConnector.java:388)
        at org.eclipse.jetty.server.AbstractConnector$Acceptor.run(AbstractConnector.java:704)
        at org.eclipse.jetty.util.thread.QueuedThreadPool.runJob(QueuedThreadPool.java:883)
        at org.eclipse.jetty.util.thread.QueuedThreadPool$Runner.run(QueuedThreadPool.java:1034)
        at java.lang.Thread.run(Thread.java:750)
"Datanode ReportManager Thread - 4" daemon prio=5 tid=406 timed_waiting
java.lang.Thread.State: TIMED_WAITING
        at sun.misc.Unsafe.park(Native Method)
        at java.util.concurrent.locks.LockSupport.parkNanos(LockSupport.java:215)
        at java.util.concurrent.locks.AbstractQueuedSynchronizer$ConditionObject.awaitNanos(AbstractQueuedSynchronizer.java:2078)
        at java.util.concurrent.ScheduledThreadPoolExecutor$DelayedWorkQueue.take(ScheduledThreadPoolExecutor.java:1093)
        at java.util.concurrent.ScheduledThreadPoolExecutor$DelayedWorkQueue.take(ScheduledThreadPoolExecutor.java:809)
        at java.util.concurrent.ThreadPoolExecutor.getTask(ThreadPoolExecutor.java:1074)
        at java.util.concurrent.ThreadPoolExecutor.runWorker(ThreadPoolExecutor.java:1134)
        at java.util.concurrent.ThreadPoolExecutor$Worker.run(ThreadPoolExecutor.java:624)
        at java.lang.Thread.run(Thread.java:750)
"IPC Server handler 15 on default port 43931" daemon prio=5 tid=101 timed_waiting
java.lang.Thread.State: TIMED_WAITING
        at sun.misc.Unsafe.park(Native Method)
        at java.util.concurrent.locks.LockSupport.parkNanos(LockSupport.java:215)
        at java.util.concurrent.locks.AbstractQueuedSynchronizer$ConditionObject.awaitNanos(AbstractQueuedSynchronizer.java:2078)
        at java.util.concurrent.LinkedBlockingQueue.poll(LinkedBlockingQueue.java:467)
        at org.apache.hadoop.ipc.CallQueueManager.take(CallQueueManager.java:317)
        at org.apache.hadoop.ipc.Server$Handler.run(Server.java:2942)
"Datanode ReportManager Thread - 1" daemon prio=5 tid=988 in Object.wait()
java.lang.Thread.State: WAITING (on object monitor)
        at sun.misc.Unsafe.park(Native Method)
        at java.util.concurrent.locks.LockSupport.park(LockSupport.java:175)
        at java.util.concurrent.locks.AbstractQueuedSynchronizer$ConditionObject.await(AbstractQueuedSynchronizer.java:2039)
        at java.util.concurrent.ScheduledThreadPoolExecutor$DelayedWorkQueue.take(ScheduledThreadPoolExecutor.java:1088)
        at java.util.concurrent.ScheduledThreadPoolExecutor$DelayedWorkQueue.take(ScheduledThreadPoolExecutor.java:809)
        at java.util.concurrent.ThreadPoolExecutor.getTask(ThreadPoolExecutor.java:1074)
        at java.util.concurrent.ThreadPoolExecutor.runWorker(ThreadPoolExecutor.java:1134)
        at java.util.concurrent.ThreadPoolExecutor$Worker.run(ThreadPoolExecutor.java:624)
        at java.lang.Thread.run(Thread.java:750)
"BlockDeletingService#0" daemon prio=5 tid=342 timed_waiting
java.lang.Thread.State: TIMED_WAITING
        at sun.misc.Unsafe.park(Native Method)
        at java.util.concurrent.locks.LockSupport.parkNanos(LockSupport.java:215)
        at java.util.concurrent.locks.AbstractQueuedSynchronizer$ConditionObject.awaitNanos(AbstractQueuedSynchronizer.java:2078)
        at java.util.concurrent.ScheduledThreadPoolExecutor$DelayedWorkQueue.take(ScheduledThreadPoolExecutor.java:1093)
        at java.util.concurrent.ScheduledThreadPoolExecutor$DelayedWorkQueue.take(ScheduledThreadPoolExecutor.java:809)
        at java.util.concurrent.ThreadPoolExecutor.getTask(ThreadPoolExecutor.java:1074)
        at java.util.concurrent.ThreadPoolExecutor.runWorker(ThreadPoolExecutor.java:1134)
        at java.util.concurrent.ThreadPoolExecutor$Worker.run(ThreadPoolExecutor.java:624)
        at java.lang.Thread.run(Thread.java:750)
"qtp2022973332-151" daemon prio=5 tid=151 timed_waiting
java.lang.Thread.State: TIMED_WAITING
        at sun.misc.Unsafe.park(Native Method)
        at java.util.concurrent.locks.LockSupport.parkNanos(LockSupport.java:215)
        at java.util.concurrent.locks.AbstractQueuedSynchronizer$ConditionObject.awaitNanos(AbstractQueuedSynchronizer.java:2078)
        at org.eclipse.jetty.util.BlockingArrayQueue.poll(BlockingArrayQueue.java:382)
        at org.eclipse.jetty.util.thread.QueuedThreadPool$Runner.idleJobPoll(QueuedThreadPool.java:974)
        at org.eclipse.jetty.util.thread.QueuedThreadPool$Runner.run(QueuedThreadPool.java:1018)
        at java.lang.Thread.run(Thread.java:750)
"qtp275359862-984" daemon prio=5 tid=984 timed_waiting
java.lang.Thread.State: TIMED_WAITING
        at sun.misc.Unsafe.park(Native Method)
        at java.util.concurrent.locks.LockSupport.parkNanos(LockSupport.java:215)
        at java.util.concurrent.locks.AbstractQueuedSynchronizer$ConditionObject.awaitNanos(AbstractQueuedSynchronizer.java:2078)
        at org.eclipse.jetty.util.BlockingArrayQueue.poll(BlockingArrayQueue.java:382)
        at org.eclipse.jetty.util.thread.QueuedThreadPool$Runner.idleJobPoll(QueuedThreadPool.java:974)
        at org.eclipse.jetty.util.thread.QueuedThreadPool$Runner.run(QueuedThreadPool.java:1018)
        at java.lang.Thread.run(Thread.java:750)
"a57ee2ea-c69c-41b1-9f64-f7c5b74e8646@group-C860D8A7810C->f48f5eaa-c865-41e1-958d-4d574a609fc9-GrpcLogAppender-LogAppenderDaemon" daemon prio=5 tid=885 timed_waiting
java.lang.Thread.State: TIMED_WAITING
        at sun.misc.Unsafe.park(Native Method)
        at java.util.concurrent.locks.LockSupport.parkNanos(LockSupport.java:215)
        at java.util.concurrent.locks.AbstractQueuedSynchronizer$ConditionObject.await(AbstractQueuedSynchronizer.java:2163)
        at org.apache.ratis.util.AwaitForSignal.await(AwaitForSignal.java:62)
        at org.apache.ratis.grpc.server.GrpcLogAppender.mayWait(GrpcLogAppender.java:198)
        at org.apache.ratis.grpc.server.GrpcLogAppender.run(GrpcLogAppender.java:148)
        at org.apache.ratis.server.leader.LogAppenderDaemon.run(LogAppenderDaemon.java:78)
        at org.apache.ratis.server.leader.LogAppenderDaemon$$Lambda$1044/2014844076.run(Unknown Source)
        at java.lang.Thread.run(Thread.java:750)
"Datanode ReportManager Thread - 0" daemon prio=5 tid=328 in Object.wait()
java.lang.Thread.State: WAITING (on object monitor)
        at sun.misc.Unsafe.park(Native Method)
        at java.util.concurrent.locks.LockSupport.park(LockSupport.java:175)
        at java.util.concurrent.locks.AbstractQueuedSynchronizer$ConditionObject.await(AbstractQueuedSynchronizer.java:2039)
        at java.util.concurrent.ScheduledThreadPoolExecutor$DelayedWorkQueue.take(ScheduledThreadPoolExecutor.java:1088)
        at java.util.concurrent.ScheduledThreadPoolExecutor$DelayedWorkQueue.take(ScheduledThreadPoolExecutor.java:809)
        at java.util.concurrent.ThreadPoolExecutor.getTask(ThreadPoolExecutor.java:1074)
        at java.util.concurrent.ThreadPoolExecutor.runWorker(ThreadPoolExecutor.java:1134)
        at java.util.concurrent.ThreadPoolExecutor$Worker.run(ThreadPoolExecutor.java:624)
        at java.lang.Thread.run(Thread.java:750)
"StaleRecoveringContainerScrubbingService#8" daemon prio=5 tid=1151 in Object.wait()
java.lang.Thread.State: WAITING (on object monitor)
        at sun.misc.Unsafe.park(Native Method)
        at java.util.concurrent.locks.LockSupport.park(LockSupport.java:175)
        at java.util.concurrent.locks.AbstractQueuedSynchronizer$ConditionObject.await(AbstractQueuedSynchronizer.java:2039)
        at java.util.concurrent.ScheduledThreadPoolExecutor$DelayedWorkQueue.take(ScheduledThreadPoolExecutor.java:1088)
        at java.util.concurrent.ScheduledThreadPoolExecutor$DelayedWorkQueue.take(ScheduledThreadPoolExecutor.java:809)
        at java.util.concurrent.ThreadPoolExecutor.getTask(ThreadPoolExecutor.java:1074)
        at java.util.concurrent.ThreadPoolExecutor.runWorker(ThreadPoolExecutor.java:1134)
        at java.util.concurrent.ThreadPoolExecutor$Worker.run(ThreadPoolExecutor.java:624)
        at java.lang.Thread.run(Thread.java:750)
"qtp829190748-320" daemon prio=5 tid=320 timed_waiting
java.lang.Thread.State: TIMED_WAITING
        at sun.misc.Unsafe.park(Native Method)
        at java.util.concurrent.locks.LockSupport.parkNanos(LockSupport.java:215)
        at java.util.concurrent.locks.AbstractQueuedSynchronizer$ConditionObject.awaitNanos(AbstractQueuedSynchronizer.java:2078)
        at org.eclipse.jetty.util.BlockingArrayQueue.poll(BlockingArrayQueue.java:382)
        at org.eclipse.jetty.util.thread.QueuedThreadPool$Runner.idleJobPoll(QueuedThreadPool.java:974)
        at org.eclipse.jetty.util.thread.QueuedThreadPool$Runner.run(QueuedThreadPool.java:1018)
        at java.lang.Thread.run(Thread.java:750)
"IPC Server handler 12 on default port 39139" daemon prio=5 tid=165 timed_waiting
java.lang.Thread.State: TIMED_WAITING
        at sun.misc.Unsafe.park(Native Method)
        at java.util.concurrent.locks.LockSupport.parkNanos(LockSupport.java:215)
        at java.util.concurrent.locks.AbstractQueuedSynchronizer$ConditionObject.awaitNanos(AbstractQueuedSynchronizer.java:2078)
        at java.util.concurrent.LinkedBlockingQueue.poll(LinkedBlockingQueue.java:467)
        at org.apache.hadoop.ipc.CallQueueManager.take(CallQueueManager.java:317)
        at org.apache.hadoop.ipc.Server$Handler.run(Server.java:2942)
"FixedThreadPoolWithAffinityExecutor-4-0" daemon prio=5 tid=39 timed_waiting
java.lang.Thread.State: TIMED_WAITING
        at sun.misc.Unsafe.park(Native Method)
        at java.util.concurrent.locks.LockSupport.parkNanos(LockSupport.java:215)
        at java.util.concurrent.locks.AbstractQueuedSynchronizer$ConditionObject.awaitNanos(AbstractQueuedSynchronizer.java:2078)
        at java.util.concurrent.LinkedBlockingQueue.poll(LinkedBlockingQueue.java:467)
        at org.apache.hadoop.hdds.scm.server.ContainerReportQueue.poll(ContainerReportQueue.java:266)
        at org.apache.hadoop.hdds.scm.server.ContainerReportQueue.poll(ContainerReportQueue.java:42)
        at org.apache.hadoop.hdds.server.events.FixedThreadPoolWithAffinityExecutor$ContainerReportProcessTask.run(FixedThreadPoolWithAffinityExecutor.java:248)
        at java.util.concurrent.Executors$RunnableAdapter.call(Executors.java:511)
        at java.util.concurrent.FutureTask.run(FutureTask.java:266)
        at java.util.concurrent.ThreadPoolExecutor.runWorker(ThreadPoolExecutor.java:1149)
        at java.util.concurrent.ThreadPoolExecutor$Worker.run(ThreadPoolExecutor.java:624)
        at java.lang.Thread.run(Thread.java:750)
"fd07e5d7-2dd9-455a-a9b9-9dae4f4be123@group-73B16E30E520-StateMachineUpdater" daemon prio=5 tid=1040 timed_waiting
java.lang.Thread.State: TIMED_WAITING
        at sun.misc.Unsafe.park(Native Method)
        at java.util.concurrent.locks.LockSupport.parkNanos(LockSupport.java:215)
        at java.util.concurrent.locks.AbstractQueuedSynchronizer$ConditionObject.await(AbstractQueuedSynchronizer.java:2163)
        at org.apache.ratis.util.AwaitForSignal.await(AwaitForSignal.java:62)
        at org.apache.ratis.server.impl.StateMachineUpdater.waitForCommit(StateMachineUpdater.java:207)
        at org.apache.ratis.server.impl.StateMachineUpdater.run(StateMachineUpdater.java:176)
        at java.lang.Thread.run(Thread.java:750)
"EventQueue-HealthyReadonlyToHealthyNodeForReadOnlyHealthyToHealthyNodeHandler" daemon prio=5 tid=1025 in Object.wait()
java.lang.Thread.State: WAITING (on object monitor)
        at sun.misc.Unsafe.park(Native Method)
        at java.util.concurrent.locks.LockSupport.park(LockSupport.java:175)
        at java.util.concurrent.locks.AbstractQueuedSynchronizer$ConditionObject.await(AbstractQueuedSynchronizer.java:2039)
        at java.util.concurrent.LinkedBlockingQueue.take(LinkedBlockingQueue.java:442)
        at java.util.concurrent.ThreadPoolExecutor.getTask(ThreadPoolExecutor.java:1074)
        at java.util.concurrent.ThreadPoolExecutor.runWorker(ThreadPoolExecutor.java:1134)
        at java.util.concurrent.ThreadPoolExecutor$Worker.run(ThreadPoolExecutor.java:624)
        at java.lang.Thread.run(Thread.java:750)
"IPC Server handler 18 on default port 34787" daemon prio=5 tid=64 timed_waiting
java.lang.Thread.State: TIMED_WAITING
        at sun.misc.Unsafe.park(Native Method)
        at java.util.concurrent.locks.LockSupport.parkNanos(LockSupport.java:215)
        at java.util.concurrent.locks.AbstractQueuedSynchronizer$ConditionObject.awaitNanos(AbstractQueuedSynchronizer.java:2078)
        at java.util.concurrent.LinkedBlockingQueue.poll(LinkedBlockingQueue.java:467)
        at org.apache.hadoop.ipc.CallQueueManager.take(CallQueueManager.java:317)
        at org.apache.hadoop.ipc.Server$Handler.run(Server.java:2942)
"ChunkWriter-1-0" daemon prio=5 tid=998 in Object.wait()
java.lang.Thread.State: WAITING (on object monitor)
        at sun.misc.Unsafe.park(Native Method)
        at java.util.concurrent.locks.LockSupport.park(LockSupport.java:175)
        at java.util.concurrent.locks.AbstractQueuedSynchronizer$ConditionObject.await(AbstractQueuedSynchronizer.java:2039)
        at java.util.concurrent.LinkedBlockingDeque.takeFirst(LinkedBlockingDeque.java:492)
        at java.util.concurrent.LinkedBlockingDeque.take(LinkedBlockingDeque.java:680)
        at java.util.concurrent.ThreadPoolExecutor.getTask(ThreadPoolExecutor.java:1074)
        at java.util.concurrent.ThreadPoolExecutor.runWorker(ThreadPoolExecutor.java:1134)
        at java.util.concurrent.ThreadPoolExecutor$Worker.run(ThreadPoolExecutor.java:624)
        at java.lang.Thread.run(Thread.java:750)
"ChunkReader-ELG-0" daemon prio=5 tid=455 runnable
java.lang.Thread.State: RUNNABLE
        at org.apache.ratis.thirdparty.io.netty.channel.epoll.Native.epollWait0(Native Method)
        at org.apache.ratis.thirdparty.io.netty.channel.epoll.Native.epollWait(Native.java:182)
        at org.apache.ratis.thirdparty.io.netty.channel.epoll.EpollEventLoop.epollWait(EpollEventLoop.java:290)
        at org.apache.ratis.thirdparty.io.netty.channel.epoll.EpollEventLoop.run(EpollEventLoop.java:354)
        at org.apache.ratis.thirdparty.io.netty.util.concurrent.SingleThreadEventExecutor$4.run(SingleThreadEventExecutor.java:995)
        at org.apache.ratis.thirdparty.io.netty.util.internal.ThreadExecutorMap$2.run(ThreadExecutorMap.java:74)
        at java.lang.Thread.run(Thread.java:750)
"qtp1583625218-113" daemon prio=5 tid=113 timed_waiting
java.lang.Thread.State: TIMED_WAITING
        at sun.misc.Unsafe.park(Native Method)
        at java.util.concurrent.locks.LockSupport.parkNanos(LockSupport.java:215)
        at java.util.concurrent.locks.AbstractQueuedSynchronizer$ConditionObject.awaitNanos(AbstractQueuedSynchronizer.java:2078)
        at org.eclipse.jetty.util.BlockingArrayQueue.poll(BlockingArrayQueue.java:382)
        at org.eclipse.jetty.util.thread.QueuedThreadPool$Runner.idleJobPoll(QueuedThreadPool.java:974)
        at org.eclipse.jetty.util.thread.QueuedThreadPool$Runner.run(QueuedThreadPool.java:1018)
        at java.lang.Thread.run(Thread.java:750)
"StaleRecoveringContainerScrubbingService#4" daemon prio=5 tid=943 in Object.wait()
java.lang.Thread.State: WAITING (on object monitor)
        at sun.misc.Unsafe.park(Native Method)
        at java.util.concurrent.locks.LockSupport.park(LockSupport.java:175)
        at java.util.concurrent.locks.AbstractQueuedSynchronizer$ConditionObject.await(AbstractQueuedSynchronizer.java:2039)
        at java.util.concurrent.ScheduledThreadPoolExecutor$DelayedWorkQueue.take(ScheduledThreadPoolExecutor.java:1088)
        at java.util.concurrent.ScheduledThreadPoolExecutor$DelayedWorkQueue.take(ScheduledThreadPoolExecutor.java:809)
        at java.util.concurrent.ThreadPoolExecutor.getTask(ThreadPoolExecutor.java:1074)
        at java.util.concurrent.ThreadPoolExecutor.runWorker(ThreadPoolExecutor.java:1134)
        at java.util.concurrent.ThreadPoolExecutor$Worker.run(ThreadPoolExecutor.java:624)
        at java.lang.Thread.run(Thread.java:750)
"pool-30-thread-1"  prio=5 tid=108 timed_waiting
java.lang.Thread.State: TIMED_WAITING
        at sun.misc.Unsafe.park(Native Method)
        at java.util.concurrent.locks.LockSupport.parkNanos(LockSupport.java:215)
        at java.util.concurrent.locks.AbstractQueuedSynchronizer$ConditionObject.awaitNanos(AbstractQueuedSynchronizer.java:2078)
        at java.util.concurrent.ScheduledThreadPoolExecutor$DelayedWorkQueue.take(ScheduledThreadPoolExecutor.java:1093)
        at java.util.concurrent.ScheduledThreadPoolExecutor$DelayedWorkQueue.take(ScheduledThreadPoolExecutor.java:809)
        at java.util.concurrent.ThreadPoolExecutor.getTask(ThreadPoolExecutor.java:1074)
        at java.util.concurrent.ThreadPoolExecutor.runWorker(ThreadPoolExecutor.java:1134)
        at java.util.concurrent.ThreadPoolExecutor$Worker.run(ThreadPoolExecutor.java:624)
        at java.lang.Thread.run(Thread.java:750)
"93471f04-f84a-446a-9dbd-94f45fb64b69@group-391EA9FD41B8-StateMachineUpdater" daemon prio=5 tid=1031 timed_waiting
java.lang.Thread.State: TIMED_WAITING
        at sun.misc.Unsafe.park(Native Method)
        at java.util.concurrent.locks.LockSupport.parkNanos(LockSupport.java:215)
        at java.util.concurrent.locks.AbstractQueuedSynchronizer$ConditionObject.await(AbstractQueuedSynchronizer.java:2163)
        at org.apache.ratis.util.AwaitForSignal.await(AwaitForSignal.java:62)
        at org.apache.ratis.server.impl.StateMachineUpdater.waitForCommit(StateMachineUpdater.java:207)
        at org.apache.ratis.server.impl.StateMachineUpdater.run(StateMachineUpdater.java:176)
        at java.lang.Thread.run(Thread.java:750)
"StaleRecoveringContainerScrubbingService#2" daemon prio=5 tid=738 in Object.wait()
java.lang.Thread.State: WAITING (on object monitor)
        at sun.misc.Unsafe.park(Native Method)
        at java.util.concurrent.locks.LockSupport.park(LockSupport.java:175)
        at java.util.concurrent.locks.AbstractQueuedSynchronizer$ConditionObject.await(AbstractQueuedSynchronizer.java:2039)
        at java.util.concurrent.ScheduledThreadPoolExecutor$DelayedWorkQueue.take(ScheduledThreadPoolExecutor.java:1088)
        at java.util.concurrent.ScheduledThreadPoolExecutor$DelayedWorkQueue.take(ScheduledThreadPoolExecutor.java:809)
        at java.util.concurrent.ThreadPoolExecutor.getTask(ThreadPoolExecutor.java:1074)
        at java.util.concurrent.ThreadPoolExecutor.runWorker(ThreadPoolExecutor.java:1134)
        at java.util.concurrent.ThreadPoolExecutor$Worker.run(ThreadPoolExecutor.java:624)
        at java.lang.Thread.run(Thread.java:750)
"timer2" daemon prio=5 tid=777 timed_waiting
java.lang.Thread.State: TIMED_WAITING
        at java.lang.Object.wait(Native Method)
        at java.util.TimerThread.mainLoop(Timer.java:552)
        at java.util.TimerThread.run(Timer.java:505)
"StaleRecoveringContainerScrubbingService#1" daemon prio=5 tid=387 in Object.wait()
java.lang.Thread.State: WAITING (on object monitor)
        at sun.misc.Unsafe.park(Native Method)
        at java.util.concurrent.locks.LockSupport.park(LockSupport.java:175)
        at java.util.concurrent.locks.AbstractQueuedSynchronizer$ConditionObject.await(AbstractQueuedSynchronizer.java:2039)
        at java.util.concurrent.ScheduledThreadPoolExecutor$DelayedWorkQueue.take(ScheduledThreadPoolExecutor.java:1088)
        at java.util.concurrent.ScheduledThreadPoolExecutor$DelayedWorkQueue.take(ScheduledThreadPoolExecutor.java:809)
        at java.util.concurrent.ThreadPoolExecutor.getTask(ThreadPoolExecutor.java:1074)
        at java.util.concurrent.ThreadPoolExecutor.runWorker(ThreadPoolExecutor.java:1134)
        at java.util.concurrent.ThreadPoolExecutor$Worker.run(ThreadPoolExecutor.java:624)
        at java.lang.Thread.run(Thread.java:750)
"IPC Server handler 14 on default port 43931" daemon prio=5 tid=100 timed_waiting
java.lang.Thread.State: TIMED_WAITING
        at sun.misc.Unsafe.park(Native Method)
        at java.util.concurrent.locks.LockSupport.parkNanos(LockSupport.java:215)
        at java.util.concurrent.locks.AbstractQueuedSynchronizer$ConditionObject.awaitNanos(AbstractQueuedSynchronizer.java:2078)
        at java.util.concurrent.LinkedBlockingQueue.poll(LinkedBlockingQueue.java:467)
        at org.apache.hadoop.ipc.CallQueueManager.take(CallQueueManager.java:317)
        at org.apache.hadoop.ipc.Server$Handler.run(Server.java:2942)
"BlockDeletingService#3" daemon prio=5 tid=1171 in Object.wait()
java.lang.Thread.State: WAITING (on object monitor)
        at sun.misc.Unsafe.park(Native Method)
        at java.util.concurrent.locks.LockSupport.park(LockSupport.java:175)
        at java.util.concurrent.locks.AbstractQueuedSynchronizer$ConditionObject.await(AbstractQueuedSynchronizer.java:2039)
        at java.util.concurrent.ScheduledThreadPoolExecutor$DelayedWorkQueue.take(ScheduledThreadPoolExecutor.java:1088)
        at java.util.concurrent.ScheduledThreadPoolExecutor$DelayedWorkQueue.take(ScheduledThreadPoolExecutor.java:809)
        at java.util.concurrent.ThreadPoolExecutor.getTask(ThreadPoolExecutor.java:1074)
        at java.util.concurrent.ThreadPoolExecutor.runWorker(ThreadPoolExecutor.java:1134)
        at java.util.concurrent.ThreadPoolExecutor$Worker.run(ThreadPoolExecutor.java:624)
        at java.lang.Thread.run(Thread.java:750)
"pool-126-thread-1"  prio=5 tid=236 timed_waiting
java.lang.Thread.State: TIMED_WAITING
        at sun.misc.Unsafe.park(Native Method)
        at java.util.concurrent.locks.LockSupport.parkNanos(LockSupport.java:215)
        at java.util.concurrent.locks.AbstractQueuedSynchronizer$ConditionObject.awaitNanos(AbstractQueuedSynchronizer.java:2078)
        at java.util.concurrent.ScheduledThreadPoolExecutor$DelayedWorkQueue.take(ScheduledThreadPoolExecutor.java:1093)
        at java.util.concurrent.ScheduledThreadPoolExecutor$DelayedWorkQueue.take(ScheduledThreadPoolExecutor.java:809)
        at java.util.concurrent.ThreadPoolExecutor.getTask(ThreadPoolExecutor.java:1074)
        at java.util.concurrent.ThreadPoolExecutor.runWorker(ThreadPoolExecutor.java:1134)
        at java.util.concurrent.ThreadPoolExecutor$Worker.run(ThreadPoolExecutor.java:624)
        at java.lang.Thread.run(Thread.java:750)
"qtp981403840-432" daemon prio=5 tid=432 timed_waiting
java.lang.Thread.State: TIMED_WAITING
        at sun.misc.Unsafe.park(Native Method)
        at java.util.concurrent.locks.LockSupport.parkNanos(LockSupport.java:215)
        at java.util.concurrent.locks.AbstractQueuedSynchronizer$ConditionObject.awaitNanos(AbstractQueuedSynchronizer.java:2078)
        at org.eclipse.jetty.util.BlockingArrayQueue.poll(BlockingArrayQueue.java:382)
        at org.eclipse.jetty.util.thread.QueuedThreadPool$Runner.idleJobPoll(QueuedThreadPool.java:974)
        at org.eclipse.jetty.util.thread.QueuedThreadPool$Runner.run(QueuedThreadPool.java:1018)
        at java.lang.Thread.run(Thread.java:750)
"qtp1596052577-185" daemon prio=5 tid=185 timed_waiting
java.lang.Thread.State: TIMED_WAITING
        at sun.misc.Unsafe.park(Native Method)
        at java.util.concurrent.locks.LockSupport.parkNanos(LockSupport.java:215)
        at java.util.concurrent.locks.AbstractQueuedSynchronizer$ConditionObject.awaitNanos(AbstractQueuedSynchronizer.java:2078)
        at org.eclipse.jetty.util.BlockingArrayQueue.poll(BlockingArrayQueue.java:382)
        at org.eclipse.jetty.util.thread.QueuedThreadPool$Runner.idleJobPoll(QueuedThreadPool.java:974)
        at org.eclipse.jetty.util.thread.QueuedThreadPool$Runner.run(QueuedThreadPool.java:1018)
        at java.lang.Thread.run(Thread.java:750)
"JvmPauseMonitor3" daemon prio=5 tid=420 timed_waiting
java.lang.Thread.State: TIMED_WAITING
        at java.lang.Thread.sleep(Native Method)
        at java.lang.Thread.sleep(Thread.java:342)
        at java.util.concurrent.TimeUnit.sleep(TimeUnit.java:386)
        at org.apache.ratis.util.TimeDuration.sleep(TimeDuration.java:325)
        at org.apache.ratis.util.TimeDuration.sleep(TimeDuration.java:310)
        at org.apache.ratis.util.JvmPauseMonitor.detectPause(JvmPauseMonitor.java:119)
        at org.apache.ratis.util.JvmPauseMonitor.run(JvmPauseMonitor.java:108)
        at org.apache.ratis.util.JvmPauseMonitor$$Lambda$708/1088691990.run(Unknown Source)
        at java.lang.Thread.run(Thread.java:750)
"Datanode ReportManager Thread - 4" daemon prio=5 tid=197 timed_waiting
java.lang.Thread.State: TIMED_WAITING
        at sun.misc.Unsafe.park(Native Method)
        at java.util.concurrent.locks.LockSupport.parkNanos(LockSupport.java:215)
        at java.util.concurrent.locks.AbstractQueuedSynchronizer$ConditionObject.awaitNanos(AbstractQueuedSynchronizer.java:2078)
        at java.util.concurrent.ScheduledThreadPoolExecutor$DelayedWorkQueue.take(ScheduledThreadPoolExecutor.java:1093)
        at java.util.concurrent.ScheduledThreadPoolExecutor$DelayedWorkQueue.take(ScheduledThreadPoolExecutor.java:809)
        at java.util.concurrent.ThreadPoolExecutor.getTask(ThreadPoolExecutor.java:1074)
        at java.util.concurrent.ThreadPoolExecutor.runWorker(ThreadPoolExecutor.java:1134)
        at java.util.concurrent.ThreadPoolExecutor$Worker.run(ThreadPoolExecutor.java:624)
        at java.lang.Thread.run(Thread.java:750)
"qtp1583625218-110" daemon prio=5 tid=110 timed_waiting
java.lang.Thread.State: TIMED_WAITING
        at sun.misc.Unsafe.park(Native Method)
        at java.util.concurrent.locks.LockSupport.parkNanos(LockSupport.java:215)
        at java.util.concurrent.locks.AbstractQueuedSynchronizer$ConditionObject.awaitNanos(AbstractQueuedSynchronizer.java:2078)
        at org.eclipse.jetty.util.BlockingArrayQueue.poll(BlockingArrayQueue.java:382)
        at org.eclipse.jetty.util.thread.QueuedThreadPool$Runner.idleJobPoll(QueuedThreadPool.java:974)
        at org.eclipse.jetty.util.thread.QueuedThreadPool$Runner.run(QueuedThreadPool.java:1018)
        at java.lang.Thread.run(Thread.java:750)
"StaleRecoveringContainerScrubbingService#8" daemon prio=5 tid=1144 in Object.wait()
java.lang.Thread.State: WAITING (on object monitor)
        at sun.misc.Unsafe.park(Native Method)
        at java.util.concurrent.locks.LockSupport.park(LockSupport.java:175)
        at java.util.concurrent.locks.AbstractQueuedSynchronizer$ConditionObject.await(AbstractQueuedSynchronizer.java:2039)
        at java.util.concurrent.ScheduledThreadPoolExecutor$DelayedWorkQueue.take(ScheduledThreadPoolExecutor.java:1088)
        at java.util.concurrent.ScheduledThreadPoolExecutor$DelayedWorkQueue.take(ScheduledThreadPoolExecutor.java:809)
        at java.util.concurrent.ThreadPoolExecutor.getTask(ThreadPoolExecutor.java:1074)
        at java.util.concurrent.ThreadPoolExecutor.runWorker(ThreadPoolExecutor.java:1134)
        at java.util.concurrent.ThreadPoolExecutor$Worker.run(ThreadPoolExecutor.java:624)
        at java.lang.Thread.run(Thread.java:750)
"2fe07876-8610-433e-a055-404555d6ad88@group-2A829352BC53-SegmentedRaftLogWorker"  prio=5 tid=667 timed_waiting
java.lang.Thread.State: TIMED_WAITING
        at sun.misc.Unsafe.park(Native Method)
        at java.util.concurrent.locks.LockSupport.parkNanos(LockSupport.java:215)
        at java.util.concurrent.locks.AbstractQueuedSynchronizer$ConditionObject.awaitNanos(AbstractQueuedSynchronizer.java:2078)
        at org.apache.ratis.util.DataBlockingQueue.poll(DataBlockingQueue.java:148)
        at org.apache.ratis.server.raftlog.segmented.SegmentedRaftLogWorker.run(SegmentedRaftLogWorker.java:312)
        at org.apache.ratis.server.raftlog.segmented.SegmentedRaftLogWorker$$Lambda$667/1365285756.run(Unknown Source)
        at java.lang.Thread.run(Thread.java:750)
"org.apache.hadoop.util.JvmPauseMonitor$Monitor@550cf413" daemon prio=5 tid=993 timed_waiting
java.lang.Thread.State: TIMED_WAITING
        at java.lang.Thread.sleep(Native Method)
        at org.apache.hadoop.util.JvmPauseMonitor$Monitor.run(JvmPauseMonitor.java:192)
        at java.lang.Thread.run(Thread.java:750)
"qtp2022973332-145-acceptor-0@76495257-ServerConnector@7f6f4644{HTTP/1.1, (http/1.1)}{0.0.0.0:45481}" daemon prio=3 tid=145 runnable
java.lang.Thread.State: RUNNABLE
        at sun.nio.ch.ServerSocketChannelImpl.accept0(Native Method)
        at sun.nio.ch.ServerSocketChannelImpl.accept(ServerSocketChannelImpl.java:421)
        at sun.nio.ch.ServerSocketChannelImpl.accept(ServerSocketChannelImpl.java:249)
        at org.eclipse.jetty.server.ServerConnector.accept(ServerConnector.java:388)
        at org.eclipse.jetty.server.AbstractConnector$Acceptor.run(AbstractConnector.java:704)
        at org.eclipse.jetty.util.thread.QueuedThreadPool.runJob(QueuedThreadPool.java:883)
        at org.eclipse.jetty.util.thread.QueuedThreadPool$Runner.run(QueuedThreadPool.java:1034)
        at java.lang.Thread.run(Thread.java:750)
"timer1" daemon prio=5 tid=775 timed_waiting
java.lang.Thread.State: TIMED_WAITING
        at java.lang.Object.wait(Native Method)
        at java.util.TimerThread.mainLoop(Timer.java:552)
        at java.util.TimerThread.run(Timer.java:505)
"StaleRecoveringContainerScrubbingService#2" daemon prio=5 tid=700 timed_waiting
java.lang.Thread.State: TIMED_WAITING
        at sun.misc.Unsafe.park(Native Method)
        at java.util.concurrent.locks.LockSupport.parkNanos(LockSupport.java:215)
        at java.util.concurrent.locks.AbstractQueuedSynchronizer$ConditionObject.awaitNanos(AbstractQueuedSynchronizer.java:2078)
        at java.util.concurrent.ScheduledThreadPoolExecutor$DelayedWorkQueue.take(ScheduledThreadPoolExecutor.java:1093)
        at java.util.concurrent.ScheduledThreadPoolExecutor$DelayedWorkQueue.take(ScheduledThreadPoolExecutor.java:809)
        at java.util.concurrent.ThreadPoolExecutor.getTask(ThreadPoolExecutor.java:1074)
        at java.util.concurrent.ThreadPoolExecutor.runWorker(ThreadPoolExecutor.java:1134)
        at java.util.concurrent.ThreadPoolExecutor$Worker.run(ThreadPoolExecutor.java:624)
        at java.lang.Thread.run(Thread.java:750)
"qtp981403840-437" daemon prio=5 tid=437 timed_waiting
java.lang.Thread.State: TIMED_WAITING
        at sun.misc.Unsafe.park(Native Method)
        at java.util.concurrent.locks.LockSupport.parkNanos(LockSupport.java:215)
        at java.util.concurrent.locks.AbstractQueuedSynchronizer$ConditionObject.awaitNanos(AbstractQueuedSynchronizer.java:2078)
        at org.eclipse.jetty.util.BlockingArrayQueue.poll(BlockingArrayQueue.java:382)
        at org.eclipse.jetty.util.thread.QueuedThreadPool$Runner.idleJobPoll(QueuedThreadPool.java:974)
        at org.eclipse.jetty.util.thread.QueuedThreadPool$Runner.run(QueuedThreadPool.java:1018)
        at java.lang.Thread.run(Thread.java:750)
"a57ee2ea-c69c-41b1-9f64-f7c5b74e8646@group-C860D8A7810C->18a879af-de93-4167-9a98-f5b552aa8b4b-GrpcLogAppender-LogAppenderDaemon" daemon prio=5 tid=884 timed_waiting
java.lang.Thread.State: TIMED_WAITING
        at sun.misc.Unsafe.park(Native Method)
        at java.util.concurrent.locks.LockSupport.parkNanos(LockSupport.java:215)
        at java.util.concurrent.locks.AbstractQueuedSynchronizer$ConditionObject.await(AbstractQueuedSynchronizer.java:2163)
        at org.apache.ratis.util.AwaitForSignal.await(AwaitForSignal.java:62)
        at org.apache.ratis.grpc.server.GrpcLogAppender.mayWait(GrpcLogAppender.java:198)
        at org.apache.ratis.grpc.server.GrpcLogAppender.run(GrpcLogAppender.java:148)
        at org.apache.ratis.server.leader.LogAppenderDaemon.run(LogAppenderDaemon.java:78)
        at org.apache.ratis.server.leader.LogAppenderDaemon$$Lambda$1044/2014844076.run(Unknown Source)
        at java.lang.Thread.run(Thread.java:750)
"BlockDeletingService#0" daemon prio=5 tid=384 timed_waiting
java.lang.Thread.State: TIMED_WAITING
        at sun.misc.Unsafe.park(Native Method)
        at java.util.concurrent.locks.LockSupport.parkNanos(LockSupport.java:215)
        at java.util.concurrent.locks.AbstractQueuedSynchronizer$ConditionObject.awaitNanos(AbstractQueuedSynchronizer.java:2078)
        at java.util.concurrent.ScheduledThreadPoolExecutor$DelayedWorkQueue.take(ScheduledThreadPoolExecutor.java:1093)
        at java.util.concurrent.ScheduledThreadPoolExecutor$DelayedWorkQueue.take(ScheduledThreadPoolExecutor.java:809)
        at java.util.concurrent.ThreadPoolExecutor.getTask(ThreadPoolExecutor.java:1074)
        at java.util.concurrent.ThreadPoolExecutor.runWorker(ThreadPoolExecutor.java:1134)
        at java.util.concurrent.ThreadPoolExecutor$Worker.run(ThreadPoolExecutor.java:624)
        at java.lang.Thread.run(Thread.java:750)
"StaleRecoveringContainerScrubbingService#8" daemon prio=5 tid=1150 in Object.wait()
java.lang.Thread.State: WAITING (on object monitor)
        at sun.misc.Unsafe.park(Native Method)
        at java.util.concurrent.locks.LockSupport.park(LockSupport.java:175)
        at java.util.concurrent.locks.AbstractQueuedSynchronizer$ConditionObject.await(AbstractQueuedSynchronizer.java:2039)
        at java.util.concurrent.ScheduledThreadPoolExecutor$DelayedWorkQueue.take(ScheduledThreadPoolExecutor.java:1088)
        at java.util.concurrent.ScheduledThreadPoolExecutor$DelayedWorkQueue.take(ScheduledThreadPoolExecutor.java:809)
        at java.util.concurrent.ThreadPoolExecutor.getTask(ThreadPoolExecutor.java:1074)
        at java.util.concurrent.ThreadPoolExecutor.runWorker(ThreadPoolExecutor.java:1134)
        at java.util.concurrent.ThreadPoolExecutor$Worker.run(ThreadPoolExecutor.java:624)
        at java.lang.Thread.run(Thread.java:750)
"ChunkWriter-3-0" daemon prio=5 tid=509 in Object.wait()
java.lang.Thread.State: WAITING (on object monitor)
        at sun.misc.Unsafe.park(Native Method)
        at java.util.concurrent.locks.LockSupport.park(LockSupport.java:175)
        at java.util.concurrent.locks.AbstractQueuedSynchronizer$ConditionObject.await(AbstractQueuedSynchronizer.java:2039)
        at java.util.concurrent.LinkedBlockingDeque.takeFirst(LinkedBlockingDeque.java:492)
        at java.util.concurrent.LinkedBlockingDeque.take(LinkedBlockingDeque.java:680)
        at java.util.concurrent.ThreadPoolExecutor.getTask(ThreadPoolExecutor.java:1074)
        at java.util.concurrent.ThreadPoolExecutor.runWorker(ThreadPoolExecutor.java:1134)
        at java.util.concurrent.ThreadPoolExecutor$Worker.run(ThreadPoolExecutor.java:624)
        at java.lang.Thread.run(Thread.java:750)
"IPC Server handler 16 on default port 34787" daemon prio=5 tid=62 timed_waiting
java.lang.Thread.State: TIMED_WAITING
        at sun.misc.Unsafe.park(Native Method)
        at java.util.concurrent.locks.LockSupport.parkNanos(LockSupport.java:215)
        at java.util.concurrent.locks.AbstractQueuedSynchronizer$ConditionObject.awaitNanos(AbstractQueuedSynchronizer.java:2078)
        at java.util.concurrent.LinkedBlockingQueue.poll(LinkedBlockingQueue.java:467)
        at org.apache.hadoop.ipc.CallQueueManager.take(CallQueueManager.java:317)
        at org.apache.hadoop.ipc.Server$Handler.run(Server.java:2942)
"Datanode State Machine Task Thread - 1"  prio=5 tid=410 in Object.wait()
java.lang.Thread.State: WAITING (on object monitor)
        at sun.misc.Unsafe.park(Native Method)
        at java.util.concurrent.locks.LockSupport.park(LockSupport.java:175)
        at java.util.concurrent.locks.AbstractQueuedSynchronizer$ConditionObject.await(AbstractQueuedSynchronizer.java:2039)
        at java.util.concurrent.LinkedBlockingQueue.take(LinkedBlockingQueue.java:442)
        at java.util.concurrent.ThreadPoolExecutor.getTask(ThreadPoolExecutor.java:1074)
        at java.util.concurrent.ThreadPoolExecutor.runWorker(ThreadPoolExecutor.java:1134)
        at java.util.concurrent.ThreadPoolExecutor$Worker.run(ThreadPoolExecutor.java:624)
        at java.lang.Thread.run(Thread.java:750)
"qtp1728369813-398" daemon prio=5 tid=398 timed_waiting
java.lang.Thread.State: TIMED_WAITING
        at sun.misc.Unsafe.park(Native Method)
        at java.util.concurrent.locks.LockSupport.parkNanos(LockSupport.java:215)
        at java.util.concurrent.locks.AbstractQueuedSynchronizer$ConditionObject.awaitNanos(AbstractQueuedSynchronizer.java:2078)
        at org.eclipse.jetty.util.BlockingArrayQueue.poll(BlockingArrayQueue.java:382)
        at org.eclipse.jetty.util.thread.QueuedThreadPool$Runner.idleJobPoll(QueuedThreadPool.java:974)
        at org.eclipse.jetty.util.thread.QueuedThreadPool$Runner.run(QueuedThreadPool.java:1018)
        at java.lang.Thread.run(Thread.java:750)
"StaleRecoveringContainerScrubbingService#1" daemon prio=5 tid=344 in Object.wait()
java.lang.Thread.State: WAITING (on object monitor)
        at sun.misc.Unsafe.park(Native Method)
        at java.util.concurrent.locks.LockSupport.park(LockSupport.java:175)
        at java.util.concurrent.locks.AbstractQueuedSynchronizer$ConditionObject.await(AbstractQueuedSynchronizer.java:2039)
        at java.util.concurrent.ScheduledThreadPoolExecutor$DelayedWorkQueue.take(ScheduledThreadPoolExecutor.java:1088)
        at java.util.concurrent.ScheduledThreadPoolExecutor$DelayedWorkQueue.take(ScheduledThreadPoolExecutor.java:809)
        at java.util.concurrent.ThreadPoolExecutor.getTask(ThreadPoolExecutor.java:1074)
        at java.util.concurrent.ThreadPoolExecutor.runWorker(ThreadPoolExecutor.java:1134)
        at java.util.concurrent.ThreadPoolExecutor$Worker.run(ThreadPoolExecutor.java:624)
        at java.lang.Thread.run(Thread.java:750)
"a57ee2ea-c69c-41b1-9f64-f7c5b74e8646-server-thread2" daemon prio=5 tid=782 timed_waiting
java.lang.Thread.State: TIMED_WAITING
        at sun.misc.Unsafe.park(Native Method)
        at java.util.concurrent.locks.LockSupport.parkNanos(LockSupport.java:215)
        at java.util.concurrent.SynchronousQueue$TransferStack.awaitFulfill(SynchronousQueue.java:460)
        at java.util.concurrent.SynchronousQueue$TransferStack.transfer(SynchronousQueue.java:362)
        at java.util.concurrent.SynchronousQueue.poll(SynchronousQueue.java:941)
        at java.util.concurrent.ThreadPoolExecutor.getTask(ThreadPoolExecutor.java:1073)
        at java.util.concurrent.ThreadPoolExecutor.runWorker(ThreadPoolExecutor.java:1134)
        at java.util.concurrent.ThreadPoolExecutor$Worker.run(ThreadPoolExecutor.java:624)
        at java.lang.Thread.run(Thread.java:750)
"ChunkWriter-3-0" daemon prio=5 tid=534 in Object.wait()
java.lang.Thread.State: WAITING (on object monitor)
        at sun.misc.Unsafe.park(Native Method)
        at java.util.concurrent.locks.LockSupport.park(LockSupport.java:175)
        at java.util.concurrent.locks.AbstractQueuedSynchronizer$ConditionObject.await(AbstractQueuedSynchronizer.java:2039)
        at java.util.concurrent.LinkedBlockingDeque.takeFirst(LinkedBlockingDeque.java:492)
        at java.util.concurrent.LinkedBlockingDeque.take(LinkedBlockingDeque.java:680)
        at java.util.concurrent.ThreadPoolExecutor.getTask(ThreadPoolExecutor.java:1074)
        at java.util.concurrent.ThreadPoolExecutor.runWorker(ThreadPoolExecutor.java:1134)
        at java.util.concurrent.ThreadPoolExecutor$Worker.run(ThreadPoolExecutor.java:624)
        at java.lang.Thread.run(Thread.java:750)
"BlockDeletingService#1" daemon prio=5 tid=345 in Object.wait()
java.lang.Thread.State: WAITING (on object monitor)
        at sun.misc.Unsafe.park(Native Method)
        at java.util.concurrent.locks.LockSupport.park(LockSupport.java:175)
        at java.util.concurrent.locks.AbstractQueuedSynchronizer$ConditionObject.await(AbstractQueuedSynchronizer.java:2039)
        at java.util.concurrent.ScheduledThreadPoolExecutor$DelayedWorkQueue.take(ScheduledThreadPoolExecutor.java:1088)
        at java.util.concurrent.ScheduledThreadPoolExecutor$DelayedWorkQueue.take(ScheduledThreadPoolExecutor.java:809)
        at java.util.concurrent.ThreadPoolExecutor.getTask(ThreadPoolExecutor.java:1074)
        at java.util.concurrent.ThreadPoolExecutor.runWorker(ThreadPoolExecutor.java:1134)
        at java.util.concurrent.ThreadPoolExecutor$Worker.run(ThreadPoolExecutor.java:624)
        at java.lang.Thread.run(Thread.java:750)
"Datanode ReportManager Thread - 4" daemon prio=5 tid=251 timed_waiting
java.lang.Thread.State: TIMED_WAITING
        at sun.misc.Unsafe.park(Native Method)
        at java.util.concurrent.locks.LockSupport.parkNanos(LockSupport.java:215)
        at java.util.concurrent.locks.AbstractQueuedSynchronizer$ConditionObject.awaitNanos(AbstractQueuedSynchronizer.java:2078)
        at java.util.concurrent.ScheduledThreadPoolExecutor$DelayedWorkQueue.take(ScheduledThreadPoolExecutor.java:1093)
        at java.util.concurrent.ScheduledThreadPoolExecutor$DelayedWorkQueue.take(ScheduledThreadPoolExecutor.java:809)
        at java.util.concurrent.ThreadPoolExecutor.getTask(ThreadPoolExecutor.java:1074)
        at java.util.concurrent.ThreadPoolExecutor.runWorker(ThreadPoolExecutor.java:1134)
        at java.util.concurrent.ThreadPoolExecutor$Worker.run(ThreadPoolExecutor.java:624)
        at java.lang.Thread.run(Thread.java:750)
"StaleRecoveringContainerScrubbingService#8" daemon prio=5 tid=1146 in Object.wait()
java.lang.Thread.State: WAITING (on object monitor)
        at sun.misc.Unsafe.park(Native Method)
        at java.util.concurrent.locks.LockSupport.park(LockSupport.java:175)
        at java.util.concurrent.locks.AbstractQueuedSynchronizer$ConditionObject.await(AbstractQueuedSynchronizer.java:2039)
        at java.util.concurrent.ScheduledThreadPoolExecutor$DelayedWorkQueue.take(ScheduledThreadPoolExecutor.java:1088)
        at java.util.concurrent.ScheduledThreadPoolExecutor$DelayedWorkQueue.take(ScheduledThreadPoolExecutor.java:809)
        at java.util.concurrent.ThreadPoolExecutor.getTask(ThreadPoolExecutor.java:1074)
        at java.util.concurrent.ThreadPoolExecutor.runWorker(ThreadPoolExecutor.java:1134)
        at java.util.concurrent.ThreadPoolExecutor$Worker.run(ThreadPoolExecutor.java:624)
        at java.lang.Thread.run(Thread.java:750)
"ChunkWriter-3-0" daemon prio=5 tid=522 in Object.wait()
java.lang.Thread.State: WAITING (on object monitor)
        at sun.misc.Unsafe.park(Native Method)
        at java.util.concurrent.locks.LockSupport.park(LockSupport.java:175)
        at java.util.concurrent.locks.AbstractQueuedSynchronizer$ConditionObject.await(AbstractQueuedSynchronizer.java:2039)
        at java.util.concurrent.LinkedBlockingDeque.takeFirst(LinkedBlockingDeque.java:492)
        at java.util.concurrent.LinkedBlockingDeque.take(LinkedBlockingDeque.java:680)
        at java.util.concurrent.ThreadPoolExecutor.getTask(ThreadPoolExecutor.java:1074)
        at java.util.concurrent.ThreadPoolExecutor.runWorker(ThreadPoolExecutor.java:1134)
        at java.util.concurrent.ThreadPoolExecutor$Worker.run(ThreadPoolExecutor.java:624)
        at java.lang.Thread.run(Thread.java:750)
"StaleRecoveringContainerScrubbingService#5" daemon prio=5 tid=1020 in Object.wait()
java.lang.Thread.State: WAITING (on object monitor)
        at sun.misc.Unsafe.park(Native Method)
        at java.util.concurrent.locks.LockSupport.park(LockSupport.java:175)
        at java.util.concurrent.locks.AbstractQueuedSynchronizer$ConditionObject.await(AbstractQueuedSynchronizer.java:2039)
        at java.util.concurrent.ScheduledThreadPoolExecutor$DelayedWorkQueue.take(ScheduledThreadPoolExecutor.java:1088)
        at java.util.concurrent.ScheduledThreadPoolExecutor$DelayedWorkQueue.take(ScheduledThreadPoolExecutor.java:809)
        at java.util.concurrent.ThreadPoolExecutor.getTask(ThreadPoolExecutor.java:1074)
        at java.util.concurrent.ThreadPoolExecutor.runWorker(ThreadPoolExecutor.java:1134)
        at java.util.concurrent.ThreadPoolExecutor$Worker.run(ThreadPoolExecutor.java:624)
        at java.lang.Thread.run(Thread.java:750)
"ChunkWriter-1-0" daemon prio=5 tid=417 in Object.wait()
java.lang.Thread.State: WAITING (on object monitor)
        at sun.misc.Unsafe.park(Native Method)
        at java.util.concurrent.locks.LockSupport.park(LockSupport.java:175)
        at java.util.concurrent.locks.AbstractQueuedSynchronizer$ConditionObject.await(AbstractQueuedSynchronizer.java:2039)
        at java.util.concurrent.LinkedBlockingDeque.takeFirst(LinkedBlockingDeque.java:492)
        at java.util.concurrent.LinkedBlockingDeque.take(LinkedBlockingDeque.java:680)
        at java.util.concurrent.ThreadPoolExecutor.getTask(ThreadPoolExecutor.java:1074)
        at java.util.concurrent.ThreadPoolExecutor.runWorker(ThreadPoolExecutor.java:1134)
        at java.util.concurrent.ThreadPoolExecutor$Worker.run(ThreadPoolExecutor.java:624)
        at java.lang.Thread.run(Thread.java:750)
"qtp156947375-265" daemon prio=5 tid=265 timed_waiting
java.lang.Thread.State: TIMED_WAITING
        at sun.misc.Unsafe.park(Native Method)
        at java.util.concurrent.locks.LockSupport.parkNanos(LockSupport.java:215)
        at java.util.concurrent.locks.AbstractQueuedSynchronizer$ConditionObject.awaitNanos(AbstractQueuedSynchronizer.java:2078)
        at org.eclipse.jetty.util.BlockingArrayQueue.poll(BlockingArrayQueue.java:382)
        at org.eclipse.jetty.util.thread.QueuedThreadPool$Runner.idleJobPoll(QueuedThreadPool.java:974)
        at org.eclipse.jetty.util.thread.QueuedThreadPool$Runner.run(QueuedThreadPool.java:1018)
        at java.lang.Thread.run(Thread.java:750)
"FullTableCache Cleanup Thread - 0" daemon prio=5 tid=818 in Object.wait()
java.lang.Thread.State: WAITING (on object monitor)
        at sun.misc.Unsafe.park(Native Method)
        at java.util.concurrent.locks.LockSupport.park(LockSupport.java:175)
        at java.util.concurrent.locks.AbstractQueuedSynchronizer$ConditionObject.await(AbstractQueuedSynchronizer.java:2039)
        at java.util.concurrent.LinkedBlockingQueue.take(LinkedBlockingQueue.java:442)
        at java.util.concurrent.ThreadPoolExecutor.getTask(ThreadPoolExecutor.java:1074)
        at java.util.concurrent.ThreadPoolExecutor.runWorker(ThreadPoolExecutor.java:1134)
        at java.util.concurrent.ThreadPoolExecutor$Worker.run(ThreadPoolExecutor.java:624)
        at java.lang.Thread.run(Thread.java:750)
"om1@group-C5BA1605619E-SegmentedRaftLogWorker"  prio=5 tid=134 timed_waiting
java.lang.Thread.State: TIMED_WAITING
        at sun.misc.Unsafe.park(Native Method)
        at java.util.concurrent.locks.LockSupport.parkNanos(LockSupport.java:215)
        at java.util.concurrent.locks.AbstractQueuedSynchronizer$ConditionObject.awaitNanos(AbstractQueuedSynchronizer.java:2078)
        at org.apache.ratis.util.DataBlockingQueue.poll(DataBlockingQueue.java:148)
        at org.apache.ratis.server.raftlog.segmented.SegmentedRaftLogWorker.run(SegmentedRaftLogWorker.java:312)
        at org.apache.ratis.server.raftlog.segmented.SegmentedRaftLogWorker$$Lambda$667/1365285756.run(Unknown Source)
        at java.lang.Thread.run(Thread.java:750)
"StaleRecoveringContainerScrubbingService#1" daemon prio=5 tid=1016 in Object.wait()
java.lang.Thread.State: WAITING (on object monitor)
        at sun.misc.Unsafe.park(Native Method)
        at java.util.concurrent.locks.LockSupport.park(LockSupport.java:175)
        at java.util.concurrent.locks.AbstractQueuedSynchronizer$ConditionObject.await(AbstractQueuedSynchronizer.java:2039)
        at java.util.concurrent.ScheduledThreadPoolExecutor$DelayedWorkQueue.take(ScheduledThreadPoolExecutor.java:1088)
        at java.util.concurrent.ScheduledThreadPoolExecutor$DelayedWorkQueue.take(ScheduledThreadPoolExecutor.java:809)
        at java.util.concurrent.ThreadPoolExecutor.getTask(ThreadPoolExecutor.java:1074)
        at java.util.concurrent.ThreadPoolExecutor.runWorker(ThreadPoolExecutor.java:1134)
        at java.util.concurrent.ThreadPoolExecutor$Worker.run(ThreadPoolExecutor.java:624)
        at java.lang.Thread.run(Thread.java:750)
"a57ee2ea-c69c-41b1-9f64-f7c5b74e8646@group-88F4C8E687A2-LeaderStateImpl" daemon prio=5 tid=706 timed_waiting
java.lang.Thread.State: TIMED_WAITING
        at sun.misc.Unsafe.park(Native Method)
        at java.util.concurrent.locks.LockSupport.parkNanos(LockSupport.java:215)
        at java.util.concurrent.locks.AbstractQueuedSynchronizer$ConditionObject.awaitNanos(AbstractQueuedSynchronizer.java:2078)
        at java.util.concurrent.ArrayBlockingQueue.poll(ArrayBlockingQueue.java:418)
        at org.apache.ratis.server.impl.LeaderStateImpl$EventQueue.poll(LeaderStateImpl.java:159)
        at org.apache.ratis.server.impl.LeaderStateImpl$EventProcessor.run(LeaderStateImpl.java:630)
"f48f5eaa-c865-41e1-958d-4d574a609fc9@group-E13D6F209EBE->18a879af-de93-4167-9a98-f5b552aa8b4b-GrpcLogAppender-LogAppenderDaemon" daemon prio=5 tid=773 timed_waiting
java.lang.Thread.State: TIMED_WAITING
        at sun.misc.Unsafe.park(Native Method)
        at java.util.concurrent.locks.LockSupport.parkNanos(LockSupport.java:215)
        at java.util.concurrent.locks.AbstractQueuedSynchronizer$ConditionObject.await(AbstractQueuedSynchronizer.java:2163)
        at org.apache.ratis.util.AwaitForSignal.await(AwaitForSignal.java:62)
        at org.apache.ratis.grpc.server.GrpcLogAppender.mayWait(GrpcLogAppender.java:198)
        at org.apache.ratis.grpc.server.GrpcLogAppender.run(GrpcLogAppender.java:148)
        at org.apache.ratis.server.leader.LogAppenderDaemon.run(LogAppenderDaemon.java:78)
        at org.apache.ratis.server.leader.LogAppenderDaemon$$Lambda$1044/2014844076.run(Unknown Source)
        at java.lang.Thread.run(Thread.java:750)
"qtp388797014-237" daemon prio=5 tid=237 runnable
java.lang.Thread.State: RUNNABLE
        at sun.nio.ch.EPollArrayWrapper.epollWait(Native Method)
        at sun.nio.ch.EPollArrayWrapper.poll(EPollArrayWrapper.java:269)
        at sun.nio.ch.EPollSelectorImpl.doSelect(EPollSelectorImpl.java:93)
        at sun.nio.ch.SelectorImpl.lockAndDoSelect(SelectorImpl.java:86)
        at sun.nio.ch.SelectorImpl.select(SelectorImpl.java:97)
        at sun.nio.ch.SelectorImpl.select(SelectorImpl.java:101)
        at org.eclipse.jetty.io.ManagedSelector.nioSelect(ManagedSelector.java:183)
        at org.eclipse.jetty.io.ManagedSelector.select(ManagedSelector.java:190)
        at org.eclipse.jetty.io.ManagedSelector$SelectorProducer.select(ManagedSelector.java:606)
        at org.eclipse.jetty.io.ManagedSelector$SelectorProducer.produce(ManagedSelector.java:543)
        at org.eclipse.jetty.util.thread.strategy.EatWhatYouKill.produceTask(EatWhatYouKill.java:362)
        at org.eclipse.jetty.util.thread.strategy.EatWhatYouKill.doProduce(EatWhatYouKill.java:186)
        at org.eclipse.jetty.util.thread.strategy.EatWhatYouKill.tryProduce(EatWhatYouKill.java:173)
        at org.eclipse.jetty.util.thread.strategy.EatWhatYouKill.produce(EatWhatYouKill.java:137)
        at org.eclipse.jetty.io.ManagedSelector$$Lambda$444/1185648203.run(Unknown Source)
        at org.eclipse.jetty.util.thread.QueuedThreadPool.runJob(QueuedThreadPool.java:883)
        at org.eclipse.jetty.util.thread.QueuedThreadPool$Runner.run(QueuedThreadPool.java:1034)
        at java.lang.Thread.run(Thread.java:750)
"org.apache.hadoop.util.JvmPauseMonitor$Monitor@2b4e99b2" daemon prio=5 tid=199 timed_waiting
java.lang.Thread.State: TIMED_WAITING
        at java.lang.Thread.sleep(Native Method)
        at org.apache.hadoop.util.JvmPauseMonitor$Monitor.run(JvmPauseMonitor.java:192)
        at java.lang.Thread.run(Thread.java:750)
"PartialTableCache Cleanup Thread - 0" daemon prio=5 tid=871 in Object.wait()
java.lang.Thread.State: WAITING (on object monitor)
        at sun.misc.Unsafe.park(Native Method)
        at java.util.concurrent.locks.LockSupport.park(LockSupport.java:175)
        at java.util.concurrent.locks.AbstractQueuedSynchronizer$ConditionObject.await(AbstractQueuedSynchronizer.java:2039)
        at java.util.concurrent.LinkedBlockingQueue.take(LinkedBlockingQueue.java:442)
        at java.util.concurrent.ThreadPoolExecutor.getTask(ThreadPoolExecutor.java:1074)
        at java.util.concurrent.ThreadPoolExecutor.runWorker(ThreadPoolExecutor.java:1134)
        at java.util.concurrent.ThreadPoolExecutor$Worker.run(ThreadPoolExecutor.java:624)
        at java.lang.Thread.run(Thread.java:750)
"Datanode State Machine Task Thread - 0"  prio=5 tid=373 in Object.wait()
java.lang.Thread.State: WAITING (on object monitor)
        at sun.misc.Unsafe.park(Native Method)
        at java.util.concurrent.locks.LockSupport.park(LockSupport.java:175)
        at java.util.concurrent.locks.AbstractQueuedSynchronizer$ConditionObject.await(AbstractQueuedSynchronizer.java:2039)
        at java.util.concurrent.LinkedBlockingQueue.take(LinkedBlockingQueue.java:442)
        at java.util.concurrent.ThreadPoolExecutor.getTask(ThreadPoolExecutor.java:1074)
        at java.util.concurrent.ThreadPoolExecutor.runWorker(ThreadPoolExecutor.java:1134)
        at java.util.concurrent.ThreadPoolExecutor$Worker.run(ThreadPoolExecutor.java:624)
        at java.lang.Thread.run(Thread.java:750)
"StaleRecoveringContainerScrubbingService#2" daemon prio=5 tid=704 timed_waiting
java.lang.Thread.State: TIMED_WAITING
        at sun.misc.Unsafe.park(Native Method)
        at java.util.concurrent.locks.LockSupport.parkNanos(LockSupport.java:215)
        at java.util.concurrent.locks.AbstractQueuedSynchronizer$ConditionObject.awaitNanos(AbstractQueuedSynchronizer.java:2078)
        at java.util.concurrent.ScheduledThreadPoolExecutor$DelayedWorkQueue.take(ScheduledThreadPoolExecutor.java:1093)
        at java.util.concurrent.ScheduledThreadPoolExecutor$DelayedWorkQueue.take(ScheduledThreadPoolExecutor.java:809)
        at java.util.concurrent.ThreadPoolExecutor.getTask(ThreadPoolExecutor.java:1074)
        at java.util.concurrent.ThreadPoolExecutor.runWorker(ThreadPoolExecutor.java:1134)
        at java.util.concurrent.ThreadPoolExecutor$Worker.run(ThreadPoolExecutor.java:624)
        at java.lang.Thread.run(Thread.java:750)
"ChunkReader-4" daemon prio=5 tid=866 in Object.wait()
java.lang.Thread.State: WAITING (on object monitor)
        at sun.misc.Unsafe.park(Native Method)
        at java.util.concurrent.locks.LockSupport.park(LockSupport.java:175)
        at java.util.concurrent.locks.AbstractQueuedSynchronizer$ConditionObject.await(AbstractQueuedSynchronizer.java:2039)
        at java.util.concurrent.LinkedBlockingQueue.take(LinkedBlockingQueue.java:442)
        at java.util.concurrent.ThreadPoolExecutor.getTask(ThreadPoolExecutor.java:1074)
        at java.util.concurrent.ThreadPoolExecutor.runWorker(ThreadPoolExecutor.java:1134)
        at java.util.concurrent.ThreadPoolExecutor$Worker.run(ThreadPoolExecutor.java:624)
        at java.lang.Thread.run(Thread.java:750)
"Session-HouseKeeper-4615122f-1"  prio=5 tid=438 timed_waiting
java.lang.Thread.State: TIMED_WAITING
        at sun.misc.Unsafe.park(Native Method)
        at java.util.concurrent.locks.LockSupport.parkNanos(LockSupport.java:215)
        at java.util.concurrent.locks.AbstractQueuedSynchronizer$ConditionObject.awaitNanos(AbstractQueuedSynchronizer.java:2078)
        at java.util.concurrent.ScheduledThreadPoolExecutor$DelayedWorkQueue.take(ScheduledThreadPoolExecutor.java:1093)
        at java.util.concurrent.ScheduledThreadPoolExecutor$DelayedWorkQueue.take(ScheduledThreadPoolExecutor.java:809)
        at java.util.concurrent.ThreadPoolExecutor.getTask(ThreadPoolExecutor.java:1074)
        at java.util.concurrent.ThreadPoolExecutor.runWorker(ThreadPoolExecutor.java:1134)
        at java.util.concurrent.ThreadPoolExecutor$Worker.run(ThreadPoolExecutor.java:624)
        at java.lang.Thread.run(Thread.java:750)
"StaleRecoveringContainerScrubbingService#4" daemon prio=5 tid=937 in Object.wait()
java.lang.Thread.State: WAITING (on object monitor)
        at sun.misc.Unsafe.park(Native Method)
        at java.util.concurrent.locks.LockSupport.park(LockSupport.java:175)
        at java.util.concurrent.locks.AbstractQueuedSynchronizer$ConditionObject.await(AbstractQueuedSynchronizer.java:2039)
        at java.util.concurrent.ScheduledThreadPoolExecutor$DelayedWorkQueue.take(ScheduledThreadPoolExecutor.java:1088)
        at java.util.concurrent.ScheduledThreadPoolExecutor$DelayedWorkQueue.take(ScheduledThreadPoolExecutor.java:809)
        at java.util.concurrent.ThreadPoolExecutor.getTask(ThreadPoolExecutor.java:1074)
        at java.util.concurrent.ThreadPoolExecutor.runWorker(ThreadPoolExecutor.java:1134)
        at java.util.concurrent.ThreadPoolExecutor$Worker.run(ThreadPoolExecutor.java:624)
        at java.lang.Thread.run(Thread.java:750)
"IPC Server handler 9 on default port 34787" daemon prio=5 tid=55 timed_waiting
java.lang.Thread.State: TIMED_WAITING
        at sun.misc.Unsafe.park(Native Method)
        at java.util.concurrent.locks.LockSupport.parkNanos(LockSupport.java:215)
        at java.util.concurrent.locks.AbstractQueuedSynchronizer$ConditionObject.awaitNanos(AbstractQueuedSynchronizer.java:2078)
        at java.util.concurrent.LinkedBlockingQueue.poll(LinkedBlockingQueue.java:467)
        at org.apache.hadoop.ipc.CallQueueManager.take(CallQueueManager.java:317)
        at org.apache.hadoop.ipc.Server$Handler.run(Server.java:2942)
"StaleRecoveringContainerScrubbingService#7" daemon prio=5 tid=1163 in Object.wait()
java.lang.Thread.State: WAITING (on object monitor)
        at sun.misc.Unsafe.park(Native Method)
        at java.util.concurrent.locks.LockSupport.park(LockSupport.java:175)
        at java.util.concurrent.locks.AbstractQueuedSynchronizer$ConditionObject.await(AbstractQueuedSynchronizer.java:2039)
        at java.util.concurrent.ScheduledThreadPoolExecutor$DelayedWorkQueue.take(ScheduledThreadPoolExecutor.java:1088)
        at java.util.concurrent.ScheduledThreadPoolExecutor$DelayedWorkQueue.take(ScheduledThreadPoolExecutor.java:809)
        at java.util.concurrent.ThreadPoolExecutor.getTask(ThreadPoolExecutor.java:1074)
        at java.util.concurrent.ThreadPoolExecutor.runWorker(ThreadPoolExecutor.java:1134)
        at java.util.concurrent.ThreadPoolExecutor$Worker.run(ThreadPoolExecutor.java:624)
        at java.lang.Thread.run(Thread.java:750)
"Datanode State Machine Task Thread - 0"  prio=5 tid=280 in Object.wait()
java.lang.Thread.State: WAITING (on object monitor)
        at sun.misc.Unsafe.park(Native Method)
        at java.util.concurrent.locks.LockSupport.park(LockSupport.java:175)
        at java.util.concurrent.locks.AbstractQueuedSynchronizer$ConditionObject.await(AbstractQueuedSynchronizer.java:2039)
        at java.util.concurrent.LinkedBlockingQueue.take(LinkedBlockingQueue.java:442)
        at java.util.concurrent.ThreadPoolExecutor.getTask(ThreadPoolExecutor.java:1074)
        at java.util.concurrent.ThreadPoolExecutor.runWorker(ThreadPoolExecutor.java:1134)
        at java.util.concurrent.ThreadPoolExecutor$Worker.run(ThreadPoolExecutor.java:624)
        at java.lang.Thread.run(Thread.java:750)
"BlockDeletingService#1" daemon prio=5 tid=1015 timed_waiting
java.lang.Thread.State: TIMED_WAITING
        at sun.misc.Unsafe.park(Native Method)
        at java.util.concurrent.locks.LockSupport.parkNanos(LockSupport.java:215)
        at java.util.concurrent.locks.AbstractQueuedSynchronizer$ConditionObject.awaitNanos(AbstractQueuedSynchronizer.java:2078)
        at java.util.concurrent.ScheduledThreadPoolExecutor$DelayedWorkQueue.take(ScheduledThreadPoolExecutor.java:1093)
        at java.util.concurrent.ScheduledThreadPoolExecutor$DelayedWorkQueue.take(ScheduledThreadPoolExecutor.java:809)
        at java.util.concurrent.ThreadPoolExecutor.getTask(ThreadPoolExecutor.java:1074)
        at java.util.concurrent.ThreadPoolExecutor.runWorker(ThreadPoolExecutor.java:1134)
        at java.util.concurrent.ThreadPoolExecutor$Worker.run(ThreadPoolExecutor.java:624)
        at java.lang.Thread.run(Thread.java:750)
"IPC Server handler 12 on default port 43931" daemon prio=5 tid=98 timed_waiting
java.lang.Thread.State: TIMED_WAITING
        at sun.misc.Unsafe.park(Native Method)
        at java.util.concurrent.locks.LockSupport.parkNanos(LockSupport.java:215)
        at java.util.concurrent.locks.AbstractQueuedSynchronizer$ConditionObject.awaitNanos(AbstractQueuedSynchronizer.java:2078)
        at java.util.concurrent.LinkedBlockingQueue.poll(LinkedBlockingQueue.java:467)
        at org.apache.hadoop.ipc.CallQueueManager.take(CallQueueManager.java:317)
        at org.apache.hadoop.ipc.Server$Handler.run(Server.java:2942)
"ChunkReader-9" daemon prio=5 tid=1062 in Object.wait()
java.lang.Thread.State: WAITING (on object monitor)
        at sun.misc.Unsafe.park(Native Method)
        at java.util.concurrent.locks.LockSupport.park(LockSupport.java:175)
        at java.util.concurrent.locks.AbstractQueuedSynchronizer$ConditionObject.await(AbstractQueuedSynchronizer.java:2039)
        at java.util.concurrent.LinkedBlockingQueue.take(LinkedBlockingQueue.java:442)
        at java.util.concurrent.ThreadPoolExecutor.getTask(ThreadPoolExecutor.java:1074)
        at java.util.concurrent.ThreadPoolExecutor.runWorker(ThreadPoolExecutor.java:1134)
        at java.util.concurrent.ThreadPoolExecutor$Worker.run(ThreadPoolExecutor.java:624)
        at java.lang.Thread.run(Thread.java:750)
"fd07e5d7-2dd9-455a-a9b9-9dae4f4be123@group-73B16E30E520-SegmentedRaftLogWorker"  prio=5 tid=1038 timed_waiting
java.lang.Thread.State: TIMED_WAITING
        at sun.misc.Unsafe.park(Native Method)
        at java.util.concurrent.locks.LockSupport.parkNanos(LockSupport.java:215)
        at java.util.concurrent.locks.AbstractQueuedSynchronizer$ConditionObject.awaitNanos(AbstractQueuedSynchronizer.java:2078)
        at org.apache.ratis.util.DataBlockingQueue.poll(DataBlockingQueue.java:148)
        at org.apache.ratis.server.raftlog.segmented.SegmentedRaftLogWorker.run(SegmentedRaftLogWorker.java:312)
        at org.apache.ratis.server.raftlog.segmented.SegmentedRaftLogWorker$$Lambda$667/1365285756.run(Unknown Source)
        at java.lang.Thread.run(Thread.java:750)
"Datanode ReportManager Thread - 0" daemon prio=5 tid=193 in Object.wait()
java.lang.Thread.State: WAITING (on object monitor)
        at sun.misc.Unsafe.park(Native Method)
        at java.util.concurrent.locks.LockSupport.park(LockSupport.java:175)
        at java.util.concurrent.locks.AbstractQueuedSynchronizer$ConditionObject.await(AbstractQueuedSynchronizer.java:2039)
        at java.util.concurrent.ScheduledThreadPoolExecutor$DelayedWorkQueue.take(ScheduledThreadPoolExecutor.java:1088)
        at java.util.concurrent.ScheduledThreadPoolExecutor$DelayedWorkQueue.take(ScheduledThreadPoolExecutor.java:809)
        at java.util.concurrent.ThreadPoolExecutor.getTask(ThreadPoolExecutor.java:1074)
        at java.util.concurrent.ThreadPoolExecutor.runWorker(ThreadPoolExecutor.java:1134)
        at java.util.concurrent.ThreadPoolExecutor$Worker.run(ThreadPoolExecutor.java:624)
        at java.lang.Thread.run(Thread.java:750)
"StaleRecoveringContainerScrubbingService#9" daemon prio=5 tid=1159 in Object.wait()
java.lang.Thread.State: WAITING (on object monitor)
        at sun.misc.Unsafe.park(Native Method)
        at java.util.concurrent.locks.LockSupport.park(LockSupport.java:175)
        at java.util.concurrent.locks.AbstractQueuedSynchronizer$ConditionObject.await(AbstractQueuedSynchronizer.java:2039)
        at java.util.concurrent.ScheduledThreadPoolExecutor$DelayedWorkQueue.take(ScheduledThreadPoolExecutor.java:1088)
        at java.util.concurrent.ScheduledThreadPoolExecutor$DelayedWorkQueue.take(ScheduledThreadPoolExecutor.java:809)
        at java.util.concurrent.ThreadPoolExecutor.getTask(ThreadPoolExecutor.java:1074)
        at java.util.concurrent.ThreadPoolExecutor.runWorker(ThreadPoolExecutor.java:1134)
        at java.util.concurrent.ThreadPoolExecutor$Worker.run(ThreadPoolExecutor.java:624)
        at java.lang.Thread.run(Thread.java:750)
"ChunkWriter-0-0" daemon prio=5 tid=997 in Object.wait()
java.lang.Thread.State: WAITING (on object monitor)
        at sun.misc.Unsafe.park(Native Method)
        at java.util.concurrent.locks.LockSupport.park(LockSupport.java:175)
        at java.util.concurrent.locks.AbstractQueuedSynchronizer$ConditionObject.await(AbstractQueuedSynchronizer.java:2039)
        at java.util.concurrent.LinkedBlockingDeque.takeFirst(LinkedBlockingDeque.java:492)
        at java.util.concurrent.LinkedBlockingDeque.take(LinkedBlockingDeque.java:680)
        at java.util.concurrent.ThreadPoolExecutor.getTask(ThreadPoolExecutor.java:1074)
        at java.util.concurrent.ThreadPoolExecutor.runWorker(ThreadPoolExecutor.java:1134)
        at java.util.concurrent.ThreadPoolExecutor$Worker.run(ThreadPoolExecutor.java:624)
        at java.lang.Thread.run(Thread.java:750)
"a57ee2ea-c69c-41b1-9f64-f7c5b74e8646@group-88F4C8E687A2-StateMachineUpdater" daemon prio=5 tid=587 timed_waiting
java.lang.Thread.State: TIMED_WAITING
        at sun.misc.Unsafe.park(Native Method)
        at java.util.concurrent.locks.LockSupport.parkNanos(LockSupport.java:215)
        at java.util.concurrent.locks.AbstractQueuedSynchronizer$ConditionObject.await(AbstractQueuedSynchronizer.java:2163)
        at org.apache.ratis.util.AwaitForSignal.await(AwaitForSignal.java:62)
        at org.apache.ratis.server.impl.StateMachineUpdater.waitForCommit(StateMachineUpdater.java:207)
        at org.apache.ratis.server.impl.StateMachineUpdater.run(StateMachineUpdater.java:176)
        at java.lang.Thread.run(Thread.java:750)
"18a879af-de93-4167-9a98-f5b552aa8b4b@group-2D59408575FD-StateMachineUpdater" daemon prio=5 tid=570 timed_waiting
java.lang.Thread.State: TIMED_WAITING
        at sun.misc.Unsafe.park(Native Method)
        at java.util.concurrent.locks.LockSupport.parkNanos(LockSupport.java:215)
        at java.util.concurrent.locks.AbstractQueuedSynchronizer$ConditionObject.await(AbstractQueuedSynchronizer.java:2163)
        at org.apache.ratis.util.AwaitForSignal.await(AwaitForSignal.java:62)
        at org.apache.ratis.server.impl.StateMachineUpdater.waitForCommit(StateMachineUpdater.java:207)
        at org.apache.ratis.server.impl.StateMachineUpdater.run(StateMachineUpdater.java:176)
        at java.lang.Thread.run(Thread.java:750)
"Datanode State Machine Daemon Thread" daemon prio=5 tid=327 timed_waiting
java.lang.Thread.State: TIMED_WAITING
        at java.lang.Thread.sleep(Native Method)
        at org.apache.hadoop.ozone.container.common.statemachine.DatanodeStateMachine.startStateMachineThread(DatanodeStateMachine.java:321)
        at org.apache.hadoop.ozone.container.common.statemachine.DatanodeStateMachine.lambda$startDaemon$0(DatanodeStateMachine.java:506)
        at org.apache.hadoop.ozone.container.common.statemachine.DatanodeStateMachine$$Lambda$753/1356624790.run(Unknown Source)
        at java.lang.Thread.run(Thread.java:750)
"2fe07876-8610-433e-a055-404555d6ad88@group-B9F234375034-SegmentedRaftLogWorker"  prio=5 tid=675 timed_waiting
java.lang.Thread.State: TIMED_WAITING
        at sun.misc.Unsafe.park(Native Method)
        at java.util.concurrent.locks.LockSupport.parkNanos(LockSupport.java:215)
        at java.util.concurrent.locks.AbstractQueuedSynchronizer$ConditionObject.awaitNanos(AbstractQueuedSynchronizer.java:2078)
        at org.apache.ratis.util.DataBlockingQueue.poll(DataBlockingQueue.java:148)
        at org.apache.ratis.server.raftlog.segmented.SegmentedRaftLogWorker.run(SegmentedRaftLogWorker.java:312)
        at org.apache.ratis.server.raftlog.segmented.SegmentedRaftLogWorker$$Lambda$667/1365285756.run(Unknown Source)
        at java.lang.Thread.run(Thread.java:750)
"org.apache.hadoop.util.JvmPauseMonitor$Monitor@4eb316f4" daemon prio=5 tid=173 timed_waiting
java.lang.Thread.State: TIMED_WAITING
        at java.lang.Thread.sleep(Native Method)
        at org.apache.hadoop.util.JvmPauseMonitor$Monitor.run(JvmPauseMonitor.java:192)
        at java.lang.Thread.run(Thread.java:750)
"BlockDeletingService#2" daemon prio=5 tid=1141 in Object.wait()
java.lang.Thread.State: WAITING (on object monitor)
        at sun.misc.Unsafe.park(Native Method)
        at java.util.concurrent.locks.LockSupport.park(LockSupport.java:175)
        at java.util.concurrent.locks.AbstractQueuedSynchronizer$ConditionObject.await(AbstractQueuedSynchronizer.java:2039)
        at java.util.concurrent.ScheduledThreadPoolExecutor$DelayedWorkQueue.take(ScheduledThreadPoolExecutor.java:1088)
        at java.util.concurrent.ScheduledThreadPoolExecutor$DelayedWorkQueue.take(ScheduledThreadPoolExecutor.java:809)
        at java.util.concurrent.ThreadPoolExecutor.getTask(ThreadPoolExecutor.java:1074)
        at java.util.concurrent.ThreadPoolExecutor.runWorker(ThreadPoolExecutor.java:1134)
        at java.util.concurrent.ThreadPoolExecutor$Worker.run(ThreadPoolExecutor.java:624)
        at java.lang.Thread.run(Thread.java:750)
"Session-HouseKeeper-2881c04a-1"  prio=5 tid=191 timed_waiting
java.lang.Thread.State: TIMED_WAITING
        at sun.misc.Unsafe.park(Native Method)
        at java.util.concurrent.locks.LockSupport.parkNanos(LockSupport.java:215)
        at java.util.concurrent.locks.AbstractQueuedSynchronizer$ConditionObject.awaitNanos(AbstractQueuedSynchronizer.java:2078)
        at java.util.concurrent.ScheduledThreadPoolExecutor$DelayedWorkQueue.take(ScheduledThreadPoolExecutor.java:1093)
        at java.util.concurrent.ScheduledThreadPoolExecutor$DelayedWorkQueue.take(ScheduledThreadPoolExecutor.java:809)
        at java.util.concurrent.ThreadPoolExecutor.getTask(ThreadPoolExecutor.java:1074)
        at java.util.concurrent.ThreadPoolExecutor.runWorker(ThreadPoolExecutor.java:1134)
        at java.util.concurrent.ThreadPoolExecutor$Worker.run(ThreadPoolExecutor.java:624)
        at java.lang.Thread.run(Thread.java:750)
"ChunkReader-1" daemon prio=5 tid=1067 in Object.wait()
java.lang.Thread.State: WAITING (on object monitor)
        at sun.misc.Unsafe.park(Native Method)
        at java.util.concurrent.locks.LockSupport.park(LockSupport.java:175)
        at java.util.concurrent.locks.AbstractQueuedSynchronizer$ConditionObject.await(AbstractQueuedSynchronizer.java:2039)
        at java.util.concurrent.LinkedBlockingQueue.take(LinkedBlockingQueue.java:442)
        at java.util.concurrent.ThreadPoolExecutor.getTask(ThreadPoolExecutor.java:1074)
        at java.util.concurrent.ThreadPoolExecutor.runWorker(ThreadPoolExecutor.java:1134)
        at java.util.concurrent.ThreadPoolExecutor$Worker.run(ThreadPoolExecutor.java:624)
        at java.lang.Thread.run(Thread.java:750)
"JvmPauseMonitor6" daemon prio=5 tid=510 timed_waiting
java.lang.Thread.State: TIMED_WAITING
        at java.lang.Thread.sleep(Native Method)
        at java.lang.Thread.sleep(Thread.java:342)
        at java.util.concurrent.TimeUnit.sleep(TimeUnit.java:386)
        at org.apache.ratis.util.TimeDuration.sleep(TimeDuration.java:325)
        at org.apache.ratis.util.TimeDuration.sleep(TimeDuration.java:310)
        at org.apache.ratis.util.JvmPauseMonitor.detectPause(JvmPauseMonitor.java:119)
        at org.apache.ratis.util.JvmPauseMonitor.run(JvmPauseMonitor.java:108)
        at org.apache.ratis.util.JvmPauseMonitor$$Lambda$708/1088691990.run(Unknown Source)
        at java.lang.Thread.run(Thread.java:750)
"f48f5eaa-c865-41e1-958d-4d574a609fc9@group-B2174F3F8180-StateMachineUpdater" daemon prio=5 tid=580 timed_waiting
java.lang.Thread.State: TIMED_WAITING
        at sun.misc.Unsafe.park(Native Method)
        at java.util.concurrent.locks.LockSupport.parkNanos(LockSupport.java:215)
        at java.util.concurrent.locks.AbstractQueuedSynchronizer$ConditionObject.await(AbstractQueuedSynchronizer.java:2163)
        at org.apache.ratis.util.AwaitForSignal.await(AwaitForSignal.java:62)
        at org.apache.ratis.server.impl.StateMachineUpdater.waitForCommit(StateMachineUpdater.java:207)
        at org.apache.ratis.server.impl.StateMachineUpdater.run(StateMachineUpdater.java:176)
        at java.lang.Thread.run(Thread.java:750)
"FixedThreadPoolWithAffinityExecutor-8-0" daemon prio=5 tid=43 timed_waiting
java.lang.Thread.State: TIMED_WAITING
        at sun.misc.Unsafe.park(Native Method)
        at java.util.concurrent.locks.LockSupport.parkNanos(LockSupport.java:215)
        at java.util.concurrent.locks.AbstractQueuedSynchronizer$ConditionObject.awaitNanos(AbstractQueuedSynchronizer.java:2078)
        at java.util.concurrent.LinkedBlockingQueue.poll(LinkedBlockingQueue.java:467)
        at org.apache.hadoop.hdds.scm.server.ContainerReportQueue.poll(ContainerReportQueue.java:266)
        at org.apache.hadoop.hdds.scm.server.ContainerReportQueue.poll(ContainerReportQueue.java:42)
        at org.apache.hadoop.hdds.server.events.FixedThreadPoolWithAffinityExecutor$ContainerReportProcessTask.run(FixedThreadPoolWithAffinityExecutor.java:248)
        at java.util.concurrent.Executors$RunnableAdapter.call(Executors.java:511)
        at java.util.concurrent.FutureTask.run(FutureTask.java:266)
        at java.util.concurrent.ThreadPoolExecutor.runWorker(ThreadPoolExecutor.java:1149)
        at java.util.concurrent.ThreadPoolExecutor$Worker.run(ThreadPoolExecutor.java:624)
        at java.lang.Thread.run(Thread.java:750)
"ChunkReader-2" daemon prio=5 tid=852 in Object.wait()
java.lang.Thread.State: WAITING (on object monitor)
        at sun.misc.Unsafe.park(Native Method)
        at java.util.concurrent.locks.LockSupport.park(LockSupport.java:175)
        at java.util.concurrent.locks.AbstractQueuedSynchronizer$ConditionObject.await(AbstractQueuedSynchronizer.java:2039)
        at java.util.concurrent.LinkedBlockingQueue.take(LinkedBlockingQueue.java:442)
        at java.util.concurrent.ThreadPoolExecutor.getTask(ThreadPoolExecutor.java:1074)
        at java.util.concurrent.ThreadPoolExecutor.runWorker(ThreadPoolExecutor.java:1134)
        at java.util.concurrent.ThreadPoolExecutor$Worker.run(ThreadPoolExecutor.java:624)
        at java.lang.Thread.run(Thread.java:750)
"ChunkReader-ELG-0" daemon prio=5 tid=511 runnable
java.lang.Thread.State: RUNNABLE
        at org.apache.ratis.thirdparty.io.netty.channel.epoll.Native.epollWait(Native Method)
        at org.apache.ratis.thirdparty.io.netty.channel.epoll.Native.epollWait(Native.java:209)
        at org.apache.ratis.thirdparty.io.netty.channel.epoll.Native.epollWait(Native.java:202)
        at org.apache.ratis.thirdparty.io.netty.channel.epoll.EpollEventLoop.epollWaitNoTimerChange(EpollEventLoop.java:294)
        at org.apache.ratis.thirdparty.io.netty.channel.epoll.EpollEventLoop.run(EpollEventLoop.java:351)
        at org.apache.ratis.thirdparty.io.netty.util.concurrent.SingleThreadEventExecutor$4.run(SingleThreadEventExecutor.java:995)
        at org.apache.ratis.thirdparty.io.netty.util.internal.ThreadExecutorMap$2.run(ThreadExecutorMap.java:74)
        at java.lang.Thread.run(Thread.java:750)
"307c9a4a-d135-41f7-b2cf-6e79e9d930c6@group-2A829352BC53-FollowerState" daemon prio=5 tid=913 timed_waiting
java.lang.Thread.State: TIMED_WAITING
        at java.lang.Thread.sleep(Native Method)
        at java.lang.Thread.sleep(Thread.java:342)
        at java.util.concurrent.TimeUnit.sleep(TimeUnit.java:386)
        at org.apache.ratis.util.TimeDuration.sleep(TimeDuration.java:325)
        at org.apache.ratis.util.TimeDuration.sleep(TimeDuration.java:310)
        at org.apache.ratis.server.impl.FollowerState.run(FollowerState.java:128)
"f48f5eaa-c865-41e1-958d-4d574a609fc9@group-C860D8A7810C-FollowerState" daemon prio=5 tid=886 timed_waiting
java.lang.Thread.State: TIMED_WAITING
        at java.lang.Thread.sleep(Native Method)
        at java.lang.Thread.sleep(Thread.java:342)
        at java.util.concurrent.TimeUnit.sleep(TimeUnit.java:386)
        at org.apache.ratis.util.TimeDuration.sleep(TimeDuration.java:325)
        at org.apache.ratis.util.TimeDuration.sleep(TimeDuration.java:310)
        at org.apache.ratis.server.impl.FollowerState.run(FollowerState.java:128)
"DatanodeAdminManager-0" daemon prio=5 tid=21 timed_waiting
java.lang.Thread.State: TIMED_WAITING
        at sun.misc.Unsafe.park(Native Method)
        at java.util.concurrent.locks.LockSupport.parkNanos(LockSupport.java:215)
        at java.util.concurrent.locks.AbstractQueuedSynchronizer$ConditionObject.awaitNanos(AbstractQueuedSynchronizer.java:2078)
        at java.util.concurrent.ScheduledThreadPoolExecutor$DelayedWorkQueue.take(ScheduledThreadPoolExecutor.java:1093)
        at java.util.concurrent.ScheduledThreadPoolExecutor$DelayedWorkQueue.take(ScheduledThreadPoolExecutor.java:809)
        at java.util.concurrent.ThreadPoolExecutor.getTask(ThreadPoolExecutor.java:1074)
        at java.util.concurrent.ThreadPoolExecutor.runWorker(ThreadPoolExecutor.java:1134)
        at java.util.concurrent.ThreadPoolExecutor$Worker.run(ThreadPoolExecutor.java:624)
        at java.lang.Thread.run(Thread.java:750)
"qtp1583625218-112" daemon prio=5 tid=112 timed_waiting
java.lang.Thread.State: TIMED_WAITING
        at sun.misc.Unsafe.park(Native Method)
        at java.util.concurrent.locks.LockSupport.parkNanos(LockSupport.java:215)
        at java.util.concurrent.locks.AbstractQueuedSynchronizer$ConditionObject.awaitNanos(AbstractQueuedSynchronizer.java:2078)
        at org.eclipse.jetty.util.BlockingArrayQueue.poll(BlockingArrayQueue.java:382)
        at org.eclipse.jetty.util.thread.QueuedThreadPool$Runner.idleJobPoll(QueuedThreadPool.java:974)
        at org.eclipse.jetty.util.thread.QueuedThreadPool$Runner.run(QueuedThreadPool.java:1018)
        at java.lang.Thread.run(Thread.java:750)
"FixedThreadPoolWithAffinityExecutor-1-0" daemon prio=5 tid=36 timed_waiting
java.lang.Thread.State: TIMED_WAITING
        at sun.misc.Unsafe.park(Native Method)
        at java.util.concurrent.locks.LockSupport.parkNanos(LockSupport.java:215)
        at java.util.concurrent.locks.AbstractQueuedSynchronizer$ConditionObject.awaitNanos(AbstractQueuedSynchronizer.java:2078)
        at java.util.concurrent.LinkedBlockingQueue.poll(LinkedBlockingQueue.java:467)
        at org.apache.hadoop.hdds.scm.server.ContainerReportQueue.poll(ContainerReportQueue.java:266)
        at org.apache.hadoop.hdds.scm.server.ContainerReportQueue.poll(ContainerReportQueue.java:42)
        at org.apache.hadoop.hdds.server.events.FixedThreadPoolWithAffinityExecutor$ContainerReportProcessTask.run(FixedThreadPoolWithAffinityExecutor.java:248)
        at java.util.concurrent.Executors$RunnableAdapter.call(Executors.java:511)
        at java.util.concurrent.FutureTask.run(FutureTask.java:266)
        at java.util.concurrent.ThreadPoolExecutor.runWorker(ThreadPoolExecutor.java:1149)
        at java.util.concurrent.ThreadPoolExecutor$Worker.run(ThreadPoolExecutor.java:624)
        at java.lang.Thread.run(Thread.java:750)
"StaleRecoveringContainerScrubbingService#2" daemon prio=5 tid=755 timed_waiting
java.lang.Thread.State: TIMED_WAITING
        at sun.misc.Unsafe.park(Native Method)
        at java.util.concurrent.locks.LockSupport.parkNanos(LockSupport.java:215)
        at java.util.concurrent.locks.AbstractQueuedSynchronizer$ConditionObject.awaitNanos(AbstractQueuedSynchronizer.java:2078)
        at java.util.concurrent.ScheduledThreadPoolExecutor$DelayedWorkQueue.take(ScheduledThreadPoolExecutor.java:1093)
        at java.util.concurrent.ScheduledThreadPoolExecutor$DelayedWorkQueue.take(ScheduledThreadPoolExecutor.java:809)
        at java.util.concurrent.ThreadPoolExecutor.getTask(ThreadPoolExecutor.java:1074)
        at java.util.concurrent.ThreadPoolExecutor.runWorker(ThreadPoolExecutor.java:1134)
        at java.util.concurrent.ThreadPoolExecutor$Worker.run(ThreadPoolExecutor.java:624)
        at java.lang.Thread.run(Thread.java:750)
"qtp981403840-436" daemon prio=5 tid=436 timed_waiting
java.lang.Thread.State: TIMED_WAITING
        at sun.misc.Unsafe.park(Native Method)
        at java.util.concurrent.locks.LockSupport.parkNanos(LockSupport.java:215)
        at java.util.concurrent.locks.AbstractQueuedSynchronizer$ConditionObject.awaitNanos(AbstractQueuedSynchronizer.java:2078)
        at org.eclipse.jetty.util.BlockingArrayQueue.poll(BlockingArrayQueue.java:382)
        at org.eclipse.jetty.util.thread.QueuedThreadPool$Runner.idleJobPoll(QueuedThreadPool.java:974)
        at org.eclipse.jetty.util.thread.QueuedThreadPool$Runner.run(QueuedThreadPool.java:1018)
        at java.lang.Thread.run(Thread.java:750)
"Session-HouseKeeper-2d2ece26-1"  prio=5 tid=362 timed_waiting
java.lang.Thread.State: TIMED_WAITING
        at sun.misc.Unsafe.park(Native Method)
        at java.util.concurrent.locks.LockSupport.parkNanos(LockSupport.java:215)
        at java.util.concurrent.locks.AbstractQueuedSynchronizer$ConditionObject.awaitNanos(AbstractQueuedSynchronizer.java:2078)
        at java.util.concurrent.ScheduledThreadPoolExecutor$DelayedWorkQueue.take(ScheduledThreadPoolExecutor.java:1093)
        at java.util.concurrent.ScheduledThreadPoolExecutor$DelayedWorkQueue.take(ScheduledThreadPoolExecutor.java:809)
        at java.util.concurrent.ThreadPoolExecutor.getTask(ThreadPoolExecutor.java:1074)
        at java.util.concurrent.ThreadPoolExecutor.runWorker(ThreadPoolExecutor.java:1134)
        at java.util.concurrent.ThreadPoolExecutor$Worker.run(ThreadPoolExecutor.java:624)
        at java.lang.Thread.run(Thread.java:750)
"fd07e5d7-2dd9-455a-a9b9-9dae4f4be123@group-FFC8E6C97F07->93471f04-f84a-446a-9dbd-94f45fb64b69-GrpcLogAppender-LogAppenderDaemon" daemon prio=5 tid=1107 timed_waiting
java.lang.Thread.State: TIMED_WAITING
        at sun.misc.Unsafe.park(Native Method)
        at java.util.concurrent.locks.LockSupport.parkNanos(LockSupport.java:215)
        at java.util.concurrent.locks.AbstractQueuedSynchronizer$ConditionObject.await(AbstractQueuedSynchronizer.java:2163)
        at org.apache.ratis.util.AwaitForSignal.await(AwaitForSignal.java:62)
        at org.apache.ratis.grpc.server.GrpcLogAppender.mayWait(GrpcLogAppender.java:198)
        at org.apache.ratis.grpc.server.GrpcLogAppender.run(GrpcLogAppender.java:148)
        at org.apache.ratis.server.leader.LogAppenderDaemon.run(LogAppenderDaemon.java:78)
        at org.apache.ratis.server.leader.LogAppenderDaemon$$Lambda$1044/2014844076.run(Unknown Source)
        at java.lang.Thread.run(Thread.java:750)
"ChunkReader-4" daemon prio=5 tid=966 in Object.wait()
java.lang.Thread.State: WAITING (on object monitor)
        at sun.misc.Unsafe.park(Native Method)
        at java.util.concurrent.locks.LockSupport.park(LockSupport.java:175)
        at java.util.concurrent.locks.AbstractQueuedSynchronizer$ConditionObject.await(AbstractQueuedSynchronizer.java:2039)
        at java.util.concurrent.LinkedBlockingQueue.take(LinkedBlockingQueue.java:442)
        at java.util.concurrent.ThreadPoolExecutor.getTask(ThreadPoolExecutor.java:1074)
        at java.util.concurrent.ThreadPoolExecutor.runWorker(ThreadPoolExecutor.java:1134)
        at java.util.concurrent.ThreadPoolExecutor$Worker.run(ThreadPoolExecutor.java:624)
        at java.lang.Thread.run(Thread.java:750)
"JvmPauseMonitor7" daemon prio=5 tid=523 timed_waiting
java.lang.Thread.State: TIMED_WAITING
        at java.lang.Thread.sleep(Native Method)
        at java.lang.Thread.sleep(Thread.java:342)
        at java.util.concurrent.TimeUnit.sleep(TimeUnit.java:386)
        at org.apache.ratis.util.TimeDuration.sleep(TimeDuration.java:325)
        at org.apache.ratis.util.TimeDuration.sleep(TimeDuration.java:310)
        at org.apache.ratis.util.JvmPauseMonitor.detectPause(JvmPauseMonitor.java:119)
        at org.apache.ratis.util.JvmPauseMonitor.run(JvmPauseMonitor.java:108)
        at org.apache.ratis.util.JvmPauseMonitor$$Lambda$708/1088691990.run(Unknown Source)
        at java.lang.Thread.run(Thread.java:750)
"2fe07876-8610-433e-a055-404555d6ad88@group-2A829352BC53->307c9a4a-d135-41f7-b2cf-6e79e9d930c6-GrpcLogAppender-LogAppenderDaemon" daemon prio=5 tid=915 timed_waiting
java.lang.Thread.State: TIMED_WAITING
        at sun.misc.Unsafe.park(Native Method)
        at java.util.concurrent.locks.LockSupport.parkNanos(LockSupport.java:215)
        at java.util.concurrent.locks.AbstractQueuedSynchronizer$ConditionObject.await(AbstractQueuedSynchronizer.java:2163)
        at org.apache.ratis.util.AwaitForSignal.await(AwaitForSignal.java:62)
        at org.apache.ratis.grpc.server.GrpcLogAppender.mayWait(GrpcLogAppender.java:198)
        at org.apache.ratis.grpc.server.GrpcLogAppender.run(GrpcLogAppender.java:148)
        at org.apache.ratis.server.leader.LogAppenderDaemon.run(LogAppenderDaemon.java:78)
        at org.apache.ratis.server.leader.LogAppenderDaemon$$Lambda$1044/2014844076.run(Unknown Source)
        at java.lang.Thread.run(Thread.java:750)
"qtp1583625218-109" daemon prio=5 tid=109 runnable
java.lang.Thread.State: RUNNABLE
        at sun.nio.ch.EPollArrayWrapper.epollWait(Native Method)
        at sun.nio.ch.EPollArrayWrapper.poll(EPollArrayWrapper.java:269)
        at sun.nio.ch.EPollSelectorImpl.doSelect(EPollSelectorImpl.java:93)
        at sun.nio.ch.SelectorImpl.lockAndDoSelect(SelectorImpl.java:86)
        at sun.nio.ch.SelectorImpl.select(SelectorImpl.java:97)
        at sun.nio.ch.SelectorImpl.select(SelectorImpl.java:101)
        at org.eclipse.jetty.io.ManagedSelector.nioSelect(ManagedSelector.java:183)
        at org.eclipse.jetty.io.ManagedSelector.select(ManagedSelector.java:190)
        at org.eclipse.jetty.io.ManagedSelector$SelectorProducer.select(ManagedSelector.java:606)
        at org.eclipse.jetty.io.ManagedSelector$SelectorProducer.produce(ManagedSelector.java:543)
        at org.eclipse.jetty.util.thread.strategy.EatWhatYouKill.produceTask(EatWhatYouKill.java:362)
        at org.eclipse.jetty.util.thread.strategy.EatWhatYouKill.doProduce(EatWhatYouKill.java:186)
        at org.eclipse.jetty.util.thread.strategy.EatWhatYouKill.tryProduce(EatWhatYouKill.java:173)
        at org.eclipse.jetty.util.thread.strategy.EatWhatYouKill.produce(EatWhatYouKill.java:137)
        at org.eclipse.jetty.io.ManagedSelector$$Lambda$444/1185648203.run(Unknown Source)
        at org.eclipse.jetty.util.thread.QueuedThreadPool.runJob(QueuedThreadPool.java:883)
        at org.eclipse.jetty.util.thread.QueuedThreadPool$Runner.run(QueuedThreadPool.java:1034)
        at java.lang.Thread.run(Thread.java:750)
"Finalizer" daemon prio=8 tid=3 in Object.wait()
java.lang.Thread.State: WAITING (on object monitor)
        at java.lang.Object.wait(Native Method)
        at java.lang.ref.ReferenceQueue.remove(ReferenceQueue.java:144)
        at java.lang.ref.ReferenceQueue.remove(ReferenceQueue.java:165)
        at java.lang.ref.Finalizer$FinalizerThread.run(Finalizer.java:188)
"2fe07876-8610-433e-a055-404555d6ad88@group-A427007BFDCD-LeaderStateImpl" daemon prio=5 tid=757 timed_waiting
java.lang.Thread.State: TIMED_WAITING
        at sun.misc.Unsafe.park(Native Method)
        at java.util.concurrent.locks.LockSupport.parkNanos(LockSupport.java:215)
        at java.util.concurrent.locks.AbstractQueuedSynchronizer$ConditionObject.awaitNanos(AbstractQueuedSynchronizer.java:2078)
        at java.util.concurrent.ArrayBlockingQueue.poll(ArrayBlockingQueue.java:418)
        at org.apache.ratis.server.impl.LeaderStateImpl$EventQueue.poll(LeaderStateImpl.java:159)
        at org.apache.ratis.server.impl.LeaderStateImpl$EventProcessor.run(LeaderStateImpl.java:630)
"IPC Server handler 5 on default port 38215" daemon prio=5 tid=71 timed_waiting
java.lang.Thread.State: TIMED_WAITING
        at sun.misc.Unsafe.park(Native Method)
        at java.util.concurrent.locks.LockSupport.parkNanos(LockSupport.java:215)
        at java.util.concurrent.locks.AbstractQueuedSynchronizer$ConditionObject.awaitNanos(AbstractQueuedSynchronizer.java:2078)
        at java.util.concurrent.LinkedBlockingQueue.poll(LinkedBlockingQueue.java:467)
        at org.apache.hadoop.ipc.CallQueueManager.take(CallQueueManager.java:317)
        at org.apache.hadoop.ipc.Server$Handler.run(Server.java:2942)
"ChunkReader-4" daemon prio=5 tid=1078 in Object.wait()
java.lang.Thread.State: WAITING (on object monitor)
        at sun.misc.Unsafe.park(Native Method)
        at java.util.concurrent.locks.LockSupport.park(LockSupport.java:175)
        at java.util.concurrent.locks.AbstractQueuedSynchronizer$ConditionObject.await(AbstractQueuedSynchronizer.java:2039)
        at java.util.concurrent.LinkedBlockingQueue.take(LinkedBlockingQueue.java:442)
        at java.util.concurrent.ThreadPoolExecutor.getTask(ThreadPoolExecutor.java:1074)
        at java.util.concurrent.ThreadPoolExecutor.runWorker(ThreadPoolExecutor.java:1134)
        at java.util.concurrent.ThreadPoolExecutor$Worker.run(ThreadPoolExecutor.java:624)
        at java.lang.Thread.run(Thread.java:750)
"ChunkReader-0" daemon prio=5 tid=846 in Object.wait()
java.lang.Thread.State: WAITING (on object monitor)
        at sun.misc.Unsafe.park(Native Method)
        at java.util.concurrent.locks.LockSupport.park(LockSupport.java:175)
        at java.util.concurrent.locks.AbstractQueuedSynchronizer$ConditionObject.await(AbstractQueuedSynchronizer.java:2039)
        at java.util.concurrent.LinkedBlockingQueue.take(LinkedBlockingQueue.java:442)
        at java.util.concurrent.ThreadPoolExecutor.getTask(ThreadPoolExecutor.java:1074)
        at java.util.concurrent.ThreadPoolExecutor.runWorker(ThreadPoolExecutor.java:1134)
        at java.util.concurrent.ThreadPoolExecutor$Worker.run(ThreadPoolExecutor.java:624)
        at java.lang.Thread.run(Thread.java:750)
"IPC Client (1509123129) connection to 0.0.0.0/0.0.0.0:43931 from runner" daemon prio=5 tid=326 timed_waiting
java.lang.Thread.State: TIMED_WAITING
        at java.lang.Object.wait(Native Method)
        at org.apache.hadoop.ipc.Client$Connection.waitForWork(Client.java:1086)
        at org.apache.hadoop.ipc.Client$Connection.run(Client.java:1133)
"BlockDeletingService#2" daemon prio=5 tid=1137 in Object.wait()
java.lang.Thread.State: WAITING (on object monitor)
        at sun.misc.Unsafe.park(Native Method)
        at java.util.concurrent.locks.LockSupport.park(LockSupport.java:175)
        at java.util.concurrent.locks.AbstractQueuedSynchronizer$ConditionObject.await(AbstractQueuedSynchronizer.java:2039)
        at java.util.concurrent.ScheduledThreadPoolExecutor$DelayedWorkQueue.take(ScheduledThreadPoolExecutor.java:1088)
        at java.util.concurrent.ScheduledThreadPoolExecutor$DelayedWorkQueue.take(ScheduledThreadPoolExecutor.java:809)
        at java.util.concurrent.ThreadPoolExecutor.getTask(ThreadPoolExecutor.java:1074)
        at java.util.concurrent.ThreadPoolExecutor.runWorker(ThreadPoolExecutor.java:1134)
        at java.util.concurrent.ThreadPoolExecutor$Worker.run(ThreadPoolExecutor.java:624)
        at java.lang.Thread.run(Thread.java:750)
"fd07e5d7-2dd9-455a-a9b9-9dae4f4be123-server-thread3" daemon prio=5 tid=1101 timed_waiting
java.lang.Thread.State: TIMED_WAITING
        at sun.misc.Unsafe.park(Native Method)
        at java.util.concurrent.locks.LockSupport.parkNanos(LockSupport.java:215)
        at java.util.concurrent.SynchronousQueue$TransferStack.awaitFulfill(SynchronousQueue.java:460)
        at java.util.concurrent.SynchronousQueue$TransferStack.transfer(SynchronousQueue.java:362)
        at java.util.concurrent.SynchronousQueue.poll(SynchronousQueue.java:941)
        at java.util.concurrent.ThreadPoolExecutor.getTask(ThreadPoolExecutor.java:1073)
        at java.util.concurrent.ThreadPoolExecutor.runWorker(ThreadPoolExecutor.java:1134)
        at java.util.concurrent.ThreadPoolExecutor$Worker.run(ThreadPoolExecutor.java:624)
        at java.lang.Thread.run(Thread.java:750)
"SCMBlockDeletingService#0" daemon prio=5 tid=106 timed_waiting
java.lang.Thread.State: TIMED_WAITING
        at sun.misc.Unsafe.park(Native Method)
        at java.util.concurrent.locks.LockSupport.parkNanos(LockSupport.java:215)
        at java.util.concurrent.locks.AbstractQueuedSynchronizer$ConditionObject.awaitNanos(AbstractQueuedSynchronizer.java:2078)
        at java.util.concurrent.ScheduledThreadPoolExecutor$DelayedWorkQueue.take(ScheduledThreadPoolExecutor.java:1093)
        at java.util.concurrent.ScheduledThreadPoolExecutor$DelayedWorkQueue.take(ScheduledThreadPoolExecutor.java:809)
        at java.util.concurrent.ThreadPoolExecutor.getTask(ThreadPoolExecutor.java:1074)
        at java.util.concurrent.ThreadPoolExecutor.runWorker(ThreadPoolExecutor.java:1134)
        at java.util.concurrent.ThreadPoolExecutor$Worker.run(ThreadPoolExecutor.java:624)
        at java.lang.Thread.run(Thread.java:750)
"IPC Server handler 10 on default port 34787" daemon prio=5 tid=56 timed_waiting
java.lang.Thread.State: TIMED_WAITING
        at sun.misc.Unsafe.park(Native Method)
        at java.util.concurrent.locks.LockSupport.parkNanos(LockSupport.java:215)
        at java.util.concurrent.locks.AbstractQueuedSynchronizer$ConditionObject.awaitNanos(AbstractQueuedSynchronizer.java:2078)
        at java.util.concurrent.LinkedBlockingQueue.poll(LinkedBlockingQueue.java:467)
        at org.apache.hadoop.ipc.CallQueueManager.take(CallQueueManager.java:317)
        at org.apache.hadoop.ipc.Server$Handler.run(Server.java:2942)
"StaleRecoveringContainerScrubbingService#7" daemon prio=5 tid=1134 in Object.wait()
java.lang.Thread.State: WAITING (on object monitor)
        at sun.misc.Unsafe.park(Native Method)
        at java.util.concurrent.locks.LockSupport.park(LockSupport.java:175)
        at java.util.concurrent.locks.AbstractQueuedSynchronizer$ConditionObject.await(AbstractQueuedSynchronizer.java:2039)
        at java.util.concurrent.ScheduledThreadPoolExecutor$DelayedWorkQueue.take(ScheduledThreadPoolExecutor.java:1088)
        at java.util.concurrent.ScheduledThreadPoolExecutor$DelayedWorkQueue.take(ScheduledThreadPoolExecutor.java:809)
        at java.util.concurrent.ThreadPoolExecutor.getTask(ThreadPoolExecutor.java:1074)
        at java.util.concurrent.ThreadPoolExecutor.runWorker(ThreadPoolExecutor.java:1134)
        at java.util.concurrent.ThreadPoolExecutor$Worker.run(ThreadPoolExecutor.java:624)
        at java.lang.Thread.run(Thread.java:750)
"EventQueue-NodeRegistrationContainerReportForDataNodeSafeModeRule" daemon prio=5 tid=499 in Object.wait()
java.lang.Thread.State: WAITING (on object monitor)
        at sun.misc.Unsafe.park(Native Method)
        at java.util.concurrent.locks.LockSupport.park(LockSupport.java:175)
        at java.util.concurrent.locks.AbstractQueuedSynchronizer$ConditionObject.await(AbstractQueuedSynchronizer.java:2039)
        at java.util.concurrent.LinkedBlockingQueue.take(LinkedBlockingQueue.java:442)
        at java.util.concurrent.ThreadPoolExecutor.getTask(ThreadPoolExecutor.java:1074)
        at java.util.concurrent.ThreadPoolExecutor.runWorker(ThreadPoolExecutor.java:1134)
        at java.util.concurrent.ThreadPoolExecutor$Worker.run(ThreadPoolExecutor.java:624)
        at java.lang.Thread.run(Thread.java:750)
"ChunkWriter-0-0" daemon prio=5 tid=416 in Object.wait()
java.lang.Thread.State: WAITING (on object monitor)
        at sun.misc.Unsafe.park(Native Method)
        at java.util.concurrent.locks.LockSupport.park(LockSupport.java:175)
        at java.util.concurrent.locks.AbstractQueuedSynchronizer$ConditionObject.await(AbstractQueuedSynchronizer.java:2039)
        at java.util.concurrent.LinkedBlockingDeque.takeFirst(LinkedBlockingDeque.java:492)
        at java.util.concurrent.LinkedBlockingDeque.take(LinkedBlockingDeque.java:680)
        at java.util.concurrent.ThreadPoolExecutor.getTask(ThreadPoolExecutor.java:1074)
        at java.util.concurrent.ThreadPoolExecutor.runWorker(ThreadPoolExecutor.java:1134)
        at java.util.concurrent.ThreadPoolExecutor$Worker.run(ThreadPoolExecutor.java:624)
        at java.lang.Thread.run(Thread.java:750)
"qtp348292129-213" daemon prio=5 tid=213 timed_waiting
java.lang.Thread.State: TIMED_WAITING
        at sun.misc.Unsafe.park(Native Method)
        at java.util.concurrent.locks.LockSupport.parkNanos(LockSupport.java:215)
        at java.util.concurrent.locks.AbstractQueuedSynchronizer$ConditionObject.awaitNanos(AbstractQueuedSynchronizer.java:2078)
        at org.eclipse.jetty.util.BlockingArrayQueue.poll(BlockingArrayQueue.java:382)
        at org.eclipse.jetty.util.thread.QueuedThreadPool$Runner.idleJobPoll(QueuedThreadPool.java:974)
        at org.eclipse.jetty.util.thread.QueuedThreadPool$Runner.run(QueuedThreadPool.java:1018)
        at java.lang.Thread.run(Thread.java:750)
"qtp829190748-318" daemon prio=5 tid=318 timed_waiting
java.lang.Thread.State: TIMED_WAITING
        at sun.misc.Unsafe.park(Native Method)
        at java.util.concurrent.locks.LockSupport.parkNanos(LockSupport.java:215)
        at java.util.concurrent.locks.AbstractQueuedSynchronizer$ConditionObject.awaitNanos(AbstractQueuedSynchronizer.java:2078)
        at org.eclipse.jetty.util.BlockingArrayQueue.poll(BlockingArrayQueue.java:382)
        at org.eclipse.jetty.util.thread.QueuedThreadPool$Runner.idleJobPoll(QueuedThreadPool.java:974)
        at org.eclipse.jetty.util.thread.QueuedThreadPool$Runner.run(QueuedThreadPool.java:1018)
        at java.lang.Thread.run(Thread.java:750)
"93471f04-f84a-446a-9dbd-94f45fb64b69@group-73B16E30E520-StateMachineUpdater" daemon prio=5 tid=1034 timed_waiting
java.lang.Thread.State: TIMED_WAITING
        at sun.misc.Unsafe.park(Native Method)
        at java.util.concurrent.locks.LockSupport.parkNanos(LockSupport.java:215)
        at java.util.concurrent.locks.AbstractQueuedSynchronizer$ConditionObject.await(AbstractQueuedSynchronizer.java:2163)
        at org.apache.ratis.util.AwaitForSignal.await(AwaitForSignal.java:62)
        at org.apache.ratis.server.impl.StateMachineUpdater.waitForCommit(StateMachineUpdater.java:207)
        at org.apache.ratis.server.impl.StateMachineUpdater.run(StateMachineUpdater.java:176)
        at java.lang.Thread.run(Thread.java:750)
"ec-reconstruct-reader-TID-2"  prio=5 tid=956 in Object.wait()
java.lang.Thread.State: WAITING (on object monitor)
        at sun.misc.Unsafe.park(Native Method)
        at java.util.concurrent.locks.LockSupport.park(LockSupport.java:175)
        at java.util.concurrent.SynchronousQueue$TransferStack.awaitFulfill(SynchronousQueue.java:458)
        at java.util.concurrent.SynchronousQueue$TransferStack.transfer(SynchronousQueue.java:362)
        at java.util.concurrent.SynchronousQueue.take(SynchronousQueue.java:924)
        at java.util.concurrent.ThreadPoolExecutor.getTask(ThreadPoolExecutor.java:1074)
        at java.util.concurrent.ThreadPoolExecutor.runWorker(ThreadPoolExecutor.java:1134)
        at java.util.concurrent.ThreadPoolExecutor$Worker.run(ThreadPoolExecutor.java:624)
        at java.lang.Thread.run(Thread.java:750)
"StaleRecoveringContainerScrubbingService#3" daemon prio=5 tid=908 in Object.wait()
java.lang.Thread.State: WAITING (on object monitor)
        at sun.misc.Unsafe.park(Native Method)
        at java.util.concurrent.locks.LockSupport.park(LockSupport.java:175)
        at java.util.concurrent.locks.AbstractQueuedSynchronizer$ConditionObject.await(AbstractQueuedSynchronizer.java:2039)
        at java.util.concurrent.ScheduledThreadPoolExecutor$DelayedWorkQueue.take(ScheduledThreadPoolExecutor.java:1088)
        at java.util.concurrent.ScheduledThreadPoolExecutor$DelayedWorkQueue.take(ScheduledThreadPoolExecutor.java:809)
        at java.util.concurrent.ThreadPoolExecutor.getTask(ThreadPoolExecutor.java:1074)
        at java.util.concurrent.ThreadPoolExecutor.runWorker(ThreadPoolExecutor.java:1134)
        at java.util.concurrent.ThreadPoolExecutor$Worker.run(ThreadPoolExecutor.java:624)
        at java.lang.Thread.run(Thread.java:750)
"592803f5-ace9-49ac-a54f-354c0e5baf2c@group-B5CB87655DBA-LeaderStateImpl" daemon prio=5 tid=736 timed_waiting
java.lang.Thread.State: TIMED_WAITING
        at sun.misc.Unsafe.park(Native Method)
        at java.util.concurrent.locks.LockSupport.parkNanos(LockSupport.java:215)
        at java.util.concurrent.locks.AbstractQueuedSynchronizer$ConditionObject.awaitNanos(AbstractQueuedSynchronizer.java:2078)
        at java.util.concurrent.ArrayBlockingQueue.poll(ArrayBlockingQueue.java:418)
        at org.apache.ratis.server.impl.LeaderStateImpl$EventQueue.poll(LeaderStateImpl.java:159)
        at org.apache.ratis.server.impl.LeaderStateImpl$EventProcessor.run(LeaderStateImpl.java:630)
"IPC Server handler 18 on default port 43931" daemon prio=5 tid=104 timed_waiting
java.lang.Thread.State: TIMED_WAITING
        at sun.misc.Unsafe.park(Native Method)
        at java.util.concurrent.locks.LockSupport.parkNanos(LockSupport.java:215)
        at java.util.concurrent.locks.AbstractQueuedSynchronizer$ConditionObject.awaitNanos(AbstractQueuedSynchronizer.java:2078)
        at java.util.concurrent.LinkedBlockingQueue.poll(LinkedBlockingQueue.java:467)
        at org.apache.hadoop.ipc.CallQueueManager.take(CallQueueManager.java:317)
        at org.apache.hadoop.ipc.Server$Handler.run(Server.java:2942)
"qtp275359862-978-acceptor-0@161c3df7-ServerConnector@69b1313{HTTP/1.1, (http/1.1)}{0.0.0.0:39773}" daemon prio=3 tid=978 runnable
java.lang.Thread.State: RUNNABLE
        at sun.nio.ch.ServerSocketChannelImpl.accept0(Native Method)
        at sun.nio.ch.ServerSocketChannelImpl.accept(ServerSocketChannelImpl.java:421)
        at sun.nio.ch.ServerSocketChannelImpl.accept(ServerSocketChannelImpl.java:249)
        at org.eclipse.jetty.server.ServerConnector.accept(ServerConnector.java:388)
        at org.eclipse.jetty.server.AbstractConnector$Acceptor.run(AbstractConnector.java:704)
        at org.eclipse.jetty.util.thread.QueuedThreadPool.runJob(QueuedThreadPool.java:883)
        at org.eclipse.jetty.util.thread.QueuedThreadPool$Runner.run(QueuedThreadPool.java:1034)
        at java.lang.Thread.run(Thread.java:750)
"StaleRecoveringContainerScrubbingService#9" daemon prio=5 tid=1153 in Object.wait()
java.lang.Thread.State: WAITING (on object monitor)
        at sun.misc.Unsafe.park(Native Method)
        at java.util.concurrent.locks.LockSupport.park(LockSupport.java:175)
        at java.util.concurrent.locks.AbstractQueuedSynchronizer$ConditionObject.await(AbstractQueuedSynchronizer.java:2039)
        at java.util.concurrent.ScheduledThreadPoolExecutor$DelayedWorkQueue.take(ScheduledThreadPoolExecutor.java:1088)
        at java.util.concurrent.ScheduledThreadPoolExecutor$DelayedWorkQueue.take(ScheduledThreadPoolExecutor.java:809)
        at java.util.concurrent.ThreadPoolExecutor.getTask(ThreadPoolExecutor.java:1074)
        at java.util.concurrent.ThreadPoolExecutor.runWorker(ThreadPoolExecutor.java:1134)
        at java.util.concurrent.ThreadPoolExecutor$Worker.run(ThreadPoolExecutor.java:624)
        at java.lang.Thread.run(Thread.java:750)
"EventQueue-DatanodeCommandForSCMNodeManager"  prio=5 tid=503 in Object.wait()
java.lang.Thread.State: WAITING (on object monitor)
        at sun.misc.Unsafe.park(Native Method)
        at java.util.concurrent.locks.LockSupport.park(LockSupport.java:175)
        at java.util.concurrent.locks.AbstractQueuedSynchronizer$ConditionObject.await(AbstractQueuedSynchronizer.java:2039)
        at java.util.concurrent.LinkedBlockingQueue.take(LinkedBlockingQueue.java:442)
        at java.util.concurrent.ThreadPoolExecutor.getTask(ThreadPoolExecutor.java:1074)
        at java.util.concurrent.ThreadPoolExecutor.runWorker(ThreadPoolExecutor.java:1134)
        at java.util.concurrent.ThreadPoolExecutor$Worker.run(ThreadPoolExecutor.java:624)
        at java.lang.Thread.run(Thread.java:750)
"pool-240-thread-1"  prio=5 tid=652 in Object.wait()
java.lang.Thread.State: WAITING (on object monitor)
        at sun.misc.Unsafe.park(Native Method)
        at java.util.concurrent.locks.LockSupport.park(LockSupport.java:175)
        at java.util.concurrent.locks.AbstractQueuedSynchronizer$ConditionObject.await(AbstractQueuedSynchronizer.java:2039)
        at java.util.concurrent.LinkedBlockingQueue.take(LinkedBlockingQueue.java:442)
        at java.util.concurrent.ThreadPoolExecutor.getTask(ThreadPoolExecutor.java:1074)
        at java.util.concurrent.ThreadPoolExecutor.runWorker(ThreadPoolExecutor.java:1134)
        at java.util.concurrent.ThreadPoolExecutor$Worker.run(ThreadPoolExecutor.java:624)
        at java.lang.Thread.run(Thread.java:750)
"IPC Server handler 14 on default port 34787" daemon prio=5 tid=60 timed_waiting
java.lang.Thread.State: TIMED_WAITING
        at sun.misc.Unsafe.park(Native Method)
        at java.util.concurrent.locks.LockSupport.parkNanos(LockSupport.java:215)
        at java.util.concurrent.locks.AbstractQueuedSynchronizer$ConditionObject.awaitNanos(AbstractQueuedSynchronizer.java:2078)
        at java.util.concurrent.LinkedBlockingQueue.poll(LinkedBlockingQueue.java:467)
        at org.apache.hadoop.ipc.CallQueueManager.take(CallQueueManager.java:317)
        at org.apache.hadoop.ipc.Server$Handler.run(Server.java:2942)
"Command processor thread" daemon prio=5 tid=278 timed_waiting
java.lang.Thread.State: TIMED_WAITING
        at java.lang.Thread.sleep(Native Method)
        at org.apache.hadoop.ozone.container.common.statemachine.DatanodeStateMachine.lambda$initCommandHandlerThread$3(DatanodeStateMachine.java:641)
        at org.apache.hadoop.ozone.container.common.statemachine.DatanodeStateMachine$$Lambda$755/788578843.run(Unknown Source)
        at java.lang.Thread.run(Thread.java:750)
"org.apache.hadoop.util.JvmPauseMonitor$Monitor@2b5fe152" daemon prio=5 tid=408 timed_waiting
java.lang.Thread.State: TIMED_WAITING
        at java.lang.Thread.sleep(Native Method)
        at org.apache.hadoop.util.JvmPauseMonitor$Monitor.run(JvmPauseMonitor.java:192)
        at java.lang.Thread.run(Thread.java:750)
"qtp981403840-431" daemon prio=5 tid=431 runnable
java.lang.Thread.State: RUNNABLE
        at sun.nio.ch.EPollArrayWrapper.epollWait(Native Method)
        at sun.nio.ch.EPollArrayWrapper.poll(EPollArrayWrapper.java:269)
        at sun.nio.ch.EPollSelectorImpl.doSelect(EPollSelectorImpl.java:93)
        at sun.nio.ch.SelectorImpl.lockAndDoSelect(SelectorImpl.java:86)
        at sun.nio.ch.SelectorImpl.select(SelectorImpl.java:97)
        at sun.nio.ch.SelectorImpl.select(SelectorImpl.java:101)
        at org.eclipse.jetty.io.ManagedSelector.nioSelect(ManagedSelector.java:183)
        at org.eclipse.jetty.io.ManagedSelector.select(ManagedSelector.java:190)
        at org.eclipse.jetty.io.ManagedSelector$SelectorProducer.select(ManagedSelector.java:606)
        at org.eclipse.jetty.io.ManagedSelector$SelectorProducer.produce(ManagedSelector.java:543)
        at org.eclipse.jetty.util.thread.strategy.EatWhatYouKill.produceTask(EatWhatYouKill.java:362)
        at org.eclipse.jetty.util.thread.strategy.EatWhatYouKill.doProduce(EatWhatYouKill.java:186)
        at org.eclipse.jetty.util.thread.strategy.EatWhatYouKill.tryProduce(EatWhatYouKill.java:173)
        at org.eclipse.jetty.util.thread.strategy.EatWhatYouKill.produce(EatWhatYouKill.java:137)
        at org.eclipse.jetty.io.ManagedSelector$$Lambda$444/1185648203.run(Unknown Source)
        at org.eclipse.jetty.util.thread.QueuedThreadPool.runJob(QueuedThreadPool.java:883)
        at org.eclipse.jetty.util.thread.QueuedThreadPool$Runner.run(QueuedThreadPool.java:1034)
        at java.lang.Thread.run(Thread.java:750)
"2fe07876-8610-433e-a055-404555d6ad88@group-2A829352BC53->6a413ed4-87ae-4509-b51d-2f5d21600f9c-GrpcLogAppender-LogAppenderDaemon" daemon prio=5 tid=916 timed_waiting
java.lang.Thread.State: TIMED_WAITING
        at sun.misc.Unsafe.park(Native Method)
        at java.util.concurrent.locks.LockSupport.parkNanos(LockSupport.java:215)
        at java.util.concurrent.locks.AbstractQueuedSynchronizer$ConditionObject.await(AbstractQueuedSynchronizer.java:2163)
        at org.apache.ratis.util.AwaitForSignal.await(AwaitForSignal.java:62)
        at org.apache.ratis.grpc.server.GrpcLogAppender.mayWait(GrpcLogAppender.java:198)
        at org.apache.ratis.grpc.server.GrpcLogAppender.run(GrpcLogAppender.java:148)
        at org.apache.ratis.server.leader.LogAppenderDaemon.run(LogAppenderDaemon.java:78)
        at org.apache.ratis.server.leader.LogAppenderDaemon$$Lambda$1044/2014844076.run(Unknown Source)
        at java.lang.Thread.run(Thread.java:750)
"IPC Server handler 5 on default port 34787" daemon prio=5 tid=51 timed_waiting
java.lang.Thread.State: TIMED_WAITING
        at sun.misc.Unsafe.park(Native Method)
        at java.util.concurrent.locks.LockSupport.parkNanos(LockSupport.java:215)
        at java.util.concurrent.locks.AbstractQueuedSynchronizer$ConditionObject.awaitNanos(AbstractQueuedSynchronizer.java:2078)
        at java.util.concurrent.LinkedBlockingQueue.poll(LinkedBlockingQueue.java:467)
        at org.apache.hadoop.ipc.CallQueueManager.take(CallQueueManager.java:317)
        at org.apache.hadoop.ipc.Server$Handler.run(Server.java:2942)
"StaleRecoveringContainerScrubbingService#5" daemon prio=5 tid=1019 in Object.wait()
java.lang.Thread.State: WAITING (on object monitor)
        at sun.misc.Unsafe.park(Native Method)
        at java.util.concurrent.locks.LockSupport.park(LockSupport.java:175)
        at java.util.concurrent.locks.AbstractQueuedSynchronizer$ConditionObject.await(AbstractQueuedSynchronizer.java:2039)
        at java.util.concurrent.ScheduledThreadPoolExecutor$DelayedWorkQueue.take(ScheduledThreadPoolExecutor.java:1088)
        at java.util.concurrent.ScheduledThreadPoolExecutor$DelayedWorkQueue.take(ScheduledThreadPoolExecutor.java:809)
        at java.util.concurrent.ThreadPoolExecutor.getTask(ThreadPoolExecutor.java:1074)
        at java.util.concurrent.ThreadPoolExecutor.runWorker(ThreadPoolExecutor.java:1134)
        at java.util.concurrent.ThreadPoolExecutor$Worker.run(ThreadPoolExecutor.java:624)
        at java.lang.Thread.run(Thread.java:750)
"ChunkWriter-1-0" daemon prio=5 tid=507 in Object.wait()
java.lang.Thread.State: WAITING (on object monitor)
        at sun.misc.Unsafe.park(Native Method)
        at java.util.concurrent.locks.LockSupport.park(LockSupport.java:175)
        at java.util.concurrent.locks.AbstractQueuedSynchronizer$ConditionObject.await(AbstractQueuedSynchronizer.java:2039)
        at java.util.concurrent.LinkedBlockingDeque.takeFirst(LinkedBlockingDeque.java:492)
        at java.util.concurrent.LinkedBlockingDeque.take(LinkedBlockingDeque.java:680)
        at java.util.concurrent.ThreadPoolExecutor.getTask(ThreadPoolExecutor.java:1074)
        at java.util.concurrent.ThreadPoolExecutor.runWorker(ThreadPoolExecutor.java:1134)
        at java.util.concurrent.ThreadPoolExecutor$Worker.run(ThreadPoolExecutor.java:624)
        at java.lang.Thread.run(Thread.java:750)
"EventQueue-NewNodeForNewNodeHandler" daemon prio=5 tid=498 in Object.wait()
java.lang.Thread.State: WAITING (on object monitor)
        at sun.misc.Unsafe.park(Native Method)
        at java.util.concurrent.locks.LockSupport.park(LockSupport.java:175)
        at java.util.concurrent.locks.AbstractQueuedSynchronizer$ConditionObject.await(AbstractQueuedSynchronizer.java:2039)
        at java.util.concurrent.LinkedBlockingQueue.take(LinkedBlockingQueue.java:442)
        at java.util.concurrent.ThreadPoolExecutor.getTask(ThreadPoolExecutor.java:1074)
        at java.util.concurrent.ThreadPoolExecutor.runWorker(ThreadPoolExecutor.java:1134)
        at java.util.concurrent.ThreadPoolExecutor$Worker.run(ThreadPoolExecutor.java:624)
        at java.lang.Thread.run(Thread.java:750)
"qtp348292129-218" daemon prio=5 tid=218 timed_waiting
java.lang.Thread.State: TIMED_WAITING
        at sun.misc.Unsafe.park(Native Method)
        at java.util.concurrent.locks.LockSupport.parkNanos(LockSupport.java:215)
        at java.util.concurrent.locks.AbstractQueuedSynchronizer$ConditionObject.awaitNanos(AbstractQueuedSynchronizer.java:2078)
        at org.eclipse.jetty.util.BlockingArrayQueue.poll(BlockingArrayQueue.java:382)
        at org.eclipse.jetty.util.thread.QueuedThreadPool$Runner.idleJobPoll(QueuedThreadPool.java:974)
        at org.eclipse.jetty.util.thread.QueuedThreadPool$Runner.run(QueuedThreadPool.java:1018)
        at java.lang.Thread.run(Thread.java:750)
"qtp348292129-215" daemon prio=5 tid=215 timed_waiting
java.lang.Thread.State: TIMED_WAITING
        at sun.misc.Unsafe.park(Native Method)
        at java.util.concurrent.locks.LockSupport.parkNanos(LockSupport.java:215)
        at java.util.concurrent.locks.AbstractQueuedSynchronizer$ConditionObject.awaitNanos(AbstractQueuedSynchronizer.java:2078)
        at org.eclipse.jetty.util.BlockingArrayQueue.poll(BlockingArrayQueue.java:382)
        at org.eclipse.jetty.util.thread.QueuedThreadPool$Runner.idleJobPoll(QueuedThreadPool.java:974)
        at org.eclipse.jetty.util.thread.QueuedThreadPool$Runner.run(QueuedThreadPool.java:1018)
        at java.lang.Thread.run(Thread.java:750)
"EndpointStateMachine task thread for /0.0.0.0:43931 - 0 "  prio=5 tid=449 in Object.wait()
java.lang.Thread.State: WAITING (on object monitor)
        at sun.misc.Unsafe.park(Native Method)
        at java.util.concurrent.locks.LockSupport.park(LockSupport.java:175)
        at java.util.concurrent.locks.AbstractQueuedSynchronizer$ConditionObject.await(AbstractQueuedSynchronizer.java:2039)
        at java.util.concurrent.LinkedBlockingQueue.take(LinkedBlockingQueue.java:442)
        at java.util.concurrent.ThreadPoolExecutor.getTask(ThreadPoolExecutor.java:1074)
        at java.util.concurrent.ThreadPoolExecutor.runWorker(ThreadPoolExecutor.java:1134)
        at java.util.concurrent.ThreadPoolExecutor$Worker.run(ThreadPoolExecutor.java:624)
        at java.lang.Thread.run(Thread.java:750)
"307c9a4a-d135-41f7-b2cf-6e79e9d930c6@group-4CD243C2E417-SegmentedRaftLogWorker"  prio=5 tid=651 timed_waiting
java.lang.Thread.State: TIMED_WAITING
        at sun.misc.Unsafe.park(Native Method)
        at java.util.concurrent.locks.LockSupport.parkNanos(LockSupport.java:215)
        at java.util.concurrent.locks.AbstractQueuedSynchronizer$ConditionObject.awaitNanos(AbstractQueuedSynchronizer.java:2078)
        at org.apache.ratis.util.DataBlockingQueue.poll(DataBlockingQueue.java:148)
        at org.apache.ratis.server.raftlog.segmented.SegmentedRaftLogWorker.run(SegmentedRaftLogWorker.java:312)
        at org.apache.ratis.server.raftlog.segmented.SegmentedRaftLogWorker$$Lambda$667/1365285756.run(Unknown Source)
        at java.lang.Thread.run(Thread.java:750)
"ChunkWriter-2-0" daemon prio=5 tid=418 in Object.wait()
java.lang.Thread.State: WAITING (on object monitor)
        at sun.misc.Unsafe.park(Native Method)
        at java.util.concurrent.locks.LockSupport.park(LockSupport.java:175)
        at java.util.concurrent.locks.AbstractQueuedSynchronizer$ConditionObject.await(AbstractQueuedSynchronizer.java:2039)
        at java.util.concurrent.LinkedBlockingDeque.takeFirst(LinkedBlockingDeque.java:492)
        at java.util.concurrent.LinkedBlockingDeque.take(LinkedBlockingDeque.java:680)
        at java.util.concurrent.ThreadPoolExecutor.getTask(ThreadPoolExecutor.java:1074)
        at java.util.concurrent.ThreadPoolExecutor.runWorker(ThreadPoolExecutor.java:1134)
        at java.util.concurrent.ThreadPoolExecutor$Worker.run(ThreadPoolExecutor.java:624)
        at java.lang.Thread.run(Thread.java:750)
"ChunkWriter-2-0" daemon prio=5 tid=521 in Object.wait()
java.lang.Thread.State: WAITING (on object monitor)
        at sun.misc.Unsafe.park(Native Method)
        at java.util.concurrent.locks.LockSupport.park(LockSupport.java:175)
        at java.util.concurrent.locks.AbstractQueuedSynchronizer$ConditionObject.await(AbstractQueuedSynchronizer.java:2039)
        at java.util.concurrent.LinkedBlockingDeque.takeFirst(LinkedBlockingDeque.java:492)
        at java.util.concurrent.LinkedBlockingDeque.take(LinkedBlockingDeque.java:680)
        at java.util.concurrent.ThreadPoolExecutor.getTask(ThreadPoolExecutor.java:1074)
        at java.util.concurrent.ThreadPoolExecutor.runWorker(ThreadPoolExecutor.java:1134)
        at java.util.concurrent.ThreadPoolExecutor$Worker.run(ThreadPoolExecutor.java:624)
        at java.lang.Thread.run(Thread.java:750)
"592803f5-ace9-49ac-a54f-354c0e5baf2c@group-FFC8E6C97F07-SegmentedRaftLogWorker"  prio=5 tid=1053 timed_waiting
java.lang.Thread.State: TIMED_WAITING
        at sun.misc.Unsafe.park(Native Method)
        at java.util.concurrent.locks.LockSupport.parkNanos(LockSupport.java:215)
        at java.util.concurrent.locks.AbstractQueuedSynchronizer$ConditionObject.awaitNanos(AbstractQueuedSynchronizer.java:2078)
        at org.apache.ratis.util.DataBlockingQueue.poll(DataBlockingQueue.java:148)
        at org.apache.ratis.server.raftlog.segmented.SegmentedRaftLogWorker.run(SegmentedRaftLogWorker.java:312)
        at org.apache.ratis.server.raftlog.segmented.SegmentedRaftLogWorker$$Lambda$667/1365285756.run(Unknown Source)
        at java.lang.Thread.run(Thread.java:750)
"18a879af-de93-4167-9a98-f5b552aa8b4b-server-thread3" daemon prio=5 tid=891 timed_waiting
java.lang.Thread.State: TIMED_WAITING
        at sun.misc.Unsafe.park(Native Method)
        at java.util.concurrent.locks.LockSupport.parkNanos(LockSupport.java:215)
        at java.util.concurrent.SynchronousQueue$TransferStack.awaitFulfill(SynchronousQueue.java:460)
        at java.util.concurrent.SynchronousQueue$TransferStack.transfer(SynchronousQueue.java:362)
        at java.util.concurrent.SynchronousQueue.poll(SynchronousQueue.java:941)
        at java.util.concurrent.ThreadPoolExecutor.getTask(ThreadPoolExecutor.java:1073)
        at java.util.concurrent.ThreadPoolExecutor.runWorker(ThreadPoolExecutor.java:1134)
        at java.util.concurrent.ThreadPoolExecutor$Worker.run(ThreadPoolExecutor.java:624)
        at java.lang.Thread.run(Thread.java:750)
"Datanode State Machine Daemon Thread" daemon prio=5 tid=401 timed_waiting
java.lang.Thread.State: TIMED_WAITING
        at java.lang.Thread.sleep(Native Method)
        at org.apache.hadoop.ozone.container.common.statemachine.DatanodeStateMachine.startStateMachineThread(DatanodeStateMachine.java:321)
        at org.apache.hadoop.ozone.container.common.statemachine.DatanodeStateMachine.lambda$startDaemon$0(DatanodeStateMachine.java:506)
        at org.apache.hadoop.ozone.container.common.statemachine.DatanodeStateMachine$$Lambda$753/1356624790.run(Unknown Source)
        at java.lang.Thread.run(Thread.java:750)
"IPC Server handler 15 on default port 34787" daemon prio=5 tid=61 timed_waiting
java.lang.Thread.State: TIMED_WAITING
        at sun.misc.Unsafe.park(Native Method)
        at java.util.concurrent.locks.LockSupport.parkNanos(LockSupport.java:215)
        at java.util.concurrent.locks.AbstractQueuedSynchronizer$ConditionObject.awaitNanos(AbstractQueuedSynchronizer.java:2078)
        at java.util.concurrent.LinkedBlockingQueue.poll(LinkedBlockingQueue.java:467)
        at org.apache.hadoop.ipc.CallQueueManager.take(CallQueueManager.java:317)
        at org.apache.hadoop.ipc.Server$Handler.run(Server.java:2942)
"fd07e5d7-2dd9-455a-a9b9-9dae4f4be123@group-7083CF84009A-LeaderStateImpl" daemon prio=5 tid=715 timed_waiting
java.lang.Thread.State: TIMED_WAITING
        at sun.misc.Unsafe.park(Native Method)
        at java.util.concurrent.locks.LockSupport.parkNanos(LockSupport.java:215)
        at java.util.concurrent.locks.AbstractQueuedSynchronizer$ConditionObject.awaitNanos(AbstractQueuedSynchronizer.java:2078)
        at java.util.concurrent.ArrayBlockingQueue.poll(ArrayBlockingQueue.java:418)
        at org.apache.ratis.server.impl.LeaderStateImpl$EventQueue.poll(LeaderStateImpl.java:159)
        at org.apache.ratis.server.impl.LeaderStateImpl$EventProcessor.run(LeaderStateImpl.java:630)
"KeyDeletingService#0" daemon prio=5 tid=140 timed_waiting
java.lang.Thread.State: TIMED_WAITING
        at sun.misc.Unsafe.park(Native Method)
        at java.util.concurrent.locks.LockSupport.parkNanos(LockSupport.java:215)
        at java.util.concurrent.locks.AbstractQueuedSynchronizer$ConditionObject.awaitNanos(AbstractQueuedSynchronizer.java:2078)
        at java.util.concurrent.ScheduledThreadPoolExecutor$DelayedWorkQueue.take(ScheduledThreadPoolExecutor.java:1093)
        at java.util.concurrent.ScheduledThreadPoolExecutor$DelayedWorkQueue.take(ScheduledThreadPoolExecutor.java:809)
        at java.util.concurrent.ThreadPoolExecutor.getTask(ThreadPoolExecutor.java:1074)
        at java.util.concurrent.ThreadPoolExecutor.runWorker(ThreadPoolExecutor.java:1134)
        at java.util.concurrent.ThreadPoolExecutor$Worker.run(ThreadPoolExecutor.java:624)
        at java.lang.Thread.run(Thread.java:750)
"FullTableCache Cleanup Thread - 0" daemon prio=5 tid=819 in Object.wait()
java.lang.Thread.State: WAITING (on object monitor)
        at sun.misc.Unsafe.park(Native Method)
        at java.util.concurrent.locks.LockSupport.park(LockSupport.java:175)
        at java.util.concurrent.locks.AbstractQueuedSynchronizer$ConditionObject.await(AbstractQueuedSynchronizer.java:2039)
        at java.util.concurrent.LinkedBlockingQueue.take(LinkedBlockingQueue.java:442)
        at java.util.concurrent.ThreadPoolExecutor.getTask(ThreadPoolExecutor.java:1074)
        at java.util.concurrent.ThreadPoolExecutor.runWorker(ThreadPoolExecutor.java:1134)
        at java.util.concurrent.ThreadPoolExecutor$Worker.run(ThreadPoolExecutor.java:624)
        at java.lang.Thread.run(Thread.java:750)
"StaleRecoveringContainerScrubbingService#0" daemon prio=5 tid=526 in Object.wait()
java.lang.Thread.State: WAITING (on object monitor)
        at sun.misc.Unsafe.park(Native Method)
        at java.util.concurrent.locks.LockSupport.park(LockSupport.java:175)
        at java.util.concurrent.locks.AbstractQueuedSynchronizer$ConditionObject.await(AbstractQueuedSynchronizer.java:2039)
        at java.util.concurrent.ScheduledThreadPoolExecutor$DelayedWorkQueue.take(ScheduledThreadPoolExecutor.java:1088)
        at java.util.concurrent.ScheduledThreadPoolExecutor$DelayedWorkQueue.take(ScheduledThreadPoolExecutor.java:809)
        at java.util.concurrent.ThreadPoolExecutor.getTask(ThreadPoolExecutor.java:1074)
        at java.util.concurrent.ThreadPoolExecutor.runWorker(ThreadPoolExecutor.java:1134)
        at java.util.concurrent.ThreadPoolExecutor$Worker.run(ThreadPoolExecutor.java:624)
        at java.lang.Thread.run(Thread.java:750)
"RatisPipelineUtilsThread - 0"  prio=5 tid=15 timed_waiting
java.lang.Thread.State: TIMED_WAITING
        at java.lang.Object.wait(Native Method)
        at org.apache.hadoop.hdds.scm.pipeline.BackgroundPipelineCreator.run(BackgroundPipelineCreator.java:176)
        at org.apache.hadoop.hdds.scm.pipeline.BackgroundPipelineCreator$$Lambda$371/495885630.run(Unknown Source)
        at java.lang.Thread.run(Thread.java:750)
"StaleRecoveringContainerScrubbingService#7" daemon prio=5 tid=1136 in Object.wait()
java.lang.Thread.State: WAITING (on object monitor)
        at sun.misc.Unsafe.park(Native Method)
        at java.util.concurrent.locks.LockSupport.park(LockSupport.java:175)
        at java.util.concurrent.locks.AbstractQueuedSynchronizer$ConditionObject.await(AbstractQueuedSynchronizer.java:2039)
        at java.util.concurrent.ScheduledThreadPoolExecutor$DelayedWorkQueue.take(ScheduledThreadPoolExecutor.java:1088)
        at java.util.concurrent.ScheduledThreadPoolExecutor$DelayedWorkQueue.take(ScheduledThreadPoolExecutor.java:809)
        at java.util.concurrent.ThreadPoolExecutor.getTask(ThreadPoolExecutor.java:1074)
        at java.util.concurrent.ThreadPoolExecutor.runWorker(ThreadPoolExecutor.java:1134)
        at java.util.concurrent.ThreadPoolExecutor$Worker.run(ThreadPoolExecutor.java:624)
        at java.lang.Thread.run(Thread.java:750)
"qtp156947375-266" daemon prio=5 tid=266 timed_waiting
java.lang.Thread.State: TIMED_WAITING
        at sun.misc.Unsafe.park(Native Method)
        at java.util.concurrent.locks.LockSupport.parkNanos(LockSupport.java:215)
        at java.util.concurrent.locks.AbstractQueuedSynchronizer$ConditionObject.awaitNanos(AbstractQueuedSynchronizer.java:2078)
        at org.eclipse.jetty.util.BlockingArrayQueue.poll(BlockingArrayQueue.java:382)
        at org.eclipse.jetty.util.thread.QueuedThreadPool$Runner.idleJobPoll(QueuedThreadPool.java:974)
        at org.eclipse.jetty.util.thread.QueuedThreadPool$Runner.run(QueuedThreadPool.java:1018)
        at java.lang.Thread.run(Thread.java:750)
"org.apache.hadoop.util.JvmPauseMonitor$Monitor@359a2c96" daemon prio=5 tid=107 timed_waiting
java.lang.Thread.State: TIMED_WAITING
        at java.lang.Thread.sleep(Native Method)
        at org.apache.hadoop.util.JvmPauseMonitor$Monitor.run(JvmPauseMonitor.java:192)
        at java.lang.Thread.run(Thread.java:750)
"PartialTableCache Cleanup Thread - 0" daemon prio=5 tid=1124 in Object.wait()
java.lang.Thread.State: WAITING (on object monitor)
        at sun.misc.Unsafe.park(Native Method)
        at java.util.concurrent.locks.LockSupport.park(LockSupport.java:175)
        at java.util.concurrent.locks.AbstractQueuedSynchronizer$ConditionObject.await(AbstractQueuedSynchronizer.java:2039)
        at java.util.concurrent.LinkedBlockingQueue.take(LinkedBlockingQueue.java:442)
        at java.util.concurrent.ThreadPoolExecutor.getTask(ThreadPoolExecutor.java:1074)
        at java.util.concurrent.ThreadPoolExecutor.runWorker(ThreadPoolExecutor.java:1134)
        at java.util.concurrent.ThreadPoolExecutor$Worker.run(ThreadPoolExecutor.java:624)
        at java.lang.Thread.run(Thread.java:750)
"qtp156947375-267" daemon prio=5 tid=267 timed_waiting
java.lang.Thread.State: TIMED_WAITING
        at sun.misc.Unsafe.park(Native Method)
        at java.util.concurrent.locks.LockSupport.parkNanos(LockSupport.java:215)
        at java.util.concurrent.locks.AbstractQueuedSynchronizer$ConditionObject.awaitNanos(AbstractQueuedSynchronizer.java:2078)
        at org.eclipse.jetty.util.BlockingArrayQueue.poll(BlockingArrayQueue.java:382)
        at org.eclipse.jetty.util.thread.QueuedThreadPool$Runner.idleJobPoll(QueuedThreadPool.java:974)
        at org.eclipse.jetty.util.thread.QueuedThreadPool$Runner.run(QueuedThreadPool.java:1018)
        at java.lang.Thread.run(Thread.java:750)
"EventQueue-StaleNodeForStaleNodeHandler" daemon prio=5 tid=896 in Object.wait()
java.lang.Thread.State: WAITING (on object monitor)
        at sun.misc.Unsafe.park(Native Method)
        at java.util.concurrent.locks.LockSupport.park(LockSupport.java:175)
        at java.util.concurrent.locks.AbstractQueuedSynchronizer$ConditionObject.await(AbstractQueuedSynchronizer.java:2039)
        at java.util.concurrent.LinkedBlockingQueue.take(LinkedBlockingQueue.java:442)
        at java.util.concurrent.ThreadPoolExecutor.getTask(ThreadPoolExecutor.java:1074)
        at java.util.concurrent.ThreadPoolExecutor.runWorker(ThreadPoolExecutor.java:1134)
        at java.util.concurrent.ThreadPoolExecutor$Worker.run(ThreadPoolExecutor.java:624)
        at java.lang.Thread.run(Thread.java:750)
"pool-400-thread-1"  prio=5 tid=974 in Object.wait()
java.lang.Thread.State: WAITING (on object monitor)
        at sun.misc.Unsafe.park(Native Method)
        at java.util.concurrent.locks.LockSupport.park(LockSupport.java:175)
        at java.util.concurrent.locks.AbstractQueuedSynchronizer$ConditionObject.await(AbstractQueuedSynchronizer.java:2039)
        at java.util.concurrent.LinkedBlockingQueue.take(LinkedBlockingQueue.java:442)
        at java.util.concurrent.ThreadPoolExecutor.getTask(ThreadPoolExecutor.java:1074)
        at java.util.concurrent.ThreadPoolExecutor.runWorker(ThreadPoolExecutor.java:1134)
        at java.util.concurrent.ThreadPoolExecutor$Worker.run(ThreadPoolExecutor.java:624)
        at java.lang.Thread.run(Thread.java:750)
"Datanode State Machine Task Thread - 1"  prio=5 tid=517 in Object.wait()
java.lang.Thread.State: WAITING (on object monitor)
        at sun.misc.Unsafe.park(Native Method)
        at java.util.concurrent.locks.LockSupport.park(LockSupport.java:175)
        at java.util.concurrent.locks.AbstractQueuedSynchronizer$ConditionObject.await(AbstractQueuedSynchronizer.java:2039)
        at java.util.concurrent.LinkedBlockingQueue.take(LinkedBlockingQueue.java:442)
        at java.util.concurrent.ThreadPoolExecutor.getTask(ThreadPoolExecutor.java:1074)
        at java.util.concurrent.ThreadPoolExecutor.runWorker(ThreadPoolExecutor.java:1134)
        at java.util.concurrent.ThreadPoolExecutor$Worker.run(ThreadPoolExecutor.java:624)
        at java.lang.Thread.run(Thread.java:750)
"IPC Server handler 9 on default port 43931" daemon prio=5 tid=95 timed_waiting
java.lang.Thread.State: TIMED_WAITING
        at sun.misc.Unsafe.park(Native Method)
        at java.util.concurrent.locks.LockSupport.parkNanos(LockSupport.java:215)
        at java.util.concurrent.locks.AbstractQueuedSynchronizer$ConditionObject.awaitNanos(AbstractQueuedSynchronizer.java:2078)
        at java.util.concurrent.LinkedBlockingQueue.poll(LinkedBlockingQueue.java:467)
        at org.apache.hadoop.ipc.CallQueueManager.take(CallQueueManager.java:317)
        at org.apache.hadoop.ipc.Server$Handler.run(Server.java:2942)
"StaleRecoveringContainerScrubbingService#7" daemon prio=5 tid=1142 in Object.wait()
java.lang.Thread.State: WAITING (on object monitor)
        at sun.misc.Unsafe.park(Native Method)
        at java.util.concurrent.locks.LockSupport.park(LockSupport.java:175)
        at java.util.concurrent.locks.AbstractQueuedSynchronizer$ConditionObject.await(AbstractQueuedSynchronizer.java:2039)
        at java.util.concurrent.ScheduledThreadPoolExecutor$DelayedWorkQueue.take(ScheduledThreadPoolExecutor.java:1088)
        at java.util.concurrent.ScheduledThreadPoolExecutor$DelayedWorkQueue.take(ScheduledThreadPoolExecutor.java:809)
        at java.util.concurrent.ThreadPoolExecutor.getTask(ThreadPoolExecutor.java:1074)
        at java.util.concurrent.ThreadPoolExecutor.runWorker(ThreadPoolExecutor.java:1134)
        at java.util.concurrent.ThreadPoolExecutor$Worker.run(ThreadPoolExecutor.java:624)
        at java.lang.Thread.run(Thread.java:750)
"ChunkReader-0" daemon prio=5 tid=1061 in Object.wait()
java.lang.Thread.State: WAITING (on object monitor)
        at sun.misc.Unsafe.park(Native Method)
        at java.util.concurrent.locks.LockSupport.park(LockSupport.java:175)
        at java.util.concurrent.locks.AbstractQueuedSynchronizer$ConditionObject.await(AbstractQueuedSynchronizer.java:2039)
        at java.util.concurrent.LinkedBlockingQueue.take(LinkedBlockingQueue.java:442)
        at java.util.concurrent.ThreadPoolExecutor.getTask(ThreadPoolExecutor.java:1074)
        at java.util.concurrent.ThreadPoolExecutor.runWorker(ThreadPoolExecutor.java:1134)
        at java.util.concurrent.ThreadPoolExecutor$Worker.run(ThreadPoolExecutor.java:624)
        at java.lang.Thread.run(Thread.java:750)
"IPC Parameter Sending Thread #0" daemon prio=5 tid=122 timed_waiting
java.lang.Thread.State: TIMED_WAITING
        at sun.misc.Unsafe.park(Native Method)
        at java.util.concurrent.locks.LockSupport.parkNanos(LockSupport.java:215)
        at java.util.concurrent.SynchronousQueue$TransferStack.awaitFulfill(SynchronousQueue.java:460)
        at java.util.concurrent.SynchronousQueue$TransferStack.transfer(SynchronousQueue.java:362)
        at java.util.concurrent.SynchronousQueue.poll(SynchronousQueue.java:941)
        at java.util.concurrent.ThreadPoolExecutor.getTask(ThreadPoolExecutor.java:1073)
        at java.util.concurrent.ThreadPoolExecutor.runWorker(ThreadPoolExecutor.java:1134)
        at java.util.concurrent.ThreadPoolExecutor$Worker.run(ThreadPoolExecutor.java:624)
        at java.lang.Thread.run(Thread.java:750)
"qtp275359862-982" daemon prio=5 tid=982 timed_waiting
java.lang.Thread.State: TIMED_WAITING
        at sun.misc.Unsafe.park(Native Method)
        at java.util.concurrent.locks.LockSupport.parkNanos(LockSupport.java:215)
        at java.util.concurrent.locks.AbstractQueuedSynchronizer$ConditionObject.awaitNanos(AbstractQueuedSynchronizer.java:2078)
        at org.eclipse.jetty.util.BlockingArrayQueue.poll(BlockingArrayQueue.java:382)
        at org.eclipse.jetty.util.thread.QueuedThreadPool$Runner.idleJobPoll(QueuedThreadPool.java:974)
        at org.eclipse.jetty.util.thread.QueuedThreadPool$Runner.run(QueuedThreadPool.java:1018)
        at java.lang.Thread.run(Thread.java:750)
"pool-412-thread-1"  prio=5 tid=976 timed_waiting
java.lang.Thread.State: TIMED_WAITING
        at sun.misc.Unsafe.park(Native Method)
        at java.util.concurrent.locks.LockSupport.parkNanos(LockSupport.java:215)
        at java.util.concurrent.locks.AbstractQueuedSynchronizer$ConditionObject.awaitNanos(AbstractQueuedSynchronizer.java:2078)
        at java.util.concurrent.ScheduledThreadPoolExecutor$DelayedWorkQueue.take(ScheduledThreadPoolExecutor.java:1093)
        at java.util.concurrent.ScheduledThreadPoolExecutor$DelayedWorkQueue.take(ScheduledThreadPoolExecutor.java:809)
        at java.util.concurrent.ThreadPoolExecutor.getTask(ThreadPoolExecutor.java:1074)
        at java.util.concurrent.ThreadPoolExecutor.runWorker(ThreadPoolExecutor.java:1134)
        at java.util.concurrent.ThreadPoolExecutor$Worker.run(ThreadPoolExecutor.java:624)
        at java.lang.Thread.run(Thread.java:750)
"Datanode State Machine Daemon Thread" daemon prio=5 tid=246 timed_waiting
java.lang.Thread.State: TIMED_WAITING
        at java.lang.Thread.sleep(Native Method)
        at org.apache.hadoop.ozone.container.common.statemachine.DatanodeStateMachine.startStateMachineThread(DatanodeStateMachine.java:321)
        at org.apache.hadoop.ozone.container.common.statemachine.DatanodeStateMachine.lambda$startDaemon$0(DatanodeStateMachine.java:506)
        at org.apache.hadoop.ozone.container.common.statemachine.DatanodeStateMachine$$Lambda$753/1356624790.run(Unknown Source)
        at java.lang.Thread.run(Thread.java:750)
"FixedThreadPoolWithAffinityExecutor-6-0" daemon prio=5 tid=41 timed_waiting
java.lang.Thread.State: TIMED_WAITING
        at sun.misc.Unsafe.park(Native Method)
        at java.util.concurrent.locks.LockSupport.parkNanos(LockSupport.java:215)
        at java.util.concurrent.locks.AbstractQueuedSynchronizer$ConditionObject.awaitNanos(AbstractQueuedSynchronizer.java:2078)
        at java.util.concurrent.LinkedBlockingQueue.poll(LinkedBlockingQueue.java:467)
        at org.apache.hadoop.hdds.scm.server.ContainerReportQueue.poll(ContainerReportQueue.java:266)
        at org.apache.hadoop.hdds.scm.server.ContainerReportQueue.poll(ContainerReportQueue.java:42)
        at org.apache.hadoop.hdds.server.events.FixedThreadPoolWithAffinityExecutor$ContainerReportProcessTask.run(FixedThreadPoolWithAffinityExecutor.java:248)
        at java.util.concurrent.Executors$RunnableAdapter.call(Executors.java:511)
        at java.util.concurrent.FutureTask.run(FutureTask.java:266)
        at java.util.concurrent.ThreadPoolExecutor.runWorker(ThreadPoolExecutor.java:1149)
        at java.util.concurrent.ThreadPoolExecutor$Worker.run(ThreadPoolExecutor.java:624)
        at java.lang.Thread.run(Thread.java:750)
"ChunkReader-ELG-0" daemon prio=5 tid=524 runnable
java.lang.Thread.State: RUNNABLE
        at org.apache.ratis.thirdparty.io.netty.channel.epoll.Native.epollWait(Native Method)
        at org.apache.ratis.thirdparty.io.netty.channel.epoll.Native.epollWait(Native.java:209)
        at org.apache.ratis.thirdparty.io.netty.channel.epoll.Native.epollWait(Native.java:202)
        at org.apache.ratis.thirdparty.io.netty.channel.epoll.EpollEventLoop.epollWaitNoTimerChange(EpollEventLoop.java:294)
        at org.apache.ratis.thirdparty.io.netty.channel.epoll.EpollEventLoop.run(EpollEventLoop.java:351)
        at org.apache.ratis.thirdparty.io.netty.util.concurrent.SingleThreadEventExecutor$4.run(SingleThreadEventExecutor.java:995)
        at org.apache.ratis.thirdparty.io.netty.util.internal.ThreadExecutorMap$2.run(ThreadExecutorMap.java:74)
        at java.lang.Thread.run(Thread.java:750)
"ChunkWriter-1-0" daemon prio=5 tid=520 in Object.wait()
java.lang.Thread.State: WAITING (on object monitor)
        at sun.misc.Unsafe.park(Native Method)
        at java.util.concurrent.locks.LockSupport.park(LockSupport.java:175)
        at java.util.concurrent.locks.AbstractQueuedSynchronizer$ConditionObject.await(AbstractQueuedSynchronizer.java:2039)
        at java.util.concurrent.LinkedBlockingDeque.takeFirst(LinkedBlockingDeque.java:492)
        at java.util.concurrent.LinkedBlockingDeque.take(LinkedBlockingDeque.java:680)
        at java.util.concurrent.ThreadPoolExecutor.getTask(ThreadPoolExecutor.java:1074)
        at java.util.concurrent.ThreadPoolExecutor.runWorker(ThreadPoolExecutor.java:1134)
        at java.util.concurrent.ThreadPoolExecutor$Worker.run(ThreadPoolExecutor.java:624)
        at java.lang.Thread.run(Thread.java:750)
"Socket Reader #1 for port 0"  prio=5 tid=28 runnable
java.lang.Thread.State: RUNNABLE
        at sun.nio.ch.EPollArrayWrapper.epollWait(Native Method)
        at sun.nio.ch.EPollArrayWrapper.poll(EPollArrayWrapper.java:269)
        at sun.nio.ch.EPollSelectorImpl.doSelect(EPollSelectorImpl.java:93)
        at sun.nio.ch.SelectorImpl.lockAndDoSelect(SelectorImpl.java:86)
        at sun.nio.ch.SelectorImpl.select(SelectorImpl.java:97)
        at sun.nio.ch.SelectorImpl.select(SelectorImpl.java:101)
        at org.apache.hadoop.ipc.Server$Listener$Reader.doRunLoop(Server.java:1296)
        at org.apache.hadoop.ipc.Server$Listener$Reader.run(Server.java:1275)
"Datanode State Machine Daemon Thread" daemon prio=5 tid=220 timed_waiting
java.lang.Thread.State: TIMED_WAITING
        at java.lang.Thread.sleep(Native Method)
        at org.apache.hadoop.ozone.container.common.statemachine.DatanodeStateMachine.startStateMachineThread(DatanodeStateMachine.java:321)
        at org.apache.hadoop.ozone.container.common.statemachine.DatanodeStateMachine.lambda$startDaemon$0(DatanodeStateMachine.java:506)
        at org.apache.hadoop.ozone.container.common.statemachine.DatanodeStateMachine$$Lambda$753/1356624790.run(Unknown Source)
        at java.lang.Thread.run(Thread.java:750)
"Timer for 'StorageContainerManager' metrics system" daemon prio=5 tid=45 timed_waiting
java.lang.Thread.State: TIMED_WAITING
        at java.lang.Object.wait(Native Method)
        at java.util.TimerThread.mainLoop(Timer.java:552)
        at java.util.TimerThread.run(Timer.java:505)
"6a413ed4-87ae-4509-b51d-2f5d21600f9c-server-thread2" daemon prio=5 tid=921 timed_waiting
java.lang.Thread.State: TIMED_WAITING
        at sun.misc.Unsafe.park(Native Method)
        at java.util.concurrent.locks.LockSupport.parkNanos(LockSupport.java:215)
        at java.util.concurrent.SynchronousQueue$TransferStack.awaitFulfill(SynchronousQueue.java:460)
        at java.util.concurrent.SynchronousQueue$TransferStack.transfer(SynchronousQueue.java:362)
        at java.util.concurrent.SynchronousQueue.poll(SynchronousQueue.java:941)
        at java.util.concurrent.ThreadPoolExecutor.getTask(ThreadPoolExecutor.java:1073)
        at java.util.concurrent.ThreadPoolExecutor.runWorker(ThreadPoolExecutor.java:1134)
        at java.util.concurrent.ThreadPoolExecutor$Worker.run(ThreadPoolExecutor.java:624)
        at java.lang.Thread.run(Thread.java:750)
"IPC Server handler 8 on default port 39139" daemon prio=5 tid=161 timed_waiting
java.lang.Thread.State: TIMED_WAITING
        at sun.misc.Unsafe.park(Native Method)
        at java.util.concurrent.locks.LockSupport.parkNanos(LockSupport.java:215)
        at java.util.concurrent.locks.AbstractQueuedSynchronizer$ConditionObject.awaitNanos(AbstractQueuedSynchronizer.java:2078)
        at java.util.concurrent.LinkedBlockingQueue.poll(LinkedBlockingQueue.java:467)
        at org.apache.hadoop.ipc.CallQueueManager.take(CallQueueManager.java:317)
        at org.apache.hadoop.ipc.Server$Handler.run(Server.java:2942)
"IPC Server handler 0 on default port 34787" daemon prio=5 tid=46 timed_waiting
java.lang.Thread.State: TIMED_WAITING
        at sun.misc.Unsafe.park(Native Method)
        at java.util.concurrent.locks.LockSupport.parkNanos(LockSupport.java:215)
        at java.util.concurrent.locks.AbstractQueuedSynchronizer$ConditionObject.awaitNanos(AbstractQueuedSynchronizer.java:2078)
        at java.util.concurrent.LinkedBlockingQueue.poll(LinkedBlockingQueue.java:467)
        at org.apache.hadoop.ipc.CallQueueManager.take(CallQueueManager.java:317)
        at org.apache.hadoop.ipc.Server$Handler.run(Server.java:2942)
"ChunkWriter-0-0" daemon prio=5 tid=336 in Object.wait()
java.lang.Thread.State: WAITING (on object monitor)
        at sun.misc.Unsafe.park(Native Method)
        at java.util.concurrent.locks.LockSupport.park(LockSupport.java:175)
        at java.util.concurrent.locks.AbstractQueuedSynchronizer$ConditionObject.await(AbstractQueuedSynchronizer.java:2039)
        at java.util.concurrent.LinkedBlockingDeque.takeFirst(LinkedBlockingDeque.java:492)
        at java.util.concurrent.LinkedBlockingDeque.take(LinkedBlockingDeque.java:680)
        at java.util.concurrent.ThreadPoolExecutor.getTask(ThreadPoolExecutor.java:1074)
        at java.util.concurrent.ThreadPoolExecutor.runWorker(ThreadPoolExecutor.java:1134)
        at java.util.concurrent.ThreadPoolExecutor$Worker.run(ThreadPoolExecutor.java:624)
        at java.lang.Thread.run(Thread.java:750)
"StaleRecoveringContainerScrubbingService#9" daemon prio=5 tid=1156 in Object.wait()
java.lang.Thread.State: WAITING (on object monitor)
        at sun.misc.Unsafe.park(Native Method)
        at java.util.concurrent.locks.LockSupport.park(LockSupport.java:175)
        at java.util.concurrent.locks.AbstractQueuedSynchronizer$ConditionObject.await(AbstractQueuedSynchronizer.java:2039)
        at java.util.concurrent.ScheduledThreadPoolExecutor$DelayedWorkQueue.take(ScheduledThreadPoolExecutor.java:1088)
        at java.util.concurrent.ScheduledThreadPoolExecutor$DelayedWorkQueue.take(ScheduledThreadPoolExecutor.java:809)
        at java.util.concurrent.ThreadPoolExecutor.getTask(ThreadPoolExecutor.java:1074)
        at java.util.concurrent.ThreadPoolExecutor.runWorker(ThreadPoolExecutor.java:1134)
        at java.util.concurrent.ThreadPoolExecutor$Worker.run(ThreadPoolExecutor.java:624)
        at java.lang.Thread.run(Thread.java:750)
"93471f04-f84a-446a-9dbd-94f45fb64b69@group-FFC8E6C97F07-StateMachineUpdater" daemon prio=5 tid=1048 timed_waiting
java.lang.Thread.State: TIMED_WAITING
        at sun.misc.Unsafe.park(Native Method)
        at java.util.concurrent.locks.LockSupport.parkNanos(LockSupport.java:215)
        at java.util.concurrent.locks.AbstractQueuedSynchronizer$ConditionObject.await(AbstractQueuedSynchronizer.java:2163)
        at org.apache.ratis.util.AwaitForSignal.await(AwaitForSignal.java:62)
        at org.apache.ratis.server.impl.StateMachineUpdater.waitForCommit(StateMachineUpdater.java:207)
        at org.apache.ratis.server.impl.StateMachineUpdater.run(StateMachineUpdater.java:176)
        at java.lang.Thread.run(Thread.java:750)
"pool-233-thread-1" daemon prio=5 tid=381 timed_waiting
java.lang.Thread.State: TIMED_WAITING
        at sun.misc.Unsafe.park(Native Method)
        at java.util.concurrent.locks.LockSupport.parkNanos(LockSupport.java:215)
        at java.util.concurrent.locks.AbstractQueuedSynchronizer$ConditionObject.awaitNanos(AbstractQueuedSynchronizer.java:2078)
        at java.util.concurrent.ScheduledThreadPoolExecutor$DelayedWorkQueue.take(ScheduledThreadPoolExecutor.java:1093)
        at java.util.concurrent.ScheduledThreadPoolExecutor$DelayedWorkQueue.take(ScheduledThreadPoolExecutor.java:809)
        at java.util.concurrent.ThreadPoolExecutor.getTask(ThreadPoolExecutor.java:1074)
        at java.util.concurrent.ThreadPoolExecutor.runWorker(ThreadPoolExecutor.java:1134)
        at java.util.concurrent.ThreadPoolExecutor$Worker.run(ThreadPoolExecutor.java:624)
        at java.lang.Thread.run(Thread.java:750)
"ChunkWriter-2-0" daemon prio=5 tid=999 in Object.wait()
java.lang.Thread.State: WAITING (on object monitor)
        at sun.misc.Unsafe.park(Native Method)
        at java.util.concurrent.locks.LockSupport.park(LockSupport.java:175)
        at java.util.concurrent.locks.AbstractQueuedSynchronizer$ConditionObject.await(AbstractQueuedSynchronizer.java:2039)
        at java.util.concurrent.LinkedBlockingDeque.takeFirst(LinkedBlockingDeque.java:492)
        at java.util.concurrent.LinkedBlockingDeque.take(LinkedBlockingDeque.java:680)
        at java.util.concurrent.ThreadPoolExecutor.getTask(ThreadPoolExecutor.java:1074)
        at java.util.concurrent.ThreadPoolExecutor.runWorker(ThreadPoolExecutor.java:1134)
        at java.util.concurrent.ThreadPoolExecutor$Worker.run(ThreadPoolExecutor.java:624)
        at java.lang.Thread.run(Thread.java:750)
"IPC Server handler 8 on default port 34787" daemon prio=5 tid=54 timed_waiting
java.lang.Thread.State: TIMED_WAITING
        at sun.misc.Unsafe.park(Native Method)
        at java.util.concurrent.locks.LockSupport.parkNanos(LockSupport.java:215)
        at java.util.concurrent.locks.AbstractQueuedSynchronizer$ConditionObject.awaitNanos(AbstractQueuedSynchronizer.java:2078)
        at java.util.concurrent.LinkedBlockingQueue.poll(LinkedBlockingQueue.java:467)
        at org.apache.hadoop.ipc.CallQueueManager.take(CallQueueManager.java:317)
        at org.apache.hadoop.ipc.Server$Handler.run(Server.java:2942)
"ChunkWriter-3-0" daemon prio=5 tid=1000 in Object.wait()
java.lang.Thread.State: WAITING (on object monitor)
        at sun.misc.Unsafe.park(Native Method)
        at java.util.concurrent.locks.LockSupport.park(LockSupport.java:175)
        at java.util.concurrent.locks.AbstractQueuedSynchronizer$ConditionObject.await(AbstractQueuedSynchronizer.java:2039)
        at java.util.concurrent.LinkedBlockingDeque.takeFirst(LinkedBlockingDeque.java:492)
        at java.util.concurrent.LinkedBlockingDeque.take(LinkedBlockingDeque.java:680)
        at java.util.concurrent.ThreadPoolExecutor.getTask(ThreadPoolExecutor.java:1074)
        at java.util.concurrent.ThreadPoolExecutor.runWorker(ThreadPoolExecutor.java:1134)
        at java.util.concurrent.ThreadPoolExecutor$Worker.run(ThreadPoolExecutor.java:624)
        at java.lang.Thread.run(Thread.java:750)
"IPC Server handler 3 on default port 39139" daemon prio=5 tid=156 timed_waiting
java.lang.Thread.State: TIMED_WAITING
        at sun.misc.Unsafe.park(Native Method)
        at java.util.concurrent.locks.LockSupport.parkNanos(LockSupport.java:215)
        at java.util.concurrent.locks.AbstractQueuedSynchronizer$ConditionObject.awaitNanos(AbstractQueuedSynchronizer.java:2078)
        at java.util.concurrent.LinkedBlockingQueue.poll(LinkedBlockingQueue.java:467)
        at org.apache.hadoop.ipc.CallQueueManager.take(CallQueueManager.java:317)
        at org.apache.hadoop.ipc.Server$Handler.run(Server.java:2942)
"IPC Server handler 0 on default port 39139" daemon prio=5 tid=153 timed_waiting
java.lang.Thread.State: TIMED_WAITING
        at sun.misc.Unsafe.park(Native Method)
        at java.util.concurrent.locks.LockSupport.parkNanos(LockSupport.java:215)
        at java.util.concurrent.locks.AbstractQueuedSynchronizer$ConditionObject.awaitNanos(AbstractQueuedSynchronizer.java:2078)
        at java.util.concurrent.LinkedBlockingQueue.poll(LinkedBlockingQueue.java:467)
        at org.apache.hadoop.ipc.CallQueueManager.take(CallQueueManager.java:317)
        at org.apache.hadoop.ipc.Server$Handler.run(Server.java:2942)
"307c9a4a-d135-41f7-b2cf-6e79e9d930c6@group-4CD243C2E417-LeaderStateImpl" daemon prio=5 tid=746 timed_waiting
java.lang.Thread.State: TIMED_WAITING
        at sun.misc.Unsafe.park(Native Method)
        at java.util.concurrent.locks.LockSupport.parkNanos(LockSupport.java:215)
        at java.util.concurrent.locks.AbstractQueuedSynchronizer$ConditionObject.awaitNanos(AbstractQueuedSynchronizer.java:2078)
        at java.util.concurrent.ArrayBlockingQueue.poll(ArrayBlockingQueue.java:418)
        at org.apache.ratis.server.impl.LeaderStateImpl$EventQueue.poll(LeaderStateImpl.java:159)
        at org.apache.ratis.server.impl.LeaderStateImpl$EventProcessor.run(LeaderStateImpl.java:630)
"timer4" daemon prio=5 tid=784 timed_waiting
java.lang.Thread.State: TIMED_WAITING
        at java.lang.Object.wait(Native Method)
        at java.util.TimerThread.mainLoop(Timer.java:552)
        at java.util.TimerThread.run(Timer.java:505)
"a57ee2ea-c69c-41b1-9f64-f7c5b74e8646-server-thread3" daemon prio=5 tid=786 timed_waiting
java.lang.Thread.State: TIMED_WAITING
        at sun.misc.Unsafe.park(Native Method)
        at java.util.concurrent.locks.LockSupport.parkNanos(LockSupport.java:215)
        at java.util.concurrent.SynchronousQueue$TransferStack.awaitFulfill(SynchronousQueue.java:460)
        at java.util.concurrent.SynchronousQueue$TransferStack.transfer(SynchronousQueue.java:362)
        at java.util.concurrent.SynchronousQueue.poll(SynchronousQueue.java:941)
        at java.util.concurrent.ThreadPoolExecutor.getTask(ThreadPoolExecutor.java:1073)
        at java.util.concurrent.ThreadPoolExecutor.runWorker(ThreadPoolExecutor.java:1134)
        at java.util.concurrent.ThreadPoolExecutor$Worker.run(ThreadPoolExecutor.java:624)
        at java.lang.Thread.run(Thread.java:750)
"grpc-default-executor-4" daemon prio=5 tid=796 timed_waiting
java.lang.Thread.State: TIMED_WAITING
        at sun.misc.Unsafe.park(Native Method)
        at java.util.concurrent.locks.LockSupport.parkNanos(LockSupport.java:215)
        at java.util.concurrent.SynchronousQueue$TransferStack.awaitFulfill(SynchronousQueue.java:460)
        at java.util.concurrent.SynchronousQueue$TransferStack.transfer(SynchronousQueue.java:362)
        at java.util.concurrent.SynchronousQueue.poll(SynchronousQueue.java:941)
        at java.util.concurrent.ThreadPoolExecutor.getTask(ThreadPoolExecutor.java:1073)
        at java.util.concurrent.ThreadPoolExecutor.runWorker(ThreadPoolExecutor.java:1134)
        at java.util.concurrent.ThreadPoolExecutor$Worker.run(ThreadPoolExecutor.java:624)
        at java.lang.Thread.run(Thread.java:750)
"Datanode ReportManager Thread - 2" daemon prio=5 tid=368 in Object.wait()
java.lang.Thread.State: WAITING (on object monitor)
        at sun.misc.Unsafe.park(Native Method)
        at java.util.concurrent.locks.LockSupport.park(LockSupport.java:175)
        at java.util.concurrent.locks.AbstractQueuedSynchronizer$ConditionObject.await(AbstractQueuedSynchronizer.java:2039)
        at java.util.concurrent.ScheduledThreadPoolExecutor$DelayedWorkQueue.take(ScheduledThreadPoolExecutor.java:1088)
        at java.util.concurrent.ScheduledThreadPoolExecutor$DelayedWorkQueue.take(ScheduledThreadPoolExecutor.java:809)
        at java.util.concurrent.ThreadPoolExecutor.getTask(ThreadPoolExecutor.java:1074)
        at java.util.concurrent.ThreadPoolExecutor.runWorker(ThreadPoolExecutor.java:1134)
        at java.util.concurrent.ThreadPoolExecutor$Worker.run(ThreadPoolExecutor.java:624)
        at java.lang.Thread.run(Thread.java:750)
"Datanode State Machine Task Thread - 0"  prio=5 tid=254 in Object.wait()
java.lang.Thread.State: WAITING (on object monitor)
        at sun.misc.Unsafe.park(Native Method)
        at java.util.concurrent.locks.LockSupport.park(LockSupport.java:175)
        at java.util.concurrent.locks.AbstractQueuedSynchronizer$ConditionObject.await(AbstractQueuedSynchronizer.java:2039)
        at java.util.concurrent.LinkedBlockingQueue.take(LinkedBlockingQueue.java:442)
        at java.util.concurrent.ThreadPoolExecutor.getTask(ThreadPoolExecutor.java:1074)
        at java.util.concurrent.ThreadPoolExecutor.runWorker(ThreadPoolExecutor.java:1134)
        at java.util.concurrent.ThreadPoolExecutor$Worker.run(ThreadPoolExecutor.java:624)
        at java.lang.Thread.run(Thread.java:750)
"qtp388797014-238-acceptor-0@709c3952-ServerConnector@9f36eeb{HTTP/1.1, (http/1.1)}{0.0.0.0:37887}" daemon prio=3 tid=238 runnable
java.lang.Thread.State: RUNNABLE
        at sun.nio.ch.ServerSocketChannelImpl.accept0(Native Method)
        at sun.nio.ch.ServerSocketChannelImpl.accept(ServerSocketChannelImpl.java:421)
        at sun.nio.ch.ServerSocketChannelImpl.accept(ServerSocketChannelImpl.java:249)
        at org.eclipse.jetty.server.ServerConnector.accept(ServerConnector.java:388)
        at org.eclipse.jetty.server.AbstractConnector$Acceptor.run(AbstractConnector.java:704)
        at org.eclipse.jetty.util.thread.QueuedThreadPool.runJob(QueuedThreadPool.java:883)
        at org.eclipse.jetty.util.thread.QueuedThreadPool$Runner.run(QueuedThreadPool.java:1034)
        at java.lang.Thread.run(Thread.java:750)
"ChunkReader-ELG-0" daemon prio=5 tid=421 runnable
java.lang.Thread.State: RUNNABLE
        at org.apache.ratis.thirdparty.io.netty.channel.epoll.Native.epollWait(Native Method)
        at org.apache.ratis.thirdparty.io.netty.channel.epoll.Native.epollWait(Native.java:209)
        at org.apache.ratis.thirdparty.io.netty.channel.epoll.Native.epollWait(Native.java:202)
        at org.apache.ratis.thirdparty.io.netty.channel.epoll.EpollEventLoop.epollWaitNoTimerChange(EpollEventLoop.java:294)
        at org.apache.ratis.thirdparty.io.netty.channel.epoll.EpollEventLoop.run(EpollEventLoop.java:351)
        at org.apache.ratis.thirdparty.io.netty.util.concurrent.SingleThreadEventExecutor$4.run(SingleThreadEventExecutor.java:995)
        at org.apache.ratis.thirdparty.io.netty.util.internal.ThreadExecutorMap$2.run(ThreadExecutorMap.java:74)
        at java.lang.Thread.run(Thread.java:750)
"IPC Server handler 6 on default port 39139" daemon prio=5 tid=159 timed_waiting
java.lang.Thread.State: TIMED_WAITING
        at sun.misc.Unsafe.park(Native Method)
        at java.util.concurrent.locks.LockSupport.parkNanos(LockSupport.java:215)
        at java.util.concurrent.locks.AbstractQueuedSynchronizer$ConditionObject.awaitNanos(AbstractQueuedSynchronizer.java:2078)
        at java.util.concurrent.LinkedBlockingQueue.poll(LinkedBlockingQueue.java:467)
        at org.apache.hadoop.ipc.CallQueueManager.take(CallQueueManager.java:317)
        at org.apache.hadoop.ipc.Server$Handler.run(Server.java:2942)
"StaleRecoveringContainerScrubbingService#3" daemon prio=5 tid=894 in Object.wait()
java.lang.Thread.State: WAITING (on object monitor)
        at sun.misc.Unsafe.park(Native Method)
        at java.util.concurrent.locks.LockSupport.park(LockSupport.java:175)
        at java.util.concurrent.locks.AbstractQueuedSynchronizer$ConditionObject.await(AbstractQueuedSynchronizer.java:2039)
        at java.util.concurrent.ScheduledThreadPoolExecutor$DelayedWorkQueue.take(ScheduledThreadPoolExecutor.java:1088)
        at java.util.concurrent.ScheduledThreadPoolExecutor$DelayedWorkQueue.take(ScheduledThreadPoolExecutor.java:809)
        at java.util.concurrent.ThreadPoolExecutor.getTask(ThreadPoolExecutor.java:1074)
        at java.util.concurrent.ThreadPoolExecutor.runWorker(ThreadPoolExecutor.java:1134)
        at java.util.concurrent.ThreadPoolExecutor$Worker.run(ThreadPoolExecutor.java:624)
        at java.lang.Thread.run(Thread.java:750)
"Datanode State Machine Task Thread - 1"  prio=5 tid=529 in Object.wait()
java.lang.Thread.State: WAITING (on object monitor)
        at sun.misc.Unsafe.park(Native Method)
        at java.util.concurrent.locks.LockSupport.park(LockSupport.java:175)
        at java.util.concurrent.locks.AbstractQueuedSynchronizer$ConditionObject.await(AbstractQueuedSynchronizer.java:2039)
        at java.util.concurrent.LinkedBlockingQueue.take(LinkedBlockingQueue.java:442)
        at java.util.concurrent.ThreadPoolExecutor.getTask(ThreadPoolExecutor.java:1074)
        at java.util.concurrent.ThreadPoolExecutor.runWorker(ThreadPoolExecutor.java:1134)
        at java.util.concurrent.ThreadPoolExecutor$Worker.run(ThreadPoolExecutor.java:624)
        at java.lang.Thread.run(Thread.java:750)
"ChunkWriter-0-0" daemon prio=5 tid=506 in Object.wait()
java.lang.Thread.State: WAITING (on object monitor)
        at sun.misc.Unsafe.park(Native Method)
        at java.util.concurrent.locks.LockSupport.park(LockSupport.java:175)
        at java.util.concurrent.locks.AbstractQueuedSynchronizer$ConditionObject.await(AbstractQueuedSynchronizer.java:2039)
        at java.util.concurrent.LinkedBlockingDeque.takeFirst(LinkedBlockingDeque.java:492)
        at java.util.concurrent.LinkedBlockingDeque.take(LinkedBlockingDeque.java:680)
        at java.util.concurrent.ThreadPoolExecutor.getTask(ThreadPoolExecutor.java:1074)
        at java.util.concurrent.ThreadPoolExecutor.runWorker(ThreadPoolExecutor.java:1134)
        at java.util.concurrent.ThreadPoolExecutor$Worker.run(ThreadPoolExecutor.java:624)
        at java.lang.Thread.run(Thread.java:750)
"org.apache.hadoop.ozone.container.common.statemachine.commandhandler.DeleteBlocksCommandHandler$DeleteCmdWorker@4098b2ec" daemon prio=5 tid=428 timed_waiting
java.lang.Thread.State: TIMED_WAITING
        at java.lang.Thread.sleep(Native Method)
        at org.apache.hadoop.ozone.container.common.statemachine.commandhandler.DeleteBlocksCommandHandler$DeleteCmdWorker.run(DeleteBlocksCommandHandler.java:184)
        at java.lang.Thread.run(Thread.java:750)
"93471f04-f84a-446a-9dbd-94f45fb64b69-server-thread2" daemon prio=5 tid=1112 timed_waiting
java.lang.Thread.State: TIMED_WAITING
        at sun.misc.Unsafe.park(Native Method)
        at java.util.concurrent.locks.LockSupport.parkNanos(LockSupport.java:215)
        at java.util.concurrent.SynchronousQueue$TransferStack.awaitFulfill(SynchronousQueue.java:460)
        at java.util.concurrent.SynchronousQueue$TransferStack.transfer(SynchronousQueue.java:362)
        at java.util.concurrent.SynchronousQueue.poll(SynchronousQueue.java:941)
        at java.util.concurrent.ThreadPoolExecutor.getTask(ThreadPoolExecutor.java:1073)
        at java.util.concurrent.ThreadPoolExecutor.runWorker(ThreadPoolExecutor.java:1134)
        at java.util.concurrent.ThreadPoolExecutor$Worker.run(ThreadPoolExecutor.java:624)
        at java.lang.Thread.run(Thread.java:750)
"StaleRecoveringContainerScrubbingService#2" daemon prio=5 tid=707 timed_waiting
java.lang.Thread.State: TIMED_WAITING
        at sun.misc.Unsafe.park(Native Method)
        at java.util.concurrent.locks.LockSupport.parkNanos(LockSupport.java:215)
        at java.util.concurrent.locks.AbstractQueuedSynchronizer$ConditionObject.awaitNanos(AbstractQueuedSynchronizer.java:2078)
        at java.util.concurrent.ScheduledThreadPoolExecutor$DelayedWorkQueue.take(ScheduledThreadPoolExecutor.java:1093)
        at java.util.concurrent.ScheduledThreadPoolExecutor$DelayedWorkQueue.take(ScheduledThreadPoolExecutor.java:809)
        at java.util.concurrent.ThreadPoolExecutor.getTask(ThreadPoolExecutor.java:1074)
        at java.util.concurrent.ThreadPoolExecutor.runWorker(ThreadPoolExecutor.java:1134)
        at java.util.concurrent.ThreadPoolExecutor$Worker.run(ThreadPoolExecutor.java:624)
        at java.lang.Thread.run(Thread.java:750)
"BlockDeletingService#3" daemon prio=5 tid=1166 in Object.wait()
java.lang.Thread.State: WAITING (on object monitor)
        at sun.misc.Unsafe.park(Native Method)
        at java.util.concurrent.locks.LockSupport.park(LockSupport.java:175)
        at java.util.concurrent.locks.AbstractQueuedSynchronizer$ConditionObject.await(AbstractQueuedSynchronizer.java:2039)
        at java.util.concurrent.ScheduledThreadPoolExecutor$DelayedWorkQueue.take(ScheduledThreadPoolExecutor.java:1088)
        at java.util.concurrent.ScheduledThreadPoolExecutor$DelayedWorkQueue.take(ScheduledThreadPoolExecutor.java:809)
        at java.util.concurrent.ThreadPoolExecutor.getTask(ThreadPoolExecutor.java:1074)
        at java.util.concurrent.ThreadPoolExecutor.runWorker(ThreadPoolExecutor.java:1134)
        at java.util.concurrent.ThreadPoolExecutor$Worker.run(ThreadPoolExecutor.java:624)
        at java.lang.Thread.run(Thread.java:750)
"StaleRecoveringContainerScrubbingService#4" daemon prio=5 tid=936 in Object.wait()
java.lang.Thread.State: WAITING (on object monitor)
        at sun.misc.Unsafe.park(Native Method)
        at java.util.concurrent.locks.LockSupport.park(LockSupport.java:175)
        at java.util.concurrent.locks.AbstractQueuedSynchronizer$ConditionObject.await(AbstractQueuedSynchronizer.java:2039)
        at java.util.concurrent.ScheduledThreadPoolExecutor$DelayedWorkQueue.take(ScheduledThreadPoolExecutor.java:1088)
        at java.util.concurrent.ScheduledThreadPoolExecutor$DelayedWorkQueue.take(ScheduledThreadPoolExecutor.java:809)
        at java.util.concurrent.ThreadPoolExecutor.getTask(ThreadPoolExecutor.java:1074)
        at java.util.concurrent.ThreadPoolExecutor.runWorker(ThreadPoolExecutor.java:1134)
        at java.util.concurrent.ThreadPoolExecutor$Worker.run(ThreadPoolExecutor.java:624)
        at java.lang.Thread.run(Thread.java:750)
"qtp348292129-217" daemon prio=5 tid=217 timed_waiting
java.lang.Thread.State: TIMED_WAITING
        at sun.misc.Unsafe.park(Native Method)
        at java.util.concurrent.locks.LockSupport.parkNanos(LockSupport.java:215)
        at java.util.concurrent.locks.AbstractQueuedSynchronizer$ConditionObject.awaitNanos(AbstractQueuedSynchronizer.java:2078)
        at org.eclipse.jetty.util.BlockingArrayQueue.poll(BlockingArrayQueue.java:382)
        at org.eclipse.jetty.util.thread.QueuedThreadPool$Runner.idleJobPoll(QueuedThreadPool.java:974)
        at org.eclipse.jetty.util.thread.QueuedThreadPool$Runner.run(QueuedThreadPool.java:1018)
        at java.lang.Thread.run(Thread.java:750)
"IPC Server listener on 0" daemon prio=5 tid=31 runnable
java.lang.Thread.State: RUNNABLE
        at sun.nio.ch.EPollArrayWrapper.epollWait(Native Method)
        at sun.nio.ch.EPollArrayWrapper.poll(EPollArrayWrapper.java:269)
        at sun.nio.ch.EPollSelectorImpl.doSelect(EPollSelectorImpl.java:93)
        at sun.nio.ch.SelectorImpl.lockAndDoSelect(SelectorImpl.java:86)
        at sun.nio.ch.SelectorImpl.select(SelectorImpl.java:97)
        at sun.nio.ch.SelectorImpl.select(SelectorImpl.java:101)
        at org.apache.hadoop.ipc.Server$Listener.run(Server.java:1358)
"qtp829190748-317" daemon prio=5 tid=317 timed_waiting
java.lang.Thread.State: TIMED_WAITING
        at sun.misc.Unsafe.park(Native Method)
        at java.util.concurrent.locks.LockSupport.parkNanos(LockSupport.java:215)
        at java.util.concurrent.locks.AbstractQueuedSynchronizer$ConditionObject.awaitNanos(AbstractQueuedSynchronizer.java:2078)
        at org.eclipse.jetty.util.BlockingArrayQueue.poll(BlockingArrayQueue.java:382)
        at org.eclipse.jetty.util.thread.QueuedThreadPool$Runner.idleJobPoll(QueuedThreadPool.java:974)
        at org.eclipse.jetty.util.thread.QueuedThreadPool$Runner.run(QueuedThreadPool.java:1018)
        at java.lang.Thread.run(Thread.java:750)
"2fe07876-8610-433e-a055-404555d6ad88@group-A427007BFDCD-StateMachineUpdater" daemon prio=5 tid=687 timed_waiting
java.lang.Thread.State: TIMED_WAITING
        at sun.misc.Unsafe.park(Native Method)
        at java.util.concurrent.locks.LockSupport.parkNanos(LockSupport.java:215)
        at java.util.concurrent.locks.AbstractQueuedSynchronizer$ConditionObject.await(AbstractQueuedSynchronizer.java:2163)
        at org.apache.ratis.util.AwaitForSignal.await(AwaitForSignal.java:62)
        at org.apache.ratis.server.impl.StateMachineUpdater.waitForCommit(StateMachineUpdater.java:207)
        at org.apache.ratis.server.impl.StateMachineUpdater.run(StateMachineUpdater.java:176)
        at java.lang.Thread.run(Thread.java:750)
"pool-71-thread-1"  prio=5 tid=566 in Object.wait()
java.lang.Thread.State: WAITING (on object monitor)
        at sun.misc.Unsafe.park(Native Method)
        at java.util.concurrent.locks.LockSupport.park(LockSupport.java:175)
        at java.util.concurrent.locks.AbstractQueuedSynchronizer$ConditionObject.await(AbstractQueuedSynchronizer.java:2039)
        at java.util.concurrent.LinkedBlockingQueue.take(LinkedBlockingQueue.java:442)
        at java.util.concurrent.ThreadPoolExecutor.getTask(ThreadPoolExecutor.java:1074)
        at java.util.concurrent.ThreadPoolExecutor.runWorker(ThreadPoolExecutor.java:1134)
        at java.util.concurrent.ThreadPoolExecutor$Worker.run(ThreadPoolExecutor.java:624)
        at java.lang.Thread.run(Thread.java:750)
"ChunkReader-7" daemon prio=5 tid=1077 in Object.wait()
java.lang.Thread.State: WAITING (on object monitor)
        at sun.misc.Unsafe.park(Native Method)
        at java.util.concurrent.locks.LockSupport.park(LockSupport.java:175)
        at java.util.concurrent.locks.AbstractQueuedSynchronizer$ConditionObject.await(AbstractQueuedSynchronizer.java:2039)
        at java.util.concurrent.LinkedBlockingQueue.take(LinkedBlockingQueue.java:442)
        at java.util.concurrent.ThreadPoolExecutor.getTask(ThreadPoolExecutor.java:1074)
        at java.util.concurrent.ThreadPoolExecutor.runWorker(ThreadPoolExecutor.java:1134)
        at java.util.concurrent.ThreadPoolExecutor$Worker.run(ThreadPoolExecutor.java:624)
        at java.lang.Thread.run(Thread.java:750)
"pool-222-thread-1"  prio=5 tid=353 timed_waiting
java.lang.Thread.State: TIMED_WAITING
        at sun.misc.Unsafe.park(Native Method)
        at java.util.concurrent.locks.LockSupport.parkNanos(LockSupport.java:215)
        at java.util.concurrent.locks.AbstractQueuedSynchronizer$ConditionObject.awaitNanos(AbstractQueuedSynchronizer.java:2078)
        at java.util.concurrent.ScheduledThreadPoolExecutor$DelayedWorkQueue.take(ScheduledThreadPoolExecutor.java:1093)
        at java.util.concurrent.ScheduledThreadPoolExecutor$DelayedWorkQueue.take(ScheduledThreadPoolExecutor.java:809)
        at java.util.concurrent.ThreadPoolExecutor.getTask(ThreadPoolExecutor.java:1074)
        at java.util.concurrent.ThreadPoolExecutor.runWorker(ThreadPoolExecutor.java:1134)
        at java.util.concurrent.ThreadPoolExecutor$Worker.run(ThreadPoolExecutor.java:624)
        at java.lang.Thread.run(Thread.java:750)
"Periodic HDDS volume checker" daemon prio=5 tid=256 timed_waiting
java.lang.Thread.State: TIMED_WAITING
        at sun.misc.Unsafe.park(Native Method)
        at java.util.concurrent.locks.LockSupport.parkNanos(LockSupport.java:215)
        at java.util.concurrent.locks.AbstractQueuedSynchronizer$ConditionObject.awaitNanos(AbstractQueuedSynchronizer.java:2078)
        at java.util.concurrent.ScheduledThreadPoolExecutor$DelayedWorkQueue.take(ScheduledThreadPoolExecutor.java:1093)
        at java.util.concurrent.ScheduledThreadPoolExecutor$DelayedWorkQueue.take(ScheduledThreadPoolExecutor.java:809)
        at java.util.concurrent.ThreadPoolExecutor.getTask(ThreadPoolExecutor.java:1074)
        at java.util.concurrent.ThreadPoolExecutor.runWorker(ThreadPoolExecutor.java:1134)
        at java.util.concurrent.ThreadPoolExecutor$Worker.run(ThreadPoolExecutor.java:624)
        at java.lang.Thread.run(Thread.java:750)
"2fe07876-8610-433e-a055-404555d6ad88@group-B9F234375034-FollowerState" daemon prio=5 tid=832 timed_waiting
java.lang.Thread.State: TIMED_WAITING
        at java.lang.Thread.sleep(Native Method)
        at java.lang.Thread.sleep(Thread.java:342)
        at java.util.concurrent.TimeUnit.sleep(TimeUnit.java:386)
        at org.apache.ratis.util.TimeDuration.sleep(TimeDuration.java:325)
        at org.apache.ratis.util.TimeDuration.sleep(TimeDuration.java:310)
        at org.apache.ratis.server.impl.FollowerState.run(FollowerState.java:128)
"IPC Server handler 12 on default port 34787" daemon prio=5 tid=58 timed_waiting
java.lang.Thread.State: TIMED_WAITING
        at sun.misc.Unsafe.park(Native Method)
        at java.util.concurrent.locks.LockSupport.parkNanos(LockSupport.java:215)
        at java.util.concurrent.locks.AbstractQueuedSynchronizer$ConditionObject.awaitNanos(AbstractQueuedSynchronizer.java:2078)
        at java.util.concurrent.LinkedBlockingQueue.poll(LinkedBlockingQueue.java:467)
        at org.apache.hadoop.ipc.CallQueueManager.take(CallQueueManager.java:317)
        at org.apache.hadoop.ipc.Server$Handler.run(Server.java:2942)
"Command processor thread" daemon prio=5 tid=371 timed_waiting
java.lang.Thread.State: TIMED_WAITING
        at java.lang.Thread.sleep(Native Method)
        at org.apache.hadoop.ozone.container.common.statemachine.DatanodeStateMachine.lambda$initCommandHandlerThread$3(DatanodeStateMachine.java:641)
        at org.apache.hadoop.ozone.container.common.statemachine.DatanodeStateMachine$$Lambda$755/788578843.run(Unknown Source)
        at java.lang.Thread.run(Thread.java:750)
"FixedThreadPoolWithAffinityExecutor-7-0" daemon prio=5 tid=42 timed_waiting
java.lang.Thread.State: TIMED_WAITING
        at sun.misc.Unsafe.park(Native Method)
        at java.util.concurrent.locks.LockSupport.parkNanos(LockSupport.java:215)
        at java.util.concurrent.locks.AbstractQueuedSynchronizer$ConditionObject.awaitNanos(AbstractQueuedSynchronizer.java:2078)
        at java.util.concurrent.LinkedBlockingQueue.poll(LinkedBlockingQueue.java:467)
        at org.apache.hadoop.hdds.scm.server.ContainerReportQueue.poll(ContainerReportQueue.java:266)
        at org.apache.hadoop.hdds.scm.server.ContainerReportQueue.poll(ContainerReportQueue.java:42)
        at org.apache.hadoop.hdds.server.events.FixedThreadPoolWithAffinityExecutor$ContainerReportProcessTask.run(FixedThreadPoolWithAffinityExecutor.java:248)
        at java.util.concurrent.Executors$RunnableAdapter.call(Executors.java:511)
        at java.util.concurrent.FutureTask.run(FutureTask.java:266)
        at java.util.concurrent.ThreadPoolExecutor.runWorker(ThreadPoolExecutor.java:1149)
        at java.util.concurrent.ThreadPoolExecutor$Worker.run(ThreadPoolExecutor.java:624)
        at java.lang.Thread.run(Thread.java:750)
"IPC Server handler 11 on default port 38215" daemon prio=5 tid=77 timed_waiting
java.lang.Thread.State: TIMED_WAITING
        at sun.misc.Unsafe.park(Native Method)
        at java.util.concurrent.locks.LockSupport.parkNanos(LockSupport.java:215)
        at java.util.concurrent.locks.AbstractQueuedSynchronizer$ConditionObject.awaitNanos(AbstractQueuedSynchronizer.java:2078)
        at java.util.concurrent.LinkedBlockingQueue.poll(LinkedBlockingQueue.java:467)
        at org.apache.hadoop.ipc.CallQueueManager.take(CallQueueManager.java:317)
        at org.apache.hadoop.ipc.Server$Handler.run(Server.java:2942)
"StaleRecoveringContainerScrubbingService#3" daemon prio=5 tid=909 in Object.wait()
java.lang.Thread.State: WAITING (on object monitor)
        at sun.misc.Unsafe.park(Native Method)
        at java.util.concurrent.locks.LockSupport.park(LockSupport.java:175)
        at java.util.concurrent.locks.AbstractQueuedSynchronizer$ConditionObject.await(AbstractQueuedSynchronizer.java:2039)
        at java.util.concurrent.ScheduledThreadPoolExecutor$DelayedWorkQueue.take(ScheduledThreadPoolExecutor.java:1088)
        at java.util.concurrent.ScheduledThreadPoolExecutor$DelayedWorkQueue.take(ScheduledThreadPoolExecutor.java:809)
        at java.util.concurrent.ThreadPoolExecutor.getTask(ThreadPoolExecutor.java:1074)
        at java.util.concurrent.ThreadPoolExecutor.runWorker(ThreadPoolExecutor.java:1134)
        at java.util.concurrent.ThreadPoolExecutor$Worker.run(ThreadPoolExecutor.java:624)
        at java.lang.Thread.run(Thread.java:750)
"BlockDeletingService#3" daemon prio=5 tid=1169 in Object.wait()
java.lang.Thread.State: WAITING (on object monitor)
        at sun.misc.Unsafe.park(Native Method)
        at java.util.concurrent.locks.LockSupport.park(LockSupport.java:175)
        at java.util.concurrent.locks.AbstractQueuedSynchronizer$ConditionObject.await(AbstractQueuedSynchronizer.java:2039)
        at java.util.concurrent.ScheduledThreadPoolExecutor$DelayedWorkQueue.take(ScheduledThreadPoolExecutor.java:1088)
        at java.util.concurrent.ScheduledThreadPoolExecutor$DelayedWorkQueue.take(ScheduledThreadPoolExecutor.java:809)
        at java.util.concurrent.ThreadPoolExecutor.getTask(ThreadPoolExecutor.java:1074)
        at java.util.concurrent.ThreadPoolExecutor.runWorker(ThreadPoolExecutor.java:1134)
        at java.util.concurrent.ThreadPoolExecutor$Worker.run(ThreadPoolExecutor.java:624)
        at java.lang.Thread.run(Thread.java:750)
"StaleRecoveringContainerScrubbingService#9" daemon prio=5 tid=1155 in Object.wait()
java.lang.Thread.State: WAITING (on object monitor)
        at sun.misc.Unsafe.park(Native Method)
        at java.util.concurrent.locks.LockSupport.park(LockSupport.java:175)
        at java.util.concurrent.locks.AbstractQueuedSynchronizer$ConditionObject.await(AbstractQueuedSynchronizer.java:2039)
        at java.util.concurrent.ScheduledThreadPoolExecutor$DelayedWorkQueue.take(ScheduledThreadPoolExecutor.java:1088)
        at java.util.concurrent.ScheduledThreadPoolExecutor$DelayedWorkQueue.take(ScheduledThreadPoolExecutor.java:809)
        at java.util.concurrent.ThreadPoolExecutor.getTask(ThreadPoolExecutor.java:1074)
        at java.util.concurrent.ThreadPoolExecutor.runWorker(ThreadPoolExecutor.java:1134)
        at java.util.concurrent.ThreadPoolExecutor$Worker.run(ThreadPoolExecutor.java:624)
        at java.lang.Thread.run(Thread.java:750)
"IPC Server handler 2 on default port 38215" daemon prio=5 tid=68 timed_waiting
java.lang.Thread.State: TIMED_WAITING
        at sun.misc.Unsafe.park(Native Method)
        at java.util.concurrent.locks.LockSupport.parkNanos(LockSupport.java:215)
        at java.util.concurrent.locks.AbstractQueuedSynchronizer$ConditionObject.awaitNanos(AbstractQueuedSynchronizer.java:2078)
        at java.util.concurrent.LinkedBlockingQueue.poll(LinkedBlockingQueue.java:467)
        at org.apache.hadoop.ipc.CallQueueManager.take(CallQueueManager.java:317)
        at org.apache.hadoop.ipc.Server$Handler.run(Server.java:2942)
"ChunkWriter-0-0" daemon prio=5 tid=374 in Object.wait()
java.lang.Thread.State: WAITING (on object monitor)
        at sun.misc.Unsafe.park(Native Method)
        at java.util.concurrent.locks.LockSupport.park(LockSupport.java:175)
        at java.util.concurrent.locks.AbstractQueuedSynchronizer$ConditionObject.await(AbstractQueuedSynchronizer.java:2039)
        at java.util.concurrent.LinkedBlockingDeque.takeFirst(LinkedBlockingDeque.java:492)
        at java.util.concurrent.LinkedBlockingDeque.take(LinkedBlockingDeque.java:680)
        at java.util.concurrent.ThreadPoolExecutor.getTask(ThreadPoolExecutor.java:1074)
        at java.util.concurrent.ThreadPoolExecutor.runWorker(ThreadPoolExecutor.java:1134)
        at java.util.concurrent.ThreadPoolExecutor$Worker.run(ThreadPoolExecutor.java:624)
        at java.lang.Thread.run(Thread.java:750)
"Periodic HDDS volume checker" daemon prio=5 tid=413 timed_waiting
java.lang.Thread.State: TIMED_WAITING
        at sun.misc.Unsafe.park(Native Method)
        at java.util.concurrent.locks.LockSupport.parkNanos(LockSupport.java:215)
        at java.util.concurrent.locks.AbstractQueuedSynchronizer$ConditionObject.awaitNanos(AbstractQueuedSynchronizer.java:2078)
        at java.util.concurrent.ScheduledThreadPoolExecutor$DelayedWorkQueue.take(ScheduledThreadPoolExecutor.java:1093)
        at java.util.concurrent.ScheduledThreadPoolExecutor$DelayedWorkQueue.take(ScheduledThreadPoolExecutor.java:809)
        at java.util.concurrent.ThreadPoolExecutor.getTask(ThreadPoolExecutor.java:1074)
        at java.util.concurrent.ThreadPoolExecutor.runWorker(ThreadPoolExecutor.java:1134)
        at java.util.concurrent.ThreadPoolExecutor$Worker.run(ThreadPoolExecutor.java:624)
        at java.lang.Thread.run(Thread.java:750)
"ChunkReader-6" daemon prio=5 tid=947 in Object.wait()
java.lang.Thread.State: WAITING (on object monitor)
        at sun.misc.Unsafe.park(Native Method)
        at java.util.concurrent.locks.LockSupport.park(LockSupport.java:175)
        at java.util.concurrent.locks.AbstractQueuedSynchronizer$ConditionObject.await(AbstractQueuedSynchronizer.java:2039)
        at java.util.concurrent.LinkedBlockingQueue.take(LinkedBlockingQueue.java:442)
        at java.util.concurrent.ThreadPoolExecutor.getTask(ThreadPoolExecutor.java:1074)
        at java.util.concurrent.ThreadPoolExecutor.runWorker(ThreadPoolExecutor.java:1134)
        at java.util.concurrent.ThreadPoolExecutor$Worker.run(ThreadPoolExecutor.java:624)
        at java.lang.Thread.run(Thread.java:750)
"EventQueue-OpenPipelineForHealthyPipelineSafeModeRule" daemon prio=5 tid=568 in Object.wait()
java.lang.Thread.State: WAITING (on object monitor)
        at sun.misc.Unsafe.park(Native Method)
        at java.util.concurrent.locks.LockSupport.park(LockSupport.java:175)
        at java.util.concurrent.locks.AbstractQueuedSynchronizer$ConditionObject.await(AbstractQueuedSynchronizer.java:2039)
        at java.util.concurrent.LinkedBlockingQueue.take(LinkedBlockingQueue.java:442)
        at java.util.concurrent.ThreadPoolExecutor.getTask(ThreadPoolExecutor.java:1074)
        at java.util.concurrent.ThreadPoolExecutor.runWorker(ThreadPoolExecutor.java:1134)
        at java.util.concurrent.ThreadPoolExecutor$Worker.run(ThreadPoolExecutor.java:624)
        at java.lang.Thread.run(Thread.java:750)
"org.apache.hadoop.util.JvmPauseMonitor$Monitor@7b81364c" daemon prio=5 tid=227 timed_waiting
java.lang.Thread.State: TIMED_WAITING
        at java.lang.Thread.sleep(Native Method)
        at org.apache.hadoop.util.JvmPauseMonitor$Monitor.run(JvmPauseMonitor.java:192)
        at java.lang.Thread.run(Thread.java:750)
"ec-reconstruct-reader-TID-0"  prio=5 tid=954 in Object.wait()
java.lang.Thread.State: WAITING (on object monitor)
        at sun.misc.Unsafe.park(Native Method)
        at java.util.concurrent.locks.LockSupport.park(LockSupport.java:175)
        at java.util.concurrent.SynchronousQueue$TransferStack.awaitFulfill(SynchronousQueue.java:458)
        at java.util.concurrent.SynchronousQueue$TransferStack.transfer(SynchronousQueue.java:362)
        at java.util.concurrent.SynchronousQueue.take(SynchronousQueue.java:924)
        at java.util.concurrent.ThreadPoolExecutor.getTask(ThreadPoolExecutor.java:1074)
        at java.util.concurrent.ThreadPoolExecutor.runWorker(ThreadPoolExecutor.java:1134)
        at java.util.concurrent.ThreadPoolExecutor$Worker.run(ThreadPoolExecutor.java:624)
        at java.lang.Thread.run(Thread.java:750)
"Datanode ReportManager Thread - 0" daemon prio=5 tid=440 timed_waiting
java.lang.Thread.State: TIMED_WAITING
        at sun.misc.Unsafe.park(Native Method)
        at java.util.concurrent.locks.LockSupport.parkNanos(LockSupport.java:215)
        at java.util.concurrent.locks.AbstractQueuedSynchronizer$ConditionObject.awaitNanos(AbstractQueuedSynchronizer.java:2078)
        at java.util.concurrent.ScheduledThreadPoolExecutor$DelayedWorkQueue.take(ScheduledThreadPoolExecutor.java:1093)
        at java.util.concurrent.ScheduledThreadPoolExecutor$DelayedWorkQueue.take(ScheduledThreadPoolExecutor.java:809)
        at java.util.concurrent.ThreadPoolExecutor.getTask(ThreadPoolExecutor.java:1074)
        at java.util.concurrent.ThreadPoolExecutor.runWorker(ThreadPoolExecutor.java:1134)
        at java.util.concurrent.ThreadPoolExecutor$Worker.run(ThreadPoolExecutor.java:624)
        at java.lang.Thread.run(Thread.java:750)
"ChunkWriter-1-0" daemon prio=5 tid=337 in Object.wait()
java.lang.Thread.State: WAITING (on object monitor)
        at sun.misc.Unsafe.park(Native Method)
        at java.util.concurrent.locks.LockSupport.park(LockSupport.java:175)
        at java.util.concurrent.locks.AbstractQueuedSynchronizer$ConditionObject.await(AbstractQueuedSynchronizer.java:2039)
        at java.util.concurrent.LinkedBlockingDeque.takeFirst(LinkedBlockingDeque.java:492)
        at java.util.concurrent.LinkedBlockingDeque.take(LinkedBlockingDeque.java:680)
        at java.util.concurrent.ThreadPoolExecutor.getTask(ThreadPoolExecutor.java:1074)
        at java.util.concurrent.ThreadPoolExecutor.runWorker(ThreadPoolExecutor.java:1134)
        at java.util.concurrent.ThreadPoolExecutor$Worker.run(ThreadPoolExecutor.java:624)
        at java.lang.Thread.run(Thread.java:750)
"IPC Server handler 9 on default port 39139" daemon prio=5 tid=162 timed_waiting
java.lang.Thread.State: TIMED_WAITING
        at sun.misc.Unsafe.park(Native Method)
        at java.util.concurrent.locks.LockSupport.parkNanos(LockSupport.java:215)
        at java.util.concurrent.locks.AbstractQueuedSynchronizer$ConditionObject.awaitNanos(AbstractQueuedSynchronizer.java:2078)
        at java.util.concurrent.LinkedBlockingQueue.poll(LinkedBlockingQueue.java:467)
        at org.apache.hadoop.ipc.CallQueueManager.take(CallQueueManager.java:317)
        at org.apache.hadoop.ipc.Server$Handler.run(Server.java:2942)
"StaleRecoveringContainerScrubbingService#9" daemon prio=5 tid=1160 in Object.wait()
java.lang.Thread.State: WAITING (on object monitor)
        at sun.misc.Unsafe.park(Native Method)
        at java.util.concurrent.locks.LockSupport.park(LockSupport.java:175)
        at java.util.concurrent.locks.AbstractQueuedSynchronizer$ConditionObject.await(AbstractQueuedSynchronizer.java:2039)
        at java.util.concurrent.ScheduledThreadPoolExecutor$DelayedWorkQueue.take(ScheduledThreadPoolExecutor.java:1088)
        at java.util.concurrent.ScheduledThreadPoolExecutor$DelayedWorkQueue.take(ScheduledThreadPoolExecutor.java:809)
        at java.util.concurrent.ThreadPoolExecutor.getTask(ThreadPoolExecutor.java:1074)
        at java.util.concurrent.ThreadPoolExecutor.runWorker(ThreadPoolExecutor.java:1134)
        at java.util.concurrent.ThreadPoolExecutor$Worker.run(ThreadPoolExecutor.java:624)
        at java.lang.Thread.run(Thread.java:750)
"EventQueue-HealthyReadonlyNodeForHealthyReadOnlyNodeHandler" daemon prio=5 tid=1024 in Object.wait()
java.lang.Thread.State: WAITING (on object monitor)
        at sun.misc.Unsafe.park(Native Method)
        at java.util.concurrent.locks.LockSupport.park(LockSupport.java:175)
        at java.util.concurrent.locks.AbstractQueuedSynchronizer$ConditionObject.await(AbstractQueuedSynchronizer.java:2039)
        at java.util.concurrent.LinkedBlockingQueue.take(LinkedBlockingQueue.java:442)
        at java.util.concurrent.ThreadPoolExecutor.getTask(ThreadPoolExecutor.java:1074)
        at java.util.concurrent.ThreadPoolExecutor.runWorker(ThreadPoolExecutor.java:1134)
        at java.util.concurrent.ThreadPoolExecutor$Worker.run(ThreadPoolExecutor.java:624)
        at java.lang.Thread.run(Thread.java:750)
"Datanode ReportManager Thread - 2" daemon prio=5 tid=404 timed_waiting
java.lang.Thread.State: TIMED_WAITING
        at sun.misc.Unsafe.park(Native Method)
        at java.util.concurrent.locks.LockSupport.parkNanos(LockSupport.java:215)
        at java.util.concurrent.locks.AbstractQueuedSynchronizer$ConditionObject.awaitNanos(AbstractQueuedSynchronizer.java:2078)
        at java.util.concurrent.ScheduledThreadPoolExecutor$DelayedWorkQueue.take(ScheduledThreadPoolExecutor.java:1093)
        at java.util.concurrent.ScheduledThreadPoolExecutor$DelayedWorkQueue.take(ScheduledThreadPoolExecutor.java:809)
        at java.util.concurrent.ThreadPoolExecutor.getTask(ThreadPoolExecutor.java:1074)
        at java.util.concurrent.ThreadPoolExecutor.runWorker(ThreadPoolExecutor.java:1134)
        at java.util.concurrent.ThreadPoolExecutor$Worker.run(ThreadPoolExecutor.java:624)
        at java.lang.Thread.run(Thread.java:750)
"IPC Server idle connection scanner for port 38215" daemon prio=5 tid=29 timed_waiting
java.lang.Thread.State: TIMED_WAITING
        at java.lang.Object.wait(Native Method)
        at java.util.TimerThread.mainLoop(Timer.java:552)
        at java.util.TimerThread.run(Timer.java:505)
"qtp348292129-211" daemon prio=5 tid=211 runnable
java.lang.Thread.State: RUNNABLE
        at sun.nio.ch.EPollArrayWrapper.epollWait(Native Method)
        at sun.nio.ch.EPollArrayWrapper.poll(EPollArrayWrapper.java:269)
        at sun.nio.ch.EPollSelectorImpl.doSelect(EPollSelectorImpl.java:93)
        at sun.nio.ch.SelectorImpl.lockAndDoSelect(SelectorImpl.java:86)
        at sun.nio.ch.SelectorImpl.select(SelectorImpl.java:97)
        at sun.nio.ch.SelectorImpl.select(SelectorImpl.java:101)
        at org.eclipse.jetty.io.ManagedSelector.nioSelect(ManagedSelector.java:183)
        at org.eclipse.jetty.io.ManagedSelector.select(ManagedSelector.java:190)
        at org.eclipse.jetty.io.ManagedSelector$SelectorProducer.select(ManagedSelector.java:606)
        at org.eclipse.jetty.io.ManagedSelector$SelectorProducer.produce(ManagedSelector.java:543)
        at org.eclipse.jetty.util.thread.strategy.EatWhatYouKill.produceTask(EatWhatYouKill.java:362)
        at org.eclipse.jetty.util.thread.strategy.EatWhatYouKill.doProduce(EatWhatYouKill.java:186)
        at org.eclipse.jetty.util.thread.strategy.EatWhatYouKill.tryProduce(EatWhatYouKill.java:173)
        at org.eclipse.jetty.util.thread.strategy.EatWhatYouKill.produce(EatWhatYouKill.java:137)
        at org.eclipse.jetty.io.ManagedSelector$$Lambda$444/1185648203.run(Unknown Source)
        at org.eclipse.jetty.util.thread.QueuedThreadPool.runJob(QueuedThreadPool.java:883)
        at org.eclipse.jetty.util.thread.QueuedThreadPool$Runner.run(QueuedThreadPool.java:1034)
        at java.lang.Thread.run(Thread.java:750)
"Datanode State Machine Daemon Thread" daemon prio=5 tid=363 timed_waiting
java.lang.Thread.State: TIMED_WAITING
        at java.lang.Thread.sleep(Native Method)
        at org.apache.hadoop.ozone.container.common.statemachine.DatanodeStateMachine.startStateMachineThread(DatanodeStateMachine.java:321)
        at org.apache.hadoop.ozone.container.common.statemachine.DatanodeStateMachine.lambda$startDaemon$0(DatanodeStateMachine.java:506)
        at org.apache.hadoop.ozone.container.common.statemachine.DatanodeStateMachine$$Lambda$753/1356624790.run(Unknown Source)
        at java.lang.Thread.run(Thread.java:750)
"IPC Server handler 5 on default port 43931" daemon prio=5 tid=91 timed_waiting
java.lang.Thread.State: TIMED_WAITING
        at sun.misc.Unsafe.park(Native Method)
        at java.util.concurrent.locks.LockSupport.parkNanos(LockSupport.java:215)
        at java.util.concurrent.locks.AbstractQueuedSynchronizer$ConditionObject.awaitNanos(AbstractQueuedSynchronizer.java:2078)
        at java.util.concurrent.LinkedBlockingQueue.poll(LinkedBlockingQueue.java:467)
        at org.apache.hadoop.ipc.CallQueueManager.take(CallQueueManager.java:317)
        at org.apache.hadoop.ipc.Server$Handler.run(Server.java:2942)
"timer7" daemon prio=5 tid=797 timed_waiting
java.lang.Thread.State: TIMED_WAITING
        at java.lang.Object.wait(Native Method)
        at java.util.TimerThread.mainLoop(Timer.java:552)
        at java.util.TimerThread.run(Timer.java:505)
"6a413ed4-87ae-4509-b51d-2f5d21600f9c-server-thread1" daemon prio=5 tid=922 timed_waiting
java.lang.Thread.State: TIMED_WAITING
        at sun.misc.Unsafe.park(Native Method)
        at java.util.concurrent.locks.LockSupport.parkNanos(LockSupport.java:215)
        at java.util.concurrent.SynchronousQueue$TransferStack.awaitFulfill(SynchronousQueue.java:460)
        at java.util.concurrent.SynchronousQueue$TransferStack.transfer(SynchronousQueue.java:362)
        at java.util.concurrent.SynchronousQueue.poll(SynchronousQueue.java:941)
        at java.util.concurrent.ThreadPoolExecutor.getTask(ThreadPoolExecutor.java:1073)
        at java.util.concurrent.ThreadPoolExecutor.runWorker(ThreadPoolExecutor.java:1134)
        at java.util.concurrent.ThreadPoolExecutor$Worker.run(ThreadPoolExecutor.java:624)
        at java.lang.Thread.run(Thread.java:750)
"qtp156947375-269" daemon prio=5 tid=269 timed_waiting
java.lang.Thread.State: TIMED_WAITING
        at sun.misc.Unsafe.park(Native Method)
        at java.util.concurrent.locks.LockSupport.parkNanos(LockSupport.java:215)
        at java.util.concurrent.locks.AbstractQueuedSynchronizer$ConditionObject.awaitNanos(AbstractQueuedSynchronizer.java:2078)
        at org.eclipse.jetty.util.BlockingArrayQueue.poll(BlockingArrayQueue.java:382)
        at org.eclipse.jetty.util.thread.QueuedThreadPool$Runner.idleJobPoll(QueuedThreadPool.java:974)
        at org.eclipse.jetty.util.thread.QueuedThreadPool$Runner.run(QueuedThreadPool.java:1018)
        at java.lang.Thread.run(Thread.java:750)
"StaleRecoveringContainerScrubbingService#5" daemon prio=5 tid=1023 in Object.wait()
java.lang.Thread.State: WAITING (on object monitor)
        at sun.misc.Unsafe.park(Native Method)
        at java.util.concurrent.locks.LockSupport.park(LockSupport.java:175)
        at java.util.concurrent.locks.AbstractQueuedSynchronizer$ConditionObject.await(AbstractQueuedSynchronizer.java:2039)
        at java.util.concurrent.ScheduledThreadPoolExecutor$DelayedWorkQueue.take(ScheduledThreadPoolExecutor.java:1088)
        at java.util.concurrent.ScheduledThreadPoolExecutor$DelayedWorkQueue.take(ScheduledThreadPoolExecutor.java:809)
        at java.util.concurrent.ThreadPoolExecutor.getTask(ThreadPoolExecutor.java:1074)
        at java.util.concurrent.ThreadPoolExecutor.runWorker(ThreadPoolExecutor.java:1134)
        at java.util.concurrent.ThreadPoolExecutor$Worker.run(ThreadPoolExecutor.java:624)
        at java.lang.Thread.run(Thread.java:750)
"Datanode ReportManager Thread - 1" daemon prio=5 tid=329 in Object.wait()
java.lang.Thread.State: WAITING (on object monitor)
        at sun.misc.Unsafe.park(Native Method)
        at java.util.concurrent.locks.LockSupport.park(LockSupport.java:175)
        at java.util.concurrent.locks.AbstractQueuedSynchronizer$ConditionObject.await(AbstractQueuedSynchronizer.java:2039)
        at java.util.concurrent.ScheduledThreadPoolExecutor$DelayedWorkQueue.take(ScheduledThreadPoolExecutor.java:1088)
        at java.util.concurrent.ScheduledThreadPoolExecutor$DelayedWorkQueue.take(ScheduledThreadPoolExecutor.java:809)
        at java.util.concurrent.ThreadPoolExecutor.getTask(ThreadPoolExecutor.java:1074)
        at java.util.concurrent.ThreadPoolExecutor.runWorker(ThreadPoolExecutor.java:1134)
        at java.util.concurrent.ThreadPoolExecutor$Worker.run(ThreadPoolExecutor.java:624)
        at java.lang.Thread.run(Thread.java:750)
"pool-117-thread-1"  prio=5 tid=584 in Object.wait()
java.lang.Thread.State: WAITING (on object monitor)
        at sun.misc.Unsafe.park(Native Method)
        at java.util.concurrent.locks.LockSupport.park(LockSupport.java:175)
        at java.util.concurrent.locks.AbstractQueuedSynchronizer$ConditionObject.await(AbstractQueuedSynchronizer.java:2039)
        at java.util.concurrent.LinkedBlockingQueue.take(LinkedBlockingQueue.java:442)
        at java.util.concurrent.ThreadPoolExecutor.getTask(ThreadPoolExecutor.java:1074)
        at java.util.concurrent.ThreadPoolExecutor.runWorker(ThreadPoolExecutor.java:1134)
        at java.util.concurrent.ThreadPoolExecutor$Worker.run(ThreadPoolExecutor.java:624)
        at java.lang.Thread.run(Thread.java:750)
"ChunkReader-4" daemon prio=5 tid=867 in Object.wait()
java.lang.Thread.State: WAITING (on object monitor)
        at sun.misc.Unsafe.park(Native Method)
        at java.util.concurrent.locks.LockSupport.park(LockSupport.java:175)
        at java.util.concurrent.locks.AbstractQueuedSynchronizer$ConditionObject.await(AbstractQueuedSynchronizer.java:2039)
        at java.util.concurrent.LinkedBlockingQueue.take(LinkedBlockingQueue.java:442)
        at java.util.concurrent.ThreadPoolExecutor.getTask(ThreadPoolExecutor.java:1074)
        at java.util.concurrent.ThreadPoolExecutor.runWorker(ThreadPoolExecutor.java:1134)
        at java.util.concurrent.ThreadPoolExecutor$Worker.run(ThreadPoolExecutor.java:624)
        at java.lang.Thread.run(Thread.java:750)
"ChunkReader-5" daemon prio=5 tid=946 in Object.wait()
java.lang.Thread.State: WAITING (on object monitor)
        at sun.misc.Unsafe.park(Native Method)
        at java.util.concurrent.locks.LockSupport.park(LockSupport.java:175)
        at java.util.concurrent.locks.AbstractQueuedSynchronizer$ConditionObject.await(AbstractQueuedSynchronizer.java:2039)
        at java.util.concurrent.LinkedBlockingQueue.take(LinkedBlockingQueue.java:442)
        at java.util.concurrent.ThreadPoolExecutor.getTask(ThreadPoolExecutor.java:1074)
        at java.util.concurrent.ThreadPoolExecutor.runWorker(ThreadPoolExecutor.java:1134)
        at java.util.concurrent.ThreadPoolExecutor$Worker.run(ThreadPoolExecutor.java:624)
        at java.lang.Thread.run(Thread.java:750)
"Datanode State Machine Task Thread - 1"  prio=5 tid=995 in Object.wait()
java.lang.Thread.State: WAITING (on object monitor)
        at sun.misc.Unsafe.park(Native Method)
        at java.util.concurrent.locks.LockSupport.park(LockSupport.java:175)
        at java.util.concurrent.locks.AbstractQueuedSynchronizer$ConditionObject.await(AbstractQueuedSynchronizer.java:2039)
        at java.util.concurrent.LinkedBlockingQueue.take(LinkedBlockingQueue.java:442)
        at java.util.concurrent.ThreadPoolExecutor.getTask(ThreadPoolExecutor.java:1074)
        at java.util.concurrent.ThreadPoolExecutor.runWorker(ThreadPoolExecutor.java:1134)
        at java.util.concurrent.ThreadPoolExecutor$Worker.run(ThreadPoolExecutor.java:624)
        at java.lang.Thread.run(Thread.java:750)
"Periodic HDDS volume checker" daemon prio=5 tid=230 timed_waiting
java.lang.Thread.State: TIMED_WAITING
        at sun.misc.Unsafe.park(Native Method)
        at java.util.concurrent.locks.LockSupport.parkNanos(LockSupport.java:215)
        at java.util.concurrent.locks.AbstractQueuedSynchronizer$ConditionObject.awaitNanos(AbstractQueuedSynchronizer.java:2078)
        at java.util.concurrent.ScheduledThreadPoolExecutor$DelayedWorkQueue.take(ScheduledThreadPoolExecutor.java:1093)
        at java.util.concurrent.ScheduledThreadPoolExecutor$DelayedWorkQueue.take(ScheduledThreadPoolExecutor.java:809)
        at java.util.concurrent.ThreadPoolExecutor.getTask(ThreadPoolExecutor.java:1074)
        at java.util.concurrent.ThreadPoolExecutor.runWorker(ThreadPoolExecutor.java:1134)
        at java.util.concurrent.ThreadPoolExecutor$Worker.run(ThreadPoolExecutor.java:624)
        at java.lang.Thread.run(Thread.java:750)
"a57ee2ea-c69c-41b1-9f64-f7c5b74e8646@group-E13D6F209EBE-FollowerState" daemon prio=5 tid=770 timed_waiting
java.lang.Thread.State: TIMED_WAITING
        at java.lang.Thread.sleep(Native Method)
        at java.lang.Thread.sleep(Thread.java:342)
        at java.util.concurrent.TimeUnit.sleep(TimeUnit.java:386)
        at org.apache.ratis.util.TimeDuration.sleep(TimeDuration.java:325)
        at org.apache.ratis.util.TimeDuration.sleep(TimeDuration.java:310)
        at org.apache.ratis.server.impl.FollowerState.run(FollowerState.java:128)
"EventQueue-NodeReportForNodeReportHandler" daemon prio=5 tid=1125 in Object.wait()
java.lang.Thread.State: WAITING (on object monitor)
        at sun.misc.Unsafe.park(Native Method)
        at java.util.concurrent.locks.LockSupport.park(LockSupport.java:175)
        at java.util.concurrent.locks.AbstractQueuedSynchronizer$ConditionObject.await(AbstractQueuedSynchronizer.java:2039)
        at java.util.concurrent.LinkedBlockingQueue.take(LinkedBlockingQueue.java:442)
        at java.util.concurrent.ThreadPoolExecutor.getTask(ThreadPoolExecutor.java:1074)
        at java.util.concurrent.ThreadPoolExecutor.runWorker(ThreadPoolExecutor.java:1134)
        at java.util.concurrent.ThreadPoolExecutor$Worker.run(ThreadPoolExecutor.java:624)
        at java.lang.Thread.run(Thread.java:750)
"StaleRecoveringContainerScrubbingService#4" daemon prio=5 tid=942 in Object.wait()
java.lang.Thread.State: WAITING (on object monitor)
        at sun.misc.Unsafe.park(Native Method)
        at java.util.concurrent.locks.LockSupport.park(LockSupport.java:175)
        at java.util.concurrent.locks.AbstractQueuedSynchronizer$ConditionObject.await(AbstractQueuedSynchronizer.java:2039)
        at java.util.concurrent.ScheduledThreadPoolExecutor$DelayedWorkQueue.take(ScheduledThreadPoolExecutor.java:1088)
        at java.util.concurrent.ScheduledThreadPoolExecutor$DelayedWorkQueue.take(ScheduledThreadPoolExecutor.java:809)
        at java.util.concurrent.ThreadPoolExecutor.getTask(ThreadPoolExecutor.java:1074)
        at java.util.concurrent.ThreadPoolExecutor.runWorker(ThreadPoolExecutor.java:1134)
        at java.util.concurrent.ThreadPoolExecutor$Worker.run(ThreadPoolExecutor.java:624)
        at java.lang.Thread.run(Thread.java:750)
"StaleRecoveringContainerScrubbingService#9" daemon prio=5 tid=1157 in Object.wait()
java.lang.Thread.State: WAITING (on object monitor)
        at sun.misc.Unsafe.park(Native Method)
        at java.util.concurrent.locks.LockSupport.park(LockSupport.java:175)
        at java.util.concurrent.locks.AbstractQueuedSynchronizer$ConditionObject.await(AbstractQueuedSynchronizer.java:2039)
        at java.util.concurrent.ScheduledThreadPoolExecutor$DelayedWorkQueue.take(ScheduledThreadPoolExecutor.java:1088)
        at java.util.concurrent.ScheduledThreadPoolExecutor$DelayedWorkQueue.take(ScheduledThreadPoolExecutor.java:809)
        at java.util.concurrent.ThreadPoolExecutor.getTask(ThreadPoolExecutor.java:1074)
        at java.util.concurrent.ThreadPoolExecutor.runWorker(ThreadPoolExecutor.java:1134)
        at java.util.concurrent.ThreadPoolExecutor$Worker.run(ThreadPoolExecutor.java:624)
        at java.lang.Thread.run(Thread.java:750)
"StaleRecoveringContainerScrubbingService#6" daemon prio=5 tid=1161 in Object.wait()
java.lang.Thread.State: WAITING (on object monitor)
        at sun.misc.Unsafe.park(Native Method)
        at java.util.concurrent.locks.LockSupport.park(LockSupport.java:175)
        at java.util.concurrent.locks.AbstractQueuedSynchronizer$ConditionObject.await(AbstractQueuedSynchronizer.java:2039)
        at java.util.concurrent.ScheduledThreadPoolExecutor$DelayedWorkQueue.take(ScheduledThreadPoolExecutor.java:1088)
        at java.util.concurrent.ScheduledThreadPoolExecutor$DelayedWorkQueue.take(ScheduledThreadPoolExecutor.java:809)
        at java.util.concurrent.ThreadPoolExecutor.getTask(ThreadPoolExecutor.java:1074)
        at java.util.concurrent.ThreadPoolExecutor.runWorker(ThreadPoolExecutor.java:1134)
        at java.util.concurrent.ThreadPoolExecutor$Worker.run(ThreadPoolExecutor.java:624)
        at java.lang.Thread.run(Thread.java:750)
"ChunkReader-ELG-0" daemon prio=5 tid=383 runnable
java.lang.Thread.State: RUNNABLE
        at org.apache.ratis.thirdparty.io.netty.channel.epoll.Native.epollWait0(Native Method)
        at org.apache.ratis.thirdparty.io.netty.channel.epoll.Native.epollWait(Native.java:182)
        at org.apache.ratis.thirdparty.io.netty.channel.epoll.EpollEventLoop.epollWait(EpollEventLoop.java:290)
        at org.apache.ratis.thirdparty.io.netty.channel.epoll.EpollEventLoop.run(EpollEventLoop.java:354)
        at org.apache.ratis.thirdparty.io.netty.util.concurrent.SingleThreadEventExecutor$4.run(SingleThreadEventExecutor.java:995)
        at org.apache.ratis.thirdparty.io.netty.util.internal.ThreadExecutorMap$2.run(ThreadExecutorMap.java:74)
        at java.lang.Thread.run(Thread.java:750)
"StaleRecoveringContainerScrubbingService#2" daemon prio=5 tid=737 timed_waiting
java.lang.Thread.State: TIMED_WAITING
        at sun.misc.Unsafe.park(Native Method)
        at java.util.concurrent.locks.LockSupport.parkNanos(LockSupport.java:215)
        at java.util.concurrent.locks.AbstractQueuedSynchronizer$ConditionObject.awaitNanos(AbstractQueuedSynchronizer.java:2078)
        at java.util.concurrent.ScheduledThreadPoolExecutor$DelayedWorkQueue.take(ScheduledThreadPoolExecutor.java:1093)
        at java.util.concurrent.ScheduledThreadPoolExecutor$DelayedWorkQueue.take(ScheduledThreadPoolExecutor.java:809)
        at java.util.concurrent.ThreadPoolExecutor.getTask(ThreadPoolExecutor.java:1074)
        at java.util.concurrent.ThreadPoolExecutor.runWorker(ThreadPoolExecutor.java:1134)
        at java.util.concurrent.ThreadPoolExecutor$Worker.run(ThreadPoolExecutor.java:624)
        at java.lang.Thread.run(Thread.java:750)
"a57ee2ea-c69c-41b1-9f64-f7c5b74e8646@group-C860D8A7810C-StateMachineUpdater" daemon prio=5 tid=590 timed_waiting
java.lang.Thread.State: TIMED_WAITING
        at sun.misc.Unsafe.park(Native Method)
        at java.util.concurrent.locks.LockSupport.parkNanos(LockSupport.java:215)
        at java.util.concurrent.locks.AbstractQueuedSynchronizer$ConditionObject.await(AbstractQueuedSynchronizer.java:2163)
        at org.apache.ratis.util.AwaitForSignal.await(AwaitForSignal.java:62)
        at org.apache.ratis.server.impl.StateMachineUpdater.waitForCommit(StateMachineUpdater.java:207)
        at org.apache.ratis.server.impl.StateMachineUpdater.run(StateMachineUpdater.java:176)
        at java.lang.Thread.run(Thread.java:750)
"93471f04-f84a-446a-9dbd-94f45fb64b69@group-FFC8E6C97F07-SegmentedRaftLogWorker"  prio=5 tid=1046 timed_waiting
java.lang.Thread.State: TIMED_WAITING
        at sun.misc.Unsafe.park(Native Method)
        at java.util.concurrent.locks.LockSupport.parkNanos(LockSupport.java:215)
        at java.util.concurrent.locks.AbstractQueuedSynchronizer$ConditionObject.awaitNanos(AbstractQueuedSynchronizer.java:2078)
        at org.apache.ratis.util.DataBlockingQueue.poll(DataBlockingQueue.java:148)
        at org.apache.ratis.server.raftlog.segmented.SegmentedRaftLogWorker.run(SegmentedRaftLogWorker.java:312)
        at org.apache.ratis.server.raftlog.segmented.SegmentedRaftLogWorker$$Lambda$667/1365285756.run(Unknown Source)
        at java.lang.Thread.run(Thread.java:750)
"IPC Server handler 4 on default port 34787" daemon prio=5 tid=50 timed_waiting
java.lang.Thread.State: TIMED_WAITING
        at sun.misc.Unsafe.park(Native Method)
        at java.util.concurrent.locks.LockSupport.parkNanos(LockSupport.java:215)
        at java.util.concurrent.locks.AbstractQueuedSynchronizer$ConditionObject.awaitNanos(AbstractQueuedSynchronizer.java:2078)
        at java.util.concurrent.LinkedBlockingQueue.poll(LinkedBlockingQueue.java:467)
        at org.apache.hadoop.ipc.CallQueueManager.take(CallQueueManager.java:317)
        at org.apache.hadoop.ipc.Server$Handler.run(Server.java:2942)
"grpc-default-worker-ELG-3-2" daemon prio=5 tid=576 runnable
java.lang.Thread.State: RUNNABLE
        at org.apache.ratis.thirdparty.io.netty.channel.epoll.Native.epollWait0(Native Method)
        at org.apache.ratis.thirdparty.io.netty.channel.epoll.Native.epollWait(Native.java:182)
        at org.apache.ratis.thirdparty.io.netty.channel.epoll.EpollEventLoop.epollWait(EpollEventLoop.java:290)
        at org.apache.ratis.thirdparty.io.netty.channel.epoll.EpollEventLoop.run(EpollEventLoop.java:354)
        at org.apache.ratis.thirdparty.io.netty.util.concurrent.SingleThreadEventExecutor$4.run(SingleThreadEventExecutor.java:995)
        at org.apache.ratis.thirdparty.io.netty.util.internal.ThreadExecutorMap$2.run(ThreadExecutorMap.java:74)
        at org.apache.ratis.thirdparty.io.netty.util.concurrent.FastThreadLocalRunnable.run(FastThreadLocalRunnable.java:30)
        at java.lang.Thread.run(Thread.java:750)
"EventQueue-CommandQueueReportForCommandQueueReportHandler" daemon prio=5 tid=565 in Object.wait()
java.lang.Thread.State: WAITING (on object monitor)
        at sun.misc.Unsafe.park(Native Method)
        at java.util.concurrent.locks.LockSupport.park(LockSupport.java:175)
        at java.util.concurrent.locks.AbstractQueuedSynchronizer$ConditionObject.await(AbstractQueuedSynchronizer.java:2039)
        at java.util.concurrent.LinkedBlockingQueue.take(LinkedBlockingQueue.java:442)
        at java.util.concurrent.ThreadPoolExecutor.getTask(ThreadPoolExecutor.java:1074)
        at java.util.concurrent.ThreadPoolExecutor.runWorker(ThreadPoolExecutor.java:1134)
        at java.util.concurrent.ThreadPoolExecutor$Worker.run(ThreadPoolExecutor.java:624)
        at java.lang.Thread.run(Thread.java:750)
"ChunkReader-8" daemon prio=5 tid=961 in Object.wait()
java.lang.Thread.State: WAITING (on object monitor)
        at sun.misc.Unsafe.park(Native Method)
        at java.util.concurrent.locks.LockSupport.park(LockSupport.java:175)
        at java.util.concurrent.locks.AbstractQueuedSynchronizer$ConditionObject.await(AbstractQueuedSynchronizer.java:2039)
        at java.util.concurrent.LinkedBlockingQueue.take(LinkedBlockingQueue.java:442)
        at java.util.concurrent.ThreadPoolExecutor.getTask(ThreadPoolExecutor.java:1074)
        at java.util.concurrent.ThreadPoolExecutor.runWorker(ThreadPoolExecutor.java:1134)
        at java.util.concurrent.ThreadPoolExecutor$Worker.run(ThreadPoolExecutor.java:624)
        at java.lang.Thread.run(Thread.java:750)
"93471f04-f84a-446a-9dbd-94f45fb64b69@group-FFC8E6C97F07-FollowerState" daemon prio=5 tid=1105 timed_waiting
java.lang.Thread.State: TIMED_WAITING
        at java.lang.Thread.sleep(Native Method)
        at java.lang.Thread.sleep(Thread.java:342)
        at java.util.concurrent.TimeUnit.sleep(TimeUnit.java:386)
        at org.apache.ratis.util.TimeDuration.sleep(TimeDuration.java:325)
        at org.apache.ratis.util.TimeDuration.sleep(TimeDuration.java:310)
        at org.apache.ratis.server.impl.FollowerState.run(FollowerState.java:128)
"IPC Server idle connection scanner for port 43931" daemon prio=5 tid=25 timed_waiting
java.lang.Thread.State: TIMED_WAITING
        at java.lang.Object.wait(Native Method)
        at java.util.TimerThread.mainLoop(Timer.java:552)
        at java.util.TimerThread.run(Timer.java:505)
"f48f5eaa-c865-41e1-958d-4d574a609fc9@group-E13D6F209EBE->a57ee2ea-c69c-41b1-9f64-f7c5b74e8646-GrpcLogAppender-LogAppenderDaemon" daemon prio=5 tid=774 timed_waiting
java.lang.Thread.State: TIMED_WAITING
        at sun.misc.Unsafe.park(Native Method)
        at java.util.concurrent.locks.LockSupport.parkNanos(LockSupport.java:215)
        at java.util.concurrent.locks.AbstractQueuedSynchronizer$ConditionObject.await(AbstractQueuedSynchronizer.java:2163)
        at org.apache.ratis.util.AwaitForSignal.await(AwaitForSignal.java:62)
        at org.apache.ratis.grpc.server.GrpcLogAppender.mayWait(GrpcLogAppender.java:198)
        at org.apache.ratis.grpc.server.GrpcLogAppender.run(GrpcLogAppender.java:148)
        at org.apache.ratis.server.leader.LogAppenderDaemon.run(LogAppenderDaemon.java:78)
        at org.apache.ratis.server.leader.LogAppenderDaemon$$Lambda$1044/2014844076.run(Unknown Source)
        at java.lang.Thread.run(Thread.java:750)
"EndpointStateMachine task thread for /0.0.0.0:43931 - 0 "  prio=5 tid=505 in Object.wait()
java.lang.Thread.State: WAITING (on object monitor)
        at sun.misc.Unsafe.park(Native Method)
        at java.util.concurrent.locks.LockSupport.park(LockSupport.java:175)
        at java.util.concurrent.locks.AbstractQueuedSynchronizer$ConditionObject.await(AbstractQueuedSynchronizer.java:2039)
        at java.util.concurrent.LinkedBlockingQueue.take(LinkedBlockingQueue.java:442)
        at java.util.concurrent.ThreadPoolExecutor.getTask(ThreadPoolExecutor.java:1074)
        at java.util.concurrent.ThreadPoolExecutor.runWorker(ThreadPoolExecutor.java:1134)
        at java.util.concurrent.ThreadPoolExecutor$Worker.run(ThreadPoolExecutor.java:624)
        at java.lang.Thread.run(Thread.java:750)
"2fe07876-8610-433e-a055-404555d6ad88@group-2A829352BC53-StateMachineUpdater" daemon prio=5 tid=670 timed_waiting
java.lang.Thread.State: TIMED_WAITING
        at sun.misc.Unsafe.park(Native Method)
        at java.util.concurrent.locks.LockSupport.parkNanos(LockSupport.java:215)
        at java.util.concurrent.locks.AbstractQueuedSynchronizer$ConditionObject.await(AbstractQueuedSynchronizer.java:2163)
        at org.apache.ratis.util.AwaitForSignal.await(AwaitForSignal.java:62)
        at org.apache.ratis.server.impl.StateMachineUpdater.waitForCommit(StateMachineUpdater.java:207)
        at org.apache.ratis.server.impl.StateMachineUpdater.run(StateMachineUpdater.java:176)
        at java.lang.Thread.run(Thread.java:750)
"Datanode State Machine Task Thread - 1"  prio=5 tid=364 in Object.wait()
java.lang.Thread.State: WAITING (on object monitor)
        at sun.misc.Unsafe.park(Native Method)
        at java.util.concurrent.locks.LockSupport.park(LockSupport.java:175)
        at java.util.concurrent.locks.AbstractQueuedSynchronizer$ConditionObject.await(AbstractQueuedSynchronizer.java:2039)
        at java.util.concurrent.LinkedBlockingQueue.take(LinkedBlockingQueue.java:442)
        at java.util.concurrent.ThreadPoolExecutor.getTask(ThreadPoolExecutor.java:1074)
        at java.util.concurrent.ThreadPoolExecutor.runWorker(ThreadPoolExecutor.java:1134)
        at java.util.concurrent.ThreadPoolExecutor$Worker.run(ThreadPoolExecutor.java:624)
        at java.lang.Thread.run(Thread.java:750)
"6a413ed4-87ae-4509-b51d-2f5d21600f9c@group-B9F234375034-FollowerState" daemon prio=5 tid=833 timed_waiting
java.lang.Thread.State: TIMED_WAITING
        at java.lang.Thread.sleep(Native Method)
        at java.lang.Thread.sleep(Thread.java:342)
        at java.util.concurrent.TimeUnit.sleep(TimeUnit.java:386)
        at org.apache.ratis.util.TimeDuration.sleep(TimeDuration.java:325)
        at org.apache.ratis.util.TimeDuration.sleep(TimeDuration.java:310)
        at org.apache.ratis.server.impl.FollowerState.run(FollowerState.java:128)
"IPC Server handler 3 on default port 43931" daemon prio=5 tid=89 timed_waiting
java.lang.Thread.State: TIMED_WAITING
        at sun.misc.Unsafe.park(Native Method)
        at java.util.concurrent.locks.LockSupport.parkNanos(LockSupport.java:215)
        at java.util.concurrent.locks.AbstractQueuedSynchronizer$ConditionObject.awaitNanos(AbstractQueuedSynchronizer.java:2078)
        at java.util.concurrent.LinkedBlockingQueue.poll(LinkedBlockingQueue.java:467)
        at org.apache.hadoop.ipc.CallQueueManager.take(CallQueueManager.java:317)
        at org.apache.hadoop.ipc.Server$Handler.run(Server.java:2942)
"Datanode ReportManager Thread - 0" daemon prio=5 tid=402 in Object.wait()
java.lang.Thread.State: WAITING (on object monitor)
        at sun.misc.Unsafe.park(Native Method)
        at java.util.concurrent.locks.LockSupport.park(LockSupport.java:175)
        at java.util.concurrent.locks.AbstractQueuedSynchronizer$ConditionObject.await(AbstractQueuedSynchronizer.java:2039)
        at java.util.concurrent.ScheduledThreadPoolExecutor$DelayedWorkQueue.take(ScheduledThreadPoolExecutor.java:1088)
        at java.util.concurrent.ScheduledThreadPoolExecutor$DelayedWorkQueue.take(ScheduledThreadPoolExecutor.java:809)
        at java.util.concurrent.ThreadPoolExecutor.getTask(ThreadPoolExecutor.java:1074)
        at java.util.concurrent.ThreadPoolExecutor.runWorker(ThreadPoolExecutor.java:1134)
        at java.util.concurrent.ThreadPoolExecutor$Worker.run(ThreadPoolExecutor.java:624)
        at java.lang.Thread.run(Thread.java:750)
"IPC Server handler 17 on default port 34787" daemon prio=5 tid=63 timed_waiting
java.lang.Thread.State: TIMED_WAITING
        at sun.misc.Unsafe.park(Native Method)
        at java.util.concurrent.locks.LockSupport.parkNanos(LockSupport.java:215)
        at java.util.concurrent.locks.AbstractQueuedSynchronizer$ConditionObject.awaitNanos(AbstractQueuedSynchronizer.java:2078)
        at java.util.concurrent.LinkedBlockingQueue.poll(LinkedBlockingQueue.java:467)
        at org.apache.hadoop.ipc.CallQueueManager.take(CallQueueManager.java:317)
        at org.apache.hadoop.ipc.Server$Handler.run(Server.java:2942)
"Datanode ReportManager Thread - 4" daemon prio=5 tid=991 timed_waiting
java.lang.Thread.State: TIMED_WAITING
        at sun.misc.Unsafe.park(Native Method)
        at java.util.concurrent.locks.LockSupport.parkNanos(LockSupport.java:215)
        at java.util.concurrent.locks.AbstractQueuedSynchronizer$ConditionObject.awaitNanos(AbstractQueuedSynchronizer.java:2078)
        at java.util.concurrent.ScheduledThreadPoolExecutor$DelayedWorkQueue.take(ScheduledThreadPoolExecutor.java:1093)
        at java.util.concurrent.ScheduledThreadPoolExecutor$DelayedWorkQueue.take(ScheduledThreadPoolExecutor.java:809)
        at java.util.concurrent.ThreadPoolExecutor.getTask(ThreadPoolExecutor.java:1074)
        at java.util.concurrent.ThreadPoolExecutor.runWorker(ThreadPoolExecutor.java:1134)
        at java.util.concurrent.ThreadPoolExecutor$Worker.run(ThreadPoolExecutor.java:624)
        at java.lang.Thread.run(Thread.java:750)
"Datanode ReportManager Thread - 0" daemon prio=5 tid=273 timed_waiting
java.lang.Thread.State: TIMED_WAITING
        at sun.misc.Unsafe.park(Native Method)
        at java.util.concurrent.locks.LockSupport.parkNanos(LockSupport.java:215)
        at java.util.concurrent.locks.AbstractQueuedSynchronizer$ConditionObject.awaitNanos(AbstractQueuedSynchronizer.java:2078)
        at java.util.concurrent.ScheduledThreadPoolExecutor$DelayedWorkQueue.take(ScheduledThreadPoolExecutor.java:1093)
        at java.util.concurrent.ScheduledThreadPoolExecutor$DelayedWorkQueue.take(ScheduledThreadPoolExecutor.java:809)
        at java.util.concurrent.ThreadPoolExecutor.getTask(ThreadPoolExecutor.java:1074)
        at java.util.concurrent.ThreadPoolExecutor.runWorker(ThreadPoolExecutor.java:1134)
        at java.util.concurrent.ThreadPoolExecutor$Worker.run(ThreadPoolExecutor.java:624)
        at java.lang.Thread.run(Thread.java:750)
"JvmPauseMonitor4" daemon prio=5 tid=454 timed_waiting
java.lang.Thread.State: TIMED_WAITING
        at java.lang.Thread.sleep(Native Method)
        at java.lang.Thread.sleep(Thread.java:342)
        at java.util.concurrent.TimeUnit.sleep(TimeUnit.java:386)
        at org.apache.ratis.util.TimeDuration.sleep(TimeDuration.java:325)
        at org.apache.ratis.util.TimeDuration.sleep(TimeDuration.java:310)
        at org.apache.ratis.util.JvmPauseMonitor.detectPause(JvmPauseMonitor.java:119)
        at org.apache.ratis.util.JvmPauseMonitor.run(JvmPauseMonitor.java:108)
        at org.apache.ratis.util.JvmPauseMonitor$$Lambda$708/1088691990.run(Unknown Source)
        at java.lang.Thread.run(Thread.java:750)
"592803f5-ace9-49ac-a54f-354c0e5baf2c-server-thread1" daemon prio=5 tid=1111 timed_waiting
java.lang.Thread.State: TIMED_WAITING
        at sun.misc.Unsafe.park(Native Method)
        at java.util.concurrent.locks.LockSupport.parkNanos(LockSupport.java:215)
        at java.util.concurrent.SynchronousQueue$TransferStack.awaitFulfill(SynchronousQueue.java:460)
        at java.util.concurrent.SynchronousQueue$TransferStack.transfer(SynchronousQueue.java:362)
        at java.util.concurrent.SynchronousQueue.poll(SynchronousQueue.java:941)
        at java.util.concurrent.ThreadPoolExecutor.getTask(ThreadPoolExecutor.java:1073)
        at java.util.concurrent.ThreadPoolExecutor.runWorker(ThreadPoolExecutor.java:1134)
        at java.util.concurrent.ThreadPoolExecutor$Worker.run(ThreadPoolExecutor.java:624)
        at java.lang.Thread.run(Thread.java:750)
"307c9a4a-d135-41f7-b2cf-6e79e9d930c6@group-4CD243C2E417-StateMachineUpdater" daemon prio=5 tid=654 timed_waiting
java.lang.Thread.State: TIMED_WAITING
        at sun.misc.Unsafe.park(Native Method)
        at java.util.concurrent.locks.LockSupport.parkNanos(LockSupport.java:215)
        at java.util.concurrent.locks.AbstractQueuedSynchronizer$ConditionObject.await(AbstractQueuedSynchronizer.java:2163)
        at org.apache.ratis.util.AwaitForSignal.await(AwaitForSignal.java:62)
        at org.apache.ratis.server.impl.StateMachineUpdater.waitForCommit(StateMachineUpdater.java:207)
        at org.apache.ratis.server.impl.StateMachineUpdater.run(StateMachineUpdater.java:176)
        at java.lang.Thread.run(Thread.java:750)
"ChunkReader-2" daemon prio=5 tid=864 in Object.wait()
java.lang.Thread.State: WAITING (on object monitor)
        at sun.misc.Unsafe.park(Native Method)
        at java.util.concurrent.locks.LockSupport.park(LockSupport.java:175)
        at java.util.concurrent.locks.AbstractQueuedSynchronizer$ConditionObject.await(AbstractQueuedSynchronizer.java:2039)
        at java.util.concurrent.LinkedBlockingQueue.take(LinkedBlockingQueue.java:442)
        at java.util.concurrent.ThreadPoolExecutor.getTask(ThreadPoolExecutor.java:1074)
        at java.util.concurrent.ThreadPoolExecutor.runWorker(ThreadPoolExecutor.java:1134)
        at java.util.concurrent.ThreadPoolExecutor$Worker.run(ThreadPoolExecutor.java:624)
        at java.lang.Thread.run(Thread.java:750)
"Datanode ReportManager Thread - 1" daemon prio=5 tid=274 in Object.wait()
java.lang.Thread.State: WAITING (on object monitor)
        at sun.misc.Unsafe.park(Native Method)
        at java.util.concurrent.locks.LockSupport.park(LockSupport.java:175)
        at java.util.concurrent.locks.AbstractQueuedSynchronizer$ConditionObject.await(AbstractQueuedSynchronizer.java:2039)
        at java.util.concurrent.ScheduledThreadPoolExecutor$DelayedWorkQueue.take(ScheduledThreadPoolExecutor.java:1088)
        at java.util.concurrent.ScheduledThreadPoolExecutor$DelayedWorkQueue.take(ScheduledThreadPoolExecutor.java:809)
        at java.util.concurrent.ThreadPoolExecutor.getTask(ThreadPoolExecutor.java:1074)
        at java.util.concurrent.ThreadPoolExecutor.runWorker(ThreadPoolExecutor.java:1134)
        at java.util.concurrent.ThreadPoolExecutor$Worker.run(ThreadPoolExecutor.java:624)
        at java.lang.Thread.run(Thread.java:750)
"Datanode ReportManager Thread - 0" daemon prio=5 tid=247 timed_waiting
java.lang.Thread.State: TIMED_WAITING
        at sun.misc.Unsafe.park(Native Method)
        at java.util.concurrent.locks.LockSupport.parkNanos(LockSupport.java:215)
        at java.util.concurrent.locks.AbstractQueuedSynchronizer$ConditionObject.awaitNanos(AbstractQueuedSynchronizer.java:2078)
        at java.util.concurrent.ScheduledThreadPoolExecutor$DelayedWorkQueue.take(ScheduledThreadPoolExecutor.java:1093)
        at java.util.concurrent.ScheduledThreadPoolExecutor$DelayedWorkQueue.take(ScheduledThreadPoolExecutor.java:809)
        at java.util.concurrent.ThreadPoolExecutor.getTask(ThreadPoolExecutor.java:1074)
        at java.util.concurrent.ThreadPoolExecutor.runWorker(ThreadPoolExecutor.java:1134)
        at java.util.concurrent.ThreadPoolExecutor$Worker.run(ThreadPoolExecutor.java:624)
        at java.lang.Thread.run(Thread.java:750)
"IPC Server handler 5 on default port 39139" daemon prio=5 tid=158 timed_waiting
java.lang.Thread.State: TIMED_WAITING
        at sun.misc.Unsafe.park(Native Method)
        at java.util.concurrent.locks.LockSupport.parkNanos(LockSupport.java:215)
        at java.util.concurrent.locks.AbstractQueuedSynchronizer$ConditionObject.awaitNanos(AbstractQueuedSynchronizer.java:2078)
        at java.util.concurrent.LinkedBlockingQueue.poll(LinkedBlockingQueue.java:467)
        at org.apache.hadoop.ipc.CallQueueManager.take(CallQueueManager.java:317)
        at org.apache.hadoop.ipc.Server$Handler.run(Server.java:2942)
"IPC Server handler 0 on default port 38215" daemon prio=5 tid=66 timed_waiting
java.lang.Thread.State: TIMED_WAITING
        at sun.misc.Unsafe.park(Native Method)
        at java.util.concurrent.locks.LockSupport.parkNanos(LockSupport.java:215)
        at java.util.concurrent.locks.AbstractQueuedSynchronizer$ConditionObject.awaitNanos(AbstractQueuedSynchronizer.java:2078)
        at java.util.concurrent.LinkedBlockingQueue.poll(LinkedBlockingQueue.java:467)
        at org.apache.hadoop.ipc.CallQueueManager.take(CallQueueManager.java:317)
        at org.apache.hadoop.ipc.Server$Handler.run(Server.java:2942)
"93471f04-f84a-446a-9dbd-94f45fb64b69@group-73B16E30E520->592803f5-ace9-49ac-a54f-354c0e5baf2c-GrpcLogAppender-LogAppenderDaemon" daemon prio=5 tid=1089 timed_waiting
java.lang.Thread.State: TIMED_WAITING
        at sun.misc.Unsafe.park(Native Method)
        at java.util.concurrent.locks.LockSupport.parkNanos(LockSupport.java:215)
        at java.util.concurrent.locks.AbstractQueuedSynchronizer$ConditionObject.await(AbstractQueuedSynchronizer.java:2163)
        at org.apache.ratis.util.AwaitForSignal.await(AwaitForSignal.java:62)
        at org.apache.ratis.grpc.server.GrpcLogAppender.mayWait(GrpcLogAppender.java:198)
        at org.apache.ratis.grpc.server.GrpcLogAppender.run(GrpcLogAppender.java:148)
        at org.apache.ratis.server.leader.LogAppenderDaemon.run(LogAppenderDaemon.java:78)
        at org.apache.ratis.server.leader.LogAppenderDaemon$$Lambda$1044/2014844076.run(Unknown Source)
        at java.lang.Thread.run(Thread.java:750)
"StaleRecoveringContainerScrubbingService#6" daemon prio=5 tid=1119 in Object.wait()
java.lang.Thread.State: WAITING (on object monitor)
        at sun.misc.Unsafe.park(Native Method)
        at java.util.concurrent.locks.LockSupport.park(LockSupport.java:175)
        at java.util.concurrent.locks.AbstractQueuedSynchronizer$ConditionObject.await(AbstractQueuedSynchronizer.java:2039)
        at java.util.concurrent.ScheduledThreadPoolExecutor$DelayedWorkQueue.take(ScheduledThreadPoolExecutor.java:1088)
        at java.util.concurrent.ScheduledThreadPoolExecutor$DelayedWorkQueue.take(ScheduledThreadPoolExecutor.java:809)
        at java.util.concurrent.ThreadPoolExecutor.getTask(ThreadPoolExecutor.java:1074)
        at java.util.concurrent.ThreadPoolExecutor.runWorker(ThreadPoolExecutor.java:1134)
        at java.util.concurrent.ThreadPoolExecutor$Worker.run(ThreadPoolExecutor.java:624)
        at java.lang.Thread.run(Thread.java:750)
"ChunkReader-3" daemon prio=5 tid=964 in Object.wait()
java.lang.Thread.State: WAITING (on object monitor)
        at sun.misc.Unsafe.park(Native Method)
        at java.util.concurrent.locks.LockSupport.park(LockSupport.java:175)
        at java.util.concurrent.locks.AbstractQueuedSynchronizer$ConditionObject.await(AbstractQueuedSynchronizer.java:2039)
        at java.util.concurrent.LinkedBlockingQueue.take(LinkedBlockingQueue.java:442)
        at java.util.concurrent.ThreadPoolExecutor.getTask(ThreadPoolExecutor.java:1074)
        at java.util.concurrent.ThreadPoolExecutor.runWorker(ThreadPoolExecutor.java:1134)
        at java.util.concurrent.ThreadPoolExecutor$Worker.run(ThreadPoolExecutor.java:624)
        at java.lang.Thread.run(Thread.java:750)
"BlockDeletingService#2" daemon prio=5 tid=1135 timed_waiting
java.lang.Thread.State: TIMED_WAITING
        at sun.misc.Unsafe.park(Native Method)
        at java.util.concurrent.locks.LockSupport.parkNanos(LockSupport.java:215)
        at java.util.concurrent.locks.AbstractQueuedSynchronizer$ConditionObject.awaitNanos(AbstractQueuedSynchronizer.java:2078)
        at java.util.concurrent.ScheduledThreadPoolExecutor$DelayedWorkQueue.take(ScheduledThreadPoolExecutor.java:1093)
        at java.util.concurrent.ScheduledThreadPoolExecutor$DelayedWorkQueue.take(ScheduledThreadPoolExecutor.java:809)
        at java.util.concurrent.ThreadPoolExecutor.getTask(ThreadPoolExecutor.java:1074)
        at java.util.concurrent.ThreadPoolExecutor.runWorker(ThreadPoolExecutor.java:1134)
        at java.util.concurrent.ThreadPoolExecutor$Worker.run(ThreadPoolExecutor.java:624)
        at java.lang.Thread.run(Thread.java:750)
"StaleRecoveringContainerScrubbingService#2" daemon prio=5 tid=1080 timed_waiting
java.lang.Thread.State: TIMED_WAITING
        at sun.misc.Unsafe.park(Native Method)
        at java.util.concurrent.locks.LockSupport.parkNanos(LockSupport.java:215)
        at java.util.concurrent.locks.AbstractQueuedSynchronizer$ConditionObject.awaitNanos(AbstractQueuedSynchronizer.java:2078)
        at java.util.concurrent.ScheduledThreadPoolExecutor$DelayedWorkQueue.take(ScheduledThreadPoolExecutor.java:1093)
        at java.util.concurrent.ScheduledThreadPoolExecutor$DelayedWorkQueue.take(ScheduledThreadPoolExecutor.java:809)
        at java.util.concurrent.ThreadPoolExecutor.getTask(ThreadPoolExecutor.java:1074)
        at java.util.concurrent.ThreadPoolExecutor.runWorker(ThreadPoolExecutor.java:1134)
        at java.util.concurrent.ThreadPoolExecutor$Worker.run(ThreadPoolExecutor.java:624)
        at java.lang.Thread.run(Thread.java:750)
"Datanode State Machine Daemon Thread" daemon prio=5 tid=439 timed_waiting
java.lang.Thread.State: TIMED_WAITING
        at java.lang.Thread.sleep(Native Method)
        at org.apache.hadoop.ozone.container.common.statemachine.DatanodeStateMachine.startStateMachineThread(DatanodeStateMachine.java:321)
        at org.apache.hadoop.ozone.container.common.statemachine.DatanodeStateMachine.lambda$startDaemon$0(DatanodeStateMachine.java:506)
        at org.apache.hadoop.ozone.container.common.statemachine.DatanodeStateMachine$$Lambda$753/1356624790.run(Unknown Source)
        at java.lang.Thread.run(Thread.java:750)
"BlockDeletingService#3" daemon prio=5 tid=1168 in Object.wait()
java.lang.Thread.State: WAITING (on object monitor)
        at sun.misc.Unsafe.park(Native Method)
        at java.util.concurrent.locks.LockSupport.park(LockSupport.java:175)
        at java.util.concurrent.locks.AbstractQueuedSynchronizer$ConditionObject.await(AbstractQueuedSynchronizer.java:2039)
        at java.util.concurrent.ScheduledThreadPoolExecutor$DelayedWorkQueue.take(ScheduledThreadPoolExecutor.java:1088)
        at java.util.concurrent.ScheduledThreadPoolExecutor$DelayedWorkQueue.take(ScheduledThreadPoolExecutor.java:809)
        at java.util.concurrent.ThreadPoolExecutor.getTask(ThreadPoolExecutor.java:1074)
        at java.util.concurrent.ThreadPoolExecutor.runWorker(ThreadPoolExecutor.java:1134)
        at java.util.concurrent.ThreadPoolExecutor$Worker.run(ThreadPoolExecutor.java:624)
        at java.lang.Thread.run(Thread.java:750)
"ChunkWriter-2-0" daemon prio=5 tid=452 in Object.wait()
java.lang.Thread.State: WAITING (on object monitor)
        at sun.misc.Unsafe.park(Native Method)
        at java.util.concurrent.locks.LockSupport.park(LockSupport.java:175)
        at java.util.concurrent.locks.AbstractQueuedSynchronizer$ConditionObject.await(AbstractQueuedSynchronizer.java:2039)
        at java.util.concurrent.LinkedBlockingDeque.takeFirst(LinkedBlockingDeque.java:492)
        at java.util.concurrent.LinkedBlockingDeque.take(LinkedBlockingDeque.java:680)
        at java.util.concurrent.ThreadPoolExecutor.getTask(ThreadPoolExecutor.java:1074)
        at java.util.concurrent.ThreadPoolExecutor.runWorker(ThreadPoolExecutor.java:1134)
        at java.util.concurrent.ThreadPoolExecutor$Worker.run(ThreadPoolExecutor.java:624)
        at java.lang.Thread.run(Thread.java:750)
"Periodic HDDS volume checker" daemon prio=5 tid=203 timed_waiting
java.lang.Thread.State: TIMED_WAITING
        at sun.misc.Unsafe.park(Native Method)
        at java.util.concurrent.locks.LockSupport.parkNanos(LockSupport.java:215)
        at java.util.concurrent.locks.AbstractQueuedSynchronizer$ConditionObject.awaitNanos(AbstractQueuedSynchronizer.java:2078)
        at java.util.concurrent.ScheduledThreadPoolExecutor$DelayedWorkQueue.take(ScheduledThreadPoolExecutor.java:1093)
        at java.util.concurrent.ScheduledThreadPoolExecutor$DelayedWorkQueue.take(ScheduledThreadPoolExecutor.java:809)
        at java.util.concurrent.ThreadPoolExecutor.getTask(ThreadPoolExecutor.java:1074)
        at java.util.concurrent.ThreadPoolExecutor.runWorker(ThreadPoolExecutor.java:1134)
        at java.util.concurrent.ThreadPoolExecutor$Worker.run(ThreadPoolExecutor.java:624)
        at java.lang.Thread.run(Thread.java:750)
"Session-HouseKeeper-38f3dbbf-1"  prio=5 tid=117 timed_waiting
java.lang.Thread.State: TIMED_WAITING
        at sun.misc.Unsafe.park(Native Method)
        at java.util.concurrent.locks.LockSupport.parkNanos(LockSupport.java:215)
        at java.util.concurrent.locks.AbstractQueuedSynchronizer$ConditionObject.awaitNanos(AbstractQueuedSynchronizer.java:2078)
        at java.util.concurrent.ScheduledThreadPoolExecutor$DelayedWorkQueue.take(ScheduledThreadPoolExecutor.java:1093)
        at java.util.concurrent.ScheduledThreadPoolExecutor$DelayedWorkQueue.take(ScheduledThreadPoolExecutor.java:809)
        at java.util.concurrent.ThreadPoolExecutor.getTask(ThreadPoolExecutor.java:1074)
        at java.util.concurrent.ThreadPoolExecutor.runWorker(ThreadPoolExecutor.java:1134)
        at java.util.concurrent.ThreadPoolExecutor$Worker.run(ThreadPoolExecutor.java:624)
        at java.lang.Thread.run(Thread.java:750)
"org.apache.hadoop.util.JvmPauseMonitor$Monitor@10373fc4" daemon prio=5 tid=279 timed_waiting
java.lang.Thread.State: TIMED_WAITING
        at java.lang.Thread.sleep(Native Method)
        at org.apache.hadoop.util.JvmPauseMonitor$Monitor.run(JvmPauseMonitor.java:192)
        at java.lang.Thread.run(Thread.java:750)
"2fe07876-8610-433e-a055-404555d6ad88@group-B9F234375034-StateMachineUpdater" daemon prio=5 tid=678 timed_waiting
java.lang.Thread.State: TIMED_WAITING
        at sun.misc.Unsafe.park(Native Method)
        at java.util.concurrent.locks.LockSupport.parkNanos(LockSupport.java:215)
        at java.util.concurrent.locks.AbstractQueuedSynchronizer$ConditionObject.await(AbstractQueuedSynchronizer.java:2163)
        at org.apache.ratis.util.AwaitForSignal.await(AwaitForSignal.java:62)
        at org.apache.ratis.server.impl.StateMachineUpdater.waitForCommit(StateMachineUpdater.java:207)
        at org.apache.ratis.server.impl.StateMachineUpdater.run(StateMachineUpdater.java:176)
        at java.lang.Thread.run(Thread.java:750)
"StaleRecoveringContainerScrubbingService#8" daemon prio=5 tid=1164 in Object.wait()
java.lang.Thread.State: WAITING (on object monitor)
        at sun.misc.Unsafe.park(Native Method)
        at java.util.concurrent.locks.LockSupport.park(LockSupport.java:175)
        at java.util.concurrent.locks.AbstractQueuedSynchronizer$ConditionObject.await(AbstractQueuedSynchronizer.java:2039)
        at java.util.concurrent.ScheduledThreadPoolExecutor$DelayedWorkQueue.take(ScheduledThreadPoolExecutor.java:1088)
        at java.util.concurrent.ScheduledThreadPoolExecutor$DelayedWorkQueue.take(ScheduledThreadPoolExecutor.java:809)
        at java.util.concurrent.ThreadPoolExecutor.getTask(ThreadPoolExecutor.java:1074)
        at java.util.concurrent.ThreadPoolExecutor.runWorker(ThreadPoolExecutor.java:1134)
        at java.util.concurrent.ThreadPoolExecutor$Worker.run(ThreadPoolExecutor.java:624)
        at java.lang.Thread.run(Thread.java:750)
"IPC Server handler 10 on default port 38215" daemon prio=5 tid=76 timed_waiting
java.lang.Thread.State: TIMED_WAITING
        at sun.misc.Unsafe.park(Native Method)
        at java.util.concurrent.locks.LockSupport.parkNanos(LockSupport.java:215)
        at java.util.concurrent.locks.AbstractQueuedSynchronizer$ConditionObject.awaitNanos(AbstractQueuedSynchronizer.java:2078)
        at java.util.concurrent.LinkedBlockingQueue.poll(LinkedBlockingQueue.java:467)
        at org.apache.hadoop.ipc.CallQueueManager.take(CallQueueManager.java:317)
        at org.apache.hadoop.ipc.Server$Handler.run(Server.java:2942)
"JvmPauseMonitor8" daemon prio=5 tid=535 timed_waiting
java.lang.Thread.State: TIMED_WAITING
        at java.lang.Thread.sleep(Native Method)
        at java.lang.Thread.sleep(Thread.java:342)
        at java.util.concurrent.TimeUnit.sleep(TimeUnit.java:386)
        at org.apache.ratis.util.TimeDuration.sleep(TimeDuration.java:325)
        at org.apache.ratis.util.TimeDuration.sleep(TimeDuration.java:310)
        at org.apache.ratis.util.JvmPauseMonitor.detectPause(JvmPauseMonitor.java:119)
        at org.apache.ratis.util.JvmPauseMonitor.run(JvmPauseMonitor.java:108)
        at org.apache.ratis.util.JvmPauseMonitor$$Lambda$708/1088691990.run(Unknown Source)
        at java.lang.Thread.run(Thread.java:750)
"Session-HouseKeeper-624cdb95-1"  prio=5 tid=219 timed_waiting
java.lang.Thread.State: TIMED_WAITING
        at sun.misc.Unsafe.park(Native Method)
        at java.util.concurrent.locks.LockSupport.parkNanos(LockSupport.java:215)
        at java.util.concurrent.locks.AbstractQueuedSynchronizer$ConditionObject.awaitNanos(AbstractQueuedSynchronizer.java:2078)
        at java.util.concurrent.ScheduledThreadPoolExecutor$DelayedWorkQueue.take(ScheduledThreadPoolExecutor.java:1093)
        at java.util.concurrent.ScheduledThreadPoolExecutor$DelayedWorkQueue.take(ScheduledThreadPoolExecutor.java:809)
        at java.util.concurrent.ThreadPoolExecutor.getTask(ThreadPoolExecutor.java:1074)
        at java.util.concurrent.ThreadPoolExecutor.runWorker(ThreadPoolExecutor.java:1134)
        at java.util.concurrent.ThreadPoolExecutor$Worker.run(ThreadPoolExecutor.java:624)
        at java.lang.Thread.run(Thread.java:750)
"BlockDeletingService#3" daemon prio=5 tid=1167 in Object.wait()
java.lang.Thread.State: WAITING (on object monitor)
        at sun.misc.Unsafe.park(Native Method)
        at java.util.concurrent.locks.LockSupport.park(LockSupport.java:175)
        at java.util.concurrent.locks.AbstractQueuedSynchronizer$ConditionObject.await(AbstractQueuedSynchronizer.java:2039)
        at java.util.concurrent.ScheduledThreadPoolExecutor$DelayedWorkQueue.take(ScheduledThreadPoolExecutor.java:1088)
        at java.util.concurrent.ScheduledThreadPoolExecutor$DelayedWorkQueue.take(ScheduledThreadPoolExecutor.java:809)
        at java.util.concurrent.ThreadPoolExecutor.getTask(ThreadPoolExecutor.java:1074)
        at java.util.concurrent.ThreadPoolExecutor.runWorker(ThreadPoolExecutor.java:1134)
        at java.util.concurrent.ThreadPoolExecutor$Worker.run(ThreadPoolExecutor.java:624)
        at java.lang.Thread.run(Thread.java:750)
"qtp829190748-319" daemon prio=5 tid=319 timed_waiting
java.lang.Thread.State: TIMED_WAITING
        at sun.misc.Unsafe.park(Native Method)
        at java.util.concurrent.locks.LockSupport.parkNanos(LockSupport.java:215)
        at java.util.concurrent.locks.AbstractQueuedSynchronizer$ConditionObject.awaitNanos(AbstractQueuedSynchronizer.java:2078)
        at org.eclipse.jetty.util.BlockingArrayQueue.poll(BlockingArrayQueue.java:382)
        at org.eclipse.jetty.util.thread.QueuedThreadPool$Runner.idleJobPoll(QueuedThreadPool.java:974)
        at org.eclipse.jetty.util.thread.QueuedThreadPool$Runner.run(QueuedThreadPool.java:1018)
        at java.lang.Thread.run(Thread.java:750)
"ChunkWriter-3-0" daemon prio=5 tid=339 in Object.wait()
java.lang.Thread.State: WAITING (on object monitor)
        at sun.misc.Unsafe.park(Native Method)
        at java.util.concurrent.locks.LockSupport.park(LockSupport.java:175)
        at java.util.concurrent.locks.AbstractQueuedSynchronizer$ConditionObject.await(AbstractQueuedSynchronizer.java:2039)
        at java.util.concurrent.LinkedBlockingDeque.takeFirst(LinkedBlockingDeque.java:492)
        at java.util.concurrent.LinkedBlockingDeque.take(LinkedBlockingDeque.java:680)
        at java.util.concurrent.ThreadPoolExecutor.getTask(ThreadPoolExecutor.java:1074)
        at java.util.concurrent.ThreadPoolExecutor.runWorker(ThreadPoolExecutor.java:1134)
        at java.util.concurrent.ThreadPoolExecutor$Worker.run(ThreadPoolExecutor.java:624)
        at java.lang.Thread.run(Thread.java:750)
"org.apache.hadoop.ozone.container.common.statemachine.commandhandler.DeleteBlocksCommandHandler$DeleteCmdWorker@54fc186f" daemon prio=5 tid=313 timed_waiting
java.lang.Thread.State: TIMED_WAITING
        at java.lang.Thread.sleep(Native Method)
        at org.apache.hadoop.ozone.container.common.statemachine.commandhandler.DeleteBlocksCommandHandler$DeleteCmdWorker.run(DeleteBlocksCommandHandler.java:184)
        at java.lang.Thread.run(Thread.java:750)
"fd07e5d7-2dd9-455a-a9b9-9dae4f4be123@group-FFC8E6C97F07->592803f5-ace9-49ac-a54f-354c0e5baf2c-GrpcLogAppender-LogAppenderDaemon" daemon prio=5 tid=1108 timed_waiting
java.lang.Thread.State: TIMED_WAITING
        at sun.misc.Unsafe.park(Native Method)
        at java.util.concurrent.locks.LockSupport.parkNanos(LockSupport.java:215)
        at java.util.concurrent.locks.AbstractQueuedSynchronizer$ConditionObject.await(AbstractQueuedSynchronizer.java:2163)
        at org.apache.ratis.util.AwaitForSignal.await(AwaitForSignal.java:62)
        at org.apache.ratis.grpc.server.GrpcLogAppender.mayWait(GrpcLogAppender.java:198)
        at org.apache.ratis.grpc.server.GrpcLogAppender.run(GrpcLogAppender.java:148)
        at org.apache.ratis.server.leader.LogAppenderDaemon.run(LogAppenderDaemon.java:78)
        at org.apache.ratis.server.leader.LogAppenderDaemon$$Lambda$1044/2014844076.run(Unknown Source)
        at java.lang.Thread.run(Thread.java:750)
"6a413ed4-87ae-4509-b51d-2f5d21600f9c@group-B9F234375034-SegmentedRaftLogWorker"  prio=5 tid=676 timed_waiting
java.lang.Thread.State: TIMED_WAITING
        at sun.misc.Unsafe.park(Native Method)
        at java.util.concurrent.locks.LockSupport.parkNanos(LockSupport.java:215)
        at java.util.concurrent.locks.AbstractQueuedSynchronizer$ConditionObject.awaitNanos(AbstractQueuedSynchronizer.java:2078)
        at org.apache.ratis.util.DataBlockingQueue.poll(DataBlockingQueue.java:148)
        at org.apache.ratis.server.raftlog.segmented.SegmentedRaftLogWorker.run(SegmentedRaftLogWorker.java:312)
        at org.apache.ratis.server.raftlog.segmented.SegmentedRaftLogWorker$$Lambda$667/1365285756.run(Unknown Source)
        at java.lang.Thread.run(Thread.java:750)
"IPC Server handler 18 on default port 38215" daemon prio=5 tid=84 timed_waiting
java.lang.Thread.State: TIMED_WAITING
        at sun.misc.Unsafe.park(Native Method)
        at java.util.concurrent.locks.LockSupport.parkNanos(LockSupport.java:215)
        at java.util.concurrent.locks.AbstractQueuedSynchronizer$ConditionObject.awaitNanos(AbstractQueuedSynchronizer.java:2078)
        at java.util.concurrent.LinkedBlockingQueue.poll(LinkedBlockingQueue.java:467)
        at org.apache.hadoop.ipc.CallQueueManager.take(CallQueueManager.java:317)
        at org.apache.hadoop.ipc.Server$Handler.run(Server.java:2942)
"IPC Server handler 4 on default port 39139" daemon prio=5 tid=157 timed_waiting
java.lang.Thread.State: TIMED_WAITING
        at sun.misc.Unsafe.park(Native Method)
        at java.util.concurrent.locks.LockSupport.parkNanos(LockSupport.java:215)
        at java.util.concurrent.locks.AbstractQueuedSynchronizer$ConditionObject.awaitNanos(AbstractQueuedSynchronizer.java:2078)
        at java.util.concurrent.LinkedBlockingQueue.poll(LinkedBlockingQueue.java:467)
        at org.apache.hadoop.ipc.CallQueueManager.take(CallQueueManager.java:317)
        at org.apache.hadoop.ipc.Server$Handler.run(Server.java:2942)
"18a879af-de93-4167-9a98-f5b552aa8b4b@group-E13D6F209EBE-StateMachineUpdater" daemon prio=5 tid=604 timed_waiting
java.lang.Thread.State: TIMED_WAITING
        at sun.misc.Unsafe.park(Native Method)
        at java.util.concurrent.locks.LockSupport.parkNanos(LockSupport.java:215)
        at java.util.concurrent.locks.AbstractQueuedSynchronizer$ConditionObject.await(AbstractQueuedSynchronizer.java:2163)
        at org.apache.ratis.util.AwaitForSignal.await(AwaitForSignal.java:62)
        at org.apache.ratis.server.impl.StateMachineUpdater.waitForCommit(StateMachineUpdater.java:207)
        at org.apache.ratis.server.impl.StateMachineUpdater.run(StateMachineUpdater.java:176)
        at java.lang.Thread.run(Thread.java:750)
"IPC Server handler 2 on default port 43931" daemon prio=5 tid=88 timed_waiting
java.lang.Thread.State: TIMED_WAITING
        at sun.misc.Unsafe.park(Native Method)
        at java.util.concurrent.locks.LockSupport.parkNanos(LockSupport.java:215)
        at java.util.concurrent.locks.AbstractQueuedSynchronizer$ConditionObject.awaitNanos(AbstractQueuedSynchronizer.java:2078)
        at java.util.concurrent.LinkedBlockingQueue.poll(LinkedBlockingQueue.java:467)
        at org.apache.hadoop.ipc.CallQueueManager.take(CallQueueManager.java:317)
        at org.apache.hadoop.ipc.Server$Handler.run(Server.java:2942)
"qtp1728369813-399" daemon prio=5 tid=399 timed_waiting
java.lang.Thread.State: TIMED_WAITING
        at sun.misc.Unsafe.park(Native Method)
        at java.util.concurrent.locks.LockSupport.parkNanos(LockSupport.java:215)
        at java.util.concurrent.locks.AbstractQueuedSynchronizer$ConditionObject.awaitNanos(AbstractQueuedSynchronizer.java:2078)
        at org.eclipse.jetty.util.BlockingArrayQueue.poll(BlockingArrayQueue.java:382)
        at org.eclipse.jetty.util.thread.QueuedThreadPool$Runner.idleJobPoll(QueuedThreadPool.java:974)
        at org.eclipse.jetty.util.thread.QueuedThreadPool$Runner.run(QueuedThreadPool.java:1018)
        at java.lang.Thread.run(Thread.java:750)
"93471f04-f84a-446a-9dbd-94f45fb64b69-server-thread1" daemon prio=5 tid=1109 timed_waiting
java.lang.Thread.State: TIMED_WAITING
        at sun.misc.Unsafe.park(Native Method)
        at java.util.concurrent.locks.LockSupport.parkNanos(LockSupport.java:215)
        at java.util.concurrent.SynchronousQueue$TransferStack.awaitFulfill(SynchronousQueue.java:460)
        at java.util.concurrent.SynchronousQueue$TransferStack.transfer(SynchronousQueue.java:362)
        at java.util.concurrent.SynchronousQueue.poll(SynchronousQueue.java:941)
        at java.util.concurrent.ThreadPoolExecutor.getTask(ThreadPoolExecutor.java:1073)
        at java.util.concurrent.ThreadPoolExecutor.runWorker(ThreadPoolExecutor.java:1134)
        at java.util.concurrent.ThreadPoolExecutor$Worker.run(ThreadPoolExecutor.java:624)
        at java.lang.Thread.run(Thread.java:750)
"BlockDeletingService#0" daemon prio=5 tid=422 timed_waiting
java.lang.Thread.State: TIMED_WAITING
        at sun.misc.Unsafe.park(Native Method)
        at java.util.concurrent.locks.LockSupport.parkNanos(LockSupport.java:215)
        at java.util.concurrent.locks.AbstractQueuedSynchronizer$ConditionObject.awaitNanos(AbstractQueuedSynchronizer.java:2078)
        at java.util.concurrent.ScheduledThreadPoolExecutor$DelayedWorkQueue.take(ScheduledThreadPoolExecutor.java:1093)
        at java.util.concurrent.ScheduledThreadPoolExecutor$DelayedWorkQueue.take(ScheduledThreadPoolExecutor.java:809)
        at java.util.concurrent.ThreadPoolExecutor.getTask(ThreadPoolExecutor.java:1074)
        at java.util.concurrent.ThreadPoolExecutor.runWorker(ThreadPoolExecutor.java:1134)
        at java.util.concurrent.ThreadPoolExecutor$Worker.run(ThreadPoolExecutor.java:624)
        at java.lang.Thread.run(Thread.java:750)
"Command processor thread" daemon prio=5 tid=333 timed_waiting
java.lang.Thread.State: TIMED_WAITING
        at java.lang.Thread.sleep(Native Method)
        at org.apache.hadoop.ozone.container.common.statemachine.DatanodeStateMachine.lambda$initCommandHandlerThread$3(DatanodeStateMachine.java:641)
        at org.apache.hadoop.ozone.container.common.statemachine.DatanodeStateMachine$$Lambda$755/788578843.run(Unknown Source)
        at java.lang.Thread.run(Thread.java:750)
"EventQueue-NodeRegistrationContainerReportForContainerSafeModeRule" daemon prio=5 tid=500 in Object.wait()
java.lang.Thread.State: WAITING (on object monitor)
        at sun.misc.Unsafe.park(Native Method)
        at java.util.concurrent.locks.LockSupport.park(LockSupport.java:175)
        at java.util.concurrent.locks.AbstractQueuedSynchronizer$ConditionObject.await(AbstractQueuedSynchronizer.java:2039)
        at java.util.concurrent.LinkedBlockingQueue.take(LinkedBlockingQueue.java:442)
        at java.util.concurrent.ThreadPoolExecutor.getTask(ThreadPoolExecutor.java:1074)
        at java.util.concurrent.ThreadPoolExecutor.runWorker(ThreadPoolExecutor.java:1134)
        at java.util.concurrent.ThreadPoolExecutor$Worker.run(ThreadPoolExecutor.java:624)
        at java.lang.Thread.run(Thread.java:750)
"ChunkReader-0" daemon prio=5 tid=951 in Object.wait()
java.lang.Thread.State: WAITING (on object monitor)
        at sun.misc.Unsafe.park(Native Method)
        at java.util.concurrent.locks.LockSupport.park(LockSupport.java:175)
        at java.util.concurrent.locks.AbstractQueuedSynchronizer$ConditionObject.await(AbstractQueuedSynchronizer.java:2039)
        at java.util.concurrent.LinkedBlockingQueue.take(LinkedBlockingQueue.java:442)
        at java.util.concurrent.ThreadPoolExecutor.getTask(ThreadPoolExecutor.java:1074)
        at java.util.concurrent.ThreadPoolExecutor.runWorker(ThreadPoolExecutor.java:1134)
        at java.util.concurrent.ThreadPoolExecutor$Worker.run(ThreadPoolExecutor.java:624)
        at java.lang.Thread.run(Thread.java:750)
"ChunkReader-1" daemon prio=5 tid=854 in Object.wait()
java.lang.Thread.State: WAITING (on object monitor)
        at sun.misc.Unsafe.park(Native Method)
        at java.util.concurrent.locks.LockSupport.park(LockSupport.java:175)
        at java.util.concurrent.locks.AbstractQueuedSynchronizer$ConditionObject.await(AbstractQueuedSynchronizer.java:2039)
        at java.util.concurrent.LinkedBlockingQueue.take(LinkedBlockingQueue.java:442)
        at java.util.concurrent.ThreadPoolExecutor.getTask(ThreadPoolExecutor.java:1074)
        at java.util.concurrent.ThreadPoolExecutor.runWorker(ThreadPoolExecutor.java:1134)
        at java.util.concurrent.ThreadPoolExecutor$Worker.run(ThreadPoolExecutor.java:624)
        at java.lang.Thread.run(Thread.java:750)
"ChunkReader-3" daemon prio=5 tid=1075 in Object.wait()
java.lang.Thread.State: WAITING (on object monitor)
        at sun.misc.Unsafe.park(Native Method)
        at java.util.concurrent.locks.LockSupport.park(LockSupport.java:175)
        at java.util.concurrent.locks.AbstractQueuedSynchronizer$ConditionObject.await(AbstractQueuedSynchronizer.java:2039)
        at java.util.concurrent.LinkedBlockingQueue.take(LinkedBlockingQueue.java:442)
        at java.util.concurrent.ThreadPoolExecutor.getTask(ThreadPoolExecutor.java:1074)
        at java.util.concurrent.ThreadPoolExecutor.runWorker(ThreadPoolExecutor.java:1134)
        at java.util.concurrent.ThreadPoolExecutor$Worker.run(ThreadPoolExecutor.java:624)
        at java.lang.Thread.run(Thread.java:750)
"IPC Server handler 2 on default port 34787" daemon prio=5 tid=48 timed_waiting
java.lang.Thread.State: TIMED_WAITING
        at sun.misc.Unsafe.park(Native Method)
        at java.util.concurrent.locks.LockSupport.parkNanos(LockSupport.java:215)
        at java.util.concurrent.locks.AbstractQueuedSynchronizer$ConditionObject.awaitNanos(AbstractQueuedSynchronizer.java:2078)
        at java.util.concurrent.LinkedBlockingQueue.poll(LinkedBlockingQueue.java:467)
        at org.apache.hadoop.ipc.CallQueueManager.take(CallQueueManager.java:317)
        at org.apache.hadoop.ipc.Server$Handler.run(Server.java:2942)
"18a879af-de93-4167-9a98-f5b552aa8b4b@group-C860D8A7810C-SegmentedRaftLogWorker"  prio=5 tid=571 timed_waiting
java.lang.Thread.State: TIMED_WAITING
        at sun.misc.Unsafe.park(Native Method)
        at java.util.concurrent.locks.LockSupport.parkNanos(LockSupport.java:215)
        at java.util.concurrent.locks.AbstractQueuedSynchronizer$ConditionObject.awaitNanos(AbstractQueuedSynchronizer.java:2078)
        at org.apache.ratis.util.DataBlockingQueue.poll(DataBlockingQueue.java:148)
        at org.apache.ratis.server.raftlog.segmented.SegmentedRaftLogWorker.run(SegmentedRaftLogWorker.java:312)
        at org.apache.ratis.server.raftlog.segmented.SegmentedRaftLogWorker$$Lambda$667/1365285756.run(Unknown Source)
        at java.lang.Thread.run(Thread.java:750)
"qtp2022973332-146" daemon prio=5 tid=146 timed_waiting
java.lang.Thread.State: TIMED_WAITING
        at sun.misc.Unsafe.park(Native Method)
        at java.util.concurrent.locks.LockSupport.parkNanos(LockSupport.java:215)
        at java.util.concurrent.locks.AbstractQueuedSynchronizer$ConditionObject.awaitNanos(AbstractQueuedSynchronizer.java:2078)
        at org.eclipse.jetty.util.BlockingArrayQueue.poll(BlockingArrayQueue.java:382)
        at org.eclipse.jetty.util.thread.QueuedThreadPool$Runner.idleJobPoll(QueuedThreadPool.java:974)
        at org.eclipse.jetty.util.thread.QueuedThreadPool$Runner.run(QueuedThreadPool.java:1018)
        at java.lang.Thread.run(Thread.java:750)
"org.apache.hadoop.ozone.container.common.statemachine.commandhandler.DeleteBlocksCommandHandler$DeleteCmdWorker@51392536" daemon prio=5 tid=235 timed_waiting
java.lang.Thread.State: TIMED_WAITING
        at java.lang.Thread.sleep(Native Method)
        at org.apache.hadoop.ozone.container.common.statemachine.commandhandler.DeleteBlocksCommandHandler$DeleteCmdWorker.run(DeleteBlocksCommandHandler.java:184)
        at java.lang.Thread.run(Thread.java:750)
"6a413ed4-87ae-4509-b51d-2f5d21600f9c@group-84F592C88491-LeaderStateImpl" daemon prio=5 tid=748 timed_waiting
java.lang.Thread.State: TIMED_WAITING
        at sun.misc.Unsafe.park(Native Method)
        at java.util.concurrent.locks.LockSupport.parkNanos(LockSupport.java:215)
        at java.util.concurrent.locks.AbstractQueuedSynchronizer$ConditionObject.awaitNanos(AbstractQueuedSynchronizer.java:2078)
        at java.util.concurrent.ArrayBlockingQueue.poll(ArrayBlockingQueue.java:418)
        at org.apache.ratis.server.impl.LeaderStateImpl$EventQueue.poll(LeaderStateImpl.java:159)
        at org.apache.ratis.server.impl.LeaderStateImpl$EventProcessor.run(LeaderStateImpl.java:630)
"StaleRecoveringContainerScrubbingService#6" daemon prio=5 tid=1120 in Object.wait()
java.lang.Thread.State: WAITING (on object monitor)
        at sun.misc.Unsafe.park(Native Method)
        at java.util.concurrent.locks.LockSupport.park(LockSupport.java:175)
        at java.util.concurrent.locks.AbstractQueuedSynchronizer$ConditionObject.await(AbstractQueuedSynchronizer.java:2039)
        at java.util.concurrent.ScheduledThreadPoolExecutor$DelayedWorkQueue.take(ScheduledThreadPoolExecutor.java:1088)
        at java.util.concurrent.ScheduledThreadPoolExecutor$DelayedWorkQueue.take(ScheduledThreadPoolExecutor.java:809)
        at java.util.concurrent.ThreadPoolExecutor.getTask(ThreadPoolExecutor.java:1074)
        at java.util.concurrent.ThreadPoolExecutor.runWorker(ThreadPoolExecutor.java:1134)
        at java.util.concurrent.ThreadPoolExecutor$Worker.run(ThreadPoolExecutor.java:624)
        at java.lang.Thread.run(Thread.java:750)
"pool-179-thread-1" daemon prio=5 tid=310 timed_waiting
java.lang.Thread.State: TIMED_WAITING
        at sun.misc.Unsafe.park(Native Method)
        at java.util.concurrent.locks.LockSupport.parkNanos(LockSupport.java:215)
        at java.util.concurrent.locks.AbstractQueuedSynchronizer$ConditionObject.awaitNanos(AbstractQueuedSynchronizer.java:2078)
        at java.util.concurrent.ScheduledThreadPoolExecutor$DelayedWorkQueue.take(ScheduledThreadPoolExecutor.java:1093)
        at java.util.concurrent.ScheduledThreadPoolExecutor$DelayedWorkQueue.take(ScheduledThreadPoolExecutor.java:809)
        at java.util.concurrent.ThreadPoolExecutor.getTask(ThreadPoolExecutor.java:1074)
        at java.util.concurrent.ThreadPoolExecutor.runWorker(ThreadPoolExecutor.java:1134)
        at java.util.concurrent.ThreadPoolExecutor$Worker.run(ThreadPoolExecutor.java:624)
        at java.lang.Thread.run(Thread.java:750)
"IPC Server handler 7 on default port 39139" daemon prio=5 tid=160 timed_waiting
java.lang.Thread.State: TIMED_WAITING
        at sun.misc.Unsafe.park(Native Method)
        at java.util.concurrent.locks.LockSupport.parkNanos(LockSupport.java:215)
        at java.util.concurrent.locks.AbstractQueuedSynchronizer$ConditionObject.awaitNanos(AbstractQueuedSynchronizer.java:2078)
        at java.util.concurrent.LinkedBlockingQueue.poll(LinkedBlockingQueue.java:467)
        at org.apache.hadoop.ipc.CallQueueManager.take(CallQueueManager.java:317)
        at org.apache.hadoop.ipc.Server$Handler.run(Server.java:2942)
"StaleRecoveringContainerScrubbingService#9" daemon prio=5 tid=1154 in Object.wait()
java.lang.Thread.State: WAITING (on object monitor)
        at sun.misc.Unsafe.park(Native Method)
        at java.util.concurrent.locks.LockSupport.park(LockSupport.java:175)
        at java.util.concurrent.locks.AbstractQueuedSynchronizer$ConditionObject.await(AbstractQueuedSynchronizer.java:2039)
        at java.util.concurrent.ScheduledThreadPoolExecutor$DelayedWorkQueue.take(ScheduledThreadPoolExecutor.java:1088)
        at java.util.concurrent.ScheduledThreadPoolExecutor$DelayedWorkQueue.take(ScheduledThreadPoolExecutor.java:809)
        at java.util.concurrent.ThreadPoolExecutor.getTask(ThreadPoolExecutor.java:1074)
        at java.util.concurrent.ThreadPoolExecutor.runWorker(ThreadPoolExecutor.java:1134)
        at java.util.concurrent.ThreadPoolExecutor$Worker.run(ThreadPoolExecutor.java:624)
        at java.lang.Thread.run(Thread.java:750)
"EndpointStateMachine task thread for /0.0.0.0:43931 - 0 "  prio=5 tid=996 in Object.wait()
java.lang.Thread.State: WAITING (on object monitor)
        at sun.misc.Unsafe.park(Native Method)
        at java.util.concurrent.locks.LockSupport.park(LockSupport.java:175)
        at java.util.concurrent.locks.AbstractQueuedSynchronizer$ConditionObject.await(AbstractQueuedSynchronizer.java:2039)
        at java.util.concurrent.LinkedBlockingQueue.take(LinkedBlockingQueue.java:442)
        at java.util.concurrent.ThreadPoolExecutor.getTask(ThreadPoolExecutor.java:1074)
        at java.util.concurrent.ThreadPoolExecutor.runWorker(ThreadPoolExecutor.java:1134)
        at java.util.concurrent.ThreadPoolExecutor$Worker.run(ThreadPoolExecutor.java:624)
        at java.lang.Thread.run(Thread.java:750)
"Datanode ReportManager Thread - 2" daemon prio=5 tid=249 timed_waiting
java.lang.Thread.State: TIMED_WAITING
        at sun.misc.Unsafe.park(Native Method)
        at java.util.concurrent.locks.LockSupport.parkNanos(LockSupport.java:215)
        at java.util.concurrent.locks.AbstractQueuedSynchronizer$ConditionObject.awaitNanos(AbstractQueuedSynchronizer.java:2078)
        at java.util.concurrent.ScheduledThreadPoolExecutor$DelayedWorkQueue.take(ScheduledThreadPoolExecutor.java:1093)
        at java.util.concurrent.ScheduledThreadPoolExecutor$DelayedWorkQueue.take(ScheduledThreadPoolExecutor.java:809)
        at java.util.concurrent.ThreadPoolExecutor.getTask(ThreadPoolExecutor.java:1074)
        at java.util.concurrent.ThreadPoolExecutor.runWorker(ThreadPoolExecutor.java:1134)
        at java.util.concurrent.ThreadPoolExecutor$Worker.run(ThreadPoolExecutor.java:624)
        at java.lang.Thread.run(Thread.java:750)
"JvmPauseMonitor1" daemon prio=5 tid=340 timed_waiting
java.lang.Thread.State: TIMED_WAITING
        at java.lang.Thread.sleep(Native Method)
        at java.lang.Thread.sleep(Thread.java:342)
        at java.util.concurrent.TimeUnit.sleep(TimeUnit.java:386)
        at org.apache.ratis.util.TimeDuration.sleep(TimeDuration.java:325)
        at org.apache.ratis.util.TimeDuration.sleep(TimeDuration.java:310)
        at org.apache.ratis.util.JvmPauseMonitor.detectPause(JvmPauseMonitor.java:119)
        at org.apache.ratis.util.JvmPauseMonitor.run(JvmPauseMonitor.java:108)
        at org.apache.ratis.util.JvmPauseMonitor$$Lambda$708/1088691990.run(Unknown Source)
        at java.lang.Thread.run(Thread.java:750)
"fd07e5d7-2dd9-455a-a9b9-9dae4f4be123@group-FFC8E6C97F07-StateMachineUpdater" daemon prio=5 tid=1051 timed_waiting
java.lang.Thread.State: TIMED_WAITING
        at sun.misc.Unsafe.park(Native Method)
        at java.util.concurrent.locks.LockSupport.parkNanos(LockSupport.java:215)
        at java.util.concurrent.locks.AbstractQueuedSynchronizer$ConditionObject.await(AbstractQueuedSynchronizer.java:2163)
        at org.apache.ratis.util.AwaitForSignal.await(AwaitForSignal.java:62)
        at org.apache.ratis.server.impl.StateMachineUpdater.waitForCommit(StateMachineUpdater.java:207)
        at org.apache.ratis.server.impl.StateMachineUpdater.run(StateMachineUpdater.java:176)
        at java.lang.Thread.run(Thread.java:750)
"org.apache.hadoop.ozone.container.common.statemachine.commandhandler.DeleteBlocksCommandHandler$DeleteCmdWorker@1963270f" daemon prio=5 tid=352 timed_waiting
java.lang.Thread.State: TIMED_WAITING
        at java.lang.Thread.sleep(Native Method)
        at org.apache.hadoop.ozone.container.common.statemachine.commandhandler.DeleteBlocksCommandHandler$DeleteCmdWorker.run(DeleteBlocksCommandHandler.java:184)
        at java.lang.Thread.run(Thread.java:750)
"Periodic HDDS volume checker" daemon prio=5 tid=308 timed_waiting
java.lang.Thread.State: TIMED_WAITING
        at sun.misc.Unsafe.park(Native Method)
        at java.util.concurrent.locks.LockSupport.parkNanos(LockSupport.java:215)
        at java.util.concurrent.locks.AbstractQueuedSynchronizer$ConditionObject.awaitNanos(AbstractQueuedSynchronizer.java:2078)
        at java.util.concurrent.ScheduledThreadPoolExecutor$DelayedWorkQueue.take(ScheduledThreadPoolExecutor.java:1093)
        at java.util.concurrent.ScheduledThreadPoolExecutor$DelayedWorkQueue.take(ScheduledThreadPoolExecutor.java:809)
        at java.util.concurrent.ThreadPoolExecutor.getTask(ThreadPoolExecutor.java:1074)
        at java.util.concurrent.ThreadPoolExecutor.runWorker(ThreadPoolExecutor.java:1134)
        at java.util.concurrent.ThreadPoolExecutor$Worker.run(ThreadPoolExecutor.java:624)
        at java.lang.Thread.run(Thread.java:750)
"Command processor thread" daemon prio=5 tid=198 timed_waiting
java.lang.Thread.State: TIMED_WAITING
        at java.lang.Thread.sleep(Native Method)
        at org.apache.hadoop.ozone.container.common.statemachine.DatanodeStateMachine.lambda$initCommandHandlerThread$3(DatanodeStateMachine.java:641)
        at org.apache.hadoop.ozone.container.common.statemachine.DatanodeStateMachine$$Lambda$755/788578843.run(Unknown Source)
        at java.lang.Thread.run(Thread.java:750)
"StaleRecoveringContainerScrubbingService#9" daemon prio=5 tid=1165 in Object.wait()
java.lang.Thread.State: WAITING (on object monitor)
        at sun.misc.Unsafe.park(Native Method)
        at java.util.concurrent.locks.LockSupport.park(LockSupport.java:175)
        at java.util.concurrent.locks.AbstractQueuedSynchronizer$ConditionObject.await(AbstractQueuedSynchronizer.java:2039)
        at java.util.concurrent.ScheduledThreadPoolExecutor$DelayedWorkQueue.take(ScheduledThreadPoolExecutor.java:1088)
        at java.util.concurrent.ScheduledThreadPoolExecutor$DelayedWorkQueue.take(ScheduledThreadPoolExecutor.java:809)
        at java.util.concurrent.ThreadPoolExecutor.getTask(ThreadPoolExecutor.java:1074)
        at java.util.concurrent.ThreadPoolExecutor.runWorker(ThreadPoolExecutor.java:1134)
        at java.util.concurrent.ThreadPoolExecutor$Worker.run(ThreadPoolExecutor.java:624)
        at java.lang.Thread.run(Thread.java:750)
"pool-133-thread-1" daemon prio=5 tid=258 timed_waiting
java.lang.Thread.State: TIMED_WAITING
        at sun.misc.Unsafe.park(Native Method)
        at java.util.concurrent.locks.LockSupport.parkNanos(LockSupport.java:215)
        at java.util.concurrent.locks.AbstractQueuedSynchronizer$ConditionObject.awaitNanos(AbstractQueuedSynchronizer.java:2078)
        at java.util.concurrent.ScheduledThreadPoolExecutor$DelayedWorkQueue.take(ScheduledThreadPoolExecutor.java:1093)
        at java.util.concurrent.ScheduledThreadPoolExecutor$DelayedWorkQueue.take(ScheduledThreadPoolExecutor.java:809)
        at java.util.concurrent.ThreadPoolExecutor.getTask(ThreadPoolExecutor.java:1074)
        at java.util.concurrent.ThreadPoolExecutor.runWorker(ThreadPoolExecutor.java:1134)
        at java.util.concurrent.ThreadPoolExecutor$Worker.run(ThreadPoolExecutor.java:624)
        at java.lang.Thread.run(Thread.java:750)
"pool-80-thread-1"  prio=5 tid=182 timed_waiting
java.lang.Thread.State: TIMED_WAITING
        at sun.misc.Unsafe.park(Native Method)
        at java.util.concurrent.locks.LockSupport.parkNanos(LockSupport.java:215)
        at java.util.concurrent.locks.AbstractQueuedSynchronizer$ConditionObject.awaitNanos(AbstractQueuedSynchronizer.java:2078)
        at java.util.concurrent.ScheduledThreadPoolExecutor$DelayedWorkQueue.take(ScheduledThreadPoolExecutor.java:1093)
        at java.util.concurrent.ScheduledThreadPoolExecutor$DelayedWorkQueue.take(ScheduledThreadPoolExecutor.java:809)
        at java.util.concurrent.ThreadPoolExecutor.getTask(ThreadPoolExecutor.java:1074)
        at java.util.concurrent.ThreadPoolExecutor.runWorker(ThreadPoolExecutor.java:1134)
        at java.util.concurrent.ThreadPoolExecutor$Worker.run(ThreadPoolExecutor.java:624)
        at java.lang.Thread.run(Thread.java:750)
"BlockDeletingService#2" daemon prio=5 tid=1133 in Object.wait()
java.lang.Thread.State: WAITING (on object monitor)
        at sun.misc.Unsafe.park(Native Method)
        at java.util.concurrent.locks.LockSupport.park(LockSupport.java:175)
        at java.util.concurrent.locks.AbstractQueuedSynchronizer$ConditionObject.await(AbstractQueuedSynchronizer.java:2039)
        at java.util.concurrent.ScheduledThreadPoolExecutor$DelayedWorkQueue.take(ScheduledThreadPoolExecutor.java:1088)
        at java.util.concurrent.ScheduledThreadPoolExecutor$DelayedWorkQueue.take(ScheduledThreadPoolExecutor.java:809)
        at java.util.concurrent.ThreadPoolExecutor.getTask(ThreadPoolExecutor.java:1074)
        at java.util.concurrent.ThreadPoolExecutor.runWorker(ThreadPoolExecutor.java:1134)
        at java.util.concurrent.ThreadPoolExecutor$Worker.run(ThreadPoolExecutor.java:624)
        at java.lang.Thread.run(Thread.java:750)
"ChunkWriter-3-0" daemon prio=5 tid=546 in Object.wait()
java.lang.Thread.State: WAITING (on object monitor)
        at sun.misc.Unsafe.park(Native Method)
        at java.util.concurrent.locks.LockSupport.park(LockSupport.java:175)
        at java.util.concurrent.locks.AbstractQueuedSynchronizer$ConditionObject.await(AbstractQueuedSynchronizer.java:2039)
        at java.util.concurrent.LinkedBlockingDeque.takeFirst(LinkedBlockingDeque.java:492)
        at java.util.concurrent.LinkedBlockingDeque.take(LinkedBlockingDeque.java:680)
        at java.util.concurrent.ThreadPoolExecutor.getTask(ThreadPoolExecutor.java:1074)
        at java.util.concurrent.ThreadPoolExecutor.runWorker(ThreadPoolExecutor.java:1134)
        at java.util.concurrent.ThreadPoolExecutor$Worker.run(ThreadPoolExecutor.java:624)
        at java.lang.Thread.run(Thread.java:750)
"6a413ed4-87ae-4509-b51d-2f5d21600f9c-server-thread1" daemon prio=5 tid=840 timed_waiting
java.lang.Thread.State: TIMED_WAITING
        at sun.misc.Unsafe.park(Native Method)
        at java.util.concurrent.locks.LockSupport.parkNanos(LockSupport.java:215)
        at java.util.concurrent.SynchronousQueue$TransferStack.awaitFulfill(SynchronousQueue.java:460)
        at java.util.concurrent.SynchronousQueue$TransferStack.transfer(SynchronousQueue.java:362)
        at java.util.concurrent.SynchronousQueue.poll(SynchronousQueue.java:941)
        at java.util.concurrent.ThreadPoolExecutor.getTask(ThreadPoolExecutor.java:1073)
        at java.util.concurrent.ThreadPoolExecutor.runWorker(ThreadPoolExecutor.java:1134)
        at java.util.concurrent.ThreadPoolExecutor$Worker.run(ThreadPoolExecutor.java:624)
        at java.lang.Thread.run(Thread.java:750)
"Datanode ReportManager Thread - 1" daemon prio=5 tid=441 in Object.wait()
java.lang.Thread.State: WAITING (on object monitor)
        at sun.misc.Unsafe.park(Native Method)
        at java.util.concurrent.locks.LockSupport.park(LockSupport.java:175)
        at java.util.concurrent.locks.AbstractQueuedSynchronizer$ConditionObject.await(AbstractQueuedSynchronizer.java:2039)
        at java.util.concurrent.ScheduledThreadPoolExecutor$DelayedWorkQueue.take(ScheduledThreadPoolExecutor.java:1088)
        at java.util.concurrent.ScheduledThreadPoolExecutor$DelayedWorkQueue.take(ScheduledThreadPoolExecutor.java:809)
        at java.util.concurrent.ThreadPoolExecutor.getTask(ThreadPoolExecutor.java:1074)
        at java.util.concurrent.ThreadPoolExecutor.runWorker(ThreadPoolExecutor.java:1134)
        at java.util.concurrent.ThreadPoolExecutor$Worker.run(ThreadPoolExecutor.java:624)
        at java.lang.Thread.run(Thread.java:750)
"qtp1583625218-115" daemon prio=5 tid=115 timed_waiting
java.lang.Thread.State: TIMED_WAITING
        at sun.misc.Unsafe.park(Native Method)
        at java.util.concurrent.locks.LockSupport.parkNanos(LockSupport.java:215)
        at java.util.concurrent.locks.AbstractQueuedSynchronizer$ConditionObject.awaitNanos(AbstractQueuedSynchronizer.java:2078)
        at org.eclipse.jetty.util.BlockingArrayQueue.poll(BlockingArrayQueue.java:382)
        at org.eclipse.jetty.util.thread.QueuedThreadPool$Runner.idleJobPoll(QueuedThreadPool.java:974)
        at org.eclipse.jetty.util.thread.QueuedThreadPool$Runner.run(QueuedThreadPool.java:1018)
        at java.lang.Thread.run(Thread.java:750)
"IPC Server handler 4 on default port 38215" daemon prio=5 tid=70 timed_waiting
java.lang.Thread.State: TIMED_WAITING
        at sun.misc.Unsafe.park(Native Method)
        at java.util.concurrent.locks.LockSupport.parkNanos(LockSupport.java:215)
        at java.util.concurrent.locks.AbstractQueuedSynchronizer$ConditionObject.awaitNanos(AbstractQueuedSynchronizer.java:2078)
        at java.util.concurrent.LinkedBlockingQueue.poll(LinkedBlockingQueue.java:467)
        at org.apache.hadoop.ipc.CallQueueManager.take(CallQueueManager.java:317)
        at org.apache.hadoop.ipc.Server$Handler.run(Server.java:2942)
"StaleRecoveringContainerScrubbingService#5" daemon prio=5 tid=1018 in Object.wait()
java.lang.Thread.State: WAITING (on object monitor)
        at sun.misc.Unsafe.park(Native Method)
        at java.util.concurrent.locks.LockSupport.park(LockSupport.java:175)
        at java.util.concurrent.locks.AbstractQueuedSynchronizer$ConditionObject.await(AbstractQueuedSynchronizer.java:2039)
        at java.util.concurrent.ScheduledThreadPoolExecutor$DelayedWorkQueue.take(ScheduledThreadPoolExecutor.java:1088)
        at java.util.concurrent.ScheduledThreadPoolExecutor$DelayedWorkQueue.take(ScheduledThreadPoolExecutor.java:809)
        at java.util.concurrent.ThreadPoolExecutor.getTask(ThreadPoolExecutor.java:1074)
        at java.util.concurrent.ThreadPoolExecutor.runWorker(ThreadPoolExecutor.java:1134)
        at java.util.concurrent.ThreadPoolExecutor$Worker.run(ThreadPoolExecutor.java:624)
        at java.lang.Thread.run(Thread.java:750)
"Datanode ReportManager Thread - 4" daemon prio=5 tid=444 in Object.wait()
java.lang.Thread.State: WAITING (on object monitor)
        at sun.misc.Unsafe.park(Native Method)
        at java.util.concurrent.locks.LockSupport.park(LockSupport.java:175)
        at java.util.concurrent.locks.AbstractQueuedSynchronizer$ConditionObject.await(AbstractQueuedSynchronizer.java:2039)
        at java.util.concurrent.ScheduledThreadPoolExecutor$DelayedWorkQueue.take(ScheduledThreadPoolExecutor.java:1088)
        at java.util.concurrent.ScheduledThreadPoolExecutor$DelayedWorkQueue.take(ScheduledThreadPoolExecutor.java:809)
        at java.util.concurrent.ThreadPoolExecutor.getTask(ThreadPoolExecutor.java:1074)
        at java.util.concurrent.ThreadPoolExecutor.runWorker(ThreadPoolExecutor.java:1134)
        at java.util.concurrent.ThreadPoolExecutor$Worker.run(ThreadPoolExecutor.java:624)
        at java.lang.Thread.run(Thread.java:750)
"BlockDeletingService#3" daemon prio=5 tid=1172 in Object.wait()
java.lang.Thread.State: WAITING (on object monitor)
        at sun.misc.Unsafe.park(Native Method)
        at java.util.concurrent.locks.LockSupport.park(LockSupport.java:175)
        at java.util.concurrent.locks.AbstractQueuedSynchronizer$ConditionObject.await(AbstractQueuedSynchronizer.java:2039)
        at java.util.concurrent.ScheduledThreadPoolExecutor$DelayedWorkQueue.take(ScheduledThreadPoolExecutor.java:1088)
        at java.util.concurrent.ScheduledThreadPoolExecutor$DelayedWorkQueue.take(ScheduledThreadPoolExecutor.java:809)
        at java.util.concurrent.ThreadPoolExecutor.getTask(ThreadPoolExecutor.java:1074)
        at java.util.concurrent.ThreadPoolExecutor.runWorker(ThreadPoolExecutor.java:1134)
        at java.util.concurrent.ThreadPoolExecutor$Worker.run(ThreadPoolExecutor.java:624)
        at java.lang.Thread.run(Thread.java:750)
"a57ee2ea-c69c-41b1-9f64-f7c5b74e8646@group-E13D6F209EBE-StateMachineUpdater" daemon prio=5 tid=606 timed_waiting
java.lang.Thread.State: TIMED_WAITING
        at sun.misc.Unsafe.park(Native Method)
        at java.util.concurrent.locks.LockSupport.parkNanos(LockSupport.java:215)
        at java.util.concurrent.locks.AbstractQueuedSynchronizer$ConditionObject.await(AbstractQueuedSynchronizer.java:2163)
        at org.apache.ratis.util.AwaitForSignal.await(AwaitForSignal.java:62)
        at org.apache.ratis.server.impl.StateMachineUpdater.waitForCommit(StateMachineUpdater.java:207)
        at org.apache.ratis.server.impl.StateMachineUpdater.run(StateMachineUpdater.java:176)
        at java.lang.Thread.run(Thread.java:750)
"qtp1728369813-397" daemon prio=5 tid=397 timed_waiting
java.lang.Thread.State: TIMED_WAITING
        at sun.misc.Unsafe.park(Native Method)
        at java.util.concurrent.locks.LockSupport.parkNanos(LockSupport.java:215)
        at java.util.concurrent.locks.AbstractQueuedSynchronizer$ConditionObject.awaitNanos(AbstractQueuedSynchronizer.java:2078)
        at org.eclipse.jetty.util.BlockingArrayQueue.poll(BlockingArrayQueue.java:382)
        at org.eclipse.jetty.util.thread.QueuedThreadPool$Runner.idleJobPoll(QueuedThreadPool.java:974)
        at org.eclipse.jetty.util.thread.QueuedThreadPool$Runner.run(QueuedThreadPool.java:1018)
        at java.lang.Thread.run(Thread.java:750)
"qtp981403840-433" daemon prio=5 tid=433 timed_waiting
java.lang.Thread.State: TIMED_WAITING
        at sun.misc.Unsafe.park(Native Method)
        at java.util.concurrent.locks.LockSupport.parkNanos(LockSupport.java:215)
        at java.util.concurrent.locks.AbstractQueuedSynchronizer$ConditionObject.awaitNanos(AbstractQueuedSynchronizer.java:2078)
        at org.eclipse.jetty.util.BlockingArrayQueue.poll(BlockingArrayQueue.java:382)
        at org.eclipse.jetty.util.thread.QueuedThreadPool$Runner.idleJobPoll(QueuedThreadPool.java:974)
        at org.eclipse.jetty.util.thread.QueuedThreadPool$Runner.run(QueuedThreadPool.java:1018)
        at java.lang.Thread.run(Thread.java:750)
"StaleRecoveringContainerScrubbingService#4" daemon prio=5 tid=939 in Object.wait()
java.lang.Thread.State: WAITING (on object monitor)
        at sun.misc.Unsafe.park(Native Method)
        at java.util.concurrent.locks.LockSupport.park(LockSupport.java:175)
        at java.util.concurrent.locks.AbstractQueuedSynchronizer$ConditionObject.await(AbstractQueuedSynchronizer.java:2039)
        at java.util.concurrent.ScheduledThreadPoolExecutor$DelayedWorkQueue.take(ScheduledThreadPoolExecutor.java:1088)
        at java.util.concurrent.ScheduledThreadPoolExecutor$DelayedWorkQueue.take(ScheduledThreadPoolExecutor.java:809)
        at java.util.concurrent.ThreadPoolExecutor.getTask(ThreadPoolExecutor.java:1074)
        at java.util.concurrent.ThreadPoolExecutor.runWorker(ThreadPoolExecutor.java:1134)
        at java.util.concurrent.ThreadPoolExecutor$Worker.run(ThreadPoolExecutor.java:624)
        at java.lang.Thread.run(Thread.java:750)
"pool-63-thread-1" daemon prio=5 tid=177 timed_waiting
java.lang.Thread.State: TIMED_WAITING
        at sun.misc.Unsafe.park(Native Method)
        at java.util.concurrent.locks.LockSupport.parkNanos(LockSupport.java:215)
        at java.util.concurrent.locks.AbstractQueuedSynchronizer$ConditionObject.awaitNanos(AbstractQueuedSynchronizer.java:2078)
        at java.util.concurrent.ScheduledThreadPoolExecutor$DelayedWorkQueue.take(ScheduledThreadPoolExecutor.java:1093)
        at java.util.concurrent.ScheduledThreadPoolExecutor$DelayedWorkQueue.take(ScheduledThreadPoolExecutor.java:809)
        at java.util.concurrent.ThreadPoolExecutor.getTask(ThreadPoolExecutor.java:1074)
        at java.util.concurrent.ThreadPoolExecutor.runWorker(ThreadPoolExecutor.java:1134)
        at java.util.concurrent.ThreadPoolExecutor$Worker.run(ThreadPoolExecutor.java:624)
        at java.lang.Thread.run(Thread.java:750)
"fd07e5d7-2dd9-455a-a9b9-9dae4f4be123@group-7083CF84009A-StateMachineUpdater" daemon prio=5 tid=613 timed_waiting
java.lang.Thread.State: TIMED_WAITING
        at sun.misc.Unsafe.park(Native Method)
        at java.util.concurrent.locks.LockSupport.parkNanos(LockSupport.java:215)
        at java.util.concurrent.locks.AbstractQueuedSynchronizer$ConditionObject.await(AbstractQueuedSynchronizer.java:2163)
        at org.apache.ratis.util.AwaitForSignal.await(AwaitForSignal.java:62)
        at org.apache.ratis.server.impl.StateMachineUpdater.waitForCommit(StateMachineUpdater.java:207)
        at org.apache.ratis.server.impl.StateMachineUpdater.run(StateMachineUpdater.java:176)
        at java.lang.Thread.run(Thread.java:750)
"ChunkWriter-1-0" daemon prio=5 tid=375 in Object.wait()
java.lang.Thread.State: WAITING (on object monitor)
        at sun.misc.Unsafe.park(Native Method)
        at java.util.concurrent.locks.LockSupport.park(LockSupport.java:175)
        at java.util.concurrent.locks.AbstractQueuedSynchronizer$ConditionObject.await(AbstractQueuedSynchronizer.java:2039)
        at java.util.concurrent.LinkedBlockingDeque.takeFirst(LinkedBlockingDeque.java:492)
        at java.util.concurrent.LinkedBlockingDeque.take(LinkedBlockingDeque.java:680)
        at java.util.concurrent.ThreadPoolExecutor.getTask(ThreadPoolExecutor.java:1074)
        at java.util.concurrent.ThreadPoolExecutor.runWorker(ThreadPoolExecutor.java:1134)
        at java.util.concurrent.ThreadPoolExecutor$Worker.run(ThreadPoolExecutor.java:624)
        at java.lang.Thread.run(Thread.java:750)
"Session-HouseKeeper-472ceddd-1"  prio=5 tid=400 timed_waiting
java.lang.Thread.State: TIMED_WAITING
        at sun.misc.Unsafe.park(Native Method)
        at java.util.concurrent.locks.LockSupport.parkNanos(LockSupport.java:215)
        at java.util.concurrent.locks.AbstractQueuedSynchronizer$ConditionObject.awaitNanos(AbstractQueuedSynchronizer.java:2078)
        at java.util.concurrent.ScheduledThreadPoolExecutor$DelayedWorkQueue.take(ScheduledThreadPoolExecutor.java:1093)
        at java.util.concurrent.ScheduledThreadPoolExecutor$DelayedWorkQueue.take(ScheduledThreadPoolExecutor.java:809)
        at java.util.concurrent.ThreadPoolExecutor.getTask(ThreadPoolExecutor.java:1074)
        at java.util.concurrent.ThreadPoolExecutor.runWorker(ThreadPoolExecutor.java:1134)
        at java.util.concurrent.ThreadPoolExecutor$Worker.run(ThreadPoolExecutor.java:624)
        at java.lang.Thread.run(Thread.java:750)
"qtp2022973332-147" daemon prio=5 tid=147 timed_waiting
java.lang.Thread.State: TIMED_WAITING
        at sun.misc.Unsafe.park(Native Method)
        at java.util.concurrent.locks.LockSupport.parkNanos(LockSupport.java:215)
        at java.util.concurrent.locks.AbstractQueuedSynchronizer$ConditionObject.awaitNanos(AbstractQueuedSynchronizer.java:2078)
        at org.eclipse.jetty.util.BlockingArrayQueue.poll(BlockingArrayQueue.java:382)
        at org.eclipse.jetty.util.thread.QueuedThreadPool$Runner.idleJobPoll(QueuedThreadPool.java:974)
        at org.eclipse.jetty.util.thread.QueuedThreadPool$Runner.run(QueuedThreadPool.java:1018)
        at java.lang.Thread.run(Thread.java:750)
"qtp1596052577-188" daemon prio=5 tid=188 timed_waiting
java.lang.Thread.State: TIMED_WAITING
        at sun.misc.Unsafe.park(Native Method)
        at java.util.concurrent.locks.LockSupport.parkNanos(LockSupport.java:215)
        at java.util.concurrent.locks.AbstractQueuedSynchronizer$ConditionObject.awaitNanos(AbstractQueuedSynchronizer.java:2078)
        at org.eclipse.jetty.util.BlockingArrayQueue.poll(BlockingArrayQueue.java:382)
        at org.eclipse.jetty.util.thread.QueuedThreadPool$Runner.idleJobPoll(QueuedThreadPool.java:974)
        at org.eclipse.jetty.util.thread.QueuedThreadPool$Runner.run(QueuedThreadPool.java:1018)
        at java.lang.Thread.run(Thread.java:750)
"IPC Server handler 14 on default port 38215" daemon prio=5 tid=80 timed_waiting
java.lang.Thread.State: TIMED_WAITING
        at sun.misc.Unsafe.park(Native Method)
        at java.util.concurrent.locks.LockSupport.parkNanos(LockSupport.java:215)
        at java.util.concurrent.locks.AbstractQueuedSynchronizer$ConditionObject.awaitNanos(AbstractQueuedSynchronizer.java:2078)
        at java.util.concurrent.LinkedBlockingQueue.poll(LinkedBlockingQueue.java:467)
        at org.apache.hadoop.ipc.CallQueueManager.take(CallQueueManager.java:317)
        at org.apache.hadoop.ipc.Server$Handler.run(Server.java:2942)
"93471f04-f84a-446a-9dbd-94f45fb64b69@group-391EA9FD41B8-SegmentedRaftLogWorker"  prio=5 tid=1029 timed_waiting
java.lang.Thread.State: TIMED_WAITING
        at sun.misc.Unsafe.park(Native Method)
        at java.util.concurrent.locks.LockSupport.parkNanos(LockSupport.java:215)
        at java.util.concurrent.locks.AbstractQueuedSynchronizer$ConditionObject.awaitNanos(AbstractQueuedSynchronizer.java:2078)
        at org.apache.ratis.util.DataBlockingQueue.poll(DataBlockingQueue.java:148)
        at org.apache.ratis.server.raftlog.segmented.SegmentedRaftLogWorker.run(SegmentedRaftLogWorker.java:312)
        at org.apache.ratis.server.raftlog.segmented.SegmentedRaftLogWorker$$Lambda$667/1365285756.run(Unknown Source)
        at java.lang.Thread.run(Thread.java:750)
"om1@group-C5BA1605619E-StateMachineUpdater" daemon prio=5 tid=136 timed_waiting
java.lang.Thread.State: TIMED_WAITING
        at sun.misc.Unsafe.park(Native Method)
        at java.util.concurrent.locks.LockSupport.parkNanos(LockSupport.java:215)
        at java.util.concurrent.locks.AbstractQueuedSynchronizer$ConditionObject.await(AbstractQueuedSynchronizer.java:2163)
        at org.apache.ratis.util.AwaitForSignal.await(AwaitForSignal.java:62)
        at org.apache.ratis.server.impl.StateMachineUpdater.waitForCommit(StateMachineUpdater.java:207)
        at org.apache.ratis.server.impl.StateMachineUpdater.run(StateMachineUpdater.java:176)
        at java.lang.Thread.run(Thread.java:750)
"ChunkReader-ELG-0" daemon prio=5 tid=1012 runnable
java.lang.Thread.State: RUNNABLE
        at org.apache.ratis.thirdparty.io.netty.channel.epoll.Native.epollWait(Native Method)
        at org.apache.ratis.thirdparty.io.netty.channel.epoll.Native.epollWait(Native.java:209)
        at org.apache.ratis.thirdparty.io.netty.channel.epoll.Native.epollWait(Native.java:202)
        at org.apache.ratis.thirdparty.io.netty.channel.epoll.EpollEventLoop.epollWaitNoTimerChange(EpollEventLoop.java:294)
        at org.apache.ratis.thirdparty.io.netty.channel.epoll.EpollEventLoop.run(EpollEventLoop.java:351)
        at org.apache.ratis.thirdparty.io.netty.util.concurrent.SingleThreadEventExecutor$4.run(SingleThreadEventExecutor.java:995)
        at org.apache.ratis.thirdparty.io.netty.util.internal.ThreadExecutorMap$2.run(ThreadExecutorMap.java:74)
        at java.lang.Thread.run(Thread.java:750)
"qtp156947375-264-acceptor-0@13c87022-ServerConnector@3dab4c68{HTTP/1.1, (http/1.1)}{0.0.0.0:46333}" daemon prio=3 tid=264 runnable
java.lang.Thread.State: RUNNABLE
        at sun.nio.ch.ServerSocketChannelImpl.accept0(Native Method)
        at sun.nio.ch.ServerSocketChannelImpl.accept(ServerSocketChannelImpl.java:421)
        at sun.nio.ch.ServerSocketChannelImpl.accept(ServerSocketChannelImpl.java:249)
        at org.eclipse.jetty.server.ServerConnector.accept(ServerConnector.java:388)
        at org.eclipse.jetty.server.AbstractConnector$Acceptor.run(AbstractConnector.java:704)
        at org.eclipse.jetty.util.thread.QueuedThreadPool.runJob(QueuedThreadPool.java:883)
        at org.eclipse.jetty.util.thread.QueuedThreadPool$Runner.run(QueuedThreadPool.java:1034)
        at java.lang.Thread.run(Thread.java:750)
"qtp156947375-268" daemon prio=5 tid=268 timed_waiting
java.lang.Thread.State: TIMED_WAITING
        at sun.misc.Unsafe.park(Native Method)
        at java.util.concurrent.locks.LockSupport.parkNanos(LockSupport.java:215)
        at java.util.concurrent.locks.AbstractQueuedSynchronizer$ConditionObject.awaitNanos(AbstractQueuedSynchronizer.java:2078)
        at org.eclipse.jetty.util.BlockingArrayQueue.poll(BlockingArrayQueue.java:382)
        at org.eclipse.jetty.util.thread.QueuedThreadPool$Runner.idleJobPoll(QueuedThreadPool.java:974)
        at org.eclipse.jetty.util.thread.QueuedThreadPool$Runner.run(QueuedThreadPool.java:1018)
        at java.lang.Thread.run(Thread.java:750)
"pool-110-thread-1" daemon prio=5 tid=232 timed_waiting
java.lang.Thread.State: TIMED_WAITING
        at sun.misc.Unsafe.park(Native Method)
        at java.util.concurrent.locks.LockSupport.parkNanos(LockSupport.java:215)
        at java.util.concurrent.locks.AbstractQueuedSynchronizer$ConditionObject.awaitNanos(AbstractQueuedSynchronizer.java:2078)
        at java.util.concurrent.ScheduledThreadPoolExecutor$DelayedWorkQueue.take(ScheduledThreadPoolExecutor.java:1093)
        at java.util.concurrent.ScheduledThreadPoolExecutor$DelayedWorkQueue.take(ScheduledThreadPoolExecutor.java:809)
        at java.util.concurrent.ThreadPoolExecutor.getTask(ThreadPoolExecutor.java:1074)
        at java.util.concurrent.ThreadPoolExecutor.runWorker(ThreadPoolExecutor.java:1134)
        at java.util.concurrent.ThreadPoolExecutor$Worker.run(ThreadPoolExecutor.java:624)
        at java.lang.Thread.run(Thread.java:750)
"IPC Server handler 2 on default port 39139" daemon prio=5 tid=155 timed_waiting
java.lang.Thread.State: TIMED_WAITING
        at sun.misc.Unsafe.park(Native Method)
        at java.util.concurrent.locks.LockSupport.parkNanos(LockSupport.java:215)
        at java.util.concurrent.locks.AbstractQueuedSynchronizer$ConditionObject.awaitNanos(AbstractQueuedSynchronizer.java:2078)
        at java.util.concurrent.LinkedBlockingQueue.poll(LinkedBlockingQueue.java:467)
        at org.apache.hadoop.ipc.CallQueueManager.take(CallQueueManager.java:317)
        at org.apache.hadoop.ipc.Server$Handler.run(Server.java:2942)
"StaleRecoveringContainerScrubbingService#3" daemon prio=5 tid=892 in Object.wait()
java.lang.Thread.State: WAITING (on object monitor)
        at sun.misc.Unsafe.park(Native Method)
        at java.util.concurrent.locks.LockSupport.park(LockSupport.java:175)
        at java.util.concurrent.locks.AbstractQueuedSynchronizer$ConditionObject.await(AbstractQueuedSynchronizer.java:2039)
        at java.util.concurrent.ScheduledThreadPoolExecutor$DelayedWorkQueue.take(ScheduledThreadPoolExecutor.java:1088)
        at java.util.concurrent.ScheduledThreadPoolExecutor$DelayedWorkQueue.take(ScheduledThreadPoolExecutor.java:809)
        at java.util.concurrent.ThreadPoolExecutor.getTask(ThreadPoolExecutor.java:1074)
        at java.util.concurrent.ThreadPoolExecutor.runWorker(ThreadPoolExecutor.java:1134)
        at java.util.concurrent.ThreadPoolExecutor$Worker.run(ThreadPoolExecutor.java:624)
        at java.lang.Thread.run(Thread.java:750)
"307c9a4a-d135-41f7-b2cf-6e79e9d930c6@group-B9F234375034-StateMachineUpdater" daemon prio=5 tid=673 timed_waiting
java.lang.Thread.State: TIMED_WAITING
        at sun.misc.Unsafe.park(Native Method)
        at java.util.concurrent.locks.LockSupport.parkNanos(LockSupport.java:215)
        at java.util.concurrent.locks.AbstractQueuedSynchronizer$ConditionObject.await(AbstractQueuedSynchronizer.java:2163)
        at org.apache.ratis.util.AwaitForSignal.await(AwaitForSignal.java:62)
        at org.apache.ratis.server.impl.StateMachineUpdater.waitForCommit(StateMachineUpdater.java:207)
        at org.apache.ratis.server.impl.StateMachineUpdater.run(StateMachineUpdater.java:176)
        at java.lang.Thread.run(Thread.java:750)
"IPC Server handler 18 on default port 39139" daemon prio=5 tid=171 timed_waiting
java.lang.Thread.State: TIMED_WAITING
        at sun.misc.Unsafe.park(Native Method)
        at java.util.concurrent.locks.LockSupport.parkNanos(LockSupport.java:215)
        at java.util.concurrent.locks.AbstractQueuedSynchronizer$ConditionObject.awaitNanos(AbstractQueuedSynchronizer.java:2078)
        at java.util.concurrent.LinkedBlockingQueue.poll(LinkedBlockingQueue.java:467)
        at org.apache.hadoop.ipc.CallQueueManager.take(CallQueueManager.java:317)
        at org.apache.hadoop.ipc.Server$Handler.run(Server.java:2942)
"Datanode State Machine Task Thread - 0"  prio=5 tid=409 in Object.wait()
java.lang.Thread.State: WAITING (on object monitor)
        at sun.misc.Unsafe.park(Native Method)
        at java.util.concurrent.locks.LockSupport.park(LockSupport.java:175)
        at java.util.concurrent.locks.AbstractQueuedSynchronizer$ConditionObject.await(AbstractQueuedSynchronizer.java:2039)
        at java.util.concurrent.LinkedBlockingQueue.take(LinkedBlockingQueue.java:442)
        at java.util.concurrent.ThreadPoolExecutor.getTask(ThreadPoolExecutor.java:1074)
        at java.util.concurrent.ThreadPoolExecutor.runWorker(ThreadPoolExecutor.java:1134)
        at java.util.concurrent.ThreadPoolExecutor$Worker.run(ThreadPoolExecutor.java:624)
        at java.lang.Thread.run(Thread.java:750)
"qtp156947375-263" daemon prio=5 tid=263 runnable
java.lang.Thread.State: RUNNABLE
        at sun.nio.ch.EPollArrayWrapper.epollWait(Native Method)
        at sun.nio.ch.EPollArrayWrapper.poll(EPollArrayWrapper.java:269)
        at sun.nio.ch.EPollSelectorImpl.doSelect(EPollSelectorImpl.java:93)
        at sun.nio.ch.SelectorImpl.lockAndDoSelect(SelectorImpl.java:86)
        at sun.nio.ch.SelectorImpl.select(SelectorImpl.java:97)
        at sun.nio.ch.SelectorImpl.select(SelectorImpl.java:101)
        at org.eclipse.jetty.io.ManagedSelector.nioSelect(ManagedSelector.java:183)
        at org.eclipse.jetty.io.ManagedSelector.select(ManagedSelector.java:190)
        at org.eclipse.jetty.io.ManagedSelector$SelectorProducer.select(ManagedSelector.java:606)
        at org.eclipse.jetty.io.ManagedSelector$SelectorProducer.produce(ManagedSelector.java:543)
        at org.eclipse.jetty.util.thread.strategy.EatWhatYouKill.produceTask(EatWhatYouKill.java:362)
        at org.eclipse.jetty.util.thread.strategy.EatWhatYouKill.doProduce(EatWhatYouKill.java:186)
        at org.eclipse.jetty.util.thread.strategy.EatWhatYouKill.tryProduce(EatWhatYouKill.java:173)
        at org.eclipse.jetty.util.thread.strategy.EatWhatYouKill.produce(EatWhatYouKill.java:137)
        at org.eclipse.jetty.io.ManagedSelector$$Lambda$444/1185648203.run(Unknown Source)
        at org.eclipse.jetty.util.thread.QueuedThreadPool.runJob(QueuedThreadPool.java:883)
        at org.eclipse.jetty.util.thread.QueuedThreadPool$Runner.run(QueuedThreadPool.java:1034)
        at java.lang.Thread.run(Thread.java:750)
"592803f5-ace9-49ac-a54f-354c0e5baf2c-server-thread1" daemon prio=5 tid=1091 timed_waiting
java.lang.Thread.State: TIMED_WAITING
        at sun.misc.Unsafe.park(Native Method)
        at java.util.concurrent.locks.LockSupport.parkNanos(LockSupport.java:215)
        at java.util.concurrent.SynchronousQueue$TransferStack.awaitFulfill(SynchronousQueue.java:460)
        at java.util.concurrent.SynchronousQueue$TransferStack.transfer(SynchronousQueue.java:362)
        at java.util.concurrent.SynchronousQueue.poll(SynchronousQueue.java:941)
        at java.util.concurrent.ThreadPoolExecutor.getTask(ThreadPoolExecutor.java:1073)
        at java.util.concurrent.ThreadPoolExecutor.runWorker(ThreadPoolExecutor.java:1134)
        at java.util.concurrent.ThreadPoolExecutor$Worker.run(ThreadPoolExecutor.java:624)
        at java.lang.Thread.run(Thread.java:750)
"18a879af-de93-4167-9a98-f5b552aa8b4b-server-thread3" daemon prio=5 tid=783 timed_waiting
java.lang.Thread.State: TIMED_WAITING
        at sun.misc.Unsafe.park(Native Method)
        at java.util.concurrent.locks.LockSupport.parkNanos(LockSupport.java:215)
        at java.util.concurrent.SynchronousQueue$TransferStack.awaitFulfill(SynchronousQueue.java:460)
        at java.util.concurrent.SynchronousQueue$TransferStack.transfer(SynchronousQueue.java:362)
        at java.util.concurrent.SynchronousQueue.poll(SynchronousQueue.java:941)
        at java.util.concurrent.ThreadPoolExecutor.getTask(ThreadPoolExecutor.java:1073)
        at java.util.concurrent.ThreadPoolExecutor.runWorker(ThreadPoolExecutor.java:1134)
        at java.util.concurrent.ThreadPoolExecutor$Worker.run(ThreadPoolExecutor.java:624)
        at java.lang.Thread.run(Thread.java:750)
"timer0" daemon prio=5 tid=805 timed_waiting
java.lang.Thread.State: TIMED_WAITING
        at java.lang.Object.wait(Native Method)
        at java.util.TimerThread.mainLoop(Timer.java:552)
        at java.util.TimerThread.run(Timer.java:505)
"IPC Server handler 1 on default port 39139" daemon prio=5 tid=154 timed_waiting
java.lang.Thread.State: TIMED_WAITING
        at sun.misc.Unsafe.park(Native Method)
        at java.util.concurrent.locks.LockSupport.parkNanos(LockSupport.java:215)
        at java.util.concurrent.locks.AbstractQueuedSynchronizer$ConditionObject.awaitNanos(AbstractQueuedSynchronizer.java:2078)
        at java.util.concurrent.LinkedBlockingQueue.poll(LinkedBlockingQueue.java:467)
        at org.apache.hadoop.ipc.CallQueueManager.take(CallQueueManager.java:317)
        at org.apache.hadoop.ipc.Server$Handler.run(Server.java:2942)
"org.apache.hadoop.util.JvmPauseMonitor$Monitor@259e1bfd" daemon prio=5 tid=253 timed_waiting
java.lang.Thread.State: TIMED_WAITING
        at java.lang.Thread.sleep(Native Method)
        at org.apache.hadoop.util.JvmPauseMonitor$Monitor.run(JvmPauseMonitor.java:192)
        at java.lang.Thread.run(Thread.java:750)
"IPC Server handler 11 on default port 39139" daemon prio=5 tid=164 timed_waiting
java.lang.Thread.State: TIMED_WAITING
        at sun.misc.Unsafe.park(Native Method)
        at java.util.concurrent.locks.LockSupport.parkNanos(LockSupport.java:215)
        at java.util.concurrent.locks.AbstractQueuedSynchronizer$ConditionObject.awaitNanos(AbstractQueuedSynchronizer.java:2078)
        at java.util.concurrent.LinkedBlockingQueue.poll(LinkedBlockingQueue.java:467)
        at org.apache.hadoop.ipc.CallQueueManager.take(CallQueueManager.java:317)
        at org.apache.hadoop.ipc.Server$Handler.run(Server.java:2942)
"qtp1583625218-111-acceptor-0@19efe301-ServerConnector@60739eca{HTTP/1.1, (http/1.1)}{0.0.0.0:38321}" daemon prio=3 tid=111 runnable
java.lang.Thread.State: RUNNABLE
        at sun.nio.ch.ServerSocketChannelImpl.accept0(Native Method)
        at sun.nio.ch.ServerSocketChannelImpl.accept(ServerSocketChannelImpl.java:421)
        at sun.nio.ch.ServerSocketChannelImpl.accept(ServerSocketChannelImpl.java:249)
        at org.eclipse.jetty.server.ServerConnector.accept(ServerConnector.java:388)
        at org.eclipse.jetty.server.AbstractConnector$Acceptor.run(AbstractConnector.java:704)
        at org.eclipse.jetty.util.thread.QueuedThreadPool.runJob(QueuedThreadPool.java:883)
        at org.eclipse.jetty.util.thread.QueuedThreadPool$Runner.run(QueuedThreadPool.java:1034)
        at java.lang.Thread.run(Thread.java:750)
"Datanode ReportManager Thread - 2" daemon prio=5 tid=989 in Object.wait()
java.lang.Thread.State: WAITING (on object monitor)
        at sun.misc.Unsafe.park(Native Method)
        at java.util.concurrent.locks.LockSupport.park(LockSupport.java:175)
        at java.util.concurrent.locks.AbstractQueuedSynchronizer$ConditionObject.await(AbstractQueuedSynchronizer.java:2039)
        at java.util.concurrent.ScheduledThreadPoolExecutor$DelayedWorkQueue.take(ScheduledThreadPoolExecutor.java:1088)
        at java.util.concurrent.ScheduledThreadPoolExecutor$DelayedWorkQueue.take(ScheduledThreadPoolExecutor.java:809)
        at java.util.concurrent.ThreadPoolExecutor.getTask(ThreadPoolExecutor.java:1074)
        at java.util.concurrent.ThreadPoolExecutor.runWorker(ThreadPoolExecutor.java:1134)
        at java.util.concurrent.ThreadPoolExecutor$Worker.run(ThreadPoolExecutor.java:624)
        at java.lang.Thread.run(Thread.java:750)
"ChunkReader-2" daemon prio=5 tid=953 in Object.wait()
java.lang.Thread.State: WAITING (on object monitor)
        at sun.misc.Unsafe.park(Native Method)
        at java.util.concurrent.locks.LockSupport.park(LockSupport.java:175)
        at java.util.concurrent.locks.AbstractQueuedSynchronizer$ConditionObject.await(AbstractQueuedSynchronizer.java:2039)
        at java.util.concurrent.LinkedBlockingQueue.take(LinkedBlockingQueue.java:442)
        at java.util.concurrent.ThreadPoolExecutor.getTask(ThreadPoolExecutor.java:1074)
        at java.util.concurrent.ThreadPoolExecutor.runWorker(ThreadPoolExecutor.java:1134)
        at java.util.concurrent.ThreadPoolExecutor$Worker.run(ThreadPoolExecutor.java:624)
        at java.lang.Thread.run(Thread.java:750)
"BlockDeletingService#2" daemon prio=5 tid=1131 in Object.wait()
java.lang.Thread.State: WAITING (on object monitor)
        at sun.misc.Unsafe.park(Native Method)
        at java.util.concurrent.locks.LockSupport.park(LockSupport.java:175)
        at java.util.concurrent.locks.AbstractQueuedSynchronizer$ConditionObject.await(AbstractQueuedSynchronizer.java:2039)
        at java.util.concurrent.ScheduledThreadPoolExecutor$DelayedWorkQueue.take(ScheduledThreadPoolExecutor.java:1088)
        at java.util.concurrent.ScheduledThreadPoolExecutor$DelayedWorkQueue.take(ScheduledThreadPoolExecutor.java:809)
        at java.util.concurrent.ThreadPoolExecutor.getTask(ThreadPoolExecutor.java:1074)
        at java.util.concurrent.ThreadPoolExecutor.runWorker(ThreadPoolExecutor.java:1134)
        at java.util.concurrent.ThreadPoolExecutor$Worker.run(ThreadPoolExecutor.java:624)
        at java.lang.Thread.run(Thread.java:750)
"ChunkWriter-0-0" daemon prio=5 tid=519 in Object.wait()
java.lang.Thread.State: WAITING (on object monitor)
        at sun.misc.Unsafe.park(Native Method)
        at java.util.concurrent.locks.LockSupport.park(LockSupport.java:175)
        at java.util.concurrent.locks.AbstractQueuedSynchronizer$ConditionObject.await(AbstractQueuedSynchronizer.java:2039)
        at java.util.concurrent.LinkedBlockingDeque.takeFirst(LinkedBlockingDeque.java:492)
        at java.util.concurrent.LinkedBlockingDeque.take(LinkedBlockingDeque.java:680)
        at java.util.concurrent.ThreadPoolExecutor.getTask(ThreadPoolExecutor.java:1074)
        at java.util.concurrent.ThreadPoolExecutor.runWorker(ThreadPoolExecutor.java:1134)
        at java.util.concurrent.ThreadPoolExecutor$Worker.run(ThreadPoolExecutor.java:624)
        at java.lang.Thread.run(Thread.java:750)
"ec-reconstruct-reader-TID-1"  prio=5 tid=955 in Object.wait()
java.lang.Thread.State: WAITING (on object monitor)
        at sun.misc.Unsafe.park(Native Method)
        at java.util.concurrent.locks.LockSupport.park(LockSupport.java:175)
        at java.util.concurrent.SynchronousQueue$TransferStack.awaitFulfill(SynchronousQueue.java:458)
        at java.util.concurrent.SynchronousQueue$TransferStack.transfer(SynchronousQueue.java:362)
        at java.util.concurrent.SynchronousQueue.take(SynchronousQueue.java:924)
        at java.util.concurrent.ThreadPoolExecutor.getTask(ThreadPoolExecutor.java:1074)
        at java.util.concurrent.ThreadPoolExecutor.runWorker(ThreadPoolExecutor.java:1134)
        at java.util.concurrent.ThreadPoolExecutor$Worker.run(ThreadPoolExecutor.java:624)
        at java.lang.Thread.run(Thread.java:750)
"qtp1728369813-396" daemon prio=5 tid=396 timed_waiting
java.lang.Thread.State: TIMED_WAITING
        at sun.misc.Unsafe.park(Native Method)
        at java.util.concurrent.locks.LockSupport.parkNanos(LockSupport.java:215)
        at java.util.concurrent.locks.AbstractQueuedSynchronizer$ConditionObject.awaitNanos(AbstractQueuedSynchronizer.java:2078)
        at org.eclipse.jetty.util.BlockingArrayQueue.poll(BlockingArrayQueue.java:382)
        at org.eclipse.jetty.util.thread.QueuedThreadPool$Runner.idleJobPoll(QueuedThreadPool.java:974)
        at org.eclipse.jetty.util.thread.QueuedThreadPool$Runner.run(QueuedThreadPool.java:1018)
        at java.lang.Thread.run(Thread.java:750)
"IPC Server handler 19 on default port 43931" daemon prio=5 tid=105 timed_waiting
java.lang.Thread.State: TIMED_WAITING
        at sun.misc.Unsafe.park(Native Method)
        at java.util.concurrent.locks.LockSupport.parkNanos(LockSupport.java:215)
        at java.util.concurrent.locks.AbstractQueuedSynchronizer$ConditionObject.awaitNanos(AbstractQueuedSynchronizer.java:2078)
        at java.util.concurrent.LinkedBlockingQueue.poll(LinkedBlockingQueue.java:467)
        at org.apache.hadoop.ipc.CallQueueManager.take(CallQueueManager.java:317)
        at org.apache.hadoop.ipc.Server$Handler.run(Server.java:2942)
"Datanode State Machine Task Thread - 1"  prio=5 tid=448 in Object.wait()
java.lang.Thread.State: WAITING (on object monitor)
        at sun.misc.Unsafe.park(Native Method)
        at java.util.concurrent.locks.LockSupport.park(LockSupport.java:175)
        at java.util.concurrent.locks.AbstractQueuedSynchronizer$ConditionObject.await(AbstractQueuedSynchronizer.java:2039)
        at java.util.concurrent.LinkedBlockingQueue.take(LinkedBlockingQueue.java:442)
        at java.util.concurrent.ThreadPoolExecutor.getTask(ThreadPoolExecutor.java:1074)
        at java.util.concurrent.ThreadPoolExecutor.runWorker(ThreadPoolExecutor.java:1134)
        at java.util.concurrent.ThreadPoolExecutor$Worker.run(ThreadPoolExecutor.java:624)
        at java.lang.Thread.run(Thread.java:750)
"fd07e5d7-2dd9-455a-a9b9-9dae4f4be123-server-thread4" daemon prio=5 tid=1102 timed_waiting
java.lang.Thread.State: TIMED_WAITING
        at sun.misc.Unsafe.park(Native Method)
        at java.util.concurrent.locks.LockSupport.parkNanos(LockSupport.java:215)
        at java.util.concurrent.SynchronousQueue$TransferStack.awaitFulfill(SynchronousQueue.java:460)
        at java.util.concurrent.SynchronousQueue$TransferStack.transfer(SynchronousQueue.java:362)
        at java.util.concurrent.SynchronousQueue.poll(SynchronousQueue.java:941)
        at java.util.concurrent.ThreadPoolExecutor.getTask(ThreadPoolExecutor.java:1073)
        at java.util.concurrent.ThreadPoolExecutor.runWorker(ThreadPoolExecutor.java:1134)
        at java.util.concurrent.ThreadPoolExecutor$Worker.run(ThreadPoolExecutor.java:624)
        at java.lang.Thread.run(Thread.java:750)
"ChunkReader-0" daemon prio=5 tid=849 in Object.wait()
java.lang.Thread.State: WAITING (on object monitor)
        at sun.misc.Unsafe.park(Native Method)
        at java.util.concurrent.locks.LockSupport.park(LockSupport.java:175)
        at java.util.concurrent.locks.AbstractQueuedSynchronizer$ConditionObject.await(AbstractQueuedSynchronizer.java:2039)
        at java.util.concurrent.LinkedBlockingQueue.take(LinkedBlockingQueue.java:442)
        at java.util.concurrent.ThreadPoolExecutor.getTask(ThreadPoolExecutor.java:1074)
        at java.util.concurrent.ThreadPoolExecutor.runWorker(ThreadPoolExecutor.java:1134)
        at java.util.concurrent.ThreadPoolExecutor$Worker.run(ThreadPoolExecutor.java:624)
        at java.lang.Thread.run(Thread.java:750)
"pool-249-thread-1"  prio=5 tid=391 timed_waiting
java.lang.Thread.State: TIMED_WAITING
        at sun.misc.Unsafe.park(Native Method)
        at java.util.concurrent.locks.LockSupport.parkNanos(LockSupport.java:215)
        at java.util.concurrent.locks.AbstractQueuedSynchronizer$ConditionObject.awaitNanos(AbstractQueuedSynchronizer.java:2078)
        at java.util.concurrent.ScheduledThreadPoolExecutor$DelayedWorkQueue.take(ScheduledThreadPoolExecutor.java:1093)
        at java.util.concurrent.ScheduledThreadPoolExecutor$DelayedWorkQueue.take(ScheduledThreadPoolExecutor.java:809)
        at java.util.concurrent.ThreadPoolExecutor.getTask(ThreadPoolExecutor.java:1074)
        at java.util.concurrent.ThreadPoolExecutor.runWorker(ThreadPoolExecutor.java:1134)
        at java.util.concurrent.ThreadPoolExecutor$Worker.run(ThreadPoolExecutor.java:624)
        at java.lang.Thread.run(Thread.java:750)
"StaleRecoveringContainerScrubbingService#7" daemon prio=5 tid=1138 in Object.wait()
java.lang.Thread.State: WAITING (on object monitor)
        at sun.misc.Unsafe.park(Native Method)
        at java.util.concurrent.locks.LockSupport.park(LockSupport.java:175)
        at java.util.concurrent.locks.AbstractQueuedSynchronizer$ConditionObject.await(AbstractQueuedSynchronizer.java:2039)
        at java.util.concurrent.ScheduledThreadPoolExecutor$DelayedWorkQueue.take(ScheduledThreadPoolExecutor.java:1088)
        at java.util.concurrent.ScheduledThreadPoolExecutor$DelayedWorkQueue.take(ScheduledThreadPoolExecutor.java:809)
        at java.util.concurrent.ThreadPoolExecutor.getTask(ThreadPoolExecutor.java:1074)
        at java.util.concurrent.ThreadPoolExecutor.runWorker(ThreadPoolExecutor.java:1134)
        at java.util.concurrent.ThreadPoolExecutor$Worker.run(ThreadPoolExecutor.java:624)
        at java.lang.Thread.run(Thread.java:750)
"pool-186-thread-1"  prio=5 tid=626 in Object.wait()
java.lang.Thread.State: WAITING (on object monitor)
        at sun.misc.Unsafe.park(Native Method)
        at java.util.concurrent.locks.LockSupport.park(LockSupport.java:175)
        at java.util.concurrent.locks.AbstractQueuedSynchronizer$ConditionObject.await(AbstractQueuedSynchronizer.java:2039)
        at java.util.concurrent.LinkedBlockingQueue.take(LinkedBlockingQueue.java:442)
        at java.util.concurrent.ThreadPoolExecutor.getTask(ThreadPoolExecutor.java:1074)
        at java.util.concurrent.ThreadPoolExecutor.runWorker(ThreadPoolExecutor.java:1134)
        at java.util.concurrent.ThreadPoolExecutor$Worker.run(ThreadPoolExecutor.java:624)
        at java.lang.Thread.run(Thread.java:750)
"qtp1728369813-392-acceptor-0@55e16207-ServerConnector@739f57d1{HTTP/1.1, (http/1.1)}{0.0.0.0:38219}" daemon prio=3 tid=392 runnable
java.lang.Thread.State: RUNNABLE
        at sun.nio.ch.ServerSocketChannelImpl.accept0(Native Method)
        at sun.nio.ch.ServerSocketChannelImpl.accept(ServerSocketChannelImpl.java:421)
        at sun.nio.ch.ServerSocketChannelImpl.accept(ServerSocketChannelImpl.java:249)
        at org.eclipse.jetty.server.ServerConnector.accept(ServerConnector.java:388)
        at org.eclipse.jetty.server.AbstractConnector$Acceptor.run(AbstractConnector.java:704)
        at org.eclipse.jetty.util.thread.QueuedThreadPool.runJob(QueuedThreadPool.java:883)
        at org.eclipse.jetty.util.thread.QueuedThreadPool$Runner.run(QueuedThreadPool.java:1034)
        at java.lang.Thread.run(Thread.java:750)
"qtp1596052577-189" daemon prio=5 tid=189 timed_waiting
java.lang.Thread.State: TIMED_WAITING
        at sun.misc.Unsafe.park(Native Method)
        at java.util.concurrent.locks.LockSupport.parkNanos(LockSupport.java:215)
        at java.util.concurrent.locks.AbstractQueuedSynchronizer$ConditionObject.awaitNanos(AbstractQueuedSynchronizer.java:2078)
        at org.eclipse.jetty.util.BlockingArrayQueue.poll(BlockingArrayQueue.java:382)
        at org.eclipse.jetty.util.thread.QueuedThreadPool$Runner.idleJobPoll(QueuedThreadPool.java:974)
        at org.eclipse.jetty.util.thread.QueuedThreadPool$Runner.run(QueuedThreadPool.java:1018)
        at java.lang.Thread.run(Thread.java:750)
"ChunkWriter-1-0" daemon prio=5 tid=544 in Object.wait()
java.lang.Thread.State: WAITING (on object monitor)
        at sun.misc.Unsafe.park(Native Method)
        at java.util.concurrent.locks.LockSupport.park(LockSupport.java:175)
        at java.util.concurrent.locks.AbstractQueuedSynchronizer$ConditionObject.await(AbstractQueuedSynchronizer.java:2039)
        at java.util.concurrent.LinkedBlockingDeque.takeFirst(LinkedBlockingDeque.java:492)
        at java.util.concurrent.LinkedBlockingDeque.take(LinkedBlockingDeque.java:680)
        at java.util.concurrent.ThreadPoolExecutor.getTask(ThreadPoolExecutor.java:1074)
        at java.util.concurrent.ThreadPoolExecutor.runWorker(ThreadPoolExecutor.java:1134)
        at java.util.concurrent.ThreadPoolExecutor$Worker.run(ThreadPoolExecutor.java:624)
        at java.lang.Thread.run(Thread.java:750)
"ChunkReader-5" daemon prio=5 tid=967 in Object.wait()
java.lang.Thread.State: WAITING (on object monitor)
        at sun.misc.Unsafe.park(Native Method)
        at java.util.concurrent.locks.LockSupport.park(LockSupport.java:175)
        at java.util.concurrent.locks.AbstractQueuedSynchronizer$ConditionObject.await(AbstractQueuedSynchronizer.java:2039)
        at java.util.concurrent.LinkedBlockingQueue.take(LinkedBlockingQueue.java:442)
        at java.util.concurrent.ThreadPoolExecutor.getTask(ThreadPoolExecutor.java:1074)
        at java.util.concurrent.ThreadPoolExecutor.runWorker(ThreadPoolExecutor.java:1134)
        at java.util.concurrent.ThreadPoolExecutor$Worker.run(ThreadPoolExecutor.java:624)
        at java.lang.Thread.run(Thread.java:750)
"ECContainerReconstructionThread-0" daemon prio=5 tid=945 in Object.wait()
java.lang.Thread.State: WAITING (on object monitor)
        at sun.misc.Unsafe.park(Native Method)
        at java.util.concurrent.locks.LockSupport.park(LockSupport.java:175)
        at java.util.concurrent.locks.AbstractQueuedSynchronizer$ConditionObject.await(AbstractQueuedSynchronizer.java:2039)
        at java.util.concurrent.LinkedBlockingQueue.take(LinkedBlockingQueue.java:442)
        at java.util.concurrent.ThreadPoolExecutor.getTask(ThreadPoolExecutor.java:1074)
        at java.util.concurrent.ThreadPoolExecutor.runWorker(ThreadPoolExecutor.java:1134)
        at java.util.concurrent.ThreadPoolExecutor$Worker.run(ThreadPoolExecutor.java:624)
        at java.lang.Thread.run(Thread.java:750)
"JvmPauseMonitor11" daemon prio=5 tid=1011 timed_waiting
java.lang.Thread.State: TIMED_WAITING
        at java.lang.Thread.sleep(Native Method)
        at java.lang.Thread.sleep(Thread.java:342)
        at java.util.concurrent.TimeUnit.sleep(TimeUnit.java:386)
        at org.apache.ratis.util.TimeDuration.sleep(TimeDuration.java:325)
        at org.apache.ratis.util.TimeDuration.sleep(TimeDuration.java:310)
        at org.apache.ratis.util.JvmPauseMonitor.detectPause(JvmPauseMonitor.java:119)
        at org.apache.ratis.util.JvmPauseMonitor.run(JvmPauseMonitor.java:108)
        at org.apache.ratis.util.JvmPauseMonitor$$Lambda$708/1088691990.run(Unknown Source)
        at java.lang.Thread.run(Thread.java:750)
"qtp2022973332-144" daemon prio=5 tid=144 runnable
java.lang.Thread.State: RUNNABLE
        at sun.nio.ch.EPollArrayWrapper.epollWait(Native Method)
        at sun.nio.ch.EPollArrayWrapper.poll(EPollArrayWrapper.java:269)
        at sun.nio.ch.EPollSelectorImpl.doSelect(EPollSelectorImpl.java:93)
        at sun.nio.ch.SelectorImpl.lockAndDoSelect(SelectorImpl.java:86)
        at sun.nio.ch.SelectorImpl.select(SelectorImpl.java:97)
        at sun.nio.ch.SelectorImpl.select(SelectorImpl.java:101)
        at org.eclipse.jetty.io.ManagedSelector.nioSelect(ManagedSelector.java:183)
        at org.eclipse.jetty.io.ManagedSelector.select(ManagedSelector.java:190)
        at org.eclipse.jetty.io.ManagedSelector$SelectorProducer.select(ManagedSelector.java:606)
        at org.eclipse.jetty.io.ManagedSelector$SelectorProducer.produce(ManagedSelector.java:543)
        at org.eclipse.jetty.util.thread.strategy.EatWhatYouKill.produceTask(EatWhatYouKill.java:362)
        at org.eclipse.jetty.util.thread.strategy.EatWhatYouKill.doProduce(EatWhatYouKill.java:186)
        at org.eclipse.jetty.util.thread.strategy.EatWhatYouKill.tryProduce(EatWhatYouKill.java:173)
        at org.eclipse.jetty.util.thread.strategy.EatWhatYouKill.produce(EatWhatYouKill.java:137)
        at org.eclipse.jetty.io.ManagedSelector$$Lambda$444/1185648203.run(Unknown Source)
        at org.eclipse.jetty.util.thread.QueuedThreadPool.runJob(QueuedThreadPool.java:883)
        at org.eclipse.jetty.util.thread.QueuedThreadPool$Runner.run(QueuedThreadPool.java:1034)
        at java.lang.Thread.run(Thread.java:750)
"Datanode ReportManager Thread - 3" daemon prio=5 tid=196 timed_waiting
java.lang.Thread.State: TIMED_WAITING
        at sun.misc.Unsafe.park(Native Method)
        at java.util.concurrent.locks.LockSupport.parkNanos(LockSupport.java:215)
        at java.util.concurrent.locks.AbstractQueuedSynchronizer$ConditionObject.awaitNanos(AbstractQueuedSynchronizer.java:2078)
        at java.util.concurrent.ScheduledThreadPoolExecutor$DelayedWorkQueue.take(ScheduledThreadPoolExecutor.java:1093)
        at java.util.concurrent.ScheduledThreadPoolExecutor$DelayedWorkQueue.take(ScheduledThreadPoolExecutor.java:809)
        at java.util.concurrent.ThreadPoolExecutor.getTask(ThreadPoolExecutor.java:1074)
        at java.util.concurrent.ThreadPoolExecutor.runWorker(ThreadPoolExecutor.java:1134)
        at java.util.concurrent.ThreadPoolExecutor$Worker.run(ThreadPoolExecutor.java:624)
        at java.lang.Thread.run(Thread.java:750)
"StaleRecoveringContainerScrubbingService#5" daemon prio=5 tid=1022 in Object.wait()
java.lang.Thread.State: WAITING (on object monitor)
        at sun.misc.Unsafe.park(Native Method)
        at java.util.concurrent.locks.LockSupport.park(LockSupport.java:175)
        at java.util.concurrent.locks.AbstractQueuedSynchronizer$ConditionObject.await(AbstractQueuedSynchronizer.java:2039)
        at java.util.concurrent.ScheduledThreadPoolExecutor$DelayedWorkQueue.take(ScheduledThreadPoolExecutor.java:1088)
        at java.util.concurrent.ScheduledThreadPoolExecutor$DelayedWorkQueue.take(ScheduledThreadPoolExecutor.java:809)
        at java.util.concurrent.ThreadPoolExecutor.getTask(ThreadPoolExecutor.java:1074)
        at java.util.concurrent.ThreadPoolExecutor.runWorker(ThreadPoolExecutor.java:1134)
        at java.util.concurrent.ThreadPoolExecutor$Worker.run(ThreadPoolExecutor.java:624)
        at java.lang.Thread.run(Thread.java:750)
"StaleRecoveringContainerScrubbingService#6" daemon prio=5 tid=1118 in Object.wait()
java.lang.Thread.State: WAITING (on object monitor)
        at sun.misc.Unsafe.park(Native Method)
        at java.util.concurrent.locks.LockSupport.park(LockSupport.java:175)
        at java.util.concurrent.locks.AbstractQueuedSynchronizer$ConditionObject.await(AbstractQueuedSynchronizer.java:2039)
        at java.util.concurrent.ScheduledThreadPoolExecutor$DelayedWorkQueue.take(ScheduledThreadPoolExecutor.java:1088)
        at java.util.concurrent.ScheduledThreadPoolExecutor$DelayedWorkQueue.take(ScheduledThreadPoolExecutor.java:809)
        at java.util.concurrent.ThreadPoolExecutor.getTask(ThreadPoolExecutor.java:1074)
        at java.util.concurrent.ThreadPoolExecutor.runWorker(ThreadPoolExecutor.java:1134)
        at java.util.concurrent.ThreadPoolExecutor$Worker.run(ThreadPoolExecutor.java:624)
        at java.lang.Thread.run(Thread.java:750)
"grpc-default-boss-ELG-1-1" daemon prio=5 tid=137 runnable
java.lang.Thread.State: RUNNABLE
        at org.apache.ratis.thirdparty.io.netty.channel.epoll.Native.epollWait(Native Method)
        at org.apache.ratis.thirdparty.io.netty.channel.epoll.Native.epollWait(Native.java:209)
        at org.apache.ratis.thirdparty.io.netty.channel.epoll.Native.epollWait(Native.java:202)
        at org.apache.ratis.thirdparty.io.netty.channel.epoll.EpollEventLoop.epollWaitNoTimerChange(EpollEventLoop.java:294)
        at org.apache.ratis.thirdparty.io.netty.channel.epoll.EpollEventLoop.run(EpollEventLoop.java:351)
        at org.apache.ratis.thirdparty.io.netty.util.concurrent.SingleThreadEventExecutor$4.run(SingleThreadEventExecutor.java:995)
        at org.apache.ratis.thirdparty.io.netty.util.internal.ThreadExecutorMap$2.run(ThreadExecutorMap.java:74)
        at org.apache.ratis.thirdparty.io.netty.util.concurrent.FastThreadLocalRunnable.run(FastThreadLocalRunnable.java:30)
        at java.lang.Thread.run(Thread.java:750)
"StaleRecoveringContainerScrubbingService#6" daemon prio=5 tid=1116 in Object.wait()
java.lang.Thread.State: WAITING (on object monitor)
        at sun.misc.Unsafe.park(Native Method)
        at java.util.concurrent.locks.LockSupport.park(LockSupport.java:175)
        at java.util.concurrent.locks.AbstractQueuedSynchronizer$ConditionObject.await(AbstractQueuedSynchronizer.java:2039)
        at java.util.concurrent.ScheduledThreadPoolExecutor$DelayedWorkQueue.take(ScheduledThreadPoolExecutor.java:1088)
        at java.util.concurrent.ScheduledThreadPoolExecutor$DelayedWorkQueue.take(ScheduledThreadPoolExecutor.java:809)
        at java.util.concurrent.ThreadPoolExecutor.getTask(ThreadPoolExecutor.java:1074)
        at java.util.concurrent.ThreadPoolExecutor.runWorker(ThreadPoolExecutor.java:1134)
        at java.util.concurrent.ThreadPoolExecutor$Worker.run(ThreadPoolExecutor.java:624)
        at java.lang.Thread.run(Thread.java:750)
"BlockDeletingService#0" daemon prio=5 tid=456 timed_waiting
java.lang.Thread.State: TIMED_WAITING
        at sun.misc.Unsafe.park(Native Method)
        at java.util.concurrent.locks.LockSupport.parkNanos(LockSupport.java:215)
        at java.util.concurrent.locks.AbstractQueuedSynchronizer$ConditionObject.awaitNanos(AbstractQueuedSynchronizer.java:2078)
        at java.util.concurrent.ScheduledThreadPoolExecutor$DelayedWorkQueue.take(ScheduledThreadPoolExecutor.java:1093)
        at java.util.concurrent.ScheduledThreadPoolExecutor$DelayedWorkQueue.take(ScheduledThreadPoolExecutor.java:809)
        at java.util.concurrent.ThreadPoolExecutor.getTask(ThreadPoolExecutor.java:1074)
        at java.util.concurrent.ThreadPoolExecutor.runWorker(ThreadPoolExecutor.java:1134)
        at java.util.concurrent.ThreadPoolExecutor$Worker.run(ThreadPoolExecutor.java:624)
        at java.lang.Thread.run(Thread.java:750)
"6a413ed4-87ae-4509-b51d-2f5d21600f9c@group-84F592C88491-StateMachineUpdater" daemon prio=5 tid=658 timed_waiting
java.lang.Thread.State: TIMED_WAITING
        at sun.misc.Unsafe.park(Native Method)
        at java.util.concurrent.locks.LockSupport.parkNanos(LockSupport.java:215)
        at java.util.concurrent.locks.AbstractQueuedSynchronizer$ConditionObject.await(AbstractQueuedSynchronizer.java:2163)
        at org.apache.ratis.util.AwaitForSignal.await(AwaitForSignal.java:62)
        at org.apache.ratis.server.impl.StateMachineUpdater.waitForCommit(StateMachineUpdater.java:207)
        at org.apache.ratis.server.impl.StateMachineUpdater.run(StateMachineUpdater.java:176)
        at java.lang.Thread.run(Thread.java:750)
"pool-276-thread-1"  prio=5 tid=429 timed_waiting
java.lang.Thread.State: TIMED_WAITING
        at sun.misc.Unsafe.park(Native Method)
        at java.util.concurrent.locks.LockSupport.parkNanos(LockSupport.java:215)
        at java.util.concurrent.locks.AbstractQueuedSynchronizer$ConditionObject.awaitNanos(AbstractQueuedSynchronizer.java:2078)
        at java.util.concurrent.ScheduledThreadPoolExecutor$DelayedWorkQueue.take(ScheduledThreadPoolExecutor.java:1093)
        at java.util.concurrent.ScheduledThreadPoolExecutor$DelayedWorkQueue.take(ScheduledThreadPoolExecutor.java:809)
        at java.util.concurrent.ThreadPoolExecutor.getTask(ThreadPoolExecutor.java:1074)
        at java.util.concurrent.ThreadPoolExecutor.runWorker(ThreadPoolExecutor.java:1134)
        at java.util.concurrent.ThreadPoolExecutor$Worker.run(ThreadPoolExecutor.java:624)
        at java.lang.Thread.run(Thread.java:750)
"StaleRecoveringContainerScrubbingService#3" daemon prio=5 tid=907 in Object.wait()
java.lang.Thread.State: WAITING (on object monitor)
        at sun.misc.Unsafe.park(Native Method)
        at java.util.concurrent.locks.LockSupport.park(LockSupport.java:175)
        at java.util.concurrent.locks.AbstractQueuedSynchronizer$ConditionObject.await(AbstractQueuedSynchronizer.java:2039)
        at java.util.concurrent.ScheduledThreadPoolExecutor$DelayedWorkQueue.take(ScheduledThreadPoolExecutor.java:1088)
        at java.util.concurrent.ScheduledThreadPoolExecutor$DelayedWorkQueue.take(ScheduledThreadPoolExecutor.java:809)
        at java.util.concurrent.ThreadPoolExecutor.getTask(ThreadPoolExecutor.java:1074)
        at java.util.concurrent.ThreadPoolExecutor.runWorker(ThreadPoolExecutor.java:1134)
        at java.util.concurrent.ThreadPoolExecutor$Worker.run(ThreadPoolExecutor.java:624)
        at java.lang.Thread.run(Thread.java:750)
"fd07e5d7-2dd9-455a-a9b9-9dae4f4be123@group-73B16E30E520-FollowerState" daemon prio=5 tid=1085 timed_waiting
java.lang.Thread.State: TIMED_WAITING
        at java.lang.Thread.sleep(Native Method)
        at java.lang.Thread.sleep(Thread.java:342)
        at java.util.concurrent.TimeUnit.sleep(TimeUnit.java:386)
        at org.apache.ratis.util.TimeDuration.sleep(TimeDuration.java:325)
        at org.apache.ratis.util.TimeDuration.sleep(TimeDuration.java:310)
        at org.apache.ratis.server.impl.FollowerState.run(FollowerState.java:128)
"qtp275359862-979" daemon prio=5 tid=979 timed_waiting
java.lang.Thread.State: TIMED_WAITING
        at sun.misc.Unsafe.park(Native Method)
        at java.util.concurrent.locks.LockSupport.parkNanos(LockSupport.java:215)
        at java.util.concurrent.locks.AbstractQueuedSynchronizer$ConditionObject.awaitNanos(AbstractQueuedSynchronizer.java:2078)
        at org.eclipse.jetty.util.BlockingArrayQueue.poll(BlockingArrayQueue.java:382)
        at org.eclipse.jetty.util.thread.QueuedThreadPool$Runner.idleJobPoll(QueuedThreadPool.java:974)
        at org.eclipse.jetty.util.thread.QueuedThreadPool$Runner.run(QueuedThreadPool.java:1018)
        at java.lang.Thread.run(Thread.java:750)
"592803f5-ace9-49ac-a54f-354c0e5baf2c-server-thread3" daemon prio=5 tid=1094 timed_waiting
java.lang.Thread.State: TIMED_WAITING
        at sun.misc.Unsafe.park(Native Method)
        at java.util.concurrent.locks.LockSupport.parkNanos(LockSupport.java:215)
        at java.util.concurrent.SynchronousQueue$TransferStack.awaitFulfill(SynchronousQueue.java:460)
        at java.util.concurrent.SynchronousQueue$TransferStack.transfer(SynchronousQueue.java:362)
        at java.util.concurrent.SynchronousQueue.poll(SynchronousQueue.java:941)
        at java.util.concurrent.ThreadPoolExecutor.getTask(ThreadPoolExecutor.java:1073)
        at java.util.concurrent.ThreadPoolExecutor.runWorker(ThreadPoolExecutor.java:1134)
        at java.util.concurrent.ThreadPoolExecutor$Worker.run(ThreadPoolExecutor.java:624)
        at java.lang.Thread.run(Thread.java:750)
"a57ee2ea-c69c-41b1-9f64-f7c5b74e8646@group-C860D8A7810C-LeaderStateImpl" daemon prio=5 tid=883 timed_waiting
java.lang.Thread.State: TIMED_WAITING
        at sun.misc.Unsafe.park(Native Method)
        at java.util.concurrent.locks.LockSupport.parkNanos(LockSupport.java:215)
        at java.util.concurrent.locks.AbstractQueuedSynchronizer$ConditionObject.awaitNanos(AbstractQueuedSynchronizer.java:2078)
        at java.util.concurrent.ArrayBlockingQueue.poll(ArrayBlockingQueue.java:418)
        at org.apache.ratis.server.impl.LeaderStateImpl$EventQueue.poll(LeaderStateImpl.java:159)
        at org.apache.ratis.server.impl.LeaderStateImpl$EventProcessor.run(LeaderStateImpl.java:630)
"IPC Server handler 7 on default port 43931" daemon prio=5 tid=93 timed_waiting
java.lang.Thread.State: TIMED_WAITING
        at sun.misc.Unsafe.park(Native Method)
        at java.util.concurrent.locks.LockSupport.parkNanos(LockSupport.java:215)
        at java.util.concurrent.locks.AbstractQueuedSynchronizer$ConditionObject.awaitNanos(AbstractQueuedSynchronizer.java:2078)
        at java.util.concurrent.LinkedBlockingQueue.poll(LinkedBlockingQueue.java:467)
        at org.apache.hadoop.ipc.CallQueueManager.take(CallQueueManager.java:317)
        at org.apache.hadoop.ipc.Server$Handler.run(Server.java:2942)
"a57ee2ea-c69c-41b1-9f64-f7c5b74e8646@group-E13D6F209EBE-SegmentedRaftLogWorker"  prio=5 tid=601 timed_waiting
java.lang.Thread.State: TIMED_WAITING
        at sun.misc.Unsafe.park(Native Method)
        at java.util.concurrent.locks.LockSupport.parkNanos(LockSupport.java:215)
        at java.util.concurrent.locks.AbstractQueuedSynchronizer$ConditionObject.awaitNanos(AbstractQueuedSynchronizer.java:2078)
        at org.apache.ratis.util.DataBlockingQueue.poll(DataBlockingQueue.java:148)
        at org.apache.ratis.server.raftlog.segmented.SegmentedRaftLogWorker.run(SegmentedRaftLogWorker.java:312)
        at org.apache.ratis.server.raftlog.segmented.SegmentedRaftLogWorker$$Lambda$667/1365285756.run(Unknown Source)
        at java.lang.Thread.run(Thread.java:750)
"ChunkReader-ELG-0" daemon prio=5 tid=548 runnable
java.lang.Thread.State: RUNNABLE
        at org.apache.ratis.thirdparty.io.netty.channel.epoll.Native.epollWait0(Native Method)
        at org.apache.ratis.thirdparty.io.netty.channel.epoll.Native.epollWait(Native.java:182)
        at org.apache.ratis.thirdparty.io.netty.channel.epoll.EpollEventLoop.epollWait(EpollEventLoop.java:290)
        at org.apache.ratis.thirdparty.io.netty.channel.epoll.EpollEventLoop.run(EpollEventLoop.java:354)
        at org.apache.ratis.thirdparty.io.netty.util.concurrent.SingleThreadEventExecutor$4.run(SingleThreadEventExecutor.java:995)
        at org.apache.ratis.thirdparty.io.netty.util.internal.ThreadExecutorMap$2.run(ThreadExecutorMap.java:74)
        at java.lang.Thread.run(Thread.java:750)
"IPC Server handler 13 on default port 39139" daemon prio=5 tid=166 timed_waiting
java.lang.Thread.State: TIMED_WAITING
        at sun.misc.Unsafe.park(Native Method)
        at java.util.concurrent.locks.LockSupport.parkNanos(LockSupport.java:215)
        at java.util.concurrent.locks.AbstractQueuedSynchronizer$ConditionObject.awaitNanos(AbstractQueuedSynchronizer.java:2078)
        at java.util.concurrent.LinkedBlockingQueue.poll(LinkedBlockingQueue.java:467)
        at org.apache.hadoop.ipc.CallQueueManager.take(CallQueueManager.java:317)
        at org.apache.hadoop.ipc.Server$Handler.run(Server.java:2942)
"307c9a4a-d135-41f7-b2cf-6e79e9d930c6@group-2A829352BC53-SegmentedRaftLogWorker"  prio=5 tid=656 timed_waiting
java.lang.Thread.State: TIMED_WAITING
        at sun.misc.Unsafe.park(Native Method)
        at java.util.concurrent.locks.LockSupport.parkNanos(LockSupport.java:215)
        at java.util.concurrent.locks.AbstractQueuedSynchronizer$ConditionObject.awaitNanos(AbstractQueuedSynchronizer.java:2078)
        at org.apache.ratis.util.DataBlockingQueue.poll(DataBlockingQueue.java:148)
        at org.apache.ratis.server.raftlog.segmented.SegmentedRaftLogWorker.run(SegmentedRaftLogWorker.java:312)
        at org.apache.ratis.server.raftlog.segmented.SegmentedRaftLogWorker$$Lambda$667/1365285756.run(Unknown Source)
        at java.lang.Thread.run(Thread.java:750)
"IPC Server handler 15 on default port 38215" daemon prio=5 tid=81 timed_waiting
java.lang.Thread.State: TIMED_WAITING
        at sun.misc.Unsafe.park(Native Method)
        at java.util.concurrent.locks.LockSupport.parkNanos(LockSupport.java:215)
        at java.util.concurrent.locks.AbstractQueuedSynchronizer$ConditionObject.awaitNanos(AbstractQueuedSynchronizer.java:2078)
        at java.util.concurrent.LinkedBlockingQueue.poll(LinkedBlockingQueue.java:467)
        at org.apache.hadoop.ipc.CallQueueManager.take(CallQueueManager.java:317)
        at org.apache.hadoop.ipc.Server$Handler.run(Server.java:2942)
"StaleRecoveringContainerScrubbingService#2" daemon prio=5 tid=734 timed_waiting
java.lang.Thread.State: TIMED_WAITING
        at sun.misc.Unsafe.park(Native Method)
        at java.util.concurrent.locks.LockSupport.parkNanos(LockSupport.java:215)
        at java.util.concurrent.locks.AbstractQueuedSynchronizer$ConditionObject.awaitNanos(AbstractQueuedSynchronizer.java:2078)
        at java.util.concurrent.ScheduledThreadPoolExecutor$DelayedWorkQueue.take(ScheduledThreadPoolExecutor.java:1093)
        at java.util.concurrent.ScheduledThreadPoolExecutor$DelayedWorkQueue.take(ScheduledThreadPoolExecutor.java:809)
        at java.util.concurrent.ThreadPoolExecutor.getTask(ThreadPoolExecutor.java:1074)
        at java.util.concurrent.ThreadPoolExecutor.runWorker(ThreadPoolExecutor.java:1134)
        at java.util.concurrent.ThreadPoolExecutor$Worker.run(ThreadPoolExecutor.java:624)
        at java.lang.Thread.run(Thread.java:750)
"Datanode ReportManager Thread - 1" daemon prio=5 tid=194 timed_waiting
java.lang.Thread.State: TIMED_WAITING
        at sun.misc.Unsafe.park(Native Method)
        at java.util.concurrent.locks.LockSupport.parkNanos(LockSupport.java:215)
        at java.util.concurrent.locks.AbstractQueuedSynchronizer$ConditionObject.awaitNanos(AbstractQueuedSynchronizer.java:2078)
        at java.util.concurrent.ScheduledThreadPoolExecutor$DelayedWorkQueue.take(ScheduledThreadPoolExecutor.java:1093)
        at java.util.concurrent.ScheduledThreadPoolExecutor$DelayedWorkQueue.take(ScheduledThreadPoolExecutor.java:809)
        at java.util.concurrent.ThreadPoolExecutor.getTask(ThreadPoolExecutor.java:1074)
        at java.util.concurrent.ThreadPoolExecutor.runWorker(ThreadPoolExecutor.java:1134)
        at java.util.concurrent.ThreadPoolExecutor$Worker.run(ThreadPoolExecutor.java:624)
        at java.lang.Thread.run(Thread.java:750)
"Periodic HDDS volume checker" daemon prio=5 tid=378 timed_waiting
java.lang.Thread.State: TIMED_WAITING
        at sun.misc.Unsafe.park(Native Method)
        at java.util.concurrent.locks.LockSupport.parkNanos(LockSupport.java:215)
        at java.util.concurrent.locks.AbstractQueuedSynchronizer$ConditionObject.awaitNanos(AbstractQueuedSynchronizer.java:2078)
        at java.util.concurrent.ScheduledThreadPoolExecutor$DelayedWorkQueue.take(ScheduledThreadPoolExecutor.java:1093)
        at java.util.concurrent.ScheduledThreadPoolExecutor$DelayedWorkQueue.take(ScheduledThreadPoolExecutor.java:809)
        at java.util.concurrent.ThreadPoolExecutor.getTask(ThreadPoolExecutor.java:1074)
        at java.util.concurrent.ThreadPoolExecutor.runWorker(ThreadPoolExecutor.java:1134)
        at java.util.concurrent.ThreadPoolExecutor$Worker.run(ThreadPoolExecutor.java:624)
        at java.lang.Thread.run(Thread.java:750)
"2fe07876-8610-433e-a055-404555d6ad88@group-A427007BFDCD-SegmentedRaftLogWorker"  prio=5 tid=685 timed_waiting
java.lang.Thread.State: TIMED_WAITING
        at sun.misc.Unsafe.park(Native Method)
        at java.util.concurrent.locks.LockSupport.parkNanos(LockSupport.java:215)
        at java.util.concurrent.locks.AbstractQueuedSynchronizer$ConditionObject.awaitNanos(AbstractQueuedSynchronizer.java:2078)
        at org.apache.ratis.util.DataBlockingQueue.poll(DataBlockingQueue.java:148)
        at org.apache.ratis.server.raftlog.segmented.SegmentedRaftLogWorker.run(SegmentedRaftLogWorker.java:312)
        at org.apache.ratis.server.raftlog.segmented.SegmentedRaftLogWorker$$Lambda$667/1365285756.run(Unknown Source)
        at java.lang.Thread.run(Thread.java:750)
"StaleRecoveringContainerScrubbingService#1" daemon prio=5 tid=539 in Object.wait()
java.lang.Thread.State: WAITING (on object monitor)
        at sun.misc.Unsafe.park(Native Method)
        at java.util.concurrent.locks.LockSupport.park(LockSupport.java:175)
        at java.util.concurrent.locks.AbstractQueuedSynchronizer$ConditionObject.await(AbstractQueuedSynchronizer.java:2039)
        at java.util.concurrent.ScheduledThreadPoolExecutor$DelayedWorkQueue.take(ScheduledThreadPoolExecutor.java:1088)
        at java.util.concurrent.ScheduledThreadPoolExecutor$DelayedWorkQueue.take(ScheduledThreadPoolExecutor.java:809)
        at java.util.concurrent.ThreadPoolExecutor.getTask(ThreadPoolExecutor.java:1074)
        at java.util.concurrent.ThreadPoolExecutor.runWorker(ThreadPoolExecutor.java:1134)
        at java.util.concurrent.ThreadPoolExecutor$Worker.run(ThreadPoolExecutor.java:624)
        at java.lang.Thread.run(Thread.java:750)
"PartialTableCache Cleanup Thread - 0" daemon prio=5 tid=827 in Object.wait()
java.lang.Thread.State: WAITING (on object monitor)
        at sun.misc.Unsafe.park(Native Method)
        at java.util.concurrent.locks.LockSupport.park(LockSupport.java:175)
        at java.util.concurrent.locks.AbstractQueuedSynchronizer$ConditionObject.await(AbstractQueuedSynchronizer.java:2039)
        at java.util.concurrent.LinkedBlockingQueue.take(LinkedBlockingQueue.java:442)
        at java.util.concurrent.ThreadPoolExecutor.getTask(ThreadPoolExecutor.java:1074)
        at java.util.concurrent.ThreadPoolExecutor.runWorker(ThreadPoolExecutor.java:1134)
        at java.util.concurrent.ThreadPoolExecutor$Worker.run(ThreadPoolExecutor.java:624)
        at java.lang.Thread.run(Thread.java:750)
"f48f5eaa-c865-41e1-958d-4d574a609fc9@group-B2174F3F8180-SegmentedRaftLogWorker"  prio=5 tid=578 timed_waiting
java.lang.Thread.State: TIMED_WAITING
        at sun.misc.Unsafe.park(Native Method)
        at java.util.concurrent.locks.LockSupport.parkNanos(LockSupport.java:215)
        at java.util.concurrent.locks.AbstractQueuedSynchronizer$ConditionObject.awaitNanos(AbstractQueuedSynchronizer.java:2078)
        at org.apache.ratis.util.DataBlockingQueue.poll(DataBlockingQueue.java:148)
        at org.apache.ratis.server.raftlog.segmented.SegmentedRaftLogWorker.run(SegmentedRaftLogWorker.java:312)
        at org.apache.ratis.server.raftlog.segmented.SegmentedRaftLogWorker$$Lambda$667/1365285756.run(Unknown Source)
        at java.lang.Thread.run(Thread.java:750)
"6a413ed4-87ae-4509-b51d-2f5d21600f9c@group-B9F234375034-StateMachineUpdater" daemon prio=5 tid=681 timed_waiting
java.lang.Thread.State: TIMED_WAITING
        at sun.misc.Unsafe.park(Native Method)
        at java.util.concurrent.locks.LockSupport.parkNanos(LockSupport.java:215)
        at java.util.concurrent.locks.AbstractQueuedSynchronizer$ConditionObject.await(AbstractQueuedSynchronizer.java:2163)
        at org.apache.ratis.util.AwaitForSignal.await(AwaitForSignal.java:62)
        at org.apache.ratis.server.impl.StateMachineUpdater.waitForCommit(StateMachineUpdater.java:207)
        at org.apache.ratis.server.impl.StateMachineUpdater.run(StateMachineUpdater.java:176)
        at java.lang.Thread.run(Thread.java:750)
"IPC Server handler 17 on default port 39139" daemon prio=5 tid=170 timed_waiting
java.lang.Thread.State: TIMED_WAITING
        at sun.misc.Unsafe.park(Native Method)
        at java.util.concurrent.locks.LockSupport.parkNanos(LockSupport.java:215)
        at java.util.concurrent.locks.AbstractQueuedSynchronizer$ConditionObject.awaitNanos(AbstractQueuedSynchronizer.java:2078)
        at java.util.concurrent.LinkedBlockingQueue.poll(LinkedBlockingQueue.java:467)
        at org.apache.hadoop.ipc.CallQueueManager.take(CallQueueManager.java:317)
        at org.apache.hadoop.ipc.Server$Handler.run(Server.java:2942)
"qtp218303955-358" daemon prio=5 tid=358 timed_waiting
java.lang.Thread.State: TIMED_WAITING
        at sun.misc.Unsafe.park(Native Method)
        at java.util.concurrent.locks.LockSupport.parkNanos(LockSupport.java:215)
        at java.util.concurrent.locks.AbstractQueuedSynchronizer$ConditionObject.awaitNanos(AbstractQueuedSynchronizer.java:2078)
        at org.eclipse.jetty.util.BlockingArrayQueue.poll(BlockingArrayQueue.java:382)
        at org.eclipse.jetty.util.thread.QueuedThreadPool$Runner.idleJobPoll(QueuedThreadPool.java:974)
        at org.eclipse.jetty.util.thread.QueuedThreadPool$Runner.run(QueuedThreadPool.java:1018)
        at java.lang.Thread.run(Thread.java:750)
"PartialTableCache Cleanup Thread - 0" daemon prio=5 tid=1122 in Object.wait()
java.lang.Thread.State: WAITING (on object monitor)
        at sun.misc.Unsafe.park(Native Method)
        at java.util.concurrent.locks.LockSupport.park(LockSupport.java:175)
        at java.util.concurrent.locks.AbstractQueuedSynchronizer$ConditionObject.await(AbstractQueuedSynchronizer.java:2039)
        at java.util.concurrent.LinkedBlockingQueue.take(LinkedBlockingQueue.java:442)
        at java.util.concurrent.ThreadPoolExecutor.getTask(ThreadPoolExecutor.java:1074)
        at java.util.concurrent.ThreadPoolExecutor.runWorker(ThreadPoolExecutor.java:1134)
        at java.util.concurrent.ThreadPoolExecutor$Worker.run(ThreadPoolExecutor.java:624)
        at java.lang.Thread.run(Thread.java:750)
"pool-140-thread-1"  prio=5 tid=600 in Object.wait()
java.lang.Thread.State: WAITING (on object monitor)
        at sun.misc.Unsafe.park(Native Method)
        at java.util.concurrent.locks.LockSupport.park(LockSupport.java:175)
        at java.util.concurrent.locks.AbstractQueuedSynchronizer$ConditionObject.await(AbstractQueuedSynchronizer.java:2039)
        at java.util.concurrent.LinkedBlockingQueue.take(LinkedBlockingQueue.java:442)
        at java.util.concurrent.ThreadPoolExecutor.getTask(ThreadPoolExecutor.java:1074)
        at java.util.concurrent.ThreadPoolExecutor.runWorker(ThreadPoolExecutor.java:1134)
        at java.util.concurrent.ThreadPoolExecutor$Worker.run(ThreadPoolExecutor.java:624)
        at java.lang.Thread.run(Thread.java:750)
"IPC Server handler 7 on default port 34787" daemon prio=5 tid=53 timed_waiting
java.lang.Thread.State: TIMED_WAITING
        at sun.misc.Unsafe.park(Native Method)
        at java.util.concurrent.locks.LockSupport.parkNanos(LockSupport.java:215)
        at java.util.concurrent.locks.AbstractQueuedSynchronizer$ConditionObject.awaitNanos(AbstractQueuedSynchronizer.java:2078)
        at java.util.concurrent.LinkedBlockingQueue.poll(LinkedBlockingQueue.java:467)
        at org.apache.hadoop.ipc.CallQueueManager.take(CallQueueManager.java:317)
        at org.apache.hadoop.ipc.Server$Handler.run(Server.java:2942)
"BlockDeletingService#1" daemon prio=5 tid=458 in Object.wait()
java.lang.Thread.State: WAITING (on object monitor)
        at sun.misc.Unsafe.park(Native Method)
        at java.util.concurrent.locks.LockSupport.park(LockSupport.java:175)
        at java.util.concurrent.locks.AbstractQueuedSynchronizer$ConditionObject.await(AbstractQueuedSynchronizer.java:2039)
        at java.util.concurrent.ScheduledThreadPoolExecutor$DelayedWorkQueue.take(ScheduledThreadPoolExecutor.java:1088)
        at java.util.concurrent.ScheduledThreadPoolExecutor$DelayedWorkQueue.take(ScheduledThreadPoolExecutor.java:809)
        at java.util.concurrent.ThreadPoolExecutor.getTask(ThreadPoolExecutor.java:1074)
        at java.util.concurrent.ThreadPoolExecutor.runWorker(ThreadPoolExecutor.java:1134)
        at java.util.concurrent.ThreadPoolExecutor$Worker.run(ThreadPoolExecutor.java:624)
        at java.lang.Thread.run(Thread.java:750)
"StaleRecoveringContainerScrubbingService#1" daemon prio=5 tid=515 in Object.wait()
java.lang.Thread.State: WAITING (on object monitor)
        at sun.misc.Unsafe.park(Native Method)
        at java.util.concurrent.locks.LockSupport.park(LockSupport.java:175)
        at java.util.concurrent.locks.AbstractQueuedSynchronizer$ConditionObject.await(AbstractQueuedSynchronizer.java:2039)
        at java.util.concurrent.ScheduledThreadPoolExecutor$DelayedWorkQueue.take(ScheduledThreadPoolExecutor.java:1088)
        at java.util.concurrent.ScheduledThreadPoolExecutor$DelayedWorkQueue.take(ScheduledThreadPoolExecutor.java:809)
        at java.util.concurrent.ThreadPoolExecutor.getTask(ThreadPoolExecutor.java:1074)
        at java.util.concurrent.ThreadPoolExecutor.runWorker(ThreadPoolExecutor.java:1134)
        at java.util.concurrent.ThreadPoolExecutor$Worker.run(ThreadPoolExecutor.java:624)
        at java.lang.Thread.run(Thread.java:750)
"StaleRecoveringContainerScrubbingService#4" daemon prio=5 tid=1143 in Object.wait()
java.lang.Thread.State: WAITING (on object monitor)
        at sun.misc.Unsafe.park(Native Method)
        at java.util.concurrent.locks.LockSupport.park(LockSupport.java:175)
        at java.util.concurrent.locks.AbstractQueuedSynchronizer$ConditionObject.await(AbstractQueuedSynchronizer.java:2039)
        at java.util.concurrent.ScheduledThreadPoolExecutor$DelayedWorkQueue.take(ScheduledThreadPoolExecutor.java:1088)
        at java.util.concurrent.ScheduledThreadPoolExecutor$DelayedWorkQueue.take(ScheduledThreadPoolExecutor.java:809)
        at java.util.concurrent.ThreadPoolExecutor.getTask(ThreadPoolExecutor.java:1074)
        at java.util.concurrent.ThreadPoolExecutor.runWorker(ThreadPoolExecutor.java:1134)
        at java.util.concurrent.ThreadPoolExecutor$Worker.run(ThreadPoolExecutor.java:624)
        at java.lang.Thread.run(Thread.java:750)
"prometheus" daemon prio=5 tid=118 in Object.wait()
java.lang.Thread.State: WAITING (on object monitor)
        at java.lang.Object.wait(Native Method)
        at java.lang.Object.wait(Object.java:502)
        at org.apache.hadoop.metrics2.impl.SinkQueue.waitForData(SinkQueue.java:114)
        at org.apache.hadoop.metrics2.impl.SinkQueue.consumeAll(SinkQueue.java:83)
        at org.apache.hadoop.metrics2.impl.MetricsSinkAdapter.publishMetricsFromQueue(MetricsSinkAdapter.java:135)
        at org.apache.hadoop.metrics2.impl.MetricsSinkAdapter$1.run(MetricsSinkAdapter.java:89)
"18a879af-de93-4167-9a98-f5b552aa8b4b@group-C860D8A7810C-FollowerState" daemon prio=5 tid=882 timed_waiting
java.lang.Thread.State: TIMED_WAITING
        at java.lang.Thread.sleep(Native Method)
        at java.lang.Thread.sleep(Thread.java:342)
        at java.util.concurrent.TimeUnit.sleep(TimeUnit.java:386)
        at org.apache.ratis.util.TimeDuration.sleep(TimeDuration.java:325)
        at org.apache.ratis.util.TimeDuration.sleep(TimeDuration.java:310)
        at org.apache.ratis.server.impl.FollowerState.run(FollowerState.java:128)
"EndpointStateMachine task thread for /0.0.0.0:43931 - 0 "  prio=5 tid=411 in Object.wait()
java.lang.Thread.State: WAITING (on object monitor)
        at sun.misc.Unsafe.park(Native Method)
        at java.util.concurrent.locks.LockSupport.park(LockSupport.java:175)
        at java.util.concurrent.locks.AbstractQueuedSynchronizer$ConditionObject.await(AbstractQueuedSynchronizer.java:2039)
        at java.util.concurrent.LinkedBlockingQueue.take(LinkedBlockingQueue.java:442)
        at java.util.concurrent.ThreadPoolExecutor.getTask(ThreadPoolExecutor.java:1074)
        at java.util.concurrent.ThreadPoolExecutor.runWorker(ThreadPoolExecutor.java:1134)
        at java.util.concurrent.ThreadPoolExecutor$Worker.run(ThreadPoolExecutor.java:624)
        at java.lang.Thread.run(Thread.java:750)
"IPC Server Responder" daemon prio=5 tid=34 runnable
java.lang.Thread.State: RUNNABLE
        at sun.nio.ch.EPollArrayWrapper.epollWait(Native Method)
        at sun.nio.ch.EPollArrayWrapper.poll(EPollArrayWrapper.java:269)
        at sun.nio.ch.EPollSelectorImpl.doSelect(EPollSelectorImpl.java:93)
        at sun.nio.ch.SelectorImpl.lockAndDoSelect(SelectorImpl.java:86)
        at sun.nio.ch.SelectorImpl.select(SelectorImpl.java:97)
        at org.apache.hadoop.ipc.Server$Responder.doRunLoop(Server.java:1532)
        at org.apache.hadoop.ipc.Server$Responder.run(Server.java:1515)
"ChunkReader-ELG-0" daemon prio=5 tid=536 runnable
java.lang.Thread.State: RUNNABLE
        at org.apache.ratis.thirdparty.io.netty.channel.epoll.Native.epollWait0(Native Method)
        at org.apache.ratis.thirdparty.io.netty.channel.epoll.Native.epollWait(Native.java:182)
        at org.apache.ratis.thirdparty.io.netty.channel.epoll.EpollEventLoop.epollWait(EpollEventLoop.java:290)
        at org.apache.ratis.thirdparty.io.netty.channel.epoll.EpollEventLoop.run(EpollEventLoop.java:354)
        at org.apache.ratis.thirdparty.io.netty.util.concurrent.SingleThreadEventExecutor$4.run(SingleThreadEventExecutor.java:995)
        at org.apache.ratis.thirdparty.io.netty.util.internal.ThreadExecutorMap$2.run(ThreadExecutorMap.java:74)
        at java.lang.Thread.run(Thread.java:750)


	at org.apache.ozone.test.GenericTestUtils.waitFor(GenericTestUtils.java:227)
	at org.apache.hadoop.ozone.container.TestECContainerRecovery.testECContainerRecoveryWithTimedOutRecovery(TestECContainerRecovery.java:337)
	at sun.reflect.NativeMethodAccessorImpl.invoke0(Native Method)
	at sun.reflect.NativeMethodAccessorImpl.invoke(NativeMethodAccessorImpl.java:62)
	at sun.reflect.DelegatingMethodAccessorImpl.invoke(DelegatingMethodAccessorImpl.java:43)
	at java.lang.reflect.Method.invoke(Method.java:498)
	at org.junit.platform.commons.util.ReflectionUtils.invokeMethod(ReflectionUtils.java:725)
	at org.junit.jupiter.engine.execution.MethodInvocation.proceed(MethodInvocation.java:60)
	at org.junit.jupiter.engine.execution.InvocationInterceptorChain$ValidatingInvocation.proceed(InvocationInterceptorChain.java:131)
	at org.junit.jupiter.engine.extension.TimeoutExtension.intercept(TimeoutExtension.java:149)
	at org.junit.jupiter.engine.extension.TimeoutExtension.interceptTestableMethod(TimeoutExtension.java:140)
	at org.junit.jupiter.engine.extension.TimeoutExtension.interceptTestMethod(TimeoutExtension.java:84)
	at org.junit.jupiter.engine.execution.ExecutableInvoker$ReflectiveInterceptorCall.lambda$ofVoidMethod$0(ExecutableInvoker.java:115)
	at org.junit.jupiter.engine.execution.ExecutableInvoker.lambda$invoke$0(ExecutableInvoker.java:105)
	at org.junit.jupiter.engine.execution.InvocationInterceptorChain$InterceptedInvocation.proceed(InvocationInterceptorChain.java:106)
	at org.junit.jupiter.engine.execution.InvocationInterceptorChain.proceed(InvocationInterceptorChain.java:64)
	at org.junit.jupiter.engine.execution.InvocationInterceptorChain.chainAndInvoke(InvocationInterceptorChain.java:45)
	at org.junit.jupiter.engine.execution.InvocationInterceptorChain.invoke(InvocationInterceptorChain.java:37)
	at org.junit.jupiter.engine.execution.ExecutableInvoker.invoke(ExecutableInvoker.java:104)
	at org.junit.jupiter.engine.execution.ExecutableInvoker.invoke(ExecutableInvoker.java:98)
	at org.junit.jupiter.engine.descriptor.TestMethodTestDescriptor.lambda$invokeTestMethod$7(TestMethodTestDescriptor.java:214)
	at org.junit.platform.engine.support.hierarchical.ThrowableCollector.execute(ThrowableCollector.java:73)
	at org.junit.jupiter.engine.descriptor.TestMethodTestDescriptor.invokeTestMethod(TestMethodTestDescriptor.java:210)
	at org.junit.jupiter.engine.descriptor.TestMethodTestDescriptor.execute(TestMethodTestDescriptor.java:135)
	at org.junit.jupiter.engine.descriptor.TestMethodTestDescriptor.execute(TestMethodTestDescriptor.java:66)
	at org.junit.platform.engine.support.hierarchical.NodeTestTask.lambda$executeRecursively$6(NodeTestTask.java:151)
	at org.junit.platform.engine.support.hierarchical.ThrowableCollector.execute(ThrowableCollector.java:73)
	at org.junit.platform.engine.support.hierarchical.NodeTestTask.lambda$executeRecursively$8(NodeTestTask.java:141)
	at org.junit.platform.engine.support.hierarchical.Node.around(Node.java:137)
	at org.junit.platform.engine.support.hierarchical.NodeTestTask.lambda$executeRecursively$9(NodeTestTask.java:139)
	at org.junit.platform.engine.support.hierarchical.ThrowableCollector.execute(ThrowableCollector.java:73)
	at org.junit.platform.engine.support.hierarchical.NodeTestTask.executeRecursively(NodeTestTask.java:138)
	at org.junit.platform.engine.support.hierarchical.NodeTestTask.execute(NodeTestTask.java:95)
	at java.util.ArrayList.forEach(ArrayList.java:1259)
	at org.junit.platform.engine.support.hierarchical.SameThreadHierarchicalTestExecutorService.invokeAll(SameThreadHierarchicalTestExecutorService.java:41)
	at org.junit.platform.engine.support.hierarchical.NodeTestTask.lambda$executeRecursively$6(NodeTestTask.java:155)
	at org.junit.platform.engine.support.hierarchical.ThrowableCollector.execute(ThrowableCollector.java:73)
	at org.junit.platform.engine.support.hierarchical.NodeTestTask.lambda$executeRecursively$8(NodeTestTask.java:141)
	at org.junit.platform.engine.support.hierarchical.Node.around(Node.java:137)
	at org.junit.platform.engine.support.hierarchical.NodeTestTask.lambda$executeRecursively$9(NodeTestTask.java:139)
	at org.junit.platform.engine.support.hierarchical.ThrowableCollector.execute(ThrowableCollector.java:73)
	at org.junit.platform.engine.support.hierarchical.NodeTestTask.executeRecursively(NodeTestTask.java:138)
	at org.junit.platform.engine.support.hierarchical.NodeTestTask.execute(NodeTestTask.java:95)
	at java.util.ArrayList.forEach(ArrayList.java:1259)
	at org.junit.platform.engine.support.hierarchical.SameThreadHierarchicalTestExecutorService.invokeAll(SameThreadHierarchicalTestExecutorService.java:41)
	at org.junit.platform.engine.support.hierarchical.NodeTestTask.lambda$executeRecursively$6(NodeTestTask.java:155)
	at org.junit.platform.engine.support.hierarchical.ThrowableCollector.execute(ThrowableCollector.java:73)
	at org.junit.platform.engine.support.hierarchical.NodeTestTask.lambda$executeRecursively$8(NodeTestTask.java:141)
	at org.junit.platform.engine.support.hierarchical.Node.around(Node.java:137)
	at org.junit.platform.engine.support.hierarchical.NodeTestTask.lambda$executeRecursively$9(NodeTestTask.java:139)
	at org.junit.platform.engine.support.hierarchical.ThrowableCollector.execute(ThrowableCollector.java:73)
	at org.junit.platform.engine.support.hierarchical.NodeTestTask.executeRecursively(NodeTestTask.java:138)
	at org.junit.platform.engine.support.hierarchical.NodeTestTask.execute(NodeTestTask.java:95)
	at org.junit.platform.engine.support.hierarchical.SameThreadHierarchicalTestExecutorService.submit(SameThreadHierarchicalTestExecutorService.java:35)
	at org.junit.platform.engine.support.hierarchical.HierarchicalTestExecutor.execute(HierarchicalTestExecutor.java:57)
	at org.junit.platform.engine.support.hierarchical.HierarchicalTestEngine.execute(HierarchicalTestEngine.java:54)
	at org.junit.platform.launcher.core.EngineExecutionOrchestrator.execute(EngineExecutionOrchestrator.java:107)
	at org.junit.platform.launcher.core.EngineExecutionOrchestrator.execute(EngineExecutionOrchestrator.java:88)
	at org.junit.platform.launcher.core.EngineExecutionOrchestrator.lambda$execute$0(EngineExecutionOrchestrator.java:54)
	at org.junit.platform.launcher.core.EngineExecutionOrchestrator.withInterceptedStreams(EngineExecutionOrchestrator.java:67)
	at org.junit.platform.launcher.core.EngineExecutionOrchestrator.execute(EngineExecutionOrchestrator.java:52)
	at org.junit.platform.launcher.core.DefaultLauncher.execute(DefaultLauncher.java:114)
	at org.junit.platform.launcher.core.DefaultLauncher.execute(DefaultLauncher.java:86)
	at org.junit.platform.launcher.core.DefaultLauncherSession$DelegatingLauncher.execute(DefaultLauncherSession.java:86)
	at org.junit.platform.launcher.core.SessionPerRequestLauncher.execute(SessionPerRequestLauncher.java:53)
	at org.apache.maven.surefire.junitplatform.JUnitPlatformProvider.execute(JUnitPlatformProvider.java:188)
	at org.apache.maven.surefire.junitplatform.JUnitPlatformProvider.invokeAllTests(JUnitPlatformProvider.java:154)
	at org.apache.maven.surefire.junitplatform.JUnitPlatformProvider.invoke(JUnitPlatformProvider.java:124)
	at org.apache.maven.surefire.booter.ForkedBooter.runSuitesInProcess(ForkedBooter.java:428)
	at org.apache.maven.surefire.booter.ForkedBooter.execute(ForkedBooter.java:162)
	at org.apache.maven.surefire.booter.ForkedBooter.run(ForkedBooter.java:562)
	at org.apache.maven.surefire.booter.ForkedBooter.main(ForkedBooter.java:548)
]]></error>
    <system-out><![CDATA[2022-12-06 16:25:18,027 [Listener at 127.0.0.1/39139] INFO  rpc.RpcClient (RpcClient.java:createBucket(691)) - Creating Bucket: 4e7484fa-286a-4d50-a429-3ecf6daa6c33/9ad114da-d56a-496f-a93e-3402206a51af, with server-side default bucket layout, runner as owner, Versioning false, Storage Type set to DISK and Encryption set to false 
2022-12-06 16:25:18,031 [OM StateMachine ApplyTransaction Thread - 0] INFO  bucket.OMBucketCreateRequest (OMBucketCreateRequest.java:validateAndUpdateCache(260)) - created bucket: 9ad114da-d56a-496f-a93e-3402206a51af of layout LEGACY in volume: 4e7484fa-286a-4d50-a429-3ecf6daa6c33
2022-12-06 16:25:18,045 [IPC Server handler 1 on default port 38215] INFO  pipeline.PipelineStateManagerImpl (PipelineStateManagerImpl.java:addPipeline(103)) - Created pipeline Pipeline[ Id: 6649923a-14fe-4ab3-895a-a78ade398d29, Nodes: b0ab2fb2-fc83-4273-be02-cd8927d57599{ip: 10.1.0.176, host: fv-az451-158.ehxzt5fk3o4e1ahk02omj2f41g.dx.internal.cloudapp.net, ports: [REPLICATION=43303, RATIS=43425, RATIS_ADMIN=43425, RATIS_SERVER=43425, STANDALONE=43243], networkLocation: /default-rack, certSerialId: null, persistedOpState: null, persistedOpStateExpiryEpochSec: 0}18a879af-de93-4167-9a98-f5b552aa8b4b{ip: 10.1.0.176, host: fv-az451-158.ehxzt5fk3o4e1ahk02omj2f41g.dx.internal.cloudapp.net, ports: [REPLICATION=33057, RATIS=33349, RATIS_ADMIN=33349, RATIS_SERVER=33349, STANDALONE=34989], networkLocation: /default-rack, certSerialId: null, persistedOpState: null, persistedOpStateExpiryEpochSec: 0}2fe07876-8610-433e-a055-404555d6ad88{ip: 10.1.0.176, host: fv-az451-158.ehxzt5fk3o4e1ahk02omj2f41g.dx.internal.cloudapp.net, ports: [REPLICATION=38677, RATIS=34239, RATIS_ADMIN=34239, RATIS_SERVER=34239, STANDALONE=45543], networkLocation: /default-rack, certSerialId: null, persistedOpState: null, persistedOpStateExpiryEpochSec: 0}6a413ed4-87ae-4509-b51d-2f5d21600f9c{ip: 10.1.0.176, host: fv-az451-158.ehxzt5fk3o4e1ahk02omj2f41g.dx.internal.cloudapp.net, ports: [REPLICATION=37211, RATIS=45621, RATIS_ADMIN=45621, RATIS_SERVER=45621, STANDALONE=41119], networkLocation: /default-rack, certSerialId: null, persistedOpState: null, persistedOpStateExpiryEpochSec: 0}f48f5eaa-c865-41e1-958d-4d574a609fc9{ip: 10.1.0.176, host: fv-az451-158.ehxzt5fk3o4e1ahk02omj2f41g.dx.internal.cloudapp.net, ports: [REPLICATION=37599, RATIS=45201, RATIS_ADMIN=45201, RATIS_SERVER=45201, STANDALONE=39113], networkLocation: /default-rack, certSerialId: null, persistedOpState: null, persistedOpStateExpiryEpochSec: 0}, ReplicationConfig: EC/ECReplicationConfig{data=3, parity=2, ecChunkSize=1024, codec=rs}, State:ALLOCATED, leaderId:, CreationTimestamp2022-12-06T16:25:18.044Z[Etc/UTC]].
2022-12-06 16:25:18,046 [IPC Server handler 1 on default port 38215] INFO  pipeline.PipelineManagerImpl (PipelineManagerImpl.java:openPipeline(367)) - Pipeline Pipeline[ Id: 6649923a-14fe-4ab3-895a-a78ade398d29, Nodes: b0ab2fb2-fc83-4273-be02-cd8927d57599{ip: 10.1.0.176, host: fv-az451-158.ehxzt5fk3o4e1ahk02omj2f41g.dx.internal.cloudapp.net, ports: [REPLICATION=43303, RATIS=43425, RATIS_ADMIN=43425, RATIS_SERVER=43425, STANDALONE=43243], networkLocation: /default-rack, certSerialId: null, persistedOpState: null, persistedOpStateExpiryEpochSec: 0}18a879af-de93-4167-9a98-f5b552aa8b4b{ip: 10.1.0.176, host: fv-az451-158.ehxzt5fk3o4e1ahk02omj2f41g.dx.internal.cloudapp.net, ports: [REPLICATION=33057, RATIS=33349, RATIS_ADMIN=33349, RATIS_SERVER=33349, STANDALONE=34989], networkLocation: /default-rack, certSerialId: null, persistedOpState: null, persistedOpStateExpiryEpochSec: 0}2fe07876-8610-433e-a055-404555d6ad88{ip: 10.1.0.176, host: fv-az451-158.ehxzt5fk3o4e1ahk02omj2f41g.dx.internal.cloudapp.net, ports: [REPLICATION=38677, RATIS=34239, RATIS_ADMIN=34239, RATIS_SERVER=34239, STANDALONE=45543], networkLocation: /default-rack, certSerialId: null, persistedOpState: null, persistedOpStateExpiryEpochSec: 0}6a413ed4-87ae-4509-b51d-2f5d21600f9c{ip: 10.1.0.176, host: fv-az451-158.ehxzt5fk3o4e1ahk02omj2f41g.dx.internal.cloudapp.net, ports: [REPLICATION=37211, RATIS=45621, RATIS_ADMIN=45621, RATIS_SERVER=45621, STANDALONE=41119], networkLocation: /default-rack, certSerialId: null, persistedOpState: null, persistedOpStateExpiryEpochSec: 0}f48f5eaa-c865-41e1-958d-4d574a609fc9{ip: 10.1.0.176, host: fv-az451-158.ehxzt5fk3o4e1ahk02omj2f41g.dx.internal.cloudapp.net, ports: [REPLICATION=37599, RATIS=45201, RATIS_ADMIN=45201, RATIS_SERVER=45201, STANDALONE=39113], networkLocation: /default-rack, certSerialId: null, persistedOpState: null, persistedOpStateExpiryEpochSec: 0}, ReplicationConfig: EC/ECReplicationConfig{data=3, parity=2, ecChunkSize=1024, codec=rs}, State:ALLOCATED, leaderId:, CreationTimestamp2022-12-06T16:25:18.044Z[Etc/UTC]] moved to OPEN state
2022-12-06 16:25:18,118 [EventQueue-CommandQueueReportForCommandQueueReportHandler] WARN  events.EventQueue (EventQueue.java:fireEvent(216)) - No event handler registered for event TypedEvent{payloadType=DatanodeDetails, name='Datanode_Command_Queue_Updated'}
2022-12-06 16:25:18,121 [EventQueue-CommandQueueReportForCommandQueueReportHandler] WARN  events.EventQueue (EventQueue.java:fireEvent(216)) - No event handler registered for event TypedEvent{payloadType=DatanodeDetails, name='Datanode_Command_Queue_Updated'}
2022-12-06 16:25:18,131 [EventQueue-CommandQueueReportForCommandQueueReportHandler] WARN  events.EventQueue (EventQueue.java:fireEvent(216)) - No event handler registered for event TypedEvent{payloadType=DatanodeDetails, name='Datanode_Command_Queue_Updated'}
2022-12-06 16:25:18,132 [EventQueue-CommandQueueReportForCommandQueueReportHandler] WARN  events.EventQueue (EventQueue.java:fireEvent(216)) - No event handler registered for event TypedEvent{payloadType=DatanodeDetails, name='Datanode_Command_Queue_Updated'}
2022-12-06 16:25:18,148 [EventQueue-CommandQueueReportForCommandQueueReportHandler] WARN  events.EventQueue (EventQueue.java:fireEvent(216)) - No event handler registered for event TypedEvent{payloadType=DatanodeDetails, name='Datanode_Command_Queue_Updated'}
2022-12-06 16:25:18,574 [EventQueue-CommandQueueReportForCommandQueueReportHandler] WARN  events.EventQueue (EventQueue.java:fireEvent(216)) - No event handler registered for event TypedEvent{payloadType=DatanodeDetails, name='Datanode_Command_Queue_Updated'}
2022-12-06 16:25:18,608 [EventQueue-CommandQueueReportForCommandQueueReportHandler] WARN  events.EventQueue (EventQueue.java:fireEvent(216)) - No event handler registered for event TypedEvent{payloadType=DatanodeDetails, name='Datanode_Command_Queue_Updated'}
2022-12-06 16:25:18,649 [EventQueue-CommandQueueReportForCommandQueueReportHandler] WARN  events.EventQueue (EventQueue.java:fireEvent(216)) - No event handler registered for event TypedEvent{payloadType=DatanodeDetails, name='Datanode_Command_Queue_Updated'}
2022-12-06 16:25:18,767 [EventQueue-CommandQueueReportForCommandQueueReportHandler] WARN  events.EventQueue (EventQueue.java:fireEvent(216)) - No event handler registered for event TypedEvent{payloadType=DatanodeDetails, name='Datanode_Command_Queue_Updated'}
2022-12-06 16:25:18,819 [EventQueue-CommandQueueReportForCommandQueueReportHandler] WARN  events.EventQueue (EventQueue.java:fireEvent(216)) - No event handler registered for event TypedEvent{payloadType=DatanodeDetails, name='Datanode_Command_Queue_Updated'}
2022-12-06 16:25:19,168 [EventQueue-CommandQueueReportForCommandQueueReportHandler] WARN  events.EventQueue (EventQueue.java:fireEvent(216)) - No event handler registered for event TypedEvent{payloadType=DatanodeDetails, name='Datanode_Command_Queue_Updated'}
2022-12-06 16:25:19,173 [EventQueue-CommandQueueReportForCommandQueueReportHandler] WARN  events.EventQueue (EventQueue.java:fireEvent(216)) - No event handler registered for event TypedEvent{payloadType=DatanodeDetails, name='Datanode_Command_Queue_Updated'}
2022-12-06 16:25:19,175 [EventQueue-CommandQueueReportForCommandQueueReportHandler] WARN  events.EventQueue (EventQueue.java:fireEvent(216)) - No event handler registered for event TypedEvent{payloadType=DatanodeDetails, name='Datanode_Command_Queue_Updated'}
2022-12-06 16:25:19,178 [EventQueue-CommandQueueReportForCommandQueueReportHandler] WARN  events.EventQueue (EventQueue.java:fireEvent(216)) - No event handler registered for event TypedEvent{payloadType=DatanodeDetails, name='Datanode_Command_Queue_Updated'}
2022-12-06 16:25:19,178 [EventQueue-CommandQueueReportForCommandQueueReportHandler] WARN  events.EventQueue (EventQueue.java:fireEvent(216)) - No event handler registered for event TypedEvent{payloadType=DatanodeDetails, name='Datanode_Command_Queue_Updated'}
2022-12-06 16:25:19,399 [Listener at 127.0.0.1/39139] INFO  ozoneimpl.OzoneContainer (OzoneContainer.java:stop(417)) - Attempting to stop container services.
2022-12-06 16:25:19,400 [Listener at 127.0.0.1/39139] INFO  server.RaftServer (RaftServerProxy.java:lambda$close$6(409)) - b0ab2fb2-fc83-4273-be02-cd8927d57599: close
2022-12-06 16:25:19,402 [b0ab2fb2-fc83-4273-be02-cd8927d57599-impl-thread1] INFO  server.RaftServer$Division (RaftServerImpl.java:lambda$close$4(458)) - b0ab2fb2-fc83-4273-be02-cd8927d57599@group-0613BEA02C6D: shutdown
2022-12-06 16:25:19,402 [b0ab2fb2-fc83-4273-be02-cd8927d57599-impl-thread1] INFO  util.JmxRegister (JmxRegister.java:unregister(73)) - Successfully un-registered JMX Bean with object name Ratis:service=RaftServer,group=group-0613BEA02C6D,id=b0ab2fb2-fc83-4273-be02-cd8927d57599
2022-12-06 16:25:19,402 [b0ab2fb2-fc83-4273-be02-cd8927d57599-impl-thread1] INFO  impl.RoleInfo (RoleInfo.java:shutdownLeaderState(93)) - b0ab2fb2-fc83-4273-be02-cd8927d57599: shutdown b0ab2fb2-fc83-4273-be02-cd8927d57599@group-0613BEA02C6D-LeaderStateImpl
2022-12-06 16:25:19,403 [b0ab2fb2-fc83-4273-be02-cd8927d57599-impl-thread1] INFO  impl.PendingRequests (PendingRequests.java:sendNotLeaderResponses(282)) - b0ab2fb2-fc83-4273-be02-cd8927d57599@group-0613BEA02C6D-PendingRequests: sendNotLeaderResponses
2022-12-06 16:25:19,404 [b0ab2fb2-fc83-4273-be02-cd8927d57599-impl-thread1] INFO  impl.StateMachineUpdater (StateMachineUpdater.java:stopAndJoin(153)) - b0ab2fb2-fc83-4273-be02-cd8927d57599@group-0613BEA02C6D-StateMachineUpdater: set stopIndex = 0
2022-12-06 16:25:19,404 [Listener at 127.0.0.1/39139] INFO  server.GrpcService (GrpcService.java:closeImpl(271)) - b0ab2fb2-fc83-4273-be02-cd8927d57599: shutdown server GrpcServerProtocolService now
2022-12-06 16:25:19,405 [b0ab2fb2-fc83-4273-be02-cd8927d57599@group-0613BEA02C6D-StateMachineUpdater] INFO  ratis.ContainerStateMachine (ContainerStateMachine.java:takeSnapshot(304)) - group-0613BEA02C6D: Taking a snapshot at:(t:1, i:0) file /home/runner/work/ozone/ozone/hadoop-ozone/integration-test/target/test-dir/MiniOzoneClusterImpl-ff76fcda-2f7b-42b7-aafc-07b3f4cbd752/datanode-9/data/ratis/b9d8e52e-db8f-45df-8401-0613bea02c6d/sm/snapshot.1_0
2022-12-06 16:25:19,406 [Listener at 127.0.0.1/39139] INFO  server.GrpcService (GrpcService.java:closeImpl(280)) - b0ab2fb2-fc83-4273-be02-cd8927d57599: shutdown server GrpcServerProtocolService successfully
2022-12-06 16:25:19,406 [b0ab2fb2-fc83-4273-be02-cd8927d57599@group-0613BEA02C6D-StateMachineUpdater] INFO  ratis.ContainerStateMachine (ContainerStateMachine.java:takeSnapshot(315)) - group-0613BEA02C6D: Finished taking a snapshot at:(t:1, i:0) file:/home/runner/work/ozone/ozone/hadoop-ozone/integration-test/target/test-dir/MiniOzoneClusterImpl-ff76fcda-2f7b-42b7-aafc-07b3f4cbd752/datanode-9/data/ratis/b9d8e52e-db8f-45df-8401-0613bea02c6d/sm/snapshot.1_0 took: 1 ms
2022-12-06 16:25:19,407 [b0ab2fb2-fc83-4273-be02-cd8927d57599@group-0613BEA02C6D-StateMachineUpdater] INFO  impl.StateMachineUpdater (StateMachineUpdater.java:takeSnapshot(287)) - b0ab2fb2-fc83-4273-be02-cd8927d57599@group-0613BEA02C6D-StateMachineUpdater: Took a snapshot at index 0
2022-12-06 16:25:19,407 [b0ab2fb2-fc83-4273-be02-cd8927d57599@group-0613BEA02C6D-StateMachineUpdater] INFO  impl.StateMachineUpdater (StateMachineUpdater.java:lambda$new$0(92)) - b0ab2fb2-fc83-4273-be02-cd8927d57599@group-0613BEA02C6D-StateMachineUpdater: snapshotIndex: updateIncreasingly -1 -> 0
2022-12-06 16:25:19,408 [b0ab2fb2-fc83-4273-be02-cd8927d57599-impl-thread1] INFO  server.RaftServer$Division (ServerState.java:close(466)) - b0ab2fb2-fc83-4273-be02-cd8927d57599@group-0613BEA02C6D: closes. applyIndex: 0
2022-12-06 16:25:19,409 [b0ab2fb2-fc83-4273-be02-cd8927d57599@group-0613BEA02C6D-SegmentedRaftLogWorker] INFO  segmented.SegmentedRaftLogWorker (SegmentedRaftLogWorker.java:run(347)) - b0ab2fb2-fc83-4273-be02-cd8927d57599@group-0613BEA02C6D-SegmentedRaftLogWorker was interrupted, exiting. There are 0 tasks remaining in the queue.
2022-12-06 16:25:19,414 [b0ab2fb2-fc83-4273-be02-cd8927d57599-impl-thread1] INFO  segmented.SegmentedRaftLogWorker (SegmentedRaftLogWorker.java:close(257)) - b0ab2fb2-fc83-4273-be02-cd8927d57599@group-0613BEA02C6D-SegmentedRaftLogWorker close()
2022-12-06 16:25:19,416 [JvmPauseMonitor10] INFO  util.JvmPauseMonitor (JvmPauseMonitor.java:run(111)) - JvmPauseMonitor-b0ab2fb2-fc83-4273-be02-cd8927d57599: Stopped
2022-12-06 16:25:19,580 [EventQueue-CommandQueueReportForCommandQueueReportHandler] WARN  events.EventQueue (EventQueue.java:fireEvent(216)) - No event handler registered for event TypedEvent{payloadType=DatanodeDetails, name='Datanode_Command_Queue_Updated'}
2022-12-06 16:25:19,610 [EventQueue-CommandQueueReportForCommandQueueReportHandler] WARN  events.EventQueue (EventQueue.java:fireEvent(216)) - No event handler registered for event TypedEvent{payloadType=DatanodeDetails, name='Datanode_Command_Queue_Updated'}
2022-12-06 16:25:19,652 [EventQueue-CommandQueueReportForCommandQueueReportHandler] WARN  events.EventQueue (EventQueue.java:fireEvent(216)) - No event handler registered for event TypedEvent{payloadType=DatanodeDetails, name='Datanode_Command_Queue_Updated'}
2022-12-06 16:25:19,769 [EventQueue-CommandQueueReportForCommandQueueReportHandler] WARN  events.EventQueue (EventQueue.java:fireEvent(216)) - No event handler registered for event TypedEvent{payloadType=DatanodeDetails, name='Datanode_Command_Queue_Updated'}
2022-12-06 16:25:19,819 [EventQueue-CommandQueueReportForCommandQueueReportHandler] WARN  events.EventQueue (EventQueue.java:fireEvent(216)) - No event handler registered for event TypedEvent{payloadType=DatanodeDetails, name='Datanode_Command_Queue_Updated'}
2022-12-06 16:25:20,165 [EventQueue-CommandQueueReportForCommandQueueReportHandler] WARN  events.EventQueue (EventQueue.java:fireEvent(216)) - No event handler registered for event TypedEvent{payloadType=DatanodeDetails, name='Datanode_Command_Queue_Updated'}
2022-12-06 16:25:20,166 [EventQueue-CommandQueueReportForCommandQueueReportHandler] WARN  events.EventQueue (EventQueue.java:fireEvent(216)) - No event handler registered for event TypedEvent{payloadType=DatanodeDetails, name='Datanode_Command_Queue_Updated'}
2022-12-06 16:25:20,169 [EventQueue-CommandQueueReportForCommandQueueReportHandler] WARN  events.EventQueue (EventQueue.java:fireEvent(216)) - No event handler registered for event TypedEvent{payloadType=DatanodeDetails, name='Datanode_Command_Queue_Updated'}
2022-12-06 16:25:20,170 [EventQueue-CommandQueueReportForCommandQueueReportHandler] WARN  events.EventQueue (EventQueue.java:fireEvent(216)) - No event handler registered for event TypedEvent{payloadType=DatanodeDetails, name='Datanode_Command_Queue_Updated'}
2022-12-06 16:25:20,562 [93471f04-f84a-446a-9dbd-94f45fb64b69@group-73B16E30E520-FollowerState] INFO  impl.FollowerState (FollowerState.java:run(143)) - 93471f04-f84a-446a-9dbd-94f45fb64b69@group-73B16E30E520-FollowerState: change to CANDIDATE, lastRpcElapsedTime:5080034118ns, electionTimeout:5075ms
2022-12-06 16:25:20,563 [93471f04-f84a-446a-9dbd-94f45fb64b69@group-73B16E30E520-FollowerState] INFO  impl.RoleInfo (RoleInfo.java:shutdownFollowerState(110)) - 93471f04-f84a-446a-9dbd-94f45fb64b69: shutdown 93471f04-f84a-446a-9dbd-94f45fb64b69@group-73B16E30E520-FollowerState
2022-12-06 16:25:20,563 [93471f04-f84a-446a-9dbd-94f45fb64b69@group-73B16E30E520-FollowerState] INFO  server.RaftServer$Division (RaftServerImpl.java:setRole(321)) - 93471f04-f84a-446a-9dbd-94f45fb64b69@group-73B16E30E520: changes role from  FOLLOWER to CANDIDATE at term 0 for changeToCandidate
2022-12-06 16:25:20,564 [93471f04-f84a-446a-9dbd-94f45fb64b69@group-73B16E30E520-FollowerState] INFO  server.RaftServerConfigKeys (ConfUtils.java:logGet(46)) - raft.server.leaderelection.pre-vote = false (custom)
2022-12-06 16:25:20,564 [93471f04-f84a-446a-9dbd-94f45fb64b69@group-73B16E30E520-FollowerState] INFO  impl.RoleInfo (RoleInfo.java:updateAndGet(139)) - 93471f04-f84a-446a-9dbd-94f45fb64b69: start 93471f04-f84a-446a-9dbd-94f45fb64b69@group-73B16E30E520-LeaderElection32
2022-12-06 16:25:20,577 [93471f04-f84a-446a-9dbd-94f45fb64b69@group-73B16E30E520-LeaderElection32] INFO  impl.LeaderElection (LeaderElection.java:askForVotes(312)) - 93471f04-f84a-446a-9dbd-94f45fb64b69@group-73B16E30E520-LeaderElection32 ELECTION round 0: submit vote requests at term 1 for -1: peers:[93471f04-f84a-446a-9dbd-94f45fb64b69|rpc:10.1.0.176:39615|priority:1|startupRole:FOLLOWER, fd07e5d7-2dd9-455a-a9b9-9dae4f4be123|rpc:10.1.0.176:45045|priority:0|startupRole:FOLLOWER, 592803f5-ace9-49ac-a54f-354c0e5baf2c|rpc:10.1.0.176:36049|priority:0|startupRole:FOLLOWER]|listeners:[], old=null
2022-12-06 16:25:20,577 [93471f04-f84a-446a-9dbd-94f45fb64b69@group-73B16E30E520-LeaderElection32-1] INFO  server.GrpcServerProtocolClient (GrpcServerProtocolClient.java:<init>(63)) - Build channel for fd07e5d7-2dd9-455a-a9b9-9dae4f4be123
2022-12-06 16:25:20,578 [EventQueue-CommandQueueReportForCommandQueueReportHandler] WARN  events.EventQueue (EventQueue.java:fireEvent(216)) - No event handler registered for event TypedEvent{payloadType=DatanodeDetails, name='Datanode_Command_Queue_Updated'}
2022-12-06 16:25:20,588 [93471f04-f84a-446a-9dbd-94f45fb64b69@group-73B16E30E520-LeaderElection32] INFO  server.RaftServerConfigKeys (ConfUtils.java:logFallback(53)) - raft.server.rpc.first-election.timeout.min = 5s (fallback to raft.server.rpc.timeout.min)
2022-12-06 16:25:20,589 [93471f04-f84a-446a-9dbd-94f45fb64b69@group-73B16E30E520-LeaderElection32] INFO  server.RaftServerConfigKeys (ConfUtils.java:logFallback(53)) - raft.server.rpc.first-election.timeout.max = 5200ms (fallback to raft.server.rpc.timeout.max)
2022-12-06 16:25:20,589 [93471f04-f84a-446a-9dbd-94f45fb64b69@group-73B16E30E520-LeaderElection32-2] INFO  server.GrpcServerProtocolClient (GrpcServerProtocolClient.java:<init>(63)) - Build channel for 592803f5-ace9-49ac-a54f-354c0e5baf2c
2022-12-06 16:25:20,593 [fd07e5d7-2dd9-455a-a9b9-9dae4f4be123@group-73B16E30E520-FollowerState] INFO  impl.FollowerState (FollowerState.java:run(143)) - fd07e5d7-2dd9-455a-a9b9-9dae4f4be123@group-73B16E30E520-FollowerState: change to CANDIDATE, lastRpcElapsedTime:5067077818ns, electionTimeout:5066ms
2022-12-06 16:25:20,594 [fd07e5d7-2dd9-455a-a9b9-9dae4f4be123@group-73B16E30E520-FollowerState] INFO  impl.RoleInfo (RoleInfo.java:shutdownFollowerState(110)) - fd07e5d7-2dd9-455a-a9b9-9dae4f4be123: shutdown fd07e5d7-2dd9-455a-a9b9-9dae4f4be123@group-73B16E30E520-FollowerState
2022-12-06 16:25:20,594 [fd07e5d7-2dd9-455a-a9b9-9dae4f4be123@group-73B16E30E520-FollowerState] INFO  server.RaftServer$Division (RaftServerImpl.java:setRole(321)) - fd07e5d7-2dd9-455a-a9b9-9dae4f4be123@group-73B16E30E520: changes role from  FOLLOWER to CANDIDATE at term 0 for changeToCandidate
2022-12-06 16:25:20,594 [fd07e5d7-2dd9-455a-a9b9-9dae4f4be123@group-73B16E30E520-FollowerState] INFO  server.RaftServerConfigKeys (ConfUtils.java:logGet(46)) - raft.server.leaderelection.pre-vote = false (custom)
2022-12-06 16:25:20,594 [fd07e5d7-2dd9-455a-a9b9-9dae4f4be123@group-73B16E30E520-FollowerState] INFO  impl.RoleInfo (RoleInfo.java:updateAndGet(139)) - fd07e5d7-2dd9-455a-a9b9-9dae4f4be123: start fd07e5d7-2dd9-455a-a9b9-9dae4f4be123@group-73B16E30E520-LeaderElection33
2022-12-06 16:25:20,598 [grpc-default-executor-2] INFO  server.RaftServer$Division (RaftServerImpl.java:requestVote(1218)) - fd07e5d7-2dd9-455a-a9b9-9dae4f4be123@group-73B16E30E520: receive requestVote(ELECTION, 93471f04-f84a-446a-9dbd-94f45fb64b69, group-73B16E30E520, 1, (t:0, i:0))
2022-12-06 16:25:20,599 [grpc-default-executor-2] INFO  impl.VoteContext (VoteContext.java:log(49)) - fd07e5d7-2dd9-455a-a9b9-9dae4f4be123@group-73B16E30E520-CANDIDATE: accept ELECTION from 93471f04-f84a-446a-9dbd-94f45fb64b69: our priority 0 <= candidate's priority 1
2022-12-06 16:25:20,599 [grpc-default-executor-2] INFO  server.RaftServer$Division (RaftServerImpl.java:setRole(321)) - fd07e5d7-2dd9-455a-a9b9-9dae4f4be123@group-73B16E30E520: changes role from CANDIDATE to FOLLOWER at term 1 for candidate:93471f04-f84a-446a-9dbd-94f45fb64b69
2022-12-06 16:25:20,599 [grpc-default-executor-2] INFO  impl.RoleInfo (RoleInfo.java:shutdownLeaderElection(130)) - fd07e5d7-2dd9-455a-a9b9-9dae4f4be123: shutdown fd07e5d7-2dd9-455a-a9b9-9dae4f4be123@group-73B16E30E520-LeaderElection33
2022-12-06 16:25:20,599 [grpc-default-executor-2] INFO  impl.RoleInfo (RoleInfo.java:updateAndGet(139)) - fd07e5d7-2dd9-455a-a9b9-9dae4f4be123: start fd07e5d7-2dd9-455a-a9b9-9dae4f4be123@group-73B16E30E520-FollowerState
2022-12-06 16:25:20,601 [grpc-default-executor-6] INFO  server.RaftServer$Division (RaftServerImpl.java:requestVote(1218)) - 592803f5-ace9-49ac-a54f-354c0e5baf2c@group-73B16E30E520: receive requestVote(ELECTION, 93471f04-f84a-446a-9dbd-94f45fb64b69, group-73B16E30E520, 1, (t:0, i:0))
2022-12-06 16:25:20,602 [grpc-default-executor-6] INFO  impl.VoteContext (VoteContext.java:log(49)) - 592803f5-ace9-49ac-a54f-354c0e5baf2c@group-73B16E30E520-FOLLOWER: accept ELECTION from 93471f04-f84a-446a-9dbd-94f45fb64b69: our priority 0 <= candidate's priority 1
2022-12-06 16:25:20,602 [grpc-default-executor-6] INFO  server.RaftServer$Division (RaftServerImpl.java:setRole(321)) - 592803f5-ace9-49ac-a54f-354c0e5baf2c@group-73B16E30E520: changes role from  FOLLOWER to FOLLOWER at term 1 for candidate:93471f04-f84a-446a-9dbd-94f45fb64b69
2022-12-06 16:25:20,602 [grpc-default-executor-6] INFO  impl.RoleInfo (RoleInfo.java:shutdownFollowerState(110)) - 592803f5-ace9-49ac-a54f-354c0e5baf2c: shutdown 592803f5-ace9-49ac-a54f-354c0e5baf2c@group-73B16E30E520-FollowerState
2022-12-06 16:25:20,602 [grpc-default-executor-6] INFO  impl.RoleInfo (RoleInfo.java:updateAndGet(139)) - 592803f5-ace9-49ac-a54f-354c0e5baf2c: start 592803f5-ace9-49ac-a54f-354c0e5baf2c@group-73B16E30E520-FollowerState
2022-12-06 16:25:20,602 [592803f5-ace9-49ac-a54f-354c0e5baf2c@group-73B16E30E520-FollowerState] INFO  impl.FollowerState (FollowerState.java:run(152)) - 592803f5-ace9-49ac-a54f-354c0e5baf2c@group-73B16E30E520-FollowerState was interrupted
2022-12-06 16:25:20,601 [grpc-default-executor-2] INFO  server.RaftServer$Division (RaftServerImpl.java:requestVote(1251)) - fd07e5d7-2dd9-455a-a9b9-9dae4f4be123@group-73B16E30E520 replies to ELECTION vote request: 93471f04-f84a-446a-9dbd-94f45fb64b69<-fd07e5d7-2dd9-455a-a9b9-9dae4f4be123#0:OK-t1. Peer's state: fd07e5d7-2dd9-455a-a9b9-9dae4f4be123@group-73B16E30E520:t1, leader=null, voted=93471f04-f84a-446a-9dbd-94f45fb64b69, raftlog=Memoized:fd07e5d7-2dd9-455a-a9b9-9dae4f4be123@group-73B16E30E520-SegmentedRaftLog:OPENED:c-1, conf=-1: peers:[93471f04-f84a-446a-9dbd-94f45fb64b69|rpc:10.1.0.176:39615|dataStream:|priority:1|startupRole:FOLLOWER, fd07e5d7-2dd9-455a-a9b9-9dae4f4be123|rpc:10.1.0.176:45045|dataStream:|priority:0|startupRole:FOLLOWER, 592803f5-ace9-49ac-a54f-354c0e5baf2c|rpc:10.1.0.176:36049|dataStream:|priority:0|startupRole:FOLLOWER]|listeners:[], old=null
2022-12-06 16:25:20,604 [fd07e5d7-2dd9-455a-a9b9-9dae4f4be123@group-73B16E30E520-LeaderElection33] INFO  impl.LeaderElection (LeaderElection.java:run(233)) - fd07e5d7-2dd9-455a-a9b9-9dae4f4be123@group-73B16E30E520-LeaderElection33: skip running since this is already CLOSING
2022-12-06 16:25:20,604 [fd07e5d7-2dd9-455a-a9b9-9dae4f4be123@group-73B16E30E520-FollowerState] INFO  server.RaftServerConfigKeys (ConfUtils.java:logFallback(53)) - raft.server.rpc.first-election.timeout.min = 5s (fallback to raft.server.rpc.timeout.min)
2022-12-06 16:25:20,604 [fd07e5d7-2dd9-455a-a9b9-9dae4f4be123@group-73B16E30E520-FollowerState] INFO  server.RaftServerConfigKeys (ConfUtils.java:logFallback(53)) - raft.server.rpc.first-election.timeout.max = 5200ms (fallback to raft.server.rpc.timeout.max)
2022-12-06 16:25:20,613 [93471f04-f84a-446a-9dbd-94f45fb64b69@group-73B16E30E520-LeaderElection32] INFO  impl.LeaderElection (LeaderElection.java:logAndReturn(90)) - 93471f04-f84a-446a-9dbd-94f45fb64b69@group-73B16E30E520-LeaderElection32: ELECTION PASSED received 1 response(s) and 0 exception(s):
2022-12-06 16:25:20,613 [93471f04-f84a-446a-9dbd-94f45fb64b69@group-73B16E30E520-LeaderElection32] INFO  impl.LeaderElection (LeaderElection.java:logAndReturn(94)) -   Response 0: 93471f04-f84a-446a-9dbd-94f45fb64b69<-fd07e5d7-2dd9-455a-a9b9-9dae4f4be123#0:OK-t1
2022-12-06 16:25:20,613 [93471f04-f84a-446a-9dbd-94f45fb64b69@group-73B16E30E520-LeaderElection32] INFO  impl.LeaderElection (LeaderElection.java:askForVotes(314)) - 93471f04-f84a-446a-9dbd-94f45fb64b69@group-73B16E30E520-LeaderElection32 ELECTION round 0: result PASSED
2022-12-06 16:25:20,613 [93471f04-f84a-446a-9dbd-94f45fb64b69@group-73B16E30E520-LeaderElection32] INFO  impl.RoleInfo (RoleInfo.java:shutdownLeaderElection(130)) - 93471f04-f84a-446a-9dbd-94f45fb64b69: shutdown 93471f04-f84a-446a-9dbd-94f45fb64b69@group-73B16E30E520-LeaderElection32
2022-12-06 16:25:20,613 [93471f04-f84a-446a-9dbd-94f45fb64b69@group-73B16E30E520-LeaderElection32] INFO  server.RaftServer$Division (RaftServerImpl.java:setRole(321)) - 93471f04-f84a-446a-9dbd-94f45fb64b69@group-73B16E30E520: changes role from CANDIDATE to LEADER at term 1 for changeToLeader
2022-12-06 16:25:20,614 [93471f04-f84a-446a-9dbd-94f45fb64b69@group-73B16E30E520-LeaderElection32] INFO  ratis.XceiverServerRatis (XceiverServerRatis.java:handleLeaderChangedNotification(863)) - Leader change notification received for group: group-73B16E30E520 with new leaderId: 93471f04-f84a-446a-9dbd-94f45fb64b69
2022-12-06 16:25:20,614 [93471f04-f84a-446a-9dbd-94f45fb64b69@group-73B16E30E520-LeaderElection32] INFO  server.RaftServer$Division (ServerState.java:setLeader(313)) - 93471f04-f84a-446a-9dbd-94f45fb64b69@group-73B16E30E520: change Leader from null to 93471f04-f84a-446a-9dbd-94f45fb64b69 at term 1 for becomeLeader, leader elected after 5146ms
2022-12-06 16:25:20,614 [93471f04-f84a-446a-9dbd-94f45fb64b69@group-73B16E30E520-LeaderElection32] INFO  server.RaftServerConfigKeys (ConfUtils.java:logGet(46)) - raft.server.staging.catchup.gap = 1000 (default)
2022-12-06 16:25:20,615 [93471f04-f84a-446a-9dbd-94f45fb64b69@group-73B16E30E520-LeaderElection32] INFO  server.RaftServerConfigKeys (ConfUtils.java:logGet(46)) - raft.server.write.element-limit = 1024 (custom)
2022-12-06 16:25:20,615 [93471f04-f84a-446a-9dbd-94f45fb64b69@group-73B16E30E520-LeaderElection32] INFO  server.RaftServerConfigKeys (ConfUtils.java:logGet(46)) - raft.server.write.byte-limit = 1024 M (=1073741824) (custom)
2022-12-06 16:25:20,616 [93471f04-f84a-446a-9dbd-94f45fb64b69@group-73B16E30E520-LeaderElection32] INFO  server.RaftServerConfigKeys (ConfUtils.java:logGet(46)) - raft.server.watch.timeout = 180s (custom)
2022-12-06 16:25:20,616 [93471f04-f84a-446a-9dbd-94f45fb64b69@group-73B16E30E520-LeaderElection32] INFO  server.RaftServerConfigKeys (ConfUtils.java:logGet(46)) - raft.server.watch.timeout.denomination = 1s (default)
2022-12-06 16:25:20,616 [93471f04-f84a-446a-9dbd-94f45fb64b69@group-73B16E30E520-LeaderElection32] INFO  server.RaftServerConfigKeys (ConfUtils.java:logGet(46)) - raft.server.watch.element-limit = 65536 (default)
2022-12-06 16:25:20,617 [93471f04-f84a-446a-9dbd-94f45fb64b69@group-73B16E30E520-LeaderElection32] INFO  server.RaftServerConfigKeys (ConfUtils.java:logGet(46)) - raft.server.write.element-limit = 1024 (custom)
2022-12-06 16:25:20,617 [93471f04-f84a-446a-9dbd-94f45fb64b69@group-73B16E30E520-LeaderElection32] INFO  server.RaftServerConfigKeys (ConfUtils.java:logGet(46)) - raft.server.write.follower.gap.ratio.max = -1.0 (default)
2022-12-06 16:25:20,618 [592803f5-ace9-49ac-a54f-354c0e5baf2c@group-73B16E30E520-FollowerState] INFO  server.RaftServerConfigKeys (ConfUtils.java:logFallback(53)) - raft.server.rpc.first-election.timeout.min = 5s (fallback to raft.server.rpc.timeout.min)
2022-12-06 16:25:20,618 [592803f5-ace9-49ac-a54f-354c0e5baf2c@group-73B16E30E520-FollowerState] INFO  server.RaftServerConfigKeys (ConfUtils.java:logFallback(53)) - raft.server.rpc.first-election.timeout.max = 5200ms (fallback to raft.server.rpc.timeout.max)
2022-12-06 16:25:20,620 [93471f04-f84a-446a-9dbd-94f45fb64b69@group-73B16E30E520-LeaderElection32] INFO  server.RaftServerConfigKeys (ConfUtils.java:logGet(46)) - raft.server.log.appender.snapshot.chunk.size.max = 16MB (=16777216) (default)
2022-12-06 16:25:20,623 [EventQueue-CommandQueueReportForCommandQueueReportHandler] WARN  events.EventQueue (EventQueue.java:fireEvent(216)) - No event handler registered for event TypedEvent{payloadType=DatanodeDetails, name='Datanode_Command_Queue_Updated'}
2022-12-06 16:25:20,630 [93471f04-f84a-446a-9dbd-94f45fb64b69@group-73B16E30E520-LeaderElection32] INFO  server.RaftServerConfigKeys (ConfUtils.java:logGet(46)) - raft.server.log.appender.buffer.byte-limit = 33554432 (custom)
2022-12-06 16:25:20,622 [EventQueue-PipelineReportForPipelineReportHandler] INFO  pipeline.PipelineManagerImpl (PipelineManagerImpl.java:openPipeline(367)) - Pipeline Pipeline[ Id: de2b41df-793e-4d7a-999f-73b16e30e520, Nodes: 93471f04-f84a-446a-9dbd-94f45fb64b69{ip: 10.1.0.176, host: fv-az451-158.ehxzt5fk3o4e1ahk02omj2f41g.dx.internal.cloudapp.net, ports: [REPLICATION=40949, RATIS=39615, RATIS_ADMIN=39615, RATIS_SERVER=39615, STANDALONE=46429], networkLocation: /default-rack, certSerialId: null, persistedOpState: IN_SERVICE, persistedOpStateExpiryEpochSec: 0}fd07e5d7-2dd9-455a-a9b9-9dae4f4be123{ip: 10.1.0.176, host: fv-az451-158.ehxzt5fk3o4e1ahk02omj2f41g.dx.internal.cloudapp.net, ports: [REPLICATION=43535, RATIS=45045, RATIS_ADMIN=45045, RATIS_SERVER=45045, STANDALONE=40309], networkLocation: /default-rack, certSerialId: null, persistedOpState: IN_SERVICE, persistedOpStateExpiryEpochSec: 0}592803f5-ace9-49ac-a54f-354c0e5baf2c{ip: 10.1.0.176, host: fv-az451-158.ehxzt5fk3o4e1ahk02omj2f41g.dx.internal.cloudapp.net, ports: [REPLICATION=35645, RATIS=36049, RATIS_ADMIN=36049, RATIS_SERVER=36049, STANDALONE=43037], networkLocation: /default-rack, certSerialId: null, persistedOpState: IN_SERVICE, persistedOpStateExpiryEpochSec: 0}, ReplicationConfig: RATIS/THREE, State:ALLOCATED, leaderId:93471f04-f84a-446a-9dbd-94f45fb64b69, CreationTimestamp2022-12-06T16:25:14.571Z[Etc/UTC]] moved to OPEN state
2022-12-06 16:25:20,621 [grpc-default-executor-6] INFO  server.RaftServer$Division (RaftServerImpl.java:requestVote(1251)) - 592803f5-ace9-49ac-a54f-354c0e5baf2c@group-73B16E30E520 replies to ELECTION vote request: 93471f04-f84a-446a-9dbd-94f45fb64b69<-592803f5-ace9-49ac-a54f-354c0e5baf2c#0:OK-t1. Peer's state: 592803f5-ace9-49ac-a54f-354c0e5baf2c@group-73B16E30E520:t1, leader=null, voted=93471f04-f84a-446a-9dbd-94f45fb64b69, raftlog=Memoized:592803f5-ace9-49ac-a54f-354c0e5baf2c@group-73B16E30E520-SegmentedRaftLog:OPENED:c-1, conf=-1: peers:[93471f04-f84a-446a-9dbd-94f45fb64b69|rpc:10.1.0.176:39615|dataStream:|priority:1|startupRole:FOLLOWER, fd07e5d7-2dd9-455a-a9b9-9dae4f4be123|rpc:10.1.0.176:45045|dataStream:|priority:0|startupRole:FOLLOWER, 592803f5-ace9-49ac-a54f-354c0e5baf2c|rpc:10.1.0.176:36049|dataStream:|priority:0|startupRole:FOLLOWER]|listeners:[], old=null
2022-12-06 16:25:20,630 [93471f04-f84a-446a-9dbd-94f45fb64b69@group-73B16E30E520-LeaderElection32] INFO  server.RaftServerConfigKeys (ConfUtils.java:logGet(46)) - raft.server.log.appender.buffer.element-limit = 1 (custom)
2022-12-06 16:25:20,632 [93471f04-f84a-446a-9dbd-94f45fb64b69@group-73B16E30E520-LeaderElection32] INFO  grpc.GrpcConfigKeys (ConfUtils.java:logGet(46)) - raft.grpc.server.leader.outstanding.appends.max = 128 (default)
2022-12-06 16:25:20,632 [93471f04-f84a-446a-9dbd-94f45fb64b69@group-73B16E30E520-LeaderElection32] INFO  server.RaftServerConfigKeys (ConfUtils.java:logGet(46)) - raft.server.rpc.request.timeout = 60s (custom)
2022-12-06 16:25:20,632 [93471f04-f84a-446a-9dbd-94f45fb64b69@group-73B16E30E520-LeaderElection32] INFO  server.RaftServerConfigKeys (ConfUtils.java:logGet(46)) - raft.server.log.appender.install.snapshot.enabled = false (custom)
2022-12-06 16:25:20,632 [93471f04-f84a-446a-9dbd-94f45fb64b69@group-73B16E30E520-LeaderElection32] INFO  grpc.GrpcConfigKeys (ConfUtils.java:logGet(46)) - raft.grpc.server.heartbeat.channel = true (default)
2022-12-06 16:25:20,632 [93471f04-f84a-446a-9dbd-94f45fb64b69@group-73B16E30E520-LeaderElection32] INFO  server.RaftServerConfigKeys (ConfUtils.java:logGet(46)) - raft.server.log.appender.wait-time.min = 10ms (default)
2022-12-06 16:25:20,630 [EventQueue-CommandQueueReportForCommandQueueReportHandler] WARN  events.EventQueue (EventQueue.java:fireEvent(216)) - No event handler registered for event TypedEvent{payloadType=DatanodeDetails, name='Datanode_Command_Queue_Updated'}
2022-12-06 16:25:20,636 [93471f04-f84a-446a-9dbd-94f45fb64b69@group-73B16E30E520-LeaderElection32] INFO  server.RaftServerConfigKeys (ConfUtils.java:logGet(46)) - raft.server.log.appender.snapshot.chunk.size.max = 16MB (=16777216) (default)
2022-12-06 16:25:20,636 [93471f04-f84a-446a-9dbd-94f45fb64b69@group-73B16E30E520-LeaderElection32] INFO  server.RaftServerConfigKeys (ConfUtils.java:logGet(46)) - raft.server.log.appender.buffer.byte-limit = 33554432 (custom)
2022-12-06 16:25:20,638 [93471f04-f84a-446a-9dbd-94f45fb64b69@group-73B16E30E520-LeaderElection32] INFO  server.RaftServerConfigKeys (ConfUtils.java:logGet(46)) - raft.server.log.appender.buffer.element-limit = 1 (custom)
2022-12-06 16:25:20,638 [93471f04-f84a-446a-9dbd-94f45fb64b69@group-73B16E30E520-LeaderElection32] INFO  grpc.GrpcConfigKeys (ConfUtils.java:logGet(46)) - raft.grpc.server.leader.outstanding.appends.max = 128 (default)
2022-12-06 16:25:20,639 [93471f04-f84a-446a-9dbd-94f45fb64b69@group-73B16E30E520-LeaderElection32] INFO  server.RaftServerConfigKeys (ConfUtils.java:logGet(46)) - raft.server.rpc.request.timeout = 60s (custom)
2022-12-06 16:25:20,639 [93471f04-f84a-446a-9dbd-94f45fb64b69@group-73B16E30E520-LeaderElection32] INFO  server.RaftServerConfigKeys (ConfUtils.java:logGet(46)) - raft.server.log.appender.install.snapshot.enabled = false (custom)
2022-12-06 16:25:20,639 [93471f04-f84a-446a-9dbd-94f45fb64b69@group-73B16E30E520-LeaderElection32] INFO  grpc.GrpcConfigKeys (ConfUtils.java:logGet(46)) - raft.grpc.server.heartbeat.channel = true (default)
2022-12-06 16:25:20,639 [93471f04-f84a-446a-9dbd-94f45fb64b69@group-73B16E30E520-LeaderElection32] INFO  server.RaftServerConfigKeys (ConfUtils.java:logGet(46)) - raft.server.log.appender.wait-time.min = 10ms (default)
2022-12-06 16:25:20,639 [93471f04-f84a-446a-9dbd-94f45fb64b69@group-73B16E30E520-LeaderElection32] INFO  impl.RoleInfo (RoleInfo.java:updateAndGet(139)) - 93471f04-f84a-446a-9dbd-94f45fb64b69: start 93471f04-f84a-446a-9dbd-94f45fb64b69@group-73B16E30E520-LeaderStateImpl
2022-12-06 16:25:20,640 [93471f04-f84a-446a-9dbd-94f45fb64b69@group-73B16E30E520-LeaderElection32] INFO  segmented.SegmentedRaftLogWorker (SegmentedRaftLogWorker.java:startLogSegment(452)) - 93471f04-f84a-446a-9dbd-94f45fb64b69@group-73B16E30E520-SegmentedRaftLogWorker: Starting segment from index:0
2022-12-06 16:25:20,644 [93471f04-f84a-446a-9dbd-94f45fb64b69@group-73B16E30E520-SegmentedRaftLogWorker] INFO  segmented.SegmentedRaftLogWorker (SegmentedRaftLogWorker.java:execute(656)) - 93471f04-f84a-446a-9dbd-94f45fb64b69@group-73B16E30E520-SegmentedRaftLogWorker: created new log segment /home/runner/work/ozone/ozone/hadoop-ozone/integration-test/target/test-dir/MiniOzoneClusterImpl-ff76fcda-2f7b-42b7-aafc-07b3f4cbd752/datanode-4/data/ratis/de2b41df-793e-4d7a-999f-73b16e30e520/current/log_inprogress_0
2022-12-06 16:25:20,650 [93471f04-f84a-446a-9dbd-94f45fb64b69@group-391EA9FD41B8-FollowerState] INFO  impl.FollowerState (FollowerState.java:run(143)) - 93471f04-f84a-446a-9dbd-94f45fb64b69@group-391EA9FD41B8-FollowerState: change to CANDIDATE, lastRpcElapsedTime:5190440165ns, electionTimeout:5189ms
2022-12-06 16:25:20,651 [93471f04-f84a-446a-9dbd-94f45fb64b69@group-391EA9FD41B8-FollowerState] INFO  impl.RoleInfo (RoleInfo.java:shutdownFollowerState(110)) - 93471f04-f84a-446a-9dbd-94f45fb64b69: shutdown 93471f04-f84a-446a-9dbd-94f45fb64b69@group-391EA9FD41B8-FollowerState
2022-12-06 16:25:20,652 [93471f04-f84a-446a-9dbd-94f45fb64b69@group-391EA9FD41B8-FollowerState] INFO  server.RaftServer$Division (RaftServerImpl.java:setRole(321)) - 93471f04-f84a-446a-9dbd-94f45fb64b69@group-391EA9FD41B8: changes role from  FOLLOWER to CANDIDATE at term 0 for changeToCandidate
2022-12-06 16:25:20,653 [EventQueue-CommandQueueReportForCommandQueueReportHandler] WARN  events.EventQueue (EventQueue.java:fireEvent(216)) - No event handler registered for event TypedEvent{payloadType=DatanodeDetails, name='Datanode_Command_Queue_Updated'}
2022-12-06 16:25:20,661 [93471f04-f84a-446a-9dbd-94f45fb64b69@group-391EA9FD41B8-FollowerState] INFO  server.RaftServerConfigKeys (ConfUtils.java:logGet(46)) - raft.server.leaderelection.pre-vote = false (custom)
2022-12-06 16:25:20,662 [93471f04-f84a-446a-9dbd-94f45fb64b69@group-391EA9FD41B8-FollowerState] INFO  impl.RoleInfo (RoleInfo.java:updateAndGet(139)) - 93471f04-f84a-446a-9dbd-94f45fb64b69: start 93471f04-f84a-446a-9dbd-94f45fb64b69@group-391EA9FD41B8-LeaderElection34
2022-12-06 16:25:20,683 [93471f04-f84a-446a-9dbd-94f45fb64b69@group-73B16E30E520-LeaderElection32] INFO  server.RaftServer$Division (ServerState.java:setRaftConf(430)) - 93471f04-f84a-446a-9dbd-94f45fb64b69@group-73B16E30E520: set configuration 0: peers:[93471f04-f84a-446a-9dbd-94f45fb64b69|rpc:10.1.0.176:39615|dataStream:|priority:1|startupRole:FOLLOWER, fd07e5d7-2dd9-455a-a9b9-9dae4f4be123|rpc:10.1.0.176:45045|dataStream:|priority:0|startupRole:FOLLOWER, 592803f5-ace9-49ac-a54f-354c0e5baf2c|rpc:10.1.0.176:36049|dataStream:|priority:0|startupRole:FOLLOWER]|listeners:[], old=null
2022-12-06 16:25:20,690 [592803f5-ace9-49ac-a54f-354c0e5baf2c-server-thread1] INFO  ratis.XceiverServerRatis (XceiverServerRatis.java:handleLeaderChangedNotification(863)) - Leader change notification received for group: group-73B16E30E520 with new leaderId: 93471f04-f84a-446a-9dbd-94f45fb64b69
2022-12-06 16:25:20,691 [592803f5-ace9-49ac-a54f-354c0e5baf2c-server-thread1] INFO  server.RaftServer$Division (ServerState.java:setLeader(313)) - 592803f5-ace9-49ac-a54f-354c0e5baf2c@group-73B16E30E520: change Leader from null to 93471f04-f84a-446a-9dbd-94f45fb64b69 at term 1 for appendEntries, leader elected after 5145ms
2022-12-06 16:25:20,692 [93471f04-f84a-446a-9dbd-94f45fb64b69@group-391EA9FD41B8-LeaderElection34] INFO  impl.LeaderElection (LeaderElection.java:askForVotes(312)) - 93471f04-f84a-446a-9dbd-94f45fb64b69@group-391EA9FD41B8-LeaderElection34 ELECTION round 0: submit vote requests at term 1 for -1: peers:[93471f04-f84a-446a-9dbd-94f45fb64b69|rpc:10.1.0.176:39615|priority:1|startupRole:FOLLOWER]|listeners:[], old=null
2022-12-06 16:25:20,692 [93471f04-f84a-446a-9dbd-94f45fb64b69@group-391EA9FD41B8-LeaderElection34] INFO  impl.LeaderElection (LeaderElection.java:askForVotes(314)) - 93471f04-f84a-446a-9dbd-94f45fb64b69@group-391EA9FD41B8-LeaderElection34 ELECTION round 0: result PASSED (term=1)
2022-12-06 16:25:20,692 [93471f04-f84a-446a-9dbd-94f45fb64b69@group-391EA9FD41B8-LeaderElection34] INFO  impl.RoleInfo (RoleInfo.java:shutdownLeaderElection(130)) - 93471f04-f84a-446a-9dbd-94f45fb64b69: shutdown 93471f04-f84a-446a-9dbd-94f45fb64b69@group-391EA9FD41B8-LeaderElection34
2022-12-06 16:25:20,692 [93471f04-f84a-446a-9dbd-94f45fb64b69@group-391EA9FD41B8-LeaderElection34] INFO  server.RaftServer$Division (RaftServerImpl.java:setRole(321)) - 93471f04-f84a-446a-9dbd-94f45fb64b69@group-391EA9FD41B8: changes role from CANDIDATE to LEADER at term 1 for changeToLeader
2022-12-06 16:25:20,692 [93471f04-f84a-446a-9dbd-94f45fb64b69@group-391EA9FD41B8-LeaderElection34] INFO  ratis.XceiverServerRatis (XceiverServerRatis.java:handleLeaderChangedNotification(863)) - Leader change notification received for group: group-391EA9FD41B8 with new leaderId: 93471f04-f84a-446a-9dbd-94f45fb64b69
2022-12-06 16:25:20,693 [93471f04-f84a-446a-9dbd-94f45fb64b69@group-391EA9FD41B8-LeaderElection34] INFO  server.RaftServer$Division (ServerState.java:setLeader(313)) - 93471f04-f84a-446a-9dbd-94f45fb64b69@group-391EA9FD41B8: change Leader from null to 93471f04-f84a-446a-9dbd-94f45fb64b69 at term 1 for becomeLeader, leader elected after 5250ms
2022-12-06 16:25:20,694 [93471f04-f84a-446a-9dbd-94f45fb64b69@group-391EA9FD41B8-LeaderElection34] INFO  server.RaftServerConfigKeys (ConfUtils.java:logGet(46)) - raft.server.staging.catchup.gap = 1000 (default)
2022-12-06 16:25:20,694 [EventQueue-CommandQueueReportForCommandQueueReportHandler] WARN  events.EventQueue (EventQueue.java:fireEvent(216)) - No event handler registered for event TypedEvent{payloadType=DatanodeDetails, name='Datanode_Command_Queue_Updated'}
2022-12-06 16:25:20,694 [93471f04-f84a-446a-9dbd-94f45fb64b69@group-391EA9FD41B8-LeaderElection34] INFO  server.RaftServerConfigKeys (ConfUtils.java:logGet(46)) - raft.server.write.element-limit = 1024 (custom)
2022-12-06 16:25:20,694 [93471f04-f84a-446a-9dbd-94f45fb64b69@group-391EA9FD41B8-LeaderElection34] INFO  server.RaftServerConfigKeys (ConfUtils.java:logGet(46)) - raft.server.write.byte-limit = 1024 M (=1073741824) (custom)
2022-12-06 16:25:20,695 [fd07e5d7-2dd9-455a-a9b9-9dae4f4be123@group-FFC8E6C97F07-FollowerState] INFO  impl.FollowerState (FollowerState.java:run(143)) - fd07e5d7-2dd9-455a-a9b9-9dae4f4be123@group-FFC8E6C97F07-FollowerState: change to CANDIDATE, lastRpcElapsedTime:5076046935ns, electionTimeout:5072ms
2022-12-06 16:25:20,695 [fd07e5d7-2dd9-455a-a9b9-9dae4f4be123@group-FFC8E6C97F07-FollowerState] INFO  impl.RoleInfo (RoleInfo.java:shutdownFollowerState(110)) - fd07e5d7-2dd9-455a-a9b9-9dae4f4be123: shutdown fd07e5d7-2dd9-455a-a9b9-9dae4f4be123@group-FFC8E6C97F07-FollowerState
2022-12-06 16:25:20,695 [fd07e5d7-2dd9-455a-a9b9-9dae4f4be123@group-FFC8E6C97F07-FollowerState] INFO  server.RaftServer$Division (RaftServerImpl.java:setRole(321)) - fd07e5d7-2dd9-455a-a9b9-9dae4f4be123@group-FFC8E6C97F07: changes role from  FOLLOWER to CANDIDATE at term 0 for changeToCandidate
2022-12-06 16:25:20,788 [fd07e5d7-2dd9-455a-a9b9-9dae4f4be123@group-FFC8E6C97F07-FollowerState] INFO  server.RaftServerConfigKeys (ConfUtils.java:logGet(46)) - raft.server.leaderelection.pre-vote = false (custom)
2022-12-06 16:25:20,788 [fd07e5d7-2dd9-455a-a9b9-9dae4f4be123@group-FFC8E6C97F07-FollowerState] INFO  impl.RoleInfo (RoleInfo.java:updateAndGet(139)) - fd07e5d7-2dd9-455a-a9b9-9dae4f4be123: start fd07e5d7-2dd9-455a-a9b9-9dae4f4be123@group-FFC8E6C97F07-LeaderElection35
2022-12-06 16:25:20,788 [fd07e5d7-2dd9-455a-a9b9-9dae4f4be123-server-thread1] INFO  ratis.XceiverServerRatis (XceiverServerRatis.java:handleLeaderChangedNotification(863)) - Leader change notification received for group: group-73B16E30E520 with new leaderId: 93471f04-f84a-446a-9dbd-94f45fb64b69
2022-12-06 16:25:20,788 [fd07e5d7-2dd9-455a-a9b9-9dae4f4be123-server-thread1] INFO  server.RaftServer$Division (ServerState.java:setLeader(313)) - fd07e5d7-2dd9-455a-a9b9-9dae4f4be123@group-73B16E30E520: change Leader from null to 93471f04-f84a-446a-9dbd-94f45fb64b69 at term 1 for appendEntries, leader elected after 5287ms
2022-12-06 16:25:20,787 [592803f5-ace9-49ac-a54f-354c0e5baf2c-server-thread2] INFO  server.RaftServer$Division (ServerState.java:setRaftConf(430)) - 592803f5-ace9-49ac-a54f-354c0e5baf2c@group-73B16E30E520: set configuration 0: peers:[93471f04-f84a-446a-9dbd-94f45fb64b69|rpc:10.1.0.176:39615|dataStream:|priority:1|startupRole:FOLLOWER, fd07e5d7-2dd9-455a-a9b9-9dae4f4be123|rpc:10.1.0.176:45045|dataStream:|priority:0|startupRole:FOLLOWER, 592803f5-ace9-49ac-a54f-354c0e5baf2c|rpc:10.1.0.176:36049|dataStream:|priority:0|startupRole:FOLLOWER]|listeners:[], old=null
2022-12-06 16:25:20,791 [592803f5-ace9-49ac-a54f-354c0e5baf2c-server-thread2] INFO  segmented.SegmentedRaftLogWorker (SegmentedRaftLogWorker.java:startLogSegment(452)) - 592803f5-ace9-49ac-a54f-354c0e5baf2c@group-73B16E30E520-SegmentedRaftLogWorker: Starting segment from index:0
2022-12-06 16:25:20,787 [93471f04-f84a-446a-9dbd-94f45fb64b69@group-FFC8E6C97F07-FollowerState] INFO  impl.FollowerState (FollowerState.java:run(143)) - 93471f04-f84a-446a-9dbd-94f45fb64b69@group-FFC8E6C97F07-FollowerState: change to CANDIDATE, lastRpcElapsedTime:5204612642ns, electionTimeout:5195ms
2022-12-06 16:25:20,792 [93471f04-f84a-446a-9dbd-94f45fb64b69@group-FFC8E6C97F07-FollowerState] INFO  impl.RoleInfo (RoleInfo.java:shutdownFollowerState(110)) - 93471f04-f84a-446a-9dbd-94f45fb64b69: shutdown 93471f04-f84a-446a-9dbd-94f45fb64b69@group-FFC8E6C97F07-FollowerState
2022-12-06 16:25:20,792 [93471f04-f84a-446a-9dbd-94f45fb64b69@group-FFC8E6C97F07-FollowerState] INFO  server.RaftServer$Division (RaftServerImpl.java:setRole(321)) - 93471f04-f84a-446a-9dbd-94f45fb64b69@group-FFC8E6C97F07: changes role from  FOLLOWER to CANDIDATE at term 0 for changeToCandidate
2022-12-06 16:25:20,699 [93471f04-f84a-446a-9dbd-94f45fb64b69@group-391EA9FD41B8-LeaderElection34] INFO  server.RaftServerConfigKeys (ConfUtils.java:logGet(46)) - raft.server.watch.timeout = 180s (custom)
2022-12-06 16:25:20,792 [93471f04-f84a-446a-9dbd-94f45fb64b69@group-391EA9FD41B8-LeaderElection34] INFO  server.RaftServerConfigKeys (ConfUtils.java:logGet(46)) - raft.server.watch.timeout.denomination = 1s (default)
2022-12-06 16:25:20,792 [93471f04-f84a-446a-9dbd-94f45fb64b69@group-391EA9FD41B8-LeaderElection34] INFO  server.RaftServerConfigKeys (ConfUtils.java:logGet(46)) - raft.server.watch.element-limit = 65536 (default)
2022-12-06 16:25:20,793 [93471f04-f84a-446a-9dbd-94f45fb64b69@group-391EA9FD41B8-LeaderElection34] INFO  server.RaftServerConfigKeys (ConfUtils.java:logGet(46)) - raft.server.write.element-limit = 1024 (custom)
2022-12-06 16:25:20,793 [93471f04-f84a-446a-9dbd-94f45fb64b69@group-391EA9FD41B8-LeaderElection34] INFO  server.RaftServerConfigKeys (ConfUtils.java:logGet(46)) - raft.server.write.follower.gap.ratio.max = -1.0 (default)
2022-12-06 16:25:20,793 [93471f04-f84a-446a-9dbd-94f45fb64b69@group-391EA9FD41B8-LeaderElection34] INFO  impl.RoleInfo (RoleInfo.java:updateAndGet(139)) - 93471f04-f84a-446a-9dbd-94f45fb64b69: start 93471f04-f84a-446a-9dbd-94f45fb64b69@group-391EA9FD41B8-LeaderStateImpl
2022-12-06 16:25:20,794 [93471f04-f84a-446a-9dbd-94f45fb64b69@group-391EA9FD41B8-LeaderElection34] INFO  segmented.SegmentedRaftLogWorker (SegmentedRaftLogWorker.java:startLogSegment(452)) - 93471f04-f84a-446a-9dbd-94f45fb64b69@group-391EA9FD41B8-SegmentedRaftLogWorker: Starting segment from index:0
2022-12-06 16:25:20,810 [592803f5-ace9-49ac-a54f-354c0e5baf2c@group-FFC8E6C97F07-FollowerState] INFO  impl.FollowerState (FollowerState.java:run(143)) - 592803f5-ace9-49ac-a54f-354c0e5baf2c@group-FFC8E6C97F07-FollowerState: change to CANDIDATE, lastRpcElapsedTime:5155315624ns, electionTimeout:5105ms
2022-12-06 16:25:20,795 [fd07e5d7-2dd9-455a-a9b9-9dae4f4be123-server-thread1] INFO  server.RaftServer$Division (ServerState.java:setRaftConf(430)) - fd07e5d7-2dd9-455a-a9b9-9dae4f4be123@group-73B16E30E520: set configuration 0: peers:[93471f04-f84a-446a-9dbd-94f45fb64b69|rpc:10.1.0.176:39615|dataStream:|priority:1|startupRole:FOLLOWER, fd07e5d7-2dd9-455a-a9b9-9dae4f4be123|rpc:10.1.0.176:45045|dataStream:|priority:0|startupRole:FOLLOWER, 592803f5-ace9-49ac-a54f-354c0e5baf2c|rpc:10.1.0.176:36049|dataStream:|priority:0|startupRole:FOLLOWER]|listeners:[], old=null
2022-12-06 16:25:20,816 [EventQueue-CommandQueueReportForCommandQueueReportHandler] WARN  events.EventQueue (EventQueue.java:fireEvent(216)) - No event handler registered for event TypedEvent{payloadType=DatanodeDetails, name='Datanode_Command_Queue_Updated'}
2022-12-06 16:25:20,817 [fd07e5d7-2dd9-455a-a9b9-9dae4f4be123@group-FFC8E6C97F07-LeaderElection35] INFO  impl.LeaderElection (LeaderElection.java:askForVotes(312)) - fd07e5d7-2dd9-455a-a9b9-9dae4f4be123@group-FFC8E6C97F07-LeaderElection35 ELECTION round 0: submit vote requests at term 1 for -1: peers:[93471f04-f84a-446a-9dbd-94f45fb64b69|rpc:10.1.0.176:39615|dataStream:|priority:0|startupRole:FOLLOWER, fd07e5d7-2dd9-455a-a9b9-9dae4f4be123|rpc:10.1.0.176:45045|dataStream:|priority:1|startupRole:FOLLOWER, 592803f5-ace9-49ac-a54f-354c0e5baf2c|rpc:10.1.0.176:36049|dataStream:|priority:0|startupRole:FOLLOWER]|listeners:[], old=null
2022-12-06 16:25:20,818 [EventQueue-CommandQueueReportForCommandQueueReportHandler] WARN  events.EventQueue (EventQueue.java:fireEvent(216)) - No event handler registered for event TypedEvent{payloadType=DatanodeDetails, name='Datanode_Command_Queue_Updated'}
2022-12-06 16:25:20,823 [93471f04-f84a-446a-9dbd-94f45fb64b69@group-FFC8E6C97F07-FollowerState] INFO  server.RaftServerConfigKeys (ConfUtils.java:logGet(46)) - raft.server.leaderelection.pre-vote = false (custom)
2022-12-06 16:25:20,824 [93471f04-f84a-446a-9dbd-94f45fb64b69@group-FFC8E6C97F07-FollowerState] INFO  impl.RoleInfo (RoleInfo.java:updateAndGet(139)) - 93471f04-f84a-446a-9dbd-94f45fb64b69: start 93471f04-f84a-446a-9dbd-94f45fb64b69@group-FFC8E6C97F07-LeaderElection36
2022-12-06 16:25:20,834 [93471f04-f84a-446a-9dbd-94f45fb64b69@group-391EA9FD41B8-LeaderElection34] INFO  server.RaftServer$Division (ServerState.java:setRaftConf(430)) - 93471f04-f84a-446a-9dbd-94f45fb64b69@group-391EA9FD41B8: set configuration 0: peers:[93471f04-f84a-446a-9dbd-94f45fb64b69|rpc:10.1.0.176:39615|dataStream:|priority:1|startupRole:FOLLOWER]|listeners:[], old=null
2022-12-06 16:25:20,835 [fd07e5d7-2dd9-455a-a9b9-9dae4f4be123@group-FFC8E6C97F07-LeaderElection35] INFO  server.RaftServerConfigKeys (ConfUtils.java:logFallback(53)) - raft.server.rpc.first-election.timeout.min = 5s (fallback to raft.server.rpc.timeout.min)
2022-12-06 16:25:20,835 [fd07e5d7-2dd9-455a-a9b9-9dae4f4be123@group-FFC8E6C97F07-LeaderElection35] INFO  server.RaftServerConfigKeys (ConfUtils.java:logFallback(53)) - raft.server.rpc.first-election.timeout.max = 5200ms (fallback to raft.server.rpc.timeout.max)
2022-12-06 16:25:20,838 [grpc-default-executor-4] INFO  server.RaftServer$Division (RaftServerImpl.java:requestVote(1218)) - 592803f5-ace9-49ac-a54f-354c0e5baf2c@group-FFC8E6C97F07: receive requestVote(ELECTION, fd07e5d7-2dd9-455a-a9b9-9dae4f4be123, group-FFC8E6C97F07, 1, (t:0, i:0))
2022-12-06 16:25:20,842 [592803f5-ace9-49ac-a54f-354c0e5baf2c@group-FFC8E6C97F07-FollowerState] INFO  impl.RoleInfo (RoleInfo.java:shutdownFollowerState(110)) - 592803f5-ace9-49ac-a54f-354c0e5baf2c: shutdown 592803f5-ace9-49ac-a54f-354c0e5baf2c@group-FFC8E6C97F07-FollowerState
2022-12-06 16:25:20,843 [592803f5-ace9-49ac-a54f-354c0e5baf2c@group-FFC8E6C97F07-FollowerState] INFO  server.RaftServer$Division (RaftServerImpl.java:setRole(321)) - 592803f5-ace9-49ac-a54f-354c0e5baf2c@group-FFC8E6C97F07: changes role from  FOLLOWER to CANDIDATE at term 0 for changeToCandidate
2022-12-06 16:25:20,843 [592803f5-ace9-49ac-a54f-354c0e5baf2c@group-FFC8E6C97F07-FollowerState] INFO  server.RaftServerConfigKeys (ConfUtils.java:logGet(46)) - raft.server.leaderelection.pre-vote = false (custom)
2022-12-06 16:25:20,843 [592803f5-ace9-49ac-a54f-354c0e5baf2c@group-FFC8E6C97F07-FollowerState] INFO  impl.RoleInfo (RoleInfo.java:updateAndGet(139)) - 592803f5-ace9-49ac-a54f-354c0e5baf2c: start 592803f5-ace9-49ac-a54f-354c0e5baf2c@group-FFC8E6C97F07-LeaderElection37
2022-12-06 16:25:20,845 [fd07e5d7-2dd9-455a-a9b9-9dae4f4be123-server-thread1] INFO  segmented.SegmentedRaftLogWorker (SegmentedRaftLogWorker.java:startLogSegment(452)) - fd07e5d7-2dd9-455a-a9b9-9dae4f4be123@group-73B16E30E520-SegmentedRaftLogWorker: Starting segment from index:0
2022-12-06 16:25:20,846 [93471f04-f84a-446a-9dbd-94f45fb64b69@group-391EA9FD41B8-SegmentedRaftLogWorker] INFO  segmented.SegmentedRaftLogWorker (SegmentedRaftLogWorker.java:execute(656)) - 93471f04-f84a-446a-9dbd-94f45fb64b69@group-391EA9FD41B8-SegmentedRaftLogWorker: created new log segment /home/runner/work/ozone/ozone/hadoop-ozone/integration-test/target/test-dir/MiniOzoneClusterImpl-ff76fcda-2f7b-42b7-aafc-07b3f4cbd752/datanode-4/data/ratis/18da1fc2-6dc2-4fe4-a33b-391ea9fd41b8/current/log_inprogress_0
2022-12-06 16:25:20,846 [grpc-default-executor-0] INFO  server.RaftServer$Division (RaftServerImpl.java:requestVote(1218)) - 93471f04-f84a-446a-9dbd-94f45fb64b69@group-FFC8E6C97F07: receive requestVote(ELECTION, fd07e5d7-2dd9-455a-a9b9-9dae4f4be123, group-FFC8E6C97F07, 1, (t:0, i:0))
2022-12-06 16:25:20,848 [592803f5-ace9-49ac-a54f-354c0e5baf2c@group-73B16E30E520-SegmentedRaftLogWorker] INFO  segmented.SegmentedRaftLogWorker (SegmentedRaftLogWorker.java:execute(656)) - 592803f5-ace9-49ac-a54f-354c0e5baf2c@group-73B16E30E520-SegmentedRaftLogWorker: created new log segment /home/runner/work/ozone/ozone/hadoop-ozone/integration-test/target/test-dir/MiniOzoneClusterImpl-ff76fcda-2f7b-42b7-aafc-07b3f4cbd752/datanode-5/data/ratis/de2b41df-793e-4d7a-999f-73b16e30e520/current/log_inprogress_0
2022-12-06 16:25:20,849 [grpc-default-executor-4] INFO  impl.VoteContext (VoteContext.java:log(49)) - 592803f5-ace9-49ac-a54f-354c0e5baf2c@group-FFC8E6C97F07-CANDIDATE: accept ELECTION from fd07e5d7-2dd9-455a-a9b9-9dae4f4be123: our priority 0 <= candidate's priority 1
2022-12-06 16:25:20,849 [grpc-default-executor-4] INFO  server.RaftServer$Division (RaftServerImpl.java:setRole(321)) - 592803f5-ace9-49ac-a54f-354c0e5baf2c@group-FFC8E6C97F07: changes role from CANDIDATE to FOLLOWER at term 1 for candidate:fd07e5d7-2dd9-455a-a9b9-9dae4f4be123
2022-12-06 16:25:20,849 [grpc-default-executor-4] INFO  impl.RoleInfo (RoleInfo.java:shutdownLeaderElection(130)) - 592803f5-ace9-49ac-a54f-354c0e5baf2c: shutdown 592803f5-ace9-49ac-a54f-354c0e5baf2c@group-FFC8E6C97F07-LeaderElection37
2022-12-06 16:25:20,850 [grpc-default-executor-4] INFO  impl.RoleInfo (RoleInfo.java:updateAndGet(139)) - 592803f5-ace9-49ac-a54f-354c0e5baf2c: start 592803f5-ace9-49ac-a54f-354c0e5baf2c@group-FFC8E6C97F07-FollowerState
2022-12-06 16:25:20,855 [grpc-default-executor-4] INFO  server.RaftServer$Division (RaftServerImpl.java:requestVote(1251)) - 592803f5-ace9-49ac-a54f-354c0e5baf2c@group-FFC8E6C97F07 replies to ELECTION vote request: fd07e5d7-2dd9-455a-a9b9-9dae4f4be123<-592803f5-ace9-49ac-a54f-354c0e5baf2c#0:OK-t1. Peer's state: 592803f5-ace9-49ac-a54f-354c0e5baf2c@group-FFC8E6C97F07:t1, leader=null, voted=fd07e5d7-2dd9-455a-a9b9-9dae4f4be123, raftlog=Memoized:592803f5-ace9-49ac-a54f-354c0e5baf2c@group-FFC8E6C97F07-SegmentedRaftLog:OPENED:c-1, conf=-1: peers:[93471f04-f84a-446a-9dbd-94f45fb64b69|rpc:10.1.0.176:39615|dataStream:|priority:0|startupRole:FOLLOWER, fd07e5d7-2dd9-455a-a9b9-9dae4f4be123|rpc:10.1.0.176:45045|dataStream:|priority:1|startupRole:FOLLOWER, 592803f5-ace9-49ac-a54f-354c0e5baf2c|rpc:10.1.0.176:36049|dataStream:|priority:0|startupRole:FOLLOWER]|listeners:[], old=null
2022-12-06 16:25:20,859 [grpc-default-executor-0] INFO  impl.VoteContext (VoteContext.java:log(49)) - 93471f04-f84a-446a-9dbd-94f45fb64b69@group-FFC8E6C97F07-CANDIDATE: accept ELECTION from fd07e5d7-2dd9-455a-a9b9-9dae4f4be123: our priority 0 <= candidate's priority 1
2022-12-06 16:25:20,859 [grpc-default-executor-0] INFO  server.RaftServer$Division (RaftServerImpl.java:setRole(321)) - 93471f04-f84a-446a-9dbd-94f45fb64b69@group-FFC8E6C97F07: changes role from CANDIDATE to FOLLOWER at term 1 for candidate:fd07e5d7-2dd9-455a-a9b9-9dae4f4be123
2022-12-06 16:25:20,859 [grpc-default-executor-0] INFO  impl.RoleInfo (RoleInfo.java:shutdownLeaderElection(130)) - 93471f04-f84a-446a-9dbd-94f45fb64b69: shutdown 93471f04-f84a-446a-9dbd-94f45fb64b69@group-FFC8E6C97F07-LeaderElection36
2022-12-06 16:25:20,859 [grpc-default-executor-0] INFO  impl.RoleInfo (RoleInfo.java:updateAndGet(139)) - 93471f04-f84a-446a-9dbd-94f45fb64b69: start 93471f04-f84a-446a-9dbd-94f45fb64b69@group-FFC8E6C97F07-FollowerState
2022-12-06 16:25:20,864 [592803f5-ace9-49ac-a54f-354c0e5baf2c@group-FFC8E6C97F07-LeaderElection37] INFO  impl.LeaderElection (LeaderElection.java:run(233)) - 592803f5-ace9-49ac-a54f-354c0e5baf2c@group-FFC8E6C97F07-LeaderElection37: skip running since this is already CLOSING
2022-12-06 16:25:20,867 [fd07e5d7-2dd9-455a-a9b9-9dae4f4be123@group-73B16E30E520-SegmentedRaftLogWorker] INFO  segmented.SegmentedRaftLogWorker (SegmentedRaftLogWorker.java:execute(656)) - fd07e5d7-2dd9-455a-a9b9-9dae4f4be123@group-73B16E30E520-SegmentedRaftLogWorker: created new log segment /home/runner/work/ozone/ozone/hadoop-ozone/integration-test/target/test-dir/MiniOzoneClusterImpl-ff76fcda-2f7b-42b7-aafc-07b3f4cbd752/datanode-3/data/ratis/de2b41df-793e-4d7a-999f-73b16e30e520/current/log_inprogress_0
2022-12-06 16:25:20,867 [592803f5-ace9-49ac-a54f-354c0e5baf2c@group-FFC8E6C97F07-FollowerState] INFO  server.RaftServerConfigKeys (ConfUtils.java:logFallback(53)) - raft.server.rpc.first-election.timeout.min = 5s (fallback to raft.server.rpc.timeout.min)
2022-12-06 16:25:20,867 [592803f5-ace9-49ac-a54f-354c0e5baf2c@group-FFC8E6C97F07-FollowerState] INFO  server.RaftServerConfigKeys (ConfUtils.java:logFallback(53)) - raft.server.rpc.first-election.timeout.max = 5200ms (fallback to raft.server.rpc.timeout.max)
2022-12-06 16:25:20,870 [fd07e5d7-2dd9-455a-a9b9-9dae4f4be123@group-FFC8E6C97F07-LeaderElection35] INFO  impl.LeaderElection (LeaderElection.java:logAndReturn(90)) - fd07e5d7-2dd9-455a-a9b9-9dae4f4be123@group-FFC8E6C97F07-LeaderElection35: ELECTION PASSED received 1 response(s) and 0 exception(s):
2022-12-06 16:25:20,875 [fd07e5d7-2dd9-455a-a9b9-9dae4f4be123@group-FFC8E6C97F07-LeaderElection35] INFO  impl.LeaderElection (LeaderElection.java:logAndReturn(94)) -   Response 0: fd07e5d7-2dd9-455a-a9b9-9dae4f4be123<-592803f5-ace9-49ac-a54f-354c0e5baf2c#0:OK-t1
2022-12-06 16:25:20,875 [fd07e5d7-2dd9-455a-a9b9-9dae4f4be123@group-FFC8E6C97F07-LeaderElection35] INFO  impl.LeaderElection (LeaderElection.java:askForVotes(314)) - fd07e5d7-2dd9-455a-a9b9-9dae4f4be123@group-FFC8E6C97F07-LeaderElection35 ELECTION round 0: result PASSED
2022-12-06 16:25:20,875 [fd07e5d7-2dd9-455a-a9b9-9dae4f4be123@group-FFC8E6C97F07-LeaderElection35] INFO  impl.RoleInfo (RoleInfo.java:shutdownLeaderElection(130)) - fd07e5d7-2dd9-455a-a9b9-9dae4f4be123: shutdown fd07e5d7-2dd9-455a-a9b9-9dae4f4be123@group-FFC8E6C97F07-LeaderElection35
2022-12-06 16:25:20,875 [fd07e5d7-2dd9-455a-a9b9-9dae4f4be123@group-FFC8E6C97F07-LeaderElection35] INFO  server.RaftServer$Division (RaftServerImpl.java:setRole(321)) - fd07e5d7-2dd9-455a-a9b9-9dae4f4be123@group-FFC8E6C97F07: changes role from CANDIDATE to LEADER at term 1 for changeToLeader
2022-12-06 16:25:20,875 [93471f04-f84a-446a-9dbd-94f45fb64b69@group-FFC8E6C97F07-FollowerState] INFO  server.RaftServerConfigKeys (ConfUtils.java:logFallback(53)) - raft.server.rpc.first-election.timeout.min = 5s (fallback to raft.server.rpc.timeout.min)
2022-12-06 16:25:20,876 [93471f04-f84a-446a-9dbd-94f45fb64b69@group-FFC8E6C97F07-FollowerState] INFO  server.RaftServerConfigKeys (ConfUtils.java:logFallback(53)) - raft.server.rpc.first-election.timeout.max = 5200ms (fallback to raft.server.rpc.timeout.max)
2022-12-06 16:25:20,876 [fd07e5d7-2dd9-455a-a9b9-9dae4f4be123@group-FFC8E6C97F07-LeaderElection35] INFO  ratis.XceiverServerRatis (XceiverServerRatis.java:handleLeaderChangedNotification(863)) - Leader change notification received for group: group-FFC8E6C97F07 with new leaderId: fd07e5d7-2dd9-455a-a9b9-9dae4f4be123
2022-12-06 16:25:20,876 [fd07e5d7-2dd9-455a-a9b9-9dae4f4be123@group-FFC8E6C97F07-LeaderElection35] INFO  server.RaftServer$Division (ServerState.java:setLeader(313)) - fd07e5d7-2dd9-455a-a9b9-9dae4f4be123@group-FFC8E6C97F07: change Leader from null to fd07e5d7-2dd9-455a-a9b9-9dae4f4be123 at term 1 for becomeLeader, leader elected after 5273ms
2022-12-06 16:25:20,876 [fd07e5d7-2dd9-455a-a9b9-9dae4f4be123@group-FFC8E6C97F07-LeaderElection35] INFO  server.RaftServerConfigKeys (ConfUtils.java:logGet(46)) - raft.server.staging.catchup.gap = 1000 (default)
2022-12-06 16:25:20,877 [fd07e5d7-2dd9-455a-a9b9-9dae4f4be123@group-FFC8E6C97F07-LeaderElection35] INFO  server.RaftServerConfigKeys (ConfUtils.java:logGet(46)) - raft.server.write.element-limit = 1024 (custom)
2022-12-06 16:25:20,877 [fd07e5d7-2dd9-455a-a9b9-9dae4f4be123@group-FFC8E6C97F07-LeaderElection35] INFO  server.RaftServerConfigKeys (ConfUtils.java:logGet(46)) - raft.server.write.byte-limit = 1024 M (=1073741824) (custom)
2022-12-06 16:25:20,878 [fd07e5d7-2dd9-455a-a9b9-9dae4f4be123@group-FFC8E6C97F07-LeaderElection35] INFO  server.RaftServerConfigKeys (ConfUtils.java:logGet(46)) - raft.server.watch.timeout = 180s (custom)
2022-12-06 16:25:20,878 [fd07e5d7-2dd9-455a-a9b9-9dae4f4be123@group-FFC8E6C97F07-LeaderElection35] INFO  server.RaftServerConfigKeys (ConfUtils.java:logGet(46)) - raft.server.watch.timeout.denomination = 1s (default)
2022-12-06 16:25:20,890 [grpc-default-executor-0] INFO  server.RaftServer$Division (RaftServerImpl.java:requestVote(1251)) - 93471f04-f84a-446a-9dbd-94f45fb64b69@group-FFC8E6C97F07 replies to ELECTION vote request: fd07e5d7-2dd9-455a-a9b9-9dae4f4be123<-93471f04-f84a-446a-9dbd-94f45fb64b69#0:OK-t1. Peer's state: 93471f04-f84a-446a-9dbd-94f45fb64b69@group-FFC8E6C97F07:t1, leader=null, voted=fd07e5d7-2dd9-455a-a9b9-9dae4f4be123, raftlog=Memoized:93471f04-f84a-446a-9dbd-94f45fb64b69@group-FFC8E6C97F07-SegmentedRaftLog:OPENED:c-1, conf=-1: peers:[93471f04-f84a-446a-9dbd-94f45fb64b69|rpc:10.1.0.176:39615|priority:0|startupRole:FOLLOWER, fd07e5d7-2dd9-455a-a9b9-9dae4f4be123|rpc:10.1.0.176:45045|priority:1|startupRole:FOLLOWER, 592803f5-ace9-49ac-a54f-354c0e5baf2c|rpc:10.1.0.176:36049|priority:0|startupRole:FOLLOWER]|listeners:[], old=null
2022-12-06 16:25:20,892 [fd07e5d7-2dd9-455a-a9b9-9dae4f4be123@group-FFC8E6C97F07-LeaderElection35] INFO  server.RaftServerConfigKeys (ConfUtils.java:logGet(46)) - raft.server.watch.element-limit = 65536 (default)
2022-12-06 16:25:20,892 [fd07e5d7-2dd9-455a-a9b9-9dae4f4be123@group-FFC8E6C97F07-LeaderElection35] INFO  server.RaftServerConfigKeys (ConfUtils.java:logGet(46)) - raft.server.write.element-limit = 1024 (custom)
2022-12-06 16:25:20,892 [fd07e5d7-2dd9-455a-a9b9-9dae4f4be123@group-FFC8E6C97F07-LeaderElection35] INFO  server.RaftServerConfigKeys (ConfUtils.java:logGet(46)) - raft.server.write.follower.gap.ratio.max = -1.0 (default)
2022-12-06 16:25:20,895 [EventQueue-CommandQueueReportForCommandQueueReportHandler] WARN  events.EventQueue (EventQueue.java:fireEvent(216)) - No event handler registered for event TypedEvent{payloadType=DatanodeDetails, name='Datanode_Command_Queue_Updated'}
2022-12-06 16:25:20,895 [EventQueue-PipelineReportForPipelineReportHandler] INFO  pipeline.PipelineManagerImpl (PipelineManagerImpl.java:openPipeline(367)) - Pipeline Pipeline[ Id: e381f118-adaf-4fd4-afdc-ffc8e6c97f07, Nodes: fd07e5d7-2dd9-455a-a9b9-9dae4f4be123{ip: 10.1.0.176, host: fv-az451-158.ehxzt5fk3o4e1ahk02omj2f41g.dx.internal.cloudapp.net, ports: [REPLICATION=43535, RATIS=45045, RATIS_ADMIN=45045, RATIS_SERVER=45045, STANDALONE=40309], networkLocation: /default-rack, certSerialId: null, persistedOpState: IN_SERVICE, persistedOpStateExpiryEpochSec: 0}93471f04-f84a-446a-9dbd-94f45fb64b69{ip: 10.1.0.176, host: fv-az451-158.ehxzt5fk3o4e1ahk02omj2f41g.dx.internal.cloudapp.net, ports: [REPLICATION=40949, RATIS=39615, RATIS_ADMIN=39615, RATIS_SERVER=39615, STANDALONE=46429], networkLocation: /default-rack, certSerialId: null, persistedOpState: IN_SERVICE, persistedOpStateExpiryEpochSec: 0}592803f5-ace9-49ac-a54f-354c0e5baf2c{ip: 10.1.0.176, host: fv-az451-158.ehxzt5fk3o4e1ahk02omj2f41g.dx.internal.cloudapp.net, ports: [REPLICATION=35645, RATIS=36049, RATIS_ADMIN=36049, RATIS_SERVER=36049, STANDALONE=43037], networkLocation: /default-rack, certSerialId: null, persistedOpState: IN_SERVICE, persistedOpStateExpiryEpochSec: 0}, ReplicationConfig: RATIS/THREE, State:ALLOCATED, leaderId:fd07e5d7-2dd9-455a-a9b9-9dae4f4be123, CreationTimestamp2022-12-06T16:25:14.572Z[Etc/UTC]] moved to OPEN state
2022-12-06 16:25:20,909 [fd07e5d7-2dd9-455a-a9b9-9dae4f4be123@group-FFC8E6C97F07-LeaderElection35] INFO  server.RaftServerConfigKeys (ConfUtils.java:logGet(46)) - raft.server.log.appender.snapshot.chunk.size.max = 16MB (=16777216) (default)
2022-12-06 16:25:20,909 [fd07e5d7-2dd9-455a-a9b9-9dae4f4be123@group-FFC8E6C97F07-LeaderElection35] INFO  server.RaftServerConfigKeys (ConfUtils.java:logGet(46)) - raft.server.log.appender.buffer.byte-limit = 33554432 (custom)
2022-12-06 16:25:20,909 [fd07e5d7-2dd9-455a-a9b9-9dae4f4be123@group-FFC8E6C97F07-LeaderElection35] INFO  server.RaftServerConfigKeys (ConfUtils.java:logGet(46)) - raft.server.log.appender.buffer.element-limit = 1 (custom)
2022-12-06 16:25:20,909 [fd07e5d7-2dd9-455a-a9b9-9dae4f4be123@group-FFC8E6C97F07-LeaderElection35] INFO  grpc.GrpcConfigKeys (ConfUtils.java:logGet(46)) - raft.grpc.server.leader.outstanding.appends.max = 128 (default)
2022-12-06 16:25:20,909 [fd07e5d7-2dd9-455a-a9b9-9dae4f4be123@group-FFC8E6C97F07-LeaderElection35] INFO  server.RaftServerConfigKeys (ConfUtils.java:logGet(46)) - raft.server.rpc.request.timeout = 60s (custom)
2022-12-06 16:25:20,909 [fd07e5d7-2dd9-455a-a9b9-9dae4f4be123@group-FFC8E6C97F07-LeaderElection35] INFO  server.RaftServerConfigKeys (ConfUtils.java:logGet(46)) - raft.server.log.appender.install.snapshot.enabled = false (custom)
2022-12-06 16:25:20,910 [fd07e5d7-2dd9-455a-a9b9-9dae4f4be123@group-FFC8E6C97F07-LeaderElection35] INFO  grpc.GrpcConfigKeys (ConfUtils.java:logGet(46)) - raft.grpc.server.heartbeat.channel = true (default)
2022-12-06 16:25:20,910 [fd07e5d7-2dd9-455a-a9b9-9dae4f4be123@group-FFC8E6C97F07-LeaderElection35] INFO  server.RaftServerConfigKeys (ConfUtils.java:logGet(46)) - raft.server.log.appender.wait-time.min = 10ms (default)
2022-12-06 16:25:20,912 [fd07e5d7-2dd9-455a-a9b9-9dae4f4be123@group-FFC8E6C97F07-LeaderElection35] INFO  server.RaftServerConfigKeys (ConfUtils.java:logGet(46)) - raft.server.log.appender.snapshot.chunk.size.max = 16MB (=16777216) (default)
2022-12-06 16:25:20,912 [fd07e5d7-2dd9-455a-a9b9-9dae4f4be123@group-FFC8E6C97F07-LeaderElection35] INFO  server.RaftServerConfigKeys (ConfUtils.java:logGet(46)) - raft.server.log.appender.buffer.byte-limit = 33554432 (custom)
2022-12-06 16:25:20,913 [fd07e5d7-2dd9-455a-a9b9-9dae4f4be123@group-FFC8E6C97F07-LeaderElection35] INFO  server.RaftServerConfigKeys (ConfUtils.java:logGet(46)) - raft.server.log.appender.buffer.element-limit = 1 (custom)
2022-12-06 16:25:20,913 [fd07e5d7-2dd9-455a-a9b9-9dae4f4be123@group-FFC8E6C97F07-LeaderElection35] INFO  grpc.GrpcConfigKeys (ConfUtils.java:logGet(46)) - raft.grpc.server.leader.outstanding.appends.max = 128 (default)
2022-12-06 16:25:20,913 [fd07e5d7-2dd9-455a-a9b9-9dae4f4be123@group-FFC8E6C97F07-LeaderElection35] INFO  server.RaftServerConfigKeys (ConfUtils.java:logGet(46)) - raft.server.rpc.request.timeout = 60s (custom)
2022-12-06 16:25:20,913 [fd07e5d7-2dd9-455a-a9b9-9dae4f4be123@group-FFC8E6C97F07-LeaderElection35] INFO  server.RaftServerConfigKeys (ConfUtils.java:logGet(46)) - raft.server.log.appender.install.snapshot.enabled = false (custom)
2022-12-06 16:25:20,913 [fd07e5d7-2dd9-455a-a9b9-9dae4f4be123@group-FFC8E6C97F07-LeaderElection35] INFO  grpc.GrpcConfigKeys (ConfUtils.java:logGet(46)) - raft.grpc.server.heartbeat.channel = true (default)
2022-12-06 16:25:20,914 [fd07e5d7-2dd9-455a-a9b9-9dae4f4be123@group-FFC8E6C97F07-LeaderElection35] INFO  server.RaftServerConfigKeys (ConfUtils.java:logGet(46)) - raft.server.log.appender.wait-time.min = 10ms (default)
2022-12-06 16:25:20,916 [fd07e5d7-2dd9-455a-a9b9-9dae4f4be123@group-FFC8E6C97F07-LeaderElection35] INFO  impl.RoleInfo (RoleInfo.java:updateAndGet(139)) - fd07e5d7-2dd9-455a-a9b9-9dae4f4be123: start fd07e5d7-2dd9-455a-a9b9-9dae4f4be123@group-FFC8E6C97F07-LeaderStateImpl
2022-12-06 16:25:20,918 [fd07e5d7-2dd9-455a-a9b9-9dae4f4be123@group-FFC8E6C97F07-LeaderElection35] INFO  segmented.SegmentedRaftLogWorker (SegmentedRaftLogWorker.java:startLogSegment(452)) - fd07e5d7-2dd9-455a-a9b9-9dae4f4be123@group-FFC8E6C97F07-SegmentedRaftLogWorker: Starting segment from index:0
2022-12-06 16:25:20,922 [fd07e5d7-2dd9-455a-a9b9-9dae4f4be123@group-FFC8E6C97F07-SegmentedRaftLogWorker] INFO  segmented.SegmentedRaftLogWorker (SegmentedRaftLogWorker.java:execute(656)) - fd07e5d7-2dd9-455a-a9b9-9dae4f4be123@group-FFC8E6C97F07-SegmentedRaftLogWorker: created new log segment /home/runner/work/ozone/ozone/hadoop-ozone/integration-test/target/test-dir/MiniOzoneClusterImpl-ff76fcda-2f7b-42b7-aafc-07b3f4cbd752/datanode-3/data/ratis/e381f118-adaf-4fd4-afdc-ffc8e6c97f07/current/log_inprogress_0
2022-12-06 16:25:20,937 [fd07e5d7-2dd9-455a-a9b9-9dae4f4be123@group-FFC8E6C97F07-LeaderElection35] INFO  server.RaftServer$Division (ServerState.java:setRaftConf(430)) - fd07e5d7-2dd9-455a-a9b9-9dae4f4be123@group-FFC8E6C97F07: set configuration 0: peers:[93471f04-f84a-446a-9dbd-94f45fb64b69|rpc:10.1.0.176:39615|dataStream:|priority:0|startupRole:FOLLOWER, fd07e5d7-2dd9-455a-a9b9-9dae4f4be123|rpc:10.1.0.176:45045|dataStream:|priority:1|startupRole:FOLLOWER, 592803f5-ace9-49ac-a54f-354c0e5baf2c|rpc:10.1.0.176:36049|dataStream:|priority:0|startupRole:FOLLOWER]|listeners:[], old=null
2022-12-06 16:25:20,958 [93471f04-f84a-446a-9dbd-94f45fb64b69-server-thread1] INFO  ratis.XceiverServerRatis (XceiverServerRatis.java:handleLeaderChangedNotification(863)) - Leader change notification received for group: group-FFC8E6C97F07 with new leaderId: fd07e5d7-2dd9-455a-a9b9-9dae4f4be123
2022-12-06 16:25:20,973 [93471f04-f84a-446a-9dbd-94f45fb64b69-server-thread1] INFO  server.RaftServer$Division (ServerState.java:setLeader(313)) - 93471f04-f84a-446a-9dbd-94f45fb64b69@group-FFC8E6C97F07: change Leader from null to fd07e5d7-2dd9-455a-a9b9-9dae4f4be123 at term 1 for appendEntries, leader elected after 5389ms
2022-12-06 16:25:20,961 [592803f5-ace9-49ac-a54f-354c0e5baf2c-server-thread2] INFO  ratis.XceiverServerRatis (XceiverServerRatis.java:handleLeaderChangedNotification(863)) - Leader change notification received for group: group-FFC8E6C97F07 with new leaderId: fd07e5d7-2dd9-455a-a9b9-9dae4f4be123
2022-12-06 16:25:20,978 [592803f5-ace9-49ac-a54f-354c0e5baf2c-server-thread2] INFO  server.RaftServer$Division (ServerState.java:setLeader(313)) - 592803f5-ace9-49ac-a54f-354c0e5baf2c@group-FFC8E6C97F07: change Leader from null to fd07e5d7-2dd9-455a-a9b9-9dae4f4be123 at term 1 for appendEntries, leader elected after 5319ms
2022-12-06 16:25:20,975 [93471f04-f84a-446a-9dbd-94f45fb64b69-server-thread1] INFO  server.RaftServer$Division (ServerState.java:setRaftConf(430)) - 93471f04-f84a-446a-9dbd-94f45fb64b69@group-FFC8E6C97F07: set configuration 0: peers:[93471f04-f84a-446a-9dbd-94f45fb64b69|rpc:10.1.0.176:39615|dataStream:|priority:0|startupRole:FOLLOWER, fd07e5d7-2dd9-455a-a9b9-9dae4f4be123|rpc:10.1.0.176:45045|dataStream:|priority:1|startupRole:FOLLOWER, 592803f5-ace9-49ac-a54f-354c0e5baf2c|rpc:10.1.0.176:36049|dataStream:|priority:0|startupRole:FOLLOWER]|listeners:[], old=null
2022-12-06 16:25:20,979 [93471f04-f84a-446a-9dbd-94f45fb64b69-server-thread1] INFO  segmented.SegmentedRaftLogWorker (SegmentedRaftLogWorker.java:startLogSegment(452)) - 93471f04-f84a-446a-9dbd-94f45fb64b69@group-FFC8E6C97F07-SegmentedRaftLogWorker: Starting segment from index:0
2022-12-06 16:25:20,981 [592803f5-ace9-49ac-a54f-354c0e5baf2c-server-thread2] INFO  server.RaftServer$Division (ServerState.java:setRaftConf(430)) - 592803f5-ace9-49ac-a54f-354c0e5baf2c@group-FFC8E6C97F07: set configuration 0: peers:[93471f04-f84a-446a-9dbd-94f45fb64b69|rpc:10.1.0.176:39615|dataStream:|priority:0|startupRole:FOLLOWER, fd07e5d7-2dd9-455a-a9b9-9dae4f4be123|rpc:10.1.0.176:45045|dataStream:|priority:1|startupRole:FOLLOWER, 592803f5-ace9-49ac-a54f-354c0e5baf2c|rpc:10.1.0.176:36049|dataStream:|priority:0|startupRole:FOLLOWER]|listeners:[], old=null
2022-12-06 16:25:20,981 [592803f5-ace9-49ac-a54f-354c0e5baf2c-server-thread2] INFO  segmented.SegmentedRaftLogWorker (SegmentedRaftLogWorker.java:startLogSegment(452)) - 592803f5-ace9-49ac-a54f-354c0e5baf2c@group-FFC8E6C97F07-SegmentedRaftLogWorker: Starting segment from index:0
2022-12-06 16:25:20,983 [93471f04-f84a-446a-9dbd-94f45fb64b69@group-FFC8E6C97F07-SegmentedRaftLogWorker] INFO  segmented.SegmentedRaftLogWorker (SegmentedRaftLogWorker.java:execute(656)) - 93471f04-f84a-446a-9dbd-94f45fb64b69@group-FFC8E6C97F07-SegmentedRaftLogWorker: created new log segment /home/runner/work/ozone/ozone/hadoop-ozone/integration-test/target/test-dir/MiniOzoneClusterImpl-ff76fcda-2f7b-42b7-aafc-07b3f4cbd752/datanode-4/data/ratis/e381f118-adaf-4fd4-afdc-ffc8e6c97f07/current/log_inprogress_0
2022-12-06 16:25:20,986 [592803f5-ace9-49ac-a54f-354c0e5baf2c@group-FFC8E6C97F07-SegmentedRaftLogWorker] INFO  segmented.SegmentedRaftLogWorker (SegmentedRaftLogWorker.java:execute(656)) - 592803f5-ace9-49ac-a54f-354c0e5baf2c@group-FFC8E6C97F07-SegmentedRaftLogWorker: created new log segment /home/runner/work/ozone/ozone/hadoop-ozone/integration-test/target/test-dir/MiniOzoneClusterImpl-ff76fcda-2f7b-42b7-aafc-07b3f4cbd752/datanode-5/data/ratis/e381f118-adaf-4fd4-afdc-ffc8e6c97f07/current/log_inprogress_0
2022-12-06 16:25:21,165 [EventQueue-CommandQueueReportForCommandQueueReportHandler] WARN  events.EventQueue (EventQueue.java:fireEvent(216)) - No event handler registered for event TypedEvent{payloadType=DatanodeDetails, name='Datanode_Command_Queue_Updated'}
2022-12-06 16:25:21,166 [EventQueue-CommandQueueReportForCommandQueueReportHandler] WARN  events.EventQueue (EventQueue.java:fireEvent(216)) - No event handler registered for event TypedEvent{payloadType=DatanodeDetails, name='Datanode_Command_Queue_Updated'}
2022-12-06 16:25:21,175 [EventQueue-CommandQueueReportForCommandQueueReportHandler] WARN  events.EventQueue (EventQueue.java:fireEvent(216)) - No event handler registered for event TypedEvent{payloadType=DatanodeDetails, name='Datanode_Command_Queue_Updated'}
2022-12-06 16:25:21,176 [EventQueue-CommandQueueReportForCommandQueueReportHandler] WARN  events.EventQueue (EventQueue.java:fireEvent(216)) - No event handler registered for event TypedEvent{payloadType=DatanodeDetails, name='Datanode_Command_Queue_Updated'}
2022-12-06 16:25:21,517 [Listener at 127.0.0.1/39139] INFO  volume.HddsVolume (HddsVolume.java:closeDbStore(338)) - SchemaV3 db is stopped at /home/runner/work/ozone/ozone/hadoop-ozone/integration-test/target/test-dir/MiniOzoneClusterImpl-ff76fcda-2f7b-42b7-aafc-07b3f4cbd752/datanode-9/data-0/containers/hdds/ff76fcda-2f7b-42b7-aafc-07b3f4cbd752/DS-6a16371c-c11f-49de-a8fd-a6f6a92ee155/container.db for volume DS-6a16371c-c11f-49de-a8fd-a6f6a92ee155
2022-12-06 16:25:21,517 [Listener at 127.0.0.1/39139] INFO  utils.BackgroundService (BackgroundService.java:shutdown(141)) - Shutting down service BlockDeletingService
2022-12-06 16:25:21,518 [Listener at 127.0.0.1/39139] INFO  utils.BackgroundService (BackgroundService.java:shutdown(141)) - Shutting down service StaleRecoveringContainerScrubbingService
2022-12-06 16:25:21,524 [Listener at 127.0.0.1/39139] INFO  statemachine.DatanodeStateMachine (DatanodeStateMachine.java:stopDaemon(593)) - Ozone container server stopped.
2022-12-06 16:25:21,536 [Listener at 127.0.0.1/39139] INFO  handler.ContextHandler (ContextHandler.java:doStop(1159)) - Stopped o.e.j.w.WebAppContext@2791a2b4{hddsDatanode,/,null,STOPPED}{jar:file:/home/runner/.m2/repository/org/apache/ozone/hdds-container-service/1.3.0-SNAPSHOT/hdds-container-service-1.3.0-SNAPSHOT.jar!/webapps/hddsDatanode}
2022-12-06 16:25:21,537 [Listener at 127.0.0.1/39139] INFO  server.AbstractConnector (AbstractConnector.java:doStop(383)) - Stopped ServerConnector@76ade9ef{HTTP/1.1, (http/1.1)}{0.0.0.0:0}
2022-12-06 16:25:21,537 [Listener at 127.0.0.1/39139] INFO  server.session (HouseKeeper.java:stopScavenging(149)) - node0 Stopped scavenging
2022-12-06 16:25:21,538 [Listener at 127.0.0.1/39139] INFO  handler.ContextHandler (ContextHandler.java:doStop(1159)) - Stopped o.e.j.s.ServletContextHandler@c2efa73{static,/static,jar:file:/home/runner/.m2/repository/org/apache/ozone/hdds-container-service/1.3.0-SNAPSHOT/hdds-container-service-1.3.0-SNAPSHOT.jar!/webapps/static,STOPPED}
2022-12-06 16:25:21,538 [Listener at 127.0.0.1/39139] INFO  handler.ContextHandler (ContextHandler.java:doStop(1159)) - Stopped o.e.j.s.ServletContextHandler@3cceb3f{logs,/logs,file:///home/runner/work/ozone/ozone/hadoop-ozone/integration-test/target/log,STOPPED}
2022-12-06 16:25:21,656 [EventQueue-CommandQueueReportForCommandQueueReportHandler] WARN  events.EventQueue (EventQueue.java:fireEvent(216)) - No event handler registered for event TypedEvent{payloadType=DatanodeDetails, name='Datanode_Command_Queue_Updated'}
2022-12-06 16:25:21,695 [EventQueue-CommandQueueReportForCommandQueueReportHandler] WARN  events.EventQueue (EventQueue.java:fireEvent(216)) - No event handler registered for event TypedEvent{payloadType=DatanodeDetails, name='Datanode_Command_Queue_Updated'}
2022-12-06 16:25:21,802 [EventQueue-CommandQueueReportForCommandQueueReportHandler] WARN  events.EventQueue (EventQueue.java:fireEvent(216)) - No event handler registered for event TypedEvent{payloadType=DatanodeDetails, name='Datanode_Command_Queue_Updated'}
2022-12-06 16:25:21,818 [EventQueue-CommandQueueReportForCommandQueueReportHandler] WARN  events.EventQueue (EventQueue.java:fireEvent(216)) - No event handler registered for event TypedEvent{payloadType=DatanodeDetails, name='Datanode_Command_Queue_Updated'}
2022-12-06 16:25:21,891 [EventQueue-CommandQueueReportForCommandQueueReportHandler] WARN  events.EventQueue (EventQueue.java:fireEvent(216)) - No event handler registered for event TypedEvent{payloadType=DatanodeDetails, name='Datanode_Command_Queue_Updated'}
2022-12-06 16:25:22,165 [EventQueue-CommandQueueReportForCommandQueueReportHandler] WARN  events.EventQueue (EventQueue.java:fireEvent(216)) - No event handler registered for event TypedEvent{payloadType=DatanodeDetails, name='Datanode_Command_Queue_Updated'}
2022-12-06 16:25:22,166 [EventQueue-CommandQueueReportForCommandQueueReportHandler] WARN  events.EventQueue (EventQueue.java:fireEvent(216)) - No event handler registered for event TypedEvent{payloadType=DatanodeDetails, name='Datanode_Command_Queue_Updated'}
2022-12-06 16:25:22,170 [EventQueue-CommandQueueReportForCommandQueueReportHandler] WARN  events.EventQueue (EventQueue.java:fireEvent(216)) - No event handler registered for event TypedEvent{payloadType=DatanodeDetails, name='Datanode_Command_Queue_Updated'}
2022-12-06 16:25:22,176 [EventQueue-CommandQueueReportForCommandQueueReportHandler] WARN  events.EventQueue (EventQueue.java:fireEvent(216)) - No event handler registered for event TypedEvent{payloadType=DatanodeDetails, name='Datanode_Command_Queue_Updated'}
2022-12-06 16:25:22,198 [EventQueue-StaleNodeForStaleNodeHandler] INFO  node.StaleNodeHandler (StaleNodeHandler.java:onMessage(59)) - Datanode b0ab2fb2-fc83-4273-be02-cd8927d57599{ip: 10.1.0.176, host: fv-az451-158.ehxzt5fk3o4e1ahk02omj2f41g.dx.internal.cloudapp.net, ports: [REPLICATION=43303, RATIS=43425, RATIS_ADMIN=43425, RATIS_SERVER=43425, STANDALONE=43243], networkLocation: /default-rack, certSerialId: null, persistedOpState: IN_SERVICE, persistedOpStateExpiryEpochSec: 0} moved to stale state. Finalizing its pipelines [PipelineID=b9d8e52e-db8f-45df-8401-0613bea02c6d, PipelineID=6649923a-14fe-4ab3-895a-a78ade398d29]
2022-12-06 16:25:22,199 [EventQueue-StaleNodeForStaleNodeHandler] INFO  pipeline.PipelineManagerImpl (PipelineManagerImpl.java:closePipeline(442)) - Pipeline Pipeline[ Id: b9d8e52e-db8f-45df-8401-0613bea02c6d, Nodes: b0ab2fb2-fc83-4273-be02-cd8927d57599{ip: 10.1.0.176, host: fv-az451-158.ehxzt5fk3o4e1ahk02omj2f41g.dx.internal.cloudapp.net, ports: [REPLICATION=43303, RATIS=43425, RATIS_ADMIN=43425, RATIS_SERVER=43425, STANDALONE=43243], networkLocation: /default-rack, certSerialId: null, persistedOpState: IN_SERVICE, persistedOpStateExpiryEpochSec: 0}, ReplicationConfig: RATIS/ONE, State:OPEN, leaderId:b0ab2fb2-fc83-4273-be02-cd8927d57599, CreationTimestamp2022-12-06T16:24:37.354Z[Etc/UTC]] moved to CLOSED state
2022-12-06 16:25:22,200 [EventQueue-StaleNodeForStaleNodeHandler] INFO  pipeline.PipelineManagerImpl (PipelineManagerImpl.java:closeContainersForPipeline(421)) - Container #2 closed for pipeline=PipelineID=6649923a-14fe-4ab3-895a-a78ade398d29
2022-12-06 16:25:22,200 [EventQueue-CloseContainerForCloseContainerEventHandler] INFO  container.CloseContainerEventHandler (CloseContainerEventHandler.java:onMessage(73)) - Close container Event triggered for container : #2, current state: CLOSING
2022-12-06 16:25:22,201 [EventQueue-StaleNodeForStaleNodeHandler] INFO  pipeline.PipelineManagerImpl (PipelineManagerImpl.java:closePipeline(442)) - Pipeline Pipeline[ Id: 6649923a-14fe-4ab3-895a-a78ade398d29, Nodes: b0ab2fb2-fc83-4273-be02-cd8927d57599{ip: 10.1.0.176, host: fv-az451-158.ehxzt5fk3o4e1ahk02omj2f41g.dx.internal.cloudapp.net, ports: [REPLICATION=43303, RATIS=43425, RATIS_ADMIN=43425, RATIS_SERVER=43425, STANDALONE=43243], networkLocation: /default-rack, certSerialId: null, persistedOpState: null, persistedOpStateExpiryEpochSec: 0}18a879af-de93-4167-9a98-f5b552aa8b4b{ip: 10.1.0.176, host: fv-az451-158.ehxzt5fk3o4e1ahk02omj2f41g.dx.internal.cloudapp.net, ports: [REPLICATION=33057, RATIS=33349, RATIS_ADMIN=33349, RATIS_SERVER=33349, STANDALONE=34989], networkLocation: /default-rack, certSerialId: null, persistedOpState: null, persistedOpStateExpiryEpochSec: 0}2fe07876-8610-433e-a055-404555d6ad88{ip: 10.1.0.176, host: fv-az451-158.ehxzt5fk3o4e1ahk02omj2f41g.dx.internal.cloudapp.net, ports: [REPLICATION=38677, RATIS=34239, RATIS_ADMIN=34239, RATIS_SERVER=34239, STANDALONE=45543], networkLocation: /default-rack, certSerialId: null, persistedOpState: null, persistedOpStateExpiryEpochSec: 0}6a413ed4-87ae-4509-b51d-2f5d21600f9c{ip: 10.1.0.176, host: fv-az451-158.ehxzt5fk3o4e1ahk02omj2f41g.dx.internal.cloudapp.net, ports: [REPLICATION=37211, RATIS=45621, RATIS_ADMIN=45621, RATIS_SERVER=45621, STANDALONE=41119], networkLocation: /default-rack, certSerialId: null, persistedOpState: null, persistedOpStateExpiryEpochSec: 0}f48f5eaa-c865-41e1-958d-4d574a609fc9{ip: 10.1.0.176, host: fv-az451-158.ehxzt5fk3o4e1ahk02omj2f41g.dx.internal.cloudapp.net, ports: [REPLICATION=37599, RATIS=45201, RATIS_ADMIN=45201, RATIS_SERVER=45201, STANDALONE=39113], networkLocation: /default-rack, certSerialId: null, persistedOpState: null, persistedOpStateExpiryEpochSec: 0}, ReplicationConfig: EC/ECReplicationConfig{data=3, parity=2, ecChunkSize=1024, codec=rs}, State:OPEN, leaderId:, CreationTimestamp2022-12-06T16:25:18.044Z[Etc/UTC]] moved to CLOSED state
2022-12-06 16:25:22,654 [EventQueue-CommandQueueReportForCommandQueueReportHandler] WARN  events.EventQueue (EventQueue.java:fireEvent(216)) - No event handler registered for event TypedEvent{payloadType=DatanodeDetails, name='Datanode_Command_Queue_Updated'}
2022-12-06 16:25:22,697 [EventQueue-CommandQueueReportForCommandQueueReportHandler] WARN  events.EventQueue (EventQueue.java:fireEvent(216)) - No event handler registered for event TypedEvent{payloadType=DatanodeDetails, name='Datanode_Command_Queue_Updated'}
2022-12-06 16:25:22,803 [EventQueue-CommandQueueReportForCommandQueueReportHandler] WARN  events.EventQueue (EventQueue.java:fireEvent(216)) - No event handler registered for event TypedEvent{payloadType=DatanodeDetails, name='Datanode_Command_Queue_Updated'}
2022-12-06 16:25:22,819 [EventQueue-CommandQueueReportForCommandQueueReportHandler] WARN  events.EventQueue (EventQueue.java:fireEvent(216)) - No event handler registered for event TypedEvent{payloadType=DatanodeDetails, name='Datanode_Command_Queue_Updated'}
2022-12-06 16:25:22,893 [EventQueue-CommandQueueReportForCommandQueueReportHandler] WARN  events.EventQueue (EventQueue.java:fireEvent(216)) - No event handler registered for event TypedEvent{payloadType=DatanodeDetails, name='Datanode_Command_Queue_Updated'}
2022-12-06 16:25:23,164 [EventQueue-CommandQueueReportForCommandQueueReportHandler] WARN  events.EventQueue (EventQueue.java:fireEvent(216)) - No event handler registered for event TypedEvent{payloadType=DatanodeDetails, name='Datanode_Command_Queue_Updated'}
2022-12-06 16:25:23,166 [EventQueue-CommandQueueReportForCommandQueueReportHandler] WARN  events.EventQueue (EventQueue.java:fireEvent(216)) - No event handler registered for event TypedEvent{payloadType=DatanodeDetails, name='Datanode_Command_Queue_Updated'}
2022-12-06 16:25:23,170 [EventQueue-CommandQueueReportForCommandQueueReportHandler] WARN  events.EventQueue (EventQueue.java:fireEvent(216)) - No event handler registered for event TypedEvent{payloadType=DatanodeDetails, name='Datanode_Command_Queue_Updated'}
2022-12-06 16:25:23,176 [EventQueue-CommandQueueReportForCommandQueueReportHandler] WARN  events.EventQueue (EventQueue.java:fireEvent(216)) - No event handler registered for event TypedEvent{payloadType=DatanodeDetails, name='Datanode_Command_Queue_Updated'}
2022-12-06 16:25:23,655 [EventQueue-CommandQueueReportForCommandQueueReportHandler] WARN  events.EventQueue (EventQueue.java:fireEvent(216)) - No event handler registered for event TypedEvent{payloadType=DatanodeDetails, name='Datanode_Command_Queue_Updated'}
2022-12-06 16:25:23,696 [EventQueue-CommandQueueReportForCommandQueueReportHandler] WARN  events.EventQueue (EventQueue.java:fireEvent(216)) - No event handler registered for event TypedEvent{payloadType=DatanodeDetails, name='Datanode_Command_Queue_Updated'}
2022-12-06 16:25:23,803 [EventQueue-CommandQueueReportForCommandQueueReportHandler] WARN  events.EventQueue (EventQueue.java:fireEvent(216)) - No event handler registered for event TypedEvent{payloadType=DatanodeDetails, name='Datanode_Command_Queue_Updated'}
2022-12-06 16:25:23,820 [EventQueue-CommandQueueReportForCommandQueueReportHandler] WARN  events.EventQueue (EventQueue.java:fireEvent(216)) - No event handler registered for event TypedEvent{payloadType=DatanodeDetails, name='Datanode_Command_Queue_Updated'}
2022-12-06 16:25:23,891 [EventQueue-CommandQueueReportForCommandQueueReportHandler] WARN  events.EventQueue (EventQueue.java:fireEvent(216)) - No event handler registered for event TypedEvent{payloadType=DatanodeDetails, name='Datanode_Command_Queue_Updated'}
2022-12-06 16:25:24,164 [EventQueue-CommandQueueReportForCommandQueueReportHandler] WARN  events.EventQueue (EventQueue.java:fireEvent(216)) - No event handler registered for event TypedEvent{payloadType=DatanodeDetails, name='Datanode_Command_Queue_Updated'}
2022-12-06 16:25:24,166 [EventQueue-CommandQueueReportForCommandQueueReportHandler] WARN  events.EventQueue (EventQueue.java:fireEvent(216)) - No event handler registered for event TypedEvent{payloadType=DatanodeDetails, name='Datanode_Command_Queue_Updated'}
2022-12-06 16:25:24,170 [EventQueue-CommandQueueReportForCommandQueueReportHandler] WARN  events.EventQueue (EventQueue.java:fireEvent(216)) - No event handler registered for event TypedEvent{payloadType=DatanodeDetails, name='Datanode_Command_Queue_Updated'}
2022-12-06 16:25:24,176 [EventQueue-CommandQueueReportForCommandQueueReportHandler] WARN  events.EventQueue (EventQueue.java:fireEvent(216)) - No event handler registered for event TypedEvent{payloadType=DatanodeDetails, name='Datanode_Command_Queue_Updated'}
2022-12-06 16:25:24,654 [EventQueue-CommandQueueReportForCommandQueueReportHandler] WARN  events.EventQueue (EventQueue.java:fireEvent(216)) - No event handler registered for event TypedEvent{payloadType=DatanodeDetails, name='Datanode_Command_Queue_Updated'}
2022-12-06 16:25:24,697 [EventQueue-CommandQueueReportForCommandQueueReportHandler] WARN  events.EventQueue (EventQueue.java:fireEvent(216)) - No event handler registered for event TypedEvent{payloadType=DatanodeDetails, name='Datanode_Command_Queue_Updated'}
2022-12-06 16:25:24,802 [EventQueue-CommandQueueReportForCommandQueueReportHandler] WARN  events.EventQueue (EventQueue.java:fireEvent(216)) - No event handler registered for event TypedEvent{payloadType=DatanodeDetails, name='Datanode_Command_Queue_Updated'}
2022-12-06 16:25:24,821 [EventQueue-CommandQueueReportForCommandQueueReportHandler] WARN  events.EventQueue (EventQueue.java:fireEvent(216)) - No event handler registered for event TypedEvent{payloadType=DatanodeDetails, name='Datanode_Command_Queue_Updated'}
2022-12-06 16:25:24,892 [EventQueue-CommandQueueReportForCommandQueueReportHandler] WARN  events.EventQueue (EventQueue.java:fireEvent(216)) - No event handler registered for event TypedEvent{payloadType=DatanodeDetails, name='Datanode_Command_Queue_Updated'}
2022-12-06 16:25:25,170 [EventQueue-CommandQueueReportForCommandQueueReportHandler] WARN  events.EventQueue (EventQueue.java:fireEvent(216)) - No event handler registered for event TypedEvent{payloadType=DatanodeDetails, name='Datanode_Command_Queue_Updated'}
2022-12-06 16:25:25,175 [EventQueue-CommandQueueReportForCommandQueueReportHandler] WARN  events.EventQueue (EventQueue.java:fireEvent(216)) - No event handler registered for event TypedEvent{payloadType=DatanodeDetails, name='Datanode_Command_Queue_Updated'}
2022-12-06 16:25:25,177 [EventQueue-CommandQueueReportForCommandQueueReportHandler] WARN  events.EventQueue (EventQueue.java:fireEvent(216)) - No event handler registered for event TypedEvent{payloadType=DatanodeDetails, name='Datanode_Command_Queue_Updated'}
2022-12-06 16:25:25,181 [EventQueue-CommandQueueReportForCommandQueueReportHandler] WARN  events.EventQueue (EventQueue.java:fireEvent(216)) - No event handler registered for event TypedEvent{payloadType=DatanodeDetails, name='Datanode_Command_Queue_Updated'}
2022-12-06 16:25:25,197 [EventQueue-CommandQueueReportForCommandQueueReportHandler] WARN  events.EventQueue (EventQueue.java:fireEvent(216)) - No event handler registered for event TypedEvent{payloadType=DatanodeDetails, name='Datanode_Command_Queue_Updated'}
2022-12-06 16:25:25,199 [EventQueue-CommandQueueReportForCommandQueueReportHandler] WARN  events.EventQueue (EventQueue.java:fireEvent(216)) - No event handler registered for event TypedEvent{payloadType=DatanodeDetails, name='Datanode_Command_Queue_Updated'}
2022-12-06 16:25:25,201 [EventQueue-CommandQueueReportForCommandQueueReportHandler] WARN  events.EventQueue (EventQueue.java:fireEvent(216)) - No event handler registered for event TypedEvent{payloadType=DatanodeDetails, name='Datanode_Command_Queue_Updated'}
2022-12-06 16:25:25,202 [EventQueue-CommandQueueReportForCommandQueueReportHandler] WARN  events.EventQueue (EventQueue.java:fireEvent(216)) - No event handler registered for event TypedEvent{payloadType=DatanodeDetails, name='Datanode_Command_Queue_Updated'}
2022-12-06 16:25:25,204 [EventQueue-DeadNodeForDeadNodeHandler] INFO  node.DeadNodeHandler (DeadNodeHandler.java:onMessage(81)) - A dead datanode is detected. b0ab2fb2-fc83-4273-be02-cd8927d57599{ip: 10.1.0.176, host: fv-az451-158.ehxzt5fk3o4e1ahk02omj2f41g.dx.internal.cloudapp.net, ports: [REPLICATION=43303, RATIS=43425, RATIS_ADMIN=43425, RATIS_SERVER=43425, STANDALONE=43243], networkLocation: /default-rack, certSerialId: null, persistedOpState: IN_SERVICE, persistedOpStateExpiryEpochSec: 0}
2022-12-06 16:25:25,204 [EventQueue-DeadNodeForDeadNodeHandler] INFO  pipeline.RatisPipelineProvider (RatisPipelineProvider.java:lambda$close$1(244)) - Send pipeline:PipelineID=b9d8e52e-db8f-45df-8401-0613bea02c6d close command to datanode b0ab2fb2-fc83-4273-be02-cd8927d57599
2022-12-06 16:25:25,204 [EventQueue-DeadNodeForDeadNodeHandler] INFO  pipeline.PipelineStateManagerImpl (PipelineStateManagerImpl.java:removePipeline(245)) - Pipeline Pipeline[ Id: b9d8e52e-db8f-45df-8401-0613bea02c6d, Nodes: b0ab2fb2-fc83-4273-be02-cd8927d57599{ip: 10.1.0.176, host: fv-az451-158.ehxzt5fk3o4e1ahk02omj2f41g.dx.internal.cloudapp.net, ports: [REPLICATION=43303, RATIS=43425, RATIS_ADMIN=43425, RATIS_SERVER=43425, STANDALONE=43243], networkLocation: /default-rack, certSerialId: null, persistedOpState: IN_SERVICE, persistedOpStateExpiryEpochSec: 0}, ReplicationConfig: RATIS/ONE, State:CLOSED, leaderId:b0ab2fb2-fc83-4273-be02-cd8927d57599, CreationTimestamp2022-12-06T16:24:37.354Z[Etc/UTC]] removed.
2022-12-06 16:25:25,205 [EventQueue-DeadNodeForDeadNodeHandler] INFO  pipeline.PipelineStateManagerImpl (PipelineStateManagerImpl.java:removePipeline(245)) - Pipeline Pipeline[ Id: 6649923a-14fe-4ab3-895a-a78ade398d29, Nodes: b0ab2fb2-fc83-4273-be02-cd8927d57599{ip: 10.1.0.176, host: fv-az451-158.ehxzt5fk3o4e1ahk02omj2f41g.dx.internal.cloudapp.net, ports: [REPLICATION=43303, RATIS=43425, RATIS_ADMIN=43425, RATIS_SERVER=43425, STANDALONE=43243], networkLocation: /default-rack, certSerialId: null, persistedOpState: null, persistedOpStateExpiryEpochSec: 0}18a879af-de93-4167-9a98-f5b552aa8b4b{ip: 10.1.0.176, host: fv-az451-158.ehxzt5fk3o4e1ahk02omj2f41g.dx.internal.cloudapp.net, ports: [REPLICATION=33057, RATIS=33349, RATIS_ADMIN=33349, RATIS_SERVER=33349, STANDALONE=34989], networkLocation: /default-rack, certSerialId: null, persistedOpState: null, persistedOpStateExpiryEpochSec: 0}2fe07876-8610-433e-a055-404555d6ad88{ip: 10.1.0.176, host: fv-az451-158.ehxzt5fk3o4e1ahk02omj2f41g.dx.internal.cloudapp.net, ports: [REPLICATION=38677, RATIS=34239, RATIS_ADMIN=34239, RATIS_SERVER=34239, STANDALONE=45543], networkLocation: /default-rack, certSerialId: null, persistedOpState: null, persistedOpStateExpiryEpochSec: 0}6a413ed4-87ae-4509-b51d-2f5d21600f9c{ip: 10.1.0.176, host: fv-az451-158.ehxzt5fk3o4e1ahk02omj2f41g.dx.internal.cloudapp.net, ports: [REPLICATION=37211, RATIS=45621, RATIS_ADMIN=45621, RATIS_SERVER=45621, STANDALONE=41119], networkLocation: /default-rack, certSerialId: null, persistedOpState: null, persistedOpStateExpiryEpochSec: 0}f48f5eaa-c865-41e1-958d-4d574a609fc9{ip: 10.1.0.176, host: fv-az451-158.ehxzt5fk3o4e1ahk02omj2f41g.dx.internal.cloudapp.net, ports: [REPLICATION=37599, RATIS=45201, RATIS_ADMIN=45201, RATIS_SERVER=45201, STANDALONE=39113], networkLocation: /default-rack, certSerialId: null, persistedOpState: null, persistedOpStateExpiryEpochSec: 0}, ReplicationConfig: EC/ECReplicationConfig{data=3, parity=2, ecChunkSize=1024, codec=rs}, State:CLOSED, leaderId:, CreationTimestamp2022-12-06T16:25:18.044Z[Etc/UTC]] removed.
2022-12-06 16:25:25,206 [EventQueue-DeadNodeForDeadNodeHandler] INFO  net.NetworkTopologyImpl (NetworkTopologyImpl.java:remove(190)) - Removed a node: /default-rack/b0ab2fb2-fc83-4273-be02-cd8927d57599
2022-12-06 16:25:25,267 [Command processor thread] INFO  keyvalue.KeyValueContainer (KeyValueContainer.java:flushAndSyncDB(437)) - Container 2 is synced with bcsId 0.
2022-12-06 16:25:25,268 [Command processor thread] INFO  keyvalue.KeyValueContainer (KeyValueContainer.java:flushAndSyncDB(437)) - Container 2 is synced with bcsId 0.
2022-12-06 16:25:25,277 [Command processor thread] INFO  keyvalue.KeyValueContainer (KeyValueContainer.java:close(352)) - Container 2 is closed with bcsId 0.
2022-12-06 16:25:25,279 [EventQueue-CommandQueueReportForCommandQueueReportHandler] WARN  events.EventQueue (EventQueue.java:fireEvent(216)) - No event handler registered for event TypedEvent{payloadType=DatanodeDetails, name='Datanode_Command_Queue_Updated'}
2022-12-06 16:25:25,279 [FixedThreadPoolWithAffinityExecutor-0-0] INFO  container.IncrementalContainerReportHandler (AbstractContainerReportHandler.java:updateContainerState(292)) - Moving container #2 to CLOSED state, datanode 18a879af-de93-4167-9a98-f5b552aa8b4b{ip: 10.1.0.176, host: fv-az451-158.ehxzt5fk3o4e1ahk02omj2f41g.dx.internal.cloudapp.net, ports: [REPLICATION=33057, RATIS=33349, RATIS_ADMIN=33349, RATIS_SERVER=33349, STANDALONE=34989], networkLocation: /default-rack, certSerialId: null, persistedOpState: IN_SERVICE, persistedOpStateExpiryEpochSec: 0} reported CLOSED replica.
2022-12-06 16:25:25,309 [Command processor thread] INFO  keyvalue.KeyValueContainer (KeyValueContainer.java:flushAndSyncDB(437)) - Container 2 is synced with bcsId 0.
2022-12-06 16:25:25,309 [Command processor thread] INFO  keyvalue.KeyValueContainer (KeyValueContainer.java:flushAndSyncDB(437)) - Container 2 is synced with bcsId 0.
2022-12-06 16:25:25,316 [Command processor thread] INFO  keyvalue.KeyValueContainer (KeyValueContainer.java:close(352)) - Container 2 is closed with bcsId 0.
2022-12-06 16:25:25,318 [EventQueue-CommandQueueReportForCommandQueueReportHandler] WARN  events.EventQueue (EventQueue.java:fireEvent(216)) - No event handler registered for event TypedEvent{payloadType=DatanodeDetails, name='Datanode_Command_Queue_Updated'}
2022-12-06 16:25:25,349 [Listener at 127.0.0.1/39139] INFO  replication.ReplicationManager (ReplicationManager.java:stop(289)) - Stopping Replication Monitor Thread.
2022-12-06 16:25:25,349 [Over Replicated Processor] WARN  replication.OverReplicatedProcessor (OverReplicatedProcessor.java:run(109)) - Over Replicated Processor interrupted. Exiting...
2022-12-06 16:25:25,349 [Under Replicated Processor] WARN  replication.UnderReplicatedProcessor (UnderReplicatedProcessor.java:run(108)) - Under Replicated Processor interrupted. Exiting...
2022-12-06 16:25:25,349 [Listener at 127.0.0.1/39139] INFO  replication.ReplicationManager (ReplicationManager.java:start(265)) - Replication Monitor Thread is already running.
2022-12-06 16:25:25,350 [ReplicationMonitor] INFO  replication.ReplicationManager (ReplicationManager.java:run(641)) - Replication Monitor Thread is stopped
2022-12-06 16:25:25,351 [Command processor thread] INFO  keyvalue.KeyValueContainer (KeyValueContainer.java:flushAndSyncDB(437)) - Container 2 is synced with bcsId 0.
2022-12-06 16:25:25,351 [Command processor thread] INFO  keyvalue.KeyValueContainer (KeyValueContainer.java:flushAndSyncDB(437)) - Container 2 is synced with bcsId 0.
2022-12-06 16:25:25,356 [Command processor thread] INFO  keyvalue.KeyValueContainer (KeyValueContainer.java:close(352)) - Container 2 is closed with bcsId 0.
2022-12-06 16:25:25,358 [EventQueue-CommandQueueReportForCommandQueueReportHandler] WARN  events.EventQueue (EventQueue.java:fireEvent(216)) - No event handler registered for event TypedEvent{payloadType=DatanodeDetails, name='Datanode_Command_Queue_Updated'}
2022-12-06 16:25:25,400 [Command processor thread] INFO  keyvalue.KeyValueContainer (KeyValueContainer.java:flushAndSyncDB(437)) - Container 2 is synced with bcsId 0.
2022-12-06 16:25:25,401 [Command processor thread] INFO  keyvalue.KeyValueContainer (KeyValueContainer.java:flushAndSyncDB(437)) - Container 2 is synced with bcsId 0.
2022-12-06 16:25:25,404 [Command processor thread] INFO  keyvalue.KeyValueContainer (KeyValueContainer.java:close(352)) - Container 2 is closed with bcsId 0.
2022-12-06 16:25:25,407 [EventQueue-CommandQueueReportForCommandQueueReportHandler] WARN  events.EventQueue (EventQueue.java:fireEvent(216)) - No event handler registered for event TypedEvent{payloadType=DatanodeDetails, name='Datanode_Command_Queue_Updated'}
2022-12-06 16:25:25,654 [EventQueue-CommandQueueReportForCommandQueueReportHandler] WARN  events.EventQueue (EventQueue.java:fireEvent(216)) - No event handler registered for event TypedEvent{payloadType=DatanodeDetails, name='Datanode_Command_Queue_Updated'}
2022-12-06 16:25:25,696 [EventQueue-CommandQueueReportForCommandQueueReportHandler] WARN  events.EventQueue (EventQueue.java:fireEvent(216)) - No event handler registered for event TypedEvent{payloadType=DatanodeDetails, name='Datanode_Command_Queue_Updated'}
2022-12-06 16:25:25,803 [EventQueue-CommandQueueReportForCommandQueueReportHandler] WARN  events.EventQueue (EventQueue.java:fireEvent(216)) - No event handler registered for event TypedEvent{payloadType=DatanodeDetails, name='Datanode_Command_Queue_Updated'}
2022-12-06 16:25:25,820 [EventQueue-CommandQueueReportForCommandQueueReportHandler] WARN  events.EventQueue (EventQueue.java:fireEvent(216)) - No event handler registered for event TypedEvent{payloadType=DatanodeDetails, name='Datanode_Command_Queue_Updated'}
2022-12-06 16:25:25,892 [EventQueue-CommandQueueReportForCommandQueueReportHandler] WARN  events.EventQueue (EventQueue.java:fireEvent(216)) - No event handler registered for event TypedEvent{payloadType=DatanodeDetails, name='Datanode_Command_Queue_Updated'}
2022-12-06 16:25:26,279 [EventQueue-CommandQueueReportForCommandQueueReportHandler] WARN  events.EventQueue (EventQueue.java:fireEvent(216)) - No event handler registered for event TypedEvent{payloadType=DatanodeDetails, name='Datanode_Command_Queue_Updated'}
2022-12-06 16:25:26,318 [EventQueue-CommandQueueReportForCommandQueueReportHandler] WARN  events.EventQueue (EventQueue.java:fireEvent(216)) - No event handler registered for event TypedEvent{payloadType=DatanodeDetails, name='Datanode_Command_Queue_Updated'}
2022-12-06 16:25:26,358 [EventQueue-CommandQueueReportForCommandQueueReportHandler] WARN  events.EventQueue (EventQueue.java:fireEvent(216)) - No event handler registered for event TypedEvent{payloadType=DatanodeDetails, name='Datanode_Command_Queue_Updated'}
2022-12-06 16:25:26,407 [EventQueue-CommandQueueReportForCommandQueueReportHandler] WARN  events.EventQueue (EventQueue.java:fireEvent(216)) - No event handler registered for event TypedEvent{payloadType=DatanodeDetails, name='Datanode_Command_Queue_Updated'}
2022-12-06 16:25:26,653 [EventQueue-CommandQueueReportForCommandQueueReportHandler] WARN  events.EventQueue (EventQueue.java:fireEvent(216)) - No event handler registered for event TypedEvent{payloadType=DatanodeDetails, name='Datanode_Command_Queue_Updated'}
2022-12-06 16:25:26,698 [EventQueue-CommandQueueReportForCommandQueueReportHandler] WARN  events.EventQueue (EventQueue.java:fireEvent(216)) - No event handler registered for event TypedEvent{payloadType=DatanodeDetails, name='Datanode_Command_Queue_Updated'}
2022-12-06 16:25:26,802 [EventQueue-CommandQueueReportForCommandQueueReportHandler] WARN  events.EventQueue (EventQueue.java:fireEvent(216)) - No event handler registered for event TypedEvent{payloadType=DatanodeDetails, name='Datanode_Command_Queue_Updated'}
2022-12-06 16:25:26,820 [EventQueue-CommandQueueReportForCommandQueueReportHandler] WARN  events.EventQueue (EventQueue.java:fireEvent(216)) - No event handler registered for event TypedEvent{payloadType=DatanodeDetails, name='Datanode_Command_Queue_Updated'}
2022-12-06 16:25:26,892 [EventQueue-CommandQueueReportForCommandQueueReportHandler] WARN  events.EventQueue (EventQueue.java:fireEvent(216)) - No event handler registered for event TypedEvent{payloadType=DatanodeDetails, name='Datanode_Command_Queue_Updated'}
2022-12-06 16:25:27,280 [EventQueue-CommandQueueReportForCommandQueueReportHandler] WARN  events.EventQueue (EventQueue.java:fireEvent(216)) - No event handler registered for event TypedEvent{payloadType=DatanodeDetails, name='Datanode_Command_Queue_Updated'}
2022-12-06 16:25:27,319 [EventQueue-CommandQueueReportForCommandQueueReportHandler] WARN  events.EventQueue (EventQueue.java:fireEvent(216)) - No event handler registered for event TypedEvent{payloadType=DatanodeDetails, name='Datanode_Command_Queue_Updated'}
2022-12-06 16:25:27,359 [EventQueue-CommandQueueReportForCommandQueueReportHandler] WARN  events.EventQueue (EventQueue.java:fireEvent(216)) - No event handler registered for event TypedEvent{payloadType=DatanodeDetails, name='Datanode_Command_Queue_Updated'}
2022-12-06 16:25:27,408 [EventQueue-CommandQueueReportForCommandQueueReportHandler] WARN  events.EventQueue (EventQueue.java:fireEvent(216)) - No event handler registered for event TypedEvent{payloadType=DatanodeDetails, name='Datanode_Command_Queue_Updated'}
2022-12-06 16:25:27,654 [EventQueue-CommandQueueReportForCommandQueueReportHandler] WARN  events.EventQueue (EventQueue.java:fireEvent(216)) - No event handler registered for event TypedEvent{payloadType=DatanodeDetails, name='Datanode_Command_Queue_Updated'}
2022-12-06 16:25:27,698 [EventQueue-CommandQueueReportForCommandQueueReportHandler] WARN  events.EventQueue (EventQueue.java:fireEvent(216)) - No event handler registered for event TypedEvent{payloadType=DatanodeDetails, name='Datanode_Command_Queue_Updated'}
2022-12-06 16:25:27,802 [EventQueue-CommandQueueReportForCommandQueueReportHandler] WARN  events.EventQueue (EventQueue.java:fireEvent(216)) - No event handler registered for event TypedEvent{payloadType=DatanodeDetails, name='Datanode_Command_Queue_Updated'}
2022-12-06 16:25:27,821 [EventQueue-CommandQueueReportForCommandQueueReportHandler] WARN  events.EventQueue (EventQueue.java:fireEvent(216)) - No event handler registered for event TypedEvent{payloadType=DatanodeDetails, name='Datanode_Command_Queue_Updated'}
2022-12-06 16:25:27,893 [EventQueue-CommandQueueReportForCommandQueueReportHandler] WARN  events.EventQueue (EventQueue.java:fireEvent(216)) - No event handler registered for event TypedEvent{payloadType=DatanodeDetails, name='Datanode_Command_Queue_Updated'}
2022-12-06 16:25:28,280 [EventQueue-CommandQueueReportForCommandQueueReportHandler] WARN  events.EventQueue (EventQueue.java:fireEvent(216)) - No event handler registered for event TypedEvent{payloadType=DatanodeDetails, name='Datanode_Command_Queue_Updated'}
2022-12-06 16:25:28,318 [EventQueue-CommandQueueReportForCommandQueueReportHandler] WARN  events.EventQueue (EventQueue.java:fireEvent(216)) - No event handler registered for event TypedEvent{payloadType=DatanodeDetails, name='Datanode_Command_Queue_Updated'}
2022-12-06 16:25:28,359 [EventQueue-CommandQueueReportForCommandQueueReportHandler] WARN  events.EventQueue (EventQueue.java:fireEvent(216)) - No event handler registered for event TypedEvent{payloadType=DatanodeDetails, name='Datanode_Command_Queue_Updated'}
2022-12-06 16:25:28,408 [EventQueue-CommandQueueReportForCommandQueueReportHandler] WARN  events.EventQueue (EventQueue.java:fireEvent(216)) - No event handler registered for event TypedEvent{payloadType=DatanodeDetails, name='Datanode_Command_Queue_Updated'}
2022-12-06 16:25:28,653 [EventQueue-CommandQueueReportForCommandQueueReportHandler] WARN  events.EventQueue (EventQueue.java:fireEvent(216)) - No event handler registered for event TypedEvent{payloadType=DatanodeDetails, name='Datanode_Command_Queue_Updated'}
2022-12-06 16:25:28,699 [EventQueue-CommandQueueReportForCommandQueueReportHandler] WARN  events.EventQueue (EventQueue.java:fireEvent(216)) - No event handler registered for event TypedEvent{payloadType=DatanodeDetails, name='Datanode_Command_Queue_Updated'}
2022-12-06 16:25:28,802 [EventQueue-CommandQueueReportForCommandQueueReportHandler] WARN  events.EventQueue (EventQueue.java:fireEvent(216)) - No event handler registered for event TypedEvent{payloadType=DatanodeDetails, name='Datanode_Command_Queue_Updated'}
2022-12-06 16:25:28,820 [EventQueue-CommandQueueReportForCommandQueueReportHandler] WARN  events.EventQueue (EventQueue.java:fireEvent(216)) - No event handler registered for event TypedEvent{payloadType=DatanodeDetails, name='Datanode_Command_Queue_Updated'}
2022-12-06 16:25:28,894 [EventQueue-CommandQueueReportForCommandQueueReportHandler] WARN  events.EventQueue (EventQueue.java:fireEvent(216)) - No event handler registered for event TypedEvent{payloadType=DatanodeDetails, name='Datanode_Command_Queue_Updated'}
2022-12-06 16:25:29,280 [EventQueue-CommandQueueReportForCommandQueueReportHandler] WARN  events.EventQueue (EventQueue.java:fireEvent(216)) - No event handler registered for event TypedEvent{payloadType=DatanodeDetails, name='Datanode_Command_Queue_Updated'}
2022-12-06 16:25:29,319 [EventQueue-CommandQueueReportForCommandQueueReportHandler] WARN  events.EventQueue (EventQueue.java:fireEvent(216)) - No event handler registered for event TypedEvent{payloadType=DatanodeDetails, name='Datanode_Command_Queue_Updated'}
2022-12-06 16:25:29,358 [EventQueue-CommandQueueReportForCommandQueueReportHandler] WARN  events.EventQueue (EventQueue.java:fireEvent(216)) - No event handler registered for event TypedEvent{payloadType=DatanodeDetails, name='Datanode_Command_Queue_Updated'}
2022-12-06 16:25:29,408 [EventQueue-CommandQueueReportForCommandQueueReportHandler] WARN  events.EventQueue (EventQueue.java:fireEvent(216)) - No event handler registered for event TypedEvent{payloadType=DatanodeDetails, name='Datanode_Command_Queue_Updated'}
2022-12-06 16:25:29,653 [EventQueue-CommandQueueReportForCommandQueueReportHandler] WARN  events.EventQueue (EventQueue.java:fireEvent(216)) - No event handler registered for event TypedEvent{payloadType=DatanodeDetails, name='Datanode_Command_Queue_Updated'}
2022-12-06 16:25:29,699 [EventQueue-CommandQueueReportForCommandQueueReportHandler] WARN  events.EventQueue (EventQueue.java:fireEvent(216)) - No event handler registered for event TypedEvent{payloadType=DatanodeDetails, name='Datanode_Command_Queue_Updated'}
2022-12-06 16:25:29,803 [EventQueue-CommandQueueReportForCommandQueueReportHandler] WARN  events.EventQueue (EventQueue.java:fireEvent(216)) - No event handler registered for event TypedEvent{payloadType=DatanodeDetails, name='Datanode_Command_Queue_Updated'}
2022-12-06 16:25:29,820 [EventQueue-CommandQueueReportForCommandQueueReportHandler] WARN  events.EventQueue (EventQueue.java:fireEvent(216)) - No event handler registered for event TypedEvent{payloadType=DatanodeDetails, name='Datanode_Command_Queue_Updated'}
2022-12-06 16:25:29,894 [EventQueue-CommandQueueReportForCommandQueueReportHandler] WARN  events.EventQueue (EventQueue.java:fireEvent(216)) - No event handler registered for event TypedEvent{payloadType=DatanodeDetails, name='Datanode_Command_Queue_Updated'}
2022-12-06 16:25:30,280 [EventQueue-CommandQueueReportForCommandQueueReportHandler] WARN  events.EventQueue (EventQueue.java:fireEvent(216)) - No event handler registered for event TypedEvent{payloadType=DatanodeDetails, name='Datanode_Command_Queue_Updated'}
2022-12-06 16:25:30,318 [EventQueue-CommandQueueReportForCommandQueueReportHandler] WARN  events.EventQueue (EventQueue.java:fireEvent(216)) - No event handler registered for event TypedEvent{payloadType=DatanodeDetails, name='Datanode_Command_Queue_Updated'}
2022-12-06 16:25:30,359 [EventQueue-CommandQueueReportForCommandQueueReportHandler] WARN  events.EventQueue (EventQueue.java:fireEvent(216)) - No event handler registered for event TypedEvent{payloadType=DatanodeDetails, name='Datanode_Command_Queue_Updated'}
2022-12-06 16:25:30,408 [EventQueue-CommandQueueReportForCommandQueueReportHandler] WARN  events.EventQueue (EventQueue.java:fireEvent(216)) - No event handler registered for event TypedEvent{payloadType=DatanodeDetails, name='Datanode_Command_Queue_Updated'}
2022-12-06 16:25:30,656 [EventQueue-CommandQueueReportForCommandQueueReportHandler] WARN  events.EventQueue (EventQueue.java:fireEvent(216)) - No event handler registered for event TypedEvent{payloadType=DatanodeDetails, name='Datanode_Command_Queue_Updated'}
2022-12-06 16:25:30,699 [EventQueue-CommandQueueReportForCommandQueueReportHandler] WARN  events.EventQueue (EventQueue.java:fireEvent(216)) - No event handler registered for event TypedEvent{payloadType=DatanodeDetails, name='Datanode_Command_Queue_Updated'}
2022-12-06 16:25:30,802 [EventQueue-CommandQueueReportForCommandQueueReportHandler] WARN  events.EventQueue (EventQueue.java:fireEvent(216)) - No event handler registered for event TypedEvent{payloadType=DatanodeDetails, name='Datanode_Command_Queue_Updated'}
2022-12-06 16:25:30,820 [EventQueue-CommandQueueReportForCommandQueueReportHandler] WARN  events.EventQueue (EventQueue.java:fireEvent(216)) - No event handler registered for event TypedEvent{payloadType=DatanodeDetails, name='Datanode_Command_Queue_Updated'}
2022-12-06 16:25:30,894 [EventQueue-CommandQueueReportForCommandQueueReportHandler] WARN  events.EventQueue (EventQueue.java:fireEvent(216)) - No event handler registered for event TypedEvent{payloadType=DatanodeDetails, name='Datanode_Command_Queue_Updated'}
2022-12-06 16:25:31,279 [EventQueue-CommandQueueReportForCommandQueueReportHandler] WARN  events.EventQueue (EventQueue.java:fireEvent(216)) - No event handler registered for event TypedEvent{payloadType=DatanodeDetails, name='Datanode_Command_Queue_Updated'}
2022-12-06 16:25:31,318 [EventQueue-CommandQueueReportForCommandQueueReportHandler] WARN  events.EventQueue (EventQueue.java:fireEvent(216)) - No event handler registered for event TypedEvent{payloadType=DatanodeDetails, name='Datanode_Command_Queue_Updated'}
2022-12-06 16:25:31,358 [EventQueue-CommandQueueReportForCommandQueueReportHandler] WARN  events.EventQueue (EventQueue.java:fireEvent(216)) - No event handler registered for event TypedEvent{payloadType=DatanodeDetails, name='Datanode_Command_Queue_Updated'}
2022-12-06 16:25:31,409 [EventQueue-CommandQueueReportForCommandQueueReportHandler] WARN  events.EventQueue (EventQueue.java:fireEvent(216)) - No event handler registered for event TypedEvent{payloadType=DatanodeDetails, name='Datanode_Command_Queue_Updated'}
2022-12-06 16:25:31,653 [EventQueue-CommandQueueReportForCommandQueueReportHandler] WARN  events.EventQueue (EventQueue.java:fireEvent(216)) - No event handler registered for event TypedEvent{payloadType=DatanodeDetails, name='Datanode_Command_Queue_Updated'}
2022-12-06 16:25:31,700 [EventQueue-CommandQueueReportForCommandQueueReportHandler] WARN  events.EventQueue (EventQueue.java:fireEvent(216)) - No event handler registered for event TypedEvent{payloadType=DatanodeDetails, name='Datanode_Command_Queue_Updated'}
2022-12-06 16:25:31,802 [EventQueue-CommandQueueReportForCommandQueueReportHandler] WARN  events.EventQueue (EventQueue.java:fireEvent(216)) - No event handler registered for event TypedEvent{payloadType=DatanodeDetails, name='Datanode_Command_Queue_Updated'}
2022-12-06 16:25:31,820 [EventQueue-CommandQueueReportForCommandQueueReportHandler] WARN  events.EventQueue (EventQueue.java:fireEvent(216)) - No event handler registered for event TypedEvent{payloadType=DatanodeDetails, name='Datanode_Command_Queue_Updated'}
2022-12-06 16:25:31,895 [EventQueue-CommandQueueReportForCommandQueueReportHandler] WARN  events.EventQueue (EventQueue.java:fireEvent(216)) - No event handler registered for event TypedEvent{payloadType=DatanodeDetails, name='Datanode_Command_Queue_Updated'}
2022-12-06 16:25:32,280 [EventQueue-CommandQueueReportForCommandQueueReportHandler] WARN  events.EventQueue (EventQueue.java:fireEvent(216)) - No event handler registered for event TypedEvent{payloadType=DatanodeDetails, name='Datanode_Command_Queue_Updated'}
2022-12-06 16:25:32,318 [EventQueue-CommandQueueReportForCommandQueueReportHandler] WARN  events.EventQueue (EventQueue.java:fireEvent(216)) - No event handler registered for event TypedEvent{payloadType=DatanodeDetails, name='Datanode_Command_Queue_Updated'}
2022-12-06 16:25:32,358 [EventQueue-CommandQueueReportForCommandQueueReportHandler] WARN  events.EventQueue (EventQueue.java:fireEvent(216)) - No event handler registered for event TypedEvent{payloadType=DatanodeDetails, name='Datanode_Command_Queue_Updated'}
2022-12-06 16:25:32,408 [EventQueue-CommandQueueReportForCommandQueueReportHandler] WARN  events.EventQueue (EventQueue.java:fireEvent(216)) - No event handler registered for event TypedEvent{payloadType=DatanodeDetails, name='Datanode_Command_Queue_Updated'}
2022-12-06 16:25:32,655 [EventQueue-CommandQueueReportForCommandQueueReportHandler] WARN  events.EventQueue (EventQueue.java:fireEvent(216)) - No event handler registered for event TypedEvent{payloadType=DatanodeDetails, name='Datanode_Command_Queue_Updated'}
2022-12-06 16:25:32,699 [EventQueue-CommandQueueReportForCommandQueueReportHandler] WARN  events.EventQueue (EventQueue.java:fireEvent(216)) - No event handler registered for event TypedEvent{payloadType=DatanodeDetails, name='Datanode_Command_Queue_Updated'}
2022-12-06 16:25:32,802 [EventQueue-CommandQueueReportForCommandQueueReportHandler] WARN  events.EventQueue (EventQueue.java:fireEvent(216)) - No event handler registered for event TypedEvent{payloadType=DatanodeDetails, name='Datanode_Command_Queue_Updated'}
2022-12-06 16:25:32,820 [EventQueue-CommandQueueReportForCommandQueueReportHandler] WARN  events.EventQueue (EventQueue.java:fireEvent(216)) - No event handler registered for event TypedEvent{payloadType=DatanodeDetails, name='Datanode_Command_Queue_Updated'}
2022-12-06 16:25:32,895 [EventQueue-CommandQueueReportForCommandQueueReportHandler] WARN  events.EventQueue (EventQueue.java:fireEvent(216)) - No event handler registered for event TypedEvent{payloadType=DatanodeDetails, name='Datanode_Command_Queue_Updated'}
2022-12-06 16:25:33,279 [EventQueue-CommandQueueReportForCommandQueueReportHandler] WARN  events.EventQueue (EventQueue.java:fireEvent(216)) - No event handler registered for event TypedEvent{payloadType=DatanodeDetails, name='Datanode_Command_Queue_Updated'}
2022-12-06 16:25:33,318 [EventQueue-CommandQueueReportForCommandQueueReportHandler] WARN  events.EventQueue (EventQueue.java:fireEvent(216)) - No event handler registered for event TypedEvent{payloadType=DatanodeDetails, name='Datanode_Command_Queue_Updated'}
2022-12-06 16:25:33,358 [EventQueue-CommandQueueReportForCommandQueueReportHandler] WARN  events.EventQueue (EventQueue.java:fireEvent(216)) - No event handler registered for event TypedEvent{payloadType=DatanodeDetails, name='Datanode_Command_Queue_Updated'}
2022-12-06 16:25:33,408 [EventQueue-CommandQueueReportForCommandQueueReportHandler] WARN  events.EventQueue (EventQueue.java:fireEvent(216)) - No event handler registered for event TypedEvent{payloadType=DatanodeDetails, name='Datanode_Command_Queue_Updated'}
2022-12-06 16:25:33,655 [EventQueue-CommandQueueReportForCommandQueueReportHandler] WARN  events.EventQueue (EventQueue.java:fireEvent(216)) - No event handler registered for event TypedEvent{payloadType=DatanodeDetails, name='Datanode_Command_Queue_Updated'}
2022-12-06 16:25:33,700 [EventQueue-CommandQueueReportForCommandQueueReportHandler] WARN  events.EventQueue (EventQueue.java:fireEvent(216)) - No event handler registered for event TypedEvent{payloadType=DatanodeDetails, name='Datanode_Command_Queue_Updated'}
2022-12-06 16:25:33,802 [EventQueue-CommandQueueReportForCommandQueueReportHandler] WARN  events.EventQueue (EventQueue.java:fireEvent(216)) - No event handler registered for event TypedEvent{payloadType=DatanodeDetails, name='Datanode_Command_Queue_Updated'}
2022-12-06 16:25:33,821 [EventQueue-CommandQueueReportForCommandQueueReportHandler] WARN  events.EventQueue (EventQueue.java:fireEvent(216)) - No event handler registered for event TypedEvent{payloadType=DatanodeDetails, name='Datanode_Command_Queue_Updated'}
2022-12-06 16:25:33,898 [EventQueue-CommandQueueReportForCommandQueueReportHandler] WARN  events.EventQueue (EventQueue.java:fireEvent(216)) - No event handler registered for event TypedEvent{payloadType=DatanodeDetails, name='Datanode_Command_Queue_Updated'}
2022-12-06 16:25:34,280 [EventQueue-CommandQueueReportForCommandQueueReportHandler] WARN  events.EventQueue (EventQueue.java:fireEvent(216)) - No event handler registered for event TypedEvent{payloadType=DatanodeDetails, name='Datanode_Command_Queue_Updated'}
2022-12-06 16:25:34,319 [EventQueue-CommandQueueReportForCommandQueueReportHandler] WARN  events.EventQueue (EventQueue.java:fireEvent(216)) - No event handler registered for event TypedEvent{payloadType=DatanodeDetails, name='Datanode_Command_Queue_Updated'}
2022-12-06 16:25:34,358 [EventQueue-CommandQueueReportForCommandQueueReportHandler] WARN  events.EventQueue (EventQueue.java:fireEvent(216)) - No event handler registered for event TypedEvent{payloadType=DatanodeDetails, name='Datanode_Command_Queue_Updated'}
2022-12-06 16:25:34,408 [EventQueue-CommandQueueReportForCommandQueueReportHandler] WARN  events.EventQueue (EventQueue.java:fireEvent(216)) - No event handler registered for event TypedEvent{payloadType=DatanodeDetails, name='Datanode_Command_Queue_Updated'}
2022-12-06 16:25:34,656 [EventQueue-CommandQueueReportForCommandQueueReportHandler] WARN  events.EventQueue (EventQueue.java:fireEvent(216)) - No event handler registered for event TypedEvent{payloadType=DatanodeDetails, name='Datanode_Command_Queue_Updated'}
2022-12-06 16:25:34,699 [EventQueue-CommandQueueReportForCommandQueueReportHandler] WARN  events.EventQueue (EventQueue.java:fireEvent(216)) - No event handler registered for event TypedEvent{payloadType=DatanodeDetails, name='Datanode_Command_Queue_Updated'}
2022-12-06 16:25:34,804 [EventQueue-CommandQueueReportForCommandQueueReportHandler] WARN  events.EventQueue (EventQueue.java:fireEvent(216)) - No event handler registered for event TypedEvent{payloadType=DatanodeDetails, name='Datanode_Command_Queue_Updated'}
2022-12-06 16:25:34,821 [EventQueue-CommandQueueReportForCommandQueueReportHandler] WARN  events.EventQueue (EventQueue.java:fireEvent(216)) - No event handler registered for event TypedEvent{payloadType=DatanodeDetails, name='Datanode_Command_Queue_Updated'}
2022-12-06 16:25:34,894 [EventQueue-CommandQueueReportForCommandQueueReportHandler] WARN  events.EventQueue (EventQueue.java:fireEvent(216)) - No event handler registered for event TypedEvent{payloadType=DatanodeDetails, name='Datanode_Command_Queue_Updated'}
2022-12-06 16:25:35,279 [EventQueue-CommandQueueReportForCommandQueueReportHandler] WARN  events.EventQueue (EventQueue.java:fireEvent(216)) - No event handler registered for event TypedEvent{payloadType=DatanodeDetails, name='Datanode_Command_Queue_Updated'}
2022-12-06 16:25:35,319 [EventQueue-CommandQueueReportForCommandQueueReportHandler] WARN  events.EventQueue (EventQueue.java:fireEvent(216)) - No event handler registered for event TypedEvent{payloadType=DatanodeDetails, name='Datanode_Command_Queue_Updated'}
2022-12-06 16:25:35,358 [EventQueue-CommandQueueReportForCommandQueueReportHandler] WARN  events.EventQueue (EventQueue.java:fireEvent(216)) - No event handler registered for event TypedEvent{payloadType=DatanodeDetails, name='Datanode_Command_Queue_Updated'}
2022-12-06 16:25:35,408 [EventQueue-CommandQueueReportForCommandQueueReportHandler] WARN  events.EventQueue (EventQueue.java:fireEvent(216)) - No event handler registered for event TypedEvent{payloadType=DatanodeDetails, name='Datanode_Command_Queue_Updated'}
2022-12-06 16:25:35,654 [EventQueue-CommandQueueReportForCommandQueueReportHandler] WARN  events.EventQueue (EventQueue.java:fireEvent(216)) - No event handler registered for event TypedEvent{payloadType=DatanodeDetails, name='Datanode_Command_Queue_Updated'}
2022-12-06 16:25:35,700 [EventQueue-CommandQueueReportForCommandQueueReportHandler] WARN  events.EventQueue (EventQueue.java:fireEvent(216)) - No event handler registered for event TypedEvent{payloadType=DatanodeDetails, name='Datanode_Command_Queue_Updated'}
2022-12-06 16:25:35,802 [EventQueue-CommandQueueReportForCommandQueueReportHandler] WARN  events.EventQueue (EventQueue.java:fireEvent(216)) - No event handler registered for event TypedEvent{payloadType=DatanodeDetails, name='Datanode_Command_Queue_Updated'}
2022-12-06 16:25:35,821 [EventQueue-CommandQueueReportForCommandQueueReportHandler] WARN  events.EventQueue (EventQueue.java:fireEvent(216)) - No event handler registered for event TypedEvent{payloadType=DatanodeDetails, name='Datanode_Command_Queue_Updated'}
2022-12-06 16:25:35,895 [EventQueue-CommandQueueReportForCommandQueueReportHandler] WARN  events.EventQueue (EventQueue.java:fireEvent(216)) - No event handler registered for event TypedEvent{payloadType=DatanodeDetails, name='Datanode_Command_Queue_Updated'}
2022-12-06 16:25:36,279 [EventQueue-CommandQueueReportForCommandQueueReportHandler] WARN  events.EventQueue (EventQueue.java:fireEvent(216)) - No event handler registered for event TypedEvent{payloadType=DatanodeDetails, name='Datanode_Command_Queue_Updated'}
2022-12-06 16:25:36,321 [EventQueue-CommandQueueReportForCommandQueueReportHandler] WARN  events.EventQueue (EventQueue.java:fireEvent(216)) - No event handler registered for event TypedEvent{payloadType=DatanodeDetails, name='Datanode_Command_Queue_Updated'}
2022-12-06 16:25:36,358 [EventQueue-CommandQueueReportForCommandQueueReportHandler] WARN  events.EventQueue (EventQueue.java:fireEvent(216)) - No event handler registered for event TypedEvent{payloadType=DatanodeDetails, name='Datanode_Command_Queue_Updated'}
2022-12-06 16:25:36,408 [EventQueue-CommandQueueReportForCommandQueueReportHandler] WARN  events.EventQueue (EventQueue.java:fireEvent(216)) - No event handler registered for event TypedEvent{payloadType=DatanodeDetails, name='Datanode_Command_Queue_Updated'}
2022-12-06 16:25:36,655 [EventQueue-CommandQueueReportForCommandQueueReportHandler] WARN  events.EventQueue (EventQueue.java:fireEvent(216)) - No event handler registered for event TypedEvent{payloadType=DatanodeDetails, name='Datanode_Command_Queue_Updated'}
2022-12-06 16:25:36,700 [EventQueue-CommandQueueReportForCommandQueueReportHandler] WARN  events.EventQueue (EventQueue.java:fireEvent(216)) - No event handler registered for event TypedEvent{payloadType=DatanodeDetails, name='Datanode_Command_Queue_Updated'}
2022-12-06 16:25:36,802 [EventQueue-CommandQueueReportForCommandQueueReportHandler] WARN  events.EventQueue (EventQueue.java:fireEvent(216)) - No event handler registered for event TypedEvent{payloadType=DatanodeDetails, name='Datanode_Command_Queue_Updated'}
2022-12-06 16:25:36,820 [EventQueue-CommandQueueReportForCommandQueueReportHandler] WARN  events.EventQueue (EventQueue.java:fireEvent(216)) - No event handler registered for event TypedEvent{payloadType=DatanodeDetails, name='Datanode_Command_Queue_Updated'}
2022-12-06 16:25:36,895 [EventQueue-CommandQueueReportForCommandQueueReportHandler] WARN  events.EventQueue (EventQueue.java:fireEvent(216)) - No event handler registered for event TypedEvent{payloadType=DatanodeDetails, name='Datanode_Command_Queue_Updated'}
2022-12-06 16:25:37,279 [EventQueue-CommandQueueReportForCommandQueueReportHandler] WARN  events.EventQueue (EventQueue.java:fireEvent(216)) - No event handler registered for event TypedEvent{payloadType=DatanodeDetails, name='Datanode_Command_Queue_Updated'}
2022-12-06 16:25:37,321 [EventQueue-CommandQueueReportForCommandQueueReportHandler] WARN  events.EventQueue (EventQueue.java:fireEvent(216)) - No event handler registered for event TypedEvent{payloadType=DatanodeDetails, name='Datanode_Command_Queue_Updated'}
2022-12-06 16:25:37,358 [EventQueue-CommandQueueReportForCommandQueueReportHandler] WARN  events.EventQueue (EventQueue.java:fireEvent(216)) - No event handler registered for event TypedEvent{payloadType=DatanodeDetails, name='Datanode_Command_Queue_Updated'}
2022-12-06 16:25:37,408 [EventQueue-CommandQueueReportForCommandQueueReportHandler] WARN  events.EventQueue (EventQueue.java:fireEvent(216)) - No event handler registered for event TypedEvent{payloadType=DatanodeDetails, name='Datanode_Command_Queue_Updated'}
2022-12-06 16:25:37,656 [EventQueue-CommandQueueReportForCommandQueueReportHandler] WARN  events.EventQueue (EventQueue.java:fireEvent(216)) - No event handler registered for event TypedEvent{payloadType=DatanodeDetails, name='Datanode_Command_Queue_Updated'}
2022-12-06 16:25:37,699 [EventQueue-CommandQueueReportForCommandQueueReportHandler] WARN  events.EventQueue (EventQueue.java:fireEvent(216)) - No event handler registered for event TypedEvent{payloadType=DatanodeDetails, name='Datanode_Command_Queue_Updated'}
2022-12-06 16:25:37,803 [EventQueue-CommandQueueReportForCommandQueueReportHandler] WARN  events.EventQueue (EventQueue.java:fireEvent(216)) - No event handler registered for event TypedEvent{payloadType=DatanodeDetails, name='Datanode_Command_Queue_Updated'}
2022-12-06 16:25:37,821 [EventQueue-CommandQueueReportForCommandQueueReportHandler] WARN  events.EventQueue (EventQueue.java:fireEvent(216)) - No event handler registered for event TypedEvent{payloadType=DatanodeDetails, name='Datanode_Command_Queue_Updated'}
2022-12-06 16:25:37,895 [EventQueue-CommandQueueReportForCommandQueueReportHandler] WARN  events.EventQueue (EventQueue.java:fireEvent(216)) - No event handler registered for event TypedEvent{payloadType=DatanodeDetails, name='Datanode_Command_Queue_Updated'}
2022-12-06 16:25:38,279 [EventQueue-CommandQueueReportForCommandQueueReportHandler] WARN  events.EventQueue (EventQueue.java:fireEvent(216)) - No event handler registered for event TypedEvent{payloadType=DatanodeDetails, name='Datanode_Command_Queue_Updated'}
2022-12-06 16:25:38,321 [EventQueue-CommandQueueReportForCommandQueueReportHandler] WARN  events.EventQueue (EventQueue.java:fireEvent(216)) - No event handler registered for event TypedEvent{payloadType=DatanodeDetails, name='Datanode_Command_Queue_Updated'}
2022-12-06 16:25:38,363 [EventQueue-CommandQueueReportForCommandQueueReportHandler] WARN  events.EventQueue (EventQueue.java:fireEvent(216)) - No event handler registered for event TypedEvent{payloadType=DatanodeDetails, name='Datanode_Command_Queue_Updated'}
2022-12-06 16:25:38,414 [EventQueue-CommandQueueReportForCommandQueueReportHandler] WARN  events.EventQueue (EventQueue.java:fireEvent(216)) - No event handler registered for event TypedEvent{payloadType=DatanodeDetails, name='Datanode_Command_Queue_Updated'}
2022-12-06 16:25:38,657 [EventQueue-CommandQueueReportForCommandQueueReportHandler] WARN  events.EventQueue (EventQueue.java:fireEvent(216)) - No event handler registered for event TypedEvent{payloadType=DatanodeDetails, name='Datanode_Command_Queue_Updated'}
2022-12-06 16:25:38,699 [EventQueue-CommandQueueReportForCommandQueueReportHandler] WARN  events.EventQueue (EventQueue.java:fireEvent(216)) - No event handler registered for event TypedEvent{payloadType=DatanodeDetails, name='Datanode_Command_Queue_Updated'}
2022-12-06 16:25:38,804 [EventQueue-CommandQueueReportForCommandQueueReportHandler] WARN  events.EventQueue (EventQueue.java:fireEvent(216)) - No event handler registered for event TypedEvent{payloadType=DatanodeDetails, name='Datanode_Command_Queue_Updated'}
2022-12-06 16:25:38,820 [EventQueue-CommandQueueReportForCommandQueueReportHandler] WARN  events.EventQueue (EventQueue.java:fireEvent(216)) - No event handler registered for event TypedEvent{payloadType=DatanodeDetails, name='Datanode_Command_Queue_Updated'}
2022-12-06 16:25:38,895 [EventQueue-CommandQueueReportForCommandQueueReportHandler] WARN  events.EventQueue (EventQueue.java:fireEvent(216)) - No event handler registered for event TypedEvent{payloadType=DatanodeDetails, name='Datanode_Command_Queue_Updated'}
2022-12-06 16:25:39,280 [EventQueue-CommandQueueReportForCommandQueueReportHandler] WARN  events.EventQueue (EventQueue.java:fireEvent(216)) - No event handler registered for event TypedEvent{payloadType=DatanodeDetails, name='Datanode_Command_Queue_Updated'}
2022-12-06 16:25:39,321 [EventQueue-CommandQueueReportForCommandQueueReportHandler] WARN  events.EventQueue (EventQueue.java:fireEvent(216)) - No event handler registered for event TypedEvent{payloadType=DatanodeDetails, name='Datanode_Command_Queue_Updated'}
2022-12-06 16:25:39,364 [EventQueue-CommandQueueReportForCommandQueueReportHandler] WARN  events.EventQueue (EventQueue.java:fireEvent(216)) - No event handler registered for event TypedEvent{payloadType=DatanodeDetails, name='Datanode_Command_Queue_Updated'}
2022-12-06 16:25:39,414 [EventQueue-CommandQueueReportForCommandQueueReportHandler] WARN  events.EventQueue (EventQueue.java:fireEvent(216)) - No event handler registered for event TypedEvent{payloadType=DatanodeDetails, name='Datanode_Command_Queue_Updated'}
2022-12-06 16:25:39,656 [EventQueue-CommandQueueReportForCommandQueueReportHandler] WARN  events.EventQueue (EventQueue.java:fireEvent(216)) - No event handler registered for event TypedEvent{payloadType=DatanodeDetails, name='Datanode_Command_Queue_Updated'}
2022-12-06 16:25:39,699 [EventQueue-CommandQueueReportForCommandQueueReportHandler] WARN  events.EventQueue (EventQueue.java:fireEvent(216)) - No event handler registered for event TypedEvent{payloadType=DatanodeDetails, name='Datanode_Command_Queue_Updated'}
2022-12-06 16:25:39,803 [EventQueue-CommandQueueReportForCommandQueueReportHandler] WARN  events.EventQueue (EventQueue.java:fireEvent(216)) - No event handler registered for event TypedEvent{payloadType=DatanodeDetails, name='Datanode_Command_Queue_Updated'}
2022-12-06 16:25:39,819 [EventQueue-CommandQueueReportForCommandQueueReportHandler] WARN  events.EventQueue (EventQueue.java:fireEvent(216)) - No event handler registered for event TypedEvent{payloadType=DatanodeDetails, name='Datanode_Command_Queue_Updated'}
2022-12-06 16:25:39,895 [EventQueue-CommandQueueReportForCommandQueueReportHandler] WARN  events.EventQueue (EventQueue.java:fireEvent(216)) - No event handler registered for event TypedEvent{payloadType=DatanodeDetails, name='Datanode_Command_Queue_Updated'}
2022-12-06 16:25:40,280 [EventQueue-CommandQueueReportForCommandQueueReportHandler] WARN  events.EventQueue (EventQueue.java:fireEvent(216)) - No event handler registered for event TypedEvent{payloadType=DatanodeDetails, name='Datanode_Command_Queue_Updated'}
2022-12-06 16:25:40,321 [EventQueue-CommandQueueReportForCommandQueueReportHandler] WARN  events.EventQueue (EventQueue.java:fireEvent(216)) - No event handler registered for event TypedEvent{payloadType=DatanodeDetails, name='Datanode_Command_Queue_Updated'}
2022-12-06 16:25:40,364 [EventQueue-CommandQueueReportForCommandQueueReportHandler] WARN  events.EventQueue (EventQueue.java:fireEvent(216)) - No event handler registered for event TypedEvent{payloadType=DatanodeDetails, name='Datanode_Command_Queue_Updated'}
2022-12-06 16:25:40,414 [EventQueue-CommandQueueReportForCommandQueueReportHandler] WARN  events.EventQueue (EventQueue.java:fireEvent(216)) - No event handler registered for event TypedEvent{payloadType=DatanodeDetails, name='Datanode_Command_Queue_Updated'}
2022-12-06 16:25:40,656 [EventQueue-CommandQueueReportForCommandQueueReportHandler] WARN  events.EventQueue (EventQueue.java:fireEvent(216)) - No event handler registered for event TypedEvent{payloadType=DatanodeDetails, name='Datanode_Command_Queue_Updated'}
2022-12-06 16:25:40,699 [EventQueue-CommandQueueReportForCommandQueueReportHandler] WARN  events.EventQueue (EventQueue.java:fireEvent(216)) - No event handler registered for event TypedEvent{payloadType=DatanodeDetails, name='Datanode_Command_Queue_Updated'}
2022-12-06 16:25:40,804 [EventQueue-CommandQueueReportForCommandQueueReportHandler] WARN  events.EventQueue (EventQueue.java:fireEvent(216)) - No event handler registered for event TypedEvent{payloadType=DatanodeDetails, name='Datanode_Command_Queue_Updated'}
2022-12-06 16:25:40,820 [EventQueue-CommandQueueReportForCommandQueueReportHandler] WARN  events.EventQueue (EventQueue.java:fireEvent(216)) - No event handler registered for event TypedEvent{payloadType=DatanodeDetails, name='Datanode_Command_Queue_Updated'}
2022-12-06 16:25:40,897 [EventQueue-CommandQueueReportForCommandQueueReportHandler] WARN  events.EventQueue (EventQueue.java:fireEvent(216)) - No event handler registered for event TypedEvent{payloadType=DatanodeDetails, name='Datanode_Command_Queue_Updated'}
2022-12-06 16:25:41,280 [EventQueue-CommandQueueReportForCommandQueueReportHandler] WARN  events.EventQueue (EventQueue.java:fireEvent(216)) - No event handler registered for event TypedEvent{payloadType=DatanodeDetails, name='Datanode_Command_Queue_Updated'}
2022-12-06 16:25:41,321 [EventQueue-CommandQueueReportForCommandQueueReportHandler] WARN  events.EventQueue (EventQueue.java:fireEvent(216)) - No event handler registered for event TypedEvent{payloadType=DatanodeDetails, name='Datanode_Command_Queue_Updated'}
2022-12-06 16:25:41,367 [EventQueue-CommandQueueReportForCommandQueueReportHandler] WARN  events.EventQueue (EventQueue.java:fireEvent(216)) - No event handler registered for event TypedEvent{payloadType=DatanodeDetails, name='Datanode_Command_Queue_Updated'}
2022-12-06 16:25:41,414 [EventQueue-CommandQueueReportForCommandQueueReportHandler] WARN  events.EventQueue (EventQueue.java:fireEvent(216)) - No event handler registered for event TypedEvent{payloadType=DatanodeDetails, name='Datanode_Command_Queue_Updated'}
2022-12-06 16:25:41,656 [EventQueue-CommandQueueReportForCommandQueueReportHandler] WARN  events.EventQueue (EventQueue.java:fireEvent(216)) - No event handler registered for event TypedEvent{payloadType=DatanodeDetails, name='Datanode_Command_Queue_Updated'}
2022-12-06 16:25:41,699 [EventQueue-CommandQueueReportForCommandQueueReportHandler] WARN  events.EventQueue (EventQueue.java:fireEvent(216)) - No event handler registered for event TypedEvent{payloadType=DatanodeDetails, name='Datanode_Command_Queue_Updated'}
2022-12-06 16:25:41,803 [EventQueue-CommandQueueReportForCommandQueueReportHandler] WARN  events.EventQueue (EventQueue.java:fireEvent(216)) - No event handler registered for event TypedEvent{payloadType=DatanodeDetails, name='Datanode_Command_Queue_Updated'}
2022-12-06 16:25:41,820 [EventQueue-CommandQueueReportForCommandQueueReportHandler] WARN  events.EventQueue (EventQueue.java:fireEvent(216)) - No event handler registered for event TypedEvent{payloadType=DatanodeDetails, name='Datanode_Command_Queue_Updated'}
2022-12-06 16:25:41,899 [EventQueue-CommandQueueReportForCommandQueueReportHandler] WARN  events.EventQueue (EventQueue.java:fireEvent(216)) - No event handler registered for event TypedEvent{payloadType=DatanodeDetails, name='Datanode_Command_Queue_Updated'}
2022-12-06 16:25:42,280 [EventQueue-CommandQueueReportForCommandQueueReportHandler] WARN  events.EventQueue (EventQueue.java:fireEvent(216)) - No event handler registered for event TypedEvent{payloadType=DatanodeDetails, name='Datanode_Command_Queue_Updated'}
2022-12-06 16:25:42,322 [EventQueue-CommandQueueReportForCommandQueueReportHandler] WARN  events.EventQueue (EventQueue.java:fireEvent(216)) - No event handler registered for event TypedEvent{payloadType=DatanodeDetails, name='Datanode_Command_Queue_Updated'}
2022-12-06 16:25:42,367 [EventQueue-CommandQueueReportForCommandQueueReportHandler] WARN  events.EventQueue (EventQueue.java:fireEvent(216)) - No event handler registered for event TypedEvent{payloadType=DatanodeDetails, name='Datanode_Command_Queue_Updated'}
2022-12-06 16:25:42,414 [EventQueue-CommandQueueReportForCommandQueueReportHandler] WARN  events.EventQueue (EventQueue.java:fireEvent(216)) - No event handler registered for event TypedEvent{payloadType=DatanodeDetails, name='Datanode_Command_Queue_Updated'}
2022-12-06 16:25:42,656 [EventQueue-CommandQueueReportForCommandQueueReportHandler] WARN  events.EventQueue (EventQueue.java:fireEvent(216)) - No event handler registered for event TypedEvent{payloadType=DatanodeDetails, name='Datanode_Command_Queue_Updated'}
2022-12-06 16:25:42,699 [EventQueue-CommandQueueReportForCommandQueueReportHandler] WARN  events.EventQueue (EventQueue.java:fireEvent(216)) - No event handler registered for event TypedEvent{payloadType=DatanodeDetails, name='Datanode_Command_Queue_Updated'}
2022-12-06 16:25:42,803 [EventQueue-CommandQueueReportForCommandQueueReportHandler] WARN  events.EventQueue (EventQueue.java:fireEvent(216)) - No event handler registered for event TypedEvent{payloadType=DatanodeDetails, name='Datanode_Command_Queue_Updated'}
2022-12-06 16:25:42,820 [EventQueue-CommandQueueReportForCommandQueueReportHandler] WARN  events.EventQueue (EventQueue.java:fireEvent(216)) - No event handler registered for event TypedEvent{payloadType=DatanodeDetails, name='Datanode_Command_Queue_Updated'}
2022-12-06 16:25:42,897 [EventQueue-CommandQueueReportForCommandQueueReportHandler] WARN  events.EventQueue (EventQueue.java:fireEvent(216)) - No event handler registered for event TypedEvent{payloadType=DatanodeDetails, name='Datanode_Command_Queue_Updated'}
2022-12-06 16:25:43,280 [EventQueue-CommandQueueReportForCommandQueueReportHandler] WARN  events.EventQueue (EventQueue.java:fireEvent(216)) - No event handler registered for event TypedEvent{payloadType=DatanodeDetails, name='Datanode_Command_Queue_Updated'}
2022-12-06 16:25:43,322 [EventQueue-CommandQueueReportForCommandQueueReportHandler] WARN  events.EventQueue (EventQueue.java:fireEvent(216)) - No event handler registered for event TypedEvent{payloadType=DatanodeDetails, name='Datanode_Command_Queue_Updated'}
2022-12-06 16:25:43,369 [EventQueue-CommandQueueReportForCommandQueueReportHandler] WARN  events.EventQueue (EventQueue.java:fireEvent(216)) - No event handler registered for event TypedEvent{payloadType=DatanodeDetails, name='Datanode_Command_Queue_Updated'}
2022-12-06 16:25:43,415 [EventQueue-CommandQueueReportForCommandQueueReportHandler] WARN  events.EventQueue (EventQueue.java:fireEvent(216)) - No event handler registered for event TypedEvent{payloadType=DatanodeDetails, name='Datanode_Command_Queue_Updated'}
2022-12-06 16:25:43,656 [EventQueue-CommandQueueReportForCommandQueueReportHandler] WARN  events.EventQueue (EventQueue.java:fireEvent(216)) - No event handler registered for event TypedEvent{payloadType=DatanodeDetails, name='Datanode_Command_Queue_Updated'}
2022-12-06 16:25:43,700 [EventQueue-CommandQueueReportForCommandQueueReportHandler] WARN  events.EventQueue (EventQueue.java:fireEvent(216)) - No event handler registered for event TypedEvent{payloadType=DatanodeDetails, name='Datanode_Command_Queue_Updated'}
2022-12-06 16:25:43,803 [EventQueue-CommandQueueReportForCommandQueueReportHandler] WARN  events.EventQueue (EventQueue.java:fireEvent(216)) - No event handler registered for event TypedEvent{payloadType=DatanodeDetails, name='Datanode_Command_Queue_Updated'}
2022-12-06 16:25:43,820 [EventQueue-CommandQueueReportForCommandQueueReportHandler] WARN  events.EventQueue (EventQueue.java:fireEvent(216)) - No event handler registered for event TypedEvent{payloadType=DatanodeDetails, name='Datanode_Command_Queue_Updated'}
2022-12-06 16:25:43,897 [EventQueue-CommandQueueReportForCommandQueueReportHandler] WARN  events.EventQueue (EventQueue.java:fireEvent(216)) - No event handler registered for event TypedEvent{payloadType=DatanodeDetails, name='Datanode_Command_Queue_Updated'}
2022-12-06 16:25:44,280 [EventQueue-CommandQueueReportForCommandQueueReportHandler] WARN  events.EventQueue (EventQueue.java:fireEvent(216)) - No event handler registered for event TypedEvent{payloadType=DatanodeDetails, name='Datanode_Command_Queue_Updated'}
2022-12-06 16:25:44,322 [EventQueue-CommandQueueReportForCommandQueueReportHandler] WARN  events.EventQueue (EventQueue.java:fireEvent(216)) - No event handler registered for event TypedEvent{payloadType=DatanodeDetails, name='Datanode_Command_Queue_Updated'}
2022-12-06 16:25:44,367 [EventQueue-CommandQueueReportForCommandQueueReportHandler] WARN  events.EventQueue (EventQueue.java:fireEvent(216)) - No event handler registered for event TypedEvent{payloadType=DatanodeDetails, name='Datanode_Command_Queue_Updated'}
2022-12-06 16:25:44,420 [EventQueue-CommandQueueReportForCommandQueueReportHandler] WARN  events.EventQueue (EventQueue.java:fireEvent(216)) - No event handler registered for event TypedEvent{payloadType=DatanodeDetails, name='Datanode_Command_Queue_Updated'}
2022-12-06 16:25:44,656 [EventQueue-CommandQueueReportForCommandQueueReportHandler] WARN  events.EventQueue (EventQueue.java:fireEvent(216)) - No event handler registered for event TypedEvent{payloadType=DatanodeDetails, name='Datanode_Command_Queue_Updated'}
2022-12-06 16:25:44,700 [EventQueue-CommandQueueReportForCommandQueueReportHandler] WARN  events.EventQueue (EventQueue.java:fireEvent(216)) - No event handler registered for event TypedEvent{payloadType=DatanodeDetails, name='Datanode_Command_Queue_Updated'}
2022-12-06 16:25:44,806 [EventQueue-CommandQueueReportForCommandQueueReportHandler] WARN  events.EventQueue (EventQueue.java:fireEvent(216)) - No event handler registered for event TypedEvent{payloadType=DatanodeDetails, name='Datanode_Command_Queue_Updated'}
2022-12-06 16:25:44,820 [EventQueue-CommandQueueReportForCommandQueueReportHandler] WARN  events.EventQueue (EventQueue.java:fireEvent(216)) - No event handler registered for event TypedEvent{payloadType=DatanodeDetails, name='Datanode_Command_Queue_Updated'}
2022-12-06 16:25:44,896 [EventQueue-CommandQueueReportForCommandQueueReportHandler] WARN  events.EventQueue (EventQueue.java:fireEvent(216)) - No event handler registered for event TypedEvent{payloadType=DatanodeDetails, name='Datanode_Command_Queue_Updated'}
2022-12-06 16:25:45,281 [EventQueue-CommandQueueReportForCommandQueueReportHandler] WARN  events.EventQueue (EventQueue.java:fireEvent(216)) - No event handler registered for event TypedEvent{payloadType=DatanodeDetails, name='Datanode_Command_Queue_Updated'}
2022-12-06 16:25:45,322 [EventQueue-CommandQueueReportForCommandQueueReportHandler] WARN  events.EventQueue (EventQueue.java:fireEvent(216)) - No event handler registered for event TypedEvent{payloadType=DatanodeDetails, name='Datanode_Command_Queue_Updated'}
2022-12-06 16:25:45,367 [EventQueue-CommandQueueReportForCommandQueueReportHandler] WARN  events.EventQueue (EventQueue.java:fireEvent(216)) - No event handler registered for event TypedEvent{payloadType=DatanodeDetails, name='Datanode_Command_Queue_Updated'}
2022-12-06 16:25:45,419 [EventQueue-CommandQueueReportForCommandQueueReportHandler] WARN  events.EventQueue (EventQueue.java:fireEvent(216)) - No event handler registered for event TypedEvent{payloadType=DatanodeDetails, name='Datanode_Command_Queue_Updated'}
2022-12-06 16:25:45,657 [EventQueue-CommandQueueReportForCommandQueueReportHandler] WARN  events.EventQueue (EventQueue.java:fireEvent(216)) - No event handler registered for event TypedEvent{payloadType=DatanodeDetails, name='Datanode_Command_Queue_Updated'}
2022-12-06 16:25:45,700 [EventQueue-CommandQueueReportForCommandQueueReportHandler] WARN  events.EventQueue (EventQueue.java:fireEvent(216)) - No event handler registered for event TypedEvent{payloadType=DatanodeDetails, name='Datanode_Command_Queue_Updated'}
2022-12-06 16:25:45,803 [EventQueue-CommandQueueReportForCommandQueueReportHandler] WARN  events.EventQueue (EventQueue.java:fireEvent(216)) - No event handler registered for event TypedEvent{payloadType=DatanodeDetails, name='Datanode_Command_Queue_Updated'}
2022-12-06 16:25:45,820 [EventQueue-CommandQueueReportForCommandQueueReportHandler] WARN  events.EventQueue (EventQueue.java:fireEvent(216)) - No event handler registered for event TypedEvent{payloadType=DatanodeDetails, name='Datanode_Command_Queue_Updated'}
2022-12-06 16:25:45,897 [EventQueue-CommandQueueReportForCommandQueueReportHandler] WARN  events.EventQueue (EventQueue.java:fireEvent(216)) - No event handler registered for event TypedEvent{payloadType=DatanodeDetails, name='Datanode_Command_Queue_Updated'}
2022-12-06 16:25:46,281 [EventQueue-CommandQueueReportForCommandQueueReportHandler] WARN  events.EventQueue (EventQueue.java:fireEvent(216)) - No event handler registered for event TypedEvent{payloadType=DatanodeDetails, name='Datanode_Command_Queue_Updated'}
2022-12-06 16:25:46,322 [EventQueue-CommandQueueReportForCommandQueueReportHandler] WARN  events.EventQueue (EventQueue.java:fireEvent(216)) - No event handler registered for event TypedEvent{payloadType=DatanodeDetails, name='Datanode_Command_Queue_Updated'}
2022-12-06 16:25:46,366 [EventQueue-CommandQueueReportForCommandQueueReportHandler] WARN  events.EventQueue (EventQueue.java:fireEvent(216)) - No event handler registered for event TypedEvent{payloadType=DatanodeDetails, name='Datanode_Command_Queue_Updated'}
2022-12-06 16:25:46,419 [EventQueue-CommandQueueReportForCommandQueueReportHandler] WARN  events.EventQueue (EventQueue.java:fireEvent(216)) - No event handler registered for event TypedEvent{payloadType=DatanodeDetails, name='Datanode_Command_Queue_Updated'}
2022-12-06 16:25:46,656 [EventQueue-CommandQueueReportForCommandQueueReportHandler] WARN  events.EventQueue (EventQueue.java:fireEvent(216)) - No event handler registered for event TypedEvent{payloadType=DatanodeDetails, name='Datanode_Command_Queue_Updated'}
2022-12-06 16:25:46,700 [EventQueue-CommandQueueReportForCommandQueueReportHandler] WARN  events.EventQueue (EventQueue.java:fireEvent(216)) - No event handler registered for event TypedEvent{payloadType=DatanodeDetails, name='Datanode_Command_Queue_Updated'}
2022-12-06 16:25:46,804 [EventQueue-CommandQueueReportForCommandQueueReportHandler] WARN  events.EventQueue (EventQueue.java:fireEvent(216)) - No event handler registered for event TypedEvent{payloadType=DatanodeDetails, name='Datanode_Command_Queue_Updated'}
2022-12-06 16:25:46,821 [EventQueue-CommandQueueReportForCommandQueueReportHandler] WARN  events.EventQueue (EventQueue.java:fireEvent(216)) - No event handler registered for event TypedEvent{payloadType=DatanodeDetails, name='Datanode_Command_Queue_Updated'}
2022-12-06 16:25:46,897 [EventQueue-CommandQueueReportForCommandQueueReportHandler] WARN  events.EventQueue (EventQueue.java:fireEvent(216)) - No event handler registered for event TypedEvent{payloadType=DatanodeDetails, name='Datanode_Command_Queue_Updated'}
2022-12-06 16:25:47,282 [EventQueue-CommandQueueReportForCommandQueueReportHandler] WARN  events.EventQueue (EventQueue.java:fireEvent(216)) - No event handler registered for event TypedEvent{payloadType=DatanodeDetails, name='Datanode_Command_Queue_Updated'}
2022-12-06 16:25:47,322 [EventQueue-CommandQueueReportForCommandQueueReportHandler] WARN  events.EventQueue (EventQueue.java:fireEvent(216)) - No event handler registered for event TypedEvent{payloadType=DatanodeDetails, name='Datanode_Command_Queue_Updated'}
2022-12-06 16:25:47,367 [EventQueue-CommandQueueReportForCommandQueueReportHandler] WARN  events.EventQueue (EventQueue.java:fireEvent(216)) - No event handler registered for event TypedEvent{payloadType=DatanodeDetails, name='Datanode_Command_Queue_Updated'}
2022-12-06 16:25:47,419 [EventQueue-CommandQueueReportForCommandQueueReportHandler] WARN  events.EventQueue (EventQueue.java:fireEvent(216)) - No event handler registered for event TypedEvent{payloadType=DatanodeDetails, name='Datanode_Command_Queue_Updated'}
2022-12-06 16:25:47,656 [EventQueue-CommandQueueReportForCommandQueueReportHandler] WARN  events.EventQueue (EventQueue.java:fireEvent(216)) - No event handler registered for event TypedEvent{payloadType=DatanodeDetails, name='Datanode_Command_Queue_Updated'}
2022-12-06 16:25:47,702 [EventQueue-CommandQueueReportForCommandQueueReportHandler] WARN  events.EventQueue (EventQueue.java:fireEvent(216)) - No event handler registered for event TypedEvent{payloadType=DatanodeDetails, name='Datanode_Command_Queue_Updated'}
2022-12-06 16:25:47,803 [EventQueue-CommandQueueReportForCommandQueueReportHandler] WARN  events.EventQueue (EventQueue.java:fireEvent(216)) - No event handler registered for event TypedEvent{payloadType=DatanodeDetails, name='Datanode_Command_Queue_Updated'}
2022-12-06 16:25:47,822 [EventQueue-CommandQueueReportForCommandQueueReportHandler] WARN  events.EventQueue (EventQueue.java:fireEvent(216)) - No event handler registered for event TypedEvent{payloadType=DatanodeDetails, name='Datanode_Command_Queue_Updated'}
2022-12-06 16:25:47,897 [EventQueue-CommandQueueReportForCommandQueueReportHandler] WARN  events.EventQueue (EventQueue.java:fireEvent(216)) - No event handler registered for event TypedEvent{payloadType=DatanodeDetails, name='Datanode_Command_Queue_Updated'}
2022-12-06 16:25:48,286 [EventQueue-CommandQueueReportForCommandQueueReportHandler] WARN  events.EventQueue (EventQueue.java:fireEvent(216)) - No event handler registered for event TypedEvent{payloadType=DatanodeDetails, name='Datanode_Command_Queue_Updated'}
2022-12-06 16:25:48,323 [EventQueue-CommandQueueReportForCommandQueueReportHandler] WARN  events.EventQueue (EventQueue.java:fireEvent(216)) - No event handler registered for event TypedEvent{payloadType=DatanodeDetails, name='Datanode_Command_Queue_Updated'}
2022-12-06 16:25:48,367 [EventQueue-CommandQueueReportForCommandQueueReportHandler] WARN  events.EventQueue (EventQueue.java:fireEvent(216)) - No event handler registered for event TypedEvent{payloadType=DatanodeDetails, name='Datanode_Command_Queue_Updated'}
2022-12-06 16:25:48,418 [EventQueue-CommandQueueReportForCommandQueueReportHandler] WARN  events.EventQueue (EventQueue.java:fireEvent(216)) - No event handler registered for event TypedEvent{payloadType=DatanodeDetails, name='Datanode_Command_Queue_Updated'}
2022-12-06 16:25:48,657 [EventQueue-CommandQueueReportForCommandQueueReportHandler] WARN  events.EventQueue (EventQueue.java:fireEvent(216)) - No event handler registered for event TypedEvent{payloadType=DatanodeDetails, name='Datanode_Command_Queue_Updated'}
2022-12-06 16:25:48,700 [EventQueue-CommandQueueReportForCommandQueueReportHandler] WARN  events.EventQueue (EventQueue.java:fireEvent(216)) - No event handler registered for event TypedEvent{payloadType=DatanodeDetails, name='Datanode_Command_Queue_Updated'}
2022-12-06 16:25:48,804 [EventQueue-CommandQueueReportForCommandQueueReportHandler] WARN  events.EventQueue (EventQueue.java:fireEvent(216)) - No event handler registered for event TypedEvent{payloadType=DatanodeDetails, name='Datanode_Command_Queue_Updated'}
2022-12-06 16:25:48,822 [EventQueue-CommandQueueReportForCommandQueueReportHandler] WARN  events.EventQueue (EventQueue.java:fireEvent(216)) - No event handler registered for event TypedEvent{payloadType=DatanodeDetails, name='Datanode_Command_Queue_Updated'}
2022-12-06 16:25:48,897 [EventQueue-CommandQueueReportForCommandQueueReportHandler] WARN  events.EventQueue (EventQueue.java:fireEvent(216)) - No event handler registered for event TypedEvent{payloadType=DatanodeDetails, name='Datanode_Command_Queue_Updated'}
2022-12-06 16:25:49,283 [EventQueue-CommandQueueReportForCommandQueueReportHandler] WARN  events.EventQueue (EventQueue.java:fireEvent(216)) - No event handler registered for event TypedEvent{payloadType=DatanodeDetails, name='Datanode_Command_Queue_Updated'}
2022-12-06 16:25:49,322 [EventQueue-CommandQueueReportForCommandQueueReportHandler] WARN  events.EventQueue (EventQueue.java:fireEvent(216)) - No event handler registered for event TypedEvent{payloadType=DatanodeDetails, name='Datanode_Command_Queue_Updated'}
2022-12-06 16:25:49,367 [EventQueue-CommandQueueReportForCommandQueueReportHandler] WARN  events.EventQueue (EventQueue.java:fireEvent(216)) - No event handler registered for event TypedEvent{payloadType=DatanodeDetails, name='Datanode_Command_Queue_Updated'}
2022-12-06 16:25:49,419 [EventQueue-CommandQueueReportForCommandQueueReportHandler] WARN  events.EventQueue (EventQueue.java:fireEvent(216)) - No event handler registered for event TypedEvent{payloadType=DatanodeDetails, name='Datanode_Command_Queue_Updated'}
2022-12-06 16:25:49,656 [EventQueue-CommandQueueReportForCommandQueueReportHandler] WARN  events.EventQueue (EventQueue.java:fireEvent(216)) - No event handler registered for event TypedEvent{payloadType=DatanodeDetails, name='Datanode_Command_Queue_Updated'}
2022-12-06 16:25:49,700 [EventQueue-CommandQueueReportForCommandQueueReportHandler] WARN  events.EventQueue (EventQueue.java:fireEvent(216)) - No event handler registered for event TypedEvent{payloadType=DatanodeDetails, name='Datanode_Command_Queue_Updated'}
2022-12-06 16:25:49,803 [EventQueue-CommandQueueReportForCommandQueueReportHandler] WARN  events.EventQueue (EventQueue.java:fireEvent(216)) - No event handler registered for event TypedEvent{payloadType=DatanodeDetails, name='Datanode_Command_Queue_Updated'}
2022-12-06 16:25:49,822 [EventQueue-CommandQueueReportForCommandQueueReportHandler] WARN  events.EventQueue (EventQueue.java:fireEvent(216)) - No event handler registered for event TypedEvent{payloadType=DatanodeDetails, name='Datanode_Command_Queue_Updated'}
2022-12-06 16:25:49,898 [EventQueue-CommandQueueReportForCommandQueueReportHandler] WARN  events.EventQueue (EventQueue.java:fireEvent(216)) - No event handler registered for event TypedEvent{payloadType=DatanodeDetails, name='Datanode_Command_Queue_Updated'}
2022-12-06 16:25:50,282 [EventQueue-CommandQueueReportForCommandQueueReportHandler] WARN  events.EventQueue (EventQueue.java:fireEvent(216)) - No event handler registered for event TypedEvent{payloadType=DatanodeDetails, name='Datanode_Command_Queue_Updated'}
2022-12-06 16:25:50,322 [EventQueue-CommandQueueReportForCommandQueueReportHandler] WARN  events.EventQueue (EventQueue.java:fireEvent(216)) - No event handler registered for event TypedEvent{payloadType=DatanodeDetails, name='Datanode_Command_Queue_Updated'}
2022-12-06 16:25:50,367 [EventQueue-CommandQueueReportForCommandQueueReportHandler] WARN  events.EventQueue (EventQueue.java:fireEvent(216)) - No event handler registered for event TypedEvent{payloadType=DatanodeDetails, name='Datanode_Command_Queue_Updated'}
2022-12-06 16:25:50,419 [EventQueue-CommandQueueReportForCommandQueueReportHandler] WARN  events.EventQueue (EventQueue.java:fireEvent(216)) - No event handler registered for event TypedEvent{payloadType=DatanodeDetails, name='Datanode_Command_Queue_Updated'}
2022-12-06 16:25:50,656 [EventQueue-CommandQueueReportForCommandQueueReportHandler] WARN  events.EventQueue (EventQueue.java:fireEvent(216)) - No event handler registered for event TypedEvent{payloadType=DatanodeDetails, name='Datanode_Command_Queue_Updated'}
2022-12-06 16:25:50,703 [EventQueue-CommandQueueReportForCommandQueueReportHandler] WARN  events.EventQueue (EventQueue.java:fireEvent(216)) - No event handler registered for event TypedEvent{payloadType=DatanodeDetails, name='Datanode_Command_Queue_Updated'}
2022-12-06 16:25:50,803 [EventQueue-CommandQueueReportForCommandQueueReportHandler] WARN  events.EventQueue (EventQueue.java:fireEvent(216)) - No event handler registered for event TypedEvent{payloadType=DatanodeDetails, name='Datanode_Command_Queue_Updated'}
2022-12-06 16:25:50,822 [EventQueue-CommandQueueReportForCommandQueueReportHandler] WARN  events.EventQueue (EventQueue.java:fireEvent(216)) - No event handler registered for event TypedEvent{payloadType=DatanodeDetails, name='Datanode_Command_Queue_Updated'}
2022-12-06 16:25:50,897 [EventQueue-CommandQueueReportForCommandQueueReportHandler] WARN  events.EventQueue (EventQueue.java:fireEvent(216)) - No event handler registered for event TypedEvent{payloadType=DatanodeDetails, name='Datanode_Command_Queue_Updated'}
2022-12-06 16:25:51,282 [EventQueue-CommandQueueReportForCommandQueueReportHandler] WARN  events.EventQueue (EventQueue.java:fireEvent(216)) - No event handler registered for event TypedEvent{payloadType=DatanodeDetails, name='Datanode_Command_Queue_Updated'}
2022-12-06 16:25:51,322 [EventQueue-CommandQueueReportForCommandQueueReportHandler] WARN  events.EventQueue (EventQueue.java:fireEvent(216)) - No event handler registered for event TypedEvent{payloadType=DatanodeDetails, name='Datanode_Command_Queue_Updated'}
2022-12-06 16:25:51,367 [EventQueue-CommandQueueReportForCommandQueueReportHandler] WARN  events.EventQueue (EventQueue.java:fireEvent(216)) - No event handler registered for event TypedEvent{payloadType=DatanodeDetails, name='Datanode_Command_Queue_Updated'}
2022-12-06 16:25:51,418 [EventQueue-CommandQueueReportForCommandQueueReportHandler] WARN  events.EventQueue (EventQueue.java:fireEvent(216)) - No event handler registered for event TypedEvent{payloadType=DatanodeDetails, name='Datanode_Command_Queue_Updated'}
2022-12-06 16:25:51,657 [EventQueue-CommandQueueReportForCommandQueueReportHandler] WARN  events.EventQueue (EventQueue.java:fireEvent(216)) - No event handler registered for event TypedEvent{payloadType=DatanodeDetails, name='Datanode_Command_Queue_Updated'}
2022-12-06 16:25:51,703 [EventQueue-CommandQueueReportForCommandQueueReportHandler] WARN  events.EventQueue (EventQueue.java:fireEvent(216)) - No event handler registered for event TypedEvent{payloadType=DatanodeDetails, name='Datanode_Command_Queue_Updated'}
2022-12-06 16:25:51,803 [EventQueue-CommandQueueReportForCommandQueueReportHandler] WARN  events.EventQueue (EventQueue.java:fireEvent(216)) - No event handler registered for event TypedEvent{payloadType=DatanodeDetails, name='Datanode_Command_Queue_Updated'}
2022-12-06 16:25:51,822 [EventQueue-CommandQueueReportForCommandQueueReportHandler] WARN  events.EventQueue (EventQueue.java:fireEvent(216)) - No event handler registered for event TypedEvent{payloadType=DatanodeDetails, name='Datanode_Command_Queue_Updated'}
2022-12-06 16:25:51,897 [EventQueue-CommandQueueReportForCommandQueueReportHandler] WARN  events.EventQueue (EventQueue.java:fireEvent(216)) - No event handler registered for event TypedEvent{payloadType=DatanodeDetails, name='Datanode_Command_Queue_Updated'}
2022-12-06 16:25:52,282 [EventQueue-CommandQueueReportForCommandQueueReportHandler] WARN  events.EventQueue (EventQueue.java:fireEvent(216)) - No event handler registered for event TypedEvent{payloadType=DatanodeDetails, name='Datanode_Command_Queue_Updated'}
2022-12-06 16:25:52,323 [EventQueue-CommandQueueReportForCommandQueueReportHandler] WARN  events.EventQueue (EventQueue.java:fireEvent(216)) - No event handler registered for event TypedEvent{payloadType=DatanodeDetails, name='Datanode_Command_Queue_Updated'}
2022-12-06 16:25:52,367 [EventQueue-CommandQueueReportForCommandQueueReportHandler] WARN  events.EventQueue (EventQueue.java:fireEvent(216)) - No event handler registered for event TypedEvent{payloadType=DatanodeDetails, name='Datanode_Command_Queue_Updated'}
2022-12-06 16:25:52,419 [EventQueue-CommandQueueReportForCommandQueueReportHandler] WARN  events.EventQueue (EventQueue.java:fireEvent(216)) - No event handler registered for event TypedEvent{payloadType=DatanodeDetails, name='Datanode_Command_Queue_Updated'}
2022-12-06 16:25:52,656 [EventQueue-CommandQueueReportForCommandQueueReportHandler] WARN  events.EventQueue (EventQueue.java:fireEvent(216)) - No event handler registered for event TypedEvent{payloadType=DatanodeDetails, name='Datanode_Command_Queue_Updated'}
2022-12-06 16:25:52,703 [EventQueue-CommandQueueReportForCommandQueueReportHandler] WARN  events.EventQueue (EventQueue.java:fireEvent(216)) - No event handler registered for event TypedEvent{payloadType=DatanodeDetails, name='Datanode_Command_Queue_Updated'}
2022-12-06 16:25:52,803 [EventQueue-CommandQueueReportForCommandQueueReportHandler] WARN  events.EventQueue (EventQueue.java:fireEvent(216)) - No event handler registered for event TypedEvent{payloadType=DatanodeDetails, name='Datanode_Command_Queue_Updated'}
2022-12-06 16:25:52,821 [EventQueue-CommandQueueReportForCommandQueueReportHandler] WARN  events.EventQueue (EventQueue.java:fireEvent(216)) - No event handler registered for event TypedEvent{payloadType=DatanodeDetails, name='Datanode_Command_Queue_Updated'}
2022-12-06 16:25:52,897 [EventQueue-CommandQueueReportForCommandQueueReportHandler] WARN  events.EventQueue (EventQueue.java:fireEvent(216)) - No event handler registered for event TypedEvent{payloadType=DatanodeDetails, name='Datanode_Command_Queue_Updated'}
2022-12-06 16:25:53,283 [EventQueue-CommandQueueReportForCommandQueueReportHandler] WARN  events.EventQueue (EventQueue.java:fireEvent(216)) - No event handler registered for event TypedEvent{payloadType=DatanodeDetails, name='Datanode_Command_Queue_Updated'}
2022-12-06 16:25:53,327 [EventQueue-CommandQueueReportForCommandQueueReportHandler] WARN  events.EventQueue (EventQueue.java:fireEvent(216)) - No event handler registered for event TypedEvent{payloadType=DatanodeDetails, name='Datanode_Command_Queue_Updated'}
2022-12-06 16:25:53,371 [EventQueue-CommandQueueReportForCommandQueueReportHandler] WARN  events.EventQueue (EventQueue.java:fireEvent(216)) - No event handler registered for event TypedEvent{payloadType=DatanodeDetails, name='Datanode_Command_Queue_Updated'}
2022-12-06 16:25:53,419 [EventQueue-CommandQueueReportForCommandQueueReportHandler] WARN  events.EventQueue (EventQueue.java:fireEvent(216)) - No event handler registered for event TypedEvent{payloadType=DatanodeDetails, name='Datanode_Command_Queue_Updated'}
2022-12-06 16:25:53,655 [EventQueue-CommandQueueReportForCommandQueueReportHandler] WARN  events.EventQueue (EventQueue.java:fireEvent(216)) - No event handler registered for event TypedEvent{payloadType=DatanodeDetails, name='Datanode_Command_Queue_Updated'}
2022-12-06 16:25:53,703 [EventQueue-CommandQueueReportForCommandQueueReportHandler] WARN  events.EventQueue (EventQueue.java:fireEvent(216)) - No event handler registered for event TypedEvent{payloadType=DatanodeDetails, name='Datanode_Command_Queue_Updated'}
2022-12-06 16:25:53,803 [EventQueue-CommandQueueReportForCommandQueueReportHandler] WARN  events.EventQueue (EventQueue.java:fireEvent(216)) - No event handler registered for event TypedEvent{payloadType=DatanodeDetails, name='Datanode_Command_Queue_Updated'}
2022-12-06 16:25:53,821 [EventQueue-CommandQueueReportForCommandQueueReportHandler] WARN  events.EventQueue (EventQueue.java:fireEvent(216)) - No event handler registered for event TypedEvent{payloadType=DatanodeDetails, name='Datanode_Command_Queue_Updated'}
2022-12-06 16:25:53,897 [EventQueue-CommandQueueReportForCommandQueueReportHandler] WARN  events.EventQueue (EventQueue.java:fireEvent(216)) - No event handler registered for event TypedEvent{payloadType=DatanodeDetails, name='Datanode_Command_Queue_Updated'}
2022-12-06 16:25:54,282 [EventQueue-CommandQueueReportForCommandQueueReportHandler] WARN  events.EventQueue (EventQueue.java:fireEvent(216)) - No event handler registered for event TypedEvent{payloadType=DatanodeDetails, name='Datanode_Command_Queue_Updated'}
2022-12-06 16:25:54,327 [EventQueue-CommandQueueReportForCommandQueueReportHandler] WARN  events.EventQueue (EventQueue.java:fireEvent(216)) - No event handler registered for event TypedEvent{payloadType=DatanodeDetails, name='Datanode_Command_Queue_Updated'}
2022-12-06 16:25:54,371 [EventQueue-CommandQueueReportForCommandQueueReportHandler] WARN  events.EventQueue (EventQueue.java:fireEvent(216)) - No event handler registered for event TypedEvent{payloadType=DatanodeDetails, name='Datanode_Command_Queue_Updated'}
2022-12-06 16:25:54,419 [EventQueue-CommandQueueReportForCommandQueueReportHandler] WARN  events.EventQueue (EventQueue.java:fireEvent(216)) - No event handler registered for event TypedEvent{payloadType=DatanodeDetails, name='Datanode_Command_Queue_Updated'}
2022-12-06 16:25:54,656 [EventQueue-CommandQueueReportForCommandQueueReportHandler] WARN  events.EventQueue (EventQueue.java:fireEvent(216)) - No event handler registered for event TypedEvent{payloadType=DatanodeDetails, name='Datanode_Command_Queue_Updated'}
2022-12-06 16:25:54,703 [EventQueue-CommandQueueReportForCommandQueueReportHandler] WARN  events.EventQueue (EventQueue.java:fireEvent(216)) - No event handler registered for event TypedEvent{payloadType=DatanodeDetails, name='Datanode_Command_Queue_Updated'}
2022-12-06 16:25:54,803 [EventQueue-CommandQueueReportForCommandQueueReportHandler] WARN  events.EventQueue (EventQueue.java:fireEvent(216)) - No event handler registered for event TypedEvent{payloadType=DatanodeDetails, name='Datanode_Command_Queue_Updated'}
2022-12-06 16:25:54,821 [EventQueue-CommandQueueReportForCommandQueueReportHandler] WARN  events.EventQueue (EventQueue.java:fireEvent(216)) - No event handler registered for event TypedEvent{payloadType=DatanodeDetails, name='Datanode_Command_Queue_Updated'}
2022-12-06 16:25:54,898 [EventQueue-CommandQueueReportForCommandQueueReportHandler] WARN  events.EventQueue (EventQueue.java:fireEvent(216)) - No event handler registered for event TypedEvent{payloadType=DatanodeDetails, name='Datanode_Command_Queue_Updated'}
2022-12-06 16:25:55,283 [EventQueue-CommandQueueReportForCommandQueueReportHandler] WARN  events.EventQueue (EventQueue.java:fireEvent(216)) - No event handler registered for event TypedEvent{payloadType=DatanodeDetails, name='Datanode_Command_Queue_Updated'}
2022-12-06 16:25:55,327 [EventQueue-CommandQueueReportForCommandQueueReportHandler] WARN  events.EventQueue (EventQueue.java:fireEvent(216)) - No event handler registered for event TypedEvent{payloadType=DatanodeDetails, name='Datanode_Command_Queue_Updated'}
2022-12-06 16:25:55,370 [EventQueue-CommandQueueReportForCommandQueueReportHandler] WARN  events.EventQueue (EventQueue.java:fireEvent(216)) - No event handler registered for event TypedEvent{payloadType=DatanodeDetails, name='Datanode_Command_Queue_Updated'}
2022-12-06 16:25:55,419 [EventQueue-CommandQueueReportForCommandQueueReportHandler] WARN  events.EventQueue (EventQueue.java:fireEvent(216)) - No event handler registered for event TypedEvent{payloadType=DatanodeDetails, name='Datanode_Command_Queue_Updated'}
2022-12-06 16:25:55,656 [EventQueue-CommandQueueReportForCommandQueueReportHandler] WARN  events.EventQueue (EventQueue.java:fireEvent(216)) - No event handler registered for event TypedEvent{payloadType=DatanodeDetails, name='Datanode_Command_Queue_Updated'}
2022-12-06 16:25:55,702 [EventQueue-CommandQueueReportForCommandQueueReportHandler] WARN  events.EventQueue (EventQueue.java:fireEvent(216)) - No event handler registered for event TypedEvent{payloadType=DatanodeDetails, name='Datanode_Command_Queue_Updated'}
2022-12-06 16:25:55,803 [EventQueue-CommandQueueReportForCommandQueueReportHandler] WARN  events.EventQueue (EventQueue.java:fireEvent(216)) - No event handler registered for event TypedEvent{payloadType=DatanodeDetails, name='Datanode_Command_Queue_Updated'}
2022-12-06 16:25:55,822 [EventQueue-CommandQueueReportForCommandQueueReportHandler] WARN  events.EventQueue (EventQueue.java:fireEvent(216)) - No event handler registered for event TypedEvent{payloadType=DatanodeDetails, name='Datanode_Command_Queue_Updated'}
2022-12-06 16:25:55,898 [EventQueue-CommandQueueReportForCommandQueueReportHandler] WARN  events.EventQueue (EventQueue.java:fireEvent(216)) - No event handler registered for event TypedEvent{payloadType=DatanodeDetails, name='Datanode_Command_Queue_Updated'}
2022-12-06 16:25:56,283 [EventQueue-CommandQueueReportForCommandQueueReportHandler] WARN  events.EventQueue (EventQueue.java:fireEvent(216)) - No event handler registered for event TypedEvent{payloadType=DatanodeDetails, name='Datanode_Command_Queue_Updated'}
2022-12-06 16:25:56,326 [EventQueue-CommandQueueReportForCommandQueueReportHandler] WARN  events.EventQueue (EventQueue.java:fireEvent(216)) - No event handler registered for event TypedEvent{payloadType=DatanodeDetails, name='Datanode_Command_Queue_Updated'}
2022-12-06 16:25:56,371 [EventQueue-CommandQueueReportForCommandQueueReportHandler] WARN  events.EventQueue (EventQueue.java:fireEvent(216)) - No event handler registered for event TypedEvent{payloadType=DatanodeDetails, name='Datanode_Command_Queue_Updated'}
2022-12-06 16:25:56,418 [EventQueue-CommandQueueReportForCommandQueueReportHandler] WARN  events.EventQueue (EventQueue.java:fireEvent(216)) - No event handler registered for event TypedEvent{payloadType=DatanodeDetails, name='Datanode_Command_Queue_Updated'}
2022-12-06 16:25:56,656 [EventQueue-CommandQueueReportForCommandQueueReportHandler] WARN  events.EventQueue (EventQueue.java:fireEvent(216)) - No event handler registered for event TypedEvent{payloadType=DatanodeDetails, name='Datanode_Command_Queue_Updated'}
2022-12-06 16:25:56,703 [EventQueue-CommandQueueReportForCommandQueueReportHandler] WARN  events.EventQueue (EventQueue.java:fireEvent(216)) - No event handler registered for event TypedEvent{payloadType=DatanodeDetails, name='Datanode_Command_Queue_Updated'}
2022-12-06 16:25:56,804 [EventQueue-CommandQueueReportForCommandQueueReportHandler] WARN  events.EventQueue (EventQueue.java:fireEvent(216)) - No event handler registered for event TypedEvent{payloadType=DatanodeDetails, name='Datanode_Command_Queue_Updated'}
2022-12-06 16:25:56,822 [EventQueue-CommandQueueReportForCommandQueueReportHandler] WARN  events.EventQueue (EventQueue.java:fireEvent(216)) - No event handler registered for event TypedEvent{payloadType=DatanodeDetails, name='Datanode_Command_Queue_Updated'}
2022-12-06 16:25:56,898 [EventQueue-CommandQueueReportForCommandQueueReportHandler] WARN  events.EventQueue (EventQueue.java:fireEvent(216)) - No event handler registered for event TypedEvent{payloadType=DatanodeDetails, name='Datanode_Command_Queue_Updated'}
2022-12-06 16:25:57,283 [EventQueue-CommandQueueReportForCommandQueueReportHandler] WARN  events.EventQueue (EventQueue.java:fireEvent(216)) - No event handler registered for event TypedEvent{payloadType=DatanodeDetails, name='Datanode_Command_Queue_Updated'}
2022-12-06 16:25:57,327 [EventQueue-CommandQueueReportForCommandQueueReportHandler] WARN  events.EventQueue (EventQueue.java:fireEvent(216)) - No event handler registered for event TypedEvent{payloadType=DatanodeDetails, name='Datanode_Command_Queue_Updated'}
2022-12-06 16:25:57,371 [EventQueue-CommandQueueReportForCommandQueueReportHandler] WARN  events.EventQueue (EventQueue.java:fireEvent(216)) - No event handler registered for event TypedEvent{payloadType=DatanodeDetails, name='Datanode_Command_Queue_Updated'}
2022-12-06 16:25:57,419 [EventQueue-CommandQueueReportForCommandQueueReportHandler] WARN  events.EventQueue (EventQueue.java:fireEvent(216)) - No event handler registered for event TypedEvent{payloadType=DatanodeDetails, name='Datanode_Command_Queue_Updated'}
2022-12-06 16:25:57,656 [EventQueue-CommandQueueReportForCommandQueueReportHandler] WARN  events.EventQueue (EventQueue.java:fireEvent(216)) - No event handler registered for event TypedEvent{payloadType=DatanodeDetails, name='Datanode_Command_Queue_Updated'}
2022-12-06 16:25:57,704 [EventQueue-CommandQueueReportForCommandQueueReportHandler] WARN  events.EventQueue (EventQueue.java:fireEvent(216)) - No event handler registered for event TypedEvent{payloadType=DatanodeDetails, name='Datanode_Command_Queue_Updated'}
2022-12-06 16:25:57,804 [EventQueue-CommandQueueReportForCommandQueueReportHandler] WARN  events.EventQueue (EventQueue.java:fireEvent(216)) - No event handler registered for event TypedEvent{payloadType=DatanodeDetails, name='Datanode_Command_Queue_Updated'}
2022-12-06 16:25:57,822 [EventQueue-CommandQueueReportForCommandQueueReportHandler] WARN  events.EventQueue (EventQueue.java:fireEvent(216)) - No event handler registered for event TypedEvent{payloadType=DatanodeDetails, name='Datanode_Command_Queue_Updated'}
2022-12-06 16:25:57,898 [EventQueue-CommandQueueReportForCommandQueueReportHandler] WARN  events.EventQueue (EventQueue.java:fireEvent(216)) - No event handler registered for event TypedEvent{payloadType=DatanodeDetails, name='Datanode_Command_Queue_Updated'}
2022-12-06 16:25:58,284 [EventQueue-CommandQueueReportForCommandQueueReportHandler] WARN  events.EventQueue (EventQueue.java:fireEvent(216)) - No event handler registered for event TypedEvent{payloadType=DatanodeDetails, name='Datanode_Command_Queue_Updated'}
2022-12-06 16:25:58,327 [EventQueue-CommandQueueReportForCommandQueueReportHandler] WARN  events.EventQueue (EventQueue.java:fireEvent(216)) - No event handler registered for event TypedEvent{payloadType=DatanodeDetails, name='Datanode_Command_Queue_Updated'}
2022-12-06 16:25:58,371 [EventQueue-CommandQueueReportForCommandQueueReportHandler] WARN  events.EventQueue (EventQueue.java:fireEvent(216)) - No event handler registered for event TypedEvent{payloadType=DatanodeDetails, name='Datanode_Command_Queue_Updated'}
2022-12-06 16:25:58,419 [EventQueue-CommandQueueReportForCommandQueueReportHandler] WARN  events.EventQueue (EventQueue.java:fireEvent(216)) - No event handler registered for event TypedEvent{payloadType=DatanodeDetails, name='Datanode_Command_Queue_Updated'}
2022-12-06 16:25:58,656 [EventQueue-CommandQueueReportForCommandQueueReportHandler] WARN  events.EventQueue (EventQueue.java:fireEvent(216)) - No event handler registered for event TypedEvent{payloadType=DatanodeDetails, name='Datanode_Command_Queue_Updated'}
2022-12-06 16:25:58,703 [EventQueue-CommandQueueReportForCommandQueueReportHandler] WARN  events.EventQueue (EventQueue.java:fireEvent(216)) - No event handler registered for event TypedEvent{payloadType=DatanodeDetails, name='Datanode_Command_Queue_Updated'}
2022-12-06 16:25:58,804 [EventQueue-CommandQueueReportForCommandQueueReportHandler] WARN  events.EventQueue (EventQueue.java:fireEvent(216)) - No event handler registered for event TypedEvent{payloadType=DatanodeDetails, name='Datanode_Command_Queue_Updated'}
2022-12-06 16:25:58,822 [EventQueue-CommandQueueReportForCommandQueueReportHandler] WARN  events.EventQueue (EventQueue.java:fireEvent(216)) - No event handler registered for event TypedEvent{payloadType=DatanodeDetails, name='Datanode_Command_Queue_Updated'}
2022-12-06 16:25:58,899 [EventQueue-CommandQueueReportForCommandQueueReportHandler] WARN  events.EventQueue (EventQueue.java:fireEvent(216)) - No event handler registered for event TypedEvent{payloadType=DatanodeDetails, name='Datanode_Command_Queue_Updated'}
2022-12-06 16:25:59,286 [EventQueue-CommandQueueReportForCommandQueueReportHandler] WARN  events.EventQueue (EventQueue.java:fireEvent(216)) - No event handler registered for event TypedEvent{payloadType=DatanodeDetails, name='Datanode_Command_Queue_Updated'}
2022-12-06 16:25:59,327 [EventQueue-CommandQueueReportForCommandQueueReportHandler] WARN  events.EventQueue (EventQueue.java:fireEvent(216)) - No event handler registered for event TypedEvent{payloadType=DatanodeDetails, name='Datanode_Command_Queue_Updated'}
2022-12-06 16:25:59,370 [EventQueue-CommandQueueReportForCommandQueueReportHandler] WARN  events.EventQueue (EventQueue.java:fireEvent(216)) - No event handler registered for event TypedEvent{payloadType=DatanodeDetails, name='Datanode_Command_Queue_Updated'}
2022-12-06 16:25:59,419 [EventQueue-CommandQueueReportForCommandQueueReportHandler] WARN  events.EventQueue (EventQueue.java:fireEvent(216)) - No event handler registered for event TypedEvent{payloadType=DatanodeDetails, name='Datanode_Command_Queue_Updated'}
2022-12-06 16:25:59,656 [EventQueue-CommandQueueReportForCommandQueueReportHandler] WARN  events.EventQueue (EventQueue.java:fireEvent(216)) - No event handler registered for event TypedEvent{payloadType=DatanodeDetails, name='Datanode_Command_Queue_Updated'}
2022-12-06 16:25:59,703 [EventQueue-CommandQueueReportForCommandQueueReportHandler] WARN  events.EventQueue (EventQueue.java:fireEvent(216)) - No event handler registered for event TypedEvent{payloadType=DatanodeDetails, name='Datanode_Command_Queue_Updated'}
2022-12-06 16:25:59,804 [EventQueue-CommandQueueReportForCommandQueueReportHandler] WARN  events.EventQueue (EventQueue.java:fireEvent(216)) - No event handler registered for event TypedEvent{payloadType=DatanodeDetails, name='Datanode_Command_Queue_Updated'}
2022-12-06 16:25:59,823 [EventQueue-CommandQueueReportForCommandQueueReportHandler] WARN  events.EventQueue (EventQueue.java:fireEvent(216)) - No event handler registered for event TypedEvent{payloadType=DatanodeDetails, name='Datanode_Command_Queue_Updated'}
2022-12-06 16:25:59,899 [EventQueue-CommandQueueReportForCommandQueueReportHandler] WARN  events.EventQueue (EventQueue.java:fireEvent(216)) - No event handler registered for event TypedEvent{payloadType=DatanodeDetails, name='Datanode_Command_Queue_Updated'}
2022-12-06 16:26:00,284 [EventQueue-CommandQueueReportForCommandQueueReportHandler] WARN  events.EventQueue (EventQueue.java:fireEvent(216)) - No event handler registered for event TypedEvent{payloadType=DatanodeDetails, name='Datanode_Command_Queue_Updated'}
2022-12-06 16:26:00,327 [EventQueue-CommandQueueReportForCommandQueueReportHandler] WARN  events.EventQueue (EventQueue.java:fireEvent(216)) - No event handler registered for event TypedEvent{payloadType=DatanodeDetails, name='Datanode_Command_Queue_Updated'}
2022-12-06 16:26:00,371 [EventQueue-CommandQueueReportForCommandQueueReportHandler] WARN  events.EventQueue (EventQueue.java:fireEvent(216)) - No event handler registered for event TypedEvent{payloadType=DatanodeDetails, name='Datanode_Command_Queue_Updated'}
2022-12-06 16:26:00,420 [EventQueue-CommandQueueReportForCommandQueueReportHandler] WARN  events.EventQueue (EventQueue.java:fireEvent(216)) - No event handler registered for event TypedEvent{payloadType=DatanodeDetails, name='Datanode_Command_Queue_Updated'}
2022-12-06 16:26:00,656 [EventQueue-CommandQueueReportForCommandQueueReportHandler] WARN  events.EventQueue (EventQueue.java:fireEvent(216)) - No event handler registered for event TypedEvent{payloadType=DatanodeDetails, name='Datanode_Command_Queue_Updated'}
2022-12-06 16:26:00,704 [EventQueue-CommandQueueReportForCommandQueueReportHandler] WARN  events.EventQueue (EventQueue.java:fireEvent(216)) - No event handler registered for event TypedEvent{payloadType=DatanodeDetails, name='Datanode_Command_Queue_Updated'}
2022-12-06 16:26:00,805 [EventQueue-CommandQueueReportForCommandQueueReportHandler] WARN  events.EventQueue (EventQueue.java:fireEvent(216)) - No event handler registered for event TypedEvent{payloadType=DatanodeDetails, name='Datanode_Command_Queue_Updated'}
2022-12-06 16:26:00,823 [EventQueue-CommandQueueReportForCommandQueueReportHandler] WARN  events.EventQueue (EventQueue.java:fireEvent(216)) - No event handler registered for event TypedEvent{payloadType=DatanodeDetails, name='Datanode_Command_Queue_Updated'}
2022-12-06 16:26:00,899 [EventQueue-CommandQueueReportForCommandQueueReportHandler] WARN  events.EventQueue (EventQueue.java:fireEvent(216)) - No event handler registered for event TypedEvent{payloadType=DatanodeDetails, name='Datanode_Command_Queue_Updated'}
2022-12-06 16:26:01,285 [EventQueue-CommandQueueReportForCommandQueueReportHandler] WARN  events.EventQueue (EventQueue.java:fireEvent(216)) - No event handler registered for event TypedEvent{payloadType=DatanodeDetails, name='Datanode_Command_Queue_Updated'}
2022-12-06 16:26:01,326 [EventQueue-CommandQueueReportForCommandQueueReportHandler] WARN  events.EventQueue (EventQueue.java:fireEvent(216)) - No event handler registered for event TypedEvent{payloadType=DatanodeDetails, name='Datanode_Command_Queue_Updated'}
2022-12-06 16:26:01,370 [EventQueue-CommandQueueReportForCommandQueueReportHandler] WARN  events.EventQueue (EventQueue.java:fireEvent(216)) - No event handler registered for event TypedEvent{payloadType=DatanodeDetails, name='Datanode_Command_Queue_Updated'}
2022-12-06 16:26:01,420 [EventQueue-CommandQueueReportForCommandQueueReportHandler] WARN  events.EventQueue (EventQueue.java:fireEvent(216)) - No event handler registered for event TypedEvent{payloadType=DatanodeDetails, name='Datanode_Command_Queue_Updated'}
2022-12-06 16:26:01,656 [EventQueue-CommandQueueReportForCommandQueueReportHandler] WARN  events.EventQueue (EventQueue.java:fireEvent(216)) - No event handler registered for event TypedEvent{payloadType=DatanodeDetails, name='Datanode_Command_Queue_Updated'}
2022-12-06 16:26:01,703 [EventQueue-CommandQueueReportForCommandQueueReportHandler] WARN  events.EventQueue (EventQueue.java:fireEvent(216)) - No event handler registered for event TypedEvent{payloadType=DatanodeDetails, name='Datanode_Command_Queue_Updated'}
2022-12-06 16:26:01,804 [EventQueue-CommandQueueReportForCommandQueueReportHandler] WARN  events.EventQueue (EventQueue.java:fireEvent(216)) - No event handler registered for event TypedEvent{payloadType=DatanodeDetails, name='Datanode_Command_Queue_Updated'}
2022-12-06 16:26:01,824 [EventQueue-CommandQueueReportForCommandQueueReportHandler] WARN  events.EventQueue (EventQueue.java:fireEvent(216)) - No event handler registered for event TypedEvent{payloadType=DatanodeDetails, name='Datanode_Command_Queue_Updated'}
2022-12-06 16:26:01,900 [EventQueue-CommandQueueReportForCommandQueueReportHandler] WARN  events.EventQueue (EventQueue.java:fireEvent(216)) - No event handler registered for event TypedEvent{payloadType=DatanodeDetails, name='Datanode_Command_Queue_Updated'}
2022-12-06 16:26:02,284 [EventQueue-CommandQueueReportForCommandQueueReportHandler] WARN  events.EventQueue (EventQueue.java:fireEvent(216)) - No event handler registered for event TypedEvent{payloadType=DatanodeDetails, name='Datanode_Command_Queue_Updated'}
2022-12-06 16:26:02,327 [EventQueue-CommandQueueReportForCommandQueueReportHandler] WARN  events.EventQueue (EventQueue.java:fireEvent(216)) - No event handler registered for event TypedEvent{payloadType=DatanodeDetails, name='Datanode_Command_Queue_Updated'}
2022-12-06 16:26:02,371 [EventQueue-CommandQueueReportForCommandQueueReportHandler] WARN  events.EventQueue (EventQueue.java:fireEvent(216)) - No event handler registered for event TypedEvent{payloadType=DatanodeDetails, name='Datanode_Command_Queue_Updated'}
2022-12-06 16:26:02,419 [EventQueue-CommandQueueReportForCommandQueueReportHandler] WARN  events.EventQueue (EventQueue.java:fireEvent(216)) - No event handler registered for event TypedEvent{payloadType=DatanodeDetails, name='Datanode_Command_Queue_Updated'}
2022-12-06 16:26:02,656 [EventQueue-CommandQueueReportForCommandQueueReportHandler] WARN  events.EventQueue (EventQueue.java:fireEvent(216)) - No event handler registered for event TypedEvent{payloadType=DatanodeDetails, name='Datanode_Command_Queue_Updated'}
2022-12-06 16:26:02,703 [EventQueue-CommandQueueReportForCommandQueueReportHandler] WARN  events.EventQueue (EventQueue.java:fireEvent(216)) - No event handler registered for event TypedEvent{payloadType=DatanodeDetails, name='Datanode_Command_Queue_Updated'}
2022-12-06 16:26:02,805 [EventQueue-CommandQueueReportForCommandQueueReportHandler] WARN  events.EventQueue (EventQueue.java:fireEvent(216)) - No event handler registered for event TypedEvent{payloadType=DatanodeDetails, name='Datanode_Command_Queue_Updated'}
2022-12-06 16:26:02,824 [EventQueue-CommandQueueReportForCommandQueueReportHandler] WARN  events.EventQueue (EventQueue.java:fireEvent(216)) - No event handler registered for event TypedEvent{payloadType=DatanodeDetails, name='Datanode_Command_Queue_Updated'}
2022-12-06 16:26:02,899 [EventQueue-CommandQueueReportForCommandQueueReportHandler] WARN  events.EventQueue (EventQueue.java:fireEvent(216)) - No event handler registered for event TypedEvent{payloadType=DatanodeDetails, name='Datanode_Command_Queue_Updated'}
2022-12-06 16:26:03,284 [EventQueue-CommandQueueReportForCommandQueueReportHandler] WARN  events.EventQueue (EventQueue.java:fireEvent(216)) - No event handler registered for event TypedEvent{payloadType=DatanodeDetails, name='Datanode_Command_Queue_Updated'}
2022-12-06 16:26:03,330 [EventQueue-CommandQueueReportForCommandQueueReportHandler] WARN  events.EventQueue (EventQueue.java:fireEvent(216)) - No event handler registered for event TypedEvent{payloadType=DatanodeDetails, name='Datanode_Command_Queue_Updated'}
2022-12-06 16:26:03,371 [EventQueue-CommandQueueReportForCommandQueueReportHandler] WARN  events.EventQueue (EventQueue.java:fireEvent(216)) - No event handler registered for event TypedEvent{payloadType=DatanodeDetails, name='Datanode_Command_Queue_Updated'}
2022-12-06 16:26:03,420 [EventQueue-CommandQueueReportForCommandQueueReportHandler] WARN  events.EventQueue (EventQueue.java:fireEvent(216)) - No event handler registered for event TypedEvent{payloadType=DatanodeDetails, name='Datanode_Command_Queue_Updated'}
2022-12-06 16:26:03,656 [EventQueue-CommandQueueReportForCommandQueueReportHandler] WARN  events.EventQueue (EventQueue.java:fireEvent(216)) - No event handler registered for event TypedEvent{payloadType=DatanodeDetails, name='Datanode_Command_Queue_Updated'}
2022-12-06 16:26:03,703 [EventQueue-CommandQueueReportForCommandQueueReportHandler] WARN  events.EventQueue (EventQueue.java:fireEvent(216)) - No event handler registered for event TypedEvent{payloadType=DatanodeDetails, name='Datanode_Command_Queue_Updated'}
2022-12-06 16:26:03,804 [EventQueue-CommandQueueReportForCommandQueueReportHandler] WARN  events.EventQueue (EventQueue.java:fireEvent(216)) - No event handler registered for event TypedEvent{payloadType=DatanodeDetails, name='Datanode_Command_Queue_Updated'}
2022-12-06 16:26:03,824 [EventQueue-CommandQueueReportForCommandQueueReportHandler] WARN  events.EventQueue (EventQueue.java:fireEvent(216)) - No event handler registered for event TypedEvent{payloadType=DatanodeDetails, name='Datanode_Command_Queue_Updated'}
2022-12-06 16:26:03,900 [EventQueue-CommandQueueReportForCommandQueueReportHandler] WARN  events.EventQueue (EventQueue.java:fireEvent(216)) - No event handler registered for event TypedEvent{payloadType=DatanodeDetails, name='Datanode_Command_Queue_Updated'}
2022-12-06 16:26:04,284 [EventQueue-CommandQueueReportForCommandQueueReportHandler] WARN  events.EventQueue (EventQueue.java:fireEvent(216)) - No event handler registered for event TypedEvent{payloadType=DatanodeDetails, name='Datanode_Command_Queue_Updated'}
2022-12-06 16:26:04,327 [EventQueue-CommandQueueReportForCommandQueueReportHandler] WARN  events.EventQueue (EventQueue.java:fireEvent(216)) - No event handler registered for event TypedEvent{payloadType=DatanodeDetails, name='Datanode_Command_Queue_Updated'}
2022-12-06 16:26:04,371 [EventQueue-CommandQueueReportForCommandQueueReportHandler] WARN  events.EventQueue (EventQueue.java:fireEvent(216)) - No event handler registered for event TypedEvent{payloadType=DatanodeDetails, name='Datanode_Command_Queue_Updated'}
2022-12-06 16:26:04,420 [EventQueue-CommandQueueReportForCommandQueueReportHandler] WARN  events.EventQueue (EventQueue.java:fireEvent(216)) - No event handler registered for event TypedEvent{payloadType=DatanodeDetails, name='Datanode_Command_Queue_Updated'}
2022-12-06 16:26:04,656 [EventQueue-CommandQueueReportForCommandQueueReportHandler] WARN  events.EventQueue (EventQueue.java:fireEvent(216)) - No event handler registered for event TypedEvent{payloadType=DatanodeDetails, name='Datanode_Command_Queue_Updated'}
2022-12-06 16:26:04,703 [EventQueue-CommandQueueReportForCommandQueueReportHandler] WARN  events.EventQueue (EventQueue.java:fireEvent(216)) - No event handler registered for event TypedEvent{payloadType=DatanodeDetails, name='Datanode_Command_Queue_Updated'}
2022-12-06 16:26:04,804 [EventQueue-CommandQueueReportForCommandQueueReportHandler] WARN  events.EventQueue (EventQueue.java:fireEvent(216)) - No event handler registered for event TypedEvent{payloadType=DatanodeDetails, name='Datanode_Command_Queue_Updated'}
2022-12-06 16:26:04,824 [EventQueue-CommandQueueReportForCommandQueueReportHandler] WARN  events.EventQueue (EventQueue.java:fireEvent(216)) - No event handler registered for event TypedEvent{payloadType=DatanodeDetails, name='Datanode_Command_Queue_Updated'}
2022-12-06 16:26:04,900 [EventQueue-CommandQueueReportForCommandQueueReportHandler] WARN  events.EventQueue (EventQueue.java:fireEvent(216)) - No event handler registered for event TypedEvent{payloadType=DatanodeDetails, name='Datanode_Command_Queue_Updated'}
2022-12-06 16:26:05,284 [EventQueue-CommandQueueReportForCommandQueueReportHandler] WARN  events.EventQueue (EventQueue.java:fireEvent(216)) - No event handler registered for event TypedEvent{payloadType=DatanodeDetails, name='Datanode_Command_Queue_Updated'}
2022-12-06 16:26:05,327 [EventQueue-CommandQueueReportForCommandQueueReportHandler] WARN  events.EventQueue (EventQueue.java:fireEvent(216)) - No event handler registered for event TypedEvent{payloadType=DatanodeDetails, name='Datanode_Command_Queue_Updated'}
2022-12-06 16:26:05,371 [EventQueue-CommandQueueReportForCommandQueueReportHandler] WARN  events.EventQueue (EventQueue.java:fireEvent(216)) - No event handler registered for event TypedEvent{payloadType=DatanodeDetails, name='Datanode_Command_Queue_Updated'}
2022-12-06 16:26:05,420 [EventQueue-CommandQueueReportForCommandQueueReportHandler] WARN  events.EventQueue (EventQueue.java:fireEvent(216)) - No event handler registered for event TypedEvent{payloadType=DatanodeDetails, name='Datanode_Command_Queue_Updated'}
2022-12-06 16:26:05,656 [EventQueue-CommandQueueReportForCommandQueueReportHandler] WARN  events.EventQueue (EventQueue.java:fireEvent(216)) - No event handler registered for event TypedEvent{payloadType=DatanodeDetails, name='Datanode_Command_Queue_Updated'}
2022-12-06 16:26:05,703 [EventQueue-CommandQueueReportForCommandQueueReportHandler] WARN  events.EventQueue (EventQueue.java:fireEvent(216)) - No event handler registered for event TypedEvent{payloadType=DatanodeDetails, name='Datanode_Command_Queue_Updated'}
2022-12-06 16:26:05,804 [EventQueue-CommandQueueReportForCommandQueueReportHandler] WARN  events.EventQueue (EventQueue.java:fireEvent(216)) - No event handler registered for event TypedEvent{payloadType=DatanodeDetails, name='Datanode_Command_Queue_Updated'}
2022-12-06 16:26:05,825 [EventQueue-CommandQueueReportForCommandQueueReportHandler] WARN  events.EventQueue (EventQueue.java:fireEvent(216)) - No event handler registered for event TypedEvent{payloadType=DatanodeDetails, name='Datanode_Command_Queue_Updated'}
2022-12-06 16:26:05,900 [EventQueue-CommandQueueReportForCommandQueueReportHandler] WARN  events.EventQueue (EventQueue.java:fireEvent(216)) - No event handler registered for event TypedEvent{payloadType=DatanodeDetails, name='Datanode_Command_Queue_Updated'}
2022-12-06 16:26:06,284 [EventQueue-CommandQueueReportForCommandQueueReportHandler] WARN  events.EventQueue (EventQueue.java:fireEvent(216)) - No event handler registered for event TypedEvent{payloadType=DatanodeDetails, name='Datanode_Command_Queue_Updated'}
2022-12-06 16:26:06,327 [EventQueue-CommandQueueReportForCommandQueueReportHandler] WARN  events.EventQueue (EventQueue.java:fireEvent(216)) - No event handler registered for event TypedEvent{payloadType=DatanodeDetails, name='Datanode_Command_Queue_Updated'}
2022-12-06 16:26:06,371 [EventQueue-CommandQueueReportForCommandQueueReportHandler] WARN  events.EventQueue (EventQueue.java:fireEvent(216)) - No event handler registered for event TypedEvent{payloadType=DatanodeDetails, name='Datanode_Command_Queue_Updated'}
2022-12-06 16:26:06,420 [EventQueue-CommandQueueReportForCommandQueueReportHandler] WARN  events.EventQueue (EventQueue.java:fireEvent(216)) - No event handler registered for event TypedEvent{payloadType=DatanodeDetails, name='Datanode_Command_Queue_Updated'}
2022-12-06 16:26:06,656 [EventQueue-CommandQueueReportForCommandQueueReportHandler] WARN  events.EventQueue (EventQueue.java:fireEvent(216)) - No event handler registered for event TypedEvent{payloadType=DatanodeDetails, name='Datanode_Command_Queue_Updated'}
2022-12-06 16:26:06,703 [EventQueue-CommandQueueReportForCommandQueueReportHandler] WARN  events.EventQueue (EventQueue.java:fireEvent(216)) - No event handler registered for event TypedEvent{payloadType=DatanodeDetails, name='Datanode_Command_Queue_Updated'}
2022-12-06 16:26:06,804 [EventQueue-CommandQueueReportForCommandQueueReportHandler] WARN  events.EventQueue (EventQueue.java:fireEvent(216)) - No event handler registered for event TypedEvent{payloadType=DatanodeDetails, name='Datanode_Command_Queue_Updated'}
2022-12-06 16:26:06,823 [EventQueue-CommandQueueReportForCommandQueueReportHandler] WARN  events.EventQueue (EventQueue.java:fireEvent(216)) - No event handler registered for event TypedEvent{payloadType=DatanodeDetails, name='Datanode_Command_Queue_Updated'}
2022-12-06 16:26:06,899 [EventQueue-CommandQueueReportForCommandQueueReportHandler] WARN  events.EventQueue (EventQueue.java:fireEvent(216)) - No event handler registered for event TypedEvent{payloadType=DatanodeDetails, name='Datanode_Command_Queue_Updated'}
2022-12-06 16:26:07,284 [EventQueue-CommandQueueReportForCommandQueueReportHandler] WARN  events.EventQueue (EventQueue.java:fireEvent(216)) - No event handler registered for event TypedEvent{payloadType=DatanodeDetails, name='Datanode_Command_Queue_Updated'}
2022-12-06 16:26:07,326 [EventQueue-CommandQueueReportForCommandQueueReportHandler] WARN  events.EventQueue (EventQueue.java:fireEvent(216)) - No event handler registered for event TypedEvent{payloadType=DatanodeDetails, name='Datanode_Command_Queue_Updated'}
2022-12-06 16:26:07,371 [EventQueue-CommandQueueReportForCommandQueueReportHandler] WARN  events.EventQueue (EventQueue.java:fireEvent(216)) - No event handler registered for event TypedEvent{payloadType=DatanodeDetails, name='Datanode_Command_Queue_Updated'}
2022-12-06 16:26:07,420 [EventQueue-CommandQueueReportForCommandQueueReportHandler] WARN  events.EventQueue (EventQueue.java:fireEvent(216)) - No event handler registered for event TypedEvent{payloadType=DatanodeDetails, name='Datanode_Command_Queue_Updated'}
2022-12-06 16:26:07,656 [EventQueue-CommandQueueReportForCommandQueueReportHandler] WARN  events.EventQueue (EventQueue.java:fireEvent(216)) - No event handler registered for event TypedEvent{payloadType=DatanodeDetails, name='Datanode_Command_Queue_Updated'}
2022-12-06 16:26:07,703 [EventQueue-CommandQueueReportForCommandQueueReportHandler] WARN  events.EventQueue (EventQueue.java:fireEvent(216)) - No event handler registered for event TypedEvent{payloadType=DatanodeDetails, name='Datanode_Command_Queue_Updated'}
2022-12-06 16:26:07,808 [EventQueue-CommandQueueReportForCommandQueueReportHandler] WARN  events.EventQueue (EventQueue.java:fireEvent(216)) - No event handler registered for event TypedEvent{payloadType=DatanodeDetails, name='Datanode_Command_Queue_Updated'}
2022-12-06 16:26:07,823 [EventQueue-CommandQueueReportForCommandQueueReportHandler] WARN  events.EventQueue (EventQueue.java:fireEvent(216)) - No event handler registered for event TypedEvent{payloadType=DatanodeDetails, name='Datanode_Command_Queue_Updated'}
2022-12-06 16:26:07,900 [EventQueue-CommandQueueReportForCommandQueueReportHandler] WARN  events.EventQueue (EventQueue.java:fireEvent(216)) - No event handler registered for event TypedEvent{payloadType=DatanodeDetails, name='Datanode_Command_Queue_Updated'}
2022-12-06 16:26:08,284 [EventQueue-CommandQueueReportForCommandQueueReportHandler] WARN  events.EventQueue (EventQueue.java:fireEvent(216)) - No event handler registered for event TypedEvent{payloadType=DatanodeDetails, name='Datanode_Command_Queue_Updated'}
2022-12-06 16:26:08,327 [EventQueue-CommandQueueReportForCommandQueueReportHandler] WARN  events.EventQueue (EventQueue.java:fireEvent(216)) - No event handler registered for event TypedEvent{payloadType=DatanodeDetails, name='Datanode_Command_Queue_Updated'}
2022-12-06 16:26:08,371 [EventQueue-CommandQueueReportForCommandQueueReportHandler] WARN  events.EventQueue (EventQueue.java:fireEvent(216)) - No event handler registered for event TypedEvent{payloadType=DatanodeDetails, name='Datanode_Command_Queue_Updated'}
2022-12-06 16:26:08,420 [EventQueue-CommandQueueReportForCommandQueueReportHandler] WARN  events.EventQueue (EventQueue.java:fireEvent(216)) - No event handler registered for event TypedEvent{payloadType=DatanodeDetails, name='Datanode_Command_Queue_Updated'}
2022-12-06 16:26:08,656 [EventQueue-CommandQueueReportForCommandQueueReportHandler] WARN  events.EventQueue (EventQueue.java:fireEvent(216)) - No event handler registered for event TypedEvent{payloadType=DatanodeDetails, name='Datanode_Command_Queue_Updated'}
2022-12-06 16:26:08,703 [EventQueue-CommandQueueReportForCommandQueueReportHandler] WARN  events.EventQueue (EventQueue.java:fireEvent(216)) - No event handler registered for event TypedEvent{payloadType=DatanodeDetails, name='Datanode_Command_Queue_Updated'}
2022-12-06 16:26:08,808 [EventQueue-CommandQueueReportForCommandQueueReportHandler] WARN  events.EventQueue (EventQueue.java:fireEvent(216)) - No event handler registered for event TypedEvent{payloadType=DatanodeDetails, name='Datanode_Command_Queue_Updated'}
2022-12-06 16:26:08,823 [EventQueue-CommandQueueReportForCommandQueueReportHandler] WARN  events.EventQueue (EventQueue.java:fireEvent(216)) - No event handler registered for event TypedEvent{payloadType=DatanodeDetails, name='Datanode_Command_Queue_Updated'}
2022-12-06 16:26:08,900 [EventQueue-CommandQueueReportForCommandQueueReportHandler] WARN  events.EventQueue (EventQueue.java:fireEvent(216)) - No event handler registered for event TypedEvent{payloadType=DatanodeDetails, name='Datanode_Command_Queue_Updated'}
2022-12-06 16:26:09,283 [EventQueue-CommandQueueReportForCommandQueueReportHandler] WARN  events.EventQueue (EventQueue.java:fireEvent(216)) - No event handler registered for event TypedEvent{payloadType=DatanodeDetails, name='Datanode_Command_Queue_Updated'}
2022-12-06 16:26:09,327 [EventQueue-CommandQueueReportForCommandQueueReportHandler] WARN  events.EventQueue (EventQueue.java:fireEvent(216)) - No event handler registered for event TypedEvent{payloadType=DatanodeDetails, name='Datanode_Command_Queue_Updated'}
2022-12-06 16:26:09,370 [EventQueue-CommandQueueReportForCommandQueueReportHandler] WARN  events.EventQueue (EventQueue.java:fireEvent(216)) - No event handler registered for event TypedEvent{payloadType=DatanodeDetails, name='Datanode_Command_Queue_Updated'}
2022-12-06 16:26:09,420 [EventQueue-CommandQueueReportForCommandQueueReportHandler] WARN  events.EventQueue (EventQueue.java:fireEvent(216)) - No event handler registered for event TypedEvent{payloadType=DatanodeDetails, name='Datanode_Command_Queue_Updated'}
2022-12-06 16:26:09,656 [EventQueue-CommandQueueReportForCommandQueueReportHandler] WARN  events.EventQueue (EventQueue.java:fireEvent(216)) - No event handler registered for event TypedEvent{payloadType=DatanodeDetails, name='Datanode_Command_Queue_Updated'}
2022-12-06 16:26:09,703 [EventQueue-CommandQueueReportForCommandQueueReportHandler] WARN  events.EventQueue (EventQueue.java:fireEvent(216)) - No event handler registered for event TypedEvent{payloadType=DatanodeDetails, name='Datanode_Command_Queue_Updated'}
2022-12-06 16:26:09,808 [EventQueue-CommandQueueReportForCommandQueueReportHandler] WARN  events.EventQueue (EventQueue.java:fireEvent(216)) - No event handler registered for event TypedEvent{payloadType=DatanodeDetails, name='Datanode_Command_Queue_Updated'}
2022-12-06 16:26:09,823 [EventQueue-CommandQueueReportForCommandQueueReportHandler] WARN  events.EventQueue (EventQueue.java:fireEvent(216)) - No event handler registered for event TypedEvent{payloadType=DatanodeDetails, name='Datanode_Command_Queue_Updated'}
2022-12-06 16:26:09,900 [EventQueue-CommandQueueReportForCommandQueueReportHandler] WARN  events.EventQueue (EventQueue.java:fireEvent(216)) - No event handler registered for event TypedEvent{payloadType=DatanodeDetails, name='Datanode_Command_Queue_Updated'}
2022-12-06 16:26:10,284 [EventQueue-CommandQueueReportForCommandQueueReportHandler] WARN  events.EventQueue (EventQueue.java:fireEvent(216)) - No event handler registered for event TypedEvent{payloadType=DatanodeDetails, name='Datanode_Command_Queue_Updated'}
2022-12-06 16:26:10,327 [EventQueue-CommandQueueReportForCommandQueueReportHandler] WARN  events.EventQueue (EventQueue.java:fireEvent(216)) - No event handler registered for event TypedEvent{payloadType=DatanodeDetails, name='Datanode_Command_Queue_Updated'}
2022-12-06 16:26:10,371 [EventQueue-CommandQueueReportForCommandQueueReportHandler] WARN  events.EventQueue (EventQueue.java:fireEvent(216)) - No event handler registered for event TypedEvent{payloadType=DatanodeDetails, name='Datanode_Command_Queue_Updated'}
2022-12-06 16:26:10,420 [EventQueue-CommandQueueReportForCommandQueueReportHandler] WARN  events.EventQueue (EventQueue.java:fireEvent(216)) - No event handler registered for event TypedEvent{payloadType=DatanodeDetails, name='Datanode_Command_Queue_Updated'}
2022-12-06 16:26:10,656 [EventQueue-CommandQueueReportForCommandQueueReportHandler] WARN  events.EventQueue (EventQueue.java:fireEvent(216)) - No event handler registered for event TypedEvent{payloadType=DatanodeDetails, name='Datanode_Command_Queue_Updated'}
2022-12-06 16:26:10,703 [EventQueue-CommandQueueReportForCommandQueueReportHandler] WARN  events.EventQueue (EventQueue.java:fireEvent(216)) - No event handler registered for event TypedEvent{payloadType=DatanodeDetails, name='Datanode_Command_Queue_Updated'}
2022-12-06 16:26:10,808 [EventQueue-CommandQueueReportForCommandQueueReportHandler] WARN  events.EventQueue (EventQueue.java:fireEvent(216)) - No event handler registered for event TypedEvent{payloadType=DatanodeDetails, name='Datanode_Command_Queue_Updated'}
2022-12-06 16:26:10,824 [EventQueue-CommandQueueReportForCommandQueueReportHandler] WARN  events.EventQueue (EventQueue.java:fireEvent(216)) - No event handler registered for event TypedEvent{payloadType=DatanodeDetails, name='Datanode_Command_Queue_Updated'}
2022-12-06 16:26:10,902 [EventQueue-CommandQueueReportForCommandQueueReportHandler] WARN  events.EventQueue (EventQueue.java:fireEvent(216)) - No event handler registered for event TypedEvent{payloadType=DatanodeDetails, name='Datanode_Command_Queue_Updated'}
2022-12-06 16:26:11,284 [EventQueue-CommandQueueReportForCommandQueueReportHandler] WARN  events.EventQueue (EventQueue.java:fireEvent(216)) - No event handler registered for event TypedEvent{payloadType=DatanodeDetails, name='Datanode_Command_Queue_Updated'}
2022-12-06 16:26:11,328 [EventQueue-CommandQueueReportForCommandQueueReportHandler] WARN  events.EventQueue (EventQueue.java:fireEvent(216)) - No event handler registered for event TypedEvent{payloadType=DatanodeDetails, name='Datanode_Command_Queue_Updated'}
2022-12-06 16:26:11,371 [EventQueue-CommandQueueReportForCommandQueueReportHandler] WARN  events.EventQueue (EventQueue.java:fireEvent(216)) - No event handler registered for event TypedEvent{payloadType=DatanodeDetails, name='Datanode_Command_Queue_Updated'}
2022-12-06 16:26:11,420 [EventQueue-CommandQueueReportForCommandQueueReportHandler] WARN  events.EventQueue (EventQueue.java:fireEvent(216)) - No event handler registered for event TypedEvent{payloadType=DatanodeDetails, name='Datanode_Command_Queue_Updated'}
2022-12-06 16:26:11,656 [EventQueue-CommandQueueReportForCommandQueueReportHandler] WARN  events.EventQueue (EventQueue.java:fireEvent(216)) - No event handler registered for event TypedEvent{payloadType=DatanodeDetails, name='Datanode_Command_Queue_Updated'}
2022-12-06 16:26:11,704 [EventQueue-CommandQueueReportForCommandQueueReportHandler] WARN  events.EventQueue (EventQueue.java:fireEvent(216)) - No event handler registered for event TypedEvent{payloadType=DatanodeDetails, name='Datanode_Command_Queue_Updated'}
2022-12-06 16:26:11,808 [EventQueue-CommandQueueReportForCommandQueueReportHandler] WARN  events.EventQueue (EventQueue.java:fireEvent(216)) - No event handler registered for event TypedEvent{payloadType=DatanodeDetails, name='Datanode_Command_Queue_Updated'}
2022-12-06 16:26:11,824 [EventQueue-CommandQueueReportForCommandQueueReportHandler] WARN  events.EventQueue (EventQueue.java:fireEvent(216)) - No event handler registered for event TypedEvent{payloadType=DatanodeDetails, name='Datanode_Command_Queue_Updated'}
2022-12-06 16:26:11,900 [EventQueue-CommandQueueReportForCommandQueueReportHandler] WARN  events.EventQueue (EventQueue.java:fireEvent(216)) - No event handler registered for event TypedEvent{payloadType=DatanodeDetails, name='Datanode_Command_Queue_Updated'}
2022-12-06 16:26:12,284 [EventQueue-CommandQueueReportForCommandQueueReportHandler] WARN  events.EventQueue (EventQueue.java:fireEvent(216)) - No event handler registered for event TypedEvent{payloadType=DatanodeDetails, name='Datanode_Command_Queue_Updated'}
2022-12-06 16:26:12,328 [EventQueue-CommandQueueReportForCommandQueueReportHandler] WARN  events.EventQueue (EventQueue.java:fireEvent(216)) - No event handler registered for event TypedEvent{payloadType=DatanodeDetails, name='Datanode_Command_Queue_Updated'}
2022-12-06 16:26:12,371 [EventQueue-CommandQueueReportForCommandQueueReportHandler] WARN  events.EventQueue (EventQueue.java:fireEvent(216)) - No event handler registered for event TypedEvent{payloadType=DatanodeDetails, name='Datanode_Command_Queue_Updated'}
2022-12-06 16:26:12,420 [EventQueue-CommandQueueReportForCommandQueueReportHandler] WARN  events.EventQueue (EventQueue.java:fireEvent(216)) - No event handler registered for event TypedEvent{payloadType=DatanodeDetails, name='Datanode_Command_Queue_Updated'}
2022-12-06 16:26:12,656 [EventQueue-CommandQueueReportForCommandQueueReportHandler] WARN  events.EventQueue (EventQueue.java:fireEvent(216)) - No event handler registered for event TypedEvent{payloadType=DatanodeDetails, name='Datanode_Command_Queue_Updated'}
2022-12-06 16:26:12,703 [EventQueue-CommandQueueReportForCommandQueueReportHandler] WARN  events.EventQueue (EventQueue.java:fireEvent(216)) - No event handler registered for event TypedEvent{payloadType=DatanodeDetails, name='Datanode_Command_Queue_Updated'}
2022-12-06 16:26:12,809 [EventQueue-CommandQueueReportForCommandQueueReportHandler] WARN  events.EventQueue (EventQueue.java:fireEvent(216)) - No event handler registered for event TypedEvent{payloadType=DatanodeDetails, name='Datanode_Command_Queue_Updated'}
2022-12-06 16:26:12,824 [EventQueue-CommandQueueReportForCommandQueueReportHandler] WARN  events.EventQueue (EventQueue.java:fireEvent(216)) - No event handler registered for event TypedEvent{payloadType=DatanodeDetails, name='Datanode_Command_Queue_Updated'}
2022-12-06 16:26:12,900 [EventQueue-CommandQueueReportForCommandQueueReportHandler] WARN  events.EventQueue (EventQueue.java:fireEvent(216)) - No event handler registered for event TypedEvent{payloadType=DatanodeDetails, name='Datanode_Command_Queue_Updated'}
2022-12-06 16:26:13,284 [EventQueue-CommandQueueReportForCommandQueueReportHandler] WARN  events.EventQueue (EventQueue.java:fireEvent(216)) - No event handler registered for event TypedEvent{payloadType=DatanodeDetails, name='Datanode_Command_Queue_Updated'}
2022-12-06 16:26:13,328 [EventQueue-CommandQueueReportForCommandQueueReportHandler] WARN  events.EventQueue (EventQueue.java:fireEvent(216)) - No event handler registered for event TypedEvent{payloadType=DatanodeDetails, name='Datanode_Command_Queue_Updated'}
2022-12-06 16:26:13,371 [EventQueue-CommandQueueReportForCommandQueueReportHandler] WARN  events.EventQueue (EventQueue.java:fireEvent(216)) - No event handler registered for event TypedEvent{payloadType=DatanodeDetails, name='Datanode_Command_Queue_Updated'}
2022-12-06 16:26:13,421 [EventQueue-CommandQueueReportForCommandQueueReportHandler] WARN  events.EventQueue (EventQueue.java:fireEvent(216)) - No event handler registered for event TypedEvent{payloadType=DatanodeDetails, name='Datanode_Command_Queue_Updated'}
2022-12-06 16:26:13,657 [EventQueue-CommandQueueReportForCommandQueueReportHandler] WARN  events.EventQueue (EventQueue.java:fireEvent(216)) - No event handler registered for event TypedEvent{payloadType=DatanodeDetails, name='Datanode_Command_Queue_Updated'}
2022-12-06 16:26:13,704 [EventQueue-CommandQueueReportForCommandQueueReportHandler] WARN  events.EventQueue (EventQueue.java:fireEvent(216)) - No event handler registered for event TypedEvent{payloadType=DatanodeDetails, name='Datanode_Command_Queue_Updated'}
2022-12-06 16:26:13,809 [EventQueue-CommandQueueReportForCommandQueueReportHandler] WARN  events.EventQueue (EventQueue.java:fireEvent(216)) - No event handler registered for event TypedEvent{payloadType=DatanodeDetails, name='Datanode_Command_Queue_Updated'}
2022-12-06 16:26:13,823 [EventQueue-CommandQueueReportForCommandQueueReportHandler] WARN  events.EventQueue (EventQueue.java:fireEvent(216)) - No event handler registered for event TypedEvent{payloadType=DatanodeDetails, name='Datanode_Command_Queue_Updated'}
2022-12-06 16:26:13,899 [EventQueue-CommandQueueReportForCommandQueueReportHandler] WARN  events.EventQueue (EventQueue.java:fireEvent(216)) - No event handler registered for event TypedEvent{payloadType=DatanodeDetails, name='Datanode_Command_Queue_Updated'}
2022-12-06 16:26:14,284 [EventQueue-CommandQueueReportForCommandQueueReportHandler] WARN  events.EventQueue (EventQueue.java:fireEvent(216)) - No event handler registered for event TypedEvent{payloadType=DatanodeDetails, name='Datanode_Command_Queue_Updated'}
2022-12-06 16:26:14,327 [EventQueue-CommandQueueReportForCommandQueueReportHandler] WARN  events.EventQueue (EventQueue.java:fireEvent(216)) - No event handler registered for event TypedEvent{payloadType=DatanodeDetails, name='Datanode_Command_Queue_Updated'}
2022-12-06 16:26:14,371 [EventQueue-CommandQueueReportForCommandQueueReportHandler] WARN  events.EventQueue (EventQueue.java:fireEvent(216)) - No event handler registered for event TypedEvent{payloadType=DatanodeDetails, name='Datanode_Command_Queue_Updated'}
2022-12-06 16:26:14,423 [EventQueue-CommandQueueReportForCommandQueueReportHandler] WARN  events.EventQueue (EventQueue.java:fireEvent(216)) - No event handler registered for event TypedEvent{payloadType=DatanodeDetails, name='Datanode_Command_Queue_Updated'}
2022-12-06 16:26:14,657 [EventQueue-CommandQueueReportForCommandQueueReportHandler] WARN  events.EventQueue (EventQueue.java:fireEvent(216)) - No event handler registered for event TypedEvent{payloadType=DatanodeDetails, name='Datanode_Command_Queue_Updated'}
2022-12-06 16:26:14,703 [EventQueue-CommandQueueReportForCommandQueueReportHandler] WARN  events.EventQueue (EventQueue.java:fireEvent(216)) - No event handler registered for event TypedEvent{payloadType=DatanodeDetails, name='Datanode_Command_Queue_Updated'}
2022-12-06 16:26:14,809 [EventQueue-CommandQueueReportForCommandQueueReportHandler] WARN  events.EventQueue (EventQueue.java:fireEvent(216)) - No event handler registered for event TypedEvent{payloadType=DatanodeDetails, name='Datanode_Command_Queue_Updated'}
2022-12-06 16:26:14,823 [EventQueue-CommandQueueReportForCommandQueueReportHandler] WARN  events.EventQueue (EventQueue.java:fireEvent(216)) - No event handler registered for event TypedEvent{payloadType=DatanodeDetails, name='Datanode_Command_Queue_Updated'}
2022-12-06 16:26:14,900 [EventQueue-CommandQueueReportForCommandQueueReportHandler] WARN  events.EventQueue (EventQueue.java:fireEvent(216)) - No event handler registered for event TypedEvent{payloadType=DatanodeDetails, name='Datanode_Command_Queue_Updated'}
2022-12-06 16:26:15,284 [EventQueue-CommandQueueReportForCommandQueueReportHandler] WARN  events.EventQueue (EventQueue.java:fireEvent(216)) - No event handler registered for event TypedEvent{payloadType=DatanodeDetails, name='Datanode_Command_Queue_Updated'}
2022-12-06 16:26:15,328 [EventQueue-CommandQueueReportForCommandQueueReportHandler] WARN  events.EventQueue (EventQueue.java:fireEvent(216)) - No event handler registered for event TypedEvent{payloadType=DatanodeDetails, name='Datanode_Command_Queue_Updated'}
2022-12-06 16:26:15,371 [EventQueue-CommandQueueReportForCommandQueueReportHandler] WARN  events.EventQueue (EventQueue.java:fireEvent(216)) - No event handler registered for event TypedEvent{payloadType=DatanodeDetails, name='Datanode_Command_Queue_Updated'}
2022-12-06 16:26:15,425 [EventQueue-CommandQueueReportForCommandQueueReportHandler] WARN  events.EventQueue (EventQueue.java:fireEvent(216)) - No event handler registered for event TypedEvent{payloadType=DatanodeDetails, name='Datanode_Command_Queue_Updated'}
2022-12-06 16:26:15,657 [EventQueue-CommandQueueReportForCommandQueueReportHandler] WARN  events.EventQueue (EventQueue.java:fireEvent(216)) - No event handler registered for event TypedEvent{payloadType=DatanodeDetails, name='Datanode_Command_Queue_Updated'}
2022-12-06 16:26:15,705 [EventQueue-CommandQueueReportForCommandQueueReportHandler] WARN  events.EventQueue (EventQueue.java:fireEvent(216)) - No event handler registered for event TypedEvent{payloadType=DatanodeDetails, name='Datanode_Command_Queue_Updated'}
2022-12-06 16:26:15,809 [EventQueue-CommandQueueReportForCommandQueueReportHandler] WARN  events.EventQueue (EventQueue.java:fireEvent(216)) - No event handler registered for event TypedEvent{payloadType=DatanodeDetails, name='Datanode_Command_Queue_Updated'}
2022-12-06 16:26:15,823 [EventQueue-CommandQueueReportForCommandQueueReportHandler] WARN  events.EventQueue (EventQueue.java:fireEvent(216)) - No event handler registered for event TypedEvent{payloadType=DatanodeDetails, name='Datanode_Command_Queue_Updated'}
2022-12-06 16:26:15,900 [EventQueue-CommandQueueReportForCommandQueueReportHandler] WARN  events.EventQueue (EventQueue.java:fireEvent(216)) - No event handler registered for event TypedEvent{payloadType=DatanodeDetails, name='Datanode_Command_Queue_Updated'}
2022-12-06 16:26:16,284 [EventQueue-CommandQueueReportForCommandQueueReportHandler] WARN  events.EventQueue (EventQueue.java:fireEvent(216)) - No event handler registered for event TypedEvent{payloadType=DatanodeDetails, name='Datanode_Command_Queue_Updated'}
2022-12-06 16:26:16,328 [EventQueue-CommandQueueReportForCommandQueueReportHandler] WARN  events.EventQueue (EventQueue.java:fireEvent(216)) - No event handler registered for event TypedEvent{payloadType=DatanodeDetails, name='Datanode_Command_Queue_Updated'}
2022-12-06 16:26:16,372 [EventQueue-CommandQueueReportForCommandQueueReportHandler] WARN  events.EventQueue (EventQueue.java:fireEvent(216)) - No event handler registered for event TypedEvent{payloadType=DatanodeDetails, name='Datanode_Command_Queue_Updated'}
2022-12-06 16:26:16,426 [EventQueue-CommandQueueReportForCommandQueueReportHandler] WARN  events.EventQueue (EventQueue.java:fireEvent(216)) - No event handler registered for event TypedEvent{payloadType=DatanodeDetails, name='Datanode_Command_Queue_Updated'}
2022-12-06 16:26:16,657 [EventQueue-CommandQueueReportForCommandQueueReportHandler] WARN  events.EventQueue (EventQueue.java:fireEvent(216)) - No event handler registered for event TypedEvent{payloadType=DatanodeDetails, name='Datanode_Command_Queue_Updated'}
2022-12-06 16:26:16,704 [EventQueue-CommandQueueReportForCommandQueueReportHandler] WARN  events.EventQueue (EventQueue.java:fireEvent(216)) - No event handler registered for event TypedEvent{payloadType=DatanodeDetails, name='Datanode_Command_Queue_Updated'}
2022-12-06 16:26:16,810 [EventQueue-CommandQueueReportForCommandQueueReportHandler] WARN  events.EventQueue (EventQueue.java:fireEvent(216)) - No event handler registered for event TypedEvent{payloadType=DatanodeDetails, name='Datanode_Command_Queue_Updated'}
2022-12-06 16:26:16,823 [EventQueue-CommandQueueReportForCommandQueueReportHandler] WARN  events.EventQueue (EventQueue.java:fireEvent(216)) - No event handler registered for event TypedEvent{payloadType=DatanodeDetails, name='Datanode_Command_Queue_Updated'}
2022-12-06 16:26:16,900 [EventQueue-CommandQueueReportForCommandQueueReportHandler] WARN  events.EventQueue (EventQueue.java:fireEvent(216)) - No event handler registered for event TypedEvent{payloadType=DatanodeDetails, name='Datanode_Command_Queue_Updated'}
2022-12-06 16:26:17,284 [EventQueue-CommandQueueReportForCommandQueueReportHandler] WARN  events.EventQueue (EventQueue.java:fireEvent(216)) - No event handler registered for event TypedEvent{payloadType=DatanodeDetails, name='Datanode_Command_Queue_Updated'}
2022-12-06 16:26:17,328 [EventQueue-CommandQueueReportForCommandQueueReportHandler] WARN  events.EventQueue (EventQueue.java:fireEvent(216)) - No event handler registered for event TypedEvent{payloadType=DatanodeDetails, name='Datanode_Command_Queue_Updated'}
2022-12-06 16:26:17,372 [EventQueue-CommandQueueReportForCommandQueueReportHandler] WARN  events.EventQueue (EventQueue.java:fireEvent(216)) - No event handler registered for event TypedEvent{payloadType=DatanodeDetails, name='Datanode_Command_Queue_Updated'}
2022-12-06 16:26:17,429 [EventQueue-CommandQueueReportForCommandQueueReportHandler] WARN  events.EventQueue (EventQueue.java:fireEvent(216)) - No event handler registered for event TypedEvent{payloadType=DatanodeDetails, name='Datanode_Command_Queue_Updated'}
2022-12-06 16:26:17,657 [EventQueue-CommandQueueReportForCommandQueueReportHandler] WARN  events.EventQueue (EventQueue.java:fireEvent(216)) - No event handler registered for event TypedEvent{payloadType=DatanodeDetails, name='Datanode_Command_Queue_Updated'}
2022-12-06 16:26:17,704 [EventQueue-CommandQueueReportForCommandQueueReportHandler] WARN  events.EventQueue (EventQueue.java:fireEvent(216)) - No event handler registered for event TypedEvent{payloadType=DatanodeDetails, name='Datanode_Command_Queue_Updated'}
2022-12-06 16:26:17,810 [EventQueue-CommandQueueReportForCommandQueueReportHandler] WARN  events.EventQueue (EventQueue.java:fireEvent(216)) - No event handler registered for event TypedEvent{payloadType=DatanodeDetails, name='Datanode_Command_Queue_Updated'}
2022-12-06 16:26:17,824 [EventQueue-CommandQueueReportForCommandQueueReportHandler] WARN  events.EventQueue (EventQueue.java:fireEvent(216)) - No event handler registered for event TypedEvent{payloadType=DatanodeDetails, name='Datanode_Command_Queue_Updated'}
2022-12-06 16:26:17,899 [EventQueue-CommandQueueReportForCommandQueueReportHandler] WARN  events.EventQueue (EventQueue.java:fireEvent(216)) - No event handler registered for event TypedEvent{payloadType=DatanodeDetails, name='Datanode_Command_Queue_Updated'}
2022-12-06 16:26:18,284 [EventQueue-CommandQueueReportForCommandQueueReportHandler] WARN  events.EventQueue (EventQueue.java:fireEvent(216)) - No event handler registered for event TypedEvent{payloadType=DatanodeDetails, name='Datanode_Command_Queue_Updated'}
2022-12-06 16:26:18,328 [EventQueue-CommandQueueReportForCommandQueueReportHandler] WARN  events.EventQueue (EventQueue.java:fireEvent(216)) - No event handler registered for event TypedEvent{payloadType=DatanodeDetails, name='Datanode_Command_Queue_Updated'}
2022-12-06 16:26:18,372 [EventQueue-CommandQueueReportForCommandQueueReportHandler] WARN  events.EventQueue (EventQueue.java:fireEvent(216)) - No event handler registered for event TypedEvent{payloadType=DatanodeDetails, name='Datanode_Command_Queue_Updated'}
2022-12-06 16:26:18,430 [EventQueue-CommandQueueReportForCommandQueueReportHandler] WARN  events.EventQueue (EventQueue.java:fireEvent(216)) - No event handler registered for event TypedEvent{payloadType=DatanodeDetails, name='Datanode_Command_Queue_Updated'}
2022-12-06 16:26:18,657 [EventQueue-CommandQueueReportForCommandQueueReportHandler] WARN  events.EventQueue (EventQueue.java:fireEvent(216)) - No event handler registered for event TypedEvent{payloadType=DatanodeDetails, name='Datanode_Command_Queue_Updated'}
2022-12-06 16:26:18,705 [EventQueue-CommandQueueReportForCommandQueueReportHandler] WARN  events.EventQueue (EventQueue.java:fireEvent(216)) - No event handler registered for event TypedEvent{payloadType=DatanodeDetails, name='Datanode_Command_Queue_Updated'}
2022-12-06 16:26:18,810 [EventQueue-CommandQueueReportForCommandQueueReportHandler] WARN  events.EventQueue (EventQueue.java:fireEvent(216)) - No event handler registered for event TypedEvent{payloadType=DatanodeDetails, name='Datanode_Command_Queue_Updated'}
2022-12-06 16:26:18,824 [EventQueue-CommandQueueReportForCommandQueueReportHandler] WARN  events.EventQueue (EventQueue.java:fireEvent(216)) - No event handler registered for event TypedEvent{payloadType=DatanodeDetails, name='Datanode_Command_Queue_Updated'}
2022-12-06 16:26:18,900 [EventQueue-CommandQueueReportForCommandQueueReportHandler] WARN  events.EventQueue (EventQueue.java:fireEvent(216)) - No event handler registered for event TypedEvent{payloadType=DatanodeDetails, name='Datanode_Command_Queue_Updated'}
2022-12-06 16:26:19,283 [EventQueue-CommandQueueReportForCommandQueueReportHandler] WARN  events.EventQueue (EventQueue.java:fireEvent(216)) - No event handler registered for event TypedEvent{payloadType=DatanodeDetails, name='Datanode_Command_Queue_Updated'}
2022-12-06 16:26:19,328 [EventQueue-CommandQueueReportForCommandQueueReportHandler] WARN  events.EventQueue (EventQueue.java:fireEvent(216)) - No event handler registered for event TypedEvent{payloadType=DatanodeDetails, name='Datanode_Command_Queue_Updated'}
2022-12-06 16:26:19,373 [EventQueue-CommandQueueReportForCommandQueueReportHandler] WARN  events.EventQueue (EventQueue.java:fireEvent(216)) - No event handler registered for event TypedEvent{payloadType=DatanodeDetails, name='Datanode_Command_Queue_Updated'}
2022-12-06 16:26:19,430 [EventQueue-CommandQueueReportForCommandQueueReportHandler] WARN  events.EventQueue (EventQueue.java:fireEvent(216)) - No event handler registered for event TypedEvent{payloadType=DatanodeDetails, name='Datanode_Command_Queue_Updated'}
2022-12-06 16:26:19,658 [EventQueue-CommandQueueReportForCommandQueueReportHandler] WARN  events.EventQueue (EventQueue.java:fireEvent(216)) - No event handler registered for event TypedEvent{payloadType=DatanodeDetails, name='Datanode_Command_Queue_Updated'}
2022-12-06 16:26:19,705 [EventQueue-CommandQueueReportForCommandQueueReportHandler] WARN  events.EventQueue (EventQueue.java:fireEvent(216)) - No event handler registered for event TypedEvent{payloadType=DatanodeDetails, name='Datanode_Command_Queue_Updated'}
2022-12-06 16:26:19,810 [EventQueue-CommandQueueReportForCommandQueueReportHandler] WARN  events.EventQueue (EventQueue.java:fireEvent(216)) - No event handler registered for event TypedEvent{payloadType=DatanodeDetails, name='Datanode_Command_Queue_Updated'}
2022-12-06 16:26:19,823 [EventQueue-CommandQueueReportForCommandQueueReportHandler] WARN  events.EventQueue (EventQueue.java:fireEvent(216)) - No event handler registered for event TypedEvent{payloadType=DatanodeDetails, name='Datanode_Command_Queue_Updated'}
2022-12-06 16:26:19,900 [EventQueue-CommandQueueReportForCommandQueueReportHandler] WARN  events.EventQueue (EventQueue.java:fireEvent(216)) - No event handler registered for event TypedEvent{payloadType=DatanodeDetails, name='Datanode_Command_Queue_Updated'}
2022-12-06 16:26:20,284 [EventQueue-CommandQueueReportForCommandQueueReportHandler] WARN  events.EventQueue (EventQueue.java:fireEvent(216)) - No event handler registered for event TypedEvent{payloadType=DatanodeDetails, name='Datanode_Command_Queue_Updated'}
2022-12-06 16:26:20,328 [EventQueue-CommandQueueReportForCommandQueueReportHandler] WARN  events.EventQueue (EventQueue.java:fireEvent(216)) - No event handler registered for event TypedEvent{payloadType=DatanodeDetails, name='Datanode_Command_Queue_Updated'}
2022-12-06 16:26:20,379 [EventQueue-CommandQueueReportForCommandQueueReportHandler] WARN  events.EventQueue (EventQueue.java:fireEvent(216)) - No event handler registered for event TypedEvent{payloadType=DatanodeDetails, name='Datanode_Command_Queue_Updated'}
2022-12-06 16:26:20,430 [EventQueue-CommandQueueReportForCommandQueueReportHandler] WARN  events.EventQueue (EventQueue.java:fireEvent(216)) - No event handler registered for event TypedEvent{payloadType=DatanodeDetails, name='Datanode_Command_Queue_Updated'}
2022-12-06 16:26:20,658 [EventQueue-CommandQueueReportForCommandQueueReportHandler] WARN  events.EventQueue (EventQueue.java:fireEvent(216)) - No event handler registered for event TypedEvent{payloadType=DatanodeDetails, name='Datanode_Command_Queue_Updated'}
2022-12-06 16:26:20,705 [EventQueue-CommandQueueReportForCommandQueueReportHandler] WARN  events.EventQueue (EventQueue.java:fireEvent(216)) - No event handler registered for event TypedEvent{payloadType=DatanodeDetails, name='Datanode_Command_Queue_Updated'}
2022-12-06 16:26:20,811 [EventQueue-CommandQueueReportForCommandQueueReportHandler] WARN  events.EventQueue (EventQueue.java:fireEvent(216)) - No event handler registered for event TypedEvent{payloadType=DatanodeDetails, name='Datanode_Command_Queue_Updated'}
2022-12-06 16:26:20,823 [EventQueue-CommandQueueReportForCommandQueueReportHandler] WARN  events.EventQueue (EventQueue.java:fireEvent(216)) - No event handler registered for event TypedEvent{payloadType=DatanodeDetails, name='Datanode_Command_Queue_Updated'}
2022-12-06 16:26:20,900 [EventQueue-CommandQueueReportForCommandQueueReportHandler] WARN  events.EventQueue (EventQueue.java:fireEvent(216)) - No event handler registered for event TypedEvent{payloadType=DatanodeDetails, name='Datanode_Command_Queue_Updated'}
2022-12-06 16:26:21,285 [EventQueue-CommandQueueReportForCommandQueueReportHandler] WARN  events.EventQueue (EventQueue.java:fireEvent(216)) - No event handler registered for event TypedEvent{payloadType=DatanodeDetails, name='Datanode_Command_Queue_Updated'}
2022-12-06 16:26:21,328 [EventQueue-CommandQueueReportForCommandQueueReportHandler] WARN  events.EventQueue (EventQueue.java:fireEvent(216)) - No event handler registered for event TypedEvent{payloadType=DatanodeDetails, name='Datanode_Command_Queue_Updated'}
2022-12-06 16:26:21,379 [EventQueue-CommandQueueReportForCommandQueueReportHandler] WARN  events.EventQueue (EventQueue.java:fireEvent(216)) - No event handler registered for event TypedEvent{payloadType=DatanodeDetails, name='Datanode_Command_Queue_Updated'}
2022-12-06 16:26:21,432 [EventQueue-CommandQueueReportForCommandQueueReportHandler] WARN  events.EventQueue (EventQueue.java:fireEvent(216)) - No event handler registered for event TypedEvent{payloadType=DatanodeDetails, name='Datanode_Command_Queue_Updated'}
2022-12-06 16:26:21,658 [EventQueue-CommandQueueReportForCommandQueueReportHandler] WARN  events.EventQueue (EventQueue.java:fireEvent(216)) - No event handler registered for event TypedEvent{payloadType=DatanodeDetails, name='Datanode_Command_Queue_Updated'}
2022-12-06 16:26:21,706 [EventQueue-CommandQueueReportForCommandQueueReportHandler] WARN  events.EventQueue (EventQueue.java:fireEvent(216)) - No event handler registered for event TypedEvent{payloadType=DatanodeDetails, name='Datanode_Command_Queue_Updated'}
2022-12-06 16:26:21,811 [EventQueue-CommandQueueReportForCommandQueueReportHandler] WARN  events.EventQueue (EventQueue.java:fireEvent(216)) - No event handler registered for event TypedEvent{payloadType=DatanodeDetails, name='Datanode_Command_Queue_Updated'}
2022-12-06 16:26:21,828 [EventQueue-CommandQueueReportForCommandQueueReportHandler] WARN  events.EventQueue (EventQueue.java:fireEvent(216)) - No event handler registered for event TypedEvent{payloadType=DatanodeDetails, name='Datanode_Command_Queue_Updated'}
2022-12-06 16:26:21,900 [EventQueue-CommandQueueReportForCommandQueueReportHandler] WARN  events.EventQueue (EventQueue.java:fireEvent(216)) - No event handler registered for event TypedEvent{payloadType=DatanodeDetails, name='Datanode_Command_Queue_Updated'}
2022-12-06 16:26:22,284 [EventQueue-CommandQueueReportForCommandQueueReportHandler] WARN  events.EventQueue (EventQueue.java:fireEvent(216)) - No event handler registered for event TypedEvent{payloadType=DatanodeDetails, name='Datanode_Command_Queue_Updated'}
2022-12-06 16:26:22,328 [EventQueue-CommandQueueReportForCommandQueueReportHandler] WARN  events.EventQueue (EventQueue.java:fireEvent(216)) - No event handler registered for event TypedEvent{payloadType=DatanodeDetails, name='Datanode_Command_Queue_Updated'}
2022-12-06 16:26:22,384 [EventQueue-CommandQueueReportForCommandQueueReportHandler] WARN  events.EventQueue (EventQueue.java:fireEvent(216)) - No event handler registered for event TypedEvent{payloadType=DatanodeDetails, name='Datanode_Command_Queue_Updated'}
2022-12-06 16:26:22,430 [EventQueue-CommandQueueReportForCommandQueueReportHandler] WARN  events.EventQueue (EventQueue.java:fireEvent(216)) - No event handler registered for event TypedEvent{payloadType=DatanodeDetails, name='Datanode_Command_Queue_Updated'}
2022-12-06 16:26:22,658 [EventQueue-CommandQueueReportForCommandQueueReportHandler] WARN  events.EventQueue (EventQueue.java:fireEvent(216)) - No event handler registered for event TypedEvent{payloadType=DatanodeDetails, name='Datanode_Command_Queue_Updated'}
2022-12-06 16:26:22,706 [EventQueue-CommandQueueReportForCommandQueueReportHandler] WARN  events.EventQueue (EventQueue.java:fireEvent(216)) - No event handler registered for event TypedEvent{payloadType=DatanodeDetails, name='Datanode_Command_Queue_Updated'}
2022-12-06 16:26:22,810 [EventQueue-CommandQueueReportForCommandQueueReportHandler] WARN  events.EventQueue (EventQueue.java:fireEvent(216)) - No event handler registered for event TypedEvent{payloadType=DatanodeDetails, name='Datanode_Command_Queue_Updated'}
2022-12-06 16:26:22,827 [EventQueue-CommandQueueReportForCommandQueueReportHandler] WARN  events.EventQueue (EventQueue.java:fireEvent(216)) - No event handler registered for event TypedEvent{payloadType=DatanodeDetails, name='Datanode_Command_Queue_Updated'}
2022-12-06 16:26:22,900 [EventQueue-CommandQueueReportForCommandQueueReportHandler] WARN  events.EventQueue (EventQueue.java:fireEvent(216)) - No event handler registered for event TypedEvent{payloadType=DatanodeDetails, name='Datanode_Command_Queue_Updated'}
2022-12-06 16:26:23,284 [EventQueue-CommandQueueReportForCommandQueueReportHandler] WARN  events.EventQueue (EventQueue.java:fireEvent(216)) - No event handler registered for event TypedEvent{payloadType=DatanodeDetails, name='Datanode_Command_Queue_Updated'}
2022-12-06 16:26:23,329 [EventQueue-CommandQueueReportForCommandQueueReportHandler] WARN  events.EventQueue (EventQueue.java:fireEvent(216)) - No event handler registered for event TypedEvent{payloadType=DatanodeDetails, name='Datanode_Command_Queue_Updated'}
2022-12-06 16:26:23,383 [EventQueue-CommandQueueReportForCommandQueueReportHandler] WARN  events.EventQueue (EventQueue.java:fireEvent(216)) - No event handler registered for event TypedEvent{payloadType=DatanodeDetails, name='Datanode_Command_Queue_Updated'}
2022-12-06 16:26:23,431 [EventQueue-CommandQueueReportForCommandQueueReportHandler] WARN  events.EventQueue (EventQueue.java:fireEvent(216)) - No event handler registered for event TypedEvent{payloadType=DatanodeDetails, name='Datanode_Command_Queue_Updated'}
2022-12-06 16:26:23,658 [EventQueue-CommandQueueReportForCommandQueueReportHandler] WARN  events.EventQueue (EventQueue.java:fireEvent(216)) - No event handler registered for event TypedEvent{payloadType=DatanodeDetails, name='Datanode_Command_Queue_Updated'}
2022-12-06 16:26:23,707 [EventQueue-CommandQueueReportForCommandQueueReportHandler] WARN  events.EventQueue (EventQueue.java:fireEvent(216)) - No event handler registered for event TypedEvent{payloadType=DatanodeDetails, name='Datanode_Command_Queue_Updated'}
2022-12-06 16:26:23,811 [EventQueue-CommandQueueReportForCommandQueueReportHandler] WARN  events.EventQueue (EventQueue.java:fireEvent(216)) - No event handler registered for event TypedEvent{payloadType=DatanodeDetails, name='Datanode_Command_Queue_Updated'}
2022-12-06 16:26:23,828 [EventQueue-CommandQueueReportForCommandQueueReportHandler] WARN  events.EventQueue (EventQueue.java:fireEvent(216)) - No event handler registered for event TypedEvent{payloadType=DatanodeDetails, name='Datanode_Command_Queue_Updated'}
2022-12-06 16:26:23,900 [EventQueue-CommandQueueReportForCommandQueueReportHandler] WARN  events.EventQueue (EventQueue.java:fireEvent(216)) - No event handler registered for event TypedEvent{payloadType=DatanodeDetails, name='Datanode_Command_Queue_Updated'}
2022-12-06 16:26:24,284 [EventQueue-CommandQueueReportForCommandQueueReportHandler] WARN  events.EventQueue (EventQueue.java:fireEvent(216)) - No event handler registered for event TypedEvent{payloadType=DatanodeDetails, name='Datanode_Command_Queue_Updated'}
2022-12-06 16:26:24,329 [EventQueue-CommandQueueReportForCommandQueueReportHandler] WARN  events.EventQueue (EventQueue.java:fireEvent(216)) - No event handler registered for event TypedEvent{payloadType=DatanodeDetails, name='Datanode_Command_Queue_Updated'}
2022-12-06 16:26:24,383 [EventQueue-CommandQueueReportForCommandQueueReportHandler] WARN  events.EventQueue (EventQueue.java:fireEvent(216)) - No event handler registered for event TypedEvent{payloadType=DatanodeDetails, name='Datanode_Command_Queue_Updated'}
2022-12-06 16:26:24,431 [EventQueue-CommandQueueReportForCommandQueueReportHandler] WARN  events.EventQueue (EventQueue.java:fireEvent(216)) - No event handler registered for event TypedEvent{payloadType=DatanodeDetails, name='Datanode_Command_Queue_Updated'}
2022-12-06 16:26:24,659 [EventQueue-CommandQueueReportForCommandQueueReportHandler] WARN  events.EventQueue (EventQueue.java:fireEvent(216)) - No event handler registered for event TypedEvent{payloadType=DatanodeDetails, name='Datanode_Command_Queue_Updated'}
2022-12-06 16:26:24,708 [EventQueue-CommandQueueReportForCommandQueueReportHandler] WARN  events.EventQueue (EventQueue.java:fireEvent(216)) - No event handler registered for event TypedEvent{payloadType=DatanodeDetails, name='Datanode_Command_Queue_Updated'}
2022-12-06 16:26:24,811 [EventQueue-CommandQueueReportForCommandQueueReportHandler] WARN  events.EventQueue (EventQueue.java:fireEvent(216)) - No event handler registered for event TypedEvent{payloadType=DatanodeDetails, name='Datanode_Command_Queue_Updated'}
2022-12-06 16:26:24,828 [EventQueue-CommandQueueReportForCommandQueueReportHandler] WARN  events.EventQueue (EventQueue.java:fireEvent(216)) - No event handler registered for event TypedEvent{payloadType=DatanodeDetails, name='Datanode_Command_Queue_Updated'}
2022-12-06 16:26:24,900 [EventQueue-CommandQueueReportForCommandQueueReportHandler] WARN  events.EventQueue (EventQueue.java:fireEvent(216)) - No event handler registered for event TypedEvent{payloadType=DatanodeDetails, name='Datanode_Command_Queue_Updated'}
2022-12-06 16:26:25,285 [EventQueue-CommandQueueReportForCommandQueueReportHandler] WARN  events.EventQueue (EventQueue.java:fireEvent(216)) - No event handler registered for event TypedEvent{payloadType=DatanodeDetails, name='Datanode_Command_Queue_Updated'}
2022-12-06 16:26:25,329 [EventQueue-CommandQueueReportForCommandQueueReportHandler] WARN  events.EventQueue (EventQueue.java:fireEvent(216)) - No event handler registered for event TypedEvent{payloadType=DatanodeDetails, name='Datanode_Command_Queue_Updated'}
2022-12-06 16:26:25,383 [EventQueue-CommandQueueReportForCommandQueueReportHandler] WARN  events.EventQueue (EventQueue.java:fireEvent(216)) - No event handler registered for event TypedEvent{payloadType=DatanodeDetails, name='Datanode_Command_Queue_Updated'}
2022-12-06 16:26:25,431 [EventQueue-CommandQueueReportForCommandQueueReportHandler] WARN  events.EventQueue (EventQueue.java:fireEvent(216)) - No event handler registered for event TypedEvent{payloadType=DatanodeDetails, name='Datanode_Command_Queue_Updated'}
2022-12-06 16:26:25,659 [EventQueue-CommandQueueReportForCommandQueueReportHandler] WARN  events.EventQueue (EventQueue.java:fireEvent(216)) - No event handler registered for event TypedEvent{payloadType=DatanodeDetails, name='Datanode_Command_Queue_Updated'}
2022-12-06 16:26:25,706 [EventQueue-CommandQueueReportForCommandQueueReportHandler] WARN  events.EventQueue (EventQueue.java:fireEvent(216)) - No event handler registered for event TypedEvent{payloadType=DatanodeDetails, name='Datanode_Command_Queue_Updated'}
2022-12-06 16:26:25,811 [EventQueue-CommandQueueReportForCommandQueueReportHandler] WARN  events.EventQueue (EventQueue.java:fireEvent(216)) - No event handler registered for event TypedEvent{payloadType=DatanodeDetails, name='Datanode_Command_Queue_Updated'}
2022-12-06 16:26:25,828 [EventQueue-CommandQueueReportForCommandQueueReportHandler] WARN  events.EventQueue (EventQueue.java:fireEvent(216)) - No event handler registered for event TypedEvent{payloadType=DatanodeDetails, name='Datanode_Command_Queue_Updated'}
2022-12-06 16:26:25,900 [EventQueue-CommandQueueReportForCommandQueueReportHandler] WARN  events.EventQueue (EventQueue.java:fireEvent(216)) - No event handler registered for event TypedEvent{payloadType=DatanodeDetails, name='Datanode_Command_Queue_Updated'}
2022-12-06 16:26:26,285 [EventQueue-CommandQueueReportForCommandQueueReportHandler] WARN  events.EventQueue (EventQueue.java:fireEvent(216)) - No event handler registered for event TypedEvent{payloadType=DatanodeDetails, name='Datanode_Command_Queue_Updated'}
2022-12-06 16:26:26,328 [EventQueue-CommandQueueReportForCommandQueueReportHandler] WARN  events.EventQueue (EventQueue.java:fireEvent(216)) - No event handler registered for event TypedEvent{payloadType=DatanodeDetails, name='Datanode_Command_Queue_Updated'}
2022-12-06 16:26:26,383 [EventQueue-CommandQueueReportForCommandQueueReportHandler] WARN  events.EventQueue (EventQueue.java:fireEvent(216)) - No event handler registered for event TypedEvent{payloadType=DatanodeDetails, name='Datanode_Command_Queue_Updated'}
2022-12-06 16:26:26,433 [EventQueue-CommandQueueReportForCommandQueueReportHandler] WARN  events.EventQueue (EventQueue.java:fireEvent(216)) - No event handler registered for event TypedEvent{payloadType=DatanodeDetails, name='Datanode_Command_Queue_Updated'}
2022-12-06 16:26:26,659 [EventQueue-CommandQueueReportForCommandQueueReportHandler] WARN  events.EventQueue (EventQueue.java:fireEvent(216)) - No event handler registered for event TypedEvent{payloadType=DatanodeDetails, name='Datanode_Command_Queue_Updated'}
2022-12-06 16:26:26,710 [EventQueue-CommandQueueReportForCommandQueueReportHandler] WARN  events.EventQueue (EventQueue.java:fireEvent(216)) - No event handler registered for event TypedEvent{payloadType=DatanodeDetails, name='Datanode_Command_Queue_Updated'}
2022-12-06 16:26:26,811 [EventQueue-CommandQueueReportForCommandQueueReportHandler] WARN  events.EventQueue (EventQueue.java:fireEvent(216)) - No event handler registered for event TypedEvent{payloadType=DatanodeDetails, name='Datanode_Command_Queue_Updated'}
2022-12-06 16:26:26,828 [EventQueue-CommandQueueReportForCommandQueueReportHandler] WARN  events.EventQueue (EventQueue.java:fireEvent(216)) - No event handler registered for event TypedEvent{payloadType=DatanodeDetails, name='Datanode_Command_Queue_Updated'}
2022-12-06 16:26:26,900 [EventQueue-CommandQueueReportForCommandQueueReportHandler] WARN  events.EventQueue (EventQueue.java:fireEvent(216)) - No event handler registered for event TypedEvent{payloadType=DatanodeDetails, name='Datanode_Command_Queue_Updated'}
2022-12-06 16:26:27,285 [EventQueue-CommandQueueReportForCommandQueueReportHandler] WARN  events.EventQueue (EventQueue.java:fireEvent(216)) - No event handler registered for event TypedEvent{payloadType=DatanodeDetails, name='Datanode_Command_Queue_Updated'}
2022-12-06 16:26:27,329 [EventQueue-CommandQueueReportForCommandQueueReportHandler] WARN  events.EventQueue (EventQueue.java:fireEvent(216)) - No event handler registered for event TypedEvent{payloadType=DatanodeDetails, name='Datanode_Command_Queue_Updated'}
2022-12-06 16:26:27,386 [EventQueue-CommandQueueReportForCommandQueueReportHandler] WARN  events.EventQueue (EventQueue.java:fireEvent(216)) - No event handler registered for event TypedEvent{payloadType=DatanodeDetails, name='Datanode_Command_Queue_Updated'}
2022-12-06 16:26:27,433 [EventQueue-CommandQueueReportForCommandQueueReportHandler] WARN  events.EventQueue (EventQueue.java:fireEvent(216)) - No event handler registered for event TypedEvent{payloadType=DatanodeDetails, name='Datanode_Command_Queue_Updated'}
2022-12-06 16:26:27,659 [EventQueue-CommandQueueReportForCommandQueueReportHandler] WARN  events.EventQueue (EventQueue.java:fireEvent(216)) - No event handler registered for event TypedEvent{payloadType=DatanodeDetails, name='Datanode_Command_Queue_Updated'}
2022-12-06 16:26:27,709 [EventQueue-CommandQueueReportForCommandQueueReportHandler] WARN  events.EventQueue (EventQueue.java:fireEvent(216)) - No event handler registered for event TypedEvent{payloadType=DatanodeDetails, name='Datanode_Command_Queue_Updated'}
2022-12-06 16:26:27,812 [EventQueue-CommandQueueReportForCommandQueueReportHandler] WARN  events.EventQueue (EventQueue.java:fireEvent(216)) - No event handler registered for event TypedEvent{payloadType=DatanodeDetails, name='Datanode_Command_Queue_Updated'}
2022-12-06 16:26:27,828 [EventQueue-CommandQueueReportForCommandQueueReportHandler] WARN  events.EventQueue (EventQueue.java:fireEvent(216)) - No event handler registered for event TypedEvent{payloadType=DatanodeDetails, name='Datanode_Command_Queue_Updated'}
2022-12-06 16:26:27,900 [EventQueue-CommandQueueReportForCommandQueueReportHandler] WARN  events.EventQueue (EventQueue.java:fireEvent(216)) - No event handler registered for event TypedEvent{payloadType=DatanodeDetails, name='Datanode_Command_Queue_Updated'}
2022-12-06 16:26:28,286 [EventQueue-CommandQueueReportForCommandQueueReportHandler] WARN  events.EventQueue (EventQueue.java:fireEvent(216)) - No event handler registered for event TypedEvent{payloadType=DatanodeDetails, name='Datanode_Command_Queue_Updated'}
2022-12-06 16:26:28,329 [EventQueue-CommandQueueReportForCommandQueueReportHandler] WARN  events.EventQueue (EventQueue.java:fireEvent(216)) - No event handler registered for event TypedEvent{payloadType=DatanodeDetails, name='Datanode_Command_Queue_Updated'}
2022-12-06 16:26:28,384 [EventQueue-CommandQueueReportForCommandQueueReportHandler] WARN  events.EventQueue (EventQueue.java:fireEvent(216)) - No event handler registered for event TypedEvent{payloadType=DatanodeDetails, name='Datanode_Command_Queue_Updated'}
2022-12-06 16:26:28,433 [EventQueue-CommandQueueReportForCommandQueueReportHandler] WARN  events.EventQueue (EventQueue.java:fireEvent(216)) - No event handler registered for event TypedEvent{payloadType=DatanodeDetails, name='Datanode_Command_Queue_Updated'}
2022-12-06 16:26:28,659 [EventQueue-CommandQueueReportForCommandQueueReportHandler] WARN  events.EventQueue (EventQueue.java:fireEvent(216)) - No event handler registered for event TypedEvent{payloadType=DatanodeDetails, name='Datanode_Command_Queue_Updated'}
2022-12-06 16:26:28,709 [EventQueue-CommandQueueReportForCommandQueueReportHandler] WARN  events.EventQueue (EventQueue.java:fireEvent(216)) - No event handler registered for event TypedEvent{payloadType=DatanodeDetails, name='Datanode_Command_Queue_Updated'}
2022-12-06 16:26:28,812 [EventQueue-CommandQueueReportForCommandQueueReportHandler] WARN  events.EventQueue (EventQueue.java:fireEvent(216)) - No event handler registered for event TypedEvent{payloadType=DatanodeDetails, name='Datanode_Command_Queue_Updated'}
2022-12-06 16:26:28,829 [EventQueue-CommandQueueReportForCommandQueueReportHandler] WARN  events.EventQueue (EventQueue.java:fireEvent(216)) - No event handler registered for event TypedEvent{payloadType=DatanodeDetails, name='Datanode_Command_Queue_Updated'}
2022-12-06 16:26:28,900 [EventQueue-CommandQueueReportForCommandQueueReportHandler] WARN  events.EventQueue (EventQueue.java:fireEvent(216)) - No event handler registered for event TypedEvent{payloadType=DatanodeDetails, name='Datanode_Command_Queue_Updated'}
2022-12-06 16:26:29,286 [EventQueue-CommandQueueReportForCommandQueueReportHandler] WARN  events.EventQueue (EventQueue.java:fireEvent(216)) - No event handler registered for event TypedEvent{payloadType=DatanodeDetails, name='Datanode_Command_Queue_Updated'}
2022-12-06 16:26:29,329 [EventQueue-CommandQueueReportForCommandQueueReportHandler] WARN  events.EventQueue (EventQueue.java:fireEvent(216)) - No event handler registered for event TypedEvent{payloadType=DatanodeDetails, name='Datanode_Command_Queue_Updated'}
2022-12-06 16:26:29,384 [EventQueue-CommandQueueReportForCommandQueueReportHandler] WARN  events.EventQueue (EventQueue.java:fireEvent(216)) - No event handler registered for event TypedEvent{payloadType=DatanodeDetails, name='Datanode_Command_Queue_Updated'}
2022-12-06 16:26:29,433 [EventQueue-CommandQueueReportForCommandQueueReportHandler] WARN  events.EventQueue (EventQueue.java:fireEvent(216)) - No event handler registered for event TypedEvent{payloadType=DatanodeDetails, name='Datanode_Command_Queue_Updated'}
2022-12-06 16:26:29,659 [EventQueue-CommandQueueReportForCommandQueueReportHandler] WARN  events.EventQueue (EventQueue.java:fireEvent(216)) - No event handler registered for event TypedEvent{payloadType=DatanodeDetails, name='Datanode_Command_Queue_Updated'}
2022-12-06 16:26:29,709 [EventQueue-CommandQueueReportForCommandQueueReportHandler] WARN  events.EventQueue (EventQueue.java:fireEvent(216)) - No event handler registered for event TypedEvent{payloadType=DatanodeDetails, name='Datanode_Command_Queue_Updated'}
2022-12-06 16:26:29,812 [EventQueue-CommandQueueReportForCommandQueueReportHandler] WARN  events.EventQueue (EventQueue.java:fireEvent(216)) - No event handler registered for event TypedEvent{payloadType=DatanodeDetails, name='Datanode_Command_Queue_Updated'}
2022-12-06 16:26:29,829 [EventQueue-CommandQueueReportForCommandQueueReportHandler] WARN  events.EventQueue (EventQueue.java:fireEvent(216)) - No event handler registered for event TypedEvent{payloadType=DatanodeDetails, name='Datanode_Command_Queue_Updated'}
2022-12-06 16:26:29,900 [EventQueue-CommandQueueReportForCommandQueueReportHandler] WARN  events.EventQueue (EventQueue.java:fireEvent(216)) - No event handler registered for event TypedEvent{payloadType=DatanodeDetails, name='Datanode_Command_Queue_Updated'}
2022-12-06 16:26:30,286 [EventQueue-CommandQueueReportForCommandQueueReportHandler] WARN  events.EventQueue (EventQueue.java:fireEvent(216)) - No event handler registered for event TypedEvent{payloadType=DatanodeDetails, name='Datanode_Command_Queue_Updated'}
2022-12-06 16:26:30,329 [EventQueue-CommandQueueReportForCommandQueueReportHandler] WARN  events.EventQueue (EventQueue.java:fireEvent(216)) - No event handler registered for event TypedEvent{payloadType=DatanodeDetails, name='Datanode_Command_Queue_Updated'}
2022-12-06 16:26:30,384 [EventQueue-CommandQueueReportForCommandQueueReportHandler] WARN  events.EventQueue (EventQueue.java:fireEvent(216)) - No event handler registered for event TypedEvent{payloadType=DatanodeDetails, name='Datanode_Command_Queue_Updated'}
2022-12-06 16:26:30,433 [EventQueue-CommandQueueReportForCommandQueueReportHandler] WARN  events.EventQueue (EventQueue.java:fireEvent(216)) - No event handler registered for event TypedEvent{payloadType=DatanodeDetails, name='Datanode_Command_Queue_Updated'}
2022-12-06 16:26:30,659 [EventQueue-CommandQueueReportForCommandQueueReportHandler] WARN  events.EventQueue (EventQueue.java:fireEvent(216)) - No event handler registered for event TypedEvent{payloadType=DatanodeDetails, name='Datanode_Command_Queue_Updated'}
2022-12-06 16:26:30,709 [EventQueue-CommandQueueReportForCommandQueueReportHandler] WARN  events.EventQueue (EventQueue.java:fireEvent(216)) - No event handler registered for event TypedEvent{payloadType=DatanodeDetails, name='Datanode_Command_Queue_Updated'}
2022-12-06 16:26:30,812 [EventQueue-CommandQueueReportForCommandQueueReportHandler] WARN  events.EventQueue (EventQueue.java:fireEvent(216)) - No event handler registered for event TypedEvent{payloadType=DatanodeDetails, name='Datanode_Command_Queue_Updated'}
2022-12-06 16:26:30,829 [EventQueue-CommandQueueReportForCommandQueueReportHandler] WARN  events.EventQueue (EventQueue.java:fireEvent(216)) - No event handler registered for event TypedEvent{payloadType=DatanodeDetails, name='Datanode_Command_Queue_Updated'}
2022-12-06 16:26:30,900 [EventQueue-CommandQueueReportForCommandQueueReportHandler] WARN  events.EventQueue (EventQueue.java:fireEvent(216)) - No event handler registered for event TypedEvent{payloadType=DatanodeDetails, name='Datanode_Command_Queue_Updated'}
2022-12-06 16:26:31,286 [EventQueue-CommandQueueReportForCommandQueueReportHandler] WARN  events.EventQueue (EventQueue.java:fireEvent(216)) - No event handler registered for event TypedEvent{payloadType=DatanodeDetails, name='Datanode_Command_Queue_Updated'}
2022-12-06 16:26:31,329 [EventQueue-CommandQueueReportForCommandQueueReportHandler] WARN  events.EventQueue (EventQueue.java:fireEvent(216)) - No event handler registered for event TypedEvent{payloadType=DatanodeDetails, name='Datanode_Command_Queue_Updated'}
2022-12-06 16:26:31,383 [EventQueue-CommandQueueReportForCommandQueueReportHandler] WARN  events.EventQueue (EventQueue.java:fireEvent(216)) - No event handler registered for event TypedEvent{payloadType=DatanodeDetails, name='Datanode_Command_Queue_Updated'}
2022-12-06 16:26:31,433 [EventQueue-CommandQueueReportForCommandQueueReportHandler] WARN  events.EventQueue (EventQueue.java:fireEvent(216)) - No event handler registered for event TypedEvent{payloadType=DatanodeDetails, name='Datanode_Command_Queue_Updated'}
2022-12-06 16:26:31,663 [EventQueue-CommandQueueReportForCommandQueueReportHandler] WARN  events.EventQueue (EventQueue.java:fireEvent(216)) - No event handler registered for event TypedEvent{payloadType=DatanodeDetails, name='Datanode_Command_Queue_Updated'}
2022-12-06 16:26:31,711 [EventQueue-CommandQueueReportForCommandQueueReportHandler] WARN  events.EventQueue (EventQueue.java:fireEvent(216)) - No event handler registered for event TypedEvent{payloadType=DatanodeDetails, name='Datanode_Command_Queue_Updated'}
2022-12-06 16:26:31,812 [EventQueue-CommandQueueReportForCommandQueueReportHandler] WARN  events.EventQueue (EventQueue.java:fireEvent(216)) - No event handler registered for event TypedEvent{payloadType=DatanodeDetails, name='Datanode_Command_Queue_Updated'}
2022-12-06 16:26:31,829 [EventQueue-CommandQueueReportForCommandQueueReportHandler] WARN  events.EventQueue (EventQueue.java:fireEvent(216)) - No event handler registered for event TypedEvent{payloadType=DatanodeDetails, name='Datanode_Command_Queue_Updated'}
2022-12-06 16:26:31,899 [EventQueue-CommandQueueReportForCommandQueueReportHandler] WARN  events.EventQueue (EventQueue.java:fireEvent(216)) - No event handler registered for event TypedEvent{payloadType=DatanodeDetails, name='Datanode_Command_Queue_Updated'}
2022-12-06 16:26:32,286 [EventQueue-CommandQueueReportForCommandQueueReportHandler] WARN  events.EventQueue (EventQueue.java:fireEvent(216)) - No event handler registered for event TypedEvent{payloadType=DatanodeDetails, name='Datanode_Command_Queue_Updated'}
2022-12-06 16:26:32,329 [EventQueue-CommandQueueReportForCommandQueueReportHandler] WARN  events.EventQueue (EventQueue.java:fireEvent(216)) - No event handler registered for event TypedEvent{payloadType=DatanodeDetails, name='Datanode_Command_Queue_Updated'}
2022-12-06 16:26:32,384 [EventQueue-CommandQueueReportForCommandQueueReportHandler] WARN  events.EventQueue (EventQueue.java:fireEvent(216)) - No event handler registered for event TypedEvent{payloadType=DatanodeDetails, name='Datanode_Command_Queue_Updated'}
2022-12-06 16:26:32,433 [EventQueue-CommandQueueReportForCommandQueueReportHandler] WARN  events.EventQueue (EventQueue.java:fireEvent(216)) - No event handler registered for event TypedEvent{payloadType=DatanodeDetails, name='Datanode_Command_Queue_Updated'}
2022-12-06 16:26:32,663 [EventQueue-CommandQueueReportForCommandQueueReportHandler] WARN  events.EventQueue (EventQueue.java:fireEvent(216)) - No event handler registered for event TypedEvent{payloadType=DatanodeDetails, name='Datanode_Command_Queue_Updated'}
2022-12-06 16:26:32,711 [EventQueue-CommandQueueReportForCommandQueueReportHandler] WARN  events.EventQueue (EventQueue.java:fireEvent(216)) - No event handler registered for event TypedEvent{payloadType=DatanodeDetails, name='Datanode_Command_Queue_Updated'}
2022-12-06 16:26:32,813 [EventQueue-CommandQueueReportForCommandQueueReportHandler] WARN  events.EventQueue (EventQueue.java:fireEvent(216)) - No event handler registered for event TypedEvent{payloadType=DatanodeDetails, name='Datanode_Command_Queue_Updated'}
2022-12-06 16:26:32,833 [EventQueue-CommandQueueReportForCommandQueueReportHandler] WARN  events.EventQueue (EventQueue.java:fireEvent(216)) - No event handler registered for event TypedEvent{payloadType=DatanodeDetails, name='Datanode_Command_Queue_Updated'}
2022-12-06 16:26:32,900 [EventQueue-CommandQueueReportForCommandQueueReportHandler] WARN  events.EventQueue (EventQueue.java:fireEvent(216)) - No event handler registered for event TypedEvent{payloadType=DatanodeDetails, name='Datanode_Command_Queue_Updated'}
2022-12-06 16:26:33,285 [EventQueue-CommandQueueReportForCommandQueueReportHandler] WARN  events.EventQueue (EventQueue.java:fireEvent(216)) - No event handler registered for event TypedEvent{payloadType=DatanodeDetails, name='Datanode_Command_Queue_Updated'}
2022-12-06 16:26:33,329 [EventQueue-CommandQueueReportForCommandQueueReportHandler] WARN  events.EventQueue (EventQueue.java:fireEvent(216)) - No event handler registered for event TypedEvent{payloadType=DatanodeDetails, name='Datanode_Command_Queue_Updated'}
2022-12-06 16:26:33,385 [EventQueue-CommandQueueReportForCommandQueueReportHandler] WARN  events.EventQueue (EventQueue.java:fireEvent(216)) - No event handler registered for event TypedEvent{payloadType=DatanodeDetails, name='Datanode_Command_Queue_Updated'}
2022-12-06 16:26:33,433 [EventQueue-CommandQueueReportForCommandQueueReportHandler] WARN  events.EventQueue (EventQueue.java:fireEvent(216)) - No event handler registered for event TypedEvent{payloadType=DatanodeDetails, name='Datanode_Command_Queue_Updated'}
2022-12-06 16:26:33,662 [EventQueue-CommandQueueReportForCommandQueueReportHandler] WARN  events.EventQueue (EventQueue.java:fireEvent(216)) - No event handler registered for event TypedEvent{payloadType=DatanodeDetails, name='Datanode_Command_Queue_Updated'}
2022-12-06 16:26:33,710 [EventQueue-CommandQueueReportForCommandQueueReportHandler] WARN  events.EventQueue (EventQueue.java:fireEvent(216)) - No event handler registered for event TypedEvent{payloadType=DatanodeDetails, name='Datanode_Command_Queue_Updated'}
2022-12-06 16:26:33,811 [EventQueue-CommandQueueReportForCommandQueueReportHandler] WARN  events.EventQueue (EventQueue.java:fireEvent(216)) - No event handler registered for event TypedEvent{payloadType=DatanodeDetails, name='Datanode_Command_Queue_Updated'}
2022-12-06 16:26:33,834 [EventQueue-CommandQueueReportForCommandQueueReportHandler] WARN  events.EventQueue (EventQueue.java:fireEvent(216)) - No event handler registered for event TypedEvent{payloadType=DatanodeDetails, name='Datanode_Command_Queue_Updated'}
2022-12-06 16:26:33,900 [EventQueue-CommandQueueReportForCommandQueueReportHandler] WARN  events.EventQueue (EventQueue.java:fireEvent(216)) - No event handler registered for event TypedEvent{payloadType=DatanodeDetails, name='Datanode_Command_Queue_Updated'}
2022-12-06 16:26:34,286 [EventQueue-CommandQueueReportForCommandQueueReportHandler] WARN  events.EventQueue (EventQueue.java:fireEvent(216)) - No event handler registered for event TypedEvent{payloadType=DatanodeDetails, name='Datanode_Command_Queue_Updated'}
2022-12-06 16:26:34,329 [EventQueue-CommandQueueReportForCommandQueueReportHandler] WARN  events.EventQueue (EventQueue.java:fireEvent(216)) - No event handler registered for event TypedEvent{payloadType=DatanodeDetails, name='Datanode_Command_Queue_Updated'}
2022-12-06 16:26:34,384 [EventQueue-CommandQueueReportForCommandQueueReportHandler] WARN  events.EventQueue (EventQueue.java:fireEvent(216)) - No event handler registered for event TypedEvent{payloadType=DatanodeDetails, name='Datanode_Command_Queue_Updated'}
2022-12-06 16:26:34,433 [EventQueue-CommandQueueReportForCommandQueueReportHandler] WARN  events.EventQueue (EventQueue.java:fireEvent(216)) - No event handler registered for event TypedEvent{payloadType=DatanodeDetails, name='Datanode_Command_Queue_Updated'}
2022-12-06 16:26:34,663 [EventQueue-CommandQueueReportForCommandQueueReportHandler] WARN  events.EventQueue (EventQueue.java:fireEvent(216)) - No event handler registered for event TypedEvent{payloadType=DatanodeDetails, name='Datanode_Command_Queue_Updated'}
2022-12-06 16:26:34,711 [EventQueue-CommandQueueReportForCommandQueueReportHandler] WARN  events.EventQueue (EventQueue.java:fireEvent(216)) - No event handler registered for event TypedEvent{payloadType=DatanodeDetails, name='Datanode_Command_Queue_Updated'}
2022-12-06 16:26:34,811 [EventQueue-CommandQueueReportForCommandQueueReportHandler] WARN  events.EventQueue (EventQueue.java:fireEvent(216)) - No event handler registered for event TypedEvent{payloadType=DatanodeDetails, name='Datanode_Command_Queue_Updated'}
2022-12-06 16:26:34,834 [EventQueue-CommandQueueReportForCommandQueueReportHandler] WARN  events.EventQueue (EventQueue.java:fireEvent(216)) - No event handler registered for event TypedEvent{payloadType=DatanodeDetails, name='Datanode_Command_Queue_Updated'}
2022-12-06 16:26:34,899 [EventQueue-CommandQueueReportForCommandQueueReportHandler] WARN  events.EventQueue (EventQueue.java:fireEvent(216)) - No event handler registered for event TypedEvent{payloadType=DatanodeDetails, name='Datanode_Command_Queue_Updated'}
2022-12-06 16:26:35,286 [EventQueue-CommandQueueReportForCommandQueueReportHandler] WARN  events.EventQueue (EventQueue.java:fireEvent(216)) - No event handler registered for event TypedEvent{payloadType=DatanodeDetails, name='Datanode_Command_Queue_Updated'}
2022-12-06 16:26:35,329 [EventQueue-CommandQueueReportForCommandQueueReportHandler] WARN  events.EventQueue (EventQueue.java:fireEvent(216)) - No event handler registered for event TypedEvent{payloadType=DatanodeDetails, name='Datanode_Command_Queue_Updated'}
2022-12-06 16:26:35,384 [EventQueue-CommandQueueReportForCommandQueueReportHandler] WARN  events.EventQueue (EventQueue.java:fireEvent(216)) - No event handler registered for event TypedEvent{payloadType=DatanodeDetails, name='Datanode_Command_Queue_Updated'}
2022-12-06 16:26:35,433 [EventQueue-CommandQueueReportForCommandQueueReportHandler] WARN  events.EventQueue (EventQueue.java:fireEvent(216)) - No event handler registered for event TypedEvent{payloadType=DatanodeDetails, name='Datanode_Command_Queue_Updated'}
2022-12-06 16:26:35,663 [EventQueue-CommandQueueReportForCommandQueueReportHandler] WARN  events.EventQueue (EventQueue.java:fireEvent(216)) - No event handler registered for event TypedEvent{payloadType=DatanodeDetails, name='Datanode_Command_Queue_Updated'}
2022-12-06 16:26:35,711 [EventQueue-CommandQueueReportForCommandQueueReportHandler] WARN  events.EventQueue (EventQueue.java:fireEvent(216)) - No event handler registered for event TypedEvent{payloadType=DatanodeDetails, name='Datanode_Command_Queue_Updated'}
2022-12-06 16:26:35,812 [EventQueue-CommandQueueReportForCommandQueueReportHandler] WARN  events.EventQueue (EventQueue.java:fireEvent(216)) - No event handler registered for event TypedEvent{payloadType=DatanodeDetails, name='Datanode_Command_Queue_Updated'}
2022-12-06 16:26:35,834 [EventQueue-CommandQueueReportForCommandQueueReportHandler] WARN  events.EventQueue (EventQueue.java:fireEvent(216)) - No event handler registered for event TypedEvent{payloadType=DatanodeDetails, name='Datanode_Command_Queue_Updated'}
2022-12-06 16:26:35,900 [EventQueue-CommandQueueReportForCommandQueueReportHandler] WARN  events.EventQueue (EventQueue.java:fireEvent(216)) - No event handler registered for event TypedEvent{payloadType=DatanodeDetails, name='Datanode_Command_Queue_Updated'}
2022-12-06 16:26:36,286 [EventQueue-CommandQueueReportForCommandQueueReportHandler] WARN  events.EventQueue (EventQueue.java:fireEvent(216)) - No event handler registered for event TypedEvent{payloadType=DatanodeDetails, name='Datanode_Command_Queue_Updated'}
2022-12-06 16:26:36,329 [EventQueue-CommandQueueReportForCommandQueueReportHandler] WARN  events.EventQueue (EventQueue.java:fireEvent(216)) - No event handler registered for event TypedEvent{payloadType=DatanodeDetails, name='Datanode_Command_Queue_Updated'}
2022-12-06 16:26:36,384 [EventQueue-CommandQueueReportForCommandQueueReportHandler] WARN  events.EventQueue (EventQueue.java:fireEvent(216)) - No event handler registered for event TypedEvent{payloadType=DatanodeDetails, name='Datanode_Command_Queue_Updated'}
2022-12-06 16:26:36,433 [EventQueue-CommandQueueReportForCommandQueueReportHandler] WARN  events.EventQueue (EventQueue.java:fireEvent(216)) - No event handler registered for event TypedEvent{payloadType=DatanodeDetails, name='Datanode_Command_Queue_Updated'}
2022-12-06 16:26:36,663 [EventQueue-CommandQueueReportForCommandQueueReportHandler] WARN  events.EventQueue (EventQueue.java:fireEvent(216)) - No event handler registered for event TypedEvent{payloadType=DatanodeDetails, name='Datanode_Command_Queue_Updated'}
2022-12-06 16:26:36,711 [EventQueue-CommandQueueReportForCommandQueueReportHandler] WARN  events.EventQueue (EventQueue.java:fireEvent(216)) - No event handler registered for event TypedEvent{payloadType=DatanodeDetails, name='Datanode_Command_Queue_Updated'}
2022-12-06 16:26:36,812 [EventQueue-CommandQueueReportForCommandQueueReportHandler] WARN  events.EventQueue (EventQueue.java:fireEvent(216)) - No event handler registered for event TypedEvent{payloadType=DatanodeDetails, name='Datanode_Command_Queue_Updated'}
2022-12-06 16:26:36,835 [EventQueue-CommandQueueReportForCommandQueueReportHandler] WARN  events.EventQueue (EventQueue.java:fireEvent(216)) - No event handler registered for event TypedEvent{payloadType=DatanodeDetails, name='Datanode_Command_Queue_Updated'}
2022-12-06 16:26:36,900 [EventQueue-CommandQueueReportForCommandQueueReportHandler] WARN  events.EventQueue (EventQueue.java:fireEvent(216)) - No event handler registered for event TypedEvent{payloadType=DatanodeDetails, name='Datanode_Command_Queue_Updated'}
2022-12-06 16:26:37,285 [EventQueue-CommandQueueReportForCommandQueueReportHandler] WARN  events.EventQueue (EventQueue.java:fireEvent(216)) - No event handler registered for event TypedEvent{payloadType=DatanodeDetails, name='Datanode_Command_Queue_Updated'}
2022-12-06 16:26:37,329 [EventQueue-CommandQueueReportForCommandQueueReportHandler] WARN  events.EventQueue (EventQueue.java:fireEvent(216)) - No event handler registered for event TypedEvent{payloadType=DatanodeDetails, name='Datanode_Command_Queue_Updated'}
2022-12-06 16:26:37,390 [EventQueue-CommandQueueReportForCommandQueueReportHandler] WARN  events.EventQueue (EventQueue.java:fireEvent(216)) - No event handler registered for event TypedEvent{payloadType=DatanodeDetails, name='Datanode_Command_Queue_Updated'}
2022-12-06 16:26:37,433 [EventQueue-CommandQueueReportForCommandQueueReportHandler] WARN  events.EventQueue (EventQueue.java:fireEvent(216)) - No event handler registered for event TypedEvent{payloadType=DatanodeDetails, name='Datanode_Command_Queue_Updated'}
2022-12-06 16:26:37,663 [EventQueue-CommandQueueReportForCommandQueueReportHandler] WARN  events.EventQueue (EventQueue.java:fireEvent(216)) - No event handler registered for event TypedEvent{payloadType=DatanodeDetails, name='Datanode_Command_Queue_Updated'}
2022-12-06 16:26:37,711 [EventQueue-CommandQueueReportForCommandQueueReportHandler] WARN  events.EventQueue (EventQueue.java:fireEvent(216)) - No event handler registered for event TypedEvent{payloadType=DatanodeDetails, name='Datanode_Command_Queue_Updated'}
2022-12-06 16:26:37,812 [EventQueue-CommandQueueReportForCommandQueueReportHandler] WARN  events.EventQueue (EventQueue.java:fireEvent(216)) - No event handler registered for event TypedEvent{payloadType=DatanodeDetails, name='Datanode_Command_Queue_Updated'}
2022-12-06 16:26:37,835 [EventQueue-CommandQueueReportForCommandQueueReportHandler] WARN  events.EventQueue (EventQueue.java:fireEvent(216)) - No event handler registered for event TypedEvent{payloadType=DatanodeDetails, name='Datanode_Command_Queue_Updated'}
2022-12-06 16:26:37,900 [EventQueue-CommandQueueReportForCommandQueueReportHandler] WARN  events.EventQueue (EventQueue.java:fireEvent(216)) - No event handler registered for event TypedEvent{payloadType=DatanodeDetails, name='Datanode_Command_Queue_Updated'}
2022-12-06 16:26:38,286 [EventQueue-CommandQueueReportForCommandQueueReportHandler] WARN  events.EventQueue (EventQueue.java:fireEvent(216)) - No event handler registered for event TypedEvent{payloadType=DatanodeDetails, name='Datanode_Command_Queue_Updated'}
2022-12-06 16:26:38,328 [EventQueue-CommandQueueReportForCommandQueueReportHandler] WARN  events.EventQueue (EventQueue.java:fireEvent(216)) - No event handler registered for event TypedEvent{payloadType=DatanodeDetails, name='Datanode_Command_Queue_Updated'}
2022-12-06 16:26:38,384 [EventQueue-CommandQueueReportForCommandQueueReportHandler] WARN  events.EventQueue (EventQueue.java:fireEvent(216)) - No event handler registered for event TypedEvent{payloadType=DatanodeDetails, name='Datanode_Command_Queue_Updated'}
2022-12-06 16:26:38,433 [EventQueue-CommandQueueReportForCommandQueueReportHandler] WARN  events.EventQueue (EventQueue.java:fireEvent(216)) - No event handler registered for event TypedEvent{payloadType=DatanodeDetails, name='Datanode_Command_Queue_Updated'}
2022-12-06 16:26:38,664 [EventQueue-CommandQueueReportForCommandQueueReportHandler] WARN  events.EventQueue (EventQueue.java:fireEvent(216)) - No event handler registered for event TypedEvent{payloadType=DatanodeDetails, name='Datanode_Command_Queue_Updated'}
2022-12-06 16:26:38,712 [EventQueue-CommandQueueReportForCommandQueueReportHandler] WARN  events.EventQueue (EventQueue.java:fireEvent(216)) - No event handler registered for event TypedEvent{payloadType=DatanodeDetails, name='Datanode_Command_Queue_Updated'}
2022-12-06 16:26:38,812 [EventQueue-CommandQueueReportForCommandQueueReportHandler] WARN  events.EventQueue (EventQueue.java:fireEvent(216)) - No event handler registered for event TypedEvent{payloadType=DatanodeDetails, name='Datanode_Command_Queue_Updated'}
2022-12-06 16:26:38,835 [EventQueue-CommandQueueReportForCommandQueueReportHandler] WARN  events.EventQueue (EventQueue.java:fireEvent(216)) - No event handler registered for event TypedEvent{payloadType=DatanodeDetails, name='Datanode_Command_Queue_Updated'}
2022-12-06 16:26:38,900 [EventQueue-CommandQueueReportForCommandQueueReportHandler] WARN  events.EventQueue (EventQueue.java:fireEvent(216)) - No event handler registered for event TypedEvent{payloadType=DatanodeDetails, name='Datanode_Command_Queue_Updated'}
2022-12-06 16:26:39,291 [EventQueue-CommandQueueReportForCommandQueueReportHandler] WARN  events.EventQueue (EventQueue.java:fireEvent(216)) - No event handler registered for event TypedEvent{payloadType=DatanodeDetails, name='Datanode_Command_Queue_Updated'}
2022-12-06 16:26:39,328 [EventQueue-CommandQueueReportForCommandQueueReportHandler] WARN  events.EventQueue (EventQueue.java:fireEvent(216)) - No event handler registered for event TypedEvent{payloadType=DatanodeDetails, name='Datanode_Command_Queue_Updated'}
2022-12-06 16:26:39,383 [EventQueue-CommandQueueReportForCommandQueueReportHandler] WARN  events.EventQueue (EventQueue.java:fireEvent(216)) - No event handler registered for event TypedEvent{payloadType=DatanodeDetails, name='Datanode_Command_Queue_Updated'}
2022-12-06 16:26:39,433 [EventQueue-CommandQueueReportForCommandQueueReportHandler] WARN  events.EventQueue (EventQueue.java:fireEvent(216)) - No event handler registered for event TypedEvent{payloadType=DatanodeDetails, name='Datanode_Command_Queue_Updated'}
2022-12-06 16:26:39,664 [EventQueue-CommandQueueReportForCommandQueueReportHandler] WARN  events.EventQueue (EventQueue.java:fireEvent(216)) - No event handler registered for event TypedEvent{payloadType=DatanodeDetails, name='Datanode_Command_Queue_Updated'}
2022-12-06 16:26:39,712 [EventQueue-CommandQueueReportForCommandQueueReportHandler] WARN  events.EventQueue (EventQueue.java:fireEvent(216)) - No event handler registered for event TypedEvent{payloadType=DatanodeDetails, name='Datanode_Command_Queue_Updated'}
2022-12-06 16:26:39,811 [EventQueue-CommandQueueReportForCommandQueueReportHandler] WARN  events.EventQueue (EventQueue.java:fireEvent(216)) - No event handler registered for event TypedEvent{payloadType=DatanodeDetails, name='Datanode_Command_Queue_Updated'}
2022-12-06 16:26:39,835 [EventQueue-CommandQueueReportForCommandQueueReportHandler] WARN  events.EventQueue (EventQueue.java:fireEvent(216)) - No event handler registered for event TypedEvent{payloadType=DatanodeDetails, name='Datanode_Command_Queue_Updated'}
2022-12-06 16:26:39,900 [EventQueue-CommandQueueReportForCommandQueueReportHandler] WARN  events.EventQueue (EventQueue.java:fireEvent(216)) - No event handler registered for event TypedEvent{payloadType=DatanodeDetails, name='Datanode_Command_Queue_Updated'}
2022-12-06 16:26:40,291 [EventQueue-CommandQueueReportForCommandQueueReportHandler] WARN  events.EventQueue (EventQueue.java:fireEvent(216)) - No event handler registered for event TypedEvent{payloadType=DatanodeDetails, name='Datanode_Command_Queue_Updated'}
2022-12-06 16:26:40,331 [EventQueue-CommandQueueReportForCommandQueueReportHandler] WARN  events.EventQueue (EventQueue.java:fireEvent(216)) - No event handler registered for event TypedEvent{payloadType=DatanodeDetails, name='Datanode_Command_Queue_Updated'}
2022-12-06 16:26:40,384 [EventQueue-CommandQueueReportForCommandQueueReportHandler] WARN  events.EventQueue (EventQueue.java:fireEvent(216)) - No event handler registered for event TypedEvent{payloadType=DatanodeDetails, name='Datanode_Command_Queue_Updated'}
2022-12-06 16:26:40,433 [EventQueue-CommandQueueReportForCommandQueueReportHandler] WARN  events.EventQueue (EventQueue.java:fireEvent(216)) - No event handler registered for event TypedEvent{payloadType=DatanodeDetails, name='Datanode_Command_Queue_Updated'}
2022-12-06 16:26:40,664 [EventQueue-CommandQueueReportForCommandQueueReportHandler] WARN  events.EventQueue (EventQueue.java:fireEvent(216)) - No event handler registered for event TypedEvent{payloadType=DatanodeDetails, name='Datanode_Command_Queue_Updated'}
2022-12-06 16:26:40,711 [EventQueue-CommandQueueReportForCommandQueueReportHandler] WARN  events.EventQueue (EventQueue.java:fireEvent(216)) - No event handler registered for event TypedEvent{payloadType=DatanodeDetails, name='Datanode_Command_Queue_Updated'}
2022-12-06 16:26:40,812 [EventQueue-CommandQueueReportForCommandQueueReportHandler] WARN  events.EventQueue (EventQueue.java:fireEvent(216)) - No event handler registered for event TypedEvent{payloadType=DatanodeDetails, name='Datanode_Command_Queue_Updated'}
2022-12-06 16:26:40,835 [EventQueue-CommandQueueReportForCommandQueueReportHandler] WARN  events.EventQueue (EventQueue.java:fireEvent(216)) - No event handler registered for event TypedEvent{payloadType=DatanodeDetails, name='Datanode_Command_Queue_Updated'}
2022-12-06 16:26:40,901 [EventQueue-CommandQueueReportForCommandQueueReportHandler] WARN  events.EventQueue (EventQueue.java:fireEvent(216)) - No event handler registered for event TypedEvent{payloadType=DatanodeDetails, name='Datanode_Command_Queue_Updated'}
2022-12-06 16:26:41,291 [EventQueue-CommandQueueReportForCommandQueueReportHandler] WARN  events.EventQueue (EventQueue.java:fireEvent(216)) - No event handler registered for event TypedEvent{payloadType=DatanodeDetails, name='Datanode_Command_Queue_Updated'}
2022-12-06 16:26:41,331 [EventQueue-CommandQueueReportForCommandQueueReportHandler] WARN  events.EventQueue (EventQueue.java:fireEvent(216)) - No event handler registered for event TypedEvent{payloadType=DatanodeDetails, name='Datanode_Command_Queue_Updated'}
2022-12-06 16:26:41,384 [EventQueue-CommandQueueReportForCommandQueueReportHandler] WARN  events.EventQueue (EventQueue.java:fireEvent(216)) - No event handler registered for event TypedEvent{payloadType=DatanodeDetails, name='Datanode_Command_Queue_Updated'}
2022-12-06 16:26:41,434 [EventQueue-CommandQueueReportForCommandQueueReportHandler] WARN  events.EventQueue (EventQueue.java:fireEvent(216)) - No event handler registered for event TypedEvent{payloadType=DatanodeDetails, name='Datanode_Command_Queue_Updated'}
2022-12-06 16:26:41,664 [EventQueue-CommandQueueReportForCommandQueueReportHandler] WARN  events.EventQueue (EventQueue.java:fireEvent(216)) - No event handler registered for event TypedEvent{payloadType=DatanodeDetails, name='Datanode_Command_Queue_Updated'}
2022-12-06 16:26:41,712 [EventQueue-CommandQueueReportForCommandQueueReportHandler] WARN  events.EventQueue (EventQueue.java:fireEvent(216)) - No event handler registered for event TypedEvent{payloadType=DatanodeDetails, name='Datanode_Command_Queue_Updated'}
2022-12-06 16:26:41,812 [EventQueue-CommandQueueReportForCommandQueueReportHandler] WARN  events.EventQueue (EventQueue.java:fireEvent(216)) - No event handler registered for event TypedEvent{payloadType=DatanodeDetails, name='Datanode_Command_Queue_Updated'}
2022-12-06 16:26:41,835 [EventQueue-CommandQueueReportForCommandQueueReportHandler] WARN  events.EventQueue (EventQueue.java:fireEvent(216)) - No event handler registered for event TypedEvent{payloadType=DatanodeDetails, name='Datanode_Command_Queue_Updated'}
2022-12-06 16:26:41,900 [EventQueue-CommandQueueReportForCommandQueueReportHandler] WARN  events.EventQueue (EventQueue.java:fireEvent(216)) - No event handler registered for event TypedEvent{payloadType=DatanodeDetails, name='Datanode_Command_Queue_Updated'}
2022-12-06 16:26:42,291 [EventQueue-CommandQueueReportForCommandQueueReportHandler] WARN  events.EventQueue (EventQueue.java:fireEvent(216)) - No event handler registered for event TypedEvent{payloadType=DatanodeDetails, name='Datanode_Command_Queue_Updated'}
2022-12-06 16:26:42,331 [EventQueue-CommandQueueReportForCommandQueueReportHandler] WARN  events.EventQueue (EventQueue.java:fireEvent(216)) - No event handler registered for event TypedEvent{payloadType=DatanodeDetails, name='Datanode_Command_Queue_Updated'}
2022-12-06 16:26:42,384 [EventQueue-CommandQueueReportForCommandQueueReportHandler] WARN  events.EventQueue (EventQueue.java:fireEvent(216)) - No event handler registered for event TypedEvent{payloadType=DatanodeDetails, name='Datanode_Command_Queue_Updated'}
2022-12-06 16:26:42,434 [EventQueue-CommandQueueReportForCommandQueueReportHandler] WARN  events.EventQueue (EventQueue.java:fireEvent(216)) - No event handler registered for event TypedEvent{payloadType=DatanodeDetails, name='Datanode_Command_Queue_Updated'}
2022-12-06 16:26:42,665 [EventQueue-CommandQueueReportForCommandQueueReportHandler] WARN  events.EventQueue (EventQueue.java:fireEvent(216)) - No event handler registered for event TypedEvent{payloadType=DatanodeDetails, name='Datanode_Command_Queue_Updated'}
2022-12-06 16:26:42,712 [EventQueue-CommandQueueReportForCommandQueueReportHandler] WARN  events.EventQueue (EventQueue.java:fireEvent(216)) - No event handler registered for event TypedEvent{payloadType=DatanodeDetails, name='Datanode_Command_Queue_Updated'}
2022-12-06 16:26:42,812 [EventQueue-CommandQueueReportForCommandQueueReportHandler] WARN  events.EventQueue (EventQueue.java:fireEvent(216)) - No event handler registered for event TypedEvent{payloadType=DatanodeDetails, name='Datanode_Command_Queue_Updated'}
2022-12-06 16:26:42,835 [EventQueue-CommandQueueReportForCommandQueueReportHandler] WARN  events.EventQueue (EventQueue.java:fireEvent(216)) - No event handler registered for event TypedEvent{payloadType=DatanodeDetails, name='Datanode_Command_Queue_Updated'}
2022-12-06 16:26:42,901 [EventQueue-CommandQueueReportForCommandQueueReportHandler] WARN  events.EventQueue (EventQueue.java:fireEvent(216)) - No event handler registered for event TypedEvent{payloadType=DatanodeDetails, name='Datanode_Command_Queue_Updated'}
2022-12-06 16:26:43,291 [EventQueue-CommandQueueReportForCommandQueueReportHandler] WARN  events.EventQueue (EventQueue.java:fireEvent(216)) - No event handler registered for event TypedEvent{payloadType=DatanodeDetails, name='Datanode_Command_Queue_Updated'}
2022-12-06 16:26:43,331 [EventQueue-CommandQueueReportForCommandQueueReportHandler] WARN  events.EventQueue (EventQueue.java:fireEvent(216)) - No event handler registered for event TypedEvent{payloadType=DatanodeDetails, name='Datanode_Command_Queue_Updated'}
2022-12-06 16:26:43,383 [EventQueue-CommandQueueReportForCommandQueueReportHandler] WARN  events.EventQueue (EventQueue.java:fireEvent(216)) - No event handler registered for event TypedEvent{payloadType=DatanodeDetails, name='Datanode_Command_Queue_Updated'}
2022-12-06 16:26:43,434 [EventQueue-CommandQueueReportForCommandQueueReportHandler] WARN  events.EventQueue (EventQueue.java:fireEvent(216)) - No event handler registered for event TypedEvent{payloadType=DatanodeDetails, name='Datanode_Command_Queue_Updated'}
2022-12-06 16:26:43,665 [EventQueue-CommandQueueReportForCommandQueueReportHandler] WARN  events.EventQueue (EventQueue.java:fireEvent(216)) - No event handler registered for event TypedEvent{payloadType=DatanodeDetails, name='Datanode_Command_Queue_Updated'}
2022-12-06 16:26:43,712 [EventQueue-CommandQueueReportForCommandQueueReportHandler] WARN  events.EventQueue (EventQueue.java:fireEvent(216)) - No event handler registered for event TypedEvent{payloadType=DatanodeDetails, name='Datanode_Command_Queue_Updated'}
2022-12-06 16:26:43,812 [EventQueue-CommandQueueReportForCommandQueueReportHandler] WARN  events.EventQueue (EventQueue.java:fireEvent(216)) - No event handler registered for event TypedEvent{payloadType=DatanodeDetails, name='Datanode_Command_Queue_Updated'}
2022-12-06 16:26:43,835 [EventQueue-CommandQueueReportForCommandQueueReportHandler] WARN  events.EventQueue (EventQueue.java:fireEvent(216)) - No event handler registered for event TypedEvent{payloadType=DatanodeDetails, name='Datanode_Command_Queue_Updated'}
2022-12-06 16:26:43,901 [EventQueue-CommandQueueReportForCommandQueueReportHandler] WARN  events.EventQueue (EventQueue.java:fireEvent(216)) - No event handler registered for event TypedEvent{payloadType=DatanodeDetails, name='Datanode_Command_Queue_Updated'}
2022-12-06 16:26:44,291 [EventQueue-CommandQueueReportForCommandQueueReportHandler] WARN  events.EventQueue (EventQueue.java:fireEvent(216)) - No event handler registered for event TypedEvent{payloadType=DatanodeDetails, name='Datanode_Command_Queue_Updated'}
2022-12-06 16:26:44,331 [EventQueue-CommandQueueReportForCommandQueueReportHandler] WARN  events.EventQueue (EventQueue.java:fireEvent(216)) - No event handler registered for event TypedEvent{payloadType=DatanodeDetails, name='Datanode_Command_Queue_Updated'}
2022-12-06 16:26:44,384 [EventQueue-CommandQueueReportForCommandQueueReportHandler] WARN  events.EventQueue (EventQueue.java:fireEvent(216)) - No event handler registered for event TypedEvent{payloadType=DatanodeDetails, name='Datanode_Command_Queue_Updated'}
2022-12-06 16:26:44,434 [EventQueue-CommandQueueReportForCommandQueueReportHandler] WARN  events.EventQueue (EventQueue.java:fireEvent(216)) - No event handler registered for event TypedEvent{payloadType=DatanodeDetails, name='Datanode_Command_Queue_Updated'}
2022-12-06 16:26:44,665 [EventQueue-CommandQueueReportForCommandQueueReportHandler] WARN  events.EventQueue (EventQueue.java:fireEvent(216)) - No event handler registered for event TypedEvent{payloadType=DatanodeDetails, name='Datanode_Command_Queue_Updated'}
2022-12-06 16:26:44,712 [EventQueue-CommandQueueReportForCommandQueueReportHandler] WARN  events.EventQueue (EventQueue.java:fireEvent(216)) - No event handler registered for event TypedEvent{payloadType=DatanodeDetails, name='Datanode_Command_Queue_Updated'}
2022-12-06 16:26:44,813 [EventQueue-CommandQueueReportForCommandQueueReportHandler] WARN  events.EventQueue (EventQueue.java:fireEvent(216)) - No event handler registered for event TypedEvent{payloadType=DatanodeDetails, name='Datanode_Command_Queue_Updated'}
2022-12-06 16:26:44,835 [EventQueue-CommandQueueReportForCommandQueueReportHandler] WARN  events.EventQueue (EventQueue.java:fireEvent(216)) - No event handler registered for event TypedEvent{payloadType=DatanodeDetails, name='Datanode_Command_Queue_Updated'}
2022-12-06 16:26:44,901 [EventQueue-CommandQueueReportForCommandQueueReportHandler] WARN  events.EventQueue (EventQueue.java:fireEvent(216)) - No event handler registered for event TypedEvent{payloadType=DatanodeDetails, name='Datanode_Command_Queue_Updated'}
2022-12-06 16:26:45,291 [EventQueue-CommandQueueReportForCommandQueueReportHandler] WARN  events.EventQueue (EventQueue.java:fireEvent(216)) - No event handler registered for event TypedEvent{payloadType=DatanodeDetails, name='Datanode_Command_Queue_Updated'}
2022-12-06 16:26:45,331 [EventQueue-CommandQueueReportForCommandQueueReportHandler] WARN  events.EventQueue (EventQueue.java:fireEvent(216)) - No event handler registered for event TypedEvent{payloadType=DatanodeDetails, name='Datanode_Command_Queue_Updated'}
2022-12-06 16:26:45,384 [EventQueue-CommandQueueReportForCommandQueueReportHandler] WARN  events.EventQueue (EventQueue.java:fireEvent(216)) - No event handler registered for event TypedEvent{payloadType=DatanodeDetails, name='Datanode_Command_Queue_Updated'}
2022-12-06 16:26:45,434 [EventQueue-CommandQueueReportForCommandQueueReportHandler] WARN  events.EventQueue (EventQueue.java:fireEvent(216)) - No event handler registered for event TypedEvent{payloadType=DatanodeDetails, name='Datanode_Command_Queue_Updated'}
2022-12-06 16:26:45,665 [EventQueue-CommandQueueReportForCommandQueueReportHandler] WARN  events.EventQueue (EventQueue.java:fireEvent(216)) - No event handler registered for event TypedEvent{payloadType=DatanodeDetails, name='Datanode_Command_Queue_Updated'}
2022-12-06 16:26:45,713 [EventQueue-CommandQueueReportForCommandQueueReportHandler] WARN  events.EventQueue (EventQueue.java:fireEvent(216)) - No event handler registered for event TypedEvent{payloadType=DatanodeDetails, name='Datanode_Command_Queue_Updated'}
2022-12-06 16:26:45,814 [EventQueue-CommandQueueReportForCommandQueueReportHandler] WARN  events.EventQueue (EventQueue.java:fireEvent(216)) - No event handler registered for event TypedEvent{payloadType=DatanodeDetails, name='Datanode_Command_Queue_Updated'}
2022-12-06 16:26:45,835 [EventQueue-CommandQueueReportForCommandQueueReportHandler] WARN  events.EventQueue (EventQueue.java:fireEvent(216)) - No event handler registered for event TypedEvent{payloadType=DatanodeDetails, name='Datanode_Command_Queue_Updated'}
2022-12-06 16:26:45,901 [EventQueue-CommandQueueReportForCommandQueueReportHandler] WARN  events.EventQueue (EventQueue.java:fireEvent(216)) - No event handler registered for event TypedEvent{payloadType=DatanodeDetails, name='Datanode_Command_Queue_Updated'}
2022-12-06 16:26:46,291 [EventQueue-CommandQueueReportForCommandQueueReportHandler] WARN  events.EventQueue (EventQueue.java:fireEvent(216)) - No event handler registered for event TypedEvent{payloadType=DatanodeDetails, name='Datanode_Command_Queue_Updated'}
2022-12-06 16:26:46,330 [EventQueue-CommandQueueReportForCommandQueueReportHandler] WARN  events.EventQueue (EventQueue.java:fireEvent(216)) - No event handler registered for event TypedEvent{payloadType=DatanodeDetails, name='Datanode_Command_Queue_Updated'}
2022-12-06 16:26:46,385 [EventQueue-CommandQueueReportForCommandQueueReportHandler] WARN  events.EventQueue (EventQueue.java:fireEvent(216)) - No event handler registered for event TypedEvent{payloadType=DatanodeDetails, name='Datanode_Command_Queue_Updated'}
2022-12-06 16:26:46,434 [EventQueue-CommandQueueReportForCommandQueueReportHandler] WARN  events.EventQueue (EventQueue.java:fireEvent(216)) - No event handler registered for event TypedEvent{payloadType=DatanodeDetails, name='Datanode_Command_Queue_Updated'}
2022-12-06 16:26:46,665 [EventQueue-CommandQueueReportForCommandQueueReportHandler] WARN  events.EventQueue (EventQueue.java:fireEvent(216)) - No event handler registered for event TypedEvent{payloadType=DatanodeDetails, name='Datanode_Command_Queue_Updated'}
2022-12-06 16:26:46,713 [EventQueue-CommandQueueReportForCommandQueueReportHandler] WARN  events.EventQueue (EventQueue.java:fireEvent(216)) - No event handler registered for event TypedEvent{payloadType=DatanodeDetails, name='Datanode_Command_Queue_Updated'}
2022-12-06 16:26:46,814 [EventQueue-CommandQueueReportForCommandQueueReportHandler] WARN  events.EventQueue (EventQueue.java:fireEvent(216)) - No event handler registered for event TypedEvent{payloadType=DatanodeDetails, name='Datanode_Command_Queue_Updated'}
2022-12-06 16:26:46,836 [EventQueue-CommandQueueReportForCommandQueueReportHandler] WARN  events.EventQueue (EventQueue.java:fireEvent(216)) - No event handler registered for event TypedEvent{payloadType=DatanodeDetails, name='Datanode_Command_Queue_Updated'}
2022-12-06 16:26:46,901 [EventQueue-CommandQueueReportForCommandQueueReportHandler] WARN  events.EventQueue (EventQueue.java:fireEvent(216)) - No event handler registered for event TypedEvent{payloadType=DatanodeDetails, name='Datanode_Command_Queue_Updated'}
2022-12-06 16:26:47,291 [EventQueue-CommandQueueReportForCommandQueueReportHandler] WARN  events.EventQueue (EventQueue.java:fireEvent(216)) - No event handler registered for event TypedEvent{payloadType=DatanodeDetails, name='Datanode_Command_Queue_Updated'}
2022-12-06 16:26:47,330 [EventQueue-CommandQueueReportForCommandQueueReportHandler] WARN  events.EventQueue (EventQueue.java:fireEvent(216)) - No event handler registered for event TypedEvent{payloadType=DatanodeDetails, name='Datanode_Command_Queue_Updated'}
2022-12-06 16:26:47,385 [EventQueue-CommandQueueReportForCommandQueueReportHandler] WARN  events.EventQueue (EventQueue.java:fireEvent(216)) - No event handler registered for event TypedEvent{payloadType=DatanodeDetails, name='Datanode_Command_Queue_Updated'}
2022-12-06 16:26:47,434 [EventQueue-CommandQueueReportForCommandQueueReportHandler] WARN  events.EventQueue (EventQueue.java:fireEvent(216)) - No event handler registered for event TypedEvent{payloadType=DatanodeDetails, name='Datanode_Command_Queue_Updated'}
2022-12-06 16:26:47,665 [EventQueue-CommandQueueReportForCommandQueueReportHandler] WARN  events.EventQueue (EventQueue.java:fireEvent(216)) - No event handler registered for event TypedEvent{payloadType=DatanodeDetails, name='Datanode_Command_Queue_Updated'}
2022-12-06 16:26:47,712 [EventQueue-CommandQueueReportForCommandQueueReportHandler] WARN  events.EventQueue (EventQueue.java:fireEvent(216)) - No event handler registered for event TypedEvent{payloadType=DatanodeDetails, name='Datanode_Command_Queue_Updated'}
2022-12-06 16:26:47,815 [EventQueue-CommandQueueReportForCommandQueueReportHandler] WARN  events.EventQueue (EventQueue.java:fireEvent(216)) - No event handler registered for event TypedEvent{payloadType=DatanodeDetails, name='Datanode_Command_Queue_Updated'}
2022-12-06 16:26:47,836 [EventQueue-CommandQueueReportForCommandQueueReportHandler] WARN  events.EventQueue (EventQueue.java:fireEvent(216)) - No event handler registered for event TypedEvent{payloadType=DatanodeDetails, name='Datanode_Command_Queue_Updated'}
2022-12-06 16:26:47,901 [EventQueue-CommandQueueReportForCommandQueueReportHandler] WARN  events.EventQueue (EventQueue.java:fireEvent(216)) - No event handler registered for event TypedEvent{payloadType=DatanodeDetails, name='Datanode_Command_Queue_Updated'}
2022-12-06 16:26:48,290 [EventQueue-CommandQueueReportForCommandQueueReportHandler] WARN  events.EventQueue (EventQueue.java:fireEvent(216)) - No event handler registered for event TypedEvent{payloadType=DatanodeDetails, name='Datanode_Command_Queue_Updated'}
2022-12-06 16:26:48,331 [EventQueue-CommandQueueReportForCommandQueueReportHandler] WARN  events.EventQueue (EventQueue.java:fireEvent(216)) - No event handler registered for event TypedEvent{payloadType=DatanodeDetails, name='Datanode_Command_Queue_Updated'}
2022-12-06 16:26:48,385 [EventQueue-CommandQueueReportForCommandQueueReportHandler] WARN  events.EventQueue (EventQueue.java:fireEvent(216)) - No event handler registered for event TypedEvent{payloadType=DatanodeDetails, name='Datanode_Command_Queue_Updated'}
2022-12-06 16:26:48,434 [EventQueue-CommandQueueReportForCommandQueueReportHandler] WARN  events.EventQueue (EventQueue.java:fireEvent(216)) - No event handler registered for event TypedEvent{payloadType=DatanodeDetails, name='Datanode_Command_Queue_Updated'}
2022-12-06 16:26:48,665 [EventQueue-CommandQueueReportForCommandQueueReportHandler] WARN  events.EventQueue (EventQueue.java:fireEvent(216)) - No event handler registered for event TypedEvent{payloadType=DatanodeDetails, name='Datanode_Command_Queue_Updated'}
2022-12-06 16:26:48,713 [EventQueue-CommandQueueReportForCommandQueueReportHandler] WARN  events.EventQueue (EventQueue.java:fireEvent(216)) - No event handler registered for event TypedEvent{payloadType=DatanodeDetails, name='Datanode_Command_Queue_Updated'}
2022-12-06 16:26:48,817 [EventQueue-CommandQueueReportForCommandQueueReportHandler] WARN  events.EventQueue (EventQueue.java:fireEvent(216)) - No event handler registered for event TypedEvent{payloadType=DatanodeDetails, name='Datanode_Command_Queue_Updated'}
2022-12-06 16:26:48,836 [EventQueue-CommandQueueReportForCommandQueueReportHandler] WARN  events.EventQueue (EventQueue.java:fireEvent(216)) - No event handler registered for event TypedEvent{payloadType=DatanodeDetails, name='Datanode_Command_Queue_Updated'}
2022-12-06 16:26:48,902 [EventQueue-CommandQueueReportForCommandQueueReportHandler] WARN  events.EventQueue (EventQueue.java:fireEvent(216)) - No event handler registered for event TypedEvent{payloadType=DatanodeDetails, name='Datanode_Command_Queue_Updated'}
2022-12-06 16:26:49,292 [EventQueue-CommandQueueReportForCommandQueueReportHandler] WARN  events.EventQueue (EventQueue.java:fireEvent(216)) - No event handler registered for event TypedEvent{payloadType=DatanodeDetails, name='Datanode_Command_Queue_Updated'}
2022-12-06 16:26:49,331 [EventQueue-CommandQueueReportForCommandQueueReportHandler] WARN  events.EventQueue (EventQueue.java:fireEvent(216)) - No event handler registered for event TypedEvent{payloadType=DatanodeDetails, name='Datanode_Command_Queue_Updated'}
2022-12-06 16:26:49,386 [EventQueue-CommandQueueReportForCommandQueueReportHandler] WARN  events.EventQueue (EventQueue.java:fireEvent(216)) - No event handler registered for event TypedEvent{payloadType=DatanodeDetails, name='Datanode_Command_Queue_Updated'}
2022-12-06 16:26:49,435 [EventQueue-CommandQueueReportForCommandQueueReportHandler] WARN  events.EventQueue (EventQueue.java:fireEvent(216)) - No event handler registered for event TypedEvent{payloadType=DatanodeDetails, name='Datanode_Command_Queue_Updated'}
2022-12-06 16:26:49,664 [EventQueue-CommandQueueReportForCommandQueueReportHandler] WARN  events.EventQueue (EventQueue.java:fireEvent(216)) - No event handler registered for event TypedEvent{payloadType=DatanodeDetails, name='Datanode_Command_Queue_Updated'}
2022-12-06 16:26:49,713 [EventQueue-CommandQueueReportForCommandQueueReportHandler] WARN  events.EventQueue (EventQueue.java:fireEvent(216)) - No event handler registered for event TypedEvent{payloadType=DatanodeDetails, name='Datanode_Command_Queue_Updated'}
2022-12-06 16:26:49,820 [EventQueue-CommandQueueReportForCommandQueueReportHandler] WARN  events.EventQueue (EventQueue.java:fireEvent(216)) - No event handler registered for event TypedEvent{payloadType=DatanodeDetails, name='Datanode_Command_Queue_Updated'}
2022-12-06 16:26:49,836 [EventQueue-CommandQueueReportForCommandQueueReportHandler] WARN  events.EventQueue (EventQueue.java:fireEvent(216)) - No event handler registered for event TypedEvent{payloadType=DatanodeDetails, name='Datanode_Command_Queue_Updated'}
2022-12-06 16:26:49,901 [EventQueue-CommandQueueReportForCommandQueueReportHandler] WARN  events.EventQueue (EventQueue.java:fireEvent(216)) - No event handler registered for event TypedEvent{payloadType=DatanodeDetails, name='Datanode_Command_Queue_Updated'}
2022-12-06 16:26:50,291 [EventQueue-CommandQueueReportForCommandQueueReportHandler] WARN  events.EventQueue (EventQueue.java:fireEvent(216)) - No event handler registered for event TypedEvent{payloadType=DatanodeDetails, name='Datanode_Command_Queue_Updated'}
2022-12-06 16:26:50,330 [EventQueue-CommandQueueReportForCommandQueueReportHandler] WARN  events.EventQueue (EventQueue.java:fireEvent(216)) - No event handler registered for event TypedEvent{payloadType=DatanodeDetails, name='Datanode_Command_Queue_Updated'}
2022-12-06 16:26:50,385 [EventQueue-CommandQueueReportForCommandQueueReportHandler] WARN  events.EventQueue (EventQueue.java:fireEvent(216)) - No event handler registered for event TypedEvent{payloadType=DatanodeDetails, name='Datanode_Command_Queue_Updated'}
2022-12-06 16:26:50,435 [EventQueue-CommandQueueReportForCommandQueueReportHandler] WARN  events.EventQueue (EventQueue.java:fireEvent(216)) - No event handler registered for event TypedEvent{payloadType=DatanodeDetails, name='Datanode_Command_Queue_Updated'}
2022-12-06 16:26:50,665 [EventQueue-CommandQueueReportForCommandQueueReportHandler] WARN  events.EventQueue (EventQueue.java:fireEvent(216)) - No event handler registered for event TypedEvent{payloadType=DatanodeDetails, name='Datanode_Command_Queue_Updated'}
2022-12-06 16:26:50,713 [EventQueue-CommandQueueReportForCommandQueueReportHandler] WARN  events.EventQueue (EventQueue.java:fireEvent(216)) - No event handler registered for event TypedEvent{payloadType=DatanodeDetails, name='Datanode_Command_Queue_Updated'}
2022-12-06 16:26:50,824 [EventQueue-CommandQueueReportForCommandQueueReportHandler] WARN  events.EventQueue (EventQueue.java:fireEvent(216)) - No event handler registered for event TypedEvent{payloadType=DatanodeDetails, name='Datanode_Command_Queue_Updated'}
2022-12-06 16:26:50,836 [EventQueue-CommandQueueReportForCommandQueueReportHandler] WARN  events.EventQueue (EventQueue.java:fireEvent(216)) - No event handler registered for event TypedEvent{payloadType=DatanodeDetails, name='Datanode_Command_Queue_Updated'}
2022-12-06 16:26:50,901 [EventQueue-CommandQueueReportForCommandQueueReportHandler] WARN  events.EventQueue (EventQueue.java:fireEvent(216)) - No event handler registered for event TypedEvent{payloadType=DatanodeDetails, name='Datanode_Command_Queue_Updated'}
2022-12-06 16:26:51,292 [EventQueue-CommandQueueReportForCommandQueueReportHandler] WARN  events.EventQueue (EventQueue.java:fireEvent(216)) - No event handler registered for event TypedEvent{payloadType=DatanodeDetails, name='Datanode_Command_Queue_Updated'}
2022-12-06 16:26:51,330 [EventQueue-CommandQueueReportForCommandQueueReportHandler] WARN  events.EventQueue (EventQueue.java:fireEvent(216)) - No event handler registered for event TypedEvent{payloadType=DatanodeDetails, name='Datanode_Command_Queue_Updated'}
2022-12-06 16:26:51,384 [EventQueue-CommandQueueReportForCommandQueueReportHandler] WARN  events.EventQueue (EventQueue.java:fireEvent(216)) - No event handler registered for event TypedEvent{payloadType=DatanodeDetails, name='Datanode_Command_Queue_Updated'}
2022-12-06 16:26:51,435 [EventQueue-CommandQueueReportForCommandQueueReportHandler] WARN  events.EventQueue (EventQueue.java:fireEvent(216)) - No event handler registered for event TypedEvent{payloadType=DatanodeDetails, name='Datanode_Command_Queue_Updated'}
2022-12-06 16:26:51,665 [EventQueue-CommandQueueReportForCommandQueueReportHandler] WARN  events.EventQueue (EventQueue.java:fireEvent(216)) - No event handler registered for event TypedEvent{payloadType=DatanodeDetails, name='Datanode_Command_Queue_Updated'}
2022-12-06 16:26:51,713 [EventQueue-CommandQueueReportForCommandQueueReportHandler] WARN  events.EventQueue (EventQueue.java:fireEvent(216)) - No event handler registered for event TypedEvent{payloadType=DatanodeDetails, name='Datanode_Command_Queue_Updated'}
2022-12-06 16:26:51,820 [EventQueue-CommandQueueReportForCommandQueueReportHandler] WARN  events.EventQueue (EventQueue.java:fireEvent(216)) - No event handler registered for event TypedEvent{payloadType=DatanodeDetails, name='Datanode_Command_Queue_Updated'}
2022-12-06 16:26:51,836 [EventQueue-CommandQueueReportForCommandQueueReportHandler] WARN  events.EventQueue (EventQueue.java:fireEvent(216)) - No event handler registered for event TypedEvent{payloadType=DatanodeDetails, name='Datanode_Command_Queue_Updated'}
2022-12-06 16:26:51,901 [EventQueue-CommandQueueReportForCommandQueueReportHandler] WARN  events.EventQueue (EventQueue.java:fireEvent(216)) - No event handler registered for event TypedEvent{payloadType=DatanodeDetails, name='Datanode_Command_Queue_Updated'}
2022-12-06 16:26:52,292 [EventQueue-CommandQueueReportForCommandQueueReportHandler] WARN  events.EventQueue (EventQueue.java:fireEvent(216)) - No event handler registered for event TypedEvent{payloadType=DatanodeDetails, name='Datanode_Command_Queue_Updated'}
2022-12-06 16:26:52,330 [EventQueue-CommandQueueReportForCommandQueueReportHandler] WARN  events.EventQueue (EventQueue.java:fireEvent(216)) - No event handler registered for event TypedEvent{payloadType=DatanodeDetails, name='Datanode_Command_Queue_Updated'}
2022-12-06 16:26:52,385 [EventQueue-CommandQueueReportForCommandQueueReportHandler] WARN  events.EventQueue (EventQueue.java:fireEvent(216)) - No event handler registered for event TypedEvent{payloadType=DatanodeDetails, name='Datanode_Command_Queue_Updated'}
2022-12-06 16:26:52,434 [EventQueue-CommandQueueReportForCommandQueueReportHandler] WARN  events.EventQueue (EventQueue.java:fireEvent(216)) - No event handler registered for event TypedEvent{payloadType=DatanodeDetails, name='Datanode_Command_Queue_Updated'}
2022-12-06 16:26:52,665 [EventQueue-CommandQueueReportForCommandQueueReportHandler] WARN  events.EventQueue (EventQueue.java:fireEvent(216)) - No event handler registered for event TypedEvent{payloadType=DatanodeDetails, name='Datanode_Command_Queue_Updated'}
2022-12-06 16:26:52,713 [EventQueue-CommandQueueReportForCommandQueueReportHandler] WARN  events.EventQueue (EventQueue.java:fireEvent(216)) - No event handler registered for event TypedEvent{payloadType=DatanodeDetails, name='Datanode_Command_Queue_Updated'}
2022-12-06 16:26:52,821 [EventQueue-CommandQueueReportForCommandQueueReportHandler] WARN  events.EventQueue (EventQueue.java:fireEvent(216)) - No event handler registered for event TypedEvent{payloadType=DatanodeDetails, name='Datanode_Command_Queue_Updated'}
2022-12-06 16:26:52,836 [EventQueue-CommandQueueReportForCommandQueueReportHandler] WARN  events.EventQueue (EventQueue.java:fireEvent(216)) - No event handler registered for event TypedEvent{payloadType=DatanodeDetails, name='Datanode_Command_Queue_Updated'}
2022-12-06 16:26:52,902 [EventQueue-CommandQueueReportForCommandQueueReportHandler] WARN  events.EventQueue (EventQueue.java:fireEvent(216)) - No event handler registered for event TypedEvent{payloadType=DatanodeDetails, name='Datanode_Command_Queue_Updated'}
2022-12-06 16:26:53,292 [EventQueue-CommandQueueReportForCommandQueueReportHandler] WARN  events.EventQueue (EventQueue.java:fireEvent(216)) - No event handler registered for event TypedEvent{payloadType=DatanodeDetails, name='Datanode_Command_Queue_Updated'}
2022-12-06 16:26:53,330 [EventQueue-CommandQueueReportForCommandQueueReportHandler] WARN  events.EventQueue (EventQueue.java:fireEvent(216)) - No event handler registered for event TypedEvent{payloadType=DatanodeDetails, name='Datanode_Command_Queue_Updated'}
2022-12-06 16:26:53,385 [EventQueue-CommandQueueReportForCommandQueueReportHandler] WARN  events.EventQueue (EventQueue.java:fireEvent(216)) - No event handler registered for event TypedEvent{payloadType=DatanodeDetails, name='Datanode_Command_Queue_Updated'}
2022-12-06 16:26:53,434 [EventQueue-CommandQueueReportForCommandQueueReportHandler] WARN  events.EventQueue (EventQueue.java:fireEvent(216)) - No event handler registered for event TypedEvent{payloadType=DatanodeDetails, name='Datanode_Command_Queue_Updated'}
2022-12-06 16:26:53,665 [EventQueue-CommandQueueReportForCommandQueueReportHandler] WARN  events.EventQueue (EventQueue.java:fireEvent(216)) - No event handler registered for event TypedEvent{payloadType=DatanodeDetails, name='Datanode_Command_Queue_Updated'}
2022-12-06 16:26:53,713 [EventQueue-CommandQueueReportForCommandQueueReportHandler] WARN  events.EventQueue (EventQueue.java:fireEvent(216)) - No event handler registered for event TypedEvent{payloadType=DatanodeDetails, name='Datanode_Command_Queue_Updated'}
2022-12-06 16:26:53,821 [EventQueue-CommandQueueReportForCommandQueueReportHandler] WARN  events.EventQueue (EventQueue.java:fireEvent(216)) - No event handler registered for event TypedEvent{payloadType=DatanodeDetails, name='Datanode_Command_Queue_Updated'}
2022-12-06 16:26:53,836 [EventQueue-CommandQueueReportForCommandQueueReportHandler] WARN  events.EventQueue (EventQueue.java:fireEvent(216)) - No event handler registered for event TypedEvent{payloadType=DatanodeDetails, name='Datanode_Command_Queue_Updated'}
2022-12-06 16:26:53,902 [EventQueue-CommandQueueReportForCommandQueueReportHandler] WARN  events.EventQueue (EventQueue.java:fireEvent(216)) - No event handler registered for event TypedEvent{payloadType=DatanodeDetails, name='Datanode_Command_Queue_Updated'}
2022-12-06 16:26:54,292 [EventQueue-CommandQueueReportForCommandQueueReportHandler] WARN  events.EventQueue (EventQueue.java:fireEvent(216)) - No event handler registered for event TypedEvent{payloadType=DatanodeDetails, name='Datanode_Command_Queue_Updated'}
2022-12-06 16:26:54,331 [EventQueue-CommandQueueReportForCommandQueueReportHandler] WARN  events.EventQueue (EventQueue.java:fireEvent(216)) - No event handler registered for event TypedEvent{payloadType=DatanodeDetails, name='Datanode_Command_Queue_Updated'}
2022-12-06 16:26:54,384 [EventQueue-CommandQueueReportForCommandQueueReportHandler] WARN  events.EventQueue (EventQueue.java:fireEvent(216)) - No event handler registered for event TypedEvent{payloadType=DatanodeDetails, name='Datanode_Command_Queue_Updated'}
2022-12-06 16:26:54,435 [EventQueue-CommandQueueReportForCommandQueueReportHandler] WARN  events.EventQueue (EventQueue.java:fireEvent(216)) - No event handler registered for event TypedEvent{payloadType=DatanodeDetails, name='Datanode_Command_Queue_Updated'}
2022-12-06 16:26:54,666 [EventQueue-CommandQueueReportForCommandQueueReportHandler] WARN  events.EventQueue (EventQueue.java:fireEvent(216)) - No event handler registered for event TypedEvent{payloadType=DatanodeDetails, name='Datanode_Command_Queue_Updated'}
2022-12-06 16:26:54,714 [EventQueue-CommandQueueReportForCommandQueueReportHandler] WARN  events.EventQueue (EventQueue.java:fireEvent(216)) - No event handler registered for event TypedEvent{payloadType=DatanodeDetails, name='Datanode_Command_Queue_Updated'}
2022-12-06 16:26:54,822 [EventQueue-CommandQueueReportForCommandQueueReportHandler] WARN  events.EventQueue (EventQueue.java:fireEvent(216)) - No event handler registered for event TypedEvent{payloadType=DatanodeDetails, name='Datanode_Command_Queue_Updated'}
2022-12-06 16:26:54,836 [EventQueue-CommandQueueReportForCommandQueueReportHandler] WARN  events.EventQueue (EventQueue.java:fireEvent(216)) - No event handler registered for event TypedEvent{payloadType=DatanodeDetails, name='Datanode_Command_Queue_Updated'}
2022-12-06 16:26:54,902 [EventQueue-CommandQueueReportForCommandQueueReportHandler] WARN  events.EventQueue (EventQueue.java:fireEvent(216)) - No event handler registered for event TypedEvent{payloadType=DatanodeDetails, name='Datanode_Command_Queue_Updated'}
2022-12-06 16:26:55,292 [EventQueue-CommandQueueReportForCommandQueueReportHandler] WARN  events.EventQueue (EventQueue.java:fireEvent(216)) - No event handler registered for event TypedEvent{payloadType=DatanodeDetails, name='Datanode_Command_Queue_Updated'}
2022-12-06 16:26:55,331 [EventQueue-CommandQueueReportForCommandQueueReportHandler] WARN  events.EventQueue (EventQueue.java:fireEvent(216)) - No event handler registered for event TypedEvent{payloadType=DatanodeDetails, name='Datanode_Command_Queue_Updated'}
2022-12-06 16:26:55,385 [EventQueue-CommandQueueReportForCommandQueueReportHandler] WARN  events.EventQueue (EventQueue.java:fireEvent(216)) - No event handler registered for event TypedEvent{payloadType=DatanodeDetails, name='Datanode_Command_Queue_Updated'}
2022-12-06 16:26:55,435 [EventQueue-CommandQueueReportForCommandQueueReportHandler] WARN  events.EventQueue (EventQueue.java:fireEvent(216)) - No event handler registered for event TypedEvent{payloadType=DatanodeDetails, name='Datanode_Command_Queue_Updated'}
2022-12-06 16:26:55,666 [EventQueue-CommandQueueReportForCommandQueueReportHandler] WARN  events.EventQueue (EventQueue.java:fireEvent(216)) - No event handler registered for event TypedEvent{payloadType=DatanodeDetails, name='Datanode_Command_Queue_Updated'}
2022-12-06 16:26:55,713 [EventQueue-CommandQueueReportForCommandQueueReportHandler] WARN  events.EventQueue (EventQueue.java:fireEvent(216)) - No event handler registered for event TypedEvent{payloadType=DatanodeDetails, name='Datanode_Command_Queue_Updated'}
2022-12-06 16:26:55,821 [EventQueue-CommandQueueReportForCommandQueueReportHandler] WARN  events.EventQueue (EventQueue.java:fireEvent(216)) - No event handler registered for event TypedEvent{payloadType=DatanodeDetails, name='Datanode_Command_Queue_Updated'}
2022-12-06 16:26:55,836 [EventQueue-CommandQueueReportForCommandQueueReportHandler] WARN  events.EventQueue (EventQueue.java:fireEvent(216)) - No event handler registered for event TypedEvent{payloadType=DatanodeDetails, name='Datanode_Command_Queue_Updated'}
2022-12-06 16:26:55,902 [EventQueue-CommandQueueReportForCommandQueueReportHandler] WARN  events.EventQueue (EventQueue.java:fireEvent(216)) - No event handler registered for event TypedEvent{payloadType=DatanodeDetails, name='Datanode_Command_Queue_Updated'}
2022-12-06 16:26:56,293 [EventQueue-CommandQueueReportForCommandQueueReportHandler] WARN  events.EventQueue (EventQueue.java:fireEvent(216)) - No event handler registered for event TypedEvent{payloadType=DatanodeDetails, name='Datanode_Command_Queue_Updated'}
2022-12-06 16:26:56,331 [EventQueue-CommandQueueReportForCommandQueueReportHandler] WARN  events.EventQueue (EventQueue.java:fireEvent(216)) - No event handler registered for event TypedEvent{payloadType=DatanodeDetails, name='Datanode_Command_Queue_Updated'}
2022-12-06 16:26:56,387 [EventQueue-CommandQueueReportForCommandQueueReportHandler] WARN  events.EventQueue (EventQueue.java:fireEvent(216)) - No event handler registered for event TypedEvent{payloadType=DatanodeDetails, name='Datanode_Command_Queue_Updated'}
2022-12-06 16:26:56,438 [EventQueue-CommandQueueReportForCommandQueueReportHandler] WARN  events.EventQueue (EventQueue.java:fireEvent(216)) - No event handler registered for event TypedEvent{payloadType=DatanodeDetails, name='Datanode_Command_Queue_Updated'}
2022-12-06 16:26:56,666 [EventQueue-CommandQueueReportForCommandQueueReportHandler] WARN  events.EventQueue (EventQueue.java:fireEvent(216)) - No event handler registered for event TypedEvent{payloadType=DatanodeDetails, name='Datanode_Command_Queue_Updated'}
2022-12-06 16:26:56,713 [EventQueue-CommandQueueReportForCommandQueueReportHandler] WARN  events.EventQueue (EventQueue.java:fireEvent(216)) - No event handler registered for event TypedEvent{payloadType=DatanodeDetails, name='Datanode_Command_Queue_Updated'}
2022-12-06 16:26:56,823 [EventQueue-CommandQueueReportForCommandQueueReportHandler] WARN  events.EventQueue (EventQueue.java:fireEvent(216)) - No event handler registered for event TypedEvent{payloadType=DatanodeDetails, name='Datanode_Command_Queue_Updated'}
2022-12-06 16:26:56,836 [EventQueue-CommandQueueReportForCommandQueueReportHandler] WARN  events.EventQueue (EventQueue.java:fireEvent(216)) - No event handler registered for event TypedEvent{payloadType=DatanodeDetails, name='Datanode_Command_Queue_Updated'}
2022-12-06 16:26:56,902 [EventQueue-CommandQueueReportForCommandQueueReportHandler] WARN  events.EventQueue (EventQueue.java:fireEvent(216)) - No event handler registered for event TypedEvent{payloadType=DatanodeDetails, name='Datanode_Command_Queue_Updated'}
2022-12-06 16:26:57,293 [EventQueue-CommandQueueReportForCommandQueueReportHandler] WARN  events.EventQueue (EventQueue.java:fireEvent(216)) - No event handler registered for event TypedEvent{payloadType=DatanodeDetails, name='Datanode_Command_Queue_Updated'}
2022-12-06 16:26:57,331 [EventQueue-CommandQueueReportForCommandQueueReportHandler] WARN  events.EventQueue (EventQueue.java:fireEvent(216)) - No event handler registered for event TypedEvent{payloadType=DatanodeDetails, name='Datanode_Command_Queue_Updated'}
2022-12-06 16:26:57,388 [EventQueue-CommandQueueReportForCommandQueueReportHandler] WARN  events.EventQueue (EventQueue.java:fireEvent(216)) - No event handler registered for event TypedEvent{payloadType=DatanodeDetails, name='Datanode_Command_Queue_Updated'}
2022-12-06 16:26:57,435 [EventQueue-CommandQueueReportForCommandQueueReportHandler] WARN  events.EventQueue (EventQueue.java:fireEvent(216)) - No event handler registered for event TypedEvent{payloadType=DatanodeDetails, name='Datanode_Command_Queue_Updated'}
2022-12-06 16:26:57,666 [EventQueue-CommandQueueReportForCommandQueueReportHandler] WARN  events.EventQueue (EventQueue.java:fireEvent(216)) - No event handler registered for event TypedEvent{payloadType=DatanodeDetails, name='Datanode_Command_Queue_Updated'}
2022-12-06 16:26:57,713 [EventQueue-CommandQueueReportForCommandQueueReportHandler] WARN  events.EventQueue (EventQueue.java:fireEvent(216)) - No event handler registered for event TypedEvent{payloadType=DatanodeDetails, name='Datanode_Command_Queue_Updated'}
2022-12-06 16:26:57,827 [EventQueue-CommandQueueReportForCommandQueueReportHandler] WARN  events.EventQueue (EventQueue.java:fireEvent(216)) - No event handler registered for event TypedEvent{payloadType=DatanodeDetails, name='Datanode_Command_Queue_Updated'}
2022-12-06 16:26:57,841 [EventQueue-CommandQueueReportForCommandQueueReportHandler] WARN  events.EventQueue (EventQueue.java:fireEvent(216)) - No event handler registered for event TypedEvent{payloadType=DatanodeDetails, name='Datanode_Command_Queue_Updated'}
2022-12-06 16:26:57,902 [EventQueue-CommandQueueReportForCommandQueueReportHandler] WARN  events.EventQueue (EventQueue.java:fireEvent(216)) - No event handler registered for event TypedEvent{payloadType=DatanodeDetails, name='Datanode_Command_Queue_Updated'}
2022-12-06 16:26:58,294 [EventQueue-CommandQueueReportForCommandQueueReportHandler] WARN  events.EventQueue (EventQueue.java:fireEvent(216)) - No event handler registered for event TypedEvent{payloadType=DatanodeDetails, name='Datanode_Command_Queue_Updated'}
2022-12-06 16:26:58,331 [EventQueue-CommandQueueReportForCommandQueueReportHandler] WARN  events.EventQueue (EventQueue.java:fireEvent(216)) - No event handler registered for event TypedEvent{payloadType=DatanodeDetails, name='Datanode_Command_Queue_Updated'}
2022-12-06 16:26:58,389 [EventQueue-CommandQueueReportForCommandQueueReportHandler] WARN  events.EventQueue (EventQueue.java:fireEvent(216)) - No event handler registered for event TypedEvent{payloadType=DatanodeDetails, name='Datanode_Command_Queue_Updated'}
2022-12-06 16:26:58,436 [EventQueue-CommandQueueReportForCommandQueueReportHandler] WARN  events.EventQueue (EventQueue.java:fireEvent(216)) - No event handler registered for event TypedEvent{payloadType=DatanodeDetails, name='Datanode_Command_Queue_Updated'}
2022-12-06 16:26:58,666 [EventQueue-CommandQueueReportForCommandQueueReportHandler] WARN  events.EventQueue (EventQueue.java:fireEvent(216)) - No event handler registered for event TypedEvent{payloadType=DatanodeDetails, name='Datanode_Command_Queue_Updated'}
2022-12-06 16:26:58,713 [EventQueue-CommandQueueReportForCommandQueueReportHandler] WARN  events.EventQueue (EventQueue.java:fireEvent(216)) - No event handler registered for event TypedEvent{payloadType=DatanodeDetails, name='Datanode_Command_Queue_Updated'}
2022-12-06 16:26:58,822 [EventQueue-CommandQueueReportForCommandQueueReportHandler] WARN  events.EventQueue (EventQueue.java:fireEvent(216)) - No event handler registered for event TypedEvent{payloadType=DatanodeDetails, name='Datanode_Command_Queue_Updated'}
2022-12-06 16:26:58,841 [EventQueue-CommandQueueReportForCommandQueueReportHandler] WARN  events.EventQueue (EventQueue.java:fireEvent(216)) - No event handler registered for event TypedEvent{payloadType=DatanodeDetails, name='Datanode_Command_Queue_Updated'}
2022-12-06 16:26:58,903 [EventQueue-CommandQueueReportForCommandQueueReportHandler] WARN  events.EventQueue (EventQueue.java:fireEvent(216)) - No event handler registered for event TypedEvent{payloadType=DatanodeDetails, name='Datanode_Command_Queue_Updated'}
2022-12-06 16:26:59,293 [EventQueue-CommandQueueReportForCommandQueueReportHandler] WARN  events.EventQueue (EventQueue.java:fireEvent(216)) - No event handler registered for event TypedEvent{payloadType=DatanodeDetails, name='Datanode_Command_Queue_Updated'}
2022-12-06 16:26:59,331 [EventQueue-CommandQueueReportForCommandQueueReportHandler] WARN  events.EventQueue (EventQueue.java:fireEvent(216)) - No event handler registered for event TypedEvent{payloadType=DatanodeDetails, name='Datanode_Command_Queue_Updated'}
2022-12-06 16:26:59,389 [EventQueue-CommandQueueReportForCommandQueueReportHandler] WARN  events.EventQueue (EventQueue.java:fireEvent(216)) - No event handler registered for event TypedEvent{payloadType=DatanodeDetails, name='Datanode_Command_Queue_Updated'}
2022-12-06 16:26:59,436 [EventQueue-CommandQueueReportForCommandQueueReportHandler] WARN  events.EventQueue (EventQueue.java:fireEvent(216)) - No event handler registered for event TypedEvent{payloadType=DatanodeDetails, name='Datanode_Command_Queue_Updated'}
2022-12-06 16:26:59,666 [EventQueue-CommandQueueReportForCommandQueueReportHandler] WARN  events.EventQueue (EventQueue.java:fireEvent(216)) - No event handler registered for event TypedEvent{payloadType=DatanodeDetails, name='Datanode_Command_Queue_Updated'}
2022-12-06 16:26:59,714 [EventQueue-CommandQueueReportForCommandQueueReportHandler] WARN  events.EventQueue (EventQueue.java:fireEvent(216)) - No event handler registered for event TypedEvent{payloadType=DatanodeDetails, name='Datanode_Command_Queue_Updated'}
2022-12-06 16:26:59,822 [EventQueue-CommandQueueReportForCommandQueueReportHandler] WARN  events.EventQueue (EventQueue.java:fireEvent(216)) - No event handler registered for event TypedEvent{payloadType=DatanodeDetails, name='Datanode_Command_Queue_Updated'}
2022-12-06 16:26:59,842 [EventQueue-CommandQueueReportForCommandQueueReportHandler] WARN  events.EventQueue (EventQueue.java:fireEvent(216)) - No event handler registered for event TypedEvent{payloadType=DatanodeDetails, name='Datanode_Command_Queue_Updated'}
2022-12-06 16:26:59,903 [EventQueue-CommandQueueReportForCommandQueueReportHandler] WARN  events.EventQueue (EventQueue.java:fireEvent(216)) - No event handler registered for event TypedEvent{payloadType=DatanodeDetails, name='Datanode_Command_Queue_Updated'}
2022-12-06 16:27:00,293 [EventQueue-CommandQueueReportForCommandQueueReportHandler] WARN  events.EventQueue (EventQueue.java:fireEvent(216)) - No event handler registered for event TypedEvent{payloadType=DatanodeDetails, name='Datanode_Command_Queue_Updated'}
2022-12-06 16:27:00,331 [EventQueue-CommandQueueReportForCommandQueueReportHandler] WARN  events.EventQueue (EventQueue.java:fireEvent(216)) - No event handler registered for event TypedEvent{payloadType=DatanodeDetails, name='Datanode_Command_Queue_Updated'}
2022-12-06 16:27:00,390 [EventQueue-CommandQueueReportForCommandQueueReportHandler] WARN  events.EventQueue (EventQueue.java:fireEvent(216)) - No event handler registered for event TypedEvent{payloadType=DatanodeDetails, name='Datanode_Command_Queue_Updated'}
2022-12-06 16:27:00,436 [EventQueue-CommandQueueReportForCommandQueueReportHandler] WARN  events.EventQueue (EventQueue.java:fireEvent(216)) - No event handler registered for event TypedEvent{payloadType=DatanodeDetails, name='Datanode_Command_Queue_Updated'}
2022-12-06 16:27:00,667 [EventQueue-CommandQueueReportForCommandQueueReportHandler] WARN  events.EventQueue (EventQueue.java:fireEvent(216)) - No event handler registered for event TypedEvent{payloadType=DatanodeDetails, name='Datanode_Command_Queue_Updated'}
2022-12-06 16:27:00,712 [EventQueue-CommandQueueReportForCommandQueueReportHandler] WARN  events.EventQueue (EventQueue.java:fireEvent(216)) - No event handler registered for event TypedEvent{payloadType=DatanodeDetails, name='Datanode_Command_Queue_Updated'}
2022-12-06 16:27:00,822 [EventQueue-CommandQueueReportForCommandQueueReportHandler] WARN  events.EventQueue (EventQueue.java:fireEvent(216)) - No event handler registered for event TypedEvent{payloadType=DatanodeDetails, name='Datanode_Command_Queue_Updated'}
2022-12-06 16:27:00,850 [EventQueue-CommandQueueReportForCommandQueueReportHandler] WARN  events.EventQueue (EventQueue.java:fireEvent(216)) - No event handler registered for event TypedEvent{payloadType=DatanodeDetails, name='Datanode_Command_Queue_Updated'}
2022-12-06 16:27:00,903 [EventQueue-CommandQueueReportForCommandQueueReportHandler] WARN  events.EventQueue (EventQueue.java:fireEvent(216)) - No event handler registered for event TypedEvent{payloadType=DatanodeDetails, name='Datanode_Command_Queue_Updated'}
2022-12-06 16:27:01,293 [EventQueue-CommandQueueReportForCommandQueueReportHandler] WARN  events.EventQueue (EventQueue.java:fireEvent(216)) - No event handler registered for event TypedEvent{payloadType=DatanodeDetails, name='Datanode_Command_Queue_Updated'}
2022-12-06 16:27:01,331 [EventQueue-CommandQueueReportForCommandQueueReportHandler] WARN  events.EventQueue (EventQueue.java:fireEvent(216)) - No event handler registered for event TypedEvent{payloadType=DatanodeDetails, name='Datanode_Command_Queue_Updated'}
2022-12-06 16:27:01,390 [EventQueue-CommandQueueReportForCommandQueueReportHandler] WARN  events.EventQueue (EventQueue.java:fireEvent(216)) - No event handler registered for event TypedEvent{payloadType=DatanodeDetails, name='Datanode_Command_Queue_Updated'}
2022-12-06 16:27:01,436 [EventQueue-CommandQueueReportForCommandQueueReportHandler] WARN  events.EventQueue (EventQueue.java:fireEvent(216)) - No event handler registered for event TypedEvent{payloadType=DatanodeDetails, name='Datanode_Command_Queue_Updated'}
2022-12-06 16:27:01,667 [EventQueue-CommandQueueReportForCommandQueueReportHandler] WARN  events.EventQueue (EventQueue.java:fireEvent(216)) - No event handler registered for event TypedEvent{payloadType=DatanodeDetails, name='Datanode_Command_Queue_Updated'}
2022-12-06 16:27:01,713 [EventQueue-CommandQueueReportForCommandQueueReportHandler] WARN  events.EventQueue (EventQueue.java:fireEvent(216)) - No event handler registered for event TypedEvent{payloadType=DatanodeDetails, name='Datanode_Command_Queue_Updated'}
2022-12-06 16:27:01,822 [EventQueue-CommandQueueReportForCommandQueueReportHandler] WARN  events.EventQueue (EventQueue.java:fireEvent(216)) - No event handler registered for event TypedEvent{payloadType=DatanodeDetails, name='Datanode_Command_Queue_Updated'}
2022-12-06 16:27:01,844 [EventQueue-CommandQueueReportForCommandQueueReportHandler] WARN  events.EventQueue (EventQueue.java:fireEvent(216)) - No event handler registered for event TypedEvent{payloadType=DatanodeDetails, name='Datanode_Command_Queue_Updated'}
2022-12-06 16:27:01,903 [EventQueue-CommandQueueReportForCommandQueueReportHandler] WARN  events.EventQueue (EventQueue.java:fireEvent(216)) - No event handler registered for event TypedEvent{payloadType=DatanodeDetails, name='Datanode_Command_Queue_Updated'}
2022-12-06 16:27:02,293 [EventQueue-CommandQueueReportForCommandQueueReportHandler] WARN  events.EventQueue (EventQueue.java:fireEvent(216)) - No event handler registered for event TypedEvent{payloadType=DatanodeDetails, name='Datanode_Command_Queue_Updated'}
2022-12-06 16:27:02,331 [EventQueue-CommandQueueReportForCommandQueueReportHandler] WARN  events.EventQueue (EventQueue.java:fireEvent(216)) - No event handler registered for event TypedEvent{payloadType=DatanodeDetails, name='Datanode_Command_Queue_Updated'}
2022-12-06 16:27:02,390 [EventQueue-CommandQueueReportForCommandQueueReportHandler] WARN  events.EventQueue (EventQueue.java:fireEvent(216)) - No event handler registered for event TypedEvent{payloadType=DatanodeDetails, name='Datanode_Command_Queue_Updated'}
2022-12-06 16:27:02,436 [EventQueue-CommandQueueReportForCommandQueueReportHandler] WARN  events.EventQueue (EventQueue.java:fireEvent(216)) - No event handler registered for event TypedEvent{payloadType=DatanodeDetails, name='Datanode_Command_Queue_Updated'}
2022-12-06 16:27:02,667 [EventQueue-CommandQueueReportForCommandQueueReportHandler] WARN  events.EventQueue (EventQueue.java:fireEvent(216)) - No event handler registered for event TypedEvent{payloadType=DatanodeDetails, name='Datanode_Command_Queue_Updated'}
2022-12-06 16:27:02,712 [EventQueue-CommandQueueReportForCommandQueueReportHandler] WARN  events.EventQueue (EventQueue.java:fireEvent(216)) - No event handler registered for event TypedEvent{payloadType=DatanodeDetails, name='Datanode_Command_Queue_Updated'}
2022-12-06 16:27:02,822 [EventQueue-CommandQueueReportForCommandQueueReportHandler] WARN  events.EventQueue (EventQueue.java:fireEvent(216)) - No event handler registered for event TypedEvent{payloadType=DatanodeDetails, name='Datanode_Command_Queue_Updated'}
2022-12-06 16:27:02,842 [EventQueue-CommandQueueReportForCommandQueueReportHandler] WARN  events.EventQueue (EventQueue.java:fireEvent(216)) - No event handler registered for event TypedEvent{payloadType=DatanodeDetails, name='Datanode_Command_Queue_Updated'}
2022-12-06 16:27:02,903 [EventQueue-CommandQueueReportForCommandQueueReportHandler] WARN  events.EventQueue (EventQueue.java:fireEvent(216)) - No event handler registered for event TypedEvent{payloadType=DatanodeDetails, name='Datanode_Command_Queue_Updated'}
2022-12-06 16:27:03,295 [EventQueue-CommandQueueReportForCommandQueueReportHandler] WARN  events.EventQueue (EventQueue.java:fireEvent(216)) - No event handler registered for event TypedEvent{payloadType=DatanodeDetails, name='Datanode_Command_Queue_Updated'}
2022-12-06 16:27:03,332 [EventQueue-CommandQueueReportForCommandQueueReportHandler] WARN  events.EventQueue (EventQueue.java:fireEvent(216)) - No event handler registered for event TypedEvent{payloadType=DatanodeDetails, name='Datanode_Command_Queue_Updated'}
2022-12-06 16:27:03,391 [EventQueue-CommandQueueReportForCommandQueueReportHandler] WARN  events.EventQueue (EventQueue.java:fireEvent(216)) - No event handler registered for event TypedEvent{payloadType=DatanodeDetails, name='Datanode_Command_Queue_Updated'}
2022-12-06 16:27:03,437 [EventQueue-CommandQueueReportForCommandQueueReportHandler] WARN  events.EventQueue (EventQueue.java:fireEvent(216)) - No event handler registered for event TypedEvent{payloadType=DatanodeDetails, name='Datanode_Command_Queue_Updated'}
2022-12-06 16:27:03,667 [EventQueue-CommandQueueReportForCommandQueueReportHandler] WARN  events.EventQueue (EventQueue.java:fireEvent(216)) - No event handler registered for event TypedEvent{payloadType=DatanodeDetails, name='Datanode_Command_Queue_Updated'}
2022-12-06 16:27:03,715 [EventQueue-CommandQueueReportForCommandQueueReportHandler] WARN  events.EventQueue (EventQueue.java:fireEvent(216)) - No event handler registered for event TypedEvent{payloadType=DatanodeDetails, name='Datanode_Command_Queue_Updated'}
2022-12-06 16:27:03,822 [EventQueue-CommandQueueReportForCommandQueueReportHandler] WARN  events.EventQueue (EventQueue.java:fireEvent(216)) - No event handler registered for event TypedEvent{payloadType=DatanodeDetails, name='Datanode_Command_Queue_Updated'}
2022-12-06 16:27:03,842 [EventQueue-CommandQueueReportForCommandQueueReportHandler] WARN  events.EventQueue (EventQueue.java:fireEvent(216)) - No event handler registered for event TypedEvent{payloadType=DatanodeDetails, name='Datanode_Command_Queue_Updated'}
2022-12-06 16:27:03,904 [EventQueue-CommandQueueReportForCommandQueueReportHandler] WARN  events.EventQueue (EventQueue.java:fireEvent(216)) - No event handler registered for event TypedEvent{payloadType=DatanodeDetails, name='Datanode_Command_Queue_Updated'}
2022-12-06 16:27:04,293 [EventQueue-CommandQueueReportForCommandQueueReportHandler] WARN  events.EventQueue (EventQueue.java:fireEvent(216)) - No event handler registered for event TypedEvent{payloadType=DatanodeDetails, name='Datanode_Command_Queue_Updated'}
2022-12-06 16:27:04,331 [EventQueue-CommandQueueReportForCommandQueueReportHandler] WARN  events.EventQueue (EventQueue.java:fireEvent(216)) - No event handler registered for event TypedEvent{payloadType=DatanodeDetails, name='Datanode_Command_Queue_Updated'}
2022-12-06 16:27:04,391 [EventQueue-CommandQueueReportForCommandQueueReportHandler] WARN  events.EventQueue (EventQueue.java:fireEvent(216)) - No event handler registered for event TypedEvent{payloadType=DatanodeDetails, name='Datanode_Command_Queue_Updated'}
2022-12-06 16:27:04,439 [EventQueue-CommandQueueReportForCommandQueueReportHandler] WARN  events.EventQueue (EventQueue.java:fireEvent(216)) - No event handler registered for event TypedEvent{payloadType=DatanodeDetails, name='Datanode_Command_Queue_Updated'}
2022-12-06 16:27:04,667 [EventQueue-CommandQueueReportForCommandQueueReportHandler] WARN  events.EventQueue (EventQueue.java:fireEvent(216)) - No event handler registered for event TypedEvent{payloadType=DatanodeDetails, name='Datanode_Command_Queue_Updated'}
2022-12-06 16:27:04,713 [EventQueue-CommandQueueReportForCommandQueueReportHandler] WARN  events.EventQueue (EventQueue.java:fireEvent(216)) - No event handler registered for event TypedEvent{payloadType=DatanodeDetails, name='Datanode_Command_Queue_Updated'}
2022-12-06 16:27:04,822 [EventQueue-CommandQueueReportForCommandQueueReportHandler] WARN  events.EventQueue (EventQueue.java:fireEvent(216)) - No event handler registered for event TypedEvent{payloadType=DatanodeDetails, name='Datanode_Command_Queue_Updated'}
2022-12-06 16:27:04,842 [EventQueue-CommandQueueReportForCommandQueueReportHandler] WARN  events.EventQueue (EventQueue.java:fireEvent(216)) - No event handler registered for event TypedEvent{payloadType=DatanodeDetails, name='Datanode_Command_Queue_Updated'}
2022-12-06 16:27:04,904 [EventQueue-CommandQueueReportForCommandQueueReportHandler] WARN  events.EventQueue (EventQueue.java:fireEvent(216)) - No event handler registered for event TypedEvent{payloadType=DatanodeDetails, name='Datanode_Command_Queue_Updated'}
2022-12-06 16:27:05,293 [EventQueue-CommandQueueReportForCommandQueueReportHandler] WARN  events.EventQueue (EventQueue.java:fireEvent(216)) - No event handler registered for event TypedEvent{payloadType=DatanodeDetails, name='Datanode_Command_Queue_Updated'}
2022-12-06 16:27:05,331 [EventQueue-CommandQueueReportForCommandQueueReportHandler] WARN  events.EventQueue (EventQueue.java:fireEvent(216)) - No event handler registered for event TypedEvent{payloadType=DatanodeDetails, name='Datanode_Command_Queue_Updated'}
2022-12-06 16:27:05,444 [EventQueue-CommandQueueReportForCommandQueueReportHandler] WARN  events.EventQueue (EventQueue.java:fireEvent(216)) - No event handler registered for event TypedEvent{payloadType=DatanodeDetails, name='Datanode_Command_Queue_Updated'}
2022-12-06 16:27:05,444 [EventQueue-CommandQueueReportForCommandQueueReportHandler] WARN  events.EventQueue (EventQueue.java:fireEvent(216)) - No event handler registered for event TypedEvent{payloadType=DatanodeDetails, name='Datanode_Command_Queue_Updated'}
]]></system-out>
  </testcase>
</testsuite>